[{"Plan": {"Node Type": "Limit", "Parallel Aware": false, "Startup Cost": 30004092119.48, "Total Cost": 30004092119.53, "Plan Rows": 20, "Plan Width": 201, "Plans": [{"Node Type": "Sort", "Parent Relationship": "Outer", "Parallel Aware": false, "Startup Cost": 30004092119.48, "Total Cost": 30004093548.21, "Plan Rows": 571494, "Plan Width": 201, "Sort Key": ["(sum((lineitem.l_extendedprice * ('1'::numeric - lineitem.l_discount)))) DESC"], "Plans": [{"Node Type": "Aggregate", "Strategy": "Sorted", "Partial Mode": "Simple", "Parent Relationship": "Outer", "Parallel Aware": false, "Startup Cost": 30004061196.14, "Total Cost": 30004076912.23, "Plan Rows": 571494, "Plan Width": 201, "Group Key": ["customer.c_custkey", "nation.n_name"], "Plans": [{"Node Type": "Sort", "Parent Relationship": "Outer", "Parallel Aware": false, "Startup Cost": 30004061196.14, "Total Cost": 30004062624.88, "Plan Rows": 571494, "Plan Width": 181, "Sort Key": ["customer.c_custkey", "nation.n_name"], "Plans": [{"Node Type": "Nested Loop", "Parent Relationship": "Outer", "Parallel Aware": false, "Join Type": "Inner", "Startup Cost": 30000121519.58, "Total Cost": 30003976801.25, "Plan Rows": 571494, "Plan Width": 181, "Inner Unique": true, "Plans": [{"Node Type": "Nested Loop", "Parent Relationship": "Outer", "Parallel Aware": false, "Join Type": "Inner", "Startup Cost": 20000121519.43, "Total Cost": 20003281461.71, "Plan Rows": 571494, "Plan Width": 159, "Inner Unique": false, "Plans": [{"Node Type": "Hash Join", "Parent Relationship": "Outer", "Parallel Aware": false, "Join Type": "Inner", "Startup Cost": 10000121518.33, "Total Cost": 10000429389.77, "Plan Rows": 579089, "Plan Width": 151, "Inner Unique": true, "Hash Cond": "(orders.o_custkey = customer.c_custkey)", "Plans": [{"Node Type": "Bitmap Heap Scan", "Parent Relationship": "Outer", "Parallel Aware": false, "Relation Name": "orders", "Alias": "orders", "Startup Cost": 7686.2, "Total Cost": 277284.53, "Plan Rows": 579089, "Plan Width": 8, "Recheck Cond": "((o_orderdate >= '1994-05-01'::date) AND (o_orderdate < '1994-08-01 00:00:00'::timestamp without time zone))", "Plans": [{"Node Type": "Bitmap Index Scan", "Parent Relationship": "Outer", "Parallel Aware": false, "Index Name": "idx_orders_orderdate", "Startup Cost": 0.0, "Total Cost": 7541.43, "Plan Rows": 579089, "Plan Width": 0, "Index Cond": "((o_orderdate >= '1994-05-01'::date) AND (o_orderdate < '1994-08-01 00:00:00'::timestamp without time zone))"}]}, {"Node Type": "Hash", "Parent Relationship": "Inner", "Parallel Aware": false, "Startup Cost": 10000062855.13, "Total Cost": 10000062855.13, "Plan Rows": 1500000, "Plan Width": 147, "Plans": [{"Node Type": "Index Scan", "Parent Relationship": "Outer", "Parallel Aware": false, "Scan Direction": "Forward", "Index Name": "customer_pkey", "Relation Name": "customer", "Alias": "customer", "Startup Cost": 10000000000.43, "Total Cost": 10000062855.13, "Plan Rows": 1500000, "Plan Width": 147}]}]}, {"Node Type": "Bitmap Heap Scan", "Parent Relationship": "Inner", "Parallel Aware": false, "Relation Name": "lineitem", "Alias": "lineitem", "Startup Cost": 1.11, "Total Cost": 4.86, "Plan Rows": 7, "Plan Width": 16, "Recheck Cond": "(l_orderkey = orders.o_orderkey)", "Filter": "(l_returnflag = 'R'::bpchar)", "Plans": [{"Node Type": "Bitmap Index Scan", "Parent Relationship": "Outer", "Parallel Aware": false, "Index Name": "lineitem_pkey", "Startup Cost": 0.0, "Total Cost": 1.1, "Plan Rows": 30, "Plan Width": 0, "Index Cond": "(l_orderkey = orders.o_orderkey)"}]}]}, {"Node Type": "Bitmap Heap Scan", "Parent Relationship": "Inner", "Parallel Aware": false, "Relation Name": "nation", "Alias": "nation", "Startup Cost": 0.15, "Total Cost": 1.26, "Plan Rows": 1, "Plan Width": 30, "Recheck Cond": "(n_nationkey = customer.c_nationkey)", "Plans": [{"Node Type": "Bitmap Index Scan", "Parent Relationship": "Outer", "Parallel Aware": false, "Index Name": "nation_pkey", "Startup Cost": 0.0, "Total Cost": 0.15, "Plan Rows": 1, "Plan Width": 0, "Index Cond": "(n_nationkey = customer.c_nationkey)"}]}]}]}]}]}]}}, {"Plan": {"Node Type": "Limit", "Parallel Aware": false, "Startup Cost": 2319394.72, "Total Cost": 2319394.77, "Plan Rows": 20, "Plan Width": 201, "Plans": [{"Node Type": "Sort", "Parent Relationship": "Outer", "Parallel Aware": false, "Startup Cost": 2319394.72, "Total Cost": 2320823.45, "Plan Rows": 571494, "Plan Width": 201, "Sort Key": ["(sum((lineitem.l_extendedprice * ('1'::numeric - lineitem.l_discount)))) DESC"], "Plans": [{"Node Type": "Aggregate", "Strategy": "Sorted", "Partial Mode": "Finalize", "Parent Relationship": "Outer", "Parallel Aware": false, "Startup Cost": 2221459.06, "Total Cost": 2304187.47, "Plan Rows": 571494, "Plan Width": 201, "Group Key": ["customer.c_custkey", "nation.n_name"], "Plans": [{"Node Type": "Gather Merge", "Parent Relationship": "Outer", "Parallel Aware": false, "Startup Cost": 2221459.06, "Total Cost": 2291513.2, "Plan Rows": 553059, "Plan Width": 201, "Workers Planned": 3, "Plans": [{"Node Type": "Aggregate", "Strategy": "Sorted", "Partial Mode": "Partial", "Parent Relationship": "Outer", "Parallel Aware": false, "Startup Cost": 2220459.02, "Total Cost": 2225528.73, "Plan Rows": 184353, "Plan Width": 201, "Group Key": ["customer.c_custkey", "nation.n_name"], "Plans": [{"Node Type": "Sort", "Parent Relationship": "Outer", "Parallel Aware": false, "Startup Cost": 2220459.02, "Total Cost": 2220919.91, "Plan Rows": 184353, "Plan Width": 181, "Sort Key": ["customer.c_custkey", "nation.n_name"], "Plans": [{"Node Type": "Hash Join", "Parent Relationship": "Outer", "Parallel Aware": false, "Join Type": "Inner", "Startup Cost": 2136046.58, "Total Cost": 2194739.36, "Plan Rows": 184353, "Plan Width": 181, "Inner Unique": true, "Hash Cond": "(customer.c_nationkey = nation.n_nationkey)", "Plans": [{"Node Type": "Hash Join", "Parent Relationship": "Outer", "Parallel Aware": true, "Join Type": "Inner", "Startup Cost": 2136042.46, "Total Cost": 2194169.27, "Plan Rows": 184353, "Plan Width": 159, "Inner Unique": false, "Hash Cond": "(customer.c_custkey = orders.o_custkey)", "Plans": [{"Node Type": "Index Scan", "Parent Relationship": "Outer", "Parallel Aware": true, "Scan Direction": "Forward", "Index Name": "customer_pkey", "Relation Name": "customer", "Alias": "customer", "Startup Cost": 0.43, "Total Cost": 52693.84, "Plan Rows": 483871, "Plan Width": 147}, {"Node Type": "Hash", "Parent Relationship": "Inner", "Parallel Aware": true, "Startup Cost": 2133737.62, "Total Cost": 2133737.62, "Plan Rows": 184353, "Plan Width": 16, "Plans": [{"Node Type": "Hash Join", "Parent Relationship": "Outer", "Parallel Aware": true, "Join Type": "Inner", "Startup Cost": 273735.84, "Total Cost": 2133737.62, "Plan Rows": 184353, "Plan Width": 16, "Inner Unique": true, "Hash Cond": "(lineitem.l_orderkey = orders.o_orderkey)", "Plans": [{"Node Type": "Index Scan", "Parent Relationship": "Outer", "Parallel Aware": true, "Scan Direction": "Forward", "Index Name": "idx_lineitem_orderkey", "Relation Name": "lineitem", "Alias": "lineitem", "Startup Cost": 0.56, "Total Cost": 1847467.97, "Plan Rows": 4774997, "Plan Width": 16, "Filter": "(l_returnflag = 'R'::bpchar)"}, {"Node Type": "Hash", "Parent Relationship": "Inner", "Parallel Aware": true, "Startup Cost": 271400.24, "Total Cost": 271400.24, "Plan Rows": 186803, "Plan Width": 8, "Plans": [{"Node Type": "Bitmap Heap Scan", "Parent Relationship": "Outer", "Parallel Aware": true, "Relation Name": "orders", "Alias": "orders", "Startup Cost": 7686.2, "Total Cost": 271400.24, "Plan Rows": 186803, "Plan Width": 8, "Recheck Cond": "((o_orderdate >= '1994-05-01'::date) AND (o_orderdate < '1994-08-01 00:00:00'::timestamp without time zone))", "Plans": [{"Node Type": "Bitmap Index Scan", "Parent Relationship": "Outer", "Parallel Aware": false, "Index Name": "idx_orders_orderdate", "Startup Cost": 0.0, "Total Cost": 7541.43, "Plan Rows": 579089, "Plan Width": 0, "Index Cond": "((o_orderdate >= '1994-05-01'::date) AND (o_orderdate < '1994-08-01 00:00:00'::timestamp without time zone))"}]}]}]}]}]}, {"Node Type": "Hash", "Parent Relationship": "Inner", "Parallel Aware": false, "Startup Cost": 3.81, "Total Cost": 3.81, "Plan Rows": 25, "Plan Width": 30, "Plans": [{"Node Type": "Index Scan", "Parent Relationship": "Outer", "Parallel Aware": false, "Scan Direction": "Forward", "Index Name": "nation_pkey", "Relation Name": "nation", "Alias": "nation", "Startup Cost": 0.14, "Total Cost": 3.81, "Plan Rows": 25, "Plan Width": 30}]}]}]}]}]}]}]}]}}, {"Plan": {"Node Type": "Limit", "Parallel Aware": false, "Startup Cost": 2319394.72, "Total Cost": 2319394.77, "Plan Rows": 20, "Plan Width": 201, "Plans": [{"Node Type": "Sort", "Parent Relationship": "Outer", "Parallel Aware": false, "Startup Cost": 2319394.72, "Total Cost": 2320823.45, "Plan Rows": 571494, "Plan Width": 201, "Sort Key": ["(sum((lineitem.l_extendedprice * ('1'::numeric - lineitem.l_discount)))) DESC"], "Plans": [{"Node Type": "Aggregate", "Strategy": "Sorted", "Partial Mode": "Finalize", "Parent Relationship": "Outer", "Parallel Aware": false, "Startup Cost": 2221459.06, "Total Cost": 2304187.47, "Plan Rows": 571494, "Plan Width": 201, "Group Key": ["customer.c_custkey", "nation.n_name"], "Plans": [{"Node Type": "Gather Merge", "Parent Relationship": "Outer", "Parallel Aware": false, "Startup Cost": 2221459.06, "Total Cost": 2291513.2, "Plan Rows": 553059, "Plan Width": 201, "Workers Planned": 3, "Plans": [{"Node Type": "Aggregate", "Strategy": "Sorted", "Partial Mode": "Partial", "Parent Relationship": "Outer", "Parallel Aware": false, "Startup Cost": 2220459.02, "Total Cost": 2225528.73, "Plan Rows": 184353, "Plan Width": 201, "Group Key": ["customer.c_custkey", "nation.n_name"], "Plans": [{"Node Type": "Sort", "Parent Relationship": "Outer", "Parallel Aware": false, "Startup Cost": 2220459.02, "Total Cost": 2220919.91, "Plan Rows": 184353, "Plan Width": 181, "Sort Key": ["customer.c_custkey", "nation.n_name"], "Plans": [{"Node Type": "Hash Join", "Parent Relationship": "Outer", "Parallel Aware": false, "Join Type": "Inner", "Startup Cost": 2136046.58, "Total Cost": 2194739.36, "Plan Rows": 184353, "Plan Width": 181, "Inner Unique": true, "Hash Cond": "(customer.c_nationkey = nation.n_nationkey)", "Plans": [{"Node Type": "Hash Join", "Parent Relationship": "Outer", "Parallel Aware": true, "Join Type": "Inner", "Startup Cost": 2136042.46, "Total Cost": 2194169.27, "Plan Rows": 184353, "Plan Width": 159, "Inner Unique": false, "Hash Cond": "(customer.c_custkey = orders.o_custkey)", "Plans": [{"Node Type": "Index Scan", "Parent Relationship": "Outer", "Parallel Aware": true, "Scan Direction": "Forward", "Index Name": "customer_pkey", "Relation Name": "customer", "Alias": "customer", "Startup Cost": 0.43, "Total Cost": 52693.84, "Plan Rows": 483871, "Plan Width": 147}, {"Node Type": "Hash", "Parent Relationship": "Inner", "Parallel Aware": true, "Startup Cost": 2133737.62, "Total Cost": 2133737.62, "Plan Rows": 184353, "Plan Width": 16, "Plans": [{"Node Type": "Hash Join", "Parent Relationship": "Outer", "Parallel Aware": true, "Join Type": "Inner", "Startup Cost": 273735.84, "Total Cost": 2133737.62, "Plan Rows": 184353, "Plan Width": 16, "Inner Unique": true, "Hash Cond": "(lineitem.l_orderkey = orders.o_orderkey)", "Plans": [{"Node Type": "Index Scan", "Parent Relationship": "Outer", "Parallel Aware": true, "Scan Direction": "Forward", "Index Name": "idx_lineitem_orderkey", "Relation Name": "lineitem", "Alias": "lineitem", "Startup Cost": 0.56, "Total Cost": 1847467.97, "Plan Rows": 4774997, "Plan Width": 16, "Filter": "(l_returnflag = 'R'::bpchar)"}, {"Node Type": "Hash", "Parent Relationship": "Inner", "Parallel Aware": true, "Startup Cost": 271400.24, "Total Cost": 271400.24, "Plan Rows": 186803, "Plan Width": 8, "Plans": [{"Node Type": "Bitmap Heap Scan", "Parent Relationship": "Outer", "Parallel Aware": true, "Relation Name": "orders", "Alias": "orders", "Startup Cost": 7686.2, "Total Cost": 271400.24, "Plan Rows": 186803, "Plan Width": 8, "Recheck Cond": "((o_orderdate >= '1994-05-01'::date) AND (o_orderdate < '1994-08-01 00:00:00'::timestamp without time zone))", "Plans": [{"Node Type": "Bitmap Index Scan", "Parent Relationship": "Outer", "Parallel Aware": false, "Index Name": "idx_orders_orderdate", "Startup Cost": 0.0, "Total Cost": 7541.43, "Plan Rows": 579089, "Plan Width": 0, "Index Cond": "((o_orderdate >= '1994-05-01'::date) AND (o_orderdate < '1994-08-01 00:00:00'::timestamp without time zone))"}]}]}]}]}]}, {"Node Type": "Hash", "Parent Relationship": "Inner", "Parallel Aware": false, "Startup Cost": 3.81, "Total Cost": 3.81, "Plan Rows": 25, "Plan Width": 30, "Plans": [{"Node Type": "Index Scan", "Parent Relationship": "Outer", "Parallel Aware": false, "Scan Direction": "Forward", "Index Name": "nation_pkey", "Relation Name": "nation", "Alias": "nation", "Startup Cost": 0.14, "Total Cost": 3.81, "Plan Rows": 25, "Plan Width": 30}]}]}]}]}]}]}]}]}}, {"Plan": {"Node Type": "Limit", "Parallel Aware": false, "Startup Cost": 909858.39, "Total Cost": 909858.44, "Plan Rows": 20, "Plan Width": 201, "Plans": [{"Node Type": "Sort", "Parent Relationship": "Outer", "Parallel Aware": false, "Startup Cost": 909858.39, "Total Cost": 911287.12, "Plan Rows": 571494, "Plan Width": 201, "Sort Key": ["(sum((lineitem.l_extendedprice * ('1'::numeric - lineitem.l_discount)))) DESC"], "Plans": [{"Node Type": "Aggregate", "Strategy": "Sorted", "Partial Mode": "Finalize", "Parent Relationship": "Outer", "Parallel Aware": false, "Startup Cost": 811922.73, "Total Cost": 894651.14, "Plan Rows": 571494, "Plan Width": 201, "Group Key": ["customer.c_custkey", "nation.n_name"], "Plans": [{"Node Type": "Gather Merge", "Parent Relationship": "Outer", "Parallel Aware": false, "Startup Cost": 811922.73, "Total Cost": 881976.87, "Plan Rows": 553059, "Plan Width": 201, "Workers Planned": 3, "Plans": [{"Node Type": "Aggregate", "Strategy": "Sorted", "Partial Mode": "Partial", "Parent Relationship": "Outer", "Parallel Aware": false, "Startup Cost": 810922.69, "Total Cost": 815992.4, "Plan Rows": 184353, "Plan Width": 201, "Group Key": ["customer.c_custkey", "nation.n_name"], "Plans": [{"Node Type": "Sort", "Parent Relationship": "Outer", "Parallel Aware": false, "Startup Cost": 810922.69, "Total Cost": 811383.57, "Plan Rows": 184353, "Plan Width": 181, "Sort Key": ["customer.c_custkey", "nation.n_name"], "Plans": [{"Node Type": "Hash Join", "Parent Relationship": "Outer", "Parallel Aware": false, "Join Type": "Inner", "Startup Cost": 726510.25, "Total Cost": 785203.02, "Plan Rows": 184353, "Plan Width": 181, "Inner Unique": true, "Hash Cond": "(customer.c_nationkey = nation.n_nationkey)", "Plans": [{"Node Type": "Hash Join", "Parent Relationship": "Outer", "Parallel Aware": true, "Join Type": "Inner", "Startup Cost": 726506.13, "Total Cost": 784632.94, "Plan Rows": 184353, "Plan Width": 159, "Inner Unique": false, "Hash Cond": "(customer.c_custkey = orders.o_custkey)", "Plans": [{"Node Type": "Index Scan", "Parent Relationship": "Outer", "Parallel Aware": true, "Scan Direction": "Forward", "Index Name": "customer_pkey", "Relation Name": "customer", "Alias": "customer", "Startup Cost": 0.43, "Total Cost": 52693.84, "Plan Rows": 483871, "Plan Width": 147}, {"Node Type": "Hash", "Parent Relationship": "Inner", "Parallel Aware": true, "Startup Cost": 724201.29, "Total Cost": 724201.29, "Plan Rows": 184353, "Plan Width": 16, "Plans": [{"Node Type": "Nested Loop", "Parent Relationship": "Outer", "Parallel Aware": false, "Join Type": "Inner", "Startup Cost": 7686.76, "Total Cost": 724201.29, "Plan Rows": 184353, "Plan Width": 16, "Inner Unique": false, "Plans": [{"Node Type": "Bitmap Heap Scan", "Parent Relationship": "Outer", "Parallel Aware": true, "Relation Name": "orders", "Alias": "orders", "Startup Cost": 7686.2, "Total Cost": 271400.24, "Plan Rows": 186803, "Plan Width": 8, "Recheck Cond": "((o_orderdate >= '1994-05-01'::date) AND (o_orderdate < '1994-08-01 00:00:00'::timestamp without time zone))", "Plans": [{"Node Type": "Bitmap Index Scan", "Parent Relationship": "Outer", "Parallel Aware": false, "Index Name": "idx_orders_orderdate", "Startup Cost": 0.0, "Total Cost": 7541.43, "Plan Rows": 579089, "Plan Width": 0, "Index Cond": "((o_orderdate >= '1994-05-01'::date) AND (o_orderdate < '1994-08-01 00:00:00'::timestamp without time zone))"}]}, {"Node Type": "Index Scan", "Parent Relationship": "Inner", "Parallel Aware": false, "Scan Direction": "Forward", "Index Name": "idx_lineitem_orderkey", "Relation Name": "lineitem", "Alias": "lineitem", "Startup Cost": 0.56, "Total Cost": 2.35, "Plan Rows": 7, "Plan Width": 16, "Index Cond": "(l_orderkey = orders.o_orderkey)", "Filter": "(l_returnflag = 'R'::bpchar)"}]}]}]}, {"Node Type": "Hash", "Parent Relationship": "Inner", "Parallel Aware": false, "Startup Cost": 3.81, "Total Cost": 3.81, "Plan Rows": 25, "Plan Width": 30, "Plans": [{"Node Type": "Index Scan", "Parent Relationship": "Outer", "Parallel Aware": false, "Scan Direction": "Forward", "Index Name": "nation_pkey", "Relation Name": "nation", "Alias": "nation", "Startup Cost": 0.14, "Total Cost": 3.81, "Plan Rows": 25, "Plan Width": 30}]}]}]}]}]}]}]}]}}, {"Plan": {"Node Type": "Limit", "Parallel Aware": false, "Startup Cost": 1826316.18, "Total Cost": 1826316.23, "Plan Rows": 20, "Plan Width": 201, "Plans": [{"Node Type": "Sort", "Parent Relationship": "Outer", "Parallel Aware": false, "Startup Cost": 1826316.18, "Total Cost": 1827744.92, "Plan Rows": 571494, "Plan Width": 201, "Sort Key": ["(sum((lineitem.l_extendedprice * ('1'::numeric - lineitem.l_discount)))) DESC"], "Plans": [{"Node Type": "Aggregate", "Strategy": "Sorted", "Partial Mode": "Finalize", "Parent Relationship": "Outer", "Parallel Aware": false, "Startup Cost": 1728380.53, "Total Cost": 1811108.93, "Plan Rows": 571494, "Plan Width": 201, "Group Key": ["customer.c_custkey", "nation.n_name"], "Plans": [{"Node Type": "Gather Merge", "Parent Relationship": "Outer", "Parallel Aware": false, "Startup Cost": 1728380.53, "Total Cost": 1798434.67, "Plan Rows": 553059, "Plan Width": 201, "Workers Planned": 3, "Plans": [{"Node Type": "Aggregate", "Strategy": "Sorted", "Partial Mode": "Partial", "Parent Relationship": "Outer", "Parallel Aware": false, "Startup Cost": 1727380.49, "Total Cost": 1732450.2, "Plan Rows": 184353, "Plan Width": 201, "Group Key": ["customer.c_custkey", "nation.n_name"], "Plans": [{"Node Type": "Sort", "Parent Relationship": "Outer", "Parallel Aware": false, "Startup Cost": 1727380.49, "Total Cost": 1727841.37, "Plan Rows": 184353, "Plan Width": 181, "Sort Key": ["customer.c_custkey", "nation.n_name"], "Plans": [{"Node Type": "Hash Join", "Parent Relationship": "Outer", "Parallel Aware": false, "Join Type": "Inner", "Startup Cost": 1654995.75, "Total Cost": 1701660.82, "Plan Rows": 184353, "Plan Width": 181, "Inner Unique": true, "Hash Cond": "(customer.c_nationkey = nation.n_nationkey)", "Plans": [{"Node Type": "Hash Join", "Parent Relationship": "Outer", "Parallel Aware": true, "Join Type": "Inner", "Startup Cost": 1654994.19, "Total Cost": 1701093.3, "Plan Rows": 184353, "Plan Width": 159, "Inner Unique": false, "Hash Cond": "(customer.c_custkey = orders.o_custkey)", "Plans": [{"Node Type": "Seq Scan", "Parent Relationship": "Outer", "Parallel Aware": true, "Relation Name": "customer", "Alias": "customer", "Startup Cost": 0.0, "Total Cost": 40665.71, "Plan Rows": 483871, "Plan Width": 147}, {"Node Type": "Hash", "Parent Relationship": "Inner", "Parallel Aware": true, "Startup Cost": 1652689.77, "Total Cost": 1652689.77, "Plan Rows": 184353, "Plan Width": 16, "Plans": [{"Node Type": "Hash Join", "Parent Relationship": "Outer", "Parallel Aware": true, "Join Type": "Inner", "Startup Cost": 273735.28, "Total Cost": 1652689.77, "Plan Rows": 184353, "Plan Width": 16, "Inner Unique": true, "Hash Cond": "(lineitem.l_orderkey = orders.o_orderkey)", "Plans": [{"Node Type": "Seq Scan", "Parent Relationship": "Outer", "Parallel Aware": true, "Relation Name": "lineitem", "Alias": "lineitem", "Startup Cost": 0.0, "Total Cost": 1366420.13, "Plan Rows": 4774997, "Plan Width": 16, "Filter": "(l_returnflag = 'R'::bpchar)"}, {"Node Type": "Hash", "Parent Relationship": "Inner", "Parallel Aware": true, "Startup Cost": 271400.24, "Total Cost": 271400.24, "Plan Rows": 186803, "Plan Width": 8, "Plans": [{"Node Type": "Bitmap Heap Scan", "Parent Relationship": "Outer", "Parallel Aware": true, "Relation Name": "orders", "Alias": "orders", "Startup Cost": 7686.2, "Total Cost": 271400.24, "Plan Rows": 186803, "Plan Width": 8, "Recheck Cond": "((o_orderdate >= '1994-05-01'::date) AND (o_orderdate < '1994-08-01 00:00:00'::timestamp without time zone))", "Plans": [{"Node Type": "Bitmap Index Scan", "Parent Relationship": "Outer", "Parallel Aware": false, "Index Name": "idx_orders_orderdate", "Startup Cost": 0.0, "Total Cost": 7541.43, "Plan Rows": 579089, "Plan Width": 0, "Index Cond": "((o_orderdate >= '1994-05-01'::date) AND (o_orderdate < '1994-08-01 00:00:00'::timestamp without time zone))"}]}]}]}]}]}, {"Node Type": "Hash", "Parent Relationship": "Inner", "Parallel Aware": false, "Startup Cost": 1.25, "Total Cost": 1.25, "Plan Rows": 25, "Plan Width": 30, "Plans": [{"Node Type": "Seq Scan", "Parent Relationship": "Outer", "Parallel Aware": false, "Relation Name": "nation", "Alias": "nation", "Startup Cost": 0.0, "Total Cost": 1.25, "Plan Rows": 25, "Plan Width": 30}]}]}]}]}]}]}]}]}}, {"Plan": {"Node Type": "Limit", "Parallel Aware": false, "Startup Cost": 909858.39, "Total Cost": 909858.44, "Plan Rows": 20, "Plan Width": 201, "Plans": [{"Node Type": "Sort", "Parent Relationship": "Outer", "Parallel Aware": false, "Startup Cost": 909858.39, "Total Cost": 911287.12, "Plan Rows": 571494, "Plan Width": 201, "Sort Key": ["(sum((lineitem.l_extendedprice * ('1'::numeric - lineitem.l_discount)))) DESC"], "Plans": [{"Node Type": "Aggregate", "Strategy": "Sorted", "Partial Mode": "Finalize", "Parent Relationship": "Outer", "Parallel Aware": false, "Startup Cost": 811922.73, "Total Cost": 894651.14, "Plan Rows": 571494, "Plan Width": 201, "Group Key": ["customer.c_custkey", "nation.n_name"], "Plans": [{"Node Type": "Gather Merge", "Parent Relationship": "Outer", "Parallel Aware": false, "Startup Cost": 811922.73, "Total Cost": 881976.87, "Plan Rows": 553059, "Plan Width": 201, "Workers Planned": 3, "Plans": [{"Node Type": "Aggregate", "Strategy": "Sorted", "Partial Mode": "Partial", "Parent Relationship": "Outer", "Parallel Aware": false, "Startup Cost": 810922.69, "Total Cost": 815992.4, "Plan Rows": 184353, "Plan Width": 201, "Group Key": ["customer.c_custkey", "nation.n_name"], "Plans": [{"Node Type": "Sort", "Parent Relationship": "Outer", "Parallel Aware": false, "Startup Cost": 810922.69, "Total Cost": 811383.57, "Plan Rows": 184353, "Plan Width": 181, "Sort Key": ["customer.c_custkey", "nation.n_name"], "Plans": [{"Node Type": "Hash Join", "Parent Relationship": "Outer", "Parallel Aware": false, "Join Type": "Inner", "Startup Cost": 726510.25, "Total Cost": 785203.02, "Plan Rows": 184353, "Plan Width": 181, "Inner Unique": true, "Hash Cond": "(customer.c_nationkey = nation.n_nationkey)", "Plans": [{"Node Type": "Hash Join", "Parent Relationship": "Outer", "Parallel Aware": true, "Join Type": "Inner", "Startup Cost": 726506.13, "Total Cost": 784632.94, "Plan Rows": 184353, "Plan Width": 159, "Inner Unique": false, "Hash Cond": "(customer.c_custkey = orders.o_custkey)", "Plans": [{"Node Type": "Index Scan", "Parent Relationship": "Outer", "Parallel Aware": true, "Scan Direction": "Forward", "Index Name": "customer_pkey", "Relation Name": "customer", "Alias": "customer", "Startup Cost": 0.43, "Total Cost": 52693.84, "Plan Rows": 483871, "Plan Width": 147}, {"Node Type": "Hash", "Parent Relationship": "Inner", "Parallel Aware": true, "Startup Cost": 724201.29, "Total Cost": 724201.29, "Plan Rows": 184353, "Plan Width": 16, "Plans": [{"Node Type": "Nested Loop", "Parent Relationship": "Outer", "Parallel Aware": false, "Join Type": "Inner", "Startup Cost": 7686.76, "Total Cost": 724201.29, "Plan Rows": 184353, "Plan Width": 16, "Inner Unique": false, "Plans": [{"Node Type": "Bitmap Heap Scan", "Parent Relationship": "Outer", "Parallel Aware": true, "Relation Name": "orders", "Alias": "orders", "Startup Cost": 7686.2, "Total Cost": 271400.24, "Plan Rows": 186803, "Plan Width": 8, "Recheck Cond": "((o_orderdate >= '1994-05-01'::date) AND (o_orderdate < '1994-08-01 00:00:00'::timestamp without time zone))", "Plans": [{"Node Type": "Bitmap Index Scan", "Parent Relationship": "Outer", "Parallel Aware": false, "Index Name": "idx_orders_orderdate", "Startup Cost": 0.0, "Total Cost": 7541.43, "Plan Rows": 579089, "Plan Width": 0, "Index Cond": "((o_orderdate >= '1994-05-01'::date) AND (o_orderdate < '1994-08-01 00:00:00'::timestamp without time zone))"}]}, {"Node Type": "Index Scan", "Parent Relationship": "Inner", "Parallel Aware": false, "Scan Direction": "Forward", "Index Name": "idx_lineitem_orderkey", "Relation Name": "lineitem", "Alias": "lineitem", "Startup Cost": 0.56, "Total Cost": 2.35, "Plan Rows": 7, "Plan Width": 16, "Index Cond": "(l_orderkey = orders.o_orderkey)", "Filter": "(l_returnflag = 'R'::bpchar)"}]}]}]}, {"Node Type": "Hash", "Parent Relationship": "Inner", "Parallel Aware": false, "Startup Cost": 3.81, "Total Cost": 3.81, "Plan Rows": 25, "Plan Width": 30, "Plans": [{"Node Type": "Index Scan", "Parent Relationship": "Outer", "Parallel Aware": false, "Scan Direction": "Forward", "Index Name": "nation_pkey", "Relation Name": "nation", "Alias": "nation", "Startup Cost": 0.14, "Total Cost": 3.81, "Plan Rows": 25, "Plan Width": 30}]}]}]}]}]}]}]}]}}, {"Plan": {"Node Type": "Limit", "Parallel Aware": false, "Startup Cost": 897827.69, "Total Cost": 897827.74, "Plan Rows": 20, "Plan Width": 201, "Plans": [{"Node Type": "Sort", "Parent Relationship": "Outer", "Parallel Aware": false, "Startup Cost": 897827.69, "Total Cost": 899256.43, "Plan Rows": 571494, "Plan Width": 201, "Sort Key": ["(sum((lineitem.l_extendedprice * ('1'::numeric - lineitem.l_discount)))) DESC"], "Plans": [{"Node Type": "Aggregate", "Strategy": "Sorted", "Partial Mode": "Finalize", "Parent Relationship": "Outer", "Parallel Aware": false, "Startup Cost": 799892.04, "Total Cost": 882620.44, "Plan Rows": 571494, "Plan Width": 201, "Group Key": ["customer.c_custkey", "nation.n_name"], "Plans": [{"Node Type": "Gather Merge", "Parent Relationship": "Outer", "Parallel Aware": false, "Startup Cost": 799892.04, "Total Cost": 869946.18, "Plan Rows": 553059, "Plan Width": 201, "Workers Planned": 3, "Plans": [{"Node Type": "Aggregate", "Strategy": "Sorted", "Partial Mode": "Partial", "Parent Relationship": "Outer", "Parallel Aware": false, "Startup Cost": 798892.0, "Total Cost": 803961.71, "Plan Rows": 184353, "Plan Width": 201, "Group Key": ["customer.c_custkey", "nation.n_name"], "Plans": [{"Node Type": "Sort", "Parent Relationship": "Outer", "Parallel Aware": false, "Startup Cost": 798892.0, "Total Cost": 799352.88, "Plan Rows": 184353, "Plan Width": 181, "Sort Key": ["customer.c_custkey", "nation.n_name"], "Plans": [{"Node Type": "Hash Join", "Parent Relationship": "Outer", "Parallel Aware": false, "Join Type": "Inner", "Startup Cost": 726507.26, "Total Cost": 773172.33, "Plan Rows": 184353, "Plan Width": 181, "Inner Unique": true, "Hash Cond": "(customer.c_nationkey = nation.n_nationkey)", "Plans": [{"Node Type": "Hash Join", "Parent Relationship": "Outer", "Parallel Aware": true, "Join Type": "Inner", "Startup Cost": 726505.7, "Total Cost": 772604.81, "Plan Rows": 184353, "Plan Width": 159, "Inner Unique": false, "Hash Cond": "(customer.c_custkey = orders.o_custkey)", "Plans": [{"Node Type": "Seq Scan", "Parent Relationship": "Outer", "Parallel Aware": true, "Relation Name": "customer", "Alias": "customer", "Startup Cost": 0.0, "Total Cost": 40665.71, "Plan Rows": 483871, "Plan Width": 147}, {"Node Type": "Hash", "Parent Relationship": "Inner", "Parallel Aware": true, "Startup Cost": 724201.29, "Total Cost": 724201.29, "Plan Rows": 184353, "Plan Width": 16, "Plans": [{"Node Type": "Nested Loop", "Parent Relationship": "Outer", "Parallel Aware": false, "Join Type": "Inner", "Startup Cost": 7686.76, "Total Cost": 724201.29, "Plan Rows": 184353, "Plan Width": 16, "Inner Unique": false, "Plans": [{"Node Type": "Bitmap Heap Scan", "Parent Relationship": "Outer", "Parallel Aware": true, "Relation Name": "orders", "Alias": "orders", "Startup Cost": 7686.2, "Total Cost": 271400.24, "Plan Rows": 186803, "Plan Width": 8, "Recheck Cond": "((o_orderdate >= '1994-05-01'::date) AND (o_orderdate < '1994-08-01 00:00:00'::timestamp without time zone))", "Plans": [{"Node Type": "Bitmap Index Scan", "Parent Relationship": "Outer", "Parallel Aware": false, "Index Name": "idx_orders_orderdate", "Startup Cost": 0.0, "Total Cost": 7541.43, "Plan Rows": 579089, "Plan Width": 0, "Index Cond": "((o_orderdate >= '1994-05-01'::date) AND (o_orderdate < '1994-08-01 00:00:00'::timestamp without time zone))"}]}, {"Node Type": "Index Scan", "Parent Relationship": "Inner", "Parallel Aware": false, "Scan Direction": "Forward", "Index Name": "idx_lineitem_orderkey", "Relation Name": "lineitem", "Alias": "lineitem", "Startup Cost": 0.56, "Total Cost": 2.35, "Plan Rows": 7, "Plan Width": 16, "Index Cond": "(l_orderkey = orders.o_orderkey)", "Filter": "(l_returnflag = 'R'::bpchar)"}]}]}]}, {"Node Type": "Hash", "Parent Relationship": "Inner", "Parallel Aware": false, "Startup Cost": 1.25, "Total Cost": 1.25, "Plan Rows": 25, "Plan Width": 30, "Plans": [{"Node Type": "Seq Scan", "Parent Relationship": "Outer", "Parallel Aware": false, "Relation Name": "nation", "Alias": "nation", "Startup Cost": 0.0, "Total Cost": 1.25, "Plan Rows": 25, "Plan Width": 30}]}]}]}]}]}]}]}]}}, {"Plan": {"Node Type": "Limit", "Parallel Aware": false, "Startup Cost": 1826316.18, "Total Cost": 1826316.23, "Plan Rows": 20, "Plan Width": 201, "Plans": [{"Node Type": "Sort", "Parent Relationship": "Outer", "Parallel Aware": false, "Startup Cost": 1826316.18, "Total Cost": 1827744.92, "Plan Rows": 571494, "Plan Width": 201, "Sort Key": ["(sum((lineitem.l_extendedprice * ('1'::numeric - lineitem.l_discount)))) DESC"], "Plans": [{"Node Type": "Aggregate", "Strategy": "Sorted", "Partial Mode": "Finalize", "Parent Relationship": "Outer", "Parallel Aware": false, "Startup Cost": 1728380.53, "Total Cost": 1811108.93, "Plan Rows": 571494, "Plan Width": 201, "Group Key": ["customer.c_custkey", "nation.n_name"], "Plans": [{"Node Type": "Gather Merge", "Parent Relationship": "Outer", "Parallel Aware": false, "Startup Cost": 1728380.53, "Total Cost": 1798434.67, "Plan Rows": 553059, "Plan Width": 201, "Workers Planned": 3, "Plans": [{"Node Type": "Aggregate", "Strategy": "Sorted", "Partial Mode": "Partial", "Parent Relationship": "Outer", "Parallel Aware": false, "Startup Cost": 1727380.49, "Total Cost": 1732450.2, "Plan Rows": 184353, "Plan Width": 201, "Group Key": ["customer.c_custkey", "nation.n_name"], "Plans": [{"Node Type": "Sort", "Parent Relationship": "Outer", "Parallel Aware": false, "Startup Cost": 1727380.49, "Total Cost": 1727841.37, "Plan Rows": 184353, "Plan Width": 181, "Sort Key": ["customer.c_custkey", "nation.n_name"], "Plans": [{"Node Type": "Hash Join", "Parent Relationship": "Outer", "Parallel Aware": false, "Join Type": "Inner", "Startup Cost": 1654995.75, "Total Cost": 1701660.82, "Plan Rows": 184353, "Plan Width": 181, "Inner Unique": true, "Hash Cond": "(customer.c_nationkey = nation.n_nationkey)", "Plans": [{"Node Type": "Hash Join", "Parent Relationship": "Outer", "Parallel Aware": true, "Join Type": "Inner", "Startup Cost": 1654994.19, "Total Cost": 1701093.3, "Plan Rows": 184353, "Plan Width": 159, "Inner Unique": false, "Hash Cond": "(customer.c_custkey = orders.o_custkey)", "Plans": [{"Node Type": "Seq Scan", "Parent Relationship": "Outer", "Parallel Aware": true, "Relation Name": "customer", "Alias": "customer", "Startup Cost": 0.0, "Total Cost": 40665.71, "Plan Rows": 483871, "Plan Width": 147}, {"Node Type": "Hash", "Parent Relationship": "Inner", "Parallel Aware": true, "Startup Cost": 1652689.77, "Total Cost": 1652689.77, "Plan Rows": 184353, "Plan Width": 16, "Plans": [{"Node Type": "Hash Join", "Parent Relationship": "Outer", "Parallel Aware": true, "Join Type": "Inner", "Startup Cost": 273735.28, "Total Cost": 1652689.77, "Plan Rows": 184353, "Plan Width": 16, "Inner Unique": true, "Hash Cond": "(lineitem.l_orderkey = orders.o_orderkey)", "Plans": [{"Node Type": "Seq Scan", "Parent Relationship": "Outer", "Parallel Aware": true, "Relation Name": "lineitem", "Alias": "lineitem", "Startup Cost": 0.0, "Total Cost": 1366420.13, "Plan Rows": 4774997, "Plan Width": 16, "Filter": "(l_returnflag = 'R'::bpchar)"}, {"Node Type": "Hash", "Parent Relationship": "Inner", "Parallel Aware": true, "Startup Cost": 271400.24, "Total Cost": 271400.24, "Plan Rows": 186803, "Plan Width": 8, "Plans": [{"Node Type": "Bitmap Heap Scan", "Parent Relationship": "Outer", "Parallel Aware": true, "Relation Name": "orders", "Alias": "orders", "Startup Cost": 7686.2, "Total Cost": 271400.24, "Plan Rows": 186803, "Plan Width": 8, "Recheck Cond": "((o_orderdate >= '1994-05-01'::date) AND (o_orderdate < '1994-08-01 00:00:00'::timestamp without time zone))", "Plans": [{"Node Type": "Bitmap Index Scan", "Parent Relationship": "Outer", "Parallel Aware": false, "Index Name": "idx_orders_orderdate", "Startup Cost": 0.0, "Total Cost": 7541.43, "Plan Rows": 579089, "Plan Width": 0, "Index Cond": "((o_orderdate >= '1994-05-01'::date) AND (o_orderdate < '1994-08-01 00:00:00'::timestamp without time zone))"}]}]}]}]}]}, {"Node Type": "Hash", "Parent Relationship": "Inner", "Parallel Aware": false, "Startup Cost": 1.25, "Total Cost": 1.25, "Plan Rows": 25, "Plan Width": 30, "Plans": [{"Node Type": "Seq Scan", "Parent Relationship": "Outer", "Parallel Aware": false, "Relation Name": "nation", "Alias": "nation", "Startup Cost": 0.0, "Total Cost": 1.25, "Plan Rows": 25, "Plan Width": 30}]}]}]}]}]}]}]}]}}, {"Plan": {"Node Type": "Limit", "Parallel Aware": false, "Startup Cost": 30003008599.21, "Total Cost": 30003008599.26, "Plan Rows": 20, "Plan Width": 201, "Plans": [{"Node Type": "Sort", "Parent Relationship": "Outer", "Parallel Aware": false, "Startup Cost": 30003008599.21, "Total Cost": 30003010027.94, "Plan Rows": 571494, "Plan Width": 201, "Sort Key": ["(sum((lineitem.l_extendedprice * ('1'::numeric - lineitem.l_discount)))) DESC"], "Plans": [{"Node Type": "Aggregate", "Strategy": "Sorted", "Partial Mode": "Simple", "Parent Relationship": "Outer", "Parallel Aware": false, "Startup Cost": 30002977675.87, "Total Cost": 30002993391.96, "Plan Rows": 571494, "Plan Width": 201, "Group Key": ["customer.c_custkey", "nation.n_name"], "Plans": [{"Node Type": "Sort", "Parent Relationship": "Outer", "Parallel Aware": false, "Startup Cost": 30002977675.87, "Total Cost": 30002979104.61, "Plan Rows": 571494, "Plan Width": 181, "Sort Key": ["customer.c_custkey", "nation.n_name"], "Plans": [{"Node Type": "Hash Join", "Parent Relationship": "Outer", "Parallel Aware": false, "Join Type": "Inner", "Startup Cost": 30000451247.91, "Total Cost": 30002893280.98, "Plan Rows": 571494, "Plan Width": 181, "Inner Unique": true, "Hash Cond": "(customer.c_nationkey = nation.n_nationkey)", "Plans": [{"Node Type": "Hash Join", "Parent Relationship": "Outer", "Parallel Aware": false, "Join Type": "Inner", "Startup Cost": 20000451243.78, "Total Cost": 20002891522.37, "Plan Rows": 571494, "Plan Width": 159, "Inner Unique": true, "Hash Cond": "(orders.o_custkey = customer.c_custkey)", "Plans": [{"Node Type": "Merge Join", "Parent Relationship": "Outer", "Parallel Aware": false, "Join Type": "Inner", "Startup Cost": 10000337411.65, "Total Cost": 10002738381.07, "Plan Rows": 571494, "Plan Width": 16, "Inner Unique": false, "Merge Cond": "(orders.o_orderkey = lineitem.l_orderkey)", "Plans": [{"Node Type": "Sort", "Parent Relationship": "Outer", "Parallel Aware": false, "Startup Cost": 337352.42, "Total Cost": 338800.14, "Plan Rows": 579089, "Plan Width": 8, "Sort Key": ["orders.o_orderkey"], "Plans": [{"Node Type": "Bitmap Heap Scan", "Parent Relationship": "Outer", "Parallel Aware": false, "Relation Name": "orders", "Alias": "orders", "Startup Cost": 7686.2, "Total Cost": 277284.53, "Plan Rows": 579089, "Plan Width": 8, "Recheck Cond": "((o_orderdate >= '1994-05-01'::date) AND (o_orderdate < '1994-08-01 00:00:00'::timestamp without time zone))", "Plans": [{"Node Type": "Bitmap Index Scan", "Parent Relationship": "Outer", "Parallel Aware": false, "Index Name": "idx_orders_orderdate", "Startup Cost": 0.0, "Total Cost": 7541.43, "Plan Rows": 579089, "Plan Width": 0, "Index Cond": "((o_orderdate >= '1994-05-01'::date) AND (o_orderdate < '1994-08-01 00:00:00'::timestamp without time zone))"}]}]}, {"Node Type": "Index Scan", "Parent Relationship": "Inner", "Parallel Aware": false, "Scan Direction": "Forward", "Index Name": "idx_lineitem_orderkey", "Relation Name": "lineitem", "Alias": "lineitem", "Startup Cost": 10000000000.57, "Total Cost": 10002355412.05, "Plan Rows": 14802490, "Plan Width": 16, "Filter": "(l_returnflag = 'R'::bpchar)"}]}, {"Node Type": "Hash", "Parent Relationship": "Inner", "Parallel Aware": false, "Startup Cost": 10000062855.13, "Total Cost": 10000062855.13, "Plan Rows": 1500000, "Plan Width": 147, "Plans": [{"Node Type": "Index Scan", "Parent Relationship": "Outer", "Parallel Aware": false, "Scan Direction": "Forward", "Index Name": "customer_pkey", "Relation Name": "customer", "Alias": "customer", "Startup Cost": 10000000000.43, "Total Cost": 10000062855.13, "Plan Rows": 1500000, "Plan Width": 147}]}]}, {"Node Type": "Hash", "Parent Relationship": "Inner", "Parallel Aware": false, "Startup Cost": 10000000003.81, "Total Cost": 10000000003.81, "Plan Rows": 25, "Plan Width": 30, "Plans": [{"Node Type": "Index Scan", "Parent Relationship": "Outer", "Parallel Aware": false, "Scan Direction": "Forward", "Index Name": "nation_pkey", "Relation Name": "nation", "Alias": "nation", "Startup Cost": 10000000000.14, "Total Cost": 10000000003.81, "Plan Rows": 25, "Plan Width": 30}]}]}]}]}]}]}}, {"Plan": {"Node Type": "Limit", "Parallel Aware": false, "Startup Cost": 1827156.4, "Total Cost": 1827156.45, "Plan Rows": 20, "Plan Width": 201, "Plans": [{"Node Type": "Sort", "Parent Relationship": "Outer", "Parallel Aware": false, "Startup Cost": 1827156.4, "Total Cost": 1828585.14, "Plan Rows": 571494, "Plan Width": 201, "Sort Key": ["(sum((lineitem.l_extendedprice * ('1'::numeric - lineitem.l_discount)))) DESC"], "Plans": [{"Node Type": "Aggregate", "Strategy": "Sorted", "Partial Mode": "Finalize", "Parent Relationship": "Outer", "Parallel Aware": false, "Startup Cost": 1729220.75, "Total Cost": 1811949.15, "Plan Rows": 571494, "Plan Width": 201, "Group Key": ["customer.c_custkey", "nation.n_name"], "Plans": [{"Node Type": "Gather Merge", "Parent Relationship": "Outer", "Parallel Aware": false, "Startup Cost": 1729220.75, "Total Cost": 1799274.89, "Plan Rows": 553059, "Plan Width": 201, "Workers Planned": 3, "Plans": [{"Node Type": "Aggregate", "Strategy": "Sorted", "Partial Mode": "Partial", "Parent Relationship": "Outer", "Parallel Aware": false, "Startup Cost": 1728220.71, "Total Cost": 1733290.41, "Plan Rows": 184353, "Plan Width": 201, "Group Key": ["customer.c_custkey", "nation.n_name"], "Plans": [{"Node Type": "Sort", "Parent Relationship": "Outer", "Parallel Aware": false, "Startup Cost": 1728220.71, "Total Cost": 1728681.59, "Plan Rows": 184353, "Plan Width": 181, "Sort Key": ["customer.c_custkey", "nation.n_name"], "Plans": [{"Node Type": "Nested Loop", "Parent Relationship": "Outer", "Parallel Aware": false, "Join Type": "Inner", "Startup Cost": 7687.89, "Total Cost": 1702501.04, "Plan Rows": 184353, "Plan Width": 181, "Inner Unique": true, "Plans": [{"Node Type": "Nested Loop", "Parent Relationship": "Outer", "Parallel Aware": false, "Join Type": "Inner", "Startup Cost": 7687.75, "Total Cost": 1478197.64, "Plan Rows": 184353, "Plan Width": 159, "Inner Unique": true, "Plans": [{"Node Type": "Nested Loop", "Parent Relationship": "Outer", "Parallel Aware": false, "Join Type": "Inner", "Startup Cost": 7687.3, "Total Cost": 1191423.92, "Plan Rows": 184353, "Plan Width": 16, "Inner Unique": false, "Plans": [{"Node Type": "Bitmap Heap Scan", "Parent Relationship": "Outer", "Parallel Aware": true, "Relation Name": "orders", "Alias": "orders", "Startup Cost": 7686.2, "Total Cost": 271400.24, "Plan Rows": 186803, "Plan Width": 8, "Recheck Cond": "((o_orderdate >= '1994-05-01'::date) AND (o_orderdate < '1994-08-01 00:00:00'::timestamp without time zone))", "Plans": [{"Node Type": "Bitmap Index Scan", "Parent Relationship": "Outer", "Parallel Aware": false, "Index Name": "idx_orders_orderdate", "Startup Cost": 0.0, "Total Cost": 7541.43, "Plan Rows": 579089, "Plan Width": 0, "Index Cond": "((o_orderdate >= '1994-05-01'::date) AND (o_orderdate < '1994-08-01 00:00:00'::timestamp without time zone))"}]}, {"Node Type": "Bitmap Heap Scan", "Parent Relationship": "Inner", "Parallel Aware": false, "Relation Name": "lineitem", "Alias": "lineitem", "Startup Cost": 1.11, "Total Cost": 4.86, "Plan Rows": 7, "Plan Width": 16, "Recheck Cond": "(l_orderkey = orders.o_orderkey)", "Filter": "(l_returnflag = 'R'::bpchar)", "Plans": [{"Node Type": "Bitmap Index Scan", "Parent Relationship": "Outer", "Parallel Aware": false, "Index Name": "lineitem_pkey", "Startup Cost": 0.0, "Total Cost": 1.1, "Plan Rows": 30, "Plan Width": 0, "Index Cond": "(l_orderkey = orders.o_orderkey)"}]}]}, {"Node Type": "Bitmap Heap Scan", "Parent Relationship": "Inner", "Parallel Aware": false, "Relation Name": "customer", "Alias": "customer", "Startup Cost": 0.44, "Total Cost": 1.56, "Plan Rows": 1, "Plan Width": 147, "Recheck Cond": "(c_custkey = orders.o_custkey)", "Plans": [{"Node Type": "Bitmap Index Scan", "Parent Relationship": "Outer", "Parallel Aware": false, "Index Name": "customer_pkey", "Startup Cost": 0.0, "Total Cost": 0.44, "Plan Rows": 1, "Plan Width": 0, "Index Cond": "(c_custkey = orders.o_custkey)"}]}]}, {"Node Type": "Bitmap Heap Scan", "Parent Relationship": "Inner", "Parallel Aware": false, "Relation Name": "nation", "Alias": "nation", "Startup Cost": 0.15, "Total Cost": 1.26, "Plan Rows": 1, "Plan Width": 30, "Recheck Cond": "(n_nationkey = customer.c_nationkey)", "Plans": [{"Node Type": "Bitmap Index Scan", "Parent Relationship": "Outer", "Parallel Aware": false, "Index Name": "nation_pkey", "Startup Cost": 0.0, "Total Cost": 0.15, "Plan Rows": 1, "Plan Width": 0, "Index Cond": "(n_nationkey = customer.c_nationkey)"}]}]}]}]}]}]}]}]}}, {"Plan": {"Node Type": "Limit", "Parallel Aware": false, "Startup Cost": 1365050.33, "Total Cost": 1365050.38, "Plan Rows": 20, "Plan Width": 201, "Plans": [{"Node Type": "Sort", "Parent Relationship": "Outer", "Parallel Aware": false, "Startup Cost": 1365050.33, "Total Cost": 1366479.07, "Plan Rows": 571494, "Plan Width": 201, "Sort Key": ["(sum((lineitem.l_extendedprice * ('1'::numeric - lineitem.l_discount)))) DESC"], "Plans": [{"Node Type": "Aggregate", "Strategy": "Sorted", "Partial Mode": "Finalize", "Parent Relationship": "Outer", "Parallel Aware": false, "Startup Cost": 1267114.68, "Total Cost": 1349843.08, "Plan Rows": 571494, "Plan Width": 201, "Group Key": ["customer.c_custkey", "nation.n_name"], "Plans": [{"Node Type": "Gather Merge", "Parent Relationship": "Outer", "Parallel Aware": false, "Startup Cost": 1267114.68, "Total Cost": 1337168.82, "Plan Rows": 553059, "Plan Width": 201, "Workers Planned": 3, "Plans": [{"Node Type": "Aggregate", "Strategy": "Sorted", "Partial Mode": "Partial", "Parent Relationship": "Outer", "Parallel Aware": false, "Startup Cost": 1266114.64, "Total Cost": 1271184.35, "Plan Rows": 184353, "Plan Width": 201, "Group Key": ["customer.c_custkey", "nation.n_name"], "Plans": [{"Node Type": "Sort", "Parent Relationship": "Outer", "Parallel Aware": false, "Startup Cost": 1266114.64, "Total Cost": 1266575.52, "Plan Rows": 184353, "Plan Width": 181, "Sort Key": ["customer.c_custkey", "nation.n_name"], "Plans": [{"Node Type": "Hash Join", "Parent Relationship": "Outer", "Parallel Aware": false, "Join Type": "Inner", "Startup Cost": 1193729.9, "Total Cost": 1240394.97, "Plan Rows": 184353, "Plan Width": 181, "Inner Unique": true, "Hash Cond": "(customer.c_nationkey = nation.n_nationkey)", "Plans": [{"Node Type": "Hash Join", "Parent Relationship": "Outer", "Parallel Aware": true, "Join Type": "Inner", "Startup Cost": 1193728.34, "Total Cost": 1239827.45, "Plan Rows": 184353, "Plan Width": 159, "Inner Unique": false, "Hash Cond": "(customer.c_custkey = orders.o_custkey)", "Plans": [{"Node Type": "Seq Scan", "Parent Relationship": "Outer", "Parallel Aware": true, "Relation Name": "customer", "Alias": "customer", "Startup Cost": 0.0, "Total Cost": 40665.71, "Plan Rows": 483871, "Plan Width": 147}, {"Node Type": "Hash", "Parent Relationship": "Inner", "Parallel Aware": true, "Startup Cost": 1191423.92, "Total Cost": 1191423.92, "Plan Rows": 184353, "Plan Width": 16, "Plans": [{"Node Type": "Nested Loop", "Parent Relationship": "Outer", "Parallel Aware": false, "Join Type": "Inner", "Startup Cost": 7687.3, "Total Cost": 1191423.92, "Plan Rows": 184353, "Plan Width": 16, "Inner Unique": false, "Plans": [{"Node Type": "Bitmap Heap Scan", "Parent Relationship": "Outer", "Parallel Aware": true, "Relation Name": "orders", "Alias": "orders", "Startup Cost": 7686.2, "Total Cost": 271400.24, "Plan Rows": 186803, "Plan Width": 8, "Recheck Cond": "((o_orderdate >= '1994-05-01'::date) AND (o_orderdate < '1994-08-01 00:00:00'::timestamp without time zone))", "Plans": [{"Node Type": "Bitmap Index Scan", "Parent Relationship": "Outer", "Parallel Aware": false, "Index Name": "idx_orders_orderdate", "Startup Cost": 0.0, "Total Cost": 7541.43, "Plan Rows": 579089, "Plan Width": 0, "Index Cond": "((o_orderdate >= '1994-05-01'::date) AND (o_orderdate < '1994-08-01 00:00:00'::timestamp without time zone))"}]}, {"Node Type": "Bitmap Heap Scan", "Parent Relationship": "Inner", "Parallel Aware": false, "Relation Name": "lineitem", "Alias": "lineitem", "Startup Cost": 1.11, "Total Cost": 4.86, "Plan Rows": 7, "Plan Width": 16, "Recheck Cond": "(l_orderkey = orders.o_orderkey)", "Filter": "(l_returnflag = 'R'::bpchar)", "Plans": [{"Node Type": "Bitmap Index Scan", "Parent Relationship": "Outer", "Parallel Aware": false, "Index Name": "lineitem_pkey", "Startup Cost": 0.0, "Total Cost": 1.1, "Plan Rows": 30, "Plan Width": 0, "Index Cond": "(l_orderkey = orders.o_orderkey)"}]}]}]}]}, {"Node Type": "Hash", "Parent Relationship": "Inner", "Parallel Aware": false, "Startup Cost": 1.25, "Total Cost": 1.25, "Plan Rows": 25, "Plan Width": 30, "Plans": [{"Node Type": "Seq Scan", "Parent Relationship": "Outer", "Parallel Aware": false, "Relation Name": "nation", "Alias": "nation", "Startup Cost": 0.0, "Total Cost": 1.25, "Plan Rows": 25, "Plan Width": 30}]}]}]}]}]}]}]}]}}, {"Plan": {"Node Type": "Limit", "Parallel Aware": false, "Startup Cost": 1826316.18, "Total Cost": 1826316.23, "Plan Rows": 20, "Plan Width": 201, "Plans": [{"Node Type": "Sort", "Parent Relationship": "Outer", "Parallel Aware": false, "Startup Cost": 1826316.18, "Total Cost": 1827744.92, "Plan Rows": 571494, "Plan Width": 201, "Sort Key": ["(sum((lineitem.l_extendedprice * ('1'::numeric - lineitem.l_discount)))) DESC"], "Plans": [{"Node Type": "Aggregate", "Strategy": "Sorted", "Partial Mode": "Finalize", "Parent Relationship": "Outer", "Parallel Aware": false, "Startup Cost": 1728380.53, "Total Cost": 1811108.93, "Plan Rows": 571494, "Plan Width": 201, "Group Key": ["customer.c_custkey", "nation.n_name"], "Plans": [{"Node Type": "Gather Merge", "Parent Relationship": "Outer", "Parallel Aware": false, "Startup Cost": 1728380.53, "Total Cost": 1798434.67, "Plan Rows": 553059, "Plan Width": 201, "Workers Planned": 3, "Plans": [{"Node Type": "Aggregate", "Strategy": "Sorted", "Partial Mode": "Partial", "Parent Relationship": "Outer", "Parallel Aware": false, "Startup Cost": 1727380.49, "Total Cost": 1732450.2, "Plan Rows": 184353, "Plan Width": 201, "Group Key": ["customer.c_custkey", "nation.n_name"], "Plans": [{"Node Type": "Sort", "Parent Relationship": "Outer", "Parallel Aware": false, "Startup Cost": 1727380.49, "Total Cost": 1727841.37, "Plan Rows": 184353, "Plan Width": 181, "Sort Key": ["customer.c_custkey", "nation.n_name"], "Plans": [{"Node Type": "Hash Join", "Parent Relationship": "Outer", "Parallel Aware": false, "Join Type": "Inner", "Startup Cost": 1654995.75, "Total Cost": 1701660.82, "Plan Rows": 184353, "Plan Width": 181, "Inner Unique": true, "Hash Cond": "(customer.c_nationkey = nation.n_nationkey)", "Plans": [{"Node Type": "Hash Join", "Parent Relationship": "Outer", "Parallel Aware": true, "Join Type": "Inner", "Startup Cost": 1654994.19, "Total Cost": 1701093.3, "Plan Rows": 184353, "Plan Width": 159, "Inner Unique": false, "Hash Cond": "(customer.c_custkey = orders.o_custkey)", "Plans": [{"Node Type": "Seq Scan", "Parent Relationship": "Outer", "Parallel Aware": true, "Relation Name": "customer", "Alias": "customer", "Startup Cost": 0.0, "Total Cost": 40665.71, "Plan Rows": 483871, "Plan Width": 147}, {"Node Type": "Hash", "Parent Relationship": "Inner", "Parallel Aware": true, "Startup Cost": 1652689.77, "Total Cost": 1652689.77, "Plan Rows": 184353, "Plan Width": 16, "Plans": [{"Node Type": "Hash Join", "Parent Relationship": "Outer", "Parallel Aware": true, "Join Type": "Inner", "Startup Cost": 273735.28, "Total Cost": 1652689.77, "Plan Rows": 184353, "Plan Width": 16, "Inner Unique": true, "Hash Cond": "(lineitem.l_orderkey = orders.o_orderkey)", "Plans": [{"Node Type": "Seq Scan", "Parent Relationship": "Outer", "Parallel Aware": true, "Relation Name": "lineitem", "Alias": "lineitem", "Startup Cost": 0.0, "Total Cost": 1366420.13, "Plan Rows": 4774997, "Plan Width": 16, "Filter": "(l_returnflag = 'R'::bpchar)"}, {"Node Type": "Hash", "Parent Relationship": "Inner", "Parallel Aware": true, "Startup Cost": 271400.24, "Total Cost": 271400.24, "Plan Rows": 186803, "Plan Width": 8, "Plans": [{"Node Type": "Bitmap Heap Scan", "Parent Relationship": "Outer", "Parallel Aware": true, "Relation Name": "orders", "Alias": "orders", "Startup Cost": 7686.2, "Total Cost": 271400.24, "Plan Rows": 186803, "Plan Width": 8, "Recheck Cond": "((o_orderdate >= '1994-05-01'::date) AND (o_orderdate < '1994-08-01 00:00:00'::timestamp without time zone))", "Plans": [{"Node Type": "Bitmap Index Scan", "Parent Relationship": "Outer", "Parallel Aware": false, "Index Name": "idx_orders_orderdate", "Startup Cost": 0.0, "Total Cost": 7541.43, "Plan Rows": 579089, "Plan Width": 0, "Index Cond": "((o_orderdate >= '1994-05-01'::date) AND (o_orderdate < '1994-08-01 00:00:00'::timestamp without time zone))"}]}]}]}]}]}, {"Node Type": "Hash", "Parent Relationship": "Inner", "Parallel Aware": false, "Startup Cost": 1.25, "Total Cost": 1.25, "Plan Rows": 25, "Plan Width": 30, "Plans": [{"Node Type": "Seq Scan", "Parent Relationship": "Outer", "Parallel Aware": false, "Relation Name": "nation", "Alias": "nation", "Startup Cost": 0.0, "Total Cost": 1.25, "Plan Rows": 25, "Plan Width": 30}]}]}]}]}]}]}]}]}}, {"Plan": {"Node Type": "Limit", "Parallel Aware": false, "Startup Cost": 1827156.4, "Total Cost": 1827156.45, "Plan Rows": 20, "Plan Width": 201, "Plans": [{"Node Type": "Sort", "Parent Relationship": "Outer", "Parallel Aware": false, "Startup Cost": 1827156.4, "Total Cost": 1828585.14, "Plan Rows": 571494, "Plan Width": 201, "Sort Key": ["(sum((lineitem.l_extendedprice * ('1'::numeric - lineitem.l_discount)))) DESC"], "Plans": [{"Node Type": "Aggregate", "Strategy": "Sorted", "Partial Mode": "Finalize", "Parent Relationship": "Outer", "Parallel Aware": false, "Startup Cost": 1729220.75, "Total Cost": 1811949.15, "Plan Rows": 571494, "Plan Width": 201, "Group Key": ["customer.c_custkey", "nation.n_name"], "Plans": [{"Node Type": "Gather Merge", "Parent Relationship": "Outer", "Parallel Aware": false, "Startup Cost": 1729220.75, "Total Cost": 1799274.89, "Plan Rows": 553059, "Plan Width": 201, "Workers Planned": 3, "Plans": [{"Node Type": "Aggregate", "Strategy": "Sorted", "Partial Mode": "Partial", "Parent Relationship": "Outer", "Parallel Aware": false, "Startup Cost": 1728220.71, "Total Cost": 1733290.41, "Plan Rows": 184353, "Plan Width": 201, "Group Key": ["customer.c_custkey", "nation.n_name"], "Plans": [{"Node Type": "Sort", "Parent Relationship": "Outer", "Parallel Aware": false, "Startup Cost": 1728220.71, "Total Cost": 1728681.59, "Plan Rows": 184353, "Plan Width": 181, "Sort Key": ["customer.c_custkey", "nation.n_name"], "Plans": [{"Node Type": "Nested Loop", "Parent Relationship": "Outer", "Parallel Aware": false, "Join Type": "Inner", "Startup Cost": 7687.89, "Total Cost": 1702501.04, "Plan Rows": 184353, "Plan Width": 181, "Inner Unique": true, "Plans": [{"Node Type": "Nested Loop", "Parent Relationship": "Outer", "Parallel Aware": false, "Join Type": "Inner", "Startup Cost": 7687.75, "Total Cost": 1478197.64, "Plan Rows": 184353, "Plan Width": 159, "Inner Unique": true, "Plans": [{"Node Type": "Nested Loop", "Parent Relationship": "Outer", "Parallel Aware": false, "Join Type": "Inner", "Startup Cost": 7687.3, "Total Cost": 1191423.92, "Plan Rows": 184353, "Plan Width": 16, "Inner Unique": false, "Plans": [{"Node Type": "Bitmap Heap Scan", "Parent Relationship": "Outer", "Parallel Aware": true, "Relation Name": "orders", "Alias": "orders", "Startup Cost": 7686.2, "Total Cost": 271400.24, "Plan Rows": 186803, "Plan Width": 8, "Recheck Cond": "((o_orderdate >= '1994-05-01'::date) AND (o_orderdate < '1994-08-01 00:00:00'::timestamp without time zone))", "Plans": [{"Node Type": "Bitmap Index Scan", "Parent Relationship": "Outer", "Parallel Aware": false, "Index Name": "idx_orders_orderdate", "Startup Cost": 0.0, "Total Cost": 7541.43, "Plan Rows": 579089, "Plan Width": 0, "Index Cond": "((o_orderdate >= '1994-05-01'::date) AND (o_orderdate < '1994-08-01 00:00:00'::timestamp without time zone))"}]}, {"Node Type": "Bitmap Heap Scan", "Parent Relationship": "Inner", "Parallel Aware": false, "Relation Name": "lineitem", "Alias": "lineitem", "Startup Cost": 1.11, "Total Cost": 4.86, "Plan Rows": 7, "Plan Width": 16, "Recheck Cond": "(l_orderkey = orders.o_orderkey)", "Filter": "(l_returnflag = 'R'::bpchar)", "Plans": [{"Node Type": "Bitmap Index Scan", "Parent Relationship": "Outer", "Parallel Aware": false, "Index Name": "lineitem_pkey", "Startup Cost": 0.0, "Total Cost": 1.1, "Plan Rows": 30, "Plan Width": 0, "Index Cond": "(l_orderkey = orders.o_orderkey)"}]}]}, {"Node Type": "Bitmap Heap Scan", "Parent Relationship": "Inner", "Parallel Aware": false, "Relation Name": "customer", "Alias": "customer", "Startup Cost": 0.44, "Total Cost": 1.56, "Plan Rows": 1, "Plan Width": 147, "Recheck Cond": "(c_custkey = orders.o_custkey)", "Plans": [{"Node Type": "Bitmap Index Scan", "Parent Relationship": "Outer", "Parallel Aware": false, "Index Name": "customer_pkey", "Startup Cost": 0.0, "Total Cost": 0.44, "Plan Rows": 1, "Plan Width": 0, "Index Cond": "(c_custkey = orders.o_custkey)"}]}]}, {"Node Type": "Bitmap Heap Scan", "Parent Relationship": "Inner", "Parallel Aware": false, "Relation Name": "nation", "Alias": "nation", "Startup Cost": 0.15, "Total Cost": 1.26, "Plan Rows": 1, "Plan Width": 30, "Recheck Cond": "(n_nationkey = customer.c_nationkey)", "Plans": [{"Node Type": "Bitmap Index Scan", "Parent Relationship": "Outer", "Parallel Aware": false, "Index Name": "nation_pkey", "Startup Cost": 0.0, "Total Cost": 0.15, "Plan Rows": 1, "Plan Width": 0, "Index Cond": "(n_nationkey = customer.c_nationkey)"}]}]}]}]}]}]}]}]}}, {"Plan": {"Node Type": "Limit", "Parallel Aware": false, "Startup Cost": 1365050.33, "Total Cost": 1365050.38, "Plan Rows": 20, "Plan Width": 201, "Plans": [{"Node Type": "Sort", "Parent Relationship": "Outer", "Parallel Aware": false, "Startup Cost": 1365050.33, "Total Cost": 1366479.07, "Plan Rows": 571494, "Plan Width": 201, "Sort Key": ["(sum((lineitem.l_extendedprice * ('1'::numeric - lineitem.l_discount)))) DESC"], "Plans": [{"Node Type": "Aggregate", "Strategy": "Sorted", "Partial Mode": "Finalize", "Parent Relationship": "Outer", "Parallel Aware": false, "Startup Cost": 1267114.68, "Total Cost": 1349843.08, "Plan Rows": 571494, "Plan Width": 201, "Group Key": ["customer.c_custkey", "nation.n_name"], "Plans": [{"Node Type": "Gather Merge", "Parent Relationship": "Outer", "Parallel Aware": false, "Startup Cost": 1267114.68, "Total Cost": 1337168.82, "Plan Rows": 553059, "Plan Width": 201, "Workers Planned": 3, "Plans": [{"Node Type": "Aggregate", "Strategy": "Sorted", "Partial Mode": "Partial", "Parent Relationship": "Outer", "Parallel Aware": false, "Startup Cost": 1266114.64, "Total Cost": 1271184.35, "Plan Rows": 184353, "Plan Width": 201, "Group Key": ["customer.c_custkey", "nation.n_name"], "Plans": [{"Node Type": "Sort", "Parent Relationship": "Outer", "Parallel Aware": false, "Startup Cost": 1266114.64, "Total Cost": 1266575.52, "Plan Rows": 184353, "Plan Width": 181, "Sort Key": ["customer.c_custkey", "nation.n_name"], "Plans": [{"Node Type": "Hash Join", "Parent Relationship": "Outer", "Parallel Aware": false, "Join Type": "Inner", "Startup Cost": 1193729.9, "Total Cost": 1240394.97, "Plan Rows": 184353, "Plan Width": 181, "Inner Unique": true, "Hash Cond": "(customer.c_nationkey = nation.n_nationkey)", "Plans": [{"Node Type": "Hash Join", "Parent Relationship": "Outer", "Parallel Aware": true, "Join Type": "Inner", "Startup Cost": 1193728.34, "Total Cost": 1239827.45, "Plan Rows": 184353, "Plan Width": 159, "Inner Unique": false, "Hash Cond": "(customer.c_custkey = orders.o_custkey)", "Plans": [{"Node Type": "Seq Scan", "Parent Relationship": "Outer", "Parallel Aware": true, "Relation Name": "customer", "Alias": "customer", "Startup Cost": 0.0, "Total Cost": 40665.71, "Plan Rows": 483871, "Plan Width": 147}, {"Node Type": "Hash", "Parent Relationship": "Inner", "Parallel Aware": true, "Startup Cost": 1191423.92, "Total Cost": 1191423.92, "Plan Rows": 184353, "Plan Width": 16, "Plans": [{"Node Type": "Nested Loop", "Parent Relationship": "Outer", "Parallel Aware": false, "Join Type": "Inner", "Startup Cost": 7687.3, "Total Cost": 1191423.92, "Plan Rows": 184353, "Plan Width": 16, "Inner Unique": false, "Plans": [{"Node Type": "Bitmap Heap Scan", "Parent Relationship": "Outer", "Parallel Aware": true, "Relation Name": "orders", "Alias": "orders", "Startup Cost": 7686.2, "Total Cost": 271400.24, "Plan Rows": 186803, "Plan Width": 8, "Recheck Cond": "((o_orderdate >= '1994-05-01'::date) AND (o_orderdate < '1994-08-01 00:00:00'::timestamp without time zone))", "Plans": [{"Node Type": "Bitmap Index Scan", "Parent Relationship": "Outer", "Parallel Aware": false, "Index Name": "idx_orders_orderdate", "Startup Cost": 0.0, "Total Cost": 7541.43, "Plan Rows": 579089, "Plan Width": 0, "Index Cond": "((o_orderdate >= '1994-05-01'::date) AND (o_orderdate < '1994-08-01 00:00:00'::timestamp without time zone))"}]}, {"Node Type": "Bitmap Heap Scan", "Parent Relationship": "Inner", "Parallel Aware": false, "Relation Name": "lineitem", "Alias": "lineitem", "Startup Cost": 1.11, "Total Cost": 4.86, "Plan Rows": 7, "Plan Width": 16, "Recheck Cond": "(l_orderkey = orders.o_orderkey)", "Filter": "(l_returnflag = 'R'::bpchar)", "Plans": [{"Node Type": "Bitmap Index Scan", "Parent Relationship": "Outer", "Parallel Aware": false, "Index Name": "lineitem_pkey", "Startup Cost": 0.0, "Total Cost": 1.1, "Plan Rows": 30, "Plan Width": 0, "Index Cond": "(l_orderkey = orders.o_orderkey)"}]}]}]}]}, {"Node Type": "Hash", "Parent Relationship": "Inner", "Parallel Aware": false, "Startup Cost": 1.25, "Total Cost": 1.25, "Plan Rows": 25, "Plan Width": 30, "Plans": [{"Node Type": "Seq Scan", "Parent Relationship": "Outer", "Parallel Aware": false, "Relation Name": "nation", "Alias": "nation", "Startup Cost": 0.0, "Total Cost": 1.25, "Plan Rows": 25, "Plan Width": 30}]}]}]}]}]}]}]}]}}, {"Plan": {"Node Type": "Limit", "Parallel Aware": false, "Startup Cost": 1826316.18, "Total Cost": 1826316.23, "Plan Rows": 20, "Plan Width": 201, "Plans": [{"Node Type": "Sort", "Parent Relationship": "Outer", "Parallel Aware": false, "Startup Cost": 1826316.18, "Total Cost": 1827744.92, "Plan Rows": 571494, "Plan Width": 201, "Sort Key": ["(sum((lineitem.l_extendedprice * ('1'::numeric - lineitem.l_discount)))) DESC"], "Plans": [{"Node Type": "Aggregate", "Strategy": "Sorted", "Partial Mode": "Finalize", "Parent Relationship": "Outer", "Parallel Aware": false, "Startup Cost": 1728380.53, "Total Cost": 1811108.93, "Plan Rows": 571494, "Plan Width": 201, "Group Key": ["customer.c_custkey", "nation.n_name"], "Plans": [{"Node Type": "Gather Merge", "Parent Relationship": "Outer", "Parallel Aware": false, "Startup Cost": 1728380.53, "Total Cost": 1798434.67, "Plan Rows": 553059, "Plan Width": 201, "Workers Planned": 3, "Plans": [{"Node Type": "Aggregate", "Strategy": "Sorted", "Partial Mode": "Partial", "Parent Relationship": "Outer", "Parallel Aware": false, "Startup Cost": 1727380.49, "Total Cost": 1732450.2, "Plan Rows": 184353, "Plan Width": 201, "Group Key": ["customer.c_custkey", "nation.n_name"], "Plans": [{"Node Type": "Sort", "Parent Relationship": "Outer", "Parallel Aware": false, "Startup Cost": 1727380.49, "Total Cost": 1727841.37, "Plan Rows": 184353, "Plan Width": 181, "Sort Key": ["customer.c_custkey", "nation.n_name"], "Plans": [{"Node Type": "Hash Join", "Parent Relationship": "Outer", "Parallel Aware": false, "Join Type": "Inner", "Startup Cost": 1654995.75, "Total Cost": 1701660.82, "Plan Rows": 184353, "Plan Width": 181, "Inner Unique": true, "Hash Cond": "(customer.c_nationkey = nation.n_nationkey)", "Plans": [{"Node Type": "Hash Join", "Parent Relationship": "Outer", "Parallel Aware": true, "Join Type": "Inner", "Startup Cost": 1654994.19, "Total Cost": 1701093.3, "Plan Rows": 184353, "Plan Width": 159, "Inner Unique": false, "Hash Cond": "(customer.c_custkey = orders.o_custkey)", "Plans": [{"Node Type": "Seq Scan", "Parent Relationship": "Outer", "Parallel Aware": true, "Relation Name": "customer", "Alias": "customer", "Startup Cost": 0.0, "Total Cost": 40665.71, "Plan Rows": 483871, "Plan Width": 147}, {"Node Type": "Hash", "Parent Relationship": "Inner", "Parallel Aware": true, "Startup Cost": 1652689.77, "Total Cost": 1652689.77, "Plan Rows": 184353, "Plan Width": 16, "Plans": [{"Node Type": "Hash Join", "Parent Relationship": "Outer", "Parallel Aware": true, "Join Type": "Inner", "Startup Cost": 273735.28, "Total Cost": 1652689.77, "Plan Rows": 184353, "Plan Width": 16, "Inner Unique": true, "Hash Cond": "(lineitem.l_orderkey = orders.o_orderkey)", "Plans": [{"Node Type": "Seq Scan", "Parent Relationship": "Outer", "Parallel Aware": true, "Relation Name": "lineitem", "Alias": "lineitem", "Startup Cost": 0.0, "Total Cost": 1366420.13, "Plan Rows": 4774997, "Plan Width": 16, "Filter": "(l_returnflag = 'R'::bpchar)"}, {"Node Type": "Hash", "Parent Relationship": "Inner", "Parallel Aware": true, "Startup Cost": 271400.24, "Total Cost": 271400.24, "Plan Rows": 186803, "Plan Width": 8, "Plans": [{"Node Type": "Bitmap Heap Scan", "Parent Relationship": "Outer", "Parallel Aware": true, "Relation Name": "orders", "Alias": "orders", "Startup Cost": 7686.2, "Total Cost": 271400.24, "Plan Rows": 186803, "Plan Width": 8, "Recheck Cond": "((o_orderdate >= '1994-05-01'::date) AND (o_orderdate < '1994-08-01 00:00:00'::timestamp without time zone))", "Plans": [{"Node Type": "Bitmap Index Scan", "Parent Relationship": "Outer", "Parallel Aware": false, "Index Name": "idx_orders_orderdate", "Startup Cost": 0.0, "Total Cost": 7541.43, "Plan Rows": 579089, "Plan Width": 0, "Index Cond": "((o_orderdate >= '1994-05-01'::date) AND (o_orderdate < '1994-08-01 00:00:00'::timestamp without time zone))"}]}]}]}]}]}, {"Node Type": "Hash", "Parent Relationship": "Inner", "Parallel Aware": false, "Startup Cost": 1.25, "Total Cost": 1.25, "Plan Rows": 25, "Plan Width": 30, "Plans": [{"Node Type": "Seq Scan", "Parent Relationship": "Outer", "Parallel Aware": false, "Relation Name": "nation", "Alias": "nation", "Startup Cost": 0.0, "Total Cost": 1.25, "Plan Rows": 25, "Plan Width": 30}]}]}]}]}]}]}]}]}}, {"Plan": {"Node Type": "Limit", "Parallel Aware": false, "Startup Cost": 2319394.72, "Total Cost": 2319394.77, "Plan Rows": 20, "Plan Width": 201, "Plans": [{"Node Type": "Sort", "Parent Relationship": "Outer", "Parallel Aware": false, "Startup Cost": 2319394.72, "Total Cost": 2320823.45, "Plan Rows": 571494, "Plan Width": 201, "Sort Key": ["(sum((lineitem.l_extendedprice * ('1'::numeric - lineitem.l_discount)))) DESC"], "Plans": [{"Node Type": "Aggregate", "Strategy": "Sorted", "Partial Mode": "Finalize", "Parent Relationship": "Outer", "Parallel Aware": false, "Startup Cost": 2221459.06, "Total Cost": 2304187.47, "Plan Rows": 571494, "Plan Width": 201, "Group Key": ["customer.c_custkey", "nation.n_name"], "Plans": [{"Node Type": "Gather Merge", "Parent Relationship": "Outer", "Parallel Aware": false, "Startup Cost": 2221459.06, "Total Cost": 2291513.2, "Plan Rows": 553059, "Plan Width": 201, "Workers Planned": 3, "Plans": [{"Node Type": "Aggregate", "Strategy": "Sorted", "Partial Mode": "Partial", "Parent Relationship": "Outer", "Parallel Aware": false, "Startup Cost": 2220459.02, "Total Cost": 2225528.73, "Plan Rows": 184353, "Plan Width": 201, "Group Key": ["customer.c_custkey", "nation.n_name"], "Plans": [{"Node Type": "Sort", "Parent Relationship": "Outer", "Parallel Aware": false, "Startup Cost": 2220459.02, "Total Cost": 2220919.91, "Plan Rows": 184353, "Plan Width": 181, "Sort Key": ["customer.c_custkey", "nation.n_name"], "Plans": [{"Node Type": "Hash Join", "Parent Relationship": "Outer", "Parallel Aware": false, "Join Type": "Inner", "Startup Cost": 2136046.58, "Total Cost": 2194739.36, "Plan Rows": 184353, "Plan Width": 181, "Inner Unique": true, "Hash Cond": "(customer.c_nationkey = nation.n_nationkey)", "Plans": [{"Node Type": "Hash Join", "Parent Relationship": "Outer", "Parallel Aware": true, "Join Type": "Inner", "Startup Cost": 2136042.46, "Total Cost": 2194169.27, "Plan Rows": 184353, "Plan Width": 159, "Inner Unique": false, "Hash Cond": "(customer.c_custkey = orders.o_custkey)", "Plans": [{"Node Type": "Index Scan", "Parent Relationship": "Outer", "Parallel Aware": true, "Scan Direction": "Forward", "Index Name": "customer_pkey", "Relation Name": "customer", "Alias": "customer", "Startup Cost": 0.43, "Total Cost": 52693.84, "Plan Rows": 483871, "Plan Width": 147}, {"Node Type": "Hash", "Parent Relationship": "Inner", "Parallel Aware": true, "Startup Cost": 2133737.62, "Total Cost": 2133737.62, "Plan Rows": 184353, "Plan Width": 16, "Plans": [{"Node Type": "Hash Join", "Parent Relationship": "Outer", "Parallel Aware": true, "Join Type": "Inner", "Startup Cost": 273735.84, "Total Cost": 2133737.62, "Plan Rows": 184353, "Plan Width": 16, "Inner Unique": true, "Hash Cond": "(lineitem.l_orderkey = orders.o_orderkey)", "Plans": [{"Node Type": "Index Scan", "Parent Relationship": "Outer", "Parallel Aware": true, "Scan Direction": "Forward", "Index Name": "idx_lineitem_orderkey", "Relation Name": "lineitem", "Alias": "lineitem", "Startup Cost": 0.56, "Total Cost": 1847467.97, "Plan Rows": 4774997, "Plan Width": 16, "Filter": "(l_returnflag = 'R'::bpchar)"}, {"Node Type": "Hash", "Parent Relationship": "Inner", "Parallel Aware": true, "Startup Cost": 271400.24, "Total Cost": 271400.24, "Plan Rows": 186803, "Plan Width": 8, "Plans": [{"Node Type": "Bitmap Heap Scan", "Parent Relationship": "Outer", "Parallel Aware": true, "Relation Name": "orders", "Alias": "orders", "Startup Cost": 7686.2, "Total Cost": 271400.24, "Plan Rows": 186803, "Plan Width": 8, "Recheck Cond": "((o_orderdate >= '1994-05-01'::date) AND (o_orderdate < '1994-08-01 00:00:00'::timestamp without time zone))", "Plans": [{"Node Type": "Bitmap Index Scan", "Parent Relationship": "Outer", "Parallel Aware": false, "Index Name": "idx_orders_orderdate", "Startup Cost": 0.0, "Total Cost": 7541.43, "Plan Rows": 579089, "Plan Width": 0, "Index Cond": "((o_orderdate >= '1994-05-01'::date) AND (o_orderdate < '1994-08-01 00:00:00'::timestamp without time zone))"}]}]}]}]}]}, {"Node Type": "Hash", "Parent Relationship": "Inner", "Parallel Aware": false, "Startup Cost": 3.81, "Total Cost": 3.81, "Plan Rows": 25, "Plan Width": 30, "Plans": [{"Node Type": "Index Scan", "Parent Relationship": "Outer", "Parallel Aware": false, "Scan Direction": "Forward", "Index Name": "nation_pkey", "Relation Name": "nation", "Alias": "nation", "Startup Cost": 0.14, "Total Cost": 3.81, "Plan Rows": 25, "Plan Width": 30}]}]}]}]}]}]}]}]}}, {"Plan": {"Node Type": "Limit", "Parallel Aware": false, "Startup Cost": 2319394.72, "Total Cost": 2319394.77, "Plan Rows": 20, "Plan Width": 201, "Plans": [{"Node Type": "Sort", "Parent Relationship": "Outer", "Parallel Aware": false, "Startup Cost": 2319394.72, "Total Cost": 2320823.45, "Plan Rows": 571494, "Plan Width": 201, "Sort Key": ["(sum((lineitem.l_extendedprice * ('1'::numeric - lineitem.l_discount)))) DESC"], "Plans": [{"Node Type": "Aggregate", "Strategy": "Sorted", "Partial Mode": "Finalize", "Parent Relationship": "Outer", "Parallel Aware": false, "Startup Cost": 2221459.06, "Total Cost": 2304187.47, "Plan Rows": 571494, "Plan Width": 201, "Group Key": ["customer.c_custkey", "nation.n_name"], "Plans": [{"Node Type": "Gather Merge", "Parent Relationship": "Outer", "Parallel Aware": false, "Startup Cost": 2221459.06, "Total Cost": 2291513.2, "Plan Rows": 553059, "Plan Width": 201, "Workers Planned": 3, "Plans": [{"Node Type": "Aggregate", "Strategy": "Sorted", "Partial Mode": "Partial", "Parent Relationship": "Outer", "Parallel Aware": false, "Startup Cost": 2220459.02, "Total Cost": 2225528.73, "Plan Rows": 184353, "Plan Width": 201, "Group Key": ["customer.c_custkey", "nation.n_name"], "Plans": [{"Node Type": "Sort", "Parent Relationship": "Outer", "Parallel Aware": false, "Startup Cost": 2220459.02, "Total Cost": 2220919.91, "Plan Rows": 184353, "Plan Width": 181, "Sort Key": ["customer.c_custkey", "nation.n_name"], "Plans": [{"Node Type": "Hash Join", "Parent Relationship": "Outer", "Parallel Aware": false, "Join Type": "Inner", "Startup Cost": 2136046.58, "Total Cost": 2194739.36, "Plan Rows": 184353, "Plan Width": 181, "Inner Unique": true, "Hash Cond": "(customer.c_nationkey = nation.n_nationkey)", "Plans": [{"Node Type": "Hash Join", "Parent Relationship": "Outer", "Parallel Aware": true, "Join Type": "Inner", "Startup Cost": 2136042.46, "Total Cost": 2194169.27, "Plan Rows": 184353, "Plan Width": 159, "Inner Unique": false, "Hash Cond": "(customer.c_custkey = orders.o_custkey)", "Plans": [{"Node Type": "Index Scan", "Parent Relationship": "Outer", "Parallel Aware": true, "Scan Direction": "Forward", "Index Name": "customer_pkey", "Relation Name": "customer", "Alias": "customer", "Startup Cost": 0.43, "Total Cost": 52693.84, "Plan Rows": 483871, "Plan Width": 147}, {"Node Type": "Hash", "Parent Relationship": "Inner", "Parallel Aware": true, "Startup Cost": 2133737.62, "Total Cost": 2133737.62, "Plan Rows": 184353, "Plan Width": 16, "Plans": [{"Node Type": "Hash Join", "Parent Relationship": "Outer", "Parallel Aware": true, "Join Type": "Inner", "Startup Cost": 273735.84, "Total Cost": 2133737.62, "Plan Rows": 184353, "Plan Width": 16, "Inner Unique": true, "Hash Cond": "(lineitem.l_orderkey = orders.o_orderkey)", "Plans": [{"Node Type": "Index Scan", "Parent Relationship": "Outer", "Parallel Aware": true, "Scan Direction": "Forward", "Index Name": "idx_lineitem_orderkey", "Relation Name": "lineitem", "Alias": "lineitem", "Startup Cost": 0.56, "Total Cost": 1847467.97, "Plan Rows": 4774997, "Plan Width": 16, "Filter": "(l_returnflag = 'R'::bpchar)"}, {"Node Type": "Hash", "Parent Relationship": "Inner", "Parallel Aware": true, "Startup Cost": 271400.24, "Total Cost": 271400.24, "Plan Rows": 186803, "Plan Width": 8, "Plans": [{"Node Type": "Bitmap Heap Scan", "Parent Relationship": "Outer", "Parallel Aware": true, "Relation Name": "orders", "Alias": "orders", "Startup Cost": 7686.2, "Total Cost": 271400.24, "Plan Rows": 186803, "Plan Width": 8, "Recheck Cond": "((o_orderdate >= '1994-05-01'::date) AND (o_orderdate < '1994-08-01 00:00:00'::timestamp without time zone))", "Plans": [{"Node Type": "Bitmap Index Scan", "Parent Relationship": "Outer", "Parallel Aware": false, "Index Name": "idx_orders_orderdate", "Startup Cost": 0.0, "Total Cost": 7541.43, "Plan Rows": 579089, "Plan Width": 0, "Index Cond": "((o_orderdate >= '1994-05-01'::date) AND (o_orderdate < '1994-08-01 00:00:00'::timestamp without time zone))"}]}]}]}]}]}, {"Node Type": "Hash", "Parent Relationship": "Inner", "Parallel Aware": false, "Startup Cost": 3.81, "Total Cost": 3.81, "Plan Rows": 25, "Plan Width": 30, "Plans": [{"Node Type": "Index Scan", "Parent Relationship": "Outer", "Parallel Aware": false, "Scan Direction": "Forward", "Index Name": "nation_pkey", "Relation Name": "nation", "Alias": "nation", "Startup Cost": 0.14, "Total Cost": 3.81, "Plan Rows": 25, "Plan Width": 30}]}]}]}]}]}]}]}]}}, {"Plan": {"Node Type": "Limit", "Parallel Aware": false, "Startup Cost": 909858.39, "Total Cost": 909858.44, "Plan Rows": 20, "Plan Width": 201, "Plans": [{"Node Type": "Sort", "Parent Relationship": "Outer", "Parallel Aware": false, "Startup Cost": 909858.39, "Total Cost": 911287.12, "Plan Rows": 571494, "Plan Width": 201, "Sort Key": ["(sum((lineitem.l_extendedprice * ('1'::numeric - lineitem.l_discount)))) DESC"], "Plans": [{"Node Type": "Aggregate", "Strategy": "Sorted", "Partial Mode": "Finalize", "Parent Relationship": "Outer", "Parallel Aware": false, "Startup Cost": 811922.73, "Total Cost": 894651.14, "Plan Rows": 571494, "Plan Width": 201, "Group Key": ["customer.c_custkey", "nation.n_name"], "Plans": [{"Node Type": "Gather Merge", "Parent Relationship": "Outer", "Parallel Aware": false, "Startup Cost": 811922.73, "Total Cost": 881976.87, "Plan Rows": 553059, "Plan Width": 201, "Workers Planned": 3, "Plans": [{"Node Type": "Aggregate", "Strategy": "Sorted", "Partial Mode": "Partial", "Parent Relationship": "Outer", "Parallel Aware": false, "Startup Cost": 810922.69, "Total Cost": 815992.4, "Plan Rows": 184353, "Plan Width": 201, "Group Key": ["customer.c_custkey", "nation.n_name"], "Plans": [{"Node Type": "Sort", "Parent Relationship": "Outer", "Parallel Aware": false, "Startup Cost": 810922.69, "Total Cost": 811383.57, "Plan Rows": 184353, "Plan Width": 181, "Sort Key": ["customer.c_custkey", "nation.n_name"], "Plans": [{"Node Type": "Hash Join", "Parent Relationship": "Outer", "Parallel Aware": false, "Join Type": "Inner", "Startup Cost": 726510.25, "Total Cost": 785203.02, "Plan Rows": 184353, "Plan Width": 181, "Inner Unique": true, "Hash Cond": "(customer.c_nationkey = nation.n_nationkey)", "Plans": [{"Node Type": "Hash Join", "Parent Relationship": "Outer", "Parallel Aware": true, "Join Type": "Inner", "Startup Cost": 726506.13, "Total Cost": 784632.94, "Plan Rows": 184353, "Plan Width": 159, "Inner Unique": false, "Hash Cond": "(customer.c_custkey = orders.o_custkey)", "Plans": [{"Node Type": "Index Scan", "Parent Relationship": "Outer", "Parallel Aware": true, "Scan Direction": "Forward", "Index Name": "customer_pkey", "Relation Name": "customer", "Alias": "customer", "Startup Cost": 0.43, "Total Cost": 52693.84, "Plan Rows": 483871, "Plan Width": 147}, {"Node Type": "Hash", "Parent Relationship": "Inner", "Parallel Aware": true, "Startup Cost": 724201.29, "Total Cost": 724201.29, "Plan Rows": 184353, "Plan Width": 16, "Plans": [{"Node Type": "Nested Loop", "Parent Relationship": "Outer", "Parallel Aware": false, "Join Type": "Inner", "Startup Cost": 7686.76, "Total Cost": 724201.29, "Plan Rows": 184353, "Plan Width": 16, "Inner Unique": false, "Plans": [{"Node Type": "Bitmap Heap Scan", "Parent Relationship": "Outer", "Parallel Aware": true, "Relation Name": "orders", "Alias": "orders", "Startup Cost": 7686.2, "Total Cost": 271400.24, "Plan Rows": 186803, "Plan Width": 8, "Recheck Cond": "((o_orderdate >= '1994-05-01'::date) AND (o_orderdate < '1994-08-01 00:00:00'::timestamp without time zone))", "Plans": [{"Node Type": "Bitmap Index Scan", "Parent Relationship": "Outer", "Parallel Aware": false, "Index Name": "idx_orders_orderdate", "Startup Cost": 0.0, "Total Cost": 7541.43, "Plan Rows": 579089, "Plan Width": 0, "Index Cond": "((o_orderdate >= '1994-05-01'::date) AND (o_orderdate < '1994-08-01 00:00:00'::timestamp without time zone))"}]}, {"Node Type": "Index Scan", "Parent Relationship": "Inner", "Parallel Aware": false, "Scan Direction": "Forward", "Index Name": "idx_lineitem_orderkey", "Relation Name": "lineitem", "Alias": "lineitem", "Startup Cost": 0.56, "Total Cost": 2.35, "Plan Rows": 7, "Plan Width": 16, "Index Cond": "(l_orderkey = orders.o_orderkey)", "Filter": "(l_returnflag = 'R'::bpchar)"}]}]}]}, {"Node Type": "Hash", "Parent Relationship": "Inner", "Parallel Aware": false, "Startup Cost": 3.81, "Total Cost": 3.81, "Plan Rows": 25, "Plan Width": 30, "Plans": [{"Node Type": "Index Scan", "Parent Relationship": "Outer", "Parallel Aware": false, "Scan Direction": "Forward", "Index Name": "nation_pkey", "Relation Name": "nation", "Alias": "nation", "Startup Cost": 0.14, "Total Cost": 3.81, "Plan Rows": 25, "Plan Width": 30}]}]}]}]}]}]}]}]}}, {"Plan": {"Node Type": "Limit", "Parallel Aware": false, "Startup Cost": 897827.69, "Total Cost": 897827.74, "Plan Rows": 20, "Plan Width": 201, "Plans": [{"Node Type": "Sort", "Parent Relationship": "Outer", "Parallel Aware": false, "Startup Cost": 897827.69, "Total Cost": 899256.43, "Plan Rows": 571494, "Plan Width": 201, "Sort Key": ["(sum((lineitem.l_extendedprice * ('1'::numeric - lineitem.l_discount)))) DESC"], "Plans": [{"Node Type": "Aggregate", "Strategy": "Sorted", "Partial Mode": "Finalize", "Parent Relationship": "Outer", "Parallel Aware": false, "Startup Cost": 799892.04, "Total Cost": 882620.44, "Plan Rows": 571494, "Plan Width": 201, "Group Key": ["customer.c_custkey", "nation.n_name"], "Plans": [{"Node Type": "Gather Merge", "Parent Relationship": "Outer", "Parallel Aware": false, "Startup Cost": 799892.04, "Total Cost": 869946.18, "Plan Rows": 553059, "Plan Width": 201, "Workers Planned": 3, "Plans": [{"Node Type": "Aggregate", "Strategy": "Sorted", "Partial Mode": "Partial", "Parent Relationship": "Outer", "Parallel Aware": false, "Startup Cost": 798892.0, "Total Cost": 803961.71, "Plan Rows": 184353, "Plan Width": 201, "Group Key": ["customer.c_custkey", "nation.n_name"], "Plans": [{"Node Type": "Sort", "Parent Relationship": "Outer", "Parallel Aware": false, "Startup Cost": 798892.0, "Total Cost": 799352.88, "Plan Rows": 184353, "Plan Width": 181, "Sort Key": ["customer.c_custkey", "nation.n_name"], "Plans": [{"Node Type": "Hash Join", "Parent Relationship": "Outer", "Parallel Aware": false, "Join Type": "Inner", "Startup Cost": 726507.26, "Total Cost": 773172.33, "Plan Rows": 184353, "Plan Width": 181, "Inner Unique": true, "Hash Cond": "(customer.c_nationkey = nation.n_nationkey)", "Plans": [{"Node Type": "Hash Join", "Parent Relationship": "Outer", "Parallel Aware": true, "Join Type": "Inner", "Startup Cost": 726505.7, "Total Cost": 772604.81, "Plan Rows": 184353, "Plan Width": 159, "Inner Unique": false, "Hash Cond": "(customer.c_custkey = orders.o_custkey)", "Plans": [{"Node Type": "Seq Scan", "Parent Relationship": "Outer", "Parallel Aware": true, "Relation Name": "customer", "Alias": "customer", "Startup Cost": 0.0, "Total Cost": 40665.71, "Plan Rows": 483871, "Plan Width": 147}, {"Node Type": "Hash", "Parent Relationship": "Inner", "Parallel Aware": true, "Startup Cost": 724201.29, "Total Cost": 724201.29, "Plan Rows": 184353, "Plan Width": 16, "Plans": [{"Node Type": "Nested Loop", "Parent Relationship": "Outer", "Parallel Aware": false, "Join Type": "Inner", "Startup Cost": 7686.76, "Total Cost": 724201.29, "Plan Rows": 184353, "Plan Width": 16, "Inner Unique": false, "Plans": [{"Node Type": "Bitmap Heap Scan", "Parent Relationship": "Outer", "Parallel Aware": true, "Relation Name": "orders", "Alias": "orders", "Startup Cost": 7686.2, "Total Cost": 271400.24, "Plan Rows": 186803, "Plan Width": 8, "Recheck Cond": "((o_orderdate >= '1994-05-01'::date) AND (o_orderdate < '1994-08-01 00:00:00'::timestamp without time zone))", "Plans": [{"Node Type": "Bitmap Index Scan", "Parent Relationship": "Outer", "Parallel Aware": false, "Index Name": "idx_orders_orderdate", "Startup Cost": 0.0, "Total Cost": 7541.43, "Plan Rows": 579089, "Plan Width": 0, "Index Cond": "((o_orderdate >= '1994-05-01'::date) AND (o_orderdate < '1994-08-01 00:00:00'::timestamp without time zone))"}]}, {"Node Type": "Index Scan", "Parent Relationship": "Inner", "Parallel Aware": false, "Scan Direction": "Forward", "Index Name": "idx_lineitem_orderkey", "Relation Name": "lineitem", "Alias": "lineitem", "Startup Cost": 0.56, "Total Cost": 2.35, "Plan Rows": 7, "Plan Width": 16, "Index Cond": "(l_orderkey = orders.o_orderkey)", "Filter": "(l_returnflag = 'R'::bpchar)"}]}]}]}, {"Node Type": "Hash", "Parent Relationship": "Inner", "Parallel Aware": false, "Startup Cost": 1.25, "Total Cost": 1.25, "Plan Rows": 25, "Plan Width": 30, "Plans": [{"Node Type": "Seq Scan", "Parent Relationship": "Outer", "Parallel Aware": false, "Relation Name": "nation", "Alias": "nation", "Startup Cost": 0.0, "Total Cost": 1.25, "Plan Rows": 25, "Plan Width": 30}]}]}]}]}]}]}]}]}}, {"Plan": {"Node Type": "Limit", "Parallel Aware": false, "Startup Cost": 1826316.18, "Total Cost": 1826316.23, "Plan Rows": 20, "Plan Width": 201, "Plans": [{"Node Type": "Sort", "Parent Relationship": "Outer", "Parallel Aware": false, "Startup Cost": 1826316.18, "Total Cost": 1827744.92, "Plan Rows": 571494, "Plan Width": 201, "Sort Key": ["(sum((lineitem.l_extendedprice * ('1'::numeric - lineitem.l_discount)))) DESC"], "Plans": [{"Node Type": "Aggregate", "Strategy": "Sorted", "Partial Mode": "Finalize", "Parent Relationship": "Outer", "Parallel Aware": false, "Startup Cost": 1728380.53, "Total Cost": 1811108.93, "Plan Rows": 571494, "Plan Width": 201, "Group Key": ["customer.c_custkey", "nation.n_name"], "Plans": [{"Node Type": "Gather Merge", "Parent Relationship": "Outer", "Parallel Aware": false, "Startup Cost": 1728380.53, "Total Cost": 1798434.67, "Plan Rows": 553059, "Plan Width": 201, "Workers Planned": 3, "Plans": [{"Node Type": "Aggregate", "Strategy": "Sorted", "Partial Mode": "Partial", "Parent Relationship": "Outer", "Parallel Aware": false, "Startup Cost": 1727380.49, "Total Cost": 1732450.2, "Plan Rows": 184353, "Plan Width": 201, "Group Key": ["customer.c_custkey", "nation.n_name"], "Plans": [{"Node Type": "Sort", "Parent Relationship": "Outer", "Parallel Aware": false, "Startup Cost": 1727380.49, "Total Cost": 1727841.37, "Plan Rows": 184353, "Plan Width": 181, "Sort Key": ["customer.c_custkey", "nation.n_name"], "Plans": [{"Node Type": "Hash Join", "Parent Relationship": "Outer", "Parallel Aware": false, "Join Type": "Inner", "Startup Cost": 1654995.75, "Total Cost": 1701660.82, "Plan Rows": 184353, "Plan Width": 181, "Inner Unique": true, "Hash Cond": "(customer.c_nationkey = nation.n_nationkey)", "Plans": [{"Node Type": "Hash Join", "Parent Relationship": "Outer", "Parallel Aware": true, "Join Type": "Inner", "Startup Cost": 1654994.19, "Total Cost": 1701093.3, "Plan Rows": 184353, "Plan Width": 159, "Inner Unique": false, "Hash Cond": "(customer.c_custkey = orders.o_custkey)", "Plans": [{"Node Type": "Seq Scan", "Parent Relationship": "Outer", "Parallel Aware": true, "Relation Name": "customer", "Alias": "customer", "Startup Cost": 0.0, "Total Cost": 40665.71, "Plan Rows": 483871, "Plan Width": 147}, {"Node Type": "Hash", "Parent Relationship": "Inner", "Parallel Aware": true, "Startup Cost": 1652689.77, "Total Cost": 1652689.77, "Plan Rows": 184353, "Plan Width": 16, "Plans": [{"Node Type": "Hash Join", "Parent Relationship": "Outer", "Parallel Aware": true, "Join Type": "Inner", "Startup Cost": 273735.28, "Total Cost": 1652689.77, "Plan Rows": 184353, "Plan Width": 16, "Inner Unique": true, "Hash Cond": "(lineitem.l_orderkey = orders.o_orderkey)", "Plans": [{"Node Type": "Seq Scan", "Parent Relationship": "Outer", "Parallel Aware": true, "Relation Name": "lineitem", "Alias": "lineitem", "Startup Cost": 0.0, "Total Cost": 1366420.13, "Plan Rows": 4774997, "Plan Width": 16, "Filter": "(l_returnflag = 'R'::bpchar)"}, {"Node Type": "Hash", "Parent Relationship": "Inner", "Parallel Aware": true, "Startup Cost": 271400.24, "Total Cost": 271400.24, "Plan Rows": 186803, "Plan Width": 8, "Plans": [{"Node Type": "Bitmap Heap Scan", "Parent Relationship": "Outer", "Parallel Aware": true, "Relation Name": "orders", "Alias": "orders", "Startup Cost": 7686.2, "Total Cost": 271400.24, "Plan Rows": 186803, "Plan Width": 8, "Recheck Cond": "((o_orderdate >= '1994-05-01'::date) AND (o_orderdate < '1994-08-01 00:00:00'::timestamp without time zone))", "Plans": [{"Node Type": "Bitmap Index Scan", "Parent Relationship": "Outer", "Parallel Aware": false, "Index Name": "idx_orders_orderdate", "Startup Cost": 0.0, "Total Cost": 7541.43, "Plan Rows": 579089, "Plan Width": 0, "Index Cond": "((o_orderdate >= '1994-05-01'::date) AND (o_orderdate < '1994-08-01 00:00:00'::timestamp without time zone))"}]}]}]}]}]}, {"Node Type": "Hash", "Parent Relationship": "Inner", "Parallel Aware": false, "Startup Cost": 1.25, "Total Cost": 1.25, "Plan Rows": 25, "Plan Width": 30, "Plans": [{"Node Type": "Seq Scan", "Parent Relationship": "Outer", "Parallel Aware": false, "Relation Name": "nation", "Alias": "nation", "Startup Cost": 0.0, "Total Cost": 1.25, "Plan Rows": 25, "Plan Width": 30}]}]}]}]}]}]}]}]}}, {"Plan": {"Node Type": "Limit", "Parallel Aware": false, "Startup Cost": 909858.39, "Total Cost": 909858.44, "Plan Rows": 20, "Plan Width": 201, "Plans": [{"Node Type": "Sort", "Parent Relationship": "Outer", "Parallel Aware": false, "Startup Cost": 909858.39, "Total Cost": 911287.12, "Plan Rows": 571494, "Plan Width": 201, "Sort Key": ["(sum((lineitem.l_extendedprice * ('1'::numeric - lineitem.l_discount)))) DESC"], "Plans": [{"Node Type": "Aggregate", "Strategy": "Sorted", "Partial Mode": "Finalize", "Parent Relationship": "Outer", "Parallel Aware": false, "Startup Cost": 811922.73, "Total Cost": 894651.14, "Plan Rows": 571494, "Plan Width": 201, "Group Key": ["customer.c_custkey", "nation.n_name"], "Plans": [{"Node Type": "Gather Merge", "Parent Relationship": "Outer", "Parallel Aware": false, "Startup Cost": 811922.73, "Total Cost": 881976.87, "Plan Rows": 553059, "Plan Width": 201, "Workers Planned": 3, "Plans": [{"Node Type": "Aggregate", "Strategy": "Sorted", "Partial Mode": "Partial", "Parent Relationship": "Outer", "Parallel Aware": false, "Startup Cost": 810922.69, "Total Cost": 815992.4, "Plan Rows": 184353, "Plan Width": 201, "Group Key": ["customer.c_custkey", "nation.n_name"], "Plans": [{"Node Type": "Sort", "Parent Relationship": "Outer", "Parallel Aware": false, "Startup Cost": 810922.69, "Total Cost": 811383.57, "Plan Rows": 184353, "Plan Width": 181, "Sort Key": ["customer.c_custkey", "nation.n_name"], "Plans": [{"Node Type": "Hash Join", "Parent Relationship": "Outer", "Parallel Aware": false, "Join Type": "Inner", "Startup Cost": 726510.25, "Total Cost": 785203.02, "Plan Rows": 184353, "Plan Width": 181, "Inner Unique": true, "Hash Cond": "(customer.c_nationkey = nation.n_nationkey)", "Plans": [{"Node Type": "Hash Join", "Parent Relationship": "Outer", "Parallel Aware": true, "Join Type": "Inner", "Startup Cost": 726506.13, "Total Cost": 784632.94, "Plan Rows": 184353, "Plan Width": 159, "Inner Unique": false, "Hash Cond": "(customer.c_custkey = orders.o_custkey)", "Plans": [{"Node Type": "Index Scan", "Parent Relationship": "Outer", "Parallel Aware": true, "Scan Direction": "Forward", "Index Name": "customer_pkey", "Relation Name": "customer", "Alias": "customer", "Startup Cost": 0.43, "Total Cost": 52693.84, "Plan Rows": 483871, "Plan Width": 147}, {"Node Type": "Hash", "Parent Relationship": "Inner", "Parallel Aware": true, "Startup Cost": 724201.29, "Total Cost": 724201.29, "Plan Rows": 184353, "Plan Width": 16, "Plans": [{"Node Type": "Nested Loop", "Parent Relationship": "Outer", "Parallel Aware": false, "Join Type": "Inner", "Startup Cost": 7686.76, "Total Cost": 724201.29, "Plan Rows": 184353, "Plan Width": 16, "Inner Unique": false, "Plans": [{"Node Type": "Bitmap Heap Scan", "Parent Relationship": "Outer", "Parallel Aware": true, "Relation Name": "orders", "Alias": "orders", "Startup Cost": 7686.2, "Total Cost": 271400.24, "Plan Rows": 186803, "Plan Width": 8, "Recheck Cond": "((o_orderdate >= '1994-05-01'::date) AND (o_orderdate < '1994-08-01 00:00:00'::timestamp without time zone))", "Plans": [{"Node Type": "Bitmap Index Scan", "Parent Relationship": "Outer", "Parallel Aware": false, "Index Name": "idx_orders_orderdate", "Startup Cost": 0.0, "Total Cost": 7541.43, "Plan Rows": 579089, "Plan Width": 0, "Index Cond": "((o_orderdate >= '1994-05-01'::date) AND (o_orderdate < '1994-08-01 00:00:00'::timestamp without time zone))"}]}, {"Node Type": "Index Scan", "Parent Relationship": "Inner", "Parallel Aware": false, "Scan Direction": "Forward", "Index Name": "idx_lineitem_orderkey", "Relation Name": "lineitem", "Alias": "lineitem", "Startup Cost": 0.56, "Total Cost": 2.35, "Plan Rows": 7, "Plan Width": 16, "Index Cond": "(l_orderkey = orders.o_orderkey)", "Filter": "(l_returnflag = 'R'::bpchar)"}]}]}]}, {"Node Type": "Hash", "Parent Relationship": "Inner", "Parallel Aware": false, "Startup Cost": 3.81, "Total Cost": 3.81, "Plan Rows": 25, "Plan Width": 30, "Plans": [{"Node Type": "Index Scan", "Parent Relationship": "Outer", "Parallel Aware": false, "Scan Direction": "Forward", "Index Name": "nation_pkey", "Relation Name": "nation", "Alias": "nation", "Startup Cost": 0.14, "Total Cost": 3.81, "Plan Rows": 25, "Plan Width": 30}]}]}]}]}]}]}]}]}}, {"Plan": {"Node Type": "Limit", "Parallel Aware": false, "Startup Cost": 897827.69, "Total Cost": 897827.74, "Plan Rows": 20, "Plan Width": 201, "Plans": [{"Node Type": "Sort", "Parent Relationship": "Outer", "Parallel Aware": false, "Startup Cost": 897827.69, "Total Cost": 899256.43, "Plan Rows": 571494, "Plan Width": 201, "Sort Key": ["(sum((lineitem.l_extendedprice * ('1'::numeric - lineitem.l_discount)))) DESC"], "Plans": [{"Node Type": "Aggregate", "Strategy": "Sorted", "Partial Mode": "Finalize", "Parent Relationship": "Outer", "Parallel Aware": false, "Startup Cost": 799892.04, "Total Cost": 882620.44, "Plan Rows": 571494, "Plan Width": 201, "Group Key": ["customer.c_custkey", "nation.n_name"], "Plans": [{"Node Type": "Gather Merge", "Parent Relationship": "Outer", "Parallel Aware": false, "Startup Cost": 799892.04, "Total Cost": 869946.18, "Plan Rows": 553059, "Plan Width": 201, "Workers Planned": 3, "Plans": [{"Node Type": "Aggregate", "Strategy": "Sorted", "Partial Mode": "Partial", "Parent Relationship": "Outer", "Parallel Aware": false, "Startup Cost": 798892.0, "Total Cost": 803961.71, "Plan Rows": 184353, "Plan Width": 201, "Group Key": ["customer.c_custkey", "nation.n_name"], "Plans": [{"Node Type": "Sort", "Parent Relationship": "Outer", "Parallel Aware": false, "Startup Cost": 798892.0, "Total Cost": 799352.88, "Plan Rows": 184353, "Plan Width": 181, "Sort Key": ["customer.c_custkey", "nation.n_name"], "Plans": [{"Node Type": "Hash Join", "Parent Relationship": "Outer", "Parallel Aware": false, "Join Type": "Inner", "Startup Cost": 726507.26, "Total Cost": 773172.33, "Plan Rows": 184353, "Plan Width": 181, "Inner Unique": true, "Hash Cond": "(customer.c_nationkey = nation.n_nationkey)", "Plans": [{"Node Type": "Hash Join", "Parent Relationship": "Outer", "Parallel Aware": true, "Join Type": "Inner", "Startup Cost": 726505.7, "Total Cost": 772604.81, "Plan Rows": 184353, "Plan Width": 159, "Inner Unique": false, "Hash Cond": "(customer.c_custkey = orders.o_custkey)", "Plans": [{"Node Type": "Seq Scan", "Parent Relationship": "Outer", "Parallel Aware": true, "Relation Name": "customer", "Alias": "customer", "Startup Cost": 0.0, "Total Cost": 40665.71, "Plan Rows": 483871, "Plan Width": 147}, {"Node Type": "Hash", "Parent Relationship": "Inner", "Parallel Aware": true, "Startup Cost": 724201.29, "Total Cost": 724201.29, "Plan Rows": 184353, "Plan Width": 16, "Plans": [{"Node Type": "Nested Loop", "Parent Relationship": "Outer", "Parallel Aware": false, "Join Type": "Inner", "Startup Cost": 7686.76, "Total Cost": 724201.29, "Plan Rows": 184353, "Plan Width": 16, "Inner Unique": false, "Plans": [{"Node Type": "Bitmap Heap Scan", "Parent Relationship": "Outer", "Parallel Aware": true, "Relation Name": "orders", "Alias": "orders", "Startup Cost": 7686.2, "Total Cost": 271400.24, "Plan Rows": 186803, "Plan Width": 8, "Recheck Cond": "((o_orderdate >= '1994-05-01'::date) AND (o_orderdate < '1994-08-01 00:00:00'::timestamp without time zone))", "Plans": [{"Node Type": "Bitmap Index Scan", "Parent Relationship": "Outer", "Parallel Aware": false, "Index Name": "idx_orders_orderdate", "Startup Cost": 0.0, "Total Cost": 7541.43, "Plan Rows": 579089, "Plan Width": 0, "Index Cond": "((o_orderdate >= '1994-05-01'::date) AND (o_orderdate < '1994-08-01 00:00:00'::timestamp without time zone))"}]}, {"Node Type": "Index Scan", "Parent Relationship": "Inner", "Parallel Aware": false, "Scan Direction": "Forward", "Index Name": "idx_lineitem_orderkey", "Relation Name": "lineitem", "Alias": "lineitem", "Startup Cost": 0.56, "Total Cost": 2.35, "Plan Rows": 7, "Plan Width": 16, "Index Cond": "(l_orderkey = orders.o_orderkey)", "Filter": "(l_returnflag = 'R'::bpchar)"}]}]}]}, {"Node Type": "Hash", "Parent Relationship": "Inner", "Parallel Aware": false, "Startup Cost": 1.25, "Total Cost": 1.25, "Plan Rows": 25, "Plan Width": 30, "Plans": [{"Node Type": "Seq Scan", "Parent Relationship": "Outer", "Parallel Aware": false, "Relation Name": "nation", "Alias": "nation", "Startup Cost": 0.0, "Total Cost": 1.25, "Plan Rows": 25, "Plan Width": 30}]}]}]}]}]}]}]}]}}, {"Plan": {"Node Type": "Limit", "Parallel Aware": false, "Startup Cost": 1826316.18, "Total Cost": 1826316.23, "Plan Rows": 20, "Plan Width": 201, "Plans": [{"Node Type": "Sort", "Parent Relationship": "Outer", "Parallel Aware": false, "Startup Cost": 1826316.18, "Total Cost": 1827744.92, "Plan Rows": 571494, "Plan Width": 201, "Sort Key": ["(sum((lineitem.l_extendedprice * ('1'::numeric - lineitem.l_discount)))) DESC"], "Plans": [{"Node Type": "Aggregate", "Strategy": "Sorted", "Partial Mode": "Finalize", "Parent Relationship": "Outer", "Parallel Aware": false, "Startup Cost": 1728380.53, "Total Cost": 1811108.93, "Plan Rows": 571494, "Plan Width": 201, "Group Key": ["customer.c_custkey", "nation.n_name"], "Plans": [{"Node Type": "Gather Merge", "Parent Relationship": "Outer", "Parallel Aware": false, "Startup Cost": 1728380.53, "Total Cost": 1798434.67, "Plan Rows": 553059, "Plan Width": 201, "Workers Planned": 3, "Plans": [{"Node Type": "Aggregate", "Strategy": "Sorted", "Partial Mode": "Partial", "Parent Relationship": "Outer", "Parallel Aware": false, "Startup Cost": 1727380.49, "Total Cost": 1732450.2, "Plan Rows": 184353, "Plan Width": 201, "Group Key": ["customer.c_custkey", "nation.n_name"], "Plans": [{"Node Type": "Sort", "Parent Relationship": "Outer", "Parallel Aware": false, "Startup Cost": 1727380.49, "Total Cost": 1727841.37, "Plan Rows": 184353, "Plan Width": 181, "Sort Key": ["customer.c_custkey", "nation.n_name"], "Plans": [{"Node Type": "Hash Join", "Parent Relationship": "Outer", "Parallel Aware": false, "Join Type": "Inner", "Startup Cost": 1654995.75, "Total Cost": 1701660.82, "Plan Rows": 184353, "Plan Width": 181, "Inner Unique": true, "Hash Cond": "(customer.c_nationkey = nation.n_nationkey)", "Plans": [{"Node Type": "Hash Join", "Parent Relationship": "Outer", "Parallel Aware": true, "Join Type": "Inner", "Startup Cost": 1654994.19, "Total Cost": 1701093.3, "Plan Rows": 184353, "Plan Width": 159, "Inner Unique": false, "Hash Cond": "(customer.c_custkey = orders.o_custkey)", "Plans": [{"Node Type": "Seq Scan", "Parent Relationship": "Outer", "Parallel Aware": true, "Relation Name": "customer", "Alias": "customer", "Startup Cost": 0.0, "Total Cost": 40665.71, "Plan Rows": 483871, "Plan Width": 147}, {"Node Type": "Hash", "Parent Relationship": "Inner", "Parallel Aware": true, "Startup Cost": 1652689.77, "Total Cost": 1652689.77, "Plan Rows": 184353, "Plan Width": 16, "Plans": [{"Node Type": "Hash Join", "Parent Relationship": "Outer", "Parallel Aware": true, "Join Type": "Inner", "Startup Cost": 273735.28, "Total Cost": 1652689.77, "Plan Rows": 184353, "Plan Width": 16, "Inner Unique": true, "Hash Cond": "(lineitem.l_orderkey = orders.o_orderkey)", "Plans": [{"Node Type": "Seq Scan", "Parent Relationship": "Outer", "Parallel Aware": true, "Relation Name": "lineitem", "Alias": "lineitem", "Startup Cost": 0.0, "Total Cost": 1366420.13, "Plan Rows": 4774997, "Plan Width": 16, "Filter": "(l_returnflag = 'R'::bpchar)"}, {"Node Type": "Hash", "Parent Relationship": "Inner", "Parallel Aware": true, "Startup Cost": 271400.24, "Total Cost": 271400.24, "Plan Rows": 186803, "Plan Width": 8, "Plans": [{"Node Type": "Bitmap Heap Scan", "Parent Relationship": "Outer", "Parallel Aware": true, "Relation Name": "orders", "Alias": "orders", "Startup Cost": 7686.2, "Total Cost": 271400.24, "Plan Rows": 186803, "Plan Width": 8, "Recheck Cond": "((o_orderdate >= '1994-05-01'::date) AND (o_orderdate < '1994-08-01 00:00:00'::timestamp without time zone))", "Plans": [{"Node Type": "Bitmap Index Scan", "Parent Relationship": "Outer", "Parallel Aware": false, "Index Name": "idx_orders_orderdate", "Startup Cost": 0.0, "Total Cost": 7541.43, "Plan Rows": 579089, "Plan Width": 0, "Index Cond": "((o_orderdate >= '1994-05-01'::date) AND (o_orderdate < '1994-08-01 00:00:00'::timestamp without time zone))"}]}]}]}]}]}, {"Node Type": "Hash", "Parent Relationship": "Inner", "Parallel Aware": false, "Startup Cost": 1.25, "Total Cost": 1.25, "Plan Rows": 25, "Plan Width": 30, "Plans": [{"Node Type": "Seq Scan", "Parent Relationship": "Outer", "Parallel Aware": false, "Relation Name": "nation", "Alias": "nation", "Startup Cost": 0.0, "Total Cost": 1.25, "Plan Rows": 25, "Plan Width": 30}]}]}]}]}]}]}]}]}}, {"Plan": {"Node Type": "Limit", "Parallel Aware": false, "Startup Cost": 1365050.33, "Total Cost": 1365050.38, "Plan Rows": 20, "Plan Width": 201, "Plans": [{"Node Type": "Sort", "Parent Relationship": "Outer", "Parallel Aware": false, "Startup Cost": 1365050.33, "Total Cost": 1366479.07, "Plan Rows": 571494, "Plan Width": 201, "Sort Key": ["(sum((lineitem.l_extendedprice * ('1'::numeric - lineitem.l_discount)))) DESC"], "Plans": [{"Node Type": "Aggregate", "Strategy": "Sorted", "Partial Mode": "Finalize", "Parent Relationship": "Outer", "Parallel Aware": false, "Startup Cost": 1267114.68, "Total Cost": 1349843.08, "Plan Rows": 571494, "Plan Width": 201, "Group Key": ["customer.c_custkey", "nation.n_name"], "Plans": [{"Node Type": "Gather Merge", "Parent Relationship": "Outer", "Parallel Aware": false, "Startup Cost": 1267114.68, "Total Cost": 1337168.82, "Plan Rows": 553059, "Plan Width": 201, "Workers Planned": 3, "Plans": [{"Node Type": "Aggregate", "Strategy": "Sorted", "Partial Mode": "Partial", "Parent Relationship": "Outer", "Parallel Aware": false, "Startup Cost": 1266114.64, "Total Cost": 1271184.35, "Plan Rows": 184353, "Plan Width": 201, "Group Key": ["customer.c_custkey", "nation.n_name"], "Plans": [{"Node Type": "Sort", "Parent Relationship": "Outer", "Parallel Aware": false, "Startup Cost": 1266114.64, "Total Cost": 1266575.52, "Plan Rows": 184353, "Plan Width": 181, "Sort Key": ["customer.c_custkey", "nation.n_name"], "Plans": [{"Node Type": "Hash Join", "Parent Relationship": "Outer", "Parallel Aware": false, "Join Type": "Inner", "Startup Cost": 1193729.9, "Total Cost": 1240394.97, "Plan Rows": 184353, "Plan Width": 181, "Inner Unique": true, "Hash Cond": "(customer.c_nationkey = nation.n_nationkey)", "Plans": [{"Node Type": "Hash Join", "Parent Relationship": "Outer", "Parallel Aware": true, "Join Type": "Inner", "Startup Cost": 1193728.34, "Total Cost": 1239827.45, "Plan Rows": 184353, "Plan Width": 159, "Inner Unique": false, "Hash Cond": "(customer.c_custkey = orders.o_custkey)", "Plans": [{"Node Type": "Seq Scan", "Parent Relationship": "Outer", "Parallel Aware": true, "Relation Name": "customer", "Alias": "customer", "Startup Cost": 0.0, "Total Cost": 40665.71, "Plan Rows": 483871, "Plan Width": 147}, {"Node Type": "Hash", "Parent Relationship": "Inner", "Parallel Aware": true, "Startup Cost": 1191423.92, "Total Cost": 1191423.92, "Plan Rows": 184353, "Plan Width": 16, "Plans": [{"Node Type": "Nested Loop", "Parent Relationship": "Outer", "Parallel Aware": false, "Join Type": "Inner", "Startup Cost": 7687.3, "Total Cost": 1191423.92, "Plan Rows": 184353, "Plan Width": 16, "Inner Unique": false, "Plans": [{"Node Type": "Bitmap Heap Scan", "Parent Relationship": "Outer", "Parallel Aware": true, "Relation Name": "orders", "Alias": "orders", "Startup Cost": 7686.2, "Total Cost": 271400.24, "Plan Rows": 186803, "Plan Width": 8, "Recheck Cond": "((o_orderdate >= '1994-05-01'::date) AND (o_orderdate < '1994-08-01 00:00:00'::timestamp without time zone))", "Plans": [{"Node Type": "Bitmap Index Scan", "Parent Relationship": "Outer", "Parallel Aware": false, "Index Name": "idx_orders_orderdate", "Startup Cost": 0.0, "Total Cost": 7541.43, "Plan Rows": 579089, "Plan Width": 0, "Index Cond": "((o_orderdate >= '1994-05-01'::date) AND (o_orderdate < '1994-08-01 00:00:00'::timestamp without time zone))"}]}, {"Node Type": "Bitmap Heap Scan", "Parent Relationship": "Inner", "Parallel Aware": false, "Relation Name": "lineitem", "Alias": "lineitem", "Startup Cost": 1.11, "Total Cost": 4.86, "Plan Rows": 7, "Plan Width": 16, "Recheck Cond": "(l_orderkey = orders.o_orderkey)", "Filter": "(l_returnflag = 'R'::bpchar)", "Plans": [{"Node Type": "Bitmap Index Scan", "Parent Relationship": "Outer", "Parallel Aware": false, "Index Name": "lineitem_pkey", "Startup Cost": 0.0, "Total Cost": 1.1, "Plan Rows": 30, "Plan Width": 0, "Index Cond": "(l_orderkey = orders.o_orderkey)"}]}]}]}]}, {"Node Type": "Hash", "Parent Relationship": "Inner", "Parallel Aware": false, "Startup Cost": 1.25, "Total Cost": 1.25, "Plan Rows": 25, "Plan Width": 30, "Plans": [{"Node Type": "Seq Scan", "Parent Relationship": "Outer", "Parallel Aware": false, "Relation Name": "nation", "Alias": "nation", "Startup Cost": 0.0, "Total Cost": 1.25, "Plan Rows": 25, "Plan Width": 30}]}]}]}]}]}]}]}]}}, {"Plan": {"Node Type": "Limit", "Parallel Aware": false, "Startup Cost": 1826316.18, "Total Cost": 1826316.23, "Plan Rows": 20, "Plan Width": 201, "Plans": [{"Node Type": "Sort", "Parent Relationship": "Outer", "Parallel Aware": false, "Startup Cost": 1826316.18, "Total Cost": 1827744.92, "Plan Rows": 571494, "Plan Width": 201, "Sort Key": ["(sum((lineitem.l_extendedprice * ('1'::numeric - lineitem.l_discount)))) DESC"], "Plans": [{"Node Type": "Aggregate", "Strategy": "Sorted", "Partial Mode": "Finalize", "Parent Relationship": "Outer", "Parallel Aware": false, "Startup Cost": 1728380.53, "Total Cost": 1811108.93, "Plan Rows": 571494, "Plan Width": 201, "Group Key": ["customer.c_custkey", "nation.n_name"], "Plans": [{"Node Type": "Gather Merge", "Parent Relationship": "Outer", "Parallel Aware": false, "Startup Cost": 1728380.53, "Total Cost": 1798434.67, "Plan Rows": 553059, "Plan Width": 201, "Workers Planned": 3, "Plans": [{"Node Type": "Aggregate", "Strategy": "Sorted", "Partial Mode": "Partial", "Parent Relationship": "Outer", "Parallel Aware": false, "Startup Cost": 1727380.49, "Total Cost": 1732450.2, "Plan Rows": 184353, "Plan Width": 201, "Group Key": ["customer.c_custkey", "nation.n_name"], "Plans": [{"Node Type": "Sort", "Parent Relationship": "Outer", "Parallel Aware": false, "Startup Cost": 1727380.49, "Total Cost": 1727841.37, "Plan Rows": 184353, "Plan Width": 181, "Sort Key": ["customer.c_custkey", "nation.n_name"], "Plans": [{"Node Type": "Hash Join", "Parent Relationship": "Outer", "Parallel Aware": false, "Join Type": "Inner", "Startup Cost": 1654995.75, "Total Cost": 1701660.82, "Plan Rows": 184353, "Plan Width": 181, "Inner Unique": true, "Hash Cond": "(customer.c_nationkey = nation.n_nationkey)", "Plans": [{"Node Type": "Hash Join", "Parent Relationship": "Outer", "Parallel Aware": true, "Join Type": "Inner", "Startup Cost": 1654994.19, "Total Cost": 1701093.3, "Plan Rows": 184353, "Plan Width": 159, "Inner Unique": false, "Hash Cond": "(customer.c_custkey = orders.o_custkey)", "Plans": [{"Node Type": "Seq Scan", "Parent Relationship": "Outer", "Parallel Aware": true, "Relation Name": "customer", "Alias": "customer", "Startup Cost": 0.0, "Total Cost": 40665.71, "Plan Rows": 483871, "Plan Width": 147}, {"Node Type": "Hash", "Parent Relationship": "Inner", "Parallel Aware": true, "Startup Cost": 1652689.77, "Total Cost": 1652689.77, "Plan Rows": 184353, "Plan Width": 16, "Plans": [{"Node Type": "Hash Join", "Parent Relationship": "Outer", "Parallel Aware": true, "Join Type": "Inner", "Startup Cost": 273735.28, "Total Cost": 1652689.77, "Plan Rows": 184353, "Plan Width": 16, "Inner Unique": true, "Hash Cond": "(lineitem.l_orderkey = orders.o_orderkey)", "Plans": [{"Node Type": "Seq Scan", "Parent Relationship": "Outer", "Parallel Aware": true, "Relation Name": "lineitem", "Alias": "lineitem", "Startup Cost": 0.0, "Total Cost": 1366420.13, "Plan Rows": 4774997, "Plan Width": 16, "Filter": "(l_returnflag = 'R'::bpchar)"}, {"Node Type": "Hash", "Parent Relationship": "Inner", "Parallel Aware": true, "Startup Cost": 271400.24, "Total Cost": 271400.24, "Plan Rows": 186803, "Plan Width": 8, "Plans": [{"Node Type": "Bitmap Heap Scan", "Parent Relationship": "Outer", "Parallel Aware": true, "Relation Name": "orders", "Alias": "orders", "Startup Cost": 7686.2, "Total Cost": 271400.24, "Plan Rows": 186803, "Plan Width": 8, "Recheck Cond": "((o_orderdate >= '1994-05-01'::date) AND (o_orderdate < '1994-08-01 00:00:00'::timestamp without time zone))", "Plans": [{"Node Type": "Bitmap Index Scan", "Parent Relationship": "Outer", "Parallel Aware": false, "Index Name": "idx_orders_orderdate", "Startup Cost": 0.0, "Total Cost": 7541.43, "Plan Rows": 579089, "Plan Width": 0, "Index Cond": "((o_orderdate >= '1994-05-01'::date) AND (o_orderdate < '1994-08-01 00:00:00'::timestamp without time zone))"}]}]}]}]}]}, {"Node Type": "Hash", "Parent Relationship": "Inner", "Parallel Aware": false, "Startup Cost": 1.25, "Total Cost": 1.25, "Plan Rows": 25, "Plan Width": 30, "Plans": [{"Node Type": "Seq Scan", "Parent Relationship": "Outer", "Parallel Aware": false, "Relation Name": "nation", "Alias": "nation", "Startup Cost": 0.0, "Total Cost": 1.25, "Plan Rows": 25, "Plan Width": 30}]}]}]}]}]}]}]}]}}, {"Plan": {"Node Type": "Limit", "Parallel Aware": false, "Startup Cost": 1365050.33, "Total Cost": 1365050.38, "Plan Rows": 20, "Plan Width": 201, "Plans": [{"Node Type": "Sort", "Parent Relationship": "Outer", "Parallel Aware": false, "Startup Cost": 1365050.33, "Total Cost": 1366479.07, "Plan Rows": 571494, "Plan Width": 201, "Sort Key": ["(sum((lineitem.l_extendedprice * ('1'::numeric - lineitem.l_discount)))) DESC"], "Plans": [{"Node Type": "Aggregate", "Strategy": "Sorted", "Partial Mode": "Finalize", "Parent Relationship": "Outer", "Parallel Aware": false, "Startup Cost": 1267114.68, "Total Cost": 1349843.08, "Plan Rows": 571494, "Plan Width": 201, "Group Key": ["customer.c_custkey", "nation.n_name"], "Plans": [{"Node Type": "Gather Merge", "Parent Relationship": "Outer", "Parallel Aware": false, "Startup Cost": 1267114.68, "Total Cost": 1337168.82, "Plan Rows": 553059, "Plan Width": 201, "Workers Planned": 3, "Plans": [{"Node Type": "Aggregate", "Strategy": "Sorted", "Partial Mode": "Partial", "Parent Relationship": "Outer", "Parallel Aware": false, "Startup Cost": 1266114.64, "Total Cost": 1271184.35, "Plan Rows": 184353, "Plan Width": 201, "Group Key": ["customer.c_custkey", "nation.n_name"], "Plans": [{"Node Type": "Sort", "Parent Relationship": "Outer", "Parallel Aware": false, "Startup Cost": 1266114.64, "Total Cost": 1266575.52, "Plan Rows": 184353, "Plan Width": 181, "Sort Key": ["customer.c_custkey", "nation.n_name"], "Plans": [{"Node Type": "Hash Join", "Parent Relationship": "Outer", "Parallel Aware": false, "Join Type": "Inner", "Startup Cost": 1193729.9, "Total Cost": 1240394.97, "Plan Rows": 184353, "Plan Width": 181, "Inner Unique": true, "Hash Cond": "(customer.c_nationkey = nation.n_nationkey)", "Plans": [{"Node Type": "Hash Join", "Parent Relationship": "Outer", "Parallel Aware": true, "Join Type": "Inner", "Startup Cost": 1193728.34, "Total Cost": 1239827.45, "Plan Rows": 184353, "Plan Width": 159, "Inner Unique": false, "Hash Cond": "(customer.c_custkey = orders.o_custkey)", "Plans": [{"Node Type": "Seq Scan", "Parent Relationship": "Outer", "Parallel Aware": true, "Relation Name": "customer", "Alias": "customer", "Startup Cost": 0.0, "Total Cost": 40665.71, "Plan Rows": 483871, "Plan Width": 147}, {"Node Type": "Hash", "Parent Relationship": "Inner", "Parallel Aware": true, "Startup Cost": 1191423.92, "Total Cost": 1191423.92, "Plan Rows": 184353, "Plan Width": 16, "Plans": [{"Node Type": "Nested Loop", "Parent Relationship": "Outer", "Parallel Aware": false, "Join Type": "Inner", "Startup Cost": 7687.3, "Total Cost": 1191423.92, "Plan Rows": 184353, "Plan Width": 16, "Inner Unique": false, "Plans": [{"Node Type": "Bitmap Heap Scan", "Parent Relationship": "Outer", "Parallel Aware": true, "Relation Name": "orders", "Alias": "orders", "Startup Cost": 7686.2, "Total Cost": 271400.24, "Plan Rows": 186803, "Plan Width": 8, "Recheck Cond": "((o_orderdate >= '1994-05-01'::date) AND (o_orderdate < '1994-08-01 00:00:00'::timestamp without time zone))", "Plans": [{"Node Type": "Bitmap Index Scan", "Parent Relationship": "Outer", "Parallel Aware": false, "Index Name": "idx_orders_orderdate", "Startup Cost": 0.0, "Total Cost": 7541.43, "Plan Rows": 579089, "Plan Width": 0, "Index Cond": "((o_orderdate >= '1994-05-01'::date) AND (o_orderdate < '1994-08-01 00:00:00'::timestamp without time zone))"}]}, {"Node Type": "Bitmap Heap Scan", "Parent Relationship": "Inner", "Parallel Aware": false, "Relation Name": "lineitem", "Alias": "lineitem", "Startup Cost": 1.11, "Total Cost": 4.86, "Plan Rows": 7, "Plan Width": 16, "Recheck Cond": "(l_orderkey = orders.o_orderkey)", "Filter": "(l_returnflag = 'R'::bpchar)", "Plans": [{"Node Type": "Bitmap Index Scan", "Parent Relationship": "Outer", "Parallel Aware": false, "Index Name": "lineitem_pkey", "Startup Cost": 0.0, "Total Cost": 1.1, "Plan Rows": 30, "Plan Width": 0, "Index Cond": "(l_orderkey = orders.o_orderkey)"}]}]}]}]}, {"Node Type": "Hash", "Parent Relationship": "Inner", "Parallel Aware": false, "Startup Cost": 1.25, "Total Cost": 1.25, "Plan Rows": 25, "Plan Width": 30, "Plans": [{"Node Type": "Seq Scan", "Parent Relationship": "Outer", "Parallel Aware": false, "Relation Name": "nation", "Alias": "nation", "Startup Cost": 0.0, "Total Cost": 1.25, "Plan Rows": 25, "Plan Width": 30}]}]}]}]}]}]}]}]}}, {"Plan": {"Node Type": "Limit", "Parallel Aware": false, "Startup Cost": 1826316.18, "Total Cost": 1826316.23, "Plan Rows": 20, "Plan Width": 201, "Plans": [{"Node Type": "Sort", "Parent Relationship": "Outer", "Parallel Aware": false, "Startup Cost": 1826316.18, "Total Cost": 1827744.92, "Plan Rows": 571494, "Plan Width": 201, "Sort Key": ["(sum((lineitem.l_extendedprice * ('1'::numeric - lineitem.l_discount)))) DESC"], "Plans": [{"Node Type": "Aggregate", "Strategy": "Sorted", "Partial Mode": "Finalize", "Parent Relationship": "Outer", "Parallel Aware": false, "Startup Cost": 1728380.53, "Total Cost": 1811108.93, "Plan Rows": 571494, "Plan Width": 201, "Group Key": ["customer.c_custkey", "nation.n_name"], "Plans": [{"Node Type": "Gather Merge", "Parent Relationship": "Outer", "Parallel Aware": false, "Startup Cost": 1728380.53, "Total Cost": 1798434.67, "Plan Rows": 553059, "Plan Width": 201, "Workers Planned": 3, "Plans": [{"Node Type": "Aggregate", "Strategy": "Sorted", "Partial Mode": "Partial", "Parent Relationship": "Outer", "Parallel Aware": false, "Startup Cost": 1727380.49, "Total Cost": 1732450.2, "Plan Rows": 184353, "Plan Width": 201, "Group Key": ["customer.c_custkey", "nation.n_name"], "Plans": [{"Node Type": "Sort", "Parent Relationship": "Outer", "Parallel Aware": false, "Startup Cost": 1727380.49, "Total Cost": 1727841.37, "Plan Rows": 184353, "Plan Width": 181, "Sort Key": ["customer.c_custkey", "nation.n_name"], "Plans": [{"Node Type": "Hash Join", "Parent Relationship": "Outer", "Parallel Aware": false, "Join Type": "Inner", "Startup Cost": 1654995.75, "Total Cost": 1701660.82, "Plan Rows": 184353, "Plan Width": 181, "Inner Unique": true, "Hash Cond": "(customer.c_nationkey = nation.n_nationkey)", "Plans": [{"Node Type": "Hash Join", "Parent Relationship": "Outer", "Parallel Aware": true, "Join Type": "Inner", "Startup Cost": 1654994.19, "Total Cost": 1701093.3, "Plan Rows": 184353, "Plan Width": 159, "Inner Unique": false, "Hash Cond": "(customer.c_custkey = orders.o_custkey)", "Plans": [{"Node Type": "Seq Scan", "Parent Relationship": "Outer", "Parallel Aware": true, "Relation Name": "customer", "Alias": "customer", "Startup Cost": 0.0, "Total Cost": 40665.71, "Plan Rows": 483871, "Plan Width": 147}, {"Node Type": "Hash", "Parent Relationship": "Inner", "Parallel Aware": true, "Startup Cost": 1652689.77, "Total Cost": 1652689.77, "Plan Rows": 184353, "Plan Width": 16, "Plans": [{"Node Type": "Hash Join", "Parent Relationship": "Outer", "Parallel Aware": true, "Join Type": "Inner", "Startup Cost": 273735.28, "Total Cost": 1652689.77, "Plan Rows": 184353, "Plan Width": 16, "Inner Unique": true, "Hash Cond": "(lineitem.l_orderkey = orders.o_orderkey)", "Plans": [{"Node Type": "Seq Scan", "Parent Relationship": "Outer", "Parallel Aware": true, "Relation Name": "lineitem", "Alias": "lineitem", "Startup Cost": 0.0, "Total Cost": 1366420.13, "Plan Rows": 4774997, "Plan Width": 16, "Filter": "(l_returnflag = 'R'::bpchar)"}, {"Node Type": "Hash", "Parent Relationship": "Inner", "Parallel Aware": true, "Startup Cost": 271400.24, "Total Cost": 271400.24, "Plan Rows": 186803, "Plan Width": 8, "Plans": [{"Node Type": "Bitmap Heap Scan", "Parent Relationship": "Outer", "Parallel Aware": true, "Relation Name": "orders", "Alias": "orders", "Startup Cost": 7686.2, "Total Cost": 271400.24, "Plan Rows": 186803, "Plan Width": 8, "Recheck Cond": "((o_orderdate >= '1994-05-01'::date) AND (o_orderdate < '1994-08-01 00:00:00'::timestamp without time zone))", "Plans": [{"Node Type": "Bitmap Index Scan", "Parent Relationship": "Outer", "Parallel Aware": false, "Index Name": "idx_orders_orderdate", "Startup Cost": 0.0, "Total Cost": 7541.43, "Plan Rows": 579089, "Plan Width": 0, "Index Cond": "((o_orderdate >= '1994-05-01'::date) AND (o_orderdate < '1994-08-01 00:00:00'::timestamp without time zone))"}]}]}]}]}]}, {"Node Type": "Hash", "Parent Relationship": "Inner", "Parallel Aware": false, "Startup Cost": 1.25, "Total Cost": 1.25, "Plan Rows": 25, "Plan Width": 30, "Plans": [{"Node Type": "Seq Scan", "Parent Relationship": "Outer", "Parallel Aware": false, "Relation Name": "nation", "Alias": "nation", "Startup Cost": 0.0, "Total Cost": 1.25, "Plan Rows": 25, "Plan Width": 30}]}]}]}]}]}]}]}]}}, {"Plan": {"Node Type": "Limit", "Parallel Aware": false, "Startup Cost": 2439027.42, "Total Cost": 2439027.47, "Plan Rows": 20, "Plan Width": 201, "Plans": [{"Node Type": "Sort", "Parent Relationship": "Outer", "Parallel Aware": false, "Startup Cost": 2439027.42, "Total Cost": 2440456.16, "Plan Rows": 571494, "Plan Width": 201, "Sort Key": ["(sum((lineitem.l_extendedprice * ('1'::numeric - lineitem.l_discount)))) DESC"], "Plans": [{"Node Type": "Aggregate", "Strategy": "Sorted", "Partial Mode": "Finalize", "Parent Relationship": "Outer", "Parallel Aware": false, "Startup Cost": 2341091.77, "Total Cost": 2423820.17, "Plan Rows": 571494, "Plan Width": 201, "Group Key": ["customer.c_custkey", "nation.n_name"], "Plans": [{"Node Type": "Gather Merge", "Parent Relationship": "Outer", "Parallel Aware": false, "Startup Cost": 2341091.77, "Total Cost": 2411145.91, "Plan Rows": 553059, "Plan Width": 201, "Workers Planned": 3, "Plans": [{"Node Type": "Aggregate", "Strategy": "Sorted", "Partial Mode": "Partial", "Parent Relationship": "Outer", "Parallel Aware": false, "Startup Cost": 2340091.73, "Total Cost": 2345161.44, "Plan Rows": 184353, "Plan Width": 201, "Group Key": ["customer.c_custkey", "nation.n_name"], "Plans": [{"Node Type": "Sort", "Parent Relationship": "Outer", "Parallel Aware": false, "Startup Cost": 2340091.73, "Total Cost": 2340552.61, "Plan Rows": 184353, "Plan Width": 181, "Sort Key": ["customer.c_custkey", "nation.n_name"], "Plans": [{"Node Type": "Merge Join", "Parent Relationship": "Outer", "Parallel Aware": false, "Join Type": "Inner", "Startup Cost": 2311603.03, "Total Cost": 2314372.06, "Plan Rows": 184353, "Plan Width": 181, "Inner Unique": true, "Merge Cond": "(customer.c_nationkey = nation.n_nationkey)", "Plans": [{"Node Type": "Sort", "Parent Relationship": "Outer", "Parallel Aware": false, "Startup Cost": 2311602.89, "Total Cost": 2312063.78, "Plan Rows": 184353, "Plan Width": 159, "Sort Key": ["customer.c_nationkey"], "Plans": [{"Node Type": "Merge Join", "Parent Relationship": "Outer", "Parallel Aware": false, "Join Type": "Inner", "Startup Cost": 2217620.9, "Total Cost": 2286990.23, "Plan Rows": 184353, "Plan Width": 159, "Inner Unique": true, "Merge Cond": "(orders.o_custkey = customer.c_custkey)", "Plans": [{"Node Type": "Sort", "Parent Relationship": "Outer", "Parallel Aware": false, "Startup Cost": 2217620.47, "Total Cost": 2218081.35, "Plan Rows": 184353, "Plan Width": 16, "Sort Key": ["orders.o_custkey"], "Plans": [{"Node Type": "Merge Join", "Parent Relationship": "Outer", "Parallel Aware": false, "Join Type": "Inner", "Startup Cost": 337398.54, "Total Cost": 2201496.85, "Plan Rows": 184353, "Plan Width": 16, "Inner Unique": true, "Merge Cond": "(lineitem.l_orderkey = orders.o_orderkey)", "Plans": [{"Node Type": "Index Scan", "Parent Relationship": "Outer", "Parallel Aware": true, "Scan Direction": "Forward", "Index Name": "idx_lineitem_orderkey", "Relation Name": "lineitem", "Alias": "lineitem", "Startup Cost": 0.56, "Total Cost": 1847467.97, "Plan Rows": 4774997, "Plan Width": 16, "Filter": "(l_returnflag = 'R'::bpchar)"}, {"Node Type": "Sort", "Parent Relationship": "Inner", "Parallel Aware": false, "Startup Cost": 337352.42, "Total Cost": 338800.14, "Plan Rows": 579089, "Plan Width": 8, "Sort Key": ["orders.o_orderkey"], "Plans": [{"Node Type": "Bitmap Heap Scan", "Parent Relationship": "Outer", "Parallel Aware": false, "Relation Name": "orders", "Alias": "orders", "Startup Cost": 7686.2, "Total Cost": 277284.53, "Plan Rows": 579089, "Plan Width": 8, "Recheck Cond": "((o_orderdate >= '1994-05-01'::date) AND (o_orderdate < '1994-08-01 00:00:00'::timestamp without time zone))", "Plans": [{"Node Type": "Bitmap Index Scan", "Parent Relationship": "Outer", "Parallel Aware": false, "Index Name": "idx_orders_orderdate", "Startup Cost": 0.0, "Total Cost": 7541.43, "Plan Rows": 579089, "Plan Width": 0, "Index Cond": "((o_orderdate >= '1994-05-01'::date) AND (o_orderdate < '1994-08-01 00:00:00'::timestamp without time zone))"}]}]}]}]}, {"Node Type": "Index Scan", "Parent Relationship": "Inner", "Parallel Aware": false, "Scan Direction": "Forward", "Index Name": "customer_pkey", "Relation Name": "customer", "Alias": "customer", "Startup Cost": 0.43, "Total Cost": 62855.13, "Plan Rows": 1500000, "Plan Width": 147}]}]}, {"Node Type": "Index Scan", "Parent Relationship": "Inner", "Parallel Aware": false, "Scan Direction": "Forward", "Index Name": "nation_pkey", "Relation Name": "nation", "Alias": "nation", "Startup Cost": 0.14, "Total Cost": 3.81, "Plan Rows": 25, "Plan Width": 30}]}]}]}]}]}]}]}}, {"Plan": {"Node Type": "Limit", "Parallel Aware": false, "Startup Cost": 961731.86, "Total Cost": 961731.91, "Plan Rows": 20, "Plan Width": 201, "Plans": [{"Node Type": "Sort", "Parent Relationship": "Outer", "Parallel Aware": false, "Startup Cost": 961731.86, "Total Cost": 963160.59, "Plan Rows": 571494, "Plan Width": 201, "Sort Key": ["(sum((lineitem.l_extendedprice * ('1'::numeric - lineitem.l_discount)))) DESC"], "Plans": [{"Node Type": "Aggregate", "Strategy": "Sorted", "Partial Mode": "Finalize", "Parent Relationship": "Outer", "Parallel Aware": false, "Startup Cost": 863796.2, "Total Cost": 946524.61, "Plan Rows": 571494, "Plan Width": 201, "Group Key": ["customer.c_custkey", "nation.n_name"], "Plans": [{"Node Type": "Gather Merge", "Parent Relationship": "Outer", "Parallel Aware": false, "Startup Cost": 863796.2, "Total Cost": 933850.34, "Plan Rows": 553059, "Plan Width": 201, "Workers Planned": 3, "Plans": [{"Node Type": "Aggregate", "Strategy": "Sorted", "Partial Mode": "Partial", "Parent Relationship": "Outer", "Parallel Aware": false, "Startup Cost": 862796.16, "Total Cost": 867865.87, "Plan Rows": 184353, "Plan Width": 201, "Group Key": ["customer.c_custkey", "nation.n_name"], "Plans": [{"Node Type": "Sort", "Parent Relationship": "Outer", "Parallel Aware": false, "Startup Cost": 862796.16, "Total Cost": 863257.04, "Plan Rows": 184353, "Plan Width": 181, "Sort Key": ["customer.c_custkey", "nation.n_name"], "Plans": [{"Node Type": "Merge Join", "Parent Relationship": "Outer", "Parallel Aware": false, "Join Type": "Inner", "Startup Cost": 834307.46, "Total Cost": 837076.5, "Plan Rows": 184353, "Plan Width": 181, "Inner Unique": true, "Merge Cond": "(customer.c_nationkey = nation.n_nationkey)", "Plans": [{"Node Type": "Sort", "Parent Relationship": "Outer", "Parallel Aware": false, "Startup Cost": 834307.33, "Total Cost": 834768.21, "Plan Rows": 184353, "Plan Width": 159, "Sort Key": ["customer.c_nationkey"], "Plans": [{"Node Type": "Merge Join", "Parent Relationship": "Outer", "Parallel Aware": false, "Join Type": "Inner", "Startup Cost": 740325.34, "Total Cost": 809694.66, "Plan Rows": 184353, "Plan Width": 159, "Inner Unique": true, "Merge Cond": "(orders.o_custkey = customer.c_custkey)", "Plans": [{"Node Type": "Sort", "Parent Relationship": "Outer", "Parallel Aware": false, "Startup Cost": 740324.9, "Total Cost": 740785.79, "Plan Rows": 184353, "Plan Width": 16, "Sort Key": ["orders.o_custkey"], "Plans": [{"Node Type": "Nested Loop", "Parent Relationship": "Outer", "Parallel Aware": false, "Join Type": "Inner", "Startup Cost": 7686.76, "Total Cost": 724201.29, "Plan Rows": 184353, "Plan Width": 16, "Inner Unique": false, "Plans": [{"Node Type": "Bitmap Heap Scan", "Parent Relationship": "Outer", "Parallel Aware": true, "Relation Name": "orders", "Alias": "orders", "Startup Cost": 7686.2, "Total Cost": 271400.24, "Plan Rows": 186803, "Plan Width": 8, "Recheck Cond": "((o_orderdate >= '1994-05-01'::date) AND (o_orderdate < '1994-08-01 00:00:00'::timestamp without time zone))", "Plans": [{"Node Type": "Bitmap Index Scan", "Parent Relationship": "Outer", "Parallel Aware": false, "Index Name": "idx_orders_orderdate", "Startup Cost": 0.0, "Total Cost": 7541.43, "Plan Rows": 579089, "Plan Width": 0, "Index Cond": "((o_orderdate >= '1994-05-01'::date) AND (o_orderdate < '1994-08-01 00:00:00'::timestamp without time zone))"}]}, {"Node Type": "Index Scan", "Parent Relationship": "Inner", "Parallel Aware": false, "Scan Direction": "Forward", "Index Name": "idx_lineitem_orderkey", "Relation Name": "lineitem", "Alias": "lineitem", "Startup Cost": 0.56, "Total Cost": 2.35, "Plan Rows": 7, "Plan Width": 16, "Index Cond": "(l_orderkey = orders.o_orderkey)", "Filter": "(l_returnflag = 'R'::bpchar)"}]}]}, {"Node Type": "Index Scan", "Parent Relationship": "Inner", "Parallel Aware": false, "Scan Direction": "Forward", "Index Name": "customer_pkey", "Relation Name": "customer", "Alias": "customer", "Startup Cost": 0.43, "Total Cost": 62855.13, "Plan Rows": 1500000, "Plan Width": 147}]}]}, {"Node Type": "Index Scan", "Parent Relationship": "Inner", "Parallel Aware": false, "Scan Direction": "Forward", "Index Name": "nation_pkey", "Relation Name": "nation", "Alias": "nation", "Startup Cost": 0.14, "Total Cost": 3.81, "Plan Rows": 25, "Plan Width": 30}]}]}]}]}]}]}]}}, {"Plan": {"Node Type": "Limit", "Parallel Aware": false, "Startup Cost": 972261.09, "Total Cost": 972261.14, "Plan Rows": 20, "Plan Width": 201, "Plans": [{"Node Type": "Sort", "Parent Relationship": "Outer", "Parallel Aware": false, "Startup Cost": 972261.09, "Total Cost": 973689.82, "Plan Rows": 571494, "Plan Width": 201, "Sort Key": ["(sum((lineitem.l_extendedprice * ('1'::numeric - lineitem.l_discount)))) DESC"], "Plans": [{"Node Type": "Aggregate", "Strategy": "Sorted", "Partial Mode": "Finalize", "Parent Relationship": "Outer", "Parallel Aware": false, "Startup Cost": 874325.43, "Total Cost": 957053.84, "Plan Rows": 571494, "Plan Width": 201, "Group Key": ["customer.c_custkey", "nation.n_name"], "Plans": [{"Node Type": "Gather Merge", "Parent Relationship": "Outer", "Parallel Aware": false, "Startup Cost": 874325.43, "Total Cost": 944379.57, "Plan Rows": 553059, "Plan Width": 201, "Workers Planned": 3, "Plans": [{"Node Type": "Aggregate", "Strategy": "Sorted", "Partial Mode": "Partial", "Parent Relationship": "Outer", "Parallel Aware": false, "Startup Cost": 873325.39, "Total Cost": 878395.1, "Plan Rows": 184353, "Plan Width": 201, "Group Key": ["customer.c_custkey", "nation.n_name"], "Plans": [{"Node Type": "Sort", "Parent Relationship": "Outer", "Parallel Aware": false, "Startup Cost": 873325.39, "Total Cost": 873786.28, "Plan Rows": 184353, "Plan Width": 181, "Sort Key": ["customer.c_custkey", "nation.n_name"], "Plans": [{"Node Type": "Merge Join", "Parent Relationship": "Outer", "Parallel Aware": false, "Join Type": "Inner", "Startup Cost": 844840.31, "Total Cost": 847605.73, "Plan Rows": 184353, "Plan Width": 181, "Inner Unique": true, "Merge Cond": "(customer.c_nationkey = nation.n_nationkey)", "Plans": [{"Node Type": "Sort", "Parent Relationship": "Outer", "Parallel Aware": false, "Startup Cost": 844838.48, "Total Cost": 845299.36, "Plan Rows": 184353, "Plan Width": 159, "Sort Key": ["customer.c_nationkey"], "Plans": [{"Node Type": "Nested Loop", "Parent Relationship": "Outer", "Parallel Aware": false, "Join Type": "Inner", "Startup Cost": 7687.19, "Total Cost": 820225.81, "Plan Rows": 184353, "Plan Width": 159, "Inner Unique": true, "Plans": [{"Node Type": "Nested Loop", "Parent Relationship": "Outer", "Parallel Aware": false, "Join Type": "Inner", "Startup Cost": 7686.76, "Total Cost": 724201.29, "Plan Rows": 184353, "Plan Width": 16, "Inner Unique": false, "Plans": [{"Node Type": "Bitmap Heap Scan", "Parent Relationship": "Outer", "Parallel Aware": true, "Relation Name": "orders", "Alias": "orders", "Startup Cost": 7686.2, "Total Cost": 271400.24, "Plan Rows": 186803, "Plan Width": 8, "Recheck Cond": "((o_orderdate >= '1994-05-01'::date) AND (o_orderdate < '1994-08-01 00:00:00'::timestamp without time zone))", "Plans": [{"Node Type": "Bitmap Index Scan", "Parent Relationship": "Outer", "Parallel Aware": false, "Index Name": "idx_orders_orderdate", "Startup Cost": 0.0, "Total Cost": 7541.43, "Plan Rows": 579089, "Plan Width": 0, "Index Cond": "((o_orderdate >= '1994-05-01'::date) AND (o_orderdate < '1994-08-01 00:00:00'::timestamp without time zone))"}]}, {"Node Type": "Index Scan", "Parent Relationship": "Inner", "Parallel Aware": false, "Scan Direction": "Forward", "Index Name": "idx_lineitem_orderkey", "Relation Name": "lineitem", "Alias": "lineitem", "Startup Cost": 0.56, "Total Cost": 2.35, "Plan Rows": 7, "Plan Width": 16, "Index Cond": "(l_orderkey = orders.o_orderkey)", "Filter": "(l_returnflag = 'R'::bpchar)"}]}, {"Node Type": "Index Scan", "Parent Relationship": "Inner", "Parallel Aware": false, "Scan Direction": "Forward", "Index Name": "customer_pkey", "Relation Name": "customer", "Alias": "customer", "Startup Cost": 0.43, "Total Cost": 0.52, "Plan Rows": 1, "Plan Width": 147, "Index Cond": "(c_custkey = orders.o_custkey)"}]}]}, {"Node Type": "Sort", "Parent Relationship": "Inner", "Parallel Aware": false, "Startup Cost": 1.83, "Total Cost": 1.89, "Plan Rows": 25, "Plan Width": 30, "Sort Key": ["nation.n_nationkey"], "Plans": [{"Node Type": "Seq Scan", "Parent Relationship": "Outer", "Parallel Aware": false, "Relation Name": "nation", "Alias": "nation", "Startup Cost": 0.0, "Total Cost": 1.25, "Plan Rows": 25, "Plan Width": 30}]}]}]}]}]}]}]}]}}, {"Plan": {"Node Type": "Limit", "Parallel Aware": false, "Startup Cost": 2512653.21, "Total Cost": 2512653.26, "Plan Rows": 20, "Plan Width": 201, "Plans": [{"Node Type": "Sort", "Parent Relationship": "Outer", "Parallel Aware": false, "Startup Cost": 2512653.21, "Total Cost": 2514081.94, "Plan Rows": 571494, "Plan Width": 201, "Sort Key": ["(sum((lineitem.l_extendedprice * ('1'::numeric - lineitem.l_discount)))) DESC"], "Plans": [{"Node Type": "Aggregate", "Strategy": "Sorted", "Partial Mode": "Finalize", "Parent Relationship": "Outer", "Parallel Aware": false, "Startup Cost": 2414717.55, "Total Cost": 2497445.96, "Plan Rows": 571494, "Plan Width": 201, "Group Key": ["customer.c_custkey", "nation.n_name"], "Plans": [{"Node Type": "Gather Merge", "Parent Relationship": "Outer", "Parallel Aware": false, "Startup Cost": 2414717.55, "Total Cost": 2484771.69, "Plan Rows": 553059, "Plan Width": 201, "Workers Planned": 3, "Plans": [{"Node Type": "Aggregate", "Strategy": "Sorted", "Partial Mode": "Partial", "Parent Relationship": "Outer", "Parallel Aware": false, "Startup Cost": 2413717.51, "Total Cost": 2418787.22, "Plan Rows": 184353, "Plan Width": 201, "Group Key": ["customer.c_custkey", "nation.n_name"], "Plans": [{"Node Type": "Sort", "Parent Relationship": "Outer", "Parallel Aware": false, "Startup Cost": 2413717.51, "Total Cost": 2414178.39, "Plan Rows": 184353, "Plan Width": 181, "Sort Key": ["customer.c_custkey", "nation.n_name"], "Plans": [{"Node Type": "Merge Join", "Parent Relationship": "Outer", "Parallel Aware": false, "Join Type": "Inner", "Startup Cost": 2385232.43, "Total Cost": 2387997.85, "Plan Rows": 184353, "Plan Width": 181, "Inner Unique": true, "Merge Cond": "(customer.c_nationkey = nation.n_nationkey)", "Plans": [{"Node Type": "Sort", "Parent Relationship": "Outer", "Parallel Aware": false, "Startup Cost": 2385230.6, "Total Cost": 2385691.48, "Plan Rows": 184353, "Plan Width": 159, "Sort Key": ["customer.c_nationkey"], "Plans": [{"Node Type": "Merge Join", "Parent Relationship": "Outer", "Parallel Aware": false, "Join Type": "Inner", "Startup Cost": 495071.9, "Total Cost": 2360617.93, "Plan Rows": 184353, "Plan Width": 159, "Inner Unique": false, "Merge Cond": "(lineitem.l_orderkey = orders.o_orderkey)", "Plans": [{"Node Type": "Index Scan", "Parent Relationship": "Outer", "Parallel Aware": true, "Scan Direction": "Forward", "Index Name": "idx_lineitem_orderkey", "Relation Name": "lineitem", "Alias": "lineitem", "Startup Cost": 0.56, "Total Cost": 1847467.97, "Plan Rows": 4774997, "Plan Width": 16, "Filter": "(l_returnflag = 'R'::bpchar)"}, {"Node Type": "Materialize", "Parent Relationship": "Inner", "Parallel Aware": false, "Startup Cost": 495025.77, "Total Cost": 497921.22, "Plan Rows": 579089, "Plan Width": 151, "Plans": [{"Node Type": "Sort", "Parent Relationship": "Outer", "Parallel Aware": false, "Startup Cost": 495025.77, "Total Cost": 496473.5, "Plan Rows": 579089, "Plan Width": 151, "Sort Key": ["orders.o_orderkey"], "Plans": [{"Node Type": "Merge Join", "Parent Relationship": "Outer", "Parallel Aware": false, "Join Type": "Inner", "Startup Cost": 337352.87, "Total Cost": 414090.94, "Plan Rows": 579089, "Plan Width": 151, "Inner Unique": false, "Merge Cond": "(customer.c_custkey = orders.o_custkey)", "Plans": [{"Node Type": "Index Scan", "Parent Relationship": "Outer", "Parallel Aware": false, "Scan Direction": "Forward", "Index Name": "customer_pkey", "Relation Name": "customer", "Alias": "customer", "Startup Cost": 0.43, "Total Cost": 62855.13, "Plan Rows": 1500000, "Plan Width": 147}, {"Node Type": "Materialize", "Parent Relationship": "Inner", "Parallel Aware": false, "Startup Cost": 337352.42, "Total Cost": 340247.86, "Plan Rows": 579089, "Plan Width": 8, "Plans": [{"Node Type": "Sort", "Parent Relationship": "Outer", "Parallel Aware": false, "Startup Cost": 337352.42, "Total Cost": 338800.14, "Plan Rows": 579089, "Plan Width": 8, "Sort Key": ["orders.o_custkey"], "Plans": [{"Node Type": "Bitmap Heap Scan", "Parent Relationship": "Outer", "Parallel Aware": false, "Relation Name": "orders", "Alias": "orders", "Startup Cost": 7686.2, "Total Cost": 277284.53, "Plan Rows": 579089, "Plan Width": 8, "Recheck Cond": "((o_orderdate >= '1994-05-01'::date) AND (o_orderdate < '1994-08-01 00:00:00'::timestamp without time zone))", "Plans": [{"Node Type": "Bitmap Index Scan", "Parent Relationship": "Outer", "Parallel Aware": false, "Index Name": "idx_orders_orderdate", "Startup Cost": 0.0, "Total Cost": 7541.43, "Plan Rows": 579089, "Plan Width": 0, "Index Cond": "((o_orderdate >= '1994-05-01'::date) AND (o_orderdate < '1994-08-01 00:00:00'::timestamp without time zone))"}]}]}]}]}]}]}]}]}, {"Node Type": "Sort", "Parent Relationship": "Inner", "Parallel Aware": false, "Startup Cost": 1.83, "Total Cost": 1.89, "Plan Rows": 25, "Plan Width": 30, "Sort Key": ["nation.n_nationkey"], "Plans": [{"Node Type": "Seq Scan", "Parent Relationship": "Outer", "Parallel Aware": false, "Relation Name": "nation", "Alias": "nation", "Startup Cost": 0.0, "Total Cost": 1.25, "Plan Rows": 25, "Plan Width": 30}]}]}]}]}]}]}]}]}}, {"Plan": {"Node Type": "Limit", "Parallel Aware": false, "Startup Cost": 973342.83, "Total Cost": 973342.88, "Plan Rows": 20, "Plan Width": 201, "Plans": [{"Node Type": "Sort", "Parent Relationship": "Outer", "Parallel Aware": false, "Startup Cost": 973342.83, "Total Cost": 974771.57, "Plan Rows": 571494, "Plan Width": 201, "Sort Key": ["(sum((lineitem.l_extendedprice * ('1'::numeric - lineitem.l_discount)))) DESC"], "Plans": [{"Node Type": "Aggregate", "Strategy": "Sorted", "Partial Mode": "Finalize", "Parent Relationship": "Outer", "Parallel Aware": false, "Startup Cost": 875407.18, "Total Cost": 958135.58, "Plan Rows": 571494, "Plan Width": 201, "Group Key": ["customer.c_custkey", "nation.n_name"], "Plans": [{"Node Type": "Gather Merge", "Parent Relationship": "Outer", "Parallel Aware": false, "Startup Cost": 875407.18, "Total Cost": 945461.32, "Plan Rows": 553059, "Plan Width": 201, "Workers Planned": 3, "Plans": [{"Node Type": "Aggregate", "Strategy": "Sorted", "Partial Mode": "Partial", "Parent Relationship": "Outer", "Parallel Aware": false, "Startup Cost": 874407.14, "Total Cost": 879476.85, "Plan Rows": 184353, "Plan Width": 201, "Group Key": ["customer.c_custkey", "nation.n_name"], "Plans": [{"Node Type": "Sort", "Parent Relationship": "Outer", "Parallel Aware": false, "Startup Cost": 874407.14, "Total Cost": 874868.02, "Plan Rows": 184353, "Plan Width": 181, "Sort Key": ["customer.c_custkey", "nation.n_name"], "Plans": [{"Node Type": "Nested Loop", "Parent Relationship": "Outer", "Parallel Aware": false, "Join Type": "Inner", "Startup Cost": 7687.33, "Total Cost": 848687.47, "Plan Rows": 184353, "Plan Width": 181, "Inner Unique": true, "Plans": [{"Node Type": "Nested Loop", "Parent Relationship": "Outer", "Parallel Aware": false, "Join Type": "Inner", "Startup Cost": 7687.19, "Total Cost": 820225.81, "Plan Rows": 184353, "Plan Width": 159, "Inner Unique": true, "Plans": [{"Node Type": "Nested Loop", "Parent Relationship": "Outer", "Parallel Aware": false, "Join Type": "Inner", "Startup Cost": 7686.76, "Total Cost": 724201.29, "Plan Rows": 184353, "Plan Width": 16, "Inner Unique": false, "Plans": [{"Node Type": "Bitmap Heap Scan", "Parent Relationship": "Outer", "Parallel Aware": true, "Relation Name": "orders", "Alias": "orders", "Startup Cost": 7686.2, "Total Cost": 271400.24, "Plan Rows": 186803, "Plan Width": 8, "Recheck Cond": "((o_orderdate >= '1994-05-01'::date) AND (o_orderdate < '1994-08-01 00:00:00'::timestamp without time zone))", "Plans": [{"Node Type": "Bitmap Index Scan", "Parent Relationship": "Outer", "Parallel Aware": false, "Index Name": "idx_orders_orderdate", "Startup Cost": 0.0, "Total Cost": 7541.43, "Plan Rows": 579089, "Plan Width": 0, "Index Cond": "((o_orderdate >= '1994-05-01'::date) AND (o_orderdate < '1994-08-01 00:00:00'::timestamp without time zone))"}]}, {"Node Type": "Index Scan", "Parent Relationship": "Inner", "Parallel Aware": false, "Scan Direction": "Forward", "Index Name": "idx_lineitem_orderkey", "Relation Name": "lineitem", "Alias": "lineitem", "Startup Cost": 0.56, "Total Cost": 2.35, "Plan Rows": 7, "Plan Width": 16, "Index Cond": "(l_orderkey = orders.o_orderkey)", "Filter": "(l_returnflag = 'R'::bpchar)"}]}, {"Node Type": "Index Scan", "Parent Relationship": "Inner", "Parallel Aware": false, "Scan Direction": "Forward", "Index Name": "customer_pkey", "Relation Name": "customer", "Alias": "customer", "Startup Cost": 0.43, "Total Cost": 0.52, "Plan Rows": 1, "Plan Width": 147, "Index Cond": "(c_custkey = orders.o_custkey)"}]}, {"Node Type": "Index Scan", "Parent Relationship": "Inner", "Parallel Aware": false, "Scan Direction": "Forward", "Index Name": "nation_pkey", "Relation Name": "nation", "Alias": "nation", "Startup Cost": 0.14, "Total Cost": 0.16, "Plan Rows": 1, "Plan Width": 30, "Index Cond": "(n_nationkey = customer.c_nationkey)"}]}]}]}]}]}]}]}}, {"Plan": {"Node Type": "Limit", "Parallel Aware": false, "Startup Cost": 973342.83, "Total Cost": 973342.88, "Plan Rows": 20, "Plan Width": 201, "Plans": [{"Node Type": "Sort", "Parent Relationship": "Outer", "Parallel Aware": false, "Startup Cost": 973342.83, "Total Cost": 974771.57, "Plan Rows": 571494, "Plan Width": 201, "Sort Key": ["(sum((lineitem.l_extendedprice * ('1'::numeric - lineitem.l_discount)))) DESC"], "Plans": [{"Node Type": "Aggregate", "Strategy": "Sorted", "Partial Mode": "Finalize", "Parent Relationship": "Outer", "Parallel Aware": false, "Startup Cost": 875407.18, "Total Cost": 958135.58, "Plan Rows": 571494, "Plan Width": 201, "Group Key": ["customer.c_custkey", "nation.n_name"], "Plans": [{"Node Type": "Gather Merge", "Parent Relationship": "Outer", "Parallel Aware": false, "Startup Cost": 875407.18, "Total Cost": 945461.32, "Plan Rows": 553059, "Plan Width": 201, "Workers Planned": 3, "Plans": [{"Node Type": "Aggregate", "Strategy": "Sorted", "Partial Mode": "Partial", "Parent Relationship": "Outer", "Parallel Aware": false, "Startup Cost": 874407.14, "Total Cost": 879476.85, "Plan Rows": 184353, "Plan Width": 201, "Group Key": ["customer.c_custkey", "nation.n_name"], "Plans": [{"Node Type": "Sort", "Parent Relationship": "Outer", "Parallel Aware": false, "Startup Cost": 874407.14, "Total Cost": 874868.02, "Plan Rows": 184353, "Plan Width": 181, "Sort Key": ["customer.c_custkey", "nation.n_name"], "Plans": [{"Node Type": "Nested Loop", "Parent Relationship": "Outer", "Parallel Aware": false, "Join Type": "Inner", "Startup Cost": 7687.33, "Total Cost": 848687.47, "Plan Rows": 184353, "Plan Width": 181, "Inner Unique": true, "Plans": [{"Node Type": "Nested Loop", "Parent Relationship": "Outer", "Parallel Aware": false, "Join Type": "Inner", "Startup Cost": 7687.19, "Total Cost": 820225.81, "Plan Rows": 184353, "Plan Width": 159, "Inner Unique": true, "Plans": [{"Node Type": "Nested Loop", "Parent Relationship": "Outer", "Parallel Aware": false, "Join Type": "Inner", "Startup Cost": 7686.76, "Total Cost": 724201.29, "Plan Rows": 184353, "Plan Width": 16, "Inner Unique": false, "Plans": [{"Node Type": "Bitmap Heap Scan", "Parent Relationship": "Outer", "Parallel Aware": true, "Relation Name": "orders", "Alias": "orders", "Startup Cost": 7686.2, "Total Cost": 271400.24, "Plan Rows": 186803, "Plan Width": 8, "Recheck Cond": "((o_orderdate >= '1994-05-01'::date) AND (o_orderdate < '1994-08-01 00:00:00'::timestamp without time zone))", "Plans": [{"Node Type": "Bitmap Index Scan", "Parent Relationship": "Outer", "Parallel Aware": false, "Index Name": "idx_orders_orderdate", "Startup Cost": 0.0, "Total Cost": 7541.43, "Plan Rows": 579089, "Plan Width": 0, "Index Cond": "((o_orderdate >= '1994-05-01'::date) AND (o_orderdate < '1994-08-01 00:00:00'::timestamp without time zone))"}]}, {"Node Type": "Index Scan", "Parent Relationship": "Inner", "Parallel Aware": false, "Scan Direction": "Forward", "Index Name": "idx_lineitem_orderkey", "Relation Name": "lineitem", "Alias": "lineitem", "Startup Cost": 0.56, "Total Cost": 2.35, "Plan Rows": 7, "Plan Width": 16, "Index Cond": "(l_orderkey = orders.o_orderkey)", "Filter": "(l_returnflag = 'R'::bpchar)"}]}, {"Node Type": "Index Scan", "Parent Relationship": "Inner", "Parallel Aware": false, "Scan Direction": "Forward", "Index Name": "customer_pkey", "Relation Name": "customer", "Alias": "customer", "Startup Cost": 0.43, "Total Cost": 0.52, "Plan Rows": 1, "Plan Width": 147, "Index Cond": "(c_custkey = orders.o_custkey)"}]}, {"Node Type": "Index Scan", "Parent Relationship": "Inner", "Parallel Aware": false, "Scan Direction": "Forward", "Index Name": "nation_pkey", "Relation Name": "nation", "Alias": "nation", "Startup Cost": 0.14, "Total Cost": 0.16, "Plan Rows": 1, "Plan Width": 30, "Index Cond": "(n_nationkey = customer.c_nationkey)"}]}]}]}]}]}]}]}}, {"Plan": {"Node Type": "Limit", "Parallel Aware": false, "Startup Cost": 30003099464.4, "Total Cost": 30003099464.45, "Plan Rows": 20, "Plan Width": 201, "Plans": [{"Node Type": "Sort", "Parent Relationship": "Outer", "Parallel Aware": false, "Startup Cost": 30003099464.4, "Total Cost": 30003100893.13, "Plan Rows": 571494, "Plan Width": 201, "Sort Key": ["(sum((lineitem.l_extendedprice * ('1'::numeric - lineitem.l_discount)))) DESC"], "Plans": [{"Node Type": "Aggregate", "Strategy": "Sorted", "Partial Mode": "Simple", "Parent Relationship": "Outer", "Parallel Aware": false, "Startup Cost": 30003068541.06, "Total Cost": 30003084257.15, "Plan Rows": 571494, "Plan Width": 201, "Group Key": ["customer.c_custkey", "nation.n_name"], "Plans": [{"Node Type": "Sort", "Parent Relationship": "Outer", "Parallel Aware": false, "Startup Cost": 30003068541.06, "Total Cost": 30003069969.8, "Plan Rows": 571494, "Plan Width": 181, "Sort Key": ["customer.c_custkey", "nation.n_name"], "Plans": [{"Node Type": "Merge Join", "Parent Relationship": "Outer", "Parallel Aware": false, "Join Type": "Inner", "Startup Cost": 30002975570.03, "Total Cost": 30002984146.17, "Plan Rows": 571494, "Plan Width": 181, "Inner Unique": true, "Merge Cond": "(customer.c_nationkey = nation.n_nationkey)", "Plans": [{"Node Type": "Sort", "Parent Relationship": "Outer", "Parallel Aware": false, "Startup Cost": 20002975569.89, "Total Cost": 20002976998.62, "Plan Rows": 571494, "Plan Width": 159, "Sort Key": ["customer.c_nationkey"], "Plans": [{"Node Type": "Merge Join", "Parent Relationship": "Outer", "Parallel Aware": false, "Join Type": "Inner", "Startup Cost": 20000493637.28, "Total Cost": 20002894606.7, "Plan Rows": 571494, "Plan Width": 159, "Inner Unique": false, "Merge Cond": "(orders.o_orderkey = lineitem.l_orderkey)", "Plans": [{"Node Type": "Sort", "Parent Relationship": "Outer", "Parallel Aware": false, "Startup Cost": 10000493578.05, "Total Cost": 10000495025.77, "Plan Rows": 579089, "Plan Width": 151, "Sort Key": ["orders.o_orderkey"], "Plans": [{"Node Type": "Merge Join", "Parent Relationship": "Outer", "Parallel Aware": false, "Join Type": "Inner", "Startup Cost": 10000337352.87, "Total Cost": 10000412643.21, "Plan Rows": 579089, "Plan Width": 151, "Inner Unique": true, "Merge Cond": "(orders.o_custkey = customer.c_custkey)", "Plans": [{"Node Type": "Sort", "Parent Relationship": "Outer", "Parallel Aware": false, "Startup Cost": 337352.42, "Total Cost": 338800.14, "Plan Rows": 579089, "Plan Width": 8, "Sort Key": ["orders.o_custkey"], "Plans": [{"Node Type": "Bitmap Heap Scan", "Parent Relationship": "Outer", "Parallel Aware": false, "Relation Name": "orders", "Alias": "orders", "Startup Cost": 7686.2, "Total Cost": 277284.53, "Plan Rows": 579089, "Plan Width": 8, "Recheck Cond": "((o_orderdate >= '1994-05-01'::date) AND (o_orderdate < '1994-08-01 00:00:00'::timestamp without time zone))", "Plans": [{"Node Type": "Bitmap Index Scan", "Parent Relationship": "Outer", "Parallel Aware": false, "Index Name": "idx_orders_orderdate", "Startup Cost": 0.0, "Total Cost": 7541.43, "Plan Rows": 579089, "Plan Width": 0, "Index Cond": "((o_orderdate >= '1994-05-01'::date) AND (o_orderdate < '1994-08-01 00:00:00'::timestamp without time zone))"}]}]}, {"Node Type": "Index Scan", "Parent Relationship": "Inner", "Parallel Aware": false, "Scan Direction": "Forward", "Index Name": "customer_pkey", "Relation Name": "customer", "Alias": "customer", "Startup Cost": 10000000000.43, "Total Cost": 10000062855.13, "Plan Rows": 1500000, "Plan Width": 147}]}]}, {"Node Type": "Index Scan", "Parent Relationship": "Inner", "Parallel Aware": false, "Scan Direction": "Forward", "Index Name": "idx_lineitem_orderkey", "Relation Name": "lineitem", "Alias": "lineitem", "Startup Cost": 10000000000.57, "Total Cost": 10002355412.05, "Plan Rows": 14802490, "Plan Width": 16, "Filter": "(l_returnflag = 'R'::bpchar)"}]}]}, {"Node Type": "Index Scan", "Parent Relationship": "Inner", "Parallel Aware": false, "Scan Direction": "Forward", "Index Name": "nation_pkey", "Relation Name": "nation", "Alias": "nation", "Startup Cost": 10000000000.14, "Total Cost": 10000000003.81, "Plan Rows": 25, "Plan Width": 30}]}]}]}]}]}}, {"Plan": {"Node Type": "Limit", "Parallel Aware": false, "Startup Cost": 1827156.4, "Total Cost": 1827156.45, "Plan Rows": 20, "Plan Width": 201, "Plans": [{"Node Type": "Sort", "Parent Relationship": "Outer", "Parallel Aware": false, "Startup Cost": 1827156.4, "Total Cost": 1828585.14, "Plan Rows": 571494, "Plan Width": 201, "Sort Key": ["(sum((lineitem.l_extendedprice * ('1'::numeric - lineitem.l_discount)))) DESC"], "Plans": [{"Node Type": "Aggregate", "Strategy": "Sorted", "Partial Mode": "Finalize", "Parent Relationship": "Outer", "Parallel Aware": false, "Startup Cost": 1729220.75, "Total Cost": 1811949.15, "Plan Rows": 571494, "Plan Width": 201, "Group Key": ["customer.c_custkey", "nation.n_name"], "Plans": [{"Node Type": "Gather Merge", "Parent Relationship": "Outer", "Parallel Aware": false, "Startup Cost": 1729220.75, "Total Cost": 1799274.89, "Plan Rows": 553059, "Plan Width": 201, "Workers Planned": 3, "Plans": [{"Node Type": "Aggregate", "Strategy": "Sorted", "Partial Mode": "Partial", "Parent Relationship": "Outer", "Parallel Aware": false, "Startup Cost": 1728220.71, "Total Cost": 1733290.41, "Plan Rows": 184353, "Plan Width": 201, "Group Key": ["customer.c_custkey", "nation.n_name"], "Plans": [{"Node Type": "Sort", "Parent Relationship": "Outer", "Parallel Aware": false, "Startup Cost": 1728220.71, "Total Cost": 1728681.59, "Plan Rows": 184353, "Plan Width": 181, "Sort Key": ["customer.c_custkey", "nation.n_name"], "Plans": [{"Node Type": "Nested Loop", "Parent Relationship": "Outer", "Parallel Aware": false, "Join Type": "Inner", "Startup Cost": 7687.89, "Total Cost": 1702501.04, "Plan Rows": 184353, "Plan Width": 181, "Inner Unique": true, "Plans": [{"Node Type": "Nested Loop", "Parent Relationship": "Outer", "Parallel Aware": false, "Join Type": "Inner", "Startup Cost": 7687.75, "Total Cost": 1478197.64, "Plan Rows": 184353, "Plan Width": 159, "Inner Unique": true, "Plans": [{"Node Type": "Nested Loop", "Parent Relationship": "Outer", "Parallel Aware": false, "Join Type": "Inner", "Startup Cost": 7687.3, "Total Cost": 1191423.92, "Plan Rows": 184353, "Plan Width": 16, "Inner Unique": false, "Plans": [{"Node Type": "Bitmap Heap Scan", "Parent Relationship": "Outer", "Parallel Aware": true, "Relation Name": "orders", "Alias": "orders", "Startup Cost": 7686.2, "Total Cost": 271400.24, "Plan Rows": 186803, "Plan Width": 8, "Recheck Cond": "((o_orderdate >= '1994-05-01'::date) AND (o_orderdate < '1994-08-01 00:00:00'::timestamp without time zone))", "Plans": [{"Node Type": "Bitmap Index Scan", "Parent Relationship": "Outer", "Parallel Aware": false, "Index Name": "idx_orders_orderdate", "Startup Cost": 0.0, "Total Cost": 7541.43, "Plan Rows": 579089, "Plan Width": 0, "Index Cond": "((o_orderdate >= '1994-05-01'::date) AND (o_orderdate < '1994-08-01 00:00:00'::timestamp without time zone))"}]}, {"Node Type": "Bitmap Heap Scan", "Parent Relationship": "Inner", "Parallel Aware": false, "Relation Name": "lineitem", "Alias": "lineitem", "Startup Cost": 1.11, "Total Cost": 4.86, "Plan Rows": 7, "Plan Width": 16, "Recheck Cond": "(l_orderkey = orders.o_orderkey)", "Filter": "(l_returnflag = 'R'::bpchar)", "Plans": [{"Node Type": "Bitmap Index Scan", "Parent Relationship": "Outer", "Parallel Aware": false, "Index Name": "lineitem_pkey", "Startup Cost": 0.0, "Total Cost": 1.1, "Plan Rows": 30, "Plan Width": 0, "Index Cond": "(l_orderkey = orders.o_orderkey)"}]}]}, {"Node Type": "Bitmap Heap Scan", "Parent Relationship": "Inner", "Parallel Aware": false, "Relation Name": "customer", "Alias": "customer", "Startup Cost": 0.44, "Total Cost": 1.56, "Plan Rows": 1, "Plan Width": 147, "Recheck Cond": "(c_custkey = orders.o_custkey)", "Plans": [{"Node Type": "Bitmap Index Scan", "Parent Relationship": "Outer", "Parallel Aware": false, "Index Name": "customer_pkey", "Startup Cost": 0.0, "Total Cost": 0.44, "Plan Rows": 1, "Plan Width": 0, "Index Cond": "(c_custkey = orders.o_custkey)"}]}]}, {"Node Type": "Bitmap Heap Scan", "Parent Relationship": "Inner", "Parallel Aware": false, "Relation Name": "nation", "Alias": "nation", "Startup Cost": 0.15, "Total Cost": 1.26, "Plan Rows": 1, "Plan Width": 30, "Recheck Cond": "(n_nationkey = customer.c_nationkey)", "Plans": [{"Node Type": "Bitmap Index Scan", "Parent Relationship": "Outer", "Parallel Aware": false, "Index Name": "nation_pkey", "Startup Cost": 0.0, "Total Cost": 0.15, "Plan Rows": 1, "Plan Width": 0, "Index Cond": "(n_nationkey = customer.c_nationkey)"}]}]}]}]}]}]}]}]}}, {"Plan": {"Node Type": "Limit", "Parallel Aware": false, "Startup Cost": 1525707.15, "Total Cost": 1525707.2, "Plan Rows": 20, "Plan Width": 201, "Plans": [{"Node Type": "Sort", "Parent Relationship": "Outer", "Parallel Aware": false, "Startup Cost": 1525707.15, "Total Cost": 1527135.89, "Plan Rows": 571494, "Plan Width": 201, "Sort Key": ["(sum((lineitem.l_extendedprice * ('1'::numeric - lineitem.l_discount)))) DESC"], "Plans": [{"Node Type": "Aggregate", "Strategy": "Sorted", "Partial Mode": "Finalize", "Parent Relationship": "Outer", "Parallel Aware": false, "Startup Cost": 1427771.5, "Total Cost": 1510499.9, "Plan Rows": 571494, "Plan Width": 201, "Group Key": ["customer.c_custkey", "nation.n_name"], "Plans": [{"Node Type": "Gather Merge", "Parent Relationship": "Outer", "Parallel Aware": false, "Startup Cost": 1427771.5, "Total Cost": 1497825.64, "Plan Rows": 553059, "Plan Width": 201, "Workers Planned": 3, "Plans": [{"Node Type": "Aggregate", "Strategy": "Sorted", "Partial Mode": "Partial", "Parent Relationship": "Outer", "Parallel Aware": false, "Startup Cost": 1426771.46, "Total Cost": 1431841.17, "Plan Rows": 184353, "Plan Width": 201, "Group Key": ["customer.c_custkey", "nation.n_name"], "Plans": [{"Node Type": "Sort", "Parent Relationship": "Outer", "Parallel Aware": false, "Startup Cost": 1426771.46, "Total Cost": 1427232.34, "Plan Rows": 184353, "Plan Width": 181, "Sort Key": ["customer.c_custkey", "nation.n_name"], "Plans": [{"Node Type": "Merge Join", "Parent Relationship": "Outer", "Parallel Aware": false, "Join Type": "Inner", "Startup Cost": 1398286.37, "Total Cost": 1401051.79, "Plan Rows": 184353, "Plan Width": 181, "Inner Unique": true, "Merge Cond": "(customer.c_nationkey = nation.n_nationkey)", "Plans": [{"Node Type": "Sort", "Parent Relationship": "Outer", "Parallel Aware": false, "Startup Cost": 1398284.54, "Total Cost": 1398745.42, "Plan Rows": 184353, "Plan Width": 159, "Sort Key": ["customer.c_nationkey"], "Plans": [{"Node Type": "Nested Loop", "Parent Relationship": "Outer", "Parallel Aware": false, "Join Type": "Inner", "Startup Cost": 445018.79, "Total Cost": 1373671.88, "Plan Rows": 184353, "Plan Width": 159, "Inner Unique": false, "Plans": [{"Node Type": "Merge Join", "Parent Relationship": "Outer", "Parallel Aware": false, "Join Type": "Inner", "Startup Cost": 445017.68, "Total Cost": 453648.19, "Plan Rows": 186803, "Plan Width": 151, "Inner Unique": false, "Merge Cond": "(customer.c_custkey = orders.o_custkey)", "Plans": [{"Node Type": "Sort", "Parent Relationship": "Outer", "Parallel Aware": false, "Startup Cost": 107665.25, "Total Cost": 108874.92, "Plan Rows": 483871, "Plan Width": 147, "Sort Key": ["customer.c_custkey"], "Plans": [{"Node Type": "Seq Scan", "Parent Relationship": "Outer", "Parallel Aware": true, "Relation Name": "customer", "Alias": "customer", "Startup Cost": 0.0, "Total Cost": 40665.71, "Plan Rows": 483871, "Plan Width": 147}]}, {"Node Type": "Materialize", "Parent Relationship": "Inner", "Parallel Aware": false, "Startup Cost": 337352.42, "Total Cost": 340247.86, "Plan Rows": 579089, "Plan Width": 8, "Plans": [{"Node Type": "Sort", "Parent Relationship": "Outer", "Parallel Aware": false, "Startup Cost": 337352.42, "Total Cost": 338800.14, "Plan Rows": 579089, "Plan Width": 8, "Sort Key": ["orders.o_custkey"], "Plans": [{"Node Type": "Bitmap Heap Scan", "Parent Relationship": "Outer", "Parallel Aware": false, "Relation Name": "orders", "Alias": "orders", "Startup Cost": 7686.2, "Total Cost": 277284.53, "Plan Rows": 579089, "Plan Width": 8, "Recheck Cond": "((o_orderdate >= '1994-05-01'::date) AND (o_orderdate < '1994-08-01 00:00:00'::timestamp without time zone))", "Plans": [{"Node Type": "Bitmap Index Scan", "Parent Relationship": "Outer", "Parallel Aware": false, "Index Name": "idx_orders_orderdate", "Startup Cost": 0.0, "Total Cost": 7541.43, "Plan Rows": 579089, "Plan Width": 0, "Index Cond": "((o_orderdate >= '1994-05-01'::date) AND (o_orderdate < '1994-08-01 00:00:00'::timestamp without time zone))"}]}]}]}]}, {"Node Type": "Bitmap Heap Scan", "Parent Relationship": "Inner", "Parallel Aware": false, "Relation Name": "lineitem", "Alias": "lineitem", "Startup Cost": 1.11, "Total Cost": 4.86, "Plan Rows": 7, "Plan Width": 16, "Recheck Cond": "(l_orderkey = orders.o_orderkey)", "Filter": "(l_returnflag = 'R'::bpchar)", "Plans": [{"Node Type": "Bitmap Index Scan", "Parent Relationship": "Outer", "Parallel Aware": false, "Index Name": "lineitem_pkey", "Startup Cost": 0.0, "Total Cost": 1.1, "Plan Rows": 30, "Plan Width": 0, "Index Cond": "(l_orderkey = orders.o_orderkey)"}]}]}]}, {"Node Type": "Sort", "Parent Relationship": "Inner", "Parallel Aware": false, "Startup Cost": 1.83, "Total Cost": 1.89, "Plan Rows": 25, "Plan Width": 30, "Sort Key": ["nation.n_nationkey"], "Plans": [{"Node Type": "Seq Scan", "Parent Relationship": "Outer", "Parallel Aware": false, "Relation Name": "nation", "Alias": "nation", "Startup Cost": 0.0, "Total Cost": 1.25, "Plan Rows": 25, "Plan Width": 30}]}]}]}]}]}]}]}]}}, {"Plan": {"Node Type": "Limit", "Parallel Aware": false, "Startup Cost": 2759090.67, "Total Cost": 2759090.72, "Plan Rows": 20, "Plan Width": 201, "Plans": [{"Node Type": "Sort", "Parent Relationship": "Outer", "Parallel Aware": false, "Startup Cost": 2759090.67, "Total Cost": 2760519.41, "Plan Rows": 571494, "Plan Width": 201, "Sort Key": ["(sum((lineitem.l_extendedprice * ('1'::numeric - lineitem.l_discount)))) DESC"], "Plans": [{"Node Type": "Aggregate", "Strategy": "Sorted", "Partial Mode": "Finalize", "Parent Relationship": "Outer", "Parallel Aware": false, "Startup Cost": 2661155.02, "Total Cost": 2743883.42, "Plan Rows": 571494, "Plan Width": 201, "Group Key": ["customer.c_custkey", "nation.n_name"], "Plans": [{"Node Type": "Gather Merge", "Parent Relationship": "Outer", "Parallel Aware": false, "Startup Cost": 2661155.02, "Total Cost": 2731209.16, "Plan Rows": 553059, "Plan Width": 201, "Workers Planned": 3, "Plans": [{"Node Type": "Aggregate", "Strategy": "Sorted", "Partial Mode": "Partial", "Parent Relationship": "Outer", "Parallel Aware": false, "Startup Cost": 2660154.98, "Total Cost": 2665224.69, "Plan Rows": 184353, "Plan Width": 201, "Group Key": ["customer.c_custkey", "nation.n_name"], "Plans": [{"Node Type": "Sort", "Parent Relationship": "Outer", "Parallel Aware": false, "Startup Cost": 2660154.98, "Total Cost": 2660615.86, "Plan Rows": 184353, "Plan Width": 181, "Sort Key": ["customer.c_custkey", "nation.n_name"], "Plans": [{"Node Type": "Merge Join", "Parent Relationship": "Outer", "Parallel Aware": false, "Join Type": "Inner", "Startup Cost": 2631669.89, "Total Cost": 2634435.31, "Plan Rows": 184353, "Plan Width": 181, "Inner Unique": true, "Merge Cond": "(customer.c_nationkey = nation.n_nationkey)", "Plans": [{"Node Type": "Sort", "Parent Relationship": "Outer", "Parallel Aware": false, "Startup Cost": 2631668.06, "Total Cost": 2632128.94, "Plan Rows": 184353, "Plan Width": 159, "Sort Key": ["customer.c_nationkey"], "Plans": [{"Node Type": "Merge Join", "Parent Relationship": "Outer", "Parallel Aware": false, "Join Type": "Inner", "Startup Cost": 2596790.18, "Total Cost": 2607055.4, "Plan Rows": 184353, "Plan Width": 159, "Inner Unique": true, "Merge Cond": "(orders.o_custkey = customer.c_custkey)", "Plans": [{"Node Type": "Sort", "Parent Relationship": "Outer", "Parallel Aware": false, "Startup Cost": 2326023.84, "Total Cost": 2326484.73, "Plan Rows": 184353, "Plan Width": 16, "Sort Key": ["orders.o_custkey"], "Plans": [{"Node Type": "Merge Join", "Parent Relationship": "Outer", "Parallel Aware": false, "Join Type": "Inner", "Startup Cost": 2281286.86, "Total Cost": 2309900.23, "Plan Rows": 184353, "Plan Width": 16, "Inner Unique": true, "Merge Cond": "(lineitem.l_orderkey = orders.o_orderkey)", "Plans": [{"Node Type": "Sort", "Parent Relationship": "Outer", "Parallel Aware": false, "Startup Cost": 1943933.85, "Total Cost": 1955871.35, "Plan Rows": 4774997, "Plan Width": 16, "Sort Key": ["lineitem.l_orderkey"], "Plans": [{"Node Type": "Seq Scan", "Parent Relationship": "Outer", "Parallel Aware": true, "Relation Name": "lineitem", "Alias": "lineitem", "Startup Cost": 0.0, "Total Cost": 1366420.13, "Plan Rows": 4774997, "Plan Width": 16, "Filter": "(l_returnflag = 'R'::bpchar)"}]}, {"Node Type": "Sort", "Parent Relationship": "Inner", "Parallel Aware": false, "Startup Cost": 337352.42, "Total Cost": 338800.14, "Plan Rows": 579089, "Plan Width": 8, "Sort Key": ["orders.o_orderkey"], "Plans": [{"Node Type": "Bitmap Heap Scan", "Parent Relationship": "Outer", "Parallel Aware": false, "Relation Name": "orders", "Alias": "orders", "Startup Cost": 7686.2, "Total Cost": 277284.53, "Plan Rows": 579089, "Plan Width": 8, "Recheck Cond": "((o_orderdate >= '1994-05-01'::date) AND (o_orderdate < '1994-08-01 00:00:00'::timestamp without time zone))", "Plans": [{"Node Type": "Bitmap Index Scan", "Parent Relationship": "Outer", "Parallel Aware": false, "Index Name": "idx_orders_orderdate", "Startup Cost": 0.0, "Total Cost": 7541.43, "Plan Rows": 579089, "Plan Width": 0, "Index Cond": "((o_orderdate >= '1994-05-01'::date) AND (o_orderdate < '1994-08-01 00:00:00'::timestamp without time zone))"}]}]}]}]}, {"Node Type": "Sort", "Parent Relationship": "Inner", "Parallel Aware": false, "Startup Cost": 270766.33, "Total Cost": 274516.33, "Plan Rows": 1500000, "Plan Width": 147, "Sort Key": ["customer.c_custkey"], "Plans": [{"Node Type": "Seq Scan", "Parent Relationship": "Outer", "Parallel Aware": false, "Relation Name": "customer", "Alias": "customer", "Startup Cost": 0.0, "Total Cost": 50827.0, "Plan Rows": 1500000, "Plan Width": 147}]}]}]}, {"Node Type": "Sort", "Parent Relationship": "Inner", "Parallel Aware": false, "Startup Cost": 1.83, "Total Cost": 1.89, "Plan Rows": 25, "Plan Width": 30, "Sort Key": ["nation.n_nationkey"], "Plans": [{"Node Type": "Seq Scan", "Parent Relationship": "Outer", "Parallel Aware": false, "Relation Name": "nation", "Alias": "nation", "Startup Cost": 0.0, "Total Cost": 1.25, "Plan Rows": 25, "Plan Width": 30}]}]}]}]}]}]}]}]}}, {"Plan": {"Node Type": "Limit", "Parallel Aware": false, "Startup Cost": 1827156.4, "Total Cost": 1827156.45, "Plan Rows": 20, "Plan Width": 201, "Plans": [{"Node Type": "Sort", "Parent Relationship": "Outer", "Parallel Aware": false, "Startup Cost": 1827156.4, "Total Cost": 1828585.14, "Plan Rows": 571494, "Plan Width": 201, "Sort Key": ["(sum((lineitem.l_extendedprice * ('1'::numeric - lineitem.l_discount)))) DESC"], "Plans": [{"Node Type": "Aggregate", "Strategy": "Sorted", "Partial Mode": "Finalize", "Parent Relationship": "Outer", "Parallel Aware": false, "Startup Cost": 1729220.75, "Total Cost": 1811949.15, "Plan Rows": 571494, "Plan Width": 201, "Group Key": ["customer.c_custkey", "nation.n_name"], "Plans": [{"Node Type": "Gather Merge", "Parent Relationship": "Outer", "Parallel Aware": false, "Startup Cost": 1729220.75, "Total Cost": 1799274.89, "Plan Rows": 553059, "Plan Width": 201, "Workers Planned": 3, "Plans": [{"Node Type": "Aggregate", "Strategy": "Sorted", "Partial Mode": "Partial", "Parent Relationship": "Outer", "Parallel Aware": false, "Startup Cost": 1728220.71, "Total Cost": 1733290.41, "Plan Rows": 184353, "Plan Width": 201, "Group Key": ["customer.c_custkey", "nation.n_name"], "Plans": [{"Node Type": "Sort", "Parent Relationship": "Outer", "Parallel Aware": false, "Startup Cost": 1728220.71, "Total Cost": 1728681.59, "Plan Rows": 184353, "Plan Width": 181, "Sort Key": ["customer.c_custkey", "nation.n_name"], "Plans": [{"Node Type": "Nested Loop", "Parent Relationship": "Outer", "Parallel Aware": false, "Join Type": "Inner", "Startup Cost": 7687.89, "Total Cost": 1702501.04, "Plan Rows": 184353, "Plan Width": 181, "Inner Unique": true, "Plans": [{"Node Type": "Nested Loop", "Parent Relationship": "Outer", "Parallel Aware": false, "Join Type": "Inner", "Startup Cost": 7687.75, "Total Cost": 1478197.64, "Plan Rows": 184353, "Plan Width": 159, "Inner Unique": true, "Plans": [{"Node Type": "Nested Loop", "Parent Relationship": "Outer", "Parallel Aware": false, "Join Type": "Inner", "Startup Cost": 7687.3, "Total Cost": 1191423.92, "Plan Rows": 184353, "Plan Width": 16, "Inner Unique": false, "Plans": [{"Node Type": "Bitmap Heap Scan", "Parent Relationship": "Outer", "Parallel Aware": true, "Relation Name": "orders", "Alias": "orders", "Startup Cost": 7686.2, "Total Cost": 271400.24, "Plan Rows": 186803, "Plan Width": 8, "Recheck Cond": "((o_orderdate >= '1994-05-01'::date) AND (o_orderdate < '1994-08-01 00:00:00'::timestamp without time zone))", "Plans": [{"Node Type": "Bitmap Index Scan", "Parent Relationship": "Outer", "Parallel Aware": false, "Index Name": "idx_orders_orderdate", "Startup Cost": 0.0, "Total Cost": 7541.43, "Plan Rows": 579089, "Plan Width": 0, "Index Cond": "((o_orderdate >= '1994-05-01'::date) AND (o_orderdate < '1994-08-01 00:00:00'::timestamp without time zone))"}]}, {"Node Type": "Bitmap Heap Scan", "Parent Relationship": "Inner", "Parallel Aware": false, "Relation Name": "lineitem", "Alias": "lineitem", "Startup Cost": 1.11, "Total Cost": 4.86, "Plan Rows": 7, "Plan Width": 16, "Recheck Cond": "(l_orderkey = orders.o_orderkey)", "Filter": "(l_returnflag = 'R'::bpchar)", "Plans": [{"Node Type": "Bitmap Index Scan", "Parent Relationship": "Outer", "Parallel Aware": false, "Index Name": "lineitem_pkey", "Startup Cost": 0.0, "Total Cost": 1.1, "Plan Rows": 30, "Plan Width": 0, "Index Cond": "(l_orderkey = orders.o_orderkey)"}]}]}, {"Node Type": "Bitmap Heap Scan", "Parent Relationship": "Inner", "Parallel Aware": false, "Relation Name": "customer", "Alias": "customer", "Startup Cost": 0.44, "Total Cost": 1.56, "Plan Rows": 1, "Plan Width": 147, "Recheck Cond": "(c_custkey = orders.o_custkey)", "Plans": [{"Node Type": "Bitmap Index Scan", "Parent Relationship": "Outer", "Parallel Aware": false, "Index Name": "customer_pkey", "Startup Cost": 0.0, "Total Cost": 0.44, "Plan Rows": 1, "Plan Width": 0, "Index Cond": "(c_custkey = orders.o_custkey)"}]}]}, {"Node Type": "Bitmap Heap Scan", "Parent Relationship": "Inner", "Parallel Aware": false, "Relation Name": "nation", "Alias": "nation", "Startup Cost": 0.15, "Total Cost": 1.26, "Plan Rows": 1, "Plan Width": 30, "Recheck Cond": "(n_nationkey = customer.c_nationkey)", "Plans": [{"Node Type": "Bitmap Index Scan", "Parent Relationship": "Outer", "Parallel Aware": false, "Index Name": "nation_pkey", "Startup Cost": 0.0, "Total Cost": 0.15, "Plan Rows": 1, "Plan Width": 0, "Index Cond": "(n_nationkey = customer.c_nationkey)"}]}]}]}]}]}]}]}]}}, {"Plan": {"Node Type": "Limit", "Parallel Aware": false, "Startup Cost": 1827156.4, "Total Cost": 1827156.45, "Plan Rows": 20, "Plan Width": 201, "Plans": [{"Node Type": "Sort", "Parent Relationship": "Outer", "Parallel Aware": false, "Startup Cost": 1827156.4, "Total Cost": 1828585.14, "Plan Rows": 571494, "Plan Width": 201, "Sort Key": ["(sum((lineitem.l_extendedprice * ('1'::numeric - lineitem.l_discount)))) DESC"], "Plans": [{"Node Type": "Aggregate", "Strategy": "Sorted", "Partial Mode": "Finalize", "Parent Relationship": "Outer", "Parallel Aware": false, "Startup Cost": 1729220.75, "Total Cost": 1811949.15, "Plan Rows": 571494, "Plan Width": 201, "Group Key": ["customer.c_custkey", "nation.n_name"], "Plans": [{"Node Type": "Gather Merge", "Parent Relationship": "Outer", "Parallel Aware": false, "Startup Cost": 1729220.75, "Total Cost": 1799274.89, "Plan Rows": 553059, "Plan Width": 201, "Workers Planned": 3, "Plans": [{"Node Type": "Aggregate", "Strategy": "Sorted", "Partial Mode": "Partial", "Parent Relationship": "Outer", "Parallel Aware": false, "Startup Cost": 1728220.71, "Total Cost": 1733290.41, "Plan Rows": 184353, "Plan Width": 201, "Group Key": ["customer.c_custkey", "nation.n_name"], "Plans": [{"Node Type": "Sort", "Parent Relationship": "Outer", "Parallel Aware": false, "Startup Cost": 1728220.71, "Total Cost": 1728681.59, "Plan Rows": 184353, "Plan Width": 181, "Sort Key": ["customer.c_custkey", "nation.n_name"], "Plans": [{"Node Type": "Nested Loop", "Parent Relationship": "Outer", "Parallel Aware": false, "Join Type": "Inner", "Startup Cost": 7687.89, "Total Cost": 1702501.04, "Plan Rows": 184353, "Plan Width": 181, "Inner Unique": true, "Plans": [{"Node Type": "Nested Loop", "Parent Relationship": "Outer", "Parallel Aware": false, "Join Type": "Inner", "Startup Cost": 7687.75, "Total Cost": 1478197.64, "Plan Rows": 184353, "Plan Width": 159, "Inner Unique": true, "Plans": [{"Node Type": "Nested Loop", "Parent Relationship": "Outer", "Parallel Aware": false, "Join Type": "Inner", "Startup Cost": 7687.3, "Total Cost": 1191423.92, "Plan Rows": 184353, "Plan Width": 16, "Inner Unique": false, "Plans": [{"Node Type": "Bitmap Heap Scan", "Parent Relationship": "Outer", "Parallel Aware": true, "Relation Name": "orders", "Alias": "orders", "Startup Cost": 7686.2, "Total Cost": 271400.24, "Plan Rows": 186803, "Plan Width": 8, "Recheck Cond": "((o_orderdate >= '1994-05-01'::date) AND (o_orderdate < '1994-08-01 00:00:00'::timestamp without time zone))", "Plans": [{"Node Type": "Bitmap Index Scan", "Parent Relationship": "Outer", "Parallel Aware": false, "Index Name": "idx_orders_orderdate", "Startup Cost": 0.0, "Total Cost": 7541.43, "Plan Rows": 579089, "Plan Width": 0, "Index Cond": "((o_orderdate >= '1994-05-01'::date) AND (o_orderdate < '1994-08-01 00:00:00'::timestamp without time zone))"}]}, {"Node Type": "Bitmap Heap Scan", "Parent Relationship": "Inner", "Parallel Aware": false, "Relation Name": "lineitem", "Alias": "lineitem", "Startup Cost": 1.11, "Total Cost": 4.86, "Plan Rows": 7, "Plan Width": 16, "Recheck Cond": "(l_orderkey = orders.o_orderkey)", "Filter": "(l_returnflag = 'R'::bpchar)", "Plans": [{"Node Type": "Bitmap Index Scan", "Parent Relationship": "Outer", "Parallel Aware": false, "Index Name": "lineitem_pkey", "Startup Cost": 0.0, "Total Cost": 1.1, "Plan Rows": 30, "Plan Width": 0, "Index Cond": "(l_orderkey = orders.o_orderkey)"}]}]}, {"Node Type": "Bitmap Heap Scan", "Parent Relationship": "Inner", "Parallel Aware": false, "Relation Name": "customer", "Alias": "customer", "Startup Cost": 0.44, "Total Cost": 1.56, "Plan Rows": 1, "Plan Width": 147, "Recheck Cond": "(c_custkey = orders.o_custkey)", "Plans": [{"Node Type": "Bitmap Index Scan", "Parent Relationship": "Outer", "Parallel Aware": false, "Index Name": "customer_pkey", "Startup Cost": 0.0, "Total Cost": 0.44, "Plan Rows": 1, "Plan Width": 0, "Index Cond": "(c_custkey = orders.o_custkey)"}]}]}, {"Node Type": "Bitmap Heap Scan", "Parent Relationship": "Inner", "Parallel Aware": false, "Relation Name": "nation", "Alias": "nation", "Startup Cost": 0.15, "Total Cost": 1.26, "Plan Rows": 1, "Plan Width": 30, "Recheck Cond": "(n_nationkey = customer.c_nationkey)", "Plans": [{"Node Type": "Bitmap Index Scan", "Parent Relationship": "Outer", "Parallel Aware": false, "Index Name": "nation_pkey", "Startup Cost": 0.0, "Total Cost": 0.15, "Plan Rows": 1, "Plan Width": 0, "Index Cond": "(n_nationkey = customer.c_nationkey)"}]}]}]}]}]}]}]}]}}, {"Plan": {"Node Type": "Limit", "Parallel Aware": false, "Startup Cost": 2439027.42, "Total Cost": 2439027.47, "Plan Rows": 20, "Plan Width": 201, "Plans": [{"Node Type": "Sort", "Parent Relationship": "Outer", "Parallel Aware": false, "Startup Cost": 2439027.42, "Total Cost": 2440456.16, "Plan Rows": 571494, "Plan Width": 201, "Sort Key": ["(sum((lineitem.l_extendedprice * ('1'::numeric - lineitem.l_discount)))) DESC"], "Plans": [{"Node Type": "Aggregate", "Strategy": "Sorted", "Partial Mode": "Finalize", "Parent Relationship": "Outer", "Parallel Aware": false, "Startup Cost": 2341091.77, "Total Cost": 2423820.17, "Plan Rows": 571494, "Plan Width": 201, "Group Key": ["customer.c_custkey", "nation.n_name"], "Plans": [{"Node Type": "Gather Merge", "Parent Relationship": "Outer", "Parallel Aware": false, "Startup Cost": 2341091.77, "Total Cost": 2411145.91, "Plan Rows": 553059, "Plan Width": 201, "Workers Planned": 3, "Plans": [{"Node Type": "Aggregate", "Strategy": "Sorted", "Partial Mode": "Partial", "Parent Relationship": "Outer", "Parallel Aware": false, "Startup Cost": 2340091.73, "Total Cost": 2345161.44, "Plan Rows": 184353, "Plan Width": 201, "Group Key": ["customer.c_custkey", "nation.n_name"], "Plans": [{"Node Type": "Sort", "Parent Relationship": "Outer", "Parallel Aware": false, "Startup Cost": 2340091.73, "Total Cost": 2340552.61, "Plan Rows": 184353, "Plan Width": 181, "Sort Key": ["customer.c_custkey", "nation.n_name"], "Plans": [{"Node Type": "Merge Join", "Parent Relationship": "Outer", "Parallel Aware": false, "Join Type": "Inner", "Startup Cost": 2311603.03, "Total Cost": 2314372.06, "Plan Rows": 184353, "Plan Width": 181, "Inner Unique": true, "Merge Cond": "(customer.c_nationkey = nation.n_nationkey)", "Plans": [{"Node Type": "Sort", "Parent Relationship": "Outer", "Parallel Aware": false, "Startup Cost": 2311602.89, "Total Cost": 2312063.78, "Plan Rows": 184353, "Plan Width": 159, "Sort Key": ["customer.c_nationkey"], "Plans": [{"Node Type": "Merge Join", "Parent Relationship": "Outer", "Parallel Aware": false, "Join Type": "Inner", "Startup Cost": 2217620.9, "Total Cost": 2286990.23, "Plan Rows": 184353, "Plan Width": 159, "Inner Unique": true, "Merge Cond": "(orders.o_custkey = customer.c_custkey)", "Plans": [{"Node Type": "Sort", "Parent Relationship": "Outer", "Parallel Aware": false, "Startup Cost": 2217620.47, "Total Cost": 2218081.35, "Plan Rows": 184353, "Plan Width": 16, "Sort Key": ["orders.o_custkey"], "Plans": [{"Node Type": "Merge Join", "Parent Relationship": "Outer", "Parallel Aware": false, "Join Type": "Inner", "Startup Cost": 337398.54, "Total Cost": 2201496.85, "Plan Rows": 184353, "Plan Width": 16, "Inner Unique": true, "Merge Cond": "(lineitem.l_orderkey = orders.o_orderkey)", "Plans": [{"Node Type": "Index Scan", "Parent Relationship": "Outer", "Parallel Aware": true, "Scan Direction": "Forward", "Index Name": "idx_lineitem_orderkey", "Relation Name": "lineitem", "Alias": "lineitem", "Startup Cost": 0.56, "Total Cost": 1847467.97, "Plan Rows": 4774997, "Plan Width": 16, "Filter": "(l_returnflag = 'R'::bpchar)"}, {"Node Type": "Sort", "Parent Relationship": "Inner", "Parallel Aware": false, "Startup Cost": 337352.42, "Total Cost": 338800.14, "Plan Rows": 579089, "Plan Width": 8, "Sort Key": ["orders.o_orderkey"], "Plans": [{"Node Type": "Bitmap Heap Scan", "Parent Relationship": "Outer", "Parallel Aware": false, "Relation Name": "orders", "Alias": "orders", "Startup Cost": 7686.2, "Total Cost": 277284.53, "Plan Rows": 579089, "Plan Width": 8, "Recheck Cond": "((o_orderdate >= '1994-05-01'::date) AND (o_orderdate < '1994-08-01 00:00:00'::timestamp without time zone))", "Plans": [{"Node Type": "Bitmap Index Scan", "Parent Relationship": "Outer", "Parallel Aware": false, "Index Name": "idx_orders_orderdate", "Startup Cost": 0.0, "Total Cost": 7541.43, "Plan Rows": 579089, "Plan Width": 0, "Index Cond": "((o_orderdate >= '1994-05-01'::date) AND (o_orderdate < '1994-08-01 00:00:00'::timestamp without time zone))"}]}]}]}]}, {"Node Type": "Index Scan", "Parent Relationship": "Inner", "Parallel Aware": false, "Scan Direction": "Forward", "Index Name": "customer_pkey", "Relation Name": "customer", "Alias": "customer", "Startup Cost": 0.43, "Total Cost": 62855.13, "Plan Rows": 1500000, "Plan Width": 147}]}]}, {"Node Type": "Index Scan", "Parent Relationship": "Inner", "Parallel Aware": false, "Scan Direction": "Forward", "Index Name": "nation_pkey", "Relation Name": "nation", "Alias": "nation", "Startup Cost": 0.14, "Total Cost": 3.81, "Plan Rows": 25, "Plan Width": 30}]}]}]}]}]}]}]}}, {"Plan": {"Node Type": "Limit", "Parallel Aware": false, "Startup Cost": 961731.86, "Total Cost": 961731.91, "Plan Rows": 20, "Plan Width": 201, "Plans": [{"Node Type": "Sort", "Parent Relationship": "Outer", "Parallel Aware": false, "Startup Cost": 961731.86, "Total Cost": 963160.59, "Plan Rows": 571494, "Plan Width": 201, "Sort Key": ["(sum((lineitem.l_extendedprice * ('1'::numeric - lineitem.l_discount)))) DESC"], "Plans": [{"Node Type": "Aggregate", "Strategy": "Sorted", "Partial Mode": "Finalize", "Parent Relationship": "Outer", "Parallel Aware": false, "Startup Cost": 863796.2, "Total Cost": 946524.61, "Plan Rows": 571494, "Plan Width": 201, "Group Key": ["customer.c_custkey", "nation.n_name"], "Plans": [{"Node Type": "Gather Merge", "Parent Relationship": "Outer", "Parallel Aware": false, "Startup Cost": 863796.2, "Total Cost": 933850.34, "Plan Rows": 553059, "Plan Width": 201, "Workers Planned": 3, "Plans": [{"Node Type": "Aggregate", "Strategy": "Sorted", "Partial Mode": "Partial", "Parent Relationship": "Outer", "Parallel Aware": false, "Startup Cost": 862796.16, "Total Cost": 867865.87, "Plan Rows": 184353, "Plan Width": 201, "Group Key": ["customer.c_custkey", "nation.n_name"], "Plans": [{"Node Type": "Sort", "Parent Relationship": "Outer", "Parallel Aware": false, "Startup Cost": 862796.16, "Total Cost": 863257.04, "Plan Rows": 184353, "Plan Width": 181, "Sort Key": ["customer.c_custkey", "nation.n_name"], "Plans": [{"Node Type": "Merge Join", "Parent Relationship": "Outer", "Parallel Aware": false, "Join Type": "Inner", "Startup Cost": 834307.46, "Total Cost": 837076.5, "Plan Rows": 184353, "Plan Width": 181, "Inner Unique": true, "Merge Cond": "(customer.c_nationkey = nation.n_nationkey)", "Plans": [{"Node Type": "Sort", "Parent Relationship": "Outer", "Parallel Aware": false, "Startup Cost": 834307.33, "Total Cost": 834768.21, "Plan Rows": 184353, "Plan Width": 159, "Sort Key": ["customer.c_nationkey"], "Plans": [{"Node Type": "Merge Join", "Parent Relationship": "Outer", "Parallel Aware": false, "Join Type": "Inner", "Startup Cost": 740325.34, "Total Cost": 809694.66, "Plan Rows": 184353, "Plan Width": 159, "Inner Unique": true, "Merge Cond": "(orders.o_custkey = customer.c_custkey)", "Plans": [{"Node Type": "Sort", "Parent Relationship": "Outer", "Parallel Aware": false, "Startup Cost": 740324.9, "Total Cost": 740785.79, "Plan Rows": 184353, "Plan Width": 16, "Sort Key": ["orders.o_custkey"], "Plans": [{"Node Type": "Nested Loop", "Parent Relationship": "Outer", "Parallel Aware": false, "Join Type": "Inner", "Startup Cost": 7686.76, "Total Cost": 724201.29, "Plan Rows": 184353, "Plan Width": 16, "Inner Unique": false, "Plans": [{"Node Type": "Bitmap Heap Scan", "Parent Relationship": "Outer", "Parallel Aware": true, "Relation Name": "orders", "Alias": "orders", "Startup Cost": 7686.2, "Total Cost": 271400.24, "Plan Rows": 186803, "Plan Width": 8, "Recheck Cond": "((o_orderdate >= '1994-05-01'::date) AND (o_orderdate < '1994-08-01 00:00:00'::timestamp without time zone))", "Plans": [{"Node Type": "Bitmap Index Scan", "Parent Relationship": "Outer", "Parallel Aware": false, "Index Name": "idx_orders_orderdate", "Startup Cost": 0.0, "Total Cost": 7541.43, "Plan Rows": 579089, "Plan Width": 0, "Index Cond": "((o_orderdate >= '1994-05-01'::date) AND (o_orderdate < '1994-08-01 00:00:00'::timestamp without time zone))"}]}, {"Node Type": "Index Scan", "Parent Relationship": "Inner", "Parallel Aware": false, "Scan Direction": "Forward", "Index Name": "idx_lineitem_orderkey", "Relation Name": "lineitem", "Alias": "lineitem", "Startup Cost": 0.56, "Total Cost": 2.35, "Plan Rows": 7, "Plan Width": 16, "Index Cond": "(l_orderkey = orders.o_orderkey)", "Filter": "(l_returnflag = 'R'::bpchar)"}]}]}, {"Node Type": "Index Scan", "Parent Relationship": "Inner", "Parallel Aware": false, "Scan Direction": "Forward", "Index Name": "customer_pkey", "Relation Name": "customer", "Alias": "customer", "Startup Cost": 0.43, "Total Cost": 62855.13, "Plan Rows": 1500000, "Plan Width": 147}]}]}, {"Node Type": "Index Scan", "Parent Relationship": "Inner", "Parallel Aware": false, "Scan Direction": "Forward", "Index Name": "nation_pkey", "Relation Name": "nation", "Alias": "nation", "Startup Cost": 0.14, "Total Cost": 3.81, "Plan Rows": 25, "Plan Width": 30}]}]}]}]}]}]}]}}, {"Plan": {"Node Type": "Limit", "Parallel Aware": false, "Startup Cost": 972261.09, "Total Cost": 972261.14, "Plan Rows": 20, "Plan Width": 201, "Plans": [{"Node Type": "Sort", "Parent Relationship": "Outer", "Parallel Aware": false, "Startup Cost": 972261.09, "Total Cost": 973689.82, "Plan Rows": 571494, "Plan Width": 201, "Sort Key": ["(sum((lineitem.l_extendedprice * ('1'::numeric - lineitem.l_discount)))) DESC"], "Plans": [{"Node Type": "Aggregate", "Strategy": "Sorted", "Partial Mode": "Finalize", "Parent Relationship": "Outer", "Parallel Aware": false, "Startup Cost": 874325.43, "Total Cost": 957053.84, "Plan Rows": 571494, "Plan Width": 201, "Group Key": ["customer.c_custkey", "nation.n_name"], "Plans": [{"Node Type": "Gather Merge", "Parent Relationship": "Outer", "Parallel Aware": false, "Startup Cost": 874325.43, "Total Cost": 944379.57, "Plan Rows": 553059, "Plan Width": 201, "Workers Planned": 3, "Plans": [{"Node Type": "Aggregate", "Strategy": "Sorted", "Partial Mode": "Partial", "Parent Relationship": "Outer", "Parallel Aware": false, "Startup Cost": 873325.39, "Total Cost": 878395.1, "Plan Rows": 184353, "Plan Width": 201, "Group Key": ["customer.c_custkey", "nation.n_name"], "Plans": [{"Node Type": "Sort", "Parent Relationship": "Outer", "Parallel Aware": false, "Startup Cost": 873325.39, "Total Cost": 873786.28, "Plan Rows": 184353, "Plan Width": 181, "Sort Key": ["customer.c_custkey", "nation.n_name"], "Plans": [{"Node Type": "Merge Join", "Parent Relationship": "Outer", "Parallel Aware": false, "Join Type": "Inner", "Startup Cost": 844840.31, "Total Cost": 847605.73, "Plan Rows": 184353, "Plan Width": 181, "Inner Unique": true, "Merge Cond": "(customer.c_nationkey = nation.n_nationkey)", "Plans": [{"Node Type": "Sort", "Parent Relationship": "Outer", "Parallel Aware": false, "Startup Cost": 844838.48, "Total Cost": 845299.36, "Plan Rows": 184353, "Plan Width": 159, "Sort Key": ["customer.c_nationkey"], "Plans": [{"Node Type": "Nested Loop", "Parent Relationship": "Outer", "Parallel Aware": false, "Join Type": "Inner", "Startup Cost": 7687.19, "Total Cost": 820225.81, "Plan Rows": 184353, "Plan Width": 159, "Inner Unique": true, "Plans": [{"Node Type": "Nested Loop", "Parent Relationship": "Outer", "Parallel Aware": false, "Join Type": "Inner", "Startup Cost": 7686.76, "Total Cost": 724201.29, "Plan Rows": 184353, "Plan Width": 16, "Inner Unique": false, "Plans": [{"Node Type": "Bitmap Heap Scan", "Parent Relationship": "Outer", "Parallel Aware": true, "Relation Name": "orders", "Alias": "orders", "Startup Cost": 7686.2, "Total Cost": 271400.24, "Plan Rows": 186803, "Plan Width": 8, "Recheck Cond": "((o_orderdate >= '1994-05-01'::date) AND (o_orderdate < '1994-08-01 00:00:00'::timestamp without time zone))", "Plans": [{"Node Type": "Bitmap Index Scan", "Parent Relationship": "Outer", "Parallel Aware": false, "Index Name": "idx_orders_orderdate", "Startup Cost": 0.0, "Total Cost": 7541.43, "Plan Rows": 579089, "Plan Width": 0, "Index Cond": "((o_orderdate >= '1994-05-01'::date) AND (o_orderdate < '1994-08-01 00:00:00'::timestamp without time zone))"}]}, {"Node Type": "Index Scan", "Parent Relationship": "Inner", "Parallel Aware": false, "Scan Direction": "Forward", "Index Name": "idx_lineitem_orderkey", "Relation Name": "lineitem", "Alias": "lineitem", "Startup Cost": 0.56, "Total Cost": 2.35, "Plan Rows": 7, "Plan Width": 16, "Index Cond": "(l_orderkey = orders.o_orderkey)", "Filter": "(l_returnflag = 'R'::bpchar)"}]}, {"Node Type": "Index Scan", "Parent Relationship": "Inner", "Parallel Aware": false, "Scan Direction": "Forward", "Index Name": "customer_pkey", "Relation Name": "customer", "Alias": "customer", "Startup Cost": 0.43, "Total Cost": 0.52, "Plan Rows": 1, "Plan Width": 147, "Index Cond": "(c_custkey = orders.o_custkey)"}]}]}, {"Node Type": "Sort", "Parent Relationship": "Inner", "Parallel Aware": false, "Startup Cost": 1.83, "Total Cost": 1.89, "Plan Rows": 25, "Plan Width": 30, "Sort Key": ["nation.n_nationkey"], "Plans": [{"Node Type": "Seq Scan", "Parent Relationship": "Outer", "Parallel Aware": false, "Relation Name": "nation", "Alias": "nation", "Startup Cost": 0.0, "Total Cost": 1.25, "Plan Rows": 25, "Plan Width": 30}]}]}]}]}]}]}]}]}}, {"Plan": {"Node Type": "Limit", "Parallel Aware": false, "Startup Cost": 2512653.21, "Total Cost": 2512653.26, "Plan Rows": 20, "Plan Width": 201, "Plans": [{"Node Type": "Sort", "Parent Relationship": "Outer", "Parallel Aware": false, "Startup Cost": 2512653.21, "Total Cost": 2514081.94, "Plan Rows": 571494, "Plan Width": 201, "Sort Key": ["(sum((lineitem.l_extendedprice * ('1'::numeric - lineitem.l_discount)))) DESC"], "Plans": [{"Node Type": "Aggregate", "Strategy": "Sorted", "Partial Mode": "Finalize", "Parent Relationship": "Outer", "Parallel Aware": false, "Startup Cost": 2414717.55, "Total Cost": 2497445.96, "Plan Rows": 571494, "Plan Width": 201, "Group Key": ["customer.c_custkey", "nation.n_name"], "Plans": [{"Node Type": "Gather Merge", "Parent Relationship": "Outer", "Parallel Aware": false, "Startup Cost": 2414717.55, "Total Cost": 2484771.69, "Plan Rows": 553059, "Plan Width": 201, "Workers Planned": 3, "Plans": [{"Node Type": "Aggregate", "Strategy": "Sorted", "Partial Mode": "Partial", "Parent Relationship": "Outer", "Parallel Aware": false, "Startup Cost": 2413717.51, "Total Cost": 2418787.22, "Plan Rows": 184353, "Plan Width": 201, "Group Key": ["customer.c_custkey", "nation.n_name"], "Plans": [{"Node Type": "Sort", "Parent Relationship": "Outer", "Parallel Aware": false, "Startup Cost": 2413717.51, "Total Cost": 2414178.39, "Plan Rows": 184353, "Plan Width": 181, "Sort Key": ["customer.c_custkey", "nation.n_name"], "Plans": [{"Node Type": "Merge Join", "Parent Relationship": "Outer", "Parallel Aware": false, "Join Type": "Inner", "Startup Cost": 2385232.43, "Total Cost": 2387997.85, "Plan Rows": 184353, "Plan Width": 181, "Inner Unique": true, "Merge Cond": "(customer.c_nationkey = nation.n_nationkey)", "Plans": [{"Node Type": "Sort", "Parent Relationship": "Outer", "Parallel Aware": false, "Startup Cost": 2385230.6, "Total Cost": 2385691.48, "Plan Rows": 184353, "Plan Width": 159, "Sort Key": ["customer.c_nationkey"], "Plans": [{"Node Type": "Merge Join", "Parent Relationship": "Outer", "Parallel Aware": false, "Join Type": "Inner", "Startup Cost": 495071.9, "Total Cost": 2360617.93, "Plan Rows": 184353, "Plan Width": 159, "Inner Unique": false, "Merge Cond": "(lineitem.l_orderkey = orders.o_orderkey)", "Plans": [{"Node Type": "Index Scan", "Parent Relationship": "Outer", "Parallel Aware": true, "Scan Direction": "Forward", "Index Name": "idx_lineitem_orderkey", "Relation Name": "lineitem", "Alias": "lineitem", "Startup Cost": 0.56, "Total Cost": 1847467.97, "Plan Rows": 4774997, "Plan Width": 16, "Filter": "(l_returnflag = 'R'::bpchar)"}, {"Node Type": "Materialize", "Parent Relationship": "Inner", "Parallel Aware": false, "Startup Cost": 495025.77, "Total Cost": 497921.22, "Plan Rows": 579089, "Plan Width": 151, "Plans": [{"Node Type": "Sort", "Parent Relationship": "Outer", "Parallel Aware": false, "Startup Cost": 495025.77, "Total Cost": 496473.5, "Plan Rows": 579089, "Plan Width": 151, "Sort Key": ["orders.o_orderkey"], "Plans": [{"Node Type": "Merge Join", "Parent Relationship": "Outer", "Parallel Aware": false, "Join Type": "Inner", "Startup Cost": 337352.87, "Total Cost": 414090.94, "Plan Rows": 579089, "Plan Width": 151, "Inner Unique": false, "Merge Cond": "(customer.c_custkey = orders.o_custkey)", "Plans": [{"Node Type": "Index Scan", "Parent Relationship": "Outer", "Parallel Aware": false, "Scan Direction": "Forward", "Index Name": "customer_pkey", "Relation Name": "customer", "Alias": "customer", "Startup Cost": 0.43, "Total Cost": 62855.13, "Plan Rows": 1500000, "Plan Width": 147}, {"Node Type": "Materialize", "Parent Relationship": "Inner", "Parallel Aware": false, "Startup Cost": 337352.42, "Total Cost": 340247.86, "Plan Rows": 579089, "Plan Width": 8, "Plans": [{"Node Type": "Sort", "Parent Relationship": "Outer", "Parallel Aware": false, "Startup Cost": 337352.42, "Total Cost": 338800.14, "Plan Rows": 579089, "Plan Width": 8, "Sort Key": ["orders.o_custkey"], "Plans": [{"Node Type": "Bitmap Heap Scan", "Parent Relationship": "Outer", "Parallel Aware": false, "Relation Name": "orders", "Alias": "orders", "Startup Cost": 7686.2, "Total Cost": 277284.53, "Plan Rows": 579089, "Plan Width": 8, "Recheck Cond": "((o_orderdate >= '1994-05-01'::date) AND (o_orderdate < '1994-08-01 00:00:00'::timestamp without time zone))", "Plans": [{"Node Type": "Bitmap Index Scan", "Parent Relationship": "Outer", "Parallel Aware": false, "Index Name": "idx_orders_orderdate", "Startup Cost": 0.0, "Total Cost": 7541.43, "Plan Rows": 579089, "Plan Width": 0, "Index Cond": "((o_orderdate >= '1994-05-01'::date) AND (o_orderdate < '1994-08-01 00:00:00'::timestamp without time zone))"}]}]}]}]}]}]}]}]}, {"Node Type": "Sort", "Parent Relationship": "Inner", "Parallel Aware": false, "Startup Cost": 1.83, "Total Cost": 1.89, "Plan Rows": 25, "Plan Width": 30, "Sort Key": ["nation.n_nationkey"], "Plans": [{"Node Type": "Seq Scan", "Parent Relationship": "Outer", "Parallel Aware": false, "Relation Name": "nation", "Alias": "nation", "Startup Cost": 0.0, "Total Cost": 1.25, "Plan Rows": 25, "Plan Width": 30}]}]}]}]}]}]}]}]}}, {"Plan": {"Node Type": "Limit", "Parallel Aware": false, "Startup Cost": 973342.83, "Total Cost": 973342.88, "Plan Rows": 20, "Plan Width": 201, "Plans": [{"Node Type": "Sort", "Parent Relationship": "Outer", "Parallel Aware": false, "Startup Cost": 973342.83, "Total Cost": 974771.57, "Plan Rows": 571494, "Plan Width": 201, "Sort Key": ["(sum((lineitem.l_extendedprice * ('1'::numeric - lineitem.l_discount)))) DESC"], "Plans": [{"Node Type": "Aggregate", "Strategy": "Sorted", "Partial Mode": "Finalize", "Parent Relationship": "Outer", "Parallel Aware": false, "Startup Cost": 875407.18, "Total Cost": 958135.58, "Plan Rows": 571494, "Plan Width": 201, "Group Key": ["customer.c_custkey", "nation.n_name"], "Plans": [{"Node Type": "Gather Merge", "Parent Relationship": "Outer", "Parallel Aware": false, "Startup Cost": 875407.18, "Total Cost": 945461.32, "Plan Rows": 553059, "Plan Width": 201, "Workers Planned": 3, "Plans": [{"Node Type": "Aggregate", "Strategy": "Sorted", "Partial Mode": "Partial", "Parent Relationship": "Outer", "Parallel Aware": false, "Startup Cost": 874407.14, "Total Cost": 879476.85, "Plan Rows": 184353, "Plan Width": 201, "Group Key": ["customer.c_custkey", "nation.n_name"], "Plans": [{"Node Type": "Sort", "Parent Relationship": "Outer", "Parallel Aware": false, "Startup Cost": 874407.14, "Total Cost": 874868.02, "Plan Rows": 184353, "Plan Width": 181, "Sort Key": ["customer.c_custkey", "nation.n_name"], "Plans": [{"Node Type": "Nested Loop", "Parent Relationship": "Outer", "Parallel Aware": false, "Join Type": "Inner", "Startup Cost": 7687.33, "Total Cost": 848687.47, "Plan Rows": 184353, "Plan Width": 181, "Inner Unique": true, "Plans": [{"Node Type": "Nested Loop", "Parent Relationship": "Outer", "Parallel Aware": false, "Join Type": "Inner", "Startup Cost": 7687.19, "Total Cost": 820225.81, "Plan Rows": 184353, "Plan Width": 159, "Inner Unique": true, "Plans": [{"Node Type": "Nested Loop", "Parent Relationship": "Outer", "Parallel Aware": false, "Join Type": "Inner", "Startup Cost": 7686.76, "Total Cost": 724201.29, "Plan Rows": 184353, "Plan Width": 16, "Inner Unique": false, "Plans": [{"Node Type": "Bitmap Heap Scan", "Parent Relationship": "Outer", "Parallel Aware": true, "Relation Name": "orders", "Alias": "orders", "Startup Cost": 7686.2, "Total Cost": 271400.24, "Plan Rows": 186803, "Plan Width": 8, "Recheck Cond": "((o_orderdate >= '1994-05-01'::date) AND (o_orderdate < '1994-08-01 00:00:00'::timestamp without time zone))", "Plans": [{"Node Type": "Bitmap Index Scan", "Parent Relationship": "Outer", "Parallel Aware": false, "Index Name": "idx_orders_orderdate", "Startup Cost": 0.0, "Total Cost": 7541.43, "Plan Rows": 579089, "Plan Width": 0, "Index Cond": "((o_orderdate >= '1994-05-01'::date) AND (o_orderdate < '1994-08-01 00:00:00'::timestamp without time zone))"}]}, {"Node Type": "Index Scan", "Parent Relationship": "Inner", "Parallel Aware": false, "Scan Direction": "Forward", "Index Name": "idx_lineitem_orderkey", "Relation Name": "lineitem", "Alias": "lineitem", "Startup Cost": 0.56, "Total Cost": 2.35, "Plan Rows": 7, "Plan Width": 16, "Index Cond": "(l_orderkey = orders.o_orderkey)", "Filter": "(l_returnflag = 'R'::bpchar)"}]}, {"Node Type": "Index Scan", "Parent Relationship": "Inner", "Parallel Aware": false, "Scan Direction": "Forward", "Index Name": "customer_pkey", "Relation Name": "customer", "Alias": "customer", "Startup Cost": 0.43, "Total Cost": 0.52, "Plan Rows": 1, "Plan Width": 147, "Index Cond": "(c_custkey = orders.o_custkey)"}]}, {"Node Type": "Index Scan", "Parent Relationship": "Inner", "Parallel Aware": false, "Scan Direction": "Forward", "Index Name": "nation_pkey", "Relation Name": "nation", "Alias": "nation", "Startup Cost": 0.14, "Total Cost": 0.16, "Plan Rows": 1, "Plan Width": 30, "Index Cond": "(n_nationkey = customer.c_nationkey)"}]}]}]}]}]}]}]}}, {"Plan": {"Node Type": "Limit", "Parallel Aware": false, "Startup Cost": 973342.83, "Total Cost": 973342.88, "Plan Rows": 20, "Plan Width": 201, "Plans": [{"Node Type": "Sort", "Parent Relationship": "Outer", "Parallel Aware": false, "Startup Cost": 973342.83, "Total Cost": 974771.57, "Plan Rows": 571494, "Plan Width": 201, "Sort Key": ["(sum((lineitem.l_extendedprice * ('1'::numeric - lineitem.l_discount)))) DESC"], "Plans": [{"Node Type": "Aggregate", "Strategy": "Sorted", "Partial Mode": "Finalize", "Parent Relationship": "Outer", "Parallel Aware": false, "Startup Cost": 875407.18, "Total Cost": 958135.58, "Plan Rows": 571494, "Plan Width": 201, "Group Key": ["customer.c_custkey", "nation.n_name"], "Plans": [{"Node Type": "Gather Merge", "Parent Relationship": "Outer", "Parallel Aware": false, "Startup Cost": 875407.18, "Total Cost": 945461.32, "Plan Rows": 553059, "Plan Width": 201, "Workers Planned": 3, "Plans": [{"Node Type": "Aggregate", "Strategy": "Sorted", "Partial Mode": "Partial", "Parent Relationship": "Outer", "Parallel Aware": false, "Startup Cost": 874407.14, "Total Cost": 879476.85, "Plan Rows": 184353, "Plan Width": 201, "Group Key": ["customer.c_custkey", "nation.n_name"], "Plans": [{"Node Type": "Sort", "Parent Relationship": "Outer", "Parallel Aware": false, "Startup Cost": 874407.14, "Total Cost": 874868.02, "Plan Rows": 184353, "Plan Width": 181, "Sort Key": ["customer.c_custkey", "nation.n_name"], "Plans": [{"Node Type": "Nested Loop", "Parent Relationship": "Outer", "Parallel Aware": false, "Join Type": "Inner", "Startup Cost": 7687.33, "Total Cost": 848687.47, "Plan Rows": 184353, "Plan Width": 181, "Inner Unique": true, "Plans": [{"Node Type": "Nested Loop", "Parent Relationship": "Outer", "Parallel Aware": false, "Join Type": "Inner", "Startup Cost": 7687.19, "Total Cost": 820225.81, "Plan Rows": 184353, "Plan Width": 159, "Inner Unique": true, "Plans": [{"Node Type": "Nested Loop", "Parent Relationship": "Outer", "Parallel Aware": false, "Join Type": "Inner", "Startup Cost": 7686.76, "Total Cost": 724201.29, "Plan Rows": 184353, "Plan Width": 16, "Inner Unique": false, "Plans": [{"Node Type": "Bitmap Heap Scan", "Parent Relationship": "Outer", "Parallel Aware": true, "Relation Name": "orders", "Alias": "orders", "Startup Cost": 7686.2, "Total Cost": 271400.24, "Plan Rows": 186803, "Plan Width": 8, "Recheck Cond": "((o_orderdate >= '1994-05-01'::date) AND (o_orderdate < '1994-08-01 00:00:00'::timestamp without time zone))", "Plans": [{"Node Type": "Bitmap Index Scan", "Parent Relationship": "Outer", "Parallel Aware": false, "Index Name": "idx_orders_orderdate", "Startup Cost": 0.0, "Total Cost": 7541.43, "Plan Rows": 579089, "Plan Width": 0, "Index Cond": "((o_orderdate >= '1994-05-01'::date) AND (o_orderdate < '1994-08-01 00:00:00'::timestamp without time zone))"}]}, {"Node Type": "Index Scan", "Parent Relationship": "Inner", "Parallel Aware": false, "Scan Direction": "Forward", "Index Name": "idx_lineitem_orderkey", "Relation Name": "lineitem", "Alias": "lineitem", "Startup Cost": 0.56, "Total Cost": 2.35, "Plan Rows": 7, "Plan Width": 16, "Index Cond": "(l_orderkey = orders.o_orderkey)", "Filter": "(l_returnflag = 'R'::bpchar)"}]}, {"Node Type": "Index Scan", "Parent Relationship": "Inner", "Parallel Aware": false, "Scan Direction": "Forward", "Index Name": "customer_pkey", "Relation Name": "customer", "Alias": "customer", "Startup Cost": 0.43, "Total Cost": 0.52, "Plan Rows": 1, "Plan Width": 147, "Index Cond": "(c_custkey = orders.o_custkey)"}]}, {"Node Type": "Index Scan", "Parent Relationship": "Inner", "Parallel Aware": false, "Scan Direction": "Forward", "Index Name": "nation_pkey", "Relation Name": "nation", "Alias": "nation", "Startup Cost": 0.14, "Total Cost": 0.16, "Plan Rows": 1, "Plan Width": 30, "Index Cond": "(n_nationkey = customer.c_nationkey)"}]}]}]}]}]}]}]}}, {"Plan": {"Node Type": "Limit", "Parallel Aware": false, "Startup Cost": 1525707.15, "Total Cost": 1525707.2, "Plan Rows": 20, "Plan Width": 201, "Plans": [{"Node Type": "Sort", "Parent Relationship": "Outer", "Parallel Aware": false, "Startup Cost": 1525707.15, "Total Cost": 1527135.89, "Plan Rows": 571494, "Plan Width": 201, "Sort Key": ["(sum((lineitem.l_extendedprice * ('1'::numeric - lineitem.l_discount)))) DESC"], "Plans": [{"Node Type": "Aggregate", "Strategy": "Sorted", "Partial Mode": "Finalize", "Parent Relationship": "Outer", "Parallel Aware": false, "Startup Cost": 1427771.5, "Total Cost": 1510499.9, "Plan Rows": 571494, "Plan Width": 201, "Group Key": ["customer.c_custkey", "nation.n_name"], "Plans": [{"Node Type": "Gather Merge", "Parent Relationship": "Outer", "Parallel Aware": false, "Startup Cost": 1427771.5, "Total Cost": 1497825.64, "Plan Rows": 553059, "Plan Width": 201, "Workers Planned": 3, "Plans": [{"Node Type": "Aggregate", "Strategy": "Sorted", "Partial Mode": "Partial", "Parent Relationship": "Outer", "Parallel Aware": false, "Startup Cost": 1426771.46, "Total Cost": 1431841.17, "Plan Rows": 184353, "Plan Width": 201, "Group Key": ["customer.c_custkey", "nation.n_name"], "Plans": [{"Node Type": "Sort", "Parent Relationship": "Outer", "Parallel Aware": false, "Startup Cost": 1426771.46, "Total Cost": 1427232.34, "Plan Rows": 184353, "Plan Width": 181, "Sort Key": ["customer.c_custkey", "nation.n_name"], "Plans": [{"Node Type": "Merge Join", "Parent Relationship": "Outer", "Parallel Aware": false, "Join Type": "Inner", "Startup Cost": 1398286.37, "Total Cost": 1401051.79, "Plan Rows": 184353, "Plan Width": 181, "Inner Unique": true, "Merge Cond": "(customer.c_nationkey = nation.n_nationkey)", "Plans": [{"Node Type": "Sort", "Parent Relationship": "Outer", "Parallel Aware": false, "Startup Cost": 1398284.54, "Total Cost": 1398745.42, "Plan Rows": 184353, "Plan Width": 159, "Sort Key": ["customer.c_nationkey"], "Plans": [{"Node Type": "Nested Loop", "Parent Relationship": "Outer", "Parallel Aware": false, "Join Type": "Inner", "Startup Cost": 445018.79, "Total Cost": 1373671.88, "Plan Rows": 184353, "Plan Width": 159, "Inner Unique": false, "Plans": [{"Node Type": "Merge Join", "Parent Relationship": "Outer", "Parallel Aware": false, "Join Type": "Inner", "Startup Cost": 445017.68, "Total Cost": 453648.19, "Plan Rows": 186803, "Plan Width": 151, "Inner Unique": false, "Merge Cond": "(customer.c_custkey = orders.o_custkey)", "Plans": [{"Node Type": "Sort", "Parent Relationship": "Outer", "Parallel Aware": false, "Startup Cost": 107665.25, "Total Cost": 108874.92, "Plan Rows": 483871, "Plan Width": 147, "Sort Key": ["customer.c_custkey"], "Plans": [{"Node Type": "Seq Scan", "Parent Relationship": "Outer", "Parallel Aware": true, "Relation Name": "customer", "Alias": "customer", "Startup Cost": 0.0, "Total Cost": 40665.71, "Plan Rows": 483871, "Plan Width": 147}]}, {"Node Type": "Materialize", "Parent Relationship": "Inner", "Parallel Aware": false, "Startup Cost": 337352.42, "Total Cost": 340247.86, "Plan Rows": 579089, "Plan Width": 8, "Plans": [{"Node Type": "Sort", "Parent Relationship": "Outer", "Parallel Aware": false, "Startup Cost": 337352.42, "Total Cost": 338800.14, "Plan Rows": 579089, "Plan Width": 8, "Sort Key": ["orders.o_custkey"], "Plans": [{"Node Type": "Bitmap Heap Scan", "Parent Relationship": "Outer", "Parallel Aware": false, "Relation Name": "orders", "Alias": "orders", "Startup Cost": 7686.2, "Total Cost": 277284.53, "Plan Rows": 579089, "Plan Width": 8, "Recheck Cond": "((o_orderdate >= '1994-05-01'::date) AND (o_orderdate < '1994-08-01 00:00:00'::timestamp without time zone))", "Plans": [{"Node Type": "Bitmap Index Scan", "Parent Relationship": "Outer", "Parallel Aware": false, "Index Name": "idx_orders_orderdate", "Startup Cost": 0.0, "Total Cost": 7541.43, "Plan Rows": 579089, "Plan Width": 0, "Index Cond": "((o_orderdate >= '1994-05-01'::date) AND (o_orderdate < '1994-08-01 00:00:00'::timestamp without time zone))"}]}]}]}]}, {"Node Type": "Bitmap Heap Scan", "Parent Relationship": "Inner", "Parallel Aware": false, "Relation Name": "lineitem", "Alias": "lineitem", "Startup Cost": 1.11, "Total Cost": 4.86, "Plan Rows": 7, "Plan Width": 16, "Recheck Cond": "(l_orderkey = orders.o_orderkey)", "Filter": "(l_returnflag = 'R'::bpchar)", "Plans": [{"Node Type": "Bitmap Index Scan", "Parent Relationship": "Outer", "Parallel Aware": false, "Index Name": "lineitem_pkey", "Startup Cost": 0.0, "Total Cost": 1.1, "Plan Rows": 30, "Plan Width": 0, "Index Cond": "(l_orderkey = orders.o_orderkey)"}]}]}]}, {"Node Type": "Sort", "Parent Relationship": "Inner", "Parallel Aware": false, "Startup Cost": 1.83, "Total Cost": 1.89, "Plan Rows": 25, "Plan Width": 30, "Sort Key": ["nation.n_nationkey"], "Plans": [{"Node Type": "Seq Scan", "Parent Relationship": "Outer", "Parallel Aware": false, "Relation Name": "nation", "Alias": "nation", "Startup Cost": 0.0, "Total Cost": 1.25, "Plan Rows": 25, "Plan Width": 30}]}]}]}]}]}]}]}]}}, {"Plan": {"Node Type": "Limit", "Parallel Aware": false, "Startup Cost": 2759090.67, "Total Cost": 2759090.72, "Plan Rows": 20, "Plan Width": 201, "Plans": [{"Node Type": "Sort", "Parent Relationship": "Outer", "Parallel Aware": false, "Startup Cost": 2759090.67, "Total Cost": 2760519.41, "Plan Rows": 571494, "Plan Width": 201, "Sort Key": ["(sum((lineitem.l_extendedprice * ('1'::numeric - lineitem.l_discount)))) DESC"], "Plans": [{"Node Type": "Aggregate", "Strategy": "Sorted", "Partial Mode": "Finalize", "Parent Relationship": "Outer", "Parallel Aware": false, "Startup Cost": 2661155.02, "Total Cost": 2743883.42, "Plan Rows": 571494, "Plan Width": 201, "Group Key": ["customer.c_custkey", "nation.n_name"], "Plans": [{"Node Type": "Gather Merge", "Parent Relationship": "Outer", "Parallel Aware": false, "Startup Cost": 2661155.02, "Total Cost": 2731209.16, "Plan Rows": 553059, "Plan Width": 201, "Workers Planned": 3, "Plans": [{"Node Type": "Aggregate", "Strategy": "Sorted", "Partial Mode": "Partial", "Parent Relationship": "Outer", "Parallel Aware": false, "Startup Cost": 2660154.98, "Total Cost": 2665224.69, "Plan Rows": 184353, "Plan Width": 201, "Group Key": ["customer.c_custkey", "nation.n_name"], "Plans": [{"Node Type": "Sort", "Parent Relationship": "Outer", "Parallel Aware": false, "Startup Cost": 2660154.98, "Total Cost": 2660615.86, "Plan Rows": 184353, "Plan Width": 181, "Sort Key": ["customer.c_custkey", "nation.n_name"], "Plans": [{"Node Type": "Merge Join", "Parent Relationship": "Outer", "Parallel Aware": false, "Join Type": "Inner", "Startup Cost": 2631669.89, "Total Cost": 2634435.31, "Plan Rows": 184353, "Plan Width": 181, "Inner Unique": true, "Merge Cond": "(customer.c_nationkey = nation.n_nationkey)", "Plans": [{"Node Type": "Sort", "Parent Relationship": "Outer", "Parallel Aware": false, "Startup Cost": 2631668.06, "Total Cost": 2632128.94, "Plan Rows": 184353, "Plan Width": 159, "Sort Key": ["customer.c_nationkey"], "Plans": [{"Node Type": "Merge Join", "Parent Relationship": "Outer", "Parallel Aware": false, "Join Type": "Inner", "Startup Cost": 2596790.18, "Total Cost": 2607055.4, "Plan Rows": 184353, "Plan Width": 159, "Inner Unique": true, "Merge Cond": "(orders.o_custkey = customer.c_custkey)", "Plans": [{"Node Type": "Sort", "Parent Relationship": "Outer", "Parallel Aware": false, "Startup Cost": 2326023.84, "Total Cost": 2326484.73, "Plan Rows": 184353, "Plan Width": 16, "Sort Key": ["orders.o_custkey"], "Plans": [{"Node Type": "Merge Join", "Parent Relationship": "Outer", "Parallel Aware": false, "Join Type": "Inner", "Startup Cost": 2281286.86, "Total Cost": 2309900.23, "Plan Rows": 184353, "Plan Width": 16, "Inner Unique": true, "Merge Cond": "(lineitem.l_orderkey = orders.o_orderkey)", "Plans": [{"Node Type": "Sort", "Parent Relationship": "Outer", "Parallel Aware": false, "Startup Cost": 1943933.85, "Total Cost": 1955871.35, "Plan Rows": 4774997, "Plan Width": 16, "Sort Key": ["lineitem.l_orderkey"], "Plans": [{"Node Type": "Seq Scan", "Parent Relationship": "Outer", "Parallel Aware": true, "Relation Name": "lineitem", "Alias": "lineitem", "Startup Cost": 0.0, "Total Cost": 1366420.13, "Plan Rows": 4774997, "Plan Width": 16, "Filter": "(l_returnflag = 'R'::bpchar)"}]}, {"Node Type": "Sort", "Parent Relationship": "Inner", "Parallel Aware": false, "Startup Cost": 337352.42, "Total Cost": 338800.14, "Plan Rows": 579089, "Plan Width": 8, "Sort Key": ["orders.o_orderkey"], "Plans": [{"Node Type": "Bitmap Heap Scan", "Parent Relationship": "Outer", "Parallel Aware": false, "Relation Name": "orders", "Alias": "orders", "Startup Cost": 7686.2, "Total Cost": 277284.53, "Plan Rows": 579089, "Plan Width": 8, "Recheck Cond": "((o_orderdate >= '1994-05-01'::date) AND (o_orderdate < '1994-08-01 00:00:00'::timestamp without time zone))", "Plans": [{"Node Type": "Bitmap Index Scan", "Parent Relationship": "Outer", "Parallel Aware": false, "Index Name": "idx_orders_orderdate", "Startup Cost": 0.0, "Total Cost": 7541.43, "Plan Rows": 579089, "Plan Width": 0, "Index Cond": "((o_orderdate >= '1994-05-01'::date) AND (o_orderdate < '1994-08-01 00:00:00'::timestamp without time zone))"}]}]}]}]}, {"Node Type": "Sort", "Parent Relationship": "Inner", "Parallel Aware": false, "Startup Cost": 270766.33, "Total Cost": 274516.33, "Plan Rows": 1500000, "Plan Width": 147, "Sort Key": ["customer.c_custkey"], "Plans": [{"Node Type": "Seq Scan", "Parent Relationship": "Outer", "Parallel Aware": false, "Relation Name": "customer", "Alias": "customer", "Startup Cost": 0.0, "Total Cost": 50827.0, "Plan Rows": 1500000, "Plan Width": 147}]}]}]}, {"Node Type": "Sort", "Parent Relationship": "Inner", "Parallel Aware": false, "Startup Cost": 1.83, "Total Cost": 1.89, "Plan Rows": 25, "Plan Width": 30, "Sort Key": ["nation.n_nationkey"], "Plans": [{"Node Type": "Seq Scan", "Parent Relationship": "Outer", "Parallel Aware": false, "Relation Name": "nation", "Alias": "nation", "Startup Cost": 0.0, "Total Cost": 1.25, "Plan Rows": 25, "Plan Width": 30}]}]}]}]}]}]}]}]}}, {"Plan": {"Node Type": "Limit", "Parallel Aware": false, "Startup Cost": 1827156.4, "Total Cost": 1827156.45, "Plan Rows": 20, "Plan Width": 201, "Plans": [{"Node Type": "Sort", "Parent Relationship": "Outer", "Parallel Aware": false, "Startup Cost": 1827156.4, "Total Cost": 1828585.14, "Plan Rows": 571494, "Plan Width": 201, "Sort Key": ["(sum((lineitem.l_extendedprice * ('1'::numeric - lineitem.l_discount)))) DESC"], "Plans": [{"Node Type": "Aggregate", "Strategy": "Sorted", "Partial Mode": "Finalize", "Parent Relationship": "Outer", "Parallel Aware": false, "Startup Cost": 1729220.75, "Total Cost": 1811949.15, "Plan Rows": 571494, "Plan Width": 201, "Group Key": ["customer.c_custkey", "nation.n_name"], "Plans": [{"Node Type": "Gather Merge", "Parent Relationship": "Outer", "Parallel Aware": false, "Startup Cost": 1729220.75, "Total Cost": 1799274.89, "Plan Rows": 553059, "Plan Width": 201, "Workers Planned": 3, "Plans": [{"Node Type": "Aggregate", "Strategy": "Sorted", "Partial Mode": "Partial", "Parent Relationship": "Outer", "Parallel Aware": false, "Startup Cost": 1728220.71, "Total Cost": 1733290.41, "Plan Rows": 184353, "Plan Width": 201, "Group Key": ["customer.c_custkey", "nation.n_name"], "Plans": [{"Node Type": "Sort", "Parent Relationship": "Outer", "Parallel Aware": false, "Startup Cost": 1728220.71, "Total Cost": 1728681.59, "Plan Rows": 184353, "Plan Width": 181, "Sort Key": ["customer.c_custkey", "nation.n_name"], "Plans": [{"Node Type": "Nested Loop", "Parent Relationship": "Outer", "Parallel Aware": false, "Join Type": "Inner", "Startup Cost": 7687.89, "Total Cost": 1702501.04, "Plan Rows": 184353, "Plan Width": 181, "Inner Unique": true, "Plans": [{"Node Type": "Nested Loop", "Parent Relationship": "Outer", "Parallel Aware": false, "Join Type": "Inner", "Startup Cost": 7687.75, "Total Cost": 1478197.64, "Plan Rows": 184353, "Plan Width": 159, "Inner Unique": true, "Plans": [{"Node Type": "Nested Loop", "Parent Relationship": "Outer", "Parallel Aware": false, "Join Type": "Inner", "Startup Cost": 7687.3, "Total Cost": 1191423.92, "Plan Rows": 184353, "Plan Width": 16, "Inner Unique": false, "Plans": [{"Node Type": "Bitmap Heap Scan", "Parent Relationship": "Outer", "Parallel Aware": true, "Relation Name": "orders", "Alias": "orders", "Startup Cost": 7686.2, "Total Cost": 271400.24, "Plan Rows": 186803, "Plan Width": 8, "Recheck Cond": "((o_orderdate >= '1994-05-01'::date) AND (o_orderdate < '1994-08-01 00:00:00'::timestamp without time zone))", "Plans": [{"Node Type": "Bitmap Index Scan", "Parent Relationship": "Outer", "Parallel Aware": false, "Index Name": "idx_orders_orderdate", "Startup Cost": 0.0, "Total Cost": 7541.43, "Plan Rows": 579089, "Plan Width": 0, "Index Cond": "((o_orderdate >= '1994-05-01'::date) AND (o_orderdate < '1994-08-01 00:00:00'::timestamp without time zone))"}]}, {"Node Type": "Bitmap Heap Scan", "Parent Relationship": "Inner", "Parallel Aware": false, "Relation Name": "lineitem", "Alias": "lineitem", "Startup Cost": 1.11, "Total Cost": 4.86, "Plan Rows": 7, "Plan Width": 16, "Recheck Cond": "(l_orderkey = orders.o_orderkey)", "Filter": "(l_returnflag = 'R'::bpchar)", "Plans": [{"Node Type": "Bitmap Index Scan", "Parent Relationship": "Outer", "Parallel Aware": false, "Index Name": "lineitem_pkey", "Startup Cost": 0.0, "Total Cost": 1.1, "Plan Rows": 30, "Plan Width": 0, "Index Cond": "(l_orderkey = orders.o_orderkey)"}]}]}, {"Node Type": "Bitmap Heap Scan", "Parent Relationship": "Inner", "Parallel Aware": false, "Relation Name": "customer", "Alias": "customer", "Startup Cost": 0.44, "Total Cost": 1.56, "Plan Rows": 1, "Plan Width": 147, "Recheck Cond": "(c_custkey = orders.o_custkey)", "Plans": [{"Node Type": "Bitmap Index Scan", "Parent Relationship": "Outer", "Parallel Aware": false, "Index Name": "customer_pkey", "Startup Cost": 0.0, "Total Cost": 0.44, "Plan Rows": 1, "Plan Width": 0, "Index Cond": "(c_custkey = orders.o_custkey)"}]}]}, {"Node Type": "Bitmap Heap Scan", "Parent Relationship": "Inner", "Parallel Aware": false, "Relation Name": "nation", "Alias": "nation", "Startup Cost": 0.15, "Total Cost": 1.26, "Plan Rows": 1, "Plan Width": 30, "Recheck Cond": "(n_nationkey = customer.c_nationkey)", "Plans": [{"Node Type": "Bitmap Index Scan", "Parent Relationship": "Outer", "Parallel Aware": false, "Index Name": "nation_pkey", "Startup Cost": 0.0, "Total Cost": 0.15, "Plan Rows": 1, "Plan Width": 0, "Index Cond": "(n_nationkey = customer.c_nationkey)"}]}]}]}]}]}]}]}]}}, {"Plan": {"Node Type": "Limit", "Parallel Aware": false, "Startup Cost": 897827.69, "Total Cost": 897827.74, "Plan Rows": 20, "Plan Width": 201, "Plans": [{"Node Type": "Sort", "Parent Relationship": "Outer", "Parallel Aware": false, "Startup Cost": 897827.69, "Total Cost": 899256.43, "Plan Rows": 571494, "Plan Width": 201, "Sort Key": ["(sum((lineitem.l_extendedprice * ('1'::numeric - lineitem.l_discount)))) DESC"], "Plans": [{"Node Type": "Aggregate", "Strategy": "Sorted", "Partial Mode": "Finalize", "Parent Relationship": "Outer", "Parallel Aware": false, "Startup Cost": 799892.04, "Total Cost": 882620.44, "Plan Rows": 571494, "Plan Width": 201, "Group Key": ["customer.c_custkey", "nation.n_name"], "Plans": [{"Node Type": "Gather Merge", "Parent Relationship": "Outer", "Parallel Aware": false, "Startup Cost": 799892.04, "Total Cost": 869946.18, "Plan Rows": 553059, "Plan Width": 201, "Workers Planned": 3, "Plans": [{"Node Type": "Aggregate", "Strategy": "Sorted", "Partial Mode": "Partial", "Parent Relationship": "Outer", "Parallel Aware": false, "Startup Cost": 798892.0, "Total Cost": 803961.71, "Plan Rows": 184353, "Plan Width": 201, "Group Key": ["customer.c_custkey", "nation.n_name"], "Plans": [{"Node Type": "Sort", "Parent Relationship": "Outer", "Parallel Aware": false, "Startup Cost": 798892.0, "Total Cost": 799352.88, "Plan Rows": 184353, "Plan Width": 181, "Sort Key": ["customer.c_custkey", "nation.n_name"], "Plans": [{"Node Type": "Hash Join", "Parent Relationship": "Outer", "Parallel Aware": false, "Join Type": "Inner", "Startup Cost": 726507.26, "Total Cost": 773172.33, "Plan Rows": 184353, "Plan Width": 181, "Inner Unique": true, "Hash Cond": "(customer.c_nationkey = nation.n_nationkey)", "Plans": [{"Node Type": "Hash Join", "Parent Relationship": "Outer", "Parallel Aware": true, "Join Type": "Inner", "Startup Cost": 726505.7, "Total Cost": 772604.81, "Plan Rows": 184353, "Plan Width": 159, "Inner Unique": false, "Hash Cond": "(customer.c_custkey = orders.o_custkey)", "Plans": [{"Node Type": "Seq Scan", "Parent Relationship": "Outer", "Parallel Aware": true, "Relation Name": "customer", "Alias": "customer", "Startup Cost": 0.0, "Total Cost": 40665.71, "Plan Rows": 483871, "Plan Width": 147}, {"Node Type": "Hash", "Parent Relationship": "Inner", "Parallel Aware": true, "Startup Cost": 724201.29, "Total Cost": 724201.29, "Plan Rows": 184353, "Plan Width": 16, "Plans": [{"Node Type": "Nested Loop", "Parent Relationship": "Outer", "Parallel Aware": false, "Join Type": "Inner", "Startup Cost": 7686.76, "Total Cost": 724201.29, "Plan Rows": 184353, "Plan Width": 16, "Inner Unique": false, "Plans": [{"Node Type": "Bitmap Heap Scan", "Parent Relationship": "Outer", "Parallel Aware": true, "Relation Name": "orders", "Alias": "orders", "Startup Cost": 7686.2, "Total Cost": 271400.24, "Plan Rows": 186803, "Plan Width": 8, "Recheck Cond": "((o_orderdate >= '1994-05-01'::date) AND (o_orderdate < '1994-08-01 00:00:00'::timestamp without time zone))", "Plans": [{"Node Type": "Bitmap Index Scan", "Parent Relationship": "Outer", "Parallel Aware": false, "Index Name": "idx_orders_orderdate", "Startup Cost": 0.0, "Total Cost": 7541.43, "Plan Rows": 579089, "Plan Width": 0, "Index Cond": "((o_orderdate >= '1994-05-01'::date) AND (o_orderdate < '1994-08-01 00:00:00'::timestamp without time zone))"}]}, {"Node Type": "Index Scan", "Parent Relationship": "Inner", "Parallel Aware": false, "Scan Direction": "Forward", "Index Name": "idx_lineitem_orderkey", "Relation Name": "lineitem", "Alias": "lineitem", "Startup Cost": 0.56, "Total Cost": 2.35, "Plan Rows": 7, "Plan Width": 16, "Index Cond": "(l_orderkey = orders.o_orderkey)", "Filter": "(l_returnflag = 'R'::bpchar)"}]}]}]}, {"Node Type": "Hash", "Parent Relationship": "Inner", "Parallel Aware": false, "Startup Cost": 1.25, "Total Cost": 1.25, "Plan Rows": 25, "Plan Width": 30, "Plans": [{"Node Type": "Seq Scan", "Parent Relationship": "Outer", "Parallel Aware": false, "Relation Name": "nation", "Alias": "nation", "Startup Cost": 0.0, "Total Cost": 1.25, "Plan Rows": 25, "Plan Width": 30}]}]}]}]}]}]}]}]}}]