[{"Plan": {"Node Type": "Limit", "Parallel Aware": false, "Startup Cost": 60021870443.85, "Total Cost": 60021870443.85, "Plan Rows": 1, "Plan Width": 36, "Plans": [{"Node Type": "Aggregate", "Strategy": "Plain", "Partial Mode": "Simple", "Parent Relationship": "InitPlan", "Subplan Name": "InitPlan 1 (returns $2)", "Parallel Aware": false, "Startup Cost": 30000153661.02, "Total Cost": 30000153661.03, "Plan Rows": 1, "Plan Width": 32, "Plans": [{"Node Type": "Nested Loop", "Parent Relationship": "Outer", "Parallel Aware": false, "Join Type": "Inner", "Startup Cost": 30000000001.73, "Total Cost": 30000151261.14, "Plan Rows": 319984, "Plan Width": 10, "Inner Unique": false, "Plans": [{"Node Type": "Nested Loop", "Parent Relationship": "Outer", "Parallel Aware": false, "Join Type": "Inner", "Startup Cost": 20000000000.44, "Total Cost": 20000130087.3, "Plan Rows": 4000, "Plan Width": 4, "Inner Unique": true, "Plans": [{"Node Type": "Index Scan", "Parent Relationship": "Outer", "Parallel Aware": false, "Scan Direction": "Forward", "Index Name": "supplier_pkey", "Relation Name": "supplier", "Alias": "supplier_1", "Startup Cost": 10000000000.29, "Total Cost": 10000004020.1, "Plan Rows": 100000, "Plan Width": 8}, {"Node Type": "Bitmap Heap Scan", "Parent Relationship": "Inner", "Parallel Aware": false, "Relation Name": "nation", "Alias": "nation_1", "Startup Cost": 0.15, "Total Cost": 1.26, "Plan Rows": 1, "Plan Width": 4, "Recheck Cond": "(n_nationkey = supplier_1.s_nationkey)", "Filter": "(n_name = 'SAUDI ARABIA'::bpchar)", "Plans": [{"Node Type": "Bitmap Index Scan", "Parent Relationship": "Outer", "Parallel Aware": false, "Index Name": "nation_pkey", "Startup Cost": 0.0, "Total Cost": 0.15, "Plan Rows": 1, "Plan Width": 0, "Index Cond": "(n_nationkey = supplier_1.s_nationkey)"}]}]}, {"Node Type": "Bitmap Heap Scan", "Parent Relationship": "Inner", "Parallel Aware": false, "Relation Name": "partsupp", "Alias": "partsupp_1", "Startup Cost": 1.29, "Total Cost": 4.49, "Plan Rows": 80, "Plan Width": 14, "Recheck Cond": "(ps_suppkey = supplier_1.s_suppkey)", "Plans": [{"Node Type": "Bitmap Index Scan", "Parent Relationship": "Outer", "Parallel Aware": false, "Index Name": "idx_partsupp_suppkey", "Startup Cost": 0.0, "Total Cost": 1.27, "Plan Rows": 80, "Plan Width": 0, "Index Cond": "(ps_suppkey = supplier_1.s_suppkey)"}]}]}]}, {"Node Type": "Sort", "Parent Relationship": "Outer", "Parallel Aware": false, "Startup Cost": 30021716782.81, "Total Cost": 30021717049.47, "Plan Rows": 106661, "Plan Width": 36, "Sort Key": ["(sum((partsupp.ps_supplycost * (partsupp.ps_availqty)::numeric))) DESC"], "Plans": [{"Node Type": "Aggregate", "Strategy": "Sorted", "Partial Mode": "Simple", "Parent Relationship": "Outer", "Parallel Aware": false, "Startup Cost": 30000000000.88, "Total Cost": 30021716249.51, "Plan Rows": 106661, "Plan Width": 36, "Group Key": ["partsupp.ps_partkey"], "Filter": "(sum((partsupp.ps_supplycost * (partsupp.ps_availqty)::numeric)) > $2)", "Plans": [{"Node Type": "Nested Loop", "Parent Relationship": "Outer", "Parallel Aware": false, "Join Type": "Inner", "Startup Cost": 30000000000.88, "Total Cost": 30021705050.07, "Plan Rows": 319984, "Plan Width": 14, "Inner Unique": true, "Plans": [{"Node Type": "Nested Loop", "Parent Relationship": "Outer", "Parallel Aware": false, "Join Type": "Inner", "Startup Cost": 20000000000.73, "Total Cost": 20011620178.34, "Plan Rows": 7999600, "Plan Width": 18, "Inner Unique": true, "Plans": [{"Node Type": "Index Scan", "Parent Relationship": "Outer", "Parallel Aware": false, "Scan Direction": "Forward", "Index Name": "idx_partsupp_partkey", "Relation Name": "partsupp", "Alias": "partsupp", "Startup Cost": 10000000000.43, "Total Cost": 10000318528.84, "Plan Rows": 7999600, "Plan Width": 18}, {"Node Type": "Bitmap Heap Scan", "Parent Relationship": "Inner", "Parallel Aware": false, "Relation Name": "supplier", "Alias": "supplier", "Startup Cost": 0.3, "Total Cost": 1.41, "Plan Rows": 1, "Plan Width": 8, "Recheck Cond": "(s_suppkey = partsupp.ps_suppkey)", "Plans": [{"Node Type": "Bitmap Index Scan", "Parent Relationship": "Outer", "Parallel Aware": false, "Index Name": "supplier_pkey", "Startup Cost": 0.0, "Total Cost": 0.3, "Plan Rows": 1, "Plan Width": 0, "Index Cond": "(s_suppkey = partsupp.ps_suppkey)"}]}]}, {"Node Type": "Bitmap Heap Scan", "Parent Relationship": "Inner", "Parallel Aware": false, "Relation Name": "nation", "Alias": "nation", "Startup Cost": 0.15, "Total Cost": 1.26, "Plan Rows": 1, "Plan Width": 4, "Recheck Cond": "(n_nationkey = supplier.s_nationkey)", "Filter": "(n_name = 'SAUDI ARABIA'::bpchar)", "Plans": [{"Node Type": "Bitmap Index Scan", "Parent Relationship": "Outer", "Parallel Aware": false, "Index Name": "nation_pkey", "Startup Cost": 0.0, "Total Cost": 0.15, "Plan Rows": 1, "Plan Width": 0, "Index Cond": "(n_nationkey = supplier.s_nationkey)"}]}]}]}]}]}}, {"Plan": {"Node Type": "Limit", "Parallel Aware": false, "Startup Cost": 634681.78, "Total Cost": 634681.78, "Plan Rows": 1, "Plan Width": 36, "Plans": [{"Node Type": "Aggregate", "Strategy": "Plain", "Partial Mode": "Finalize", "Parent Relationship": "InitPlan", "Subplan Name": "InitPlan 1 (returns $1)", "Parallel Aware": false, "Startup Cost": 297671.94, "Total Cost": 297671.95, "Plan Rows": 1, "Plan Width": 32, "Plans": [{"Node Type": "Gather", "Parent Relationship": "Outer", "Parallel Aware": false, "Startup Cost": 297671.61, "Total Cost": 297671.92, "Plan Rows": 3, "Plan Width": 32, "Workers Planned": 3, "Single Copy": false, "Plans": [{"Node Type": "Aggregate", "Strategy": "Plain", "Partial Mode": "Partial", "Parent Relationship": "Outer", "Parallel Aware": false, "Startup Cost": 296671.61, "Total Cost": 296671.62, "Plan Rows": 1, "Plan Width": 32, "Plans": [{"Node Type": "Hash Join", "Parent Relationship": "Outer", "Parallel Aware": true, "Join Type": "Inner", "Startup Cost": 3822.66, "Total Cost": 295897.45, "Plan Rows": 103221, "Plan Width": 10, "Inner Unique": false, "Hash Cond": "(partsupp_1.ps_suppkey = supplier_1.s_suppkey)", "Plans": [{"Node Type": "Index Scan", "Parent Relationship": "Outer", "Parallel Aware": true, "Scan Direction": "Forward", "Index Name": "idx_partsupp_suppkey", "Relation Name": "partsupp", "Alias": "partsupp_1", "Startup Cost": 0.43, "Total Cost": 281791.32, "Plan Rows": 2580516, "Plan Width": 14}, {"Node Type": "Hash", "Parent Relationship": "Inner", "Parallel Aware": true, "Startup Cost": 3792.81, "Total Cost": 3792.81, "Plan Rows": 2353, "Plan Width": 4, "Plans": [{"Node Type": "Hash Join", "Parent Relationship": "Outer", "Parallel Aware": false, "Join Type": "Inner", "Startup Cost": 4.18, "Total Cost": 3792.81, "Plan Rows": 2353, "Plan Width": 4, "Inner Unique": true, "Hash Cond": "(supplier_1.s_nationkey = nation_1.n_nationkey)", "Plans": [{"Node Type": "Index Scan", "Parent Relationship": "Outer", "Parallel Aware": true, "Scan Direction": "Forward", "Index Name": "supplier_pkey", "Relation Name": "supplier", "Alias": "supplier_1", "Startup Cost": 0.29, "Total Cost": 3608.33, "Plan Rows": 58824, "Plan Width": 8}, {"Node Type": "Hash", "Parent Relationship": "Inner", "Parallel Aware": false, "Startup Cost": 3.88, "Total Cost": 3.88, "Plan Rows": 1, "Plan Width": 4, "Plans": [{"Node Type": "Index Scan", "Parent Relationship": "Outer", "Parallel Aware": false, "Scan Direction": "Forward", "Index Name": "nation_pkey", "Relation Name": "nation", "Alias": "nation_1", "Startup Cost": 0.14, "Total Cost": 3.88, "Plan Rows": 1, "Plan Width": 4, "Filter": "(n_name = 'SAUDI ARABIA'::bpchar)"}]}]}]}]}]}]}]}, {"Node Type": "Sort", "Parent Relationship": "Outer", "Parallel Aware": false, "Startup Cost": 337009.83, "Total Cost": 337276.48, "Plan Rows": 106661, "Plan Width": 36, "Sort Key": ["(sum((partsupp.ps_supplycost * (partsupp.ps_availqty)::numeric))) DESC"], "Plans": [{"Node Type": "Aggregate", "Strategy": "Sorted", "Partial Mode": "Finalize", "Parent Relationship": "Outer", "Parallel Aware": false, "Startup Cost": 288040.09, "Total Cost": 336476.52, "Plan Rows": 106661, "Plan Width": 36, "Group Key": ["partsupp.ps_partkey"], "Filter": "(sum((partsupp.ps_supplycost * (partsupp.ps_availqty)::numeric)) > $1)", "Plans": [{"Node Type": "Gather Merge", "Parent Relationship": "Outer", "Parallel Aware": false, "Startup Cost": 288040.09, "Total Cost": 327006.02, "Plan Rows": 309663, "Plan Width": 36, "Workers Planned": 3, "Plans": [{"Node Type": "Aggregate", "Strategy": "Sorted", "Partial Mode": "Partial", "Parent Relationship": "Outer", "Parallel Aware": false, "Startup Cost": 287040.05, "Total Cost": 289620.57, "Plan Rows": 103221, "Plan Width": 36, "Group Key": ["partsupp.ps_partkey"], "Plans": [{"Node Type": "Sort", "Parent Relationship": "Outer", "Parallel Aware": false, "Startup Cost": 287040.05, "Total Cost": 287298.1, "Plan Rows": 103221, "Plan Width": 14, "Sort Key": ["partsupp.ps_partkey"], "Plans": [{"Node Type": "Hash Join", "Parent Relationship": "Outer", "Parallel Aware": true, "Join Type": "Inner", "Startup Cost": 3822.66, "Total Cost": 278444.13, "Plan Rows": 103221, "Plan Width": 14, "Inner Unique": false, "Hash Cond": "(partsupp.ps_suppkey = supplier.s_suppkey)", "Plans": [{"Node Type": "Index Scan", "Parent Relationship": "Outer", "Parallel Aware": true, "Scan Direction": "Forward", "Index Name": "idx_partsupp_partkey", "Relation Name": "partsupp", "Alias": "partsupp", "Startup Cost": 0.43, "Total Cost": 264338.0, "Plan Rows": 2580516, "Plan Width": 18}, {"Node Type": "Hash", "Parent Relationship": "Inner", "Parallel Aware": true, "Startup Cost": 3792.81, "Total Cost": 3792.81, "Plan Rows": 2353, "Plan Width": 4, "Plans": [{"Node Type": "Hash Join", "Parent Relationship": "Outer", "Parallel Aware": false, "Join Type": "Inner", "Startup Cost": 4.18, "Total Cost": 3792.81, "Plan Rows": 2353, "Plan Width": 4, "Inner Unique": true, "Hash Cond": "(supplier.s_nationkey = nation.n_nationkey)", "Plans": [{"Node Type": "Index Scan", "Parent Relationship": "Outer", "Parallel Aware": true, "Scan Direction": "Forward", "Index Name": "supplier_pkey", "Relation Name": "supplier", "Alias": "supplier", "Startup Cost": 0.29, "Total Cost": 3608.33, "Plan Rows": 58824, "Plan Width": 8}, {"Node Type": "Hash", "Parent Relationship": "Inner", "Parallel Aware": false, "Startup Cost": 3.88, "Total Cost": 3.88, "Plan Rows": 1, "Plan Width": 4, "Plans": [{"Node Type": "Index Scan", "Parent Relationship": "Outer", "Parallel Aware": false, "Scan Direction": "Forward", "Index Name": "nation_pkey", "Relation Name": "nation", "Alias": "nation", "Startup Cost": 0.14, "Total Cost": 3.88, "Plan Rows": 1, "Plan Width": 4, "Filter": "(n_name = 'SAUDI ARABIA'::bpchar)"}]}]}]}]}]}]}]}]}]}]}}, {"Plan": {"Node Type": "Limit", "Parallel Aware": false, "Startup Cost": 633144.97, "Total Cost": 633144.97, "Plan Rows": 1, "Plan Width": 36, "Plans": [{"Node Type": "Aggregate", "Strategy": "Plain", "Partial Mode": "Finalize", "Parent Relationship": "InitPlan", "Subplan Name": "InitPlan 1 (returns $1)", "Parallel Aware": false, "Startup Cost": 296135.13, "Total Cost": 296135.14, "Plan Rows": 1, "Plan Width": 32, "Plans": [{"Node Type": "Gather", "Parent Relationship": "Outer", "Parallel Aware": false, "Startup Cost": 296134.8, "Total Cost": 296135.11, "Plan Rows": 3, "Plan Width": 32, "Workers Planned": 3, "Single Copy": false, "Plans": [{"Node Type": "Aggregate", "Strategy": "Plain", "Partial Mode": "Partial", "Parent Relationship": "Outer", "Parallel Aware": false, "Startup Cost": 295134.8, "Total Cost": 295134.81, "Plan Rows": 1, "Plan Width": 32, "Plans": [{"Node Type": "Merge Join", "Parent Relationship": "Outer", "Parallel Aware": false, "Join Type": "Inner", "Startup Cost": 4570.73, "Total Cost": 294360.64, "Plan Rows": 103221, "Plan Width": 10, "Inner Unique": false, "Merge Cond": "(partsupp_1.ps_suppkey = supplier_1.s_suppkey)", "Plans": [{"Node Type": "Index Scan", "Parent Relationship": "Outer", "Parallel Aware": true, "Scan Direction": "Forward", "Index Name": "idx_partsupp_suppkey", "Relation Name": "partsupp", "Alias": "partsupp_1", "Startup Cost": 0.43, "Total Cost": 281791.32, "Plan Rows": 2580516, "Plan Width": 14}, {"Node Type": "Sort", "Parent Relationship": "Inner", "Parallel Aware": false, "Startup Cost": 4570.3, "Total Cost": 4580.3, "Plan Rows": 4000, "Plan Width": 4, "Sort Key": ["supplier_1.s_suppkey"], "Plans": [{"Node Type": "Hash Join", "Parent Relationship": "Outer", "Parallel Aware": false, "Join Type": "Inner", "Startup Cost": 4.18, "Total Cost": 4330.99, "Plan Rows": 4000, "Plan Width": 4, "Inner Unique": true, "Hash Cond": "(supplier_1.s_nationkey = nation_1.n_nationkey)", "Plans": [{"Node Type": "Index Scan", "Parent Relationship": "Outer", "Parallel Aware": false, "Scan Direction": "Forward", "Index Name": "supplier_pkey", "Relation Name": "supplier", "Alias": "supplier_1", "Startup Cost": 0.29, "Total Cost": 4020.1, "Plan Rows": 100000, "Plan Width": 8}, {"Node Type": "Hash", "Parent Relationship": "Inner", "Parallel Aware": false, "Startup Cost": 3.88, "Total Cost": 3.88, "Plan Rows": 1, "Plan Width": 4, "Plans": [{"Node Type": "Index Scan", "Parent Relationship": "Outer", "Parallel Aware": false, "Scan Direction": "Forward", "Index Name": "nation_pkey", "Relation Name": "nation", "Alias": "nation_1", "Startup Cost": 0.14, "Total Cost": 3.88, "Plan Rows": 1, "Plan Width": 4, "Filter": "(n_name = 'SAUDI ARABIA'::bpchar)"}]}]}]}]}]}]}]}, {"Node Type": "Sort", "Parent Relationship": "Outer", "Parallel Aware": false, "Startup Cost": 337009.83, "Total Cost": 337276.48, "Plan Rows": 106661, "Plan Width": 36, "Sort Key": ["(sum((partsupp.ps_supplycost * (partsupp.ps_availqty)::numeric))) DESC"], "Plans": [{"Node Type": "Aggregate", "Strategy": "Sorted", "Partial Mode": "Finalize", "Parent Relationship": "Outer", "Parallel Aware": false, "Startup Cost": 288040.09, "Total Cost": 336476.52, "Plan Rows": 106661, "Plan Width": 36, "Group Key": ["partsupp.ps_partkey"], "Filter": "(sum((partsupp.ps_supplycost * (partsupp.ps_availqty)::numeric)) > $1)", "Plans": [{"Node Type": "Gather Merge", "Parent Relationship": "Outer", "Parallel Aware": false, "Startup Cost": 288040.09, "Total Cost": 327006.02, "Plan Rows": 309663, "Plan Width": 36, "Workers Planned": 3, "Plans": [{"Node Type": "Aggregate", "Strategy": "Sorted", "Partial Mode": "Partial", "Parent Relationship": "Outer", "Parallel Aware": false, "Startup Cost": 287040.05, "Total Cost": 289620.57, "Plan Rows": 103221, "Plan Width": 36, "Group Key": ["partsupp.ps_partkey"], "Plans": [{"Node Type": "Sort", "Parent Relationship": "Outer", "Parallel Aware": false, "Startup Cost": 287040.05, "Total Cost": 287298.1, "Plan Rows": 103221, "Plan Width": 14, "Sort Key": ["partsupp.ps_partkey"], "Plans": [{"Node Type": "Hash Join", "Parent Relationship": "Outer", "Parallel Aware": true, "Join Type": "Inner", "Startup Cost": 3822.66, "Total Cost": 278444.13, "Plan Rows": 103221, "Plan Width": 14, "Inner Unique": false, "Hash Cond": "(partsupp.ps_suppkey = supplier.s_suppkey)", "Plans": [{"Node Type": "Index Scan", "Parent Relationship": "Outer", "Parallel Aware": true, "Scan Direction": "Forward", "Index Name": "idx_partsupp_partkey", "Relation Name": "partsupp", "Alias": "partsupp", "Startup Cost": 0.43, "Total Cost": 264338.0, "Plan Rows": 2580516, "Plan Width": 18}, {"Node Type": "Hash", "Parent Relationship": "Inner", "Parallel Aware": true, "Startup Cost": 3792.81, "Total Cost": 3792.81, "Plan Rows": 2353, "Plan Width": 4, "Plans": [{"Node Type": "Hash Join", "Parent Relationship": "Outer", "Parallel Aware": false, "Join Type": "Inner", "Startup Cost": 4.18, "Total Cost": 3792.81, "Plan Rows": 2353, "Plan Width": 4, "Inner Unique": true, "Hash Cond": "(supplier.s_nationkey = nation.n_nationkey)", "Plans": [{"Node Type": "Index Scan", "Parent Relationship": "Outer", "Parallel Aware": true, "Scan Direction": "Forward", "Index Name": "supplier_pkey", "Relation Name": "supplier", "Alias": "supplier", "Startup Cost": 0.29, "Total Cost": 3608.33, "Plan Rows": 58824, "Plan Width": 8}, {"Node Type": "Hash", "Parent Relationship": "Inner", "Parallel Aware": false, "Startup Cost": 3.88, "Total Cost": 3.88, "Plan Rows": 1, "Plan Width": 4, "Plans": [{"Node Type": "Index Scan", "Parent Relationship": "Outer", "Parallel Aware": false, "Scan Direction": "Forward", "Index Name": "nation_pkey", "Relation Name": "nation", "Alias": "nation", "Startup Cost": 0.14, "Total Cost": 3.88, "Plan Rows": 1, "Plan Width": 4, "Filter": "(n_name = 'SAUDI ARABIA'::bpchar)"}]}]}]}]}]}]}]}]}]}]}}, {"Plan": {"Node Type": "Limit", "Parallel Aware": false, "Startup Cost": 80688.93, "Total Cost": 80688.93, "Plan Rows": 1, "Plan Width": 36, "Plans": [{"Node Type": "Aggregate", "Strategy": "Plain", "Partial Mode": "Finalize", "Parent Relationship": "InitPlan", "Subplan Name": "InitPlan 1 (returns $2)", "Parallel Aware": false, "Startup Cost": 17481.06, "Total Cost": 17481.08, "Plan Rows": 1, "Plan Width": 32, "Plans": [{"Node Type": "Gather", "Parent Relationship": "Outer", "Parallel Aware": false, "Startup Cost": 17480.95, "Total Cost": 17481.06, "Plan Rows": 1, "Plan Width": 32, "Workers Planned": 1, "Single Copy": false, "Plans": [{"Node Type": "Aggregate", "Strategy": "Plain", "Partial Mode": "Partial", "Parent Relationship": "Outer", "Parallel Aware": false, "Startup Cost": 16480.95, "Total Cost": 16480.96, "Plan Rows": 1, "Plan Width": 32, "Plans": [{"Node Type": "Nested Loop", "Parent Relationship": "Outer", "Parallel Aware": false, "Join Type": "Inner", "Startup Cost": 4.61, "Total Cost": 15069.25, "Plan Rows": 188226, "Plan Width": 10, "Inner Unique": false, "Plans": [{"Node Type": "Hash Join", "Parent Relationship": "Outer", "Parallel Aware": false, "Join Type": "Inner", "Startup Cost": 4.18, "Total Cost": 3792.81, "Plan Rows": 2353, "Plan Width": 4, "Inner Unique": true, "Hash Cond": "(supplier_1.s_nationkey = nation_1.n_nationkey)", "Plans": [{"Node Type": "Index Scan", "Parent Relationship": "Outer", "Parallel Aware": true, "Scan Direction": "Forward", "Index Name": "supplier_pkey", "Relation Name": "supplier", "Alias": "supplier_1", "Startup Cost": 0.29, "Total Cost": 3608.33, "Plan Rows": 58824, "Plan Width": 8}, {"Node Type": "Hash", "Parent Relationship": "Inner", "Parallel Aware": false, "Startup Cost": 3.88, "Total Cost": 3.88, "Plan Rows": 1, "Plan Width": 4, "Plans": [{"Node Type": "Index Scan", "Parent Relationship": "Outer", "Parallel Aware": false, "Scan Direction": "Forward", "Index Name": "nation_pkey", "Relation Name": "nation", "Alias": "nation_1", "Startup Cost": 0.14, "Total Cost": 3.88, "Plan Rows": 1, "Plan Width": 4, "Filter": "(n_name = 'SAUDI ARABIA'::bpchar)"}]}]}, {"Node Type": "Index Scan", "Parent Relationship": "Inner", "Parallel Aware": false, "Scan Direction": "Forward", "Index Name": "idx_partsupp_suppkey", "Relation Name": "partsupp", "Alias": "partsupp_1", "Startup Cost": 0.43, "Total Cost": 3.99, "Plan Rows": 80, "Plan Width": 14, "Index Cond": "(ps_suppkey = supplier_1.s_suppkey)"}]}]}]}]}, {"Node Type": "Sort", "Parent Relationship": "Outer", "Parallel Aware": false, "Startup Cost": 63207.85, "Total Cost": 63474.51, "Plan Rows": 106661, "Plan Width": 36, "Sort Key": ["(sum((partsupp.ps_supplycost * (partsupp.ps_availqty)::numeric))) DESC"], "Plans": [{"Node Type": "Aggregate", "Strategy": "Sorted", "Partial Mode": "Simple", "Parent Relationship": "Outer", "Parallel Aware": false, "Startup Cost": 50675.15, "Total Cost": 62674.55, "Plan Rows": 106661, "Plan Width": 36, "Group Key": ["partsupp.ps_partkey"], "Filter": "(sum((partsupp.ps_supplycost * (partsupp.ps_availqty)::numeric)) > $2)", "Plans": [{"Node Type": "Sort", "Parent Relationship": "Outer", "Parallel Aware": false, "Startup Cost": 50675.15, "Total Cost": 51475.11, "Plan Rows": 319984, "Plan Width": 14, "Sort Key": ["partsupp.ps_partkey"], "Plans": [{"Node Type": "Nested Loop", "Parent Relationship": "Outer", "Parallel Aware": false, "Join Type": "Inner", "Startup Cost": 45.19, "Total Cost": 21416.39, "Plan Rows": 319984, "Plan Width": 14, "Inner Unique": false, "Plans": [{"Node Type": "Nested Loop", "Parent Relationship": "Outer", "Parallel Aware": false, "Join Type": "Inner", "Startup Cost": 44.76, "Total Cost": 2246.92, "Plan Rows": 4000, "Plan Width": 4, "Inner Unique": false, "Plans": [{"Node Type": "Index Scan", "Parent Relationship": "Outer", "Parallel Aware": false, "Scan Direction": "Forward", "Index Name": "nation_pkey", "Relation Name": "nation", "Alias": "nation", "Startup Cost": 0.14, "Total Cost": 3.88, "Plan Rows": 1, "Plan Width": 4, "Filter": "(n_name = 'SAUDI ARABIA'::bpchar)"}, {"Node Type": "Bitmap Heap Scan", "Parent Relationship": "Inner", "Parallel Aware": false, "Relation Name": "supplier", "Alias": "supplier", "Startup Cost": 44.62, "Total Cost": 2203.05, "Plan Rows": 4000, "Plan Width": 8, "Recheck Cond": "(s_nationkey = nation.n_nationkey)", "Plans": [{"Node Type": "Bitmap Index Scan", "Parent Relationship": "Outer", "Parallel Aware": false, "Index Name": "idx_supplier_nation_key", "Startup Cost": 0.0, "Total Cost": 43.62, "Plan Rows": 4000, "Plan Width": 0, "Index Cond": "(s_nationkey = nation.n_nationkey)"}]}]}, {"Node Type": "Index Scan", "Parent Relationship": "Inner", "Parallel Aware": false, "Scan Direction": "Forward", "Index Name": "idx_partsupp_suppkey", "Relation Name": "partsupp", "Alias": "partsupp", "Startup Cost": 0.43, "Total Cost": 3.99, "Plan Rows": 80, "Plan Width": 18, "Index Cond": "(ps_suppkey = supplier.s_suppkey)"}]}]}]}]}]}}, {"Plan": {"Node Type": "Limit", "Parallel Aware": false, "Startup Cost": 487321.46, "Total Cost": 487321.46, "Plan Rows": 1, "Plan Width": 36, "Plans": [{"Node Type": "Aggregate", "Strategy": "Plain", "Partial Mode": "Finalize", "Parent Relationship": "InitPlan", "Subplan Name": "InitPlan 1 (returns $1)", "Parallel Aware": false, "Startup Cost": 215265.12, "Total Cost": 215265.13, "Plan Rows": 1, "Plan Width": 32, "Plans": [{"Node Type": "Gather", "Parent Relationship": "Outer", "Parallel Aware": false, "Startup Cost": 215264.79, "Total Cost": 215265.1, "Plan Rows": 3, "Plan Width": 32, "Workers Planned": 3, "Single Copy": false, "Plans": [{"Node Type": "Aggregate", "Strategy": "Plain", "Partial Mode": "Partial", "Parent Relationship": "Outer", "Parallel Aware": false, "Startup Cost": 214264.79, "Total Cost": 214264.8, "Plan Rows": 1, "Plan Width": 32, "Plans": [{"Node Type": "Hash Join", "Parent Relationship": "Outer", "Parallel Aware": true, "Join Type": "Inner", "Startup Cost": 3015.56, "Total Cost": 213490.63, "Plan Rows": 103221, "Plan Width": 10, "Inner Unique": false, "Hash Cond": "(partsupp_1.ps_suppkey = supplier_1.s_suppkey)", "Plans": [{"Node Type": "Seq Scan", "Parent Relationship": "Outer", "Parallel Aware": true, "Relation Name": "partsupp", "Alias": "partsupp_1", "Startup Cost": 0.0, "Total Cost": 200191.16, "Plan Rows": 2580516, "Plan Width": 14}, {"Node Type": "Hash", "Parent Relationship": "Inner", "Parallel Aware": true, "Startup Cost": 2986.15, "Total Cost": 2986.15, "Plan Rows": 2353, "Plan Width": 4, "Plans": [{"Node Type": "Hash Join", "Parent Relationship": "Outer", "Parallel Aware": false, "Join Type": "Inner", "Startup Cost": 1.32, "Total Cost": 2986.15, "Plan Rows": 2353, "Plan Width": 4, "Inner Unique": true, "Hash Cond": "(supplier_1.s_nationkey = nation_1.n_nationkey)", "Plans": [{"Node Type": "Seq Scan", "Parent Relationship": "Outer", "Parallel Aware": true, "Relation Name": "supplier", "Alias": "supplier_1", "Startup Cost": 0.0, "Total Cost": 2804.24, "Plan Rows": 58824, "Plan Width": 8}, {"Node Type": "Hash", "Parent Relationship": "Inner", "Parallel Aware": false, "Startup Cost": 1.31, "Total Cost": 1.31, "Plan Rows": 1, "Plan Width": 4, "Plans": [{"Node Type": "Seq Scan", "Parent Relationship": "Outer", "Parallel Aware": false, "Relation Name": "nation", "Alias": "nation_1", "Startup Cost": 0.0, "Total Cost": 1.31, "Plan Rows": 1, "Plan Width": 4, "Filter": "(n_name = 'SAUDI ARABIA'::bpchar)"}]}]}]}]}]}]}]}, {"Node Type": "Sort", "Parent Relationship": "Outer", "Parallel Aware": false, "Startup Cost": 272056.33, "Total Cost": 272322.99, "Plan Rows": 106661, "Plan Width": 36, "Sort Key": ["(sum((partsupp.ps_supplycost * (partsupp.ps_availqty)::numeric))) DESC"], "Plans": [{"Node Type": "Aggregate", "Strategy": "Sorted", "Partial Mode": "Finalize", "Parent Relationship": "Outer", "Parallel Aware": false, "Startup Cost": 223086.59, "Total Cost": 271523.03, "Plan Rows": 106661, "Plan Width": 36, "Group Key": ["partsupp.ps_partkey"], "Filter": "(sum((partsupp.ps_supplycost * (partsupp.ps_availqty)::numeric)) > $1)", "Plans": [{"Node Type": "Gather Merge", "Parent Relationship": "Outer", "Parallel Aware": false, "Startup Cost": 223086.59, "Total Cost": 262052.52, "Plan Rows": 309663, "Plan Width": 36, "Workers Planned": 3, "Plans": [{"Node Type": "Aggregate", "Strategy": "Sorted", "Partial Mode": "Partial", "Parent Relationship": "Outer", "Parallel Aware": false, "Startup Cost": 222086.55, "Total Cost": 224667.08, "Plan Rows": 103221, "Plan Width": 36, "Group Key": ["partsupp.ps_partkey"], "Plans": [{"Node Type": "Sort", "Parent Relationship": "Outer", "Parallel Aware": false, "Startup Cost": 222086.55, "Total Cost": 222344.61, "Plan Rows": 103221, "Plan Width": 14, "Sort Key": ["partsupp.ps_partkey"], "Plans": [{"Node Type": "Hash Join", "Parent Relationship": "Outer", "Parallel Aware": true, "Join Type": "Inner", "Startup Cost": 3015.56, "Total Cost": 213490.63, "Plan Rows": 103221, "Plan Width": 14, "Inner Unique": false, "Hash Cond": "(partsupp.ps_suppkey = supplier.s_suppkey)", "Plans": [{"Node Type": "Seq Scan", "Parent Relationship": "Outer", "Parallel Aware": true, "Relation Name": "partsupp", "Alias": "partsupp", "Startup Cost": 0.0, "Total Cost": 200191.16, "Plan Rows": 2580516, "Plan Width": 18}, {"Node Type": "Hash", "Parent Relationship": "Inner", "Parallel Aware": true, "Startup Cost": 2986.15, "Total Cost": 2986.15, "Plan Rows": 2353, "Plan Width": 4, "Plans": [{"Node Type": "Hash Join", "Parent Relationship": "Outer", "Parallel Aware": false, "Join Type": "Inner", "Startup Cost": 1.32, "Total Cost": 2986.15, "Plan Rows": 2353, "Plan Width": 4, "Inner Unique": true, "Hash Cond": "(supplier.s_nationkey = nation.n_nationkey)", "Plans": [{"Node Type": "Seq Scan", "Parent Relationship": "Outer", "Parallel Aware": true, "Relation Name": "supplier", "Alias": "supplier", "Startup Cost": 0.0, "Total Cost": 2804.24, "Plan Rows": 58824, "Plan Width": 8}, {"Node Type": "Hash", "Parent Relationship": "Inner", "Parallel Aware": false, "Startup Cost": 1.31, "Total Cost": 1.31, "Plan Rows": 1, "Plan Width": 4, "Plans": [{"Node Type": "Seq Scan", "Parent Relationship": "Outer", "Parallel Aware": false, "Relation Name": "nation", "Alias": "nation", "Startup Cost": 0.0, "Total Cost": 1.31, "Plan Rows": 1, "Plan Width": 4, "Filter": "(n_name = 'SAUDI ARABIA'::bpchar)"}]}]}]}]}]}]}]}]}]}]}}, {"Plan": {"Node Type": "Limit", "Parallel Aware": false, "Startup Cost": 80688.93, "Total Cost": 80688.93, "Plan Rows": 1, "Plan Width": 36, "Plans": [{"Node Type": "Aggregate", "Strategy": "Plain", "Partial Mode": "Finalize", "Parent Relationship": "InitPlan", "Subplan Name": "InitPlan 1 (returns $2)", "Parallel Aware": false, "Startup Cost": 17481.06, "Total Cost": 17481.08, "Plan Rows": 1, "Plan Width": 32, "Plans": [{"Node Type": "Gather", "Parent Relationship": "Outer", "Parallel Aware": false, "Startup Cost": 17480.95, "Total Cost": 17481.06, "Plan Rows": 1, "Plan Width": 32, "Workers Planned": 1, "Single Copy": false, "Plans": [{"Node Type": "Aggregate", "Strategy": "Plain", "Partial Mode": "Partial", "Parent Relationship": "Outer", "Parallel Aware": false, "Startup Cost": 16480.95, "Total Cost": 16480.96, "Plan Rows": 1, "Plan Width": 32, "Plans": [{"Node Type": "Nested Loop", "Parent Relationship": "Outer", "Parallel Aware": false, "Join Type": "Inner", "Startup Cost": 4.61, "Total Cost": 15069.25, "Plan Rows": 188226, "Plan Width": 10, "Inner Unique": false, "Plans": [{"Node Type": "Hash Join", "Parent Relationship": "Outer", "Parallel Aware": false, "Join Type": "Inner", "Startup Cost": 4.18, "Total Cost": 3792.81, "Plan Rows": 2353, "Plan Width": 4, "Inner Unique": true, "Hash Cond": "(supplier_1.s_nationkey = nation_1.n_nationkey)", "Plans": [{"Node Type": "Index Scan", "Parent Relationship": "Outer", "Parallel Aware": true, "Scan Direction": "Forward", "Index Name": "supplier_pkey", "Relation Name": "supplier", "Alias": "supplier_1", "Startup Cost": 0.29, "Total Cost": 3608.33, "Plan Rows": 58824, "Plan Width": 8}, {"Node Type": "Hash", "Parent Relationship": "Inner", "Parallel Aware": false, "Startup Cost": 3.88, "Total Cost": 3.88, "Plan Rows": 1, "Plan Width": 4, "Plans": [{"Node Type": "Index Scan", "Parent Relationship": "Outer", "Parallel Aware": false, "Scan Direction": "Forward", "Index Name": "nation_pkey", "Relation Name": "nation", "Alias": "nation_1", "Startup Cost": 0.14, "Total Cost": 3.88, "Plan Rows": 1, "Plan Width": 4, "Filter": "(n_name = 'SAUDI ARABIA'::bpchar)"}]}]}, {"Node Type": "Index Scan", "Parent Relationship": "Inner", "Parallel Aware": false, "Scan Direction": "Forward", "Index Name": "idx_partsupp_suppkey", "Relation Name": "partsupp", "Alias": "partsupp_1", "Startup Cost": 0.43, "Total Cost": 3.99, "Plan Rows": 80, "Plan Width": 14, "Index Cond": "(ps_suppkey = supplier_1.s_suppkey)"}]}]}]}]}, {"Node Type": "Sort", "Parent Relationship": "Outer", "Parallel Aware": false, "Startup Cost": 63207.85, "Total Cost": 63474.51, "Plan Rows": 106661, "Plan Width": 36, "Sort Key": ["(sum((partsupp.ps_supplycost * (partsupp.ps_availqty)::numeric))) DESC"], "Plans": [{"Node Type": "Aggregate", "Strategy": "Sorted", "Partial Mode": "Simple", "Parent Relationship": "Outer", "Parallel Aware": false, "Startup Cost": 50675.15, "Total Cost": 62674.55, "Plan Rows": 106661, "Plan Width": 36, "Group Key": ["partsupp.ps_partkey"], "Filter": "(sum((partsupp.ps_supplycost * (partsupp.ps_availqty)::numeric)) > $2)", "Plans": [{"Node Type": "Sort", "Parent Relationship": "Outer", "Parallel Aware": false, "Startup Cost": 50675.15, "Total Cost": 51475.11, "Plan Rows": 319984, "Plan Width": 14, "Sort Key": ["partsupp.ps_partkey"], "Plans": [{"Node Type": "Nested Loop", "Parent Relationship": "Outer", "Parallel Aware": false, "Join Type": "Inner", "Startup Cost": 45.19, "Total Cost": 21416.39, "Plan Rows": 319984, "Plan Width": 14, "Inner Unique": false, "Plans": [{"Node Type": "Nested Loop", "Parent Relationship": "Outer", "Parallel Aware": false, "Join Type": "Inner", "Startup Cost": 44.76, "Total Cost": 2246.92, "Plan Rows": 4000, "Plan Width": 4, "Inner Unique": false, "Plans": [{"Node Type": "Index Scan", "Parent Relationship": "Outer", "Parallel Aware": false, "Scan Direction": "Forward", "Index Name": "nation_pkey", "Relation Name": "nation", "Alias": "nation", "Startup Cost": 0.14, "Total Cost": 3.88, "Plan Rows": 1, "Plan Width": 4, "Filter": "(n_name = 'SAUDI ARABIA'::bpchar)"}, {"Node Type": "Bitmap Heap Scan", "Parent Relationship": "Inner", "Parallel Aware": false, "Relation Name": "supplier", "Alias": "supplier", "Startup Cost": 44.62, "Total Cost": 2203.05, "Plan Rows": 4000, "Plan Width": 8, "Recheck Cond": "(s_nationkey = nation.n_nationkey)", "Plans": [{"Node Type": "Bitmap Index Scan", "Parent Relationship": "Outer", "Parallel Aware": false, "Index Name": "idx_supplier_nation_key", "Startup Cost": 0.0, "Total Cost": 43.62, "Plan Rows": 4000, "Plan Width": 0, "Index Cond": "(s_nationkey = nation.n_nationkey)"}]}]}, {"Node Type": "Index Scan", "Parent Relationship": "Inner", "Parallel Aware": false, "Scan Direction": "Forward", "Index Name": "idx_partsupp_suppkey", "Relation Name": "partsupp", "Alias": "partsupp", "Startup Cost": 0.43, "Total Cost": 3.99, "Plan Rows": 80, "Plan Width": 18, "Index Cond": "(ps_suppkey = supplier.s_suppkey)"}]}]}]}]}]}}, {"Plan": {"Node Type": "Limit", "Parallel Aware": false, "Startup Cost": 79879.71, "Total Cost": 79879.71, "Plan Rows": 1, "Plan Width": 36, "Plans": [{"Node Type": "Aggregate", "Strategy": "Plain", "Partial Mode": "Finalize", "Parent Relationship": "InitPlan", "Subplan Name": "InitPlan 1 (returns $2)", "Parallel Aware": false, "Startup Cost": 16674.4, "Total Cost": 16674.41, "Plan Rows": 1, "Plan Width": 32, "Plans": [{"Node Type": "Gather", "Parent Relationship": "Outer", "Parallel Aware": false, "Startup Cost": 16674.28, "Total Cost": 16674.39, "Plan Rows": 1, "Plan Width": 32, "Workers Planned": 1, "Single Copy": false, "Plans": [{"Node Type": "Aggregate", "Strategy": "Plain", "Partial Mode": "Partial", "Parent Relationship": "Outer", "Parallel Aware": false, "Startup Cost": 15674.28, "Total Cost": 15674.29, "Plan Rows": 1, "Plan Width": 32, "Plans": [{"Node Type": "Nested Loop", "Parent Relationship": "Outer", "Parallel Aware": false, "Join Type": "Inner", "Startup Cost": 1.76, "Total Cost": 14262.59, "Plan Rows": 188226, "Plan Width": 10, "Inner Unique": false, "Plans": [{"Node Type": "Hash Join", "Parent Relationship": "Outer", "Parallel Aware": false, "Join Type": "Inner", "Startup Cost": 1.32, "Total Cost": 2986.15, "Plan Rows": 2353, "Plan Width": 4, "Inner Unique": true, "Hash Cond": "(supplier_1.s_nationkey = nation_1.n_nationkey)", "Plans": [{"Node Type": "Seq Scan", "Parent Relationship": "Outer", "Parallel Aware": true, "Relation Name": "supplier", "Alias": "supplier_1", "Startup Cost": 0.0, "Total Cost": 2804.24, "Plan Rows": 58824, "Plan Width": 8}, {"Node Type": "Hash", "Parent Relationship": "Inner", "Parallel Aware": false, "Startup Cost": 1.31, "Total Cost": 1.31, "Plan Rows": 1, "Plan Width": 4, "Plans": [{"Node Type": "Seq Scan", "Parent Relationship": "Outer", "Parallel Aware": false, "Relation Name": "nation", "Alias": "nation_1", "Startup Cost": 0.0, "Total Cost": 1.31, "Plan Rows": 1, "Plan Width": 4, "Filter": "(n_name = 'SAUDI ARABIA'::bpchar)"}]}]}, {"Node Type": "Index Scan", "Parent Relationship": "Inner", "Parallel Aware": false, "Scan Direction": "Forward", "Index Name": "idx_partsupp_suppkey", "Relation Name": "partsupp", "Alias": "partsupp_1", "Startup Cost": 0.43, "Total Cost": 3.99, "Plan Rows": 80, "Plan Width": 14, "Index Cond": "(ps_suppkey = supplier_1.s_suppkey)"}]}]}]}]}, {"Node Type": "Sort", "Parent Relationship": "Outer", "Parallel Aware": false, "Startup Cost": 63205.29, "Total Cost": 63471.94, "Plan Rows": 106661, "Plan Width": 36, "Sort Key": ["(sum((partsupp.ps_supplycost * (partsupp.ps_availqty)::numeric))) DESC"], "Plans": [{"Node Type": "Aggregate", "Strategy": "Sorted", "Partial Mode": "Simple", "Parent Relationship": "Outer", "Parallel Aware": false, "Startup Cost": 50672.59, "Total Cost": 62671.99, "Plan Rows": 106661, "Plan Width": 36, "Group Key": ["partsupp.ps_partkey"], "Filter": "(sum((partsupp.ps_supplycost * (partsupp.ps_availqty)::numeric)) > $2)", "Plans": [{"Node Type": "Sort", "Parent Relationship": "Outer", "Parallel Aware": false, "Startup Cost": 50672.59, "Total Cost": 51472.55, "Plan Rows": 319984, "Plan Width": 14, "Sort Key": ["partsupp.ps_partkey"], "Plans": [{"Node Type": "Nested Loop", "Parent Relationship": "Outer", "Parallel Aware": false, "Join Type": "Inner", "Startup Cost": 45.05, "Total Cost": 21413.83, "Plan Rows": 319984, "Plan Width": 14, "Inner Unique": false, "Plans": [{"Node Type": "Nested Loop", "Parent Relationship": "Outer", "Parallel Aware": false, "Join Type": "Inner", "Startup Cost": 44.62, "Total Cost": 2244.36, "Plan Rows": 4000, "Plan Width": 4, "Inner Unique": false, "Plans": [{"Node Type": "Seq Scan", "Parent Relationship": "Outer", "Parallel Aware": false, "Relation Name": "nation", "Alias": "nation", "Startup Cost": 0.0, "Total Cost": 1.31, "Plan Rows": 1, "Plan Width": 4, "Filter": "(n_name = 'SAUDI ARABIA'::bpchar)"}, {"Node Type": "Bitmap Heap Scan", "Parent Relationship": "Inner", "Parallel Aware": false, "Relation Name": "supplier", "Alias": "supplier", "Startup Cost": 44.62, "Total Cost": 2203.05, "Plan Rows": 4000, "Plan Width": 8, "Recheck Cond": "(s_nationkey = nation.n_nationkey)", "Plans": [{"Node Type": "Bitmap Index Scan", "Parent Relationship": "Outer", "Parallel Aware": false, "Index Name": "idx_supplier_nation_key", "Startup Cost": 0.0, "Total Cost": 43.62, "Plan Rows": 4000, "Plan Width": 0, "Index Cond": "(s_nationkey = nation.n_nationkey)"}]}]}, {"Node Type": "Index Scan", "Parent Relationship": "Inner", "Parallel Aware": false, "Scan Direction": "Forward", "Index Name": "idx_partsupp_suppkey", "Relation Name": "partsupp", "Alias": "partsupp", "Startup Cost": 0.43, "Total Cost": 3.99, "Plan Rows": 80, "Plan Width": 18, "Index Cond": "(ps_suppkey = supplier.s_suppkey)"}]}]}]}]}]}}, {"Plan": {"Node Type": "Limit", "Parallel Aware": false, "Startup Cost": 487321.46, "Total Cost": 487321.46, "Plan Rows": 1, "Plan Width": 36, "Plans": [{"Node Type": "Aggregate", "Strategy": "Plain", "Partial Mode": "Finalize", "Parent Relationship": "InitPlan", "Subplan Name": "InitPlan 1 (returns $1)", "Parallel Aware": false, "Startup Cost": 215265.12, "Total Cost": 215265.13, "Plan Rows": 1, "Plan Width": 32, "Plans": [{"Node Type": "Gather", "Parent Relationship": "Outer", "Parallel Aware": false, "Startup Cost": 215264.79, "Total Cost": 215265.1, "Plan Rows": 3, "Plan Width": 32, "Workers Planned": 3, "Single Copy": false, "Plans": [{"Node Type": "Aggregate", "Strategy": "Plain", "Partial Mode": "Partial", "Parent Relationship": "Outer", "Parallel Aware": false, "Startup Cost": 214264.79, "Total Cost": 214264.8, "Plan Rows": 1, "Plan Width": 32, "Plans": [{"Node Type": "Hash Join", "Parent Relationship": "Outer", "Parallel Aware": true, "Join Type": "Inner", "Startup Cost": 3015.56, "Total Cost": 213490.63, "Plan Rows": 103221, "Plan Width": 10, "Inner Unique": false, "Hash Cond": "(partsupp_1.ps_suppkey = supplier_1.s_suppkey)", "Plans": [{"Node Type": "Seq Scan", "Parent Relationship": "Outer", "Parallel Aware": true, "Relation Name": "partsupp", "Alias": "partsupp_1", "Startup Cost": 0.0, "Total Cost": 200191.16, "Plan Rows": 2580516, "Plan Width": 14}, {"Node Type": "Hash", "Parent Relationship": "Inner", "Parallel Aware": true, "Startup Cost": 2986.15, "Total Cost": 2986.15, "Plan Rows": 2353, "Plan Width": 4, "Plans": [{"Node Type": "Hash Join", "Parent Relationship": "Outer", "Parallel Aware": false, "Join Type": "Inner", "Startup Cost": 1.32, "Total Cost": 2986.15, "Plan Rows": 2353, "Plan Width": 4, "Inner Unique": true, "Hash Cond": "(supplier_1.s_nationkey = nation_1.n_nationkey)", "Plans": [{"Node Type": "Seq Scan", "Parent Relationship": "Outer", "Parallel Aware": true, "Relation Name": "supplier", "Alias": "supplier_1", "Startup Cost": 0.0, "Total Cost": 2804.24, "Plan Rows": 58824, "Plan Width": 8}, {"Node Type": "Hash", "Parent Relationship": "Inner", "Parallel Aware": false, "Startup Cost": 1.31, "Total Cost": 1.31, "Plan Rows": 1, "Plan Width": 4, "Plans": [{"Node Type": "Seq Scan", "Parent Relationship": "Outer", "Parallel Aware": false, "Relation Name": "nation", "Alias": "nation_1", "Startup Cost": 0.0, "Total Cost": 1.31, "Plan Rows": 1, "Plan Width": 4, "Filter": "(n_name = 'SAUDI ARABIA'::bpchar)"}]}]}]}]}]}]}]}, {"Node Type": "Sort", "Parent Relationship": "Outer", "Parallel Aware": false, "Startup Cost": 272056.33, "Total Cost": 272322.99, "Plan Rows": 106661, "Plan Width": 36, "Sort Key": ["(sum((partsupp.ps_supplycost * (partsupp.ps_availqty)::numeric))) DESC"], "Plans": [{"Node Type": "Aggregate", "Strategy": "Sorted", "Partial Mode": "Finalize", "Parent Relationship": "Outer", "Parallel Aware": false, "Startup Cost": 223086.59, "Total Cost": 271523.03, "Plan Rows": 106661, "Plan Width": 36, "Group Key": ["partsupp.ps_partkey"], "Filter": "(sum((partsupp.ps_supplycost * (partsupp.ps_availqty)::numeric)) > $1)", "Plans": [{"Node Type": "Gather Merge", "Parent Relationship": "Outer", "Parallel Aware": false, "Startup Cost": 223086.59, "Total Cost": 262052.52, "Plan Rows": 309663, "Plan Width": 36, "Workers Planned": 3, "Plans": [{"Node Type": "Aggregate", "Strategy": "Sorted", "Partial Mode": "Partial", "Parent Relationship": "Outer", "Parallel Aware": false, "Startup Cost": 222086.55, "Total Cost": 224667.08, "Plan Rows": 103221, "Plan Width": 36, "Group Key": ["partsupp.ps_partkey"], "Plans": [{"Node Type": "Sort", "Parent Relationship": "Outer", "Parallel Aware": false, "Startup Cost": 222086.55, "Total Cost": 222344.61, "Plan Rows": 103221, "Plan Width": 14, "Sort Key": ["partsupp.ps_partkey"], "Plans": [{"Node Type": "Hash Join", "Parent Relationship": "Outer", "Parallel Aware": true, "Join Type": "Inner", "Startup Cost": 3015.56, "Total Cost": 213490.63, "Plan Rows": 103221, "Plan Width": 14, "Inner Unique": false, "Hash Cond": "(partsupp.ps_suppkey = supplier.s_suppkey)", "Plans": [{"Node Type": "Seq Scan", "Parent Relationship": "Outer", "Parallel Aware": true, "Relation Name": "partsupp", "Alias": "partsupp", "Startup Cost": 0.0, "Total Cost": 200191.16, "Plan Rows": 2580516, "Plan Width": 18}, {"Node Type": "Hash", "Parent Relationship": "Inner", "Parallel Aware": true, "Startup Cost": 2986.15, "Total Cost": 2986.15, "Plan Rows": 2353, "Plan Width": 4, "Plans": [{"Node Type": "Hash Join", "Parent Relationship": "Outer", "Parallel Aware": false, "Join Type": "Inner", "Startup Cost": 1.32, "Total Cost": 2986.15, "Plan Rows": 2353, "Plan Width": 4, "Inner Unique": true, "Hash Cond": "(supplier.s_nationkey = nation.n_nationkey)", "Plans": [{"Node Type": "Seq Scan", "Parent Relationship": "Outer", "Parallel Aware": true, "Relation Name": "supplier", "Alias": "supplier", "Startup Cost": 0.0, "Total Cost": 2804.24, "Plan Rows": 58824, "Plan Width": 8}, {"Node Type": "Hash", "Parent Relationship": "Inner", "Parallel Aware": false, "Startup Cost": 1.31, "Total Cost": 1.31, "Plan Rows": 1, "Plan Width": 4, "Plans": [{"Node Type": "Seq Scan", "Parent Relationship": "Outer", "Parallel Aware": false, "Relation Name": "nation", "Alias": "nation", "Startup Cost": 0.0, "Total Cost": 1.31, "Plan Rows": 1, "Plan Width": 4, "Filter": "(n_name = 'SAUDI ARABIA'::bpchar)"}]}]}]}]}]}]}]}]}]}]}}, {"Plan": {"Node Type": "Limit", "Parallel Aware": false, "Startup Cost": 60021870443.85, "Total Cost": 60021870443.85, "Plan Rows": 1, "Plan Width": 36, "Plans": [{"Node Type": "Aggregate", "Strategy": "Plain", "Partial Mode": "Simple", "Parent Relationship": "InitPlan", "Subplan Name": "InitPlan 1 (returns $2)", "Parallel Aware": false, "Startup Cost": 30000153661.02, "Total Cost": 30000153661.03, "Plan Rows": 1, "Plan Width": 32, "Plans": [{"Node Type": "Nested Loop", "Parent Relationship": "Outer", "Parallel Aware": false, "Join Type": "Inner", "Startup Cost": 30000000001.73, "Total Cost": 30000151261.14, "Plan Rows": 319984, "Plan Width": 10, "Inner Unique": false, "Plans": [{"Node Type": "Nested Loop", "Parent Relationship": "Outer", "Parallel Aware": false, "Join Type": "Inner", "Startup Cost": 20000000000.44, "Total Cost": 20000130087.3, "Plan Rows": 4000, "Plan Width": 4, "Inner Unique": true, "Plans": [{"Node Type": "Index Scan", "Parent Relationship": "Outer", "Parallel Aware": false, "Scan Direction": "Forward", "Index Name": "supplier_pkey", "Relation Name": "supplier", "Alias": "supplier_1", "Startup Cost": 10000000000.29, "Total Cost": 10000004020.1, "Plan Rows": 100000, "Plan Width": 8}, {"Node Type": "Bitmap Heap Scan", "Parent Relationship": "Inner", "Parallel Aware": false, "Relation Name": "nation", "Alias": "nation_1", "Startup Cost": 0.15, "Total Cost": 1.26, "Plan Rows": 1, "Plan Width": 4, "Recheck Cond": "(n_nationkey = supplier_1.s_nationkey)", "Filter": "(n_name = 'SAUDI ARABIA'::bpchar)", "Plans": [{"Node Type": "Bitmap Index Scan", "Parent Relationship": "Outer", "Parallel Aware": false, "Index Name": "nation_pkey", "Startup Cost": 0.0, "Total Cost": 0.15, "Plan Rows": 1, "Plan Width": 0, "Index Cond": "(n_nationkey = supplier_1.s_nationkey)"}]}]}, {"Node Type": "Bitmap Heap Scan", "Parent Relationship": "Inner", "Parallel Aware": false, "Relation Name": "partsupp", "Alias": "partsupp_1", "Startup Cost": 1.29, "Total Cost": 4.49, "Plan Rows": 80, "Plan Width": 14, "Recheck Cond": "(ps_suppkey = supplier_1.s_suppkey)", "Plans": [{"Node Type": "Bitmap Index Scan", "Parent Relationship": "Outer", "Parallel Aware": false, "Index Name": "idx_partsupp_suppkey", "Startup Cost": 0.0, "Total Cost": 1.27, "Plan Rows": 80, "Plan Width": 0, "Index Cond": "(ps_suppkey = supplier_1.s_suppkey)"}]}]}]}, {"Node Type": "Sort", "Parent Relationship": "Outer", "Parallel Aware": false, "Startup Cost": 30021716782.81, "Total Cost": 30021717049.47, "Plan Rows": 106661, "Plan Width": 36, "Sort Key": ["(sum((partsupp.ps_supplycost * (partsupp.ps_availqty)::numeric))) DESC"], "Plans": [{"Node Type": "Aggregate", "Strategy": "Sorted", "Partial Mode": "Simple", "Parent Relationship": "Outer", "Parallel Aware": false, "Startup Cost": 30000000000.88, "Total Cost": 30021716249.51, "Plan Rows": 106661, "Plan Width": 36, "Group Key": ["partsupp.ps_partkey"], "Filter": "(sum((partsupp.ps_supplycost * (partsupp.ps_availqty)::numeric)) > $2)", "Plans": [{"Node Type": "Nested Loop", "Parent Relationship": "Outer", "Parallel Aware": false, "Join Type": "Inner", "Startup Cost": 30000000000.88, "Total Cost": 30021705050.07, "Plan Rows": 319984, "Plan Width": 14, "Inner Unique": true, "Plans": [{"Node Type": "Nested Loop", "Parent Relationship": "Outer", "Parallel Aware": false, "Join Type": "Inner", "Startup Cost": 20000000000.73, "Total Cost": 20011620178.34, "Plan Rows": 7999600, "Plan Width": 18, "Inner Unique": true, "Plans": [{"Node Type": "Index Scan", "Parent Relationship": "Outer", "Parallel Aware": false, "Scan Direction": "Forward", "Index Name": "idx_partsupp_partkey", "Relation Name": "partsupp", "Alias": "partsupp", "Startup Cost": 10000000000.43, "Total Cost": 10000318528.84, "Plan Rows": 7999600, "Plan Width": 18}, {"Node Type": "Bitmap Heap Scan", "Parent Relationship": "Inner", "Parallel Aware": false, "Relation Name": "supplier", "Alias": "supplier", "Startup Cost": 0.3, "Total Cost": 1.41, "Plan Rows": 1, "Plan Width": 8, "Recheck Cond": "(s_suppkey = partsupp.ps_suppkey)", "Plans": [{"Node Type": "Bitmap Index Scan", "Parent Relationship": "Outer", "Parallel Aware": false, "Index Name": "supplier_pkey", "Startup Cost": 0.0, "Total Cost": 0.3, "Plan Rows": 1, "Plan Width": 0, "Index Cond": "(s_suppkey = partsupp.ps_suppkey)"}]}]}, {"Node Type": "Bitmap Heap Scan", "Parent Relationship": "Inner", "Parallel Aware": false, "Relation Name": "nation", "Alias": "nation", "Startup Cost": 0.15, "Total Cost": 1.26, "Plan Rows": 1, "Plan Width": 4, "Recheck Cond": "(n_nationkey = supplier.s_nationkey)", "Filter": "(n_name = 'SAUDI ARABIA'::bpchar)", "Plans": [{"Node Type": "Bitmap Index Scan", "Parent Relationship": "Outer", "Parallel Aware": false, "Index Name": "nation_pkey", "Startup Cost": 0.0, "Total Cost": 0.15, "Plan Rows": 1, "Plan Width": 0, "Index Cond": "(n_nationkey = supplier.s_nationkey)"}]}]}]}]}]}}, {"Plan": {"Node Type": "Limit", "Parallel Aware": false, "Startup Cost": 20021870443.85, "Total Cost": 20021870443.85, "Plan Rows": 1, "Plan Width": 36, "Plans": [{"Node Type": "Aggregate", "Strategy": "Plain", "Partial Mode": "Simple", "Parent Relationship": "InitPlan", "Subplan Name": "InitPlan 1 (returns $2)", "Parallel Aware": false, "Startup Cost": 10000153661.02, "Total Cost": 10000153661.03, "Plan Rows": 1, "Plan Width": 32, "Plans": [{"Node Type": "Nested Loop", "Parent Relationship": "Outer", "Parallel Aware": false, "Join Type": "Inner", "Startup Cost": 10000000001.73, "Total Cost": 10000151261.14, "Plan Rows": 319984, "Plan Width": 10, "Inner Unique": false, "Plans": [{"Node Type": "Nested Loop", "Parent Relationship": "Outer", "Parallel Aware": false, "Join Type": "Inner", "Startup Cost": 10000000000.44, "Total Cost": 10000130087.3, "Plan Rows": 4000, "Plan Width": 4, "Inner Unique": true, "Plans": [{"Node Type": "Index Scan", "Parent Relationship": "Outer", "Parallel Aware": false, "Scan Direction": "Forward", "Index Name": "supplier_pkey", "Relation Name": "supplier", "Alias": "supplier_1", "Startup Cost": 10000000000.29, "Total Cost": 10000004020.1, "Plan Rows": 100000, "Plan Width": 8}, {"Node Type": "Bitmap Heap Scan", "Parent Relationship": "Inner", "Parallel Aware": false, "Relation Name": "nation", "Alias": "nation_1", "Startup Cost": 0.15, "Total Cost": 1.26, "Plan Rows": 1, "Plan Width": 4, "Recheck Cond": "(n_nationkey = supplier_1.s_nationkey)", "Filter": "(n_name = 'SAUDI ARABIA'::bpchar)", "Plans": [{"Node Type": "Bitmap Index Scan", "Parent Relationship": "Outer", "Parallel Aware": false, "Index Name": "nation_pkey", "Startup Cost": 0.0, "Total Cost": 0.15, "Plan Rows": 1, "Plan Width": 0, "Index Cond": "(n_nationkey = supplier_1.s_nationkey)"}]}]}, {"Node Type": "Bitmap Heap Scan", "Parent Relationship": "Inner", "Parallel Aware": false, "Relation Name": "partsupp", "Alias": "partsupp_1", "Startup Cost": 1.29, "Total Cost": 4.49, "Plan Rows": 80, "Plan Width": 14, "Recheck Cond": "(ps_suppkey = supplier_1.s_suppkey)", "Plans": [{"Node Type": "Bitmap Index Scan", "Parent Relationship": "Outer", "Parallel Aware": false, "Index Name": "idx_partsupp_suppkey", "Startup Cost": 0.0, "Total Cost": 1.27, "Plan Rows": 80, "Plan Width": 0, "Index Cond": "(ps_suppkey = supplier_1.s_suppkey)"}]}]}]}, {"Node Type": "Sort", "Parent Relationship": "Outer", "Parallel Aware": false, "Startup Cost": 10021716782.81, "Total Cost": 10021717049.47, "Plan Rows": 106661, "Plan Width": 36, "Sort Key": ["(sum((partsupp.ps_supplycost * (partsupp.ps_availqty)::numeric))) DESC"], "Plans": [{"Node Type": "Aggregate", "Strategy": "Sorted", "Partial Mode": "Simple", "Parent Relationship": "Outer", "Parallel Aware": false, "Startup Cost": 10000000000.88, "Total Cost": 10021716249.51, "Plan Rows": 106661, "Plan Width": 36, "Group Key": ["partsupp.ps_partkey"], "Filter": "(sum((partsupp.ps_supplycost * (partsupp.ps_availqty)::numeric)) > $2)", "Plans": [{"Node Type": "Nested Loop", "Parent Relationship": "Outer", "Parallel Aware": false, "Join Type": "Inner", "Startup Cost": 10000000000.88, "Total Cost": 10021705050.07, "Plan Rows": 319984, "Plan Width": 14, "Inner Unique": true, "Plans": [{"Node Type": "Nested Loop", "Parent Relationship": "Outer", "Parallel Aware": false, "Join Type": "Inner", "Startup Cost": 10000000000.73, "Total Cost": 10011620178.34, "Plan Rows": 7999600, "Plan Width": 18, "Inner Unique": true, "Plans": [{"Node Type": "Index Scan", "Parent Relationship": "Outer", "Parallel Aware": false, "Scan Direction": "Forward", "Index Name": "idx_partsupp_partkey", "Relation Name": "partsupp", "Alias": "partsupp", "Startup Cost": 10000000000.43, "Total Cost": 10000318528.84, "Plan Rows": 7999600, "Plan Width": 18}, {"Node Type": "Bitmap Heap Scan", "Parent Relationship": "Inner", "Parallel Aware": false, "Relation Name": "supplier", "Alias": "supplier", "Startup Cost": 0.3, "Total Cost": 1.41, "Plan Rows": 1, "Plan Width": 8, "Recheck Cond": "(s_suppkey = partsupp.ps_suppkey)", "Plans": [{"Node Type": "Bitmap Index Scan", "Parent Relationship": "Outer", "Parallel Aware": false, "Index Name": "supplier_pkey", "Startup Cost": 0.0, "Total Cost": 0.3, "Plan Rows": 1, "Plan Width": 0, "Index Cond": "(s_suppkey = partsupp.ps_suppkey)"}]}]}, {"Node Type": "Bitmap Heap Scan", "Parent Relationship": "Inner", "Parallel Aware": false, "Relation Name": "nation", "Alias": "nation", "Startup Cost": 0.15, "Total Cost": 1.26, "Plan Rows": 1, "Plan Width": 4, "Recheck Cond": "(n_nationkey = supplier.s_nationkey)", "Filter": "(n_name = 'SAUDI ARABIA'::bpchar)", "Plans": [{"Node Type": "Bitmap Index Scan", "Parent Relationship": "Outer", "Parallel Aware": false, "Index Name": "nation_pkey", "Startup Cost": 0.0, "Total Cost": 0.15, "Plan Rows": 1, "Plan Width": 0, "Index Cond": "(n_nationkey = supplier.s_nationkey)"}]}]}]}]}]}}, {"Plan": {"Node Type": "Limit", "Parallel Aware": false, "Startup Cost": 83063.16, "Total Cost": 83063.16, "Plan Rows": 1, "Plan Width": 36, "Plans": [{"Node Type": "Aggregate", "Strategy": "Plain", "Partial Mode": "Finalize", "Parent Relationship": "InitPlan", "Subplan Name": "InitPlan 1 (returns $2)", "Parallel Aware": false, "Startup Cost": 17853.48, "Total Cost": 17853.49, "Plan Rows": 1, "Plan Width": 32, "Plans": [{"Node Type": "Gather", "Parent Relationship": "Outer", "Parallel Aware": false, "Startup Cost": 17853.36, "Total Cost": 17853.47, "Plan Rows": 1, "Plan Width": 32, "Workers Planned": 1, "Single Copy": false, "Plans": [{"Node Type": "Aggregate", "Strategy": "Plain", "Partial Mode": "Partial", "Parent Relationship": "Outer", "Parallel Aware": false, "Startup Cost": 16853.36, "Total Cost": 16853.37, "Plan Rows": 1, "Plan Width": 32, "Plans": [{"Node Type": "Nested Loop", "Parent Relationship": "Outer", "Parallel Aware": false, "Join Type": "Inner", "Startup Cost": 2.62, "Total Cost": 15441.66, "Plan Rows": 188226, "Plan Width": 10, "Inner Unique": false, "Plans": [{"Node Type": "Hash Join", "Parent Relationship": "Outer", "Parallel Aware": false, "Join Type": "Inner", "Startup Cost": 1.32, "Total Cost": 2986.15, "Plan Rows": 2353, "Plan Width": 4, "Inner Unique": true, "Hash Cond": "(supplier_1.s_nationkey = nation_1.n_nationkey)", "Plans": [{"Node Type": "Seq Scan", "Parent Relationship": "Outer", "Parallel Aware": true, "Relation Name": "supplier", "Alias": "supplier_1", "Startup Cost": 0.0, "Total Cost": 2804.24, "Plan Rows": 58824, "Plan Width": 8}, {"Node Type": "Hash", "Parent Relationship": "Inner", "Parallel Aware": false, "Startup Cost": 1.31, "Total Cost": 1.31, "Plan Rows": 1, "Plan Width": 4, "Plans": [{"Node Type": "Seq Scan", "Parent Relationship": "Outer", "Parallel Aware": false, "Relation Name": "nation", "Alias": "nation_1", "Startup Cost": 0.0, "Total Cost": 1.31, "Plan Rows": 1, "Plan Width": 4, "Filter": "(n_name = 'SAUDI ARABIA'::bpchar)"}]}]}, {"Node Type": "Bitmap Heap Scan", "Parent Relationship": "Inner", "Parallel Aware": false, "Relation Name": "partsupp", "Alias": "partsupp_1", "Startup Cost": 1.29, "Total Cost": 4.49, "Plan Rows": 80, "Plan Width": 14, "Recheck Cond": "(ps_suppkey = supplier_1.s_suppkey)", "Plans": [{"Node Type": "Bitmap Index Scan", "Parent Relationship": "Outer", "Parallel Aware": false, "Index Name": "idx_partsupp_suppkey", "Startup Cost": 0.0, "Total Cost": 1.27, "Plan Rows": 80, "Plan Width": 0, "Index Cond": "(ps_suppkey = supplier_1.s_suppkey)"}]}]}]}]}]}, {"Node Type": "Sort", "Parent Relationship": "Outer", "Parallel Aware": false, "Startup Cost": 65209.67, "Total Cost": 65476.32, "Plan Rows": 106661, "Plan Width": 36, "Sort Key": ["(sum((partsupp.ps_supplycost * (partsupp.ps_availqty)::numeric))) DESC"], "Plans": [{"Node Type": "Aggregate", "Strategy": "Sorted", "Partial Mode": "Simple", "Parent Relationship": "Outer", "Parallel Aware": false, "Startup Cost": 52676.96, "Total Cost": 64676.36, "Plan Rows": 106661, "Plan Width": 36, "Group Key": ["partsupp.ps_partkey"], "Filter": "(sum((partsupp.ps_supplycost * (partsupp.ps_availqty)::numeric)) > $2)", "Plans": [{"Node Type": "Sort", "Parent Relationship": "Outer", "Parallel Aware": false, "Startup Cost": 52676.96, "Total Cost": 53476.92, "Plan Rows": 319984, "Plan Width": 14, "Sort Key": ["partsupp.ps_partkey"], "Plans": [{"Node Type": "Nested Loop", "Parent Relationship": "Outer", "Parallel Aware": false, "Join Type": "Inner", "Startup Cost": 45.91, "Total Cost": 23418.2, "Plan Rows": 319984, "Plan Width": 14, "Inner Unique": false, "Plans": [{"Node Type": "Nested Loop", "Parent Relationship": "Outer", "Parallel Aware": false, "Join Type": "Inner", "Startup Cost": 44.62, "Total Cost": 2244.36, "Plan Rows": 4000, "Plan Width": 4, "Inner Unique": false, "Plans": [{"Node Type": "Seq Scan", "Parent Relationship": "Outer", "Parallel Aware": false, "Relation Name": "nation", "Alias": "nation", "Startup Cost": 0.0, "Total Cost": 1.31, "Plan Rows": 1, "Plan Width": 4, "Filter": "(n_name = 'SAUDI ARABIA'::bpchar)"}, {"Node Type": "Bitmap Heap Scan", "Parent Relationship": "Inner", "Parallel Aware": false, "Relation Name": "supplier", "Alias": "supplier", "Startup Cost": 44.62, "Total Cost": 2203.05, "Plan Rows": 4000, "Plan Width": 8, "Recheck Cond": "(s_nationkey = nation.n_nationkey)", "Plans": [{"Node Type": "Bitmap Index Scan", "Parent Relationship": "Outer", "Parallel Aware": false, "Index Name": "idx_supplier_nation_key", "Startup Cost": 0.0, "Total Cost": 43.62, "Plan Rows": 4000, "Plan Width": 0, "Index Cond": "(s_nationkey = nation.n_nationkey)"}]}]}, {"Node Type": "Bitmap Heap Scan", "Parent Relationship": "Inner", "Parallel Aware": false, "Relation Name": "partsupp", "Alias": "partsupp", "Startup Cost": 1.29, "Total Cost": 4.49, "Plan Rows": 80, "Plan Width": 18, "Recheck Cond": "(ps_suppkey = supplier.s_suppkey)", "Plans": [{"Node Type": "Bitmap Index Scan", "Parent Relationship": "Outer", "Parallel Aware": false, "Index Name": "idx_partsupp_suppkey", "Startup Cost": 0.0, "Total Cost": 1.27, "Plan Rows": 80, "Plan Width": 0, "Index Cond": "(ps_suppkey = supplier.s_suppkey)"}]}]}]}]}]}]}}, {"Plan": {"Node Type": "Limit", "Parallel Aware": false, "Startup Cost": 487321.46, "Total Cost": 487321.46, "Plan Rows": 1, "Plan Width": 36, "Plans": [{"Node Type": "Aggregate", "Strategy": "Plain", "Partial Mode": "Finalize", "Parent Relationship": "InitPlan", "Subplan Name": "InitPlan 1 (returns $1)", "Parallel Aware": false, "Startup Cost": 215265.12, "Total Cost": 215265.13, "Plan Rows": 1, "Plan Width": 32, "Plans": [{"Node Type": "Gather", "Parent Relationship": "Outer", "Parallel Aware": false, "Startup Cost": 215264.79, "Total Cost": 215265.1, "Plan Rows": 3, "Plan Width": 32, "Workers Planned": 3, "Single Copy": false, "Plans": [{"Node Type": "Aggregate", "Strategy": "Plain", "Partial Mode": "Partial", "Parent Relationship": "Outer", "Parallel Aware": false, "Startup Cost": 214264.79, "Total Cost": 214264.8, "Plan Rows": 1, "Plan Width": 32, "Plans": [{"Node Type": "Hash Join", "Parent Relationship": "Outer", "Parallel Aware": true, "Join Type": "Inner", "Startup Cost": 3015.56, "Total Cost": 213490.63, "Plan Rows": 103221, "Plan Width": 10, "Inner Unique": false, "Hash Cond": "(partsupp_1.ps_suppkey = supplier_1.s_suppkey)", "Plans": [{"Node Type": "Seq Scan", "Parent Relationship": "Outer", "Parallel Aware": true, "Relation Name": "partsupp", "Alias": "partsupp_1", "Startup Cost": 0.0, "Total Cost": 200191.16, "Plan Rows": 2580516, "Plan Width": 14}, {"Node Type": "Hash", "Parent Relationship": "Inner", "Parallel Aware": true, "Startup Cost": 2986.15, "Total Cost": 2986.15, "Plan Rows": 2353, "Plan Width": 4, "Plans": [{"Node Type": "Hash Join", "Parent Relationship": "Outer", "Parallel Aware": false, "Join Type": "Inner", "Startup Cost": 1.32, "Total Cost": 2986.15, "Plan Rows": 2353, "Plan Width": 4, "Inner Unique": true, "Hash Cond": "(supplier_1.s_nationkey = nation_1.n_nationkey)", "Plans": [{"Node Type": "Seq Scan", "Parent Relationship": "Outer", "Parallel Aware": true, "Relation Name": "supplier", "Alias": "supplier_1", "Startup Cost": 0.0, "Total Cost": 2804.24, "Plan Rows": 58824, "Plan Width": 8}, {"Node Type": "Hash", "Parent Relationship": "Inner", "Parallel Aware": false, "Startup Cost": 1.31, "Total Cost": 1.31, "Plan Rows": 1, "Plan Width": 4, "Plans": [{"Node Type": "Seq Scan", "Parent Relationship": "Outer", "Parallel Aware": false, "Relation Name": "nation", "Alias": "nation_1", "Startup Cost": 0.0, "Total Cost": 1.31, "Plan Rows": 1, "Plan Width": 4, "Filter": "(n_name = 'SAUDI ARABIA'::bpchar)"}]}]}]}]}]}]}]}, {"Node Type": "Sort", "Parent Relationship": "Outer", "Parallel Aware": false, "Startup Cost": 272056.33, "Total Cost": 272322.99, "Plan Rows": 106661, "Plan Width": 36, "Sort Key": ["(sum((partsupp.ps_supplycost * (partsupp.ps_availqty)::numeric))) DESC"], "Plans": [{"Node Type": "Aggregate", "Strategy": "Sorted", "Partial Mode": "Finalize", "Parent Relationship": "Outer", "Parallel Aware": false, "Startup Cost": 223086.59, "Total Cost": 271523.03, "Plan Rows": 106661, "Plan Width": 36, "Group Key": ["partsupp.ps_partkey"], "Filter": "(sum((partsupp.ps_supplycost * (partsupp.ps_availqty)::numeric)) > $1)", "Plans": [{"Node Type": "Gather Merge", "Parent Relationship": "Outer", "Parallel Aware": false, "Startup Cost": 223086.59, "Total Cost": 262052.52, "Plan Rows": 309663, "Plan Width": 36, "Workers Planned": 3, "Plans": [{"Node Type": "Aggregate", "Strategy": "Sorted", "Partial Mode": "Partial", "Parent Relationship": "Outer", "Parallel Aware": false, "Startup Cost": 222086.55, "Total Cost": 224667.08, "Plan Rows": 103221, "Plan Width": 36, "Group Key": ["partsupp.ps_partkey"], "Plans": [{"Node Type": "Sort", "Parent Relationship": "Outer", "Parallel Aware": false, "Startup Cost": 222086.55, "Total Cost": 222344.61, "Plan Rows": 103221, "Plan Width": 14, "Sort Key": ["partsupp.ps_partkey"], "Plans": [{"Node Type": "Hash Join", "Parent Relationship": "Outer", "Parallel Aware": true, "Join Type": "Inner", "Startup Cost": 3015.56, "Total Cost": 213490.63, "Plan Rows": 103221, "Plan Width": 14, "Inner Unique": false, "Hash Cond": "(partsupp.ps_suppkey = supplier.s_suppkey)", "Plans": [{"Node Type": "Seq Scan", "Parent Relationship": "Outer", "Parallel Aware": true, "Relation Name": "partsupp", "Alias": "partsupp", "Startup Cost": 0.0, "Total Cost": 200191.16, "Plan Rows": 2580516, "Plan Width": 18}, {"Node Type": "Hash", "Parent Relationship": "Inner", "Parallel Aware": true, "Startup Cost": 2986.15, "Total Cost": 2986.15, "Plan Rows": 2353, "Plan Width": 4, "Plans": [{"Node Type": "Hash Join", "Parent Relationship": "Outer", "Parallel Aware": false, "Join Type": "Inner", "Startup Cost": 1.32, "Total Cost": 2986.15, "Plan Rows": 2353, "Plan Width": 4, "Inner Unique": true, "Hash Cond": "(supplier.s_nationkey = nation.n_nationkey)", "Plans": [{"Node Type": "Seq Scan", "Parent Relationship": "Outer", "Parallel Aware": true, "Relation Name": "supplier", "Alias": "supplier", "Startup Cost": 0.0, "Total Cost": 2804.24, "Plan Rows": 58824, "Plan Width": 8}, {"Node Type": "Hash", "Parent Relationship": "Inner", "Parallel Aware": false, "Startup Cost": 1.31, "Total Cost": 1.31, "Plan Rows": 1, "Plan Width": 4, "Plans": [{"Node Type": "Seq Scan", "Parent Relationship": "Outer", "Parallel Aware": false, "Relation Name": "nation", "Alias": "nation", "Startup Cost": 0.0, "Total Cost": 1.31, "Plan Rows": 1, "Plan Width": 4, "Filter": "(n_name = 'SAUDI ARABIA'::bpchar)"}]}]}]}]}]}]}]}]}]}]}}, {"Plan": {"Node Type": "Limit", "Parallel Aware": false, "Startup Cost": 20021870443.85, "Total Cost": 20021870443.85, "Plan Rows": 1, "Plan Width": 36, "Plans": [{"Node Type": "Aggregate", "Strategy": "Plain", "Partial Mode": "Simple", "Parent Relationship": "InitPlan", "Subplan Name": "InitPlan 1 (returns $2)", "Parallel Aware": false, "Startup Cost": 10000153661.02, "Total Cost": 10000153661.03, "Plan Rows": 1, "Plan Width": 32, "Plans": [{"Node Type": "Nested Loop", "Parent Relationship": "Outer", "Parallel Aware": false, "Join Type": "Inner", "Startup Cost": 10000000001.73, "Total Cost": 10000151261.14, "Plan Rows": 319984, "Plan Width": 10, "Inner Unique": false, "Plans": [{"Node Type": "Nested Loop", "Parent Relationship": "Outer", "Parallel Aware": false, "Join Type": "Inner", "Startup Cost": 10000000000.44, "Total Cost": 10000130087.3, "Plan Rows": 4000, "Plan Width": 4, "Inner Unique": true, "Plans": [{"Node Type": "Index Scan", "Parent Relationship": "Outer", "Parallel Aware": false, "Scan Direction": "Forward", "Index Name": "supplier_pkey", "Relation Name": "supplier", "Alias": "supplier_1", "Startup Cost": 10000000000.29, "Total Cost": 10000004020.1, "Plan Rows": 100000, "Plan Width": 8}, {"Node Type": "Bitmap Heap Scan", "Parent Relationship": "Inner", "Parallel Aware": false, "Relation Name": "nation", "Alias": "nation_1", "Startup Cost": 0.15, "Total Cost": 1.26, "Plan Rows": 1, "Plan Width": 4, "Recheck Cond": "(n_nationkey = supplier_1.s_nationkey)", "Filter": "(n_name = 'SAUDI ARABIA'::bpchar)", "Plans": [{"Node Type": "Bitmap Index Scan", "Parent Relationship": "Outer", "Parallel Aware": false, "Index Name": "nation_pkey", "Startup Cost": 0.0, "Total Cost": 0.15, "Plan Rows": 1, "Plan Width": 0, "Index Cond": "(n_nationkey = supplier_1.s_nationkey)"}]}]}, {"Node Type": "Bitmap Heap Scan", "Parent Relationship": "Inner", "Parallel Aware": false, "Relation Name": "partsupp", "Alias": "partsupp_1", "Startup Cost": 1.29, "Total Cost": 4.49, "Plan Rows": 80, "Plan Width": 14, "Recheck Cond": "(ps_suppkey = supplier_1.s_suppkey)", "Plans": [{"Node Type": "Bitmap Index Scan", "Parent Relationship": "Outer", "Parallel Aware": false, "Index Name": "idx_partsupp_suppkey", "Startup Cost": 0.0, "Total Cost": 1.27, "Plan Rows": 80, "Plan Width": 0, "Index Cond": "(ps_suppkey = supplier_1.s_suppkey)"}]}]}]}, {"Node Type": "Sort", "Parent Relationship": "Outer", "Parallel Aware": false, "Startup Cost": 10021716782.81, "Total Cost": 10021717049.47, "Plan Rows": 106661, "Plan Width": 36, "Sort Key": ["(sum((partsupp.ps_supplycost * (partsupp.ps_availqty)::numeric))) DESC"], "Plans": [{"Node Type": "Aggregate", "Strategy": "Sorted", "Partial Mode": "Simple", "Parent Relationship": "Outer", "Parallel Aware": false, "Startup Cost": 10000000000.88, "Total Cost": 10021716249.51, "Plan Rows": 106661, "Plan Width": 36, "Group Key": ["partsupp.ps_partkey"], "Filter": "(sum((partsupp.ps_supplycost * (partsupp.ps_availqty)::numeric)) > $2)", "Plans": [{"Node Type": "Nested Loop", "Parent Relationship": "Outer", "Parallel Aware": false, "Join Type": "Inner", "Startup Cost": 10000000000.88, "Total Cost": 10021705050.07, "Plan Rows": 319984, "Plan Width": 14, "Inner Unique": true, "Plans": [{"Node Type": "Nested Loop", "Parent Relationship": "Outer", "Parallel Aware": false, "Join Type": "Inner", "Startup Cost": 10000000000.73, "Total Cost": 10011620178.34, "Plan Rows": 7999600, "Plan Width": 18, "Inner Unique": true, "Plans": [{"Node Type": "Index Scan", "Parent Relationship": "Outer", "Parallel Aware": false, "Scan Direction": "Forward", "Index Name": "idx_partsupp_partkey", "Relation Name": "partsupp", "Alias": "partsupp", "Startup Cost": 10000000000.43, "Total Cost": 10000318528.84, "Plan Rows": 7999600, "Plan Width": 18}, {"Node Type": "Bitmap Heap Scan", "Parent Relationship": "Inner", "Parallel Aware": false, "Relation Name": "supplier", "Alias": "supplier", "Startup Cost": 0.3, "Total Cost": 1.41, "Plan Rows": 1, "Plan Width": 8, "Recheck Cond": "(s_suppkey = partsupp.ps_suppkey)", "Plans": [{"Node Type": "Bitmap Index Scan", "Parent Relationship": "Outer", "Parallel Aware": false, "Index Name": "supplier_pkey", "Startup Cost": 0.0, "Total Cost": 0.3, "Plan Rows": 1, "Plan Width": 0, "Index Cond": "(s_suppkey = partsupp.ps_suppkey)"}]}]}, {"Node Type": "Bitmap Heap Scan", "Parent Relationship": "Inner", "Parallel Aware": false, "Relation Name": "nation", "Alias": "nation", "Startup Cost": 0.15, "Total Cost": 1.26, "Plan Rows": 1, "Plan Width": 4, "Recheck Cond": "(n_nationkey = supplier.s_nationkey)", "Filter": "(n_name = 'SAUDI ARABIA'::bpchar)", "Plans": [{"Node Type": "Bitmap Index Scan", "Parent Relationship": "Outer", "Parallel Aware": false, "Index Name": "nation_pkey", "Startup Cost": 0.0, "Total Cost": 0.15, "Plan Rows": 1, "Plan Width": 0, "Index Cond": "(n_nationkey = supplier.s_nationkey)"}]}]}]}]}]}}, {"Plan": {"Node Type": "Limit", "Parallel Aware": false, "Startup Cost": 83063.16, "Total Cost": 83063.16, "Plan Rows": 1, "Plan Width": 36, "Plans": [{"Node Type": "Aggregate", "Strategy": "Plain", "Partial Mode": "Finalize", "Parent Relationship": "InitPlan", "Subplan Name": "InitPlan 1 (returns $2)", "Parallel Aware": false, "Startup Cost": 17853.48, "Total Cost": 17853.49, "Plan Rows": 1, "Plan Width": 32, "Plans": [{"Node Type": "Gather", "Parent Relationship": "Outer", "Parallel Aware": false, "Startup Cost": 17853.36, "Total Cost": 17853.47, "Plan Rows": 1, "Plan Width": 32, "Workers Planned": 1, "Single Copy": false, "Plans": [{"Node Type": "Aggregate", "Strategy": "Plain", "Partial Mode": "Partial", "Parent Relationship": "Outer", "Parallel Aware": false, "Startup Cost": 16853.36, "Total Cost": 16853.37, "Plan Rows": 1, "Plan Width": 32, "Plans": [{"Node Type": "Nested Loop", "Parent Relationship": "Outer", "Parallel Aware": false, "Join Type": "Inner", "Startup Cost": 2.62, "Total Cost": 15441.66, "Plan Rows": 188226, "Plan Width": 10, "Inner Unique": false, "Plans": [{"Node Type": "Hash Join", "Parent Relationship": "Outer", "Parallel Aware": false, "Join Type": "Inner", "Startup Cost": 1.32, "Total Cost": 2986.15, "Plan Rows": 2353, "Plan Width": 4, "Inner Unique": true, "Hash Cond": "(supplier_1.s_nationkey = nation_1.n_nationkey)", "Plans": [{"Node Type": "Seq Scan", "Parent Relationship": "Outer", "Parallel Aware": true, "Relation Name": "supplier", "Alias": "supplier_1", "Startup Cost": 0.0, "Total Cost": 2804.24, "Plan Rows": 58824, "Plan Width": 8}, {"Node Type": "Hash", "Parent Relationship": "Inner", "Parallel Aware": false, "Startup Cost": 1.31, "Total Cost": 1.31, "Plan Rows": 1, "Plan Width": 4, "Plans": [{"Node Type": "Seq Scan", "Parent Relationship": "Outer", "Parallel Aware": false, "Relation Name": "nation", "Alias": "nation_1", "Startup Cost": 0.0, "Total Cost": 1.31, "Plan Rows": 1, "Plan Width": 4, "Filter": "(n_name = 'SAUDI ARABIA'::bpchar)"}]}]}, {"Node Type": "Bitmap Heap Scan", "Parent Relationship": "Inner", "Parallel Aware": false, "Relation Name": "partsupp", "Alias": "partsupp_1", "Startup Cost": 1.29, "Total Cost": 4.49, "Plan Rows": 80, "Plan Width": 14, "Recheck Cond": "(ps_suppkey = supplier_1.s_suppkey)", "Plans": [{"Node Type": "Bitmap Index Scan", "Parent Relationship": "Outer", "Parallel Aware": false, "Index Name": "idx_partsupp_suppkey", "Startup Cost": 0.0, "Total Cost": 1.27, "Plan Rows": 80, "Plan Width": 0, "Index Cond": "(ps_suppkey = supplier_1.s_suppkey)"}]}]}]}]}]}, {"Node Type": "Sort", "Parent Relationship": "Outer", "Parallel Aware": false, "Startup Cost": 65209.67, "Total Cost": 65476.32, "Plan Rows": 106661, "Plan Width": 36, "Sort Key": ["(sum((partsupp.ps_supplycost * (partsupp.ps_availqty)::numeric))) DESC"], "Plans": [{"Node Type": "Aggregate", "Strategy": "Sorted", "Partial Mode": "Simple", "Parent Relationship": "Outer", "Parallel Aware": false, "Startup Cost": 52676.96, "Total Cost": 64676.36, "Plan Rows": 106661, "Plan Width": 36, "Group Key": ["partsupp.ps_partkey"], "Filter": "(sum((partsupp.ps_supplycost * (partsupp.ps_availqty)::numeric)) > $2)", "Plans": [{"Node Type": "Sort", "Parent Relationship": "Outer", "Parallel Aware": false, "Startup Cost": 52676.96, "Total Cost": 53476.92, "Plan Rows": 319984, "Plan Width": 14, "Sort Key": ["partsupp.ps_partkey"], "Plans": [{"Node Type": "Nested Loop", "Parent Relationship": "Outer", "Parallel Aware": false, "Join Type": "Inner", "Startup Cost": 45.91, "Total Cost": 23418.2, "Plan Rows": 319984, "Plan Width": 14, "Inner Unique": false, "Plans": [{"Node Type": "Nested Loop", "Parent Relationship": "Outer", "Parallel Aware": false, "Join Type": "Inner", "Startup Cost": 44.62, "Total Cost": 2244.36, "Plan Rows": 4000, "Plan Width": 4, "Inner Unique": false, "Plans": [{"Node Type": "Seq Scan", "Parent Relationship": "Outer", "Parallel Aware": false, "Relation Name": "nation", "Alias": "nation", "Startup Cost": 0.0, "Total Cost": 1.31, "Plan Rows": 1, "Plan Width": 4, "Filter": "(n_name = 'SAUDI ARABIA'::bpchar)"}, {"Node Type": "Bitmap Heap Scan", "Parent Relationship": "Inner", "Parallel Aware": false, "Relation Name": "supplier", "Alias": "supplier", "Startup Cost": 44.62, "Total Cost": 2203.05, "Plan Rows": 4000, "Plan Width": 8, "Recheck Cond": "(s_nationkey = nation.n_nationkey)", "Plans": [{"Node Type": "Bitmap Index Scan", "Parent Relationship": "Outer", "Parallel Aware": false, "Index Name": "idx_supplier_nation_key", "Startup Cost": 0.0, "Total Cost": 43.62, "Plan Rows": 4000, "Plan Width": 0, "Index Cond": "(s_nationkey = nation.n_nationkey)"}]}]}, {"Node Type": "Bitmap Heap Scan", "Parent Relationship": "Inner", "Parallel Aware": false, "Relation Name": "partsupp", "Alias": "partsupp", "Startup Cost": 1.29, "Total Cost": 4.49, "Plan Rows": 80, "Plan Width": 18, "Recheck Cond": "(ps_suppkey = supplier.s_suppkey)", "Plans": [{"Node Type": "Bitmap Index Scan", "Parent Relationship": "Outer", "Parallel Aware": false, "Index Name": "idx_partsupp_suppkey", "Startup Cost": 0.0, "Total Cost": 1.27, "Plan Rows": 80, "Plan Width": 0, "Index Cond": "(ps_suppkey = supplier.s_suppkey)"}]}]}]}]}]}]}}, {"Plan": {"Node Type": "Limit", "Parallel Aware": false, "Startup Cost": 487321.46, "Total Cost": 487321.46, "Plan Rows": 1, "Plan Width": 36, "Plans": [{"Node Type": "Aggregate", "Strategy": "Plain", "Partial Mode": "Finalize", "Parent Relationship": "InitPlan", "Subplan Name": "InitPlan 1 (returns $1)", "Parallel Aware": false, "Startup Cost": 215265.12, "Total Cost": 215265.13, "Plan Rows": 1, "Plan Width": 32, "Plans": [{"Node Type": "Gather", "Parent Relationship": "Outer", "Parallel Aware": false, "Startup Cost": 215264.79, "Total Cost": 215265.1, "Plan Rows": 3, "Plan Width": 32, "Workers Planned": 3, "Single Copy": false, "Plans": [{"Node Type": "Aggregate", "Strategy": "Plain", "Partial Mode": "Partial", "Parent Relationship": "Outer", "Parallel Aware": false, "Startup Cost": 214264.79, "Total Cost": 214264.8, "Plan Rows": 1, "Plan Width": 32, "Plans": [{"Node Type": "Hash Join", "Parent Relationship": "Outer", "Parallel Aware": true, "Join Type": "Inner", "Startup Cost": 3015.56, "Total Cost": 213490.63, "Plan Rows": 103221, "Plan Width": 10, "Inner Unique": false, "Hash Cond": "(partsupp_1.ps_suppkey = supplier_1.s_suppkey)", "Plans": [{"Node Type": "Seq Scan", "Parent Relationship": "Outer", "Parallel Aware": true, "Relation Name": "partsupp", "Alias": "partsupp_1", "Startup Cost": 0.0, "Total Cost": 200191.16, "Plan Rows": 2580516, "Plan Width": 14}, {"Node Type": "Hash", "Parent Relationship": "Inner", "Parallel Aware": true, "Startup Cost": 2986.15, "Total Cost": 2986.15, "Plan Rows": 2353, "Plan Width": 4, "Plans": [{"Node Type": "Hash Join", "Parent Relationship": "Outer", "Parallel Aware": false, "Join Type": "Inner", "Startup Cost": 1.32, "Total Cost": 2986.15, "Plan Rows": 2353, "Plan Width": 4, "Inner Unique": true, "Hash Cond": "(supplier_1.s_nationkey = nation_1.n_nationkey)", "Plans": [{"Node Type": "Seq Scan", "Parent Relationship": "Outer", "Parallel Aware": true, "Relation Name": "supplier", "Alias": "supplier_1", "Startup Cost": 0.0, "Total Cost": 2804.24, "Plan Rows": 58824, "Plan Width": 8}, {"Node Type": "Hash", "Parent Relationship": "Inner", "Parallel Aware": false, "Startup Cost": 1.31, "Total Cost": 1.31, "Plan Rows": 1, "Plan Width": 4, "Plans": [{"Node Type": "Seq Scan", "Parent Relationship": "Outer", "Parallel Aware": false, "Relation Name": "nation", "Alias": "nation_1", "Startup Cost": 0.0, "Total Cost": 1.31, "Plan Rows": 1, "Plan Width": 4, "Filter": "(n_name = 'SAUDI ARABIA'::bpchar)"}]}]}]}]}]}]}]}, {"Node Type": "Sort", "Parent Relationship": "Outer", "Parallel Aware": false, "Startup Cost": 272056.33, "Total Cost": 272322.99, "Plan Rows": 106661, "Plan Width": 36, "Sort Key": ["(sum((partsupp.ps_supplycost * (partsupp.ps_availqty)::numeric))) DESC"], "Plans": [{"Node Type": "Aggregate", "Strategy": "Sorted", "Partial Mode": "Finalize", "Parent Relationship": "Outer", "Parallel Aware": false, "Startup Cost": 223086.59, "Total Cost": 271523.03, "Plan Rows": 106661, "Plan Width": 36, "Group Key": ["partsupp.ps_partkey"], "Filter": "(sum((partsupp.ps_supplycost * (partsupp.ps_availqty)::numeric)) > $1)", "Plans": [{"Node Type": "Gather Merge", "Parent Relationship": "Outer", "Parallel Aware": false, "Startup Cost": 223086.59, "Total Cost": 262052.52, "Plan Rows": 309663, "Plan Width": 36, "Workers Planned": 3, "Plans": [{"Node Type": "Aggregate", "Strategy": "Sorted", "Partial Mode": "Partial", "Parent Relationship": "Outer", "Parallel Aware": false, "Startup Cost": 222086.55, "Total Cost": 224667.08, "Plan Rows": 103221, "Plan Width": 36, "Group Key": ["partsupp.ps_partkey"], "Plans": [{"Node Type": "Sort", "Parent Relationship": "Outer", "Parallel Aware": false, "Startup Cost": 222086.55, "Total Cost": 222344.61, "Plan Rows": 103221, "Plan Width": 14, "Sort Key": ["partsupp.ps_partkey"], "Plans": [{"Node Type": "Hash Join", "Parent Relationship": "Outer", "Parallel Aware": true, "Join Type": "Inner", "Startup Cost": 3015.56, "Total Cost": 213490.63, "Plan Rows": 103221, "Plan Width": 14, "Inner Unique": false, "Hash Cond": "(partsupp.ps_suppkey = supplier.s_suppkey)", "Plans": [{"Node Type": "Seq Scan", "Parent Relationship": "Outer", "Parallel Aware": true, "Relation Name": "partsupp", "Alias": "partsupp", "Startup Cost": 0.0, "Total Cost": 200191.16, "Plan Rows": 2580516, "Plan Width": 18}, {"Node Type": "Hash", "Parent Relationship": "Inner", "Parallel Aware": true, "Startup Cost": 2986.15, "Total Cost": 2986.15, "Plan Rows": 2353, "Plan Width": 4, "Plans": [{"Node Type": "Hash Join", "Parent Relationship": "Outer", "Parallel Aware": false, "Join Type": "Inner", "Startup Cost": 1.32, "Total Cost": 2986.15, "Plan Rows": 2353, "Plan Width": 4, "Inner Unique": true, "Hash Cond": "(supplier.s_nationkey = nation.n_nationkey)", "Plans": [{"Node Type": "Seq Scan", "Parent Relationship": "Outer", "Parallel Aware": true, "Relation Name": "supplier", "Alias": "supplier", "Startup Cost": 0.0, "Total Cost": 2804.24, "Plan Rows": 58824, "Plan Width": 8}, {"Node Type": "Hash", "Parent Relationship": "Inner", "Parallel Aware": false, "Startup Cost": 1.31, "Total Cost": 1.31, "Plan Rows": 1, "Plan Width": 4, "Plans": [{"Node Type": "Seq Scan", "Parent Relationship": "Outer", "Parallel Aware": false, "Relation Name": "nation", "Alias": "nation", "Startup Cost": 0.0, "Total Cost": 1.31, "Plan Rows": 1, "Plan Width": 4, "Filter": "(n_name = 'SAUDI ARABIA'::bpchar)"}]}]}]}]}]}]}]}]}]}]}}, {"Plan": {"Node Type": "Limit", "Parallel Aware": false, "Startup Cost": 634681.78, "Total Cost": 634681.78, "Plan Rows": 1, "Plan Width": 36, "Plans": [{"Node Type": "Aggregate", "Strategy": "Plain", "Partial Mode": "Finalize", "Parent Relationship": "InitPlan", "Subplan Name": "InitPlan 1 (returns $1)", "Parallel Aware": false, "Startup Cost": 297671.94, "Total Cost": 297671.95, "Plan Rows": 1, "Plan Width": 32, "Plans": [{"Node Type": "Gather", "Parent Relationship": "Outer", "Parallel Aware": false, "Startup Cost": 297671.61, "Total Cost": 297671.92, "Plan Rows": 3, "Plan Width": 32, "Workers Planned": 3, "Single Copy": false, "Plans": [{"Node Type": "Aggregate", "Strategy": "Plain", "Partial Mode": "Partial", "Parent Relationship": "Outer", "Parallel Aware": false, "Startup Cost": 296671.61, "Total Cost": 296671.62, "Plan Rows": 1, "Plan Width": 32, "Plans": [{"Node Type": "Hash Join", "Parent Relationship": "Outer", "Parallel Aware": true, "Join Type": "Inner", "Startup Cost": 3822.66, "Total Cost": 295897.45, "Plan Rows": 103221, "Plan Width": 10, "Inner Unique": false, "Hash Cond": "(partsupp_1.ps_suppkey = supplier_1.s_suppkey)", "Plans": [{"Node Type": "Index Scan", "Parent Relationship": "Outer", "Parallel Aware": true, "Scan Direction": "Forward", "Index Name": "idx_partsupp_suppkey", "Relation Name": "partsupp", "Alias": "partsupp_1", "Startup Cost": 0.43, "Total Cost": 281791.32, "Plan Rows": 2580516, "Plan Width": 14}, {"Node Type": "Hash", "Parent Relationship": "Inner", "Parallel Aware": true, "Startup Cost": 3792.81, "Total Cost": 3792.81, "Plan Rows": 2353, "Plan Width": 4, "Plans": [{"Node Type": "Hash Join", "Parent Relationship": "Outer", "Parallel Aware": false, "Join Type": "Inner", "Startup Cost": 4.18, "Total Cost": 3792.81, "Plan Rows": 2353, "Plan Width": 4, "Inner Unique": true, "Hash Cond": "(supplier_1.s_nationkey = nation_1.n_nationkey)", "Plans": [{"Node Type": "Index Scan", "Parent Relationship": "Outer", "Parallel Aware": true, "Scan Direction": "Forward", "Index Name": "supplier_pkey", "Relation Name": "supplier", "Alias": "supplier_1", "Startup Cost": 0.29, "Total Cost": 3608.33, "Plan Rows": 58824, "Plan Width": 8}, {"Node Type": "Hash", "Parent Relationship": "Inner", "Parallel Aware": false, "Startup Cost": 3.88, "Total Cost": 3.88, "Plan Rows": 1, "Plan Width": 4, "Plans": [{"Node Type": "Index Scan", "Parent Relationship": "Outer", "Parallel Aware": false, "Scan Direction": "Forward", "Index Name": "nation_pkey", "Relation Name": "nation", "Alias": "nation_1", "Startup Cost": 0.14, "Total Cost": 3.88, "Plan Rows": 1, "Plan Width": 4, "Filter": "(n_name = 'SAUDI ARABIA'::bpchar)"}]}]}]}]}]}]}]}, {"Node Type": "Sort", "Parent Relationship": "Outer", "Parallel Aware": false, "Startup Cost": 337009.83, "Total Cost": 337276.48, "Plan Rows": 106661, "Plan Width": 36, "Sort Key": ["(sum((partsupp.ps_supplycost * (partsupp.ps_availqty)::numeric))) DESC"], "Plans": [{"Node Type": "Aggregate", "Strategy": "Sorted", "Partial Mode": "Finalize", "Parent Relationship": "Outer", "Parallel Aware": false, "Startup Cost": 288040.09, "Total Cost": 336476.52, "Plan Rows": 106661, "Plan Width": 36, "Group Key": ["partsupp.ps_partkey"], "Filter": "(sum((partsupp.ps_supplycost * (partsupp.ps_availqty)::numeric)) > $1)", "Plans": [{"Node Type": "Gather Merge", "Parent Relationship": "Outer", "Parallel Aware": false, "Startup Cost": 288040.09, "Total Cost": 327006.02, "Plan Rows": 309663, "Plan Width": 36, "Workers Planned": 3, "Plans": [{"Node Type": "Aggregate", "Strategy": "Sorted", "Partial Mode": "Partial", "Parent Relationship": "Outer", "Parallel Aware": false, "Startup Cost": 287040.05, "Total Cost": 289620.57, "Plan Rows": 103221, "Plan Width": 36, "Group Key": ["partsupp.ps_partkey"], "Plans": [{"Node Type": "Sort", "Parent Relationship": "Outer", "Parallel Aware": false, "Startup Cost": 287040.05, "Total Cost": 287298.1, "Plan Rows": 103221, "Plan Width": 14, "Sort Key": ["partsupp.ps_partkey"], "Plans": [{"Node Type": "Hash Join", "Parent Relationship": "Outer", "Parallel Aware": true, "Join Type": "Inner", "Startup Cost": 3822.66, "Total Cost": 278444.13, "Plan Rows": 103221, "Plan Width": 14, "Inner Unique": false, "Hash Cond": "(partsupp.ps_suppkey = supplier.s_suppkey)", "Plans": [{"Node Type": "Index Scan", "Parent Relationship": "Outer", "Parallel Aware": true, "Scan Direction": "Forward", "Index Name": "idx_partsupp_partkey", "Relation Name": "partsupp", "Alias": "partsupp", "Startup Cost": 0.43, "Total Cost": 264338.0, "Plan Rows": 2580516, "Plan Width": 18}, {"Node Type": "Hash", "Parent Relationship": "Inner", "Parallel Aware": true, "Startup Cost": 3792.81, "Total Cost": 3792.81, "Plan Rows": 2353, "Plan Width": 4, "Plans": [{"Node Type": "Hash Join", "Parent Relationship": "Outer", "Parallel Aware": false, "Join Type": "Inner", "Startup Cost": 4.18, "Total Cost": 3792.81, "Plan Rows": 2353, "Plan Width": 4, "Inner Unique": true, "Hash Cond": "(supplier.s_nationkey = nation.n_nationkey)", "Plans": [{"Node Type": "Index Scan", "Parent Relationship": "Outer", "Parallel Aware": true, "Scan Direction": "Forward", "Index Name": "supplier_pkey", "Relation Name": "supplier", "Alias": "supplier", "Startup Cost": 0.29, "Total Cost": 3608.33, "Plan Rows": 58824, "Plan Width": 8}, {"Node Type": "Hash", "Parent Relationship": "Inner", "Parallel Aware": false, "Startup Cost": 3.88, "Total Cost": 3.88, "Plan Rows": 1, "Plan Width": 4, "Plans": [{"Node Type": "Index Scan", "Parent Relationship": "Outer", "Parallel Aware": false, "Scan Direction": "Forward", "Index Name": "nation_pkey", "Relation Name": "nation", "Alias": "nation", "Startup Cost": 0.14, "Total Cost": 3.88, "Plan Rows": 1, "Plan Width": 4, "Filter": "(n_name = 'SAUDI ARABIA'::bpchar)"}]}]}]}]}]}]}]}]}]}]}}, {"Plan": {"Node Type": "Limit", "Parallel Aware": false, "Startup Cost": 633144.97, "Total Cost": 633144.97, "Plan Rows": 1, "Plan Width": 36, "Plans": [{"Node Type": "Aggregate", "Strategy": "Plain", "Partial Mode": "Finalize", "Parent Relationship": "InitPlan", "Subplan Name": "InitPlan 1 (returns $1)", "Parallel Aware": false, "Startup Cost": 296135.13, "Total Cost": 296135.14, "Plan Rows": 1, "Plan Width": 32, "Plans": [{"Node Type": "Gather", "Parent Relationship": "Outer", "Parallel Aware": false, "Startup Cost": 296134.8, "Total Cost": 296135.11, "Plan Rows": 3, "Plan Width": 32, "Workers Planned": 3, "Single Copy": false, "Plans": [{"Node Type": "Aggregate", "Strategy": "Plain", "Partial Mode": "Partial", "Parent Relationship": "Outer", "Parallel Aware": false, "Startup Cost": 295134.8, "Total Cost": 295134.81, "Plan Rows": 1, "Plan Width": 32, "Plans": [{"Node Type": "Merge Join", "Parent Relationship": "Outer", "Parallel Aware": false, "Join Type": "Inner", "Startup Cost": 4570.73, "Total Cost": 294360.64, "Plan Rows": 103221, "Plan Width": 10, "Inner Unique": false, "Merge Cond": "(partsupp_1.ps_suppkey = supplier_1.s_suppkey)", "Plans": [{"Node Type": "Index Scan", "Parent Relationship": "Outer", "Parallel Aware": true, "Scan Direction": "Forward", "Index Name": "idx_partsupp_suppkey", "Relation Name": "partsupp", "Alias": "partsupp_1", "Startup Cost": 0.43, "Total Cost": 281791.32, "Plan Rows": 2580516, "Plan Width": 14}, {"Node Type": "Sort", "Parent Relationship": "Inner", "Parallel Aware": false, "Startup Cost": 4570.3, "Total Cost": 4580.3, "Plan Rows": 4000, "Plan Width": 4, "Sort Key": ["supplier_1.s_suppkey"], "Plans": [{"Node Type": "Hash Join", "Parent Relationship": "Outer", "Parallel Aware": false, "Join Type": "Inner", "Startup Cost": 4.18, "Total Cost": 4330.99, "Plan Rows": 4000, "Plan Width": 4, "Inner Unique": true, "Hash Cond": "(supplier_1.s_nationkey = nation_1.n_nationkey)", "Plans": [{"Node Type": "Index Scan", "Parent Relationship": "Outer", "Parallel Aware": false, "Scan Direction": "Forward", "Index Name": "supplier_pkey", "Relation Name": "supplier", "Alias": "supplier_1", "Startup Cost": 0.29, "Total Cost": 4020.1, "Plan Rows": 100000, "Plan Width": 8}, {"Node Type": "Hash", "Parent Relationship": "Inner", "Parallel Aware": false, "Startup Cost": 3.88, "Total Cost": 3.88, "Plan Rows": 1, "Plan Width": 4, "Plans": [{"Node Type": "Index Scan", "Parent Relationship": "Outer", "Parallel Aware": false, "Scan Direction": "Forward", "Index Name": "nation_pkey", "Relation Name": "nation", "Alias": "nation_1", "Startup Cost": 0.14, "Total Cost": 3.88, "Plan Rows": 1, "Plan Width": 4, "Filter": "(n_name = 'SAUDI ARABIA'::bpchar)"}]}]}]}]}]}]}]}, {"Node Type": "Sort", "Parent Relationship": "Outer", "Parallel Aware": false, "Startup Cost": 337009.83, "Total Cost": 337276.48, "Plan Rows": 106661, "Plan Width": 36, "Sort Key": ["(sum((partsupp.ps_supplycost * (partsupp.ps_availqty)::numeric))) DESC"], "Plans": [{"Node Type": "Aggregate", "Strategy": "Sorted", "Partial Mode": "Finalize", "Parent Relationship": "Outer", "Parallel Aware": false, "Startup Cost": 288040.09, "Total Cost": 336476.52, "Plan Rows": 106661, "Plan Width": 36, "Group Key": ["partsupp.ps_partkey"], "Filter": "(sum((partsupp.ps_supplycost * (partsupp.ps_availqty)::numeric)) > $1)", "Plans": [{"Node Type": "Gather Merge", "Parent Relationship": "Outer", "Parallel Aware": false, "Startup Cost": 288040.09, "Total Cost": 327006.02, "Plan Rows": 309663, "Plan Width": 36, "Workers Planned": 3, "Plans": [{"Node Type": "Aggregate", "Strategy": "Sorted", "Partial Mode": "Partial", "Parent Relationship": "Outer", "Parallel Aware": false, "Startup Cost": 287040.05, "Total Cost": 289620.57, "Plan Rows": 103221, "Plan Width": 36, "Group Key": ["partsupp.ps_partkey"], "Plans": [{"Node Type": "Sort", "Parent Relationship": "Outer", "Parallel Aware": false, "Startup Cost": 287040.05, "Total Cost": 287298.1, "Plan Rows": 103221, "Plan Width": 14, "Sort Key": ["partsupp.ps_partkey"], "Plans": [{"Node Type": "Hash Join", "Parent Relationship": "Outer", "Parallel Aware": true, "Join Type": "Inner", "Startup Cost": 3822.66, "Total Cost": 278444.13, "Plan Rows": 103221, "Plan Width": 14, "Inner Unique": false, "Hash Cond": "(partsupp.ps_suppkey = supplier.s_suppkey)", "Plans": [{"Node Type": "Index Scan", "Parent Relationship": "Outer", "Parallel Aware": true, "Scan Direction": "Forward", "Index Name": "idx_partsupp_partkey", "Relation Name": "partsupp", "Alias": "partsupp", "Startup Cost": 0.43, "Total Cost": 264338.0, "Plan Rows": 2580516, "Plan Width": 18}, {"Node Type": "Hash", "Parent Relationship": "Inner", "Parallel Aware": true, "Startup Cost": 3792.81, "Total Cost": 3792.81, "Plan Rows": 2353, "Plan Width": 4, "Plans": [{"Node Type": "Hash Join", "Parent Relationship": "Outer", "Parallel Aware": false, "Join Type": "Inner", "Startup Cost": 4.18, "Total Cost": 3792.81, "Plan Rows": 2353, "Plan Width": 4, "Inner Unique": true, "Hash Cond": "(supplier.s_nationkey = nation.n_nationkey)", "Plans": [{"Node Type": "Index Scan", "Parent Relationship": "Outer", "Parallel Aware": true, "Scan Direction": "Forward", "Index Name": "supplier_pkey", "Relation Name": "supplier", "Alias": "supplier", "Startup Cost": 0.29, "Total Cost": 3608.33, "Plan Rows": 58824, "Plan Width": 8}, {"Node Type": "Hash", "Parent Relationship": "Inner", "Parallel Aware": false, "Startup Cost": 3.88, "Total Cost": 3.88, "Plan Rows": 1, "Plan Width": 4, "Plans": [{"Node Type": "Index Scan", "Parent Relationship": "Outer", "Parallel Aware": false, "Scan Direction": "Forward", "Index Name": "nation_pkey", "Relation Name": "nation", "Alias": "nation", "Startup Cost": 0.14, "Total Cost": 3.88, "Plan Rows": 1, "Plan Width": 4, "Filter": "(n_name = 'SAUDI ARABIA'::bpchar)"}]}]}]}]}]}]}]}]}]}]}}, {"Plan": {"Node Type": "Limit", "Parallel Aware": false, "Startup Cost": 80688.93, "Total Cost": 80688.93, "Plan Rows": 1, "Plan Width": 36, "Plans": [{"Node Type": "Aggregate", "Strategy": "Plain", "Partial Mode": "Finalize", "Parent Relationship": "InitPlan", "Subplan Name": "InitPlan 1 (returns $2)", "Parallel Aware": false, "Startup Cost": 17481.06, "Total Cost": 17481.08, "Plan Rows": 1, "Plan Width": 32, "Plans": [{"Node Type": "Gather", "Parent Relationship": "Outer", "Parallel Aware": false, "Startup Cost": 17480.95, "Total Cost": 17481.06, "Plan Rows": 1, "Plan Width": 32, "Workers Planned": 1, "Single Copy": false, "Plans": [{"Node Type": "Aggregate", "Strategy": "Plain", "Partial Mode": "Partial", "Parent Relationship": "Outer", "Parallel Aware": false, "Startup Cost": 16480.95, "Total Cost": 16480.96, "Plan Rows": 1, "Plan Width": 32, "Plans": [{"Node Type": "Nested Loop", "Parent Relationship": "Outer", "Parallel Aware": false, "Join Type": "Inner", "Startup Cost": 4.61, "Total Cost": 15069.25, "Plan Rows": 188226, "Plan Width": 10, "Inner Unique": false, "Plans": [{"Node Type": "Hash Join", "Parent Relationship": "Outer", "Parallel Aware": false, "Join Type": "Inner", "Startup Cost": 4.18, "Total Cost": 3792.81, "Plan Rows": 2353, "Plan Width": 4, "Inner Unique": true, "Hash Cond": "(supplier_1.s_nationkey = nation_1.n_nationkey)", "Plans": [{"Node Type": "Index Scan", "Parent Relationship": "Outer", "Parallel Aware": true, "Scan Direction": "Forward", "Index Name": "supplier_pkey", "Relation Name": "supplier", "Alias": "supplier_1", "Startup Cost": 0.29, "Total Cost": 3608.33, "Plan Rows": 58824, "Plan Width": 8}, {"Node Type": "Hash", "Parent Relationship": "Inner", "Parallel Aware": false, "Startup Cost": 3.88, "Total Cost": 3.88, "Plan Rows": 1, "Plan Width": 4, "Plans": [{"Node Type": "Index Scan", "Parent Relationship": "Outer", "Parallel Aware": false, "Scan Direction": "Forward", "Index Name": "nation_pkey", "Relation Name": "nation", "Alias": "nation_1", "Startup Cost": 0.14, "Total Cost": 3.88, "Plan Rows": 1, "Plan Width": 4, "Filter": "(n_name = 'SAUDI ARABIA'::bpchar)"}]}]}, {"Node Type": "Index Scan", "Parent Relationship": "Inner", "Parallel Aware": false, "Scan Direction": "Forward", "Index Name": "idx_partsupp_suppkey", "Relation Name": "partsupp", "Alias": "partsupp_1", "Startup Cost": 0.43, "Total Cost": 3.99, "Plan Rows": 80, "Plan Width": 14, "Index Cond": "(ps_suppkey = supplier_1.s_suppkey)"}]}]}]}]}, {"Node Type": "Sort", "Parent Relationship": "Outer", "Parallel Aware": false, "Startup Cost": 63207.85, "Total Cost": 63474.51, "Plan Rows": 106661, "Plan Width": 36, "Sort Key": ["(sum((partsupp.ps_supplycost * (partsupp.ps_availqty)::numeric))) DESC"], "Plans": [{"Node Type": "Aggregate", "Strategy": "Sorted", "Partial Mode": "Simple", "Parent Relationship": "Outer", "Parallel Aware": false, "Startup Cost": 50675.15, "Total Cost": 62674.55, "Plan Rows": 106661, "Plan Width": 36, "Group Key": ["partsupp.ps_partkey"], "Filter": "(sum((partsupp.ps_supplycost * (partsupp.ps_availqty)::numeric)) > $2)", "Plans": [{"Node Type": "Sort", "Parent Relationship": "Outer", "Parallel Aware": false, "Startup Cost": 50675.15, "Total Cost": 51475.11, "Plan Rows": 319984, "Plan Width": 14, "Sort Key": ["partsupp.ps_partkey"], "Plans": [{"Node Type": "Nested Loop", "Parent Relationship": "Outer", "Parallel Aware": false, "Join Type": "Inner", "Startup Cost": 45.19, "Total Cost": 21416.39, "Plan Rows": 319984, "Plan Width": 14, "Inner Unique": false, "Plans": [{"Node Type": "Nested Loop", "Parent Relationship": "Outer", "Parallel Aware": false, "Join Type": "Inner", "Startup Cost": 44.76, "Total Cost": 2246.92, "Plan Rows": 4000, "Plan Width": 4, "Inner Unique": false, "Plans": [{"Node Type": "Index Scan", "Parent Relationship": "Outer", "Parallel Aware": false, "Scan Direction": "Forward", "Index Name": "nation_pkey", "Relation Name": "nation", "Alias": "nation", "Startup Cost": 0.14, "Total Cost": 3.88, "Plan Rows": 1, "Plan Width": 4, "Filter": "(n_name = 'SAUDI ARABIA'::bpchar)"}, {"Node Type": "Bitmap Heap Scan", "Parent Relationship": "Inner", "Parallel Aware": false, "Relation Name": "supplier", "Alias": "supplier", "Startup Cost": 44.62, "Total Cost": 2203.05, "Plan Rows": 4000, "Plan Width": 8, "Recheck Cond": "(s_nationkey = nation.n_nationkey)", "Plans": [{"Node Type": "Bitmap Index Scan", "Parent Relationship": "Outer", "Parallel Aware": false, "Index Name": "idx_supplier_nation_key", "Startup Cost": 0.0, "Total Cost": 43.62, "Plan Rows": 4000, "Plan Width": 0, "Index Cond": "(s_nationkey = nation.n_nationkey)"}]}]}, {"Node Type": "Index Scan", "Parent Relationship": "Inner", "Parallel Aware": false, "Scan Direction": "Forward", "Index Name": "idx_partsupp_suppkey", "Relation Name": "partsupp", "Alias": "partsupp", "Startup Cost": 0.43, "Total Cost": 3.99, "Plan Rows": 80, "Plan Width": 18, "Index Cond": "(ps_suppkey = supplier.s_suppkey)"}]}]}]}]}]}}, {"Plan": {"Node Type": "Limit", "Parallel Aware": false, "Startup Cost": 79879.71, "Total Cost": 79879.71, "Plan Rows": 1, "Plan Width": 36, "Plans": [{"Node Type": "Aggregate", "Strategy": "Plain", "Partial Mode": "Finalize", "Parent Relationship": "InitPlan", "Subplan Name": "InitPlan 1 (returns $2)", "Parallel Aware": false, "Startup Cost": 16674.4, "Total Cost": 16674.41, "Plan Rows": 1, "Plan Width": 32, "Plans": [{"Node Type": "Gather", "Parent Relationship": "Outer", "Parallel Aware": false, "Startup Cost": 16674.28, "Total Cost": 16674.39, "Plan Rows": 1, "Plan Width": 32, "Workers Planned": 1, "Single Copy": false, "Plans": [{"Node Type": "Aggregate", "Strategy": "Plain", "Partial Mode": "Partial", "Parent Relationship": "Outer", "Parallel Aware": false, "Startup Cost": 15674.28, "Total Cost": 15674.29, "Plan Rows": 1, "Plan Width": 32, "Plans": [{"Node Type": "Nested Loop", "Parent Relationship": "Outer", "Parallel Aware": false, "Join Type": "Inner", "Startup Cost": 1.76, "Total Cost": 14262.59, "Plan Rows": 188226, "Plan Width": 10, "Inner Unique": false, "Plans": [{"Node Type": "Hash Join", "Parent Relationship": "Outer", "Parallel Aware": false, "Join Type": "Inner", "Startup Cost": 1.32, "Total Cost": 2986.15, "Plan Rows": 2353, "Plan Width": 4, "Inner Unique": true, "Hash Cond": "(supplier_1.s_nationkey = nation_1.n_nationkey)", "Plans": [{"Node Type": "Seq Scan", "Parent Relationship": "Outer", "Parallel Aware": true, "Relation Name": "supplier", "Alias": "supplier_1", "Startup Cost": 0.0, "Total Cost": 2804.24, "Plan Rows": 58824, "Plan Width": 8}, {"Node Type": "Hash", "Parent Relationship": "Inner", "Parallel Aware": false, "Startup Cost": 1.31, "Total Cost": 1.31, "Plan Rows": 1, "Plan Width": 4, "Plans": [{"Node Type": "Seq Scan", "Parent Relationship": "Outer", "Parallel Aware": false, "Relation Name": "nation", "Alias": "nation_1", "Startup Cost": 0.0, "Total Cost": 1.31, "Plan Rows": 1, "Plan Width": 4, "Filter": "(n_name = 'SAUDI ARABIA'::bpchar)"}]}]}, {"Node Type": "Index Scan", "Parent Relationship": "Inner", "Parallel Aware": false, "Scan Direction": "Forward", "Index Name": "idx_partsupp_suppkey", "Relation Name": "partsupp", "Alias": "partsupp_1", "Startup Cost": 0.43, "Total Cost": 3.99, "Plan Rows": 80, "Plan Width": 14, "Index Cond": "(ps_suppkey = supplier_1.s_suppkey)"}]}]}]}]}, {"Node Type": "Sort", "Parent Relationship": "Outer", "Parallel Aware": false, "Startup Cost": 63205.29, "Total Cost": 63471.94, "Plan Rows": 106661, "Plan Width": 36, "Sort Key": ["(sum((partsupp.ps_supplycost * (partsupp.ps_availqty)::numeric))) DESC"], "Plans": [{"Node Type": "Aggregate", "Strategy": "Sorted", "Partial Mode": "Simple", "Parent Relationship": "Outer", "Parallel Aware": false, "Startup Cost": 50672.59, "Total Cost": 62671.99, "Plan Rows": 106661, "Plan Width": 36, "Group Key": ["partsupp.ps_partkey"], "Filter": "(sum((partsupp.ps_supplycost * (partsupp.ps_availqty)::numeric)) > $2)", "Plans": [{"Node Type": "Sort", "Parent Relationship": "Outer", "Parallel Aware": false, "Startup Cost": 50672.59, "Total Cost": 51472.55, "Plan Rows": 319984, "Plan Width": 14, "Sort Key": ["partsupp.ps_partkey"], "Plans": [{"Node Type": "Nested Loop", "Parent Relationship": "Outer", "Parallel Aware": false, "Join Type": "Inner", "Startup Cost": 45.05, "Total Cost": 21413.83, "Plan Rows": 319984, "Plan Width": 14, "Inner Unique": false, "Plans": [{"Node Type": "Nested Loop", "Parent Relationship": "Outer", "Parallel Aware": false, "Join Type": "Inner", "Startup Cost": 44.62, "Total Cost": 2244.36, "Plan Rows": 4000, "Plan Width": 4, "Inner Unique": false, "Plans": [{"Node Type": "Seq Scan", "Parent Relationship": "Outer", "Parallel Aware": false, "Relation Name": "nation", "Alias": "nation", "Startup Cost": 0.0, "Total Cost": 1.31, "Plan Rows": 1, "Plan Width": 4, "Filter": "(n_name = 'SAUDI ARABIA'::bpchar)"}, {"Node Type": "Bitmap Heap Scan", "Parent Relationship": "Inner", "Parallel Aware": false, "Relation Name": "supplier", "Alias": "supplier", "Startup Cost": 44.62, "Total Cost": 2203.05, "Plan Rows": 4000, "Plan Width": 8, "Recheck Cond": "(s_nationkey = nation.n_nationkey)", "Plans": [{"Node Type": "Bitmap Index Scan", "Parent Relationship": "Outer", "Parallel Aware": false, "Index Name": "idx_supplier_nation_key", "Startup Cost": 0.0, "Total Cost": 43.62, "Plan Rows": 4000, "Plan Width": 0, "Index Cond": "(s_nationkey = nation.n_nationkey)"}]}]}, {"Node Type": "Index Scan", "Parent Relationship": "Inner", "Parallel Aware": false, "Scan Direction": "Forward", "Index Name": "idx_partsupp_suppkey", "Relation Name": "partsupp", "Alias": "partsupp", "Startup Cost": 0.43, "Total Cost": 3.99, "Plan Rows": 80, "Plan Width": 18, "Index Cond": "(ps_suppkey = supplier.s_suppkey)"}]}]}]}]}]}}, {"Plan": {"Node Type": "Limit", "Parallel Aware": false, "Startup Cost": 487321.46, "Total Cost": 487321.46, "Plan Rows": 1, "Plan Width": 36, "Plans": [{"Node Type": "Aggregate", "Strategy": "Plain", "Partial Mode": "Finalize", "Parent Relationship": "InitPlan", "Subplan Name": "InitPlan 1 (returns $1)", "Parallel Aware": false, "Startup Cost": 215265.12, "Total Cost": 215265.13, "Plan Rows": 1, "Plan Width": 32, "Plans": [{"Node Type": "Gather", "Parent Relationship": "Outer", "Parallel Aware": false, "Startup Cost": 215264.79, "Total Cost": 215265.1, "Plan Rows": 3, "Plan Width": 32, "Workers Planned": 3, "Single Copy": false, "Plans": [{"Node Type": "Aggregate", "Strategy": "Plain", "Partial Mode": "Partial", "Parent Relationship": "Outer", "Parallel Aware": false, "Startup Cost": 214264.79, "Total Cost": 214264.8, "Plan Rows": 1, "Plan Width": 32, "Plans": [{"Node Type": "Hash Join", "Parent Relationship": "Outer", "Parallel Aware": true, "Join Type": "Inner", "Startup Cost": 3015.56, "Total Cost": 213490.63, "Plan Rows": 103221, "Plan Width": 10, "Inner Unique": false, "Hash Cond": "(partsupp_1.ps_suppkey = supplier_1.s_suppkey)", "Plans": [{"Node Type": "Seq Scan", "Parent Relationship": "Outer", "Parallel Aware": true, "Relation Name": "partsupp", "Alias": "partsupp_1", "Startup Cost": 0.0, "Total Cost": 200191.16, "Plan Rows": 2580516, "Plan Width": 14}, {"Node Type": "Hash", "Parent Relationship": "Inner", "Parallel Aware": true, "Startup Cost": 2986.15, "Total Cost": 2986.15, "Plan Rows": 2353, "Plan Width": 4, "Plans": [{"Node Type": "Hash Join", "Parent Relationship": "Outer", "Parallel Aware": false, "Join Type": "Inner", "Startup Cost": 1.32, "Total Cost": 2986.15, "Plan Rows": 2353, "Plan Width": 4, "Inner Unique": true, "Hash Cond": "(supplier_1.s_nationkey = nation_1.n_nationkey)", "Plans": [{"Node Type": "Seq Scan", "Parent Relationship": "Outer", "Parallel Aware": true, "Relation Name": "supplier", "Alias": "supplier_1", "Startup Cost": 0.0, "Total Cost": 2804.24, "Plan Rows": 58824, "Plan Width": 8}, {"Node Type": "Hash", "Parent Relationship": "Inner", "Parallel Aware": false, "Startup Cost": 1.31, "Total Cost": 1.31, "Plan Rows": 1, "Plan Width": 4, "Plans": [{"Node Type": "Seq Scan", "Parent Relationship": "Outer", "Parallel Aware": false, "Relation Name": "nation", "Alias": "nation_1", "Startup Cost": 0.0, "Total Cost": 1.31, "Plan Rows": 1, "Plan Width": 4, "Filter": "(n_name = 'SAUDI ARABIA'::bpchar)"}]}]}]}]}]}]}]}, {"Node Type": "Sort", "Parent Relationship": "Outer", "Parallel Aware": false, "Startup Cost": 272056.33, "Total Cost": 272322.99, "Plan Rows": 106661, "Plan Width": 36, "Sort Key": ["(sum((partsupp.ps_supplycost * (partsupp.ps_availqty)::numeric))) DESC"], "Plans": [{"Node Type": "Aggregate", "Strategy": "Sorted", "Partial Mode": "Finalize", "Parent Relationship": "Outer", "Parallel Aware": false, "Startup Cost": 223086.59, "Total Cost": 271523.03, "Plan Rows": 106661, "Plan Width": 36, "Group Key": ["partsupp.ps_partkey"], "Filter": "(sum((partsupp.ps_supplycost * (partsupp.ps_availqty)::numeric)) > $1)", "Plans": [{"Node Type": "Gather Merge", "Parent Relationship": "Outer", "Parallel Aware": false, "Startup Cost": 223086.59, "Total Cost": 262052.52, "Plan Rows": 309663, "Plan Width": 36, "Workers Planned": 3, "Plans": [{"Node Type": "Aggregate", "Strategy": "Sorted", "Partial Mode": "Partial", "Parent Relationship": "Outer", "Parallel Aware": false, "Startup Cost": 222086.55, "Total Cost": 224667.08, "Plan Rows": 103221, "Plan Width": 36, "Group Key": ["partsupp.ps_partkey"], "Plans": [{"Node Type": "Sort", "Parent Relationship": "Outer", "Parallel Aware": false, "Startup Cost": 222086.55, "Total Cost": 222344.61, "Plan Rows": 103221, "Plan Width": 14, "Sort Key": ["partsupp.ps_partkey"], "Plans": [{"Node Type": "Hash Join", "Parent Relationship": "Outer", "Parallel Aware": true, "Join Type": "Inner", "Startup Cost": 3015.56, "Total Cost": 213490.63, "Plan Rows": 103221, "Plan Width": 14, "Inner Unique": false, "Hash Cond": "(partsupp.ps_suppkey = supplier.s_suppkey)", "Plans": [{"Node Type": "Seq Scan", "Parent Relationship": "Outer", "Parallel Aware": true, "Relation Name": "partsupp", "Alias": "partsupp", "Startup Cost": 0.0, "Total Cost": 200191.16, "Plan Rows": 2580516, "Plan Width": 18}, {"Node Type": "Hash", "Parent Relationship": "Inner", "Parallel Aware": true, "Startup Cost": 2986.15, "Total Cost": 2986.15, "Plan Rows": 2353, "Plan Width": 4, "Plans": [{"Node Type": "Hash Join", "Parent Relationship": "Outer", "Parallel Aware": false, "Join Type": "Inner", "Startup Cost": 1.32, "Total Cost": 2986.15, "Plan Rows": 2353, "Plan Width": 4, "Inner Unique": true, "Hash Cond": "(supplier.s_nationkey = nation.n_nationkey)", "Plans": [{"Node Type": "Seq Scan", "Parent Relationship": "Outer", "Parallel Aware": true, "Relation Name": "supplier", "Alias": "supplier", "Startup Cost": 0.0, "Total Cost": 2804.24, "Plan Rows": 58824, "Plan Width": 8}, {"Node Type": "Hash", "Parent Relationship": "Inner", "Parallel Aware": false, "Startup Cost": 1.31, "Total Cost": 1.31, "Plan Rows": 1, "Plan Width": 4, "Plans": [{"Node Type": "Seq Scan", "Parent Relationship": "Outer", "Parallel Aware": false, "Relation Name": "nation", "Alias": "nation", "Startup Cost": 0.0, "Total Cost": 1.31, "Plan Rows": 1, "Plan Width": 4, "Filter": "(n_name = 'SAUDI ARABIA'::bpchar)"}]}]}]}]}]}]}]}]}]}]}}, {"Plan": {"Node Type": "Limit", "Parallel Aware": false, "Startup Cost": 80688.93, "Total Cost": 80688.93, "Plan Rows": 1, "Plan Width": 36, "Plans": [{"Node Type": "Aggregate", "Strategy": "Plain", "Partial Mode": "Finalize", "Parent Relationship": "InitPlan", "Subplan Name": "InitPlan 1 (returns $2)", "Parallel Aware": false, "Startup Cost": 17481.06, "Total Cost": 17481.08, "Plan Rows": 1, "Plan Width": 32, "Plans": [{"Node Type": "Gather", "Parent Relationship": "Outer", "Parallel Aware": false, "Startup Cost": 17480.95, "Total Cost": 17481.06, "Plan Rows": 1, "Plan Width": 32, "Workers Planned": 1, "Single Copy": false, "Plans": [{"Node Type": "Aggregate", "Strategy": "Plain", "Partial Mode": "Partial", "Parent Relationship": "Outer", "Parallel Aware": false, "Startup Cost": 16480.95, "Total Cost": 16480.96, "Plan Rows": 1, "Plan Width": 32, "Plans": [{"Node Type": "Nested Loop", "Parent Relationship": "Outer", "Parallel Aware": false, "Join Type": "Inner", "Startup Cost": 4.61, "Total Cost": 15069.25, "Plan Rows": 188226, "Plan Width": 10, "Inner Unique": false, "Plans": [{"Node Type": "Hash Join", "Parent Relationship": "Outer", "Parallel Aware": false, "Join Type": "Inner", "Startup Cost": 4.18, "Total Cost": 3792.81, "Plan Rows": 2353, "Plan Width": 4, "Inner Unique": true, "Hash Cond": "(supplier_1.s_nationkey = nation_1.n_nationkey)", "Plans": [{"Node Type": "Index Scan", "Parent Relationship": "Outer", "Parallel Aware": true, "Scan Direction": "Forward", "Index Name": "supplier_pkey", "Relation Name": "supplier", "Alias": "supplier_1", "Startup Cost": 0.29, "Total Cost": 3608.33, "Plan Rows": 58824, "Plan Width": 8}, {"Node Type": "Hash", "Parent Relationship": "Inner", "Parallel Aware": false, "Startup Cost": 3.88, "Total Cost": 3.88, "Plan Rows": 1, "Plan Width": 4, "Plans": [{"Node Type": "Index Scan", "Parent Relationship": "Outer", "Parallel Aware": false, "Scan Direction": "Forward", "Index Name": "nation_pkey", "Relation Name": "nation", "Alias": "nation_1", "Startup Cost": 0.14, "Total Cost": 3.88, "Plan Rows": 1, "Plan Width": 4, "Filter": "(n_name = 'SAUDI ARABIA'::bpchar)"}]}]}, {"Node Type": "Index Scan", "Parent Relationship": "Inner", "Parallel Aware": false, "Scan Direction": "Forward", "Index Name": "idx_partsupp_suppkey", "Relation Name": "partsupp", "Alias": "partsupp_1", "Startup Cost": 0.43, "Total Cost": 3.99, "Plan Rows": 80, "Plan Width": 14, "Index Cond": "(ps_suppkey = supplier_1.s_suppkey)"}]}]}]}]}, {"Node Type": "Sort", "Parent Relationship": "Outer", "Parallel Aware": false, "Startup Cost": 63207.85, "Total Cost": 63474.51, "Plan Rows": 106661, "Plan Width": 36, "Sort Key": ["(sum((partsupp.ps_supplycost * (partsupp.ps_availqty)::numeric))) DESC"], "Plans": [{"Node Type": "Aggregate", "Strategy": "Sorted", "Partial Mode": "Simple", "Parent Relationship": "Outer", "Parallel Aware": false, "Startup Cost": 50675.15, "Total Cost": 62674.55, "Plan Rows": 106661, "Plan Width": 36, "Group Key": ["partsupp.ps_partkey"], "Filter": "(sum((partsupp.ps_supplycost * (partsupp.ps_availqty)::numeric)) > $2)", "Plans": [{"Node Type": "Sort", "Parent Relationship": "Outer", "Parallel Aware": false, "Startup Cost": 50675.15, "Total Cost": 51475.11, "Plan Rows": 319984, "Plan Width": 14, "Sort Key": ["partsupp.ps_partkey"], "Plans": [{"Node Type": "Nested Loop", "Parent Relationship": "Outer", "Parallel Aware": false, "Join Type": "Inner", "Startup Cost": 45.19, "Total Cost": 21416.39, "Plan Rows": 319984, "Plan Width": 14, "Inner Unique": false, "Plans": [{"Node Type": "Nested Loop", "Parent Relationship": "Outer", "Parallel Aware": false, "Join Type": "Inner", "Startup Cost": 44.76, "Total Cost": 2246.92, "Plan Rows": 4000, "Plan Width": 4, "Inner Unique": false, "Plans": [{"Node Type": "Index Scan", "Parent Relationship": "Outer", "Parallel Aware": false, "Scan Direction": "Forward", "Index Name": "nation_pkey", "Relation Name": "nation", "Alias": "nation", "Startup Cost": 0.14, "Total Cost": 3.88, "Plan Rows": 1, "Plan Width": 4, "Filter": "(n_name = 'SAUDI ARABIA'::bpchar)"}, {"Node Type": "Bitmap Heap Scan", "Parent Relationship": "Inner", "Parallel Aware": false, "Relation Name": "supplier", "Alias": "supplier", "Startup Cost": 44.62, "Total Cost": 2203.05, "Plan Rows": 4000, "Plan Width": 8, "Recheck Cond": "(s_nationkey = nation.n_nationkey)", "Plans": [{"Node Type": "Bitmap Index Scan", "Parent Relationship": "Outer", "Parallel Aware": false, "Index Name": "idx_supplier_nation_key", "Startup Cost": 0.0, "Total Cost": 43.62, "Plan Rows": 4000, "Plan Width": 0, "Index Cond": "(s_nationkey = nation.n_nationkey)"}]}]}, {"Node Type": "Index Scan", "Parent Relationship": "Inner", "Parallel Aware": false, "Scan Direction": "Forward", "Index Name": "idx_partsupp_suppkey", "Relation Name": "partsupp", "Alias": "partsupp", "Startup Cost": 0.43, "Total Cost": 3.99, "Plan Rows": 80, "Plan Width": 18, "Index Cond": "(ps_suppkey = supplier.s_suppkey)"}]}]}]}]}]}}, {"Plan": {"Node Type": "Limit", "Parallel Aware": false, "Startup Cost": 79879.71, "Total Cost": 79879.71, "Plan Rows": 1, "Plan Width": 36, "Plans": [{"Node Type": "Aggregate", "Strategy": "Plain", "Partial Mode": "Finalize", "Parent Relationship": "InitPlan", "Subplan Name": "InitPlan 1 (returns $2)", "Parallel Aware": false, "Startup Cost": 16674.4, "Total Cost": 16674.41, "Plan Rows": 1, "Plan Width": 32, "Plans": [{"Node Type": "Gather", "Parent Relationship": "Outer", "Parallel Aware": false, "Startup Cost": 16674.28, "Total Cost": 16674.39, "Plan Rows": 1, "Plan Width": 32, "Workers Planned": 1, "Single Copy": false, "Plans": [{"Node Type": "Aggregate", "Strategy": "Plain", "Partial Mode": "Partial", "Parent Relationship": "Outer", "Parallel Aware": false, "Startup Cost": 15674.28, "Total Cost": 15674.29, "Plan Rows": 1, "Plan Width": 32, "Plans": [{"Node Type": "Nested Loop", "Parent Relationship": "Outer", "Parallel Aware": false, "Join Type": "Inner", "Startup Cost": 1.76, "Total Cost": 14262.59, "Plan Rows": 188226, "Plan Width": 10, "Inner Unique": false, "Plans": [{"Node Type": "Hash Join", "Parent Relationship": "Outer", "Parallel Aware": false, "Join Type": "Inner", "Startup Cost": 1.32, "Total Cost": 2986.15, "Plan Rows": 2353, "Plan Width": 4, "Inner Unique": true, "Hash Cond": "(supplier_1.s_nationkey = nation_1.n_nationkey)", "Plans": [{"Node Type": "Seq Scan", "Parent Relationship": "Outer", "Parallel Aware": true, "Relation Name": "supplier", "Alias": "supplier_1", "Startup Cost": 0.0, "Total Cost": 2804.24, "Plan Rows": 58824, "Plan Width": 8}, {"Node Type": "Hash", "Parent Relationship": "Inner", "Parallel Aware": false, "Startup Cost": 1.31, "Total Cost": 1.31, "Plan Rows": 1, "Plan Width": 4, "Plans": [{"Node Type": "Seq Scan", "Parent Relationship": "Outer", "Parallel Aware": false, "Relation Name": "nation", "Alias": "nation_1", "Startup Cost": 0.0, "Total Cost": 1.31, "Plan Rows": 1, "Plan Width": 4, "Filter": "(n_name = 'SAUDI ARABIA'::bpchar)"}]}]}, {"Node Type": "Index Scan", "Parent Relationship": "Inner", "Parallel Aware": false, "Scan Direction": "Forward", "Index Name": "idx_partsupp_suppkey", "Relation Name": "partsupp", "Alias": "partsupp_1", "Startup Cost": 0.43, "Total Cost": 3.99, "Plan Rows": 80, "Plan Width": 14, "Index Cond": "(ps_suppkey = supplier_1.s_suppkey)"}]}]}]}]}, {"Node Type": "Sort", "Parent Relationship": "Outer", "Parallel Aware": false, "Startup Cost": 63205.29, "Total Cost": 63471.94, "Plan Rows": 106661, "Plan Width": 36, "Sort Key": ["(sum((partsupp.ps_supplycost * (partsupp.ps_availqty)::numeric))) DESC"], "Plans": [{"Node Type": "Aggregate", "Strategy": "Sorted", "Partial Mode": "Simple", "Parent Relationship": "Outer", "Parallel Aware": false, "Startup Cost": 50672.59, "Total Cost": 62671.99, "Plan Rows": 106661, "Plan Width": 36, "Group Key": ["partsupp.ps_partkey"], "Filter": "(sum((partsupp.ps_supplycost * (partsupp.ps_availqty)::numeric)) > $2)", "Plans": [{"Node Type": "Sort", "Parent Relationship": "Outer", "Parallel Aware": false, "Startup Cost": 50672.59, "Total Cost": 51472.55, "Plan Rows": 319984, "Plan Width": 14, "Sort Key": ["partsupp.ps_partkey"], "Plans": [{"Node Type": "Nested Loop", "Parent Relationship": "Outer", "Parallel Aware": false, "Join Type": "Inner", "Startup Cost": 45.05, "Total Cost": 21413.83, "Plan Rows": 319984, "Plan Width": 14, "Inner Unique": false, "Plans": [{"Node Type": "Nested Loop", "Parent Relationship": "Outer", "Parallel Aware": false, "Join Type": "Inner", "Startup Cost": 44.62, "Total Cost": 2244.36, "Plan Rows": 4000, "Plan Width": 4, "Inner Unique": false, "Plans": [{"Node Type": "Seq Scan", "Parent Relationship": "Outer", "Parallel Aware": false, "Relation Name": "nation", "Alias": "nation", "Startup Cost": 0.0, "Total Cost": 1.31, "Plan Rows": 1, "Plan Width": 4, "Filter": "(n_name = 'SAUDI ARABIA'::bpchar)"}, {"Node Type": "Bitmap Heap Scan", "Parent Relationship": "Inner", "Parallel Aware": false, "Relation Name": "supplier", "Alias": "supplier", "Startup Cost": 44.62, "Total Cost": 2203.05, "Plan Rows": 4000, "Plan Width": 8, "Recheck Cond": "(s_nationkey = nation.n_nationkey)", "Plans": [{"Node Type": "Bitmap Index Scan", "Parent Relationship": "Outer", "Parallel Aware": false, "Index Name": "idx_supplier_nation_key", "Startup Cost": 0.0, "Total Cost": 43.62, "Plan Rows": 4000, "Plan Width": 0, "Index Cond": "(s_nationkey = nation.n_nationkey)"}]}]}, {"Node Type": "Index Scan", "Parent Relationship": "Inner", "Parallel Aware": false, "Scan Direction": "Forward", "Index Name": "idx_partsupp_suppkey", "Relation Name": "partsupp", "Alias": "partsupp", "Startup Cost": 0.43, "Total Cost": 3.99, "Plan Rows": 80, "Plan Width": 18, "Index Cond": "(ps_suppkey = supplier.s_suppkey)"}]}]}]}]}]}}, {"Plan": {"Node Type": "Limit", "Parallel Aware": false, "Startup Cost": 487321.46, "Total Cost": 487321.46, "Plan Rows": 1, "Plan Width": 36, "Plans": [{"Node Type": "Aggregate", "Strategy": "Plain", "Partial Mode": "Finalize", "Parent Relationship": "InitPlan", "Subplan Name": "InitPlan 1 (returns $1)", "Parallel Aware": false, "Startup Cost": 215265.12, "Total Cost": 215265.13, "Plan Rows": 1, "Plan Width": 32, "Plans": [{"Node Type": "Gather", "Parent Relationship": "Outer", "Parallel Aware": false, "Startup Cost": 215264.79, "Total Cost": 215265.1, "Plan Rows": 3, "Plan Width": 32, "Workers Planned": 3, "Single Copy": false, "Plans": [{"Node Type": "Aggregate", "Strategy": "Plain", "Partial Mode": "Partial", "Parent Relationship": "Outer", "Parallel Aware": false, "Startup Cost": 214264.79, "Total Cost": 214264.8, "Plan Rows": 1, "Plan Width": 32, "Plans": [{"Node Type": "Hash Join", "Parent Relationship": "Outer", "Parallel Aware": true, "Join Type": "Inner", "Startup Cost": 3015.56, "Total Cost": 213490.63, "Plan Rows": 103221, "Plan Width": 10, "Inner Unique": false, "Hash Cond": "(partsupp_1.ps_suppkey = supplier_1.s_suppkey)", "Plans": [{"Node Type": "Seq Scan", "Parent Relationship": "Outer", "Parallel Aware": true, "Relation Name": "partsupp", "Alias": "partsupp_1", "Startup Cost": 0.0, "Total Cost": 200191.16, "Plan Rows": 2580516, "Plan Width": 14}, {"Node Type": "Hash", "Parent Relationship": "Inner", "Parallel Aware": true, "Startup Cost": 2986.15, "Total Cost": 2986.15, "Plan Rows": 2353, "Plan Width": 4, "Plans": [{"Node Type": "Hash Join", "Parent Relationship": "Outer", "Parallel Aware": false, "Join Type": "Inner", "Startup Cost": 1.32, "Total Cost": 2986.15, "Plan Rows": 2353, "Plan Width": 4, "Inner Unique": true, "Hash Cond": "(supplier_1.s_nationkey = nation_1.n_nationkey)", "Plans": [{"Node Type": "Seq Scan", "Parent Relationship": "Outer", "Parallel Aware": true, "Relation Name": "supplier", "Alias": "supplier_1", "Startup Cost": 0.0, "Total Cost": 2804.24, "Plan Rows": 58824, "Plan Width": 8}, {"Node Type": "Hash", "Parent Relationship": "Inner", "Parallel Aware": false, "Startup Cost": 1.31, "Total Cost": 1.31, "Plan Rows": 1, "Plan Width": 4, "Plans": [{"Node Type": "Seq Scan", "Parent Relationship": "Outer", "Parallel Aware": false, "Relation Name": "nation", "Alias": "nation_1", "Startup Cost": 0.0, "Total Cost": 1.31, "Plan Rows": 1, "Plan Width": 4, "Filter": "(n_name = 'SAUDI ARABIA'::bpchar)"}]}]}]}]}]}]}]}, {"Node Type": "Sort", "Parent Relationship": "Outer", "Parallel Aware": false, "Startup Cost": 272056.33, "Total Cost": 272322.99, "Plan Rows": 106661, "Plan Width": 36, "Sort Key": ["(sum((partsupp.ps_supplycost * (partsupp.ps_availqty)::numeric))) DESC"], "Plans": [{"Node Type": "Aggregate", "Strategy": "Sorted", "Partial Mode": "Finalize", "Parent Relationship": "Outer", "Parallel Aware": false, "Startup Cost": 223086.59, "Total Cost": 271523.03, "Plan Rows": 106661, "Plan Width": 36, "Group Key": ["partsupp.ps_partkey"], "Filter": "(sum((partsupp.ps_supplycost * (partsupp.ps_availqty)::numeric)) > $1)", "Plans": [{"Node Type": "Gather Merge", "Parent Relationship": "Outer", "Parallel Aware": false, "Startup Cost": 223086.59, "Total Cost": 262052.52, "Plan Rows": 309663, "Plan Width": 36, "Workers Planned": 3, "Plans": [{"Node Type": "Aggregate", "Strategy": "Sorted", "Partial Mode": "Partial", "Parent Relationship": "Outer", "Parallel Aware": false, "Startup Cost": 222086.55, "Total Cost": 224667.08, "Plan Rows": 103221, "Plan Width": 36, "Group Key": ["partsupp.ps_partkey"], "Plans": [{"Node Type": "Sort", "Parent Relationship": "Outer", "Parallel Aware": false, "Startup Cost": 222086.55, "Total Cost": 222344.61, "Plan Rows": 103221, "Plan Width": 14, "Sort Key": ["partsupp.ps_partkey"], "Plans": [{"Node Type": "Hash Join", "Parent Relationship": "Outer", "Parallel Aware": true, "Join Type": "Inner", "Startup Cost": 3015.56, "Total Cost": 213490.63, "Plan Rows": 103221, "Plan Width": 14, "Inner Unique": false, "Hash Cond": "(partsupp.ps_suppkey = supplier.s_suppkey)", "Plans": [{"Node Type": "Seq Scan", "Parent Relationship": "Outer", "Parallel Aware": true, "Relation Name": "partsupp", "Alias": "partsupp", "Startup Cost": 0.0, "Total Cost": 200191.16, "Plan Rows": 2580516, "Plan Width": 18}, {"Node Type": "Hash", "Parent Relationship": "Inner", "Parallel Aware": true, "Startup Cost": 2986.15, "Total Cost": 2986.15, "Plan Rows": 2353, "Plan Width": 4, "Plans": [{"Node Type": "Hash Join", "Parent Relationship": "Outer", "Parallel Aware": false, "Join Type": "Inner", "Startup Cost": 1.32, "Total Cost": 2986.15, "Plan Rows": 2353, "Plan Width": 4, "Inner Unique": true, "Hash Cond": "(supplier.s_nationkey = nation.n_nationkey)", "Plans": [{"Node Type": "Seq Scan", "Parent Relationship": "Outer", "Parallel Aware": true, "Relation Name": "supplier", "Alias": "supplier", "Startup Cost": 0.0, "Total Cost": 2804.24, "Plan Rows": 58824, "Plan Width": 8}, {"Node Type": "Hash", "Parent Relationship": "Inner", "Parallel Aware": false, "Startup Cost": 1.31, "Total Cost": 1.31, "Plan Rows": 1, "Plan Width": 4, "Plans": [{"Node Type": "Seq Scan", "Parent Relationship": "Outer", "Parallel Aware": false, "Relation Name": "nation", "Alias": "nation", "Startup Cost": 0.0, "Total Cost": 1.31, "Plan Rows": 1, "Plan Width": 4, "Filter": "(n_name = 'SAUDI ARABIA'::bpchar)"}]}]}]}]}]}]}]}]}]}]}}, {"Plan": {"Node Type": "Limit", "Parallel Aware": false, "Startup Cost": 83063.16, "Total Cost": 83063.16, "Plan Rows": 1, "Plan Width": 36, "Plans": [{"Node Type": "Aggregate", "Strategy": "Plain", "Partial Mode": "Finalize", "Parent Relationship": "InitPlan", "Subplan Name": "InitPlan 1 (returns $2)", "Parallel Aware": false, "Startup Cost": 17853.48, "Total Cost": 17853.49, "Plan Rows": 1, "Plan Width": 32, "Plans": [{"Node Type": "Gather", "Parent Relationship": "Outer", "Parallel Aware": false, "Startup Cost": 17853.36, "Total Cost": 17853.47, "Plan Rows": 1, "Plan Width": 32, "Workers Planned": 1, "Single Copy": false, "Plans": [{"Node Type": "Aggregate", "Strategy": "Plain", "Partial Mode": "Partial", "Parent Relationship": "Outer", "Parallel Aware": false, "Startup Cost": 16853.36, "Total Cost": 16853.37, "Plan Rows": 1, "Plan Width": 32, "Plans": [{"Node Type": "Nested Loop", "Parent Relationship": "Outer", "Parallel Aware": false, "Join Type": "Inner", "Startup Cost": 2.62, "Total Cost": 15441.66, "Plan Rows": 188226, "Plan Width": 10, "Inner Unique": false, "Plans": [{"Node Type": "Hash Join", "Parent Relationship": "Outer", "Parallel Aware": false, "Join Type": "Inner", "Startup Cost": 1.32, "Total Cost": 2986.15, "Plan Rows": 2353, "Plan Width": 4, "Inner Unique": true, "Hash Cond": "(supplier_1.s_nationkey = nation_1.n_nationkey)", "Plans": [{"Node Type": "Seq Scan", "Parent Relationship": "Outer", "Parallel Aware": true, "Relation Name": "supplier", "Alias": "supplier_1", "Startup Cost": 0.0, "Total Cost": 2804.24, "Plan Rows": 58824, "Plan Width": 8}, {"Node Type": "Hash", "Parent Relationship": "Inner", "Parallel Aware": false, "Startup Cost": 1.31, "Total Cost": 1.31, "Plan Rows": 1, "Plan Width": 4, "Plans": [{"Node Type": "Seq Scan", "Parent Relationship": "Outer", "Parallel Aware": false, "Relation Name": "nation", "Alias": "nation_1", "Startup Cost": 0.0, "Total Cost": 1.31, "Plan Rows": 1, "Plan Width": 4, "Filter": "(n_name = 'SAUDI ARABIA'::bpchar)"}]}]}, {"Node Type": "Bitmap Heap Scan", "Parent Relationship": "Inner", "Parallel Aware": false, "Relation Name": "partsupp", "Alias": "partsupp_1", "Startup Cost": 1.29, "Total Cost": 4.49, "Plan Rows": 80, "Plan Width": 14, "Recheck Cond": "(ps_suppkey = supplier_1.s_suppkey)", "Plans": [{"Node Type": "Bitmap Index Scan", "Parent Relationship": "Outer", "Parallel Aware": false, "Index Name": "idx_partsupp_suppkey", "Startup Cost": 0.0, "Total Cost": 1.27, "Plan Rows": 80, "Plan Width": 0, "Index Cond": "(ps_suppkey = supplier_1.s_suppkey)"}]}]}]}]}]}, {"Node Type": "Sort", "Parent Relationship": "Outer", "Parallel Aware": false, "Startup Cost": 65209.67, "Total Cost": 65476.32, "Plan Rows": 106661, "Plan Width": 36, "Sort Key": ["(sum((partsupp.ps_supplycost * (partsupp.ps_availqty)::numeric))) DESC"], "Plans": [{"Node Type": "Aggregate", "Strategy": "Sorted", "Partial Mode": "Simple", "Parent Relationship": "Outer", "Parallel Aware": false, "Startup Cost": 52676.96, "Total Cost": 64676.36, "Plan Rows": 106661, "Plan Width": 36, "Group Key": ["partsupp.ps_partkey"], "Filter": "(sum((partsupp.ps_supplycost * (partsupp.ps_availqty)::numeric)) > $2)", "Plans": [{"Node Type": "Sort", "Parent Relationship": "Outer", "Parallel Aware": false, "Startup Cost": 52676.96, "Total Cost": 53476.92, "Plan Rows": 319984, "Plan Width": 14, "Sort Key": ["partsupp.ps_partkey"], "Plans": [{"Node Type": "Nested Loop", "Parent Relationship": "Outer", "Parallel Aware": false, "Join Type": "Inner", "Startup Cost": 45.91, "Total Cost": 23418.2, "Plan Rows": 319984, "Plan Width": 14, "Inner Unique": false, "Plans": [{"Node Type": "Nested Loop", "Parent Relationship": "Outer", "Parallel Aware": false, "Join Type": "Inner", "Startup Cost": 44.62, "Total Cost": 2244.36, "Plan Rows": 4000, "Plan Width": 4, "Inner Unique": false, "Plans": [{"Node Type": "Seq Scan", "Parent Relationship": "Outer", "Parallel Aware": false, "Relation Name": "nation", "Alias": "nation", "Startup Cost": 0.0, "Total Cost": 1.31, "Plan Rows": 1, "Plan Width": 4, "Filter": "(n_name = 'SAUDI ARABIA'::bpchar)"}, {"Node Type": "Bitmap Heap Scan", "Parent Relationship": "Inner", "Parallel Aware": false, "Relation Name": "supplier", "Alias": "supplier", "Startup Cost": 44.62, "Total Cost": 2203.05, "Plan Rows": 4000, "Plan Width": 8, "Recheck Cond": "(s_nationkey = nation.n_nationkey)", "Plans": [{"Node Type": "Bitmap Index Scan", "Parent Relationship": "Outer", "Parallel Aware": false, "Index Name": "idx_supplier_nation_key", "Startup Cost": 0.0, "Total Cost": 43.62, "Plan Rows": 4000, "Plan Width": 0, "Index Cond": "(s_nationkey = nation.n_nationkey)"}]}]}, {"Node Type": "Bitmap Heap Scan", "Parent Relationship": "Inner", "Parallel Aware": false, "Relation Name": "partsupp", "Alias": "partsupp", "Startup Cost": 1.29, "Total Cost": 4.49, "Plan Rows": 80, "Plan Width": 18, "Recheck Cond": "(ps_suppkey = supplier.s_suppkey)", "Plans": [{"Node Type": "Bitmap Index Scan", "Parent Relationship": "Outer", "Parallel Aware": false, "Index Name": "idx_partsupp_suppkey", "Startup Cost": 0.0, "Total Cost": 1.27, "Plan Rows": 80, "Plan Width": 0, "Index Cond": "(ps_suppkey = supplier.s_suppkey)"}]}]}]}]}]}]}}, {"Plan": {"Node Type": "Limit", "Parallel Aware": false, "Startup Cost": 487321.46, "Total Cost": 487321.46, "Plan Rows": 1, "Plan Width": 36, "Plans": [{"Node Type": "Aggregate", "Strategy": "Plain", "Partial Mode": "Finalize", "Parent Relationship": "InitPlan", "Subplan Name": "InitPlan 1 (returns $1)", "Parallel Aware": false, "Startup Cost": 215265.12, "Total Cost": 215265.13, "Plan Rows": 1, "Plan Width": 32, "Plans": [{"Node Type": "Gather", "Parent Relationship": "Outer", "Parallel Aware": false, "Startup Cost": 215264.79, "Total Cost": 215265.1, "Plan Rows": 3, "Plan Width": 32, "Workers Planned": 3, "Single Copy": false, "Plans": [{"Node Type": "Aggregate", "Strategy": "Plain", "Partial Mode": "Partial", "Parent Relationship": "Outer", "Parallel Aware": false, "Startup Cost": 214264.79, "Total Cost": 214264.8, "Plan Rows": 1, "Plan Width": 32, "Plans": [{"Node Type": "Hash Join", "Parent Relationship": "Outer", "Parallel Aware": true, "Join Type": "Inner", "Startup Cost": 3015.56, "Total Cost": 213490.63, "Plan Rows": 103221, "Plan Width": 10, "Inner Unique": false, "Hash Cond": "(partsupp_1.ps_suppkey = supplier_1.s_suppkey)", "Plans": [{"Node Type": "Seq Scan", "Parent Relationship": "Outer", "Parallel Aware": true, "Relation Name": "partsupp", "Alias": "partsupp_1", "Startup Cost": 0.0, "Total Cost": 200191.16, "Plan Rows": 2580516, "Plan Width": 14}, {"Node Type": "Hash", "Parent Relationship": "Inner", "Parallel Aware": true, "Startup Cost": 2986.15, "Total Cost": 2986.15, "Plan Rows": 2353, "Plan Width": 4, "Plans": [{"Node Type": "Hash Join", "Parent Relationship": "Outer", "Parallel Aware": false, "Join Type": "Inner", "Startup Cost": 1.32, "Total Cost": 2986.15, "Plan Rows": 2353, "Plan Width": 4, "Inner Unique": true, "Hash Cond": "(supplier_1.s_nationkey = nation_1.n_nationkey)", "Plans": [{"Node Type": "Seq Scan", "Parent Relationship": "Outer", "Parallel Aware": true, "Relation Name": "supplier", "Alias": "supplier_1", "Startup Cost": 0.0, "Total Cost": 2804.24, "Plan Rows": 58824, "Plan Width": 8}, {"Node Type": "Hash", "Parent Relationship": "Inner", "Parallel Aware": false, "Startup Cost": 1.31, "Total Cost": 1.31, "Plan Rows": 1, "Plan Width": 4, "Plans": [{"Node Type": "Seq Scan", "Parent Relationship": "Outer", "Parallel Aware": false, "Relation Name": "nation", "Alias": "nation_1", "Startup Cost": 0.0, "Total Cost": 1.31, "Plan Rows": 1, "Plan Width": 4, "Filter": "(n_name = 'SAUDI ARABIA'::bpchar)"}]}]}]}]}]}]}]}, {"Node Type": "Sort", "Parent Relationship": "Outer", "Parallel Aware": false, "Startup Cost": 272056.33, "Total Cost": 272322.99, "Plan Rows": 106661, "Plan Width": 36, "Sort Key": ["(sum((partsupp.ps_supplycost * (partsupp.ps_availqty)::numeric))) DESC"], "Plans": [{"Node Type": "Aggregate", "Strategy": "Sorted", "Partial Mode": "Finalize", "Parent Relationship": "Outer", "Parallel Aware": false, "Startup Cost": 223086.59, "Total Cost": 271523.03, "Plan Rows": 106661, "Plan Width": 36, "Group Key": ["partsupp.ps_partkey"], "Filter": "(sum((partsupp.ps_supplycost * (partsupp.ps_availqty)::numeric)) > $1)", "Plans": [{"Node Type": "Gather Merge", "Parent Relationship": "Outer", "Parallel Aware": false, "Startup Cost": 223086.59, "Total Cost": 262052.52, "Plan Rows": 309663, "Plan Width": 36, "Workers Planned": 3, "Plans": [{"Node Type": "Aggregate", "Strategy": "Sorted", "Partial Mode": "Partial", "Parent Relationship": "Outer", "Parallel Aware": false, "Startup Cost": 222086.55, "Total Cost": 224667.08, "Plan Rows": 103221, "Plan Width": 36, "Group Key": ["partsupp.ps_partkey"], "Plans": [{"Node Type": "Sort", "Parent Relationship": "Outer", "Parallel Aware": false, "Startup Cost": 222086.55, "Total Cost": 222344.61, "Plan Rows": 103221, "Plan Width": 14, "Sort Key": ["partsupp.ps_partkey"], "Plans": [{"Node Type": "Hash Join", "Parent Relationship": "Outer", "Parallel Aware": true, "Join Type": "Inner", "Startup Cost": 3015.56, "Total Cost": 213490.63, "Plan Rows": 103221, "Plan Width": 14, "Inner Unique": false, "Hash Cond": "(partsupp.ps_suppkey = supplier.s_suppkey)", "Plans": [{"Node Type": "Seq Scan", "Parent Relationship": "Outer", "Parallel Aware": true, "Relation Name": "partsupp", "Alias": "partsupp", "Startup Cost": 0.0, "Total Cost": 200191.16, "Plan Rows": 2580516, "Plan Width": 18}, {"Node Type": "Hash", "Parent Relationship": "Inner", "Parallel Aware": true, "Startup Cost": 2986.15, "Total Cost": 2986.15, "Plan Rows": 2353, "Plan Width": 4, "Plans": [{"Node Type": "Hash Join", "Parent Relationship": "Outer", "Parallel Aware": false, "Join Type": "Inner", "Startup Cost": 1.32, "Total Cost": 2986.15, "Plan Rows": 2353, "Plan Width": 4, "Inner Unique": true, "Hash Cond": "(supplier.s_nationkey = nation.n_nationkey)", "Plans": [{"Node Type": "Seq Scan", "Parent Relationship": "Outer", "Parallel Aware": true, "Relation Name": "supplier", "Alias": "supplier", "Startup Cost": 0.0, "Total Cost": 2804.24, "Plan Rows": 58824, "Plan Width": 8}, {"Node Type": "Hash", "Parent Relationship": "Inner", "Parallel Aware": false, "Startup Cost": 1.31, "Total Cost": 1.31, "Plan Rows": 1, "Plan Width": 4, "Plans": [{"Node Type": "Seq Scan", "Parent Relationship": "Outer", "Parallel Aware": false, "Relation Name": "nation", "Alias": "nation", "Startup Cost": 0.0, "Total Cost": 1.31, "Plan Rows": 1, "Plan Width": 4, "Filter": "(n_name = 'SAUDI ARABIA'::bpchar)"}]}]}]}]}]}]}]}]}]}]}}, {"Plan": {"Node Type": "Limit", "Parallel Aware": false, "Startup Cost": 83063.16, "Total Cost": 83063.16, "Plan Rows": 1, "Plan Width": 36, "Plans": [{"Node Type": "Aggregate", "Strategy": "Plain", "Partial Mode": "Finalize", "Parent Relationship": "InitPlan", "Subplan Name": "InitPlan 1 (returns $2)", "Parallel Aware": false, "Startup Cost": 17853.48, "Total Cost": 17853.49, "Plan Rows": 1, "Plan Width": 32, "Plans": [{"Node Type": "Gather", "Parent Relationship": "Outer", "Parallel Aware": false, "Startup Cost": 17853.36, "Total Cost": 17853.47, "Plan Rows": 1, "Plan Width": 32, "Workers Planned": 1, "Single Copy": false, "Plans": [{"Node Type": "Aggregate", "Strategy": "Plain", "Partial Mode": "Partial", "Parent Relationship": "Outer", "Parallel Aware": false, "Startup Cost": 16853.36, "Total Cost": 16853.37, "Plan Rows": 1, "Plan Width": 32, "Plans": [{"Node Type": "Nested Loop", "Parent Relationship": "Outer", "Parallel Aware": false, "Join Type": "Inner", "Startup Cost": 2.62, "Total Cost": 15441.66, "Plan Rows": 188226, "Plan Width": 10, "Inner Unique": false, "Plans": [{"Node Type": "Hash Join", "Parent Relationship": "Outer", "Parallel Aware": false, "Join Type": "Inner", "Startup Cost": 1.32, "Total Cost": 2986.15, "Plan Rows": 2353, "Plan Width": 4, "Inner Unique": true, "Hash Cond": "(supplier_1.s_nationkey = nation_1.n_nationkey)", "Plans": [{"Node Type": "Seq Scan", "Parent Relationship": "Outer", "Parallel Aware": true, "Relation Name": "supplier", "Alias": "supplier_1", "Startup Cost": 0.0, "Total Cost": 2804.24, "Plan Rows": 58824, "Plan Width": 8}, {"Node Type": "Hash", "Parent Relationship": "Inner", "Parallel Aware": false, "Startup Cost": 1.31, "Total Cost": 1.31, "Plan Rows": 1, "Plan Width": 4, "Plans": [{"Node Type": "Seq Scan", "Parent Relationship": "Outer", "Parallel Aware": false, "Relation Name": "nation", "Alias": "nation_1", "Startup Cost": 0.0, "Total Cost": 1.31, "Plan Rows": 1, "Plan Width": 4, "Filter": "(n_name = 'SAUDI ARABIA'::bpchar)"}]}]}, {"Node Type": "Bitmap Heap Scan", "Parent Relationship": "Inner", "Parallel Aware": false, "Relation Name": "partsupp", "Alias": "partsupp_1", "Startup Cost": 1.29, "Total Cost": 4.49, "Plan Rows": 80, "Plan Width": 14, "Recheck Cond": "(ps_suppkey = supplier_1.s_suppkey)", "Plans": [{"Node Type": "Bitmap Index Scan", "Parent Relationship": "Outer", "Parallel Aware": false, "Index Name": "idx_partsupp_suppkey", "Startup Cost": 0.0, "Total Cost": 1.27, "Plan Rows": 80, "Plan Width": 0, "Index Cond": "(ps_suppkey = supplier_1.s_suppkey)"}]}]}]}]}]}, {"Node Type": "Sort", "Parent Relationship": "Outer", "Parallel Aware": false, "Startup Cost": 65209.67, "Total Cost": 65476.32, "Plan Rows": 106661, "Plan Width": 36, "Sort Key": ["(sum((partsupp.ps_supplycost * (partsupp.ps_availqty)::numeric))) DESC"], "Plans": [{"Node Type": "Aggregate", "Strategy": "Sorted", "Partial Mode": "Simple", "Parent Relationship": "Outer", "Parallel Aware": false, "Startup Cost": 52676.96, "Total Cost": 64676.36, "Plan Rows": 106661, "Plan Width": 36, "Group Key": ["partsupp.ps_partkey"], "Filter": "(sum((partsupp.ps_supplycost * (partsupp.ps_availqty)::numeric)) > $2)", "Plans": [{"Node Type": "Sort", "Parent Relationship": "Outer", "Parallel Aware": false, "Startup Cost": 52676.96, "Total Cost": 53476.92, "Plan Rows": 319984, "Plan Width": 14, "Sort Key": ["partsupp.ps_partkey"], "Plans": [{"Node Type": "Nested Loop", "Parent Relationship": "Outer", "Parallel Aware": false, "Join Type": "Inner", "Startup Cost": 45.91, "Total Cost": 23418.2, "Plan Rows": 319984, "Plan Width": 14, "Inner Unique": false, "Plans": [{"Node Type": "Nested Loop", "Parent Relationship": "Outer", "Parallel Aware": false, "Join Type": "Inner", "Startup Cost": 44.62, "Total Cost": 2244.36, "Plan Rows": 4000, "Plan Width": 4, "Inner Unique": false, "Plans": [{"Node Type": "Seq Scan", "Parent Relationship": "Outer", "Parallel Aware": false, "Relation Name": "nation", "Alias": "nation", "Startup Cost": 0.0, "Total Cost": 1.31, "Plan Rows": 1, "Plan Width": 4, "Filter": "(n_name = 'SAUDI ARABIA'::bpchar)"}, {"Node Type": "Bitmap Heap Scan", "Parent Relationship": "Inner", "Parallel Aware": false, "Relation Name": "supplier", "Alias": "supplier", "Startup Cost": 44.62, "Total Cost": 2203.05, "Plan Rows": 4000, "Plan Width": 8, "Recheck Cond": "(s_nationkey = nation.n_nationkey)", "Plans": [{"Node Type": "Bitmap Index Scan", "Parent Relationship": "Outer", "Parallel Aware": false, "Index Name": "idx_supplier_nation_key", "Startup Cost": 0.0, "Total Cost": 43.62, "Plan Rows": 4000, "Plan Width": 0, "Index Cond": "(s_nationkey = nation.n_nationkey)"}]}]}, {"Node Type": "Bitmap Heap Scan", "Parent Relationship": "Inner", "Parallel Aware": false, "Relation Name": "partsupp", "Alias": "partsupp", "Startup Cost": 1.29, "Total Cost": 4.49, "Plan Rows": 80, "Plan Width": 18, "Recheck Cond": "(ps_suppkey = supplier.s_suppkey)", "Plans": [{"Node Type": "Bitmap Index Scan", "Parent Relationship": "Outer", "Parallel Aware": false, "Index Name": "idx_partsupp_suppkey", "Startup Cost": 0.0, "Total Cost": 1.27, "Plan Rows": 80, "Plan Width": 0, "Index Cond": "(ps_suppkey = supplier.s_suppkey)"}]}]}]}]}]}]}}, {"Plan": {"Node Type": "Limit", "Parallel Aware": false, "Startup Cost": 487321.46, "Total Cost": 487321.46, "Plan Rows": 1, "Plan Width": 36, "Plans": [{"Node Type": "Aggregate", "Strategy": "Plain", "Partial Mode": "Finalize", "Parent Relationship": "InitPlan", "Subplan Name": "InitPlan 1 (returns $1)", "Parallel Aware": false, "Startup Cost": 215265.12, "Total Cost": 215265.13, "Plan Rows": 1, "Plan Width": 32, "Plans": [{"Node Type": "Gather", "Parent Relationship": "Outer", "Parallel Aware": false, "Startup Cost": 215264.79, "Total Cost": 215265.1, "Plan Rows": 3, "Plan Width": 32, "Workers Planned": 3, "Single Copy": false, "Plans": [{"Node Type": "Aggregate", "Strategy": "Plain", "Partial Mode": "Partial", "Parent Relationship": "Outer", "Parallel Aware": false, "Startup Cost": 214264.79, "Total Cost": 214264.8, "Plan Rows": 1, "Plan Width": 32, "Plans": [{"Node Type": "Hash Join", "Parent Relationship": "Outer", "Parallel Aware": true, "Join Type": "Inner", "Startup Cost": 3015.56, "Total Cost": 213490.63, "Plan Rows": 103221, "Plan Width": 10, "Inner Unique": false, "Hash Cond": "(partsupp_1.ps_suppkey = supplier_1.s_suppkey)", "Plans": [{"Node Type": "Seq Scan", "Parent Relationship": "Outer", "Parallel Aware": true, "Relation Name": "partsupp", "Alias": "partsupp_1", "Startup Cost": 0.0, "Total Cost": 200191.16, "Plan Rows": 2580516, "Plan Width": 14}, {"Node Type": "Hash", "Parent Relationship": "Inner", "Parallel Aware": true, "Startup Cost": 2986.15, "Total Cost": 2986.15, "Plan Rows": 2353, "Plan Width": 4, "Plans": [{"Node Type": "Hash Join", "Parent Relationship": "Outer", "Parallel Aware": false, "Join Type": "Inner", "Startup Cost": 1.32, "Total Cost": 2986.15, "Plan Rows": 2353, "Plan Width": 4, "Inner Unique": true, "Hash Cond": "(supplier_1.s_nationkey = nation_1.n_nationkey)", "Plans": [{"Node Type": "Seq Scan", "Parent Relationship": "Outer", "Parallel Aware": true, "Relation Name": "supplier", "Alias": "supplier_1", "Startup Cost": 0.0, "Total Cost": 2804.24, "Plan Rows": 58824, "Plan Width": 8}, {"Node Type": "Hash", "Parent Relationship": "Inner", "Parallel Aware": false, "Startup Cost": 1.31, "Total Cost": 1.31, "Plan Rows": 1, "Plan Width": 4, "Plans": [{"Node Type": "Seq Scan", "Parent Relationship": "Outer", "Parallel Aware": false, "Relation Name": "nation", "Alias": "nation_1", "Startup Cost": 0.0, "Total Cost": 1.31, "Plan Rows": 1, "Plan Width": 4, "Filter": "(n_name = 'SAUDI ARABIA'::bpchar)"}]}]}]}]}]}]}]}, {"Node Type": "Sort", "Parent Relationship": "Outer", "Parallel Aware": false, "Startup Cost": 272056.33, "Total Cost": 272322.99, "Plan Rows": 106661, "Plan Width": 36, "Sort Key": ["(sum((partsupp.ps_supplycost * (partsupp.ps_availqty)::numeric))) DESC"], "Plans": [{"Node Type": "Aggregate", "Strategy": "Sorted", "Partial Mode": "Finalize", "Parent Relationship": "Outer", "Parallel Aware": false, "Startup Cost": 223086.59, "Total Cost": 271523.03, "Plan Rows": 106661, "Plan Width": 36, "Group Key": ["partsupp.ps_partkey"], "Filter": "(sum((partsupp.ps_supplycost * (partsupp.ps_availqty)::numeric)) > $1)", "Plans": [{"Node Type": "Gather Merge", "Parent Relationship": "Outer", "Parallel Aware": false, "Startup Cost": 223086.59, "Total Cost": 262052.52, "Plan Rows": 309663, "Plan Width": 36, "Workers Planned": 3, "Plans": [{"Node Type": "Aggregate", "Strategy": "Sorted", "Partial Mode": "Partial", "Parent Relationship": "Outer", "Parallel Aware": false, "Startup Cost": 222086.55, "Total Cost": 224667.08, "Plan Rows": 103221, "Plan Width": 36, "Group Key": ["partsupp.ps_partkey"], "Plans": [{"Node Type": "Sort", "Parent Relationship": "Outer", "Parallel Aware": false, "Startup Cost": 222086.55, "Total Cost": 222344.61, "Plan Rows": 103221, "Plan Width": 14, "Sort Key": ["partsupp.ps_partkey"], "Plans": [{"Node Type": "Hash Join", "Parent Relationship": "Outer", "Parallel Aware": true, "Join Type": "Inner", "Startup Cost": 3015.56, "Total Cost": 213490.63, "Plan Rows": 103221, "Plan Width": 14, "Inner Unique": false, "Hash Cond": "(partsupp.ps_suppkey = supplier.s_suppkey)", "Plans": [{"Node Type": "Seq Scan", "Parent Relationship": "Outer", "Parallel Aware": true, "Relation Name": "partsupp", "Alias": "partsupp", "Startup Cost": 0.0, "Total Cost": 200191.16, "Plan Rows": 2580516, "Plan Width": 18}, {"Node Type": "Hash", "Parent Relationship": "Inner", "Parallel Aware": true, "Startup Cost": 2986.15, "Total Cost": 2986.15, "Plan Rows": 2353, "Plan Width": 4, "Plans": [{"Node Type": "Hash Join", "Parent Relationship": "Outer", "Parallel Aware": false, "Join Type": "Inner", "Startup Cost": 1.32, "Total Cost": 2986.15, "Plan Rows": 2353, "Plan Width": 4, "Inner Unique": true, "Hash Cond": "(supplier.s_nationkey = nation.n_nationkey)", "Plans": [{"Node Type": "Seq Scan", "Parent Relationship": "Outer", "Parallel Aware": true, "Relation Name": "supplier", "Alias": "supplier", "Startup Cost": 0.0, "Total Cost": 2804.24, "Plan Rows": 58824, "Plan Width": 8}, {"Node Type": "Hash", "Parent Relationship": "Inner", "Parallel Aware": false, "Startup Cost": 1.31, "Total Cost": 1.31, "Plan Rows": 1, "Plan Width": 4, "Plans": [{"Node Type": "Seq Scan", "Parent Relationship": "Outer", "Parallel Aware": false, "Relation Name": "nation", "Alias": "nation", "Startup Cost": 0.0, "Total Cost": 1.31, "Plan Rows": 1, "Plan Width": 4, "Filter": "(n_name = 'SAUDI ARABIA'::bpchar)"}]}]}]}]}]}]}]}]}]}]}}, {"Plan": {"Node Type": "Limit", "Parallel Aware": false, "Startup Cost": 649474.15, "Total Cost": 649474.15, "Plan Rows": 1, "Plan Width": 36, "Plans": [{"Node Type": "Aggregate", "Strategy": "Plain", "Partial Mode": "Finalize", "Parent Relationship": "InitPlan", "Subplan Name": "InitPlan 1 (returns $1)", "Parallel Aware": false, "Startup Cost": 296341.46, "Total Cost": 296341.47, "Plan Rows": 1, "Plan Width": 32, "Plans": [{"Node Type": "Gather", "Parent Relationship": "Outer", "Parallel Aware": false, "Startup Cost": 296341.13, "Total Cost": 296341.44, "Plan Rows": 3, "Plan Width": 32, "Workers Planned": 3, "Single Copy": false, "Plans": [{"Node Type": "Aggregate", "Strategy": "Plain", "Partial Mode": "Partial", "Parent Relationship": "Outer", "Parallel Aware": false, "Startup Cost": 295341.13, "Total Cost": 295341.14, "Plan Rows": 1, "Plan Width": 32, "Plans": [{"Node Type": "Merge Join", "Parent Relationship": "Outer", "Parallel Aware": false, "Join Type": "Inner", "Startup Cost": 4777.07, "Total Cost": 294566.97, "Plan Rows": 103221, "Plan Width": 10, "Inner Unique": false, "Merge Cond": "(partsupp_1.ps_suppkey = supplier_1.s_suppkey)", "Plans": [{"Node Type": "Index Scan", "Parent Relationship": "Outer", "Parallel Aware": true, "Scan Direction": "Forward", "Index Name": "idx_partsupp_suppkey", "Relation Name": "partsupp", "Alias": "partsupp_1", "Startup Cost": 0.43, "Total Cost": 281791.32, "Plan Rows": 2580516, "Plan Width": 14}, {"Node Type": "Sort", "Parent Relationship": "Inner", "Parallel Aware": false, "Startup Cost": 4776.63, "Total Cost": 4786.63, "Plan Rows": 4000, "Plan Width": 4, "Sort Key": ["supplier_1.s_suppkey"], "Plans": [{"Node Type": "Merge Join", "Parent Relationship": "Outer", "Parallel Aware": false, "Join Type": "Inner", "Startup Cost": 0.55, "Total Cost": 4537.32, "Plan Rows": 4000, "Plan Width": 4, "Inner Unique": true, "Merge Cond": "(supplier_1.s_nationkey = nation_1.n_nationkey)", "Plans": [{"Node Type": "Index Scan", "Parent Relationship": "Outer", "Parallel Aware": false, "Scan Direction": "Forward", "Index Name": "idx_supplier_nation_key", "Relation Name": "supplier", "Alias": "supplier_1", "Startup Cost": 0.42, "Total Cost": 4243.44, "Plan Rows": 100000, "Plan Width": 8}, {"Node Type": "Index Scan", "Parent Relationship": "Inner", "Parallel Aware": false, "Scan Direction": "Forward", "Index Name": "nation_pkey", "Relation Name": "nation", "Alias": "nation_1", "Startup Cost": 0.14, "Total Cost": 3.88, "Plan Rows": 1, "Plan Width": 4, "Filter": "(n_name = 'SAUDI ARABIA'::bpchar)"}]}]}]}]}]}]}, {"Node Type": "Sort", "Parent Relationship": "Outer", "Parallel Aware": false, "Startup Cost": 353132.68, "Total Cost": 353399.33, "Plan Rows": 106661, "Plan Width": 36, "Sort Key": ["(sum((partsupp.ps_supplycost * (partsupp.ps_availqty)::numeric))) DESC"], "Plans": [{"Node Type": "Aggregate", "Strategy": "Sorted", "Partial Mode": "Finalize", "Parent Relationship": "Outer", "Parallel Aware": false, "Startup Cost": 304162.94, "Total Cost": 352599.37, "Plan Rows": 106661, "Plan Width": 36, "Group Key": ["partsupp.ps_partkey"], "Filter": "(sum((partsupp.ps_supplycost * (partsupp.ps_availqty)::numeric)) > $1)", "Plans": [{"Node Type": "Gather Merge", "Parent Relationship": "Outer", "Parallel Aware": false, "Startup Cost": 304162.94, "Total Cost": 343128.86, "Plan Rows": 309663, "Plan Width": 36, "Workers Planned": 3, "Plans": [{"Node Type": "Aggregate", "Strategy": "Sorted", "Partial Mode": "Partial", "Parent Relationship": "Outer", "Parallel Aware": false, "Startup Cost": 303162.9, "Total Cost": 305743.42, "Plan Rows": 103221, "Plan Width": 36, "Group Key": ["partsupp.ps_partkey"], "Plans": [{"Node Type": "Sort", "Parent Relationship": "Outer", "Parallel Aware": false, "Startup Cost": 303162.9, "Total Cost": 303420.95, "Plan Rows": 103221, "Plan Width": 14, "Sort Key": ["partsupp.ps_partkey"], "Plans": [{"Node Type": "Merge Join", "Parent Relationship": "Outer", "Parallel Aware": false, "Join Type": "Inner", "Startup Cost": 4777.07, "Total Cost": 294566.97, "Plan Rows": 103221, "Plan Width": 14, "Inner Unique": false, "Merge Cond": "(partsupp.ps_suppkey = supplier.s_suppkey)", "Plans": [{"Node Type": "Index Scan", "Parent Relationship": "Outer", "Parallel Aware": true, "Scan Direction": "Forward", "Index Name": "idx_partsupp_suppkey", "Relation Name": "partsupp", "Alias": "partsupp", "Startup Cost": 0.43, "Total Cost": 281791.32, "Plan Rows": 2580516, "Plan Width": 18}, {"Node Type": "Sort", "Parent Relationship": "Inner", "Parallel Aware": false, "Startup Cost": 4776.63, "Total Cost": 4786.63, "Plan Rows": 4000, "Plan Width": 4, "Sort Key": ["supplier.s_suppkey"], "Plans": [{"Node Type": "Merge Join", "Parent Relationship": "Outer", "Parallel Aware": false, "Join Type": "Inner", "Startup Cost": 0.55, "Total Cost": 4537.32, "Plan Rows": 4000, "Plan Width": 4, "Inner Unique": true, "Merge Cond": "(supplier.s_nationkey = nation.n_nationkey)", "Plans": [{"Node Type": "Index Scan", "Parent Relationship": "Outer", "Parallel Aware": false, "Scan Direction": "Forward", "Index Name": "idx_supplier_nation_key", "Relation Name": "supplier", "Alias": "supplier", "Startup Cost": 0.42, "Total Cost": 4243.44, "Plan Rows": 100000, "Plan Width": 8}, {"Node Type": "Index Scan", "Parent Relationship": "Inner", "Parallel Aware": false, "Scan Direction": "Forward", "Index Name": "nation_pkey", "Relation Name": "nation", "Alias": "nation", "Startup Cost": 0.14, "Total Cost": 3.88, "Plan Rows": 1, "Plan Width": 4, "Filter": "(n_name = 'SAUDI ARABIA'::bpchar)"}]}]}]}]}]}]}]}]}]}}, {"Plan": {"Node Type": "Limit", "Parallel Aware": false, "Startup Cost": 80902.26, "Total Cost": 80902.27, "Plan Rows": 1, "Plan Width": 36, "Plans": [{"Node Type": "Aggregate", "Strategy": "Plain", "Partial Mode": "Finalize", "Parent Relationship": "InitPlan", "Subplan Name": "InitPlan 1 (returns $2)", "Parallel Aware": false, "Startup Cost": 17694.4, "Total Cost": 17694.41, "Plan Rows": 1, "Plan Width": 32, "Plans": [{"Node Type": "Gather", "Parent Relationship": "Outer", "Parallel Aware": false, "Startup Cost": 17694.28, "Total Cost": 17694.39, "Plan Rows": 1, "Plan Width": 32, "Workers Planned": 1, "Single Copy": false, "Plans": [{"Node Type": "Aggregate", "Strategy": "Plain", "Partial Mode": "Partial", "Parent Relationship": "Outer", "Parallel Aware": false, "Startup Cost": 16694.28, "Total Cost": 16694.29, "Plan Rows": 1, "Plan Width": 32, "Plans": [{"Node Type": "Nested Loop", "Parent Relationship": "Outer", "Parallel Aware": false, "Join Type": "Inner", "Startup Cost": 0.99, "Total Cost": 15282.58, "Plan Rows": 188226, "Plan Width": 10, "Inner Unique": false, "Plans": [{"Node Type": "Merge Join", "Parent Relationship": "Outer", "Parallel Aware": false, "Join Type": "Inner", "Startup Cost": 0.55, "Total Cost": 4006.14, "Plan Rows": 2353, "Plan Width": 4, "Inner Unique": true, "Merge Cond": "(supplier_1.s_nationkey = nation_1.n_nationkey)", "Plans": [{"Node Type": "Index Scan", "Parent Relationship": "Outer", "Parallel Aware": true, "Scan Direction": "Forward", "Index Name": "idx_supplier_nation_key", "Relation Name": "supplier", "Alias": "supplier_1", "Startup Cost": 0.42, "Total Cost": 3831.68, "Plan Rows": 58824, "Plan Width": 8}, {"Node Type": "Index Scan", "Parent Relationship": "Inner", "Parallel Aware": false, "Scan Direction": "Forward", "Index Name": "nation_pkey", "Relation Name": "nation", "Alias": "nation_1", "Startup Cost": 0.14, "Total Cost": 3.88, "Plan Rows": 1, "Plan Width": 4, "Filter": "(n_name = 'SAUDI ARABIA'::bpchar)"}]}, {"Node Type": "Index Scan", "Parent Relationship": "Inner", "Parallel Aware": false, "Scan Direction": "Forward", "Index Name": "idx_partsupp_suppkey", "Relation Name": "partsupp", "Alias": "partsupp_1", "Startup Cost": 0.43, "Total Cost": 3.99, "Plan Rows": 80, "Plan Width": 14, "Index Cond": "(ps_suppkey = supplier_1.s_suppkey)"}]}]}]}]}, {"Node Type": "Sort", "Parent Relationship": "Outer", "Parallel Aware": false, "Startup Cost": 63207.85, "Total Cost": 63474.51, "Plan Rows": 106661, "Plan Width": 36, "Sort Key": ["(sum((partsupp.ps_supplycost * (partsupp.ps_availqty)::numeric))) DESC"], "Plans": [{"Node Type": "Aggregate", "Strategy": "Sorted", "Partial Mode": "Simple", "Parent Relationship": "Outer", "Parallel Aware": false, "Startup Cost": 50675.15, "Total Cost": 62674.55, "Plan Rows": 106661, "Plan Width": 36, "Group Key": ["partsupp.ps_partkey"], "Filter": "(sum((partsupp.ps_supplycost * (partsupp.ps_availqty)::numeric)) > $2)", "Plans": [{"Node Type": "Sort", "Parent Relationship": "Outer", "Parallel Aware": false, "Startup Cost": 50675.15, "Total Cost": 51475.11, "Plan Rows": 319984, "Plan Width": 14, "Sort Key": ["partsupp.ps_partkey"], "Plans": [{"Node Type": "Nested Loop", "Parent Relationship": "Outer", "Parallel Aware": false, "Join Type": "Inner", "Startup Cost": 45.19, "Total Cost": 21416.39, "Plan Rows": 319984, "Plan Width": 14, "Inner Unique": false, "Plans": [{"Node Type": "Nested Loop", "Parent Relationship": "Outer", "Parallel Aware": false, "Join Type": "Inner", "Startup Cost": 44.76, "Total Cost": 2246.92, "Plan Rows": 4000, "Plan Width": 4, "Inner Unique": false, "Plans": [{"Node Type": "Index Scan", "Parent Relationship": "Outer", "Parallel Aware": false, "Scan Direction": "Forward", "Index Name": "nation_pkey", "Relation Name": "nation", "Alias": "nation", "Startup Cost": 0.14, "Total Cost": 3.88, "Plan Rows": 1, "Plan Width": 4, "Filter": "(n_name = 'SAUDI ARABIA'::bpchar)"}, {"Node Type": "Bitmap Heap Scan", "Parent Relationship": "Inner", "Parallel Aware": false, "Relation Name": "supplier", "Alias": "supplier", "Startup Cost": 44.62, "Total Cost": 2203.05, "Plan Rows": 4000, "Plan Width": 8, "Recheck Cond": "(s_nationkey = nation.n_nationkey)", "Plans": [{"Node Type": "Bitmap Index Scan", "Parent Relationship": "Outer", "Parallel Aware": false, "Index Name": "idx_supplier_nation_key", "Startup Cost": 0.0, "Total Cost": 43.62, "Plan Rows": 4000, "Plan Width": 0, "Index Cond": "(s_nationkey = nation.n_nationkey)"}]}]}, {"Node Type": "Index Scan", "Parent Relationship": "Inner", "Parallel Aware": false, "Scan Direction": "Forward", "Index Name": "idx_partsupp_suppkey", "Relation Name": "partsupp", "Alias": "partsupp", "Startup Cost": 0.43, "Total Cost": 3.99, "Plan Rows": 80, "Plan Width": 18, "Index Cond": "(ps_suppkey = supplier.s_suppkey)"}]}]}]}]}]}}, {"Plan": {"Node Type": "Limit", "Parallel Aware": false, "Startup Cost": 80897.15, "Total Cost": 80897.16, "Plan Rows": 1, "Plan Width": 36, "Plans": [{"Node Type": "Aggregate", "Strategy": "Plain", "Partial Mode": "Finalize", "Parent Relationship": "InitPlan", "Subplan Name": "InitPlan 1 (returns $2)", "Parallel Aware": false, "Startup Cost": 17691.85, "Total Cost": 17691.86, "Plan Rows": 1, "Plan Width": 32, "Plans": [{"Node Type": "Gather", "Parent Relationship": "Outer", "Parallel Aware": false, "Startup Cost": 17691.73, "Total Cost": 17691.84, "Plan Rows": 1, "Plan Width": 32, "Workers Planned": 1, "Single Copy": false, "Plans": [{"Node Type": "Aggregate", "Strategy": "Plain", "Partial Mode": "Partial", "Parent Relationship": "Outer", "Parallel Aware": false, "Startup Cost": 16691.73, "Total Cost": 16691.74, "Plan Rows": 1, "Plan Width": 32, "Plans": [{"Node Type": "Nested Loop", "Parent Relationship": "Outer", "Parallel Aware": false, "Join Type": "Inner", "Startup Cost": 2.17, "Total Cost": 15280.03, "Plan Rows": 188226, "Plan Width": 10, "Inner Unique": false, "Plans": [{"Node Type": "Merge Join", "Parent Relationship": "Outer", "Parallel Aware": false, "Join Type": "Inner", "Startup Cost": 1.74, "Total Cost": 4003.6, "Plan Rows": 2353, "Plan Width": 4, "Inner Unique": true, "Merge Cond": "(supplier_1.s_nationkey = nation_1.n_nationkey)", "Plans": [{"Node Type": "Index Scan", "Parent Relationship": "Outer", "Parallel Aware": true, "Scan Direction": "Forward", "Index Name": "idx_supplier_nation_key", "Relation Name": "supplier", "Alias": "supplier_1", "Startup Cost": 0.42, "Total Cost": 3831.68, "Plan Rows": 58824, "Plan Width": 8}, {"Node Type": "Sort", "Parent Relationship": "Inner", "Parallel Aware": false, "Startup Cost": 1.32, "Total Cost": 1.33, "Plan Rows": 1, "Plan Width": 4, "Sort Key": ["nation_1.n_nationkey"], "Plans": [{"Node Type": "Seq Scan", "Parent Relationship": "Outer", "Parallel Aware": false, "Relation Name": "nation", "Alias": "nation_1", "Startup Cost": 0.0, "Total Cost": 1.31, "Plan Rows": 1, "Plan Width": 4, "Filter": "(n_name = 'SAUDI ARABIA'::bpchar)"}]}]}, {"Node Type": "Index Scan", "Parent Relationship": "Inner", "Parallel Aware": false, "Scan Direction": "Forward", "Index Name": "idx_partsupp_suppkey", "Relation Name": "partsupp", "Alias": "partsupp_1", "Startup Cost": 0.43, "Total Cost": 3.99, "Plan Rows": 80, "Plan Width": 14, "Index Cond": "(ps_suppkey = supplier_1.s_suppkey)"}]}]}]}]}, {"Node Type": "Sort", "Parent Relationship": "Outer", "Parallel Aware": false, "Startup Cost": 63205.29, "Total Cost": 63471.94, "Plan Rows": 106661, "Plan Width": 36, "Sort Key": ["(sum((partsupp.ps_supplycost * (partsupp.ps_availqty)::numeric))) DESC"], "Plans": [{"Node Type": "Aggregate", "Strategy": "Sorted", "Partial Mode": "Simple", "Parent Relationship": "Outer", "Parallel Aware": false, "Startup Cost": 50672.59, "Total Cost": 62671.99, "Plan Rows": 106661, "Plan Width": 36, "Group Key": ["partsupp.ps_partkey"], "Filter": "(sum((partsupp.ps_supplycost * (partsupp.ps_availqty)::numeric)) > $2)", "Plans": [{"Node Type": "Sort", "Parent Relationship": "Outer", "Parallel Aware": false, "Startup Cost": 50672.59, "Total Cost": 51472.55, "Plan Rows": 319984, "Plan Width": 14, "Sort Key": ["partsupp.ps_partkey"], "Plans": [{"Node Type": "Nested Loop", "Parent Relationship": "Outer", "Parallel Aware": false, "Join Type": "Inner", "Startup Cost": 45.05, "Total Cost": 21413.83, "Plan Rows": 319984, "Plan Width": 14, "Inner Unique": false, "Plans": [{"Node Type": "Nested Loop", "Parent Relationship": "Outer", "Parallel Aware": false, "Join Type": "Inner", "Startup Cost": 44.62, "Total Cost": 2244.36, "Plan Rows": 4000, "Plan Width": 4, "Inner Unique": false, "Plans": [{"Node Type": "Seq Scan", "Parent Relationship": "Outer", "Parallel Aware": false, "Relation Name": "nation", "Alias": "nation", "Startup Cost": 0.0, "Total Cost": 1.31, "Plan Rows": 1, "Plan Width": 4, "Filter": "(n_name = 'SAUDI ARABIA'::bpchar)"}, {"Node Type": "Bitmap Heap Scan", "Parent Relationship": "Inner", "Parallel Aware": false, "Relation Name": "supplier", "Alias": "supplier", "Startup Cost": 44.62, "Total Cost": 2203.05, "Plan Rows": 4000, "Plan Width": 8, "Recheck Cond": "(s_nationkey = nation.n_nationkey)", "Plans": [{"Node Type": "Bitmap Index Scan", "Parent Relationship": "Outer", "Parallel Aware": false, "Index Name": "idx_supplier_nation_key", "Startup Cost": 0.0, "Total Cost": 43.62, "Plan Rows": 4000, "Plan Width": 0, "Index Cond": "(s_nationkey = nation.n_nationkey)"}]}]}, {"Node Type": "Index Scan", "Parent Relationship": "Inner", "Parallel Aware": false, "Scan Direction": "Forward", "Index Name": "idx_partsupp_suppkey", "Relation Name": "partsupp", "Alias": "partsupp", "Startup Cost": 0.43, "Total Cost": 3.99, "Plan Rows": 80, "Plan Width": 18, "Index Cond": "(ps_suppkey = supplier.s_suppkey)"}]}]}]}]}]}}, {"Plan": {"Node Type": "Limit", "Parallel Aware": false, "Startup Cost": 649474.15, "Total Cost": 649474.15, "Plan Rows": 1, "Plan Width": 36, "Plans": [{"Node Type": "Aggregate", "Strategy": "Plain", "Partial Mode": "Finalize", "Parent Relationship": "InitPlan", "Subplan Name": "InitPlan 1 (returns $1)", "Parallel Aware": false, "Startup Cost": 296341.46, "Total Cost": 296341.47, "Plan Rows": 1, "Plan Width": 32, "Plans": [{"Node Type": "Gather", "Parent Relationship": "Outer", "Parallel Aware": false, "Startup Cost": 296341.13, "Total Cost": 296341.44, "Plan Rows": 3, "Plan Width": 32, "Workers Planned": 3, "Single Copy": false, "Plans": [{"Node Type": "Aggregate", "Strategy": "Plain", "Partial Mode": "Partial", "Parent Relationship": "Outer", "Parallel Aware": false, "Startup Cost": 295341.13, "Total Cost": 295341.14, "Plan Rows": 1, "Plan Width": 32, "Plans": [{"Node Type": "Merge Join", "Parent Relationship": "Outer", "Parallel Aware": false, "Join Type": "Inner", "Startup Cost": 4777.07, "Total Cost": 294566.97, "Plan Rows": 103221, "Plan Width": 10, "Inner Unique": false, "Merge Cond": "(partsupp_1.ps_suppkey = supplier_1.s_suppkey)", "Plans": [{"Node Type": "Index Scan", "Parent Relationship": "Outer", "Parallel Aware": true, "Scan Direction": "Forward", "Index Name": "idx_partsupp_suppkey", "Relation Name": "partsupp", "Alias": "partsupp_1", "Startup Cost": 0.43, "Total Cost": 281791.32, "Plan Rows": 2580516, "Plan Width": 14}, {"Node Type": "Sort", "Parent Relationship": "Inner", "Parallel Aware": false, "Startup Cost": 4776.63, "Total Cost": 4786.63, "Plan Rows": 4000, "Plan Width": 4, "Sort Key": ["supplier_1.s_suppkey"], "Plans": [{"Node Type": "Merge Join", "Parent Relationship": "Outer", "Parallel Aware": false, "Join Type": "Inner", "Startup Cost": 0.55, "Total Cost": 4537.32, "Plan Rows": 4000, "Plan Width": 4, "Inner Unique": true, "Merge Cond": "(supplier_1.s_nationkey = nation_1.n_nationkey)", "Plans": [{"Node Type": "Index Scan", "Parent Relationship": "Outer", "Parallel Aware": false, "Scan Direction": "Forward", "Index Name": "idx_supplier_nation_key", "Relation Name": "supplier", "Alias": "supplier_1", "Startup Cost": 0.42, "Total Cost": 4243.44, "Plan Rows": 100000, "Plan Width": 8}, {"Node Type": "Index Scan", "Parent Relationship": "Inner", "Parallel Aware": false, "Scan Direction": "Forward", "Index Name": "nation_pkey", "Relation Name": "nation", "Alias": "nation_1", "Startup Cost": 0.14, "Total Cost": 3.88, "Plan Rows": 1, "Plan Width": 4, "Filter": "(n_name = 'SAUDI ARABIA'::bpchar)"}]}]}]}]}]}]}, {"Node Type": "Sort", "Parent Relationship": "Outer", "Parallel Aware": false, "Startup Cost": 353132.68, "Total Cost": 353399.33, "Plan Rows": 106661, "Plan Width": 36, "Sort Key": ["(sum((partsupp.ps_supplycost * (partsupp.ps_availqty)::numeric))) DESC"], "Plans": [{"Node Type": "Aggregate", "Strategy": "Sorted", "Partial Mode": "Finalize", "Parent Relationship": "Outer", "Parallel Aware": false, "Startup Cost": 304162.94, "Total Cost": 352599.37, "Plan Rows": 106661, "Plan Width": 36, "Group Key": ["partsupp.ps_partkey"], "Filter": "(sum((partsupp.ps_supplycost * (partsupp.ps_availqty)::numeric)) > $1)", "Plans": [{"Node Type": "Gather Merge", "Parent Relationship": "Outer", "Parallel Aware": false, "Startup Cost": 304162.94, "Total Cost": 343128.86, "Plan Rows": 309663, "Plan Width": 36, "Workers Planned": 3, "Plans": [{"Node Type": "Aggregate", "Strategy": "Sorted", "Partial Mode": "Partial", "Parent Relationship": "Outer", "Parallel Aware": false, "Startup Cost": 303162.9, "Total Cost": 305743.42, "Plan Rows": 103221, "Plan Width": 36, "Group Key": ["partsupp.ps_partkey"], "Plans": [{"Node Type": "Sort", "Parent Relationship": "Outer", "Parallel Aware": false, "Startup Cost": 303162.9, "Total Cost": 303420.95, "Plan Rows": 103221, "Plan Width": 14, "Sort Key": ["partsupp.ps_partkey"], "Plans": [{"Node Type": "Merge Join", "Parent Relationship": "Outer", "Parallel Aware": false, "Join Type": "Inner", "Startup Cost": 4777.07, "Total Cost": 294566.97, "Plan Rows": 103221, "Plan Width": 14, "Inner Unique": false, "Merge Cond": "(partsupp.ps_suppkey = supplier.s_suppkey)", "Plans": [{"Node Type": "Index Scan", "Parent Relationship": "Outer", "Parallel Aware": true, "Scan Direction": "Forward", "Index Name": "idx_partsupp_suppkey", "Relation Name": "partsupp", "Alias": "partsupp", "Startup Cost": 0.43, "Total Cost": 281791.32, "Plan Rows": 2580516, "Plan Width": 18}, {"Node Type": "Sort", "Parent Relationship": "Inner", "Parallel Aware": false, "Startup Cost": 4776.63, "Total Cost": 4786.63, "Plan Rows": 4000, "Plan Width": 4, "Sort Key": ["supplier.s_suppkey"], "Plans": [{"Node Type": "Merge Join", "Parent Relationship": "Outer", "Parallel Aware": false, "Join Type": "Inner", "Startup Cost": 0.55, "Total Cost": 4537.32, "Plan Rows": 4000, "Plan Width": 4, "Inner Unique": true, "Merge Cond": "(supplier.s_nationkey = nation.n_nationkey)", "Plans": [{"Node Type": "Index Scan", "Parent Relationship": "Outer", "Parallel Aware": false, "Scan Direction": "Forward", "Index Name": "idx_supplier_nation_key", "Relation Name": "supplier", "Alias": "supplier", "Startup Cost": 0.42, "Total Cost": 4243.44, "Plan Rows": 100000, "Plan Width": 8}, {"Node Type": "Index Scan", "Parent Relationship": "Inner", "Parallel Aware": false, "Scan Direction": "Forward", "Index Name": "nation_pkey", "Relation Name": "nation", "Alias": "nation", "Startup Cost": 0.14, "Total Cost": 3.88, "Plan Rows": 1, "Plan Width": 4, "Filter": "(n_name = 'SAUDI ARABIA'::bpchar)"}]}]}]}]}]}]}]}]}]}}, {"Plan": {"Node Type": "Limit", "Parallel Aware": false, "Startup Cost": 87024.14, "Total Cost": 87024.14, "Plan Rows": 1, "Plan Width": 36, "Plans": [{"Node Type": "Aggregate", "Strategy": "Plain", "Partial Mode": "Simple", "Parent Relationship": "InitPlan", "Subplan Name": "InitPlan 1 (returns $2)", "Parallel Aware": false, "Startup Cost": 23816.27, "Total Cost": 23816.28, "Plan Rows": 1, "Plan Width": 32, "Plans": [{"Node Type": "Nested Loop", "Parent Relationship": "Outer", "Parallel Aware": false, "Join Type": "Inner", "Startup Cost": 45.19, "Total Cost": 21416.39, "Plan Rows": 319984, "Plan Width": 10, "Inner Unique": false, "Plans": [{"Node Type": "Nested Loop", "Parent Relationship": "Outer", "Parallel Aware": false, "Join Type": "Inner", "Startup Cost": 44.76, "Total Cost": 2246.92, "Plan Rows": 4000, "Plan Width": 4, "Inner Unique": false, "Plans": [{"Node Type": "Index Scan", "Parent Relationship": "Outer", "Parallel Aware": false, "Scan Direction": "Forward", "Index Name": "nation_pkey", "Relation Name": "nation", "Alias": "nation_1", "Startup Cost": 0.14, "Total Cost": 3.88, "Plan Rows": 1, "Plan Width": 4, "Filter": "(n_name = 'SAUDI ARABIA'::bpchar)"}, {"Node Type": "Bitmap Heap Scan", "Parent Relationship": "Inner", "Parallel Aware": false, "Relation Name": "supplier", "Alias": "supplier_1", "Startup Cost": 44.62, "Total Cost": 2203.05, "Plan Rows": 4000, "Plan Width": 8, "Recheck Cond": "(s_nationkey = nation_1.n_nationkey)", "Plans": [{"Node Type": "Bitmap Index Scan", "Parent Relationship": "Outer", "Parallel Aware": false, "Index Name": "idx_supplier_nation_key", "Startup Cost": 0.0, "Total Cost": 43.62, "Plan Rows": 4000, "Plan Width": 0, "Index Cond": "(s_nationkey = nation_1.n_nationkey)"}]}]}, {"Node Type": "Index Scan", "Parent Relationship": "Inner", "Parallel Aware": false, "Scan Direction": "Forward", "Index Name": "idx_partsupp_suppkey", "Relation Name": "partsupp", "Alias": "partsupp_1", "Startup Cost": 0.43, "Total Cost": 3.99, "Plan Rows": 80, "Plan Width": 14, "Index Cond": "(ps_suppkey = supplier_1.s_suppkey)"}]}]}, {"Node Type": "Sort", "Parent Relationship": "Outer", "Parallel Aware": false, "Startup Cost": 63207.85, "Total Cost": 63474.51, "Plan Rows": 106661, "Plan Width": 36, "Sort Key": ["(sum((partsupp.ps_supplycost * (partsupp.ps_availqty)::numeric))) DESC"], "Plans": [{"Node Type": "Aggregate", "Strategy": "Sorted", "Partial Mode": "Simple", "Parent Relationship": "Outer", "Parallel Aware": false, "Startup Cost": 50675.15, "Total Cost": 62674.55, "Plan Rows": 106661, "Plan Width": 36, "Group Key": ["partsupp.ps_partkey"], "Filter": "(sum((partsupp.ps_supplycost * (partsupp.ps_availqty)::numeric)) > $2)", "Plans": [{"Node Type": "Sort", "Parent Relationship": "Outer", "Parallel Aware": false, "Startup Cost": 50675.15, "Total Cost": 51475.11, "Plan Rows": 319984, "Plan Width": 14, "Sort Key": ["partsupp.ps_partkey"], "Plans": [{"Node Type": "Nested Loop", "Parent Relationship": "Outer", "Parallel Aware": false, "Join Type": "Inner", "Startup Cost": 45.19, "Total Cost": 21416.39, "Plan Rows": 319984, "Plan Width": 14, "Inner Unique": false, "Plans": [{"Node Type": "Nested Loop", "Parent Relationship": "Outer", "Parallel Aware": false, "Join Type": "Inner", "Startup Cost": 44.76, "Total Cost": 2246.92, "Plan Rows": 4000, "Plan Width": 4, "Inner Unique": false, "Plans": [{"Node Type": "Index Scan", "Parent Relationship": "Outer", "Parallel Aware": false, "Scan Direction": "Forward", "Index Name": "nation_pkey", "Relation Name": "nation", "Alias": "nation", "Startup Cost": 0.14, "Total Cost": 3.88, "Plan Rows": 1, "Plan Width": 4, "Filter": "(n_name = 'SAUDI ARABIA'::bpchar)"}, {"Node Type": "Bitmap Heap Scan", "Parent Relationship": "Inner", "Parallel Aware": false, "Relation Name": "supplier", "Alias": "supplier", "Startup Cost": 44.62, "Total Cost": 2203.05, "Plan Rows": 4000, "Plan Width": 8, "Recheck Cond": "(s_nationkey = nation.n_nationkey)", "Plans": [{"Node Type": "Bitmap Index Scan", "Parent Relationship": "Outer", "Parallel Aware": false, "Index Name": "idx_supplier_nation_key", "Startup Cost": 0.0, "Total Cost": 43.62, "Plan Rows": 4000, "Plan Width": 0, "Index Cond": "(s_nationkey = nation.n_nationkey)"}]}]}, {"Node Type": "Index Scan", "Parent Relationship": "Inner", "Parallel Aware": false, "Scan Direction": "Forward", "Index Name": "idx_partsupp_suppkey", "Relation Name": "partsupp", "Alias": "partsupp", "Startup Cost": 0.43, "Total Cost": 3.99, "Plan Rows": 80, "Plan Width": 18, "Index Cond": "(ps_suppkey = supplier.s_suppkey)"}]}]}]}]}]}}, {"Plan": {"Node Type": "Limit", "Parallel Aware": false, "Startup Cost": 87019.01, "Total Cost": 87019.01, "Plan Rows": 1, "Plan Width": 36, "Plans": [{"Node Type": "Aggregate", "Strategy": "Plain", "Partial Mode": "Simple", "Parent Relationship": "InitPlan", "Subplan Name": "InitPlan 1 (returns $2)", "Parallel Aware": false, "Startup Cost": 23813.71, "Total Cost": 23813.72, "Plan Rows": 1, "Plan Width": 32, "Plans": [{"Node Type": "Nested Loop", "Parent Relationship": "Outer", "Parallel Aware": false, "Join Type": "Inner", "Startup Cost": 45.05, "Total Cost": 21413.83, "Plan Rows": 319984, "Plan Width": 10, "Inner Unique": false, "Plans": [{"Node Type": "Nested Loop", "Parent Relationship": "Outer", "Parallel Aware": false, "Join Type": "Inner", "Startup Cost": 44.62, "Total Cost": 2244.36, "Plan Rows": 4000, "Plan Width": 4, "Inner Unique": false, "Plans": [{"Node Type": "Seq Scan", "Parent Relationship": "Outer", "Parallel Aware": false, "Relation Name": "nation", "Alias": "nation_1", "Startup Cost": 0.0, "Total Cost": 1.31, "Plan Rows": 1, "Plan Width": 4, "Filter": "(n_name = 'SAUDI ARABIA'::bpchar)"}, {"Node Type": "Bitmap Heap Scan", "Parent Relationship": "Inner", "Parallel Aware": false, "Relation Name": "supplier", "Alias": "supplier_1", "Startup Cost": 44.62, "Total Cost": 2203.05, "Plan Rows": 4000, "Plan Width": 8, "Recheck Cond": "(s_nationkey = nation_1.n_nationkey)", "Plans": [{"Node Type": "Bitmap Index Scan", "Parent Relationship": "Outer", "Parallel Aware": false, "Index Name": "idx_supplier_nation_key", "Startup Cost": 0.0, "Total Cost": 43.62, "Plan Rows": 4000, "Plan Width": 0, "Index Cond": "(s_nationkey = nation_1.n_nationkey)"}]}]}, {"Node Type": "Index Scan", "Parent Relationship": "Inner", "Parallel Aware": false, "Scan Direction": "Forward", "Index Name": "idx_partsupp_suppkey", "Relation Name": "partsupp", "Alias": "partsupp_1", "Startup Cost": 0.43, "Total Cost": 3.99, "Plan Rows": 80, "Plan Width": 14, "Index Cond": "(ps_suppkey = supplier_1.s_suppkey)"}]}]}, {"Node Type": "Sort", "Parent Relationship": "Outer", "Parallel Aware": false, "Startup Cost": 63205.29, "Total Cost": 63471.94, "Plan Rows": 106661, "Plan Width": 36, "Sort Key": ["(sum((partsupp.ps_supplycost * (partsupp.ps_availqty)::numeric))) DESC"], "Plans": [{"Node Type": "Aggregate", "Strategy": "Sorted", "Partial Mode": "Simple", "Parent Relationship": "Outer", "Parallel Aware": false, "Startup Cost": 50672.59, "Total Cost": 62671.99, "Plan Rows": 106661, "Plan Width": 36, "Group Key": ["partsupp.ps_partkey"], "Filter": "(sum((partsupp.ps_supplycost * (partsupp.ps_availqty)::numeric)) > $2)", "Plans": [{"Node Type": "Sort", "Parent Relationship": "Outer", "Parallel Aware": false, "Startup Cost": 50672.59, "Total Cost": 51472.55, "Plan Rows": 319984, "Plan Width": 14, "Sort Key": ["partsupp.ps_partkey"], "Plans": [{"Node Type": "Nested Loop", "Parent Relationship": "Outer", "Parallel Aware": false, "Join Type": "Inner", "Startup Cost": 45.05, "Total Cost": 21413.83, "Plan Rows": 319984, "Plan Width": 14, "Inner Unique": false, "Plans": [{"Node Type": "Nested Loop", "Parent Relationship": "Outer", "Parallel Aware": false, "Join Type": "Inner", "Startup Cost": 44.62, "Total Cost": 2244.36, "Plan Rows": 4000, "Plan Width": 4, "Inner Unique": false, "Plans": [{"Node Type": "Seq Scan", "Parent Relationship": "Outer", "Parallel Aware": false, "Relation Name": "nation", "Alias": "nation", "Startup Cost": 0.0, "Total Cost": 1.31, "Plan Rows": 1, "Plan Width": 4, "Filter": "(n_name = 'SAUDI ARABIA'::bpchar)"}, {"Node Type": "Bitmap Heap Scan", "Parent Relationship": "Inner", "Parallel Aware": false, "Relation Name": "supplier", "Alias": "supplier", "Startup Cost": 44.62, "Total Cost": 2203.05, "Plan Rows": 4000, "Plan Width": 8, "Recheck Cond": "(s_nationkey = nation.n_nationkey)", "Plans": [{"Node Type": "Bitmap Index Scan", "Parent Relationship": "Outer", "Parallel Aware": false, "Index Name": "idx_supplier_nation_key", "Startup Cost": 0.0, "Total Cost": 43.62, "Plan Rows": 4000, "Plan Width": 0, "Index Cond": "(s_nationkey = nation.n_nationkey)"}]}]}, {"Node Type": "Index Scan", "Parent Relationship": "Inner", "Parallel Aware": false, "Scan Direction": "Forward", "Index Name": "idx_partsupp_suppkey", "Relation Name": "partsupp", "Alias": "partsupp", "Startup Cost": 0.43, "Total Cost": 3.99, "Plan Rows": 80, "Plan Width": 18, "Index Cond": "(ps_suppkey = supplier.s_suppkey)"}]}]}]}]}]}}, {"Plan": {"Node Type": "Limit", "Parallel Aware": false, "Startup Cost": 60021870443.85, "Total Cost": 60021870443.85, "Plan Rows": 1, "Plan Width": 36, "Plans": [{"Node Type": "Aggregate", "Strategy": "Plain", "Partial Mode": "Simple", "Parent Relationship": "InitPlan", "Subplan Name": "InitPlan 1 (returns $2)", "Parallel Aware": false, "Startup Cost": 30000153661.02, "Total Cost": 30000153661.03, "Plan Rows": 1, "Plan Width": 32, "Plans": [{"Node Type": "Nested Loop", "Parent Relationship": "Outer", "Parallel Aware": false, "Join Type": "Inner", "Startup Cost": 30000000001.73, "Total Cost": 30000151261.14, "Plan Rows": 319984, "Plan Width": 10, "Inner Unique": false, "Plans": [{"Node Type": "Nested Loop", "Parent Relationship": "Outer", "Parallel Aware": false, "Join Type": "Inner", "Startup Cost": 20000000000.44, "Total Cost": 20000130087.3, "Plan Rows": 4000, "Plan Width": 4, "Inner Unique": true, "Plans": [{"Node Type": "Index Scan", "Parent Relationship": "Outer", "Parallel Aware": false, "Scan Direction": "Forward", "Index Name": "supplier_pkey", "Relation Name": "supplier", "Alias": "supplier_1", "Startup Cost": 10000000000.29, "Total Cost": 10000004020.1, "Plan Rows": 100000, "Plan Width": 8}, {"Node Type": "Bitmap Heap Scan", "Parent Relationship": "Inner", "Parallel Aware": false, "Relation Name": "nation", "Alias": "nation_1", "Startup Cost": 0.15, "Total Cost": 1.26, "Plan Rows": 1, "Plan Width": 4, "Recheck Cond": "(n_nationkey = supplier_1.s_nationkey)", "Filter": "(n_name = 'SAUDI ARABIA'::bpchar)", "Plans": [{"Node Type": "Bitmap Index Scan", "Parent Relationship": "Outer", "Parallel Aware": false, "Index Name": "nation_pkey", "Startup Cost": 0.0, "Total Cost": 0.15, "Plan Rows": 1, "Plan Width": 0, "Index Cond": "(n_nationkey = supplier_1.s_nationkey)"}]}]}, {"Node Type": "Bitmap Heap Scan", "Parent Relationship": "Inner", "Parallel Aware": false, "Relation Name": "partsupp", "Alias": "partsupp_1", "Startup Cost": 1.29, "Total Cost": 4.49, "Plan Rows": 80, "Plan Width": 14, "Recheck Cond": "(ps_suppkey = supplier_1.s_suppkey)", "Plans": [{"Node Type": "Bitmap Index Scan", "Parent Relationship": "Outer", "Parallel Aware": false, "Index Name": "idx_partsupp_suppkey", "Startup Cost": 0.0, "Total Cost": 1.27, "Plan Rows": 80, "Plan Width": 0, "Index Cond": "(ps_suppkey = supplier_1.s_suppkey)"}]}]}]}, {"Node Type": "Sort", "Parent Relationship": "Outer", "Parallel Aware": false, "Startup Cost": 30021716782.81, "Total Cost": 30021717049.47, "Plan Rows": 106661, "Plan Width": 36, "Sort Key": ["(sum((partsupp.ps_supplycost * (partsupp.ps_availqty)::numeric))) DESC"], "Plans": [{"Node Type": "Aggregate", "Strategy": "Sorted", "Partial Mode": "Simple", "Parent Relationship": "Outer", "Parallel Aware": false, "Startup Cost": 30000000000.88, "Total Cost": 30021716249.51, "Plan Rows": 106661, "Plan Width": 36, "Group Key": ["partsupp.ps_partkey"], "Filter": "(sum((partsupp.ps_supplycost * (partsupp.ps_availqty)::numeric)) > $2)", "Plans": [{"Node Type": "Nested Loop", "Parent Relationship": "Outer", "Parallel Aware": false, "Join Type": "Inner", "Startup Cost": 30000000000.88, "Total Cost": 30021705050.07, "Plan Rows": 319984, "Plan Width": 14, "Inner Unique": true, "Plans": [{"Node Type": "Nested Loop", "Parent Relationship": "Outer", "Parallel Aware": false, "Join Type": "Inner", "Startup Cost": 20000000000.73, "Total Cost": 20011620178.34, "Plan Rows": 7999600, "Plan Width": 18, "Inner Unique": true, "Plans": [{"Node Type": "Index Scan", "Parent Relationship": "Outer", "Parallel Aware": false, "Scan Direction": "Forward", "Index Name": "idx_partsupp_partkey", "Relation Name": "partsupp", "Alias": "partsupp", "Startup Cost": 10000000000.43, "Total Cost": 10000318528.84, "Plan Rows": 7999600, "Plan Width": 18}, {"Node Type": "Bitmap Heap Scan", "Parent Relationship": "Inner", "Parallel Aware": false, "Relation Name": "supplier", "Alias": "supplier", "Startup Cost": 0.3, "Total Cost": 1.41, "Plan Rows": 1, "Plan Width": 8, "Recheck Cond": "(s_suppkey = partsupp.ps_suppkey)", "Plans": [{"Node Type": "Bitmap Index Scan", "Parent Relationship": "Outer", "Parallel Aware": false, "Index Name": "supplier_pkey", "Startup Cost": 0.0, "Total Cost": 0.3, "Plan Rows": 1, "Plan Width": 0, "Index Cond": "(s_suppkey = partsupp.ps_suppkey)"}]}]}, {"Node Type": "Bitmap Heap Scan", "Parent Relationship": "Inner", "Parallel Aware": false, "Relation Name": "nation", "Alias": "nation", "Startup Cost": 0.15, "Total Cost": 1.26, "Plan Rows": 1, "Plan Width": 4, "Recheck Cond": "(n_nationkey = supplier.s_nationkey)", "Filter": "(n_name = 'SAUDI ARABIA'::bpchar)", "Plans": [{"Node Type": "Bitmap Index Scan", "Parent Relationship": "Outer", "Parallel Aware": false, "Index Name": "nation_pkey", "Startup Cost": 0.0, "Total Cost": 0.15, "Plan Rows": 1, "Plan Width": 0, "Index Cond": "(n_nationkey = supplier.s_nationkey)"}]}]}]}]}]}}, {"Plan": {"Node Type": "Limit", "Parallel Aware": false, "Startup Cost": 20021870443.85, "Total Cost": 20021870443.85, "Plan Rows": 1, "Plan Width": 36, "Plans": [{"Node Type": "Aggregate", "Strategy": "Plain", "Partial Mode": "Simple", "Parent Relationship": "InitPlan", "Subplan Name": "InitPlan 1 (returns $2)", "Parallel Aware": false, "Startup Cost": 10000153661.02, "Total Cost": 10000153661.03, "Plan Rows": 1, "Plan Width": 32, "Plans": [{"Node Type": "Nested Loop", "Parent Relationship": "Outer", "Parallel Aware": false, "Join Type": "Inner", "Startup Cost": 10000000001.73, "Total Cost": 10000151261.14, "Plan Rows": 319984, "Plan Width": 10, "Inner Unique": false, "Plans": [{"Node Type": "Nested Loop", "Parent Relationship": "Outer", "Parallel Aware": false, "Join Type": "Inner", "Startup Cost": 10000000000.44, "Total Cost": 10000130087.3, "Plan Rows": 4000, "Plan Width": 4, "Inner Unique": true, "Plans": [{"Node Type": "Index Scan", "Parent Relationship": "Outer", "Parallel Aware": false, "Scan Direction": "Forward", "Index Name": "supplier_pkey", "Relation Name": "supplier", "Alias": "supplier_1", "Startup Cost": 10000000000.29, "Total Cost": 10000004020.1, "Plan Rows": 100000, "Plan Width": 8}, {"Node Type": "Bitmap Heap Scan", "Parent Relationship": "Inner", "Parallel Aware": false, "Relation Name": "nation", "Alias": "nation_1", "Startup Cost": 0.15, "Total Cost": 1.26, "Plan Rows": 1, "Plan Width": 4, "Recheck Cond": "(n_nationkey = supplier_1.s_nationkey)", "Filter": "(n_name = 'SAUDI ARABIA'::bpchar)", "Plans": [{"Node Type": "Bitmap Index Scan", "Parent Relationship": "Outer", "Parallel Aware": false, "Index Name": "nation_pkey", "Startup Cost": 0.0, "Total Cost": 0.15, "Plan Rows": 1, "Plan Width": 0, "Index Cond": "(n_nationkey = supplier_1.s_nationkey)"}]}]}, {"Node Type": "Bitmap Heap Scan", "Parent Relationship": "Inner", "Parallel Aware": false, "Relation Name": "partsupp", "Alias": "partsupp_1", "Startup Cost": 1.29, "Total Cost": 4.49, "Plan Rows": 80, "Plan Width": 14, "Recheck Cond": "(ps_suppkey = supplier_1.s_suppkey)", "Plans": [{"Node Type": "Bitmap Index Scan", "Parent Relationship": "Outer", "Parallel Aware": false, "Index Name": "idx_partsupp_suppkey", "Startup Cost": 0.0, "Total Cost": 1.27, "Plan Rows": 80, "Plan Width": 0, "Index Cond": "(ps_suppkey = supplier_1.s_suppkey)"}]}]}]}, {"Node Type": "Sort", "Parent Relationship": "Outer", "Parallel Aware": false, "Startup Cost": 10021716782.81, "Total Cost": 10021717049.47, "Plan Rows": 106661, "Plan Width": 36, "Sort Key": ["(sum((partsupp.ps_supplycost * (partsupp.ps_availqty)::numeric))) DESC"], "Plans": [{"Node Type": "Aggregate", "Strategy": "Sorted", "Partial Mode": "Simple", "Parent Relationship": "Outer", "Parallel Aware": false, "Startup Cost": 10000000000.88, "Total Cost": 10021716249.51, "Plan Rows": 106661, "Plan Width": 36, "Group Key": ["partsupp.ps_partkey"], "Filter": "(sum((partsupp.ps_supplycost * (partsupp.ps_availqty)::numeric)) > $2)", "Plans": [{"Node Type": "Nested Loop", "Parent Relationship": "Outer", "Parallel Aware": false, "Join Type": "Inner", "Startup Cost": 10000000000.88, "Total Cost": 10021705050.07, "Plan Rows": 319984, "Plan Width": 14, "Inner Unique": true, "Plans": [{"Node Type": "Nested Loop", "Parent Relationship": "Outer", "Parallel Aware": false, "Join Type": "Inner", "Startup Cost": 10000000000.73, "Total Cost": 10011620178.34, "Plan Rows": 7999600, "Plan Width": 18, "Inner Unique": true, "Plans": [{"Node Type": "Index Scan", "Parent Relationship": "Outer", "Parallel Aware": false, "Scan Direction": "Forward", "Index Name": "idx_partsupp_partkey", "Relation Name": "partsupp", "Alias": "partsupp", "Startup Cost": 10000000000.43, "Total Cost": 10000318528.84, "Plan Rows": 7999600, "Plan Width": 18}, {"Node Type": "Bitmap Heap Scan", "Parent Relationship": "Inner", "Parallel Aware": false, "Relation Name": "supplier", "Alias": "supplier", "Startup Cost": 0.3, "Total Cost": 1.41, "Plan Rows": 1, "Plan Width": 8, "Recheck Cond": "(s_suppkey = partsupp.ps_suppkey)", "Plans": [{"Node Type": "Bitmap Index Scan", "Parent Relationship": "Outer", "Parallel Aware": false, "Index Name": "supplier_pkey", "Startup Cost": 0.0, "Total Cost": 0.3, "Plan Rows": 1, "Plan Width": 0, "Index Cond": "(s_suppkey = partsupp.ps_suppkey)"}]}]}, {"Node Type": "Bitmap Heap Scan", "Parent Relationship": "Inner", "Parallel Aware": false, "Relation Name": "nation", "Alias": "nation", "Startup Cost": 0.15, "Total Cost": 1.26, "Plan Rows": 1, "Plan Width": 4, "Recheck Cond": "(n_nationkey = supplier.s_nationkey)", "Filter": "(n_name = 'SAUDI ARABIA'::bpchar)", "Plans": [{"Node Type": "Bitmap Index Scan", "Parent Relationship": "Outer", "Parallel Aware": false, "Index Name": "nation_pkey", "Startup Cost": 0.0, "Total Cost": 0.15, "Plan Rows": 1, "Plan Width": 0, "Index Cond": "(n_nationkey = supplier.s_nationkey)"}]}]}]}]}]}}, {"Plan": {"Node Type": "Limit", "Parallel Aware": false, "Startup Cost": 87860.29, "Total Cost": 87860.29, "Plan Rows": 1, "Plan Width": 36, "Plans": [{"Node Type": "Aggregate", "Strategy": "Plain", "Partial Mode": "Finalize", "Parent Relationship": "InitPlan", "Subplan Name": "InitPlan 1 (returns $2)", "Parallel Aware": false, "Startup Cost": 22650.61, "Total Cost": 22650.63, "Plan Rows": 1, "Plan Width": 32, "Plans": [{"Node Type": "Gather", "Parent Relationship": "Outer", "Parallel Aware": false, "Startup Cost": 22650.5, "Total Cost": 22650.61, "Plan Rows": 1, "Plan Width": 32, "Workers Planned": 1, "Single Copy": false, "Plans": [{"Node Type": "Aggregate", "Strategy": "Plain", "Partial Mode": "Partial", "Parent Relationship": "Outer", "Parallel Aware": false, "Startup Cost": 21650.5, "Total Cost": 21650.51, "Plan Rows": 1, "Plan Width": 32, "Plans": [{"Node Type": "Nested Loop", "Parent Relationship": "Outer", "Parallel Aware": false, "Join Type": "Inner", "Startup Cost": 7466.92, "Total Cost": 20238.8, "Plan Rows": 188226, "Plan Width": 10, "Inner Unique": false, "Plans": [{"Node Type": "Merge Join", "Parent Relationship": "Outer", "Parallel Aware": false, "Join Type": "Inner", "Startup Cost": 7465.63, "Total Cost": 7783.29, "Plan Rows": 2353, "Plan Width": 4, "Inner Unique": true, "Merge Cond": "(supplier_1.s_nationkey = nation_1.n_nationkey)", "Plans": [{"Node Type": "Sort", "Parent Relationship": "Outer", "Parallel Aware": false, "Startup Cost": 7464.31, "Total Cost": 7611.37, "Plan Rows": 58824, "Plan Width": 8, "Sort Key": ["supplier_1.s_nationkey"], "Plans": [{"Node Type": "Seq Scan", "Parent Relationship": "Outer", "Parallel Aware": true, "Relation Name": "supplier", "Alias": "supplier_1", "Startup Cost": 0.0, "Total Cost": 2804.24, "Plan Rows": 58824, "Plan Width": 8}]}, {"Node Type": "Sort", "Parent Relationship": "Inner", "Parallel Aware": false, "Startup Cost": 1.32, "Total Cost": 1.33, "Plan Rows": 1, "Plan Width": 4, "Sort Key": ["nation_1.n_nationkey"], "Plans": [{"Node Type": "Seq Scan", "Parent Relationship": "Outer", "Parallel Aware": false, "Relation Name": "nation", "Alias": "nation_1", "Startup Cost": 0.0, "Total Cost": 1.31, "Plan Rows": 1, "Plan Width": 4, "Filter": "(n_name = 'SAUDI ARABIA'::bpchar)"}]}]}, {"Node Type": "Bitmap Heap Scan", "Parent Relationship": "Inner", "Parallel Aware": false, "Relation Name": "partsupp", "Alias": "partsupp_1", "Startup Cost": 1.29, "Total Cost": 4.49, "Plan Rows": 80, "Plan Width": 14, "Recheck Cond": "(ps_suppkey = supplier_1.s_suppkey)", "Plans": [{"Node Type": "Bitmap Index Scan", "Parent Relationship": "Outer", "Parallel Aware": false, "Index Name": "idx_partsupp_suppkey", "Startup Cost": 0.0, "Total Cost": 1.27, "Plan Rows": 80, "Plan Width": 0, "Index Cond": "(ps_suppkey = supplier_1.s_suppkey)"}]}]}]}]}]}, {"Node Type": "Sort", "Parent Relationship": "Outer", "Parallel Aware": false, "Startup Cost": 65209.67, "Total Cost": 65476.32, "Plan Rows": 106661, "Plan Width": 36, "Sort Key": ["(sum((partsupp.ps_supplycost * (partsupp.ps_availqty)::numeric))) DESC"], "Plans": [{"Node Type": "Aggregate", "Strategy": "Sorted", "Partial Mode": "Simple", "Parent Relationship": "Outer", "Parallel Aware": false, "Startup Cost": 52676.96, "Total Cost": 64676.36, "Plan Rows": 106661, "Plan Width": 36, "Group Key": ["partsupp.ps_partkey"], "Filter": "(sum((partsupp.ps_supplycost * (partsupp.ps_availqty)::numeric)) > $2)", "Plans": [{"Node Type": "Sort", "Parent Relationship": "Outer", "Parallel Aware": false, "Startup Cost": 52676.96, "Total Cost": 53476.92, "Plan Rows": 319984, "Plan Width": 14, "Sort Key": ["partsupp.ps_partkey"], "Plans": [{"Node Type": "Nested Loop", "Parent Relationship": "Outer", "Parallel Aware": false, "Join Type": "Inner", "Startup Cost": 45.91, "Total Cost": 23418.2, "Plan Rows": 319984, "Plan Width": 14, "Inner Unique": false, "Plans": [{"Node Type": "Nested Loop", "Parent Relationship": "Outer", "Parallel Aware": false, "Join Type": "Inner", "Startup Cost": 44.62, "Total Cost": 2244.36, "Plan Rows": 4000, "Plan Width": 4, "Inner Unique": false, "Plans": [{"Node Type": "Seq Scan", "Parent Relationship": "Outer", "Parallel Aware": false, "Relation Name": "nation", "Alias": "nation", "Startup Cost": 0.0, "Total Cost": 1.31, "Plan Rows": 1, "Plan Width": 4, "Filter": "(n_name = 'SAUDI ARABIA'::bpchar)"}, {"Node Type": "Bitmap Heap Scan", "Parent Relationship": "Inner", "Parallel Aware": false, "Relation Name": "supplier", "Alias": "supplier", "Startup Cost": 44.62, "Total Cost": 2203.05, "Plan Rows": 4000, "Plan Width": 8, "Recheck Cond": "(s_nationkey = nation.n_nationkey)", "Plans": [{"Node Type": "Bitmap Index Scan", "Parent Relationship": "Outer", "Parallel Aware": false, "Index Name": "idx_supplier_nation_key", "Startup Cost": 0.0, "Total Cost": 43.62, "Plan Rows": 4000, "Plan Width": 0, "Index Cond": "(s_nationkey = nation.n_nationkey)"}]}]}, {"Node Type": "Bitmap Heap Scan", "Parent Relationship": "Inner", "Parallel Aware": false, "Relation Name": "partsupp", "Alias": "partsupp", "Startup Cost": 1.29, "Total Cost": 4.49, "Plan Rows": 80, "Plan Width": 18, "Recheck Cond": "(ps_suppkey = supplier.s_suppkey)", "Plans": [{"Node Type": "Bitmap Index Scan", "Parent Relationship": "Outer", "Parallel Aware": false, "Index Name": "idx_partsupp_suppkey", "Startup Cost": 0.0, "Total Cost": 1.27, "Plan Rows": 80, "Plan Width": 0, "Index Cond": "(ps_suppkey = supplier.s_suppkey)"}]}]}]}]}]}]}}, {"Plan": {"Node Type": "Limit", "Parallel Aware": false, "Startup Cost": 1120686.17, "Total Cost": 1120686.17, "Plan Rows": 1, "Plan Width": 36, "Plans": [{"Node Type": "Aggregate", "Strategy": "Plain", "Partial Mode": "Finalize", "Parent Relationship": "InitPlan", "Subplan Name": "InitPlan 1 (returns $1)", "Parallel Aware": false, "Startup Cost": 529364.47, "Total Cost": 529364.48, "Plan Rows": 1, "Plan Width": 32, "Plans": [{"Node Type": "Gather", "Parent Relationship": "Outer", "Parallel Aware": false, "Startup Cost": 529364.14, "Total Cost": 529364.45, "Plan Rows": 3, "Plan Width": 32, "Workers Planned": 3, "Single Copy": false, "Plans": [{"Node Type": "Aggregate", "Strategy": "Plain", "Partial Mode": "Partial", "Parent Relationship": "Outer", "Parallel Aware": false, "Startup Cost": 528364.14, "Total Cost": 528364.15, "Plan Rows": 1, "Plan Width": 32, "Plans": [{"Node Type": "Merge Join", "Parent Relationship": "Outer", "Parallel Aware": false, "Join Type": "Inner", "Startup Cost": 513139.67, "Total Cost": 527589.98, "Plan Rows": 103221, "Plan Width": 10, "Inner Unique": false, "Merge Cond": "(partsupp_1.ps_suppkey = supplier_1.s_suppkey)", "Plans": [{"Node Type": "Sort", "Parent Relationship": "Outer", "Parallel Aware": false, "Startup Cost": 500838.21, "Total Cost": 507289.5, "Plan Rows": 2580516, "Plan Width": 14, "Sort Key": ["partsupp_1.ps_suppkey"], "Plans": [{"Node Type": "Seq Scan", "Parent Relationship": "Outer", "Parallel Aware": true, "Relation Name": "partsupp", "Alias": "partsupp_1", "Startup Cost": 0.0, "Total Cost": 200191.16, "Plan Rows": 2580516, "Plan Width": 14}]}, {"Node Type": "Sort", "Parent Relationship": "Inner", "Parallel Aware": false, "Startup Cost": 12301.47, "Total Cost": 12311.47, "Plan Rows": 4000, "Plan Width": 4, "Sort Key": ["supplier_1.s_suppkey"], "Plans": [{"Node Type": "Merge Join", "Parent Relationship": "Outer", "Parallel Aware": false, "Join Type": "Inner", "Startup Cost": 11522.14, "Total Cost": 12062.15, "Plan Rows": 4000, "Plan Width": 4, "Inner Unique": true, "Merge Cond": "(supplier_1.s_nationkey = nation_1.n_nationkey)", "Plans": [{"Node Type": "Sort", "Parent Relationship": "Outer", "Parallel Aware": false, "Startup Cost": 11520.82, "Total Cost": 11770.82, "Plan Rows": 100000, "Plan Width": 8, "Sort Key": ["supplier_1.s_nationkey"], "Plans": [{"Node Type": "Seq Scan", "Parent Relationship": "Outer", "Parallel Aware": false, "Relation Name": "supplier", "Alias": "supplier_1", "Startup Cost": 0.0, "Total Cost": 3216.0, "Plan Rows": 100000, "Plan Width": 8}]}, {"Node Type": "Sort", "Parent Relationship": "Inner", "Parallel Aware": false, "Startup Cost": 1.32, "Total Cost": 1.33, "Plan Rows": 1, "Plan Width": 4, "Sort Key": ["nation_1.n_nationkey"], "Plans": [{"Node Type": "Seq Scan", "Parent Relationship": "Outer", "Parallel Aware": false, "Relation Name": "nation", "Alias": "nation_1", "Startup Cost": 0.0, "Total Cost": 1.31, "Plan Rows": 1, "Plan Width": 4, "Filter": "(n_name = 'SAUDI ARABIA'::bpchar)"}]}]}]}]}]}]}]}, {"Node Type": "Sort", "Parent Relationship": "Outer", "Parallel Aware": false, "Startup Cost": 591321.69, "Total Cost": 591588.34, "Plan Rows": 106661, "Plan Width": 36, "Sort Key": ["(sum((partsupp.ps_supplycost * (partsupp.ps_availqty)::numeric))) DESC"], "Plans": [{"Node Type": "Aggregate", "Strategy": "Sorted", "Partial Mode": "Finalize", "Parent Relationship": "Outer", "Parallel Aware": false, "Startup Cost": 542351.95, "Total Cost": 590788.38, "Plan Rows": 106661, "Plan Width": 36, "Group Key": ["partsupp.ps_partkey"], "Filter": "(sum((partsupp.ps_supplycost * (partsupp.ps_availqty)::numeric)) > $1)", "Plans": [{"Node Type": "Gather Merge", "Parent Relationship": "Outer", "Parallel Aware": false, "Startup Cost": 542351.95, "Total Cost": 581317.87, "Plan Rows": 309663, "Plan Width": 36, "Workers Planned": 3, "Plans": [{"Node Type": "Aggregate", "Strategy": "Sorted", "Partial Mode": "Partial", "Parent Relationship": "Outer", "Parallel Aware": false, "Startup Cost": 541351.91, "Total Cost": 543932.43, "Plan Rows": 103221, "Plan Width": 36, "Group Key": ["partsupp.ps_partkey"], "Plans": [{"Node Type": "Sort", "Parent Relationship": "Outer", "Parallel Aware": false, "Startup Cost": 541351.91, "Total Cost": 541609.96, "Plan Rows": 103221, "Plan Width": 14, "Sort Key": ["partsupp.ps_partkey"], "Plans": [{"Node Type": "Merge Join", "Parent Relationship": "Outer", "Parallel Aware": false, "Join Type": "Inner", "Startup Cost": 518305.67, "Total Cost": 532755.98, "Plan Rows": 103221, "Plan Width": 14, "Inner Unique": false, "Merge Cond": "(partsupp.ps_suppkey = supplier.s_suppkey)", "Plans": [{"Node Type": "Sort", "Parent Relationship": "Outer", "Parallel Aware": false, "Startup Cost": 506004.21, "Total Cost": 512455.5, "Plan Rows": 2580516, "Plan Width": 18, "Sort Key": ["partsupp.ps_suppkey"], "Plans": [{"Node Type": "Seq Scan", "Parent Relationship": "Outer", "Parallel Aware": true, "Relation Name": "partsupp", "Alias": "partsupp", "Startup Cost": 0.0, "Total Cost": 200191.16, "Plan Rows": 2580516, "Plan Width": 18}]}, {"Node Type": "Sort", "Parent Relationship": "Inner", "Parallel Aware": false, "Startup Cost": 12301.47, "Total Cost": 12311.47, "Plan Rows": 4000, "Plan Width": 4, "Sort Key": ["supplier.s_suppkey"], "Plans": [{"Node Type": "Merge Join", "Parent Relationship": "Outer", "Parallel Aware": false, "Join Type": "Inner", "Startup Cost": 11522.14, "Total Cost": 12062.15, "Plan Rows": 4000, "Plan Width": 4, "Inner Unique": true, "Merge Cond": "(supplier.s_nationkey = nation.n_nationkey)", "Plans": [{"Node Type": "Sort", "Parent Relationship": "Outer", "Parallel Aware": false, "Startup Cost": 11520.82, "Total Cost": 11770.82, "Plan Rows": 100000, "Plan Width": 8, "Sort Key": ["supplier.s_nationkey"], "Plans": [{"Node Type": "Seq Scan", "Parent Relationship": "Outer", "Parallel Aware": false, "Relation Name": "supplier", "Alias": "supplier", "Startup Cost": 0.0, "Total Cost": 3216.0, "Plan Rows": 100000, "Plan Width": 8}]}, {"Node Type": "Sort", "Parent Relationship": "Inner", "Parallel Aware": false, "Startup Cost": 1.32, "Total Cost": 1.33, "Plan Rows": 1, "Plan Width": 4, "Sort Key": ["nation.n_nationkey"], "Plans": [{"Node Type": "Seq Scan", "Parent Relationship": "Outer", "Parallel Aware": false, "Relation Name": "nation", "Alias": "nation", "Startup Cost": 0.0, "Total Cost": 1.31, "Plan Rows": 1, "Plan Width": 4, "Filter": "(n_name = 'SAUDI ARABIA'::bpchar)"}]}]}]}]}]}]}]}]}]}]}}, {"Plan": {"Node Type": "Limit", "Parallel Aware": false, "Startup Cost": 20021870443.85, "Total Cost": 20021870443.85, "Plan Rows": 1, "Plan Width": 36, "Plans": [{"Node Type": "Aggregate", "Strategy": "Plain", "Partial Mode": "Simple", "Parent Relationship": "InitPlan", "Subplan Name": "InitPlan 1 (returns $2)", "Parallel Aware": false, "Startup Cost": 10000153661.02, "Total Cost": 10000153661.03, "Plan Rows": 1, "Plan Width": 32, "Plans": [{"Node Type": "Nested Loop", "Parent Relationship": "Outer", "Parallel Aware": false, "Join Type": "Inner", "Startup Cost": 10000000001.73, "Total Cost": 10000151261.14, "Plan Rows": 319984, "Plan Width": 10, "Inner Unique": false, "Plans": [{"Node Type": "Nested Loop", "Parent Relationship": "Outer", "Parallel Aware": false, "Join Type": "Inner", "Startup Cost": 10000000000.44, "Total Cost": 10000130087.3, "Plan Rows": 4000, "Plan Width": 4, "Inner Unique": true, "Plans": [{"Node Type": "Index Scan", "Parent Relationship": "Outer", "Parallel Aware": false, "Scan Direction": "Forward", "Index Name": "supplier_pkey", "Relation Name": "supplier", "Alias": "supplier_1", "Startup Cost": 10000000000.29, "Total Cost": 10000004020.1, "Plan Rows": 100000, "Plan Width": 8}, {"Node Type": "Bitmap Heap Scan", "Parent Relationship": "Inner", "Parallel Aware": false, "Relation Name": "nation", "Alias": "nation_1", "Startup Cost": 0.15, "Total Cost": 1.26, "Plan Rows": 1, "Plan Width": 4, "Recheck Cond": "(n_nationkey = supplier_1.s_nationkey)", "Filter": "(n_name = 'SAUDI ARABIA'::bpchar)", "Plans": [{"Node Type": "Bitmap Index Scan", "Parent Relationship": "Outer", "Parallel Aware": false, "Index Name": "nation_pkey", "Startup Cost": 0.0, "Total Cost": 0.15, "Plan Rows": 1, "Plan Width": 0, "Index Cond": "(n_nationkey = supplier_1.s_nationkey)"}]}]}, {"Node Type": "Bitmap Heap Scan", "Parent Relationship": "Inner", "Parallel Aware": false, "Relation Name": "partsupp", "Alias": "partsupp_1", "Startup Cost": 1.29, "Total Cost": 4.49, "Plan Rows": 80, "Plan Width": 14, "Recheck Cond": "(ps_suppkey = supplier_1.s_suppkey)", "Plans": [{"Node Type": "Bitmap Index Scan", "Parent Relationship": "Outer", "Parallel Aware": false, "Index Name": "idx_partsupp_suppkey", "Startup Cost": 0.0, "Total Cost": 1.27, "Plan Rows": 80, "Plan Width": 0, "Index Cond": "(ps_suppkey = supplier_1.s_suppkey)"}]}]}]}, {"Node Type": "Sort", "Parent Relationship": "Outer", "Parallel Aware": false, "Startup Cost": 10021716782.81, "Total Cost": 10021717049.47, "Plan Rows": 106661, "Plan Width": 36, "Sort Key": ["(sum((partsupp.ps_supplycost * (partsupp.ps_availqty)::numeric))) DESC"], "Plans": [{"Node Type": "Aggregate", "Strategy": "Sorted", "Partial Mode": "Simple", "Parent Relationship": "Outer", "Parallel Aware": false, "Startup Cost": 10000000000.88, "Total Cost": 10021716249.51, "Plan Rows": 106661, "Plan Width": 36, "Group Key": ["partsupp.ps_partkey"], "Filter": "(sum((partsupp.ps_supplycost * (partsupp.ps_availqty)::numeric)) > $2)", "Plans": [{"Node Type": "Nested Loop", "Parent Relationship": "Outer", "Parallel Aware": false, "Join Type": "Inner", "Startup Cost": 10000000000.88, "Total Cost": 10021705050.07, "Plan Rows": 319984, "Plan Width": 14, "Inner Unique": true, "Plans": [{"Node Type": "Nested Loop", "Parent Relationship": "Outer", "Parallel Aware": false, "Join Type": "Inner", "Startup Cost": 10000000000.73, "Total Cost": 10011620178.34, "Plan Rows": 7999600, "Plan Width": 18, "Inner Unique": true, "Plans": [{"Node Type": "Index Scan", "Parent Relationship": "Outer", "Parallel Aware": false, "Scan Direction": "Forward", "Index Name": "idx_partsupp_partkey", "Relation Name": "partsupp", "Alias": "partsupp", "Startup Cost": 10000000000.43, "Total Cost": 10000318528.84, "Plan Rows": 7999600, "Plan Width": 18}, {"Node Type": "Bitmap Heap Scan", "Parent Relationship": "Inner", "Parallel Aware": false, "Relation Name": "supplier", "Alias": "supplier", "Startup Cost": 0.3, "Total Cost": 1.41, "Plan Rows": 1, "Plan Width": 8, "Recheck Cond": "(s_suppkey = partsupp.ps_suppkey)", "Plans": [{"Node Type": "Bitmap Index Scan", "Parent Relationship": "Outer", "Parallel Aware": false, "Index Name": "supplier_pkey", "Startup Cost": 0.0, "Total Cost": 0.3, "Plan Rows": 1, "Plan Width": 0, "Index Cond": "(s_suppkey = partsupp.ps_suppkey)"}]}]}, {"Node Type": "Bitmap Heap Scan", "Parent Relationship": "Inner", "Parallel Aware": false, "Relation Name": "nation", "Alias": "nation", "Startup Cost": 0.15, "Total Cost": 1.26, "Plan Rows": 1, "Plan Width": 4, "Recheck Cond": "(n_nationkey = supplier.s_nationkey)", "Filter": "(n_name = 'SAUDI ARABIA'::bpchar)", "Plans": [{"Node Type": "Bitmap Index Scan", "Parent Relationship": "Outer", "Parallel Aware": false, "Index Name": "nation_pkey", "Startup Cost": 0.0, "Total Cost": 0.15, "Plan Rows": 1, "Plan Width": 0, "Index Cond": "(n_nationkey = supplier.s_nationkey)"}]}]}]}]}]}}, {"Plan": {"Node Type": "Limit", "Parallel Aware": false, "Startup Cost": 91027.76, "Total Cost": 91027.77, "Plan Rows": 1, "Plan Width": 36, "Plans": [{"Node Type": "Aggregate", "Strategy": "Plain", "Partial Mode": "Simple", "Parent Relationship": "InitPlan", "Subplan Name": "InitPlan 1 (returns $2)", "Parallel Aware": false, "Startup Cost": 25818.08, "Total Cost": 25818.1, "Plan Rows": 1, "Plan Width": 32, "Plans": [{"Node Type": "Nested Loop", "Parent Relationship": "Outer", "Parallel Aware": false, "Join Type": "Inner", "Startup Cost": 45.91, "Total Cost": 23418.2, "Plan Rows": 319984, "Plan Width": 10, "Inner Unique": false, "Plans": [{"Node Type": "Nested Loop", "Parent Relationship": "Outer", "Parallel Aware": false, "Join Type": "Inner", "Startup Cost": 44.62, "Total Cost": 2244.36, "Plan Rows": 4000, "Plan Width": 4, "Inner Unique": false, "Plans": [{"Node Type": "Seq Scan", "Parent Relationship": "Outer", "Parallel Aware": false, "Relation Name": "nation", "Alias": "nation_1", "Startup Cost": 0.0, "Total Cost": 1.31, "Plan Rows": 1, "Plan Width": 4, "Filter": "(n_name = 'SAUDI ARABIA'::bpchar)"}, {"Node Type": "Bitmap Heap Scan", "Parent Relationship": "Inner", "Parallel Aware": false, "Relation Name": "supplier", "Alias": "supplier_1", "Startup Cost": 44.62, "Total Cost": 2203.05, "Plan Rows": 4000, "Plan Width": 8, "Recheck Cond": "(s_nationkey = nation_1.n_nationkey)", "Plans": [{"Node Type": "Bitmap Index Scan", "Parent Relationship": "Outer", "Parallel Aware": false, "Index Name": "idx_supplier_nation_key", "Startup Cost": 0.0, "Total Cost": 43.62, "Plan Rows": 4000, "Plan Width": 0, "Index Cond": "(s_nationkey = nation_1.n_nationkey)"}]}]}, {"Node Type": "Bitmap Heap Scan", "Parent Relationship": "Inner", "Parallel Aware": false, "Relation Name": "partsupp", "Alias": "partsupp_1", "Startup Cost": 1.29, "Total Cost": 4.49, "Plan Rows": 80, "Plan Width": 14, "Recheck Cond": "(ps_suppkey = supplier_1.s_suppkey)", "Plans": [{"Node Type": "Bitmap Index Scan", "Parent Relationship": "Outer", "Parallel Aware": false, "Index Name": "idx_partsupp_suppkey", "Startup Cost": 0.0, "Total Cost": 1.27, "Plan Rows": 80, "Plan Width": 0, "Index Cond": "(ps_suppkey = supplier_1.s_suppkey)"}]}]}]}, {"Node Type": "Sort", "Parent Relationship": "Outer", "Parallel Aware": false, "Startup Cost": 65209.67, "Total Cost": 65476.32, "Plan Rows": 106661, "Plan Width": 36, "Sort Key": ["(sum((partsupp.ps_supplycost * (partsupp.ps_availqty)::numeric))) DESC"], "Plans": [{"Node Type": "Aggregate", "Strategy": "Sorted", "Partial Mode": "Simple", "Parent Relationship": "Outer", "Parallel Aware": false, "Startup Cost": 52676.96, "Total Cost": 64676.36, "Plan Rows": 106661, "Plan Width": 36, "Group Key": ["partsupp.ps_partkey"], "Filter": "(sum((partsupp.ps_supplycost * (partsupp.ps_availqty)::numeric)) > $2)", "Plans": [{"Node Type": "Sort", "Parent Relationship": "Outer", "Parallel Aware": false, "Startup Cost": 52676.96, "Total Cost": 53476.92, "Plan Rows": 319984, "Plan Width": 14, "Sort Key": ["partsupp.ps_partkey"], "Plans": [{"Node Type": "Nested Loop", "Parent Relationship": "Outer", "Parallel Aware": false, "Join Type": "Inner", "Startup Cost": 45.91, "Total Cost": 23418.2, "Plan Rows": 319984, "Plan Width": 14, "Inner Unique": false, "Plans": [{"Node Type": "Nested Loop", "Parent Relationship": "Outer", "Parallel Aware": false, "Join Type": "Inner", "Startup Cost": 44.62, "Total Cost": 2244.36, "Plan Rows": 4000, "Plan Width": 4, "Inner Unique": false, "Plans": [{"Node Type": "Seq Scan", "Parent Relationship": "Outer", "Parallel Aware": false, "Relation Name": "nation", "Alias": "nation", "Startup Cost": 0.0, "Total Cost": 1.31, "Plan Rows": 1, "Plan Width": 4, "Filter": "(n_name = 'SAUDI ARABIA'::bpchar)"}, {"Node Type": "Bitmap Heap Scan", "Parent Relationship": "Inner", "Parallel Aware": false, "Relation Name": "supplier", "Alias": "supplier", "Startup Cost": 44.62, "Total Cost": 2203.05, "Plan Rows": 4000, "Plan Width": 8, "Recheck Cond": "(s_nationkey = nation.n_nationkey)", "Plans": [{"Node Type": "Bitmap Index Scan", "Parent Relationship": "Outer", "Parallel Aware": false, "Index Name": "idx_supplier_nation_key", "Startup Cost": 0.0, "Total Cost": 43.62, "Plan Rows": 4000, "Plan Width": 0, "Index Cond": "(s_nationkey = nation.n_nationkey)"}]}]}, {"Node Type": "Bitmap Heap Scan", "Parent Relationship": "Inner", "Parallel Aware": false, "Relation Name": "partsupp", "Alias": "partsupp", "Startup Cost": 1.29, "Total Cost": 4.49, "Plan Rows": 80, "Plan Width": 18, "Recheck Cond": "(ps_suppkey = supplier.s_suppkey)", "Plans": [{"Node Type": "Bitmap Index Scan", "Parent Relationship": "Outer", "Parallel Aware": false, "Index Name": "idx_partsupp_suppkey", "Startup Cost": 0.0, "Total Cost": 1.27, "Plan Rows": 80, "Plan Width": 0, "Index Cond": "(ps_suppkey = supplier.s_suppkey)"}]}]}]}]}]}]}}, {"Plan": {"Node Type": "Limit", "Parallel Aware": false, "Startup Cost": 649474.15, "Total Cost": 649474.15, "Plan Rows": 1, "Plan Width": 36, "Plans": [{"Node Type": "Aggregate", "Strategy": "Plain", "Partial Mode": "Finalize", "Parent Relationship": "InitPlan", "Subplan Name": "InitPlan 1 (returns $1)", "Parallel Aware": false, "Startup Cost": 296341.46, "Total Cost": 296341.47, "Plan Rows": 1, "Plan Width": 32, "Plans": [{"Node Type": "Gather", "Parent Relationship": "Outer", "Parallel Aware": false, "Startup Cost": 296341.13, "Total Cost": 296341.44, "Plan Rows": 3, "Plan Width": 32, "Workers Planned": 3, "Single Copy": false, "Plans": [{"Node Type": "Aggregate", "Strategy": "Plain", "Partial Mode": "Partial", "Parent Relationship": "Outer", "Parallel Aware": false, "Startup Cost": 295341.13, "Total Cost": 295341.14, "Plan Rows": 1, "Plan Width": 32, "Plans": [{"Node Type": "Merge Join", "Parent Relationship": "Outer", "Parallel Aware": false, "Join Type": "Inner", "Startup Cost": 4777.07, "Total Cost": 294566.97, "Plan Rows": 103221, "Plan Width": 10, "Inner Unique": false, "Merge Cond": "(partsupp_1.ps_suppkey = supplier_1.s_suppkey)", "Plans": [{"Node Type": "Index Scan", "Parent Relationship": "Outer", "Parallel Aware": true, "Scan Direction": "Forward", "Index Name": "idx_partsupp_suppkey", "Relation Name": "partsupp", "Alias": "partsupp_1", "Startup Cost": 0.43, "Total Cost": 281791.32, "Plan Rows": 2580516, "Plan Width": 14}, {"Node Type": "Sort", "Parent Relationship": "Inner", "Parallel Aware": false, "Startup Cost": 4776.63, "Total Cost": 4786.63, "Plan Rows": 4000, "Plan Width": 4, "Sort Key": ["supplier_1.s_suppkey"], "Plans": [{"Node Type": "Merge Join", "Parent Relationship": "Outer", "Parallel Aware": false, "Join Type": "Inner", "Startup Cost": 0.55, "Total Cost": 4537.32, "Plan Rows": 4000, "Plan Width": 4, "Inner Unique": true, "Merge Cond": "(supplier_1.s_nationkey = nation_1.n_nationkey)", "Plans": [{"Node Type": "Index Scan", "Parent Relationship": "Outer", "Parallel Aware": false, "Scan Direction": "Forward", "Index Name": "idx_supplier_nation_key", "Relation Name": "supplier", "Alias": "supplier_1", "Startup Cost": 0.42, "Total Cost": 4243.44, "Plan Rows": 100000, "Plan Width": 8}, {"Node Type": "Index Scan", "Parent Relationship": "Inner", "Parallel Aware": false, "Scan Direction": "Forward", "Index Name": "nation_pkey", "Relation Name": "nation", "Alias": "nation_1", "Startup Cost": 0.14, "Total Cost": 3.88, "Plan Rows": 1, "Plan Width": 4, "Filter": "(n_name = 'SAUDI ARABIA'::bpchar)"}]}]}]}]}]}]}, {"Node Type": "Sort", "Parent Relationship": "Outer", "Parallel Aware": false, "Startup Cost": 353132.68, "Total Cost": 353399.33, "Plan Rows": 106661, "Plan Width": 36, "Sort Key": ["(sum((partsupp.ps_supplycost * (partsupp.ps_availqty)::numeric))) DESC"], "Plans": [{"Node Type": "Aggregate", "Strategy": "Sorted", "Partial Mode": "Finalize", "Parent Relationship": "Outer", "Parallel Aware": false, "Startup Cost": 304162.94, "Total Cost": 352599.37, "Plan Rows": 106661, "Plan Width": 36, "Group Key": ["partsupp.ps_partkey"], "Filter": "(sum((partsupp.ps_supplycost * (partsupp.ps_availqty)::numeric)) > $1)", "Plans": [{"Node Type": "Gather Merge", "Parent Relationship": "Outer", "Parallel Aware": false, "Startup Cost": 304162.94, "Total Cost": 343128.86, "Plan Rows": 309663, "Plan Width": 36, "Workers Planned": 3, "Plans": [{"Node Type": "Aggregate", "Strategy": "Sorted", "Partial Mode": "Partial", "Parent Relationship": "Outer", "Parallel Aware": false, "Startup Cost": 303162.9, "Total Cost": 305743.42, "Plan Rows": 103221, "Plan Width": 36, "Group Key": ["partsupp.ps_partkey"], "Plans": [{"Node Type": "Sort", "Parent Relationship": "Outer", "Parallel Aware": false, "Startup Cost": 303162.9, "Total Cost": 303420.95, "Plan Rows": 103221, "Plan Width": 14, "Sort Key": ["partsupp.ps_partkey"], "Plans": [{"Node Type": "Merge Join", "Parent Relationship": "Outer", "Parallel Aware": false, "Join Type": "Inner", "Startup Cost": 4777.07, "Total Cost": 294566.97, "Plan Rows": 103221, "Plan Width": 14, "Inner Unique": false, "Merge Cond": "(partsupp.ps_suppkey = supplier.s_suppkey)", "Plans": [{"Node Type": "Index Scan", "Parent Relationship": "Outer", "Parallel Aware": true, "Scan Direction": "Forward", "Index Name": "idx_partsupp_suppkey", "Relation Name": "partsupp", "Alias": "partsupp", "Startup Cost": 0.43, "Total Cost": 281791.32, "Plan Rows": 2580516, "Plan Width": 18}, {"Node Type": "Sort", "Parent Relationship": "Inner", "Parallel Aware": false, "Startup Cost": 4776.63, "Total Cost": 4786.63, "Plan Rows": 4000, "Plan Width": 4, "Sort Key": ["supplier.s_suppkey"], "Plans": [{"Node Type": "Merge Join", "Parent Relationship": "Outer", "Parallel Aware": false, "Join Type": "Inner", "Startup Cost": 0.55, "Total Cost": 4537.32, "Plan Rows": 4000, "Plan Width": 4, "Inner Unique": true, "Merge Cond": "(supplier.s_nationkey = nation.n_nationkey)", "Plans": [{"Node Type": "Index Scan", "Parent Relationship": "Outer", "Parallel Aware": false, "Scan Direction": "Forward", "Index Name": "idx_supplier_nation_key", "Relation Name": "supplier", "Alias": "supplier", "Startup Cost": 0.42, "Total Cost": 4243.44, "Plan Rows": 100000, "Plan Width": 8}, {"Node Type": "Index Scan", "Parent Relationship": "Inner", "Parallel Aware": false, "Scan Direction": "Forward", "Index Name": "nation_pkey", "Relation Name": "nation", "Alias": "nation", "Startup Cost": 0.14, "Total Cost": 3.88, "Plan Rows": 1, "Plan Width": 4, "Filter": "(n_name = 'SAUDI ARABIA'::bpchar)"}]}]}]}]}]}]}]}]}]}}, {"Plan": {"Node Type": "Limit", "Parallel Aware": false, "Startup Cost": 80902.26, "Total Cost": 80902.27, "Plan Rows": 1, "Plan Width": 36, "Plans": [{"Node Type": "Aggregate", "Strategy": "Plain", "Partial Mode": "Finalize", "Parent Relationship": "InitPlan", "Subplan Name": "InitPlan 1 (returns $2)", "Parallel Aware": false, "Startup Cost": 17694.4, "Total Cost": 17694.41, "Plan Rows": 1, "Plan Width": 32, "Plans": [{"Node Type": "Gather", "Parent Relationship": "Outer", "Parallel Aware": false, "Startup Cost": 17694.28, "Total Cost": 17694.39, "Plan Rows": 1, "Plan Width": 32, "Workers Planned": 1, "Single Copy": false, "Plans": [{"Node Type": "Aggregate", "Strategy": "Plain", "Partial Mode": "Partial", "Parent Relationship": "Outer", "Parallel Aware": false, "Startup Cost": 16694.28, "Total Cost": 16694.29, "Plan Rows": 1, "Plan Width": 32, "Plans": [{"Node Type": "Nested Loop", "Parent Relationship": "Outer", "Parallel Aware": false, "Join Type": "Inner", "Startup Cost": 0.99, "Total Cost": 15282.58, "Plan Rows": 188226, "Plan Width": 10, "Inner Unique": false, "Plans": [{"Node Type": "Merge Join", "Parent Relationship": "Outer", "Parallel Aware": false, "Join Type": "Inner", "Startup Cost": 0.55, "Total Cost": 4006.14, "Plan Rows": 2353, "Plan Width": 4, "Inner Unique": true, "Merge Cond": "(supplier_1.s_nationkey = nation_1.n_nationkey)", "Plans": [{"Node Type": "Index Scan", "Parent Relationship": "Outer", "Parallel Aware": true, "Scan Direction": "Forward", "Index Name": "idx_supplier_nation_key", "Relation Name": "supplier", "Alias": "supplier_1", "Startup Cost": 0.42, "Total Cost": 3831.68, "Plan Rows": 58824, "Plan Width": 8}, {"Node Type": "Index Scan", "Parent Relationship": "Inner", "Parallel Aware": false, "Scan Direction": "Forward", "Index Name": "nation_pkey", "Relation Name": "nation", "Alias": "nation_1", "Startup Cost": 0.14, "Total Cost": 3.88, "Plan Rows": 1, "Plan Width": 4, "Filter": "(n_name = 'SAUDI ARABIA'::bpchar)"}]}, {"Node Type": "Index Scan", "Parent Relationship": "Inner", "Parallel Aware": false, "Scan Direction": "Forward", "Index Name": "idx_partsupp_suppkey", "Relation Name": "partsupp", "Alias": "partsupp_1", "Startup Cost": 0.43, "Total Cost": 3.99, "Plan Rows": 80, "Plan Width": 14, "Index Cond": "(ps_suppkey = supplier_1.s_suppkey)"}]}]}]}]}, {"Node Type": "Sort", "Parent Relationship": "Outer", "Parallel Aware": false, "Startup Cost": 63207.85, "Total Cost": 63474.51, "Plan Rows": 106661, "Plan Width": 36, "Sort Key": ["(sum((partsupp.ps_supplycost * (partsupp.ps_availqty)::numeric))) DESC"], "Plans": [{"Node Type": "Aggregate", "Strategy": "Sorted", "Partial Mode": "Simple", "Parent Relationship": "Outer", "Parallel Aware": false, "Startup Cost": 50675.15, "Total Cost": 62674.55, "Plan Rows": 106661, "Plan Width": 36, "Group Key": ["partsupp.ps_partkey"], "Filter": "(sum((partsupp.ps_supplycost * (partsupp.ps_availqty)::numeric)) > $2)", "Plans": [{"Node Type": "Sort", "Parent Relationship": "Outer", "Parallel Aware": false, "Startup Cost": 50675.15, "Total Cost": 51475.11, "Plan Rows": 319984, "Plan Width": 14, "Sort Key": ["partsupp.ps_partkey"], "Plans": [{"Node Type": "Nested Loop", "Parent Relationship": "Outer", "Parallel Aware": false, "Join Type": "Inner", "Startup Cost": 45.19, "Total Cost": 21416.39, "Plan Rows": 319984, "Plan Width": 14, "Inner Unique": false, "Plans": [{"Node Type": "Nested Loop", "Parent Relationship": "Outer", "Parallel Aware": false, "Join Type": "Inner", "Startup Cost": 44.76, "Total Cost": 2246.92, "Plan Rows": 4000, "Plan Width": 4, "Inner Unique": false, "Plans": [{"Node Type": "Index Scan", "Parent Relationship": "Outer", "Parallel Aware": false, "Scan Direction": "Forward", "Index Name": "nation_pkey", "Relation Name": "nation", "Alias": "nation", "Startup Cost": 0.14, "Total Cost": 3.88, "Plan Rows": 1, "Plan Width": 4, "Filter": "(n_name = 'SAUDI ARABIA'::bpchar)"}, {"Node Type": "Bitmap Heap Scan", "Parent Relationship": "Inner", "Parallel Aware": false, "Relation Name": "supplier", "Alias": "supplier", "Startup Cost": 44.62, "Total Cost": 2203.05, "Plan Rows": 4000, "Plan Width": 8, "Recheck Cond": "(s_nationkey = nation.n_nationkey)", "Plans": [{"Node Type": "Bitmap Index Scan", "Parent Relationship": "Outer", "Parallel Aware": false, "Index Name": "idx_supplier_nation_key", "Startup Cost": 0.0, "Total Cost": 43.62, "Plan Rows": 4000, "Plan Width": 0, "Index Cond": "(s_nationkey = nation.n_nationkey)"}]}]}, {"Node Type": "Index Scan", "Parent Relationship": "Inner", "Parallel Aware": false, "Scan Direction": "Forward", "Index Name": "idx_partsupp_suppkey", "Relation Name": "partsupp", "Alias": "partsupp", "Startup Cost": 0.43, "Total Cost": 3.99, "Plan Rows": 80, "Plan Width": 18, "Index Cond": "(ps_suppkey = supplier.s_suppkey)"}]}]}]}]}]}}, {"Plan": {"Node Type": "Limit", "Parallel Aware": false, "Startup Cost": 80897.15, "Total Cost": 80897.16, "Plan Rows": 1, "Plan Width": 36, "Plans": [{"Node Type": "Aggregate", "Strategy": "Plain", "Partial Mode": "Finalize", "Parent Relationship": "InitPlan", "Subplan Name": "InitPlan 1 (returns $2)", "Parallel Aware": false, "Startup Cost": 17691.85, "Total Cost": 17691.86, "Plan Rows": 1, "Plan Width": 32, "Plans": [{"Node Type": "Gather", "Parent Relationship": "Outer", "Parallel Aware": false, "Startup Cost": 17691.73, "Total Cost": 17691.84, "Plan Rows": 1, "Plan Width": 32, "Workers Planned": 1, "Single Copy": false, "Plans": [{"Node Type": "Aggregate", "Strategy": "Plain", "Partial Mode": "Partial", "Parent Relationship": "Outer", "Parallel Aware": false, "Startup Cost": 16691.73, "Total Cost": 16691.74, "Plan Rows": 1, "Plan Width": 32, "Plans": [{"Node Type": "Nested Loop", "Parent Relationship": "Outer", "Parallel Aware": false, "Join Type": "Inner", "Startup Cost": 2.17, "Total Cost": 15280.03, "Plan Rows": 188226, "Plan Width": 10, "Inner Unique": false, "Plans": [{"Node Type": "Merge Join", "Parent Relationship": "Outer", "Parallel Aware": false, "Join Type": "Inner", "Startup Cost": 1.74, "Total Cost": 4003.6, "Plan Rows": 2353, "Plan Width": 4, "Inner Unique": true, "Merge Cond": "(supplier_1.s_nationkey = nation_1.n_nationkey)", "Plans": [{"Node Type": "Index Scan", "Parent Relationship": "Outer", "Parallel Aware": true, "Scan Direction": "Forward", "Index Name": "idx_supplier_nation_key", "Relation Name": "supplier", "Alias": "supplier_1", "Startup Cost": 0.42, "Total Cost": 3831.68, "Plan Rows": 58824, "Plan Width": 8}, {"Node Type": "Sort", "Parent Relationship": "Inner", "Parallel Aware": false, "Startup Cost": 1.32, "Total Cost": 1.33, "Plan Rows": 1, "Plan Width": 4, "Sort Key": ["nation_1.n_nationkey"], "Plans": [{"Node Type": "Seq Scan", "Parent Relationship": "Outer", "Parallel Aware": false, "Relation Name": "nation", "Alias": "nation_1", "Startup Cost": 0.0, "Total Cost": 1.31, "Plan Rows": 1, "Plan Width": 4, "Filter": "(n_name = 'SAUDI ARABIA'::bpchar)"}]}]}, {"Node Type": "Index Scan", "Parent Relationship": "Inner", "Parallel Aware": false, "Scan Direction": "Forward", "Index Name": "idx_partsupp_suppkey", "Relation Name": "partsupp", "Alias": "partsupp_1", "Startup Cost": 0.43, "Total Cost": 3.99, "Plan Rows": 80, "Plan Width": 14, "Index Cond": "(ps_suppkey = supplier_1.s_suppkey)"}]}]}]}]}, {"Node Type": "Sort", "Parent Relationship": "Outer", "Parallel Aware": false, "Startup Cost": 63205.29, "Total Cost": 63471.94, "Plan Rows": 106661, "Plan Width": 36, "Sort Key": ["(sum((partsupp.ps_supplycost * (partsupp.ps_availqty)::numeric))) DESC"], "Plans": [{"Node Type": "Aggregate", "Strategy": "Sorted", "Partial Mode": "Simple", "Parent Relationship": "Outer", "Parallel Aware": false, "Startup Cost": 50672.59, "Total Cost": 62671.99, "Plan Rows": 106661, "Plan Width": 36, "Group Key": ["partsupp.ps_partkey"], "Filter": "(sum((partsupp.ps_supplycost * (partsupp.ps_availqty)::numeric)) > $2)", "Plans": [{"Node Type": "Sort", "Parent Relationship": "Outer", "Parallel Aware": false, "Startup Cost": 50672.59, "Total Cost": 51472.55, "Plan Rows": 319984, "Plan Width": 14, "Sort Key": ["partsupp.ps_partkey"], "Plans": [{"Node Type": "Nested Loop", "Parent Relationship": "Outer", "Parallel Aware": false, "Join Type": "Inner", "Startup Cost": 45.05, "Total Cost": 21413.83, "Plan Rows": 319984, "Plan Width": 14, "Inner Unique": false, "Plans": [{"Node Type": "Nested Loop", "Parent Relationship": "Outer", "Parallel Aware": false, "Join Type": "Inner", "Startup Cost": 44.62, "Total Cost": 2244.36, "Plan Rows": 4000, "Plan Width": 4, "Inner Unique": false, "Plans": [{"Node Type": "Seq Scan", "Parent Relationship": "Outer", "Parallel Aware": false, "Relation Name": "nation", "Alias": "nation", "Startup Cost": 0.0, "Total Cost": 1.31, "Plan Rows": 1, "Plan Width": 4, "Filter": "(n_name = 'SAUDI ARABIA'::bpchar)"}, {"Node Type": "Bitmap Heap Scan", "Parent Relationship": "Inner", "Parallel Aware": false, "Relation Name": "supplier", "Alias": "supplier", "Startup Cost": 44.62, "Total Cost": 2203.05, "Plan Rows": 4000, "Plan Width": 8, "Recheck Cond": "(s_nationkey = nation.n_nationkey)", "Plans": [{"Node Type": "Bitmap Index Scan", "Parent Relationship": "Outer", "Parallel Aware": false, "Index Name": "idx_supplier_nation_key", "Startup Cost": 0.0, "Total Cost": 43.62, "Plan Rows": 4000, "Plan Width": 0, "Index Cond": "(s_nationkey = nation.n_nationkey)"}]}]}, {"Node Type": "Index Scan", "Parent Relationship": "Inner", "Parallel Aware": false, "Scan Direction": "Forward", "Index Name": "idx_partsupp_suppkey", "Relation Name": "partsupp", "Alias": "partsupp", "Startup Cost": 0.43, "Total Cost": 3.99, "Plan Rows": 80, "Plan Width": 18, "Index Cond": "(ps_suppkey = supplier.s_suppkey)"}]}]}]}]}]}}, {"Plan": {"Node Type": "Limit", "Parallel Aware": false, "Startup Cost": 649474.15, "Total Cost": 649474.15, "Plan Rows": 1, "Plan Width": 36, "Plans": [{"Node Type": "Aggregate", "Strategy": "Plain", "Partial Mode": "Finalize", "Parent Relationship": "InitPlan", "Subplan Name": "InitPlan 1 (returns $1)", "Parallel Aware": false, "Startup Cost": 296341.46, "Total Cost": 296341.47, "Plan Rows": 1, "Plan Width": 32, "Plans": [{"Node Type": "Gather", "Parent Relationship": "Outer", "Parallel Aware": false, "Startup Cost": 296341.13, "Total Cost": 296341.44, "Plan Rows": 3, "Plan Width": 32, "Workers Planned": 3, "Single Copy": false, "Plans": [{"Node Type": "Aggregate", "Strategy": "Plain", "Partial Mode": "Partial", "Parent Relationship": "Outer", "Parallel Aware": false, "Startup Cost": 295341.13, "Total Cost": 295341.14, "Plan Rows": 1, "Plan Width": 32, "Plans": [{"Node Type": "Merge Join", "Parent Relationship": "Outer", "Parallel Aware": false, "Join Type": "Inner", "Startup Cost": 4777.07, "Total Cost": 294566.97, "Plan Rows": 103221, "Plan Width": 10, "Inner Unique": false, "Merge Cond": "(partsupp_1.ps_suppkey = supplier_1.s_suppkey)", "Plans": [{"Node Type": "Index Scan", "Parent Relationship": "Outer", "Parallel Aware": true, "Scan Direction": "Forward", "Index Name": "idx_partsupp_suppkey", "Relation Name": "partsupp", "Alias": "partsupp_1", "Startup Cost": 0.43, "Total Cost": 281791.32, "Plan Rows": 2580516, "Plan Width": 14}, {"Node Type": "Sort", "Parent Relationship": "Inner", "Parallel Aware": false, "Startup Cost": 4776.63, "Total Cost": 4786.63, "Plan Rows": 4000, "Plan Width": 4, "Sort Key": ["supplier_1.s_suppkey"], "Plans": [{"Node Type": "Merge Join", "Parent Relationship": "Outer", "Parallel Aware": false, "Join Type": "Inner", "Startup Cost": 0.55, "Total Cost": 4537.32, "Plan Rows": 4000, "Plan Width": 4, "Inner Unique": true, "Merge Cond": "(supplier_1.s_nationkey = nation_1.n_nationkey)", "Plans": [{"Node Type": "Index Scan", "Parent Relationship": "Outer", "Parallel Aware": false, "Scan Direction": "Forward", "Index Name": "idx_supplier_nation_key", "Relation Name": "supplier", "Alias": "supplier_1", "Startup Cost": 0.42, "Total Cost": 4243.44, "Plan Rows": 100000, "Plan Width": 8}, {"Node Type": "Index Scan", "Parent Relationship": "Inner", "Parallel Aware": false, "Scan Direction": "Forward", "Index Name": "nation_pkey", "Relation Name": "nation", "Alias": "nation_1", "Startup Cost": 0.14, "Total Cost": 3.88, "Plan Rows": 1, "Plan Width": 4, "Filter": "(n_name = 'SAUDI ARABIA'::bpchar)"}]}]}]}]}]}]}, {"Node Type": "Sort", "Parent Relationship": "Outer", "Parallel Aware": false, "Startup Cost": 353132.68, "Total Cost": 353399.33, "Plan Rows": 106661, "Plan Width": 36, "Sort Key": ["(sum((partsupp.ps_supplycost * (partsupp.ps_availqty)::numeric))) DESC"], "Plans": [{"Node Type": "Aggregate", "Strategy": "Sorted", "Partial Mode": "Finalize", "Parent Relationship": "Outer", "Parallel Aware": false, "Startup Cost": 304162.94, "Total Cost": 352599.37, "Plan Rows": 106661, "Plan Width": 36, "Group Key": ["partsupp.ps_partkey"], "Filter": "(sum((partsupp.ps_supplycost * (partsupp.ps_availqty)::numeric)) > $1)", "Plans": [{"Node Type": "Gather Merge", "Parent Relationship": "Outer", "Parallel Aware": false, "Startup Cost": 304162.94, "Total Cost": 343128.86, "Plan Rows": 309663, "Plan Width": 36, "Workers Planned": 3, "Plans": [{"Node Type": "Aggregate", "Strategy": "Sorted", "Partial Mode": "Partial", "Parent Relationship": "Outer", "Parallel Aware": false, "Startup Cost": 303162.9, "Total Cost": 305743.42, "Plan Rows": 103221, "Plan Width": 36, "Group Key": ["partsupp.ps_partkey"], "Plans": [{"Node Type": "Sort", "Parent Relationship": "Outer", "Parallel Aware": false, "Startup Cost": 303162.9, "Total Cost": 303420.95, "Plan Rows": 103221, "Plan Width": 14, "Sort Key": ["partsupp.ps_partkey"], "Plans": [{"Node Type": "Merge Join", "Parent Relationship": "Outer", "Parallel Aware": false, "Join Type": "Inner", "Startup Cost": 4777.07, "Total Cost": 294566.97, "Plan Rows": 103221, "Plan Width": 14, "Inner Unique": false, "Merge Cond": "(partsupp.ps_suppkey = supplier.s_suppkey)", "Plans": [{"Node Type": "Index Scan", "Parent Relationship": "Outer", "Parallel Aware": true, "Scan Direction": "Forward", "Index Name": "idx_partsupp_suppkey", "Relation Name": "partsupp", "Alias": "partsupp", "Startup Cost": 0.43, "Total Cost": 281791.32, "Plan Rows": 2580516, "Plan Width": 18}, {"Node Type": "Sort", "Parent Relationship": "Inner", "Parallel Aware": false, "Startup Cost": 4776.63, "Total Cost": 4786.63, "Plan Rows": 4000, "Plan Width": 4, "Sort Key": ["supplier.s_suppkey"], "Plans": [{"Node Type": "Merge Join", "Parent Relationship": "Outer", "Parallel Aware": false, "Join Type": "Inner", "Startup Cost": 0.55, "Total Cost": 4537.32, "Plan Rows": 4000, "Plan Width": 4, "Inner Unique": true, "Merge Cond": "(supplier.s_nationkey = nation.n_nationkey)", "Plans": [{"Node Type": "Index Scan", "Parent Relationship": "Outer", "Parallel Aware": false, "Scan Direction": "Forward", "Index Name": "idx_supplier_nation_key", "Relation Name": "supplier", "Alias": "supplier", "Startup Cost": 0.42, "Total Cost": 4243.44, "Plan Rows": 100000, "Plan Width": 8}, {"Node Type": "Index Scan", "Parent Relationship": "Inner", "Parallel Aware": false, "Scan Direction": "Forward", "Index Name": "nation_pkey", "Relation Name": "nation", "Alias": "nation", "Startup Cost": 0.14, "Total Cost": 3.88, "Plan Rows": 1, "Plan Width": 4, "Filter": "(n_name = 'SAUDI ARABIA'::bpchar)"}]}]}]}]}]}]}]}]}]}}, {"Plan": {"Node Type": "Limit", "Parallel Aware": false, "Startup Cost": 87024.14, "Total Cost": 87024.14, "Plan Rows": 1, "Plan Width": 36, "Plans": [{"Node Type": "Aggregate", "Strategy": "Plain", "Partial Mode": "Simple", "Parent Relationship": "InitPlan", "Subplan Name": "InitPlan 1 (returns $2)", "Parallel Aware": false, "Startup Cost": 23816.27, "Total Cost": 23816.28, "Plan Rows": 1, "Plan Width": 32, "Plans": [{"Node Type": "Nested Loop", "Parent Relationship": "Outer", "Parallel Aware": false, "Join Type": "Inner", "Startup Cost": 45.19, "Total Cost": 21416.39, "Plan Rows": 319984, "Plan Width": 10, "Inner Unique": false, "Plans": [{"Node Type": "Nested Loop", "Parent Relationship": "Outer", "Parallel Aware": false, "Join Type": "Inner", "Startup Cost": 44.76, "Total Cost": 2246.92, "Plan Rows": 4000, "Plan Width": 4, "Inner Unique": false, "Plans": [{"Node Type": "Index Scan", "Parent Relationship": "Outer", "Parallel Aware": false, "Scan Direction": "Forward", "Index Name": "nation_pkey", "Relation Name": "nation", "Alias": "nation_1", "Startup Cost": 0.14, "Total Cost": 3.88, "Plan Rows": 1, "Plan Width": 4, "Filter": "(n_name = 'SAUDI ARABIA'::bpchar)"}, {"Node Type": "Bitmap Heap Scan", "Parent Relationship": "Inner", "Parallel Aware": false, "Relation Name": "supplier", "Alias": "supplier_1", "Startup Cost": 44.62, "Total Cost": 2203.05, "Plan Rows": 4000, "Plan Width": 8, "Recheck Cond": "(s_nationkey = nation_1.n_nationkey)", "Plans": [{"Node Type": "Bitmap Index Scan", "Parent Relationship": "Outer", "Parallel Aware": false, "Index Name": "idx_supplier_nation_key", "Startup Cost": 0.0, "Total Cost": 43.62, "Plan Rows": 4000, "Plan Width": 0, "Index Cond": "(s_nationkey = nation_1.n_nationkey)"}]}]}, {"Node Type": "Index Scan", "Parent Relationship": "Inner", "Parallel Aware": false, "Scan Direction": "Forward", "Index Name": "idx_partsupp_suppkey", "Relation Name": "partsupp", "Alias": "partsupp_1", "Startup Cost": 0.43, "Total Cost": 3.99, "Plan Rows": 80, "Plan Width": 14, "Index Cond": "(ps_suppkey = supplier_1.s_suppkey)"}]}]}, {"Node Type": "Sort", "Parent Relationship": "Outer", "Parallel Aware": false, "Startup Cost": 63207.85, "Total Cost": 63474.51, "Plan Rows": 106661, "Plan Width": 36, "Sort Key": ["(sum((partsupp.ps_supplycost * (partsupp.ps_availqty)::numeric))) DESC"], "Plans": [{"Node Type": "Aggregate", "Strategy": "Sorted", "Partial Mode": "Simple", "Parent Relationship": "Outer", "Parallel Aware": false, "Startup Cost": 50675.15, "Total Cost": 62674.55, "Plan Rows": 106661, "Plan Width": 36, "Group Key": ["partsupp.ps_partkey"], "Filter": "(sum((partsupp.ps_supplycost * (partsupp.ps_availqty)::numeric)) > $2)", "Plans": [{"Node Type": "Sort", "Parent Relationship": "Outer", "Parallel Aware": false, "Startup Cost": 50675.15, "Total Cost": 51475.11, "Plan Rows": 319984, "Plan Width": 14, "Sort Key": ["partsupp.ps_partkey"], "Plans": [{"Node Type": "Nested Loop", "Parent Relationship": "Outer", "Parallel Aware": false, "Join Type": "Inner", "Startup Cost": 45.19, "Total Cost": 21416.39, "Plan Rows": 319984, "Plan Width": 14, "Inner Unique": false, "Plans": [{"Node Type": "Nested Loop", "Parent Relationship": "Outer", "Parallel Aware": false, "Join Type": "Inner", "Startup Cost": 44.76, "Total Cost": 2246.92, "Plan Rows": 4000, "Plan Width": 4, "Inner Unique": false, "Plans": [{"Node Type": "Index Scan", "Parent Relationship": "Outer", "Parallel Aware": false, "Scan Direction": "Forward", "Index Name": "nation_pkey", "Relation Name": "nation", "Alias": "nation", "Startup Cost": 0.14, "Total Cost": 3.88, "Plan Rows": 1, "Plan Width": 4, "Filter": "(n_name = 'SAUDI ARABIA'::bpchar)"}, {"Node Type": "Bitmap Heap Scan", "Parent Relationship": "Inner", "Parallel Aware": false, "Relation Name": "supplier", "Alias": "supplier", "Startup Cost": 44.62, "Total Cost": 2203.05, "Plan Rows": 4000, "Plan Width": 8, "Recheck Cond": "(s_nationkey = nation.n_nationkey)", "Plans": [{"Node Type": "Bitmap Index Scan", "Parent Relationship": "Outer", "Parallel Aware": false, "Index Name": "idx_supplier_nation_key", "Startup Cost": 0.0, "Total Cost": 43.62, "Plan Rows": 4000, "Plan Width": 0, "Index Cond": "(s_nationkey = nation.n_nationkey)"}]}]}, {"Node Type": "Index Scan", "Parent Relationship": "Inner", "Parallel Aware": false, "Scan Direction": "Forward", "Index Name": "idx_partsupp_suppkey", "Relation Name": "partsupp", "Alias": "partsupp", "Startup Cost": 0.43, "Total Cost": 3.99, "Plan Rows": 80, "Plan Width": 18, "Index Cond": "(ps_suppkey = supplier.s_suppkey)"}]}]}]}]}]}}, {"Plan": {"Node Type": "Limit", "Parallel Aware": false, "Startup Cost": 87019.01, "Total Cost": 87019.01, "Plan Rows": 1, "Plan Width": 36, "Plans": [{"Node Type": "Aggregate", "Strategy": "Plain", "Partial Mode": "Simple", "Parent Relationship": "InitPlan", "Subplan Name": "InitPlan 1 (returns $2)", "Parallel Aware": false, "Startup Cost": 23813.71, "Total Cost": 23813.72, "Plan Rows": 1, "Plan Width": 32, "Plans": [{"Node Type": "Nested Loop", "Parent Relationship": "Outer", "Parallel Aware": false, "Join Type": "Inner", "Startup Cost": 45.05, "Total Cost": 21413.83, "Plan Rows": 319984, "Plan Width": 10, "Inner Unique": false, "Plans": [{"Node Type": "Nested Loop", "Parent Relationship": "Outer", "Parallel Aware": false, "Join Type": "Inner", "Startup Cost": 44.62, "Total Cost": 2244.36, "Plan Rows": 4000, "Plan Width": 4, "Inner Unique": false, "Plans": [{"Node Type": "Seq Scan", "Parent Relationship": "Outer", "Parallel Aware": false, "Relation Name": "nation", "Alias": "nation_1", "Startup Cost": 0.0, "Total Cost": 1.31, "Plan Rows": 1, "Plan Width": 4, "Filter": "(n_name = 'SAUDI ARABIA'::bpchar)"}, {"Node Type": "Bitmap Heap Scan", "Parent Relationship": "Inner", "Parallel Aware": false, "Relation Name": "supplier", "Alias": "supplier_1", "Startup Cost": 44.62, "Total Cost": 2203.05, "Plan Rows": 4000, "Plan Width": 8, "Recheck Cond": "(s_nationkey = nation_1.n_nationkey)", "Plans": [{"Node Type": "Bitmap Index Scan", "Parent Relationship": "Outer", "Parallel Aware": false, "Index Name": "idx_supplier_nation_key", "Startup Cost": 0.0, "Total Cost": 43.62, "Plan Rows": 4000, "Plan Width": 0, "Index Cond": "(s_nationkey = nation_1.n_nationkey)"}]}]}, {"Node Type": "Index Scan", "Parent Relationship": "Inner", "Parallel Aware": false, "Scan Direction": "Forward", "Index Name": "idx_partsupp_suppkey", "Relation Name": "partsupp", "Alias": "partsupp_1", "Startup Cost": 0.43, "Total Cost": 3.99, "Plan Rows": 80, "Plan Width": 14, "Index Cond": "(ps_suppkey = supplier_1.s_suppkey)"}]}]}, {"Node Type": "Sort", "Parent Relationship": "Outer", "Parallel Aware": false, "Startup Cost": 63205.29, "Total Cost": 63471.94, "Plan Rows": 106661, "Plan Width": 36, "Sort Key": ["(sum((partsupp.ps_supplycost * (partsupp.ps_availqty)::numeric))) DESC"], "Plans": [{"Node Type": "Aggregate", "Strategy": "Sorted", "Partial Mode": "Simple", "Parent Relationship": "Outer", "Parallel Aware": false, "Startup Cost": 50672.59, "Total Cost": 62671.99, "Plan Rows": 106661, "Plan Width": 36, "Group Key": ["partsupp.ps_partkey"], "Filter": "(sum((partsupp.ps_supplycost * (partsupp.ps_availqty)::numeric)) > $2)", "Plans": [{"Node Type": "Sort", "Parent Relationship": "Outer", "Parallel Aware": false, "Startup Cost": 50672.59, "Total Cost": 51472.55, "Plan Rows": 319984, "Plan Width": 14, "Sort Key": ["partsupp.ps_partkey"], "Plans": [{"Node Type": "Nested Loop", "Parent Relationship": "Outer", "Parallel Aware": false, "Join Type": "Inner", "Startup Cost": 45.05, "Total Cost": 21413.83, "Plan Rows": 319984, "Plan Width": 14, "Inner Unique": false, "Plans": [{"Node Type": "Nested Loop", "Parent Relationship": "Outer", "Parallel Aware": false, "Join Type": "Inner", "Startup Cost": 44.62, "Total Cost": 2244.36, "Plan Rows": 4000, "Plan Width": 4, "Inner Unique": false, "Plans": [{"Node Type": "Seq Scan", "Parent Relationship": "Outer", "Parallel Aware": false, "Relation Name": "nation", "Alias": "nation", "Startup Cost": 0.0, "Total Cost": 1.31, "Plan Rows": 1, "Plan Width": 4, "Filter": "(n_name = 'SAUDI ARABIA'::bpchar)"}, {"Node Type": "Bitmap Heap Scan", "Parent Relationship": "Inner", "Parallel Aware": false, "Relation Name": "supplier", "Alias": "supplier", "Startup Cost": 44.62, "Total Cost": 2203.05, "Plan Rows": 4000, "Plan Width": 8, "Recheck Cond": "(s_nationkey = nation.n_nationkey)", "Plans": [{"Node Type": "Bitmap Index Scan", "Parent Relationship": "Outer", "Parallel Aware": false, "Index Name": "idx_supplier_nation_key", "Startup Cost": 0.0, "Total Cost": 43.62, "Plan Rows": 4000, "Plan Width": 0, "Index Cond": "(s_nationkey = nation.n_nationkey)"}]}]}, {"Node Type": "Index Scan", "Parent Relationship": "Inner", "Parallel Aware": false, "Scan Direction": "Forward", "Index Name": "idx_partsupp_suppkey", "Relation Name": "partsupp", "Alias": "partsupp", "Startup Cost": 0.43, "Total Cost": 3.99, "Plan Rows": 80, "Plan Width": 18, "Index Cond": "(ps_suppkey = supplier.s_suppkey)"}]}]}]}]}]}}, {"Plan": {"Node Type": "Limit", "Parallel Aware": false, "Startup Cost": 87860.29, "Total Cost": 87860.29, "Plan Rows": 1, "Plan Width": 36, "Plans": [{"Node Type": "Aggregate", "Strategy": "Plain", "Partial Mode": "Finalize", "Parent Relationship": "InitPlan", "Subplan Name": "InitPlan 1 (returns $2)", "Parallel Aware": false, "Startup Cost": 22650.61, "Total Cost": 22650.63, "Plan Rows": 1, "Plan Width": 32, "Plans": [{"Node Type": "Gather", "Parent Relationship": "Outer", "Parallel Aware": false, "Startup Cost": 22650.5, "Total Cost": 22650.61, "Plan Rows": 1, "Plan Width": 32, "Workers Planned": 1, "Single Copy": false, "Plans": [{"Node Type": "Aggregate", "Strategy": "Plain", "Partial Mode": "Partial", "Parent Relationship": "Outer", "Parallel Aware": false, "Startup Cost": 21650.5, "Total Cost": 21650.51, "Plan Rows": 1, "Plan Width": 32, "Plans": [{"Node Type": "Nested Loop", "Parent Relationship": "Outer", "Parallel Aware": false, "Join Type": "Inner", "Startup Cost": 7466.92, "Total Cost": 20238.8, "Plan Rows": 188226, "Plan Width": 10, "Inner Unique": false, "Plans": [{"Node Type": "Merge Join", "Parent Relationship": "Outer", "Parallel Aware": false, "Join Type": "Inner", "Startup Cost": 7465.63, "Total Cost": 7783.29, "Plan Rows": 2353, "Plan Width": 4, "Inner Unique": true, "Merge Cond": "(supplier_1.s_nationkey = nation_1.n_nationkey)", "Plans": [{"Node Type": "Sort", "Parent Relationship": "Outer", "Parallel Aware": false, "Startup Cost": 7464.31, "Total Cost": 7611.37, "Plan Rows": 58824, "Plan Width": 8, "Sort Key": ["supplier_1.s_nationkey"], "Plans": [{"Node Type": "Seq Scan", "Parent Relationship": "Outer", "Parallel Aware": true, "Relation Name": "supplier", "Alias": "supplier_1", "Startup Cost": 0.0, "Total Cost": 2804.24, "Plan Rows": 58824, "Plan Width": 8}]}, {"Node Type": "Sort", "Parent Relationship": "Inner", "Parallel Aware": false, "Startup Cost": 1.32, "Total Cost": 1.33, "Plan Rows": 1, "Plan Width": 4, "Sort Key": ["nation_1.n_nationkey"], "Plans": [{"Node Type": "Seq Scan", "Parent Relationship": "Outer", "Parallel Aware": false, "Relation Name": "nation", "Alias": "nation_1", "Startup Cost": 0.0, "Total Cost": 1.31, "Plan Rows": 1, "Plan Width": 4, "Filter": "(n_name = 'SAUDI ARABIA'::bpchar)"}]}]}, {"Node Type": "Bitmap Heap Scan", "Parent Relationship": "Inner", "Parallel Aware": false, "Relation Name": "partsupp", "Alias": "partsupp_1", "Startup Cost": 1.29, "Total Cost": 4.49, "Plan Rows": 80, "Plan Width": 14, "Recheck Cond": "(ps_suppkey = supplier_1.s_suppkey)", "Plans": [{"Node Type": "Bitmap Index Scan", "Parent Relationship": "Outer", "Parallel Aware": false, "Index Name": "idx_partsupp_suppkey", "Startup Cost": 0.0, "Total Cost": 1.27, "Plan Rows": 80, "Plan Width": 0, "Index Cond": "(ps_suppkey = supplier_1.s_suppkey)"}]}]}]}]}]}, {"Node Type": "Sort", "Parent Relationship": "Outer", "Parallel Aware": false, "Startup Cost": 65209.67, "Total Cost": 65476.32, "Plan Rows": 106661, "Plan Width": 36, "Sort Key": ["(sum((partsupp.ps_supplycost * (partsupp.ps_availqty)::numeric))) DESC"], "Plans": [{"Node Type": "Aggregate", "Strategy": "Sorted", "Partial Mode": "Simple", "Parent Relationship": "Outer", "Parallel Aware": false, "Startup Cost": 52676.96, "Total Cost": 64676.36, "Plan Rows": 106661, "Plan Width": 36, "Group Key": ["partsupp.ps_partkey"], "Filter": "(sum((partsupp.ps_supplycost * (partsupp.ps_availqty)::numeric)) > $2)", "Plans": [{"Node Type": "Sort", "Parent Relationship": "Outer", "Parallel Aware": false, "Startup Cost": 52676.96, "Total Cost": 53476.92, "Plan Rows": 319984, "Plan Width": 14, "Sort Key": ["partsupp.ps_partkey"], "Plans": [{"Node Type": "Nested Loop", "Parent Relationship": "Outer", "Parallel Aware": false, "Join Type": "Inner", "Startup Cost": 45.91, "Total Cost": 23418.2, "Plan Rows": 319984, "Plan Width": 14, "Inner Unique": false, "Plans": [{"Node Type": "Nested Loop", "Parent Relationship": "Outer", "Parallel Aware": false, "Join Type": "Inner", "Startup Cost": 44.62, "Total Cost": 2244.36, "Plan Rows": 4000, "Plan Width": 4, "Inner Unique": false, "Plans": [{"Node Type": "Seq Scan", "Parent Relationship": "Outer", "Parallel Aware": false, "Relation Name": "nation", "Alias": "nation", "Startup Cost": 0.0, "Total Cost": 1.31, "Plan Rows": 1, "Plan Width": 4, "Filter": "(n_name = 'SAUDI ARABIA'::bpchar)"}, {"Node Type": "Bitmap Heap Scan", "Parent Relationship": "Inner", "Parallel Aware": false, "Relation Name": "supplier", "Alias": "supplier", "Startup Cost": 44.62, "Total Cost": 2203.05, "Plan Rows": 4000, "Plan Width": 8, "Recheck Cond": "(s_nationkey = nation.n_nationkey)", "Plans": [{"Node Type": "Bitmap Index Scan", "Parent Relationship": "Outer", "Parallel Aware": false, "Index Name": "idx_supplier_nation_key", "Startup Cost": 0.0, "Total Cost": 43.62, "Plan Rows": 4000, "Plan Width": 0, "Index Cond": "(s_nationkey = nation.n_nationkey)"}]}]}, {"Node Type": "Bitmap Heap Scan", "Parent Relationship": "Inner", "Parallel Aware": false, "Relation Name": "partsupp", "Alias": "partsupp", "Startup Cost": 1.29, "Total Cost": 4.49, "Plan Rows": 80, "Plan Width": 18, "Recheck Cond": "(ps_suppkey = supplier.s_suppkey)", "Plans": [{"Node Type": "Bitmap Index Scan", "Parent Relationship": "Outer", "Parallel Aware": false, "Index Name": "idx_partsupp_suppkey", "Startup Cost": 0.0, "Total Cost": 1.27, "Plan Rows": 80, "Plan Width": 0, "Index Cond": "(ps_suppkey = supplier.s_suppkey)"}]}]}]}]}]}]}}, {"Plan": {"Node Type": "Limit", "Parallel Aware": false, "Startup Cost": 1120686.17, "Total Cost": 1120686.17, "Plan Rows": 1, "Plan Width": 36, "Plans": [{"Node Type": "Aggregate", "Strategy": "Plain", "Partial Mode": "Finalize", "Parent Relationship": "InitPlan", "Subplan Name": "InitPlan 1 (returns $1)", "Parallel Aware": false, "Startup Cost": 529364.47, "Total Cost": 529364.48, "Plan Rows": 1, "Plan Width": 32, "Plans": [{"Node Type": "Gather", "Parent Relationship": "Outer", "Parallel Aware": false, "Startup Cost": 529364.14, "Total Cost": 529364.45, "Plan Rows": 3, "Plan Width": 32, "Workers Planned": 3, "Single Copy": false, "Plans": [{"Node Type": "Aggregate", "Strategy": "Plain", "Partial Mode": "Partial", "Parent Relationship": "Outer", "Parallel Aware": false, "Startup Cost": 528364.14, "Total Cost": 528364.15, "Plan Rows": 1, "Plan Width": 32, "Plans": [{"Node Type": "Merge Join", "Parent Relationship": "Outer", "Parallel Aware": false, "Join Type": "Inner", "Startup Cost": 513139.67, "Total Cost": 527589.98, "Plan Rows": 103221, "Plan Width": 10, "Inner Unique": false, "Merge Cond": "(partsupp_1.ps_suppkey = supplier_1.s_suppkey)", "Plans": [{"Node Type": "Sort", "Parent Relationship": "Outer", "Parallel Aware": false, "Startup Cost": 500838.21, "Total Cost": 507289.5, "Plan Rows": 2580516, "Plan Width": 14, "Sort Key": ["partsupp_1.ps_suppkey"], "Plans": [{"Node Type": "Seq Scan", "Parent Relationship": "Outer", "Parallel Aware": true, "Relation Name": "partsupp", "Alias": "partsupp_1", "Startup Cost": 0.0, "Total Cost": 200191.16, "Plan Rows": 2580516, "Plan Width": 14}]}, {"Node Type": "Sort", "Parent Relationship": "Inner", "Parallel Aware": false, "Startup Cost": 12301.47, "Total Cost": 12311.47, "Plan Rows": 4000, "Plan Width": 4, "Sort Key": ["supplier_1.s_suppkey"], "Plans": [{"Node Type": "Merge Join", "Parent Relationship": "Outer", "Parallel Aware": false, "Join Type": "Inner", "Startup Cost": 11522.14, "Total Cost": 12062.15, "Plan Rows": 4000, "Plan Width": 4, "Inner Unique": true, "Merge Cond": "(supplier_1.s_nationkey = nation_1.n_nationkey)", "Plans": [{"Node Type": "Sort", "Parent Relationship": "Outer", "Parallel Aware": false, "Startup Cost": 11520.82, "Total Cost": 11770.82, "Plan Rows": 100000, "Plan Width": 8, "Sort Key": ["supplier_1.s_nationkey"], "Plans": [{"Node Type": "Seq Scan", "Parent Relationship": "Outer", "Parallel Aware": false, "Relation Name": "supplier", "Alias": "supplier_1", "Startup Cost": 0.0, "Total Cost": 3216.0, "Plan Rows": 100000, "Plan Width": 8}]}, {"Node Type": "Sort", "Parent Relationship": "Inner", "Parallel Aware": false, "Startup Cost": 1.32, "Total Cost": 1.33, "Plan Rows": 1, "Plan Width": 4, "Sort Key": ["nation_1.n_nationkey"], "Plans": [{"Node Type": "Seq Scan", "Parent Relationship": "Outer", "Parallel Aware": false, "Relation Name": "nation", "Alias": "nation_1", "Startup Cost": 0.0, "Total Cost": 1.31, "Plan Rows": 1, "Plan Width": 4, "Filter": "(n_name = 'SAUDI ARABIA'::bpchar)"}]}]}]}]}]}]}]}, {"Node Type": "Sort", "Parent Relationship": "Outer", "Parallel Aware": false, "Startup Cost": 591321.69, "Total Cost": 591588.34, "Plan Rows": 106661, "Plan Width": 36, "Sort Key": ["(sum((partsupp.ps_supplycost * (partsupp.ps_availqty)::numeric))) DESC"], "Plans": [{"Node Type": "Aggregate", "Strategy": "Sorted", "Partial Mode": "Finalize", "Parent Relationship": "Outer", "Parallel Aware": false, "Startup Cost": 542351.95, "Total Cost": 590788.38, "Plan Rows": 106661, "Plan Width": 36, "Group Key": ["partsupp.ps_partkey"], "Filter": "(sum((partsupp.ps_supplycost * (partsupp.ps_availqty)::numeric)) > $1)", "Plans": [{"Node Type": "Gather Merge", "Parent Relationship": "Outer", "Parallel Aware": false, "Startup Cost": 542351.95, "Total Cost": 581317.87, "Plan Rows": 309663, "Plan Width": 36, "Workers Planned": 3, "Plans": [{"Node Type": "Aggregate", "Strategy": "Sorted", "Partial Mode": "Partial", "Parent Relationship": "Outer", "Parallel Aware": false, "Startup Cost": 541351.91, "Total Cost": 543932.43, "Plan Rows": 103221, "Plan Width": 36, "Group Key": ["partsupp.ps_partkey"], "Plans": [{"Node Type": "Sort", "Parent Relationship": "Outer", "Parallel Aware": false, "Startup Cost": 541351.91, "Total Cost": 541609.96, "Plan Rows": 103221, "Plan Width": 14, "Sort Key": ["partsupp.ps_partkey"], "Plans": [{"Node Type": "Merge Join", "Parent Relationship": "Outer", "Parallel Aware": false, "Join Type": "Inner", "Startup Cost": 518305.67, "Total Cost": 532755.98, "Plan Rows": 103221, "Plan Width": 14, "Inner Unique": false, "Merge Cond": "(partsupp.ps_suppkey = supplier.s_suppkey)", "Plans": [{"Node Type": "Sort", "Parent Relationship": "Outer", "Parallel Aware": false, "Startup Cost": 506004.21, "Total Cost": 512455.5, "Plan Rows": 2580516, "Plan Width": 18, "Sort Key": ["partsupp.ps_suppkey"], "Plans": [{"Node Type": "Seq Scan", "Parent Relationship": "Outer", "Parallel Aware": true, "Relation Name": "partsupp", "Alias": "partsupp", "Startup Cost": 0.0, "Total Cost": 200191.16, "Plan Rows": 2580516, "Plan Width": 18}]}, {"Node Type": "Sort", "Parent Relationship": "Inner", "Parallel Aware": false, "Startup Cost": 12301.47, "Total Cost": 12311.47, "Plan Rows": 4000, "Plan Width": 4, "Sort Key": ["supplier.s_suppkey"], "Plans": [{"Node Type": "Merge Join", "Parent Relationship": "Outer", "Parallel Aware": false, "Join Type": "Inner", "Startup Cost": 11522.14, "Total Cost": 12062.15, "Plan Rows": 4000, "Plan Width": 4, "Inner Unique": true, "Merge Cond": "(supplier.s_nationkey = nation.n_nationkey)", "Plans": [{"Node Type": "Sort", "Parent Relationship": "Outer", "Parallel Aware": false, "Startup Cost": 11520.82, "Total Cost": 11770.82, "Plan Rows": 100000, "Plan Width": 8, "Sort Key": ["supplier.s_nationkey"], "Plans": [{"Node Type": "Seq Scan", "Parent Relationship": "Outer", "Parallel Aware": false, "Relation Name": "supplier", "Alias": "supplier", "Startup Cost": 0.0, "Total Cost": 3216.0, "Plan Rows": 100000, "Plan Width": 8}]}, {"Node Type": "Sort", "Parent Relationship": "Inner", "Parallel Aware": false, "Startup Cost": 1.32, "Total Cost": 1.33, "Plan Rows": 1, "Plan Width": 4, "Sort Key": ["nation.n_nationkey"], "Plans": [{"Node Type": "Seq Scan", "Parent Relationship": "Outer", "Parallel Aware": false, "Relation Name": "nation", "Alias": "nation", "Startup Cost": 0.0, "Total Cost": 1.31, "Plan Rows": 1, "Plan Width": 4, "Filter": "(n_name = 'SAUDI ARABIA'::bpchar)"}]}]}]}]}]}]}]}]}]}]}}, {"Plan": {"Node Type": "Limit", "Parallel Aware": false, "Startup Cost": 91027.76, "Total Cost": 91027.77, "Plan Rows": 1, "Plan Width": 36, "Plans": [{"Node Type": "Aggregate", "Strategy": "Plain", "Partial Mode": "Simple", "Parent Relationship": "InitPlan", "Subplan Name": "InitPlan 1 (returns $2)", "Parallel Aware": false, "Startup Cost": 25818.08, "Total Cost": 25818.1, "Plan Rows": 1, "Plan Width": 32, "Plans": [{"Node Type": "Nested Loop", "Parent Relationship": "Outer", "Parallel Aware": false, "Join Type": "Inner", "Startup Cost": 45.91, "Total Cost": 23418.2, "Plan Rows": 319984, "Plan Width": 10, "Inner Unique": false, "Plans": [{"Node Type": "Nested Loop", "Parent Relationship": "Outer", "Parallel Aware": false, "Join Type": "Inner", "Startup Cost": 44.62, "Total Cost": 2244.36, "Plan Rows": 4000, "Plan Width": 4, "Inner Unique": false, "Plans": [{"Node Type": "Seq Scan", "Parent Relationship": "Outer", "Parallel Aware": false, "Relation Name": "nation", "Alias": "nation_1", "Startup Cost": 0.0, "Total Cost": 1.31, "Plan Rows": 1, "Plan Width": 4, "Filter": "(n_name = 'SAUDI ARABIA'::bpchar)"}, {"Node Type": "Bitmap Heap Scan", "Parent Relationship": "Inner", "Parallel Aware": false, "Relation Name": "supplier", "Alias": "supplier_1", "Startup Cost": 44.62, "Total Cost": 2203.05, "Plan Rows": 4000, "Plan Width": 8, "Recheck Cond": "(s_nationkey = nation_1.n_nationkey)", "Plans": [{"Node Type": "Bitmap Index Scan", "Parent Relationship": "Outer", "Parallel Aware": false, "Index Name": "idx_supplier_nation_key", "Startup Cost": 0.0, "Total Cost": 43.62, "Plan Rows": 4000, "Plan Width": 0, "Index Cond": "(s_nationkey = nation_1.n_nationkey)"}]}]}, {"Node Type": "Bitmap Heap Scan", "Parent Relationship": "Inner", "Parallel Aware": false, "Relation Name": "partsupp", "Alias": "partsupp_1", "Startup Cost": 1.29, "Total Cost": 4.49, "Plan Rows": 80, "Plan Width": 14, "Recheck Cond": "(ps_suppkey = supplier_1.s_suppkey)", "Plans": [{"Node Type": "Bitmap Index Scan", "Parent Relationship": "Outer", "Parallel Aware": false, "Index Name": "idx_partsupp_suppkey", "Startup Cost": 0.0, "Total Cost": 1.27, "Plan Rows": 80, "Plan Width": 0, "Index Cond": "(ps_suppkey = supplier_1.s_suppkey)"}]}]}]}, {"Node Type": "Sort", "Parent Relationship": "Outer", "Parallel Aware": false, "Startup Cost": 65209.67, "Total Cost": 65476.32, "Plan Rows": 106661, "Plan Width": 36, "Sort Key": ["(sum((partsupp.ps_supplycost * (partsupp.ps_availqty)::numeric))) DESC"], "Plans": [{"Node Type": "Aggregate", "Strategy": "Sorted", "Partial Mode": "Simple", "Parent Relationship": "Outer", "Parallel Aware": false, "Startup Cost": 52676.96, "Total Cost": 64676.36, "Plan Rows": 106661, "Plan Width": 36, "Group Key": ["partsupp.ps_partkey"], "Filter": "(sum((partsupp.ps_supplycost * (partsupp.ps_availqty)::numeric)) > $2)", "Plans": [{"Node Type": "Sort", "Parent Relationship": "Outer", "Parallel Aware": false, "Startup Cost": 52676.96, "Total Cost": 53476.92, "Plan Rows": 319984, "Plan Width": 14, "Sort Key": ["partsupp.ps_partkey"], "Plans": [{"Node Type": "Nested Loop", "Parent Relationship": "Outer", "Parallel Aware": false, "Join Type": "Inner", "Startup Cost": 45.91, "Total Cost": 23418.2, "Plan Rows": 319984, "Plan Width": 14, "Inner Unique": false, "Plans": [{"Node Type": "Nested Loop", "Parent Relationship": "Outer", "Parallel Aware": false, "Join Type": "Inner", "Startup Cost": 44.62, "Total Cost": 2244.36, "Plan Rows": 4000, "Plan Width": 4, "Inner Unique": false, "Plans": [{"Node Type": "Seq Scan", "Parent Relationship": "Outer", "Parallel Aware": false, "Relation Name": "nation", "Alias": "nation", "Startup Cost": 0.0, "Total Cost": 1.31, "Plan Rows": 1, "Plan Width": 4, "Filter": "(n_name = 'SAUDI ARABIA'::bpchar)"}, {"Node Type": "Bitmap Heap Scan", "Parent Relationship": "Inner", "Parallel Aware": false, "Relation Name": "supplier", "Alias": "supplier", "Startup Cost": 44.62, "Total Cost": 2203.05, "Plan Rows": 4000, "Plan Width": 8, "Recheck Cond": "(s_nationkey = nation.n_nationkey)", "Plans": [{"Node Type": "Bitmap Index Scan", "Parent Relationship": "Outer", "Parallel Aware": false, "Index Name": "idx_supplier_nation_key", "Startup Cost": 0.0, "Total Cost": 43.62, "Plan Rows": 4000, "Plan Width": 0, "Index Cond": "(s_nationkey = nation.n_nationkey)"}]}]}, {"Node Type": "Bitmap Heap Scan", "Parent Relationship": "Inner", "Parallel Aware": false, "Relation Name": "partsupp", "Alias": "partsupp", "Startup Cost": 1.29, "Total Cost": 4.49, "Plan Rows": 80, "Plan Width": 18, "Recheck Cond": "(ps_suppkey = supplier.s_suppkey)", "Plans": [{"Node Type": "Bitmap Index Scan", "Parent Relationship": "Outer", "Parallel Aware": false, "Index Name": "idx_partsupp_suppkey", "Startup Cost": 0.0, "Total Cost": 1.27, "Plan Rows": 80, "Plan Width": 0, "Index Cond": "(ps_suppkey = supplier.s_suppkey)"}]}]}]}]}]}]}}, {"Plan": {"Node Type": "Limit", "Parallel Aware": false, "Startup Cost": 79879.71, "Total Cost": 79879.71, "Plan Rows": 1, "Plan Width": 36, "Plans": [{"Node Type": "Aggregate", "Strategy": "Plain", "Partial Mode": "Finalize", "Parent Relationship": "InitPlan", "Subplan Name": "InitPlan 1 (returns $2)", "Parallel Aware": false, "Startup Cost": 16674.4, "Total Cost": 16674.41, "Plan Rows": 1, "Plan Width": 32, "Plans": [{"Node Type": "Gather", "Parent Relationship": "Outer", "Parallel Aware": false, "Startup Cost": 16674.28, "Total Cost": 16674.39, "Plan Rows": 1, "Plan Width": 32, "Workers Planned": 1, "Single Copy": false, "Plans": [{"Node Type": "Aggregate", "Strategy": "Plain", "Partial Mode": "Partial", "Parent Relationship": "Outer", "Parallel Aware": false, "Startup Cost": 15674.28, "Total Cost": 15674.29, "Plan Rows": 1, "Plan Width": 32, "Plans": [{"Node Type": "Nested Loop", "Parent Relationship": "Outer", "Parallel Aware": false, "Join Type": "Inner", "Startup Cost": 1.76, "Total Cost": 14262.59, "Plan Rows": 188226, "Plan Width": 10, "Inner Unique": false, "Plans": [{"Node Type": "Hash Join", "Parent Relationship": "Outer", "Parallel Aware": false, "Join Type": "Inner", "Startup Cost": 1.32, "Total Cost": 2986.15, "Plan Rows": 2353, "Plan Width": 4, "Inner Unique": true, "Hash Cond": "(supplier_1.s_nationkey = nation_1.n_nationkey)", "Plans": [{"Node Type": "Seq Scan", "Parent Relationship": "Outer", "Parallel Aware": true, "Relation Name": "supplier", "Alias": "supplier_1", "Startup Cost": 0.0, "Total Cost": 2804.24, "Plan Rows": 58824, "Plan Width": 8}, {"Node Type": "Hash", "Parent Relationship": "Inner", "Parallel Aware": false, "Startup Cost": 1.31, "Total Cost": 1.31, "Plan Rows": 1, "Plan Width": 4, "Plans": [{"Node Type": "Seq Scan", "Parent Relationship": "Outer", "Parallel Aware": false, "Relation Name": "nation", "Alias": "nation_1", "Startup Cost": 0.0, "Total Cost": 1.31, "Plan Rows": 1, "Plan Width": 4, "Filter": "(n_name = 'SAUDI ARABIA'::bpchar)"}]}]}, {"Node Type": "Index Scan", "Parent Relationship": "Inner", "Parallel Aware": false, "Scan Direction": "Forward", "Index Name": "idx_partsupp_suppkey", "Relation Name": "partsupp", "Alias": "partsupp_1", "Startup Cost": 0.43, "Total Cost": 3.99, "Plan Rows": 80, "Plan Width": 14, "Index Cond": "(ps_suppkey = supplier_1.s_suppkey)"}]}]}]}]}, {"Node Type": "Sort", "Parent Relationship": "Outer", "Parallel Aware": false, "Startup Cost": 63205.29, "Total Cost": 63471.94, "Plan Rows": 106661, "Plan Width": 36, "Sort Key": ["(sum((partsupp.ps_supplycost * (partsupp.ps_availqty)::numeric))) DESC"], "Plans": [{"Node Type": "Aggregate", "Strategy": "Sorted", "Partial Mode": "Simple", "Parent Relationship": "Outer", "Parallel Aware": false, "Startup Cost": 50672.59, "Total Cost": 62671.99, "Plan Rows": 106661, "Plan Width": 36, "Group Key": ["partsupp.ps_partkey"], "Filter": "(sum((partsupp.ps_supplycost * (partsupp.ps_availqty)::numeric)) > $2)", "Plans": [{"Node Type": "Sort", "Parent Relationship": "Outer", "Parallel Aware": false, "Startup Cost": 50672.59, "Total Cost": 51472.55, "Plan Rows": 319984, "Plan Width": 14, "Sort Key": ["partsupp.ps_partkey"], "Plans": [{"Node Type": "Nested Loop", "Parent Relationship": "Outer", "Parallel Aware": false, "Join Type": "Inner", "Startup Cost": 45.05, "Total Cost": 21413.83, "Plan Rows": 319984, "Plan Width": 14, "Inner Unique": false, "Plans": [{"Node Type": "Nested Loop", "Parent Relationship": "Outer", "Parallel Aware": false, "Join Type": "Inner", "Startup Cost": 44.62, "Total Cost": 2244.36, "Plan Rows": 4000, "Plan Width": 4, "Inner Unique": false, "Plans": [{"Node Type": "Seq Scan", "Parent Relationship": "Outer", "Parallel Aware": false, "Relation Name": "nation", "Alias": "nation", "Startup Cost": 0.0, "Total Cost": 1.31, "Plan Rows": 1, "Plan Width": 4, "Filter": "(n_name = 'SAUDI ARABIA'::bpchar)"}, {"Node Type": "Bitmap Heap Scan", "Parent Relationship": "Inner", "Parallel Aware": false, "Relation Name": "supplier", "Alias": "supplier", "Startup Cost": 44.62, "Total Cost": 2203.05, "Plan Rows": 4000, "Plan Width": 8, "Recheck Cond": "(s_nationkey = nation.n_nationkey)", "Plans": [{"Node Type": "Bitmap Index Scan", "Parent Relationship": "Outer", "Parallel Aware": false, "Index Name": "idx_supplier_nation_key", "Startup Cost": 0.0, "Total Cost": 43.62, "Plan Rows": 4000, "Plan Width": 0, "Index Cond": "(s_nationkey = nation.n_nationkey)"}]}]}, {"Node Type": "Index Scan", "Parent Relationship": "Inner", "Parallel Aware": false, "Scan Direction": "Forward", "Index Name": "idx_partsupp_suppkey", "Relation Name": "partsupp", "Alias": "partsupp", "Startup Cost": 0.43, "Total Cost": 3.99, "Plan Rows": 80, "Plan Width": 18, "Index Cond": "(ps_suppkey = supplier.s_suppkey)"}]}]}]}]}]}}]