[{"Plan": {"Node Type": "Limit", "Parallel Aware": false, "Startup Cost": 20003476249.04, "Total Cost": 20003477074.85, "Plan Rows": 1, "Plan Width": 27, "Plans": [{"Node Type": "Aggregate", "Strategy": "Sorted", "Partial Mode": "Simple", "Parent Relationship": "Outer", "Parallel Aware": false, "Startup Cost": 20003476249.04, "Total Cost": 20003482029.77, "Plan Rows": 7, "Plan Width": 27, "Group Key": ["lineitem.l_shipmode"], "Plans": [{"Node Type": "Sort", "Parent Relationship": "Outer", "Parallel Aware": false, "Startup Cost": 20003476249.04, "Total Cost": 20003476971.62, "Plan Rows": 289033, "Plan Width": 27, "Sort Key": ["lineitem.l_shipmode"], "Plans": [{"Node Type": "Nested Loop", "Parent Relationship": "Outer", "Parallel Aware": false, "Join Type": "Inner", "Startup Cost": 20000000001.16, "Total Cost": 20003450032.48, "Plan Rows": 289033, "Plan Width": 27, "Inner Unique": true, "Plans": [{"Node Type": "Index Scan", "Parent Relationship": "Outer", "Parallel Aware": false, "Scan Direction": "Forward", "Index Name": "idx_lineitem_orderkey", "Relation Name": "lineitem", "Alias": "lineitem", "Startup Cost": 10000000000.57, "Total Cost": 10002955269.81, "Plan Rows": 289033, "Plan Width": 15, "Filter": "((l_shipmode = ANY ('{\"REG AIR\",RAIL}'::bpchar[])) AND (l_commitdate < l_receiptdate) AND (l_shipdate < l_commitdate) AND (l_receiptdate >= '1997-01-01'::date) AND (l_receiptdate < '1998-01-01 00:00:00'::timestamp without time zone))"}, {"Node Type": "Bitmap Heap Scan", "Parent Relationship": "Inner", "Parallel Aware": false, "Relation Name": "orders", "Alias": "orders", "Startup Cost": 0.6, "Total Cost": 1.71, "Plan Rows": 1, "Plan Width": 20, "Recheck Cond": "(o_orderkey = lineitem.l_orderkey)", "Plans": [{"Node Type": "Bitmap Index Scan", "Parent Relationship": "Outer", "Parallel Aware": false, "Index Name": "orders_pkey", "Startup Cost": 0.0, "Total Cost": 0.6, "Plan Rows": 1, "Plan Width": 0, "Index Cond": "(o_orderkey = lineitem.l_orderkey)"}]}]}]}]}]}}, {"Plan": {"Node Type": "Limit", "Parallel Aware": false, "Startup Cost": 2553246.85, "Total Cost": 2553513.64, "Plan Rows": 1, "Plan Width": 27, "Plans": [{"Node Type": "Aggregate", "Strategy": "Sorted", "Partial Mode": "Finalize", "Parent Relationship": "Outer", "Parallel Aware": false, "Startup Cost": 2553246.85, "Total Cost": 2555114.34, "Plan Rows": 7, "Plan Width": 27, "Group Key": ["lineitem.l_shipmode"], "Plans": [{"Node Type": "Gather Merge", "Parent Relationship": "Outer", "Parallel Aware": false, "Startup Cost": 2553246.85, "Total Cost": 2555114.11, "Plan Rows": 21, "Plan Width": 27, "Workers Planned": 3, "Plans": [{"Node Type": "Aggregate", "Strategy": "Sorted", "Partial Mode": "Partial", "Parent Relationship": "Outer", "Parallel Aware": false, "Startup Cost": 2552246.81, "Total Cost": 2554111.6, "Plan Rows": 7, "Plan Width": 27, "Group Key": ["lineitem.l_shipmode"], "Plans": [{"Node Type": "Sort", "Parent Relationship": "Outer", "Parallel Aware": false, "Startup Cost": 2552246.81, "Total Cost": 2552479.9, "Plan Rows": 93236, "Plan Width": 27, "Sort Key": ["lineitem.l_shipmode"], "Plans": [{"Node Type": "Hash Join", "Parent Relationship": "Outer", "Parallel Aware": true, "Join Type": "Inner", "Startup Cost": 2042136.36, "Total Cost": 2544550.83, "Plan Rows": 93236, "Plan Width": 27, "Inner Unique": false, "Hash Cond": "(orders.o_orderkey = lineitem.l_orderkey)", "Plans": [{"Node Type": "Index Scan", "Parent Relationship": "Outer", "Parallel Aware": true, "Scan Direction": "Forward", "Index Name": "orders_pkey", "Relation Name": "orders", "Alias": "orders", "Startup Cost": 0.43, "Total Cost": 429537.29, "Plan Rows": 4838457, "Plan Width": 20}, {"Node Type": "Hash", "Parent Relationship": "Inner", "Parallel Aware": true, "Startup Cost": 2040970.48, "Total Cost": 2040970.48, "Plan Rows": 93236, "Plan Width": 15, "Plans": [{"Node Type": "Index Scan", "Parent Relationship": "Outer", "Parallel Aware": true, "Scan Direction": "Forward", "Index Name": "idx_lineitem_orderkey", "Relation Name": "lineitem", "Alias": "lineitem", "Startup Cost": 0.56, "Total Cost": 2040970.48, "Plan Rows": 93236, "Plan Width": 15, "Filter": "((l_shipmode = ANY ('{\"REG AIR\",RAIL}'::bpchar[])) AND (l_commitdate < l_receiptdate) AND (l_shipdate < l_commitdate) AND (l_receiptdate >= '1997-01-01'::date) AND (l_receiptdate < '1998-01-01 00:00:00'::timestamp without time zone))"}]}]}]}]}]}]}]}}, {"Plan": {"Node Type": "Limit", "Parallel Aware": false, "Startup Cost": 2553246.85, "Total Cost": 2553513.64, "Plan Rows": 1, "Plan Width": 27, "Plans": [{"Node Type": "Aggregate", "Strategy": "Sorted", "Partial Mode": "Finalize", "Parent Relationship": "Outer", "Parallel Aware": false, "Startup Cost": 2553246.85, "Total Cost": 2555114.34, "Plan Rows": 7, "Plan Width": 27, "Group Key": ["lineitem.l_shipmode"], "Plans": [{"Node Type": "Gather Merge", "Parent Relationship": "Outer", "Parallel Aware": false, "Startup Cost": 2553246.85, "Total Cost": 2555114.11, "Plan Rows": 21, "Plan Width": 27, "Workers Planned": 3, "Plans": [{"Node Type": "Aggregate", "Strategy": "Sorted", "Partial Mode": "Partial", "Parent Relationship": "Outer", "Parallel Aware": false, "Startup Cost": 2552246.81, "Total Cost": 2554111.6, "Plan Rows": 7, "Plan Width": 27, "Group Key": ["lineitem.l_shipmode"], "Plans": [{"Node Type": "Sort", "Parent Relationship": "Outer", "Parallel Aware": false, "Startup Cost": 2552246.81, "Total Cost": 2552479.9, "Plan Rows": 93236, "Plan Width": 27, "Sort Key": ["lineitem.l_shipmode"], "Plans": [{"Node Type": "Hash Join", "Parent Relationship": "Outer", "Parallel Aware": true, "Join Type": "Inner", "Startup Cost": 2042136.36, "Total Cost": 2544550.83, "Plan Rows": 93236, "Plan Width": 27, "Inner Unique": false, "Hash Cond": "(orders.o_orderkey = lineitem.l_orderkey)", "Plans": [{"Node Type": "Index Scan", "Parent Relationship": "Outer", "Parallel Aware": true, "Scan Direction": "Forward", "Index Name": "orders_pkey", "Relation Name": "orders", "Alias": "orders", "Startup Cost": 0.43, "Total Cost": 429537.29, "Plan Rows": 4838457, "Plan Width": 20}, {"Node Type": "Hash", "Parent Relationship": "Inner", "Parallel Aware": true, "Startup Cost": 2040970.48, "Total Cost": 2040970.48, "Plan Rows": 93236, "Plan Width": 15, "Plans": [{"Node Type": "Index Scan", "Parent Relationship": "Outer", "Parallel Aware": true, "Scan Direction": "Forward", "Index Name": "idx_lineitem_orderkey", "Relation Name": "lineitem", "Alias": "lineitem", "Startup Cost": 0.56, "Total Cost": 2040970.48, "Plan Rows": 93236, "Plan Width": 15, "Filter": "((l_shipmode = ANY ('{\"REG AIR\",RAIL}'::bpchar[])) AND (l_commitdate < l_receiptdate) AND (l_shipdate < l_commitdate) AND (l_receiptdate >= '1997-01-01'::date) AND (l_receiptdate < '1998-01-01 00:00:00'::timestamp without time zone))"}]}]}]}]}]}]}]}}, {"Plan": {"Node Type": "Limit", "Parallel Aware": false, "Startup Cost": 2172452.75, "Total Cost": 2172719.53, "Plan Rows": 1, "Plan Width": 27, "Plans": [{"Node Type": "Aggregate", "Strategy": "Sorted", "Partial Mode": "Finalize", "Parent Relationship": "Outer", "Parallel Aware": false, "Startup Cost": 2172452.75, "Total Cost": 2174320.24, "Plan Rows": 7, "Plan Width": 27, "Group Key": ["lineitem.l_shipmode"], "Plans": [{"Node Type": "Gather Merge", "Parent Relationship": "Outer", "Parallel Aware": false, "Startup Cost": 2172452.75, "Total Cost": 2174320.01, "Plan Rows": 21, "Plan Width": 27, "Workers Planned": 3, "Plans": [{"Node Type": "Aggregate", "Strategy": "Sorted", "Partial Mode": "Partial", "Parent Relationship": "Outer", "Parallel Aware": false, "Startup Cost": 2171452.71, "Total Cost": 2173317.5, "Plan Rows": 7, "Plan Width": 27, "Group Key": ["lineitem.l_shipmode"], "Plans": [{"Node Type": "Sort", "Parent Relationship": "Outer", "Parallel Aware": false, "Startup Cost": 2171452.71, "Total Cost": 2171685.8, "Plan Rows": 93236, "Plan Width": 27, "Sort Key": ["lineitem.l_shipmode"], "Plans": [{"Node Type": "Nested Loop", "Parent Relationship": "Outer", "Parallel Aware": false, "Join Type": "Inner", "Startup Cost": 1.0, "Total Cost": 2163756.73, "Plan Rows": 93236, "Plan Width": 27, "Inner Unique": true, "Plans": [{"Node Type": "Index Scan", "Parent Relationship": "Outer", "Parallel Aware": true, "Scan Direction": "Forward", "Index Name": "idx_lineitem_orderkey", "Relation Name": "lineitem", "Alias": "lineitem", "Startup Cost": 0.56, "Total Cost": 2040970.48, "Plan Rows": 93236, "Plan Width": 15, "Filter": "((l_shipmode = ANY ('{\"REG AIR\",RAIL}'::bpchar[])) AND (l_commitdate < l_receiptdate) AND (l_shipdate < l_commitdate) AND (l_receiptdate >= '1997-01-01'::date) AND (l_receiptdate < '1998-01-01 00:00:00'::timestamp without time zone))"}, {"Node Type": "Index Scan", "Parent Relationship": "Inner", "Parallel Aware": false, "Scan Direction": "Forward", "Index Name": "orders_pkey", "Relation Name": "orders", "Alias": "orders", "Startup Cost": 0.43, "Total Cost": 1.32, "Plan Rows": 1, "Plan Width": 20, "Index Cond": "(o_orderkey = lineitem.l_orderkey)"}]}]}]}]}]}]}}, {"Plan": {"Node Type": "Limit", "Parallel Aware": false, "Startup Cost": 1951958.29, "Total Cost": 1952225.07, "Plan Rows": 1, "Plan Width": 27, "Plans": [{"Node Type": "Aggregate", "Strategy": "Sorted", "Partial Mode": "Finalize", "Parent Relationship": "Outer", "Parallel Aware": false, "Startup Cost": 1951958.29, "Total Cost": 1953825.77, "Plan Rows": 7, "Plan Width": 27, "Group Key": ["lineitem.l_shipmode"], "Plans": [{"Node Type": "Gather Merge", "Parent Relationship": "Outer", "Parallel Aware": false, "Startup Cost": 1951958.29, "Total Cost": 1953825.54, "Plan Rows": 21, "Plan Width": 27, "Workers Planned": 3, "Plans": [{"Node Type": "Aggregate", "Strategy": "Sorted", "Partial Mode": "Partial", "Parent Relationship": "Outer", "Parallel Aware": false, "Startup Cost": 1950958.25, "Total Cost": 1952823.04, "Plan Rows": 7, "Plan Width": 27, "Group Key": ["lineitem.l_shipmode"], "Plans": [{"Node Type": "Sort", "Parent Relationship": "Outer", "Parallel Aware": false, "Startup Cost": 1950958.25, "Total Cost": 1951191.34, "Plan Rows": 93236, "Plan Width": 27, "Sort Key": ["lineitem.l_shipmode"], "Plans": [{"Node Type": "Hash Join", "Parent Relationship": "Outer", "Parallel Aware": true, "Join Type": "Inner", "Startup Cost": 1561088.08, "Total Cost": 1943262.27, "Plan Rows": 93236, "Plan Width": 27, "Inner Unique": false, "Hash Cond": "(orders.o_orderkey = lineitem.l_orderkey)", "Plans": [{"Node Type": "Seq Scan", "Parent Relationship": "Outer", "Parallel Aware": true, "Relation Name": "orders", "Alias": "orders", "Startup Cost": 0.0, "Total Cost": 309296.57, "Plan Rows": 4838457, "Plan Width": 20}, {"Node Type": "Hash", "Parent Relationship": "Inner", "Parallel Aware": true, "Startup Cost": 1559922.63, "Total Cost": 1559922.63, "Plan Rows": 93236, "Plan Width": 15, "Plans": [{"Node Type": "Seq Scan", "Parent Relationship": "Outer", "Parallel Aware": true, "Relation Name": "lineitem", "Alias": "lineitem", "Startup Cost": 0.0, "Total Cost": 1559922.63, "Plan Rows": 93236, "Plan Width": 15, "Filter": "((l_shipmode = ANY ('{\"REG AIR\",RAIL}'::bpchar[])) AND (l_commitdate < l_receiptdate) AND (l_shipdate < l_commitdate) AND (l_receiptdate >= '1997-01-01'::date) AND (l_receiptdate < '1998-01-01 00:00:00'::timestamp without time zone))"}]}]}]}]}]}]}]}}, {"Plan": {"Node Type": "Limit", "Parallel Aware": false, "Startup Cost": 2172452.75, "Total Cost": 2172719.53, "Plan Rows": 1, "Plan Width": 27, "Plans": [{"Node Type": "Aggregate", "Strategy": "Sorted", "Partial Mode": "Finalize", "Parent Relationship": "Outer", "Parallel Aware": false, "Startup Cost": 2172452.75, "Total Cost": 2174320.24, "Plan Rows": 7, "Plan Width": 27, "Group Key": ["lineitem.l_shipmode"], "Plans": [{"Node Type": "Gather Merge", "Parent Relationship": "Outer", "Parallel Aware": false, "Startup Cost": 2172452.75, "Total Cost": 2174320.01, "Plan Rows": 21, "Plan Width": 27, "Workers Planned": 3, "Plans": [{"Node Type": "Aggregate", "Strategy": "Sorted", "Partial Mode": "Partial", "Parent Relationship": "Outer", "Parallel Aware": false, "Startup Cost": 2171452.71, "Total Cost": 2173317.5, "Plan Rows": 7, "Plan Width": 27, "Group Key": ["lineitem.l_shipmode"], "Plans": [{"Node Type": "Sort", "Parent Relationship": "Outer", "Parallel Aware": false, "Startup Cost": 2171452.71, "Total Cost": 2171685.8, "Plan Rows": 93236, "Plan Width": 27, "Sort Key": ["lineitem.l_shipmode"], "Plans": [{"Node Type": "Nested Loop", "Parent Relationship": "Outer", "Parallel Aware": false, "Join Type": "Inner", "Startup Cost": 1.0, "Total Cost": 2163756.73, "Plan Rows": 93236, "Plan Width": 27, "Inner Unique": true, "Plans": [{"Node Type": "Index Scan", "Parent Relationship": "Outer", "Parallel Aware": true, "Scan Direction": "Forward", "Index Name": "idx_lineitem_orderkey", "Relation Name": "lineitem", "Alias": "lineitem", "Startup Cost": 0.56, "Total Cost": 2040970.48, "Plan Rows": 93236, "Plan Width": 15, "Filter": "((l_shipmode = ANY ('{\"REG AIR\",RAIL}'::bpchar[])) AND (l_commitdate < l_receiptdate) AND (l_shipdate < l_commitdate) AND (l_receiptdate >= '1997-01-01'::date) AND (l_receiptdate < '1998-01-01 00:00:00'::timestamp without time zone))"}, {"Node Type": "Index Scan", "Parent Relationship": "Inner", "Parallel Aware": false, "Scan Direction": "Forward", "Index Name": "orders_pkey", "Relation Name": "orders", "Alias": "orders", "Startup Cost": 0.43, "Total Cost": 1.32, "Plan Rows": 1, "Plan Width": 20, "Index Cond": "(o_orderkey = lineitem.l_orderkey)"}]}]}]}]}]}]}}, {"Plan": {"Node Type": "Limit", "Parallel Aware": false, "Startup Cost": 1691404.91, "Total Cost": 1691671.69, "Plan Rows": 1, "Plan Width": 27, "Plans": [{"Node Type": "Aggregate", "Strategy": "Sorted", "Partial Mode": "Finalize", "Parent Relationship": "Outer", "Parallel Aware": false, "Startup Cost": 1691404.91, "Total Cost": 1693272.39, "Plan Rows": 7, "Plan Width": 27, "Group Key": ["lineitem.l_shipmode"], "Plans": [{"Node Type": "Gather Merge", "Parent Relationship": "Outer", "Parallel Aware": false, "Startup Cost": 1691404.91, "Total Cost": 1693272.16, "Plan Rows": 21, "Plan Width": 27, "Workers Planned": 3, "Plans": [{"Node Type": "Aggregate", "Strategy": "Sorted", "Partial Mode": "Partial", "Parent Relationship": "Outer", "Parallel Aware": false, "Startup Cost": 1690404.87, "Total Cost": 1692269.66, "Plan Rows": 7, "Plan Width": 27, "Group Key": ["lineitem.l_shipmode"], "Plans": [{"Node Type": "Sort", "Parent Relationship": "Outer", "Parallel Aware": false, "Startup Cost": 1690404.87, "Total Cost": 1690637.96, "Plan Rows": 93236, "Plan Width": 27, "Sort Key": ["lineitem.l_shipmode"], "Plans": [{"Node Type": "Nested Loop", "Parent Relationship": "Outer", "Parallel Aware": false, "Join Type": "Inner", "Startup Cost": 0.43, "Total Cost": 1682708.89, "Plan Rows": 93236, "Plan Width": 27, "Inner Unique": true, "Plans": [{"Node Type": "Seq Scan", "Parent Relationship": "Outer", "Parallel Aware": true, "Relation Name": "lineitem", "Alias": "lineitem", "Startup Cost": 0.0, "Total Cost": 1559922.63, "Plan Rows": 93236, "Plan Width": 15, "Filter": "((l_shipmode = ANY ('{\"REG AIR\",RAIL}'::bpchar[])) AND (l_commitdate < l_receiptdate) AND (l_shipdate < l_commitdate) AND (l_receiptdate >= '1997-01-01'::date) AND (l_receiptdate < '1998-01-01 00:00:00'::timestamp without time zone))"}, {"Node Type": "Index Scan", "Parent Relationship": "Inner", "Parallel Aware": false, "Scan Direction": "Forward", "Index Name": "orders_pkey", "Relation Name": "orders", "Alias": "orders", "Startup Cost": 0.43, "Total Cost": 1.32, "Plan Rows": 1, "Plan Width": 20, "Index Cond": "(o_orderkey = lineitem.l_orderkey)"}]}]}]}]}]}]}}, {"Plan": {"Node Type": "Limit", "Parallel Aware": false, "Startup Cost": 1951958.29, "Total Cost": 1952225.07, "Plan Rows": 1, "Plan Width": 27, "Plans": [{"Node Type": "Aggregate", "Strategy": "Sorted", "Partial Mode": "Finalize", "Parent Relationship": "Outer", "Parallel Aware": false, "Startup Cost": 1951958.29, "Total Cost": 1953825.77, "Plan Rows": 7, "Plan Width": 27, "Group Key": ["lineitem.l_shipmode"], "Plans": [{"Node Type": "Gather Merge", "Parent Relationship": "Outer", "Parallel Aware": false, "Startup Cost": 1951958.29, "Total Cost": 1953825.54, "Plan Rows": 21, "Plan Width": 27, "Workers Planned": 3, "Plans": [{"Node Type": "Aggregate", "Strategy": "Sorted", "Partial Mode": "Partial", "Parent Relationship": "Outer", "Parallel Aware": false, "Startup Cost": 1950958.25, "Total Cost": 1952823.04, "Plan Rows": 7, "Plan Width": 27, "Group Key": ["lineitem.l_shipmode"], "Plans": [{"Node Type": "Sort", "Parent Relationship": "Outer", "Parallel Aware": false, "Startup Cost": 1950958.25, "Total Cost": 1951191.34, "Plan Rows": 93236, "Plan Width": 27, "Sort Key": ["lineitem.l_shipmode"], "Plans": [{"Node Type": "Hash Join", "Parent Relationship": "Outer", "Parallel Aware": true, "Join Type": "Inner", "Startup Cost": 1561088.08, "Total Cost": 1943262.27, "Plan Rows": 93236, "Plan Width": 27, "Inner Unique": false, "Hash Cond": "(orders.o_orderkey = lineitem.l_orderkey)", "Plans": [{"Node Type": "Seq Scan", "Parent Relationship": "Outer", "Parallel Aware": true, "Relation Name": "orders", "Alias": "orders", "Startup Cost": 0.0, "Total Cost": 309296.57, "Plan Rows": 4838457, "Plan Width": 20}, {"Node Type": "Hash", "Parent Relationship": "Inner", "Parallel Aware": true, "Startup Cost": 1559922.63, "Total Cost": 1559922.63, "Plan Rows": 93236, "Plan Width": 15, "Plans": [{"Node Type": "Seq Scan", "Parent Relationship": "Outer", "Parallel Aware": true, "Relation Name": "lineitem", "Alias": "lineitem", "Startup Cost": 0.0, "Total Cost": 1559922.63, "Plan Rows": 93236, "Plan Width": 15, "Filter": "((l_shipmode = ANY ('{\"REG AIR\",RAIL}'::bpchar[])) AND (l_commitdate < l_receiptdate) AND (l_shipdate < l_commitdate) AND (l_receiptdate >= '1997-01-01'::date) AND (l_receiptdate < '1998-01-01 00:00:00'::timestamp without time zone))"}]}]}]}]}]}]}]}}, {"Plan": {"Node Type": "Limit", "Parallel Aware": false, "Startup Cost": 20003476249.04, "Total Cost": 20003477074.85, "Plan Rows": 1, "Plan Width": 27, "Plans": [{"Node Type": "Aggregate", "Strategy": "Sorted", "Partial Mode": "Simple", "Parent Relationship": "Outer", "Parallel Aware": false, "Startup Cost": 20003476249.04, "Total Cost": 20003482029.77, "Plan Rows": 7, "Plan Width": 27, "Group Key": ["lineitem.l_shipmode"], "Plans": [{"Node Type": "Sort", "Parent Relationship": "Outer", "Parallel Aware": false, "Startup Cost": 20003476249.04, "Total Cost": 20003476971.62, "Plan Rows": 289033, "Plan Width": 27, "Sort Key": ["lineitem.l_shipmode"], "Plans": [{"Node Type": "Nested Loop", "Parent Relationship": "Outer", "Parallel Aware": false, "Join Type": "Inner", "Startup Cost": 20000000001.16, "Total Cost": 20003450032.48, "Plan Rows": 289033, "Plan Width": 27, "Inner Unique": true, "Plans": [{"Node Type": "Index Scan", "Parent Relationship": "Outer", "Parallel Aware": false, "Scan Direction": "Forward", "Index Name": "idx_lineitem_orderkey", "Relation Name": "lineitem", "Alias": "lineitem", "Startup Cost": 10000000000.57, "Total Cost": 10002955269.81, "Plan Rows": 289033, "Plan Width": 15, "Filter": "((l_shipmode = ANY ('{\"REG AIR\",RAIL}'::bpchar[])) AND (l_commitdate < l_receiptdate) AND (l_shipdate < l_commitdate) AND (l_receiptdate >= '1997-01-01'::date) AND (l_receiptdate < '1998-01-01 00:00:00'::timestamp without time zone))"}, {"Node Type": "Bitmap Heap Scan", "Parent Relationship": "Inner", "Parallel Aware": false, "Relation Name": "orders", "Alias": "orders", "Startup Cost": 0.6, "Total Cost": 1.71, "Plan Rows": 1, "Plan Width": 20, "Recheck Cond": "(o_orderkey = lineitem.l_orderkey)", "Plans": [{"Node Type": "Bitmap Index Scan", "Parent Relationship": "Outer", "Parallel Aware": false, "Index Name": "orders_pkey", "Startup Cost": 0.0, "Total Cost": 0.6, "Plan Rows": 1, "Plan Width": 0, "Index Cond": "(o_orderkey = lineitem.l_orderkey)"}]}]}]}]}]}}, {"Plan": {"Node Type": "Limit", "Parallel Aware": false, "Startup Cost": 10003476249.04, "Total Cost": 10003477074.85, "Plan Rows": 1, "Plan Width": 27, "Plans": [{"Node Type": "Aggregate", "Strategy": "Sorted", "Partial Mode": "Simple", "Parent Relationship": "Outer", "Parallel Aware": false, "Startup Cost": 10003476249.04, "Total Cost": 10003482029.77, "Plan Rows": 7, "Plan Width": 27, "Group Key": ["lineitem.l_shipmode"], "Plans": [{"Node Type": "Sort", "Parent Relationship": "Outer", "Parallel Aware": false, "Startup Cost": 10003476249.04, "Total Cost": 10003476971.62, "Plan Rows": 289033, "Plan Width": 27, "Sort Key": ["lineitem.l_shipmode"], "Plans": [{"Node Type": "Nested Loop", "Parent Relationship": "Outer", "Parallel Aware": false, "Join Type": "Inner", "Startup Cost": 10000000001.16, "Total Cost": 10003450032.48, "Plan Rows": 289033, "Plan Width": 27, "Inner Unique": true, "Plans": [{"Node Type": "Index Scan", "Parent Relationship": "Outer", "Parallel Aware": false, "Scan Direction": "Forward", "Index Name": "idx_lineitem_orderkey", "Relation Name": "lineitem", "Alias": "lineitem", "Startup Cost": 10000000000.57, "Total Cost": 10002955269.81, "Plan Rows": 289033, "Plan Width": 15, "Filter": "((l_shipmode = ANY ('{\"REG AIR\",RAIL}'::bpchar[])) AND (l_commitdate < l_receiptdate) AND (l_shipdate < l_commitdate) AND (l_receiptdate >= '1997-01-01'::date) AND (l_receiptdate < '1998-01-01 00:00:00'::timestamp without time zone))"}, {"Node Type": "Bitmap Heap Scan", "Parent Relationship": "Inner", "Parallel Aware": false, "Relation Name": "orders", "Alias": "orders", "Startup Cost": 0.6, "Total Cost": 1.71, "Plan Rows": 1, "Plan Width": 20, "Recheck Cond": "(o_orderkey = lineitem.l_orderkey)", "Plans": [{"Node Type": "Bitmap Index Scan", "Parent Relationship": "Outer", "Parallel Aware": false, "Index Name": "orders_pkey", "Startup Cost": 0.0, "Total Cost": 0.6, "Plan Rows": 1, "Plan Width": 0, "Index Cond": "(o_orderkey = lineitem.l_orderkey)"}]}]}]}]}]}}, {"Plan": {"Node Type": "Limit", "Parallel Aware": false, "Startup Cost": 1728218.74, "Total Cost": 1728485.52, "Plan Rows": 1, "Plan Width": 27, "Plans": [{"Node Type": "Aggregate", "Strategy": "Sorted", "Partial Mode": "Finalize", "Parent Relationship": "Outer", "Parallel Aware": false, "Startup Cost": 1728218.74, "Total Cost": 1730086.23, "Plan Rows": 7, "Plan Width": 27, "Group Key": ["lineitem.l_shipmode"], "Plans": [{"Node Type": "Gather Merge", "Parent Relationship": "Outer", "Parallel Aware": false, "Startup Cost": 1728218.74, "Total Cost": 1730086.0, "Plan Rows": 21, "Plan Width": 27, "Workers Planned": 3, "Plans": [{"Node Type": "Aggregate", "Strategy": "Sorted", "Partial Mode": "Partial", "Parent Relationship": "Outer", "Parallel Aware": false, "Startup Cost": 1727218.7, "Total Cost": 1729083.49, "Plan Rows": 7, "Plan Width": 27, "Group Key": ["lineitem.l_shipmode"], "Plans": [{"Node Type": "Sort", "Parent Relationship": "Outer", "Parallel Aware": false, "Startup Cost": 1727218.7, "Total Cost": 1727451.79, "Plan Rows": 93236, "Plan Width": 27, "Sort Key": ["lineitem.l_shipmode"], "Plans": [{"Node Type": "Nested Loop", "Parent Relationship": "Outer", "Parallel Aware": false, "Join Type": "Inner", "Startup Cost": 0.6, "Total Cost": 1719522.72, "Plan Rows": 93236, "Plan Width": 27, "Inner Unique": true, "Plans": [{"Node Type": "Seq Scan", "Parent Relationship": "Outer", "Parallel Aware": true, "Relation Name": "lineitem", "Alias": "lineitem", "Startup Cost": 0.0, "Total Cost": 1559922.63, "Plan Rows": 93236, "Plan Width": 15, "Filter": "((l_shipmode = ANY ('{\"REG AIR\",RAIL}'::bpchar[])) AND (l_commitdate < l_receiptdate) AND (l_shipdate < l_commitdate) AND (l_receiptdate >= '1997-01-01'::date) AND (l_receiptdate < '1998-01-01 00:00:00'::timestamp without time zone))"}, {"Node Type": "Bitmap Heap Scan", "Parent Relationship": "Inner", "Parallel Aware": false, "Relation Name": "orders", "Alias": "orders", "Startup Cost": 0.6, "Total Cost": 1.71, "Plan Rows": 1, "Plan Width": 20, "Recheck Cond": "(o_orderkey = lineitem.l_orderkey)", "Plans": [{"Node Type": "Bitmap Index Scan", "Parent Relationship": "Outer", "Parallel Aware": false, "Index Name": "orders_pkey", "Startup Cost": 0.0, "Total Cost": 0.6, "Plan Rows": 1, "Plan Width": 0, "Index Cond": "(o_orderkey = lineitem.l_orderkey)"}]}]}]}]}]}]}]}}, {"Plan": {"Node Type": "Limit", "Parallel Aware": false, "Startup Cost": 1951958.29, "Total Cost": 1952225.07, "Plan Rows": 1, "Plan Width": 27, "Plans": [{"Node Type": "Aggregate", "Strategy": "Sorted", "Partial Mode": "Finalize", "Parent Relationship": "Outer", "Parallel Aware": false, "Startup Cost": 1951958.29, "Total Cost": 1953825.77, "Plan Rows": 7, "Plan Width": 27, "Group Key": ["lineitem.l_shipmode"], "Plans": [{"Node Type": "Gather Merge", "Parent Relationship": "Outer", "Parallel Aware": false, "Startup Cost": 1951958.29, "Total Cost": 1953825.54, "Plan Rows": 21, "Plan Width": 27, "Workers Planned": 3, "Plans": [{"Node Type": "Aggregate", "Strategy": "Sorted", "Partial Mode": "Partial", "Parent Relationship": "Outer", "Parallel Aware": false, "Startup Cost": 1950958.25, "Total Cost": 1952823.04, "Plan Rows": 7, "Plan Width": 27, "Group Key": ["lineitem.l_shipmode"], "Plans": [{"Node Type": "Sort", "Parent Relationship": "Outer", "Parallel Aware": false, "Startup Cost": 1950958.25, "Total Cost": 1951191.34, "Plan Rows": 93236, "Plan Width": 27, "Sort Key": ["lineitem.l_shipmode"], "Plans": [{"Node Type": "Hash Join", "Parent Relationship": "Outer", "Parallel Aware": true, "Join Type": "Inner", "Startup Cost": 1561088.08, "Total Cost": 1943262.27, "Plan Rows": 93236, "Plan Width": 27, "Inner Unique": false, "Hash Cond": "(orders.o_orderkey = lineitem.l_orderkey)", "Plans": [{"Node Type": "Seq Scan", "Parent Relationship": "Outer", "Parallel Aware": true, "Relation Name": "orders", "Alias": "orders", "Startup Cost": 0.0, "Total Cost": 309296.57, "Plan Rows": 4838457, "Plan Width": 20}, {"Node Type": "Hash", "Parent Relationship": "Inner", "Parallel Aware": true, "Startup Cost": 1559922.63, "Total Cost": 1559922.63, "Plan Rows": 93236, "Plan Width": 15, "Plans": [{"Node Type": "Seq Scan", "Parent Relationship": "Outer", "Parallel Aware": true, "Relation Name": "lineitem", "Alias": "lineitem", "Startup Cost": 0.0, "Total Cost": 1559922.63, "Plan Rows": 93236, "Plan Width": 15, "Filter": "((l_shipmode = ANY ('{\"REG AIR\",RAIL}'::bpchar[])) AND (l_commitdate < l_receiptdate) AND (l_shipdate < l_commitdate) AND (l_receiptdate >= '1997-01-01'::date) AND (l_receiptdate < '1998-01-01 00:00:00'::timestamp without time zone))"}]}]}]}]}]}]}]}}, {"Plan": {"Node Type": "Limit", "Parallel Aware": false, "Startup Cost": 10003476249.04, "Total Cost": 10003477074.85, "Plan Rows": 1, "Plan Width": 27, "Plans": [{"Node Type": "Aggregate", "Strategy": "Sorted", "Partial Mode": "Simple", "Parent Relationship": "Outer", "Parallel Aware": false, "Startup Cost": 10003476249.04, "Total Cost": 10003482029.77, "Plan Rows": 7, "Plan Width": 27, "Group Key": ["lineitem.l_shipmode"], "Plans": [{"Node Type": "Sort", "Parent Relationship": "Outer", "Parallel Aware": false, "Startup Cost": 10003476249.04, "Total Cost": 10003476971.62, "Plan Rows": 289033, "Plan Width": 27, "Sort Key": ["lineitem.l_shipmode"], "Plans": [{"Node Type": "Nested Loop", "Parent Relationship": "Outer", "Parallel Aware": false, "Join Type": "Inner", "Startup Cost": 10000000001.16, "Total Cost": 10003450032.48, "Plan Rows": 289033, "Plan Width": 27, "Inner Unique": true, "Plans": [{"Node Type": "Index Scan", "Parent Relationship": "Outer", "Parallel Aware": false, "Scan Direction": "Forward", "Index Name": "idx_lineitem_orderkey", "Relation Name": "lineitem", "Alias": "lineitem", "Startup Cost": 10000000000.57, "Total Cost": 10002955269.81, "Plan Rows": 289033, "Plan Width": 15, "Filter": "((l_shipmode = ANY ('{\"REG AIR\",RAIL}'::bpchar[])) AND (l_commitdate < l_receiptdate) AND (l_shipdate < l_commitdate) AND (l_receiptdate >= '1997-01-01'::date) AND (l_receiptdate < '1998-01-01 00:00:00'::timestamp without time zone))"}, {"Node Type": "Bitmap Heap Scan", "Parent Relationship": "Inner", "Parallel Aware": false, "Relation Name": "orders", "Alias": "orders", "Startup Cost": 0.6, "Total Cost": 1.71, "Plan Rows": 1, "Plan Width": 20, "Recheck Cond": "(o_orderkey = lineitem.l_orderkey)", "Plans": [{"Node Type": "Bitmap Index Scan", "Parent Relationship": "Outer", "Parallel Aware": false, "Index Name": "orders_pkey", "Startup Cost": 0.0, "Total Cost": 0.6, "Plan Rows": 1, "Plan Width": 0, "Index Cond": "(o_orderkey = lineitem.l_orderkey)"}]}]}]}]}]}}, {"Plan": {"Node Type": "Limit", "Parallel Aware": false, "Startup Cost": 1728218.74, "Total Cost": 1728485.52, "Plan Rows": 1, "Plan Width": 27, "Plans": [{"Node Type": "Aggregate", "Strategy": "Sorted", "Partial Mode": "Finalize", "Parent Relationship": "Outer", "Parallel Aware": false, "Startup Cost": 1728218.74, "Total Cost": 1730086.23, "Plan Rows": 7, "Plan Width": 27, "Group Key": ["lineitem.l_shipmode"], "Plans": [{"Node Type": "Gather Merge", "Parent Relationship": "Outer", "Parallel Aware": false, "Startup Cost": 1728218.74, "Total Cost": 1730086.0, "Plan Rows": 21, "Plan Width": 27, "Workers Planned": 3, "Plans": [{"Node Type": "Aggregate", "Strategy": "Sorted", "Partial Mode": "Partial", "Parent Relationship": "Outer", "Parallel Aware": false, "Startup Cost": 1727218.7, "Total Cost": 1729083.49, "Plan Rows": 7, "Plan Width": 27, "Group Key": ["lineitem.l_shipmode"], "Plans": [{"Node Type": "Sort", "Parent Relationship": "Outer", "Parallel Aware": false, "Startup Cost": 1727218.7, "Total Cost": 1727451.79, "Plan Rows": 93236, "Plan Width": 27, "Sort Key": ["lineitem.l_shipmode"], "Plans": [{"Node Type": "Nested Loop", "Parent Relationship": "Outer", "Parallel Aware": false, "Join Type": "Inner", "Startup Cost": 0.6, "Total Cost": 1719522.72, "Plan Rows": 93236, "Plan Width": 27, "Inner Unique": true, "Plans": [{"Node Type": "Seq Scan", "Parent Relationship": "Outer", "Parallel Aware": true, "Relation Name": "lineitem", "Alias": "lineitem", "Startup Cost": 0.0, "Total Cost": 1559922.63, "Plan Rows": 93236, "Plan Width": 15, "Filter": "((l_shipmode = ANY ('{\"REG AIR\",RAIL}'::bpchar[])) AND (l_commitdate < l_receiptdate) AND (l_shipdate < l_commitdate) AND (l_receiptdate >= '1997-01-01'::date) AND (l_receiptdate < '1998-01-01 00:00:00'::timestamp without time zone))"}, {"Node Type": "Bitmap Heap Scan", "Parent Relationship": "Inner", "Parallel Aware": false, "Relation Name": "orders", "Alias": "orders", "Startup Cost": 0.6, "Total Cost": 1.71, "Plan Rows": 1, "Plan Width": 20, "Recheck Cond": "(o_orderkey = lineitem.l_orderkey)", "Plans": [{"Node Type": "Bitmap Index Scan", "Parent Relationship": "Outer", "Parallel Aware": false, "Index Name": "orders_pkey", "Startup Cost": 0.0, "Total Cost": 0.6, "Plan Rows": 1, "Plan Width": 0, "Index Cond": "(o_orderkey = lineitem.l_orderkey)"}]}]}]}]}]}]}]}}, {"Plan": {"Node Type": "Limit", "Parallel Aware": false, "Startup Cost": 1951958.29, "Total Cost": 1952225.07, "Plan Rows": 1, "Plan Width": 27, "Plans": [{"Node Type": "Aggregate", "Strategy": "Sorted", "Partial Mode": "Finalize", "Parent Relationship": "Outer", "Parallel Aware": false, "Startup Cost": 1951958.29, "Total Cost": 1953825.77, "Plan Rows": 7, "Plan Width": 27, "Group Key": ["lineitem.l_shipmode"], "Plans": [{"Node Type": "Gather Merge", "Parent Relationship": "Outer", "Parallel Aware": false, "Startup Cost": 1951958.29, "Total Cost": 1953825.54, "Plan Rows": 21, "Plan Width": 27, "Workers Planned": 3, "Plans": [{"Node Type": "Aggregate", "Strategy": "Sorted", "Partial Mode": "Partial", "Parent Relationship": "Outer", "Parallel Aware": false, "Startup Cost": 1950958.25, "Total Cost": 1952823.04, "Plan Rows": 7, "Plan Width": 27, "Group Key": ["lineitem.l_shipmode"], "Plans": [{"Node Type": "Sort", "Parent Relationship": "Outer", "Parallel Aware": false, "Startup Cost": 1950958.25, "Total Cost": 1951191.34, "Plan Rows": 93236, "Plan Width": 27, "Sort Key": ["lineitem.l_shipmode"], "Plans": [{"Node Type": "Hash Join", "Parent Relationship": "Outer", "Parallel Aware": true, "Join Type": "Inner", "Startup Cost": 1561088.08, "Total Cost": 1943262.27, "Plan Rows": 93236, "Plan Width": 27, "Inner Unique": false, "Hash Cond": "(orders.o_orderkey = lineitem.l_orderkey)", "Plans": [{"Node Type": "Seq Scan", "Parent Relationship": "Outer", "Parallel Aware": true, "Relation Name": "orders", "Alias": "orders", "Startup Cost": 0.0, "Total Cost": 309296.57, "Plan Rows": 4838457, "Plan Width": 20}, {"Node Type": "Hash", "Parent Relationship": "Inner", "Parallel Aware": true, "Startup Cost": 1559922.63, "Total Cost": 1559922.63, "Plan Rows": 93236, "Plan Width": 15, "Plans": [{"Node Type": "Seq Scan", "Parent Relationship": "Outer", "Parallel Aware": true, "Relation Name": "lineitem", "Alias": "lineitem", "Startup Cost": 0.0, "Total Cost": 1559922.63, "Plan Rows": 93236, "Plan Width": 15, "Filter": "((l_shipmode = ANY ('{\"REG AIR\",RAIL}'::bpchar[])) AND (l_commitdate < l_receiptdate) AND (l_shipdate < l_commitdate) AND (l_receiptdate >= '1997-01-01'::date) AND (l_receiptdate < '1998-01-01 00:00:00'::timestamp without time zone))"}]}]}]}]}]}]}]}}, {"Plan": {"Node Type": "Limit", "Parallel Aware": false, "Startup Cost": 2553246.85, "Total Cost": 2553513.64, "Plan Rows": 1, "Plan Width": 27, "Plans": [{"Node Type": "Aggregate", "Strategy": "Sorted", "Partial Mode": "Finalize", "Parent Relationship": "Outer", "Parallel Aware": false, "Startup Cost": 2553246.85, "Total Cost": 2555114.34, "Plan Rows": 7, "Plan Width": 27, "Group Key": ["lineitem.l_shipmode"], "Plans": [{"Node Type": "Gather Merge", "Parent Relationship": "Outer", "Parallel Aware": false, "Startup Cost": 2553246.85, "Total Cost": 2555114.11, "Plan Rows": 21, "Plan Width": 27, "Workers Planned": 3, "Plans": [{"Node Type": "Aggregate", "Strategy": "Sorted", "Partial Mode": "Partial", "Parent Relationship": "Outer", "Parallel Aware": false, "Startup Cost": 2552246.81, "Total Cost": 2554111.6, "Plan Rows": 7, "Plan Width": 27, "Group Key": ["lineitem.l_shipmode"], "Plans": [{"Node Type": "Sort", "Parent Relationship": "Outer", "Parallel Aware": false, "Startup Cost": 2552246.81, "Total Cost": 2552479.9, "Plan Rows": 93236, "Plan Width": 27, "Sort Key": ["lineitem.l_shipmode"], "Plans": [{"Node Type": "Hash Join", "Parent Relationship": "Outer", "Parallel Aware": true, "Join Type": "Inner", "Startup Cost": 2042136.36, "Total Cost": 2544550.83, "Plan Rows": 93236, "Plan Width": 27, "Inner Unique": false, "Hash Cond": "(orders.o_orderkey = lineitem.l_orderkey)", "Plans": [{"Node Type": "Index Scan", "Parent Relationship": "Outer", "Parallel Aware": true, "Scan Direction": "Forward", "Index Name": "orders_pkey", "Relation Name": "orders", "Alias": "orders", "Startup Cost": 0.43, "Total Cost": 429537.29, "Plan Rows": 4838457, "Plan Width": 20}, {"Node Type": "Hash", "Parent Relationship": "Inner", "Parallel Aware": true, "Startup Cost": 2040970.48, "Total Cost": 2040970.48, "Plan Rows": 93236, "Plan Width": 15, "Plans": [{"Node Type": "Index Scan", "Parent Relationship": "Outer", "Parallel Aware": true, "Scan Direction": "Forward", "Index Name": "idx_lineitem_orderkey", "Relation Name": "lineitem", "Alias": "lineitem", "Startup Cost": 0.56, "Total Cost": 2040970.48, "Plan Rows": 93236, "Plan Width": 15, "Filter": "((l_shipmode = ANY ('{\"REG AIR\",RAIL}'::bpchar[])) AND (l_commitdate < l_receiptdate) AND (l_shipdate < l_commitdate) AND (l_receiptdate >= '1997-01-01'::date) AND (l_receiptdate < '1998-01-01 00:00:00'::timestamp without time zone))"}]}]}]}]}]}]}]}}, {"Plan": {"Node Type": "Limit", "Parallel Aware": false, "Startup Cost": 2553246.85, "Total Cost": 2553513.64, "Plan Rows": 1, "Plan Width": 27, "Plans": [{"Node Type": "Aggregate", "Strategy": "Sorted", "Partial Mode": "Finalize", "Parent Relationship": "Outer", "Parallel Aware": false, "Startup Cost": 2553246.85, "Total Cost": 2555114.34, "Plan Rows": 7, "Plan Width": 27, "Group Key": ["lineitem.l_shipmode"], "Plans": [{"Node Type": "Gather Merge", "Parent Relationship": "Outer", "Parallel Aware": false, "Startup Cost": 2553246.85, "Total Cost": 2555114.11, "Plan Rows": 21, "Plan Width": 27, "Workers Planned": 3, "Plans": [{"Node Type": "Aggregate", "Strategy": "Sorted", "Partial Mode": "Partial", "Parent Relationship": "Outer", "Parallel Aware": false, "Startup Cost": 2552246.81, "Total Cost": 2554111.6, "Plan Rows": 7, "Plan Width": 27, "Group Key": ["lineitem.l_shipmode"], "Plans": [{"Node Type": "Sort", "Parent Relationship": "Outer", "Parallel Aware": false, "Startup Cost": 2552246.81, "Total Cost": 2552479.9, "Plan Rows": 93236, "Plan Width": 27, "Sort Key": ["lineitem.l_shipmode"], "Plans": [{"Node Type": "Hash Join", "Parent Relationship": "Outer", "Parallel Aware": true, "Join Type": "Inner", "Startup Cost": 2042136.36, "Total Cost": 2544550.83, "Plan Rows": 93236, "Plan Width": 27, "Inner Unique": false, "Hash Cond": "(orders.o_orderkey = lineitem.l_orderkey)", "Plans": [{"Node Type": "Index Scan", "Parent Relationship": "Outer", "Parallel Aware": true, "Scan Direction": "Forward", "Index Name": "orders_pkey", "Relation Name": "orders", "Alias": "orders", "Startup Cost": 0.43, "Total Cost": 429537.29, "Plan Rows": 4838457, "Plan Width": 20}, {"Node Type": "Hash", "Parent Relationship": "Inner", "Parallel Aware": true, "Startup Cost": 2040970.48, "Total Cost": 2040970.48, "Plan Rows": 93236, "Plan Width": 15, "Plans": [{"Node Type": "Index Scan", "Parent Relationship": "Outer", "Parallel Aware": true, "Scan Direction": "Forward", "Index Name": "idx_lineitem_orderkey", "Relation Name": "lineitem", "Alias": "lineitem", "Startup Cost": 0.56, "Total Cost": 2040970.48, "Plan Rows": 93236, "Plan Width": 15, "Filter": "((l_shipmode = ANY ('{\"REG AIR\",RAIL}'::bpchar[])) AND (l_commitdate < l_receiptdate) AND (l_shipdate < l_commitdate) AND (l_receiptdate >= '1997-01-01'::date) AND (l_receiptdate < '1998-01-01 00:00:00'::timestamp without time zone))"}]}]}]}]}]}]}]}}, {"Plan": {"Node Type": "Limit", "Parallel Aware": false, "Startup Cost": 2172452.75, "Total Cost": 2172719.53, "Plan Rows": 1, "Plan Width": 27, "Plans": [{"Node Type": "Aggregate", "Strategy": "Sorted", "Partial Mode": "Finalize", "Parent Relationship": "Outer", "Parallel Aware": false, "Startup Cost": 2172452.75, "Total Cost": 2174320.24, "Plan Rows": 7, "Plan Width": 27, "Group Key": ["lineitem.l_shipmode"], "Plans": [{"Node Type": "Gather Merge", "Parent Relationship": "Outer", "Parallel Aware": false, "Startup Cost": 2172452.75, "Total Cost": 2174320.01, "Plan Rows": 21, "Plan Width": 27, "Workers Planned": 3, "Plans": [{"Node Type": "Aggregate", "Strategy": "Sorted", "Partial Mode": "Partial", "Parent Relationship": "Outer", "Parallel Aware": false, "Startup Cost": 2171452.71, "Total Cost": 2173317.5, "Plan Rows": 7, "Plan Width": 27, "Group Key": ["lineitem.l_shipmode"], "Plans": [{"Node Type": "Sort", "Parent Relationship": "Outer", "Parallel Aware": false, "Startup Cost": 2171452.71, "Total Cost": 2171685.8, "Plan Rows": 93236, "Plan Width": 27, "Sort Key": ["lineitem.l_shipmode"], "Plans": [{"Node Type": "Nested Loop", "Parent Relationship": "Outer", "Parallel Aware": false, "Join Type": "Inner", "Startup Cost": 1.0, "Total Cost": 2163756.73, "Plan Rows": 93236, "Plan Width": 27, "Inner Unique": true, "Plans": [{"Node Type": "Index Scan", "Parent Relationship": "Outer", "Parallel Aware": true, "Scan Direction": "Forward", "Index Name": "idx_lineitem_orderkey", "Relation Name": "lineitem", "Alias": "lineitem", "Startup Cost": 0.56, "Total Cost": 2040970.48, "Plan Rows": 93236, "Plan Width": 15, "Filter": "((l_shipmode = ANY ('{\"REG AIR\",RAIL}'::bpchar[])) AND (l_commitdate < l_receiptdate) AND (l_shipdate < l_commitdate) AND (l_receiptdate >= '1997-01-01'::date) AND (l_receiptdate < '1998-01-01 00:00:00'::timestamp without time zone))"}, {"Node Type": "Index Scan", "Parent Relationship": "Inner", "Parallel Aware": false, "Scan Direction": "Forward", "Index Name": "orders_pkey", "Relation Name": "orders", "Alias": "orders", "Startup Cost": 0.43, "Total Cost": 1.32, "Plan Rows": 1, "Plan Width": 20, "Index Cond": "(o_orderkey = lineitem.l_orderkey)"}]}]}]}]}]}]}}, {"Plan": {"Node Type": "Limit", "Parallel Aware": false, "Startup Cost": 1691404.91, "Total Cost": 1691671.69, "Plan Rows": 1, "Plan Width": 27, "Plans": [{"Node Type": "Aggregate", "Strategy": "Sorted", "Partial Mode": "Finalize", "Parent Relationship": "Outer", "Parallel Aware": false, "Startup Cost": 1691404.91, "Total Cost": 1693272.39, "Plan Rows": 7, "Plan Width": 27, "Group Key": ["lineitem.l_shipmode"], "Plans": [{"Node Type": "Gather Merge", "Parent Relationship": "Outer", "Parallel Aware": false, "Startup Cost": 1691404.91, "Total Cost": 1693272.16, "Plan Rows": 21, "Plan Width": 27, "Workers Planned": 3, "Plans": [{"Node Type": "Aggregate", "Strategy": "Sorted", "Partial Mode": "Partial", "Parent Relationship": "Outer", "Parallel Aware": false, "Startup Cost": 1690404.87, "Total Cost": 1692269.66, "Plan Rows": 7, "Plan Width": 27, "Group Key": ["lineitem.l_shipmode"], "Plans": [{"Node Type": "Sort", "Parent Relationship": "Outer", "Parallel Aware": false, "Startup Cost": 1690404.87, "Total Cost": 1690637.96, "Plan Rows": 93236, "Plan Width": 27, "Sort Key": ["lineitem.l_shipmode"], "Plans": [{"Node Type": "Nested Loop", "Parent Relationship": "Outer", "Parallel Aware": false, "Join Type": "Inner", "Startup Cost": 0.43, "Total Cost": 1682708.89, "Plan Rows": 93236, "Plan Width": 27, "Inner Unique": true, "Plans": [{"Node Type": "Seq Scan", "Parent Relationship": "Outer", "Parallel Aware": true, "Relation Name": "lineitem", "Alias": "lineitem", "Startup Cost": 0.0, "Total Cost": 1559922.63, "Plan Rows": 93236, "Plan Width": 15, "Filter": "((l_shipmode = ANY ('{\"REG AIR\",RAIL}'::bpchar[])) AND (l_commitdate < l_receiptdate) AND (l_shipdate < l_commitdate) AND (l_receiptdate >= '1997-01-01'::date) AND (l_receiptdate < '1998-01-01 00:00:00'::timestamp without time zone))"}, {"Node Type": "Index Scan", "Parent Relationship": "Inner", "Parallel Aware": false, "Scan Direction": "Forward", "Index Name": "orders_pkey", "Relation Name": "orders", "Alias": "orders", "Startup Cost": 0.43, "Total Cost": 1.32, "Plan Rows": 1, "Plan Width": 20, "Index Cond": "(o_orderkey = lineitem.l_orderkey)"}]}]}]}]}]}]}}, {"Plan": {"Node Type": "Limit", "Parallel Aware": false, "Startup Cost": 1951958.29, "Total Cost": 1952225.07, "Plan Rows": 1, "Plan Width": 27, "Plans": [{"Node Type": "Aggregate", "Strategy": "Sorted", "Partial Mode": "Finalize", "Parent Relationship": "Outer", "Parallel Aware": false, "Startup Cost": 1951958.29, "Total Cost": 1953825.77, "Plan Rows": 7, "Plan Width": 27, "Group Key": ["lineitem.l_shipmode"], "Plans": [{"Node Type": "Gather Merge", "Parent Relationship": "Outer", "Parallel Aware": false, "Startup Cost": 1951958.29, "Total Cost": 1953825.54, "Plan Rows": 21, "Plan Width": 27, "Workers Planned": 3, "Plans": [{"Node Type": "Aggregate", "Strategy": "Sorted", "Partial Mode": "Partial", "Parent Relationship": "Outer", "Parallel Aware": false, "Startup Cost": 1950958.25, "Total Cost": 1952823.04, "Plan Rows": 7, "Plan Width": 27, "Group Key": ["lineitem.l_shipmode"], "Plans": [{"Node Type": "Sort", "Parent Relationship": "Outer", "Parallel Aware": false, "Startup Cost": 1950958.25, "Total Cost": 1951191.34, "Plan Rows": 93236, "Plan Width": 27, "Sort Key": ["lineitem.l_shipmode"], "Plans": [{"Node Type": "Hash Join", "Parent Relationship": "Outer", "Parallel Aware": true, "Join Type": "Inner", "Startup Cost": 1561088.08, "Total Cost": 1943262.27, "Plan Rows": 93236, "Plan Width": 27, "Inner Unique": false, "Hash Cond": "(orders.o_orderkey = lineitem.l_orderkey)", "Plans": [{"Node Type": "Seq Scan", "Parent Relationship": "Outer", "Parallel Aware": true, "Relation Name": "orders", "Alias": "orders", "Startup Cost": 0.0, "Total Cost": 309296.57, "Plan Rows": 4838457, "Plan Width": 20}, {"Node Type": "Hash", "Parent Relationship": "Inner", "Parallel Aware": true, "Startup Cost": 1559922.63, "Total Cost": 1559922.63, "Plan Rows": 93236, "Plan Width": 15, "Plans": [{"Node Type": "Seq Scan", "Parent Relationship": "Outer", "Parallel Aware": true, "Relation Name": "lineitem", "Alias": "lineitem", "Startup Cost": 0.0, "Total Cost": 1559922.63, "Plan Rows": 93236, "Plan Width": 15, "Filter": "((l_shipmode = ANY ('{\"REG AIR\",RAIL}'::bpchar[])) AND (l_commitdate < l_receiptdate) AND (l_shipdate < l_commitdate) AND (l_receiptdate >= '1997-01-01'::date) AND (l_receiptdate < '1998-01-01 00:00:00'::timestamp without time zone))"}]}]}]}]}]}]}]}}, {"Plan": {"Node Type": "Limit", "Parallel Aware": false, "Startup Cost": 2172452.75, "Total Cost": 2172719.53, "Plan Rows": 1, "Plan Width": 27, "Plans": [{"Node Type": "Aggregate", "Strategy": "Sorted", "Partial Mode": "Finalize", "Parent Relationship": "Outer", "Parallel Aware": false, "Startup Cost": 2172452.75, "Total Cost": 2174320.24, "Plan Rows": 7, "Plan Width": 27, "Group Key": ["lineitem.l_shipmode"], "Plans": [{"Node Type": "Gather Merge", "Parent Relationship": "Outer", "Parallel Aware": false, "Startup Cost": 2172452.75, "Total Cost": 2174320.01, "Plan Rows": 21, "Plan Width": 27, "Workers Planned": 3, "Plans": [{"Node Type": "Aggregate", "Strategy": "Sorted", "Partial Mode": "Partial", "Parent Relationship": "Outer", "Parallel Aware": false, "Startup Cost": 2171452.71, "Total Cost": 2173317.5, "Plan Rows": 7, "Plan Width": 27, "Group Key": ["lineitem.l_shipmode"], "Plans": [{"Node Type": "Sort", "Parent Relationship": "Outer", "Parallel Aware": false, "Startup Cost": 2171452.71, "Total Cost": 2171685.8, "Plan Rows": 93236, "Plan Width": 27, "Sort Key": ["lineitem.l_shipmode"], "Plans": [{"Node Type": "Nested Loop", "Parent Relationship": "Outer", "Parallel Aware": false, "Join Type": "Inner", "Startup Cost": 1.0, "Total Cost": 2163756.73, "Plan Rows": 93236, "Plan Width": 27, "Inner Unique": true, "Plans": [{"Node Type": "Index Scan", "Parent Relationship": "Outer", "Parallel Aware": true, "Scan Direction": "Forward", "Index Name": "idx_lineitem_orderkey", "Relation Name": "lineitem", "Alias": "lineitem", "Startup Cost": 0.56, "Total Cost": 2040970.48, "Plan Rows": 93236, "Plan Width": 15, "Filter": "((l_shipmode = ANY ('{\"REG AIR\",RAIL}'::bpchar[])) AND (l_commitdate < l_receiptdate) AND (l_shipdate < l_commitdate) AND (l_receiptdate >= '1997-01-01'::date) AND (l_receiptdate < '1998-01-01 00:00:00'::timestamp without time zone))"}, {"Node Type": "Index Scan", "Parent Relationship": "Inner", "Parallel Aware": false, "Scan Direction": "Forward", "Index Name": "orders_pkey", "Relation Name": "orders", "Alias": "orders", "Startup Cost": 0.43, "Total Cost": 1.32, "Plan Rows": 1, "Plan Width": 20, "Index Cond": "(o_orderkey = lineitem.l_orderkey)"}]}]}]}]}]}]}}, {"Plan": {"Node Type": "Limit", "Parallel Aware": false, "Startup Cost": 1691404.91, "Total Cost": 1691671.69, "Plan Rows": 1, "Plan Width": 27, "Plans": [{"Node Type": "Aggregate", "Strategy": "Sorted", "Partial Mode": "Finalize", "Parent Relationship": "Outer", "Parallel Aware": false, "Startup Cost": 1691404.91, "Total Cost": 1693272.39, "Plan Rows": 7, "Plan Width": 27, "Group Key": ["lineitem.l_shipmode"], "Plans": [{"Node Type": "Gather Merge", "Parent Relationship": "Outer", "Parallel Aware": false, "Startup Cost": 1691404.91, "Total Cost": 1693272.16, "Plan Rows": 21, "Plan Width": 27, "Workers Planned": 3, "Plans": [{"Node Type": "Aggregate", "Strategy": "Sorted", "Partial Mode": "Partial", "Parent Relationship": "Outer", "Parallel Aware": false, "Startup Cost": 1690404.87, "Total Cost": 1692269.66, "Plan Rows": 7, "Plan Width": 27, "Group Key": ["lineitem.l_shipmode"], "Plans": [{"Node Type": "Sort", "Parent Relationship": "Outer", "Parallel Aware": false, "Startup Cost": 1690404.87, "Total Cost": 1690637.96, "Plan Rows": 93236, "Plan Width": 27, "Sort Key": ["lineitem.l_shipmode"], "Plans": [{"Node Type": "Nested Loop", "Parent Relationship": "Outer", "Parallel Aware": false, "Join Type": "Inner", "Startup Cost": 0.43, "Total Cost": 1682708.89, "Plan Rows": 93236, "Plan Width": 27, "Inner Unique": true, "Plans": [{"Node Type": "Seq Scan", "Parent Relationship": "Outer", "Parallel Aware": true, "Relation Name": "lineitem", "Alias": "lineitem", "Startup Cost": 0.0, "Total Cost": 1559922.63, "Plan Rows": 93236, "Plan Width": 15, "Filter": "((l_shipmode = ANY ('{\"REG AIR\",RAIL}'::bpchar[])) AND (l_commitdate < l_receiptdate) AND (l_shipdate < l_commitdate) AND (l_receiptdate >= '1997-01-01'::date) AND (l_receiptdate < '1998-01-01 00:00:00'::timestamp without time zone))"}, {"Node Type": "Index Scan", "Parent Relationship": "Inner", "Parallel Aware": false, "Scan Direction": "Forward", "Index Name": "orders_pkey", "Relation Name": "orders", "Alias": "orders", "Startup Cost": 0.43, "Total Cost": 1.32, "Plan Rows": 1, "Plan Width": 20, "Index Cond": "(o_orderkey = lineitem.l_orderkey)"}]}]}]}]}]}]}}, {"Plan": {"Node Type": "Limit", "Parallel Aware": false, "Startup Cost": 1951958.29, "Total Cost": 1952225.07, "Plan Rows": 1, "Plan Width": 27, "Plans": [{"Node Type": "Aggregate", "Strategy": "Sorted", "Partial Mode": "Finalize", "Parent Relationship": "Outer", "Parallel Aware": false, "Startup Cost": 1951958.29, "Total Cost": 1953825.77, "Plan Rows": 7, "Plan Width": 27, "Group Key": ["lineitem.l_shipmode"], "Plans": [{"Node Type": "Gather Merge", "Parent Relationship": "Outer", "Parallel Aware": false, "Startup Cost": 1951958.29, "Total Cost": 1953825.54, "Plan Rows": 21, "Plan Width": 27, "Workers Planned": 3, "Plans": [{"Node Type": "Aggregate", "Strategy": "Sorted", "Partial Mode": "Partial", "Parent Relationship": "Outer", "Parallel Aware": false, "Startup Cost": 1950958.25, "Total Cost": 1952823.04, "Plan Rows": 7, "Plan Width": 27, "Group Key": ["lineitem.l_shipmode"], "Plans": [{"Node Type": "Sort", "Parent Relationship": "Outer", "Parallel Aware": false, "Startup Cost": 1950958.25, "Total Cost": 1951191.34, "Plan Rows": 93236, "Plan Width": 27, "Sort Key": ["lineitem.l_shipmode"], "Plans": [{"Node Type": "Hash Join", "Parent Relationship": "Outer", "Parallel Aware": true, "Join Type": "Inner", "Startup Cost": 1561088.08, "Total Cost": 1943262.27, "Plan Rows": 93236, "Plan Width": 27, "Inner Unique": false, "Hash Cond": "(orders.o_orderkey = lineitem.l_orderkey)", "Plans": [{"Node Type": "Seq Scan", "Parent Relationship": "Outer", "Parallel Aware": true, "Relation Name": "orders", "Alias": "orders", "Startup Cost": 0.0, "Total Cost": 309296.57, "Plan Rows": 4838457, "Plan Width": 20}, {"Node Type": "Hash", "Parent Relationship": "Inner", "Parallel Aware": true, "Startup Cost": 1559922.63, "Total Cost": 1559922.63, "Plan Rows": 93236, "Plan Width": 15, "Plans": [{"Node Type": "Seq Scan", "Parent Relationship": "Outer", "Parallel Aware": true, "Relation Name": "lineitem", "Alias": "lineitem", "Startup Cost": 0.0, "Total Cost": 1559922.63, "Plan Rows": 93236, "Plan Width": 15, "Filter": "((l_shipmode = ANY ('{\"REG AIR\",RAIL}'::bpchar[])) AND (l_commitdate < l_receiptdate) AND (l_shipdate < l_commitdate) AND (l_receiptdate >= '1997-01-01'::date) AND (l_receiptdate < '1998-01-01 00:00:00'::timestamp without time zone))"}]}]}]}]}]}]}]}}, {"Plan": {"Node Type": "Limit", "Parallel Aware": false, "Startup Cost": 1728218.74, "Total Cost": 1728485.52, "Plan Rows": 1, "Plan Width": 27, "Plans": [{"Node Type": "Aggregate", "Strategy": "Sorted", "Partial Mode": "Finalize", "Parent Relationship": "Outer", "Parallel Aware": false, "Startup Cost": 1728218.74, "Total Cost": 1730086.23, "Plan Rows": 7, "Plan Width": 27, "Group Key": ["lineitem.l_shipmode"], "Plans": [{"Node Type": "Gather Merge", "Parent Relationship": "Outer", "Parallel Aware": false, "Startup Cost": 1728218.74, "Total Cost": 1730086.0, "Plan Rows": 21, "Plan Width": 27, "Workers Planned": 3, "Plans": [{"Node Type": "Aggregate", "Strategy": "Sorted", "Partial Mode": "Partial", "Parent Relationship": "Outer", "Parallel Aware": false, "Startup Cost": 1727218.7, "Total Cost": 1729083.49, "Plan Rows": 7, "Plan Width": 27, "Group Key": ["lineitem.l_shipmode"], "Plans": [{"Node Type": "Sort", "Parent Relationship": "Outer", "Parallel Aware": false, "Startup Cost": 1727218.7, "Total Cost": 1727451.79, "Plan Rows": 93236, "Plan Width": 27, "Sort Key": ["lineitem.l_shipmode"], "Plans": [{"Node Type": "Nested Loop", "Parent Relationship": "Outer", "Parallel Aware": false, "Join Type": "Inner", "Startup Cost": 0.6, "Total Cost": 1719522.72, "Plan Rows": 93236, "Plan Width": 27, "Inner Unique": true, "Plans": [{"Node Type": "Seq Scan", "Parent Relationship": "Outer", "Parallel Aware": true, "Relation Name": "lineitem", "Alias": "lineitem", "Startup Cost": 0.0, "Total Cost": 1559922.63, "Plan Rows": 93236, "Plan Width": 15, "Filter": "((l_shipmode = ANY ('{\"REG AIR\",RAIL}'::bpchar[])) AND (l_commitdate < l_receiptdate) AND (l_shipdate < l_commitdate) AND (l_receiptdate >= '1997-01-01'::date) AND (l_receiptdate < '1998-01-01 00:00:00'::timestamp without time zone))"}, {"Node Type": "Bitmap Heap Scan", "Parent Relationship": "Inner", "Parallel Aware": false, "Relation Name": "orders", "Alias": "orders", "Startup Cost": 0.6, "Total Cost": 1.71, "Plan Rows": 1, "Plan Width": 20, "Recheck Cond": "(o_orderkey = lineitem.l_orderkey)", "Plans": [{"Node Type": "Bitmap Index Scan", "Parent Relationship": "Outer", "Parallel Aware": false, "Index Name": "orders_pkey", "Startup Cost": 0.0, "Total Cost": 0.6, "Plan Rows": 1, "Plan Width": 0, "Index Cond": "(o_orderkey = lineitem.l_orderkey)"}]}]}]}]}]}]}]}}, {"Plan": {"Node Type": "Limit", "Parallel Aware": false, "Startup Cost": 1951958.29, "Total Cost": 1952225.07, "Plan Rows": 1, "Plan Width": 27, "Plans": [{"Node Type": "Aggregate", "Strategy": "Sorted", "Partial Mode": "Finalize", "Parent Relationship": "Outer", "Parallel Aware": false, "Startup Cost": 1951958.29, "Total Cost": 1953825.77, "Plan Rows": 7, "Plan Width": 27, "Group Key": ["lineitem.l_shipmode"], "Plans": [{"Node Type": "Gather Merge", "Parent Relationship": "Outer", "Parallel Aware": false, "Startup Cost": 1951958.29, "Total Cost": 1953825.54, "Plan Rows": 21, "Plan Width": 27, "Workers Planned": 3, "Plans": [{"Node Type": "Aggregate", "Strategy": "Sorted", "Partial Mode": "Partial", "Parent Relationship": "Outer", "Parallel Aware": false, "Startup Cost": 1950958.25, "Total Cost": 1952823.04, "Plan Rows": 7, "Plan Width": 27, "Group Key": ["lineitem.l_shipmode"], "Plans": [{"Node Type": "Sort", "Parent Relationship": "Outer", "Parallel Aware": false, "Startup Cost": 1950958.25, "Total Cost": 1951191.34, "Plan Rows": 93236, "Plan Width": 27, "Sort Key": ["lineitem.l_shipmode"], "Plans": [{"Node Type": "Hash Join", "Parent Relationship": "Outer", "Parallel Aware": true, "Join Type": "Inner", "Startup Cost": 1561088.08, "Total Cost": 1943262.27, "Plan Rows": 93236, "Plan Width": 27, "Inner Unique": false, "Hash Cond": "(orders.o_orderkey = lineitem.l_orderkey)", "Plans": [{"Node Type": "Seq Scan", "Parent Relationship": "Outer", "Parallel Aware": true, "Relation Name": "orders", "Alias": "orders", "Startup Cost": 0.0, "Total Cost": 309296.57, "Plan Rows": 4838457, "Plan Width": 20}, {"Node Type": "Hash", "Parent Relationship": "Inner", "Parallel Aware": true, "Startup Cost": 1559922.63, "Total Cost": 1559922.63, "Plan Rows": 93236, "Plan Width": 15, "Plans": [{"Node Type": "Seq Scan", "Parent Relationship": "Outer", "Parallel Aware": true, "Relation Name": "lineitem", "Alias": "lineitem", "Startup Cost": 0.0, "Total Cost": 1559922.63, "Plan Rows": 93236, "Plan Width": 15, "Filter": "((l_shipmode = ANY ('{\"REG AIR\",RAIL}'::bpchar[])) AND (l_commitdate < l_receiptdate) AND (l_shipdate < l_commitdate) AND (l_receiptdate >= '1997-01-01'::date) AND (l_receiptdate < '1998-01-01 00:00:00'::timestamp without time zone))"}]}]}]}]}]}]}]}}, {"Plan": {"Node Type": "Limit", "Parallel Aware": false, "Startup Cost": 1728218.74, "Total Cost": 1728485.52, "Plan Rows": 1, "Plan Width": 27, "Plans": [{"Node Type": "Aggregate", "Strategy": "Sorted", "Partial Mode": "Finalize", "Parent Relationship": "Outer", "Parallel Aware": false, "Startup Cost": 1728218.74, "Total Cost": 1730086.23, "Plan Rows": 7, "Plan Width": 27, "Group Key": ["lineitem.l_shipmode"], "Plans": [{"Node Type": "Gather Merge", "Parent Relationship": "Outer", "Parallel Aware": false, "Startup Cost": 1728218.74, "Total Cost": 1730086.0, "Plan Rows": 21, "Plan Width": 27, "Workers Planned": 3, "Plans": [{"Node Type": "Aggregate", "Strategy": "Sorted", "Partial Mode": "Partial", "Parent Relationship": "Outer", "Parallel Aware": false, "Startup Cost": 1727218.7, "Total Cost": 1729083.49, "Plan Rows": 7, "Plan Width": 27, "Group Key": ["lineitem.l_shipmode"], "Plans": [{"Node Type": "Sort", "Parent Relationship": "Outer", "Parallel Aware": false, "Startup Cost": 1727218.7, "Total Cost": 1727451.79, "Plan Rows": 93236, "Plan Width": 27, "Sort Key": ["lineitem.l_shipmode"], "Plans": [{"Node Type": "Nested Loop", "Parent Relationship": "Outer", "Parallel Aware": false, "Join Type": "Inner", "Startup Cost": 0.6, "Total Cost": 1719522.72, "Plan Rows": 93236, "Plan Width": 27, "Inner Unique": true, "Plans": [{"Node Type": "Seq Scan", "Parent Relationship": "Outer", "Parallel Aware": true, "Relation Name": "lineitem", "Alias": "lineitem", "Startup Cost": 0.0, "Total Cost": 1559922.63, "Plan Rows": 93236, "Plan Width": 15, "Filter": "((l_shipmode = ANY ('{\"REG AIR\",RAIL}'::bpchar[])) AND (l_commitdate < l_receiptdate) AND (l_shipdate < l_commitdate) AND (l_receiptdate >= '1997-01-01'::date) AND (l_receiptdate < '1998-01-01 00:00:00'::timestamp without time zone))"}, {"Node Type": "Bitmap Heap Scan", "Parent Relationship": "Inner", "Parallel Aware": false, "Relation Name": "orders", "Alias": "orders", "Startup Cost": 0.6, "Total Cost": 1.71, "Plan Rows": 1, "Plan Width": 20, "Recheck Cond": "(o_orderkey = lineitem.l_orderkey)", "Plans": [{"Node Type": "Bitmap Index Scan", "Parent Relationship": "Outer", "Parallel Aware": false, "Index Name": "orders_pkey", "Startup Cost": 0.0, "Total Cost": 0.6, "Plan Rows": 1, "Plan Width": 0, "Index Cond": "(o_orderkey = lineitem.l_orderkey)"}]}]}]}]}]}]}]}}, {"Plan": {"Node Type": "Limit", "Parallel Aware": false, "Startup Cost": 1951958.29, "Total Cost": 1952225.07, "Plan Rows": 1, "Plan Width": 27, "Plans": [{"Node Type": "Aggregate", "Strategy": "Sorted", "Partial Mode": "Finalize", "Parent Relationship": "Outer", "Parallel Aware": false, "Startup Cost": 1951958.29, "Total Cost": 1953825.77, "Plan Rows": 7, "Plan Width": 27, "Group Key": ["lineitem.l_shipmode"], "Plans": [{"Node Type": "Gather Merge", "Parent Relationship": "Outer", "Parallel Aware": false, "Startup Cost": 1951958.29, "Total Cost": 1953825.54, "Plan Rows": 21, "Plan Width": 27, "Workers Planned": 3, "Plans": [{"Node Type": "Aggregate", "Strategy": "Sorted", "Partial Mode": "Partial", "Parent Relationship": "Outer", "Parallel Aware": false, "Startup Cost": 1950958.25, "Total Cost": 1952823.04, "Plan Rows": 7, "Plan Width": 27, "Group Key": ["lineitem.l_shipmode"], "Plans": [{"Node Type": "Sort", "Parent Relationship": "Outer", "Parallel Aware": false, "Startup Cost": 1950958.25, "Total Cost": 1951191.34, "Plan Rows": 93236, "Plan Width": 27, "Sort Key": ["lineitem.l_shipmode"], "Plans": [{"Node Type": "Hash Join", "Parent Relationship": "Outer", "Parallel Aware": true, "Join Type": "Inner", "Startup Cost": 1561088.08, "Total Cost": 1943262.27, "Plan Rows": 93236, "Plan Width": 27, "Inner Unique": false, "Hash Cond": "(orders.o_orderkey = lineitem.l_orderkey)", "Plans": [{"Node Type": "Seq Scan", "Parent Relationship": "Outer", "Parallel Aware": true, "Relation Name": "orders", "Alias": "orders", "Startup Cost": 0.0, "Total Cost": 309296.57, "Plan Rows": 4838457, "Plan Width": 20}, {"Node Type": "Hash", "Parent Relationship": "Inner", "Parallel Aware": true, "Startup Cost": 1559922.63, "Total Cost": 1559922.63, "Plan Rows": 93236, "Plan Width": 15, "Plans": [{"Node Type": "Seq Scan", "Parent Relationship": "Outer", "Parallel Aware": true, "Relation Name": "lineitem", "Alias": "lineitem", "Startup Cost": 0.0, "Total Cost": 1559922.63, "Plan Rows": 93236, "Plan Width": 15, "Filter": "((l_shipmode = ANY ('{\"REG AIR\",RAIL}'::bpchar[])) AND (l_commitdate < l_receiptdate) AND (l_shipdate < l_commitdate) AND (l_receiptdate >= '1997-01-01'::date) AND (l_receiptdate < '1998-01-01 00:00:00'::timestamp without time zone))"}]}]}]}]}]}]}]}}, {"Plan": {"Node Type": "Limit", "Parallel Aware": false, "Startup Cost": 2619474.27, "Total Cost": 2619741.06, "Plan Rows": 1, "Plan Width": 27, "Plans": [{"Node Type": "Aggregate", "Strategy": "Sorted", "Partial Mode": "Finalize", "Parent Relationship": "Outer", "Parallel Aware": false, "Startup Cost": 2619474.27, "Total Cost": 2621341.76, "Plan Rows": 7, "Plan Width": 27, "Group Key": ["lineitem.l_shipmode"], "Plans": [{"Node Type": "Gather Merge", "Parent Relationship": "Outer", "Parallel Aware": false, "Startup Cost": 2619474.27, "Total Cost": 2621341.53, "Plan Rows": 21, "Plan Width": 27, "Workers Planned": 3, "Plans": [{"Node Type": "Aggregate", "Strategy": "Sorted", "Partial Mode": "Partial", "Parent Relationship": "Outer", "Parallel Aware": false, "Startup Cost": 2618474.23, "Total Cost": 2620339.02, "Plan Rows": 7, "Plan Width": 27, "Group Key": ["lineitem.l_shipmode"], "Plans": [{"Node Type": "Sort", "Parent Relationship": "Outer", "Parallel Aware": false, "Startup Cost": 2618474.23, "Total Cost": 2618707.32, "Plan Rows": 93236, "Plan Width": 27, "Sort Key": ["lineitem.l_shipmode"], "Plans": [{"Node Type": "Merge Join", "Parent Relationship": "Outer", "Parallel Aware": false, "Join Type": "Inner", "Startup Cost": 44.79, "Total Cost": 2610778.25, "Plan Rows": 93236, "Plan Width": 27, "Inner Unique": true, "Merge Cond": "(lineitem.l_orderkey = orders.o_orderkey)", "Plans": [{"Node Type": "Index Scan", "Parent Relationship": "Outer", "Parallel Aware": true, "Scan Direction": "Forward", "Index Name": "idx_lineitem_orderkey", "Relation Name": "lineitem", "Alias": "lineitem", "Startup Cost": 0.56, "Total Cost": 2040970.48, "Plan Rows": 93236, "Plan Width": 15, "Filter": "((l_shipmode = ANY ('{\"REG AIR\",RAIL}'::bpchar[])) AND (l_commitdate < l_receiptdate) AND (l_shipdate < l_commitdate) AND (l_receiptdate >= '1997-01-01'::date) AND (l_receiptdate < '1998-01-01 00:00:00'::timestamp without time zone))"}, {"Node Type": "Index Scan", "Parent Relationship": "Inner", "Parallel Aware": false, "Scan Direction": "Forward", "Index Name": "orders_pkey", "Relation Name": "orders", "Alias": "orders", "Startup Cost": 0.43, "Total Cost": 531144.89, "Plan Rows": 14999217, "Plan Width": 20}]}]}]}]}]}]}}, {"Plan": {"Node Type": "Limit", "Parallel Aware": false, "Startup Cost": 2172452.75, "Total Cost": 2172719.53, "Plan Rows": 1, "Plan Width": 27, "Plans": [{"Node Type": "Aggregate", "Strategy": "Sorted", "Partial Mode": "Finalize", "Parent Relationship": "Outer", "Parallel Aware": false, "Startup Cost": 2172452.75, "Total Cost": 2174320.24, "Plan Rows": 7, "Plan Width": 27, "Group Key": ["lineitem.l_shipmode"], "Plans": [{"Node Type": "Gather Merge", "Parent Relationship": "Outer", "Parallel Aware": false, "Startup Cost": 2172452.75, "Total Cost": 2174320.01, "Plan Rows": 21, "Plan Width": 27, "Workers Planned": 3, "Plans": [{"Node Type": "Aggregate", "Strategy": "Sorted", "Partial Mode": "Partial", "Parent Relationship": "Outer", "Parallel Aware": false, "Startup Cost": 2171452.71, "Total Cost": 2173317.5, "Plan Rows": 7, "Plan Width": 27, "Group Key": ["lineitem.l_shipmode"], "Plans": [{"Node Type": "Sort", "Parent Relationship": "Outer", "Parallel Aware": false, "Startup Cost": 2171452.71, "Total Cost": 2171685.8, "Plan Rows": 93236, "Plan Width": 27, "Sort Key": ["lineitem.l_shipmode"], "Plans": [{"Node Type": "Nested Loop", "Parent Relationship": "Outer", "Parallel Aware": false, "Join Type": "Inner", "Startup Cost": 1.0, "Total Cost": 2163756.73, "Plan Rows": 93236, "Plan Width": 27, "Inner Unique": true, "Plans": [{"Node Type": "Index Scan", "Parent Relationship": "Outer", "Parallel Aware": true, "Scan Direction": "Forward", "Index Name": "idx_lineitem_orderkey", "Relation Name": "lineitem", "Alias": "lineitem", "Startup Cost": 0.56, "Total Cost": 2040970.48, "Plan Rows": 93236, "Plan Width": 15, "Filter": "((l_shipmode = ANY ('{\"REG AIR\",RAIL}'::bpchar[])) AND (l_commitdate < l_receiptdate) AND (l_shipdate < l_commitdate) AND (l_receiptdate >= '1997-01-01'::date) AND (l_receiptdate < '1998-01-01 00:00:00'::timestamp without time zone))"}, {"Node Type": "Index Scan", "Parent Relationship": "Inner", "Parallel Aware": false, "Scan Direction": "Forward", "Index Name": "orders_pkey", "Relation Name": "orders", "Alias": "orders", "Startup Cost": 0.43, "Total Cost": 1.32, "Plan Rows": 1, "Plan Width": 20, "Index Cond": "(o_orderkey = lineitem.l_orderkey)"}]}]}]}]}]}]}}, {"Plan": {"Node Type": "Limit", "Parallel Aware": false, "Startup Cost": 1691404.91, "Total Cost": 1691671.69, "Plan Rows": 1, "Plan Width": 27, "Plans": [{"Node Type": "Aggregate", "Strategy": "Sorted", "Partial Mode": "Finalize", "Parent Relationship": "Outer", "Parallel Aware": false, "Startup Cost": 1691404.91, "Total Cost": 1693272.39, "Plan Rows": 7, "Plan Width": 27, "Group Key": ["lineitem.l_shipmode"], "Plans": [{"Node Type": "Gather Merge", "Parent Relationship": "Outer", "Parallel Aware": false, "Startup Cost": 1691404.91, "Total Cost": 1693272.16, "Plan Rows": 21, "Plan Width": 27, "Workers Planned": 3, "Plans": [{"Node Type": "Aggregate", "Strategy": "Sorted", "Partial Mode": "Partial", "Parent Relationship": "Outer", "Parallel Aware": false, "Startup Cost": 1690404.87, "Total Cost": 1692269.66, "Plan Rows": 7, "Plan Width": 27, "Group Key": ["lineitem.l_shipmode"], "Plans": [{"Node Type": "Sort", "Parent Relationship": "Outer", "Parallel Aware": false, "Startup Cost": 1690404.87, "Total Cost": 1690637.96, "Plan Rows": 93236, "Plan Width": 27, "Sort Key": ["lineitem.l_shipmode"], "Plans": [{"Node Type": "Nested Loop", "Parent Relationship": "Outer", "Parallel Aware": false, "Join Type": "Inner", "Startup Cost": 0.43, "Total Cost": 1682708.89, "Plan Rows": 93236, "Plan Width": 27, "Inner Unique": true, "Plans": [{"Node Type": "Seq Scan", "Parent Relationship": "Outer", "Parallel Aware": true, "Relation Name": "lineitem", "Alias": "lineitem", "Startup Cost": 0.0, "Total Cost": 1559922.63, "Plan Rows": 93236, "Plan Width": 15, "Filter": "((l_shipmode = ANY ('{\"REG AIR\",RAIL}'::bpchar[])) AND (l_commitdate < l_receiptdate) AND (l_shipdate < l_commitdate) AND (l_receiptdate >= '1997-01-01'::date) AND (l_receiptdate < '1998-01-01 00:00:00'::timestamp without time zone))"}, {"Node Type": "Index Scan", "Parent Relationship": "Inner", "Parallel Aware": false, "Scan Direction": "Forward", "Index Name": "orders_pkey", "Relation Name": "orders", "Alias": "orders", "Startup Cost": 0.43, "Total Cost": 1.32, "Plan Rows": 1, "Plan Width": 20, "Index Cond": "(o_orderkey = lineitem.l_orderkey)"}]}]}]}]}]}]}}, {"Plan": {"Node Type": "Limit", "Parallel Aware": false, "Startup Cost": 2194078.49, "Total Cost": 2194078.5, "Plan Rows": 1, "Plan Width": 27, "Plans": [{"Node Type": "Sort", "Parent Relationship": "Outer", "Parallel Aware": false, "Startup Cost": 2194078.49, "Total Cost": 2194078.51, "Plan Rows": 7, "Plan Width": 27, "Sort Key": ["lineitem.l_shipmode"], "Plans": [{"Node Type": "Aggregate", "Strategy": "Hashed", "Partial Mode": "Simple", "Parent Relationship": "Outer", "Parallel Aware": false, "Startup Cost": 2194078.39, "Total Cost": 2194078.46, "Plan Rows": 7, "Plan Width": 27, "Group Key": ["lineitem.l_shipmode"], "Plans": [{"Node Type": "Merge Join", "Parent Relationship": "Outer", "Parallel Aware": false, "Join Type": "Inner", "Startup Cost": 1616042.96, "Total Cost": 2189020.31, "Plan Rows": 289033, "Plan Width": 27, "Inner Unique": false, "Merge Cond": "(orders.o_orderkey = lineitem.l_orderkey)", "Plans": [{"Node Type": "Index Scan", "Parent Relationship": "Outer", "Parallel Aware": false, "Scan Direction": "Forward", "Index Name": "orders_pkey", "Relation Name": "orders", "Alias": "orders", "Startup Cost": 0.43, "Total Cost": 531144.89, "Plan Rows": 14999217, "Plan Width": 20}, {"Node Type": "Sort", "Parent Relationship": "Inner", "Parallel Aware": false, "Startup Cost": 1616042.49, "Total Cost": 1616765.07, "Plan Rows": 289033, "Plan Width": 15, "Sort Key": ["lineitem.l_orderkey"], "Plans": [{"Node Type": "Gather", "Parent Relationship": "Outer", "Parallel Aware": false, "Startup Cost": 1000.0, "Total Cost": 1589825.93, "Plan Rows": 289033, "Plan Width": 15, "Workers Planned": 3, "Single Copy": false, "Plans": [{"Node Type": "Seq Scan", "Parent Relationship": "Outer", "Parallel Aware": true, "Relation Name": "lineitem", "Alias": "lineitem", "Startup Cost": 0.0, "Total Cost": 1559922.63, "Plan Rows": 93236, "Plan Width": 15, "Filter": "((l_shipmode = ANY ('{\"REG AIR\",RAIL}'::bpchar[])) AND (l_commitdate < l_receiptdate) AND (l_shipdate < l_commitdate) AND (l_receiptdate >= '1997-01-01'::date) AND (l_receiptdate < '1998-01-01 00:00:00'::timestamp without time zone))"}]}]}]}]}]}]}}, {"Plan": {"Node Type": "Limit", "Parallel Aware": false, "Startup Cost": 2172452.75, "Total Cost": 2172719.53, "Plan Rows": 1, "Plan Width": 27, "Plans": [{"Node Type": "Aggregate", "Strategy": "Sorted", "Partial Mode": "Finalize", "Parent Relationship": "Outer", "Parallel Aware": false, "Startup Cost": 2172452.75, "Total Cost": 2174320.24, "Plan Rows": 7, "Plan Width": 27, "Group Key": ["lineitem.l_shipmode"], "Plans": [{"Node Type": "Gather Merge", "Parent Relationship": "Outer", "Parallel Aware": false, "Startup Cost": 2172452.75, "Total Cost": 2174320.01, "Plan Rows": 21, "Plan Width": 27, "Workers Planned": 3, "Plans": [{"Node Type": "Aggregate", "Strategy": "Sorted", "Partial Mode": "Partial", "Parent Relationship": "Outer", "Parallel Aware": false, "Startup Cost": 2171452.71, "Total Cost": 2173317.5, "Plan Rows": 7, "Plan Width": 27, "Group Key": ["lineitem.l_shipmode"], "Plans": [{"Node Type": "Sort", "Parent Relationship": "Outer", "Parallel Aware": false, "Startup Cost": 2171452.71, "Total Cost": 2171685.8, "Plan Rows": 93236, "Plan Width": 27, "Sort Key": ["lineitem.l_shipmode"], "Plans": [{"Node Type": "Nested Loop", "Parent Relationship": "Outer", "Parallel Aware": false, "Join Type": "Inner", "Startup Cost": 1.0, "Total Cost": 2163756.73, "Plan Rows": 93236, "Plan Width": 27, "Inner Unique": true, "Plans": [{"Node Type": "Index Scan", "Parent Relationship": "Outer", "Parallel Aware": true, "Scan Direction": "Forward", "Index Name": "idx_lineitem_orderkey", "Relation Name": "lineitem", "Alias": "lineitem", "Startup Cost": 0.56, "Total Cost": 2040970.48, "Plan Rows": 93236, "Plan Width": 15, "Filter": "((l_shipmode = ANY ('{\"REG AIR\",RAIL}'::bpchar[])) AND (l_commitdate < l_receiptdate) AND (l_shipdate < l_commitdate) AND (l_receiptdate >= '1997-01-01'::date) AND (l_receiptdate < '1998-01-01 00:00:00'::timestamp without time zone))"}, {"Node Type": "Index Scan", "Parent Relationship": "Inner", "Parallel Aware": false, "Scan Direction": "Forward", "Index Name": "orders_pkey", "Relation Name": "orders", "Alias": "orders", "Startup Cost": 0.43, "Total Cost": 1.32, "Plan Rows": 1, "Plan Width": 20, "Index Cond": "(o_orderkey = lineitem.l_orderkey)"}]}]}]}]}]}]}}, {"Plan": {"Node Type": "Limit", "Parallel Aware": false, "Startup Cost": 1691404.91, "Total Cost": 1691671.69, "Plan Rows": 1, "Plan Width": 27, "Plans": [{"Node Type": "Aggregate", "Strategy": "Sorted", "Partial Mode": "Finalize", "Parent Relationship": "Outer", "Parallel Aware": false, "Startup Cost": 1691404.91, "Total Cost": 1693272.39, "Plan Rows": 7, "Plan Width": 27, "Group Key": ["lineitem.l_shipmode"], "Plans": [{"Node Type": "Gather Merge", "Parent Relationship": "Outer", "Parallel Aware": false, "Startup Cost": 1691404.91, "Total Cost": 1693272.16, "Plan Rows": 21, "Plan Width": 27, "Workers Planned": 3, "Plans": [{"Node Type": "Aggregate", "Strategy": "Sorted", "Partial Mode": "Partial", "Parent Relationship": "Outer", "Parallel Aware": false, "Startup Cost": 1690404.87, "Total Cost": 1692269.66, "Plan Rows": 7, "Plan Width": 27, "Group Key": ["lineitem.l_shipmode"], "Plans": [{"Node Type": "Sort", "Parent Relationship": "Outer", "Parallel Aware": false, "Startup Cost": 1690404.87, "Total Cost": 1690637.96, "Plan Rows": 93236, "Plan Width": 27, "Sort Key": ["lineitem.l_shipmode"], "Plans": [{"Node Type": "Nested Loop", "Parent Relationship": "Outer", "Parallel Aware": false, "Join Type": "Inner", "Startup Cost": 0.43, "Total Cost": 1682708.89, "Plan Rows": 93236, "Plan Width": 27, "Inner Unique": true, "Plans": [{"Node Type": "Seq Scan", "Parent Relationship": "Outer", "Parallel Aware": true, "Relation Name": "lineitem", "Alias": "lineitem", "Startup Cost": 0.0, "Total Cost": 1559922.63, "Plan Rows": 93236, "Plan Width": 15, "Filter": "((l_shipmode = ANY ('{\"REG AIR\",RAIL}'::bpchar[])) AND (l_commitdate < l_receiptdate) AND (l_shipdate < l_commitdate) AND (l_receiptdate >= '1997-01-01'::date) AND (l_receiptdate < '1998-01-01 00:00:00'::timestamp without time zone))"}, {"Node Type": "Index Scan", "Parent Relationship": "Inner", "Parallel Aware": false, "Scan Direction": "Forward", "Index Name": "orders_pkey", "Relation Name": "orders", "Alias": "orders", "Startup Cost": 0.43, "Total Cost": 1.32, "Plan Rows": 1, "Plan Width": 20, "Index Cond": "(o_orderkey = lineitem.l_orderkey)"}]}]}]}]}]}]}}, {"Plan": {"Node Type": "Limit", "Parallel Aware": false, "Startup Cost": 20003476249.04, "Total Cost": 20003477074.85, "Plan Rows": 1, "Plan Width": 27, "Plans": [{"Node Type": "Aggregate", "Strategy": "Sorted", "Partial Mode": "Simple", "Parent Relationship": "Outer", "Parallel Aware": false, "Startup Cost": 20003476249.04, "Total Cost": 20003482029.77, "Plan Rows": 7, "Plan Width": 27, "Group Key": ["lineitem.l_shipmode"], "Plans": [{"Node Type": "Sort", "Parent Relationship": "Outer", "Parallel Aware": false, "Startup Cost": 20003476249.04, "Total Cost": 20003476971.62, "Plan Rows": 289033, "Plan Width": 27, "Sort Key": ["lineitem.l_shipmode"], "Plans": [{"Node Type": "Nested Loop", "Parent Relationship": "Outer", "Parallel Aware": false, "Join Type": "Inner", "Startup Cost": 20000000001.16, "Total Cost": 20003450032.48, "Plan Rows": 289033, "Plan Width": 27, "Inner Unique": true, "Plans": [{"Node Type": "Index Scan", "Parent Relationship": "Outer", "Parallel Aware": false, "Scan Direction": "Forward", "Index Name": "idx_lineitem_orderkey", "Relation Name": "lineitem", "Alias": "lineitem", "Startup Cost": 10000000000.57, "Total Cost": 10002955269.81, "Plan Rows": 289033, "Plan Width": 15, "Filter": "((l_shipmode = ANY ('{\"REG AIR\",RAIL}'::bpchar[])) AND (l_commitdate < l_receiptdate) AND (l_shipdate < l_commitdate) AND (l_receiptdate >= '1997-01-01'::date) AND (l_receiptdate < '1998-01-01 00:00:00'::timestamp without time zone))"}, {"Node Type": "Bitmap Heap Scan", "Parent Relationship": "Inner", "Parallel Aware": false, "Relation Name": "orders", "Alias": "orders", "Startup Cost": 0.6, "Total Cost": 1.71, "Plan Rows": 1, "Plan Width": 20, "Recheck Cond": "(o_orderkey = lineitem.l_orderkey)", "Plans": [{"Node Type": "Bitmap Index Scan", "Parent Relationship": "Outer", "Parallel Aware": false, "Index Name": "orders_pkey", "Startup Cost": 0.0, "Total Cost": 0.6, "Plan Rows": 1, "Plan Width": 0, "Index Cond": "(o_orderkey = lineitem.l_orderkey)"}]}]}]}]}]}}, {"Plan": {"Node Type": "Limit", "Parallel Aware": false, "Startup Cost": 10003476249.04, "Total Cost": 10003477074.85, "Plan Rows": 1, "Plan Width": 27, "Plans": [{"Node Type": "Aggregate", "Strategy": "Sorted", "Partial Mode": "Simple", "Parent Relationship": "Outer", "Parallel Aware": false, "Startup Cost": 10003476249.04, "Total Cost": 10003482029.77, "Plan Rows": 7, "Plan Width": 27, "Group Key": ["lineitem.l_shipmode"], "Plans": [{"Node Type": "Sort", "Parent Relationship": "Outer", "Parallel Aware": false, "Startup Cost": 10003476249.04, "Total Cost": 10003476971.62, "Plan Rows": 289033, "Plan Width": 27, "Sort Key": ["lineitem.l_shipmode"], "Plans": [{"Node Type": "Nested Loop", "Parent Relationship": "Outer", "Parallel Aware": false, "Join Type": "Inner", "Startup Cost": 10000000001.16, "Total Cost": 10003450032.48, "Plan Rows": 289033, "Plan Width": 27, "Inner Unique": true, "Plans": [{"Node Type": "Index Scan", "Parent Relationship": "Outer", "Parallel Aware": false, "Scan Direction": "Forward", "Index Name": "idx_lineitem_orderkey", "Relation Name": "lineitem", "Alias": "lineitem", "Startup Cost": 10000000000.57, "Total Cost": 10002955269.81, "Plan Rows": 289033, "Plan Width": 15, "Filter": "((l_shipmode = ANY ('{\"REG AIR\",RAIL}'::bpchar[])) AND (l_commitdate < l_receiptdate) AND (l_shipdate < l_commitdate) AND (l_receiptdate >= '1997-01-01'::date) AND (l_receiptdate < '1998-01-01 00:00:00'::timestamp without time zone))"}, {"Node Type": "Bitmap Heap Scan", "Parent Relationship": "Inner", "Parallel Aware": false, "Relation Name": "orders", "Alias": "orders", "Startup Cost": 0.6, "Total Cost": 1.71, "Plan Rows": 1, "Plan Width": 20, "Recheck Cond": "(o_orderkey = lineitem.l_orderkey)", "Plans": [{"Node Type": "Bitmap Index Scan", "Parent Relationship": "Outer", "Parallel Aware": false, "Index Name": "orders_pkey", "Startup Cost": 0.0, "Total Cost": 0.6, "Plan Rows": 1, "Plan Width": 0, "Index Cond": "(o_orderkey = lineitem.l_orderkey)"}]}]}]}]}]}}, {"Plan": {"Node Type": "Limit", "Parallel Aware": false, "Startup Cost": 1728218.74, "Total Cost": 1728485.52, "Plan Rows": 1, "Plan Width": 27, "Plans": [{"Node Type": "Aggregate", "Strategy": "Sorted", "Partial Mode": "Finalize", "Parent Relationship": "Outer", "Parallel Aware": false, "Startup Cost": 1728218.74, "Total Cost": 1730086.23, "Plan Rows": 7, "Plan Width": 27, "Group Key": ["lineitem.l_shipmode"], "Plans": [{"Node Type": "Gather Merge", "Parent Relationship": "Outer", "Parallel Aware": false, "Startup Cost": 1728218.74, "Total Cost": 1730086.0, "Plan Rows": 21, "Plan Width": 27, "Workers Planned": 3, "Plans": [{"Node Type": "Aggregate", "Strategy": "Sorted", "Partial Mode": "Partial", "Parent Relationship": "Outer", "Parallel Aware": false, "Startup Cost": 1727218.7, "Total Cost": 1729083.49, "Plan Rows": 7, "Plan Width": 27, "Group Key": ["lineitem.l_shipmode"], "Plans": [{"Node Type": "Sort", "Parent Relationship": "Outer", "Parallel Aware": false, "Startup Cost": 1727218.7, "Total Cost": 1727451.79, "Plan Rows": 93236, "Plan Width": 27, "Sort Key": ["lineitem.l_shipmode"], "Plans": [{"Node Type": "Nested Loop", "Parent Relationship": "Outer", "Parallel Aware": false, "Join Type": "Inner", "Startup Cost": 0.6, "Total Cost": 1719522.72, "Plan Rows": 93236, "Plan Width": 27, "Inner Unique": true, "Plans": [{"Node Type": "Seq Scan", "Parent Relationship": "Outer", "Parallel Aware": true, "Relation Name": "lineitem", "Alias": "lineitem", "Startup Cost": 0.0, "Total Cost": 1559922.63, "Plan Rows": 93236, "Plan Width": 15, "Filter": "((l_shipmode = ANY ('{\"REG AIR\",RAIL}'::bpchar[])) AND (l_commitdate < l_receiptdate) AND (l_shipdate < l_commitdate) AND (l_receiptdate >= '1997-01-01'::date) AND (l_receiptdate < '1998-01-01 00:00:00'::timestamp without time zone))"}, {"Node Type": "Bitmap Heap Scan", "Parent Relationship": "Inner", "Parallel Aware": false, "Relation Name": "orders", "Alias": "orders", "Startup Cost": 0.6, "Total Cost": 1.71, "Plan Rows": 1, "Plan Width": 20, "Recheck Cond": "(o_orderkey = lineitem.l_orderkey)", "Plans": [{"Node Type": "Bitmap Index Scan", "Parent Relationship": "Outer", "Parallel Aware": false, "Index Name": "orders_pkey", "Startup Cost": 0.0, "Total Cost": 0.6, "Plan Rows": 1, "Plan Width": 0, "Index Cond": "(o_orderkey = lineitem.l_orderkey)"}]}]}]}]}]}]}]}}, {"Plan": {"Node Type": "Limit", "Parallel Aware": false, "Startup Cost": 3440337.12, "Total Cost": 3440603.9, "Plan Rows": 1, "Plan Width": 27, "Plans": [{"Node Type": "Aggregate", "Strategy": "Sorted", "Partial Mode": "Finalize", "Parent Relationship": "Outer", "Parallel Aware": false, "Startup Cost": 3440337.12, "Total Cost": 3442204.6, "Plan Rows": 7, "Plan Width": 27, "Group Key": ["lineitem.l_shipmode"], "Plans": [{"Node Type": "Gather Merge", "Parent Relationship": "Outer", "Parallel Aware": false, "Startup Cost": 3440337.12, "Total Cost": 3442204.38, "Plan Rows": 21, "Plan Width": 27, "Workers Planned": 3, "Plans": [{"Node Type": "Aggregate", "Strategy": "Sorted", "Partial Mode": "Partial", "Parent Relationship": "Outer", "Parallel Aware": false, "Startup Cost": 3439337.08, "Total Cost": 3441201.87, "Plan Rows": 7, "Plan Width": 27, "Group Key": ["lineitem.l_shipmode"], "Plans": [{"Node Type": "Sort", "Parent Relationship": "Outer", "Parallel Aware": false, "Startup Cost": 3439337.08, "Total Cost": 3439570.17, "Plan Rows": 93236, "Plan Width": 27, "Sort Key": ["lineitem.l_shipmode"], "Plans": [{"Node Type": "Merge Join", "Parent Relationship": "Outer", "Parallel Aware": false, "Join Type": "Inner", "Startup Cost": 3405071.35, "Total Cost": 3431641.1, "Plan Rows": 93236, "Plan Width": 27, "Inner Unique": false, "Merge Cond": "(orders.o_orderkey = lineitem.l_orderkey)", "Plans": [{"Node Type": "Sort", "Parent Relationship": "Outer", "Parallel Aware": false, "Startup Cost": 904632.8, "Total Cost": 916728.94, "Plan Rows": 4838457, "Plan Width": 20, "Sort Key": ["orders.o_orderkey"], "Plans": [{"Node Type": "Seq Scan", "Parent Relationship": "Outer", "Parallel Aware": true, "Relation Name": "orders", "Alias": "orders", "Startup Cost": 0.0, "Total Cost": 309296.57, "Plan Rows": 4838457, "Plan Width": 20}]}, {"Node Type": "Sort", "Parent Relationship": "Inner", "Parallel Aware": false, "Startup Cost": 2500438.52, "Total Cost": 2501161.1, "Plan Rows": 289033, "Plan Width": 15, "Sort Key": ["lineitem.l_orderkey"], "Plans": [{"Node Type": "Seq Scan", "Parent Relationship": "Outer", "Parallel Aware": false, "Relation Name": "lineitem", "Alias": "lineitem", "Startup Cost": 0.0, "Total Cost": 2474221.96, "Plan Rows": 289033, "Plan Width": 15, "Filter": "((l_shipmode = ANY ('{\"REG AIR\",RAIL}'::bpchar[])) AND (l_commitdate < l_receiptdate) AND (l_shipdate < l_commitdate) AND (l_receiptdate >= '1997-01-01'::date) AND (l_receiptdate < '1998-01-01 00:00:00'::timestamp without time zone))"}]}]}]}]}]}]}]}}, {"Plan": {"Node Type": "Limit", "Parallel Aware": false, "Startup Cost": 10003476249.04, "Total Cost": 10003477074.85, "Plan Rows": 1, "Plan Width": 27, "Plans": [{"Node Type": "Aggregate", "Strategy": "Sorted", "Partial Mode": "Simple", "Parent Relationship": "Outer", "Parallel Aware": false, "Startup Cost": 10003476249.04, "Total Cost": 10003482029.77, "Plan Rows": 7, "Plan Width": 27, "Group Key": ["lineitem.l_shipmode"], "Plans": [{"Node Type": "Sort", "Parent Relationship": "Outer", "Parallel Aware": false, "Startup Cost": 10003476249.04, "Total Cost": 10003476971.62, "Plan Rows": 289033, "Plan Width": 27, "Sort Key": ["lineitem.l_shipmode"], "Plans": [{"Node Type": "Nested Loop", "Parent Relationship": "Outer", "Parallel Aware": false, "Join Type": "Inner", "Startup Cost": 10000000001.16, "Total Cost": 10003450032.48, "Plan Rows": 289033, "Plan Width": 27, "Inner Unique": true, "Plans": [{"Node Type": "Index Scan", "Parent Relationship": "Outer", "Parallel Aware": false, "Scan Direction": "Forward", "Index Name": "idx_lineitem_orderkey", "Relation Name": "lineitem", "Alias": "lineitem", "Startup Cost": 10000000000.57, "Total Cost": 10002955269.81, "Plan Rows": 289033, "Plan Width": 15, "Filter": "((l_shipmode = ANY ('{\"REG AIR\",RAIL}'::bpchar[])) AND (l_commitdate < l_receiptdate) AND (l_shipdate < l_commitdate) AND (l_receiptdate >= '1997-01-01'::date) AND (l_receiptdate < '1998-01-01 00:00:00'::timestamp without time zone))"}, {"Node Type": "Bitmap Heap Scan", "Parent Relationship": "Inner", "Parallel Aware": false, "Relation Name": "orders", "Alias": "orders", "Startup Cost": 0.6, "Total Cost": 1.71, "Plan Rows": 1, "Plan Width": 20, "Recheck Cond": "(o_orderkey = lineitem.l_orderkey)", "Plans": [{"Node Type": "Bitmap Index Scan", "Parent Relationship": "Outer", "Parallel Aware": false, "Index Name": "orders_pkey", "Startup Cost": 0.0, "Total Cost": 0.6, "Plan Rows": 1, "Plan Width": 0, "Index Cond": "(o_orderkey = lineitem.l_orderkey)"}]}]}]}]}]}}, {"Plan": {"Node Type": "Limit", "Parallel Aware": false, "Startup Cost": 1728218.74, "Total Cost": 1728485.52, "Plan Rows": 1, "Plan Width": 27, "Plans": [{"Node Type": "Aggregate", "Strategy": "Sorted", "Partial Mode": "Finalize", "Parent Relationship": "Outer", "Parallel Aware": false, "Startup Cost": 1728218.74, "Total Cost": 1730086.23, "Plan Rows": 7, "Plan Width": 27, "Group Key": ["lineitem.l_shipmode"], "Plans": [{"Node Type": "Gather Merge", "Parent Relationship": "Outer", "Parallel Aware": false, "Startup Cost": 1728218.74, "Total Cost": 1730086.0, "Plan Rows": 21, "Plan Width": 27, "Workers Planned": 3, "Plans": [{"Node Type": "Aggregate", "Strategy": "Sorted", "Partial Mode": "Partial", "Parent Relationship": "Outer", "Parallel Aware": false, "Startup Cost": 1727218.7, "Total Cost": 1729083.49, "Plan Rows": 7, "Plan Width": 27, "Group Key": ["lineitem.l_shipmode"], "Plans": [{"Node Type": "Sort", "Parent Relationship": "Outer", "Parallel Aware": false, "Startup Cost": 1727218.7, "Total Cost": 1727451.79, "Plan Rows": 93236, "Plan Width": 27, "Sort Key": ["lineitem.l_shipmode"], "Plans": [{"Node Type": "Nested Loop", "Parent Relationship": "Outer", "Parallel Aware": false, "Join Type": "Inner", "Startup Cost": 0.6, "Total Cost": 1719522.72, "Plan Rows": 93236, "Plan Width": 27, "Inner Unique": true, "Plans": [{"Node Type": "Seq Scan", "Parent Relationship": "Outer", "Parallel Aware": true, "Relation Name": "lineitem", "Alias": "lineitem", "Startup Cost": 0.0, "Total Cost": 1559922.63, "Plan Rows": 93236, "Plan Width": 15, "Filter": "((l_shipmode = ANY ('{\"REG AIR\",RAIL}'::bpchar[])) AND (l_commitdate < l_receiptdate) AND (l_shipdate < l_commitdate) AND (l_receiptdate >= '1997-01-01'::date) AND (l_receiptdate < '1998-01-01 00:00:00'::timestamp without time zone))"}, {"Node Type": "Bitmap Heap Scan", "Parent Relationship": "Inner", "Parallel Aware": false, "Relation Name": "orders", "Alias": "orders", "Startup Cost": 0.6, "Total Cost": 1.71, "Plan Rows": 1, "Plan Width": 20, "Recheck Cond": "(o_orderkey = lineitem.l_orderkey)", "Plans": [{"Node Type": "Bitmap Index Scan", "Parent Relationship": "Outer", "Parallel Aware": false, "Index Name": "orders_pkey", "Startup Cost": 0.0, "Total Cost": 0.6, "Plan Rows": 1, "Plan Width": 0, "Index Cond": "(o_orderkey = lineitem.l_orderkey)"}]}]}]}]}]}]}]}}, {"Plan": {"Node Type": "Limit", "Parallel Aware": false, "Startup Cost": 2619474.27, "Total Cost": 2619741.06, "Plan Rows": 1, "Plan Width": 27, "Plans": [{"Node Type": "Aggregate", "Strategy": "Sorted", "Partial Mode": "Finalize", "Parent Relationship": "Outer", "Parallel Aware": false, "Startup Cost": 2619474.27, "Total Cost": 2621341.76, "Plan Rows": 7, "Plan Width": 27, "Group Key": ["lineitem.l_shipmode"], "Plans": [{"Node Type": "Gather Merge", "Parent Relationship": "Outer", "Parallel Aware": false, "Startup Cost": 2619474.27, "Total Cost": 2621341.53, "Plan Rows": 21, "Plan Width": 27, "Workers Planned": 3, "Plans": [{"Node Type": "Aggregate", "Strategy": "Sorted", "Partial Mode": "Partial", "Parent Relationship": "Outer", "Parallel Aware": false, "Startup Cost": 2618474.23, "Total Cost": 2620339.02, "Plan Rows": 7, "Plan Width": 27, "Group Key": ["lineitem.l_shipmode"], "Plans": [{"Node Type": "Sort", "Parent Relationship": "Outer", "Parallel Aware": false, "Startup Cost": 2618474.23, "Total Cost": 2618707.32, "Plan Rows": 93236, "Plan Width": 27, "Sort Key": ["lineitem.l_shipmode"], "Plans": [{"Node Type": "Merge Join", "Parent Relationship": "Outer", "Parallel Aware": false, "Join Type": "Inner", "Startup Cost": 44.79, "Total Cost": 2610778.25, "Plan Rows": 93236, "Plan Width": 27, "Inner Unique": true, "Merge Cond": "(lineitem.l_orderkey = orders.o_orderkey)", "Plans": [{"Node Type": "Index Scan", "Parent Relationship": "Outer", "Parallel Aware": true, "Scan Direction": "Forward", "Index Name": "idx_lineitem_orderkey", "Relation Name": "lineitem", "Alias": "lineitem", "Startup Cost": 0.56, "Total Cost": 2040970.48, "Plan Rows": 93236, "Plan Width": 15, "Filter": "((l_shipmode = ANY ('{\"REG AIR\",RAIL}'::bpchar[])) AND (l_commitdate < l_receiptdate) AND (l_shipdate < l_commitdate) AND (l_receiptdate >= '1997-01-01'::date) AND (l_receiptdate < '1998-01-01 00:00:00'::timestamp without time zone))"}, {"Node Type": "Index Scan", "Parent Relationship": "Inner", "Parallel Aware": false, "Scan Direction": "Forward", "Index Name": "orders_pkey", "Relation Name": "orders", "Alias": "orders", "Startup Cost": 0.43, "Total Cost": 531144.89, "Plan Rows": 14999217, "Plan Width": 20}]}]}]}]}]}]}}, {"Plan": {"Node Type": "Limit", "Parallel Aware": false, "Startup Cost": 2172452.75, "Total Cost": 2172719.53, "Plan Rows": 1, "Plan Width": 27, "Plans": [{"Node Type": "Aggregate", "Strategy": "Sorted", "Partial Mode": "Finalize", "Parent Relationship": "Outer", "Parallel Aware": false, "Startup Cost": 2172452.75, "Total Cost": 2174320.24, "Plan Rows": 7, "Plan Width": 27, "Group Key": ["lineitem.l_shipmode"], "Plans": [{"Node Type": "Gather Merge", "Parent Relationship": "Outer", "Parallel Aware": false, "Startup Cost": 2172452.75, "Total Cost": 2174320.01, "Plan Rows": 21, "Plan Width": 27, "Workers Planned": 3, "Plans": [{"Node Type": "Aggregate", "Strategy": "Sorted", "Partial Mode": "Partial", "Parent Relationship": "Outer", "Parallel Aware": false, "Startup Cost": 2171452.71, "Total Cost": 2173317.5, "Plan Rows": 7, "Plan Width": 27, "Group Key": ["lineitem.l_shipmode"], "Plans": [{"Node Type": "Sort", "Parent Relationship": "Outer", "Parallel Aware": false, "Startup Cost": 2171452.71, "Total Cost": 2171685.8, "Plan Rows": 93236, "Plan Width": 27, "Sort Key": ["lineitem.l_shipmode"], "Plans": [{"Node Type": "Nested Loop", "Parent Relationship": "Outer", "Parallel Aware": false, "Join Type": "Inner", "Startup Cost": 1.0, "Total Cost": 2163756.73, "Plan Rows": 93236, "Plan Width": 27, "Inner Unique": true, "Plans": [{"Node Type": "Index Scan", "Parent Relationship": "Outer", "Parallel Aware": true, "Scan Direction": "Forward", "Index Name": "idx_lineitem_orderkey", "Relation Name": "lineitem", "Alias": "lineitem", "Startup Cost": 0.56, "Total Cost": 2040970.48, "Plan Rows": 93236, "Plan Width": 15, "Filter": "((l_shipmode = ANY ('{\"REG AIR\",RAIL}'::bpchar[])) AND (l_commitdate < l_receiptdate) AND (l_shipdate < l_commitdate) AND (l_receiptdate >= '1997-01-01'::date) AND (l_receiptdate < '1998-01-01 00:00:00'::timestamp without time zone))"}, {"Node Type": "Index Scan", "Parent Relationship": "Inner", "Parallel Aware": false, "Scan Direction": "Forward", "Index Name": "orders_pkey", "Relation Name": "orders", "Alias": "orders", "Startup Cost": 0.43, "Total Cost": 1.32, "Plan Rows": 1, "Plan Width": 20, "Index Cond": "(o_orderkey = lineitem.l_orderkey)"}]}]}]}]}]}]}}, {"Plan": {"Node Type": "Limit", "Parallel Aware": false, "Startup Cost": 1691404.91, "Total Cost": 1691671.69, "Plan Rows": 1, "Plan Width": 27, "Plans": [{"Node Type": "Aggregate", "Strategy": "Sorted", "Partial Mode": "Finalize", "Parent Relationship": "Outer", "Parallel Aware": false, "Startup Cost": 1691404.91, "Total Cost": 1693272.39, "Plan Rows": 7, "Plan Width": 27, "Group Key": ["lineitem.l_shipmode"], "Plans": [{"Node Type": "Gather Merge", "Parent Relationship": "Outer", "Parallel Aware": false, "Startup Cost": 1691404.91, "Total Cost": 1693272.16, "Plan Rows": 21, "Plan Width": 27, "Workers Planned": 3, "Plans": [{"Node Type": "Aggregate", "Strategy": "Sorted", "Partial Mode": "Partial", "Parent Relationship": "Outer", "Parallel Aware": false, "Startup Cost": 1690404.87, "Total Cost": 1692269.66, "Plan Rows": 7, "Plan Width": 27, "Group Key": ["lineitem.l_shipmode"], "Plans": [{"Node Type": "Sort", "Parent Relationship": "Outer", "Parallel Aware": false, "Startup Cost": 1690404.87, "Total Cost": 1690637.96, "Plan Rows": 93236, "Plan Width": 27, "Sort Key": ["lineitem.l_shipmode"], "Plans": [{"Node Type": "Nested Loop", "Parent Relationship": "Outer", "Parallel Aware": false, "Join Type": "Inner", "Startup Cost": 0.43, "Total Cost": 1682708.89, "Plan Rows": 93236, "Plan Width": 27, "Inner Unique": true, "Plans": [{"Node Type": "Seq Scan", "Parent Relationship": "Outer", "Parallel Aware": true, "Relation Name": "lineitem", "Alias": "lineitem", "Startup Cost": 0.0, "Total Cost": 1559922.63, "Plan Rows": 93236, "Plan Width": 15, "Filter": "((l_shipmode = ANY ('{\"REG AIR\",RAIL}'::bpchar[])) AND (l_commitdate < l_receiptdate) AND (l_shipdate < l_commitdate) AND (l_receiptdate >= '1997-01-01'::date) AND (l_receiptdate < '1998-01-01 00:00:00'::timestamp without time zone))"}, {"Node Type": "Index Scan", "Parent Relationship": "Inner", "Parallel Aware": false, "Scan Direction": "Forward", "Index Name": "orders_pkey", "Relation Name": "orders", "Alias": "orders", "Startup Cost": 0.43, "Total Cost": 1.32, "Plan Rows": 1, "Plan Width": 20, "Index Cond": "(o_orderkey = lineitem.l_orderkey)"}]}]}]}]}]}]}}, {"Plan": {"Node Type": "Limit", "Parallel Aware": false, "Startup Cost": 2194078.49, "Total Cost": 2194078.5, "Plan Rows": 1, "Plan Width": 27, "Plans": [{"Node Type": "Sort", "Parent Relationship": "Outer", "Parallel Aware": false, "Startup Cost": 2194078.49, "Total Cost": 2194078.51, "Plan Rows": 7, "Plan Width": 27, "Sort Key": ["lineitem.l_shipmode"], "Plans": [{"Node Type": "Aggregate", "Strategy": "Hashed", "Partial Mode": "Simple", "Parent Relationship": "Outer", "Parallel Aware": false, "Startup Cost": 2194078.39, "Total Cost": 2194078.46, "Plan Rows": 7, "Plan Width": 27, "Group Key": ["lineitem.l_shipmode"], "Plans": [{"Node Type": "Merge Join", "Parent Relationship": "Outer", "Parallel Aware": false, "Join Type": "Inner", "Startup Cost": 1616042.96, "Total Cost": 2189020.31, "Plan Rows": 289033, "Plan Width": 27, "Inner Unique": false, "Merge Cond": "(orders.o_orderkey = lineitem.l_orderkey)", "Plans": [{"Node Type": "Index Scan", "Parent Relationship": "Outer", "Parallel Aware": false, "Scan Direction": "Forward", "Index Name": "orders_pkey", "Relation Name": "orders", "Alias": "orders", "Startup Cost": 0.43, "Total Cost": 531144.89, "Plan Rows": 14999217, "Plan Width": 20}, {"Node Type": "Sort", "Parent Relationship": "Inner", "Parallel Aware": false, "Startup Cost": 1616042.49, "Total Cost": 1616765.07, "Plan Rows": 289033, "Plan Width": 15, "Sort Key": ["lineitem.l_orderkey"], "Plans": [{"Node Type": "Gather", "Parent Relationship": "Outer", "Parallel Aware": false, "Startup Cost": 1000.0, "Total Cost": 1589825.93, "Plan Rows": 289033, "Plan Width": 15, "Workers Planned": 3, "Single Copy": false, "Plans": [{"Node Type": "Seq Scan", "Parent Relationship": "Outer", "Parallel Aware": true, "Relation Name": "lineitem", "Alias": "lineitem", "Startup Cost": 0.0, "Total Cost": 1559922.63, "Plan Rows": 93236, "Plan Width": 15, "Filter": "((l_shipmode = ANY ('{\"REG AIR\",RAIL}'::bpchar[])) AND (l_commitdate < l_receiptdate) AND (l_shipdate < l_commitdate) AND (l_receiptdate >= '1997-01-01'::date) AND (l_receiptdate < '1998-01-01 00:00:00'::timestamp without time zone))"}]}]}]}]}]}]}}, {"Plan": {"Node Type": "Limit", "Parallel Aware": false, "Startup Cost": 2172452.75, "Total Cost": 2172719.53, "Plan Rows": 1, "Plan Width": 27, "Plans": [{"Node Type": "Aggregate", "Strategy": "Sorted", "Partial Mode": "Finalize", "Parent Relationship": "Outer", "Parallel Aware": false, "Startup Cost": 2172452.75, "Total Cost": 2174320.24, "Plan Rows": 7, "Plan Width": 27, "Group Key": ["lineitem.l_shipmode"], "Plans": [{"Node Type": "Gather Merge", "Parent Relationship": "Outer", "Parallel Aware": false, "Startup Cost": 2172452.75, "Total Cost": 2174320.01, "Plan Rows": 21, "Plan Width": 27, "Workers Planned": 3, "Plans": [{"Node Type": "Aggregate", "Strategy": "Sorted", "Partial Mode": "Partial", "Parent Relationship": "Outer", "Parallel Aware": false, "Startup Cost": 2171452.71, "Total Cost": 2173317.5, "Plan Rows": 7, "Plan Width": 27, "Group Key": ["lineitem.l_shipmode"], "Plans": [{"Node Type": "Sort", "Parent Relationship": "Outer", "Parallel Aware": false, "Startup Cost": 2171452.71, "Total Cost": 2171685.8, "Plan Rows": 93236, "Plan Width": 27, "Sort Key": ["lineitem.l_shipmode"], "Plans": [{"Node Type": "Nested Loop", "Parent Relationship": "Outer", "Parallel Aware": false, "Join Type": "Inner", "Startup Cost": 1.0, "Total Cost": 2163756.73, "Plan Rows": 93236, "Plan Width": 27, "Inner Unique": true, "Plans": [{"Node Type": "Index Scan", "Parent Relationship": "Outer", "Parallel Aware": true, "Scan Direction": "Forward", "Index Name": "idx_lineitem_orderkey", "Relation Name": "lineitem", "Alias": "lineitem", "Startup Cost": 0.56, "Total Cost": 2040970.48, "Plan Rows": 93236, "Plan Width": 15, "Filter": "((l_shipmode = ANY ('{\"REG AIR\",RAIL}'::bpchar[])) AND (l_commitdate < l_receiptdate) AND (l_shipdate < l_commitdate) AND (l_receiptdate >= '1997-01-01'::date) AND (l_receiptdate < '1998-01-01 00:00:00'::timestamp without time zone))"}, {"Node Type": "Index Scan", "Parent Relationship": "Inner", "Parallel Aware": false, "Scan Direction": "Forward", "Index Name": "orders_pkey", "Relation Name": "orders", "Alias": "orders", "Startup Cost": 0.43, "Total Cost": 1.32, "Plan Rows": 1, "Plan Width": 20, "Index Cond": "(o_orderkey = lineitem.l_orderkey)"}]}]}]}]}]}]}}, {"Plan": {"Node Type": "Limit", "Parallel Aware": false, "Startup Cost": 1691404.91, "Total Cost": 1691671.69, "Plan Rows": 1, "Plan Width": 27, "Plans": [{"Node Type": "Aggregate", "Strategy": "Sorted", "Partial Mode": "Finalize", "Parent Relationship": "Outer", "Parallel Aware": false, "Startup Cost": 1691404.91, "Total Cost": 1693272.39, "Plan Rows": 7, "Plan Width": 27, "Group Key": ["lineitem.l_shipmode"], "Plans": [{"Node Type": "Gather Merge", "Parent Relationship": "Outer", "Parallel Aware": false, "Startup Cost": 1691404.91, "Total Cost": 1693272.16, "Plan Rows": 21, "Plan Width": 27, "Workers Planned": 3, "Plans": [{"Node Type": "Aggregate", "Strategy": "Sorted", "Partial Mode": "Partial", "Parent Relationship": "Outer", "Parallel Aware": false, "Startup Cost": 1690404.87, "Total Cost": 1692269.66, "Plan Rows": 7, "Plan Width": 27, "Group Key": ["lineitem.l_shipmode"], "Plans": [{"Node Type": "Sort", "Parent Relationship": "Outer", "Parallel Aware": false, "Startup Cost": 1690404.87, "Total Cost": 1690637.96, "Plan Rows": 93236, "Plan Width": 27, "Sort Key": ["lineitem.l_shipmode"], "Plans": [{"Node Type": "Nested Loop", "Parent Relationship": "Outer", "Parallel Aware": false, "Join Type": "Inner", "Startup Cost": 0.43, "Total Cost": 1682708.89, "Plan Rows": 93236, "Plan Width": 27, "Inner Unique": true, "Plans": [{"Node Type": "Seq Scan", "Parent Relationship": "Outer", "Parallel Aware": true, "Relation Name": "lineitem", "Alias": "lineitem", "Startup Cost": 0.0, "Total Cost": 1559922.63, "Plan Rows": 93236, "Plan Width": 15, "Filter": "((l_shipmode = ANY ('{\"REG AIR\",RAIL}'::bpchar[])) AND (l_commitdate < l_receiptdate) AND (l_shipdate < l_commitdate) AND (l_receiptdate >= '1997-01-01'::date) AND (l_receiptdate < '1998-01-01 00:00:00'::timestamp without time zone))"}, {"Node Type": "Index Scan", "Parent Relationship": "Inner", "Parallel Aware": false, "Scan Direction": "Forward", "Index Name": "orders_pkey", "Relation Name": "orders", "Alias": "orders", "Startup Cost": 0.43, "Total Cost": 1.32, "Plan Rows": 1, "Plan Width": 20, "Index Cond": "(o_orderkey = lineitem.l_orderkey)"}]}]}]}]}]}]}}, {"Plan": {"Node Type": "Limit", "Parallel Aware": false, "Startup Cost": 1728218.74, "Total Cost": 1728485.52, "Plan Rows": 1, "Plan Width": 27, "Plans": [{"Node Type": "Aggregate", "Strategy": "Sorted", "Partial Mode": "Finalize", "Parent Relationship": "Outer", "Parallel Aware": false, "Startup Cost": 1728218.74, "Total Cost": 1730086.23, "Plan Rows": 7, "Plan Width": 27, "Group Key": ["lineitem.l_shipmode"], "Plans": [{"Node Type": "Gather Merge", "Parent Relationship": "Outer", "Parallel Aware": false, "Startup Cost": 1728218.74, "Total Cost": 1730086.0, "Plan Rows": 21, "Plan Width": 27, "Workers Planned": 3, "Plans": [{"Node Type": "Aggregate", "Strategy": "Sorted", "Partial Mode": "Partial", "Parent Relationship": "Outer", "Parallel Aware": false, "Startup Cost": 1727218.7, "Total Cost": 1729083.49, "Plan Rows": 7, "Plan Width": 27, "Group Key": ["lineitem.l_shipmode"], "Plans": [{"Node Type": "Sort", "Parent Relationship": "Outer", "Parallel Aware": false, "Startup Cost": 1727218.7, "Total Cost": 1727451.79, "Plan Rows": 93236, "Plan Width": 27, "Sort Key": ["lineitem.l_shipmode"], "Plans": [{"Node Type": "Nested Loop", "Parent Relationship": "Outer", "Parallel Aware": false, "Join Type": "Inner", "Startup Cost": 0.6, "Total Cost": 1719522.72, "Plan Rows": 93236, "Plan Width": 27, "Inner Unique": true, "Plans": [{"Node Type": "Seq Scan", "Parent Relationship": "Outer", "Parallel Aware": true, "Relation Name": "lineitem", "Alias": "lineitem", "Startup Cost": 0.0, "Total Cost": 1559922.63, "Plan Rows": 93236, "Plan Width": 15, "Filter": "((l_shipmode = ANY ('{\"REG AIR\",RAIL}'::bpchar[])) AND (l_commitdate < l_receiptdate) AND (l_shipdate < l_commitdate) AND (l_receiptdate >= '1997-01-01'::date) AND (l_receiptdate < '1998-01-01 00:00:00'::timestamp without time zone))"}, {"Node Type": "Bitmap Heap Scan", "Parent Relationship": "Inner", "Parallel Aware": false, "Relation Name": "orders", "Alias": "orders", "Startup Cost": 0.6, "Total Cost": 1.71, "Plan Rows": 1, "Plan Width": 20, "Recheck Cond": "(o_orderkey = lineitem.l_orderkey)", "Plans": [{"Node Type": "Bitmap Index Scan", "Parent Relationship": "Outer", "Parallel Aware": false, "Index Name": "orders_pkey", "Startup Cost": 0.0, "Total Cost": 0.6, "Plan Rows": 1, "Plan Width": 0, "Index Cond": "(o_orderkey = lineitem.l_orderkey)"}]}]}]}]}]}]}]}}, {"Plan": {"Node Type": "Limit", "Parallel Aware": false, "Startup Cost": 3440337.12, "Total Cost": 3440603.9, "Plan Rows": 1, "Plan Width": 27, "Plans": [{"Node Type": "Aggregate", "Strategy": "Sorted", "Partial Mode": "Finalize", "Parent Relationship": "Outer", "Parallel Aware": false, "Startup Cost": 3440337.12, "Total Cost": 3442204.6, "Plan Rows": 7, "Plan Width": 27, "Group Key": ["lineitem.l_shipmode"], "Plans": [{"Node Type": "Gather Merge", "Parent Relationship": "Outer", "Parallel Aware": false, "Startup Cost": 3440337.12, "Total Cost": 3442204.38, "Plan Rows": 21, "Plan Width": 27, "Workers Planned": 3, "Plans": [{"Node Type": "Aggregate", "Strategy": "Sorted", "Partial Mode": "Partial", "Parent Relationship": "Outer", "Parallel Aware": false, "Startup Cost": 3439337.08, "Total Cost": 3441201.87, "Plan Rows": 7, "Plan Width": 27, "Group Key": ["lineitem.l_shipmode"], "Plans": [{"Node Type": "Sort", "Parent Relationship": "Outer", "Parallel Aware": false, "Startup Cost": 3439337.08, "Total Cost": 3439570.17, "Plan Rows": 93236, "Plan Width": 27, "Sort Key": ["lineitem.l_shipmode"], "Plans": [{"Node Type": "Merge Join", "Parent Relationship": "Outer", "Parallel Aware": false, "Join Type": "Inner", "Startup Cost": 3405071.35, "Total Cost": 3431641.1, "Plan Rows": 93236, "Plan Width": 27, "Inner Unique": false, "Merge Cond": "(orders.o_orderkey = lineitem.l_orderkey)", "Plans": [{"Node Type": "Sort", "Parent Relationship": "Outer", "Parallel Aware": false, "Startup Cost": 904632.8, "Total Cost": 916728.94, "Plan Rows": 4838457, "Plan Width": 20, "Sort Key": ["orders.o_orderkey"], "Plans": [{"Node Type": "Seq Scan", "Parent Relationship": "Outer", "Parallel Aware": true, "Relation Name": "orders", "Alias": "orders", "Startup Cost": 0.0, "Total Cost": 309296.57, "Plan Rows": 4838457, "Plan Width": 20}]}, {"Node Type": "Sort", "Parent Relationship": "Inner", "Parallel Aware": false, "Startup Cost": 2500438.52, "Total Cost": 2501161.1, "Plan Rows": 289033, "Plan Width": 15, "Sort Key": ["lineitem.l_orderkey"], "Plans": [{"Node Type": "Seq Scan", "Parent Relationship": "Outer", "Parallel Aware": false, "Relation Name": "lineitem", "Alias": "lineitem", "Startup Cost": 0.0, "Total Cost": 2474221.96, "Plan Rows": 289033, "Plan Width": 15, "Filter": "((l_shipmode = ANY ('{\"REG AIR\",RAIL}'::bpchar[])) AND (l_commitdate < l_receiptdate) AND (l_shipdate < l_commitdate) AND (l_receiptdate >= '1997-01-01'::date) AND (l_receiptdate < '1998-01-01 00:00:00'::timestamp without time zone))"}]}]}]}]}]}]}]}}, {"Plan": {"Node Type": "Limit", "Parallel Aware": false, "Startup Cost": 1728218.74, "Total Cost": 1728485.52, "Plan Rows": 1, "Plan Width": 27, "Plans": [{"Node Type": "Aggregate", "Strategy": "Sorted", "Partial Mode": "Finalize", "Parent Relationship": "Outer", "Parallel Aware": false, "Startup Cost": 1728218.74, "Total Cost": 1730086.23, "Plan Rows": 7, "Plan Width": 27, "Group Key": ["lineitem.l_shipmode"], "Plans": [{"Node Type": "Gather Merge", "Parent Relationship": "Outer", "Parallel Aware": false, "Startup Cost": 1728218.74, "Total Cost": 1730086.0, "Plan Rows": 21, "Plan Width": 27, "Workers Planned": 3, "Plans": [{"Node Type": "Aggregate", "Strategy": "Sorted", "Partial Mode": "Partial", "Parent Relationship": "Outer", "Parallel Aware": false, "Startup Cost": 1727218.7, "Total Cost": 1729083.49, "Plan Rows": 7, "Plan Width": 27, "Group Key": ["lineitem.l_shipmode"], "Plans": [{"Node Type": "Sort", "Parent Relationship": "Outer", "Parallel Aware": false, "Startup Cost": 1727218.7, "Total Cost": 1727451.79, "Plan Rows": 93236, "Plan Width": 27, "Sort Key": ["lineitem.l_shipmode"], "Plans": [{"Node Type": "Nested Loop", "Parent Relationship": "Outer", "Parallel Aware": false, "Join Type": "Inner", "Startup Cost": 0.6, "Total Cost": 1719522.72, "Plan Rows": 93236, "Plan Width": 27, "Inner Unique": true, "Plans": [{"Node Type": "Seq Scan", "Parent Relationship": "Outer", "Parallel Aware": true, "Relation Name": "lineitem", "Alias": "lineitem", "Startup Cost": 0.0, "Total Cost": 1559922.63, "Plan Rows": 93236, "Plan Width": 15, "Filter": "((l_shipmode = ANY ('{\"REG AIR\",RAIL}'::bpchar[])) AND (l_commitdate < l_receiptdate) AND (l_shipdate < l_commitdate) AND (l_receiptdate >= '1997-01-01'::date) AND (l_receiptdate < '1998-01-01 00:00:00'::timestamp without time zone))"}, {"Node Type": "Bitmap Heap Scan", "Parent Relationship": "Inner", "Parallel Aware": false, "Relation Name": "orders", "Alias": "orders", "Startup Cost": 0.6, "Total Cost": 1.71, "Plan Rows": 1, "Plan Width": 20, "Recheck Cond": "(o_orderkey = lineitem.l_orderkey)", "Plans": [{"Node Type": "Bitmap Index Scan", "Parent Relationship": "Outer", "Parallel Aware": false, "Index Name": "orders_pkey", "Startup Cost": 0.0, "Total Cost": 0.6, "Plan Rows": 1, "Plan Width": 0, "Index Cond": "(o_orderkey = lineitem.l_orderkey)"}]}]}]}]}]}]}]}}, {"Plan": {"Node Type": "Limit", "Parallel Aware": false, "Startup Cost": 1691404.91, "Total Cost": 1691671.69, "Plan Rows": 1, "Plan Width": 27, "Plans": [{"Node Type": "Aggregate", "Strategy": "Sorted", "Partial Mode": "Finalize", "Parent Relationship": "Outer", "Parallel Aware": false, "Startup Cost": 1691404.91, "Total Cost": 1693272.39, "Plan Rows": 7, "Plan Width": 27, "Group Key": ["lineitem.l_shipmode"], "Plans": [{"Node Type": "Gather Merge", "Parent Relationship": "Outer", "Parallel Aware": false, "Startup Cost": 1691404.91, "Total Cost": 1693272.16, "Plan Rows": 21, "Plan Width": 27, "Workers Planned": 3, "Plans": [{"Node Type": "Aggregate", "Strategy": "Sorted", "Partial Mode": "Partial", "Parent Relationship": "Outer", "Parallel Aware": false, "Startup Cost": 1690404.87, "Total Cost": 1692269.66, "Plan Rows": 7, "Plan Width": 27, "Group Key": ["lineitem.l_shipmode"], "Plans": [{"Node Type": "Sort", "Parent Relationship": "Outer", "Parallel Aware": false, "Startup Cost": 1690404.87, "Total Cost": 1690637.96, "Plan Rows": 93236, "Plan Width": 27, "Sort Key": ["lineitem.l_shipmode"], "Plans": [{"Node Type": "Nested Loop", "Parent Relationship": "Outer", "Parallel Aware": false, "Join Type": "Inner", "Startup Cost": 0.43, "Total Cost": 1682708.89, "Plan Rows": 93236, "Plan Width": 27, "Inner Unique": true, "Plans": [{"Node Type": "Seq Scan", "Parent Relationship": "Outer", "Parallel Aware": true, "Relation Name": "lineitem", "Alias": "lineitem", "Startup Cost": 0.0, "Total Cost": 1559922.63, "Plan Rows": 93236, "Plan Width": 15, "Filter": "((l_shipmode = ANY ('{\"REG AIR\",RAIL}'::bpchar[])) AND (l_commitdate < l_receiptdate) AND (l_shipdate < l_commitdate) AND (l_receiptdate >= '1997-01-01'::date) AND (l_receiptdate < '1998-01-01 00:00:00'::timestamp without time zone))"}, {"Node Type": "Index Scan", "Parent Relationship": "Inner", "Parallel Aware": false, "Scan Direction": "Forward", "Index Name": "orders_pkey", "Relation Name": "orders", "Alias": "orders", "Startup Cost": 0.43, "Total Cost": 1.32, "Plan Rows": 1, "Plan Width": 20, "Index Cond": "(o_orderkey = lineitem.l_orderkey)"}]}]}]}]}]}]}}]