[{"Plan": {"Node Type": "Limit", "Parallel Aware": false, "Startup Cost": 20003477345.09, "Total Cost": 20003478172.8, "Plan Rows": 1, "Plan Width": 27, "Plans": [{"Node Type": "Aggregate", "Strategy": "Sorted", "Partial Mode": "Simple", "Parent Relationship": "Outer", "Parallel Aware": false, "Startup Cost": 20003477345.09, "Total Cost": 20003483139.08, "Plan Rows": 7, "Plan Width": 27, "Group Key": ["lineitem.l_shipmode"], "Plans": [{"Node Type": "Sort", "Parent Relationship": "Outer", "Parallel Aware": false, "Startup Cost": 20003477345.09, "Total Cost": 20003478069.33, "Plan Rows": 289696, "Plan Width": 27, "Sort Key": ["lineitem.l_shipmode"], "Plans": [{"Node Type": "Nested Loop", "Parent Relationship": "Outer", "Parallel Aware": false, "Join Type": "Inner", "Startup Cost": 20000000001.16, "Total Cost": 20003451063.61, "Plan Rows": 289696, "Plan Width": 27, "Inner Unique": true, "Plans": [{"Node Type": "Index Scan", "Parent Relationship": "Outer", "Parallel Aware": false, "Scan Direction": "Forward", "Index Name": "idx_lineitem_orderkey", "Relation Name": "lineitem", "Alias": "lineitem", "Startup Cost": 10000000000.57, "Total Cost": 10002955269.81, "Plan Rows": 289696, "Plan Width": 15, "Filter": "((l_shipmode = ANY ('{RAIL,TRUCK}'::bpchar[])) AND (l_commitdate < l_receiptdate) AND (l_shipdate < l_commitdate) AND (l_receiptdate >= '1993-01-01'::date) AND (l_receiptdate < '1994-01-01 00:00:00'::timestamp without time zone))"}, {"Node Type": "Bitmap Heap Scan", "Parent Relationship": "Inner", "Parallel Aware": false, "Relation Name": "orders", "Alias": "orders", "Startup Cost": 0.6, "Total Cost": 1.71, "Plan Rows": 1, "Plan Width": 20, "Recheck Cond": "(o_orderkey = lineitem.l_orderkey)", "Plans": [{"Node Type": "Bitmap Index Scan", "Parent Relationship": "Outer", "Parallel Aware": false, "Index Name": "orders_pkey", "Startup Cost": 0.0, "Total Cost": 0.6, "Plan Rows": 1, "Plan Width": 0, "Index Cond": "(o_orderkey = lineitem.l_orderkey)"}]}]}]}]}]}}, {"Plan": {"Node Type": "Limit", "Parallel Aware": false, "Startup Cost": 2553269.43, "Total Cost": 2553536.82, "Plan Rows": 1, "Plan Width": 27, "Plans": [{"Node Type": "Aggregate", "Strategy": "Sorted", "Partial Mode": "Finalize", "Parent Relationship": "Outer", "Parallel Aware": false, "Startup Cost": 2553269.43, "Total Cost": 2555141.19, "Plan Rows": 7, "Plan Width": 27, "Group Key": ["lineitem.l_shipmode"], "Plans": [{"Node Type": "Gather Merge", "Parent Relationship": "Outer", "Parallel Aware": false, "Startup Cost": 2553269.43, "Total Cost": 2555140.96, "Plan Rows": 21, "Plan Width": 27, "Workers Planned": 3, "Plans": [{"Node Type": "Aggregate", "Strategy": "Sorted", "Partial Mode": "Partial", "Parent Relationship": "Outer", "Parallel Aware": false, "Startup Cost": 2552269.39, "Total Cost": 2554138.46, "Plan Rows": 7, "Plan Width": 27, "Group Key": ["lineitem.l_shipmode"], "Plans": [{"Node Type": "Sort", "Parent Relationship": "Outer", "Parallel Aware": false, "Startup Cost": 2552269.39, "Total Cost": 2552503.01, "Plan Rows": 93450, "Plan Width": 27, "Sort Key": ["lineitem.l_shipmode"], "Plans": [{"Node Type": "Hash Join", "Parent Relationship": "Outer", "Parallel Aware": true, "Join Type": "Inner", "Startup Cost": 2042139.04, "Total Cost": 2544554.2, "Plan Rows": 93450, "Plan Width": 27, "Inner Unique": false, "Hash Cond": "(orders.o_orderkey = lineitem.l_orderkey)", "Plans": [{"Node Type": "Index Scan", "Parent Relationship": "Outer", "Parallel Aware": true, "Scan Direction": "Forward", "Index Name": "orders_pkey", "Relation Name": "orders", "Alias": "orders", "Startup Cost": 0.43, "Total Cost": 429537.29, "Plan Rows": 4838457, "Plan Width": 20}, {"Node Type": "Hash", "Parent Relationship": "Inner", "Parallel Aware": true, "Startup Cost": 2040970.48, "Total Cost": 2040970.48, "Plan Rows": 93450, "Plan Width": 15, "Plans": [{"Node Type": "Index Scan", "Parent Relationship": "Outer", "Parallel Aware": true, "Scan Direction": "Forward", "Index Name": "idx_lineitem_orderkey", "Relation Name": "lineitem", "Alias": "lineitem", "Startup Cost": 0.56, "Total Cost": 2040970.48, "Plan Rows": 93450, "Plan Width": 15, "Filter": "((l_shipmode = ANY ('{RAIL,TRUCK}'::bpchar[])) AND (l_commitdate < l_receiptdate) AND (l_shipdate < l_commitdate) AND (l_receiptdate >= '1993-01-01'::date) AND (l_receiptdate < '1994-01-01 00:00:00'::timestamp without time zone))"}]}]}]}]}]}]}]}}, {"Plan": {"Node Type": "Limit", "Parallel Aware": false, "Startup Cost": 2553269.43, "Total Cost": 2553536.82, "Plan Rows": 1, "Plan Width": 27, "Plans": [{"Node Type": "Aggregate", "Strategy": "Sorted", "Partial Mode": "Finalize", "Parent Relationship": "Outer", "Parallel Aware": false, "Startup Cost": 2553269.43, "Total Cost": 2555141.19, "Plan Rows": 7, "Plan Width": 27, "Group Key": ["lineitem.l_shipmode"], "Plans": [{"Node Type": "Gather Merge", "Parent Relationship": "Outer", "Parallel Aware": false, "Startup Cost": 2553269.43, "Total Cost": 2555140.96, "Plan Rows": 21, "Plan Width": 27, "Workers Planned": 3, "Plans": [{"Node Type": "Aggregate", "Strategy": "Sorted", "Partial Mode": "Partial", "Parent Relationship": "Outer", "Parallel Aware": false, "Startup Cost": 2552269.39, "Total Cost": 2554138.46, "Plan Rows": 7, "Plan Width": 27, "Group Key": ["lineitem.l_shipmode"], "Plans": [{"Node Type": "Sort", "Parent Relationship": "Outer", "Parallel Aware": false, "Startup Cost": 2552269.39, "Total Cost": 2552503.01, "Plan Rows": 93450, "Plan Width": 27, "Sort Key": ["lineitem.l_shipmode"], "Plans": [{"Node Type": "Hash Join", "Parent Relationship": "Outer", "Parallel Aware": true, "Join Type": "Inner", "Startup Cost": 2042139.04, "Total Cost": 2544554.2, "Plan Rows": 93450, "Plan Width": 27, "Inner Unique": false, "Hash Cond": "(orders.o_orderkey = lineitem.l_orderkey)", "Plans": [{"Node Type": "Index Scan", "Parent Relationship": "Outer", "Parallel Aware": true, "Scan Direction": "Forward", "Index Name": "orders_pkey", "Relation Name": "orders", "Alias": "orders", "Startup Cost": 0.43, "Total Cost": 429537.29, "Plan Rows": 4838457, "Plan Width": 20}, {"Node Type": "Hash", "Parent Relationship": "Inner", "Parallel Aware": true, "Startup Cost": 2040970.48, "Total Cost": 2040970.48, "Plan Rows": 93450, "Plan Width": 15, "Plans": [{"Node Type": "Index Scan", "Parent Relationship": "Outer", "Parallel Aware": true, "Scan Direction": "Forward", "Index Name": "idx_lineitem_orderkey", "Relation Name": "lineitem", "Alias": "lineitem", "Startup Cost": 0.56, "Total Cost": 2040970.48, "Plan Rows": 93450, "Plan Width": 15, "Filter": "((l_shipmode = ANY ('{RAIL,TRUCK}'::bpchar[])) AND (l_commitdate < l_receiptdate) AND (l_shipdate < l_commitdate) AND (l_receiptdate >= '1993-01-01'::date) AND (l_receiptdate < '1994-01-01 00:00:00'::timestamp without time zone))"}]}]}]}]}]}]}]}}, {"Plan": {"Node Type": "Limit", "Parallel Aware": false, "Startup Cost": 2172666.13, "Total Cost": 2172933.53, "Plan Rows": 1, "Plan Width": 27, "Plans": [{"Node Type": "Aggregate", "Strategy": "Sorted", "Partial Mode": "Finalize", "Parent Relationship": "Outer", "Parallel Aware": false, "Startup Cost": 2172666.13, "Total Cost": 2174537.9, "Plan Rows": 7, "Plan Width": 27, "Group Key": ["lineitem.l_shipmode"], "Plans": [{"Node Type": "Gather Merge", "Parent Relationship": "Outer", "Parallel Aware": false, "Startup Cost": 2172666.13, "Total Cost": 2174537.67, "Plan Rows": 21, "Plan Width": 27, "Workers Planned": 3, "Plans": [{"Node Type": "Aggregate", "Strategy": "Sorted", "Partial Mode": "Partial", "Parent Relationship": "Outer", "Parallel Aware": false, "Startup Cost": 2171666.09, "Total Cost": 2173535.16, "Plan Rows": 7, "Plan Width": 27, "Group Key": ["lineitem.l_shipmode"], "Plans": [{"Node Type": "Sort", "Parent Relationship": "Outer", "Parallel Aware": false, "Startup Cost": 2171666.09, "Total Cost": 2171899.72, "Plan Rows": 93450, "Plan Width": 27, "Sort Key": ["lineitem.l_shipmode"], "Plans": [{"Node Type": "Nested Loop", "Parent Relationship": "Outer", "Parallel Aware": false, "Join Type": "Inner", "Startup Cost": 1.0, "Total Cost": 2163950.9, "Plan Rows": 93450, "Plan Width": 27, "Inner Unique": true, "Plans": [{"Node Type": "Index Scan", "Parent Relationship": "Outer", "Parallel Aware": true, "Scan Direction": "Forward", "Index Name": "idx_lineitem_orderkey", "Relation Name": "lineitem", "Alias": "lineitem", "Startup Cost": 0.56, "Total Cost": 2040970.48, "Plan Rows": 93450, "Plan Width": 15, "Filter": "((l_shipmode = ANY ('{RAIL,TRUCK}'::bpchar[])) AND (l_commitdate < l_receiptdate) AND (l_shipdate < l_commitdate) AND (l_receiptdate >= '1993-01-01'::date) AND (l_receiptdate < '1994-01-01 00:00:00'::timestamp without time zone))"}, {"Node Type": "Index Scan", "Parent Relationship": "Inner", "Parallel Aware": false, "Scan Direction": "Forward", "Index Name": "orders_pkey", "Relation Name": "orders", "Alias": "orders", "Startup Cost": 0.43, "Total Cost": 1.32, "Plan Rows": 1, "Plan Width": 20, "Index Cond": "(o_orderkey = lineitem.l_orderkey)"}]}]}]}]}]}]}}, {"Plan": {"Node Type": "Limit", "Parallel Aware": false, "Startup Cost": 1951980.86, "Total Cost": 1952248.26, "Plan Rows": 1, "Plan Width": 27, "Plans": [{"Node Type": "Aggregate", "Strategy": "Sorted", "Partial Mode": "Finalize", "Parent Relationship": "Outer", "Parallel Aware": false, "Startup Cost": 1951980.86, "Total Cost": 1953852.63, "Plan Rows": 7, "Plan Width": 27, "Group Key": ["lineitem.l_shipmode"], "Plans": [{"Node Type": "Gather Merge", "Parent Relationship": "Outer", "Parallel Aware": false, "Startup Cost": 1951980.86, "Total Cost": 1953852.4, "Plan Rows": 21, "Plan Width": 27, "Workers Planned": 3, "Plans": [{"Node Type": "Aggregate", "Strategy": "Sorted", "Partial Mode": "Partial", "Parent Relationship": "Outer", "Parallel Aware": false, "Startup Cost": 1950980.82, "Total Cost": 1952849.89, "Plan Rows": 7, "Plan Width": 27, "Group Key": ["lineitem.l_shipmode"], "Plans": [{"Node Type": "Sort", "Parent Relationship": "Outer", "Parallel Aware": false, "Startup Cost": 1950980.82, "Total Cost": 1951214.45, "Plan Rows": 93450, "Plan Width": 27, "Sort Key": ["lineitem.l_shipmode"], "Plans": [{"Node Type": "Hash Join", "Parent Relationship": "Outer", "Parallel Aware": true, "Join Type": "Inner", "Startup Cost": 1561090.76, "Total Cost": 1943265.63, "Plan Rows": 93450, "Plan Width": 27, "Inner Unique": false, "Hash Cond": "(orders.o_orderkey = lineitem.l_orderkey)", "Plans": [{"Node Type": "Seq Scan", "Parent Relationship": "Outer", "Parallel Aware": true, "Relation Name": "orders", "Alias": "orders", "Startup Cost": 0.0, "Total Cost": 309296.57, "Plan Rows": 4838457, "Plan Width": 20}, {"Node Type": "Hash", "Parent Relationship": "Inner", "Parallel Aware": true, "Startup Cost": 1559922.63, "Total Cost": 1559922.63, "Plan Rows": 93450, "Plan Width": 15, "Plans": [{"Node Type": "Seq Scan", "Parent Relationship": "Outer", "Parallel Aware": true, "Relation Name": "lineitem", "Alias": "lineitem", "Startup Cost": 0.0, "Total Cost": 1559922.63, "Plan Rows": 93450, "Plan Width": 15, "Filter": "((l_shipmode = ANY ('{RAIL,TRUCK}'::bpchar[])) AND (l_commitdate < l_receiptdate) AND (l_shipdate < l_commitdate) AND (l_receiptdate >= '1993-01-01'::date) AND (l_receiptdate < '1994-01-01 00:00:00'::timestamp without time zone))"}]}]}]}]}]}]}]}}, {"Plan": {"Node Type": "Limit", "Parallel Aware": false, "Startup Cost": 2172666.13, "Total Cost": 2172933.53, "Plan Rows": 1, "Plan Width": 27, "Plans": [{"Node Type": "Aggregate", "Strategy": "Sorted", "Partial Mode": "Finalize", "Parent Relationship": "Outer", "Parallel Aware": false, "Startup Cost": 2172666.13, "Total Cost": 2174537.9, "Plan Rows": 7, "Plan Width": 27, "Group Key": ["lineitem.l_shipmode"], "Plans": [{"Node Type": "Gather Merge", "Parent Relationship": "Outer", "Parallel Aware": false, "Startup Cost": 2172666.13, "Total Cost": 2174537.67, "Plan Rows": 21, "Plan Width": 27, "Workers Planned": 3, "Plans": [{"Node Type": "Aggregate", "Strategy": "Sorted", "Partial Mode": "Partial", "Parent Relationship": "Outer", "Parallel Aware": false, "Startup Cost": 2171666.09, "Total Cost": 2173535.16, "Plan Rows": 7, "Plan Width": 27, "Group Key": ["lineitem.l_shipmode"], "Plans": [{"Node Type": "Sort", "Parent Relationship": "Outer", "Parallel Aware": false, "Startup Cost": 2171666.09, "Total Cost": 2171899.72, "Plan Rows": 93450, "Plan Width": 27, "Sort Key": ["lineitem.l_shipmode"], "Plans": [{"Node Type": "Nested Loop", "Parent Relationship": "Outer", "Parallel Aware": false, "Join Type": "Inner", "Startup Cost": 1.0, "Total Cost": 2163950.9, "Plan Rows": 93450, "Plan Width": 27, "Inner Unique": true, "Plans": [{"Node Type": "Index Scan", "Parent Relationship": "Outer", "Parallel Aware": true, "Scan Direction": "Forward", "Index Name": "idx_lineitem_orderkey", "Relation Name": "lineitem", "Alias": "lineitem", "Startup Cost": 0.56, "Total Cost": 2040970.48, "Plan Rows": 93450, "Plan Width": 15, "Filter": "((l_shipmode = ANY ('{RAIL,TRUCK}'::bpchar[])) AND (l_commitdate < l_receiptdate) AND (l_shipdate < l_commitdate) AND (l_receiptdate >= '1993-01-01'::date) AND (l_receiptdate < '1994-01-01 00:00:00'::timestamp without time zone))"}, {"Node Type": "Index Scan", "Parent Relationship": "Inner", "Parallel Aware": false, "Scan Direction": "Forward", "Index Name": "orders_pkey", "Relation Name": "orders", "Alias": "orders", "Startup Cost": 0.43, "Total Cost": 1.32, "Plan Rows": 1, "Plan Width": 20, "Index Cond": "(o_orderkey = lineitem.l_orderkey)"}]}]}]}]}]}]}}, {"Plan": {"Node Type": "Limit", "Parallel Aware": false, "Startup Cost": 1691618.29, "Total Cost": 1691885.68, "Plan Rows": 1, "Plan Width": 27, "Plans": [{"Node Type": "Aggregate", "Strategy": "Sorted", "Partial Mode": "Finalize", "Parent Relationship": "Outer", "Parallel Aware": false, "Startup Cost": 1691618.29, "Total Cost": 1693490.05, "Plan Rows": 7, "Plan Width": 27, "Group Key": ["lineitem.l_shipmode"], "Plans": [{"Node Type": "Gather Merge", "Parent Relationship": "Outer", "Parallel Aware": false, "Startup Cost": 1691618.29, "Total Cost": 1693489.83, "Plan Rows": 21, "Plan Width": 27, "Workers Planned": 3, "Plans": [{"Node Type": "Aggregate", "Strategy": "Sorted", "Partial Mode": "Partial", "Parent Relationship": "Outer", "Parallel Aware": false, "Startup Cost": 1690618.25, "Total Cost": 1692487.32, "Plan Rows": 7, "Plan Width": 27, "Group Key": ["lineitem.l_shipmode"], "Plans": [{"Node Type": "Sort", "Parent Relationship": "Outer", "Parallel Aware": false, "Startup Cost": 1690618.25, "Total Cost": 1690851.87, "Plan Rows": 93450, "Plan Width": 27, "Sort Key": ["lineitem.l_shipmode"], "Plans": [{"Node Type": "Nested Loop", "Parent Relationship": "Outer", "Parallel Aware": false, "Join Type": "Inner", "Startup Cost": 0.43, "Total Cost": 1682903.06, "Plan Rows": 93450, "Plan Width": 27, "Inner Unique": true, "Plans": [{"Node Type": "Seq Scan", "Parent Relationship": "Outer", "Parallel Aware": true, "Relation Name": "lineitem", "Alias": "lineitem", "Startup Cost": 0.0, "Total Cost": 1559922.63, "Plan Rows": 93450, "Plan Width": 15, "Filter": "((l_shipmode = ANY ('{RAIL,TRUCK}'::bpchar[])) AND (l_commitdate < l_receiptdate) AND (l_shipdate < l_commitdate) AND (l_receiptdate >= '1993-01-01'::date) AND (l_receiptdate < '1994-01-01 00:00:00'::timestamp without time zone))"}, {"Node Type": "Index Scan", "Parent Relationship": "Inner", "Parallel Aware": false, "Scan Direction": "Forward", "Index Name": "orders_pkey", "Relation Name": "orders", "Alias": "orders", "Startup Cost": 0.43, "Total Cost": 1.32, "Plan Rows": 1, "Plan Width": 20, "Index Cond": "(o_orderkey = lineitem.l_orderkey)"}]}]}]}]}]}]}}, {"Plan": {"Node Type": "Limit", "Parallel Aware": false, "Startup Cost": 1951980.86, "Total Cost": 1952248.26, "Plan Rows": 1, "Plan Width": 27, "Plans": [{"Node Type": "Aggregate", "Strategy": "Sorted", "Partial Mode": "Finalize", "Parent Relationship": "Outer", "Parallel Aware": false, "Startup Cost": 1951980.86, "Total Cost": 1953852.63, "Plan Rows": 7, "Plan Width": 27, "Group Key": ["lineitem.l_shipmode"], "Plans": [{"Node Type": "Gather Merge", "Parent Relationship": "Outer", "Parallel Aware": false, "Startup Cost": 1951980.86, "Total Cost": 1953852.4, "Plan Rows": 21, "Plan Width": 27, "Workers Planned": 3, "Plans": [{"Node Type": "Aggregate", "Strategy": "Sorted", "Partial Mode": "Partial", "Parent Relationship": "Outer", "Parallel Aware": false, "Startup Cost": 1950980.82, "Total Cost": 1952849.89, "Plan Rows": 7, "Plan Width": 27, "Group Key": ["lineitem.l_shipmode"], "Plans": [{"Node Type": "Sort", "Parent Relationship": "Outer", "Parallel Aware": false, "Startup Cost": 1950980.82, "Total Cost": 1951214.45, "Plan Rows": 93450, "Plan Width": 27, "Sort Key": ["lineitem.l_shipmode"], "Plans": [{"Node Type": "Hash Join", "Parent Relationship": "Outer", "Parallel Aware": true, "Join Type": "Inner", "Startup Cost": 1561090.76, "Total Cost": 1943265.63, "Plan Rows": 93450, "Plan Width": 27, "Inner Unique": false, "Hash Cond": "(orders.o_orderkey = lineitem.l_orderkey)", "Plans": [{"Node Type": "Seq Scan", "Parent Relationship": "Outer", "Parallel Aware": true, "Relation Name": "orders", "Alias": "orders", "Startup Cost": 0.0, "Total Cost": 309296.57, "Plan Rows": 4838457, "Plan Width": 20}, {"Node Type": "Hash", "Parent Relationship": "Inner", "Parallel Aware": true, "Startup Cost": 1559922.63, "Total Cost": 1559922.63, "Plan Rows": 93450, "Plan Width": 15, "Plans": [{"Node Type": "Seq Scan", "Parent Relationship": "Outer", "Parallel Aware": true, "Relation Name": "lineitem", "Alias": "lineitem", "Startup Cost": 0.0, "Total Cost": 1559922.63, "Plan Rows": 93450, "Plan Width": 15, "Filter": "((l_shipmode = ANY ('{RAIL,TRUCK}'::bpchar[])) AND (l_commitdate < l_receiptdate) AND (l_shipdate < l_commitdate) AND (l_receiptdate >= '1993-01-01'::date) AND (l_receiptdate < '1994-01-01 00:00:00'::timestamp without time zone))"}]}]}]}]}]}]}]}}, {"Plan": {"Node Type": "Limit", "Parallel Aware": false, "Startup Cost": 20003477345.09, "Total Cost": 20003478172.8, "Plan Rows": 1, "Plan Width": 27, "Plans": [{"Node Type": "Aggregate", "Strategy": "Sorted", "Partial Mode": "Simple", "Parent Relationship": "Outer", "Parallel Aware": false, "Startup Cost": 20003477345.09, "Total Cost": 20003483139.08, "Plan Rows": 7, "Plan Width": 27, "Group Key": ["lineitem.l_shipmode"], "Plans": [{"Node Type": "Sort", "Parent Relationship": "Outer", "Parallel Aware": false, "Startup Cost": 20003477345.09, "Total Cost": 20003478069.33, "Plan Rows": 289696, "Plan Width": 27, "Sort Key": ["lineitem.l_shipmode"], "Plans": [{"Node Type": "Nested Loop", "Parent Relationship": "Outer", "Parallel Aware": false, "Join Type": "Inner", "Startup Cost": 20000000001.16, "Total Cost": 20003451063.61, "Plan Rows": 289696, "Plan Width": 27, "Inner Unique": true, "Plans": [{"Node Type": "Index Scan", "Parent Relationship": "Outer", "Parallel Aware": false, "Scan Direction": "Forward", "Index Name": "idx_lineitem_orderkey", "Relation Name": "lineitem", "Alias": "lineitem", "Startup Cost": 10000000000.57, "Total Cost": 10002955269.81, "Plan Rows": 289696, "Plan Width": 15, "Filter": "((l_shipmode = ANY ('{RAIL,TRUCK}'::bpchar[])) AND (l_commitdate < l_receiptdate) AND (l_shipdate < l_commitdate) AND (l_receiptdate >= '1993-01-01'::date) AND (l_receiptdate < '1994-01-01 00:00:00'::timestamp without time zone))"}, {"Node Type": "Bitmap Heap Scan", "Parent Relationship": "Inner", "Parallel Aware": false, "Relation Name": "orders", "Alias": "orders", "Startup Cost": 0.6, "Total Cost": 1.71, "Plan Rows": 1, "Plan Width": 20, "Recheck Cond": "(o_orderkey = lineitem.l_orderkey)", "Plans": [{"Node Type": "Bitmap Index Scan", "Parent Relationship": "Outer", "Parallel Aware": false, "Index Name": "orders_pkey", "Startup Cost": 0.0, "Total Cost": 0.6, "Plan Rows": 1, "Plan Width": 0, "Index Cond": "(o_orderkey = lineitem.l_orderkey)"}]}]}]}]}]}}, {"Plan": {"Node Type": "Limit", "Parallel Aware": false, "Startup Cost": 10003477345.09, "Total Cost": 10003478172.8, "Plan Rows": 1, "Plan Width": 27, "Plans": [{"Node Type": "Aggregate", "Strategy": "Sorted", "Partial Mode": "Simple", "Parent Relationship": "Outer", "Parallel Aware": false, "Startup Cost": 10003477345.09, "Total Cost": 10003483139.08, "Plan Rows": 7, "Plan Width": 27, "Group Key": ["lineitem.l_shipmode"], "Plans": [{"Node Type": "Sort", "Parent Relationship": "Outer", "Parallel Aware": false, "Startup Cost": 10003477345.09, "Total Cost": 10003478069.33, "Plan Rows": 289696, "Plan Width": 27, "Sort Key": ["lineitem.l_shipmode"], "Plans": [{"Node Type": "Nested Loop", "Parent Relationship": "Outer", "Parallel Aware": false, "Join Type": "Inner", "Startup Cost": 10000000001.16, "Total Cost": 10003451063.61, "Plan Rows": 289696, "Plan Width": 27, "Inner Unique": true, "Plans": [{"Node Type": "Index Scan", "Parent Relationship": "Outer", "Parallel Aware": false, "Scan Direction": "Forward", "Index Name": "idx_lineitem_orderkey", "Relation Name": "lineitem", "Alias": "lineitem", "Startup Cost": 10000000000.57, "Total Cost": 10002955269.81, "Plan Rows": 289696, "Plan Width": 15, "Filter": "((l_shipmode = ANY ('{RAIL,TRUCK}'::bpchar[])) AND (l_commitdate < l_receiptdate) AND (l_shipdate < l_commitdate) AND (l_receiptdate >= '1993-01-01'::date) AND (l_receiptdate < '1994-01-01 00:00:00'::timestamp without time zone))"}, {"Node Type": "Bitmap Heap Scan", "Parent Relationship": "Inner", "Parallel Aware": false, "Relation Name": "orders", "Alias": "orders", "Startup Cost": 0.6, "Total Cost": 1.71, "Plan Rows": 1, "Plan Width": 20, "Recheck Cond": "(o_orderkey = lineitem.l_orderkey)", "Plans": [{"Node Type": "Bitmap Index Scan", "Parent Relationship": "Outer", "Parallel Aware": false, "Index Name": "orders_pkey", "Startup Cost": 0.0, "Total Cost": 0.6, "Plan Rows": 1, "Plan Width": 0, "Index Cond": "(o_orderkey = lineitem.l_orderkey)"}]}]}]}]}]}}, {"Plan": {"Node Type": "Limit", "Parallel Aware": false, "Startup Cost": 1728570.79, "Total Cost": 1728838.19, "Plan Rows": 1, "Plan Width": 27, "Plans": [{"Node Type": "Aggregate", "Strategy": "Sorted", "Partial Mode": "Finalize", "Parent Relationship": "Outer", "Parallel Aware": false, "Startup Cost": 1728570.79, "Total Cost": 1730442.56, "Plan Rows": 7, "Plan Width": 27, "Group Key": ["lineitem.l_shipmode"], "Plans": [{"Node Type": "Gather Merge", "Parent Relationship": "Outer", "Parallel Aware": false, "Startup Cost": 1728570.79, "Total Cost": 1730442.33, "Plan Rows": 21, "Plan Width": 27, "Workers Planned": 3, "Plans": [{"Node Type": "Aggregate", "Strategy": "Sorted", "Partial Mode": "Partial", "Parent Relationship": "Outer", "Parallel Aware": false, "Startup Cost": 1727570.75, "Total Cost": 1729439.82, "Plan Rows": 7, "Plan Width": 27, "Group Key": ["lineitem.l_shipmode"], "Plans": [{"Node Type": "Sort", "Parent Relationship": "Outer", "Parallel Aware": false, "Startup Cost": 1727570.75, "Total Cost": 1727804.38, "Plan Rows": 93450, "Plan Width": 27, "Sort Key": ["lineitem.l_shipmode"], "Plans": [{"Node Type": "Nested Loop", "Parent Relationship": "Outer", "Parallel Aware": false, "Join Type": "Inner", "Startup Cost": 0.6, "Total Cost": 1719855.57, "Plan Rows": 93450, "Plan Width": 27, "Inner Unique": true, "Plans": [{"Node Type": "Seq Scan", "Parent Relationship": "Outer", "Parallel Aware": true, "Relation Name": "lineitem", "Alias": "lineitem", "Startup Cost": 0.0, "Total Cost": 1559922.63, "Plan Rows": 93450, "Plan Width": 15, "Filter": "((l_shipmode = ANY ('{RAIL,TRUCK}'::bpchar[])) AND (l_commitdate < l_receiptdate) AND (l_shipdate < l_commitdate) AND (l_receiptdate >= '1993-01-01'::date) AND (l_receiptdate < '1994-01-01 00:00:00'::timestamp without time zone))"}, {"Node Type": "Bitmap Heap Scan", "Parent Relationship": "Inner", "Parallel Aware": false, "Relation Name": "orders", "Alias": "orders", "Startup Cost": 0.6, "Total Cost": 1.71, "Plan Rows": 1, "Plan Width": 20, "Recheck Cond": "(o_orderkey = lineitem.l_orderkey)", "Plans": [{"Node Type": "Bitmap Index Scan", "Parent Relationship": "Outer", "Parallel Aware": false, "Index Name": "orders_pkey", "Startup Cost": 0.0, "Total Cost": 0.6, "Plan Rows": 1, "Plan Width": 0, "Index Cond": "(o_orderkey = lineitem.l_orderkey)"}]}]}]}]}]}]}]}}, {"Plan": {"Node Type": "Limit", "Parallel Aware": false, "Startup Cost": 1951980.86, "Total Cost": 1952248.26, "Plan Rows": 1, "Plan Width": 27, "Plans": [{"Node Type": "Aggregate", "Strategy": "Sorted", "Partial Mode": "Finalize", "Parent Relationship": "Outer", "Parallel Aware": false, "Startup Cost": 1951980.86, "Total Cost": 1953852.63, "Plan Rows": 7, "Plan Width": 27, "Group Key": ["lineitem.l_shipmode"], "Plans": [{"Node Type": "Gather Merge", "Parent Relationship": "Outer", "Parallel Aware": false, "Startup Cost": 1951980.86, "Total Cost": 1953852.4, "Plan Rows": 21, "Plan Width": 27, "Workers Planned": 3, "Plans": [{"Node Type": "Aggregate", "Strategy": "Sorted", "Partial Mode": "Partial", "Parent Relationship": "Outer", "Parallel Aware": false, "Startup Cost": 1950980.82, "Total Cost": 1952849.89, "Plan Rows": 7, "Plan Width": 27, "Group Key": ["lineitem.l_shipmode"], "Plans": [{"Node Type": "Sort", "Parent Relationship": "Outer", "Parallel Aware": false, "Startup Cost": 1950980.82, "Total Cost": 1951214.45, "Plan Rows": 93450, "Plan Width": 27, "Sort Key": ["lineitem.l_shipmode"], "Plans": [{"Node Type": "Hash Join", "Parent Relationship": "Outer", "Parallel Aware": true, "Join Type": "Inner", "Startup Cost": 1561090.76, "Total Cost": 1943265.63, "Plan Rows": 93450, "Plan Width": 27, "Inner Unique": false, "Hash Cond": "(orders.o_orderkey = lineitem.l_orderkey)", "Plans": [{"Node Type": "Seq Scan", "Parent Relationship": "Outer", "Parallel Aware": true, "Relation Name": "orders", "Alias": "orders", "Startup Cost": 0.0, "Total Cost": 309296.57, "Plan Rows": 4838457, "Plan Width": 20}, {"Node Type": "Hash", "Parent Relationship": "Inner", "Parallel Aware": true, "Startup Cost": 1559922.63, "Total Cost": 1559922.63, "Plan Rows": 93450, "Plan Width": 15, "Plans": [{"Node Type": "Seq Scan", "Parent Relationship": "Outer", "Parallel Aware": true, "Relation Name": "lineitem", "Alias": "lineitem", "Startup Cost": 0.0, "Total Cost": 1559922.63, "Plan Rows": 93450, "Plan Width": 15, "Filter": "((l_shipmode = ANY ('{RAIL,TRUCK}'::bpchar[])) AND (l_commitdate < l_receiptdate) AND (l_shipdate < l_commitdate) AND (l_receiptdate >= '1993-01-01'::date) AND (l_receiptdate < '1994-01-01 00:00:00'::timestamp without time zone))"}]}]}]}]}]}]}]}}, {"Plan": {"Node Type": "Limit", "Parallel Aware": false, "Startup Cost": 10003477345.09, "Total Cost": 10003478172.8, "Plan Rows": 1, "Plan Width": 27, "Plans": [{"Node Type": "Aggregate", "Strategy": "Sorted", "Partial Mode": "Simple", "Parent Relationship": "Outer", "Parallel Aware": false, "Startup Cost": 10003477345.09, "Total Cost": 10003483139.08, "Plan Rows": 7, "Plan Width": 27, "Group Key": ["lineitem.l_shipmode"], "Plans": [{"Node Type": "Sort", "Parent Relationship": "Outer", "Parallel Aware": false, "Startup Cost": 10003477345.09, "Total Cost": 10003478069.33, "Plan Rows": 289696, "Plan Width": 27, "Sort Key": ["lineitem.l_shipmode"], "Plans": [{"Node Type": "Nested Loop", "Parent Relationship": "Outer", "Parallel Aware": false, "Join Type": "Inner", "Startup Cost": 10000000001.16, "Total Cost": 10003451063.61, "Plan Rows": 289696, "Plan Width": 27, "Inner Unique": true, "Plans": [{"Node Type": "Index Scan", "Parent Relationship": "Outer", "Parallel Aware": false, "Scan Direction": "Forward", "Index Name": "idx_lineitem_orderkey", "Relation Name": "lineitem", "Alias": "lineitem", "Startup Cost": 10000000000.57, "Total Cost": 10002955269.81, "Plan Rows": 289696, "Plan Width": 15, "Filter": "((l_shipmode = ANY ('{RAIL,TRUCK}'::bpchar[])) AND (l_commitdate < l_receiptdate) AND (l_shipdate < l_commitdate) AND (l_receiptdate >= '1993-01-01'::date) AND (l_receiptdate < '1994-01-01 00:00:00'::timestamp without time zone))"}, {"Node Type": "Bitmap Heap Scan", "Parent Relationship": "Inner", "Parallel Aware": false, "Relation Name": "orders", "Alias": "orders", "Startup Cost": 0.6, "Total Cost": 1.71, "Plan Rows": 1, "Plan Width": 20, "Recheck Cond": "(o_orderkey = lineitem.l_orderkey)", "Plans": [{"Node Type": "Bitmap Index Scan", "Parent Relationship": "Outer", "Parallel Aware": false, "Index Name": "orders_pkey", "Startup Cost": 0.0, "Total Cost": 0.6, "Plan Rows": 1, "Plan Width": 0, "Index Cond": "(o_orderkey = lineitem.l_orderkey)"}]}]}]}]}]}}, {"Plan": {"Node Type": "Limit", "Parallel Aware": false, "Startup Cost": 1728570.79, "Total Cost": 1728838.19, "Plan Rows": 1, "Plan Width": 27, "Plans": [{"Node Type": "Aggregate", "Strategy": "Sorted", "Partial Mode": "Finalize", "Parent Relationship": "Outer", "Parallel Aware": false, "Startup Cost": 1728570.79, "Total Cost": 1730442.56, "Plan Rows": 7, "Plan Width": 27, "Group Key": ["lineitem.l_shipmode"], "Plans": [{"Node Type": "Gather Merge", "Parent Relationship": "Outer", "Parallel Aware": false, "Startup Cost": 1728570.79, "Total Cost": 1730442.33, "Plan Rows": 21, "Plan Width": 27, "Workers Planned": 3, "Plans": [{"Node Type": "Aggregate", "Strategy": "Sorted", "Partial Mode": "Partial", "Parent Relationship": "Outer", "Parallel Aware": false, "Startup Cost": 1727570.75, "Total Cost": 1729439.82, "Plan Rows": 7, "Plan Width": 27, "Group Key": ["lineitem.l_shipmode"], "Plans": [{"Node Type": "Sort", "Parent Relationship": "Outer", "Parallel Aware": false, "Startup Cost": 1727570.75, "Total Cost": 1727804.38, "Plan Rows": 93450, "Plan Width": 27, "Sort Key": ["lineitem.l_shipmode"], "Plans": [{"Node Type": "Nested Loop", "Parent Relationship": "Outer", "Parallel Aware": false, "Join Type": "Inner", "Startup Cost": 0.6, "Total Cost": 1719855.57, "Plan Rows": 93450, "Plan Width": 27, "Inner Unique": true, "Plans": [{"Node Type": "Seq Scan", "Parent Relationship": "Outer", "Parallel Aware": true, "Relation Name": "lineitem", "Alias": "lineitem", "Startup Cost": 0.0, "Total Cost": 1559922.63, "Plan Rows": 93450, "Plan Width": 15, "Filter": "((l_shipmode = ANY ('{RAIL,TRUCK}'::bpchar[])) AND (l_commitdate < l_receiptdate) AND (l_shipdate < l_commitdate) AND (l_receiptdate >= '1993-01-01'::date) AND (l_receiptdate < '1994-01-01 00:00:00'::timestamp without time zone))"}, {"Node Type": "Bitmap Heap Scan", "Parent Relationship": "Inner", "Parallel Aware": false, "Relation Name": "orders", "Alias": "orders", "Startup Cost": 0.6, "Total Cost": 1.71, "Plan Rows": 1, "Plan Width": 20, "Recheck Cond": "(o_orderkey = lineitem.l_orderkey)", "Plans": [{"Node Type": "Bitmap Index Scan", "Parent Relationship": "Outer", "Parallel Aware": false, "Index Name": "orders_pkey", "Startup Cost": 0.0, "Total Cost": 0.6, "Plan Rows": 1, "Plan Width": 0, "Index Cond": "(o_orderkey = lineitem.l_orderkey)"}]}]}]}]}]}]}]}}, {"Plan": {"Node Type": "Limit", "Parallel Aware": false, "Startup Cost": 1951980.86, "Total Cost": 1952248.26, "Plan Rows": 1, "Plan Width": 27, "Plans": [{"Node Type": "Aggregate", "Strategy": "Sorted", "Partial Mode": "Finalize", "Parent Relationship": "Outer", "Parallel Aware": false, "Startup Cost": 1951980.86, "Total Cost": 1953852.63, "Plan Rows": 7, "Plan Width": 27, "Group Key": ["lineitem.l_shipmode"], "Plans": [{"Node Type": "Gather Merge", "Parent Relationship": "Outer", "Parallel Aware": false, "Startup Cost": 1951980.86, "Total Cost": 1953852.4, "Plan Rows": 21, "Plan Width": 27, "Workers Planned": 3, "Plans": [{"Node Type": "Aggregate", "Strategy": "Sorted", "Partial Mode": "Partial", "Parent Relationship": "Outer", "Parallel Aware": false, "Startup Cost": 1950980.82, "Total Cost": 1952849.89, "Plan Rows": 7, "Plan Width": 27, "Group Key": ["lineitem.l_shipmode"], "Plans": [{"Node Type": "Sort", "Parent Relationship": "Outer", "Parallel Aware": false, "Startup Cost": 1950980.82, "Total Cost": 1951214.45, "Plan Rows": 93450, "Plan Width": 27, "Sort Key": ["lineitem.l_shipmode"], "Plans": [{"Node Type": "Hash Join", "Parent Relationship": "Outer", "Parallel Aware": true, "Join Type": "Inner", "Startup Cost": 1561090.76, "Total Cost": 1943265.63, "Plan Rows": 93450, "Plan Width": 27, "Inner Unique": false, "Hash Cond": "(orders.o_orderkey = lineitem.l_orderkey)", "Plans": [{"Node Type": "Seq Scan", "Parent Relationship": "Outer", "Parallel Aware": true, "Relation Name": "orders", "Alias": "orders", "Startup Cost": 0.0, "Total Cost": 309296.57, "Plan Rows": 4838457, "Plan Width": 20}, {"Node Type": "Hash", "Parent Relationship": "Inner", "Parallel Aware": true, "Startup Cost": 1559922.63, "Total Cost": 1559922.63, "Plan Rows": 93450, "Plan Width": 15, "Plans": [{"Node Type": "Seq Scan", "Parent Relationship": "Outer", "Parallel Aware": true, "Relation Name": "lineitem", "Alias": "lineitem", "Startup Cost": 0.0, "Total Cost": 1559922.63, "Plan Rows": 93450, "Plan Width": 15, "Filter": "((l_shipmode = ANY ('{RAIL,TRUCK}'::bpchar[])) AND (l_commitdate < l_receiptdate) AND (l_shipdate < l_commitdate) AND (l_receiptdate >= '1993-01-01'::date) AND (l_receiptdate < '1994-01-01 00:00:00'::timestamp without time zone))"}]}]}]}]}]}]}]}}, {"Plan": {"Node Type": "Limit", "Parallel Aware": false, "Startup Cost": 2553269.43, "Total Cost": 2553536.82, "Plan Rows": 1, "Plan Width": 27, "Plans": [{"Node Type": "Aggregate", "Strategy": "Sorted", "Partial Mode": "Finalize", "Parent Relationship": "Outer", "Parallel Aware": false, "Startup Cost": 2553269.43, "Total Cost": 2555141.19, "Plan Rows": 7, "Plan Width": 27, "Group Key": ["lineitem.l_shipmode"], "Plans": [{"Node Type": "Gather Merge", "Parent Relationship": "Outer", "Parallel Aware": false, "Startup Cost": 2553269.43, "Total Cost": 2555140.96, "Plan Rows": 21, "Plan Width": 27, "Workers Planned": 3, "Plans": [{"Node Type": "Aggregate", "Strategy": "Sorted", "Partial Mode": "Partial", "Parent Relationship": "Outer", "Parallel Aware": false, "Startup Cost": 2552269.39, "Total Cost": 2554138.46, "Plan Rows": 7, "Plan Width": 27, "Group Key": ["lineitem.l_shipmode"], "Plans": [{"Node Type": "Sort", "Parent Relationship": "Outer", "Parallel Aware": false, "Startup Cost": 2552269.39, "Total Cost": 2552503.01, "Plan Rows": 93450, "Plan Width": 27, "Sort Key": ["lineitem.l_shipmode"], "Plans": [{"Node Type": "Hash Join", "Parent Relationship": "Outer", "Parallel Aware": true, "Join Type": "Inner", "Startup Cost": 2042139.04, "Total Cost": 2544554.2, "Plan Rows": 93450, "Plan Width": 27, "Inner Unique": false, "Hash Cond": "(orders.o_orderkey = lineitem.l_orderkey)", "Plans": [{"Node Type": "Index Scan", "Parent Relationship": "Outer", "Parallel Aware": true, "Scan Direction": "Forward", "Index Name": "orders_pkey", "Relation Name": "orders", "Alias": "orders", "Startup Cost": 0.43, "Total Cost": 429537.29, "Plan Rows": 4838457, "Plan Width": 20}, {"Node Type": "Hash", "Parent Relationship": "Inner", "Parallel Aware": true, "Startup Cost": 2040970.48, "Total Cost": 2040970.48, "Plan Rows": 93450, "Plan Width": 15, "Plans": [{"Node Type": "Index Scan", "Parent Relationship": "Outer", "Parallel Aware": true, "Scan Direction": "Forward", "Index Name": "idx_lineitem_orderkey", "Relation Name": "lineitem", "Alias": "lineitem", "Startup Cost": 0.56, "Total Cost": 2040970.48, "Plan Rows": 93450, "Plan Width": 15, "Filter": "((l_shipmode = ANY ('{RAIL,TRUCK}'::bpchar[])) AND (l_commitdate < l_receiptdate) AND (l_shipdate < l_commitdate) AND (l_receiptdate >= '1993-01-01'::date) AND (l_receiptdate < '1994-01-01 00:00:00'::timestamp without time zone))"}]}]}]}]}]}]}]}}, {"Plan": {"Node Type": "Limit", "Parallel Aware": false, "Startup Cost": 2553269.43, "Total Cost": 2553536.82, "Plan Rows": 1, "Plan Width": 27, "Plans": [{"Node Type": "Aggregate", "Strategy": "Sorted", "Partial Mode": "Finalize", "Parent Relationship": "Outer", "Parallel Aware": false, "Startup Cost": 2553269.43, "Total Cost": 2555141.19, "Plan Rows": 7, "Plan Width": 27, "Group Key": ["lineitem.l_shipmode"], "Plans": [{"Node Type": "Gather Merge", "Parent Relationship": "Outer", "Parallel Aware": false, "Startup Cost": 2553269.43, "Total Cost": 2555140.96, "Plan Rows": 21, "Plan Width": 27, "Workers Planned": 3, "Plans": [{"Node Type": "Aggregate", "Strategy": "Sorted", "Partial Mode": "Partial", "Parent Relationship": "Outer", "Parallel Aware": false, "Startup Cost": 2552269.39, "Total Cost": 2554138.46, "Plan Rows": 7, "Plan Width": 27, "Group Key": ["lineitem.l_shipmode"], "Plans": [{"Node Type": "Sort", "Parent Relationship": "Outer", "Parallel Aware": false, "Startup Cost": 2552269.39, "Total Cost": 2552503.01, "Plan Rows": 93450, "Plan Width": 27, "Sort Key": ["lineitem.l_shipmode"], "Plans": [{"Node Type": "Hash Join", "Parent Relationship": "Outer", "Parallel Aware": true, "Join Type": "Inner", "Startup Cost": 2042139.04, "Total Cost": 2544554.2, "Plan Rows": 93450, "Plan Width": 27, "Inner Unique": false, "Hash Cond": "(orders.o_orderkey = lineitem.l_orderkey)", "Plans": [{"Node Type": "Index Scan", "Parent Relationship": "Outer", "Parallel Aware": true, "Scan Direction": "Forward", "Index Name": "orders_pkey", "Relation Name": "orders", "Alias": "orders", "Startup Cost": 0.43, "Total Cost": 429537.29, "Plan Rows": 4838457, "Plan Width": 20}, {"Node Type": "Hash", "Parent Relationship": "Inner", "Parallel Aware": true, "Startup Cost": 2040970.48, "Total Cost": 2040970.48, "Plan Rows": 93450, "Plan Width": 15, "Plans": [{"Node Type": "Index Scan", "Parent Relationship": "Outer", "Parallel Aware": true, "Scan Direction": "Forward", "Index Name": "idx_lineitem_orderkey", "Relation Name": "lineitem", "Alias": "lineitem", "Startup Cost": 0.56, "Total Cost": 2040970.48, "Plan Rows": 93450, "Plan Width": 15, "Filter": "((l_shipmode = ANY ('{RAIL,TRUCK}'::bpchar[])) AND (l_commitdate < l_receiptdate) AND (l_shipdate < l_commitdate) AND (l_receiptdate >= '1993-01-01'::date) AND (l_receiptdate < '1994-01-01 00:00:00'::timestamp without time zone))"}]}]}]}]}]}]}]}}, {"Plan": {"Node Type": "Limit", "Parallel Aware": false, "Startup Cost": 2172666.13, "Total Cost": 2172933.53, "Plan Rows": 1, "Plan Width": 27, "Plans": [{"Node Type": "Aggregate", "Strategy": "Sorted", "Partial Mode": "Finalize", "Parent Relationship": "Outer", "Parallel Aware": false, "Startup Cost": 2172666.13, "Total Cost": 2174537.9, "Plan Rows": 7, "Plan Width": 27, "Group Key": ["lineitem.l_shipmode"], "Plans": [{"Node Type": "Gather Merge", "Parent Relationship": "Outer", "Parallel Aware": false, "Startup Cost": 2172666.13, "Total Cost": 2174537.67, "Plan Rows": 21, "Plan Width": 27, "Workers Planned": 3, "Plans": [{"Node Type": "Aggregate", "Strategy": "Sorted", "Partial Mode": "Partial", "Parent Relationship": "Outer", "Parallel Aware": false, "Startup Cost": 2171666.09, "Total Cost": 2173535.16, "Plan Rows": 7, "Plan Width": 27, "Group Key": ["lineitem.l_shipmode"], "Plans": [{"Node Type": "Sort", "Parent Relationship": "Outer", "Parallel Aware": false, "Startup Cost": 2171666.09, "Total Cost": 2171899.72, "Plan Rows": 93450, "Plan Width": 27, "Sort Key": ["lineitem.l_shipmode"], "Plans": [{"Node Type": "Nested Loop", "Parent Relationship": "Outer", "Parallel Aware": false, "Join Type": "Inner", "Startup Cost": 1.0, "Total Cost": 2163950.9, "Plan Rows": 93450, "Plan Width": 27, "Inner Unique": true, "Plans": [{"Node Type": "Index Scan", "Parent Relationship": "Outer", "Parallel Aware": true, "Scan Direction": "Forward", "Index Name": "idx_lineitem_orderkey", "Relation Name": "lineitem", "Alias": "lineitem", "Startup Cost": 0.56, "Total Cost": 2040970.48, "Plan Rows": 93450, "Plan Width": 15, "Filter": "((l_shipmode = ANY ('{RAIL,TRUCK}'::bpchar[])) AND (l_commitdate < l_receiptdate) AND (l_shipdate < l_commitdate) AND (l_receiptdate >= '1993-01-01'::date) AND (l_receiptdate < '1994-01-01 00:00:00'::timestamp without time zone))"}, {"Node Type": "Index Scan", "Parent Relationship": "Inner", "Parallel Aware": false, "Scan Direction": "Forward", "Index Name": "orders_pkey", "Relation Name": "orders", "Alias": "orders", "Startup Cost": 0.43, "Total Cost": 1.32, "Plan Rows": 1, "Plan Width": 20, "Index Cond": "(o_orderkey = lineitem.l_orderkey)"}]}]}]}]}]}]}}, {"Plan": {"Node Type": "Limit", "Parallel Aware": false, "Startup Cost": 1691618.29, "Total Cost": 1691885.68, "Plan Rows": 1, "Plan Width": 27, "Plans": [{"Node Type": "Aggregate", "Strategy": "Sorted", "Partial Mode": "Finalize", "Parent Relationship": "Outer", "Parallel Aware": false, "Startup Cost": 1691618.29, "Total Cost": 1693490.05, "Plan Rows": 7, "Plan Width": 27, "Group Key": ["lineitem.l_shipmode"], "Plans": [{"Node Type": "Gather Merge", "Parent Relationship": "Outer", "Parallel Aware": false, "Startup Cost": 1691618.29, "Total Cost": 1693489.83, "Plan Rows": 21, "Plan Width": 27, "Workers Planned": 3, "Plans": [{"Node Type": "Aggregate", "Strategy": "Sorted", "Partial Mode": "Partial", "Parent Relationship": "Outer", "Parallel Aware": false, "Startup Cost": 1690618.25, "Total Cost": 1692487.32, "Plan Rows": 7, "Plan Width": 27, "Group Key": ["lineitem.l_shipmode"], "Plans": [{"Node Type": "Sort", "Parent Relationship": "Outer", "Parallel Aware": false, "Startup Cost": 1690618.25, "Total Cost": 1690851.87, "Plan Rows": 93450, "Plan Width": 27, "Sort Key": ["lineitem.l_shipmode"], "Plans": [{"Node Type": "Nested Loop", "Parent Relationship": "Outer", "Parallel Aware": false, "Join Type": "Inner", "Startup Cost": 0.43, "Total Cost": 1682903.06, "Plan Rows": 93450, "Plan Width": 27, "Inner Unique": true, "Plans": [{"Node Type": "Seq Scan", "Parent Relationship": "Outer", "Parallel Aware": true, "Relation Name": "lineitem", "Alias": "lineitem", "Startup Cost": 0.0, "Total Cost": 1559922.63, "Plan Rows": 93450, "Plan Width": 15, "Filter": "((l_shipmode = ANY ('{RAIL,TRUCK}'::bpchar[])) AND (l_commitdate < l_receiptdate) AND (l_shipdate < l_commitdate) AND (l_receiptdate >= '1993-01-01'::date) AND (l_receiptdate < '1994-01-01 00:00:00'::timestamp without time zone))"}, {"Node Type": "Index Scan", "Parent Relationship": "Inner", "Parallel Aware": false, "Scan Direction": "Forward", "Index Name": "orders_pkey", "Relation Name": "orders", "Alias": "orders", "Startup Cost": 0.43, "Total Cost": 1.32, "Plan Rows": 1, "Plan Width": 20, "Index Cond": "(o_orderkey = lineitem.l_orderkey)"}]}]}]}]}]}]}}, {"Plan": {"Node Type": "Limit", "Parallel Aware": false, "Startup Cost": 1951980.86, "Total Cost": 1952248.26, "Plan Rows": 1, "Plan Width": 27, "Plans": [{"Node Type": "Aggregate", "Strategy": "Sorted", "Partial Mode": "Finalize", "Parent Relationship": "Outer", "Parallel Aware": false, "Startup Cost": 1951980.86, "Total Cost": 1953852.63, "Plan Rows": 7, "Plan Width": 27, "Group Key": ["lineitem.l_shipmode"], "Plans": [{"Node Type": "Gather Merge", "Parent Relationship": "Outer", "Parallel Aware": false, "Startup Cost": 1951980.86, "Total Cost": 1953852.4, "Plan Rows": 21, "Plan Width": 27, "Workers Planned": 3, "Plans": [{"Node Type": "Aggregate", "Strategy": "Sorted", "Partial Mode": "Partial", "Parent Relationship": "Outer", "Parallel Aware": false, "Startup Cost": 1950980.82, "Total Cost": 1952849.89, "Plan Rows": 7, "Plan Width": 27, "Group Key": ["lineitem.l_shipmode"], "Plans": [{"Node Type": "Sort", "Parent Relationship": "Outer", "Parallel Aware": false, "Startup Cost": 1950980.82, "Total Cost": 1951214.45, "Plan Rows": 93450, "Plan Width": 27, "Sort Key": ["lineitem.l_shipmode"], "Plans": [{"Node Type": "Hash Join", "Parent Relationship": "Outer", "Parallel Aware": true, "Join Type": "Inner", "Startup Cost": 1561090.76, "Total Cost": 1943265.63, "Plan Rows": 93450, "Plan Width": 27, "Inner Unique": false, "Hash Cond": "(orders.o_orderkey = lineitem.l_orderkey)", "Plans": [{"Node Type": "Seq Scan", "Parent Relationship": "Outer", "Parallel Aware": true, "Relation Name": "orders", "Alias": "orders", "Startup Cost": 0.0, "Total Cost": 309296.57, "Plan Rows": 4838457, "Plan Width": 20}, {"Node Type": "Hash", "Parent Relationship": "Inner", "Parallel Aware": true, "Startup Cost": 1559922.63, "Total Cost": 1559922.63, "Plan Rows": 93450, "Plan Width": 15, "Plans": [{"Node Type": "Seq Scan", "Parent Relationship": "Outer", "Parallel Aware": true, "Relation Name": "lineitem", "Alias": "lineitem", "Startup Cost": 0.0, "Total Cost": 1559922.63, "Plan Rows": 93450, "Plan Width": 15, "Filter": "((l_shipmode = ANY ('{RAIL,TRUCK}'::bpchar[])) AND (l_commitdate < l_receiptdate) AND (l_shipdate < l_commitdate) AND (l_receiptdate >= '1993-01-01'::date) AND (l_receiptdate < '1994-01-01 00:00:00'::timestamp without time zone))"}]}]}]}]}]}]}]}}, {"Plan": {"Node Type": "Limit", "Parallel Aware": false, "Startup Cost": 2172666.13, "Total Cost": 2172933.53, "Plan Rows": 1, "Plan Width": 27, "Plans": [{"Node Type": "Aggregate", "Strategy": "Sorted", "Partial Mode": "Finalize", "Parent Relationship": "Outer", "Parallel Aware": false, "Startup Cost": 2172666.13, "Total Cost": 2174537.9, "Plan Rows": 7, "Plan Width": 27, "Group Key": ["lineitem.l_shipmode"], "Plans": [{"Node Type": "Gather Merge", "Parent Relationship": "Outer", "Parallel Aware": false, "Startup Cost": 2172666.13, "Total Cost": 2174537.67, "Plan Rows": 21, "Plan Width": 27, "Workers Planned": 3, "Plans": [{"Node Type": "Aggregate", "Strategy": "Sorted", "Partial Mode": "Partial", "Parent Relationship": "Outer", "Parallel Aware": false, "Startup Cost": 2171666.09, "Total Cost": 2173535.16, "Plan Rows": 7, "Plan Width": 27, "Group Key": ["lineitem.l_shipmode"], "Plans": [{"Node Type": "Sort", "Parent Relationship": "Outer", "Parallel Aware": false, "Startup Cost": 2171666.09, "Total Cost": 2171899.72, "Plan Rows": 93450, "Plan Width": 27, "Sort Key": ["lineitem.l_shipmode"], "Plans": [{"Node Type": "Nested Loop", "Parent Relationship": "Outer", "Parallel Aware": false, "Join Type": "Inner", "Startup Cost": 1.0, "Total Cost": 2163950.9, "Plan Rows": 93450, "Plan Width": 27, "Inner Unique": true, "Plans": [{"Node Type": "Index Scan", "Parent Relationship": "Outer", "Parallel Aware": true, "Scan Direction": "Forward", "Index Name": "idx_lineitem_orderkey", "Relation Name": "lineitem", "Alias": "lineitem", "Startup Cost": 0.56, "Total Cost": 2040970.48, "Plan Rows": 93450, "Plan Width": 15, "Filter": "((l_shipmode = ANY ('{RAIL,TRUCK}'::bpchar[])) AND (l_commitdate < l_receiptdate) AND (l_shipdate < l_commitdate) AND (l_receiptdate >= '1993-01-01'::date) AND (l_receiptdate < '1994-01-01 00:00:00'::timestamp without time zone))"}, {"Node Type": "Index Scan", "Parent Relationship": "Inner", "Parallel Aware": false, "Scan Direction": "Forward", "Index Name": "orders_pkey", "Relation Name": "orders", "Alias": "orders", "Startup Cost": 0.43, "Total Cost": 1.32, "Plan Rows": 1, "Plan Width": 20, "Index Cond": "(o_orderkey = lineitem.l_orderkey)"}]}]}]}]}]}]}}, {"Plan": {"Node Type": "Limit", "Parallel Aware": false, "Startup Cost": 1691618.29, "Total Cost": 1691885.68, "Plan Rows": 1, "Plan Width": 27, "Plans": [{"Node Type": "Aggregate", "Strategy": "Sorted", "Partial Mode": "Finalize", "Parent Relationship": "Outer", "Parallel Aware": false, "Startup Cost": 1691618.29, "Total Cost": 1693490.05, "Plan Rows": 7, "Plan Width": 27, "Group Key": ["lineitem.l_shipmode"], "Plans": [{"Node Type": "Gather Merge", "Parent Relationship": "Outer", "Parallel Aware": false, "Startup Cost": 1691618.29, "Total Cost": 1693489.83, "Plan Rows": 21, "Plan Width": 27, "Workers Planned": 3, "Plans": [{"Node Type": "Aggregate", "Strategy": "Sorted", "Partial Mode": "Partial", "Parent Relationship": "Outer", "Parallel Aware": false, "Startup Cost": 1690618.25, "Total Cost": 1692487.32, "Plan Rows": 7, "Plan Width": 27, "Group Key": ["lineitem.l_shipmode"], "Plans": [{"Node Type": "Sort", "Parent Relationship": "Outer", "Parallel Aware": false, "Startup Cost": 1690618.25, "Total Cost": 1690851.87, "Plan Rows": 93450, "Plan Width": 27, "Sort Key": ["lineitem.l_shipmode"], "Plans": [{"Node Type": "Nested Loop", "Parent Relationship": "Outer", "Parallel Aware": false, "Join Type": "Inner", "Startup Cost": 0.43, "Total Cost": 1682903.06, "Plan Rows": 93450, "Plan Width": 27, "Inner Unique": true, "Plans": [{"Node Type": "Seq Scan", "Parent Relationship": "Outer", "Parallel Aware": true, "Relation Name": "lineitem", "Alias": "lineitem", "Startup Cost": 0.0, "Total Cost": 1559922.63, "Plan Rows": 93450, "Plan Width": 15, "Filter": "((l_shipmode = ANY ('{RAIL,TRUCK}'::bpchar[])) AND (l_commitdate < l_receiptdate) AND (l_shipdate < l_commitdate) AND (l_receiptdate >= '1993-01-01'::date) AND (l_receiptdate < '1994-01-01 00:00:00'::timestamp without time zone))"}, {"Node Type": "Index Scan", "Parent Relationship": "Inner", "Parallel Aware": false, "Scan Direction": "Forward", "Index Name": "orders_pkey", "Relation Name": "orders", "Alias": "orders", "Startup Cost": 0.43, "Total Cost": 1.32, "Plan Rows": 1, "Plan Width": 20, "Index Cond": "(o_orderkey = lineitem.l_orderkey)"}]}]}]}]}]}]}}, {"Plan": {"Node Type": "Limit", "Parallel Aware": false, "Startup Cost": 1951980.86, "Total Cost": 1952248.26, "Plan Rows": 1, "Plan Width": 27, "Plans": [{"Node Type": "Aggregate", "Strategy": "Sorted", "Partial Mode": "Finalize", "Parent Relationship": "Outer", "Parallel Aware": false, "Startup Cost": 1951980.86, "Total Cost": 1953852.63, "Plan Rows": 7, "Plan Width": 27, "Group Key": ["lineitem.l_shipmode"], "Plans": [{"Node Type": "Gather Merge", "Parent Relationship": "Outer", "Parallel Aware": false, "Startup Cost": 1951980.86, "Total Cost": 1953852.4, "Plan Rows": 21, "Plan Width": 27, "Workers Planned": 3, "Plans": [{"Node Type": "Aggregate", "Strategy": "Sorted", "Partial Mode": "Partial", "Parent Relationship": "Outer", "Parallel Aware": false, "Startup Cost": 1950980.82, "Total Cost": 1952849.89, "Plan Rows": 7, "Plan Width": 27, "Group Key": ["lineitem.l_shipmode"], "Plans": [{"Node Type": "Sort", "Parent Relationship": "Outer", "Parallel Aware": false, "Startup Cost": 1950980.82, "Total Cost": 1951214.45, "Plan Rows": 93450, "Plan Width": 27, "Sort Key": ["lineitem.l_shipmode"], "Plans": [{"Node Type": "Hash Join", "Parent Relationship": "Outer", "Parallel Aware": true, "Join Type": "Inner", "Startup Cost": 1561090.76, "Total Cost": 1943265.63, "Plan Rows": 93450, "Plan Width": 27, "Inner Unique": false, "Hash Cond": "(orders.o_orderkey = lineitem.l_orderkey)", "Plans": [{"Node Type": "Seq Scan", "Parent Relationship": "Outer", "Parallel Aware": true, "Relation Name": "orders", "Alias": "orders", "Startup Cost": 0.0, "Total Cost": 309296.57, "Plan Rows": 4838457, "Plan Width": 20}, {"Node Type": "Hash", "Parent Relationship": "Inner", "Parallel Aware": true, "Startup Cost": 1559922.63, "Total Cost": 1559922.63, "Plan Rows": 93450, "Plan Width": 15, "Plans": [{"Node Type": "Seq Scan", "Parent Relationship": "Outer", "Parallel Aware": true, "Relation Name": "lineitem", "Alias": "lineitem", "Startup Cost": 0.0, "Total Cost": 1559922.63, "Plan Rows": 93450, "Plan Width": 15, "Filter": "((l_shipmode = ANY ('{RAIL,TRUCK}'::bpchar[])) AND (l_commitdate < l_receiptdate) AND (l_shipdate < l_commitdate) AND (l_receiptdate >= '1993-01-01'::date) AND (l_receiptdate < '1994-01-01 00:00:00'::timestamp without time zone))"}]}]}]}]}]}]}]}}, {"Plan": {"Node Type": "Limit", "Parallel Aware": false, "Startup Cost": 1728570.79, "Total Cost": 1728838.19, "Plan Rows": 1, "Plan Width": 27, "Plans": [{"Node Type": "Aggregate", "Strategy": "Sorted", "Partial Mode": "Finalize", "Parent Relationship": "Outer", "Parallel Aware": false, "Startup Cost": 1728570.79, "Total Cost": 1730442.56, "Plan Rows": 7, "Plan Width": 27, "Group Key": ["lineitem.l_shipmode"], "Plans": [{"Node Type": "Gather Merge", "Parent Relationship": "Outer", "Parallel Aware": false, "Startup Cost": 1728570.79, "Total Cost": 1730442.33, "Plan Rows": 21, "Plan Width": 27, "Workers Planned": 3, "Plans": [{"Node Type": "Aggregate", "Strategy": "Sorted", "Partial Mode": "Partial", "Parent Relationship": "Outer", "Parallel Aware": false, "Startup Cost": 1727570.75, "Total Cost": 1729439.82, "Plan Rows": 7, "Plan Width": 27, "Group Key": ["lineitem.l_shipmode"], "Plans": [{"Node Type": "Sort", "Parent Relationship": "Outer", "Parallel Aware": false, "Startup Cost": 1727570.75, "Total Cost": 1727804.38, "Plan Rows": 93450, "Plan Width": 27, "Sort Key": ["lineitem.l_shipmode"], "Plans": [{"Node Type": "Nested Loop", "Parent Relationship": "Outer", "Parallel Aware": false, "Join Type": "Inner", "Startup Cost": 0.6, "Total Cost": 1719855.57, "Plan Rows": 93450, "Plan Width": 27, "Inner Unique": true, "Plans": [{"Node Type": "Seq Scan", "Parent Relationship": "Outer", "Parallel Aware": true, "Relation Name": "lineitem", "Alias": "lineitem", "Startup Cost": 0.0, "Total Cost": 1559922.63, "Plan Rows": 93450, "Plan Width": 15, "Filter": "((l_shipmode = ANY ('{RAIL,TRUCK}'::bpchar[])) AND (l_commitdate < l_receiptdate) AND (l_shipdate < l_commitdate) AND (l_receiptdate >= '1993-01-01'::date) AND (l_receiptdate < '1994-01-01 00:00:00'::timestamp without time zone))"}, {"Node Type": "Bitmap Heap Scan", "Parent Relationship": "Inner", "Parallel Aware": false, "Relation Name": "orders", "Alias": "orders", "Startup Cost": 0.6, "Total Cost": 1.71, "Plan Rows": 1, "Plan Width": 20, "Recheck Cond": "(o_orderkey = lineitem.l_orderkey)", "Plans": [{"Node Type": "Bitmap Index Scan", "Parent Relationship": "Outer", "Parallel Aware": false, "Index Name": "orders_pkey", "Startup Cost": 0.0, "Total Cost": 0.6, "Plan Rows": 1, "Plan Width": 0, "Index Cond": "(o_orderkey = lineitem.l_orderkey)"}]}]}]}]}]}]}]}}, {"Plan": {"Node Type": "Limit", "Parallel Aware": false, "Startup Cost": 1951980.86, "Total Cost": 1952248.26, "Plan Rows": 1, "Plan Width": 27, "Plans": [{"Node Type": "Aggregate", "Strategy": "Sorted", "Partial Mode": "Finalize", "Parent Relationship": "Outer", "Parallel Aware": false, "Startup Cost": 1951980.86, "Total Cost": 1953852.63, "Plan Rows": 7, "Plan Width": 27, "Group Key": ["lineitem.l_shipmode"], "Plans": [{"Node Type": "Gather Merge", "Parent Relationship": "Outer", "Parallel Aware": false, "Startup Cost": 1951980.86, "Total Cost": 1953852.4, "Plan Rows": 21, "Plan Width": 27, "Workers Planned": 3, "Plans": [{"Node Type": "Aggregate", "Strategy": "Sorted", "Partial Mode": "Partial", "Parent Relationship": "Outer", "Parallel Aware": false, "Startup Cost": 1950980.82, "Total Cost": 1952849.89, "Plan Rows": 7, "Plan Width": 27, "Group Key": ["lineitem.l_shipmode"], "Plans": [{"Node Type": "Sort", "Parent Relationship": "Outer", "Parallel Aware": false, "Startup Cost": 1950980.82, "Total Cost": 1951214.45, "Plan Rows": 93450, "Plan Width": 27, "Sort Key": ["lineitem.l_shipmode"], "Plans": [{"Node Type": "Hash Join", "Parent Relationship": "Outer", "Parallel Aware": true, "Join Type": "Inner", "Startup Cost": 1561090.76, "Total Cost": 1943265.63, "Plan Rows": 93450, "Plan Width": 27, "Inner Unique": false, "Hash Cond": "(orders.o_orderkey = lineitem.l_orderkey)", "Plans": [{"Node Type": "Seq Scan", "Parent Relationship": "Outer", "Parallel Aware": true, "Relation Name": "orders", "Alias": "orders", "Startup Cost": 0.0, "Total Cost": 309296.57, "Plan Rows": 4838457, "Plan Width": 20}, {"Node Type": "Hash", "Parent Relationship": "Inner", "Parallel Aware": true, "Startup Cost": 1559922.63, "Total Cost": 1559922.63, "Plan Rows": 93450, "Plan Width": 15, "Plans": [{"Node Type": "Seq Scan", "Parent Relationship": "Outer", "Parallel Aware": true, "Relation Name": "lineitem", "Alias": "lineitem", "Startup Cost": 0.0, "Total Cost": 1559922.63, "Plan Rows": 93450, "Plan Width": 15, "Filter": "((l_shipmode = ANY ('{RAIL,TRUCK}'::bpchar[])) AND (l_commitdate < l_receiptdate) AND (l_shipdate < l_commitdate) AND (l_receiptdate >= '1993-01-01'::date) AND (l_receiptdate < '1994-01-01 00:00:00'::timestamp without time zone))"}]}]}]}]}]}]}]}}, {"Plan": {"Node Type": "Limit", "Parallel Aware": false, "Startup Cost": 1728570.79, "Total Cost": 1728838.19, "Plan Rows": 1, "Plan Width": 27, "Plans": [{"Node Type": "Aggregate", "Strategy": "Sorted", "Partial Mode": "Finalize", "Parent Relationship": "Outer", "Parallel Aware": false, "Startup Cost": 1728570.79, "Total Cost": 1730442.56, "Plan Rows": 7, "Plan Width": 27, "Group Key": ["lineitem.l_shipmode"], "Plans": [{"Node Type": "Gather Merge", "Parent Relationship": "Outer", "Parallel Aware": false, "Startup Cost": 1728570.79, "Total Cost": 1730442.33, "Plan Rows": 21, "Plan Width": 27, "Workers Planned": 3, "Plans": [{"Node Type": "Aggregate", "Strategy": "Sorted", "Partial Mode": "Partial", "Parent Relationship": "Outer", "Parallel Aware": false, "Startup Cost": 1727570.75, "Total Cost": 1729439.82, "Plan Rows": 7, "Plan Width": 27, "Group Key": ["lineitem.l_shipmode"], "Plans": [{"Node Type": "Sort", "Parent Relationship": "Outer", "Parallel Aware": false, "Startup Cost": 1727570.75, "Total Cost": 1727804.38, "Plan Rows": 93450, "Plan Width": 27, "Sort Key": ["lineitem.l_shipmode"], "Plans": [{"Node Type": "Nested Loop", "Parent Relationship": "Outer", "Parallel Aware": false, "Join Type": "Inner", "Startup Cost": 0.6, "Total Cost": 1719855.57, "Plan Rows": 93450, "Plan Width": 27, "Inner Unique": true, "Plans": [{"Node Type": "Seq Scan", "Parent Relationship": "Outer", "Parallel Aware": true, "Relation Name": "lineitem", "Alias": "lineitem", "Startup Cost": 0.0, "Total Cost": 1559922.63, "Plan Rows": 93450, "Plan Width": 15, "Filter": "((l_shipmode = ANY ('{RAIL,TRUCK}'::bpchar[])) AND (l_commitdate < l_receiptdate) AND (l_shipdate < l_commitdate) AND (l_receiptdate >= '1993-01-01'::date) AND (l_receiptdate < '1994-01-01 00:00:00'::timestamp without time zone))"}, {"Node Type": "Bitmap Heap Scan", "Parent Relationship": "Inner", "Parallel Aware": false, "Relation Name": "orders", "Alias": "orders", "Startup Cost": 0.6, "Total Cost": 1.71, "Plan Rows": 1, "Plan Width": 20, "Recheck Cond": "(o_orderkey = lineitem.l_orderkey)", "Plans": [{"Node Type": "Bitmap Index Scan", "Parent Relationship": "Outer", "Parallel Aware": false, "Index Name": "orders_pkey", "Startup Cost": 0.0, "Total Cost": 0.6, "Plan Rows": 1, "Plan Width": 0, "Index Cond": "(o_orderkey = lineitem.l_orderkey)"}]}]}]}]}]}]}]}}, {"Plan": {"Node Type": "Limit", "Parallel Aware": false, "Startup Cost": 1951980.86, "Total Cost": 1952248.26, "Plan Rows": 1, "Plan Width": 27, "Plans": [{"Node Type": "Aggregate", "Strategy": "Sorted", "Partial Mode": "Finalize", "Parent Relationship": "Outer", "Parallel Aware": false, "Startup Cost": 1951980.86, "Total Cost": 1953852.63, "Plan Rows": 7, "Plan Width": 27, "Group Key": ["lineitem.l_shipmode"], "Plans": [{"Node Type": "Gather Merge", "Parent Relationship": "Outer", "Parallel Aware": false, "Startup Cost": 1951980.86, "Total Cost": 1953852.4, "Plan Rows": 21, "Plan Width": 27, "Workers Planned": 3, "Plans": [{"Node Type": "Aggregate", "Strategy": "Sorted", "Partial Mode": "Partial", "Parent Relationship": "Outer", "Parallel Aware": false, "Startup Cost": 1950980.82, "Total Cost": 1952849.89, "Plan Rows": 7, "Plan Width": 27, "Group Key": ["lineitem.l_shipmode"], "Plans": [{"Node Type": "Sort", "Parent Relationship": "Outer", "Parallel Aware": false, "Startup Cost": 1950980.82, "Total Cost": 1951214.45, "Plan Rows": 93450, "Plan Width": 27, "Sort Key": ["lineitem.l_shipmode"], "Plans": [{"Node Type": "Hash Join", "Parent Relationship": "Outer", "Parallel Aware": true, "Join Type": "Inner", "Startup Cost": 1561090.76, "Total Cost": 1943265.63, "Plan Rows": 93450, "Plan Width": 27, "Inner Unique": false, "Hash Cond": "(orders.o_orderkey = lineitem.l_orderkey)", "Plans": [{"Node Type": "Seq Scan", "Parent Relationship": "Outer", "Parallel Aware": true, "Relation Name": "orders", "Alias": "orders", "Startup Cost": 0.0, "Total Cost": 309296.57, "Plan Rows": 4838457, "Plan Width": 20}, {"Node Type": "Hash", "Parent Relationship": "Inner", "Parallel Aware": true, "Startup Cost": 1559922.63, "Total Cost": 1559922.63, "Plan Rows": 93450, "Plan Width": 15, "Plans": [{"Node Type": "Seq Scan", "Parent Relationship": "Outer", "Parallel Aware": true, "Relation Name": "lineitem", "Alias": "lineitem", "Startup Cost": 0.0, "Total Cost": 1559922.63, "Plan Rows": 93450, "Plan Width": 15, "Filter": "((l_shipmode = ANY ('{RAIL,TRUCK}'::bpchar[])) AND (l_commitdate < l_receiptdate) AND (l_shipdate < l_commitdate) AND (l_receiptdate >= '1993-01-01'::date) AND (l_receiptdate < '1994-01-01 00:00:00'::timestamp without time zone))"}]}]}]}]}]}]}]}}, {"Plan": {"Node Type": "Limit", "Parallel Aware": false, "Startup Cost": 2619496.16, "Total Cost": 2619763.55, "Plan Rows": 1, "Plan Width": 27, "Plans": [{"Node Type": "Aggregate", "Strategy": "Sorted", "Partial Mode": "Finalize", "Parent Relationship": "Outer", "Parallel Aware": false, "Startup Cost": 2619496.16, "Total Cost": 2621367.92, "Plan Rows": 7, "Plan Width": 27, "Group Key": ["lineitem.l_shipmode"], "Plans": [{"Node Type": "Gather Merge", "Parent Relationship": "Outer", "Parallel Aware": false, "Startup Cost": 2619496.16, "Total Cost": 2621367.69, "Plan Rows": 21, "Plan Width": 27, "Workers Planned": 3, "Plans": [{"Node Type": "Aggregate", "Strategy": "Sorted", "Partial Mode": "Partial", "Parent Relationship": "Outer", "Parallel Aware": false, "Startup Cost": 2618496.12, "Total Cost": 2620365.19, "Plan Rows": 7, "Plan Width": 27, "Group Key": ["lineitem.l_shipmode"], "Plans": [{"Node Type": "Sort", "Parent Relationship": "Outer", "Parallel Aware": false, "Startup Cost": 2618496.12, "Total Cost": 2618729.74, "Plan Rows": 93450, "Plan Width": 27, "Sort Key": ["lineitem.l_shipmode"], "Plans": [{"Node Type": "Merge Join", "Parent Relationship": "Outer", "Parallel Aware": false, "Join Type": "Inner", "Startup Cost": 44.69, "Total Cost": 2610780.93, "Plan Rows": 93450, "Plan Width": 27, "Inner Unique": true, "Merge Cond": "(lineitem.l_orderkey = orders.o_orderkey)", "Plans": [{"Node Type": "Index Scan", "Parent Relationship": "Outer", "Parallel Aware": true, "Scan Direction": "Forward", "Index Name": "idx_lineitem_orderkey", "Relation Name": "lineitem", "Alias": "lineitem", "Startup Cost": 0.56, "Total Cost": 2040970.48, "Plan Rows": 93450, "Plan Width": 15, "Filter": "((l_shipmode = ANY ('{RAIL,TRUCK}'::bpchar[])) AND (l_commitdate < l_receiptdate) AND (l_shipdate < l_commitdate) AND (l_receiptdate >= '1993-01-01'::date) AND (l_receiptdate < '1994-01-01 00:00:00'::timestamp without time zone))"}, {"Node Type": "Index Scan", "Parent Relationship": "Inner", "Parallel Aware": false, "Scan Direction": "Forward", "Index Name": "orders_pkey", "Relation Name": "orders", "Alias": "orders", "Startup Cost": 0.43, "Total Cost": 531144.89, "Plan Rows": 14999217, "Plan Width": 20}]}]}]}]}]}]}}, {"Plan": {"Node Type": "Limit", "Parallel Aware": false, "Startup Cost": 2172666.13, "Total Cost": 2172933.53, "Plan Rows": 1, "Plan Width": 27, "Plans": [{"Node Type": "Aggregate", "Strategy": "Sorted", "Partial Mode": "Finalize", "Parent Relationship": "Outer", "Parallel Aware": false, "Startup Cost": 2172666.13, "Total Cost": 2174537.9, "Plan Rows": 7, "Plan Width": 27, "Group Key": ["lineitem.l_shipmode"], "Plans": [{"Node Type": "Gather Merge", "Parent Relationship": "Outer", "Parallel Aware": false, "Startup Cost": 2172666.13, "Total Cost": 2174537.67, "Plan Rows": 21, "Plan Width": 27, "Workers Planned": 3, "Plans": [{"Node Type": "Aggregate", "Strategy": "Sorted", "Partial Mode": "Partial", "Parent Relationship": "Outer", "Parallel Aware": false, "Startup Cost": 2171666.09, "Total Cost": 2173535.16, "Plan Rows": 7, "Plan Width": 27, "Group Key": ["lineitem.l_shipmode"], "Plans": [{"Node Type": "Sort", "Parent Relationship": "Outer", "Parallel Aware": false, "Startup Cost": 2171666.09, "Total Cost": 2171899.72, "Plan Rows": 93450, "Plan Width": 27, "Sort Key": ["lineitem.l_shipmode"], "Plans": [{"Node Type": "Nested Loop", "Parent Relationship": "Outer", "Parallel Aware": false, "Join Type": "Inner", "Startup Cost": 1.0, "Total Cost": 2163950.9, "Plan Rows": 93450, "Plan Width": 27, "Inner Unique": true, "Plans": [{"Node Type": "Index Scan", "Parent Relationship": "Outer", "Parallel Aware": true, "Scan Direction": "Forward", "Index Name": "idx_lineitem_orderkey", "Relation Name": "lineitem", "Alias": "lineitem", "Startup Cost": 0.56, "Total Cost": 2040970.48, "Plan Rows": 93450, "Plan Width": 15, "Filter": "((l_shipmode = ANY ('{RAIL,TRUCK}'::bpchar[])) AND (l_commitdate < l_receiptdate) AND (l_shipdate < l_commitdate) AND (l_receiptdate >= '1993-01-01'::date) AND (l_receiptdate < '1994-01-01 00:00:00'::timestamp without time zone))"}, {"Node Type": "Index Scan", "Parent Relationship": "Inner", "Parallel Aware": false, "Scan Direction": "Forward", "Index Name": "orders_pkey", "Relation Name": "orders", "Alias": "orders", "Startup Cost": 0.43, "Total Cost": 1.32, "Plan Rows": 1, "Plan Width": 20, "Index Cond": "(o_orderkey = lineitem.l_orderkey)"}]}]}]}]}]}]}}, {"Plan": {"Node Type": "Limit", "Parallel Aware": false, "Startup Cost": 1691618.29, "Total Cost": 1691885.68, "Plan Rows": 1, "Plan Width": 27, "Plans": [{"Node Type": "Aggregate", "Strategy": "Sorted", "Partial Mode": "Finalize", "Parent Relationship": "Outer", "Parallel Aware": false, "Startup Cost": 1691618.29, "Total Cost": 1693490.05, "Plan Rows": 7, "Plan Width": 27, "Group Key": ["lineitem.l_shipmode"], "Plans": [{"Node Type": "Gather Merge", "Parent Relationship": "Outer", "Parallel Aware": false, "Startup Cost": 1691618.29, "Total Cost": 1693489.83, "Plan Rows": 21, "Plan Width": 27, "Workers Planned": 3, "Plans": [{"Node Type": "Aggregate", "Strategy": "Sorted", "Partial Mode": "Partial", "Parent Relationship": "Outer", "Parallel Aware": false, "Startup Cost": 1690618.25, "Total Cost": 1692487.32, "Plan Rows": 7, "Plan Width": 27, "Group Key": ["lineitem.l_shipmode"], "Plans": [{"Node Type": "Sort", "Parent Relationship": "Outer", "Parallel Aware": false, "Startup Cost": 1690618.25, "Total Cost": 1690851.87, "Plan Rows": 93450, "Plan Width": 27, "Sort Key": ["lineitem.l_shipmode"], "Plans": [{"Node Type": "Nested Loop", "Parent Relationship": "Outer", "Parallel Aware": false, "Join Type": "Inner", "Startup Cost": 0.43, "Total Cost": 1682903.06, "Plan Rows": 93450, "Plan Width": 27, "Inner Unique": true, "Plans": [{"Node Type": "Seq Scan", "Parent Relationship": "Outer", "Parallel Aware": true, "Relation Name": "lineitem", "Alias": "lineitem", "Startup Cost": 0.0, "Total Cost": 1559922.63, "Plan Rows": 93450, "Plan Width": 15, "Filter": "((l_shipmode = ANY ('{RAIL,TRUCK}'::bpchar[])) AND (l_commitdate < l_receiptdate) AND (l_shipdate < l_commitdate) AND (l_receiptdate >= '1993-01-01'::date) AND (l_receiptdate < '1994-01-01 00:00:00'::timestamp without time zone))"}, {"Node Type": "Index Scan", "Parent Relationship": "Inner", "Parallel Aware": false, "Scan Direction": "Forward", "Index Name": "orders_pkey", "Relation Name": "orders", "Alias": "orders", "Startup Cost": 0.43, "Total Cost": 1.32, "Plan Rows": 1, "Plan Width": 20, "Index Cond": "(o_orderkey = lineitem.l_orderkey)"}]}]}]}]}]}]}}, {"Plan": {"Node Type": "Limit", "Parallel Aware": false, "Startup Cost": 2194231.27, "Total Cost": 2194231.27, "Plan Rows": 1, "Plan Width": 27, "Plans": [{"Node Type": "Sort", "Parent Relationship": "Outer", "Parallel Aware": false, "Startup Cost": 2194231.27, "Total Cost": 2194231.28, "Plan Rows": 7, "Plan Width": 27, "Sort Key": ["lineitem.l_shipmode"], "Plans": [{"Node Type": "Aggregate", "Strategy": "Hashed", "Partial Mode": "Simple", "Parent Relationship": "Outer", "Parallel Aware": false, "Startup Cost": 2194231.16, "Total Cost": 2194231.23, "Plan Rows": 7, "Plan Width": 27, "Group Key": ["lineitem.l_shipmode"], "Plans": [{"Node Type": "Merge Join", "Parent Relationship": "Outer", "Parallel Aware": false, "Join Type": "Inner", "Startup Cost": 1616174.18, "Total Cost": 2189161.48, "Plan Rows": 289696, "Plan Width": 27, "Inner Unique": false, "Merge Cond": "(orders.o_orderkey = lineitem.l_orderkey)", "Plans": [{"Node Type": "Index Scan", "Parent Relationship": "Outer", "Parallel Aware": false, "Scan Direction": "Forward", "Index Name": "orders_pkey", "Relation Name": "orders", "Alias": "orders", "Startup Cost": 0.43, "Total Cost": 531144.89, "Plan Rows": 14999217, "Plan Width": 20}, {"Node Type": "Sort", "Parent Relationship": "Inner", "Parallel Aware": false, "Startup Cost": 1616173.71, "Total Cost": 1616897.95, "Plan Rows": 289696, "Plan Width": 15, "Sort Key": ["lineitem.l_orderkey"], "Plans": [{"Node Type": "Gather", "Parent Relationship": "Outer", "Parallel Aware": false, "Startup Cost": 1000.0, "Total Cost": 1589892.23, "Plan Rows": 289696, "Plan Width": 15, "Workers Planned": 3, "Single Copy": false, "Plans": [{"Node Type": "Seq Scan", "Parent Relationship": "Outer", "Parallel Aware": true, "Relation Name": "lineitem", "Alias": "lineitem", "Startup Cost": 0.0, "Total Cost": 1559922.63, "Plan Rows": 93450, "Plan Width": 15, "Filter": "((l_shipmode = ANY ('{RAIL,TRUCK}'::bpchar[])) AND (l_commitdate < l_receiptdate) AND (l_shipdate < l_commitdate) AND (l_receiptdate >= '1993-01-01'::date) AND (l_receiptdate < '1994-01-01 00:00:00'::timestamp without time zone))"}]}]}]}]}]}]}}, {"Plan": {"Node Type": "Limit", "Parallel Aware": false, "Startup Cost": 2172666.13, "Total Cost": 2172933.53, "Plan Rows": 1, "Plan Width": 27, "Plans": [{"Node Type": "Aggregate", "Strategy": "Sorted", "Partial Mode": "Finalize", "Parent Relationship": "Outer", "Parallel Aware": false, "Startup Cost": 2172666.13, "Total Cost": 2174537.9, "Plan Rows": 7, "Plan Width": 27, "Group Key": ["lineitem.l_shipmode"], "Plans": [{"Node Type": "Gather Merge", "Parent Relationship": "Outer", "Parallel Aware": false, "Startup Cost": 2172666.13, "Total Cost": 2174537.67, "Plan Rows": 21, "Plan Width": 27, "Workers Planned": 3, "Plans": [{"Node Type": "Aggregate", "Strategy": "Sorted", "Partial Mode": "Partial", "Parent Relationship": "Outer", "Parallel Aware": false, "Startup Cost": 2171666.09, "Total Cost": 2173535.16, "Plan Rows": 7, "Plan Width": 27, "Group Key": ["lineitem.l_shipmode"], "Plans": [{"Node Type": "Sort", "Parent Relationship": "Outer", "Parallel Aware": false, "Startup Cost": 2171666.09, "Total Cost": 2171899.72, "Plan Rows": 93450, "Plan Width": 27, "Sort Key": ["lineitem.l_shipmode"], "Plans": [{"Node Type": "Nested Loop", "Parent Relationship": "Outer", "Parallel Aware": false, "Join Type": "Inner", "Startup Cost": 1.0, "Total Cost": 2163950.9, "Plan Rows": 93450, "Plan Width": 27, "Inner Unique": true, "Plans": [{"Node Type": "Index Scan", "Parent Relationship": "Outer", "Parallel Aware": true, "Scan Direction": "Forward", "Index Name": "idx_lineitem_orderkey", "Relation Name": "lineitem", "Alias": "lineitem", "Startup Cost": 0.56, "Total Cost": 2040970.48, "Plan Rows": 93450, "Plan Width": 15, "Filter": "((l_shipmode = ANY ('{RAIL,TRUCK}'::bpchar[])) AND (l_commitdate < l_receiptdate) AND (l_shipdate < l_commitdate) AND (l_receiptdate >= '1993-01-01'::date) AND (l_receiptdate < '1994-01-01 00:00:00'::timestamp without time zone))"}, {"Node Type": "Index Scan", "Parent Relationship": "Inner", "Parallel Aware": false, "Scan Direction": "Forward", "Index Name": "orders_pkey", "Relation Name": "orders", "Alias": "orders", "Startup Cost": 0.43, "Total Cost": 1.32, "Plan Rows": 1, "Plan Width": 20, "Index Cond": "(o_orderkey = lineitem.l_orderkey)"}]}]}]}]}]}]}}, {"Plan": {"Node Type": "Limit", "Parallel Aware": false, "Startup Cost": 1691618.29, "Total Cost": 1691885.68, "Plan Rows": 1, "Plan Width": 27, "Plans": [{"Node Type": "Aggregate", "Strategy": "Sorted", "Partial Mode": "Finalize", "Parent Relationship": "Outer", "Parallel Aware": false, "Startup Cost": 1691618.29, "Total Cost": 1693490.05, "Plan Rows": 7, "Plan Width": 27, "Group Key": ["lineitem.l_shipmode"], "Plans": [{"Node Type": "Gather Merge", "Parent Relationship": "Outer", "Parallel Aware": false, "Startup Cost": 1691618.29, "Total Cost": 1693489.83, "Plan Rows": 21, "Plan Width": 27, "Workers Planned": 3, "Plans": [{"Node Type": "Aggregate", "Strategy": "Sorted", "Partial Mode": "Partial", "Parent Relationship": "Outer", "Parallel Aware": false, "Startup Cost": 1690618.25, "Total Cost": 1692487.32, "Plan Rows": 7, "Plan Width": 27, "Group Key": ["lineitem.l_shipmode"], "Plans": [{"Node Type": "Sort", "Parent Relationship": "Outer", "Parallel Aware": false, "Startup Cost": 1690618.25, "Total Cost": 1690851.87, "Plan Rows": 93450, "Plan Width": 27, "Sort Key": ["lineitem.l_shipmode"], "Plans": [{"Node Type": "Nested Loop", "Parent Relationship": "Outer", "Parallel Aware": false, "Join Type": "Inner", "Startup Cost": 0.43, "Total Cost": 1682903.06, "Plan Rows": 93450, "Plan Width": 27, "Inner Unique": true, "Plans": [{"Node Type": "Seq Scan", "Parent Relationship": "Outer", "Parallel Aware": true, "Relation Name": "lineitem", "Alias": "lineitem", "Startup Cost": 0.0, "Total Cost": 1559922.63, "Plan Rows": 93450, "Plan Width": 15, "Filter": "((l_shipmode = ANY ('{RAIL,TRUCK}'::bpchar[])) AND (l_commitdate < l_receiptdate) AND (l_shipdate < l_commitdate) AND (l_receiptdate >= '1993-01-01'::date) AND (l_receiptdate < '1994-01-01 00:00:00'::timestamp without time zone))"}, {"Node Type": "Index Scan", "Parent Relationship": "Inner", "Parallel Aware": false, "Scan Direction": "Forward", "Index Name": "orders_pkey", "Relation Name": "orders", "Alias": "orders", "Startup Cost": 0.43, "Total Cost": 1.32, "Plan Rows": 1, "Plan Width": 20, "Index Cond": "(o_orderkey = lineitem.l_orderkey)"}]}]}]}]}]}]}}, {"Plan": {"Node Type": "Limit", "Parallel Aware": false, "Startup Cost": 20003477345.09, "Total Cost": 20003478172.8, "Plan Rows": 1, "Plan Width": 27, "Plans": [{"Node Type": "Aggregate", "Strategy": "Sorted", "Partial Mode": "Simple", "Parent Relationship": "Outer", "Parallel Aware": false, "Startup Cost": 20003477345.09, "Total Cost": 20003483139.08, "Plan Rows": 7, "Plan Width": 27, "Group Key": ["lineitem.l_shipmode"], "Plans": [{"Node Type": "Sort", "Parent Relationship": "Outer", "Parallel Aware": false, "Startup Cost": 20003477345.09, "Total Cost": 20003478069.33, "Plan Rows": 289696, "Plan Width": 27, "Sort Key": ["lineitem.l_shipmode"], "Plans": [{"Node Type": "Nested Loop", "Parent Relationship": "Outer", "Parallel Aware": false, "Join Type": "Inner", "Startup Cost": 20000000001.16, "Total Cost": 20003451063.61, "Plan Rows": 289696, "Plan Width": 27, "Inner Unique": true, "Plans": [{"Node Type": "Index Scan", "Parent Relationship": "Outer", "Parallel Aware": false, "Scan Direction": "Forward", "Index Name": "idx_lineitem_orderkey", "Relation Name": "lineitem", "Alias": "lineitem", "Startup Cost": 10000000000.57, "Total Cost": 10002955269.81, "Plan Rows": 289696, "Plan Width": 15, "Filter": "((l_shipmode = ANY ('{RAIL,TRUCK}'::bpchar[])) AND (l_commitdate < l_receiptdate) AND (l_shipdate < l_commitdate) AND (l_receiptdate >= '1993-01-01'::date) AND (l_receiptdate < '1994-01-01 00:00:00'::timestamp without time zone))"}, {"Node Type": "Bitmap Heap Scan", "Parent Relationship": "Inner", "Parallel Aware": false, "Relation Name": "orders", "Alias": "orders", "Startup Cost": 0.6, "Total Cost": 1.71, "Plan Rows": 1, "Plan Width": 20, "Recheck Cond": "(o_orderkey = lineitem.l_orderkey)", "Plans": [{"Node Type": "Bitmap Index Scan", "Parent Relationship": "Outer", "Parallel Aware": false, "Index Name": "orders_pkey", "Startup Cost": 0.0, "Total Cost": 0.6, "Plan Rows": 1, "Plan Width": 0, "Index Cond": "(o_orderkey = lineitem.l_orderkey)"}]}]}]}]}]}}, {"Plan": {"Node Type": "Limit", "Parallel Aware": false, "Startup Cost": 10003477345.09, "Total Cost": 10003478172.8, "Plan Rows": 1, "Plan Width": 27, "Plans": [{"Node Type": "Aggregate", "Strategy": "Sorted", "Partial Mode": "Simple", "Parent Relationship": "Outer", "Parallel Aware": false, "Startup Cost": 10003477345.09, "Total Cost": 10003483139.08, "Plan Rows": 7, "Plan Width": 27, "Group Key": ["lineitem.l_shipmode"], "Plans": [{"Node Type": "Sort", "Parent Relationship": "Outer", "Parallel Aware": false, "Startup Cost": 10003477345.09, "Total Cost": 10003478069.33, "Plan Rows": 289696, "Plan Width": 27, "Sort Key": ["lineitem.l_shipmode"], "Plans": [{"Node Type": "Nested Loop", "Parent Relationship": "Outer", "Parallel Aware": false, "Join Type": "Inner", "Startup Cost": 10000000001.16, "Total Cost": 10003451063.61, "Plan Rows": 289696, "Plan Width": 27, "Inner Unique": true, "Plans": [{"Node Type": "Index Scan", "Parent Relationship": "Outer", "Parallel Aware": false, "Scan Direction": "Forward", "Index Name": "idx_lineitem_orderkey", "Relation Name": "lineitem", "Alias": "lineitem", "Startup Cost": 10000000000.57, "Total Cost": 10002955269.81, "Plan Rows": 289696, "Plan Width": 15, "Filter": "((l_shipmode = ANY ('{RAIL,TRUCK}'::bpchar[])) AND (l_commitdate < l_receiptdate) AND (l_shipdate < l_commitdate) AND (l_receiptdate >= '1993-01-01'::date) AND (l_receiptdate < '1994-01-01 00:00:00'::timestamp without time zone))"}, {"Node Type": "Bitmap Heap Scan", "Parent Relationship": "Inner", "Parallel Aware": false, "Relation Name": "orders", "Alias": "orders", "Startup Cost": 0.6, "Total Cost": 1.71, "Plan Rows": 1, "Plan Width": 20, "Recheck Cond": "(o_orderkey = lineitem.l_orderkey)", "Plans": [{"Node Type": "Bitmap Index Scan", "Parent Relationship": "Outer", "Parallel Aware": false, "Index Name": "orders_pkey", "Startup Cost": 0.0, "Total Cost": 0.6, "Plan Rows": 1, "Plan Width": 0, "Index Cond": "(o_orderkey = lineitem.l_orderkey)"}]}]}]}]}]}}, {"Plan": {"Node Type": "Limit", "Parallel Aware": false, "Startup Cost": 1728570.79, "Total Cost": 1728838.19, "Plan Rows": 1, "Plan Width": 27, "Plans": [{"Node Type": "Aggregate", "Strategy": "Sorted", "Partial Mode": "Finalize", "Parent Relationship": "Outer", "Parallel Aware": false, "Startup Cost": 1728570.79, "Total Cost": 1730442.56, "Plan Rows": 7, "Plan Width": 27, "Group Key": ["lineitem.l_shipmode"], "Plans": [{"Node Type": "Gather Merge", "Parent Relationship": "Outer", "Parallel Aware": false, "Startup Cost": 1728570.79, "Total Cost": 1730442.33, "Plan Rows": 21, "Plan Width": 27, "Workers Planned": 3, "Plans": [{"Node Type": "Aggregate", "Strategy": "Sorted", "Partial Mode": "Partial", "Parent Relationship": "Outer", "Parallel Aware": false, "Startup Cost": 1727570.75, "Total Cost": 1729439.82, "Plan Rows": 7, "Plan Width": 27, "Group Key": ["lineitem.l_shipmode"], "Plans": [{"Node Type": "Sort", "Parent Relationship": "Outer", "Parallel Aware": false, "Startup Cost": 1727570.75, "Total Cost": 1727804.38, "Plan Rows": 93450, "Plan Width": 27, "Sort Key": ["lineitem.l_shipmode"], "Plans": [{"Node Type": "Nested Loop", "Parent Relationship": "Outer", "Parallel Aware": false, "Join Type": "Inner", "Startup Cost": 0.6, "Total Cost": 1719855.57, "Plan Rows": 93450, "Plan Width": 27, "Inner Unique": true, "Plans": [{"Node Type": "Seq Scan", "Parent Relationship": "Outer", "Parallel Aware": true, "Relation Name": "lineitem", "Alias": "lineitem", "Startup Cost": 0.0, "Total Cost": 1559922.63, "Plan Rows": 93450, "Plan Width": 15, "Filter": "((l_shipmode = ANY ('{RAIL,TRUCK}'::bpchar[])) AND (l_commitdate < l_receiptdate) AND (l_shipdate < l_commitdate) AND (l_receiptdate >= '1993-01-01'::date) AND (l_receiptdate < '1994-01-01 00:00:00'::timestamp without time zone))"}, {"Node Type": "Bitmap Heap Scan", "Parent Relationship": "Inner", "Parallel Aware": false, "Relation Name": "orders", "Alias": "orders", "Startup Cost": 0.6, "Total Cost": 1.71, "Plan Rows": 1, "Plan Width": 20, "Recheck Cond": "(o_orderkey = lineitem.l_orderkey)", "Plans": [{"Node Type": "Bitmap Index Scan", "Parent Relationship": "Outer", "Parallel Aware": false, "Index Name": "orders_pkey", "Startup Cost": 0.0, "Total Cost": 0.6, "Plan Rows": 1, "Plan Width": 0, "Index Cond": "(o_orderkey = lineitem.l_orderkey)"}]}]}]}]}]}]}]}}, {"Plan": {"Node Type": "Limit", "Parallel Aware": false, "Startup Cost": 3440426.71, "Total Cost": 3440694.1, "Plan Rows": 1, "Plan Width": 27, "Plans": [{"Node Type": "Aggregate", "Strategy": "Sorted", "Partial Mode": "Finalize", "Parent Relationship": "Outer", "Parallel Aware": false, "Startup Cost": 3440426.71, "Total Cost": 3442298.47, "Plan Rows": 7, "Plan Width": 27, "Group Key": ["lineitem.l_shipmode"], "Plans": [{"Node Type": "Gather Merge", "Parent Relationship": "Outer", "Parallel Aware": false, "Startup Cost": 3440426.71, "Total Cost": 3442298.25, "Plan Rows": 21, "Plan Width": 27, "Workers Planned": 3, "Plans": [{"Node Type": "Aggregate", "Strategy": "Sorted", "Partial Mode": "Partial", "Parent Relationship": "Outer", "Parallel Aware": false, "Startup Cost": 3439426.67, "Total Cost": 3441295.74, "Plan Rows": 7, "Plan Width": 27, "Group Key": ["lineitem.l_shipmode"], "Plans": [{"Node Type": "Sort", "Parent Relationship": "Outer", "Parallel Aware": false, "Startup Cost": 3439426.67, "Total Cost": 3439660.29, "Plan Rows": 93450, "Plan Width": 27, "Sort Key": ["lineitem.l_shipmode"], "Plans": [{"Node Type": "Merge Join", "Parent Relationship": "Outer", "Parallel Aware": false, "Join Type": "Inner", "Startup Cost": 3405136.28, "Total Cost": 3431711.48, "Plan Rows": 93450, "Plan Width": 27, "Inner Unique": false, "Merge Cond": "(orders.o_orderkey = lineitem.l_orderkey)", "Plans": [{"Node Type": "Sort", "Parent Relationship": "Outer", "Parallel Aware": false, "Startup Cost": 904632.8, "Total Cost": 916728.94, "Plan Rows": 4838457, "Plan Width": 20, "Sort Key": ["orders.o_orderkey"], "Plans": [{"Node Type": "Seq Scan", "Parent Relationship": "Outer", "Parallel Aware": true, "Relation Name": "orders", "Alias": "orders", "Startup Cost": 0.0, "Total Cost": 309296.57, "Plan Rows": 4838457, "Plan Width": 20}]}, {"Node Type": "Sort", "Parent Relationship": "Inner", "Parallel Aware": false, "Startup Cost": 2500503.44, "Total Cost": 2501227.68, "Plan Rows": 289696, "Plan Width": 15, "Sort Key": ["lineitem.l_orderkey"], "Plans": [{"Node Type": "Seq Scan", "Parent Relationship": "Outer", "Parallel Aware": false, "Relation Name": "lineitem", "Alias": "lineitem", "Startup Cost": 0.0, "Total Cost": 2474221.96, "Plan Rows": 289696, "Plan Width": 15, "Filter": "((l_shipmode = ANY ('{RAIL,TRUCK}'::bpchar[])) AND (l_commitdate < l_receiptdate) AND (l_shipdate < l_commitdate) AND (l_receiptdate >= '1993-01-01'::date) AND (l_receiptdate < '1994-01-01 00:00:00'::timestamp without time zone))"}]}]}]}]}]}]}]}}, {"Plan": {"Node Type": "Limit", "Parallel Aware": false, "Startup Cost": 10003477345.09, "Total Cost": 10003478172.8, "Plan Rows": 1, "Plan Width": 27, "Plans": [{"Node Type": "Aggregate", "Strategy": "Sorted", "Partial Mode": "Simple", "Parent Relationship": "Outer", "Parallel Aware": false, "Startup Cost": 10003477345.09, "Total Cost": 10003483139.08, "Plan Rows": 7, "Plan Width": 27, "Group Key": ["lineitem.l_shipmode"], "Plans": [{"Node Type": "Sort", "Parent Relationship": "Outer", "Parallel Aware": false, "Startup Cost": 10003477345.09, "Total Cost": 10003478069.33, "Plan Rows": 289696, "Plan Width": 27, "Sort Key": ["lineitem.l_shipmode"], "Plans": [{"Node Type": "Nested Loop", "Parent Relationship": "Outer", "Parallel Aware": false, "Join Type": "Inner", "Startup Cost": 10000000001.16, "Total Cost": 10003451063.61, "Plan Rows": 289696, "Plan Width": 27, "Inner Unique": true, "Plans": [{"Node Type": "Index Scan", "Parent Relationship": "Outer", "Parallel Aware": false, "Scan Direction": "Forward", "Index Name": "idx_lineitem_orderkey", "Relation Name": "lineitem", "Alias": "lineitem", "Startup Cost": 10000000000.57, "Total Cost": 10002955269.81, "Plan Rows": 289696, "Plan Width": 15, "Filter": "((l_shipmode = ANY ('{RAIL,TRUCK}'::bpchar[])) AND (l_commitdate < l_receiptdate) AND (l_shipdate < l_commitdate) AND (l_receiptdate >= '1993-01-01'::date) AND (l_receiptdate < '1994-01-01 00:00:00'::timestamp without time zone))"}, {"Node Type": "Bitmap Heap Scan", "Parent Relationship": "Inner", "Parallel Aware": false, "Relation Name": "orders", "Alias": "orders", "Startup Cost": 0.6, "Total Cost": 1.71, "Plan Rows": 1, "Plan Width": 20, "Recheck Cond": "(o_orderkey = lineitem.l_orderkey)", "Plans": [{"Node Type": "Bitmap Index Scan", "Parent Relationship": "Outer", "Parallel Aware": false, "Index Name": "orders_pkey", "Startup Cost": 0.0, "Total Cost": 0.6, "Plan Rows": 1, "Plan Width": 0, "Index Cond": "(o_orderkey = lineitem.l_orderkey)"}]}]}]}]}]}}, {"Plan": {"Node Type": "Limit", "Parallel Aware": false, "Startup Cost": 1728570.79, "Total Cost": 1728838.19, "Plan Rows": 1, "Plan Width": 27, "Plans": [{"Node Type": "Aggregate", "Strategy": "Sorted", "Partial Mode": "Finalize", "Parent Relationship": "Outer", "Parallel Aware": false, "Startup Cost": 1728570.79, "Total Cost": 1730442.56, "Plan Rows": 7, "Plan Width": 27, "Group Key": ["lineitem.l_shipmode"], "Plans": [{"Node Type": "Gather Merge", "Parent Relationship": "Outer", "Parallel Aware": false, "Startup Cost": 1728570.79, "Total Cost": 1730442.33, "Plan Rows": 21, "Plan Width": 27, "Workers Planned": 3, "Plans": [{"Node Type": "Aggregate", "Strategy": "Sorted", "Partial Mode": "Partial", "Parent Relationship": "Outer", "Parallel Aware": false, "Startup Cost": 1727570.75, "Total Cost": 1729439.82, "Plan Rows": 7, "Plan Width": 27, "Group Key": ["lineitem.l_shipmode"], "Plans": [{"Node Type": "Sort", "Parent Relationship": "Outer", "Parallel Aware": false, "Startup Cost": 1727570.75, "Total Cost": 1727804.38, "Plan Rows": 93450, "Plan Width": 27, "Sort Key": ["lineitem.l_shipmode"], "Plans": [{"Node Type": "Nested Loop", "Parent Relationship": "Outer", "Parallel Aware": false, "Join Type": "Inner", "Startup Cost": 0.6, "Total Cost": 1719855.57, "Plan Rows": 93450, "Plan Width": 27, "Inner Unique": true, "Plans": [{"Node Type": "Seq Scan", "Parent Relationship": "Outer", "Parallel Aware": true, "Relation Name": "lineitem", "Alias": "lineitem", "Startup Cost": 0.0, "Total Cost": 1559922.63, "Plan Rows": 93450, "Plan Width": 15, "Filter": "((l_shipmode = ANY ('{RAIL,TRUCK}'::bpchar[])) AND (l_commitdate < l_receiptdate) AND (l_shipdate < l_commitdate) AND (l_receiptdate >= '1993-01-01'::date) AND (l_receiptdate < '1994-01-01 00:00:00'::timestamp without time zone))"}, {"Node Type": "Bitmap Heap Scan", "Parent Relationship": "Inner", "Parallel Aware": false, "Relation Name": "orders", "Alias": "orders", "Startup Cost": 0.6, "Total Cost": 1.71, "Plan Rows": 1, "Plan Width": 20, "Recheck Cond": "(o_orderkey = lineitem.l_orderkey)", "Plans": [{"Node Type": "Bitmap Index Scan", "Parent Relationship": "Outer", "Parallel Aware": false, "Index Name": "orders_pkey", "Startup Cost": 0.0, "Total Cost": 0.6, "Plan Rows": 1, "Plan Width": 0, "Index Cond": "(o_orderkey = lineitem.l_orderkey)"}]}]}]}]}]}]}]}}, {"Plan": {"Node Type": "Limit", "Parallel Aware": false, "Startup Cost": 2619496.16, "Total Cost": 2619763.55, "Plan Rows": 1, "Plan Width": 27, "Plans": [{"Node Type": "Aggregate", "Strategy": "Sorted", "Partial Mode": "Finalize", "Parent Relationship": "Outer", "Parallel Aware": false, "Startup Cost": 2619496.16, "Total Cost": 2621367.92, "Plan Rows": 7, "Plan Width": 27, "Group Key": ["lineitem.l_shipmode"], "Plans": [{"Node Type": "Gather Merge", "Parent Relationship": "Outer", "Parallel Aware": false, "Startup Cost": 2619496.16, "Total Cost": 2621367.69, "Plan Rows": 21, "Plan Width": 27, "Workers Planned": 3, "Plans": [{"Node Type": "Aggregate", "Strategy": "Sorted", "Partial Mode": "Partial", "Parent Relationship": "Outer", "Parallel Aware": false, "Startup Cost": 2618496.12, "Total Cost": 2620365.19, "Plan Rows": 7, "Plan Width": 27, "Group Key": ["lineitem.l_shipmode"], "Plans": [{"Node Type": "Sort", "Parent Relationship": "Outer", "Parallel Aware": false, "Startup Cost": 2618496.12, "Total Cost": 2618729.74, "Plan Rows": 93450, "Plan Width": 27, "Sort Key": ["lineitem.l_shipmode"], "Plans": [{"Node Type": "Merge Join", "Parent Relationship": "Outer", "Parallel Aware": false, "Join Type": "Inner", "Startup Cost": 44.69, "Total Cost": 2610780.93, "Plan Rows": 93450, "Plan Width": 27, "Inner Unique": true, "Merge Cond": "(lineitem.l_orderkey = orders.o_orderkey)", "Plans": [{"Node Type": "Index Scan", "Parent Relationship": "Outer", "Parallel Aware": true, "Scan Direction": "Forward", "Index Name": "idx_lineitem_orderkey", "Relation Name": "lineitem", "Alias": "lineitem", "Startup Cost": 0.56, "Total Cost": 2040970.48, "Plan Rows": 93450, "Plan Width": 15, "Filter": "((l_shipmode = ANY ('{RAIL,TRUCK}'::bpchar[])) AND (l_commitdate < l_receiptdate) AND (l_shipdate < l_commitdate) AND (l_receiptdate >= '1993-01-01'::date) AND (l_receiptdate < '1994-01-01 00:00:00'::timestamp without time zone))"}, {"Node Type": "Index Scan", "Parent Relationship": "Inner", "Parallel Aware": false, "Scan Direction": "Forward", "Index Name": "orders_pkey", "Relation Name": "orders", "Alias": "orders", "Startup Cost": 0.43, "Total Cost": 531144.89, "Plan Rows": 14999217, "Plan Width": 20}]}]}]}]}]}]}}, {"Plan": {"Node Type": "Limit", "Parallel Aware": false, "Startup Cost": 2172666.13, "Total Cost": 2172933.53, "Plan Rows": 1, "Plan Width": 27, "Plans": [{"Node Type": "Aggregate", "Strategy": "Sorted", "Partial Mode": "Finalize", "Parent Relationship": "Outer", "Parallel Aware": false, "Startup Cost": 2172666.13, "Total Cost": 2174537.9, "Plan Rows": 7, "Plan Width": 27, "Group Key": ["lineitem.l_shipmode"], "Plans": [{"Node Type": "Gather Merge", "Parent Relationship": "Outer", "Parallel Aware": false, "Startup Cost": 2172666.13, "Total Cost": 2174537.67, "Plan Rows": 21, "Plan Width": 27, "Workers Planned": 3, "Plans": [{"Node Type": "Aggregate", "Strategy": "Sorted", "Partial Mode": "Partial", "Parent Relationship": "Outer", "Parallel Aware": false, "Startup Cost": 2171666.09, "Total Cost": 2173535.16, "Plan Rows": 7, "Plan Width": 27, "Group Key": ["lineitem.l_shipmode"], "Plans": [{"Node Type": "Sort", "Parent Relationship": "Outer", "Parallel Aware": false, "Startup Cost": 2171666.09, "Total Cost": 2171899.72, "Plan Rows": 93450, "Plan Width": 27, "Sort Key": ["lineitem.l_shipmode"], "Plans": [{"Node Type": "Nested Loop", "Parent Relationship": "Outer", "Parallel Aware": false, "Join Type": "Inner", "Startup Cost": 1.0, "Total Cost": 2163950.9, "Plan Rows": 93450, "Plan Width": 27, "Inner Unique": true, "Plans": [{"Node Type": "Index Scan", "Parent Relationship": "Outer", "Parallel Aware": true, "Scan Direction": "Forward", "Index Name": "idx_lineitem_orderkey", "Relation Name": "lineitem", "Alias": "lineitem", "Startup Cost": 0.56, "Total Cost": 2040970.48, "Plan Rows": 93450, "Plan Width": 15, "Filter": "((l_shipmode = ANY ('{RAIL,TRUCK}'::bpchar[])) AND (l_commitdate < l_receiptdate) AND (l_shipdate < l_commitdate) AND (l_receiptdate >= '1993-01-01'::date) AND (l_receiptdate < '1994-01-01 00:00:00'::timestamp without time zone))"}, {"Node Type": "Index Scan", "Parent Relationship": "Inner", "Parallel Aware": false, "Scan Direction": "Forward", "Index Name": "orders_pkey", "Relation Name": "orders", "Alias": "orders", "Startup Cost": 0.43, "Total Cost": 1.32, "Plan Rows": 1, "Plan Width": 20, "Index Cond": "(o_orderkey = lineitem.l_orderkey)"}]}]}]}]}]}]}}, {"Plan": {"Node Type": "Limit", "Parallel Aware": false, "Startup Cost": 1691618.29, "Total Cost": 1691885.68, "Plan Rows": 1, "Plan Width": 27, "Plans": [{"Node Type": "Aggregate", "Strategy": "Sorted", "Partial Mode": "Finalize", "Parent Relationship": "Outer", "Parallel Aware": false, "Startup Cost": 1691618.29, "Total Cost": 1693490.05, "Plan Rows": 7, "Plan Width": 27, "Group Key": ["lineitem.l_shipmode"], "Plans": [{"Node Type": "Gather Merge", "Parent Relationship": "Outer", "Parallel Aware": false, "Startup Cost": 1691618.29, "Total Cost": 1693489.83, "Plan Rows": 21, "Plan Width": 27, "Workers Planned": 3, "Plans": [{"Node Type": "Aggregate", "Strategy": "Sorted", "Partial Mode": "Partial", "Parent Relationship": "Outer", "Parallel Aware": false, "Startup Cost": 1690618.25, "Total Cost": 1692487.32, "Plan Rows": 7, "Plan Width": 27, "Group Key": ["lineitem.l_shipmode"], "Plans": [{"Node Type": "Sort", "Parent Relationship": "Outer", "Parallel Aware": false, "Startup Cost": 1690618.25, "Total Cost": 1690851.87, "Plan Rows": 93450, "Plan Width": 27, "Sort Key": ["lineitem.l_shipmode"], "Plans": [{"Node Type": "Nested Loop", "Parent Relationship": "Outer", "Parallel Aware": false, "Join Type": "Inner", "Startup Cost": 0.43, "Total Cost": 1682903.06, "Plan Rows": 93450, "Plan Width": 27, "Inner Unique": true, "Plans": [{"Node Type": "Seq Scan", "Parent Relationship": "Outer", "Parallel Aware": true, "Relation Name": "lineitem", "Alias": "lineitem", "Startup Cost": 0.0, "Total Cost": 1559922.63, "Plan Rows": 93450, "Plan Width": 15, "Filter": "((l_shipmode = ANY ('{RAIL,TRUCK}'::bpchar[])) AND (l_commitdate < l_receiptdate) AND (l_shipdate < l_commitdate) AND (l_receiptdate >= '1993-01-01'::date) AND (l_receiptdate < '1994-01-01 00:00:00'::timestamp without time zone))"}, {"Node Type": "Index Scan", "Parent Relationship": "Inner", "Parallel Aware": false, "Scan Direction": "Forward", "Index Name": "orders_pkey", "Relation Name": "orders", "Alias": "orders", "Startup Cost": 0.43, "Total Cost": 1.32, "Plan Rows": 1, "Plan Width": 20, "Index Cond": "(o_orderkey = lineitem.l_orderkey)"}]}]}]}]}]}]}}, {"Plan": {"Node Type": "Limit", "Parallel Aware": false, "Startup Cost": 2194231.27, "Total Cost": 2194231.27, "Plan Rows": 1, "Plan Width": 27, "Plans": [{"Node Type": "Sort", "Parent Relationship": "Outer", "Parallel Aware": false, "Startup Cost": 2194231.27, "Total Cost": 2194231.28, "Plan Rows": 7, "Plan Width": 27, "Sort Key": ["lineitem.l_shipmode"], "Plans": [{"Node Type": "Aggregate", "Strategy": "Hashed", "Partial Mode": "Simple", "Parent Relationship": "Outer", "Parallel Aware": false, "Startup Cost": 2194231.16, "Total Cost": 2194231.23, "Plan Rows": 7, "Plan Width": 27, "Group Key": ["lineitem.l_shipmode"], "Plans": [{"Node Type": "Merge Join", "Parent Relationship": "Outer", "Parallel Aware": false, "Join Type": "Inner", "Startup Cost": 1616174.18, "Total Cost": 2189161.48, "Plan Rows": 289696, "Plan Width": 27, "Inner Unique": false, "Merge Cond": "(orders.o_orderkey = lineitem.l_orderkey)", "Plans": [{"Node Type": "Index Scan", "Parent Relationship": "Outer", "Parallel Aware": false, "Scan Direction": "Forward", "Index Name": "orders_pkey", "Relation Name": "orders", "Alias": "orders", "Startup Cost": 0.43, "Total Cost": 531144.89, "Plan Rows": 14999217, "Plan Width": 20}, {"Node Type": "Sort", "Parent Relationship": "Inner", "Parallel Aware": false, "Startup Cost": 1616173.71, "Total Cost": 1616897.95, "Plan Rows": 289696, "Plan Width": 15, "Sort Key": ["lineitem.l_orderkey"], "Plans": [{"Node Type": "Gather", "Parent Relationship": "Outer", "Parallel Aware": false, "Startup Cost": 1000.0, "Total Cost": 1589892.23, "Plan Rows": 289696, "Plan Width": 15, "Workers Planned": 3, "Single Copy": false, "Plans": [{"Node Type": "Seq Scan", "Parent Relationship": "Outer", "Parallel Aware": true, "Relation Name": "lineitem", "Alias": "lineitem", "Startup Cost": 0.0, "Total Cost": 1559922.63, "Plan Rows": 93450, "Plan Width": 15, "Filter": "((l_shipmode = ANY ('{RAIL,TRUCK}'::bpchar[])) AND (l_commitdate < l_receiptdate) AND (l_shipdate < l_commitdate) AND (l_receiptdate >= '1993-01-01'::date) AND (l_receiptdate < '1994-01-01 00:00:00'::timestamp without time zone))"}]}]}]}]}]}]}}, {"Plan": {"Node Type": "Limit", "Parallel Aware": false, "Startup Cost": 2172666.13, "Total Cost": 2172933.53, "Plan Rows": 1, "Plan Width": 27, "Plans": [{"Node Type": "Aggregate", "Strategy": "Sorted", "Partial Mode": "Finalize", "Parent Relationship": "Outer", "Parallel Aware": false, "Startup Cost": 2172666.13, "Total Cost": 2174537.9, "Plan Rows": 7, "Plan Width": 27, "Group Key": ["lineitem.l_shipmode"], "Plans": [{"Node Type": "Gather Merge", "Parent Relationship": "Outer", "Parallel Aware": false, "Startup Cost": 2172666.13, "Total Cost": 2174537.67, "Plan Rows": 21, "Plan Width": 27, "Workers Planned": 3, "Plans": [{"Node Type": "Aggregate", "Strategy": "Sorted", "Partial Mode": "Partial", "Parent Relationship": "Outer", "Parallel Aware": false, "Startup Cost": 2171666.09, "Total Cost": 2173535.16, "Plan Rows": 7, "Plan Width": 27, "Group Key": ["lineitem.l_shipmode"], "Plans": [{"Node Type": "Sort", "Parent Relationship": "Outer", "Parallel Aware": false, "Startup Cost": 2171666.09, "Total Cost": 2171899.72, "Plan Rows": 93450, "Plan Width": 27, "Sort Key": ["lineitem.l_shipmode"], "Plans": [{"Node Type": "Nested Loop", "Parent Relationship": "Outer", "Parallel Aware": false, "Join Type": "Inner", "Startup Cost": 1.0, "Total Cost": 2163950.9, "Plan Rows": 93450, "Plan Width": 27, "Inner Unique": true, "Plans": [{"Node Type": "Index Scan", "Parent Relationship": "Outer", "Parallel Aware": true, "Scan Direction": "Forward", "Index Name": "idx_lineitem_orderkey", "Relation Name": "lineitem", "Alias": "lineitem", "Startup Cost": 0.56, "Total Cost": 2040970.48, "Plan Rows": 93450, "Plan Width": 15, "Filter": "((l_shipmode = ANY ('{RAIL,TRUCK}'::bpchar[])) AND (l_commitdate < l_receiptdate) AND (l_shipdate < l_commitdate) AND (l_receiptdate >= '1993-01-01'::date) AND (l_receiptdate < '1994-01-01 00:00:00'::timestamp without time zone))"}, {"Node Type": "Index Scan", "Parent Relationship": "Inner", "Parallel Aware": false, "Scan Direction": "Forward", "Index Name": "orders_pkey", "Relation Name": "orders", "Alias": "orders", "Startup Cost": 0.43, "Total Cost": 1.32, "Plan Rows": 1, "Plan Width": 20, "Index Cond": "(o_orderkey = lineitem.l_orderkey)"}]}]}]}]}]}]}}, {"Plan": {"Node Type": "Limit", "Parallel Aware": false, "Startup Cost": 1691618.29, "Total Cost": 1691885.68, "Plan Rows": 1, "Plan Width": 27, "Plans": [{"Node Type": "Aggregate", "Strategy": "Sorted", "Partial Mode": "Finalize", "Parent Relationship": "Outer", "Parallel Aware": false, "Startup Cost": 1691618.29, "Total Cost": 1693490.05, "Plan Rows": 7, "Plan Width": 27, "Group Key": ["lineitem.l_shipmode"], "Plans": [{"Node Type": "Gather Merge", "Parent Relationship": "Outer", "Parallel Aware": false, "Startup Cost": 1691618.29, "Total Cost": 1693489.83, "Plan Rows": 21, "Plan Width": 27, "Workers Planned": 3, "Plans": [{"Node Type": "Aggregate", "Strategy": "Sorted", "Partial Mode": "Partial", "Parent Relationship": "Outer", "Parallel Aware": false, "Startup Cost": 1690618.25, "Total Cost": 1692487.32, "Plan Rows": 7, "Plan Width": 27, "Group Key": ["lineitem.l_shipmode"], "Plans": [{"Node Type": "Sort", "Parent Relationship": "Outer", "Parallel Aware": false, "Startup Cost": 1690618.25, "Total Cost": 1690851.87, "Plan Rows": 93450, "Plan Width": 27, "Sort Key": ["lineitem.l_shipmode"], "Plans": [{"Node Type": "Nested Loop", "Parent Relationship": "Outer", "Parallel Aware": false, "Join Type": "Inner", "Startup Cost": 0.43, "Total Cost": 1682903.06, "Plan Rows": 93450, "Plan Width": 27, "Inner Unique": true, "Plans": [{"Node Type": "Seq Scan", "Parent Relationship": "Outer", "Parallel Aware": true, "Relation Name": "lineitem", "Alias": "lineitem", "Startup Cost": 0.0, "Total Cost": 1559922.63, "Plan Rows": 93450, "Plan Width": 15, "Filter": "((l_shipmode = ANY ('{RAIL,TRUCK}'::bpchar[])) AND (l_commitdate < l_receiptdate) AND (l_shipdate < l_commitdate) AND (l_receiptdate >= '1993-01-01'::date) AND (l_receiptdate < '1994-01-01 00:00:00'::timestamp without time zone))"}, {"Node Type": "Index Scan", "Parent Relationship": "Inner", "Parallel Aware": false, "Scan Direction": "Forward", "Index Name": "orders_pkey", "Relation Name": "orders", "Alias": "orders", "Startup Cost": 0.43, "Total Cost": 1.32, "Plan Rows": 1, "Plan Width": 20, "Index Cond": "(o_orderkey = lineitem.l_orderkey)"}]}]}]}]}]}]}}, {"Plan": {"Node Type": "Limit", "Parallel Aware": false, "Startup Cost": 1728570.79, "Total Cost": 1728838.19, "Plan Rows": 1, "Plan Width": 27, "Plans": [{"Node Type": "Aggregate", "Strategy": "Sorted", "Partial Mode": "Finalize", "Parent Relationship": "Outer", "Parallel Aware": false, "Startup Cost": 1728570.79, "Total Cost": 1730442.56, "Plan Rows": 7, "Plan Width": 27, "Group Key": ["lineitem.l_shipmode"], "Plans": [{"Node Type": "Gather Merge", "Parent Relationship": "Outer", "Parallel Aware": false, "Startup Cost": 1728570.79, "Total Cost": 1730442.33, "Plan Rows": 21, "Plan Width": 27, "Workers Planned": 3, "Plans": [{"Node Type": "Aggregate", "Strategy": "Sorted", "Partial Mode": "Partial", "Parent Relationship": "Outer", "Parallel Aware": false, "Startup Cost": 1727570.75, "Total Cost": 1729439.82, "Plan Rows": 7, "Plan Width": 27, "Group Key": ["lineitem.l_shipmode"], "Plans": [{"Node Type": "Sort", "Parent Relationship": "Outer", "Parallel Aware": false, "Startup Cost": 1727570.75, "Total Cost": 1727804.38, "Plan Rows": 93450, "Plan Width": 27, "Sort Key": ["lineitem.l_shipmode"], "Plans": [{"Node Type": "Nested Loop", "Parent Relationship": "Outer", "Parallel Aware": false, "Join Type": "Inner", "Startup Cost": 0.6, "Total Cost": 1719855.57, "Plan Rows": 93450, "Plan Width": 27, "Inner Unique": true, "Plans": [{"Node Type": "Seq Scan", "Parent Relationship": "Outer", "Parallel Aware": true, "Relation Name": "lineitem", "Alias": "lineitem", "Startup Cost": 0.0, "Total Cost": 1559922.63, "Plan Rows": 93450, "Plan Width": 15, "Filter": "((l_shipmode = ANY ('{RAIL,TRUCK}'::bpchar[])) AND (l_commitdate < l_receiptdate) AND (l_shipdate < l_commitdate) AND (l_receiptdate >= '1993-01-01'::date) AND (l_receiptdate < '1994-01-01 00:00:00'::timestamp without time zone))"}, {"Node Type": "Bitmap Heap Scan", "Parent Relationship": "Inner", "Parallel Aware": false, "Relation Name": "orders", "Alias": "orders", "Startup Cost": 0.6, "Total Cost": 1.71, "Plan Rows": 1, "Plan Width": 20, "Recheck Cond": "(o_orderkey = lineitem.l_orderkey)", "Plans": [{"Node Type": "Bitmap Index Scan", "Parent Relationship": "Outer", "Parallel Aware": false, "Index Name": "orders_pkey", "Startup Cost": 0.0, "Total Cost": 0.6, "Plan Rows": 1, "Plan Width": 0, "Index Cond": "(o_orderkey = lineitem.l_orderkey)"}]}]}]}]}]}]}]}}, {"Plan": {"Node Type": "Limit", "Parallel Aware": false, "Startup Cost": 3440426.71, "Total Cost": 3440694.1, "Plan Rows": 1, "Plan Width": 27, "Plans": [{"Node Type": "Aggregate", "Strategy": "Sorted", "Partial Mode": "Finalize", "Parent Relationship": "Outer", "Parallel Aware": false, "Startup Cost": 3440426.71, "Total Cost": 3442298.47, "Plan Rows": 7, "Plan Width": 27, "Group Key": ["lineitem.l_shipmode"], "Plans": [{"Node Type": "Gather Merge", "Parent Relationship": "Outer", "Parallel Aware": false, "Startup Cost": 3440426.71, "Total Cost": 3442298.25, "Plan Rows": 21, "Plan Width": 27, "Workers Planned": 3, "Plans": [{"Node Type": "Aggregate", "Strategy": "Sorted", "Partial Mode": "Partial", "Parent Relationship": "Outer", "Parallel Aware": false, "Startup Cost": 3439426.67, "Total Cost": 3441295.74, "Plan Rows": 7, "Plan Width": 27, "Group Key": ["lineitem.l_shipmode"], "Plans": [{"Node Type": "Sort", "Parent Relationship": "Outer", "Parallel Aware": false, "Startup Cost": 3439426.67, "Total Cost": 3439660.29, "Plan Rows": 93450, "Plan Width": 27, "Sort Key": ["lineitem.l_shipmode"], "Plans": [{"Node Type": "Merge Join", "Parent Relationship": "Outer", "Parallel Aware": false, "Join Type": "Inner", "Startup Cost": 3405136.28, "Total Cost": 3431711.48, "Plan Rows": 93450, "Plan Width": 27, "Inner Unique": false, "Merge Cond": "(orders.o_orderkey = lineitem.l_orderkey)", "Plans": [{"Node Type": "Sort", "Parent Relationship": "Outer", "Parallel Aware": false, "Startup Cost": 904632.8, "Total Cost": 916728.94, "Plan Rows": 4838457, "Plan Width": 20, "Sort Key": ["orders.o_orderkey"], "Plans": [{"Node Type": "Seq Scan", "Parent Relationship": "Outer", "Parallel Aware": true, "Relation Name": "orders", "Alias": "orders", "Startup Cost": 0.0, "Total Cost": 309296.57, "Plan Rows": 4838457, "Plan Width": 20}]}, {"Node Type": "Sort", "Parent Relationship": "Inner", "Parallel Aware": false, "Startup Cost": 2500503.44, "Total Cost": 2501227.68, "Plan Rows": 289696, "Plan Width": 15, "Sort Key": ["lineitem.l_orderkey"], "Plans": [{"Node Type": "Seq Scan", "Parent Relationship": "Outer", "Parallel Aware": false, "Relation Name": "lineitem", "Alias": "lineitem", "Startup Cost": 0.0, "Total Cost": 2474221.96, "Plan Rows": 289696, "Plan Width": 15, "Filter": "((l_shipmode = ANY ('{RAIL,TRUCK}'::bpchar[])) AND (l_commitdate < l_receiptdate) AND (l_shipdate < l_commitdate) AND (l_receiptdate >= '1993-01-01'::date) AND (l_receiptdate < '1994-01-01 00:00:00'::timestamp without time zone))"}]}]}]}]}]}]}]}}, {"Plan": {"Node Type": "Limit", "Parallel Aware": false, "Startup Cost": 1728570.79, "Total Cost": 1728838.19, "Plan Rows": 1, "Plan Width": 27, "Plans": [{"Node Type": "Aggregate", "Strategy": "Sorted", "Partial Mode": "Finalize", "Parent Relationship": "Outer", "Parallel Aware": false, "Startup Cost": 1728570.79, "Total Cost": 1730442.56, "Plan Rows": 7, "Plan Width": 27, "Group Key": ["lineitem.l_shipmode"], "Plans": [{"Node Type": "Gather Merge", "Parent Relationship": "Outer", "Parallel Aware": false, "Startup Cost": 1728570.79, "Total Cost": 1730442.33, "Plan Rows": 21, "Plan Width": 27, "Workers Planned": 3, "Plans": [{"Node Type": "Aggregate", "Strategy": "Sorted", "Partial Mode": "Partial", "Parent Relationship": "Outer", "Parallel Aware": false, "Startup Cost": 1727570.75, "Total Cost": 1729439.82, "Plan Rows": 7, "Plan Width": 27, "Group Key": ["lineitem.l_shipmode"], "Plans": [{"Node Type": "Sort", "Parent Relationship": "Outer", "Parallel Aware": false, "Startup Cost": 1727570.75, "Total Cost": 1727804.38, "Plan Rows": 93450, "Plan Width": 27, "Sort Key": ["lineitem.l_shipmode"], "Plans": [{"Node Type": "Nested Loop", "Parent Relationship": "Outer", "Parallel Aware": false, "Join Type": "Inner", "Startup Cost": 0.6, "Total Cost": 1719855.57, "Plan Rows": 93450, "Plan Width": 27, "Inner Unique": true, "Plans": [{"Node Type": "Seq Scan", "Parent Relationship": "Outer", "Parallel Aware": true, "Relation Name": "lineitem", "Alias": "lineitem", "Startup Cost": 0.0, "Total Cost": 1559922.63, "Plan Rows": 93450, "Plan Width": 15, "Filter": "((l_shipmode = ANY ('{RAIL,TRUCK}'::bpchar[])) AND (l_commitdate < l_receiptdate) AND (l_shipdate < l_commitdate) AND (l_receiptdate >= '1993-01-01'::date) AND (l_receiptdate < '1994-01-01 00:00:00'::timestamp without time zone))"}, {"Node Type": "Bitmap Heap Scan", "Parent Relationship": "Inner", "Parallel Aware": false, "Relation Name": "orders", "Alias": "orders", "Startup Cost": 0.6, "Total Cost": 1.71, "Plan Rows": 1, "Plan Width": 20, "Recheck Cond": "(o_orderkey = lineitem.l_orderkey)", "Plans": [{"Node Type": "Bitmap Index Scan", "Parent Relationship": "Outer", "Parallel Aware": false, "Index Name": "orders_pkey", "Startup Cost": 0.0, "Total Cost": 0.6, "Plan Rows": 1, "Plan Width": 0, "Index Cond": "(o_orderkey = lineitem.l_orderkey)"}]}]}]}]}]}]}]}}, {"Plan": {"Node Type": "Limit", "Parallel Aware": false, "Startup Cost": 1691618.29, "Total Cost": 1691885.68, "Plan Rows": 1, "Plan Width": 27, "Plans": [{"Node Type": "Aggregate", "Strategy": "Sorted", "Partial Mode": "Finalize", "Parent Relationship": "Outer", "Parallel Aware": false, "Startup Cost": 1691618.29, "Total Cost": 1693490.05, "Plan Rows": 7, "Plan Width": 27, "Group Key": ["lineitem.l_shipmode"], "Plans": [{"Node Type": "Gather Merge", "Parent Relationship": "Outer", "Parallel Aware": false, "Startup Cost": 1691618.29, "Total Cost": 1693489.83, "Plan Rows": 21, "Plan Width": 27, "Workers Planned": 3, "Plans": [{"Node Type": "Aggregate", "Strategy": "Sorted", "Partial Mode": "Partial", "Parent Relationship": "Outer", "Parallel Aware": false, "Startup Cost": 1690618.25, "Total Cost": 1692487.32, "Plan Rows": 7, "Plan Width": 27, "Group Key": ["lineitem.l_shipmode"], "Plans": [{"Node Type": "Sort", "Parent Relationship": "Outer", "Parallel Aware": false, "Startup Cost": 1690618.25, "Total Cost": 1690851.87, "Plan Rows": 93450, "Plan Width": 27, "Sort Key": ["lineitem.l_shipmode"], "Plans": [{"Node Type": "Nested Loop", "Parent Relationship": "Outer", "Parallel Aware": false, "Join Type": "Inner", "Startup Cost": 0.43, "Total Cost": 1682903.06, "Plan Rows": 93450, "Plan Width": 27, "Inner Unique": true, "Plans": [{"Node Type": "Seq Scan", "Parent Relationship": "Outer", "Parallel Aware": true, "Relation Name": "lineitem", "Alias": "lineitem", "Startup Cost": 0.0, "Total Cost": 1559922.63, "Plan Rows": 93450, "Plan Width": 15, "Filter": "((l_shipmode = ANY ('{RAIL,TRUCK}'::bpchar[])) AND (l_commitdate < l_receiptdate) AND (l_shipdate < l_commitdate) AND (l_receiptdate >= '1993-01-01'::date) AND (l_receiptdate < '1994-01-01 00:00:00'::timestamp without time zone))"}, {"Node Type": "Index Scan", "Parent Relationship": "Inner", "Parallel Aware": false, "Scan Direction": "Forward", "Index Name": "orders_pkey", "Relation Name": "orders", "Alias": "orders", "Startup Cost": 0.43, "Total Cost": 1.32, "Plan Rows": 1, "Plan Width": 20, "Index Cond": "(o_orderkey = lineitem.l_orderkey)"}]}]}]}]}]}]}}]