[{"Plan": {"Node Type": "Limit", "Parallel Aware": false, "Startup Cost": 20003560015.38, "Total Cost": 20003560015.38, "Plan Rows": 1, "Plan Width": 16, "Plans": [{"Node Type": "Sort", "Parent Relationship": "Outer", "Parallel Aware": false, "Startup Cost": 20003560015.38, "Total Cost": 20003560015.88, "Plan Rows": 200, "Plan Width": 16, "Sort Key": ["(count(*)) DESC", "c_orders.c_count DESC"], "Plans": [{"Node Type": "Aggregate", "Strategy": "Sorted", "Partial Mode": "Simple", "Parent Relationship": "Outer", "Parallel Aware": false, "Startup Cost": 20003548762.38, "Total Cost": 20003560014.38, "Plan Rows": 200, "Plan Width": 16, "Group Key": ["c_orders.c_count"], "Plans": [{"Node Type": "Sort", "Parent Relationship": "Outer", "Parallel Aware": false, "Startup Cost": 20003548762.38, "Total Cost": 20003552512.38, "Plan Rows": 1500000, "Plan Width": 8, "Sort Key": ["c_orders.c_count DESC"], "Plans": [{"Node Type": "Subquery Scan", "Parent Relationship": "Outer", "Parallel Aware": false, "Alias": "c_orders", "Startup Cost": 20000000001.03, "Total Cost": 20003382875.39, "Plan Rows": 1500000, "Plan Width": 8, "Plans": [{"Node Type": "Aggregate", "Strategy": "Sorted", "Partial Mode": "Simple", "Parent Relationship": "Subquery", "Parallel Aware": false, "Startup Cost": 20000000001.03, "Total Cost": 20003367875.39, "Plan Rows": 1500000, "Plan Width": 12, "Group Key": ["customer.c_custkey"], "Plans": [{"Node Type": "Nested Loop", "Parent Relationship": "Outer", "Parallel Aware": false, "Join Type": "Left", "Startup Cost": 20000000001.03, "Total Cost": 20003279532.53, "Plan Rows": 14668573, "Plan Width": 8, "Inner Unique": false, "Plans": [{"Node Type": "Index Only Scan", "Parent Relationship": "Outer", "Parallel Aware": false, "Scan Direction": "Forward", "Index Name": "customer_pkey", "Relation Name": "customer", "Alias": "customer", "Startup Cost": 10000000000.43, "Total Cost": 10000062855.13, "Plan Rows": 1500000, "Plan Width": 4}, {"Node Type": "Bitmap Heap Scan", "Parent Relationship": "Inner", "Parallel Aware": false, "Relation Name": "orders", "Alias": "orders", "Startup Cost": 0.6, "Total Cost": 1.97, "Plan Rows": 17, "Plan Width": 8, "Recheck Cond": "(customer.c_custkey = o_custkey)", "Filter": "((o_comment)::text !~~ '%unusual%accounts%'::text)", "Plans": [{"Node Type": "Bitmap Index Scan", "Parent Relationship": "Outer", "Parallel Aware": false, "Index Name": "idx_orders_custkey", "Startup Cost": 0.0, "Total Cost": 0.6, "Plan Rows": 18, "Plan Width": 0, "Index Cond": "(o_custkey = customer.c_custkey)"}]}]}]}]}]}]}]}]}}, {"Plan": {"Node Type": "Limit", "Parallel Aware": false, "Startup Cost": 1843223.88, "Total Cost": 1843223.88, "Plan Rows": 1, "Plan Width": 16, "Plans": [{"Node Type": "Sort", "Parent Relationship": "Outer", "Parallel Aware": false, "Startup Cost": 1843223.88, "Total Cost": 1843224.38, "Plan Rows": 200, "Plan Width": 16, "Sort Key": ["(count(*)) DESC", "(count(orders.o_orderkey)) DESC"], "Plans": [{"Node Type": "Aggregate", "Strategy": "Hashed", "Partial Mode": "Simple", "Parent Relationship": "Outer", "Parallel Aware": false, "Startup Cost": 1843220.88, "Total Cost": 1843222.88, "Plan Rows": 200, "Plan Width": 16, "Group Key": ["count(orders.o_orderkey)"], "Plans": [{"Node Type": "Aggregate", "Strategy": "Sorted", "Partial Mode": "Finalize", "Parent Relationship": "Outer", "Parallel Aware": false, "Startup Cost": 1203982.39, "Total Cost": 1820720.88, "Plan Rows": 1500000, "Plan Width": 12, "Group Key": ["customer.c_custkey"], "Plans": [{"Node Type": "Gather Merge", "Parent Relationship": "Outer", "Parallel Aware": false, "Startup Cost": 1203982.39, "Total Cost": 1783220.88, "Plan Rows": 4500000, "Plan Width": 12, "Workers Planned": 3, "Plans": [{"Node Type": "Aggregate", "Strategy": "Sorted", "Partial Mode": "Partial", "Parent Relationship": "Outer", "Parallel Aware": false, "Startup Cost": 1202982.35, "Total Cost": 1253470.84, "Plan Rows": 1500000, "Plan Width": 12, "Group Key": ["customer.c_custkey"], "Plans": [{"Node Type": "Sort", "Parent Relationship": "Outer", "Parallel Aware": false, "Startup Cost": 1202982.35, "Total Cost": 1214811.85, "Plan Rows": 4731798, "Plan Width": 8, "Sort Key": ["customer.c_custkey"], "Plans": [{"Node Type": "Hash Join", "Parent Relationship": "Outer", "Parallel Aware": true, "Join Type": "Left", "Startup Cost": 545414.73, "Total Cost": 640476.72, "Plan Rows": 4731798, "Plan Width": 8, "Inner Unique": false, "Hash Cond": "(customer.c_custkey = orders.o_custkey)", "Plans": [{"Node Type": "Index Only Scan", "Parent Relationship": "Outer", "Parallel Aware": true, "Scan Direction": "Forward", "Index Name": "customer_pkey", "Relation Name": "customer", "Alias": "customer", "Startup Cost": 0.43, "Total Cost": 52693.84, "Plan Rows": 483871, "Plan Width": 4}, {"Node Type": "Hash", "Parent Relationship": "Inner", "Parallel Aware": true, "Startup Cost": 467782.83, "Total Cost": 467782.83, "Plan Rows": 4731798, "Plan Width": 8, "Plans": [{"Node Type": "Index Scan", "Parent Relationship": "Outer", "Parallel Aware": true, "Scan Direction": "Forward", "Index Name": "idx_orders_custkey", "Relation Name": "orders", "Alias": "orders", "Startup Cost": 0.43, "Total Cost": 467782.83, "Plan Rows": 4731798, "Plan Width": 8, "Filter": "((o_comment)::text !~~ '%unusual%accounts%'::text)"}]}]}]}]}]}]}]}]}]}}, {"Plan": {"Node Type": "Limit", "Parallel Aware": false, "Startup Cost": 955600.48, "Total Cost": 955600.49, "Plan Rows": 1, "Plan Width": 16, "Plans": [{"Node Type": "Sort", "Parent Relationship": "Outer", "Parallel Aware": false, "Startup Cost": 955600.48, "Total Cost": 955600.98, "Plan Rows": 200, "Plan Width": 16, "Sort Key": ["(count(*)) DESC", "(count(orders.o_orderkey)) DESC"], "Plans": [{"Node Type": "Aggregate", "Strategy": "Hashed", "Partial Mode": "Simple", "Parent Relationship": "Outer", "Parallel Aware": false, "Startup Cost": 955597.48, "Total Cost": 955599.48, "Plan Rows": 200, "Plan Width": 16, "Group Key": ["count(orders.o_orderkey)"], "Plans": [{"Node Type": "Aggregate", "Strategy": "Sorted", "Partial Mode": "Simple", "Parent Relationship": "Outer", "Parallel Aware": false, "Startup Cost": 4.87, "Total Cost": 933097.48, "Plan Rows": 1500000, "Plan Width": 12, "Group Key": ["customer.c_custkey"], "Plans": [{"Node Type": "Merge Join", "Parent Relationship": "Outer", "Parallel Aware": false, "Join Type": "Left", "Startup Cost": 4.87, "Total Cost": 844754.62, "Plan Rows": 14668573, "Plan Width": 8, "Inner Unique": false, "Merge Cond": "(customer.c_custkey = orders.o_custkey)", "Plans": [{"Node Type": "Index Only Scan", "Parent Relationship": "Outer", "Parallel Aware": false, "Scan Direction": "Forward", "Index Name": "customer_pkey", "Relation Name": "customer", "Alias": "customer", "Startup Cost": 0.43, "Total Cost": 62855.13, "Plan Rows": 1500000, "Plan Width": 4}, {"Node Type": "Index Scan", "Parent Relationship": "Inner", "Parallel Aware": false, "Scan Direction": "Forward", "Index Name": "idx_orders_custkey", "Relation Name": "orders", "Alias": "orders", "Startup Cost": 0.43, "Total Cost": 594792.33, "Plan Rows": 14668573, "Plan Width": 8, "Filter": "((o_comment)::text !~~ '%unusual%accounts%'::text)"}]}]}]}]}]}}, {"Plan": {"Node Type": "Limit", "Parallel Aware": false, "Startup Cost": 955600.48, "Total Cost": 955600.49, "Plan Rows": 1, "Plan Width": 16, "Plans": [{"Node Type": "Sort", "Parent Relationship": "Outer", "Parallel Aware": false, "Startup Cost": 955600.48, "Total Cost": 955600.98, "Plan Rows": 200, "Plan Width": 16, "Sort Key": ["(count(*)) DESC", "(count(orders.o_orderkey)) DESC"], "Plans": [{"Node Type": "Aggregate", "Strategy": "Hashed", "Partial Mode": "Simple", "Parent Relationship": "Outer", "Parallel Aware": false, "Startup Cost": 955597.48, "Total Cost": 955599.48, "Plan Rows": 200, "Plan Width": 16, "Group Key": ["count(orders.o_orderkey)"], "Plans": [{"Node Type": "Aggregate", "Strategy": "Sorted", "Partial Mode": "Simple", "Parent Relationship": "Outer", "Parallel Aware": false, "Startup Cost": 4.87, "Total Cost": 933097.48, "Plan Rows": 1500000, "Plan Width": 12, "Group Key": ["customer.c_custkey"], "Plans": [{"Node Type": "Merge Join", "Parent Relationship": "Outer", "Parallel Aware": false, "Join Type": "Left", "Startup Cost": 4.87, "Total Cost": 844754.62, "Plan Rows": 14668573, "Plan Width": 8, "Inner Unique": false, "Merge Cond": "(customer.c_custkey = orders.o_custkey)", "Plans": [{"Node Type": "Index Only Scan", "Parent Relationship": "Outer", "Parallel Aware": false, "Scan Direction": "Forward", "Index Name": "customer_pkey", "Relation Name": "customer", "Alias": "customer", "Startup Cost": 0.43, "Total Cost": 62855.13, "Plan Rows": 1500000, "Plan Width": 4}, {"Node Type": "Index Scan", "Parent Relationship": "Inner", "Parallel Aware": false, "Scan Direction": "Forward", "Index Name": "idx_orders_custkey", "Relation Name": "orders", "Alias": "orders", "Startup Cost": 0.43, "Total Cost": 594792.33, "Plan Rows": 14668573, "Plan Width": 8, "Filter": "((o_comment)::text !~~ '%unusual%accounts%'::text)"}]}]}]}]}]}}, {"Plan": {"Node Type": "Limit", "Parallel Aware": false, "Startup Cost": 955600.48, "Total Cost": 955600.49, "Plan Rows": 1, "Plan Width": 16, "Plans": [{"Node Type": "Sort", "Parent Relationship": "Outer", "Parallel Aware": false, "Startup Cost": 955600.48, "Total Cost": 955600.98, "Plan Rows": 200, "Plan Width": 16, "Sort Key": ["(count(*)) DESC", "(count(orders.o_orderkey)) DESC"], "Plans": [{"Node Type": "Aggregate", "Strategy": "Hashed", "Partial Mode": "Simple", "Parent Relationship": "Outer", "Parallel Aware": false, "Startup Cost": 955597.48, "Total Cost": 955599.48, "Plan Rows": 200, "Plan Width": 16, "Group Key": ["count(orders.o_orderkey)"], "Plans": [{"Node Type": "Aggregate", "Strategy": "Sorted", "Partial Mode": "Simple", "Parent Relationship": "Outer", "Parallel Aware": false, "Startup Cost": 4.87, "Total Cost": 933097.48, "Plan Rows": 1500000, "Plan Width": 12, "Group Key": ["customer.c_custkey"], "Plans": [{"Node Type": "Merge Join", "Parent Relationship": "Outer", "Parallel Aware": false, "Join Type": "Left", "Startup Cost": 4.87, "Total Cost": 844754.62, "Plan Rows": 14668573, "Plan Width": 8, "Inner Unique": false, "Merge Cond": "(customer.c_custkey = orders.o_custkey)", "Plans": [{"Node Type": "Index Only Scan", "Parent Relationship": "Outer", "Parallel Aware": false, "Scan Direction": "Forward", "Index Name": "customer_pkey", "Relation Name": "customer", "Alias": "customer", "Startup Cost": 0.43, "Total Cost": 62855.13, "Plan Rows": 1500000, "Plan Width": 4}, {"Node Type": "Index Scan", "Parent Relationship": "Inner", "Parallel Aware": false, "Scan Direction": "Forward", "Index Name": "idx_orders_custkey", "Relation Name": "orders", "Alias": "orders", "Startup Cost": 0.43, "Total Cost": 594792.33, "Plan Rows": 14668573, "Plan Width": 8, "Filter": "((o_comment)::text !~~ '%unusual%accounts%'::text)"}]}]}]}]}]}}, {"Plan": {"Node Type": "Limit", "Parallel Aware": false, "Startup Cost": 1255236.74, "Total Cost": 1255236.75, "Plan Rows": 1, "Plan Width": 16, "Plans": [{"Node Type": "Sort", "Parent Relationship": "Outer", "Parallel Aware": false, "Startup Cost": 1255236.74, "Total Cost": 1255237.24, "Plan Rows": 200, "Plan Width": 16, "Sort Key": ["(count(*)) DESC", "(count(orders.o_orderkey)) DESC"], "Plans": [{"Node Type": "Aggregate", "Strategy": "Hashed", "Partial Mode": "Simple", "Parent Relationship": "Outer", "Parallel Aware": false, "Startup Cost": 1255233.74, "Total Cost": 1255235.74, "Plan Rows": 200, "Plan Width": 16, "Group Key": ["count(orders.o_orderkey)"], "Plans": [{"Node Type": "Aggregate", "Strategy": "Sorted", "Partial Mode": "Finalize", "Parent Relationship": "Outer", "Parallel Aware": false, "Startup Cost": 1000.9, "Total Cost": 1232733.74, "Plan Rows": 1500000, "Plan Width": 12, "Group Key": ["customer.c_custkey"], "Plans": [{"Node Type": "Gather Merge", "Parent Relationship": "Outer", "Parallel Aware": false, "Startup Cost": 1000.9, "Total Cost": 1195233.74, "Plan Rows": 4500000, "Plan Width": 12, "Workers Planned": 3, "Plans": [{"Node Type": "Aggregate", "Strategy": "Sorted", "Partial Mode": "Partial", "Parent Relationship": "Outer", "Parallel Aware": false, "Startup Cost": 0.86, "Total Cost": 665483.7, "Plan Rows": 1500000, "Plan Width": 12, "Group Key": ["customer.c_custkey"], "Plans": [{"Node Type": "Nested Loop", "Parent Relationship": "Outer", "Parallel Aware": false, "Join Type": "Left", "Startup Cost": 0.86, "Total Cost": 626824.71, "Plan Rows": 4731798, "Plan Width": 8, "Inner Unique": false, "Plans": [{"Node Type": "Index Only Scan", "Parent Relationship": "Outer", "Parallel Aware": true, "Scan Direction": "Forward", "Index Name": "customer_pkey", "Relation Name": "customer", "Alias": "customer", "Startup Cost": 0.43, "Total Cost": 52693.84, "Plan Rows": 483871, "Plan Width": 4}, {"Node Type": "Index Scan", "Parent Relationship": "Inner", "Parallel Aware": false, "Scan Direction": "Forward", "Index Name": "idx_orders_custkey", "Relation Name": "orders", "Alias": "orders", "Startup Cost": 0.43, "Total Cost": 1.02, "Plan Rows": 17, "Plan Width": 8, "Index Cond": "(o_custkey = customer.c_custkey)", "Filter": "((o_comment)::text !~~ '%unusual%accounts%'::text)"}]}]}]}]}]}]}]}}, {"Plan": {"Node Type": "Limit", "Parallel Aware": false, "Startup Cost": 1255236.74, "Total Cost": 1255236.75, "Plan Rows": 1, "Plan Width": 16, "Plans": [{"Node Type": "Sort", "Parent Relationship": "Outer", "Parallel Aware": false, "Startup Cost": 1255236.74, "Total Cost": 1255237.24, "Plan Rows": 200, "Plan Width": 16, "Sort Key": ["(count(*)) DESC", "(count(orders.o_orderkey)) DESC"], "Plans": [{"Node Type": "Aggregate", "Strategy": "Hashed", "Partial Mode": "Simple", "Parent Relationship": "Outer", "Parallel Aware": false, "Startup Cost": 1255233.74, "Total Cost": 1255235.74, "Plan Rows": 200, "Plan Width": 16, "Group Key": ["count(orders.o_orderkey)"], "Plans": [{"Node Type": "Aggregate", "Strategy": "Sorted", "Partial Mode": "Finalize", "Parent Relationship": "Outer", "Parallel Aware": false, "Startup Cost": 1000.9, "Total Cost": 1232733.74, "Plan Rows": 1500000, "Plan Width": 12, "Group Key": ["customer.c_custkey"], "Plans": [{"Node Type": "Gather Merge", "Parent Relationship": "Outer", "Parallel Aware": false, "Startup Cost": 1000.9, "Total Cost": 1195233.74, "Plan Rows": 4500000, "Plan Width": 12, "Workers Planned": 3, "Plans": [{"Node Type": "Aggregate", "Strategy": "Sorted", "Partial Mode": "Partial", "Parent Relationship": "Outer", "Parallel Aware": false, "Startup Cost": 0.86, "Total Cost": 665483.7, "Plan Rows": 1500000, "Plan Width": 12, "Group Key": ["customer.c_custkey"], "Plans": [{"Node Type": "Nested Loop", "Parent Relationship": "Outer", "Parallel Aware": false, "Join Type": "Left", "Startup Cost": 0.86, "Total Cost": 626824.71, "Plan Rows": 4731798, "Plan Width": 8, "Inner Unique": false, "Plans": [{"Node Type": "Index Only Scan", "Parent Relationship": "Outer", "Parallel Aware": true, "Scan Direction": "Forward", "Index Name": "customer_pkey", "Relation Name": "customer", "Alias": "customer", "Startup Cost": 0.43, "Total Cost": 52693.84, "Plan Rows": 483871, "Plan Width": 4}, {"Node Type": "Index Scan", "Parent Relationship": "Inner", "Parallel Aware": false, "Scan Direction": "Forward", "Index Name": "idx_orders_custkey", "Relation Name": "orders", "Alias": "orders", "Startup Cost": 0.43, "Total Cost": 1.02, "Plan Rows": 17, "Plan Width": 8, "Index Cond": "(o_custkey = customer.c_custkey)", "Filter": "((o_comment)::text !~~ '%unusual%accounts%'::text)"}]}]}]}]}]}]}]}}, {"Plan": {"Node Type": "Limit", "Parallel Aware": false, "Startup Cost": 1684805.63, "Total Cost": 1684805.63, "Plan Rows": 1, "Plan Width": 16, "Plans": [{"Node Type": "Sort", "Parent Relationship": "Outer", "Parallel Aware": false, "Startup Cost": 1684805.63, "Total Cost": 1684806.13, "Plan Rows": 200, "Plan Width": 16, "Sort Key": ["(count(*)) DESC", "(count(orders.o_orderkey)) DESC"], "Plans": [{"Node Type": "Aggregate", "Strategy": "Hashed", "Partial Mode": "Simple", "Parent Relationship": "Outer", "Parallel Aware": false, "Startup Cost": 1684802.63, "Total Cost": 1684804.63, "Plan Rows": 200, "Plan Width": 16, "Group Key": ["count(orders.o_orderkey)"], "Plans": [{"Node Type": "Aggregate", "Strategy": "Sorted", "Partial Mode": "Finalize", "Parent Relationship": "Outer", "Parallel Aware": false, "Startup Cost": 1045564.15, "Total Cost": 1662302.63, "Plan Rows": 1500000, "Plan Width": 12, "Group Key": ["customer.c_custkey"], "Plans": [{"Node Type": "Gather Merge", "Parent Relationship": "Outer", "Parallel Aware": false, "Startup Cost": 1045564.15, "Total Cost": 1624802.63, "Plan Rows": 4500000, "Plan Width": 12, "Workers Planned": 3, "Plans": [{"Node Type": "Aggregate", "Strategy": "Sorted", "Partial Mode": "Partial", "Parent Relationship": "Outer", "Parallel Aware": false, "Startup Cost": 1044564.11, "Total Cost": 1095052.59, "Plan Rows": 1500000, "Plan Width": 12, "Group Key": ["customer.c_custkey"], "Plans": [{"Node Type": "Sort", "Parent Relationship": "Outer", "Parallel Aware": false, "Startup Cost": 1044564.11, "Total Cost": 1056393.6, "Plan Rows": 4731798, "Plan Width": 8, "Sort Key": ["customer.c_custkey"], "Plans": [{"Node Type": "Hash Join", "Parent Relationship": "Outer", "Parallel Aware": true, "Join Type": "Left", "Startup Cost": 399024.19, "Total Cost": 482058.48, "Plan Rows": 4731798, "Plan Width": 8, "Inner Unique": false, "Hash Cond": "(customer.c_custkey = orders.o_custkey)", "Plans": [{"Node Type": "Seq Scan", "Parent Relationship": "Outer", "Parallel Aware": true, "Relation Name": "customer", "Alias": "customer", "Startup Cost": 0.0, "Total Cost": 40665.71, "Plan Rows": 483871, "Plan Width": 4}, {"Node Type": "Hash", "Parent Relationship": "Inner", "Parallel Aware": true, "Startup Cost": 321392.71, "Total Cost": 321392.71, "Plan Rows": 4731798, "Plan Width": 8, "Plans": [{"Node Type": "Seq Scan", "Parent Relationship": "Outer", "Parallel Aware": true, "Relation Name": "orders", "Alias": "orders", "Startup Cost": 0.0, "Total Cost": 321392.71, "Plan Rows": 4731798, "Plan Width": 8, "Filter": "((o_comment)::text !~~ '%unusual%accounts%'::text)"}]}]}]}]}]}]}]}]}]}}, {"Plan": {"Node Type": "Limit", "Parallel Aware": false, "Startup Cost": 20001125237.47, "Total Cost": 20001125237.47, "Plan Rows": 1, "Plan Width": 16, "Plans": [{"Node Type": "Sort", "Parent Relationship": "Outer", "Parallel Aware": false, "Startup Cost": 20001125237.47, "Total Cost": 20001125237.97, "Plan Rows": 200, "Plan Width": 16, "Sort Key": ["(count(*)) DESC", "c_orders.c_count DESC"], "Plans": [{"Node Type": "Aggregate", "Strategy": "Sorted", "Partial Mode": "Simple", "Parent Relationship": "Outer", "Parallel Aware": false, "Startup Cost": 20001113984.47, "Total Cost": 20001125236.47, "Plan Rows": 200, "Plan Width": 16, "Group Key": ["c_orders.c_count"], "Plans": [{"Node Type": "Sort", "Parent Relationship": "Outer", "Parallel Aware": false, "Startup Cost": 20001113984.47, "Total Cost": 20001117734.47, "Plan Rows": 1500000, "Plan Width": 8, "Sort Key": ["c_orders.c_count DESC"], "Plans": [{"Node Type": "Subquery Scan", "Parent Relationship": "Outer", "Parallel Aware": false, "Alias": "c_orders", "Startup Cost": 20000000004.87, "Total Cost": 20000948097.48, "Plan Rows": 1500000, "Plan Width": 8, "Plans": [{"Node Type": "Aggregate", "Strategy": "Sorted", "Partial Mode": "Simple", "Parent Relationship": "Subquery", "Parallel Aware": false, "Startup Cost": 20000000004.87, "Total Cost": 20000933097.48, "Plan Rows": 1500000, "Plan Width": 12, "Group Key": ["customer.c_custkey"], "Plans": [{"Node Type": "Merge Join", "Parent Relationship": "Outer", "Parallel Aware": false, "Join Type": "Left", "Startup Cost": 20000000004.87, "Total Cost": 20000844754.62, "Plan Rows": 14668573, "Plan Width": 8, "Inner Unique": false, "Merge Cond": "(customer.c_custkey = orders.o_custkey)", "Plans": [{"Node Type": "Index Only Scan", "Parent Relationship": "Outer", "Parallel Aware": false, "Scan Direction": "Forward", "Index Name": "customer_pkey", "Relation Name": "customer", "Alias": "customer", "Startup Cost": 10000000000.43, "Total Cost": 10000062855.13, "Plan Rows": 1500000, "Plan Width": 4}, {"Node Type": "Index Scan", "Parent Relationship": "Inner", "Parallel Aware": false, "Scan Direction": "Forward", "Index Name": "idx_orders_custkey", "Relation Name": "orders", "Alias": "orders", "Startup Cost": 10000000000.43, "Total Cost": 10000594792.33, "Plan Rows": 14668573, "Plan Width": 8, "Filter": "((o_comment)::text !~~ '%unusual%accounts%'::text)"}]}]}]}]}]}]}]}}, {"Plan": {"Node Type": "Limit", "Parallel Aware": false, "Startup Cost": 10003560015.38, "Total Cost": 10003560015.38, "Plan Rows": 1, "Plan Width": 16, "Plans": [{"Node Type": "Sort", "Parent Relationship": "Outer", "Parallel Aware": false, "Startup Cost": 10003560015.38, "Total Cost": 10003560015.88, "Plan Rows": 200, "Plan Width": 16, "Sort Key": ["(count(*)) DESC", "c_orders.c_count DESC"], "Plans": [{"Node Type": "Aggregate", "Strategy": "Sorted", "Partial Mode": "Simple", "Parent Relationship": "Outer", "Parallel Aware": false, "Startup Cost": 10003548762.38, "Total Cost": 10003560014.38, "Plan Rows": 200, "Plan Width": 16, "Group Key": ["c_orders.c_count"], "Plans": [{"Node Type": "Sort", "Parent Relationship": "Outer", "Parallel Aware": false, "Startup Cost": 10003548762.38, "Total Cost": 10003552512.38, "Plan Rows": 1500000, "Plan Width": 8, "Sort Key": ["c_orders.c_count DESC"], "Plans": [{"Node Type": "Subquery Scan", "Parent Relationship": "Outer", "Parallel Aware": false, "Alias": "c_orders", "Startup Cost": 10000000001.03, "Total Cost": 10003382875.39, "Plan Rows": 1500000, "Plan Width": 8, "Plans": [{"Node Type": "Aggregate", "Strategy": "Sorted", "Partial Mode": "Simple", "Parent Relationship": "Subquery", "Parallel Aware": false, "Startup Cost": 10000000001.03, "Total Cost": 10003367875.39, "Plan Rows": 1500000, "Plan Width": 12, "Group Key": ["customer.c_custkey"], "Plans": [{"Node Type": "Nested Loop", "Parent Relationship": "Outer", "Parallel Aware": false, "Join Type": "Left", "Startup Cost": 10000000001.03, "Total Cost": 10003279532.53, "Plan Rows": 14668573, "Plan Width": 8, "Inner Unique": false, "Plans": [{"Node Type": "Index Only Scan", "Parent Relationship": "Outer", "Parallel Aware": false, "Scan Direction": "Forward", "Index Name": "customer_pkey", "Relation Name": "customer", "Alias": "customer", "Startup Cost": 10000000000.43, "Total Cost": 10000062855.13, "Plan Rows": 1500000, "Plan Width": 4}, {"Node Type": "Bitmap Heap Scan", "Parent Relationship": "Inner", "Parallel Aware": false, "Relation Name": "orders", "Alias": "orders", "Startup Cost": 0.6, "Total Cost": 1.97, "Plan Rows": 17, "Plan Width": 8, "Recheck Cond": "(customer.c_custkey = o_custkey)", "Filter": "((o_comment)::text !~~ '%unusual%accounts%'::text)", "Plans": [{"Node Type": "Bitmap Index Scan", "Parent Relationship": "Outer", "Parallel Aware": false, "Index Name": "idx_orders_custkey", "Startup Cost": 0.0, "Total Cost": 0.6, "Plan Rows": 18, "Plan Width": 0, "Index Cond": "(o_custkey = customer.c_custkey)"}]}]}]}]}]}]}]}]}}, {"Plan": {"Node Type": "Limit", "Parallel Aware": false, "Startup Cost": 1684805.63, "Total Cost": 1684805.63, "Plan Rows": 1, "Plan Width": 16, "Plans": [{"Node Type": "Sort", "Parent Relationship": "Outer", "Parallel Aware": false, "Startup Cost": 1684805.63, "Total Cost": 1684806.13, "Plan Rows": 200, "Plan Width": 16, "Sort Key": ["(count(*)) DESC", "(count(orders.o_orderkey)) DESC"], "Plans": [{"Node Type": "Aggregate", "Strategy": "Hashed", "Partial Mode": "Simple", "Parent Relationship": "Outer", "Parallel Aware": false, "Startup Cost": 1684802.63, "Total Cost": 1684804.63, "Plan Rows": 200, "Plan Width": 16, "Group Key": ["count(orders.o_orderkey)"], "Plans": [{"Node Type": "Aggregate", "Strategy": "Sorted", "Partial Mode": "Finalize", "Parent Relationship": "Outer", "Parallel Aware": false, "Startup Cost": 1045564.15, "Total Cost": 1662302.63, "Plan Rows": 1500000, "Plan Width": 12, "Group Key": ["customer.c_custkey"], "Plans": [{"Node Type": "Gather Merge", "Parent Relationship": "Outer", "Parallel Aware": false, "Startup Cost": 1045564.15, "Total Cost": 1624802.63, "Plan Rows": 4500000, "Plan Width": 12, "Workers Planned": 3, "Plans": [{"Node Type": "Aggregate", "Strategy": "Sorted", "Partial Mode": "Partial", "Parent Relationship": "Outer", "Parallel Aware": false, "Startup Cost": 1044564.11, "Total Cost": 1095052.59, "Plan Rows": 1500000, "Plan Width": 12, "Group Key": ["customer.c_custkey"], "Plans": [{"Node Type": "Sort", "Parent Relationship": "Outer", "Parallel Aware": false, "Startup Cost": 1044564.11, "Total Cost": 1056393.6, "Plan Rows": 4731798, "Plan Width": 8, "Sort Key": ["customer.c_custkey"], "Plans": [{"Node Type": "Hash Join", "Parent Relationship": "Outer", "Parallel Aware": true, "Join Type": "Left", "Startup Cost": 399024.19, "Total Cost": 482058.48, "Plan Rows": 4731798, "Plan Width": 8, "Inner Unique": false, "Hash Cond": "(customer.c_custkey = orders.o_custkey)", "Plans": [{"Node Type": "Seq Scan", "Parent Relationship": "Outer", "Parallel Aware": true, "Relation Name": "customer", "Alias": "customer", "Startup Cost": 0.0, "Total Cost": 40665.71, "Plan Rows": 483871, "Plan Width": 4}, {"Node Type": "Hash", "Parent Relationship": "Inner", "Parallel Aware": true, "Startup Cost": 321392.71, "Total Cost": 321392.71, "Plan Rows": 4731798, "Plan Width": 8, "Plans": [{"Node Type": "Seq Scan", "Parent Relationship": "Outer", "Parallel Aware": true, "Relation Name": "orders", "Alias": "orders", "Startup Cost": 0.0, "Total Cost": 321392.71, "Plan Rows": 4731798, "Plan Width": 8, "Filter": "((o_comment)::text !~~ '%unusual%accounts%'::text)"}]}]}]}]}]}]}]}]}]}}, {"Plan": {"Node Type": "Limit", "Parallel Aware": false, "Startup Cost": 1684805.63, "Total Cost": 1684805.63, "Plan Rows": 1, "Plan Width": 16, "Plans": [{"Node Type": "Sort", "Parent Relationship": "Outer", "Parallel Aware": false, "Startup Cost": 1684805.63, "Total Cost": 1684806.13, "Plan Rows": 200, "Plan Width": 16, "Sort Key": ["(count(*)) DESC", "(count(orders.o_orderkey)) DESC"], "Plans": [{"Node Type": "Aggregate", "Strategy": "Hashed", "Partial Mode": "Simple", "Parent Relationship": "Outer", "Parallel Aware": false, "Startup Cost": 1684802.63, "Total Cost": 1684804.63, "Plan Rows": 200, "Plan Width": 16, "Group Key": ["count(orders.o_orderkey)"], "Plans": [{"Node Type": "Aggregate", "Strategy": "Sorted", "Partial Mode": "Finalize", "Parent Relationship": "Outer", "Parallel Aware": false, "Startup Cost": 1045564.15, "Total Cost": 1662302.63, "Plan Rows": 1500000, "Plan Width": 12, "Group Key": ["customer.c_custkey"], "Plans": [{"Node Type": "Gather Merge", "Parent Relationship": "Outer", "Parallel Aware": false, "Startup Cost": 1045564.15, "Total Cost": 1624802.63, "Plan Rows": 4500000, "Plan Width": 12, "Workers Planned": 3, "Plans": [{"Node Type": "Aggregate", "Strategy": "Sorted", "Partial Mode": "Partial", "Parent Relationship": "Outer", "Parallel Aware": false, "Startup Cost": 1044564.11, "Total Cost": 1095052.59, "Plan Rows": 1500000, "Plan Width": 12, "Group Key": ["customer.c_custkey"], "Plans": [{"Node Type": "Sort", "Parent Relationship": "Outer", "Parallel Aware": false, "Startup Cost": 1044564.11, "Total Cost": 1056393.6, "Plan Rows": 4731798, "Plan Width": 8, "Sort Key": ["customer.c_custkey"], "Plans": [{"Node Type": "Hash Join", "Parent Relationship": "Outer", "Parallel Aware": true, "Join Type": "Left", "Startup Cost": 399024.19, "Total Cost": 482058.48, "Plan Rows": 4731798, "Plan Width": 8, "Inner Unique": false, "Hash Cond": "(customer.c_custkey = orders.o_custkey)", "Plans": [{"Node Type": "Seq Scan", "Parent Relationship": "Outer", "Parallel Aware": true, "Relation Name": "customer", "Alias": "customer", "Startup Cost": 0.0, "Total Cost": 40665.71, "Plan Rows": 483871, "Plan Width": 4}, {"Node Type": "Hash", "Parent Relationship": "Inner", "Parallel Aware": true, "Startup Cost": 321392.71, "Total Cost": 321392.71, "Plan Rows": 4731798, "Plan Width": 8, "Plans": [{"Node Type": "Seq Scan", "Parent Relationship": "Outer", "Parallel Aware": true, "Relation Name": "orders", "Alias": "orders", "Startup Cost": 0.0, "Total Cost": 321392.71, "Plan Rows": 4731798, "Plan Width": 8, "Filter": "((o_comment)::text !~~ '%unusual%accounts%'::text)"}]}]}]}]}]}]}]}]}]}}, {"Plan": {"Node Type": "Limit", "Parallel Aware": false, "Startup Cost": 10003560015.38, "Total Cost": 10003560015.38, "Plan Rows": 1, "Plan Width": 16, "Plans": [{"Node Type": "Sort", "Parent Relationship": "Outer", "Parallel Aware": false, "Startup Cost": 10003560015.38, "Total Cost": 10003560015.88, "Plan Rows": 200, "Plan Width": 16, "Sort Key": ["(count(*)) DESC", "c_orders.c_count DESC"], "Plans": [{"Node Type": "Aggregate", "Strategy": "Sorted", "Partial Mode": "Simple", "Parent Relationship": "Outer", "Parallel Aware": false, "Startup Cost": 10003548762.38, "Total Cost": 10003560014.38, "Plan Rows": 200, "Plan Width": 16, "Group Key": ["c_orders.c_count"], "Plans": [{"Node Type": "Sort", "Parent Relationship": "Outer", "Parallel Aware": false, "Startup Cost": 10003548762.38, "Total Cost": 10003552512.38, "Plan Rows": 1500000, "Plan Width": 8, "Sort Key": ["c_orders.c_count DESC"], "Plans": [{"Node Type": "Subquery Scan", "Parent Relationship": "Outer", "Parallel Aware": false, "Alias": "c_orders", "Startup Cost": 10000000001.03, "Total Cost": 10003382875.39, "Plan Rows": 1500000, "Plan Width": 8, "Plans": [{"Node Type": "Aggregate", "Strategy": "Sorted", "Partial Mode": "Simple", "Parent Relationship": "Subquery", "Parallel Aware": false, "Startup Cost": 10000000001.03, "Total Cost": 10003367875.39, "Plan Rows": 1500000, "Plan Width": 12, "Group Key": ["customer.c_custkey"], "Plans": [{"Node Type": "Nested Loop", "Parent Relationship": "Outer", "Parallel Aware": false, "Join Type": "Left", "Startup Cost": 10000000001.03, "Total Cost": 10003279532.53, "Plan Rows": 14668573, "Plan Width": 8, "Inner Unique": false, "Plans": [{"Node Type": "Index Only Scan", "Parent Relationship": "Outer", "Parallel Aware": false, "Scan Direction": "Forward", "Index Name": "customer_pkey", "Relation Name": "customer", "Alias": "customer", "Startup Cost": 10000000000.43, "Total Cost": 10000062855.13, "Plan Rows": 1500000, "Plan Width": 4}, {"Node Type": "Bitmap Heap Scan", "Parent Relationship": "Inner", "Parallel Aware": false, "Relation Name": "orders", "Alias": "orders", "Startup Cost": 0.6, "Total Cost": 1.97, "Plan Rows": 17, "Plan Width": 8, "Recheck Cond": "(customer.c_custkey = o_custkey)", "Filter": "((o_comment)::text !~~ '%unusual%accounts%'::text)", "Plans": [{"Node Type": "Bitmap Index Scan", "Parent Relationship": "Outer", "Parallel Aware": false, "Index Name": "idx_orders_custkey", "Startup Cost": 0.0, "Total Cost": 0.6, "Plan Rows": 18, "Plan Width": 0, "Index Cond": "(o_custkey = customer.c_custkey)"}]}]}]}]}]}]}]}]}}, {"Plan": {"Node Type": "Limit", "Parallel Aware": false, "Startup Cost": 1684805.63, "Total Cost": 1684805.63, "Plan Rows": 1, "Plan Width": 16, "Plans": [{"Node Type": "Sort", "Parent Relationship": "Outer", "Parallel Aware": false, "Startup Cost": 1684805.63, "Total Cost": 1684806.13, "Plan Rows": 200, "Plan Width": 16, "Sort Key": ["(count(*)) DESC", "(count(orders.o_orderkey)) DESC"], "Plans": [{"Node Type": "Aggregate", "Strategy": "Hashed", "Partial Mode": "Simple", "Parent Relationship": "Outer", "Parallel Aware": false, "Startup Cost": 1684802.63, "Total Cost": 1684804.63, "Plan Rows": 200, "Plan Width": 16, "Group Key": ["count(orders.o_orderkey)"], "Plans": [{"Node Type": "Aggregate", "Strategy": "Sorted", "Partial Mode": "Finalize", "Parent Relationship": "Outer", "Parallel Aware": false, "Startup Cost": 1045564.15, "Total Cost": 1662302.63, "Plan Rows": 1500000, "Plan Width": 12, "Group Key": ["customer.c_custkey"], "Plans": [{"Node Type": "Gather Merge", "Parent Relationship": "Outer", "Parallel Aware": false, "Startup Cost": 1045564.15, "Total Cost": 1624802.63, "Plan Rows": 4500000, "Plan Width": 12, "Workers Planned": 3, "Plans": [{"Node Type": "Aggregate", "Strategy": "Sorted", "Partial Mode": "Partial", "Parent Relationship": "Outer", "Parallel Aware": false, "Startup Cost": 1044564.11, "Total Cost": 1095052.59, "Plan Rows": 1500000, "Plan Width": 12, "Group Key": ["customer.c_custkey"], "Plans": [{"Node Type": "Sort", "Parent Relationship": "Outer", "Parallel Aware": false, "Startup Cost": 1044564.11, "Total Cost": 1056393.6, "Plan Rows": 4731798, "Plan Width": 8, "Sort Key": ["customer.c_custkey"], "Plans": [{"Node Type": "Hash Join", "Parent Relationship": "Outer", "Parallel Aware": true, "Join Type": "Left", "Startup Cost": 399024.19, "Total Cost": 482058.48, "Plan Rows": 4731798, "Plan Width": 8, "Inner Unique": false, "Hash Cond": "(customer.c_custkey = orders.o_custkey)", "Plans": [{"Node Type": "Seq Scan", "Parent Relationship": "Outer", "Parallel Aware": true, "Relation Name": "customer", "Alias": "customer", "Startup Cost": 0.0, "Total Cost": 40665.71, "Plan Rows": 483871, "Plan Width": 4}, {"Node Type": "Hash", "Parent Relationship": "Inner", "Parallel Aware": true, "Startup Cost": 321392.71, "Total Cost": 321392.71, "Plan Rows": 4731798, "Plan Width": 8, "Plans": [{"Node Type": "Seq Scan", "Parent Relationship": "Outer", "Parallel Aware": true, "Relation Name": "orders", "Alias": "orders", "Startup Cost": 0.0, "Total Cost": 321392.71, "Plan Rows": 4731798, "Plan Width": 8, "Filter": "((o_comment)::text !~~ '%unusual%accounts%'::text)"}]}]}]}]}]}]}]}]}]}}, {"Plan": {"Node Type": "Limit", "Parallel Aware": false, "Startup Cost": 1684805.63, "Total Cost": 1684805.63, "Plan Rows": 1, "Plan Width": 16, "Plans": [{"Node Type": "Sort", "Parent Relationship": "Outer", "Parallel Aware": false, "Startup Cost": 1684805.63, "Total Cost": 1684806.13, "Plan Rows": 200, "Plan Width": 16, "Sort Key": ["(count(*)) DESC", "(count(orders.o_orderkey)) DESC"], "Plans": [{"Node Type": "Aggregate", "Strategy": "Hashed", "Partial Mode": "Simple", "Parent Relationship": "Outer", "Parallel Aware": false, "Startup Cost": 1684802.63, "Total Cost": 1684804.63, "Plan Rows": 200, "Plan Width": 16, "Group Key": ["count(orders.o_orderkey)"], "Plans": [{"Node Type": "Aggregate", "Strategy": "Sorted", "Partial Mode": "Finalize", "Parent Relationship": "Outer", "Parallel Aware": false, "Startup Cost": 1045564.15, "Total Cost": 1662302.63, "Plan Rows": 1500000, "Plan Width": 12, "Group Key": ["customer.c_custkey"], "Plans": [{"Node Type": "Gather Merge", "Parent Relationship": "Outer", "Parallel Aware": false, "Startup Cost": 1045564.15, "Total Cost": 1624802.63, "Plan Rows": 4500000, "Plan Width": 12, "Workers Planned": 3, "Plans": [{"Node Type": "Aggregate", "Strategy": "Sorted", "Partial Mode": "Partial", "Parent Relationship": "Outer", "Parallel Aware": false, "Startup Cost": 1044564.11, "Total Cost": 1095052.59, "Plan Rows": 1500000, "Plan Width": 12, "Group Key": ["customer.c_custkey"], "Plans": [{"Node Type": "Sort", "Parent Relationship": "Outer", "Parallel Aware": false, "Startup Cost": 1044564.11, "Total Cost": 1056393.6, "Plan Rows": 4731798, "Plan Width": 8, "Sort Key": ["customer.c_custkey"], "Plans": [{"Node Type": "Hash Join", "Parent Relationship": "Outer", "Parallel Aware": true, "Join Type": "Left", "Startup Cost": 399024.19, "Total Cost": 482058.48, "Plan Rows": 4731798, "Plan Width": 8, "Inner Unique": false, "Hash Cond": "(customer.c_custkey = orders.o_custkey)", "Plans": [{"Node Type": "Seq Scan", "Parent Relationship": "Outer", "Parallel Aware": true, "Relation Name": "customer", "Alias": "customer", "Startup Cost": 0.0, "Total Cost": 40665.71, "Plan Rows": 483871, "Plan Width": 4}, {"Node Type": "Hash", "Parent Relationship": "Inner", "Parallel Aware": true, "Startup Cost": 321392.71, "Total Cost": 321392.71, "Plan Rows": 4731798, "Plan Width": 8, "Plans": [{"Node Type": "Seq Scan", "Parent Relationship": "Outer", "Parallel Aware": true, "Relation Name": "orders", "Alias": "orders", "Startup Cost": 0.0, "Total Cost": 321392.71, "Plan Rows": 4731798, "Plan Width": 8, "Filter": "((o_comment)::text !~~ '%unusual%accounts%'::text)"}]}]}]}]}]}]}]}]}]}}, {"Plan": {"Node Type": "Limit", "Parallel Aware": false, "Startup Cost": 1843223.88, "Total Cost": 1843223.88, "Plan Rows": 1, "Plan Width": 16, "Plans": [{"Node Type": "Sort", "Parent Relationship": "Outer", "Parallel Aware": false, "Startup Cost": 1843223.88, "Total Cost": 1843224.38, "Plan Rows": 200, "Plan Width": 16, "Sort Key": ["(count(*)) DESC", "(count(orders.o_orderkey)) DESC"], "Plans": [{"Node Type": "Aggregate", "Strategy": "Hashed", "Partial Mode": "Simple", "Parent Relationship": "Outer", "Parallel Aware": false, "Startup Cost": 1843220.88, "Total Cost": 1843222.88, "Plan Rows": 200, "Plan Width": 16, "Group Key": ["count(orders.o_orderkey)"], "Plans": [{"Node Type": "Aggregate", "Strategy": "Sorted", "Partial Mode": "Finalize", "Parent Relationship": "Outer", "Parallel Aware": false, "Startup Cost": 1203982.39, "Total Cost": 1820720.88, "Plan Rows": 1500000, "Plan Width": 12, "Group Key": ["customer.c_custkey"], "Plans": [{"Node Type": "Gather Merge", "Parent Relationship": "Outer", "Parallel Aware": false, "Startup Cost": 1203982.39, "Total Cost": 1783220.88, "Plan Rows": 4500000, "Plan Width": 12, "Workers Planned": 3, "Plans": [{"Node Type": "Aggregate", "Strategy": "Sorted", "Partial Mode": "Partial", "Parent Relationship": "Outer", "Parallel Aware": false, "Startup Cost": 1202982.35, "Total Cost": 1253470.84, "Plan Rows": 1500000, "Plan Width": 12, "Group Key": ["customer.c_custkey"], "Plans": [{"Node Type": "Sort", "Parent Relationship": "Outer", "Parallel Aware": false, "Startup Cost": 1202982.35, "Total Cost": 1214811.85, "Plan Rows": 4731798, "Plan Width": 8, "Sort Key": ["customer.c_custkey"], "Plans": [{"Node Type": "Hash Join", "Parent Relationship": "Outer", "Parallel Aware": true, "Join Type": "Left", "Startup Cost": 545414.73, "Total Cost": 640476.72, "Plan Rows": 4731798, "Plan Width": 8, "Inner Unique": false, "Hash Cond": "(customer.c_custkey = orders.o_custkey)", "Plans": [{"Node Type": "Index Scan", "Parent Relationship": "Outer", "Parallel Aware": true, "Scan Direction": "Forward", "Index Name": "customer_pkey", "Relation Name": "customer", "Alias": "customer", "Startup Cost": 0.43, "Total Cost": 52693.84, "Plan Rows": 483871, "Plan Width": 4}, {"Node Type": "Hash", "Parent Relationship": "Inner", "Parallel Aware": true, "Startup Cost": 467782.83, "Total Cost": 467782.83, "Plan Rows": 4731798, "Plan Width": 8, "Plans": [{"Node Type": "Index Scan", "Parent Relationship": "Outer", "Parallel Aware": true, "Scan Direction": "Forward", "Index Name": "idx_orders_custkey", "Relation Name": "orders", "Alias": "orders", "Startup Cost": 0.43, "Total Cost": 467782.83, "Plan Rows": 4731798, "Plan Width": 8, "Filter": "((o_comment)::text !~~ '%unusual%accounts%'::text)"}]}]}]}]}]}]}]}]}]}}, {"Plan": {"Node Type": "Limit", "Parallel Aware": false, "Startup Cost": 955600.48, "Total Cost": 955600.49, "Plan Rows": 1, "Plan Width": 16, "Plans": [{"Node Type": "Sort", "Parent Relationship": "Outer", "Parallel Aware": false, "Startup Cost": 955600.48, "Total Cost": 955600.98, "Plan Rows": 200, "Plan Width": 16, "Sort Key": ["(count(*)) DESC", "(count(orders.o_orderkey)) DESC"], "Plans": [{"Node Type": "Aggregate", "Strategy": "Hashed", "Partial Mode": "Simple", "Parent Relationship": "Outer", "Parallel Aware": false, "Startup Cost": 955597.48, "Total Cost": 955599.48, "Plan Rows": 200, "Plan Width": 16, "Group Key": ["count(orders.o_orderkey)"], "Plans": [{"Node Type": "Aggregate", "Strategy": "Sorted", "Partial Mode": "Simple", "Parent Relationship": "Outer", "Parallel Aware": false, "Startup Cost": 4.87, "Total Cost": 933097.48, "Plan Rows": 1500000, "Plan Width": 12, "Group Key": ["customer.c_custkey"], "Plans": [{"Node Type": "Merge Join", "Parent Relationship": "Outer", "Parallel Aware": false, "Join Type": "Left", "Startup Cost": 4.87, "Total Cost": 844754.62, "Plan Rows": 14668573, "Plan Width": 8, "Inner Unique": false, "Merge Cond": "(customer.c_custkey = orders.o_custkey)", "Plans": [{"Node Type": "Index Scan", "Parent Relationship": "Outer", "Parallel Aware": false, "Scan Direction": "Forward", "Index Name": "customer_pkey", "Relation Name": "customer", "Alias": "customer", "Startup Cost": 0.43, "Total Cost": 62855.13, "Plan Rows": 1500000, "Plan Width": 4}, {"Node Type": "Index Scan", "Parent Relationship": "Inner", "Parallel Aware": false, "Scan Direction": "Forward", "Index Name": "idx_orders_custkey", "Relation Name": "orders", "Alias": "orders", "Startup Cost": 0.43, "Total Cost": 594792.33, "Plan Rows": 14668573, "Plan Width": 8, "Filter": "((o_comment)::text !~~ '%unusual%accounts%'::text)"}]}]}]}]}]}}, {"Plan": {"Node Type": "Limit", "Parallel Aware": false, "Startup Cost": 955600.48, "Total Cost": 955600.49, "Plan Rows": 1, "Plan Width": 16, "Plans": [{"Node Type": "Sort", "Parent Relationship": "Outer", "Parallel Aware": false, "Startup Cost": 955600.48, "Total Cost": 955600.98, "Plan Rows": 200, "Plan Width": 16, "Sort Key": ["(count(*)) DESC", "(count(orders.o_orderkey)) DESC"], "Plans": [{"Node Type": "Aggregate", "Strategy": "Hashed", "Partial Mode": "Simple", "Parent Relationship": "Outer", "Parallel Aware": false, "Startup Cost": 955597.48, "Total Cost": 955599.48, "Plan Rows": 200, "Plan Width": 16, "Group Key": ["count(orders.o_orderkey)"], "Plans": [{"Node Type": "Aggregate", "Strategy": "Sorted", "Partial Mode": "Simple", "Parent Relationship": "Outer", "Parallel Aware": false, "Startup Cost": 4.87, "Total Cost": 933097.48, "Plan Rows": 1500000, "Plan Width": 12, "Group Key": ["customer.c_custkey"], "Plans": [{"Node Type": "Merge Join", "Parent Relationship": "Outer", "Parallel Aware": false, "Join Type": "Left", "Startup Cost": 4.87, "Total Cost": 844754.62, "Plan Rows": 14668573, "Plan Width": 8, "Inner Unique": false, "Merge Cond": "(customer.c_custkey = orders.o_custkey)", "Plans": [{"Node Type": "Index Scan", "Parent Relationship": "Outer", "Parallel Aware": false, "Scan Direction": "Forward", "Index Name": "customer_pkey", "Relation Name": "customer", "Alias": "customer", "Startup Cost": 0.43, "Total Cost": 62855.13, "Plan Rows": 1500000, "Plan Width": 4}, {"Node Type": "Index Scan", "Parent Relationship": "Inner", "Parallel Aware": false, "Scan Direction": "Forward", "Index Name": "idx_orders_custkey", "Relation Name": "orders", "Alias": "orders", "Startup Cost": 0.43, "Total Cost": 594792.33, "Plan Rows": 14668573, "Plan Width": 8, "Filter": "((o_comment)::text !~~ '%unusual%accounts%'::text)"}]}]}]}]}]}}, {"Plan": {"Node Type": "Limit", "Parallel Aware": false, "Startup Cost": 955600.48, "Total Cost": 955600.49, "Plan Rows": 1, "Plan Width": 16, "Plans": [{"Node Type": "Sort", "Parent Relationship": "Outer", "Parallel Aware": false, "Startup Cost": 955600.48, "Total Cost": 955600.98, "Plan Rows": 200, "Plan Width": 16, "Sort Key": ["(count(*)) DESC", "(count(orders.o_orderkey)) DESC"], "Plans": [{"Node Type": "Aggregate", "Strategy": "Hashed", "Partial Mode": "Simple", "Parent Relationship": "Outer", "Parallel Aware": false, "Startup Cost": 955597.48, "Total Cost": 955599.48, "Plan Rows": 200, "Plan Width": 16, "Group Key": ["count(orders.o_orderkey)"], "Plans": [{"Node Type": "Aggregate", "Strategy": "Sorted", "Partial Mode": "Simple", "Parent Relationship": "Outer", "Parallel Aware": false, "Startup Cost": 4.87, "Total Cost": 933097.48, "Plan Rows": 1500000, "Plan Width": 12, "Group Key": ["customer.c_custkey"], "Plans": [{"Node Type": "Merge Join", "Parent Relationship": "Outer", "Parallel Aware": false, "Join Type": "Left", "Startup Cost": 4.87, "Total Cost": 844754.62, "Plan Rows": 14668573, "Plan Width": 8, "Inner Unique": false, "Merge Cond": "(customer.c_custkey = orders.o_custkey)", "Plans": [{"Node Type": "Index Scan", "Parent Relationship": "Outer", "Parallel Aware": false, "Scan Direction": "Forward", "Index Name": "customer_pkey", "Relation Name": "customer", "Alias": "customer", "Startup Cost": 0.43, "Total Cost": 62855.13, "Plan Rows": 1500000, "Plan Width": 4}, {"Node Type": "Index Scan", "Parent Relationship": "Inner", "Parallel Aware": false, "Scan Direction": "Forward", "Index Name": "idx_orders_custkey", "Relation Name": "orders", "Alias": "orders", "Startup Cost": 0.43, "Total Cost": 594792.33, "Plan Rows": 14668573, "Plan Width": 8, "Filter": "((o_comment)::text !~~ '%unusual%accounts%'::text)"}]}]}]}]}]}}, {"Plan": {"Node Type": "Limit", "Parallel Aware": false, "Startup Cost": 955600.48, "Total Cost": 955600.49, "Plan Rows": 1, "Plan Width": 16, "Plans": [{"Node Type": "Sort", "Parent Relationship": "Outer", "Parallel Aware": false, "Startup Cost": 955600.48, "Total Cost": 955600.98, "Plan Rows": 200, "Plan Width": 16, "Sort Key": ["(count(*)) DESC", "(count(orders.o_orderkey)) DESC"], "Plans": [{"Node Type": "Aggregate", "Strategy": "Hashed", "Partial Mode": "Simple", "Parent Relationship": "Outer", "Parallel Aware": false, "Startup Cost": 955597.48, "Total Cost": 955599.48, "Plan Rows": 200, "Plan Width": 16, "Group Key": ["count(orders.o_orderkey)"], "Plans": [{"Node Type": "Aggregate", "Strategy": "Sorted", "Partial Mode": "Simple", "Parent Relationship": "Outer", "Parallel Aware": false, "Startup Cost": 4.87, "Total Cost": 933097.48, "Plan Rows": 1500000, "Plan Width": 12, "Group Key": ["customer.c_custkey"], "Plans": [{"Node Type": "Merge Join", "Parent Relationship": "Outer", "Parallel Aware": false, "Join Type": "Left", "Startup Cost": 4.87, "Total Cost": 844754.62, "Plan Rows": 14668573, "Plan Width": 8, "Inner Unique": false, "Merge Cond": "(customer.c_custkey = orders.o_custkey)", "Plans": [{"Node Type": "Index Scan", "Parent Relationship": "Outer", "Parallel Aware": false, "Scan Direction": "Forward", "Index Name": "customer_pkey", "Relation Name": "customer", "Alias": "customer", "Startup Cost": 0.43, "Total Cost": 62855.13, "Plan Rows": 1500000, "Plan Width": 4}, {"Node Type": "Index Scan", "Parent Relationship": "Inner", "Parallel Aware": false, "Scan Direction": "Forward", "Index Name": "idx_orders_custkey", "Relation Name": "orders", "Alias": "orders", "Startup Cost": 0.43, "Total Cost": 594792.33, "Plan Rows": 14668573, "Plan Width": 8, "Filter": "((o_comment)::text !~~ '%unusual%accounts%'::text)"}]}]}]}]}]}}, {"Plan": {"Node Type": "Limit", "Parallel Aware": false, "Startup Cost": 1255236.74, "Total Cost": 1255236.75, "Plan Rows": 1, "Plan Width": 16, "Plans": [{"Node Type": "Sort", "Parent Relationship": "Outer", "Parallel Aware": false, "Startup Cost": 1255236.74, "Total Cost": 1255237.24, "Plan Rows": 200, "Plan Width": 16, "Sort Key": ["(count(*)) DESC", "(count(orders.o_orderkey)) DESC"], "Plans": [{"Node Type": "Aggregate", "Strategy": "Hashed", "Partial Mode": "Simple", "Parent Relationship": "Outer", "Parallel Aware": false, "Startup Cost": 1255233.74, "Total Cost": 1255235.74, "Plan Rows": 200, "Plan Width": 16, "Group Key": ["count(orders.o_orderkey)"], "Plans": [{"Node Type": "Aggregate", "Strategy": "Sorted", "Partial Mode": "Finalize", "Parent Relationship": "Outer", "Parallel Aware": false, "Startup Cost": 1000.9, "Total Cost": 1232733.74, "Plan Rows": 1500000, "Plan Width": 12, "Group Key": ["customer.c_custkey"], "Plans": [{"Node Type": "Gather Merge", "Parent Relationship": "Outer", "Parallel Aware": false, "Startup Cost": 1000.9, "Total Cost": 1195233.74, "Plan Rows": 4500000, "Plan Width": 12, "Workers Planned": 3, "Plans": [{"Node Type": "Aggregate", "Strategy": "Sorted", "Partial Mode": "Partial", "Parent Relationship": "Outer", "Parallel Aware": false, "Startup Cost": 0.86, "Total Cost": 665483.7, "Plan Rows": 1500000, "Plan Width": 12, "Group Key": ["customer.c_custkey"], "Plans": [{"Node Type": "Nested Loop", "Parent Relationship": "Outer", "Parallel Aware": false, "Join Type": "Left", "Startup Cost": 0.86, "Total Cost": 626824.71, "Plan Rows": 4731798, "Plan Width": 8, "Inner Unique": false, "Plans": [{"Node Type": "Index Scan", "Parent Relationship": "Outer", "Parallel Aware": true, "Scan Direction": "Forward", "Index Name": "customer_pkey", "Relation Name": "customer", "Alias": "customer", "Startup Cost": 0.43, "Total Cost": 52693.84, "Plan Rows": 483871, "Plan Width": 4}, {"Node Type": "Index Scan", "Parent Relationship": "Inner", "Parallel Aware": false, "Scan Direction": "Forward", "Index Name": "idx_orders_custkey", "Relation Name": "orders", "Alias": "orders", "Startup Cost": 0.43, "Total Cost": 1.02, "Plan Rows": 17, "Plan Width": 8, "Index Cond": "(o_custkey = customer.c_custkey)", "Filter": "((o_comment)::text !~~ '%unusual%accounts%'::text)"}]}]}]}]}]}]}]}}, {"Plan": {"Node Type": "Limit", "Parallel Aware": false, "Startup Cost": 1255236.74, "Total Cost": 1255236.75, "Plan Rows": 1, "Plan Width": 16, "Plans": [{"Node Type": "Sort", "Parent Relationship": "Outer", "Parallel Aware": false, "Startup Cost": 1255236.74, "Total Cost": 1255237.24, "Plan Rows": 200, "Plan Width": 16, "Sort Key": ["(count(*)) DESC", "(count(orders.o_orderkey)) DESC"], "Plans": [{"Node Type": "Aggregate", "Strategy": "Hashed", "Partial Mode": "Simple", "Parent Relationship": "Outer", "Parallel Aware": false, "Startup Cost": 1255233.74, "Total Cost": 1255235.74, "Plan Rows": 200, "Plan Width": 16, "Group Key": ["count(orders.o_orderkey)"], "Plans": [{"Node Type": "Aggregate", "Strategy": "Sorted", "Partial Mode": "Finalize", "Parent Relationship": "Outer", "Parallel Aware": false, "Startup Cost": 1000.9, "Total Cost": 1232733.74, "Plan Rows": 1500000, "Plan Width": 12, "Group Key": ["customer.c_custkey"], "Plans": [{"Node Type": "Gather Merge", "Parent Relationship": "Outer", "Parallel Aware": false, "Startup Cost": 1000.9, "Total Cost": 1195233.74, "Plan Rows": 4500000, "Plan Width": 12, "Workers Planned": 3, "Plans": [{"Node Type": "Aggregate", "Strategy": "Sorted", "Partial Mode": "Partial", "Parent Relationship": "Outer", "Parallel Aware": false, "Startup Cost": 0.86, "Total Cost": 665483.7, "Plan Rows": 1500000, "Plan Width": 12, "Group Key": ["customer.c_custkey"], "Plans": [{"Node Type": "Nested Loop", "Parent Relationship": "Outer", "Parallel Aware": false, "Join Type": "Left", "Startup Cost": 0.86, "Total Cost": 626824.71, "Plan Rows": 4731798, "Plan Width": 8, "Inner Unique": false, "Plans": [{"Node Type": "Index Scan", "Parent Relationship": "Outer", "Parallel Aware": true, "Scan Direction": "Forward", "Index Name": "customer_pkey", "Relation Name": "customer", "Alias": "customer", "Startup Cost": 0.43, "Total Cost": 52693.84, "Plan Rows": 483871, "Plan Width": 4}, {"Node Type": "Index Scan", "Parent Relationship": "Inner", "Parallel Aware": false, "Scan Direction": "Forward", "Index Name": "idx_orders_custkey", "Relation Name": "orders", "Alias": "orders", "Startup Cost": 0.43, "Total Cost": 1.02, "Plan Rows": 17, "Plan Width": 8, "Index Cond": "(o_custkey = customer.c_custkey)", "Filter": "((o_comment)::text !~~ '%unusual%accounts%'::text)"}]}]}]}]}]}]}]}}, {"Plan": {"Node Type": "Limit", "Parallel Aware": false, "Startup Cost": 1684805.63, "Total Cost": 1684805.63, "Plan Rows": 1, "Plan Width": 16, "Plans": [{"Node Type": "Sort", "Parent Relationship": "Outer", "Parallel Aware": false, "Startup Cost": 1684805.63, "Total Cost": 1684806.13, "Plan Rows": 200, "Plan Width": 16, "Sort Key": ["(count(*)) DESC", "(count(orders.o_orderkey)) DESC"], "Plans": [{"Node Type": "Aggregate", "Strategy": "Hashed", "Partial Mode": "Simple", "Parent Relationship": "Outer", "Parallel Aware": false, "Startup Cost": 1684802.63, "Total Cost": 1684804.63, "Plan Rows": 200, "Plan Width": 16, "Group Key": ["count(orders.o_orderkey)"], "Plans": [{"Node Type": "Aggregate", "Strategy": "Sorted", "Partial Mode": "Finalize", "Parent Relationship": "Outer", "Parallel Aware": false, "Startup Cost": 1045564.15, "Total Cost": 1662302.63, "Plan Rows": 1500000, "Plan Width": 12, "Group Key": ["customer.c_custkey"], "Plans": [{"Node Type": "Gather Merge", "Parent Relationship": "Outer", "Parallel Aware": false, "Startup Cost": 1045564.15, "Total Cost": 1624802.63, "Plan Rows": 4500000, "Plan Width": 12, "Workers Planned": 3, "Plans": [{"Node Type": "Aggregate", "Strategy": "Sorted", "Partial Mode": "Partial", "Parent Relationship": "Outer", "Parallel Aware": false, "Startup Cost": 1044564.11, "Total Cost": 1095052.59, "Plan Rows": 1500000, "Plan Width": 12, "Group Key": ["customer.c_custkey"], "Plans": [{"Node Type": "Sort", "Parent Relationship": "Outer", "Parallel Aware": false, "Startup Cost": 1044564.11, "Total Cost": 1056393.6, "Plan Rows": 4731798, "Plan Width": 8, "Sort Key": ["customer.c_custkey"], "Plans": [{"Node Type": "Hash Join", "Parent Relationship": "Outer", "Parallel Aware": true, "Join Type": "Left", "Startup Cost": 399024.19, "Total Cost": 482058.48, "Plan Rows": 4731798, "Plan Width": 8, "Inner Unique": false, "Hash Cond": "(customer.c_custkey = orders.o_custkey)", "Plans": [{"Node Type": "Seq Scan", "Parent Relationship": "Outer", "Parallel Aware": true, "Relation Name": "customer", "Alias": "customer", "Startup Cost": 0.0, "Total Cost": 40665.71, "Plan Rows": 483871, "Plan Width": 4}, {"Node Type": "Hash", "Parent Relationship": "Inner", "Parallel Aware": true, "Startup Cost": 321392.71, "Total Cost": 321392.71, "Plan Rows": 4731798, "Plan Width": 8, "Plans": [{"Node Type": "Seq Scan", "Parent Relationship": "Outer", "Parallel Aware": true, "Relation Name": "orders", "Alias": "orders", "Startup Cost": 0.0, "Total Cost": 321392.71, "Plan Rows": 4731798, "Plan Width": 8, "Filter": "((o_comment)::text !~~ '%unusual%accounts%'::text)"}]}]}]}]}]}]}]}]}]}}, {"Plan": {"Node Type": "Limit", "Parallel Aware": false, "Startup Cost": 1684805.63, "Total Cost": 1684805.63, "Plan Rows": 1, "Plan Width": 16, "Plans": [{"Node Type": "Sort", "Parent Relationship": "Outer", "Parallel Aware": false, "Startup Cost": 1684805.63, "Total Cost": 1684806.13, "Plan Rows": 200, "Plan Width": 16, "Sort Key": ["(count(*)) DESC", "(count(orders.o_orderkey)) DESC"], "Plans": [{"Node Type": "Aggregate", "Strategy": "Hashed", "Partial Mode": "Simple", "Parent Relationship": "Outer", "Parallel Aware": false, "Startup Cost": 1684802.63, "Total Cost": 1684804.63, "Plan Rows": 200, "Plan Width": 16, "Group Key": ["count(orders.o_orderkey)"], "Plans": [{"Node Type": "Aggregate", "Strategy": "Sorted", "Partial Mode": "Finalize", "Parent Relationship": "Outer", "Parallel Aware": false, "Startup Cost": 1045564.15, "Total Cost": 1662302.63, "Plan Rows": 1500000, "Plan Width": 12, "Group Key": ["customer.c_custkey"], "Plans": [{"Node Type": "Gather Merge", "Parent Relationship": "Outer", "Parallel Aware": false, "Startup Cost": 1045564.15, "Total Cost": 1624802.63, "Plan Rows": 4500000, "Plan Width": 12, "Workers Planned": 3, "Plans": [{"Node Type": "Aggregate", "Strategy": "Sorted", "Partial Mode": "Partial", "Parent Relationship": "Outer", "Parallel Aware": false, "Startup Cost": 1044564.11, "Total Cost": 1095052.59, "Plan Rows": 1500000, "Plan Width": 12, "Group Key": ["customer.c_custkey"], "Plans": [{"Node Type": "Sort", "Parent Relationship": "Outer", "Parallel Aware": false, "Startup Cost": 1044564.11, "Total Cost": 1056393.6, "Plan Rows": 4731798, "Plan Width": 8, "Sort Key": ["customer.c_custkey"], "Plans": [{"Node Type": "Hash Join", "Parent Relationship": "Outer", "Parallel Aware": true, "Join Type": "Left", "Startup Cost": 399024.19, "Total Cost": 482058.48, "Plan Rows": 4731798, "Plan Width": 8, "Inner Unique": false, "Hash Cond": "(customer.c_custkey = orders.o_custkey)", "Plans": [{"Node Type": "Seq Scan", "Parent Relationship": "Outer", "Parallel Aware": true, "Relation Name": "customer", "Alias": "customer", "Startup Cost": 0.0, "Total Cost": 40665.71, "Plan Rows": 483871, "Plan Width": 4}, {"Node Type": "Hash", "Parent Relationship": "Inner", "Parallel Aware": true, "Startup Cost": 321392.71, "Total Cost": 321392.71, "Plan Rows": 4731798, "Plan Width": 8, "Plans": [{"Node Type": "Seq Scan", "Parent Relationship": "Outer", "Parallel Aware": true, "Relation Name": "orders", "Alias": "orders", "Startup Cost": 0.0, "Total Cost": 321392.71, "Plan Rows": 4731798, "Plan Width": 8, "Filter": "((o_comment)::text !~~ '%unusual%accounts%'::text)"}]}]}]}]}]}]}]}]}]}}, {"Plan": {"Node Type": "Limit", "Parallel Aware": false, "Startup Cost": 1684805.63, "Total Cost": 1684805.63, "Plan Rows": 1, "Plan Width": 16, "Plans": [{"Node Type": "Sort", "Parent Relationship": "Outer", "Parallel Aware": false, "Startup Cost": 1684805.63, "Total Cost": 1684806.13, "Plan Rows": 200, "Plan Width": 16, "Sort Key": ["(count(*)) DESC", "(count(orders.o_orderkey)) DESC"], "Plans": [{"Node Type": "Aggregate", "Strategy": "Hashed", "Partial Mode": "Simple", "Parent Relationship": "Outer", "Parallel Aware": false, "Startup Cost": 1684802.63, "Total Cost": 1684804.63, "Plan Rows": 200, "Plan Width": 16, "Group Key": ["count(orders.o_orderkey)"], "Plans": [{"Node Type": "Aggregate", "Strategy": "Sorted", "Partial Mode": "Finalize", "Parent Relationship": "Outer", "Parallel Aware": false, "Startup Cost": 1045564.15, "Total Cost": 1662302.63, "Plan Rows": 1500000, "Plan Width": 12, "Group Key": ["customer.c_custkey"], "Plans": [{"Node Type": "Gather Merge", "Parent Relationship": "Outer", "Parallel Aware": false, "Startup Cost": 1045564.15, "Total Cost": 1624802.63, "Plan Rows": 4500000, "Plan Width": 12, "Workers Planned": 3, "Plans": [{"Node Type": "Aggregate", "Strategy": "Sorted", "Partial Mode": "Partial", "Parent Relationship": "Outer", "Parallel Aware": false, "Startup Cost": 1044564.11, "Total Cost": 1095052.59, "Plan Rows": 1500000, "Plan Width": 12, "Group Key": ["customer.c_custkey"], "Plans": [{"Node Type": "Sort", "Parent Relationship": "Outer", "Parallel Aware": false, "Startup Cost": 1044564.11, "Total Cost": 1056393.6, "Plan Rows": 4731798, "Plan Width": 8, "Sort Key": ["customer.c_custkey"], "Plans": [{"Node Type": "Hash Join", "Parent Relationship": "Outer", "Parallel Aware": true, "Join Type": "Left", "Startup Cost": 399024.19, "Total Cost": 482058.48, "Plan Rows": 4731798, "Plan Width": 8, "Inner Unique": false, "Hash Cond": "(customer.c_custkey = orders.o_custkey)", "Plans": [{"Node Type": "Seq Scan", "Parent Relationship": "Outer", "Parallel Aware": true, "Relation Name": "customer", "Alias": "customer", "Startup Cost": 0.0, "Total Cost": 40665.71, "Plan Rows": 483871, "Plan Width": 4}, {"Node Type": "Hash", "Parent Relationship": "Inner", "Parallel Aware": true, "Startup Cost": 321392.71, "Total Cost": 321392.71, "Plan Rows": 4731798, "Plan Width": 8, "Plans": [{"Node Type": "Seq Scan", "Parent Relationship": "Outer", "Parallel Aware": true, "Relation Name": "orders", "Alias": "orders", "Startup Cost": 0.0, "Total Cost": 321392.71, "Plan Rows": 4731798, "Plan Width": 8, "Filter": "((o_comment)::text !~~ '%unusual%accounts%'::text)"}]}]}]}]}]}]}]}]}]}}, {"Plan": {"Node Type": "Limit", "Parallel Aware": false, "Startup Cost": 1684805.63, "Total Cost": 1684805.63, "Plan Rows": 1, "Plan Width": 16, "Plans": [{"Node Type": "Sort", "Parent Relationship": "Outer", "Parallel Aware": false, "Startup Cost": 1684805.63, "Total Cost": 1684806.13, "Plan Rows": 200, "Plan Width": 16, "Sort Key": ["(count(*)) DESC", "(count(orders.o_orderkey)) DESC"], "Plans": [{"Node Type": "Aggregate", "Strategy": "Hashed", "Partial Mode": "Simple", "Parent Relationship": "Outer", "Parallel Aware": false, "Startup Cost": 1684802.63, "Total Cost": 1684804.63, "Plan Rows": 200, "Plan Width": 16, "Group Key": ["count(orders.o_orderkey)"], "Plans": [{"Node Type": "Aggregate", "Strategy": "Sorted", "Partial Mode": "Finalize", "Parent Relationship": "Outer", "Parallel Aware": false, "Startup Cost": 1045564.15, "Total Cost": 1662302.63, "Plan Rows": 1500000, "Plan Width": 12, "Group Key": ["customer.c_custkey"], "Plans": [{"Node Type": "Gather Merge", "Parent Relationship": "Outer", "Parallel Aware": false, "Startup Cost": 1045564.15, "Total Cost": 1624802.63, "Plan Rows": 4500000, "Plan Width": 12, "Workers Planned": 3, "Plans": [{"Node Type": "Aggregate", "Strategy": "Sorted", "Partial Mode": "Partial", "Parent Relationship": "Outer", "Parallel Aware": false, "Startup Cost": 1044564.11, "Total Cost": 1095052.59, "Plan Rows": 1500000, "Plan Width": 12, "Group Key": ["customer.c_custkey"], "Plans": [{"Node Type": "Sort", "Parent Relationship": "Outer", "Parallel Aware": false, "Startup Cost": 1044564.11, "Total Cost": 1056393.6, "Plan Rows": 4731798, "Plan Width": 8, "Sort Key": ["customer.c_custkey"], "Plans": [{"Node Type": "Hash Join", "Parent Relationship": "Outer", "Parallel Aware": true, "Join Type": "Left", "Startup Cost": 399024.19, "Total Cost": 482058.48, "Plan Rows": 4731798, "Plan Width": 8, "Inner Unique": false, "Hash Cond": "(customer.c_custkey = orders.o_custkey)", "Plans": [{"Node Type": "Seq Scan", "Parent Relationship": "Outer", "Parallel Aware": true, "Relation Name": "customer", "Alias": "customer", "Startup Cost": 0.0, "Total Cost": 40665.71, "Plan Rows": 483871, "Plan Width": 4}, {"Node Type": "Hash", "Parent Relationship": "Inner", "Parallel Aware": true, "Startup Cost": 321392.71, "Total Cost": 321392.71, "Plan Rows": 4731798, "Plan Width": 8, "Plans": [{"Node Type": "Seq Scan", "Parent Relationship": "Outer", "Parallel Aware": true, "Relation Name": "orders", "Alias": "orders", "Startup Cost": 0.0, "Total Cost": 321392.71, "Plan Rows": 4731798, "Plan Width": 8, "Filter": "((o_comment)::text !~~ '%unusual%accounts%'::text)"}]}]}]}]}]}]}]}]}]}}, {"Plan": {"Node Type": "Limit", "Parallel Aware": false, "Startup Cost": 1684805.63, "Total Cost": 1684805.63, "Plan Rows": 1, "Plan Width": 16, "Plans": [{"Node Type": "Sort", "Parent Relationship": "Outer", "Parallel Aware": false, "Startup Cost": 1684805.63, "Total Cost": 1684806.13, "Plan Rows": 200, "Plan Width": 16, "Sort Key": ["(count(*)) DESC", "(count(orders.o_orderkey)) DESC"], "Plans": [{"Node Type": "Aggregate", "Strategy": "Hashed", "Partial Mode": "Simple", "Parent Relationship": "Outer", "Parallel Aware": false, "Startup Cost": 1684802.63, "Total Cost": 1684804.63, "Plan Rows": 200, "Plan Width": 16, "Group Key": ["count(orders.o_orderkey)"], "Plans": [{"Node Type": "Aggregate", "Strategy": "Sorted", "Partial Mode": "Finalize", "Parent Relationship": "Outer", "Parallel Aware": false, "Startup Cost": 1045564.15, "Total Cost": 1662302.63, "Plan Rows": 1500000, "Plan Width": 12, "Group Key": ["customer.c_custkey"], "Plans": [{"Node Type": "Gather Merge", "Parent Relationship": "Outer", "Parallel Aware": false, "Startup Cost": 1045564.15, "Total Cost": 1624802.63, "Plan Rows": 4500000, "Plan Width": 12, "Workers Planned": 3, "Plans": [{"Node Type": "Aggregate", "Strategy": "Sorted", "Partial Mode": "Partial", "Parent Relationship": "Outer", "Parallel Aware": false, "Startup Cost": 1044564.11, "Total Cost": 1095052.59, "Plan Rows": 1500000, "Plan Width": 12, "Group Key": ["customer.c_custkey"], "Plans": [{"Node Type": "Sort", "Parent Relationship": "Outer", "Parallel Aware": false, "Startup Cost": 1044564.11, "Total Cost": 1056393.6, "Plan Rows": 4731798, "Plan Width": 8, "Sort Key": ["customer.c_custkey"], "Plans": [{"Node Type": "Hash Join", "Parent Relationship": "Outer", "Parallel Aware": true, "Join Type": "Left", "Startup Cost": 399024.19, "Total Cost": 482058.48, "Plan Rows": 4731798, "Plan Width": 8, "Inner Unique": false, "Hash Cond": "(customer.c_custkey = orders.o_custkey)", "Plans": [{"Node Type": "Seq Scan", "Parent Relationship": "Outer", "Parallel Aware": true, "Relation Name": "customer", "Alias": "customer", "Startup Cost": 0.0, "Total Cost": 40665.71, "Plan Rows": 483871, "Plan Width": 4}, {"Node Type": "Hash", "Parent Relationship": "Inner", "Parallel Aware": true, "Startup Cost": 321392.71, "Total Cost": 321392.71, "Plan Rows": 4731798, "Plan Width": 8, "Plans": [{"Node Type": "Seq Scan", "Parent Relationship": "Outer", "Parallel Aware": true, "Relation Name": "orders", "Alias": "orders", "Startup Cost": 0.0, "Total Cost": 321392.71, "Plan Rows": 4731798, "Plan Width": 8, "Filter": "((o_comment)::text !~~ '%unusual%accounts%'::text)"}]}]}]}]}]}]}]}]}]}}, {"Plan": {"Node Type": "Limit", "Parallel Aware": false, "Startup Cost": 955600.48, "Total Cost": 955600.49, "Plan Rows": 1, "Plan Width": 16, "Plans": [{"Node Type": "Sort", "Parent Relationship": "Outer", "Parallel Aware": false, "Startup Cost": 955600.48, "Total Cost": 955600.98, "Plan Rows": 200, "Plan Width": 16, "Sort Key": ["(count(*)) DESC", "(count(orders.o_orderkey)) DESC"], "Plans": [{"Node Type": "Aggregate", "Strategy": "Hashed", "Partial Mode": "Simple", "Parent Relationship": "Outer", "Parallel Aware": false, "Startup Cost": 955597.48, "Total Cost": 955599.48, "Plan Rows": 200, "Plan Width": 16, "Group Key": ["count(orders.o_orderkey)"], "Plans": [{"Node Type": "Aggregate", "Strategy": "Sorted", "Partial Mode": "Simple", "Parent Relationship": "Outer", "Parallel Aware": false, "Startup Cost": 4.87, "Total Cost": 933097.48, "Plan Rows": 1500000, "Plan Width": 12, "Group Key": ["customer.c_custkey"], "Plans": [{"Node Type": "Merge Join", "Parent Relationship": "Outer", "Parallel Aware": false, "Join Type": "Left", "Startup Cost": 4.87, "Total Cost": 844754.62, "Plan Rows": 14668573, "Plan Width": 8, "Inner Unique": false, "Merge Cond": "(customer.c_custkey = orders.o_custkey)", "Plans": [{"Node Type": "Index Only Scan", "Parent Relationship": "Outer", "Parallel Aware": false, "Scan Direction": "Forward", "Index Name": "customer_pkey", "Relation Name": "customer", "Alias": "customer", "Startup Cost": 0.43, "Total Cost": 62855.13, "Plan Rows": 1500000, "Plan Width": 4}, {"Node Type": "Index Scan", "Parent Relationship": "Inner", "Parallel Aware": false, "Scan Direction": "Forward", "Index Name": "idx_orders_custkey", "Relation Name": "orders", "Alias": "orders", "Startup Cost": 0.43, "Total Cost": 594792.33, "Plan Rows": 14668573, "Plan Width": 8, "Filter": "((o_comment)::text !~~ '%unusual%accounts%'::text)"}]}]}]}]}]}}, {"Plan": {"Node Type": "Limit", "Parallel Aware": false, "Startup Cost": 955600.48, "Total Cost": 955600.49, "Plan Rows": 1, "Plan Width": 16, "Plans": [{"Node Type": "Sort", "Parent Relationship": "Outer", "Parallel Aware": false, "Startup Cost": 955600.48, "Total Cost": 955600.98, "Plan Rows": 200, "Plan Width": 16, "Sort Key": ["(count(*)) DESC", "(count(orders.o_orderkey)) DESC"], "Plans": [{"Node Type": "Aggregate", "Strategy": "Hashed", "Partial Mode": "Simple", "Parent Relationship": "Outer", "Parallel Aware": false, "Startup Cost": 955597.48, "Total Cost": 955599.48, "Plan Rows": 200, "Plan Width": 16, "Group Key": ["count(orders.o_orderkey)"], "Plans": [{"Node Type": "Aggregate", "Strategy": "Sorted", "Partial Mode": "Simple", "Parent Relationship": "Outer", "Parallel Aware": false, "Startup Cost": 4.87, "Total Cost": 933097.48, "Plan Rows": 1500000, "Plan Width": 12, "Group Key": ["customer.c_custkey"], "Plans": [{"Node Type": "Merge Join", "Parent Relationship": "Outer", "Parallel Aware": false, "Join Type": "Left", "Startup Cost": 4.87, "Total Cost": 844754.62, "Plan Rows": 14668573, "Plan Width": 8, "Inner Unique": false, "Merge Cond": "(customer.c_custkey = orders.o_custkey)", "Plans": [{"Node Type": "Index Only Scan", "Parent Relationship": "Outer", "Parallel Aware": false, "Scan Direction": "Forward", "Index Name": "customer_pkey", "Relation Name": "customer", "Alias": "customer", "Startup Cost": 0.43, "Total Cost": 62855.13, "Plan Rows": 1500000, "Plan Width": 4}, {"Node Type": "Index Scan", "Parent Relationship": "Inner", "Parallel Aware": false, "Scan Direction": "Forward", "Index Name": "idx_orders_custkey", "Relation Name": "orders", "Alias": "orders", "Startup Cost": 0.43, "Total Cost": 594792.33, "Plan Rows": 14668573, "Plan Width": 8, "Filter": "((o_comment)::text !~~ '%unusual%accounts%'::text)"}]}]}]}]}]}}, {"Plan": {"Node Type": "Limit", "Parallel Aware": false, "Startup Cost": 955600.48, "Total Cost": 955600.49, "Plan Rows": 1, "Plan Width": 16, "Plans": [{"Node Type": "Sort", "Parent Relationship": "Outer", "Parallel Aware": false, "Startup Cost": 955600.48, "Total Cost": 955600.98, "Plan Rows": 200, "Plan Width": 16, "Sort Key": ["(count(*)) DESC", "(count(orders.o_orderkey)) DESC"], "Plans": [{"Node Type": "Aggregate", "Strategy": "Hashed", "Partial Mode": "Simple", "Parent Relationship": "Outer", "Parallel Aware": false, "Startup Cost": 955597.48, "Total Cost": 955599.48, "Plan Rows": 200, "Plan Width": 16, "Group Key": ["count(orders.o_orderkey)"], "Plans": [{"Node Type": "Aggregate", "Strategy": "Sorted", "Partial Mode": "Simple", "Parent Relationship": "Outer", "Parallel Aware": false, "Startup Cost": 4.87, "Total Cost": 933097.48, "Plan Rows": 1500000, "Plan Width": 12, "Group Key": ["customer.c_custkey"], "Plans": [{"Node Type": "Merge Join", "Parent Relationship": "Outer", "Parallel Aware": false, "Join Type": "Left", "Startup Cost": 4.87, "Total Cost": 844754.62, "Plan Rows": 14668573, "Plan Width": 8, "Inner Unique": false, "Merge Cond": "(customer.c_custkey = orders.o_custkey)", "Plans": [{"Node Type": "Index Only Scan", "Parent Relationship": "Outer", "Parallel Aware": false, "Scan Direction": "Forward", "Index Name": "customer_pkey", "Relation Name": "customer", "Alias": "customer", "Startup Cost": 0.43, "Total Cost": 62855.13, "Plan Rows": 1500000, "Plan Width": 4}, {"Node Type": "Index Scan", "Parent Relationship": "Inner", "Parallel Aware": false, "Scan Direction": "Forward", "Index Name": "idx_orders_custkey", "Relation Name": "orders", "Alias": "orders", "Startup Cost": 0.43, "Total Cost": 594792.33, "Plan Rows": 14668573, "Plan Width": 8, "Filter": "((o_comment)::text !~~ '%unusual%accounts%'::text)"}]}]}]}]}]}}, {"Plan": {"Node Type": "Limit", "Parallel Aware": false, "Startup Cost": 955600.48, "Total Cost": 955600.49, "Plan Rows": 1, "Plan Width": 16, "Plans": [{"Node Type": "Sort", "Parent Relationship": "Outer", "Parallel Aware": false, "Startup Cost": 955600.48, "Total Cost": 955600.98, "Plan Rows": 200, "Plan Width": 16, "Sort Key": ["(count(*)) DESC", "(count(orders.o_orderkey)) DESC"], "Plans": [{"Node Type": "Aggregate", "Strategy": "Hashed", "Partial Mode": "Simple", "Parent Relationship": "Outer", "Parallel Aware": false, "Startup Cost": 955597.48, "Total Cost": 955599.48, "Plan Rows": 200, "Plan Width": 16, "Group Key": ["count(orders.o_orderkey)"], "Plans": [{"Node Type": "Aggregate", "Strategy": "Sorted", "Partial Mode": "Simple", "Parent Relationship": "Outer", "Parallel Aware": false, "Startup Cost": 4.87, "Total Cost": 933097.48, "Plan Rows": 1500000, "Plan Width": 12, "Group Key": ["customer.c_custkey"], "Plans": [{"Node Type": "Merge Join", "Parent Relationship": "Outer", "Parallel Aware": false, "Join Type": "Left", "Startup Cost": 4.87, "Total Cost": 844754.62, "Plan Rows": 14668573, "Plan Width": 8, "Inner Unique": false, "Merge Cond": "(customer.c_custkey = orders.o_custkey)", "Plans": [{"Node Type": "Index Only Scan", "Parent Relationship": "Outer", "Parallel Aware": false, "Scan Direction": "Forward", "Index Name": "customer_pkey", "Relation Name": "customer", "Alias": "customer", "Startup Cost": 0.43, "Total Cost": 62855.13, "Plan Rows": 1500000, "Plan Width": 4}, {"Node Type": "Index Scan", "Parent Relationship": "Inner", "Parallel Aware": false, "Scan Direction": "Forward", "Index Name": "idx_orders_custkey", "Relation Name": "orders", "Alias": "orders", "Startup Cost": 0.43, "Total Cost": 594792.33, "Plan Rows": 14668573, "Plan Width": 8, "Filter": "((o_comment)::text !~~ '%unusual%accounts%'::text)"}]}]}]}]}]}}, {"Plan": {"Node Type": "Limit", "Parallel Aware": false, "Startup Cost": 1255236.74, "Total Cost": 1255236.75, "Plan Rows": 1, "Plan Width": 16, "Plans": [{"Node Type": "Sort", "Parent Relationship": "Outer", "Parallel Aware": false, "Startup Cost": 1255236.74, "Total Cost": 1255237.24, "Plan Rows": 200, "Plan Width": 16, "Sort Key": ["(count(*)) DESC", "(count(orders.o_orderkey)) DESC"], "Plans": [{"Node Type": "Aggregate", "Strategy": "Hashed", "Partial Mode": "Simple", "Parent Relationship": "Outer", "Parallel Aware": false, "Startup Cost": 1255233.74, "Total Cost": 1255235.74, "Plan Rows": 200, "Plan Width": 16, "Group Key": ["count(orders.o_orderkey)"], "Plans": [{"Node Type": "Aggregate", "Strategy": "Sorted", "Partial Mode": "Finalize", "Parent Relationship": "Outer", "Parallel Aware": false, "Startup Cost": 1000.9, "Total Cost": 1232733.74, "Plan Rows": 1500000, "Plan Width": 12, "Group Key": ["customer.c_custkey"], "Plans": [{"Node Type": "Gather Merge", "Parent Relationship": "Outer", "Parallel Aware": false, "Startup Cost": 1000.9, "Total Cost": 1195233.74, "Plan Rows": 4500000, "Plan Width": 12, "Workers Planned": 3, "Plans": [{"Node Type": "Aggregate", "Strategy": "Sorted", "Partial Mode": "Partial", "Parent Relationship": "Outer", "Parallel Aware": false, "Startup Cost": 0.86, "Total Cost": 665483.7, "Plan Rows": 1500000, "Plan Width": 12, "Group Key": ["customer.c_custkey"], "Plans": [{"Node Type": "Nested Loop", "Parent Relationship": "Outer", "Parallel Aware": false, "Join Type": "Left", "Startup Cost": 0.86, "Total Cost": 626824.71, "Plan Rows": 4731798, "Plan Width": 8, "Inner Unique": false, "Plans": [{"Node Type": "Index Only Scan", "Parent Relationship": "Outer", "Parallel Aware": true, "Scan Direction": "Forward", "Index Name": "customer_pkey", "Relation Name": "customer", "Alias": "customer", "Startup Cost": 0.43, "Total Cost": 52693.84, "Plan Rows": 483871, "Plan Width": 4}, {"Node Type": "Index Scan", "Parent Relationship": "Inner", "Parallel Aware": false, "Scan Direction": "Forward", "Index Name": "idx_orders_custkey", "Relation Name": "orders", "Alias": "orders", "Startup Cost": 0.43, "Total Cost": 1.02, "Plan Rows": 17, "Plan Width": 8, "Index Cond": "(o_custkey = customer.c_custkey)", "Filter": "((o_comment)::text !~~ '%unusual%accounts%'::text)"}]}]}]}]}]}]}]}}, {"Plan": {"Node Type": "Limit", "Parallel Aware": false, "Startup Cost": 1255236.74, "Total Cost": 1255236.75, "Plan Rows": 1, "Plan Width": 16, "Plans": [{"Node Type": "Sort", "Parent Relationship": "Outer", "Parallel Aware": false, "Startup Cost": 1255236.74, "Total Cost": 1255237.24, "Plan Rows": 200, "Plan Width": 16, "Sort Key": ["(count(*)) DESC", "(count(orders.o_orderkey)) DESC"], "Plans": [{"Node Type": "Aggregate", "Strategy": "Hashed", "Partial Mode": "Simple", "Parent Relationship": "Outer", "Parallel Aware": false, "Startup Cost": 1255233.74, "Total Cost": 1255235.74, "Plan Rows": 200, "Plan Width": 16, "Group Key": ["count(orders.o_orderkey)"], "Plans": [{"Node Type": "Aggregate", "Strategy": "Sorted", "Partial Mode": "Finalize", "Parent Relationship": "Outer", "Parallel Aware": false, "Startup Cost": 1000.9, "Total Cost": 1232733.74, "Plan Rows": 1500000, "Plan Width": 12, "Group Key": ["customer.c_custkey"], "Plans": [{"Node Type": "Gather Merge", "Parent Relationship": "Outer", "Parallel Aware": false, "Startup Cost": 1000.9, "Total Cost": 1195233.74, "Plan Rows": 4500000, "Plan Width": 12, "Workers Planned": 3, "Plans": [{"Node Type": "Aggregate", "Strategy": "Sorted", "Partial Mode": "Partial", "Parent Relationship": "Outer", "Parallel Aware": false, "Startup Cost": 0.86, "Total Cost": 665483.7, "Plan Rows": 1500000, "Plan Width": 12, "Group Key": ["customer.c_custkey"], "Plans": [{"Node Type": "Nested Loop", "Parent Relationship": "Outer", "Parallel Aware": false, "Join Type": "Left", "Startup Cost": 0.86, "Total Cost": 626824.71, "Plan Rows": 4731798, "Plan Width": 8, "Inner Unique": false, "Plans": [{"Node Type": "Index Only Scan", "Parent Relationship": "Outer", "Parallel Aware": true, "Scan Direction": "Forward", "Index Name": "customer_pkey", "Relation Name": "customer", "Alias": "customer", "Startup Cost": 0.43, "Total Cost": 52693.84, "Plan Rows": 483871, "Plan Width": 4}, {"Node Type": "Index Scan", "Parent Relationship": "Inner", "Parallel Aware": false, "Scan Direction": "Forward", "Index Name": "idx_orders_custkey", "Relation Name": "orders", "Alias": "orders", "Startup Cost": 0.43, "Total Cost": 1.02, "Plan Rows": 17, "Plan Width": 8, "Index Cond": "(o_custkey = customer.c_custkey)", "Filter": "((o_comment)::text !~~ '%unusual%accounts%'::text)"}]}]}]}]}]}]}]}}, {"Plan": {"Node Type": "Limit", "Parallel Aware": false, "Startup Cost": 20001125237.47, "Total Cost": 20001125237.47, "Plan Rows": 1, "Plan Width": 16, "Plans": [{"Node Type": "Sort", "Parent Relationship": "Outer", "Parallel Aware": false, "Startup Cost": 20001125237.47, "Total Cost": 20001125237.97, "Plan Rows": 200, "Plan Width": 16, "Sort Key": ["(count(*)) DESC", "c_orders.c_count DESC"], "Plans": [{"Node Type": "Aggregate", "Strategy": "Sorted", "Partial Mode": "Simple", "Parent Relationship": "Outer", "Parallel Aware": false, "Startup Cost": 20001113984.47, "Total Cost": 20001125236.47, "Plan Rows": 200, "Plan Width": 16, "Group Key": ["c_orders.c_count"], "Plans": [{"Node Type": "Sort", "Parent Relationship": "Outer", "Parallel Aware": false, "Startup Cost": 20001113984.47, "Total Cost": 20001117734.47, "Plan Rows": 1500000, "Plan Width": 8, "Sort Key": ["c_orders.c_count DESC"], "Plans": [{"Node Type": "Subquery Scan", "Parent Relationship": "Outer", "Parallel Aware": false, "Alias": "c_orders", "Startup Cost": 20000000004.87, "Total Cost": 20000948097.48, "Plan Rows": 1500000, "Plan Width": 8, "Plans": [{"Node Type": "Aggregate", "Strategy": "Sorted", "Partial Mode": "Simple", "Parent Relationship": "Subquery", "Parallel Aware": false, "Startup Cost": 20000000004.87, "Total Cost": 20000933097.48, "Plan Rows": 1500000, "Plan Width": 12, "Group Key": ["customer.c_custkey"], "Plans": [{"Node Type": "Merge Join", "Parent Relationship": "Outer", "Parallel Aware": false, "Join Type": "Left", "Startup Cost": 20000000004.87, "Total Cost": 20000844754.62, "Plan Rows": 14668573, "Plan Width": 8, "Inner Unique": false, "Merge Cond": "(customer.c_custkey = orders.o_custkey)", "Plans": [{"Node Type": "Index Only Scan", "Parent Relationship": "Outer", "Parallel Aware": false, "Scan Direction": "Forward", "Index Name": "customer_pkey", "Relation Name": "customer", "Alias": "customer", "Startup Cost": 10000000000.43, "Total Cost": 10000062855.13, "Plan Rows": 1500000, "Plan Width": 4}, {"Node Type": "Index Scan", "Parent Relationship": "Inner", "Parallel Aware": false, "Scan Direction": "Forward", "Index Name": "idx_orders_custkey", "Relation Name": "orders", "Alias": "orders", "Startup Cost": 10000000000.43, "Total Cost": 10000594792.33, "Plan Rows": 14668573, "Plan Width": 8, "Filter": "((o_comment)::text !~~ '%unusual%accounts%'::text)"}]}]}]}]}]}]}]}}, {"Plan": {"Node Type": "Limit", "Parallel Aware": false, "Startup Cost": 10003560015.38, "Total Cost": 10003560015.38, "Plan Rows": 1, "Plan Width": 16, "Plans": [{"Node Type": "Sort", "Parent Relationship": "Outer", "Parallel Aware": false, "Startup Cost": 10003560015.38, "Total Cost": 10003560015.88, "Plan Rows": 200, "Plan Width": 16, "Sort Key": ["(count(*)) DESC", "c_orders.c_count DESC"], "Plans": [{"Node Type": "Aggregate", "Strategy": "Sorted", "Partial Mode": "Simple", "Parent Relationship": "Outer", "Parallel Aware": false, "Startup Cost": 10003548762.38, "Total Cost": 10003560014.38, "Plan Rows": 200, "Plan Width": 16, "Group Key": ["c_orders.c_count"], "Plans": [{"Node Type": "Sort", "Parent Relationship": "Outer", "Parallel Aware": false, "Startup Cost": 10003548762.38, "Total Cost": 10003552512.38, "Plan Rows": 1500000, "Plan Width": 8, "Sort Key": ["c_orders.c_count DESC"], "Plans": [{"Node Type": "Subquery Scan", "Parent Relationship": "Outer", "Parallel Aware": false, "Alias": "c_orders", "Startup Cost": 10000000001.03, "Total Cost": 10003382875.39, "Plan Rows": 1500000, "Plan Width": 8, "Plans": [{"Node Type": "Aggregate", "Strategy": "Sorted", "Partial Mode": "Simple", "Parent Relationship": "Subquery", "Parallel Aware": false, "Startup Cost": 10000000001.03, "Total Cost": 10003367875.39, "Plan Rows": 1500000, "Plan Width": 12, "Group Key": ["customer.c_custkey"], "Plans": [{"Node Type": "Nested Loop", "Parent Relationship": "Outer", "Parallel Aware": false, "Join Type": "Left", "Startup Cost": 10000000001.03, "Total Cost": 10003279532.53, "Plan Rows": 14668573, "Plan Width": 8, "Inner Unique": false, "Plans": [{"Node Type": "Index Only Scan", "Parent Relationship": "Outer", "Parallel Aware": false, "Scan Direction": "Forward", "Index Name": "customer_pkey", "Relation Name": "customer", "Alias": "customer", "Startup Cost": 10000000000.43, "Total Cost": 10000062855.13, "Plan Rows": 1500000, "Plan Width": 4}, {"Node Type": "Bitmap Heap Scan", "Parent Relationship": "Inner", "Parallel Aware": false, "Relation Name": "orders", "Alias": "orders", "Startup Cost": 0.6, "Total Cost": 1.97, "Plan Rows": 17, "Plan Width": 8, "Recheck Cond": "(customer.c_custkey = o_custkey)", "Filter": "((o_comment)::text !~~ '%unusual%accounts%'::text)", "Plans": [{"Node Type": "Bitmap Index Scan", "Parent Relationship": "Outer", "Parallel Aware": false, "Index Name": "idx_orders_custkey", "Startup Cost": 0.0, "Total Cost": 0.6, "Plan Rows": 18, "Plan Width": 0, "Index Cond": "(o_custkey = customer.c_custkey)"}]}]}]}]}]}]}]}]}}, {"Plan": {"Node Type": "Limit", "Parallel Aware": false, "Startup Cost": 2281050.8, "Total Cost": 2281050.81, "Plan Rows": 1, "Plan Width": 16, "Plans": [{"Node Type": "Sort", "Parent Relationship": "Outer", "Parallel Aware": false, "Startup Cost": 2281050.8, "Total Cost": 2281051.3, "Plan Rows": 200, "Plan Width": 16, "Sort Key": ["(count(*)) DESC", "(count(orders.o_orderkey)) DESC"], "Plans": [{"Node Type": "Aggregate", "Strategy": "Hashed", "Partial Mode": "Simple", "Parent Relationship": "Outer", "Parallel Aware": false, "Startup Cost": 2281047.8, "Total Cost": 2281049.8, "Plan Rows": 200, "Plan Width": 16, "Group Key": ["count(orders.o_orderkey)"], "Plans": [{"Node Type": "Aggregate", "Strategy": "Sorted", "Partial Mode": "Finalize", "Parent Relationship": "Outer", "Parallel Aware": false, "Startup Cost": 1641809.32, "Total Cost": 2258547.8, "Plan Rows": 1500000, "Plan Width": 12, "Group Key": ["customer.c_custkey"], "Plans": [{"Node Type": "Gather Merge", "Parent Relationship": "Outer", "Parallel Aware": false, "Startup Cost": 1641809.32, "Total Cost": 2221047.8, "Plan Rows": 4500000, "Plan Width": 12, "Workers Planned": 3, "Plans": [{"Node Type": "Aggregate", "Strategy": "Sorted", "Partial Mode": "Partial", "Parent Relationship": "Outer", "Parallel Aware": false, "Startup Cost": 1640809.28, "Total Cost": 1691297.76, "Plan Rows": 1500000, "Plan Width": 12, "Group Key": ["customer.c_custkey"], "Plans": [{"Node Type": "Sort", "Parent Relationship": "Outer", "Parallel Aware": false, "Startup Cost": 1640809.28, "Total Cost": 1652638.77, "Plan Rows": 4731798, "Plan Width": 8, "Sort Key": ["customer.c_custkey"], "Plans": [{"Node Type": "Nested Loop", "Parent Relationship": "Outer", "Parallel Aware": false, "Join Type": "Left", "Startup Cost": 0.6, "Total Cost": 1078303.65, "Plan Rows": 4731798, "Plan Width": 8, "Inner Unique": false, "Plans": [{"Node Type": "Seq Scan", "Parent Relationship": "Outer", "Parallel Aware": true, "Relation Name": "customer", "Alias": "customer", "Startup Cost": 0.0, "Total Cost": 40665.71, "Plan Rows": 483871, "Plan Width": 4}, {"Node Type": "Bitmap Heap Scan", "Parent Relationship": "Inner", "Parallel Aware": false, "Relation Name": "orders", "Alias": "orders", "Startup Cost": 0.6, "Total Cost": 1.97, "Plan Rows": 17, "Plan Width": 8, "Recheck Cond": "(customer.c_custkey = o_custkey)", "Filter": "((o_comment)::text !~~ '%unusual%accounts%'::text)", "Plans": [{"Node Type": "Bitmap Index Scan", "Parent Relationship": "Outer", "Parallel Aware": false, "Index Name": "idx_orders_custkey", "Startup Cost": 0.0, "Total Cost": 0.6, "Plan Rows": 18, "Plan Width": 0, "Index Cond": "(o_custkey = customer.c_custkey)"}]}]}]}]}]}]}]}]}]}}, {"Plan": {"Node Type": "Limit", "Parallel Aware": false, "Startup Cost": 2903643.85, "Total Cost": 2903643.85, "Plan Rows": 1, "Plan Width": 16, "Plans": [{"Node Type": "Sort", "Parent Relationship": "Outer", "Parallel Aware": false, "Startup Cost": 2903643.85, "Total Cost": 2903644.35, "Plan Rows": 200, "Plan Width": 16, "Sort Key": ["(count(*)) DESC", "(count(orders.o_orderkey)) DESC"], "Plans": [{"Node Type": "Aggregate", "Strategy": "Hashed", "Partial Mode": "Simple", "Parent Relationship": "Outer", "Parallel Aware": false, "Startup Cost": 2903640.85, "Total Cost": 2903642.85, "Plan Rows": 200, "Plan Width": 16, "Group Key": ["count(orders.o_orderkey)"], "Plans": [{"Node Type": "Aggregate", "Strategy": "Sorted", "Partial Mode": "Simple", "Parent Relationship": "Outer", "Parallel Aware": false, "Startup Cost": 2528598.42, "Total Cost": 2881140.85, "Plan Rows": 1500000, "Plan Width": 12, "Group Key": ["customer.c_custkey"], "Plans": [{"Node Type": "Merge Join", "Parent Relationship": "Outer", "Parallel Aware": false, "Join Type": "Left", "Startup Cost": 2528598.42, "Total Cost": 2792797.98, "Plan Rows": 14668573, "Plan Width": 8, "Inner Unique": false, "Merge Cond": "(customer.c_custkey = orders.o_custkey)", "Plans": [{"Node Type": "Sort", "Parent Relationship": "Outer", "Parallel Aware": false, "Startup Cost": 216713.98, "Total Cost": 220463.98, "Plan Rows": 1500000, "Plan Width": 4, "Sort Key": ["customer.c_custkey"], "Plans": [{"Node Type": "Seq Scan", "Parent Relationship": "Outer", "Parallel Aware": false, "Relation Name": "customer", "Alias": "customer", "Startup Cost": 0.0, "Total Cost": 50827.0, "Plan Rows": 1500000, "Plan Width": 4}]}, {"Node Type": "Materialize", "Parent Relationship": "Inner", "Parallel Aware": false, "Startup Cost": 2311883.97, "Total Cost": 2385226.84, "Plan Rows": 14668573, "Plan Width": 8, "Plans": [{"Node Type": "Sort", "Parent Relationship": "Outer", "Parallel Aware": false, "Startup Cost": 2311883.97, "Total Cost": 2348555.41, "Plan Rows": 14668573, "Plan Width": 8, "Sort Key": ["orders.o_custkey"], "Plans": [{"Node Type": "Seq Scan", "Parent Relationship": "Outer", "Parallel Aware": false, "Relation Name": "orders", "Alias": "orders", "Startup Cost": 0.0, "Total Cost": 448402.21, "Plan Rows": 14668573, "Plan Width": 8, "Filter": "((o_comment)::text !~~ '%unusual%accounts%'::text)"}]}]}]}]}]}]}]}}, {"Plan": {"Node Type": "Limit", "Parallel Aware": false, "Startup Cost": 10003560015.38, "Total Cost": 10003560015.38, "Plan Rows": 1, "Plan Width": 16, "Plans": [{"Node Type": "Sort", "Parent Relationship": "Outer", "Parallel Aware": false, "Startup Cost": 10003560015.38, "Total Cost": 10003560015.88, "Plan Rows": 200, "Plan Width": 16, "Sort Key": ["(count(*)) DESC", "c_orders.c_count DESC"], "Plans": [{"Node Type": "Aggregate", "Strategy": "Sorted", "Partial Mode": "Simple", "Parent Relationship": "Outer", "Parallel Aware": false, "Startup Cost": 10003548762.38, "Total Cost": 10003560014.38, "Plan Rows": 200, "Plan Width": 16, "Group Key": ["c_orders.c_count"], "Plans": [{"Node Type": "Sort", "Parent Relationship": "Outer", "Parallel Aware": false, "Startup Cost": 10003548762.38, "Total Cost": 10003552512.38, "Plan Rows": 1500000, "Plan Width": 8, "Sort Key": ["c_orders.c_count DESC"], "Plans": [{"Node Type": "Subquery Scan", "Parent Relationship": "Outer", "Parallel Aware": false, "Alias": "c_orders", "Startup Cost": 10000000001.03, "Total Cost": 10003382875.39, "Plan Rows": 1500000, "Plan Width": 8, "Plans": [{"Node Type": "Aggregate", "Strategy": "Sorted", "Partial Mode": "Simple", "Parent Relationship": "Subquery", "Parallel Aware": false, "Startup Cost": 10000000001.03, "Total Cost": 10003367875.39, "Plan Rows": 1500000, "Plan Width": 12, "Group Key": ["customer.c_custkey"], "Plans": [{"Node Type": "Nested Loop", "Parent Relationship": "Outer", "Parallel Aware": false, "Join Type": "Left", "Startup Cost": 10000000001.03, "Total Cost": 10003279532.53, "Plan Rows": 14668573, "Plan Width": 8, "Inner Unique": false, "Plans": [{"Node Type": "Index Only Scan", "Parent Relationship": "Outer", "Parallel Aware": false, "Scan Direction": "Forward", "Index Name": "customer_pkey", "Relation Name": "customer", "Alias": "customer", "Startup Cost": 10000000000.43, "Total Cost": 10000062855.13, "Plan Rows": 1500000, "Plan Width": 4}, {"Node Type": "Bitmap Heap Scan", "Parent Relationship": "Inner", "Parallel Aware": false, "Relation Name": "orders", "Alias": "orders", "Startup Cost": 0.6, "Total Cost": 1.97, "Plan Rows": 17, "Plan Width": 8, "Recheck Cond": "(customer.c_custkey = o_custkey)", "Filter": "((o_comment)::text !~~ '%unusual%accounts%'::text)", "Plans": [{"Node Type": "Bitmap Index Scan", "Parent Relationship": "Outer", "Parallel Aware": false, "Index Name": "idx_orders_custkey", "Startup Cost": 0.0, "Total Cost": 0.6, "Plan Rows": 18, "Plan Width": 0, "Index Cond": "(o_custkey = customer.c_custkey)"}]}]}]}]}]}]}]}]}}, {"Plan": {"Node Type": "Limit", "Parallel Aware": false, "Startup Cost": 2281050.8, "Total Cost": 2281050.81, "Plan Rows": 1, "Plan Width": 16, "Plans": [{"Node Type": "Sort", "Parent Relationship": "Outer", "Parallel Aware": false, "Startup Cost": 2281050.8, "Total Cost": 2281051.3, "Plan Rows": 200, "Plan Width": 16, "Sort Key": ["(count(*)) DESC", "(count(orders.o_orderkey)) DESC"], "Plans": [{"Node Type": "Aggregate", "Strategy": "Hashed", "Partial Mode": "Simple", "Parent Relationship": "Outer", "Parallel Aware": false, "Startup Cost": 2281047.8, "Total Cost": 2281049.8, "Plan Rows": 200, "Plan Width": 16, "Group Key": ["count(orders.o_orderkey)"], "Plans": [{"Node Type": "Aggregate", "Strategy": "Sorted", "Partial Mode": "Finalize", "Parent Relationship": "Outer", "Parallel Aware": false, "Startup Cost": 1641809.32, "Total Cost": 2258547.8, "Plan Rows": 1500000, "Plan Width": 12, "Group Key": ["customer.c_custkey"], "Plans": [{"Node Type": "Gather Merge", "Parent Relationship": "Outer", "Parallel Aware": false, "Startup Cost": 1641809.32, "Total Cost": 2221047.8, "Plan Rows": 4500000, "Plan Width": 12, "Workers Planned": 3, "Plans": [{"Node Type": "Aggregate", "Strategy": "Sorted", "Partial Mode": "Partial", "Parent Relationship": "Outer", "Parallel Aware": false, "Startup Cost": 1640809.28, "Total Cost": 1691297.76, "Plan Rows": 1500000, "Plan Width": 12, "Group Key": ["customer.c_custkey"], "Plans": [{"Node Type": "Sort", "Parent Relationship": "Outer", "Parallel Aware": false, "Startup Cost": 1640809.28, "Total Cost": 1652638.77, "Plan Rows": 4731798, "Plan Width": 8, "Sort Key": ["customer.c_custkey"], "Plans": [{"Node Type": "Nested Loop", "Parent Relationship": "Outer", "Parallel Aware": false, "Join Type": "Left", "Startup Cost": 0.6, "Total Cost": 1078303.65, "Plan Rows": 4731798, "Plan Width": 8, "Inner Unique": false, "Plans": [{"Node Type": "Seq Scan", "Parent Relationship": "Outer", "Parallel Aware": true, "Relation Name": "customer", "Alias": "customer", "Startup Cost": 0.0, "Total Cost": 40665.71, "Plan Rows": 483871, "Plan Width": 4}, {"Node Type": "Bitmap Heap Scan", "Parent Relationship": "Inner", "Parallel Aware": false, "Relation Name": "orders", "Alias": "orders", "Startup Cost": 0.6, "Total Cost": 1.97, "Plan Rows": 17, "Plan Width": 8, "Recheck Cond": "(customer.c_custkey = o_custkey)", "Filter": "((o_comment)::text !~~ '%unusual%accounts%'::text)", "Plans": [{"Node Type": "Bitmap Index Scan", "Parent Relationship": "Outer", "Parallel Aware": false, "Index Name": "idx_orders_custkey", "Startup Cost": 0.0, "Total Cost": 0.6, "Plan Rows": 18, "Plan Width": 0, "Index Cond": "(o_custkey = customer.c_custkey)"}]}]}]}]}]}]}]}]}]}}, {"Plan": {"Node Type": "Limit", "Parallel Aware": false, "Startup Cost": 955600.48, "Total Cost": 955600.49, "Plan Rows": 1, "Plan Width": 16, "Plans": [{"Node Type": "Sort", "Parent Relationship": "Outer", "Parallel Aware": false, "Startup Cost": 955600.48, "Total Cost": 955600.98, "Plan Rows": 200, "Plan Width": 16, "Sort Key": ["(count(*)) DESC", "(count(orders.o_orderkey)) DESC"], "Plans": [{"Node Type": "Aggregate", "Strategy": "Hashed", "Partial Mode": "Simple", "Parent Relationship": "Outer", "Parallel Aware": false, "Startup Cost": 955597.48, "Total Cost": 955599.48, "Plan Rows": 200, "Plan Width": 16, "Group Key": ["count(orders.o_orderkey)"], "Plans": [{"Node Type": "Aggregate", "Strategy": "Sorted", "Partial Mode": "Simple", "Parent Relationship": "Outer", "Parallel Aware": false, "Startup Cost": 4.87, "Total Cost": 933097.48, "Plan Rows": 1500000, "Plan Width": 12, "Group Key": ["customer.c_custkey"], "Plans": [{"Node Type": "Merge Join", "Parent Relationship": "Outer", "Parallel Aware": false, "Join Type": "Left", "Startup Cost": 4.87, "Total Cost": 844754.62, "Plan Rows": 14668573, "Plan Width": 8, "Inner Unique": false, "Merge Cond": "(customer.c_custkey = orders.o_custkey)", "Plans": [{"Node Type": "Index Scan", "Parent Relationship": "Outer", "Parallel Aware": false, "Scan Direction": "Forward", "Index Name": "customer_pkey", "Relation Name": "customer", "Alias": "customer", "Startup Cost": 0.43, "Total Cost": 62855.13, "Plan Rows": 1500000, "Plan Width": 4}, {"Node Type": "Index Scan", "Parent Relationship": "Inner", "Parallel Aware": false, "Scan Direction": "Forward", "Index Name": "idx_orders_custkey", "Relation Name": "orders", "Alias": "orders", "Startup Cost": 0.43, "Total Cost": 594792.33, "Plan Rows": 14668573, "Plan Width": 8, "Filter": "((o_comment)::text !~~ '%unusual%accounts%'::text)"}]}]}]}]}]}}, {"Plan": {"Node Type": "Limit", "Parallel Aware": false, "Startup Cost": 955600.48, "Total Cost": 955600.49, "Plan Rows": 1, "Plan Width": 16, "Plans": [{"Node Type": "Sort", "Parent Relationship": "Outer", "Parallel Aware": false, "Startup Cost": 955600.48, "Total Cost": 955600.98, "Plan Rows": 200, "Plan Width": 16, "Sort Key": ["(count(*)) DESC", "(count(orders.o_orderkey)) DESC"], "Plans": [{"Node Type": "Aggregate", "Strategy": "Hashed", "Partial Mode": "Simple", "Parent Relationship": "Outer", "Parallel Aware": false, "Startup Cost": 955597.48, "Total Cost": 955599.48, "Plan Rows": 200, "Plan Width": 16, "Group Key": ["count(orders.o_orderkey)"], "Plans": [{"Node Type": "Aggregate", "Strategy": "Sorted", "Partial Mode": "Simple", "Parent Relationship": "Outer", "Parallel Aware": false, "Startup Cost": 4.87, "Total Cost": 933097.48, "Plan Rows": 1500000, "Plan Width": 12, "Group Key": ["customer.c_custkey"], "Plans": [{"Node Type": "Merge Join", "Parent Relationship": "Outer", "Parallel Aware": false, "Join Type": "Left", "Startup Cost": 4.87, "Total Cost": 844754.62, "Plan Rows": 14668573, "Plan Width": 8, "Inner Unique": false, "Merge Cond": "(customer.c_custkey = orders.o_custkey)", "Plans": [{"Node Type": "Index Scan", "Parent Relationship": "Outer", "Parallel Aware": false, "Scan Direction": "Forward", "Index Name": "customer_pkey", "Relation Name": "customer", "Alias": "customer", "Startup Cost": 0.43, "Total Cost": 62855.13, "Plan Rows": 1500000, "Plan Width": 4}, {"Node Type": "Index Scan", "Parent Relationship": "Inner", "Parallel Aware": false, "Scan Direction": "Forward", "Index Name": "idx_orders_custkey", "Relation Name": "orders", "Alias": "orders", "Startup Cost": 0.43, "Total Cost": 594792.33, "Plan Rows": 14668573, "Plan Width": 8, "Filter": "((o_comment)::text !~~ '%unusual%accounts%'::text)"}]}]}]}]}]}}, {"Plan": {"Node Type": "Limit", "Parallel Aware": false, "Startup Cost": 955600.48, "Total Cost": 955600.49, "Plan Rows": 1, "Plan Width": 16, "Plans": [{"Node Type": "Sort", "Parent Relationship": "Outer", "Parallel Aware": false, "Startup Cost": 955600.48, "Total Cost": 955600.98, "Plan Rows": 200, "Plan Width": 16, "Sort Key": ["(count(*)) DESC", "(count(orders.o_orderkey)) DESC"], "Plans": [{"Node Type": "Aggregate", "Strategy": "Hashed", "Partial Mode": "Simple", "Parent Relationship": "Outer", "Parallel Aware": false, "Startup Cost": 955597.48, "Total Cost": 955599.48, "Plan Rows": 200, "Plan Width": 16, "Group Key": ["count(orders.o_orderkey)"], "Plans": [{"Node Type": "Aggregate", "Strategy": "Sorted", "Partial Mode": "Simple", "Parent Relationship": "Outer", "Parallel Aware": false, "Startup Cost": 4.87, "Total Cost": 933097.48, "Plan Rows": 1500000, "Plan Width": 12, "Group Key": ["customer.c_custkey"], "Plans": [{"Node Type": "Merge Join", "Parent Relationship": "Outer", "Parallel Aware": false, "Join Type": "Left", "Startup Cost": 4.87, "Total Cost": 844754.62, "Plan Rows": 14668573, "Plan Width": 8, "Inner Unique": false, "Merge Cond": "(customer.c_custkey = orders.o_custkey)", "Plans": [{"Node Type": "Index Scan", "Parent Relationship": "Outer", "Parallel Aware": false, "Scan Direction": "Forward", "Index Name": "customer_pkey", "Relation Name": "customer", "Alias": "customer", "Startup Cost": 0.43, "Total Cost": 62855.13, "Plan Rows": 1500000, "Plan Width": 4}, {"Node Type": "Index Scan", "Parent Relationship": "Inner", "Parallel Aware": false, "Scan Direction": "Forward", "Index Name": "idx_orders_custkey", "Relation Name": "orders", "Alias": "orders", "Startup Cost": 0.43, "Total Cost": 594792.33, "Plan Rows": 14668573, "Plan Width": 8, "Filter": "((o_comment)::text !~~ '%unusual%accounts%'::text)"}]}]}]}]}]}}, {"Plan": {"Node Type": "Limit", "Parallel Aware": false, "Startup Cost": 955600.48, "Total Cost": 955600.49, "Plan Rows": 1, "Plan Width": 16, "Plans": [{"Node Type": "Sort", "Parent Relationship": "Outer", "Parallel Aware": false, "Startup Cost": 955600.48, "Total Cost": 955600.98, "Plan Rows": 200, "Plan Width": 16, "Sort Key": ["(count(*)) DESC", "(count(orders.o_orderkey)) DESC"], "Plans": [{"Node Type": "Aggregate", "Strategy": "Hashed", "Partial Mode": "Simple", "Parent Relationship": "Outer", "Parallel Aware": false, "Startup Cost": 955597.48, "Total Cost": 955599.48, "Plan Rows": 200, "Plan Width": 16, "Group Key": ["count(orders.o_orderkey)"], "Plans": [{"Node Type": "Aggregate", "Strategy": "Sorted", "Partial Mode": "Simple", "Parent Relationship": "Outer", "Parallel Aware": false, "Startup Cost": 4.87, "Total Cost": 933097.48, "Plan Rows": 1500000, "Plan Width": 12, "Group Key": ["customer.c_custkey"], "Plans": [{"Node Type": "Merge Join", "Parent Relationship": "Outer", "Parallel Aware": false, "Join Type": "Left", "Startup Cost": 4.87, "Total Cost": 844754.62, "Plan Rows": 14668573, "Plan Width": 8, "Inner Unique": false, "Merge Cond": "(customer.c_custkey = orders.o_custkey)", "Plans": [{"Node Type": "Index Scan", "Parent Relationship": "Outer", "Parallel Aware": false, "Scan Direction": "Forward", "Index Name": "customer_pkey", "Relation Name": "customer", "Alias": "customer", "Startup Cost": 0.43, "Total Cost": 62855.13, "Plan Rows": 1500000, "Plan Width": 4}, {"Node Type": "Index Scan", "Parent Relationship": "Inner", "Parallel Aware": false, "Scan Direction": "Forward", "Index Name": "idx_orders_custkey", "Relation Name": "orders", "Alias": "orders", "Startup Cost": 0.43, "Total Cost": 594792.33, "Plan Rows": 14668573, "Plan Width": 8, "Filter": "((o_comment)::text !~~ '%unusual%accounts%'::text)"}]}]}]}]}]}}, {"Plan": {"Node Type": "Limit", "Parallel Aware": false, "Startup Cost": 1255236.74, "Total Cost": 1255236.75, "Plan Rows": 1, "Plan Width": 16, "Plans": [{"Node Type": "Sort", "Parent Relationship": "Outer", "Parallel Aware": false, "Startup Cost": 1255236.74, "Total Cost": 1255237.24, "Plan Rows": 200, "Plan Width": 16, "Sort Key": ["(count(*)) DESC", "(count(orders.o_orderkey)) DESC"], "Plans": [{"Node Type": "Aggregate", "Strategy": "Hashed", "Partial Mode": "Simple", "Parent Relationship": "Outer", "Parallel Aware": false, "Startup Cost": 1255233.74, "Total Cost": 1255235.74, "Plan Rows": 200, "Plan Width": 16, "Group Key": ["count(orders.o_orderkey)"], "Plans": [{"Node Type": "Aggregate", "Strategy": "Sorted", "Partial Mode": "Finalize", "Parent Relationship": "Outer", "Parallel Aware": false, "Startup Cost": 1000.9, "Total Cost": 1232733.74, "Plan Rows": 1500000, "Plan Width": 12, "Group Key": ["customer.c_custkey"], "Plans": [{"Node Type": "Gather Merge", "Parent Relationship": "Outer", "Parallel Aware": false, "Startup Cost": 1000.9, "Total Cost": 1195233.74, "Plan Rows": 4500000, "Plan Width": 12, "Workers Planned": 3, "Plans": [{"Node Type": "Aggregate", "Strategy": "Sorted", "Partial Mode": "Partial", "Parent Relationship": "Outer", "Parallel Aware": false, "Startup Cost": 0.86, "Total Cost": 665483.7, "Plan Rows": 1500000, "Plan Width": 12, "Group Key": ["customer.c_custkey"], "Plans": [{"Node Type": "Nested Loop", "Parent Relationship": "Outer", "Parallel Aware": false, "Join Type": "Left", "Startup Cost": 0.86, "Total Cost": 626824.71, "Plan Rows": 4731798, "Plan Width": 8, "Inner Unique": false, "Plans": [{"Node Type": "Index Scan", "Parent Relationship": "Outer", "Parallel Aware": true, "Scan Direction": "Forward", "Index Name": "customer_pkey", "Relation Name": "customer", "Alias": "customer", "Startup Cost": 0.43, "Total Cost": 52693.84, "Plan Rows": 483871, "Plan Width": 4}, {"Node Type": "Index Scan", "Parent Relationship": "Inner", "Parallel Aware": false, "Scan Direction": "Forward", "Index Name": "idx_orders_custkey", "Relation Name": "orders", "Alias": "orders", "Startup Cost": 0.43, "Total Cost": 1.02, "Plan Rows": 17, "Plan Width": 8, "Index Cond": "(o_custkey = customer.c_custkey)", "Filter": "((o_comment)::text !~~ '%unusual%accounts%'::text)"}]}]}]}]}]}]}]}}, {"Plan": {"Node Type": "Limit", "Parallel Aware": false, "Startup Cost": 1255236.74, "Total Cost": 1255236.75, "Plan Rows": 1, "Plan Width": 16, "Plans": [{"Node Type": "Sort", "Parent Relationship": "Outer", "Parallel Aware": false, "Startup Cost": 1255236.74, "Total Cost": 1255237.24, "Plan Rows": 200, "Plan Width": 16, "Sort Key": ["(count(*)) DESC", "(count(orders.o_orderkey)) DESC"], "Plans": [{"Node Type": "Aggregate", "Strategy": "Hashed", "Partial Mode": "Simple", "Parent Relationship": "Outer", "Parallel Aware": false, "Startup Cost": 1255233.74, "Total Cost": 1255235.74, "Plan Rows": 200, "Plan Width": 16, "Group Key": ["count(orders.o_orderkey)"], "Plans": [{"Node Type": "Aggregate", "Strategy": "Sorted", "Partial Mode": "Finalize", "Parent Relationship": "Outer", "Parallel Aware": false, "Startup Cost": 1000.9, "Total Cost": 1232733.74, "Plan Rows": 1500000, "Plan Width": 12, "Group Key": ["customer.c_custkey"], "Plans": [{"Node Type": "Gather Merge", "Parent Relationship": "Outer", "Parallel Aware": false, "Startup Cost": 1000.9, "Total Cost": 1195233.74, "Plan Rows": 4500000, "Plan Width": 12, "Workers Planned": 3, "Plans": [{"Node Type": "Aggregate", "Strategy": "Sorted", "Partial Mode": "Partial", "Parent Relationship": "Outer", "Parallel Aware": false, "Startup Cost": 0.86, "Total Cost": 665483.7, "Plan Rows": 1500000, "Plan Width": 12, "Group Key": ["customer.c_custkey"], "Plans": [{"Node Type": "Nested Loop", "Parent Relationship": "Outer", "Parallel Aware": false, "Join Type": "Left", "Startup Cost": 0.86, "Total Cost": 626824.71, "Plan Rows": 4731798, "Plan Width": 8, "Inner Unique": false, "Plans": [{"Node Type": "Index Scan", "Parent Relationship": "Outer", "Parallel Aware": true, "Scan Direction": "Forward", "Index Name": "customer_pkey", "Relation Name": "customer", "Alias": "customer", "Startup Cost": 0.43, "Total Cost": 52693.84, "Plan Rows": 483871, "Plan Width": 4}, {"Node Type": "Index Scan", "Parent Relationship": "Inner", "Parallel Aware": false, "Scan Direction": "Forward", "Index Name": "idx_orders_custkey", "Relation Name": "orders", "Alias": "orders", "Startup Cost": 0.43, "Total Cost": 1.02, "Plan Rows": 17, "Plan Width": 8, "Index Cond": "(o_custkey = customer.c_custkey)", "Filter": "((o_comment)::text !~~ '%unusual%accounts%'::text)"}]}]}]}]}]}]}]}}, {"Plan": {"Node Type": "Limit", "Parallel Aware": false, "Startup Cost": 2281050.8, "Total Cost": 2281050.81, "Plan Rows": 1, "Plan Width": 16, "Plans": [{"Node Type": "Sort", "Parent Relationship": "Outer", "Parallel Aware": false, "Startup Cost": 2281050.8, "Total Cost": 2281051.3, "Plan Rows": 200, "Plan Width": 16, "Sort Key": ["(count(*)) DESC", "(count(orders.o_orderkey)) DESC"], "Plans": [{"Node Type": "Aggregate", "Strategy": "Hashed", "Partial Mode": "Simple", "Parent Relationship": "Outer", "Parallel Aware": false, "Startup Cost": 2281047.8, "Total Cost": 2281049.8, "Plan Rows": 200, "Plan Width": 16, "Group Key": ["count(orders.o_orderkey)"], "Plans": [{"Node Type": "Aggregate", "Strategy": "Sorted", "Partial Mode": "Finalize", "Parent Relationship": "Outer", "Parallel Aware": false, "Startup Cost": 1641809.32, "Total Cost": 2258547.8, "Plan Rows": 1500000, "Plan Width": 12, "Group Key": ["customer.c_custkey"], "Plans": [{"Node Type": "Gather Merge", "Parent Relationship": "Outer", "Parallel Aware": false, "Startup Cost": 1641809.32, "Total Cost": 2221047.8, "Plan Rows": 4500000, "Plan Width": 12, "Workers Planned": 3, "Plans": [{"Node Type": "Aggregate", "Strategy": "Sorted", "Partial Mode": "Partial", "Parent Relationship": "Outer", "Parallel Aware": false, "Startup Cost": 1640809.28, "Total Cost": 1691297.76, "Plan Rows": 1500000, "Plan Width": 12, "Group Key": ["customer.c_custkey"], "Plans": [{"Node Type": "Sort", "Parent Relationship": "Outer", "Parallel Aware": false, "Startup Cost": 1640809.28, "Total Cost": 1652638.77, "Plan Rows": 4731798, "Plan Width": 8, "Sort Key": ["customer.c_custkey"], "Plans": [{"Node Type": "Nested Loop", "Parent Relationship": "Outer", "Parallel Aware": false, "Join Type": "Left", "Startup Cost": 0.6, "Total Cost": 1078303.65, "Plan Rows": 4731798, "Plan Width": 8, "Inner Unique": false, "Plans": [{"Node Type": "Seq Scan", "Parent Relationship": "Outer", "Parallel Aware": true, "Relation Name": "customer", "Alias": "customer", "Startup Cost": 0.0, "Total Cost": 40665.71, "Plan Rows": 483871, "Plan Width": 4}, {"Node Type": "Bitmap Heap Scan", "Parent Relationship": "Inner", "Parallel Aware": false, "Relation Name": "orders", "Alias": "orders", "Startup Cost": 0.6, "Total Cost": 1.97, "Plan Rows": 17, "Plan Width": 8, "Recheck Cond": "(customer.c_custkey = o_custkey)", "Filter": "((o_comment)::text !~~ '%unusual%accounts%'::text)", "Plans": [{"Node Type": "Bitmap Index Scan", "Parent Relationship": "Outer", "Parallel Aware": false, "Index Name": "idx_orders_custkey", "Startup Cost": 0.0, "Total Cost": 0.6, "Plan Rows": 18, "Plan Width": 0, "Index Cond": "(o_custkey = customer.c_custkey)"}]}]}]}]}]}]}]}]}]}}, {"Plan": {"Node Type": "Limit", "Parallel Aware": false, "Startup Cost": 2903643.85, "Total Cost": 2903643.85, "Plan Rows": 1, "Plan Width": 16, "Plans": [{"Node Type": "Sort", "Parent Relationship": "Outer", "Parallel Aware": false, "Startup Cost": 2903643.85, "Total Cost": 2903644.35, "Plan Rows": 200, "Plan Width": 16, "Sort Key": ["(count(*)) DESC", "(count(orders.o_orderkey)) DESC"], "Plans": [{"Node Type": "Aggregate", "Strategy": "Hashed", "Partial Mode": "Simple", "Parent Relationship": "Outer", "Parallel Aware": false, "Startup Cost": 2903640.85, "Total Cost": 2903642.85, "Plan Rows": 200, "Plan Width": 16, "Group Key": ["count(orders.o_orderkey)"], "Plans": [{"Node Type": "Aggregate", "Strategy": "Sorted", "Partial Mode": "Simple", "Parent Relationship": "Outer", "Parallel Aware": false, "Startup Cost": 2528598.42, "Total Cost": 2881140.85, "Plan Rows": 1500000, "Plan Width": 12, "Group Key": ["customer.c_custkey"], "Plans": [{"Node Type": "Merge Join", "Parent Relationship": "Outer", "Parallel Aware": false, "Join Type": "Left", "Startup Cost": 2528598.42, "Total Cost": 2792797.98, "Plan Rows": 14668573, "Plan Width": 8, "Inner Unique": false, "Merge Cond": "(customer.c_custkey = orders.o_custkey)", "Plans": [{"Node Type": "Sort", "Parent Relationship": "Outer", "Parallel Aware": false, "Startup Cost": 216713.98, "Total Cost": 220463.98, "Plan Rows": 1500000, "Plan Width": 4, "Sort Key": ["customer.c_custkey"], "Plans": [{"Node Type": "Seq Scan", "Parent Relationship": "Outer", "Parallel Aware": false, "Relation Name": "customer", "Alias": "customer", "Startup Cost": 0.0, "Total Cost": 50827.0, "Plan Rows": 1500000, "Plan Width": 4}]}, {"Node Type": "Materialize", "Parent Relationship": "Inner", "Parallel Aware": false, "Startup Cost": 2311883.97, "Total Cost": 2385226.84, "Plan Rows": 14668573, "Plan Width": 8, "Plans": [{"Node Type": "Sort", "Parent Relationship": "Outer", "Parallel Aware": false, "Startup Cost": 2311883.97, "Total Cost": 2348555.41, "Plan Rows": 14668573, "Plan Width": 8, "Sort Key": ["orders.o_custkey"], "Plans": [{"Node Type": "Seq Scan", "Parent Relationship": "Outer", "Parallel Aware": false, "Relation Name": "orders", "Alias": "orders", "Startup Cost": 0.0, "Total Cost": 448402.21, "Plan Rows": 14668573, "Plan Width": 8, "Filter": "((o_comment)::text !~~ '%unusual%accounts%'::text)"}]}]}]}]}]}]}]}}, {"Plan": {"Node Type": "Limit", "Parallel Aware": false, "Startup Cost": 2281050.8, "Total Cost": 2281050.81, "Plan Rows": 1, "Plan Width": 16, "Plans": [{"Node Type": "Sort", "Parent Relationship": "Outer", "Parallel Aware": false, "Startup Cost": 2281050.8, "Total Cost": 2281051.3, "Plan Rows": 200, "Plan Width": 16, "Sort Key": ["(count(*)) DESC", "(count(orders.o_orderkey)) DESC"], "Plans": [{"Node Type": "Aggregate", "Strategy": "Hashed", "Partial Mode": "Simple", "Parent Relationship": "Outer", "Parallel Aware": false, "Startup Cost": 2281047.8, "Total Cost": 2281049.8, "Plan Rows": 200, "Plan Width": 16, "Group Key": ["count(orders.o_orderkey)"], "Plans": [{"Node Type": "Aggregate", "Strategy": "Sorted", "Partial Mode": "Finalize", "Parent Relationship": "Outer", "Parallel Aware": false, "Startup Cost": 1641809.32, "Total Cost": 2258547.8, "Plan Rows": 1500000, "Plan Width": 12, "Group Key": ["customer.c_custkey"], "Plans": [{"Node Type": "Gather Merge", "Parent Relationship": "Outer", "Parallel Aware": false, "Startup Cost": 1641809.32, "Total Cost": 2221047.8, "Plan Rows": 4500000, "Plan Width": 12, "Workers Planned": 3, "Plans": [{"Node Type": "Aggregate", "Strategy": "Sorted", "Partial Mode": "Partial", "Parent Relationship": "Outer", "Parallel Aware": false, "Startup Cost": 1640809.28, "Total Cost": 1691297.76, "Plan Rows": 1500000, "Plan Width": 12, "Group Key": ["customer.c_custkey"], "Plans": [{"Node Type": "Sort", "Parent Relationship": "Outer", "Parallel Aware": false, "Startup Cost": 1640809.28, "Total Cost": 1652638.77, "Plan Rows": 4731798, "Plan Width": 8, "Sort Key": ["customer.c_custkey"], "Plans": [{"Node Type": "Nested Loop", "Parent Relationship": "Outer", "Parallel Aware": false, "Join Type": "Left", "Startup Cost": 0.6, "Total Cost": 1078303.65, "Plan Rows": 4731798, "Plan Width": 8, "Inner Unique": false, "Plans": [{"Node Type": "Seq Scan", "Parent Relationship": "Outer", "Parallel Aware": true, "Relation Name": "customer", "Alias": "customer", "Startup Cost": 0.0, "Total Cost": 40665.71, "Plan Rows": 483871, "Plan Width": 4}, {"Node Type": "Bitmap Heap Scan", "Parent Relationship": "Inner", "Parallel Aware": false, "Relation Name": "orders", "Alias": "orders", "Startup Cost": 0.6, "Total Cost": 1.97, "Plan Rows": 17, "Plan Width": 8, "Recheck Cond": "(customer.c_custkey = o_custkey)", "Filter": "((o_comment)::text !~~ '%unusual%accounts%'::text)", "Plans": [{"Node Type": "Bitmap Index Scan", "Parent Relationship": "Outer", "Parallel Aware": false, "Index Name": "idx_orders_custkey", "Startup Cost": 0.0, "Total Cost": 0.6, "Plan Rows": 18, "Plan Width": 0, "Index Cond": "(o_custkey = customer.c_custkey)"}]}]}]}]}]}]}]}]}]}}, {"Plan": {"Node Type": "Limit", "Parallel Aware": false, "Startup Cost": 955600.48, "Total Cost": 955600.49, "Plan Rows": 1, "Plan Width": 16, "Plans": [{"Node Type": "Sort", "Parent Relationship": "Outer", "Parallel Aware": false, "Startup Cost": 955600.48, "Total Cost": 955600.98, "Plan Rows": 200, "Plan Width": 16, "Sort Key": ["(count(*)) DESC", "(count(orders.o_orderkey)) DESC"], "Plans": [{"Node Type": "Aggregate", "Strategy": "Hashed", "Partial Mode": "Simple", "Parent Relationship": "Outer", "Parallel Aware": false, "Startup Cost": 955597.48, "Total Cost": 955599.48, "Plan Rows": 200, "Plan Width": 16, "Group Key": ["count(orders.o_orderkey)"], "Plans": [{"Node Type": "Aggregate", "Strategy": "Sorted", "Partial Mode": "Simple", "Parent Relationship": "Outer", "Parallel Aware": false, "Startup Cost": 4.87, "Total Cost": 933097.48, "Plan Rows": 1500000, "Plan Width": 12, "Group Key": ["customer.c_custkey"], "Plans": [{"Node Type": "Merge Join", "Parent Relationship": "Outer", "Parallel Aware": false, "Join Type": "Left", "Startup Cost": 4.87, "Total Cost": 844754.62, "Plan Rows": 14668573, "Plan Width": 8, "Inner Unique": false, "Merge Cond": "(customer.c_custkey = orders.o_custkey)", "Plans": [{"Node Type": "Index Only Scan", "Parent Relationship": "Outer", "Parallel Aware": false, "Scan Direction": "Forward", "Index Name": "customer_pkey", "Relation Name": "customer", "Alias": "customer", "Startup Cost": 0.43, "Total Cost": 62855.13, "Plan Rows": 1500000, "Plan Width": 4}, {"Node Type": "Index Scan", "Parent Relationship": "Inner", "Parallel Aware": false, "Scan Direction": "Forward", "Index Name": "idx_orders_custkey", "Relation Name": "orders", "Alias": "orders", "Startup Cost": 0.43, "Total Cost": 594792.33, "Plan Rows": 14668573, "Plan Width": 8, "Filter": "((o_comment)::text !~~ '%unusual%accounts%'::text)"}]}]}]}]}]}}]