[{"Plan": {"Node Type": "Limit", "Parallel Aware": false, "Startup Cost": 20003576743.01, "Total Cost": 20003576743.01, "Plan Rows": 1, "Plan Width": 16, "Plans": [{"Node Type": "Sort", "Parent Relationship": "Outer", "Parallel Aware": false, "Startup Cost": 20003576743.01, "Total Cost": 20003576743.51, "Plan Rows": 200, "Plan Width": 16, "Sort Key": ["(count(*)) DESC", "c_orders.c_count DESC"], "Plans": [{"Node Type": "Aggregate", "Strategy": "Sorted", "Partial Mode": "Simple", "Parent Relationship": "Outer", "Parallel Aware": false, "Startup Cost": 20003565490.01, "Total Cost": 20003576742.01, "Plan Rows": 200, "Plan Width": 16, "Group Key": ["c_orders.c_count"], "Plans": [{"Node Type": "Sort", "Parent Relationship": "Outer", "Parallel Aware": false, "Startup Cost": 20003565490.01, "Total Cost": 20003569240.01, "Plan Rows": 1500000, "Plan Width": 8, "Sort Key": ["c_orders.c_count DESC"], "Plans": [{"Node Type": "Subquery Scan", "Parent Relationship": "Outer", "Parallel Aware": false, "Alias": "c_orders", "Startup Cost": 20000000001.03, "Total Cost": 20003399603.03, "Plan Rows": 1500000, "Plan Width": 8, "Plans": [{"Node Type": "Aggregate", "Strategy": "Sorted", "Partial Mode": "Simple", "Parent Relationship": "Subquery", "Parallel Aware": false, "Startup Cost": 20000000001.03, "Total Cost": 20003384603.03, "Plan Rows": 1500000, "Plan Width": 12, "Group Key": ["customer.c_custkey"], "Plans": [{"Node Type": "Nested Loop", "Parent Relationship": "Outer", "Parallel Aware": false, "Join Type": "Left", "Startup Cost": 20000000001.03, "Total Cost": 20003294907.53, "Plan Rows": 14939100, "Plan Width": 8, "Inner Unique": false, "Plans": [{"Node Type": "Index Only Scan", "Parent Relationship": "Outer", "Parallel Aware": false, "Scan Direction": "Forward", "Index Name": "customer_pkey", "Relation Name": "customer", "Alias": "customer", "Startup Cost": 10000000000.43, "Total Cost": 10000062855.13, "Plan Rows": 1500000, "Plan Width": 4}, {"Node Type": "Bitmap Heap Scan", "Parent Relationship": "Inner", "Parallel Aware": false, "Relation Name": "orders", "Alias": "orders", "Startup Cost": 0.6, "Total Cost": 1.97, "Plan Rows": 18, "Plan Width": 8, "Recheck Cond": "(customer.c_custkey = o_custkey)", "Filter": "((o_comment)::text !~~ '%express%accounts%'::text)", "Plans": [{"Node Type": "Bitmap Index Scan", "Parent Relationship": "Outer", "Parallel Aware": false, "Index Name": "idx_orders_custkey", "Startup Cost": 0.0, "Total Cost": 0.6, "Plan Rows": 18, "Plan Width": 0, "Index Cond": "(o_custkey = customer.c_custkey)"}]}]}]}]}]}]}]}]}}, {"Plan": {"Node Type": "Limit", "Parallel Aware": false, "Startup Cost": 1856942.31, "Total Cost": 1856942.31, "Plan Rows": 1, "Plan Width": 16, "Plans": [{"Node Type": "Sort", "Parent Relationship": "Outer", "Parallel Aware": false, "Startup Cost": 1856942.31, "Total Cost": 1856942.81, "Plan Rows": 200, "Plan Width": 16, "Sort Key": ["(count(*)) DESC", "(count(orders.o_orderkey)) DESC"], "Plans": [{"Node Type": "Aggregate", "Strategy": "Hashed", "Partial Mode": "Simple", "Parent Relationship": "Outer", "Parallel Aware": false, "Startup Cost": 1856939.31, "Total Cost": 1856941.31, "Plan Rows": 200, "Plan Width": 16, "Group Key": ["count(orders.o_orderkey)"], "Plans": [{"Node Type": "Aggregate", "Strategy": "Sorted", "Partial Mode": "Finalize", "Parent Relationship": "Outer", "Parallel Aware": false, "Startup Cost": 1217046.32, "Total Cost": 1834439.31, "Plan Rows": 1500000, "Plan Width": 12, "Group Key": ["customer.c_custkey"], "Plans": [{"Node Type": "Gather Merge", "Parent Relationship": "Outer", "Parallel Aware": false, "Startup Cost": 1217046.32, "Total Cost": 1796939.31, "Plan Rows": 4500000, "Plan Width": 12, "Workers Planned": 3, "Plans": [{"Node Type": "Aggregate", "Strategy": "Sorted", "Partial Mode": "Partial", "Parent Relationship": "Outer", "Parallel Aware": false, "Startup Cost": 1216046.28, "Total Cost": 1267189.27, "Plan Rows": 1500000, "Plan Width": 12, "Group Key": ["customer.c_custkey"], "Plans": [{"Node Type": "Sort", "Parent Relationship": "Outer", "Parallel Aware": false, "Startup Cost": 1216046.28, "Total Cost": 1228093.94, "Plan Rows": 4819065, "Plan Width": 8, "Sort Key": ["customer.c_custkey"], "Plans": [{"Node Type": "Hash Join", "Parent Relationship": "Outer", "Parallel Aware": true, "Join Type": "Left", "Startup Cost": 546846.57, "Total Cost": 642531.06, "Plan Rows": 4819065, "Plan Width": 8, "Inner Unique": false, "Hash Cond": "(customer.c_custkey = orders.o_custkey)", "Plans": [{"Node Type": "Index Only Scan", "Parent Relationship": "Outer", "Parallel Aware": true, "Scan Direction": "Forward", "Index Name": "customer_pkey", "Relation Name": "customer", "Alias": "customer", "Startup Cost": 0.43, "Total Cost": 52693.84, "Plan Rows": 483871, "Plan Width": 4}, {"Node Type": "Hash", "Parent Relationship": "Inner", "Parallel Aware": true, "Startup Cost": 467782.83, "Total Cost": 467782.83, "Plan Rows": 4819065, "Plan Width": 8, "Plans": [{"Node Type": "Index Scan", "Parent Relationship": "Outer", "Parallel Aware": true, "Scan Direction": "Forward", "Index Name": "idx_orders_custkey", "Relation Name": "orders", "Alias": "orders", "Startup Cost": 0.43, "Total Cost": 467782.83, "Plan Rows": 4819065, "Plan Width": 8, "Filter": "((o_comment)::text !~~ '%express%accounts%'::text)"}]}]}]}]}]}]}]}]}]}}, {"Plan": {"Node Type": "Limit", "Parallel Aware": false, "Startup Cost": 960334.71, "Total Cost": 960334.71, "Plan Rows": 1, "Plan Width": 16, "Plans": [{"Node Type": "Sort", "Parent Relationship": "Outer", "Parallel Aware": false, "Startup Cost": 960334.71, "Total Cost": 960335.21, "Plan Rows": 200, "Plan Width": 16, "Sort Key": ["(count(*)) DESC", "(count(orders.o_orderkey)) DESC"], "Plans": [{"Node Type": "Aggregate", "Strategy": "Hashed", "Partial Mode": "Simple", "Parent Relationship": "Outer", "Parallel Aware": false, "Startup Cost": 960331.71, "Total Cost": 960333.71, "Plan Rows": 200, "Plan Width": 16, "Group Key": ["count(orders.o_orderkey)"], "Plans": [{"Node Type": "Aggregate", "Strategy": "Sorted", "Partial Mode": "Simple", "Parent Relationship": "Outer", "Parallel Aware": false, "Startup Cost": 4.88, "Total Cost": 937831.71, "Plan Rows": 1500000, "Plan Width": 12, "Group Key": ["customer.c_custkey"], "Plans": [{"Node Type": "Merge Join", "Parent Relationship": "Outer", "Parallel Aware": false, "Join Type": "Left", "Startup Cost": 4.88, "Total Cost": 848136.21, "Plan Rows": 14939100, "Plan Width": 8, "Inner Unique": false, "Merge Cond": "(customer.c_custkey = orders.o_custkey)", "Plans": [{"Node Type": "Index Only Scan", "Parent Relationship": "Outer", "Parallel Aware": false, "Scan Direction": "Forward", "Index Name": "customer_pkey", "Relation Name": "customer", "Alias": "customer", "Startup Cost": 0.43, "Total Cost": 62855.13, "Plan Rows": 1500000, "Plan Width": 4}, {"Node Type": "Index Scan", "Parent Relationship": "Inner", "Parallel Aware": false, "Scan Direction": "Forward", "Index Name": "idx_orders_custkey", "Relation Name": "orders", "Alias": "orders", "Startup Cost": 0.43, "Total Cost": 594792.33, "Plan Rows": 14939100, "Plan Width": 8, "Filter": "((o_comment)::text !~~ '%express%accounts%'::text)"}]}]}]}]}]}}, {"Plan": {"Node Type": "Limit", "Parallel Aware": false, "Startup Cost": 960334.71, "Total Cost": 960334.71, "Plan Rows": 1, "Plan Width": 16, "Plans": [{"Node Type": "Sort", "Parent Relationship": "Outer", "Parallel Aware": false, "Startup Cost": 960334.71, "Total Cost": 960335.21, "Plan Rows": 200, "Plan Width": 16, "Sort Key": ["(count(*)) DESC", "(count(orders.o_orderkey)) DESC"], "Plans": [{"Node Type": "Aggregate", "Strategy": "Hashed", "Partial Mode": "Simple", "Parent Relationship": "Outer", "Parallel Aware": false, "Startup Cost": 960331.71, "Total Cost": 960333.71, "Plan Rows": 200, "Plan Width": 16, "Group Key": ["count(orders.o_orderkey)"], "Plans": [{"Node Type": "Aggregate", "Strategy": "Sorted", "Partial Mode": "Simple", "Parent Relationship": "Outer", "Parallel Aware": false, "Startup Cost": 4.88, "Total Cost": 937831.71, "Plan Rows": 1500000, "Plan Width": 12, "Group Key": ["customer.c_custkey"], "Plans": [{"Node Type": "Merge Join", "Parent Relationship": "Outer", "Parallel Aware": false, "Join Type": "Left", "Startup Cost": 4.88, "Total Cost": 848136.21, "Plan Rows": 14939100, "Plan Width": 8, "Inner Unique": false, "Merge Cond": "(customer.c_custkey = orders.o_custkey)", "Plans": [{"Node Type": "Index Only Scan", "Parent Relationship": "Outer", "Parallel Aware": false, "Scan Direction": "Forward", "Index Name": "customer_pkey", "Relation Name": "customer", "Alias": "customer", "Startup Cost": 0.43, "Total Cost": 62855.13, "Plan Rows": 1500000, "Plan Width": 4}, {"Node Type": "Index Scan", "Parent Relationship": "Inner", "Parallel Aware": false, "Scan Direction": "Forward", "Index Name": "idx_orders_custkey", "Relation Name": "orders", "Alias": "orders", "Startup Cost": 0.43, "Total Cost": 594792.33, "Plan Rows": 14939100, "Plan Width": 8, "Filter": "((o_comment)::text !~~ '%express%accounts%'::text)"}]}]}]}]}]}}, {"Plan": {"Node Type": "Limit", "Parallel Aware": false, "Startup Cost": 960334.71, "Total Cost": 960334.71, "Plan Rows": 1, "Plan Width": 16, "Plans": [{"Node Type": "Sort", "Parent Relationship": "Outer", "Parallel Aware": false, "Startup Cost": 960334.71, "Total Cost": 960335.21, "Plan Rows": 200, "Plan Width": 16, "Sort Key": ["(count(*)) DESC", "(count(orders.o_orderkey)) DESC"], "Plans": [{"Node Type": "Aggregate", "Strategy": "Hashed", "Partial Mode": "Simple", "Parent Relationship": "Outer", "Parallel Aware": false, "Startup Cost": 960331.71, "Total Cost": 960333.71, "Plan Rows": 200, "Plan Width": 16, "Group Key": ["count(orders.o_orderkey)"], "Plans": [{"Node Type": "Aggregate", "Strategy": "Sorted", "Partial Mode": "Simple", "Parent Relationship": "Outer", "Parallel Aware": false, "Startup Cost": 4.88, "Total Cost": 937831.71, "Plan Rows": 1500000, "Plan Width": 12, "Group Key": ["customer.c_custkey"], "Plans": [{"Node Type": "Merge Join", "Parent Relationship": "Outer", "Parallel Aware": false, "Join Type": "Left", "Startup Cost": 4.88, "Total Cost": 848136.21, "Plan Rows": 14939100, "Plan Width": 8, "Inner Unique": false, "Merge Cond": "(customer.c_custkey = orders.o_custkey)", "Plans": [{"Node Type": "Index Only Scan", "Parent Relationship": "Outer", "Parallel Aware": false, "Scan Direction": "Forward", "Index Name": "customer_pkey", "Relation Name": "customer", "Alias": "customer", "Startup Cost": 0.43, "Total Cost": 62855.13, "Plan Rows": 1500000, "Plan Width": 4}, {"Node Type": "Index Scan", "Parent Relationship": "Inner", "Parallel Aware": false, "Scan Direction": "Forward", "Index Name": "idx_orders_custkey", "Relation Name": "orders", "Alias": "orders", "Startup Cost": 0.43, "Total Cost": 594792.33, "Plan Rows": 14939100, "Plan Width": 8, "Filter": "((o_comment)::text !~~ '%express%accounts%'::text)"}]}]}]}]}]}}, {"Plan": {"Node Type": "Limit", "Parallel Aware": false, "Startup Cost": 1260511.79, "Total Cost": 1260511.79, "Plan Rows": 1, "Plan Width": 16, "Plans": [{"Node Type": "Sort", "Parent Relationship": "Outer", "Parallel Aware": false, "Startup Cost": 1260511.79, "Total Cost": 1260512.29, "Plan Rows": 200, "Plan Width": 16, "Sort Key": ["(count(*)) DESC", "(count(orders.o_orderkey)) DESC"], "Plans": [{"Node Type": "Aggregate", "Strategy": "Hashed", "Partial Mode": "Simple", "Parent Relationship": "Outer", "Parallel Aware": false, "Startup Cost": 1260508.79, "Total Cost": 1260510.79, "Plan Rows": 200, "Plan Width": 16, "Group Key": ["count(orders.o_orderkey)"], "Plans": [{"Node Type": "Aggregate", "Strategy": "Sorted", "Partial Mode": "Finalize", "Parent Relationship": "Outer", "Parallel Aware": false, "Startup Cost": 1000.9, "Total Cost": 1238008.79, "Plan Rows": 1500000, "Plan Width": 12, "Group Key": ["customer.c_custkey"], "Plans": [{"Node Type": "Gather Merge", "Parent Relationship": "Outer", "Parallel Aware": false, "Startup Cost": 1000.9, "Total Cost": 1200508.79, "Plan Rows": 4500000, "Plan Width": 12, "Workers Planned": 3, "Plans": [{"Node Type": "Aggregate", "Strategy": "Sorted", "Partial Mode": "Partial", "Parent Relationship": "Outer", "Parallel Aware": false, "Startup Cost": 0.86, "Total Cost": 670758.75, "Plan Rows": 1500000, "Plan Width": 12, "Group Key": ["customer.c_custkey"], "Plans": [{"Node Type": "Nested Loop", "Parent Relationship": "Outer", "Parallel Aware": false, "Join Type": "Left", "Startup Cost": 0.86, "Total Cost": 631663.42, "Plan Rows": 4819065, "Plan Width": 8, "Inner Unique": false, "Plans": [{"Node Type": "Index Only Scan", "Parent Relationship": "Outer", "Parallel Aware": true, "Scan Direction": "Forward", "Index Name": "customer_pkey", "Relation Name": "customer", "Alias": "customer", "Startup Cost": 0.43, "Total Cost": 52693.84, "Plan Rows": 483871, "Plan Width": 4}, {"Node Type": "Index Scan", "Parent Relationship": "Inner", "Parallel Aware": false, "Scan Direction": "Forward", "Index Name": "idx_orders_custkey", "Relation Name": "orders", "Alias": "orders", "Startup Cost": 0.43, "Total Cost": 1.02, "Plan Rows": 18, "Plan Width": 8, "Index Cond": "(o_custkey = customer.c_custkey)", "Filter": "((o_comment)::text !~~ '%express%accounts%'::text)"}]}]}]}]}]}]}]}}, {"Plan": {"Node Type": "Limit", "Parallel Aware": false, "Startup Cost": 1260511.79, "Total Cost": 1260511.79, "Plan Rows": 1, "Plan Width": 16, "Plans": [{"Node Type": "Sort", "Parent Relationship": "Outer", "Parallel Aware": false, "Startup Cost": 1260511.79, "Total Cost": 1260512.29, "Plan Rows": 200, "Plan Width": 16, "Sort Key": ["(count(*)) DESC", "(count(orders.o_orderkey)) DESC"], "Plans": [{"Node Type": "Aggregate", "Strategy": "Hashed", "Partial Mode": "Simple", "Parent Relationship": "Outer", "Parallel Aware": false, "Startup Cost": 1260508.79, "Total Cost": 1260510.79, "Plan Rows": 200, "Plan Width": 16, "Group Key": ["count(orders.o_orderkey)"], "Plans": [{"Node Type": "Aggregate", "Strategy": "Sorted", "Partial Mode": "Finalize", "Parent Relationship": "Outer", "Parallel Aware": false, "Startup Cost": 1000.9, "Total Cost": 1238008.79, "Plan Rows": 1500000, "Plan Width": 12, "Group Key": ["customer.c_custkey"], "Plans": [{"Node Type": "Gather Merge", "Parent Relationship": "Outer", "Parallel Aware": false, "Startup Cost": 1000.9, "Total Cost": 1200508.79, "Plan Rows": 4500000, "Plan Width": 12, "Workers Planned": 3, "Plans": [{"Node Type": "Aggregate", "Strategy": "Sorted", "Partial Mode": "Partial", "Parent Relationship": "Outer", "Parallel Aware": false, "Startup Cost": 0.86, "Total Cost": 670758.75, "Plan Rows": 1500000, "Plan Width": 12, "Group Key": ["customer.c_custkey"], "Plans": [{"Node Type": "Nested Loop", "Parent Relationship": "Outer", "Parallel Aware": false, "Join Type": "Left", "Startup Cost": 0.86, "Total Cost": 631663.42, "Plan Rows": 4819065, "Plan Width": 8, "Inner Unique": false, "Plans": [{"Node Type": "Index Only Scan", "Parent Relationship": "Outer", "Parallel Aware": true, "Scan Direction": "Forward", "Index Name": "customer_pkey", "Relation Name": "customer", "Alias": "customer", "Startup Cost": 0.43, "Total Cost": 52693.84, "Plan Rows": 483871, "Plan Width": 4}, {"Node Type": "Index Scan", "Parent Relationship": "Inner", "Parallel Aware": false, "Scan Direction": "Forward", "Index Name": "idx_orders_custkey", "Relation Name": "orders", "Alias": "orders", "Startup Cost": 0.43, "Total Cost": 1.02, "Plan Rows": 18, "Plan Width": 8, "Index Cond": "(o_custkey = customer.c_custkey)", "Filter": "((o_comment)::text !~~ '%express%accounts%'::text)"}]}]}]}]}]}]}]}}, {"Plan": {"Node Type": "Limit", "Parallel Aware": false, "Startup Cost": 1698524.06, "Total Cost": 1698524.07, "Plan Rows": 1, "Plan Width": 16, "Plans": [{"Node Type": "Sort", "Parent Relationship": "Outer", "Parallel Aware": false, "Startup Cost": 1698524.06, "Total Cost": 1698524.56, "Plan Rows": 200, "Plan Width": 16, "Sort Key": ["(count(*)) DESC", "(count(orders.o_orderkey)) DESC"], "Plans": [{"Node Type": "Aggregate", "Strategy": "Hashed", "Partial Mode": "Simple", "Parent Relationship": "Outer", "Parallel Aware": false, "Startup Cost": 1698521.06, "Total Cost": 1698523.06, "Plan Rows": 200, "Plan Width": 16, "Group Key": ["count(orders.o_orderkey)"], "Plans": [{"Node Type": "Aggregate", "Strategy": "Sorted", "Partial Mode": "Finalize", "Parent Relationship": "Outer", "Parallel Aware": false, "Startup Cost": 1058628.08, "Total Cost": 1676021.06, "Plan Rows": 1500000, "Plan Width": 12, "Group Key": ["customer.c_custkey"], "Plans": [{"Node Type": "Gather Merge", "Parent Relationship": "Outer", "Parallel Aware": false, "Startup Cost": 1058628.08, "Total Cost": 1638521.06, "Plan Rows": 4500000, "Plan Width": 12, "Workers Planned": 3, "Plans": [{"Node Type": "Aggregate", "Strategy": "Sorted", "Partial Mode": "Partial", "Parent Relationship": "Outer", "Parallel Aware": false, "Startup Cost": 1057628.04, "Total Cost": 1108771.02, "Plan Rows": 1500000, "Plan Width": 12, "Group Key": ["customer.c_custkey"], "Plans": [{"Node Type": "Sort", "Parent Relationship": "Outer", "Parallel Aware": false, "Startup Cost": 1057628.04, "Total Cost": 1069675.7, "Plan Rows": 4819065, "Plan Width": 8, "Sort Key": ["customer.c_custkey"], "Plans": [{"Node Type": "Hash Join", "Parent Relationship": "Outer", "Parallel Aware": true, "Join Type": "Left", "Startup Cost": 400456.03, "Total Cost": 484112.82, "Plan Rows": 4819065, "Plan Width": 8, "Inner Unique": false, "Hash Cond": "(customer.c_custkey = orders.o_custkey)", "Plans": [{"Node Type": "Seq Scan", "Parent Relationship": "Outer", "Parallel Aware": true, "Relation Name": "customer", "Alias": "customer", "Startup Cost": 0.0, "Total Cost": 40665.71, "Plan Rows": 483871, "Plan Width": 4}, {"Node Type": "Hash", "Parent Relationship": "Inner", "Parallel Aware": true, "Startup Cost": 321392.71, "Total Cost": 321392.71, "Plan Rows": 4819065, "Plan Width": 8, "Plans": [{"Node Type": "Seq Scan", "Parent Relationship": "Outer", "Parallel Aware": true, "Relation Name": "orders", "Alias": "orders", "Startup Cost": 0.0, "Total Cost": 321392.71, "Plan Rows": 4819065, "Plan Width": 8, "Filter": "((o_comment)::text !~~ '%express%accounts%'::text)"}]}]}]}]}]}]}]}]}]}}, {"Plan": {"Node Type": "Limit", "Parallel Aware": false, "Startup Cost": 20001129971.69, "Total Cost": 20001129971.69, "Plan Rows": 1, "Plan Width": 16, "Plans": [{"Node Type": "Sort", "Parent Relationship": "Outer", "Parallel Aware": false, "Startup Cost": 20001129971.69, "Total Cost": 20001129972.19, "Plan Rows": 200, "Plan Width": 16, "Sort Key": ["(count(*)) DESC", "c_orders.c_count DESC"], "Plans": [{"Node Type": "Aggregate", "Strategy": "Sorted", "Partial Mode": "Simple", "Parent Relationship": "Outer", "Parallel Aware": false, "Startup Cost": 20001118718.69, "Total Cost": 20001129970.69, "Plan Rows": 200, "Plan Width": 16, "Group Key": ["c_orders.c_count"], "Plans": [{"Node Type": "Sort", "Parent Relationship": "Outer", "Parallel Aware": false, "Startup Cost": 20001118718.69, "Total Cost": 20001122468.69, "Plan Rows": 1500000, "Plan Width": 8, "Sort Key": ["c_orders.c_count DESC"], "Plans": [{"Node Type": "Subquery Scan", "Parent Relationship": "Outer", "Parallel Aware": false, "Alias": "c_orders", "Startup Cost": 20000000004.88, "Total Cost": 20000952831.71, "Plan Rows": 1500000, "Plan Width": 8, "Plans": [{"Node Type": "Aggregate", "Strategy": "Sorted", "Partial Mode": "Simple", "Parent Relationship": "Subquery", "Parallel Aware": false, "Startup Cost": 20000000004.88, "Total Cost": 20000937831.71, "Plan Rows": 1500000, "Plan Width": 12, "Group Key": ["customer.c_custkey"], "Plans": [{"Node Type": "Merge Join", "Parent Relationship": "Outer", "Parallel Aware": false, "Join Type": "Left", "Startup Cost": 20000000004.88, "Total Cost": 20000848136.21, "Plan Rows": 14939100, "Plan Width": 8, "Inner Unique": false, "Merge Cond": "(customer.c_custkey = orders.o_custkey)", "Plans": [{"Node Type": "Index Only Scan", "Parent Relationship": "Outer", "Parallel Aware": false, "Scan Direction": "Forward", "Index Name": "customer_pkey", "Relation Name": "customer", "Alias": "customer", "Startup Cost": 10000000000.43, "Total Cost": 10000062855.13, "Plan Rows": 1500000, "Plan Width": 4}, {"Node Type": "Index Scan", "Parent Relationship": "Inner", "Parallel Aware": false, "Scan Direction": "Forward", "Index Name": "idx_orders_custkey", "Relation Name": "orders", "Alias": "orders", "Startup Cost": 10000000000.43, "Total Cost": 10000594792.33, "Plan Rows": 14939100, "Plan Width": 8, "Filter": "((o_comment)::text !~~ '%express%accounts%'::text)"}]}]}]}]}]}]}]}}, {"Plan": {"Node Type": "Limit", "Parallel Aware": false, "Startup Cost": 10003576743.01, "Total Cost": 10003576743.01, "Plan Rows": 1, "Plan Width": 16, "Plans": [{"Node Type": "Sort", "Parent Relationship": "Outer", "Parallel Aware": false, "Startup Cost": 10003576743.01, "Total Cost": 10003576743.51, "Plan Rows": 200, "Plan Width": 16, "Sort Key": ["(count(*)) DESC", "c_orders.c_count DESC"], "Plans": [{"Node Type": "Aggregate", "Strategy": "Sorted", "Partial Mode": "Simple", "Parent Relationship": "Outer", "Parallel Aware": false, "Startup Cost": 10003565490.01, "Total Cost": 10003576742.01, "Plan Rows": 200, "Plan Width": 16, "Group Key": ["c_orders.c_count"], "Plans": [{"Node Type": "Sort", "Parent Relationship": "Outer", "Parallel Aware": false, "Startup Cost": 10003565490.01, "Total Cost": 10003569240.01, "Plan Rows": 1500000, "Plan Width": 8, "Sort Key": ["c_orders.c_count DESC"], "Plans": [{"Node Type": "Subquery Scan", "Parent Relationship": "Outer", "Parallel Aware": false, "Alias": "c_orders", "Startup Cost": 10000000001.03, "Total Cost": 10003399603.03, "Plan Rows": 1500000, "Plan Width": 8, "Plans": [{"Node Type": "Aggregate", "Strategy": "Sorted", "Partial Mode": "Simple", "Parent Relationship": "Subquery", "Parallel Aware": false, "Startup Cost": 10000000001.03, "Total Cost": 10003384603.03, "Plan Rows": 1500000, "Plan Width": 12, "Group Key": ["customer.c_custkey"], "Plans": [{"Node Type": "Nested Loop", "Parent Relationship": "Outer", "Parallel Aware": false, "Join Type": "Left", "Startup Cost": 10000000001.03, "Total Cost": 10003294907.53, "Plan Rows": 14939100, "Plan Width": 8, "Inner Unique": false, "Plans": [{"Node Type": "Index Only Scan", "Parent Relationship": "Outer", "Parallel Aware": false, "Scan Direction": "Forward", "Index Name": "customer_pkey", "Relation Name": "customer", "Alias": "customer", "Startup Cost": 10000000000.43, "Total Cost": 10000062855.13, "Plan Rows": 1500000, "Plan Width": 4}, {"Node Type": "Bitmap Heap Scan", "Parent Relationship": "Inner", "Parallel Aware": false, "Relation Name": "orders", "Alias": "orders", "Startup Cost": 0.6, "Total Cost": 1.97, "Plan Rows": 18, "Plan Width": 8, "Recheck Cond": "(customer.c_custkey = o_custkey)", "Filter": "((o_comment)::text !~~ '%express%accounts%'::text)", "Plans": [{"Node Type": "Bitmap Index Scan", "Parent Relationship": "Outer", "Parallel Aware": false, "Index Name": "idx_orders_custkey", "Startup Cost": 0.0, "Total Cost": 0.6, "Plan Rows": 18, "Plan Width": 0, "Index Cond": "(o_custkey = customer.c_custkey)"}]}]}]}]}]}]}]}]}}, {"Plan": {"Node Type": "Limit", "Parallel Aware": false, "Startup Cost": 1698524.06, "Total Cost": 1698524.07, "Plan Rows": 1, "Plan Width": 16, "Plans": [{"Node Type": "Sort", "Parent Relationship": "Outer", "Parallel Aware": false, "Startup Cost": 1698524.06, "Total Cost": 1698524.56, "Plan Rows": 200, "Plan Width": 16, "Sort Key": ["(count(*)) DESC", "(count(orders.o_orderkey)) DESC"], "Plans": [{"Node Type": "Aggregate", "Strategy": "Hashed", "Partial Mode": "Simple", "Parent Relationship": "Outer", "Parallel Aware": false, "Startup Cost": 1698521.06, "Total Cost": 1698523.06, "Plan Rows": 200, "Plan Width": 16, "Group Key": ["count(orders.o_orderkey)"], "Plans": [{"Node Type": "Aggregate", "Strategy": "Sorted", "Partial Mode": "Finalize", "Parent Relationship": "Outer", "Parallel Aware": false, "Startup Cost": 1058628.08, "Total Cost": 1676021.06, "Plan Rows": 1500000, "Plan Width": 12, "Group Key": ["customer.c_custkey"], "Plans": [{"Node Type": "Gather Merge", "Parent Relationship": "Outer", "Parallel Aware": false, "Startup Cost": 1058628.08, "Total Cost": 1638521.06, "Plan Rows": 4500000, "Plan Width": 12, "Workers Planned": 3, "Plans": [{"Node Type": "Aggregate", "Strategy": "Sorted", "Partial Mode": "Partial", "Parent Relationship": "Outer", "Parallel Aware": false, "Startup Cost": 1057628.04, "Total Cost": 1108771.02, "Plan Rows": 1500000, "Plan Width": 12, "Group Key": ["customer.c_custkey"], "Plans": [{"Node Type": "Sort", "Parent Relationship": "Outer", "Parallel Aware": false, "Startup Cost": 1057628.04, "Total Cost": 1069675.7, "Plan Rows": 4819065, "Plan Width": 8, "Sort Key": ["customer.c_custkey"], "Plans": [{"Node Type": "Hash Join", "Parent Relationship": "Outer", "Parallel Aware": true, "Join Type": "Left", "Startup Cost": 400456.03, "Total Cost": 484112.82, "Plan Rows": 4819065, "Plan Width": 8, "Inner Unique": false, "Hash Cond": "(customer.c_custkey = orders.o_custkey)", "Plans": [{"Node Type": "Seq Scan", "Parent Relationship": "Outer", "Parallel Aware": true, "Relation Name": "customer", "Alias": "customer", "Startup Cost": 0.0, "Total Cost": 40665.71, "Plan Rows": 483871, "Plan Width": 4}, {"Node Type": "Hash", "Parent Relationship": "Inner", "Parallel Aware": true, "Startup Cost": 321392.71, "Total Cost": 321392.71, "Plan Rows": 4819065, "Plan Width": 8, "Plans": [{"Node Type": "Seq Scan", "Parent Relationship": "Outer", "Parallel Aware": true, "Relation Name": "orders", "Alias": "orders", "Startup Cost": 0.0, "Total Cost": 321392.71, "Plan Rows": 4819065, "Plan Width": 8, "Filter": "((o_comment)::text !~~ '%express%accounts%'::text)"}]}]}]}]}]}]}]}]}]}}, {"Plan": {"Node Type": "Limit", "Parallel Aware": false, "Startup Cost": 1698524.06, "Total Cost": 1698524.07, "Plan Rows": 1, "Plan Width": 16, "Plans": [{"Node Type": "Sort", "Parent Relationship": "Outer", "Parallel Aware": false, "Startup Cost": 1698524.06, "Total Cost": 1698524.56, "Plan Rows": 200, "Plan Width": 16, "Sort Key": ["(count(*)) DESC", "(count(orders.o_orderkey)) DESC"], "Plans": [{"Node Type": "Aggregate", "Strategy": "Hashed", "Partial Mode": "Simple", "Parent Relationship": "Outer", "Parallel Aware": false, "Startup Cost": 1698521.06, "Total Cost": 1698523.06, "Plan Rows": 200, "Plan Width": 16, "Group Key": ["count(orders.o_orderkey)"], "Plans": [{"Node Type": "Aggregate", "Strategy": "Sorted", "Partial Mode": "Finalize", "Parent Relationship": "Outer", "Parallel Aware": false, "Startup Cost": 1058628.08, "Total Cost": 1676021.06, "Plan Rows": 1500000, "Plan Width": 12, "Group Key": ["customer.c_custkey"], "Plans": [{"Node Type": "Gather Merge", "Parent Relationship": "Outer", "Parallel Aware": false, "Startup Cost": 1058628.08, "Total Cost": 1638521.06, "Plan Rows": 4500000, "Plan Width": 12, "Workers Planned": 3, "Plans": [{"Node Type": "Aggregate", "Strategy": "Sorted", "Partial Mode": "Partial", "Parent Relationship": "Outer", "Parallel Aware": false, "Startup Cost": 1057628.04, "Total Cost": 1108771.02, "Plan Rows": 1500000, "Plan Width": 12, "Group Key": ["customer.c_custkey"], "Plans": [{"Node Type": "Sort", "Parent Relationship": "Outer", "Parallel Aware": false, "Startup Cost": 1057628.04, "Total Cost": 1069675.7, "Plan Rows": 4819065, "Plan Width": 8, "Sort Key": ["customer.c_custkey"], "Plans": [{"Node Type": "Hash Join", "Parent Relationship": "Outer", "Parallel Aware": true, "Join Type": "Left", "Startup Cost": 400456.03, "Total Cost": 484112.82, "Plan Rows": 4819065, "Plan Width": 8, "Inner Unique": false, "Hash Cond": "(customer.c_custkey = orders.o_custkey)", "Plans": [{"Node Type": "Seq Scan", "Parent Relationship": "Outer", "Parallel Aware": true, "Relation Name": "customer", "Alias": "customer", "Startup Cost": 0.0, "Total Cost": 40665.71, "Plan Rows": 483871, "Plan Width": 4}, {"Node Type": "Hash", "Parent Relationship": "Inner", "Parallel Aware": true, "Startup Cost": 321392.71, "Total Cost": 321392.71, "Plan Rows": 4819065, "Plan Width": 8, "Plans": [{"Node Type": "Seq Scan", "Parent Relationship": "Outer", "Parallel Aware": true, "Relation Name": "orders", "Alias": "orders", "Startup Cost": 0.0, "Total Cost": 321392.71, "Plan Rows": 4819065, "Plan Width": 8, "Filter": "((o_comment)::text !~~ '%express%accounts%'::text)"}]}]}]}]}]}]}]}]}]}}, {"Plan": {"Node Type": "Limit", "Parallel Aware": false, "Startup Cost": 10003576743.01, "Total Cost": 10003576743.01, "Plan Rows": 1, "Plan Width": 16, "Plans": [{"Node Type": "Sort", "Parent Relationship": "Outer", "Parallel Aware": false, "Startup Cost": 10003576743.01, "Total Cost": 10003576743.51, "Plan Rows": 200, "Plan Width": 16, "Sort Key": ["(count(*)) DESC", "c_orders.c_count DESC"], "Plans": [{"Node Type": "Aggregate", "Strategy": "Sorted", "Partial Mode": "Simple", "Parent Relationship": "Outer", "Parallel Aware": false, "Startup Cost": 10003565490.01, "Total Cost": 10003576742.01, "Plan Rows": 200, "Plan Width": 16, "Group Key": ["c_orders.c_count"], "Plans": [{"Node Type": "Sort", "Parent Relationship": "Outer", "Parallel Aware": false, "Startup Cost": 10003565490.01, "Total Cost": 10003569240.01, "Plan Rows": 1500000, "Plan Width": 8, "Sort Key": ["c_orders.c_count DESC"], "Plans": [{"Node Type": "Subquery Scan", "Parent Relationship": "Outer", "Parallel Aware": false, "Alias": "c_orders", "Startup Cost": 10000000001.03, "Total Cost": 10003399603.03, "Plan Rows": 1500000, "Plan Width": 8, "Plans": [{"Node Type": "Aggregate", "Strategy": "Sorted", "Partial Mode": "Simple", "Parent Relationship": "Subquery", "Parallel Aware": false, "Startup Cost": 10000000001.03, "Total Cost": 10003384603.03, "Plan Rows": 1500000, "Plan Width": 12, "Group Key": ["customer.c_custkey"], "Plans": [{"Node Type": "Nested Loop", "Parent Relationship": "Outer", "Parallel Aware": false, "Join Type": "Left", "Startup Cost": 10000000001.03, "Total Cost": 10003294907.53, "Plan Rows": 14939100, "Plan Width": 8, "Inner Unique": false, "Plans": [{"Node Type": "Index Only Scan", "Parent Relationship": "Outer", "Parallel Aware": false, "Scan Direction": "Forward", "Index Name": "customer_pkey", "Relation Name": "customer", "Alias": "customer", "Startup Cost": 10000000000.43, "Total Cost": 10000062855.13, "Plan Rows": 1500000, "Plan Width": 4}, {"Node Type": "Bitmap Heap Scan", "Parent Relationship": "Inner", "Parallel Aware": false, "Relation Name": "orders", "Alias": "orders", "Startup Cost": 0.6, "Total Cost": 1.97, "Plan Rows": 18, "Plan Width": 8, "Recheck Cond": "(customer.c_custkey = o_custkey)", "Filter": "((o_comment)::text !~~ '%express%accounts%'::text)", "Plans": [{"Node Type": "Bitmap Index Scan", "Parent Relationship": "Outer", "Parallel Aware": false, "Index Name": "idx_orders_custkey", "Startup Cost": 0.0, "Total Cost": 0.6, "Plan Rows": 18, "Plan Width": 0, "Index Cond": "(o_custkey = customer.c_custkey)"}]}]}]}]}]}]}]}]}}, {"Plan": {"Node Type": "Limit", "Parallel Aware": false, "Startup Cost": 1698524.06, "Total Cost": 1698524.07, "Plan Rows": 1, "Plan Width": 16, "Plans": [{"Node Type": "Sort", "Parent Relationship": "Outer", "Parallel Aware": false, "Startup Cost": 1698524.06, "Total Cost": 1698524.56, "Plan Rows": 200, "Plan Width": 16, "Sort Key": ["(count(*)) DESC", "(count(orders.o_orderkey)) DESC"], "Plans": [{"Node Type": "Aggregate", "Strategy": "Hashed", "Partial Mode": "Simple", "Parent Relationship": "Outer", "Parallel Aware": false, "Startup Cost": 1698521.06, "Total Cost": 1698523.06, "Plan Rows": 200, "Plan Width": 16, "Group Key": ["count(orders.o_orderkey)"], "Plans": [{"Node Type": "Aggregate", "Strategy": "Sorted", "Partial Mode": "Finalize", "Parent Relationship": "Outer", "Parallel Aware": false, "Startup Cost": 1058628.08, "Total Cost": 1676021.06, "Plan Rows": 1500000, "Plan Width": 12, "Group Key": ["customer.c_custkey"], "Plans": [{"Node Type": "Gather Merge", "Parent Relationship": "Outer", "Parallel Aware": false, "Startup Cost": 1058628.08, "Total Cost": 1638521.06, "Plan Rows": 4500000, "Plan Width": 12, "Workers Planned": 3, "Plans": [{"Node Type": "Aggregate", "Strategy": "Sorted", "Partial Mode": "Partial", "Parent Relationship": "Outer", "Parallel Aware": false, "Startup Cost": 1057628.04, "Total Cost": 1108771.02, "Plan Rows": 1500000, "Plan Width": 12, "Group Key": ["customer.c_custkey"], "Plans": [{"Node Type": "Sort", "Parent Relationship": "Outer", "Parallel Aware": false, "Startup Cost": 1057628.04, "Total Cost": 1069675.7, "Plan Rows": 4819065, "Plan Width": 8, "Sort Key": ["customer.c_custkey"], "Plans": [{"Node Type": "Hash Join", "Parent Relationship": "Outer", "Parallel Aware": true, "Join Type": "Left", "Startup Cost": 400456.03, "Total Cost": 484112.82, "Plan Rows": 4819065, "Plan Width": 8, "Inner Unique": false, "Hash Cond": "(customer.c_custkey = orders.o_custkey)", "Plans": [{"Node Type": "Seq Scan", "Parent Relationship": "Outer", "Parallel Aware": true, "Relation Name": "customer", "Alias": "customer", "Startup Cost": 0.0, "Total Cost": 40665.71, "Plan Rows": 483871, "Plan Width": 4}, {"Node Type": "Hash", "Parent Relationship": "Inner", "Parallel Aware": true, "Startup Cost": 321392.71, "Total Cost": 321392.71, "Plan Rows": 4819065, "Plan Width": 8, "Plans": [{"Node Type": "Seq Scan", "Parent Relationship": "Outer", "Parallel Aware": true, "Relation Name": "orders", "Alias": "orders", "Startup Cost": 0.0, "Total Cost": 321392.71, "Plan Rows": 4819065, "Plan Width": 8, "Filter": "((o_comment)::text !~~ '%express%accounts%'::text)"}]}]}]}]}]}]}]}]}]}}, {"Plan": {"Node Type": "Limit", "Parallel Aware": false, "Startup Cost": 1698524.06, "Total Cost": 1698524.07, "Plan Rows": 1, "Plan Width": 16, "Plans": [{"Node Type": "Sort", "Parent Relationship": "Outer", "Parallel Aware": false, "Startup Cost": 1698524.06, "Total Cost": 1698524.56, "Plan Rows": 200, "Plan Width": 16, "Sort Key": ["(count(*)) DESC", "(count(orders.o_orderkey)) DESC"], "Plans": [{"Node Type": "Aggregate", "Strategy": "Hashed", "Partial Mode": "Simple", "Parent Relationship": "Outer", "Parallel Aware": false, "Startup Cost": 1698521.06, "Total Cost": 1698523.06, "Plan Rows": 200, "Plan Width": 16, "Group Key": ["count(orders.o_orderkey)"], "Plans": [{"Node Type": "Aggregate", "Strategy": "Sorted", "Partial Mode": "Finalize", "Parent Relationship": "Outer", "Parallel Aware": false, "Startup Cost": 1058628.08, "Total Cost": 1676021.06, "Plan Rows": 1500000, "Plan Width": 12, "Group Key": ["customer.c_custkey"], "Plans": [{"Node Type": "Gather Merge", "Parent Relationship": "Outer", "Parallel Aware": false, "Startup Cost": 1058628.08, "Total Cost": 1638521.06, "Plan Rows": 4500000, "Plan Width": 12, "Workers Planned": 3, "Plans": [{"Node Type": "Aggregate", "Strategy": "Sorted", "Partial Mode": "Partial", "Parent Relationship": "Outer", "Parallel Aware": false, "Startup Cost": 1057628.04, "Total Cost": 1108771.02, "Plan Rows": 1500000, "Plan Width": 12, "Group Key": ["customer.c_custkey"], "Plans": [{"Node Type": "Sort", "Parent Relationship": "Outer", "Parallel Aware": false, "Startup Cost": 1057628.04, "Total Cost": 1069675.7, "Plan Rows": 4819065, "Plan Width": 8, "Sort Key": ["customer.c_custkey"], "Plans": [{"Node Type": "Hash Join", "Parent Relationship": "Outer", "Parallel Aware": true, "Join Type": "Left", "Startup Cost": 400456.03, "Total Cost": 484112.82, "Plan Rows": 4819065, "Plan Width": 8, "Inner Unique": false, "Hash Cond": "(customer.c_custkey = orders.o_custkey)", "Plans": [{"Node Type": "Seq Scan", "Parent Relationship": "Outer", "Parallel Aware": true, "Relation Name": "customer", "Alias": "customer", "Startup Cost": 0.0, "Total Cost": 40665.71, "Plan Rows": 483871, "Plan Width": 4}, {"Node Type": "Hash", "Parent Relationship": "Inner", "Parallel Aware": true, "Startup Cost": 321392.71, "Total Cost": 321392.71, "Plan Rows": 4819065, "Plan Width": 8, "Plans": [{"Node Type": "Seq Scan", "Parent Relationship": "Outer", "Parallel Aware": true, "Relation Name": "orders", "Alias": "orders", "Startup Cost": 0.0, "Total Cost": 321392.71, "Plan Rows": 4819065, "Plan Width": 8, "Filter": "((o_comment)::text !~~ '%express%accounts%'::text)"}]}]}]}]}]}]}]}]}]}}, {"Plan": {"Node Type": "Limit", "Parallel Aware": false, "Startup Cost": 1856942.31, "Total Cost": 1856942.31, "Plan Rows": 1, "Plan Width": 16, "Plans": [{"Node Type": "Sort", "Parent Relationship": "Outer", "Parallel Aware": false, "Startup Cost": 1856942.31, "Total Cost": 1856942.81, "Plan Rows": 200, "Plan Width": 16, "Sort Key": ["(count(*)) DESC", "(count(orders.o_orderkey)) DESC"], "Plans": [{"Node Type": "Aggregate", "Strategy": "Hashed", "Partial Mode": "Simple", "Parent Relationship": "Outer", "Parallel Aware": false, "Startup Cost": 1856939.31, "Total Cost": 1856941.31, "Plan Rows": 200, "Plan Width": 16, "Group Key": ["count(orders.o_orderkey)"], "Plans": [{"Node Type": "Aggregate", "Strategy": "Sorted", "Partial Mode": "Finalize", "Parent Relationship": "Outer", "Parallel Aware": false, "Startup Cost": 1217046.32, "Total Cost": 1834439.31, "Plan Rows": 1500000, "Plan Width": 12, "Group Key": ["customer.c_custkey"], "Plans": [{"Node Type": "Gather Merge", "Parent Relationship": "Outer", "Parallel Aware": false, "Startup Cost": 1217046.32, "Total Cost": 1796939.31, "Plan Rows": 4500000, "Plan Width": 12, "Workers Planned": 3, "Plans": [{"Node Type": "Aggregate", "Strategy": "Sorted", "Partial Mode": "Partial", "Parent Relationship": "Outer", "Parallel Aware": false, "Startup Cost": 1216046.28, "Total Cost": 1267189.27, "Plan Rows": 1500000, "Plan Width": 12, "Group Key": ["customer.c_custkey"], "Plans": [{"Node Type": "Sort", "Parent Relationship": "Outer", "Parallel Aware": false, "Startup Cost": 1216046.28, "Total Cost": 1228093.94, "Plan Rows": 4819065, "Plan Width": 8, "Sort Key": ["customer.c_custkey"], "Plans": [{"Node Type": "Hash Join", "Parent Relationship": "Outer", "Parallel Aware": true, "Join Type": "Left", "Startup Cost": 546846.57, "Total Cost": 642531.06, "Plan Rows": 4819065, "Plan Width": 8, "Inner Unique": false, "Hash Cond": "(customer.c_custkey = orders.o_custkey)", "Plans": [{"Node Type": "Index Scan", "Parent Relationship": "Outer", "Parallel Aware": true, "Scan Direction": "Forward", "Index Name": "customer_pkey", "Relation Name": "customer", "Alias": "customer", "Startup Cost": 0.43, "Total Cost": 52693.84, "Plan Rows": 483871, "Plan Width": 4}, {"Node Type": "Hash", "Parent Relationship": "Inner", "Parallel Aware": true, "Startup Cost": 467782.83, "Total Cost": 467782.83, "Plan Rows": 4819065, "Plan Width": 8, "Plans": [{"Node Type": "Index Scan", "Parent Relationship": "Outer", "Parallel Aware": true, "Scan Direction": "Forward", "Index Name": "idx_orders_custkey", "Relation Name": "orders", "Alias": "orders", "Startup Cost": 0.43, "Total Cost": 467782.83, "Plan Rows": 4819065, "Plan Width": 8, "Filter": "((o_comment)::text !~~ '%express%accounts%'::text)"}]}]}]}]}]}]}]}]}]}}, {"Plan": {"Node Type": "Limit", "Parallel Aware": false, "Startup Cost": 960334.71, "Total Cost": 960334.71, "Plan Rows": 1, "Plan Width": 16, "Plans": [{"Node Type": "Sort", "Parent Relationship": "Outer", "Parallel Aware": false, "Startup Cost": 960334.71, "Total Cost": 960335.21, "Plan Rows": 200, "Plan Width": 16, "Sort Key": ["(count(*)) DESC", "(count(orders.o_orderkey)) DESC"], "Plans": [{"Node Type": "Aggregate", "Strategy": "Hashed", "Partial Mode": "Simple", "Parent Relationship": "Outer", "Parallel Aware": false, "Startup Cost": 960331.71, "Total Cost": 960333.71, "Plan Rows": 200, "Plan Width": 16, "Group Key": ["count(orders.o_orderkey)"], "Plans": [{"Node Type": "Aggregate", "Strategy": "Sorted", "Partial Mode": "Simple", "Parent Relationship": "Outer", "Parallel Aware": false, "Startup Cost": 4.88, "Total Cost": 937831.71, "Plan Rows": 1500000, "Plan Width": 12, "Group Key": ["customer.c_custkey"], "Plans": [{"Node Type": "Merge Join", "Parent Relationship": "Outer", "Parallel Aware": false, "Join Type": "Left", "Startup Cost": 4.88, "Total Cost": 848136.21, "Plan Rows": 14939100, "Plan Width": 8, "Inner Unique": false, "Merge Cond": "(customer.c_custkey = orders.o_custkey)", "Plans": [{"Node Type": "Index Scan", "Parent Relationship": "Outer", "Parallel Aware": false, "Scan Direction": "Forward", "Index Name": "customer_pkey", "Relation Name": "customer", "Alias": "customer", "Startup Cost": 0.43, "Total Cost": 62855.13, "Plan Rows": 1500000, "Plan Width": 4}, {"Node Type": "Index Scan", "Parent Relationship": "Inner", "Parallel Aware": false, "Scan Direction": "Forward", "Index Name": "idx_orders_custkey", "Relation Name": "orders", "Alias": "orders", "Startup Cost": 0.43, "Total Cost": 594792.33, "Plan Rows": 14939100, "Plan Width": 8, "Filter": "((o_comment)::text !~~ '%express%accounts%'::text)"}]}]}]}]}]}}, {"Plan": {"Node Type": "Limit", "Parallel Aware": false, "Startup Cost": 960334.71, "Total Cost": 960334.71, "Plan Rows": 1, "Plan Width": 16, "Plans": [{"Node Type": "Sort", "Parent Relationship": "Outer", "Parallel Aware": false, "Startup Cost": 960334.71, "Total Cost": 960335.21, "Plan Rows": 200, "Plan Width": 16, "Sort Key": ["(count(*)) DESC", "(count(orders.o_orderkey)) DESC"], "Plans": [{"Node Type": "Aggregate", "Strategy": "Hashed", "Partial Mode": "Simple", "Parent Relationship": "Outer", "Parallel Aware": false, "Startup Cost": 960331.71, "Total Cost": 960333.71, "Plan Rows": 200, "Plan Width": 16, "Group Key": ["count(orders.o_orderkey)"], "Plans": [{"Node Type": "Aggregate", "Strategy": "Sorted", "Partial Mode": "Simple", "Parent Relationship": "Outer", "Parallel Aware": false, "Startup Cost": 4.88, "Total Cost": 937831.71, "Plan Rows": 1500000, "Plan Width": 12, "Group Key": ["customer.c_custkey"], "Plans": [{"Node Type": "Merge Join", "Parent Relationship": "Outer", "Parallel Aware": false, "Join Type": "Left", "Startup Cost": 4.88, "Total Cost": 848136.21, "Plan Rows": 14939100, "Plan Width": 8, "Inner Unique": false, "Merge Cond": "(customer.c_custkey = orders.o_custkey)", "Plans": [{"Node Type": "Index Scan", "Parent Relationship": "Outer", "Parallel Aware": false, "Scan Direction": "Forward", "Index Name": "customer_pkey", "Relation Name": "customer", "Alias": "customer", "Startup Cost": 0.43, "Total Cost": 62855.13, "Plan Rows": 1500000, "Plan Width": 4}, {"Node Type": "Index Scan", "Parent Relationship": "Inner", "Parallel Aware": false, "Scan Direction": "Forward", "Index Name": "idx_orders_custkey", "Relation Name": "orders", "Alias": "orders", "Startup Cost": 0.43, "Total Cost": 594792.33, "Plan Rows": 14939100, "Plan Width": 8, "Filter": "((o_comment)::text !~~ '%express%accounts%'::text)"}]}]}]}]}]}}, {"Plan": {"Node Type": "Limit", "Parallel Aware": false, "Startup Cost": 960334.71, "Total Cost": 960334.71, "Plan Rows": 1, "Plan Width": 16, "Plans": [{"Node Type": "Sort", "Parent Relationship": "Outer", "Parallel Aware": false, "Startup Cost": 960334.71, "Total Cost": 960335.21, "Plan Rows": 200, "Plan Width": 16, "Sort Key": ["(count(*)) DESC", "(count(orders.o_orderkey)) DESC"], "Plans": [{"Node Type": "Aggregate", "Strategy": "Hashed", "Partial Mode": "Simple", "Parent Relationship": "Outer", "Parallel Aware": false, "Startup Cost": 960331.71, "Total Cost": 960333.71, "Plan Rows": 200, "Plan Width": 16, "Group Key": ["count(orders.o_orderkey)"], "Plans": [{"Node Type": "Aggregate", "Strategy": "Sorted", "Partial Mode": "Simple", "Parent Relationship": "Outer", "Parallel Aware": false, "Startup Cost": 4.88, "Total Cost": 937831.71, "Plan Rows": 1500000, "Plan Width": 12, "Group Key": ["customer.c_custkey"], "Plans": [{"Node Type": "Merge Join", "Parent Relationship": "Outer", "Parallel Aware": false, "Join Type": "Left", "Startup Cost": 4.88, "Total Cost": 848136.21, "Plan Rows": 14939100, "Plan Width": 8, "Inner Unique": false, "Merge Cond": "(customer.c_custkey = orders.o_custkey)", "Plans": [{"Node Type": "Index Scan", "Parent Relationship": "Outer", "Parallel Aware": false, "Scan Direction": "Forward", "Index Name": "customer_pkey", "Relation Name": "customer", "Alias": "customer", "Startup Cost": 0.43, "Total Cost": 62855.13, "Plan Rows": 1500000, "Plan Width": 4}, {"Node Type": "Index Scan", "Parent Relationship": "Inner", "Parallel Aware": false, "Scan Direction": "Forward", "Index Name": "idx_orders_custkey", "Relation Name": "orders", "Alias": "orders", "Startup Cost": 0.43, "Total Cost": 594792.33, "Plan Rows": 14939100, "Plan Width": 8, "Filter": "((o_comment)::text !~~ '%express%accounts%'::text)"}]}]}]}]}]}}, {"Plan": {"Node Type": "Limit", "Parallel Aware": false, "Startup Cost": 960334.71, "Total Cost": 960334.71, "Plan Rows": 1, "Plan Width": 16, "Plans": [{"Node Type": "Sort", "Parent Relationship": "Outer", "Parallel Aware": false, "Startup Cost": 960334.71, "Total Cost": 960335.21, "Plan Rows": 200, "Plan Width": 16, "Sort Key": ["(count(*)) DESC", "(count(orders.o_orderkey)) DESC"], "Plans": [{"Node Type": "Aggregate", "Strategy": "Hashed", "Partial Mode": "Simple", "Parent Relationship": "Outer", "Parallel Aware": false, "Startup Cost": 960331.71, "Total Cost": 960333.71, "Plan Rows": 200, "Plan Width": 16, "Group Key": ["count(orders.o_orderkey)"], "Plans": [{"Node Type": "Aggregate", "Strategy": "Sorted", "Partial Mode": "Simple", "Parent Relationship": "Outer", "Parallel Aware": false, "Startup Cost": 4.88, "Total Cost": 937831.71, "Plan Rows": 1500000, "Plan Width": 12, "Group Key": ["customer.c_custkey"], "Plans": [{"Node Type": "Merge Join", "Parent Relationship": "Outer", "Parallel Aware": false, "Join Type": "Left", "Startup Cost": 4.88, "Total Cost": 848136.21, "Plan Rows": 14939100, "Plan Width": 8, "Inner Unique": false, "Merge Cond": "(customer.c_custkey = orders.o_custkey)", "Plans": [{"Node Type": "Index Scan", "Parent Relationship": "Outer", "Parallel Aware": false, "Scan Direction": "Forward", "Index Name": "customer_pkey", "Relation Name": "customer", "Alias": "customer", "Startup Cost": 0.43, "Total Cost": 62855.13, "Plan Rows": 1500000, "Plan Width": 4}, {"Node Type": "Index Scan", "Parent Relationship": "Inner", "Parallel Aware": false, "Scan Direction": "Forward", "Index Name": "idx_orders_custkey", "Relation Name": "orders", "Alias": "orders", "Startup Cost": 0.43, "Total Cost": 594792.33, "Plan Rows": 14939100, "Plan Width": 8, "Filter": "((o_comment)::text !~~ '%express%accounts%'::text)"}]}]}]}]}]}}, {"Plan": {"Node Type": "Limit", "Parallel Aware": false, "Startup Cost": 1260511.79, "Total Cost": 1260511.79, "Plan Rows": 1, "Plan Width": 16, "Plans": [{"Node Type": "Sort", "Parent Relationship": "Outer", "Parallel Aware": false, "Startup Cost": 1260511.79, "Total Cost": 1260512.29, "Plan Rows": 200, "Plan Width": 16, "Sort Key": ["(count(*)) DESC", "(count(orders.o_orderkey)) DESC"], "Plans": [{"Node Type": "Aggregate", "Strategy": "Hashed", "Partial Mode": "Simple", "Parent Relationship": "Outer", "Parallel Aware": false, "Startup Cost": 1260508.79, "Total Cost": 1260510.79, "Plan Rows": 200, "Plan Width": 16, "Group Key": ["count(orders.o_orderkey)"], "Plans": [{"Node Type": "Aggregate", "Strategy": "Sorted", "Partial Mode": "Finalize", "Parent Relationship": "Outer", "Parallel Aware": false, "Startup Cost": 1000.9, "Total Cost": 1238008.79, "Plan Rows": 1500000, "Plan Width": 12, "Group Key": ["customer.c_custkey"], "Plans": [{"Node Type": "Gather Merge", "Parent Relationship": "Outer", "Parallel Aware": false, "Startup Cost": 1000.9, "Total Cost": 1200508.79, "Plan Rows": 4500000, "Plan Width": 12, "Workers Planned": 3, "Plans": [{"Node Type": "Aggregate", "Strategy": "Sorted", "Partial Mode": "Partial", "Parent Relationship": "Outer", "Parallel Aware": false, "Startup Cost": 0.86, "Total Cost": 670758.75, "Plan Rows": 1500000, "Plan Width": 12, "Group Key": ["customer.c_custkey"], "Plans": [{"Node Type": "Nested Loop", "Parent Relationship": "Outer", "Parallel Aware": false, "Join Type": "Left", "Startup Cost": 0.86, "Total Cost": 631663.42, "Plan Rows": 4819065, "Plan Width": 8, "Inner Unique": false, "Plans": [{"Node Type": "Index Scan", "Parent Relationship": "Outer", "Parallel Aware": true, "Scan Direction": "Forward", "Index Name": "customer_pkey", "Relation Name": "customer", "Alias": "customer", "Startup Cost": 0.43, "Total Cost": 52693.84, "Plan Rows": 483871, "Plan Width": 4}, {"Node Type": "Index Scan", "Parent Relationship": "Inner", "Parallel Aware": false, "Scan Direction": "Forward", "Index Name": "idx_orders_custkey", "Relation Name": "orders", "Alias": "orders", "Startup Cost": 0.43, "Total Cost": 1.02, "Plan Rows": 18, "Plan Width": 8, "Index Cond": "(o_custkey = customer.c_custkey)", "Filter": "((o_comment)::text !~~ '%express%accounts%'::text)"}]}]}]}]}]}]}]}}, {"Plan": {"Node Type": "Limit", "Parallel Aware": false, "Startup Cost": 1260511.79, "Total Cost": 1260511.79, "Plan Rows": 1, "Plan Width": 16, "Plans": [{"Node Type": "Sort", "Parent Relationship": "Outer", "Parallel Aware": false, "Startup Cost": 1260511.79, "Total Cost": 1260512.29, "Plan Rows": 200, "Plan Width": 16, "Sort Key": ["(count(*)) DESC", "(count(orders.o_orderkey)) DESC"], "Plans": [{"Node Type": "Aggregate", "Strategy": "Hashed", "Partial Mode": "Simple", "Parent Relationship": "Outer", "Parallel Aware": false, "Startup Cost": 1260508.79, "Total Cost": 1260510.79, "Plan Rows": 200, "Plan Width": 16, "Group Key": ["count(orders.o_orderkey)"], "Plans": [{"Node Type": "Aggregate", "Strategy": "Sorted", "Partial Mode": "Finalize", "Parent Relationship": "Outer", "Parallel Aware": false, "Startup Cost": 1000.9, "Total Cost": 1238008.79, "Plan Rows": 1500000, "Plan Width": 12, "Group Key": ["customer.c_custkey"], "Plans": [{"Node Type": "Gather Merge", "Parent Relationship": "Outer", "Parallel Aware": false, "Startup Cost": 1000.9, "Total Cost": 1200508.79, "Plan Rows": 4500000, "Plan Width": 12, "Workers Planned": 3, "Plans": [{"Node Type": "Aggregate", "Strategy": "Sorted", "Partial Mode": "Partial", "Parent Relationship": "Outer", "Parallel Aware": false, "Startup Cost": 0.86, "Total Cost": 670758.75, "Plan Rows": 1500000, "Plan Width": 12, "Group Key": ["customer.c_custkey"], "Plans": [{"Node Type": "Nested Loop", "Parent Relationship": "Outer", "Parallel Aware": false, "Join Type": "Left", "Startup Cost": 0.86, "Total Cost": 631663.42, "Plan Rows": 4819065, "Plan Width": 8, "Inner Unique": false, "Plans": [{"Node Type": "Index Scan", "Parent Relationship": "Outer", "Parallel Aware": true, "Scan Direction": "Forward", "Index Name": "customer_pkey", "Relation Name": "customer", "Alias": "customer", "Startup Cost": 0.43, "Total Cost": 52693.84, "Plan Rows": 483871, "Plan Width": 4}, {"Node Type": "Index Scan", "Parent Relationship": "Inner", "Parallel Aware": false, "Scan Direction": "Forward", "Index Name": "idx_orders_custkey", "Relation Name": "orders", "Alias": "orders", "Startup Cost": 0.43, "Total Cost": 1.02, "Plan Rows": 18, "Plan Width": 8, "Index Cond": "(o_custkey = customer.c_custkey)", "Filter": "((o_comment)::text !~~ '%express%accounts%'::text)"}]}]}]}]}]}]}]}}, {"Plan": {"Node Type": "Limit", "Parallel Aware": false, "Startup Cost": 1698524.06, "Total Cost": 1698524.07, "Plan Rows": 1, "Plan Width": 16, "Plans": [{"Node Type": "Sort", "Parent Relationship": "Outer", "Parallel Aware": false, "Startup Cost": 1698524.06, "Total Cost": 1698524.56, "Plan Rows": 200, "Plan Width": 16, "Sort Key": ["(count(*)) DESC", "(count(orders.o_orderkey)) DESC"], "Plans": [{"Node Type": "Aggregate", "Strategy": "Hashed", "Partial Mode": "Simple", "Parent Relationship": "Outer", "Parallel Aware": false, "Startup Cost": 1698521.06, "Total Cost": 1698523.06, "Plan Rows": 200, "Plan Width": 16, "Group Key": ["count(orders.o_orderkey)"], "Plans": [{"Node Type": "Aggregate", "Strategy": "Sorted", "Partial Mode": "Finalize", "Parent Relationship": "Outer", "Parallel Aware": false, "Startup Cost": 1058628.08, "Total Cost": 1676021.06, "Plan Rows": 1500000, "Plan Width": 12, "Group Key": ["customer.c_custkey"], "Plans": [{"Node Type": "Gather Merge", "Parent Relationship": "Outer", "Parallel Aware": false, "Startup Cost": 1058628.08, "Total Cost": 1638521.06, "Plan Rows": 4500000, "Plan Width": 12, "Workers Planned": 3, "Plans": [{"Node Type": "Aggregate", "Strategy": "Sorted", "Partial Mode": "Partial", "Parent Relationship": "Outer", "Parallel Aware": false, "Startup Cost": 1057628.04, "Total Cost": 1108771.02, "Plan Rows": 1500000, "Plan Width": 12, "Group Key": ["customer.c_custkey"], "Plans": [{"Node Type": "Sort", "Parent Relationship": "Outer", "Parallel Aware": false, "Startup Cost": 1057628.04, "Total Cost": 1069675.7, "Plan Rows": 4819065, "Plan Width": 8, "Sort Key": ["customer.c_custkey"], "Plans": [{"Node Type": "Hash Join", "Parent Relationship": "Outer", "Parallel Aware": true, "Join Type": "Left", "Startup Cost": 400456.03, "Total Cost": 484112.82, "Plan Rows": 4819065, "Plan Width": 8, "Inner Unique": false, "Hash Cond": "(customer.c_custkey = orders.o_custkey)", "Plans": [{"Node Type": "Seq Scan", "Parent Relationship": "Outer", "Parallel Aware": true, "Relation Name": "customer", "Alias": "customer", "Startup Cost": 0.0, "Total Cost": 40665.71, "Plan Rows": 483871, "Plan Width": 4}, {"Node Type": "Hash", "Parent Relationship": "Inner", "Parallel Aware": true, "Startup Cost": 321392.71, "Total Cost": 321392.71, "Plan Rows": 4819065, "Plan Width": 8, "Plans": [{"Node Type": "Seq Scan", "Parent Relationship": "Outer", "Parallel Aware": true, "Relation Name": "orders", "Alias": "orders", "Startup Cost": 0.0, "Total Cost": 321392.71, "Plan Rows": 4819065, "Plan Width": 8, "Filter": "((o_comment)::text !~~ '%express%accounts%'::text)"}]}]}]}]}]}]}]}]}]}}, {"Plan": {"Node Type": "Limit", "Parallel Aware": false, "Startup Cost": 1698524.06, "Total Cost": 1698524.07, "Plan Rows": 1, "Plan Width": 16, "Plans": [{"Node Type": "Sort", "Parent Relationship": "Outer", "Parallel Aware": false, "Startup Cost": 1698524.06, "Total Cost": 1698524.56, "Plan Rows": 200, "Plan Width": 16, "Sort Key": ["(count(*)) DESC", "(count(orders.o_orderkey)) DESC"], "Plans": [{"Node Type": "Aggregate", "Strategy": "Hashed", "Partial Mode": "Simple", "Parent Relationship": "Outer", "Parallel Aware": false, "Startup Cost": 1698521.06, "Total Cost": 1698523.06, "Plan Rows": 200, "Plan Width": 16, "Group Key": ["count(orders.o_orderkey)"], "Plans": [{"Node Type": "Aggregate", "Strategy": "Sorted", "Partial Mode": "Finalize", "Parent Relationship": "Outer", "Parallel Aware": false, "Startup Cost": 1058628.08, "Total Cost": 1676021.06, "Plan Rows": 1500000, "Plan Width": 12, "Group Key": ["customer.c_custkey"], "Plans": [{"Node Type": "Gather Merge", "Parent Relationship": "Outer", "Parallel Aware": false, "Startup Cost": 1058628.08, "Total Cost": 1638521.06, "Plan Rows": 4500000, "Plan Width": 12, "Workers Planned": 3, "Plans": [{"Node Type": "Aggregate", "Strategy": "Sorted", "Partial Mode": "Partial", "Parent Relationship": "Outer", "Parallel Aware": false, "Startup Cost": 1057628.04, "Total Cost": 1108771.02, "Plan Rows": 1500000, "Plan Width": 12, "Group Key": ["customer.c_custkey"], "Plans": [{"Node Type": "Sort", "Parent Relationship": "Outer", "Parallel Aware": false, "Startup Cost": 1057628.04, "Total Cost": 1069675.7, "Plan Rows": 4819065, "Plan Width": 8, "Sort Key": ["customer.c_custkey"], "Plans": [{"Node Type": "Hash Join", "Parent Relationship": "Outer", "Parallel Aware": true, "Join Type": "Left", "Startup Cost": 400456.03, "Total Cost": 484112.82, "Plan Rows": 4819065, "Plan Width": 8, "Inner Unique": false, "Hash Cond": "(customer.c_custkey = orders.o_custkey)", "Plans": [{"Node Type": "Seq Scan", "Parent Relationship": "Outer", "Parallel Aware": true, "Relation Name": "customer", "Alias": "customer", "Startup Cost": 0.0, "Total Cost": 40665.71, "Plan Rows": 483871, "Plan Width": 4}, {"Node Type": "Hash", "Parent Relationship": "Inner", "Parallel Aware": true, "Startup Cost": 321392.71, "Total Cost": 321392.71, "Plan Rows": 4819065, "Plan Width": 8, "Plans": [{"Node Type": "Seq Scan", "Parent Relationship": "Outer", "Parallel Aware": true, "Relation Name": "orders", "Alias": "orders", "Startup Cost": 0.0, "Total Cost": 321392.71, "Plan Rows": 4819065, "Plan Width": 8, "Filter": "((o_comment)::text !~~ '%express%accounts%'::text)"}]}]}]}]}]}]}]}]}]}}, {"Plan": {"Node Type": "Limit", "Parallel Aware": false, "Startup Cost": 1698524.06, "Total Cost": 1698524.07, "Plan Rows": 1, "Plan Width": 16, "Plans": [{"Node Type": "Sort", "Parent Relationship": "Outer", "Parallel Aware": false, "Startup Cost": 1698524.06, "Total Cost": 1698524.56, "Plan Rows": 200, "Plan Width": 16, "Sort Key": ["(count(*)) DESC", "(count(orders.o_orderkey)) DESC"], "Plans": [{"Node Type": "Aggregate", "Strategy": "Hashed", "Partial Mode": "Simple", "Parent Relationship": "Outer", "Parallel Aware": false, "Startup Cost": 1698521.06, "Total Cost": 1698523.06, "Plan Rows": 200, "Plan Width": 16, "Group Key": ["count(orders.o_orderkey)"], "Plans": [{"Node Type": "Aggregate", "Strategy": "Sorted", "Partial Mode": "Finalize", "Parent Relationship": "Outer", "Parallel Aware": false, "Startup Cost": 1058628.08, "Total Cost": 1676021.06, "Plan Rows": 1500000, "Plan Width": 12, "Group Key": ["customer.c_custkey"], "Plans": [{"Node Type": "Gather Merge", "Parent Relationship": "Outer", "Parallel Aware": false, "Startup Cost": 1058628.08, "Total Cost": 1638521.06, "Plan Rows": 4500000, "Plan Width": 12, "Workers Planned": 3, "Plans": [{"Node Type": "Aggregate", "Strategy": "Sorted", "Partial Mode": "Partial", "Parent Relationship": "Outer", "Parallel Aware": false, "Startup Cost": 1057628.04, "Total Cost": 1108771.02, "Plan Rows": 1500000, "Plan Width": 12, "Group Key": ["customer.c_custkey"], "Plans": [{"Node Type": "Sort", "Parent Relationship": "Outer", "Parallel Aware": false, "Startup Cost": 1057628.04, "Total Cost": 1069675.7, "Plan Rows": 4819065, "Plan Width": 8, "Sort Key": ["customer.c_custkey"], "Plans": [{"Node Type": "Hash Join", "Parent Relationship": "Outer", "Parallel Aware": true, "Join Type": "Left", "Startup Cost": 400456.03, "Total Cost": 484112.82, "Plan Rows": 4819065, "Plan Width": 8, "Inner Unique": false, "Hash Cond": "(customer.c_custkey = orders.o_custkey)", "Plans": [{"Node Type": "Seq Scan", "Parent Relationship": "Outer", "Parallel Aware": true, "Relation Name": "customer", "Alias": "customer", "Startup Cost": 0.0, "Total Cost": 40665.71, "Plan Rows": 483871, "Plan Width": 4}, {"Node Type": "Hash", "Parent Relationship": "Inner", "Parallel Aware": true, "Startup Cost": 321392.71, "Total Cost": 321392.71, "Plan Rows": 4819065, "Plan Width": 8, "Plans": [{"Node Type": "Seq Scan", "Parent Relationship": "Outer", "Parallel Aware": true, "Relation Name": "orders", "Alias": "orders", "Startup Cost": 0.0, "Total Cost": 321392.71, "Plan Rows": 4819065, "Plan Width": 8, "Filter": "((o_comment)::text !~~ '%express%accounts%'::text)"}]}]}]}]}]}]}]}]}]}}, {"Plan": {"Node Type": "Limit", "Parallel Aware": false, "Startup Cost": 1698524.06, "Total Cost": 1698524.07, "Plan Rows": 1, "Plan Width": 16, "Plans": [{"Node Type": "Sort", "Parent Relationship": "Outer", "Parallel Aware": false, "Startup Cost": 1698524.06, "Total Cost": 1698524.56, "Plan Rows": 200, "Plan Width": 16, "Sort Key": ["(count(*)) DESC", "(count(orders.o_orderkey)) DESC"], "Plans": [{"Node Type": "Aggregate", "Strategy": "Hashed", "Partial Mode": "Simple", "Parent Relationship": "Outer", "Parallel Aware": false, "Startup Cost": 1698521.06, "Total Cost": 1698523.06, "Plan Rows": 200, "Plan Width": 16, "Group Key": ["count(orders.o_orderkey)"], "Plans": [{"Node Type": "Aggregate", "Strategy": "Sorted", "Partial Mode": "Finalize", "Parent Relationship": "Outer", "Parallel Aware": false, "Startup Cost": 1058628.08, "Total Cost": 1676021.06, "Plan Rows": 1500000, "Plan Width": 12, "Group Key": ["customer.c_custkey"], "Plans": [{"Node Type": "Gather Merge", "Parent Relationship": "Outer", "Parallel Aware": false, "Startup Cost": 1058628.08, "Total Cost": 1638521.06, "Plan Rows": 4500000, "Plan Width": 12, "Workers Planned": 3, "Plans": [{"Node Type": "Aggregate", "Strategy": "Sorted", "Partial Mode": "Partial", "Parent Relationship": "Outer", "Parallel Aware": false, "Startup Cost": 1057628.04, "Total Cost": 1108771.02, "Plan Rows": 1500000, "Plan Width": 12, "Group Key": ["customer.c_custkey"], "Plans": [{"Node Type": "Sort", "Parent Relationship": "Outer", "Parallel Aware": false, "Startup Cost": 1057628.04, "Total Cost": 1069675.7, "Plan Rows": 4819065, "Plan Width": 8, "Sort Key": ["customer.c_custkey"], "Plans": [{"Node Type": "Hash Join", "Parent Relationship": "Outer", "Parallel Aware": true, "Join Type": "Left", "Startup Cost": 400456.03, "Total Cost": 484112.82, "Plan Rows": 4819065, "Plan Width": 8, "Inner Unique": false, "Hash Cond": "(customer.c_custkey = orders.o_custkey)", "Plans": [{"Node Type": "Seq Scan", "Parent Relationship": "Outer", "Parallel Aware": true, "Relation Name": "customer", "Alias": "customer", "Startup Cost": 0.0, "Total Cost": 40665.71, "Plan Rows": 483871, "Plan Width": 4}, {"Node Type": "Hash", "Parent Relationship": "Inner", "Parallel Aware": true, "Startup Cost": 321392.71, "Total Cost": 321392.71, "Plan Rows": 4819065, "Plan Width": 8, "Plans": [{"Node Type": "Seq Scan", "Parent Relationship": "Outer", "Parallel Aware": true, "Relation Name": "orders", "Alias": "orders", "Startup Cost": 0.0, "Total Cost": 321392.71, "Plan Rows": 4819065, "Plan Width": 8, "Filter": "((o_comment)::text !~~ '%express%accounts%'::text)"}]}]}]}]}]}]}]}]}]}}, {"Plan": {"Node Type": "Limit", "Parallel Aware": false, "Startup Cost": 1698524.06, "Total Cost": 1698524.07, "Plan Rows": 1, "Plan Width": 16, "Plans": [{"Node Type": "Sort", "Parent Relationship": "Outer", "Parallel Aware": false, "Startup Cost": 1698524.06, "Total Cost": 1698524.56, "Plan Rows": 200, "Plan Width": 16, "Sort Key": ["(count(*)) DESC", "(count(orders.o_orderkey)) DESC"], "Plans": [{"Node Type": "Aggregate", "Strategy": "Hashed", "Partial Mode": "Simple", "Parent Relationship": "Outer", "Parallel Aware": false, "Startup Cost": 1698521.06, "Total Cost": 1698523.06, "Plan Rows": 200, "Plan Width": 16, "Group Key": ["count(orders.o_orderkey)"], "Plans": [{"Node Type": "Aggregate", "Strategy": "Sorted", "Partial Mode": "Finalize", "Parent Relationship": "Outer", "Parallel Aware": false, "Startup Cost": 1058628.08, "Total Cost": 1676021.06, "Plan Rows": 1500000, "Plan Width": 12, "Group Key": ["customer.c_custkey"], "Plans": [{"Node Type": "Gather Merge", "Parent Relationship": "Outer", "Parallel Aware": false, "Startup Cost": 1058628.08, "Total Cost": 1638521.06, "Plan Rows": 4500000, "Plan Width": 12, "Workers Planned": 3, "Plans": [{"Node Type": "Aggregate", "Strategy": "Sorted", "Partial Mode": "Partial", "Parent Relationship": "Outer", "Parallel Aware": false, "Startup Cost": 1057628.04, "Total Cost": 1108771.02, "Plan Rows": 1500000, "Plan Width": 12, "Group Key": ["customer.c_custkey"], "Plans": [{"Node Type": "Sort", "Parent Relationship": "Outer", "Parallel Aware": false, "Startup Cost": 1057628.04, "Total Cost": 1069675.7, "Plan Rows": 4819065, "Plan Width": 8, "Sort Key": ["customer.c_custkey"], "Plans": [{"Node Type": "Hash Join", "Parent Relationship": "Outer", "Parallel Aware": true, "Join Type": "Left", "Startup Cost": 400456.03, "Total Cost": 484112.82, "Plan Rows": 4819065, "Plan Width": 8, "Inner Unique": false, "Hash Cond": "(customer.c_custkey = orders.o_custkey)", "Plans": [{"Node Type": "Seq Scan", "Parent Relationship": "Outer", "Parallel Aware": true, "Relation Name": "customer", "Alias": "customer", "Startup Cost": 0.0, "Total Cost": 40665.71, "Plan Rows": 483871, "Plan Width": 4}, {"Node Type": "Hash", "Parent Relationship": "Inner", "Parallel Aware": true, "Startup Cost": 321392.71, "Total Cost": 321392.71, "Plan Rows": 4819065, "Plan Width": 8, "Plans": [{"Node Type": "Seq Scan", "Parent Relationship": "Outer", "Parallel Aware": true, "Relation Name": "orders", "Alias": "orders", "Startup Cost": 0.0, "Total Cost": 321392.71, "Plan Rows": 4819065, "Plan Width": 8, "Filter": "((o_comment)::text !~~ '%express%accounts%'::text)"}]}]}]}]}]}]}]}]}]}}, {"Plan": {"Node Type": "Limit", "Parallel Aware": false, "Startup Cost": 960334.71, "Total Cost": 960334.71, "Plan Rows": 1, "Plan Width": 16, "Plans": [{"Node Type": "Sort", "Parent Relationship": "Outer", "Parallel Aware": false, "Startup Cost": 960334.71, "Total Cost": 960335.21, "Plan Rows": 200, "Plan Width": 16, "Sort Key": ["(count(*)) DESC", "(count(orders.o_orderkey)) DESC"], "Plans": [{"Node Type": "Aggregate", "Strategy": "Hashed", "Partial Mode": "Simple", "Parent Relationship": "Outer", "Parallel Aware": false, "Startup Cost": 960331.71, "Total Cost": 960333.71, "Plan Rows": 200, "Plan Width": 16, "Group Key": ["count(orders.o_orderkey)"], "Plans": [{"Node Type": "Aggregate", "Strategy": "Sorted", "Partial Mode": "Simple", "Parent Relationship": "Outer", "Parallel Aware": false, "Startup Cost": 4.88, "Total Cost": 937831.71, "Plan Rows": 1500000, "Plan Width": 12, "Group Key": ["customer.c_custkey"], "Plans": [{"Node Type": "Merge Join", "Parent Relationship": "Outer", "Parallel Aware": false, "Join Type": "Left", "Startup Cost": 4.88, "Total Cost": 848136.21, "Plan Rows": 14939100, "Plan Width": 8, "Inner Unique": false, "Merge Cond": "(customer.c_custkey = orders.o_custkey)", "Plans": [{"Node Type": "Index Only Scan", "Parent Relationship": "Outer", "Parallel Aware": false, "Scan Direction": "Forward", "Index Name": "customer_pkey", "Relation Name": "customer", "Alias": "customer", "Startup Cost": 0.43, "Total Cost": 62855.13, "Plan Rows": 1500000, "Plan Width": 4}, {"Node Type": "Index Scan", "Parent Relationship": "Inner", "Parallel Aware": false, "Scan Direction": "Forward", "Index Name": "idx_orders_custkey", "Relation Name": "orders", "Alias": "orders", "Startup Cost": 0.43, "Total Cost": 594792.33, "Plan Rows": 14939100, "Plan Width": 8, "Filter": "((o_comment)::text !~~ '%express%accounts%'::text)"}]}]}]}]}]}}, {"Plan": {"Node Type": "Limit", "Parallel Aware": false, "Startup Cost": 960334.71, "Total Cost": 960334.71, "Plan Rows": 1, "Plan Width": 16, "Plans": [{"Node Type": "Sort", "Parent Relationship": "Outer", "Parallel Aware": false, "Startup Cost": 960334.71, "Total Cost": 960335.21, "Plan Rows": 200, "Plan Width": 16, "Sort Key": ["(count(*)) DESC", "(count(orders.o_orderkey)) DESC"], "Plans": [{"Node Type": "Aggregate", "Strategy": "Hashed", "Partial Mode": "Simple", "Parent Relationship": "Outer", "Parallel Aware": false, "Startup Cost": 960331.71, "Total Cost": 960333.71, "Plan Rows": 200, "Plan Width": 16, "Group Key": ["count(orders.o_orderkey)"], "Plans": [{"Node Type": "Aggregate", "Strategy": "Sorted", "Partial Mode": "Simple", "Parent Relationship": "Outer", "Parallel Aware": false, "Startup Cost": 4.88, "Total Cost": 937831.71, "Plan Rows": 1500000, "Plan Width": 12, "Group Key": ["customer.c_custkey"], "Plans": [{"Node Type": "Merge Join", "Parent Relationship": "Outer", "Parallel Aware": false, "Join Type": "Left", "Startup Cost": 4.88, "Total Cost": 848136.21, "Plan Rows": 14939100, "Plan Width": 8, "Inner Unique": false, "Merge Cond": "(customer.c_custkey = orders.o_custkey)", "Plans": [{"Node Type": "Index Only Scan", "Parent Relationship": "Outer", "Parallel Aware": false, "Scan Direction": "Forward", "Index Name": "customer_pkey", "Relation Name": "customer", "Alias": "customer", "Startup Cost": 0.43, "Total Cost": 62855.13, "Plan Rows": 1500000, "Plan Width": 4}, {"Node Type": "Index Scan", "Parent Relationship": "Inner", "Parallel Aware": false, "Scan Direction": "Forward", "Index Name": "idx_orders_custkey", "Relation Name": "orders", "Alias": "orders", "Startup Cost": 0.43, "Total Cost": 594792.33, "Plan Rows": 14939100, "Plan Width": 8, "Filter": "((o_comment)::text !~~ '%express%accounts%'::text)"}]}]}]}]}]}}, {"Plan": {"Node Type": "Limit", "Parallel Aware": false, "Startup Cost": 960334.71, "Total Cost": 960334.71, "Plan Rows": 1, "Plan Width": 16, "Plans": [{"Node Type": "Sort", "Parent Relationship": "Outer", "Parallel Aware": false, "Startup Cost": 960334.71, "Total Cost": 960335.21, "Plan Rows": 200, "Plan Width": 16, "Sort Key": ["(count(*)) DESC", "(count(orders.o_orderkey)) DESC"], "Plans": [{"Node Type": "Aggregate", "Strategy": "Hashed", "Partial Mode": "Simple", "Parent Relationship": "Outer", "Parallel Aware": false, "Startup Cost": 960331.71, "Total Cost": 960333.71, "Plan Rows": 200, "Plan Width": 16, "Group Key": ["count(orders.o_orderkey)"], "Plans": [{"Node Type": "Aggregate", "Strategy": "Sorted", "Partial Mode": "Simple", "Parent Relationship": "Outer", "Parallel Aware": false, "Startup Cost": 4.88, "Total Cost": 937831.71, "Plan Rows": 1500000, "Plan Width": 12, "Group Key": ["customer.c_custkey"], "Plans": [{"Node Type": "Merge Join", "Parent Relationship": "Outer", "Parallel Aware": false, "Join Type": "Left", "Startup Cost": 4.88, "Total Cost": 848136.21, "Plan Rows": 14939100, "Plan Width": 8, "Inner Unique": false, "Merge Cond": "(customer.c_custkey = orders.o_custkey)", "Plans": [{"Node Type": "Index Only Scan", "Parent Relationship": "Outer", "Parallel Aware": false, "Scan Direction": "Forward", "Index Name": "customer_pkey", "Relation Name": "customer", "Alias": "customer", "Startup Cost": 0.43, "Total Cost": 62855.13, "Plan Rows": 1500000, "Plan Width": 4}, {"Node Type": "Index Scan", "Parent Relationship": "Inner", "Parallel Aware": false, "Scan Direction": "Forward", "Index Name": "idx_orders_custkey", "Relation Name": "orders", "Alias": "orders", "Startup Cost": 0.43, "Total Cost": 594792.33, "Plan Rows": 14939100, "Plan Width": 8, "Filter": "((o_comment)::text !~~ '%express%accounts%'::text)"}]}]}]}]}]}}, {"Plan": {"Node Type": "Limit", "Parallel Aware": false, "Startup Cost": 960334.71, "Total Cost": 960334.71, "Plan Rows": 1, "Plan Width": 16, "Plans": [{"Node Type": "Sort", "Parent Relationship": "Outer", "Parallel Aware": false, "Startup Cost": 960334.71, "Total Cost": 960335.21, "Plan Rows": 200, "Plan Width": 16, "Sort Key": ["(count(*)) DESC", "(count(orders.o_orderkey)) DESC"], "Plans": [{"Node Type": "Aggregate", "Strategy": "Hashed", "Partial Mode": "Simple", "Parent Relationship": "Outer", "Parallel Aware": false, "Startup Cost": 960331.71, "Total Cost": 960333.71, "Plan Rows": 200, "Plan Width": 16, "Group Key": ["count(orders.o_orderkey)"], "Plans": [{"Node Type": "Aggregate", "Strategy": "Sorted", "Partial Mode": "Simple", "Parent Relationship": "Outer", "Parallel Aware": false, "Startup Cost": 4.88, "Total Cost": 937831.71, "Plan Rows": 1500000, "Plan Width": 12, "Group Key": ["customer.c_custkey"], "Plans": [{"Node Type": "Merge Join", "Parent Relationship": "Outer", "Parallel Aware": false, "Join Type": "Left", "Startup Cost": 4.88, "Total Cost": 848136.21, "Plan Rows": 14939100, "Plan Width": 8, "Inner Unique": false, "Merge Cond": "(customer.c_custkey = orders.o_custkey)", "Plans": [{"Node Type": "Index Only Scan", "Parent Relationship": "Outer", "Parallel Aware": false, "Scan Direction": "Forward", "Index Name": "customer_pkey", "Relation Name": "customer", "Alias": "customer", "Startup Cost": 0.43, "Total Cost": 62855.13, "Plan Rows": 1500000, "Plan Width": 4}, {"Node Type": "Index Scan", "Parent Relationship": "Inner", "Parallel Aware": false, "Scan Direction": "Forward", "Index Name": "idx_orders_custkey", "Relation Name": "orders", "Alias": "orders", "Startup Cost": 0.43, "Total Cost": 594792.33, "Plan Rows": 14939100, "Plan Width": 8, "Filter": "((o_comment)::text !~~ '%express%accounts%'::text)"}]}]}]}]}]}}, {"Plan": {"Node Type": "Limit", "Parallel Aware": false, "Startup Cost": 1260511.79, "Total Cost": 1260511.79, "Plan Rows": 1, "Plan Width": 16, "Plans": [{"Node Type": "Sort", "Parent Relationship": "Outer", "Parallel Aware": false, "Startup Cost": 1260511.79, "Total Cost": 1260512.29, "Plan Rows": 200, "Plan Width": 16, "Sort Key": ["(count(*)) DESC", "(count(orders.o_orderkey)) DESC"], "Plans": [{"Node Type": "Aggregate", "Strategy": "Hashed", "Partial Mode": "Simple", "Parent Relationship": "Outer", "Parallel Aware": false, "Startup Cost": 1260508.79, "Total Cost": 1260510.79, "Plan Rows": 200, "Plan Width": 16, "Group Key": ["count(orders.o_orderkey)"], "Plans": [{"Node Type": "Aggregate", "Strategy": "Sorted", "Partial Mode": "Finalize", "Parent Relationship": "Outer", "Parallel Aware": false, "Startup Cost": 1000.9, "Total Cost": 1238008.79, "Plan Rows": 1500000, "Plan Width": 12, "Group Key": ["customer.c_custkey"], "Plans": [{"Node Type": "Gather Merge", "Parent Relationship": "Outer", "Parallel Aware": false, "Startup Cost": 1000.9, "Total Cost": 1200508.79, "Plan Rows": 4500000, "Plan Width": 12, "Workers Planned": 3, "Plans": [{"Node Type": "Aggregate", "Strategy": "Sorted", "Partial Mode": "Partial", "Parent Relationship": "Outer", "Parallel Aware": false, "Startup Cost": 0.86, "Total Cost": 670758.75, "Plan Rows": 1500000, "Plan Width": 12, "Group Key": ["customer.c_custkey"], "Plans": [{"Node Type": "Nested Loop", "Parent Relationship": "Outer", "Parallel Aware": false, "Join Type": "Left", "Startup Cost": 0.86, "Total Cost": 631663.42, "Plan Rows": 4819065, "Plan Width": 8, "Inner Unique": false, "Plans": [{"Node Type": "Index Only Scan", "Parent Relationship": "Outer", "Parallel Aware": true, "Scan Direction": "Forward", "Index Name": "customer_pkey", "Relation Name": "customer", "Alias": "customer", "Startup Cost": 0.43, "Total Cost": 52693.84, "Plan Rows": 483871, "Plan Width": 4}, {"Node Type": "Index Scan", "Parent Relationship": "Inner", "Parallel Aware": false, "Scan Direction": "Forward", "Index Name": "idx_orders_custkey", "Relation Name": "orders", "Alias": "orders", "Startup Cost": 0.43, "Total Cost": 1.02, "Plan Rows": 18, "Plan Width": 8, "Index Cond": "(o_custkey = customer.c_custkey)", "Filter": "((o_comment)::text !~~ '%express%accounts%'::text)"}]}]}]}]}]}]}]}}, {"Plan": {"Node Type": "Limit", "Parallel Aware": false, "Startup Cost": 1260511.79, "Total Cost": 1260511.79, "Plan Rows": 1, "Plan Width": 16, "Plans": [{"Node Type": "Sort", "Parent Relationship": "Outer", "Parallel Aware": false, "Startup Cost": 1260511.79, "Total Cost": 1260512.29, "Plan Rows": 200, "Plan Width": 16, "Sort Key": ["(count(*)) DESC", "(count(orders.o_orderkey)) DESC"], "Plans": [{"Node Type": "Aggregate", "Strategy": "Hashed", "Partial Mode": "Simple", "Parent Relationship": "Outer", "Parallel Aware": false, "Startup Cost": 1260508.79, "Total Cost": 1260510.79, "Plan Rows": 200, "Plan Width": 16, "Group Key": ["count(orders.o_orderkey)"], "Plans": [{"Node Type": "Aggregate", "Strategy": "Sorted", "Partial Mode": "Finalize", "Parent Relationship": "Outer", "Parallel Aware": false, "Startup Cost": 1000.9, "Total Cost": 1238008.79, "Plan Rows": 1500000, "Plan Width": 12, "Group Key": ["customer.c_custkey"], "Plans": [{"Node Type": "Gather Merge", "Parent Relationship": "Outer", "Parallel Aware": false, "Startup Cost": 1000.9, "Total Cost": 1200508.79, "Plan Rows": 4500000, "Plan Width": 12, "Workers Planned": 3, "Plans": [{"Node Type": "Aggregate", "Strategy": "Sorted", "Partial Mode": "Partial", "Parent Relationship": "Outer", "Parallel Aware": false, "Startup Cost": 0.86, "Total Cost": 670758.75, "Plan Rows": 1500000, "Plan Width": 12, "Group Key": ["customer.c_custkey"], "Plans": [{"Node Type": "Nested Loop", "Parent Relationship": "Outer", "Parallel Aware": false, "Join Type": "Left", "Startup Cost": 0.86, "Total Cost": 631663.42, "Plan Rows": 4819065, "Plan Width": 8, "Inner Unique": false, "Plans": [{"Node Type": "Index Only Scan", "Parent Relationship": "Outer", "Parallel Aware": true, "Scan Direction": "Forward", "Index Name": "customer_pkey", "Relation Name": "customer", "Alias": "customer", "Startup Cost": 0.43, "Total Cost": 52693.84, "Plan Rows": 483871, "Plan Width": 4}, {"Node Type": "Index Scan", "Parent Relationship": "Inner", "Parallel Aware": false, "Scan Direction": "Forward", "Index Name": "idx_orders_custkey", "Relation Name": "orders", "Alias": "orders", "Startup Cost": 0.43, "Total Cost": 1.02, "Plan Rows": 18, "Plan Width": 8, "Index Cond": "(o_custkey = customer.c_custkey)", "Filter": "((o_comment)::text !~~ '%express%accounts%'::text)"}]}]}]}]}]}]}]}}, {"Plan": {"Node Type": "Limit", "Parallel Aware": false, "Startup Cost": 20001129971.69, "Total Cost": 20001129971.69, "Plan Rows": 1, "Plan Width": 16, "Plans": [{"Node Type": "Sort", "Parent Relationship": "Outer", "Parallel Aware": false, "Startup Cost": 20001129971.69, "Total Cost": 20001129972.19, "Plan Rows": 200, "Plan Width": 16, "Sort Key": ["(count(*)) DESC", "c_orders.c_count DESC"], "Plans": [{"Node Type": "Aggregate", "Strategy": "Sorted", "Partial Mode": "Simple", "Parent Relationship": "Outer", "Parallel Aware": false, "Startup Cost": 20001118718.69, "Total Cost": 20001129970.69, "Plan Rows": 200, "Plan Width": 16, "Group Key": ["c_orders.c_count"], "Plans": [{"Node Type": "Sort", "Parent Relationship": "Outer", "Parallel Aware": false, "Startup Cost": 20001118718.69, "Total Cost": 20001122468.69, "Plan Rows": 1500000, "Plan Width": 8, "Sort Key": ["c_orders.c_count DESC"], "Plans": [{"Node Type": "Subquery Scan", "Parent Relationship": "Outer", "Parallel Aware": false, "Alias": "c_orders", "Startup Cost": 20000000004.88, "Total Cost": 20000952831.71, "Plan Rows": 1500000, "Plan Width": 8, "Plans": [{"Node Type": "Aggregate", "Strategy": "Sorted", "Partial Mode": "Simple", "Parent Relationship": "Subquery", "Parallel Aware": false, "Startup Cost": 20000000004.88, "Total Cost": 20000937831.71, "Plan Rows": 1500000, "Plan Width": 12, "Group Key": ["customer.c_custkey"], "Plans": [{"Node Type": "Merge Join", "Parent Relationship": "Outer", "Parallel Aware": false, "Join Type": "Left", "Startup Cost": 20000000004.88, "Total Cost": 20000848136.21, "Plan Rows": 14939100, "Plan Width": 8, "Inner Unique": false, "Merge Cond": "(customer.c_custkey = orders.o_custkey)", "Plans": [{"Node Type": "Index Only Scan", "Parent Relationship": "Outer", "Parallel Aware": false, "Scan Direction": "Forward", "Index Name": "customer_pkey", "Relation Name": "customer", "Alias": "customer", "Startup Cost": 10000000000.43, "Total Cost": 10000062855.13, "Plan Rows": 1500000, "Plan Width": 4}, {"Node Type": "Index Scan", "Parent Relationship": "Inner", "Parallel Aware": false, "Scan Direction": "Forward", "Index Name": "idx_orders_custkey", "Relation Name": "orders", "Alias": "orders", "Startup Cost": 10000000000.43, "Total Cost": 10000594792.33, "Plan Rows": 14939100, "Plan Width": 8, "Filter": "((o_comment)::text !~~ '%express%accounts%'::text)"}]}]}]}]}]}]}]}}, {"Plan": {"Node Type": "Limit", "Parallel Aware": false, "Startup Cost": 10003576743.01, "Total Cost": 10003576743.01, "Plan Rows": 1, "Plan Width": 16, "Plans": [{"Node Type": "Sort", "Parent Relationship": "Outer", "Parallel Aware": false, "Startup Cost": 10003576743.01, "Total Cost": 10003576743.51, "Plan Rows": 200, "Plan Width": 16, "Sort Key": ["(count(*)) DESC", "c_orders.c_count DESC"], "Plans": [{"Node Type": "Aggregate", "Strategy": "Sorted", "Partial Mode": "Simple", "Parent Relationship": "Outer", "Parallel Aware": false, "Startup Cost": 10003565490.01, "Total Cost": 10003576742.01, "Plan Rows": 200, "Plan Width": 16, "Group Key": ["c_orders.c_count"], "Plans": [{"Node Type": "Sort", "Parent Relationship": "Outer", "Parallel Aware": false, "Startup Cost": 10003565490.01, "Total Cost": 10003569240.01, "Plan Rows": 1500000, "Plan Width": 8, "Sort Key": ["c_orders.c_count DESC"], "Plans": [{"Node Type": "Subquery Scan", "Parent Relationship": "Outer", "Parallel Aware": false, "Alias": "c_orders", "Startup Cost": 10000000001.03, "Total Cost": 10003399603.03, "Plan Rows": 1500000, "Plan Width": 8, "Plans": [{"Node Type": "Aggregate", "Strategy": "Sorted", "Partial Mode": "Simple", "Parent Relationship": "Subquery", "Parallel Aware": false, "Startup Cost": 10000000001.03, "Total Cost": 10003384603.03, "Plan Rows": 1500000, "Plan Width": 12, "Group Key": ["customer.c_custkey"], "Plans": [{"Node Type": "Nested Loop", "Parent Relationship": "Outer", "Parallel Aware": false, "Join Type": "Left", "Startup Cost": 10000000001.03, "Total Cost": 10003294907.53, "Plan Rows": 14939100, "Plan Width": 8, "Inner Unique": false, "Plans": [{"Node Type": "Index Only Scan", "Parent Relationship": "Outer", "Parallel Aware": false, "Scan Direction": "Forward", "Index Name": "customer_pkey", "Relation Name": "customer", "Alias": "customer", "Startup Cost": 10000000000.43, "Total Cost": 10000062855.13, "Plan Rows": 1500000, "Plan Width": 4}, {"Node Type": "Bitmap Heap Scan", "Parent Relationship": "Inner", "Parallel Aware": false, "Relation Name": "orders", "Alias": "orders", "Startup Cost": 0.6, "Total Cost": 1.97, "Plan Rows": 18, "Plan Width": 8, "Recheck Cond": "(customer.c_custkey = o_custkey)", "Filter": "((o_comment)::text !~~ '%express%accounts%'::text)", "Plans": [{"Node Type": "Bitmap Index Scan", "Parent Relationship": "Outer", "Parallel Aware": false, "Index Name": "idx_orders_custkey", "Startup Cost": 0.0, "Total Cost": 0.6, "Plan Rows": 18, "Plan Width": 0, "Index Cond": "(o_custkey = customer.c_custkey)"}]}]}]}]}]}]}]}]}}, {"Plan": {"Node Type": "Limit", "Parallel Aware": false, "Startup Cost": 2297674.57, "Total Cost": 2297674.58, "Plan Rows": 1, "Plan Width": 16, "Plans": [{"Node Type": "Sort", "Parent Relationship": "Outer", "Parallel Aware": false, "Startup Cost": 2297674.57, "Total Cost": 2297675.07, "Plan Rows": 200, "Plan Width": 16, "Sort Key": ["(count(*)) DESC", "(count(orders.o_orderkey)) DESC"], "Plans": [{"Node Type": "Aggregate", "Strategy": "Hashed", "Partial Mode": "Simple", "Parent Relationship": "Outer", "Parallel Aware": false, "Startup Cost": 2297671.57, "Total Cost": 2297673.57, "Plan Rows": 200, "Plan Width": 16, "Group Key": ["count(orders.o_orderkey)"], "Plans": [{"Node Type": "Aggregate", "Strategy": "Sorted", "Partial Mode": "Finalize", "Parent Relationship": "Outer", "Parallel Aware": false, "Startup Cost": 1657778.59, "Total Cost": 2275171.57, "Plan Rows": 1500000, "Plan Width": 12, "Group Key": ["customer.c_custkey"], "Plans": [{"Node Type": "Gather Merge", "Parent Relationship": "Outer", "Parallel Aware": false, "Startup Cost": 1657778.59, "Total Cost": 2237671.57, "Plan Rows": 4500000, "Plan Width": 12, "Workers Planned": 3, "Plans": [{"Node Type": "Aggregate", "Strategy": "Sorted", "Partial Mode": "Partial", "Parent Relationship": "Outer", "Parallel Aware": false, "Startup Cost": 1656778.55, "Total Cost": 1707921.53, "Plan Rows": 1500000, "Plan Width": 12, "Group Key": ["customer.c_custkey"], "Plans": [{"Node Type": "Sort", "Parent Relationship": "Outer", "Parallel Aware": false, "Startup Cost": 1656778.55, "Total Cost": 1668826.21, "Plan Rows": 4819065, "Plan Width": 8, "Sort Key": ["customer.c_custkey"], "Plans": [{"Node Type": "Nested Loop", "Parent Relationship": "Outer", "Parallel Aware": false, "Join Type": "Left", "Startup Cost": 0.6, "Total Cost": 1083263.33, "Plan Rows": 4819065, "Plan Width": 8, "Inner Unique": false, "Plans": [{"Node Type": "Seq Scan", "Parent Relationship": "Outer", "Parallel Aware": true, "Relation Name": "customer", "Alias": "customer", "Startup Cost": 0.0, "Total Cost": 40665.71, "Plan Rows": 483871, "Plan Width": 4}, {"Node Type": "Bitmap Heap Scan", "Parent Relationship": "Inner", "Parallel Aware": false, "Relation Name": "orders", "Alias": "orders", "Startup Cost": 0.6, "Total Cost": 1.97, "Plan Rows": 18, "Plan Width": 8, "Recheck Cond": "(customer.c_custkey = o_custkey)", "Filter": "((o_comment)::text !~~ '%express%accounts%'::text)", "Plans": [{"Node Type": "Bitmap Index Scan", "Parent Relationship": "Outer", "Parallel Aware": false, "Index Name": "idx_orders_custkey", "Startup Cost": 0.0, "Total Cost": 0.6, "Plan Rows": 18, "Plan Width": 0, "Index Cond": "(o_custkey = customer.c_custkey)"}]}]}]}]}]}]}]}]}]}}, {"Plan": {"Node Type": "Limit", "Parallel Aware": false, "Startup Cost": 2946065.96, "Total Cost": 2946065.97, "Plan Rows": 1, "Plan Width": 16, "Plans": [{"Node Type": "Sort", "Parent Relationship": "Outer", "Parallel Aware": false, "Startup Cost": 2946065.96, "Total Cost": 2946066.46, "Plan Rows": 200, "Plan Width": 16, "Sort Key": ["(count(*)) DESC", "(count(orders.o_orderkey)) DESC"], "Plans": [{"Node Type": "Aggregate", "Strategy": "Hashed", "Partial Mode": "Simple", "Parent Relationship": "Outer", "Parallel Aware": false, "Startup Cost": 2946062.96, "Total Cost": 2946064.96, "Plan Rows": 200, "Plan Width": 16, "Group Key": ["count(orders.o_orderkey)"], "Plans": [{"Node Type": "Aggregate", "Strategy": "Sorted", "Partial Mode": "Simple", "Parent Relationship": "Outer", "Parallel Aware": false, "Startup Cost": 2564933.69, "Total Cost": 2923562.96, "Plan Rows": 1500000, "Plan Width": 12, "Group Key": ["customer.c_custkey"], "Plans": [{"Node Type": "Merge Join", "Parent Relationship": "Outer", "Parallel Aware": false, "Join Type": "Left", "Startup Cost": 2564933.69, "Total Cost": 2833867.46, "Plan Rows": 14939100, "Plan Width": 8, "Inner Unique": false, "Merge Cond": "(customer.c_custkey = orders.o_custkey)", "Plans": [{"Node Type": "Sort", "Parent Relationship": "Outer", "Parallel Aware": false, "Startup Cost": 216713.98, "Total Cost": 220463.98, "Plan Rows": 1500000, "Plan Width": 4, "Sort Key": ["customer.c_custkey"], "Plans": [{"Node Type": "Seq Scan", "Parent Relationship": "Outer", "Parallel Aware": false, "Relation Name": "customer", "Alias": "customer", "Startup Cost": 0.0, "Total Cost": 50827.0, "Plan Rows": 1500000, "Plan Width": 4}]}, {"Node Type": "Materialize", "Parent Relationship": "Inner", "Parallel Aware": false, "Startup Cost": 2348219.23, "Total Cost": 2422914.73, "Plan Rows": 14939100, "Plan Width": 8, "Plans": [{"Node Type": "Sort", "Parent Relationship": "Outer", "Parallel Aware": false, "Startup Cost": 2348219.23, "Total Cost": 2385566.98, "Plan Rows": 14939100, "Plan Width": 8, "Sort Key": ["orders.o_custkey"], "Plans": [{"Node Type": "Seq Scan", "Parent Relationship": "Outer", "Parallel Aware": false, "Relation Name": "orders", "Alias": "orders", "Startup Cost": 0.0, "Total Cost": 448402.21, "Plan Rows": 14939100, "Plan Width": 8, "Filter": "((o_comment)::text !~~ '%express%accounts%'::text)"}]}]}]}]}]}]}]}}, {"Plan": {"Node Type": "Limit", "Parallel Aware": false, "Startup Cost": 10003576743.01, "Total Cost": 10003576743.01, "Plan Rows": 1, "Plan Width": 16, "Plans": [{"Node Type": "Sort", "Parent Relationship": "Outer", "Parallel Aware": false, "Startup Cost": 10003576743.01, "Total Cost": 10003576743.51, "Plan Rows": 200, "Plan Width": 16, "Sort Key": ["(count(*)) DESC", "c_orders.c_count DESC"], "Plans": [{"Node Type": "Aggregate", "Strategy": "Sorted", "Partial Mode": "Simple", "Parent Relationship": "Outer", "Parallel Aware": false, "Startup Cost": 10003565490.01, "Total Cost": 10003576742.01, "Plan Rows": 200, "Plan Width": 16, "Group Key": ["c_orders.c_count"], "Plans": [{"Node Type": "Sort", "Parent Relationship": "Outer", "Parallel Aware": false, "Startup Cost": 10003565490.01, "Total Cost": 10003569240.01, "Plan Rows": 1500000, "Plan Width": 8, "Sort Key": ["c_orders.c_count DESC"], "Plans": [{"Node Type": "Subquery Scan", "Parent Relationship": "Outer", "Parallel Aware": false, "Alias": "c_orders", "Startup Cost": 10000000001.03, "Total Cost": 10003399603.03, "Plan Rows": 1500000, "Plan Width": 8, "Plans": [{"Node Type": "Aggregate", "Strategy": "Sorted", "Partial Mode": "Simple", "Parent Relationship": "Subquery", "Parallel Aware": false, "Startup Cost": 10000000001.03, "Total Cost": 10003384603.03, "Plan Rows": 1500000, "Plan Width": 12, "Group Key": ["customer.c_custkey"], "Plans": [{"Node Type": "Nested Loop", "Parent Relationship": "Outer", "Parallel Aware": false, "Join Type": "Left", "Startup Cost": 10000000001.03, "Total Cost": 10003294907.53, "Plan Rows": 14939100, "Plan Width": 8, "Inner Unique": false, "Plans": [{"Node Type": "Index Only Scan", "Parent Relationship": "Outer", "Parallel Aware": false, "Scan Direction": "Forward", "Index Name": "customer_pkey", "Relation Name": "customer", "Alias": "customer", "Startup Cost": 10000000000.43, "Total Cost": 10000062855.13, "Plan Rows": 1500000, "Plan Width": 4}, {"Node Type": "Bitmap Heap Scan", "Parent Relationship": "Inner", "Parallel Aware": false, "Relation Name": "orders", "Alias": "orders", "Startup Cost": 0.6, "Total Cost": 1.97, "Plan Rows": 18, "Plan Width": 8, "Recheck Cond": "(customer.c_custkey = o_custkey)", "Filter": "((o_comment)::text !~~ '%express%accounts%'::text)", "Plans": [{"Node Type": "Bitmap Index Scan", "Parent Relationship": "Outer", "Parallel Aware": false, "Index Name": "idx_orders_custkey", "Startup Cost": 0.0, "Total Cost": 0.6, "Plan Rows": 18, "Plan Width": 0, "Index Cond": "(o_custkey = customer.c_custkey)"}]}]}]}]}]}]}]}]}}, {"Plan": {"Node Type": "Limit", "Parallel Aware": false, "Startup Cost": 2297674.57, "Total Cost": 2297674.58, "Plan Rows": 1, "Plan Width": 16, "Plans": [{"Node Type": "Sort", "Parent Relationship": "Outer", "Parallel Aware": false, "Startup Cost": 2297674.57, "Total Cost": 2297675.07, "Plan Rows": 200, "Plan Width": 16, "Sort Key": ["(count(*)) DESC", "(count(orders.o_orderkey)) DESC"], "Plans": [{"Node Type": "Aggregate", "Strategy": "Hashed", "Partial Mode": "Simple", "Parent Relationship": "Outer", "Parallel Aware": false, "Startup Cost": 2297671.57, "Total Cost": 2297673.57, "Plan Rows": 200, "Plan Width": 16, "Group Key": ["count(orders.o_orderkey)"], "Plans": [{"Node Type": "Aggregate", "Strategy": "Sorted", "Partial Mode": "Finalize", "Parent Relationship": "Outer", "Parallel Aware": false, "Startup Cost": 1657778.59, "Total Cost": 2275171.57, "Plan Rows": 1500000, "Plan Width": 12, "Group Key": ["customer.c_custkey"], "Plans": [{"Node Type": "Gather Merge", "Parent Relationship": "Outer", "Parallel Aware": false, "Startup Cost": 1657778.59, "Total Cost": 2237671.57, "Plan Rows": 4500000, "Plan Width": 12, "Workers Planned": 3, "Plans": [{"Node Type": "Aggregate", "Strategy": "Sorted", "Partial Mode": "Partial", "Parent Relationship": "Outer", "Parallel Aware": false, "Startup Cost": 1656778.55, "Total Cost": 1707921.53, "Plan Rows": 1500000, "Plan Width": 12, "Group Key": ["customer.c_custkey"], "Plans": [{"Node Type": "Sort", "Parent Relationship": "Outer", "Parallel Aware": false, "Startup Cost": 1656778.55, "Total Cost": 1668826.21, "Plan Rows": 4819065, "Plan Width": 8, "Sort Key": ["customer.c_custkey"], "Plans": [{"Node Type": "Nested Loop", "Parent Relationship": "Outer", "Parallel Aware": false, "Join Type": "Left", "Startup Cost": 0.6, "Total Cost": 1083263.33, "Plan Rows": 4819065, "Plan Width": 8, "Inner Unique": false, "Plans": [{"Node Type": "Seq Scan", "Parent Relationship": "Outer", "Parallel Aware": true, "Relation Name": "customer", "Alias": "customer", "Startup Cost": 0.0, "Total Cost": 40665.71, "Plan Rows": 483871, "Plan Width": 4}, {"Node Type": "Bitmap Heap Scan", "Parent Relationship": "Inner", "Parallel Aware": false, "Relation Name": "orders", "Alias": "orders", "Startup Cost": 0.6, "Total Cost": 1.97, "Plan Rows": 18, "Plan Width": 8, "Recheck Cond": "(customer.c_custkey = o_custkey)", "Filter": "((o_comment)::text !~~ '%express%accounts%'::text)", "Plans": [{"Node Type": "Bitmap Index Scan", "Parent Relationship": "Outer", "Parallel Aware": false, "Index Name": "idx_orders_custkey", "Startup Cost": 0.0, "Total Cost": 0.6, "Plan Rows": 18, "Plan Width": 0, "Index Cond": "(o_custkey = customer.c_custkey)"}]}]}]}]}]}]}]}]}]}}, {"Plan": {"Node Type": "Limit", "Parallel Aware": false, "Startup Cost": 960334.71, "Total Cost": 960334.71, "Plan Rows": 1, "Plan Width": 16, "Plans": [{"Node Type": "Sort", "Parent Relationship": "Outer", "Parallel Aware": false, "Startup Cost": 960334.71, "Total Cost": 960335.21, "Plan Rows": 200, "Plan Width": 16, "Sort Key": ["(count(*)) DESC", "(count(orders.o_orderkey)) DESC"], "Plans": [{"Node Type": "Aggregate", "Strategy": "Hashed", "Partial Mode": "Simple", "Parent Relationship": "Outer", "Parallel Aware": false, "Startup Cost": 960331.71, "Total Cost": 960333.71, "Plan Rows": 200, "Plan Width": 16, "Group Key": ["count(orders.o_orderkey)"], "Plans": [{"Node Type": "Aggregate", "Strategy": "Sorted", "Partial Mode": "Simple", "Parent Relationship": "Outer", "Parallel Aware": false, "Startup Cost": 4.88, "Total Cost": 937831.71, "Plan Rows": 1500000, "Plan Width": 12, "Group Key": ["customer.c_custkey"], "Plans": [{"Node Type": "Merge Join", "Parent Relationship": "Outer", "Parallel Aware": false, "Join Type": "Left", "Startup Cost": 4.88, "Total Cost": 848136.21, "Plan Rows": 14939100, "Plan Width": 8, "Inner Unique": false, "Merge Cond": "(customer.c_custkey = orders.o_custkey)", "Plans": [{"Node Type": "Index Scan", "Parent Relationship": "Outer", "Parallel Aware": false, "Scan Direction": "Forward", "Index Name": "customer_pkey", "Relation Name": "customer", "Alias": "customer", "Startup Cost": 0.43, "Total Cost": 62855.13, "Plan Rows": 1500000, "Plan Width": 4}, {"Node Type": "Index Scan", "Parent Relationship": "Inner", "Parallel Aware": false, "Scan Direction": "Forward", "Index Name": "idx_orders_custkey", "Relation Name": "orders", "Alias": "orders", "Startup Cost": 0.43, "Total Cost": 594792.33, "Plan Rows": 14939100, "Plan Width": 8, "Filter": "((o_comment)::text !~~ '%express%accounts%'::text)"}]}]}]}]}]}}, {"Plan": {"Node Type": "Limit", "Parallel Aware": false, "Startup Cost": 960334.71, "Total Cost": 960334.71, "Plan Rows": 1, "Plan Width": 16, "Plans": [{"Node Type": "Sort", "Parent Relationship": "Outer", "Parallel Aware": false, "Startup Cost": 960334.71, "Total Cost": 960335.21, "Plan Rows": 200, "Plan Width": 16, "Sort Key": ["(count(*)) DESC", "(count(orders.o_orderkey)) DESC"], "Plans": [{"Node Type": "Aggregate", "Strategy": "Hashed", "Partial Mode": "Simple", "Parent Relationship": "Outer", "Parallel Aware": false, "Startup Cost": 960331.71, "Total Cost": 960333.71, "Plan Rows": 200, "Plan Width": 16, "Group Key": ["count(orders.o_orderkey)"], "Plans": [{"Node Type": "Aggregate", "Strategy": "Sorted", "Partial Mode": "Simple", "Parent Relationship": "Outer", "Parallel Aware": false, "Startup Cost": 4.88, "Total Cost": 937831.71, "Plan Rows": 1500000, "Plan Width": 12, "Group Key": ["customer.c_custkey"], "Plans": [{"Node Type": "Merge Join", "Parent Relationship": "Outer", "Parallel Aware": false, "Join Type": "Left", "Startup Cost": 4.88, "Total Cost": 848136.21, "Plan Rows": 14939100, "Plan Width": 8, "Inner Unique": false, "Merge Cond": "(customer.c_custkey = orders.o_custkey)", "Plans": [{"Node Type": "Index Scan", "Parent Relationship": "Outer", "Parallel Aware": false, "Scan Direction": "Forward", "Index Name": "customer_pkey", "Relation Name": "customer", "Alias": "customer", "Startup Cost": 0.43, "Total Cost": 62855.13, "Plan Rows": 1500000, "Plan Width": 4}, {"Node Type": "Index Scan", "Parent Relationship": "Inner", "Parallel Aware": false, "Scan Direction": "Forward", "Index Name": "idx_orders_custkey", "Relation Name": "orders", "Alias": "orders", "Startup Cost": 0.43, "Total Cost": 594792.33, "Plan Rows": 14939100, "Plan Width": 8, "Filter": "((o_comment)::text !~~ '%express%accounts%'::text)"}]}]}]}]}]}}, {"Plan": {"Node Type": "Limit", "Parallel Aware": false, "Startup Cost": 960334.71, "Total Cost": 960334.71, "Plan Rows": 1, "Plan Width": 16, "Plans": [{"Node Type": "Sort", "Parent Relationship": "Outer", "Parallel Aware": false, "Startup Cost": 960334.71, "Total Cost": 960335.21, "Plan Rows": 200, "Plan Width": 16, "Sort Key": ["(count(*)) DESC", "(count(orders.o_orderkey)) DESC"], "Plans": [{"Node Type": "Aggregate", "Strategy": "Hashed", "Partial Mode": "Simple", "Parent Relationship": "Outer", "Parallel Aware": false, "Startup Cost": 960331.71, "Total Cost": 960333.71, "Plan Rows": 200, "Plan Width": 16, "Group Key": ["count(orders.o_orderkey)"], "Plans": [{"Node Type": "Aggregate", "Strategy": "Sorted", "Partial Mode": "Simple", "Parent Relationship": "Outer", "Parallel Aware": false, "Startup Cost": 4.88, "Total Cost": 937831.71, "Plan Rows": 1500000, "Plan Width": 12, "Group Key": ["customer.c_custkey"], "Plans": [{"Node Type": "Merge Join", "Parent Relationship": "Outer", "Parallel Aware": false, "Join Type": "Left", "Startup Cost": 4.88, "Total Cost": 848136.21, "Plan Rows": 14939100, "Plan Width": 8, "Inner Unique": false, "Merge Cond": "(customer.c_custkey = orders.o_custkey)", "Plans": [{"Node Type": "Index Scan", "Parent Relationship": "Outer", "Parallel Aware": false, "Scan Direction": "Forward", "Index Name": "customer_pkey", "Relation Name": "customer", "Alias": "customer", "Startup Cost": 0.43, "Total Cost": 62855.13, "Plan Rows": 1500000, "Plan Width": 4}, {"Node Type": "Index Scan", "Parent Relationship": "Inner", "Parallel Aware": false, "Scan Direction": "Forward", "Index Name": "idx_orders_custkey", "Relation Name": "orders", "Alias": "orders", "Startup Cost": 0.43, "Total Cost": 594792.33, "Plan Rows": 14939100, "Plan Width": 8, "Filter": "((o_comment)::text !~~ '%express%accounts%'::text)"}]}]}]}]}]}}, {"Plan": {"Node Type": "Limit", "Parallel Aware": false, "Startup Cost": 960334.71, "Total Cost": 960334.71, "Plan Rows": 1, "Plan Width": 16, "Plans": [{"Node Type": "Sort", "Parent Relationship": "Outer", "Parallel Aware": false, "Startup Cost": 960334.71, "Total Cost": 960335.21, "Plan Rows": 200, "Plan Width": 16, "Sort Key": ["(count(*)) DESC", "(count(orders.o_orderkey)) DESC"], "Plans": [{"Node Type": "Aggregate", "Strategy": "Hashed", "Partial Mode": "Simple", "Parent Relationship": "Outer", "Parallel Aware": false, "Startup Cost": 960331.71, "Total Cost": 960333.71, "Plan Rows": 200, "Plan Width": 16, "Group Key": ["count(orders.o_orderkey)"], "Plans": [{"Node Type": "Aggregate", "Strategy": "Sorted", "Partial Mode": "Simple", "Parent Relationship": "Outer", "Parallel Aware": false, "Startup Cost": 4.88, "Total Cost": 937831.71, "Plan Rows": 1500000, "Plan Width": 12, "Group Key": ["customer.c_custkey"], "Plans": [{"Node Type": "Merge Join", "Parent Relationship": "Outer", "Parallel Aware": false, "Join Type": "Left", "Startup Cost": 4.88, "Total Cost": 848136.21, "Plan Rows": 14939100, "Plan Width": 8, "Inner Unique": false, "Merge Cond": "(customer.c_custkey = orders.o_custkey)", "Plans": [{"Node Type": "Index Scan", "Parent Relationship": "Outer", "Parallel Aware": false, "Scan Direction": "Forward", "Index Name": "customer_pkey", "Relation Name": "customer", "Alias": "customer", "Startup Cost": 0.43, "Total Cost": 62855.13, "Plan Rows": 1500000, "Plan Width": 4}, {"Node Type": "Index Scan", "Parent Relationship": "Inner", "Parallel Aware": false, "Scan Direction": "Forward", "Index Name": "idx_orders_custkey", "Relation Name": "orders", "Alias": "orders", "Startup Cost": 0.43, "Total Cost": 594792.33, "Plan Rows": 14939100, "Plan Width": 8, "Filter": "((o_comment)::text !~~ '%express%accounts%'::text)"}]}]}]}]}]}}, {"Plan": {"Node Type": "Limit", "Parallel Aware": false, "Startup Cost": 1260511.79, "Total Cost": 1260511.79, "Plan Rows": 1, "Plan Width": 16, "Plans": [{"Node Type": "Sort", "Parent Relationship": "Outer", "Parallel Aware": false, "Startup Cost": 1260511.79, "Total Cost": 1260512.29, "Plan Rows": 200, "Plan Width": 16, "Sort Key": ["(count(*)) DESC", "(count(orders.o_orderkey)) DESC"], "Plans": [{"Node Type": "Aggregate", "Strategy": "Hashed", "Partial Mode": "Simple", "Parent Relationship": "Outer", "Parallel Aware": false, "Startup Cost": 1260508.79, "Total Cost": 1260510.79, "Plan Rows": 200, "Plan Width": 16, "Group Key": ["count(orders.o_orderkey)"], "Plans": [{"Node Type": "Aggregate", "Strategy": "Sorted", "Partial Mode": "Finalize", "Parent Relationship": "Outer", "Parallel Aware": false, "Startup Cost": 1000.9, "Total Cost": 1238008.79, "Plan Rows": 1500000, "Plan Width": 12, "Group Key": ["customer.c_custkey"], "Plans": [{"Node Type": "Gather Merge", "Parent Relationship": "Outer", "Parallel Aware": false, "Startup Cost": 1000.9, "Total Cost": 1200508.79, "Plan Rows": 4500000, "Plan Width": 12, "Workers Planned": 3, "Plans": [{"Node Type": "Aggregate", "Strategy": "Sorted", "Partial Mode": "Partial", "Parent Relationship": "Outer", "Parallel Aware": false, "Startup Cost": 0.86, "Total Cost": 670758.75, "Plan Rows": 1500000, "Plan Width": 12, "Group Key": ["customer.c_custkey"], "Plans": [{"Node Type": "Nested Loop", "Parent Relationship": "Outer", "Parallel Aware": false, "Join Type": "Left", "Startup Cost": 0.86, "Total Cost": 631663.42, "Plan Rows": 4819065, "Plan Width": 8, "Inner Unique": false, "Plans": [{"Node Type": "Index Scan", "Parent Relationship": "Outer", "Parallel Aware": true, "Scan Direction": "Forward", "Index Name": "customer_pkey", "Relation Name": "customer", "Alias": "customer", "Startup Cost": 0.43, "Total Cost": 52693.84, "Plan Rows": 483871, "Plan Width": 4}, {"Node Type": "Index Scan", "Parent Relationship": "Inner", "Parallel Aware": false, "Scan Direction": "Forward", "Index Name": "idx_orders_custkey", "Relation Name": "orders", "Alias": "orders", "Startup Cost": 0.43, "Total Cost": 1.02, "Plan Rows": 18, "Plan Width": 8, "Index Cond": "(o_custkey = customer.c_custkey)", "Filter": "((o_comment)::text !~~ '%express%accounts%'::text)"}]}]}]}]}]}]}]}}, {"Plan": {"Node Type": "Limit", "Parallel Aware": false, "Startup Cost": 1260511.79, "Total Cost": 1260511.79, "Plan Rows": 1, "Plan Width": 16, "Plans": [{"Node Type": "Sort", "Parent Relationship": "Outer", "Parallel Aware": false, "Startup Cost": 1260511.79, "Total Cost": 1260512.29, "Plan Rows": 200, "Plan Width": 16, "Sort Key": ["(count(*)) DESC", "(count(orders.o_orderkey)) DESC"], "Plans": [{"Node Type": "Aggregate", "Strategy": "Hashed", "Partial Mode": "Simple", "Parent Relationship": "Outer", "Parallel Aware": false, "Startup Cost": 1260508.79, "Total Cost": 1260510.79, "Plan Rows": 200, "Plan Width": 16, "Group Key": ["count(orders.o_orderkey)"], "Plans": [{"Node Type": "Aggregate", "Strategy": "Sorted", "Partial Mode": "Finalize", "Parent Relationship": "Outer", "Parallel Aware": false, "Startup Cost": 1000.9, "Total Cost": 1238008.79, "Plan Rows": 1500000, "Plan Width": 12, "Group Key": ["customer.c_custkey"], "Plans": [{"Node Type": "Gather Merge", "Parent Relationship": "Outer", "Parallel Aware": false, "Startup Cost": 1000.9, "Total Cost": 1200508.79, "Plan Rows": 4500000, "Plan Width": 12, "Workers Planned": 3, "Plans": [{"Node Type": "Aggregate", "Strategy": "Sorted", "Partial Mode": "Partial", "Parent Relationship": "Outer", "Parallel Aware": false, "Startup Cost": 0.86, "Total Cost": 670758.75, "Plan Rows": 1500000, "Plan Width": 12, "Group Key": ["customer.c_custkey"], "Plans": [{"Node Type": "Nested Loop", "Parent Relationship": "Outer", "Parallel Aware": false, "Join Type": "Left", "Startup Cost": 0.86, "Total Cost": 631663.42, "Plan Rows": 4819065, "Plan Width": 8, "Inner Unique": false, "Plans": [{"Node Type": "Index Scan", "Parent Relationship": "Outer", "Parallel Aware": true, "Scan Direction": "Forward", "Index Name": "customer_pkey", "Relation Name": "customer", "Alias": "customer", "Startup Cost": 0.43, "Total Cost": 52693.84, "Plan Rows": 483871, "Plan Width": 4}, {"Node Type": "Index Scan", "Parent Relationship": "Inner", "Parallel Aware": false, "Scan Direction": "Forward", "Index Name": "idx_orders_custkey", "Relation Name": "orders", "Alias": "orders", "Startup Cost": 0.43, "Total Cost": 1.02, "Plan Rows": 18, "Plan Width": 8, "Index Cond": "(o_custkey = customer.c_custkey)", "Filter": "((o_comment)::text !~~ '%express%accounts%'::text)"}]}]}]}]}]}]}]}}, {"Plan": {"Node Type": "Limit", "Parallel Aware": false, "Startup Cost": 2297674.57, "Total Cost": 2297674.58, "Plan Rows": 1, "Plan Width": 16, "Plans": [{"Node Type": "Sort", "Parent Relationship": "Outer", "Parallel Aware": false, "Startup Cost": 2297674.57, "Total Cost": 2297675.07, "Plan Rows": 200, "Plan Width": 16, "Sort Key": ["(count(*)) DESC", "(count(orders.o_orderkey)) DESC"], "Plans": [{"Node Type": "Aggregate", "Strategy": "Hashed", "Partial Mode": "Simple", "Parent Relationship": "Outer", "Parallel Aware": false, "Startup Cost": 2297671.57, "Total Cost": 2297673.57, "Plan Rows": 200, "Plan Width": 16, "Group Key": ["count(orders.o_orderkey)"], "Plans": [{"Node Type": "Aggregate", "Strategy": "Sorted", "Partial Mode": "Finalize", "Parent Relationship": "Outer", "Parallel Aware": false, "Startup Cost": 1657778.59, "Total Cost": 2275171.57, "Plan Rows": 1500000, "Plan Width": 12, "Group Key": ["customer.c_custkey"], "Plans": [{"Node Type": "Gather Merge", "Parent Relationship": "Outer", "Parallel Aware": false, "Startup Cost": 1657778.59, "Total Cost": 2237671.57, "Plan Rows": 4500000, "Plan Width": 12, "Workers Planned": 3, "Plans": [{"Node Type": "Aggregate", "Strategy": "Sorted", "Partial Mode": "Partial", "Parent Relationship": "Outer", "Parallel Aware": false, "Startup Cost": 1656778.55, "Total Cost": 1707921.53, "Plan Rows": 1500000, "Plan Width": 12, "Group Key": ["customer.c_custkey"], "Plans": [{"Node Type": "Sort", "Parent Relationship": "Outer", "Parallel Aware": false, "Startup Cost": 1656778.55, "Total Cost": 1668826.21, "Plan Rows": 4819065, "Plan Width": 8, "Sort Key": ["customer.c_custkey"], "Plans": [{"Node Type": "Nested Loop", "Parent Relationship": "Outer", "Parallel Aware": false, "Join Type": "Left", "Startup Cost": 0.6, "Total Cost": 1083263.33, "Plan Rows": 4819065, "Plan Width": 8, "Inner Unique": false, "Plans": [{"Node Type": "Seq Scan", "Parent Relationship": "Outer", "Parallel Aware": true, "Relation Name": "customer", "Alias": "customer", "Startup Cost": 0.0, "Total Cost": 40665.71, "Plan Rows": 483871, "Plan Width": 4}, {"Node Type": "Bitmap Heap Scan", "Parent Relationship": "Inner", "Parallel Aware": false, "Relation Name": "orders", "Alias": "orders", "Startup Cost": 0.6, "Total Cost": 1.97, "Plan Rows": 18, "Plan Width": 8, "Recheck Cond": "(customer.c_custkey = o_custkey)", "Filter": "((o_comment)::text !~~ '%express%accounts%'::text)", "Plans": [{"Node Type": "Bitmap Index Scan", "Parent Relationship": "Outer", "Parallel Aware": false, "Index Name": "idx_orders_custkey", "Startup Cost": 0.0, "Total Cost": 0.6, "Plan Rows": 18, "Plan Width": 0, "Index Cond": "(o_custkey = customer.c_custkey)"}]}]}]}]}]}]}]}]}]}}, {"Plan": {"Node Type": "Limit", "Parallel Aware": false, "Startup Cost": 2946065.96, "Total Cost": 2946065.97, "Plan Rows": 1, "Plan Width": 16, "Plans": [{"Node Type": "Sort", "Parent Relationship": "Outer", "Parallel Aware": false, "Startup Cost": 2946065.96, "Total Cost": 2946066.46, "Plan Rows": 200, "Plan Width": 16, "Sort Key": ["(count(*)) DESC", "(count(orders.o_orderkey)) DESC"], "Plans": [{"Node Type": "Aggregate", "Strategy": "Hashed", "Partial Mode": "Simple", "Parent Relationship": "Outer", "Parallel Aware": false, "Startup Cost": 2946062.96, "Total Cost": 2946064.96, "Plan Rows": 200, "Plan Width": 16, "Group Key": ["count(orders.o_orderkey)"], "Plans": [{"Node Type": "Aggregate", "Strategy": "Sorted", "Partial Mode": "Simple", "Parent Relationship": "Outer", "Parallel Aware": false, "Startup Cost": 2564933.69, "Total Cost": 2923562.96, "Plan Rows": 1500000, "Plan Width": 12, "Group Key": ["customer.c_custkey"], "Plans": [{"Node Type": "Merge Join", "Parent Relationship": "Outer", "Parallel Aware": false, "Join Type": "Left", "Startup Cost": 2564933.69, "Total Cost": 2833867.46, "Plan Rows": 14939100, "Plan Width": 8, "Inner Unique": false, "Merge Cond": "(customer.c_custkey = orders.o_custkey)", "Plans": [{"Node Type": "Sort", "Parent Relationship": "Outer", "Parallel Aware": false, "Startup Cost": 216713.98, "Total Cost": 220463.98, "Plan Rows": 1500000, "Plan Width": 4, "Sort Key": ["customer.c_custkey"], "Plans": [{"Node Type": "Seq Scan", "Parent Relationship": "Outer", "Parallel Aware": false, "Relation Name": "customer", "Alias": "customer", "Startup Cost": 0.0, "Total Cost": 50827.0, "Plan Rows": 1500000, "Plan Width": 4}]}, {"Node Type": "Materialize", "Parent Relationship": "Inner", "Parallel Aware": false, "Startup Cost": 2348219.23, "Total Cost": 2422914.73, "Plan Rows": 14939100, "Plan Width": 8, "Plans": [{"Node Type": "Sort", "Parent Relationship": "Outer", "Parallel Aware": false, "Startup Cost": 2348219.23, "Total Cost": 2385566.98, "Plan Rows": 14939100, "Plan Width": 8, "Sort Key": ["orders.o_custkey"], "Plans": [{"Node Type": "Seq Scan", "Parent Relationship": "Outer", "Parallel Aware": false, "Relation Name": "orders", "Alias": "orders", "Startup Cost": 0.0, "Total Cost": 448402.21, "Plan Rows": 14939100, "Plan Width": 8, "Filter": "((o_comment)::text !~~ '%express%accounts%'::text)"}]}]}]}]}]}]}]}}, {"Plan": {"Node Type": "Limit", "Parallel Aware": false, "Startup Cost": 2297674.57, "Total Cost": 2297674.58, "Plan Rows": 1, "Plan Width": 16, "Plans": [{"Node Type": "Sort", "Parent Relationship": "Outer", "Parallel Aware": false, "Startup Cost": 2297674.57, "Total Cost": 2297675.07, "Plan Rows": 200, "Plan Width": 16, "Sort Key": ["(count(*)) DESC", "(count(orders.o_orderkey)) DESC"], "Plans": [{"Node Type": "Aggregate", "Strategy": "Hashed", "Partial Mode": "Simple", "Parent Relationship": "Outer", "Parallel Aware": false, "Startup Cost": 2297671.57, "Total Cost": 2297673.57, "Plan Rows": 200, "Plan Width": 16, "Group Key": ["count(orders.o_orderkey)"], "Plans": [{"Node Type": "Aggregate", "Strategy": "Sorted", "Partial Mode": "Finalize", "Parent Relationship": "Outer", "Parallel Aware": false, "Startup Cost": 1657778.59, "Total Cost": 2275171.57, "Plan Rows": 1500000, "Plan Width": 12, "Group Key": ["customer.c_custkey"], "Plans": [{"Node Type": "Gather Merge", "Parent Relationship": "Outer", "Parallel Aware": false, "Startup Cost": 1657778.59, "Total Cost": 2237671.57, "Plan Rows": 4500000, "Plan Width": 12, "Workers Planned": 3, "Plans": [{"Node Type": "Aggregate", "Strategy": "Sorted", "Partial Mode": "Partial", "Parent Relationship": "Outer", "Parallel Aware": false, "Startup Cost": 1656778.55, "Total Cost": 1707921.53, "Plan Rows": 1500000, "Plan Width": 12, "Group Key": ["customer.c_custkey"], "Plans": [{"Node Type": "Sort", "Parent Relationship": "Outer", "Parallel Aware": false, "Startup Cost": 1656778.55, "Total Cost": 1668826.21, "Plan Rows": 4819065, "Plan Width": 8, "Sort Key": ["customer.c_custkey"], "Plans": [{"Node Type": "Nested Loop", "Parent Relationship": "Outer", "Parallel Aware": false, "Join Type": "Left", "Startup Cost": 0.6, "Total Cost": 1083263.33, "Plan Rows": 4819065, "Plan Width": 8, "Inner Unique": false, "Plans": [{"Node Type": "Seq Scan", "Parent Relationship": "Outer", "Parallel Aware": true, "Relation Name": "customer", "Alias": "customer", "Startup Cost": 0.0, "Total Cost": 40665.71, "Plan Rows": 483871, "Plan Width": 4}, {"Node Type": "Bitmap Heap Scan", "Parent Relationship": "Inner", "Parallel Aware": false, "Relation Name": "orders", "Alias": "orders", "Startup Cost": 0.6, "Total Cost": 1.97, "Plan Rows": 18, "Plan Width": 8, "Recheck Cond": "(customer.c_custkey = o_custkey)", "Filter": "((o_comment)::text !~~ '%express%accounts%'::text)", "Plans": [{"Node Type": "Bitmap Index Scan", "Parent Relationship": "Outer", "Parallel Aware": false, "Index Name": "idx_orders_custkey", "Startup Cost": 0.0, "Total Cost": 0.6, "Plan Rows": 18, "Plan Width": 0, "Index Cond": "(o_custkey = customer.c_custkey)"}]}]}]}]}]}]}]}]}]}}, {"Plan": {"Node Type": "Limit", "Parallel Aware": false, "Startup Cost": 960334.71, "Total Cost": 960334.71, "Plan Rows": 1, "Plan Width": 16, "Plans": [{"Node Type": "Sort", "Parent Relationship": "Outer", "Parallel Aware": false, "Startup Cost": 960334.71, "Total Cost": 960335.21, "Plan Rows": 200, "Plan Width": 16, "Sort Key": ["(count(*)) DESC", "(count(orders.o_orderkey)) DESC"], "Plans": [{"Node Type": "Aggregate", "Strategy": "Hashed", "Partial Mode": "Simple", "Parent Relationship": "Outer", "Parallel Aware": false, "Startup Cost": 960331.71, "Total Cost": 960333.71, "Plan Rows": 200, "Plan Width": 16, "Group Key": ["count(orders.o_orderkey)"], "Plans": [{"Node Type": "Aggregate", "Strategy": "Sorted", "Partial Mode": "Simple", "Parent Relationship": "Outer", "Parallel Aware": false, "Startup Cost": 4.88, "Total Cost": 937831.71, "Plan Rows": 1500000, "Plan Width": 12, "Group Key": ["customer.c_custkey"], "Plans": [{"Node Type": "Merge Join", "Parent Relationship": "Outer", "Parallel Aware": false, "Join Type": "Left", "Startup Cost": 4.88, "Total Cost": 848136.21, "Plan Rows": 14939100, "Plan Width": 8, "Inner Unique": false, "Merge Cond": "(customer.c_custkey = orders.o_custkey)", "Plans": [{"Node Type": "Index Only Scan", "Parent Relationship": "Outer", "Parallel Aware": false, "Scan Direction": "Forward", "Index Name": "customer_pkey", "Relation Name": "customer", "Alias": "customer", "Startup Cost": 0.43, "Total Cost": 62855.13, "Plan Rows": 1500000, "Plan Width": 4}, {"Node Type": "Index Scan", "Parent Relationship": "Inner", "Parallel Aware": false, "Scan Direction": "Forward", "Index Name": "idx_orders_custkey", "Relation Name": "orders", "Alias": "orders", "Startup Cost": 0.43, "Total Cost": 594792.33, "Plan Rows": 14939100, "Plan Width": 8, "Filter": "((o_comment)::text !~~ '%express%accounts%'::text)"}]}]}]}]}]}}]