[{"Plan": {"Node Type": "Limit", "Parallel Aware": false, "Startup Cost": 20003577036.1, "Total Cost": 20003577036.1, "Plan Rows": 1, "Plan Width": 16, "Plans": [{"Node Type": "Sort", "Parent Relationship": "Outer", "Parallel Aware": false, "Startup Cost": 20003577036.1, "Total Cost": 20003577036.6, "Plan Rows": 200, "Plan Width": 16, "Sort Key": ["(count(*)) DESC", "c_orders.c_count DESC"], "Plans": [{"Node Type": "Aggregate", "Strategy": "Sorted", "Partial Mode": "Simple", "Parent Relationship": "Outer", "Parallel Aware": false, "Startup Cost": 20003565783.1, "Total Cost": 20003577035.1, "Plan Rows": 200, "Plan Width": 16, "Group Key": ["c_orders.c_count"], "Plans": [{"Node Type": "Sort", "Parent Relationship": "Outer", "Parallel Aware": false, "Startup Cost": 20003565783.1, "Total Cost": 20003569533.1, "Plan Rows": 1500000, "Plan Width": 8, "Sort Key": ["c_orders.c_count DESC"], "Plans": [{"Node Type": "Subquery Scan", "Parent Relationship": "Outer", "Parallel Aware": false, "Alias": "c_orders", "Startup Cost": 20000000001.03, "Total Cost": 20003399896.11, "Plan Rows": 1500000, "Plan Width": 8, "Plans": [{"Node Type": "Aggregate", "Strategy": "Sorted", "Partial Mode": "Simple", "Parent Relationship": "Subquery", "Parallel Aware": false, "Startup Cost": 20000000001.03, "Total Cost": 20003384896.11, "Plan Rows": 1500000, "Plan Width": 12, "Group Key": ["customer.c_custkey"], "Plans": [{"Node Type": "Nested Loop", "Parent Relationship": "Outer", "Parallel Aware": false, "Join Type": "Left", "Startup Cost": 20000000001.03, "Total Cost": 20003294907.53, "Plan Rows": 14997717, "Plan Width": 8, "Inner Unique": false, "Plans": [{"Node Type": "Index Only Scan", "Parent Relationship": "Outer", "Parallel Aware": false, "Scan Direction": "Forward", "Index Name": "customer_pkey", "Relation Name": "customer", "Alias": "customer", "Startup Cost": 10000000000.43, "Total Cost": 10000062855.13, "Plan Rows": 1500000, "Plan Width": 4}, {"Node Type": "Bitmap Heap Scan", "Parent Relationship": "Inner", "Parallel Aware": false, "Relation Name": "orders", "Alias": "orders", "Startup Cost": 0.6, "Total Cost": 1.97, "Plan Rows": 18, "Plan Width": 8, "Recheck Cond": "(customer.c_custkey = o_custkey)", "Filter": "((o_comment)::text !~~ '%express%deposits%'::text)", "Plans": [{"Node Type": "Bitmap Index Scan", "Parent Relationship": "Outer", "Parallel Aware": false, "Index Name": "idx_orders_custkey", "Startup Cost": 0.0, "Total Cost": 0.6, "Plan Rows": 18, "Plan Width": 0, "Index Cond": "(o_custkey = customer.c_custkey)"}]}]}]}]}]}]}]}]}}, {"Plan": {"Node Type": "Limit", "Parallel Aware": false, "Startup Cost": 1859916.65, "Total Cost": 1859916.65, "Plan Rows": 1, "Plan Width": 16, "Plans": [{"Node Type": "Sort", "Parent Relationship": "Outer", "Parallel Aware": false, "Startup Cost": 1859916.65, "Total Cost": 1859917.15, "Plan Rows": 200, "Plan Width": 16, "Sort Key": ["(count(*)) DESC", "(count(orders.o_orderkey)) DESC"], "Plans": [{"Node Type": "Aggregate", "Strategy": "Hashed", "Partial Mode": "Simple", "Parent Relationship": "Outer", "Parallel Aware": false, "Startup Cost": 1859913.65, "Total Cost": 1859915.65, "Plan Rows": 200, "Plan Width": 16, "Group Key": ["count(orders.o_orderkey)"], "Plans": [{"Node Type": "Aggregate", "Strategy": "Sorted", "Partial Mode": "Finalize", "Parent Relationship": "Outer", "Parallel Aware": false, "Startup Cost": 1219878.85, "Total Cost": 1837413.65, "Plan Rows": 1500000, "Plan Width": 12, "Group Key": ["customer.c_custkey"], "Plans": [{"Node Type": "Gather Merge", "Parent Relationship": "Outer", "Parallel Aware": false, "Startup Cost": 1219878.85, "Total Cost": 1799913.65, "Plan Rows": 4500000, "Plan Width": 12, "Workers Planned": 3, "Plans": [{"Node Type": "Aggregate", "Strategy": "Sorted", "Partial Mode": "Partial", "Parent Relationship": "Outer", "Parallel Aware": false, "Startup Cost": 1218878.81, "Total Cost": 1270163.61, "Plan Rows": 1500000, "Plan Width": 12, "Group Key": ["customer.c_custkey"], "Plans": [{"Node Type": "Sort", "Parent Relationship": "Outer", "Parallel Aware": false, "Startup Cost": 1218878.81, "Total Cost": 1230973.74, "Plan Rows": 4837973, "Plan Width": 8, "Sort Key": ["customer.c_custkey"], "Plans": [{"Node Type": "Hash Join", "Parent Relationship": "Outer", "Parallel Aware": true, "Join Type": "Left", "Startup Cost": 547156.92, "Total Cost": 642976.41, "Plan Rows": 4837973, "Plan Width": 8, "Inner Unique": false, "Hash Cond": "(customer.c_custkey = orders.o_custkey)", "Plans": [{"Node Type": "Index Only Scan", "Parent Relationship": "Outer", "Parallel Aware": true, "Scan Direction": "Forward", "Index Name": "customer_pkey", "Relation Name": "customer", "Alias": "customer", "Startup Cost": 0.43, "Total Cost": 52693.84, "Plan Rows": 483871, "Plan Width": 4}, {"Node Type": "Hash", "Parent Relationship": "Inner", "Parallel Aware": true, "Startup Cost": 467782.83, "Total Cost": 467782.83, "Plan Rows": 4837973, "Plan Width": 8, "Plans": [{"Node Type": "Index Scan", "Parent Relationship": "Outer", "Parallel Aware": true, "Scan Direction": "Forward", "Index Name": "idx_orders_custkey", "Relation Name": "orders", "Alias": "orders", "Startup Cost": 0.43, "Total Cost": 467782.83, "Plan Rows": 4837973, "Plan Width": 8, "Filter": "((o_comment)::text !~~ '%express%deposits%'::text)"}]}]}]}]}]}]}]}]}]}}, {"Plan": {"Node Type": "Limit", "Parallel Aware": false, "Startup Cost": 961360.5, "Total Cost": 961360.51, "Plan Rows": 1, "Plan Width": 16, "Plans": [{"Node Type": "Sort", "Parent Relationship": "Outer", "Parallel Aware": false, "Startup Cost": 961360.5, "Total Cost": 961361.0, "Plan Rows": 200, "Plan Width": 16, "Sort Key": ["(count(*)) DESC", "(count(orders.o_orderkey)) DESC"], "Plans": [{"Node Type": "Aggregate", "Strategy": "Hashed", "Partial Mode": "Simple", "Parent Relationship": "Outer", "Parallel Aware": false, "Startup Cost": 961357.5, "Total Cost": 961359.5, "Plan Rows": 200, "Plan Width": 16, "Group Key": ["count(orders.o_orderkey)"], "Plans": [{"Node Type": "Aggregate", "Strategy": "Sorted", "Partial Mode": "Simple", "Parent Relationship": "Outer", "Parallel Aware": false, "Startup Cost": 4.87, "Total Cost": 938857.5, "Plan Rows": 1500000, "Plan Width": 12, "Group Key": ["customer.c_custkey"], "Plans": [{"Node Type": "Merge Join", "Parent Relationship": "Outer", "Parallel Aware": false, "Join Type": "Left", "Startup Cost": 4.87, "Total Cost": 848868.92, "Plan Rows": 14997717, "Plan Width": 8, "Inner Unique": false, "Merge Cond": "(customer.c_custkey = orders.o_custkey)", "Plans": [{"Node Type": "Index Only Scan", "Parent Relationship": "Outer", "Parallel Aware": false, "Scan Direction": "Forward", "Index Name": "customer_pkey", "Relation Name": "customer", "Alias": "customer", "Startup Cost": 0.43, "Total Cost": 62855.13, "Plan Rows": 1500000, "Plan Width": 4}, {"Node Type": "Index Scan", "Parent Relationship": "Inner", "Parallel Aware": false, "Scan Direction": "Forward", "Index Name": "idx_orders_custkey", "Relation Name": "orders", "Alias": "orders", "Startup Cost": 0.43, "Total Cost": 594792.33, "Plan Rows": 14997717, "Plan Width": 8, "Filter": "((o_comment)::text !~~ '%express%deposits%'::text)"}]}]}]}]}]}}, {"Plan": {"Node Type": "Limit", "Parallel Aware": false, "Startup Cost": 961360.5, "Total Cost": 961360.51, "Plan Rows": 1, "Plan Width": 16, "Plans": [{"Node Type": "Sort", "Parent Relationship": "Outer", "Parallel Aware": false, "Startup Cost": 961360.5, "Total Cost": 961361.0, "Plan Rows": 200, "Plan Width": 16, "Sort Key": ["(count(*)) DESC", "(count(orders.o_orderkey)) DESC"], "Plans": [{"Node Type": "Aggregate", "Strategy": "Hashed", "Partial Mode": "Simple", "Parent Relationship": "Outer", "Parallel Aware": false, "Startup Cost": 961357.5, "Total Cost": 961359.5, "Plan Rows": 200, "Plan Width": 16, "Group Key": ["count(orders.o_orderkey)"], "Plans": [{"Node Type": "Aggregate", "Strategy": "Sorted", "Partial Mode": "Simple", "Parent Relationship": "Outer", "Parallel Aware": false, "Startup Cost": 4.87, "Total Cost": 938857.5, "Plan Rows": 1500000, "Plan Width": 12, "Group Key": ["customer.c_custkey"], "Plans": [{"Node Type": "Merge Join", "Parent Relationship": "Outer", "Parallel Aware": false, "Join Type": "Left", "Startup Cost": 4.87, "Total Cost": 848868.92, "Plan Rows": 14997717, "Plan Width": 8, "Inner Unique": false, "Merge Cond": "(customer.c_custkey = orders.o_custkey)", "Plans": [{"Node Type": "Index Only Scan", "Parent Relationship": "Outer", "Parallel Aware": false, "Scan Direction": "Forward", "Index Name": "customer_pkey", "Relation Name": "customer", "Alias": "customer", "Startup Cost": 0.43, "Total Cost": 62855.13, "Plan Rows": 1500000, "Plan Width": 4}, {"Node Type": "Index Scan", "Parent Relationship": "Inner", "Parallel Aware": false, "Scan Direction": "Forward", "Index Name": "idx_orders_custkey", "Relation Name": "orders", "Alias": "orders", "Startup Cost": 0.43, "Total Cost": 594792.33, "Plan Rows": 14997717, "Plan Width": 8, "Filter": "((o_comment)::text !~~ '%express%deposits%'::text)"}]}]}]}]}]}}, {"Plan": {"Node Type": "Limit", "Parallel Aware": false, "Startup Cost": 961360.5, "Total Cost": 961360.51, "Plan Rows": 1, "Plan Width": 16, "Plans": [{"Node Type": "Sort", "Parent Relationship": "Outer", "Parallel Aware": false, "Startup Cost": 961360.5, "Total Cost": 961361.0, "Plan Rows": 200, "Plan Width": 16, "Sort Key": ["(count(*)) DESC", "(count(orders.o_orderkey)) DESC"], "Plans": [{"Node Type": "Aggregate", "Strategy": "Hashed", "Partial Mode": "Simple", "Parent Relationship": "Outer", "Parallel Aware": false, "Startup Cost": 961357.5, "Total Cost": 961359.5, "Plan Rows": 200, "Plan Width": 16, "Group Key": ["count(orders.o_orderkey)"], "Plans": [{"Node Type": "Aggregate", "Strategy": "Sorted", "Partial Mode": "Simple", "Parent Relationship": "Outer", "Parallel Aware": false, "Startup Cost": 4.87, "Total Cost": 938857.5, "Plan Rows": 1500000, "Plan Width": 12, "Group Key": ["customer.c_custkey"], "Plans": [{"Node Type": "Merge Join", "Parent Relationship": "Outer", "Parallel Aware": false, "Join Type": "Left", "Startup Cost": 4.87, "Total Cost": 848868.92, "Plan Rows": 14997717, "Plan Width": 8, "Inner Unique": false, "Merge Cond": "(customer.c_custkey = orders.o_custkey)", "Plans": [{"Node Type": "Index Only Scan", "Parent Relationship": "Outer", "Parallel Aware": false, "Scan Direction": "Forward", "Index Name": "customer_pkey", "Relation Name": "customer", "Alias": "customer", "Startup Cost": 0.43, "Total Cost": 62855.13, "Plan Rows": 1500000, "Plan Width": 4}, {"Node Type": "Index Scan", "Parent Relationship": "Inner", "Parallel Aware": false, "Scan Direction": "Forward", "Index Name": "idx_orders_custkey", "Relation Name": "orders", "Alias": "orders", "Startup Cost": 0.43, "Total Cost": 594792.33, "Plan Rows": 14997717, "Plan Width": 8, "Filter": "((o_comment)::text !~~ '%express%deposits%'::text)"}]}]}]}]}]}}, {"Plan": {"Node Type": "Limit", "Parallel Aware": false, "Startup Cost": 1260606.33, "Total Cost": 1260606.33, "Plan Rows": 1, "Plan Width": 16, "Plans": [{"Node Type": "Sort", "Parent Relationship": "Outer", "Parallel Aware": false, "Startup Cost": 1260606.33, "Total Cost": 1260606.83, "Plan Rows": 200, "Plan Width": 16, "Sort Key": ["(count(*)) DESC", "(count(orders.o_orderkey)) DESC"], "Plans": [{"Node Type": "Aggregate", "Strategy": "Hashed", "Partial Mode": "Simple", "Parent Relationship": "Outer", "Parallel Aware": false, "Startup Cost": 1260603.33, "Total Cost": 1260605.33, "Plan Rows": 200, "Plan Width": 16, "Group Key": ["count(orders.o_orderkey)"], "Plans": [{"Node Type": "Aggregate", "Strategy": "Sorted", "Partial Mode": "Finalize", "Parent Relationship": "Outer", "Parallel Aware": false, "Startup Cost": 1000.9, "Total Cost": 1238103.33, "Plan Rows": 1500000, "Plan Width": 12, "Group Key": ["customer.c_custkey"], "Plans": [{"Node Type": "Gather Merge", "Parent Relationship": "Outer", "Parallel Aware": false, "Startup Cost": 1000.9, "Total Cost": 1200603.33, "Plan Rows": 4500000, "Plan Width": 12, "Workers Planned": 3, "Plans": [{"Node Type": "Aggregate", "Strategy": "Sorted", "Partial Mode": "Partial", "Parent Relationship": "Outer", "Parallel Aware": false, "Startup Cost": 0.86, "Total Cost": 670853.29, "Plan Rows": 1500000, "Plan Width": 12, "Group Key": ["customer.c_custkey"], "Plans": [{"Node Type": "Nested Loop", "Parent Relationship": "Outer", "Parallel Aware": false, "Join Type": "Left", "Startup Cost": 0.86, "Total Cost": 631663.42, "Plan Rows": 4837973, "Plan Width": 8, "Inner Unique": false, "Plans": [{"Node Type": "Index Only Scan", "Parent Relationship": "Outer", "Parallel Aware": true, "Scan Direction": "Forward", "Index Name": "customer_pkey", "Relation Name": "customer", "Alias": "customer", "Startup Cost": 0.43, "Total Cost": 52693.84, "Plan Rows": 483871, "Plan Width": 4}, {"Node Type": "Index Scan", "Parent Relationship": "Inner", "Parallel Aware": false, "Scan Direction": "Forward", "Index Name": "idx_orders_custkey", "Relation Name": "orders", "Alias": "orders", "Startup Cost": 0.43, "Total Cost": 1.02, "Plan Rows": 18, "Plan Width": 8, "Index Cond": "(o_custkey = customer.c_custkey)", "Filter": "((o_comment)::text !~~ '%express%deposits%'::text)"}]}]}]}]}]}]}]}}, {"Plan": {"Node Type": "Limit", "Parallel Aware": false, "Startup Cost": 1260606.33, "Total Cost": 1260606.33, "Plan Rows": 1, "Plan Width": 16, "Plans": [{"Node Type": "Sort", "Parent Relationship": "Outer", "Parallel Aware": false, "Startup Cost": 1260606.33, "Total Cost": 1260606.83, "Plan Rows": 200, "Plan Width": 16, "Sort Key": ["(count(*)) DESC", "(count(orders.o_orderkey)) DESC"], "Plans": [{"Node Type": "Aggregate", "Strategy": "Hashed", "Partial Mode": "Simple", "Parent Relationship": "Outer", "Parallel Aware": false, "Startup Cost": 1260603.33, "Total Cost": 1260605.33, "Plan Rows": 200, "Plan Width": 16, "Group Key": ["count(orders.o_orderkey)"], "Plans": [{"Node Type": "Aggregate", "Strategy": "Sorted", "Partial Mode": "Finalize", "Parent Relationship": "Outer", "Parallel Aware": false, "Startup Cost": 1000.9, "Total Cost": 1238103.33, "Plan Rows": 1500000, "Plan Width": 12, "Group Key": ["customer.c_custkey"], "Plans": [{"Node Type": "Gather Merge", "Parent Relationship": "Outer", "Parallel Aware": false, "Startup Cost": 1000.9, "Total Cost": 1200603.33, "Plan Rows": 4500000, "Plan Width": 12, "Workers Planned": 3, "Plans": [{"Node Type": "Aggregate", "Strategy": "Sorted", "Partial Mode": "Partial", "Parent Relationship": "Outer", "Parallel Aware": false, "Startup Cost": 0.86, "Total Cost": 670853.29, "Plan Rows": 1500000, "Plan Width": 12, "Group Key": ["customer.c_custkey"], "Plans": [{"Node Type": "Nested Loop", "Parent Relationship": "Outer", "Parallel Aware": false, "Join Type": "Left", "Startup Cost": 0.86, "Total Cost": 631663.42, "Plan Rows": 4837973, "Plan Width": 8, "Inner Unique": false, "Plans": [{"Node Type": "Index Only Scan", "Parent Relationship": "Outer", "Parallel Aware": true, "Scan Direction": "Forward", "Index Name": "customer_pkey", "Relation Name": "customer", "Alias": "customer", "Startup Cost": 0.43, "Total Cost": 52693.84, "Plan Rows": 483871, "Plan Width": 4}, {"Node Type": "Index Scan", "Parent Relationship": "Inner", "Parallel Aware": false, "Scan Direction": "Forward", "Index Name": "idx_orders_custkey", "Relation Name": "orders", "Alias": "orders", "Startup Cost": 0.43, "Total Cost": 1.02, "Plan Rows": 18, "Plan Width": 8, "Index Cond": "(o_custkey = customer.c_custkey)", "Filter": "((o_comment)::text !~~ '%express%deposits%'::text)"}]}]}]}]}]}]}]}}, {"Plan": {"Node Type": "Limit", "Parallel Aware": false, "Startup Cost": 1701498.4, "Total Cost": 1701498.4, "Plan Rows": 1, "Plan Width": 16, "Plans": [{"Node Type": "Sort", "Parent Relationship": "Outer", "Parallel Aware": false, "Startup Cost": 1701498.4, "Total Cost": 1701498.9, "Plan Rows": 200, "Plan Width": 16, "Sort Key": ["(count(*)) DESC", "(count(orders.o_orderkey)) DESC"], "Plans": [{"Node Type": "Aggregate", "Strategy": "Hashed", "Partial Mode": "Simple", "Parent Relationship": "Outer", "Parallel Aware": false, "Startup Cost": 1701495.4, "Total Cost": 1701497.4, "Plan Rows": 200, "Plan Width": 16, "Group Key": ["count(orders.o_orderkey)"], "Plans": [{"Node Type": "Aggregate", "Strategy": "Sorted", "Partial Mode": "Finalize", "Parent Relationship": "Outer", "Parallel Aware": false, "Startup Cost": 1061460.6, "Total Cost": 1678995.4, "Plan Rows": 1500000, "Plan Width": 12, "Group Key": ["customer.c_custkey"], "Plans": [{"Node Type": "Gather Merge", "Parent Relationship": "Outer", "Parallel Aware": false, "Startup Cost": 1061460.6, "Total Cost": 1641495.4, "Plan Rows": 4500000, "Plan Width": 12, "Workers Planned": 3, "Plans": [{"Node Type": "Aggregate", "Strategy": "Sorted", "Partial Mode": "Partial", "Parent Relationship": "Outer", "Parallel Aware": false, "Startup Cost": 1060460.56, "Total Cost": 1111745.36, "Plan Rows": 1500000, "Plan Width": 12, "Group Key": ["customer.c_custkey"], "Plans": [{"Node Type": "Sort", "Parent Relationship": "Outer", "Parallel Aware": false, "Startup Cost": 1060460.56, "Total Cost": 1072555.5, "Plan Rows": 4837973, "Plan Width": 8, "Sort Key": ["customer.c_custkey"], "Plans": [{"Node Type": "Hash Join", "Parent Relationship": "Outer", "Parallel Aware": true, "Join Type": "Left", "Startup Cost": 400766.38, "Total Cost": 484558.17, "Plan Rows": 4837973, "Plan Width": 8, "Inner Unique": false, "Hash Cond": "(customer.c_custkey = orders.o_custkey)", "Plans": [{"Node Type": "Seq Scan", "Parent Relationship": "Outer", "Parallel Aware": true, "Relation Name": "customer", "Alias": "customer", "Startup Cost": 0.0, "Total Cost": 40665.71, "Plan Rows": 483871, "Plan Width": 4}, {"Node Type": "Hash", "Parent Relationship": "Inner", "Parallel Aware": true, "Startup Cost": 321392.71, "Total Cost": 321392.71, "Plan Rows": 4837973, "Plan Width": 8, "Plans": [{"Node Type": "Seq Scan", "Parent Relationship": "Outer", "Parallel Aware": true, "Relation Name": "orders", "Alias": "orders", "Startup Cost": 0.0, "Total Cost": 321392.71, "Plan Rows": 4837973, "Plan Width": 8, "Filter": "((o_comment)::text !~~ '%express%deposits%'::text)"}]}]}]}]}]}]}]}]}]}}, {"Plan": {"Node Type": "Limit", "Parallel Aware": false, "Startup Cost": 20001130997.49, "Total Cost": 20001130997.49, "Plan Rows": 1, "Plan Width": 16, "Plans": [{"Node Type": "Sort", "Parent Relationship": "Outer", "Parallel Aware": false, "Startup Cost": 20001130997.49, "Total Cost": 20001130997.99, "Plan Rows": 200, "Plan Width": 16, "Sort Key": ["(count(*)) DESC", "c_orders.c_count DESC"], "Plans": [{"Node Type": "Aggregate", "Strategy": "Sorted", "Partial Mode": "Simple", "Parent Relationship": "Outer", "Parallel Aware": false, "Startup Cost": 20001119744.49, "Total Cost": 20001130996.49, "Plan Rows": 200, "Plan Width": 16, "Group Key": ["c_orders.c_count"], "Plans": [{"Node Type": "Sort", "Parent Relationship": "Outer", "Parallel Aware": false, "Startup Cost": 20001119744.49, "Total Cost": 20001123494.49, "Plan Rows": 1500000, "Plan Width": 8, "Sort Key": ["c_orders.c_count DESC"], "Plans": [{"Node Type": "Subquery Scan", "Parent Relationship": "Outer", "Parallel Aware": false, "Alias": "c_orders", "Startup Cost": 20000000004.87, "Total Cost": 20000953857.5, "Plan Rows": 1500000, "Plan Width": 8, "Plans": [{"Node Type": "Aggregate", "Strategy": "Sorted", "Partial Mode": "Simple", "Parent Relationship": "Subquery", "Parallel Aware": false, "Startup Cost": 20000000004.87, "Total Cost": 20000938857.5, "Plan Rows": 1500000, "Plan Width": 12, "Group Key": ["customer.c_custkey"], "Plans": [{"Node Type": "Merge Join", "Parent Relationship": "Outer", "Parallel Aware": false, "Join Type": "Left", "Startup Cost": 20000000004.87, "Total Cost": 20000848868.92, "Plan Rows": 14997717, "Plan Width": 8, "Inner Unique": false, "Merge Cond": "(customer.c_custkey = orders.o_custkey)", "Plans": [{"Node Type": "Index Only Scan", "Parent Relationship": "Outer", "Parallel Aware": false, "Scan Direction": "Forward", "Index Name": "customer_pkey", "Relation Name": "customer", "Alias": "customer", "Startup Cost": 10000000000.43, "Total Cost": 10000062855.13, "Plan Rows": 1500000, "Plan Width": 4}, {"Node Type": "Index Scan", "Parent Relationship": "Inner", "Parallel Aware": false, "Scan Direction": "Forward", "Index Name": "idx_orders_custkey", "Relation Name": "orders", "Alias": "orders", "Startup Cost": 10000000000.43, "Total Cost": 10000594792.33, "Plan Rows": 14997717, "Plan Width": 8, "Filter": "((o_comment)::text !~~ '%express%deposits%'::text)"}]}]}]}]}]}]}]}}, {"Plan": {"Node Type": "Limit", "Parallel Aware": false, "Startup Cost": 10003577036.1, "Total Cost": 10003577036.1, "Plan Rows": 1, "Plan Width": 16, "Plans": [{"Node Type": "Sort", "Parent Relationship": "Outer", "Parallel Aware": false, "Startup Cost": 10003577036.1, "Total Cost": 10003577036.6, "Plan Rows": 200, "Plan Width": 16, "Sort Key": ["(count(*)) DESC", "c_orders.c_count DESC"], "Plans": [{"Node Type": "Aggregate", "Strategy": "Sorted", "Partial Mode": "Simple", "Parent Relationship": "Outer", "Parallel Aware": false, "Startup Cost": 10003565783.1, "Total Cost": 10003577035.1, "Plan Rows": 200, "Plan Width": 16, "Group Key": ["c_orders.c_count"], "Plans": [{"Node Type": "Sort", "Parent Relationship": "Outer", "Parallel Aware": false, "Startup Cost": 10003565783.1, "Total Cost": 10003569533.1, "Plan Rows": 1500000, "Plan Width": 8, "Sort Key": ["c_orders.c_count DESC"], "Plans": [{"Node Type": "Subquery Scan", "Parent Relationship": "Outer", "Parallel Aware": false, "Alias": "c_orders", "Startup Cost": 10000000001.03, "Total Cost": 10003399896.11, "Plan Rows": 1500000, "Plan Width": 8, "Plans": [{"Node Type": "Aggregate", "Strategy": "Sorted", "Partial Mode": "Simple", "Parent Relationship": "Subquery", "Parallel Aware": false, "Startup Cost": 10000000001.03, "Total Cost": 10003384896.11, "Plan Rows": 1500000, "Plan Width": 12, "Group Key": ["customer.c_custkey"], "Plans": [{"Node Type": "Nested Loop", "Parent Relationship": "Outer", "Parallel Aware": false, "Join Type": "Left", "Startup Cost": 10000000001.03, "Total Cost": 10003294907.53, "Plan Rows": 14997717, "Plan Width": 8, "Inner Unique": false, "Plans": [{"Node Type": "Index Only Scan", "Parent Relationship": "Outer", "Parallel Aware": false, "Scan Direction": "Forward", "Index Name": "customer_pkey", "Relation Name": "customer", "Alias": "customer", "Startup Cost": 10000000000.43, "Total Cost": 10000062855.13, "Plan Rows": 1500000, "Plan Width": 4}, {"Node Type": "Bitmap Heap Scan", "Parent Relationship": "Inner", "Parallel Aware": false, "Relation Name": "orders", "Alias": "orders", "Startup Cost": 0.6, "Total Cost": 1.97, "Plan Rows": 18, "Plan Width": 8, "Recheck Cond": "(customer.c_custkey = o_custkey)", "Filter": "((o_comment)::text !~~ '%express%deposits%'::text)", "Plans": [{"Node Type": "Bitmap Index Scan", "Parent Relationship": "Outer", "Parallel Aware": false, "Index Name": "idx_orders_custkey", "Startup Cost": 0.0, "Total Cost": 0.6, "Plan Rows": 18, "Plan Width": 0, "Index Cond": "(o_custkey = customer.c_custkey)"}]}]}]}]}]}]}]}]}}, {"Plan": {"Node Type": "Limit", "Parallel Aware": false, "Startup Cost": 1701498.4, "Total Cost": 1701498.4, "Plan Rows": 1, "Plan Width": 16, "Plans": [{"Node Type": "Sort", "Parent Relationship": "Outer", "Parallel Aware": false, "Startup Cost": 1701498.4, "Total Cost": 1701498.9, "Plan Rows": 200, "Plan Width": 16, "Sort Key": ["(count(*)) DESC", "(count(orders.o_orderkey)) DESC"], "Plans": [{"Node Type": "Aggregate", "Strategy": "Hashed", "Partial Mode": "Simple", "Parent Relationship": "Outer", "Parallel Aware": false, "Startup Cost": 1701495.4, "Total Cost": 1701497.4, "Plan Rows": 200, "Plan Width": 16, "Group Key": ["count(orders.o_orderkey)"], "Plans": [{"Node Type": "Aggregate", "Strategy": "Sorted", "Partial Mode": "Finalize", "Parent Relationship": "Outer", "Parallel Aware": false, "Startup Cost": 1061460.6, "Total Cost": 1678995.4, "Plan Rows": 1500000, "Plan Width": 12, "Group Key": ["customer.c_custkey"], "Plans": [{"Node Type": "Gather Merge", "Parent Relationship": "Outer", "Parallel Aware": false, "Startup Cost": 1061460.6, "Total Cost": 1641495.4, "Plan Rows": 4500000, "Plan Width": 12, "Workers Planned": 3, "Plans": [{"Node Type": "Aggregate", "Strategy": "Sorted", "Partial Mode": "Partial", "Parent Relationship": "Outer", "Parallel Aware": false, "Startup Cost": 1060460.56, "Total Cost": 1111745.36, "Plan Rows": 1500000, "Plan Width": 12, "Group Key": ["customer.c_custkey"], "Plans": [{"Node Type": "Sort", "Parent Relationship": "Outer", "Parallel Aware": false, "Startup Cost": 1060460.56, "Total Cost": 1072555.5, "Plan Rows": 4837973, "Plan Width": 8, "Sort Key": ["customer.c_custkey"], "Plans": [{"Node Type": "Hash Join", "Parent Relationship": "Outer", "Parallel Aware": true, "Join Type": "Left", "Startup Cost": 400766.38, "Total Cost": 484558.17, "Plan Rows": 4837973, "Plan Width": 8, "Inner Unique": false, "Hash Cond": "(customer.c_custkey = orders.o_custkey)", "Plans": [{"Node Type": "Seq Scan", "Parent Relationship": "Outer", "Parallel Aware": true, "Relation Name": "customer", "Alias": "customer", "Startup Cost": 0.0, "Total Cost": 40665.71, "Plan Rows": 483871, "Plan Width": 4}, {"Node Type": "Hash", "Parent Relationship": "Inner", "Parallel Aware": true, "Startup Cost": 321392.71, "Total Cost": 321392.71, "Plan Rows": 4837973, "Plan Width": 8, "Plans": [{"Node Type": "Seq Scan", "Parent Relationship": "Outer", "Parallel Aware": true, "Relation Name": "orders", "Alias": "orders", "Startup Cost": 0.0, "Total Cost": 321392.71, "Plan Rows": 4837973, "Plan Width": 8, "Filter": "((o_comment)::text !~~ '%express%deposits%'::text)"}]}]}]}]}]}]}]}]}]}}, {"Plan": {"Node Type": "Limit", "Parallel Aware": false, "Startup Cost": 1701498.4, "Total Cost": 1701498.4, "Plan Rows": 1, "Plan Width": 16, "Plans": [{"Node Type": "Sort", "Parent Relationship": "Outer", "Parallel Aware": false, "Startup Cost": 1701498.4, "Total Cost": 1701498.9, "Plan Rows": 200, "Plan Width": 16, "Sort Key": ["(count(*)) DESC", "(count(orders.o_orderkey)) DESC"], "Plans": [{"Node Type": "Aggregate", "Strategy": "Hashed", "Partial Mode": "Simple", "Parent Relationship": "Outer", "Parallel Aware": false, "Startup Cost": 1701495.4, "Total Cost": 1701497.4, "Plan Rows": 200, "Plan Width": 16, "Group Key": ["count(orders.o_orderkey)"], "Plans": [{"Node Type": "Aggregate", "Strategy": "Sorted", "Partial Mode": "Finalize", "Parent Relationship": "Outer", "Parallel Aware": false, "Startup Cost": 1061460.6, "Total Cost": 1678995.4, "Plan Rows": 1500000, "Plan Width": 12, "Group Key": ["customer.c_custkey"], "Plans": [{"Node Type": "Gather Merge", "Parent Relationship": "Outer", "Parallel Aware": false, "Startup Cost": 1061460.6, "Total Cost": 1641495.4, "Plan Rows": 4500000, "Plan Width": 12, "Workers Planned": 3, "Plans": [{"Node Type": "Aggregate", "Strategy": "Sorted", "Partial Mode": "Partial", "Parent Relationship": "Outer", "Parallel Aware": false, "Startup Cost": 1060460.56, "Total Cost": 1111745.36, "Plan Rows": 1500000, "Plan Width": 12, "Group Key": ["customer.c_custkey"], "Plans": [{"Node Type": "Sort", "Parent Relationship": "Outer", "Parallel Aware": false, "Startup Cost": 1060460.56, "Total Cost": 1072555.5, "Plan Rows": 4837973, "Plan Width": 8, "Sort Key": ["customer.c_custkey"], "Plans": [{"Node Type": "Hash Join", "Parent Relationship": "Outer", "Parallel Aware": true, "Join Type": "Left", "Startup Cost": 400766.38, "Total Cost": 484558.17, "Plan Rows": 4837973, "Plan Width": 8, "Inner Unique": false, "Hash Cond": "(customer.c_custkey = orders.o_custkey)", "Plans": [{"Node Type": "Seq Scan", "Parent Relationship": "Outer", "Parallel Aware": true, "Relation Name": "customer", "Alias": "customer", "Startup Cost": 0.0, "Total Cost": 40665.71, "Plan Rows": 483871, "Plan Width": 4}, {"Node Type": "Hash", "Parent Relationship": "Inner", "Parallel Aware": true, "Startup Cost": 321392.71, "Total Cost": 321392.71, "Plan Rows": 4837973, "Plan Width": 8, "Plans": [{"Node Type": "Seq Scan", "Parent Relationship": "Outer", "Parallel Aware": true, "Relation Name": "orders", "Alias": "orders", "Startup Cost": 0.0, "Total Cost": 321392.71, "Plan Rows": 4837973, "Plan Width": 8, "Filter": "((o_comment)::text !~~ '%express%deposits%'::text)"}]}]}]}]}]}]}]}]}]}}, {"Plan": {"Node Type": "Limit", "Parallel Aware": false, "Startup Cost": 10003577036.1, "Total Cost": 10003577036.1, "Plan Rows": 1, "Plan Width": 16, "Plans": [{"Node Type": "Sort", "Parent Relationship": "Outer", "Parallel Aware": false, "Startup Cost": 10003577036.1, "Total Cost": 10003577036.6, "Plan Rows": 200, "Plan Width": 16, "Sort Key": ["(count(*)) DESC", "c_orders.c_count DESC"], "Plans": [{"Node Type": "Aggregate", "Strategy": "Sorted", "Partial Mode": "Simple", "Parent Relationship": "Outer", "Parallel Aware": false, "Startup Cost": 10003565783.1, "Total Cost": 10003577035.1, "Plan Rows": 200, "Plan Width": 16, "Group Key": ["c_orders.c_count"], "Plans": [{"Node Type": "Sort", "Parent Relationship": "Outer", "Parallel Aware": false, "Startup Cost": 10003565783.1, "Total Cost": 10003569533.1, "Plan Rows": 1500000, "Plan Width": 8, "Sort Key": ["c_orders.c_count DESC"], "Plans": [{"Node Type": "Subquery Scan", "Parent Relationship": "Outer", "Parallel Aware": false, "Alias": "c_orders", "Startup Cost": 10000000001.03, "Total Cost": 10003399896.11, "Plan Rows": 1500000, "Plan Width": 8, "Plans": [{"Node Type": "Aggregate", "Strategy": "Sorted", "Partial Mode": "Simple", "Parent Relationship": "Subquery", "Parallel Aware": false, "Startup Cost": 10000000001.03, "Total Cost": 10003384896.11, "Plan Rows": 1500000, "Plan Width": 12, "Group Key": ["customer.c_custkey"], "Plans": [{"Node Type": "Nested Loop", "Parent Relationship": "Outer", "Parallel Aware": false, "Join Type": "Left", "Startup Cost": 10000000001.03, "Total Cost": 10003294907.53, "Plan Rows": 14997717, "Plan Width": 8, "Inner Unique": false, "Plans": [{"Node Type": "Index Only Scan", "Parent Relationship": "Outer", "Parallel Aware": false, "Scan Direction": "Forward", "Index Name": "customer_pkey", "Relation Name": "customer", "Alias": "customer", "Startup Cost": 10000000000.43, "Total Cost": 10000062855.13, "Plan Rows": 1500000, "Plan Width": 4}, {"Node Type": "Bitmap Heap Scan", "Parent Relationship": "Inner", "Parallel Aware": false, "Relation Name": "orders", "Alias": "orders", "Startup Cost": 0.6, "Total Cost": 1.97, "Plan Rows": 18, "Plan Width": 8, "Recheck Cond": "(customer.c_custkey = o_custkey)", "Filter": "((o_comment)::text !~~ '%express%deposits%'::text)", "Plans": [{"Node Type": "Bitmap Index Scan", "Parent Relationship": "Outer", "Parallel Aware": false, "Index Name": "idx_orders_custkey", "Startup Cost": 0.0, "Total Cost": 0.6, "Plan Rows": 18, "Plan Width": 0, "Index Cond": "(o_custkey = customer.c_custkey)"}]}]}]}]}]}]}]}]}}, {"Plan": {"Node Type": "Limit", "Parallel Aware": false, "Startup Cost": 1701498.4, "Total Cost": 1701498.4, "Plan Rows": 1, "Plan Width": 16, "Plans": [{"Node Type": "Sort", "Parent Relationship": "Outer", "Parallel Aware": false, "Startup Cost": 1701498.4, "Total Cost": 1701498.9, "Plan Rows": 200, "Plan Width": 16, "Sort Key": ["(count(*)) DESC", "(count(orders.o_orderkey)) DESC"], "Plans": [{"Node Type": "Aggregate", "Strategy": "Hashed", "Partial Mode": "Simple", "Parent Relationship": "Outer", "Parallel Aware": false, "Startup Cost": 1701495.4, "Total Cost": 1701497.4, "Plan Rows": 200, "Plan Width": 16, "Group Key": ["count(orders.o_orderkey)"], "Plans": [{"Node Type": "Aggregate", "Strategy": "Sorted", "Partial Mode": "Finalize", "Parent Relationship": "Outer", "Parallel Aware": false, "Startup Cost": 1061460.6, "Total Cost": 1678995.4, "Plan Rows": 1500000, "Plan Width": 12, "Group Key": ["customer.c_custkey"], "Plans": [{"Node Type": "Gather Merge", "Parent Relationship": "Outer", "Parallel Aware": false, "Startup Cost": 1061460.6, "Total Cost": 1641495.4, "Plan Rows": 4500000, "Plan Width": 12, "Workers Planned": 3, "Plans": [{"Node Type": "Aggregate", "Strategy": "Sorted", "Partial Mode": "Partial", "Parent Relationship": "Outer", "Parallel Aware": false, "Startup Cost": 1060460.56, "Total Cost": 1111745.36, "Plan Rows": 1500000, "Plan Width": 12, "Group Key": ["customer.c_custkey"], "Plans": [{"Node Type": "Sort", "Parent Relationship": "Outer", "Parallel Aware": false, "Startup Cost": 1060460.56, "Total Cost": 1072555.5, "Plan Rows": 4837973, "Plan Width": 8, "Sort Key": ["customer.c_custkey"], "Plans": [{"Node Type": "Hash Join", "Parent Relationship": "Outer", "Parallel Aware": true, "Join Type": "Left", "Startup Cost": 400766.38, "Total Cost": 484558.17, "Plan Rows": 4837973, "Plan Width": 8, "Inner Unique": false, "Hash Cond": "(customer.c_custkey = orders.o_custkey)", "Plans": [{"Node Type": "Seq Scan", "Parent Relationship": "Outer", "Parallel Aware": true, "Relation Name": "customer", "Alias": "customer", "Startup Cost": 0.0, "Total Cost": 40665.71, "Plan Rows": 483871, "Plan Width": 4}, {"Node Type": "Hash", "Parent Relationship": "Inner", "Parallel Aware": true, "Startup Cost": 321392.71, "Total Cost": 321392.71, "Plan Rows": 4837973, "Plan Width": 8, "Plans": [{"Node Type": "Seq Scan", "Parent Relationship": "Outer", "Parallel Aware": true, "Relation Name": "orders", "Alias": "orders", "Startup Cost": 0.0, "Total Cost": 321392.71, "Plan Rows": 4837973, "Plan Width": 8, "Filter": "((o_comment)::text !~~ '%express%deposits%'::text)"}]}]}]}]}]}]}]}]}]}}, {"Plan": {"Node Type": "Limit", "Parallel Aware": false, "Startup Cost": 1701498.4, "Total Cost": 1701498.4, "Plan Rows": 1, "Plan Width": 16, "Plans": [{"Node Type": "Sort", "Parent Relationship": "Outer", "Parallel Aware": false, "Startup Cost": 1701498.4, "Total Cost": 1701498.9, "Plan Rows": 200, "Plan Width": 16, "Sort Key": ["(count(*)) DESC", "(count(orders.o_orderkey)) DESC"], "Plans": [{"Node Type": "Aggregate", "Strategy": "Hashed", "Partial Mode": "Simple", "Parent Relationship": "Outer", "Parallel Aware": false, "Startup Cost": 1701495.4, "Total Cost": 1701497.4, "Plan Rows": 200, "Plan Width": 16, "Group Key": ["count(orders.o_orderkey)"], "Plans": [{"Node Type": "Aggregate", "Strategy": "Sorted", "Partial Mode": "Finalize", "Parent Relationship": "Outer", "Parallel Aware": false, "Startup Cost": 1061460.6, "Total Cost": 1678995.4, "Plan Rows": 1500000, "Plan Width": 12, "Group Key": ["customer.c_custkey"], "Plans": [{"Node Type": "Gather Merge", "Parent Relationship": "Outer", "Parallel Aware": false, "Startup Cost": 1061460.6, "Total Cost": 1641495.4, "Plan Rows": 4500000, "Plan Width": 12, "Workers Planned": 3, "Plans": [{"Node Type": "Aggregate", "Strategy": "Sorted", "Partial Mode": "Partial", "Parent Relationship": "Outer", "Parallel Aware": false, "Startup Cost": 1060460.56, "Total Cost": 1111745.36, "Plan Rows": 1500000, "Plan Width": 12, "Group Key": ["customer.c_custkey"], "Plans": [{"Node Type": "Sort", "Parent Relationship": "Outer", "Parallel Aware": false, "Startup Cost": 1060460.56, "Total Cost": 1072555.5, "Plan Rows": 4837973, "Plan Width": 8, "Sort Key": ["customer.c_custkey"], "Plans": [{"Node Type": "Hash Join", "Parent Relationship": "Outer", "Parallel Aware": true, "Join Type": "Left", "Startup Cost": 400766.38, "Total Cost": 484558.17, "Plan Rows": 4837973, "Plan Width": 8, "Inner Unique": false, "Hash Cond": "(customer.c_custkey = orders.o_custkey)", "Plans": [{"Node Type": "Seq Scan", "Parent Relationship": "Outer", "Parallel Aware": true, "Relation Name": "customer", "Alias": "customer", "Startup Cost": 0.0, "Total Cost": 40665.71, "Plan Rows": 483871, "Plan Width": 4}, {"Node Type": "Hash", "Parent Relationship": "Inner", "Parallel Aware": true, "Startup Cost": 321392.71, "Total Cost": 321392.71, "Plan Rows": 4837973, "Plan Width": 8, "Plans": [{"Node Type": "Seq Scan", "Parent Relationship": "Outer", "Parallel Aware": true, "Relation Name": "orders", "Alias": "orders", "Startup Cost": 0.0, "Total Cost": 321392.71, "Plan Rows": 4837973, "Plan Width": 8, "Filter": "((o_comment)::text !~~ '%express%deposits%'::text)"}]}]}]}]}]}]}]}]}]}}, {"Plan": {"Node Type": "Limit", "Parallel Aware": false, "Startup Cost": 1859916.65, "Total Cost": 1859916.65, "Plan Rows": 1, "Plan Width": 16, "Plans": [{"Node Type": "Sort", "Parent Relationship": "Outer", "Parallel Aware": false, "Startup Cost": 1859916.65, "Total Cost": 1859917.15, "Plan Rows": 200, "Plan Width": 16, "Sort Key": ["(count(*)) DESC", "(count(orders.o_orderkey)) DESC"], "Plans": [{"Node Type": "Aggregate", "Strategy": "Hashed", "Partial Mode": "Simple", "Parent Relationship": "Outer", "Parallel Aware": false, "Startup Cost": 1859913.65, "Total Cost": 1859915.65, "Plan Rows": 200, "Plan Width": 16, "Group Key": ["count(orders.o_orderkey)"], "Plans": [{"Node Type": "Aggregate", "Strategy": "Sorted", "Partial Mode": "Finalize", "Parent Relationship": "Outer", "Parallel Aware": false, "Startup Cost": 1219878.85, "Total Cost": 1837413.65, "Plan Rows": 1500000, "Plan Width": 12, "Group Key": ["customer.c_custkey"], "Plans": [{"Node Type": "Gather Merge", "Parent Relationship": "Outer", "Parallel Aware": false, "Startup Cost": 1219878.85, "Total Cost": 1799913.65, "Plan Rows": 4500000, "Plan Width": 12, "Workers Planned": 3, "Plans": [{"Node Type": "Aggregate", "Strategy": "Sorted", "Partial Mode": "Partial", "Parent Relationship": "Outer", "Parallel Aware": false, "Startup Cost": 1218878.81, "Total Cost": 1270163.61, "Plan Rows": 1500000, "Plan Width": 12, "Group Key": ["customer.c_custkey"], "Plans": [{"Node Type": "Sort", "Parent Relationship": "Outer", "Parallel Aware": false, "Startup Cost": 1218878.81, "Total Cost": 1230973.74, "Plan Rows": 4837973, "Plan Width": 8, "Sort Key": ["customer.c_custkey"], "Plans": [{"Node Type": "Hash Join", "Parent Relationship": "Outer", "Parallel Aware": true, "Join Type": "Left", "Startup Cost": 547156.92, "Total Cost": 642976.41, "Plan Rows": 4837973, "Plan Width": 8, "Inner Unique": false, "Hash Cond": "(customer.c_custkey = orders.o_custkey)", "Plans": [{"Node Type": "Index Scan", "Parent Relationship": "Outer", "Parallel Aware": true, "Scan Direction": "Forward", "Index Name": "customer_pkey", "Relation Name": "customer", "Alias": "customer", "Startup Cost": 0.43, "Total Cost": 52693.84, "Plan Rows": 483871, "Plan Width": 4}, {"Node Type": "Hash", "Parent Relationship": "Inner", "Parallel Aware": true, "Startup Cost": 467782.83, "Total Cost": 467782.83, "Plan Rows": 4837973, "Plan Width": 8, "Plans": [{"Node Type": "Index Scan", "Parent Relationship": "Outer", "Parallel Aware": true, "Scan Direction": "Forward", "Index Name": "idx_orders_custkey", "Relation Name": "orders", "Alias": "orders", "Startup Cost": 0.43, "Total Cost": 467782.83, "Plan Rows": 4837973, "Plan Width": 8, "Filter": "((o_comment)::text !~~ '%express%deposits%'::text)"}]}]}]}]}]}]}]}]}]}}, {"Plan": {"Node Type": "Limit", "Parallel Aware": false, "Startup Cost": 961360.5, "Total Cost": 961360.51, "Plan Rows": 1, "Plan Width": 16, "Plans": [{"Node Type": "Sort", "Parent Relationship": "Outer", "Parallel Aware": false, "Startup Cost": 961360.5, "Total Cost": 961361.0, "Plan Rows": 200, "Plan Width": 16, "Sort Key": ["(count(*)) DESC", "(count(orders.o_orderkey)) DESC"], "Plans": [{"Node Type": "Aggregate", "Strategy": "Hashed", "Partial Mode": "Simple", "Parent Relationship": "Outer", "Parallel Aware": false, "Startup Cost": 961357.5, "Total Cost": 961359.5, "Plan Rows": 200, "Plan Width": 16, "Group Key": ["count(orders.o_orderkey)"], "Plans": [{"Node Type": "Aggregate", "Strategy": "Sorted", "Partial Mode": "Simple", "Parent Relationship": "Outer", "Parallel Aware": false, "Startup Cost": 4.87, "Total Cost": 938857.5, "Plan Rows": 1500000, "Plan Width": 12, "Group Key": ["customer.c_custkey"], "Plans": [{"Node Type": "Merge Join", "Parent Relationship": "Outer", "Parallel Aware": false, "Join Type": "Left", "Startup Cost": 4.87, "Total Cost": 848868.92, "Plan Rows": 14997717, "Plan Width": 8, "Inner Unique": false, "Merge Cond": "(customer.c_custkey = orders.o_custkey)", "Plans": [{"Node Type": "Index Scan", "Parent Relationship": "Outer", "Parallel Aware": false, "Scan Direction": "Forward", "Index Name": "customer_pkey", "Relation Name": "customer", "Alias": "customer", "Startup Cost": 0.43, "Total Cost": 62855.13, "Plan Rows": 1500000, "Plan Width": 4}, {"Node Type": "Index Scan", "Parent Relationship": "Inner", "Parallel Aware": false, "Scan Direction": "Forward", "Index Name": "idx_orders_custkey", "Relation Name": "orders", "Alias": "orders", "Startup Cost": 0.43, "Total Cost": 594792.33, "Plan Rows": 14997717, "Plan Width": 8, "Filter": "((o_comment)::text !~~ '%express%deposits%'::text)"}]}]}]}]}]}}, {"Plan": {"Node Type": "Limit", "Parallel Aware": false, "Startup Cost": 961360.5, "Total Cost": 961360.51, "Plan Rows": 1, "Plan Width": 16, "Plans": [{"Node Type": "Sort", "Parent Relationship": "Outer", "Parallel Aware": false, "Startup Cost": 961360.5, "Total Cost": 961361.0, "Plan Rows": 200, "Plan Width": 16, "Sort Key": ["(count(*)) DESC", "(count(orders.o_orderkey)) DESC"], "Plans": [{"Node Type": "Aggregate", "Strategy": "Hashed", "Partial Mode": "Simple", "Parent Relationship": "Outer", "Parallel Aware": false, "Startup Cost": 961357.5, "Total Cost": 961359.5, "Plan Rows": 200, "Plan Width": 16, "Group Key": ["count(orders.o_orderkey)"], "Plans": [{"Node Type": "Aggregate", "Strategy": "Sorted", "Partial Mode": "Simple", "Parent Relationship": "Outer", "Parallel Aware": false, "Startup Cost": 4.87, "Total Cost": 938857.5, "Plan Rows": 1500000, "Plan Width": 12, "Group Key": ["customer.c_custkey"], "Plans": [{"Node Type": "Merge Join", "Parent Relationship": "Outer", "Parallel Aware": false, "Join Type": "Left", "Startup Cost": 4.87, "Total Cost": 848868.92, "Plan Rows": 14997717, "Plan Width": 8, "Inner Unique": false, "Merge Cond": "(customer.c_custkey = orders.o_custkey)", "Plans": [{"Node Type": "Index Scan", "Parent Relationship": "Outer", "Parallel Aware": false, "Scan Direction": "Forward", "Index Name": "customer_pkey", "Relation Name": "customer", "Alias": "customer", "Startup Cost": 0.43, "Total Cost": 62855.13, "Plan Rows": 1500000, "Plan Width": 4}, {"Node Type": "Index Scan", "Parent Relationship": "Inner", "Parallel Aware": false, "Scan Direction": "Forward", "Index Name": "idx_orders_custkey", "Relation Name": "orders", "Alias": "orders", "Startup Cost": 0.43, "Total Cost": 594792.33, "Plan Rows": 14997717, "Plan Width": 8, "Filter": "((o_comment)::text !~~ '%express%deposits%'::text)"}]}]}]}]}]}}, {"Plan": {"Node Type": "Limit", "Parallel Aware": false, "Startup Cost": 961360.5, "Total Cost": 961360.51, "Plan Rows": 1, "Plan Width": 16, "Plans": [{"Node Type": "Sort", "Parent Relationship": "Outer", "Parallel Aware": false, "Startup Cost": 961360.5, "Total Cost": 961361.0, "Plan Rows": 200, "Plan Width": 16, "Sort Key": ["(count(*)) DESC", "(count(orders.o_orderkey)) DESC"], "Plans": [{"Node Type": "Aggregate", "Strategy": "Hashed", "Partial Mode": "Simple", "Parent Relationship": "Outer", "Parallel Aware": false, "Startup Cost": 961357.5, "Total Cost": 961359.5, "Plan Rows": 200, "Plan Width": 16, "Group Key": ["count(orders.o_orderkey)"], "Plans": [{"Node Type": "Aggregate", "Strategy": "Sorted", "Partial Mode": "Simple", "Parent Relationship": "Outer", "Parallel Aware": false, "Startup Cost": 4.87, "Total Cost": 938857.5, "Plan Rows": 1500000, "Plan Width": 12, "Group Key": ["customer.c_custkey"], "Plans": [{"Node Type": "Merge Join", "Parent Relationship": "Outer", "Parallel Aware": false, "Join Type": "Left", "Startup Cost": 4.87, "Total Cost": 848868.92, "Plan Rows": 14997717, "Plan Width": 8, "Inner Unique": false, "Merge Cond": "(customer.c_custkey = orders.o_custkey)", "Plans": [{"Node Type": "Index Scan", "Parent Relationship": "Outer", "Parallel Aware": false, "Scan Direction": "Forward", "Index Name": "customer_pkey", "Relation Name": "customer", "Alias": "customer", "Startup Cost": 0.43, "Total Cost": 62855.13, "Plan Rows": 1500000, "Plan Width": 4}, {"Node Type": "Index Scan", "Parent Relationship": "Inner", "Parallel Aware": false, "Scan Direction": "Forward", "Index Name": "idx_orders_custkey", "Relation Name": "orders", "Alias": "orders", "Startup Cost": 0.43, "Total Cost": 594792.33, "Plan Rows": 14997717, "Plan Width": 8, "Filter": "((o_comment)::text !~~ '%express%deposits%'::text)"}]}]}]}]}]}}, {"Plan": {"Node Type": "Limit", "Parallel Aware": false, "Startup Cost": 961360.5, "Total Cost": 961360.51, "Plan Rows": 1, "Plan Width": 16, "Plans": [{"Node Type": "Sort", "Parent Relationship": "Outer", "Parallel Aware": false, "Startup Cost": 961360.5, "Total Cost": 961361.0, "Plan Rows": 200, "Plan Width": 16, "Sort Key": ["(count(*)) DESC", "(count(orders.o_orderkey)) DESC"], "Plans": [{"Node Type": "Aggregate", "Strategy": "Hashed", "Partial Mode": "Simple", "Parent Relationship": "Outer", "Parallel Aware": false, "Startup Cost": 961357.5, "Total Cost": 961359.5, "Plan Rows": 200, "Plan Width": 16, "Group Key": ["count(orders.o_orderkey)"], "Plans": [{"Node Type": "Aggregate", "Strategy": "Sorted", "Partial Mode": "Simple", "Parent Relationship": "Outer", "Parallel Aware": false, "Startup Cost": 4.87, "Total Cost": 938857.5, "Plan Rows": 1500000, "Plan Width": 12, "Group Key": ["customer.c_custkey"], "Plans": [{"Node Type": "Merge Join", "Parent Relationship": "Outer", "Parallel Aware": false, "Join Type": "Left", "Startup Cost": 4.87, "Total Cost": 848868.92, "Plan Rows": 14997717, "Plan Width": 8, "Inner Unique": false, "Merge Cond": "(customer.c_custkey = orders.o_custkey)", "Plans": [{"Node Type": "Index Scan", "Parent Relationship": "Outer", "Parallel Aware": false, "Scan Direction": "Forward", "Index Name": "customer_pkey", "Relation Name": "customer", "Alias": "customer", "Startup Cost": 0.43, "Total Cost": 62855.13, "Plan Rows": 1500000, "Plan Width": 4}, {"Node Type": "Index Scan", "Parent Relationship": "Inner", "Parallel Aware": false, "Scan Direction": "Forward", "Index Name": "idx_orders_custkey", "Relation Name": "orders", "Alias": "orders", "Startup Cost": 0.43, "Total Cost": 594792.33, "Plan Rows": 14997717, "Plan Width": 8, "Filter": "((o_comment)::text !~~ '%express%deposits%'::text)"}]}]}]}]}]}}, {"Plan": {"Node Type": "Limit", "Parallel Aware": false, "Startup Cost": 1260606.33, "Total Cost": 1260606.33, "Plan Rows": 1, "Plan Width": 16, "Plans": [{"Node Type": "Sort", "Parent Relationship": "Outer", "Parallel Aware": false, "Startup Cost": 1260606.33, "Total Cost": 1260606.83, "Plan Rows": 200, "Plan Width": 16, "Sort Key": ["(count(*)) DESC", "(count(orders.o_orderkey)) DESC"], "Plans": [{"Node Type": "Aggregate", "Strategy": "Hashed", "Partial Mode": "Simple", "Parent Relationship": "Outer", "Parallel Aware": false, "Startup Cost": 1260603.33, "Total Cost": 1260605.33, "Plan Rows": 200, "Plan Width": 16, "Group Key": ["count(orders.o_orderkey)"], "Plans": [{"Node Type": "Aggregate", "Strategy": "Sorted", "Partial Mode": "Finalize", "Parent Relationship": "Outer", "Parallel Aware": false, "Startup Cost": 1000.9, "Total Cost": 1238103.33, "Plan Rows": 1500000, "Plan Width": 12, "Group Key": ["customer.c_custkey"], "Plans": [{"Node Type": "Gather Merge", "Parent Relationship": "Outer", "Parallel Aware": false, "Startup Cost": 1000.9, "Total Cost": 1200603.33, "Plan Rows": 4500000, "Plan Width": 12, "Workers Planned": 3, "Plans": [{"Node Type": "Aggregate", "Strategy": "Sorted", "Partial Mode": "Partial", "Parent Relationship": "Outer", "Parallel Aware": false, "Startup Cost": 0.86, "Total Cost": 670853.29, "Plan Rows": 1500000, "Plan Width": 12, "Group Key": ["customer.c_custkey"], "Plans": [{"Node Type": "Nested Loop", "Parent Relationship": "Outer", "Parallel Aware": false, "Join Type": "Left", "Startup Cost": 0.86, "Total Cost": 631663.42, "Plan Rows": 4837973, "Plan Width": 8, "Inner Unique": false, "Plans": [{"Node Type": "Index Scan", "Parent Relationship": "Outer", "Parallel Aware": true, "Scan Direction": "Forward", "Index Name": "customer_pkey", "Relation Name": "customer", "Alias": "customer", "Startup Cost": 0.43, "Total Cost": 52693.84, "Plan Rows": 483871, "Plan Width": 4}, {"Node Type": "Index Scan", "Parent Relationship": "Inner", "Parallel Aware": false, "Scan Direction": "Forward", "Index Name": "idx_orders_custkey", "Relation Name": "orders", "Alias": "orders", "Startup Cost": 0.43, "Total Cost": 1.02, "Plan Rows": 18, "Plan Width": 8, "Index Cond": "(o_custkey = customer.c_custkey)", "Filter": "((o_comment)::text !~~ '%express%deposits%'::text)"}]}]}]}]}]}]}]}}, {"Plan": {"Node Type": "Limit", "Parallel Aware": false, "Startup Cost": 1260606.33, "Total Cost": 1260606.33, "Plan Rows": 1, "Plan Width": 16, "Plans": [{"Node Type": "Sort", "Parent Relationship": "Outer", "Parallel Aware": false, "Startup Cost": 1260606.33, "Total Cost": 1260606.83, "Plan Rows": 200, "Plan Width": 16, "Sort Key": ["(count(*)) DESC", "(count(orders.o_orderkey)) DESC"], "Plans": [{"Node Type": "Aggregate", "Strategy": "Hashed", "Partial Mode": "Simple", "Parent Relationship": "Outer", "Parallel Aware": false, "Startup Cost": 1260603.33, "Total Cost": 1260605.33, "Plan Rows": 200, "Plan Width": 16, "Group Key": ["count(orders.o_orderkey)"], "Plans": [{"Node Type": "Aggregate", "Strategy": "Sorted", "Partial Mode": "Finalize", "Parent Relationship": "Outer", "Parallel Aware": false, "Startup Cost": 1000.9, "Total Cost": 1238103.33, "Plan Rows": 1500000, "Plan Width": 12, "Group Key": ["customer.c_custkey"], "Plans": [{"Node Type": "Gather Merge", "Parent Relationship": "Outer", "Parallel Aware": false, "Startup Cost": 1000.9, "Total Cost": 1200603.33, "Plan Rows": 4500000, "Plan Width": 12, "Workers Planned": 3, "Plans": [{"Node Type": "Aggregate", "Strategy": "Sorted", "Partial Mode": "Partial", "Parent Relationship": "Outer", "Parallel Aware": false, "Startup Cost": 0.86, "Total Cost": 670853.29, "Plan Rows": 1500000, "Plan Width": 12, "Group Key": ["customer.c_custkey"], "Plans": [{"Node Type": "Nested Loop", "Parent Relationship": "Outer", "Parallel Aware": false, "Join Type": "Left", "Startup Cost": 0.86, "Total Cost": 631663.42, "Plan Rows": 4837973, "Plan Width": 8, "Inner Unique": false, "Plans": [{"Node Type": "Index Scan", "Parent Relationship": "Outer", "Parallel Aware": true, "Scan Direction": "Forward", "Index Name": "customer_pkey", "Relation Name": "customer", "Alias": "customer", "Startup Cost": 0.43, "Total Cost": 52693.84, "Plan Rows": 483871, "Plan Width": 4}, {"Node Type": "Index Scan", "Parent Relationship": "Inner", "Parallel Aware": false, "Scan Direction": "Forward", "Index Name": "idx_orders_custkey", "Relation Name": "orders", "Alias": "orders", "Startup Cost": 0.43, "Total Cost": 1.02, "Plan Rows": 18, "Plan Width": 8, "Index Cond": "(o_custkey = customer.c_custkey)", "Filter": "((o_comment)::text !~~ '%express%deposits%'::text)"}]}]}]}]}]}]}]}}, {"Plan": {"Node Type": "Limit", "Parallel Aware": false, "Startup Cost": 1701498.4, "Total Cost": 1701498.4, "Plan Rows": 1, "Plan Width": 16, "Plans": [{"Node Type": "Sort", "Parent Relationship": "Outer", "Parallel Aware": false, "Startup Cost": 1701498.4, "Total Cost": 1701498.9, "Plan Rows": 200, "Plan Width": 16, "Sort Key": ["(count(*)) DESC", "(count(orders.o_orderkey)) DESC"], "Plans": [{"Node Type": "Aggregate", "Strategy": "Hashed", "Partial Mode": "Simple", "Parent Relationship": "Outer", "Parallel Aware": false, "Startup Cost": 1701495.4, "Total Cost": 1701497.4, "Plan Rows": 200, "Plan Width": 16, "Group Key": ["count(orders.o_orderkey)"], "Plans": [{"Node Type": "Aggregate", "Strategy": "Sorted", "Partial Mode": "Finalize", "Parent Relationship": "Outer", "Parallel Aware": false, "Startup Cost": 1061460.6, "Total Cost": 1678995.4, "Plan Rows": 1500000, "Plan Width": 12, "Group Key": ["customer.c_custkey"], "Plans": [{"Node Type": "Gather Merge", "Parent Relationship": "Outer", "Parallel Aware": false, "Startup Cost": 1061460.6, "Total Cost": 1641495.4, "Plan Rows": 4500000, "Plan Width": 12, "Workers Planned": 3, "Plans": [{"Node Type": "Aggregate", "Strategy": "Sorted", "Partial Mode": "Partial", "Parent Relationship": "Outer", "Parallel Aware": false, "Startup Cost": 1060460.56, "Total Cost": 1111745.36, "Plan Rows": 1500000, "Plan Width": 12, "Group Key": ["customer.c_custkey"], "Plans": [{"Node Type": "Sort", "Parent Relationship": "Outer", "Parallel Aware": false, "Startup Cost": 1060460.56, "Total Cost": 1072555.5, "Plan Rows": 4837973, "Plan Width": 8, "Sort Key": ["customer.c_custkey"], "Plans": [{"Node Type": "Hash Join", "Parent Relationship": "Outer", "Parallel Aware": true, "Join Type": "Left", "Startup Cost": 400766.38, "Total Cost": 484558.17, "Plan Rows": 4837973, "Plan Width": 8, "Inner Unique": false, "Hash Cond": "(customer.c_custkey = orders.o_custkey)", "Plans": [{"Node Type": "Seq Scan", "Parent Relationship": "Outer", "Parallel Aware": true, "Relation Name": "customer", "Alias": "customer", "Startup Cost": 0.0, "Total Cost": 40665.71, "Plan Rows": 483871, "Plan Width": 4}, {"Node Type": "Hash", "Parent Relationship": "Inner", "Parallel Aware": true, "Startup Cost": 321392.71, "Total Cost": 321392.71, "Plan Rows": 4837973, "Plan Width": 8, "Plans": [{"Node Type": "Seq Scan", "Parent Relationship": "Outer", "Parallel Aware": true, "Relation Name": "orders", "Alias": "orders", "Startup Cost": 0.0, "Total Cost": 321392.71, "Plan Rows": 4837973, "Plan Width": 8, "Filter": "((o_comment)::text !~~ '%express%deposits%'::text)"}]}]}]}]}]}]}]}]}]}}, {"Plan": {"Node Type": "Limit", "Parallel Aware": false, "Startup Cost": 1701498.4, "Total Cost": 1701498.4, "Plan Rows": 1, "Plan Width": 16, "Plans": [{"Node Type": "Sort", "Parent Relationship": "Outer", "Parallel Aware": false, "Startup Cost": 1701498.4, "Total Cost": 1701498.9, "Plan Rows": 200, "Plan Width": 16, "Sort Key": ["(count(*)) DESC", "(count(orders.o_orderkey)) DESC"], "Plans": [{"Node Type": "Aggregate", "Strategy": "Hashed", "Partial Mode": "Simple", "Parent Relationship": "Outer", "Parallel Aware": false, "Startup Cost": 1701495.4, "Total Cost": 1701497.4, "Plan Rows": 200, "Plan Width": 16, "Group Key": ["count(orders.o_orderkey)"], "Plans": [{"Node Type": "Aggregate", "Strategy": "Sorted", "Partial Mode": "Finalize", "Parent Relationship": "Outer", "Parallel Aware": false, "Startup Cost": 1061460.6, "Total Cost": 1678995.4, "Plan Rows": 1500000, "Plan Width": 12, "Group Key": ["customer.c_custkey"], "Plans": [{"Node Type": "Gather Merge", "Parent Relationship": "Outer", "Parallel Aware": false, "Startup Cost": 1061460.6, "Total Cost": 1641495.4, "Plan Rows": 4500000, "Plan Width": 12, "Workers Planned": 3, "Plans": [{"Node Type": "Aggregate", "Strategy": "Sorted", "Partial Mode": "Partial", "Parent Relationship": "Outer", "Parallel Aware": false, "Startup Cost": 1060460.56, "Total Cost": 1111745.36, "Plan Rows": 1500000, "Plan Width": 12, "Group Key": ["customer.c_custkey"], "Plans": [{"Node Type": "Sort", "Parent Relationship": "Outer", "Parallel Aware": false, "Startup Cost": 1060460.56, "Total Cost": 1072555.5, "Plan Rows": 4837973, "Plan Width": 8, "Sort Key": ["customer.c_custkey"], "Plans": [{"Node Type": "Hash Join", "Parent Relationship": "Outer", "Parallel Aware": true, "Join Type": "Left", "Startup Cost": 400766.38, "Total Cost": 484558.17, "Plan Rows": 4837973, "Plan Width": 8, "Inner Unique": false, "Hash Cond": "(customer.c_custkey = orders.o_custkey)", "Plans": [{"Node Type": "Seq Scan", "Parent Relationship": "Outer", "Parallel Aware": true, "Relation Name": "customer", "Alias": "customer", "Startup Cost": 0.0, "Total Cost": 40665.71, "Plan Rows": 483871, "Plan Width": 4}, {"Node Type": "Hash", "Parent Relationship": "Inner", "Parallel Aware": true, "Startup Cost": 321392.71, "Total Cost": 321392.71, "Plan Rows": 4837973, "Plan Width": 8, "Plans": [{"Node Type": "Seq Scan", "Parent Relationship": "Outer", "Parallel Aware": true, "Relation Name": "orders", "Alias": "orders", "Startup Cost": 0.0, "Total Cost": 321392.71, "Plan Rows": 4837973, "Plan Width": 8, "Filter": "((o_comment)::text !~~ '%express%deposits%'::text)"}]}]}]}]}]}]}]}]}]}}, {"Plan": {"Node Type": "Limit", "Parallel Aware": false, "Startup Cost": 1701498.4, "Total Cost": 1701498.4, "Plan Rows": 1, "Plan Width": 16, "Plans": [{"Node Type": "Sort", "Parent Relationship": "Outer", "Parallel Aware": false, "Startup Cost": 1701498.4, "Total Cost": 1701498.9, "Plan Rows": 200, "Plan Width": 16, "Sort Key": ["(count(*)) DESC", "(count(orders.o_orderkey)) DESC"], "Plans": [{"Node Type": "Aggregate", "Strategy": "Hashed", "Partial Mode": "Simple", "Parent Relationship": "Outer", "Parallel Aware": false, "Startup Cost": 1701495.4, "Total Cost": 1701497.4, "Plan Rows": 200, "Plan Width": 16, "Group Key": ["count(orders.o_orderkey)"], "Plans": [{"Node Type": "Aggregate", "Strategy": "Sorted", "Partial Mode": "Finalize", "Parent Relationship": "Outer", "Parallel Aware": false, "Startup Cost": 1061460.6, "Total Cost": 1678995.4, "Plan Rows": 1500000, "Plan Width": 12, "Group Key": ["customer.c_custkey"], "Plans": [{"Node Type": "Gather Merge", "Parent Relationship": "Outer", "Parallel Aware": false, "Startup Cost": 1061460.6, "Total Cost": 1641495.4, "Plan Rows": 4500000, "Plan Width": 12, "Workers Planned": 3, "Plans": [{"Node Type": "Aggregate", "Strategy": "Sorted", "Partial Mode": "Partial", "Parent Relationship": "Outer", "Parallel Aware": false, "Startup Cost": 1060460.56, "Total Cost": 1111745.36, "Plan Rows": 1500000, "Plan Width": 12, "Group Key": ["customer.c_custkey"], "Plans": [{"Node Type": "Sort", "Parent Relationship": "Outer", "Parallel Aware": false, "Startup Cost": 1060460.56, "Total Cost": 1072555.5, "Plan Rows": 4837973, "Plan Width": 8, "Sort Key": ["customer.c_custkey"], "Plans": [{"Node Type": "Hash Join", "Parent Relationship": "Outer", "Parallel Aware": true, "Join Type": "Left", "Startup Cost": 400766.38, "Total Cost": 484558.17, "Plan Rows": 4837973, "Plan Width": 8, "Inner Unique": false, "Hash Cond": "(customer.c_custkey = orders.o_custkey)", "Plans": [{"Node Type": "Seq Scan", "Parent Relationship": "Outer", "Parallel Aware": true, "Relation Name": "customer", "Alias": "customer", "Startup Cost": 0.0, "Total Cost": 40665.71, "Plan Rows": 483871, "Plan Width": 4}, {"Node Type": "Hash", "Parent Relationship": "Inner", "Parallel Aware": true, "Startup Cost": 321392.71, "Total Cost": 321392.71, "Plan Rows": 4837973, "Plan Width": 8, "Plans": [{"Node Type": "Seq Scan", "Parent Relationship": "Outer", "Parallel Aware": true, "Relation Name": "orders", "Alias": "orders", "Startup Cost": 0.0, "Total Cost": 321392.71, "Plan Rows": 4837973, "Plan Width": 8, "Filter": "((o_comment)::text !~~ '%express%deposits%'::text)"}]}]}]}]}]}]}]}]}]}}, {"Plan": {"Node Type": "Limit", "Parallel Aware": false, "Startup Cost": 1701498.4, "Total Cost": 1701498.4, "Plan Rows": 1, "Plan Width": 16, "Plans": [{"Node Type": "Sort", "Parent Relationship": "Outer", "Parallel Aware": false, "Startup Cost": 1701498.4, "Total Cost": 1701498.9, "Plan Rows": 200, "Plan Width": 16, "Sort Key": ["(count(*)) DESC", "(count(orders.o_orderkey)) DESC"], "Plans": [{"Node Type": "Aggregate", "Strategy": "Hashed", "Partial Mode": "Simple", "Parent Relationship": "Outer", "Parallel Aware": false, "Startup Cost": 1701495.4, "Total Cost": 1701497.4, "Plan Rows": 200, "Plan Width": 16, "Group Key": ["count(orders.o_orderkey)"], "Plans": [{"Node Type": "Aggregate", "Strategy": "Sorted", "Partial Mode": "Finalize", "Parent Relationship": "Outer", "Parallel Aware": false, "Startup Cost": 1061460.6, "Total Cost": 1678995.4, "Plan Rows": 1500000, "Plan Width": 12, "Group Key": ["customer.c_custkey"], "Plans": [{"Node Type": "Gather Merge", "Parent Relationship": "Outer", "Parallel Aware": false, "Startup Cost": 1061460.6, "Total Cost": 1641495.4, "Plan Rows": 4500000, "Plan Width": 12, "Workers Planned": 3, "Plans": [{"Node Type": "Aggregate", "Strategy": "Sorted", "Partial Mode": "Partial", "Parent Relationship": "Outer", "Parallel Aware": false, "Startup Cost": 1060460.56, "Total Cost": 1111745.36, "Plan Rows": 1500000, "Plan Width": 12, "Group Key": ["customer.c_custkey"], "Plans": [{"Node Type": "Sort", "Parent Relationship": "Outer", "Parallel Aware": false, "Startup Cost": 1060460.56, "Total Cost": 1072555.5, "Plan Rows": 4837973, "Plan Width": 8, "Sort Key": ["customer.c_custkey"], "Plans": [{"Node Type": "Hash Join", "Parent Relationship": "Outer", "Parallel Aware": true, "Join Type": "Left", "Startup Cost": 400766.38, "Total Cost": 484558.17, "Plan Rows": 4837973, "Plan Width": 8, "Inner Unique": false, "Hash Cond": "(customer.c_custkey = orders.o_custkey)", "Plans": [{"Node Type": "Seq Scan", "Parent Relationship": "Outer", "Parallel Aware": true, "Relation Name": "customer", "Alias": "customer", "Startup Cost": 0.0, "Total Cost": 40665.71, "Plan Rows": 483871, "Plan Width": 4}, {"Node Type": "Hash", "Parent Relationship": "Inner", "Parallel Aware": true, "Startup Cost": 321392.71, "Total Cost": 321392.71, "Plan Rows": 4837973, "Plan Width": 8, "Plans": [{"Node Type": "Seq Scan", "Parent Relationship": "Outer", "Parallel Aware": true, "Relation Name": "orders", "Alias": "orders", "Startup Cost": 0.0, "Total Cost": 321392.71, "Plan Rows": 4837973, "Plan Width": 8, "Filter": "((o_comment)::text !~~ '%express%deposits%'::text)"}]}]}]}]}]}]}]}]}]}}, {"Plan": {"Node Type": "Limit", "Parallel Aware": false, "Startup Cost": 1701498.4, "Total Cost": 1701498.4, "Plan Rows": 1, "Plan Width": 16, "Plans": [{"Node Type": "Sort", "Parent Relationship": "Outer", "Parallel Aware": false, "Startup Cost": 1701498.4, "Total Cost": 1701498.9, "Plan Rows": 200, "Plan Width": 16, "Sort Key": ["(count(*)) DESC", "(count(orders.o_orderkey)) DESC"], "Plans": [{"Node Type": "Aggregate", "Strategy": "Hashed", "Partial Mode": "Simple", "Parent Relationship": "Outer", "Parallel Aware": false, "Startup Cost": 1701495.4, "Total Cost": 1701497.4, "Plan Rows": 200, "Plan Width": 16, "Group Key": ["count(orders.o_orderkey)"], "Plans": [{"Node Type": "Aggregate", "Strategy": "Sorted", "Partial Mode": "Finalize", "Parent Relationship": "Outer", "Parallel Aware": false, "Startup Cost": 1061460.6, "Total Cost": 1678995.4, "Plan Rows": 1500000, "Plan Width": 12, "Group Key": ["customer.c_custkey"], "Plans": [{"Node Type": "Gather Merge", "Parent Relationship": "Outer", "Parallel Aware": false, "Startup Cost": 1061460.6, "Total Cost": 1641495.4, "Plan Rows": 4500000, "Plan Width": 12, "Workers Planned": 3, "Plans": [{"Node Type": "Aggregate", "Strategy": "Sorted", "Partial Mode": "Partial", "Parent Relationship": "Outer", "Parallel Aware": false, "Startup Cost": 1060460.56, "Total Cost": 1111745.36, "Plan Rows": 1500000, "Plan Width": 12, "Group Key": ["customer.c_custkey"], "Plans": [{"Node Type": "Sort", "Parent Relationship": "Outer", "Parallel Aware": false, "Startup Cost": 1060460.56, "Total Cost": 1072555.5, "Plan Rows": 4837973, "Plan Width": 8, "Sort Key": ["customer.c_custkey"], "Plans": [{"Node Type": "Hash Join", "Parent Relationship": "Outer", "Parallel Aware": true, "Join Type": "Left", "Startup Cost": 400766.38, "Total Cost": 484558.17, "Plan Rows": 4837973, "Plan Width": 8, "Inner Unique": false, "Hash Cond": "(customer.c_custkey = orders.o_custkey)", "Plans": [{"Node Type": "Seq Scan", "Parent Relationship": "Outer", "Parallel Aware": true, "Relation Name": "customer", "Alias": "customer", "Startup Cost": 0.0, "Total Cost": 40665.71, "Plan Rows": 483871, "Plan Width": 4}, {"Node Type": "Hash", "Parent Relationship": "Inner", "Parallel Aware": true, "Startup Cost": 321392.71, "Total Cost": 321392.71, "Plan Rows": 4837973, "Plan Width": 8, "Plans": [{"Node Type": "Seq Scan", "Parent Relationship": "Outer", "Parallel Aware": true, "Relation Name": "orders", "Alias": "orders", "Startup Cost": 0.0, "Total Cost": 321392.71, "Plan Rows": 4837973, "Plan Width": 8, "Filter": "((o_comment)::text !~~ '%express%deposits%'::text)"}]}]}]}]}]}]}]}]}]}}, {"Plan": {"Node Type": "Limit", "Parallel Aware": false, "Startup Cost": 961360.5, "Total Cost": 961360.51, "Plan Rows": 1, "Plan Width": 16, "Plans": [{"Node Type": "Sort", "Parent Relationship": "Outer", "Parallel Aware": false, "Startup Cost": 961360.5, "Total Cost": 961361.0, "Plan Rows": 200, "Plan Width": 16, "Sort Key": ["(count(*)) DESC", "(count(orders.o_orderkey)) DESC"], "Plans": [{"Node Type": "Aggregate", "Strategy": "Hashed", "Partial Mode": "Simple", "Parent Relationship": "Outer", "Parallel Aware": false, "Startup Cost": 961357.5, "Total Cost": 961359.5, "Plan Rows": 200, "Plan Width": 16, "Group Key": ["count(orders.o_orderkey)"], "Plans": [{"Node Type": "Aggregate", "Strategy": "Sorted", "Partial Mode": "Simple", "Parent Relationship": "Outer", "Parallel Aware": false, "Startup Cost": 4.87, "Total Cost": 938857.5, "Plan Rows": 1500000, "Plan Width": 12, "Group Key": ["customer.c_custkey"], "Plans": [{"Node Type": "Merge Join", "Parent Relationship": "Outer", "Parallel Aware": false, "Join Type": "Left", "Startup Cost": 4.87, "Total Cost": 848868.92, "Plan Rows": 14997717, "Plan Width": 8, "Inner Unique": false, "Merge Cond": "(customer.c_custkey = orders.o_custkey)", "Plans": [{"Node Type": "Index Only Scan", "Parent Relationship": "Outer", "Parallel Aware": false, "Scan Direction": "Forward", "Index Name": "customer_pkey", "Relation Name": "customer", "Alias": "customer", "Startup Cost": 0.43, "Total Cost": 62855.13, "Plan Rows": 1500000, "Plan Width": 4}, {"Node Type": "Index Scan", "Parent Relationship": "Inner", "Parallel Aware": false, "Scan Direction": "Forward", "Index Name": "idx_orders_custkey", "Relation Name": "orders", "Alias": "orders", "Startup Cost": 0.43, "Total Cost": 594792.33, "Plan Rows": 14997717, "Plan Width": 8, "Filter": "((o_comment)::text !~~ '%express%deposits%'::text)"}]}]}]}]}]}}, {"Plan": {"Node Type": "Limit", "Parallel Aware": false, "Startup Cost": 961360.5, "Total Cost": 961360.51, "Plan Rows": 1, "Plan Width": 16, "Plans": [{"Node Type": "Sort", "Parent Relationship": "Outer", "Parallel Aware": false, "Startup Cost": 961360.5, "Total Cost": 961361.0, "Plan Rows": 200, "Plan Width": 16, "Sort Key": ["(count(*)) DESC", "(count(orders.o_orderkey)) DESC"], "Plans": [{"Node Type": "Aggregate", "Strategy": "Hashed", "Partial Mode": "Simple", "Parent Relationship": "Outer", "Parallel Aware": false, "Startup Cost": 961357.5, "Total Cost": 961359.5, "Plan Rows": 200, "Plan Width": 16, "Group Key": ["count(orders.o_orderkey)"], "Plans": [{"Node Type": "Aggregate", "Strategy": "Sorted", "Partial Mode": "Simple", "Parent Relationship": "Outer", "Parallel Aware": false, "Startup Cost": 4.87, "Total Cost": 938857.5, "Plan Rows": 1500000, "Plan Width": 12, "Group Key": ["customer.c_custkey"], "Plans": [{"Node Type": "Merge Join", "Parent Relationship": "Outer", "Parallel Aware": false, "Join Type": "Left", "Startup Cost": 4.87, "Total Cost": 848868.92, "Plan Rows": 14997717, "Plan Width": 8, "Inner Unique": false, "Merge Cond": "(customer.c_custkey = orders.o_custkey)", "Plans": [{"Node Type": "Index Only Scan", "Parent Relationship": "Outer", "Parallel Aware": false, "Scan Direction": "Forward", "Index Name": "customer_pkey", "Relation Name": "customer", "Alias": "customer", "Startup Cost": 0.43, "Total Cost": 62855.13, "Plan Rows": 1500000, "Plan Width": 4}, {"Node Type": "Index Scan", "Parent Relationship": "Inner", "Parallel Aware": false, "Scan Direction": "Forward", "Index Name": "idx_orders_custkey", "Relation Name": "orders", "Alias": "orders", "Startup Cost": 0.43, "Total Cost": 594792.33, "Plan Rows": 14997717, "Plan Width": 8, "Filter": "((o_comment)::text !~~ '%express%deposits%'::text)"}]}]}]}]}]}}, {"Plan": {"Node Type": "Limit", "Parallel Aware": false, "Startup Cost": 961360.5, "Total Cost": 961360.51, "Plan Rows": 1, "Plan Width": 16, "Plans": [{"Node Type": "Sort", "Parent Relationship": "Outer", "Parallel Aware": false, "Startup Cost": 961360.5, "Total Cost": 961361.0, "Plan Rows": 200, "Plan Width": 16, "Sort Key": ["(count(*)) DESC", "(count(orders.o_orderkey)) DESC"], "Plans": [{"Node Type": "Aggregate", "Strategy": "Hashed", "Partial Mode": "Simple", "Parent Relationship": "Outer", "Parallel Aware": false, "Startup Cost": 961357.5, "Total Cost": 961359.5, "Plan Rows": 200, "Plan Width": 16, "Group Key": ["count(orders.o_orderkey)"], "Plans": [{"Node Type": "Aggregate", "Strategy": "Sorted", "Partial Mode": "Simple", "Parent Relationship": "Outer", "Parallel Aware": false, "Startup Cost": 4.87, "Total Cost": 938857.5, "Plan Rows": 1500000, "Plan Width": 12, "Group Key": ["customer.c_custkey"], "Plans": [{"Node Type": "Merge Join", "Parent Relationship": "Outer", "Parallel Aware": false, "Join Type": "Left", "Startup Cost": 4.87, "Total Cost": 848868.92, "Plan Rows": 14997717, "Plan Width": 8, "Inner Unique": false, "Merge Cond": "(customer.c_custkey = orders.o_custkey)", "Plans": [{"Node Type": "Index Only Scan", "Parent Relationship": "Outer", "Parallel Aware": false, "Scan Direction": "Forward", "Index Name": "customer_pkey", "Relation Name": "customer", "Alias": "customer", "Startup Cost": 0.43, "Total Cost": 62855.13, "Plan Rows": 1500000, "Plan Width": 4}, {"Node Type": "Index Scan", "Parent Relationship": "Inner", "Parallel Aware": false, "Scan Direction": "Forward", "Index Name": "idx_orders_custkey", "Relation Name": "orders", "Alias": "orders", "Startup Cost": 0.43, "Total Cost": 594792.33, "Plan Rows": 14997717, "Plan Width": 8, "Filter": "((o_comment)::text !~~ '%express%deposits%'::text)"}]}]}]}]}]}}, {"Plan": {"Node Type": "Limit", "Parallel Aware": false, "Startup Cost": 961360.5, "Total Cost": 961360.51, "Plan Rows": 1, "Plan Width": 16, "Plans": [{"Node Type": "Sort", "Parent Relationship": "Outer", "Parallel Aware": false, "Startup Cost": 961360.5, "Total Cost": 961361.0, "Plan Rows": 200, "Plan Width": 16, "Sort Key": ["(count(*)) DESC", "(count(orders.o_orderkey)) DESC"], "Plans": [{"Node Type": "Aggregate", "Strategy": "Hashed", "Partial Mode": "Simple", "Parent Relationship": "Outer", "Parallel Aware": false, "Startup Cost": 961357.5, "Total Cost": 961359.5, "Plan Rows": 200, "Plan Width": 16, "Group Key": ["count(orders.o_orderkey)"], "Plans": [{"Node Type": "Aggregate", "Strategy": "Sorted", "Partial Mode": "Simple", "Parent Relationship": "Outer", "Parallel Aware": false, "Startup Cost": 4.87, "Total Cost": 938857.5, "Plan Rows": 1500000, "Plan Width": 12, "Group Key": ["customer.c_custkey"], "Plans": [{"Node Type": "Merge Join", "Parent Relationship": "Outer", "Parallel Aware": false, "Join Type": "Left", "Startup Cost": 4.87, "Total Cost": 848868.92, "Plan Rows": 14997717, "Plan Width": 8, "Inner Unique": false, "Merge Cond": "(customer.c_custkey = orders.o_custkey)", "Plans": [{"Node Type": "Index Only Scan", "Parent Relationship": "Outer", "Parallel Aware": false, "Scan Direction": "Forward", "Index Name": "customer_pkey", "Relation Name": "customer", "Alias": "customer", "Startup Cost": 0.43, "Total Cost": 62855.13, "Plan Rows": 1500000, "Plan Width": 4}, {"Node Type": "Index Scan", "Parent Relationship": "Inner", "Parallel Aware": false, "Scan Direction": "Forward", "Index Name": "idx_orders_custkey", "Relation Name": "orders", "Alias": "orders", "Startup Cost": 0.43, "Total Cost": 594792.33, "Plan Rows": 14997717, "Plan Width": 8, "Filter": "((o_comment)::text !~~ '%express%deposits%'::text)"}]}]}]}]}]}}, {"Plan": {"Node Type": "Limit", "Parallel Aware": false, "Startup Cost": 1260606.33, "Total Cost": 1260606.33, "Plan Rows": 1, "Plan Width": 16, "Plans": [{"Node Type": "Sort", "Parent Relationship": "Outer", "Parallel Aware": false, "Startup Cost": 1260606.33, "Total Cost": 1260606.83, "Plan Rows": 200, "Plan Width": 16, "Sort Key": ["(count(*)) DESC", "(count(orders.o_orderkey)) DESC"], "Plans": [{"Node Type": "Aggregate", "Strategy": "Hashed", "Partial Mode": "Simple", "Parent Relationship": "Outer", "Parallel Aware": false, "Startup Cost": 1260603.33, "Total Cost": 1260605.33, "Plan Rows": 200, "Plan Width": 16, "Group Key": ["count(orders.o_orderkey)"], "Plans": [{"Node Type": "Aggregate", "Strategy": "Sorted", "Partial Mode": "Finalize", "Parent Relationship": "Outer", "Parallel Aware": false, "Startup Cost": 1000.9, "Total Cost": 1238103.33, "Plan Rows": 1500000, "Plan Width": 12, "Group Key": ["customer.c_custkey"], "Plans": [{"Node Type": "Gather Merge", "Parent Relationship": "Outer", "Parallel Aware": false, "Startup Cost": 1000.9, "Total Cost": 1200603.33, "Plan Rows": 4500000, "Plan Width": 12, "Workers Planned": 3, "Plans": [{"Node Type": "Aggregate", "Strategy": "Sorted", "Partial Mode": "Partial", "Parent Relationship": "Outer", "Parallel Aware": false, "Startup Cost": 0.86, "Total Cost": 670853.29, "Plan Rows": 1500000, "Plan Width": 12, "Group Key": ["customer.c_custkey"], "Plans": [{"Node Type": "Nested Loop", "Parent Relationship": "Outer", "Parallel Aware": false, "Join Type": "Left", "Startup Cost": 0.86, "Total Cost": 631663.42, "Plan Rows": 4837973, "Plan Width": 8, "Inner Unique": false, "Plans": [{"Node Type": "Index Only Scan", "Parent Relationship": "Outer", "Parallel Aware": true, "Scan Direction": "Forward", "Index Name": "customer_pkey", "Relation Name": "customer", "Alias": "customer", "Startup Cost": 0.43, "Total Cost": 52693.84, "Plan Rows": 483871, "Plan Width": 4}, {"Node Type": "Index Scan", "Parent Relationship": "Inner", "Parallel Aware": false, "Scan Direction": "Forward", "Index Name": "idx_orders_custkey", "Relation Name": "orders", "Alias": "orders", "Startup Cost": 0.43, "Total Cost": 1.02, "Plan Rows": 18, "Plan Width": 8, "Index Cond": "(o_custkey = customer.c_custkey)", "Filter": "((o_comment)::text !~~ '%express%deposits%'::text)"}]}]}]}]}]}]}]}}, {"Plan": {"Node Type": "Limit", "Parallel Aware": false, "Startup Cost": 1260606.33, "Total Cost": 1260606.33, "Plan Rows": 1, "Plan Width": 16, "Plans": [{"Node Type": "Sort", "Parent Relationship": "Outer", "Parallel Aware": false, "Startup Cost": 1260606.33, "Total Cost": 1260606.83, "Plan Rows": 200, "Plan Width": 16, "Sort Key": ["(count(*)) DESC", "(count(orders.o_orderkey)) DESC"], "Plans": [{"Node Type": "Aggregate", "Strategy": "Hashed", "Partial Mode": "Simple", "Parent Relationship": "Outer", "Parallel Aware": false, "Startup Cost": 1260603.33, "Total Cost": 1260605.33, "Plan Rows": 200, "Plan Width": 16, "Group Key": ["count(orders.o_orderkey)"], "Plans": [{"Node Type": "Aggregate", "Strategy": "Sorted", "Partial Mode": "Finalize", "Parent Relationship": "Outer", "Parallel Aware": false, "Startup Cost": 1000.9, "Total Cost": 1238103.33, "Plan Rows": 1500000, "Plan Width": 12, "Group Key": ["customer.c_custkey"], "Plans": [{"Node Type": "Gather Merge", "Parent Relationship": "Outer", "Parallel Aware": false, "Startup Cost": 1000.9, "Total Cost": 1200603.33, "Plan Rows": 4500000, "Plan Width": 12, "Workers Planned": 3, "Plans": [{"Node Type": "Aggregate", "Strategy": "Sorted", "Partial Mode": "Partial", "Parent Relationship": "Outer", "Parallel Aware": false, "Startup Cost": 0.86, "Total Cost": 670853.29, "Plan Rows": 1500000, "Plan Width": 12, "Group Key": ["customer.c_custkey"], "Plans": [{"Node Type": "Nested Loop", "Parent Relationship": "Outer", "Parallel Aware": false, "Join Type": "Left", "Startup Cost": 0.86, "Total Cost": 631663.42, "Plan Rows": 4837973, "Plan Width": 8, "Inner Unique": false, "Plans": [{"Node Type": "Index Only Scan", "Parent Relationship": "Outer", "Parallel Aware": true, "Scan Direction": "Forward", "Index Name": "customer_pkey", "Relation Name": "customer", "Alias": "customer", "Startup Cost": 0.43, "Total Cost": 52693.84, "Plan Rows": 483871, "Plan Width": 4}, {"Node Type": "Index Scan", "Parent Relationship": "Inner", "Parallel Aware": false, "Scan Direction": "Forward", "Index Name": "idx_orders_custkey", "Relation Name": "orders", "Alias": "orders", "Startup Cost": 0.43, "Total Cost": 1.02, "Plan Rows": 18, "Plan Width": 8, "Index Cond": "(o_custkey = customer.c_custkey)", "Filter": "((o_comment)::text !~~ '%express%deposits%'::text)"}]}]}]}]}]}]}]}}, {"Plan": {"Node Type": "Limit", "Parallel Aware": false, "Startup Cost": 20001130997.49, "Total Cost": 20001130997.49, "Plan Rows": 1, "Plan Width": 16, "Plans": [{"Node Type": "Sort", "Parent Relationship": "Outer", "Parallel Aware": false, "Startup Cost": 20001130997.49, "Total Cost": 20001130997.99, "Plan Rows": 200, "Plan Width": 16, "Sort Key": ["(count(*)) DESC", "c_orders.c_count DESC"], "Plans": [{"Node Type": "Aggregate", "Strategy": "Sorted", "Partial Mode": "Simple", "Parent Relationship": "Outer", "Parallel Aware": false, "Startup Cost": 20001119744.49, "Total Cost": 20001130996.49, "Plan Rows": 200, "Plan Width": 16, "Group Key": ["c_orders.c_count"], "Plans": [{"Node Type": "Sort", "Parent Relationship": "Outer", "Parallel Aware": false, "Startup Cost": 20001119744.49, "Total Cost": 20001123494.49, "Plan Rows": 1500000, "Plan Width": 8, "Sort Key": ["c_orders.c_count DESC"], "Plans": [{"Node Type": "Subquery Scan", "Parent Relationship": "Outer", "Parallel Aware": false, "Alias": "c_orders", "Startup Cost": 20000000004.87, "Total Cost": 20000953857.5, "Plan Rows": 1500000, "Plan Width": 8, "Plans": [{"Node Type": "Aggregate", "Strategy": "Sorted", "Partial Mode": "Simple", "Parent Relationship": "Subquery", "Parallel Aware": false, "Startup Cost": 20000000004.87, "Total Cost": 20000938857.5, "Plan Rows": 1500000, "Plan Width": 12, "Group Key": ["customer.c_custkey"], "Plans": [{"Node Type": "Merge Join", "Parent Relationship": "Outer", "Parallel Aware": false, "Join Type": "Left", "Startup Cost": 20000000004.87, "Total Cost": 20000848868.92, "Plan Rows": 14997717, "Plan Width": 8, "Inner Unique": false, "Merge Cond": "(customer.c_custkey = orders.o_custkey)", "Plans": [{"Node Type": "Index Only Scan", "Parent Relationship": "Outer", "Parallel Aware": false, "Scan Direction": "Forward", "Index Name": "customer_pkey", "Relation Name": "customer", "Alias": "customer", "Startup Cost": 10000000000.43, "Total Cost": 10000062855.13, "Plan Rows": 1500000, "Plan Width": 4}, {"Node Type": "Index Scan", "Parent Relationship": "Inner", "Parallel Aware": false, "Scan Direction": "Forward", "Index Name": "idx_orders_custkey", "Relation Name": "orders", "Alias": "orders", "Startup Cost": 10000000000.43, "Total Cost": 10000594792.33, "Plan Rows": 14997717, "Plan Width": 8, "Filter": "((o_comment)::text !~~ '%express%deposits%'::text)"}]}]}]}]}]}]}]}}, {"Plan": {"Node Type": "Limit", "Parallel Aware": false, "Startup Cost": 10003577036.1, "Total Cost": 10003577036.1, "Plan Rows": 1, "Plan Width": 16, "Plans": [{"Node Type": "Sort", "Parent Relationship": "Outer", "Parallel Aware": false, "Startup Cost": 10003577036.1, "Total Cost": 10003577036.6, "Plan Rows": 200, "Plan Width": 16, "Sort Key": ["(count(*)) DESC", "c_orders.c_count DESC"], "Plans": [{"Node Type": "Aggregate", "Strategy": "Sorted", "Partial Mode": "Simple", "Parent Relationship": "Outer", "Parallel Aware": false, "Startup Cost": 10003565783.1, "Total Cost": 10003577035.1, "Plan Rows": 200, "Plan Width": 16, "Group Key": ["c_orders.c_count"], "Plans": [{"Node Type": "Sort", "Parent Relationship": "Outer", "Parallel Aware": false, "Startup Cost": 10003565783.1, "Total Cost": 10003569533.1, "Plan Rows": 1500000, "Plan Width": 8, "Sort Key": ["c_orders.c_count DESC"], "Plans": [{"Node Type": "Subquery Scan", "Parent Relationship": "Outer", "Parallel Aware": false, "Alias": "c_orders", "Startup Cost": 10000000001.03, "Total Cost": 10003399896.11, "Plan Rows": 1500000, "Plan Width": 8, "Plans": [{"Node Type": "Aggregate", "Strategy": "Sorted", "Partial Mode": "Simple", "Parent Relationship": "Subquery", "Parallel Aware": false, "Startup Cost": 10000000001.03, "Total Cost": 10003384896.11, "Plan Rows": 1500000, "Plan Width": 12, "Group Key": ["customer.c_custkey"], "Plans": [{"Node Type": "Nested Loop", "Parent Relationship": "Outer", "Parallel Aware": false, "Join Type": "Left", "Startup Cost": 10000000001.03, "Total Cost": 10003294907.53, "Plan Rows": 14997717, "Plan Width": 8, "Inner Unique": false, "Plans": [{"Node Type": "Index Only Scan", "Parent Relationship": "Outer", "Parallel Aware": false, "Scan Direction": "Forward", "Index Name": "customer_pkey", "Relation Name": "customer", "Alias": "customer", "Startup Cost": 10000000000.43, "Total Cost": 10000062855.13, "Plan Rows": 1500000, "Plan Width": 4}, {"Node Type": "Bitmap Heap Scan", "Parent Relationship": "Inner", "Parallel Aware": false, "Relation Name": "orders", "Alias": "orders", "Startup Cost": 0.6, "Total Cost": 1.97, "Plan Rows": 18, "Plan Width": 8, "Recheck Cond": "(customer.c_custkey = o_custkey)", "Filter": "((o_comment)::text !~~ '%express%deposits%'::text)", "Plans": [{"Node Type": "Bitmap Index Scan", "Parent Relationship": "Outer", "Parallel Aware": false, "Index Name": "idx_orders_custkey", "Startup Cost": 0.0, "Total Cost": 0.6, "Plan Rows": 18, "Plan Width": 0, "Index Cond": "(o_custkey = customer.c_custkey)"}]}]}]}]}]}]}]}]}}, {"Plan": {"Node Type": "Limit", "Parallel Aware": false, "Startup Cost": 2300203.56, "Total Cost": 2300203.57, "Plan Rows": 1, "Plan Width": 16, "Plans": [{"Node Type": "Sort", "Parent Relationship": "Outer", "Parallel Aware": false, "Startup Cost": 2300203.56, "Total Cost": 2300204.06, "Plan Rows": 200, "Plan Width": 16, "Sort Key": ["(count(*)) DESC", "(count(orders.o_orderkey)) DESC"], "Plans": [{"Node Type": "Aggregate", "Strategy": "Hashed", "Partial Mode": "Simple", "Parent Relationship": "Outer", "Parallel Aware": false, "Startup Cost": 2300200.56, "Total Cost": 2300202.56, "Plan Rows": 200, "Plan Width": 16, "Group Key": ["count(orders.o_orderkey)"], "Plans": [{"Node Type": "Aggregate", "Strategy": "Sorted", "Partial Mode": "Finalize", "Parent Relationship": "Outer", "Parallel Aware": false, "Startup Cost": 1660165.77, "Total Cost": 2277700.56, "Plan Rows": 1500000, "Plan Width": 12, "Group Key": ["customer.c_custkey"], "Plans": [{"Node Type": "Gather Merge", "Parent Relationship": "Outer", "Parallel Aware": false, "Startup Cost": 1660165.77, "Total Cost": 2240200.56, "Plan Rows": 4500000, "Plan Width": 12, "Workers Planned": 3, "Plans": [{"Node Type": "Aggregate", "Strategy": "Sorted", "Partial Mode": "Partial", "Parent Relationship": "Outer", "Parallel Aware": false, "Startup Cost": 1659165.73, "Total Cost": 1710450.52, "Plan Rows": 1500000, "Plan Width": 12, "Group Key": ["customer.c_custkey"], "Plans": [{"Node Type": "Sort", "Parent Relationship": "Outer", "Parallel Aware": false, "Startup Cost": 1659165.73, "Total Cost": 1671260.66, "Plan Rows": 4837973, "Plan Width": 8, "Sort Key": ["customer.c_custkey"], "Plans": [{"Node Type": "Nested Loop", "Parent Relationship": "Outer", "Parallel Aware": false, "Join Type": "Left", "Startup Cost": 0.6, "Total Cost": 1083263.33, "Plan Rows": 4837973, "Plan Width": 8, "Inner Unique": false, "Plans": [{"Node Type": "Seq Scan", "Parent Relationship": "Outer", "Parallel Aware": true, "Relation Name": "customer", "Alias": "customer", "Startup Cost": 0.0, "Total Cost": 40665.71, "Plan Rows": 483871, "Plan Width": 4}, {"Node Type": "Bitmap Heap Scan", "Parent Relationship": "Inner", "Parallel Aware": false, "Relation Name": "orders", "Alias": "orders", "Startup Cost": 0.6, "Total Cost": 1.97, "Plan Rows": 18, "Plan Width": 8, "Recheck Cond": "(customer.c_custkey = o_custkey)", "Filter": "((o_comment)::text !~~ '%express%deposits%'::text)", "Plans": [{"Node Type": "Bitmap Index Scan", "Parent Relationship": "Outer", "Parallel Aware": false, "Index Name": "idx_orders_custkey", "Startup Cost": 0.0, "Total Cost": 0.6, "Plan Rows": 18, "Plan Width": 0, "Index Cond": "(o_custkey = customer.c_custkey)"}]}]}]}]}]}]}]}]}]}}, {"Plan": {"Node Type": "Limit", "Parallel Aware": false, "Startup Cost": 2955262.93, "Total Cost": 2955262.93, "Plan Rows": 1, "Plan Width": 16, "Plans": [{"Node Type": "Sort", "Parent Relationship": "Outer", "Parallel Aware": false, "Startup Cost": 2955262.93, "Total Cost": 2955263.43, "Plan Rows": 200, "Plan Width": 16, "Sort Key": ["(count(*)) DESC", "(count(orders.o_orderkey)) DESC"], "Plans": [{"Node Type": "Aggregate", "Strategy": "Hashed", "Partial Mode": "Simple", "Parent Relationship": "Outer", "Parallel Aware": false, "Startup Cost": 2955259.93, "Total Cost": 2955261.93, "Plan Rows": 200, "Plan Width": 16, "Group Key": ["count(orders.o_orderkey)"], "Plans": [{"Node Type": "Aggregate", "Strategy": "Sorted", "Partial Mode": "Simple", "Parent Relationship": "Outer", "Parallel Aware": false, "Startup Cost": 2572811.77, "Total Cost": 2932759.93, "Plan Rows": 1500000, "Plan Width": 12, "Group Key": ["customer.c_custkey"], "Plans": [{"Node Type": "Merge Join", "Parent Relationship": "Outer", "Parallel Aware": false, "Join Type": "Left", "Startup Cost": 2572811.77, "Total Cost": 2842771.35, "Plan Rows": 14997717, "Plan Width": 8, "Inner Unique": false, "Merge Cond": "(customer.c_custkey = orders.o_custkey)", "Plans": [{"Node Type": "Sort", "Parent Relationship": "Outer", "Parallel Aware": false, "Startup Cost": 216713.98, "Total Cost": 220463.98, "Plan Rows": 1500000, "Plan Width": 4, "Sort Key": ["customer.c_custkey"], "Plans": [{"Node Type": "Seq Scan", "Parent Relationship": "Outer", "Parallel Aware": false, "Relation Name": "customer", "Alias": "customer", "Startup Cost": 0.0, "Total Cost": 50827.0, "Plan Rows": 1500000, "Plan Width": 4}]}, {"Node Type": "Materialize", "Parent Relationship": "Inner", "Parallel Aware": false, "Startup Cost": 2356097.32, "Total Cost": 2431085.9, "Plan Rows": 14997717, "Plan Width": 8, "Plans": [{"Node Type": "Sort", "Parent Relationship": "Outer", "Parallel Aware": false, "Startup Cost": 2356097.32, "Total Cost": 2393591.61, "Plan Rows": 14997717, "Plan Width": 8, "Sort Key": ["orders.o_custkey"], "Plans": [{"Node Type": "Seq Scan", "Parent Relationship": "Outer", "Parallel Aware": false, "Relation Name": "orders", "Alias": "orders", "Startup Cost": 0.0, "Total Cost": 448402.21, "Plan Rows": 14997717, "Plan Width": 8, "Filter": "((o_comment)::text !~~ '%express%deposits%'::text)"}]}]}]}]}]}]}]}}, {"Plan": {"Node Type": "Limit", "Parallel Aware": false, "Startup Cost": 10003577036.1, "Total Cost": 10003577036.1, "Plan Rows": 1, "Plan Width": 16, "Plans": [{"Node Type": "Sort", "Parent Relationship": "Outer", "Parallel Aware": false, "Startup Cost": 10003577036.1, "Total Cost": 10003577036.6, "Plan Rows": 200, "Plan Width": 16, "Sort Key": ["(count(*)) DESC", "c_orders.c_count DESC"], "Plans": [{"Node Type": "Aggregate", "Strategy": "Sorted", "Partial Mode": "Simple", "Parent Relationship": "Outer", "Parallel Aware": false, "Startup Cost": 10003565783.1, "Total Cost": 10003577035.1, "Plan Rows": 200, "Plan Width": 16, "Group Key": ["c_orders.c_count"], "Plans": [{"Node Type": "Sort", "Parent Relationship": "Outer", "Parallel Aware": false, "Startup Cost": 10003565783.1, "Total Cost": 10003569533.1, "Plan Rows": 1500000, "Plan Width": 8, "Sort Key": ["c_orders.c_count DESC"], "Plans": [{"Node Type": "Subquery Scan", "Parent Relationship": "Outer", "Parallel Aware": false, "Alias": "c_orders", "Startup Cost": 10000000001.03, "Total Cost": 10003399896.11, "Plan Rows": 1500000, "Plan Width": 8, "Plans": [{"Node Type": "Aggregate", "Strategy": "Sorted", "Partial Mode": "Simple", "Parent Relationship": "Subquery", "Parallel Aware": false, "Startup Cost": 10000000001.03, "Total Cost": 10003384896.11, "Plan Rows": 1500000, "Plan Width": 12, "Group Key": ["customer.c_custkey"], "Plans": [{"Node Type": "Nested Loop", "Parent Relationship": "Outer", "Parallel Aware": false, "Join Type": "Left", "Startup Cost": 10000000001.03, "Total Cost": 10003294907.53, "Plan Rows": 14997717, "Plan Width": 8, "Inner Unique": false, "Plans": [{"Node Type": "Index Only Scan", "Parent Relationship": "Outer", "Parallel Aware": false, "Scan Direction": "Forward", "Index Name": "customer_pkey", "Relation Name": "customer", "Alias": "customer", "Startup Cost": 10000000000.43, "Total Cost": 10000062855.13, "Plan Rows": 1500000, "Plan Width": 4}, {"Node Type": "Bitmap Heap Scan", "Parent Relationship": "Inner", "Parallel Aware": false, "Relation Name": "orders", "Alias": "orders", "Startup Cost": 0.6, "Total Cost": 1.97, "Plan Rows": 18, "Plan Width": 8, "Recheck Cond": "(customer.c_custkey = o_custkey)", "Filter": "((o_comment)::text !~~ '%express%deposits%'::text)", "Plans": [{"Node Type": "Bitmap Index Scan", "Parent Relationship": "Outer", "Parallel Aware": false, "Index Name": "idx_orders_custkey", "Startup Cost": 0.0, "Total Cost": 0.6, "Plan Rows": 18, "Plan Width": 0, "Index Cond": "(o_custkey = customer.c_custkey)"}]}]}]}]}]}]}]}]}}, {"Plan": {"Node Type": "Limit", "Parallel Aware": false, "Startup Cost": 2300203.56, "Total Cost": 2300203.57, "Plan Rows": 1, "Plan Width": 16, "Plans": [{"Node Type": "Sort", "Parent Relationship": "Outer", "Parallel Aware": false, "Startup Cost": 2300203.56, "Total Cost": 2300204.06, "Plan Rows": 200, "Plan Width": 16, "Sort Key": ["(count(*)) DESC", "(count(orders.o_orderkey)) DESC"], "Plans": [{"Node Type": "Aggregate", "Strategy": "Hashed", "Partial Mode": "Simple", "Parent Relationship": "Outer", "Parallel Aware": false, "Startup Cost": 2300200.56, "Total Cost": 2300202.56, "Plan Rows": 200, "Plan Width": 16, "Group Key": ["count(orders.o_orderkey)"], "Plans": [{"Node Type": "Aggregate", "Strategy": "Sorted", "Partial Mode": "Finalize", "Parent Relationship": "Outer", "Parallel Aware": false, "Startup Cost": 1660165.77, "Total Cost": 2277700.56, "Plan Rows": 1500000, "Plan Width": 12, "Group Key": ["customer.c_custkey"], "Plans": [{"Node Type": "Gather Merge", "Parent Relationship": "Outer", "Parallel Aware": false, "Startup Cost": 1660165.77, "Total Cost": 2240200.56, "Plan Rows": 4500000, "Plan Width": 12, "Workers Planned": 3, "Plans": [{"Node Type": "Aggregate", "Strategy": "Sorted", "Partial Mode": "Partial", "Parent Relationship": "Outer", "Parallel Aware": false, "Startup Cost": 1659165.73, "Total Cost": 1710450.52, "Plan Rows": 1500000, "Plan Width": 12, "Group Key": ["customer.c_custkey"], "Plans": [{"Node Type": "Sort", "Parent Relationship": "Outer", "Parallel Aware": false, "Startup Cost": 1659165.73, "Total Cost": 1671260.66, "Plan Rows": 4837973, "Plan Width": 8, "Sort Key": ["customer.c_custkey"], "Plans": [{"Node Type": "Nested Loop", "Parent Relationship": "Outer", "Parallel Aware": false, "Join Type": "Left", "Startup Cost": 0.6, "Total Cost": 1083263.33, "Plan Rows": 4837973, "Plan Width": 8, "Inner Unique": false, "Plans": [{"Node Type": "Seq Scan", "Parent Relationship": "Outer", "Parallel Aware": true, "Relation Name": "customer", "Alias": "customer", "Startup Cost": 0.0, "Total Cost": 40665.71, "Plan Rows": 483871, "Plan Width": 4}, {"Node Type": "Bitmap Heap Scan", "Parent Relationship": "Inner", "Parallel Aware": false, "Relation Name": "orders", "Alias": "orders", "Startup Cost": 0.6, "Total Cost": 1.97, "Plan Rows": 18, "Plan Width": 8, "Recheck Cond": "(customer.c_custkey = o_custkey)", "Filter": "((o_comment)::text !~~ '%express%deposits%'::text)", "Plans": [{"Node Type": "Bitmap Index Scan", "Parent Relationship": "Outer", "Parallel Aware": false, "Index Name": "idx_orders_custkey", "Startup Cost": 0.0, "Total Cost": 0.6, "Plan Rows": 18, "Plan Width": 0, "Index Cond": "(o_custkey = customer.c_custkey)"}]}]}]}]}]}]}]}]}]}}, {"Plan": {"Node Type": "Limit", "Parallel Aware": false, "Startup Cost": 961360.5, "Total Cost": 961360.51, "Plan Rows": 1, "Plan Width": 16, "Plans": [{"Node Type": "Sort", "Parent Relationship": "Outer", "Parallel Aware": false, "Startup Cost": 961360.5, "Total Cost": 961361.0, "Plan Rows": 200, "Plan Width": 16, "Sort Key": ["(count(*)) DESC", "(count(orders.o_orderkey)) DESC"], "Plans": [{"Node Type": "Aggregate", "Strategy": "Hashed", "Partial Mode": "Simple", "Parent Relationship": "Outer", "Parallel Aware": false, "Startup Cost": 961357.5, "Total Cost": 961359.5, "Plan Rows": 200, "Plan Width": 16, "Group Key": ["count(orders.o_orderkey)"], "Plans": [{"Node Type": "Aggregate", "Strategy": "Sorted", "Partial Mode": "Simple", "Parent Relationship": "Outer", "Parallel Aware": false, "Startup Cost": 4.87, "Total Cost": 938857.5, "Plan Rows": 1500000, "Plan Width": 12, "Group Key": ["customer.c_custkey"], "Plans": [{"Node Type": "Merge Join", "Parent Relationship": "Outer", "Parallel Aware": false, "Join Type": "Left", "Startup Cost": 4.87, "Total Cost": 848868.92, "Plan Rows": 14997717, "Plan Width": 8, "Inner Unique": false, "Merge Cond": "(customer.c_custkey = orders.o_custkey)", "Plans": [{"Node Type": "Index Scan", "Parent Relationship": "Outer", "Parallel Aware": false, "Scan Direction": "Forward", "Index Name": "customer_pkey", "Relation Name": "customer", "Alias": "customer", "Startup Cost": 0.43, "Total Cost": 62855.13, "Plan Rows": 1500000, "Plan Width": 4}, {"Node Type": "Index Scan", "Parent Relationship": "Inner", "Parallel Aware": false, "Scan Direction": "Forward", "Index Name": "idx_orders_custkey", "Relation Name": "orders", "Alias": "orders", "Startup Cost": 0.43, "Total Cost": 594792.33, "Plan Rows": 14997717, "Plan Width": 8, "Filter": "((o_comment)::text !~~ '%express%deposits%'::text)"}]}]}]}]}]}}, {"Plan": {"Node Type": "Limit", "Parallel Aware": false, "Startup Cost": 961360.5, "Total Cost": 961360.51, "Plan Rows": 1, "Plan Width": 16, "Plans": [{"Node Type": "Sort", "Parent Relationship": "Outer", "Parallel Aware": false, "Startup Cost": 961360.5, "Total Cost": 961361.0, "Plan Rows": 200, "Plan Width": 16, "Sort Key": ["(count(*)) DESC", "(count(orders.o_orderkey)) DESC"], "Plans": [{"Node Type": "Aggregate", "Strategy": "Hashed", "Partial Mode": "Simple", "Parent Relationship": "Outer", "Parallel Aware": false, "Startup Cost": 961357.5, "Total Cost": 961359.5, "Plan Rows": 200, "Plan Width": 16, "Group Key": ["count(orders.o_orderkey)"], "Plans": [{"Node Type": "Aggregate", "Strategy": "Sorted", "Partial Mode": "Simple", "Parent Relationship": "Outer", "Parallel Aware": false, "Startup Cost": 4.87, "Total Cost": 938857.5, "Plan Rows": 1500000, "Plan Width": 12, "Group Key": ["customer.c_custkey"], "Plans": [{"Node Type": "Merge Join", "Parent Relationship": "Outer", "Parallel Aware": false, "Join Type": "Left", "Startup Cost": 4.87, "Total Cost": 848868.92, "Plan Rows": 14997717, "Plan Width": 8, "Inner Unique": false, "Merge Cond": "(customer.c_custkey = orders.o_custkey)", "Plans": [{"Node Type": "Index Scan", "Parent Relationship": "Outer", "Parallel Aware": false, "Scan Direction": "Forward", "Index Name": "customer_pkey", "Relation Name": "customer", "Alias": "customer", "Startup Cost": 0.43, "Total Cost": 62855.13, "Plan Rows": 1500000, "Plan Width": 4}, {"Node Type": "Index Scan", "Parent Relationship": "Inner", "Parallel Aware": false, "Scan Direction": "Forward", "Index Name": "idx_orders_custkey", "Relation Name": "orders", "Alias": "orders", "Startup Cost": 0.43, "Total Cost": 594792.33, "Plan Rows": 14997717, "Plan Width": 8, "Filter": "((o_comment)::text !~~ '%express%deposits%'::text)"}]}]}]}]}]}}, {"Plan": {"Node Type": "Limit", "Parallel Aware": false, "Startup Cost": 961360.5, "Total Cost": 961360.51, "Plan Rows": 1, "Plan Width": 16, "Plans": [{"Node Type": "Sort", "Parent Relationship": "Outer", "Parallel Aware": false, "Startup Cost": 961360.5, "Total Cost": 961361.0, "Plan Rows": 200, "Plan Width": 16, "Sort Key": ["(count(*)) DESC", "(count(orders.o_orderkey)) DESC"], "Plans": [{"Node Type": "Aggregate", "Strategy": "Hashed", "Partial Mode": "Simple", "Parent Relationship": "Outer", "Parallel Aware": false, "Startup Cost": 961357.5, "Total Cost": 961359.5, "Plan Rows": 200, "Plan Width": 16, "Group Key": ["count(orders.o_orderkey)"], "Plans": [{"Node Type": "Aggregate", "Strategy": "Sorted", "Partial Mode": "Simple", "Parent Relationship": "Outer", "Parallel Aware": false, "Startup Cost": 4.87, "Total Cost": 938857.5, "Plan Rows": 1500000, "Plan Width": 12, "Group Key": ["customer.c_custkey"], "Plans": [{"Node Type": "Merge Join", "Parent Relationship": "Outer", "Parallel Aware": false, "Join Type": "Left", "Startup Cost": 4.87, "Total Cost": 848868.92, "Plan Rows": 14997717, "Plan Width": 8, "Inner Unique": false, "Merge Cond": "(customer.c_custkey = orders.o_custkey)", "Plans": [{"Node Type": "Index Scan", "Parent Relationship": "Outer", "Parallel Aware": false, "Scan Direction": "Forward", "Index Name": "customer_pkey", "Relation Name": "customer", "Alias": "customer", "Startup Cost": 0.43, "Total Cost": 62855.13, "Plan Rows": 1500000, "Plan Width": 4}, {"Node Type": "Index Scan", "Parent Relationship": "Inner", "Parallel Aware": false, "Scan Direction": "Forward", "Index Name": "idx_orders_custkey", "Relation Name": "orders", "Alias": "orders", "Startup Cost": 0.43, "Total Cost": 594792.33, "Plan Rows": 14997717, "Plan Width": 8, "Filter": "((o_comment)::text !~~ '%express%deposits%'::text)"}]}]}]}]}]}}, {"Plan": {"Node Type": "Limit", "Parallel Aware": false, "Startup Cost": 961360.5, "Total Cost": 961360.51, "Plan Rows": 1, "Plan Width": 16, "Plans": [{"Node Type": "Sort", "Parent Relationship": "Outer", "Parallel Aware": false, "Startup Cost": 961360.5, "Total Cost": 961361.0, "Plan Rows": 200, "Plan Width": 16, "Sort Key": ["(count(*)) DESC", "(count(orders.o_orderkey)) DESC"], "Plans": [{"Node Type": "Aggregate", "Strategy": "Hashed", "Partial Mode": "Simple", "Parent Relationship": "Outer", "Parallel Aware": false, "Startup Cost": 961357.5, "Total Cost": 961359.5, "Plan Rows": 200, "Plan Width": 16, "Group Key": ["count(orders.o_orderkey)"], "Plans": [{"Node Type": "Aggregate", "Strategy": "Sorted", "Partial Mode": "Simple", "Parent Relationship": "Outer", "Parallel Aware": false, "Startup Cost": 4.87, "Total Cost": 938857.5, "Plan Rows": 1500000, "Plan Width": 12, "Group Key": ["customer.c_custkey"], "Plans": [{"Node Type": "Merge Join", "Parent Relationship": "Outer", "Parallel Aware": false, "Join Type": "Left", "Startup Cost": 4.87, "Total Cost": 848868.92, "Plan Rows": 14997717, "Plan Width": 8, "Inner Unique": false, "Merge Cond": "(customer.c_custkey = orders.o_custkey)", "Plans": [{"Node Type": "Index Scan", "Parent Relationship": "Outer", "Parallel Aware": false, "Scan Direction": "Forward", "Index Name": "customer_pkey", "Relation Name": "customer", "Alias": "customer", "Startup Cost": 0.43, "Total Cost": 62855.13, "Plan Rows": 1500000, "Plan Width": 4}, {"Node Type": "Index Scan", "Parent Relationship": "Inner", "Parallel Aware": false, "Scan Direction": "Forward", "Index Name": "idx_orders_custkey", "Relation Name": "orders", "Alias": "orders", "Startup Cost": 0.43, "Total Cost": 594792.33, "Plan Rows": 14997717, "Plan Width": 8, "Filter": "((o_comment)::text !~~ '%express%deposits%'::text)"}]}]}]}]}]}}, {"Plan": {"Node Type": "Limit", "Parallel Aware": false, "Startup Cost": 1260606.33, "Total Cost": 1260606.33, "Plan Rows": 1, "Plan Width": 16, "Plans": [{"Node Type": "Sort", "Parent Relationship": "Outer", "Parallel Aware": false, "Startup Cost": 1260606.33, "Total Cost": 1260606.83, "Plan Rows": 200, "Plan Width": 16, "Sort Key": ["(count(*)) DESC", "(count(orders.o_orderkey)) DESC"], "Plans": [{"Node Type": "Aggregate", "Strategy": "Hashed", "Partial Mode": "Simple", "Parent Relationship": "Outer", "Parallel Aware": false, "Startup Cost": 1260603.33, "Total Cost": 1260605.33, "Plan Rows": 200, "Plan Width": 16, "Group Key": ["count(orders.o_orderkey)"], "Plans": [{"Node Type": "Aggregate", "Strategy": "Sorted", "Partial Mode": "Finalize", "Parent Relationship": "Outer", "Parallel Aware": false, "Startup Cost": 1000.9, "Total Cost": 1238103.33, "Plan Rows": 1500000, "Plan Width": 12, "Group Key": ["customer.c_custkey"], "Plans": [{"Node Type": "Gather Merge", "Parent Relationship": "Outer", "Parallel Aware": false, "Startup Cost": 1000.9, "Total Cost": 1200603.33, "Plan Rows": 4500000, "Plan Width": 12, "Workers Planned": 3, "Plans": [{"Node Type": "Aggregate", "Strategy": "Sorted", "Partial Mode": "Partial", "Parent Relationship": "Outer", "Parallel Aware": false, "Startup Cost": 0.86, "Total Cost": 670853.29, "Plan Rows": 1500000, "Plan Width": 12, "Group Key": ["customer.c_custkey"], "Plans": [{"Node Type": "Nested Loop", "Parent Relationship": "Outer", "Parallel Aware": false, "Join Type": "Left", "Startup Cost": 0.86, "Total Cost": 631663.42, "Plan Rows": 4837973, "Plan Width": 8, "Inner Unique": false, "Plans": [{"Node Type": "Index Scan", "Parent Relationship": "Outer", "Parallel Aware": true, "Scan Direction": "Forward", "Index Name": "customer_pkey", "Relation Name": "customer", "Alias": "customer", "Startup Cost": 0.43, "Total Cost": 52693.84, "Plan Rows": 483871, "Plan Width": 4}, {"Node Type": "Index Scan", "Parent Relationship": "Inner", "Parallel Aware": false, "Scan Direction": "Forward", "Index Name": "idx_orders_custkey", "Relation Name": "orders", "Alias": "orders", "Startup Cost": 0.43, "Total Cost": 1.02, "Plan Rows": 18, "Plan Width": 8, "Index Cond": "(o_custkey = customer.c_custkey)", "Filter": "((o_comment)::text !~~ '%express%deposits%'::text)"}]}]}]}]}]}]}]}}, {"Plan": {"Node Type": "Limit", "Parallel Aware": false, "Startup Cost": 1260606.33, "Total Cost": 1260606.33, "Plan Rows": 1, "Plan Width": 16, "Plans": [{"Node Type": "Sort", "Parent Relationship": "Outer", "Parallel Aware": false, "Startup Cost": 1260606.33, "Total Cost": 1260606.83, "Plan Rows": 200, "Plan Width": 16, "Sort Key": ["(count(*)) DESC", "(count(orders.o_orderkey)) DESC"], "Plans": [{"Node Type": "Aggregate", "Strategy": "Hashed", "Partial Mode": "Simple", "Parent Relationship": "Outer", "Parallel Aware": false, "Startup Cost": 1260603.33, "Total Cost": 1260605.33, "Plan Rows": 200, "Plan Width": 16, "Group Key": ["count(orders.o_orderkey)"], "Plans": [{"Node Type": "Aggregate", "Strategy": "Sorted", "Partial Mode": "Finalize", "Parent Relationship": "Outer", "Parallel Aware": false, "Startup Cost": 1000.9, "Total Cost": 1238103.33, "Plan Rows": 1500000, "Plan Width": 12, "Group Key": ["customer.c_custkey"], "Plans": [{"Node Type": "Gather Merge", "Parent Relationship": "Outer", "Parallel Aware": false, "Startup Cost": 1000.9, "Total Cost": 1200603.33, "Plan Rows": 4500000, "Plan Width": 12, "Workers Planned": 3, "Plans": [{"Node Type": "Aggregate", "Strategy": "Sorted", "Partial Mode": "Partial", "Parent Relationship": "Outer", "Parallel Aware": false, "Startup Cost": 0.86, "Total Cost": 670853.29, "Plan Rows": 1500000, "Plan Width": 12, "Group Key": ["customer.c_custkey"], "Plans": [{"Node Type": "Nested Loop", "Parent Relationship": "Outer", "Parallel Aware": false, "Join Type": "Left", "Startup Cost": 0.86, "Total Cost": 631663.42, "Plan Rows": 4837973, "Plan Width": 8, "Inner Unique": false, "Plans": [{"Node Type": "Index Scan", "Parent Relationship": "Outer", "Parallel Aware": true, "Scan Direction": "Forward", "Index Name": "customer_pkey", "Relation Name": "customer", "Alias": "customer", "Startup Cost": 0.43, "Total Cost": 52693.84, "Plan Rows": 483871, "Plan Width": 4}, {"Node Type": "Index Scan", "Parent Relationship": "Inner", "Parallel Aware": false, "Scan Direction": "Forward", "Index Name": "idx_orders_custkey", "Relation Name": "orders", "Alias": "orders", "Startup Cost": 0.43, "Total Cost": 1.02, "Plan Rows": 18, "Plan Width": 8, "Index Cond": "(o_custkey = customer.c_custkey)", "Filter": "((o_comment)::text !~~ '%express%deposits%'::text)"}]}]}]}]}]}]}]}}, {"Plan": {"Node Type": "Limit", "Parallel Aware": false, "Startup Cost": 2300203.56, "Total Cost": 2300203.57, "Plan Rows": 1, "Plan Width": 16, "Plans": [{"Node Type": "Sort", "Parent Relationship": "Outer", "Parallel Aware": false, "Startup Cost": 2300203.56, "Total Cost": 2300204.06, "Plan Rows": 200, "Plan Width": 16, "Sort Key": ["(count(*)) DESC", "(count(orders.o_orderkey)) DESC"], "Plans": [{"Node Type": "Aggregate", "Strategy": "Hashed", "Partial Mode": "Simple", "Parent Relationship": "Outer", "Parallel Aware": false, "Startup Cost": 2300200.56, "Total Cost": 2300202.56, "Plan Rows": 200, "Plan Width": 16, "Group Key": ["count(orders.o_orderkey)"], "Plans": [{"Node Type": "Aggregate", "Strategy": "Sorted", "Partial Mode": "Finalize", "Parent Relationship": "Outer", "Parallel Aware": false, "Startup Cost": 1660165.77, "Total Cost": 2277700.56, "Plan Rows": 1500000, "Plan Width": 12, "Group Key": ["customer.c_custkey"], "Plans": [{"Node Type": "Gather Merge", "Parent Relationship": "Outer", "Parallel Aware": false, "Startup Cost": 1660165.77, "Total Cost": 2240200.56, "Plan Rows": 4500000, "Plan Width": 12, "Workers Planned": 3, "Plans": [{"Node Type": "Aggregate", "Strategy": "Sorted", "Partial Mode": "Partial", "Parent Relationship": "Outer", "Parallel Aware": false, "Startup Cost": 1659165.73, "Total Cost": 1710450.52, "Plan Rows": 1500000, "Plan Width": 12, "Group Key": ["customer.c_custkey"], "Plans": [{"Node Type": "Sort", "Parent Relationship": "Outer", "Parallel Aware": false, "Startup Cost": 1659165.73, "Total Cost": 1671260.66, "Plan Rows": 4837973, "Plan Width": 8, "Sort Key": ["customer.c_custkey"], "Plans": [{"Node Type": "Nested Loop", "Parent Relationship": "Outer", "Parallel Aware": false, "Join Type": "Left", "Startup Cost": 0.6, "Total Cost": 1083263.33, "Plan Rows": 4837973, "Plan Width": 8, "Inner Unique": false, "Plans": [{"Node Type": "Seq Scan", "Parent Relationship": "Outer", "Parallel Aware": true, "Relation Name": "customer", "Alias": "customer", "Startup Cost": 0.0, "Total Cost": 40665.71, "Plan Rows": 483871, "Plan Width": 4}, {"Node Type": "Bitmap Heap Scan", "Parent Relationship": "Inner", "Parallel Aware": false, "Relation Name": "orders", "Alias": "orders", "Startup Cost": 0.6, "Total Cost": 1.97, "Plan Rows": 18, "Plan Width": 8, "Recheck Cond": "(customer.c_custkey = o_custkey)", "Filter": "((o_comment)::text !~~ '%express%deposits%'::text)", "Plans": [{"Node Type": "Bitmap Index Scan", "Parent Relationship": "Outer", "Parallel Aware": false, "Index Name": "idx_orders_custkey", "Startup Cost": 0.0, "Total Cost": 0.6, "Plan Rows": 18, "Plan Width": 0, "Index Cond": "(o_custkey = customer.c_custkey)"}]}]}]}]}]}]}]}]}]}}, {"Plan": {"Node Type": "Limit", "Parallel Aware": false, "Startup Cost": 2955262.93, "Total Cost": 2955262.93, "Plan Rows": 1, "Plan Width": 16, "Plans": [{"Node Type": "Sort", "Parent Relationship": "Outer", "Parallel Aware": false, "Startup Cost": 2955262.93, "Total Cost": 2955263.43, "Plan Rows": 200, "Plan Width": 16, "Sort Key": ["(count(*)) DESC", "(count(orders.o_orderkey)) DESC"], "Plans": [{"Node Type": "Aggregate", "Strategy": "Hashed", "Partial Mode": "Simple", "Parent Relationship": "Outer", "Parallel Aware": false, "Startup Cost": 2955259.93, "Total Cost": 2955261.93, "Plan Rows": 200, "Plan Width": 16, "Group Key": ["count(orders.o_orderkey)"], "Plans": [{"Node Type": "Aggregate", "Strategy": "Sorted", "Partial Mode": "Simple", "Parent Relationship": "Outer", "Parallel Aware": false, "Startup Cost": 2572811.77, "Total Cost": 2932759.93, "Plan Rows": 1500000, "Plan Width": 12, "Group Key": ["customer.c_custkey"], "Plans": [{"Node Type": "Merge Join", "Parent Relationship": "Outer", "Parallel Aware": false, "Join Type": "Left", "Startup Cost": 2572811.77, "Total Cost": 2842771.35, "Plan Rows": 14997717, "Plan Width": 8, "Inner Unique": false, "Merge Cond": "(customer.c_custkey = orders.o_custkey)", "Plans": [{"Node Type": "Sort", "Parent Relationship": "Outer", "Parallel Aware": false, "Startup Cost": 216713.98, "Total Cost": 220463.98, "Plan Rows": 1500000, "Plan Width": 4, "Sort Key": ["customer.c_custkey"], "Plans": [{"Node Type": "Seq Scan", "Parent Relationship": "Outer", "Parallel Aware": false, "Relation Name": "customer", "Alias": "customer", "Startup Cost": 0.0, "Total Cost": 50827.0, "Plan Rows": 1500000, "Plan Width": 4}]}, {"Node Type": "Materialize", "Parent Relationship": "Inner", "Parallel Aware": false, "Startup Cost": 2356097.32, "Total Cost": 2431085.9, "Plan Rows": 14997717, "Plan Width": 8, "Plans": [{"Node Type": "Sort", "Parent Relationship": "Outer", "Parallel Aware": false, "Startup Cost": 2356097.32, "Total Cost": 2393591.61, "Plan Rows": 14997717, "Plan Width": 8, "Sort Key": ["orders.o_custkey"], "Plans": [{"Node Type": "Seq Scan", "Parent Relationship": "Outer", "Parallel Aware": false, "Relation Name": "orders", "Alias": "orders", "Startup Cost": 0.0, "Total Cost": 448402.21, "Plan Rows": 14997717, "Plan Width": 8, "Filter": "((o_comment)::text !~~ '%express%deposits%'::text)"}]}]}]}]}]}]}]}}, {"Plan": {"Node Type": "Limit", "Parallel Aware": false, "Startup Cost": 2300203.56, "Total Cost": 2300203.57, "Plan Rows": 1, "Plan Width": 16, "Plans": [{"Node Type": "Sort", "Parent Relationship": "Outer", "Parallel Aware": false, "Startup Cost": 2300203.56, "Total Cost": 2300204.06, "Plan Rows": 200, "Plan Width": 16, "Sort Key": ["(count(*)) DESC", "(count(orders.o_orderkey)) DESC"], "Plans": [{"Node Type": "Aggregate", "Strategy": "Hashed", "Partial Mode": "Simple", "Parent Relationship": "Outer", "Parallel Aware": false, "Startup Cost": 2300200.56, "Total Cost": 2300202.56, "Plan Rows": 200, "Plan Width": 16, "Group Key": ["count(orders.o_orderkey)"], "Plans": [{"Node Type": "Aggregate", "Strategy": "Sorted", "Partial Mode": "Finalize", "Parent Relationship": "Outer", "Parallel Aware": false, "Startup Cost": 1660165.77, "Total Cost": 2277700.56, "Plan Rows": 1500000, "Plan Width": 12, "Group Key": ["customer.c_custkey"], "Plans": [{"Node Type": "Gather Merge", "Parent Relationship": "Outer", "Parallel Aware": false, "Startup Cost": 1660165.77, "Total Cost": 2240200.56, "Plan Rows": 4500000, "Plan Width": 12, "Workers Planned": 3, "Plans": [{"Node Type": "Aggregate", "Strategy": "Sorted", "Partial Mode": "Partial", "Parent Relationship": "Outer", "Parallel Aware": false, "Startup Cost": 1659165.73, "Total Cost": 1710450.52, "Plan Rows": 1500000, "Plan Width": 12, "Group Key": ["customer.c_custkey"], "Plans": [{"Node Type": "Sort", "Parent Relationship": "Outer", "Parallel Aware": false, "Startup Cost": 1659165.73, "Total Cost": 1671260.66, "Plan Rows": 4837973, "Plan Width": 8, "Sort Key": ["customer.c_custkey"], "Plans": [{"Node Type": "Nested Loop", "Parent Relationship": "Outer", "Parallel Aware": false, "Join Type": "Left", "Startup Cost": 0.6, "Total Cost": 1083263.33, "Plan Rows": 4837973, "Plan Width": 8, "Inner Unique": false, "Plans": [{"Node Type": "Seq Scan", "Parent Relationship": "Outer", "Parallel Aware": true, "Relation Name": "customer", "Alias": "customer", "Startup Cost": 0.0, "Total Cost": 40665.71, "Plan Rows": 483871, "Plan Width": 4}, {"Node Type": "Bitmap Heap Scan", "Parent Relationship": "Inner", "Parallel Aware": false, "Relation Name": "orders", "Alias": "orders", "Startup Cost": 0.6, "Total Cost": 1.97, "Plan Rows": 18, "Plan Width": 8, "Recheck Cond": "(customer.c_custkey = o_custkey)", "Filter": "((o_comment)::text !~~ '%express%deposits%'::text)", "Plans": [{"Node Type": "Bitmap Index Scan", "Parent Relationship": "Outer", "Parallel Aware": false, "Index Name": "idx_orders_custkey", "Startup Cost": 0.0, "Total Cost": 0.6, "Plan Rows": 18, "Plan Width": 0, "Index Cond": "(o_custkey = customer.c_custkey)"}]}]}]}]}]}]}]}]}]}}, {"Plan": {"Node Type": "Limit", "Parallel Aware": false, "Startup Cost": 961360.5, "Total Cost": 961360.51, "Plan Rows": 1, "Plan Width": 16, "Plans": [{"Node Type": "Sort", "Parent Relationship": "Outer", "Parallel Aware": false, "Startup Cost": 961360.5, "Total Cost": 961361.0, "Plan Rows": 200, "Plan Width": 16, "Sort Key": ["(count(*)) DESC", "(count(orders.o_orderkey)) DESC"], "Plans": [{"Node Type": "Aggregate", "Strategy": "Hashed", "Partial Mode": "Simple", "Parent Relationship": "Outer", "Parallel Aware": false, "Startup Cost": 961357.5, "Total Cost": 961359.5, "Plan Rows": 200, "Plan Width": 16, "Group Key": ["count(orders.o_orderkey)"], "Plans": [{"Node Type": "Aggregate", "Strategy": "Sorted", "Partial Mode": "Simple", "Parent Relationship": "Outer", "Parallel Aware": false, "Startup Cost": 4.87, "Total Cost": 938857.5, "Plan Rows": 1500000, "Plan Width": 12, "Group Key": ["customer.c_custkey"], "Plans": [{"Node Type": "Merge Join", "Parent Relationship": "Outer", "Parallel Aware": false, "Join Type": "Left", "Startup Cost": 4.87, "Total Cost": 848868.92, "Plan Rows": 14997717, "Plan Width": 8, "Inner Unique": false, "Merge Cond": "(customer.c_custkey = orders.o_custkey)", "Plans": [{"Node Type": "Index Only Scan", "Parent Relationship": "Outer", "Parallel Aware": false, "Scan Direction": "Forward", "Index Name": "customer_pkey", "Relation Name": "customer", "Alias": "customer", "Startup Cost": 0.43, "Total Cost": 62855.13, "Plan Rows": 1500000, "Plan Width": 4}, {"Node Type": "Index Scan", "Parent Relationship": "Inner", "Parallel Aware": false, "Scan Direction": "Forward", "Index Name": "idx_orders_custkey", "Relation Name": "orders", "Alias": "orders", "Startup Cost": 0.43, "Total Cost": 594792.33, "Plan Rows": 14997717, "Plan Width": 8, "Filter": "((o_comment)::text !~~ '%express%deposits%'::text)"}]}]}]}]}]}}]