[{"Plan": {"Node Type": "Limit", "Parallel Aware": false, "Startup Cost": 10002506049.03, "Total Cost": 10002506049.05, "Plan Rows": 1, "Plan Width": 32, "Plans": [{"Node Type": "Aggregate", "Strategy": "Plain", "Partial Mode": "Simple", "Parent Relationship": "Outer", "Parallel Aware": false, "Startup Cost": 10002506049.03, "Total Cost": 10002506049.05, "Plan Rows": 1, "Plan Width": 32, "Plans": [{"Node Type": "Nested Loop", "Parent Relationship": "Outer", "Parallel Aware": false, "Join Type": "Inner", "Startup Cost": 10000011223.22, "Total Cost": 10002492497.01, "Plan Rows": 774401, "Plan Width": 33, "Inner Unique": true, "Plans": [{"Node Type": "Bitmap Heap Scan", "Parent Relationship": "Outer", "Parallel Aware": false, "Relation Name": "lineitem", "Alias": "lineitem", "Startup Cost": 11222.78, "Total Cost": 1287882.16, "Plan Rows": 774401, "Plan Width": 16, "Recheck Cond": "((l_shipdate >= '1994-07-01'::date) AND (l_shipdate < '1994-08-01 00:00:00'::timestamp without time zone))", "Plans": [{"Node Type": "Bitmap Index Scan", "Parent Relationship": "Outer", "Parallel Aware": false, "Index Name": "idx_lineitem_shipdate", "Startup Cost": 0.0, "Total Cost": 11029.18, "Plan Rows": 774401, "Plan Width": 0, "Index Cond": "((l_shipdate >= '1994-07-01'::date) AND (l_shipdate < '1994-08-01 00:00:00'::timestamp without time zone))"}]}, {"Node Type": "Bitmap Heap Scan", "Parent Relationship": "Inner", "Parallel Aware": false, "Relation Name": "part", "Alias": "part", "Startup Cost": 0.44, "Total Cost": 1.56, "Plan Rows": 1, "Plan Width": 25, "Recheck Cond": "(p_partkey = lineitem.l_partkey)", "Plans": [{"Node Type": "Bitmap Index Scan", "Parent Relationship": "Outer", "Parallel Aware": false, "Index Name": "part_pkey", "Startup Cost": 0.0, "Total Cost": 0.44, "Plan Rows": 1, "Plan Width": 0, "Index Cond": "(p_partkey = lineitem.l_partkey)"}]}]}]}]}}, {"Plan": {"Node Type": "Limit", "Parallel Aware": false, "Startup Cost": 729614.21, "Total Cost": 729614.23, "Plan Rows": 1, "Plan Width": 32, "Plans": [{"Node Type": "Aggregate", "Strategy": "Plain", "Partial Mode": "Finalize", "Parent Relationship": "Outer", "Parallel Aware": false, "Startup Cost": 729614.21, "Total Cost": 729614.23, "Plan Rows": 1, "Plan Width": 32, "Plans": [{"Node Type": "Gather", "Parent Relationship": "Outer", "Parallel Aware": false, "Startup Cost": 729613.87, "Total Cost": 729614.18, "Plan Rows": 3, "Plan Width": 64, "Workers Planned": 3, "Single Copy": false, "Plans": [{"Node Type": "Aggregate", "Strategy": "Plain", "Partial Mode": "Partial", "Parent Relationship": "Outer", "Parallel Aware": false, "Startup Cost": 728613.87, "Total Cost": 728613.88, "Plan Rows": 1, "Plan Width": 64, "Plans": [{"Node Type": "Hash Join", "Parent Relationship": "Outer", "Parallel Aware": true, "Join Type": "Inner", "Startup Cost": 650309.58, "Total Cost": 724242.24, "Plan Rows": 249807, "Plan Width": 33, "Inner Unique": false, "Hash Cond": "(part.p_partkey = lineitem.l_partkey)", "Plans": [{"Node Type": "Index Scan", "Parent Relationship": "Outer", "Parallel Aware": true, "Scan Direction": "Forward", "Index Name": "part_pkey", "Relation Name": "part", "Alias": "part", "Startup Cost": 0.43, "Total Cost": 63449.84, "Plan Rows": 645161, "Plan Width": 25}, {"Node Type": "Hash", "Parent Relationship": "Inner", "Parallel Aware": true, "Startup Cost": 647186.57, "Total Cost": 647186.57, "Plan Rows": 249807, "Plan Width": 16, "Plans": [{"Node Type": "Index Scan", "Parent Relationship": "Outer", "Parallel Aware": true, "Scan Direction": "Forward", "Index Name": "idx_lineitem_shipdate", "Relation Name": "lineitem", "Alias": "lineitem", "Startup Cost": 0.56, "Total Cost": 647186.57, "Plan Rows": 249807, "Plan Width": 16, "Index Cond": "((l_shipdate >= '1994-07-01'::date) AND (l_shipdate < '1994-08-01 00:00:00'::timestamp without time zone))"}]}]}]}]}]}]}}, {"Plan": {"Node Type": "Limit", "Parallel Aware": false, "Startup Cost": 729614.21, "Total Cost": 729614.23, "Plan Rows": 1, "Plan Width": 32, "Plans": [{"Node Type": "Aggregate", "Strategy": "Plain", "Partial Mode": "Finalize", "Parent Relationship": "Outer", "Parallel Aware": false, "Startup Cost": 729614.21, "Total Cost": 729614.23, "Plan Rows": 1, "Plan Width": 32, "Plans": [{"Node Type": "Gather", "Parent Relationship": "Outer", "Parallel Aware": false, "Startup Cost": 729613.87, "Total Cost": 729614.18, "Plan Rows": 3, "Plan Width": 64, "Workers Planned": 3, "Single Copy": false, "Plans": [{"Node Type": "Aggregate", "Strategy": "Plain", "Partial Mode": "Partial", "Parent Relationship": "Outer", "Parallel Aware": false, "Startup Cost": 728613.87, "Total Cost": 728613.88, "Plan Rows": 1, "Plan Width": 64, "Plans": [{"Node Type": "Hash Join", "Parent Relationship": "Outer", "Parallel Aware": true, "Join Type": "Inner", "Startup Cost": 650309.58, "Total Cost": 724242.24, "Plan Rows": 249807, "Plan Width": 33, "Inner Unique": false, "Hash Cond": "(part.p_partkey = lineitem.l_partkey)", "Plans": [{"Node Type": "Index Scan", "Parent Relationship": "Outer", "Parallel Aware": true, "Scan Direction": "Forward", "Index Name": "part_pkey", "Relation Name": "part", "Alias": "part", "Startup Cost": 0.43, "Total Cost": 63449.84, "Plan Rows": 645161, "Plan Width": 25}, {"Node Type": "Hash", "Parent Relationship": "Inner", "Parallel Aware": true, "Startup Cost": 647186.57, "Total Cost": 647186.57, "Plan Rows": 249807, "Plan Width": 16, "Plans": [{"Node Type": "Index Scan", "Parent Relationship": "Outer", "Parallel Aware": true, "Scan Direction": "Forward", "Index Name": "idx_lineitem_shipdate", "Relation Name": "lineitem", "Alias": "lineitem", "Startup Cost": 0.56, "Total Cost": 647186.57, "Plan Rows": 249807, "Plan Width": 16, "Index Cond": "((l_shipdate >= '1994-07-01'::date) AND (l_shipdate < '1994-08-01 00:00:00'::timestamp without time zone))"}]}]}]}]}]}]}}, {"Plan": {"Node Type": "Limit", "Parallel Aware": false, "Startup Cost": 729614.21, "Total Cost": 729614.23, "Plan Rows": 1, "Plan Width": 32, "Plans": [{"Node Type": "Aggregate", "Strategy": "Plain", "Partial Mode": "Finalize", "Parent Relationship": "Outer", "Parallel Aware": false, "Startup Cost": 729614.21, "Total Cost": 729614.23, "Plan Rows": 1, "Plan Width": 32, "Plans": [{"Node Type": "Gather", "Parent Relationship": "Outer", "Parallel Aware": false, "Startup Cost": 729613.87, "Total Cost": 729614.18, "Plan Rows": 3, "Plan Width": 64, "Workers Planned": 3, "Single Copy": false, "Plans": [{"Node Type": "Aggregate", "Strategy": "Plain", "Partial Mode": "Partial", "Parent Relationship": "Outer", "Parallel Aware": false, "Startup Cost": 728613.87, "Total Cost": 728613.88, "Plan Rows": 1, "Plan Width": 64, "Plans": [{"Node Type": "Hash Join", "Parent Relationship": "Outer", "Parallel Aware": true, "Join Type": "Inner", "Startup Cost": 650309.58, "Total Cost": 724242.24, "Plan Rows": 249807, "Plan Width": 33, "Inner Unique": false, "Hash Cond": "(part.p_partkey = lineitem.l_partkey)", "Plans": [{"Node Type": "Index Scan", "Parent Relationship": "Outer", "Parallel Aware": true, "Scan Direction": "Forward", "Index Name": "part_pkey", "Relation Name": "part", "Alias": "part", "Startup Cost": 0.43, "Total Cost": 63449.84, "Plan Rows": 645161, "Plan Width": 25}, {"Node Type": "Hash", "Parent Relationship": "Inner", "Parallel Aware": true, "Startup Cost": 647186.57, "Total Cost": 647186.57, "Plan Rows": 249807, "Plan Width": 16, "Plans": [{"Node Type": "Index Scan", "Parent Relationship": "Outer", "Parallel Aware": true, "Scan Direction": "Forward", "Index Name": "idx_lineitem_shipdate", "Relation Name": "lineitem", "Alias": "lineitem", "Startup Cost": 0.56, "Total Cost": 647186.57, "Plan Rows": 249807, "Plan Width": 16, "Index Cond": "((l_shipdate >= '1994-07-01'::date) AND (l_shipdate < '1994-08-01 00:00:00'::timestamp without time zone))"}]}]}]}]}]}]}}, {"Plan": {"Node Type": "Limit", "Parallel Aware": false, "Startup Cost": 713577.98, "Total Cost": 713578.0, "Plan Rows": 1, "Plan Width": 32, "Plans": [{"Node Type": "Aggregate", "Strategy": "Plain", "Partial Mode": "Finalize", "Parent Relationship": "Outer", "Parallel Aware": false, "Startup Cost": 713577.98, "Total Cost": 713578.0, "Plan Rows": 1, "Plan Width": 32, "Plans": [{"Node Type": "Gather", "Parent Relationship": "Outer", "Parallel Aware": false, "Startup Cost": 713577.64, "Total Cost": 713577.95, "Plan Rows": 3, "Plan Width": 64, "Workers Planned": 3, "Single Copy": false, "Plans": [{"Node Type": "Aggregate", "Strategy": "Plain", "Partial Mode": "Partial", "Parent Relationship": "Outer", "Parallel Aware": false, "Startup Cost": 712577.64, "Total Cost": 712577.65, "Plan Rows": 1, "Plan Width": 64, "Plans": [{"Node Type": "Hash Join", "Parent Relationship": "Outer", "Parallel Aware": true, "Join Type": "Inner", "Startup Cost": 650309.15, "Total Cost": 708206.01, "Plan Rows": 249807, "Plan Width": 33, "Inner Unique": false, "Hash Cond": "(part.p_partkey = lineitem.l_partkey)", "Plans": [{"Node Type": "Seq Scan", "Parent Relationship": "Outer", "Parallel Aware": true, "Relation Name": "part", "Alias": "part", "Startup Cost": 0.0, "Total Cost": 47413.61, "Plan Rows": 645161, "Plan Width": 25}, {"Node Type": "Hash", "Parent Relationship": "Inner", "Parallel Aware": true, "Startup Cost": 647186.57, "Total Cost": 647186.57, "Plan Rows": 249807, "Plan Width": 16, "Plans": [{"Node Type": "Index Scan", "Parent Relationship": "Outer", "Parallel Aware": true, "Scan Direction": "Forward", "Index Name": "idx_lineitem_shipdate", "Relation Name": "lineitem", "Alias": "lineitem", "Startup Cost": 0.56, "Total Cost": 647186.57, "Plan Rows": 249807, "Plan Width": 16, "Index Cond": "((l_shipdate >= '1994-07-01'::date) AND (l_shipdate < '1994-08-01 00:00:00'::timestamp without time zone))"}]}]}]}]}]}]}}, {"Plan": {"Node Type": "Limit", "Parallel Aware": false, "Startup Cost": 729614.21, "Total Cost": 729614.23, "Plan Rows": 1, "Plan Width": 32, "Plans": [{"Node Type": "Aggregate", "Strategy": "Plain", "Partial Mode": "Finalize", "Parent Relationship": "Outer", "Parallel Aware": false, "Startup Cost": 729614.21, "Total Cost": 729614.23, "Plan Rows": 1, "Plan Width": 32, "Plans": [{"Node Type": "Gather", "Parent Relationship": "Outer", "Parallel Aware": false, "Startup Cost": 729613.87, "Total Cost": 729614.18, "Plan Rows": 3, "Plan Width": 64, "Workers Planned": 3, "Single Copy": false, "Plans": [{"Node Type": "Aggregate", "Strategy": "Plain", "Partial Mode": "Partial", "Parent Relationship": "Outer", "Parallel Aware": false, "Startup Cost": 728613.87, "Total Cost": 728613.88, "Plan Rows": 1, "Plan Width": 64, "Plans": [{"Node Type": "Hash Join", "Parent Relationship": "Outer", "Parallel Aware": true, "Join Type": "Inner", "Startup Cost": 650309.58, "Total Cost": 724242.24, "Plan Rows": 249807, "Plan Width": 33, "Inner Unique": false, "Hash Cond": "(part.p_partkey = lineitem.l_partkey)", "Plans": [{"Node Type": "Index Scan", "Parent Relationship": "Outer", "Parallel Aware": true, "Scan Direction": "Forward", "Index Name": "part_pkey", "Relation Name": "part", "Alias": "part", "Startup Cost": 0.43, "Total Cost": 63449.84, "Plan Rows": 645161, "Plan Width": 25}, {"Node Type": "Hash", "Parent Relationship": "Inner", "Parallel Aware": true, "Startup Cost": 647186.57, "Total Cost": 647186.57, "Plan Rows": 249807, "Plan Width": 16, "Plans": [{"Node Type": "Index Scan", "Parent Relationship": "Outer", "Parallel Aware": true, "Scan Direction": "Forward", "Index Name": "idx_lineitem_shipdate", "Relation Name": "lineitem", "Alias": "lineitem", "Startup Cost": 0.56, "Total Cost": 647186.57, "Plan Rows": 249807, "Plan Width": 16, "Index Cond": "((l_shipdate >= '1994-07-01'::date) AND (l_shipdate < '1994-08-01 00:00:00'::timestamp without time zone))"}]}]}]}]}]}]}}, {"Plan": {"Node Type": "Limit", "Parallel Aware": false, "Startup Cost": 713577.98, "Total Cost": 713578.0, "Plan Rows": 1, "Plan Width": 32, "Plans": [{"Node Type": "Aggregate", "Strategy": "Plain", "Partial Mode": "Finalize", "Parent Relationship": "Outer", "Parallel Aware": false, "Startup Cost": 713577.98, "Total Cost": 713578.0, "Plan Rows": 1, "Plan Width": 32, "Plans": [{"Node Type": "Gather", "Parent Relationship": "Outer", "Parallel Aware": false, "Startup Cost": 713577.64, "Total Cost": 713577.95, "Plan Rows": 3, "Plan Width": 64, "Workers Planned": 3, "Single Copy": false, "Plans": [{"Node Type": "Aggregate", "Strategy": "Plain", "Partial Mode": "Partial", "Parent Relationship": "Outer", "Parallel Aware": false, "Startup Cost": 712577.64, "Total Cost": 712577.65, "Plan Rows": 1, "Plan Width": 64, "Plans": [{"Node Type": "Hash Join", "Parent Relationship": "Outer", "Parallel Aware": true, "Join Type": "Inner", "Startup Cost": 650309.15, "Total Cost": 708206.01, "Plan Rows": 249807, "Plan Width": 33, "Inner Unique": false, "Hash Cond": "(part.p_partkey = lineitem.l_partkey)", "Plans": [{"Node Type": "Seq Scan", "Parent Relationship": "Outer", "Parallel Aware": true, "Relation Name": "part", "Alias": "part", "Startup Cost": 0.0, "Total Cost": 47413.61, "Plan Rows": 645161, "Plan Width": 25}, {"Node Type": "Hash", "Parent Relationship": "Inner", "Parallel Aware": true, "Startup Cost": 647186.57, "Total Cost": 647186.57, "Plan Rows": 249807, "Plan Width": 16, "Plans": [{"Node Type": "Index Scan", "Parent Relationship": "Outer", "Parallel Aware": true, "Scan Direction": "Forward", "Index Name": "idx_lineitem_shipdate", "Relation Name": "lineitem", "Alias": "lineitem", "Startup Cost": 0.56, "Total Cost": 647186.57, "Plan Rows": 249807, "Plan Width": 16, "Index Cond": "((l_shipdate >= '1994-07-01'::date) AND (l_shipdate < '1994-08-01 00:00:00'::timestamp without time zone))"}]}]}]}]}]}]}}, {"Plan": {"Node Type": "Limit", "Parallel Aware": false, "Startup Cost": 713577.98, "Total Cost": 713578.0, "Plan Rows": 1, "Plan Width": 32, "Plans": [{"Node Type": "Aggregate", "Strategy": "Plain", "Partial Mode": "Finalize", "Parent Relationship": "Outer", "Parallel Aware": false, "Startup Cost": 713577.98, "Total Cost": 713578.0, "Plan Rows": 1, "Plan Width": 32, "Plans": [{"Node Type": "Gather", "Parent Relationship": "Outer", "Parallel Aware": false, "Startup Cost": 713577.64, "Total Cost": 713577.95, "Plan Rows": 3, "Plan Width": 64, "Workers Planned": 3, "Single Copy": false, "Plans": [{"Node Type": "Aggregate", "Strategy": "Plain", "Partial Mode": "Partial", "Parent Relationship": "Outer", "Parallel Aware": false, "Startup Cost": 712577.64, "Total Cost": 712577.65, "Plan Rows": 1, "Plan Width": 64, "Plans": [{"Node Type": "Hash Join", "Parent Relationship": "Outer", "Parallel Aware": true, "Join Type": "Inner", "Startup Cost": 650309.15, "Total Cost": 708206.01, "Plan Rows": 249807, "Plan Width": 33, "Inner Unique": false, "Hash Cond": "(part.p_partkey = lineitem.l_partkey)", "Plans": [{"Node Type": "Seq Scan", "Parent Relationship": "Outer", "Parallel Aware": true, "Relation Name": "part", "Alias": "part", "Startup Cost": 0.0, "Total Cost": 47413.61, "Plan Rows": 645161, "Plan Width": 25}, {"Node Type": "Hash", "Parent Relationship": "Inner", "Parallel Aware": true, "Startup Cost": 647186.57, "Total Cost": 647186.57, "Plan Rows": 249807, "Plan Width": 16, "Plans": [{"Node Type": "Index Scan", "Parent Relationship": "Outer", "Parallel Aware": true, "Scan Direction": "Forward", "Index Name": "idx_lineitem_shipdate", "Relation Name": "lineitem", "Alias": "lineitem", "Startup Cost": 0.56, "Total Cost": 647186.57, "Plan Rows": 249807, "Plan Width": 16, "Index Cond": "((l_shipdate >= '1994-07-01'::date) AND (l_shipdate < '1994-08-01 00:00:00'::timestamp without time zone))"}]}]}]}]}]}]}}, {"Plan": {"Node Type": "Limit", "Parallel Aware": false, "Startup Cost": 10002506049.03, "Total Cost": 10002506049.05, "Plan Rows": 1, "Plan Width": 32, "Plans": [{"Node Type": "Aggregate", "Strategy": "Plain", "Partial Mode": "Simple", "Parent Relationship": "Outer", "Parallel Aware": false, "Startup Cost": 10002506049.03, "Total Cost": 10002506049.05, "Plan Rows": 1, "Plan Width": 32, "Plans": [{"Node Type": "Nested Loop", "Parent Relationship": "Outer", "Parallel Aware": false, "Join Type": "Inner", "Startup Cost": 10000011223.22, "Total Cost": 10002492497.01, "Plan Rows": 774401, "Plan Width": 33, "Inner Unique": true, "Plans": [{"Node Type": "Bitmap Heap Scan", "Parent Relationship": "Outer", "Parallel Aware": false, "Relation Name": "lineitem", "Alias": "lineitem", "Startup Cost": 11222.78, "Total Cost": 1287882.16, "Plan Rows": 774401, "Plan Width": 16, "Recheck Cond": "((l_shipdate >= '1994-07-01'::date) AND (l_shipdate < '1994-08-01 00:00:00'::timestamp without time zone))", "Plans": [{"Node Type": "Bitmap Index Scan", "Parent Relationship": "Outer", "Parallel Aware": false, "Index Name": "idx_lineitem_shipdate", "Startup Cost": 0.0, "Total Cost": 11029.18, "Plan Rows": 774401, "Plan Width": 0, "Index Cond": "((l_shipdate >= '1994-07-01'::date) AND (l_shipdate < '1994-08-01 00:00:00'::timestamp without time zone))"}]}, {"Node Type": "Bitmap Heap Scan", "Parent Relationship": "Inner", "Parallel Aware": false, "Relation Name": "part", "Alias": "part", "Startup Cost": 0.44, "Total Cost": 1.56, "Plan Rows": 1, "Plan Width": 25, "Recheck Cond": "(p_partkey = lineitem.l_partkey)", "Plans": [{"Node Type": "Bitmap Index Scan", "Parent Relationship": "Outer", "Parallel Aware": false, "Index Name": "part_pkey", "Startup Cost": 0.0, "Total Cost": 0.44, "Plan Rows": 1, "Plan Width": 0, "Index Cond": "(p_partkey = lineitem.l_partkey)"}]}]}]}]}}, {"Plan": {"Node Type": "Limit", "Parallel Aware": false, "Startup Cost": 1218330.37, "Total Cost": 1218330.38, "Plan Rows": 1, "Plan Width": 32, "Plans": [{"Node Type": "Aggregate", "Strategy": "Plain", "Partial Mode": "Finalize", "Parent Relationship": "Outer", "Parallel Aware": false, "Startup Cost": 1218330.37, "Total Cost": 1218330.38, "Plan Rows": 1, "Plan Width": 32, "Plans": [{"Node Type": "Gather", "Parent Relationship": "Outer", "Parallel Aware": false, "Startup Cost": 1218330.02, "Total Cost": 1218330.33, "Plan Rows": 3, "Plan Width": 64, "Workers Planned": 3, "Single Copy": false, "Plans": [{"Node Type": "Aggregate", "Strategy": "Plain", "Partial Mode": "Partial", "Parent Relationship": "Outer", "Parallel Aware": false, "Startup Cost": 1217330.02, "Total Cost": 1217330.03, "Plan Rows": 1, "Plan Width": 64, "Plans": [{"Node Type": "Nested Loop", "Parent Relationship": "Outer", "Parallel Aware": false, "Join Type": "Inner", "Startup Cost": 11223.22, "Total Cost": 1212958.4, "Plan Rows": 249807, "Plan Width": 33, "Inner Unique": true, "Plans": [{"Node Type": "Bitmap Heap Scan", "Parent Relationship": "Outer", "Parallel Aware": true, "Relation Name": "lineitem", "Alias": "lineitem", "Startup Cost": 11222.78, "Total Cost": 824372.61, "Plan Rows": 249807, "Plan Width": 16, "Recheck Cond": "((l_shipdate >= '1994-07-01'::date) AND (l_shipdate < '1994-08-01 00:00:00'::timestamp without time zone))", "Plans": [{"Node Type": "Bitmap Index Scan", "Parent Relationship": "Outer", "Parallel Aware": false, "Index Name": "idx_lineitem_shipdate", "Startup Cost": 0.0, "Total Cost": 11029.18, "Plan Rows": 774401, "Plan Width": 0, "Index Cond": "((l_shipdate >= '1994-07-01'::date) AND (l_shipdate < '1994-08-01 00:00:00'::timestamp without time zone))"}]}, {"Node Type": "Bitmap Heap Scan", "Parent Relationship": "Inner", "Parallel Aware": false, "Relation Name": "part", "Alias": "part", "Startup Cost": 0.44, "Total Cost": 1.56, "Plan Rows": 1, "Plan Width": 25, "Recheck Cond": "(p_partkey = lineitem.l_partkey)", "Plans": [{"Node Type": "Bitmap Index Scan", "Parent Relationship": "Outer", "Parallel Aware": false, "Index Name": "part_pkey", "Startup Cost": 0.0, "Total Cost": 0.44, "Plan Rows": 1, "Plan Width": 0, "Index Cond": "(p_partkey = lineitem.l_partkey)"}]}]}]}]}]}]}}, {"Plan": {"Node Type": "Limit", "Parallel Aware": false, "Startup Cost": 890764.03, "Total Cost": 890764.04, "Plan Rows": 1, "Plan Width": 32, "Plans": [{"Node Type": "Aggregate", "Strategy": "Plain", "Partial Mode": "Finalize", "Parent Relationship": "Outer", "Parallel Aware": false, "Startup Cost": 890764.03, "Total Cost": 890764.04, "Plan Rows": 1, "Plan Width": 32, "Plans": [{"Node Type": "Gather", "Parent Relationship": "Outer", "Parallel Aware": false, "Startup Cost": 890763.68, "Total Cost": 890763.99, "Plan Rows": 3, "Plan Width": 64, "Workers Planned": 3, "Single Copy": false, "Plans": [{"Node Type": "Aggregate", "Strategy": "Plain", "Partial Mode": "Partial", "Parent Relationship": "Outer", "Parallel Aware": false, "Startup Cost": 889763.68, "Total Cost": 889763.69, "Plan Rows": 1, "Plan Width": 64, "Plans": [{"Node Type": "Hash Join", "Parent Relationship": "Outer", "Parallel Aware": true, "Join Type": "Inner", "Startup Cost": 827495.2, "Total Cost": 885392.05, "Plan Rows": 249807, "Plan Width": 33, "Inner Unique": false, "Hash Cond": "(part.p_partkey = lineitem.l_partkey)", "Plans": [{"Node Type": "Seq Scan", "Parent Relationship": "Outer", "Parallel Aware": true, "Relation Name": "part", "Alias": "part", "Startup Cost": 0.0, "Total Cost": 47413.61, "Plan Rows": 645161, "Plan Width": 25}, {"Node Type": "Hash", "Parent Relationship": "Inner", "Parallel Aware": true, "Startup Cost": 824372.61, "Total Cost": 824372.61, "Plan Rows": 249807, "Plan Width": 16, "Plans": [{"Node Type": "Bitmap Heap Scan", "Parent Relationship": "Outer", "Parallel Aware": true, "Relation Name": "lineitem", "Alias": "lineitem", "Startup Cost": 11222.78, "Total Cost": 824372.61, "Plan Rows": 249807, "Plan Width": 16, "Recheck Cond": "((l_shipdate >= '1994-07-01'::date) AND (l_shipdate < '1994-08-01 00:00:00'::timestamp without time zone))", "Plans": [{"Node Type": "Bitmap Index Scan", "Parent Relationship": "Outer", "Parallel Aware": false, "Index Name": "idx_lineitem_shipdate", "Startup Cost": 0.0, "Total Cost": 11029.18, "Plan Rows": 774401, "Plan Width": 0, "Index Cond": "((l_shipdate >= '1994-07-01'::date) AND (l_shipdate < '1994-08-01 00:00:00'::timestamp without time zone))"}]}]}]}]}]}]}]}}, {"Plan": {"Node Type": "Limit", "Parallel Aware": false, "Startup Cost": 890764.03, "Total Cost": 890764.04, "Plan Rows": 1, "Plan Width": 32, "Plans": [{"Node Type": "Aggregate", "Strategy": "Plain", "Partial Mode": "Finalize", "Parent Relationship": "Outer", "Parallel Aware": false, "Startup Cost": 890764.03, "Total Cost": 890764.04, "Plan Rows": 1, "Plan Width": 32, "Plans": [{"Node Type": "Gather", "Parent Relationship": "Outer", "Parallel Aware": false, "Startup Cost": 890763.68, "Total Cost": 890763.99, "Plan Rows": 3, "Plan Width": 64, "Workers Planned": 3, "Single Copy": false, "Plans": [{"Node Type": "Aggregate", "Strategy": "Plain", "Partial Mode": "Partial", "Parent Relationship": "Outer", "Parallel Aware": false, "Startup Cost": 889763.68, "Total Cost": 889763.69, "Plan Rows": 1, "Plan Width": 64, "Plans": [{"Node Type": "Hash Join", "Parent Relationship": "Outer", "Parallel Aware": true, "Join Type": "Inner", "Startup Cost": 827495.2, "Total Cost": 885392.05, "Plan Rows": 249807, "Plan Width": 33, "Inner Unique": false, "Hash Cond": "(part.p_partkey = lineitem.l_partkey)", "Plans": [{"Node Type": "Seq Scan", "Parent Relationship": "Outer", "Parallel Aware": true, "Relation Name": "part", "Alias": "part", "Startup Cost": 0.0, "Total Cost": 47413.61, "Plan Rows": 645161, "Plan Width": 25}, {"Node Type": "Hash", "Parent Relationship": "Inner", "Parallel Aware": true, "Startup Cost": 824372.61, "Total Cost": 824372.61, "Plan Rows": 249807, "Plan Width": 16, "Plans": [{"Node Type": "Bitmap Heap Scan", "Parent Relationship": "Outer", "Parallel Aware": true, "Relation Name": "lineitem", "Alias": "lineitem", "Startup Cost": 11222.78, "Total Cost": 824372.61, "Plan Rows": 249807, "Plan Width": 16, "Recheck Cond": "((l_shipdate >= '1994-07-01'::date) AND (l_shipdate < '1994-08-01 00:00:00'::timestamp without time zone))", "Plans": [{"Node Type": "Bitmap Index Scan", "Parent Relationship": "Outer", "Parallel Aware": false, "Index Name": "idx_lineitem_shipdate", "Startup Cost": 0.0, "Total Cost": 11029.18, "Plan Rows": 774401, "Plan Width": 0, "Index Cond": "((l_shipdate >= '1994-07-01'::date) AND (l_shipdate < '1994-08-01 00:00:00'::timestamp without time zone))"}]}]}]}]}]}]}]}}, {"Plan": {"Node Type": "Limit", "Parallel Aware": false, "Startup Cost": 1218330.37, "Total Cost": 1218330.38, "Plan Rows": 1, "Plan Width": 32, "Plans": [{"Node Type": "Aggregate", "Strategy": "Plain", "Partial Mode": "Finalize", "Parent Relationship": "Outer", "Parallel Aware": false, "Startup Cost": 1218330.37, "Total Cost": 1218330.38, "Plan Rows": 1, "Plan Width": 32, "Plans": [{"Node Type": "Gather", "Parent Relationship": "Outer", "Parallel Aware": false, "Startup Cost": 1218330.02, "Total Cost": 1218330.33, "Plan Rows": 3, "Plan Width": 64, "Workers Planned": 3, "Single Copy": false, "Plans": [{"Node Type": "Aggregate", "Strategy": "Plain", "Partial Mode": "Partial", "Parent Relationship": "Outer", "Parallel Aware": false, "Startup Cost": 1217330.02, "Total Cost": 1217330.03, "Plan Rows": 1, "Plan Width": 64, "Plans": [{"Node Type": "Nested Loop", "Parent Relationship": "Outer", "Parallel Aware": false, "Join Type": "Inner", "Startup Cost": 11223.22, "Total Cost": 1212958.4, "Plan Rows": 249807, "Plan Width": 33, "Inner Unique": true, "Plans": [{"Node Type": "Bitmap Heap Scan", "Parent Relationship": "Outer", "Parallel Aware": true, "Relation Name": "lineitem", "Alias": "lineitem", "Startup Cost": 11222.78, "Total Cost": 824372.61, "Plan Rows": 249807, "Plan Width": 16, "Recheck Cond": "((l_shipdate >= '1994-07-01'::date) AND (l_shipdate < '1994-08-01 00:00:00'::timestamp without time zone))", "Plans": [{"Node Type": "Bitmap Index Scan", "Parent Relationship": "Outer", "Parallel Aware": false, "Index Name": "idx_lineitem_shipdate", "Startup Cost": 0.0, "Total Cost": 11029.18, "Plan Rows": 774401, "Plan Width": 0, "Index Cond": "((l_shipdate >= '1994-07-01'::date) AND (l_shipdate < '1994-08-01 00:00:00'::timestamp without time zone))"}]}, {"Node Type": "Bitmap Heap Scan", "Parent Relationship": "Inner", "Parallel Aware": false, "Relation Name": "part", "Alias": "part", "Startup Cost": 0.44, "Total Cost": 1.56, "Plan Rows": 1, "Plan Width": 25, "Recheck Cond": "(p_partkey = lineitem.l_partkey)", "Plans": [{"Node Type": "Bitmap Index Scan", "Parent Relationship": "Outer", "Parallel Aware": false, "Index Name": "part_pkey", "Startup Cost": 0.0, "Total Cost": 0.44, "Plan Rows": 1, "Plan Width": 0, "Index Cond": "(p_partkey = lineitem.l_partkey)"}]}]}]}]}]}]}}, {"Plan": {"Node Type": "Limit", "Parallel Aware": false, "Startup Cost": 890764.03, "Total Cost": 890764.04, "Plan Rows": 1, "Plan Width": 32, "Plans": [{"Node Type": "Aggregate", "Strategy": "Plain", "Partial Mode": "Finalize", "Parent Relationship": "Outer", "Parallel Aware": false, "Startup Cost": 890764.03, "Total Cost": 890764.04, "Plan Rows": 1, "Plan Width": 32, "Plans": [{"Node Type": "Gather", "Parent Relationship": "Outer", "Parallel Aware": false, "Startup Cost": 890763.68, "Total Cost": 890763.99, "Plan Rows": 3, "Plan Width": 64, "Workers Planned": 3, "Single Copy": false, "Plans": [{"Node Type": "Aggregate", "Strategy": "Plain", "Partial Mode": "Partial", "Parent Relationship": "Outer", "Parallel Aware": false, "Startup Cost": 889763.68, "Total Cost": 889763.69, "Plan Rows": 1, "Plan Width": 64, "Plans": [{"Node Type": "Hash Join", "Parent Relationship": "Outer", "Parallel Aware": true, "Join Type": "Inner", "Startup Cost": 827495.2, "Total Cost": 885392.05, "Plan Rows": 249807, "Plan Width": 33, "Inner Unique": false, "Hash Cond": "(part.p_partkey = lineitem.l_partkey)", "Plans": [{"Node Type": "Seq Scan", "Parent Relationship": "Outer", "Parallel Aware": true, "Relation Name": "part", "Alias": "part", "Startup Cost": 0.0, "Total Cost": 47413.61, "Plan Rows": 645161, "Plan Width": 25}, {"Node Type": "Hash", "Parent Relationship": "Inner", "Parallel Aware": true, "Startup Cost": 824372.61, "Total Cost": 824372.61, "Plan Rows": 249807, "Plan Width": 16, "Plans": [{"Node Type": "Bitmap Heap Scan", "Parent Relationship": "Outer", "Parallel Aware": true, "Relation Name": "lineitem", "Alias": "lineitem", "Startup Cost": 11222.78, "Total Cost": 824372.61, "Plan Rows": 249807, "Plan Width": 16, "Recheck Cond": "((l_shipdate >= '1994-07-01'::date) AND (l_shipdate < '1994-08-01 00:00:00'::timestamp without time zone))", "Plans": [{"Node Type": "Bitmap Index Scan", "Parent Relationship": "Outer", "Parallel Aware": false, "Index Name": "idx_lineitem_shipdate", "Startup Cost": 0.0, "Total Cost": 11029.18, "Plan Rows": 774401, "Plan Width": 0, "Index Cond": "((l_shipdate >= '1994-07-01'::date) AND (l_shipdate < '1994-08-01 00:00:00'::timestamp without time zone))"}]}]}]}]}]}]}]}}, {"Plan": {"Node Type": "Limit", "Parallel Aware": false, "Startup Cost": 890764.03, "Total Cost": 890764.04, "Plan Rows": 1, "Plan Width": 32, "Plans": [{"Node Type": "Aggregate", "Strategy": "Plain", "Partial Mode": "Finalize", "Parent Relationship": "Outer", "Parallel Aware": false, "Startup Cost": 890764.03, "Total Cost": 890764.04, "Plan Rows": 1, "Plan Width": 32, "Plans": [{"Node Type": "Gather", "Parent Relationship": "Outer", "Parallel Aware": false, "Startup Cost": 890763.68, "Total Cost": 890763.99, "Plan Rows": 3, "Plan Width": 64, "Workers Planned": 3, "Single Copy": false, "Plans": [{"Node Type": "Aggregate", "Strategy": "Plain", "Partial Mode": "Partial", "Parent Relationship": "Outer", "Parallel Aware": false, "Startup Cost": 889763.68, "Total Cost": 889763.69, "Plan Rows": 1, "Plan Width": 64, "Plans": [{"Node Type": "Hash Join", "Parent Relationship": "Outer", "Parallel Aware": true, "Join Type": "Inner", "Startup Cost": 827495.2, "Total Cost": 885392.05, "Plan Rows": 249807, "Plan Width": 33, "Inner Unique": false, "Hash Cond": "(part.p_partkey = lineitem.l_partkey)", "Plans": [{"Node Type": "Seq Scan", "Parent Relationship": "Outer", "Parallel Aware": true, "Relation Name": "part", "Alias": "part", "Startup Cost": 0.0, "Total Cost": 47413.61, "Plan Rows": 645161, "Plan Width": 25}, {"Node Type": "Hash", "Parent Relationship": "Inner", "Parallel Aware": true, "Startup Cost": 824372.61, "Total Cost": 824372.61, "Plan Rows": 249807, "Plan Width": 16, "Plans": [{"Node Type": "Bitmap Heap Scan", "Parent Relationship": "Outer", "Parallel Aware": true, "Relation Name": "lineitem", "Alias": "lineitem", "Startup Cost": 11222.78, "Total Cost": 824372.61, "Plan Rows": 249807, "Plan Width": 16, "Recheck Cond": "((l_shipdate >= '1994-07-01'::date) AND (l_shipdate < '1994-08-01 00:00:00'::timestamp without time zone))", "Plans": [{"Node Type": "Bitmap Index Scan", "Parent Relationship": "Outer", "Parallel Aware": false, "Index Name": "idx_lineitem_shipdate", "Startup Cost": 0.0, "Total Cost": 11029.18, "Plan Rows": 774401, "Plan Width": 0, "Index Cond": "((l_shipdate >= '1994-07-01'::date) AND (l_shipdate < '1994-08-01 00:00:00'::timestamp without time zone))"}]}]}]}]}]}]}]}}, {"Plan": {"Node Type": "Limit", "Parallel Aware": false, "Startup Cost": 729614.21, "Total Cost": 729614.23, "Plan Rows": 1, "Plan Width": 32, "Plans": [{"Node Type": "Aggregate", "Strategy": "Plain", "Partial Mode": "Finalize", "Parent Relationship": "Outer", "Parallel Aware": false, "Startup Cost": 729614.21, "Total Cost": 729614.23, "Plan Rows": 1, "Plan Width": 32, "Plans": [{"Node Type": "Gather", "Parent Relationship": "Outer", "Parallel Aware": false, "Startup Cost": 729613.87, "Total Cost": 729614.18, "Plan Rows": 3, "Plan Width": 64, "Workers Planned": 3, "Single Copy": false, "Plans": [{"Node Type": "Aggregate", "Strategy": "Plain", "Partial Mode": "Partial", "Parent Relationship": "Outer", "Parallel Aware": false, "Startup Cost": 728613.87, "Total Cost": 728613.88, "Plan Rows": 1, "Plan Width": 64, "Plans": [{"Node Type": "Hash Join", "Parent Relationship": "Outer", "Parallel Aware": true, "Join Type": "Inner", "Startup Cost": 650309.58, "Total Cost": 724242.24, "Plan Rows": 249807, "Plan Width": 33, "Inner Unique": false, "Hash Cond": "(part.p_partkey = lineitem.l_partkey)", "Plans": [{"Node Type": "Index Scan", "Parent Relationship": "Outer", "Parallel Aware": true, "Scan Direction": "Forward", "Index Name": "part_pkey", "Relation Name": "part", "Alias": "part", "Startup Cost": 0.43, "Total Cost": 63449.84, "Plan Rows": 645161, "Plan Width": 25}, {"Node Type": "Hash", "Parent Relationship": "Inner", "Parallel Aware": true, "Startup Cost": 647186.57, "Total Cost": 647186.57, "Plan Rows": 249807, "Plan Width": 16, "Plans": [{"Node Type": "Index Scan", "Parent Relationship": "Outer", "Parallel Aware": true, "Scan Direction": "Forward", "Index Name": "idx_lineitem_shipdate", "Relation Name": "lineitem", "Alias": "lineitem", "Startup Cost": 0.56, "Total Cost": 647186.57, "Plan Rows": 249807, "Plan Width": 16, "Index Cond": "((l_shipdate >= '1994-07-01'::date) AND (l_shipdate < '1994-08-01 00:00:00'::timestamp without time zone))"}]}]}]}]}]}]}}, {"Plan": {"Node Type": "Limit", "Parallel Aware": false, "Startup Cost": 729614.21, "Total Cost": 729614.23, "Plan Rows": 1, "Plan Width": 32, "Plans": [{"Node Type": "Aggregate", "Strategy": "Plain", "Partial Mode": "Finalize", "Parent Relationship": "Outer", "Parallel Aware": false, "Startup Cost": 729614.21, "Total Cost": 729614.23, "Plan Rows": 1, "Plan Width": 32, "Plans": [{"Node Type": "Gather", "Parent Relationship": "Outer", "Parallel Aware": false, "Startup Cost": 729613.87, "Total Cost": 729614.18, "Plan Rows": 3, "Plan Width": 64, "Workers Planned": 3, "Single Copy": false, "Plans": [{"Node Type": "Aggregate", "Strategy": "Plain", "Partial Mode": "Partial", "Parent Relationship": "Outer", "Parallel Aware": false, "Startup Cost": 728613.87, "Total Cost": 728613.88, "Plan Rows": 1, "Plan Width": 64, "Plans": [{"Node Type": "Hash Join", "Parent Relationship": "Outer", "Parallel Aware": true, "Join Type": "Inner", "Startup Cost": 650309.58, "Total Cost": 724242.24, "Plan Rows": 249807, "Plan Width": 33, "Inner Unique": false, "Hash Cond": "(part.p_partkey = lineitem.l_partkey)", "Plans": [{"Node Type": "Index Scan", "Parent Relationship": "Outer", "Parallel Aware": true, "Scan Direction": "Forward", "Index Name": "part_pkey", "Relation Name": "part", "Alias": "part", "Startup Cost": 0.43, "Total Cost": 63449.84, "Plan Rows": 645161, "Plan Width": 25}, {"Node Type": "Hash", "Parent Relationship": "Inner", "Parallel Aware": true, "Startup Cost": 647186.57, "Total Cost": 647186.57, "Plan Rows": 249807, "Plan Width": 16, "Plans": [{"Node Type": "Index Scan", "Parent Relationship": "Outer", "Parallel Aware": true, "Scan Direction": "Forward", "Index Name": "idx_lineitem_shipdate", "Relation Name": "lineitem", "Alias": "lineitem", "Startup Cost": 0.56, "Total Cost": 647186.57, "Plan Rows": 249807, "Plan Width": 16, "Index Cond": "((l_shipdate >= '1994-07-01'::date) AND (l_shipdate < '1994-08-01 00:00:00'::timestamp without time zone))"}]}]}]}]}]}]}}, {"Plan": {"Node Type": "Limit", "Parallel Aware": false, "Startup Cost": 729614.21, "Total Cost": 729614.23, "Plan Rows": 1, "Plan Width": 32, "Plans": [{"Node Type": "Aggregate", "Strategy": "Plain", "Partial Mode": "Finalize", "Parent Relationship": "Outer", "Parallel Aware": false, "Startup Cost": 729614.21, "Total Cost": 729614.23, "Plan Rows": 1, "Plan Width": 32, "Plans": [{"Node Type": "Gather", "Parent Relationship": "Outer", "Parallel Aware": false, "Startup Cost": 729613.87, "Total Cost": 729614.18, "Plan Rows": 3, "Plan Width": 64, "Workers Planned": 3, "Single Copy": false, "Plans": [{"Node Type": "Aggregate", "Strategy": "Plain", "Partial Mode": "Partial", "Parent Relationship": "Outer", "Parallel Aware": false, "Startup Cost": 728613.87, "Total Cost": 728613.88, "Plan Rows": 1, "Plan Width": 64, "Plans": [{"Node Type": "Hash Join", "Parent Relationship": "Outer", "Parallel Aware": true, "Join Type": "Inner", "Startup Cost": 650309.58, "Total Cost": 724242.24, "Plan Rows": 249807, "Plan Width": 33, "Inner Unique": false, "Hash Cond": "(part.p_partkey = lineitem.l_partkey)", "Plans": [{"Node Type": "Index Scan", "Parent Relationship": "Outer", "Parallel Aware": true, "Scan Direction": "Forward", "Index Name": "part_pkey", "Relation Name": "part", "Alias": "part", "Startup Cost": 0.43, "Total Cost": 63449.84, "Plan Rows": 645161, "Plan Width": 25}, {"Node Type": "Hash", "Parent Relationship": "Inner", "Parallel Aware": true, "Startup Cost": 647186.57, "Total Cost": 647186.57, "Plan Rows": 249807, "Plan Width": 16, "Plans": [{"Node Type": "Index Scan", "Parent Relationship": "Outer", "Parallel Aware": true, "Scan Direction": "Forward", "Index Name": "idx_lineitem_shipdate", "Relation Name": "lineitem", "Alias": "lineitem", "Startup Cost": 0.56, "Total Cost": 647186.57, "Plan Rows": 249807, "Plan Width": 16, "Index Cond": "((l_shipdate >= '1994-07-01'::date) AND (l_shipdate < '1994-08-01 00:00:00'::timestamp without time zone))"}]}]}]}]}]}]}}, {"Plan": {"Node Type": "Limit", "Parallel Aware": false, "Startup Cost": 713577.98, "Total Cost": 713578.0, "Plan Rows": 1, "Plan Width": 32, "Plans": [{"Node Type": "Aggregate", "Strategy": "Plain", "Partial Mode": "Finalize", "Parent Relationship": "Outer", "Parallel Aware": false, "Startup Cost": 713577.98, "Total Cost": 713578.0, "Plan Rows": 1, "Plan Width": 32, "Plans": [{"Node Type": "Gather", "Parent Relationship": "Outer", "Parallel Aware": false, "Startup Cost": 713577.64, "Total Cost": 713577.95, "Plan Rows": 3, "Plan Width": 64, "Workers Planned": 3, "Single Copy": false, "Plans": [{"Node Type": "Aggregate", "Strategy": "Plain", "Partial Mode": "Partial", "Parent Relationship": "Outer", "Parallel Aware": false, "Startup Cost": 712577.64, "Total Cost": 712577.65, "Plan Rows": 1, "Plan Width": 64, "Plans": [{"Node Type": "Hash Join", "Parent Relationship": "Outer", "Parallel Aware": true, "Join Type": "Inner", "Startup Cost": 650309.15, "Total Cost": 708206.01, "Plan Rows": 249807, "Plan Width": 33, "Inner Unique": false, "Hash Cond": "(part.p_partkey = lineitem.l_partkey)", "Plans": [{"Node Type": "Seq Scan", "Parent Relationship": "Outer", "Parallel Aware": true, "Relation Name": "part", "Alias": "part", "Startup Cost": 0.0, "Total Cost": 47413.61, "Plan Rows": 645161, "Plan Width": 25}, {"Node Type": "Hash", "Parent Relationship": "Inner", "Parallel Aware": true, "Startup Cost": 647186.57, "Total Cost": 647186.57, "Plan Rows": 249807, "Plan Width": 16, "Plans": [{"Node Type": "Index Scan", "Parent Relationship": "Outer", "Parallel Aware": true, "Scan Direction": "Forward", "Index Name": "idx_lineitem_shipdate", "Relation Name": "lineitem", "Alias": "lineitem", "Startup Cost": 0.56, "Total Cost": 647186.57, "Plan Rows": 249807, "Plan Width": 16, "Index Cond": "((l_shipdate >= '1994-07-01'::date) AND (l_shipdate < '1994-08-01 00:00:00'::timestamp without time zone))"}]}]}]}]}]}]}}, {"Plan": {"Node Type": "Limit", "Parallel Aware": false, "Startup Cost": 713577.98, "Total Cost": 713578.0, "Plan Rows": 1, "Plan Width": 32, "Plans": [{"Node Type": "Aggregate", "Strategy": "Plain", "Partial Mode": "Finalize", "Parent Relationship": "Outer", "Parallel Aware": false, "Startup Cost": 713577.98, "Total Cost": 713578.0, "Plan Rows": 1, "Plan Width": 32, "Plans": [{"Node Type": "Gather", "Parent Relationship": "Outer", "Parallel Aware": false, "Startup Cost": 713577.64, "Total Cost": 713577.95, "Plan Rows": 3, "Plan Width": 64, "Workers Planned": 3, "Single Copy": false, "Plans": [{"Node Type": "Aggregate", "Strategy": "Plain", "Partial Mode": "Partial", "Parent Relationship": "Outer", "Parallel Aware": false, "Startup Cost": 712577.64, "Total Cost": 712577.65, "Plan Rows": 1, "Plan Width": 64, "Plans": [{"Node Type": "Hash Join", "Parent Relationship": "Outer", "Parallel Aware": true, "Join Type": "Inner", "Startup Cost": 650309.15, "Total Cost": 708206.01, "Plan Rows": 249807, "Plan Width": 33, "Inner Unique": false, "Hash Cond": "(part.p_partkey = lineitem.l_partkey)", "Plans": [{"Node Type": "Seq Scan", "Parent Relationship": "Outer", "Parallel Aware": true, "Relation Name": "part", "Alias": "part", "Startup Cost": 0.0, "Total Cost": 47413.61, "Plan Rows": 645161, "Plan Width": 25}, {"Node Type": "Hash", "Parent Relationship": "Inner", "Parallel Aware": true, "Startup Cost": 647186.57, "Total Cost": 647186.57, "Plan Rows": 249807, "Plan Width": 16, "Plans": [{"Node Type": "Index Scan", "Parent Relationship": "Outer", "Parallel Aware": true, "Scan Direction": "Forward", "Index Name": "idx_lineitem_shipdate", "Relation Name": "lineitem", "Alias": "lineitem", "Startup Cost": 0.56, "Total Cost": 647186.57, "Plan Rows": 249807, "Plan Width": 16, "Index Cond": "((l_shipdate >= '1994-07-01'::date) AND (l_shipdate < '1994-08-01 00:00:00'::timestamp without time zone))"}]}]}]}]}]}]}}, {"Plan": {"Node Type": "Limit", "Parallel Aware": false, "Startup Cost": 729614.21, "Total Cost": 729614.23, "Plan Rows": 1, "Plan Width": 32, "Plans": [{"Node Type": "Aggregate", "Strategy": "Plain", "Partial Mode": "Finalize", "Parent Relationship": "Outer", "Parallel Aware": false, "Startup Cost": 729614.21, "Total Cost": 729614.23, "Plan Rows": 1, "Plan Width": 32, "Plans": [{"Node Type": "Gather", "Parent Relationship": "Outer", "Parallel Aware": false, "Startup Cost": 729613.87, "Total Cost": 729614.18, "Plan Rows": 3, "Plan Width": 64, "Workers Planned": 3, "Single Copy": false, "Plans": [{"Node Type": "Aggregate", "Strategy": "Plain", "Partial Mode": "Partial", "Parent Relationship": "Outer", "Parallel Aware": false, "Startup Cost": 728613.87, "Total Cost": 728613.88, "Plan Rows": 1, "Plan Width": 64, "Plans": [{"Node Type": "Hash Join", "Parent Relationship": "Outer", "Parallel Aware": true, "Join Type": "Inner", "Startup Cost": 650309.58, "Total Cost": 724242.24, "Plan Rows": 249807, "Plan Width": 33, "Inner Unique": false, "Hash Cond": "(part.p_partkey = lineitem.l_partkey)", "Plans": [{"Node Type": "Index Scan", "Parent Relationship": "Outer", "Parallel Aware": true, "Scan Direction": "Forward", "Index Name": "part_pkey", "Relation Name": "part", "Alias": "part", "Startup Cost": 0.43, "Total Cost": 63449.84, "Plan Rows": 645161, "Plan Width": 25}, {"Node Type": "Hash", "Parent Relationship": "Inner", "Parallel Aware": true, "Startup Cost": 647186.57, "Total Cost": 647186.57, "Plan Rows": 249807, "Plan Width": 16, "Plans": [{"Node Type": "Index Scan", "Parent Relationship": "Outer", "Parallel Aware": true, "Scan Direction": "Forward", "Index Name": "idx_lineitem_shipdate", "Relation Name": "lineitem", "Alias": "lineitem", "Startup Cost": 0.56, "Total Cost": 647186.57, "Plan Rows": 249807, "Plan Width": 16, "Index Cond": "((l_shipdate >= '1994-07-01'::date) AND (l_shipdate < '1994-08-01 00:00:00'::timestamp without time zone))"}]}]}]}]}]}]}}, {"Plan": {"Node Type": "Limit", "Parallel Aware": false, "Startup Cost": 713577.98, "Total Cost": 713578.0, "Plan Rows": 1, "Plan Width": 32, "Plans": [{"Node Type": "Aggregate", "Strategy": "Plain", "Partial Mode": "Finalize", "Parent Relationship": "Outer", "Parallel Aware": false, "Startup Cost": 713577.98, "Total Cost": 713578.0, "Plan Rows": 1, "Plan Width": 32, "Plans": [{"Node Type": "Gather", "Parent Relationship": "Outer", "Parallel Aware": false, "Startup Cost": 713577.64, "Total Cost": 713577.95, "Plan Rows": 3, "Plan Width": 64, "Workers Planned": 3, "Single Copy": false, "Plans": [{"Node Type": "Aggregate", "Strategy": "Plain", "Partial Mode": "Partial", "Parent Relationship": "Outer", "Parallel Aware": false, "Startup Cost": 712577.64, "Total Cost": 712577.65, "Plan Rows": 1, "Plan Width": 64, "Plans": [{"Node Type": "Hash Join", "Parent Relationship": "Outer", "Parallel Aware": true, "Join Type": "Inner", "Startup Cost": 650309.15, "Total Cost": 708206.01, "Plan Rows": 249807, "Plan Width": 33, "Inner Unique": false, "Hash Cond": "(part.p_partkey = lineitem.l_partkey)", "Plans": [{"Node Type": "Seq Scan", "Parent Relationship": "Outer", "Parallel Aware": true, "Relation Name": "part", "Alias": "part", "Startup Cost": 0.0, "Total Cost": 47413.61, "Plan Rows": 645161, "Plan Width": 25}, {"Node Type": "Hash", "Parent Relationship": "Inner", "Parallel Aware": true, "Startup Cost": 647186.57, "Total Cost": 647186.57, "Plan Rows": 249807, "Plan Width": 16, "Plans": [{"Node Type": "Index Scan", "Parent Relationship": "Outer", "Parallel Aware": true, "Scan Direction": "Forward", "Index Name": "idx_lineitem_shipdate", "Relation Name": "lineitem", "Alias": "lineitem", "Startup Cost": 0.56, "Total Cost": 647186.57, "Plan Rows": 249807, "Plan Width": 16, "Index Cond": "((l_shipdate >= '1994-07-01'::date) AND (l_shipdate < '1994-08-01 00:00:00'::timestamp without time zone))"}]}]}]}]}]}]}}, {"Plan": {"Node Type": "Limit", "Parallel Aware": false, "Startup Cost": 713577.98, "Total Cost": 713578.0, "Plan Rows": 1, "Plan Width": 32, "Plans": [{"Node Type": "Aggregate", "Strategy": "Plain", "Partial Mode": "Finalize", "Parent Relationship": "Outer", "Parallel Aware": false, "Startup Cost": 713577.98, "Total Cost": 713578.0, "Plan Rows": 1, "Plan Width": 32, "Plans": [{"Node Type": "Gather", "Parent Relationship": "Outer", "Parallel Aware": false, "Startup Cost": 713577.64, "Total Cost": 713577.95, "Plan Rows": 3, "Plan Width": 64, "Workers Planned": 3, "Single Copy": false, "Plans": [{"Node Type": "Aggregate", "Strategy": "Plain", "Partial Mode": "Partial", "Parent Relationship": "Outer", "Parallel Aware": false, "Startup Cost": 712577.64, "Total Cost": 712577.65, "Plan Rows": 1, "Plan Width": 64, "Plans": [{"Node Type": "Hash Join", "Parent Relationship": "Outer", "Parallel Aware": true, "Join Type": "Inner", "Startup Cost": 650309.15, "Total Cost": 708206.01, "Plan Rows": 249807, "Plan Width": 33, "Inner Unique": false, "Hash Cond": "(part.p_partkey = lineitem.l_partkey)", "Plans": [{"Node Type": "Seq Scan", "Parent Relationship": "Outer", "Parallel Aware": true, "Relation Name": "part", "Alias": "part", "Startup Cost": 0.0, "Total Cost": 47413.61, "Plan Rows": 645161, "Plan Width": 25}, {"Node Type": "Hash", "Parent Relationship": "Inner", "Parallel Aware": true, "Startup Cost": 647186.57, "Total Cost": 647186.57, "Plan Rows": 249807, "Plan Width": 16, "Plans": [{"Node Type": "Index Scan", "Parent Relationship": "Outer", "Parallel Aware": true, "Scan Direction": "Forward", "Index Name": "idx_lineitem_shipdate", "Relation Name": "lineitem", "Alias": "lineitem", "Startup Cost": 0.56, "Total Cost": 647186.57, "Plan Rows": 249807, "Plan Width": 16, "Index Cond": "((l_shipdate >= '1994-07-01'::date) AND (l_shipdate < '1994-08-01 00:00:00'::timestamp without time zone))"}]}]}]}]}]}]}}, {"Plan": {"Node Type": "Limit", "Parallel Aware": false, "Startup Cost": 890764.03, "Total Cost": 890764.04, "Plan Rows": 1, "Plan Width": 32, "Plans": [{"Node Type": "Aggregate", "Strategy": "Plain", "Partial Mode": "Finalize", "Parent Relationship": "Outer", "Parallel Aware": false, "Startup Cost": 890764.03, "Total Cost": 890764.04, "Plan Rows": 1, "Plan Width": 32, "Plans": [{"Node Type": "Gather", "Parent Relationship": "Outer", "Parallel Aware": false, "Startup Cost": 890763.68, "Total Cost": 890763.99, "Plan Rows": 3, "Plan Width": 64, "Workers Planned": 3, "Single Copy": false, "Plans": [{"Node Type": "Aggregate", "Strategy": "Plain", "Partial Mode": "Partial", "Parent Relationship": "Outer", "Parallel Aware": false, "Startup Cost": 889763.68, "Total Cost": 889763.69, "Plan Rows": 1, "Plan Width": 64, "Plans": [{"Node Type": "Hash Join", "Parent Relationship": "Outer", "Parallel Aware": true, "Join Type": "Inner", "Startup Cost": 827495.2, "Total Cost": 885392.05, "Plan Rows": 249807, "Plan Width": 33, "Inner Unique": false, "Hash Cond": "(part.p_partkey = lineitem.l_partkey)", "Plans": [{"Node Type": "Seq Scan", "Parent Relationship": "Outer", "Parallel Aware": true, "Relation Name": "part", "Alias": "part", "Startup Cost": 0.0, "Total Cost": 47413.61, "Plan Rows": 645161, "Plan Width": 25}, {"Node Type": "Hash", "Parent Relationship": "Inner", "Parallel Aware": true, "Startup Cost": 824372.61, "Total Cost": 824372.61, "Plan Rows": 249807, "Plan Width": 16, "Plans": [{"Node Type": "Bitmap Heap Scan", "Parent Relationship": "Outer", "Parallel Aware": true, "Relation Name": "lineitem", "Alias": "lineitem", "Startup Cost": 11222.78, "Total Cost": 824372.61, "Plan Rows": 249807, "Plan Width": 16, "Recheck Cond": "((l_shipdate >= '1994-07-01'::date) AND (l_shipdate < '1994-08-01 00:00:00'::timestamp without time zone))", "Plans": [{"Node Type": "Bitmap Index Scan", "Parent Relationship": "Outer", "Parallel Aware": false, "Index Name": "idx_lineitem_shipdate", "Startup Cost": 0.0, "Total Cost": 11029.18, "Plan Rows": 774401, "Plan Width": 0, "Index Cond": "((l_shipdate >= '1994-07-01'::date) AND (l_shipdate < '1994-08-01 00:00:00'::timestamp without time zone))"}]}]}]}]}]}]}]}}, {"Plan": {"Node Type": "Limit", "Parallel Aware": false, "Startup Cost": 890764.03, "Total Cost": 890764.04, "Plan Rows": 1, "Plan Width": 32, "Plans": [{"Node Type": "Aggregate", "Strategy": "Plain", "Partial Mode": "Finalize", "Parent Relationship": "Outer", "Parallel Aware": false, "Startup Cost": 890764.03, "Total Cost": 890764.04, "Plan Rows": 1, "Plan Width": 32, "Plans": [{"Node Type": "Gather", "Parent Relationship": "Outer", "Parallel Aware": false, "Startup Cost": 890763.68, "Total Cost": 890763.99, "Plan Rows": 3, "Plan Width": 64, "Workers Planned": 3, "Single Copy": false, "Plans": [{"Node Type": "Aggregate", "Strategy": "Plain", "Partial Mode": "Partial", "Parent Relationship": "Outer", "Parallel Aware": false, "Startup Cost": 889763.68, "Total Cost": 889763.69, "Plan Rows": 1, "Plan Width": 64, "Plans": [{"Node Type": "Hash Join", "Parent Relationship": "Outer", "Parallel Aware": true, "Join Type": "Inner", "Startup Cost": 827495.2, "Total Cost": 885392.05, "Plan Rows": 249807, "Plan Width": 33, "Inner Unique": false, "Hash Cond": "(part.p_partkey = lineitem.l_partkey)", "Plans": [{"Node Type": "Seq Scan", "Parent Relationship": "Outer", "Parallel Aware": true, "Relation Name": "part", "Alias": "part", "Startup Cost": 0.0, "Total Cost": 47413.61, "Plan Rows": 645161, "Plan Width": 25}, {"Node Type": "Hash", "Parent Relationship": "Inner", "Parallel Aware": true, "Startup Cost": 824372.61, "Total Cost": 824372.61, "Plan Rows": 249807, "Plan Width": 16, "Plans": [{"Node Type": "Bitmap Heap Scan", "Parent Relationship": "Outer", "Parallel Aware": true, "Relation Name": "lineitem", "Alias": "lineitem", "Startup Cost": 11222.78, "Total Cost": 824372.61, "Plan Rows": 249807, "Plan Width": 16, "Recheck Cond": "((l_shipdate >= '1994-07-01'::date) AND (l_shipdate < '1994-08-01 00:00:00'::timestamp without time zone))", "Plans": [{"Node Type": "Bitmap Index Scan", "Parent Relationship": "Outer", "Parallel Aware": false, "Index Name": "idx_lineitem_shipdate", "Startup Cost": 0.0, "Total Cost": 11029.18, "Plan Rows": 774401, "Plan Width": 0, "Index Cond": "((l_shipdate >= '1994-07-01'::date) AND (l_shipdate < '1994-08-01 00:00:00'::timestamp without time zone))"}]}]}]}]}]}]}]}}, {"Plan": {"Node Type": "Limit", "Parallel Aware": false, "Startup Cost": 890764.03, "Total Cost": 890764.04, "Plan Rows": 1, "Plan Width": 32, "Plans": [{"Node Type": "Aggregate", "Strategy": "Plain", "Partial Mode": "Finalize", "Parent Relationship": "Outer", "Parallel Aware": false, "Startup Cost": 890764.03, "Total Cost": 890764.04, "Plan Rows": 1, "Plan Width": 32, "Plans": [{"Node Type": "Gather", "Parent Relationship": "Outer", "Parallel Aware": false, "Startup Cost": 890763.68, "Total Cost": 890763.99, "Plan Rows": 3, "Plan Width": 64, "Workers Planned": 3, "Single Copy": false, "Plans": [{"Node Type": "Aggregate", "Strategy": "Plain", "Partial Mode": "Partial", "Parent Relationship": "Outer", "Parallel Aware": false, "Startup Cost": 889763.68, "Total Cost": 889763.69, "Plan Rows": 1, "Plan Width": 64, "Plans": [{"Node Type": "Hash Join", "Parent Relationship": "Outer", "Parallel Aware": true, "Join Type": "Inner", "Startup Cost": 827495.2, "Total Cost": 885392.05, "Plan Rows": 249807, "Plan Width": 33, "Inner Unique": false, "Hash Cond": "(part.p_partkey = lineitem.l_partkey)", "Plans": [{"Node Type": "Seq Scan", "Parent Relationship": "Outer", "Parallel Aware": true, "Relation Name": "part", "Alias": "part", "Startup Cost": 0.0, "Total Cost": 47413.61, "Plan Rows": 645161, "Plan Width": 25}, {"Node Type": "Hash", "Parent Relationship": "Inner", "Parallel Aware": true, "Startup Cost": 824372.61, "Total Cost": 824372.61, "Plan Rows": 249807, "Plan Width": 16, "Plans": [{"Node Type": "Bitmap Heap Scan", "Parent Relationship": "Outer", "Parallel Aware": true, "Relation Name": "lineitem", "Alias": "lineitem", "Startup Cost": 11222.78, "Total Cost": 824372.61, "Plan Rows": 249807, "Plan Width": 16, "Recheck Cond": "((l_shipdate >= '1994-07-01'::date) AND (l_shipdate < '1994-08-01 00:00:00'::timestamp without time zone))", "Plans": [{"Node Type": "Bitmap Index Scan", "Parent Relationship": "Outer", "Parallel Aware": false, "Index Name": "idx_lineitem_shipdate", "Startup Cost": 0.0, "Total Cost": 11029.18, "Plan Rows": 774401, "Plan Width": 0, "Index Cond": "((l_shipdate >= '1994-07-01'::date) AND (l_shipdate < '1994-08-01 00:00:00'::timestamp without time zone))"}]}]}]}]}]}]}]}}, {"Plan": {"Node Type": "Limit", "Parallel Aware": false, "Startup Cost": 890764.03, "Total Cost": 890764.04, "Plan Rows": 1, "Plan Width": 32, "Plans": [{"Node Type": "Aggregate", "Strategy": "Plain", "Partial Mode": "Finalize", "Parent Relationship": "Outer", "Parallel Aware": false, "Startup Cost": 890764.03, "Total Cost": 890764.04, "Plan Rows": 1, "Plan Width": 32, "Plans": [{"Node Type": "Gather", "Parent Relationship": "Outer", "Parallel Aware": false, "Startup Cost": 890763.68, "Total Cost": 890763.99, "Plan Rows": 3, "Plan Width": 64, "Workers Planned": 3, "Single Copy": false, "Plans": [{"Node Type": "Aggregate", "Strategy": "Plain", "Partial Mode": "Partial", "Parent Relationship": "Outer", "Parallel Aware": false, "Startup Cost": 889763.68, "Total Cost": 889763.69, "Plan Rows": 1, "Plan Width": 64, "Plans": [{"Node Type": "Hash Join", "Parent Relationship": "Outer", "Parallel Aware": true, "Join Type": "Inner", "Startup Cost": 827495.2, "Total Cost": 885392.05, "Plan Rows": 249807, "Plan Width": 33, "Inner Unique": false, "Hash Cond": "(part.p_partkey = lineitem.l_partkey)", "Plans": [{"Node Type": "Seq Scan", "Parent Relationship": "Outer", "Parallel Aware": true, "Relation Name": "part", "Alias": "part", "Startup Cost": 0.0, "Total Cost": 47413.61, "Plan Rows": 645161, "Plan Width": 25}, {"Node Type": "Hash", "Parent Relationship": "Inner", "Parallel Aware": true, "Startup Cost": 824372.61, "Total Cost": 824372.61, "Plan Rows": 249807, "Plan Width": 16, "Plans": [{"Node Type": "Bitmap Heap Scan", "Parent Relationship": "Outer", "Parallel Aware": true, "Relation Name": "lineitem", "Alias": "lineitem", "Startup Cost": 11222.78, "Total Cost": 824372.61, "Plan Rows": 249807, "Plan Width": 16, "Recheck Cond": "((l_shipdate >= '1994-07-01'::date) AND (l_shipdate < '1994-08-01 00:00:00'::timestamp without time zone))", "Plans": [{"Node Type": "Bitmap Index Scan", "Parent Relationship": "Outer", "Parallel Aware": false, "Index Name": "idx_lineitem_shipdate", "Startup Cost": 0.0, "Total Cost": 11029.18, "Plan Rows": 774401, "Plan Width": 0, "Index Cond": "((l_shipdate >= '1994-07-01'::date) AND (l_shipdate < '1994-08-01 00:00:00'::timestamp without time zone))"}]}]}]}]}]}]}]}}, {"Plan": {"Node Type": "Limit", "Parallel Aware": false, "Startup Cost": 760698.53, "Total Cost": 760698.54, "Plan Rows": 1, "Plan Width": 32, "Plans": [{"Node Type": "Aggregate", "Strategy": "Plain", "Partial Mode": "Finalize", "Parent Relationship": "Outer", "Parallel Aware": false, "Startup Cost": 760698.53, "Total Cost": 760698.54, "Plan Rows": 1, "Plan Width": 32, "Plans": [{"Node Type": "Gather", "Parent Relationship": "Outer", "Parallel Aware": false, "Startup Cost": 760698.18, "Total Cost": 760698.49, "Plan Rows": 3, "Plan Width": 64, "Workers Planned": 3, "Single Copy": false, "Plans": [{"Node Type": "Aggregate", "Strategy": "Plain", "Partial Mode": "Partial", "Parent Relationship": "Outer", "Parallel Aware": false, "Startup Cost": 759698.18, "Total Cost": 759698.19, "Plan Rows": 1, "Plan Width": 64, "Plans": [{"Node Type": "Merge Join", "Parent Relationship": "Outer", "Parallel Aware": false, "Join Type": "Inner", "Startup Cost": 669582.77, "Total Cost": 755326.56, "Plan Rows": 249807, "Plan Width": 33, "Inner Unique": true, "Merge Cond": "(lineitem.l_partkey = part.p_partkey)", "Plans": [{"Node Type": "Sort", "Parent Relationship": "Outer", "Parallel Aware": false, "Startup Cost": 669582.33, "Total Cost": 670206.85, "Plan Rows": 249807, "Plan Width": 16, "Sort Key": ["lineitem.l_partkey"], "Plans": [{"Node Type": "Index Scan", "Parent Relationship": "Outer", "Parallel Aware": true, "Scan Direction": "Forward", "Index Name": "idx_lineitem_shipdate", "Relation Name": "lineitem", "Alias": "lineitem", "Startup Cost": 0.56, "Total Cost": 647186.57, "Plan Rows": 249807, "Plan Width": 16, "Index Cond": "((l_shipdate >= '1994-07-01'::date) AND (l_shipdate < '1994-08-01 00:00:00'::timestamp without time zone))"}]}, {"Node Type": "Index Scan", "Parent Relationship": "Inner", "Parallel Aware": false, "Scan Direction": "Forward", "Index Name": "part_pkey", "Relation Name": "part", "Alias": "part", "Startup Cost": 0.43, "Total Cost": 76998.23, "Plan Rows": 2000000, "Plan Width": 25}]}]}]}]}]}}, {"Plan": {"Node Type": "Limit", "Parallel Aware": false, "Startup Cost": 760698.53, "Total Cost": 760698.54, "Plan Rows": 1, "Plan Width": 32, "Plans": [{"Node Type": "Aggregate", "Strategy": "Plain", "Partial Mode": "Finalize", "Parent Relationship": "Outer", "Parallel Aware": false, "Startup Cost": 760698.53, "Total Cost": 760698.54, "Plan Rows": 1, "Plan Width": 32, "Plans": [{"Node Type": "Gather", "Parent Relationship": "Outer", "Parallel Aware": false, "Startup Cost": 760698.18, "Total Cost": 760698.49, "Plan Rows": 3, "Plan Width": 64, "Workers Planned": 3, "Single Copy": false, "Plans": [{"Node Type": "Aggregate", "Strategy": "Plain", "Partial Mode": "Partial", "Parent Relationship": "Outer", "Parallel Aware": false, "Startup Cost": 759698.18, "Total Cost": 759698.19, "Plan Rows": 1, "Plan Width": 64, "Plans": [{"Node Type": "Merge Join", "Parent Relationship": "Outer", "Parallel Aware": false, "Join Type": "Inner", "Startup Cost": 669582.77, "Total Cost": 755326.56, "Plan Rows": 249807, "Plan Width": 33, "Inner Unique": true, "Merge Cond": "(lineitem.l_partkey = part.p_partkey)", "Plans": [{"Node Type": "Sort", "Parent Relationship": "Outer", "Parallel Aware": false, "Startup Cost": 669582.33, "Total Cost": 670206.85, "Plan Rows": 249807, "Plan Width": 16, "Sort Key": ["lineitem.l_partkey"], "Plans": [{"Node Type": "Index Scan", "Parent Relationship": "Outer", "Parallel Aware": true, "Scan Direction": "Forward", "Index Name": "idx_lineitem_shipdate", "Relation Name": "lineitem", "Alias": "lineitem", "Startup Cost": 0.56, "Total Cost": 647186.57, "Plan Rows": 249807, "Plan Width": 16, "Index Cond": "((l_shipdate >= '1994-07-01'::date) AND (l_shipdate < '1994-08-01 00:00:00'::timestamp without time zone))"}]}, {"Node Type": "Index Scan", "Parent Relationship": "Inner", "Parallel Aware": false, "Scan Direction": "Forward", "Index Name": "part_pkey", "Relation Name": "part", "Alias": "part", "Startup Cost": 0.43, "Total Cost": 76998.23, "Plan Rows": 2000000, "Plan Width": 25}]}]}]}]}]}}, {"Plan": {"Node Type": "Limit", "Parallel Aware": false, "Startup Cost": 780204.57, "Total Cost": 780204.59, "Plan Rows": 1, "Plan Width": 32, "Plans": [{"Node Type": "Aggregate", "Strategy": "Plain", "Partial Mode": "Finalize", "Parent Relationship": "Outer", "Parallel Aware": false, "Startup Cost": 780204.57, "Total Cost": 780204.59, "Plan Rows": 1, "Plan Width": 32, "Plans": [{"Node Type": "Gather", "Parent Relationship": "Outer", "Parallel Aware": false, "Startup Cost": 780204.23, "Total Cost": 780204.54, "Plan Rows": 3, "Plan Width": 64, "Workers Planned": 3, "Single Copy": false, "Plans": [{"Node Type": "Aggregate", "Strategy": "Plain", "Partial Mode": "Partial", "Parent Relationship": "Outer", "Parallel Aware": false, "Startup Cost": 779204.23, "Total Cost": 779204.24, "Plan Rows": 1, "Plan Width": 64, "Plans": [{"Node Type": "Nested Loop", "Parent Relationship": "Outer", "Parallel Aware": false, "Join Type": "Inner", "Startup Cost": 0.99, "Total Cost": 774832.6, "Plan Rows": 249807, "Plan Width": 33, "Inner Unique": true, "Plans": [{"Node Type": "Index Scan", "Parent Relationship": "Outer", "Parallel Aware": true, "Scan Direction": "Forward", "Index Name": "idx_lineitem_shipdate", "Relation Name": "lineitem", "Alias": "lineitem", "Startup Cost": 0.56, "Total Cost": 647186.57, "Plan Rows": 249807, "Plan Width": 16, "Index Cond": "((l_shipdate >= '1994-07-01'::date) AND (l_shipdate < '1994-08-01 00:00:00'::timestamp without time zone))"}, {"Node Type": "Index Scan", "Parent Relationship": "Inner", "Parallel Aware": false, "Scan Direction": "Forward", "Index Name": "part_pkey", "Relation Name": "part", "Alias": "part", "Startup Cost": 0.43, "Total Cost": 0.51, "Plan Rows": 1, "Plan Width": 25, "Index Cond": "(p_partkey = lineitem.l_partkey)"}]}]}]}]}]}}, {"Plan": {"Node Type": "Limit", "Parallel Aware": false, "Startup Cost": 814672.45, "Total Cost": 814672.46, "Plan Rows": 1, "Plan Width": 32, "Plans": [{"Node Type": "Aggregate", "Strategy": "Plain", "Partial Mode": "Finalize", "Parent Relationship": "Outer", "Parallel Aware": false, "Startup Cost": 814672.45, "Total Cost": 814672.46, "Plan Rows": 1, "Plan Width": 32, "Plans": [{"Node Type": "Gather", "Parent Relationship": "Outer", "Parallel Aware": false, "Startup Cost": 814672.1, "Total Cost": 814672.41, "Plan Rows": 3, "Plan Width": 64, "Workers Planned": 3, "Single Copy": false, "Plans": [{"Node Type": "Aggregate", "Strategy": "Plain", "Partial Mode": "Partial", "Parent Relationship": "Outer", "Parallel Aware": false, "Startup Cost": 813672.1, "Total Cost": 813672.11, "Plan Rows": 1, "Plan Width": 64, "Plans": [{"Node Type": "Merge Join", "Parent Relationship": "Outer", "Parallel Aware": false, "Join Type": "Inner", "Startup Cost": 735933.03, "Total Cost": 809300.48, "Plan Rows": 249807, "Plan Width": 33, "Inner Unique": false, "Merge Cond": "(part.p_partkey = lineitem.l_partkey)", "Plans": [{"Node Type": "Index Scan", "Parent Relationship": "Outer", "Parallel Aware": true, "Scan Direction": "Forward", "Index Name": "part_pkey", "Relation Name": "part", "Alias": "part", "Startup Cost": 0.43, "Total Cost": 63449.84, "Plan Rows": 645161, "Plan Width": 25}, {"Node Type": "Materialize", "Parent Relationship": "Inner", "Parallel Aware": false, "Startup Cost": 735932.56, "Total Cost": 739804.57, "Plan Rows": 774401, "Plan Width": 16, "Plans": [{"Node Type": "Sort", "Parent Relationship": "Outer", "Parallel Aware": false, "Startup Cost": 735932.56, "Total Cost": 737868.57, "Plan Rows": 774401, "Plan Width": 16, "Sort Key": ["lineitem.l_partkey"], "Plans": [{"Node Type": "Index Scan", "Parent Relationship": "Outer", "Parallel Aware": false, "Scan Direction": "Forward", "Index Name": "idx_lineitem_shipdate", "Relation Name": "lineitem", "Alias": "lineitem", "Startup Cost": 0.56, "Total Cost": 652432.51, "Plan Rows": 774401, "Plan Width": 16, "Index Cond": "((l_shipdate >= '1994-07-01'::date) AND (l_shipdate < '1994-08-01 00:00:00'::timestamp without time zone))"}]}]}]}]}]}]}]}}, {"Plan": {"Node Type": "Limit", "Parallel Aware": false, "Startup Cost": 780204.57, "Total Cost": 780204.59, "Plan Rows": 1, "Plan Width": 32, "Plans": [{"Node Type": "Aggregate", "Strategy": "Plain", "Partial Mode": "Finalize", "Parent Relationship": "Outer", "Parallel Aware": false, "Startup Cost": 780204.57, "Total Cost": 780204.59, "Plan Rows": 1, "Plan Width": 32, "Plans": [{"Node Type": "Gather", "Parent Relationship": "Outer", "Parallel Aware": false, "Startup Cost": 780204.23, "Total Cost": 780204.54, "Plan Rows": 3, "Plan Width": 64, "Workers Planned": 3, "Single Copy": false, "Plans": [{"Node Type": "Aggregate", "Strategy": "Plain", "Partial Mode": "Partial", "Parent Relationship": "Outer", "Parallel Aware": false, "Startup Cost": 779204.23, "Total Cost": 779204.24, "Plan Rows": 1, "Plan Width": 64, "Plans": [{"Node Type": "Nested Loop", "Parent Relationship": "Outer", "Parallel Aware": false, "Join Type": "Inner", "Startup Cost": 0.99, "Total Cost": 774832.6, "Plan Rows": 249807, "Plan Width": 33, "Inner Unique": true, "Plans": [{"Node Type": "Index Scan", "Parent Relationship": "Outer", "Parallel Aware": true, "Scan Direction": "Forward", "Index Name": "idx_lineitem_shipdate", "Relation Name": "lineitem", "Alias": "lineitem", "Startup Cost": 0.56, "Total Cost": 647186.57, "Plan Rows": 249807, "Plan Width": 16, "Index Cond": "((l_shipdate >= '1994-07-01'::date) AND (l_shipdate < '1994-08-01 00:00:00'::timestamp without time zone))"}, {"Node Type": "Index Scan", "Parent Relationship": "Inner", "Parallel Aware": false, "Scan Direction": "Forward", "Index Name": "part_pkey", "Relation Name": "part", "Alias": "part", "Startup Cost": 0.43, "Total Cost": 0.51, "Plan Rows": 1, "Plan Width": 25, "Index Cond": "(p_partkey = lineitem.l_partkey)"}]}]}]}]}]}}, {"Plan": {"Node Type": "Limit", "Parallel Aware": false, "Startup Cost": 780204.57, "Total Cost": 780204.59, "Plan Rows": 1, "Plan Width": 32, "Plans": [{"Node Type": "Aggregate", "Strategy": "Plain", "Partial Mode": "Finalize", "Parent Relationship": "Outer", "Parallel Aware": false, "Startup Cost": 780204.57, "Total Cost": 780204.59, "Plan Rows": 1, "Plan Width": 32, "Plans": [{"Node Type": "Gather", "Parent Relationship": "Outer", "Parallel Aware": false, "Startup Cost": 780204.23, "Total Cost": 780204.54, "Plan Rows": 3, "Plan Width": 64, "Workers Planned": 3, "Single Copy": false, "Plans": [{"Node Type": "Aggregate", "Strategy": "Plain", "Partial Mode": "Partial", "Parent Relationship": "Outer", "Parallel Aware": false, "Startup Cost": 779204.23, "Total Cost": 779204.24, "Plan Rows": 1, "Plan Width": 64, "Plans": [{"Node Type": "Nested Loop", "Parent Relationship": "Outer", "Parallel Aware": false, "Join Type": "Inner", "Startup Cost": 0.99, "Total Cost": 774832.6, "Plan Rows": 249807, "Plan Width": 33, "Inner Unique": true, "Plans": [{"Node Type": "Index Scan", "Parent Relationship": "Outer", "Parallel Aware": true, "Scan Direction": "Forward", "Index Name": "idx_lineitem_shipdate", "Relation Name": "lineitem", "Alias": "lineitem", "Startup Cost": 0.56, "Total Cost": 647186.57, "Plan Rows": 249807, "Plan Width": 16, "Index Cond": "((l_shipdate >= '1994-07-01'::date) AND (l_shipdate < '1994-08-01 00:00:00'::timestamp without time zone))"}, {"Node Type": "Index Scan", "Parent Relationship": "Inner", "Parallel Aware": false, "Scan Direction": "Forward", "Index Name": "part_pkey", "Relation Name": "part", "Alias": "part", "Startup Cost": 0.43, "Total Cost": 0.51, "Plan Rows": 1, "Plan Width": 25, "Index Cond": "(p_partkey = lineitem.l_partkey)"}]}]}]}]}]}}, {"Plan": {"Node Type": "Limit", "Parallel Aware": false, "Startup Cost": 10002506049.03, "Total Cost": 10002506049.05, "Plan Rows": 1, "Plan Width": 32, "Plans": [{"Node Type": "Aggregate", "Strategy": "Plain", "Partial Mode": "Simple", "Parent Relationship": "Outer", "Parallel Aware": false, "Startup Cost": 10002506049.03, "Total Cost": 10002506049.05, "Plan Rows": 1, "Plan Width": 32, "Plans": [{"Node Type": "Nested Loop", "Parent Relationship": "Outer", "Parallel Aware": false, "Join Type": "Inner", "Startup Cost": 10000011223.22, "Total Cost": 10002492497.01, "Plan Rows": 774401, "Plan Width": 33, "Inner Unique": true, "Plans": [{"Node Type": "Bitmap Heap Scan", "Parent Relationship": "Outer", "Parallel Aware": false, "Relation Name": "lineitem", "Alias": "lineitem", "Startup Cost": 11222.78, "Total Cost": 1287882.16, "Plan Rows": 774401, "Plan Width": 16, "Recheck Cond": "((l_shipdate >= '1994-07-01'::date) AND (l_shipdate < '1994-08-01 00:00:00'::timestamp without time zone))", "Plans": [{"Node Type": "Bitmap Index Scan", "Parent Relationship": "Outer", "Parallel Aware": false, "Index Name": "idx_lineitem_shipdate", "Startup Cost": 0.0, "Total Cost": 11029.18, "Plan Rows": 774401, "Plan Width": 0, "Index Cond": "((l_shipdate >= '1994-07-01'::date) AND (l_shipdate < '1994-08-01 00:00:00'::timestamp without time zone))"}]}, {"Node Type": "Bitmap Heap Scan", "Parent Relationship": "Inner", "Parallel Aware": false, "Relation Name": "part", "Alias": "part", "Startup Cost": 0.44, "Total Cost": 1.56, "Plan Rows": 1, "Plan Width": 25, "Recheck Cond": "(p_partkey = lineitem.l_partkey)", "Plans": [{"Node Type": "Bitmap Index Scan", "Parent Relationship": "Outer", "Parallel Aware": false, "Index Name": "part_pkey", "Startup Cost": 0.0, "Total Cost": 0.44, "Plan Rows": 1, "Plan Width": 0, "Index Cond": "(p_partkey = lineitem.l_partkey)"}]}]}]}]}}, {"Plan": {"Node Type": "Limit", "Parallel Aware": false, "Startup Cost": 1218330.37, "Total Cost": 1218330.38, "Plan Rows": 1, "Plan Width": 32, "Plans": [{"Node Type": "Aggregate", "Strategy": "Plain", "Partial Mode": "Finalize", "Parent Relationship": "Outer", "Parallel Aware": false, "Startup Cost": 1218330.37, "Total Cost": 1218330.38, "Plan Rows": 1, "Plan Width": 32, "Plans": [{"Node Type": "Gather", "Parent Relationship": "Outer", "Parallel Aware": false, "Startup Cost": 1218330.02, "Total Cost": 1218330.33, "Plan Rows": 3, "Plan Width": 64, "Workers Planned": 3, "Single Copy": false, "Plans": [{"Node Type": "Aggregate", "Strategy": "Plain", "Partial Mode": "Partial", "Parent Relationship": "Outer", "Parallel Aware": false, "Startup Cost": 1217330.02, "Total Cost": 1217330.03, "Plan Rows": 1, "Plan Width": 64, "Plans": [{"Node Type": "Nested Loop", "Parent Relationship": "Outer", "Parallel Aware": false, "Join Type": "Inner", "Startup Cost": 11223.22, "Total Cost": 1212958.4, "Plan Rows": 249807, "Plan Width": 33, "Inner Unique": true, "Plans": [{"Node Type": "Bitmap Heap Scan", "Parent Relationship": "Outer", "Parallel Aware": true, "Relation Name": "lineitem", "Alias": "lineitem", "Startup Cost": 11222.78, "Total Cost": 824372.61, "Plan Rows": 249807, "Plan Width": 16, "Recheck Cond": "((l_shipdate >= '1994-07-01'::date) AND (l_shipdate < '1994-08-01 00:00:00'::timestamp without time zone))", "Plans": [{"Node Type": "Bitmap Index Scan", "Parent Relationship": "Outer", "Parallel Aware": false, "Index Name": "idx_lineitem_shipdate", "Startup Cost": 0.0, "Total Cost": 11029.18, "Plan Rows": 774401, "Plan Width": 0, "Index Cond": "((l_shipdate >= '1994-07-01'::date) AND (l_shipdate < '1994-08-01 00:00:00'::timestamp without time zone))"}]}, {"Node Type": "Bitmap Heap Scan", "Parent Relationship": "Inner", "Parallel Aware": false, "Relation Name": "part", "Alias": "part", "Startup Cost": 0.44, "Total Cost": 1.56, "Plan Rows": 1, "Plan Width": 25, "Recheck Cond": "(p_partkey = lineitem.l_partkey)", "Plans": [{"Node Type": "Bitmap Index Scan", "Parent Relationship": "Outer", "Parallel Aware": false, "Index Name": "part_pkey", "Startup Cost": 0.0, "Total Cost": 0.44, "Plan Rows": 1, "Plan Width": 0, "Index Cond": "(p_partkey = lineitem.l_partkey)"}]}]}]}]}]}]}}, {"Plan": {"Node Type": "Limit", "Parallel Aware": false, "Startup Cost": 1164192.6, "Total Cost": 1164192.62, "Plan Rows": 1, "Plan Width": 32, "Plans": [{"Node Type": "Aggregate", "Strategy": "Plain", "Partial Mode": "Finalize", "Parent Relationship": "Outer", "Parallel Aware": false, "Startup Cost": 1164192.6, "Total Cost": 1164192.62, "Plan Rows": 1, "Plan Width": 32, "Plans": [{"Node Type": "Gather", "Parent Relationship": "Outer", "Parallel Aware": false, "Startup Cost": 1164192.26, "Total Cost": 1164192.57, "Plan Rows": 3, "Plan Width": 64, "Workers Planned": 3, "Single Copy": false, "Plans": [{"Node Type": "Aggregate", "Strategy": "Plain", "Partial Mode": "Partial", "Parent Relationship": "Outer", "Parallel Aware": false, "Startup Cost": 1163192.26, "Total Cost": 1163192.27, "Plan Rows": 1, "Plan Width": 64, "Plans": [{"Node Type": "Merge Join", "Parent Relationship": "Outer", "Parallel Aware": false, "Join Type": "Inner", "Startup Cost": 1145073.67, "Total Cost": 1158820.63, "Plan Rows": 249807, "Plan Width": 33, "Inner Unique": true, "Merge Cond": "(lineitem.l_partkey = part.p_partkey)", "Plans": [{"Node Type": "Sort", "Parent Relationship": "Outer", "Parallel Aware": false, "Startup Cost": 846768.37, "Total Cost": 847392.89, "Plan Rows": 249807, "Plan Width": 16, "Sort Key": ["lineitem.l_partkey"], "Plans": [{"Node Type": "Bitmap Heap Scan", "Parent Relationship": "Outer", "Parallel Aware": true, "Relation Name": "lineitem", "Alias": "lineitem", "Startup Cost": 11222.78, "Total Cost": 824372.61, "Plan Rows": 249807, "Plan Width": 16, "Recheck Cond": "((l_shipdate >= '1994-07-01'::date) AND (l_shipdate < '1994-08-01 00:00:00'::timestamp without time zone))", "Plans": [{"Node Type": "Bitmap Index Scan", "Parent Relationship": "Outer", "Parallel Aware": false, "Index Name": "idx_lineitem_shipdate", "Startup Cost": 0.0, "Total Cost": 11029.18, "Plan Rows": 774401, "Plan Width": 0, "Index Cond": "((l_shipdate >= '1994-07-01'::date) AND (l_shipdate < '1994-08-01 00:00:00'::timestamp without time zone))"}]}]}, {"Node Type": "Sort", "Parent Relationship": "Inner", "Parallel Aware": false, "Startup Cost": 298305.29, "Total Cost": 303305.29, "Plan Rows": 2000000, "Plan Width": 25, "Sort Key": ["part.p_partkey"], "Plans": [{"Node Type": "Seq Scan", "Parent Relationship": "Outer", "Parallel Aware": false, "Relation Name": "part", "Alias": "part", "Startup Cost": 0.0, "Total Cost": 60962.0, "Plan Rows": 2000000, "Plan Width": 25}]}]}]}]}]}]}}, {"Plan": {"Node Type": "Limit", "Parallel Aware": false, "Startup Cost": 1164192.6, "Total Cost": 1164192.62, "Plan Rows": 1, "Plan Width": 32, "Plans": [{"Node Type": "Aggregate", "Strategy": "Plain", "Partial Mode": "Finalize", "Parent Relationship": "Outer", "Parallel Aware": false, "Startup Cost": 1164192.6, "Total Cost": 1164192.62, "Plan Rows": 1, "Plan Width": 32, "Plans": [{"Node Type": "Gather", "Parent Relationship": "Outer", "Parallel Aware": false, "Startup Cost": 1164192.26, "Total Cost": 1164192.57, "Plan Rows": 3, "Plan Width": 64, "Workers Planned": 3, "Single Copy": false, "Plans": [{"Node Type": "Aggregate", "Strategy": "Plain", "Partial Mode": "Partial", "Parent Relationship": "Outer", "Parallel Aware": false, "Startup Cost": 1163192.26, "Total Cost": 1163192.27, "Plan Rows": 1, "Plan Width": 64, "Plans": [{"Node Type": "Merge Join", "Parent Relationship": "Outer", "Parallel Aware": false, "Join Type": "Inner", "Startup Cost": 1145073.67, "Total Cost": 1158820.63, "Plan Rows": 249807, "Plan Width": 33, "Inner Unique": true, "Merge Cond": "(lineitem.l_partkey = part.p_partkey)", "Plans": [{"Node Type": "Sort", "Parent Relationship": "Outer", "Parallel Aware": false, "Startup Cost": 846768.37, "Total Cost": 847392.89, "Plan Rows": 249807, "Plan Width": 16, "Sort Key": ["lineitem.l_partkey"], "Plans": [{"Node Type": "Bitmap Heap Scan", "Parent Relationship": "Outer", "Parallel Aware": true, "Relation Name": "lineitem", "Alias": "lineitem", "Startup Cost": 11222.78, "Total Cost": 824372.61, "Plan Rows": 249807, "Plan Width": 16, "Recheck Cond": "((l_shipdate >= '1994-07-01'::date) AND (l_shipdate < '1994-08-01 00:00:00'::timestamp without time zone))", "Plans": [{"Node Type": "Bitmap Index Scan", "Parent Relationship": "Outer", "Parallel Aware": false, "Index Name": "idx_lineitem_shipdate", "Startup Cost": 0.0, "Total Cost": 11029.18, "Plan Rows": 774401, "Plan Width": 0, "Index Cond": "((l_shipdate >= '1994-07-01'::date) AND (l_shipdate < '1994-08-01 00:00:00'::timestamp without time zone))"}]}]}, {"Node Type": "Sort", "Parent Relationship": "Inner", "Parallel Aware": false, "Startup Cost": 298305.29, "Total Cost": 303305.29, "Plan Rows": 2000000, "Plan Width": 25, "Sort Key": ["part.p_partkey"], "Plans": [{"Node Type": "Seq Scan", "Parent Relationship": "Outer", "Parallel Aware": false, "Relation Name": "part", "Alias": "part", "Startup Cost": 0.0, "Total Cost": 60962.0, "Plan Rows": 2000000, "Plan Width": 25}]}]}]}]}]}]}}, {"Plan": {"Node Type": "Limit", "Parallel Aware": false, "Startup Cost": 1218330.37, "Total Cost": 1218330.38, "Plan Rows": 1, "Plan Width": 32, "Plans": [{"Node Type": "Aggregate", "Strategy": "Plain", "Partial Mode": "Finalize", "Parent Relationship": "Outer", "Parallel Aware": false, "Startup Cost": 1218330.37, "Total Cost": 1218330.38, "Plan Rows": 1, "Plan Width": 32, "Plans": [{"Node Type": "Gather", "Parent Relationship": "Outer", "Parallel Aware": false, "Startup Cost": 1218330.02, "Total Cost": 1218330.33, "Plan Rows": 3, "Plan Width": 64, "Workers Planned": 3, "Single Copy": false, "Plans": [{"Node Type": "Aggregate", "Strategy": "Plain", "Partial Mode": "Partial", "Parent Relationship": "Outer", "Parallel Aware": false, "Startup Cost": 1217330.02, "Total Cost": 1217330.03, "Plan Rows": 1, "Plan Width": 64, "Plans": [{"Node Type": "Nested Loop", "Parent Relationship": "Outer", "Parallel Aware": false, "Join Type": "Inner", "Startup Cost": 11223.22, "Total Cost": 1212958.4, "Plan Rows": 249807, "Plan Width": 33, "Inner Unique": true, "Plans": [{"Node Type": "Bitmap Heap Scan", "Parent Relationship": "Outer", "Parallel Aware": true, "Relation Name": "lineitem", "Alias": "lineitem", "Startup Cost": 11222.78, "Total Cost": 824372.61, "Plan Rows": 249807, "Plan Width": 16, "Recheck Cond": "((l_shipdate >= '1994-07-01'::date) AND (l_shipdate < '1994-08-01 00:00:00'::timestamp without time zone))", "Plans": [{"Node Type": "Bitmap Index Scan", "Parent Relationship": "Outer", "Parallel Aware": false, "Index Name": "idx_lineitem_shipdate", "Startup Cost": 0.0, "Total Cost": 11029.18, "Plan Rows": 774401, "Plan Width": 0, "Index Cond": "((l_shipdate >= '1994-07-01'::date) AND (l_shipdate < '1994-08-01 00:00:00'::timestamp without time zone))"}]}, {"Node Type": "Bitmap Heap Scan", "Parent Relationship": "Inner", "Parallel Aware": false, "Relation Name": "part", "Alias": "part", "Startup Cost": 0.44, "Total Cost": 1.56, "Plan Rows": 1, "Plan Width": 25, "Recheck Cond": "(p_partkey = lineitem.l_partkey)", "Plans": [{"Node Type": "Bitmap Index Scan", "Parent Relationship": "Outer", "Parallel Aware": false, "Index Name": "part_pkey", "Startup Cost": 0.0, "Total Cost": 0.44, "Plan Rows": 1, "Plan Width": 0, "Index Cond": "(p_partkey = lineitem.l_partkey)"}]}]}]}]}]}]}}, {"Plan": {"Node Type": "Limit", "Parallel Aware": false, "Startup Cost": 1218330.37, "Total Cost": 1218330.38, "Plan Rows": 1, "Plan Width": 32, "Plans": [{"Node Type": "Aggregate", "Strategy": "Plain", "Partial Mode": "Finalize", "Parent Relationship": "Outer", "Parallel Aware": false, "Startup Cost": 1218330.37, "Total Cost": 1218330.38, "Plan Rows": 1, "Plan Width": 32, "Plans": [{"Node Type": "Gather", "Parent Relationship": "Outer", "Parallel Aware": false, "Startup Cost": 1218330.02, "Total Cost": 1218330.33, "Plan Rows": 3, "Plan Width": 64, "Workers Planned": 3, "Single Copy": false, "Plans": [{"Node Type": "Aggregate", "Strategy": "Plain", "Partial Mode": "Partial", "Parent Relationship": "Outer", "Parallel Aware": false, "Startup Cost": 1217330.02, "Total Cost": 1217330.03, "Plan Rows": 1, "Plan Width": 64, "Plans": [{"Node Type": "Nested Loop", "Parent Relationship": "Outer", "Parallel Aware": false, "Join Type": "Inner", "Startup Cost": 11223.22, "Total Cost": 1212958.4, "Plan Rows": 249807, "Plan Width": 33, "Inner Unique": true, "Plans": [{"Node Type": "Bitmap Heap Scan", "Parent Relationship": "Outer", "Parallel Aware": true, "Relation Name": "lineitem", "Alias": "lineitem", "Startup Cost": 11222.78, "Total Cost": 824372.61, "Plan Rows": 249807, "Plan Width": 16, "Recheck Cond": "((l_shipdate >= '1994-07-01'::date) AND (l_shipdate < '1994-08-01 00:00:00'::timestamp without time zone))", "Plans": [{"Node Type": "Bitmap Index Scan", "Parent Relationship": "Outer", "Parallel Aware": false, "Index Name": "idx_lineitem_shipdate", "Startup Cost": 0.0, "Total Cost": 11029.18, "Plan Rows": 774401, "Plan Width": 0, "Index Cond": "((l_shipdate >= '1994-07-01'::date) AND (l_shipdate < '1994-08-01 00:00:00'::timestamp without time zone))"}]}, {"Node Type": "Bitmap Heap Scan", "Parent Relationship": "Inner", "Parallel Aware": false, "Relation Name": "part", "Alias": "part", "Startup Cost": 0.44, "Total Cost": 1.56, "Plan Rows": 1, "Plan Width": 25, "Recheck Cond": "(p_partkey = lineitem.l_partkey)", "Plans": [{"Node Type": "Bitmap Index Scan", "Parent Relationship": "Outer", "Parallel Aware": false, "Index Name": "part_pkey", "Startup Cost": 0.0, "Total Cost": 0.44, "Plan Rows": 1, "Plan Width": 0, "Index Cond": "(p_partkey = lineitem.l_partkey)"}]}]}]}]}]}]}}, {"Plan": {"Node Type": "Limit", "Parallel Aware": false, "Startup Cost": 760698.53, "Total Cost": 760698.54, "Plan Rows": 1, "Plan Width": 32, "Plans": [{"Node Type": "Aggregate", "Strategy": "Plain", "Partial Mode": "Finalize", "Parent Relationship": "Outer", "Parallel Aware": false, "Startup Cost": 760698.53, "Total Cost": 760698.54, "Plan Rows": 1, "Plan Width": 32, "Plans": [{"Node Type": "Gather", "Parent Relationship": "Outer", "Parallel Aware": false, "Startup Cost": 760698.18, "Total Cost": 760698.49, "Plan Rows": 3, "Plan Width": 64, "Workers Planned": 3, "Single Copy": false, "Plans": [{"Node Type": "Aggregate", "Strategy": "Plain", "Partial Mode": "Partial", "Parent Relationship": "Outer", "Parallel Aware": false, "Startup Cost": 759698.18, "Total Cost": 759698.19, "Plan Rows": 1, "Plan Width": 64, "Plans": [{"Node Type": "Merge Join", "Parent Relationship": "Outer", "Parallel Aware": false, "Join Type": "Inner", "Startup Cost": 669582.77, "Total Cost": 755326.56, "Plan Rows": 249807, "Plan Width": 33, "Inner Unique": true, "Merge Cond": "(lineitem.l_partkey = part.p_partkey)", "Plans": [{"Node Type": "Sort", "Parent Relationship": "Outer", "Parallel Aware": false, "Startup Cost": 669582.33, "Total Cost": 670206.85, "Plan Rows": 249807, "Plan Width": 16, "Sort Key": ["lineitem.l_partkey"], "Plans": [{"Node Type": "Index Scan", "Parent Relationship": "Outer", "Parallel Aware": true, "Scan Direction": "Forward", "Index Name": "idx_lineitem_shipdate", "Relation Name": "lineitem", "Alias": "lineitem", "Startup Cost": 0.56, "Total Cost": 647186.57, "Plan Rows": 249807, "Plan Width": 16, "Index Cond": "((l_shipdate >= '1994-07-01'::date) AND (l_shipdate < '1994-08-01 00:00:00'::timestamp without time zone))"}]}, {"Node Type": "Index Scan", "Parent Relationship": "Inner", "Parallel Aware": false, "Scan Direction": "Forward", "Index Name": "part_pkey", "Relation Name": "part", "Alias": "part", "Startup Cost": 0.43, "Total Cost": 76998.23, "Plan Rows": 2000000, "Plan Width": 25}]}]}]}]}]}}, {"Plan": {"Node Type": "Limit", "Parallel Aware": false, "Startup Cost": 760698.53, "Total Cost": 760698.54, "Plan Rows": 1, "Plan Width": 32, "Plans": [{"Node Type": "Aggregate", "Strategy": "Plain", "Partial Mode": "Finalize", "Parent Relationship": "Outer", "Parallel Aware": false, "Startup Cost": 760698.53, "Total Cost": 760698.54, "Plan Rows": 1, "Plan Width": 32, "Plans": [{"Node Type": "Gather", "Parent Relationship": "Outer", "Parallel Aware": false, "Startup Cost": 760698.18, "Total Cost": 760698.49, "Plan Rows": 3, "Plan Width": 64, "Workers Planned": 3, "Single Copy": false, "Plans": [{"Node Type": "Aggregate", "Strategy": "Plain", "Partial Mode": "Partial", "Parent Relationship": "Outer", "Parallel Aware": false, "Startup Cost": 759698.18, "Total Cost": 759698.19, "Plan Rows": 1, "Plan Width": 64, "Plans": [{"Node Type": "Merge Join", "Parent Relationship": "Outer", "Parallel Aware": false, "Join Type": "Inner", "Startup Cost": 669582.77, "Total Cost": 755326.56, "Plan Rows": 249807, "Plan Width": 33, "Inner Unique": true, "Merge Cond": "(lineitem.l_partkey = part.p_partkey)", "Plans": [{"Node Type": "Sort", "Parent Relationship": "Outer", "Parallel Aware": false, "Startup Cost": 669582.33, "Total Cost": 670206.85, "Plan Rows": 249807, "Plan Width": 16, "Sort Key": ["lineitem.l_partkey"], "Plans": [{"Node Type": "Index Scan", "Parent Relationship": "Outer", "Parallel Aware": true, "Scan Direction": "Forward", "Index Name": "idx_lineitem_shipdate", "Relation Name": "lineitem", "Alias": "lineitem", "Startup Cost": 0.56, "Total Cost": 647186.57, "Plan Rows": 249807, "Plan Width": 16, "Index Cond": "((l_shipdate >= '1994-07-01'::date) AND (l_shipdate < '1994-08-01 00:00:00'::timestamp without time zone))"}]}, {"Node Type": "Index Scan", "Parent Relationship": "Inner", "Parallel Aware": false, "Scan Direction": "Forward", "Index Name": "part_pkey", "Relation Name": "part", "Alias": "part", "Startup Cost": 0.43, "Total Cost": 76998.23, "Plan Rows": 2000000, "Plan Width": 25}]}]}]}]}]}}, {"Plan": {"Node Type": "Limit", "Parallel Aware": false, "Startup Cost": 780204.57, "Total Cost": 780204.59, "Plan Rows": 1, "Plan Width": 32, "Plans": [{"Node Type": "Aggregate", "Strategy": "Plain", "Partial Mode": "Finalize", "Parent Relationship": "Outer", "Parallel Aware": false, "Startup Cost": 780204.57, "Total Cost": 780204.59, "Plan Rows": 1, "Plan Width": 32, "Plans": [{"Node Type": "Gather", "Parent Relationship": "Outer", "Parallel Aware": false, "Startup Cost": 780204.23, "Total Cost": 780204.54, "Plan Rows": 3, "Plan Width": 64, "Workers Planned": 3, "Single Copy": false, "Plans": [{"Node Type": "Aggregate", "Strategy": "Plain", "Partial Mode": "Partial", "Parent Relationship": "Outer", "Parallel Aware": false, "Startup Cost": 779204.23, "Total Cost": 779204.24, "Plan Rows": 1, "Plan Width": 64, "Plans": [{"Node Type": "Nested Loop", "Parent Relationship": "Outer", "Parallel Aware": false, "Join Type": "Inner", "Startup Cost": 0.99, "Total Cost": 774832.6, "Plan Rows": 249807, "Plan Width": 33, "Inner Unique": true, "Plans": [{"Node Type": "Index Scan", "Parent Relationship": "Outer", "Parallel Aware": true, "Scan Direction": "Forward", "Index Name": "idx_lineitem_shipdate", "Relation Name": "lineitem", "Alias": "lineitem", "Startup Cost": 0.56, "Total Cost": 647186.57, "Plan Rows": 249807, "Plan Width": 16, "Index Cond": "((l_shipdate >= '1994-07-01'::date) AND (l_shipdate < '1994-08-01 00:00:00'::timestamp without time zone))"}, {"Node Type": "Index Scan", "Parent Relationship": "Inner", "Parallel Aware": false, "Scan Direction": "Forward", "Index Name": "part_pkey", "Relation Name": "part", "Alias": "part", "Startup Cost": 0.43, "Total Cost": 0.51, "Plan Rows": 1, "Plan Width": 25, "Index Cond": "(p_partkey = lineitem.l_partkey)"}]}]}]}]}]}}, {"Plan": {"Node Type": "Limit", "Parallel Aware": false, "Startup Cost": 814672.45, "Total Cost": 814672.46, "Plan Rows": 1, "Plan Width": 32, "Plans": [{"Node Type": "Aggregate", "Strategy": "Plain", "Partial Mode": "Finalize", "Parent Relationship": "Outer", "Parallel Aware": false, "Startup Cost": 814672.45, "Total Cost": 814672.46, "Plan Rows": 1, "Plan Width": 32, "Plans": [{"Node Type": "Gather", "Parent Relationship": "Outer", "Parallel Aware": false, "Startup Cost": 814672.1, "Total Cost": 814672.41, "Plan Rows": 3, "Plan Width": 64, "Workers Planned": 3, "Single Copy": false, "Plans": [{"Node Type": "Aggregate", "Strategy": "Plain", "Partial Mode": "Partial", "Parent Relationship": "Outer", "Parallel Aware": false, "Startup Cost": 813672.1, "Total Cost": 813672.11, "Plan Rows": 1, "Plan Width": 64, "Plans": [{"Node Type": "Merge Join", "Parent Relationship": "Outer", "Parallel Aware": false, "Join Type": "Inner", "Startup Cost": 735933.03, "Total Cost": 809300.48, "Plan Rows": 249807, "Plan Width": 33, "Inner Unique": false, "Merge Cond": "(part.p_partkey = lineitem.l_partkey)", "Plans": [{"Node Type": "Index Scan", "Parent Relationship": "Outer", "Parallel Aware": true, "Scan Direction": "Forward", "Index Name": "part_pkey", "Relation Name": "part", "Alias": "part", "Startup Cost": 0.43, "Total Cost": 63449.84, "Plan Rows": 645161, "Plan Width": 25}, {"Node Type": "Materialize", "Parent Relationship": "Inner", "Parallel Aware": false, "Startup Cost": 735932.56, "Total Cost": 739804.57, "Plan Rows": 774401, "Plan Width": 16, "Plans": [{"Node Type": "Sort", "Parent Relationship": "Outer", "Parallel Aware": false, "Startup Cost": 735932.56, "Total Cost": 737868.57, "Plan Rows": 774401, "Plan Width": 16, "Sort Key": ["lineitem.l_partkey"], "Plans": [{"Node Type": "Index Scan", "Parent Relationship": "Outer", "Parallel Aware": false, "Scan Direction": "Forward", "Index Name": "idx_lineitem_shipdate", "Relation Name": "lineitem", "Alias": "lineitem", "Startup Cost": 0.56, "Total Cost": 652432.51, "Plan Rows": 774401, "Plan Width": 16, "Index Cond": "((l_shipdate >= '1994-07-01'::date) AND (l_shipdate < '1994-08-01 00:00:00'::timestamp without time zone))"}]}]}]}]}]}]}]}}, {"Plan": {"Node Type": "Limit", "Parallel Aware": false, "Startup Cost": 780204.57, "Total Cost": 780204.59, "Plan Rows": 1, "Plan Width": 32, "Plans": [{"Node Type": "Aggregate", "Strategy": "Plain", "Partial Mode": "Finalize", "Parent Relationship": "Outer", "Parallel Aware": false, "Startup Cost": 780204.57, "Total Cost": 780204.59, "Plan Rows": 1, "Plan Width": 32, "Plans": [{"Node Type": "Gather", "Parent Relationship": "Outer", "Parallel Aware": false, "Startup Cost": 780204.23, "Total Cost": 780204.54, "Plan Rows": 3, "Plan Width": 64, "Workers Planned": 3, "Single Copy": false, "Plans": [{"Node Type": "Aggregate", "Strategy": "Plain", "Partial Mode": "Partial", "Parent Relationship": "Outer", "Parallel Aware": false, "Startup Cost": 779204.23, "Total Cost": 779204.24, "Plan Rows": 1, "Plan Width": 64, "Plans": [{"Node Type": "Nested Loop", "Parent Relationship": "Outer", "Parallel Aware": false, "Join Type": "Inner", "Startup Cost": 0.99, "Total Cost": 774832.6, "Plan Rows": 249807, "Plan Width": 33, "Inner Unique": true, "Plans": [{"Node Type": "Index Scan", "Parent Relationship": "Outer", "Parallel Aware": true, "Scan Direction": "Forward", "Index Name": "idx_lineitem_shipdate", "Relation Name": "lineitem", "Alias": "lineitem", "Startup Cost": 0.56, "Total Cost": 647186.57, "Plan Rows": 249807, "Plan Width": 16, "Index Cond": "((l_shipdate >= '1994-07-01'::date) AND (l_shipdate < '1994-08-01 00:00:00'::timestamp without time zone))"}, {"Node Type": "Index Scan", "Parent Relationship": "Inner", "Parallel Aware": false, "Scan Direction": "Forward", "Index Name": "part_pkey", "Relation Name": "part", "Alias": "part", "Startup Cost": 0.43, "Total Cost": 0.51, "Plan Rows": 1, "Plan Width": 25, "Index Cond": "(p_partkey = lineitem.l_partkey)"}]}]}]}]}]}}, {"Plan": {"Node Type": "Limit", "Parallel Aware": false, "Startup Cost": 780204.57, "Total Cost": 780204.59, "Plan Rows": 1, "Plan Width": 32, "Plans": [{"Node Type": "Aggregate", "Strategy": "Plain", "Partial Mode": "Finalize", "Parent Relationship": "Outer", "Parallel Aware": false, "Startup Cost": 780204.57, "Total Cost": 780204.59, "Plan Rows": 1, "Plan Width": 32, "Plans": [{"Node Type": "Gather", "Parent Relationship": "Outer", "Parallel Aware": false, "Startup Cost": 780204.23, "Total Cost": 780204.54, "Plan Rows": 3, "Plan Width": 64, "Workers Planned": 3, "Single Copy": false, "Plans": [{"Node Type": "Aggregate", "Strategy": "Plain", "Partial Mode": "Partial", "Parent Relationship": "Outer", "Parallel Aware": false, "Startup Cost": 779204.23, "Total Cost": 779204.24, "Plan Rows": 1, "Plan Width": 64, "Plans": [{"Node Type": "Nested Loop", "Parent Relationship": "Outer", "Parallel Aware": false, "Join Type": "Inner", "Startup Cost": 0.99, "Total Cost": 774832.6, "Plan Rows": 249807, "Plan Width": 33, "Inner Unique": true, "Plans": [{"Node Type": "Index Scan", "Parent Relationship": "Outer", "Parallel Aware": true, "Scan Direction": "Forward", "Index Name": "idx_lineitem_shipdate", "Relation Name": "lineitem", "Alias": "lineitem", "Startup Cost": 0.56, "Total Cost": 647186.57, "Plan Rows": 249807, "Plan Width": 16, "Index Cond": "((l_shipdate >= '1994-07-01'::date) AND (l_shipdate < '1994-08-01 00:00:00'::timestamp without time zone))"}, {"Node Type": "Index Scan", "Parent Relationship": "Inner", "Parallel Aware": false, "Scan Direction": "Forward", "Index Name": "part_pkey", "Relation Name": "part", "Alias": "part", "Startup Cost": 0.43, "Total Cost": 0.51, "Plan Rows": 1, "Plan Width": 25, "Index Cond": "(p_partkey = lineitem.l_partkey)"}]}]}]}]}]}}, {"Plan": {"Node Type": "Limit", "Parallel Aware": false, "Startup Cost": 1164192.6, "Total Cost": 1164192.62, "Plan Rows": 1, "Plan Width": 32, "Plans": [{"Node Type": "Aggregate", "Strategy": "Plain", "Partial Mode": "Finalize", "Parent Relationship": "Outer", "Parallel Aware": false, "Startup Cost": 1164192.6, "Total Cost": 1164192.62, "Plan Rows": 1, "Plan Width": 32, "Plans": [{"Node Type": "Gather", "Parent Relationship": "Outer", "Parallel Aware": false, "Startup Cost": 1164192.26, "Total Cost": 1164192.57, "Plan Rows": 3, "Plan Width": 64, "Workers Planned": 3, "Single Copy": false, "Plans": [{"Node Type": "Aggregate", "Strategy": "Plain", "Partial Mode": "Partial", "Parent Relationship": "Outer", "Parallel Aware": false, "Startup Cost": 1163192.26, "Total Cost": 1163192.27, "Plan Rows": 1, "Plan Width": 64, "Plans": [{"Node Type": "Merge Join", "Parent Relationship": "Outer", "Parallel Aware": false, "Join Type": "Inner", "Startup Cost": 1145073.67, "Total Cost": 1158820.63, "Plan Rows": 249807, "Plan Width": 33, "Inner Unique": true, "Merge Cond": "(lineitem.l_partkey = part.p_partkey)", "Plans": [{"Node Type": "Sort", "Parent Relationship": "Outer", "Parallel Aware": false, "Startup Cost": 846768.37, "Total Cost": 847392.89, "Plan Rows": 249807, "Plan Width": 16, "Sort Key": ["lineitem.l_partkey"], "Plans": [{"Node Type": "Bitmap Heap Scan", "Parent Relationship": "Outer", "Parallel Aware": true, "Relation Name": "lineitem", "Alias": "lineitem", "Startup Cost": 11222.78, "Total Cost": 824372.61, "Plan Rows": 249807, "Plan Width": 16, "Recheck Cond": "((l_shipdate >= '1994-07-01'::date) AND (l_shipdate < '1994-08-01 00:00:00'::timestamp without time zone))", "Plans": [{"Node Type": "Bitmap Index Scan", "Parent Relationship": "Outer", "Parallel Aware": false, "Index Name": "idx_lineitem_shipdate", "Startup Cost": 0.0, "Total Cost": 11029.18, "Plan Rows": 774401, "Plan Width": 0, "Index Cond": "((l_shipdate >= '1994-07-01'::date) AND (l_shipdate < '1994-08-01 00:00:00'::timestamp without time zone))"}]}]}, {"Node Type": "Sort", "Parent Relationship": "Inner", "Parallel Aware": false, "Startup Cost": 298305.29, "Total Cost": 303305.29, "Plan Rows": 2000000, "Plan Width": 25, "Sort Key": ["part.p_partkey"], "Plans": [{"Node Type": "Seq Scan", "Parent Relationship": "Outer", "Parallel Aware": false, "Relation Name": "part", "Alias": "part", "Startup Cost": 0.0, "Total Cost": 60962.0, "Plan Rows": 2000000, "Plan Width": 25}]}]}]}]}]}]}}, {"Plan": {"Node Type": "Limit", "Parallel Aware": false, "Startup Cost": 1164192.6, "Total Cost": 1164192.62, "Plan Rows": 1, "Plan Width": 32, "Plans": [{"Node Type": "Aggregate", "Strategy": "Plain", "Partial Mode": "Finalize", "Parent Relationship": "Outer", "Parallel Aware": false, "Startup Cost": 1164192.6, "Total Cost": 1164192.62, "Plan Rows": 1, "Plan Width": 32, "Plans": [{"Node Type": "Gather", "Parent Relationship": "Outer", "Parallel Aware": false, "Startup Cost": 1164192.26, "Total Cost": 1164192.57, "Plan Rows": 3, "Plan Width": 64, "Workers Planned": 3, "Single Copy": false, "Plans": [{"Node Type": "Aggregate", "Strategy": "Plain", "Partial Mode": "Partial", "Parent Relationship": "Outer", "Parallel Aware": false, "Startup Cost": 1163192.26, "Total Cost": 1163192.27, "Plan Rows": 1, "Plan Width": 64, "Plans": [{"Node Type": "Merge Join", "Parent Relationship": "Outer", "Parallel Aware": false, "Join Type": "Inner", "Startup Cost": 1145073.67, "Total Cost": 1158820.63, "Plan Rows": 249807, "Plan Width": 33, "Inner Unique": true, "Merge Cond": "(lineitem.l_partkey = part.p_partkey)", "Plans": [{"Node Type": "Sort", "Parent Relationship": "Outer", "Parallel Aware": false, "Startup Cost": 846768.37, "Total Cost": 847392.89, "Plan Rows": 249807, "Plan Width": 16, "Sort Key": ["lineitem.l_partkey"], "Plans": [{"Node Type": "Bitmap Heap Scan", "Parent Relationship": "Outer", "Parallel Aware": true, "Relation Name": "lineitem", "Alias": "lineitem", "Startup Cost": 11222.78, "Total Cost": 824372.61, "Plan Rows": 249807, "Plan Width": 16, "Recheck Cond": "((l_shipdate >= '1994-07-01'::date) AND (l_shipdate < '1994-08-01 00:00:00'::timestamp without time zone))", "Plans": [{"Node Type": "Bitmap Index Scan", "Parent Relationship": "Outer", "Parallel Aware": false, "Index Name": "idx_lineitem_shipdate", "Startup Cost": 0.0, "Total Cost": 11029.18, "Plan Rows": 774401, "Plan Width": 0, "Index Cond": "((l_shipdate >= '1994-07-01'::date) AND (l_shipdate < '1994-08-01 00:00:00'::timestamp without time zone))"}]}]}, {"Node Type": "Sort", "Parent Relationship": "Inner", "Parallel Aware": false, "Startup Cost": 298305.29, "Total Cost": 303305.29, "Plan Rows": 2000000, "Plan Width": 25, "Sort Key": ["part.p_partkey"], "Plans": [{"Node Type": "Seq Scan", "Parent Relationship": "Outer", "Parallel Aware": false, "Relation Name": "part", "Alias": "part", "Startup Cost": 0.0, "Total Cost": 60962.0, "Plan Rows": 2000000, "Plan Width": 25}]}]}]}]}]}]}}, {"Plan": {"Node Type": "Limit", "Parallel Aware": false, "Startup Cost": 1218330.37, "Total Cost": 1218330.38, "Plan Rows": 1, "Plan Width": 32, "Plans": [{"Node Type": "Aggregate", "Strategy": "Plain", "Partial Mode": "Finalize", "Parent Relationship": "Outer", "Parallel Aware": false, "Startup Cost": 1218330.37, "Total Cost": 1218330.38, "Plan Rows": 1, "Plan Width": 32, "Plans": [{"Node Type": "Gather", "Parent Relationship": "Outer", "Parallel Aware": false, "Startup Cost": 1218330.02, "Total Cost": 1218330.33, "Plan Rows": 3, "Plan Width": 64, "Workers Planned": 3, "Single Copy": false, "Plans": [{"Node Type": "Aggregate", "Strategy": "Plain", "Partial Mode": "Partial", "Parent Relationship": "Outer", "Parallel Aware": false, "Startup Cost": 1217330.02, "Total Cost": 1217330.03, "Plan Rows": 1, "Plan Width": 64, "Plans": [{"Node Type": "Nested Loop", "Parent Relationship": "Outer", "Parallel Aware": false, "Join Type": "Inner", "Startup Cost": 11223.22, "Total Cost": 1212958.4, "Plan Rows": 249807, "Plan Width": 33, "Inner Unique": true, "Plans": [{"Node Type": "Bitmap Heap Scan", "Parent Relationship": "Outer", "Parallel Aware": true, "Relation Name": "lineitem", "Alias": "lineitem", "Startup Cost": 11222.78, "Total Cost": 824372.61, "Plan Rows": 249807, "Plan Width": 16, "Recheck Cond": "((l_shipdate >= '1994-07-01'::date) AND (l_shipdate < '1994-08-01 00:00:00'::timestamp without time zone))", "Plans": [{"Node Type": "Bitmap Index Scan", "Parent Relationship": "Outer", "Parallel Aware": false, "Index Name": "idx_lineitem_shipdate", "Startup Cost": 0.0, "Total Cost": 11029.18, "Plan Rows": 774401, "Plan Width": 0, "Index Cond": "((l_shipdate >= '1994-07-01'::date) AND (l_shipdate < '1994-08-01 00:00:00'::timestamp without time zone))"}]}, {"Node Type": "Bitmap Heap Scan", "Parent Relationship": "Inner", "Parallel Aware": false, "Relation Name": "part", "Alias": "part", "Startup Cost": 0.44, "Total Cost": 1.56, "Plan Rows": 1, "Plan Width": 25, "Recheck Cond": "(p_partkey = lineitem.l_partkey)", "Plans": [{"Node Type": "Bitmap Index Scan", "Parent Relationship": "Outer", "Parallel Aware": false, "Index Name": "part_pkey", "Startup Cost": 0.0, "Total Cost": 0.44, "Plan Rows": 1, "Plan Width": 0, "Index Cond": "(p_partkey = lineitem.l_partkey)"}]}]}]}]}]}]}}, {"Plan": {"Node Type": "Limit", "Parallel Aware": false, "Startup Cost": 713577.98, "Total Cost": 713578.0, "Plan Rows": 1, "Plan Width": 32, "Plans": [{"Node Type": "Aggregate", "Strategy": "Plain", "Partial Mode": "Finalize", "Parent Relationship": "Outer", "Parallel Aware": false, "Startup Cost": 713577.98, "Total Cost": 713578.0, "Plan Rows": 1, "Plan Width": 32, "Plans": [{"Node Type": "Gather", "Parent Relationship": "Outer", "Parallel Aware": false, "Startup Cost": 713577.64, "Total Cost": 713577.95, "Plan Rows": 3, "Plan Width": 64, "Workers Planned": 3, "Single Copy": false, "Plans": [{"Node Type": "Aggregate", "Strategy": "Plain", "Partial Mode": "Partial", "Parent Relationship": "Outer", "Parallel Aware": false, "Startup Cost": 712577.64, "Total Cost": 712577.65, "Plan Rows": 1, "Plan Width": 64, "Plans": [{"Node Type": "Hash Join", "Parent Relationship": "Outer", "Parallel Aware": true, "Join Type": "Inner", "Startup Cost": 650309.15, "Total Cost": 708206.01, "Plan Rows": 249807, "Plan Width": 33, "Inner Unique": false, "Hash Cond": "(part.p_partkey = lineitem.l_partkey)", "Plans": [{"Node Type": "Seq Scan", "Parent Relationship": "Outer", "Parallel Aware": true, "Relation Name": "part", "Alias": "part", "Startup Cost": 0.0, "Total Cost": 47413.61, "Plan Rows": 645161, "Plan Width": 25}, {"Node Type": "Hash", "Parent Relationship": "Inner", "Parallel Aware": true, "Startup Cost": 647186.57, "Total Cost": 647186.57, "Plan Rows": 249807, "Plan Width": 16, "Plans": [{"Node Type": "Index Scan", "Parent Relationship": "Outer", "Parallel Aware": true, "Scan Direction": "Forward", "Index Name": "idx_lineitem_shipdate", "Relation Name": "lineitem", "Alias": "lineitem", "Startup Cost": 0.56, "Total Cost": 647186.57, "Plan Rows": 249807, "Plan Width": 16, "Index Cond": "((l_shipdate >= '1994-07-01'::date) AND (l_shipdate < '1994-08-01 00:00:00'::timestamp without time zone))"}]}]}]}]}]}]}}]