[{"Plan": {"Node Type": "Limit", "Parallel Aware": false, "Startup Cost": 10003037557.53, "Total Cost": 10003037661.96, "Plan Rows": 1, "Plan Width": 103, "Plans": [{"Node Type": "Aggregate", "Strategy": "Plain", "Partial Mode": "Simple", "Parent Relationship": "InitPlan", "Subplan Name": "InitPlan 1 (returns $1)", "Parallel Aware": false, "Startup Cost": 1543962.34, "Total Cost": 1543962.35, "Plan Rows": 1, "Plan Width": 32, "Plans": [{"Node Type": "Aggregate", "Strategy": "Sorted", "Partial Mode": "Finalize", "Parent Relationship": "Outer", "Parallel Aware": false, "Startup Cost": 1493594.3, "Total Cost": 1542715.66, "Plan Rows": 99734, "Plan Width": 36, "Group Key": ["lineitem_1.l_suppkey"], "Plans": [{"Node Type": "Gather Merge", "Parent Relationship": "Outer", "Parallel Aware": false, "Startup Cost": 1493594.3, "Total Cost": 1539224.97, "Plan Rows": 299202, "Plan Width": 36, "Workers Planned": 3, "Plans": [{"Node Type": "Aggregate", "Strategy": "Sorted", "Partial Mode": "Partial", "Parent Relationship": "Outer", "Parallel Aware": false, "Startup Cost": 1492594.26, "Total Cost": 1503068.7, "Plan Rows": 99734, "Plan Width": 36, "Group Key": ["lineitem_1.l_suppkey"], "Plans": [{"Node Type": "Sort", "Parent Relationship": "Outer", "Parallel Aware": false, "Startup Cost": 1492594.26, "Total Cost": 1494439.81, "Plan Rows": 738221, "Plan Width": 16, "Sort Key": ["lineitem_1.l_suppkey"], "Plans": [{"Node Type": "Bitmap Heap Scan", "Parent Relationship": "Outer", "Parallel Aware": true, "Relation Name": "lineitem", "Alias": "lineitem_1", "Startup Cost": 33163.93, "Total Cost": 1413250.74, "Plan Rows": 738221, "Plan Width": 16, "Recheck Cond": "((l_shipdate >= '1994-06-01'::date) AND (l_shipdate < '1994-09-01 00:00:00'::timestamp without time zone))", "Plans": [{"Node Type": "Bitmap Index Scan", "Parent Relationship": "Outer", "Parallel Aware": false, "Index Name": "idx_lineitem_shipdate", "Startup Cost": 0.0, "Total Cost": 32591.81, "Plan Rows": 2288484, "Plan Width": 0, "Index Cond": "((l_shipdate >= '1994-06-01'::date) AND (l_shipdate < '1994-09-01 00:00:00'::timestamp without time zone))"}]}]}]}]}]}]}, {"Node Type": "Nested Loop", "Parent Relationship": "Outer", "Parallel Aware": false, "Join Type": "Inner", "Startup Cost": 10001493595.18, "Total Cost": 10001545709.59, "Plan Rows": 499, "Plan Width": 103, "Inner Unique": true, "Plans": [{"Node Type": "Aggregate", "Strategy": "Sorted", "Partial Mode": "Finalize", "Parent Relationship": "Outer", "Parallel Aware": false, "Startup Cost": 1493594.3, "Total Cost": 1544710.34, "Plan Rows": 499, "Plan Width": 36, "Group Key": ["lineitem.l_suppkey"], "Filter": "(sum((lineitem.l_extendedprice * ('1'::numeric - lineitem.l_discount))) = $1)", "Plans": [{"Node Type": "Gather Merge", "Parent Relationship": "Outer", "Parallel Aware": false, "Startup Cost": 1493594.3, "Total Cost": 1539224.97, "Plan Rows": 299202, "Plan Width": 36, "Workers Planned": 3, "Plans": [{"Node Type": "Aggregate", "Strategy": "Sorted", "Partial Mode": "Partial", "Parent Relationship": "Outer", "Parallel Aware": false, "Startup Cost": 1492594.26, "Total Cost": 1503068.7, "Plan Rows": 99734, "Plan Width": 36, "Group Key": ["lineitem.l_suppkey"], "Plans": [{"Node Type": "Sort", "Parent Relationship": "Outer", "Parallel Aware": false, "Startup Cost": 1492594.26, "Total Cost": 1494439.81, "Plan Rows": 738221, "Plan Width": 16, "Sort Key": ["lineitem.l_suppkey"], "Plans": [{"Node Type": "Bitmap Heap Scan", "Parent Relationship": "Outer", "Parallel Aware": true, "Relation Name": "lineitem", "Alias": "lineitem", "Startup Cost": 33163.93, "Total Cost": 1413250.74, "Plan Rows": 738221, "Plan Width": 16, "Recheck Cond": "((l_shipdate >= '1994-06-01'::date) AND (l_shipdate < '1994-09-01 00:00:00'::timestamp without time zone))", "Plans": [{"Node Type": "Bitmap Index Scan", "Parent Relationship": "Outer", "Parallel Aware": false, "Index Name": "idx_lineitem_shipdate", "Startup Cost": 0.0, "Total Cost": 32591.81, "Plan Rows": 2288484, "Plan Width": 0, "Index Cond": "((l_shipdate >= '1994-06-01'::date) AND (l_shipdate < '1994-09-01 00:00:00'::timestamp without time zone))"}]}]}]}]}]}, {"Node Type": "Bitmap Heap Scan", "Parent Relationship": "Inner", "Parallel Aware": false, "Relation Name": "supplier", "Alias": "supplier", "Startup Cost": 0.88, "Total Cost": 1.99, "Plan Rows": 1, "Plan Width": 71, "Recheck Cond": "(s_suppkey = lineitem.l_suppkey)", "Plans": [{"Node Type": "Bitmap Index Scan", "Parent Relationship": "Outer", "Parallel Aware": false, "Index Name": "supplier_pkey", "Startup Cost": 0.0, "Total Cost": 0.88, "Plan Rows": 1, "Plan Width": 0, "Index Cond": "(s_suppkey = lineitem.l_suppkey)"}]}]}]}}, {"Plan": {"Node Type": "Limit", "Parallel Aware": false, "Startup Cost": 2821385.99, "Total Cost": 2821385.99, "Plan Rows": 1, "Plan Width": 103, "Plans": [{"Node Type": "Aggregate", "Strategy": "Plain", "Partial Mode": "Simple", "Parent Relationship": "InitPlan", "Subplan Name": "InitPlan 1 (returns $1)", "Parallel Aware": false, "Startup Cost": 1407679.54, "Total Cost": 1407679.55, "Plan Rows": 1, "Plan Width": 32, "Plans": [{"Node Type": "Aggregate", "Strategy": "Sorted", "Partial Mode": "Finalize", "Parent Relationship": "Outer", "Parallel Aware": false, "Startup Cost": 1357311.5, "Total Cost": 1406432.86, "Plan Rows": 99734, "Plan Width": 36, "Group Key": ["lineitem_1.l_suppkey"], "Plans": [{"Node Type": "Gather Merge", "Parent Relationship": "Outer", "Parallel Aware": false, "Startup Cost": 1357311.5, "Total Cost": 1402942.17, "Plan Rows": 299202, "Plan Width": 36, "Workers Planned": 3, "Plans": [{"Node Type": "Aggregate", "Strategy": "Sorted", "Partial Mode": "Partial", "Parent Relationship": "Outer", "Parallel Aware": false, "Startup Cost": 1356311.46, "Total Cost": 1366785.9, "Plan Rows": 99734, "Plan Width": 36, "Group Key": ["lineitem_1.l_suppkey"], "Plans": [{"Node Type": "Sort", "Parent Relationship": "Outer", "Parallel Aware": false, "Startup Cost": 1356311.46, "Total Cost": 1358157.01, "Plan Rows": 738221, "Plan Width": 16, "Sort Key": ["lineitem_1.l_suppkey"], "Plans": [{"Node Type": "Index Scan", "Parent Relationship": "Outer", "Parallel Aware": true, "Scan Direction": "Forward", "Index Name": "idx_lineitem_shipdate", "Relation Name": "lineitem", "Alias": "lineitem_1", "Startup Cost": 0.56, "Total Cost": 1276967.94, "Plan Rows": 738221, "Plan Width": 16, "Index Cond": "((l_shipdate >= '1994-06-01'::date) AND (l_shipdate < '1994-09-01 00:00:00'::timestamp without time zone))"}]}]}]}]}]}, {"Node Type": "Sort", "Parent Relationship": "Outer", "Parallel Aware": false, "Startup Cost": 1413706.44, "Total Cost": 1413707.68, "Plan Rows": 499, "Plan Width": 103, "Sort Key": ["supplier.s_suppkey"], "Plans": [{"Node Type": "Hash Join", "Parent Relationship": "Outer", "Parallel Aware": false, "Join Type": "Inner", "Startup Cost": 1362581.6, "Total Cost": 1413703.94, "Plan Rows": 499, "Plan Width": 103, "Inner Unique": true, "Hash Cond": "(lineitem.l_suppkey = supplier.s_suppkey)", "Plans": [{"Node Type": "Aggregate", "Strategy": "Sorted", "Partial Mode": "Finalize", "Parent Relationship": "Outer", "Parallel Aware": false, "Startup Cost": 1357311.5, "Total Cost": 1408427.54, "Plan Rows": 499, "Plan Width": 36, "Group Key": ["lineitem.l_suppkey"], "Filter": "(sum((lineitem.l_extendedprice * ('1'::numeric - lineitem.l_discount))) = $1)", "Plans": [{"Node Type": "Gather Merge", "Parent Relationship": "Outer", "Parallel Aware": false, "Startup Cost": 1357311.5, "Total Cost": 1402942.17, "Plan Rows": 299202, "Plan Width": 36, "Workers Planned": 3, "Plans": [{"Node Type": "Aggregate", "Strategy": "Sorted", "Partial Mode": "Partial", "Parent Relationship": "Outer", "Parallel Aware": false, "Startup Cost": 1356311.46, "Total Cost": 1366785.9, "Plan Rows": 99734, "Plan Width": 36, "Group Key": ["lineitem.l_suppkey"], "Plans": [{"Node Type": "Sort", "Parent Relationship": "Outer", "Parallel Aware": false, "Startup Cost": 1356311.46, "Total Cost": 1358157.01, "Plan Rows": 738221, "Plan Width": 16, "Sort Key": ["lineitem.l_suppkey"], "Plans": [{"Node Type": "Index Scan", "Parent Relationship": "Outer", "Parallel Aware": true, "Scan Direction": "Forward", "Index Name": "idx_lineitem_shipdate", "Relation Name": "lineitem", "Alias": "lineitem", "Startup Cost": 0.56, "Total Cost": 1276967.94, "Plan Rows": 738221, "Plan Width": 16, "Index Cond": "((l_shipdate >= '1994-06-01'::date) AND (l_shipdate < '1994-09-01 00:00:00'::timestamp without time zone))"}]}]}]}]}, {"Node Type": "Hash", "Parent Relationship": "Inner", "Parallel Aware": false, "Startup Cost": 4020.1, "Total Cost": 4020.1, "Plan Rows": 100000, "Plan Width": 71, "Plans": [{"Node Type": "Index Scan", "Parent Relationship": "Outer", "Parallel Aware": false, "Scan Direction": "Forward", "Index Name": "supplier_pkey", "Relation Name": "supplier", "Alias": "supplier", "Startup Cost": 0.29, "Total Cost": 4020.1, "Plan Rows": 100000, "Plan Width": 71}]}]}]}]}}, {"Plan": {"Node Type": "Limit", "Parallel Aware": false, "Startup Cost": 2764991.34, "Total Cost": 2765102.36, "Plan Rows": 1, "Plan Width": 103, "Plans": [{"Node Type": "Aggregate", "Strategy": "Plain", "Partial Mode": "Simple", "Parent Relationship": "InitPlan", "Subplan Name": "InitPlan 1 (returns $1)", "Parallel Aware": false, "Startup Cost": 1407679.54, "Total Cost": 1407679.55, "Plan Rows": 1, "Plan Width": 32, "Plans": [{"Node Type": "Aggregate", "Strategy": "Sorted", "Partial Mode": "Finalize", "Parent Relationship": "Outer", "Parallel Aware": false, "Startup Cost": 1357311.5, "Total Cost": 1406432.86, "Plan Rows": 99734, "Plan Width": 36, "Group Key": ["lineitem_1.l_suppkey"], "Plans": [{"Node Type": "Gather Merge", "Parent Relationship": "Outer", "Parallel Aware": false, "Startup Cost": 1357311.5, "Total Cost": 1402942.17, "Plan Rows": 299202, "Plan Width": 36, "Workers Planned": 3, "Plans": [{"Node Type": "Aggregate", "Strategy": "Sorted", "Partial Mode": "Partial", "Parent Relationship": "Outer", "Parallel Aware": false, "Startup Cost": 1356311.46, "Total Cost": 1366785.9, "Plan Rows": 99734, "Plan Width": 36, "Group Key": ["lineitem_1.l_suppkey"], "Plans": [{"Node Type": "Sort", "Parent Relationship": "Outer", "Parallel Aware": false, "Startup Cost": 1356311.46, "Total Cost": 1358157.01, "Plan Rows": 738221, "Plan Width": 16, "Sort Key": ["lineitem_1.l_suppkey"], "Plans": [{"Node Type": "Index Scan", "Parent Relationship": "Outer", "Parallel Aware": true, "Scan Direction": "Forward", "Index Name": "idx_lineitem_shipdate", "Relation Name": "lineitem", "Alias": "lineitem_1", "Startup Cost": 0.56, "Total Cost": 1276967.94, "Plan Rows": 738221, "Plan Width": 16, "Index Cond": "((l_shipdate >= '1994-06-01'::date) AND (l_shipdate < '1994-09-01 00:00:00'::timestamp without time zone))"}]}]}]}]}]}, {"Node Type": "Merge Join", "Parent Relationship": "Outer", "Parallel Aware": false, "Join Type": "Inner", "Startup Cost": 1357311.79, "Total Cost": 1412708.87, "Plan Rows": 499, "Plan Width": 103, "Inner Unique": true, "Merge Cond": "(supplier.s_suppkey = lineitem.l_suppkey)", "Plans": [{"Node Type": "Index Scan", "Parent Relationship": "Outer", "Parallel Aware": false, "Scan Direction": "Forward", "Index Name": "supplier_pkey", "Relation Name": "supplier", "Alias": "supplier", "Startup Cost": 0.29, "Total Cost": 4020.1, "Plan Rows": 100000, "Plan Width": 71}, {"Node Type": "Aggregate", "Strategy": "Sorted", "Partial Mode": "Finalize", "Parent Relationship": "Inner", "Parallel Aware": false, "Startup Cost": 1357311.5, "Total Cost": 1408427.54, "Plan Rows": 499, "Plan Width": 36, "Group Key": ["lineitem.l_suppkey"], "Filter": "(sum((lineitem.l_extendedprice * ('1'::numeric - lineitem.l_discount))) = $1)", "Plans": [{"Node Type": "Gather Merge", "Parent Relationship": "Outer", "Parallel Aware": false, "Startup Cost": 1357311.5, "Total Cost": 1402942.17, "Plan Rows": 299202, "Plan Width": 36, "Workers Planned": 3, "Plans": [{"Node Type": "Aggregate", "Strategy": "Sorted", "Partial Mode": "Partial", "Parent Relationship": "Outer", "Parallel Aware": false, "Startup Cost": 1356311.46, "Total Cost": 1366785.9, "Plan Rows": 99734, "Plan Width": 36, "Group Key": ["lineitem.l_suppkey"], "Plans": [{"Node Type": "Sort", "Parent Relationship": "Outer", "Parallel Aware": false, "Startup Cost": 1356311.46, "Total Cost": 1358157.01, "Plan Rows": 738221, "Plan Width": 16, "Sort Key": ["lineitem.l_suppkey"], "Plans": [{"Node Type": "Index Scan", "Parent Relationship": "Outer", "Parallel Aware": true, "Scan Direction": "Forward", "Index Name": "idx_lineitem_shipdate", "Relation Name": "lineitem", "Alias": "lineitem", "Startup Cost": 0.56, "Total Cost": 1276967.94, "Plan Rows": 738221, "Plan Width": 16, "Index Cond": "((l_shipdate >= '1994-06-01'::date) AND (l_shipdate < '1994-09-01 00:00:00'::timestamp without time zone))"}]}]}]}]}]}]}}, {"Plan": {"Node Type": "Limit", "Parallel Aware": false, "Startup Cost": 2764991.34, "Total Cost": 2765095.67, "Plan Rows": 1, "Plan Width": 103, "Plans": [{"Node Type": "Aggregate", "Strategy": "Plain", "Partial Mode": "Simple", "Parent Relationship": "InitPlan", "Subplan Name": "InitPlan 1 (returns $1)", "Parallel Aware": false, "Startup Cost": 1407679.54, "Total Cost": 1407679.55, "Plan Rows": 1, "Plan Width": 32, "Plans": [{"Node Type": "Aggregate", "Strategy": "Sorted", "Partial Mode": "Finalize", "Parent Relationship": "Outer", "Parallel Aware": false, "Startup Cost": 1357311.5, "Total Cost": 1406432.86, "Plan Rows": 99734, "Plan Width": 36, "Group Key": ["lineitem_1.l_suppkey"], "Plans": [{"Node Type": "Gather Merge", "Parent Relationship": "Outer", "Parallel Aware": false, "Startup Cost": 1357311.5, "Total Cost": 1402942.17, "Plan Rows": 299202, "Plan Width": 36, "Workers Planned": 3, "Plans": [{"Node Type": "Aggregate", "Strategy": "Sorted", "Partial Mode": "Partial", "Parent Relationship": "Outer", "Parallel Aware": false, "Startup Cost": 1356311.46, "Total Cost": 1366785.9, "Plan Rows": 99734, "Plan Width": 36, "Group Key": ["lineitem_1.l_suppkey"], "Plans": [{"Node Type": "Sort", "Parent Relationship": "Outer", "Parallel Aware": false, "Startup Cost": 1356311.46, "Total Cost": 1358157.01, "Plan Rows": 738221, "Plan Width": 16, "Sort Key": ["lineitem_1.l_suppkey"], "Plans": [{"Node Type": "Index Scan", "Parent Relationship": "Outer", "Parallel Aware": true, "Scan Direction": "Forward", "Index Name": "idx_lineitem_shipdate", "Relation Name": "lineitem", "Alias": "lineitem_1", "Startup Cost": 0.56, "Total Cost": 1276967.94, "Plan Rows": 738221, "Plan Width": 16, "Index Cond": "((l_shipdate >= '1994-06-01'::date) AND (l_shipdate < '1994-09-01 00:00:00'::timestamp without time zone))"}]}]}]}]}]}, {"Node Type": "Nested Loop", "Parent Relationship": "Outer", "Parallel Aware": false, "Join Type": "Inner", "Startup Cost": 1357311.79, "Total Cost": 1409370.42, "Plan Rows": 499, "Plan Width": 103, "Inner Unique": true, "Plans": [{"Node Type": "Aggregate", "Strategy": "Sorted", "Partial Mode": "Finalize", "Parent Relationship": "Outer", "Parallel Aware": false, "Startup Cost": 1357311.5, "Total Cost": 1408427.54, "Plan Rows": 499, "Plan Width": 36, "Group Key": ["lineitem.l_suppkey"], "Filter": "(sum((lineitem.l_extendedprice * ('1'::numeric - lineitem.l_discount))) = $1)", "Plans": [{"Node Type": "Gather Merge", "Parent Relationship": "Outer", "Parallel Aware": false, "Startup Cost": 1357311.5, "Total Cost": 1402942.17, "Plan Rows": 299202, "Plan Width": 36, "Workers Planned": 3, "Plans": [{"Node Type": "Aggregate", "Strategy": "Sorted", "Partial Mode": "Partial", "Parent Relationship": "Outer", "Parallel Aware": false, "Startup Cost": 1356311.46, "Total Cost": 1366785.9, "Plan Rows": 99734, "Plan Width": 36, "Group Key": ["lineitem.l_suppkey"], "Plans": [{"Node Type": "Sort", "Parent Relationship": "Outer", "Parallel Aware": false, "Startup Cost": 1356311.46, "Total Cost": 1358157.01, "Plan Rows": 738221, "Plan Width": 16, "Sort Key": ["lineitem.l_suppkey"], "Plans": [{"Node Type": "Index Scan", "Parent Relationship": "Outer", "Parallel Aware": true, "Scan Direction": "Forward", "Index Name": "idx_lineitem_shipdate", "Relation Name": "lineitem", "Alias": "lineitem", "Startup Cost": 0.56, "Total Cost": 1276967.94, "Plan Rows": 738221, "Plan Width": 16, "Index Cond": "((l_shipdate >= '1994-06-01'::date) AND (l_shipdate < '1994-09-01 00:00:00'::timestamp without time zone))"}]}]}]}]}, {"Node Type": "Index Scan", "Parent Relationship": "Inner", "Parallel Aware": false, "Scan Direction": "Forward", "Index Name": "supplier_pkey", "Relation Name": "supplier", "Alias": "supplier", "Startup Cost": 0.29, "Total Cost": 1.88, "Plan Rows": 1, "Plan Width": 71, "Index Cond": "(s_suppkey = lineitem.l_suppkey)"}]}]}}, {"Plan": {"Node Type": "Limit", "Parallel Aware": false, "Startup Cost": 2764991.34, "Total Cost": 2765102.36, "Plan Rows": 1, "Plan Width": 103, "Plans": [{"Node Type": "Aggregate", "Strategy": "Plain", "Partial Mode": "Simple", "Parent Relationship": "InitPlan", "Subplan Name": "InitPlan 1 (returns $1)", "Parallel Aware": false, "Startup Cost": 1407679.54, "Total Cost": 1407679.55, "Plan Rows": 1, "Plan Width": 32, "Plans": [{"Node Type": "Aggregate", "Strategy": "Sorted", "Partial Mode": "Finalize", "Parent Relationship": "Outer", "Parallel Aware": false, "Startup Cost": 1357311.5, "Total Cost": 1406432.86, "Plan Rows": 99734, "Plan Width": 36, "Group Key": ["lineitem_1.l_suppkey"], "Plans": [{"Node Type": "Gather Merge", "Parent Relationship": "Outer", "Parallel Aware": false, "Startup Cost": 1357311.5, "Total Cost": 1402942.17, "Plan Rows": 299202, "Plan Width": 36, "Workers Planned": 3, "Plans": [{"Node Type": "Aggregate", "Strategy": "Sorted", "Partial Mode": "Partial", "Parent Relationship": "Outer", "Parallel Aware": false, "Startup Cost": 1356311.46, "Total Cost": 1366785.9, "Plan Rows": 99734, "Plan Width": 36, "Group Key": ["lineitem_1.l_suppkey"], "Plans": [{"Node Type": "Sort", "Parent Relationship": "Outer", "Parallel Aware": false, "Startup Cost": 1356311.46, "Total Cost": 1358157.01, "Plan Rows": 738221, "Plan Width": 16, "Sort Key": ["lineitem_1.l_suppkey"], "Plans": [{"Node Type": "Index Scan", "Parent Relationship": "Outer", "Parallel Aware": true, "Scan Direction": "Forward", "Index Name": "idx_lineitem_shipdate", "Relation Name": "lineitem", "Alias": "lineitem_1", "Startup Cost": 0.56, "Total Cost": 1276967.94, "Plan Rows": 738221, "Plan Width": 16, "Index Cond": "((l_shipdate >= '1994-06-01'::date) AND (l_shipdate < '1994-09-01 00:00:00'::timestamp without time zone))"}]}]}]}]}]}, {"Node Type": "Merge Join", "Parent Relationship": "Outer", "Parallel Aware": false, "Join Type": "Inner", "Startup Cost": 1357311.79, "Total Cost": 1412708.87, "Plan Rows": 499, "Plan Width": 103, "Inner Unique": true, "Merge Cond": "(supplier.s_suppkey = lineitem.l_suppkey)", "Plans": [{"Node Type": "Index Scan", "Parent Relationship": "Outer", "Parallel Aware": false, "Scan Direction": "Forward", "Index Name": "supplier_pkey", "Relation Name": "supplier", "Alias": "supplier", "Startup Cost": 0.29, "Total Cost": 4020.1, "Plan Rows": 100000, "Plan Width": 71}, {"Node Type": "Aggregate", "Strategy": "Sorted", "Partial Mode": "Finalize", "Parent Relationship": "Inner", "Parallel Aware": false, "Startup Cost": 1357311.5, "Total Cost": 1408427.54, "Plan Rows": 499, "Plan Width": 36, "Group Key": ["lineitem.l_suppkey"], "Filter": "(sum((lineitem.l_extendedprice * ('1'::numeric - lineitem.l_discount))) = $1)", "Plans": [{"Node Type": "Gather Merge", "Parent Relationship": "Outer", "Parallel Aware": false, "Startup Cost": 1357311.5, "Total Cost": 1402942.17, "Plan Rows": 299202, "Plan Width": 36, "Workers Planned": 3, "Plans": [{"Node Type": "Aggregate", "Strategy": "Sorted", "Partial Mode": "Partial", "Parent Relationship": "Outer", "Parallel Aware": false, "Startup Cost": 1356311.46, "Total Cost": 1366785.9, "Plan Rows": 99734, "Plan Width": 36, "Group Key": ["lineitem.l_suppkey"], "Plans": [{"Node Type": "Sort", "Parent Relationship": "Outer", "Parallel Aware": false, "Startup Cost": 1356311.46, "Total Cost": 1358157.01, "Plan Rows": 738221, "Plan Width": 16, "Sort Key": ["lineitem.l_suppkey"], "Plans": [{"Node Type": "Index Scan", "Parent Relationship": "Outer", "Parallel Aware": true, "Scan Direction": "Forward", "Index Name": "idx_lineitem_shipdate", "Relation Name": "lineitem", "Alias": "lineitem", "Startup Cost": 0.56, "Total Cost": 1276967.94, "Plan Rows": 738221, "Plan Width": 16, "Index Cond": "((l_shipdate >= '1994-06-01'::date) AND (l_shipdate < '1994-09-01 00:00:00'::timestamp without time zone))"}]}]}]}]}]}]}}, {"Plan": {"Node Type": "Limit", "Parallel Aware": false, "Startup Cost": 2764991.34, "Total Cost": 2765095.67, "Plan Rows": 1, "Plan Width": 103, "Plans": [{"Node Type": "Aggregate", "Strategy": "Plain", "Partial Mode": "Simple", "Parent Relationship": "InitPlan", "Subplan Name": "InitPlan 1 (returns $1)", "Parallel Aware": false, "Startup Cost": 1407679.54, "Total Cost": 1407679.55, "Plan Rows": 1, "Plan Width": 32, "Plans": [{"Node Type": "Aggregate", "Strategy": "Sorted", "Partial Mode": "Finalize", "Parent Relationship": "Outer", "Parallel Aware": false, "Startup Cost": 1357311.5, "Total Cost": 1406432.86, "Plan Rows": 99734, "Plan Width": 36, "Group Key": ["lineitem_1.l_suppkey"], "Plans": [{"Node Type": "Gather Merge", "Parent Relationship": "Outer", "Parallel Aware": false, "Startup Cost": 1357311.5, "Total Cost": 1402942.17, "Plan Rows": 299202, "Plan Width": 36, "Workers Planned": 3, "Plans": [{"Node Type": "Aggregate", "Strategy": "Sorted", "Partial Mode": "Partial", "Parent Relationship": "Outer", "Parallel Aware": false, "Startup Cost": 1356311.46, "Total Cost": 1366785.9, "Plan Rows": 99734, "Plan Width": 36, "Group Key": ["lineitem_1.l_suppkey"], "Plans": [{"Node Type": "Sort", "Parent Relationship": "Outer", "Parallel Aware": false, "Startup Cost": 1356311.46, "Total Cost": 1358157.01, "Plan Rows": 738221, "Plan Width": 16, "Sort Key": ["lineitem_1.l_suppkey"], "Plans": [{"Node Type": "Index Scan", "Parent Relationship": "Outer", "Parallel Aware": true, "Scan Direction": "Forward", "Index Name": "idx_lineitem_shipdate", "Relation Name": "lineitem", "Alias": "lineitem_1", "Startup Cost": 0.56, "Total Cost": 1276967.94, "Plan Rows": 738221, "Plan Width": 16, "Index Cond": "((l_shipdate >= '1994-06-01'::date) AND (l_shipdate < '1994-09-01 00:00:00'::timestamp without time zone))"}]}]}]}]}]}, {"Node Type": "Nested Loop", "Parent Relationship": "Outer", "Parallel Aware": false, "Join Type": "Inner", "Startup Cost": 1357311.79, "Total Cost": 1409370.42, "Plan Rows": 499, "Plan Width": 103, "Inner Unique": true, "Plans": [{"Node Type": "Aggregate", "Strategy": "Sorted", "Partial Mode": "Finalize", "Parent Relationship": "Outer", "Parallel Aware": false, "Startup Cost": 1357311.5, "Total Cost": 1408427.54, "Plan Rows": 499, "Plan Width": 36, "Group Key": ["lineitem.l_suppkey"], "Filter": "(sum((lineitem.l_extendedprice * ('1'::numeric - lineitem.l_discount))) = $1)", "Plans": [{"Node Type": "Gather Merge", "Parent Relationship": "Outer", "Parallel Aware": false, "Startup Cost": 1357311.5, "Total Cost": 1402942.17, "Plan Rows": 299202, "Plan Width": 36, "Workers Planned": 3, "Plans": [{"Node Type": "Aggregate", "Strategy": "Sorted", "Partial Mode": "Partial", "Parent Relationship": "Outer", "Parallel Aware": false, "Startup Cost": 1356311.46, "Total Cost": 1366785.9, "Plan Rows": 99734, "Plan Width": 36, "Group Key": ["lineitem.l_suppkey"], "Plans": [{"Node Type": "Sort", "Parent Relationship": "Outer", "Parallel Aware": false, "Startup Cost": 1356311.46, "Total Cost": 1358157.01, "Plan Rows": 738221, "Plan Width": 16, "Sort Key": ["lineitem.l_suppkey"], "Plans": [{"Node Type": "Index Scan", "Parent Relationship": "Outer", "Parallel Aware": true, "Scan Direction": "Forward", "Index Name": "idx_lineitem_shipdate", "Relation Name": "lineitem", "Alias": "lineitem", "Startup Cost": 0.56, "Total Cost": 1276967.94, "Plan Rows": 738221, "Plan Width": 16, "Index Cond": "((l_shipdate >= '1994-06-01'::date) AND (l_shipdate < '1994-09-01 00:00:00'::timestamp without time zone))"}]}]}]}]}, {"Node Type": "Index Scan", "Parent Relationship": "Inner", "Parallel Aware": false, "Scan Direction": "Forward", "Index Name": "supplier_pkey", "Relation Name": "supplier", "Alias": "supplier", "Startup Cost": 0.29, "Total Cost": 1.88, "Plan Rows": 1, "Plan Width": 71, "Index Cond": "(s_suppkey = lineitem.l_suppkey)"}]}]}}, {"Plan": {"Node Type": "Limit", "Parallel Aware": false, "Startup Cost": 2764991.34, "Total Cost": 2765095.67, "Plan Rows": 1, "Plan Width": 103, "Plans": [{"Node Type": "Aggregate", "Strategy": "Plain", "Partial Mode": "Simple", "Parent Relationship": "InitPlan", "Subplan Name": "InitPlan 1 (returns $1)", "Parallel Aware": false, "Startup Cost": 1407679.54, "Total Cost": 1407679.55, "Plan Rows": 1, "Plan Width": 32, "Plans": [{"Node Type": "Aggregate", "Strategy": "Sorted", "Partial Mode": "Finalize", "Parent Relationship": "Outer", "Parallel Aware": false, "Startup Cost": 1357311.5, "Total Cost": 1406432.86, "Plan Rows": 99734, "Plan Width": 36, "Group Key": ["lineitem_1.l_suppkey"], "Plans": [{"Node Type": "Gather Merge", "Parent Relationship": "Outer", "Parallel Aware": false, "Startup Cost": 1357311.5, "Total Cost": 1402942.17, "Plan Rows": 299202, "Plan Width": 36, "Workers Planned": 3, "Plans": [{"Node Type": "Aggregate", "Strategy": "Sorted", "Partial Mode": "Partial", "Parent Relationship": "Outer", "Parallel Aware": false, "Startup Cost": 1356311.46, "Total Cost": 1366785.9, "Plan Rows": 99734, "Plan Width": 36, "Group Key": ["lineitem_1.l_suppkey"], "Plans": [{"Node Type": "Sort", "Parent Relationship": "Outer", "Parallel Aware": false, "Startup Cost": 1356311.46, "Total Cost": 1358157.01, "Plan Rows": 738221, "Plan Width": 16, "Sort Key": ["lineitem_1.l_suppkey"], "Plans": [{"Node Type": "Index Scan", "Parent Relationship": "Outer", "Parallel Aware": true, "Scan Direction": "Forward", "Index Name": "idx_lineitem_shipdate", "Relation Name": "lineitem", "Alias": "lineitem_1", "Startup Cost": 0.56, "Total Cost": 1276967.94, "Plan Rows": 738221, "Plan Width": 16, "Index Cond": "((l_shipdate >= '1994-06-01'::date) AND (l_shipdate < '1994-09-01 00:00:00'::timestamp without time zone))"}]}]}]}]}]}, {"Node Type": "Nested Loop", "Parent Relationship": "Outer", "Parallel Aware": false, "Join Type": "Inner", "Startup Cost": 1357311.79, "Total Cost": 1409370.42, "Plan Rows": 499, "Plan Width": 103, "Inner Unique": true, "Plans": [{"Node Type": "Aggregate", "Strategy": "Sorted", "Partial Mode": "Finalize", "Parent Relationship": "Outer", "Parallel Aware": false, "Startup Cost": 1357311.5, "Total Cost": 1408427.54, "Plan Rows": 499, "Plan Width": 36, "Group Key": ["lineitem.l_suppkey"], "Filter": "(sum((lineitem.l_extendedprice * ('1'::numeric - lineitem.l_discount))) = $1)", "Plans": [{"Node Type": "Gather Merge", "Parent Relationship": "Outer", "Parallel Aware": false, "Startup Cost": 1357311.5, "Total Cost": 1402942.17, "Plan Rows": 299202, "Plan Width": 36, "Workers Planned": 3, "Plans": [{"Node Type": "Aggregate", "Strategy": "Sorted", "Partial Mode": "Partial", "Parent Relationship": "Outer", "Parallel Aware": false, "Startup Cost": 1356311.46, "Total Cost": 1366785.9, "Plan Rows": 99734, "Plan Width": 36, "Group Key": ["lineitem.l_suppkey"], "Plans": [{"Node Type": "Sort", "Parent Relationship": "Outer", "Parallel Aware": false, "Startup Cost": 1356311.46, "Total Cost": 1358157.01, "Plan Rows": 738221, "Plan Width": 16, "Sort Key": ["lineitem.l_suppkey"], "Plans": [{"Node Type": "Index Scan", "Parent Relationship": "Outer", "Parallel Aware": true, "Scan Direction": "Forward", "Index Name": "idx_lineitem_shipdate", "Relation Name": "lineitem", "Alias": "lineitem", "Startup Cost": 0.56, "Total Cost": 1276967.94, "Plan Rows": 738221, "Plan Width": 16, "Index Cond": "((l_shipdate >= '1994-06-01'::date) AND (l_shipdate < '1994-09-01 00:00:00'::timestamp without time zone))"}]}]}]}]}, {"Node Type": "Index Scan", "Parent Relationship": "Inner", "Parallel Aware": false, "Scan Direction": "Forward", "Index Name": "supplier_pkey", "Relation Name": "supplier", "Alias": "supplier", "Startup Cost": 0.29, "Total Cost": 1.88, "Plan Rows": 1, "Plan Width": 71, "Index Cond": "(s_suppkey = lineitem.l_suppkey)"}]}]}}, {"Plan": {"Node Type": "Limit", "Parallel Aware": false, "Startup Cost": 2820581.89, "Total Cost": 2820581.89, "Plan Rows": 1, "Plan Width": 103, "Plans": [{"Node Type": "Aggregate", "Strategy": "Plain", "Partial Mode": "Simple", "Parent Relationship": "InitPlan", "Subplan Name": "InitPlan 1 (returns $1)", "Parallel Aware": false, "Startup Cost": 1407679.54, "Total Cost": 1407679.55, "Plan Rows": 1, "Plan Width": 32, "Plans": [{"Node Type": "Aggregate", "Strategy": "Sorted", "Partial Mode": "Finalize", "Parent Relationship": "Outer", "Parallel Aware": false, "Startup Cost": 1357311.5, "Total Cost": 1406432.86, "Plan Rows": 99734, "Plan Width": 36, "Group Key": ["lineitem_1.l_suppkey"], "Plans": [{"Node Type": "Gather Merge", "Parent Relationship": "Outer", "Parallel Aware": false, "Startup Cost": 1357311.5, "Total Cost": 1402942.17, "Plan Rows": 299202, "Plan Width": 36, "Workers Planned": 3, "Plans": [{"Node Type": "Aggregate", "Strategy": "Sorted", "Partial Mode": "Partial", "Parent Relationship": "Outer", "Parallel Aware": false, "Startup Cost": 1356311.46, "Total Cost": 1366785.9, "Plan Rows": 99734, "Plan Width": 36, "Group Key": ["lineitem_1.l_suppkey"], "Plans": [{"Node Type": "Sort", "Parent Relationship": "Outer", "Parallel Aware": false, "Startup Cost": 1356311.46, "Total Cost": 1358157.01, "Plan Rows": 738221, "Plan Width": 16, "Sort Key": ["lineitem_1.l_suppkey"], "Plans": [{"Node Type": "Index Scan", "Parent Relationship": "Outer", "Parallel Aware": true, "Scan Direction": "Forward", "Index Name": "idx_lineitem_shipdate", "Relation Name": "lineitem", "Alias": "lineitem_1", "Startup Cost": 0.56, "Total Cost": 1276967.94, "Plan Rows": 738221, "Plan Width": 16, "Index Cond": "((l_shipdate >= '1994-06-01'::date) AND (l_shipdate < '1994-09-01 00:00:00'::timestamp without time zone))"}]}]}]}]}]}, {"Node Type": "Sort", "Parent Relationship": "Outer", "Parallel Aware": false, "Startup Cost": 1412902.34, "Total Cost": 1412903.59, "Plan Rows": 499, "Plan Width": 103, "Sort Key": ["supplier.s_suppkey"], "Plans": [{"Node Type": "Hash Join", "Parent Relationship": "Outer", "Parallel Aware": false, "Join Type": "Inner", "Startup Cost": 1361777.5, "Total Cost": 1412899.84, "Plan Rows": 499, "Plan Width": 103, "Inner Unique": true, "Hash Cond": "(lineitem.l_suppkey = supplier.s_suppkey)", "Plans": [{"Node Type": "Aggregate", "Strategy": "Sorted", "Partial Mode": "Finalize", "Parent Relationship": "Outer", "Parallel Aware": false, "Startup Cost": 1357311.5, "Total Cost": 1408427.54, "Plan Rows": 499, "Plan Width": 36, "Group Key": ["lineitem.l_suppkey"], "Filter": "(sum((lineitem.l_extendedprice * ('1'::numeric - lineitem.l_discount))) = $1)", "Plans": [{"Node Type": "Gather Merge", "Parent Relationship": "Outer", "Parallel Aware": false, "Startup Cost": 1357311.5, "Total Cost": 1402942.17, "Plan Rows": 299202, "Plan Width": 36, "Workers Planned": 3, "Plans": [{"Node Type": "Aggregate", "Strategy": "Sorted", "Partial Mode": "Partial", "Parent Relationship": "Outer", "Parallel Aware": false, "Startup Cost": 1356311.46, "Total Cost": 1366785.9, "Plan Rows": 99734, "Plan Width": 36, "Group Key": ["lineitem.l_suppkey"], "Plans": [{"Node Type": "Sort", "Parent Relationship": "Outer", "Parallel Aware": false, "Startup Cost": 1356311.46, "Total Cost": 1358157.01, "Plan Rows": 738221, "Plan Width": 16, "Sort Key": ["lineitem.l_suppkey"], "Plans": [{"Node Type": "Index Scan", "Parent Relationship": "Outer", "Parallel Aware": true, "Scan Direction": "Forward", "Index Name": "idx_lineitem_shipdate", "Relation Name": "lineitem", "Alias": "lineitem", "Startup Cost": 0.56, "Total Cost": 1276967.94, "Plan Rows": 738221, "Plan Width": 16, "Index Cond": "((l_shipdate >= '1994-06-01'::date) AND (l_shipdate < '1994-09-01 00:00:00'::timestamp without time zone))"}]}]}]}]}, {"Node Type": "Hash", "Parent Relationship": "Inner", "Parallel Aware": false, "Startup Cost": 3216.0, "Total Cost": 3216.0, "Plan Rows": 100000, "Plan Width": 71, "Plans": [{"Node Type": "Seq Scan", "Parent Relationship": "Outer", "Parallel Aware": false, "Relation Name": "supplier", "Alias": "supplier", "Startup Cost": 0.0, "Total Cost": 3216.0, "Plan Rows": 100000, "Plan Width": 71}]}]}]}]}}, {"Plan": {"Node Type": "Limit", "Parallel Aware": false, "Startup Cost": 10003037557.53, "Total Cost": 10003037661.96, "Plan Rows": 1, "Plan Width": 103, "Plans": [{"Node Type": "Aggregate", "Strategy": "Plain", "Partial Mode": "Simple", "Parent Relationship": "InitPlan", "Subplan Name": "InitPlan 1 (returns $1)", "Parallel Aware": false, "Startup Cost": 1543962.34, "Total Cost": 1543962.35, "Plan Rows": 1, "Plan Width": 32, "Plans": [{"Node Type": "Aggregate", "Strategy": "Sorted", "Partial Mode": "Finalize", "Parent Relationship": "Outer", "Parallel Aware": false, "Startup Cost": 1493594.3, "Total Cost": 1542715.66, "Plan Rows": 99734, "Plan Width": 36, "Group Key": ["lineitem_1.l_suppkey"], "Plans": [{"Node Type": "Gather Merge", "Parent Relationship": "Outer", "Parallel Aware": false, "Startup Cost": 1493594.3, "Total Cost": 1539224.97, "Plan Rows": 299202, "Plan Width": 36, "Workers Planned": 3, "Plans": [{"Node Type": "Aggregate", "Strategy": "Sorted", "Partial Mode": "Partial", "Parent Relationship": "Outer", "Parallel Aware": false, "Startup Cost": 1492594.26, "Total Cost": 1503068.7, "Plan Rows": 99734, "Plan Width": 36, "Group Key": ["lineitem_1.l_suppkey"], "Plans": [{"Node Type": "Sort", "Parent Relationship": "Outer", "Parallel Aware": false, "Startup Cost": 1492594.26, "Total Cost": 1494439.81, "Plan Rows": 738221, "Plan Width": 16, "Sort Key": ["lineitem_1.l_suppkey"], "Plans": [{"Node Type": "Bitmap Heap Scan", "Parent Relationship": "Outer", "Parallel Aware": true, "Relation Name": "lineitem", "Alias": "lineitem_1", "Startup Cost": 33163.93, "Total Cost": 1413250.74, "Plan Rows": 738221, "Plan Width": 16, "Recheck Cond": "((l_shipdate >= '1994-06-01'::date) AND (l_shipdate < '1994-09-01 00:00:00'::timestamp without time zone))", "Plans": [{"Node Type": "Bitmap Index Scan", "Parent Relationship": "Outer", "Parallel Aware": false, "Index Name": "idx_lineitem_shipdate", "Startup Cost": 0.0, "Total Cost": 32591.81, "Plan Rows": 2288484, "Plan Width": 0, "Index Cond": "((l_shipdate >= '1994-06-01'::date) AND (l_shipdate < '1994-09-01 00:00:00'::timestamp without time zone))"}]}]}]}]}]}]}, {"Node Type": "Nested Loop", "Parent Relationship": "Outer", "Parallel Aware": false, "Join Type": "Inner", "Startup Cost": 10001493595.18, "Total Cost": 10001545709.59, "Plan Rows": 499, "Plan Width": 103, "Inner Unique": true, "Plans": [{"Node Type": "Aggregate", "Strategy": "Sorted", "Partial Mode": "Finalize", "Parent Relationship": "Outer", "Parallel Aware": false, "Startup Cost": 1493594.3, "Total Cost": 1544710.34, "Plan Rows": 499, "Plan Width": 36, "Group Key": ["lineitem.l_suppkey"], "Filter": "(sum((lineitem.l_extendedprice * ('1'::numeric - lineitem.l_discount))) = $1)", "Plans": [{"Node Type": "Gather Merge", "Parent Relationship": "Outer", "Parallel Aware": false, "Startup Cost": 1493594.3, "Total Cost": 1539224.97, "Plan Rows": 299202, "Plan Width": 36, "Workers Planned": 3, "Plans": [{"Node Type": "Aggregate", "Strategy": "Sorted", "Partial Mode": "Partial", "Parent Relationship": "Outer", "Parallel Aware": false, "Startup Cost": 1492594.26, "Total Cost": 1503068.7, "Plan Rows": 99734, "Plan Width": 36, "Group Key": ["lineitem.l_suppkey"], "Plans": [{"Node Type": "Sort", "Parent Relationship": "Outer", "Parallel Aware": false, "Startup Cost": 1492594.26, "Total Cost": 1494439.81, "Plan Rows": 738221, "Plan Width": 16, "Sort Key": ["lineitem.l_suppkey"], "Plans": [{"Node Type": "Bitmap Heap Scan", "Parent Relationship": "Outer", "Parallel Aware": true, "Relation Name": "lineitem", "Alias": "lineitem", "Startup Cost": 33163.93, "Total Cost": 1413250.74, "Plan Rows": 738221, "Plan Width": 16, "Recheck Cond": "((l_shipdate >= '1994-06-01'::date) AND (l_shipdate < '1994-09-01 00:00:00'::timestamp without time zone))", "Plans": [{"Node Type": "Bitmap Index Scan", "Parent Relationship": "Outer", "Parallel Aware": false, "Index Name": "idx_lineitem_shipdate", "Startup Cost": 0.0, "Total Cost": 32591.81, "Plan Rows": 2288484, "Plan Width": 0, "Index Cond": "((l_shipdate >= '1994-06-01'::date) AND (l_shipdate < '1994-09-01 00:00:00'::timestamp without time zone))"}]}]}]}]}]}, {"Node Type": "Bitmap Heap Scan", "Parent Relationship": "Inner", "Parallel Aware": false, "Relation Name": "supplier", "Alias": "supplier", "Startup Cost": 0.88, "Total Cost": 1.99, "Plan Rows": 1, "Plan Width": 71, "Recheck Cond": "(s_suppkey = lineitem.l_suppkey)", "Plans": [{"Node Type": "Bitmap Index Scan", "Parent Relationship": "Outer", "Parallel Aware": false, "Index Name": "supplier_pkey", "Startup Cost": 0.0, "Total Cost": 0.88, "Plan Rows": 1, "Plan Width": 0, "Index Cond": "(s_suppkey = lineitem.l_suppkey)"}]}]}]}}, {"Plan": {"Node Type": "Limit", "Parallel Aware": false, "Startup Cost": 3037557.53, "Total Cost": 3037661.96, "Plan Rows": 1, "Plan Width": 103, "Plans": [{"Node Type": "Aggregate", "Strategy": "Plain", "Partial Mode": "Simple", "Parent Relationship": "InitPlan", "Subplan Name": "InitPlan 1 (returns $1)", "Parallel Aware": false, "Startup Cost": 1543962.34, "Total Cost": 1543962.35, "Plan Rows": 1, "Plan Width": 32, "Plans": [{"Node Type": "Aggregate", "Strategy": "Sorted", "Partial Mode": "Finalize", "Parent Relationship": "Outer", "Parallel Aware": false, "Startup Cost": 1493594.3, "Total Cost": 1542715.66, "Plan Rows": 99734, "Plan Width": 36, "Group Key": ["lineitem_1.l_suppkey"], "Plans": [{"Node Type": "Gather Merge", "Parent Relationship": "Outer", "Parallel Aware": false, "Startup Cost": 1493594.3, "Total Cost": 1539224.97, "Plan Rows": 299202, "Plan Width": 36, "Workers Planned": 3, "Plans": [{"Node Type": "Aggregate", "Strategy": "Sorted", "Partial Mode": "Partial", "Parent Relationship": "Outer", "Parallel Aware": false, "Startup Cost": 1492594.26, "Total Cost": 1503068.7, "Plan Rows": 99734, "Plan Width": 36, "Group Key": ["lineitem_1.l_suppkey"], "Plans": [{"Node Type": "Sort", "Parent Relationship": "Outer", "Parallel Aware": false, "Startup Cost": 1492594.26, "Total Cost": 1494439.81, "Plan Rows": 738221, "Plan Width": 16, "Sort Key": ["lineitem_1.l_suppkey"], "Plans": [{"Node Type": "Bitmap Heap Scan", "Parent Relationship": "Outer", "Parallel Aware": true, "Relation Name": "lineitem", "Alias": "lineitem_1", "Startup Cost": 33163.93, "Total Cost": 1413250.74, "Plan Rows": 738221, "Plan Width": 16, "Recheck Cond": "((l_shipdate >= '1994-06-01'::date) AND (l_shipdate < '1994-09-01 00:00:00'::timestamp without time zone))", "Plans": [{"Node Type": "Bitmap Index Scan", "Parent Relationship": "Outer", "Parallel Aware": false, "Index Name": "idx_lineitem_shipdate", "Startup Cost": 0.0, "Total Cost": 32591.81, "Plan Rows": 2288484, "Plan Width": 0, "Index Cond": "((l_shipdate >= '1994-06-01'::date) AND (l_shipdate < '1994-09-01 00:00:00'::timestamp without time zone))"}]}]}]}]}]}]}, {"Node Type": "Nested Loop", "Parent Relationship": "Outer", "Parallel Aware": false, "Join Type": "Inner", "Startup Cost": 1493595.18, "Total Cost": 1545709.59, "Plan Rows": 499, "Plan Width": 103, "Inner Unique": true, "Plans": [{"Node Type": "Aggregate", "Strategy": "Sorted", "Partial Mode": "Finalize", "Parent Relationship": "Outer", "Parallel Aware": false, "Startup Cost": 1493594.3, "Total Cost": 1544710.34, "Plan Rows": 499, "Plan Width": 36, "Group Key": ["lineitem.l_suppkey"], "Filter": "(sum((lineitem.l_extendedprice * ('1'::numeric - lineitem.l_discount))) = $1)", "Plans": [{"Node Type": "Gather Merge", "Parent Relationship": "Outer", "Parallel Aware": false, "Startup Cost": 1493594.3, "Total Cost": 1539224.97, "Plan Rows": 299202, "Plan Width": 36, "Workers Planned": 3, "Plans": [{"Node Type": "Aggregate", "Strategy": "Sorted", "Partial Mode": "Partial", "Parent Relationship": "Outer", "Parallel Aware": false, "Startup Cost": 1492594.26, "Total Cost": 1503068.7, "Plan Rows": 99734, "Plan Width": 36, "Group Key": ["lineitem.l_suppkey"], "Plans": [{"Node Type": "Sort", "Parent Relationship": "Outer", "Parallel Aware": false, "Startup Cost": 1492594.26, "Total Cost": 1494439.81, "Plan Rows": 738221, "Plan Width": 16, "Sort Key": ["lineitem.l_suppkey"], "Plans": [{"Node Type": "Bitmap Heap Scan", "Parent Relationship": "Outer", "Parallel Aware": true, "Relation Name": "lineitem", "Alias": "lineitem", "Startup Cost": 33163.93, "Total Cost": 1413250.74, "Plan Rows": 738221, "Plan Width": 16, "Recheck Cond": "((l_shipdate >= '1994-06-01'::date) AND (l_shipdate < '1994-09-01 00:00:00'::timestamp without time zone))", "Plans": [{"Node Type": "Bitmap Index Scan", "Parent Relationship": "Outer", "Parallel Aware": false, "Index Name": "idx_lineitem_shipdate", "Startup Cost": 0.0, "Total Cost": 32591.81, "Plan Rows": 2288484, "Plan Width": 0, "Index Cond": "((l_shipdate >= '1994-06-01'::date) AND (l_shipdate < '1994-09-01 00:00:00'::timestamp without time zone))"}]}]}]}]}]}, {"Node Type": "Bitmap Heap Scan", "Parent Relationship": "Inner", "Parallel Aware": false, "Relation Name": "supplier", "Alias": "supplier", "Startup Cost": 0.88, "Total Cost": 1.99, "Plan Rows": 1, "Plan Width": 71, "Recheck Cond": "(s_suppkey = lineitem.l_suppkey)", "Plans": [{"Node Type": "Bitmap Index Scan", "Parent Relationship": "Outer", "Parallel Aware": false, "Index Name": "supplier_pkey", "Startup Cost": 0.0, "Total Cost": 0.88, "Plan Rows": 1, "Plan Width": 0, "Index Cond": "(s_suppkey = lineitem.l_suppkey)"}]}]}]}}, {"Plan": {"Node Type": "Limit", "Parallel Aware": false, "Startup Cost": 3037557.53, "Total Cost": 3037661.96, "Plan Rows": 1, "Plan Width": 103, "Plans": [{"Node Type": "Aggregate", "Strategy": "Plain", "Partial Mode": "Simple", "Parent Relationship": "InitPlan", "Subplan Name": "InitPlan 1 (returns $1)", "Parallel Aware": false, "Startup Cost": 1543962.34, "Total Cost": 1543962.35, "Plan Rows": 1, "Plan Width": 32, "Plans": [{"Node Type": "Aggregate", "Strategy": "Sorted", "Partial Mode": "Finalize", "Parent Relationship": "Outer", "Parallel Aware": false, "Startup Cost": 1493594.3, "Total Cost": 1542715.66, "Plan Rows": 99734, "Plan Width": 36, "Group Key": ["lineitem_1.l_suppkey"], "Plans": [{"Node Type": "Gather Merge", "Parent Relationship": "Outer", "Parallel Aware": false, "Startup Cost": 1493594.3, "Total Cost": 1539224.97, "Plan Rows": 299202, "Plan Width": 36, "Workers Planned": 3, "Plans": [{"Node Type": "Aggregate", "Strategy": "Sorted", "Partial Mode": "Partial", "Parent Relationship": "Outer", "Parallel Aware": false, "Startup Cost": 1492594.26, "Total Cost": 1503068.7, "Plan Rows": 99734, "Plan Width": 36, "Group Key": ["lineitem_1.l_suppkey"], "Plans": [{"Node Type": "Sort", "Parent Relationship": "Outer", "Parallel Aware": false, "Startup Cost": 1492594.26, "Total Cost": 1494439.81, "Plan Rows": 738221, "Plan Width": 16, "Sort Key": ["lineitem_1.l_suppkey"], "Plans": [{"Node Type": "Bitmap Heap Scan", "Parent Relationship": "Outer", "Parallel Aware": true, "Relation Name": "lineitem", "Alias": "lineitem_1", "Startup Cost": 33163.93, "Total Cost": 1413250.74, "Plan Rows": 738221, "Plan Width": 16, "Recheck Cond": "((l_shipdate >= '1994-06-01'::date) AND (l_shipdate < '1994-09-01 00:00:00'::timestamp without time zone))", "Plans": [{"Node Type": "Bitmap Index Scan", "Parent Relationship": "Outer", "Parallel Aware": false, "Index Name": "idx_lineitem_shipdate", "Startup Cost": 0.0, "Total Cost": 32591.81, "Plan Rows": 2288484, "Plan Width": 0, "Index Cond": "((l_shipdate >= '1994-06-01'::date) AND (l_shipdate < '1994-09-01 00:00:00'::timestamp without time zone))"}]}]}]}]}]}]}, {"Node Type": "Nested Loop", "Parent Relationship": "Outer", "Parallel Aware": false, "Join Type": "Inner", "Startup Cost": 1493595.18, "Total Cost": 1545709.59, "Plan Rows": 499, "Plan Width": 103, "Inner Unique": true, "Plans": [{"Node Type": "Aggregate", "Strategy": "Sorted", "Partial Mode": "Finalize", "Parent Relationship": "Outer", "Parallel Aware": false, "Startup Cost": 1493594.3, "Total Cost": 1544710.34, "Plan Rows": 499, "Plan Width": 36, "Group Key": ["lineitem.l_suppkey"], "Filter": "(sum((lineitem.l_extendedprice * ('1'::numeric - lineitem.l_discount))) = $1)", "Plans": [{"Node Type": "Gather Merge", "Parent Relationship": "Outer", "Parallel Aware": false, "Startup Cost": 1493594.3, "Total Cost": 1539224.97, "Plan Rows": 299202, "Plan Width": 36, "Workers Planned": 3, "Plans": [{"Node Type": "Aggregate", "Strategy": "Sorted", "Partial Mode": "Partial", "Parent Relationship": "Outer", "Parallel Aware": false, "Startup Cost": 1492594.26, "Total Cost": 1503068.7, "Plan Rows": 99734, "Plan Width": 36, "Group Key": ["lineitem.l_suppkey"], "Plans": [{"Node Type": "Sort", "Parent Relationship": "Outer", "Parallel Aware": false, "Startup Cost": 1492594.26, "Total Cost": 1494439.81, "Plan Rows": 738221, "Plan Width": 16, "Sort Key": ["lineitem.l_suppkey"], "Plans": [{"Node Type": "Bitmap Heap Scan", "Parent Relationship": "Outer", "Parallel Aware": true, "Relation Name": "lineitem", "Alias": "lineitem", "Startup Cost": 33163.93, "Total Cost": 1413250.74, "Plan Rows": 738221, "Plan Width": 16, "Recheck Cond": "((l_shipdate >= '1994-06-01'::date) AND (l_shipdate < '1994-09-01 00:00:00'::timestamp without time zone))", "Plans": [{"Node Type": "Bitmap Index Scan", "Parent Relationship": "Outer", "Parallel Aware": false, "Index Name": "idx_lineitem_shipdate", "Startup Cost": 0.0, "Total Cost": 32591.81, "Plan Rows": 2288484, "Plan Width": 0, "Index Cond": "((l_shipdate >= '1994-06-01'::date) AND (l_shipdate < '1994-09-01 00:00:00'::timestamp without time zone))"}]}]}]}]}]}, {"Node Type": "Bitmap Heap Scan", "Parent Relationship": "Inner", "Parallel Aware": false, "Relation Name": "supplier", "Alias": "supplier", "Startup Cost": 0.88, "Total Cost": 1.99, "Plan Rows": 1, "Plan Width": 71, "Recheck Cond": "(s_suppkey = lineitem.l_suppkey)", "Plans": [{"Node Type": "Bitmap Index Scan", "Parent Relationship": "Outer", "Parallel Aware": false, "Index Name": "supplier_pkey", "Startup Cost": 0.0, "Total Cost": 0.88, "Plan Rows": 1, "Plan Width": 0, "Index Cond": "(s_suppkey = lineitem.l_suppkey)"}]}]}]}}, {"Plan": {"Node Type": "Limit", "Parallel Aware": false, "Startup Cost": 3049077.47, "Total Cost": 3049180.93, "Plan Rows": 1, "Plan Width": 103, "Plans": [{"Node Type": "Aggregate", "Strategy": "Plain", "Partial Mode": "Simple", "Parent Relationship": "InitPlan", "Subplan Name": "InitPlan 1 (returns $1)", "Parallel Aware": false, "Startup Cost": 1543962.34, "Total Cost": 1543962.35, "Plan Rows": 1, "Plan Width": 32, "Plans": [{"Node Type": "Aggregate", "Strategy": "Sorted", "Partial Mode": "Finalize", "Parent Relationship": "Outer", "Parallel Aware": false, "Startup Cost": 1493594.3, "Total Cost": 1542715.66, "Plan Rows": 99734, "Plan Width": 36, "Group Key": ["lineitem_1.l_suppkey"], "Plans": [{"Node Type": "Gather Merge", "Parent Relationship": "Outer", "Parallel Aware": false, "Startup Cost": 1493594.3, "Total Cost": 1539224.97, "Plan Rows": 299202, "Plan Width": 36, "Workers Planned": 3, "Plans": [{"Node Type": "Aggregate", "Strategy": "Sorted", "Partial Mode": "Partial", "Parent Relationship": "Outer", "Parallel Aware": false, "Startup Cost": 1492594.26, "Total Cost": 1503068.7, "Plan Rows": 99734, "Plan Width": 36, "Group Key": ["lineitem_1.l_suppkey"], "Plans": [{"Node Type": "Sort", "Parent Relationship": "Outer", "Parallel Aware": false, "Startup Cost": 1492594.26, "Total Cost": 1494439.81, "Plan Rows": 738221, "Plan Width": 16, "Sort Key": ["lineitem_1.l_suppkey"], "Plans": [{"Node Type": "Bitmap Heap Scan", "Parent Relationship": "Outer", "Parallel Aware": true, "Relation Name": "lineitem", "Alias": "lineitem_1", "Startup Cost": 33163.93, "Total Cost": 1413250.74, "Plan Rows": 738221, "Plan Width": 16, "Recheck Cond": "((l_shipdate >= '1994-06-01'::date) AND (l_shipdate < '1994-09-01 00:00:00'::timestamp without time zone))", "Plans": [{"Node Type": "Bitmap Index Scan", "Parent Relationship": "Outer", "Parallel Aware": false, "Index Name": "idx_lineitem_shipdate", "Startup Cost": 0.0, "Total Cost": 32591.81, "Plan Rows": 2288484, "Plan Width": 0, "Index Cond": "((l_shipdate >= '1994-06-01'::date) AND (l_shipdate < '1994-09-01 00:00:00'::timestamp without time zone))"}]}]}]}]}]}]}, {"Node Type": "Merge Join", "Parent Relationship": "Outer", "Parallel Aware": false, "Join Type": "Inner", "Startup Cost": 1505115.12, "Total Cost": 1556742.39, "Plan Rows": 499, "Plan Width": 103, "Inner Unique": true, "Merge Cond": "(supplier.s_suppkey = lineitem.l_suppkey)", "Plans": [{"Node Type": "Sort", "Parent Relationship": "Outer", "Parallel Aware": false, "Startup Cost": 11520.82, "Total Cost": 11770.82, "Plan Rows": 100000, "Plan Width": 71, "Sort Key": ["supplier.s_suppkey"], "Plans": [{"Node Type": "Seq Scan", "Parent Relationship": "Outer", "Parallel Aware": false, "Relation Name": "supplier", "Alias": "supplier", "Startup Cost": 0.0, "Total Cost": 3216.0, "Plan Rows": 100000, "Plan Width": 71}]}, {"Node Type": "Aggregate", "Strategy": "Sorted", "Partial Mode": "Finalize", "Parent Relationship": "Inner", "Parallel Aware": false, "Startup Cost": 1493594.3, "Total Cost": 1544710.34, "Plan Rows": 499, "Plan Width": 36, "Group Key": ["lineitem.l_suppkey"], "Filter": "(sum((lineitem.l_extendedprice * ('1'::numeric - lineitem.l_discount))) = $1)", "Plans": [{"Node Type": "Gather Merge", "Parent Relationship": "Outer", "Parallel Aware": false, "Startup Cost": 1493594.3, "Total Cost": 1539224.97, "Plan Rows": 299202, "Plan Width": 36, "Workers Planned": 3, "Plans": [{"Node Type": "Aggregate", "Strategy": "Sorted", "Partial Mode": "Partial", "Parent Relationship": "Outer", "Parallel Aware": false, "Startup Cost": 1492594.26, "Total Cost": 1503068.7, "Plan Rows": 99734, "Plan Width": 36, "Group Key": ["lineitem.l_suppkey"], "Plans": [{"Node Type": "Sort", "Parent Relationship": "Outer", "Parallel Aware": false, "Startup Cost": 1492594.26, "Total Cost": 1494439.81, "Plan Rows": 738221, "Plan Width": 16, "Sort Key": ["lineitem.l_suppkey"], "Plans": [{"Node Type": "Bitmap Heap Scan", "Parent Relationship": "Outer", "Parallel Aware": true, "Relation Name": "lineitem", "Alias": "lineitem", "Startup Cost": 33163.93, "Total Cost": 1413250.74, "Plan Rows": 738221, "Plan Width": 16, "Recheck Cond": "((l_shipdate >= '1994-06-01'::date) AND (l_shipdate < '1994-09-01 00:00:00'::timestamp without time zone))", "Plans": [{"Node Type": "Bitmap Index Scan", "Parent Relationship": "Outer", "Parallel Aware": false, "Index Name": "idx_lineitem_shipdate", "Startup Cost": 0.0, "Total Cost": 32591.81, "Plan Rows": 2288484, "Plan Width": 0, "Index Cond": "((l_shipdate >= '1994-06-01'::date) AND (l_shipdate < '1994-09-01 00:00:00'::timestamp without time zone))"}]}]}]}]}]}]}]}}, {"Plan": {"Node Type": "Limit", "Parallel Aware": false, "Startup Cost": 3037557.53, "Total Cost": 3037661.96, "Plan Rows": 1, "Plan Width": 103, "Plans": [{"Node Type": "Aggregate", "Strategy": "Plain", "Partial Mode": "Simple", "Parent Relationship": "InitPlan", "Subplan Name": "InitPlan 1 (returns $1)", "Parallel Aware": false, "Startup Cost": 1543962.34, "Total Cost": 1543962.35, "Plan Rows": 1, "Plan Width": 32, "Plans": [{"Node Type": "Aggregate", "Strategy": "Sorted", "Partial Mode": "Finalize", "Parent Relationship": "Outer", "Parallel Aware": false, "Startup Cost": 1493594.3, "Total Cost": 1542715.66, "Plan Rows": 99734, "Plan Width": 36, "Group Key": ["lineitem_1.l_suppkey"], "Plans": [{"Node Type": "Gather Merge", "Parent Relationship": "Outer", "Parallel Aware": false, "Startup Cost": 1493594.3, "Total Cost": 1539224.97, "Plan Rows": 299202, "Plan Width": 36, "Workers Planned": 3, "Plans": [{"Node Type": "Aggregate", "Strategy": "Sorted", "Partial Mode": "Partial", "Parent Relationship": "Outer", "Parallel Aware": false, "Startup Cost": 1492594.26, "Total Cost": 1503068.7, "Plan Rows": 99734, "Plan Width": 36, "Group Key": ["lineitem_1.l_suppkey"], "Plans": [{"Node Type": "Sort", "Parent Relationship": "Outer", "Parallel Aware": false, "Startup Cost": 1492594.26, "Total Cost": 1494439.81, "Plan Rows": 738221, "Plan Width": 16, "Sort Key": ["lineitem_1.l_suppkey"], "Plans": [{"Node Type": "Bitmap Heap Scan", "Parent Relationship": "Outer", "Parallel Aware": true, "Relation Name": "lineitem", "Alias": "lineitem_1", "Startup Cost": 33163.93, "Total Cost": 1413250.74, "Plan Rows": 738221, "Plan Width": 16, "Recheck Cond": "((l_shipdate >= '1994-06-01'::date) AND (l_shipdate < '1994-09-01 00:00:00'::timestamp without time zone))", "Plans": [{"Node Type": "Bitmap Index Scan", "Parent Relationship": "Outer", "Parallel Aware": false, "Index Name": "idx_lineitem_shipdate", "Startup Cost": 0.0, "Total Cost": 32591.81, "Plan Rows": 2288484, "Plan Width": 0, "Index Cond": "((l_shipdate >= '1994-06-01'::date) AND (l_shipdate < '1994-09-01 00:00:00'::timestamp without time zone))"}]}]}]}]}]}]}, {"Node Type": "Nested Loop", "Parent Relationship": "Outer", "Parallel Aware": false, "Join Type": "Inner", "Startup Cost": 1493595.18, "Total Cost": 1545709.59, "Plan Rows": 499, "Plan Width": 103, "Inner Unique": true, "Plans": [{"Node Type": "Aggregate", "Strategy": "Sorted", "Partial Mode": "Finalize", "Parent Relationship": "Outer", "Parallel Aware": false, "Startup Cost": 1493594.3, "Total Cost": 1544710.34, "Plan Rows": 499, "Plan Width": 36, "Group Key": ["lineitem.l_suppkey"], "Filter": "(sum((lineitem.l_extendedprice * ('1'::numeric - lineitem.l_discount))) = $1)", "Plans": [{"Node Type": "Gather Merge", "Parent Relationship": "Outer", "Parallel Aware": false, "Startup Cost": 1493594.3, "Total Cost": 1539224.97, "Plan Rows": 299202, "Plan Width": 36, "Workers Planned": 3, "Plans": [{"Node Type": "Aggregate", "Strategy": "Sorted", "Partial Mode": "Partial", "Parent Relationship": "Outer", "Parallel Aware": false, "Startup Cost": 1492594.26, "Total Cost": 1503068.7, "Plan Rows": 99734, "Plan Width": 36, "Group Key": ["lineitem.l_suppkey"], "Plans": [{"Node Type": "Sort", "Parent Relationship": "Outer", "Parallel Aware": false, "Startup Cost": 1492594.26, "Total Cost": 1494439.81, "Plan Rows": 738221, "Plan Width": 16, "Sort Key": ["lineitem.l_suppkey"], "Plans": [{"Node Type": "Bitmap Heap Scan", "Parent Relationship": "Outer", "Parallel Aware": true, "Relation Name": "lineitem", "Alias": "lineitem", "Startup Cost": 33163.93, "Total Cost": 1413250.74, "Plan Rows": 738221, "Plan Width": 16, "Recheck Cond": "((l_shipdate >= '1994-06-01'::date) AND (l_shipdate < '1994-09-01 00:00:00'::timestamp without time zone))", "Plans": [{"Node Type": "Bitmap Index Scan", "Parent Relationship": "Outer", "Parallel Aware": false, "Index Name": "idx_lineitem_shipdate", "Startup Cost": 0.0, "Total Cost": 32591.81, "Plan Rows": 2288484, "Plan Width": 0, "Index Cond": "((l_shipdate >= '1994-06-01'::date) AND (l_shipdate < '1994-09-01 00:00:00'::timestamp without time zone))"}]}]}]}]}]}, {"Node Type": "Bitmap Heap Scan", "Parent Relationship": "Inner", "Parallel Aware": false, "Relation Name": "supplier", "Alias": "supplier", "Startup Cost": 0.88, "Total Cost": 1.99, "Plan Rows": 1, "Plan Width": 71, "Recheck Cond": "(s_suppkey = lineitem.l_suppkey)", "Plans": [{"Node Type": "Bitmap Index Scan", "Parent Relationship": "Outer", "Parallel Aware": false, "Index Name": "supplier_pkey", "Startup Cost": 0.0, "Total Cost": 0.88, "Plan Rows": 1, "Plan Width": 0, "Index Cond": "(s_suppkey = lineitem.l_suppkey)"}]}]}]}}, {"Plan": {"Node Type": "Limit", "Parallel Aware": false, "Startup Cost": 3037557.53, "Total Cost": 3037661.96, "Plan Rows": 1, "Plan Width": 103, "Plans": [{"Node Type": "Aggregate", "Strategy": "Plain", "Partial Mode": "Simple", "Parent Relationship": "InitPlan", "Subplan Name": "InitPlan 1 (returns $1)", "Parallel Aware": false, "Startup Cost": 1543962.34, "Total Cost": 1543962.35, "Plan Rows": 1, "Plan Width": 32, "Plans": [{"Node Type": "Aggregate", "Strategy": "Sorted", "Partial Mode": "Finalize", "Parent Relationship": "Outer", "Parallel Aware": false, "Startup Cost": 1493594.3, "Total Cost": 1542715.66, "Plan Rows": 99734, "Plan Width": 36, "Group Key": ["lineitem_1.l_suppkey"], "Plans": [{"Node Type": "Gather Merge", "Parent Relationship": "Outer", "Parallel Aware": false, "Startup Cost": 1493594.3, "Total Cost": 1539224.97, "Plan Rows": 299202, "Plan Width": 36, "Workers Planned": 3, "Plans": [{"Node Type": "Aggregate", "Strategy": "Sorted", "Partial Mode": "Partial", "Parent Relationship": "Outer", "Parallel Aware": false, "Startup Cost": 1492594.26, "Total Cost": 1503068.7, "Plan Rows": 99734, "Plan Width": 36, "Group Key": ["lineitem_1.l_suppkey"], "Plans": [{"Node Type": "Sort", "Parent Relationship": "Outer", "Parallel Aware": false, "Startup Cost": 1492594.26, "Total Cost": 1494439.81, "Plan Rows": 738221, "Plan Width": 16, "Sort Key": ["lineitem_1.l_suppkey"], "Plans": [{"Node Type": "Bitmap Heap Scan", "Parent Relationship": "Outer", "Parallel Aware": true, "Relation Name": "lineitem", "Alias": "lineitem_1", "Startup Cost": 33163.93, "Total Cost": 1413250.74, "Plan Rows": 738221, "Plan Width": 16, "Recheck Cond": "((l_shipdate >= '1994-06-01'::date) AND (l_shipdate < '1994-09-01 00:00:00'::timestamp without time zone))", "Plans": [{"Node Type": "Bitmap Index Scan", "Parent Relationship": "Outer", "Parallel Aware": false, "Index Name": "idx_lineitem_shipdate", "Startup Cost": 0.0, "Total Cost": 32591.81, "Plan Rows": 2288484, "Plan Width": 0, "Index Cond": "((l_shipdate >= '1994-06-01'::date) AND (l_shipdate < '1994-09-01 00:00:00'::timestamp without time zone))"}]}]}]}]}]}]}, {"Node Type": "Nested Loop", "Parent Relationship": "Outer", "Parallel Aware": false, "Join Type": "Inner", "Startup Cost": 1493595.18, "Total Cost": 1545709.59, "Plan Rows": 499, "Plan Width": 103, "Inner Unique": true, "Plans": [{"Node Type": "Aggregate", "Strategy": "Sorted", "Partial Mode": "Finalize", "Parent Relationship": "Outer", "Parallel Aware": false, "Startup Cost": 1493594.3, "Total Cost": 1544710.34, "Plan Rows": 499, "Plan Width": 36, "Group Key": ["lineitem.l_suppkey"], "Filter": "(sum((lineitem.l_extendedprice * ('1'::numeric - lineitem.l_discount))) = $1)", "Plans": [{"Node Type": "Gather Merge", "Parent Relationship": "Outer", "Parallel Aware": false, "Startup Cost": 1493594.3, "Total Cost": 1539224.97, "Plan Rows": 299202, "Plan Width": 36, "Workers Planned": 3, "Plans": [{"Node Type": "Aggregate", "Strategy": "Sorted", "Partial Mode": "Partial", "Parent Relationship": "Outer", "Parallel Aware": false, "Startup Cost": 1492594.26, "Total Cost": 1503068.7, "Plan Rows": 99734, "Plan Width": 36, "Group Key": ["lineitem.l_suppkey"], "Plans": [{"Node Type": "Sort", "Parent Relationship": "Outer", "Parallel Aware": false, "Startup Cost": 1492594.26, "Total Cost": 1494439.81, "Plan Rows": 738221, "Plan Width": 16, "Sort Key": ["lineitem.l_suppkey"], "Plans": [{"Node Type": "Bitmap Heap Scan", "Parent Relationship": "Outer", "Parallel Aware": true, "Relation Name": "lineitem", "Alias": "lineitem", "Startup Cost": 33163.93, "Total Cost": 1413250.74, "Plan Rows": 738221, "Plan Width": 16, "Recheck Cond": "((l_shipdate >= '1994-06-01'::date) AND (l_shipdate < '1994-09-01 00:00:00'::timestamp without time zone))", "Plans": [{"Node Type": "Bitmap Index Scan", "Parent Relationship": "Outer", "Parallel Aware": false, "Index Name": "idx_lineitem_shipdate", "Startup Cost": 0.0, "Total Cost": 32591.81, "Plan Rows": 2288484, "Plan Width": 0, "Index Cond": "((l_shipdate >= '1994-06-01'::date) AND (l_shipdate < '1994-09-01 00:00:00'::timestamp without time zone))"}]}]}]}]}]}, {"Node Type": "Bitmap Heap Scan", "Parent Relationship": "Inner", "Parallel Aware": false, "Relation Name": "supplier", "Alias": "supplier", "Startup Cost": 0.88, "Total Cost": 1.99, "Plan Rows": 1, "Plan Width": 71, "Recheck Cond": "(s_suppkey = lineitem.l_suppkey)", "Plans": [{"Node Type": "Bitmap Index Scan", "Parent Relationship": "Outer", "Parallel Aware": false, "Index Name": "supplier_pkey", "Startup Cost": 0.0, "Total Cost": 0.88, "Plan Rows": 1, "Plan Width": 0, "Index Cond": "(s_suppkey = lineitem.l_suppkey)"}]}]}]}}, {"Plan": {"Node Type": "Limit", "Parallel Aware": false, "Startup Cost": 3093147.48, "Total Cost": 3093147.49, "Plan Rows": 1, "Plan Width": 103, "Plans": [{"Node Type": "Aggregate", "Strategy": "Plain", "Partial Mode": "Simple", "Parent Relationship": "InitPlan", "Subplan Name": "InitPlan 1 (returns $1)", "Parallel Aware": false, "Startup Cost": 1543962.34, "Total Cost": 1543962.35, "Plan Rows": 1, "Plan Width": 32, "Plans": [{"Node Type": "Aggregate", "Strategy": "Sorted", "Partial Mode": "Finalize", "Parent Relationship": "Outer", "Parallel Aware": false, "Startup Cost": 1493594.3, "Total Cost": 1542715.66, "Plan Rows": 99734, "Plan Width": 36, "Group Key": ["lineitem_1.l_suppkey"], "Plans": [{"Node Type": "Gather Merge", "Parent Relationship": "Outer", "Parallel Aware": false, "Startup Cost": 1493594.3, "Total Cost": 1539224.97, "Plan Rows": 299202, "Plan Width": 36, "Workers Planned": 3, "Plans": [{"Node Type": "Aggregate", "Strategy": "Sorted", "Partial Mode": "Partial", "Parent Relationship": "Outer", "Parallel Aware": false, "Startup Cost": 1492594.26, "Total Cost": 1503068.7, "Plan Rows": 99734, "Plan Width": 36, "Group Key": ["lineitem_1.l_suppkey"], "Plans": [{"Node Type": "Sort", "Parent Relationship": "Outer", "Parallel Aware": false, "Startup Cost": 1492594.26, "Total Cost": 1494439.81, "Plan Rows": 738221, "Plan Width": 16, "Sort Key": ["lineitem_1.l_suppkey"], "Plans": [{"Node Type": "Bitmap Heap Scan", "Parent Relationship": "Outer", "Parallel Aware": true, "Relation Name": "lineitem", "Alias": "lineitem_1", "Startup Cost": 33163.93, "Total Cost": 1413250.74, "Plan Rows": 738221, "Plan Width": 16, "Recheck Cond": "((l_shipdate >= '1994-06-01'::date) AND (l_shipdate < '1994-09-01 00:00:00'::timestamp without time zone))", "Plans": [{"Node Type": "Bitmap Index Scan", "Parent Relationship": "Outer", "Parallel Aware": false, "Index Name": "idx_lineitem_shipdate", "Startup Cost": 0.0, "Total Cost": 32591.81, "Plan Rows": 2288484, "Plan Width": 0, "Index Cond": "((l_shipdate >= '1994-06-01'::date) AND (l_shipdate < '1994-09-01 00:00:00'::timestamp without time zone))"}]}]}]}]}]}]}, {"Node Type": "Sort", "Parent Relationship": "Outer", "Parallel Aware": false, "Startup Cost": 1549185.14, "Total Cost": 1549186.38, "Plan Rows": 499, "Plan Width": 103, "Sort Key": ["supplier.s_suppkey"], "Plans": [{"Node Type": "Hash Join", "Parent Relationship": "Outer", "Parallel Aware": false, "Join Type": "Inner", "Startup Cost": 1498060.3, "Total Cost": 1549182.64, "Plan Rows": 499, "Plan Width": 103, "Inner Unique": true, "Hash Cond": "(lineitem.l_suppkey = supplier.s_suppkey)", "Plans": [{"Node Type": "Aggregate", "Strategy": "Sorted", "Partial Mode": "Finalize", "Parent Relationship": "Outer", "Parallel Aware": false, "Startup Cost": 1493594.3, "Total Cost": 1544710.34, "Plan Rows": 499, "Plan Width": 36, "Group Key": ["lineitem.l_suppkey"], "Filter": "(sum((lineitem.l_extendedprice * ('1'::numeric - lineitem.l_discount))) = $1)", "Plans": [{"Node Type": "Gather Merge", "Parent Relationship": "Outer", "Parallel Aware": false, "Startup Cost": 1493594.3, "Total Cost": 1539224.97, "Plan Rows": 299202, "Plan Width": 36, "Workers Planned": 3, "Plans": [{"Node Type": "Aggregate", "Strategy": "Sorted", "Partial Mode": "Partial", "Parent Relationship": "Outer", "Parallel Aware": false, "Startup Cost": 1492594.26, "Total Cost": 1503068.7, "Plan Rows": 99734, "Plan Width": 36, "Group Key": ["lineitem.l_suppkey"], "Plans": [{"Node Type": "Sort", "Parent Relationship": "Outer", "Parallel Aware": false, "Startup Cost": 1492594.26, "Total Cost": 1494439.81, "Plan Rows": 738221, "Plan Width": 16, "Sort Key": ["lineitem.l_suppkey"], "Plans": [{"Node Type": "Bitmap Heap Scan", "Parent Relationship": "Outer", "Parallel Aware": true, "Relation Name": "lineitem", "Alias": "lineitem", "Startup Cost": 33163.93, "Total Cost": 1413250.74, "Plan Rows": 738221, "Plan Width": 16, "Recheck Cond": "((l_shipdate >= '1994-06-01'::date) AND (l_shipdate < '1994-09-01 00:00:00'::timestamp without time zone))", "Plans": [{"Node Type": "Bitmap Index Scan", "Parent Relationship": "Outer", "Parallel Aware": false, "Index Name": "idx_lineitem_shipdate", "Startup Cost": 0.0, "Total Cost": 32591.81, "Plan Rows": 2288484, "Plan Width": 0, "Index Cond": "((l_shipdate >= '1994-06-01'::date) AND (l_shipdate < '1994-09-01 00:00:00'::timestamp without time zone))"}]}]}]}]}]}, {"Node Type": "Hash", "Parent Relationship": "Inner", "Parallel Aware": false, "Startup Cost": 3216.0, "Total Cost": 3216.0, "Plan Rows": 100000, "Plan Width": 71, "Plans": [{"Node Type": "Seq Scan", "Parent Relationship": "Outer", "Parallel Aware": false, "Relation Name": "supplier", "Alias": "supplier", "Startup Cost": 0.0, "Total Cost": 3216.0, "Plan Rows": 100000, "Plan Width": 71}]}]}]}]}}, {"Plan": {"Node Type": "Limit", "Parallel Aware": false, "Startup Cost": 2821385.99, "Total Cost": 2821385.99, "Plan Rows": 1, "Plan Width": 103, "Plans": [{"Node Type": "Aggregate", "Strategy": "Plain", "Partial Mode": "Simple", "Parent Relationship": "InitPlan", "Subplan Name": "InitPlan 1 (returns $1)", "Parallel Aware": false, "Startup Cost": 1407679.54, "Total Cost": 1407679.55, "Plan Rows": 1, "Plan Width": 32, "Plans": [{"Node Type": "Aggregate", "Strategy": "Sorted", "Partial Mode": "Finalize", "Parent Relationship": "Outer", "Parallel Aware": false, "Startup Cost": 1357311.5, "Total Cost": 1406432.86, "Plan Rows": 99734, "Plan Width": 36, "Group Key": ["lineitem_1.l_suppkey"], "Plans": [{"Node Type": "Gather Merge", "Parent Relationship": "Outer", "Parallel Aware": false, "Startup Cost": 1357311.5, "Total Cost": 1402942.17, "Plan Rows": 299202, "Plan Width": 36, "Workers Planned": 3, "Plans": [{"Node Type": "Aggregate", "Strategy": "Sorted", "Partial Mode": "Partial", "Parent Relationship": "Outer", "Parallel Aware": false, "Startup Cost": 1356311.46, "Total Cost": 1366785.9, "Plan Rows": 99734, "Plan Width": 36, "Group Key": ["lineitem_1.l_suppkey"], "Plans": [{"Node Type": "Sort", "Parent Relationship": "Outer", "Parallel Aware": false, "Startup Cost": 1356311.46, "Total Cost": 1358157.01, "Plan Rows": 738221, "Plan Width": 16, "Sort Key": ["lineitem_1.l_suppkey"], "Plans": [{"Node Type": "Index Scan", "Parent Relationship": "Outer", "Parallel Aware": true, "Scan Direction": "Forward", "Index Name": "idx_lineitem_shipdate", "Relation Name": "lineitem", "Alias": "lineitem_1", "Startup Cost": 0.56, "Total Cost": 1276967.94, "Plan Rows": 738221, "Plan Width": 16, "Index Cond": "((l_shipdate >= '1994-06-01'::date) AND (l_shipdate < '1994-09-01 00:00:00'::timestamp without time zone))"}]}]}]}]}]}, {"Node Type": "Sort", "Parent Relationship": "Outer", "Parallel Aware": false, "Startup Cost": 1413706.44, "Total Cost": 1413707.68, "Plan Rows": 499, "Plan Width": 103, "Sort Key": ["supplier.s_suppkey"], "Plans": [{"Node Type": "Hash Join", "Parent Relationship": "Outer", "Parallel Aware": false, "Join Type": "Inner", "Startup Cost": 1362581.6, "Total Cost": 1413703.94, "Plan Rows": 499, "Plan Width": 103, "Inner Unique": true, "Hash Cond": "(lineitem.l_suppkey = supplier.s_suppkey)", "Plans": [{"Node Type": "Aggregate", "Strategy": "Sorted", "Partial Mode": "Finalize", "Parent Relationship": "Outer", "Parallel Aware": false, "Startup Cost": 1357311.5, "Total Cost": 1408427.54, "Plan Rows": 499, "Plan Width": 36, "Group Key": ["lineitem.l_suppkey"], "Filter": "(sum((lineitem.l_extendedprice * ('1'::numeric - lineitem.l_discount))) = $1)", "Plans": [{"Node Type": "Gather Merge", "Parent Relationship": "Outer", "Parallel Aware": false, "Startup Cost": 1357311.5, "Total Cost": 1402942.17, "Plan Rows": 299202, "Plan Width": 36, "Workers Planned": 3, "Plans": [{"Node Type": "Aggregate", "Strategy": "Sorted", "Partial Mode": "Partial", "Parent Relationship": "Outer", "Parallel Aware": false, "Startup Cost": 1356311.46, "Total Cost": 1366785.9, "Plan Rows": 99734, "Plan Width": 36, "Group Key": ["lineitem.l_suppkey"], "Plans": [{"Node Type": "Sort", "Parent Relationship": "Outer", "Parallel Aware": false, "Startup Cost": 1356311.46, "Total Cost": 1358157.01, "Plan Rows": 738221, "Plan Width": 16, "Sort Key": ["lineitem.l_suppkey"], "Plans": [{"Node Type": "Index Scan", "Parent Relationship": "Outer", "Parallel Aware": true, "Scan Direction": "Forward", "Index Name": "idx_lineitem_shipdate", "Relation Name": "lineitem", "Alias": "lineitem", "Startup Cost": 0.56, "Total Cost": 1276967.94, "Plan Rows": 738221, "Plan Width": 16, "Index Cond": "((l_shipdate >= '1994-06-01'::date) AND (l_shipdate < '1994-09-01 00:00:00'::timestamp without time zone))"}]}]}]}]}, {"Node Type": "Hash", "Parent Relationship": "Inner", "Parallel Aware": false, "Startup Cost": 4020.1, "Total Cost": 4020.1, "Plan Rows": 100000, "Plan Width": 71, "Plans": [{"Node Type": "Index Scan", "Parent Relationship": "Outer", "Parallel Aware": false, "Scan Direction": "Forward", "Index Name": "supplier_pkey", "Relation Name": "supplier", "Alias": "supplier", "Startup Cost": 0.29, "Total Cost": 4020.1, "Plan Rows": 100000, "Plan Width": 71}]}]}]}]}}, {"Plan": {"Node Type": "Limit", "Parallel Aware": false, "Startup Cost": 2764991.34, "Total Cost": 2765102.36, "Plan Rows": 1, "Plan Width": 103, "Plans": [{"Node Type": "Aggregate", "Strategy": "Plain", "Partial Mode": "Simple", "Parent Relationship": "InitPlan", "Subplan Name": "InitPlan 1 (returns $1)", "Parallel Aware": false, "Startup Cost": 1407679.54, "Total Cost": 1407679.55, "Plan Rows": 1, "Plan Width": 32, "Plans": [{"Node Type": "Aggregate", "Strategy": "Sorted", "Partial Mode": "Finalize", "Parent Relationship": "Outer", "Parallel Aware": false, "Startup Cost": 1357311.5, "Total Cost": 1406432.86, "Plan Rows": 99734, "Plan Width": 36, "Group Key": ["lineitem_1.l_suppkey"], "Plans": [{"Node Type": "Gather Merge", "Parent Relationship": "Outer", "Parallel Aware": false, "Startup Cost": 1357311.5, "Total Cost": 1402942.17, "Plan Rows": 299202, "Plan Width": 36, "Workers Planned": 3, "Plans": [{"Node Type": "Aggregate", "Strategy": "Sorted", "Partial Mode": "Partial", "Parent Relationship": "Outer", "Parallel Aware": false, "Startup Cost": 1356311.46, "Total Cost": 1366785.9, "Plan Rows": 99734, "Plan Width": 36, "Group Key": ["lineitem_1.l_suppkey"], "Plans": [{"Node Type": "Sort", "Parent Relationship": "Outer", "Parallel Aware": false, "Startup Cost": 1356311.46, "Total Cost": 1358157.01, "Plan Rows": 738221, "Plan Width": 16, "Sort Key": ["lineitem_1.l_suppkey"], "Plans": [{"Node Type": "Index Scan", "Parent Relationship": "Outer", "Parallel Aware": true, "Scan Direction": "Forward", "Index Name": "idx_lineitem_shipdate", "Relation Name": "lineitem", "Alias": "lineitem_1", "Startup Cost": 0.56, "Total Cost": 1276967.94, "Plan Rows": 738221, "Plan Width": 16, "Index Cond": "((l_shipdate >= '1994-06-01'::date) AND (l_shipdate < '1994-09-01 00:00:00'::timestamp without time zone))"}]}]}]}]}]}, {"Node Type": "Merge Join", "Parent Relationship": "Outer", "Parallel Aware": false, "Join Type": "Inner", "Startup Cost": 1357311.79, "Total Cost": 1412708.87, "Plan Rows": 499, "Plan Width": 103, "Inner Unique": true, "Merge Cond": "(supplier.s_suppkey = lineitem.l_suppkey)", "Plans": [{"Node Type": "Index Scan", "Parent Relationship": "Outer", "Parallel Aware": false, "Scan Direction": "Forward", "Index Name": "supplier_pkey", "Relation Name": "supplier", "Alias": "supplier", "Startup Cost": 0.29, "Total Cost": 4020.1, "Plan Rows": 100000, "Plan Width": 71}, {"Node Type": "Aggregate", "Strategy": "Sorted", "Partial Mode": "Finalize", "Parent Relationship": "Inner", "Parallel Aware": false, "Startup Cost": 1357311.5, "Total Cost": 1408427.54, "Plan Rows": 499, "Plan Width": 36, "Group Key": ["lineitem.l_suppkey"], "Filter": "(sum((lineitem.l_extendedprice * ('1'::numeric - lineitem.l_discount))) = $1)", "Plans": [{"Node Type": "Gather Merge", "Parent Relationship": "Outer", "Parallel Aware": false, "Startup Cost": 1357311.5, "Total Cost": 1402942.17, "Plan Rows": 299202, "Plan Width": 36, "Workers Planned": 3, "Plans": [{"Node Type": "Aggregate", "Strategy": "Sorted", "Partial Mode": "Partial", "Parent Relationship": "Outer", "Parallel Aware": false, "Startup Cost": 1356311.46, "Total Cost": 1366785.9, "Plan Rows": 99734, "Plan Width": 36, "Group Key": ["lineitem.l_suppkey"], "Plans": [{"Node Type": "Sort", "Parent Relationship": "Outer", "Parallel Aware": false, "Startup Cost": 1356311.46, "Total Cost": 1358157.01, "Plan Rows": 738221, "Plan Width": 16, "Sort Key": ["lineitem.l_suppkey"], "Plans": [{"Node Type": "Index Scan", "Parent Relationship": "Outer", "Parallel Aware": true, "Scan Direction": "Forward", "Index Name": "idx_lineitem_shipdate", "Relation Name": "lineitem", "Alias": "lineitem", "Startup Cost": 0.56, "Total Cost": 1276967.94, "Plan Rows": 738221, "Plan Width": 16, "Index Cond": "((l_shipdate >= '1994-06-01'::date) AND (l_shipdate < '1994-09-01 00:00:00'::timestamp without time zone))"}]}]}]}]}]}]}}, {"Plan": {"Node Type": "Limit", "Parallel Aware": false, "Startup Cost": 2764991.34, "Total Cost": 2765095.67, "Plan Rows": 1, "Plan Width": 103, "Plans": [{"Node Type": "Aggregate", "Strategy": "Plain", "Partial Mode": "Simple", "Parent Relationship": "InitPlan", "Subplan Name": "InitPlan 1 (returns $1)", "Parallel Aware": false, "Startup Cost": 1407679.54, "Total Cost": 1407679.55, "Plan Rows": 1, "Plan Width": 32, "Plans": [{"Node Type": "Aggregate", "Strategy": "Sorted", "Partial Mode": "Finalize", "Parent Relationship": "Outer", "Parallel Aware": false, "Startup Cost": 1357311.5, "Total Cost": 1406432.86, "Plan Rows": 99734, "Plan Width": 36, "Group Key": ["lineitem_1.l_suppkey"], "Plans": [{"Node Type": "Gather Merge", "Parent Relationship": "Outer", "Parallel Aware": false, "Startup Cost": 1357311.5, "Total Cost": 1402942.17, "Plan Rows": 299202, "Plan Width": 36, "Workers Planned": 3, "Plans": [{"Node Type": "Aggregate", "Strategy": "Sorted", "Partial Mode": "Partial", "Parent Relationship": "Outer", "Parallel Aware": false, "Startup Cost": 1356311.46, "Total Cost": 1366785.9, "Plan Rows": 99734, "Plan Width": 36, "Group Key": ["lineitem_1.l_suppkey"], "Plans": [{"Node Type": "Sort", "Parent Relationship": "Outer", "Parallel Aware": false, "Startup Cost": 1356311.46, "Total Cost": 1358157.01, "Plan Rows": 738221, "Plan Width": 16, "Sort Key": ["lineitem_1.l_suppkey"], "Plans": [{"Node Type": "Index Scan", "Parent Relationship": "Outer", "Parallel Aware": true, "Scan Direction": "Forward", "Index Name": "idx_lineitem_shipdate", "Relation Name": "lineitem", "Alias": "lineitem_1", "Startup Cost": 0.56, "Total Cost": 1276967.94, "Plan Rows": 738221, "Plan Width": 16, "Index Cond": "((l_shipdate >= '1994-06-01'::date) AND (l_shipdate < '1994-09-01 00:00:00'::timestamp without time zone))"}]}]}]}]}]}, {"Node Type": "Nested Loop", "Parent Relationship": "Outer", "Parallel Aware": false, "Join Type": "Inner", "Startup Cost": 1357311.79, "Total Cost": 1409370.42, "Plan Rows": 499, "Plan Width": 103, "Inner Unique": true, "Plans": [{"Node Type": "Aggregate", "Strategy": "Sorted", "Partial Mode": "Finalize", "Parent Relationship": "Outer", "Parallel Aware": false, "Startup Cost": 1357311.5, "Total Cost": 1408427.54, "Plan Rows": 499, "Plan Width": 36, "Group Key": ["lineitem.l_suppkey"], "Filter": "(sum((lineitem.l_extendedprice * ('1'::numeric - lineitem.l_discount))) = $1)", "Plans": [{"Node Type": "Gather Merge", "Parent Relationship": "Outer", "Parallel Aware": false, "Startup Cost": 1357311.5, "Total Cost": 1402942.17, "Plan Rows": 299202, "Plan Width": 36, "Workers Planned": 3, "Plans": [{"Node Type": "Aggregate", "Strategy": "Sorted", "Partial Mode": "Partial", "Parent Relationship": "Outer", "Parallel Aware": false, "Startup Cost": 1356311.46, "Total Cost": 1366785.9, "Plan Rows": 99734, "Plan Width": 36, "Group Key": ["lineitem.l_suppkey"], "Plans": [{"Node Type": "Sort", "Parent Relationship": "Outer", "Parallel Aware": false, "Startup Cost": 1356311.46, "Total Cost": 1358157.01, "Plan Rows": 738221, "Plan Width": 16, "Sort Key": ["lineitem.l_suppkey"], "Plans": [{"Node Type": "Index Scan", "Parent Relationship": "Outer", "Parallel Aware": true, "Scan Direction": "Forward", "Index Name": "idx_lineitem_shipdate", "Relation Name": "lineitem", "Alias": "lineitem", "Startup Cost": 0.56, "Total Cost": 1276967.94, "Plan Rows": 738221, "Plan Width": 16, "Index Cond": "((l_shipdate >= '1994-06-01'::date) AND (l_shipdate < '1994-09-01 00:00:00'::timestamp without time zone))"}]}]}]}]}, {"Node Type": "Index Scan", "Parent Relationship": "Inner", "Parallel Aware": false, "Scan Direction": "Forward", "Index Name": "supplier_pkey", "Relation Name": "supplier", "Alias": "supplier", "Startup Cost": 0.29, "Total Cost": 1.88, "Plan Rows": 1, "Plan Width": 71, "Index Cond": "(s_suppkey = lineitem.l_suppkey)"}]}]}}, {"Plan": {"Node Type": "Limit", "Parallel Aware": false, "Startup Cost": 2764991.34, "Total Cost": 2765095.67, "Plan Rows": 1, "Plan Width": 103, "Plans": [{"Node Type": "Aggregate", "Strategy": "Plain", "Partial Mode": "Simple", "Parent Relationship": "InitPlan", "Subplan Name": "InitPlan 1 (returns $1)", "Parallel Aware": false, "Startup Cost": 1407679.54, "Total Cost": 1407679.55, "Plan Rows": 1, "Plan Width": 32, "Plans": [{"Node Type": "Aggregate", "Strategy": "Sorted", "Partial Mode": "Finalize", "Parent Relationship": "Outer", "Parallel Aware": false, "Startup Cost": 1357311.5, "Total Cost": 1406432.86, "Plan Rows": 99734, "Plan Width": 36, "Group Key": ["lineitem_1.l_suppkey"], "Plans": [{"Node Type": "Gather Merge", "Parent Relationship": "Outer", "Parallel Aware": false, "Startup Cost": 1357311.5, "Total Cost": 1402942.17, "Plan Rows": 299202, "Plan Width": 36, "Workers Planned": 3, "Plans": [{"Node Type": "Aggregate", "Strategy": "Sorted", "Partial Mode": "Partial", "Parent Relationship": "Outer", "Parallel Aware": false, "Startup Cost": 1356311.46, "Total Cost": 1366785.9, "Plan Rows": 99734, "Plan Width": 36, "Group Key": ["lineitem_1.l_suppkey"], "Plans": [{"Node Type": "Sort", "Parent Relationship": "Outer", "Parallel Aware": false, "Startup Cost": 1356311.46, "Total Cost": 1358157.01, "Plan Rows": 738221, "Plan Width": 16, "Sort Key": ["lineitem_1.l_suppkey"], "Plans": [{"Node Type": "Index Scan", "Parent Relationship": "Outer", "Parallel Aware": true, "Scan Direction": "Forward", "Index Name": "idx_lineitem_shipdate", "Relation Name": "lineitem", "Alias": "lineitem_1", "Startup Cost": 0.56, "Total Cost": 1276967.94, "Plan Rows": 738221, "Plan Width": 16, "Index Cond": "((l_shipdate >= '1994-06-01'::date) AND (l_shipdate < '1994-09-01 00:00:00'::timestamp without time zone))"}]}]}]}]}]}, {"Node Type": "Nested Loop", "Parent Relationship": "Outer", "Parallel Aware": false, "Join Type": "Inner", "Startup Cost": 1357311.79, "Total Cost": 1409370.42, "Plan Rows": 499, "Plan Width": 103, "Inner Unique": true, "Plans": [{"Node Type": "Aggregate", "Strategy": "Sorted", "Partial Mode": "Finalize", "Parent Relationship": "Outer", "Parallel Aware": false, "Startup Cost": 1357311.5, "Total Cost": 1408427.54, "Plan Rows": 499, "Plan Width": 36, "Group Key": ["lineitem.l_suppkey"], "Filter": "(sum((lineitem.l_extendedprice * ('1'::numeric - lineitem.l_discount))) = $1)", "Plans": [{"Node Type": "Gather Merge", "Parent Relationship": "Outer", "Parallel Aware": false, "Startup Cost": 1357311.5, "Total Cost": 1402942.17, "Plan Rows": 299202, "Plan Width": 36, "Workers Planned": 3, "Plans": [{"Node Type": "Aggregate", "Strategy": "Sorted", "Partial Mode": "Partial", "Parent Relationship": "Outer", "Parallel Aware": false, "Startup Cost": 1356311.46, "Total Cost": 1366785.9, "Plan Rows": 99734, "Plan Width": 36, "Group Key": ["lineitem.l_suppkey"], "Plans": [{"Node Type": "Sort", "Parent Relationship": "Outer", "Parallel Aware": false, "Startup Cost": 1356311.46, "Total Cost": 1358157.01, "Plan Rows": 738221, "Plan Width": 16, "Sort Key": ["lineitem.l_suppkey"], "Plans": [{"Node Type": "Index Scan", "Parent Relationship": "Outer", "Parallel Aware": true, "Scan Direction": "Forward", "Index Name": "idx_lineitem_shipdate", "Relation Name": "lineitem", "Alias": "lineitem", "Startup Cost": 0.56, "Total Cost": 1276967.94, "Plan Rows": 738221, "Plan Width": 16, "Index Cond": "((l_shipdate >= '1994-06-01'::date) AND (l_shipdate < '1994-09-01 00:00:00'::timestamp without time zone))"}]}]}]}]}, {"Node Type": "Index Scan", "Parent Relationship": "Inner", "Parallel Aware": false, "Scan Direction": "Forward", "Index Name": "supplier_pkey", "Relation Name": "supplier", "Alias": "supplier", "Startup Cost": 0.29, "Total Cost": 1.88, "Plan Rows": 1, "Plan Width": 71, "Index Cond": "(s_suppkey = lineitem.l_suppkey)"}]}]}}, {"Plan": {"Node Type": "Limit", "Parallel Aware": false, "Startup Cost": 2764991.34, "Total Cost": 2765102.36, "Plan Rows": 1, "Plan Width": 103, "Plans": [{"Node Type": "Aggregate", "Strategy": "Plain", "Partial Mode": "Simple", "Parent Relationship": "InitPlan", "Subplan Name": "InitPlan 1 (returns $1)", "Parallel Aware": false, "Startup Cost": 1407679.54, "Total Cost": 1407679.55, "Plan Rows": 1, "Plan Width": 32, "Plans": [{"Node Type": "Aggregate", "Strategy": "Sorted", "Partial Mode": "Finalize", "Parent Relationship": "Outer", "Parallel Aware": false, "Startup Cost": 1357311.5, "Total Cost": 1406432.86, "Plan Rows": 99734, "Plan Width": 36, "Group Key": ["lineitem_1.l_suppkey"], "Plans": [{"Node Type": "Gather Merge", "Parent Relationship": "Outer", "Parallel Aware": false, "Startup Cost": 1357311.5, "Total Cost": 1402942.17, "Plan Rows": 299202, "Plan Width": 36, "Workers Planned": 3, "Plans": [{"Node Type": "Aggregate", "Strategy": "Sorted", "Partial Mode": "Partial", "Parent Relationship": "Outer", "Parallel Aware": false, "Startup Cost": 1356311.46, "Total Cost": 1366785.9, "Plan Rows": 99734, "Plan Width": 36, "Group Key": ["lineitem_1.l_suppkey"], "Plans": [{"Node Type": "Sort", "Parent Relationship": "Outer", "Parallel Aware": false, "Startup Cost": 1356311.46, "Total Cost": 1358157.01, "Plan Rows": 738221, "Plan Width": 16, "Sort Key": ["lineitem_1.l_suppkey"], "Plans": [{"Node Type": "Index Scan", "Parent Relationship": "Outer", "Parallel Aware": true, "Scan Direction": "Forward", "Index Name": "idx_lineitem_shipdate", "Relation Name": "lineitem", "Alias": "lineitem_1", "Startup Cost": 0.56, "Total Cost": 1276967.94, "Plan Rows": 738221, "Plan Width": 16, "Index Cond": "((l_shipdate >= '1994-06-01'::date) AND (l_shipdate < '1994-09-01 00:00:00'::timestamp without time zone))"}]}]}]}]}]}, {"Node Type": "Merge Join", "Parent Relationship": "Outer", "Parallel Aware": false, "Join Type": "Inner", "Startup Cost": 1357311.79, "Total Cost": 1412708.87, "Plan Rows": 499, "Plan Width": 103, "Inner Unique": true, "Merge Cond": "(supplier.s_suppkey = lineitem.l_suppkey)", "Plans": [{"Node Type": "Index Scan", "Parent Relationship": "Outer", "Parallel Aware": false, "Scan Direction": "Forward", "Index Name": "supplier_pkey", "Relation Name": "supplier", "Alias": "supplier", "Startup Cost": 0.29, "Total Cost": 4020.1, "Plan Rows": 100000, "Plan Width": 71}, {"Node Type": "Aggregate", "Strategy": "Sorted", "Partial Mode": "Finalize", "Parent Relationship": "Inner", "Parallel Aware": false, "Startup Cost": 1357311.5, "Total Cost": 1408427.54, "Plan Rows": 499, "Plan Width": 36, "Group Key": ["lineitem.l_suppkey"], "Filter": "(sum((lineitem.l_extendedprice * ('1'::numeric - lineitem.l_discount))) = $1)", "Plans": [{"Node Type": "Gather Merge", "Parent Relationship": "Outer", "Parallel Aware": false, "Startup Cost": 1357311.5, "Total Cost": 1402942.17, "Plan Rows": 299202, "Plan Width": 36, "Workers Planned": 3, "Plans": [{"Node Type": "Aggregate", "Strategy": "Sorted", "Partial Mode": "Partial", "Parent Relationship": "Outer", "Parallel Aware": false, "Startup Cost": 1356311.46, "Total Cost": 1366785.9, "Plan Rows": 99734, "Plan Width": 36, "Group Key": ["lineitem.l_suppkey"], "Plans": [{"Node Type": "Sort", "Parent Relationship": "Outer", "Parallel Aware": false, "Startup Cost": 1356311.46, "Total Cost": 1358157.01, "Plan Rows": 738221, "Plan Width": 16, "Sort Key": ["lineitem.l_suppkey"], "Plans": [{"Node Type": "Index Scan", "Parent Relationship": "Outer", "Parallel Aware": true, "Scan Direction": "Forward", "Index Name": "idx_lineitem_shipdate", "Relation Name": "lineitem", "Alias": "lineitem", "Startup Cost": 0.56, "Total Cost": 1276967.94, "Plan Rows": 738221, "Plan Width": 16, "Index Cond": "((l_shipdate >= '1994-06-01'::date) AND (l_shipdate < '1994-09-01 00:00:00'::timestamp without time zone))"}]}]}]}]}]}]}}, {"Plan": {"Node Type": "Limit", "Parallel Aware": false, "Startup Cost": 2764991.34, "Total Cost": 2765095.67, "Plan Rows": 1, "Plan Width": 103, "Plans": [{"Node Type": "Aggregate", "Strategy": "Plain", "Partial Mode": "Simple", "Parent Relationship": "InitPlan", "Subplan Name": "InitPlan 1 (returns $1)", "Parallel Aware": false, "Startup Cost": 1407679.54, "Total Cost": 1407679.55, "Plan Rows": 1, "Plan Width": 32, "Plans": [{"Node Type": "Aggregate", "Strategy": "Sorted", "Partial Mode": "Finalize", "Parent Relationship": "Outer", "Parallel Aware": false, "Startup Cost": 1357311.5, "Total Cost": 1406432.86, "Plan Rows": 99734, "Plan Width": 36, "Group Key": ["lineitem_1.l_suppkey"], "Plans": [{"Node Type": "Gather Merge", "Parent Relationship": "Outer", "Parallel Aware": false, "Startup Cost": 1357311.5, "Total Cost": 1402942.17, "Plan Rows": 299202, "Plan Width": 36, "Workers Planned": 3, "Plans": [{"Node Type": "Aggregate", "Strategy": "Sorted", "Partial Mode": "Partial", "Parent Relationship": "Outer", "Parallel Aware": false, "Startup Cost": 1356311.46, "Total Cost": 1366785.9, "Plan Rows": 99734, "Plan Width": 36, "Group Key": ["lineitem_1.l_suppkey"], "Plans": [{"Node Type": "Sort", "Parent Relationship": "Outer", "Parallel Aware": false, "Startup Cost": 1356311.46, "Total Cost": 1358157.01, "Plan Rows": 738221, "Plan Width": 16, "Sort Key": ["lineitem_1.l_suppkey"], "Plans": [{"Node Type": "Index Scan", "Parent Relationship": "Outer", "Parallel Aware": true, "Scan Direction": "Forward", "Index Name": "idx_lineitem_shipdate", "Relation Name": "lineitem", "Alias": "lineitem_1", "Startup Cost": 0.56, "Total Cost": 1276967.94, "Plan Rows": 738221, "Plan Width": 16, "Index Cond": "((l_shipdate >= '1994-06-01'::date) AND (l_shipdate < '1994-09-01 00:00:00'::timestamp without time zone))"}]}]}]}]}]}, {"Node Type": "Nested Loop", "Parent Relationship": "Outer", "Parallel Aware": false, "Join Type": "Inner", "Startup Cost": 1357311.79, "Total Cost": 1409370.42, "Plan Rows": 499, "Plan Width": 103, "Inner Unique": true, "Plans": [{"Node Type": "Aggregate", "Strategy": "Sorted", "Partial Mode": "Finalize", "Parent Relationship": "Outer", "Parallel Aware": false, "Startup Cost": 1357311.5, "Total Cost": 1408427.54, "Plan Rows": 499, "Plan Width": 36, "Group Key": ["lineitem.l_suppkey"], "Filter": "(sum((lineitem.l_extendedprice * ('1'::numeric - lineitem.l_discount))) = $1)", "Plans": [{"Node Type": "Gather Merge", "Parent Relationship": "Outer", "Parallel Aware": false, "Startup Cost": 1357311.5, "Total Cost": 1402942.17, "Plan Rows": 299202, "Plan Width": 36, "Workers Planned": 3, "Plans": [{"Node Type": "Aggregate", "Strategy": "Sorted", "Partial Mode": "Partial", "Parent Relationship": "Outer", "Parallel Aware": false, "Startup Cost": 1356311.46, "Total Cost": 1366785.9, "Plan Rows": 99734, "Plan Width": 36, "Group Key": ["lineitem.l_suppkey"], "Plans": [{"Node Type": "Sort", "Parent Relationship": "Outer", "Parallel Aware": false, "Startup Cost": 1356311.46, "Total Cost": 1358157.01, "Plan Rows": 738221, "Plan Width": 16, "Sort Key": ["lineitem.l_suppkey"], "Plans": [{"Node Type": "Index Scan", "Parent Relationship": "Outer", "Parallel Aware": true, "Scan Direction": "Forward", "Index Name": "idx_lineitem_shipdate", "Relation Name": "lineitem", "Alias": "lineitem", "Startup Cost": 0.56, "Total Cost": 1276967.94, "Plan Rows": 738221, "Plan Width": 16, "Index Cond": "((l_shipdate >= '1994-06-01'::date) AND (l_shipdate < '1994-09-01 00:00:00'::timestamp without time zone))"}]}]}]}]}, {"Node Type": "Index Scan", "Parent Relationship": "Inner", "Parallel Aware": false, "Scan Direction": "Forward", "Index Name": "supplier_pkey", "Relation Name": "supplier", "Alias": "supplier", "Startup Cost": 0.29, "Total Cost": 1.88, "Plan Rows": 1, "Plan Width": 71, "Index Cond": "(s_suppkey = lineitem.l_suppkey)"}]}]}}, {"Plan": {"Node Type": "Limit", "Parallel Aware": false, "Startup Cost": 2764991.34, "Total Cost": 2765095.67, "Plan Rows": 1, "Plan Width": 103, "Plans": [{"Node Type": "Aggregate", "Strategy": "Plain", "Partial Mode": "Simple", "Parent Relationship": "InitPlan", "Subplan Name": "InitPlan 1 (returns $1)", "Parallel Aware": false, "Startup Cost": 1407679.54, "Total Cost": 1407679.55, "Plan Rows": 1, "Plan Width": 32, "Plans": [{"Node Type": "Aggregate", "Strategy": "Sorted", "Partial Mode": "Finalize", "Parent Relationship": "Outer", "Parallel Aware": false, "Startup Cost": 1357311.5, "Total Cost": 1406432.86, "Plan Rows": 99734, "Plan Width": 36, "Group Key": ["lineitem_1.l_suppkey"], "Plans": [{"Node Type": "Gather Merge", "Parent Relationship": "Outer", "Parallel Aware": false, "Startup Cost": 1357311.5, "Total Cost": 1402942.17, "Plan Rows": 299202, "Plan Width": 36, "Workers Planned": 3, "Plans": [{"Node Type": "Aggregate", "Strategy": "Sorted", "Partial Mode": "Partial", "Parent Relationship": "Outer", "Parallel Aware": false, "Startup Cost": 1356311.46, "Total Cost": 1366785.9, "Plan Rows": 99734, "Plan Width": 36, "Group Key": ["lineitem_1.l_suppkey"], "Plans": [{"Node Type": "Sort", "Parent Relationship": "Outer", "Parallel Aware": false, "Startup Cost": 1356311.46, "Total Cost": 1358157.01, "Plan Rows": 738221, "Plan Width": 16, "Sort Key": ["lineitem_1.l_suppkey"], "Plans": [{"Node Type": "Index Scan", "Parent Relationship": "Outer", "Parallel Aware": true, "Scan Direction": "Forward", "Index Name": "idx_lineitem_shipdate", "Relation Name": "lineitem", "Alias": "lineitem_1", "Startup Cost": 0.56, "Total Cost": 1276967.94, "Plan Rows": 738221, "Plan Width": 16, "Index Cond": "((l_shipdate >= '1994-06-01'::date) AND (l_shipdate < '1994-09-01 00:00:00'::timestamp without time zone))"}]}]}]}]}]}, {"Node Type": "Nested Loop", "Parent Relationship": "Outer", "Parallel Aware": false, "Join Type": "Inner", "Startup Cost": 1357311.79, "Total Cost": 1409370.42, "Plan Rows": 499, "Plan Width": 103, "Inner Unique": true, "Plans": [{"Node Type": "Aggregate", "Strategy": "Sorted", "Partial Mode": "Finalize", "Parent Relationship": "Outer", "Parallel Aware": false, "Startup Cost": 1357311.5, "Total Cost": 1408427.54, "Plan Rows": 499, "Plan Width": 36, "Group Key": ["lineitem.l_suppkey"], "Filter": "(sum((lineitem.l_extendedprice * ('1'::numeric - lineitem.l_discount))) = $1)", "Plans": [{"Node Type": "Gather Merge", "Parent Relationship": "Outer", "Parallel Aware": false, "Startup Cost": 1357311.5, "Total Cost": 1402942.17, "Plan Rows": 299202, "Plan Width": 36, "Workers Planned": 3, "Plans": [{"Node Type": "Aggregate", "Strategy": "Sorted", "Partial Mode": "Partial", "Parent Relationship": "Outer", "Parallel Aware": false, "Startup Cost": 1356311.46, "Total Cost": 1366785.9, "Plan Rows": 99734, "Plan Width": 36, "Group Key": ["lineitem.l_suppkey"], "Plans": [{"Node Type": "Sort", "Parent Relationship": "Outer", "Parallel Aware": false, "Startup Cost": 1356311.46, "Total Cost": 1358157.01, "Plan Rows": 738221, "Plan Width": 16, "Sort Key": ["lineitem.l_suppkey"], "Plans": [{"Node Type": "Index Scan", "Parent Relationship": "Outer", "Parallel Aware": true, "Scan Direction": "Forward", "Index Name": "idx_lineitem_shipdate", "Relation Name": "lineitem", "Alias": "lineitem", "Startup Cost": 0.56, "Total Cost": 1276967.94, "Plan Rows": 738221, "Plan Width": 16, "Index Cond": "((l_shipdate >= '1994-06-01'::date) AND (l_shipdate < '1994-09-01 00:00:00'::timestamp without time zone))"}]}]}]}]}, {"Node Type": "Index Scan", "Parent Relationship": "Inner", "Parallel Aware": false, "Scan Direction": "Forward", "Index Name": "supplier_pkey", "Relation Name": "supplier", "Alias": "supplier", "Startup Cost": 0.29, "Total Cost": 1.88, "Plan Rows": 1, "Plan Width": 71, "Index Cond": "(s_suppkey = lineitem.l_suppkey)"}]}]}}, {"Plan": {"Node Type": "Limit", "Parallel Aware": false, "Startup Cost": 2820581.89, "Total Cost": 2820581.89, "Plan Rows": 1, "Plan Width": 103, "Plans": [{"Node Type": "Aggregate", "Strategy": "Plain", "Partial Mode": "Simple", "Parent Relationship": "InitPlan", "Subplan Name": "InitPlan 1 (returns $1)", "Parallel Aware": false, "Startup Cost": 1407679.54, "Total Cost": 1407679.55, "Plan Rows": 1, "Plan Width": 32, "Plans": [{"Node Type": "Aggregate", "Strategy": "Sorted", "Partial Mode": "Finalize", "Parent Relationship": "Outer", "Parallel Aware": false, "Startup Cost": 1357311.5, "Total Cost": 1406432.86, "Plan Rows": 99734, "Plan Width": 36, "Group Key": ["lineitem_1.l_suppkey"], "Plans": [{"Node Type": "Gather Merge", "Parent Relationship": "Outer", "Parallel Aware": false, "Startup Cost": 1357311.5, "Total Cost": 1402942.17, "Plan Rows": 299202, "Plan Width": 36, "Workers Planned": 3, "Plans": [{"Node Type": "Aggregate", "Strategy": "Sorted", "Partial Mode": "Partial", "Parent Relationship": "Outer", "Parallel Aware": false, "Startup Cost": 1356311.46, "Total Cost": 1366785.9, "Plan Rows": 99734, "Plan Width": 36, "Group Key": ["lineitem_1.l_suppkey"], "Plans": [{"Node Type": "Sort", "Parent Relationship": "Outer", "Parallel Aware": false, "Startup Cost": 1356311.46, "Total Cost": 1358157.01, "Plan Rows": 738221, "Plan Width": 16, "Sort Key": ["lineitem_1.l_suppkey"], "Plans": [{"Node Type": "Index Scan", "Parent Relationship": "Outer", "Parallel Aware": true, "Scan Direction": "Forward", "Index Name": "idx_lineitem_shipdate", "Relation Name": "lineitem", "Alias": "lineitem_1", "Startup Cost": 0.56, "Total Cost": 1276967.94, "Plan Rows": 738221, "Plan Width": 16, "Index Cond": "((l_shipdate >= '1994-06-01'::date) AND (l_shipdate < '1994-09-01 00:00:00'::timestamp without time zone))"}]}]}]}]}]}, {"Node Type": "Sort", "Parent Relationship": "Outer", "Parallel Aware": false, "Startup Cost": 1412902.34, "Total Cost": 1412903.59, "Plan Rows": 499, "Plan Width": 103, "Sort Key": ["supplier.s_suppkey"], "Plans": [{"Node Type": "Hash Join", "Parent Relationship": "Outer", "Parallel Aware": false, "Join Type": "Inner", "Startup Cost": 1361777.5, "Total Cost": 1412899.84, "Plan Rows": 499, "Plan Width": 103, "Inner Unique": true, "Hash Cond": "(lineitem.l_suppkey = supplier.s_suppkey)", "Plans": [{"Node Type": "Aggregate", "Strategy": "Sorted", "Partial Mode": "Finalize", "Parent Relationship": "Outer", "Parallel Aware": false, "Startup Cost": 1357311.5, "Total Cost": 1408427.54, "Plan Rows": 499, "Plan Width": 36, "Group Key": ["lineitem.l_suppkey"], "Filter": "(sum((lineitem.l_extendedprice * ('1'::numeric - lineitem.l_discount))) = $1)", "Plans": [{"Node Type": "Gather Merge", "Parent Relationship": "Outer", "Parallel Aware": false, "Startup Cost": 1357311.5, "Total Cost": 1402942.17, "Plan Rows": 299202, "Plan Width": 36, "Workers Planned": 3, "Plans": [{"Node Type": "Aggregate", "Strategy": "Sorted", "Partial Mode": "Partial", "Parent Relationship": "Outer", "Parallel Aware": false, "Startup Cost": 1356311.46, "Total Cost": 1366785.9, "Plan Rows": 99734, "Plan Width": 36, "Group Key": ["lineitem.l_suppkey"], "Plans": [{"Node Type": "Sort", "Parent Relationship": "Outer", "Parallel Aware": false, "Startup Cost": 1356311.46, "Total Cost": 1358157.01, "Plan Rows": 738221, "Plan Width": 16, "Sort Key": ["lineitem.l_suppkey"], "Plans": [{"Node Type": "Index Scan", "Parent Relationship": "Outer", "Parallel Aware": true, "Scan Direction": "Forward", "Index Name": "idx_lineitem_shipdate", "Relation Name": "lineitem", "Alias": "lineitem", "Startup Cost": 0.56, "Total Cost": 1276967.94, "Plan Rows": 738221, "Plan Width": 16, "Index Cond": "((l_shipdate >= '1994-06-01'::date) AND (l_shipdate < '1994-09-01 00:00:00'::timestamp without time zone))"}]}]}]}]}, {"Node Type": "Hash", "Parent Relationship": "Inner", "Parallel Aware": false, "Startup Cost": 3216.0, "Total Cost": 3216.0, "Plan Rows": 100000, "Plan Width": 71, "Plans": [{"Node Type": "Seq Scan", "Parent Relationship": "Outer", "Parallel Aware": false, "Relation Name": "supplier", "Alias": "supplier", "Startup Cost": 0.0, "Total Cost": 3216.0, "Plan Rows": 100000, "Plan Width": 71}]}]}]}]}}, {"Plan": {"Node Type": "Limit", "Parallel Aware": false, "Startup Cost": 3037557.53, "Total Cost": 3037661.96, "Plan Rows": 1, "Plan Width": 103, "Plans": [{"Node Type": "Aggregate", "Strategy": "Plain", "Partial Mode": "Simple", "Parent Relationship": "InitPlan", "Subplan Name": "InitPlan 1 (returns $1)", "Parallel Aware": false, "Startup Cost": 1543962.34, "Total Cost": 1543962.35, "Plan Rows": 1, "Plan Width": 32, "Plans": [{"Node Type": "Aggregate", "Strategy": "Sorted", "Partial Mode": "Finalize", "Parent Relationship": "Outer", "Parallel Aware": false, "Startup Cost": 1493594.3, "Total Cost": 1542715.66, "Plan Rows": 99734, "Plan Width": 36, "Group Key": ["lineitem_1.l_suppkey"], "Plans": [{"Node Type": "Gather Merge", "Parent Relationship": "Outer", "Parallel Aware": false, "Startup Cost": 1493594.3, "Total Cost": 1539224.97, "Plan Rows": 299202, "Plan Width": 36, "Workers Planned": 3, "Plans": [{"Node Type": "Aggregate", "Strategy": "Sorted", "Partial Mode": "Partial", "Parent Relationship": "Outer", "Parallel Aware": false, "Startup Cost": 1492594.26, "Total Cost": 1503068.7, "Plan Rows": 99734, "Plan Width": 36, "Group Key": ["lineitem_1.l_suppkey"], "Plans": [{"Node Type": "Sort", "Parent Relationship": "Outer", "Parallel Aware": false, "Startup Cost": 1492594.26, "Total Cost": 1494439.81, "Plan Rows": 738221, "Plan Width": 16, "Sort Key": ["lineitem_1.l_suppkey"], "Plans": [{"Node Type": "Bitmap Heap Scan", "Parent Relationship": "Outer", "Parallel Aware": true, "Relation Name": "lineitem", "Alias": "lineitem_1", "Startup Cost": 33163.93, "Total Cost": 1413250.74, "Plan Rows": 738221, "Plan Width": 16, "Recheck Cond": "((l_shipdate >= '1994-06-01'::date) AND (l_shipdate < '1994-09-01 00:00:00'::timestamp without time zone))", "Plans": [{"Node Type": "Bitmap Index Scan", "Parent Relationship": "Outer", "Parallel Aware": false, "Index Name": "idx_lineitem_shipdate", "Startup Cost": 0.0, "Total Cost": 32591.81, "Plan Rows": 2288484, "Plan Width": 0, "Index Cond": "((l_shipdate >= '1994-06-01'::date) AND (l_shipdate < '1994-09-01 00:00:00'::timestamp without time zone))"}]}]}]}]}]}]}, {"Node Type": "Nested Loop", "Parent Relationship": "Outer", "Parallel Aware": false, "Join Type": "Inner", "Startup Cost": 1493595.18, "Total Cost": 1545709.59, "Plan Rows": 499, "Plan Width": 103, "Inner Unique": true, "Plans": [{"Node Type": "Aggregate", "Strategy": "Sorted", "Partial Mode": "Finalize", "Parent Relationship": "Outer", "Parallel Aware": false, "Startup Cost": 1493594.3, "Total Cost": 1544710.34, "Plan Rows": 499, "Plan Width": 36, "Group Key": ["lineitem.l_suppkey"], "Filter": "(sum((lineitem.l_extendedprice * ('1'::numeric - lineitem.l_discount))) = $1)", "Plans": [{"Node Type": "Gather Merge", "Parent Relationship": "Outer", "Parallel Aware": false, "Startup Cost": 1493594.3, "Total Cost": 1539224.97, "Plan Rows": 299202, "Plan Width": 36, "Workers Planned": 3, "Plans": [{"Node Type": "Aggregate", "Strategy": "Sorted", "Partial Mode": "Partial", "Parent Relationship": "Outer", "Parallel Aware": false, "Startup Cost": 1492594.26, "Total Cost": 1503068.7, "Plan Rows": 99734, "Plan Width": 36, "Group Key": ["lineitem.l_suppkey"], "Plans": [{"Node Type": "Sort", "Parent Relationship": "Outer", "Parallel Aware": false, "Startup Cost": 1492594.26, "Total Cost": 1494439.81, "Plan Rows": 738221, "Plan Width": 16, "Sort Key": ["lineitem.l_suppkey"], "Plans": [{"Node Type": "Bitmap Heap Scan", "Parent Relationship": "Outer", "Parallel Aware": true, "Relation Name": "lineitem", "Alias": "lineitem", "Startup Cost": 33163.93, "Total Cost": 1413250.74, "Plan Rows": 738221, "Plan Width": 16, "Recheck Cond": "((l_shipdate >= '1994-06-01'::date) AND (l_shipdate < '1994-09-01 00:00:00'::timestamp without time zone))", "Plans": [{"Node Type": "Bitmap Index Scan", "Parent Relationship": "Outer", "Parallel Aware": false, "Index Name": "idx_lineitem_shipdate", "Startup Cost": 0.0, "Total Cost": 32591.81, "Plan Rows": 2288484, "Plan Width": 0, "Index Cond": "((l_shipdate >= '1994-06-01'::date) AND (l_shipdate < '1994-09-01 00:00:00'::timestamp without time zone))"}]}]}]}]}]}, {"Node Type": "Bitmap Heap Scan", "Parent Relationship": "Inner", "Parallel Aware": false, "Relation Name": "supplier", "Alias": "supplier", "Startup Cost": 0.88, "Total Cost": 1.99, "Plan Rows": 1, "Plan Width": 71, "Recheck Cond": "(s_suppkey = lineitem.l_suppkey)", "Plans": [{"Node Type": "Bitmap Index Scan", "Parent Relationship": "Outer", "Parallel Aware": false, "Index Name": "supplier_pkey", "Startup Cost": 0.0, "Total Cost": 0.88, "Plan Rows": 1, "Plan Width": 0, "Index Cond": "(s_suppkey = lineitem.l_suppkey)"}]}]}]}}, {"Plan": {"Node Type": "Limit", "Parallel Aware": false, "Startup Cost": 3049077.47, "Total Cost": 3049180.93, "Plan Rows": 1, "Plan Width": 103, "Plans": [{"Node Type": "Aggregate", "Strategy": "Plain", "Partial Mode": "Simple", "Parent Relationship": "InitPlan", "Subplan Name": "InitPlan 1 (returns $1)", "Parallel Aware": false, "Startup Cost": 1543962.34, "Total Cost": 1543962.35, "Plan Rows": 1, "Plan Width": 32, "Plans": [{"Node Type": "Aggregate", "Strategy": "Sorted", "Partial Mode": "Finalize", "Parent Relationship": "Outer", "Parallel Aware": false, "Startup Cost": 1493594.3, "Total Cost": 1542715.66, "Plan Rows": 99734, "Plan Width": 36, "Group Key": ["lineitem_1.l_suppkey"], "Plans": [{"Node Type": "Gather Merge", "Parent Relationship": "Outer", "Parallel Aware": false, "Startup Cost": 1493594.3, "Total Cost": 1539224.97, "Plan Rows": 299202, "Plan Width": 36, "Workers Planned": 3, "Plans": [{"Node Type": "Aggregate", "Strategy": "Sorted", "Partial Mode": "Partial", "Parent Relationship": "Outer", "Parallel Aware": false, "Startup Cost": 1492594.26, "Total Cost": 1503068.7, "Plan Rows": 99734, "Plan Width": 36, "Group Key": ["lineitem_1.l_suppkey"], "Plans": [{"Node Type": "Sort", "Parent Relationship": "Outer", "Parallel Aware": false, "Startup Cost": 1492594.26, "Total Cost": 1494439.81, "Plan Rows": 738221, "Plan Width": 16, "Sort Key": ["lineitem_1.l_suppkey"], "Plans": [{"Node Type": "Bitmap Heap Scan", "Parent Relationship": "Outer", "Parallel Aware": true, "Relation Name": "lineitem", "Alias": "lineitem_1", "Startup Cost": 33163.93, "Total Cost": 1413250.74, "Plan Rows": 738221, "Plan Width": 16, "Recheck Cond": "((l_shipdate >= '1994-06-01'::date) AND (l_shipdate < '1994-09-01 00:00:00'::timestamp without time zone))", "Plans": [{"Node Type": "Bitmap Index Scan", "Parent Relationship": "Outer", "Parallel Aware": false, "Index Name": "idx_lineitem_shipdate", "Startup Cost": 0.0, "Total Cost": 32591.81, "Plan Rows": 2288484, "Plan Width": 0, "Index Cond": "((l_shipdate >= '1994-06-01'::date) AND (l_shipdate < '1994-09-01 00:00:00'::timestamp without time zone))"}]}]}]}]}]}]}, {"Node Type": "Merge Join", "Parent Relationship": "Outer", "Parallel Aware": false, "Join Type": "Inner", "Startup Cost": 1505115.12, "Total Cost": 1556742.39, "Plan Rows": 499, "Plan Width": 103, "Inner Unique": true, "Merge Cond": "(supplier.s_suppkey = lineitem.l_suppkey)", "Plans": [{"Node Type": "Sort", "Parent Relationship": "Outer", "Parallel Aware": false, "Startup Cost": 11520.82, "Total Cost": 11770.82, "Plan Rows": 100000, "Plan Width": 71, "Sort Key": ["supplier.s_suppkey"], "Plans": [{"Node Type": "Seq Scan", "Parent Relationship": "Outer", "Parallel Aware": false, "Relation Name": "supplier", "Alias": "supplier", "Startup Cost": 0.0, "Total Cost": 3216.0, "Plan Rows": 100000, "Plan Width": 71}]}, {"Node Type": "Aggregate", "Strategy": "Sorted", "Partial Mode": "Finalize", "Parent Relationship": "Inner", "Parallel Aware": false, "Startup Cost": 1493594.3, "Total Cost": 1544710.34, "Plan Rows": 499, "Plan Width": 36, "Group Key": ["lineitem.l_suppkey"], "Filter": "(sum((lineitem.l_extendedprice * ('1'::numeric - lineitem.l_discount))) = $1)", "Plans": [{"Node Type": "Gather Merge", "Parent Relationship": "Outer", "Parallel Aware": false, "Startup Cost": 1493594.3, "Total Cost": 1539224.97, "Plan Rows": 299202, "Plan Width": 36, "Workers Planned": 3, "Plans": [{"Node Type": "Aggregate", "Strategy": "Sorted", "Partial Mode": "Partial", "Parent Relationship": "Outer", "Parallel Aware": false, "Startup Cost": 1492594.26, "Total Cost": 1503068.7, "Plan Rows": 99734, "Plan Width": 36, "Group Key": ["lineitem.l_suppkey"], "Plans": [{"Node Type": "Sort", "Parent Relationship": "Outer", "Parallel Aware": false, "Startup Cost": 1492594.26, "Total Cost": 1494439.81, "Plan Rows": 738221, "Plan Width": 16, "Sort Key": ["lineitem.l_suppkey"], "Plans": [{"Node Type": "Bitmap Heap Scan", "Parent Relationship": "Outer", "Parallel Aware": true, "Relation Name": "lineitem", "Alias": "lineitem", "Startup Cost": 33163.93, "Total Cost": 1413250.74, "Plan Rows": 738221, "Plan Width": 16, "Recheck Cond": "((l_shipdate >= '1994-06-01'::date) AND (l_shipdate < '1994-09-01 00:00:00'::timestamp without time zone))", "Plans": [{"Node Type": "Bitmap Index Scan", "Parent Relationship": "Outer", "Parallel Aware": false, "Index Name": "idx_lineitem_shipdate", "Startup Cost": 0.0, "Total Cost": 32591.81, "Plan Rows": 2288484, "Plan Width": 0, "Index Cond": "((l_shipdate >= '1994-06-01'::date) AND (l_shipdate < '1994-09-01 00:00:00'::timestamp without time zone))"}]}]}]}]}]}]}]}}, {"Plan": {"Node Type": "Limit", "Parallel Aware": false, "Startup Cost": 3037557.53, "Total Cost": 3037661.96, "Plan Rows": 1, "Plan Width": 103, "Plans": [{"Node Type": "Aggregate", "Strategy": "Plain", "Partial Mode": "Simple", "Parent Relationship": "InitPlan", "Subplan Name": "InitPlan 1 (returns $1)", "Parallel Aware": false, "Startup Cost": 1543962.34, "Total Cost": 1543962.35, "Plan Rows": 1, "Plan Width": 32, "Plans": [{"Node Type": "Aggregate", "Strategy": "Sorted", "Partial Mode": "Finalize", "Parent Relationship": "Outer", "Parallel Aware": false, "Startup Cost": 1493594.3, "Total Cost": 1542715.66, "Plan Rows": 99734, "Plan Width": 36, "Group Key": ["lineitem_1.l_suppkey"], "Plans": [{"Node Type": "Gather Merge", "Parent Relationship": "Outer", "Parallel Aware": false, "Startup Cost": 1493594.3, "Total Cost": 1539224.97, "Plan Rows": 299202, "Plan Width": 36, "Workers Planned": 3, "Plans": [{"Node Type": "Aggregate", "Strategy": "Sorted", "Partial Mode": "Partial", "Parent Relationship": "Outer", "Parallel Aware": false, "Startup Cost": 1492594.26, "Total Cost": 1503068.7, "Plan Rows": 99734, "Plan Width": 36, "Group Key": ["lineitem_1.l_suppkey"], "Plans": [{"Node Type": "Sort", "Parent Relationship": "Outer", "Parallel Aware": false, "Startup Cost": 1492594.26, "Total Cost": 1494439.81, "Plan Rows": 738221, "Plan Width": 16, "Sort Key": ["lineitem_1.l_suppkey"], "Plans": [{"Node Type": "Bitmap Heap Scan", "Parent Relationship": "Outer", "Parallel Aware": true, "Relation Name": "lineitem", "Alias": "lineitem_1", "Startup Cost": 33163.93, "Total Cost": 1413250.74, "Plan Rows": 738221, "Plan Width": 16, "Recheck Cond": "((l_shipdate >= '1994-06-01'::date) AND (l_shipdate < '1994-09-01 00:00:00'::timestamp without time zone))", "Plans": [{"Node Type": "Bitmap Index Scan", "Parent Relationship": "Outer", "Parallel Aware": false, "Index Name": "idx_lineitem_shipdate", "Startup Cost": 0.0, "Total Cost": 32591.81, "Plan Rows": 2288484, "Plan Width": 0, "Index Cond": "((l_shipdate >= '1994-06-01'::date) AND (l_shipdate < '1994-09-01 00:00:00'::timestamp without time zone))"}]}]}]}]}]}]}, {"Node Type": "Nested Loop", "Parent Relationship": "Outer", "Parallel Aware": false, "Join Type": "Inner", "Startup Cost": 1493595.18, "Total Cost": 1545709.59, "Plan Rows": 499, "Plan Width": 103, "Inner Unique": true, "Plans": [{"Node Type": "Aggregate", "Strategy": "Sorted", "Partial Mode": "Finalize", "Parent Relationship": "Outer", "Parallel Aware": false, "Startup Cost": 1493594.3, "Total Cost": 1544710.34, "Plan Rows": 499, "Plan Width": 36, "Group Key": ["lineitem.l_suppkey"], "Filter": "(sum((lineitem.l_extendedprice * ('1'::numeric - lineitem.l_discount))) = $1)", "Plans": [{"Node Type": "Gather Merge", "Parent Relationship": "Outer", "Parallel Aware": false, "Startup Cost": 1493594.3, "Total Cost": 1539224.97, "Plan Rows": 299202, "Plan Width": 36, "Workers Planned": 3, "Plans": [{"Node Type": "Aggregate", "Strategy": "Sorted", "Partial Mode": "Partial", "Parent Relationship": "Outer", "Parallel Aware": false, "Startup Cost": 1492594.26, "Total Cost": 1503068.7, "Plan Rows": 99734, "Plan Width": 36, "Group Key": ["lineitem.l_suppkey"], "Plans": [{"Node Type": "Sort", "Parent Relationship": "Outer", "Parallel Aware": false, "Startup Cost": 1492594.26, "Total Cost": 1494439.81, "Plan Rows": 738221, "Plan Width": 16, "Sort Key": ["lineitem.l_suppkey"], "Plans": [{"Node Type": "Bitmap Heap Scan", "Parent Relationship": "Outer", "Parallel Aware": true, "Relation Name": "lineitem", "Alias": "lineitem", "Startup Cost": 33163.93, "Total Cost": 1413250.74, "Plan Rows": 738221, "Plan Width": 16, "Recheck Cond": "((l_shipdate >= '1994-06-01'::date) AND (l_shipdate < '1994-09-01 00:00:00'::timestamp without time zone))", "Plans": [{"Node Type": "Bitmap Index Scan", "Parent Relationship": "Outer", "Parallel Aware": false, "Index Name": "idx_lineitem_shipdate", "Startup Cost": 0.0, "Total Cost": 32591.81, "Plan Rows": 2288484, "Plan Width": 0, "Index Cond": "((l_shipdate >= '1994-06-01'::date) AND (l_shipdate < '1994-09-01 00:00:00'::timestamp without time zone))"}]}]}]}]}]}, {"Node Type": "Bitmap Heap Scan", "Parent Relationship": "Inner", "Parallel Aware": false, "Relation Name": "supplier", "Alias": "supplier", "Startup Cost": 0.88, "Total Cost": 1.99, "Plan Rows": 1, "Plan Width": 71, "Recheck Cond": "(s_suppkey = lineitem.l_suppkey)", "Plans": [{"Node Type": "Bitmap Index Scan", "Parent Relationship": "Outer", "Parallel Aware": false, "Index Name": "supplier_pkey", "Startup Cost": 0.0, "Total Cost": 0.88, "Plan Rows": 1, "Plan Width": 0, "Index Cond": "(s_suppkey = lineitem.l_suppkey)"}]}]}]}}, {"Plan": {"Node Type": "Limit", "Parallel Aware": false, "Startup Cost": 3093147.48, "Total Cost": 3093147.49, "Plan Rows": 1, "Plan Width": 103, "Plans": [{"Node Type": "Aggregate", "Strategy": "Plain", "Partial Mode": "Simple", "Parent Relationship": "InitPlan", "Subplan Name": "InitPlan 1 (returns $1)", "Parallel Aware": false, "Startup Cost": 1543962.34, "Total Cost": 1543962.35, "Plan Rows": 1, "Plan Width": 32, "Plans": [{"Node Type": "Aggregate", "Strategy": "Sorted", "Partial Mode": "Finalize", "Parent Relationship": "Outer", "Parallel Aware": false, "Startup Cost": 1493594.3, "Total Cost": 1542715.66, "Plan Rows": 99734, "Plan Width": 36, "Group Key": ["lineitem_1.l_suppkey"], "Plans": [{"Node Type": "Gather Merge", "Parent Relationship": "Outer", "Parallel Aware": false, "Startup Cost": 1493594.3, "Total Cost": 1539224.97, "Plan Rows": 299202, "Plan Width": 36, "Workers Planned": 3, "Plans": [{"Node Type": "Aggregate", "Strategy": "Sorted", "Partial Mode": "Partial", "Parent Relationship": "Outer", "Parallel Aware": false, "Startup Cost": 1492594.26, "Total Cost": 1503068.7, "Plan Rows": 99734, "Plan Width": 36, "Group Key": ["lineitem_1.l_suppkey"], "Plans": [{"Node Type": "Sort", "Parent Relationship": "Outer", "Parallel Aware": false, "Startup Cost": 1492594.26, "Total Cost": 1494439.81, "Plan Rows": 738221, "Plan Width": 16, "Sort Key": ["lineitem_1.l_suppkey"], "Plans": [{"Node Type": "Bitmap Heap Scan", "Parent Relationship": "Outer", "Parallel Aware": true, "Relation Name": "lineitem", "Alias": "lineitem_1", "Startup Cost": 33163.93, "Total Cost": 1413250.74, "Plan Rows": 738221, "Plan Width": 16, "Recheck Cond": "((l_shipdate >= '1994-06-01'::date) AND (l_shipdate < '1994-09-01 00:00:00'::timestamp without time zone))", "Plans": [{"Node Type": "Bitmap Index Scan", "Parent Relationship": "Outer", "Parallel Aware": false, "Index Name": "idx_lineitem_shipdate", "Startup Cost": 0.0, "Total Cost": 32591.81, "Plan Rows": 2288484, "Plan Width": 0, "Index Cond": "((l_shipdate >= '1994-06-01'::date) AND (l_shipdate < '1994-09-01 00:00:00'::timestamp without time zone))"}]}]}]}]}]}]}, {"Node Type": "Sort", "Parent Relationship": "Outer", "Parallel Aware": false, "Startup Cost": 1549185.14, "Total Cost": 1549186.38, "Plan Rows": 499, "Plan Width": 103, "Sort Key": ["supplier.s_suppkey"], "Plans": [{"Node Type": "Hash Join", "Parent Relationship": "Outer", "Parallel Aware": false, "Join Type": "Inner", "Startup Cost": 1498060.3, "Total Cost": 1549182.64, "Plan Rows": 499, "Plan Width": 103, "Inner Unique": true, "Hash Cond": "(lineitem.l_suppkey = supplier.s_suppkey)", "Plans": [{"Node Type": "Aggregate", "Strategy": "Sorted", "Partial Mode": "Finalize", "Parent Relationship": "Outer", "Parallel Aware": false, "Startup Cost": 1493594.3, "Total Cost": 1544710.34, "Plan Rows": 499, "Plan Width": 36, "Group Key": ["lineitem.l_suppkey"], "Filter": "(sum((lineitem.l_extendedprice * ('1'::numeric - lineitem.l_discount))) = $1)", "Plans": [{"Node Type": "Gather Merge", "Parent Relationship": "Outer", "Parallel Aware": false, "Startup Cost": 1493594.3, "Total Cost": 1539224.97, "Plan Rows": 299202, "Plan Width": 36, "Workers Planned": 3, "Plans": [{"Node Type": "Aggregate", "Strategy": "Sorted", "Partial Mode": "Partial", "Parent Relationship": "Outer", "Parallel Aware": false, "Startup Cost": 1492594.26, "Total Cost": 1503068.7, "Plan Rows": 99734, "Plan Width": 36, "Group Key": ["lineitem.l_suppkey"], "Plans": [{"Node Type": "Sort", "Parent Relationship": "Outer", "Parallel Aware": false, "Startup Cost": 1492594.26, "Total Cost": 1494439.81, "Plan Rows": 738221, "Plan Width": 16, "Sort Key": ["lineitem.l_suppkey"], "Plans": [{"Node Type": "Bitmap Heap Scan", "Parent Relationship": "Outer", "Parallel Aware": true, "Relation Name": "lineitem", "Alias": "lineitem", "Startup Cost": 33163.93, "Total Cost": 1413250.74, "Plan Rows": 738221, "Plan Width": 16, "Recheck Cond": "((l_shipdate >= '1994-06-01'::date) AND (l_shipdate < '1994-09-01 00:00:00'::timestamp without time zone))", "Plans": [{"Node Type": "Bitmap Index Scan", "Parent Relationship": "Outer", "Parallel Aware": false, "Index Name": "idx_lineitem_shipdate", "Startup Cost": 0.0, "Total Cost": 32591.81, "Plan Rows": 2288484, "Plan Width": 0, "Index Cond": "((l_shipdate >= '1994-06-01'::date) AND (l_shipdate < '1994-09-01 00:00:00'::timestamp without time zone))"}]}]}]}]}]}, {"Node Type": "Hash", "Parent Relationship": "Inner", "Parallel Aware": false, "Startup Cost": 3216.0, "Total Cost": 3216.0, "Plan Rows": 100000, "Plan Width": 71, "Plans": [{"Node Type": "Seq Scan", "Parent Relationship": "Outer", "Parallel Aware": false, "Relation Name": "supplier", "Alias": "supplier", "Startup Cost": 0.0, "Total Cost": 3216.0, "Plan Rows": 100000, "Plan Width": 71}]}]}]}]}}, {"Plan": {"Node Type": "Limit", "Parallel Aware": false, "Startup Cost": 2764991.34, "Total Cost": 2765102.36, "Plan Rows": 1, "Plan Width": 103, "Plans": [{"Node Type": "Aggregate", "Strategy": "Plain", "Partial Mode": "Simple", "Parent Relationship": "InitPlan", "Subplan Name": "InitPlan 1 (returns $1)", "Parallel Aware": false, "Startup Cost": 1407679.54, "Total Cost": 1407679.55, "Plan Rows": 1, "Plan Width": 32, "Plans": [{"Node Type": "Aggregate", "Strategy": "Sorted", "Partial Mode": "Finalize", "Parent Relationship": "Outer", "Parallel Aware": false, "Startup Cost": 1357311.5, "Total Cost": 1406432.86, "Plan Rows": 99734, "Plan Width": 36, "Group Key": ["lineitem_1.l_suppkey"], "Plans": [{"Node Type": "Gather Merge", "Parent Relationship": "Outer", "Parallel Aware": false, "Startup Cost": 1357311.5, "Total Cost": 1402942.17, "Plan Rows": 299202, "Plan Width": 36, "Workers Planned": 3, "Plans": [{"Node Type": "Aggregate", "Strategy": "Sorted", "Partial Mode": "Partial", "Parent Relationship": "Outer", "Parallel Aware": false, "Startup Cost": 1356311.46, "Total Cost": 1366785.9, "Plan Rows": 99734, "Plan Width": 36, "Group Key": ["lineitem_1.l_suppkey"], "Plans": [{"Node Type": "Sort", "Parent Relationship": "Outer", "Parallel Aware": false, "Startup Cost": 1356311.46, "Total Cost": 1358157.01, "Plan Rows": 738221, "Plan Width": 16, "Sort Key": ["lineitem_1.l_suppkey"], "Plans": [{"Node Type": "Index Scan", "Parent Relationship": "Outer", "Parallel Aware": true, "Scan Direction": "Forward", "Index Name": "idx_lineitem_shipdate", "Relation Name": "lineitem", "Alias": "lineitem_1", "Startup Cost": 0.56, "Total Cost": 1276967.94, "Plan Rows": 738221, "Plan Width": 16, "Index Cond": "((l_shipdate >= '1994-06-01'::date) AND (l_shipdate < '1994-09-01 00:00:00'::timestamp without time zone))"}]}]}]}]}]}, {"Node Type": "Merge Join", "Parent Relationship": "Outer", "Parallel Aware": false, "Join Type": "Inner", "Startup Cost": 1357311.79, "Total Cost": 1412708.87, "Plan Rows": 499, "Plan Width": 103, "Inner Unique": true, "Merge Cond": "(supplier.s_suppkey = lineitem.l_suppkey)", "Plans": [{"Node Type": "Index Scan", "Parent Relationship": "Outer", "Parallel Aware": false, "Scan Direction": "Forward", "Index Name": "supplier_pkey", "Relation Name": "supplier", "Alias": "supplier", "Startup Cost": 0.29, "Total Cost": 4020.1, "Plan Rows": 100000, "Plan Width": 71}, {"Node Type": "Aggregate", "Strategy": "Sorted", "Partial Mode": "Finalize", "Parent Relationship": "Inner", "Parallel Aware": false, "Startup Cost": 1357311.5, "Total Cost": 1408427.54, "Plan Rows": 499, "Plan Width": 36, "Group Key": ["lineitem.l_suppkey"], "Filter": "(sum((lineitem.l_extendedprice * ('1'::numeric - lineitem.l_discount))) = $1)", "Plans": [{"Node Type": "Gather Merge", "Parent Relationship": "Outer", "Parallel Aware": false, "Startup Cost": 1357311.5, "Total Cost": 1402942.17, "Plan Rows": 299202, "Plan Width": 36, "Workers Planned": 3, "Plans": [{"Node Type": "Aggregate", "Strategy": "Sorted", "Partial Mode": "Partial", "Parent Relationship": "Outer", "Parallel Aware": false, "Startup Cost": 1356311.46, "Total Cost": 1366785.9, "Plan Rows": 99734, "Plan Width": 36, "Group Key": ["lineitem.l_suppkey"], "Plans": [{"Node Type": "Sort", "Parent Relationship": "Outer", "Parallel Aware": false, "Startup Cost": 1356311.46, "Total Cost": 1358157.01, "Plan Rows": 738221, "Plan Width": 16, "Sort Key": ["lineitem.l_suppkey"], "Plans": [{"Node Type": "Index Scan", "Parent Relationship": "Outer", "Parallel Aware": true, "Scan Direction": "Forward", "Index Name": "idx_lineitem_shipdate", "Relation Name": "lineitem", "Alias": "lineitem", "Startup Cost": 0.56, "Total Cost": 1276967.94, "Plan Rows": 738221, "Plan Width": 16, "Index Cond": "((l_shipdate >= '1994-06-01'::date) AND (l_shipdate < '1994-09-01 00:00:00'::timestamp without time zone))"}]}]}]}]}]}]}}, {"Plan": {"Node Type": "Limit", "Parallel Aware": false, "Startup Cost": 2764991.34, "Total Cost": 2765095.67, "Plan Rows": 1, "Plan Width": 103, "Plans": [{"Node Type": "Aggregate", "Strategy": "Plain", "Partial Mode": "Simple", "Parent Relationship": "InitPlan", "Subplan Name": "InitPlan 1 (returns $1)", "Parallel Aware": false, "Startup Cost": 1407679.54, "Total Cost": 1407679.55, "Plan Rows": 1, "Plan Width": 32, "Plans": [{"Node Type": "Aggregate", "Strategy": "Sorted", "Partial Mode": "Finalize", "Parent Relationship": "Outer", "Parallel Aware": false, "Startup Cost": 1357311.5, "Total Cost": 1406432.86, "Plan Rows": 99734, "Plan Width": 36, "Group Key": ["lineitem_1.l_suppkey"], "Plans": [{"Node Type": "Gather Merge", "Parent Relationship": "Outer", "Parallel Aware": false, "Startup Cost": 1357311.5, "Total Cost": 1402942.17, "Plan Rows": 299202, "Plan Width": 36, "Workers Planned": 3, "Plans": [{"Node Type": "Aggregate", "Strategy": "Sorted", "Partial Mode": "Partial", "Parent Relationship": "Outer", "Parallel Aware": false, "Startup Cost": 1356311.46, "Total Cost": 1366785.9, "Plan Rows": 99734, "Plan Width": 36, "Group Key": ["lineitem_1.l_suppkey"], "Plans": [{"Node Type": "Sort", "Parent Relationship": "Outer", "Parallel Aware": false, "Startup Cost": 1356311.46, "Total Cost": 1358157.01, "Plan Rows": 738221, "Plan Width": 16, "Sort Key": ["lineitem_1.l_suppkey"], "Plans": [{"Node Type": "Index Scan", "Parent Relationship": "Outer", "Parallel Aware": true, "Scan Direction": "Forward", "Index Name": "idx_lineitem_shipdate", "Relation Name": "lineitem", "Alias": "lineitem_1", "Startup Cost": 0.56, "Total Cost": 1276967.94, "Plan Rows": 738221, "Plan Width": 16, "Index Cond": "((l_shipdate >= '1994-06-01'::date) AND (l_shipdate < '1994-09-01 00:00:00'::timestamp without time zone))"}]}]}]}]}]}, {"Node Type": "Nested Loop", "Parent Relationship": "Outer", "Parallel Aware": false, "Join Type": "Inner", "Startup Cost": 1357311.79, "Total Cost": 1409370.42, "Plan Rows": 499, "Plan Width": 103, "Inner Unique": true, "Plans": [{"Node Type": "Aggregate", "Strategy": "Sorted", "Partial Mode": "Finalize", "Parent Relationship": "Outer", "Parallel Aware": false, "Startup Cost": 1357311.5, "Total Cost": 1408427.54, "Plan Rows": 499, "Plan Width": 36, "Group Key": ["lineitem.l_suppkey"], "Filter": "(sum((lineitem.l_extendedprice * ('1'::numeric - lineitem.l_discount))) = $1)", "Plans": [{"Node Type": "Gather Merge", "Parent Relationship": "Outer", "Parallel Aware": false, "Startup Cost": 1357311.5, "Total Cost": 1402942.17, "Plan Rows": 299202, "Plan Width": 36, "Workers Planned": 3, "Plans": [{"Node Type": "Aggregate", "Strategy": "Sorted", "Partial Mode": "Partial", "Parent Relationship": "Outer", "Parallel Aware": false, "Startup Cost": 1356311.46, "Total Cost": 1366785.9, "Plan Rows": 99734, "Plan Width": 36, "Group Key": ["lineitem.l_suppkey"], "Plans": [{"Node Type": "Sort", "Parent Relationship": "Outer", "Parallel Aware": false, "Startup Cost": 1356311.46, "Total Cost": 1358157.01, "Plan Rows": 738221, "Plan Width": 16, "Sort Key": ["lineitem.l_suppkey"], "Plans": [{"Node Type": "Index Scan", "Parent Relationship": "Outer", "Parallel Aware": true, "Scan Direction": "Forward", "Index Name": "idx_lineitem_shipdate", "Relation Name": "lineitem", "Alias": "lineitem", "Startup Cost": 0.56, "Total Cost": 1276967.94, "Plan Rows": 738221, "Plan Width": 16, "Index Cond": "((l_shipdate >= '1994-06-01'::date) AND (l_shipdate < '1994-09-01 00:00:00'::timestamp without time zone))"}]}]}]}]}, {"Node Type": "Index Scan", "Parent Relationship": "Inner", "Parallel Aware": false, "Scan Direction": "Forward", "Index Name": "supplier_pkey", "Relation Name": "supplier", "Alias": "supplier", "Startup Cost": 0.29, "Total Cost": 1.88, "Plan Rows": 1, "Plan Width": 71, "Index Cond": "(s_suppkey = lineitem.l_suppkey)"}]}]}}, {"Plan": {"Node Type": "Limit", "Parallel Aware": false, "Startup Cost": 2764991.34, "Total Cost": 2765095.67, "Plan Rows": 1, "Plan Width": 103, "Plans": [{"Node Type": "Aggregate", "Strategy": "Plain", "Partial Mode": "Simple", "Parent Relationship": "InitPlan", "Subplan Name": "InitPlan 1 (returns $1)", "Parallel Aware": false, "Startup Cost": 1407679.54, "Total Cost": 1407679.55, "Plan Rows": 1, "Plan Width": 32, "Plans": [{"Node Type": "Aggregate", "Strategy": "Sorted", "Partial Mode": "Finalize", "Parent Relationship": "Outer", "Parallel Aware": false, "Startup Cost": 1357311.5, "Total Cost": 1406432.86, "Plan Rows": 99734, "Plan Width": 36, "Group Key": ["lineitem_1.l_suppkey"], "Plans": [{"Node Type": "Gather Merge", "Parent Relationship": "Outer", "Parallel Aware": false, "Startup Cost": 1357311.5, "Total Cost": 1402942.17, "Plan Rows": 299202, "Plan Width": 36, "Workers Planned": 3, "Plans": [{"Node Type": "Aggregate", "Strategy": "Sorted", "Partial Mode": "Partial", "Parent Relationship": "Outer", "Parallel Aware": false, "Startup Cost": 1356311.46, "Total Cost": 1366785.9, "Plan Rows": 99734, "Plan Width": 36, "Group Key": ["lineitem_1.l_suppkey"], "Plans": [{"Node Type": "Sort", "Parent Relationship": "Outer", "Parallel Aware": false, "Startup Cost": 1356311.46, "Total Cost": 1358157.01, "Plan Rows": 738221, "Plan Width": 16, "Sort Key": ["lineitem_1.l_suppkey"], "Plans": [{"Node Type": "Index Scan", "Parent Relationship": "Outer", "Parallel Aware": true, "Scan Direction": "Forward", "Index Name": "idx_lineitem_shipdate", "Relation Name": "lineitem", "Alias": "lineitem_1", "Startup Cost": 0.56, "Total Cost": 1276967.94, "Plan Rows": 738221, "Plan Width": 16, "Index Cond": "((l_shipdate >= '1994-06-01'::date) AND (l_shipdate < '1994-09-01 00:00:00'::timestamp without time zone))"}]}]}]}]}]}, {"Node Type": "Nested Loop", "Parent Relationship": "Outer", "Parallel Aware": false, "Join Type": "Inner", "Startup Cost": 1357311.79, "Total Cost": 1409370.42, "Plan Rows": 499, "Plan Width": 103, "Inner Unique": true, "Plans": [{"Node Type": "Aggregate", "Strategy": "Sorted", "Partial Mode": "Finalize", "Parent Relationship": "Outer", "Parallel Aware": false, "Startup Cost": 1357311.5, "Total Cost": 1408427.54, "Plan Rows": 499, "Plan Width": 36, "Group Key": ["lineitem.l_suppkey"], "Filter": "(sum((lineitem.l_extendedprice * ('1'::numeric - lineitem.l_discount))) = $1)", "Plans": [{"Node Type": "Gather Merge", "Parent Relationship": "Outer", "Parallel Aware": false, "Startup Cost": 1357311.5, "Total Cost": 1402942.17, "Plan Rows": 299202, "Plan Width": 36, "Workers Planned": 3, "Plans": [{"Node Type": "Aggregate", "Strategy": "Sorted", "Partial Mode": "Partial", "Parent Relationship": "Outer", "Parallel Aware": false, "Startup Cost": 1356311.46, "Total Cost": 1366785.9, "Plan Rows": 99734, "Plan Width": 36, "Group Key": ["lineitem.l_suppkey"], "Plans": [{"Node Type": "Sort", "Parent Relationship": "Outer", "Parallel Aware": false, "Startup Cost": 1356311.46, "Total Cost": 1358157.01, "Plan Rows": 738221, "Plan Width": 16, "Sort Key": ["lineitem.l_suppkey"], "Plans": [{"Node Type": "Index Scan", "Parent Relationship": "Outer", "Parallel Aware": true, "Scan Direction": "Forward", "Index Name": "idx_lineitem_shipdate", "Relation Name": "lineitem", "Alias": "lineitem", "Startup Cost": 0.56, "Total Cost": 1276967.94, "Plan Rows": 738221, "Plan Width": 16, "Index Cond": "((l_shipdate >= '1994-06-01'::date) AND (l_shipdate < '1994-09-01 00:00:00'::timestamp without time zone))"}]}]}]}]}, {"Node Type": "Index Scan", "Parent Relationship": "Inner", "Parallel Aware": false, "Scan Direction": "Forward", "Index Name": "supplier_pkey", "Relation Name": "supplier", "Alias": "supplier", "Startup Cost": 0.29, "Total Cost": 1.88, "Plan Rows": 1, "Plan Width": 71, "Index Cond": "(s_suppkey = lineitem.l_suppkey)"}]}]}}, {"Plan": {"Node Type": "Limit", "Parallel Aware": false, "Startup Cost": 2764991.34, "Total Cost": 2765102.36, "Plan Rows": 1, "Plan Width": 103, "Plans": [{"Node Type": "Aggregate", "Strategy": "Plain", "Partial Mode": "Simple", "Parent Relationship": "InitPlan", "Subplan Name": "InitPlan 1 (returns $1)", "Parallel Aware": false, "Startup Cost": 1407679.54, "Total Cost": 1407679.55, "Plan Rows": 1, "Plan Width": 32, "Plans": [{"Node Type": "Aggregate", "Strategy": "Sorted", "Partial Mode": "Finalize", "Parent Relationship": "Outer", "Parallel Aware": false, "Startup Cost": 1357311.5, "Total Cost": 1406432.86, "Plan Rows": 99734, "Plan Width": 36, "Group Key": ["lineitem_1.l_suppkey"], "Plans": [{"Node Type": "Gather Merge", "Parent Relationship": "Outer", "Parallel Aware": false, "Startup Cost": 1357311.5, "Total Cost": 1402942.17, "Plan Rows": 299202, "Plan Width": 36, "Workers Planned": 3, "Plans": [{"Node Type": "Aggregate", "Strategy": "Sorted", "Partial Mode": "Partial", "Parent Relationship": "Outer", "Parallel Aware": false, "Startup Cost": 1356311.46, "Total Cost": 1366785.9, "Plan Rows": 99734, "Plan Width": 36, "Group Key": ["lineitem_1.l_suppkey"], "Plans": [{"Node Type": "Sort", "Parent Relationship": "Outer", "Parallel Aware": false, "Startup Cost": 1356311.46, "Total Cost": 1358157.01, "Plan Rows": 738221, "Plan Width": 16, "Sort Key": ["lineitem_1.l_suppkey"], "Plans": [{"Node Type": "Index Scan", "Parent Relationship": "Outer", "Parallel Aware": true, "Scan Direction": "Forward", "Index Name": "idx_lineitem_shipdate", "Relation Name": "lineitem", "Alias": "lineitem_1", "Startup Cost": 0.56, "Total Cost": 1276967.94, "Plan Rows": 738221, "Plan Width": 16, "Index Cond": "((l_shipdate >= '1994-06-01'::date) AND (l_shipdate < '1994-09-01 00:00:00'::timestamp without time zone))"}]}]}]}]}]}, {"Node Type": "Merge Join", "Parent Relationship": "Outer", "Parallel Aware": false, "Join Type": "Inner", "Startup Cost": 1357311.79, "Total Cost": 1412708.87, "Plan Rows": 499, "Plan Width": 103, "Inner Unique": true, "Merge Cond": "(supplier.s_suppkey = lineitem.l_suppkey)", "Plans": [{"Node Type": "Index Scan", "Parent Relationship": "Outer", "Parallel Aware": false, "Scan Direction": "Forward", "Index Name": "supplier_pkey", "Relation Name": "supplier", "Alias": "supplier", "Startup Cost": 0.29, "Total Cost": 4020.1, "Plan Rows": 100000, "Plan Width": 71}, {"Node Type": "Aggregate", "Strategy": "Sorted", "Partial Mode": "Finalize", "Parent Relationship": "Inner", "Parallel Aware": false, "Startup Cost": 1357311.5, "Total Cost": 1408427.54, "Plan Rows": 499, "Plan Width": 36, "Group Key": ["lineitem.l_suppkey"], "Filter": "(sum((lineitem.l_extendedprice * ('1'::numeric - lineitem.l_discount))) = $1)", "Plans": [{"Node Type": "Gather Merge", "Parent Relationship": "Outer", "Parallel Aware": false, "Startup Cost": 1357311.5, "Total Cost": 1402942.17, "Plan Rows": 299202, "Plan Width": 36, "Workers Planned": 3, "Plans": [{"Node Type": "Aggregate", "Strategy": "Sorted", "Partial Mode": "Partial", "Parent Relationship": "Outer", "Parallel Aware": false, "Startup Cost": 1356311.46, "Total Cost": 1366785.9, "Plan Rows": 99734, "Plan Width": 36, "Group Key": ["lineitem.l_suppkey"], "Plans": [{"Node Type": "Sort", "Parent Relationship": "Outer", "Parallel Aware": false, "Startup Cost": 1356311.46, "Total Cost": 1358157.01, "Plan Rows": 738221, "Plan Width": 16, "Sort Key": ["lineitem.l_suppkey"], "Plans": [{"Node Type": "Index Scan", "Parent Relationship": "Outer", "Parallel Aware": true, "Scan Direction": "Forward", "Index Name": "idx_lineitem_shipdate", "Relation Name": "lineitem", "Alias": "lineitem", "Startup Cost": 0.56, "Total Cost": 1276967.94, "Plan Rows": 738221, "Plan Width": 16, "Index Cond": "((l_shipdate >= '1994-06-01'::date) AND (l_shipdate < '1994-09-01 00:00:00'::timestamp without time zone))"}]}]}]}]}]}]}}, {"Plan": {"Node Type": "Limit", "Parallel Aware": false, "Startup Cost": 2764991.34, "Total Cost": 2765095.67, "Plan Rows": 1, "Plan Width": 103, "Plans": [{"Node Type": "Aggregate", "Strategy": "Plain", "Partial Mode": "Simple", "Parent Relationship": "InitPlan", "Subplan Name": "InitPlan 1 (returns $1)", "Parallel Aware": false, "Startup Cost": 1407679.54, "Total Cost": 1407679.55, "Plan Rows": 1, "Plan Width": 32, "Plans": [{"Node Type": "Aggregate", "Strategy": "Sorted", "Partial Mode": "Finalize", "Parent Relationship": "Outer", "Parallel Aware": false, "Startup Cost": 1357311.5, "Total Cost": 1406432.86, "Plan Rows": 99734, "Plan Width": 36, "Group Key": ["lineitem_1.l_suppkey"], "Plans": [{"Node Type": "Gather Merge", "Parent Relationship": "Outer", "Parallel Aware": false, "Startup Cost": 1357311.5, "Total Cost": 1402942.17, "Plan Rows": 299202, "Plan Width": 36, "Workers Planned": 3, "Plans": [{"Node Type": "Aggregate", "Strategy": "Sorted", "Partial Mode": "Partial", "Parent Relationship": "Outer", "Parallel Aware": false, "Startup Cost": 1356311.46, "Total Cost": 1366785.9, "Plan Rows": 99734, "Plan Width": 36, "Group Key": ["lineitem_1.l_suppkey"], "Plans": [{"Node Type": "Sort", "Parent Relationship": "Outer", "Parallel Aware": false, "Startup Cost": 1356311.46, "Total Cost": 1358157.01, "Plan Rows": 738221, "Plan Width": 16, "Sort Key": ["lineitem_1.l_suppkey"], "Plans": [{"Node Type": "Index Scan", "Parent Relationship": "Outer", "Parallel Aware": true, "Scan Direction": "Forward", "Index Name": "idx_lineitem_shipdate", "Relation Name": "lineitem", "Alias": "lineitem_1", "Startup Cost": 0.56, "Total Cost": 1276967.94, "Plan Rows": 738221, "Plan Width": 16, "Index Cond": "((l_shipdate >= '1994-06-01'::date) AND (l_shipdate < '1994-09-01 00:00:00'::timestamp without time zone))"}]}]}]}]}]}, {"Node Type": "Nested Loop", "Parent Relationship": "Outer", "Parallel Aware": false, "Join Type": "Inner", "Startup Cost": 1357311.79, "Total Cost": 1409370.42, "Plan Rows": 499, "Plan Width": 103, "Inner Unique": true, "Plans": [{"Node Type": "Aggregate", "Strategy": "Sorted", "Partial Mode": "Finalize", "Parent Relationship": "Outer", "Parallel Aware": false, "Startup Cost": 1357311.5, "Total Cost": 1408427.54, "Plan Rows": 499, "Plan Width": 36, "Group Key": ["lineitem.l_suppkey"], "Filter": "(sum((lineitem.l_extendedprice * ('1'::numeric - lineitem.l_discount))) = $1)", "Plans": [{"Node Type": "Gather Merge", "Parent Relationship": "Outer", "Parallel Aware": false, "Startup Cost": 1357311.5, "Total Cost": 1402942.17, "Plan Rows": 299202, "Plan Width": 36, "Workers Planned": 3, "Plans": [{"Node Type": "Aggregate", "Strategy": "Sorted", "Partial Mode": "Partial", "Parent Relationship": "Outer", "Parallel Aware": false, "Startup Cost": 1356311.46, "Total Cost": 1366785.9, "Plan Rows": 99734, "Plan Width": 36, "Group Key": ["lineitem.l_suppkey"], "Plans": [{"Node Type": "Sort", "Parent Relationship": "Outer", "Parallel Aware": false, "Startup Cost": 1356311.46, "Total Cost": 1358157.01, "Plan Rows": 738221, "Plan Width": 16, "Sort Key": ["lineitem.l_suppkey"], "Plans": [{"Node Type": "Index Scan", "Parent Relationship": "Outer", "Parallel Aware": true, "Scan Direction": "Forward", "Index Name": "idx_lineitem_shipdate", "Relation Name": "lineitem", "Alias": "lineitem", "Startup Cost": 0.56, "Total Cost": 1276967.94, "Plan Rows": 738221, "Plan Width": 16, "Index Cond": "((l_shipdate >= '1994-06-01'::date) AND (l_shipdate < '1994-09-01 00:00:00'::timestamp without time zone))"}]}]}]}]}, {"Node Type": "Index Scan", "Parent Relationship": "Inner", "Parallel Aware": false, "Scan Direction": "Forward", "Index Name": "supplier_pkey", "Relation Name": "supplier", "Alias": "supplier", "Startup Cost": 0.29, "Total Cost": 1.88, "Plan Rows": 1, "Plan Width": 71, "Index Cond": "(s_suppkey = lineitem.l_suppkey)"}]}]}}, {"Plan": {"Node Type": "Limit", "Parallel Aware": false, "Startup Cost": 2764991.34, "Total Cost": 2765095.67, "Plan Rows": 1, "Plan Width": 103, "Plans": [{"Node Type": "Aggregate", "Strategy": "Plain", "Partial Mode": "Simple", "Parent Relationship": "InitPlan", "Subplan Name": "InitPlan 1 (returns $1)", "Parallel Aware": false, "Startup Cost": 1407679.54, "Total Cost": 1407679.55, "Plan Rows": 1, "Plan Width": 32, "Plans": [{"Node Type": "Aggregate", "Strategy": "Sorted", "Partial Mode": "Finalize", "Parent Relationship": "Outer", "Parallel Aware": false, "Startup Cost": 1357311.5, "Total Cost": 1406432.86, "Plan Rows": 99734, "Plan Width": 36, "Group Key": ["lineitem_1.l_suppkey"], "Plans": [{"Node Type": "Gather Merge", "Parent Relationship": "Outer", "Parallel Aware": false, "Startup Cost": 1357311.5, "Total Cost": 1402942.17, "Plan Rows": 299202, "Plan Width": 36, "Workers Planned": 3, "Plans": [{"Node Type": "Aggregate", "Strategy": "Sorted", "Partial Mode": "Partial", "Parent Relationship": "Outer", "Parallel Aware": false, "Startup Cost": 1356311.46, "Total Cost": 1366785.9, "Plan Rows": 99734, "Plan Width": 36, "Group Key": ["lineitem_1.l_suppkey"], "Plans": [{"Node Type": "Sort", "Parent Relationship": "Outer", "Parallel Aware": false, "Startup Cost": 1356311.46, "Total Cost": 1358157.01, "Plan Rows": 738221, "Plan Width": 16, "Sort Key": ["lineitem_1.l_suppkey"], "Plans": [{"Node Type": "Index Scan", "Parent Relationship": "Outer", "Parallel Aware": true, "Scan Direction": "Forward", "Index Name": "idx_lineitem_shipdate", "Relation Name": "lineitem", "Alias": "lineitem_1", "Startup Cost": 0.56, "Total Cost": 1276967.94, "Plan Rows": 738221, "Plan Width": 16, "Index Cond": "((l_shipdate >= '1994-06-01'::date) AND (l_shipdate < '1994-09-01 00:00:00'::timestamp without time zone))"}]}]}]}]}]}, {"Node Type": "Nested Loop", "Parent Relationship": "Outer", "Parallel Aware": false, "Join Type": "Inner", "Startup Cost": 1357311.79, "Total Cost": 1409370.42, "Plan Rows": 499, "Plan Width": 103, "Inner Unique": true, "Plans": [{"Node Type": "Aggregate", "Strategy": "Sorted", "Partial Mode": "Finalize", "Parent Relationship": "Outer", "Parallel Aware": false, "Startup Cost": 1357311.5, "Total Cost": 1408427.54, "Plan Rows": 499, "Plan Width": 36, "Group Key": ["lineitem.l_suppkey"], "Filter": "(sum((lineitem.l_extendedprice * ('1'::numeric - lineitem.l_discount))) = $1)", "Plans": [{"Node Type": "Gather Merge", "Parent Relationship": "Outer", "Parallel Aware": false, "Startup Cost": 1357311.5, "Total Cost": 1402942.17, "Plan Rows": 299202, "Plan Width": 36, "Workers Planned": 3, "Plans": [{"Node Type": "Aggregate", "Strategy": "Sorted", "Partial Mode": "Partial", "Parent Relationship": "Outer", "Parallel Aware": false, "Startup Cost": 1356311.46, "Total Cost": 1366785.9, "Plan Rows": 99734, "Plan Width": 36, "Group Key": ["lineitem.l_suppkey"], "Plans": [{"Node Type": "Sort", "Parent Relationship": "Outer", "Parallel Aware": false, "Startup Cost": 1356311.46, "Total Cost": 1358157.01, "Plan Rows": 738221, "Plan Width": 16, "Sort Key": ["lineitem.l_suppkey"], "Plans": [{"Node Type": "Index Scan", "Parent Relationship": "Outer", "Parallel Aware": true, "Scan Direction": "Forward", "Index Name": "idx_lineitem_shipdate", "Relation Name": "lineitem", "Alias": "lineitem", "Startup Cost": 0.56, "Total Cost": 1276967.94, "Plan Rows": 738221, "Plan Width": 16, "Index Cond": "((l_shipdate >= '1994-06-01'::date) AND (l_shipdate < '1994-09-01 00:00:00'::timestamp without time zone))"}]}]}]}]}, {"Node Type": "Index Scan", "Parent Relationship": "Inner", "Parallel Aware": false, "Scan Direction": "Forward", "Index Name": "supplier_pkey", "Relation Name": "supplier", "Alias": "supplier", "Startup Cost": 0.29, "Total Cost": 1.88, "Plan Rows": 1, "Plan Width": 71, "Index Cond": "(s_suppkey = lineitem.l_suppkey)"}]}]}}, {"Plan": {"Node Type": "Limit", "Parallel Aware": false, "Startup Cost": 10003037557.53, "Total Cost": 10003037661.96, "Plan Rows": 1, "Plan Width": 103, "Plans": [{"Node Type": "Aggregate", "Strategy": "Plain", "Partial Mode": "Simple", "Parent Relationship": "InitPlan", "Subplan Name": "InitPlan 1 (returns $1)", "Parallel Aware": false, "Startup Cost": 1543962.34, "Total Cost": 1543962.35, "Plan Rows": 1, "Plan Width": 32, "Plans": [{"Node Type": "Aggregate", "Strategy": "Sorted", "Partial Mode": "Finalize", "Parent Relationship": "Outer", "Parallel Aware": false, "Startup Cost": 1493594.3, "Total Cost": 1542715.66, "Plan Rows": 99734, "Plan Width": 36, "Group Key": ["lineitem_1.l_suppkey"], "Plans": [{"Node Type": "Gather Merge", "Parent Relationship": "Outer", "Parallel Aware": false, "Startup Cost": 1493594.3, "Total Cost": 1539224.97, "Plan Rows": 299202, "Plan Width": 36, "Workers Planned": 3, "Plans": [{"Node Type": "Aggregate", "Strategy": "Sorted", "Partial Mode": "Partial", "Parent Relationship": "Outer", "Parallel Aware": false, "Startup Cost": 1492594.26, "Total Cost": 1503068.7, "Plan Rows": 99734, "Plan Width": 36, "Group Key": ["lineitem_1.l_suppkey"], "Plans": [{"Node Type": "Sort", "Parent Relationship": "Outer", "Parallel Aware": false, "Startup Cost": 1492594.26, "Total Cost": 1494439.81, "Plan Rows": 738221, "Plan Width": 16, "Sort Key": ["lineitem_1.l_suppkey"], "Plans": [{"Node Type": "Bitmap Heap Scan", "Parent Relationship": "Outer", "Parallel Aware": true, "Relation Name": "lineitem", "Alias": "lineitem_1", "Startup Cost": 33163.93, "Total Cost": 1413250.74, "Plan Rows": 738221, "Plan Width": 16, "Recheck Cond": "((l_shipdate >= '1994-06-01'::date) AND (l_shipdate < '1994-09-01 00:00:00'::timestamp without time zone))", "Plans": [{"Node Type": "Bitmap Index Scan", "Parent Relationship": "Outer", "Parallel Aware": false, "Index Name": "idx_lineitem_shipdate", "Startup Cost": 0.0, "Total Cost": 32591.81, "Plan Rows": 2288484, "Plan Width": 0, "Index Cond": "((l_shipdate >= '1994-06-01'::date) AND (l_shipdate < '1994-09-01 00:00:00'::timestamp without time zone))"}]}]}]}]}]}]}, {"Node Type": "Nested Loop", "Parent Relationship": "Outer", "Parallel Aware": false, "Join Type": "Inner", "Startup Cost": 10001493595.18, "Total Cost": 10001545709.59, "Plan Rows": 499, "Plan Width": 103, "Inner Unique": true, "Plans": [{"Node Type": "Aggregate", "Strategy": "Sorted", "Partial Mode": "Finalize", "Parent Relationship": "Outer", "Parallel Aware": false, "Startup Cost": 1493594.3, "Total Cost": 1544710.34, "Plan Rows": 499, "Plan Width": 36, "Group Key": ["lineitem.l_suppkey"], "Filter": "(sum((lineitem.l_extendedprice * ('1'::numeric - lineitem.l_discount))) = $1)", "Plans": [{"Node Type": "Gather Merge", "Parent Relationship": "Outer", "Parallel Aware": false, "Startup Cost": 1493594.3, "Total Cost": 1539224.97, "Plan Rows": 299202, "Plan Width": 36, "Workers Planned": 3, "Plans": [{"Node Type": "Aggregate", "Strategy": "Sorted", "Partial Mode": "Partial", "Parent Relationship": "Outer", "Parallel Aware": false, "Startup Cost": 1492594.26, "Total Cost": 1503068.7, "Plan Rows": 99734, "Plan Width": 36, "Group Key": ["lineitem.l_suppkey"], "Plans": [{"Node Type": "Sort", "Parent Relationship": "Outer", "Parallel Aware": false, "Startup Cost": 1492594.26, "Total Cost": 1494439.81, "Plan Rows": 738221, "Plan Width": 16, "Sort Key": ["lineitem.l_suppkey"], "Plans": [{"Node Type": "Bitmap Heap Scan", "Parent Relationship": "Outer", "Parallel Aware": true, "Relation Name": "lineitem", "Alias": "lineitem", "Startup Cost": 33163.93, "Total Cost": 1413250.74, "Plan Rows": 738221, "Plan Width": 16, "Recheck Cond": "((l_shipdate >= '1994-06-01'::date) AND (l_shipdate < '1994-09-01 00:00:00'::timestamp without time zone))", "Plans": [{"Node Type": "Bitmap Index Scan", "Parent Relationship": "Outer", "Parallel Aware": false, "Index Name": "idx_lineitem_shipdate", "Startup Cost": 0.0, "Total Cost": 32591.81, "Plan Rows": 2288484, "Plan Width": 0, "Index Cond": "((l_shipdate >= '1994-06-01'::date) AND (l_shipdate < '1994-09-01 00:00:00'::timestamp without time zone))"}]}]}]}]}]}, {"Node Type": "Bitmap Heap Scan", "Parent Relationship": "Inner", "Parallel Aware": false, "Relation Name": "supplier", "Alias": "supplier", "Startup Cost": 0.88, "Total Cost": 1.99, "Plan Rows": 1, "Plan Width": 71, "Recheck Cond": "(s_suppkey = lineitem.l_suppkey)", "Plans": [{"Node Type": "Bitmap Index Scan", "Parent Relationship": "Outer", "Parallel Aware": false, "Index Name": "supplier_pkey", "Startup Cost": 0.0, "Total Cost": 0.88, "Plan Rows": 1, "Plan Width": 0, "Index Cond": "(s_suppkey = lineitem.l_suppkey)"}]}]}]}}, {"Plan": {"Node Type": "Limit", "Parallel Aware": false, "Startup Cost": 3037557.53, "Total Cost": 3037661.96, "Plan Rows": 1, "Plan Width": 103, "Plans": [{"Node Type": "Aggregate", "Strategy": "Plain", "Partial Mode": "Simple", "Parent Relationship": "InitPlan", "Subplan Name": "InitPlan 1 (returns $1)", "Parallel Aware": false, "Startup Cost": 1543962.34, "Total Cost": 1543962.35, "Plan Rows": 1, "Plan Width": 32, "Plans": [{"Node Type": "Aggregate", "Strategy": "Sorted", "Partial Mode": "Finalize", "Parent Relationship": "Outer", "Parallel Aware": false, "Startup Cost": 1493594.3, "Total Cost": 1542715.66, "Plan Rows": 99734, "Plan Width": 36, "Group Key": ["lineitem_1.l_suppkey"], "Plans": [{"Node Type": "Gather Merge", "Parent Relationship": "Outer", "Parallel Aware": false, "Startup Cost": 1493594.3, "Total Cost": 1539224.97, "Plan Rows": 299202, "Plan Width": 36, "Workers Planned": 3, "Plans": [{"Node Type": "Aggregate", "Strategy": "Sorted", "Partial Mode": "Partial", "Parent Relationship": "Outer", "Parallel Aware": false, "Startup Cost": 1492594.26, "Total Cost": 1503068.7, "Plan Rows": 99734, "Plan Width": 36, "Group Key": ["lineitem_1.l_suppkey"], "Plans": [{"Node Type": "Sort", "Parent Relationship": "Outer", "Parallel Aware": false, "Startup Cost": 1492594.26, "Total Cost": 1494439.81, "Plan Rows": 738221, "Plan Width": 16, "Sort Key": ["lineitem_1.l_suppkey"], "Plans": [{"Node Type": "Bitmap Heap Scan", "Parent Relationship": "Outer", "Parallel Aware": true, "Relation Name": "lineitem", "Alias": "lineitem_1", "Startup Cost": 33163.93, "Total Cost": 1413250.74, "Plan Rows": 738221, "Plan Width": 16, "Recheck Cond": "((l_shipdate >= '1994-06-01'::date) AND (l_shipdate < '1994-09-01 00:00:00'::timestamp without time zone))", "Plans": [{"Node Type": "Bitmap Index Scan", "Parent Relationship": "Outer", "Parallel Aware": false, "Index Name": "idx_lineitem_shipdate", "Startup Cost": 0.0, "Total Cost": 32591.81, "Plan Rows": 2288484, "Plan Width": 0, "Index Cond": "((l_shipdate >= '1994-06-01'::date) AND (l_shipdate < '1994-09-01 00:00:00'::timestamp without time zone))"}]}]}]}]}]}]}, {"Node Type": "Nested Loop", "Parent Relationship": "Outer", "Parallel Aware": false, "Join Type": "Inner", "Startup Cost": 1493595.18, "Total Cost": 1545709.59, "Plan Rows": 499, "Plan Width": 103, "Inner Unique": true, "Plans": [{"Node Type": "Aggregate", "Strategy": "Sorted", "Partial Mode": "Finalize", "Parent Relationship": "Outer", "Parallel Aware": false, "Startup Cost": 1493594.3, "Total Cost": 1544710.34, "Plan Rows": 499, "Plan Width": 36, "Group Key": ["lineitem.l_suppkey"], "Filter": "(sum((lineitem.l_extendedprice * ('1'::numeric - lineitem.l_discount))) = $1)", "Plans": [{"Node Type": "Gather Merge", "Parent Relationship": "Outer", "Parallel Aware": false, "Startup Cost": 1493594.3, "Total Cost": 1539224.97, "Plan Rows": 299202, "Plan Width": 36, "Workers Planned": 3, "Plans": [{"Node Type": "Aggregate", "Strategy": "Sorted", "Partial Mode": "Partial", "Parent Relationship": "Outer", "Parallel Aware": false, "Startup Cost": 1492594.26, "Total Cost": 1503068.7, "Plan Rows": 99734, "Plan Width": 36, "Group Key": ["lineitem.l_suppkey"], "Plans": [{"Node Type": "Sort", "Parent Relationship": "Outer", "Parallel Aware": false, "Startup Cost": 1492594.26, "Total Cost": 1494439.81, "Plan Rows": 738221, "Plan Width": 16, "Sort Key": ["lineitem.l_suppkey"], "Plans": [{"Node Type": "Bitmap Heap Scan", "Parent Relationship": "Outer", "Parallel Aware": true, "Relation Name": "lineitem", "Alias": "lineitem", "Startup Cost": 33163.93, "Total Cost": 1413250.74, "Plan Rows": 738221, "Plan Width": 16, "Recheck Cond": "((l_shipdate >= '1994-06-01'::date) AND (l_shipdate < '1994-09-01 00:00:00'::timestamp without time zone))", "Plans": [{"Node Type": "Bitmap Index Scan", "Parent Relationship": "Outer", "Parallel Aware": false, "Index Name": "idx_lineitem_shipdate", "Startup Cost": 0.0, "Total Cost": 32591.81, "Plan Rows": 2288484, "Plan Width": 0, "Index Cond": "((l_shipdate >= '1994-06-01'::date) AND (l_shipdate < '1994-09-01 00:00:00'::timestamp without time zone))"}]}]}]}]}]}, {"Node Type": "Bitmap Heap Scan", "Parent Relationship": "Inner", "Parallel Aware": false, "Relation Name": "supplier", "Alias": "supplier", "Startup Cost": 0.88, "Total Cost": 1.99, "Plan Rows": 1, "Plan Width": 71, "Recheck Cond": "(s_suppkey = lineitem.l_suppkey)", "Plans": [{"Node Type": "Bitmap Index Scan", "Parent Relationship": "Outer", "Parallel Aware": false, "Index Name": "supplier_pkey", "Startup Cost": 0.0, "Total Cost": 0.88, "Plan Rows": 1, "Plan Width": 0, "Index Cond": "(s_suppkey = lineitem.l_suppkey)"}]}]}]}}, {"Plan": {"Node Type": "Limit", "Parallel Aware": false, "Startup Cost": 3037557.53, "Total Cost": 3037661.96, "Plan Rows": 1, "Plan Width": 103, "Plans": [{"Node Type": "Aggregate", "Strategy": "Plain", "Partial Mode": "Simple", "Parent Relationship": "InitPlan", "Subplan Name": "InitPlan 1 (returns $1)", "Parallel Aware": false, "Startup Cost": 1543962.34, "Total Cost": 1543962.35, "Plan Rows": 1, "Plan Width": 32, "Plans": [{"Node Type": "Aggregate", "Strategy": "Sorted", "Partial Mode": "Finalize", "Parent Relationship": "Outer", "Parallel Aware": false, "Startup Cost": 1493594.3, "Total Cost": 1542715.66, "Plan Rows": 99734, "Plan Width": 36, "Group Key": ["lineitem_1.l_suppkey"], "Plans": [{"Node Type": "Gather Merge", "Parent Relationship": "Outer", "Parallel Aware": false, "Startup Cost": 1493594.3, "Total Cost": 1539224.97, "Plan Rows": 299202, "Plan Width": 36, "Workers Planned": 3, "Plans": [{"Node Type": "Aggregate", "Strategy": "Sorted", "Partial Mode": "Partial", "Parent Relationship": "Outer", "Parallel Aware": false, "Startup Cost": 1492594.26, "Total Cost": 1503068.7, "Plan Rows": 99734, "Plan Width": 36, "Group Key": ["lineitem_1.l_suppkey"], "Plans": [{"Node Type": "Sort", "Parent Relationship": "Outer", "Parallel Aware": false, "Startup Cost": 1492594.26, "Total Cost": 1494439.81, "Plan Rows": 738221, "Plan Width": 16, "Sort Key": ["lineitem_1.l_suppkey"], "Plans": [{"Node Type": "Bitmap Heap Scan", "Parent Relationship": "Outer", "Parallel Aware": true, "Relation Name": "lineitem", "Alias": "lineitem_1", "Startup Cost": 33163.93, "Total Cost": 1413250.74, "Plan Rows": 738221, "Plan Width": 16, "Recheck Cond": "((l_shipdate >= '1994-06-01'::date) AND (l_shipdate < '1994-09-01 00:00:00'::timestamp without time zone))", "Plans": [{"Node Type": "Bitmap Index Scan", "Parent Relationship": "Outer", "Parallel Aware": false, "Index Name": "idx_lineitem_shipdate", "Startup Cost": 0.0, "Total Cost": 32591.81, "Plan Rows": 2288484, "Plan Width": 0, "Index Cond": "((l_shipdate >= '1994-06-01'::date) AND (l_shipdate < '1994-09-01 00:00:00'::timestamp without time zone))"}]}]}]}]}]}]}, {"Node Type": "Nested Loop", "Parent Relationship": "Outer", "Parallel Aware": false, "Join Type": "Inner", "Startup Cost": 1493595.18, "Total Cost": 1545709.59, "Plan Rows": 499, "Plan Width": 103, "Inner Unique": true, "Plans": [{"Node Type": "Aggregate", "Strategy": "Sorted", "Partial Mode": "Finalize", "Parent Relationship": "Outer", "Parallel Aware": false, "Startup Cost": 1493594.3, "Total Cost": 1544710.34, "Plan Rows": 499, "Plan Width": 36, "Group Key": ["lineitem.l_suppkey"], "Filter": "(sum((lineitem.l_extendedprice * ('1'::numeric - lineitem.l_discount))) = $1)", "Plans": [{"Node Type": "Gather Merge", "Parent Relationship": "Outer", "Parallel Aware": false, "Startup Cost": 1493594.3, "Total Cost": 1539224.97, "Plan Rows": 299202, "Plan Width": 36, "Workers Planned": 3, "Plans": [{"Node Type": "Aggregate", "Strategy": "Sorted", "Partial Mode": "Partial", "Parent Relationship": "Outer", "Parallel Aware": false, "Startup Cost": 1492594.26, "Total Cost": 1503068.7, "Plan Rows": 99734, "Plan Width": 36, "Group Key": ["lineitem.l_suppkey"], "Plans": [{"Node Type": "Sort", "Parent Relationship": "Outer", "Parallel Aware": false, "Startup Cost": 1492594.26, "Total Cost": 1494439.81, "Plan Rows": 738221, "Plan Width": 16, "Sort Key": ["lineitem.l_suppkey"], "Plans": [{"Node Type": "Bitmap Heap Scan", "Parent Relationship": "Outer", "Parallel Aware": true, "Relation Name": "lineitem", "Alias": "lineitem", "Startup Cost": 33163.93, "Total Cost": 1413250.74, "Plan Rows": 738221, "Plan Width": 16, "Recheck Cond": "((l_shipdate >= '1994-06-01'::date) AND (l_shipdate < '1994-09-01 00:00:00'::timestamp without time zone))", "Plans": [{"Node Type": "Bitmap Index Scan", "Parent Relationship": "Outer", "Parallel Aware": false, "Index Name": "idx_lineitem_shipdate", "Startup Cost": 0.0, "Total Cost": 32591.81, "Plan Rows": 2288484, "Plan Width": 0, "Index Cond": "((l_shipdate >= '1994-06-01'::date) AND (l_shipdate < '1994-09-01 00:00:00'::timestamp without time zone))"}]}]}]}]}]}, {"Node Type": "Bitmap Heap Scan", "Parent Relationship": "Inner", "Parallel Aware": false, "Relation Name": "supplier", "Alias": "supplier", "Startup Cost": 0.88, "Total Cost": 1.99, "Plan Rows": 1, "Plan Width": 71, "Recheck Cond": "(s_suppkey = lineitem.l_suppkey)", "Plans": [{"Node Type": "Bitmap Index Scan", "Parent Relationship": "Outer", "Parallel Aware": false, "Index Name": "supplier_pkey", "Startup Cost": 0.0, "Total Cost": 0.88, "Plan Rows": 1, "Plan Width": 0, "Index Cond": "(s_suppkey = lineitem.l_suppkey)"}]}]}]}}, {"Plan": {"Node Type": "Limit", "Parallel Aware": false, "Startup Cost": 3049077.47, "Total Cost": 3049180.93, "Plan Rows": 1, "Plan Width": 103, "Plans": [{"Node Type": "Aggregate", "Strategy": "Plain", "Partial Mode": "Simple", "Parent Relationship": "InitPlan", "Subplan Name": "InitPlan 1 (returns $1)", "Parallel Aware": false, "Startup Cost": 1543962.34, "Total Cost": 1543962.35, "Plan Rows": 1, "Plan Width": 32, "Plans": [{"Node Type": "Aggregate", "Strategy": "Sorted", "Partial Mode": "Finalize", "Parent Relationship": "Outer", "Parallel Aware": false, "Startup Cost": 1493594.3, "Total Cost": 1542715.66, "Plan Rows": 99734, "Plan Width": 36, "Group Key": ["lineitem_1.l_suppkey"], "Plans": [{"Node Type": "Gather Merge", "Parent Relationship": "Outer", "Parallel Aware": false, "Startup Cost": 1493594.3, "Total Cost": 1539224.97, "Plan Rows": 299202, "Plan Width": 36, "Workers Planned": 3, "Plans": [{"Node Type": "Aggregate", "Strategy": "Sorted", "Partial Mode": "Partial", "Parent Relationship": "Outer", "Parallel Aware": false, "Startup Cost": 1492594.26, "Total Cost": 1503068.7, "Plan Rows": 99734, "Plan Width": 36, "Group Key": ["lineitem_1.l_suppkey"], "Plans": [{"Node Type": "Sort", "Parent Relationship": "Outer", "Parallel Aware": false, "Startup Cost": 1492594.26, "Total Cost": 1494439.81, "Plan Rows": 738221, "Plan Width": 16, "Sort Key": ["lineitem_1.l_suppkey"], "Plans": [{"Node Type": "Bitmap Heap Scan", "Parent Relationship": "Outer", "Parallel Aware": true, "Relation Name": "lineitem", "Alias": "lineitem_1", "Startup Cost": 33163.93, "Total Cost": 1413250.74, "Plan Rows": 738221, "Plan Width": 16, "Recheck Cond": "((l_shipdate >= '1994-06-01'::date) AND (l_shipdate < '1994-09-01 00:00:00'::timestamp without time zone))", "Plans": [{"Node Type": "Bitmap Index Scan", "Parent Relationship": "Outer", "Parallel Aware": false, "Index Name": "idx_lineitem_shipdate", "Startup Cost": 0.0, "Total Cost": 32591.81, "Plan Rows": 2288484, "Plan Width": 0, "Index Cond": "((l_shipdate >= '1994-06-01'::date) AND (l_shipdate < '1994-09-01 00:00:00'::timestamp without time zone))"}]}]}]}]}]}]}, {"Node Type": "Merge Join", "Parent Relationship": "Outer", "Parallel Aware": false, "Join Type": "Inner", "Startup Cost": 1505115.12, "Total Cost": 1556742.39, "Plan Rows": 499, "Plan Width": 103, "Inner Unique": true, "Merge Cond": "(supplier.s_suppkey = lineitem.l_suppkey)", "Plans": [{"Node Type": "Sort", "Parent Relationship": "Outer", "Parallel Aware": false, "Startup Cost": 11520.82, "Total Cost": 11770.82, "Plan Rows": 100000, "Plan Width": 71, "Sort Key": ["supplier.s_suppkey"], "Plans": [{"Node Type": "Seq Scan", "Parent Relationship": "Outer", "Parallel Aware": false, "Relation Name": "supplier", "Alias": "supplier", "Startup Cost": 0.0, "Total Cost": 3216.0, "Plan Rows": 100000, "Plan Width": 71}]}, {"Node Type": "Aggregate", "Strategy": "Sorted", "Partial Mode": "Finalize", "Parent Relationship": "Inner", "Parallel Aware": false, "Startup Cost": 1493594.3, "Total Cost": 1544710.34, "Plan Rows": 499, "Plan Width": 36, "Group Key": ["lineitem.l_suppkey"], "Filter": "(sum((lineitem.l_extendedprice * ('1'::numeric - lineitem.l_discount))) = $1)", "Plans": [{"Node Type": "Gather Merge", "Parent Relationship": "Outer", "Parallel Aware": false, "Startup Cost": 1493594.3, "Total Cost": 1539224.97, "Plan Rows": 299202, "Plan Width": 36, "Workers Planned": 3, "Plans": [{"Node Type": "Aggregate", "Strategy": "Sorted", "Partial Mode": "Partial", "Parent Relationship": "Outer", "Parallel Aware": false, "Startup Cost": 1492594.26, "Total Cost": 1503068.7, "Plan Rows": 99734, "Plan Width": 36, "Group Key": ["lineitem.l_suppkey"], "Plans": [{"Node Type": "Sort", "Parent Relationship": "Outer", "Parallel Aware": false, "Startup Cost": 1492594.26, "Total Cost": 1494439.81, "Plan Rows": 738221, "Plan Width": 16, "Sort Key": ["lineitem.l_suppkey"], "Plans": [{"Node Type": "Bitmap Heap Scan", "Parent Relationship": "Outer", "Parallel Aware": true, "Relation Name": "lineitem", "Alias": "lineitem", "Startup Cost": 33163.93, "Total Cost": 1413250.74, "Plan Rows": 738221, "Plan Width": 16, "Recheck Cond": "((l_shipdate >= '1994-06-01'::date) AND (l_shipdate < '1994-09-01 00:00:00'::timestamp without time zone))", "Plans": [{"Node Type": "Bitmap Index Scan", "Parent Relationship": "Outer", "Parallel Aware": false, "Index Name": "idx_lineitem_shipdate", "Startup Cost": 0.0, "Total Cost": 32591.81, "Plan Rows": 2288484, "Plan Width": 0, "Index Cond": "((l_shipdate >= '1994-06-01'::date) AND (l_shipdate < '1994-09-01 00:00:00'::timestamp without time zone))"}]}]}]}]}]}]}]}}, {"Plan": {"Node Type": "Limit", "Parallel Aware": false, "Startup Cost": 3037557.53, "Total Cost": 3037661.96, "Plan Rows": 1, "Plan Width": 103, "Plans": [{"Node Type": "Aggregate", "Strategy": "Plain", "Partial Mode": "Simple", "Parent Relationship": "InitPlan", "Subplan Name": "InitPlan 1 (returns $1)", "Parallel Aware": false, "Startup Cost": 1543962.34, "Total Cost": 1543962.35, "Plan Rows": 1, "Plan Width": 32, "Plans": [{"Node Type": "Aggregate", "Strategy": "Sorted", "Partial Mode": "Finalize", "Parent Relationship": "Outer", "Parallel Aware": false, "Startup Cost": 1493594.3, "Total Cost": 1542715.66, "Plan Rows": 99734, "Plan Width": 36, "Group Key": ["lineitem_1.l_suppkey"], "Plans": [{"Node Type": "Gather Merge", "Parent Relationship": "Outer", "Parallel Aware": false, "Startup Cost": 1493594.3, "Total Cost": 1539224.97, "Plan Rows": 299202, "Plan Width": 36, "Workers Planned": 3, "Plans": [{"Node Type": "Aggregate", "Strategy": "Sorted", "Partial Mode": "Partial", "Parent Relationship": "Outer", "Parallel Aware": false, "Startup Cost": 1492594.26, "Total Cost": 1503068.7, "Plan Rows": 99734, "Plan Width": 36, "Group Key": ["lineitem_1.l_suppkey"], "Plans": [{"Node Type": "Sort", "Parent Relationship": "Outer", "Parallel Aware": false, "Startup Cost": 1492594.26, "Total Cost": 1494439.81, "Plan Rows": 738221, "Plan Width": 16, "Sort Key": ["lineitem_1.l_suppkey"], "Plans": [{"Node Type": "Bitmap Heap Scan", "Parent Relationship": "Outer", "Parallel Aware": true, "Relation Name": "lineitem", "Alias": "lineitem_1", "Startup Cost": 33163.93, "Total Cost": 1413250.74, "Plan Rows": 738221, "Plan Width": 16, "Recheck Cond": "((l_shipdate >= '1994-06-01'::date) AND (l_shipdate < '1994-09-01 00:00:00'::timestamp without time zone))", "Plans": [{"Node Type": "Bitmap Index Scan", "Parent Relationship": "Outer", "Parallel Aware": false, "Index Name": "idx_lineitem_shipdate", "Startup Cost": 0.0, "Total Cost": 32591.81, "Plan Rows": 2288484, "Plan Width": 0, "Index Cond": "((l_shipdate >= '1994-06-01'::date) AND (l_shipdate < '1994-09-01 00:00:00'::timestamp without time zone))"}]}]}]}]}]}]}, {"Node Type": "Nested Loop", "Parent Relationship": "Outer", "Parallel Aware": false, "Join Type": "Inner", "Startup Cost": 1493595.18, "Total Cost": 1545709.59, "Plan Rows": 499, "Plan Width": 103, "Inner Unique": true, "Plans": [{"Node Type": "Aggregate", "Strategy": "Sorted", "Partial Mode": "Finalize", "Parent Relationship": "Outer", "Parallel Aware": false, "Startup Cost": 1493594.3, "Total Cost": 1544710.34, "Plan Rows": 499, "Plan Width": 36, "Group Key": ["lineitem.l_suppkey"], "Filter": "(sum((lineitem.l_extendedprice * ('1'::numeric - lineitem.l_discount))) = $1)", "Plans": [{"Node Type": "Gather Merge", "Parent Relationship": "Outer", "Parallel Aware": false, "Startup Cost": 1493594.3, "Total Cost": 1539224.97, "Plan Rows": 299202, "Plan Width": 36, "Workers Planned": 3, "Plans": [{"Node Type": "Aggregate", "Strategy": "Sorted", "Partial Mode": "Partial", "Parent Relationship": "Outer", "Parallel Aware": false, "Startup Cost": 1492594.26, "Total Cost": 1503068.7, "Plan Rows": 99734, "Plan Width": 36, "Group Key": ["lineitem.l_suppkey"], "Plans": [{"Node Type": "Sort", "Parent Relationship": "Outer", "Parallel Aware": false, "Startup Cost": 1492594.26, "Total Cost": 1494439.81, "Plan Rows": 738221, "Plan Width": 16, "Sort Key": ["lineitem.l_suppkey"], "Plans": [{"Node Type": "Bitmap Heap Scan", "Parent Relationship": "Outer", "Parallel Aware": true, "Relation Name": "lineitem", "Alias": "lineitem", "Startup Cost": 33163.93, "Total Cost": 1413250.74, "Plan Rows": 738221, "Plan Width": 16, "Recheck Cond": "((l_shipdate >= '1994-06-01'::date) AND (l_shipdate < '1994-09-01 00:00:00'::timestamp without time zone))", "Plans": [{"Node Type": "Bitmap Index Scan", "Parent Relationship": "Outer", "Parallel Aware": false, "Index Name": "idx_lineitem_shipdate", "Startup Cost": 0.0, "Total Cost": 32591.81, "Plan Rows": 2288484, "Plan Width": 0, "Index Cond": "((l_shipdate >= '1994-06-01'::date) AND (l_shipdate < '1994-09-01 00:00:00'::timestamp without time zone))"}]}]}]}]}]}, {"Node Type": "Bitmap Heap Scan", "Parent Relationship": "Inner", "Parallel Aware": false, "Relation Name": "supplier", "Alias": "supplier", "Startup Cost": 0.88, "Total Cost": 1.99, "Plan Rows": 1, "Plan Width": 71, "Recheck Cond": "(s_suppkey = lineitem.l_suppkey)", "Plans": [{"Node Type": "Bitmap Index Scan", "Parent Relationship": "Outer", "Parallel Aware": false, "Index Name": "supplier_pkey", "Startup Cost": 0.0, "Total Cost": 0.88, "Plan Rows": 1, "Plan Width": 0, "Index Cond": "(s_suppkey = lineitem.l_suppkey)"}]}]}]}}, {"Plan": {"Node Type": "Limit", "Parallel Aware": false, "Startup Cost": 3037557.53, "Total Cost": 3037661.96, "Plan Rows": 1, "Plan Width": 103, "Plans": [{"Node Type": "Aggregate", "Strategy": "Plain", "Partial Mode": "Simple", "Parent Relationship": "InitPlan", "Subplan Name": "InitPlan 1 (returns $1)", "Parallel Aware": false, "Startup Cost": 1543962.34, "Total Cost": 1543962.35, "Plan Rows": 1, "Plan Width": 32, "Plans": [{"Node Type": "Aggregate", "Strategy": "Sorted", "Partial Mode": "Finalize", "Parent Relationship": "Outer", "Parallel Aware": false, "Startup Cost": 1493594.3, "Total Cost": 1542715.66, "Plan Rows": 99734, "Plan Width": 36, "Group Key": ["lineitem_1.l_suppkey"], "Plans": [{"Node Type": "Gather Merge", "Parent Relationship": "Outer", "Parallel Aware": false, "Startup Cost": 1493594.3, "Total Cost": 1539224.97, "Plan Rows": 299202, "Plan Width": 36, "Workers Planned": 3, "Plans": [{"Node Type": "Aggregate", "Strategy": "Sorted", "Partial Mode": "Partial", "Parent Relationship": "Outer", "Parallel Aware": false, "Startup Cost": 1492594.26, "Total Cost": 1503068.7, "Plan Rows": 99734, "Plan Width": 36, "Group Key": ["lineitem_1.l_suppkey"], "Plans": [{"Node Type": "Sort", "Parent Relationship": "Outer", "Parallel Aware": false, "Startup Cost": 1492594.26, "Total Cost": 1494439.81, "Plan Rows": 738221, "Plan Width": 16, "Sort Key": ["lineitem_1.l_suppkey"], "Plans": [{"Node Type": "Bitmap Heap Scan", "Parent Relationship": "Outer", "Parallel Aware": true, "Relation Name": "lineitem", "Alias": "lineitem_1", "Startup Cost": 33163.93, "Total Cost": 1413250.74, "Plan Rows": 738221, "Plan Width": 16, "Recheck Cond": "((l_shipdate >= '1994-06-01'::date) AND (l_shipdate < '1994-09-01 00:00:00'::timestamp without time zone))", "Plans": [{"Node Type": "Bitmap Index Scan", "Parent Relationship": "Outer", "Parallel Aware": false, "Index Name": "idx_lineitem_shipdate", "Startup Cost": 0.0, "Total Cost": 32591.81, "Plan Rows": 2288484, "Plan Width": 0, "Index Cond": "((l_shipdate >= '1994-06-01'::date) AND (l_shipdate < '1994-09-01 00:00:00'::timestamp without time zone))"}]}]}]}]}]}]}, {"Node Type": "Nested Loop", "Parent Relationship": "Outer", "Parallel Aware": false, "Join Type": "Inner", "Startup Cost": 1493595.18, "Total Cost": 1545709.59, "Plan Rows": 499, "Plan Width": 103, "Inner Unique": true, "Plans": [{"Node Type": "Aggregate", "Strategy": "Sorted", "Partial Mode": "Finalize", "Parent Relationship": "Outer", "Parallel Aware": false, "Startup Cost": 1493594.3, "Total Cost": 1544710.34, "Plan Rows": 499, "Plan Width": 36, "Group Key": ["lineitem.l_suppkey"], "Filter": "(sum((lineitem.l_extendedprice * ('1'::numeric - lineitem.l_discount))) = $1)", "Plans": [{"Node Type": "Gather Merge", "Parent Relationship": "Outer", "Parallel Aware": false, "Startup Cost": 1493594.3, "Total Cost": 1539224.97, "Plan Rows": 299202, "Plan Width": 36, "Workers Planned": 3, "Plans": [{"Node Type": "Aggregate", "Strategy": "Sorted", "Partial Mode": "Partial", "Parent Relationship": "Outer", "Parallel Aware": false, "Startup Cost": 1492594.26, "Total Cost": 1503068.7, "Plan Rows": 99734, "Plan Width": 36, "Group Key": ["lineitem.l_suppkey"], "Plans": [{"Node Type": "Sort", "Parent Relationship": "Outer", "Parallel Aware": false, "Startup Cost": 1492594.26, "Total Cost": 1494439.81, "Plan Rows": 738221, "Plan Width": 16, "Sort Key": ["lineitem.l_suppkey"], "Plans": [{"Node Type": "Bitmap Heap Scan", "Parent Relationship": "Outer", "Parallel Aware": true, "Relation Name": "lineitem", "Alias": "lineitem", "Startup Cost": 33163.93, "Total Cost": 1413250.74, "Plan Rows": 738221, "Plan Width": 16, "Recheck Cond": "((l_shipdate >= '1994-06-01'::date) AND (l_shipdate < '1994-09-01 00:00:00'::timestamp without time zone))", "Plans": [{"Node Type": "Bitmap Index Scan", "Parent Relationship": "Outer", "Parallel Aware": false, "Index Name": "idx_lineitem_shipdate", "Startup Cost": 0.0, "Total Cost": 32591.81, "Plan Rows": 2288484, "Plan Width": 0, "Index Cond": "((l_shipdate >= '1994-06-01'::date) AND (l_shipdate < '1994-09-01 00:00:00'::timestamp without time zone))"}]}]}]}]}]}, {"Node Type": "Bitmap Heap Scan", "Parent Relationship": "Inner", "Parallel Aware": false, "Relation Name": "supplier", "Alias": "supplier", "Startup Cost": 0.88, "Total Cost": 1.99, "Plan Rows": 1, "Plan Width": 71, "Recheck Cond": "(s_suppkey = lineitem.l_suppkey)", "Plans": [{"Node Type": "Bitmap Index Scan", "Parent Relationship": "Outer", "Parallel Aware": false, "Index Name": "supplier_pkey", "Startup Cost": 0.0, "Total Cost": 0.88, "Plan Rows": 1, "Plan Width": 0, "Index Cond": "(s_suppkey = lineitem.l_suppkey)"}]}]}]}}, {"Plan": {"Node Type": "Limit", "Parallel Aware": false, "Startup Cost": 2764991.34, "Total Cost": 2765102.36, "Plan Rows": 1, "Plan Width": 103, "Plans": [{"Node Type": "Aggregate", "Strategy": "Plain", "Partial Mode": "Simple", "Parent Relationship": "InitPlan", "Subplan Name": "InitPlan 1 (returns $1)", "Parallel Aware": false, "Startup Cost": 1407679.54, "Total Cost": 1407679.55, "Plan Rows": 1, "Plan Width": 32, "Plans": [{"Node Type": "Aggregate", "Strategy": "Sorted", "Partial Mode": "Finalize", "Parent Relationship": "Outer", "Parallel Aware": false, "Startup Cost": 1357311.5, "Total Cost": 1406432.86, "Plan Rows": 99734, "Plan Width": 36, "Group Key": ["lineitem_1.l_suppkey"], "Plans": [{"Node Type": "Gather Merge", "Parent Relationship": "Outer", "Parallel Aware": false, "Startup Cost": 1357311.5, "Total Cost": 1402942.17, "Plan Rows": 299202, "Plan Width": 36, "Workers Planned": 3, "Plans": [{"Node Type": "Aggregate", "Strategy": "Sorted", "Partial Mode": "Partial", "Parent Relationship": "Outer", "Parallel Aware": false, "Startup Cost": 1356311.46, "Total Cost": 1366785.9, "Plan Rows": 99734, "Plan Width": 36, "Group Key": ["lineitem_1.l_suppkey"], "Plans": [{"Node Type": "Sort", "Parent Relationship": "Outer", "Parallel Aware": false, "Startup Cost": 1356311.46, "Total Cost": 1358157.01, "Plan Rows": 738221, "Plan Width": 16, "Sort Key": ["lineitem_1.l_suppkey"], "Plans": [{"Node Type": "Index Scan", "Parent Relationship": "Outer", "Parallel Aware": true, "Scan Direction": "Forward", "Index Name": "idx_lineitem_shipdate", "Relation Name": "lineitem", "Alias": "lineitem_1", "Startup Cost": 0.56, "Total Cost": 1276967.94, "Plan Rows": 738221, "Plan Width": 16, "Index Cond": "((l_shipdate >= '1994-06-01'::date) AND (l_shipdate < '1994-09-01 00:00:00'::timestamp without time zone))"}]}]}]}]}]}, {"Node Type": "Merge Join", "Parent Relationship": "Outer", "Parallel Aware": false, "Join Type": "Inner", "Startup Cost": 1357311.79, "Total Cost": 1412708.87, "Plan Rows": 499, "Plan Width": 103, "Inner Unique": true, "Merge Cond": "(supplier.s_suppkey = lineitem.l_suppkey)", "Plans": [{"Node Type": "Index Scan", "Parent Relationship": "Outer", "Parallel Aware": false, "Scan Direction": "Forward", "Index Name": "supplier_pkey", "Relation Name": "supplier", "Alias": "supplier", "Startup Cost": 0.29, "Total Cost": 4020.1, "Plan Rows": 100000, "Plan Width": 71}, {"Node Type": "Aggregate", "Strategy": "Sorted", "Partial Mode": "Finalize", "Parent Relationship": "Inner", "Parallel Aware": false, "Startup Cost": 1357311.5, "Total Cost": 1408427.54, "Plan Rows": 499, "Plan Width": 36, "Group Key": ["lineitem.l_suppkey"], "Filter": "(sum((lineitem.l_extendedprice * ('1'::numeric - lineitem.l_discount))) = $1)", "Plans": [{"Node Type": "Gather Merge", "Parent Relationship": "Outer", "Parallel Aware": false, "Startup Cost": 1357311.5, "Total Cost": 1402942.17, "Plan Rows": 299202, "Plan Width": 36, "Workers Planned": 3, "Plans": [{"Node Type": "Aggregate", "Strategy": "Sorted", "Partial Mode": "Partial", "Parent Relationship": "Outer", "Parallel Aware": false, "Startup Cost": 1356311.46, "Total Cost": 1366785.9, "Plan Rows": 99734, "Plan Width": 36, "Group Key": ["lineitem.l_suppkey"], "Plans": [{"Node Type": "Sort", "Parent Relationship": "Outer", "Parallel Aware": false, "Startup Cost": 1356311.46, "Total Cost": 1358157.01, "Plan Rows": 738221, "Plan Width": 16, "Sort Key": ["lineitem.l_suppkey"], "Plans": [{"Node Type": "Index Scan", "Parent Relationship": "Outer", "Parallel Aware": true, "Scan Direction": "Forward", "Index Name": "idx_lineitem_shipdate", "Relation Name": "lineitem", "Alias": "lineitem", "Startup Cost": 0.56, "Total Cost": 1276967.94, "Plan Rows": 738221, "Plan Width": 16, "Index Cond": "((l_shipdate >= '1994-06-01'::date) AND (l_shipdate < '1994-09-01 00:00:00'::timestamp without time zone))"}]}]}]}]}]}]}}, {"Plan": {"Node Type": "Limit", "Parallel Aware": false, "Startup Cost": 2764991.34, "Total Cost": 2765095.67, "Plan Rows": 1, "Plan Width": 103, "Plans": [{"Node Type": "Aggregate", "Strategy": "Plain", "Partial Mode": "Simple", "Parent Relationship": "InitPlan", "Subplan Name": "InitPlan 1 (returns $1)", "Parallel Aware": false, "Startup Cost": 1407679.54, "Total Cost": 1407679.55, "Plan Rows": 1, "Plan Width": 32, "Plans": [{"Node Type": "Aggregate", "Strategy": "Sorted", "Partial Mode": "Finalize", "Parent Relationship": "Outer", "Parallel Aware": false, "Startup Cost": 1357311.5, "Total Cost": 1406432.86, "Plan Rows": 99734, "Plan Width": 36, "Group Key": ["lineitem_1.l_suppkey"], "Plans": [{"Node Type": "Gather Merge", "Parent Relationship": "Outer", "Parallel Aware": false, "Startup Cost": 1357311.5, "Total Cost": 1402942.17, "Plan Rows": 299202, "Plan Width": 36, "Workers Planned": 3, "Plans": [{"Node Type": "Aggregate", "Strategy": "Sorted", "Partial Mode": "Partial", "Parent Relationship": "Outer", "Parallel Aware": false, "Startup Cost": 1356311.46, "Total Cost": 1366785.9, "Plan Rows": 99734, "Plan Width": 36, "Group Key": ["lineitem_1.l_suppkey"], "Plans": [{"Node Type": "Sort", "Parent Relationship": "Outer", "Parallel Aware": false, "Startup Cost": 1356311.46, "Total Cost": 1358157.01, "Plan Rows": 738221, "Plan Width": 16, "Sort Key": ["lineitem_1.l_suppkey"], "Plans": [{"Node Type": "Index Scan", "Parent Relationship": "Outer", "Parallel Aware": true, "Scan Direction": "Forward", "Index Name": "idx_lineitem_shipdate", "Relation Name": "lineitem", "Alias": "lineitem_1", "Startup Cost": 0.56, "Total Cost": 1276967.94, "Plan Rows": 738221, "Plan Width": 16, "Index Cond": "((l_shipdate >= '1994-06-01'::date) AND (l_shipdate < '1994-09-01 00:00:00'::timestamp without time zone))"}]}]}]}]}]}, {"Node Type": "Nested Loop", "Parent Relationship": "Outer", "Parallel Aware": false, "Join Type": "Inner", "Startup Cost": 1357311.79, "Total Cost": 1409370.42, "Plan Rows": 499, "Plan Width": 103, "Inner Unique": true, "Plans": [{"Node Type": "Aggregate", "Strategy": "Sorted", "Partial Mode": "Finalize", "Parent Relationship": "Outer", "Parallel Aware": false, "Startup Cost": 1357311.5, "Total Cost": 1408427.54, "Plan Rows": 499, "Plan Width": 36, "Group Key": ["lineitem.l_suppkey"], "Filter": "(sum((lineitem.l_extendedprice * ('1'::numeric - lineitem.l_discount))) = $1)", "Plans": [{"Node Type": "Gather Merge", "Parent Relationship": "Outer", "Parallel Aware": false, "Startup Cost": 1357311.5, "Total Cost": 1402942.17, "Plan Rows": 299202, "Plan Width": 36, "Workers Planned": 3, "Plans": [{"Node Type": "Aggregate", "Strategy": "Sorted", "Partial Mode": "Partial", "Parent Relationship": "Outer", "Parallel Aware": false, "Startup Cost": 1356311.46, "Total Cost": 1366785.9, "Plan Rows": 99734, "Plan Width": 36, "Group Key": ["lineitem.l_suppkey"], "Plans": [{"Node Type": "Sort", "Parent Relationship": "Outer", "Parallel Aware": false, "Startup Cost": 1356311.46, "Total Cost": 1358157.01, "Plan Rows": 738221, "Plan Width": 16, "Sort Key": ["lineitem.l_suppkey"], "Plans": [{"Node Type": "Index Scan", "Parent Relationship": "Outer", "Parallel Aware": true, "Scan Direction": "Forward", "Index Name": "idx_lineitem_shipdate", "Relation Name": "lineitem", "Alias": "lineitem", "Startup Cost": 0.56, "Total Cost": 1276967.94, "Plan Rows": 738221, "Plan Width": 16, "Index Cond": "((l_shipdate >= '1994-06-01'::date) AND (l_shipdate < '1994-09-01 00:00:00'::timestamp without time zone))"}]}]}]}]}, {"Node Type": "Index Scan", "Parent Relationship": "Inner", "Parallel Aware": false, "Scan Direction": "Forward", "Index Name": "supplier_pkey", "Relation Name": "supplier", "Alias": "supplier", "Startup Cost": 0.29, "Total Cost": 1.88, "Plan Rows": 1, "Plan Width": 71, "Index Cond": "(s_suppkey = lineitem.l_suppkey)"}]}]}}, {"Plan": {"Node Type": "Limit", "Parallel Aware": false, "Startup Cost": 2764991.34, "Total Cost": 2765095.67, "Plan Rows": 1, "Plan Width": 103, "Plans": [{"Node Type": "Aggregate", "Strategy": "Plain", "Partial Mode": "Simple", "Parent Relationship": "InitPlan", "Subplan Name": "InitPlan 1 (returns $1)", "Parallel Aware": false, "Startup Cost": 1407679.54, "Total Cost": 1407679.55, "Plan Rows": 1, "Plan Width": 32, "Plans": [{"Node Type": "Aggregate", "Strategy": "Sorted", "Partial Mode": "Finalize", "Parent Relationship": "Outer", "Parallel Aware": false, "Startup Cost": 1357311.5, "Total Cost": 1406432.86, "Plan Rows": 99734, "Plan Width": 36, "Group Key": ["lineitem_1.l_suppkey"], "Plans": [{"Node Type": "Gather Merge", "Parent Relationship": "Outer", "Parallel Aware": false, "Startup Cost": 1357311.5, "Total Cost": 1402942.17, "Plan Rows": 299202, "Plan Width": 36, "Workers Planned": 3, "Plans": [{"Node Type": "Aggregate", "Strategy": "Sorted", "Partial Mode": "Partial", "Parent Relationship": "Outer", "Parallel Aware": false, "Startup Cost": 1356311.46, "Total Cost": 1366785.9, "Plan Rows": 99734, "Plan Width": 36, "Group Key": ["lineitem_1.l_suppkey"], "Plans": [{"Node Type": "Sort", "Parent Relationship": "Outer", "Parallel Aware": false, "Startup Cost": 1356311.46, "Total Cost": 1358157.01, "Plan Rows": 738221, "Plan Width": 16, "Sort Key": ["lineitem_1.l_suppkey"], "Plans": [{"Node Type": "Index Scan", "Parent Relationship": "Outer", "Parallel Aware": true, "Scan Direction": "Forward", "Index Name": "idx_lineitem_shipdate", "Relation Name": "lineitem", "Alias": "lineitem_1", "Startup Cost": 0.56, "Total Cost": 1276967.94, "Plan Rows": 738221, "Plan Width": 16, "Index Cond": "((l_shipdate >= '1994-06-01'::date) AND (l_shipdate < '1994-09-01 00:00:00'::timestamp without time zone))"}]}]}]}]}]}, {"Node Type": "Nested Loop", "Parent Relationship": "Outer", "Parallel Aware": false, "Join Type": "Inner", "Startup Cost": 1357311.79, "Total Cost": 1409370.42, "Plan Rows": 499, "Plan Width": 103, "Inner Unique": true, "Plans": [{"Node Type": "Aggregate", "Strategy": "Sorted", "Partial Mode": "Finalize", "Parent Relationship": "Outer", "Parallel Aware": false, "Startup Cost": 1357311.5, "Total Cost": 1408427.54, "Plan Rows": 499, "Plan Width": 36, "Group Key": ["lineitem.l_suppkey"], "Filter": "(sum((lineitem.l_extendedprice * ('1'::numeric - lineitem.l_discount))) = $1)", "Plans": [{"Node Type": "Gather Merge", "Parent Relationship": "Outer", "Parallel Aware": false, "Startup Cost": 1357311.5, "Total Cost": 1402942.17, "Plan Rows": 299202, "Plan Width": 36, "Workers Planned": 3, "Plans": [{"Node Type": "Aggregate", "Strategy": "Sorted", "Partial Mode": "Partial", "Parent Relationship": "Outer", "Parallel Aware": false, "Startup Cost": 1356311.46, "Total Cost": 1366785.9, "Plan Rows": 99734, "Plan Width": 36, "Group Key": ["lineitem.l_suppkey"], "Plans": [{"Node Type": "Sort", "Parent Relationship": "Outer", "Parallel Aware": false, "Startup Cost": 1356311.46, "Total Cost": 1358157.01, "Plan Rows": 738221, "Plan Width": 16, "Sort Key": ["lineitem.l_suppkey"], "Plans": [{"Node Type": "Index Scan", "Parent Relationship": "Outer", "Parallel Aware": true, "Scan Direction": "Forward", "Index Name": "idx_lineitem_shipdate", "Relation Name": "lineitem", "Alias": "lineitem", "Startup Cost": 0.56, "Total Cost": 1276967.94, "Plan Rows": 738221, "Plan Width": 16, "Index Cond": "((l_shipdate >= '1994-06-01'::date) AND (l_shipdate < '1994-09-01 00:00:00'::timestamp without time zone))"}]}]}]}]}, {"Node Type": "Index Scan", "Parent Relationship": "Inner", "Parallel Aware": false, "Scan Direction": "Forward", "Index Name": "supplier_pkey", "Relation Name": "supplier", "Alias": "supplier", "Startup Cost": 0.29, "Total Cost": 1.88, "Plan Rows": 1, "Plan Width": 71, "Index Cond": "(s_suppkey = lineitem.l_suppkey)"}]}]}}, {"Plan": {"Node Type": "Limit", "Parallel Aware": false, "Startup Cost": 2764991.34, "Total Cost": 2765102.36, "Plan Rows": 1, "Plan Width": 103, "Plans": [{"Node Type": "Aggregate", "Strategy": "Plain", "Partial Mode": "Simple", "Parent Relationship": "InitPlan", "Subplan Name": "InitPlan 1 (returns $1)", "Parallel Aware": false, "Startup Cost": 1407679.54, "Total Cost": 1407679.55, "Plan Rows": 1, "Plan Width": 32, "Plans": [{"Node Type": "Aggregate", "Strategy": "Sorted", "Partial Mode": "Finalize", "Parent Relationship": "Outer", "Parallel Aware": false, "Startup Cost": 1357311.5, "Total Cost": 1406432.86, "Plan Rows": 99734, "Plan Width": 36, "Group Key": ["lineitem_1.l_suppkey"], "Plans": [{"Node Type": "Gather Merge", "Parent Relationship": "Outer", "Parallel Aware": false, "Startup Cost": 1357311.5, "Total Cost": 1402942.17, "Plan Rows": 299202, "Plan Width": 36, "Workers Planned": 3, "Plans": [{"Node Type": "Aggregate", "Strategy": "Sorted", "Partial Mode": "Partial", "Parent Relationship": "Outer", "Parallel Aware": false, "Startup Cost": 1356311.46, "Total Cost": 1366785.9, "Plan Rows": 99734, "Plan Width": 36, "Group Key": ["lineitem_1.l_suppkey"], "Plans": [{"Node Type": "Sort", "Parent Relationship": "Outer", "Parallel Aware": false, "Startup Cost": 1356311.46, "Total Cost": 1358157.01, "Plan Rows": 738221, "Plan Width": 16, "Sort Key": ["lineitem_1.l_suppkey"], "Plans": [{"Node Type": "Index Scan", "Parent Relationship": "Outer", "Parallel Aware": true, "Scan Direction": "Forward", "Index Name": "idx_lineitem_shipdate", "Relation Name": "lineitem", "Alias": "lineitem_1", "Startup Cost": 0.56, "Total Cost": 1276967.94, "Plan Rows": 738221, "Plan Width": 16, "Index Cond": "((l_shipdate >= '1994-06-01'::date) AND (l_shipdate < '1994-09-01 00:00:00'::timestamp without time zone))"}]}]}]}]}]}, {"Node Type": "Merge Join", "Parent Relationship": "Outer", "Parallel Aware": false, "Join Type": "Inner", "Startup Cost": 1357311.79, "Total Cost": 1412708.87, "Plan Rows": 499, "Plan Width": 103, "Inner Unique": true, "Merge Cond": "(supplier.s_suppkey = lineitem.l_suppkey)", "Plans": [{"Node Type": "Index Scan", "Parent Relationship": "Outer", "Parallel Aware": false, "Scan Direction": "Forward", "Index Name": "supplier_pkey", "Relation Name": "supplier", "Alias": "supplier", "Startup Cost": 0.29, "Total Cost": 4020.1, "Plan Rows": 100000, "Plan Width": 71}, {"Node Type": "Aggregate", "Strategy": "Sorted", "Partial Mode": "Finalize", "Parent Relationship": "Inner", "Parallel Aware": false, "Startup Cost": 1357311.5, "Total Cost": 1408427.54, "Plan Rows": 499, "Plan Width": 36, "Group Key": ["lineitem.l_suppkey"], "Filter": "(sum((lineitem.l_extendedprice * ('1'::numeric - lineitem.l_discount))) = $1)", "Plans": [{"Node Type": "Gather Merge", "Parent Relationship": "Outer", "Parallel Aware": false, "Startup Cost": 1357311.5, "Total Cost": 1402942.17, "Plan Rows": 299202, "Plan Width": 36, "Workers Planned": 3, "Plans": [{"Node Type": "Aggregate", "Strategy": "Sorted", "Partial Mode": "Partial", "Parent Relationship": "Outer", "Parallel Aware": false, "Startup Cost": 1356311.46, "Total Cost": 1366785.9, "Plan Rows": 99734, "Plan Width": 36, "Group Key": ["lineitem.l_suppkey"], "Plans": [{"Node Type": "Sort", "Parent Relationship": "Outer", "Parallel Aware": false, "Startup Cost": 1356311.46, "Total Cost": 1358157.01, "Plan Rows": 738221, "Plan Width": 16, "Sort Key": ["lineitem.l_suppkey"], "Plans": [{"Node Type": "Index Scan", "Parent Relationship": "Outer", "Parallel Aware": true, "Scan Direction": "Forward", "Index Name": "idx_lineitem_shipdate", "Relation Name": "lineitem", "Alias": "lineitem", "Startup Cost": 0.56, "Total Cost": 1276967.94, "Plan Rows": 738221, "Plan Width": 16, "Index Cond": "((l_shipdate >= '1994-06-01'::date) AND (l_shipdate < '1994-09-01 00:00:00'::timestamp without time zone))"}]}]}]}]}]}]}}, {"Plan": {"Node Type": "Limit", "Parallel Aware": false, "Startup Cost": 2764991.34, "Total Cost": 2765095.67, "Plan Rows": 1, "Plan Width": 103, "Plans": [{"Node Type": "Aggregate", "Strategy": "Plain", "Partial Mode": "Simple", "Parent Relationship": "InitPlan", "Subplan Name": "InitPlan 1 (returns $1)", "Parallel Aware": false, "Startup Cost": 1407679.54, "Total Cost": 1407679.55, "Plan Rows": 1, "Plan Width": 32, "Plans": [{"Node Type": "Aggregate", "Strategy": "Sorted", "Partial Mode": "Finalize", "Parent Relationship": "Outer", "Parallel Aware": false, "Startup Cost": 1357311.5, "Total Cost": 1406432.86, "Plan Rows": 99734, "Plan Width": 36, "Group Key": ["lineitem_1.l_suppkey"], "Plans": [{"Node Type": "Gather Merge", "Parent Relationship": "Outer", "Parallel Aware": false, "Startup Cost": 1357311.5, "Total Cost": 1402942.17, "Plan Rows": 299202, "Plan Width": 36, "Workers Planned": 3, "Plans": [{"Node Type": "Aggregate", "Strategy": "Sorted", "Partial Mode": "Partial", "Parent Relationship": "Outer", "Parallel Aware": false, "Startup Cost": 1356311.46, "Total Cost": 1366785.9, "Plan Rows": 99734, "Plan Width": 36, "Group Key": ["lineitem_1.l_suppkey"], "Plans": [{"Node Type": "Sort", "Parent Relationship": "Outer", "Parallel Aware": false, "Startup Cost": 1356311.46, "Total Cost": 1358157.01, "Plan Rows": 738221, "Plan Width": 16, "Sort Key": ["lineitem_1.l_suppkey"], "Plans": [{"Node Type": "Index Scan", "Parent Relationship": "Outer", "Parallel Aware": true, "Scan Direction": "Forward", "Index Name": "idx_lineitem_shipdate", "Relation Name": "lineitem", "Alias": "lineitem_1", "Startup Cost": 0.56, "Total Cost": 1276967.94, "Plan Rows": 738221, "Plan Width": 16, "Index Cond": "((l_shipdate >= '1994-06-01'::date) AND (l_shipdate < '1994-09-01 00:00:00'::timestamp without time zone))"}]}]}]}]}]}, {"Node Type": "Nested Loop", "Parent Relationship": "Outer", "Parallel Aware": false, "Join Type": "Inner", "Startup Cost": 1357311.79, "Total Cost": 1409370.42, "Plan Rows": 499, "Plan Width": 103, "Inner Unique": true, "Plans": [{"Node Type": "Aggregate", "Strategy": "Sorted", "Partial Mode": "Finalize", "Parent Relationship": "Outer", "Parallel Aware": false, "Startup Cost": 1357311.5, "Total Cost": 1408427.54, "Plan Rows": 499, "Plan Width": 36, "Group Key": ["lineitem.l_suppkey"], "Filter": "(sum((lineitem.l_extendedprice * ('1'::numeric - lineitem.l_discount))) = $1)", "Plans": [{"Node Type": "Gather Merge", "Parent Relationship": "Outer", "Parallel Aware": false, "Startup Cost": 1357311.5, "Total Cost": 1402942.17, "Plan Rows": 299202, "Plan Width": 36, "Workers Planned": 3, "Plans": [{"Node Type": "Aggregate", "Strategy": "Sorted", "Partial Mode": "Partial", "Parent Relationship": "Outer", "Parallel Aware": false, "Startup Cost": 1356311.46, "Total Cost": 1366785.9, "Plan Rows": 99734, "Plan Width": 36, "Group Key": ["lineitem.l_suppkey"], "Plans": [{"Node Type": "Sort", "Parent Relationship": "Outer", "Parallel Aware": false, "Startup Cost": 1356311.46, "Total Cost": 1358157.01, "Plan Rows": 738221, "Plan Width": 16, "Sort Key": ["lineitem.l_suppkey"], "Plans": [{"Node Type": "Index Scan", "Parent Relationship": "Outer", "Parallel Aware": true, "Scan Direction": "Forward", "Index Name": "idx_lineitem_shipdate", "Relation Name": "lineitem", "Alias": "lineitem", "Startup Cost": 0.56, "Total Cost": 1276967.94, "Plan Rows": 738221, "Plan Width": 16, "Index Cond": "((l_shipdate >= '1994-06-01'::date) AND (l_shipdate < '1994-09-01 00:00:00'::timestamp without time zone))"}]}]}]}]}, {"Node Type": "Index Scan", "Parent Relationship": "Inner", "Parallel Aware": false, "Scan Direction": "Forward", "Index Name": "supplier_pkey", "Relation Name": "supplier", "Alias": "supplier", "Startup Cost": 0.29, "Total Cost": 1.88, "Plan Rows": 1, "Plan Width": 71, "Index Cond": "(s_suppkey = lineitem.l_suppkey)"}]}]}}, {"Plan": {"Node Type": "Limit", "Parallel Aware": false, "Startup Cost": 2764991.34, "Total Cost": 2765095.67, "Plan Rows": 1, "Plan Width": 103, "Plans": [{"Node Type": "Aggregate", "Strategy": "Plain", "Partial Mode": "Simple", "Parent Relationship": "InitPlan", "Subplan Name": "InitPlan 1 (returns $1)", "Parallel Aware": false, "Startup Cost": 1407679.54, "Total Cost": 1407679.55, "Plan Rows": 1, "Plan Width": 32, "Plans": [{"Node Type": "Aggregate", "Strategy": "Sorted", "Partial Mode": "Finalize", "Parent Relationship": "Outer", "Parallel Aware": false, "Startup Cost": 1357311.5, "Total Cost": 1406432.86, "Plan Rows": 99734, "Plan Width": 36, "Group Key": ["lineitem_1.l_suppkey"], "Plans": [{"Node Type": "Gather Merge", "Parent Relationship": "Outer", "Parallel Aware": false, "Startup Cost": 1357311.5, "Total Cost": 1402942.17, "Plan Rows": 299202, "Plan Width": 36, "Workers Planned": 3, "Plans": [{"Node Type": "Aggregate", "Strategy": "Sorted", "Partial Mode": "Partial", "Parent Relationship": "Outer", "Parallel Aware": false, "Startup Cost": 1356311.46, "Total Cost": 1366785.9, "Plan Rows": 99734, "Plan Width": 36, "Group Key": ["lineitem_1.l_suppkey"], "Plans": [{"Node Type": "Sort", "Parent Relationship": "Outer", "Parallel Aware": false, "Startup Cost": 1356311.46, "Total Cost": 1358157.01, "Plan Rows": 738221, "Plan Width": 16, "Sort Key": ["lineitem_1.l_suppkey"], "Plans": [{"Node Type": "Index Scan", "Parent Relationship": "Outer", "Parallel Aware": true, "Scan Direction": "Forward", "Index Name": "idx_lineitem_shipdate", "Relation Name": "lineitem", "Alias": "lineitem_1", "Startup Cost": 0.56, "Total Cost": 1276967.94, "Plan Rows": 738221, "Plan Width": 16, "Index Cond": "((l_shipdate >= '1994-06-01'::date) AND (l_shipdate < '1994-09-01 00:00:00'::timestamp without time zone))"}]}]}]}]}]}, {"Node Type": "Nested Loop", "Parent Relationship": "Outer", "Parallel Aware": false, "Join Type": "Inner", "Startup Cost": 1357311.79, "Total Cost": 1409370.42, "Plan Rows": 499, "Plan Width": 103, "Inner Unique": true, "Plans": [{"Node Type": "Aggregate", "Strategy": "Sorted", "Partial Mode": "Finalize", "Parent Relationship": "Outer", "Parallel Aware": false, "Startup Cost": 1357311.5, "Total Cost": 1408427.54, "Plan Rows": 499, "Plan Width": 36, "Group Key": ["lineitem.l_suppkey"], "Filter": "(sum((lineitem.l_extendedprice * ('1'::numeric - lineitem.l_discount))) = $1)", "Plans": [{"Node Type": "Gather Merge", "Parent Relationship": "Outer", "Parallel Aware": false, "Startup Cost": 1357311.5, "Total Cost": 1402942.17, "Plan Rows": 299202, "Plan Width": 36, "Workers Planned": 3, "Plans": [{"Node Type": "Aggregate", "Strategy": "Sorted", "Partial Mode": "Partial", "Parent Relationship": "Outer", "Parallel Aware": false, "Startup Cost": 1356311.46, "Total Cost": 1366785.9, "Plan Rows": 99734, "Plan Width": 36, "Group Key": ["lineitem.l_suppkey"], "Plans": [{"Node Type": "Sort", "Parent Relationship": "Outer", "Parallel Aware": false, "Startup Cost": 1356311.46, "Total Cost": 1358157.01, "Plan Rows": 738221, "Plan Width": 16, "Sort Key": ["lineitem.l_suppkey"], "Plans": [{"Node Type": "Index Scan", "Parent Relationship": "Outer", "Parallel Aware": true, "Scan Direction": "Forward", "Index Name": "idx_lineitem_shipdate", "Relation Name": "lineitem", "Alias": "lineitem", "Startup Cost": 0.56, "Total Cost": 1276967.94, "Plan Rows": 738221, "Plan Width": 16, "Index Cond": "((l_shipdate >= '1994-06-01'::date) AND (l_shipdate < '1994-09-01 00:00:00'::timestamp without time zone))"}]}]}]}]}, {"Node Type": "Index Scan", "Parent Relationship": "Inner", "Parallel Aware": false, "Scan Direction": "Forward", "Index Name": "supplier_pkey", "Relation Name": "supplier", "Alias": "supplier", "Startup Cost": 0.29, "Total Cost": 1.88, "Plan Rows": 1, "Plan Width": 71, "Index Cond": "(s_suppkey = lineitem.l_suppkey)"}]}]}}, {"Plan": {"Node Type": "Limit", "Parallel Aware": false, "Startup Cost": 3037557.53, "Total Cost": 3037661.96, "Plan Rows": 1, "Plan Width": 103, "Plans": [{"Node Type": "Aggregate", "Strategy": "Plain", "Partial Mode": "Simple", "Parent Relationship": "InitPlan", "Subplan Name": "InitPlan 1 (returns $1)", "Parallel Aware": false, "Startup Cost": 1543962.34, "Total Cost": 1543962.35, "Plan Rows": 1, "Plan Width": 32, "Plans": [{"Node Type": "Aggregate", "Strategy": "Sorted", "Partial Mode": "Finalize", "Parent Relationship": "Outer", "Parallel Aware": false, "Startup Cost": 1493594.3, "Total Cost": 1542715.66, "Plan Rows": 99734, "Plan Width": 36, "Group Key": ["lineitem_1.l_suppkey"], "Plans": [{"Node Type": "Gather Merge", "Parent Relationship": "Outer", "Parallel Aware": false, "Startup Cost": 1493594.3, "Total Cost": 1539224.97, "Plan Rows": 299202, "Plan Width": 36, "Workers Planned": 3, "Plans": [{"Node Type": "Aggregate", "Strategy": "Sorted", "Partial Mode": "Partial", "Parent Relationship": "Outer", "Parallel Aware": false, "Startup Cost": 1492594.26, "Total Cost": 1503068.7, "Plan Rows": 99734, "Plan Width": 36, "Group Key": ["lineitem_1.l_suppkey"], "Plans": [{"Node Type": "Sort", "Parent Relationship": "Outer", "Parallel Aware": false, "Startup Cost": 1492594.26, "Total Cost": 1494439.81, "Plan Rows": 738221, "Plan Width": 16, "Sort Key": ["lineitem_1.l_suppkey"], "Plans": [{"Node Type": "Bitmap Heap Scan", "Parent Relationship": "Outer", "Parallel Aware": true, "Relation Name": "lineitem", "Alias": "lineitem_1", "Startup Cost": 33163.93, "Total Cost": 1413250.74, "Plan Rows": 738221, "Plan Width": 16, "Recheck Cond": "((l_shipdate >= '1994-06-01'::date) AND (l_shipdate < '1994-09-01 00:00:00'::timestamp without time zone))", "Plans": [{"Node Type": "Bitmap Index Scan", "Parent Relationship": "Outer", "Parallel Aware": false, "Index Name": "idx_lineitem_shipdate", "Startup Cost": 0.0, "Total Cost": 32591.81, "Plan Rows": 2288484, "Plan Width": 0, "Index Cond": "((l_shipdate >= '1994-06-01'::date) AND (l_shipdate < '1994-09-01 00:00:00'::timestamp without time zone))"}]}]}]}]}]}]}, {"Node Type": "Nested Loop", "Parent Relationship": "Outer", "Parallel Aware": false, "Join Type": "Inner", "Startup Cost": 1493595.18, "Total Cost": 1545709.59, "Plan Rows": 499, "Plan Width": 103, "Inner Unique": true, "Plans": [{"Node Type": "Aggregate", "Strategy": "Sorted", "Partial Mode": "Finalize", "Parent Relationship": "Outer", "Parallel Aware": false, "Startup Cost": 1493594.3, "Total Cost": 1544710.34, "Plan Rows": 499, "Plan Width": 36, "Group Key": ["lineitem.l_suppkey"], "Filter": "(sum((lineitem.l_extendedprice * ('1'::numeric - lineitem.l_discount))) = $1)", "Plans": [{"Node Type": "Gather Merge", "Parent Relationship": "Outer", "Parallel Aware": false, "Startup Cost": 1493594.3, "Total Cost": 1539224.97, "Plan Rows": 299202, "Plan Width": 36, "Workers Planned": 3, "Plans": [{"Node Type": "Aggregate", "Strategy": "Sorted", "Partial Mode": "Partial", "Parent Relationship": "Outer", "Parallel Aware": false, "Startup Cost": 1492594.26, "Total Cost": 1503068.7, "Plan Rows": 99734, "Plan Width": 36, "Group Key": ["lineitem.l_suppkey"], "Plans": [{"Node Type": "Sort", "Parent Relationship": "Outer", "Parallel Aware": false, "Startup Cost": 1492594.26, "Total Cost": 1494439.81, "Plan Rows": 738221, "Plan Width": 16, "Sort Key": ["lineitem.l_suppkey"], "Plans": [{"Node Type": "Bitmap Heap Scan", "Parent Relationship": "Outer", "Parallel Aware": true, "Relation Name": "lineitem", "Alias": "lineitem", "Startup Cost": 33163.93, "Total Cost": 1413250.74, "Plan Rows": 738221, "Plan Width": 16, "Recheck Cond": "((l_shipdate >= '1994-06-01'::date) AND (l_shipdate < '1994-09-01 00:00:00'::timestamp without time zone))", "Plans": [{"Node Type": "Bitmap Index Scan", "Parent Relationship": "Outer", "Parallel Aware": false, "Index Name": "idx_lineitem_shipdate", "Startup Cost": 0.0, "Total Cost": 32591.81, "Plan Rows": 2288484, "Plan Width": 0, "Index Cond": "((l_shipdate >= '1994-06-01'::date) AND (l_shipdate < '1994-09-01 00:00:00'::timestamp without time zone))"}]}]}]}]}]}, {"Node Type": "Bitmap Heap Scan", "Parent Relationship": "Inner", "Parallel Aware": false, "Relation Name": "supplier", "Alias": "supplier", "Startup Cost": 0.88, "Total Cost": 1.99, "Plan Rows": 1, "Plan Width": 71, "Recheck Cond": "(s_suppkey = lineitem.l_suppkey)", "Plans": [{"Node Type": "Bitmap Index Scan", "Parent Relationship": "Outer", "Parallel Aware": false, "Index Name": "supplier_pkey", "Startup Cost": 0.0, "Total Cost": 0.88, "Plan Rows": 1, "Plan Width": 0, "Index Cond": "(s_suppkey = lineitem.l_suppkey)"}]}]}]}}, {"Plan": {"Node Type": "Limit", "Parallel Aware": false, "Startup Cost": 3049077.47, "Total Cost": 3049180.93, "Plan Rows": 1, "Plan Width": 103, "Plans": [{"Node Type": "Aggregate", "Strategy": "Plain", "Partial Mode": "Simple", "Parent Relationship": "InitPlan", "Subplan Name": "InitPlan 1 (returns $1)", "Parallel Aware": false, "Startup Cost": 1543962.34, "Total Cost": 1543962.35, "Plan Rows": 1, "Plan Width": 32, "Plans": [{"Node Type": "Aggregate", "Strategy": "Sorted", "Partial Mode": "Finalize", "Parent Relationship": "Outer", "Parallel Aware": false, "Startup Cost": 1493594.3, "Total Cost": 1542715.66, "Plan Rows": 99734, "Plan Width": 36, "Group Key": ["lineitem_1.l_suppkey"], "Plans": [{"Node Type": "Gather Merge", "Parent Relationship": "Outer", "Parallel Aware": false, "Startup Cost": 1493594.3, "Total Cost": 1539224.97, "Plan Rows": 299202, "Plan Width": 36, "Workers Planned": 3, "Plans": [{"Node Type": "Aggregate", "Strategy": "Sorted", "Partial Mode": "Partial", "Parent Relationship": "Outer", "Parallel Aware": false, "Startup Cost": 1492594.26, "Total Cost": 1503068.7, "Plan Rows": 99734, "Plan Width": 36, "Group Key": ["lineitem_1.l_suppkey"], "Plans": [{"Node Type": "Sort", "Parent Relationship": "Outer", "Parallel Aware": false, "Startup Cost": 1492594.26, "Total Cost": 1494439.81, "Plan Rows": 738221, "Plan Width": 16, "Sort Key": ["lineitem_1.l_suppkey"], "Plans": [{"Node Type": "Bitmap Heap Scan", "Parent Relationship": "Outer", "Parallel Aware": true, "Relation Name": "lineitem", "Alias": "lineitem_1", "Startup Cost": 33163.93, "Total Cost": 1413250.74, "Plan Rows": 738221, "Plan Width": 16, "Recheck Cond": "((l_shipdate >= '1994-06-01'::date) AND (l_shipdate < '1994-09-01 00:00:00'::timestamp without time zone))", "Plans": [{"Node Type": "Bitmap Index Scan", "Parent Relationship": "Outer", "Parallel Aware": false, "Index Name": "idx_lineitem_shipdate", "Startup Cost": 0.0, "Total Cost": 32591.81, "Plan Rows": 2288484, "Plan Width": 0, "Index Cond": "((l_shipdate >= '1994-06-01'::date) AND (l_shipdate < '1994-09-01 00:00:00'::timestamp without time zone))"}]}]}]}]}]}]}, {"Node Type": "Merge Join", "Parent Relationship": "Outer", "Parallel Aware": false, "Join Type": "Inner", "Startup Cost": 1505115.12, "Total Cost": 1556742.39, "Plan Rows": 499, "Plan Width": 103, "Inner Unique": true, "Merge Cond": "(supplier.s_suppkey = lineitem.l_suppkey)", "Plans": [{"Node Type": "Sort", "Parent Relationship": "Outer", "Parallel Aware": false, "Startup Cost": 11520.82, "Total Cost": 11770.82, "Plan Rows": 100000, "Plan Width": 71, "Sort Key": ["supplier.s_suppkey"], "Plans": [{"Node Type": "Seq Scan", "Parent Relationship": "Outer", "Parallel Aware": false, "Relation Name": "supplier", "Alias": "supplier", "Startup Cost": 0.0, "Total Cost": 3216.0, "Plan Rows": 100000, "Plan Width": 71}]}, {"Node Type": "Aggregate", "Strategy": "Sorted", "Partial Mode": "Finalize", "Parent Relationship": "Inner", "Parallel Aware": false, "Startup Cost": 1493594.3, "Total Cost": 1544710.34, "Plan Rows": 499, "Plan Width": 36, "Group Key": ["lineitem.l_suppkey"], "Filter": "(sum((lineitem.l_extendedprice * ('1'::numeric - lineitem.l_discount))) = $1)", "Plans": [{"Node Type": "Gather Merge", "Parent Relationship": "Outer", "Parallel Aware": false, "Startup Cost": 1493594.3, "Total Cost": 1539224.97, "Plan Rows": 299202, "Plan Width": 36, "Workers Planned": 3, "Plans": [{"Node Type": "Aggregate", "Strategy": "Sorted", "Partial Mode": "Partial", "Parent Relationship": "Outer", "Parallel Aware": false, "Startup Cost": 1492594.26, "Total Cost": 1503068.7, "Plan Rows": 99734, "Plan Width": 36, "Group Key": ["lineitem.l_suppkey"], "Plans": [{"Node Type": "Sort", "Parent Relationship": "Outer", "Parallel Aware": false, "Startup Cost": 1492594.26, "Total Cost": 1494439.81, "Plan Rows": 738221, "Plan Width": 16, "Sort Key": ["lineitem.l_suppkey"], "Plans": [{"Node Type": "Bitmap Heap Scan", "Parent Relationship": "Outer", "Parallel Aware": true, "Relation Name": "lineitem", "Alias": "lineitem", "Startup Cost": 33163.93, "Total Cost": 1413250.74, "Plan Rows": 738221, "Plan Width": 16, "Recheck Cond": "((l_shipdate >= '1994-06-01'::date) AND (l_shipdate < '1994-09-01 00:00:00'::timestamp without time zone))", "Plans": [{"Node Type": "Bitmap Index Scan", "Parent Relationship": "Outer", "Parallel Aware": false, "Index Name": "idx_lineitem_shipdate", "Startup Cost": 0.0, "Total Cost": 32591.81, "Plan Rows": 2288484, "Plan Width": 0, "Index Cond": "((l_shipdate >= '1994-06-01'::date) AND (l_shipdate < '1994-09-01 00:00:00'::timestamp without time zone))"}]}]}]}]}]}]}]}}, {"Plan": {"Node Type": "Limit", "Parallel Aware": false, "Startup Cost": 3037557.53, "Total Cost": 3037661.96, "Plan Rows": 1, "Plan Width": 103, "Plans": [{"Node Type": "Aggregate", "Strategy": "Plain", "Partial Mode": "Simple", "Parent Relationship": "InitPlan", "Subplan Name": "InitPlan 1 (returns $1)", "Parallel Aware": false, "Startup Cost": 1543962.34, "Total Cost": 1543962.35, "Plan Rows": 1, "Plan Width": 32, "Plans": [{"Node Type": "Aggregate", "Strategy": "Sorted", "Partial Mode": "Finalize", "Parent Relationship": "Outer", "Parallel Aware": false, "Startup Cost": 1493594.3, "Total Cost": 1542715.66, "Plan Rows": 99734, "Plan Width": 36, "Group Key": ["lineitem_1.l_suppkey"], "Plans": [{"Node Type": "Gather Merge", "Parent Relationship": "Outer", "Parallel Aware": false, "Startup Cost": 1493594.3, "Total Cost": 1539224.97, "Plan Rows": 299202, "Plan Width": 36, "Workers Planned": 3, "Plans": [{"Node Type": "Aggregate", "Strategy": "Sorted", "Partial Mode": "Partial", "Parent Relationship": "Outer", "Parallel Aware": false, "Startup Cost": 1492594.26, "Total Cost": 1503068.7, "Plan Rows": 99734, "Plan Width": 36, "Group Key": ["lineitem_1.l_suppkey"], "Plans": [{"Node Type": "Sort", "Parent Relationship": "Outer", "Parallel Aware": false, "Startup Cost": 1492594.26, "Total Cost": 1494439.81, "Plan Rows": 738221, "Plan Width": 16, "Sort Key": ["lineitem_1.l_suppkey"], "Plans": [{"Node Type": "Bitmap Heap Scan", "Parent Relationship": "Outer", "Parallel Aware": true, "Relation Name": "lineitem", "Alias": "lineitem_1", "Startup Cost": 33163.93, "Total Cost": 1413250.74, "Plan Rows": 738221, "Plan Width": 16, "Recheck Cond": "((l_shipdate >= '1994-06-01'::date) AND (l_shipdate < '1994-09-01 00:00:00'::timestamp without time zone))", "Plans": [{"Node Type": "Bitmap Index Scan", "Parent Relationship": "Outer", "Parallel Aware": false, "Index Name": "idx_lineitem_shipdate", "Startup Cost": 0.0, "Total Cost": 32591.81, "Plan Rows": 2288484, "Plan Width": 0, "Index Cond": "((l_shipdate >= '1994-06-01'::date) AND (l_shipdate < '1994-09-01 00:00:00'::timestamp without time zone))"}]}]}]}]}]}]}, {"Node Type": "Nested Loop", "Parent Relationship": "Outer", "Parallel Aware": false, "Join Type": "Inner", "Startup Cost": 1493595.18, "Total Cost": 1545709.59, "Plan Rows": 499, "Plan Width": 103, "Inner Unique": true, "Plans": [{"Node Type": "Aggregate", "Strategy": "Sorted", "Partial Mode": "Finalize", "Parent Relationship": "Outer", "Parallel Aware": false, "Startup Cost": 1493594.3, "Total Cost": 1544710.34, "Plan Rows": 499, "Plan Width": 36, "Group Key": ["lineitem.l_suppkey"], "Filter": "(sum((lineitem.l_extendedprice * ('1'::numeric - lineitem.l_discount))) = $1)", "Plans": [{"Node Type": "Gather Merge", "Parent Relationship": "Outer", "Parallel Aware": false, "Startup Cost": 1493594.3, "Total Cost": 1539224.97, "Plan Rows": 299202, "Plan Width": 36, "Workers Planned": 3, "Plans": [{"Node Type": "Aggregate", "Strategy": "Sorted", "Partial Mode": "Partial", "Parent Relationship": "Outer", "Parallel Aware": false, "Startup Cost": 1492594.26, "Total Cost": 1503068.7, "Plan Rows": 99734, "Plan Width": 36, "Group Key": ["lineitem.l_suppkey"], "Plans": [{"Node Type": "Sort", "Parent Relationship": "Outer", "Parallel Aware": false, "Startup Cost": 1492594.26, "Total Cost": 1494439.81, "Plan Rows": 738221, "Plan Width": 16, "Sort Key": ["lineitem.l_suppkey"], "Plans": [{"Node Type": "Bitmap Heap Scan", "Parent Relationship": "Outer", "Parallel Aware": true, "Relation Name": "lineitem", "Alias": "lineitem", "Startup Cost": 33163.93, "Total Cost": 1413250.74, "Plan Rows": 738221, "Plan Width": 16, "Recheck Cond": "((l_shipdate >= '1994-06-01'::date) AND (l_shipdate < '1994-09-01 00:00:00'::timestamp without time zone))", "Plans": [{"Node Type": "Bitmap Index Scan", "Parent Relationship": "Outer", "Parallel Aware": false, "Index Name": "idx_lineitem_shipdate", "Startup Cost": 0.0, "Total Cost": 32591.81, "Plan Rows": 2288484, "Plan Width": 0, "Index Cond": "((l_shipdate >= '1994-06-01'::date) AND (l_shipdate < '1994-09-01 00:00:00'::timestamp without time zone))"}]}]}]}]}]}, {"Node Type": "Bitmap Heap Scan", "Parent Relationship": "Inner", "Parallel Aware": false, "Relation Name": "supplier", "Alias": "supplier", "Startup Cost": 0.88, "Total Cost": 1.99, "Plan Rows": 1, "Plan Width": 71, "Recheck Cond": "(s_suppkey = lineitem.l_suppkey)", "Plans": [{"Node Type": "Bitmap Index Scan", "Parent Relationship": "Outer", "Parallel Aware": false, "Index Name": "supplier_pkey", "Startup Cost": 0.0, "Total Cost": 0.88, "Plan Rows": 1, "Plan Width": 0, "Index Cond": "(s_suppkey = lineitem.l_suppkey)"}]}]}]}}, {"Plan": {"Node Type": "Limit", "Parallel Aware": false, "Startup Cost": 2764991.34, "Total Cost": 2765095.67, "Plan Rows": 1, "Plan Width": 103, "Plans": [{"Node Type": "Aggregate", "Strategy": "Plain", "Partial Mode": "Simple", "Parent Relationship": "InitPlan", "Subplan Name": "InitPlan 1 (returns $1)", "Parallel Aware": false, "Startup Cost": 1407679.54, "Total Cost": 1407679.55, "Plan Rows": 1, "Plan Width": 32, "Plans": [{"Node Type": "Aggregate", "Strategy": "Sorted", "Partial Mode": "Finalize", "Parent Relationship": "Outer", "Parallel Aware": false, "Startup Cost": 1357311.5, "Total Cost": 1406432.86, "Plan Rows": 99734, "Plan Width": 36, "Group Key": ["lineitem_1.l_suppkey"], "Plans": [{"Node Type": "Gather Merge", "Parent Relationship": "Outer", "Parallel Aware": false, "Startup Cost": 1357311.5, "Total Cost": 1402942.17, "Plan Rows": 299202, "Plan Width": 36, "Workers Planned": 3, "Plans": [{"Node Type": "Aggregate", "Strategy": "Sorted", "Partial Mode": "Partial", "Parent Relationship": "Outer", "Parallel Aware": false, "Startup Cost": 1356311.46, "Total Cost": 1366785.9, "Plan Rows": 99734, "Plan Width": 36, "Group Key": ["lineitem_1.l_suppkey"], "Plans": [{"Node Type": "Sort", "Parent Relationship": "Outer", "Parallel Aware": false, "Startup Cost": 1356311.46, "Total Cost": 1358157.01, "Plan Rows": 738221, "Plan Width": 16, "Sort Key": ["lineitem_1.l_suppkey"], "Plans": [{"Node Type": "Index Scan", "Parent Relationship": "Outer", "Parallel Aware": true, "Scan Direction": "Forward", "Index Name": "idx_lineitem_shipdate", "Relation Name": "lineitem", "Alias": "lineitem_1", "Startup Cost": 0.56, "Total Cost": 1276967.94, "Plan Rows": 738221, "Plan Width": 16, "Index Cond": "((l_shipdate >= '1994-06-01'::date) AND (l_shipdate < '1994-09-01 00:00:00'::timestamp without time zone))"}]}]}]}]}]}, {"Node Type": "Nested Loop", "Parent Relationship": "Outer", "Parallel Aware": false, "Join Type": "Inner", "Startup Cost": 1357311.79, "Total Cost": 1409370.42, "Plan Rows": 499, "Plan Width": 103, "Inner Unique": true, "Plans": [{"Node Type": "Aggregate", "Strategy": "Sorted", "Partial Mode": "Finalize", "Parent Relationship": "Outer", "Parallel Aware": false, "Startup Cost": 1357311.5, "Total Cost": 1408427.54, "Plan Rows": 499, "Plan Width": 36, "Group Key": ["lineitem.l_suppkey"], "Filter": "(sum((lineitem.l_extendedprice * ('1'::numeric - lineitem.l_discount))) = $1)", "Plans": [{"Node Type": "Gather Merge", "Parent Relationship": "Outer", "Parallel Aware": false, "Startup Cost": 1357311.5, "Total Cost": 1402942.17, "Plan Rows": 299202, "Plan Width": 36, "Workers Planned": 3, "Plans": [{"Node Type": "Aggregate", "Strategy": "Sorted", "Partial Mode": "Partial", "Parent Relationship": "Outer", "Parallel Aware": false, "Startup Cost": 1356311.46, "Total Cost": 1366785.9, "Plan Rows": 99734, "Plan Width": 36, "Group Key": ["lineitem.l_suppkey"], "Plans": [{"Node Type": "Sort", "Parent Relationship": "Outer", "Parallel Aware": false, "Startup Cost": 1356311.46, "Total Cost": 1358157.01, "Plan Rows": 738221, "Plan Width": 16, "Sort Key": ["lineitem.l_suppkey"], "Plans": [{"Node Type": "Index Scan", "Parent Relationship": "Outer", "Parallel Aware": true, "Scan Direction": "Forward", "Index Name": "idx_lineitem_shipdate", "Relation Name": "lineitem", "Alias": "lineitem", "Startup Cost": 0.56, "Total Cost": 1276967.94, "Plan Rows": 738221, "Plan Width": 16, "Index Cond": "((l_shipdate >= '1994-06-01'::date) AND (l_shipdate < '1994-09-01 00:00:00'::timestamp without time zone))"}]}]}]}]}, {"Node Type": "Index Scan", "Parent Relationship": "Inner", "Parallel Aware": false, "Scan Direction": "Forward", "Index Name": "supplier_pkey", "Relation Name": "supplier", "Alias": "supplier", "Startup Cost": 0.29, "Total Cost": 1.88, "Plan Rows": 1, "Plan Width": 71, "Index Cond": "(s_suppkey = lineitem.l_suppkey)"}]}]}}]