[{"Plan": {"Node Type": "Limit", "Parallel Aware": false, "Startup Cost": 10003039979.45, "Total Cost": 10003040084.07, "Plan Rows": 1, "Plan Width": 103, "Plans": [{"Node Type": "Aggregate", "Strategy": "Plain", "Partial Mode": "Simple", "Parent Relationship": "InitPlan", "Subplan Name": "InitPlan 1 (returns $1)", "Parallel Aware": false, "Startup Cost": 1545218.4, "Total Cost": 1545218.41, "Plan Rows": 1, "Plan Width": 32, "Plans": [{"Node Type": "Aggregate", "Strategy": "Sorted", "Partial Mode": "Finalize", "Parent Relationship": "Outer", "Parallel Aware": false, "Startup Cost": 1494760.16, "Total Cost": 1543971.72, "Plan Rows": 99734, "Plan Width": 36, "Group Key": ["lineitem_1.l_suppkey"], "Plans": [{"Node Type": "Gather Merge", "Parent Relationship": "Outer", "Parallel Aware": false, "Startup Cost": 1494760.16, "Total Cost": 1540481.03, "Plan Rows": 299202, "Plan Width": 36, "Workers Planned": 3, "Plans": [{"Node Type": "Aggregate", "Strategy": "Sorted", "Partial Mode": "Partial", "Parent Relationship": "Outer", "Parallel Aware": false, "Startup Cost": 1493760.12, "Total Cost": 1504324.76, "Plan Rows": 99734, "Plan Width": 36, "Group Key": ["lineitem_1.l_suppkey"], "Plans": [{"Node Type": "Sort", "Parent Relationship": "Outer", "Parallel Aware": false, "Startup Cost": 1493760.12, "Total Cost": 1495623.71, "Plan Rows": 745437, "Plan Width": 16, "Sort Key": ["lineitem_1.l_suppkey"], "Plans": [{"Node Type": "Bitmap Heap Scan", "Parent Relationship": "Outer", "Parallel Aware": true, "Relation Name": "lineitem", "Alias": "lineitem_1", "Startup Cost": 33488.94, "Total Cost": 1413589.21, "Plan Rows": 745437, "Plan Width": 16, "Recheck Cond": "((l_shipdate >= '1993-04-01'::date) AND (l_shipdate < '1993-07-01 00:00:00'::timestamp without time zone))", "Plans": [{"Node Type": "Bitmap Index Scan", "Parent Relationship": "Outer", "Parallel Aware": false, "Index Name": "idx_lineitem_shipdate", "Startup Cost": 0.0, "Total Cost": 32911.23, "Plan Rows": 2310856, "Plan Width": 0, "Index Cond": "((l_shipdate >= '1993-04-01'::date) AND (l_shipdate < '1993-07-01 00:00:00'::timestamp without time zone))"}]}]}]}]}]}]}, {"Node Type": "Nested Loop", "Parent Relationship": "Outer", "Parallel Aware": false, "Join Type": "Inner", "Startup Cost": 10001494761.04, "Total Cost": 10001546965.66, "Plan Rows": 499, "Plan Width": 103, "Inner Unique": true, "Plans": [{"Node Type": "Aggregate", "Strategy": "Sorted", "Partial Mode": "Finalize", "Parent Relationship": "Outer", "Parallel Aware": false, "Startup Cost": 1494760.16, "Total Cost": 1545966.4, "Plan Rows": 499, "Plan Width": 36, "Group Key": ["lineitem.l_suppkey"], "Filter": "(sum((lineitem.l_extendedprice * ('1'::numeric - lineitem.l_discount))) = $1)", "Plans": [{"Node Type": "Gather Merge", "Parent Relationship": "Outer", "Parallel Aware": false, "Startup Cost": 1494760.16, "Total Cost": 1540481.03, "Plan Rows": 299202, "Plan Width": 36, "Workers Planned": 3, "Plans": [{"Node Type": "Aggregate", "Strategy": "Sorted", "Partial Mode": "Partial", "Parent Relationship": "Outer", "Parallel Aware": false, "Startup Cost": 1493760.12, "Total Cost": 1504324.76, "Plan Rows": 99734, "Plan Width": 36, "Group Key": ["lineitem.l_suppkey"], "Plans": [{"Node Type": "Sort", "Parent Relationship": "Outer", "Parallel Aware": false, "Startup Cost": 1493760.12, "Total Cost": 1495623.71, "Plan Rows": 745437, "Plan Width": 16, "Sort Key": ["lineitem.l_suppkey"], "Plans": [{"Node Type": "Bitmap Heap Scan", "Parent Relationship": "Outer", "Parallel Aware": true, "Relation Name": "lineitem", "Alias": "lineitem", "Startup Cost": 33488.94, "Total Cost": 1413589.21, "Plan Rows": 745437, "Plan Width": 16, "Recheck Cond": "((l_shipdate >= '1993-04-01'::date) AND (l_shipdate < '1993-07-01 00:00:00'::timestamp without time zone))", "Plans": [{"Node Type": "Bitmap Index Scan", "Parent Relationship": "Outer", "Parallel Aware": false, "Index Name": "idx_lineitem_shipdate", "Startup Cost": 0.0, "Total Cost": 32911.23, "Plan Rows": 2310856, "Plan Width": 0, "Index Cond": "((l_shipdate >= '1993-04-01'::date) AND (l_shipdate < '1993-07-01 00:00:00'::timestamp without time zone))"}]}]}]}]}]}, {"Node Type": "Bitmap Heap Scan", "Parent Relationship": "Inner", "Parallel Aware": false, "Relation Name": "supplier", "Alias": "supplier", "Startup Cost": 0.88, "Total Cost": 1.99, "Plan Rows": 1, "Plan Width": 71, "Recheck Cond": "(s_suppkey = lineitem.l_suppkey)", "Plans": [{"Node Type": "Bitmap Index Scan", "Parent Relationship": "Outer", "Parallel Aware": false, "Index Name": "supplier_pkey", "Startup Cost": 0.0, "Total Cost": 0.88, "Plan Rows": 1, "Plan Width": 0, "Index Cond": "(s_suppkey = lineitem.l_suppkey)"}]}]}]}}, {"Plan": {"Node Type": "Limit", "Parallel Aware": false, "Startup Cost": 2824004.34, "Total Cost": 2824004.34, "Plan Rows": 1, "Plan Width": 103, "Plans": [{"Node Type": "Aggregate", "Strategy": "Plain", "Partial Mode": "Simple", "Parent Relationship": "InitPlan", "Subplan Name": "InitPlan 1 (returns $1)", "Parallel Aware": false, "Startup Cost": 1408988.72, "Total Cost": 1408988.73, "Plan Rows": 1, "Plan Width": 32, "Plans": [{"Node Type": "Aggregate", "Strategy": "Sorted", "Partial Mode": "Finalize", "Parent Relationship": "Outer", "Parallel Aware": false, "Startup Cost": 1358530.48, "Total Cost": 1407742.04, "Plan Rows": 99734, "Plan Width": 36, "Group Key": ["lineitem_1.l_suppkey"], "Plans": [{"Node Type": "Gather Merge", "Parent Relationship": "Outer", "Parallel Aware": false, "Startup Cost": 1358530.48, "Total Cost": 1404251.35, "Plan Rows": 299202, "Plan Width": 36, "Workers Planned": 3, "Plans": [{"Node Type": "Aggregate", "Strategy": "Sorted", "Partial Mode": "Partial", "Parent Relationship": "Outer", "Parallel Aware": false, "Startup Cost": 1357530.44, "Total Cost": 1368095.08, "Plan Rows": 99734, "Plan Width": 36, "Group Key": ["lineitem_1.l_suppkey"], "Plans": [{"Node Type": "Sort", "Parent Relationship": "Outer", "Parallel Aware": false, "Startup Cost": 1357530.44, "Total Cost": 1359394.03, "Plan Rows": 745437, "Plan Width": 16, "Sort Key": ["lineitem_1.l_suppkey"], "Plans": [{"Node Type": "Index Scan", "Parent Relationship": "Outer", "Parallel Aware": true, "Scan Direction": "Forward", "Index Name": "idx_lineitem_shipdate", "Relation Name": "lineitem", "Alias": "lineitem_1", "Startup Cost": 0.56, "Total Cost": 1277359.53, "Plan Rows": 745437, "Plan Width": 16, "Index Cond": "((l_shipdate >= '1993-04-01'::date) AND (l_shipdate < '1993-07-01 00:00:00'::timestamp without time zone))"}]}]}]}]}]}, {"Node Type": "Sort", "Parent Relationship": "Outer", "Parallel Aware": false, "Startup Cost": 1415015.61, "Total Cost": 1415016.86, "Plan Rows": 499, "Plan Width": 103, "Sort Key": ["supplier.s_suppkey"], "Plans": [{"Node Type": "Hash Join", "Parent Relationship": "Outer", "Parallel Aware": false, "Join Type": "Inner", "Startup Cost": 1363800.58, "Total Cost": 1415013.12, "Plan Rows": 499, "Plan Width": 103, "Inner Unique": true, "Hash Cond": "(lineitem.l_suppkey = supplier.s_suppkey)", "Plans": [{"Node Type": "Aggregate", "Strategy": "Sorted", "Partial Mode": "Finalize", "Parent Relationship": "Outer", "Parallel Aware": false, "Startup Cost": 1358530.48, "Total Cost": 1409736.72, "Plan Rows": 499, "Plan Width": 36, "Group Key": ["lineitem.l_suppkey"], "Filter": "(sum((lineitem.l_extendedprice * ('1'::numeric - lineitem.l_discount))) = $1)", "Plans": [{"Node Type": "Gather Merge", "Parent Relationship": "Outer", "Parallel Aware": false, "Startup Cost": 1358530.48, "Total Cost": 1404251.35, "Plan Rows": 299202, "Plan Width": 36, "Workers Planned": 3, "Plans": [{"Node Type": "Aggregate", "Strategy": "Sorted", "Partial Mode": "Partial", "Parent Relationship": "Outer", "Parallel Aware": false, "Startup Cost": 1357530.44, "Total Cost": 1368095.08, "Plan Rows": 99734, "Plan Width": 36, "Group Key": ["lineitem.l_suppkey"], "Plans": [{"Node Type": "Sort", "Parent Relationship": "Outer", "Parallel Aware": false, "Startup Cost": 1357530.44, "Total Cost": 1359394.03, "Plan Rows": 745437, "Plan Width": 16, "Sort Key": ["lineitem.l_suppkey"], "Plans": [{"Node Type": "Index Scan", "Parent Relationship": "Outer", "Parallel Aware": true, "Scan Direction": "Forward", "Index Name": "idx_lineitem_shipdate", "Relation Name": "lineitem", "Alias": "lineitem", "Startup Cost": 0.56, "Total Cost": 1277359.53, "Plan Rows": 745437, "Plan Width": 16, "Index Cond": "((l_shipdate >= '1993-04-01'::date) AND (l_shipdate < '1993-07-01 00:00:00'::timestamp without time zone))"}]}]}]}]}, {"Node Type": "Hash", "Parent Relationship": "Inner", "Parallel Aware": false, "Startup Cost": 4020.1, "Total Cost": 4020.1, "Plan Rows": 100000, "Plan Width": 71, "Plans": [{"Node Type": "Index Scan", "Parent Relationship": "Outer", "Parallel Aware": false, "Scan Direction": "Forward", "Index Name": "supplier_pkey", "Relation Name": "supplier", "Alias": "supplier", "Startup Cost": 0.29, "Total Cost": 4020.1, "Plan Rows": 100000, "Plan Width": 71}]}]}]}]}}, {"Plan": {"Node Type": "Limit", "Parallel Aware": false, "Startup Cost": 2767519.5, "Total Cost": 2767630.7, "Plan Rows": 1, "Plan Width": 103, "Plans": [{"Node Type": "Aggregate", "Strategy": "Plain", "Partial Mode": "Simple", "Parent Relationship": "InitPlan", "Subplan Name": "InitPlan 1 (returns $1)", "Parallel Aware": false, "Startup Cost": 1408988.72, "Total Cost": 1408988.73, "Plan Rows": 1, "Plan Width": 32, "Plans": [{"Node Type": "Aggregate", "Strategy": "Sorted", "Partial Mode": "Finalize", "Parent Relationship": "Outer", "Parallel Aware": false, "Startup Cost": 1358530.48, "Total Cost": 1407742.04, "Plan Rows": 99734, "Plan Width": 36, "Group Key": ["lineitem_1.l_suppkey"], "Plans": [{"Node Type": "Gather Merge", "Parent Relationship": "Outer", "Parallel Aware": false, "Startup Cost": 1358530.48, "Total Cost": 1404251.35, "Plan Rows": 299202, "Plan Width": 36, "Workers Planned": 3, "Plans": [{"Node Type": "Aggregate", "Strategy": "Sorted", "Partial Mode": "Partial", "Parent Relationship": "Outer", "Parallel Aware": false, "Startup Cost": 1357530.44, "Total Cost": 1368095.08, "Plan Rows": 99734, "Plan Width": 36, "Group Key": ["lineitem_1.l_suppkey"], "Plans": [{"Node Type": "Sort", "Parent Relationship": "Outer", "Parallel Aware": false, "Startup Cost": 1357530.44, "Total Cost": 1359394.03, "Plan Rows": 745437, "Plan Width": 16, "Sort Key": ["lineitem_1.l_suppkey"], "Plans": [{"Node Type": "Index Scan", "Parent Relationship": "Outer", "Parallel Aware": true, "Scan Direction": "Forward", "Index Name": "idx_lineitem_shipdate", "Relation Name": "lineitem", "Alias": "lineitem_1", "Startup Cost": 0.56, "Total Cost": 1277359.53, "Plan Rows": 745437, "Plan Width": 16, "Index Cond": "((l_shipdate >= '1993-04-01'::date) AND (l_shipdate < '1993-07-01 00:00:00'::timestamp without time zone))"}]}]}]}]}]}, {"Node Type": "Merge Join", "Parent Relationship": "Outer", "Parallel Aware": false, "Join Type": "Inner", "Startup Cost": 1358530.77, "Total Cost": 1414018.05, "Plan Rows": 499, "Plan Width": 103, "Inner Unique": true, "Merge Cond": "(supplier.s_suppkey = lineitem.l_suppkey)", "Plans": [{"Node Type": "Index Scan", "Parent Relationship": "Outer", "Parallel Aware": false, "Scan Direction": "Forward", "Index Name": "supplier_pkey", "Relation Name": "supplier", "Alias": "supplier", "Startup Cost": 0.29, "Total Cost": 4020.1, "Plan Rows": 100000, "Plan Width": 71}, {"Node Type": "Aggregate", "Strategy": "Sorted", "Partial Mode": "Finalize", "Parent Relationship": "Inner", "Parallel Aware": false, "Startup Cost": 1358530.48, "Total Cost": 1409736.72, "Plan Rows": 499, "Plan Width": 36, "Group Key": ["lineitem.l_suppkey"], "Filter": "(sum((lineitem.l_extendedprice * ('1'::numeric - lineitem.l_discount))) = $1)", "Plans": [{"Node Type": "Gather Merge", "Parent Relationship": "Outer", "Parallel Aware": false, "Startup Cost": 1358530.48, "Total Cost": 1404251.35, "Plan Rows": 299202, "Plan Width": 36, "Workers Planned": 3, "Plans": [{"Node Type": "Aggregate", "Strategy": "Sorted", "Partial Mode": "Partial", "Parent Relationship": "Outer", "Parallel Aware": false, "Startup Cost": 1357530.44, "Total Cost": 1368095.08, "Plan Rows": 99734, "Plan Width": 36, "Group Key": ["lineitem.l_suppkey"], "Plans": [{"Node Type": "Sort", "Parent Relationship": "Outer", "Parallel Aware": false, "Startup Cost": 1357530.44, "Total Cost": 1359394.03, "Plan Rows": 745437, "Plan Width": 16, "Sort Key": ["lineitem.l_suppkey"], "Plans": [{"Node Type": "Index Scan", "Parent Relationship": "Outer", "Parallel Aware": true, "Scan Direction": "Forward", "Index Name": "idx_lineitem_shipdate", "Relation Name": "lineitem", "Alias": "lineitem", "Startup Cost": 0.56, "Total Cost": 1277359.53, "Plan Rows": 745437, "Plan Width": 16, "Index Cond": "((l_shipdate >= '1993-04-01'::date) AND (l_shipdate < '1993-07-01 00:00:00'::timestamp without time zone))"}]}]}]}]}]}]}}, {"Plan": {"Node Type": "Limit", "Parallel Aware": false, "Startup Cost": 2767519.5, "Total Cost": 2767624.0, "Plan Rows": 1, "Plan Width": 103, "Plans": [{"Node Type": "Aggregate", "Strategy": "Plain", "Partial Mode": "Simple", "Parent Relationship": "InitPlan", "Subplan Name": "InitPlan 1 (returns $1)", "Parallel Aware": false, "Startup Cost": 1408988.72, "Total Cost": 1408988.73, "Plan Rows": 1, "Plan Width": 32, "Plans": [{"Node Type": "Aggregate", "Strategy": "Sorted", "Partial Mode": "Finalize", "Parent Relationship": "Outer", "Parallel Aware": false, "Startup Cost": 1358530.48, "Total Cost": 1407742.04, "Plan Rows": 99734, "Plan Width": 36, "Group Key": ["lineitem_1.l_suppkey"], "Plans": [{"Node Type": "Gather Merge", "Parent Relationship": "Outer", "Parallel Aware": false, "Startup Cost": 1358530.48, "Total Cost": 1404251.35, "Plan Rows": 299202, "Plan Width": 36, "Workers Planned": 3, "Plans": [{"Node Type": "Aggregate", "Strategy": "Sorted", "Partial Mode": "Partial", "Parent Relationship": "Outer", "Parallel Aware": false, "Startup Cost": 1357530.44, "Total Cost": 1368095.08, "Plan Rows": 99734, "Plan Width": 36, "Group Key": ["lineitem_1.l_suppkey"], "Plans": [{"Node Type": "Sort", "Parent Relationship": "Outer", "Parallel Aware": false, "Startup Cost": 1357530.44, "Total Cost": 1359394.03, "Plan Rows": 745437, "Plan Width": 16, "Sort Key": ["lineitem_1.l_suppkey"], "Plans": [{"Node Type": "Index Scan", "Parent Relationship": "Outer", "Parallel Aware": true, "Scan Direction": "Forward", "Index Name": "idx_lineitem_shipdate", "Relation Name": "lineitem", "Alias": "lineitem_1", "Startup Cost": 0.56, "Total Cost": 1277359.53, "Plan Rows": 745437, "Plan Width": 16, "Index Cond": "((l_shipdate >= '1993-04-01'::date) AND (l_shipdate < '1993-07-01 00:00:00'::timestamp without time zone))"}]}]}]}]}]}, {"Node Type": "Nested Loop", "Parent Relationship": "Outer", "Parallel Aware": false, "Join Type": "Inner", "Startup Cost": 1358530.77, "Total Cost": 1410679.6, "Plan Rows": 499, "Plan Width": 103, "Inner Unique": true, "Plans": [{"Node Type": "Aggregate", "Strategy": "Sorted", "Partial Mode": "Finalize", "Parent Relationship": "Outer", "Parallel Aware": false, "Startup Cost": 1358530.48, "Total Cost": 1409736.72, "Plan Rows": 499, "Plan Width": 36, "Group Key": ["lineitem.l_suppkey"], "Filter": "(sum((lineitem.l_extendedprice * ('1'::numeric - lineitem.l_discount))) = $1)", "Plans": [{"Node Type": "Gather Merge", "Parent Relationship": "Outer", "Parallel Aware": false, "Startup Cost": 1358530.48, "Total Cost": 1404251.35, "Plan Rows": 299202, "Plan Width": 36, "Workers Planned": 3, "Plans": [{"Node Type": "Aggregate", "Strategy": "Sorted", "Partial Mode": "Partial", "Parent Relationship": "Outer", "Parallel Aware": false, "Startup Cost": 1357530.44, "Total Cost": 1368095.08, "Plan Rows": 99734, "Plan Width": 36, "Group Key": ["lineitem.l_suppkey"], "Plans": [{"Node Type": "Sort", "Parent Relationship": "Outer", "Parallel Aware": false, "Startup Cost": 1357530.44, "Total Cost": 1359394.03, "Plan Rows": 745437, "Plan Width": 16, "Sort Key": ["lineitem.l_suppkey"], "Plans": [{"Node Type": "Index Scan", "Parent Relationship": "Outer", "Parallel Aware": true, "Scan Direction": "Forward", "Index Name": "idx_lineitem_shipdate", "Relation Name": "lineitem", "Alias": "lineitem", "Startup Cost": 0.56, "Total Cost": 1277359.53, "Plan Rows": 745437, "Plan Width": 16, "Index Cond": "((l_shipdate >= '1993-04-01'::date) AND (l_shipdate < '1993-07-01 00:00:00'::timestamp without time zone))"}]}]}]}]}, {"Node Type": "Index Scan", "Parent Relationship": "Inner", "Parallel Aware": false, "Scan Direction": "Forward", "Index Name": "supplier_pkey", "Relation Name": "supplier", "Alias": "supplier", "Startup Cost": 0.29, "Total Cost": 1.88, "Plan Rows": 1, "Plan Width": 71, "Index Cond": "(s_suppkey = lineitem.l_suppkey)"}]}]}}, {"Plan": {"Node Type": "Limit", "Parallel Aware": false, "Startup Cost": 2767519.5, "Total Cost": 2767630.7, "Plan Rows": 1, "Plan Width": 103, "Plans": [{"Node Type": "Aggregate", "Strategy": "Plain", "Partial Mode": "Simple", "Parent Relationship": "InitPlan", "Subplan Name": "InitPlan 1 (returns $1)", "Parallel Aware": false, "Startup Cost": 1408988.72, "Total Cost": 1408988.73, "Plan Rows": 1, "Plan Width": 32, "Plans": [{"Node Type": "Aggregate", "Strategy": "Sorted", "Partial Mode": "Finalize", "Parent Relationship": "Outer", "Parallel Aware": false, "Startup Cost": 1358530.48, "Total Cost": 1407742.04, "Plan Rows": 99734, "Plan Width": 36, "Group Key": ["lineitem_1.l_suppkey"], "Plans": [{"Node Type": "Gather Merge", "Parent Relationship": "Outer", "Parallel Aware": false, "Startup Cost": 1358530.48, "Total Cost": 1404251.35, "Plan Rows": 299202, "Plan Width": 36, "Workers Planned": 3, "Plans": [{"Node Type": "Aggregate", "Strategy": "Sorted", "Partial Mode": "Partial", "Parent Relationship": "Outer", "Parallel Aware": false, "Startup Cost": 1357530.44, "Total Cost": 1368095.08, "Plan Rows": 99734, "Plan Width": 36, "Group Key": ["lineitem_1.l_suppkey"], "Plans": [{"Node Type": "Sort", "Parent Relationship": "Outer", "Parallel Aware": false, "Startup Cost": 1357530.44, "Total Cost": 1359394.03, "Plan Rows": 745437, "Plan Width": 16, "Sort Key": ["lineitem_1.l_suppkey"], "Plans": [{"Node Type": "Index Scan", "Parent Relationship": "Outer", "Parallel Aware": true, "Scan Direction": "Forward", "Index Name": "idx_lineitem_shipdate", "Relation Name": "lineitem", "Alias": "lineitem_1", "Startup Cost": 0.56, "Total Cost": 1277359.53, "Plan Rows": 745437, "Plan Width": 16, "Index Cond": "((l_shipdate >= '1993-04-01'::date) AND (l_shipdate < '1993-07-01 00:00:00'::timestamp without time zone))"}]}]}]}]}]}, {"Node Type": "Merge Join", "Parent Relationship": "Outer", "Parallel Aware": false, "Join Type": "Inner", "Startup Cost": 1358530.77, "Total Cost": 1414018.05, "Plan Rows": 499, "Plan Width": 103, "Inner Unique": true, "Merge Cond": "(supplier.s_suppkey = lineitem.l_suppkey)", "Plans": [{"Node Type": "Index Scan", "Parent Relationship": "Outer", "Parallel Aware": false, "Scan Direction": "Forward", "Index Name": "supplier_pkey", "Relation Name": "supplier", "Alias": "supplier", "Startup Cost": 0.29, "Total Cost": 4020.1, "Plan Rows": 100000, "Plan Width": 71}, {"Node Type": "Aggregate", "Strategy": "Sorted", "Partial Mode": "Finalize", "Parent Relationship": "Inner", "Parallel Aware": false, "Startup Cost": 1358530.48, "Total Cost": 1409736.72, "Plan Rows": 499, "Plan Width": 36, "Group Key": ["lineitem.l_suppkey"], "Filter": "(sum((lineitem.l_extendedprice * ('1'::numeric - lineitem.l_discount))) = $1)", "Plans": [{"Node Type": "Gather Merge", "Parent Relationship": "Outer", "Parallel Aware": false, "Startup Cost": 1358530.48, "Total Cost": 1404251.35, "Plan Rows": 299202, "Plan Width": 36, "Workers Planned": 3, "Plans": [{"Node Type": "Aggregate", "Strategy": "Sorted", "Partial Mode": "Partial", "Parent Relationship": "Outer", "Parallel Aware": false, "Startup Cost": 1357530.44, "Total Cost": 1368095.08, "Plan Rows": 99734, "Plan Width": 36, "Group Key": ["lineitem.l_suppkey"], "Plans": [{"Node Type": "Sort", "Parent Relationship": "Outer", "Parallel Aware": false, "Startup Cost": 1357530.44, "Total Cost": 1359394.03, "Plan Rows": 745437, "Plan Width": 16, "Sort Key": ["lineitem.l_suppkey"], "Plans": [{"Node Type": "Index Scan", "Parent Relationship": "Outer", "Parallel Aware": true, "Scan Direction": "Forward", "Index Name": "idx_lineitem_shipdate", "Relation Name": "lineitem", "Alias": "lineitem", "Startup Cost": 0.56, "Total Cost": 1277359.53, "Plan Rows": 745437, "Plan Width": 16, "Index Cond": "((l_shipdate >= '1993-04-01'::date) AND (l_shipdate < '1993-07-01 00:00:00'::timestamp without time zone))"}]}]}]}]}]}]}}, {"Plan": {"Node Type": "Limit", "Parallel Aware": false, "Startup Cost": 2767519.5, "Total Cost": 2767624.0, "Plan Rows": 1, "Plan Width": 103, "Plans": [{"Node Type": "Aggregate", "Strategy": "Plain", "Partial Mode": "Simple", "Parent Relationship": "InitPlan", "Subplan Name": "InitPlan 1 (returns $1)", "Parallel Aware": false, "Startup Cost": 1408988.72, "Total Cost": 1408988.73, "Plan Rows": 1, "Plan Width": 32, "Plans": [{"Node Type": "Aggregate", "Strategy": "Sorted", "Partial Mode": "Finalize", "Parent Relationship": "Outer", "Parallel Aware": false, "Startup Cost": 1358530.48, "Total Cost": 1407742.04, "Plan Rows": 99734, "Plan Width": 36, "Group Key": ["lineitem_1.l_suppkey"], "Plans": [{"Node Type": "Gather Merge", "Parent Relationship": "Outer", "Parallel Aware": false, "Startup Cost": 1358530.48, "Total Cost": 1404251.35, "Plan Rows": 299202, "Plan Width": 36, "Workers Planned": 3, "Plans": [{"Node Type": "Aggregate", "Strategy": "Sorted", "Partial Mode": "Partial", "Parent Relationship": "Outer", "Parallel Aware": false, "Startup Cost": 1357530.44, "Total Cost": 1368095.08, "Plan Rows": 99734, "Plan Width": 36, "Group Key": ["lineitem_1.l_suppkey"], "Plans": [{"Node Type": "Sort", "Parent Relationship": "Outer", "Parallel Aware": false, "Startup Cost": 1357530.44, "Total Cost": 1359394.03, "Plan Rows": 745437, "Plan Width": 16, "Sort Key": ["lineitem_1.l_suppkey"], "Plans": [{"Node Type": "Index Scan", "Parent Relationship": "Outer", "Parallel Aware": true, "Scan Direction": "Forward", "Index Name": "idx_lineitem_shipdate", "Relation Name": "lineitem", "Alias": "lineitem_1", "Startup Cost": 0.56, "Total Cost": 1277359.53, "Plan Rows": 745437, "Plan Width": 16, "Index Cond": "((l_shipdate >= '1993-04-01'::date) AND (l_shipdate < '1993-07-01 00:00:00'::timestamp without time zone))"}]}]}]}]}]}, {"Node Type": "Nested Loop", "Parent Relationship": "Outer", "Parallel Aware": false, "Join Type": "Inner", "Startup Cost": 1358530.77, "Total Cost": 1410679.6, "Plan Rows": 499, "Plan Width": 103, "Inner Unique": true, "Plans": [{"Node Type": "Aggregate", "Strategy": "Sorted", "Partial Mode": "Finalize", "Parent Relationship": "Outer", "Parallel Aware": false, "Startup Cost": 1358530.48, "Total Cost": 1409736.72, "Plan Rows": 499, "Plan Width": 36, "Group Key": ["lineitem.l_suppkey"], "Filter": "(sum((lineitem.l_extendedprice * ('1'::numeric - lineitem.l_discount))) = $1)", "Plans": [{"Node Type": "Gather Merge", "Parent Relationship": "Outer", "Parallel Aware": false, "Startup Cost": 1358530.48, "Total Cost": 1404251.35, "Plan Rows": 299202, "Plan Width": 36, "Workers Planned": 3, "Plans": [{"Node Type": "Aggregate", "Strategy": "Sorted", "Partial Mode": "Partial", "Parent Relationship": "Outer", "Parallel Aware": false, "Startup Cost": 1357530.44, "Total Cost": 1368095.08, "Plan Rows": 99734, "Plan Width": 36, "Group Key": ["lineitem.l_suppkey"], "Plans": [{"Node Type": "Sort", "Parent Relationship": "Outer", "Parallel Aware": false, "Startup Cost": 1357530.44, "Total Cost": 1359394.03, "Plan Rows": 745437, "Plan Width": 16, "Sort Key": ["lineitem.l_suppkey"], "Plans": [{"Node Type": "Index Scan", "Parent Relationship": "Outer", "Parallel Aware": true, "Scan Direction": "Forward", "Index Name": "idx_lineitem_shipdate", "Relation Name": "lineitem", "Alias": "lineitem", "Startup Cost": 0.56, "Total Cost": 1277359.53, "Plan Rows": 745437, "Plan Width": 16, "Index Cond": "((l_shipdate >= '1993-04-01'::date) AND (l_shipdate < '1993-07-01 00:00:00'::timestamp without time zone))"}]}]}]}]}, {"Node Type": "Index Scan", "Parent Relationship": "Inner", "Parallel Aware": false, "Scan Direction": "Forward", "Index Name": "supplier_pkey", "Relation Name": "supplier", "Alias": "supplier", "Startup Cost": 0.29, "Total Cost": 1.88, "Plan Rows": 1, "Plan Width": 71, "Index Cond": "(s_suppkey = lineitem.l_suppkey)"}]}]}}, {"Plan": {"Node Type": "Limit", "Parallel Aware": false, "Startup Cost": 2767519.5, "Total Cost": 2767624.0, "Plan Rows": 1, "Plan Width": 103, "Plans": [{"Node Type": "Aggregate", "Strategy": "Plain", "Partial Mode": "Simple", "Parent Relationship": "InitPlan", "Subplan Name": "InitPlan 1 (returns $1)", "Parallel Aware": false, "Startup Cost": 1408988.72, "Total Cost": 1408988.73, "Plan Rows": 1, "Plan Width": 32, "Plans": [{"Node Type": "Aggregate", "Strategy": "Sorted", "Partial Mode": "Finalize", "Parent Relationship": "Outer", "Parallel Aware": false, "Startup Cost": 1358530.48, "Total Cost": 1407742.04, "Plan Rows": 99734, "Plan Width": 36, "Group Key": ["lineitem_1.l_suppkey"], "Plans": [{"Node Type": "Gather Merge", "Parent Relationship": "Outer", "Parallel Aware": false, "Startup Cost": 1358530.48, "Total Cost": 1404251.35, "Plan Rows": 299202, "Plan Width": 36, "Workers Planned": 3, "Plans": [{"Node Type": "Aggregate", "Strategy": "Sorted", "Partial Mode": "Partial", "Parent Relationship": "Outer", "Parallel Aware": false, "Startup Cost": 1357530.44, "Total Cost": 1368095.08, "Plan Rows": 99734, "Plan Width": 36, "Group Key": ["lineitem_1.l_suppkey"], "Plans": [{"Node Type": "Sort", "Parent Relationship": "Outer", "Parallel Aware": false, "Startup Cost": 1357530.44, "Total Cost": 1359394.03, "Plan Rows": 745437, "Plan Width": 16, "Sort Key": ["lineitem_1.l_suppkey"], "Plans": [{"Node Type": "Index Scan", "Parent Relationship": "Outer", "Parallel Aware": true, "Scan Direction": "Forward", "Index Name": "idx_lineitem_shipdate", "Relation Name": "lineitem", "Alias": "lineitem_1", "Startup Cost": 0.56, "Total Cost": 1277359.53, "Plan Rows": 745437, "Plan Width": 16, "Index Cond": "((l_shipdate >= '1993-04-01'::date) AND (l_shipdate < '1993-07-01 00:00:00'::timestamp without time zone))"}]}]}]}]}]}, {"Node Type": "Nested Loop", "Parent Relationship": "Outer", "Parallel Aware": false, "Join Type": "Inner", "Startup Cost": 1358530.77, "Total Cost": 1410679.6, "Plan Rows": 499, "Plan Width": 103, "Inner Unique": true, "Plans": [{"Node Type": "Aggregate", "Strategy": "Sorted", "Partial Mode": "Finalize", "Parent Relationship": "Outer", "Parallel Aware": false, "Startup Cost": 1358530.48, "Total Cost": 1409736.72, "Plan Rows": 499, "Plan Width": 36, "Group Key": ["lineitem.l_suppkey"], "Filter": "(sum((lineitem.l_extendedprice * ('1'::numeric - lineitem.l_discount))) = $1)", "Plans": [{"Node Type": "Gather Merge", "Parent Relationship": "Outer", "Parallel Aware": false, "Startup Cost": 1358530.48, "Total Cost": 1404251.35, "Plan Rows": 299202, "Plan Width": 36, "Workers Planned": 3, "Plans": [{"Node Type": "Aggregate", "Strategy": "Sorted", "Partial Mode": "Partial", "Parent Relationship": "Outer", "Parallel Aware": false, "Startup Cost": 1357530.44, "Total Cost": 1368095.08, "Plan Rows": 99734, "Plan Width": 36, "Group Key": ["lineitem.l_suppkey"], "Plans": [{"Node Type": "Sort", "Parent Relationship": "Outer", "Parallel Aware": false, "Startup Cost": 1357530.44, "Total Cost": 1359394.03, "Plan Rows": 745437, "Plan Width": 16, "Sort Key": ["lineitem.l_suppkey"], "Plans": [{"Node Type": "Index Scan", "Parent Relationship": "Outer", "Parallel Aware": true, "Scan Direction": "Forward", "Index Name": "idx_lineitem_shipdate", "Relation Name": "lineitem", "Alias": "lineitem", "Startup Cost": 0.56, "Total Cost": 1277359.53, "Plan Rows": 745437, "Plan Width": 16, "Index Cond": "((l_shipdate >= '1993-04-01'::date) AND (l_shipdate < '1993-07-01 00:00:00'::timestamp without time zone))"}]}]}]}]}, {"Node Type": "Index Scan", "Parent Relationship": "Inner", "Parallel Aware": false, "Scan Direction": "Forward", "Index Name": "supplier_pkey", "Relation Name": "supplier", "Alias": "supplier", "Startup Cost": 0.29, "Total Cost": 1.88, "Plan Rows": 1, "Plan Width": 71, "Index Cond": "(s_suppkey = lineitem.l_suppkey)"}]}]}}, {"Plan": {"Node Type": "Limit", "Parallel Aware": false, "Startup Cost": 2823200.24, "Total Cost": 2823200.25, "Plan Rows": 1, "Plan Width": 103, "Plans": [{"Node Type": "Aggregate", "Strategy": "Plain", "Partial Mode": "Simple", "Parent Relationship": "InitPlan", "Subplan Name": "InitPlan 1 (returns $1)", "Parallel Aware": false, "Startup Cost": 1408988.72, "Total Cost": 1408988.73, "Plan Rows": 1, "Plan Width": 32, "Plans": [{"Node Type": "Aggregate", "Strategy": "Sorted", "Partial Mode": "Finalize", "Parent Relationship": "Outer", "Parallel Aware": false, "Startup Cost": 1358530.48, "Total Cost": 1407742.04, "Plan Rows": 99734, "Plan Width": 36, "Group Key": ["lineitem_1.l_suppkey"], "Plans": [{"Node Type": "Gather Merge", "Parent Relationship": "Outer", "Parallel Aware": false, "Startup Cost": 1358530.48, "Total Cost": 1404251.35, "Plan Rows": 299202, "Plan Width": 36, "Workers Planned": 3, "Plans": [{"Node Type": "Aggregate", "Strategy": "Sorted", "Partial Mode": "Partial", "Parent Relationship": "Outer", "Parallel Aware": false, "Startup Cost": 1357530.44, "Total Cost": 1368095.08, "Plan Rows": 99734, "Plan Width": 36, "Group Key": ["lineitem_1.l_suppkey"], "Plans": [{"Node Type": "Sort", "Parent Relationship": "Outer", "Parallel Aware": false, "Startup Cost": 1357530.44, "Total Cost": 1359394.03, "Plan Rows": 745437, "Plan Width": 16, "Sort Key": ["lineitem_1.l_suppkey"], "Plans": [{"Node Type": "Index Scan", "Parent Relationship": "Outer", "Parallel Aware": true, "Scan Direction": "Forward", "Index Name": "idx_lineitem_shipdate", "Relation Name": "lineitem", "Alias": "lineitem_1", "Startup Cost": 0.56, "Total Cost": 1277359.53, "Plan Rows": 745437, "Plan Width": 16, "Index Cond": "((l_shipdate >= '1993-04-01'::date) AND (l_shipdate < '1993-07-01 00:00:00'::timestamp without time zone))"}]}]}]}]}]}, {"Node Type": "Sort", "Parent Relationship": "Outer", "Parallel Aware": false, "Startup Cost": 1414211.52, "Total Cost": 1414212.76, "Plan Rows": 499, "Plan Width": 103, "Sort Key": ["supplier.s_suppkey"], "Plans": [{"Node Type": "Hash Join", "Parent Relationship": "Outer", "Parallel Aware": false, "Join Type": "Inner", "Startup Cost": 1362996.48, "Total Cost": 1414209.02, "Plan Rows": 499, "Plan Width": 103, "Inner Unique": true, "Hash Cond": "(lineitem.l_suppkey = supplier.s_suppkey)", "Plans": [{"Node Type": "Aggregate", "Strategy": "Sorted", "Partial Mode": "Finalize", "Parent Relationship": "Outer", "Parallel Aware": false, "Startup Cost": 1358530.48, "Total Cost": 1409736.72, "Plan Rows": 499, "Plan Width": 36, "Group Key": ["lineitem.l_suppkey"], "Filter": "(sum((lineitem.l_extendedprice * ('1'::numeric - lineitem.l_discount))) = $1)", "Plans": [{"Node Type": "Gather Merge", "Parent Relationship": "Outer", "Parallel Aware": false, "Startup Cost": 1358530.48, "Total Cost": 1404251.35, "Plan Rows": 299202, "Plan Width": 36, "Workers Planned": 3, "Plans": [{"Node Type": "Aggregate", "Strategy": "Sorted", "Partial Mode": "Partial", "Parent Relationship": "Outer", "Parallel Aware": false, "Startup Cost": 1357530.44, "Total Cost": 1368095.08, "Plan Rows": 99734, "Plan Width": 36, "Group Key": ["lineitem.l_suppkey"], "Plans": [{"Node Type": "Sort", "Parent Relationship": "Outer", "Parallel Aware": false, "Startup Cost": 1357530.44, "Total Cost": 1359394.03, "Plan Rows": 745437, "Plan Width": 16, "Sort Key": ["lineitem.l_suppkey"], "Plans": [{"Node Type": "Index Scan", "Parent Relationship": "Outer", "Parallel Aware": true, "Scan Direction": "Forward", "Index Name": "idx_lineitem_shipdate", "Relation Name": "lineitem", "Alias": "lineitem", "Startup Cost": 0.56, "Total Cost": 1277359.53, "Plan Rows": 745437, "Plan Width": 16, "Index Cond": "((l_shipdate >= '1993-04-01'::date) AND (l_shipdate < '1993-07-01 00:00:00'::timestamp without time zone))"}]}]}]}]}, {"Node Type": "Hash", "Parent Relationship": "Inner", "Parallel Aware": false, "Startup Cost": 3216.0, "Total Cost": 3216.0, "Plan Rows": 100000, "Plan Width": 71, "Plans": [{"Node Type": "Seq Scan", "Parent Relationship": "Outer", "Parallel Aware": false, "Relation Name": "supplier", "Alias": "supplier", "Startup Cost": 0.0, "Total Cost": 3216.0, "Plan Rows": 100000, "Plan Width": 71}]}]}]}]}}, {"Plan": {"Node Type": "Limit", "Parallel Aware": false, "Startup Cost": 10003039979.45, "Total Cost": 10003040084.07, "Plan Rows": 1, "Plan Width": 103, "Plans": [{"Node Type": "Aggregate", "Strategy": "Plain", "Partial Mode": "Simple", "Parent Relationship": "InitPlan", "Subplan Name": "InitPlan 1 (returns $1)", "Parallel Aware": false, "Startup Cost": 1545218.4, "Total Cost": 1545218.41, "Plan Rows": 1, "Plan Width": 32, "Plans": [{"Node Type": "Aggregate", "Strategy": "Sorted", "Partial Mode": "Finalize", "Parent Relationship": "Outer", "Parallel Aware": false, "Startup Cost": 1494760.16, "Total Cost": 1543971.72, "Plan Rows": 99734, "Plan Width": 36, "Group Key": ["lineitem_1.l_suppkey"], "Plans": [{"Node Type": "Gather Merge", "Parent Relationship": "Outer", "Parallel Aware": false, "Startup Cost": 1494760.16, "Total Cost": 1540481.03, "Plan Rows": 299202, "Plan Width": 36, "Workers Planned": 3, "Plans": [{"Node Type": "Aggregate", "Strategy": "Sorted", "Partial Mode": "Partial", "Parent Relationship": "Outer", "Parallel Aware": false, "Startup Cost": 1493760.12, "Total Cost": 1504324.76, "Plan Rows": 99734, "Plan Width": 36, "Group Key": ["lineitem_1.l_suppkey"], "Plans": [{"Node Type": "Sort", "Parent Relationship": "Outer", "Parallel Aware": false, "Startup Cost": 1493760.12, "Total Cost": 1495623.71, "Plan Rows": 745437, "Plan Width": 16, "Sort Key": ["lineitem_1.l_suppkey"], "Plans": [{"Node Type": "Bitmap Heap Scan", "Parent Relationship": "Outer", "Parallel Aware": true, "Relation Name": "lineitem", "Alias": "lineitem_1", "Startup Cost": 33488.94, "Total Cost": 1413589.21, "Plan Rows": 745437, "Plan Width": 16, "Recheck Cond": "((l_shipdate >= '1993-04-01'::date) AND (l_shipdate < '1993-07-01 00:00:00'::timestamp without time zone))", "Plans": [{"Node Type": "Bitmap Index Scan", "Parent Relationship": "Outer", "Parallel Aware": false, "Index Name": "idx_lineitem_shipdate", "Startup Cost": 0.0, "Total Cost": 32911.23, "Plan Rows": 2310856, "Plan Width": 0, "Index Cond": "((l_shipdate >= '1993-04-01'::date) AND (l_shipdate < '1993-07-01 00:00:00'::timestamp without time zone))"}]}]}]}]}]}]}, {"Node Type": "Nested Loop", "Parent Relationship": "Outer", "Parallel Aware": false, "Join Type": "Inner", "Startup Cost": 10001494761.04, "Total Cost": 10001546965.66, "Plan Rows": 499, "Plan Width": 103, "Inner Unique": true, "Plans": [{"Node Type": "Aggregate", "Strategy": "Sorted", "Partial Mode": "Finalize", "Parent Relationship": "Outer", "Parallel Aware": false, "Startup Cost": 1494760.16, "Total Cost": 1545966.4, "Plan Rows": 499, "Plan Width": 36, "Group Key": ["lineitem.l_suppkey"], "Filter": "(sum((lineitem.l_extendedprice * ('1'::numeric - lineitem.l_discount))) = $1)", "Plans": [{"Node Type": "Gather Merge", "Parent Relationship": "Outer", "Parallel Aware": false, "Startup Cost": 1494760.16, "Total Cost": 1540481.03, "Plan Rows": 299202, "Plan Width": 36, "Workers Planned": 3, "Plans": [{"Node Type": "Aggregate", "Strategy": "Sorted", "Partial Mode": "Partial", "Parent Relationship": "Outer", "Parallel Aware": false, "Startup Cost": 1493760.12, "Total Cost": 1504324.76, "Plan Rows": 99734, "Plan Width": 36, "Group Key": ["lineitem.l_suppkey"], "Plans": [{"Node Type": "Sort", "Parent Relationship": "Outer", "Parallel Aware": false, "Startup Cost": 1493760.12, "Total Cost": 1495623.71, "Plan Rows": 745437, "Plan Width": 16, "Sort Key": ["lineitem.l_suppkey"], "Plans": [{"Node Type": "Bitmap Heap Scan", "Parent Relationship": "Outer", "Parallel Aware": true, "Relation Name": "lineitem", "Alias": "lineitem", "Startup Cost": 33488.94, "Total Cost": 1413589.21, "Plan Rows": 745437, "Plan Width": 16, "Recheck Cond": "((l_shipdate >= '1993-04-01'::date) AND (l_shipdate < '1993-07-01 00:00:00'::timestamp without time zone))", "Plans": [{"Node Type": "Bitmap Index Scan", "Parent Relationship": "Outer", "Parallel Aware": false, "Index Name": "idx_lineitem_shipdate", "Startup Cost": 0.0, "Total Cost": 32911.23, "Plan Rows": 2310856, "Plan Width": 0, "Index Cond": "((l_shipdate >= '1993-04-01'::date) AND (l_shipdate < '1993-07-01 00:00:00'::timestamp without time zone))"}]}]}]}]}]}, {"Node Type": "Bitmap Heap Scan", "Parent Relationship": "Inner", "Parallel Aware": false, "Relation Name": "supplier", "Alias": "supplier", "Startup Cost": 0.88, "Total Cost": 1.99, "Plan Rows": 1, "Plan Width": 71, "Recheck Cond": "(s_suppkey = lineitem.l_suppkey)", "Plans": [{"Node Type": "Bitmap Index Scan", "Parent Relationship": "Outer", "Parallel Aware": false, "Index Name": "supplier_pkey", "Startup Cost": 0.0, "Total Cost": 0.88, "Plan Rows": 1, "Plan Width": 0, "Index Cond": "(s_suppkey = lineitem.l_suppkey)"}]}]}]}}, {"Plan": {"Node Type": "Limit", "Parallel Aware": false, "Startup Cost": 3039979.45, "Total Cost": 3040084.07, "Plan Rows": 1, "Plan Width": 103, "Plans": [{"Node Type": "Aggregate", "Strategy": "Plain", "Partial Mode": "Simple", "Parent Relationship": "InitPlan", "Subplan Name": "InitPlan 1 (returns $1)", "Parallel Aware": false, "Startup Cost": 1545218.4, "Total Cost": 1545218.41, "Plan Rows": 1, "Plan Width": 32, "Plans": [{"Node Type": "Aggregate", "Strategy": "Sorted", "Partial Mode": "Finalize", "Parent Relationship": "Outer", "Parallel Aware": false, "Startup Cost": 1494760.16, "Total Cost": 1543971.72, "Plan Rows": 99734, "Plan Width": 36, "Group Key": ["lineitem_1.l_suppkey"], "Plans": [{"Node Type": "Gather Merge", "Parent Relationship": "Outer", "Parallel Aware": false, "Startup Cost": 1494760.16, "Total Cost": 1540481.03, "Plan Rows": 299202, "Plan Width": 36, "Workers Planned": 3, "Plans": [{"Node Type": "Aggregate", "Strategy": "Sorted", "Partial Mode": "Partial", "Parent Relationship": "Outer", "Parallel Aware": false, "Startup Cost": 1493760.12, "Total Cost": 1504324.76, "Plan Rows": 99734, "Plan Width": 36, "Group Key": ["lineitem_1.l_suppkey"], "Plans": [{"Node Type": "Sort", "Parent Relationship": "Outer", "Parallel Aware": false, "Startup Cost": 1493760.12, "Total Cost": 1495623.71, "Plan Rows": 745437, "Plan Width": 16, "Sort Key": ["lineitem_1.l_suppkey"], "Plans": [{"Node Type": "Bitmap Heap Scan", "Parent Relationship": "Outer", "Parallel Aware": true, "Relation Name": "lineitem", "Alias": "lineitem_1", "Startup Cost": 33488.94, "Total Cost": 1413589.21, "Plan Rows": 745437, "Plan Width": 16, "Recheck Cond": "((l_shipdate >= '1993-04-01'::date) AND (l_shipdate < '1993-07-01 00:00:00'::timestamp without time zone))", "Plans": [{"Node Type": "Bitmap Index Scan", "Parent Relationship": "Outer", "Parallel Aware": false, "Index Name": "idx_lineitem_shipdate", "Startup Cost": 0.0, "Total Cost": 32911.23, "Plan Rows": 2310856, "Plan Width": 0, "Index Cond": "((l_shipdate >= '1993-04-01'::date) AND (l_shipdate < '1993-07-01 00:00:00'::timestamp without time zone))"}]}]}]}]}]}]}, {"Node Type": "Nested Loop", "Parent Relationship": "Outer", "Parallel Aware": false, "Join Type": "Inner", "Startup Cost": 1494761.04, "Total Cost": 1546965.66, "Plan Rows": 499, "Plan Width": 103, "Inner Unique": true, "Plans": [{"Node Type": "Aggregate", "Strategy": "Sorted", "Partial Mode": "Finalize", "Parent Relationship": "Outer", "Parallel Aware": false, "Startup Cost": 1494760.16, "Total Cost": 1545966.4, "Plan Rows": 499, "Plan Width": 36, "Group Key": ["lineitem.l_suppkey"], "Filter": "(sum((lineitem.l_extendedprice * ('1'::numeric - lineitem.l_discount))) = $1)", "Plans": [{"Node Type": "Gather Merge", "Parent Relationship": "Outer", "Parallel Aware": false, "Startup Cost": 1494760.16, "Total Cost": 1540481.03, "Plan Rows": 299202, "Plan Width": 36, "Workers Planned": 3, "Plans": [{"Node Type": "Aggregate", "Strategy": "Sorted", "Partial Mode": "Partial", "Parent Relationship": "Outer", "Parallel Aware": false, "Startup Cost": 1493760.12, "Total Cost": 1504324.76, "Plan Rows": 99734, "Plan Width": 36, "Group Key": ["lineitem.l_suppkey"], "Plans": [{"Node Type": "Sort", "Parent Relationship": "Outer", "Parallel Aware": false, "Startup Cost": 1493760.12, "Total Cost": 1495623.71, "Plan Rows": 745437, "Plan Width": 16, "Sort Key": ["lineitem.l_suppkey"], "Plans": [{"Node Type": "Bitmap Heap Scan", "Parent Relationship": "Outer", "Parallel Aware": true, "Relation Name": "lineitem", "Alias": "lineitem", "Startup Cost": 33488.94, "Total Cost": 1413589.21, "Plan Rows": 745437, "Plan Width": 16, "Recheck Cond": "((l_shipdate >= '1993-04-01'::date) AND (l_shipdate < '1993-07-01 00:00:00'::timestamp without time zone))", "Plans": [{"Node Type": "Bitmap Index Scan", "Parent Relationship": "Outer", "Parallel Aware": false, "Index Name": "idx_lineitem_shipdate", "Startup Cost": 0.0, "Total Cost": 32911.23, "Plan Rows": 2310856, "Plan Width": 0, "Index Cond": "((l_shipdate >= '1993-04-01'::date) AND (l_shipdate < '1993-07-01 00:00:00'::timestamp without time zone))"}]}]}]}]}]}, {"Node Type": "Bitmap Heap Scan", "Parent Relationship": "Inner", "Parallel Aware": false, "Relation Name": "supplier", "Alias": "supplier", "Startup Cost": 0.88, "Total Cost": 1.99, "Plan Rows": 1, "Plan Width": 71, "Recheck Cond": "(s_suppkey = lineitem.l_suppkey)", "Plans": [{"Node Type": "Bitmap Index Scan", "Parent Relationship": "Outer", "Parallel Aware": false, "Index Name": "supplier_pkey", "Startup Cost": 0.0, "Total Cost": 0.88, "Plan Rows": 1, "Plan Width": 0, "Index Cond": "(s_suppkey = lineitem.l_suppkey)"}]}]}]}}, {"Plan": {"Node Type": "Limit", "Parallel Aware": false, "Startup Cost": 3039979.45, "Total Cost": 3040084.07, "Plan Rows": 1, "Plan Width": 103, "Plans": [{"Node Type": "Aggregate", "Strategy": "Plain", "Partial Mode": "Simple", "Parent Relationship": "InitPlan", "Subplan Name": "InitPlan 1 (returns $1)", "Parallel Aware": false, "Startup Cost": 1545218.4, "Total Cost": 1545218.41, "Plan Rows": 1, "Plan Width": 32, "Plans": [{"Node Type": "Aggregate", "Strategy": "Sorted", "Partial Mode": "Finalize", "Parent Relationship": "Outer", "Parallel Aware": false, "Startup Cost": 1494760.16, "Total Cost": 1543971.72, "Plan Rows": 99734, "Plan Width": 36, "Group Key": ["lineitem_1.l_suppkey"], "Plans": [{"Node Type": "Gather Merge", "Parent Relationship": "Outer", "Parallel Aware": false, "Startup Cost": 1494760.16, "Total Cost": 1540481.03, "Plan Rows": 299202, "Plan Width": 36, "Workers Planned": 3, "Plans": [{"Node Type": "Aggregate", "Strategy": "Sorted", "Partial Mode": "Partial", "Parent Relationship": "Outer", "Parallel Aware": false, "Startup Cost": 1493760.12, "Total Cost": 1504324.76, "Plan Rows": 99734, "Plan Width": 36, "Group Key": ["lineitem_1.l_suppkey"], "Plans": [{"Node Type": "Sort", "Parent Relationship": "Outer", "Parallel Aware": false, "Startup Cost": 1493760.12, "Total Cost": 1495623.71, "Plan Rows": 745437, "Plan Width": 16, "Sort Key": ["lineitem_1.l_suppkey"], "Plans": [{"Node Type": "Bitmap Heap Scan", "Parent Relationship": "Outer", "Parallel Aware": true, "Relation Name": "lineitem", "Alias": "lineitem_1", "Startup Cost": 33488.94, "Total Cost": 1413589.21, "Plan Rows": 745437, "Plan Width": 16, "Recheck Cond": "((l_shipdate >= '1993-04-01'::date) AND (l_shipdate < '1993-07-01 00:00:00'::timestamp without time zone))", "Plans": [{"Node Type": "Bitmap Index Scan", "Parent Relationship": "Outer", "Parallel Aware": false, "Index Name": "idx_lineitem_shipdate", "Startup Cost": 0.0, "Total Cost": 32911.23, "Plan Rows": 2310856, "Plan Width": 0, "Index Cond": "((l_shipdate >= '1993-04-01'::date) AND (l_shipdate < '1993-07-01 00:00:00'::timestamp without time zone))"}]}]}]}]}]}]}, {"Node Type": "Nested Loop", "Parent Relationship": "Outer", "Parallel Aware": false, "Join Type": "Inner", "Startup Cost": 1494761.04, "Total Cost": 1546965.66, "Plan Rows": 499, "Plan Width": 103, "Inner Unique": true, "Plans": [{"Node Type": "Aggregate", "Strategy": "Sorted", "Partial Mode": "Finalize", "Parent Relationship": "Outer", "Parallel Aware": false, "Startup Cost": 1494760.16, "Total Cost": 1545966.4, "Plan Rows": 499, "Plan Width": 36, "Group Key": ["lineitem.l_suppkey"], "Filter": "(sum((lineitem.l_extendedprice * ('1'::numeric - lineitem.l_discount))) = $1)", "Plans": [{"Node Type": "Gather Merge", "Parent Relationship": "Outer", "Parallel Aware": false, "Startup Cost": 1494760.16, "Total Cost": 1540481.03, "Plan Rows": 299202, "Plan Width": 36, "Workers Planned": 3, "Plans": [{"Node Type": "Aggregate", "Strategy": "Sorted", "Partial Mode": "Partial", "Parent Relationship": "Outer", "Parallel Aware": false, "Startup Cost": 1493760.12, "Total Cost": 1504324.76, "Plan Rows": 99734, "Plan Width": 36, "Group Key": ["lineitem.l_suppkey"], "Plans": [{"Node Type": "Sort", "Parent Relationship": "Outer", "Parallel Aware": false, "Startup Cost": 1493760.12, "Total Cost": 1495623.71, "Plan Rows": 745437, "Plan Width": 16, "Sort Key": ["lineitem.l_suppkey"], "Plans": [{"Node Type": "Bitmap Heap Scan", "Parent Relationship": "Outer", "Parallel Aware": true, "Relation Name": "lineitem", "Alias": "lineitem", "Startup Cost": 33488.94, "Total Cost": 1413589.21, "Plan Rows": 745437, "Plan Width": 16, "Recheck Cond": "((l_shipdate >= '1993-04-01'::date) AND (l_shipdate < '1993-07-01 00:00:00'::timestamp without time zone))", "Plans": [{"Node Type": "Bitmap Index Scan", "Parent Relationship": "Outer", "Parallel Aware": false, "Index Name": "idx_lineitem_shipdate", "Startup Cost": 0.0, "Total Cost": 32911.23, "Plan Rows": 2310856, "Plan Width": 0, "Index Cond": "((l_shipdate >= '1993-04-01'::date) AND (l_shipdate < '1993-07-01 00:00:00'::timestamp without time zone))"}]}]}]}]}]}, {"Node Type": "Bitmap Heap Scan", "Parent Relationship": "Inner", "Parallel Aware": false, "Relation Name": "supplier", "Alias": "supplier", "Startup Cost": 0.88, "Total Cost": 1.99, "Plan Rows": 1, "Plan Width": 71, "Recheck Cond": "(s_suppkey = lineitem.l_suppkey)", "Plans": [{"Node Type": "Bitmap Index Scan", "Parent Relationship": "Outer", "Parallel Aware": false, "Index Name": "supplier_pkey", "Startup Cost": 0.0, "Total Cost": 0.88, "Plan Rows": 1, "Plan Width": 0, "Index Cond": "(s_suppkey = lineitem.l_suppkey)"}]}]}]}}, {"Plan": {"Node Type": "Limit", "Parallel Aware": false, "Startup Cost": 3051499.39, "Total Cost": 3051603.03, "Plan Rows": 1, "Plan Width": 103, "Plans": [{"Node Type": "Aggregate", "Strategy": "Plain", "Partial Mode": "Simple", "Parent Relationship": "InitPlan", "Subplan Name": "InitPlan 1 (returns $1)", "Parallel Aware": false, "Startup Cost": 1545218.4, "Total Cost": 1545218.41, "Plan Rows": 1, "Plan Width": 32, "Plans": [{"Node Type": "Aggregate", "Strategy": "Sorted", "Partial Mode": "Finalize", "Parent Relationship": "Outer", "Parallel Aware": false, "Startup Cost": 1494760.16, "Total Cost": 1543971.72, "Plan Rows": 99734, "Plan Width": 36, "Group Key": ["lineitem_1.l_suppkey"], "Plans": [{"Node Type": "Gather Merge", "Parent Relationship": "Outer", "Parallel Aware": false, "Startup Cost": 1494760.16, "Total Cost": 1540481.03, "Plan Rows": 299202, "Plan Width": 36, "Workers Planned": 3, "Plans": [{"Node Type": "Aggregate", "Strategy": "Sorted", "Partial Mode": "Partial", "Parent Relationship": "Outer", "Parallel Aware": false, "Startup Cost": 1493760.12, "Total Cost": 1504324.76, "Plan Rows": 99734, "Plan Width": 36, "Group Key": ["lineitem_1.l_suppkey"], "Plans": [{"Node Type": "Sort", "Parent Relationship": "Outer", "Parallel Aware": false, "Startup Cost": 1493760.12, "Total Cost": 1495623.71, "Plan Rows": 745437, "Plan Width": 16, "Sort Key": ["lineitem_1.l_suppkey"], "Plans": [{"Node Type": "Bitmap Heap Scan", "Parent Relationship": "Outer", "Parallel Aware": true, "Relation Name": "lineitem", "Alias": "lineitem_1", "Startup Cost": 33488.94, "Total Cost": 1413589.21, "Plan Rows": 745437, "Plan Width": 16, "Recheck Cond": "((l_shipdate >= '1993-04-01'::date) AND (l_shipdate < '1993-07-01 00:00:00'::timestamp without time zone))", "Plans": [{"Node Type": "Bitmap Index Scan", "Parent Relationship": "Outer", "Parallel Aware": false, "Index Name": "idx_lineitem_shipdate", "Startup Cost": 0.0, "Total Cost": 32911.23, "Plan Rows": 2310856, "Plan Width": 0, "Index Cond": "((l_shipdate >= '1993-04-01'::date) AND (l_shipdate < '1993-07-01 00:00:00'::timestamp without time zone))"}]}]}]}]}]}]}, {"Node Type": "Merge Join", "Parent Relationship": "Outer", "Parallel Aware": false, "Join Type": "Inner", "Startup Cost": 1506280.98, "Total Cost": 1557998.45, "Plan Rows": 499, "Plan Width": 103, "Inner Unique": true, "Merge Cond": "(supplier.s_suppkey = lineitem.l_suppkey)", "Plans": [{"Node Type": "Sort", "Parent Relationship": "Outer", "Parallel Aware": false, "Startup Cost": 11520.82, "Total Cost": 11770.82, "Plan Rows": 100000, "Plan Width": 71, "Sort Key": ["supplier.s_suppkey"], "Plans": [{"Node Type": "Seq Scan", "Parent Relationship": "Outer", "Parallel Aware": false, "Relation Name": "supplier", "Alias": "supplier", "Startup Cost": 0.0, "Total Cost": 3216.0, "Plan Rows": 100000, "Plan Width": 71}]}, {"Node Type": "Aggregate", "Strategy": "Sorted", "Partial Mode": "Finalize", "Parent Relationship": "Inner", "Parallel Aware": false, "Startup Cost": 1494760.16, "Total Cost": 1545966.4, "Plan Rows": 499, "Plan Width": 36, "Group Key": ["lineitem.l_suppkey"], "Filter": "(sum((lineitem.l_extendedprice * ('1'::numeric - lineitem.l_discount))) = $1)", "Plans": [{"Node Type": "Gather Merge", "Parent Relationship": "Outer", "Parallel Aware": false, "Startup Cost": 1494760.16, "Total Cost": 1540481.03, "Plan Rows": 299202, "Plan Width": 36, "Workers Planned": 3, "Plans": [{"Node Type": "Aggregate", "Strategy": "Sorted", "Partial Mode": "Partial", "Parent Relationship": "Outer", "Parallel Aware": false, "Startup Cost": 1493760.12, "Total Cost": 1504324.76, "Plan Rows": 99734, "Plan Width": 36, "Group Key": ["lineitem.l_suppkey"], "Plans": [{"Node Type": "Sort", "Parent Relationship": "Outer", "Parallel Aware": false, "Startup Cost": 1493760.12, "Total Cost": 1495623.71, "Plan Rows": 745437, "Plan Width": 16, "Sort Key": ["lineitem.l_suppkey"], "Plans": [{"Node Type": "Bitmap Heap Scan", "Parent Relationship": "Outer", "Parallel Aware": true, "Relation Name": "lineitem", "Alias": "lineitem", "Startup Cost": 33488.94, "Total Cost": 1413589.21, "Plan Rows": 745437, "Plan Width": 16, "Recheck Cond": "((l_shipdate >= '1993-04-01'::date) AND (l_shipdate < '1993-07-01 00:00:00'::timestamp without time zone))", "Plans": [{"Node Type": "Bitmap Index Scan", "Parent Relationship": "Outer", "Parallel Aware": false, "Index Name": "idx_lineitem_shipdate", "Startup Cost": 0.0, "Total Cost": 32911.23, "Plan Rows": 2310856, "Plan Width": 0, "Index Cond": "((l_shipdate >= '1993-04-01'::date) AND (l_shipdate < '1993-07-01 00:00:00'::timestamp without time zone))"}]}]}]}]}]}]}]}}, {"Plan": {"Node Type": "Limit", "Parallel Aware": false, "Startup Cost": 3039979.45, "Total Cost": 3040084.07, "Plan Rows": 1, "Plan Width": 103, "Plans": [{"Node Type": "Aggregate", "Strategy": "Plain", "Partial Mode": "Simple", "Parent Relationship": "InitPlan", "Subplan Name": "InitPlan 1 (returns $1)", "Parallel Aware": false, "Startup Cost": 1545218.4, "Total Cost": 1545218.41, "Plan Rows": 1, "Plan Width": 32, "Plans": [{"Node Type": "Aggregate", "Strategy": "Sorted", "Partial Mode": "Finalize", "Parent Relationship": "Outer", "Parallel Aware": false, "Startup Cost": 1494760.16, "Total Cost": 1543971.72, "Plan Rows": 99734, "Plan Width": 36, "Group Key": ["lineitem_1.l_suppkey"], "Plans": [{"Node Type": "Gather Merge", "Parent Relationship": "Outer", "Parallel Aware": false, "Startup Cost": 1494760.16, "Total Cost": 1540481.03, "Plan Rows": 299202, "Plan Width": 36, "Workers Planned": 3, "Plans": [{"Node Type": "Aggregate", "Strategy": "Sorted", "Partial Mode": "Partial", "Parent Relationship": "Outer", "Parallel Aware": false, "Startup Cost": 1493760.12, "Total Cost": 1504324.76, "Plan Rows": 99734, "Plan Width": 36, "Group Key": ["lineitem_1.l_suppkey"], "Plans": [{"Node Type": "Sort", "Parent Relationship": "Outer", "Parallel Aware": false, "Startup Cost": 1493760.12, "Total Cost": 1495623.71, "Plan Rows": 745437, "Plan Width": 16, "Sort Key": ["lineitem_1.l_suppkey"], "Plans": [{"Node Type": "Bitmap Heap Scan", "Parent Relationship": "Outer", "Parallel Aware": true, "Relation Name": "lineitem", "Alias": "lineitem_1", "Startup Cost": 33488.94, "Total Cost": 1413589.21, "Plan Rows": 745437, "Plan Width": 16, "Recheck Cond": "((l_shipdate >= '1993-04-01'::date) AND (l_shipdate < '1993-07-01 00:00:00'::timestamp without time zone))", "Plans": [{"Node Type": "Bitmap Index Scan", "Parent Relationship": "Outer", "Parallel Aware": false, "Index Name": "idx_lineitem_shipdate", "Startup Cost": 0.0, "Total Cost": 32911.23, "Plan Rows": 2310856, "Plan Width": 0, "Index Cond": "((l_shipdate >= '1993-04-01'::date) AND (l_shipdate < '1993-07-01 00:00:00'::timestamp without time zone))"}]}]}]}]}]}]}, {"Node Type": "Nested Loop", "Parent Relationship": "Outer", "Parallel Aware": false, "Join Type": "Inner", "Startup Cost": 1494761.04, "Total Cost": 1546965.66, "Plan Rows": 499, "Plan Width": 103, "Inner Unique": true, "Plans": [{"Node Type": "Aggregate", "Strategy": "Sorted", "Partial Mode": "Finalize", "Parent Relationship": "Outer", "Parallel Aware": false, "Startup Cost": 1494760.16, "Total Cost": 1545966.4, "Plan Rows": 499, "Plan Width": 36, "Group Key": ["lineitem.l_suppkey"], "Filter": "(sum((lineitem.l_extendedprice * ('1'::numeric - lineitem.l_discount))) = $1)", "Plans": [{"Node Type": "Gather Merge", "Parent Relationship": "Outer", "Parallel Aware": false, "Startup Cost": 1494760.16, "Total Cost": 1540481.03, "Plan Rows": 299202, "Plan Width": 36, "Workers Planned": 3, "Plans": [{"Node Type": "Aggregate", "Strategy": "Sorted", "Partial Mode": "Partial", "Parent Relationship": "Outer", "Parallel Aware": false, "Startup Cost": 1493760.12, "Total Cost": 1504324.76, "Plan Rows": 99734, "Plan Width": 36, "Group Key": ["lineitem.l_suppkey"], "Plans": [{"Node Type": "Sort", "Parent Relationship": "Outer", "Parallel Aware": false, "Startup Cost": 1493760.12, "Total Cost": 1495623.71, "Plan Rows": 745437, "Plan Width": 16, "Sort Key": ["lineitem.l_suppkey"], "Plans": [{"Node Type": "Bitmap Heap Scan", "Parent Relationship": "Outer", "Parallel Aware": true, "Relation Name": "lineitem", "Alias": "lineitem", "Startup Cost": 33488.94, "Total Cost": 1413589.21, "Plan Rows": 745437, "Plan Width": 16, "Recheck Cond": "((l_shipdate >= '1993-04-01'::date) AND (l_shipdate < '1993-07-01 00:00:00'::timestamp without time zone))", "Plans": [{"Node Type": "Bitmap Index Scan", "Parent Relationship": "Outer", "Parallel Aware": false, "Index Name": "idx_lineitem_shipdate", "Startup Cost": 0.0, "Total Cost": 32911.23, "Plan Rows": 2310856, "Plan Width": 0, "Index Cond": "((l_shipdate >= '1993-04-01'::date) AND (l_shipdate < '1993-07-01 00:00:00'::timestamp without time zone))"}]}]}]}]}]}, {"Node Type": "Bitmap Heap Scan", "Parent Relationship": "Inner", "Parallel Aware": false, "Relation Name": "supplier", "Alias": "supplier", "Startup Cost": 0.88, "Total Cost": 1.99, "Plan Rows": 1, "Plan Width": 71, "Recheck Cond": "(s_suppkey = lineitem.l_suppkey)", "Plans": [{"Node Type": "Bitmap Index Scan", "Parent Relationship": "Outer", "Parallel Aware": false, "Index Name": "supplier_pkey", "Startup Cost": 0.0, "Total Cost": 0.88, "Plan Rows": 1, "Plan Width": 0, "Index Cond": "(s_suppkey = lineitem.l_suppkey)"}]}]}]}}, {"Plan": {"Node Type": "Limit", "Parallel Aware": false, "Startup Cost": 3039979.45, "Total Cost": 3040084.07, "Plan Rows": 1, "Plan Width": 103, "Plans": [{"Node Type": "Aggregate", "Strategy": "Plain", "Partial Mode": "Simple", "Parent Relationship": "InitPlan", "Subplan Name": "InitPlan 1 (returns $1)", "Parallel Aware": false, "Startup Cost": 1545218.4, "Total Cost": 1545218.41, "Plan Rows": 1, "Plan Width": 32, "Plans": [{"Node Type": "Aggregate", "Strategy": "Sorted", "Partial Mode": "Finalize", "Parent Relationship": "Outer", "Parallel Aware": false, "Startup Cost": 1494760.16, "Total Cost": 1543971.72, "Plan Rows": 99734, "Plan Width": 36, "Group Key": ["lineitem_1.l_suppkey"], "Plans": [{"Node Type": "Gather Merge", "Parent Relationship": "Outer", "Parallel Aware": false, "Startup Cost": 1494760.16, "Total Cost": 1540481.03, "Plan Rows": 299202, "Plan Width": 36, "Workers Planned": 3, "Plans": [{"Node Type": "Aggregate", "Strategy": "Sorted", "Partial Mode": "Partial", "Parent Relationship": "Outer", "Parallel Aware": false, "Startup Cost": 1493760.12, "Total Cost": 1504324.76, "Plan Rows": 99734, "Plan Width": 36, "Group Key": ["lineitem_1.l_suppkey"], "Plans": [{"Node Type": "Sort", "Parent Relationship": "Outer", "Parallel Aware": false, "Startup Cost": 1493760.12, "Total Cost": 1495623.71, "Plan Rows": 745437, "Plan Width": 16, "Sort Key": ["lineitem_1.l_suppkey"], "Plans": [{"Node Type": "Bitmap Heap Scan", "Parent Relationship": "Outer", "Parallel Aware": true, "Relation Name": "lineitem", "Alias": "lineitem_1", "Startup Cost": 33488.94, "Total Cost": 1413589.21, "Plan Rows": 745437, "Plan Width": 16, "Recheck Cond": "((l_shipdate >= '1993-04-01'::date) AND (l_shipdate < '1993-07-01 00:00:00'::timestamp without time zone))", "Plans": [{"Node Type": "Bitmap Index Scan", "Parent Relationship": "Outer", "Parallel Aware": false, "Index Name": "idx_lineitem_shipdate", "Startup Cost": 0.0, "Total Cost": 32911.23, "Plan Rows": 2310856, "Plan Width": 0, "Index Cond": "((l_shipdate >= '1993-04-01'::date) AND (l_shipdate < '1993-07-01 00:00:00'::timestamp without time zone))"}]}]}]}]}]}]}, {"Node Type": "Nested Loop", "Parent Relationship": "Outer", "Parallel Aware": false, "Join Type": "Inner", "Startup Cost": 1494761.04, "Total Cost": 1546965.66, "Plan Rows": 499, "Plan Width": 103, "Inner Unique": true, "Plans": [{"Node Type": "Aggregate", "Strategy": "Sorted", "Partial Mode": "Finalize", "Parent Relationship": "Outer", "Parallel Aware": false, "Startup Cost": 1494760.16, "Total Cost": 1545966.4, "Plan Rows": 499, "Plan Width": 36, "Group Key": ["lineitem.l_suppkey"], "Filter": "(sum((lineitem.l_extendedprice * ('1'::numeric - lineitem.l_discount))) = $1)", "Plans": [{"Node Type": "Gather Merge", "Parent Relationship": "Outer", "Parallel Aware": false, "Startup Cost": 1494760.16, "Total Cost": 1540481.03, "Plan Rows": 299202, "Plan Width": 36, "Workers Planned": 3, "Plans": [{"Node Type": "Aggregate", "Strategy": "Sorted", "Partial Mode": "Partial", "Parent Relationship": "Outer", "Parallel Aware": false, "Startup Cost": 1493760.12, "Total Cost": 1504324.76, "Plan Rows": 99734, "Plan Width": 36, "Group Key": ["lineitem.l_suppkey"], "Plans": [{"Node Type": "Sort", "Parent Relationship": "Outer", "Parallel Aware": false, "Startup Cost": 1493760.12, "Total Cost": 1495623.71, "Plan Rows": 745437, "Plan Width": 16, "Sort Key": ["lineitem.l_suppkey"], "Plans": [{"Node Type": "Bitmap Heap Scan", "Parent Relationship": "Outer", "Parallel Aware": true, "Relation Name": "lineitem", "Alias": "lineitem", "Startup Cost": 33488.94, "Total Cost": 1413589.21, "Plan Rows": 745437, "Plan Width": 16, "Recheck Cond": "((l_shipdate >= '1993-04-01'::date) AND (l_shipdate < '1993-07-01 00:00:00'::timestamp without time zone))", "Plans": [{"Node Type": "Bitmap Index Scan", "Parent Relationship": "Outer", "Parallel Aware": false, "Index Name": "idx_lineitem_shipdate", "Startup Cost": 0.0, "Total Cost": 32911.23, "Plan Rows": 2310856, "Plan Width": 0, "Index Cond": "((l_shipdate >= '1993-04-01'::date) AND (l_shipdate < '1993-07-01 00:00:00'::timestamp without time zone))"}]}]}]}]}]}, {"Node Type": "Bitmap Heap Scan", "Parent Relationship": "Inner", "Parallel Aware": false, "Relation Name": "supplier", "Alias": "supplier", "Startup Cost": 0.88, "Total Cost": 1.99, "Plan Rows": 1, "Plan Width": 71, "Recheck Cond": "(s_suppkey = lineitem.l_suppkey)", "Plans": [{"Node Type": "Bitmap Index Scan", "Parent Relationship": "Outer", "Parallel Aware": false, "Index Name": "supplier_pkey", "Startup Cost": 0.0, "Total Cost": 0.88, "Plan Rows": 1, "Plan Width": 0, "Index Cond": "(s_suppkey = lineitem.l_suppkey)"}]}]}]}}, {"Plan": {"Node Type": "Limit", "Parallel Aware": false, "Startup Cost": 3095659.61, "Total Cost": 3095659.61, "Plan Rows": 1, "Plan Width": 103, "Plans": [{"Node Type": "Aggregate", "Strategy": "Plain", "Partial Mode": "Simple", "Parent Relationship": "InitPlan", "Subplan Name": "InitPlan 1 (returns $1)", "Parallel Aware": false, "Startup Cost": 1545218.4, "Total Cost": 1545218.41, "Plan Rows": 1, "Plan Width": 32, "Plans": [{"Node Type": "Aggregate", "Strategy": "Sorted", "Partial Mode": "Finalize", "Parent Relationship": "Outer", "Parallel Aware": false, "Startup Cost": 1494760.16, "Total Cost": 1543971.72, "Plan Rows": 99734, "Plan Width": 36, "Group Key": ["lineitem_1.l_suppkey"], "Plans": [{"Node Type": "Gather Merge", "Parent Relationship": "Outer", "Parallel Aware": false, "Startup Cost": 1494760.16, "Total Cost": 1540481.03, "Plan Rows": 299202, "Plan Width": 36, "Workers Planned": 3, "Plans": [{"Node Type": "Aggregate", "Strategy": "Sorted", "Partial Mode": "Partial", "Parent Relationship": "Outer", "Parallel Aware": false, "Startup Cost": 1493760.12, "Total Cost": 1504324.76, "Plan Rows": 99734, "Plan Width": 36, "Group Key": ["lineitem_1.l_suppkey"], "Plans": [{"Node Type": "Sort", "Parent Relationship": "Outer", "Parallel Aware": false, "Startup Cost": 1493760.12, "Total Cost": 1495623.71, "Plan Rows": 745437, "Plan Width": 16, "Sort Key": ["lineitem_1.l_suppkey"], "Plans": [{"Node Type": "Bitmap Heap Scan", "Parent Relationship": "Outer", "Parallel Aware": true, "Relation Name": "lineitem", "Alias": "lineitem_1", "Startup Cost": 33488.94, "Total Cost": 1413589.21, "Plan Rows": 745437, "Plan Width": 16, "Recheck Cond": "((l_shipdate >= '1993-04-01'::date) AND (l_shipdate < '1993-07-01 00:00:00'::timestamp without time zone))", "Plans": [{"Node Type": "Bitmap Index Scan", "Parent Relationship": "Outer", "Parallel Aware": false, "Index Name": "idx_lineitem_shipdate", "Startup Cost": 0.0, "Total Cost": 32911.23, "Plan Rows": 2310856, "Plan Width": 0, "Index Cond": "((l_shipdate >= '1993-04-01'::date) AND (l_shipdate < '1993-07-01 00:00:00'::timestamp without time zone))"}]}]}]}]}]}]}, {"Node Type": "Sort", "Parent Relationship": "Outer", "Parallel Aware": false, "Startup Cost": 1550441.2, "Total Cost": 1550442.45, "Plan Rows": 499, "Plan Width": 103, "Sort Key": ["supplier.s_suppkey"], "Plans": [{"Node Type": "Hash Join", "Parent Relationship": "Outer", "Parallel Aware": false, "Join Type": "Inner", "Startup Cost": 1499226.16, "Total Cost": 1550438.7, "Plan Rows": 499, "Plan Width": 103, "Inner Unique": true, "Hash Cond": "(lineitem.l_suppkey = supplier.s_suppkey)", "Plans": [{"Node Type": "Aggregate", "Strategy": "Sorted", "Partial Mode": "Finalize", "Parent Relationship": "Outer", "Parallel Aware": false, "Startup Cost": 1494760.16, "Total Cost": 1545966.4, "Plan Rows": 499, "Plan Width": 36, "Group Key": ["lineitem.l_suppkey"], "Filter": "(sum((lineitem.l_extendedprice * ('1'::numeric - lineitem.l_discount))) = $1)", "Plans": [{"Node Type": "Gather Merge", "Parent Relationship": "Outer", "Parallel Aware": false, "Startup Cost": 1494760.16, "Total Cost": 1540481.03, "Plan Rows": 299202, "Plan Width": 36, "Workers Planned": 3, "Plans": [{"Node Type": "Aggregate", "Strategy": "Sorted", "Partial Mode": "Partial", "Parent Relationship": "Outer", "Parallel Aware": false, "Startup Cost": 1493760.12, "Total Cost": 1504324.76, "Plan Rows": 99734, "Plan Width": 36, "Group Key": ["lineitem.l_suppkey"], "Plans": [{"Node Type": "Sort", "Parent Relationship": "Outer", "Parallel Aware": false, "Startup Cost": 1493760.12, "Total Cost": 1495623.71, "Plan Rows": 745437, "Plan Width": 16, "Sort Key": ["lineitem.l_suppkey"], "Plans": [{"Node Type": "Bitmap Heap Scan", "Parent Relationship": "Outer", "Parallel Aware": true, "Relation Name": "lineitem", "Alias": "lineitem", "Startup Cost": 33488.94, "Total Cost": 1413589.21, "Plan Rows": 745437, "Plan Width": 16, "Recheck Cond": "((l_shipdate >= '1993-04-01'::date) AND (l_shipdate < '1993-07-01 00:00:00'::timestamp without time zone))", "Plans": [{"Node Type": "Bitmap Index Scan", "Parent Relationship": "Outer", "Parallel Aware": false, "Index Name": "idx_lineitem_shipdate", "Startup Cost": 0.0, "Total Cost": 32911.23, "Plan Rows": 2310856, "Plan Width": 0, "Index Cond": "((l_shipdate >= '1993-04-01'::date) AND (l_shipdate < '1993-07-01 00:00:00'::timestamp without time zone))"}]}]}]}]}]}, {"Node Type": "Hash", "Parent Relationship": "Inner", "Parallel Aware": false, "Startup Cost": 3216.0, "Total Cost": 3216.0, "Plan Rows": 100000, "Plan Width": 71, "Plans": [{"Node Type": "Seq Scan", "Parent Relationship": "Outer", "Parallel Aware": false, "Relation Name": "supplier", "Alias": "supplier", "Startup Cost": 0.0, "Total Cost": 3216.0, "Plan Rows": 100000, "Plan Width": 71}]}]}]}]}}, {"Plan": {"Node Type": "Limit", "Parallel Aware": false, "Startup Cost": 2824004.34, "Total Cost": 2824004.34, "Plan Rows": 1, "Plan Width": 103, "Plans": [{"Node Type": "Aggregate", "Strategy": "Plain", "Partial Mode": "Simple", "Parent Relationship": "InitPlan", "Subplan Name": "InitPlan 1 (returns $1)", "Parallel Aware": false, "Startup Cost": 1408988.72, "Total Cost": 1408988.73, "Plan Rows": 1, "Plan Width": 32, "Plans": [{"Node Type": "Aggregate", "Strategy": "Sorted", "Partial Mode": "Finalize", "Parent Relationship": "Outer", "Parallel Aware": false, "Startup Cost": 1358530.48, "Total Cost": 1407742.04, "Plan Rows": 99734, "Plan Width": 36, "Group Key": ["lineitem_1.l_suppkey"], "Plans": [{"Node Type": "Gather Merge", "Parent Relationship": "Outer", "Parallel Aware": false, "Startup Cost": 1358530.48, "Total Cost": 1404251.35, "Plan Rows": 299202, "Plan Width": 36, "Workers Planned": 3, "Plans": [{"Node Type": "Aggregate", "Strategy": "Sorted", "Partial Mode": "Partial", "Parent Relationship": "Outer", "Parallel Aware": false, "Startup Cost": 1357530.44, "Total Cost": 1368095.08, "Plan Rows": 99734, "Plan Width": 36, "Group Key": ["lineitem_1.l_suppkey"], "Plans": [{"Node Type": "Sort", "Parent Relationship": "Outer", "Parallel Aware": false, "Startup Cost": 1357530.44, "Total Cost": 1359394.03, "Plan Rows": 745437, "Plan Width": 16, "Sort Key": ["lineitem_1.l_suppkey"], "Plans": [{"Node Type": "Index Scan", "Parent Relationship": "Outer", "Parallel Aware": true, "Scan Direction": "Forward", "Index Name": "idx_lineitem_shipdate", "Relation Name": "lineitem", "Alias": "lineitem_1", "Startup Cost": 0.56, "Total Cost": 1277359.53, "Plan Rows": 745437, "Plan Width": 16, "Index Cond": "((l_shipdate >= '1993-04-01'::date) AND (l_shipdate < '1993-07-01 00:00:00'::timestamp without time zone))"}]}]}]}]}]}, {"Node Type": "Sort", "Parent Relationship": "Outer", "Parallel Aware": false, "Startup Cost": 1415015.61, "Total Cost": 1415016.86, "Plan Rows": 499, "Plan Width": 103, "Sort Key": ["supplier.s_suppkey"], "Plans": [{"Node Type": "Hash Join", "Parent Relationship": "Outer", "Parallel Aware": false, "Join Type": "Inner", "Startup Cost": 1363800.58, "Total Cost": 1415013.12, "Plan Rows": 499, "Plan Width": 103, "Inner Unique": true, "Hash Cond": "(lineitem.l_suppkey = supplier.s_suppkey)", "Plans": [{"Node Type": "Aggregate", "Strategy": "Sorted", "Partial Mode": "Finalize", "Parent Relationship": "Outer", "Parallel Aware": false, "Startup Cost": 1358530.48, "Total Cost": 1409736.72, "Plan Rows": 499, "Plan Width": 36, "Group Key": ["lineitem.l_suppkey"], "Filter": "(sum((lineitem.l_extendedprice * ('1'::numeric - lineitem.l_discount))) = $1)", "Plans": [{"Node Type": "Gather Merge", "Parent Relationship": "Outer", "Parallel Aware": false, "Startup Cost": 1358530.48, "Total Cost": 1404251.35, "Plan Rows": 299202, "Plan Width": 36, "Workers Planned": 3, "Plans": [{"Node Type": "Aggregate", "Strategy": "Sorted", "Partial Mode": "Partial", "Parent Relationship": "Outer", "Parallel Aware": false, "Startup Cost": 1357530.44, "Total Cost": 1368095.08, "Plan Rows": 99734, "Plan Width": 36, "Group Key": ["lineitem.l_suppkey"], "Plans": [{"Node Type": "Sort", "Parent Relationship": "Outer", "Parallel Aware": false, "Startup Cost": 1357530.44, "Total Cost": 1359394.03, "Plan Rows": 745437, "Plan Width": 16, "Sort Key": ["lineitem.l_suppkey"], "Plans": [{"Node Type": "Index Scan", "Parent Relationship": "Outer", "Parallel Aware": true, "Scan Direction": "Forward", "Index Name": "idx_lineitem_shipdate", "Relation Name": "lineitem", "Alias": "lineitem", "Startup Cost": 0.56, "Total Cost": 1277359.53, "Plan Rows": 745437, "Plan Width": 16, "Index Cond": "((l_shipdate >= '1993-04-01'::date) AND (l_shipdate < '1993-07-01 00:00:00'::timestamp without time zone))"}]}]}]}]}, {"Node Type": "Hash", "Parent Relationship": "Inner", "Parallel Aware": false, "Startup Cost": 4020.1, "Total Cost": 4020.1, "Plan Rows": 100000, "Plan Width": 71, "Plans": [{"Node Type": "Index Scan", "Parent Relationship": "Outer", "Parallel Aware": false, "Scan Direction": "Forward", "Index Name": "supplier_pkey", "Relation Name": "supplier", "Alias": "supplier", "Startup Cost": 0.29, "Total Cost": 4020.1, "Plan Rows": 100000, "Plan Width": 71}]}]}]}]}}, {"Plan": {"Node Type": "Limit", "Parallel Aware": false, "Startup Cost": 2767519.5, "Total Cost": 2767630.7, "Plan Rows": 1, "Plan Width": 103, "Plans": [{"Node Type": "Aggregate", "Strategy": "Plain", "Partial Mode": "Simple", "Parent Relationship": "InitPlan", "Subplan Name": "InitPlan 1 (returns $1)", "Parallel Aware": false, "Startup Cost": 1408988.72, "Total Cost": 1408988.73, "Plan Rows": 1, "Plan Width": 32, "Plans": [{"Node Type": "Aggregate", "Strategy": "Sorted", "Partial Mode": "Finalize", "Parent Relationship": "Outer", "Parallel Aware": false, "Startup Cost": 1358530.48, "Total Cost": 1407742.04, "Plan Rows": 99734, "Plan Width": 36, "Group Key": ["lineitem_1.l_suppkey"], "Plans": [{"Node Type": "Gather Merge", "Parent Relationship": "Outer", "Parallel Aware": false, "Startup Cost": 1358530.48, "Total Cost": 1404251.35, "Plan Rows": 299202, "Plan Width": 36, "Workers Planned": 3, "Plans": [{"Node Type": "Aggregate", "Strategy": "Sorted", "Partial Mode": "Partial", "Parent Relationship": "Outer", "Parallel Aware": false, "Startup Cost": 1357530.44, "Total Cost": 1368095.08, "Plan Rows": 99734, "Plan Width": 36, "Group Key": ["lineitem_1.l_suppkey"], "Plans": [{"Node Type": "Sort", "Parent Relationship": "Outer", "Parallel Aware": false, "Startup Cost": 1357530.44, "Total Cost": 1359394.03, "Plan Rows": 745437, "Plan Width": 16, "Sort Key": ["lineitem_1.l_suppkey"], "Plans": [{"Node Type": "Index Scan", "Parent Relationship": "Outer", "Parallel Aware": true, "Scan Direction": "Forward", "Index Name": "idx_lineitem_shipdate", "Relation Name": "lineitem", "Alias": "lineitem_1", "Startup Cost": 0.56, "Total Cost": 1277359.53, "Plan Rows": 745437, "Plan Width": 16, "Index Cond": "((l_shipdate >= '1993-04-01'::date) AND (l_shipdate < '1993-07-01 00:00:00'::timestamp without time zone))"}]}]}]}]}]}, {"Node Type": "Merge Join", "Parent Relationship": "Outer", "Parallel Aware": false, "Join Type": "Inner", "Startup Cost": 1358530.77, "Total Cost": 1414018.05, "Plan Rows": 499, "Plan Width": 103, "Inner Unique": true, "Merge Cond": "(supplier.s_suppkey = lineitem.l_suppkey)", "Plans": [{"Node Type": "Index Scan", "Parent Relationship": "Outer", "Parallel Aware": false, "Scan Direction": "Forward", "Index Name": "supplier_pkey", "Relation Name": "supplier", "Alias": "supplier", "Startup Cost": 0.29, "Total Cost": 4020.1, "Plan Rows": 100000, "Plan Width": 71}, {"Node Type": "Aggregate", "Strategy": "Sorted", "Partial Mode": "Finalize", "Parent Relationship": "Inner", "Parallel Aware": false, "Startup Cost": 1358530.48, "Total Cost": 1409736.72, "Plan Rows": 499, "Plan Width": 36, "Group Key": ["lineitem.l_suppkey"], "Filter": "(sum((lineitem.l_extendedprice * ('1'::numeric - lineitem.l_discount))) = $1)", "Plans": [{"Node Type": "Gather Merge", "Parent Relationship": "Outer", "Parallel Aware": false, "Startup Cost": 1358530.48, "Total Cost": 1404251.35, "Plan Rows": 299202, "Plan Width": 36, "Workers Planned": 3, "Plans": [{"Node Type": "Aggregate", "Strategy": "Sorted", "Partial Mode": "Partial", "Parent Relationship": "Outer", "Parallel Aware": false, "Startup Cost": 1357530.44, "Total Cost": 1368095.08, "Plan Rows": 99734, "Plan Width": 36, "Group Key": ["lineitem.l_suppkey"], "Plans": [{"Node Type": "Sort", "Parent Relationship": "Outer", "Parallel Aware": false, "Startup Cost": 1357530.44, "Total Cost": 1359394.03, "Plan Rows": 745437, "Plan Width": 16, "Sort Key": ["lineitem.l_suppkey"], "Plans": [{"Node Type": "Index Scan", "Parent Relationship": "Outer", "Parallel Aware": true, "Scan Direction": "Forward", "Index Name": "idx_lineitem_shipdate", "Relation Name": "lineitem", "Alias": "lineitem", "Startup Cost": 0.56, "Total Cost": 1277359.53, "Plan Rows": 745437, "Plan Width": 16, "Index Cond": "((l_shipdate >= '1993-04-01'::date) AND (l_shipdate < '1993-07-01 00:00:00'::timestamp without time zone))"}]}]}]}]}]}]}}, {"Plan": {"Node Type": "Limit", "Parallel Aware": false, "Startup Cost": 2767519.5, "Total Cost": 2767624.0, "Plan Rows": 1, "Plan Width": 103, "Plans": [{"Node Type": "Aggregate", "Strategy": "Plain", "Partial Mode": "Simple", "Parent Relationship": "InitPlan", "Subplan Name": "InitPlan 1 (returns $1)", "Parallel Aware": false, "Startup Cost": 1408988.72, "Total Cost": 1408988.73, "Plan Rows": 1, "Plan Width": 32, "Plans": [{"Node Type": "Aggregate", "Strategy": "Sorted", "Partial Mode": "Finalize", "Parent Relationship": "Outer", "Parallel Aware": false, "Startup Cost": 1358530.48, "Total Cost": 1407742.04, "Plan Rows": 99734, "Plan Width": 36, "Group Key": ["lineitem_1.l_suppkey"], "Plans": [{"Node Type": "Gather Merge", "Parent Relationship": "Outer", "Parallel Aware": false, "Startup Cost": 1358530.48, "Total Cost": 1404251.35, "Plan Rows": 299202, "Plan Width": 36, "Workers Planned": 3, "Plans": [{"Node Type": "Aggregate", "Strategy": "Sorted", "Partial Mode": "Partial", "Parent Relationship": "Outer", "Parallel Aware": false, "Startup Cost": 1357530.44, "Total Cost": 1368095.08, "Plan Rows": 99734, "Plan Width": 36, "Group Key": ["lineitem_1.l_suppkey"], "Plans": [{"Node Type": "Sort", "Parent Relationship": "Outer", "Parallel Aware": false, "Startup Cost": 1357530.44, "Total Cost": 1359394.03, "Plan Rows": 745437, "Plan Width": 16, "Sort Key": ["lineitem_1.l_suppkey"], "Plans": [{"Node Type": "Index Scan", "Parent Relationship": "Outer", "Parallel Aware": true, "Scan Direction": "Forward", "Index Name": "idx_lineitem_shipdate", "Relation Name": "lineitem", "Alias": "lineitem_1", "Startup Cost": 0.56, "Total Cost": 1277359.53, "Plan Rows": 745437, "Plan Width": 16, "Index Cond": "((l_shipdate >= '1993-04-01'::date) AND (l_shipdate < '1993-07-01 00:00:00'::timestamp without time zone))"}]}]}]}]}]}, {"Node Type": "Nested Loop", "Parent Relationship": "Outer", "Parallel Aware": false, "Join Type": "Inner", "Startup Cost": 1358530.77, "Total Cost": 1410679.6, "Plan Rows": 499, "Plan Width": 103, "Inner Unique": true, "Plans": [{"Node Type": "Aggregate", "Strategy": "Sorted", "Partial Mode": "Finalize", "Parent Relationship": "Outer", "Parallel Aware": false, "Startup Cost": 1358530.48, "Total Cost": 1409736.72, "Plan Rows": 499, "Plan Width": 36, "Group Key": ["lineitem.l_suppkey"], "Filter": "(sum((lineitem.l_extendedprice * ('1'::numeric - lineitem.l_discount))) = $1)", "Plans": [{"Node Type": "Gather Merge", "Parent Relationship": "Outer", "Parallel Aware": false, "Startup Cost": 1358530.48, "Total Cost": 1404251.35, "Plan Rows": 299202, "Plan Width": 36, "Workers Planned": 3, "Plans": [{"Node Type": "Aggregate", "Strategy": "Sorted", "Partial Mode": "Partial", "Parent Relationship": "Outer", "Parallel Aware": false, "Startup Cost": 1357530.44, "Total Cost": 1368095.08, "Plan Rows": 99734, "Plan Width": 36, "Group Key": ["lineitem.l_suppkey"], "Plans": [{"Node Type": "Sort", "Parent Relationship": "Outer", "Parallel Aware": false, "Startup Cost": 1357530.44, "Total Cost": 1359394.03, "Plan Rows": 745437, "Plan Width": 16, "Sort Key": ["lineitem.l_suppkey"], "Plans": [{"Node Type": "Index Scan", "Parent Relationship": "Outer", "Parallel Aware": true, "Scan Direction": "Forward", "Index Name": "idx_lineitem_shipdate", "Relation Name": "lineitem", "Alias": "lineitem", "Startup Cost": 0.56, "Total Cost": 1277359.53, "Plan Rows": 745437, "Plan Width": 16, "Index Cond": "((l_shipdate >= '1993-04-01'::date) AND (l_shipdate < '1993-07-01 00:00:00'::timestamp without time zone))"}]}]}]}]}, {"Node Type": "Index Scan", "Parent Relationship": "Inner", "Parallel Aware": false, "Scan Direction": "Forward", "Index Name": "supplier_pkey", "Relation Name": "supplier", "Alias": "supplier", "Startup Cost": 0.29, "Total Cost": 1.88, "Plan Rows": 1, "Plan Width": 71, "Index Cond": "(s_suppkey = lineitem.l_suppkey)"}]}]}}, {"Plan": {"Node Type": "Limit", "Parallel Aware": false, "Startup Cost": 2767519.5, "Total Cost": 2767624.0, "Plan Rows": 1, "Plan Width": 103, "Plans": [{"Node Type": "Aggregate", "Strategy": "Plain", "Partial Mode": "Simple", "Parent Relationship": "InitPlan", "Subplan Name": "InitPlan 1 (returns $1)", "Parallel Aware": false, "Startup Cost": 1408988.72, "Total Cost": 1408988.73, "Plan Rows": 1, "Plan Width": 32, "Plans": [{"Node Type": "Aggregate", "Strategy": "Sorted", "Partial Mode": "Finalize", "Parent Relationship": "Outer", "Parallel Aware": false, "Startup Cost": 1358530.48, "Total Cost": 1407742.04, "Plan Rows": 99734, "Plan Width": 36, "Group Key": ["lineitem_1.l_suppkey"], "Plans": [{"Node Type": "Gather Merge", "Parent Relationship": "Outer", "Parallel Aware": false, "Startup Cost": 1358530.48, "Total Cost": 1404251.35, "Plan Rows": 299202, "Plan Width": 36, "Workers Planned": 3, "Plans": [{"Node Type": "Aggregate", "Strategy": "Sorted", "Partial Mode": "Partial", "Parent Relationship": "Outer", "Parallel Aware": false, "Startup Cost": 1357530.44, "Total Cost": 1368095.08, "Plan Rows": 99734, "Plan Width": 36, "Group Key": ["lineitem_1.l_suppkey"], "Plans": [{"Node Type": "Sort", "Parent Relationship": "Outer", "Parallel Aware": false, "Startup Cost": 1357530.44, "Total Cost": 1359394.03, "Plan Rows": 745437, "Plan Width": 16, "Sort Key": ["lineitem_1.l_suppkey"], "Plans": [{"Node Type": "Index Scan", "Parent Relationship": "Outer", "Parallel Aware": true, "Scan Direction": "Forward", "Index Name": "idx_lineitem_shipdate", "Relation Name": "lineitem", "Alias": "lineitem_1", "Startup Cost": 0.56, "Total Cost": 1277359.53, "Plan Rows": 745437, "Plan Width": 16, "Index Cond": "((l_shipdate >= '1993-04-01'::date) AND (l_shipdate < '1993-07-01 00:00:00'::timestamp without time zone))"}]}]}]}]}]}, {"Node Type": "Nested Loop", "Parent Relationship": "Outer", "Parallel Aware": false, "Join Type": "Inner", "Startup Cost": 1358530.77, "Total Cost": 1410679.6, "Plan Rows": 499, "Plan Width": 103, "Inner Unique": true, "Plans": [{"Node Type": "Aggregate", "Strategy": "Sorted", "Partial Mode": "Finalize", "Parent Relationship": "Outer", "Parallel Aware": false, "Startup Cost": 1358530.48, "Total Cost": 1409736.72, "Plan Rows": 499, "Plan Width": 36, "Group Key": ["lineitem.l_suppkey"], "Filter": "(sum((lineitem.l_extendedprice * ('1'::numeric - lineitem.l_discount))) = $1)", "Plans": [{"Node Type": "Gather Merge", "Parent Relationship": "Outer", "Parallel Aware": false, "Startup Cost": 1358530.48, "Total Cost": 1404251.35, "Plan Rows": 299202, "Plan Width": 36, "Workers Planned": 3, "Plans": [{"Node Type": "Aggregate", "Strategy": "Sorted", "Partial Mode": "Partial", "Parent Relationship": "Outer", "Parallel Aware": false, "Startup Cost": 1357530.44, "Total Cost": 1368095.08, "Plan Rows": 99734, "Plan Width": 36, "Group Key": ["lineitem.l_suppkey"], "Plans": [{"Node Type": "Sort", "Parent Relationship": "Outer", "Parallel Aware": false, "Startup Cost": 1357530.44, "Total Cost": 1359394.03, "Plan Rows": 745437, "Plan Width": 16, "Sort Key": ["lineitem.l_suppkey"], "Plans": [{"Node Type": "Index Scan", "Parent Relationship": "Outer", "Parallel Aware": true, "Scan Direction": "Forward", "Index Name": "idx_lineitem_shipdate", "Relation Name": "lineitem", "Alias": "lineitem", "Startup Cost": 0.56, "Total Cost": 1277359.53, "Plan Rows": 745437, "Plan Width": 16, "Index Cond": "((l_shipdate >= '1993-04-01'::date) AND (l_shipdate < '1993-07-01 00:00:00'::timestamp without time zone))"}]}]}]}]}, {"Node Type": "Index Scan", "Parent Relationship": "Inner", "Parallel Aware": false, "Scan Direction": "Forward", "Index Name": "supplier_pkey", "Relation Name": "supplier", "Alias": "supplier", "Startup Cost": 0.29, "Total Cost": 1.88, "Plan Rows": 1, "Plan Width": 71, "Index Cond": "(s_suppkey = lineitem.l_suppkey)"}]}]}}, {"Plan": {"Node Type": "Limit", "Parallel Aware": false, "Startup Cost": 2767519.5, "Total Cost": 2767630.7, "Plan Rows": 1, "Plan Width": 103, "Plans": [{"Node Type": "Aggregate", "Strategy": "Plain", "Partial Mode": "Simple", "Parent Relationship": "InitPlan", "Subplan Name": "InitPlan 1 (returns $1)", "Parallel Aware": false, "Startup Cost": 1408988.72, "Total Cost": 1408988.73, "Plan Rows": 1, "Plan Width": 32, "Plans": [{"Node Type": "Aggregate", "Strategy": "Sorted", "Partial Mode": "Finalize", "Parent Relationship": "Outer", "Parallel Aware": false, "Startup Cost": 1358530.48, "Total Cost": 1407742.04, "Plan Rows": 99734, "Plan Width": 36, "Group Key": ["lineitem_1.l_suppkey"], "Plans": [{"Node Type": "Gather Merge", "Parent Relationship": "Outer", "Parallel Aware": false, "Startup Cost": 1358530.48, "Total Cost": 1404251.35, "Plan Rows": 299202, "Plan Width": 36, "Workers Planned": 3, "Plans": [{"Node Type": "Aggregate", "Strategy": "Sorted", "Partial Mode": "Partial", "Parent Relationship": "Outer", "Parallel Aware": false, "Startup Cost": 1357530.44, "Total Cost": 1368095.08, "Plan Rows": 99734, "Plan Width": 36, "Group Key": ["lineitem_1.l_suppkey"], "Plans": [{"Node Type": "Sort", "Parent Relationship": "Outer", "Parallel Aware": false, "Startup Cost": 1357530.44, "Total Cost": 1359394.03, "Plan Rows": 745437, "Plan Width": 16, "Sort Key": ["lineitem_1.l_suppkey"], "Plans": [{"Node Type": "Index Scan", "Parent Relationship": "Outer", "Parallel Aware": true, "Scan Direction": "Forward", "Index Name": "idx_lineitem_shipdate", "Relation Name": "lineitem", "Alias": "lineitem_1", "Startup Cost": 0.56, "Total Cost": 1277359.53, "Plan Rows": 745437, "Plan Width": 16, "Index Cond": "((l_shipdate >= '1993-04-01'::date) AND (l_shipdate < '1993-07-01 00:00:00'::timestamp without time zone))"}]}]}]}]}]}, {"Node Type": "Merge Join", "Parent Relationship": "Outer", "Parallel Aware": false, "Join Type": "Inner", "Startup Cost": 1358530.77, "Total Cost": 1414018.05, "Plan Rows": 499, "Plan Width": 103, "Inner Unique": true, "Merge Cond": "(supplier.s_suppkey = lineitem.l_suppkey)", "Plans": [{"Node Type": "Index Scan", "Parent Relationship": "Outer", "Parallel Aware": false, "Scan Direction": "Forward", "Index Name": "supplier_pkey", "Relation Name": "supplier", "Alias": "supplier", "Startup Cost": 0.29, "Total Cost": 4020.1, "Plan Rows": 100000, "Plan Width": 71}, {"Node Type": "Aggregate", "Strategy": "Sorted", "Partial Mode": "Finalize", "Parent Relationship": "Inner", "Parallel Aware": false, "Startup Cost": 1358530.48, "Total Cost": 1409736.72, "Plan Rows": 499, "Plan Width": 36, "Group Key": ["lineitem.l_suppkey"], "Filter": "(sum((lineitem.l_extendedprice * ('1'::numeric - lineitem.l_discount))) = $1)", "Plans": [{"Node Type": "Gather Merge", "Parent Relationship": "Outer", "Parallel Aware": false, "Startup Cost": 1358530.48, "Total Cost": 1404251.35, "Plan Rows": 299202, "Plan Width": 36, "Workers Planned": 3, "Plans": [{"Node Type": "Aggregate", "Strategy": "Sorted", "Partial Mode": "Partial", "Parent Relationship": "Outer", "Parallel Aware": false, "Startup Cost": 1357530.44, "Total Cost": 1368095.08, "Plan Rows": 99734, "Plan Width": 36, "Group Key": ["lineitem.l_suppkey"], "Plans": [{"Node Type": "Sort", "Parent Relationship": "Outer", "Parallel Aware": false, "Startup Cost": 1357530.44, "Total Cost": 1359394.03, "Plan Rows": 745437, "Plan Width": 16, "Sort Key": ["lineitem.l_suppkey"], "Plans": [{"Node Type": "Index Scan", "Parent Relationship": "Outer", "Parallel Aware": true, "Scan Direction": "Forward", "Index Name": "idx_lineitem_shipdate", "Relation Name": "lineitem", "Alias": "lineitem", "Startup Cost": 0.56, "Total Cost": 1277359.53, "Plan Rows": 745437, "Plan Width": 16, "Index Cond": "((l_shipdate >= '1993-04-01'::date) AND (l_shipdate < '1993-07-01 00:00:00'::timestamp without time zone))"}]}]}]}]}]}]}}, {"Plan": {"Node Type": "Limit", "Parallel Aware": false, "Startup Cost": 2767519.5, "Total Cost": 2767624.0, "Plan Rows": 1, "Plan Width": 103, "Plans": [{"Node Type": "Aggregate", "Strategy": "Plain", "Partial Mode": "Simple", "Parent Relationship": "InitPlan", "Subplan Name": "InitPlan 1 (returns $1)", "Parallel Aware": false, "Startup Cost": 1408988.72, "Total Cost": 1408988.73, "Plan Rows": 1, "Plan Width": 32, "Plans": [{"Node Type": "Aggregate", "Strategy": "Sorted", "Partial Mode": "Finalize", "Parent Relationship": "Outer", "Parallel Aware": false, "Startup Cost": 1358530.48, "Total Cost": 1407742.04, "Plan Rows": 99734, "Plan Width": 36, "Group Key": ["lineitem_1.l_suppkey"], "Plans": [{"Node Type": "Gather Merge", "Parent Relationship": "Outer", "Parallel Aware": false, "Startup Cost": 1358530.48, "Total Cost": 1404251.35, "Plan Rows": 299202, "Plan Width": 36, "Workers Planned": 3, "Plans": [{"Node Type": "Aggregate", "Strategy": "Sorted", "Partial Mode": "Partial", "Parent Relationship": "Outer", "Parallel Aware": false, "Startup Cost": 1357530.44, "Total Cost": 1368095.08, "Plan Rows": 99734, "Plan Width": 36, "Group Key": ["lineitem_1.l_suppkey"], "Plans": [{"Node Type": "Sort", "Parent Relationship": "Outer", "Parallel Aware": false, "Startup Cost": 1357530.44, "Total Cost": 1359394.03, "Plan Rows": 745437, "Plan Width": 16, "Sort Key": ["lineitem_1.l_suppkey"], "Plans": [{"Node Type": "Index Scan", "Parent Relationship": "Outer", "Parallel Aware": true, "Scan Direction": "Forward", "Index Name": "idx_lineitem_shipdate", "Relation Name": "lineitem", "Alias": "lineitem_1", "Startup Cost": 0.56, "Total Cost": 1277359.53, "Plan Rows": 745437, "Plan Width": 16, "Index Cond": "((l_shipdate >= '1993-04-01'::date) AND (l_shipdate < '1993-07-01 00:00:00'::timestamp without time zone))"}]}]}]}]}]}, {"Node Type": "Nested Loop", "Parent Relationship": "Outer", "Parallel Aware": false, "Join Type": "Inner", "Startup Cost": 1358530.77, "Total Cost": 1410679.6, "Plan Rows": 499, "Plan Width": 103, "Inner Unique": true, "Plans": [{"Node Type": "Aggregate", "Strategy": "Sorted", "Partial Mode": "Finalize", "Parent Relationship": "Outer", "Parallel Aware": false, "Startup Cost": 1358530.48, "Total Cost": 1409736.72, "Plan Rows": 499, "Plan Width": 36, "Group Key": ["lineitem.l_suppkey"], "Filter": "(sum((lineitem.l_extendedprice * ('1'::numeric - lineitem.l_discount))) = $1)", "Plans": [{"Node Type": "Gather Merge", "Parent Relationship": "Outer", "Parallel Aware": false, "Startup Cost": 1358530.48, "Total Cost": 1404251.35, "Plan Rows": 299202, "Plan Width": 36, "Workers Planned": 3, "Plans": [{"Node Type": "Aggregate", "Strategy": "Sorted", "Partial Mode": "Partial", "Parent Relationship": "Outer", "Parallel Aware": false, "Startup Cost": 1357530.44, "Total Cost": 1368095.08, "Plan Rows": 99734, "Plan Width": 36, "Group Key": ["lineitem.l_suppkey"], "Plans": [{"Node Type": "Sort", "Parent Relationship": "Outer", "Parallel Aware": false, "Startup Cost": 1357530.44, "Total Cost": 1359394.03, "Plan Rows": 745437, "Plan Width": 16, "Sort Key": ["lineitem.l_suppkey"], "Plans": [{"Node Type": "Index Scan", "Parent Relationship": "Outer", "Parallel Aware": true, "Scan Direction": "Forward", "Index Name": "idx_lineitem_shipdate", "Relation Name": "lineitem", "Alias": "lineitem", "Startup Cost": 0.56, "Total Cost": 1277359.53, "Plan Rows": 745437, "Plan Width": 16, "Index Cond": "((l_shipdate >= '1993-04-01'::date) AND (l_shipdate < '1993-07-01 00:00:00'::timestamp without time zone))"}]}]}]}]}, {"Node Type": "Index Scan", "Parent Relationship": "Inner", "Parallel Aware": false, "Scan Direction": "Forward", "Index Name": "supplier_pkey", "Relation Name": "supplier", "Alias": "supplier", "Startup Cost": 0.29, "Total Cost": 1.88, "Plan Rows": 1, "Plan Width": 71, "Index Cond": "(s_suppkey = lineitem.l_suppkey)"}]}]}}, {"Plan": {"Node Type": "Limit", "Parallel Aware": false, "Startup Cost": 2767519.5, "Total Cost": 2767624.0, "Plan Rows": 1, "Plan Width": 103, "Plans": [{"Node Type": "Aggregate", "Strategy": "Plain", "Partial Mode": "Simple", "Parent Relationship": "InitPlan", "Subplan Name": "InitPlan 1 (returns $1)", "Parallel Aware": false, "Startup Cost": 1408988.72, "Total Cost": 1408988.73, "Plan Rows": 1, "Plan Width": 32, "Plans": [{"Node Type": "Aggregate", "Strategy": "Sorted", "Partial Mode": "Finalize", "Parent Relationship": "Outer", "Parallel Aware": false, "Startup Cost": 1358530.48, "Total Cost": 1407742.04, "Plan Rows": 99734, "Plan Width": 36, "Group Key": ["lineitem_1.l_suppkey"], "Plans": [{"Node Type": "Gather Merge", "Parent Relationship": "Outer", "Parallel Aware": false, "Startup Cost": 1358530.48, "Total Cost": 1404251.35, "Plan Rows": 299202, "Plan Width": 36, "Workers Planned": 3, "Plans": [{"Node Type": "Aggregate", "Strategy": "Sorted", "Partial Mode": "Partial", "Parent Relationship": "Outer", "Parallel Aware": false, "Startup Cost": 1357530.44, "Total Cost": 1368095.08, "Plan Rows": 99734, "Plan Width": 36, "Group Key": ["lineitem_1.l_suppkey"], "Plans": [{"Node Type": "Sort", "Parent Relationship": "Outer", "Parallel Aware": false, "Startup Cost": 1357530.44, "Total Cost": 1359394.03, "Plan Rows": 745437, "Plan Width": 16, "Sort Key": ["lineitem_1.l_suppkey"], "Plans": [{"Node Type": "Index Scan", "Parent Relationship": "Outer", "Parallel Aware": true, "Scan Direction": "Forward", "Index Name": "idx_lineitem_shipdate", "Relation Name": "lineitem", "Alias": "lineitem_1", "Startup Cost": 0.56, "Total Cost": 1277359.53, "Plan Rows": 745437, "Plan Width": 16, "Index Cond": "((l_shipdate >= '1993-04-01'::date) AND (l_shipdate < '1993-07-01 00:00:00'::timestamp without time zone))"}]}]}]}]}]}, {"Node Type": "Nested Loop", "Parent Relationship": "Outer", "Parallel Aware": false, "Join Type": "Inner", "Startup Cost": 1358530.77, "Total Cost": 1410679.6, "Plan Rows": 499, "Plan Width": 103, "Inner Unique": true, "Plans": [{"Node Type": "Aggregate", "Strategy": "Sorted", "Partial Mode": "Finalize", "Parent Relationship": "Outer", "Parallel Aware": false, "Startup Cost": 1358530.48, "Total Cost": 1409736.72, "Plan Rows": 499, "Plan Width": 36, "Group Key": ["lineitem.l_suppkey"], "Filter": "(sum((lineitem.l_extendedprice * ('1'::numeric - lineitem.l_discount))) = $1)", "Plans": [{"Node Type": "Gather Merge", "Parent Relationship": "Outer", "Parallel Aware": false, "Startup Cost": 1358530.48, "Total Cost": 1404251.35, "Plan Rows": 299202, "Plan Width": 36, "Workers Planned": 3, "Plans": [{"Node Type": "Aggregate", "Strategy": "Sorted", "Partial Mode": "Partial", "Parent Relationship": "Outer", "Parallel Aware": false, "Startup Cost": 1357530.44, "Total Cost": 1368095.08, "Plan Rows": 99734, "Plan Width": 36, "Group Key": ["lineitem.l_suppkey"], "Plans": [{"Node Type": "Sort", "Parent Relationship": "Outer", "Parallel Aware": false, "Startup Cost": 1357530.44, "Total Cost": 1359394.03, "Plan Rows": 745437, "Plan Width": 16, "Sort Key": ["lineitem.l_suppkey"], "Plans": [{"Node Type": "Index Scan", "Parent Relationship": "Outer", "Parallel Aware": true, "Scan Direction": "Forward", "Index Name": "idx_lineitem_shipdate", "Relation Name": "lineitem", "Alias": "lineitem", "Startup Cost": 0.56, "Total Cost": 1277359.53, "Plan Rows": 745437, "Plan Width": 16, "Index Cond": "((l_shipdate >= '1993-04-01'::date) AND (l_shipdate < '1993-07-01 00:00:00'::timestamp without time zone))"}]}]}]}]}, {"Node Type": "Index Scan", "Parent Relationship": "Inner", "Parallel Aware": false, "Scan Direction": "Forward", "Index Name": "supplier_pkey", "Relation Name": "supplier", "Alias": "supplier", "Startup Cost": 0.29, "Total Cost": 1.88, "Plan Rows": 1, "Plan Width": 71, "Index Cond": "(s_suppkey = lineitem.l_suppkey)"}]}]}}, {"Plan": {"Node Type": "Limit", "Parallel Aware": false, "Startup Cost": 2823200.24, "Total Cost": 2823200.25, "Plan Rows": 1, "Plan Width": 103, "Plans": [{"Node Type": "Aggregate", "Strategy": "Plain", "Partial Mode": "Simple", "Parent Relationship": "InitPlan", "Subplan Name": "InitPlan 1 (returns $1)", "Parallel Aware": false, "Startup Cost": 1408988.72, "Total Cost": 1408988.73, "Plan Rows": 1, "Plan Width": 32, "Plans": [{"Node Type": "Aggregate", "Strategy": "Sorted", "Partial Mode": "Finalize", "Parent Relationship": "Outer", "Parallel Aware": false, "Startup Cost": 1358530.48, "Total Cost": 1407742.04, "Plan Rows": 99734, "Plan Width": 36, "Group Key": ["lineitem_1.l_suppkey"], "Plans": [{"Node Type": "Gather Merge", "Parent Relationship": "Outer", "Parallel Aware": false, "Startup Cost": 1358530.48, "Total Cost": 1404251.35, "Plan Rows": 299202, "Plan Width": 36, "Workers Planned": 3, "Plans": [{"Node Type": "Aggregate", "Strategy": "Sorted", "Partial Mode": "Partial", "Parent Relationship": "Outer", "Parallel Aware": false, "Startup Cost": 1357530.44, "Total Cost": 1368095.08, "Plan Rows": 99734, "Plan Width": 36, "Group Key": ["lineitem_1.l_suppkey"], "Plans": [{"Node Type": "Sort", "Parent Relationship": "Outer", "Parallel Aware": false, "Startup Cost": 1357530.44, "Total Cost": 1359394.03, "Plan Rows": 745437, "Plan Width": 16, "Sort Key": ["lineitem_1.l_suppkey"], "Plans": [{"Node Type": "Index Scan", "Parent Relationship": "Outer", "Parallel Aware": true, "Scan Direction": "Forward", "Index Name": "idx_lineitem_shipdate", "Relation Name": "lineitem", "Alias": "lineitem_1", "Startup Cost": 0.56, "Total Cost": 1277359.53, "Plan Rows": 745437, "Plan Width": 16, "Index Cond": "((l_shipdate >= '1993-04-01'::date) AND (l_shipdate < '1993-07-01 00:00:00'::timestamp without time zone))"}]}]}]}]}]}, {"Node Type": "Sort", "Parent Relationship": "Outer", "Parallel Aware": false, "Startup Cost": 1414211.52, "Total Cost": 1414212.76, "Plan Rows": 499, "Plan Width": 103, "Sort Key": ["supplier.s_suppkey"], "Plans": [{"Node Type": "Hash Join", "Parent Relationship": "Outer", "Parallel Aware": false, "Join Type": "Inner", "Startup Cost": 1362996.48, "Total Cost": 1414209.02, "Plan Rows": 499, "Plan Width": 103, "Inner Unique": true, "Hash Cond": "(lineitem.l_suppkey = supplier.s_suppkey)", "Plans": [{"Node Type": "Aggregate", "Strategy": "Sorted", "Partial Mode": "Finalize", "Parent Relationship": "Outer", "Parallel Aware": false, "Startup Cost": 1358530.48, "Total Cost": 1409736.72, "Plan Rows": 499, "Plan Width": 36, "Group Key": ["lineitem.l_suppkey"], "Filter": "(sum((lineitem.l_extendedprice * ('1'::numeric - lineitem.l_discount))) = $1)", "Plans": [{"Node Type": "Gather Merge", "Parent Relationship": "Outer", "Parallel Aware": false, "Startup Cost": 1358530.48, "Total Cost": 1404251.35, "Plan Rows": 299202, "Plan Width": 36, "Workers Planned": 3, "Plans": [{"Node Type": "Aggregate", "Strategy": "Sorted", "Partial Mode": "Partial", "Parent Relationship": "Outer", "Parallel Aware": false, "Startup Cost": 1357530.44, "Total Cost": 1368095.08, "Plan Rows": 99734, "Plan Width": 36, "Group Key": ["lineitem.l_suppkey"], "Plans": [{"Node Type": "Sort", "Parent Relationship": "Outer", "Parallel Aware": false, "Startup Cost": 1357530.44, "Total Cost": 1359394.03, "Plan Rows": 745437, "Plan Width": 16, "Sort Key": ["lineitem.l_suppkey"], "Plans": [{"Node Type": "Index Scan", "Parent Relationship": "Outer", "Parallel Aware": true, "Scan Direction": "Forward", "Index Name": "idx_lineitem_shipdate", "Relation Name": "lineitem", "Alias": "lineitem", "Startup Cost": 0.56, "Total Cost": 1277359.53, "Plan Rows": 745437, "Plan Width": 16, "Index Cond": "((l_shipdate >= '1993-04-01'::date) AND (l_shipdate < '1993-07-01 00:00:00'::timestamp without time zone))"}]}]}]}]}, {"Node Type": "Hash", "Parent Relationship": "Inner", "Parallel Aware": false, "Startup Cost": 3216.0, "Total Cost": 3216.0, "Plan Rows": 100000, "Plan Width": 71, "Plans": [{"Node Type": "Seq Scan", "Parent Relationship": "Outer", "Parallel Aware": false, "Relation Name": "supplier", "Alias": "supplier", "Startup Cost": 0.0, "Total Cost": 3216.0, "Plan Rows": 100000, "Plan Width": 71}]}]}]}]}}, {"Plan": {"Node Type": "Limit", "Parallel Aware": false, "Startup Cost": 3039979.45, "Total Cost": 3040084.07, "Plan Rows": 1, "Plan Width": 103, "Plans": [{"Node Type": "Aggregate", "Strategy": "Plain", "Partial Mode": "Simple", "Parent Relationship": "InitPlan", "Subplan Name": "InitPlan 1 (returns $1)", "Parallel Aware": false, "Startup Cost": 1545218.4, "Total Cost": 1545218.41, "Plan Rows": 1, "Plan Width": 32, "Plans": [{"Node Type": "Aggregate", "Strategy": "Sorted", "Partial Mode": "Finalize", "Parent Relationship": "Outer", "Parallel Aware": false, "Startup Cost": 1494760.16, "Total Cost": 1543971.72, "Plan Rows": 99734, "Plan Width": 36, "Group Key": ["lineitem_1.l_suppkey"], "Plans": [{"Node Type": "Gather Merge", "Parent Relationship": "Outer", "Parallel Aware": false, "Startup Cost": 1494760.16, "Total Cost": 1540481.03, "Plan Rows": 299202, "Plan Width": 36, "Workers Planned": 3, "Plans": [{"Node Type": "Aggregate", "Strategy": "Sorted", "Partial Mode": "Partial", "Parent Relationship": "Outer", "Parallel Aware": false, "Startup Cost": 1493760.12, "Total Cost": 1504324.76, "Plan Rows": 99734, "Plan Width": 36, "Group Key": ["lineitem_1.l_suppkey"], "Plans": [{"Node Type": "Sort", "Parent Relationship": "Outer", "Parallel Aware": false, "Startup Cost": 1493760.12, "Total Cost": 1495623.71, "Plan Rows": 745437, "Plan Width": 16, "Sort Key": ["lineitem_1.l_suppkey"], "Plans": [{"Node Type": "Bitmap Heap Scan", "Parent Relationship": "Outer", "Parallel Aware": true, "Relation Name": "lineitem", "Alias": "lineitem_1", "Startup Cost": 33488.94, "Total Cost": 1413589.21, "Plan Rows": 745437, "Plan Width": 16, "Recheck Cond": "((l_shipdate >= '1993-04-01'::date) AND (l_shipdate < '1993-07-01 00:00:00'::timestamp without time zone))", "Plans": [{"Node Type": "Bitmap Index Scan", "Parent Relationship": "Outer", "Parallel Aware": false, "Index Name": "idx_lineitem_shipdate", "Startup Cost": 0.0, "Total Cost": 32911.23, "Plan Rows": 2310856, "Plan Width": 0, "Index Cond": "((l_shipdate >= '1993-04-01'::date) AND (l_shipdate < '1993-07-01 00:00:00'::timestamp without time zone))"}]}]}]}]}]}]}, {"Node Type": "Nested Loop", "Parent Relationship": "Outer", "Parallel Aware": false, "Join Type": "Inner", "Startup Cost": 1494761.04, "Total Cost": 1546965.66, "Plan Rows": 499, "Plan Width": 103, "Inner Unique": true, "Plans": [{"Node Type": "Aggregate", "Strategy": "Sorted", "Partial Mode": "Finalize", "Parent Relationship": "Outer", "Parallel Aware": false, "Startup Cost": 1494760.16, "Total Cost": 1545966.4, "Plan Rows": 499, "Plan Width": 36, "Group Key": ["lineitem.l_suppkey"], "Filter": "(sum((lineitem.l_extendedprice * ('1'::numeric - lineitem.l_discount))) = $1)", "Plans": [{"Node Type": "Gather Merge", "Parent Relationship": "Outer", "Parallel Aware": false, "Startup Cost": 1494760.16, "Total Cost": 1540481.03, "Plan Rows": 299202, "Plan Width": 36, "Workers Planned": 3, "Plans": [{"Node Type": "Aggregate", "Strategy": "Sorted", "Partial Mode": "Partial", "Parent Relationship": "Outer", "Parallel Aware": false, "Startup Cost": 1493760.12, "Total Cost": 1504324.76, "Plan Rows": 99734, "Plan Width": 36, "Group Key": ["lineitem.l_suppkey"], "Plans": [{"Node Type": "Sort", "Parent Relationship": "Outer", "Parallel Aware": false, "Startup Cost": 1493760.12, "Total Cost": 1495623.71, "Plan Rows": 745437, "Plan Width": 16, "Sort Key": ["lineitem.l_suppkey"], "Plans": [{"Node Type": "Bitmap Heap Scan", "Parent Relationship": "Outer", "Parallel Aware": true, "Relation Name": "lineitem", "Alias": "lineitem", "Startup Cost": 33488.94, "Total Cost": 1413589.21, "Plan Rows": 745437, "Plan Width": 16, "Recheck Cond": "((l_shipdate >= '1993-04-01'::date) AND (l_shipdate < '1993-07-01 00:00:00'::timestamp without time zone))", "Plans": [{"Node Type": "Bitmap Index Scan", "Parent Relationship": "Outer", "Parallel Aware": false, "Index Name": "idx_lineitem_shipdate", "Startup Cost": 0.0, "Total Cost": 32911.23, "Plan Rows": 2310856, "Plan Width": 0, "Index Cond": "((l_shipdate >= '1993-04-01'::date) AND (l_shipdate < '1993-07-01 00:00:00'::timestamp without time zone))"}]}]}]}]}]}, {"Node Type": "Bitmap Heap Scan", "Parent Relationship": "Inner", "Parallel Aware": false, "Relation Name": "supplier", "Alias": "supplier", "Startup Cost": 0.88, "Total Cost": 1.99, "Plan Rows": 1, "Plan Width": 71, "Recheck Cond": "(s_suppkey = lineitem.l_suppkey)", "Plans": [{"Node Type": "Bitmap Index Scan", "Parent Relationship": "Outer", "Parallel Aware": false, "Index Name": "supplier_pkey", "Startup Cost": 0.0, "Total Cost": 0.88, "Plan Rows": 1, "Plan Width": 0, "Index Cond": "(s_suppkey = lineitem.l_suppkey)"}]}]}]}}, {"Plan": {"Node Type": "Limit", "Parallel Aware": false, "Startup Cost": 3051499.39, "Total Cost": 3051603.03, "Plan Rows": 1, "Plan Width": 103, "Plans": [{"Node Type": "Aggregate", "Strategy": "Plain", "Partial Mode": "Simple", "Parent Relationship": "InitPlan", "Subplan Name": "InitPlan 1 (returns $1)", "Parallel Aware": false, "Startup Cost": 1545218.4, "Total Cost": 1545218.41, "Plan Rows": 1, "Plan Width": 32, "Plans": [{"Node Type": "Aggregate", "Strategy": "Sorted", "Partial Mode": "Finalize", "Parent Relationship": "Outer", "Parallel Aware": false, "Startup Cost": 1494760.16, "Total Cost": 1543971.72, "Plan Rows": 99734, "Plan Width": 36, "Group Key": ["lineitem_1.l_suppkey"], "Plans": [{"Node Type": "Gather Merge", "Parent Relationship": "Outer", "Parallel Aware": false, "Startup Cost": 1494760.16, "Total Cost": 1540481.03, "Plan Rows": 299202, "Plan Width": 36, "Workers Planned": 3, "Plans": [{"Node Type": "Aggregate", "Strategy": "Sorted", "Partial Mode": "Partial", "Parent Relationship": "Outer", "Parallel Aware": false, "Startup Cost": 1493760.12, "Total Cost": 1504324.76, "Plan Rows": 99734, "Plan Width": 36, "Group Key": ["lineitem_1.l_suppkey"], "Plans": [{"Node Type": "Sort", "Parent Relationship": "Outer", "Parallel Aware": false, "Startup Cost": 1493760.12, "Total Cost": 1495623.71, "Plan Rows": 745437, "Plan Width": 16, "Sort Key": ["lineitem_1.l_suppkey"], "Plans": [{"Node Type": "Bitmap Heap Scan", "Parent Relationship": "Outer", "Parallel Aware": true, "Relation Name": "lineitem", "Alias": "lineitem_1", "Startup Cost": 33488.94, "Total Cost": 1413589.21, "Plan Rows": 745437, "Plan Width": 16, "Recheck Cond": "((l_shipdate >= '1993-04-01'::date) AND (l_shipdate < '1993-07-01 00:00:00'::timestamp without time zone))", "Plans": [{"Node Type": "Bitmap Index Scan", "Parent Relationship": "Outer", "Parallel Aware": false, "Index Name": "idx_lineitem_shipdate", "Startup Cost": 0.0, "Total Cost": 32911.23, "Plan Rows": 2310856, "Plan Width": 0, "Index Cond": "((l_shipdate >= '1993-04-01'::date) AND (l_shipdate < '1993-07-01 00:00:00'::timestamp without time zone))"}]}]}]}]}]}]}, {"Node Type": "Merge Join", "Parent Relationship": "Outer", "Parallel Aware": false, "Join Type": "Inner", "Startup Cost": 1506280.98, "Total Cost": 1557998.45, "Plan Rows": 499, "Plan Width": 103, "Inner Unique": true, "Merge Cond": "(supplier.s_suppkey = lineitem.l_suppkey)", "Plans": [{"Node Type": "Sort", "Parent Relationship": "Outer", "Parallel Aware": false, "Startup Cost": 11520.82, "Total Cost": 11770.82, "Plan Rows": 100000, "Plan Width": 71, "Sort Key": ["supplier.s_suppkey"], "Plans": [{"Node Type": "Seq Scan", "Parent Relationship": "Outer", "Parallel Aware": false, "Relation Name": "supplier", "Alias": "supplier", "Startup Cost": 0.0, "Total Cost": 3216.0, "Plan Rows": 100000, "Plan Width": 71}]}, {"Node Type": "Aggregate", "Strategy": "Sorted", "Partial Mode": "Finalize", "Parent Relationship": "Inner", "Parallel Aware": false, "Startup Cost": 1494760.16, "Total Cost": 1545966.4, "Plan Rows": 499, "Plan Width": 36, "Group Key": ["lineitem.l_suppkey"], "Filter": "(sum((lineitem.l_extendedprice * ('1'::numeric - lineitem.l_discount))) = $1)", "Plans": [{"Node Type": "Gather Merge", "Parent Relationship": "Outer", "Parallel Aware": false, "Startup Cost": 1494760.16, "Total Cost": 1540481.03, "Plan Rows": 299202, "Plan Width": 36, "Workers Planned": 3, "Plans": [{"Node Type": "Aggregate", "Strategy": "Sorted", "Partial Mode": "Partial", "Parent Relationship": "Outer", "Parallel Aware": false, "Startup Cost": 1493760.12, "Total Cost": 1504324.76, "Plan Rows": 99734, "Plan Width": 36, "Group Key": ["lineitem.l_suppkey"], "Plans": [{"Node Type": "Sort", "Parent Relationship": "Outer", "Parallel Aware": false, "Startup Cost": 1493760.12, "Total Cost": 1495623.71, "Plan Rows": 745437, "Plan Width": 16, "Sort Key": ["lineitem.l_suppkey"], "Plans": [{"Node Type": "Bitmap Heap Scan", "Parent Relationship": "Outer", "Parallel Aware": true, "Relation Name": "lineitem", "Alias": "lineitem", "Startup Cost": 33488.94, "Total Cost": 1413589.21, "Plan Rows": 745437, "Plan Width": 16, "Recheck Cond": "((l_shipdate >= '1993-04-01'::date) AND (l_shipdate < '1993-07-01 00:00:00'::timestamp without time zone))", "Plans": [{"Node Type": "Bitmap Index Scan", "Parent Relationship": "Outer", "Parallel Aware": false, "Index Name": "idx_lineitem_shipdate", "Startup Cost": 0.0, "Total Cost": 32911.23, "Plan Rows": 2310856, "Plan Width": 0, "Index Cond": "((l_shipdate >= '1993-04-01'::date) AND (l_shipdate < '1993-07-01 00:00:00'::timestamp without time zone))"}]}]}]}]}]}]}]}}, {"Plan": {"Node Type": "Limit", "Parallel Aware": false, "Startup Cost": 3039979.45, "Total Cost": 3040084.07, "Plan Rows": 1, "Plan Width": 103, "Plans": [{"Node Type": "Aggregate", "Strategy": "Plain", "Partial Mode": "Simple", "Parent Relationship": "InitPlan", "Subplan Name": "InitPlan 1 (returns $1)", "Parallel Aware": false, "Startup Cost": 1545218.4, "Total Cost": 1545218.41, "Plan Rows": 1, "Plan Width": 32, "Plans": [{"Node Type": "Aggregate", "Strategy": "Sorted", "Partial Mode": "Finalize", "Parent Relationship": "Outer", "Parallel Aware": false, "Startup Cost": 1494760.16, "Total Cost": 1543971.72, "Plan Rows": 99734, "Plan Width": 36, "Group Key": ["lineitem_1.l_suppkey"], "Plans": [{"Node Type": "Gather Merge", "Parent Relationship": "Outer", "Parallel Aware": false, "Startup Cost": 1494760.16, "Total Cost": 1540481.03, "Plan Rows": 299202, "Plan Width": 36, "Workers Planned": 3, "Plans": [{"Node Type": "Aggregate", "Strategy": "Sorted", "Partial Mode": "Partial", "Parent Relationship": "Outer", "Parallel Aware": false, "Startup Cost": 1493760.12, "Total Cost": 1504324.76, "Plan Rows": 99734, "Plan Width": 36, "Group Key": ["lineitem_1.l_suppkey"], "Plans": [{"Node Type": "Sort", "Parent Relationship": "Outer", "Parallel Aware": false, "Startup Cost": 1493760.12, "Total Cost": 1495623.71, "Plan Rows": 745437, "Plan Width": 16, "Sort Key": ["lineitem_1.l_suppkey"], "Plans": [{"Node Type": "Bitmap Heap Scan", "Parent Relationship": "Outer", "Parallel Aware": true, "Relation Name": "lineitem", "Alias": "lineitem_1", "Startup Cost": 33488.94, "Total Cost": 1413589.21, "Plan Rows": 745437, "Plan Width": 16, "Recheck Cond": "((l_shipdate >= '1993-04-01'::date) AND (l_shipdate < '1993-07-01 00:00:00'::timestamp without time zone))", "Plans": [{"Node Type": "Bitmap Index Scan", "Parent Relationship": "Outer", "Parallel Aware": false, "Index Name": "idx_lineitem_shipdate", "Startup Cost": 0.0, "Total Cost": 32911.23, "Plan Rows": 2310856, "Plan Width": 0, "Index Cond": "((l_shipdate >= '1993-04-01'::date) AND (l_shipdate < '1993-07-01 00:00:00'::timestamp without time zone))"}]}]}]}]}]}]}, {"Node Type": "Nested Loop", "Parent Relationship": "Outer", "Parallel Aware": false, "Join Type": "Inner", "Startup Cost": 1494761.04, "Total Cost": 1546965.66, "Plan Rows": 499, "Plan Width": 103, "Inner Unique": true, "Plans": [{"Node Type": "Aggregate", "Strategy": "Sorted", "Partial Mode": "Finalize", "Parent Relationship": "Outer", "Parallel Aware": false, "Startup Cost": 1494760.16, "Total Cost": 1545966.4, "Plan Rows": 499, "Plan Width": 36, "Group Key": ["lineitem.l_suppkey"], "Filter": "(sum((lineitem.l_extendedprice * ('1'::numeric - lineitem.l_discount))) = $1)", "Plans": [{"Node Type": "Gather Merge", "Parent Relationship": "Outer", "Parallel Aware": false, "Startup Cost": 1494760.16, "Total Cost": 1540481.03, "Plan Rows": 299202, "Plan Width": 36, "Workers Planned": 3, "Plans": [{"Node Type": "Aggregate", "Strategy": "Sorted", "Partial Mode": "Partial", "Parent Relationship": "Outer", "Parallel Aware": false, "Startup Cost": 1493760.12, "Total Cost": 1504324.76, "Plan Rows": 99734, "Plan Width": 36, "Group Key": ["lineitem.l_suppkey"], "Plans": [{"Node Type": "Sort", "Parent Relationship": "Outer", "Parallel Aware": false, "Startup Cost": 1493760.12, "Total Cost": 1495623.71, "Plan Rows": 745437, "Plan Width": 16, "Sort Key": ["lineitem.l_suppkey"], "Plans": [{"Node Type": "Bitmap Heap Scan", "Parent Relationship": "Outer", "Parallel Aware": true, "Relation Name": "lineitem", "Alias": "lineitem", "Startup Cost": 33488.94, "Total Cost": 1413589.21, "Plan Rows": 745437, "Plan Width": 16, "Recheck Cond": "((l_shipdate >= '1993-04-01'::date) AND (l_shipdate < '1993-07-01 00:00:00'::timestamp without time zone))", "Plans": [{"Node Type": "Bitmap Index Scan", "Parent Relationship": "Outer", "Parallel Aware": false, "Index Name": "idx_lineitem_shipdate", "Startup Cost": 0.0, "Total Cost": 32911.23, "Plan Rows": 2310856, "Plan Width": 0, "Index Cond": "((l_shipdate >= '1993-04-01'::date) AND (l_shipdate < '1993-07-01 00:00:00'::timestamp without time zone))"}]}]}]}]}]}, {"Node Type": "Bitmap Heap Scan", "Parent Relationship": "Inner", "Parallel Aware": false, "Relation Name": "supplier", "Alias": "supplier", "Startup Cost": 0.88, "Total Cost": 1.99, "Plan Rows": 1, "Plan Width": 71, "Recheck Cond": "(s_suppkey = lineitem.l_suppkey)", "Plans": [{"Node Type": "Bitmap Index Scan", "Parent Relationship": "Outer", "Parallel Aware": false, "Index Name": "supplier_pkey", "Startup Cost": 0.0, "Total Cost": 0.88, "Plan Rows": 1, "Plan Width": 0, "Index Cond": "(s_suppkey = lineitem.l_suppkey)"}]}]}]}}, {"Plan": {"Node Type": "Limit", "Parallel Aware": false, "Startup Cost": 3095659.61, "Total Cost": 3095659.61, "Plan Rows": 1, "Plan Width": 103, "Plans": [{"Node Type": "Aggregate", "Strategy": "Plain", "Partial Mode": "Simple", "Parent Relationship": "InitPlan", "Subplan Name": "InitPlan 1 (returns $1)", "Parallel Aware": false, "Startup Cost": 1545218.4, "Total Cost": 1545218.41, "Plan Rows": 1, "Plan Width": 32, "Plans": [{"Node Type": "Aggregate", "Strategy": "Sorted", "Partial Mode": "Finalize", "Parent Relationship": "Outer", "Parallel Aware": false, "Startup Cost": 1494760.16, "Total Cost": 1543971.72, "Plan Rows": 99734, "Plan Width": 36, "Group Key": ["lineitem_1.l_suppkey"], "Plans": [{"Node Type": "Gather Merge", "Parent Relationship": "Outer", "Parallel Aware": false, "Startup Cost": 1494760.16, "Total Cost": 1540481.03, "Plan Rows": 299202, "Plan Width": 36, "Workers Planned": 3, "Plans": [{"Node Type": "Aggregate", "Strategy": "Sorted", "Partial Mode": "Partial", "Parent Relationship": "Outer", "Parallel Aware": false, "Startup Cost": 1493760.12, "Total Cost": 1504324.76, "Plan Rows": 99734, "Plan Width": 36, "Group Key": ["lineitem_1.l_suppkey"], "Plans": [{"Node Type": "Sort", "Parent Relationship": "Outer", "Parallel Aware": false, "Startup Cost": 1493760.12, "Total Cost": 1495623.71, "Plan Rows": 745437, "Plan Width": 16, "Sort Key": ["lineitem_1.l_suppkey"], "Plans": [{"Node Type": "Bitmap Heap Scan", "Parent Relationship": "Outer", "Parallel Aware": true, "Relation Name": "lineitem", "Alias": "lineitem_1", "Startup Cost": 33488.94, "Total Cost": 1413589.21, "Plan Rows": 745437, "Plan Width": 16, "Recheck Cond": "((l_shipdate >= '1993-04-01'::date) AND (l_shipdate < '1993-07-01 00:00:00'::timestamp without time zone))", "Plans": [{"Node Type": "Bitmap Index Scan", "Parent Relationship": "Outer", "Parallel Aware": false, "Index Name": "idx_lineitem_shipdate", "Startup Cost": 0.0, "Total Cost": 32911.23, "Plan Rows": 2310856, "Plan Width": 0, "Index Cond": "((l_shipdate >= '1993-04-01'::date) AND (l_shipdate < '1993-07-01 00:00:00'::timestamp without time zone))"}]}]}]}]}]}]}, {"Node Type": "Sort", "Parent Relationship": "Outer", "Parallel Aware": false, "Startup Cost": 1550441.2, "Total Cost": 1550442.45, "Plan Rows": 499, "Plan Width": 103, "Sort Key": ["supplier.s_suppkey"], "Plans": [{"Node Type": "Hash Join", "Parent Relationship": "Outer", "Parallel Aware": false, "Join Type": "Inner", "Startup Cost": 1499226.16, "Total Cost": 1550438.7, "Plan Rows": 499, "Plan Width": 103, "Inner Unique": true, "Hash Cond": "(lineitem.l_suppkey = supplier.s_suppkey)", "Plans": [{"Node Type": "Aggregate", "Strategy": "Sorted", "Partial Mode": "Finalize", "Parent Relationship": "Outer", "Parallel Aware": false, "Startup Cost": 1494760.16, "Total Cost": 1545966.4, "Plan Rows": 499, "Plan Width": 36, "Group Key": ["lineitem.l_suppkey"], "Filter": "(sum((lineitem.l_extendedprice * ('1'::numeric - lineitem.l_discount))) = $1)", "Plans": [{"Node Type": "Gather Merge", "Parent Relationship": "Outer", "Parallel Aware": false, "Startup Cost": 1494760.16, "Total Cost": 1540481.03, "Plan Rows": 299202, "Plan Width": 36, "Workers Planned": 3, "Plans": [{"Node Type": "Aggregate", "Strategy": "Sorted", "Partial Mode": "Partial", "Parent Relationship": "Outer", "Parallel Aware": false, "Startup Cost": 1493760.12, "Total Cost": 1504324.76, "Plan Rows": 99734, "Plan Width": 36, "Group Key": ["lineitem.l_suppkey"], "Plans": [{"Node Type": "Sort", "Parent Relationship": "Outer", "Parallel Aware": false, "Startup Cost": 1493760.12, "Total Cost": 1495623.71, "Plan Rows": 745437, "Plan Width": 16, "Sort Key": ["lineitem.l_suppkey"], "Plans": [{"Node Type": "Bitmap Heap Scan", "Parent Relationship": "Outer", "Parallel Aware": true, "Relation Name": "lineitem", "Alias": "lineitem", "Startup Cost": 33488.94, "Total Cost": 1413589.21, "Plan Rows": 745437, "Plan Width": 16, "Recheck Cond": "((l_shipdate >= '1993-04-01'::date) AND (l_shipdate < '1993-07-01 00:00:00'::timestamp without time zone))", "Plans": [{"Node Type": "Bitmap Index Scan", "Parent Relationship": "Outer", "Parallel Aware": false, "Index Name": "idx_lineitem_shipdate", "Startup Cost": 0.0, "Total Cost": 32911.23, "Plan Rows": 2310856, "Plan Width": 0, "Index Cond": "((l_shipdate >= '1993-04-01'::date) AND (l_shipdate < '1993-07-01 00:00:00'::timestamp without time zone))"}]}]}]}]}]}, {"Node Type": "Hash", "Parent Relationship": "Inner", "Parallel Aware": false, "Startup Cost": 3216.0, "Total Cost": 3216.0, "Plan Rows": 100000, "Plan Width": 71, "Plans": [{"Node Type": "Seq Scan", "Parent Relationship": "Outer", "Parallel Aware": false, "Relation Name": "supplier", "Alias": "supplier", "Startup Cost": 0.0, "Total Cost": 3216.0, "Plan Rows": 100000, "Plan Width": 71}]}]}]}]}}, {"Plan": {"Node Type": "Limit", "Parallel Aware": false, "Startup Cost": 2767519.5, "Total Cost": 2767630.7, "Plan Rows": 1, "Plan Width": 103, "Plans": [{"Node Type": "Aggregate", "Strategy": "Plain", "Partial Mode": "Simple", "Parent Relationship": "InitPlan", "Subplan Name": "InitPlan 1 (returns $1)", "Parallel Aware": false, "Startup Cost": 1408988.72, "Total Cost": 1408988.73, "Plan Rows": 1, "Plan Width": 32, "Plans": [{"Node Type": "Aggregate", "Strategy": "Sorted", "Partial Mode": "Finalize", "Parent Relationship": "Outer", "Parallel Aware": false, "Startup Cost": 1358530.48, "Total Cost": 1407742.04, "Plan Rows": 99734, "Plan Width": 36, "Group Key": ["lineitem_1.l_suppkey"], "Plans": [{"Node Type": "Gather Merge", "Parent Relationship": "Outer", "Parallel Aware": false, "Startup Cost": 1358530.48, "Total Cost": 1404251.35, "Plan Rows": 299202, "Plan Width": 36, "Workers Planned": 3, "Plans": [{"Node Type": "Aggregate", "Strategy": "Sorted", "Partial Mode": "Partial", "Parent Relationship": "Outer", "Parallel Aware": false, "Startup Cost": 1357530.44, "Total Cost": 1368095.08, "Plan Rows": 99734, "Plan Width": 36, "Group Key": ["lineitem_1.l_suppkey"], "Plans": [{"Node Type": "Sort", "Parent Relationship": "Outer", "Parallel Aware": false, "Startup Cost": 1357530.44, "Total Cost": 1359394.03, "Plan Rows": 745437, "Plan Width": 16, "Sort Key": ["lineitem_1.l_suppkey"], "Plans": [{"Node Type": "Index Scan", "Parent Relationship": "Outer", "Parallel Aware": true, "Scan Direction": "Forward", "Index Name": "idx_lineitem_shipdate", "Relation Name": "lineitem", "Alias": "lineitem_1", "Startup Cost": 0.56, "Total Cost": 1277359.53, "Plan Rows": 745437, "Plan Width": 16, "Index Cond": "((l_shipdate >= '1993-04-01'::date) AND (l_shipdate < '1993-07-01 00:00:00'::timestamp without time zone))"}]}]}]}]}]}, {"Node Type": "Merge Join", "Parent Relationship": "Outer", "Parallel Aware": false, "Join Type": "Inner", "Startup Cost": 1358530.77, "Total Cost": 1414018.05, "Plan Rows": 499, "Plan Width": 103, "Inner Unique": true, "Merge Cond": "(supplier.s_suppkey = lineitem.l_suppkey)", "Plans": [{"Node Type": "Index Scan", "Parent Relationship": "Outer", "Parallel Aware": false, "Scan Direction": "Forward", "Index Name": "supplier_pkey", "Relation Name": "supplier", "Alias": "supplier", "Startup Cost": 0.29, "Total Cost": 4020.1, "Plan Rows": 100000, "Plan Width": 71}, {"Node Type": "Aggregate", "Strategy": "Sorted", "Partial Mode": "Finalize", "Parent Relationship": "Inner", "Parallel Aware": false, "Startup Cost": 1358530.48, "Total Cost": 1409736.72, "Plan Rows": 499, "Plan Width": 36, "Group Key": ["lineitem.l_suppkey"], "Filter": "(sum((lineitem.l_extendedprice * ('1'::numeric - lineitem.l_discount))) = $1)", "Plans": [{"Node Type": "Gather Merge", "Parent Relationship": "Outer", "Parallel Aware": false, "Startup Cost": 1358530.48, "Total Cost": 1404251.35, "Plan Rows": 299202, "Plan Width": 36, "Workers Planned": 3, "Plans": [{"Node Type": "Aggregate", "Strategy": "Sorted", "Partial Mode": "Partial", "Parent Relationship": "Outer", "Parallel Aware": false, "Startup Cost": 1357530.44, "Total Cost": 1368095.08, "Plan Rows": 99734, "Plan Width": 36, "Group Key": ["lineitem.l_suppkey"], "Plans": [{"Node Type": "Sort", "Parent Relationship": "Outer", "Parallel Aware": false, "Startup Cost": 1357530.44, "Total Cost": 1359394.03, "Plan Rows": 745437, "Plan Width": 16, "Sort Key": ["lineitem.l_suppkey"], "Plans": [{"Node Type": "Index Scan", "Parent Relationship": "Outer", "Parallel Aware": true, "Scan Direction": "Forward", "Index Name": "idx_lineitem_shipdate", "Relation Name": "lineitem", "Alias": "lineitem", "Startup Cost": 0.56, "Total Cost": 1277359.53, "Plan Rows": 745437, "Plan Width": 16, "Index Cond": "((l_shipdate >= '1993-04-01'::date) AND (l_shipdate < '1993-07-01 00:00:00'::timestamp without time zone))"}]}]}]}]}]}]}}, {"Plan": {"Node Type": "Limit", "Parallel Aware": false, "Startup Cost": 2767519.5, "Total Cost": 2767624.0, "Plan Rows": 1, "Plan Width": 103, "Plans": [{"Node Type": "Aggregate", "Strategy": "Plain", "Partial Mode": "Simple", "Parent Relationship": "InitPlan", "Subplan Name": "InitPlan 1 (returns $1)", "Parallel Aware": false, "Startup Cost": 1408988.72, "Total Cost": 1408988.73, "Plan Rows": 1, "Plan Width": 32, "Plans": [{"Node Type": "Aggregate", "Strategy": "Sorted", "Partial Mode": "Finalize", "Parent Relationship": "Outer", "Parallel Aware": false, "Startup Cost": 1358530.48, "Total Cost": 1407742.04, "Plan Rows": 99734, "Plan Width": 36, "Group Key": ["lineitem_1.l_suppkey"], "Plans": [{"Node Type": "Gather Merge", "Parent Relationship": "Outer", "Parallel Aware": false, "Startup Cost": 1358530.48, "Total Cost": 1404251.35, "Plan Rows": 299202, "Plan Width": 36, "Workers Planned": 3, "Plans": [{"Node Type": "Aggregate", "Strategy": "Sorted", "Partial Mode": "Partial", "Parent Relationship": "Outer", "Parallel Aware": false, "Startup Cost": 1357530.44, "Total Cost": 1368095.08, "Plan Rows": 99734, "Plan Width": 36, "Group Key": ["lineitem_1.l_suppkey"], "Plans": [{"Node Type": "Sort", "Parent Relationship": "Outer", "Parallel Aware": false, "Startup Cost": 1357530.44, "Total Cost": 1359394.03, "Plan Rows": 745437, "Plan Width": 16, "Sort Key": ["lineitem_1.l_suppkey"], "Plans": [{"Node Type": "Index Scan", "Parent Relationship": "Outer", "Parallel Aware": true, "Scan Direction": "Forward", "Index Name": "idx_lineitem_shipdate", "Relation Name": "lineitem", "Alias": "lineitem_1", "Startup Cost": 0.56, "Total Cost": 1277359.53, "Plan Rows": 745437, "Plan Width": 16, "Index Cond": "((l_shipdate >= '1993-04-01'::date) AND (l_shipdate < '1993-07-01 00:00:00'::timestamp without time zone))"}]}]}]}]}]}, {"Node Type": "Nested Loop", "Parent Relationship": "Outer", "Parallel Aware": false, "Join Type": "Inner", "Startup Cost": 1358530.77, "Total Cost": 1410679.6, "Plan Rows": 499, "Plan Width": 103, "Inner Unique": true, "Plans": [{"Node Type": "Aggregate", "Strategy": "Sorted", "Partial Mode": "Finalize", "Parent Relationship": "Outer", "Parallel Aware": false, "Startup Cost": 1358530.48, "Total Cost": 1409736.72, "Plan Rows": 499, "Plan Width": 36, "Group Key": ["lineitem.l_suppkey"], "Filter": "(sum((lineitem.l_extendedprice * ('1'::numeric - lineitem.l_discount))) = $1)", "Plans": [{"Node Type": "Gather Merge", "Parent Relationship": "Outer", "Parallel Aware": false, "Startup Cost": 1358530.48, "Total Cost": 1404251.35, "Plan Rows": 299202, "Plan Width": 36, "Workers Planned": 3, "Plans": [{"Node Type": "Aggregate", "Strategy": "Sorted", "Partial Mode": "Partial", "Parent Relationship": "Outer", "Parallel Aware": false, "Startup Cost": 1357530.44, "Total Cost": 1368095.08, "Plan Rows": 99734, "Plan Width": 36, "Group Key": ["lineitem.l_suppkey"], "Plans": [{"Node Type": "Sort", "Parent Relationship": "Outer", "Parallel Aware": false, "Startup Cost": 1357530.44, "Total Cost": 1359394.03, "Plan Rows": 745437, "Plan Width": 16, "Sort Key": ["lineitem.l_suppkey"], "Plans": [{"Node Type": "Index Scan", "Parent Relationship": "Outer", "Parallel Aware": true, "Scan Direction": "Forward", "Index Name": "idx_lineitem_shipdate", "Relation Name": "lineitem", "Alias": "lineitem", "Startup Cost": 0.56, "Total Cost": 1277359.53, "Plan Rows": 745437, "Plan Width": 16, "Index Cond": "((l_shipdate >= '1993-04-01'::date) AND (l_shipdate < '1993-07-01 00:00:00'::timestamp without time zone))"}]}]}]}]}, {"Node Type": "Index Scan", "Parent Relationship": "Inner", "Parallel Aware": false, "Scan Direction": "Forward", "Index Name": "supplier_pkey", "Relation Name": "supplier", "Alias": "supplier", "Startup Cost": 0.29, "Total Cost": 1.88, "Plan Rows": 1, "Plan Width": 71, "Index Cond": "(s_suppkey = lineitem.l_suppkey)"}]}]}}, {"Plan": {"Node Type": "Limit", "Parallel Aware": false, "Startup Cost": 2767519.5, "Total Cost": 2767624.0, "Plan Rows": 1, "Plan Width": 103, "Plans": [{"Node Type": "Aggregate", "Strategy": "Plain", "Partial Mode": "Simple", "Parent Relationship": "InitPlan", "Subplan Name": "InitPlan 1 (returns $1)", "Parallel Aware": false, "Startup Cost": 1408988.72, "Total Cost": 1408988.73, "Plan Rows": 1, "Plan Width": 32, "Plans": [{"Node Type": "Aggregate", "Strategy": "Sorted", "Partial Mode": "Finalize", "Parent Relationship": "Outer", "Parallel Aware": false, "Startup Cost": 1358530.48, "Total Cost": 1407742.04, "Plan Rows": 99734, "Plan Width": 36, "Group Key": ["lineitem_1.l_suppkey"], "Plans": [{"Node Type": "Gather Merge", "Parent Relationship": "Outer", "Parallel Aware": false, "Startup Cost": 1358530.48, "Total Cost": 1404251.35, "Plan Rows": 299202, "Plan Width": 36, "Workers Planned": 3, "Plans": [{"Node Type": "Aggregate", "Strategy": "Sorted", "Partial Mode": "Partial", "Parent Relationship": "Outer", "Parallel Aware": false, "Startup Cost": 1357530.44, "Total Cost": 1368095.08, "Plan Rows": 99734, "Plan Width": 36, "Group Key": ["lineitem_1.l_suppkey"], "Plans": [{"Node Type": "Sort", "Parent Relationship": "Outer", "Parallel Aware": false, "Startup Cost": 1357530.44, "Total Cost": 1359394.03, "Plan Rows": 745437, "Plan Width": 16, "Sort Key": ["lineitem_1.l_suppkey"], "Plans": [{"Node Type": "Index Scan", "Parent Relationship": "Outer", "Parallel Aware": true, "Scan Direction": "Forward", "Index Name": "idx_lineitem_shipdate", "Relation Name": "lineitem", "Alias": "lineitem_1", "Startup Cost": 0.56, "Total Cost": 1277359.53, "Plan Rows": 745437, "Plan Width": 16, "Index Cond": "((l_shipdate >= '1993-04-01'::date) AND (l_shipdate < '1993-07-01 00:00:00'::timestamp without time zone))"}]}]}]}]}]}, {"Node Type": "Nested Loop", "Parent Relationship": "Outer", "Parallel Aware": false, "Join Type": "Inner", "Startup Cost": 1358530.77, "Total Cost": 1410679.6, "Plan Rows": 499, "Plan Width": 103, "Inner Unique": true, "Plans": [{"Node Type": "Aggregate", "Strategy": "Sorted", "Partial Mode": "Finalize", "Parent Relationship": "Outer", "Parallel Aware": false, "Startup Cost": 1358530.48, "Total Cost": 1409736.72, "Plan Rows": 499, "Plan Width": 36, "Group Key": ["lineitem.l_suppkey"], "Filter": "(sum((lineitem.l_extendedprice * ('1'::numeric - lineitem.l_discount))) = $1)", "Plans": [{"Node Type": "Gather Merge", "Parent Relationship": "Outer", "Parallel Aware": false, "Startup Cost": 1358530.48, "Total Cost": 1404251.35, "Plan Rows": 299202, "Plan Width": 36, "Workers Planned": 3, "Plans": [{"Node Type": "Aggregate", "Strategy": "Sorted", "Partial Mode": "Partial", "Parent Relationship": "Outer", "Parallel Aware": false, "Startup Cost": 1357530.44, "Total Cost": 1368095.08, "Plan Rows": 99734, "Plan Width": 36, "Group Key": ["lineitem.l_suppkey"], "Plans": [{"Node Type": "Sort", "Parent Relationship": "Outer", "Parallel Aware": false, "Startup Cost": 1357530.44, "Total Cost": 1359394.03, "Plan Rows": 745437, "Plan Width": 16, "Sort Key": ["lineitem.l_suppkey"], "Plans": [{"Node Type": "Index Scan", "Parent Relationship": "Outer", "Parallel Aware": true, "Scan Direction": "Forward", "Index Name": "idx_lineitem_shipdate", "Relation Name": "lineitem", "Alias": "lineitem", "Startup Cost": 0.56, "Total Cost": 1277359.53, "Plan Rows": 745437, "Plan Width": 16, "Index Cond": "((l_shipdate >= '1993-04-01'::date) AND (l_shipdate < '1993-07-01 00:00:00'::timestamp without time zone))"}]}]}]}]}, {"Node Type": "Index Scan", "Parent Relationship": "Inner", "Parallel Aware": false, "Scan Direction": "Forward", "Index Name": "supplier_pkey", "Relation Name": "supplier", "Alias": "supplier", "Startup Cost": 0.29, "Total Cost": 1.88, "Plan Rows": 1, "Plan Width": 71, "Index Cond": "(s_suppkey = lineitem.l_suppkey)"}]}]}}, {"Plan": {"Node Type": "Limit", "Parallel Aware": false, "Startup Cost": 2767519.5, "Total Cost": 2767630.7, "Plan Rows": 1, "Plan Width": 103, "Plans": [{"Node Type": "Aggregate", "Strategy": "Plain", "Partial Mode": "Simple", "Parent Relationship": "InitPlan", "Subplan Name": "InitPlan 1 (returns $1)", "Parallel Aware": false, "Startup Cost": 1408988.72, "Total Cost": 1408988.73, "Plan Rows": 1, "Plan Width": 32, "Plans": [{"Node Type": "Aggregate", "Strategy": "Sorted", "Partial Mode": "Finalize", "Parent Relationship": "Outer", "Parallel Aware": false, "Startup Cost": 1358530.48, "Total Cost": 1407742.04, "Plan Rows": 99734, "Plan Width": 36, "Group Key": ["lineitem_1.l_suppkey"], "Plans": [{"Node Type": "Gather Merge", "Parent Relationship": "Outer", "Parallel Aware": false, "Startup Cost": 1358530.48, "Total Cost": 1404251.35, "Plan Rows": 299202, "Plan Width": 36, "Workers Planned": 3, "Plans": [{"Node Type": "Aggregate", "Strategy": "Sorted", "Partial Mode": "Partial", "Parent Relationship": "Outer", "Parallel Aware": false, "Startup Cost": 1357530.44, "Total Cost": 1368095.08, "Plan Rows": 99734, "Plan Width": 36, "Group Key": ["lineitem_1.l_suppkey"], "Plans": [{"Node Type": "Sort", "Parent Relationship": "Outer", "Parallel Aware": false, "Startup Cost": 1357530.44, "Total Cost": 1359394.03, "Plan Rows": 745437, "Plan Width": 16, "Sort Key": ["lineitem_1.l_suppkey"], "Plans": [{"Node Type": "Index Scan", "Parent Relationship": "Outer", "Parallel Aware": true, "Scan Direction": "Forward", "Index Name": "idx_lineitem_shipdate", "Relation Name": "lineitem", "Alias": "lineitem_1", "Startup Cost": 0.56, "Total Cost": 1277359.53, "Plan Rows": 745437, "Plan Width": 16, "Index Cond": "((l_shipdate >= '1993-04-01'::date) AND (l_shipdate < '1993-07-01 00:00:00'::timestamp without time zone))"}]}]}]}]}]}, {"Node Type": "Merge Join", "Parent Relationship": "Outer", "Parallel Aware": false, "Join Type": "Inner", "Startup Cost": 1358530.77, "Total Cost": 1414018.05, "Plan Rows": 499, "Plan Width": 103, "Inner Unique": true, "Merge Cond": "(supplier.s_suppkey = lineitem.l_suppkey)", "Plans": [{"Node Type": "Index Scan", "Parent Relationship": "Outer", "Parallel Aware": false, "Scan Direction": "Forward", "Index Name": "supplier_pkey", "Relation Name": "supplier", "Alias": "supplier", "Startup Cost": 0.29, "Total Cost": 4020.1, "Plan Rows": 100000, "Plan Width": 71}, {"Node Type": "Aggregate", "Strategy": "Sorted", "Partial Mode": "Finalize", "Parent Relationship": "Inner", "Parallel Aware": false, "Startup Cost": 1358530.48, "Total Cost": 1409736.72, "Plan Rows": 499, "Plan Width": 36, "Group Key": ["lineitem.l_suppkey"], "Filter": "(sum((lineitem.l_extendedprice * ('1'::numeric - lineitem.l_discount))) = $1)", "Plans": [{"Node Type": "Gather Merge", "Parent Relationship": "Outer", "Parallel Aware": false, "Startup Cost": 1358530.48, "Total Cost": 1404251.35, "Plan Rows": 299202, "Plan Width": 36, "Workers Planned": 3, "Plans": [{"Node Type": "Aggregate", "Strategy": "Sorted", "Partial Mode": "Partial", "Parent Relationship": "Outer", "Parallel Aware": false, "Startup Cost": 1357530.44, "Total Cost": 1368095.08, "Plan Rows": 99734, "Plan Width": 36, "Group Key": ["lineitem.l_suppkey"], "Plans": [{"Node Type": "Sort", "Parent Relationship": "Outer", "Parallel Aware": false, "Startup Cost": 1357530.44, "Total Cost": 1359394.03, "Plan Rows": 745437, "Plan Width": 16, "Sort Key": ["lineitem.l_suppkey"], "Plans": [{"Node Type": "Index Scan", "Parent Relationship": "Outer", "Parallel Aware": true, "Scan Direction": "Forward", "Index Name": "idx_lineitem_shipdate", "Relation Name": "lineitem", "Alias": "lineitem", "Startup Cost": 0.56, "Total Cost": 1277359.53, "Plan Rows": 745437, "Plan Width": 16, "Index Cond": "((l_shipdate >= '1993-04-01'::date) AND (l_shipdate < '1993-07-01 00:00:00'::timestamp without time zone))"}]}]}]}]}]}]}}, {"Plan": {"Node Type": "Limit", "Parallel Aware": false, "Startup Cost": 2767519.5, "Total Cost": 2767624.0, "Plan Rows": 1, "Plan Width": 103, "Plans": [{"Node Type": "Aggregate", "Strategy": "Plain", "Partial Mode": "Simple", "Parent Relationship": "InitPlan", "Subplan Name": "InitPlan 1 (returns $1)", "Parallel Aware": false, "Startup Cost": 1408988.72, "Total Cost": 1408988.73, "Plan Rows": 1, "Plan Width": 32, "Plans": [{"Node Type": "Aggregate", "Strategy": "Sorted", "Partial Mode": "Finalize", "Parent Relationship": "Outer", "Parallel Aware": false, "Startup Cost": 1358530.48, "Total Cost": 1407742.04, "Plan Rows": 99734, "Plan Width": 36, "Group Key": ["lineitem_1.l_suppkey"], "Plans": [{"Node Type": "Gather Merge", "Parent Relationship": "Outer", "Parallel Aware": false, "Startup Cost": 1358530.48, "Total Cost": 1404251.35, "Plan Rows": 299202, "Plan Width": 36, "Workers Planned": 3, "Plans": [{"Node Type": "Aggregate", "Strategy": "Sorted", "Partial Mode": "Partial", "Parent Relationship": "Outer", "Parallel Aware": false, "Startup Cost": 1357530.44, "Total Cost": 1368095.08, "Plan Rows": 99734, "Plan Width": 36, "Group Key": ["lineitem_1.l_suppkey"], "Plans": [{"Node Type": "Sort", "Parent Relationship": "Outer", "Parallel Aware": false, "Startup Cost": 1357530.44, "Total Cost": 1359394.03, "Plan Rows": 745437, "Plan Width": 16, "Sort Key": ["lineitem_1.l_suppkey"], "Plans": [{"Node Type": "Index Scan", "Parent Relationship": "Outer", "Parallel Aware": true, "Scan Direction": "Forward", "Index Name": "idx_lineitem_shipdate", "Relation Name": "lineitem", "Alias": "lineitem_1", "Startup Cost": 0.56, "Total Cost": 1277359.53, "Plan Rows": 745437, "Plan Width": 16, "Index Cond": "((l_shipdate >= '1993-04-01'::date) AND (l_shipdate < '1993-07-01 00:00:00'::timestamp without time zone))"}]}]}]}]}]}, {"Node Type": "Nested Loop", "Parent Relationship": "Outer", "Parallel Aware": false, "Join Type": "Inner", "Startup Cost": 1358530.77, "Total Cost": 1410679.6, "Plan Rows": 499, "Plan Width": 103, "Inner Unique": true, "Plans": [{"Node Type": "Aggregate", "Strategy": "Sorted", "Partial Mode": "Finalize", "Parent Relationship": "Outer", "Parallel Aware": false, "Startup Cost": 1358530.48, "Total Cost": 1409736.72, "Plan Rows": 499, "Plan Width": 36, "Group Key": ["lineitem.l_suppkey"], "Filter": "(sum((lineitem.l_extendedprice * ('1'::numeric - lineitem.l_discount))) = $1)", "Plans": [{"Node Type": "Gather Merge", "Parent Relationship": "Outer", "Parallel Aware": false, "Startup Cost": 1358530.48, "Total Cost": 1404251.35, "Plan Rows": 299202, "Plan Width": 36, "Workers Planned": 3, "Plans": [{"Node Type": "Aggregate", "Strategy": "Sorted", "Partial Mode": "Partial", "Parent Relationship": "Outer", "Parallel Aware": false, "Startup Cost": 1357530.44, "Total Cost": 1368095.08, "Plan Rows": 99734, "Plan Width": 36, "Group Key": ["lineitem.l_suppkey"], "Plans": [{"Node Type": "Sort", "Parent Relationship": "Outer", "Parallel Aware": false, "Startup Cost": 1357530.44, "Total Cost": 1359394.03, "Plan Rows": 745437, "Plan Width": 16, "Sort Key": ["lineitem.l_suppkey"], "Plans": [{"Node Type": "Index Scan", "Parent Relationship": "Outer", "Parallel Aware": true, "Scan Direction": "Forward", "Index Name": "idx_lineitem_shipdate", "Relation Name": "lineitem", "Alias": "lineitem", "Startup Cost": 0.56, "Total Cost": 1277359.53, "Plan Rows": 745437, "Plan Width": 16, "Index Cond": "((l_shipdate >= '1993-04-01'::date) AND (l_shipdate < '1993-07-01 00:00:00'::timestamp without time zone))"}]}]}]}]}, {"Node Type": "Index Scan", "Parent Relationship": "Inner", "Parallel Aware": false, "Scan Direction": "Forward", "Index Name": "supplier_pkey", "Relation Name": "supplier", "Alias": "supplier", "Startup Cost": 0.29, "Total Cost": 1.88, "Plan Rows": 1, "Plan Width": 71, "Index Cond": "(s_suppkey = lineitem.l_suppkey)"}]}]}}, {"Plan": {"Node Type": "Limit", "Parallel Aware": false, "Startup Cost": 2767519.5, "Total Cost": 2767624.0, "Plan Rows": 1, "Plan Width": 103, "Plans": [{"Node Type": "Aggregate", "Strategy": "Plain", "Partial Mode": "Simple", "Parent Relationship": "InitPlan", "Subplan Name": "InitPlan 1 (returns $1)", "Parallel Aware": false, "Startup Cost": 1408988.72, "Total Cost": 1408988.73, "Plan Rows": 1, "Plan Width": 32, "Plans": [{"Node Type": "Aggregate", "Strategy": "Sorted", "Partial Mode": "Finalize", "Parent Relationship": "Outer", "Parallel Aware": false, "Startup Cost": 1358530.48, "Total Cost": 1407742.04, "Plan Rows": 99734, "Plan Width": 36, "Group Key": ["lineitem_1.l_suppkey"], "Plans": [{"Node Type": "Gather Merge", "Parent Relationship": "Outer", "Parallel Aware": false, "Startup Cost": 1358530.48, "Total Cost": 1404251.35, "Plan Rows": 299202, "Plan Width": 36, "Workers Planned": 3, "Plans": [{"Node Type": "Aggregate", "Strategy": "Sorted", "Partial Mode": "Partial", "Parent Relationship": "Outer", "Parallel Aware": false, "Startup Cost": 1357530.44, "Total Cost": 1368095.08, "Plan Rows": 99734, "Plan Width": 36, "Group Key": ["lineitem_1.l_suppkey"], "Plans": [{"Node Type": "Sort", "Parent Relationship": "Outer", "Parallel Aware": false, "Startup Cost": 1357530.44, "Total Cost": 1359394.03, "Plan Rows": 745437, "Plan Width": 16, "Sort Key": ["lineitem_1.l_suppkey"], "Plans": [{"Node Type": "Index Scan", "Parent Relationship": "Outer", "Parallel Aware": true, "Scan Direction": "Forward", "Index Name": "idx_lineitem_shipdate", "Relation Name": "lineitem", "Alias": "lineitem_1", "Startup Cost": 0.56, "Total Cost": 1277359.53, "Plan Rows": 745437, "Plan Width": 16, "Index Cond": "((l_shipdate >= '1993-04-01'::date) AND (l_shipdate < '1993-07-01 00:00:00'::timestamp without time zone))"}]}]}]}]}]}, {"Node Type": "Nested Loop", "Parent Relationship": "Outer", "Parallel Aware": false, "Join Type": "Inner", "Startup Cost": 1358530.77, "Total Cost": 1410679.6, "Plan Rows": 499, "Plan Width": 103, "Inner Unique": true, "Plans": [{"Node Type": "Aggregate", "Strategy": "Sorted", "Partial Mode": "Finalize", "Parent Relationship": "Outer", "Parallel Aware": false, "Startup Cost": 1358530.48, "Total Cost": 1409736.72, "Plan Rows": 499, "Plan Width": 36, "Group Key": ["lineitem.l_suppkey"], "Filter": "(sum((lineitem.l_extendedprice * ('1'::numeric - lineitem.l_discount))) = $1)", "Plans": [{"Node Type": "Gather Merge", "Parent Relationship": "Outer", "Parallel Aware": false, "Startup Cost": 1358530.48, "Total Cost": 1404251.35, "Plan Rows": 299202, "Plan Width": 36, "Workers Planned": 3, "Plans": [{"Node Type": "Aggregate", "Strategy": "Sorted", "Partial Mode": "Partial", "Parent Relationship": "Outer", "Parallel Aware": false, "Startup Cost": 1357530.44, "Total Cost": 1368095.08, "Plan Rows": 99734, "Plan Width": 36, "Group Key": ["lineitem.l_suppkey"], "Plans": [{"Node Type": "Sort", "Parent Relationship": "Outer", "Parallel Aware": false, "Startup Cost": 1357530.44, "Total Cost": 1359394.03, "Plan Rows": 745437, "Plan Width": 16, "Sort Key": ["lineitem.l_suppkey"], "Plans": [{"Node Type": "Index Scan", "Parent Relationship": "Outer", "Parallel Aware": true, "Scan Direction": "Forward", "Index Name": "idx_lineitem_shipdate", "Relation Name": "lineitem", "Alias": "lineitem", "Startup Cost": 0.56, "Total Cost": 1277359.53, "Plan Rows": 745437, "Plan Width": 16, "Index Cond": "((l_shipdate >= '1993-04-01'::date) AND (l_shipdate < '1993-07-01 00:00:00'::timestamp without time zone))"}]}]}]}]}, {"Node Type": "Index Scan", "Parent Relationship": "Inner", "Parallel Aware": false, "Scan Direction": "Forward", "Index Name": "supplier_pkey", "Relation Name": "supplier", "Alias": "supplier", "Startup Cost": 0.29, "Total Cost": 1.88, "Plan Rows": 1, "Plan Width": 71, "Index Cond": "(s_suppkey = lineitem.l_suppkey)"}]}]}}, {"Plan": {"Node Type": "Limit", "Parallel Aware": false, "Startup Cost": 10003039979.45, "Total Cost": 10003040084.07, "Plan Rows": 1, "Plan Width": 103, "Plans": [{"Node Type": "Aggregate", "Strategy": "Plain", "Partial Mode": "Simple", "Parent Relationship": "InitPlan", "Subplan Name": "InitPlan 1 (returns $1)", "Parallel Aware": false, "Startup Cost": 1545218.4, "Total Cost": 1545218.41, "Plan Rows": 1, "Plan Width": 32, "Plans": [{"Node Type": "Aggregate", "Strategy": "Sorted", "Partial Mode": "Finalize", "Parent Relationship": "Outer", "Parallel Aware": false, "Startup Cost": 1494760.16, "Total Cost": 1543971.72, "Plan Rows": 99734, "Plan Width": 36, "Group Key": ["lineitem_1.l_suppkey"], "Plans": [{"Node Type": "Gather Merge", "Parent Relationship": "Outer", "Parallel Aware": false, "Startup Cost": 1494760.16, "Total Cost": 1540481.03, "Plan Rows": 299202, "Plan Width": 36, "Workers Planned": 3, "Plans": [{"Node Type": "Aggregate", "Strategy": "Sorted", "Partial Mode": "Partial", "Parent Relationship": "Outer", "Parallel Aware": false, "Startup Cost": 1493760.12, "Total Cost": 1504324.76, "Plan Rows": 99734, "Plan Width": 36, "Group Key": ["lineitem_1.l_suppkey"], "Plans": [{"Node Type": "Sort", "Parent Relationship": "Outer", "Parallel Aware": false, "Startup Cost": 1493760.12, "Total Cost": 1495623.71, "Plan Rows": 745437, "Plan Width": 16, "Sort Key": ["lineitem_1.l_suppkey"], "Plans": [{"Node Type": "Bitmap Heap Scan", "Parent Relationship": "Outer", "Parallel Aware": true, "Relation Name": "lineitem", "Alias": "lineitem_1", "Startup Cost": 33488.94, "Total Cost": 1413589.21, "Plan Rows": 745437, "Plan Width": 16, "Recheck Cond": "((l_shipdate >= '1993-04-01'::date) AND (l_shipdate < '1993-07-01 00:00:00'::timestamp without time zone))", "Plans": [{"Node Type": "Bitmap Index Scan", "Parent Relationship": "Outer", "Parallel Aware": false, "Index Name": "idx_lineitem_shipdate", "Startup Cost": 0.0, "Total Cost": 32911.23, "Plan Rows": 2310856, "Plan Width": 0, "Index Cond": "((l_shipdate >= '1993-04-01'::date) AND (l_shipdate < '1993-07-01 00:00:00'::timestamp without time zone))"}]}]}]}]}]}]}, {"Node Type": "Nested Loop", "Parent Relationship": "Outer", "Parallel Aware": false, "Join Type": "Inner", "Startup Cost": 10001494761.04, "Total Cost": 10001546965.66, "Plan Rows": 499, "Plan Width": 103, "Inner Unique": true, "Plans": [{"Node Type": "Aggregate", "Strategy": "Sorted", "Partial Mode": "Finalize", "Parent Relationship": "Outer", "Parallel Aware": false, "Startup Cost": 1494760.16, "Total Cost": 1545966.4, "Plan Rows": 499, "Plan Width": 36, "Group Key": ["lineitem.l_suppkey"], "Filter": "(sum((lineitem.l_extendedprice * ('1'::numeric - lineitem.l_discount))) = $1)", "Plans": [{"Node Type": "Gather Merge", "Parent Relationship": "Outer", "Parallel Aware": false, "Startup Cost": 1494760.16, "Total Cost": 1540481.03, "Plan Rows": 299202, "Plan Width": 36, "Workers Planned": 3, "Plans": [{"Node Type": "Aggregate", "Strategy": "Sorted", "Partial Mode": "Partial", "Parent Relationship": "Outer", "Parallel Aware": false, "Startup Cost": 1493760.12, "Total Cost": 1504324.76, "Plan Rows": 99734, "Plan Width": 36, "Group Key": ["lineitem.l_suppkey"], "Plans": [{"Node Type": "Sort", "Parent Relationship": "Outer", "Parallel Aware": false, "Startup Cost": 1493760.12, "Total Cost": 1495623.71, "Plan Rows": 745437, "Plan Width": 16, "Sort Key": ["lineitem.l_suppkey"], "Plans": [{"Node Type": "Bitmap Heap Scan", "Parent Relationship": "Outer", "Parallel Aware": true, "Relation Name": "lineitem", "Alias": "lineitem", "Startup Cost": 33488.94, "Total Cost": 1413589.21, "Plan Rows": 745437, "Plan Width": 16, "Recheck Cond": "((l_shipdate >= '1993-04-01'::date) AND (l_shipdate < '1993-07-01 00:00:00'::timestamp without time zone))", "Plans": [{"Node Type": "Bitmap Index Scan", "Parent Relationship": "Outer", "Parallel Aware": false, "Index Name": "idx_lineitem_shipdate", "Startup Cost": 0.0, "Total Cost": 32911.23, "Plan Rows": 2310856, "Plan Width": 0, "Index Cond": "((l_shipdate >= '1993-04-01'::date) AND (l_shipdate < '1993-07-01 00:00:00'::timestamp without time zone))"}]}]}]}]}]}, {"Node Type": "Bitmap Heap Scan", "Parent Relationship": "Inner", "Parallel Aware": false, "Relation Name": "supplier", "Alias": "supplier", "Startup Cost": 0.88, "Total Cost": 1.99, "Plan Rows": 1, "Plan Width": 71, "Recheck Cond": "(s_suppkey = lineitem.l_suppkey)", "Plans": [{"Node Type": "Bitmap Index Scan", "Parent Relationship": "Outer", "Parallel Aware": false, "Index Name": "supplier_pkey", "Startup Cost": 0.0, "Total Cost": 0.88, "Plan Rows": 1, "Plan Width": 0, "Index Cond": "(s_suppkey = lineitem.l_suppkey)"}]}]}]}}, {"Plan": {"Node Type": "Limit", "Parallel Aware": false, "Startup Cost": 3039979.45, "Total Cost": 3040084.07, "Plan Rows": 1, "Plan Width": 103, "Plans": [{"Node Type": "Aggregate", "Strategy": "Plain", "Partial Mode": "Simple", "Parent Relationship": "InitPlan", "Subplan Name": "InitPlan 1 (returns $1)", "Parallel Aware": false, "Startup Cost": 1545218.4, "Total Cost": 1545218.41, "Plan Rows": 1, "Plan Width": 32, "Plans": [{"Node Type": "Aggregate", "Strategy": "Sorted", "Partial Mode": "Finalize", "Parent Relationship": "Outer", "Parallel Aware": false, "Startup Cost": 1494760.16, "Total Cost": 1543971.72, "Plan Rows": 99734, "Plan Width": 36, "Group Key": ["lineitem_1.l_suppkey"], "Plans": [{"Node Type": "Gather Merge", "Parent Relationship": "Outer", "Parallel Aware": false, "Startup Cost": 1494760.16, "Total Cost": 1540481.03, "Plan Rows": 299202, "Plan Width": 36, "Workers Planned": 3, "Plans": [{"Node Type": "Aggregate", "Strategy": "Sorted", "Partial Mode": "Partial", "Parent Relationship": "Outer", "Parallel Aware": false, "Startup Cost": 1493760.12, "Total Cost": 1504324.76, "Plan Rows": 99734, "Plan Width": 36, "Group Key": ["lineitem_1.l_suppkey"], "Plans": [{"Node Type": "Sort", "Parent Relationship": "Outer", "Parallel Aware": false, "Startup Cost": 1493760.12, "Total Cost": 1495623.71, "Plan Rows": 745437, "Plan Width": 16, "Sort Key": ["lineitem_1.l_suppkey"], "Plans": [{"Node Type": "Bitmap Heap Scan", "Parent Relationship": "Outer", "Parallel Aware": true, "Relation Name": "lineitem", "Alias": "lineitem_1", "Startup Cost": 33488.94, "Total Cost": 1413589.21, "Plan Rows": 745437, "Plan Width": 16, "Recheck Cond": "((l_shipdate >= '1993-04-01'::date) AND (l_shipdate < '1993-07-01 00:00:00'::timestamp without time zone))", "Plans": [{"Node Type": "Bitmap Index Scan", "Parent Relationship": "Outer", "Parallel Aware": false, "Index Name": "idx_lineitem_shipdate", "Startup Cost": 0.0, "Total Cost": 32911.23, "Plan Rows": 2310856, "Plan Width": 0, "Index Cond": "((l_shipdate >= '1993-04-01'::date) AND (l_shipdate < '1993-07-01 00:00:00'::timestamp without time zone))"}]}]}]}]}]}]}, {"Node Type": "Nested Loop", "Parent Relationship": "Outer", "Parallel Aware": false, "Join Type": "Inner", "Startup Cost": 1494761.04, "Total Cost": 1546965.66, "Plan Rows": 499, "Plan Width": 103, "Inner Unique": true, "Plans": [{"Node Type": "Aggregate", "Strategy": "Sorted", "Partial Mode": "Finalize", "Parent Relationship": "Outer", "Parallel Aware": false, "Startup Cost": 1494760.16, "Total Cost": 1545966.4, "Plan Rows": 499, "Plan Width": 36, "Group Key": ["lineitem.l_suppkey"], "Filter": "(sum((lineitem.l_extendedprice * ('1'::numeric - lineitem.l_discount))) = $1)", "Plans": [{"Node Type": "Gather Merge", "Parent Relationship": "Outer", "Parallel Aware": false, "Startup Cost": 1494760.16, "Total Cost": 1540481.03, "Plan Rows": 299202, "Plan Width": 36, "Workers Planned": 3, "Plans": [{"Node Type": "Aggregate", "Strategy": "Sorted", "Partial Mode": "Partial", "Parent Relationship": "Outer", "Parallel Aware": false, "Startup Cost": 1493760.12, "Total Cost": 1504324.76, "Plan Rows": 99734, "Plan Width": 36, "Group Key": ["lineitem.l_suppkey"], "Plans": [{"Node Type": "Sort", "Parent Relationship": "Outer", "Parallel Aware": false, "Startup Cost": 1493760.12, "Total Cost": 1495623.71, "Plan Rows": 745437, "Plan Width": 16, "Sort Key": ["lineitem.l_suppkey"], "Plans": [{"Node Type": "Bitmap Heap Scan", "Parent Relationship": "Outer", "Parallel Aware": true, "Relation Name": "lineitem", "Alias": "lineitem", "Startup Cost": 33488.94, "Total Cost": 1413589.21, "Plan Rows": 745437, "Plan Width": 16, "Recheck Cond": "((l_shipdate >= '1993-04-01'::date) AND (l_shipdate < '1993-07-01 00:00:00'::timestamp without time zone))", "Plans": [{"Node Type": "Bitmap Index Scan", "Parent Relationship": "Outer", "Parallel Aware": false, "Index Name": "idx_lineitem_shipdate", "Startup Cost": 0.0, "Total Cost": 32911.23, "Plan Rows": 2310856, "Plan Width": 0, "Index Cond": "((l_shipdate >= '1993-04-01'::date) AND (l_shipdate < '1993-07-01 00:00:00'::timestamp without time zone))"}]}]}]}]}]}, {"Node Type": "Bitmap Heap Scan", "Parent Relationship": "Inner", "Parallel Aware": false, "Relation Name": "supplier", "Alias": "supplier", "Startup Cost": 0.88, "Total Cost": 1.99, "Plan Rows": 1, "Plan Width": 71, "Recheck Cond": "(s_suppkey = lineitem.l_suppkey)", "Plans": [{"Node Type": "Bitmap Index Scan", "Parent Relationship": "Outer", "Parallel Aware": false, "Index Name": "supplier_pkey", "Startup Cost": 0.0, "Total Cost": 0.88, "Plan Rows": 1, "Plan Width": 0, "Index Cond": "(s_suppkey = lineitem.l_suppkey)"}]}]}]}}, {"Plan": {"Node Type": "Limit", "Parallel Aware": false, "Startup Cost": 3039979.45, "Total Cost": 3040084.07, "Plan Rows": 1, "Plan Width": 103, "Plans": [{"Node Type": "Aggregate", "Strategy": "Plain", "Partial Mode": "Simple", "Parent Relationship": "InitPlan", "Subplan Name": "InitPlan 1 (returns $1)", "Parallel Aware": false, "Startup Cost": 1545218.4, "Total Cost": 1545218.41, "Plan Rows": 1, "Plan Width": 32, "Plans": [{"Node Type": "Aggregate", "Strategy": "Sorted", "Partial Mode": "Finalize", "Parent Relationship": "Outer", "Parallel Aware": false, "Startup Cost": 1494760.16, "Total Cost": 1543971.72, "Plan Rows": 99734, "Plan Width": 36, "Group Key": ["lineitem_1.l_suppkey"], "Plans": [{"Node Type": "Gather Merge", "Parent Relationship": "Outer", "Parallel Aware": false, "Startup Cost": 1494760.16, "Total Cost": 1540481.03, "Plan Rows": 299202, "Plan Width": 36, "Workers Planned": 3, "Plans": [{"Node Type": "Aggregate", "Strategy": "Sorted", "Partial Mode": "Partial", "Parent Relationship": "Outer", "Parallel Aware": false, "Startup Cost": 1493760.12, "Total Cost": 1504324.76, "Plan Rows": 99734, "Plan Width": 36, "Group Key": ["lineitem_1.l_suppkey"], "Plans": [{"Node Type": "Sort", "Parent Relationship": "Outer", "Parallel Aware": false, "Startup Cost": 1493760.12, "Total Cost": 1495623.71, "Plan Rows": 745437, "Plan Width": 16, "Sort Key": ["lineitem_1.l_suppkey"], "Plans": [{"Node Type": "Bitmap Heap Scan", "Parent Relationship": "Outer", "Parallel Aware": true, "Relation Name": "lineitem", "Alias": "lineitem_1", "Startup Cost": 33488.94, "Total Cost": 1413589.21, "Plan Rows": 745437, "Plan Width": 16, "Recheck Cond": "((l_shipdate >= '1993-04-01'::date) AND (l_shipdate < '1993-07-01 00:00:00'::timestamp without time zone))", "Plans": [{"Node Type": "Bitmap Index Scan", "Parent Relationship": "Outer", "Parallel Aware": false, "Index Name": "idx_lineitem_shipdate", "Startup Cost": 0.0, "Total Cost": 32911.23, "Plan Rows": 2310856, "Plan Width": 0, "Index Cond": "((l_shipdate >= '1993-04-01'::date) AND (l_shipdate < '1993-07-01 00:00:00'::timestamp without time zone))"}]}]}]}]}]}]}, {"Node Type": "Nested Loop", "Parent Relationship": "Outer", "Parallel Aware": false, "Join Type": "Inner", "Startup Cost": 1494761.04, "Total Cost": 1546965.66, "Plan Rows": 499, "Plan Width": 103, "Inner Unique": true, "Plans": [{"Node Type": "Aggregate", "Strategy": "Sorted", "Partial Mode": "Finalize", "Parent Relationship": "Outer", "Parallel Aware": false, "Startup Cost": 1494760.16, "Total Cost": 1545966.4, "Plan Rows": 499, "Plan Width": 36, "Group Key": ["lineitem.l_suppkey"], "Filter": "(sum((lineitem.l_extendedprice * ('1'::numeric - lineitem.l_discount))) = $1)", "Plans": [{"Node Type": "Gather Merge", "Parent Relationship": "Outer", "Parallel Aware": false, "Startup Cost": 1494760.16, "Total Cost": 1540481.03, "Plan Rows": 299202, "Plan Width": 36, "Workers Planned": 3, "Plans": [{"Node Type": "Aggregate", "Strategy": "Sorted", "Partial Mode": "Partial", "Parent Relationship": "Outer", "Parallel Aware": false, "Startup Cost": 1493760.12, "Total Cost": 1504324.76, "Plan Rows": 99734, "Plan Width": 36, "Group Key": ["lineitem.l_suppkey"], "Plans": [{"Node Type": "Sort", "Parent Relationship": "Outer", "Parallel Aware": false, "Startup Cost": 1493760.12, "Total Cost": 1495623.71, "Plan Rows": 745437, "Plan Width": 16, "Sort Key": ["lineitem.l_suppkey"], "Plans": [{"Node Type": "Bitmap Heap Scan", "Parent Relationship": "Outer", "Parallel Aware": true, "Relation Name": "lineitem", "Alias": "lineitem", "Startup Cost": 33488.94, "Total Cost": 1413589.21, "Plan Rows": 745437, "Plan Width": 16, "Recheck Cond": "((l_shipdate >= '1993-04-01'::date) AND (l_shipdate < '1993-07-01 00:00:00'::timestamp without time zone))", "Plans": [{"Node Type": "Bitmap Index Scan", "Parent Relationship": "Outer", "Parallel Aware": false, "Index Name": "idx_lineitem_shipdate", "Startup Cost": 0.0, "Total Cost": 32911.23, "Plan Rows": 2310856, "Plan Width": 0, "Index Cond": "((l_shipdate >= '1993-04-01'::date) AND (l_shipdate < '1993-07-01 00:00:00'::timestamp without time zone))"}]}]}]}]}]}, {"Node Type": "Bitmap Heap Scan", "Parent Relationship": "Inner", "Parallel Aware": false, "Relation Name": "supplier", "Alias": "supplier", "Startup Cost": 0.88, "Total Cost": 1.99, "Plan Rows": 1, "Plan Width": 71, "Recheck Cond": "(s_suppkey = lineitem.l_suppkey)", "Plans": [{"Node Type": "Bitmap Index Scan", "Parent Relationship": "Outer", "Parallel Aware": false, "Index Name": "supplier_pkey", "Startup Cost": 0.0, "Total Cost": 0.88, "Plan Rows": 1, "Plan Width": 0, "Index Cond": "(s_suppkey = lineitem.l_suppkey)"}]}]}]}}, {"Plan": {"Node Type": "Limit", "Parallel Aware": false, "Startup Cost": 3051499.39, "Total Cost": 3051603.03, "Plan Rows": 1, "Plan Width": 103, "Plans": [{"Node Type": "Aggregate", "Strategy": "Plain", "Partial Mode": "Simple", "Parent Relationship": "InitPlan", "Subplan Name": "InitPlan 1 (returns $1)", "Parallel Aware": false, "Startup Cost": 1545218.4, "Total Cost": 1545218.41, "Plan Rows": 1, "Plan Width": 32, "Plans": [{"Node Type": "Aggregate", "Strategy": "Sorted", "Partial Mode": "Finalize", "Parent Relationship": "Outer", "Parallel Aware": false, "Startup Cost": 1494760.16, "Total Cost": 1543971.72, "Plan Rows": 99734, "Plan Width": 36, "Group Key": ["lineitem_1.l_suppkey"], "Plans": [{"Node Type": "Gather Merge", "Parent Relationship": "Outer", "Parallel Aware": false, "Startup Cost": 1494760.16, "Total Cost": 1540481.03, "Plan Rows": 299202, "Plan Width": 36, "Workers Planned": 3, "Plans": [{"Node Type": "Aggregate", "Strategy": "Sorted", "Partial Mode": "Partial", "Parent Relationship": "Outer", "Parallel Aware": false, "Startup Cost": 1493760.12, "Total Cost": 1504324.76, "Plan Rows": 99734, "Plan Width": 36, "Group Key": ["lineitem_1.l_suppkey"], "Plans": [{"Node Type": "Sort", "Parent Relationship": "Outer", "Parallel Aware": false, "Startup Cost": 1493760.12, "Total Cost": 1495623.71, "Plan Rows": 745437, "Plan Width": 16, "Sort Key": ["lineitem_1.l_suppkey"], "Plans": [{"Node Type": "Bitmap Heap Scan", "Parent Relationship": "Outer", "Parallel Aware": true, "Relation Name": "lineitem", "Alias": "lineitem_1", "Startup Cost": 33488.94, "Total Cost": 1413589.21, "Plan Rows": 745437, "Plan Width": 16, "Recheck Cond": "((l_shipdate >= '1993-04-01'::date) AND (l_shipdate < '1993-07-01 00:00:00'::timestamp without time zone))", "Plans": [{"Node Type": "Bitmap Index Scan", "Parent Relationship": "Outer", "Parallel Aware": false, "Index Name": "idx_lineitem_shipdate", "Startup Cost": 0.0, "Total Cost": 32911.23, "Plan Rows": 2310856, "Plan Width": 0, "Index Cond": "((l_shipdate >= '1993-04-01'::date) AND (l_shipdate < '1993-07-01 00:00:00'::timestamp without time zone))"}]}]}]}]}]}]}, {"Node Type": "Merge Join", "Parent Relationship": "Outer", "Parallel Aware": false, "Join Type": "Inner", "Startup Cost": 1506280.98, "Total Cost": 1557998.45, "Plan Rows": 499, "Plan Width": 103, "Inner Unique": true, "Merge Cond": "(supplier.s_suppkey = lineitem.l_suppkey)", "Plans": [{"Node Type": "Sort", "Parent Relationship": "Outer", "Parallel Aware": false, "Startup Cost": 11520.82, "Total Cost": 11770.82, "Plan Rows": 100000, "Plan Width": 71, "Sort Key": ["supplier.s_suppkey"], "Plans": [{"Node Type": "Seq Scan", "Parent Relationship": "Outer", "Parallel Aware": false, "Relation Name": "supplier", "Alias": "supplier", "Startup Cost": 0.0, "Total Cost": 3216.0, "Plan Rows": 100000, "Plan Width": 71}]}, {"Node Type": "Aggregate", "Strategy": "Sorted", "Partial Mode": "Finalize", "Parent Relationship": "Inner", "Parallel Aware": false, "Startup Cost": 1494760.16, "Total Cost": 1545966.4, "Plan Rows": 499, "Plan Width": 36, "Group Key": ["lineitem.l_suppkey"], "Filter": "(sum((lineitem.l_extendedprice * ('1'::numeric - lineitem.l_discount))) = $1)", "Plans": [{"Node Type": "Gather Merge", "Parent Relationship": "Outer", "Parallel Aware": false, "Startup Cost": 1494760.16, "Total Cost": 1540481.03, "Plan Rows": 299202, "Plan Width": 36, "Workers Planned": 3, "Plans": [{"Node Type": "Aggregate", "Strategy": "Sorted", "Partial Mode": "Partial", "Parent Relationship": "Outer", "Parallel Aware": false, "Startup Cost": 1493760.12, "Total Cost": 1504324.76, "Plan Rows": 99734, "Plan Width": 36, "Group Key": ["lineitem.l_suppkey"], "Plans": [{"Node Type": "Sort", "Parent Relationship": "Outer", "Parallel Aware": false, "Startup Cost": 1493760.12, "Total Cost": 1495623.71, "Plan Rows": 745437, "Plan Width": 16, "Sort Key": ["lineitem.l_suppkey"], "Plans": [{"Node Type": "Bitmap Heap Scan", "Parent Relationship": "Outer", "Parallel Aware": true, "Relation Name": "lineitem", "Alias": "lineitem", "Startup Cost": 33488.94, "Total Cost": 1413589.21, "Plan Rows": 745437, "Plan Width": 16, "Recheck Cond": "((l_shipdate >= '1993-04-01'::date) AND (l_shipdate < '1993-07-01 00:00:00'::timestamp without time zone))", "Plans": [{"Node Type": "Bitmap Index Scan", "Parent Relationship": "Outer", "Parallel Aware": false, "Index Name": "idx_lineitem_shipdate", "Startup Cost": 0.0, "Total Cost": 32911.23, "Plan Rows": 2310856, "Plan Width": 0, "Index Cond": "((l_shipdate >= '1993-04-01'::date) AND (l_shipdate < '1993-07-01 00:00:00'::timestamp without time zone))"}]}]}]}]}]}]}]}}, {"Plan": {"Node Type": "Limit", "Parallel Aware": false, "Startup Cost": 3039979.45, "Total Cost": 3040084.07, "Plan Rows": 1, "Plan Width": 103, "Plans": [{"Node Type": "Aggregate", "Strategy": "Plain", "Partial Mode": "Simple", "Parent Relationship": "InitPlan", "Subplan Name": "InitPlan 1 (returns $1)", "Parallel Aware": false, "Startup Cost": 1545218.4, "Total Cost": 1545218.41, "Plan Rows": 1, "Plan Width": 32, "Plans": [{"Node Type": "Aggregate", "Strategy": "Sorted", "Partial Mode": "Finalize", "Parent Relationship": "Outer", "Parallel Aware": false, "Startup Cost": 1494760.16, "Total Cost": 1543971.72, "Plan Rows": 99734, "Plan Width": 36, "Group Key": ["lineitem_1.l_suppkey"], "Plans": [{"Node Type": "Gather Merge", "Parent Relationship": "Outer", "Parallel Aware": false, "Startup Cost": 1494760.16, "Total Cost": 1540481.03, "Plan Rows": 299202, "Plan Width": 36, "Workers Planned": 3, "Plans": [{"Node Type": "Aggregate", "Strategy": "Sorted", "Partial Mode": "Partial", "Parent Relationship": "Outer", "Parallel Aware": false, "Startup Cost": 1493760.12, "Total Cost": 1504324.76, "Plan Rows": 99734, "Plan Width": 36, "Group Key": ["lineitem_1.l_suppkey"], "Plans": [{"Node Type": "Sort", "Parent Relationship": "Outer", "Parallel Aware": false, "Startup Cost": 1493760.12, "Total Cost": 1495623.71, "Plan Rows": 745437, "Plan Width": 16, "Sort Key": ["lineitem_1.l_suppkey"], "Plans": [{"Node Type": "Bitmap Heap Scan", "Parent Relationship": "Outer", "Parallel Aware": true, "Relation Name": "lineitem", "Alias": "lineitem_1", "Startup Cost": 33488.94, "Total Cost": 1413589.21, "Plan Rows": 745437, "Plan Width": 16, "Recheck Cond": "((l_shipdate >= '1993-04-01'::date) AND (l_shipdate < '1993-07-01 00:00:00'::timestamp without time zone))", "Plans": [{"Node Type": "Bitmap Index Scan", "Parent Relationship": "Outer", "Parallel Aware": false, "Index Name": "idx_lineitem_shipdate", "Startup Cost": 0.0, "Total Cost": 32911.23, "Plan Rows": 2310856, "Plan Width": 0, "Index Cond": "((l_shipdate >= '1993-04-01'::date) AND (l_shipdate < '1993-07-01 00:00:00'::timestamp without time zone))"}]}]}]}]}]}]}, {"Node Type": "Nested Loop", "Parent Relationship": "Outer", "Parallel Aware": false, "Join Type": "Inner", "Startup Cost": 1494761.04, "Total Cost": 1546965.66, "Plan Rows": 499, "Plan Width": 103, "Inner Unique": true, "Plans": [{"Node Type": "Aggregate", "Strategy": "Sorted", "Partial Mode": "Finalize", "Parent Relationship": "Outer", "Parallel Aware": false, "Startup Cost": 1494760.16, "Total Cost": 1545966.4, "Plan Rows": 499, "Plan Width": 36, "Group Key": ["lineitem.l_suppkey"], "Filter": "(sum((lineitem.l_extendedprice * ('1'::numeric - lineitem.l_discount))) = $1)", "Plans": [{"Node Type": "Gather Merge", "Parent Relationship": "Outer", "Parallel Aware": false, "Startup Cost": 1494760.16, "Total Cost": 1540481.03, "Plan Rows": 299202, "Plan Width": 36, "Workers Planned": 3, "Plans": [{"Node Type": "Aggregate", "Strategy": "Sorted", "Partial Mode": "Partial", "Parent Relationship": "Outer", "Parallel Aware": false, "Startup Cost": 1493760.12, "Total Cost": 1504324.76, "Plan Rows": 99734, "Plan Width": 36, "Group Key": ["lineitem.l_suppkey"], "Plans": [{"Node Type": "Sort", "Parent Relationship": "Outer", "Parallel Aware": false, "Startup Cost": 1493760.12, "Total Cost": 1495623.71, "Plan Rows": 745437, "Plan Width": 16, "Sort Key": ["lineitem.l_suppkey"], "Plans": [{"Node Type": "Bitmap Heap Scan", "Parent Relationship": "Outer", "Parallel Aware": true, "Relation Name": "lineitem", "Alias": "lineitem", "Startup Cost": 33488.94, "Total Cost": 1413589.21, "Plan Rows": 745437, "Plan Width": 16, "Recheck Cond": "((l_shipdate >= '1993-04-01'::date) AND (l_shipdate < '1993-07-01 00:00:00'::timestamp without time zone))", "Plans": [{"Node Type": "Bitmap Index Scan", "Parent Relationship": "Outer", "Parallel Aware": false, "Index Name": "idx_lineitem_shipdate", "Startup Cost": 0.0, "Total Cost": 32911.23, "Plan Rows": 2310856, "Plan Width": 0, "Index Cond": "((l_shipdate >= '1993-04-01'::date) AND (l_shipdate < '1993-07-01 00:00:00'::timestamp without time zone))"}]}]}]}]}]}, {"Node Type": "Bitmap Heap Scan", "Parent Relationship": "Inner", "Parallel Aware": false, "Relation Name": "supplier", "Alias": "supplier", "Startup Cost": 0.88, "Total Cost": 1.99, "Plan Rows": 1, "Plan Width": 71, "Recheck Cond": "(s_suppkey = lineitem.l_suppkey)", "Plans": [{"Node Type": "Bitmap Index Scan", "Parent Relationship": "Outer", "Parallel Aware": false, "Index Name": "supplier_pkey", "Startup Cost": 0.0, "Total Cost": 0.88, "Plan Rows": 1, "Plan Width": 0, "Index Cond": "(s_suppkey = lineitem.l_suppkey)"}]}]}]}}, {"Plan": {"Node Type": "Limit", "Parallel Aware": false, "Startup Cost": 3039979.45, "Total Cost": 3040084.07, "Plan Rows": 1, "Plan Width": 103, "Plans": [{"Node Type": "Aggregate", "Strategy": "Plain", "Partial Mode": "Simple", "Parent Relationship": "InitPlan", "Subplan Name": "InitPlan 1 (returns $1)", "Parallel Aware": false, "Startup Cost": 1545218.4, "Total Cost": 1545218.41, "Plan Rows": 1, "Plan Width": 32, "Plans": [{"Node Type": "Aggregate", "Strategy": "Sorted", "Partial Mode": "Finalize", "Parent Relationship": "Outer", "Parallel Aware": false, "Startup Cost": 1494760.16, "Total Cost": 1543971.72, "Plan Rows": 99734, "Plan Width": 36, "Group Key": ["lineitem_1.l_suppkey"], "Plans": [{"Node Type": "Gather Merge", "Parent Relationship": "Outer", "Parallel Aware": false, "Startup Cost": 1494760.16, "Total Cost": 1540481.03, "Plan Rows": 299202, "Plan Width": 36, "Workers Planned": 3, "Plans": [{"Node Type": "Aggregate", "Strategy": "Sorted", "Partial Mode": "Partial", "Parent Relationship": "Outer", "Parallel Aware": false, "Startup Cost": 1493760.12, "Total Cost": 1504324.76, "Plan Rows": 99734, "Plan Width": 36, "Group Key": ["lineitem_1.l_suppkey"], "Plans": [{"Node Type": "Sort", "Parent Relationship": "Outer", "Parallel Aware": false, "Startup Cost": 1493760.12, "Total Cost": 1495623.71, "Plan Rows": 745437, "Plan Width": 16, "Sort Key": ["lineitem_1.l_suppkey"], "Plans": [{"Node Type": "Bitmap Heap Scan", "Parent Relationship": "Outer", "Parallel Aware": true, "Relation Name": "lineitem", "Alias": "lineitem_1", "Startup Cost": 33488.94, "Total Cost": 1413589.21, "Plan Rows": 745437, "Plan Width": 16, "Recheck Cond": "((l_shipdate >= '1993-04-01'::date) AND (l_shipdate < '1993-07-01 00:00:00'::timestamp without time zone))", "Plans": [{"Node Type": "Bitmap Index Scan", "Parent Relationship": "Outer", "Parallel Aware": false, "Index Name": "idx_lineitem_shipdate", "Startup Cost": 0.0, "Total Cost": 32911.23, "Plan Rows": 2310856, "Plan Width": 0, "Index Cond": "((l_shipdate >= '1993-04-01'::date) AND (l_shipdate < '1993-07-01 00:00:00'::timestamp without time zone))"}]}]}]}]}]}]}, {"Node Type": "Nested Loop", "Parent Relationship": "Outer", "Parallel Aware": false, "Join Type": "Inner", "Startup Cost": 1494761.04, "Total Cost": 1546965.66, "Plan Rows": 499, "Plan Width": 103, "Inner Unique": true, "Plans": [{"Node Type": "Aggregate", "Strategy": "Sorted", "Partial Mode": "Finalize", "Parent Relationship": "Outer", "Parallel Aware": false, "Startup Cost": 1494760.16, "Total Cost": 1545966.4, "Plan Rows": 499, "Plan Width": 36, "Group Key": ["lineitem.l_suppkey"], "Filter": "(sum((lineitem.l_extendedprice * ('1'::numeric - lineitem.l_discount))) = $1)", "Plans": [{"Node Type": "Gather Merge", "Parent Relationship": "Outer", "Parallel Aware": false, "Startup Cost": 1494760.16, "Total Cost": 1540481.03, "Plan Rows": 299202, "Plan Width": 36, "Workers Planned": 3, "Plans": [{"Node Type": "Aggregate", "Strategy": "Sorted", "Partial Mode": "Partial", "Parent Relationship": "Outer", "Parallel Aware": false, "Startup Cost": 1493760.12, "Total Cost": 1504324.76, "Plan Rows": 99734, "Plan Width": 36, "Group Key": ["lineitem.l_suppkey"], "Plans": [{"Node Type": "Sort", "Parent Relationship": "Outer", "Parallel Aware": false, "Startup Cost": 1493760.12, "Total Cost": 1495623.71, "Plan Rows": 745437, "Plan Width": 16, "Sort Key": ["lineitem.l_suppkey"], "Plans": [{"Node Type": "Bitmap Heap Scan", "Parent Relationship": "Outer", "Parallel Aware": true, "Relation Name": "lineitem", "Alias": "lineitem", "Startup Cost": 33488.94, "Total Cost": 1413589.21, "Plan Rows": 745437, "Plan Width": 16, "Recheck Cond": "((l_shipdate >= '1993-04-01'::date) AND (l_shipdate < '1993-07-01 00:00:00'::timestamp without time zone))", "Plans": [{"Node Type": "Bitmap Index Scan", "Parent Relationship": "Outer", "Parallel Aware": false, "Index Name": "idx_lineitem_shipdate", "Startup Cost": 0.0, "Total Cost": 32911.23, "Plan Rows": 2310856, "Plan Width": 0, "Index Cond": "((l_shipdate >= '1993-04-01'::date) AND (l_shipdate < '1993-07-01 00:00:00'::timestamp without time zone))"}]}]}]}]}]}, {"Node Type": "Bitmap Heap Scan", "Parent Relationship": "Inner", "Parallel Aware": false, "Relation Name": "supplier", "Alias": "supplier", "Startup Cost": 0.88, "Total Cost": 1.99, "Plan Rows": 1, "Plan Width": 71, "Recheck Cond": "(s_suppkey = lineitem.l_suppkey)", "Plans": [{"Node Type": "Bitmap Index Scan", "Parent Relationship": "Outer", "Parallel Aware": false, "Index Name": "supplier_pkey", "Startup Cost": 0.0, "Total Cost": 0.88, "Plan Rows": 1, "Plan Width": 0, "Index Cond": "(s_suppkey = lineitem.l_suppkey)"}]}]}]}}, {"Plan": {"Node Type": "Limit", "Parallel Aware": false, "Startup Cost": 2767519.5, "Total Cost": 2767630.7, "Plan Rows": 1, "Plan Width": 103, "Plans": [{"Node Type": "Aggregate", "Strategy": "Plain", "Partial Mode": "Simple", "Parent Relationship": "InitPlan", "Subplan Name": "InitPlan 1 (returns $1)", "Parallel Aware": false, "Startup Cost": 1408988.72, "Total Cost": 1408988.73, "Plan Rows": 1, "Plan Width": 32, "Plans": [{"Node Type": "Aggregate", "Strategy": "Sorted", "Partial Mode": "Finalize", "Parent Relationship": "Outer", "Parallel Aware": false, "Startup Cost": 1358530.48, "Total Cost": 1407742.04, "Plan Rows": 99734, "Plan Width": 36, "Group Key": ["lineitem_1.l_suppkey"], "Plans": [{"Node Type": "Gather Merge", "Parent Relationship": "Outer", "Parallel Aware": false, "Startup Cost": 1358530.48, "Total Cost": 1404251.35, "Plan Rows": 299202, "Plan Width": 36, "Workers Planned": 3, "Plans": [{"Node Type": "Aggregate", "Strategy": "Sorted", "Partial Mode": "Partial", "Parent Relationship": "Outer", "Parallel Aware": false, "Startup Cost": 1357530.44, "Total Cost": 1368095.08, "Plan Rows": 99734, "Plan Width": 36, "Group Key": ["lineitem_1.l_suppkey"], "Plans": [{"Node Type": "Sort", "Parent Relationship": "Outer", "Parallel Aware": false, "Startup Cost": 1357530.44, "Total Cost": 1359394.03, "Plan Rows": 745437, "Plan Width": 16, "Sort Key": ["lineitem_1.l_suppkey"], "Plans": [{"Node Type": "Index Scan", "Parent Relationship": "Outer", "Parallel Aware": true, "Scan Direction": "Forward", "Index Name": "idx_lineitem_shipdate", "Relation Name": "lineitem", "Alias": "lineitem_1", "Startup Cost": 0.56, "Total Cost": 1277359.53, "Plan Rows": 745437, "Plan Width": 16, "Index Cond": "((l_shipdate >= '1993-04-01'::date) AND (l_shipdate < '1993-07-01 00:00:00'::timestamp without time zone))"}]}]}]}]}]}, {"Node Type": "Merge Join", "Parent Relationship": "Outer", "Parallel Aware": false, "Join Type": "Inner", "Startup Cost": 1358530.77, "Total Cost": 1414018.05, "Plan Rows": 499, "Plan Width": 103, "Inner Unique": true, "Merge Cond": "(supplier.s_suppkey = lineitem.l_suppkey)", "Plans": [{"Node Type": "Index Scan", "Parent Relationship": "Outer", "Parallel Aware": false, "Scan Direction": "Forward", "Index Name": "supplier_pkey", "Relation Name": "supplier", "Alias": "supplier", "Startup Cost": 0.29, "Total Cost": 4020.1, "Plan Rows": 100000, "Plan Width": 71}, {"Node Type": "Aggregate", "Strategy": "Sorted", "Partial Mode": "Finalize", "Parent Relationship": "Inner", "Parallel Aware": false, "Startup Cost": 1358530.48, "Total Cost": 1409736.72, "Plan Rows": 499, "Plan Width": 36, "Group Key": ["lineitem.l_suppkey"], "Filter": "(sum((lineitem.l_extendedprice * ('1'::numeric - lineitem.l_discount))) = $1)", "Plans": [{"Node Type": "Gather Merge", "Parent Relationship": "Outer", "Parallel Aware": false, "Startup Cost": 1358530.48, "Total Cost": 1404251.35, "Plan Rows": 299202, "Plan Width": 36, "Workers Planned": 3, "Plans": [{"Node Type": "Aggregate", "Strategy": "Sorted", "Partial Mode": "Partial", "Parent Relationship": "Outer", "Parallel Aware": false, "Startup Cost": 1357530.44, "Total Cost": 1368095.08, "Plan Rows": 99734, "Plan Width": 36, "Group Key": ["lineitem.l_suppkey"], "Plans": [{"Node Type": "Sort", "Parent Relationship": "Outer", "Parallel Aware": false, "Startup Cost": 1357530.44, "Total Cost": 1359394.03, "Plan Rows": 745437, "Plan Width": 16, "Sort Key": ["lineitem.l_suppkey"], "Plans": [{"Node Type": "Index Scan", "Parent Relationship": "Outer", "Parallel Aware": true, "Scan Direction": "Forward", "Index Name": "idx_lineitem_shipdate", "Relation Name": "lineitem", "Alias": "lineitem", "Startup Cost": 0.56, "Total Cost": 1277359.53, "Plan Rows": 745437, "Plan Width": 16, "Index Cond": "((l_shipdate >= '1993-04-01'::date) AND (l_shipdate < '1993-07-01 00:00:00'::timestamp without time zone))"}]}]}]}]}]}]}}, {"Plan": {"Node Type": "Limit", "Parallel Aware": false, "Startup Cost": 2767519.5, "Total Cost": 2767624.0, "Plan Rows": 1, "Plan Width": 103, "Plans": [{"Node Type": "Aggregate", "Strategy": "Plain", "Partial Mode": "Simple", "Parent Relationship": "InitPlan", "Subplan Name": "InitPlan 1 (returns $1)", "Parallel Aware": false, "Startup Cost": 1408988.72, "Total Cost": 1408988.73, "Plan Rows": 1, "Plan Width": 32, "Plans": [{"Node Type": "Aggregate", "Strategy": "Sorted", "Partial Mode": "Finalize", "Parent Relationship": "Outer", "Parallel Aware": false, "Startup Cost": 1358530.48, "Total Cost": 1407742.04, "Plan Rows": 99734, "Plan Width": 36, "Group Key": ["lineitem_1.l_suppkey"], "Plans": [{"Node Type": "Gather Merge", "Parent Relationship": "Outer", "Parallel Aware": false, "Startup Cost": 1358530.48, "Total Cost": 1404251.35, "Plan Rows": 299202, "Plan Width": 36, "Workers Planned": 3, "Plans": [{"Node Type": "Aggregate", "Strategy": "Sorted", "Partial Mode": "Partial", "Parent Relationship": "Outer", "Parallel Aware": false, "Startup Cost": 1357530.44, "Total Cost": 1368095.08, "Plan Rows": 99734, "Plan Width": 36, "Group Key": ["lineitem_1.l_suppkey"], "Plans": [{"Node Type": "Sort", "Parent Relationship": "Outer", "Parallel Aware": false, "Startup Cost": 1357530.44, "Total Cost": 1359394.03, "Plan Rows": 745437, "Plan Width": 16, "Sort Key": ["lineitem_1.l_suppkey"], "Plans": [{"Node Type": "Index Scan", "Parent Relationship": "Outer", "Parallel Aware": true, "Scan Direction": "Forward", "Index Name": "idx_lineitem_shipdate", "Relation Name": "lineitem", "Alias": "lineitem_1", "Startup Cost": 0.56, "Total Cost": 1277359.53, "Plan Rows": 745437, "Plan Width": 16, "Index Cond": "((l_shipdate >= '1993-04-01'::date) AND (l_shipdate < '1993-07-01 00:00:00'::timestamp without time zone))"}]}]}]}]}]}, {"Node Type": "Nested Loop", "Parent Relationship": "Outer", "Parallel Aware": false, "Join Type": "Inner", "Startup Cost": 1358530.77, "Total Cost": 1410679.6, "Plan Rows": 499, "Plan Width": 103, "Inner Unique": true, "Plans": [{"Node Type": "Aggregate", "Strategy": "Sorted", "Partial Mode": "Finalize", "Parent Relationship": "Outer", "Parallel Aware": false, "Startup Cost": 1358530.48, "Total Cost": 1409736.72, "Plan Rows": 499, "Plan Width": 36, "Group Key": ["lineitem.l_suppkey"], "Filter": "(sum((lineitem.l_extendedprice * ('1'::numeric - lineitem.l_discount))) = $1)", "Plans": [{"Node Type": "Gather Merge", "Parent Relationship": "Outer", "Parallel Aware": false, "Startup Cost": 1358530.48, "Total Cost": 1404251.35, "Plan Rows": 299202, "Plan Width": 36, "Workers Planned": 3, "Plans": [{"Node Type": "Aggregate", "Strategy": "Sorted", "Partial Mode": "Partial", "Parent Relationship": "Outer", "Parallel Aware": false, "Startup Cost": 1357530.44, "Total Cost": 1368095.08, "Plan Rows": 99734, "Plan Width": 36, "Group Key": ["lineitem.l_suppkey"], "Plans": [{"Node Type": "Sort", "Parent Relationship": "Outer", "Parallel Aware": false, "Startup Cost": 1357530.44, "Total Cost": 1359394.03, "Plan Rows": 745437, "Plan Width": 16, "Sort Key": ["lineitem.l_suppkey"], "Plans": [{"Node Type": "Index Scan", "Parent Relationship": "Outer", "Parallel Aware": true, "Scan Direction": "Forward", "Index Name": "idx_lineitem_shipdate", "Relation Name": "lineitem", "Alias": "lineitem", "Startup Cost": 0.56, "Total Cost": 1277359.53, "Plan Rows": 745437, "Plan Width": 16, "Index Cond": "((l_shipdate >= '1993-04-01'::date) AND (l_shipdate < '1993-07-01 00:00:00'::timestamp without time zone))"}]}]}]}]}, {"Node Type": "Index Scan", "Parent Relationship": "Inner", "Parallel Aware": false, "Scan Direction": "Forward", "Index Name": "supplier_pkey", "Relation Name": "supplier", "Alias": "supplier", "Startup Cost": 0.29, "Total Cost": 1.88, "Plan Rows": 1, "Plan Width": 71, "Index Cond": "(s_suppkey = lineitem.l_suppkey)"}]}]}}, {"Plan": {"Node Type": "Limit", "Parallel Aware": false, "Startup Cost": 2767519.5, "Total Cost": 2767624.0, "Plan Rows": 1, "Plan Width": 103, "Plans": [{"Node Type": "Aggregate", "Strategy": "Plain", "Partial Mode": "Simple", "Parent Relationship": "InitPlan", "Subplan Name": "InitPlan 1 (returns $1)", "Parallel Aware": false, "Startup Cost": 1408988.72, "Total Cost": 1408988.73, "Plan Rows": 1, "Plan Width": 32, "Plans": [{"Node Type": "Aggregate", "Strategy": "Sorted", "Partial Mode": "Finalize", "Parent Relationship": "Outer", "Parallel Aware": false, "Startup Cost": 1358530.48, "Total Cost": 1407742.04, "Plan Rows": 99734, "Plan Width": 36, "Group Key": ["lineitem_1.l_suppkey"], "Plans": [{"Node Type": "Gather Merge", "Parent Relationship": "Outer", "Parallel Aware": false, "Startup Cost": 1358530.48, "Total Cost": 1404251.35, "Plan Rows": 299202, "Plan Width": 36, "Workers Planned": 3, "Plans": [{"Node Type": "Aggregate", "Strategy": "Sorted", "Partial Mode": "Partial", "Parent Relationship": "Outer", "Parallel Aware": false, "Startup Cost": 1357530.44, "Total Cost": 1368095.08, "Plan Rows": 99734, "Plan Width": 36, "Group Key": ["lineitem_1.l_suppkey"], "Plans": [{"Node Type": "Sort", "Parent Relationship": "Outer", "Parallel Aware": false, "Startup Cost": 1357530.44, "Total Cost": 1359394.03, "Plan Rows": 745437, "Plan Width": 16, "Sort Key": ["lineitem_1.l_suppkey"], "Plans": [{"Node Type": "Index Scan", "Parent Relationship": "Outer", "Parallel Aware": true, "Scan Direction": "Forward", "Index Name": "idx_lineitem_shipdate", "Relation Name": "lineitem", "Alias": "lineitem_1", "Startup Cost": 0.56, "Total Cost": 1277359.53, "Plan Rows": 745437, "Plan Width": 16, "Index Cond": "((l_shipdate >= '1993-04-01'::date) AND (l_shipdate < '1993-07-01 00:00:00'::timestamp without time zone))"}]}]}]}]}]}, {"Node Type": "Nested Loop", "Parent Relationship": "Outer", "Parallel Aware": false, "Join Type": "Inner", "Startup Cost": 1358530.77, "Total Cost": 1410679.6, "Plan Rows": 499, "Plan Width": 103, "Inner Unique": true, "Plans": [{"Node Type": "Aggregate", "Strategy": "Sorted", "Partial Mode": "Finalize", "Parent Relationship": "Outer", "Parallel Aware": false, "Startup Cost": 1358530.48, "Total Cost": 1409736.72, "Plan Rows": 499, "Plan Width": 36, "Group Key": ["lineitem.l_suppkey"], "Filter": "(sum((lineitem.l_extendedprice * ('1'::numeric - lineitem.l_discount))) = $1)", "Plans": [{"Node Type": "Gather Merge", "Parent Relationship": "Outer", "Parallel Aware": false, "Startup Cost": 1358530.48, "Total Cost": 1404251.35, "Plan Rows": 299202, "Plan Width": 36, "Workers Planned": 3, "Plans": [{"Node Type": "Aggregate", "Strategy": "Sorted", "Partial Mode": "Partial", "Parent Relationship": "Outer", "Parallel Aware": false, "Startup Cost": 1357530.44, "Total Cost": 1368095.08, "Plan Rows": 99734, "Plan Width": 36, "Group Key": ["lineitem.l_suppkey"], "Plans": [{"Node Type": "Sort", "Parent Relationship": "Outer", "Parallel Aware": false, "Startup Cost": 1357530.44, "Total Cost": 1359394.03, "Plan Rows": 745437, "Plan Width": 16, "Sort Key": ["lineitem.l_suppkey"], "Plans": [{"Node Type": "Index Scan", "Parent Relationship": "Outer", "Parallel Aware": true, "Scan Direction": "Forward", "Index Name": "idx_lineitem_shipdate", "Relation Name": "lineitem", "Alias": "lineitem", "Startup Cost": 0.56, "Total Cost": 1277359.53, "Plan Rows": 745437, "Plan Width": 16, "Index Cond": "((l_shipdate >= '1993-04-01'::date) AND (l_shipdate < '1993-07-01 00:00:00'::timestamp without time zone))"}]}]}]}]}, {"Node Type": "Index Scan", "Parent Relationship": "Inner", "Parallel Aware": false, "Scan Direction": "Forward", "Index Name": "supplier_pkey", "Relation Name": "supplier", "Alias": "supplier", "Startup Cost": 0.29, "Total Cost": 1.88, "Plan Rows": 1, "Plan Width": 71, "Index Cond": "(s_suppkey = lineitem.l_suppkey)"}]}]}}, {"Plan": {"Node Type": "Limit", "Parallel Aware": false, "Startup Cost": 2767519.5, "Total Cost": 2767630.7, "Plan Rows": 1, "Plan Width": 103, "Plans": [{"Node Type": "Aggregate", "Strategy": "Plain", "Partial Mode": "Simple", "Parent Relationship": "InitPlan", "Subplan Name": "InitPlan 1 (returns $1)", "Parallel Aware": false, "Startup Cost": 1408988.72, "Total Cost": 1408988.73, "Plan Rows": 1, "Plan Width": 32, "Plans": [{"Node Type": "Aggregate", "Strategy": "Sorted", "Partial Mode": "Finalize", "Parent Relationship": "Outer", "Parallel Aware": false, "Startup Cost": 1358530.48, "Total Cost": 1407742.04, "Plan Rows": 99734, "Plan Width": 36, "Group Key": ["lineitem_1.l_suppkey"], "Plans": [{"Node Type": "Gather Merge", "Parent Relationship": "Outer", "Parallel Aware": false, "Startup Cost": 1358530.48, "Total Cost": 1404251.35, "Plan Rows": 299202, "Plan Width": 36, "Workers Planned": 3, "Plans": [{"Node Type": "Aggregate", "Strategy": "Sorted", "Partial Mode": "Partial", "Parent Relationship": "Outer", "Parallel Aware": false, "Startup Cost": 1357530.44, "Total Cost": 1368095.08, "Plan Rows": 99734, "Plan Width": 36, "Group Key": ["lineitem_1.l_suppkey"], "Plans": [{"Node Type": "Sort", "Parent Relationship": "Outer", "Parallel Aware": false, "Startup Cost": 1357530.44, "Total Cost": 1359394.03, "Plan Rows": 745437, "Plan Width": 16, "Sort Key": ["lineitem_1.l_suppkey"], "Plans": [{"Node Type": "Index Scan", "Parent Relationship": "Outer", "Parallel Aware": true, "Scan Direction": "Forward", "Index Name": "idx_lineitem_shipdate", "Relation Name": "lineitem", "Alias": "lineitem_1", "Startup Cost": 0.56, "Total Cost": 1277359.53, "Plan Rows": 745437, "Plan Width": 16, "Index Cond": "((l_shipdate >= '1993-04-01'::date) AND (l_shipdate < '1993-07-01 00:00:00'::timestamp without time zone))"}]}]}]}]}]}, {"Node Type": "Merge Join", "Parent Relationship": "Outer", "Parallel Aware": false, "Join Type": "Inner", "Startup Cost": 1358530.77, "Total Cost": 1414018.05, "Plan Rows": 499, "Plan Width": 103, "Inner Unique": true, "Merge Cond": "(supplier.s_suppkey = lineitem.l_suppkey)", "Plans": [{"Node Type": "Index Scan", "Parent Relationship": "Outer", "Parallel Aware": false, "Scan Direction": "Forward", "Index Name": "supplier_pkey", "Relation Name": "supplier", "Alias": "supplier", "Startup Cost": 0.29, "Total Cost": 4020.1, "Plan Rows": 100000, "Plan Width": 71}, {"Node Type": "Aggregate", "Strategy": "Sorted", "Partial Mode": "Finalize", "Parent Relationship": "Inner", "Parallel Aware": false, "Startup Cost": 1358530.48, "Total Cost": 1409736.72, "Plan Rows": 499, "Plan Width": 36, "Group Key": ["lineitem.l_suppkey"], "Filter": "(sum((lineitem.l_extendedprice * ('1'::numeric - lineitem.l_discount))) = $1)", "Plans": [{"Node Type": "Gather Merge", "Parent Relationship": "Outer", "Parallel Aware": false, "Startup Cost": 1358530.48, "Total Cost": 1404251.35, "Plan Rows": 299202, "Plan Width": 36, "Workers Planned": 3, "Plans": [{"Node Type": "Aggregate", "Strategy": "Sorted", "Partial Mode": "Partial", "Parent Relationship": "Outer", "Parallel Aware": false, "Startup Cost": 1357530.44, "Total Cost": 1368095.08, "Plan Rows": 99734, "Plan Width": 36, "Group Key": ["lineitem.l_suppkey"], "Plans": [{"Node Type": "Sort", "Parent Relationship": "Outer", "Parallel Aware": false, "Startup Cost": 1357530.44, "Total Cost": 1359394.03, "Plan Rows": 745437, "Plan Width": 16, "Sort Key": ["lineitem.l_suppkey"], "Plans": [{"Node Type": "Index Scan", "Parent Relationship": "Outer", "Parallel Aware": true, "Scan Direction": "Forward", "Index Name": "idx_lineitem_shipdate", "Relation Name": "lineitem", "Alias": "lineitem", "Startup Cost": 0.56, "Total Cost": 1277359.53, "Plan Rows": 745437, "Plan Width": 16, "Index Cond": "((l_shipdate >= '1993-04-01'::date) AND (l_shipdate < '1993-07-01 00:00:00'::timestamp without time zone))"}]}]}]}]}]}]}}, {"Plan": {"Node Type": "Limit", "Parallel Aware": false, "Startup Cost": 2767519.5, "Total Cost": 2767624.0, "Plan Rows": 1, "Plan Width": 103, "Plans": [{"Node Type": "Aggregate", "Strategy": "Plain", "Partial Mode": "Simple", "Parent Relationship": "InitPlan", "Subplan Name": "InitPlan 1 (returns $1)", "Parallel Aware": false, "Startup Cost": 1408988.72, "Total Cost": 1408988.73, "Plan Rows": 1, "Plan Width": 32, "Plans": [{"Node Type": "Aggregate", "Strategy": "Sorted", "Partial Mode": "Finalize", "Parent Relationship": "Outer", "Parallel Aware": false, "Startup Cost": 1358530.48, "Total Cost": 1407742.04, "Plan Rows": 99734, "Plan Width": 36, "Group Key": ["lineitem_1.l_suppkey"], "Plans": [{"Node Type": "Gather Merge", "Parent Relationship": "Outer", "Parallel Aware": false, "Startup Cost": 1358530.48, "Total Cost": 1404251.35, "Plan Rows": 299202, "Plan Width": 36, "Workers Planned": 3, "Plans": [{"Node Type": "Aggregate", "Strategy": "Sorted", "Partial Mode": "Partial", "Parent Relationship": "Outer", "Parallel Aware": false, "Startup Cost": 1357530.44, "Total Cost": 1368095.08, "Plan Rows": 99734, "Plan Width": 36, "Group Key": ["lineitem_1.l_suppkey"], "Plans": [{"Node Type": "Sort", "Parent Relationship": "Outer", "Parallel Aware": false, "Startup Cost": 1357530.44, "Total Cost": 1359394.03, "Plan Rows": 745437, "Plan Width": 16, "Sort Key": ["lineitem_1.l_suppkey"], "Plans": [{"Node Type": "Index Scan", "Parent Relationship": "Outer", "Parallel Aware": true, "Scan Direction": "Forward", "Index Name": "idx_lineitem_shipdate", "Relation Name": "lineitem", "Alias": "lineitem_1", "Startup Cost": 0.56, "Total Cost": 1277359.53, "Plan Rows": 745437, "Plan Width": 16, "Index Cond": "((l_shipdate >= '1993-04-01'::date) AND (l_shipdate < '1993-07-01 00:00:00'::timestamp without time zone))"}]}]}]}]}]}, {"Node Type": "Nested Loop", "Parent Relationship": "Outer", "Parallel Aware": false, "Join Type": "Inner", "Startup Cost": 1358530.77, "Total Cost": 1410679.6, "Plan Rows": 499, "Plan Width": 103, "Inner Unique": true, "Plans": [{"Node Type": "Aggregate", "Strategy": "Sorted", "Partial Mode": "Finalize", "Parent Relationship": "Outer", "Parallel Aware": false, "Startup Cost": 1358530.48, "Total Cost": 1409736.72, "Plan Rows": 499, "Plan Width": 36, "Group Key": ["lineitem.l_suppkey"], "Filter": "(sum((lineitem.l_extendedprice * ('1'::numeric - lineitem.l_discount))) = $1)", "Plans": [{"Node Type": "Gather Merge", "Parent Relationship": "Outer", "Parallel Aware": false, "Startup Cost": 1358530.48, "Total Cost": 1404251.35, "Plan Rows": 299202, "Plan Width": 36, "Workers Planned": 3, "Plans": [{"Node Type": "Aggregate", "Strategy": "Sorted", "Partial Mode": "Partial", "Parent Relationship": "Outer", "Parallel Aware": false, "Startup Cost": 1357530.44, "Total Cost": 1368095.08, "Plan Rows": 99734, "Plan Width": 36, "Group Key": ["lineitem.l_suppkey"], "Plans": [{"Node Type": "Sort", "Parent Relationship": "Outer", "Parallel Aware": false, "Startup Cost": 1357530.44, "Total Cost": 1359394.03, "Plan Rows": 745437, "Plan Width": 16, "Sort Key": ["lineitem.l_suppkey"], "Plans": [{"Node Type": "Index Scan", "Parent Relationship": "Outer", "Parallel Aware": true, "Scan Direction": "Forward", "Index Name": "idx_lineitem_shipdate", "Relation Name": "lineitem", "Alias": "lineitem", "Startup Cost": 0.56, "Total Cost": 1277359.53, "Plan Rows": 745437, "Plan Width": 16, "Index Cond": "((l_shipdate >= '1993-04-01'::date) AND (l_shipdate < '1993-07-01 00:00:00'::timestamp without time zone))"}]}]}]}]}, {"Node Type": "Index Scan", "Parent Relationship": "Inner", "Parallel Aware": false, "Scan Direction": "Forward", "Index Name": "supplier_pkey", "Relation Name": "supplier", "Alias": "supplier", "Startup Cost": 0.29, "Total Cost": 1.88, "Plan Rows": 1, "Plan Width": 71, "Index Cond": "(s_suppkey = lineitem.l_suppkey)"}]}]}}, {"Plan": {"Node Type": "Limit", "Parallel Aware": false, "Startup Cost": 2767519.5, "Total Cost": 2767624.0, "Plan Rows": 1, "Plan Width": 103, "Plans": [{"Node Type": "Aggregate", "Strategy": "Plain", "Partial Mode": "Simple", "Parent Relationship": "InitPlan", "Subplan Name": "InitPlan 1 (returns $1)", "Parallel Aware": false, "Startup Cost": 1408988.72, "Total Cost": 1408988.73, "Plan Rows": 1, "Plan Width": 32, "Plans": [{"Node Type": "Aggregate", "Strategy": "Sorted", "Partial Mode": "Finalize", "Parent Relationship": "Outer", "Parallel Aware": false, "Startup Cost": 1358530.48, "Total Cost": 1407742.04, "Plan Rows": 99734, "Plan Width": 36, "Group Key": ["lineitem_1.l_suppkey"], "Plans": [{"Node Type": "Gather Merge", "Parent Relationship": "Outer", "Parallel Aware": false, "Startup Cost": 1358530.48, "Total Cost": 1404251.35, "Plan Rows": 299202, "Plan Width": 36, "Workers Planned": 3, "Plans": [{"Node Type": "Aggregate", "Strategy": "Sorted", "Partial Mode": "Partial", "Parent Relationship": "Outer", "Parallel Aware": false, "Startup Cost": 1357530.44, "Total Cost": 1368095.08, "Plan Rows": 99734, "Plan Width": 36, "Group Key": ["lineitem_1.l_suppkey"], "Plans": [{"Node Type": "Sort", "Parent Relationship": "Outer", "Parallel Aware": false, "Startup Cost": 1357530.44, "Total Cost": 1359394.03, "Plan Rows": 745437, "Plan Width": 16, "Sort Key": ["lineitem_1.l_suppkey"], "Plans": [{"Node Type": "Index Scan", "Parent Relationship": "Outer", "Parallel Aware": true, "Scan Direction": "Forward", "Index Name": "idx_lineitem_shipdate", "Relation Name": "lineitem", "Alias": "lineitem_1", "Startup Cost": 0.56, "Total Cost": 1277359.53, "Plan Rows": 745437, "Plan Width": 16, "Index Cond": "((l_shipdate >= '1993-04-01'::date) AND (l_shipdate < '1993-07-01 00:00:00'::timestamp without time zone))"}]}]}]}]}]}, {"Node Type": "Nested Loop", "Parent Relationship": "Outer", "Parallel Aware": false, "Join Type": "Inner", "Startup Cost": 1358530.77, "Total Cost": 1410679.6, "Plan Rows": 499, "Plan Width": 103, "Inner Unique": true, "Plans": [{"Node Type": "Aggregate", "Strategy": "Sorted", "Partial Mode": "Finalize", "Parent Relationship": "Outer", "Parallel Aware": false, "Startup Cost": 1358530.48, "Total Cost": 1409736.72, "Plan Rows": 499, "Plan Width": 36, "Group Key": ["lineitem.l_suppkey"], "Filter": "(sum((lineitem.l_extendedprice * ('1'::numeric - lineitem.l_discount))) = $1)", "Plans": [{"Node Type": "Gather Merge", "Parent Relationship": "Outer", "Parallel Aware": false, "Startup Cost": 1358530.48, "Total Cost": 1404251.35, "Plan Rows": 299202, "Plan Width": 36, "Workers Planned": 3, "Plans": [{"Node Type": "Aggregate", "Strategy": "Sorted", "Partial Mode": "Partial", "Parent Relationship": "Outer", "Parallel Aware": false, "Startup Cost": 1357530.44, "Total Cost": 1368095.08, "Plan Rows": 99734, "Plan Width": 36, "Group Key": ["lineitem.l_suppkey"], "Plans": [{"Node Type": "Sort", "Parent Relationship": "Outer", "Parallel Aware": false, "Startup Cost": 1357530.44, "Total Cost": 1359394.03, "Plan Rows": 745437, "Plan Width": 16, "Sort Key": ["lineitem.l_suppkey"], "Plans": [{"Node Type": "Index Scan", "Parent Relationship": "Outer", "Parallel Aware": true, "Scan Direction": "Forward", "Index Name": "idx_lineitem_shipdate", "Relation Name": "lineitem", "Alias": "lineitem", "Startup Cost": 0.56, "Total Cost": 1277359.53, "Plan Rows": 745437, "Plan Width": 16, "Index Cond": "((l_shipdate >= '1993-04-01'::date) AND (l_shipdate < '1993-07-01 00:00:00'::timestamp without time zone))"}]}]}]}]}, {"Node Type": "Index Scan", "Parent Relationship": "Inner", "Parallel Aware": false, "Scan Direction": "Forward", "Index Name": "supplier_pkey", "Relation Name": "supplier", "Alias": "supplier", "Startup Cost": 0.29, "Total Cost": 1.88, "Plan Rows": 1, "Plan Width": 71, "Index Cond": "(s_suppkey = lineitem.l_suppkey)"}]}]}}, {"Plan": {"Node Type": "Limit", "Parallel Aware": false, "Startup Cost": 3039979.45, "Total Cost": 3040084.07, "Plan Rows": 1, "Plan Width": 103, "Plans": [{"Node Type": "Aggregate", "Strategy": "Plain", "Partial Mode": "Simple", "Parent Relationship": "InitPlan", "Subplan Name": "InitPlan 1 (returns $1)", "Parallel Aware": false, "Startup Cost": 1545218.4, "Total Cost": 1545218.41, "Plan Rows": 1, "Plan Width": 32, "Plans": [{"Node Type": "Aggregate", "Strategy": "Sorted", "Partial Mode": "Finalize", "Parent Relationship": "Outer", "Parallel Aware": false, "Startup Cost": 1494760.16, "Total Cost": 1543971.72, "Plan Rows": 99734, "Plan Width": 36, "Group Key": ["lineitem_1.l_suppkey"], "Plans": [{"Node Type": "Gather Merge", "Parent Relationship": "Outer", "Parallel Aware": false, "Startup Cost": 1494760.16, "Total Cost": 1540481.03, "Plan Rows": 299202, "Plan Width": 36, "Workers Planned": 3, "Plans": [{"Node Type": "Aggregate", "Strategy": "Sorted", "Partial Mode": "Partial", "Parent Relationship": "Outer", "Parallel Aware": false, "Startup Cost": 1493760.12, "Total Cost": 1504324.76, "Plan Rows": 99734, "Plan Width": 36, "Group Key": ["lineitem_1.l_suppkey"], "Plans": [{"Node Type": "Sort", "Parent Relationship": "Outer", "Parallel Aware": false, "Startup Cost": 1493760.12, "Total Cost": 1495623.71, "Plan Rows": 745437, "Plan Width": 16, "Sort Key": ["lineitem_1.l_suppkey"], "Plans": [{"Node Type": "Bitmap Heap Scan", "Parent Relationship": "Outer", "Parallel Aware": true, "Relation Name": "lineitem", "Alias": "lineitem_1", "Startup Cost": 33488.94, "Total Cost": 1413589.21, "Plan Rows": 745437, "Plan Width": 16, "Recheck Cond": "((l_shipdate >= '1993-04-01'::date) AND (l_shipdate < '1993-07-01 00:00:00'::timestamp without time zone))", "Plans": [{"Node Type": "Bitmap Index Scan", "Parent Relationship": "Outer", "Parallel Aware": false, "Index Name": "idx_lineitem_shipdate", "Startup Cost": 0.0, "Total Cost": 32911.23, "Plan Rows": 2310856, "Plan Width": 0, "Index Cond": "((l_shipdate >= '1993-04-01'::date) AND (l_shipdate < '1993-07-01 00:00:00'::timestamp without time zone))"}]}]}]}]}]}]}, {"Node Type": "Nested Loop", "Parent Relationship": "Outer", "Parallel Aware": false, "Join Type": "Inner", "Startup Cost": 1494761.04, "Total Cost": 1546965.66, "Plan Rows": 499, "Plan Width": 103, "Inner Unique": true, "Plans": [{"Node Type": "Aggregate", "Strategy": "Sorted", "Partial Mode": "Finalize", "Parent Relationship": "Outer", "Parallel Aware": false, "Startup Cost": 1494760.16, "Total Cost": 1545966.4, "Plan Rows": 499, "Plan Width": 36, "Group Key": ["lineitem.l_suppkey"], "Filter": "(sum((lineitem.l_extendedprice * ('1'::numeric - lineitem.l_discount))) = $1)", "Plans": [{"Node Type": "Gather Merge", "Parent Relationship": "Outer", "Parallel Aware": false, "Startup Cost": 1494760.16, "Total Cost": 1540481.03, "Plan Rows": 299202, "Plan Width": 36, "Workers Planned": 3, "Plans": [{"Node Type": "Aggregate", "Strategy": "Sorted", "Partial Mode": "Partial", "Parent Relationship": "Outer", "Parallel Aware": false, "Startup Cost": 1493760.12, "Total Cost": 1504324.76, "Plan Rows": 99734, "Plan Width": 36, "Group Key": ["lineitem.l_suppkey"], "Plans": [{"Node Type": "Sort", "Parent Relationship": "Outer", "Parallel Aware": false, "Startup Cost": 1493760.12, "Total Cost": 1495623.71, "Plan Rows": 745437, "Plan Width": 16, "Sort Key": ["lineitem.l_suppkey"], "Plans": [{"Node Type": "Bitmap Heap Scan", "Parent Relationship": "Outer", "Parallel Aware": true, "Relation Name": "lineitem", "Alias": "lineitem", "Startup Cost": 33488.94, "Total Cost": 1413589.21, "Plan Rows": 745437, "Plan Width": 16, "Recheck Cond": "((l_shipdate >= '1993-04-01'::date) AND (l_shipdate < '1993-07-01 00:00:00'::timestamp without time zone))", "Plans": [{"Node Type": "Bitmap Index Scan", "Parent Relationship": "Outer", "Parallel Aware": false, "Index Name": "idx_lineitem_shipdate", "Startup Cost": 0.0, "Total Cost": 32911.23, "Plan Rows": 2310856, "Plan Width": 0, "Index Cond": "((l_shipdate >= '1993-04-01'::date) AND (l_shipdate < '1993-07-01 00:00:00'::timestamp without time zone))"}]}]}]}]}]}, {"Node Type": "Bitmap Heap Scan", "Parent Relationship": "Inner", "Parallel Aware": false, "Relation Name": "supplier", "Alias": "supplier", "Startup Cost": 0.88, "Total Cost": 1.99, "Plan Rows": 1, "Plan Width": 71, "Recheck Cond": "(s_suppkey = lineitem.l_suppkey)", "Plans": [{"Node Type": "Bitmap Index Scan", "Parent Relationship": "Outer", "Parallel Aware": false, "Index Name": "supplier_pkey", "Startup Cost": 0.0, "Total Cost": 0.88, "Plan Rows": 1, "Plan Width": 0, "Index Cond": "(s_suppkey = lineitem.l_suppkey)"}]}]}]}}, {"Plan": {"Node Type": "Limit", "Parallel Aware": false, "Startup Cost": 3051499.39, "Total Cost": 3051603.03, "Plan Rows": 1, "Plan Width": 103, "Plans": [{"Node Type": "Aggregate", "Strategy": "Plain", "Partial Mode": "Simple", "Parent Relationship": "InitPlan", "Subplan Name": "InitPlan 1 (returns $1)", "Parallel Aware": false, "Startup Cost": 1545218.4, "Total Cost": 1545218.41, "Plan Rows": 1, "Plan Width": 32, "Plans": [{"Node Type": "Aggregate", "Strategy": "Sorted", "Partial Mode": "Finalize", "Parent Relationship": "Outer", "Parallel Aware": false, "Startup Cost": 1494760.16, "Total Cost": 1543971.72, "Plan Rows": 99734, "Plan Width": 36, "Group Key": ["lineitem_1.l_suppkey"], "Plans": [{"Node Type": "Gather Merge", "Parent Relationship": "Outer", "Parallel Aware": false, "Startup Cost": 1494760.16, "Total Cost": 1540481.03, "Plan Rows": 299202, "Plan Width": 36, "Workers Planned": 3, "Plans": [{"Node Type": "Aggregate", "Strategy": "Sorted", "Partial Mode": "Partial", "Parent Relationship": "Outer", "Parallel Aware": false, "Startup Cost": 1493760.12, "Total Cost": 1504324.76, "Plan Rows": 99734, "Plan Width": 36, "Group Key": ["lineitem_1.l_suppkey"], "Plans": [{"Node Type": "Sort", "Parent Relationship": "Outer", "Parallel Aware": false, "Startup Cost": 1493760.12, "Total Cost": 1495623.71, "Plan Rows": 745437, "Plan Width": 16, "Sort Key": ["lineitem_1.l_suppkey"], "Plans": [{"Node Type": "Bitmap Heap Scan", "Parent Relationship": "Outer", "Parallel Aware": true, "Relation Name": "lineitem", "Alias": "lineitem_1", "Startup Cost": 33488.94, "Total Cost": 1413589.21, "Plan Rows": 745437, "Plan Width": 16, "Recheck Cond": "((l_shipdate >= '1993-04-01'::date) AND (l_shipdate < '1993-07-01 00:00:00'::timestamp without time zone))", "Plans": [{"Node Type": "Bitmap Index Scan", "Parent Relationship": "Outer", "Parallel Aware": false, "Index Name": "idx_lineitem_shipdate", "Startup Cost": 0.0, "Total Cost": 32911.23, "Plan Rows": 2310856, "Plan Width": 0, "Index Cond": "((l_shipdate >= '1993-04-01'::date) AND (l_shipdate < '1993-07-01 00:00:00'::timestamp without time zone))"}]}]}]}]}]}]}, {"Node Type": "Merge Join", "Parent Relationship": "Outer", "Parallel Aware": false, "Join Type": "Inner", "Startup Cost": 1506280.98, "Total Cost": 1557998.45, "Plan Rows": 499, "Plan Width": 103, "Inner Unique": true, "Merge Cond": "(supplier.s_suppkey = lineitem.l_suppkey)", "Plans": [{"Node Type": "Sort", "Parent Relationship": "Outer", "Parallel Aware": false, "Startup Cost": 11520.82, "Total Cost": 11770.82, "Plan Rows": 100000, "Plan Width": 71, "Sort Key": ["supplier.s_suppkey"], "Plans": [{"Node Type": "Seq Scan", "Parent Relationship": "Outer", "Parallel Aware": false, "Relation Name": "supplier", "Alias": "supplier", "Startup Cost": 0.0, "Total Cost": 3216.0, "Plan Rows": 100000, "Plan Width": 71}]}, {"Node Type": "Aggregate", "Strategy": "Sorted", "Partial Mode": "Finalize", "Parent Relationship": "Inner", "Parallel Aware": false, "Startup Cost": 1494760.16, "Total Cost": 1545966.4, "Plan Rows": 499, "Plan Width": 36, "Group Key": ["lineitem.l_suppkey"], "Filter": "(sum((lineitem.l_extendedprice * ('1'::numeric - lineitem.l_discount))) = $1)", "Plans": [{"Node Type": "Gather Merge", "Parent Relationship": "Outer", "Parallel Aware": false, "Startup Cost": 1494760.16, "Total Cost": 1540481.03, "Plan Rows": 299202, "Plan Width": 36, "Workers Planned": 3, "Plans": [{"Node Type": "Aggregate", "Strategy": "Sorted", "Partial Mode": "Partial", "Parent Relationship": "Outer", "Parallel Aware": false, "Startup Cost": 1493760.12, "Total Cost": 1504324.76, "Plan Rows": 99734, "Plan Width": 36, "Group Key": ["lineitem.l_suppkey"], "Plans": [{"Node Type": "Sort", "Parent Relationship": "Outer", "Parallel Aware": false, "Startup Cost": 1493760.12, "Total Cost": 1495623.71, "Plan Rows": 745437, "Plan Width": 16, "Sort Key": ["lineitem.l_suppkey"], "Plans": [{"Node Type": "Bitmap Heap Scan", "Parent Relationship": "Outer", "Parallel Aware": true, "Relation Name": "lineitem", "Alias": "lineitem", "Startup Cost": 33488.94, "Total Cost": 1413589.21, "Plan Rows": 745437, "Plan Width": 16, "Recheck Cond": "((l_shipdate >= '1993-04-01'::date) AND (l_shipdate < '1993-07-01 00:00:00'::timestamp without time zone))", "Plans": [{"Node Type": "Bitmap Index Scan", "Parent Relationship": "Outer", "Parallel Aware": false, "Index Name": "idx_lineitem_shipdate", "Startup Cost": 0.0, "Total Cost": 32911.23, "Plan Rows": 2310856, "Plan Width": 0, "Index Cond": "((l_shipdate >= '1993-04-01'::date) AND (l_shipdate < '1993-07-01 00:00:00'::timestamp without time zone))"}]}]}]}]}]}]}]}}, {"Plan": {"Node Type": "Limit", "Parallel Aware": false, "Startup Cost": 3039979.45, "Total Cost": 3040084.07, "Plan Rows": 1, "Plan Width": 103, "Plans": [{"Node Type": "Aggregate", "Strategy": "Plain", "Partial Mode": "Simple", "Parent Relationship": "InitPlan", "Subplan Name": "InitPlan 1 (returns $1)", "Parallel Aware": false, "Startup Cost": 1545218.4, "Total Cost": 1545218.41, "Plan Rows": 1, "Plan Width": 32, "Plans": [{"Node Type": "Aggregate", "Strategy": "Sorted", "Partial Mode": "Finalize", "Parent Relationship": "Outer", "Parallel Aware": false, "Startup Cost": 1494760.16, "Total Cost": 1543971.72, "Plan Rows": 99734, "Plan Width": 36, "Group Key": ["lineitem_1.l_suppkey"], "Plans": [{"Node Type": "Gather Merge", "Parent Relationship": "Outer", "Parallel Aware": false, "Startup Cost": 1494760.16, "Total Cost": 1540481.03, "Plan Rows": 299202, "Plan Width": 36, "Workers Planned": 3, "Plans": [{"Node Type": "Aggregate", "Strategy": "Sorted", "Partial Mode": "Partial", "Parent Relationship": "Outer", "Parallel Aware": false, "Startup Cost": 1493760.12, "Total Cost": 1504324.76, "Plan Rows": 99734, "Plan Width": 36, "Group Key": ["lineitem_1.l_suppkey"], "Plans": [{"Node Type": "Sort", "Parent Relationship": "Outer", "Parallel Aware": false, "Startup Cost": 1493760.12, "Total Cost": 1495623.71, "Plan Rows": 745437, "Plan Width": 16, "Sort Key": ["lineitem_1.l_suppkey"], "Plans": [{"Node Type": "Bitmap Heap Scan", "Parent Relationship": "Outer", "Parallel Aware": true, "Relation Name": "lineitem", "Alias": "lineitem_1", "Startup Cost": 33488.94, "Total Cost": 1413589.21, "Plan Rows": 745437, "Plan Width": 16, "Recheck Cond": "((l_shipdate >= '1993-04-01'::date) AND (l_shipdate < '1993-07-01 00:00:00'::timestamp without time zone))", "Plans": [{"Node Type": "Bitmap Index Scan", "Parent Relationship": "Outer", "Parallel Aware": false, "Index Name": "idx_lineitem_shipdate", "Startup Cost": 0.0, "Total Cost": 32911.23, "Plan Rows": 2310856, "Plan Width": 0, "Index Cond": "((l_shipdate >= '1993-04-01'::date) AND (l_shipdate < '1993-07-01 00:00:00'::timestamp without time zone))"}]}]}]}]}]}]}, {"Node Type": "Nested Loop", "Parent Relationship": "Outer", "Parallel Aware": false, "Join Type": "Inner", "Startup Cost": 1494761.04, "Total Cost": 1546965.66, "Plan Rows": 499, "Plan Width": 103, "Inner Unique": true, "Plans": [{"Node Type": "Aggregate", "Strategy": "Sorted", "Partial Mode": "Finalize", "Parent Relationship": "Outer", "Parallel Aware": false, "Startup Cost": 1494760.16, "Total Cost": 1545966.4, "Plan Rows": 499, "Plan Width": 36, "Group Key": ["lineitem.l_suppkey"], "Filter": "(sum((lineitem.l_extendedprice * ('1'::numeric - lineitem.l_discount))) = $1)", "Plans": [{"Node Type": "Gather Merge", "Parent Relationship": "Outer", "Parallel Aware": false, "Startup Cost": 1494760.16, "Total Cost": 1540481.03, "Plan Rows": 299202, "Plan Width": 36, "Workers Planned": 3, "Plans": [{"Node Type": "Aggregate", "Strategy": "Sorted", "Partial Mode": "Partial", "Parent Relationship": "Outer", "Parallel Aware": false, "Startup Cost": 1493760.12, "Total Cost": 1504324.76, "Plan Rows": 99734, "Plan Width": 36, "Group Key": ["lineitem.l_suppkey"], "Plans": [{"Node Type": "Sort", "Parent Relationship": "Outer", "Parallel Aware": false, "Startup Cost": 1493760.12, "Total Cost": 1495623.71, "Plan Rows": 745437, "Plan Width": 16, "Sort Key": ["lineitem.l_suppkey"], "Plans": [{"Node Type": "Bitmap Heap Scan", "Parent Relationship": "Outer", "Parallel Aware": true, "Relation Name": "lineitem", "Alias": "lineitem", "Startup Cost": 33488.94, "Total Cost": 1413589.21, "Plan Rows": 745437, "Plan Width": 16, "Recheck Cond": "((l_shipdate >= '1993-04-01'::date) AND (l_shipdate < '1993-07-01 00:00:00'::timestamp without time zone))", "Plans": [{"Node Type": "Bitmap Index Scan", "Parent Relationship": "Outer", "Parallel Aware": false, "Index Name": "idx_lineitem_shipdate", "Startup Cost": 0.0, "Total Cost": 32911.23, "Plan Rows": 2310856, "Plan Width": 0, "Index Cond": "((l_shipdate >= '1993-04-01'::date) AND (l_shipdate < '1993-07-01 00:00:00'::timestamp without time zone))"}]}]}]}]}]}, {"Node Type": "Bitmap Heap Scan", "Parent Relationship": "Inner", "Parallel Aware": false, "Relation Name": "supplier", "Alias": "supplier", "Startup Cost": 0.88, "Total Cost": 1.99, "Plan Rows": 1, "Plan Width": 71, "Recheck Cond": "(s_suppkey = lineitem.l_suppkey)", "Plans": [{"Node Type": "Bitmap Index Scan", "Parent Relationship": "Outer", "Parallel Aware": false, "Index Name": "supplier_pkey", "Startup Cost": 0.0, "Total Cost": 0.88, "Plan Rows": 1, "Plan Width": 0, "Index Cond": "(s_suppkey = lineitem.l_suppkey)"}]}]}]}}, {"Plan": {"Node Type": "Limit", "Parallel Aware": false, "Startup Cost": 2767519.5, "Total Cost": 2767624.0, "Plan Rows": 1, "Plan Width": 103, "Plans": [{"Node Type": "Aggregate", "Strategy": "Plain", "Partial Mode": "Simple", "Parent Relationship": "InitPlan", "Subplan Name": "InitPlan 1 (returns $1)", "Parallel Aware": false, "Startup Cost": 1408988.72, "Total Cost": 1408988.73, "Plan Rows": 1, "Plan Width": 32, "Plans": [{"Node Type": "Aggregate", "Strategy": "Sorted", "Partial Mode": "Finalize", "Parent Relationship": "Outer", "Parallel Aware": false, "Startup Cost": 1358530.48, "Total Cost": 1407742.04, "Plan Rows": 99734, "Plan Width": 36, "Group Key": ["lineitem_1.l_suppkey"], "Plans": [{"Node Type": "Gather Merge", "Parent Relationship": "Outer", "Parallel Aware": false, "Startup Cost": 1358530.48, "Total Cost": 1404251.35, "Plan Rows": 299202, "Plan Width": 36, "Workers Planned": 3, "Plans": [{"Node Type": "Aggregate", "Strategy": "Sorted", "Partial Mode": "Partial", "Parent Relationship": "Outer", "Parallel Aware": false, "Startup Cost": 1357530.44, "Total Cost": 1368095.08, "Plan Rows": 99734, "Plan Width": 36, "Group Key": ["lineitem_1.l_suppkey"], "Plans": [{"Node Type": "Sort", "Parent Relationship": "Outer", "Parallel Aware": false, "Startup Cost": 1357530.44, "Total Cost": 1359394.03, "Plan Rows": 745437, "Plan Width": 16, "Sort Key": ["lineitem_1.l_suppkey"], "Plans": [{"Node Type": "Index Scan", "Parent Relationship": "Outer", "Parallel Aware": true, "Scan Direction": "Forward", "Index Name": "idx_lineitem_shipdate", "Relation Name": "lineitem", "Alias": "lineitem_1", "Startup Cost": 0.56, "Total Cost": 1277359.53, "Plan Rows": 745437, "Plan Width": 16, "Index Cond": "((l_shipdate >= '1993-04-01'::date) AND (l_shipdate < '1993-07-01 00:00:00'::timestamp without time zone))"}]}]}]}]}]}, {"Node Type": "Nested Loop", "Parent Relationship": "Outer", "Parallel Aware": false, "Join Type": "Inner", "Startup Cost": 1358530.77, "Total Cost": 1410679.6, "Plan Rows": 499, "Plan Width": 103, "Inner Unique": true, "Plans": [{"Node Type": "Aggregate", "Strategy": "Sorted", "Partial Mode": "Finalize", "Parent Relationship": "Outer", "Parallel Aware": false, "Startup Cost": 1358530.48, "Total Cost": 1409736.72, "Plan Rows": 499, "Plan Width": 36, "Group Key": ["lineitem.l_suppkey"], "Filter": "(sum((lineitem.l_extendedprice * ('1'::numeric - lineitem.l_discount))) = $1)", "Plans": [{"Node Type": "Gather Merge", "Parent Relationship": "Outer", "Parallel Aware": false, "Startup Cost": 1358530.48, "Total Cost": 1404251.35, "Plan Rows": 299202, "Plan Width": 36, "Workers Planned": 3, "Plans": [{"Node Type": "Aggregate", "Strategy": "Sorted", "Partial Mode": "Partial", "Parent Relationship": "Outer", "Parallel Aware": false, "Startup Cost": 1357530.44, "Total Cost": 1368095.08, "Plan Rows": 99734, "Plan Width": 36, "Group Key": ["lineitem.l_suppkey"], "Plans": [{"Node Type": "Sort", "Parent Relationship": "Outer", "Parallel Aware": false, "Startup Cost": 1357530.44, "Total Cost": 1359394.03, "Plan Rows": 745437, "Plan Width": 16, "Sort Key": ["lineitem.l_suppkey"], "Plans": [{"Node Type": "Index Scan", "Parent Relationship": "Outer", "Parallel Aware": true, "Scan Direction": "Forward", "Index Name": "idx_lineitem_shipdate", "Relation Name": "lineitem", "Alias": "lineitem", "Startup Cost": 0.56, "Total Cost": 1277359.53, "Plan Rows": 745437, "Plan Width": 16, "Index Cond": "((l_shipdate >= '1993-04-01'::date) AND (l_shipdate < '1993-07-01 00:00:00'::timestamp without time zone))"}]}]}]}]}, {"Node Type": "Index Scan", "Parent Relationship": "Inner", "Parallel Aware": false, "Scan Direction": "Forward", "Index Name": "supplier_pkey", "Relation Name": "supplier", "Alias": "supplier", "Startup Cost": 0.29, "Total Cost": 1.88, "Plan Rows": 1, "Plan Width": 71, "Index Cond": "(s_suppkey = lineitem.l_suppkey)"}]}]}}]