[{"Plan": {"Node Type": "Limit", "Parallel Aware": false, "Startup Cost": 10003039272.61, "Total Cost": 10003039377.17, "Plan Rows": 1, "Plan Width": 103, "Plans": [{"Node Type": "Aggregate", "Strategy": "Plain", "Partial Mode": "Simple", "Parent Relationship": "InitPlan", "Subplan Name": "InitPlan 1 (returns $1)", "Parallel Aware": false, "Startup Cost": 1544851.83, "Total Cost": 1544851.84, "Plan Rows": 1, "Plan Width": 32, "Plans": [{"Node Type": "Aggregate", "Strategy": "Sorted", "Partial Mode": "Finalize", "Parent Relationship": "Outer", "Parallel Aware": false, "Startup Cost": 1494419.89, "Total Cost": 1543605.15, "Plan Rows": 99734, "Plan Width": 36, "Group Key": ["lineitem_1.l_suppkey"], "Plans": [{"Node Type": "Gather Merge", "Parent Relationship": "Outer", "Parallel Aware": false, "Startup Cost": 1494419.89, "Total Cost": 1540114.46, "Plan Rows": 299202, "Plan Width": 36, "Workers Planned": 3, "Plans": [{"Node Type": "Aggregate", "Strategy": "Sorted", "Partial Mode": "Partial", "Parent Relationship": "Outer", "Parallel Aware": false, "Startup Cost": 1493419.85, "Total Cost": 1503958.19, "Plan Rows": 99734, "Plan Width": 36, "Group Key": ["lineitem_1.l_suppkey"], "Plans": [{"Node Type": "Sort", "Parent Relationship": "Outer", "Parallel Aware": false, "Startup Cost": 1493419.85, "Total Cost": 1495278.18, "Plan Rows": 743333, "Plan Width": 16, "Sort Key": ["lineitem_1.l_suppkey"], "Plans": [{"Node Type": "Bitmap Heap Scan", "Parent Relationship": "Outer", "Parallel Aware": true, "Relation Name": "lineitem", "Alias": "lineitem_1", "Startup Cost": 33393.47, "Total Cost": 1413489.82, "Plan Rows": 743333, "Plan Width": 16, "Recheck Cond": "((l_shipdate >= '1993-08-01'::date) AND (l_shipdate < '1993-11-01 00:00:00'::timestamp without time zone))", "Plans": [{"Node Type": "Bitmap Index Scan", "Parent Relationship": "Outer", "Parallel Aware": false, "Index Name": "idx_lineitem_shipdate", "Startup Cost": 0.0, "Total Cost": 32817.39, "Plan Rows": 2304332, "Plan Width": 0, "Index Cond": "((l_shipdate >= '1993-08-01'::date) AND (l_shipdate < '1993-11-01 00:00:00'::timestamp without time zone))"}]}]}]}]}]}]}, {"Node Type": "Nested Loop", "Parent Relationship": "Outer", "Parallel Aware": false, "Join Type": "Inner", "Startup Cost": 10001494420.77, "Total Cost": 10001546599.08, "Plan Rows": 499, "Plan Width": 103, "Inner Unique": true, "Plans": [{"Node Type": "Aggregate", "Strategy": "Sorted", "Partial Mode": "Finalize", "Parent Relationship": "Outer", "Parallel Aware": false, "Startup Cost": 1494419.89, "Total Cost": 1545599.83, "Plan Rows": 499, "Plan Width": 36, "Group Key": ["lineitem.l_suppkey"], "Filter": "(sum((lineitem.l_extendedprice * ('1'::numeric - lineitem.l_discount))) = $1)", "Plans": [{"Node Type": "Gather Merge", "Parent Relationship": "Outer", "Parallel Aware": false, "Startup Cost": 1494419.89, "Total Cost": 1540114.46, "Plan Rows": 299202, "Plan Width": 36, "Workers Planned": 3, "Plans": [{"Node Type": "Aggregate", "Strategy": "Sorted", "Partial Mode": "Partial", "Parent Relationship": "Outer", "Parallel Aware": false, "Startup Cost": 1493419.85, "Total Cost": 1503958.19, "Plan Rows": 99734, "Plan Width": 36, "Group Key": ["lineitem.l_suppkey"], "Plans": [{"Node Type": "Sort", "Parent Relationship": "Outer", "Parallel Aware": false, "Startup Cost": 1493419.85, "Total Cost": 1495278.18, "Plan Rows": 743333, "Plan Width": 16, "Sort Key": ["lineitem.l_suppkey"], "Plans": [{"Node Type": "Bitmap Heap Scan", "Parent Relationship": "Outer", "Parallel Aware": true, "Relation Name": "lineitem", "Alias": "lineitem", "Startup Cost": 33393.47, "Total Cost": 1413489.82, "Plan Rows": 743333, "Plan Width": 16, "Recheck Cond": "((l_shipdate >= '1993-08-01'::date) AND (l_shipdate < '1993-11-01 00:00:00'::timestamp without time zone))", "Plans": [{"Node Type": "Bitmap Index Scan", "Parent Relationship": "Outer", "Parallel Aware": false, "Index Name": "idx_lineitem_shipdate", "Startup Cost": 0.0, "Total Cost": 32817.39, "Plan Rows": 2304332, "Plan Width": 0, "Index Cond": "((l_shipdate >= '1993-08-01'::date) AND (l_shipdate < '1993-11-01 00:00:00'::timestamp without time zone))"}]}]}]}]}]}, {"Node Type": "Bitmap Heap Scan", "Parent Relationship": "Inner", "Parallel Aware": false, "Relation Name": "supplier", "Alias": "supplier", "Startup Cost": 0.88, "Total Cost": 1.99, "Plan Rows": 1, "Plan Width": 71, "Recheck Cond": "(s_suppkey = lineitem.l_suppkey)", "Plans": [{"Node Type": "Bitmap Index Scan", "Parent Relationship": "Outer", "Parallel Aware": false, "Index Name": "supplier_pkey", "Startup Cost": 0.0, "Total Cost": 0.88, "Plan Rows": 1, "Plan Width": 0, "Index Cond": "(s_suppkey = lineitem.l_suppkey)"}]}]}]}}, {"Plan": {"Node Type": "Limit", "Parallel Aware": false, "Startup Cost": 2823240.22, "Total Cost": 2823240.22, "Plan Rows": 1, "Plan Width": 103, "Plans": [{"Node Type": "Aggregate", "Strategy": "Plain", "Partial Mode": "Simple", "Parent Relationship": "InitPlan", "Subplan Name": "InitPlan 1 (returns $1)", "Parallel Aware": false, "Startup Cost": 1408606.65, "Total Cost": 1408606.66, "Plan Rows": 1, "Plan Width": 32, "Plans": [{"Node Type": "Aggregate", "Strategy": "Sorted", "Partial Mode": "Finalize", "Parent Relationship": "Outer", "Parallel Aware": false, "Startup Cost": 1358174.72, "Total Cost": 1407359.98, "Plan Rows": 99734, "Plan Width": 36, "Group Key": ["lineitem_1.l_suppkey"], "Plans": [{"Node Type": "Gather Merge", "Parent Relationship": "Outer", "Parallel Aware": false, "Startup Cost": 1358174.72, "Total Cost": 1403869.29, "Plan Rows": 299202, "Plan Width": 36, "Workers Planned": 3, "Plans": [{"Node Type": "Aggregate", "Strategy": "Sorted", "Partial Mode": "Partial", "Parent Relationship": "Outer", "Parallel Aware": false, "Startup Cost": 1357174.68, "Total Cost": 1367713.01, "Plan Rows": 99734, "Plan Width": 36, "Group Key": ["lineitem_1.l_suppkey"], "Plans": [{"Node Type": "Sort", "Parent Relationship": "Outer", "Parallel Aware": false, "Startup Cost": 1357174.68, "Total Cost": 1359033.01, "Plan Rows": 743333, "Plan Width": 16, "Sort Key": ["lineitem_1.l_suppkey"], "Plans": [{"Node Type": "Index Scan", "Parent Relationship": "Outer", "Parallel Aware": true, "Scan Direction": "Forward", "Index Name": "idx_lineitem_shipdate", "Relation Name": "lineitem", "Alias": "lineitem_1", "Startup Cost": 0.56, "Total Cost": 1277244.65, "Plan Rows": 743333, "Plan Width": 16, "Index Cond": "((l_shipdate >= '1993-08-01'::date) AND (l_shipdate < '1993-11-01 00:00:00'::timestamp without time zone))"}]}]}]}]}]}, {"Node Type": "Sort", "Parent Relationship": "Outer", "Parallel Aware": false, "Startup Cost": 1414633.55, "Total Cost": 1414634.8, "Plan Rows": 499, "Plan Width": 103, "Sort Key": ["supplier.s_suppkey"], "Plans": [{"Node Type": "Hash Join", "Parent Relationship": "Outer", "Parallel Aware": false, "Join Type": "Inner", "Startup Cost": 1363444.81, "Total Cost": 1414631.06, "Plan Rows": 499, "Plan Width": 103, "Inner Unique": true, "Hash Cond": "(lineitem.l_suppkey = supplier.s_suppkey)", "Plans": [{"Node Type": "Aggregate", "Strategy": "Sorted", "Partial Mode": "Finalize", "Parent Relationship": "Outer", "Parallel Aware": false, "Startup Cost": 1358174.72, "Total Cost": 1409354.66, "Plan Rows": 499, "Plan Width": 36, "Group Key": ["lineitem.l_suppkey"], "Filter": "(sum((lineitem.l_extendedprice * ('1'::numeric - lineitem.l_discount))) = $1)", "Plans": [{"Node Type": "Gather Merge", "Parent Relationship": "Outer", "Parallel Aware": false, "Startup Cost": 1358174.72, "Total Cost": 1403869.29, "Plan Rows": 299202, "Plan Width": 36, "Workers Planned": 3, "Plans": [{"Node Type": "Aggregate", "Strategy": "Sorted", "Partial Mode": "Partial", "Parent Relationship": "Outer", "Parallel Aware": false, "Startup Cost": 1357174.68, "Total Cost": 1367713.01, "Plan Rows": 99734, "Plan Width": 36, "Group Key": ["lineitem.l_suppkey"], "Plans": [{"Node Type": "Sort", "Parent Relationship": "Outer", "Parallel Aware": false, "Startup Cost": 1357174.68, "Total Cost": 1359033.01, "Plan Rows": 743333, "Plan Width": 16, "Sort Key": ["lineitem.l_suppkey"], "Plans": [{"Node Type": "Index Scan", "Parent Relationship": "Outer", "Parallel Aware": true, "Scan Direction": "Forward", "Index Name": "idx_lineitem_shipdate", "Relation Name": "lineitem", "Alias": "lineitem", "Startup Cost": 0.56, "Total Cost": 1277244.65, "Plan Rows": 743333, "Plan Width": 16, "Index Cond": "((l_shipdate >= '1993-08-01'::date) AND (l_shipdate < '1993-11-01 00:00:00'::timestamp without time zone))"}]}]}]}]}, {"Node Type": "Hash", "Parent Relationship": "Inner", "Parallel Aware": false, "Startup Cost": 4020.1, "Total Cost": 4020.1, "Plan Rows": 100000, "Plan Width": 71, "Plans": [{"Node Type": "Index Scan", "Parent Relationship": "Outer", "Parallel Aware": false, "Scan Direction": "Forward", "Index Name": "supplier_pkey", "Relation Name": "supplier", "Alias": "supplier", "Startup Cost": 0.29, "Total Cost": 4020.1, "Plan Rows": 100000, "Plan Width": 71}]}]}]}]}}, {"Plan": {"Node Type": "Limit", "Parallel Aware": false, "Startup Cost": 2766781.67, "Total Cost": 2766892.82, "Plan Rows": 1, "Plan Width": 103, "Plans": [{"Node Type": "Aggregate", "Strategy": "Plain", "Partial Mode": "Simple", "Parent Relationship": "InitPlan", "Subplan Name": "InitPlan 1 (returns $1)", "Parallel Aware": false, "Startup Cost": 1408606.65, "Total Cost": 1408606.66, "Plan Rows": 1, "Plan Width": 32, "Plans": [{"Node Type": "Aggregate", "Strategy": "Sorted", "Partial Mode": "Finalize", "Parent Relationship": "Outer", "Parallel Aware": false, "Startup Cost": 1358174.72, "Total Cost": 1407359.98, "Plan Rows": 99734, "Plan Width": 36, "Group Key": ["lineitem_1.l_suppkey"], "Plans": [{"Node Type": "Gather Merge", "Parent Relationship": "Outer", "Parallel Aware": false, "Startup Cost": 1358174.72, "Total Cost": 1403869.29, "Plan Rows": 299202, "Plan Width": 36, "Workers Planned": 3, "Plans": [{"Node Type": "Aggregate", "Strategy": "Sorted", "Partial Mode": "Partial", "Parent Relationship": "Outer", "Parallel Aware": false, "Startup Cost": 1357174.68, "Total Cost": 1367713.01, "Plan Rows": 99734, "Plan Width": 36, "Group Key": ["lineitem_1.l_suppkey"], "Plans": [{"Node Type": "Sort", "Parent Relationship": "Outer", "Parallel Aware": false, "Startup Cost": 1357174.68, "Total Cost": 1359033.01, "Plan Rows": 743333, "Plan Width": 16, "Sort Key": ["lineitem_1.l_suppkey"], "Plans": [{"Node Type": "Index Scan", "Parent Relationship": "Outer", "Parallel Aware": true, "Scan Direction": "Forward", "Index Name": "idx_lineitem_shipdate", "Relation Name": "lineitem", "Alias": "lineitem_1", "Startup Cost": 0.56, "Total Cost": 1277244.65, "Plan Rows": 743333, "Plan Width": 16, "Index Cond": "((l_shipdate >= '1993-08-01'::date) AND (l_shipdate < '1993-11-01 00:00:00'::timestamp without time zone))"}]}]}]}]}]}, {"Node Type": "Merge Join", "Parent Relationship": "Outer", "Parallel Aware": false, "Join Type": "Inner", "Startup Cost": 1358175.01, "Total Cost": 1413635.98, "Plan Rows": 499, "Plan Width": 103, "Inner Unique": true, "Merge Cond": "(supplier.s_suppkey = lineitem.l_suppkey)", "Plans": [{"Node Type": "Index Scan", "Parent Relationship": "Outer", "Parallel Aware": false, "Scan Direction": "Forward", "Index Name": "supplier_pkey", "Relation Name": "supplier", "Alias": "supplier", "Startup Cost": 0.29, "Total Cost": 4020.1, "Plan Rows": 100000, "Plan Width": 71}, {"Node Type": "Aggregate", "Strategy": "Sorted", "Partial Mode": "Finalize", "Parent Relationship": "Inner", "Parallel Aware": false, "Startup Cost": 1358174.72, "Total Cost": 1409354.66, "Plan Rows": 499, "Plan Width": 36, "Group Key": ["lineitem.l_suppkey"], "Filter": "(sum((lineitem.l_extendedprice * ('1'::numeric - lineitem.l_discount))) = $1)", "Plans": [{"Node Type": "Gather Merge", "Parent Relationship": "Outer", "Parallel Aware": false, "Startup Cost": 1358174.72, "Total Cost": 1403869.29, "Plan Rows": 299202, "Plan Width": 36, "Workers Planned": 3, "Plans": [{"Node Type": "Aggregate", "Strategy": "Sorted", "Partial Mode": "Partial", "Parent Relationship": "Outer", "Parallel Aware": false, "Startup Cost": 1357174.68, "Total Cost": 1367713.01, "Plan Rows": 99734, "Plan Width": 36, "Group Key": ["lineitem.l_suppkey"], "Plans": [{"Node Type": "Sort", "Parent Relationship": "Outer", "Parallel Aware": false, "Startup Cost": 1357174.68, "Total Cost": 1359033.01, "Plan Rows": 743333, "Plan Width": 16, "Sort Key": ["lineitem.l_suppkey"], "Plans": [{"Node Type": "Index Scan", "Parent Relationship": "Outer", "Parallel Aware": true, "Scan Direction": "Forward", "Index Name": "idx_lineitem_shipdate", "Relation Name": "lineitem", "Alias": "lineitem", "Startup Cost": 0.56, "Total Cost": 1277244.65, "Plan Rows": 743333, "Plan Width": 16, "Index Cond": "((l_shipdate >= '1993-08-01'::date) AND (l_shipdate < '1993-11-01 00:00:00'::timestamp without time zone))"}]}]}]}]}]}]}}, {"Plan": {"Node Type": "Limit", "Parallel Aware": false, "Startup Cost": 2766781.67, "Total Cost": 2766886.13, "Plan Rows": 1, "Plan Width": 103, "Plans": [{"Node Type": "Aggregate", "Strategy": "Plain", "Partial Mode": "Simple", "Parent Relationship": "InitPlan", "Subplan Name": "InitPlan 1 (returns $1)", "Parallel Aware": false, "Startup Cost": 1408606.65, "Total Cost": 1408606.66, "Plan Rows": 1, "Plan Width": 32, "Plans": [{"Node Type": "Aggregate", "Strategy": "Sorted", "Partial Mode": "Finalize", "Parent Relationship": "Outer", "Parallel Aware": false, "Startup Cost": 1358174.72, "Total Cost": 1407359.98, "Plan Rows": 99734, "Plan Width": 36, "Group Key": ["lineitem_1.l_suppkey"], "Plans": [{"Node Type": "Gather Merge", "Parent Relationship": "Outer", "Parallel Aware": false, "Startup Cost": 1358174.72, "Total Cost": 1403869.29, "Plan Rows": 299202, "Plan Width": 36, "Workers Planned": 3, "Plans": [{"Node Type": "Aggregate", "Strategy": "Sorted", "Partial Mode": "Partial", "Parent Relationship": "Outer", "Parallel Aware": false, "Startup Cost": 1357174.68, "Total Cost": 1367713.01, "Plan Rows": 99734, "Plan Width": 36, "Group Key": ["lineitem_1.l_suppkey"], "Plans": [{"Node Type": "Sort", "Parent Relationship": "Outer", "Parallel Aware": false, "Startup Cost": 1357174.68, "Total Cost": 1359033.01, "Plan Rows": 743333, "Plan Width": 16, "Sort Key": ["lineitem_1.l_suppkey"], "Plans": [{"Node Type": "Index Scan", "Parent Relationship": "Outer", "Parallel Aware": true, "Scan Direction": "Forward", "Index Name": "idx_lineitem_shipdate", "Relation Name": "lineitem", "Alias": "lineitem_1", "Startup Cost": 0.56, "Total Cost": 1277244.65, "Plan Rows": 743333, "Plan Width": 16, "Index Cond": "((l_shipdate >= '1993-08-01'::date) AND (l_shipdate < '1993-11-01 00:00:00'::timestamp without time zone))"}]}]}]}]}]}, {"Node Type": "Nested Loop", "Parent Relationship": "Outer", "Parallel Aware": false, "Join Type": "Inner", "Startup Cost": 1358175.01, "Total Cost": 1410297.54, "Plan Rows": 499, "Plan Width": 103, "Inner Unique": true, "Plans": [{"Node Type": "Aggregate", "Strategy": "Sorted", "Partial Mode": "Finalize", "Parent Relationship": "Outer", "Parallel Aware": false, "Startup Cost": 1358174.72, "Total Cost": 1409354.66, "Plan Rows": 499, "Plan Width": 36, "Group Key": ["lineitem.l_suppkey"], "Filter": "(sum((lineitem.l_extendedprice * ('1'::numeric - lineitem.l_discount))) = $1)", "Plans": [{"Node Type": "Gather Merge", "Parent Relationship": "Outer", "Parallel Aware": false, "Startup Cost": 1358174.72, "Total Cost": 1403869.29, "Plan Rows": 299202, "Plan Width": 36, "Workers Planned": 3, "Plans": [{"Node Type": "Aggregate", "Strategy": "Sorted", "Partial Mode": "Partial", "Parent Relationship": "Outer", "Parallel Aware": false, "Startup Cost": 1357174.68, "Total Cost": 1367713.01, "Plan Rows": 99734, "Plan Width": 36, "Group Key": ["lineitem.l_suppkey"], "Plans": [{"Node Type": "Sort", "Parent Relationship": "Outer", "Parallel Aware": false, "Startup Cost": 1357174.68, "Total Cost": 1359033.01, "Plan Rows": 743333, "Plan Width": 16, "Sort Key": ["lineitem.l_suppkey"], "Plans": [{"Node Type": "Index Scan", "Parent Relationship": "Outer", "Parallel Aware": true, "Scan Direction": "Forward", "Index Name": "idx_lineitem_shipdate", "Relation Name": "lineitem", "Alias": "lineitem", "Startup Cost": 0.56, "Total Cost": 1277244.65, "Plan Rows": 743333, "Plan Width": 16, "Index Cond": "((l_shipdate >= '1993-08-01'::date) AND (l_shipdate < '1993-11-01 00:00:00'::timestamp without time zone))"}]}]}]}]}, {"Node Type": "Index Scan", "Parent Relationship": "Inner", "Parallel Aware": false, "Scan Direction": "Forward", "Index Name": "supplier_pkey", "Relation Name": "supplier", "Alias": "supplier", "Startup Cost": 0.29, "Total Cost": 1.88, "Plan Rows": 1, "Plan Width": 71, "Index Cond": "(s_suppkey = lineitem.l_suppkey)"}]}]}}, {"Plan": {"Node Type": "Limit", "Parallel Aware": false, "Startup Cost": 2766781.67, "Total Cost": 2766892.82, "Plan Rows": 1, "Plan Width": 103, "Plans": [{"Node Type": "Aggregate", "Strategy": "Plain", "Partial Mode": "Simple", "Parent Relationship": "InitPlan", "Subplan Name": "InitPlan 1 (returns $1)", "Parallel Aware": false, "Startup Cost": 1408606.65, "Total Cost": 1408606.66, "Plan Rows": 1, "Plan Width": 32, "Plans": [{"Node Type": "Aggregate", "Strategy": "Sorted", "Partial Mode": "Finalize", "Parent Relationship": "Outer", "Parallel Aware": false, "Startup Cost": 1358174.72, "Total Cost": 1407359.98, "Plan Rows": 99734, "Plan Width": 36, "Group Key": ["lineitem_1.l_suppkey"], "Plans": [{"Node Type": "Gather Merge", "Parent Relationship": "Outer", "Parallel Aware": false, "Startup Cost": 1358174.72, "Total Cost": 1403869.29, "Plan Rows": 299202, "Plan Width": 36, "Workers Planned": 3, "Plans": [{"Node Type": "Aggregate", "Strategy": "Sorted", "Partial Mode": "Partial", "Parent Relationship": "Outer", "Parallel Aware": false, "Startup Cost": 1357174.68, "Total Cost": 1367713.01, "Plan Rows": 99734, "Plan Width": 36, "Group Key": ["lineitem_1.l_suppkey"], "Plans": [{"Node Type": "Sort", "Parent Relationship": "Outer", "Parallel Aware": false, "Startup Cost": 1357174.68, "Total Cost": 1359033.01, "Plan Rows": 743333, "Plan Width": 16, "Sort Key": ["lineitem_1.l_suppkey"], "Plans": [{"Node Type": "Index Scan", "Parent Relationship": "Outer", "Parallel Aware": true, "Scan Direction": "Forward", "Index Name": "idx_lineitem_shipdate", "Relation Name": "lineitem", "Alias": "lineitem_1", "Startup Cost": 0.56, "Total Cost": 1277244.65, "Plan Rows": 743333, "Plan Width": 16, "Index Cond": "((l_shipdate >= '1993-08-01'::date) AND (l_shipdate < '1993-11-01 00:00:00'::timestamp without time zone))"}]}]}]}]}]}, {"Node Type": "Merge Join", "Parent Relationship": "Outer", "Parallel Aware": false, "Join Type": "Inner", "Startup Cost": 1358175.01, "Total Cost": 1413635.98, "Plan Rows": 499, "Plan Width": 103, "Inner Unique": true, "Merge Cond": "(supplier.s_suppkey = lineitem.l_suppkey)", "Plans": [{"Node Type": "Index Scan", "Parent Relationship": "Outer", "Parallel Aware": false, "Scan Direction": "Forward", "Index Name": "supplier_pkey", "Relation Name": "supplier", "Alias": "supplier", "Startup Cost": 0.29, "Total Cost": 4020.1, "Plan Rows": 100000, "Plan Width": 71}, {"Node Type": "Aggregate", "Strategy": "Sorted", "Partial Mode": "Finalize", "Parent Relationship": "Inner", "Parallel Aware": false, "Startup Cost": 1358174.72, "Total Cost": 1409354.66, "Plan Rows": 499, "Plan Width": 36, "Group Key": ["lineitem.l_suppkey"], "Filter": "(sum((lineitem.l_extendedprice * ('1'::numeric - lineitem.l_discount))) = $1)", "Plans": [{"Node Type": "Gather Merge", "Parent Relationship": "Outer", "Parallel Aware": false, "Startup Cost": 1358174.72, "Total Cost": 1403869.29, "Plan Rows": 299202, "Plan Width": 36, "Workers Planned": 3, "Plans": [{"Node Type": "Aggregate", "Strategy": "Sorted", "Partial Mode": "Partial", "Parent Relationship": "Outer", "Parallel Aware": false, "Startup Cost": 1357174.68, "Total Cost": 1367713.01, "Plan Rows": 99734, "Plan Width": 36, "Group Key": ["lineitem.l_suppkey"], "Plans": [{"Node Type": "Sort", "Parent Relationship": "Outer", "Parallel Aware": false, "Startup Cost": 1357174.68, "Total Cost": 1359033.01, "Plan Rows": 743333, "Plan Width": 16, "Sort Key": ["lineitem.l_suppkey"], "Plans": [{"Node Type": "Index Scan", "Parent Relationship": "Outer", "Parallel Aware": true, "Scan Direction": "Forward", "Index Name": "idx_lineitem_shipdate", "Relation Name": "lineitem", "Alias": "lineitem", "Startup Cost": 0.56, "Total Cost": 1277244.65, "Plan Rows": 743333, "Plan Width": 16, "Index Cond": "((l_shipdate >= '1993-08-01'::date) AND (l_shipdate < '1993-11-01 00:00:00'::timestamp without time zone))"}]}]}]}]}]}]}}, {"Plan": {"Node Type": "Limit", "Parallel Aware": false, "Startup Cost": 2766781.67, "Total Cost": 2766886.13, "Plan Rows": 1, "Plan Width": 103, "Plans": [{"Node Type": "Aggregate", "Strategy": "Plain", "Partial Mode": "Simple", "Parent Relationship": "InitPlan", "Subplan Name": "InitPlan 1 (returns $1)", "Parallel Aware": false, "Startup Cost": 1408606.65, "Total Cost": 1408606.66, "Plan Rows": 1, "Plan Width": 32, "Plans": [{"Node Type": "Aggregate", "Strategy": "Sorted", "Partial Mode": "Finalize", "Parent Relationship": "Outer", "Parallel Aware": false, "Startup Cost": 1358174.72, "Total Cost": 1407359.98, "Plan Rows": 99734, "Plan Width": 36, "Group Key": ["lineitem_1.l_suppkey"], "Plans": [{"Node Type": "Gather Merge", "Parent Relationship": "Outer", "Parallel Aware": false, "Startup Cost": 1358174.72, "Total Cost": 1403869.29, "Plan Rows": 299202, "Plan Width": 36, "Workers Planned": 3, "Plans": [{"Node Type": "Aggregate", "Strategy": "Sorted", "Partial Mode": "Partial", "Parent Relationship": "Outer", "Parallel Aware": false, "Startup Cost": 1357174.68, "Total Cost": 1367713.01, "Plan Rows": 99734, "Plan Width": 36, "Group Key": ["lineitem_1.l_suppkey"], "Plans": [{"Node Type": "Sort", "Parent Relationship": "Outer", "Parallel Aware": false, "Startup Cost": 1357174.68, "Total Cost": 1359033.01, "Plan Rows": 743333, "Plan Width": 16, "Sort Key": ["lineitem_1.l_suppkey"], "Plans": [{"Node Type": "Index Scan", "Parent Relationship": "Outer", "Parallel Aware": true, "Scan Direction": "Forward", "Index Name": "idx_lineitem_shipdate", "Relation Name": "lineitem", "Alias": "lineitem_1", "Startup Cost": 0.56, "Total Cost": 1277244.65, "Plan Rows": 743333, "Plan Width": 16, "Index Cond": "((l_shipdate >= '1993-08-01'::date) AND (l_shipdate < '1993-11-01 00:00:00'::timestamp without time zone))"}]}]}]}]}]}, {"Node Type": "Nested Loop", "Parent Relationship": "Outer", "Parallel Aware": false, "Join Type": "Inner", "Startup Cost": 1358175.01, "Total Cost": 1410297.54, "Plan Rows": 499, "Plan Width": 103, "Inner Unique": true, "Plans": [{"Node Type": "Aggregate", "Strategy": "Sorted", "Partial Mode": "Finalize", "Parent Relationship": "Outer", "Parallel Aware": false, "Startup Cost": 1358174.72, "Total Cost": 1409354.66, "Plan Rows": 499, "Plan Width": 36, "Group Key": ["lineitem.l_suppkey"], "Filter": "(sum((lineitem.l_extendedprice * ('1'::numeric - lineitem.l_discount))) = $1)", "Plans": [{"Node Type": "Gather Merge", "Parent Relationship": "Outer", "Parallel Aware": false, "Startup Cost": 1358174.72, "Total Cost": 1403869.29, "Plan Rows": 299202, "Plan Width": 36, "Workers Planned": 3, "Plans": [{"Node Type": "Aggregate", "Strategy": "Sorted", "Partial Mode": "Partial", "Parent Relationship": "Outer", "Parallel Aware": false, "Startup Cost": 1357174.68, "Total Cost": 1367713.01, "Plan Rows": 99734, "Plan Width": 36, "Group Key": ["lineitem.l_suppkey"], "Plans": [{"Node Type": "Sort", "Parent Relationship": "Outer", "Parallel Aware": false, "Startup Cost": 1357174.68, "Total Cost": 1359033.01, "Plan Rows": 743333, "Plan Width": 16, "Sort Key": ["lineitem.l_suppkey"], "Plans": [{"Node Type": "Index Scan", "Parent Relationship": "Outer", "Parallel Aware": true, "Scan Direction": "Forward", "Index Name": "idx_lineitem_shipdate", "Relation Name": "lineitem", "Alias": "lineitem", "Startup Cost": 0.56, "Total Cost": 1277244.65, "Plan Rows": 743333, "Plan Width": 16, "Index Cond": "((l_shipdate >= '1993-08-01'::date) AND (l_shipdate < '1993-11-01 00:00:00'::timestamp without time zone))"}]}]}]}]}, {"Node Type": "Index Scan", "Parent Relationship": "Inner", "Parallel Aware": false, "Scan Direction": "Forward", "Index Name": "supplier_pkey", "Relation Name": "supplier", "Alias": "supplier", "Startup Cost": 0.29, "Total Cost": 1.88, "Plan Rows": 1, "Plan Width": 71, "Index Cond": "(s_suppkey = lineitem.l_suppkey)"}]}]}}, {"Plan": {"Node Type": "Limit", "Parallel Aware": false, "Startup Cost": 2766781.67, "Total Cost": 2766886.13, "Plan Rows": 1, "Plan Width": 103, "Plans": [{"Node Type": "Aggregate", "Strategy": "Plain", "Partial Mode": "Simple", "Parent Relationship": "InitPlan", "Subplan Name": "InitPlan 1 (returns $1)", "Parallel Aware": false, "Startup Cost": 1408606.65, "Total Cost": 1408606.66, "Plan Rows": 1, "Plan Width": 32, "Plans": [{"Node Type": "Aggregate", "Strategy": "Sorted", "Partial Mode": "Finalize", "Parent Relationship": "Outer", "Parallel Aware": false, "Startup Cost": 1358174.72, "Total Cost": 1407359.98, "Plan Rows": 99734, "Plan Width": 36, "Group Key": ["lineitem_1.l_suppkey"], "Plans": [{"Node Type": "Gather Merge", "Parent Relationship": "Outer", "Parallel Aware": false, "Startup Cost": 1358174.72, "Total Cost": 1403869.29, "Plan Rows": 299202, "Plan Width": 36, "Workers Planned": 3, "Plans": [{"Node Type": "Aggregate", "Strategy": "Sorted", "Partial Mode": "Partial", "Parent Relationship": "Outer", "Parallel Aware": false, "Startup Cost": 1357174.68, "Total Cost": 1367713.01, "Plan Rows": 99734, "Plan Width": 36, "Group Key": ["lineitem_1.l_suppkey"], "Plans": [{"Node Type": "Sort", "Parent Relationship": "Outer", "Parallel Aware": false, "Startup Cost": 1357174.68, "Total Cost": 1359033.01, "Plan Rows": 743333, "Plan Width": 16, "Sort Key": ["lineitem_1.l_suppkey"], "Plans": [{"Node Type": "Index Scan", "Parent Relationship": "Outer", "Parallel Aware": true, "Scan Direction": "Forward", "Index Name": "idx_lineitem_shipdate", "Relation Name": "lineitem", "Alias": "lineitem_1", "Startup Cost": 0.56, "Total Cost": 1277244.65, "Plan Rows": 743333, "Plan Width": 16, "Index Cond": "((l_shipdate >= '1993-08-01'::date) AND (l_shipdate < '1993-11-01 00:00:00'::timestamp without time zone))"}]}]}]}]}]}, {"Node Type": "Nested Loop", "Parent Relationship": "Outer", "Parallel Aware": false, "Join Type": "Inner", "Startup Cost": 1358175.01, "Total Cost": 1410297.54, "Plan Rows": 499, "Plan Width": 103, "Inner Unique": true, "Plans": [{"Node Type": "Aggregate", "Strategy": "Sorted", "Partial Mode": "Finalize", "Parent Relationship": "Outer", "Parallel Aware": false, "Startup Cost": 1358174.72, "Total Cost": 1409354.66, "Plan Rows": 499, "Plan Width": 36, "Group Key": ["lineitem.l_suppkey"], "Filter": "(sum((lineitem.l_extendedprice * ('1'::numeric - lineitem.l_discount))) = $1)", "Plans": [{"Node Type": "Gather Merge", "Parent Relationship": "Outer", "Parallel Aware": false, "Startup Cost": 1358174.72, "Total Cost": 1403869.29, "Plan Rows": 299202, "Plan Width": 36, "Workers Planned": 3, "Plans": [{"Node Type": "Aggregate", "Strategy": "Sorted", "Partial Mode": "Partial", "Parent Relationship": "Outer", "Parallel Aware": false, "Startup Cost": 1357174.68, "Total Cost": 1367713.01, "Plan Rows": 99734, "Plan Width": 36, "Group Key": ["lineitem.l_suppkey"], "Plans": [{"Node Type": "Sort", "Parent Relationship": "Outer", "Parallel Aware": false, "Startup Cost": 1357174.68, "Total Cost": 1359033.01, "Plan Rows": 743333, "Plan Width": 16, "Sort Key": ["lineitem.l_suppkey"], "Plans": [{"Node Type": "Index Scan", "Parent Relationship": "Outer", "Parallel Aware": true, "Scan Direction": "Forward", "Index Name": "idx_lineitem_shipdate", "Relation Name": "lineitem", "Alias": "lineitem", "Startup Cost": 0.56, "Total Cost": 1277244.65, "Plan Rows": 743333, "Plan Width": 16, "Index Cond": "((l_shipdate >= '1993-08-01'::date) AND (l_shipdate < '1993-11-01 00:00:00'::timestamp without time zone))"}]}]}]}]}, {"Node Type": "Index Scan", "Parent Relationship": "Inner", "Parallel Aware": false, "Scan Direction": "Forward", "Index Name": "supplier_pkey", "Relation Name": "supplier", "Alias": "supplier", "Startup Cost": 0.29, "Total Cost": 1.88, "Plan Rows": 1, "Plan Width": 71, "Index Cond": "(s_suppkey = lineitem.l_suppkey)"}]}]}}, {"Plan": {"Node Type": "Limit", "Parallel Aware": false, "Startup Cost": 2822436.12, "Total Cost": 2822436.12, "Plan Rows": 1, "Plan Width": 103, "Plans": [{"Node Type": "Aggregate", "Strategy": "Plain", "Partial Mode": "Simple", "Parent Relationship": "InitPlan", "Subplan Name": "InitPlan 1 (returns $1)", "Parallel Aware": false, "Startup Cost": 1408606.65, "Total Cost": 1408606.66, "Plan Rows": 1, "Plan Width": 32, "Plans": [{"Node Type": "Aggregate", "Strategy": "Sorted", "Partial Mode": "Finalize", "Parent Relationship": "Outer", "Parallel Aware": false, "Startup Cost": 1358174.72, "Total Cost": 1407359.98, "Plan Rows": 99734, "Plan Width": 36, "Group Key": ["lineitem_1.l_suppkey"], "Plans": [{"Node Type": "Gather Merge", "Parent Relationship": "Outer", "Parallel Aware": false, "Startup Cost": 1358174.72, "Total Cost": 1403869.29, "Plan Rows": 299202, "Plan Width": 36, "Workers Planned": 3, "Plans": [{"Node Type": "Aggregate", "Strategy": "Sorted", "Partial Mode": "Partial", "Parent Relationship": "Outer", "Parallel Aware": false, "Startup Cost": 1357174.68, "Total Cost": 1367713.01, "Plan Rows": 99734, "Plan Width": 36, "Group Key": ["lineitem_1.l_suppkey"], "Plans": [{"Node Type": "Sort", "Parent Relationship": "Outer", "Parallel Aware": false, "Startup Cost": 1357174.68, "Total Cost": 1359033.01, "Plan Rows": 743333, "Plan Width": 16, "Sort Key": ["lineitem_1.l_suppkey"], "Plans": [{"Node Type": "Index Scan", "Parent Relationship": "Outer", "Parallel Aware": true, "Scan Direction": "Forward", "Index Name": "idx_lineitem_shipdate", "Relation Name": "lineitem", "Alias": "lineitem_1", "Startup Cost": 0.56, "Total Cost": 1277244.65, "Plan Rows": 743333, "Plan Width": 16, "Index Cond": "((l_shipdate >= '1993-08-01'::date) AND (l_shipdate < '1993-11-01 00:00:00'::timestamp without time zone))"}]}]}]}]}]}, {"Node Type": "Sort", "Parent Relationship": "Outer", "Parallel Aware": false, "Startup Cost": 1413829.45, "Total Cost": 1413830.7, "Plan Rows": 499, "Plan Width": 103, "Sort Key": ["supplier.s_suppkey"], "Plans": [{"Node Type": "Hash Join", "Parent Relationship": "Outer", "Parallel Aware": false, "Join Type": "Inner", "Startup Cost": 1362640.72, "Total Cost": 1413826.96, "Plan Rows": 499, "Plan Width": 103, "Inner Unique": true, "Hash Cond": "(lineitem.l_suppkey = supplier.s_suppkey)", "Plans": [{"Node Type": "Aggregate", "Strategy": "Sorted", "Partial Mode": "Finalize", "Parent Relationship": "Outer", "Parallel Aware": false, "Startup Cost": 1358174.72, "Total Cost": 1409354.66, "Plan Rows": 499, "Plan Width": 36, "Group Key": ["lineitem.l_suppkey"], "Filter": "(sum((lineitem.l_extendedprice * ('1'::numeric - lineitem.l_discount))) = $1)", "Plans": [{"Node Type": "Gather Merge", "Parent Relationship": "Outer", "Parallel Aware": false, "Startup Cost": 1358174.72, "Total Cost": 1403869.29, "Plan Rows": 299202, "Plan Width": 36, "Workers Planned": 3, "Plans": [{"Node Type": "Aggregate", "Strategy": "Sorted", "Partial Mode": "Partial", "Parent Relationship": "Outer", "Parallel Aware": false, "Startup Cost": 1357174.68, "Total Cost": 1367713.01, "Plan Rows": 99734, "Plan Width": 36, "Group Key": ["lineitem.l_suppkey"], "Plans": [{"Node Type": "Sort", "Parent Relationship": "Outer", "Parallel Aware": false, "Startup Cost": 1357174.68, "Total Cost": 1359033.01, "Plan Rows": 743333, "Plan Width": 16, "Sort Key": ["lineitem.l_suppkey"], "Plans": [{"Node Type": "Index Scan", "Parent Relationship": "Outer", "Parallel Aware": true, "Scan Direction": "Forward", "Index Name": "idx_lineitem_shipdate", "Relation Name": "lineitem", "Alias": "lineitem", "Startup Cost": 0.56, "Total Cost": 1277244.65, "Plan Rows": 743333, "Plan Width": 16, "Index Cond": "((l_shipdate >= '1993-08-01'::date) AND (l_shipdate < '1993-11-01 00:00:00'::timestamp without time zone))"}]}]}]}]}, {"Node Type": "Hash", "Parent Relationship": "Inner", "Parallel Aware": false, "Startup Cost": 3216.0, "Total Cost": 3216.0, "Plan Rows": 100000, "Plan Width": 71, "Plans": [{"Node Type": "Seq Scan", "Parent Relationship": "Outer", "Parallel Aware": false, "Relation Name": "supplier", "Alias": "supplier", "Startup Cost": 0.0, "Total Cost": 3216.0, "Plan Rows": 100000, "Plan Width": 71}]}]}]}]}}, {"Plan": {"Node Type": "Limit", "Parallel Aware": false, "Startup Cost": 10003039272.61, "Total Cost": 10003039377.17, "Plan Rows": 1, "Plan Width": 103, "Plans": [{"Node Type": "Aggregate", "Strategy": "Plain", "Partial Mode": "Simple", "Parent Relationship": "InitPlan", "Subplan Name": "InitPlan 1 (returns $1)", "Parallel Aware": false, "Startup Cost": 1544851.83, "Total Cost": 1544851.84, "Plan Rows": 1, "Plan Width": 32, "Plans": [{"Node Type": "Aggregate", "Strategy": "Sorted", "Partial Mode": "Finalize", "Parent Relationship": "Outer", "Parallel Aware": false, "Startup Cost": 1494419.89, "Total Cost": 1543605.15, "Plan Rows": 99734, "Plan Width": 36, "Group Key": ["lineitem_1.l_suppkey"], "Plans": [{"Node Type": "Gather Merge", "Parent Relationship": "Outer", "Parallel Aware": false, "Startup Cost": 1494419.89, "Total Cost": 1540114.46, "Plan Rows": 299202, "Plan Width": 36, "Workers Planned": 3, "Plans": [{"Node Type": "Aggregate", "Strategy": "Sorted", "Partial Mode": "Partial", "Parent Relationship": "Outer", "Parallel Aware": false, "Startup Cost": 1493419.85, "Total Cost": 1503958.19, "Plan Rows": 99734, "Plan Width": 36, "Group Key": ["lineitem_1.l_suppkey"], "Plans": [{"Node Type": "Sort", "Parent Relationship": "Outer", "Parallel Aware": false, "Startup Cost": 1493419.85, "Total Cost": 1495278.18, "Plan Rows": 743333, "Plan Width": 16, "Sort Key": ["lineitem_1.l_suppkey"], "Plans": [{"Node Type": "Bitmap Heap Scan", "Parent Relationship": "Outer", "Parallel Aware": true, "Relation Name": "lineitem", "Alias": "lineitem_1", "Startup Cost": 33393.47, "Total Cost": 1413489.82, "Plan Rows": 743333, "Plan Width": 16, "Recheck Cond": "((l_shipdate >= '1993-08-01'::date) AND (l_shipdate < '1993-11-01 00:00:00'::timestamp without time zone))", "Plans": [{"Node Type": "Bitmap Index Scan", "Parent Relationship": "Outer", "Parallel Aware": false, "Index Name": "idx_lineitem_shipdate", "Startup Cost": 0.0, "Total Cost": 32817.39, "Plan Rows": 2304332, "Plan Width": 0, "Index Cond": "((l_shipdate >= '1993-08-01'::date) AND (l_shipdate < '1993-11-01 00:00:00'::timestamp without time zone))"}]}]}]}]}]}]}, {"Node Type": "Nested Loop", "Parent Relationship": "Outer", "Parallel Aware": false, "Join Type": "Inner", "Startup Cost": 10001494420.77, "Total Cost": 10001546599.08, "Plan Rows": 499, "Plan Width": 103, "Inner Unique": true, "Plans": [{"Node Type": "Aggregate", "Strategy": "Sorted", "Partial Mode": "Finalize", "Parent Relationship": "Outer", "Parallel Aware": false, "Startup Cost": 1494419.89, "Total Cost": 1545599.83, "Plan Rows": 499, "Plan Width": 36, "Group Key": ["lineitem.l_suppkey"], "Filter": "(sum((lineitem.l_extendedprice * ('1'::numeric - lineitem.l_discount))) = $1)", "Plans": [{"Node Type": "Gather Merge", "Parent Relationship": "Outer", "Parallel Aware": false, "Startup Cost": 1494419.89, "Total Cost": 1540114.46, "Plan Rows": 299202, "Plan Width": 36, "Workers Planned": 3, "Plans": [{"Node Type": "Aggregate", "Strategy": "Sorted", "Partial Mode": "Partial", "Parent Relationship": "Outer", "Parallel Aware": false, "Startup Cost": 1493419.85, "Total Cost": 1503958.19, "Plan Rows": 99734, "Plan Width": 36, "Group Key": ["lineitem.l_suppkey"], "Plans": [{"Node Type": "Sort", "Parent Relationship": "Outer", "Parallel Aware": false, "Startup Cost": 1493419.85, "Total Cost": 1495278.18, "Plan Rows": 743333, "Plan Width": 16, "Sort Key": ["lineitem.l_suppkey"], "Plans": [{"Node Type": "Bitmap Heap Scan", "Parent Relationship": "Outer", "Parallel Aware": true, "Relation Name": "lineitem", "Alias": "lineitem", "Startup Cost": 33393.47, "Total Cost": 1413489.82, "Plan Rows": 743333, "Plan Width": 16, "Recheck Cond": "((l_shipdate >= '1993-08-01'::date) AND (l_shipdate < '1993-11-01 00:00:00'::timestamp without time zone))", "Plans": [{"Node Type": "Bitmap Index Scan", "Parent Relationship": "Outer", "Parallel Aware": false, "Index Name": "idx_lineitem_shipdate", "Startup Cost": 0.0, "Total Cost": 32817.39, "Plan Rows": 2304332, "Plan Width": 0, "Index Cond": "((l_shipdate >= '1993-08-01'::date) AND (l_shipdate < '1993-11-01 00:00:00'::timestamp without time zone))"}]}]}]}]}]}, {"Node Type": "Bitmap Heap Scan", "Parent Relationship": "Inner", "Parallel Aware": false, "Relation Name": "supplier", "Alias": "supplier", "Startup Cost": 0.88, "Total Cost": 1.99, "Plan Rows": 1, "Plan Width": 71, "Recheck Cond": "(s_suppkey = lineitem.l_suppkey)", "Plans": [{"Node Type": "Bitmap Index Scan", "Parent Relationship": "Outer", "Parallel Aware": false, "Index Name": "supplier_pkey", "Startup Cost": 0.0, "Total Cost": 0.88, "Plan Rows": 1, "Plan Width": 0, "Index Cond": "(s_suppkey = lineitem.l_suppkey)"}]}]}]}}, {"Plan": {"Node Type": "Limit", "Parallel Aware": false, "Startup Cost": 3039272.61, "Total Cost": 3039377.17, "Plan Rows": 1, "Plan Width": 103, "Plans": [{"Node Type": "Aggregate", "Strategy": "Plain", "Partial Mode": "Simple", "Parent Relationship": "InitPlan", "Subplan Name": "InitPlan 1 (returns $1)", "Parallel Aware": false, "Startup Cost": 1544851.83, "Total Cost": 1544851.84, "Plan Rows": 1, "Plan Width": 32, "Plans": [{"Node Type": "Aggregate", "Strategy": "Sorted", "Partial Mode": "Finalize", "Parent Relationship": "Outer", "Parallel Aware": false, "Startup Cost": 1494419.89, "Total Cost": 1543605.15, "Plan Rows": 99734, "Plan Width": 36, "Group Key": ["lineitem_1.l_suppkey"], "Plans": [{"Node Type": "Gather Merge", "Parent Relationship": "Outer", "Parallel Aware": false, "Startup Cost": 1494419.89, "Total Cost": 1540114.46, "Plan Rows": 299202, "Plan Width": 36, "Workers Planned": 3, "Plans": [{"Node Type": "Aggregate", "Strategy": "Sorted", "Partial Mode": "Partial", "Parent Relationship": "Outer", "Parallel Aware": false, "Startup Cost": 1493419.85, "Total Cost": 1503958.19, "Plan Rows": 99734, "Plan Width": 36, "Group Key": ["lineitem_1.l_suppkey"], "Plans": [{"Node Type": "Sort", "Parent Relationship": "Outer", "Parallel Aware": false, "Startup Cost": 1493419.85, "Total Cost": 1495278.18, "Plan Rows": 743333, "Plan Width": 16, "Sort Key": ["lineitem_1.l_suppkey"], "Plans": [{"Node Type": "Bitmap Heap Scan", "Parent Relationship": "Outer", "Parallel Aware": true, "Relation Name": "lineitem", "Alias": "lineitem_1", "Startup Cost": 33393.47, "Total Cost": 1413489.82, "Plan Rows": 743333, "Plan Width": 16, "Recheck Cond": "((l_shipdate >= '1993-08-01'::date) AND (l_shipdate < '1993-11-01 00:00:00'::timestamp without time zone))", "Plans": [{"Node Type": "Bitmap Index Scan", "Parent Relationship": "Outer", "Parallel Aware": false, "Index Name": "idx_lineitem_shipdate", "Startup Cost": 0.0, "Total Cost": 32817.39, "Plan Rows": 2304332, "Plan Width": 0, "Index Cond": "((l_shipdate >= '1993-08-01'::date) AND (l_shipdate < '1993-11-01 00:00:00'::timestamp without time zone))"}]}]}]}]}]}]}, {"Node Type": "Nested Loop", "Parent Relationship": "Outer", "Parallel Aware": false, "Join Type": "Inner", "Startup Cost": 1494420.77, "Total Cost": 1546599.08, "Plan Rows": 499, "Plan Width": 103, "Inner Unique": true, "Plans": [{"Node Type": "Aggregate", "Strategy": "Sorted", "Partial Mode": "Finalize", "Parent Relationship": "Outer", "Parallel Aware": false, "Startup Cost": 1494419.89, "Total Cost": 1545599.83, "Plan Rows": 499, "Plan Width": 36, "Group Key": ["lineitem.l_suppkey"], "Filter": "(sum((lineitem.l_extendedprice * ('1'::numeric - lineitem.l_discount))) = $1)", "Plans": [{"Node Type": "Gather Merge", "Parent Relationship": "Outer", "Parallel Aware": false, "Startup Cost": 1494419.89, "Total Cost": 1540114.46, "Plan Rows": 299202, "Plan Width": 36, "Workers Planned": 3, "Plans": [{"Node Type": "Aggregate", "Strategy": "Sorted", "Partial Mode": "Partial", "Parent Relationship": "Outer", "Parallel Aware": false, "Startup Cost": 1493419.85, "Total Cost": 1503958.19, "Plan Rows": 99734, "Plan Width": 36, "Group Key": ["lineitem.l_suppkey"], "Plans": [{"Node Type": "Sort", "Parent Relationship": "Outer", "Parallel Aware": false, "Startup Cost": 1493419.85, "Total Cost": 1495278.18, "Plan Rows": 743333, "Plan Width": 16, "Sort Key": ["lineitem.l_suppkey"], "Plans": [{"Node Type": "Bitmap Heap Scan", "Parent Relationship": "Outer", "Parallel Aware": true, "Relation Name": "lineitem", "Alias": "lineitem", "Startup Cost": 33393.47, "Total Cost": 1413489.82, "Plan Rows": 743333, "Plan Width": 16, "Recheck Cond": "((l_shipdate >= '1993-08-01'::date) AND (l_shipdate < '1993-11-01 00:00:00'::timestamp without time zone))", "Plans": [{"Node Type": "Bitmap Index Scan", "Parent Relationship": "Outer", "Parallel Aware": false, "Index Name": "idx_lineitem_shipdate", "Startup Cost": 0.0, "Total Cost": 32817.39, "Plan Rows": 2304332, "Plan Width": 0, "Index Cond": "((l_shipdate >= '1993-08-01'::date) AND (l_shipdate < '1993-11-01 00:00:00'::timestamp without time zone))"}]}]}]}]}]}, {"Node Type": "Bitmap Heap Scan", "Parent Relationship": "Inner", "Parallel Aware": false, "Relation Name": "supplier", "Alias": "supplier", "Startup Cost": 0.88, "Total Cost": 1.99, "Plan Rows": 1, "Plan Width": 71, "Recheck Cond": "(s_suppkey = lineitem.l_suppkey)", "Plans": [{"Node Type": "Bitmap Index Scan", "Parent Relationship": "Outer", "Parallel Aware": false, "Index Name": "supplier_pkey", "Startup Cost": 0.0, "Total Cost": 0.88, "Plan Rows": 1, "Plan Width": 0, "Index Cond": "(s_suppkey = lineitem.l_suppkey)"}]}]}]}}, {"Plan": {"Node Type": "Limit", "Parallel Aware": false, "Startup Cost": 3039272.61, "Total Cost": 3039377.17, "Plan Rows": 1, "Plan Width": 103, "Plans": [{"Node Type": "Aggregate", "Strategy": "Plain", "Partial Mode": "Simple", "Parent Relationship": "InitPlan", "Subplan Name": "InitPlan 1 (returns $1)", "Parallel Aware": false, "Startup Cost": 1544851.83, "Total Cost": 1544851.84, "Plan Rows": 1, "Plan Width": 32, "Plans": [{"Node Type": "Aggregate", "Strategy": "Sorted", "Partial Mode": "Finalize", "Parent Relationship": "Outer", "Parallel Aware": false, "Startup Cost": 1494419.89, "Total Cost": 1543605.15, "Plan Rows": 99734, "Plan Width": 36, "Group Key": ["lineitem_1.l_suppkey"], "Plans": [{"Node Type": "Gather Merge", "Parent Relationship": "Outer", "Parallel Aware": false, "Startup Cost": 1494419.89, "Total Cost": 1540114.46, "Plan Rows": 299202, "Plan Width": 36, "Workers Planned": 3, "Plans": [{"Node Type": "Aggregate", "Strategy": "Sorted", "Partial Mode": "Partial", "Parent Relationship": "Outer", "Parallel Aware": false, "Startup Cost": 1493419.85, "Total Cost": 1503958.19, "Plan Rows": 99734, "Plan Width": 36, "Group Key": ["lineitem_1.l_suppkey"], "Plans": [{"Node Type": "Sort", "Parent Relationship": "Outer", "Parallel Aware": false, "Startup Cost": 1493419.85, "Total Cost": 1495278.18, "Plan Rows": 743333, "Plan Width": 16, "Sort Key": ["lineitem_1.l_suppkey"], "Plans": [{"Node Type": "Bitmap Heap Scan", "Parent Relationship": "Outer", "Parallel Aware": true, "Relation Name": "lineitem", "Alias": "lineitem_1", "Startup Cost": 33393.47, "Total Cost": 1413489.82, "Plan Rows": 743333, "Plan Width": 16, "Recheck Cond": "((l_shipdate >= '1993-08-01'::date) AND (l_shipdate < '1993-11-01 00:00:00'::timestamp without time zone))", "Plans": [{"Node Type": "Bitmap Index Scan", "Parent Relationship": "Outer", "Parallel Aware": false, "Index Name": "idx_lineitem_shipdate", "Startup Cost": 0.0, "Total Cost": 32817.39, "Plan Rows": 2304332, "Plan Width": 0, "Index Cond": "((l_shipdate >= '1993-08-01'::date) AND (l_shipdate < '1993-11-01 00:00:00'::timestamp without time zone))"}]}]}]}]}]}]}, {"Node Type": "Nested Loop", "Parent Relationship": "Outer", "Parallel Aware": false, "Join Type": "Inner", "Startup Cost": 1494420.77, "Total Cost": 1546599.08, "Plan Rows": 499, "Plan Width": 103, "Inner Unique": true, "Plans": [{"Node Type": "Aggregate", "Strategy": "Sorted", "Partial Mode": "Finalize", "Parent Relationship": "Outer", "Parallel Aware": false, "Startup Cost": 1494419.89, "Total Cost": 1545599.83, "Plan Rows": 499, "Plan Width": 36, "Group Key": ["lineitem.l_suppkey"], "Filter": "(sum((lineitem.l_extendedprice * ('1'::numeric - lineitem.l_discount))) = $1)", "Plans": [{"Node Type": "Gather Merge", "Parent Relationship": "Outer", "Parallel Aware": false, "Startup Cost": 1494419.89, "Total Cost": 1540114.46, "Plan Rows": 299202, "Plan Width": 36, "Workers Planned": 3, "Plans": [{"Node Type": "Aggregate", "Strategy": "Sorted", "Partial Mode": "Partial", "Parent Relationship": "Outer", "Parallel Aware": false, "Startup Cost": 1493419.85, "Total Cost": 1503958.19, "Plan Rows": 99734, "Plan Width": 36, "Group Key": ["lineitem.l_suppkey"], "Plans": [{"Node Type": "Sort", "Parent Relationship": "Outer", "Parallel Aware": false, "Startup Cost": 1493419.85, "Total Cost": 1495278.18, "Plan Rows": 743333, "Plan Width": 16, "Sort Key": ["lineitem.l_suppkey"], "Plans": [{"Node Type": "Bitmap Heap Scan", "Parent Relationship": "Outer", "Parallel Aware": true, "Relation Name": "lineitem", "Alias": "lineitem", "Startup Cost": 33393.47, "Total Cost": 1413489.82, "Plan Rows": 743333, "Plan Width": 16, "Recheck Cond": "((l_shipdate >= '1993-08-01'::date) AND (l_shipdate < '1993-11-01 00:00:00'::timestamp without time zone))", "Plans": [{"Node Type": "Bitmap Index Scan", "Parent Relationship": "Outer", "Parallel Aware": false, "Index Name": "idx_lineitem_shipdate", "Startup Cost": 0.0, "Total Cost": 32817.39, "Plan Rows": 2304332, "Plan Width": 0, "Index Cond": "((l_shipdate >= '1993-08-01'::date) AND (l_shipdate < '1993-11-01 00:00:00'::timestamp without time zone))"}]}]}]}]}]}, {"Node Type": "Bitmap Heap Scan", "Parent Relationship": "Inner", "Parallel Aware": false, "Relation Name": "supplier", "Alias": "supplier", "Startup Cost": 0.88, "Total Cost": 1.99, "Plan Rows": 1, "Plan Width": 71, "Recheck Cond": "(s_suppkey = lineitem.l_suppkey)", "Plans": [{"Node Type": "Bitmap Index Scan", "Parent Relationship": "Outer", "Parallel Aware": false, "Index Name": "supplier_pkey", "Startup Cost": 0.0, "Total Cost": 0.88, "Plan Rows": 1, "Plan Width": 0, "Index Cond": "(s_suppkey = lineitem.l_suppkey)"}]}]}]}}, {"Plan": {"Node Type": "Limit", "Parallel Aware": false, "Startup Cost": 3050792.55, "Total Cost": 3050896.14, "Plan Rows": 1, "Plan Width": 103, "Plans": [{"Node Type": "Aggregate", "Strategy": "Plain", "Partial Mode": "Simple", "Parent Relationship": "InitPlan", "Subplan Name": "InitPlan 1 (returns $1)", "Parallel Aware": false, "Startup Cost": 1544851.83, "Total Cost": 1544851.84, "Plan Rows": 1, "Plan Width": 32, "Plans": [{"Node Type": "Aggregate", "Strategy": "Sorted", "Partial Mode": "Finalize", "Parent Relationship": "Outer", "Parallel Aware": false, "Startup Cost": 1494419.89, "Total Cost": 1543605.15, "Plan Rows": 99734, "Plan Width": 36, "Group Key": ["lineitem_1.l_suppkey"], "Plans": [{"Node Type": "Gather Merge", "Parent Relationship": "Outer", "Parallel Aware": false, "Startup Cost": 1494419.89, "Total Cost": 1540114.46, "Plan Rows": 299202, "Plan Width": 36, "Workers Planned": 3, "Plans": [{"Node Type": "Aggregate", "Strategy": "Sorted", "Partial Mode": "Partial", "Parent Relationship": "Outer", "Parallel Aware": false, "Startup Cost": 1493419.85, "Total Cost": 1503958.19, "Plan Rows": 99734, "Plan Width": 36, "Group Key": ["lineitem_1.l_suppkey"], "Plans": [{"Node Type": "Sort", "Parent Relationship": "Outer", "Parallel Aware": false, "Startup Cost": 1493419.85, "Total Cost": 1495278.18, "Plan Rows": 743333, "Plan Width": 16, "Sort Key": ["lineitem_1.l_suppkey"], "Plans": [{"Node Type": "Bitmap Heap Scan", "Parent Relationship": "Outer", "Parallel Aware": true, "Relation Name": "lineitem", "Alias": "lineitem_1", "Startup Cost": 33393.47, "Total Cost": 1413489.82, "Plan Rows": 743333, "Plan Width": 16, "Recheck Cond": "((l_shipdate >= '1993-08-01'::date) AND (l_shipdate < '1993-11-01 00:00:00'::timestamp without time zone))", "Plans": [{"Node Type": "Bitmap Index Scan", "Parent Relationship": "Outer", "Parallel Aware": false, "Index Name": "idx_lineitem_shipdate", "Startup Cost": 0.0, "Total Cost": 32817.39, "Plan Rows": 2304332, "Plan Width": 0, "Index Cond": "((l_shipdate >= '1993-08-01'::date) AND (l_shipdate < '1993-11-01 00:00:00'::timestamp without time zone))"}]}]}]}]}]}]}, {"Node Type": "Merge Join", "Parent Relationship": "Outer", "Parallel Aware": false, "Join Type": "Inner", "Startup Cost": 1505940.71, "Total Cost": 1557631.88, "Plan Rows": 499, "Plan Width": 103, "Inner Unique": true, "Merge Cond": "(supplier.s_suppkey = lineitem.l_suppkey)", "Plans": [{"Node Type": "Sort", "Parent Relationship": "Outer", "Parallel Aware": false, "Startup Cost": 11520.82, "Total Cost": 11770.82, "Plan Rows": 100000, "Plan Width": 71, "Sort Key": ["supplier.s_suppkey"], "Plans": [{"Node Type": "Seq Scan", "Parent Relationship": "Outer", "Parallel Aware": false, "Relation Name": "supplier", "Alias": "supplier", "Startup Cost": 0.0, "Total Cost": 3216.0, "Plan Rows": 100000, "Plan Width": 71}]}, {"Node Type": "Aggregate", "Strategy": "Sorted", "Partial Mode": "Finalize", "Parent Relationship": "Inner", "Parallel Aware": false, "Startup Cost": 1494419.89, "Total Cost": 1545599.83, "Plan Rows": 499, "Plan Width": 36, "Group Key": ["lineitem.l_suppkey"], "Filter": "(sum((lineitem.l_extendedprice * ('1'::numeric - lineitem.l_discount))) = $1)", "Plans": [{"Node Type": "Gather Merge", "Parent Relationship": "Outer", "Parallel Aware": false, "Startup Cost": 1494419.89, "Total Cost": 1540114.46, "Plan Rows": 299202, "Plan Width": 36, "Workers Planned": 3, "Plans": [{"Node Type": "Aggregate", "Strategy": "Sorted", "Partial Mode": "Partial", "Parent Relationship": "Outer", "Parallel Aware": false, "Startup Cost": 1493419.85, "Total Cost": 1503958.19, "Plan Rows": 99734, "Plan Width": 36, "Group Key": ["lineitem.l_suppkey"], "Plans": [{"Node Type": "Sort", "Parent Relationship": "Outer", "Parallel Aware": false, "Startup Cost": 1493419.85, "Total Cost": 1495278.18, "Plan Rows": 743333, "Plan Width": 16, "Sort Key": ["lineitem.l_suppkey"], "Plans": [{"Node Type": "Bitmap Heap Scan", "Parent Relationship": "Outer", "Parallel Aware": true, "Relation Name": "lineitem", "Alias": "lineitem", "Startup Cost": 33393.47, "Total Cost": 1413489.82, "Plan Rows": 743333, "Plan Width": 16, "Recheck Cond": "((l_shipdate >= '1993-08-01'::date) AND (l_shipdate < '1993-11-01 00:00:00'::timestamp without time zone))", "Plans": [{"Node Type": "Bitmap Index Scan", "Parent Relationship": "Outer", "Parallel Aware": false, "Index Name": "idx_lineitem_shipdate", "Startup Cost": 0.0, "Total Cost": 32817.39, "Plan Rows": 2304332, "Plan Width": 0, "Index Cond": "((l_shipdate >= '1993-08-01'::date) AND (l_shipdate < '1993-11-01 00:00:00'::timestamp without time zone))"}]}]}]}]}]}]}]}}, {"Plan": {"Node Type": "Limit", "Parallel Aware": false, "Startup Cost": 3039272.61, "Total Cost": 3039377.17, "Plan Rows": 1, "Plan Width": 103, "Plans": [{"Node Type": "Aggregate", "Strategy": "Plain", "Partial Mode": "Simple", "Parent Relationship": "InitPlan", "Subplan Name": "InitPlan 1 (returns $1)", "Parallel Aware": false, "Startup Cost": 1544851.83, "Total Cost": 1544851.84, "Plan Rows": 1, "Plan Width": 32, "Plans": [{"Node Type": "Aggregate", "Strategy": "Sorted", "Partial Mode": "Finalize", "Parent Relationship": "Outer", "Parallel Aware": false, "Startup Cost": 1494419.89, "Total Cost": 1543605.15, "Plan Rows": 99734, "Plan Width": 36, "Group Key": ["lineitem_1.l_suppkey"], "Plans": [{"Node Type": "Gather Merge", "Parent Relationship": "Outer", "Parallel Aware": false, "Startup Cost": 1494419.89, "Total Cost": 1540114.46, "Plan Rows": 299202, "Plan Width": 36, "Workers Planned": 3, "Plans": [{"Node Type": "Aggregate", "Strategy": "Sorted", "Partial Mode": "Partial", "Parent Relationship": "Outer", "Parallel Aware": false, "Startup Cost": 1493419.85, "Total Cost": 1503958.19, "Plan Rows": 99734, "Plan Width": 36, "Group Key": ["lineitem_1.l_suppkey"], "Plans": [{"Node Type": "Sort", "Parent Relationship": "Outer", "Parallel Aware": false, "Startup Cost": 1493419.85, "Total Cost": 1495278.18, "Plan Rows": 743333, "Plan Width": 16, "Sort Key": ["lineitem_1.l_suppkey"], "Plans": [{"Node Type": "Bitmap Heap Scan", "Parent Relationship": "Outer", "Parallel Aware": true, "Relation Name": "lineitem", "Alias": "lineitem_1", "Startup Cost": 33393.47, "Total Cost": 1413489.82, "Plan Rows": 743333, "Plan Width": 16, "Recheck Cond": "((l_shipdate >= '1993-08-01'::date) AND (l_shipdate < '1993-11-01 00:00:00'::timestamp without time zone))", "Plans": [{"Node Type": "Bitmap Index Scan", "Parent Relationship": "Outer", "Parallel Aware": false, "Index Name": "idx_lineitem_shipdate", "Startup Cost": 0.0, "Total Cost": 32817.39, "Plan Rows": 2304332, "Plan Width": 0, "Index Cond": "((l_shipdate >= '1993-08-01'::date) AND (l_shipdate < '1993-11-01 00:00:00'::timestamp without time zone))"}]}]}]}]}]}]}, {"Node Type": "Nested Loop", "Parent Relationship": "Outer", "Parallel Aware": false, "Join Type": "Inner", "Startup Cost": 1494420.77, "Total Cost": 1546599.08, "Plan Rows": 499, "Plan Width": 103, "Inner Unique": true, "Plans": [{"Node Type": "Aggregate", "Strategy": "Sorted", "Partial Mode": "Finalize", "Parent Relationship": "Outer", "Parallel Aware": false, "Startup Cost": 1494419.89, "Total Cost": 1545599.83, "Plan Rows": 499, "Plan Width": 36, "Group Key": ["lineitem.l_suppkey"], "Filter": "(sum((lineitem.l_extendedprice * ('1'::numeric - lineitem.l_discount))) = $1)", "Plans": [{"Node Type": "Gather Merge", "Parent Relationship": "Outer", "Parallel Aware": false, "Startup Cost": 1494419.89, "Total Cost": 1540114.46, "Plan Rows": 299202, "Plan Width": 36, "Workers Planned": 3, "Plans": [{"Node Type": "Aggregate", "Strategy": "Sorted", "Partial Mode": "Partial", "Parent Relationship": "Outer", "Parallel Aware": false, "Startup Cost": 1493419.85, "Total Cost": 1503958.19, "Plan Rows": 99734, "Plan Width": 36, "Group Key": ["lineitem.l_suppkey"], "Plans": [{"Node Type": "Sort", "Parent Relationship": "Outer", "Parallel Aware": false, "Startup Cost": 1493419.85, "Total Cost": 1495278.18, "Plan Rows": 743333, "Plan Width": 16, "Sort Key": ["lineitem.l_suppkey"], "Plans": [{"Node Type": "Bitmap Heap Scan", "Parent Relationship": "Outer", "Parallel Aware": true, "Relation Name": "lineitem", "Alias": "lineitem", "Startup Cost": 33393.47, "Total Cost": 1413489.82, "Plan Rows": 743333, "Plan Width": 16, "Recheck Cond": "((l_shipdate >= '1993-08-01'::date) AND (l_shipdate < '1993-11-01 00:00:00'::timestamp without time zone))", "Plans": [{"Node Type": "Bitmap Index Scan", "Parent Relationship": "Outer", "Parallel Aware": false, "Index Name": "idx_lineitem_shipdate", "Startup Cost": 0.0, "Total Cost": 32817.39, "Plan Rows": 2304332, "Plan Width": 0, "Index Cond": "((l_shipdate >= '1993-08-01'::date) AND (l_shipdate < '1993-11-01 00:00:00'::timestamp without time zone))"}]}]}]}]}]}, {"Node Type": "Bitmap Heap Scan", "Parent Relationship": "Inner", "Parallel Aware": false, "Relation Name": "supplier", "Alias": "supplier", "Startup Cost": 0.88, "Total Cost": 1.99, "Plan Rows": 1, "Plan Width": 71, "Recheck Cond": "(s_suppkey = lineitem.l_suppkey)", "Plans": [{"Node Type": "Bitmap Index Scan", "Parent Relationship": "Outer", "Parallel Aware": false, "Index Name": "supplier_pkey", "Startup Cost": 0.0, "Total Cost": 0.88, "Plan Rows": 1, "Plan Width": 0, "Index Cond": "(s_suppkey = lineitem.l_suppkey)"}]}]}]}}, {"Plan": {"Node Type": "Limit", "Parallel Aware": false, "Startup Cost": 3039272.61, "Total Cost": 3039377.17, "Plan Rows": 1, "Plan Width": 103, "Plans": [{"Node Type": "Aggregate", "Strategy": "Plain", "Partial Mode": "Simple", "Parent Relationship": "InitPlan", "Subplan Name": "InitPlan 1 (returns $1)", "Parallel Aware": false, "Startup Cost": 1544851.83, "Total Cost": 1544851.84, "Plan Rows": 1, "Plan Width": 32, "Plans": [{"Node Type": "Aggregate", "Strategy": "Sorted", "Partial Mode": "Finalize", "Parent Relationship": "Outer", "Parallel Aware": false, "Startup Cost": 1494419.89, "Total Cost": 1543605.15, "Plan Rows": 99734, "Plan Width": 36, "Group Key": ["lineitem_1.l_suppkey"], "Plans": [{"Node Type": "Gather Merge", "Parent Relationship": "Outer", "Parallel Aware": false, "Startup Cost": 1494419.89, "Total Cost": 1540114.46, "Plan Rows": 299202, "Plan Width": 36, "Workers Planned": 3, "Plans": [{"Node Type": "Aggregate", "Strategy": "Sorted", "Partial Mode": "Partial", "Parent Relationship": "Outer", "Parallel Aware": false, "Startup Cost": 1493419.85, "Total Cost": 1503958.19, "Plan Rows": 99734, "Plan Width": 36, "Group Key": ["lineitem_1.l_suppkey"], "Plans": [{"Node Type": "Sort", "Parent Relationship": "Outer", "Parallel Aware": false, "Startup Cost": 1493419.85, "Total Cost": 1495278.18, "Plan Rows": 743333, "Plan Width": 16, "Sort Key": ["lineitem_1.l_suppkey"], "Plans": [{"Node Type": "Bitmap Heap Scan", "Parent Relationship": "Outer", "Parallel Aware": true, "Relation Name": "lineitem", "Alias": "lineitem_1", "Startup Cost": 33393.47, "Total Cost": 1413489.82, "Plan Rows": 743333, "Plan Width": 16, "Recheck Cond": "((l_shipdate >= '1993-08-01'::date) AND (l_shipdate < '1993-11-01 00:00:00'::timestamp without time zone))", "Plans": [{"Node Type": "Bitmap Index Scan", "Parent Relationship": "Outer", "Parallel Aware": false, "Index Name": "idx_lineitem_shipdate", "Startup Cost": 0.0, "Total Cost": 32817.39, "Plan Rows": 2304332, "Plan Width": 0, "Index Cond": "((l_shipdate >= '1993-08-01'::date) AND (l_shipdate < '1993-11-01 00:00:00'::timestamp without time zone))"}]}]}]}]}]}]}, {"Node Type": "Nested Loop", "Parent Relationship": "Outer", "Parallel Aware": false, "Join Type": "Inner", "Startup Cost": 1494420.77, "Total Cost": 1546599.08, "Plan Rows": 499, "Plan Width": 103, "Inner Unique": true, "Plans": [{"Node Type": "Aggregate", "Strategy": "Sorted", "Partial Mode": "Finalize", "Parent Relationship": "Outer", "Parallel Aware": false, "Startup Cost": 1494419.89, "Total Cost": 1545599.83, "Plan Rows": 499, "Plan Width": 36, "Group Key": ["lineitem.l_suppkey"], "Filter": "(sum((lineitem.l_extendedprice * ('1'::numeric - lineitem.l_discount))) = $1)", "Plans": [{"Node Type": "Gather Merge", "Parent Relationship": "Outer", "Parallel Aware": false, "Startup Cost": 1494419.89, "Total Cost": 1540114.46, "Plan Rows": 299202, "Plan Width": 36, "Workers Planned": 3, "Plans": [{"Node Type": "Aggregate", "Strategy": "Sorted", "Partial Mode": "Partial", "Parent Relationship": "Outer", "Parallel Aware": false, "Startup Cost": 1493419.85, "Total Cost": 1503958.19, "Plan Rows": 99734, "Plan Width": 36, "Group Key": ["lineitem.l_suppkey"], "Plans": [{"Node Type": "Sort", "Parent Relationship": "Outer", "Parallel Aware": false, "Startup Cost": 1493419.85, "Total Cost": 1495278.18, "Plan Rows": 743333, "Plan Width": 16, "Sort Key": ["lineitem.l_suppkey"], "Plans": [{"Node Type": "Bitmap Heap Scan", "Parent Relationship": "Outer", "Parallel Aware": true, "Relation Name": "lineitem", "Alias": "lineitem", "Startup Cost": 33393.47, "Total Cost": 1413489.82, "Plan Rows": 743333, "Plan Width": 16, "Recheck Cond": "((l_shipdate >= '1993-08-01'::date) AND (l_shipdate < '1993-11-01 00:00:00'::timestamp without time zone))", "Plans": [{"Node Type": "Bitmap Index Scan", "Parent Relationship": "Outer", "Parallel Aware": false, "Index Name": "idx_lineitem_shipdate", "Startup Cost": 0.0, "Total Cost": 32817.39, "Plan Rows": 2304332, "Plan Width": 0, "Index Cond": "((l_shipdate >= '1993-08-01'::date) AND (l_shipdate < '1993-11-01 00:00:00'::timestamp without time zone))"}]}]}]}]}]}, {"Node Type": "Bitmap Heap Scan", "Parent Relationship": "Inner", "Parallel Aware": false, "Relation Name": "supplier", "Alias": "supplier", "Startup Cost": 0.88, "Total Cost": 1.99, "Plan Rows": 1, "Plan Width": 71, "Recheck Cond": "(s_suppkey = lineitem.l_suppkey)", "Plans": [{"Node Type": "Bitmap Index Scan", "Parent Relationship": "Outer", "Parallel Aware": false, "Index Name": "supplier_pkey", "Startup Cost": 0.0, "Total Cost": 0.88, "Plan Rows": 1, "Plan Width": 0, "Index Cond": "(s_suppkey = lineitem.l_suppkey)"}]}]}]}}, {"Plan": {"Node Type": "Limit", "Parallel Aware": false, "Startup Cost": 3094926.46, "Total Cost": 3094926.47, "Plan Rows": 1, "Plan Width": 103, "Plans": [{"Node Type": "Aggregate", "Strategy": "Plain", "Partial Mode": "Simple", "Parent Relationship": "InitPlan", "Subplan Name": "InitPlan 1 (returns $1)", "Parallel Aware": false, "Startup Cost": 1544851.83, "Total Cost": 1544851.84, "Plan Rows": 1, "Plan Width": 32, "Plans": [{"Node Type": "Aggregate", "Strategy": "Sorted", "Partial Mode": "Finalize", "Parent Relationship": "Outer", "Parallel Aware": false, "Startup Cost": 1494419.89, "Total Cost": 1543605.15, "Plan Rows": 99734, "Plan Width": 36, "Group Key": ["lineitem_1.l_suppkey"], "Plans": [{"Node Type": "Gather Merge", "Parent Relationship": "Outer", "Parallel Aware": false, "Startup Cost": 1494419.89, "Total Cost": 1540114.46, "Plan Rows": 299202, "Plan Width": 36, "Workers Planned": 3, "Plans": [{"Node Type": "Aggregate", "Strategy": "Sorted", "Partial Mode": "Partial", "Parent Relationship": "Outer", "Parallel Aware": false, "Startup Cost": 1493419.85, "Total Cost": 1503958.19, "Plan Rows": 99734, "Plan Width": 36, "Group Key": ["lineitem_1.l_suppkey"], "Plans": [{"Node Type": "Sort", "Parent Relationship": "Outer", "Parallel Aware": false, "Startup Cost": 1493419.85, "Total Cost": 1495278.18, "Plan Rows": 743333, "Plan Width": 16, "Sort Key": ["lineitem_1.l_suppkey"], "Plans": [{"Node Type": "Bitmap Heap Scan", "Parent Relationship": "Outer", "Parallel Aware": true, "Relation Name": "lineitem", "Alias": "lineitem_1", "Startup Cost": 33393.47, "Total Cost": 1413489.82, "Plan Rows": 743333, "Plan Width": 16, "Recheck Cond": "((l_shipdate >= '1993-08-01'::date) AND (l_shipdate < '1993-11-01 00:00:00'::timestamp without time zone))", "Plans": [{"Node Type": "Bitmap Index Scan", "Parent Relationship": "Outer", "Parallel Aware": false, "Index Name": "idx_lineitem_shipdate", "Startup Cost": 0.0, "Total Cost": 32817.39, "Plan Rows": 2304332, "Plan Width": 0, "Index Cond": "((l_shipdate >= '1993-08-01'::date) AND (l_shipdate < '1993-11-01 00:00:00'::timestamp without time zone))"}]}]}]}]}]}]}, {"Node Type": "Sort", "Parent Relationship": "Outer", "Parallel Aware": false, "Startup Cost": 1550074.63, "Total Cost": 1550075.87, "Plan Rows": 499, "Plan Width": 103, "Sort Key": ["supplier.s_suppkey"], "Plans": [{"Node Type": "Hash Join", "Parent Relationship": "Outer", "Parallel Aware": false, "Join Type": "Inner", "Startup Cost": 1498885.89, "Total Cost": 1550072.13, "Plan Rows": 499, "Plan Width": 103, "Inner Unique": true, "Hash Cond": "(lineitem.l_suppkey = supplier.s_suppkey)", "Plans": [{"Node Type": "Aggregate", "Strategy": "Sorted", "Partial Mode": "Finalize", "Parent Relationship": "Outer", "Parallel Aware": false, "Startup Cost": 1494419.89, "Total Cost": 1545599.83, "Plan Rows": 499, "Plan Width": 36, "Group Key": ["lineitem.l_suppkey"], "Filter": "(sum((lineitem.l_extendedprice * ('1'::numeric - lineitem.l_discount))) = $1)", "Plans": [{"Node Type": "Gather Merge", "Parent Relationship": "Outer", "Parallel Aware": false, "Startup Cost": 1494419.89, "Total Cost": 1540114.46, "Plan Rows": 299202, "Plan Width": 36, "Workers Planned": 3, "Plans": [{"Node Type": "Aggregate", "Strategy": "Sorted", "Partial Mode": "Partial", "Parent Relationship": "Outer", "Parallel Aware": false, "Startup Cost": 1493419.85, "Total Cost": 1503958.19, "Plan Rows": 99734, "Plan Width": 36, "Group Key": ["lineitem.l_suppkey"], "Plans": [{"Node Type": "Sort", "Parent Relationship": "Outer", "Parallel Aware": false, "Startup Cost": 1493419.85, "Total Cost": 1495278.18, "Plan Rows": 743333, "Plan Width": 16, "Sort Key": ["lineitem.l_suppkey"], "Plans": [{"Node Type": "Bitmap Heap Scan", "Parent Relationship": "Outer", "Parallel Aware": true, "Relation Name": "lineitem", "Alias": "lineitem", "Startup Cost": 33393.47, "Total Cost": 1413489.82, "Plan Rows": 743333, "Plan Width": 16, "Recheck Cond": "((l_shipdate >= '1993-08-01'::date) AND (l_shipdate < '1993-11-01 00:00:00'::timestamp without time zone))", "Plans": [{"Node Type": "Bitmap Index Scan", "Parent Relationship": "Outer", "Parallel Aware": false, "Index Name": "idx_lineitem_shipdate", "Startup Cost": 0.0, "Total Cost": 32817.39, "Plan Rows": 2304332, "Plan Width": 0, "Index Cond": "((l_shipdate >= '1993-08-01'::date) AND (l_shipdate < '1993-11-01 00:00:00'::timestamp without time zone))"}]}]}]}]}]}, {"Node Type": "Hash", "Parent Relationship": "Inner", "Parallel Aware": false, "Startup Cost": 3216.0, "Total Cost": 3216.0, "Plan Rows": 100000, "Plan Width": 71, "Plans": [{"Node Type": "Seq Scan", "Parent Relationship": "Outer", "Parallel Aware": false, "Relation Name": "supplier", "Alias": "supplier", "Startup Cost": 0.0, "Total Cost": 3216.0, "Plan Rows": 100000, "Plan Width": 71}]}]}]}]}}, {"Plan": {"Node Type": "Limit", "Parallel Aware": false, "Startup Cost": 2823240.22, "Total Cost": 2823240.22, "Plan Rows": 1, "Plan Width": 103, "Plans": [{"Node Type": "Aggregate", "Strategy": "Plain", "Partial Mode": "Simple", "Parent Relationship": "InitPlan", "Subplan Name": "InitPlan 1 (returns $1)", "Parallel Aware": false, "Startup Cost": 1408606.65, "Total Cost": 1408606.66, "Plan Rows": 1, "Plan Width": 32, "Plans": [{"Node Type": "Aggregate", "Strategy": "Sorted", "Partial Mode": "Finalize", "Parent Relationship": "Outer", "Parallel Aware": false, "Startup Cost": 1358174.72, "Total Cost": 1407359.98, "Plan Rows": 99734, "Plan Width": 36, "Group Key": ["lineitem_1.l_suppkey"], "Plans": [{"Node Type": "Gather Merge", "Parent Relationship": "Outer", "Parallel Aware": false, "Startup Cost": 1358174.72, "Total Cost": 1403869.29, "Plan Rows": 299202, "Plan Width": 36, "Workers Planned": 3, "Plans": [{"Node Type": "Aggregate", "Strategy": "Sorted", "Partial Mode": "Partial", "Parent Relationship": "Outer", "Parallel Aware": false, "Startup Cost": 1357174.68, "Total Cost": 1367713.01, "Plan Rows": 99734, "Plan Width": 36, "Group Key": ["lineitem_1.l_suppkey"], "Plans": [{"Node Type": "Sort", "Parent Relationship": "Outer", "Parallel Aware": false, "Startup Cost": 1357174.68, "Total Cost": 1359033.01, "Plan Rows": 743333, "Plan Width": 16, "Sort Key": ["lineitem_1.l_suppkey"], "Plans": [{"Node Type": "Index Scan", "Parent Relationship": "Outer", "Parallel Aware": true, "Scan Direction": "Forward", "Index Name": "idx_lineitem_shipdate", "Relation Name": "lineitem", "Alias": "lineitem_1", "Startup Cost": 0.56, "Total Cost": 1277244.65, "Plan Rows": 743333, "Plan Width": 16, "Index Cond": "((l_shipdate >= '1993-08-01'::date) AND (l_shipdate < '1993-11-01 00:00:00'::timestamp without time zone))"}]}]}]}]}]}, {"Node Type": "Sort", "Parent Relationship": "Outer", "Parallel Aware": false, "Startup Cost": 1414633.55, "Total Cost": 1414634.8, "Plan Rows": 499, "Plan Width": 103, "Sort Key": ["supplier.s_suppkey"], "Plans": [{"Node Type": "Hash Join", "Parent Relationship": "Outer", "Parallel Aware": false, "Join Type": "Inner", "Startup Cost": 1363444.81, "Total Cost": 1414631.06, "Plan Rows": 499, "Plan Width": 103, "Inner Unique": true, "Hash Cond": "(lineitem.l_suppkey = supplier.s_suppkey)", "Plans": [{"Node Type": "Aggregate", "Strategy": "Sorted", "Partial Mode": "Finalize", "Parent Relationship": "Outer", "Parallel Aware": false, "Startup Cost": 1358174.72, "Total Cost": 1409354.66, "Plan Rows": 499, "Plan Width": 36, "Group Key": ["lineitem.l_suppkey"], "Filter": "(sum((lineitem.l_extendedprice * ('1'::numeric - lineitem.l_discount))) = $1)", "Plans": [{"Node Type": "Gather Merge", "Parent Relationship": "Outer", "Parallel Aware": false, "Startup Cost": 1358174.72, "Total Cost": 1403869.29, "Plan Rows": 299202, "Plan Width": 36, "Workers Planned": 3, "Plans": [{"Node Type": "Aggregate", "Strategy": "Sorted", "Partial Mode": "Partial", "Parent Relationship": "Outer", "Parallel Aware": false, "Startup Cost": 1357174.68, "Total Cost": 1367713.01, "Plan Rows": 99734, "Plan Width": 36, "Group Key": ["lineitem.l_suppkey"], "Plans": [{"Node Type": "Sort", "Parent Relationship": "Outer", "Parallel Aware": false, "Startup Cost": 1357174.68, "Total Cost": 1359033.01, "Plan Rows": 743333, "Plan Width": 16, "Sort Key": ["lineitem.l_suppkey"], "Plans": [{"Node Type": "Index Scan", "Parent Relationship": "Outer", "Parallel Aware": true, "Scan Direction": "Forward", "Index Name": "idx_lineitem_shipdate", "Relation Name": "lineitem", "Alias": "lineitem", "Startup Cost": 0.56, "Total Cost": 1277244.65, "Plan Rows": 743333, "Plan Width": 16, "Index Cond": "((l_shipdate >= '1993-08-01'::date) AND (l_shipdate < '1993-11-01 00:00:00'::timestamp without time zone))"}]}]}]}]}, {"Node Type": "Hash", "Parent Relationship": "Inner", "Parallel Aware": false, "Startup Cost": 4020.1, "Total Cost": 4020.1, "Plan Rows": 100000, "Plan Width": 71, "Plans": [{"Node Type": "Index Scan", "Parent Relationship": "Outer", "Parallel Aware": false, "Scan Direction": "Forward", "Index Name": "supplier_pkey", "Relation Name": "supplier", "Alias": "supplier", "Startup Cost": 0.29, "Total Cost": 4020.1, "Plan Rows": 100000, "Plan Width": 71}]}]}]}]}}, {"Plan": {"Node Type": "Limit", "Parallel Aware": false, "Startup Cost": 2766781.67, "Total Cost": 2766892.82, "Plan Rows": 1, "Plan Width": 103, "Plans": [{"Node Type": "Aggregate", "Strategy": "Plain", "Partial Mode": "Simple", "Parent Relationship": "InitPlan", "Subplan Name": "InitPlan 1 (returns $1)", "Parallel Aware": false, "Startup Cost": 1408606.65, "Total Cost": 1408606.66, "Plan Rows": 1, "Plan Width": 32, "Plans": [{"Node Type": "Aggregate", "Strategy": "Sorted", "Partial Mode": "Finalize", "Parent Relationship": "Outer", "Parallel Aware": false, "Startup Cost": 1358174.72, "Total Cost": 1407359.98, "Plan Rows": 99734, "Plan Width": 36, "Group Key": ["lineitem_1.l_suppkey"], "Plans": [{"Node Type": "Gather Merge", "Parent Relationship": "Outer", "Parallel Aware": false, "Startup Cost": 1358174.72, "Total Cost": 1403869.29, "Plan Rows": 299202, "Plan Width": 36, "Workers Planned": 3, "Plans": [{"Node Type": "Aggregate", "Strategy": "Sorted", "Partial Mode": "Partial", "Parent Relationship": "Outer", "Parallel Aware": false, "Startup Cost": 1357174.68, "Total Cost": 1367713.01, "Plan Rows": 99734, "Plan Width": 36, "Group Key": ["lineitem_1.l_suppkey"], "Plans": [{"Node Type": "Sort", "Parent Relationship": "Outer", "Parallel Aware": false, "Startup Cost": 1357174.68, "Total Cost": 1359033.01, "Plan Rows": 743333, "Plan Width": 16, "Sort Key": ["lineitem_1.l_suppkey"], "Plans": [{"Node Type": "Index Scan", "Parent Relationship": "Outer", "Parallel Aware": true, "Scan Direction": "Forward", "Index Name": "idx_lineitem_shipdate", "Relation Name": "lineitem", "Alias": "lineitem_1", "Startup Cost": 0.56, "Total Cost": 1277244.65, "Plan Rows": 743333, "Plan Width": 16, "Index Cond": "((l_shipdate >= '1993-08-01'::date) AND (l_shipdate < '1993-11-01 00:00:00'::timestamp without time zone))"}]}]}]}]}]}, {"Node Type": "Merge Join", "Parent Relationship": "Outer", "Parallel Aware": false, "Join Type": "Inner", "Startup Cost": 1358175.01, "Total Cost": 1413635.98, "Plan Rows": 499, "Plan Width": 103, "Inner Unique": true, "Merge Cond": "(supplier.s_suppkey = lineitem.l_suppkey)", "Plans": [{"Node Type": "Index Scan", "Parent Relationship": "Outer", "Parallel Aware": false, "Scan Direction": "Forward", "Index Name": "supplier_pkey", "Relation Name": "supplier", "Alias": "supplier", "Startup Cost": 0.29, "Total Cost": 4020.1, "Plan Rows": 100000, "Plan Width": 71}, {"Node Type": "Aggregate", "Strategy": "Sorted", "Partial Mode": "Finalize", "Parent Relationship": "Inner", "Parallel Aware": false, "Startup Cost": 1358174.72, "Total Cost": 1409354.66, "Plan Rows": 499, "Plan Width": 36, "Group Key": ["lineitem.l_suppkey"], "Filter": "(sum((lineitem.l_extendedprice * ('1'::numeric - lineitem.l_discount))) = $1)", "Plans": [{"Node Type": "Gather Merge", "Parent Relationship": "Outer", "Parallel Aware": false, "Startup Cost": 1358174.72, "Total Cost": 1403869.29, "Plan Rows": 299202, "Plan Width": 36, "Workers Planned": 3, "Plans": [{"Node Type": "Aggregate", "Strategy": "Sorted", "Partial Mode": "Partial", "Parent Relationship": "Outer", "Parallel Aware": false, "Startup Cost": 1357174.68, "Total Cost": 1367713.01, "Plan Rows": 99734, "Plan Width": 36, "Group Key": ["lineitem.l_suppkey"], "Plans": [{"Node Type": "Sort", "Parent Relationship": "Outer", "Parallel Aware": false, "Startup Cost": 1357174.68, "Total Cost": 1359033.01, "Plan Rows": 743333, "Plan Width": 16, "Sort Key": ["lineitem.l_suppkey"], "Plans": [{"Node Type": "Index Scan", "Parent Relationship": "Outer", "Parallel Aware": true, "Scan Direction": "Forward", "Index Name": "idx_lineitem_shipdate", "Relation Name": "lineitem", "Alias": "lineitem", "Startup Cost": 0.56, "Total Cost": 1277244.65, "Plan Rows": 743333, "Plan Width": 16, "Index Cond": "((l_shipdate >= '1993-08-01'::date) AND (l_shipdate < '1993-11-01 00:00:00'::timestamp without time zone))"}]}]}]}]}]}]}}, {"Plan": {"Node Type": "Limit", "Parallel Aware": false, "Startup Cost": 2766781.67, "Total Cost": 2766886.13, "Plan Rows": 1, "Plan Width": 103, "Plans": [{"Node Type": "Aggregate", "Strategy": "Plain", "Partial Mode": "Simple", "Parent Relationship": "InitPlan", "Subplan Name": "InitPlan 1 (returns $1)", "Parallel Aware": false, "Startup Cost": 1408606.65, "Total Cost": 1408606.66, "Plan Rows": 1, "Plan Width": 32, "Plans": [{"Node Type": "Aggregate", "Strategy": "Sorted", "Partial Mode": "Finalize", "Parent Relationship": "Outer", "Parallel Aware": false, "Startup Cost": 1358174.72, "Total Cost": 1407359.98, "Plan Rows": 99734, "Plan Width": 36, "Group Key": ["lineitem_1.l_suppkey"], "Plans": [{"Node Type": "Gather Merge", "Parent Relationship": "Outer", "Parallel Aware": false, "Startup Cost": 1358174.72, "Total Cost": 1403869.29, "Plan Rows": 299202, "Plan Width": 36, "Workers Planned": 3, "Plans": [{"Node Type": "Aggregate", "Strategy": "Sorted", "Partial Mode": "Partial", "Parent Relationship": "Outer", "Parallel Aware": false, "Startup Cost": 1357174.68, "Total Cost": 1367713.01, "Plan Rows": 99734, "Plan Width": 36, "Group Key": ["lineitem_1.l_suppkey"], "Plans": [{"Node Type": "Sort", "Parent Relationship": "Outer", "Parallel Aware": false, "Startup Cost": 1357174.68, "Total Cost": 1359033.01, "Plan Rows": 743333, "Plan Width": 16, "Sort Key": ["lineitem_1.l_suppkey"], "Plans": [{"Node Type": "Index Scan", "Parent Relationship": "Outer", "Parallel Aware": true, "Scan Direction": "Forward", "Index Name": "idx_lineitem_shipdate", "Relation Name": "lineitem", "Alias": "lineitem_1", "Startup Cost": 0.56, "Total Cost": 1277244.65, "Plan Rows": 743333, "Plan Width": 16, "Index Cond": "((l_shipdate >= '1993-08-01'::date) AND (l_shipdate < '1993-11-01 00:00:00'::timestamp without time zone))"}]}]}]}]}]}, {"Node Type": "Nested Loop", "Parent Relationship": "Outer", "Parallel Aware": false, "Join Type": "Inner", "Startup Cost": 1358175.01, "Total Cost": 1410297.54, "Plan Rows": 499, "Plan Width": 103, "Inner Unique": true, "Plans": [{"Node Type": "Aggregate", "Strategy": "Sorted", "Partial Mode": "Finalize", "Parent Relationship": "Outer", "Parallel Aware": false, "Startup Cost": 1358174.72, "Total Cost": 1409354.66, "Plan Rows": 499, "Plan Width": 36, "Group Key": ["lineitem.l_suppkey"], "Filter": "(sum((lineitem.l_extendedprice * ('1'::numeric - lineitem.l_discount))) = $1)", "Plans": [{"Node Type": "Gather Merge", "Parent Relationship": "Outer", "Parallel Aware": false, "Startup Cost": 1358174.72, "Total Cost": 1403869.29, "Plan Rows": 299202, "Plan Width": 36, "Workers Planned": 3, "Plans": [{"Node Type": "Aggregate", "Strategy": "Sorted", "Partial Mode": "Partial", "Parent Relationship": "Outer", "Parallel Aware": false, "Startup Cost": 1357174.68, "Total Cost": 1367713.01, "Plan Rows": 99734, "Plan Width": 36, "Group Key": ["lineitem.l_suppkey"], "Plans": [{"Node Type": "Sort", "Parent Relationship": "Outer", "Parallel Aware": false, "Startup Cost": 1357174.68, "Total Cost": 1359033.01, "Plan Rows": 743333, "Plan Width": 16, "Sort Key": ["lineitem.l_suppkey"], "Plans": [{"Node Type": "Index Scan", "Parent Relationship": "Outer", "Parallel Aware": true, "Scan Direction": "Forward", "Index Name": "idx_lineitem_shipdate", "Relation Name": "lineitem", "Alias": "lineitem", "Startup Cost": 0.56, "Total Cost": 1277244.65, "Plan Rows": 743333, "Plan Width": 16, "Index Cond": "((l_shipdate >= '1993-08-01'::date) AND (l_shipdate < '1993-11-01 00:00:00'::timestamp without time zone))"}]}]}]}]}, {"Node Type": "Index Scan", "Parent Relationship": "Inner", "Parallel Aware": false, "Scan Direction": "Forward", "Index Name": "supplier_pkey", "Relation Name": "supplier", "Alias": "supplier", "Startup Cost": 0.29, "Total Cost": 1.88, "Plan Rows": 1, "Plan Width": 71, "Index Cond": "(s_suppkey = lineitem.l_suppkey)"}]}]}}, {"Plan": {"Node Type": "Limit", "Parallel Aware": false, "Startup Cost": 2766781.67, "Total Cost": 2766886.13, "Plan Rows": 1, "Plan Width": 103, "Plans": [{"Node Type": "Aggregate", "Strategy": "Plain", "Partial Mode": "Simple", "Parent Relationship": "InitPlan", "Subplan Name": "InitPlan 1 (returns $1)", "Parallel Aware": false, "Startup Cost": 1408606.65, "Total Cost": 1408606.66, "Plan Rows": 1, "Plan Width": 32, "Plans": [{"Node Type": "Aggregate", "Strategy": "Sorted", "Partial Mode": "Finalize", "Parent Relationship": "Outer", "Parallel Aware": false, "Startup Cost": 1358174.72, "Total Cost": 1407359.98, "Plan Rows": 99734, "Plan Width": 36, "Group Key": ["lineitem_1.l_suppkey"], "Plans": [{"Node Type": "Gather Merge", "Parent Relationship": "Outer", "Parallel Aware": false, "Startup Cost": 1358174.72, "Total Cost": 1403869.29, "Plan Rows": 299202, "Plan Width": 36, "Workers Planned": 3, "Plans": [{"Node Type": "Aggregate", "Strategy": "Sorted", "Partial Mode": "Partial", "Parent Relationship": "Outer", "Parallel Aware": false, "Startup Cost": 1357174.68, "Total Cost": 1367713.01, "Plan Rows": 99734, "Plan Width": 36, "Group Key": ["lineitem_1.l_suppkey"], "Plans": [{"Node Type": "Sort", "Parent Relationship": "Outer", "Parallel Aware": false, "Startup Cost": 1357174.68, "Total Cost": 1359033.01, "Plan Rows": 743333, "Plan Width": 16, "Sort Key": ["lineitem_1.l_suppkey"], "Plans": [{"Node Type": "Index Scan", "Parent Relationship": "Outer", "Parallel Aware": true, "Scan Direction": "Forward", "Index Name": "idx_lineitem_shipdate", "Relation Name": "lineitem", "Alias": "lineitem_1", "Startup Cost": 0.56, "Total Cost": 1277244.65, "Plan Rows": 743333, "Plan Width": 16, "Index Cond": "((l_shipdate >= '1993-08-01'::date) AND (l_shipdate < '1993-11-01 00:00:00'::timestamp without time zone))"}]}]}]}]}]}, {"Node Type": "Nested Loop", "Parent Relationship": "Outer", "Parallel Aware": false, "Join Type": "Inner", "Startup Cost": 1358175.01, "Total Cost": 1410297.54, "Plan Rows": 499, "Plan Width": 103, "Inner Unique": true, "Plans": [{"Node Type": "Aggregate", "Strategy": "Sorted", "Partial Mode": "Finalize", "Parent Relationship": "Outer", "Parallel Aware": false, "Startup Cost": 1358174.72, "Total Cost": 1409354.66, "Plan Rows": 499, "Plan Width": 36, "Group Key": ["lineitem.l_suppkey"], "Filter": "(sum((lineitem.l_extendedprice * ('1'::numeric - lineitem.l_discount))) = $1)", "Plans": [{"Node Type": "Gather Merge", "Parent Relationship": "Outer", "Parallel Aware": false, "Startup Cost": 1358174.72, "Total Cost": 1403869.29, "Plan Rows": 299202, "Plan Width": 36, "Workers Planned": 3, "Plans": [{"Node Type": "Aggregate", "Strategy": "Sorted", "Partial Mode": "Partial", "Parent Relationship": "Outer", "Parallel Aware": false, "Startup Cost": 1357174.68, "Total Cost": 1367713.01, "Plan Rows": 99734, "Plan Width": 36, "Group Key": ["lineitem.l_suppkey"], "Plans": [{"Node Type": "Sort", "Parent Relationship": "Outer", "Parallel Aware": false, "Startup Cost": 1357174.68, "Total Cost": 1359033.01, "Plan Rows": 743333, "Plan Width": 16, "Sort Key": ["lineitem.l_suppkey"], "Plans": [{"Node Type": "Index Scan", "Parent Relationship": "Outer", "Parallel Aware": true, "Scan Direction": "Forward", "Index Name": "idx_lineitem_shipdate", "Relation Name": "lineitem", "Alias": "lineitem", "Startup Cost": 0.56, "Total Cost": 1277244.65, "Plan Rows": 743333, "Plan Width": 16, "Index Cond": "((l_shipdate >= '1993-08-01'::date) AND (l_shipdate < '1993-11-01 00:00:00'::timestamp without time zone))"}]}]}]}]}, {"Node Type": "Index Scan", "Parent Relationship": "Inner", "Parallel Aware": false, "Scan Direction": "Forward", "Index Name": "supplier_pkey", "Relation Name": "supplier", "Alias": "supplier", "Startup Cost": 0.29, "Total Cost": 1.88, "Plan Rows": 1, "Plan Width": 71, "Index Cond": "(s_suppkey = lineitem.l_suppkey)"}]}]}}, {"Plan": {"Node Type": "Limit", "Parallel Aware": false, "Startup Cost": 2766781.67, "Total Cost": 2766892.82, "Plan Rows": 1, "Plan Width": 103, "Plans": [{"Node Type": "Aggregate", "Strategy": "Plain", "Partial Mode": "Simple", "Parent Relationship": "InitPlan", "Subplan Name": "InitPlan 1 (returns $1)", "Parallel Aware": false, "Startup Cost": 1408606.65, "Total Cost": 1408606.66, "Plan Rows": 1, "Plan Width": 32, "Plans": [{"Node Type": "Aggregate", "Strategy": "Sorted", "Partial Mode": "Finalize", "Parent Relationship": "Outer", "Parallel Aware": false, "Startup Cost": 1358174.72, "Total Cost": 1407359.98, "Plan Rows": 99734, "Plan Width": 36, "Group Key": ["lineitem_1.l_suppkey"], "Plans": [{"Node Type": "Gather Merge", "Parent Relationship": "Outer", "Parallel Aware": false, "Startup Cost": 1358174.72, "Total Cost": 1403869.29, "Plan Rows": 299202, "Plan Width": 36, "Workers Planned": 3, "Plans": [{"Node Type": "Aggregate", "Strategy": "Sorted", "Partial Mode": "Partial", "Parent Relationship": "Outer", "Parallel Aware": false, "Startup Cost": 1357174.68, "Total Cost": 1367713.01, "Plan Rows": 99734, "Plan Width": 36, "Group Key": ["lineitem_1.l_suppkey"], "Plans": [{"Node Type": "Sort", "Parent Relationship": "Outer", "Parallel Aware": false, "Startup Cost": 1357174.68, "Total Cost": 1359033.01, "Plan Rows": 743333, "Plan Width": 16, "Sort Key": ["lineitem_1.l_suppkey"], "Plans": [{"Node Type": "Index Scan", "Parent Relationship": "Outer", "Parallel Aware": true, "Scan Direction": "Forward", "Index Name": "idx_lineitem_shipdate", "Relation Name": "lineitem", "Alias": "lineitem_1", "Startup Cost": 0.56, "Total Cost": 1277244.65, "Plan Rows": 743333, "Plan Width": 16, "Index Cond": "((l_shipdate >= '1993-08-01'::date) AND (l_shipdate < '1993-11-01 00:00:00'::timestamp without time zone))"}]}]}]}]}]}, {"Node Type": "Merge Join", "Parent Relationship": "Outer", "Parallel Aware": false, "Join Type": "Inner", "Startup Cost": 1358175.01, "Total Cost": 1413635.98, "Plan Rows": 499, "Plan Width": 103, "Inner Unique": true, "Merge Cond": "(supplier.s_suppkey = lineitem.l_suppkey)", "Plans": [{"Node Type": "Index Scan", "Parent Relationship": "Outer", "Parallel Aware": false, "Scan Direction": "Forward", "Index Name": "supplier_pkey", "Relation Name": "supplier", "Alias": "supplier", "Startup Cost": 0.29, "Total Cost": 4020.1, "Plan Rows": 100000, "Plan Width": 71}, {"Node Type": "Aggregate", "Strategy": "Sorted", "Partial Mode": "Finalize", "Parent Relationship": "Inner", "Parallel Aware": false, "Startup Cost": 1358174.72, "Total Cost": 1409354.66, "Plan Rows": 499, "Plan Width": 36, "Group Key": ["lineitem.l_suppkey"], "Filter": "(sum((lineitem.l_extendedprice * ('1'::numeric - lineitem.l_discount))) = $1)", "Plans": [{"Node Type": "Gather Merge", "Parent Relationship": "Outer", "Parallel Aware": false, "Startup Cost": 1358174.72, "Total Cost": 1403869.29, "Plan Rows": 299202, "Plan Width": 36, "Workers Planned": 3, "Plans": [{"Node Type": "Aggregate", "Strategy": "Sorted", "Partial Mode": "Partial", "Parent Relationship": "Outer", "Parallel Aware": false, "Startup Cost": 1357174.68, "Total Cost": 1367713.01, "Plan Rows": 99734, "Plan Width": 36, "Group Key": ["lineitem.l_suppkey"], "Plans": [{"Node Type": "Sort", "Parent Relationship": "Outer", "Parallel Aware": false, "Startup Cost": 1357174.68, "Total Cost": 1359033.01, "Plan Rows": 743333, "Plan Width": 16, "Sort Key": ["lineitem.l_suppkey"], "Plans": [{"Node Type": "Index Scan", "Parent Relationship": "Outer", "Parallel Aware": true, "Scan Direction": "Forward", "Index Name": "idx_lineitem_shipdate", "Relation Name": "lineitem", "Alias": "lineitem", "Startup Cost": 0.56, "Total Cost": 1277244.65, "Plan Rows": 743333, "Plan Width": 16, "Index Cond": "((l_shipdate >= '1993-08-01'::date) AND (l_shipdate < '1993-11-01 00:00:00'::timestamp without time zone))"}]}]}]}]}]}]}}, {"Plan": {"Node Type": "Limit", "Parallel Aware": false, "Startup Cost": 2766781.67, "Total Cost": 2766886.13, "Plan Rows": 1, "Plan Width": 103, "Plans": [{"Node Type": "Aggregate", "Strategy": "Plain", "Partial Mode": "Simple", "Parent Relationship": "InitPlan", "Subplan Name": "InitPlan 1 (returns $1)", "Parallel Aware": false, "Startup Cost": 1408606.65, "Total Cost": 1408606.66, "Plan Rows": 1, "Plan Width": 32, "Plans": [{"Node Type": "Aggregate", "Strategy": "Sorted", "Partial Mode": "Finalize", "Parent Relationship": "Outer", "Parallel Aware": false, "Startup Cost": 1358174.72, "Total Cost": 1407359.98, "Plan Rows": 99734, "Plan Width": 36, "Group Key": ["lineitem_1.l_suppkey"], "Plans": [{"Node Type": "Gather Merge", "Parent Relationship": "Outer", "Parallel Aware": false, "Startup Cost": 1358174.72, "Total Cost": 1403869.29, "Plan Rows": 299202, "Plan Width": 36, "Workers Planned": 3, "Plans": [{"Node Type": "Aggregate", "Strategy": "Sorted", "Partial Mode": "Partial", "Parent Relationship": "Outer", "Parallel Aware": false, "Startup Cost": 1357174.68, "Total Cost": 1367713.01, "Plan Rows": 99734, "Plan Width": 36, "Group Key": ["lineitem_1.l_suppkey"], "Plans": [{"Node Type": "Sort", "Parent Relationship": "Outer", "Parallel Aware": false, "Startup Cost": 1357174.68, "Total Cost": 1359033.01, "Plan Rows": 743333, "Plan Width": 16, "Sort Key": ["lineitem_1.l_suppkey"], "Plans": [{"Node Type": "Index Scan", "Parent Relationship": "Outer", "Parallel Aware": true, "Scan Direction": "Forward", "Index Name": "idx_lineitem_shipdate", "Relation Name": "lineitem", "Alias": "lineitem_1", "Startup Cost": 0.56, "Total Cost": 1277244.65, "Plan Rows": 743333, "Plan Width": 16, "Index Cond": "((l_shipdate >= '1993-08-01'::date) AND (l_shipdate < '1993-11-01 00:00:00'::timestamp without time zone))"}]}]}]}]}]}, {"Node Type": "Nested Loop", "Parent Relationship": "Outer", "Parallel Aware": false, "Join Type": "Inner", "Startup Cost": 1358175.01, "Total Cost": 1410297.54, "Plan Rows": 499, "Plan Width": 103, "Inner Unique": true, "Plans": [{"Node Type": "Aggregate", "Strategy": "Sorted", "Partial Mode": "Finalize", "Parent Relationship": "Outer", "Parallel Aware": false, "Startup Cost": 1358174.72, "Total Cost": 1409354.66, "Plan Rows": 499, "Plan Width": 36, "Group Key": ["lineitem.l_suppkey"], "Filter": "(sum((lineitem.l_extendedprice * ('1'::numeric - lineitem.l_discount))) = $1)", "Plans": [{"Node Type": "Gather Merge", "Parent Relationship": "Outer", "Parallel Aware": false, "Startup Cost": 1358174.72, "Total Cost": 1403869.29, "Plan Rows": 299202, "Plan Width": 36, "Workers Planned": 3, "Plans": [{"Node Type": "Aggregate", "Strategy": "Sorted", "Partial Mode": "Partial", "Parent Relationship": "Outer", "Parallel Aware": false, "Startup Cost": 1357174.68, "Total Cost": 1367713.01, "Plan Rows": 99734, "Plan Width": 36, "Group Key": ["lineitem.l_suppkey"], "Plans": [{"Node Type": "Sort", "Parent Relationship": "Outer", "Parallel Aware": false, "Startup Cost": 1357174.68, "Total Cost": 1359033.01, "Plan Rows": 743333, "Plan Width": 16, "Sort Key": ["lineitem.l_suppkey"], "Plans": [{"Node Type": "Index Scan", "Parent Relationship": "Outer", "Parallel Aware": true, "Scan Direction": "Forward", "Index Name": "idx_lineitem_shipdate", "Relation Name": "lineitem", "Alias": "lineitem", "Startup Cost": 0.56, "Total Cost": 1277244.65, "Plan Rows": 743333, "Plan Width": 16, "Index Cond": "((l_shipdate >= '1993-08-01'::date) AND (l_shipdate < '1993-11-01 00:00:00'::timestamp without time zone))"}]}]}]}]}, {"Node Type": "Index Scan", "Parent Relationship": "Inner", "Parallel Aware": false, "Scan Direction": "Forward", "Index Name": "supplier_pkey", "Relation Name": "supplier", "Alias": "supplier", "Startup Cost": 0.29, "Total Cost": 1.88, "Plan Rows": 1, "Plan Width": 71, "Index Cond": "(s_suppkey = lineitem.l_suppkey)"}]}]}}, {"Plan": {"Node Type": "Limit", "Parallel Aware": false, "Startup Cost": 2766781.67, "Total Cost": 2766886.13, "Plan Rows": 1, "Plan Width": 103, "Plans": [{"Node Type": "Aggregate", "Strategy": "Plain", "Partial Mode": "Simple", "Parent Relationship": "InitPlan", "Subplan Name": "InitPlan 1 (returns $1)", "Parallel Aware": false, "Startup Cost": 1408606.65, "Total Cost": 1408606.66, "Plan Rows": 1, "Plan Width": 32, "Plans": [{"Node Type": "Aggregate", "Strategy": "Sorted", "Partial Mode": "Finalize", "Parent Relationship": "Outer", "Parallel Aware": false, "Startup Cost": 1358174.72, "Total Cost": 1407359.98, "Plan Rows": 99734, "Plan Width": 36, "Group Key": ["lineitem_1.l_suppkey"], "Plans": [{"Node Type": "Gather Merge", "Parent Relationship": "Outer", "Parallel Aware": false, "Startup Cost": 1358174.72, "Total Cost": 1403869.29, "Plan Rows": 299202, "Plan Width": 36, "Workers Planned": 3, "Plans": [{"Node Type": "Aggregate", "Strategy": "Sorted", "Partial Mode": "Partial", "Parent Relationship": "Outer", "Parallel Aware": false, "Startup Cost": 1357174.68, "Total Cost": 1367713.01, "Plan Rows": 99734, "Plan Width": 36, "Group Key": ["lineitem_1.l_suppkey"], "Plans": [{"Node Type": "Sort", "Parent Relationship": "Outer", "Parallel Aware": false, "Startup Cost": 1357174.68, "Total Cost": 1359033.01, "Plan Rows": 743333, "Plan Width": 16, "Sort Key": ["lineitem_1.l_suppkey"], "Plans": [{"Node Type": "Index Scan", "Parent Relationship": "Outer", "Parallel Aware": true, "Scan Direction": "Forward", "Index Name": "idx_lineitem_shipdate", "Relation Name": "lineitem", "Alias": "lineitem_1", "Startup Cost": 0.56, "Total Cost": 1277244.65, "Plan Rows": 743333, "Plan Width": 16, "Index Cond": "((l_shipdate >= '1993-08-01'::date) AND (l_shipdate < '1993-11-01 00:00:00'::timestamp without time zone))"}]}]}]}]}]}, {"Node Type": "Nested Loop", "Parent Relationship": "Outer", "Parallel Aware": false, "Join Type": "Inner", "Startup Cost": 1358175.01, "Total Cost": 1410297.54, "Plan Rows": 499, "Plan Width": 103, "Inner Unique": true, "Plans": [{"Node Type": "Aggregate", "Strategy": "Sorted", "Partial Mode": "Finalize", "Parent Relationship": "Outer", "Parallel Aware": false, "Startup Cost": 1358174.72, "Total Cost": 1409354.66, "Plan Rows": 499, "Plan Width": 36, "Group Key": ["lineitem.l_suppkey"], "Filter": "(sum((lineitem.l_extendedprice * ('1'::numeric - lineitem.l_discount))) = $1)", "Plans": [{"Node Type": "Gather Merge", "Parent Relationship": "Outer", "Parallel Aware": false, "Startup Cost": 1358174.72, "Total Cost": 1403869.29, "Plan Rows": 299202, "Plan Width": 36, "Workers Planned": 3, "Plans": [{"Node Type": "Aggregate", "Strategy": "Sorted", "Partial Mode": "Partial", "Parent Relationship": "Outer", "Parallel Aware": false, "Startup Cost": 1357174.68, "Total Cost": 1367713.01, "Plan Rows": 99734, "Plan Width": 36, "Group Key": ["lineitem.l_suppkey"], "Plans": [{"Node Type": "Sort", "Parent Relationship": "Outer", "Parallel Aware": false, "Startup Cost": 1357174.68, "Total Cost": 1359033.01, "Plan Rows": 743333, "Plan Width": 16, "Sort Key": ["lineitem.l_suppkey"], "Plans": [{"Node Type": "Index Scan", "Parent Relationship": "Outer", "Parallel Aware": true, "Scan Direction": "Forward", "Index Name": "idx_lineitem_shipdate", "Relation Name": "lineitem", "Alias": "lineitem", "Startup Cost": 0.56, "Total Cost": 1277244.65, "Plan Rows": 743333, "Plan Width": 16, "Index Cond": "((l_shipdate >= '1993-08-01'::date) AND (l_shipdate < '1993-11-01 00:00:00'::timestamp without time zone))"}]}]}]}]}, {"Node Type": "Index Scan", "Parent Relationship": "Inner", "Parallel Aware": false, "Scan Direction": "Forward", "Index Name": "supplier_pkey", "Relation Name": "supplier", "Alias": "supplier", "Startup Cost": 0.29, "Total Cost": 1.88, "Plan Rows": 1, "Plan Width": 71, "Index Cond": "(s_suppkey = lineitem.l_suppkey)"}]}]}}, {"Plan": {"Node Type": "Limit", "Parallel Aware": false, "Startup Cost": 2822436.12, "Total Cost": 2822436.12, "Plan Rows": 1, "Plan Width": 103, "Plans": [{"Node Type": "Aggregate", "Strategy": "Plain", "Partial Mode": "Simple", "Parent Relationship": "InitPlan", "Subplan Name": "InitPlan 1 (returns $1)", "Parallel Aware": false, "Startup Cost": 1408606.65, "Total Cost": 1408606.66, "Plan Rows": 1, "Plan Width": 32, "Plans": [{"Node Type": "Aggregate", "Strategy": "Sorted", "Partial Mode": "Finalize", "Parent Relationship": "Outer", "Parallel Aware": false, "Startup Cost": 1358174.72, "Total Cost": 1407359.98, "Plan Rows": 99734, "Plan Width": 36, "Group Key": ["lineitem_1.l_suppkey"], "Plans": [{"Node Type": "Gather Merge", "Parent Relationship": "Outer", "Parallel Aware": false, "Startup Cost": 1358174.72, "Total Cost": 1403869.29, "Plan Rows": 299202, "Plan Width": 36, "Workers Planned": 3, "Plans": [{"Node Type": "Aggregate", "Strategy": "Sorted", "Partial Mode": "Partial", "Parent Relationship": "Outer", "Parallel Aware": false, "Startup Cost": 1357174.68, "Total Cost": 1367713.01, "Plan Rows": 99734, "Plan Width": 36, "Group Key": ["lineitem_1.l_suppkey"], "Plans": [{"Node Type": "Sort", "Parent Relationship": "Outer", "Parallel Aware": false, "Startup Cost": 1357174.68, "Total Cost": 1359033.01, "Plan Rows": 743333, "Plan Width": 16, "Sort Key": ["lineitem_1.l_suppkey"], "Plans": [{"Node Type": "Index Scan", "Parent Relationship": "Outer", "Parallel Aware": true, "Scan Direction": "Forward", "Index Name": "idx_lineitem_shipdate", "Relation Name": "lineitem", "Alias": "lineitem_1", "Startup Cost": 0.56, "Total Cost": 1277244.65, "Plan Rows": 743333, "Plan Width": 16, "Index Cond": "((l_shipdate >= '1993-08-01'::date) AND (l_shipdate < '1993-11-01 00:00:00'::timestamp without time zone))"}]}]}]}]}]}, {"Node Type": "Sort", "Parent Relationship": "Outer", "Parallel Aware": false, "Startup Cost": 1413829.45, "Total Cost": 1413830.7, "Plan Rows": 499, "Plan Width": 103, "Sort Key": ["supplier.s_suppkey"], "Plans": [{"Node Type": "Hash Join", "Parent Relationship": "Outer", "Parallel Aware": false, "Join Type": "Inner", "Startup Cost": 1362640.72, "Total Cost": 1413826.96, "Plan Rows": 499, "Plan Width": 103, "Inner Unique": true, "Hash Cond": "(lineitem.l_suppkey = supplier.s_suppkey)", "Plans": [{"Node Type": "Aggregate", "Strategy": "Sorted", "Partial Mode": "Finalize", "Parent Relationship": "Outer", "Parallel Aware": false, "Startup Cost": 1358174.72, "Total Cost": 1409354.66, "Plan Rows": 499, "Plan Width": 36, "Group Key": ["lineitem.l_suppkey"], "Filter": "(sum((lineitem.l_extendedprice * ('1'::numeric - lineitem.l_discount))) = $1)", "Plans": [{"Node Type": "Gather Merge", "Parent Relationship": "Outer", "Parallel Aware": false, "Startup Cost": 1358174.72, "Total Cost": 1403869.29, "Plan Rows": 299202, "Plan Width": 36, "Workers Planned": 3, "Plans": [{"Node Type": "Aggregate", "Strategy": "Sorted", "Partial Mode": "Partial", "Parent Relationship": "Outer", "Parallel Aware": false, "Startup Cost": 1357174.68, "Total Cost": 1367713.01, "Plan Rows": 99734, "Plan Width": 36, "Group Key": ["lineitem.l_suppkey"], "Plans": [{"Node Type": "Sort", "Parent Relationship": "Outer", "Parallel Aware": false, "Startup Cost": 1357174.68, "Total Cost": 1359033.01, "Plan Rows": 743333, "Plan Width": 16, "Sort Key": ["lineitem.l_suppkey"], "Plans": [{"Node Type": "Index Scan", "Parent Relationship": "Outer", "Parallel Aware": true, "Scan Direction": "Forward", "Index Name": "idx_lineitem_shipdate", "Relation Name": "lineitem", "Alias": "lineitem", "Startup Cost": 0.56, "Total Cost": 1277244.65, "Plan Rows": 743333, "Plan Width": 16, "Index Cond": "((l_shipdate >= '1993-08-01'::date) AND (l_shipdate < '1993-11-01 00:00:00'::timestamp without time zone))"}]}]}]}]}, {"Node Type": "Hash", "Parent Relationship": "Inner", "Parallel Aware": false, "Startup Cost": 3216.0, "Total Cost": 3216.0, "Plan Rows": 100000, "Plan Width": 71, "Plans": [{"Node Type": "Seq Scan", "Parent Relationship": "Outer", "Parallel Aware": false, "Relation Name": "supplier", "Alias": "supplier", "Startup Cost": 0.0, "Total Cost": 3216.0, "Plan Rows": 100000, "Plan Width": 71}]}]}]}]}}, {"Plan": {"Node Type": "Limit", "Parallel Aware": false, "Startup Cost": 3039272.61, "Total Cost": 3039377.17, "Plan Rows": 1, "Plan Width": 103, "Plans": [{"Node Type": "Aggregate", "Strategy": "Plain", "Partial Mode": "Simple", "Parent Relationship": "InitPlan", "Subplan Name": "InitPlan 1 (returns $1)", "Parallel Aware": false, "Startup Cost": 1544851.83, "Total Cost": 1544851.84, "Plan Rows": 1, "Plan Width": 32, "Plans": [{"Node Type": "Aggregate", "Strategy": "Sorted", "Partial Mode": "Finalize", "Parent Relationship": "Outer", "Parallel Aware": false, "Startup Cost": 1494419.89, "Total Cost": 1543605.15, "Plan Rows": 99734, "Plan Width": 36, "Group Key": ["lineitem_1.l_suppkey"], "Plans": [{"Node Type": "Gather Merge", "Parent Relationship": "Outer", "Parallel Aware": false, "Startup Cost": 1494419.89, "Total Cost": 1540114.46, "Plan Rows": 299202, "Plan Width": 36, "Workers Planned": 3, "Plans": [{"Node Type": "Aggregate", "Strategy": "Sorted", "Partial Mode": "Partial", "Parent Relationship": "Outer", "Parallel Aware": false, "Startup Cost": 1493419.85, "Total Cost": 1503958.19, "Plan Rows": 99734, "Plan Width": 36, "Group Key": ["lineitem_1.l_suppkey"], "Plans": [{"Node Type": "Sort", "Parent Relationship": "Outer", "Parallel Aware": false, "Startup Cost": 1493419.85, "Total Cost": 1495278.18, "Plan Rows": 743333, "Plan Width": 16, "Sort Key": ["lineitem_1.l_suppkey"], "Plans": [{"Node Type": "Bitmap Heap Scan", "Parent Relationship": "Outer", "Parallel Aware": true, "Relation Name": "lineitem", "Alias": "lineitem_1", "Startup Cost": 33393.47, "Total Cost": 1413489.82, "Plan Rows": 743333, "Plan Width": 16, "Recheck Cond": "((l_shipdate >= '1993-08-01'::date) AND (l_shipdate < '1993-11-01 00:00:00'::timestamp without time zone))", "Plans": [{"Node Type": "Bitmap Index Scan", "Parent Relationship": "Outer", "Parallel Aware": false, "Index Name": "idx_lineitem_shipdate", "Startup Cost": 0.0, "Total Cost": 32817.39, "Plan Rows": 2304332, "Plan Width": 0, "Index Cond": "((l_shipdate >= '1993-08-01'::date) AND (l_shipdate < '1993-11-01 00:00:00'::timestamp without time zone))"}]}]}]}]}]}]}, {"Node Type": "Nested Loop", "Parent Relationship": "Outer", "Parallel Aware": false, "Join Type": "Inner", "Startup Cost": 1494420.77, "Total Cost": 1546599.08, "Plan Rows": 499, "Plan Width": 103, "Inner Unique": true, "Plans": [{"Node Type": "Aggregate", "Strategy": "Sorted", "Partial Mode": "Finalize", "Parent Relationship": "Outer", "Parallel Aware": false, "Startup Cost": 1494419.89, "Total Cost": 1545599.83, "Plan Rows": 499, "Plan Width": 36, "Group Key": ["lineitem.l_suppkey"], "Filter": "(sum((lineitem.l_extendedprice * ('1'::numeric - lineitem.l_discount))) = $1)", "Plans": [{"Node Type": "Gather Merge", "Parent Relationship": "Outer", "Parallel Aware": false, "Startup Cost": 1494419.89, "Total Cost": 1540114.46, "Plan Rows": 299202, "Plan Width": 36, "Workers Planned": 3, "Plans": [{"Node Type": "Aggregate", "Strategy": "Sorted", "Partial Mode": "Partial", "Parent Relationship": "Outer", "Parallel Aware": false, "Startup Cost": 1493419.85, "Total Cost": 1503958.19, "Plan Rows": 99734, "Plan Width": 36, "Group Key": ["lineitem.l_suppkey"], "Plans": [{"Node Type": "Sort", "Parent Relationship": "Outer", "Parallel Aware": false, "Startup Cost": 1493419.85, "Total Cost": 1495278.18, "Plan Rows": 743333, "Plan Width": 16, "Sort Key": ["lineitem.l_suppkey"], "Plans": [{"Node Type": "Bitmap Heap Scan", "Parent Relationship": "Outer", "Parallel Aware": true, "Relation Name": "lineitem", "Alias": "lineitem", "Startup Cost": 33393.47, "Total Cost": 1413489.82, "Plan Rows": 743333, "Plan Width": 16, "Recheck Cond": "((l_shipdate >= '1993-08-01'::date) AND (l_shipdate < '1993-11-01 00:00:00'::timestamp without time zone))", "Plans": [{"Node Type": "Bitmap Index Scan", "Parent Relationship": "Outer", "Parallel Aware": false, "Index Name": "idx_lineitem_shipdate", "Startup Cost": 0.0, "Total Cost": 32817.39, "Plan Rows": 2304332, "Plan Width": 0, "Index Cond": "((l_shipdate >= '1993-08-01'::date) AND (l_shipdate < '1993-11-01 00:00:00'::timestamp without time zone))"}]}]}]}]}]}, {"Node Type": "Bitmap Heap Scan", "Parent Relationship": "Inner", "Parallel Aware": false, "Relation Name": "supplier", "Alias": "supplier", "Startup Cost": 0.88, "Total Cost": 1.99, "Plan Rows": 1, "Plan Width": 71, "Recheck Cond": "(s_suppkey = lineitem.l_suppkey)", "Plans": [{"Node Type": "Bitmap Index Scan", "Parent Relationship": "Outer", "Parallel Aware": false, "Index Name": "supplier_pkey", "Startup Cost": 0.0, "Total Cost": 0.88, "Plan Rows": 1, "Plan Width": 0, "Index Cond": "(s_suppkey = lineitem.l_suppkey)"}]}]}]}}, {"Plan": {"Node Type": "Limit", "Parallel Aware": false, "Startup Cost": 3050792.55, "Total Cost": 3050896.14, "Plan Rows": 1, "Plan Width": 103, "Plans": [{"Node Type": "Aggregate", "Strategy": "Plain", "Partial Mode": "Simple", "Parent Relationship": "InitPlan", "Subplan Name": "InitPlan 1 (returns $1)", "Parallel Aware": false, "Startup Cost": 1544851.83, "Total Cost": 1544851.84, "Plan Rows": 1, "Plan Width": 32, "Plans": [{"Node Type": "Aggregate", "Strategy": "Sorted", "Partial Mode": "Finalize", "Parent Relationship": "Outer", "Parallel Aware": false, "Startup Cost": 1494419.89, "Total Cost": 1543605.15, "Plan Rows": 99734, "Plan Width": 36, "Group Key": ["lineitem_1.l_suppkey"], "Plans": [{"Node Type": "Gather Merge", "Parent Relationship": "Outer", "Parallel Aware": false, "Startup Cost": 1494419.89, "Total Cost": 1540114.46, "Plan Rows": 299202, "Plan Width": 36, "Workers Planned": 3, "Plans": [{"Node Type": "Aggregate", "Strategy": "Sorted", "Partial Mode": "Partial", "Parent Relationship": "Outer", "Parallel Aware": false, "Startup Cost": 1493419.85, "Total Cost": 1503958.19, "Plan Rows": 99734, "Plan Width": 36, "Group Key": ["lineitem_1.l_suppkey"], "Plans": [{"Node Type": "Sort", "Parent Relationship": "Outer", "Parallel Aware": false, "Startup Cost": 1493419.85, "Total Cost": 1495278.18, "Plan Rows": 743333, "Plan Width": 16, "Sort Key": ["lineitem_1.l_suppkey"], "Plans": [{"Node Type": "Bitmap Heap Scan", "Parent Relationship": "Outer", "Parallel Aware": true, "Relation Name": "lineitem", "Alias": "lineitem_1", "Startup Cost": 33393.47, "Total Cost": 1413489.82, "Plan Rows": 743333, "Plan Width": 16, "Recheck Cond": "((l_shipdate >= '1993-08-01'::date) AND (l_shipdate < '1993-11-01 00:00:00'::timestamp without time zone))", "Plans": [{"Node Type": "Bitmap Index Scan", "Parent Relationship": "Outer", "Parallel Aware": false, "Index Name": "idx_lineitem_shipdate", "Startup Cost": 0.0, "Total Cost": 32817.39, "Plan Rows": 2304332, "Plan Width": 0, "Index Cond": "((l_shipdate >= '1993-08-01'::date) AND (l_shipdate < '1993-11-01 00:00:00'::timestamp without time zone))"}]}]}]}]}]}]}, {"Node Type": "Merge Join", "Parent Relationship": "Outer", "Parallel Aware": false, "Join Type": "Inner", "Startup Cost": 1505940.71, "Total Cost": 1557631.88, "Plan Rows": 499, "Plan Width": 103, "Inner Unique": true, "Merge Cond": "(supplier.s_suppkey = lineitem.l_suppkey)", "Plans": [{"Node Type": "Sort", "Parent Relationship": "Outer", "Parallel Aware": false, "Startup Cost": 11520.82, "Total Cost": 11770.82, "Plan Rows": 100000, "Plan Width": 71, "Sort Key": ["supplier.s_suppkey"], "Plans": [{"Node Type": "Seq Scan", "Parent Relationship": "Outer", "Parallel Aware": false, "Relation Name": "supplier", "Alias": "supplier", "Startup Cost": 0.0, "Total Cost": 3216.0, "Plan Rows": 100000, "Plan Width": 71}]}, {"Node Type": "Aggregate", "Strategy": "Sorted", "Partial Mode": "Finalize", "Parent Relationship": "Inner", "Parallel Aware": false, "Startup Cost": 1494419.89, "Total Cost": 1545599.83, "Plan Rows": 499, "Plan Width": 36, "Group Key": ["lineitem.l_suppkey"], "Filter": "(sum((lineitem.l_extendedprice * ('1'::numeric - lineitem.l_discount))) = $1)", "Plans": [{"Node Type": "Gather Merge", "Parent Relationship": "Outer", "Parallel Aware": false, "Startup Cost": 1494419.89, "Total Cost": 1540114.46, "Plan Rows": 299202, "Plan Width": 36, "Workers Planned": 3, "Plans": [{"Node Type": "Aggregate", "Strategy": "Sorted", "Partial Mode": "Partial", "Parent Relationship": "Outer", "Parallel Aware": false, "Startup Cost": 1493419.85, "Total Cost": 1503958.19, "Plan Rows": 99734, "Plan Width": 36, "Group Key": ["lineitem.l_suppkey"], "Plans": [{"Node Type": "Sort", "Parent Relationship": "Outer", "Parallel Aware": false, "Startup Cost": 1493419.85, "Total Cost": 1495278.18, "Plan Rows": 743333, "Plan Width": 16, "Sort Key": ["lineitem.l_suppkey"], "Plans": [{"Node Type": "Bitmap Heap Scan", "Parent Relationship": "Outer", "Parallel Aware": true, "Relation Name": "lineitem", "Alias": "lineitem", "Startup Cost": 33393.47, "Total Cost": 1413489.82, "Plan Rows": 743333, "Plan Width": 16, "Recheck Cond": "((l_shipdate >= '1993-08-01'::date) AND (l_shipdate < '1993-11-01 00:00:00'::timestamp without time zone))", "Plans": [{"Node Type": "Bitmap Index Scan", "Parent Relationship": "Outer", "Parallel Aware": false, "Index Name": "idx_lineitem_shipdate", "Startup Cost": 0.0, "Total Cost": 32817.39, "Plan Rows": 2304332, "Plan Width": 0, "Index Cond": "((l_shipdate >= '1993-08-01'::date) AND (l_shipdate < '1993-11-01 00:00:00'::timestamp without time zone))"}]}]}]}]}]}]}]}}, {"Plan": {"Node Type": "Limit", "Parallel Aware": false, "Startup Cost": 3039272.61, "Total Cost": 3039377.17, "Plan Rows": 1, "Plan Width": 103, "Plans": [{"Node Type": "Aggregate", "Strategy": "Plain", "Partial Mode": "Simple", "Parent Relationship": "InitPlan", "Subplan Name": "InitPlan 1 (returns $1)", "Parallel Aware": false, "Startup Cost": 1544851.83, "Total Cost": 1544851.84, "Plan Rows": 1, "Plan Width": 32, "Plans": [{"Node Type": "Aggregate", "Strategy": "Sorted", "Partial Mode": "Finalize", "Parent Relationship": "Outer", "Parallel Aware": false, "Startup Cost": 1494419.89, "Total Cost": 1543605.15, "Plan Rows": 99734, "Plan Width": 36, "Group Key": ["lineitem_1.l_suppkey"], "Plans": [{"Node Type": "Gather Merge", "Parent Relationship": "Outer", "Parallel Aware": false, "Startup Cost": 1494419.89, "Total Cost": 1540114.46, "Plan Rows": 299202, "Plan Width": 36, "Workers Planned": 3, "Plans": [{"Node Type": "Aggregate", "Strategy": "Sorted", "Partial Mode": "Partial", "Parent Relationship": "Outer", "Parallel Aware": false, "Startup Cost": 1493419.85, "Total Cost": 1503958.19, "Plan Rows": 99734, "Plan Width": 36, "Group Key": ["lineitem_1.l_suppkey"], "Plans": [{"Node Type": "Sort", "Parent Relationship": "Outer", "Parallel Aware": false, "Startup Cost": 1493419.85, "Total Cost": 1495278.18, "Plan Rows": 743333, "Plan Width": 16, "Sort Key": ["lineitem_1.l_suppkey"], "Plans": [{"Node Type": "Bitmap Heap Scan", "Parent Relationship": "Outer", "Parallel Aware": true, "Relation Name": "lineitem", "Alias": "lineitem_1", "Startup Cost": 33393.47, "Total Cost": 1413489.82, "Plan Rows": 743333, "Plan Width": 16, "Recheck Cond": "((l_shipdate >= '1993-08-01'::date) AND (l_shipdate < '1993-11-01 00:00:00'::timestamp without time zone))", "Plans": [{"Node Type": "Bitmap Index Scan", "Parent Relationship": "Outer", "Parallel Aware": false, "Index Name": "idx_lineitem_shipdate", "Startup Cost": 0.0, "Total Cost": 32817.39, "Plan Rows": 2304332, "Plan Width": 0, "Index Cond": "((l_shipdate >= '1993-08-01'::date) AND (l_shipdate < '1993-11-01 00:00:00'::timestamp without time zone))"}]}]}]}]}]}]}, {"Node Type": "Nested Loop", "Parent Relationship": "Outer", "Parallel Aware": false, "Join Type": "Inner", "Startup Cost": 1494420.77, "Total Cost": 1546599.08, "Plan Rows": 499, "Plan Width": 103, "Inner Unique": true, "Plans": [{"Node Type": "Aggregate", "Strategy": "Sorted", "Partial Mode": "Finalize", "Parent Relationship": "Outer", "Parallel Aware": false, "Startup Cost": 1494419.89, "Total Cost": 1545599.83, "Plan Rows": 499, "Plan Width": 36, "Group Key": ["lineitem.l_suppkey"], "Filter": "(sum((lineitem.l_extendedprice * ('1'::numeric - lineitem.l_discount))) = $1)", "Plans": [{"Node Type": "Gather Merge", "Parent Relationship": "Outer", "Parallel Aware": false, "Startup Cost": 1494419.89, "Total Cost": 1540114.46, "Plan Rows": 299202, "Plan Width": 36, "Workers Planned": 3, "Plans": [{"Node Type": "Aggregate", "Strategy": "Sorted", "Partial Mode": "Partial", "Parent Relationship": "Outer", "Parallel Aware": false, "Startup Cost": 1493419.85, "Total Cost": 1503958.19, "Plan Rows": 99734, "Plan Width": 36, "Group Key": ["lineitem.l_suppkey"], "Plans": [{"Node Type": "Sort", "Parent Relationship": "Outer", "Parallel Aware": false, "Startup Cost": 1493419.85, "Total Cost": 1495278.18, "Plan Rows": 743333, "Plan Width": 16, "Sort Key": ["lineitem.l_suppkey"], "Plans": [{"Node Type": "Bitmap Heap Scan", "Parent Relationship": "Outer", "Parallel Aware": true, "Relation Name": "lineitem", "Alias": "lineitem", "Startup Cost": 33393.47, "Total Cost": 1413489.82, "Plan Rows": 743333, "Plan Width": 16, "Recheck Cond": "((l_shipdate >= '1993-08-01'::date) AND (l_shipdate < '1993-11-01 00:00:00'::timestamp without time zone))", "Plans": [{"Node Type": "Bitmap Index Scan", "Parent Relationship": "Outer", "Parallel Aware": false, "Index Name": "idx_lineitem_shipdate", "Startup Cost": 0.0, "Total Cost": 32817.39, "Plan Rows": 2304332, "Plan Width": 0, "Index Cond": "((l_shipdate >= '1993-08-01'::date) AND (l_shipdate < '1993-11-01 00:00:00'::timestamp without time zone))"}]}]}]}]}]}, {"Node Type": "Bitmap Heap Scan", "Parent Relationship": "Inner", "Parallel Aware": false, "Relation Name": "supplier", "Alias": "supplier", "Startup Cost": 0.88, "Total Cost": 1.99, "Plan Rows": 1, "Plan Width": 71, "Recheck Cond": "(s_suppkey = lineitem.l_suppkey)", "Plans": [{"Node Type": "Bitmap Index Scan", "Parent Relationship": "Outer", "Parallel Aware": false, "Index Name": "supplier_pkey", "Startup Cost": 0.0, "Total Cost": 0.88, "Plan Rows": 1, "Plan Width": 0, "Index Cond": "(s_suppkey = lineitem.l_suppkey)"}]}]}]}}, {"Plan": {"Node Type": "Limit", "Parallel Aware": false, "Startup Cost": 3094926.46, "Total Cost": 3094926.47, "Plan Rows": 1, "Plan Width": 103, "Plans": [{"Node Type": "Aggregate", "Strategy": "Plain", "Partial Mode": "Simple", "Parent Relationship": "InitPlan", "Subplan Name": "InitPlan 1 (returns $1)", "Parallel Aware": false, "Startup Cost": 1544851.83, "Total Cost": 1544851.84, "Plan Rows": 1, "Plan Width": 32, "Plans": [{"Node Type": "Aggregate", "Strategy": "Sorted", "Partial Mode": "Finalize", "Parent Relationship": "Outer", "Parallel Aware": false, "Startup Cost": 1494419.89, "Total Cost": 1543605.15, "Plan Rows": 99734, "Plan Width": 36, "Group Key": ["lineitem_1.l_suppkey"], "Plans": [{"Node Type": "Gather Merge", "Parent Relationship": "Outer", "Parallel Aware": false, "Startup Cost": 1494419.89, "Total Cost": 1540114.46, "Plan Rows": 299202, "Plan Width": 36, "Workers Planned": 3, "Plans": [{"Node Type": "Aggregate", "Strategy": "Sorted", "Partial Mode": "Partial", "Parent Relationship": "Outer", "Parallel Aware": false, "Startup Cost": 1493419.85, "Total Cost": 1503958.19, "Plan Rows": 99734, "Plan Width": 36, "Group Key": ["lineitem_1.l_suppkey"], "Plans": [{"Node Type": "Sort", "Parent Relationship": "Outer", "Parallel Aware": false, "Startup Cost": 1493419.85, "Total Cost": 1495278.18, "Plan Rows": 743333, "Plan Width": 16, "Sort Key": ["lineitem_1.l_suppkey"], "Plans": [{"Node Type": "Bitmap Heap Scan", "Parent Relationship": "Outer", "Parallel Aware": true, "Relation Name": "lineitem", "Alias": "lineitem_1", "Startup Cost": 33393.47, "Total Cost": 1413489.82, "Plan Rows": 743333, "Plan Width": 16, "Recheck Cond": "((l_shipdate >= '1993-08-01'::date) AND (l_shipdate < '1993-11-01 00:00:00'::timestamp without time zone))", "Plans": [{"Node Type": "Bitmap Index Scan", "Parent Relationship": "Outer", "Parallel Aware": false, "Index Name": "idx_lineitem_shipdate", "Startup Cost": 0.0, "Total Cost": 32817.39, "Plan Rows": 2304332, "Plan Width": 0, "Index Cond": "((l_shipdate >= '1993-08-01'::date) AND (l_shipdate < '1993-11-01 00:00:00'::timestamp without time zone))"}]}]}]}]}]}]}, {"Node Type": "Sort", "Parent Relationship": "Outer", "Parallel Aware": false, "Startup Cost": 1550074.63, "Total Cost": 1550075.87, "Plan Rows": 499, "Plan Width": 103, "Sort Key": ["supplier.s_suppkey"], "Plans": [{"Node Type": "Hash Join", "Parent Relationship": "Outer", "Parallel Aware": false, "Join Type": "Inner", "Startup Cost": 1498885.89, "Total Cost": 1550072.13, "Plan Rows": 499, "Plan Width": 103, "Inner Unique": true, "Hash Cond": "(lineitem.l_suppkey = supplier.s_suppkey)", "Plans": [{"Node Type": "Aggregate", "Strategy": "Sorted", "Partial Mode": "Finalize", "Parent Relationship": "Outer", "Parallel Aware": false, "Startup Cost": 1494419.89, "Total Cost": 1545599.83, "Plan Rows": 499, "Plan Width": 36, "Group Key": ["lineitem.l_suppkey"], "Filter": "(sum((lineitem.l_extendedprice * ('1'::numeric - lineitem.l_discount))) = $1)", "Plans": [{"Node Type": "Gather Merge", "Parent Relationship": "Outer", "Parallel Aware": false, "Startup Cost": 1494419.89, "Total Cost": 1540114.46, "Plan Rows": 299202, "Plan Width": 36, "Workers Planned": 3, "Plans": [{"Node Type": "Aggregate", "Strategy": "Sorted", "Partial Mode": "Partial", "Parent Relationship": "Outer", "Parallel Aware": false, "Startup Cost": 1493419.85, "Total Cost": 1503958.19, "Plan Rows": 99734, "Plan Width": 36, "Group Key": ["lineitem.l_suppkey"], "Plans": [{"Node Type": "Sort", "Parent Relationship": "Outer", "Parallel Aware": false, "Startup Cost": 1493419.85, "Total Cost": 1495278.18, "Plan Rows": 743333, "Plan Width": 16, "Sort Key": ["lineitem.l_suppkey"], "Plans": [{"Node Type": "Bitmap Heap Scan", "Parent Relationship": "Outer", "Parallel Aware": true, "Relation Name": "lineitem", "Alias": "lineitem", "Startup Cost": 33393.47, "Total Cost": 1413489.82, "Plan Rows": 743333, "Plan Width": 16, "Recheck Cond": "((l_shipdate >= '1993-08-01'::date) AND (l_shipdate < '1993-11-01 00:00:00'::timestamp without time zone))", "Plans": [{"Node Type": "Bitmap Index Scan", "Parent Relationship": "Outer", "Parallel Aware": false, "Index Name": "idx_lineitem_shipdate", "Startup Cost": 0.0, "Total Cost": 32817.39, "Plan Rows": 2304332, "Plan Width": 0, "Index Cond": "((l_shipdate >= '1993-08-01'::date) AND (l_shipdate < '1993-11-01 00:00:00'::timestamp without time zone))"}]}]}]}]}]}, {"Node Type": "Hash", "Parent Relationship": "Inner", "Parallel Aware": false, "Startup Cost": 3216.0, "Total Cost": 3216.0, "Plan Rows": 100000, "Plan Width": 71, "Plans": [{"Node Type": "Seq Scan", "Parent Relationship": "Outer", "Parallel Aware": false, "Relation Name": "supplier", "Alias": "supplier", "Startup Cost": 0.0, "Total Cost": 3216.0, "Plan Rows": 100000, "Plan Width": 71}]}]}]}]}}, {"Plan": {"Node Type": "Limit", "Parallel Aware": false, "Startup Cost": 2766781.67, "Total Cost": 2766892.82, "Plan Rows": 1, "Plan Width": 103, "Plans": [{"Node Type": "Aggregate", "Strategy": "Plain", "Partial Mode": "Simple", "Parent Relationship": "InitPlan", "Subplan Name": "InitPlan 1 (returns $1)", "Parallel Aware": false, "Startup Cost": 1408606.65, "Total Cost": 1408606.66, "Plan Rows": 1, "Plan Width": 32, "Plans": [{"Node Type": "Aggregate", "Strategy": "Sorted", "Partial Mode": "Finalize", "Parent Relationship": "Outer", "Parallel Aware": false, "Startup Cost": 1358174.72, "Total Cost": 1407359.98, "Plan Rows": 99734, "Plan Width": 36, "Group Key": ["lineitem_1.l_suppkey"], "Plans": [{"Node Type": "Gather Merge", "Parent Relationship": "Outer", "Parallel Aware": false, "Startup Cost": 1358174.72, "Total Cost": 1403869.29, "Plan Rows": 299202, "Plan Width": 36, "Workers Planned": 3, "Plans": [{"Node Type": "Aggregate", "Strategy": "Sorted", "Partial Mode": "Partial", "Parent Relationship": "Outer", "Parallel Aware": false, "Startup Cost": 1357174.68, "Total Cost": 1367713.01, "Plan Rows": 99734, "Plan Width": 36, "Group Key": ["lineitem_1.l_suppkey"], "Plans": [{"Node Type": "Sort", "Parent Relationship": "Outer", "Parallel Aware": false, "Startup Cost": 1357174.68, "Total Cost": 1359033.01, "Plan Rows": 743333, "Plan Width": 16, "Sort Key": ["lineitem_1.l_suppkey"], "Plans": [{"Node Type": "Index Scan", "Parent Relationship": "Outer", "Parallel Aware": true, "Scan Direction": "Forward", "Index Name": "idx_lineitem_shipdate", "Relation Name": "lineitem", "Alias": "lineitem_1", "Startup Cost": 0.56, "Total Cost": 1277244.65, "Plan Rows": 743333, "Plan Width": 16, "Index Cond": "((l_shipdate >= '1993-08-01'::date) AND (l_shipdate < '1993-11-01 00:00:00'::timestamp without time zone))"}]}]}]}]}]}, {"Node Type": "Merge Join", "Parent Relationship": "Outer", "Parallel Aware": false, "Join Type": "Inner", "Startup Cost": 1358175.01, "Total Cost": 1413635.98, "Plan Rows": 499, "Plan Width": 103, "Inner Unique": true, "Merge Cond": "(supplier.s_suppkey = lineitem.l_suppkey)", "Plans": [{"Node Type": "Index Scan", "Parent Relationship": "Outer", "Parallel Aware": false, "Scan Direction": "Forward", "Index Name": "supplier_pkey", "Relation Name": "supplier", "Alias": "supplier", "Startup Cost": 0.29, "Total Cost": 4020.1, "Plan Rows": 100000, "Plan Width": 71}, {"Node Type": "Aggregate", "Strategy": "Sorted", "Partial Mode": "Finalize", "Parent Relationship": "Inner", "Parallel Aware": false, "Startup Cost": 1358174.72, "Total Cost": 1409354.66, "Plan Rows": 499, "Plan Width": 36, "Group Key": ["lineitem.l_suppkey"], "Filter": "(sum((lineitem.l_extendedprice * ('1'::numeric - lineitem.l_discount))) = $1)", "Plans": [{"Node Type": "Gather Merge", "Parent Relationship": "Outer", "Parallel Aware": false, "Startup Cost": 1358174.72, "Total Cost": 1403869.29, "Plan Rows": 299202, "Plan Width": 36, "Workers Planned": 3, "Plans": [{"Node Type": "Aggregate", "Strategy": "Sorted", "Partial Mode": "Partial", "Parent Relationship": "Outer", "Parallel Aware": false, "Startup Cost": 1357174.68, "Total Cost": 1367713.01, "Plan Rows": 99734, "Plan Width": 36, "Group Key": ["lineitem.l_suppkey"], "Plans": [{"Node Type": "Sort", "Parent Relationship": "Outer", "Parallel Aware": false, "Startup Cost": 1357174.68, "Total Cost": 1359033.01, "Plan Rows": 743333, "Plan Width": 16, "Sort Key": ["lineitem.l_suppkey"], "Plans": [{"Node Type": "Index Scan", "Parent Relationship": "Outer", "Parallel Aware": true, "Scan Direction": "Forward", "Index Name": "idx_lineitem_shipdate", "Relation Name": "lineitem", "Alias": "lineitem", "Startup Cost": 0.56, "Total Cost": 1277244.65, "Plan Rows": 743333, "Plan Width": 16, "Index Cond": "((l_shipdate >= '1993-08-01'::date) AND (l_shipdate < '1993-11-01 00:00:00'::timestamp without time zone))"}]}]}]}]}]}]}}, {"Plan": {"Node Type": "Limit", "Parallel Aware": false, "Startup Cost": 2766781.67, "Total Cost": 2766886.13, "Plan Rows": 1, "Plan Width": 103, "Plans": [{"Node Type": "Aggregate", "Strategy": "Plain", "Partial Mode": "Simple", "Parent Relationship": "InitPlan", "Subplan Name": "InitPlan 1 (returns $1)", "Parallel Aware": false, "Startup Cost": 1408606.65, "Total Cost": 1408606.66, "Plan Rows": 1, "Plan Width": 32, "Plans": [{"Node Type": "Aggregate", "Strategy": "Sorted", "Partial Mode": "Finalize", "Parent Relationship": "Outer", "Parallel Aware": false, "Startup Cost": 1358174.72, "Total Cost": 1407359.98, "Plan Rows": 99734, "Plan Width": 36, "Group Key": ["lineitem_1.l_suppkey"], "Plans": [{"Node Type": "Gather Merge", "Parent Relationship": "Outer", "Parallel Aware": false, "Startup Cost": 1358174.72, "Total Cost": 1403869.29, "Plan Rows": 299202, "Plan Width": 36, "Workers Planned": 3, "Plans": [{"Node Type": "Aggregate", "Strategy": "Sorted", "Partial Mode": "Partial", "Parent Relationship": "Outer", "Parallel Aware": false, "Startup Cost": 1357174.68, "Total Cost": 1367713.01, "Plan Rows": 99734, "Plan Width": 36, "Group Key": ["lineitem_1.l_suppkey"], "Plans": [{"Node Type": "Sort", "Parent Relationship": "Outer", "Parallel Aware": false, "Startup Cost": 1357174.68, "Total Cost": 1359033.01, "Plan Rows": 743333, "Plan Width": 16, "Sort Key": ["lineitem_1.l_suppkey"], "Plans": [{"Node Type": "Index Scan", "Parent Relationship": "Outer", "Parallel Aware": true, "Scan Direction": "Forward", "Index Name": "idx_lineitem_shipdate", "Relation Name": "lineitem", "Alias": "lineitem_1", "Startup Cost": 0.56, "Total Cost": 1277244.65, "Plan Rows": 743333, "Plan Width": 16, "Index Cond": "((l_shipdate >= '1993-08-01'::date) AND (l_shipdate < '1993-11-01 00:00:00'::timestamp without time zone))"}]}]}]}]}]}, {"Node Type": "Nested Loop", "Parent Relationship": "Outer", "Parallel Aware": false, "Join Type": "Inner", "Startup Cost": 1358175.01, "Total Cost": 1410297.54, "Plan Rows": 499, "Plan Width": 103, "Inner Unique": true, "Plans": [{"Node Type": "Aggregate", "Strategy": "Sorted", "Partial Mode": "Finalize", "Parent Relationship": "Outer", "Parallel Aware": false, "Startup Cost": 1358174.72, "Total Cost": 1409354.66, "Plan Rows": 499, "Plan Width": 36, "Group Key": ["lineitem.l_suppkey"], "Filter": "(sum((lineitem.l_extendedprice * ('1'::numeric - lineitem.l_discount))) = $1)", "Plans": [{"Node Type": "Gather Merge", "Parent Relationship": "Outer", "Parallel Aware": false, "Startup Cost": 1358174.72, "Total Cost": 1403869.29, "Plan Rows": 299202, "Plan Width": 36, "Workers Planned": 3, "Plans": [{"Node Type": "Aggregate", "Strategy": "Sorted", "Partial Mode": "Partial", "Parent Relationship": "Outer", "Parallel Aware": false, "Startup Cost": 1357174.68, "Total Cost": 1367713.01, "Plan Rows": 99734, "Plan Width": 36, "Group Key": ["lineitem.l_suppkey"], "Plans": [{"Node Type": "Sort", "Parent Relationship": "Outer", "Parallel Aware": false, "Startup Cost": 1357174.68, "Total Cost": 1359033.01, "Plan Rows": 743333, "Plan Width": 16, "Sort Key": ["lineitem.l_suppkey"], "Plans": [{"Node Type": "Index Scan", "Parent Relationship": "Outer", "Parallel Aware": true, "Scan Direction": "Forward", "Index Name": "idx_lineitem_shipdate", "Relation Name": "lineitem", "Alias": "lineitem", "Startup Cost": 0.56, "Total Cost": 1277244.65, "Plan Rows": 743333, "Plan Width": 16, "Index Cond": "((l_shipdate >= '1993-08-01'::date) AND (l_shipdate < '1993-11-01 00:00:00'::timestamp without time zone))"}]}]}]}]}, {"Node Type": "Index Scan", "Parent Relationship": "Inner", "Parallel Aware": false, "Scan Direction": "Forward", "Index Name": "supplier_pkey", "Relation Name": "supplier", "Alias": "supplier", "Startup Cost": 0.29, "Total Cost": 1.88, "Plan Rows": 1, "Plan Width": 71, "Index Cond": "(s_suppkey = lineitem.l_suppkey)"}]}]}}, {"Plan": {"Node Type": "Limit", "Parallel Aware": false, "Startup Cost": 2766781.67, "Total Cost": 2766886.13, "Plan Rows": 1, "Plan Width": 103, "Plans": [{"Node Type": "Aggregate", "Strategy": "Plain", "Partial Mode": "Simple", "Parent Relationship": "InitPlan", "Subplan Name": "InitPlan 1 (returns $1)", "Parallel Aware": false, "Startup Cost": 1408606.65, "Total Cost": 1408606.66, "Plan Rows": 1, "Plan Width": 32, "Plans": [{"Node Type": "Aggregate", "Strategy": "Sorted", "Partial Mode": "Finalize", "Parent Relationship": "Outer", "Parallel Aware": false, "Startup Cost": 1358174.72, "Total Cost": 1407359.98, "Plan Rows": 99734, "Plan Width": 36, "Group Key": ["lineitem_1.l_suppkey"], "Plans": [{"Node Type": "Gather Merge", "Parent Relationship": "Outer", "Parallel Aware": false, "Startup Cost": 1358174.72, "Total Cost": 1403869.29, "Plan Rows": 299202, "Plan Width": 36, "Workers Planned": 3, "Plans": [{"Node Type": "Aggregate", "Strategy": "Sorted", "Partial Mode": "Partial", "Parent Relationship": "Outer", "Parallel Aware": false, "Startup Cost": 1357174.68, "Total Cost": 1367713.01, "Plan Rows": 99734, "Plan Width": 36, "Group Key": ["lineitem_1.l_suppkey"], "Plans": [{"Node Type": "Sort", "Parent Relationship": "Outer", "Parallel Aware": false, "Startup Cost": 1357174.68, "Total Cost": 1359033.01, "Plan Rows": 743333, "Plan Width": 16, "Sort Key": ["lineitem_1.l_suppkey"], "Plans": [{"Node Type": "Index Scan", "Parent Relationship": "Outer", "Parallel Aware": true, "Scan Direction": "Forward", "Index Name": "idx_lineitem_shipdate", "Relation Name": "lineitem", "Alias": "lineitem_1", "Startup Cost": 0.56, "Total Cost": 1277244.65, "Plan Rows": 743333, "Plan Width": 16, "Index Cond": "((l_shipdate >= '1993-08-01'::date) AND (l_shipdate < '1993-11-01 00:00:00'::timestamp without time zone))"}]}]}]}]}]}, {"Node Type": "Nested Loop", "Parent Relationship": "Outer", "Parallel Aware": false, "Join Type": "Inner", "Startup Cost": 1358175.01, "Total Cost": 1410297.54, "Plan Rows": 499, "Plan Width": 103, "Inner Unique": true, "Plans": [{"Node Type": "Aggregate", "Strategy": "Sorted", "Partial Mode": "Finalize", "Parent Relationship": "Outer", "Parallel Aware": false, "Startup Cost": 1358174.72, "Total Cost": 1409354.66, "Plan Rows": 499, "Plan Width": 36, "Group Key": ["lineitem.l_suppkey"], "Filter": "(sum((lineitem.l_extendedprice * ('1'::numeric - lineitem.l_discount))) = $1)", "Plans": [{"Node Type": "Gather Merge", "Parent Relationship": "Outer", "Parallel Aware": false, "Startup Cost": 1358174.72, "Total Cost": 1403869.29, "Plan Rows": 299202, "Plan Width": 36, "Workers Planned": 3, "Plans": [{"Node Type": "Aggregate", "Strategy": "Sorted", "Partial Mode": "Partial", "Parent Relationship": "Outer", "Parallel Aware": false, "Startup Cost": 1357174.68, "Total Cost": 1367713.01, "Plan Rows": 99734, "Plan Width": 36, "Group Key": ["lineitem.l_suppkey"], "Plans": [{"Node Type": "Sort", "Parent Relationship": "Outer", "Parallel Aware": false, "Startup Cost": 1357174.68, "Total Cost": 1359033.01, "Plan Rows": 743333, "Plan Width": 16, "Sort Key": ["lineitem.l_suppkey"], "Plans": [{"Node Type": "Index Scan", "Parent Relationship": "Outer", "Parallel Aware": true, "Scan Direction": "Forward", "Index Name": "idx_lineitem_shipdate", "Relation Name": "lineitem", "Alias": "lineitem", "Startup Cost": 0.56, "Total Cost": 1277244.65, "Plan Rows": 743333, "Plan Width": 16, "Index Cond": "((l_shipdate >= '1993-08-01'::date) AND (l_shipdate < '1993-11-01 00:00:00'::timestamp without time zone))"}]}]}]}]}, {"Node Type": "Index Scan", "Parent Relationship": "Inner", "Parallel Aware": false, "Scan Direction": "Forward", "Index Name": "supplier_pkey", "Relation Name": "supplier", "Alias": "supplier", "Startup Cost": 0.29, "Total Cost": 1.88, "Plan Rows": 1, "Plan Width": 71, "Index Cond": "(s_suppkey = lineitem.l_suppkey)"}]}]}}, {"Plan": {"Node Type": "Limit", "Parallel Aware": false, "Startup Cost": 2766781.67, "Total Cost": 2766892.82, "Plan Rows": 1, "Plan Width": 103, "Plans": [{"Node Type": "Aggregate", "Strategy": "Plain", "Partial Mode": "Simple", "Parent Relationship": "InitPlan", "Subplan Name": "InitPlan 1 (returns $1)", "Parallel Aware": false, "Startup Cost": 1408606.65, "Total Cost": 1408606.66, "Plan Rows": 1, "Plan Width": 32, "Plans": [{"Node Type": "Aggregate", "Strategy": "Sorted", "Partial Mode": "Finalize", "Parent Relationship": "Outer", "Parallel Aware": false, "Startup Cost": 1358174.72, "Total Cost": 1407359.98, "Plan Rows": 99734, "Plan Width": 36, "Group Key": ["lineitem_1.l_suppkey"], "Plans": [{"Node Type": "Gather Merge", "Parent Relationship": "Outer", "Parallel Aware": false, "Startup Cost": 1358174.72, "Total Cost": 1403869.29, "Plan Rows": 299202, "Plan Width": 36, "Workers Planned": 3, "Plans": [{"Node Type": "Aggregate", "Strategy": "Sorted", "Partial Mode": "Partial", "Parent Relationship": "Outer", "Parallel Aware": false, "Startup Cost": 1357174.68, "Total Cost": 1367713.01, "Plan Rows": 99734, "Plan Width": 36, "Group Key": ["lineitem_1.l_suppkey"], "Plans": [{"Node Type": "Sort", "Parent Relationship": "Outer", "Parallel Aware": false, "Startup Cost": 1357174.68, "Total Cost": 1359033.01, "Plan Rows": 743333, "Plan Width": 16, "Sort Key": ["lineitem_1.l_suppkey"], "Plans": [{"Node Type": "Index Scan", "Parent Relationship": "Outer", "Parallel Aware": true, "Scan Direction": "Forward", "Index Name": "idx_lineitem_shipdate", "Relation Name": "lineitem", "Alias": "lineitem_1", "Startup Cost": 0.56, "Total Cost": 1277244.65, "Plan Rows": 743333, "Plan Width": 16, "Index Cond": "((l_shipdate >= '1993-08-01'::date) AND (l_shipdate < '1993-11-01 00:00:00'::timestamp without time zone))"}]}]}]}]}]}, {"Node Type": "Merge Join", "Parent Relationship": "Outer", "Parallel Aware": false, "Join Type": "Inner", "Startup Cost": 1358175.01, "Total Cost": 1413635.98, "Plan Rows": 499, "Plan Width": 103, "Inner Unique": true, "Merge Cond": "(supplier.s_suppkey = lineitem.l_suppkey)", "Plans": [{"Node Type": "Index Scan", "Parent Relationship": "Outer", "Parallel Aware": false, "Scan Direction": "Forward", "Index Name": "supplier_pkey", "Relation Name": "supplier", "Alias": "supplier", "Startup Cost": 0.29, "Total Cost": 4020.1, "Plan Rows": 100000, "Plan Width": 71}, {"Node Type": "Aggregate", "Strategy": "Sorted", "Partial Mode": "Finalize", "Parent Relationship": "Inner", "Parallel Aware": false, "Startup Cost": 1358174.72, "Total Cost": 1409354.66, "Plan Rows": 499, "Plan Width": 36, "Group Key": ["lineitem.l_suppkey"], "Filter": "(sum((lineitem.l_extendedprice * ('1'::numeric - lineitem.l_discount))) = $1)", "Plans": [{"Node Type": "Gather Merge", "Parent Relationship": "Outer", "Parallel Aware": false, "Startup Cost": 1358174.72, "Total Cost": 1403869.29, "Plan Rows": 299202, "Plan Width": 36, "Workers Planned": 3, "Plans": [{"Node Type": "Aggregate", "Strategy": "Sorted", "Partial Mode": "Partial", "Parent Relationship": "Outer", "Parallel Aware": false, "Startup Cost": 1357174.68, "Total Cost": 1367713.01, "Plan Rows": 99734, "Plan Width": 36, "Group Key": ["lineitem.l_suppkey"], "Plans": [{"Node Type": "Sort", "Parent Relationship": "Outer", "Parallel Aware": false, "Startup Cost": 1357174.68, "Total Cost": 1359033.01, "Plan Rows": 743333, "Plan Width": 16, "Sort Key": ["lineitem.l_suppkey"], "Plans": [{"Node Type": "Index Scan", "Parent Relationship": "Outer", "Parallel Aware": true, "Scan Direction": "Forward", "Index Name": "idx_lineitem_shipdate", "Relation Name": "lineitem", "Alias": "lineitem", "Startup Cost": 0.56, "Total Cost": 1277244.65, "Plan Rows": 743333, "Plan Width": 16, "Index Cond": "((l_shipdate >= '1993-08-01'::date) AND (l_shipdate < '1993-11-01 00:00:00'::timestamp without time zone))"}]}]}]}]}]}]}}, {"Plan": {"Node Type": "Limit", "Parallel Aware": false, "Startup Cost": 2766781.67, "Total Cost": 2766886.13, "Plan Rows": 1, "Plan Width": 103, "Plans": [{"Node Type": "Aggregate", "Strategy": "Plain", "Partial Mode": "Simple", "Parent Relationship": "InitPlan", "Subplan Name": "InitPlan 1 (returns $1)", "Parallel Aware": false, "Startup Cost": 1408606.65, "Total Cost": 1408606.66, "Plan Rows": 1, "Plan Width": 32, "Plans": [{"Node Type": "Aggregate", "Strategy": "Sorted", "Partial Mode": "Finalize", "Parent Relationship": "Outer", "Parallel Aware": false, "Startup Cost": 1358174.72, "Total Cost": 1407359.98, "Plan Rows": 99734, "Plan Width": 36, "Group Key": ["lineitem_1.l_suppkey"], "Plans": [{"Node Type": "Gather Merge", "Parent Relationship": "Outer", "Parallel Aware": false, "Startup Cost": 1358174.72, "Total Cost": 1403869.29, "Plan Rows": 299202, "Plan Width": 36, "Workers Planned": 3, "Plans": [{"Node Type": "Aggregate", "Strategy": "Sorted", "Partial Mode": "Partial", "Parent Relationship": "Outer", "Parallel Aware": false, "Startup Cost": 1357174.68, "Total Cost": 1367713.01, "Plan Rows": 99734, "Plan Width": 36, "Group Key": ["lineitem_1.l_suppkey"], "Plans": [{"Node Type": "Sort", "Parent Relationship": "Outer", "Parallel Aware": false, "Startup Cost": 1357174.68, "Total Cost": 1359033.01, "Plan Rows": 743333, "Plan Width": 16, "Sort Key": ["lineitem_1.l_suppkey"], "Plans": [{"Node Type": "Index Scan", "Parent Relationship": "Outer", "Parallel Aware": true, "Scan Direction": "Forward", "Index Name": "idx_lineitem_shipdate", "Relation Name": "lineitem", "Alias": "lineitem_1", "Startup Cost": 0.56, "Total Cost": 1277244.65, "Plan Rows": 743333, "Plan Width": 16, "Index Cond": "((l_shipdate >= '1993-08-01'::date) AND (l_shipdate < '1993-11-01 00:00:00'::timestamp without time zone))"}]}]}]}]}]}, {"Node Type": "Nested Loop", "Parent Relationship": "Outer", "Parallel Aware": false, "Join Type": "Inner", "Startup Cost": 1358175.01, "Total Cost": 1410297.54, "Plan Rows": 499, "Plan Width": 103, "Inner Unique": true, "Plans": [{"Node Type": "Aggregate", "Strategy": "Sorted", "Partial Mode": "Finalize", "Parent Relationship": "Outer", "Parallel Aware": false, "Startup Cost": 1358174.72, "Total Cost": 1409354.66, "Plan Rows": 499, "Plan Width": 36, "Group Key": ["lineitem.l_suppkey"], "Filter": "(sum((lineitem.l_extendedprice * ('1'::numeric - lineitem.l_discount))) = $1)", "Plans": [{"Node Type": "Gather Merge", "Parent Relationship": "Outer", "Parallel Aware": false, "Startup Cost": 1358174.72, "Total Cost": 1403869.29, "Plan Rows": 299202, "Plan Width": 36, "Workers Planned": 3, "Plans": [{"Node Type": "Aggregate", "Strategy": "Sorted", "Partial Mode": "Partial", "Parent Relationship": "Outer", "Parallel Aware": false, "Startup Cost": 1357174.68, "Total Cost": 1367713.01, "Plan Rows": 99734, "Plan Width": 36, "Group Key": ["lineitem.l_suppkey"], "Plans": [{"Node Type": "Sort", "Parent Relationship": "Outer", "Parallel Aware": false, "Startup Cost": 1357174.68, "Total Cost": 1359033.01, "Plan Rows": 743333, "Plan Width": 16, "Sort Key": ["lineitem.l_suppkey"], "Plans": [{"Node Type": "Index Scan", "Parent Relationship": "Outer", "Parallel Aware": true, "Scan Direction": "Forward", "Index Name": "idx_lineitem_shipdate", "Relation Name": "lineitem", "Alias": "lineitem", "Startup Cost": 0.56, "Total Cost": 1277244.65, "Plan Rows": 743333, "Plan Width": 16, "Index Cond": "((l_shipdate >= '1993-08-01'::date) AND (l_shipdate < '1993-11-01 00:00:00'::timestamp without time zone))"}]}]}]}]}, {"Node Type": "Index Scan", "Parent Relationship": "Inner", "Parallel Aware": false, "Scan Direction": "Forward", "Index Name": "supplier_pkey", "Relation Name": "supplier", "Alias": "supplier", "Startup Cost": 0.29, "Total Cost": 1.88, "Plan Rows": 1, "Plan Width": 71, "Index Cond": "(s_suppkey = lineitem.l_suppkey)"}]}]}}, {"Plan": {"Node Type": "Limit", "Parallel Aware": false, "Startup Cost": 2766781.67, "Total Cost": 2766886.13, "Plan Rows": 1, "Plan Width": 103, "Plans": [{"Node Type": "Aggregate", "Strategy": "Plain", "Partial Mode": "Simple", "Parent Relationship": "InitPlan", "Subplan Name": "InitPlan 1 (returns $1)", "Parallel Aware": false, "Startup Cost": 1408606.65, "Total Cost": 1408606.66, "Plan Rows": 1, "Plan Width": 32, "Plans": [{"Node Type": "Aggregate", "Strategy": "Sorted", "Partial Mode": "Finalize", "Parent Relationship": "Outer", "Parallel Aware": false, "Startup Cost": 1358174.72, "Total Cost": 1407359.98, "Plan Rows": 99734, "Plan Width": 36, "Group Key": ["lineitem_1.l_suppkey"], "Plans": [{"Node Type": "Gather Merge", "Parent Relationship": "Outer", "Parallel Aware": false, "Startup Cost": 1358174.72, "Total Cost": 1403869.29, "Plan Rows": 299202, "Plan Width": 36, "Workers Planned": 3, "Plans": [{"Node Type": "Aggregate", "Strategy": "Sorted", "Partial Mode": "Partial", "Parent Relationship": "Outer", "Parallel Aware": false, "Startup Cost": 1357174.68, "Total Cost": 1367713.01, "Plan Rows": 99734, "Plan Width": 36, "Group Key": ["lineitem_1.l_suppkey"], "Plans": [{"Node Type": "Sort", "Parent Relationship": "Outer", "Parallel Aware": false, "Startup Cost": 1357174.68, "Total Cost": 1359033.01, "Plan Rows": 743333, "Plan Width": 16, "Sort Key": ["lineitem_1.l_suppkey"], "Plans": [{"Node Type": "Index Scan", "Parent Relationship": "Outer", "Parallel Aware": true, "Scan Direction": "Forward", "Index Name": "idx_lineitem_shipdate", "Relation Name": "lineitem", "Alias": "lineitem_1", "Startup Cost": 0.56, "Total Cost": 1277244.65, "Plan Rows": 743333, "Plan Width": 16, "Index Cond": "((l_shipdate >= '1993-08-01'::date) AND (l_shipdate < '1993-11-01 00:00:00'::timestamp without time zone))"}]}]}]}]}]}, {"Node Type": "Nested Loop", "Parent Relationship": "Outer", "Parallel Aware": false, "Join Type": "Inner", "Startup Cost": 1358175.01, "Total Cost": 1410297.54, "Plan Rows": 499, "Plan Width": 103, "Inner Unique": true, "Plans": [{"Node Type": "Aggregate", "Strategy": "Sorted", "Partial Mode": "Finalize", "Parent Relationship": "Outer", "Parallel Aware": false, "Startup Cost": 1358174.72, "Total Cost": 1409354.66, "Plan Rows": 499, "Plan Width": 36, "Group Key": ["lineitem.l_suppkey"], "Filter": "(sum((lineitem.l_extendedprice * ('1'::numeric - lineitem.l_discount))) = $1)", "Plans": [{"Node Type": "Gather Merge", "Parent Relationship": "Outer", "Parallel Aware": false, "Startup Cost": 1358174.72, "Total Cost": 1403869.29, "Plan Rows": 299202, "Plan Width": 36, "Workers Planned": 3, "Plans": [{"Node Type": "Aggregate", "Strategy": "Sorted", "Partial Mode": "Partial", "Parent Relationship": "Outer", "Parallel Aware": false, "Startup Cost": 1357174.68, "Total Cost": 1367713.01, "Plan Rows": 99734, "Plan Width": 36, "Group Key": ["lineitem.l_suppkey"], "Plans": [{"Node Type": "Sort", "Parent Relationship": "Outer", "Parallel Aware": false, "Startup Cost": 1357174.68, "Total Cost": 1359033.01, "Plan Rows": 743333, "Plan Width": 16, "Sort Key": ["lineitem.l_suppkey"], "Plans": [{"Node Type": "Index Scan", "Parent Relationship": "Outer", "Parallel Aware": true, "Scan Direction": "Forward", "Index Name": "idx_lineitem_shipdate", "Relation Name": "lineitem", "Alias": "lineitem", "Startup Cost": 0.56, "Total Cost": 1277244.65, "Plan Rows": 743333, "Plan Width": 16, "Index Cond": "((l_shipdate >= '1993-08-01'::date) AND (l_shipdate < '1993-11-01 00:00:00'::timestamp without time zone))"}]}]}]}]}, {"Node Type": "Index Scan", "Parent Relationship": "Inner", "Parallel Aware": false, "Scan Direction": "Forward", "Index Name": "supplier_pkey", "Relation Name": "supplier", "Alias": "supplier", "Startup Cost": 0.29, "Total Cost": 1.88, "Plan Rows": 1, "Plan Width": 71, "Index Cond": "(s_suppkey = lineitem.l_suppkey)"}]}]}}, {"Plan": {"Node Type": "Limit", "Parallel Aware": false, "Startup Cost": 10003039272.61, "Total Cost": 10003039377.17, "Plan Rows": 1, "Plan Width": 103, "Plans": [{"Node Type": "Aggregate", "Strategy": "Plain", "Partial Mode": "Simple", "Parent Relationship": "InitPlan", "Subplan Name": "InitPlan 1 (returns $1)", "Parallel Aware": false, "Startup Cost": 1544851.83, "Total Cost": 1544851.84, "Plan Rows": 1, "Plan Width": 32, "Plans": [{"Node Type": "Aggregate", "Strategy": "Sorted", "Partial Mode": "Finalize", "Parent Relationship": "Outer", "Parallel Aware": false, "Startup Cost": 1494419.89, "Total Cost": 1543605.15, "Plan Rows": 99734, "Plan Width": 36, "Group Key": ["lineitem_1.l_suppkey"], "Plans": [{"Node Type": "Gather Merge", "Parent Relationship": "Outer", "Parallel Aware": false, "Startup Cost": 1494419.89, "Total Cost": 1540114.46, "Plan Rows": 299202, "Plan Width": 36, "Workers Planned": 3, "Plans": [{"Node Type": "Aggregate", "Strategy": "Sorted", "Partial Mode": "Partial", "Parent Relationship": "Outer", "Parallel Aware": false, "Startup Cost": 1493419.85, "Total Cost": 1503958.19, "Plan Rows": 99734, "Plan Width": 36, "Group Key": ["lineitem_1.l_suppkey"], "Plans": [{"Node Type": "Sort", "Parent Relationship": "Outer", "Parallel Aware": false, "Startup Cost": 1493419.85, "Total Cost": 1495278.18, "Plan Rows": 743333, "Plan Width": 16, "Sort Key": ["lineitem_1.l_suppkey"], "Plans": [{"Node Type": "Bitmap Heap Scan", "Parent Relationship": "Outer", "Parallel Aware": true, "Relation Name": "lineitem", "Alias": "lineitem_1", "Startup Cost": 33393.47, "Total Cost": 1413489.82, "Plan Rows": 743333, "Plan Width": 16, "Recheck Cond": "((l_shipdate >= '1993-08-01'::date) AND (l_shipdate < '1993-11-01 00:00:00'::timestamp without time zone))", "Plans": [{"Node Type": "Bitmap Index Scan", "Parent Relationship": "Outer", "Parallel Aware": false, "Index Name": "idx_lineitem_shipdate", "Startup Cost": 0.0, "Total Cost": 32817.39, "Plan Rows": 2304332, "Plan Width": 0, "Index Cond": "((l_shipdate >= '1993-08-01'::date) AND (l_shipdate < '1993-11-01 00:00:00'::timestamp without time zone))"}]}]}]}]}]}]}, {"Node Type": "Nested Loop", "Parent Relationship": "Outer", "Parallel Aware": false, "Join Type": "Inner", "Startup Cost": 10001494420.77, "Total Cost": 10001546599.08, "Plan Rows": 499, "Plan Width": 103, "Inner Unique": true, "Plans": [{"Node Type": "Aggregate", "Strategy": "Sorted", "Partial Mode": "Finalize", "Parent Relationship": "Outer", "Parallel Aware": false, "Startup Cost": 1494419.89, "Total Cost": 1545599.83, "Plan Rows": 499, "Plan Width": 36, "Group Key": ["lineitem.l_suppkey"], "Filter": "(sum((lineitem.l_extendedprice * ('1'::numeric - lineitem.l_discount))) = $1)", "Plans": [{"Node Type": "Gather Merge", "Parent Relationship": "Outer", "Parallel Aware": false, "Startup Cost": 1494419.89, "Total Cost": 1540114.46, "Plan Rows": 299202, "Plan Width": 36, "Workers Planned": 3, "Plans": [{"Node Type": "Aggregate", "Strategy": "Sorted", "Partial Mode": "Partial", "Parent Relationship": "Outer", "Parallel Aware": false, "Startup Cost": 1493419.85, "Total Cost": 1503958.19, "Plan Rows": 99734, "Plan Width": 36, "Group Key": ["lineitem.l_suppkey"], "Plans": [{"Node Type": "Sort", "Parent Relationship": "Outer", "Parallel Aware": false, "Startup Cost": 1493419.85, "Total Cost": 1495278.18, "Plan Rows": 743333, "Plan Width": 16, "Sort Key": ["lineitem.l_suppkey"], "Plans": [{"Node Type": "Bitmap Heap Scan", "Parent Relationship": "Outer", "Parallel Aware": true, "Relation Name": "lineitem", "Alias": "lineitem", "Startup Cost": 33393.47, "Total Cost": 1413489.82, "Plan Rows": 743333, "Plan Width": 16, "Recheck Cond": "((l_shipdate >= '1993-08-01'::date) AND (l_shipdate < '1993-11-01 00:00:00'::timestamp without time zone))", "Plans": [{"Node Type": "Bitmap Index Scan", "Parent Relationship": "Outer", "Parallel Aware": false, "Index Name": "idx_lineitem_shipdate", "Startup Cost": 0.0, "Total Cost": 32817.39, "Plan Rows": 2304332, "Plan Width": 0, "Index Cond": "((l_shipdate >= '1993-08-01'::date) AND (l_shipdate < '1993-11-01 00:00:00'::timestamp without time zone))"}]}]}]}]}]}, {"Node Type": "Bitmap Heap Scan", "Parent Relationship": "Inner", "Parallel Aware": false, "Relation Name": "supplier", "Alias": "supplier", "Startup Cost": 0.88, "Total Cost": 1.99, "Plan Rows": 1, "Plan Width": 71, "Recheck Cond": "(s_suppkey = lineitem.l_suppkey)", "Plans": [{"Node Type": "Bitmap Index Scan", "Parent Relationship": "Outer", "Parallel Aware": false, "Index Name": "supplier_pkey", "Startup Cost": 0.0, "Total Cost": 0.88, "Plan Rows": 1, "Plan Width": 0, "Index Cond": "(s_suppkey = lineitem.l_suppkey)"}]}]}]}}, {"Plan": {"Node Type": "Limit", "Parallel Aware": false, "Startup Cost": 3039272.61, "Total Cost": 3039377.17, "Plan Rows": 1, "Plan Width": 103, "Plans": [{"Node Type": "Aggregate", "Strategy": "Plain", "Partial Mode": "Simple", "Parent Relationship": "InitPlan", "Subplan Name": "InitPlan 1 (returns $1)", "Parallel Aware": false, "Startup Cost": 1544851.83, "Total Cost": 1544851.84, "Plan Rows": 1, "Plan Width": 32, "Plans": [{"Node Type": "Aggregate", "Strategy": "Sorted", "Partial Mode": "Finalize", "Parent Relationship": "Outer", "Parallel Aware": false, "Startup Cost": 1494419.89, "Total Cost": 1543605.15, "Plan Rows": 99734, "Plan Width": 36, "Group Key": ["lineitem_1.l_suppkey"], "Plans": [{"Node Type": "Gather Merge", "Parent Relationship": "Outer", "Parallel Aware": false, "Startup Cost": 1494419.89, "Total Cost": 1540114.46, "Plan Rows": 299202, "Plan Width": 36, "Workers Planned": 3, "Plans": [{"Node Type": "Aggregate", "Strategy": "Sorted", "Partial Mode": "Partial", "Parent Relationship": "Outer", "Parallel Aware": false, "Startup Cost": 1493419.85, "Total Cost": 1503958.19, "Plan Rows": 99734, "Plan Width": 36, "Group Key": ["lineitem_1.l_suppkey"], "Plans": [{"Node Type": "Sort", "Parent Relationship": "Outer", "Parallel Aware": false, "Startup Cost": 1493419.85, "Total Cost": 1495278.18, "Plan Rows": 743333, "Plan Width": 16, "Sort Key": ["lineitem_1.l_suppkey"], "Plans": [{"Node Type": "Bitmap Heap Scan", "Parent Relationship": "Outer", "Parallel Aware": true, "Relation Name": "lineitem", "Alias": "lineitem_1", "Startup Cost": 33393.47, "Total Cost": 1413489.82, "Plan Rows": 743333, "Plan Width": 16, "Recheck Cond": "((l_shipdate >= '1993-08-01'::date) AND (l_shipdate < '1993-11-01 00:00:00'::timestamp without time zone))", "Plans": [{"Node Type": "Bitmap Index Scan", "Parent Relationship": "Outer", "Parallel Aware": false, "Index Name": "idx_lineitem_shipdate", "Startup Cost": 0.0, "Total Cost": 32817.39, "Plan Rows": 2304332, "Plan Width": 0, "Index Cond": "((l_shipdate >= '1993-08-01'::date) AND (l_shipdate < '1993-11-01 00:00:00'::timestamp without time zone))"}]}]}]}]}]}]}, {"Node Type": "Nested Loop", "Parent Relationship": "Outer", "Parallel Aware": false, "Join Type": "Inner", "Startup Cost": 1494420.77, "Total Cost": 1546599.08, "Plan Rows": 499, "Plan Width": 103, "Inner Unique": true, "Plans": [{"Node Type": "Aggregate", "Strategy": "Sorted", "Partial Mode": "Finalize", "Parent Relationship": "Outer", "Parallel Aware": false, "Startup Cost": 1494419.89, "Total Cost": 1545599.83, "Plan Rows": 499, "Plan Width": 36, "Group Key": ["lineitem.l_suppkey"], "Filter": "(sum((lineitem.l_extendedprice * ('1'::numeric - lineitem.l_discount))) = $1)", "Plans": [{"Node Type": "Gather Merge", "Parent Relationship": "Outer", "Parallel Aware": false, "Startup Cost": 1494419.89, "Total Cost": 1540114.46, "Plan Rows": 299202, "Plan Width": 36, "Workers Planned": 3, "Plans": [{"Node Type": "Aggregate", "Strategy": "Sorted", "Partial Mode": "Partial", "Parent Relationship": "Outer", "Parallel Aware": false, "Startup Cost": 1493419.85, "Total Cost": 1503958.19, "Plan Rows": 99734, "Plan Width": 36, "Group Key": ["lineitem.l_suppkey"], "Plans": [{"Node Type": "Sort", "Parent Relationship": "Outer", "Parallel Aware": false, "Startup Cost": 1493419.85, "Total Cost": 1495278.18, "Plan Rows": 743333, "Plan Width": 16, "Sort Key": ["lineitem.l_suppkey"], "Plans": [{"Node Type": "Bitmap Heap Scan", "Parent Relationship": "Outer", "Parallel Aware": true, "Relation Name": "lineitem", "Alias": "lineitem", "Startup Cost": 33393.47, "Total Cost": 1413489.82, "Plan Rows": 743333, "Plan Width": 16, "Recheck Cond": "((l_shipdate >= '1993-08-01'::date) AND (l_shipdate < '1993-11-01 00:00:00'::timestamp without time zone))", "Plans": [{"Node Type": "Bitmap Index Scan", "Parent Relationship": "Outer", "Parallel Aware": false, "Index Name": "idx_lineitem_shipdate", "Startup Cost": 0.0, "Total Cost": 32817.39, "Plan Rows": 2304332, "Plan Width": 0, "Index Cond": "((l_shipdate >= '1993-08-01'::date) AND (l_shipdate < '1993-11-01 00:00:00'::timestamp without time zone))"}]}]}]}]}]}, {"Node Type": "Bitmap Heap Scan", "Parent Relationship": "Inner", "Parallel Aware": false, "Relation Name": "supplier", "Alias": "supplier", "Startup Cost": 0.88, "Total Cost": 1.99, "Plan Rows": 1, "Plan Width": 71, "Recheck Cond": "(s_suppkey = lineitem.l_suppkey)", "Plans": [{"Node Type": "Bitmap Index Scan", "Parent Relationship": "Outer", "Parallel Aware": false, "Index Name": "supplier_pkey", "Startup Cost": 0.0, "Total Cost": 0.88, "Plan Rows": 1, "Plan Width": 0, "Index Cond": "(s_suppkey = lineitem.l_suppkey)"}]}]}]}}, {"Plan": {"Node Type": "Limit", "Parallel Aware": false, "Startup Cost": 3039272.61, "Total Cost": 3039377.17, "Plan Rows": 1, "Plan Width": 103, "Plans": [{"Node Type": "Aggregate", "Strategy": "Plain", "Partial Mode": "Simple", "Parent Relationship": "InitPlan", "Subplan Name": "InitPlan 1 (returns $1)", "Parallel Aware": false, "Startup Cost": 1544851.83, "Total Cost": 1544851.84, "Plan Rows": 1, "Plan Width": 32, "Plans": [{"Node Type": "Aggregate", "Strategy": "Sorted", "Partial Mode": "Finalize", "Parent Relationship": "Outer", "Parallel Aware": false, "Startup Cost": 1494419.89, "Total Cost": 1543605.15, "Plan Rows": 99734, "Plan Width": 36, "Group Key": ["lineitem_1.l_suppkey"], "Plans": [{"Node Type": "Gather Merge", "Parent Relationship": "Outer", "Parallel Aware": false, "Startup Cost": 1494419.89, "Total Cost": 1540114.46, "Plan Rows": 299202, "Plan Width": 36, "Workers Planned": 3, "Plans": [{"Node Type": "Aggregate", "Strategy": "Sorted", "Partial Mode": "Partial", "Parent Relationship": "Outer", "Parallel Aware": false, "Startup Cost": 1493419.85, "Total Cost": 1503958.19, "Plan Rows": 99734, "Plan Width": 36, "Group Key": ["lineitem_1.l_suppkey"], "Plans": [{"Node Type": "Sort", "Parent Relationship": "Outer", "Parallel Aware": false, "Startup Cost": 1493419.85, "Total Cost": 1495278.18, "Plan Rows": 743333, "Plan Width": 16, "Sort Key": ["lineitem_1.l_suppkey"], "Plans": [{"Node Type": "Bitmap Heap Scan", "Parent Relationship": "Outer", "Parallel Aware": true, "Relation Name": "lineitem", "Alias": "lineitem_1", "Startup Cost": 33393.47, "Total Cost": 1413489.82, "Plan Rows": 743333, "Plan Width": 16, "Recheck Cond": "((l_shipdate >= '1993-08-01'::date) AND (l_shipdate < '1993-11-01 00:00:00'::timestamp without time zone))", "Plans": [{"Node Type": "Bitmap Index Scan", "Parent Relationship": "Outer", "Parallel Aware": false, "Index Name": "idx_lineitem_shipdate", "Startup Cost": 0.0, "Total Cost": 32817.39, "Plan Rows": 2304332, "Plan Width": 0, "Index Cond": "((l_shipdate >= '1993-08-01'::date) AND (l_shipdate < '1993-11-01 00:00:00'::timestamp without time zone))"}]}]}]}]}]}]}, {"Node Type": "Nested Loop", "Parent Relationship": "Outer", "Parallel Aware": false, "Join Type": "Inner", "Startup Cost": 1494420.77, "Total Cost": 1546599.08, "Plan Rows": 499, "Plan Width": 103, "Inner Unique": true, "Plans": [{"Node Type": "Aggregate", "Strategy": "Sorted", "Partial Mode": "Finalize", "Parent Relationship": "Outer", "Parallel Aware": false, "Startup Cost": 1494419.89, "Total Cost": 1545599.83, "Plan Rows": 499, "Plan Width": 36, "Group Key": ["lineitem.l_suppkey"], "Filter": "(sum((lineitem.l_extendedprice * ('1'::numeric - lineitem.l_discount))) = $1)", "Plans": [{"Node Type": "Gather Merge", "Parent Relationship": "Outer", "Parallel Aware": false, "Startup Cost": 1494419.89, "Total Cost": 1540114.46, "Plan Rows": 299202, "Plan Width": 36, "Workers Planned": 3, "Plans": [{"Node Type": "Aggregate", "Strategy": "Sorted", "Partial Mode": "Partial", "Parent Relationship": "Outer", "Parallel Aware": false, "Startup Cost": 1493419.85, "Total Cost": 1503958.19, "Plan Rows": 99734, "Plan Width": 36, "Group Key": ["lineitem.l_suppkey"], "Plans": [{"Node Type": "Sort", "Parent Relationship": "Outer", "Parallel Aware": false, "Startup Cost": 1493419.85, "Total Cost": 1495278.18, "Plan Rows": 743333, "Plan Width": 16, "Sort Key": ["lineitem.l_suppkey"], "Plans": [{"Node Type": "Bitmap Heap Scan", "Parent Relationship": "Outer", "Parallel Aware": true, "Relation Name": "lineitem", "Alias": "lineitem", "Startup Cost": 33393.47, "Total Cost": 1413489.82, "Plan Rows": 743333, "Plan Width": 16, "Recheck Cond": "((l_shipdate >= '1993-08-01'::date) AND (l_shipdate < '1993-11-01 00:00:00'::timestamp without time zone))", "Plans": [{"Node Type": "Bitmap Index Scan", "Parent Relationship": "Outer", "Parallel Aware": false, "Index Name": "idx_lineitem_shipdate", "Startup Cost": 0.0, "Total Cost": 32817.39, "Plan Rows": 2304332, "Plan Width": 0, "Index Cond": "((l_shipdate >= '1993-08-01'::date) AND (l_shipdate < '1993-11-01 00:00:00'::timestamp without time zone))"}]}]}]}]}]}, {"Node Type": "Bitmap Heap Scan", "Parent Relationship": "Inner", "Parallel Aware": false, "Relation Name": "supplier", "Alias": "supplier", "Startup Cost": 0.88, "Total Cost": 1.99, "Plan Rows": 1, "Plan Width": 71, "Recheck Cond": "(s_suppkey = lineitem.l_suppkey)", "Plans": [{"Node Type": "Bitmap Index Scan", "Parent Relationship": "Outer", "Parallel Aware": false, "Index Name": "supplier_pkey", "Startup Cost": 0.0, "Total Cost": 0.88, "Plan Rows": 1, "Plan Width": 0, "Index Cond": "(s_suppkey = lineitem.l_suppkey)"}]}]}]}}, {"Plan": {"Node Type": "Limit", "Parallel Aware": false, "Startup Cost": 3050792.55, "Total Cost": 3050896.14, "Plan Rows": 1, "Plan Width": 103, "Plans": [{"Node Type": "Aggregate", "Strategy": "Plain", "Partial Mode": "Simple", "Parent Relationship": "InitPlan", "Subplan Name": "InitPlan 1 (returns $1)", "Parallel Aware": false, "Startup Cost": 1544851.83, "Total Cost": 1544851.84, "Plan Rows": 1, "Plan Width": 32, "Plans": [{"Node Type": "Aggregate", "Strategy": "Sorted", "Partial Mode": "Finalize", "Parent Relationship": "Outer", "Parallel Aware": false, "Startup Cost": 1494419.89, "Total Cost": 1543605.15, "Plan Rows": 99734, "Plan Width": 36, "Group Key": ["lineitem_1.l_suppkey"], "Plans": [{"Node Type": "Gather Merge", "Parent Relationship": "Outer", "Parallel Aware": false, "Startup Cost": 1494419.89, "Total Cost": 1540114.46, "Plan Rows": 299202, "Plan Width": 36, "Workers Planned": 3, "Plans": [{"Node Type": "Aggregate", "Strategy": "Sorted", "Partial Mode": "Partial", "Parent Relationship": "Outer", "Parallel Aware": false, "Startup Cost": 1493419.85, "Total Cost": 1503958.19, "Plan Rows": 99734, "Plan Width": 36, "Group Key": ["lineitem_1.l_suppkey"], "Plans": [{"Node Type": "Sort", "Parent Relationship": "Outer", "Parallel Aware": false, "Startup Cost": 1493419.85, "Total Cost": 1495278.18, "Plan Rows": 743333, "Plan Width": 16, "Sort Key": ["lineitem_1.l_suppkey"], "Plans": [{"Node Type": "Bitmap Heap Scan", "Parent Relationship": "Outer", "Parallel Aware": true, "Relation Name": "lineitem", "Alias": "lineitem_1", "Startup Cost": 33393.47, "Total Cost": 1413489.82, "Plan Rows": 743333, "Plan Width": 16, "Recheck Cond": "((l_shipdate >= '1993-08-01'::date) AND (l_shipdate < '1993-11-01 00:00:00'::timestamp without time zone))", "Plans": [{"Node Type": "Bitmap Index Scan", "Parent Relationship": "Outer", "Parallel Aware": false, "Index Name": "idx_lineitem_shipdate", "Startup Cost": 0.0, "Total Cost": 32817.39, "Plan Rows": 2304332, "Plan Width": 0, "Index Cond": "((l_shipdate >= '1993-08-01'::date) AND (l_shipdate < '1993-11-01 00:00:00'::timestamp without time zone))"}]}]}]}]}]}]}, {"Node Type": "Merge Join", "Parent Relationship": "Outer", "Parallel Aware": false, "Join Type": "Inner", "Startup Cost": 1505940.71, "Total Cost": 1557631.88, "Plan Rows": 499, "Plan Width": 103, "Inner Unique": true, "Merge Cond": "(supplier.s_suppkey = lineitem.l_suppkey)", "Plans": [{"Node Type": "Sort", "Parent Relationship": "Outer", "Parallel Aware": false, "Startup Cost": 11520.82, "Total Cost": 11770.82, "Plan Rows": 100000, "Plan Width": 71, "Sort Key": ["supplier.s_suppkey"], "Plans": [{"Node Type": "Seq Scan", "Parent Relationship": "Outer", "Parallel Aware": false, "Relation Name": "supplier", "Alias": "supplier", "Startup Cost": 0.0, "Total Cost": 3216.0, "Plan Rows": 100000, "Plan Width": 71}]}, {"Node Type": "Aggregate", "Strategy": "Sorted", "Partial Mode": "Finalize", "Parent Relationship": "Inner", "Parallel Aware": false, "Startup Cost": 1494419.89, "Total Cost": 1545599.83, "Plan Rows": 499, "Plan Width": 36, "Group Key": ["lineitem.l_suppkey"], "Filter": "(sum((lineitem.l_extendedprice * ('1'::numeric - lineitem.l_discount))) = $1)", "Plans": [{"Node Type": "Gather Merge", "Parent Relationship": "Outer", "Parallel Aware": false, "Startup Cost": 1494419.89, "Total Cost": 1540114.46, "Plan Rows": 299202, "Plan Width": 36, "Workers Planned": 3, "Plans": [{"Node Type": "Aggregate", "Strategy": "Sorted", "Partial Mode": "Partial", "Parent Relationship": "Outer", "Parallel Aware": false, "Startup Cost": 1493419.85, "Total Cost": 1503958.19, "Plan Rows": 99734, "Plan Width": 36, "Group Key": ["lineitem.l_suppkey"], "Plans": [{"Node Type": "Sort", "Parent Relationship": "Outer", "Parallel Aware": false, "Startup Cost": 1493419.85, "Total Cost": 1495278.18, "Plan Rows": 743333, "Plan Width": 16, "Sort Key": ["lineitem.l_suppkey"], "Plans": [{"Node Type": "Bitmap Heap Scan", "Parent Relationship": "Outer", "Parallel Aware": true, "Relation Name": "lineitem", "Alias": "lineitem", "Startup Cost": 33393.47, "Total Cost": 1413489.82, "Plan Rows": 743333, "Plan Width": 16, "Recheck Cond": "((l_shipdate >= '1993-08-01'::date) AND (l_shipdate < '1993-11-01 00:00:00'::timestamp without time zone))", "Plans": [{"Node Type": "Bitmap Index Scan", "Parent Relationship": "Outer", "Parallel Aware": false, "Index Name": "idx_lineitem_shipdate", "Startup Cost": 0.0, "Total Cost": 32817.39, "Plan Rows": 2304332, "Plan Width": 0, "Index Cond": "((l_shipdate >= '1993-08-01'::date) AND (l_shipdate < '1993-11-01 00:00:00'::timestamp without time zone))"}]}]}]}]}]}]}]}}, {"Plan": {"Node Type": "Limit", "Parallel Aware": false, "Startup Cost": 3039272.61, "Total Cost": 3039377.17, "Plan Rows": 1, "Plan Width": 103, "Plans": [{"Node Type": "Aggregate", "Strategy": "Plain", "Partial Mode": "Simple", "Parent Relationship": "InitPlan", "Subplan Name": "InitPlan 1 (returns $1)", "Parallel Aware": false, "Startup Cost": 1544851.83, "Total Cost": 1544851.84, "Plan Rows": 1, "Plan Width": 32, "Plans": [{"Node Type": "Aggregate", "Strategy": "Sorted", "Partial Mode": "Finalize", "Parent Relationship": "Outer", "Parallel Aware": false, "Startup Cost": 1494419.89, "Total Cost": 1543605.15, "Plan Rows": 99734, "Plan Width": 36, "Group Key": ["lineitem_1.l_suppkey"], "Plans": [{"Node Type": "Gather Merge", "Parent Relationship": "Outer", "Parallel Aware": false, "Startup Cost": 1494419.89, "Total Cost": 1540114.46, "Plan Rows": 299202, "Plan Width": 36, "Workers Planned": 3, "Plans": [{"Node Type": "Aggregate", "Strategy": "Sorted", "Partial Mode": "Partial", "Parent Relationship": "Outer", "Parallel Aware": false, "Startup Cost": 1493419.85, "Total Cost": 1503958.19, "Plan Rows": 99734, "Plan Width": 36, "Group Key": ["lineitem_1.l_suppkey"], "Plans": [{"Node Type": "Sort", "Parent Relationship": "Outer", "Parallel Aware": false, "Startup Cost": 1493419.85, "Total Cost": 1495278.18, "Plan Rows": 743333, "Plan Width": 16, "Sort Key": ["lineitem_1.l_suppkey"], "Plans": [{"Node Type": "Bitmap Heap Scan", "Parent Relationship": "Outer", "Parallel Aware": true, "Relation Name": "lineitem", "Alias": "lineitem_1", "Startup Cost": 33393.47, "Total Cost": 1413489.82, "Plan Rows": 743333, "Plan Width": 16, "Recheck Cond": "((l_shipdate >= '1993-08-01'::date) AND (l_shipdate < '1993-11-01 00:00:00'::timestamp without time zone))", "Plans": [{"Node Type": "Bitmap Index Scan", "Parent Relationship": "Outer", "Parallel Aware": false, "Index Name": "idx_lineitem_shipdate", "Startup Cost": 0.0, "Total Cost": 32817.39, "Plan Rows": 2304332, "Plan Width": 0, "Index Cond": "((l_shipdate >= '1993-08-01'::date) AND (l_shipdate < '1993-11-01 00:00:00'::timestamp without time zone))"}]}]}]}]}]}]}, {"Node Type": "Nested Loop", "Parent Relationship": "Outer", "Parallel Aware": false, "Join Type": "Inner", "Startup Cost": 1494420.77, "Total Cost": 1546599.08, "Plan Rows": 499, "Plan Width": 103, "Inner Unique": true, "Plans": [{"Node Type": "Aggregate", "Strategy": "Sorted", "Partial Mode": "Finalize", "Parent Relationship": "Outer", "Parallel Aware": false, "Startup Cost": 1494419.89, "Total Cost": 1545599.83, "Plan Rows": 499, "Plan Width": 36, "Group Key": ["lineitem.l_suppkey"], "Filter": "(sum((lineitem.l_extendedprice * ('1'::numeric - lineitem.l_discount))) = $1)", "Plans": [{"Node Type": "Gather Merge", "Parent Relationship": "Outer", "Parallel Aware": false, "Startup Cost": 1494419.89, "Total Cost": 1540114.46, "Plan Rows": 299202, "Plan Width": 36, "Workers Planned": 3, "Plans": [{"Node Type": "Aggregate", "Strategy": "Sorted", "Partial Mode": "Partial", "Parent Relationship": "Outer", "Parallel Aware": false, "Startup Cost": 1493419.85, "Total Cost": 1503958.19, "Plan Rows": 99734, "Plan Width": 36, "Group Key": ["lineitem.l_suppkey"], "Plans": [{"Node Type": "Sort", "Parent Relationship": "Outer", "Parallel Aware": false, "Startup Cost": 1493419.85, "Total Cost": 1495278.18, "Plan Rows": 743333, "Plan Width": 16, "Sort Key": ["lineitem.l_suppkey"], "Plans": [{"Node Type": "Bitmap Heap Scan", "Parent Relationship": "Outer", "Parallel Aware": true, "Relation Name": "lineitem", "Alias": "lineitem", "Startup Cost": 33393.47, "Total Cost": 1413489.82, "Plan Rows": 743333, "Plan Width": 16, "Recheck Cond": "((l_shipdate >= '1993-08-01'::date) AND (l_shipdate < '1993-11-01 00:00:00'::timestamp without time zone))", "Plans": [{"Node Type": "Bitmap Index Scan", "Parent Relationship": "Outer", "Parallel Aware": false, "Index Name": "idx_lineitem_shipdate", "Startup Cost": 0.0, "Total Cost": 32817.39, "Plan Rows": 2304332, "Plan Width": 0, "Index Cond": "((l_shipdate >= '1993-08-01'::date) AND (l_shipdate < '1993-11-01 00:00:00'::timestamp without time zone))"}]}]}]}]}]}, {"Node Type": "Bitmap Heap Scan", "Parent Relationship": "Inner", "Parallel Aware": false, "Relation Name": "supplier", "Alias": "supplier", "Startup Cost": 0.88, "Total Cost": 1.99, "Plan Rows": 1, "Plan Width": 71, "Recheck Cond": "(s_suppkey = lineitem.l_suppkey)", "Plans": [{"Node Type": "Bitmap Index Scan", "Parent Relationship": "Outer", "Parallel Aware": false, "Index Name": "supplier_pkey", "Startup Cost": 0.0, "Total Cost": 0.88, "Plan Rows": 1, "Plan Width": 0, "Index Cond": "(s_suppkey = lineitem.l_suppkey)"}]}]}]}}, {"Plan": {"Node Type": "Limit", "Parallel Aware": false, "Startup Cost": 3039272.61, "Total Cost": 3039377.17, "Plan Rows": 1, "Plan Width": 103, "Plans": [{"Node Type": "Aggregate", "Strategy": "Plain", "Partial Mode": "Simple", "Parent Relationship": "InitPlan", "Subplan Name": "InitPlan 1 (returns $1)", "Parallel Aware": false, "Startup Cost": 1544851.83, "Total Cost": 1544851.84, "Plan Rows": 1, "Plan Width": 32, "Plans": [{"Node Type": "Aggregate", "Strategy": "Sorted", "Partial Mode": "Finalize", "Parent Relationship": "Outer", "Parallel Aware": false, "Startup Cost": 1494419.89, "Total Cost": 1543605.15, "Plan Rows": 99734, "Plan Width": 36, "Group Key": ["lineitem_1.l_suppkey"], "Plans": [{"Node Type": "Gather Merge", "Parent Relationship": "Outer", "Parallel Aware": false, "Startup Cost": 1494419.89, "Total Cost": 1540114.46, "Plan Rows": 299202, "Plan Width": 36, "Workers Planned": 3, "Plans": [{"Node Type": "Aggregate", "Strategy": "Sorted", "Partial Mode": "Partial", "Parent Relationship": "Outer", "Parallel Aware": false, "Startup Cost": 1493419.85, "Total Cost": 1503958.19, "Plan Rows": 99734, "Plan Width": 36, "Group Key": ["lineitem_1.l_suppkey"], "Plans": [{"Node Type": "Sort", "Parent Relationship": "Outer", "Parallel Aware": false, "Startup Cost": 1493419.85, "Total Cost": 1495278.18, "Plan Rows": 743333, "Plan Width": 16, "Sort Key": ["lineitem_1.l_suppkey"], "Plans": [{"Node Type": "Bitmap Heap Scan", "Parent Relationship": "Outer", "Parallel Aware": true, "Relation Name": "lineitem", "Alias": "lineitem_1", "Startup Cost": 33393.47, "Total Cost": 1413489.82, "Plan Rows": 743333, "Plan Width": 16, "Recheck Cond": "((l_shipdate >= '1993-08-01'::date) AND (l_shipdate < '1993-11-01 00:00:00'::timestamp without time zone))", "Plans": [{"Node Type": "Bitmap Index Scan", "Parent Relationship": "Outer", "Parallel Aware": false, "Index Name": "idx_lineitem_shipdate", "Startup Cost": 0.0, "Total Cost": 32817.39, "Plan Rows": 2304332, "Plan Width": 0, "Index Cond": "((l_shipdate >= '1993-08-01'::date) AND (l_shipdate < '1993-11-01 00:00:00'::timestamp without time zone))"}]}]}]}]}]}]}, {"Node Type": "Nested Loop", "Parent Relationship": "Outer", "Parallel Aware": false, "Join Type": "Inner", "Startup Cost": 1494420.77, "Total Cost": 1546599.08, "Plan Rows": 499, "Plan Width": 103, "Inner Unique": true, "Plans": [{"Node Type": "Aggregate", "Strategy": "Sorted", "Partial Mode": "Finalize", "Parent Relationship": "Outer", "Parallel Aware": false, "Startup Cost": 1494419.89, "Total Cost": 1545599.83, "Plan Rows": 499, "Plan Width": 36, "Group Key": ["lineitem.l_suppkey"], "Filter": "(sum((lineitem.l_extendedprice * ('1'::numeric - lineitem.l_discount))) = $1)", "Plans": [{"Node Type": "Gather Merge", "Parent Relationship": "Outer", "Parallel Aware": false, "Startup Cost": 1494419.89, "Total Cost": 1540114.46, "Plan Rows": 299202, "Plan Width": 36, "Workers Planned": 3, "Plans": [{"Node Type": "Aggregate", "Strategy": "Sorted", "Partial Mode": "Partial", "Parent Relationship": "Outer", "Parallel Aware": false, "Startup Cost": 1493419.85, "Total Cost": 1503958.19, "Plan Rows": 99734, "Plan Width": 36, "Group Key": ["lineitem.l_suppkey"], "Plans": [{"Node Type": "Sort", "Parent Relationship": "Outer", "Parallel Aware": false, "Startup Cost": 1493419.85, "Total Cost": 1495278.18, "Plan Rows": 743333, "Plan Width": 16, "Sort Key": ["lineitem.l_suppkey"], "Plans": [{"Node Type": "Bitmap Heap Scan", "Parent Relationship": "Outer", "Parallel Aware": true, "Relation Name": "lineitem", "Alias": "lineitem", "Startup Cost": 33393.47, "Total Cost": 1413489.82, "Plan Rows": 743333, "Plan Width": 16, "Recheck Cond": "((l_shipdate >= '1993-08-01'::date) AND (l_shipdate < '1993-11-01 00:00:00'::timestamp without time zone))", "Plans": [{"Node Type": "Bitmap Index Scan", "Parent Relationship": "Outer", "Parallel Aware": false, "Index Name": "idx_lineitem_shipdate", "Startup Cost": 0.0, "Total Cost": 32817.39, "Plan Rows": 2304332, "Plan Width": 0, "Index Cond": "((l_shipdate >= '1993-08-01'::date) AND (l_shipdate < '1993-11-01 00:00:00'::timestamp without time zone))"}]}]}]}]}]}, {"Node Type": "Bitmap Heap Scan", "Parent Relationship": "Inner", "Parallel Aware": false, "Relation Name": "supplier", "Alias": "supplier", "Startup Cost": 0.88, "Total Cost": 1.99, "Plan Rows": 1, "Plan Width": 71, "Recheck Cond": "(s_suppkey = lineitem.l_suppkey)", "Plans": [{"Node Type": "Bitmap Index Scan", "Parent Relationship": "Outer", "Parallel Aware": false, "Index Name": "supplier_pkey", "Startup Cost": 0.0, "Total Cost": 0.88, "Plan Rows": 1, "Plan Width": 0, "Index Cond": "(s_suppkey = lineitem.l_suppkey)"}]}]}]}}, {"Plan": {"Node Type": "Limit", "Parallel Aware": false, "Startup Cost": 2766781.67, "Total Cost": 2766892.82, "Plan Rows": 1, "Plan Width": 103, "Plans": [{"Node Type": "Aggregate", "Strategy": "Plain", "Partial Mode": "Simple", "Parent Relationship": "InitPlan", "Subplan Name": "InitPlan 1 (returns $1)", "Parallel Aware": false, "Startup Cost": 1408606.65, "Total Cost": 1408606.66, "Plan Rows": 1, "Plan Width": 32, "Plans": [{"Node Type": "Aggregate", "Strategy": "Sorted", "Partial Mode": "Finalize", "Parent Relationship": "Outer", "Parallel Aware": false, "Startup Cost": 1358174.72, "Total Cost": 1407359.98, "Plan Rows": 99734, "Plan Width": 36, "Group Key": ["lineitem_1.l_suppkey"], "Plans": [{"Node Type": "Gather Merge", "Parent Relationship": "Outer", "Parallel Aware": false, "Startup Cost": 1358174.72, "Total Cost": 1403869.29, "Plan Rows": 299202, "Plan Width": 36, "Workers Planned": 3, "Plans": [{"Node Type": "Aggregate", "Strategy": "Sorted", "Partial Mode": "Partial", "Parent Relationship": "Outer", "Parallel Aware": false, "Startup Cost": 1357174.68, "Total Cost": 1367713.01, "Plan Rows": 99734, "Plan Width": 36, "Group Key": ["lineitem_1.l_suppkey"], "Plans": [{"Node Type": "Sort", "Parent Relationship": "Outer", "Parallel Aware": false, "Startup Cost": 1357174.68, "Total Cost": 1359033.01, "Plan Rows": 743333, "Plan Width": 16, "Sort Key": ["lineitem_1.l_suppkey"], "Plans": [{"Node Type": "Index Scan", "Parent Relationship": "Outer", "Parallel Aware": true, "Scan Direction": "Forward", "Index Name": "idx_lineitem_shipdate", "Relation Name": "lineitem", "Alias": "lineitem_1", "Startup Cost": 0.56, "Total Cost": 1277244.65, "Plan Rows": 743333, "Plan Width": 16, "Index Cond": "((l_shipdate >= '1993-08-01'::date) AND (l_shipdate < '1993-11-01 00:00:00'::timestamp without time zone))"}]}]}]}]}]}, {"Node Type": "Merge Join", "Parent Relationship": "Outer", "Parallel Aware": false, "Join Type": "Inner", "Startup Cost": 1358175.01, "Total Cost": 1413635.98, "Plan Rows": 499, "Plan Width": 103, "Inner Unique": true, "Merge Cond": "(supplier.s_suppkey = lineitem.l_suppkey)", "Plans": [{"Node Type": "Index Scan", "Parent Relationship": "Outer", "Parallel Aware": false, "Scan Direction": "Forward", "Index Name": "supplier_pkey", "Relation Name": "supplier", "Alias": "supplier", "Startup Cost": 0.29, "Total Cost": 4020.1, "Plan Rows": 100000, "Plan Width": 71}, {"Node Type": "Aggregate", "Strategy": "Sorted", "Partial Mode": "Finalize", "Parent Relationship": "Inner", "Parallel Aware": false, "Startup Cost": 1358174.72, "Total Cost": 1409354.66, "Plan Rows": 499, "Plan Width": 36, "Group Key": ["lineitem.l_suppkey"], "Filter": "(sum((lineitem.l_extendedprice * ('1'::numeric - lineitem.l_discount))) = $1)", "Plans": [{"Node Type": "Gather Merge", "Parent Relationship": "Outer", "Parallel Aware": false, "Startup Cost": 1358174.72, "Total Cost": 1403869.29, "Plan Rows": 299202, "Plan Width": 36, "Workers Planned": 3, "Plans": [{"Node Type": "Aggregate", "Strategy": "Sorted", "Partial Mode": "Partial", "Parent Relationship": "Outer", "Parallel Aware": false, "Startup Cost": 1357174.68, "Total Cost": 1367713.01, "Plan Rows": 99734, "Plan Width": 36, "Group Key": ["lineitem.l_suppkey"], "Plans": [{"Node Type": "Sort", "Parent Relationship": "Outer", "Parallel Aware": false, "Startup Cost": 1357174.68, "Total Cost": 1359033.01, "Plan Rows": 743333, "Plan Width": 16, "Sort Key": ["lineitem.l_suppkey"], "Plans": [{"Node Type": "Index Scan", "Parent Relationship": "Outer", "Parallel Aware": true, "Scan Direction": "Forward", "Index Name": "idx_lineitem_shipdate", "Relation Name": "lineitem", "Alias": "lineitem", "Startup Cost": 0.56, "Total Cost": 1277244.65, "Plan Rows": 743333, "Plan Width": 16, "Index Cond": "((l_shipdate >= '1993-08-01'::date) AND (l_shipdate < '1993-11-01 00:00:00'::timestamp without time zone))"}]}]}]}]}]}]}}, {"Plan": {"Node Type": "Limit", "Parallel Aware": false, "Startup Cost": 2766781.67, "Total Cost": 2766886.13, "Plan Rows": 1, "Plan Width": 103, "Plans": [{"Node Type": "Aggregate", "Strategy": "Plain", "Partial Mode": "Simple", "Parent Relationship": "InitPlan", "Subplan Name": "InitPlan 1 (returns $1)", "Parallel Aware": false, "Startup Cost": 1408606.65, "Total Cost": 1408606.66, "Plan Rows": 1, "Plan Width": 32, "Plans": [{"Node Type": "Aggregate", "Strategy": "Sorted", "Partial Mode": "Finalize", "Parent Relationship": "Outer", "Parallel Aware": false, "Startup Cost": 1358174.72, "Total Cost": 1407359.98, "Plan Rows": 99734, "Plan Width": 36, "Group Key": ["lineitem_1.l_suppkey"], "Plans": [{"Node Type": "Gather Merge", "Parent Relationship": "Outer", "Parallel Aware": false, "Startup Cost": 1358174.72, "Total Cost": 1403869.29, "Plan Rows": 299202, "Plan Width": 36, "Workers Planned": 3, "Plans": [{"Node Type": "Aggregate", "Strategy": "Sorted", "Partial Mode": "Partial", "Parent Relationship": "Outer", "Parallel Aware": false, "Startup Cost": 1357174.68, "Total Cost": 1367713.01, "Plan Rows": 99734, "Plan Width": 36, "Group Key": ["lineitem_1.l_suppkey"], "Plans": [{"Node Type": "Sort", "Parent Relationship": "Outer", "Parallel Aware": false, "Startup Cost": 1357174.68, "Total Cost": 1359033.01, "Plan Rows": 743333, "Plan Width": 16, "Sort Key": ["lineitem_1.l_suppkey"], "Plans": [{"Node Type": "Index Scan", "Parent Relationship": "Outer", "Parallel Aware": true, "Scan Direction": "Forward", "Index Name": "idx_lineitem_shipdate", "Relation Name": "lineitem", "Alias": "lineitem_1", "Startup Cost": 0.56, "Total Cost": 1277244.65, "Plan Rows": 743333, "Plan Width": 16, "Index Cond": "((l_shipdate >= '1993-08-01'::date) AND (l_shipdate < '1993-11-01 00:00:00'::timestamp without time zone))"}]}]}]}]}]}, {"Node Type": "Nested Loop", "Parent Relationship": "Outer", "Parallel Aware": false, "Join Type": "Inner", "Startup Cost": 1358175.01, "Total Cost": 1410297.54, "Plan Rows": 499, "Plan Width": 103, "Inner Unique": true, "Plans": [{"Node Type": "Aggregate", "Strategy": "Sorted", "Partial Mode": "Finalize", "Parent Relationship": "Outer", "Parallel Aware": false, "Startup Cost": 1358174.72, "Total Cost": 1409354.66, "Plan Rows": 499, "Plan Width": 36, "Group Key": ["lineitem.l_suppkey"], "Filter": "(sum((lineitem.l_extendedprice * ('1'::numeric - lineitem.l_discount))) = $1)", "Plans": [{"Node Type": "Gather Merge", "Parent Relationship": "Outer", "Parallel Aware": false, "Startup Cost": 1358174.72, "Total Cost": 1403869.29, "Plan Rows": 299202, "Plan Width": 36, "Workers Planned": 3, "Plans": [{"Node Type": "Aggregate", "Strategy": "Sorted", "Partial Mode": "Partial", "Parent Relationship": "Outer", "Parallel Aware": false, "Startup Cost": 1357174.68, "Total Cost": 1367713.01, "Plan Rows": 99734, "Plan Width": 36, "Group Key": ["lineitem.l_suppkey"], "Plans": [{"Node Type": "Sort", "Parent Relationship": "Outer", "Parallel Aware": false, "Startup Cost": 1357174.68, "Total Cost": 1359033.01, "Plan Rows": 743333, "Plan Width": 16, "Sort Key": ["lineitem.l_suppkey"], "Plans": [{"Node Type": "Index Scan", "Parent Relationship": "Outer", "Parallel Aware": true, "Scan Direction": "Forward", "Index Name": "idx_lineitem_shipdate", "Relation Name": "lineitem", "Alias": "lineitem", "Startup Cost": 0.56, "Total Cost": 1277244.65, "Plan Rows": 743333, "Plan Width": 16, "Index Cond": "((l_shipdate >= '1993-08-01'::date) AND (l_shipdate < '1993-11-01 00:00:00'::timestamp without time zone))"}]}]}]}]}, {"Node Type": "Index Scan", "Parent Relationship": "Inner", "Parallel Aware": false, "Scan Direction": "Forward", "Index Name": "supplier_pkey", "Relation Name": "supplier", "Alias": "supplier", "Startup Cost": 0.29, "Total Cost": 1.88, "Plan Rows": 1, "Plan Width": 71, "Index Cond": "(s_suppkey = lineitem.l_suppkey)"}]}]}}, {"Plan": {"Node Type": "Limit", "Parallel Aware": false, "Startup Cost": 2766781.67, "Total Cost": 2766886.13, "Plan Rows": 1, "Plan Width": 103, "Plans": [{"Node Type": "Aggregate", "Strategy": "Plain", "Partial Mode": "Simple", "Parent Relationship": "InitPlan", "Subplan Name": "InitPlan 1 (returns $1)", "Parallel Aware": false, "Startup Cost": 1408606.65, "Total Cost": 1408606.66, "Plan Rows": 1, "Plan Width": 32, "Plans": [{"Node Type": "Aggregate", "Strategy": "Sorted", "Partial Mode": "Finalize", "Parent Relationship": "Outer", "Parallel Aware": false, "Startup Cost": 1358174.72, "Total Cost": 1407359.98, "Plan Rows": 99734, "Plan Width": 36, "Group Key": ["lineitem_1.l_suppkey"], "Plans": [{"Node Type": "Gather Merge", "Parent Relationship": "Outer", "Parallel Aware": false, "Startup Cost": 1358174.72, "Total Cost": 1403869.29, "Plan Rows": 299202, "Plan Width": 36, "Workers Planned": 3, "Plans": [{"Node Type": "Aggregate", "Strategy": "Sorted", "Partial Mode": "Partial", "Parent Relationship": "Outer", "Parallel Aware": false, "Startup Cost": 1357174.68, "Total Cost": 1367713.01, "Plan Rows": 99734, "Plan Width": 36, "Group Key": ["lineitem_1.l_suppkey"], "Plans": [{"Node Type": "Sort", "Parent Relationship": "Outer", "Parallel Aware": false, "Startup Cost": 1357174.68, "Total Cost": 1359033.01, "Plan Rows": 743333, "Plan Width": 16, "Sort Key": ["lineitem_1.l_suppkey"], "Plans": [{"Node Type": "Index Scan", "Parent Relationship": "Outer", "Parallel Aware": true, "Scan Direction": "Forward", "Index Name": "idx_lineitem_shipdate", "Relation Name": "lineitem", "Alias": "lineitem_1", "Startup Cost": 0.56, "Total Cost": 1277244.65, "Plan Rows": 743333, "Plan Width": 16, "Index Cond": "((l_shipdate >= '1993-08-01'::date) AND (l_shipdate < '1993-11-01 00:00:00'::timestamp without time zone))"}]}]}]}]}]}, {"Node Type": "Nested Loop", "Parent Relationship": "Outer", "Parallel Aware": false, "Join Type": "Inner", "Startup Cost": 1358175.01, "Total Cost": 1410297.54, "Plan Rows": 499, "Plan Width": 103, "Inner Unique": true, "Plans": [{"Node Type": "Aggregate", "Strategy": "Sorted", "Partial Mode": "Finalize", "Parent Relationship": "Outer", "Parallel Aware": false, "Startup Cost": 1358174.72, "Total Cost": 1409354.66, "Plan Rows": 499, "Plan Width": 36, "Group Key": ["lineitem.l_suppkey"], "Filter": "(sum((lineitem.l_extendedprice * ('1'::numeric - lineitem.l_discount))) = $1)", "Plans": [{"Node Type": "Gather Merge", "Parent Relationship": "Outer", "Parallel Aware": false, "Startup Cost": 1358174.72, "Total Cost": 1403869.29, "Plan Rows": 299202, "Plan Width": 36, "Workers Planned": 3, "Plans": [{"Node Type": "Aggregate", "Strategy": "Sorted", "Partial Mode": "Partial", "Parent Relationship": "Outer", "Parallel Aware": false, "Startup Cost": 1357174.68, "Total Cost": 1367713.01, "Plan Rows": 99734, "Plan Width": 36, "Group Key": ["lineitem.l_suppkey"], "Plans": [{"Node Type": "Sort", "Parent Relationship": "Outer", "Parallel Aware": false, "Startup Cost": 1357174.68, "Total Cost": 1359033.01, "Plan Rows": 743333, "Plan Width": 16, "Sort Key": ["lineitem.l_suppkey"], "Plans": [{"Node Type": "Index Scan", "Parent Relationship": "Outer", "Parallel Aware": true, "Scan Direction": "Forward", "Index Name": "idx_lineitem_shipdate", "Relation Name": "lineitem", "Alias": "lineitem", "Startup Cost": 0.56, "Total Cost": 1277244.65, "Plan Rows": 743333, "Plan Width": 16, "Index Cond": "((l_shipdate >= '1993-08-01'::date) AND (l_shipdate < '1993-11-01 00:00:00'::timestamp without time zone))"}]}]}]}]}, {"Node Type": "Index Scan", "Parent Relationship": "Inner", "Parallel Aware": false, "Scan Direction": "Forward", "Index Name": "supplier_pkey", "Relation Name": "supplier", "Alias": "supplier", "Startup Cost": 0.29, "Total Cost": 1.88, "Plan Rows": 1, "Plan Width": 71, "Index Cond": "(s_suppkey = lineitem.l_suppkey)"}]}]}}, {"Plan": {"Node Type": "Limit", "Parallel Aware": false, "Startup Cost": 2766781.67, "Total Cost": 2766892.82, "Plan Rows": 1, "Plan Width": 103, "Plans": [{"Node Type": "Aggregate", "Strategy": "Plain", "Partial Mode": "Simple", "Parent Relationship": "InitPlan", "Subplan Name": "InitPlan 1 (returns $1)", "Parallel Aware": false, "Startup Cost": 1408606.65, "Total Cost": 1408606.66, "Plan Rows": 1, "Plan Width": 32, "Plans": [{"Node Type": "Aggregate", "Strategy": "Sorted", "Partial Mode": "Finalize", "Parent Relationship": "Outer", "Parallel Aware": false, "Startup Cost": 1358174.72, "Total Cost": 1407359.98, "Plan Rows": 99734, "Plan Width": 36, "Group Key": ["lineitem_1.l_suppkey"], "Plans": [{"Node Type": "Gather Merge", "Parent Relationship": "Outer", "Parallel Aware": false, "Startup Cost": 1358174.72, "Total Cost": 1403869.29, "Plan Rows": 299202, "Plan Width": 36, "Workers Planned": 3, "Plans": [{"Node Type": "Aggregate", "Strategy": "Sorted", "Partial Mode": "Partial", "Parent Relationship": "Outer", "Parallel Aware": false, "Startup Cost": 1357174.68, "Total Cost": 1367713.01, "Plan Rows": 99734, "Plan Width": 36, "Group Key": ["lineitem_1.l_suppkey"], "Plans": [{"Node Type": "Sort", "Parent Relationship": "Outer", "Parallel Aware": false, "Startup Cost": 1357174.68, "Total Cost": 1359033.01, "Plan Rows": 743333, "Plan Width": 16, "Sort Key": ["lineitem_1.l_suppkey"], "Plans": [{"Node Type": "Index Scan", "Parent Relationship": "Outer", "Parallel Aware": true, "Scan Direction": "Forward", "Index Name": "idx_lineitem_shipdate", "Relation Name": "lineitem", "Alias": "lineitem_1", "Startup Cost": 0.56, "Total Cost": 1277244.65, "Plan Rows": 743333, "Plan Width": 16, "Index Cond": "((l_shipdate >= '1993-08-01'::date) AND (l_shipdate < '1993-11-01 00:00:00'::timestamp without time zone))"}]}]}]}]}]}, {"Node Type": "Merge Join", "Parent Relationship": "Outer", "Parallel Aware": false, "Join Type": "Inner", "Startup Cost": 1358175.01, "Total Cost": 1413635.98, "Plan Rows": 499, "Plan Width": 103, "Inner Unique": true, "Merge Cond": "(supplier.s_suppkey = lineitem.l_suppkey)", "Plans": [{"Node Type": "Index Scan", "Parent Relationship": "Outer", "Parallel Aware": false, "Scan Direction": "Forward", "Index Name": "supplier_pkey", "Relation Name": "supplier", "Alias": "supplier", "Startup Cost": 0.29, "Total Cost": 4020.1, "Plan Rows": 100000, "Plan Width": 71}, {"Node Type": "Aggregate", "Strategy": "Sorted", "Partial Mode": "Finalize", "Parent Relationship": "Inner", "Parallel Aware": false, "Startup Cost": 1358174.72, "Total Cost": 1409354.66, "Plan Rows": 499, "Plan Width": 36, "Group Key": ["lineitem.l_suppkey"], "Filter": "(sum((lineitem.l_extendedprice * ('1'::numeric - lineitem.l_discount))) = $1)", "Plans": [{"Node Type": "Gather Merge", "Parent Relationship": "Outer", "Parallel Aware": false, "Startup Cost": 1358174.72, "Total Cost": 1403869.29, "Plan Rows": 299202, "Plan Width": 36, "Workers Planned": 3, "Plans": [{"Node Type": "Aggregate", "Strategy": "Sorted", "Partial Mode": "Partial", "Parent Relationship": "Outer", "Parallel Aware": false, "Startup Cost": 1357174.68, "Total Cost": 1367713.01, "Plan Rows": 99734, "Plan Width": 36, "Group Key": ["lineitem.l_suppkey"], "Plans": [{"Node Type": "Sort", "Parent Relationship": "Outer", "Parallel Aware": false, "Startup Cost": 1357174.68, "Total Cost": 1359033.01, "Plan Rows": 743333, "Plan Width": 16, "Sort Key": ["lineitem.l_suppkey"], "Plans": [{"Node Type": "Index Scan", "Parent Relationship": "Outer", "Parallel Aware": true, "Scan Direction": "Forward", "Index Name": "idx_lineitem_shipdate", "Relation Name": "lineitem", "Alias": "lineitem", "Startup Cost": 0.56, "Total Cost": 1277244.65, "Plan Rows": 743333, "Plan Width": 16, "Index Cond": "((l_shipdate >= '1993-08-01'::date) AND (l_shipdate < '1993-11-01 00:00:00'::timestamp without time zone))"}]}]}]}]}]}]}}, {"Plan": {"Node Type": "Limit", "Parallel Aware": false, "Startup Cost": 2766781.67, "Total Cost": 2766886.13, "Plan Rows": 1, "Plan Width": 103, "Plans": [{"Node Type": "Aggregate", "Strategy": "Plain", "Partial Mode": "Simple", "Parent Relationship": "InitPlan", "Subplan Name": "InitPlan 1 (returns $1)", "Parallel Aware": false, "Startup Cost": 1408606.65, "Total Cost": 1408606.66, "Plan Rows": 1, "Plan Width": 32, "Plans": [{"Node Type": "Aggregate", "Strategy": "Sorted", "Partial Mode": "Finalize", "Parent Relationship": "Outer", "Parallel Aware": false, "Startup Cost": 1358174.72, "Total Cost": 1407359.98, "Plan Rows": 99734, "Plan Width": 36, "Group Key": ["lineitem_1.l_suppkey"], "Plans": [{"Node Type": "Gather Merge", "Parent Relationship": "Outer", "Parallel Aware": false, "Startup Cost": 1358174.72, "Total Cost": 1403869.29, "Plan Rows": 299202, "Plan Width": 36, "Workers Planned": 3, "Plans": [{"Node Type": "Aggregate", "Strategy": "Sorted", "Partial Mode": "Partial", "Parent Relationship": "Outer", "Parallel Aware": false, "Startup Cost": 1357174.68, "Total Cost": 1367713.01, "Plan Rows": 99734, "Plan Width": 36, "Group Key": ["lineitem_1.l_suppkey"], "Plans": [{"Node Type": "Sort", "Parent Relationship": "Outer", "Parallel Aware": false, "Startup Cost": 1357174.68, "Total Cost": 1359033.01, "Plan Rows": 743333, "Plan Width": 16, "Sort Key": ["lineitem_1.l_suppkey"], "Plans": [{"Node Type": "Index Scan", "Parent Relationship": "Outer", "Parallel Aware": true, "Scan Direction": "Forward", "Index Name": "idx_lineitem_shipdate", "Relation Name": "lineitem", "Alias": "lineitem_1", "Startup Cost": 0.56, "Total Cost": 1277244.65, "Plan Rows": 743333, "Plan Width": 16, "Index Cond": "((l_shipdate >= '1993-08-01'::date) AND (l_shipdate < '1993-11-01 00:00:00'::timestamp without time zone))"}]}]}]}]}]}, {"Node Type": "Nested Loop", "Parent Relationship": "Outer", "Parallel Aware": false, "Join Type": "Inner", "Startup Cost": 1358175.01, "Total Cost": 1410297.54, "Plan Rows": 499, "Plan Width": 103, "Inner Unique": true, "Plans": [{"Node Type": "Aggregate", "Strategy": "Sorted", "Partial Mode": "Finalize", "Parent Relationship": "Outer", "Parallel Aware": false, "Startup Cost": 1358174.72, "Total Cost": 1409354.66, "Plan Rows": 499, "Plan Width": 36, "Group Key": ["lineitem.l_suppkey"], "Filter": "(sum((lineitem.l_extendedprice * ('1'::numeric - lineitem.l_discount))) = $1)", "Plans": [{"Node Type": "Gather Merge", "Parent Relationship": "Outer", "Parallel Aware": false, "Startup Cost": 1358174.72, "Total Cost": 1403869.29, "Plan Rows": 299202, "Plan Width": 36, "Workers Planned": 3, "Plans": [{"Node Type": "Aggregate", "Strategy": "Sorted", "Partial Mode": "Partial", "Parent Relationship": "Outer", "Parallel Aware": false, "Startup Cost": 1357174.68, "Total Cost": 1367713.01, "Plan Rows": 99734, "Plan Width": 36, "Group Key": ["lineitem.l_suppkey"], "Plans": [{"Node Type": "Sort", "Parent Relationship": "Outer", "Parallel Aware": false, "Startup Cost": 1357174.68, "Total Cost": 1359033.01, "Plan Rows": 743333, "Plan Width": 16, "Sort Key": ["lineitem.l_suppkey"], "Plans": [{"Node Type": "Index Scan", "Parent Relationship": "Outer", "Parallel Aware": true, "Scan Direction": "Forward", "Index Name": "idx_lineitem_shipdate", "Relation Name": "lineitem", "Alias": "lineitem", "Startup Cost": 0.56, "Total Cost": 1277244.65, "Plan Rows": 743333, "Plan Width": 16, "Index Cond": "((l_shipdate >= '1993-08-01'::date) AND (l_shipdate < '1993-11-01 00:00:00'::timestamp without time zone))"}]}]}]}]}, {"Node Type": "Index Scan", "Parent Relationship": "Inner", "Parallel Aware": false, "Scan Direction": "Forward", "Index Name": "supplier_pkey", "Relation Name": "supplier", "Alias": "supplier", "Startup Cost": 0.29, "Total Cost": 1.88, "Plan Rows": 1, "Plan Width": 71, "Index Cond": "(s_suppkey = lineitem.l_suppkey)"}]}]}}, {"Plan": {"Node Type": "Limit", "Parallel Aware": false, "Startup Cost": 2766781.67, "Total Cost": 2766886.13, "Plan Rows": 1, "Plan Width": 103, "Plans": [{"Node Type": "Aggregate", "Strategy": "Plain", "Partial Mode": "Simple", "Parent Relationship": "InitPlan", "Subplan Name": "InitPlan 1 (returns $1)", "Parallel Aware": false, "Startup Cost": 1408606.65, "Total Cost": 1408606.66, "Plan Rows": 1, "Plan Width": 32, "Plans": [{"Node Type": "Aggregate", "Strategy": "Sorted", "Partial Mode": "Finalize", "Parent Relationship": "Outer", "Parallel Aware": false, "Startup Cost": 1358174.72, "Total Cost": 1407359.98, "Plan Rows": 99734, "Plan Width": 36, "Group Key": ["lineitem_1.l_suppkey"], "Plans": [{"Node Type": "Gather Merge", "Parent Relationship": "Outer", "Parallel Aware": false, "Startup Cost": 1358174.72, "Total Cost": 1403869.29, "Plan Rows": 299202, "Plan Width": 36, "Workers Planned": 3, "Plans": [{"Node Type": "Aggregate", "Strategy": "Sorted", "Partial Mode": "Partial", "Parent Relationship": "Outer", "Parallel Aware": false, "Startup Cost": 1357174.68, "Total Cost": 1367713.01, "Plan Rows": 99734, "Plan Width": 36, "Group Key": ["lineitem_1.l_suppkey"], "Plans": [{"Node Type": "Sort", "Parent Relationship": "Outer", "Parallel Aware": false, "Startup Cost": 1357174.68, "Total Cost": 1359033.01, "Plan Rows": 743333, "Plan Width": 16, "Sort Key": ["lineitem_1.l_suppkey"], "Plans": [{"Node Type": "Index Scan", "Parent Relationship": "Outer", "Parallel Aware": true, "Scan Direction": "Forward", "Index Name": "idx_lineitem_shipdate", "Relation Name": "lineitem", "Alias": "lineitem_1", "Startup Cost": 0.56, "Total Cost": 1277244.65, "Plan Rows": 743333, "Plan Width": 16, "Index Cond": "((l_shipdate >= '1993-08-01'::date) AND (l_shipdate < '1993-11-01 00:00:00'::timestamp without time zone))"}]}]}]}]}]}, {"Node Type": "Nested Loop", "Parent Relationship": "Outer", "Parallel Aware": false, "Join Type": "Inner", "Startup Cost": 1358175.01, "Total Cost": 1410297.54, "Plan Rows": 499, "Plan Width": 103, "Inner Unique": true, "Plans": [{"Node Type": "Aggregate", "Strategy": "Sorted", "Partial Mode": "Finalize", "Parent Relationship": "Outer", "Parallel Aware": false, "Startup Cost": 1358174.72, "Total Cost": 1409354.66, "Plan Rows": 499, "Plan Width": 36, "Group Key": ["lineitem.l_suppkey"], "Filter": "(sum((lineitem.l_extendedprice * ('1'::numeric - lineitem.l_discount))) = $1)", "Plans": [{"Node Type": "Gather Merge", "Parent Relationship": "Outer", "Parallel Aware": false, "Startup Cost": 1358174.72, "Total Cost": 1403869.29, "Plan Rows": 299202, "Plan Width": 36, "Workers Planned": 3, "Plans": [{"Node Type": "Aggregate", "Strategy": "Sorted", "Partial Mode": "Partial", "Parent Relationship": "Outer", "Parallel Aware": false, "Startup Cost": 1357174.68, "Total Cost": 1367713.01, "Plan Rows": 99734, "Plan Width": 36, "Group Key": ["lineitem.l_suppkey"], "Plans": [{"Node Type": "Sort", "Parent Relationship": "Outer", "Parallel Aware": false, "Startup Cost": 1357174.68, "Total Cost": 1359033.01, "Plan Rows": 743333, "Plan Width": 16, "Sort Key": ["lineitem.l_suppkey"], "Plans": [{"Node Type": "Index Scan", "Parent Relationship": "Outer", "Parallel Aware": true, "Scan Direction": "Forward", "Index Name": "idx_lineitem_shipdate", "Relation Name": "lineitem", "Alias": "lineitem", "Startup Cost": 0.56, "Total Cost": 1277244.65, "Plan Rows": 743333, "Plan Width": 16, "Index Cond": "((l_shipdate >= '1993-08-01'::date) AND (l_shipdate < '1993-11-01 00:00:00'::timestamp without time zone))"}]}]}]}]}, {"Node Type": "Index Scan", "Parent Relationship": "Inner", "Parallel Aware": false, "Scan Direction": "Forward", "Index Name": "supplier_pkey", "Relation Name": "supplier", "Alias": "supplier", "Startup Cost": 0.29, "Total Cost": 1.88, "Plan Rows": 1, "Plan Width": 71, "Index Cond": "(s_suppkey = lineitem.l_suppkey)"}]}]}}, {"Plan": {"Node Type": "Limit", "Parallel Aware": false, "Startup Cost": 3039272.61, "Total Cost": 3039377.17, "Plan Rows": 1, "Plan Width": 103, "Plans": [{"Node Type": "Aggregate", "Strategy": "Plain", "Partial Mode": "Simple", "Parent Relationship": "InitPlan", "Subplan Name": "InitPlan 1 (returns $1)", "Parallel Aware": false, "Startup Cost": 1544851.83, "Total Cost": 1544851.84, "Plan Rows": 1, "Plan Width": 32, "Plans": [{"Node Type": "Aggregate", "Strategy": "Sorted", "Partial Mode": "Finalize", "Parent Relationship": "Outer", "Parallel Aware": false, "Startup Cost": 1494419.89, "Total Cost": 1543605.15, "Plan Rows": 99734, "Plan Width": 36, "Group Key": ["lineitem_1.l_suppkey"], "Plans": [{"Node Type": "Gather Merge", "Parent Relationship": "Outer", "Parallel Aware": false, "Startup Cost": 1494419.89, "Total Cost": 1540114.46, "Plan Rows": 299202, "Plan Width": 36, "Workers Planned": 3, "Plans": [{"Node Type": "Aggregate", "Strategy": "Sorted", "Partial Mode": "Partial", "Parent Relationship": "Outer", "Parallel Aware": false, "Startup Cost": 1493419.85, "Total Cost": 1503958.19, "Plan Rows": 99734, "Plan Width": 36, "Group Key": ["lineitem_1.l_suppkey"], "Plans": [{"Node Type": "Sort", "Parent Relationship": "Outer", "Parallel Aware": false, "Startup Cost": 1493419.85, "Total Cost": 1495278.18, "Plan Rows": 743333, "Plan Width": 16, "Sort Key": ["lineitem_1.l_suppkey"], "Plans": [{"Node Type": "Bitmap Heap Scan", "Parent Relationship": "Outer", "Parallel Aware": true, "Relation Name": "lineitem", "Alias": "lineitem_1", "Startup Cost": 33393.47, "Total Cost": 1413489.82, "Plan Rows": 743333, "Plan Width": 16, "Recheck Cond": "((l_shipdate >= '1993-08-01'::date) AND (l_shipdate < '1993-11-01 00:00:00'::timestamp without time zone))", "Plans": [{"Node Type": "Bitmap Index Scan", "Parent Relationship": "Outer", "Parallel Aware": false, "Index Name": "idx_lineitem_shipdate", "Startup Cost": 0.0, "Total Cost": 32817.39, "Plan Rows": 2304332, "Plan Width": 0, "Index Cond": "((l_shipdate >= '1993-08-01'::date) AND (l_shipdate < '1993-11-01 00:00:00'::timestamp without time zone))"}]}]}]}]}]}]}, {"Node Type": "Nested Loop", "Parent Relationship": "Outer", "Parallel Aware": false, "Join Type": "Inner", "Startup Cost": 1494420.77, "Total Cost": 1546599.08, "Plan Rows": 499, "Plan Width": 103, "Inner Unique": true, "Plans": [{"Node Type": "Aggregate", "Strategy": "Sorted", "Partial Mode": "Finalize", "Parent Relationship": "Outer", "Parallel Aware": false, "Startup Cost": 1494419.89, "Total Cost": 1545599.83, "Plan Rows": 499, "Plan Width": 36, "Group Key": ["lineitem.l_suppkey"], "Filter": "(sum((lineitem.l_extendedprice * ('1'::numeric - lineitem.l_discount))) = $1)", "Plans": [{"Node Type": "Gather Merge", "Parent Relationship": "Outer", "Parallel Aware": false, "Startup Cost": 1494419.89, "Total Cost": 1540114.46, "Plan Rows": 299202, "Plan Width": 36, "Workers Planned": 3, "Plans": [{"Node Type": "Aggregate", "Strategy": "Sorted", "Partial Mode": "Partial", "Parent Relationship": "Outer", "Parallel Aware": false, "Startup Cost": 1493419.85, "Total Cost": 1503958.19, "Plan Rows": 99734, "Plan Width": 36, "Group Key": ["lineitem.l_suppkey"], "Plans": [{"Node Type": "Sort", "Parent Relationship": "Outer", "Parallel Aware": false, "Startup Cost": 1493419.85, "Total Cost": 1495278.18, "Plan Rows": 743333, "Plan Width": 16, "Sort Key": ["lineitem.l_suppkey"], "Plans": [{"Node Type": "Bitmap Heap Scan", "Parent Relationship": "Outer", "Parallel Aware": true, "Relation Name": "lineitem", "Alias": "lineitem", "Startup Cost": 33393.47, "Total Cost": 1413489.82, "Plan Rows": 743333, "Plan Width": 16, "Recheck Cond": "((l_shipdate >= '1993-08-01'::date) AND (l_shipdate < '1993-11-01 00:00:00'::timestamp without time zone))", "Plans": [{"Node Type": "Bitmap Index Scan", "Parent Relationship": "Outer", "Parallel Aware": false, "Index Name": "idx_lineitem_shipdate", "Startup Cost": 0.0, "Total Cost": 32817.39, "Plan Rows": 2304332, "Plan Width": 0, "Index Cond": "((l_shipdate >= '1993-08-01'::date) AND (l_shipdate < '1993-11-01 00:00:00'::timestamp without time zone))"}]}]}]}]}]}, {"Node Type": "Bitmap Heap Scan", "Parent Relationship": "Inner", "Parallel Aware": false, "Relation Name": "supplier", "Alias": "supplier", "Startup Cost": 0.88, "Total Cost": 1.99, "Plan Rows": 1, "Plan Width": 71, "Recheck Cond": "(s_suppkey = lineitem.l_suppkey)", "Plans": [{"Node Type": "Bitmap Index Scan", "Parent Relationship": "Outer", "Parallel Aware": false, "Index Name": "supplier_pkey", "Startup Cost": 0.0, "Total Cost": 0.88, "Plan Rows": 1, "Plan Width": 0, "Index Cond": "(s_suppkey = lineitem.l_suppkey)"}]}]}]}}, {"Plan": {"Node Type": "Limit", "Parallel Aware": false, "Startup Cost": 3050792.55, "Total Cost": 3050896.14, "Plan Rows": 1, "Plan Width": 103, "Plans": [{"Node Type": "Aggregate", "Strategy": "Plain", "Partial Mode": "Simple", "Parent Relationship": "InitPlan", "Subplan Name": "InitPlan 1 (returns $1)", "Parallel Aware": false, "Startup Cost": 1544851.83, "Total Cost": 1544851.84, "Plan Rows": 1, "Plan Width": 32, "Plans": [{"Node Type": "Aggregate", "Strategy": "Sorted", "Partial Mode": "Finalize", "Parent Relationship": "Outer", "Parallel Aware": false, "Startup Cost": 1494419.89, "Total Cost": 1543605.15, "Plan Rows": 99734, "Plan Width": 36, "Group Key": ["lineitem_1.l_suppkey"], "Plans": [{"Node Type": "Gather Merge", "Parent Relationship": "Outer", "Parallel Aware": false, "Startup Cost": 1494419.89, "Total Cost": 1540114.46, "Plan Rows": 299202, "Plan Width": 36, "Workers Planned": 3, "Plans": [{"Node Type": "Aggregate", "Strategy": "Sorted", "Partial Mode": "Partial", "Parent Relationship": "Outer", "Parallel Aware": false, "Startup Cost": 1493419.85, "Total Cost": 1503958.19, "Plan Rows": 99734, "Plan Width": 36, "Group Key": ["lineitem_1.l_suppkey"], "Plans": [{"Node Type": "Sort", "Parent Relationship": "Outer", "Parallel Aware": false, "Startup Cost": 1493419.85, "Total Cost": 1495278.18, "Plan Rows": 743333, "Plan Width": 16, "Sort Key": ["lineitem_1.l_suppkey"], "Plans": [{"Node Type": "Bitmap Heap Scan", "Parent Relationship": "Outer", "Parallel Aware": true, "Relation Name": "lineitem", "Alias": "lineitem_1", "Startup Cost": 33393.47, "Total Cost": 1413489.82, "Plan Rows": 743333, "Plan Width": 16, "Recheck Cond": "((l_shipdate >= '1993-08-01'::date) AND (l_shipdate < '1993-11-01 00:00:00'::timestamp without time zone))", "Plans": [{"Node Type": "Bitmap Index Scan", "Parent Relationship": "Outer", "Parallel Aware": false, "Index Name": "idx_lineitem_shipdate", "Startup Cost": 0.0, "Total Cost": 32817.39, "Plan Rows": 2304332, "Plan Width": 0, "Index Cond": "((l_shipdate >= '1993-08-01'::date) AND (l_shipdate < '1993-11-01 00:00:00'::timestamp without time zone))"}]}]}]}]}]}]}, {"Node Type": "Merge Join", "Parent Relationship": "Outer", "Parallel Aware": false, "Join Type": "Inner", "Startup Cost": 1505940.71, "Total Cost": 1557631.88, "Plan Rows": 499, "Plan Width": 103, "Inner Unique": true, "Merge Cond": "(supplier.s_suppkey = lineitem.l_suppkey)", "Plans": [{"Node Type": "Sort", "Parent Relationship": "Outer", "Parallel Aware": false, "Startup Cost": 11520.82, "Total Cost": 11770.82, "Plan Rows": 100000, "Plan Width": 71, "Sort Key": ["supplier.s_suppkey"], "Plans": [{"Node Type": "Seq Scan", "Parent Relationship": "Outer", "Parallel Aware": false, "Relation Name": "supplier", "Alias": "supplier", "Startup Cost": 0.0, "Total Cost": 3216.0, "Plan Rows": 100000, "Plan Width": 71}]}, {"Node Type": "Aggregate", "Strategy": "Sorted", "Partial Mode": "Finalize", "Parent Relationship": "Inner", "Parallel Aware": false, "Startup Cost": 1494419.89, "Total Cost": 1545599.83, "Plan Rows": 499, "Plan Width": 36, "Group Key": ["lineitem.l_suppkey"], "Filter": "(sum((lineitem.l_extendedprice * ('1'::numeric - lineitem.l_discount))) = $1)", "Plans": [{"Node Type": "Gather Merge", "Parent Relationship": "Outer", "Parallel Aware": false, "Startup Cost": 1494419.89, "Total Cost": 1540114.46, "Plan Rows": 299202, "Plan Width": 36, "Workers Planned": 3, "Plans": [{"Node Type": "Aggregate", "Strategy": "Sorted", "Partial Mode": "Partial", "Parent Relationship": "Outer", "Parallel Aware": false, "Startup Cost": 1493419.85, "Total Cost": 1503958.19, "Plan Rows": 99734, "Plan Width": 36, "Group Key": ["lineitem.l_suppkey"], "Plans": [{"Node Type": "Sort", "Parent Relationship": "Outer", "Parallel Aware": false, "Startup Cost": 1493419.85, "Total Cost": 1495278.18, "Plan Rows": 743333, "Plan Width": 16, "Sort Key": ["lineitem.l_suppkey"], "Plans": [{"Node Type": "Bitmap Heap Scan", "Parent Relationship": "Outer", "Parallel Aware": true, "Relation Name": "lineitem", "Alias": "lineitem", "Startup Cost": 33393.47, "Total Cost": 1413489.82, "Plan Rows": 743333, "Plan Width": 16, "Recheck Cond": "((l_shipdate >= '1993-08-01'::date) AND (l_shipdate < '1993-11-01 00:00:00'::timestamp without time zone))", "Plans": [{"Node Type": "Bitmap Index Scan", "Parent Relationship": "Outer", "Parallel Aware": false, "Index Name": "idx_lineitem_shipdate", "Startup Cost": 0.0, "Total Cost": 32817.39, "Plan Rows": 2304332, "Plan Width": 0, "Index Cond": "((l_shipdate >= '1993-08-01'::date) AND (l_shipdate < '1993-11-01 00:00:00'::timestamp without time zone))"}]}]}]}]}]}]}]}}, {"Plan": {"Node Type": "Limit", "Parallel Aware": false, "Startup Cost": 3039272.61, "Total Cost": 3039377.17, "Plan Rows": 1, "Plan Width": 103, "Plans": [{"Node Type": "Aggregate", "Strategy": "Plain", "Partial Mode": "Simple", "Parent Relationship": "InitPlan", "Subplan Name": "InitPlan 1 (returns $1)", "Parallel Aware": false, "Startup Cost": 1544851.83, "Total Cost": 1544851.84, "Plan Rows": 1, "Plan Width": 32, "Plans": [{"Node Type": "Aggregate", "Strategy": "Sorted", "Partial Mode": "Finalize", "Parent Relationship": "Outer", "Parallel Aware": false, "Startup Cost": 1494419.89, "Total Cost": 1543605.15, "Plan Rows": 99734, "Plan Width": 36, "Group Key": ["lineitem_1.l_suppkey"], "Plans": [{"Node Type": "Gather Merge", "Parent Relationship": "Outer", "Parallel Aware": false, "Startup Cost": 1494419.89, "Total Cost": 1540114.46, "Plan Rows": 299202, "Plan Width": 36, "Workers Planned": 3, "Plans": [{"Node Type": "Aggregate", "Strategy": "Sorted", "Partial Mode": "Partial", "Parent Relationship": "Outer", "Parallel Aware": false, "Startup Cost": 1493419.85, "Total Cost": 1503958.19, "Plan Rows": 99734, "Plan Width": 36, "Group Key": ["lineitem_1.l_suppkey"], "Plans": [{"Node Type": "Sort", "Parent Relationship": "Outer", "Parallel Aware": false, "Startup Cost": 1493419.85, "Total Cost": 1495278.18, "Plan Rows": 743333, "Plan Width": 16, "Sort Key": ["lineitem_1.l_suppkey"], "Plans": [{"Node Type": "Bitmap Heap Scan", "Parent Relationship": "Outer", "Parallel Aware": true, "Relation Name": "lineitem", "Alias": "lineitem_1", "Startup Cost": 33393.47, "Total Cost": 1413489.82, "Plan Rows": 743333, "Plan Width": 16, "Recheck Cond": "((l_shipdate >= '1993-08-01'::date) AND (l_shipdate < '1993-11-01 00:00:00'::timestamp without time zone))", "Plans": [{"Node Type": "Bitmap Index Scan", "Parent Relationship": "Outer", "Parallel Aware": false, "Index Name": "idx_lineitem_shipdate", "Startup Cost": 0.0, "Total Cost": 32817.39, "Plan Rows": 2304332, "Plan Width": 0, "Index Cond": "((l_shipdate >= '1993-08-01'::date) AND (l_shipdate < '1993-11-01 00:00:00'::timestamp without time zone))"}]}]}]}]}]}]}, {"Node Type": "Nested Loop", "Parent Relationship": "Outer", "Parallel Aware": false, "Join Type": "Inner", "Startup Cost": 1494420.77, "Total Cost": 1546599.08, "Plan Rows": 499, "Plan Width": 103, "Inner Unique": true, "Plans": [{"Node Type": "Aggregate", "Strategy": "Sorted", "Partial Mode": "Finalize", "Parent Relationship": "Outer", "Parallel Aware": false, "Startup Cost": 1494419.89, "Total Cost": 1545599.83, "Plan Rows": 499, "Plan Width": 36, "Group Key": ["lineitem.l_suppkey"], "Filter": "(sum((lineitem.l_extendedprice * ('1'::numeric - lineitem.l_discount))) = $1)", "Plans": [{"Node Type": "Gather Merge", "Parent Relationship": "Outer", "Parallel Aware": false, "Startup Cost": 1494419.89, "Total Cost": 1540114.46, "Plan Rows": 299202, "Plan Width": 36, "Workers Planned": 3, "Plans": [{"Node Type": "Aggregate", "Strategy": "Sorted", "Partial Mode": "Partial", "Parent Relationship": "Outer", "Parallel Aware": false, "Startup Cost": 1493419.85, "Total Cost": 1503958.19, "Plan Rows": 99734, "Plan Width": 36, "Group Key": ["lineitem.l_suppkey"], "Plans": [{"Node Type": "Sort", "Parent Relationship": "Outer", "Parallel Aware": false, "Startup Cost": 1493419.85, "Total Cost": 1495278.18, "Plan Rows": 743333, "Plan Width": 16, "Sort Key": ["lineitem.l_suppkey"], "Plans": [{"Node Type": "Bitmap Heap Scan", "Parent Relationship": "Outer", "Parallel Aware": true, "Relation Name": "lineitem", "Alias": "lineitem", "Startup Cost": 33393.47, "Total Cost": 1413489.82, "Plan Rows": 743333, "Plan Width": 16, "Recheck Cond": "((l_shipdate >= '1993-08-01'::date) AND (l_shipdate < '1993-11-01 00:00:00'::timestamp without time zone))", "Plans": [{"Node Type": "Bitmap Index Scan", "Parent Relationship": "Outer", "Parallel Aware": false, "Index Name": "idx_lineitem_shipdate", "Startup Cost": 0.0, "Total Cost": 32817.39, "Plan Rows": 2304332, "Plan Width": 0, "Index Cond": "((l_shipdate >= '1993-08-01'::date) AND (l_shipdate < '1993-11-01 00:00:00'::timestamp without time zone))"}]}]}]}]}]}, {"Node Type": "Bitmap Heap Scan", "Parent Relationship": "Inner", "Parallel Aware": false, "Relation Name": "supplier", "Alias": "supplier", "Startup Cost": 0.88, "Total Cost": 1.99, "Plan Rows": 1, "Plan Width": 71, "Recheck Cond": "(s_suppkey = lineitem.l_suppkey)", "Plans": [{"Node Type": "Bitmap Index Scan", "Parent Relationship": "Outer", "Parallel Aware": false, "Index Name": "supplier_pkey", "Startup Cost": 0.0, "Total Cost": 0.88, "Plan Rows": 1, "Plan Width": 0, "Index Cond": "(s_suppkey = lineitem.l_suppkey)"}]}]}]}}, {"Plan": {"Node Type": "Limit", "Parallel Aware": false, "Startup Cost": 2766781.67, "Total Cost": 2766886.13, "Plan Rows": 1, "Plan Width": 103, "Plans": [{"Node Type": "Aggregate", "Strategy": "Plain", "Partial Mode": "Simple", "Parent Relationship": "InitPlan", "Subplan Name": "InitPlan 1 (returns $1)", "Parallel Aware": false, "Startup Cost": 1408606.65, "Total Cost": 1408606.66, "Plan Rows": 1, "Plan Width": 32, "Plans": [{"Node Type": "Aggregate", "Strategy": "Sorted", "Partial Mode": "Finalize", "Parent Relationship": "Outer", "Parallel Aware": false, "Startup Cost": 1358174.72, "Total Cost": 1407359.98, "Plan Rows": 99734, "Plan Width": 36, "Group Key": ["lineitem_1.l_suppkey"], "Plans": [{"Node Type": "Gather Merge", "Parent Relationship": "Outer", "Parallel Aware": false, "Startup Cost": 1358174.72, "Total Cost": 1403869.29, "Plan Rows": 299202, "Plan Width": 36, "Workers Planned": 3, "Plans": [{"Node Type": "Aggregate", "Strategy": "Sorted", "Partial Mode": "Partial", "Parent Relationship": "Outer", "Parallel Aware": false, "Startup Cost": 1357174.68, "Total Cost": 1367713.01, "Plan Rows": 99734, "Plan Width": 36, "Group Key": ["lineitem_1.l_suppkey"], "Plans": [{"Node Type": "Sort", "Parent Relationship": "Outer", "Parallel Aware": false, "Startup Cost": 1357174.68, "Total Cost": 1359033.01, "Plan Rows": 743333, "Plan Width": 16, "Sort Key": ["lineitem_1.l_suppkey"], "Plans": [{"Node Type": "Index Scan", "Parent Relationship": "Outer", "Parallel Aware": true, "Scan Direction": "Forward", "Index Name": "idx_lineitem_shipdate", "Relation Name": "lineitem", "Alias": "lineitem_1", "Startup Cost": 0.56, "Total Cost": 1277244.65, "Plan Rows": 743333, "Plan Width": 16, "Index Cond": "((l_shipdate >= '1993-08-01'::date) AND (l_shipdate < '1993-11-01 00:00:00'::timestamp without time zone))"}]}]}]}]}]}, {"Node Type": "Nested Loop", "Parent Relationship": "Outer", "Parallel Aware": false, "Join Type": "Inner", "Startup Cost": 1358175.01, "Total Cost": 1410297.54, "Plan Rows": 499, "Plan Width": 103, "Inner Unique": true, "Plans": [{"Node Type": "Aggregate", "Strategy": "Sorted", "Partial Mode": "Finalize", "Parent Relationship": "Outer", "Parallel Aware": false, "Startup Cost": 1358174.72, "Total Cost": 1409354.66, "Plan Rows": 499, "Plan Width": 36, "Group Key": ["lineitem.l_suppkey"], "Filter": "(sum((lineitem.l_extendedprice * ('1'::numeric - lineitem.l_discount))) = $1)", "Plans": [{"Node Type": "Gather Merge", "Parent Relationship": "Outer", "Parallel Aware": false, "Startup Cost": 1358174.72, "Total Cost": 1403869.29, "Plan Rows": 299202, "Plan Width": 36, "Workers Planned": 3, "Plans": [{"Node Type": "Aggregate", "Strategy": "Sorted", "Partial Mode": "Partial", "Parent Relationship": "Outer", "Parallel Aware": false, "Startup Cost": 1357174.68, "Total Cost": 1367713.01, "Plan Rows": 99734, "Plan Width": 36, "Group Key": ["lineitem.l_suppkey"], "Plans": [{"Node Type": "Sort", "Parent Relationship": "Outer", "Parallel Aware": false, "Startup Cost": 1357174.68, "Total Cost": 1359033.01, "Plan Rows": 743333, "Plan Width": 16, "Sort Key": ["lineitem.l_suppkey"], "Plans": [{"Node Type": "Index Scan", "Parent Relationship": "Outer", "Parallel Aware": true, "Scan Direction": "Forward", "Index Name": "idx_lineitem_shipdate", "Relation Name": "lineitem", "Alias": "lineitem", "Startup Cost": 0.56, "Total Cost": 1277244.65, "Plan Rows": 743333, "Plan Width": 16, "Index Cond": "((l_shipdate >= '1993-08-01'::date) AND (l_shipdate < '1993-11-01 00:00:00'::timestamp without time zone))"}]}]}]}]}, {"Node Type": "Index Scan", "Parent Relationship": "Inner", "Parallel Aware": false, "Scan Direction": "Forward", "Index Name": "supplier_pkey", "Relation Name": "supplier", "Alias": "supplier", "Startup Cost": 0.29, "Total Cost": 1.88, "Plan Rows": 1, "Plan Width": 71, "Index Cond": "(s_suppkey = lineitem.l_suppkey)"}]}]}}]