[{"Plan": {"Node Type": "Limit", "Parallel Aware": false, "Startup Cost": 10003041030.81, "Total Cost": 10003041135.5, "Plan Rows": 1, "Plan Width": 103, "Plans": [{"Node Type": "Aggregate", "Strategy": "Plain", "Partial Mode": "Simple", "Parent Relationship": "InitPlan", "Subplan Name": "InitPlan 1 (returns $1)", "Parallel Aware": false, "Startup Cost": 1545763.61, "Total Cost": 1545763.62, "Plan Rows": 1, "Plan Width": 32, "Plans": [{"Node Type": "Aggregate", "Strategy": "Sorted", "Partial Mode": "Finalize", "Parent Relationship": "Outer", "Parallel Aware": false, "Startup Cost": 1495266.3, "Total Cost": 1544516.94, "Plan Rows": 99734, "Plan Width": 36, "Group Key": ["lineitem_1.l_suppkey"], "Plans": [{"Node Type": "Gather Merge", "Parent Relationship": "Outer", "Parallel Aware": false, "Startup Cost": 1495266.3, "Total Cost": 1541026.25, "Plan Rows": 299202, "Plan Width": 36, "Workers Planned": 3, "Plans": [{"Node Type": "Aggregate", "Strategy": "Sorted", "Partial Mode": "Partial", "Parent Relationship": "Outer", "Parallel Aware": false, "Startup Cost": 1494266.26, "Total Cost": 1504869.97, "Plan Rows": 99734, "Plan Width": 36, "Group Key": ["lineitem_1.l_suppkey"], "Plans": [{"Node Type": "Sort", "Parent Relationship": "Outer", "Parallel Aware": false, "Startup Cost": 1494266.26, "Total Cost": 1496137.67, "Plan Rows": 748563, "Plan Width": 16, "Sort Key": ["lineitem_1.l_suppkey"], "Plans": [{"Node Type": "Bitmap Heap Scan", "Parent Relationship": "Outer", "Parallel Aware": true, "Relation Name": "lineitem", "Alias": "lineitem_1", "Startup Cost": 33628.95, "Total Cost": 1413735.05, "Plan Rows": 748563, "Plan Width": 16, "Recheck Cond": "((l_shipdate >= '1994-03-01'::date) AND (l_shipdate < '1994-06-01 00:00:00'::timestamp without time zone))", "Plans": [{"Node Type": "Bitmap Index Scan", "Parent Relationship": "Outer", "Parallel Aware": false, "Index Name": "idx_lineitem_shipdate", "Startup Cost": 0.0, "Total Cost": 33048.82, "Plan Rows": 2320545, "Plan Width": 0, "Index Cond": "((l_shipdate >= '1994-03-01'::date) AND (l_shipdate < '1994-06-01 00:00:00'::timestamp without time zone))"}]}]}]}]}]}]}, {"Node Type": "Nested Loop", "Parent Relationship": "Outer", "Parallel Aware": false, "Join Type": "Inner", "Startup Cost": 10001495267.18, "Total Cost": 10001547510.87, "Plan Rows": 499, "Plan Width": 103, "Inner Unique": true, "Plans": [{"Node Type": "Aggregate", "Strategy": "Sorted", "Partial Mode": "Finalize", "Parent Relationship": "Outer", "Parallel Aware": false, "Startup Cost": 1495266.3, "Total Cost": 1546511.62, "Plan Rows": 499, "Plan Width": 36, "Group Key": ["lineitem.l_suppkey"], "Filter": "(sum((lineitem.l_extendedprice * ('1'::numeric - lineitem.l_discount))) = $1)", "Plans": [{"Node Type": "Gather Merge", "Parent Relationship": "Outer", "Parallel Aware": false, "Startup Cost": 1495266.3, "Total Cost": 1541026.25, "Plan Rows": 299202, "Plan Width": 36, "Workers Planned": 3, "Plans": [{"Node Type": "Aggregate", "Strategy": "Sorted", "Partial Mode": "Partial", "Parent Relationship": "Outer", "Parallel Aware": false, "Startup Cost": 1494266.26, "Total Cost": 1504869.97, "Plan Rows": 99734, "Plan Width": 36, "Group Key": ["lineitem.l_suppkey"], "Plans": [{"Node Type": "Sort", "Parent Relationship": "Outer", "Parallel Aware": false, "Startup Cost": 1494266.26, "Total Cost": 1496137.67, "Plan Rows": 748563, "Plan Width": 16, "Sort Key": ["lineitem.l_suppkey"], "Plans": [{"Node Type": "Bitmap Heap Scan", "Parent Relationship": "Outer", "Parallel Aware": true, "Relation Name": "lineitem", "Alias": "lineitem", "Startup Cost": 33628.95, "Total Cost": 1413735.05, "Plan Rows": 748563, "Plan Width": 16, "Recheck Cond": "((l_shipdate >= '1994-03-01'::date) AND (l_shipdate < '1994-06-01 00:00:00'::timestamp without time zone))", "Plans": [{"Node Type": "Bitmap Index Scan", "Parent Relationship": "Outer", "Parallel Aware": false, "Index Name": "idx_lineitem_shipdate", "Startup Cost": 0.0, "Total Cost": 33048.82, "Plan Rows": 2320545, "Plan Width": 0, "Index Cond": "((l_shipdate >= '1994-03-01'::date) AND (l_shipdate < '1994-06-01 00:00:00'::timestamp without time zone))"}]}]}]}]}]}, {"Node Type": "Bitmap Heap Scan", "Parent Relationship": "Inner", "Parallel Aware": false, "Relation Name": "supplier", "Alias": "supplier", "Startup Cost": 0.88, "Total Cost": 1.99, "Plan Rows": 1, "Plan Width": 71, "Recheck Cond": "(s_suppkey = lineitem.l_suppkey)", "Plans": [{"Node Type": "Bitmap Index Scan", "Parent Relationship": "Outer", "Parallel Aware": false, "Index Name": "supplier_pkey", "Startup Cost": 0.0, "Total Cost": 0.88, "Plan Rows": 1, "Plan Width": 0, "Index Cond": "(s_suppkey = lineitem.l_suppkey)"}]}]}]}}, {"Plan": {"Node Type": "Limit", "Parallel Aware": false, "Startup Cost": 2825140.79, "Total Cost": 2825140.79, "Plan Rows": 1, "Plan Width": 103, "Plans": [{"Node Type": "Aggregate", "Strategy": "Plain", "Partial Mode": "Simple", "Parent Relationship": "InitPlan", "Subplan Name": "InitPlan 1 (returns $1)", "Parallel Aware": false, "Startup Cost": 1409556.94, "Total Cost": 1409556.95, "Plan Rows": 1, "Plan Width": 32, "Plans": [{"Node Type": "Aggregate", "Strategy": "Sorted", "Partial Mode": "Finalize", "Parent Relationship": "Outer", "Parallel Aware": false, "Startup Cost": 1359059.63, "Total Cost": 1408310.26, "Plan Rows": 99734, "Plan Width": 36, "Group Key": ["lineitem_1.l_suppkey"], "Plans": [{"Node Type": "Gather Merge", "Parent Relationship": "Outer", "Parallel Aware": false, "Startup Cost": 1359059.63, "Total Cost": 1404819.57, "Plan Rows": 299202, "Plan Width": 36, "Workers Planned": 3, "Plans": [{"Node Type": "Aggregate", "Strategy": "Sorted", "Partial Mode": "Partial", "Parent Relationship": "Outer", "Parallel Aware": false, "Startup Cost": 1358059.59, "Total Cost": 1368663.3, "Plan Rows": 99734, "Plan Width": 36, "Group Key": ["lineitem_1.l_suppkey"], "Plans": [{"Node Type": "Sort", "Parent Relationship": "Outer", "Parallel Aware": false, "Startup Cost": 1358059.59, "Total Cost": 1359930.99, "Plan Rows": 748563, "Plan Width": 16, "Sort Key": ["lineitem_1.l_suppkey"], "Plans": [{"Node Type": "Index Scan", "Parent Relationship": "Outer", "Parallel Aware": true, "Scan Direction": "Forward", "Index Name": "idx_lineitem_shipdate", "Relation Name": "lineitem", "Alias": "lineitem_1", "Startup Cost": 0.56, "Total Cost": 1277528.38, "Plan Rows": 748563, "Plan Width": 16, "Index Cond": "((l_shipdate >= '1994-03-01'::date) AND (l_shipdate < '1994-06-01 00:00:00'::timestamp without time zone))"}]}]}]}]}]}, {"Node Type": "Sort", "Parent Relationship": "Outer", "Parallel Aware": false, "Startup Cost": 1415583.84, "Total Cost": 1415585.08, "Plan Rows": 499, "Plan Width": 103, "Sort Key": ["supplier.s_suppkey"], "Plans": [{"Node Type": "Hash Join", "Parent Relationship": "Outer", "Parallel Aware": false, "Join Type": "Inner", "Startup Cost": 1364329.72, "Total Cost": 1415581.34, "Plan Rows": 499, "Plan Width": 103, "Inner Unique": true, "Hash Cond": "(lineitem.l_suppkey = supplier.s_suppkey)", "Plans": [{"Node Type": "Aggregate", "Strategy": "Sorted", "Partial Mode": "Finalize", "Parent Relationship": "Outer", "Parallel Aware": false, "Startup Cost": 1359059.63, "Total Cost": 1410304.94, "Plan Rows": 499, "Plan Width": 36, "Group Key": ["lineitem.l_suppkey"], "Filter": "(sum((lineitem.l_extendedprice * ('1'::numeric - lineitem.l_discount))) = $1)", "Plans": [{"Node Type": "Gather Merge", "Parent Relationship": "Outer", "Parallel Aware": false, "Startup Cost": 1359059.63, "Total Cost": 1404819.57, "Plan Rows": 299202, "Plan Width": 36, "Workers Planned": 3, "Plans": [{"Node Type": "Aggregate", "Strategy": "Sorted", "Partial Mode": "Partial", "Parent Relationship": "Outer", "Parallel Aware": false, "Startup Cost": 1358059.59, "Total Cost": 1368663.3, "Plan Rows": 99734, "Plan Width": 36, "Group Key": ["lineitem.l_suppkey"], "Plans": [{"Node Type": "Sort", "Parent Relationship": "Outer", "Parallel Aware": false, "Startup Cost": 1358059.59, "Total Cost": 1359930.99, "Plan Rows": 748563, "Plan Width": 16, "Sort Key": ["lineitem.l_suppkey"], "Plans": [{"Node Type": "Index Scan", "Parent Relationship": "Outer", "Parallel Aware": true, "Scan Direction": "Forward", "Index Name": "idx_lineitem_shipdate", "Relation Name": "lineitem", "Alias": "lineitem", "Startup Cost": 0.56, "Total Cost": 1277528.38, "Plan Rows": 748563, "Plan Width": 16, "Index Cond": "((l_shipdate >= '1994-03-01'::date) AND (l_shipdate < '1994-06-01 00:00:00'::timestamp without time zone))"}]}]}]}]}, {"Node Type": "Hash", "Parent Relationship": "Inner", "Parallel Aware": false, "Startup Cost": 4020.1, "Total Cost": 4020.1, "Plan Rows": 100000, "Plan Width": 71, "Plans": [{"Node Type": "Index Scan", "Parent Relationship": "Outer", "Parallel Aware": false, "Scan Direction": "Forward", "Index Name": "supplier_pkey", "Relation Name": "supplier", "Alias": "supplier", "Startup Cost": 0.29, "Total Cost": 4020.1, "Plan Rows": 100000, "Plan Width": 71}]}]}]}]}}, {"Plan": {"Node Type": "Limit", "Parallel Aware": false, "Startup Cost": 2768616.87, "Total Cost": 2768728.14, "Plan Rows": 1, "Plan Width": 103, "Plans": [{"Node Type": "Aggregate", "Strategy": "Plain", "Partial Mode": "Simple", "Parent Relationship": "InitPlan", "Subplan Name": "InitPlan 1 (returns $1)", "Parallel Aware": false, "Startup Cost": 1409556.94, "Total Cost": 1409556.95, "Plan Rows": 1, "Plan Width": 32, "Plans": [{"Node Type": "Aggregate", "Strategy": "Sorted", "Partial Mode": "Finalize", "Parent Relationship": "Outer", "Parallel Aware": false, "Startup Cost": 1359059.63, "Total Cost": 1408310.26, "Plan Rows": 99734, "Plan Width": 36, "Group Key": ["lineitem_1.l_suppkey"], "Plans": [{"Node Type": "Gather Merge", "Parent Relationship": "Outer", "Parallel Aware": false, "Startup Cost": 1359059.63, "Total Cost": 1404819.57, "Plan Rows": 299202, "Plan Width": 36, "Workers Planned": 3, "Plans": [{"Node Type": "Aggregate", "Strategy": "Sorted", "Partial Mode": "Partial", "Parent Relationship": "Outer", "Parallel Aware": false, "Startup Cost": 1358059.59, "Total Cost": 1368663.3, "Plan Rows": 99734, "Plan Width": 36, "Group Key": ["lineitem_1.l_suppkey"], "Plans": [{"Node Type": "Sort", "Parent Relationship": "Outer", "Parallel Aware": false, "Startup Cost": 1358059.59, "Total Cost": 1359930.99, "Plan Rows": 748563, "Plan Width": 16, "Sort Key": ["lineitem_1.l_suppkey"], "Plans": [{"Node Type": "Index Scan", "Parent Relationship": "Outer", "Parallel Aware": true, "Scan Direction": "Forward", "Index Name": "idx_lineitem_shipdate", "Relation Name": "lineitem", "Alias": "lineitem_1", "Startup Cost": 0.56, "Total Cost": 1277528.38, "Plan Rows": 748563, "Plan Width": 16, "Index Cond": "((l_shipdate >= '1994-03-01'::date) AND (l_shipdate < '1994-06-01 00:00:00'::timestamp without time zone))"}]}]}]}]}]}, {"Node Type": "Merge Join", "Parent Relationship": "Outer", "Parallel Aware": false, "Join Type": "Inner", "Startup Cost": 1359059.92, "Total Cost": 1414586.27, "Plan Rows": 499, "Plan Width": 103, "Inner Unique": true, "Merge Cond": "(supplier.s_suppkey = lineitem.l_suppkey)", "Plans": [{"Node Type": "Index Scan", "Parent Relationship": "Outer", "Parallel Aware": false, "Scan Direction": "Forward", "Index Name": "supplier_pkey", "Relation Name": "supplier", "Alias": "supplier", "Startup Cost": 0.29, "Total Cost": 4020.1, "Plan Rows": 100000, "Plan Width": 71}, {"Node Type": "Aggregate", "Strategy": "Sorted", "Partial Mode": "Finalize", "Parent Relationship": "Inner", "Parallel Aware": false, "Startup Cost": 1359059.63, "Total Cost": 1410304.94, "Plan Rows": 499, "Plan Width": 36, "Group Key": ["lineitem.l_suppkey"], "Filter": "(sum((lineitem.l_extendedprice * ('1'::numeric - lineitem.l_discount))) = $1)", "Plans": [{"Node Type": "Gather Merge", "Parent Relationship": "Outer", "Parallel Aware": false, "Startup Cost": 1359059.63, "Total Cost": 1404819.57, "Plan Rows": 299202, "Plan Width": 36, "Workers Planned": 3, "Plans": [{"Node Type": "Aggregate", "Strategy": "Sorted", "Partial Mode": "Partial", "Parent Relationship": "Outer", "Parallel Aware": false, "Startup Cost": 1358059.59, "Total Cost": 1368663.3, "Plan Rows": 99734, "Plan Width": 36, "Group Key": ["lineitem.l_suppkey"], "Plans": [{"Node Type": "Sort", "Parent Relationship": "Outer", "Parallel Aware": false, "Startup Cost": 1358059.59, "Total Cost": 1359930.99, "Plan Rows": 748563, "Plan Width": 16, "Sort Key": ["lineitem.l_suppkey"], "Plans": [{"Node Type": "Index Scan", "Parent Relationship": "Outer", "Parallel Aware": true, "Scan Direction": "Forward", "Index Name": "idx_lineitem_shipdate", "Relation Name": "lineitem", "Alias": "lineitem", "Startup Cost": 0.56, "Total Cost": 1277528.38, "Plan Rows": 748563, "Plan Width": 16, "Index Cond": "((l_shipdate >= '1994-03-01'::date) AND (l_shipdate < '1994-06-01 00:00:00'::timestamp without time zone))"}]}]}]}]}]}]}}, {"Plan": {"Node Type": "Limit", "Parallel Aware": false, "Startup Cost": 2768616.87, "Total Cost": 2768721.45, "Plan Rows": 1, "Plan Width": 103, "Plans": [{"Node Type": "Aggregate", "Strategy": "Plain", "Partial Mode": "Simple", "Parent Relationship": "InitPlan", "Subplan Name": "InitPlan 1 (returns $1)", "Parallel Aware": false, "Startup Cost": 1409556.94, "Total Cost": 1409556.95, "Plan Rows": 1, "Plan Width": 32, "Plans": [{"Node Type": "Aggregate", "Strategy": "Sorted", "Partial Mode": "Finalize", "Parent Relationship": "Outer", "Parallel Aware": false, "Startup Cost": 1359059.63, "Total Cost": 1408310.26, "Plan Rows": 99734, "Plan Width": 36, "Group Key": ["lineitem_1.l_suppkey"], "Plans": [{"Node Type": "Gather Merge", "Parent Relationship": "Outer", "Parallel Aware": false, "Startup Cost": 1359059.63, "Total Cost": 1404819.57, "Plan Rows": 299202, "Plan Width": 36, "Workers Planned": 3, "Plans": [{"Node Type": "Aggregate", "Strategy": "Sorted", "Partial Mode": "Partial", "Parent Relationship": "Outer", "Parallel Aware": false, "Startup Cost": 1358059.59, "Total Cost": 1368663.3, "Plan Rows": 99734, "Plan Width": 36, "Group Key": ["lineitem_1.l_suppkey"], "Plans": [{"Node Type": "Sort", "Parent Relationship": "Outer", "Parallel Aware": false, "Startup Cost": 1358059.59, "Total Cost": 1359930.99, "Plan Rows": 748563, "Plan Width": 16, "Sort Key": ["lineitem_1.l_suppkey"], "Plans": [{"Node Type": "Index Scan", "Parent Relationship": "Outer", "Parallel Aware": true, "Scan Direction": "Forward", "Index Name": "idx_lineitem_shipdate", "Relation Name": "lineitem", "Alias": "lineitem_1", "Startup Cost": 0.56, "Total Cost": 1277528.38, "Plan Rows": 748563, "Plan Width": 16, "Index Cond": "((l_shipdate >= '1994-03-01'::date) AND (l_shipdate < '1994-06-01 00:00:00'::timestamp without time zone))"}]}]}]}]}]}, {"Node Type": "Nested Loop", "Parent Relationship": "Outer", "Parallel Aware": false, "Join Type": "Inner", "Startup Cost": 1359059.92, "Total Cost": 1411247.82, "Plan Rows": 499, "Plan Width": 103, "Inner Unique": true, "Plans": [{"Node Type": "Aggregate", "Strategy": "Sorted", "Partial Mode": "Finalize", "Parent Relationship": "Outer", "Parallel Aware": false, "Startup Cost": 1359059.63, "Total Cost": 1410304.94, "Plan Rows": 499, "Plan Width": 36, "Group Key": ["lineitem.l_suppkey"], "Filter": "(sum((lineitem.l_extendedprice * ('1'::numeric - lineitem.l_discount))) = $1)", "Plans": [{"Node Type": "Gather Merge", "Parent Relationship": "Outer", "Parallel Aware": false, "Startup Cost": 1359059.63, "Total Cost": 1404819.57, "Plan Rows": 299202, "Plan Width": 36, "Workers Planned": 3, "Plans": [{"Node Type": "Aggregate", "Strategy": "Sorted", "Partial Mode": "Partial", "Parent Relationship": "Outer", "Parallel Aware": false, "Startup Cost": 1358059.59, "Total Cost": 1368663.3, "Plan Rows": 99734, "Plan Width": 36, "Group Key": ["lineitem.l_suppkey"], "Plans": [{"Node Type": "Sort", "Parent Relationship": "Outer", "Parallel Aware": false, "Startup Cost": 1358059.59, "Total Cost": 1359930.99, "Plan Rows": 748563, "Plan Width": 16, "Sort Key": ["lineitem.l_suppkey"], "Plans": [{"Node Type": "Index Scan", "Parent Relationship": "Outer", "Parallel Aware": true, "Scan Direction": "Forward", "Index Name": "idx_lineitem_shipdate", "Relation Name": "lineitem", "Alias": "lineitem", "Startup Cost": 0.56, "Total Cost": 1277528.38, "Plan Rows": 748563, "Plan Width": 16, "Index Cond": "((l_shipdate >= '1994-03-01'::date) AND (l_shipdate < '1994-06-01 00:00:00'::timestamp without time zone))"}]}]}]}]}, {"Node Type": "Index Scan", "Parent Relationship": "Inner", "Parallel Aware": false, "Scan Direction": "Forward", "Index Name": "supplier_pkey", "Relation Name": "supplier", "Alias": "supplier", "Startup Cost": 0.29, "Total Cost": 1.88, "Plan Rows": 1, "Plan Width": 71, "Index Cond": "(s_suppkey = lineitem.l_suppkey)"}]}]}}, {"Plan": {"Node Type": "Limit", "Parallel Aware": false, "Startup Cost": 2768616.87, "Total Cost": 2768728.14, "Plan Rows": 1, "Plan Width": 103, "Plans": [{"Node Type": "Aggregate", "Strategy": "Plain", "Partial Mode": "Simple", "Parent Relationship": "InitPlan", "Subplan Name": "InitPlan 1 (returns $1)", "Parallel Aware": false, "Startup Cost": 1409556.94, "Total Cost": 1409556.95, "Plan Rows": 1, "Plan Width": 32, "Plans": [{"Node Type": "Aggregate", "Strategy": "Sorted", "Partial Mode": "Finalize", "Parent Relationship": "Outer", "Parallel Aware": false, "Startup Cost": 1359059.63, "Total Cost": 1408310.26, "Plan Rows": 99734, "Plan Width": 36, "Group Key": ["lineitem_1.l_suppkey"], "Plans": [{"Node Type": "Gather Merge", "Parent Relationship": "Outer", "Parallel Aware": false, "Startup Cost": 1359059.63, "Total Cost": 1404819.57, "Plan Rows": 299202, "Plan Width": 36, "Workers Planned": 3, "Plans": [{"Node Type": "Aggregate", "Strategy": "Sorted", "Partial Mode": "Partial", "Parent Relationship": "Outer", "Parallel Aware": false, "Startup Cost": 1358059.59, "Total Cost": 1368663.3, "Plan Rows": 99734, "Plan Width": 36, "Group Key": ["lineitem_1.l_suppkey"], "Plans": [{"Node Type": "Sort", "Parent Relationship": "Outer", "Parallel Aware": false, "Startup Cost": 1358059.59, "Total Cost": 1359930.99, "Plan Rows": 748563, "Plan Width": 16, "Sort Key": ["lineitem_1.l_suppkey"], "Plans": [{"Node Type": "Index Scan", "Parent Relationship": "Outer", "Parallel Aware": true, "Scan Direction": "Forward", "Index Name": "idx_lineitem_shipdate", "Relation Name": "lineitem", "Alias": "lineitem_1", "Startup Cost": 0.56, "Total Cost": 1277528.38, "Plan Rows": 748563, "Plan Width": 16, "Index Cond": "((l_shipdate >= '1994-03-01'::date) AND (l_shipdate < '1994-06-01 00:00:00'::timestamp without time zone))"}]}]}]}]}]}, {"Node Type": "Merge Join", "Parent Relationship": "Outer", "Parallel Aware": false, "Join Type": "Inner", "Startup Cost": 1359059.92, "Total Cost": 1414586.27, "Plan Rows": 499, "Plan Width": 103, "Inner Unique": true, "Merge Cond": "(supplier.s_suppkey = lineitem.l_suppkey)", "Plans": [{"Node Type": "Index Scan", "Parent Relationship": "Outer", "Parallel Aware": false, "Scan Direction": "Forward", "Index Name": "supplier_pkey", "Relation Name": "supplier", "Alias": "supplier", "Startup Cost": 0.29, "Total Cost": 4020.1, "Plan Rows": 100000, "Plan Width": 71}, {"Node Type": "Aggregate", "Strategy": "Sorted", "Partial Mode": "Finalize", "Parent Relationship": "Inner", "Parallel Aware": false, "Startup Cost": 1359059.63, "Total Cost": 1410304.94, "Plan Rows": 499, "Plan Width": 36, "Group Key": ["lineitem.l_suppkey"], "Filter": "(sum((lineitem.l_extendedprice * ('1'::numeric - lineitem.l_discount))) = $1)", "Plans": [{"Node Type": "Gather Merge", "Parent Relationship": "Outer", "Parallel Aware": false, "Startup Cost": 1359059.63, "Total Cost": 1404819.57, "Plan Rows": 299202, "Plan Width": 36, "Workers Planned": 3, "Plans": [{"Node Type": "Aggregate", "Strategy": "Sorted", "Partial Mode": "Partial", "Parent Relationship": "Outer", "Parallel Aware": false, "Startup Cost": 1358059.59, "Total Cost": 1368663.3, "Plan Rows": 99734, "Plan Width": 36, "Group Key": ["lineitem.l_suppkey"], "Plans": [{"Node Type": "Sort", "Parent Relationship": "Outer", "Parallel Aware": false, "Startup Cost": 1358059.59, "Total Cost": 1359930.99, "Plan Rows": 748563, "Plan Width": 16, "Sort Key": ["lineitem.l_suppkey"], "Plans": [{"Node Type": "Index Scan", "Parent Relationship": "Outer", "Parallel Aware": true, "Scan Direction": "Forward", "Index Name": "idx_lineitem_shipdate", "Relation Name": "lineitem", "Alias": "lineitem", "Startup Cost": 0.56, "Total Cost": 1277528.38, "Plan Rows": 748563, "Plan Width": 16, "Index Cond": "((l_shipdate >= '1994-03-01'::date) AND (l_shipdate < '1994-06-01 00:00:00'::timestamp without time zone))"}]}]}]}]}]}]}}, {"Plan": {"Node Type": "Limit", "Parallel Aware": false, "Startup Cost": 2768616.87, "Total Cost": 2768721.45, "Plan Rows": 1, "Plan Width": 103, "Plans": [{"Node Type": "Aggregate", "Strategy": "Plain", "Partial Mode": "Simple", "Parent Relationship": "InitPlan", "Subplan Name": "InitPlan 1 (returns $1)", "Parallel Aware": false, "Startup Cost": 1409556.94, "Total Cost": 1409556.95, "Plan Rows": 1, "Plan Width": 32, "Plans": [{"Node Type": "Aggregate", "Strategy": "Sorted", "Partial Mode": "Finalize", "Parent Relationship": "Outer", "Parallel Aware": false, "Startup Cost": 1359059.63, "Total Cost": 1408310.26, "Plan Rows": 99734, "Plan Width": 36, "Group Key": ["lineitem_1.l_suppkey"], "Plans": [{"Node Type": "Gather Merge", "Parent Relationship": "Outer", "Parallel Aware": false, "Startup Cost": 1359059.63, "Total Cost": 1404819.57, "Plan Rows": 299202, "Plan Width": 36, "Workers Planned": 3, "Plans": [{"Node Type": "Aggregate", "Strategy": "Sorted", "Partial Mode": "Partial", "Parent Relationship": "Outer", "Parallel Aware": false, "Startup Cost": 1358059.59, "Total Cost": 1368663.3, "Plan Rows": 99734, "Plan Width": 36, "Group Key": ["lineitem_1.l_suppkey"], "Plans": [{"Node Type": "Sort", "Parent Relationship": "Outer", "Parallel Aware": false, "Startup Cost": 1358059.59, "Total Cost": 1359930.99, "Plan Rows": 748563, "Plan Width": 16, "Sort Key": ["lineitem_1.l_suppkey"], "Plans": [{"Node Type": "Index Scan", "Parent Relationship": "Outer", "Parallel Aware": true, "Scan Direction": "Forward", "Index Name": "idx_lineitem_shipdate", "Relation Name": "lineitem", "Alias": "lineitem_1", "Startup Cost": 0.56, "Total Cost": 1277528.38, "Plan Rows": 748563, "Plan Width": 16, "Index Cond": "((l_shipdate >= '1994-03-01'::date) AND (l_shipdate < '1994-06-01 00:00:00'::timestamp without time zone))"}]}]}]}]}]}, {"Node Type": "Nested Loop", "Parent Relationship": "Outer", "Parallel Aware": false, "Join Type": "Inner", "Startup Cost": 1359059.92, "Total Cost": 1411247.82, "Plan Rows": 499, "Plan Width": 103, "Inner Unique": true, "Plans": [{"Node Type": "Aggregate", "Strategy": "Sorted", "Partial Mode": "Finalize", "Parent Relationship": "Outer", "Parallel Aware": false, "Startup Cost": 1359059.63, "Total Cost": 1410304.94, "Plan Rows": 499, "Plan Width": 36, "Group Key": ["lineitem.l_suppkey"], "Filter": "(sum((lineitem.l_extendedprice * ('1'::numeric - lineitem.l_discount))) = $1)", "Plans": [{"Node Type": "Gather Merge", "Parent Relationship": "Outer", "Parallel Aware": false, "Startup Cost": 1359059.63, "Total Cost": 1404819.57, "Plan Rows": 299202, "Plan Width": 36, "Workers Planned": 3, "Plans": [{"Node Type": "Aggregate", "Strategy": "Sorted", "Partial Mode": "Partial", "Parent Relationship": "Outer", "Parallel Aware": false, "Startup Cost": 1358059.59, "Total Cost": 1368663.3, "Plan Rows": 99734, "Plan Width": 36, "Group Key": ["lineitem.l_suppkey"], "Plans": [{"Node Type": "Sort", "Parent Relationship": "Outer", "Parallel Aware": false, "Startup Cost": 1358059.59, "Total Cost": 1359930.99, "Plan Rows": 748563, "Plan Width": 16, "Sort Key": ["lineitem.l_suppkey"], "Plans": [{"Node Type": "Index Scan", "Parent Relationship": "Outer", "Parallel Aware": true, "Scan Direction": "Forward", "Index Name": "idx_lineitem_shipdate", "Relation Name": "lineitem", "Alias": "lineitem", "Startup Cost": 0.56, "Total Cost": 1277528.38, "Plan Rows": 748563, "Plan Width": 16, "Index Cond": "((l_shipdate >= '1994-03-01'::date) AND (l_shipdate < '1994-06-01 00:00:00'::timestamp without time zone))"}]}]}]}]}, {"Node Type": "Index Scan", "Parent Relationship": "Inner", "Parallel Aware": false, "Scan Direction": "Forward", "Index Name": "supplier_pkey", "Relation Name": "supplier", "Alias": "supplier", "Startup Cost": 0.29, "Total Cost": 1.88, "Plan Rows": 1, "Plan Width": 71, "Index Cond": "(s_suppkey = lineitem.l_suppkey)"}]}]}}, {"Plan": {"Node Type": "Limit", "Parallel Aware": false, "Startup Cost": 2768616.87, "Total Cost": 2768721.45, "Plan Rows": 1, "Plan Width": 103, "Plans": [{"Node Type": "Aggregate", "Strategy": "Plain", "Partial Mode": "Simple", "Parent Relationship": "InitPlan", "Subplan Name": "InitPlan 1 (returns $1)", "Parallel Aware": false, "Startup Cost": 1409556.94, "Total Cost": 1409556.95, "Plan Rows": 1, "Plan Width": 32, "Plans": [{"Node Type": "Aggregate", "Strategy": "Sorted", "Partial Mode": "Finalize", "Parent Relationship": "Outer", "Parallel Aware": false, "Startup Cost": 1359059.63, "Total Cost": 1408310.26, "Plan Rows": 99734, "Plan Width": 36, "Group Key": ["lineitem_1.l_suppkey"], "Plans": [{"Node Type": "Gather Merge", "Parent Relationship": "Outer", "Parallel Aware": false, "Startup Cost": 1359059.63, "Total Cost": 1404819.57, "Plan Rows": 299202, "Plan Width": 36, "Workers Planned": 3, "Plans": [{"Node Type": "Aggregate", "Strategy": "Sorted", "Partial Mode": "Partial", "Parent Relationship": "Outer", "Parallel Aware": false, "Startup Cost": 1358059.59, "Total Cost": 1368663.3, "Plan Rows": 99734, "Plan Width": 36, "Group Key": ["lineitem_1.l_suppkey"], "Plans": [{"Node Type": "Sort", "Parent Relationship": "Outer", "Parallel Aware": false, "Startup Cost": 1358059.59, "Total Cost": 1359930.99, "Plan Rows": 748563, "Plan Width": 16, "Sort Key": ["lineitem_1.l_suppkey"], "Plans": [{"Node Type": "Index Scan", "Parent Relationship": "Outer", "Parallel Aware": true, "Scan Direction": "Forward", "Index Name": "idx_lineitem_shipdate", "Relation Name": "lineitem", "Alias": "lineitem_1", "Startup Cost": 0.56, "Total Cost": 1277528.38, "Plan Rows": 748563, "Plan Width": 16, "Index Cond": "((l_shipdate >= '1994-03-01'::date) AND (l_shipdate < '1994-06-01 00:00:00'::timestamp without time zone))"}]}]}]}]}]}, {"Node Type": "Nested Loop", "Parent Relationship": "Outer", "Parallel Aware": false, "Join Type": "Inner", "Startup Cost": 1359059.92, "Total Cost": 1411247.82, "Plan Rows": 499, "Plan Width": 103, "Inner Unique": true, "Plans": [{"Node Type": "Aggregate", "Strategy": "Sorted", "Partial Mode": "Finalize", "Parent Relationship": "Outer", "Parallel Aware": false, "Startup Cost": 1359059.63, "Total Cost": 1410304.94, "Plan Rows": 499, "Plan Width": 36, "Group Key": ["lineitem.l_suppkey"], "Filter": "(sum((lineitem.l_extendedprice * ('1'::numeric - lineitem.l_discount))) = $1)", "Plans": [{"Node Type": "Gather Merge", "Parent Relationship": "Outer", "Parallel Aware": false, "Startup Cost": 1359059.63, "Total Cost": 1404819.57, "Plan Rows": 299202, "Plan Width": 36, "Workers Planned": 3, "Plans": [{"Node Type": "Aggregate", "Strategy": "Sorted", "Partial Mode": "Partial", "Parent Relationship": "Outer", "Parallel Aware": false, "Startup Cost": 1358059.59, "Total Cost": 1368663.3, "Plan Rows": 99734, "Plan Width": 36, "Group Key": ["lineitem.l_suppkey"], "Plans": [{"Node Type": "Sort", "Parent Relationship": "Outer", "Parallel Aware": false, "Startup Cost": 1358059.59, "Total Cost": 1359930.99, "Plan Rows": 748563, "Plan Width": 16, "Sort Key": ["lineitem.l_suppkey"], "Plans": [{"Node Type": "Index Scan", "Parent Relationship": "Outer", "Parallel Aware": true, "Scan Direction": "Forward", "Index Name": "idx_lineitem_shipdate", "Relation Name": "lineitem", "Alias": "lineitem", "Startup Cost": 0.56, "Total Cost": 1277528.38, "Plan Rows": 748563, "Plan Width": 16, "Index Cond": "((l_shipdate >= '1994-03-01'::date) AND (l_shipdate < '1994-06-01 00:00:00'::timestamp without time zone))"}]}]}]}]}, {"Node Type": "Index Scan", "Parent Relationship": "Inner", "Parallel Aware": false, "Scan Direction": "Forward", "Index Name": "supplier_pkey", "Relation Name": "supplier", "Alias": "supplier", "Startup Cost": 0.29, "Total Cost": 1.88, "Plan Rows": 1, "Plan Width": 71, "Index Cond": "(s_suppkey = lineitem.l_suppkey)"}]}]}}, {"Plan": {"Node Type": "Limit", "Parallel Aware": false, "Startup Cost": 2824336.69, "Total Cost": 2824336.69, "Plan Rows": 1, "Plan Width": 103, "Plans": [{"Node Type": "Aggregate", "Strategy": "Plain", "Partial Mode": "Simple", "Parent Relationship": "InitPlan", "Subplan Name": "InitPlan 1 (returns $1)", "Parallel Aware": false, "Startup Cost": 1409556.94, "Total Cost": 1409556.95, "Plan Rows": 1, "Plan Width": 32, "Plans": [{"Node Type": "Aggregate", "Strategy": "Sorted", "Partial Mode": "Finalize", "Parent Relationship": "Outer", "Parallel Aware": false, "Startup Cost": 1359059.63, "Total Cost": 1408310.26, "Plan Rows": 99734, "Plan Width": 36, "Group Key": ["lineitem_1.l_suppkey"], "Plans": [{"Node Type": "Gather Merge", "Parent Relationship": "Outer", "Parallel Aware": false, "Startup Cost": 1359059.63, "Total Cost": 1404819.57, "Plan Rows": 299202, "Plan Width": 36, "Workers Planned": 3, "Plans": [{"Node Type": "Aggregate", "Strategy": "Sorted", "Partial Mode": "Partial", "Parent Relationship": "Outer", "Parallel Aware": false, "Startup Cost": 1358059.59, "Total Cost": 1368663.3, "Plan Rows": 99734, "Plan Width": 36, "Group Key": ["lineitem_1.l_suppkey"], "Plans": [{"Node Type": "Sort", "Parent Relationship": "Outer", "Parallel Aware": false, "Startup Cost": 1358059.59, "Total Cost": 1359930.99, "Plan Rows": 748563, "Plan Width": 16, "Sort Key": ["lineitem_1.l_suppkey"], "Plans": [{"Node Type": "Index Scan", "Parent Relationship": "Outer", "Parallel Aware": true, "Scan Direction": "Forward", "Index Name": "idx_lineitem_shipdate", "Relation Name": "lineitem", "Alias": "lineitem_1", "Startup Cost": 0.56, "Total Cost": 1277528.38, "Plan Rows": 748563, "Plan Width": 16, "Index Cond": "((l_shipdate >= '1994-03-01'::date) AND (l_shipdate < '1994-06-01 00:00:00'::timestamp without time zone))"}]}]}]}]}]}, {"Node Type": "Sort", "Parent Relationship": "Outer", "Parallel Aware": false, "Startup Cost": 1414779.74, "Total Cost": 1414780.99, "Plan Rows": 499, "Plan Width": 103, "Sort Key": ["supplier.s_suppkey"], "Plans": [{"Node Type": "Hash Join", "Parent Relationship": "Outer", "Parallel Aware": false, "Join Type": "Inner", "Startup Cost": 1363525.63, "Total Cost": 1414777.24, "Plan Rows": 499, "Plan Width": 103, "Inner Unique": true, "Hash Cond": "(lineitem.l_suppkey = supplier.s_suppkey)", "Plans": [{"Node Type": "Aggregate", "Strategy": "Sorted", "Partial Mode": "Finalize", "Parent Relationship": "Outer", "Parallel Aware": false, "Startup Cost": 1359059.63, "Total Cost": 1410304.94, "Plan Rows": 499, "Plan Width": 36, "Group Key": ["lineitem.l_suppkey"], "Filter": "(sum((lineitem.l_extendedprice * ('1'::numeric - lineitem.l_discount))) = $1)", "Plans": [{"Node Type": "Gather Merge", "Parent Relationship": "Outer", "Parallel Aware": false, "Startup Cost": 1359059.63, "Total Cost": 1404819.57, "Plan Rows": 299202, "Plan Width": 36, "Workers Planned": 3, "Plans": [{"Node Type": "Aggregate", "Strategy": "Sorted", "Partial Mode": "Partial", "Parent Relationship": "Outer", "Parallel Aware": false, "Startup Cost": 1358059.59, "Total Cost": 1368663.3, "Plan Rows": 99734, "Plan Width": 36, "Group Key": ["lineitem.l_suppkey"], "Plans": [{"Node Type": "Sort", "Parent Relationship": "Outer", "Parallel Aware": false, "Startup Cost": 1358059.59, "Total Cost": 1359930.99, "Plan Rows": 748563, "Plan Width": 16, "Sort Key": ["lineitem.l_suppkey"], "Plans": [{"Node Type": "Index Scan", "Parent Relationship": "Outer", "Parallel Aware": true, "Scan Direction": "Forward", "Index Name": "idx_lineitem_shipdate", "Relation Name": "lineitem", "Alias": "lineitem", "Startup Cost": 0.56, "Total Cost": 1277528.38, "Plan Rows": 748563, "Plan Width": 16, "Index Cond": "((l_shipdate >= '1994-03-01'::date) AND (l_shipdate < '1994-06-01 00:00:00'::timestamp without time zone))"}]}]}]}]}, {"Node Type": "Hash", "Parent Relationship": "Inner", "Parallel Aware": false, "Startup Cost": 3216.0, "Total Cost": 3216.0, "Plan Rows": 100000, "Plan Width": 71, "Plans": [{"Node Type": "Seq Scan", "Parent Relationship": "Outer", "Parallel Aware": false, "Relation Name": "supplier", "Alias": "supplier", "Startup Cost": 0.0, "Total Cost": 3216.0, "Plan Rows": 100000, "Plan Width": 71}]}]}]}]}}, {"Plan": {"Node Type": "Limit", "Parallel Aware": false, "Startup Cost": 10003041030.81, "Total Cost": 10003041135.5, "Plan Rows": 1, "Plan Width": 103, "Plans": [{"Node Type": "Aggregate", "Strategy": "Plain", "Partial Mode": "Simple", "Parent Relationship": "InitPlan", "Subplan Name": "InitPlan 1 (returns $1)", "Parallel Aware": false, "Startup Cost": 1545763.61, "Total Cost": 1545763.62, "Plan Rows": 1, "Plan Width": 32, "Plans": [{"Node Type": "Aggregate", "Strategy": "Sorted", "Partial Mode": "Finalize", "Parent Relationship": "Outer", "Parallel Aware": false, "Startup Cost": 1495266.3, "Total Cost": 1544516.94, "Plan Rows": 99734, "Plan Width": 36, "Group Key": ["lineitem_1.l_suppkey"], "Plans": [{"Node Type": "Gather Merge", "Parent Relationship": "Outer", "Parallel Aware": false, "Startup Cost": 1495266.3, "Total Cost": 1541026.25, "Plan Rows": 299202, "Plan Width": 36, "Workers Planned": 3, "Plans": [{"Node Type": "Aggregate", "Strategy": "Sorted", "Partial Mode": "Partial", "Parent Relationship": "Outer", "Parallel Aware": false, "Startup Cost": 1494266.26, "Total Cost": 1504869.97, "Plan Rows": 99734, "Plan Width": 36, "Group Key": ["lineitem_1.l_suppkey"], "Plans": [{"Node Type": "Sort", "Parent Relationship": "Outer", "Parallel Aware": false, "Startup Cost": 1494266.26, "Total Cost": 1496137.67, "Plan Rows": 748563, "Plan Width": 16, "Sort Key": ["lineitem_1.l_suppkey"], "Plans": [{"Node Type": "Bitmap Heap Scan", "Parent Relationship": "Outer", "Parallel Aware": true, "Relation Name": "lineitem", "Alias": "lineitem_1", "Startup Cost": 33628.95, "Total Cost": 1413735.05, "Plan Rows": 748563, "Plan Width": 16, "Recheck Cond": "((l_shipdate >= '1994-03-01'::date) AND (l_shipdate < '1994-06-01 00:00:00'::timestamp without time zone))", "Plans": [{"Node Type": "Bitmap Index Scan", "Parent Relationship": "Outer", "Parallel Aware": false, "Index Name": "idx_lineitem_shipdate", "Startup Cost": 0.0, "Total Cost": 33048.82, "Plan Rows": 2320545, "Plan Width": 0, "Index Cond": "((l_shipdate >= '1994-03-01'::date) AND (l_shipdate < '1994-06-01 00:00:00'::timestamp without time zone))"}]}]}]}]}]}]}, {"Node Type": "Nested Loop", "Parent Relationship": "Outer", "Parallel Aware": false, "Join Type": "Inner", "Startup Cost": 10001495267.18, "Total Cost": 10001547510.87, "Plan Rows": 499, "Plan Width": 103, "Inner Unique": true, "Plans": [{"Node Type": "Aggregate", "Strategy": "Sorted", "Partial Mode": "Finalize", "Parent Relationship": "Outer", "Parallel Aware": false, "Startup Cost": 1495266.3, "Total Cost": 1546511.62, "Plan Rows": 499, "Plan Width": 36, "Group Key": ["lineitem.l_suppkey"], "Filter": "(sum((lineitem.l_extendedprice * ('1'::numeric - lineitem.l_discount))) = $1)", "Plans": [{"Node Type": "Gather Merge", "Parent Relationship": "Outer", "Parallel Aware": false, "Startup Cost": 1495266.3, "Total Cost": 1541026.25, "Plan Rows": 299202, "Plan Width": 36, "Workers Planned": 3, "Plans": [{"Node Type": "Aggregate", "Strategy": "Sorted", "Partial Mode": "Partial", "Parent Relationship": "Outer", "Parallel Aware": false, "Startup Cost": 1494266.26, "Total Cost": 1504869.97, "Plan Rows": 99734, "Plan Width": 36, "Group Key": ["lineitem.l_suppkey"], "Plans": [{"Node Type": "Sort", "Parent Relationship": "Outer", "Parallel Aware": false, "Startup Cost": 1494266.26, "Total Cost": 1496137.67, "Plan Rows": 748563, "Plan Width": 16, "Sort Key": ["lineitem.l_suppkey"], "Plans": [{"Node Type": "Bitmap Heap Scan", "Parent Relationship": "Outer", "Parallel Aware": true, "Relation Name": "lineitem", "Alias": "lineitem", "Startup Cost": 33628.95, "Total Cost": 1413735.05, "Plan Rows": 748563, "Plan Width": 16, "Recheck Cond": "((l_shipdate >= '1994-03-01'::date) AND (l_shipdate < '1994-06-01 00:00:00'::timestamp without time zone))", "Plans": [{"Node Type": "Bitmap Index Scan", "Parent Relationship": "Outer", "Parallel Aware": false, "Index Name": "idx_lineitem_shipdate", "Startup Cost": 0.0, "Total Cost": 33048.82, "Plan Rows": 2320545, "Plan Width": 0, "Index Cond": "((l_shipdate >= '1994-03-01'::date) AND (l_shipdate < '1994-06-01 00:00:00'::timestamp without time zone))"}]}]}]}]}]}, {"Node Type": "Bitmap Heap Scan", "Parent Relationship": "Inner", "Parallel Aware": false, "Relation Name": "supplier", "Alias": "supplier", "Startup Cost": 0.88, "Total Cost": 1.99, "Plan Rows": 1, "Plan Width": 71, "Recheck Cond": "(s_suppkey = lineitem.l_suppkey)", "Plans": [{"Node Type": "Bitmap Index Scan", "Parent Relationship": "Outer", "Parallel Aware": false, "Index Name": "supplier_pkey", "Startup Cost": 0.0, "Total Cost": 0.88, "Plan Rows": 1, "Plan Width": 0, "Index Cond": "(s_suppkey = lineitem.l_suppkey)"}]}]}]}}, {"Plan": {"Node Type": "Limit", "Parallel Aware": false, "Startup Cost": 3041030.81, "Total Cost": 3041135.5, "Plan Rows": 1, "Plan Width": 103, "Plans": [{"Node Type": "Aggregate", "Strategy": "Plain", "Partial Mode": "Simple", "Parent Relationship": "InitPlan", "Subplan Name": "InitPlan 1 (returns $1)", "Parallel Aware": false, "Startup Cost": 1545763.61, "Total Cost": 1545763.62, "Plan Rows": 1, "Plan Width": 32, "Plans": [{"Node Type": "Aggregate", "Strategy": "Sorted", "Partial Mode": "Finalize", "Parent Relationship": "Outer", "Parallel Aware": false, "Startup Cost": 1495266.3, "Total Cost": 1544516.94, "Plan Rows": 99734, "Plan Width": 36, "Group Key": ["lineitem_1.l_suppkey"], "Plans": [{"Node Type": "Gather Merge", "Parent Relationship": "Outer", "Parallel Aware": false, "Startup Cost": 1495266.3, "Total Cost": 1541026.25, "Plan Rows": 299202, "Plan Width": 36, "Workers Planned": 3, "Plans": [{"Node Type": "Aggregate", "Strategy": "Sorted", "Partial Mode": "Partial", "Parent Relationship": "Outer", "Parallel Aware": false, "Startup Cost": 1494266.26, "Total Cost": 1504869.97, "Plan Rows": 99734, "Plan Width": 36, "Group Key": ["lineitem_1.l_suppkey"], "Plans": [{"Node Type": "Sort", "Parent Relationship": "Outer", "Parallel Aware": false, "Startup Cost": 1494266.26, "Total Cost": 1496137.67, "Plan Rows": 748563, "Plan Width": 16, "Sort Key": ["lineitem_1.l_suppkey"], "Plans": [{"Node Type": "Bitmap Heap Scan", "Parent Relationship": "Outer", "Parallel Aware": true, "Relation Name": "lineitem", "Alias": "lineitem_1", "Startup Cost": 33628.95, "Total Cost": 1413735.05, "Plan Rows": 748563, "Plan Width": 16, "Recheck Cond": "((l_shipdate >= '1994-03-01'::date) AND (l_shipdate < '1994-06-01 00:00:00'::timestamp without time zone))", "Plans": [{"Node Type": "Bitmap Index Scan", "Parent Relationship": "Outer", "Parallel Aware": false, "Index Name": "idx_lineitem_shipdate", "Startup Cost": 0.0, "Total Cost": 33048.82, "Plan Rows": 2320545, "Plan Width": 0, "Index Cond": "((l_shipdate >= '1994-03-01'::date) AND (l_shipdate < '1994-06-01 00:00:00'::timestamp without time zone))"}]}]}]}]}]}]}, {"Node Type": "Nested Loop", "Parent Relationship": "Outer", "Parallel Aware": false, "Join Type": "Inner", "Startup Cost": 1495267.18, "Total Cost": 1547510.87, "Plan Rows": 499, "Plan Width": 103, "Inner Unique": true, "Plans": [{"Node Type": "Aggregate", "Strategy": "Sorted", "Partial Mode": "Finalize", "Parent Relationship": "Outer", "Parallel Aware": false, "Startup Cost": 1495266.3, "Total Cost": 1546511.62, "Plan Rows": 499, "Plan Width": 36, "Group Key": ["lineitem.l_suppkey"], "Filter": "(sum((lineitem.l_extendedprice * ('1'::numeric - lineitem.l_discount))) = $1)", "Plans": [{"Node Type": "Gather Merge", "Parent Relationship": "Outer", "Parallel Aware": false, "Startup Cost": 1495266.3, "Total Cost": 1541026.25, "Plan Rows": 299202, "Plan Width": 36, "Workers Planned": 3, "Plans": [{"Node Type": "Aggregate", "Strategy": "Sorted", "Partial Mode": "Partial", "Parent Relationship": "Outer", "Parallel Aware": false, "Startup Cost": 1494266.26, "Total Cost": 1504869.97, "Plan Rows": 99734, "Plan Width": 36, "Group Key": ["lineitem.l_suppkey"], "Plans": [{"Node Type": "Sort", "Parent Relationship": "Outer", "Parallel Aware": false, "Startup Cost": 1494266.26, "Total Cost": 1496137.67, "Plan Rows": 748563, "Plan Width": 16, "Sort Key": ["lineitem.l_suppkey"], "Plans": [{"Node Type": "Bitmap Heap Scan", "Parent Relationship": "Outer", "Parallel Aware": true, "Relation Name": "lineitem", "Alias": "lineitem", "Startup Cost": 33628.95, "Total Cost": 1413735.05, "Plan Rows": 748563, "Plan Width": 16, "Recheck Cond": "((l_shipdate >= '1994-03-01'::date) AND (l_shipdate < '1994-06-01 00:00:00'::timestamp without time zone))", "Plans": [{"Node Type": "Bitmap Index Scan", "Parent Relationship": "Outer", "Parallel Aware": false, "Index Name": "idx_lineitem_shipdate", "Startup Cost": 0.0, "Total Cost": 33048.82, "Plan Rows": 2320545, "Plan Width": 0, "Index Cond": "((l_shipdate >= '1994-03-01'::date) AND (l_shipdate < '1994-06-01 00:00:00'::timestamp without time zone))"}]}]}]}]}]}, {"Node Type": "Bitmap Heap Scan", "Parent Relationship": "Inner", "Parallel Aware": false, "Relation Name": "supplier", "Alias": "supplier", "Startup Cost": 0.88, "Total Cost": 1.99, "Plan Rows": 1, "Plan Width": 71, "Recheck Cond": "(s_suppkey = lineitem.l_suppkey)", "Plans": [{"Node Type": "Bitmap Index Scan", "Parent Relationship": "Outer", "Parallel Aware": false, "Index Name": "supplier_pkey", "Startup Cost": 0.0, "Total Cost": 0.88, "Plan Rows": 1, "Plan Width": 0, "Index Cond": "(s_suppkey = lineitem.l_suppkey)"}]}]}]}}, {"Plan": {"Node Type": "Limit", "Parallel Aware": false, "Startup Cost": 3041030.81, "Total Cost": 3041135.5, "Plan Rows": 1, "Plan Width": 103, "Plans": [{"Node Type": "Aggregate", "Strategy": "Plain", "Partial Mode": "Simple", "Parent Relationship": "InitPlan", "Subplan Name": "InitPlan 1 (returns $1)", "Parallel Aware": false, "Startup Cost": 1545763.61, "Total Cost": 1545763.62, "Plan Rows": 1, "Plan Width": 32, "Plans": [{"Node Type": "Aggregate", "Strategy": "Sorted", "Partial Mode": "Finalize", "Parent Relationship": "Outer", "Parallel Aware": false, "Startup Cost": 1495266.3, "Total Cost": 1544516.94, "Plan Rows": 99734, "Plan Width": 36, "Group Key": ["lineitem_1.l_suppkey"], "Plans": [{"Node Type": "Gather Merge", "Parent Relationship": "Outer", "Parallel Aware": false, "Startup Cost": 1495266.3, "Total Cost": 1541026.25, "Plan Rows": 299202, "Plan Width": 36, "Workers Planned": 3, "Plans": [{"Node Type": "Aggregate", "Strategy": "Sorted", "Partial Mode": "Partial", "Parent Relationship": "Outer", "Parallel Aware": false, "Startup Cost": 1494266.26, "Total Cost": 1504869.97, "Plan Rows": 99734, "Plan Width": 36, "Group Key": ["lineitem_1.l_suppkey"], "Plans": [{"Node Type": "Sort", "Parent Relationship": "Outer", "Parallel Aware": false, "Startup Cost": 1494266.26, "Total Cost": 1496137.67, "Plan Rows": 748563, "Plan Width": 16, "Sort Key": ["lineitem_1.l_suppkey"], "Plans": [{"Node Type": "Bitmap Heap Scan", "Parent Relationship": "Outer", "Parallel Aware": true, "Relation Name": "lineitem", "Alias": "lineitem_1", "Startup Cost": 33628.95, "Total Cost": 1413735.05, "Plan Rows": 748563, "Plan Width": 16, "Recheck Cond": "((l_shipdate >= '1994-03-01'::date) AND (l_shipdate < '1994-06-01 00:00:00'::timestamp without time zone))", "Plans": [{"Node Type": "Bitmap Index Scan", "Parent Relationship": "Outer", "Parallel Aware": false, "Index Name": "idx_lineitem_shipdate", "Startup Cost": 0.0, "Total Cost": 33048.82, "Plan Rows": 2320545, "Plan Width": 0, "Index Cond": "((l_shipdate >= '1994-03-01'::date) AND (l_shipdate < '1994-06-01 00:00:00'::timestamp without time zone))"}]}]}]}]}]}]}, {"Node Type": "Nested Loop", "Parent Relationship": "Outer", "Parallel Aware": false, "Join Type": "Inner", "Startup Cost": 1495267.18, "Total Cost": 1547510.87, "Plan Rows": 499, "Plan Width": 103, "Inner Unique": true, "Plans": [{"Node Type": "Aggregate", "Strategy": "Sorted", "Partial Mode": "Finalize", "Parent Relationship": "Outer", "Parallel Aware": false, "Startup Cost": 1495266.3, "Total Cost": 1546511.62, "Plan Rows": 499, "Plan Width": 36, "Group Key": ["lineitem.l_suppkey"], "Filter": "(sum((lineitem.l_extendedprice * ('1'::numeric - lineitem.l_discount))) = $1)", "Plans": [{"Node Type": "Gather Merge", "Parent Relationship": "Outer", "Parallel Aware": false, "Startup Cost": 1495266.3, "Total Cost": 1541026.25, "Plan Rows": 299202, "Plan Width": 36, "Workers Planned": 3, "Plans": [{"Node Type": "Aggregate", "Strategy": "Sorted", "Partial Mode": "Partial", "Parent Relationship": "Outer", "Parallel Aware": false, "Startup Cost": 1494266.26, "Total Cost": 1504869.97, "Plan Rows": 99734, "Plan Width": 36, "Group Key": ["lineitem.l_suppkey"], "Plans": [{"Node Type": "Sort", "Parent Relationship": "Outer", "Parallel Aware": false, "Startup Cost": 1494266.26, "Total Cost": 1496137.67, "Plan Rows": 748563, "Plan Width": 16, "Sort Key": ["lineitem.l_suppkey"], "Plans": [{"Node Type": "Bitmap Heap Scan", "Parent Relationship": "Outer", "Parallel Aware": true, "Relation Name": "lineitem", "Alias": "lineitem", "Startup Cost": 33628.95, "Total Cost": 1413735.05, "Plan Rows": 748563, "Plan Width": 16, "Recheck Cond": "((l_shipdate >= '1994-03-01'::date) AND (l_shipdate < '1994-06-01 00:00:00'::timestamp without time zone))", "Plans": [{"Node Type": "Bitmap Index Scan", "Parent Relationship": "Outer", "Parallel Aware": false, "Index Name": "idx_lineitem_shipdate", "Startup Cost": 0.0, "Total Cost": 33048.82, "Plan Rows": 2320545, "Plan Width": 0, "Index Cond": "((l_shipdate >= '1994-03-01'::date) AND (l_shipdate < '1994-06-01 00:00:00'::timestamp without time zone))"}]}]}]}]}]}, {"Node Type": "Bitmap Heap Scan", "Parent Relationship": "Inner", "Parallel Aware": false, "Relation Name": "supplier", "Alias": "supplier", "Startup Cost": 0.88, "Total Cost": 1.99, "Plan Rows": 1, "Plan Width": 71, "Recheck Cond": "(s_suppkey = lineitem.l_suppkey)", "Plans": [{"Node Type": "Bitmap Index Scan", "Parent Relationship": "Outer", "Parallel Aware": false, "Index Name": "supplier_pkey", "Startup Cost": 0.0, "Total Cost": 0.88, "Plan Rows": 1, "Plan Width": 0, "Index Cond": "(s_suppkey = lineitem.l_suppkey)"}]}]}]}}, {"Plan": {"Node Type": "Limit", "Parallel Aware": false, "Startup Cost": 3052550.75, "Total Cost": 3052654.47, "Plan Rows": 1, "Plan Width": 103, "Plans": [{"Node Type": "Aggregate", "Strategy": "Plain", "Partial Mode": "Simple", "Parent Relationship": "InitPlan", "Subplan Name": "InitPlan 1 (returns $1)", "Parallel Aware": false, "Startup Cost": 1545763.61, "Total Cost": 1545763.62, "Plan Rows": 1, "Plan Width": 32, "Plans": [{"Node Type": "Aggregate", "Strategy": "Sorted", "Partial Mode": "Finalize", "Parent Relationship": "Outer", "Parallel Aware": false, "Startup Cost": 1495266.3, "Total Cost": 1544516.94, "Plan Rows": 99734, "Plan Width": 36, "Group Key": ["lineitem_1.l_suppkey"], "Plans": [{"Node Type": "Gather Merge", "Parent Relationship": "Outer", "Parallel Aware": false, "Startup Cost": 1495266.3, "Total Cost": 1541026.25, "Plan Rows": 299202, "Plan Width": 36, "Workers Planned": 3, "Plans": [{"Node Type": "Aggregate", "Strategy": "Sorted", "Partial Mode": "Partial", "Parent Relationship": "Outer", "Parallel Aware": false, "Startup Cost": 1494266.26, "Total Cost": 1504869.97, "Plan Rows": 99734, "Plan Width": 36, "Group Key": ["lineitem_1.l_suppkey"], "Plans": [{"Node Type": "Sort", "Parent Relationship": "Outer", "Parallel Aware": false, "Startup Cost": 1494266.26, "Total Cost": 1496137.67, "Plan Rows": 748563, "Plan Width": 16, "Sort Key": ["lineitem_1.l_suppkey"], "Plans": [{"Node Type": "Bitmap Heap Scan", "Parent Relationship": "Outer", "Parallel Aware": true, "Relation Name": "lineitem", "Alias": "lineitem_1", "Startup Cost": 33628.95, "Total Cost": 1413735.05, "Plan Rows": 748563, "Plan Width": 16, "Recheck Cond": "((l_shipdate >= '1994-03-01'::date) AND (l_shipdate < '1994-06-01 00:00:00'::timestamp without time zone))", "Plans": [{"Node Type": "Bitmap Index Scan", "Parent Relationship": "Outer", "Parallel Aware": false, "Index Name": "idx_lineitem_shipdate", "Startup Cost": 0.0, "Total Cost": 33048.82, "Plan Rows": 2320545, "Plan Width": 0, "Index Cond": "((l_shipdate >= '1994-03-01'::date) AND (l_shipdate < '1994-06-01 00:00:00'::timestamp without time zone))"}]}]}]}]}]}]}, {"Node Type": "Merge Join", "Parent Relationship": "Outer", "Parallel Aware": false, "Join Type": "Inner", "Startup Cost": 1506787.12, "Total Cost": 1558543.67, "Plan Rows": 499, "Plan Width": 103, "Inner Unique": true, "Merge Cond": "(supplier.s_suppkey = lineitem.l_suppkey)", "Plans": [{"Node Type": "Sort", "Parent Relationship": "Outer", "Parallel Aware": false, "Startup Cost": 11520.82, "Total Cost": 11770.82, "Plan Rows": 100000, "Plan Width": 71, "Sort Key": ["supplier.s_suppkey"], "Plans": [{"Node Type": "Seq Scan", "Parent Relationship": "Outer", "Parallel Aware": false, "Relation Name": "supplier", "Alias": "supplier", "Startup Cost": 0.0, "Total Cost": 3216.0, "Plan Rows": 100000, "Plan Width": 71}]}, {"Node Type": "Aggregate", "Strategy": "Sorted", "Partial Mode": "Finalize", "Parent Relationship": "Inner", "Parallel Aware": false, "Startup Cost": 1495266.3, "Total Cost": 1546511.62, "Plan Rows": 499, "Plan Width": 36, "Group Key": ["lineitem.l_suppkey"], "Filter": "(sum((lineitem.l_extendedprice * ('1'::numeric - lineitem.l_discount))) = $1)", "Plans": [{"Node Type": "Gather Merge", "Parent Relationship": "Outer", "Parallel Aware": false, "Startup Cost": 1495266.3, "Total Cost": 1541026.25, "Plan Rows": 299202, "Plan Width": 36, "Workers Planned": 3, "Plans": [{"Node Type": "Aggregate", "Strategy": "Sorted", "Partial Mode": "Partial", "Parent Relationship": "Outer", "Parallel Aware": false, "Startup Cost": 1494266.26, "Total Cost": 1504869.97, "Plan Rows": 99734, "Plan Width": 36, "Group Key": ["lineitem.l_suppkey"], "Plans": [{"Node Type": "Sort", "Parent Relationship": "Outer", "Parallel Aware": false, "Startup Cost": 1494266.26, "Total Cost": 1496137.67, "Plan Rows": 748563, "Plan Width": 16, "Sort Key": ["lineitem.l_suppkey"], "Plans": [{"Node Type": "Bitmap Heap Scan", "Parent Relationship": "Outer", "Parallel Aware": true, "Relation Name": "lineitem", "Alias": "lineitem", "Startup Cost": 33628.95, "Total Cost": 1413735.05, "Plan Rows": 748563, "Plan Width": 16, "Recheck Cond": "((l_shipdate >= '1994-03-01'::date) AND (l_shipdate < '1994-06-01 00:00:00'::timestamp without time zone))", "Plans": [{"Node Type": "Bitmap Index Scan", "Parent Relationship": "Outer", "Parallel Aware": false, "Index Name": "idx_lineitem_shipdate", "Startup Cost": 0.0, "Total Cost": 33048.82, "Plan Rows": 2320545, "Plan Width": 0, "Index Cond": "((l_shipdate >= '1994-03-01'::date) AND (l_shipdate < '1994-06-01 00:00:00'::timestamp without time zone))"}]}]}]}]}]}]}]}}, {"Plan": {"Node Type": "Limit", "Parallel Aware": false, "Startup Cost": 3041030.81, "Total Cost": 3041135.5, "Plan Rows": 1, "Plan Width": 103, "Plans": [{"Node Type": "Aggregate", "Strategy": "Plain", "Partial Mode": "Simple", "Parent Relationship": "InitPlan", "Subplan Name": "InitPlan 1 (returns $1)", "Parallel Aware": false, "Startup Cost": 1545763.61, "Total Cost": 1545763.62, "Plan Rows": 1, "Plan Width": 32, "Plans": [{"Node Type": "Aggregate", "Strategy": "Sorted", "Partial Mode": "Finalize", "Parent Relationship": "Outer", "Parallel Aware": false, "Startup Cost": 1495266.3, "Total Cost": 1544516.94, "Plan Rows": 99734, "Plan Width": 36, "Group Key": ["lineitem_1.l_suppkey"], "Plans": [{"Node Type": "Gather Merge", "Parent Relationship": "Outer", "Parallel Aware": false, "Startup Cost": 1495266.3, "Total Cost": 1541026.25, "Plan Rows": 299202, "Plan Width": 36, "Workers Planned": 3, "Plans": [{"Node Type": "Aggregate", "Strategy": "Sorted", "Partial Mode": "Partial", "Parent Relationship": "Outer", "Parallel Aware": false, "Startup Cost": 1494266.26, "Total Cost": 1504869.97, "Plan Rows": 99734, "Plan Width": 36, "Group Key": ["lineitem_1.l_suppkey"], "Plans": [{"Node Type": "Sort", "Parent Relationship": "Outer", "Parallel Aware": false, "Startup Cost": 1494266.26, "Total Cost": 1496137.67, "Plan Rows": 748563, "Plan Width": 16, "Sort Key": ["lineitem_1.l_suppkey"], "Plans": [{"Node Type": "Bitmap Heap Scan", "Parent Relationship": "Outer", "Parallel Aware": true, "Relation Name": "lineitem", "Alias": "lineitem_1", "Startup Cost": 33628.95, "Total Cost": 1413735.05, "Plan Rows": 748563, "Plan Width": 16, "Recheck Cond": "((l_shipdate >= '1994-03-01'::date) AND (l_shipdate < '1994-06-01 00:00:00'::timestamp without time zone))", "Plans": [{"Node Type": "Bitmap Index Scan", "Parent Relationship": "Outer", "Parallel Aware": false, "Index Name": "idx_lineitem_shipdate", "Startup Cost": 0.0, "Total Cost": 33048.82, "Plan Rows": 2320545, "Plan Width": 0, "Index Cond": "((l_shipdate >= '1994-03-01'::date) AND (l_shipdate < '1994-06-01 00:00:00'::timestamp without time zone))"}]}]}]}]}]}]}, {"Node Type": "Nested Loop", "Parent Relationship": "Outer", "Parallel Aware": false, "Join Type": "Inner", "Startup Cost": 1495267.18, "Total Cost": 1547510.87, "Plan Rows": 499, "Plan Width": 103, "Inner Unique": true, "Plans": [{"Node Type": "Aggregate", "Strategy": "Sorted", "Partial Mode": "Finalize", "Parent Relationship": "Outer", "Parallel Aware": false, "Startup Cost": 1495266.3, "Total Cost": 1546511.62, "Plan Rows": 499, "Plan Width": 36, "Group Key": ["lineitem.l_suppkey"], "Filter": "(sum((lineitem.l_extendedprice * ('1'::numeric - lineitem.l_discount))) = $1)", "Plans": [{"Node Type": "Gather Merge", "Parent Relationship": "Outer", "Parallel Aware": false, "Startup Cost": 1495266.3, "Total Cost": 1541026.25, "Plan Rows": 299202, "Plan Width": 36, "Workers Planned": 3, "Plans": [{"Node Type": "Aggregate", "Strategy": "Sorted", "Partial Mode": "Partial", "Parent Relationship": "Outer", "Parallel Aware": false, "Startup Cost": 1494266.26, "Total Cost": 1504869.97, "Plan Rows": 99734, "Plan Width": 36, "Group Key": ["lineitem.l_suppkey"], "Plans": [{"Node Type": "Sort", "Parent Relationship": "Outer", "Parallel Aware": false, "Startup Cost": 1494266.26, "Total Cost": 1496137.67, "Plan Rows": 748563, "Plan Width": 16, "Sort Key": ["lineitem.l_suppkey"], "Plans": [{"Node Type": "Bitmap Heap Scan", "Parent Relationship": "Outer", "Parallel Aware": true, "Relation Name": "lineitem", "Alias": "lineitem", "Startup Cost": 33628.95, "Total Cost": 1413735.05, "Plan Rows": 748563, "Plan Width": 16, "Recheck Cond": "((l_shipdate >= '1994-03-01'::date) AND (l_shipdate < '1994-06-01 00:00:00'::timestamp without time zone))", "Plans": [{"Node Type": "Bitmap Index Scan", "Parent Relationship": "Outer", "Parallel Aware": false, "Index Name": "idx_lineitem_shipdate", "Startup Cost": 0.0, "Total Cost": 33048.82, "Plan Rows": 2320545, "Plan Width": 0, "Index Cond": "((l_shipdate >= '1994-03-01'::date) AND (l_shipdate < '1994-06-01 00:00:00'::timestamp without time zone))"}]}]}]}]}]}, {"Node Type": "Bitmap Heap Scan", "Parent Relationship": "Inner", "Parallel Aware": false, "Relation Name": "supplier", "Alias": "supplier", "Startup Cost": 0.88, "Total Cost": 1.99, "Plan Rows": 1, "Plan Width": 71, "Recheck Cond": "(s_suppkey = lineitem.l_suppkey)", "Plans": [{"Node Type": "Bitmap Index Scan", "Parent Relationship": "Outer", "Parallel Aware": false, "Index Name": "supplier_pkey", "Startup Cost": 0.0, "Total Cost": 0.88, "Plan Rows": 1, "Plan Width": 0, "Index Cond": "(s_suppkey = lineitem.l_suppkey)"}]}]}]}}, {"Plan": {"Node Type": "Limit", "Parallel Aware": false, "Startup Cost": 3041030.81, "Total Cost": 3041135.5, "Plan Rows": 1, "Plan Width": 103, "Plans": [{"Node Type": "Aggregate", "Strategy": "Plain", "Partial Mode": "Simple", "Parent Relationship": "InitPlan", "Subplan Name": "InitPlan 1 (returns $1)", "Parallel Aware": false, "Startup Cost": 1545763.61, "Total Cost": 1545763.62, "Plan Rows": 1, "Plan Width": 32, "Plans": [{"Node Type": "Aggregate", "Strategy": "Sorted", "Partial Mode": "Finalize", "Parent Relationship": "Outer", "Parallel Aware": false, "Startup Cost": 1495266.3, "Total Cost": 1544516.94, "Plan Rows": 99734, "Plan Width": 36, "Group Key": ["lineitem_1.l_suppkey"], "Plans": [{"Node Type": "Gather Merge", "Parent Relationship": "Outer", "Parallel Aware": false, "Startup Cost": 1495266.3, "Total Cost": 1541026.25, "Plan Rows": 299202, "Plan Width": 36, "Workers Planned": 3, "Plans": [{"Node Type": "Aggregate", "Strategy": "Sorted", "Partial Mode": "Partial", "Parent Relationship": "Outer", "Parallel Aware": false, "Startup Cost": 1494266.26, "Total Cost": 1504869.97, "Plan Rows": 99734, "Plan Width": 36, "Group Key": ["lineitem_1.l_suppkey"], "Plans": [{"Node Type": "Sort", "Parent Relationship": "Outer", "Parallel Aware": false, "Startup Cost": 1494266.26, "Total Cost": 1496137.67, "Plan Rows": 748563, "Plan Width": 16, "Sort Key": ["lineitem_1.l_suppkey"], "Plans": [{"Node Type": "Bitmap Heap Scan", "Parent Relationship": "Outer", "Parallel Aware": true, "Relation Name": "lineitem", "Alias": "lineitem_1", "Startup Cost": 33628.95, "Total Cost": 1413735.05, "Plan Rows": 748563, "Plan Width": 16, "Recheck Cond": "((l_shipdate >= '1994-03-01'::date) AND (l_shipdate < '1994-06-01 00:00:00'::timestamp without time zone))", "Plans": [{"Node Type": "Bitmap Index Scan", "Parent Relationship": "Outer", "Parallel Aware": false, "Index Name": "idx_lineitem_shipdate", "Startup Cost": 0.0, "Total Cost": 33048.82, "Plan Rows": 2320545, "Plan Width": 0, "Index Cond": "((l_shipdate >= '1994-03-01'::date) AND (l_shipdate < '1994-06-01 00:00:00'::timestamp without time zone))"}]}]}]}]}]}]}, {"Node Type": "Nested Loop", "Parent Relationship": "Outer", "Parallel Aware": false, "Join Type": "Inner", "Startup Cost": 1495267.18, "Total Cost": 1547510.87, "Plan Rows": 499, "Plan Width": 103, "Inner Unique": true, "Plans": [{"Node Type": "Aggregate", "Strategy": "Sorted", "Partial Mode": "Finalize", "Parent Relationship": "Outer", "Parallel Aware": false, "Startup Cost": 1495266.3, "Total Cost": 1546511.62, "Plan Rows": 499, "Plan Width": 36, "Group Key": ["lineitem.l_suppkey"], "Filter": "(sum((lineitem.l_extendedprice * ('1'::numeric - lineitem.l_discount))) = $1)", "Plans": [{"Node Type": "Gather Merge", "Parent Relationship": "Outer", "Parallel Aware": false, "Startup Cost": 1495266.3, "Total Cost": 1541026.25, "Plan Rows": 299202, "Plan Width": 36, "Workers Planned": 3, "Plans": [{"Node Type": "Aggregate", "Strategy": "Sorted", "Partial Mode": "Partial", "Parent Relationship": "Outer", "Parallel Aware": false, "Startup Cost": 1494266.26, "Total Cost": 1504869.97, "Plan Rows": 99734, "Plan Width": 36, "Group Key": ["lineitem.l_suppkey"], "Plans": [{"Node Type": "Sort", "Parent Relationship": "Outer", "Parallel Aware": false, "Startup Cost": 1494266.26, "Total Cost": 1496137.67, "Plan Rows": 748563, "Plan Width": 16, "Sort Key": ["lineitem.l_suppkey"], "Plans": [{"Node Type": "Bitmap Heap Scan", "Parent Relationship": "Outer", "Parallel Aware": true, "Relation Name": "lineitem", "Alias": "lineitem", "Startup Cost": 33628.95, "Total Cost": 1413735.05, "Plan Rows": 748563, "Plan Width": 16, "Recheck Cond": "((l_shipdate >= '1994-03-01'::date) AND (l_shipdate < '1994-06-01 00:00:00'::timestamp without time zone))", "Plans": [{"Node Type": "Bitmap Index Scan", "Parent Relationship": "Outer", "Parallel Aware": false, "Index Name": "idx_lineitem_shipdate", "Startup Cost": 0.0, "Total Cost": 33048.82, "Plan Rows": 2320545, "Plan Width": 0, "Index Cond": "((l_shipdate >= '1994-03-01'::date) AND (l_shipdate < '1994-06-01 00:00:00'::timestamp without time zone))"}]}]}]}]}]}, {"Node Type": "Bitmap Heap Scan", "Parent Relationship": "Inner", "Parallel Aware": false, "Relation Name": "supplier", "Alias": "supplier", "Startup Cost": 0.88, "Total Cost": 1.99, "Plan Rows": 1, "Plan Width": 71, "Recheck Cond": "(s_suppkey = lineitem.l_suppkey)", "Plans": [{"Node Type": "Bitmap Index Scan", "Parent Relationship": "Outer", "Parallel Aware": false, "Index Name": "supplier_pkey", "Startup Cost": 0.0, "Total Cost": 0.88, "Plan Rows": 1, "Plan Width": 0, "Index Cond": "(s_suppkey = lineitem.l_suppkey)"}]}]}]}}, {"Plan": {"Node Type": "Limit", "Parallel Aware": false, "Startup Cost": 3096750.04, "Total Cost": 3096750.04, "Plan Rows": 1, "Plan Width": 103, "Plans": [{"Node Type": "Aggregate", "Strategy": "Plain", "Partial Mode": "Simple", "Parent Relationship": "InitPlan", "Subplan Name": "InitPlan 1 (returns $1)", "Parallel Aware": false, "Startup Cost": 1545763.61, "Total Cost": 1545763.62, "Plan Rows": 1, "Plan Width": 32, "Plans": [{"Node Type": "Aggregate", "Strategy": "Sorted", "Partial Mode": "Finalize", "Parent Relationship": "Outer", "Parallel Aware": false, "Startup Cost": 1495266.3, "Total Cost": 1544516.94, "Plan Rows": 99734, "Plan Width": 36, "Group Key": ["lineitem_1.l_suppkey"], "Plans": [{"Node Type": "Gather Merge", "Parent Relationship": "Outer", "Parallel Aware": false, "Startup Cost": 1495266.3, "Total Cost": 1541026.25, "Plan Rows": 299202, "Plan Width": 36, "Workers Planned": 3, "Plans": [{"Node Type": "Aggregate", "Strategy": "Sorted", "Partial Mode": "Partial", "Parent Relationship": "Outer", "Parallel Aware": false, "Startup Cost": 1494266.26, "Total Cost": 1504869.97, "Plan Rows": 99734, "Plan Width": 36, "Group Key": ["lineitem_1.l_suppkey"], "Plans": [{"Node Type": "Sort", "Parent Relationship": "Outer", "Parallel Aware": false, "Startup Cost": 1494266.26, "Total Cost": 1496137.67, "Plan Rows": 748563, "Plan Width": 16, "Sort Key": ["lineitem_1.l_suppkey"], "Plans": [{"Node Type": "Bitmap Heap Scan", "Parent Relationship": "Outer", "Parallel Aware": true, "Relation Name": "lineitem", "Alias": "lineitem_1", "Startup Cost": 33628.95, "Total Cost": 1413735.05, "Plan Rows": 748563, "Plan Width": 16, "Recheck Cond": "((l_shipdate >= '1994-03-01'::date) AND (l_shipdate < '1994-06-01 00:00:00'::timestamp without time zone))", "Plans": [{"Node Type": "Bitmap Index Scan", "Parent Relationship": "Outer", "Parallel Aware": false, "Index Name": "idx_lineitem_shipdate", "Startup Cost": 0.0, "Total Cost": 33048.82, "Plan Rows": 2320545, "Plan Width": 0, "Index Cond": "((l_shipdate >= '1994-03-01'::date) AND (l_shipdate < '1994-06-01 00:00:00'::timestamp without time zone))"}]}]}]}]}]}]}, {"Node Type": "Sort", "Parent Relationship": "Outer", "Parallel Aware": false, "Startup Cost": 1550986.41, "Total Cost": 1550987.66, "Plan Rows": 499, "Plan Width": 103, "Sort Key": ["supplier.s_suppkey"], "Plans": [{"Node Type": "Hash Join", "Parent Relationship": "Outer", "Parallel Aware": false, "Join Type": "Inner", "Startup Cost": 1499732.3, "Total Cost": 1550983.92, "Plan Rows": 499, "Plan Width": 103, "Inner Unique": true, "Hash Cond": "(lineitem.l_suppkey = supplier.s_suppkey)", "Plans": [{"Node Type": "Aggregate", "Strategy": "Sorted", "Partial Mode": "Finalize", "Parent Relationship": "Outer", "Parallel Aware": false, "Startup Cost": 1495266.3, "Total Cost": 1546511.62, "Plan Rows": 499, "Plan Width": 36, "Group Key": ["lineitem.l_suppkey"], "Filter": "(sum((lineitem.l_extendedprice * ('1'::numeric - lineitem.l_discount))) = $1)", "Plans": [{"Node Type": "Gather Merge", "Parent Relationship": "Outer", "Parallel Aware": false, "Startup Cost": 1495266.3, "Total Cost": 1541026.25, "Plan Rows": 299202, "Plan Width": 36, "Workers Planned": 3, "Plans": [{"Node Type": "Aggregate", "Strategy": "Sorted", "Partial Mode": "Partial", "Parent Relationship": "Outer", "Parallel Aware": false, "Startup Cost": 1494266.26, "Total Cost": 1504869.97, "Plan Rows": 99734, "Plan Width": 36, "Group Key": ["lineitem.l_suppkey"], "Plans": [{"Node Type": "Sort", "Parent Relationship": "Outer", "Parallel Aware": false, "Startup Cost": 1494266.26, "Total Cost": 1496137.67, "Plan Rows": 748563, "Plan Width": 16, "Sort Key": ["lineitem.l_suppkey"], "Plans": [{"Node Type": "Bitmap Heap Scan", "Parent Relationship": "Outer", "Parallel Aware": true, "Relation Name": "lineitem", "Alias": "lineitem", "Startup Cost": 33628.95, "Total Cost": 1413735.05, "Plan Rows": 748563, "Plan Width": 16, "Recheck Cond": "((l_shipdate >= '1994-03-01'::date) AND (l_shipdate < '1994-06-01 00:00:00'::timestamp without time zone))", "Plans": [{"Node Type": "Bitmap Index Scan", "Parent Relationship": "Outer", "Parallel Aware": false, "Index Name": "idx_lineitem_shipdate", "Startup Cost": 0.0, "Total Cost": 33048.82, "Plan Rows": 2320545, "Plan Width": 0, "Index Cond": "((l_shipdate >= '1994-03-01'::date) AND (l_shipdate < '1994-06-01 00:00:00'::timestamp without time zone))"}]}]}]}]}]}, {"Node Type": "Hash", "Parent Relationship": "Inner", "Parallel Aware": false, "Startup Cost": 3216.0, "Total Cost": 3216.0, "Plan Rows": 100000, "Plan Width": 71, "Plans": [{"Node Type": "Seq Scan", "Parent Relationship": "Outer", "Parallel Aware": false, "Relation Name": "supplier", "Alias": "supplier", "Startup Cost": 0.0, "Total Cost": 3216.0, "Plan Rows": 100000, "Plan Width": 71}]}]}]}]}}, {"Plan": {"Node Type": "Limit", "Parallel Aware": false, "Startup Cost": 2825140.79, "Total Cost": 2825140.79, "Plan Rows": 1, "Plan Width": 103, "Plans": [{"Node Type": "Aggregate", "Strategy": "Plain", "Partial Mode": "Simple", "Parent Relationship": "InitPlan", "Subplan Name": "InitPlan 1 (returns $1)", "Parallel Aware": false, "Startup Cost": 1409556.94, "Total Cost": 1409556.95, "Plan Rows": 1, "Plan Width": 32, "Plans": [{"Node Type": "Aggregate", "Strategy": "Sorted", "Partial Mode": "Finalize", "Parent Relationship": "Outer", "Parallel Aware": false, "Startup Cost": 1359059.63, "Total Cost": 1408310.26, "Plan Rows": 99734, "Plan Width": 36, "Group Key": ["lineitem_1.l_suppkey"], "Plans": [{"Node Type": "Gather Merge", "Parent Relationship": "Outer", "Parallel Aware": false, "Startup Cost": 1359059.63, "Total Cost": 1404819.57, "Plan Rows": 299202, "Plan Width": 36, "Workers Planned": 3, "Plans": [{"Node Type": "Aggregate", "Strategy": "Sorted", "Partial Mode": "Partial", "Parent Relationship": "Outer", "Parallel Aware": false, "Startup Cost": 1358059.59, "Total Cost": 1368663.3, "Plan Rows": 99734, "Plan Width": 36, "Group Key": ["lineitem_1.l_suppkey"], "Plans": [{"Node Type": "Sort", "Parent Relationship": "Outer", "Parallel Aware": false, "Startup Cost": 1358059.59, "Total Cost": 1359930.99, "Plan Rows": 748563, "Plan Width": 16, "Sort Key": ["lineitem_1.l_suppkey"], "Plans": [{"Node Type": "Index Scan", "Parent Relationship": "Outer", "Parallel Aware": true, "Scan Direction": "Forward", "Index Name": "idx_lineitem_shipdate", "Relation Name": "lineitem", "Alias": "lineitem_1", "Startup Cost": 0.56, "Total Cost": 1277528.38, "Plan Rows": 748563, "Plan Width": 16, "Index Cond": "((l_shipdate >= '1994-03-01'::date) AND (l_shipdate < '1994-06-01 00:00:00'::timestamp without time zone))"}]}]}]}]}]}, {"Node Type": "Sort", "Parent Relationship": "Outer", "Parallel Aware": false, "Startup Cost": 1415583.84, "Total Cost": 1415585.08, "Plan Rows": 499, "Plan Width": 103, "Sort Key": ["supplier.s_suppkey"], "Plans": [{"Node Type": "Hash Join", "Parent Relationship": "Outer", "Parallel Aware": false, "Join Type": "Inner", "Startup Cost": 1364329.72, "Total Cost": 1415581.34, "Plan Rows": 499, "Plan Width": 103, "Inner Unique": true, "Hash Cond": "(lineitem.l_suppkey = supplier.s_suppkey)", "Plans": [{"Node Type": "Aggregate", "Strategy": "Sorted", "Partial Mode": "Finalize", "Parent Relationship": "Outer", "Parallel Aware": false, "Startup Cost": 1359059.63, "Total Cost": 1410304.94, "Plan Rows": 499, "Plan Width": 36, "Group Key": ["lineitem.l_suppkey"], "Filter": "(sum((lineitem.l_extendedprice * ('1'::numeric - lineitem.l_discount))) = $1)", "Plans": [{"Node Type": "Gather Merge", "Parent Relationship": "Outer", "Parallel Aware": false, "Startup Cost": 1359059.63, "Total Cost": 1404819.57, "Plan Rows": 299202, "Plan Width": 36, "Workers Planned": 3, "Plans": [{"Node Type": "Aggregate", "Strategy": "Sorted", "Partial Mode": "Partial", "Parent Relationship": "Outer", "Parallel Aware": false, "Startup Cost": 1358059.59, "Total Cost": 1368663.3, "Plan Rows": 99734, "Plan Width": 36, "Group Key": ["lineitem.l_suppkey"], "Plans": [{"Node Type": "Sort", "Parent Relationship": "Outer", "Parallel Aware": false, "Startup Cost": 1358059.59, "Total Cost": 1359930.99, "Plan Rows": 748563, "Plan Width": 16, "Sort Key": ["lineitem.l_suppkey"], "Plans": [{"Node Type": "Index Scan", "Parent Relationship": "Outer", "Parallel Aware": true, "Scan Direction": "Forward", "Index Name": "idx_lineitem_shipdate", "Relation Name": "lineitem", "Alias": "lineitem", "Startup Cost": 0.56, "Total Cost": 1277528.38, "Plan Rows": 748563, "Plan Width": 16, "Index Cond": "((l_shipdate >= '1994-03-01'::date) AND (l_shipdate < '1994-06-01 00:00:00'::timestamp without time zone))"}]}]}]}]}, {"Node Type": "Hash", "Parent Relationship": "Inner", "Parallel Aware": false, "Startup Cost": 4020.1, "Total Cost": 4020.1, "Plan Rows": 100000, "Plan Width": 71, "Plans": [{"Node Type": "Index Scan", "Parent Relationship": "Outer", "Parallel Aware": false, "Scan Direction": "Forward", "Index Name": "supplier_pkey", "Relation Name": "supplier", "Alias": "supplier", "Startup Cost": 0.29, "Total Cost": 4020.1, "Plan Rows": 100000, "Plan Width": 71}]}]}]}]}}, {"Plan": {"Node Type": "Limit", "Parallel Aware": false, "Startup Cost": 2768616.87, "Total Cost": 2768728.14, "Plan Rows": 1, "Plan Width": 103, "Plans": [{"Node Type": "Aggregate", "Strategy": "Plain", "Partial Mode": "Simple", "Parent Relationship": "InitPlan", "Subplan Name": "InitPlan 1 (returns $1)", "Parallel Aware": false, "Startup Cost": 1409556.94, "Total Cost": 1409556.95, "Plan Rows": 1, "Plan Width": 32, "Plans": [{"Node Type": "Aggregate", "Strategy": "Sorted", "Partial Mode": "Finalize", "Parent Relationship": "Outer", "Parallel Aware": false, "Startup Cost": 1359059.63, "Total Cost": 1408310.26, "Plan Rows": 99734, "Plan Width": 36, "Group Key": ["lineitem_1.l_suppkey"], "Plans": [{"Node Type": "Gather Merge", "Parent Relationship": "Outer", "Parallel Aware": false, "Startup Cost": 1359059.63, "Total Cost": 1404819.57, "Plan Rows": 299202, "Plan Width": 36, "Workers Planned": 3, "Plans": [{"Node Type": "Aggregate", "Strategy": "Sorted", "Partial Mode": "Partial", "Parent Relationship": "Outer", "Parallel Aware": false, "Startup Cost": 1358059.59, "Total Cost": 1368663.3, "Plan Rows": 99734, "Plan Width": 36, "Group Key": ["lineitem_1.l_suppkey"], "Plans": [{"Node Type": "Sort", "Parent Relationship": "Outer", "Parallel Aware": false, "Startup Cost": 1358059.59, "Total Cost": 1359930.99, "Plan Rows": 748563, "Plan Width": 16, "Sort Key": ["lineitem_1.l_suppkey"], "Plans": [{"Node Type": "Index Scan", "Parent Relationship": "Outer", "Parallel Aware": true, "Scan Direction": "Forward", "Index Name": "idx_lineitem_shipdate", "Relation Name": "lineitem", "Alias": "lineitem_1", "Startup Cost": 0.56, "Total Cost": 1277528.38, "Plan Rows": 748563, "Plan Width": 16, "Index Cond": "((l_shipdate >= '1994-03-01'::date) AND (l_shipdate < '1994-06-01 00:00:00'::timestamp without time zone))"}]}]}]}]}]}, {"Node Type": "Merge Join", "Parent Relationship": "Outer", "Parallel Aware": false, "Join Type": "Inner", "Startup Cost": 1359059.92, "Total Cost": 1414586.27, "Plan Rows": 499, "Plan Width": 103, "Inner Unique": true, "Merge Cond": "(supplier.s_suppkey = lineitem.l_suppkey)", "Plans": [{"Node Type": "Index Scan", "Parent Relationship": "Outer", "Parallel Aware": false, "Scan Direction": "Forward", "Index Name": "supplier_pkey", "Relation Name": "supplier", "Alias": "supplier", "Startup Cost": 0.29, "Total Cost": 4020.1, "Plan Rows": 100000, "Plan Width": 71}, {"Node Type": "Aggregate", "Strategy": "Sorted", "Partial Mode": "Finalize", "Parent Relationship": "Inner", "Parallel Aware": false, "Startup Cost": 1359059.63, "Total Cost": 1410304.94, "Plan Rows": 499, "Plan Width": 36, "Group Key": ["lineitem.l_suppkey"], "Filter": "(sum((lineitem.l_extendedprice * ('1'::numeric - lineitem.l_discount))) = $1)", "Plans": [{"Node Type": "Gather Merge", "Parent Relationship": "Outer", "Parallel Aware": false, "Startup Cost": 1359059.63, "Total Cost": 1404819.57, "Plan Rows": 299202, "Plan Width": 36, "Workers Planned": 3, "Plans": [{"Node Type": "Aggregate", "Strategy": "Sorted", "Partial Mode": "Partial", "Parent Relationship": "Outer", "Parallel Aware": false, "Startup Cost": 1358059.59, "Total Cost": 1368663.3, "Plan Rows": 99734, "Plan Width": 36, "Group Key": ["lineitem.l_suppkey"], "Plans": [{"Node Type": "Sort", "Parent Relationship": "Outer", "Parallel Aware": false, "Startup Cost": 1358059.59, "Total Cost": 1359930.99, "Plan Rows": 748563, "Plan Width": 16, "Sort Key": ["lineitem.l_suppkey"], "Plans": [{"Node Type": "Index Scan", "Parent Relationship": "Outer", "Parallel Aware": true, "Scan Direction": "Forward", "Index Name": "idx_lineitem_shipdate", "Relation Name": "lineitem", "Alias": "lineitem", "Startup Cost": 0.56, "Total Cost": 1277528.38, "Plan Rows": 748563, "Plan Width": 16, "Index Cond": "((l_shipdate >= '1994-03-01'::date) AND (l_shipdate < '1994-06-01 00:00:00'::timestamp without time zone))"}]}]}]}]}]}]}}, {"Plan": {"Node Type": "Limit", "Parallel Aware": false, "Startup Cost": 2768616.87, "Total Cost": 2768721.45, "Plan Rows": 1, "Plan Width": 103, "Plans": [{"Node Type": "Aggregate", "Strategy": "Plain", "Partial Mode": "Simple", "Parent Relationship": "InitPlan", "Subplan Name": "InitPlan 1 (returns $1)", "Parallel Aware": false, "Startup Cost": 1409556.94, "Total Cost": 1409556.95, "Plan Rows": 1, "Plan Width": 32, "Plans": [{"Node Type": "Aggregate", "Strategy": "Sorted", "Partial Mode": "Finalize", "Parent Relationship": "Outer", "Parallel Aware": false, "Startup Cost": 1359059.63, "Total Cost": 1408310.26, "Plan Rows": 99734, "Plan Width": 36, "Group Key": ["lineitem_1.l_suppkey"], "Plans": [{"Node Type": "Gather Merge", "Parent Relationship": "Outer", "Parallel Aware": false, "Startup Cost": 1359059.63, "Total Cost": 1404819.57, "Plan Rows": 299202, "Plan Width": 36, "Workers Planned": 3, "Plans": [{"Node Type": "Aggregate", "Strategy": "Sorted", "Partial Mode": "Partial", "Parent Relationship": "Outer", "Parallel Aware": false, "Startup Cost": 1358059.59, "Total Cost": 1368663.3, "Plan Rows": 99734, "Plan Width": 36, "Group Key": ["lineitem_1.l_suppkey"], "Plans": [{"Node Type": "Sort", "Parent Relationship": "Outer", "Parallel Aware": false, "Startup Cost": 1358059.59, "Total Cost": 1359930.99, "Plan Rows": 748563, "Plan Width": 16, "Sort Key": ["lineitem_1.l_suppkey"], "Plans": [{"Node Type": "Index Scan", "Parent Relationship": "Outer", "Parallel Aware": true, "Scan Direction": "Forward", "Index Name": "idx_lineitem_shipdate", "Relation Name": "lineitem", "Alias": "lineitem_1", "Startup Cost": 0.56, "Total Cost": 1277528.38, "Plan Rows": 748563, "Plan Width": 16, "Index Cond": "((l_shipdate >= '1994-03-01'::date) AND (l_shipdate < '1994-06-01 00:00:00'::timestamp without time zone))"}]}]}]}]}]}, {"Node Type": "Nested Loop", "Parent Relationship": "Outer", "Parallel Aware": false, "Join Type": "Inner", "Startup Cost": 1359059.92, "Total Cost": 1411247.82, "Plan Rows": 499, "Plan Width": 103, "Inner Unique": true, "Plans": [{"Node Type": "Aggregate", "Strategy": "Sorted", "Partial Mode": "Finalize", "Parent Relationship": "Outer", "Parallel Aware": false, "Startup Cost": 1359059.63, "Total Cost": 1410304.94, "Plan Rows": 499, "Plan Width": 36, "Group Key": ["lineitem.l_suppkey"], "Filter": "(sum((lineitem.l_extendedprice * ('1'::numeric - lineitem.l_discount))) = $1)", "Plans": [{"Node Type": "Gather Merge", "Parent Relationship": "Outer", "Parallel Aware": false, "Startup Cost": 1359059.63, "Total Cost": 1404819.57, "Plan Rows": 299202, "Plan Width": 36, "Workers Planned": 3, "Plans": [{"Node Type": "Aggregate", "Strategy": "Sorted", "Partial Mode": "Partial", "Parent Relationship": "Outer", "Parallel Aware": false, "Startup Cost": 1358059.59, "Total Cost": 1368663.3, "Plan Rows": 99734, "Plan Width": 36, "Group Key": ["lineitem.l_suppkey"], "Plans": [{"Node Type": "Sort", "Parent Relationship": "Outer", "Parallel Aware": false, "Startup Cost": 1358059.59, "Total Cost": 1359930.99, "Plan Rows": 748563, "Plan Width": 16, "Sort Key": ["lineitem.l_suppkey"], "Plans": [{"Node Type": "Index Scan", "Parent Relationship": "Outer", "Parallel Aware": true, "Scan Direction": "Forward", "Index Name": "idx_lineitem_shipdate", "Relation Name": "lineitem", "Alias": "lineitem", "Startup Cost": 0.56, "Total Cost": 1277528.38, "Plan Rows": 748563, "Plan Width": 16, "Index Cond": "((l_shipdate >= '1994-03-01'::date) AND (l_shipdate < '1994-06-01 00:00:00'::timestamp without time zone))"}]}]}]}]}, {"Node Type": "Index Scan", "Parent Relationship": "Inner", "Parallel Aware": false, "Scan Direction": "Forward", "Index Name": "supplier_pkey", "Relation Name": "supplier", "Alias": "supplier", "Startup Cost": 0.29, "Total Cost": 1.88, "Plan Rows": 1, "Plan Width": 71, "Index Cond": "(s_suppkey = lineitem.l_suppkey)"}]}]}}, {"Plan": {"Node Type": "Limit", "Parallel Aware": false, "Startup Cost": 2768616.87, "Total Cost": 2768721.45, "Plan Rows": 1, "Plan Width": 103, "Plans": [{"Node Type": "Aggregate", "Strategy": "Plain", "Partial Mode": "Simple", "Parent Relationship": "InitPlan", "Subplan Name": "InitPlan 1 (returns $1)", "Parallel Aware": false, "Startup Cost": 1409556.94, "Total Cost": 1409556.95, "Plan Rows": 1, "Plan Width": 32, "Plans": [{"Node Type": "Aggregate", "Strategy": "Sorted", "Partial Mode": "Finalize", "Parent Relationship": "Outer", "Parallel Aware": false, "Startup Cost": 1359059.63, "Total Cost": 1408310.26, "Plan Rows": 99734, "Plan Width": 36, "Group Key": ["lineitem_1.l_suppkey"], "Plans": [{"Node Type": "Gather Merge", "Parent Relationship": "Outer", "Parallel Aware": false, "Startup Cost": 1359059.63, "Total Cost": 1404819.57, "Plan Rows": 299202, "Plan Width": 36, "Workers Planned": 3, "Plans": [{"Node Type": "Aggregate", "Strategy": "Sorted", "Partial Mode": "Partial", "Parent Relationship": "Outer", "Parallel Aware": false, "Startup Cost": 1358059.59, "Total Cost": 1368663.3, "Plan Rows": 99734, "Plan Width": 36, "Group Key": ["lineitem_1.l_suppkey"], "Plans": [{"Node Type": "Sort", "Parent Relationship": "Outer", "Parallel Aware": false, "Startup Cost": 1358059.59, "Total Cost": 1359930.99, "Plan Rows": 748563, "Plan Width": 16, "Sort Key": ["lineitem_1.l_suppkey"], "Plans": [{"Node Type": "Index Scan", "Parent Relationship": "Outer", "Parallel Aware": true, "Scan Direction": "Forward", "Index Name": "idx_lineitem_shipdate", "Relation Name": "lineitem", "Alias": "lineitem_1", "Startup Cost": 0.56, "Total Cost": 1277528.38, "Plan Rows": 748563, "Plan Width": 16, "Index Cond": "((l_shipdate >= '1994-03-01'::date) AND (l_shipdate < '1994-06-01 00:00:00'::timestamp without time zone))"}]}]}]}]}]}, {"Node Type": "Nested Loop", "Parent Relationship": "Outer", "Parallel Aware": false, "Join Type": "Inner", "Startup Cost": 1359059.92, "Total Cost": 1411247.82, "Plan Rows": 499, "Plan Width": 103, "Inner Unique": true, "Plans": [{"Node Type": "Aggregate", "Strategy": "Sorted", "Partial Mode": "Finalize", "Parent Relationship": "Outer", "Parallel Aware": false, "Startup Cost": 1359059.63, "Total Cost": 1410304.94, "Plan Rows": 499, "Plan Width": 36, "Group Key": ["lineitem.l_suppkey"], "Filter": "(sum((lineitem.l_extendedprice * ('1'::numeric - lineitem.l_discount))) = $1)", "Plans": [{"Node Type": "Gather Merge", "Parent Relationship": "Outer", "Parallel Aware": false, "Startup Cost": 1359059.63, "Total Cost": 1404819.57, "Plan Rows": 299202, "Plan Width": 36, "Workers Planned": 3, "Plans": [{"Node Type": "Aggregate", "Strategy": "Sorted", "Partial Mode": "Partial", "Parent Relationship": "Outer", "Parallel Aware": false, "Startup Cost": 1358059.59, "Total Cost": 1368663.3, "Plan Rows": 99734, "Plan Width": 36, "Group Key": ["lineitem.l_suppkey"], "Plans": [{"Node Type": "Sort", "Parent Relationship": "Outer", "Parallel Aware": false, "Startup Cost": 1358059.59, "Total Cost": 1359930.99, "Plan Rows": 748563, "Plan Width": 16, "Sort Key": ["lineitem.l_suppkey"], "Plans": [{"Node Type": "Index Scan", "Parent Relationship": "Outer", "Parallel Aware": true, "Scan Direction": "Forward", "Index Name": "idx_lineitem_shipdate", "Relation Name": "lineitem", "Alias": "lineitem", "Startup Cost": 0.56, "Total Cost": 1277528.38, "Plan Rows": 748563, "Plan Width": 16, "Index Cond": "((l_shipdate >= '1994-03-01'::date) AND (l_shipdate < '1994-06-01 00:00:00'::timestamp without time zone))"}]}]}]}]}, {"Node Type": "Index Scan", "Parent Relationship": "Inner", "Parallel Aware": false, "Scan Direction": "Forward", "Index Name": "supplier_pkey", "Relation Name": "supplier", "Alias": "supplier", "Startup Cost": 0.29, "Total Cost": 1.88, "Plan Rows": 1, "Plan Width": 71, "Index Cond": "(s_suppkey = lineitem.l_suppkey)"}]}]}}, {"Plan": {"Node Type": "Limit", "Parallel Aware": false, "Startup Cost": 2768616.87, "Total Cost": 2768728.14, "Plan Rows": 1, "Plan Width": 103, "Plans": [{"Node Type": "Aggregate", "Strategy": "Plain", "Partial Mode": "Simple", "Parent Relationship": "InitPlan", "Subplan Name": "InitPlan 1 (returns $1)", "Parallel Aware": false, "Startup Cost": 1409556.94, "Total Cost": 1409556.95, "Plan Rows": 1, "Plan Width": 32, "Plans": [{"Node Type": "Aggregate", "Strategy": "Sorted", "Partial Mode": "Finalize", "Parent Relationship": "Outer", "Parallel Aware": false, "Startup Cost": 1359059.63, "Total Cost": 1408310.26, "Plan Rows": 99734, "Plan Width": 36, "Group Key": ["lineitem_1.l_suppkey"], "Plans": [{"Node Type": "Gather Merge", "Parent Relationship": "Outer", "Parallel Aware": false, "Startup Cost": 1359059.63, "Total Cost": 1404819.57, "Plan Rows": 299202, "Plan Width": 36, "Workers Planned": 3, "Plans": [{"Node Type": "Aggregate", "Strategy": "Sorted", "Partial Mode": "Partial", "Parent Relationship": "Outer", "Parallel Aware": false, "Startup Cost": 1358059.59, "Total Cost": 1368663.3, "Plan Rows": 99734, "Plan Width": 36, "Group Key": ["lineitem_1.l_suppkey"], "Plans": [{"Node Type": "Sort", "Parent Relationship": "Outer", "Parallel Aware": false, "Startup Cost": 1358059.59, "Total Cost": 1359930.99, "Plan Rows": 748563, "Plan Width": 16, "Sort Key": ["lineitem_1.l_suppkey"], "Plans": [{"Node Type": "Index Scan", "Parent Relationship": "Outer", "Parallel Aware": true, "Scan Direction": "Forward", "Index Name": "idx_lineitem_shipdate", "Relation Name": "lineitem", "Alias": "lineitem_1", "Startup Cost": 0.56, "Total Cost": 1277528.38, "Plan Rows": 748563, "Plan Width": 16, "Index Cond": "((l_shipdate >= '1994-03-01'::date) AND (l_shipdate < '1994-06-01 00:00:00'::timestamp without time zone))"}]}]}]}]}]}, {"Node Type": "Merge Join", "Parent Relationship": "Outer", "Parallel Aware": false, "Join Type": "Inner", "Startup Cost": 1359059.92, "Total Cost": 1414586.27, "Plan Rows": 499, "Plan Width": 103, "Inner Unique": true, "Merge Cond": "(supplier.s_suppkey = lineitem.l_suppkey)", "Plans": [{"Node Type": "Index Scan", "Parent Relationship": "Outer", "Parallel Aware": false, "Scan Direction": "Forward", "Index Name": "supplier_pkey", "Relation Name": "supplier", "Alias": "supplier", "Startup Cost": 0.29, "Total Cost": 4020.1, "Plan Rows": 100000, "Plan Width": 71}, {"Node Type": "Aggregate", "Strategy": "Sorted", "Partial Mode": "Finalize", "Parent Relationship": "Inner", "Parallel Aware": false, "Startup Cost": 1359059.63, "Total Cost": 1410304.94, "Plan Rows": 499, "Plan Width": 36, "Group Key": ["lineitem.l_suppkey"], "Filter": "(sum((lineitem.l_extendedprice * ('1'::numeric - lineitem.l_discount))) = $1)", "Plans": [{"Node Type": "Gather Merge", "Parent Relationship": "Outer", "Parallel Aware": false, "Startup Cost": 1359059.63, "Total Cost": 1404819.57, "Plan Rows": 299202, "Plan Width": 36, "Workers Planned": 3, "Plans": [{"Node Type": "Aggregate", "Strategy": "Sorted", "Partial Mode": "Partial", "Parent Relationship": "Outer", "Parallel Aware": false, "Startup Cost": 1358059.59, "Total Cost": 1368663.3, "Plan Rows": 99734, "Plan Width": 36, "Group Key": ["lineitem.l_suppkey"], "Plans": [{"Node Type": "Sort", "Parent Relationship": "Outer", "Parallel Aware": false, "Startup Cost": 1358059.59, "Total Cost": 1359930.99, "Plan Rows": 748563, "Plan Width": 16, "Sort Key": ["lineitem.l_suppkey"], "Plans": [{"Node Type": "Index Scan", "Parent Relationship": "Outer", "Parallel Aware": true, "Scan Direction": "Forward", "Index Name": "idx_lineitem_shipdate", "Relation Name": "lineitem", "Alias": "lineitem", "Startup Cost": 0.56, "Total Cost": 1277528.38, "Plan Rows": 748563, "Plan Width": 16, "Index Cond": "((l_shipdate >= '1994-03-01'::date) AND (l_shipdate < '1994-06-01 00:00:00'::timestamp without time zone))"}]}]}]}]}]}]}}, {"Plan": {"Node Type": "Limit", "Parallel Aware": false, "Startup Cost": 2768616.87, "Total Cost": 2768721.45, "Plan Rows": 1, "Plan Width": 103, "Plans": [{"Node Type": "Aggregate", "Strategy": "Plain", "Partial Mode": "Simple", "Parent Relationship": "InitPlan", "Subplan Name": "InitPlan 1 (returns $1)", "Parallel Aware": false, "Startup Cost": 1409556.94, "Total Cost": 1409556.95, "Plan Rows": 1, "Plan Width": 32, "Plans": [{"Node Type": "Aggregate", "Strategy": "Sorted", "Partial Mode": "Finalize", "Parent Relationship": "Outer", "Parallel Aware": false, "Startup Cost": 1359059.63, "Total Cost": 1408310.26, "Plan Rows": 99734, "Plan Width": 36, "Group Key": ["lineitem_1.l_suppkey"], "Plans": [{"Node Type": "Gather Merge", "Parent Relationship": "Outer", "Parallel Aware": false, "Startup Cost": 1359059.63, "Total Cost": 1404819.57, "Plan Rows": 299202, "Plan Width": 36, "Workers Planned": 3, "Plans": [{"Node Type": "Aggregate", "Strategy": "Sorted", "Partial Mode": "Partial", "Parent Relationship": "Outer", "Parallel Aware": false, "Startup Cost": 1358059.59, "Total Cost": 1368663.3, "Plan Rows": 99734, "Plan Width": 36, "Group Key": ["lineitem_1.l_suppkey"], "Plans": [{"Node Type": "Sort", "Parent Relationship": "Outer", "Parallel Aware": false, "Startup Cost": 1358059.59, "Total Cost": 1359930.99, "Plan Rows": 748563, "Plan Width": 16, "Sort Key": ["lineitem_1.l_suppkey"], "Plans": [{"Node Type": "Index Scan", "Parent Relationship": "Outer", "Parallel Aware": true, "Scan Direction": "Forward", "Index Name": "idx_lineitem_shipdate", "Relation Name": "lineitem", "Alias": "lineitem_1", "Startup Cost": 0.56, "Total Cost": 1277528.38, "Plan Rows": 748563, "Plan Width": 16, "Index Cond": "((l_shipdate >= '1994-03-01'::date) AND (l_shipdate < '1994-06-01 00:00:00'::timestamp without time zone))"}]}]}]}]}]}, {"Node Type": "Nested Loop", "Parent Relationship": "Outer", "Parallel Aware": false, "Join Type": "Inner", "Startup Cost": 1359059.92, "Total Cost": 1411247.82, "Plan Rows": 499, "Plan Width": 103, "Inner Unique": true, "Plans": [{"Node Type": "Aggregate", "Strategy": "Sorted", "Partial Mode": "Finalize", "Parent Relationship": "Outer", "Parallel Aware": false, "Startup Cost": 1359059.63, "Total Cost": 1410304.94, "Plan Rows": 499, "Plan Width": 36, "Group Key": ["lineitem.l_suppkey"], "Filter": "(sum((lineitem.l_extendedprice * ('1'::numeric - lineitem.l_discount))) = $1)", "Plans": [{"Node Type": "Gather Merge", "Parent Relationship": "Outer", "Parallel Aware": false, "Startup Cost": 1359059.63, "Total Cost": 1404819.57, "Plan Rows": 299202, "Plan Width": 36, "Workers Planned": 3, "Plans": [{"Node Type": "Aggregate", "Strategy": "Sorted", "Partial Mode": "Partial", "Parent Relationship": "Outer", "Parallel Aware": false, "Startup Cost": 1358059.59, "Total Cost": 1368663.3, "Plan Rows": 99734, "Plan Width": 36, "Group Key": ["lineitem.l_suppkey"], "Plans": [{"Node Type": "Sort", "Parent Relationship": "Outer", "Parallel Aware": false, "Startup Cost": 1358059.59, "Total Cost": 1359930.99, "Plan Rows": 748563, "Plan Width": 16, "Sort Key": ["lineitem.l_suppkey"], "Plans": [{"Node Type": "Index Scan", "Parent Relationship": "Outer", "Parallel Aware": true, "Scan Direction": "Forward", "Index Name": "idx_lineitem_shipdate", "Relation Name": "lineitem", "Alias": "lineitem", "Startup Cost": 0.56, "Total Cost": 1277528.38, "Plan Rows": 748563, "Plan Width": 16, "Index Cond": "((l_shipdate >= '1994-03-01'::date) AND (l_shipdate < '1994-06-01 00:00:00'::timestamp without time zone))"}]}]}]}]}, {"Node Type": "Index Scan", "Parent Relationship": "Inner", "Parallel Aware": false, "Scan Direction": "Forward", "Index Name": "supplier_pkey", "Relation Name": "supplier", "Alias": "supplier", "Startup Cost": 0.29, "Total Cost": 1.88, "Plan Rows": 1, "Plan Width": 71, "Index Cond": "(s_suppkey = lineitem.l_suppkey)"}]}]}}, {"Plan": {"Node Type": "Limit", "Parallel Aware": false, "Startup Cost": 2768616.87, "Total Cost": 2768721.45, "Plan Rows": 1, "Plan Width": 103, "Plans": [{"Node Type": "Aggregate", "Strategy": "Plain", "Partial Mode": "Simple", "Parent Relationship": "InitPlan", "Subplan Name": "InitPlan 1 (returns $1)", "Parallel Aware": false, "Startup Cost": 1409556.94, "Total Cost": 1409556.95, "Plan Rows": 1, "Plan Width": 32, "Plans": [{"Node Type": "Aggregate", "Strategy": "Sorted", "Partial Mode": "Finalize", "Parent Relationship": "Outer", "Parallel Aware": false, "Startup Cost": 1359059.63, "Total Cost": 1408310.26, "Plan Rows": 99734, "Plan Width": 36, "Group Key": ["lineitem_1.l_suppkey"], "Plans": [{"Node Type": "Gather Merge", "Parent Relationship": "Outer", "Parallel Aware": false, "Startup Cost": 1359059.63, "Total Cost": 1404819.57, "Plan Rows": 299202, "Plan Width": 36, "Workers Planned": 3, "Plans": [{"Node Type": "Aggregate", "Strategy": "Sorted", "Partial Mode": "Partial", "Parent Relationship": "Outer", "Parallel Aware": false, "Startup Cost": 1358059.59, "Total Cost": 1368663.3, "Plan Rows": 99734, "Plan Width": 36, "Group Key": ["lineitem_1.l_suppkey"], "Plans": [{"Node Type": "Sort", "Parent Relationship": "Outer", "Parallel Aware": false, "Startup Cost": 1358059.59, "Total Cost": 1359930.99, "Plan Rows": 748563, "Plan Width": 16, "Sort Key": ["lineitem_1.l_suppkey"], "Plans": [{"Node Type": "Index Scan", "Parent Relationship": "Outer", "Parallel Aware": true, "Scan Direction": "Forward", "Index Name": "idx_lineitem_shipdate", "Relation Name": "lineitem", "Alias": "lineitem_1", "Startup Cost": 0.56, "Total Cost": 1277528.38, "Plan Rows": 748563, "Plan Width": 16, "Index Cond": "((l_shipdate >= '1994-03-01'::date) AND (l_shipdate < '1994-06-01 00:00:00'::timestamp without time zone))"}]}]}]}]}]}, {"Node Type": "Nested Loop", "Parent Relationship": "Outer", "Parallel Aware": false, "Join Type": "Inner", "Startup Cost": 1359059.92, "Total Cost": 1411247.82, "Plan Rows": 499, "Plan Width": 103, "Inner Unique": true, "Plans": [{"Node Type": "Aggregate", "Strategy": "Sorted", "Partial Mode": "Finalize", "Parent Relationship": "Outer", "Parallel Aware": false, "Startup Cost": 1359059.63, "Total Cost": 1410304.94, "Plan Rows": 499, "Plan Width": 36, "Group Key": ["lineitem.l_suppkey"], "Filter": "(sum((lineitem.l_extendedprice * ('1'::numeric - lineitem.l_discount))) = $1)", "Plans": [{"Node Type": "Gather Merge", "Parent Relationship": "Outer", "Parallel Aware": false, "Startup Cost": 1359059.63, "Total Cost": 1404819.57, "Plan Rows": 299202, "Plan Width": 36, "Workers Planned": 3, "Plans": [{"Node Type": "Aggregate", "Strategy": "Sorted", "Partial Mode": "Partial", "Parent Relationship": "Outer", "Parallel Aware": false, "Startup Cost": 1358059.59, "Total Cost": 1368663.3, "Plan Rows": 99734, "Plan Width": 36, "Group Key": ["lineitem.l_suppkey"], "Plans": [{"Node Type": "Sort", "Parent Relationship": "Outer", "Parallel Aware": false, "Startup Cost": 1358059.59, "Total Cost": 1359930.99, "Plan Rows": 748563, "Plan Width": 16, "Sort Key": ["lineitem.l_suppkey"], "Plans": [{"Node Type": "Index Scan", "Parent Relationship": "Outer", "Parallel Aware": true, "Scan Direction": "Forward", "Index Name": "idx_lineitem_shipdate", "Relation Name": "lineitem", "Alias": "lineitem", "Startup Cost": 0.56, "Total Cost": 1277528.38, "Plan Rows": 748563, "Plan Width": 16, "Index Cond": "((l_shipdate >= '1994-03-01'::date) AND (l_shipdate < '1994-06-01 00:00:00'::timestamp without time zone))"}]}]}]}]}, {"Node Type": "Index Scan", "Parent Relationship": "Inner", "Parallel Aware": false, "Scan Direction": "Forward", "Index Name": "supplier_pkey", "Relation Name": "supplier", "Alias": "supplier", "Startup Cost": 0.29, "Total Cost": 1.88, "Plan Rows": 1, "Plan Width": 71, "Index Cond": "(s_suppkey = lineitem.l_suppkey)"}]}]}}, {"Plan": {"Node Type": "Limit", "Parallel Aware": false, "Startup Cost": 2824336.69, "Total Cost": 2824336.69, "Plan Rows": 1, "Plan Width": 103, "Plans": [{"Node Type": "Aggregate", "Strategy": "Plain", "Partial Mode": "Simple", "Parent Relationship": "InitPlan", "Subplan Name": "InitPlan 1 (returns $1)", "Parallel Aware": false, "Startup Cost": 1409556.94, "Total Cost": 1409556.95, "Plan Rows": 1, "Plan Width": 32, "Plans": [{"Node Type": "Aggregate", "Strategy": "Sorted", "Partial Mode": "Finalize", "Parent Relationship": "Outer", "Parallel Aware": false, "Startup Cost": 1359059.63, "Total Cost": 1408310.26, "Plan Rows": 99734, "Plan Width": 36, "Group Key": ["lineitem_1.l_suppkey"], "Plans": [{"Node Type": "Gather Merge", "Parent Relationship": "Outer", "Parallel Aware": false, "Startup Cost": 1359059.63, "Total Cost": 1404819.57, "Plan Rows": 299202, "Plan Width": 36, "Workers Planned": 3, "Plans": [{"Node Type": "Aggregate", "Strategy": "Sorted", "Partial Mode": "Partial", "Parent Relationship": "Outer", "Parallel Aware": false, "Startup Cost": 1358059.59, "Total Cost": 1368663.3, "Plan Rows": 99734, "Plan Width": 36, "Group Key": ["lineitem_1.l_suppkey"], "Plans": [{"Node Type": "Sort", "Parent Relationship": "Outer", "Parallel Aware": false, "Startup Cost": 1358059.59, "Total Cost": 1359930.99, "Plan Rows": 748563, "Plan Width": 16, "Sort Key": ["lineitem_1.l_suppkey"], "Plans": [{"Node Type": "Index Scan", "Parent Relationship": "Outer", "Parallel Aware": true, "Scan Direction": "Forward", "Index Name": "idx_lineitem_shipdate", "Relation Name": "lineitem", "Alias": "lineitem_1", "Startup Cost": 0.56, "Total Cost": 1277528.38, "Plan Rows": 748563, "Plan Width": 16, "Index Cond": "((l_shipdate >= '1994-03-01'::date) AND (l_shipdate < '1994-06-01 00:00:00'::timestamp without time zone))"}]}]}]}]}]}, {"Node Type": "Sort", "Parent Relationship": "Outer", "Parallel Aware": false, "Startup Cost": 1414779.74, "Total Cost": 1414780.99, "Plan Rows": 499, "Plan Width": 103, "Sort Key": ["supplier.s_suppkey"], "Plans": [{"Node Type": "Hash Join", "Parent Relationship": "Outer", "Parallel Aware": false, "Join Type": "Inner", "Startup Cost": 1363525.63, "Total Cost": 1414777.24, "Plan Rows": 499, "Plan Width": 103, "Inner Unique": true, "Hash Cond": "(lineitem.l_suppkey = supplier.s_suppkey)", "Plans": [{"Node Type": "Aggregate", "Strategy": "Sorted", "Partial Mode": "Finalize", "Parent Relationship": "Outer", "Parallel Aware": false, "Startup Cost": 1359059.63, "Total Cost": 1410304.94, "Plan Rows": 499, "Plan Width": 36, "Group Key": ["lineitem.l_suppkey"], "Filter": "(sum((lineitem.l_extendedprice * ('1'::numeric - lineitem.l_discount))) = $1)", "Plans": [{"Node Type": "Gather Merge", "Parent Relationship": "Outer", "Parallel Aware": false, "Startup Cost": 1359059.63, "Total Cost": 1404819.57, "Plan Rows": 299202, "Plan Width": 36, "Workers Planned": 3, "Plans": [{"Node Type": "Aggregate", "Strategy": "Sorted", "Partial Mode": "Partial", "Parent Relationship": "Outer", "Parallel Aware": false, "Startup Cost": 1358059.59, "Total Cost": 1368663.3, "Plan Rows": 99734, "Plan Width": 36, "Group Key": ["lineitem.l_suppkey"], "Plans": [{"Node Type": "Sort", "Parent Relationship": "Outer", "Parallel Aware": false, "Startup Cost": 1358059.59, "Total Cost": 1359930.99, "Plan Rows": 748563, "Plan Width": 16, "Sort Key": ["lineitem.l_suppkey"], "Plans": [{"Node Type": "Index Scan", "Parent Relationship": "Outer", "Parallel Aware": true, "Scan Direction": "Forward", "Index Name": "idx_lineitem_shipdate", "Relation Name": "lineitem", "Alias": "lineitem", "Startup Cost": 0.56, "Total Cost": 1277528.38, "Plan Rows": 748563, "Plan Width": 16, "Index Cond": "((l_shipdate >= '1994-03-01'::date) AND (l_shipdate < '1994-06-01 00:00:00'::timestamp without time zone))"}]}]}]}]}, {"Node Type": "Hash", "Parent Relationship": "Inner", "Parallel Aware": false, "Startup Cost": 3216.0, "Total Cost": 3216.0, "Plan Rows": 100000, "Plan Width": 71, "Plans": [{"Node Type": "Seq Scan", "Parent Relationship": "Outer", "Parallel Aware": false, "Relation Name": "supplier", "Alias": "supplier", "Startup Cost": 0.0, "Total Cost": 3216.0, "Plan Rows": 100000, "Plan Width": 71}]}]}]}]}}, {"Plan": {"Node Type": "Limit", "Parallel Aware": false, "Startup Cost": 3041030.81, "Total Cost": 3041135.5, "Plan Rows": 1, "Plan Width": 103, "Plans": [{"Node Type": "Aggregate", "Strategy": "Plain", "Partial Mode": "Simple", "Parent Relationship": "InitPlan", "Subplan Name": "InitPlan 1 (returns $1)", "Parallel Aware": false, "Startup Cost": 1545763.61, "Total Cost": 1545763.62, "Plan Rows": 1, "Plan Width": 32, "Plans": [{"Node Type": "Aggregate", "Strategy": "Sorted", "Partial Mode": "Finalize", "Parent Relationship": "Outer", "Parallel Aware": false, "Startup Cost": 1495266.3, "Total Cost": 1544516.94, "Plan Rows": 99734, "Plan Width": 36, "Group Key": ["lineitem_1.l_suppkey"], "Plans": [{"Node Type": "Gather Merge", "Parent Relationship": "Outer", "Parallel Aware": false, "Startup Cost": 1495266.3, "Total Cost": 1541026.25, "Plan Rows": 299202, "Plan Width": 36, "Workers Planned": 3, "Plans": [{"Node Type": "Aggregate", "Strategy": "Sorted", "Partial Mode": "Partial", "Parent Relationship": "Outer", "Parallel Aware": false, "Startup Cost": 1494266.26, "Total Cost": 1504869.97, "Plan Rows": 99734, "Plan Width": 36, "Group Key": ["lineitem_1.l_suppkey"], "Plans": [{"Node Type": "Sort", "Parent Relationship": "Outer", "Parallel Aware": false, "Startup Cost": 1494266.26, "Total Cost": 1496137.67, "Plan Rows": 748563, "Plan Width": 16, "Sort Key": ["lineitem_1.l_suppkey"], "Plans": [{"Node Type": "Bitmap Heap Scan", "Parent Relationship": "Outer", "Parallel Aware": true, "Relation Name": "lineitem", "Alias": "lineitem_1", "Startup Cost": 33628.95, "Total Cost": 1413735.05, "Plan Rows": 748563, "Plan Width": 16, "Recheck Cond": "((l_shipdate >= '1994-03-01'::date) AND (l_shipdate < '1994-06-01 00:00:00'::timestamp without time zone))", "Plans": [{"Node Type": "Bitmap Index Scan", "Parent Relationship": "Outer", "Parallel Aware": false, "Index Name": "idx_lineitem_shipdate", "Startup Cost": 0.0, "Total Cost": 33048.82, "Plan Rows": 2320545, "Plan Width": 0, "Index Cond": "((l_shipdate >= '1994-03-01'::date) AND (l_shipdate < '1994-06-01 00:00:00'::timestamp without time zone))"}]}]}]}]}]}]}, {"Node Type": "Nested Loop", "Parent Relationship": "Outer", "Parallel Aware": false, "Join Type": "Inner", "Startup Cost": 1495267.18, "Total Cost": 1547510.87, "Plan Rows": 499, "Plan Width": 103, "Inner Unique": true, "Plans": [{"Node Type": "Aggregate", "Strategy": "Sorted", "Partial Mode": "Finalize", "Parent Relationship": "Outer", "Parallel Aware": false, "Startup Cost": 1495266.3, "Total Cost": 1546511.62, "Plan Rows": 499, "Plan Width": 36, "Group Key": ["lineitem.l_suppkey"], "Filter": "(sum((lineitem.l_extendedprice * ('1'::numeric - lineitem.l_discount))) = $1)", "Plans": [{"Node Type": "Gather Merge", "Parent Relationship": "Outer", "Parallel Aware": false, "Startup Cost": 1495266.3, "Total Cost": 1541026.25, "Plan Rows": 299202, "Plan Width": 36, "Workers Planned": 3, "Plans": [{"Node Type": "Aggregate", "Strategy": "Sorted", "Partial Mode": "Partial", "Parent Relationship": "Outer", "Parallel Aware": false, "Startup Cost": 1494266.26, "Total Cost": 1504869.97, "Plan Rows": 99734, "Plan Width": 36, "Group Key": ["lineitem.l_suppkey"], "Plans": [{"Node Type": "Sort", "Parent Relationship": "Outer", "Parallel Aware": false, "Startup Cost": 1494266.26, "Total Cost": 1496137.67, "Plan Rows": 748563, "Plan Width": 16, "Sort Key": ["lineitem.l_suppkey"], "Plans": [{"Node Type": "Bitmap Heap Scan", "Parent Relationship": "Outer", "Parallel Aware": true, "Relation Name": "lineitem", "Alias": "lineitem", "Startup Cost": 33628.95, "Total Cost": 1413735.05, "Plan Rows": 748563, "Plan Width": 16, "Recheck Cond": "((l_shipdate >= '1994-03-01'::date) AND (l_shipdate < '1994-06-01 00:00:00'::timestamp without time zone))", "Plans": [{"Node Type": "Bitmap Index Scan", "Parent Relationship": "Outer", "Parallel Aware": false, "Index Name": "idx_lineitem_shipdate", "Startup Cost": 0.0, "Total Cost": 33048.82, "Plan Rows": 2320545, "Plan Width": 0, "Index Cond": "((l_shipdate >= '1994-03-01'::date) AND (l_shipdate < '1994-06-01 00:00:00'::timestamp without time zone))"}]}]}]}]}]}, {"Node Type": "Bitmap Heap Scan", "Parent Relationship": "Inner", "Parallel Aware": false, "Relation Name": "supplier", "Alias": "supplier", "Startup Cost": 0.88, "Total Cost": 1.99, "Plan Rows": 1, "Plan Width": 71, "Recheck Cond": "(s_suppkey = lineitem.l_suppkey)", "Plans": [{"Node Type": "Bitmap Index Scan", "Parent Relationship": "Outer", "Parallel Aware": false, "Index Name": "supplier_pkey", "Startup Cost": 0.0, "Total Cost": 0.88, "Plan Rows": 1, "Plan Width": 0, "Index Cond": "(s_suppkey = lineitem.l_suppkey)"}]}]}]}}, {"Plan": {"Node Type": "Limit", "Parallel Aware": false, "Startup Cost": 3052550.75, "Total Cost": 3052654.47, "Plan Rows": 1, "Plan Width": 103, "Plans": [{"Node Type": "Aggregate", "Strategy": "Plain", "Partial Mode": "Simple", "Parent Relationship": "InitPlan", "Subplan Name": "InitPlan 1 (returns $1)", "Parallel Aware": false, "Startup Cost": 1545763.61, "Total Cost": 1545763.62, "Plan Rows": 1, "Plan Width": 32, "Plans": [{"Node Type": "Aggregate", "Strategy": "Sorted", "Partial Mode": "Finalize", "Parent Relationship": "Outer", "Parallel Aware": false, "Startup Cost": 1495266.3, "Total Cost": 1544516.94, "Plan Rows": 99734, "Plan Width": 36, "Group Key": ["lineitem_1.l_suppkey"], "Plans": [{"Node Type": "Gather Merge", "Parent Relationship": "Outer", "Parallel Aware": false, "Startup Cost": 1495266.3, "Total Cost": 1541026.25, "Plan Rows": 299202, "Plan Width": 36, "Workers Planned": 3, "Plans": [{"Node Type": "Aggregate", "Strategy": "Sorted", "Partial Mode": "Partial", "Parent Relationship": "Outer", "Parallel Aware": false, "Startup Cost": 1494266.26, "Total Cost": 1504869.97, "Plan Rows": 99734, "Plan Width": 36, "Group Key": ["lineitem_1.l_suppkey"], "Plans": [{"Node Type": "Sort", "Parent Relationship": "Outer", "Parallel Aware": false, "Startup Cost": 1494266.26, "Total Cost": 1496137.67, "Plan Rows": 748563, "Plan Width": 16, "Sort Key": ["lineitem_1.l_suppkey"], "Plans": [{"Node Type": "Bitmap Heap Scan", "Parent Relationship": "Outer", "Parallel Aware": true, "Relation Name": "lineitem", "Alias": "lineitem_1", "Startup Cost": 33628.95, "Total Cost": 1413735.05, "Plan Rows": 748563, "Plan Width": 16, "Recheck Cond": "((l_shipdate >= '1994-03-01'::date) AND (l_shipdate < '1994-06-01 00:00:00'::timestamp without time zone))", "Plans": [{"Node Type": "Bitmap Index Scan", "Parent Relationship": "Outer", "Parallel Aware": false, "Index Name": "idx_lineitem_shipdate", "Startup Cost": 0.0, "Total Cost": 33048.82, "Plan Rows": 2320545, "Plan Width": 0, "Index Cond": "((l_shipdate >= '1994-03-01'::date) AND (l_shipdate < '1994-06-01 00:00:00'::timestamp without time zone))"}]}]}]}]}]}]}, {"Node Type": "Merge Join", "Parent Relationship": "Outer", "Parallel Aware": false, "Join Type": "Inner", "Startup Cost": 1506787.12, "Total Cost": 1558543.67, "Plan Rows": 499, "Plan Width": 103, "Inner Unique": true, "Merge Cond": "(supplier.s_suppkey = lineitem.l_suppkey)", "Plans": [{"Node Type": "Sort", "Parent Relationship": "Outer", "Parallel Aware": false, "Startup Cost": 11520.82, "Total Cost": 11770.82, "Plan Rows": 100000, "Plan Width": 71, "Sort Key": ["supplier.s_suppkey"], "Plans": [{"Node Type": "Seq Scan", "Parent Relationship": "Outer", "Parallel Aware": false, "Relation Name": "supplier", "Alias": "supplier", "Startup Cost": 0.0, "Total Cost": 3216.0, "Plan Rows": 100000, "Plan Width": 71}]}, {"Node Type": "Aggregate", "Strategy": "Sorted", "Partial Mode": "Finalize", "Parent Relationship": "Inner", "Parallel Aware": false, "Startup Cost": 1495266.3, "Total Cost": 1546511.62, "Plan Rows": 499, "Plan Width": 36, "Group Key": ["lineitem.l_suppkey"], "Filter": "(sum((lineitem.l_extendedprice * ('1'::numeric - lineitem.l_discount))) = $1)", "Plans": [{"Node Type": "Gather Merge", "Parent Relationship": "Outer", "Parallel Aware": false, "Startup Cost": 1495266.3, "Total Cost": 1541026.25, "Plan Rows": 299202, "Plan Width": 36, "Workers Planned": 3, "Plans": [{"Node Type": "Aggregate", "Strategy": "Sorted", "Partial Mode": "Partial", "Parent Relationship": "Outer", "Parallel Aware": false, "Startup Cost": 1494266.26, "Total Cost": 1504869.97, "Plan Rows": 99734, "Plan Width": 36, "Group Key": ["lineitem.l_suppkey"], "Plans": [{"Node Type": "Sort", "Parent Relationship": "Outer", "Parallel Aware": false, "Startup Cost": 1494266.26, "Total Cost": 1496137.67, "Plan Rows": 748563, "Plan Width": 16, "Sort Key": ["lineitem.l_suppkey"], "Plans": [{"Node Type": "Bitmap Heap Scan", "Parent Relationship": "Outer", "Parallel Aware": true, "Relation Name": "lineitem", "Alias": "lineitem", "Startup Cost": 33628.95, "Total Cost": 1413735.05, "Plan Rows": 748563, "Plan Width": 16, "Recheck Cond": "((l_shipdate >= '1994-03-01'::date) AND (l_shipdate < '1994-06-01 00:00:00'::timestamp without time zone))", "Plans": [{"Node Type": "Bitmap Index Scan", "Parent Relationship": "Outer", "Parallel Aware": false, "Index Name": "idx_lineitem_shipdate", "Startup Cost": 0.0, "Total Cost": 33048.82, "Plan Rows": 2320545, "Plan Width": 0, "Index Cond": "((l_shipdate >= '1994-03-01'::date) AND (l_shipdate < '1994-06-01 00:00:00'::timestamp without time zone))"}]}]}]}]}]}]}]}}, {"Plan": {"Node Type": "Limit", "Parallel Aware": false, "Startup Cost": 3041030.81, "Total Cost": 3041135.5, "Plan Rows": 1, "Plan Width": 103, "Plans": [{"Node Type": "Aggregate", "Strategy": "Plain", "Partial Mode": "Simple", "Parent Relationship": "InitPlan", "Subplan Name": "InitPlan 1 (returns $1)", "Parallel Aware": false, "Startup Cost": 1545763.61, "Total Cost": 1545763.62, "Plan Rows": 1, "Plan Width": 32, "Plans": [{"Node Type": "Aggregate", "Strategy": "Sorted", "Partial Mode": "Finalize", "Parent Relationship": "Outer", "Parallel Aware": false, "Startup Cost": 1495266.3, "Total Cost": 1544516.94, "Plan Rows": 99734, "Plan Width": 36, "Group Key": ["lineitem_1.l_suppkey"], "Plans": [{"Node Type": "Gather Merge", "Parent Relationship": "Outer", "Parallel Aware": false, "Startup Cost": 1495266.3, "Total Cost": 1541026.25, "Plan Rows": 299202, "Plan Width": 36, "Workers Planned": 3, "Plans": [{"Node Type": "Aggregate", "Strategy": "Sorted", "Partial Mode": "Partial", "Parent Relationship": "Outer", "Parallel Aware": false, "Startup Cost": 1494266.26, "Total Cost": 1504869.97, "Plan Rows": 99734, "Plan Width": 36, "Group Key": ["lineitem_1.l_suppkey"], "Plans": [{"Node Type": "Sort", "Parent Relationship": "Outer", "Parallel Aware": false, "Startup Cost": 1494266.26, "Total Cost": 1496137.67, "Plan Rows": 748563, "Plan Width": 16, "Sort Key": ["lineitem_1.l_suppkey"], "Plans": [{"Node Type": "Bitmap Heap Scan", "Parent Relationship": "Outer", "Parallel Aware": true, "Relation Name": "lineitem", "Alias": "lineitem_1", "Startup Cost": 33628.95, "Total Cost": 1413735.05, "Plan Rows": 748563, "Plan Width": 16, "Recheck Cond": "((l_shipdate >= '1994-03-01'::date) AND (l_shipdate < '1994-06-01 00:00:00'::timestamp without time zone))", "Plans": [{"Node Type": "Bitmap Index Scan", "Parent Relationship": "Outer", "Parallel Aware": false, "Index Name": "idx_lineitem_shipdate", "Startup Cost": 0.0, "Total Cost": 33048.82, "Plan Rows": 2320545, "Plan Width": 0, "Index Cond": "((l_shipdate >= '1994-03-01'::date) AND (l_shipdate < '1994-06-01 00:00:00'::timestamp without time zone))"}]}]}]}]}]}]}, {"Node Type": "Nested Loop", "Parent Relationship": "Outer", "Parallel Aware": false, "Join Type": "Inner", "Startup Cost": 1495267.18, "Total Cost": 1547510.87, "Plan Rows": 499, "Plan Width": 103, "Inner Unique": true, "Plans": [{"Node Type": "Aggregate", "Strategy": "Sorted", "Partial Mode": "Finalize", "Parent Relationship": "Outer", "Parallel Aware": false, "Startup Cost": 1495266.3, "Total Cost": 1546511.62, "Plan Rows": 499, "Plan Width": 36, "Group Key": ["lineitem.l_suppkey"], "Filter": "(sum((lineitem.l_extendedprice * ('1'::numeric - lineitem.l_discount))) = $1)", "Plans": [{"Node Type": "Gather Merge", "Parent Relationship": "Outer", "Parallel Aware": false, "Startup Cost": 1495266.3, "Total Cost": 1541026.25, "Plan Rows": 299202, "Plan Width": 36, "Workers Planned": 3, "Plans": [{"Node Type": "Aggregate", "Strategy": "Sorted", "Partial Mode": "Partial", "Parent Relationship": "Outer", "Parallel Aware": false, "Startup Cost": 1494266.26, "Total Cost": 1504869.97, "Plan Rows": 99734, "Plan Width": 36, "Group Key": ["lineitem.l_suppkey"], "Plans": [{"Node Type": "Sort", "Parent Relationship": "Outer", "Parallel Aware": false, "Startup Cost": 1494266.26, "Total Cost": 1496137.67, "Plan Rows": 748563, "Plan Width": 16, "Sort Key": ["lineitem.l_suppkey"], "Plans": [{"Node Type": "Bitmap Heap Scan", "Parent Relationship": "Outer", "Parallel Aware": true, "Relation Name": "lineitem", "Alias": "lineitem", "Startup Cost": 33628.95, "Total Cost": 1413735.05, "Plan Rows": 748563, "Plan Width": 16, "Recheck Cond": "((l_shipdate >= '1994-03-01'::date) AND (l_shipdate < '1994-06-01 00:00:00'::timestamp without time zone))", "Plans": [{"Node Type": "Bitmap Index Scan", "Parent Relationship": "Outer", "Parallel Aware": false, "Index Name": "idx_lineitem_shipdate", "Startup Cost": 0.0, "Total Cost": 33048.82, "Plan Rows": 2320545, "Plan Width": 0, "Index Cond": "((l_shipdate >= '1994-03-01'::date) AND (l_shipdate < '1994-06-01 00:00:00'::timestamp without time zone))"}]}]}]}]}]}, {"Node Type": "Bitmap Heap Scan", "Parent Relationship": "Inner", "Parallel Aware": false, "Relation Name": "supplier", "Alias": "supplier", "Startup Cost": 0.88, "Total Cost": 1.99, "Plan Rows": 1, "Plan Width": 71, "Recheck Cond": "(s_suppkey = lineitem.l_suppkey)", "Plans": [{"Node Type": "Bitmap Index Scan", "Parent Relationship": "Outer", "Parallel Aware": false, "Index Name": "supplier_pkey", "Startup Cost": 0.0, "Total Cost": 0.88, "Plan Rows": 1, "Plan Width": 0, "Index Cond": "(s_suppkey = lineitem.l_suppkey)"}]}]}]}}, {"Plan": {"Node Type": "Limit", "Parallel Aware": false, "Startup Cost": 3096750.04, "Total Cost": 3096750.04, "Plan Rows": 1, "Plan Width": 103, "Plans": [{"Node Type": "Aggregate", "Strategy": "Plain", "Partial Mode": "Simple", "Parent Relationship": "InitPlan", "Subplan Name": "InitPlan 1 (returns $1)", "Parallel Aware": false, "Startup Cost": 1545763.61, "Total Cost": 1545763.62, "Plan Rows": 1, "Plan Width": 32, "Plans": [{"Node Type": "Aggregate", "Strategy": "Sorted", "Partial Mode": "Finalize", "Parent Relationship": "Outer", "Parallel Aware": false, "Startup Cost": 1495266.3, "Total Cost": 1544516.94, "Plan Rows": 99734, "Plan Width": 36, "Group Key": ["lineitem_1.l_suppkey"], "Plans": [{"Node Type": "Gather Merge", "Parent Relationship": "Outer", "Parallel Aware": false, "Startup Cost": 1495266.3, "Total Cost": 1541026.25, "Plan Rows": 299202, "Plan Width": 36, "Workers Planned": 3, "Plans": [{"Node Type": "Aggregate", "Strategy": "Sorted", "Partial Mode": "Partial", "Parent Relationship": "Outer", "Parallel Aware": false, "Startup Cost": 1494266.26, "Total Cost": 1504869.97, "Plan Rows": 99734, "Plan Width": 36, "Group Key": ["lineitem_1.l_suppkey"], "Plans": [{"Node Type": "Sort", "Parent Relationship": "Outer", "Parallel Aware": false, "Startup Cost": 1494266.26, "Total Cost": 1496137.67, "Plan Rows": 748563, "Plan Width": 16, "Sort Key": ["lineitem_1.l_suppkey"], "Plans": [{"Node Type": "Bitmap Heap Scan", "Parent Relationship": "Outer", "Parallel Aware": true, "Relation Name": "lineitem", "Alias": "lineitem_1", "Startup Cost": 33628.95, "Total Cost": 1413735.05, "Plan Rows": 748563, "Plan Width": 16, "Recheck Cond": "((l_shipdate >= '1994-03-01'::date) AND (l_shipdate < '1994-06-01 00:00:00'::timestamp without time zone))", "Plans": [{"Node Type": "Bitmap Index Scan", "Parent Relationship": "Outer", "Parallel Aware": false, "Index Name": "idx_lineitem_shipdate", "Startup Cost": 0.0, "Total Cost": 33048.82, "Plan Rows": 2320545, "Plan Width": 0, "Index Cond": "((l_shipdate >= '1994-03-01'::date) AND (l_shipdate < '1994-06-01 00:00:00'::timestamp without time zone))"}]}]}]}]}]}]}, {"Node Type": "Sort", "Parent Relationship": "Outer", "Parallel Aware": false, "Startup Cost": 1550986.41, "Total Cost": 1550987.66, "Plan Rows": 499, "Plan Width": 103, "Sort Key": ["supplier.s_suppkey"], "Plans": [{"Node Type": "Hash Join", "Parent Relationship": "Outer", "Parallel Aware": false, "Join Type": "Inner", "Startup Cost": 1499732.3, "Total Cost": 1550983.92, "Plan Rows": 499, "Plan Width": 103, "Inner Unique": true, "Hash Cond": "(lineitem.l_suppkey = supplier.s_suppkey)", "Plans": [{"Node Type": "Aggregate", "Strategy": "Sorted", "Partial Mode": "Finalize", "Parent Relationship": "Outer", "Parallel Aware": false, "Startup Cost": 1495266.3, "Total Cost": 1546511.62, "Plan Rows": 499, "Plan Width": 36, "Group Key": ["lineitem.l_suppkey"], "Filter": "(sum((lineitem.l_extendedprice * ('1'::numeric - lineitem.l_discount))) = $1)", "Plans": [{"Node Type": "Gather Merge", "Parent Relationship": "Outer", "Parallel Aware": false, "Startup Cost": 1495266.3, "Total Cost": 1541026.25, "Plan Rows": 299202, "Plan Width": 36, "Workers Planned": 3, "Plans": [{"Node Type": "Aggregate", "Strategy": "Sorted", "Partial Mode": "Partial", "Parent Relationship": "Outer", "Parallel Aware": false, "Startup Cost": 1494266.26, "Total Cost": 1504869.97, "Plan Rows": 99734, "Plan Width": 36, "Group Key": ["lineitem.l_suppkey"], "Plans": [{"Node Type": "Sort", "Parent Relationship": "Outer", "Parallel Aware": false, "Startup Cost": 1494266.26, "Total Cost": 1496137.67, "Plan Rows": 748563, "Plan Width": 16, "Sort Key": ["lineitem.l_suppkey"], "Plans": [{"Node Type": "Bitmap Heap Scan", "Parent Relationship": "Outer", "Parallel Aware": true, "Relation Name": "lineitem", "Alias": "lineitem", "Startup Cost": 33628.95, "Total Cost": 1413735.05, "Plan Rows": 748563, "Plan Width": 16, "Recheck Cond": "((l_shipdate >= '1994-03-01'::date) AND (l_shipdate < '1994-06-01 00:00:00'::timestamp without time zone))", "Plans": [{"Node Type": "Bitmap Index Scan", "Parent Relationship": "Outer", "Parallel Aware": false, "Index Name": "idx_lineitem_shipdate", "Startup Cost": 0.0, "Total Cost": 33048.82, "Plan Rows": 2320545, "Plan Width": 0, "Index Cond": "((l_shipdate >= '1994-03-01'::date) AND (l_shipdate < '1994-06-01 00:00:00'::timestamp without time zone))"}]}]}]}]}]}, {"Node Type": "Hash", "Parent Relationship": "Inner", "Parallel Aware": false, "Startup Cost": 3216.0, "Total Cost": 3216.0, "Plan Rows": 100000, "Plan Width": 71, "Plans": [{"Node Type": "Seq Scan", "Parent Relationship": "Outer", "Parallel Aware": false, "Relation Name": "supplier", "Alias": "supplier", "Startup Cost": 0.0, "Total Cost": 3216.0, "Plan Rows": 100000, "Plan Width": 71}]}]}]}]}}, {"Plan": {"Node Type": "Limit", "Parallel Aware": false, "Startup Cost": 2768616.87, "Total Cost": 2768728.14, "Plan Rows": 1, "Plan Width": 103, "Plans": [{"Node Type": "Aggregate", "Strategy": "Plain", "Partial Mode": "Simple", "Parent Relationship": "InitPlan", "Subplan Name": "InitPlan 1 (returns $1)", "Parallel Aware": false, "Startup Cost": 1409556.94, "Total Cost": 1409556.95, "Plan Rows": 1, "Plan Width": 32, "Plans": [{"Node Type": "Aggregate", "Strategy": "Sorted", "Partial Mode": "Finalize", "Parent Relationship": "Outer", "Parallel Aware": false, "Startup Cost": 1359059.63, "Total Cost": 1408310.26, "Plan Rows": 99734, "Plan Width": 36, "Group Key": ["lineitem_1.l_suppkey"], "Plans": [{"Node Type": "Gather Merge", "Parent Relationship": "Outer", "Parallel Aware": false, "Startup Cost": 1359059.63, "Total Cost": 1404819.57, "Plan Rows": 299202, "Plan Width": 36, "Workers Planned": 3, "Plans": [{"Node Type": "Aggregate", "Strategy": "Sorted", "Partial Mode": "Partial", "Parent Relationship": "Outer", "Parallel Aware": false, "Startup Cost": 1358059.59, "Total Cost": 1368663.3, "Plan Rows": 99734, "Plan Width": 36, "Group Key": ["lineitem_1.l_suppkey"], "Plans": [{"Node Type": "Sort", "Parent Relationship": "Outer", "Parallel Aware": false, "Startup Cost": 1358059.59, "Total Cost": 1359930.99, "Plan Rows": 748563, "Plan Width": 16, "Sort Key": ["lineitem_1.l_suppkey"], "Plans": [{"Node Type": "Index Scan", "Parent Relationship": "Outer", "Parallel Aware": true, "Scan Direction": "Forward", "Index Name": "idx_lineitem_shipdate", "Relation Name": "lineitem", "Alias": "lineitem_1", "Startup Cost": 0.56, "Total Cost": 1277528.38, "Plan Rows": 748563, "Plan Width": 16, "Index Cond": "((l_shipdate >= '1994-03-01'::date) AND (l_shipdate < '1994-06-01 00:00:00'::timestamp without time zone))"}]}]}]}]}]}, {"Node Type": "Merge Join", "Parent Relationship": "Outer", "Parallel Aware": false, "Join Type": "Inner", "Startup Cost": 1359059.92, "Total Cost": 1414586.27, "Plan Rows": 499, "Plan Width": 103, "Inner Unique": true, "Merge Cond": "(supplier.s_suppkey = lineitem.l_suppkey)", "Plans": [{"Node Type": "Index Scan", "Parent Relationship": "Outer", "Parallel Aware": false, "Scan Direction": "Forward", "Index Name": "supplier_pkey", "Relation Name": "supplier", "Alias": "supplier", "Startup Cost": 0.29, "Total Cost": 4020.1, "Plan Rows": 100000, "Plan Width": 71}, {"Node Type": "Aggregate", "Strategy": "Sorted", "Partial Mode": "Finalize", "Parent Relationship": "Inner", "Parallel Aware": false, "Startup Cost": 1359059.63, "Total Cost": 1410304.94, "Plan Rows": 499, "Plan Width": 36, "Group Key": ["lineitem.l_suppkey"], "Filter": "(sum((lineitem.l_extendedprice * ('1'::numeric - lineitem.l_discount))) = $1)", "Plans": [{"Node Type": "Gather Merge", "Parent Relationship": "Outer", "Parallel Aware": false, "Startup Cost": 1359059.63, "Total Cost": 1404819.57, "Plan Rows": 299202, "Plan Width": 36, "Workers Planned": 3, "Plans": [{"Node Type": "Aggregate", "Strategy": "Sorted", "Partial Mode": "Partial", "Parent Relationship": "Outer", "Parallel Aware": false, "Startup Cost": 1358059.59, "Total Cost": 1368663.3, "Plan Rows": 99734, "Plan Width": 36, "Group Key": ["lineitem.l_suppkey"], "Plans": [{"Node Type": "Sort", "Parent Relationship": "Outer", "Parallel Aware": false, "Startup Cost": 1358059.59, "Total Cost": 1359930.99, "Plan Rows": 748563, "Plan Width": 16, "Sort Key": ["lineitem.l_suppkey"], "Plans": [{"Node Type": "Index Scan", "Parent Relationship": "Outer", "Parallel Aware": true, "Scan Direction": "Forward", "Index Name": "idx_lineitem_shipdate", "Relation Name": "lineitem", "Alias": "lineitem", "Startup Cost": 0.56, "Total Cost": 1277528.38, "Plan Rows": 748563, "Plan Width": 16, "Index Cond": "((l_shipdate >= '1994-03-01'::date) AND (l_shipdate < '1994-06-01 00:00:00'::timestamp without time zone))"}]}]}]}]}]}]}}, {"Plan": {"Node Type": "Limit", "Parallel Aware": false, "Startup Cost": 2768616.87, "Total Cost": 2768721.45, "Plan Rows": 1, "Plan Width": 103, "Plans": [{"Node Type": "Aggregate", "Strategy": "Plain", "Partial Mode": "Simple", "Parent Relationship": "InitPlan", "Subplan Name": "InitPlan 1 (returns $1)", "Parallel Aware": false, "Startup Cost": 1409556.94, "Total Cost": 1409556.95, "Plan Rows": 1, "Plan Width": 32, "Plans": [{"Node Type": "Aggregate", "Strategy": "Sorted", "Partial Mode": "Finalize", "Parent Relationship": "Outer", "Parallel Aware": false, "Startup Cost": 1359059.63, "Total Cost": 1408310.26, "Plan Rows": 99734, "Plan Width": 36, "Group Key": ["lineitem_1.l_suppkey"], "Plans": [{"Node Type": "Gather Merge", "Parent Relationship": "Outer", "Parallel Aware": false, "Startup Cost": 1359059.63, "Total Cost": 1404819.57, "Plan Rows": 299202, "Plan Width": 36, "Workers Planned": 3, "Plans": [{"Node Type": "Aggregate", "Strategy": "Sorted", "Partial Mode": "Partial", "Parent Relationship": "Outer", "Parallel Aware": false, "Startup Cost": 1358059.59, "Total Cost": 1368663.3, "Plan Rows": 99734, "Plan Width": 36, "Group Key": ["lineitem_1.l_suppkey"], "Plans": [{"Node Type": "Sort", "Parent Relationship": "Outer", "Parallel Aware": false, "Startup Cost": 1358059.59, "Total Cost": 1359930.99, "Plan Rows": 748563, "Plan Width": 16, "Sort Key": ["lineitem_1.l_suppkey"], "Plans": [{"Node Type": "Index Scan", "Parent Relationship": "Outer", "Parallel Aware": true, "Scan Direction": "Forward", "Index Name": "idx_lineitem_shipdate", "Relation Name": "lineitem", "Alias": "lineitem_1", "Startup Cost": 0.56, "Total Cost": 1277528.38, "Plan Rows": 748563, "Plan Width": 16, "Index Cond": "((l_shipdate >= '1994-03-01'::date) AND (l_shipdate < '1994-06-01 00:00:00'::timestamp without time zone))"}]}]}]}]}]}, {"Node Type": "Nested Loop", "Parent Relationship": "Outer", "Parallel Aware": false, "Join Type": "Inner", "Startup Cost": 1359059.92, "Total Cost": 1411247.82, "Plan Rows": 499, "Plan Width": 103, "Inner Unique": true, "Plans": [{"Node Type": "Aggregate", "Strategy": "Sorted", "Partial Mode": "Finalize", "Parent Relationship": "Outer", "Parallel Aware": false, "Startup Cost": 1359059.63, "Total Cost": 1410304.94, "Plan Rows": 499, "Plan Width": 36, "Group Key": ["lineitem.l_suppkey"], "Filter": "(sum((lineitem.l_extendedprice * ('1'::numeric - lineitem.l_discount))) = $1)", "Plans": [{"Node Type": "Gather Merge", "Parent Relationship": "Outer", "Parallel Aware": false, "Startup Cost": 1359059.63, "Total Cost": 1404819.57, "Plan Rows": 299202, "Plan Width": 36, "Workers Planned": 3, "Plans": [{"Node Type": "Aggregate", "Strategy": "Sorted", "Partial Mode": "Partial", "Parent Relationship": "Outer", "Parallel Aware": false, "Startup Cost": 1358059.59, "Total Cost": 1368663.3, "Plan Rows": 99734, "Plan Width": 36, "Group Key": ["lineitem.l_suppkey"], "Plans": [{"Node Type": "Sort", "Parent Relationship": "Outer", "Parallel Aware": false, "Startup Cost": 1358059.59, "Total Cost": 1359930.99, "Plan Rows": 748563, "Plan Width": 16, "Sort Key": ["lineitem.l_suppkey"], "Plans": [{"Node Type": "Index Scan", "Parent Relationship": "Outer", "Parallel Aware": true, "Scan Direction": "Forward", "Index Name": "idx_lineitem_shipdate", "Relation Name": "lineitem", "Alias": "lineitem", "Startup Cost": 0.56, "Total Cost": 1277528.38, "Plan Rows": 748563, "Plan Width": 16, "Index Cond": "((l_shipdate >= '1994-03-01'::date) AND (l_shipdate < '1994-06-01 00:00:00'::timestamp without time zone))"}]}]}]}]}, {"Node Type": "Index Scan", "Parent Relationship": "Inner", "Parallel Aware": false, "Scan Direction": "Forward", "Index Name": "supplier_pkey", "Relation Name": "supplier", "Alias": "supplier", "Startup Cost": 0.29, "Total Cost": 1.88, "Plan Rows": 1, "Plan Width": 71, "Index Cond": "(s_suppkey = lineitem.l_suppkey)"}]}]}}, {"Plan": {"Node Type": "Limit", "Parallel Aware": false, "Startup Cost": 2768616.87, "Total Cost": 2768721.45, "Plan Rows": 1, "Plan Width": 103, "Plans": [{"Node Type": "Aggregate", "Strategy": "Plain", "Partial Mode": "Simple", "Parent Relationship": "InitPlan", "Subplan Name": "InitPlan 1 (returns $1)", "Parallel Aware": false, "Startup Cost": 1409556.94, "Total Cost": 1409556.95, "Plan Rows": 1, "Plan Width": 32, "Plans": [{"Node Type": "Aggregate", "Strategy": "Sorted", "Partial Mode": "Finalize", "Parent Relationship": "Outer", "Parallel Aware": false, "Startup Cost": 1359059.63, "Total Cost": 1408310.26, "Plan Rows": 99734, "Plan Width": 36, "Group Key": ["lineitem_1.l_suppkey"], "Plans": [{"Node Type": "Gather Merge", "Parent Relationship": "Outer", "Parallel Aware": false, "Startup Cost": 1359059.63, "Total Cost": 1404819.57, "Plan Rows": 299202, "Plan Width": 36, "Workers Planned": 3, "Plans": [{"Node Type": "Aggregate", "Strategy": "Sorted", "Partial Mode": "Partial", "Parent Relationship": "Outer", "Parallel Aware": false, "Startup Cost": 1358059.59, "Total Cost": 1368663.3, "Plan Rows": 99734, "Plan Width": 36, "Group Key": ["lineitem_1.l_suppkey"], "Plans": [{"Node Type": "Sort", "Parent Relationship": "Outer", "Parallel Aware": false, "Startup Cost": 1358059.59, "Total Cost": 1359930.99, "Plan Rows": 748563, "Plan Width": 16, "Sort Key": ["lineitem_1.l_suppkey"], "Plans": [{"Node Type": "Index Scan", "Parent Relationship": "Outer", "Parallel Aware": true, "Scan Direction": "Forward", "Index Name": "idx_lineitem_shipdate", "Relation Name": "lineitem", "Alias": "lineitem_1", "Startup Cost": 0.56, "Total Cost": 1277528.38, "Plan Rows": 748563, "Plan Width": 16, "Index Cond": "((l_shipdate >= '1994-03-01'::date) AND (l_shipdate < '1994-06-01 00:00:00'::timestamp without time zone))"}]}]}]}]}]}, {"Node Type": "Nested Loop", "Parent Relationship": "Outer", "Parallel Aware": false, "Join Type": "Inner", "Startup Cost": 1359059.92, "Total Cost": 1411247.82, "Plan Rows": 499, "Plan Width": 103, "Inner Unique": true, "Plans": [{"Node Type": "Aggregate", "Strategy": "Sorted", "Partial Mode": "Finalize", "Parent Relationship": "Outer", "Parallel Aware": false, "Startup Cost": 1359059.63, "Total Cost": 1410304.94, "Plan Rows": 499, "Plan Width": 36, "Group Key": ["lineitem.l_suppkey"], "Filter": "(sum((lineitem.l_extendedprice * ('1'::numeric - lineitem.l_discount))) = $1)", "Plans": [{"Node Type": "Gather Merge", "Parent Relationship": "Outer", "Parallel Aware": false, "Startup Cost": 1359059.63, "Total Cost": 1404819.57, "Plan Rows": 299202, "Plan Width": 36, "Workers Planned": 3, "Plans": [{"Node Type": "Aggregate", "Strategy": "Sorted", "Partial Mode": "Partial", "Parent Relationship": "Outer", "Parallel Aware": false, "Startup Cost": 1358059.59, "Total Cost": 1368663.3, "Plan Rows": 99734, "Plan Width": 36, "Group Key": ["lineitem.l_suppkey"], "Plans": [{"Node Type": "Sort", "Parent Relationship": "Outer", "Parallel Aware": false, "Startup Cost": 1358059.59, "Total Cost": 1359930.99, "Plan Rows": 748563, "Plan Width": 16, "Sort Key": ["lineitem.l_suppkey"], "Plans": [{"Node Type": "Index Scan", "Parent Relationship": "Outer", "Parallel Aware": true, "Scan Direction": "Forward", "Index Name": "idx_lineitem_shipdate", "Relation Name": "lineitem", "Alias": "lineitem", "Startup Cost": 0.56, "Total Cost": 1277528.38, "Plan Rows": 748563, "Plan Width": 16, "Index Cond": "((l_shipdate >= '1994-03-01'::date) AND (l_shipdate < '1994-06-01 00:00:00'::timestamp without time zone))"}]}]}]}]}, {"Node Type": "Index Scan", "Parent Relationship": "Inner", "Parallel Aware": false, "Scan Direction": "Forward", "Index Name": "supplier_pkey", "Relation Name": "supplier", "Alias": "supplier", "Startup Cost": 0.29, "Total Cost": 1.88, "Plan Rows": 1, "Plan Width": 71, "Index Cond": "(s_suppkey = lineitem.l_suppkey)"}]}]}}, {"Plan": {"Node Type": "Limit", "Parallel Aware": false, "Startup Cost": 2768616.87, "Total Cost": 2768728.14, "Plan Rows": 1, "Plan Width": 103, "Plans": [{"Node Type": "Aggregate", "Strategy": "Plain", "Partial Mode": "Simple", "Parent Relationship": "InitPlan", "Subplan Name": "InitPlan 1 (returns $1)", "Parallel Aware": false, "Startup Cost": 1409556.94, "Total Cost": 1409556.95, "Plan Rows": 1, "Plan Width": 32, "Plans": [{"Node Type": "Aggregate", "Strategy": "Sorted", "Partial Mode": "Finalize", "Parent Relationship": "Outer", "Parallel Aware": false, "Startup Cost": 1359059.63, "Total Cost": 1408310.26, "Plan Rows": 99734, "Plan Width": 36, "Group Key": ["lineitem_1.l_suppkey"], "Plans": [{"Node Type": "Gather Merge", "Parent Relationship": "Outer", "Parallel Aware": false, "Startup Cost": 1359059.63, "Total Cost": 1404819.57, "Plan Rows": 299202, "Plan Width": 36, "Workers Planned": 3, "Plans": [{"Node Type": "Aggregate", "Strategy": "Sorted", "Partial Mode": "Partial", "Parent Relationship": "Outer", "Parallel Aware": false, "Startup Cost": 1358059.59, "Total Cost": 1368663.3, "Plan Rows": 99734, "Plan Width": 36, "Group Key": ["lineitem_1.l_suppkey"], "Plans": [{"Node Type": "Sort", "Parent Relationship": "Outer", "Parallel Aware": false, "Startup Cost": 1358059.59, "Total Cost": 1359930.99, "Plan Rows": 748563, "Plan Width": 16, "Sort Key": ["lineitem_1.l_suppkey"], "Plans": [{"Node Type": "Index Scan", "Parent Relationship": "Outer", "Parallel Aware": true, "Scan Direction": "Forward", "Index Name": "idx_lineitem_shipdate", "Relation Name": "lineitem", "Alias": "lineitem_1", "Startup Cost": 0.56, "Total Cost": 1277528.38, "Plan Rows": 748563, "Plan Width": 16, "Index Cond": "((l_shipdate >= '1994-03-01'::date) AND (l_shipdate < '1994-06-01 00:00:00'::timestamp without time zone))"}]}]}]}]}]}, {"Node Type": "Merge Join", "Parent Relationship": "Outer", "Parallel Aware": false, "Join Type": "Inner", "Startup Cost": 1359059.92, "Total Cost": 1414586.27, "Plan Rows": 499, "Plan Width": 103, "Inner Unique": true, "Merge Cond": "(supplier.s_suppkey = lineitem.l_suppkey)", "Plans": [{"Node Type": "Index Scan", "Parent Relationship": "Outer", "Parallel Aware": false, "Scan Direction": "Forward", "Index Name": "supplier_pkey", "Relation Name": "supplier", "Alias": "supplier", "Startup Cost": 0.29, "Total Cost": 4020.1, "Plan Rows": 100000, "Plan Width": 71}, {"Node Type": "Aggregate", "Strategy": "Sorted", "Partial Mode": "Finalize", "Parent Relationship": "Inner", "Parallel Aware": false, "Startup Cost": 1359059.63, "Total Cost": 1410304.94, "Plan Rows": 499, "Plan Width": 36, "Group Key": ["lineitem.l_suppkey"], "Filter": "(sum((lineitem.l_extendedprice * ('1'::numeric - lineitem.l_discount))) = $1)", "Plans": [{"Node Type": "Gather Merge", "Parent Relationship": "Outer", "Parallel Aware": false, "Startup Cost": 1359059.63, "Total Cost": 1404819.57, "Plan Rows": 299202, "Plan Width": 36, "Workers Planned": 3, "Plans": [{"Node Type": "Aggregate", "Strategy": "Sorted", "Partial Mode": "Partial", "Parent Relationship": "Outer", "Parallel Aware": false, "Startup Cost": 1358059.59, "Total Cost": 1368663.3, "Plan Rows": 99734, "Plan Width": 36, "Group Key": ["lineitem.l_suppkey"], "Plans": [{"Node Type": "Sort", "Parent Relationship": "Outer", "Parallel Aware": false, "Startup Cost": 1358059.59, "Total Cost": 1359930.99, "Plan Rows": 748563, "Plan Width": 16, "Sort Key": ["lineitem.l_suppkey"], "Plans": [{"Node Type": "Index Scan", "Parent Relationship": "Outer", "Parallel Aware": true, "Scan Direction": "Forward", "Index Name": "idx_lineitem_shipdate", "Relation Name": "lineitem", "Alias": "lineitem", "Startup Cost": 0.56, "Total Cost": 1277528.38, "Plan Rows": 748563, "Plan Width": 16, "Index Cond": "((l_shipdate >= '1994-03-01'::date) AND (l_shipdate < '1994-06-01 00:00:00'::timestamp without time zone))"}]}]}]}]}]}]}}, {"Plan": {"Node Type": "Limit", "Parallel Aware": false, "Startup Cost": 2768616.87, "Total Cost": 2768721.45, "Plan Rows": 1, "Plan Width": 103, "Plans": [{"Node Type": "Aggregate", "Strategy": "Plain", "Partial Mode": "Simple", "Parent Relationship": "InitPlan", "Subplan Name": "InitPlan 1 (returns $1)", "Parallel Aware": false, "Startup Cost": 1409556.94, "Total Cost": 1409556.95, "Plan Rows": 1, "Plan Width": 32, "Plans": [{"Node Type": "Aggregate", "Strategy": "Sorted", "Partial Mode": "Finalize", "Parent Relationship": "Outer", "Parallel Aware": false, "Startup Cost": 1359059.63, "Total Cost": 1408310.26, "Plan Rows": 99734, "Plan Width": 36, "Group Key": ["lineitem_1.l_suppkey"], "Plans": [{"Node Type": "Gather Merge", "Parent Relationship": "Outer", "Parallel Aware": false, "Startup Cost": 1359059.63, "Total Cost": 1404819.57, "Plan Rows": 299202, "Plan Width": 36, "Workers Planned": 3, "Plans": [{"Node Type": "Aggregate", "Strategy": "Sorted", "Partial Mode": "Partial", "Parent Relationship": "Outer", "Parallel Aware": false, "Startup Cost": 1358059.59, "Total Cost": 1368663.3, "Plan Rows": 99734, "Plan Width": 36, "Group Key": ["lineitem_1.l_suppkey"], "Plans": [{"Node Type": "Sort", "Parent Relationship": "Outer", "Parallel Aware": false, "Startup Cost": 1358059.59, "Total Cost": 1359930.99, "Plan Rows": 748563, "Plan Width": 16, "Sort Key": ["lineitem_1.l_suppkey"], "Plans": [{"Node Type": "Index Scan", "Parent Relationship": "Outer", "Parallel Aware": true, "Scan Direction": "Forward", "Index Name": "idx_lineitem_shipdate", "Relation Name": "lineitem", "Alias": "lineitem_1", "Startup Cost": 0.56, "Total Cost": 1277528.38, "Plan Rows": 748563, "Plan Width": 16, "Index Cond": "((l_shipdate >= '1994-03-01'::date) AND (l_shipdate < '1994-06-01 00:00:00'::timestamp without time zone))"}]}]}]}]}]}, {"Node Type": "Nested Loop", "Parent Relationship": "Outer", "Parallel Aware": false, "Join Type": "Inner", "Startup Cost": 1359059.92, "Total Cost": 1411247.82, "Plan Rows": 499, "Plan Width": 103, "Inner Unique": true, "Plans": [{"Node Type": "Aggregate", "Strategy": "Sorted", "Partial Mode": "Finalize", "Parent Relationship": "Outer", "Parallel Aware": false, "Startup Cost": 1359059.63, "Total Cost": 1410304.94, "Plan Rows": 499, "Plan Width": 36, "Group Key": ["lineitem.l_suppkey"], "Filter": "(sum((lineitem.l_extendedprice * ('1'::numeric - lineitem.l_discount))) = $1)", "Plans": [{"Node Type": "Gather Merge", "Parent Relationship": "Outer", "Parallel Aware": false, "Startup Cost": 1359059.63, "Total Cost": 1404819.57, "Plan Rows": 299202, "Plan Width": 36, "Workers Planned": 3, "Plans": [{"Node Type": "Aggregate", "Strategy": "Sorted", "Partial Mode": "Partial", "Parent Relationship": "Outer", "Parallel Aware": false, "Startup Cost": 1358059.59, "Total Cost": 1368663.3, "Plan Rows": 99734, "Plan Width": 36, "Group Key": ["lineitem.l_suppkey"], "Plans": [{"Node Type": "Sort", "Parent Relationship": "Outer", "Parallel Aware": false, "Startup Cost": 1358059.59, "Total Cost": 1359930.99, "Plan Rows": 748563, "Plan Width": 16, "Sort Key": ["lineitem.l_suppkey"], "Plans": [{"Node Type": "Index Scan", "Parent Relationship": "Outer", "Parallel Aware": true, "Scan Direction": "Forward", "Index Name": "idx_lineitem_shipdate", "Relation Name": "lineitem", "Alias": "lineitem", "Startup Cost": 0.56, "Total Cost": 1277528.38, "Plan Rows": 748563, "Plan Width": 16, "Index Cond": "((l_shipdate >= '1994-03-01'::date) AND (l_shipdate < '1994-06-01 00:00:00'::timestamp without time zone))"}]}]}]}]}, {"Node Type": "Index Scan", "Parent Relationship": "Inner", "Parallel Aware": false, "Scan Direction": "Forward", "Index Name": "supplier_pkey", "Relation Name": "supplier", "Alias": "supplier", "Startup Cost": 0.29, "Total Cost": 1.88, "Plan Rows": 1, "Plan Width": 71, "Index Cond": "(s_suppkey = lineitem.l_suppkey)"}]}]}}, {"Plan": {"Node Type": "Limit", "Parallel Aware": false, "Startup Cost": 2768616.87, "Total Cost": 2768721.45, "Plan Rows": 1, "Plan Width": 103, "Plans": [{"Node Type": "Aggregate", "Strategy": "Plain", "Partial Mode": "Simple", "Parent Relationship": "InitPlan", "Subplan Name": "InitPlan 1 (returns $1)", "Parallel Aware": false, "Startup Cost": 1409556.94, "Total Cost": 1409556.95, "Plan Rows": 1, "Plan Width": 32, "Plans": [{"Node Type": "Aggregate", "Strategy": "Sorted", "Partial Mode": "Finalize", "Parent Relationship": "Outer", "Parallel Aware": false, "Startup Cost": 1359059.63, "Total Cost": 1408310.26, "Plan Rows": 99734, "Plan Width": 36, "Group Key": ["lineitem_1.l_suppkey"], "Plans": [{"Node Type": "Gather Merge", "Parent Relationship": "Outer", "Parallel Aware": false, "Startup Cost": 1359059.63, "Total Cost": 1404819.57, "Plan Rows": 299202, "Plan Width": 36, "Workers Planned": 3, "Plans": [{"Node Type": "Aggregate", "Strategy": "Sorted", "Partial Mode": "Partial", "Parent Relationship": "Outer", "Parallel Aware": false, "Startup Cost": 1358059.59, "Total Cost": 1368663.3, "Plan Rows": 99734, "Plan Width": 36, "Group Key": ["lineitem_1.l_suppkey"], "Plans": [{"Node Type": "Sort", "Parent Relationship": "Outer", "Parallel Aware": false, "Startup Cost": 1358059.59, "Total Cost": 1359930.99, "Plan Rows": 748563, "Plan Width": 16, "Sort Key": ["lineitem_1.l_suppkey"], "Plans": [{"Node Type": "Index Scan", "Parent Relationship": "Outer", "Parallel Aware": true, "Scan Direction": "Forward", "Index Name": "idx_lineitem_shipdate", "Relation Name": "lineitem", "Alias": "lineitem_1", "Startup Cost": 0.56, "Total Cost": 1277528.38, "Plan Rows": 748563, "Plan Width": 16, "Index Cond": "((l_shipdate >= '1994-03-01'::date) AND (l_shipdate < '1994-06-01 00:00:00'::timestamp without time zone))"}]}]}]}]}]}, {"Node Type": "Nested Loop", "Parent Relationship": "Outer", "Parallel Aware": false, "Join Type": "Inner", "Startup Cost": 1359059.92, "Total Cost": 1411247.82, "Plan Rows": 499, "Plan Width": 103, "Inner Unique": true, "Plans": [{"Node Type": "Aggregate", "Strategy": "Sorted", "Partial Mode": "Finalize", "Parent Relationship": "Outer", "Parallel Aware": false, "Startup Cost": 1359059.63, "Total Cost": 1410304.94, "Plan Rows": 499, "Plan Width": 36, "Group Key": ["lineitem.l_suppkey"], "Filter": "(sum((lineitem.l_extendedprice * ('1'::numeric - lineitem.l_discount))) = $1)", "Plans": [{"Node Type": "Gather Merge", "Parent Relationship": "Outer", "Parallel Aware": false, "Startup Cost": 1359059.63, "Total Cost": 1404819.57, "Plan Rows": 299202, "Plan Width": 36, "Workers Planned": 3, "Plans": [{"Node Type": "Aggregate", "Strategy": "Sorted", "Partial Mode": "Partial", "Parent Relationship": "Outer", "Parallel Aware": false, "Startup Cost": 1358059.59, "Total Cost": 1368663.3, "Plan Rows": 99734, "Plan Width": 36, "Group Key": ["lineitem.l_suppkey"], "Plans": [{"Node Type": "Sort", "Parent Relationship": "Outer", "Parallel Aware": false, "Startup Cost": 1358059.59, "Total Cost": 1359930.99, "Plan Rows": 748563, "Plan Width": 16, "Sort Key": ["lineitem.l_suppkey"], "Plans": [{"Node Type": "Index Scan", "Parent Relationship": "Outer", "Parallel Aware": true, "Scan Direction": "Forward", "Index Name": "idx_lineitem_shipdate", "Relation Name": "lineitem", "Alias": "lineitem", "Startup Cost": 0.56, "Total Cost": 1277528.38, "Plan Rows": 748563, "Plan Width": 16, "Index Cond": "((l_shipdate >= '1994-03-01'::date) AND (l_shipdate < '1994-06-01 00:00:00'::timestamp without time zone))"}]}]}]}]}, {"Node Type": "Index Scan", "Parent Relationship": "Inner", "Parallel Aware": false, "Scan Direction": "Forward", "Index Name": "supplier_pkey", "Relation Name": "supplier", "Alias": "supplier", "Startup Cost": 0.29, "Total Cost": 1.88, "Plan Rows": 1, "Plan Width": 71, "Index Cond": "(s_suppkey = lineitem.l_suppkey)"}]}]}}, {"Plan": {"Node Type": "Limit", "Parallel Aware": false, "Startup Cost": 10003041030.81, "Total Cost": 10003041135.5, "Plan Rows": 1, "Plan Width": 103, "Plans": [{"Node Type": "Aggregate", "Strategy": "Plain", "Partial Mode": "Simple", "Parent Relationship": "InitPlan", "Subplan Name": "InitPlan 1 (returns $1)", "Parallel Aware": false, "Startup Cost": 1545763.61, "Total Cost": 1545763.62, "Plan Rows": 1, "Plan Width": 32, "Plans": [{"Node Type": "Aggregate", "Strategy": "Sorted", "Partial Mode": "Finalize", "Parent Relationship": "Outer", "Parallel Aware": false, "Startup Cost": 1495266.3, "Total Cost": 1544516.94, "Plan Rows": 99734, "Plan Width": 36, "Group Key": ["lineitem_1.l_suppkey"], "Plans": [{"Node Type": "Gather Merge", "Parent Relationship": "Outer", "Parallel Aware": false, "Startup Cost": 1495266.3, "Total Cost": 1541026.25, "Plan Rows": 299202, "Plan Width": 36, "Workers Planned": 3, "Plans": [{"Node Type": "Aggregate", "Strategy": "Sorted", "Partial Mode": "Partial", "Parent Relationship": "Outer", "Parallel Aware": false, "Startup Cost": 1494266.26, "Total Cost": 1504869.97, "Plan Rows": 99734, "Plan Width": 36, "Group Key": ["lineitem_1.l_suppkey"], "Plans": [{"Node Type": "Sort", "Parent Relationship": "Outer", "Parallel Aware": false, "Startup Cost": 1494266.26, "Total Cost": 1496137.67, "Plan Rows": 748563, "Plan Width": 16, "Sort Key": ["lineitem_1.l_suppkey"], "Plans": [{"Node Type": "Bitmap Heap Scan", "Parent Relationship": "Outer", "Parallel Aware": true, "Relation Name": "lineitem", "Alias": "lineitem_1", "Startup Cost": 33628.95, "Total Cost": 1413735.05, "Plan Rows": 748563, "Plan Width": 16, "Recheck Cond": "((l_shipdate >= '1994-03-01'::date) AND (l_shipdate < '1994-06-01 00:00:00'::timestamp without time zone))", "Plans": [{"Node Type": "Bitmap Index Scan", "Parent Relationship": "Outer", "Parallel Aware": false, "Index Name": "idx_lineitem_shipdate", "Startup Cost": 0.0, "Total Cost": 33048.82, "Plan Rows": 2320545, "Plan Width": 0, "Index Cond": "((l_shipdate >= '1994-03-01'::date) AND (l_shipdate < '1994-06-01 00:00:00'::timestamp without time zone))"}]}]}]}]}]}]}, {"Node Type": "Nested Loop", "Parent Relationship": "Outer", "Parallel Aware": false, "Join Type": "Inner", "Startup Cost": 10001495267.18, "Total Cost": 10001547510.87, "Plan Rows": 499, "Plan Width": 103, "Inner Unique": true, "Plans": [{"Node Type": "Aggregate", "Strategy": "Sorted", "Partial Mode": "Finalize", "Parent Relationship": "Outer", "Parallel Aware": false, "Startup Cost": 1495266.3, "Total Cost": 1546511.62, "Plan Rows": 499, "Plan Width": 36, "Group Key": ["lineitem.l_suppkey"], "Filter": "(sum((lineitem.l_extendedprice * ('1'::numeric - lineitem.l_discount))) = $1)", "Plans": [{"Node Type": "Gather Merge", "Parent Relationship": "Outer", "Parallel Aware": false, "Startup Cost": 1495266.3, "Total Cost": 1541026.25, "Plan Rows": 299202, "Plan Width": 36, "Workers Planned": 3, "Plans": [{"Node Type": "Aggregate", "Strategy": "Sorted", "Partial Mode": "Partial", "Parent Relationship": "Outer", "Parallel Aware": false, "Startup Cost": 1494266.26, "Total Cost": 1504869.97, "Plan Rows": 99734, "Plan Width": 36, "Group Key": ["lineitem.l_suppkey"], "Plans": [{"Node Type": "Sort", "Parent Relationship": "Outer", "Parallel Aware": false, "Startup Cost": 1494266.26, "Total Cost": 1496137.67, "Plan Rows": 748563, "Plan Width": 16, "Sort Key": ["lineitem.l_suppkey"], "Plans": [{"Node Type": "Bitmap Heap Scan", "Parent Relationship": "Outer", "Parallel Aware": true, "Relation Name": "lineitem", "Alias": "lineitem", "Startup Cost": 33628.95, "Total Cost": 1413735.05, "Plan Rows": 748563, "Plan Width": 16, "Recheck Cond": "((l_shipdate >= '1994-03-01'::date) AND (l_shipdate < '1994-06-01 00:00:00'::timestamp without time zone))", "Plans": [{"Node Type": "Bitmap Index Scan", "Parent Relationship": "Outer", "Parallel Aware": false, "Index Name": "idx_lineitem_shipdate", "Startup Cost": 0.0, "Total Cost": 33048.82, "Plan Rows": 2320545, "Plan Width": 0, "Index Cond": "((l_shipdate >= '1994-03-01'::date) AND (l_shipdate < '1994-06-01 00:00:00'::timestamp without time zone))"}]}]}]}]}]}, {"Node Type": "Bitmap Heap Scan", "Parent Relationship": "Inner", "Parallel Aware": false, "Relation Name": "supplier", "Alias": "supplier", "Startup Cost": 0.88, "Total Cost": 1.99, "Plan Rows": 1, "Plan Width": 71, "Recheck Cond": "(s_suppkey = lineitem.l_suppkey)", "Plans": [{"Node Type": "Bitmap Index Scan", "Parent Relationship": "Outer", "Parallel Aware": false, "Index Name": "supplier_pkey", "Startup Cost": 0.0, "Total Cost": 0.88, "Plan Rows": 1, "Plan Width": 0, "Index Cond": "(s_suppkey = lineitem.l_suppkey)"}]}]}]}}, {"Plan": {"Node Type": "Limit", "Parallel Aware": false, "Startup Cost": 3041030.81, "Total Cost": 3041135.5, "Plan Rows": 1, "Plan Width": 103, "Plans": [{"Node Type": "Aggregate", "Strategy": "Plain", "Partial Mode": "Simple", "Parent Relationship": "InitPlan", "Subplan Name": "InitPlan 1 (returns $1)", "Parallel Aware": false, "Startup Cost": 1545763.61, "Total Cost": 1545763.62, "Plan Rows": 1, "Plan Width": 32, "Plans": [{"Node Type": "Aggregate", "Strategy": "Sorted", "Partial Mode": "Finalize", "Parent Relationship": "Outer", "Parallel Aware": false, "Startup Cost": 1495266.3, "Total Cost": 1544516.94, "Plan Rows": 99734, "Plan Width": 36, "Group Key": ["lineitem_1.l_suppkey"], "Plans": [{"Node Type": "Gather Merge", "Parent Relationship": "Outer", "Parallel Aware": false, "Startup Cost": 1495266.3, "Total Cost": 1541026.25, "Plan Rows": 299202, "Plan Width": 36, "Workers Planned": 3, "Plans": [{"Node Type": "Aggregate", "Strategy": "Sorted", "Partial Mode": "Partial", "Parent Relationship": "Outer", "Parallel Aware": false, "Startup Cost": 1494266.26, "Total Cost": 1504869.97, "Plan Rows": 99734, "Plan Width": 36, "Group Key": ["lineitem_1.l_suppkey"], "Plans": [{"Node Type": "Sort", "Parent Relationship": "Outer", "Parallel Aware": false, "Startup Cost": 1494266.26, "Total Cost": 1496137.67, "Plan Rows": 748563, "Plan Width": 16, "Sort Key": ["lineitem_1.l_suppkey"], "Plans": [{"Node Type": "Bitmap Heap Scan", "Parent Relationship": "Outer", "Parallel Aware": true, "Relation Name": "lineitem", "Alias": "lineitem_1", "Startup Cost": 33628.95, "Total Cost": 1413735.05, "Plan Rows": 748563, "Plan Width": 16, "Recheck Cond": "((l_shipdate >= '1994-03-01'::date) AND (l_shipdate < '1994-06-01 00:00:00'::timestamp without time zone))", "Plans": [{"Node Type": "Bitmap Index Scan", "Parent Relationship": "Outer", "Parallel Aware": false, "Index Name": "idx_lineitem_shipdate", "Startup Cost": 0.0, "Total Cost": 33048.82, "Plan Rows": 2320545, "Plan Width": 0, "Index Cond": "((l_shipdate >= '1994-03-01'::date) AND (l_shipdate < '1994-06-01 00:00:00'::timestamp without time zone))"}]}]}]}]}]}]}, {"Node Type": "Nested Loop", "Parent Relationship": "Outer", "Parallel Aware": false, "Join Type": "Inner", "Startup Cost": 1495267.18, "Total Cost": 1547510.87, "Plan Rows": 499, "Plan Width": 103, "Inner Unique": true, "Plans": [{"Node Type": "Aggregate", "Strategy": "Sorted", "Partial Mode": "Finalize", "Parent Relationship": "Outer", "Parallel Aware": false, "Startup Cost": 1495266.3, "Total Cost": 1546511.62, "Plan Rows": 499, "Plan Width": 36, "Group Key": ["lineitem.l_suppkey"], "Filter": "(sum((lineitem.l_extendedprice * ('1'::numeric - lineitem.l_discount))) = $1)", "Plans": [{"Node Type": "Gather Merge", "Parent Relationship": "Outer", "Parallel Aware": false, "Startup Cost": 1495266.3, "Total Cost": 1541026.25, "Plan Rows": 299202, "Plan Width": 36, "Workers Planned": 3, "Plans": [{"Node Type": "Aggregate", "Strategy": "Sorted", "Partial Mode": "Partial", "Parent Relationship": "Outer", "Parallel Aware": false, "Startup Cost": 1494266.26, "Total Cost": 1504869.97, "Plan Rows": 99734, "Plan Width": 36, "Group Key": ["lineitem.l_suppkey"], "Plans": [{"Node Type": "Sort", "Parent Relationship": "Outer", "Parallel Aware": false, "Startup Cost": 1494266.26, "Total Cost": 1496137.67, "Plan Rows": 748563, "Plan Width": 16, "Sort Key": ["lineitem.l_suppkey"], "Plans": [{"Node Type": "Bitmap Heap Scan", "Parent Relationship": "Outer", "Parallel Aware": true, "Relation Name": "lineitem", "Alias": "lineitem", "Startup Cost": 33628.95, "Total Cost": 1413735.05, "Plan Rows": 748563, "Plan Width": 16, "Recheck Cond": "((l_shipdate >= '1994-03-01'::date) AND (l_shipdate < '1994-06-01 00:00:00'::timestamp without time zone))", "Plans": [{"Node Type": "Bitmap Index Scan", "Parent Relationship": "Outer", "Parallel Aware": false, "Index Name": "idx_lineitem_shipdate", "Startup Cost": 0.0, "Total Cost": 33048.82, "Plan Rows": 2320545, "Plan Width": 0, "Index Cond": "((l_shipdate >= '1994-03-01'::date) AND (l_shipdate < '1994-06-01 00:00:00'::timestamp without time zone))"}]}]}]}]}]}, {"Node Type": "Bitmap Heap Scan", "Parent Relationship": "Inner", "Parallel Aware": false, "Relation Name": "supplier", "Alias": "supplier", "Startup Cost": 0.88, "Total Cost": 1.99, "Plan Rows": 1, "Plan Width": 71, "Recheck Cond": "(s_suppkey = lineitem.l_suppkey)", "Plans": [{"Node Type": "Bitmap Index Scan", "Parent Relationship": "Outer", "Parallel Aware": false, "Index Name": "supplier_pkey", "Startup Cost": 0.0, "Total Cost": 0.88, "Plan Rows": 1, "Plan Width": 0, "Index Cond": "(s_suppkey = lineitem.l_suppkey)"}]}]}]}}, {"Plan": {"Node Type": "Limit", "Parallel Aware": false, "Startup Cost": 3041030.81, "Total Cost": 3041135.5, "Plan Rows": 1, "Plan Width": 103, "Plans": [{"Node Type": "Aggregate", "Strategy": "Plain", "Partial Mode": "Simple", "Parent Relationship": "InitPlan", "Subplan Name": "InitPlan 1 (returns $1)", "Parallel Aware": false, "Startup Cost": 1545763.61, "Total Cost": 1545763.62, "Plan Rows": 1, "Plan Width": 32, "Plans": [{"Node Type": "Aggregate", "Strategy": "Sorted", "Partial Mode": "Finalize", "Parent Relationship": "Outer", "Parallel Aware": false, "Startup Cost": 1495266.3, "Total Cost": 1544516.94, "Plan Rows": 99734, "Plan Width": 36, "Group Key": ["lineitem_1.l_suppkey"], "Plans": [{"Node Type": "Gather Merge", "Parent Relationship": "Outer", "Parallel Aware": false, "Startup Cost": 1495266.3, "Total Cost": 1541026.25, "Plan Rows": 299202, "Plan Width": 36, "Workers Planned": 3, "Plans": [{"Node Type": "Aggregate", "Strategy": "Sorted", "Partial Mode": "Partial", "Parent Relationship": "Outer", "Parallel Aware": false, "Startup Cost": 1494266.26, "Total Cost": 1504869.97, "Plan Rows": 99734, "Plan Width": 36, "Group Key": ["lineitem_1.l_suppkey"], "Plans": [{"Node Type": "Sort", "Parent Relationship": "Outer", "Parallel Aware": false, "Startup Cost": 1494266.26, "Total Cost": 1496137.67, "Plan Rows": 748563, "Plan Width": 16, "Sort Key": ["lineitem_1.l_suppkey"], "Plans": [{"Node Type": "Bitmap Heap Scan", "Parent Relationship": "Outer", "Parallel Aware": true, "Relation Name": "lineitem", "Alias": "lineitem_1", "Startup Cost": 33628.95, "Total Cost": 1413735.05, "Plan Rows": 748563, "Plan Width": 16, "Recheck Cond": "((l_shipdate >= '1994-03-01'::date) AND (l_shipdate < '1994-06-01 00:00:00'::timestamp without time zone))", "Plans": [{"Node Type": "Bitmap Index Scan", "Parent Relationship": "Outer", "Parallel Aware": false, "Index Name": "idx_lineitem_shipdate", "Startup Cost": 0.0, "Total Cost": 33048.82, "Plan Rows": 2320545, "Plan Width": 0, "Index Cond": "((l_shipdate >= '1994-03-01'::date) AND (l_shipdate < '1994-06-01 00:00:00'::timestamp without time zone))"}]}]}]}]}]}]}, {"Node Type": "Nested Loop", "Parent Relationship": "Outer", "Parallel Aware": false, "Join Type": "Inner", "Startup Cost": 1495267.18, "Total Cost": 1547510.87, "Plan Rows": 499, "Plan Width": 103, "Inner Unique": true, "Plans": [{"Node Type": "Aggregate", "Strategy": "Sorted", "Partial Mode": "Finalize", "Parent Relationship": "Outer", "Parallel Aware": false, "Startup Cost": 1495266.3, "Total Cost": 1546511.62, "Plan Rows": 499, "Plan Width": 36, "Group Key": ["lineitem.l_suppkey"], "Filter": "(sum((lineitem.l_extendedprice * ('1'::numeric - lineitem.l_discount))) = $1)", "Plans": [{"Node Type": "Gather Merge", "Parent Relationship": "Outer", "Parallel Aware": false, "Startup Cost": 1495266.3, "Total Cost": 1541026.25, "Plan Rows": 299202, "Plan Width": 36, "Workers Planned": 3, "Plans": [{"Node Type": "Aggregate", "Strategy": "Sorted", "Partial Mode": "Partial", "Parent Relationship": "Outer", "Parallel Aware": false, "Startup Cost": 1494266.26, "Total Cost": 1504869.97, "Plan Rows": 99734, "Plan Width": 36, "Group Key": ["lineitem.l_suppkey"], "Plans": [{"Node Type": "Sort", "Parent Relationship": "Outer", "Parallel Aware": false, "Startup Cost": 1494266.26, "Total Cost": 1496137.67, "Plan Rows": 748563, "Plan Width": 16, "Sort Key": ["lineitem.l_suppkey"], "Plans": [{"Node Type": "Bitmap Heap Scan", "Parent Relationship": "Outer", "Parallel Aware": true, "Relation Name": "lineitem", "Alias": "lineitem", "Startup Cost": 33628.95, "Total Cost": 1413735.05, "Plan Rows": 748563, "Plan Width": 16, "Recheck Cond": "((l_shipdate >= '1994-03-01'::date) AND (l_shipdate < '1994-06-01 00:00:00'::timestamp without time zone))", "Plans": [{"Node Type": "Bitmap Index Scan", "Parent Relationship": "Outer", "Parallel Aware": false, "Index Name": "idx_lineitem_shipdate", "Startup Cost": 0.0, "Total Cost": 33048.82, "Plan Rows": 2320545, "Plan Width": 0, "Index Cond": "((l_shipdate >= '1994-03-01'::date) AND (l_shipdate < '1994-06-01 00:00:00'::timestamp without time zone))"}]}]}]}]}]}, {"Node Type": "Bitmap Heap Scan", "Parent Relationship": "Inner", "Parallel Aware": false, "Relation Name": "supplier", "Alias": "supplier", "Startup Cost": 0.88, "Total Cost": 1.99, "Plan Rows": 1, "Plan Width": 71, "Recheck Cond": "(s_suppkey = lineitem.l_suppkey)", "Plans": [{"Node Type": "Bitmap Index Scan", "Parent Relationship": "Outer", "Parallel Aware": false, "Index Name": "supplier_pkey", "Startup Cost": 0.0, "Total Cost": 0.88, "Plan Rows": 1, "Plan Width": 0, "Index Cond": "(s_suppkey = lineitem.l_suppkey)"}]}]}]}}, {"Plan": {"Node Type": "Limit", "Parallel Aware": false, "Startup Cost": 3052550.75, "Total Cost": 3052654.47, "Plan Rows": 1, "Plan Width": 103, "Plans": [{"Node Type": "Aggregate", "Strategy": "Plain", "Partial Mode": "Simple", "Parent Relationship": "InitPlan", "Subplan Name": "InitPlan 1 (returns $1)", "Parallel Aware": false, "Startup Cost": 1545763.61, "Total Cost": 1545763.62, "Plan Rows": 1, "Plan Width": 32, "Plans": [{"Node Type": "Aggregate", "Strategy": "Sorted", "Partial Mode": "Finalize", "Parent Relationship": "Outer", "Parallel Aware": false, "Startup Cost": 1495266.3, "Total Cost": 1544516.94, "Plan Rows": 99734, "Plan Width": 36, "Group Key": ["lineitem_1.l_suppkey"], "Plans": [{"Node Type": "Gather Merge", "Parent Relationship": "Outer", "Parallel Aware": false, "Startup Cost": 1495266.3, "Total Cost": 1541026.25, "Plan Rows": 299202, "Plan Width": 36, "Workers Planned": 3, "Plans": [{"Node Type": "Aggregate", "Strategy": "Sorted", "Partial Mode": "Partial", "Parent Relationship": "Outer", "Parallel Aware": false, "Startup Cost": 1494266.26, "Total Cost": 1504869.97, "Plan Rows": 99734, "Plan Width": 36, "Group Key": ["lineitem_1.l_suppkey"], "Plans": [{"Node Type": "Sort", "Parent Relationship": "Outer", "Parallel Aware": false, "Startup Cost": 1494266.26, "Total Cost": 1496137.67, "Plan Rows": 748563, "Plan Width": 16, "Sort Key": ["lineitem_1.l_suppkey"], "Plans": [{"Node Type": "Bitmap Heap Scan", "Parent Relationship": "Outer", "Parallel Aware": true, "Relation Name": "lineitem", "Alias": "lineitem_1", "Startup Cost": 33628.95, "Total Cost": 1413735.05, "Plan Rows": 748563, "Plan Width": 16, "Recheck Cond": "((l_shipdate >= '1994-03-01'::date) AND (l_shipdate < '1994-06-01 00:00:00'::timestamp without time zone))", "Plans": [{"Node Type": "Bitmap Index Scan", "Parent Relationship": "Outer", "Parallel Aware": false, "Index Name": "idx_lineitem_shipdate", "Startup Cost": 0.0, "Total Cost": 33048.82, "Plan Rows": 2320545, "Plan Width": 0, "Index Cond": "((l_shipdate >= '1994-03-01'::date) AND (l_shipdate < '1994-06-01 00:00:00'::timestamp without time zone))"}]}]}]}]}]}]}, {"Node Type": "Merge Join", "Parent Relationship": "Outer", "Parallel Aware": false, "Join Type": "Inner", "Startup Cost": 1506787.12, "Total Cost": 1558543.67, "Plan Rows": 499, "Plan Width": 103, "Inner Unique": true, "Merge Cond": "(supplier.s_suppkey = lineitem.l_suppkey)", "Plans": [{"Node Type": "Sort", "Parent Relationship": "Outer", "Parallel Aware": false, "Startup Cost": 11520.82, "Total Cost": 11770.82, "Plan Rows": 100000, "Plan Width": 71, "Sort Key": ["supplier.s_suppkey"], "Plans": [{"Node Type": "Seq Scan", "Parent Relationship": "Outer", "Parallel Aware": false, "Relation Name": "supplier", "Alias": "supplier", "Startup Cost": 0.0, "Total Cost": 3216.0, "Plan Rows": 100000, "Plan Width": 71}]}, {"Node Type": "Aggregate", "Strategy": "Sorted", "Partial Mode": "Finalize", "Parent Relationship": "Inner", "Parallel Aware": false, "Startup Cost": 1495266.3, "Total Cost": 1546511.62, "Plan Rows": 499, "Plan Width": 36, "Group Key": ["lineitem.l_suppkey"], "Filter": "(sum((lineitem.l_extendedprice * ('1'::numeric - lineitem.l_discount))) = $1)", "Plans": [{"Node Type": "Gather Merge", "Parent Relationship": "Outer", "Parallel Aware": false, "Startup Cost": 1495266.3, "Total Cost": 1541026.25, "Plan Rows": 299202, "Plan Width": 36, "Workers Planned": 3, "Plans": [{"Node Type": "Aggregate", "Strategy": "Sorted", "Partial Mode": "Partial", "Parent Relationship": "Outer", "Parallel Aware": false, "Startup Cost": 1494266.26, "Total Cost": 1504869.97, "Plan Rows": 99734, "Plan Width": 36, "Group Key": ["lineitem.l_suppkey"], "Plans": [{"Node Type": "Sort", "Parent Relationship": "Outer", "Parallel Aware": false, "Startup Cost": 1494266.26, "Total Cost": 1496137.67, "Plan Rows": 748563, "Plan Width": 16, "Sort Key": ["lineitem.l_suppkey"], "Plans": [{"Node Type": "Bitmap Heap Scan", "Parent Relationship": "Outer", "Parallel Aware": true, "Relation Name": "lineitem", "Alias": "lineitem", "Startup Cost": 33628.95, "Total Cost": 1413735.05, "Plan Rows": 748563, "Plan Width": 16, "Recheck Cond": "((l_shipdate >= '1994-03-01'::date) AND (l_shipdate < '1994-06-01 00:00:00'::timestamp without time zone))", "Plans": [{"Node Type": "Bitmap Index Scan", "Parent Relationship": "Outer", "Parallel Aware": false, "Index Name": "idx_lineitem_shipdate", "Startup Cost": 0.0, "Total Cost": 33048.82, "Plan Rows": 2320545, "Plan Width": 0, "Index Cond": "((l_shipdate >= '1994-03-01'::date) AND (l_shipdate < '1994-06-01 00:00:00'::timestamp without time zone))"}]}]}]}]}]}]}]}}, {"Plan": {"Node Type": "Limit", "Parallel Aware": false, "Startup Cost": 3041030.81, "Total Cost": 3041135.5, "Plan Rows": 1, "Plan Width": 103, "Plans": [{"Node Type": "Aggregate", "Strategy": "Plain", "Partial Mode": "Simple", "Parent Relationship": "InitPlan", "Subplan Name": "InitPlan 1 (returns $1)", "Parallel Aware": false, "Startup Cost": 1545763.61, "Total Cost": 1545763.62, "Plan Rows": 1, "Plan Width": 32, "Plans": [{"Node Type": "Aggregate", "Strategy": "Sorted", "Partial Mode": "Finalize", "Parent Relationship": "Outer", "Parallel Aware": false, "Startup Cost": 1495266.3, "Total Cost": 1544516.94, "Plan Rows": 99734, "Plan Width": 36, "Group Key": ["lineitem_1.l_suppkey"], "Plans": [{"Node Type": "Gather Merge", "Parent Relationship": "Outer", "Parallel Aware": false, "Startup Cost": 1495266.3, "Total Cost": 1541026.25, "Plan Rows": 299202, "Plan Width": 36, "Workers Planned": 3, "Plans": [{"Node Type": "Aggregate", "Strategy": "Sorted", "Partial Mode": "Partial", "Parent Relationship": "Outer", "Parallel Aware": false, "Startup Cost": 1494266.26, "Total Cost": 1504869.97, "Plan Rows": 99734, "Plan Width": 36, "Group Key": ["lineitem_1.l_suppkey"], "Plans": [{"Node Type": "Sort", "Parent Relationship": "Outer", "Parallel Aware": false, "Startup Cost": 1494266.26, "Total Cost": 1496137.67, "Plan Rows": 748563, "Plan Width": 16, "Sort Key": ["lineitem_1.l_suppkey"], "Plans": [{"Node Type": "Bitmap Heap Scan", "Parent Relationship": "Outer", "Parallel Aware": true, "Relation Name": "lineitem", "Alias": "lineitem_1", "Startup Cost": 33628.95, "Total Cost": 1413735.05, "Plan Rows": 748563, "Plan Width": 16, "Recheck Cond": "((l_shipdate >= '1994-03-01'::date) AND (l_shipdate < '1994-06-01 00:00:00'::timestamp without time zone))", "Plans": [{"Node Type": "Bitmap Index Scan", "Parent Relationship": "Outer", "Parallel Aware": false, "Index Name": "idx_lineitem_shipdate", "Startup Cost": 0.0, "Total Cost": 33048.82, "Plan Rows": 2320545, "Plan Width": 0, "Index Cond": "((l_shipdate >= '1994-03-01'::date) AND (l_shipdate < '1994-06-01 00:00:00'::timestamp without time zone))"}]}]}]}]}]}]}, {"Node Type": "Nested Loop", "Parent Relationship": "Outer", "Parallel Aware": false, "Join Type": "Inner", "Startup Cost": 1495267.18, "Total Cost": 1547510.87, "Plan Rows": 499, "Plan Width": 103, "Inner Unique": true, "Plans": [{"Node Type": "Aggregate", "Strategy": "Sorted", "Partial Mode": "Finalize", "Parent Relationship": "Outer", "Parallel Aware": false, "Startup Cost": 1495266.3, "Total Cost": 1546511.62, "Plan Rows": 499, "Plan Width": 36, "Group Key": ["lineitem.l_suppkey"], "Filter": "(sum((lineitem.l_extendedprice * ('1'::numeric - lineitem.l_discount))) = $1)", "Plans": [{"Node Type": "Gather Merge", "Parent Relationship": "Outer", "Parallel Aware": false, "Startup Cost": 1495266.3, "Total Cost": 1541026.25, "Plan Rows": 299202, "Plan Width": 36, "Workers Planned": 3, "Plans": [{"Node Type": "Aggregate", "Strategy": "Sorted", "Partial Mode": "Partial", "Parent Relationship": "Outer", "Parallel Aware": false, "Startup Cost": 1494266.26, "Total Cost": 1504869.97, "Plan Rows": 99734, "Plan Width": 36, "Group Key": ["lineitem.l_suppkey"], "Plans": [{"Node Type": "Sort", "Parent Relationship": "Outer", "Parallel Aware": false, "Startup Cost": 1494266.26, "Total Cost": 1496137.67, "Plan Rows": 748563, "Plan Width": 16, "Sort Key": ["lineitem.l_suppkey"], "Plans": [{"Node Type": "Bitmap Heap Scan", "Parent Relationship": "Outer", "Parallel Aware": true, "Relation Name": "lineitem", "Alias": "lineitem", "Startup Cost": 33628.95, "Total Cost": 1413735.05, "Plan Rows": 748563, "Plan Width": 16, "Recheck Cond": "((l_shipdate >= '1994-03-01'::date) AND (l_shipdate < '1994-06-01 00:00:00'::timestamp without time zone))", "Plans": [{"Node Type": "Bitmap Index Scan", "Parent Relationship": "Outer", "Parallel Aware": false, "Index Name": "idx_lineitem_shipdate", "Startup Cost": 0.0, "Total Cost": 33048.82, "Plan Rows": 2320545, "Plan Width": 0, "Index Cond": "((l_shipdate >= '1994-03-01'::date) AND (l_shipdate < '1994-06-01 00:00:00'::timestamp without time zone))"}]}]}]}]}]}, {"Node Type": "Bitmap Heap Scan", "Parent Relationship": "Inner", "Parallel Aware": false, "Relation Name": "supplier", "Alias": "supplier", "Startup Cost": 0.88, "Total Cost": 1.99, "Plan Rows": 1, "Plan Width": 71, "Recheck Cond": "(s_suppkey = lineitem.l_suppkey)", "Plans": [{"Node Type": "Bitmap Index Scan", "Parent Relationship": "Outer", "Parallel Aware": false, "Index Name": "supplier_pkey", "Startup Cost": 0.0, "Total Cost": 0.88, "Plan Rows": 1, "Plan Width": 0, "Index Cond": "(s_suppkey = lineitem.l_suppkey)"}]}]}]}}, {"Plan": {"Node Type": "Limit", "Parallel Aware": false, "Startup Cost": 3041030.81, "Total Cost": 3041135.5, "Plan Rows": 1, "Plan Width": 103, "Plans": [{"Node Type": "Aggregate", "Strategy": "Plain", "Partial Mode": "Simple", "Parent Relationship": "InitPlan", "Subplan Name": "InitPlan 1 (returns $1)", "Parallel Aware": false, "Startup Cost": 1545763.61, "Total Cost": 1545763.62, "Plan Rows": 1, "Plan Width": 32, "Plans": [{"Node Type": "Aggregate", "Strategy": "Sorted", "Partial Mode": "Finalize", "Parent Relationship": "Outer", "Parallel Aware": false, "Startup Cost": 1495266.3, "Total Cost": 1544516.94, "Plan Rows": 99734, "Plan Width": 36, "Group Key": ["lineitem_1.l_suppkey"], "Plans": [{"Node Type": "Gather Merge", "Parent Relationship": "Outer", "Parallel Aware": false, "Startup Cost": 1495266.3, "Total Cost": 1541026.25, "Plan Rows": 299202, "Plan Width": 36, "Workers Planned": 3, "Plans": [{"Node Type": "Aggregate", "Strategy": "Sorted", "Partial Mode": "Partial", "Parent Relationship": "Outer", "Parallel Aware": false, "Startup Cost": 1494266.26, "Total Cost": 1504869.97, "Plan Rows": 99734, "Plan Width": 36, "Group Key": ["lineitem_1.l_suppkey"], "Plans": [{"Node Type": "Sort", "Parent Relationship": "Outer", "Parallel Aware": false, "Startup Cost": 1494266.26, "Total Cost": 1496137.67, "Plan Rows": 748563, "Plan Width": 16, "Sort Key": ["lineitem_1.l_suppkey"], "Plans": [{"Node Type": "Bitmap Heap Scan", "Parent Relationship": "Outer", "Parallel Aware": true, "Relation Name": "lineitem", "Alias": "lineitem_1", "Startup Cost": 33628.95, "Total Cost": 1413735.05, "Plan Rows": 748563, "Plan Width": 16, "Recheck Cond": "((l_shipdate >= '1994-03-01'::date) AND (l_shipdate < '1994-06-01 00:00:00'::timestamp without time zone))", "Plans": [{"Node Type": "Bitmap Index Scan", "Parent Relationship": "Outer", "Parallel Aware": false, "Index Name": "idx_lineitem_shipdate", "Startup Cost": 0.0, "Total Cost": 33048.82, "Plan Rows": 2320545, "Plan Width": 0, "Index Cond": "((l_shipdate >= '1994-03-01'::date) AND (l_shipdate < '1994-06-01 00:00:00'::timestamp without time zone))"}]}]}]}]}]}]}, {"Node Type": "Nested Loop", "Parent Relationship": "Outer", "Parallel Aware": false, "Join Type": "Inner", "Startup Cost": 1495267.18, "Total Cost": 1547510.87, "Plan Rows": 499, "Plan Width": 103, "Inner Unique": true, "Plans": [{"Node Type": "Aggregate", "Strategy": "Sorted", "Partial Mode": "Finalize", "Parent Relationship": "Outer", "Parallel Aware": false, "Startup Cost": 1495266.3, "Total Cost": 1546511.62, "Plan Rows": 499, "Plan Width": 36, "Group Key": ["lineitem.l_suppkey"], "Filter": "(sum((lineitem.l_extendedprice * ('1'::numeric - lineitem.l_discount))) = $1)", "Plans": [{"Node Type": "Gather Merge", "Parent Relationship": "Outer", "Parallel Aware": false, "Startup Cost": 1495266.3, "Total Cost": 1541026.25, "Plan Rows": 299202, "Plan Width": 36, "Workers Planned": 3, "Plans": [{"Node Type": "Aggregate", "Strategy": "Sorted", "Partial Mode": "Partial", "Parent Relationship": "Outer", "Parallel Aware": false, "Startup Cost": 1494266.26, "Total Cost": 1504869.97, "Plan Rows": 99734, "Plan Width": 36, "Group Key": ["lineitem.l_suppkey"], "Plans": [{"Node Type": "Sort", "Parent Relationship": "Outer", "Parallel Aware": false, "Startup Cost": 1494266.26, "Total Cost": 1496137.67, "Plan Rows": 748563, "Plan Width": 16, "Sort Key": ["lineitem.l_suppkey"], "Plans": [{"Node Type": "Bitmap Heap Scan", "Parent Relationship": "Outer", "Parallel Aware": true, "Relation Name": "lineitem", "Alias": "lineitem", "Startup Cost": 33628.95, "Total Cost": 1413735.05, "Plan Rows": 748563, "Plan Width": 16, "Recheck Cond": "((l_shipdate >= '1994-03-01'::date) AND (l_shipdate < '1994-06-01 00:00:00'::timestamp without time zone))", "Plans": [{"Node Type": "Bitmap Index Scan", "Parent Relationship": "Outer", "Parallel Aware": false, "Index Name": "idx_lineitem_shipdate", "Startup Cost": 0.0, "Total Cost": 33048.82, "Plan Rows": 2320545, "Plan Width": 0, "Index Cond": "((l_shipdate >= '1994-03-01'::date) AND (l_shipdate < '1994-06-01 00:00:00'::timestamp without time zone))"}]}]}]}]}]}, {"Node Type": "Bitmap Heap Scan", "Parent Relationship": "Inner", "Parallel Aware": false, "Relation Name": "supplier", "Alias": "supplier", "Startup Cost": 0.88, "Total Cost": 1.99, "Plan Rows": 1, "Plan Width": 71, "Recheck Cond": "(s_suppkey = lineitem.l_suppkey)", "Plans": [{"Node Type": "Bitmap Index Scan", "Parent Relationship": "Outer", "Parallel Aware": false, "Index Name": "supplier_pkey", "Startup Cost": 0.0, "Total Cost": 0.88, "Plan Rows": 1, "Plan Width": 0, "Index Cond": "(s_suppkey = lineitem.l_suppkey)"}]}]}]}}, {"Plan": {"Node Type": "Limit", "Parallel Aware": false, "Startup Cost": 2768616.87, "Total Cost": 2768728.14, "Plan Rows": 1, "Plan Width": 103, "Plans": [{"Node Type": "Aggregate", "Strategy": "Plain", "Partial Mode": "Simple", "Parent Relationship": "InitPlan", "Subplan Name": "InitPlan 1 (returns $1)", "Parallel Aware": false, "Startup Cost": 1409556.94, "Total Cost": 1409556.95, "Plan Rows": 1, "Plan Width": 32, "Plans": [{"Node Type": "Aggregate", "Strategy": "Sorted", "Partial Mode": "Finalize", "Parent Relationship": "Outer", "Parallel Aware": false, "Startup Cost": 1359059.63, "Total Cost": 1408310.26, "Plan Rows": 99734, "Plan Width": 36, "Group Key": ["lineitem_1.l_suppkey"], "Plans": [{"Node Type": "Gather Merge", "Parent Relationship": "Outer", "Parallel Aware": false, "Startup Cost": 1359059.63, "Total Cost": 1404819.57, "Plan Rows": 299202, "Plan Width": 36, "Workers Planned": 3, "Plans": [{"Node Type": "Aggregate", "Strategy": "Sorted", "Partial Mode": "Partial", "Parent Relationship": "Outer", "Parallel Aware": false, "Startup Cost": 1358059.59, "Total Cost": 1368663.3, "Plan Rows": 99734, "Plan Width": 36, "Group Key": ["lineitem_1.l_suppkey"], "Plans": [{"Node Type": "Sort", "Parent Relationship": "Outer", "Parallel Aware": false, "Startup Cost": 1358059.59, "Total Cost": 1359930.99, "Plan Rows": 748563, "Plan Width": 16, "Sort Key": ["lineitem_1.l_suppkey"], "Plans": [{"Node Type": "Index Scan", "Parent Relationship": "Outer", "Parallel Aware": true, "Scan Direction": "Forward", "Index Name": "idx_lineitem_shipdate", "Relation Name": "lineitem", "Alias": "lineitem_1", "Startup Cost": 0.56, "Total Cost": 1277528.38, "Plan Rows": 748563, "Plan Width": 16, "Index Cond": "((l_shipdate >= '1994-03-01'::date) AND (l_shipdate < '1994-06-01 00:00:00'::timestamp without time zone))"}]}]}]}]}]}, {"Node Type": "Merge Join", "Parent Relationship": "Outer", "Parallel Aware": false, "Join Type": "Inner", "Startup Cost": 1359059.92, "Total Cost": 1414586.27, "Plan Rows": 499, "Plan Width": 103, "Inner Unique": true, "Merge Cond": "(supplier.s_suppkey = lineitem.l_suppkey)", "Plans": [{"Node Type": "Index Scan", "Parent Relationship": "Outer", "Parallel Aware": false, "Scan Direction": "Forward", "Index Name": "supplier_pkey", "Relation Name": "supplier", "Alias": "supplier", "Startup Cost": 0.29, "Total Cost": 4020.1, "Plan Rows": 100000, "Plan Width": 71}, {"Node Type": "Aggregate", "Strategy": "Sorted", "Partial Mode": "Finalize", "Parent Relationship": "Inner", "Parallel Aware": false, "Startup Cost": 1359059.63, "Total Cost": 1410304.94, "Plan Rows": 499, "Plan Width": 36, "Group Key": ["lineitem.l_suppkey"], "Filter": "(sum((lineitem.l_extendedprice * ('1'::numeric - lineitem.l_discount))) = $1)", "Plans": [{"Node Type": "Gather Merge", "Parent Relationship": "Outer", "Parallel Aware": false, "Startup Cost": 1359059.63, "Total Cost": 1404819.57, "Plan Rows": 299202, "Plan Width": 36, "Workers Planned": 3, "Plans": [{"Node Type": "Aggregate", "Strategy": "Sorted", "Partial Mode": "Partial", "Parent Relationship": "Outer", "Parallel Aware": false, "Startup Cost": 1358059.59, "Total Cost": 1368663.3, "Plan Rows": 99734, "Plan Width": 36, "Group Key": ["lineitem.l_suppkey"], "Plans": [{"Node Type": "Sort", "Parent Relationship": "Outer", "Parallel Aware": false, "Startup Cost": 1358059.59, "Total Cost": 1359930.99, "Plan Rows": 748563, "Plan Width": 16, "Sort Key": ["lineitem.l_suppkey"], "Plans": [{"Node Type": "Index Scan", "Parent Relationship": "Outer", "Parallel Aware": true, "Scan Direction": "Forward", "Index Name": "idx_lineitem_shipdate", "Relation Name": "lineitem", "Alias": "lineitem", "Startup Cost": 0.56, "Total Cost": 1277528.38, "Plan Rows": 748563, "Plan Width": 16, "Index Cond": "((l_shipdate >= '1994-03-01'::date) AND (l_shipdate < '1994-06-01 00:00:00'::timestamp without time zone))"}]}]}]}]}]}]}}, {"Plan": {"Node Type": "Limit", "Parallel Aware": false, "Startup Cost": 2768616.87, "Total Cost": 2768721.45, "Plan Rows": 1, "Plan Width": 103, "Plans": [{"Node Type": "Aggregate", "Strategy": "Plain", "Partial Mode": "Simple", "Parent Relationship": "InitPlan", "Subplan Name": "InitPlan 1 (returns $1)", "Parallel Aware": false, "Startup Cost": 1409556.94, "Total Cost": 1409556.95, "Plan Rows": 1, "Plan Width": 32, "Plans": [{"Node Type": "Aggregate", "Strategy": "Sorted", "Partial Mode": "Finalize", "Parent Relationship": "Outer", "Parallel Aware": false, "Startup Cost": 1359059.63, "Total Cost": 1408310.26, "Plan Rows": 99734, "Plan Width": 36, "Group Key": ["lineitem_1.l_suppkey"], "Plans": [{"Node Type": "Gather Merge", "Parent Relationship": "Outer", "Parallel Aware": false, "Startup Cost": 1359059.63, "Total Cost": 1404819.57, "Plan Rows": 299202, "Plan Width": 36, "Workers Planned": 3, "Plans": [{"Node Type": "Aggregate", "Strategy": "Sorted", "Partial Mode": "Partial", "Parent Relationship": "Outer", "Parallel Aware": false, "Startup Cost": 1358059.59, "Total Cost": 1368663.3, "Plan Rows": 99734, "Plan Width": 36, "Group Key": ["lineitem_1.l_suppkey"], "Plans": [{"Node Type": "Sort", "Parent Relationship": "Outer", "Parallel Aware": false, "Startup Cost": 1358059.59, "Total Cost": 1359930.99, "Plan Rows": 748563, "Plan Width": 16, "Sort Key": ["lineitem_1.l_suppkey"], "Plans": [{"Node Type": "Index Scan", "Parent Relationship": "Outer", "Parallel Aware": true, "Scan Direction": "Forward", "Index Name": "idx_lineitem_shipdate", "Relation Name": "lineitem", "Alias": "lineitem_1", "Startup Cost": 0.56, "Total Cost": 1277528.38, "Plan Rows": 748563, "Plan Width": 16, "Index Cond": "((l_shipdate >= '1994-03-01'::date) AND (l_shipdate < '1994-06-01 00:00:00'::timestamp without time zone))"}]}]}]}]}]}, {"Node Type": "Nested Loop", "Parent Relationship": "Outer", "Parallel Aware": false, "Join Type": "Inner", "Startup Cost": 1359059.92, "Total Cost": 1411247.82, "Plan Rows": 499, "Plan Width": 103, "Inner Unique": true, "Plans": [{"Node Type": "Aggregate", "Strategy": "Sorted", "Partial Mode": "Finalize", "Parent Relationship": "Outer", "Parallel Aware": false, "Startup Cost": 1359059.63, "Total Cost": 1410304.94, "Plan Rows": 499, "Plan Width": 36, "Group Key": ["lineitem.l_suppkey"], "Filter": "(sum((lineitem.l_extendedprice * ('1'::numeric - lineitem.l_discount))) = $1)", "Plans": [{"Node Type": "Gather Merge", "Parent Relationship": "Outer", "Parallel Aware": false, "Startup Cost": 1359059.63, "Total Cost": 1404819.57, "Plan Rows": 299202, "Plan Width": 36, "Workers Planned": 3, "Plans": [{"Node Type": "Aggregate", "Strategy": "Sorted", "Partial Mode": "Partial", "Parent Relationship": "Outer", "Parallel Aware": false, "Startup Cost": 1358059.59, "Total Cost": 1368663.3, "Plan Rows": 99734, "Plan Width": 36, "Group Key": ["lineitem.l_suppkey"], "Plans": [{"Node Type": "Sort", "Parent Relationship": "Outer", "Parallel Aware": false, "Startup Cost": 1358059.59, "Total Cost": 1359930.99, "Plan Rows": 748563, "Plan Width": 16, "Sort Key": ["lineitem.l_suppkey"], "Plans": [{"Node Type": "Index Scan", "Parent Relationship": "Outer", "Parallel Aware": true, "Scan Direction": "Forward", "Index Name": "idx_lineitem_shipdate", "Relation Name": "lineitem", "Alias": "lineitem", "Startup Cost": 0.56, "Total Cost": 1277528.38, "Plan Rows": 748563, "Plan Width": 16, "Index Cond": "((l_shipdate >= '1994-03-01'::date) AND (l_shipdate < '1994-06-01 00:00:00'::timestamp without time zone))"}]}]}]}]}, {"Node Type": "Index Scan", "Parent Relationship": "Inner", "Parallel Aware": false, "Scan Direction": "Forward", "Index Name": "supplier_pkey", "Relation Name": "supplier", "Alias": "supplier", "Startup Cost": 0.29, "Total Cost": 1.88, "Plan Rows": 1, "Plan Width": 71, "Index Cond": "(s_suppkey = lineitem.l_suppkey)"}]}]}}, {"Plan": {"Node Type": "Limit", "Parallel Aware": false, "Startup Cost": 2768616.87, "Total Cost": 2768721.45, "Plan Rows": 1, "Plan Width": 103, "Plans": [{"Node Type": "Aggregate", "Strategy": "Plain", "Partial Mode": "Simple", "Parent Relationship": "InitPlan", "Subplan Name": "InitPlan 1 (returns $1)", "Parallel Aware": false, "Startup Cost": 1409556.94, "Total Cost": 1409556.95, "Plan Rows": 1, "Plan Width": 32, "Plans": [{"Node Type": "Aggregate", "Strategy": "Sorted", "Partial Mode": "Finalize", "Parent Relationship": "Outer", "Parallel Aware": false, "Startup Cost": 1359059.63, "Total Cost": 1408310.26, "Plan Rows": 99734, "Plan Width": 36, "Group Key": ["lineitem_1.l_suppkey"], "Plans": [{"Node Type": "Gather Merge", "Parent Relationship": "Outer", "Parallel Aware": false, "Startup Cost": 1359059.63, "Total Cost": 1404819.57, "Plan Rows": 299202, "Plan Width": 36, "Workers Planned": 3, "Plans": [{"Node Type": "Aggregate", "Strategy": "Sorted", "Partial Mode": "Partial", "Parent Relationship": "Outer", "Parallel Aware": false, "Startup Cost": 1358059.59, "Total Cost": 1368663.3, "Plan Rows": 99734, "Plan Width": 36, "Group Key": ["lineitem_1.l_suppkey"], "Plans": [{"Node Type": "Sort", "Parent Relationship": "Outer", "Parallel Aware": false, "Startup Cost": 1358059.59, "Total Cost": 1359930.99, "Plan Rows": 748563, "Plan Width": 16, "Sort Key": ["lineitem_1.l_suppkey"], "Plans": [{"Node Type": "Index Scan", "Parent Relationship": "Outer", "Parallel Aware": true, "Scan Direction": "Forward", "Index Name": "idx_lineitem_shipdate", "Relation Name": "lineitem", "Alias": "lineitem_1", "Startup Cost": 0.56, "Total Cost": 1277528.38, "Plan Rows": 748563, "Plan Width": 16, "Index Cond": "((l_shipdate >= '1994-03-01'::date) AND (l_shipdate < '1994-06-01 00:00:00'::timestamp without time zone))"}]}]}]}]}]}, {"Node Type": "Nested Loop", "Parent Relationship": "Outer", "Parallel Aware": false, "Join Type": "Inner", "Startup Cost": 1359059.92, "Total Cost": 1411247.82, "Plan Rows": 499, "Plan Width": 103, "Inner Unique": true, "Plans": [{"Node Type": "Aggregate", "Strategy": "Sorted", "Partial Mode": "Finalize", "Parent Relationship": "Outer", "Parallel Aware": false, "Startup Cost": 1359059.63, "Total Cost": 1410304.94, "Plan Rows": 499, "Plan Width": 36, "Group Key": ["lineitem.l_suppkey"], "Filter": "(sum((lineitem.l_extendedprice * ('1'::numeric - lineitem.l_discount))) = $1)", "Plans": [{"Node Type": "Gather Merge", "Parent Relationship": "Outer", "Parallel Aware": false, "Startup Cost": 1359059.63, "Total Cost": 1404819.57, "Plan Rows": 299202, "Plan Width": 36, "Workers Planned": 3, "Plans": [{"Node Type": "Aggregate", "Strategy": "Sorted", "Partial Mode": "Partial", "Parent Relationship": "Outer", "Parallel Aware": false, "Startup Cost": 1358059.59, "Total Cost": 1368663.3, "Plan Rows": 99734, "Plan Width": 36, "Group Key": ["lineitem.l_suppkey"], "Plans": [{"Node Type": "Sort", "Parent Relationship": "Outer", "Parallel Aware": false, "Startup Cost": 1358059.59, "Total Cost": 1359930.99, "Plan Rows": 748563, "Plan Width": 16, "Sort Key": ["lineitem.l_suppkey"], "Plans": [{"Node Type": "Index Scan", "Parent Relationship": "Outer", "Parallel Aware": true, "Scan Direction": "Forward", "Index Name": "idx_lineitem_shipdate", "Relation Name": "lineitem", "Alias": "lineitem", "Startup Cost": 0.56, "Total Cost": 1277528.38, "Plan Rows": 748563, "Plan Width": 16, "Index Cond": "((l_shipdate >= '1994-03-01'::date) AND (l_shipdate < '1994-06-01 00:00:00'::timestamp without time zone))"}]}]}]}]}, {"Node Type": "Index Scan", "Parent Relationship": "Inner", "Parallel Aware": false, "Scan Direction": "Forward", "Index Name": "supplier_pkey", "Relation Name": "supplier", "Alias": "supplier", "Startup Cost": 0.29, "Total Cost": 1.88, "Plan Rows": 1, "Plan Width": 71, "Index Cond": "(s_suppkey = lineitem.l_suppkey)"}]}]}}, {"Plan": {"Node Type": "Limit", "Parallel Aware": false, "Startup Cost": 2768616.87, "Total Cost": 2768728.14, "Plan Rows": 1, "Plan Width": 103, "Plans": [{"Node Type": "Aggregate", "Strategy": "Plain", "Partial Mode": "Simple", "Parent Relationship": "InitPlan", "Subplan Name": "InitPlan 1 (returns $1)", "Parallel Aware": false, "Startup Cost": 1409556.94, "Total Cost": 1409556.95, "Plan Rows": 1, "Plan Width": 32, "Plans": [{"Node Type": "Aggregate", "Strategy": "Sorted", "Partial Mode": "Finalize", "Parent Relationship": "Outer", "Parallel Aware": false, "Startup Cost": 1359059.63, "Total Cost": 1408310.26, "Plan Rows": 99734, "Plan Width": 36, "Group Key": ["lineitem_1.l_suppkey"], "Plans": [{"Node Type": "Gather Merge", "Parent Relationship": "Outer", "Parallel Aware": false, "Startup Cost": 1359059.63, "Total Cost": 1404819.57, "Plan Rows": 299202, "Plan Width": 36, "Workers Planned": 3, "Plans": [{"Node Type": "Aggregate", "Strategy": "Sorted", "Partial Mode": "Partial", "Parent Relationship": "Outer", "Parallel Aware": false, "Startup Cost": 1358059.59, "Total Cost": 1368663.3, "Plan Rows": 99734, "Plan Width": 36, "Group Key": ["lineitem_1.l_suppkey"], "Plans": [{"Node Type": "Sort", "Parent Relationship": "Outer", "Parallel Aware": false, "Startup Cost": 1358059.59, "Total Cost": 1359930.99, "Plan Rows": 748563, "Plan Width": 16, "Sort Key": ["lineitem_1.l_suppkey"], "Plans": [{"Node Type": "Index Scan", "Parent Relationship": "Outer", "Parallel Aware": true, "Scan Direction": "Forward", "Index Name": "idx_lineitem_shipdate", "Relation Name": "lineitem", "Alias": "lineitem_1", "Startup Cost": 0.56, "Total Cost": 1277528.38, "Plan Rows": 748563, "Plan Width": 16, "Index Cond": "((l_shipdate >= '1994-03-01'::date) AND (l_shipdate < '1994-06-01 00:00:00'::timestamp without time zone))"}]}]}]}]}]}, {"Node Type": "Merge Join", "Parent Relationship": "Outer", "Parallel Aware": false, "Join Type": "Inner", "Startup Cost": 1359059.92, "Total Cost": 1414586.27, "Plan Rows": 499, "Plan Width": 103, "Inner Unique": true, "Merge Cond": "(supplier.s_suppkey = lineitem.l_suppkey)", "Plans": [{"Node Type": "Index Scan", "Parent Relationship": "Outer", "Parallel Aware": false, "Scan Direction": "Forward", "Index Name": "supplier_pkey", "Relation Name": "supplier", "Alias": "supplier", "Startup Cost": 0.29, "Total Cost": 4020.1, "Plan Rows": 100000, "Plan Width": 71}, {"Node Type": "Aggregate", "Strategy": "Sorted", "Partial Mode": "Finalize", "Parent Relationship": "Inner", "Parallel Aware": false, "Startup Cost": 1359059.63, "Total Cost": 1410304.94, "Plan Rows": 499, "Plan Width": 36, "Group Key": ["lineitem.l_suppkey"], "Filter": "(sum((lineitem.l_extendedprice * ('1'::numeric - lineitem.l_discount))) = $1)", "Plans": [{"Node Type": "Gather Merge", "Parent Relationship": "Outer", "Parallel Aware": false, "Startup Cost": 1359059.63, "Total Cost": 1404819.57, "Plan Rows": 299202, "Plan Width": 36, "Workers Planned": 3, "Plans": [{"Node Type": "Aggregate", "Strategy": "Sorted", "Partial Mode": "Partial", "Parent Relationship": "Outer", "Parallel Aware": false, "Startup Cost": 1358059.59, "Total Cost": 1368663.3, "Plan Rows": 99734, "Plan Width": 36, "Group Key": ["lineitem.l_suppkey"], "Plans": [{"Node Type": "Sort", "Parent Relationship": "Outer", "Parallel Aware": false, "Startup Cost": 1358059.59, "Total Cost": 1359930.99, "Plan Rows": 748563, "Plan Width": 16, "Sort Key": ["lineitem.l_suppkey"], "Plans": [{"Node Type": "Index Scan", "Parent Relationship": "Outer", "Parallel Aware": true, "Scan Direction": "Forward", "Index Name": "idx_lineitem_shipdate", "Relation Name": "lineitem", "Alias": "lineitem", "Startup Cost": 0.56, "Total Cost": 1277528.38, "Plan Rows": 748563, "Plan Width": 16, "Index Cond": "((l_shipdate >= '1994-03-01'::date) AND (l_shipdate < '1994-06-01 00:00:00'::timestamp without time zone))"}]}]}]}]}]}]}}, {"Plan": {"Node Type": "Limit", "Parallel Aware": false, "Startup Cost": 2768616.87, "Total Cost": 2768721.45, "Plan Rows": 1, "Plan Width": 103, "Plans": [{"Node Type": "Aggregate", "Strategy": "Plain", "Partial Mode": "Simple", "Parent Relationship": "InitPlan", "Subplan Name": "InitPlan 1 (returns $1)", "Parallel Aware": false, "Startup Cost": 1409556.94, "Total Cost": 1409556.95, "Plan Rows": 1, "Plan Width": 32, "Plans": [{"Node Type": "Aggregate", "Strategy": "Sorted", "Partial Mode": "Finalize", "Parent Relationship": "Outer", "Parallel Aware": false, "Startup Cost": 1359059.63, "Total Cost": 1408310.26, "Plan Rows": 99734, "Plan Width": 36, "Group Key": ["lineitem_1.l_suppkey"], "Plans": [{"Node Type": "Gather Merge", "Parent Relationship": "Outer", "Parallel Aware": false, "Startup Cost": 1359059.63, "Total Cost": 1404819.57, "Plan Rows": 299202, "Plan Width": 36, "Workers Planned": 3, "Plans": [{"Node Type": "Aggregate", "Strategy": "Sorted", "Partial Mode": "Partial", "Parent Relationship": "Outer", "Parallel Aware": false, "Startup Cost": 1358059.59, "Total Cost": 1368663.3, "Plan Rows": 99734, "Plan Width": 36, "Group Key": ["lineitem_1.l_suppkey"], "Plans": [{"Node Type": "Sort", "Parent Relationship": "Outer", "Parallel Aware": false, "Startup Cost": 1358059.59, "Total Cost": 1359930.99, "Plan Rows": 748563, "Plan Width": 16, "Sort Key": ["lineitem_1.l_suppkey"], "Plans": [{"Node Type": "Index Scan", "Parent Relationship": "Outer", "Parallel Aware": true, "Scan Direction": "Forward", "Index Name": "idx_lineitem_shipdate", "Relation Name": "lineitem", "Alias": "lineitem_1", "Startup Cost": 0.56, "Total Cost": 1277528.38, "Plan Rows": 748563, "Plan Width": 16, "Index Cond": "((l_shipdate >= '1994-03-01'::date) AND (l_shipdate < '1994-06-01 00:00:00'::timestamp without time zone))"}]}]}]}]}]}, {"Node Type": "Nested Loop", "Parent Relationship": "Outer", "Parallel Aware": false, "Join Type": "Inner", "Startup Cost": 1359059.92, "Total Cost": 1411247.82, "Plan Rows": 499, "Plan Width": 103, "Inner Unique": true, "Plans": [{"Node Type": "Aggregate", "Strategy": "Sorted", "Partial Mode": "Finalize", "Parent Relationship": "Outer", "Parallel Aware": false, "Startup Cost": 1359059.63, "Total Cost": 1410304.94, "Plan Rows": 499, "Plan Width": 36, "Group Key": ["lineitem.l_suppkey"], "Filter": "(sum((lineitem.l_extendedprice * ('1'::numeric - lineitem.l_discount))) = $1)", "Plans": [{"Node Type": "Gather Merge", "Parent Relationship": "Outer", "Parallel Aware": false, "Startup Cost": 1359059.63, "Total Cost": 1404819.57, "Plan Rows": 299202, "Plan Width": 36, "Workers Planned": 3, "Plans": [{"Node Type": "Aggregate", "Strategy": "Sorted", "Partial Mode": "Partial", "Parent Relationship": "Outer", "Parallel Aware": false, "Startup Cost": 1358059.59, "Total Cost": 1368663.3, "Plan Rows": 99734, "Plan Width": 36, "Group Key": ["lineitem.l_suppkey"], "Plans": [{"Node Type": "Sort", "Parent Relationship": "Outer", "Parallel Aware": false, "Startup Cost": 1358059.59, "Total Cost": 1359930.99, "Plan Rows": 748563, "Plan Width": 16, "Sort Key": ["lineitem.l_suppkey"], "Plans": [{"Node Type": "Index Scan", "Parent Relationship": "Outer", "Parallel Aware": true, "Scan Direction": "Forward", "Index Name": "idx_lineitem_shipdate", "Relation Name": "lineitem", "Alias": "lineitem", "Startup Cost": 0.56, "Total Cost": 1277528.38, "Plan Rows": 748563, "Plan Width": 16, "Index Cond": "((l_shipdate >= '1994-03-01'::date) AND (l_shipdate < '1994-06-01 00:00:00'::timestamp without time zone))"}]}]}]}]}, {"Node Type": "Index Scan", "Parent Relationship": "Inner", "Parallel Aware": false, "Scan Direction": "Forward", "Index Name": "supplier_pkey", "Relation Name": "supplier", "Alias": "supplier", "Startup Cost": 0.29, "Total Cost": 1.88, "Plan Rows": 1, "Plan Width": 71, "Index Cond": "(s_suppkey = lineitem.l_suppkey)"}]}]}}, {"Plan": {"Node Type": "Limit", "Parallel Aware": false, "Startup Cost": 2768616.87, "Total Cost": 2768721.45, "Plan Rows": 1, "Plan Width": 103, "Plans": [{"Node Type": "Aggregate", "Strategy": "Plain", "Partial Mode": "Simple", "Parent Relationship": "InitPlan", "Subplan Name": "InitPlan 1 (returns $1)", "Parallel Aware": false, "Startup Cost": 1409556.94, "Total Cost": 1409556.95, "Plan Rows": 1, "Plan Width": 32, "Plans": [{"Node Type": "Aggregate", "Strategy": "Sorted", "Partial Mode": "Finalize", "Parent Relationship": "Outer", "Parallel Aware": false, "Startup Cost": 1359059.63, "Total Cost": 1408310.26, "Plan Rows": 99734, "Plan Width": 36, "Group Key": ["lineitem_1.l_suppkey"], "Plans": [{"Node Type": "Gather Merge", "Parent Relationship": "Outer", "Parallel Aware": false, "Startup Cost": 1359059.63, "Total Cost": 1404819.57, "Plan Rows": 299202, "Plan Width": 36, "Workers Planned": 3, "Plans": [{"Node Type": "Aggregate", "Strategy": "Sorted", "Partial Mode": "Partial", "Parent Relationship": "Outer", "Parallel Aware": false, "Startup Cost": 1358059.59, "Total Cost": 1368663.3, "Plan Rows": 99734, "Plan Width": 36, "Group Key": ["lineitem_1.l_suppkey"], "Plans": [{"Node Type": "Sort", "Parent Relationship": "Outer", "Parallel Aware": false, "Startup Cost": 1358059.59, "Total Cost": 1359930.99, "Plan Rows": 748563, "Plan Width": 16, "Sort Key": ["lineitem_1.l_suppkey"], "Plans": [{"Node Type": "Index Scan", "Parent Relationship": "Outer", "Parallel Aware": true, "Scan Direction": "Forward", "Index Name": "idx_lineitem_shipdate", "Relation Name": "lineitem", "Alias": "lineitem_1", "Startup Cost": 0.56, "Total Cost": 1277528.38, "Plan Rows": 748563, "Plan Width": 16, "Index Cond": "((l_shipdate >= '1994-03-01'::date) AND (l_shipdate < '1994-06-01 00:00:00'::timestamp without time zone))"}]}]}]}]}]}, {"Node Type": "Nested Loop", "Parent Relationship": "Outer", "Parallel Aware": false, "Join Type": "Inner", "Startup Cost": 1359059.92, "Total Cost": 1411247.82, "Plan Rows": 499, "Plan Width": 103, "Inner Unique": true, "Plans": [{"Node Type": "Aggregate", "Strategy": "Sorted", "Partial Mode": "Finalize", "Parent Relationship": "Outer", "Parallel Aware": false, "Startup Cost": 1359059.63, "Total Cost": 1410304.94, "Plan Rows": 499, "Plan Width": 36, "Group Key": ["lineitem.l_suppkey"], "Filter": "(sum((lineitem.l_extendedprice * ('1'::numeric - lineitem.l_discount))) = $1)", "Plans": [{"Node Type": "Gather Merge", "Parent Relationship": "Outer", "Parallel Aware": false, "Startup Cost": 1359059.63, "Total Cost": 1404819.57, "Plan Rows": 299202, "Plan Width": 36, "Workers Planned": 3, "Plans": [{"Node Type": "Aggregate", "Strategy": "Sorted", "Partial Mode": "Partial", "Parent Relationship": "Outer", "Parallel Aware": false, "Startup Cost": 1358059.59, "Total Cost": 1368663.3, "Plan Rows": 99734, "Plan Width": 36, "Group Key": ["lineitem.l_suppkey"], "Plans": [{"Node Type": "Sort", "Parent Relationship": "Outer", "Parallel Aware": false, "Startup Cost": 1358059.59, "Total Cost": 1359930.99, "Plan Rows": 748563, "Plan Width": 16, "Sort Key": ["lineitem.l_suppkey"], "Plans": [{"Node Type": "Index Scan", "Parent Relationship": "Outer", "Parallel Aware": true, "Scan Direction": "Forward", "Index Name": "idx_lineitem_shipdate", "Relation Name": "lineitem", "Alias": "lineitem", "Startup Cost": 0.56, "Total Cost": 1277528.38, "Plan Rows": 748563, "Plan Width": 16, "Index Cond": "((l_shipdate >= '1994-03-01'::date) AND (l_shipdate < '1994-06-01 00:00:00'::timestamp without time zone))"}]}]}]}]}, {"Node Type": "Index Scan", "Parent Relationship": "Inner", "Parallel Aware": false, "Scan Direction": "Forward", "Index Name": "supplier_pkey", "Relation Name": "supplier", "Alias": "supplier", "Startup Cost": 0.29, "Total Cost": 1.88, "Plan Rows": 1, "Plan Width": 71, "Index Cond": "(s_suppkey = lineitem.l_suppkey)"}]}]}}, {"Plan": {"Node Type": "Limit", "Parallel Aware": false, "Startup Cost": 3041030.81, "Total Cost": 3041135.5, "Plan Rows": 1, "Plan Width": 103, "Plans": [{"Node Type": "Aggregate", "Strategy": "Plain", "Partial Mode": "Simple", "Parent Relationship": "InitPlan", "Subplan Name": "InitPlan 1 (returns $1)", "Parallel Aware": false, "Startup Cost": 1545763.61, "Total Cost": 1545763.62, "Plan Rows": 1, "Plan Width": 32, "Plans": [{"Node Type": "Aggregate", "Strategy": "Sorted", "Partial Mode": "Finalize", "Parent Relationship": "Outer", "Parallel Aware": false, "Startup Cost": 1495266.3, "Total Cost": 1544516.94, "Plan Rows": 99734, "Plan Width": 36, "Group Key": ["lineitem_1.l_suppkey"], "Plans": [{"Node Type": "Gather Merge", "Parent Relationship": "Outer", "Parallel Aware": false, "Startup Cost": 1495266.3, "Total Cost": 1541026.25, "Plan Rows": 299202, "Plan Width": 36, "Workers Planned": 3, "Plans": [{"Node Type": "Aggregate", "Strategy": "Sorted", "Partial Mode": "Partial", "Parent Relationship": "Outer", "Parallel Aware": false, "Startup Cost": 1494266.26, "Total Cost": 1504869.97, "Plan Rows": 99734, "Plan Width": 36, "Group Key": ["lineitem_1.l_suppkey"], "Plans": [{"Node Type": "Sort", "Parent Relationship": "Outer", "Parallel Aware": false, "Startup Cost": 1494266.26, "Total Cost": 1496137.67, "Plan Rows": 748563, "Plan Width": 16, "Sort Key": ["lineitem_1.l_suppkey"], "Plans": [{"Node Type": "Bitmap Heap Scan", "Parent Relationship": "Outer", "Parallel Aware": true, "Relation Name": "lineitem", "Alias": "lineitem_1", "Startup Cost": 33628.95, "Total Cost": 1413735.05, "Plan Rows": 748563, "Plan Width": 16, "Recheck Cond": "((l_shipdate >= '1994-03-01'::date) AND (l_shipdate < '1994-06-01 00:00:00'::timestamp without time zone))", "Plans": [{"Node Type": "Bitmap Index Scan", "Parent Relationship": "Outer", "Parallel Aware": false, "Index Name": "idx_lineitem_shipdate", "Startup Cost": 0.0, "Total Cost": 33048.82, "Plan Rows": 2320545, "Plan Width": 0, "Index Cond": "((l_shipdate >= '1994-03-01'::date) AND (l_shipdate < '1994-06-01 00:00:00'::timestamp without time zone))"}]}]}]}]}]}]}, {"Node Type": "Nested Loop", "Parent Relationship": "Outer", "Parallel Aware": false, "Join Type": "Inner", "Startup Cost": 1495267.18, "Total Cost": 1547510.87, "Plan Rows": 499, "Plan Width": 103, "Inner Unique": true, "Plans": [{"Node Type": "Aggregate", "Strategy": "Sorted", "Partial Mode": "Finalize", "Parent Relationship": "Outer", "Parallel Aware": false, "Startup Cost": 1495266.3, "Total Cost": 1546511.62, "Plan Rows": 499, "Plan Width": 36, "Group Key": ["lineitem.l_suppkey"], "Filter": "(sum((lineitem.l_extendedprice * ('1'::numeric - lineitem.l_discount))) = $1)", "Plans": [{"Node Type": "Gather Merge", "Parent Relationship": "Outer", "Parallel Aware": false, "Startup Cost": 1495266.3, "Total Cost": 1541026.25, "Plan Rows": 299202, "Plan Width": 36, "Workers Planned": 3, "Plans": [{"Node Type": "Aggregate", "Strategy": "Sorted", "Partial Mode": "Partial", "Parent Relationship": "Outer", "Parallel Aware": false, "Startup Cost": 1494266.26, "Total Cost": 1504869.97, "Plan Rows": 99734, "Plan Width": 36, "Group Key": ["lineitem.l_suppkey"], "Plans": [{"Node Type": "Sort", "Parent Relationship": "Outer", "Parallel Aware": false, "Startup Cost": 1494266.26, "Total Cost": 1496137.67, "Plan Rows": 748563, "Plan Width": 16, "Sort Key": ["lineitem.l_suppkey"], "Plans": [{"Node Type": "Bitmap Heap Scan", "Parent Relationship": "Outer", "Parallel Aware": true, "Relation Name": "lineitem", "Alias": "lineitem", "Startup Cost": 33628.95, "Total Cost": 1413735.05, "Plan Rows": 748563, "Plan Width": 16, "Recheck Cond": "((l_shipdate >= '1994-03-01'::date) AND (l_shipdate < '1994-06-01 00:00:00'::timestamp without time zone))", "Plans": [{"Node Type": "Bitmap Index Scan", "Parent Relationship": "Outer", "Parallel Aware": false, "Index Name": "idx_lineitem_shipdate", "Startup Cost": 0.0, "Total Cost": 33048.82, "Plan Rows": 2320545, "Plan Width": 0, "Index Cond": "((l_shipdate >= '1994-03-01'::date) AND (l_shipdate < '1994-06-01 00:00:00'::timestamp without time zone))"}]}]}]}]}]}, {"Node Type": "Bitmap Heap Scan", "Parent Relationship": "Inner", "Parallel Aware": false, "Relation Name": "supplier", "Alias": "supplier", "Startup Cost": 0.88, "Total Cost": 1.99, "Plan Rows": 1, "Plan Width": 71, "Recheck Cond": "(s_suppkey = lineitem.l_suppkey)", "Plans": [{"Node Type": "Bitmap Index Scan", "Parent Relationship": "Outer", "Parallel Aware": false, "Index Name": "supplier_pkey", "Startup Cost": 0.0, "Total Cost": 0.88, "Plan Rows": 1, "Plan Width": 0, "Index Cond": "(s_suppkey = lineitem.l_suppkey)"}]}]}]}}, {"Plan": {"Node Type": "Limit", "Parallel Aware": false, "Startup Cost": 3052550.75, "Total Cost": 3052654.47, "Plan Rows": 1, "Plan Width": 103, "Plans": [{"Node Type": "Aggregate", "Strategy": "Plain", "Partial Mode": "Simple", "Parent Relationship": "InitPlan", "Subplan Name": "InitPlan 1 (returns $1)", "Parallel Aware": false, "Startup Cost": 1545763.61, "Total Cost": 1545763.62, "Plan Rows": 1, "Plan Width": 32, "Plans": [{"Node Type": "Aggregate", "Strategy": "Sorted", "Partial Mode": "Finalize", "Parent Relationship": "Outer", "Parallel Aware": false, "Startup Cost": 1495266.3, "Total Cost": 1544516.94, "Plan Rows": 99734, "Plan Width": 36, "Group Key": ["lineitem_1.l_suppkey"], "Plans": [{"Node Type": "Gather Merge", "Parent Relationship": "Outer", "Parallel Aware": false, "Startup Cost": 1495266.3, "Total Cost": 1541026.25, "Plan Rows": 299202, "Plan Width": 36, "Workers Planned": 3, "Plans": [{"Node Type": "Aggregate", "Strategy": "Sorted", "Partial Mode": "Partial", "Parent Relationship": "Outer", "Parallel Aware": false, "Startup Cost": 1494266.26, "Total Cost": 1504869.97, "Plan Rows": 99734, "Plan Width": 36, "Group Key": ["lineitem_1.l_suppkey"], "Plans": [{"Node Type": "Sort", "Parent Relationship": "Outer", "Parallel Aware": false, "Startup Cost": 1494266.26, "Total Cost": 1496137.67, "Plan Rows": 748563, "Plan Width": 16, "Sort Key": ["lineitem_1.l_suppkey"], "Plans": [{"Node Type": "Bitmap Heap Scan", "Parent Relationship": "Outer", "Parallel Aware": true, "Relation Name": "lineitem", "Alias": "lineitem_1", "Startup Cost": 33628.95, "Total Cost": 1413735.05, "Plan Rows": 748563, "Plan Width": 16, "Recheck Cond": "((l_shipdate >= '1994-03-01'::date) AND (l_shipdate < '1994-06-01 00:00:00'::timestamp without time zone))", "Plans": [{"Node Type": "Bitmap Index Scan", "Parent Relationship": "Outer", "Parallel Aware": false, "Index Name": "idx_lineitem_shipdate", "Startup Cost": 0.0, "Total Cost": 33048.82, "Plan Rows": 2320545, "Plan Width": 0, "Index Cond": "((l_shipdate >= '1994-03-01'::date) AND (l_shipdate < '1994-06-01 00:00:00'::timestamp without time zone))"}]}]}]}]}]}]}, {"Node Type": "Merge Join", "Parent Relationship": "Outer", "Parallel Aware": false, "Join Type": "Inner", "Startup Cost": 1506787.12, "Total Cost": 1558543.67, "Plan Rows": 499, "Plan Width": 103, "Inner Unique": true, "Merge Cond": "(supplier.s_suppkey = lineitem.l_suppkey)", "Plans": [{"Node Type": "Sort", "Parent Relationship": "Outer", "Parallel Aware": false, "Startup Cost": 11520.82, "Total Cost": 11770.82, "Plan Rows": 100000, "Plan Width": 71, "Sort Key": ["supplier.s_suppkey"], "Plans": [{"Node Type": "Seq Scan", "Parent Relationship": "Outer", "Parallel Aware": false, "Relation Name": "supplier", "Alias": "supplier", "Startup Cost": 0.0, "Total Cost": 3216.0, "Plan Rows": 100000, "Plan Width": 71}]}, {"Node Type": "Aggregate", "Strategy": "Sorted", "Partial Mode": "Finalize", "Parent Relationship": "Inner", "Parallel Aware": false, "Startup Cost": 1495266.3, "Total Cost": 1546511.62, "Plan Rows": 499, "Plan Width": 36, "Group Key": ["lineitem.l_suppkey"], "Filter": "(sum((lineitem.l_extendedprice * ('1'::numeric - lineitem.l_discount))) = $1)", "Plans": [{"Node Type": "Gather Merge", "Parent Relationship": "Outer", "Parallel Aware": false, "Startup Cost": 1495266.3, "Total Cost": 1541026.25, "Plan Rows": 299202, "Plan Width": 36, "Workers Planned": 3, "Plans": [{"Node Type": "Aggregate", "Strategy": "Sorted", "Partial Mode": "Partial", "Parent Relationship": "Outer", "Parallel Aware": false, "Startup Cost": 1494266.26, "Total Cost": 1504869.97, "Plan Rows": 99734, "Plan Width": 36, "Group Key": ["lineitem.l_suppkey"], "Plans": [{"Node Type": "Sort", "Parent Relationship": "Outer", "Parallel Aware": false, "Startup Cost": 1494266.26, "Total Cost": 1496137.67, "Plan Rows": 748563, "Plan Width": 16, "Sort Key": ["lineitem.l_suppkey"], "Plans": [{"Node Type": "Bitmap Heap Scan", "Parent Relationship": "Outer", "Parallel Aware": true, "Relation Name": "lineitem", "Alias": "lineitem", "Startup Cost": 33628.95, "Total Cost": 1413735.05, "Plan Rows": 748563, "Plan Width": 16, "Recheck Cond": "((l_shipdate >= '1994-03-01'::date) AND (l_shipdate < '1994-06-01 00:00:00'::timestamp without time zone))", "Plans": [{"Node Type": "Bitmap Index Scan", "Parent Relationship": "Outer", "Parallel Aware": false, "Index Name": "idx_lineitem_shipdate", "Startup Cost": 0.0, "Total Cost": 33048.82, "Plan Rows": 2320545, "Plan Width": 0, "Index Cond": "((l_shipdate >= '1994-03-01'::date) AND (l_shipdate < '1994-06-01 00:00:00'::timestamp without time zone))"}]}]}]}]}]}]}]}}, {"Plan": {"Node Type": "Limit", "Parallel Aware": false, "Startup Cost": 3041030.81, "Total Cost": 3041135.5, "Plan Rows": 1, "Plan Width": 103, "Plans": [{"Node Type": "Aggregate", "Strategy": "Plain", "Partial Mode": "Simple", "Parent Relationship": "InitPlan", "Subplan Name": "InitPlan 1 (returns $1)", "Parallel Aware": false, "Startup Cost": 1545763.61, "Total Cost": 1545763.62, "Plan Rows": 1, "Plan Width": 32, "Plans": [{"Node Type": "Aggregate", "Strategy": "Sorted", "Partial Mode": "Finalize", "Parent Relationship": "Outer", "Parallel Aware": false, "Startup Cost": 1495266.3, "Total Cost": 1544516.94, "Plan Rows": 99734, "Plan Width": 36, "Group Key": ["lineitem_1.l_suppkey"], "Plans": [{"Node Type": "Gather Merge", "Parent Relationship": "Outer", "Parallel Aware": false, "Startup Cost": 1495266.3, "Total Cost": 1541026.25, "Plan Rows": 299202, "Plan Width": 36, "Workers Planned": 3, "Plans": [{"Node Type": "Aggregate", "Strategy": "Sorted", "Partial Mode": "Partial", "Parent Relationship": "Outer", "Parallel Aware": false, "Startup Cost": 1494266.26, "Total Cost": 1504869.97, "Plan Rows": 99734, "Plan Width": 36, "Group Key": ["lineitem_1.l_suppkey"], "Plans": [{"Node Type": "Sort", "Parent Relationship": "Outer", "Parallel Aware": false, "Startup Cost": 1494266.26, "Total Cost": 1496137.67, "Plan Rows": 748563, "Plan Width": 16, "Sort Key": ["lineitem_1.l_suppkey"], "Plans": [{"Node Type": "Bitmap Heap Scan", "Parent Relationship": "Outer", "Parallel Aware": true, "Relation Name": "lineitem", "Alias": "lineitem_1", "Startup Cost": 33628.95, "Total Cost": 1413735.05, "Plan Rows": 748563, "Plan Width": 16, "Recheck Cond": "((l_shipdate >= '1994-03-01'::date) AND (l_shipdate < '1994-06-01 00:00:00'::timestamp without time zone))", "Plans": [{"Node Type": "Bitmap Index Scan", "Parent Relationship": "Outer", "Parallel Aware": false, "Index Name": "idx_lineitem_shipdate", "Startup Cost": 0.0, "Total Cost": 33048.82, "Plan Rows": 2320545, "Plan Width": 0, "Index Cond": "((l_shipdate >= '1994-03-01'::date) AND (l_shipdate < '1994-06-01 00:00:00'::timestamp without time zone))"}]}]}]}]}]}]}, {"Node Type": "Nested Loop", "Parent Relationship": "Outer", "Parallel Aware": false, "Join Type": "Inner", "Startup Cost": 1495267.18, "Total Cost": 1547510.87, "Plan Rows": 499, "Plan Width": 103, "Inner Unique": true, "Plans": [{"Node Type": "Aggregate", "Strategy": "Sorted", "Partial Mode": "Finalize", "Parent Relationship": "Outer", "Parallel Aware": false, "Startup Cost": 1495266.3, "Total Cost": 1546511.62, "Plan Rows": 499, "Plan Width": 36, "Group Key": ["lineitem.l_suppkey"], "Filter": "(sum((lineitem.l_extendedprice * ('1'::numeric - lineitem.l_discount))) = $1)", "Plans": [{"Node Type": "Gather Merge", "Parent Relationship": "Outer", "Parallel Aware": false, "Startup Cost": 1495266.3, "Total Cost": 1541026.25, "Plan Rows": 299202, "Plan Width": 36, "Workers Planned": 3, "Plans": [{"Node Type": "Aggregate", "Strategy": "Sorted", "Partial Mode": "Partial", "Parent Relationship": "Outer", "Parallel Aware": false, "Startup Cost": 1494266.26, "Total Cost": 1504869.97, "Plan Rows": 99734, "Plan Width": 36, "Group Key": ["lineitem.l_suppkey"], "Plans": [{"Node Type": "Sort", "Parent Relationship": "Outer", "Parallel Aware": false, "Startup Cost": 1494266.26, "Total Cost": 1496137.67, "Plan Rows": 748563, "Plan Width": 16, "Sort Key": ["lineitem.l_suppkey"], "Plans": [{"Node Type": "Bitmap Heap Scan", "Parent Relationship": "Outer", "Parallel Aware": true, "Relation Name": "lineitem", "Alias": "lineitem", "Startup Cost": 33628.95, "Total Cost": 1413735.05, "Plan Rows": 748563, "Plan Width": 16, "Recheck Cond": "((l_shipdate >= '1994-03-01'::date) AND (l_shipdate < '1994-06-01 00:00:00'::timestamp without time zone))", "Plans": [{"Node Type": "Bitmap Index Scan", "Parent Relationship": "Outer", "Parallel Aware": false, "Index Name": "idx_lineitem_shipdate", "Startup Cost": 0.0, "Total Cost": 33048.82, "Plan Rows": 2320545, "Plan Width": 0, "Index Cond": "((l_shipdate >= '1994-03-01'::date) AND (l_shipdate < '1994-06-01 00:00:00'::timestamp without time zone))"}]}]}]}]}]}, {"Node Type": "Bitmap Heap Scan", "Parent Relationship": "Inner", "Parallel Aware": false, "Relation Name": "supplier", "Alias": "supplier", "Startup Cost": 0.88, "Total Cost": 1.99, "Plan Rows": 1, "Plan Width": 71, "Recheck Cond": "(s_suppkey = lineitem.l_suppkey)", "Plans": [{"Node Type": "Bitmap Index Scan", "Parent Relationship": "Outer", "Parallel Aware": false, "Index Name": "supplier_pkey", "Startup Cost": 0.0, "Total Cost": 0.88, "Plan Rows": 1, "Plan Width": 0, "Index Cond": "(s_suppkey = lineitem.l_suppkey)"}]}]}]}}, {"Plan": {"Node Type": "Limit", "Parallel Aware": false, "Startup Cost": 2768616.87, "Total Cost": 2768721.45, "Plan Rows": 1, "Plan Width": 103, "Plans": [{"Node Type": "Aggregate", "Strategy": "Plain", "Partial Mode": "Simple", "Parent Relationship": "InitPlan", "Subplan Name": "InitPlan 1 (returns $1)", "Parallel Aware": false, "Startup Cost": 1409556.94, "Total Cost": 1409556.95, "Plan Rows": 1, "Plan Width": 32, "Plans": [{"Node Type": "Aggregate", "Strategy": "Sorted", "Partial Mode": "Finalize", "Parent Relationship": "Outer", "Parallel Aware": false, "Startup Cost": 1359059.63, "Total Cost": 1408310.26, "Plan Rows": 99734, "Plan Width": 36, "Group Key": ["lineitem_1.l_suppkey"], "Plans": [{"Node Type": "Gather Merge", "Parent Relationship": "Outer", "Parallel Aware": false, "Startup Cost": 1359059.63, "Total Cost": 1404819.57, "Plan Rows": 299202, "Plan Width": 36, "Workers Planned": 3, "Plans": [{"Node Type": "Aggregate", "Strategy": "Sorted", "Partial Mode": "Partial", "Parent Relationship": "Outer", "Parallel Aware": false, "Startup Cost": 1358059.59, "Total Cost": 1368663.3, "Plan Rows": 99734, "Plan Width": 36, "Group Key": ["lineitem_1.l_suppkey"], "Plans": [{"Node Type": "Sort", "Parent Relationship": "Outer", "Parallel Aware": false, "Startup Cost": 1358059.59, "Total Cost": 1359930.99, "Plan Rows": 748563, "Plan Width": 16, "Sort Key": ["lineitem_1.l_suppkey"], "Plans": [{"Node Type": "Index Scan", "Parent Relationship": "Outer", "Parallel Aware": true, "Scan Direction": "Forward", "Index Name": "idx_lineitem_shipdate", "Relation Name": "lineitem", "Alias": "lineitem_1", "Startup Cost": 0.56, "Total Cost": 1277528.38, "Plan Rows": 748563, "Plan Width": 16, "Index Cond": "((l_shipdate >= '1994-03-01'::date) AND (l_shipdate < '1994-06-01 00:00:00'::timestamp without time zone))"}]}]}]}]}]}, {"Node Type": "Nested Loop", "Parent Relationship": "Outer", "Parallel Aware": false, "Join Type": "Inner", "Startup Cost": 1359059.92, "Total Cost": 1411247.82, "Plan Rows": 499, "Plan Width": 103, "Inner Unique": true, "Plans": [{"Node Type": "Aggregate", "Strategy": "Sorted", "Partial Mode": "Finalize", "Parent Relationship": "Outer", "Parallel Aware": false, "Startup Cost": 1359059.63, "Total Cost": 1410304.94, "Plan Rows": 499, "Plan Width": 36, "Group Key": ["lineitem.l_suppkey"], "Filter": "(sum((lineitem.l_extendedprice * ('1'::numeric - lineitem.l_discount))) = $1)", "Plans": [{"Node Type": "Gather Merge", "Parent Relationship": "Outer", "Parallel Aware": false, "Startup Cost": 1359059.63, "Total Cost": 1404819.57, "Plan Rows": 299202, "Plan Width": 36, "Workers Planned": 3, "Plans": [{"Node Type": "Aggregate", "Strategy": "Sorted", "Partial Mode": "Partial", "Parent Relationship": "Outer", "Parallel Aware": false, "Startup Cost": 1358059.59, "Total Cost": 1368663.3, "Plan Rows": 99734, "Plan Width": 36, "Group Key": ["lineitem.l_suppkey"], "Plans": [{"Node Type": "Sort", "Parent Relationship": "Outer", "Parallel Aware": false, "Startup Cost": 1358059.59, "Total Cost": 1359930.99, "Plan Rows": 748563, "Plan Width": 16, "Sort Key": ["lineitem.l_suppkey"], "Plans": [{"Node Type": "Index Scan", "Parent Relationship": "Outer", "Parallel Aware": true, "Scan Direction": "Forward", "Index Name": "idx_lineitem_shipdate", "Relation Name": "lineitem", "Alias": "lineitem", "Startup Cost": 0.56, "Total Cost": 1277528.38, "Plan Rows": 748563, "Plan Width": 16, "Index Cond": "((l_shipdate >= '1994-03-01'::date) AND (l_shipdate < '1994-06-01 00:00:00'::timestamp without time zone))"}]}]}]}]}, {"Node Type": "Index Scan", "Parent Relationship": "Inner", "Parallel Aware": false, "Scan Direction": "Forward", "Index Name": "supplier_pkey", "Relation Name": "supplier", "Alias": "supplier", "Startup Cost": 0.29, "Total Cost": 1.88, "Plan Rows": 1, "Plan Width": 71, "Index Cond": "(s_suppkey = lineitem.l_suppkey)"}]}]}}]