[{"Plan": {"Node Type": "Limit", "Parallel Aware": false, "Startup Cost": 10003039534.9, "Total Cost": 10003039639.48, "Plan Rows": 1, "Plan Width": 103, "Plans": [{"Node Type": "Aggregate", "Strategy": "Plain", "Partial Mode": "Simple", "Parent Relationship": "InitPlan", "Subplan Name": "InitPlan 1 (returns $1)", "Parallel Aware": false, "Startup Cost": 1544987.81, "Total Cost": 1544987.82, "Plan Rows": 1, "Plan Width": 32, "Plans": [{"Node Type": "Aggregate", "Strategy": "Sorted", "Partial Mode": "Finalize", "Parent Relationship": "Outer", "Parallel Aware": false, "Startup Cost": 1494546.2, "Total Cost": 1543741.13, "Plan Rows": 99734, "Plan Width": 36, "Group Key": ["lineitem_1.l_suppkey"], "Plans": [{"Node Type": "Gather Merge", "Parent Relationship": "Outer", "Parallel Aware": false, "Startup Cost": 1494546.2, "Total Cost": 1540250.44, "Plan Rows": 299202, "Plan Width": 36, "Workers Planned": 3, "Plans": [{"Node Type": "Aggregate", "Strategy": "Sorted", "Partial Mode": "Partial", "Parent Relationship": "Outer", "Parallel Aware": false, "Startup Cost": 1493546.16, "Total Cost": 1504094.17, "Plan Rows": 99734, "Plan Width": 36, "Group Key": ["lineitem_1.l_suppkey"], "Plans": [{"Node Type": "Sort", "Parent Relationship": "Outer", "Parallel Aware": false, "Startup Cost": 1493546.16, "Total Cost": 1495406.42, "Plan Rows": 744107, "Plan Width": 16, "Sort Key": ["lineitem_1.l_suppkey"], "Plans": [{"Node Type": "Bitmap Heap Scan", "Parent Relationship": "Outer", "Parallel Aware": true, "Relation Name": "lineitem", "Alias": "lineitem_1", "Startup Cost": 33429.07, "Total Cost": 1413526.86, "Plan Rows": 744107, "Plan Width": 16, "Recheck Cond": "((l_shipdate >= '1996-10-01'::date) AND (l_shipdate < '1997-01-01 00:00:00'::timestamp without time zone))", "Plans": [{"Node Type": "Bitmap Index Scan", "Parent Relationship": "Outer", "Parallel Aware": false, "Index Name": "idx_lineitem_shipdate", "Startup Cost": 0.0, "Total Cost": 32852.39, "Plan Rows": 2306732, "Plan Width": 0, "Index Cond": "((l_shipdate >= '1996-10-01'::date) AND (l_shipdate < '1997-01-01 00:00:00'::timestamp without time zone))"}]}]}]}]}]}]}, {"Node Type": "Nested Loop", "Parent Relationship": "Outer", "Parallel Aware": false, "Join Type": "Inner", "Startup Cost": 10001494547.08, "Total Cost": 10001546735.07, "Plan Rows": 499, "Plan Width": 103, "Inner Unique": true, "Plans": [{"Node Type": "Aggregate", "Strategy": "Sorted", "Partial Mode": "Finalize", "Parent Relationship": "Outer", "Parallel Aware": false, "Startup Cost": 1494546.2, "Total Cost": 1545735.81, "Plan Rows": 499, "Plan Width": 36, "Group Key": ["lineitem.l_suppkey"], "Filter": "(sum((lineitem.l_extendedprice * ('1'::numeric - lineitem.l_discount))) = $1)", "Plans": [{"Node Type": "Gather Merge", "Parent Relationship": "Outer", "Parallel Aware": false, "Startup Cost": 1494546.2, "Total Cost": 1540250.44, "Plan Rows": 299202, "Plan Width": 36, "Workers Planned": 3, "Plans": [{"Node Type": "Aggregate", "Strategy": "Sorted", "Partial Mode": "Partial", "Parent Relationship": "Outer", "Parallel Aware": false, "Startup Cost": 1493546.16, "Total Cost": 1504094.17, "Plan Rows": 99734, "Plan Width": 36, "Group Key": ["lineitem.l_suppkey"], "Plans": [{"Node Type": "Sort", "Parent Relationship": "Outer", "Parallel Aware": false, "Startup Cost": 1493546.16, "Total Cost": 1495406.42, "Plan Rows": 744107, "Plan Width": 16, "Sort Key": ["lineitem.l_suppkey"], "Plans": [{"Node Type": "Bitmap Heap Scan", "Parent Relationship": "Outer", "Parallel Aware": true, "Relation Name": "lineitem", "Alias": "lineitem", "Startup Cost": 33429.07, "Total Cost": 1413526.86, "Plan Rows": 744107, "Plan Width": 16, "Recheck Cond": "((l_shipdate >= '1996-10-01'::date) AND (l_shipdate < '1997-01-01 00:00:00'::timestamp without time zone))", "Plans": [{"Node Type": "Bitmap Index Scan", "Parent Relationship": "Outer", "Parallel Aware": false, "Index Name": "idx_lineitem_shipdate", "Startup Cost": 0.0, "Total Cost": 32852.39, "Plan Rows": 2306732, "Plan Width": 0, "Index Cond": "((l_shipdate >= '1996-10-01'::date) AND (l_shipdate < '1997-01-01 00:00:00'::timestamp without time zone))"}]}]}]}]}]}, {"Node Type": "Bitmap Heap Scan", "Parent Relationship": "Inner", "Parallel Aware": false, "Relation Name": "supplier", "Alias": "supplier", "Startup Cost": 0.88, "Total Cost": 1.99, "Plan Rows": 1, "Plan Width": 71, "Recheck Cond": "(s_suppkey = lineitem.l_suppkey)", "Plans": [{"Node Type": "Bitmap Index Scan", "Parent Relationship": "Outer", "Parallel Aware": false, "Index Name": "supplier_pkey", "Startup Cost": 0.0, "Total Cost": 0.88, "Plan Rows": 1, "Plan Width": 0, "Index Cond": "(s_suppkey = lineitem.l_suppkey)"}]}]}]}}, {"Plan": {"Node Type": "Limit", "Parallel Aware": false, "Startup Cost": 2823523.58, "Total Cost": 2823523.58, "Plan Rows": 1, "Plan Width": 103, "Plans": [{"Node Type": "Aggregate", "Strategy": "Plain", "Partial Mode": "Simple", "Parent Relationship": "InitPlan", "Subplan Name": "InitPlan 1 (returns $1)", "Parallel Aware": false, "Startup Cost": 1408748.34, "Total Cost": 1408748.35, "Plan Rows": 1, "Plan Width": 32, "Plans": [{"Node Type": "Aggregate", "Strategy": "Sorted", "Partial Mode": "Finalize", "Parent Relationship": "Outer", "Parallel Aware": false, "Startup Cost": 1358306.72, "Total Cost": 1407501.66, "Plan Rows": 99734, "Plan Width": 36, "Group Key": ["lineitem_1.l_suppkey"], "Plans": [{"Node Type": "Gather Merge", "Parent Relationship": "Outer", "Parallel Aware": false, "Startup Cost": 1358306.72, "Total Cost": 1404010.97, "Plan Rows": 299202, "Plan Width": 36, "Workers Planned": 3, "Plans": [{"Node Type": "Aggregate", "Strategy": "Sorted", "Partial Mode": "Partial", "Parent Relationship": "Outer", "Parallel Aware": false, "Startup Cost": 1357306.68, "Total Cost": 1367854.7, "Plan Rows": 99734, "Plan Width": 36, "Group Key": ["lineitem_1.l_suppkey"], "Plans": [{"Node Type": "Sort", "Parent Relationship": "Outer", "Parallel Aware": false, "Startup Cost": 1357306.68, "Total Cost": 1359166.95, "Plan Rows": 744107, "Plan Width": 16, "Sort Key": ["lineitem_1.l_suppkey"], "Plans": [{"Node Type": "Index Scan", "Parent Relationship": "Outer", "Parallel Aware": true, "Scan Direction": "Forward", "Index Name": "idx_lineitem_shipdate", "Relation Name": "lineitem", "Alias": "lineitem_1", "Startup Cost": 0.56, "Total Cost": 1277287.39, "Plan Rows": 744107, "Plan Width": 16, "Index Cond": "((l_shipdate >= '1996-10-01'::date) AND (l_shipdate < '1997-01-01 00:00:00'::timestamp without time zone))"}]}]}]}]}]}, {"Node Type": "Sort", "Parent Relationship": "Outer", "Parallel Aware": false, "Startup Cost": 1414775.23, "Total Cost": 1414776.48, "Plan Rows": 499, "Plan Width": 103, "Sort Key": ["supplier.s_suppkey"], "Plans": [{"Node Type": "Hash Join", "Parent Relationship": "Outer", "Parallel Aware": false, "Join Type": "Inner", "Startup Cost": 1363576.82, "Total Cost": 1414772.74, "Plan Rows": 499, "Plan Width": 103, "Inner Unique": true, "Hash Cond": "(lineitem.l_suppkey = supplier.s_suppkey)", "Plans": [{"Node Type": "Aggregate", "Strategy": "Sorted", "Partial Mode": "Finalize", "Parent Relationship": "Outer", "Parallel Aware": false, "Startup Cost": 1358306.72, "Total Cost": 1409496.34, "Plan Rows": 499, "Plan Width": 36, "Group Key": ["lineitem.l_suppkey"], "Filter": "(sum((lineitem.l_extendedprice * ('1'::numeric - lineitem.l_discount))) = $1)", "Plans": [{"Node Type": "Gather Merge", "Parent Relationship": "Outer", "Parallel Aware": false, "Startup Cost": 1358306.72, "Total Cost": 1404010.97, "Plan Rows": 299202, "Plan Width": 36, "Workers Planned": 3, "Plans": [{"Node Type": "Aggregate", "Strategy": "Sorted", "Partial Mode": "Partial", "Parent Relationship": "Outer", "Parallel Aware": false, "Startup Cost": 1357306.68, "Total Cost": 1367854.7, "Plan Rows": 99734, "Plan Width": 36, "Group Key": ["lineitem.l_suppkey"], "Plans": [{"Node Type": "Sort", "Parent Relationship": "Outer", "Parallel Aware": false, "Startup Cost": 1357306.68, "Total Cost": 1359166.95, "Plan Rows": 744107, "Plan Width": 16, "Sort Key": ["lineitem.l_suppkey"], "Plans": [{"Node Type": "Index Scan", "Parent Relationship": "Outer", "Parallel Aware": true, "Scan Direction": "Forward", "Index Name": "idx_lineitem_shipdate", "Relation Name": "lineitem", "Alias": "lineitem", "Startup Cost": 0.56, "Total Cost": 1277287.39, "Plan Rows": 744107, "Plan Width": 16, "Index Cond": "((l_shipdate >= '1996-10-01'::date) AND (l_shipdate < '1997-01-01 00:00:00'::timestamp without time zone))"}]}]}]}]}, {"Node Type": "Hash", "Parent Relationship": "Inner", "Parallel Aware": false, "Startup Cost": 4020.1, "Total Cost": 4020.1, "Plan Rows": 100000, "Plan Width": 71, "Plans": [{"Node Type": "Index Scan", "Parent Relationship": "Outer", "Parallel Aware": false, "Scan Direction": "Forward", "Index Name": "supplier_pkey", "Relation Name": "supplier", "Alias": "supplier", "Startup Cost": 0.29, "Total Cost": 4020.1, "Plan Rows": 100000, "Plan Width": 71}]}]}]}]}}, {"Plan": {"Node Type": "Limit", "Parallel Aware": false, "Startup Cost": 2767055.36, "Total Cost": 2767166.53, "Plan Rows": 1, "Plan Width": 103, "Plans": [{"Node Type": "Aggregate", "Strategy": "Plain", "Partial Mode": "Simple", "Parent Relationship": "InitPlan", "Subplan Name": "InitPlan 1 (returns $1)", "Parallel Aware": false, "Startup Cost": 1408748.34, "Total Cost": 1408748.35, "Plan Rows": 1, "Plan Width": 32, "Plans": [{"Node Type": "Aggregate", "Strategy": "Sorted", "Partial Mode": "Finalize", "Parent Relationship": "Outer", "Parallel Aware": false, "Startup Cost": 1358306.72, "Total Cost": 1407501.66, "Plan Rows": 99734, "Plan Width": 36, "Group Key": ["lineitem_1.l_suppkey"], "Plans": [{"Node Type": "Gather Merge", "Parent Relationship": "Outer", "Parallel Aware": false, "Startup Cost": 1358306.72, "Total Cost": 1404010.97, "Plan Rows": 299202, "Plan Width": 36, "Workers Planned": 3, "Plans": [{"Node Type": "Aggregate", "Strategy": "Sorted", "Partial Mode": "Partial", "Parent Relationship": "Outer", "Parallel Aware": false, "Startup Cost": 1357306.68, "Total Cost": 1367854.7, "Plan Rows": 99734, "Plan Width": 36, "Group Key": ["lineitem_1.l_suppkey"], "Plans": [{"Node Type": "Sort", "Parent Relationship": "Outer", "Parallel Aware": false, "Startup Cost": 1357306.68, "Total Cost": 1359166.95, "Plan Rows": 744107, "Plan Width": 16, "Sort Key": ["lineitem_1.l_suppkey"], "Plans": [{"Node Type": "Index Scan", "Parent Relationship": "Outer", "Parallel Aware": true, "Scan Direction": "Forward", "Index Name": "idx_lineitem_shipdate", "Relation Name": "lineitem", "Alias": "lineitem_1", "Startup Cost": 0.56, "Total Cost": 1277287.39, "Plan Rows": 744107, "Plan Width": 16, "Index Cond": "((l_shipdate >= '1996-10-01'::date) AND (l_shipdate < '1997-01-01 00:00:00'::timestamp without time zone))"}]}]}]}]}]}, {"Node Type": "Merge Join", "Parent Relationship": "Outer", "Parallel Aware": false, "Join Type": "Inner", "Startup Cost": 1358307.02, "Total Cost": 1413777.67, "Plan Rows": 499, "Plan Width": 103, "Inner Unique": true, "Merge Cond": "(supplier.s_suppkey = lineitem.l_suppkey)", "Plans": [{"Node Type": "Index Scan", "Parent Relationship": "Outer", "Parallel Aware": false, "Scan Direction": "Forward", "Index Name": "supplier_pkey", "Relation Name": "supplier", "Alias": "supplier", "Startup Cost": 0.29, "Total Cost": 4020.1, "Plan Rows": 100000, "Plan Width": 71}, {"Node Type": "Aggregate", "Strategy": "Sorted", "Partial Mode": "Finalize", "Parent Relationship": "Inner", "Parallel Aware": false, "Startup Cost": 1358306.72, "Total Cost": 1409496.34, "Plan Rows": 499, "Plan Width": 36, "Group Key": ["lineitem.l_suppkey"], "Filter": "(sum((lineitem.l_extendedprice * ('1'::numeric - lineitem.l_discount))) = $1)", "Plans": [{"Node Type": "Gather Merge", "Parent Relationship": "Outer", "Parallel Aware": false, "Startup Cost": 1358306.72, "Total Cost": 1404010.97, "Plan Rows": 299202, "Plan Width": 36, "Workers Planned": 3, "Plans": [{"Node Type": "Aggregate", "Strategy": "Sorted", "Partial Mode": "Partial", "Parent Relationship": "Outer", "Parallel Aware": false, "Startup Cost": 1357306.68, "Total Cost": 1367854.7, "Plan Rows": 99734, "Plan Width": 36, "Group Key": ["lineitem.l_suppkey"], "Plans": [{"Node Type": "Sort", "Parent Relationship": "Outer", "Parallel Aware": false, "Startup Cost": 1357306.68, "Total Cost": 1359166.95, "Plan Rows": 744107, "Plan Width": 16, "Sort Key": ["lineitem.l_suppkey"], "Plans": [{"Node Type": "Index Scan", "Parent Relationship": "Outer", "Parallel Aware": true, "Scan Direction": "Forward", "Index Name": "idx_lineitem_shipdate", "Relation Name": "lineitem", "Alias": "lineitem", "Startup Cost": 0.56, "Total Cost": 1277287.39, "Plan Rows": 744107, "Plan Width": 16, "Index Cond": "((l_shipdate >= '1996-10-01'::date) AND (l_shipdate < '1997-01-01 00:00:00'::timestamp without time zone))"}]}]}]}]}]}]}}, {"Plan": {"Node Type": "Limit", "Parallel Aware": false, "Startup Cost": 2767055.36, "Total Cost": 2767159.84, "Plan Rows": 1, "Plan Width": 103, "Plans": [{"Node Type": "Aggregate", "Strategy": "Plain", "Partial Mode": "Simple", "Parent Relationship": "InitPlan", "Subplan Name": "InitPlan 1 (returns $1)", "Parallel Aware": false, "Startup Cost": 1408748.34, "Total Cost": 1408748.35, "Plan Rows": 1, "Plan Width": 32, "Plans": [{"Node Type": "Aggregate", "Strategy": "Sorted", "Partial Mode": "Finalize", "Parent Relationship": "Outer", "Parallel Aware": false, "Startup Cost": 1358306.72, "Total Cost": 1407501.66, "Plan Rows": 99734, "Plan Width": 36, "Group Key": ["lineitem_1.l_suppkey"], "Plans": [{"Node Type": "Gather Merge", "Parent Relationship": "Outer", "Parallel Aware": false, "Startup Cost": 1358306.72, "Total Cost": 1404010.97, "Plan Rows": 299202, "Plan Width": 36, "Workers Planned": 3, "Plans": [{"Node Type": "Aggregate", "Strategy": "Sorted", "Partial Mode": "Partial", "Parent Relationship": "Outer", "Parallel Aware": false, "Startup Cost": 1357306.68, "Total Cost": 1367854.7, "Plan Rows": 99734, "Plan Width": 36, "Group Key": ["lineitem_1.l_suppkey"], "Plans": [{"Node Type": "Sort", "Parent Relationship": "Outer", "Parallel Aware": false, "Startup Cost": 1357306.68, "Total Cost": 1359166.95, "Plan Rows": 744107, "Plan Width": 16, "Sort Key": ["lineitem_1.l_suppkey"], "Plans": [{"Node Type": "Index Scan", "Parent Relationship": "Outer", "Parallel Aware": true, "Scan Direction": "Forward", "Index Name": "idx_lineitem_shipdate", "Relation Name": "lineitem", "Alias": "lineitem_1", "Startup Cost": 0.56, "Total Cost": 1277287.39, "Plan Rows": 744107, "Plan Width": 16, "Index Cond": "((l_shipdate >= '1996-10-01'::date) AND (l_shipdate < '1997-01-01 00:00:00'::timestamp without time zone))"}]}]}]}]}]}, {"Node Type": "Nested Loop", "Parent Relationship": "Outer", "Parallel Aware": false, "Join Type": "Inner", "Startup Cost": 1358307.02, "Total Cost": 1410439.22, "Plan Rows": 499, "Plan Width": 103, "Inner Unique": true, "Plans": [{"Node Type": "Aggregate", "Strategy": "Sorted", "Partial Mode": "Finalize", "Parent Relationship": "Outer", "Parallel Aware": false, "Startup Cost": 1358306.72, "Total Cost": 1409496.34, "Plan Rows": 499, "Plan Width": 36, "Group Key": ["lineitem.l_suppkey"], "Filter": "(sum((lineitem.l_extendedprice * ('1'::numeric - lineitem.l_discount))) = $1)", "Plans": [{"Node Type": "Gather Merge", "Parent Relationship": "Outer", "Parallel Aware": false, "Startup Cost": 1358306.72, "Total Cost": 1404010.97, "Plan Rows": 299202, "Plan Width": 36, "Workers Planned": 3, "Plans": [{"Node Type": "Aggregate", "Strategy": "Sorted", "Partial Mode": "Partial", "Parent Relationship": "Outer", "Parallel Aware": false, "Startup Cost": 1357306.68, "Total Cost": 1367854.7, "Plan Rows": 99734, "Plan Width": 36, "Group Key": ["lineitem.l_suppkey"], "Plans": [{"Node Type": "Sort", "Parent Relationship": "Outer", "Parallel Aware": false, "Startup Cost": 1357306.68, "Total Cost": 1359166.95, "Plan Rows": 744107, "Plan Width": 16, "Sort Key": ["lineitem.l_suppkey"], "Plans": [{"Node Type": "Index Scan", "Parent Relationship": "Outer", "Parallel Aware": true, "Scan Direction": "Forward", "Index Name": "idx_lineitem_shipdate", "Relation Name": "lineitem", "Alias": "lineitem", "Startup Cost": 0.56, "Total Cost": 1277287.39, "Plan Rows": 744107, "Plan Width": 16, "Index Cond": "((l_shipdate >= '1996-10-01'::date) AND (l_shipdate < '1997-01-01 00:00:00'::timestamp without time zone))"}]}]}]}]}, {"Node Type": "Index Scan", "Parent Relationship": "Inner", "Parallel Aware": false, "Scan Direction": "Forward", "Index Name": "supplier_pkey", "Relation Name": "supplier", "Alias": "supplier", "Startup Cost": 0.29, "Total Cost": 1.88, "Plan Rows": 1, "Plan Width": 71, "Index Cond": "(s_suppkey = lineitem.l_suppkey)"}]}]}}, {"Plan": {"Node Type": "Limit", "Parallel Aware": false, "Startup Cost": 2767055.36, "Total Cost": 2767166.53, "Plan Rows": 1, "Plan Width": 103, "Plans": [{"Node Type": "Aggregate", "Strategy": "Plain", "Partial Mode": "Simple", "Parent Relationship": "InitPlan", "Subplan Name": "InitPlan 1 (returns $1)", "Parallel Aware": false, "Startup Cost": 1408748.34, "Total Cost": 1408748.35, "Plan Rows": 1, "Plan Width": 32, "Plans": [{"Node Type": "Aggregate", "Strategy": "Sorted", "Partial Mode": "Finalize", "Parent Relationship": "Outer", "Parallel Aware": false, "Startup Cost": 1358306.72, "Total Cost": 1407501.66, "Plan Rows": 99734, "Plan Width": 36, "Group Key": ["lineitem_1.l_suppkey"], "Plans": [{"Node Type": "Gather Merge", "Parent Relationship": "Outer", "Parallel Aware": false, "Startup Cost": 1358306.72, "Total Cost": 1404010.97, "Plan Rows": 299202, "Plan Width": 36, "Workers Planned": 3, "Plans": [{"Node Type": "Aggregate", "Strategy": "Sorted", "Partial Mode": "Partial", "Parent Relationship": "Outer", "Parallel Aware": false, "Startup Cost": 1357306.68, "Total Cost": 1367854.7, "Plan Rows": 99734, "Plan Width": 36, "Group Key": ["lineitem_1.l_suppkey"], "Plans": [{"Node Type": "Sort", "Parent Relationship": "Outer", "Parallel Aware": false, "Startup Cost": 1357306.68, "Total Cost": 1359166.95, "Plan Rows": 744107, "Plan Width": 16, "Sort Key": ["lineitem_1.l_suppkey"], "Plans": [{"Node Type": "Index Scan", "Parent Relationship": "Outer", "Parallel Aware": true, "Scan Direction": "Forward", "Index Name": "idx_lineitem_shipdate", "Relation Name": "lineitem", "Alias": "lineitem_1", "Startup Cost": 0.56, "Total Cost": 1277287.39, "Plan Rows": 744107, "Plan Width": 16, "Index Cond": "((l_shipdate >= '1996-10-01'::date) AND (l_shipdate < '1997-01-01 00:00:00'::timestamp without time zone))"}]}]}]}]}]}, {"Node Type": "Merge Join", "Parent Relationship": "Outer", "Parallel Aware": false, "Join Type": "Inner", "Startup Cost": 1358307.02, "Total Cost": 1413777.67, "Plan Rows": 499, "Plan Width": 103, "Inner Unique": true, "Merge Cond": "(supplier.s_suppkey = lineitem.l_suppkey)", "Plans": [{"Node Type": "Index Scan", "Parent Relationship": "Outer", "Parallel Aware": false, "Scan Direction": "Forward", "Index Name": "supplier_pkey", "Relation Name": "supplier", "Alias": "supplier", "Startup Cost": 0.29, "Total Cost": 4020.1, "Plan Rows": 100000, "Plan Width": 71}, {"Node Type": "Aggregate", "Strategy": "Sorted", "Partial Mode": "Finalize", "Parent Relationship": "Inner", "Parallel Aware": false, "Startup Cost": 1358306.72, "Total Cost": 1409496.34, "Plan Rows": 499, "Plan Width": 36, "Group Key": ["lineitem.l_suppkey"], "Filter": "(sum((lineitem.l_extendedprice * ('1'::numeric - lineitem.l_discount))) = $1)", "Plans": [{"Node Type": "Gather Merge", "Parent Relationship": "Outer", "Parallel Aware": false, "Startup Cost": 1358306.72, "Total Cost": 1404010.97, "Plan Rows": 299202, "Plan Width": 36, "Workers Planned": 3, "Plans": [{"Node Type": "Aggregate", "Strategy": "Sorted", "Partial Mode": "Partial", "Parent Relationship": "Outer", "Parallel Aware": false, "Startup Cost": 1357306.68, "Total Cost": 1367854.7, "Plan Rows": 99734, "Plan Width": 36, "Group Key": ["lineitem.l_suppkey"], "Plans": [{"Node Type": "Sort", "Parent Relationship": "Outer", "Parallel Aware": false, "Startup Cost": 1357306.68, "Total Cost": 1359166.95, "Plan Rows": 744107, "Plan Width": 16, "Sort Key": ["lineitem.l_suppkey"], "Plans": [{"Node Type": "Index Scan", "Parent Relationship": "Outer", "Parallel Aware": true, "Scan Direction": "Forward", "Index Name": "idx_lineitem_shipdate", "Relation Name": "lineitem", "Alias": "lineitem", "Startup Cost": 0.56, "Total Cost": 1277287.39, "Plan Rows": 744107, "Plan Width": 16, "Index Cond": "((l_shipdate >= '1996-10-01'::date) AND (l_shipdate < '1997-01-01 00:00:00'::timestamp without time zone))"}]}]}]}]}]}]}}, {"Plan": {"Node Type": "Limit", "Parallel Aware": false, "Startup Cost": 2767055.36, "Total Cost": 2767159.84, "Plan Rows": 1, "Plan Width": 103, "Plans": [{"Node Type": "Aggregate", "Strategy": "Plain", "Partial Mode": "Simple", "Parent Relationship": "InitPlan", "Subplan Name": "InitPlan 1 (returns $1)", "Parallel Aware": false, "Startup Cost": 1408748.34, "Total Cost": 1408748.35, "Plan Rows": 1, "Plan Width": 32, "Plans": [{"Node Type": "Aggregate", "Strategy": "Sorted", "Partial Mode": "Finalize", "Parent Relationship": "Outer", "Parallel Aware": false, "Startup Cost": 1358306.72, "Total Cost": 1407501.66, "Plan Rows": 99734, "Plan Width": 36, "Group Key": ["lineitem_1.l_suppkey"], "Plans": [{"Node Type": "Gather Merge", "Parent Relationship": "Outer", "Parallel Aware": false, "Startup Cost": 1358306.72, "Total Cost": 1404010.97, "Plan Rows": 299202, "Plan Width": 36, "Workers Planned": 3, "Plans": [{"Node Type": "Aggregate", "Strategy": "Sorted", "Partial Mode": "Partial", "Parent Relationship": "Outer", "Parallel Aware": false, "Startup Cost": 1357306.68, "Total Cost": 1367854.7, "Plan Rows": 99734, "Plan Width": 36, "Group Key": ["lineitem_1.l_suppkey"], "Plans": [{"Node Type": "Sort", "Parent Relationship": "Outer", "Parallel Aware": false, "Startup Cost": 1357306.68, "Total Cost": 1359166.95, "Plan Rows": 744107, "Plan Width": 16, "Sort Key": ["lineitem_1.l_suppkey"], "Plans": [{"Node Type": "Index Scan", "Parent Relationship": "Outer", "Parallel Aware": true, "Scan Direction": "Forward", "Index Name": "idx_lineitem_shipdate", "Relation Name": "lineitem", "Alias": "lineitem_1", "Startup Cost": 0.56, "Total Cost": 1277287.39, "Plan Rows": 744107, "Plan Width": 16, "Index Cond": "((l_shipdate >= '1996-10-01'::date) AND (l_shipdate < '1997-01-01 00:00:00'::timestamp without time zone))"}]}]}]}]}]}, {"Node Type": "Nested Loop", "Parent Relationship": "Outer", "Parallel Aware": false, "Join Type": "Inner", "Startup Cost": 1358307.02, "Total Cost": 1410439.22, "Plan Rows": 499, "Plan Width": 103, "Inner Unique": true, "Plans": [{"Node Type": "Aggregate", "Strategy": "Sorted", "Partial Mode": "Finalize", "Parent Relationship": "Outer", "Parallel Aware": false, "Startup Cost": 1358306.72, "Total Cost": 1409496.34, "Plan Rows": 499, "Plan Width": 36, "Group Key": ["lineitem.l_suppkey"], "Filter": "(sum((lineitem.l_extendedprice * ('1'::numeric - lineitem.l_discount))) = $1)", "Plans": [{"Node Type": "Gather Merge", "Parent Relationship": "Outer", "Parallel Aware": false, "Startup Cost": 1358306.72, "Total Cost": 1404010.97, "Plan Rows": 299202, "Plan Width": 36, "Workers Planned": 3, "Plans": [{"Node Type": "Aggregate", "Strategy": "Sorted", "Partial Mode": "Partial", "Parent Relationship": "Outer", "Parallel Aware": false, "Startup Cost": 1357306.68, "Total Cost": 1367854.7, "Plan Rows": 99734, "Plan Width": 36, "Group Key": ["lineitem.l_suppkey"], "Plans": [{"Node Type": "Sort", "Parent Relationship": "Outer", "Parallel Aware": false, "Startup Cost": 1357306.68, "Total Cost": 1359166.95, "Plan Rows": 744107, "Plan Width": 16, "Sort Key": ["lineitem.l_suppkey"], "Plans": [{"Node Type": "Index Scan", "Parent Relationship": "Outer", "Parallel Aware": true, "Scan Direction": "Forward", "Index Name": "idx_lineitem_shipdate", "Relation Name": "lineitem", "Alias": "lineitem", "Startup Cost": 0.56, "Total Cost": 1277287.39, "Plan Rows": 744107, "Plan Width": 16, "Index Cond": "((l_shipdate >= '1996-10-01'::date) AND (l_shipdate < '1997-01-01 00:00:00'::timestamp without time zone))"}]}]}]}]}, {"Node Type": "Index Scan", "Parent Relationship": "Inner", "Parallel Aware": false, "Scan Direction": "Forward", "Index Name": "supplier_pkey", "Relation Name": "supplier", "Alias": "supplier", "Startup Cost": 0.29, "Total Cost": 1.88, "Plan Rows": 1, "Plan Width": 71, "Index Cond": "(s_suppkey = lineitem.l_suppkey)"}]}]}}, {"Plan": {"Node Type": "Limit", "Parallel Aware": false, "Startup Cost": 2767055.36, "Total Cost": 2767159.84, "Plan Rows": 1, "Plan Width": 103, "Plans": [{"Node Type": "Aggregate", "Strategy": "Plain", "Partial Mode": "Simple", "Parent Relationship": "InitPlan", "Subplan Name": "InitPlan 1 (returns $1)", "Parallel Aware": false, "Startup Cost": 1408748.34, "Total Cost": 1408748.35, "Plan Rows": 1, "Plan Width": 32, "Plans": [{"Node Type": "Aggregate", "Strategy": "Sorted", "Partial Mode": "Finalize", "Parent Relationship": "Outer", "Parallel Aware": false, "Startup Cost": 1358306.72, "Total Cost": 1407501.66, "Plan Rows": 99734, "Plan Width": 36, "Group Key": ["lineitem_1.l_suppkey"], "Plans": [{"Node Type": "Gather Merge", "Parent Relationship": "Outer", "Parallel Aware": false, "Startup Cost": 1358306.72, "Total Cost": 1404010.97, "Plan Rows": 299202, "Plan Width": 36, "Workers Planned": 3, "Plans": [{"Node Type": "Aggregate", "Strategy": "Sorted", "Partial Mode": "Partial", "Parent Relationship": "Outer", "Parallel Aware": false, "Startup Cost": 1357306.68, "Total Cost": 1367854.7, "Plan Rows": 99734, "Plan Width": 36, "Group Key": ["lineitem_1.l_suppkey"], "Plans": [{"Node Type": "Sort", "Parent Relationship": "Outer", "Parallel Aware": false, "Startup Cost": 1357306.68, "Total Cost": 1359166.95, "Plan Rows": 744107, "Plan Width": 16, "Sort Key": ["lineitem_1.l_suppkey"], "Plans": [{"Node Type": "Index Scan", "Parent Relationship": "Outer", "Parallel Aware": true, "Scan Direction": "Forward", "Index Name": "idx_lineitem_shipdate", "Relation Name": "lineitem", "Alias": "lineitem_1", "Startup Cost": 0.56, "Total Cost": 1277287.39, "Plan Rows": 744107, "Plan Width": 16, "Index Cond": "((l_shipdate >= '1996-10-01'::date) AND (l_shipdate < '1997-01-01 00:00:00'::timestamp without time zone))"}]}]}]}]}]}, {"Node Type": "Nested Loop", "Parent Relationship": "Outer", "Parallel Aware": false, "Join Type": "Inner", "Startup Cost": 1358307.02, "Total Cost": 1410439.22, "Plan Rows": 499, "Plan Width": 103, "Inner Unique": true, "Plans": [{"Node Type": "Aggregate", "Strategy": "Sorted", "Partial Mode": "Finalize", "Parent Relationship": "Outer", "Parallel Aware": false, "Startup Cost": 1358306.72, "Total Cost": 1409496.34, "Plan Rows": 499, "Plan Width": 36, "Group Key": ["lineitem.l_suppkey"], "Filter": "(sum((lineitem.l_extendedprice * ('1'::numeric - lineitem.l_discount))) = $1)", "Plans": [{"Node Type": "Gather Merge", "Parent Relationship": "Outer", "Parallel Aware": false, "Startup Cost": 1358306.72, "Total Cost": 1404010.97, "Plan Rows": 299202, "Plan Width": 36, "Workers Planned": 3, "Plans": [{"Node Type": "Aggregate", "Strategy": "Sorted", "Partial Mode": "Partial", "Parent Relationship": "Outer", "Parallel Aware": false, "Startup Cost": 1357306.68, "Total Cost": 1367854.7, "Plan Rows": 99734, "Plan Width": 36, "Group Key": ["lineitem.l_suppkey"], "Plans": [{"Node Type": "Sort", "Parent Relationship": "Outer", "Parallel Aware": false, "Startup Cost": 1357306.68, "Total Cost": 1359166.95, "Plan Rows": 744107, "Plan Width": 16, "Sort Key": ["lineitem.l_suppkey"], "Plans": [{"Node Type": "Index Scan", "Parent Relationship": "Outer", "Parallel Aware": true, "Scan Direction": "Forward", "Index Name": "idx_lineitem_shipdate", "Relation Name": "lineitem", "Alias": "lineitem", "Startup Cost": 0.56, "Total Cost": 1277287.39, "Plan Rows": 744107, "Plan Width": 16, "Index Cond": "((l_shipdate >= '1996-10-01'::date) AND (l_shipdate < '1997-01-01 00:00:00'::timestamp without time zone))"}]}]}]}]}, {"Node Type": "Index Scan", "Parent Relationship": "Inner", "Parallel Aware": false, "Scan Direction": "Forward", "Index Name": "supplier_pkey", "Relation Name": "supplier", "Alias": "supplier", "Startup Cost": 0.29, "Total Cost": 1.88, "Plan Rows": 1, "Plan Width": 71, "Index Cond": "(s_suppkey = lineitem.l_suppkey)"}]}]}}, {"Plan": {"Node Type": "Limit", "Parallel Aware": false, "Startup Cost": 2822719.48, "Total Cost": 2822719.49, "Plan Rows": 1, "Plan Width": 103, "Plans": [{"Node Type": "Aggregate", "Strategy": "Plain", "Partial Mode": "Simple", "Parent Relationship": "InitPlan", "Subplan Name": "InitPlan 1 (returns $1)", "Parallel Aware": false, "Startup Cost": 1408748.34, "Total Cost": 1408748.35, "Plan Rows": 1, "Plan Width": 32, "Plans": [{"Node Type": "Aggregate", "Strategy": "Sorted", "Partial Mode": "Finalize", "Parent Relationship": "Outer", "Parallel Aware": false, "Startup Cost": 1358306.72, "Total Cost": 1407501.66, "Plan Rows": 99734, "Plan Width": 36, "Group Key": ["lineitem_1.l_suppkey"], "Plans": [{"Node Type": "Gather Merge", "Parent Relationship": "Outer", "Parallel Aware": false, "Startup Cost": 1358306.72, "Total Cost": 1404010.97, "Plan Rows": 299202, "Plan Width": 36, "Workers Planned": 3, "Plans": [{"Node Type": "Aggregate", "Strategy": "Sorted", "Partial Mode": "Partial", "Parent Relationship": "Outer", "Parallel Aware": false, "Startup Cost": 1357306.68, "Total Cost": 1367854.7, "Plan Rows": 99734, "Plan Width": 36, "Group Key": ["lineitem_1.l_suppkey"], "Plans": [{"Node Type": "Sort", "Parent Relationship": "Outer", "Parallel Aware": false, "Startup Cost": 1357306.68, "Total Cost": 1359166.95, "Plan Rows": 744107, "Plan Width": 16, "Sort Key": ["lineitem_1.l_suppkey"], "Plans": [{"Node Type": "Index Scan", "Parent Relationship": "Outer", "Parallel Aware": true, "Scan Direction": "Forward", "Index Name": "idx_lineitem_shipdate", "Relation Name": "lineitem", "Alias": "lineitem_1", "Startup Cost": 0.56, "Total Cost": 1277287.39, "Plan Rows": 744107, "Plan Width": 16, "Index Cond": "((l_shipdate >= '1996-10-01'::date) AND (l_shipdate < '1997-01-01 00:00:00'::timestamp without time zone))"}]}]}]}]}]}, {"Node Type": "Sort", "Parent Relationship": "Outer", "Parallel Aware": false, "Startup Cost": 1413971.14, "Total Cost": 1413972.38, "Plan Rows": 499, "Plan Width": 103, "Sort Key": ["supplier.s_suppkey"], "Plans": [{"Node Type": "Hash Join", "Parent Relationship": "Outer", "Parallel Aware": false, "Join Type": "Inner", "Startup Cost": 1362772.72, "Total Cost": 1413968.64, "Plan Rows": 499, "Plan Width": 103, "Inner Unique": true, "Hash Cond": "(lineitem.l_suppkey = supplier.s_suppkey)", "Plans": [{"Node Type": "Aggregate", "Strategy": "Sorted", "Partial Mode": "Finalize", "Parent Relationship": "Outer", "Parallel Aware": false, "Startup Cost": 1358306.72, "Total Cost": 1409496.34, "Plan Rows": 499, "Plan Width": 36, "Group Key": ["lineitem.l_suppkey"], "Filter": "(sum((lineitem.l_extendedprice * ('1'::numeric - lineitem.l_discount))) = $1)", "Plans": [{"Node Type": "Gather Merge", "Parent Relationship": "Outer", "Parallel Aware": false, "Startup Cost": 1358306.72, "Total Cost": 1404010.97, "Plan Rows": 299202, "Plan Width": 36, "Workers Planned": 3, "Plans": [{"Node Type": "Aggregate", "Strategy": "Sorted", "Partial Mode": "Partial", "Parent Relationship": "Outer", "Parallel Aware": false, "Startup Cost": 1357306.68, "Total Cost": 1367854.7, "Plan Rows": 99734, "Plan Width": 36, "Group Key": ["lineitem.l_suppkey"], "Plans": [{"Node Type": "Sort", "Parent Relationship": "Outer", "Parallel Aware": false, "Startup Cost": 1357306.68, "Total Cost": 1359166.95, "Plan Rows": 744107, "Plan Width": 16, "Sort Key": ["lineitem.l_suppkey"], "Plans": [{"Node Type": "Index Scan", "Parent Relationship": "Outer", "Parallel Aware": true, "Scan Direction": "Forward", "Index Name": "idx_lineitem_shipdate", "Relation Name": "lineitem", "Alias": "lineitem", "Startup Cost": 0.56, "Total Cost": 1277287.39, "Plan Rows": 744107, "Plan Width": 16, "Index Cond": "((l_shipdate >= '1996-10-01'::date) AND (l_shipdate < '1997-01-01 00:00:00'::timestamp without time zone))"}]}]}]}]}, {"Node Type": "Hash", "Parent Relationship": "Inner", "Parallel Aware": false, "Startup Cost": 3216.0, "Total Cost": 3216.0, "Plan Rows": 100000, "Plan Width": 71, "Plans": [{"Node Type": "Seq Scan", "Parent Relationship": "Outer", "Parallel Aware": false, "Relation Name": "supplier", "Alias": "supplier", "Startup Cost": 0.0, "Total Cost": 3216.0, "Plan Rows": 100000, "Plan Width": 71}]}]}]}]}}, {"Plan": {"Node Type": "Limit", "Parallel Aware": false, "Startup Cost": 10003039534.9, "Total Cost": 10003039639.48, "Plan Rows": 1, "Plan Width": 103, "Plans": [{"Node Type": "Aggregate", "Strategy": "Plain", "Partial Mode": "Simple", "Parent Relationship": "InitPlan", "Subplan Name": "InitPlan 1 (returns $1)", "Parallel Aware": false, "Startup Cost": 1544987.81, "Total Cost": 1544987.82, "Plan Rows": 1, "Plan Width": 32, "Plans": [{"Node Type": "Aggregate", "Strategy": "Sorted", "Partial Mode": "Finalize", "Parent Relationship": "Outer", "Parallel Aware": false, "Startup Cost": 1494546.2, "Total Cost": 1543741.13, "Plan Rows": 99734, "Plan Width": 36, "Group Key": ["lineitem_1.l_suppkey"], "Plans": [{"Node Type": "Gather Merge", "Parent Relationship": "Outer", "Parallel Aware": false, "Startup Cost": 1494546.2, "Total Cost": 1540250.44, "Plan Rows": 299202, "Plan Width": 36, "Workers Planned": 3, "Plans": [{"Node Type": "Aggregate", "Strategy": "Sorted", "Partial Mode": "Partial", "Parent Relationship": "Outer", "Parallel Aware": false, "Startup Cost": 1493546.16, "Total Cost": 1504094.17, "Plan Rows": 99734, "Plan Width": 36, "Group Key": ["lineitem_1.l_suppkey"], "Plans": [{"Node Type": "Sort", "Parent Relationship": "Outer", "Parallel Aware": false, "Startup Cost": 1493546.16, "Total Cost": 1495406.42, "Plan Rows": 744107, "Plan Width": 16, "Sort Key": ["lineitem_1.l_suppkey"], "Plans": [{"Node Type": "Bitmap Heap Scan", "Parent Relationship": "Outer", "Parallel Aware": true, "Relation Name": "lineitem", "Alias": "lineitem_1", "Startup Cost": 33429.07, "Total Cost": 1413526.86, "Plan Rows": 744107, "Plan Width": 16, "Recheck Cond": "((l_shipdate >= '1996-10-01'::date) AND (l_shipdate < '1997-01-01 00:00:00'::timestamp without time zone))", "Plans": [{"Node Type": "Bitmap Index Scan", "Parent Relationship": "Outer", "Parallel Aware": false, "Index Name": "idx_lineitem_shipdate", "Startup Cost": 0.0, "Total Cost": 32852.39, "Plan Rows": 2306732, "Plan Width": 0, "Index Cond": "((l_shipdate >= '1996-10-01'::date) AND (l_shipdate < '1997-01-01 00:00:00'::timestamp without time zone))"}]}]}]}]}]}]}, {"Node Type": "Nested Loop", "Parent Relationship": "Outer", "Parallel Aware": false, "Join Type": "Inner", "Startup Cost": 10001494547.08, "Total Cost": 10001546735.07, "Plan Rows": 499, "Plan Width": 103, "Inner Unique": true, "Plans": [{"Node Type": "Aggregate", "Strategy": "Sorted", "Partial Mode": "Finalize", "Parent Relationship": "Outer", "Parallel Aware": false, "Startup Cost": 1494546.2, "Total Cost": 1545735.81, "Plan Rows": 499, "Plan Width": 36, "Group Key": ["lineitem.l_suppkey"], "Filter": "(sum((lineitem.l_extendedprice * ('1'::numeric - lineitem.l_discount))) = $1)", "Plans": [{"Node Type": "Gather Merge", "Parent Relationship": "Outer", "Parallel Aware": false, "Startup Cost": 1494546.2, "Total Cost": 1540250.44, "Plan Rows": 299202, "Plan Width": 36, "Workers Planned": 3, "Plans": [{"Node Type": "Aggregate", "Strategy": "Sorted", "Partial Mode": "Partial", "Parent Relationship": "Outer", "Parallel Aware": false, "Startup Cost": 1493546.16, "Total Cost": 1504094.17, "Plan Rows": 99734, "Plan Width": 36, "Group Key": ["lineitem.l_suppkey"], "Plans": [{"Node Type": "Sort", "Parent Relationship": "Outer", "Parallel Aware": false, "Startup Cost": 1493546.16, "Total Cost": 1495406.42, "Plan Rows": 744107, "Plan Width": 16, "Sort Key": ["lineitem.l_suppkey"], "Plans": [{"Node Type": "Bitmap Heap Scan", "Parent Relationship": "Outer", "Parallel Aware": true, "Relation Name": "lineitem", "Alias": "lineitem", "Startup Cost": 33429.07, "Total Cost": 1413526.86, "Plan Rows": 744107, "Plan Width": 16, "Recheck Cond": "((l_shipdate >= '1996-10-01'::date) AND (l_shipdate < '1997-01-01 00:00:00'::timestamp without time zone))", "Plans": [{"Node Type": "Bitmap Index Scan", "Parent Relationship": "Outer", "Parallel Aware": false, "Index Name": "idx_lineitem_shipdate", "Startup Cost": 0.0, "Total Cost": 32852.39, "Plan Rows": 2306732, "Plan Width": 0, "Index Cond": "((l_shipdate >= '1996-10-01'::date) AND (l_shipdate < '1997-01-01 00:00:00'::timestamp without time zone))"}]}]}]}]}]}, {"Node Type": "Bitmap Heap Scan", "Parent Relationship": "Inner", "Parallel Aware": false, "Relation Name": "supplier", "Alias": "supplier", "Startup Cost": 0.88, "Total Cost": 1.99, "Plan Rows": 1, "Plan Width": 71, "Recheck Cond": "(s_suppkey = lineitem.l_suppkey)", "Plans": [{"Node Type": "Bitmap Index Scan", "Parent Relationship": "Outer", "Parallel Aware": false, "Index Name": "supplier_pkey", "Startup Cost": 0.0, "Total Cost": 0.88, "Plan Rows": 1, "Plan Width": 0, "Index Cond": "(s_suppkey = lineitem.l_suppkey)"}]}]}]}}, {"Plan": {"Node Type": "Limit", "Parallel Aware": false, "Startup Cost": 3039534.9, "Total Cost": 3039639.48, "Plan Rows": 1, "Plan Width": 103, "Plans": [{"Node Type": "Aggregate", "Strategy": "Plain", "Partial Mode": "Simple", "Parent Relationship": "InitPlan", "Subplan Name": "InitPlan 1 (returns $1)", "Parallel Aware": false, "Startup Cost": 1544987.81, "Total Cost": 1544987.82, "Plan Rows": 1, "Plan Width": 32, "Plans": [{"Node Type": "Aggregate", "Strategy": "Sorted", "Partial Mode": "Finalize", "Parent Relationship": "Outer", "Parallel Aware": false, "Startup Cost": 1494546.2, "Total Cost": 1543741.13, "Plan Rows": 99734, "Plan Width": 36, "Group Key": ["lineitem_1.l_suppkey"], "Plans": [{"Node Type": "Gather Merge", "Parent Relationship": "Outer", "Parallel Aware": false, "Startup Cost": 1494546.2, "Total Cost": 1540250.44, "Plan Rows": 299202, "Plan Width": 36, "Workers Planned": 3, "Plans": [{"Node Type": "Aggregate", "Strategy": "Sorted", "Partial Mode": "Partial", "Parent Relationship": "Outer", "Parallel Aware": false, "Startup Cost": 1493546.16, "Total Cost": 1504094.17, "Plan Rows": 99734, "Plan Width": 36, "Group Key": ["lineitem_1.l_suppkey"], "Plans": [{"Node Type": "Sort", "Parent Relationship": "Outer", "Parallel Aware": false, "Startup Cost": 1493546.16, "Total Cost": 1495406.42, "Plan Rows": 744107, "Plan Width": 16, "Sort Key": ["lineitem_1.l_suppkey"], "Plans": [{"Node Type": "Bitmap Heap Scan", "Parent Relationship": "Outer", "Parallel Aware": true, "Relation Name": "lineitem", "Alias": "lineitem_1", "Startup Cost": 33429.07, "Total Cost": 1413526.86, "Plan Rows": 744107, "Plan Width": 16, "Recheck Cond": "((l_shipdate >= '1996-10-01'::date) AND (l_shipdate < '1997-01-01 00:00:00'::timestamp without time zone))", "Plans": [{"Node Type": "Bitmap Index Scan", "Parent Relationship": "Outer", "Parallel Aware": false, "Index Name": "idx_lineitem_shipdate", "Startup Cost": 0.0, "Total Cost": 32852.39, "Plan Rows": 2306732, "Plan Width": 0, "Index Cond": "((l_shipdate >= '1996-10-01'::date) AND (l_shipdate < '1997-01-01 00:00:00'::timestamp without time zone))"}]}]}]}]}]}]}, {"Node Type": "Nested Loop", "Parent Relationship": "Outer", "Parallel Aware": false, "Join Type": "Inner", "Startup Cost": 1494547.08, "Total Cost": 1546735.07, "Plan Rows": 499, "Plan Width": 103, "Inner Unique": true, "Plans": [{"Node Type": "Aggregate", "Strategy": "Sorted", "Partial Mode": "Finalize", "Parent Relationship": "Outer", "Parallel Aware": false, "Startup Cost": 1494546.2, "Total Cost": 1545735.81, "Plan Rows": 499, "Plan Width": 36, "Group Key": ["lineitem.l_suppkey"], "Filter": "(sum((lineitem.l_extendedprice * ('1'::numeric - lineitem.l_discount))) = $1)", "Plans": [{"Node Type": "Gather Merge", "Parent Relationship": "Outer", "Parallel Aware": false, "Startup Cost": 1494546.2, "Total Cost": 1540250.44, "Plan Rows": 299202, "Plan Width": 36, "Workers Planned": 3, "Plans": [{"Node Type": "Aggregate", "Strategy": "Sorted", "Partial Mode": "Partial", "Parent Relationship": "Outer", "Parallel Aware": false, "Startup Cost": 1493546.16, "Total Cost": 1504094.17, "Plan Rows": 99734, "Plan Width": 36, "Group Key": ["lineitem.l_suppkey"], "Plans": [{"Node Type": "Sort", "Parent Relationship": "Outer", "Parallel Aware": false, "Startup Cost": 1493546.16, "Total Cost": 1495406.42, "Plan Rows": 744107, "Plan Width": 16, "Sort Key": ["lineitem.l_suppkey"], "Plans": [{"Node Type": "Bitmap Heap Scan", "Parent Relationship": "Outer", "Parallel Aware": true, "Relation Name": "lineitem", "Alias": "lineitem", "Startup Cost": 33429.07, "Total Cost": 1413526.86, "Plan Rows": 744107, "Plan Width": 16, "Recheck Cond": "((l_shipdate >= '1996-10-01'::date) AND (l_shipdate < '1997-01-01 00:00:00'::timestamp without time zone))", "Plans": [{"Node Type": "Bitmap Index Scan", "Parent Relationship": "Outer", "Parallel Aware": false, "Index Name": "idx_lineitem_shipdate", "Startup Cost": 0.0, "Total Cost": 32852.39, "Plan Rows": 2306732, "Plan Width": 0, "Index Cond": "((l_shipdate >= '1996-10-01'::date) AND (l_shipdate < '1997-01-01 00:00:00'::timestamp without time zone))"}]}]}]}]}]}, {"Node Type": "Bitmap Heap Scan", "Parent Relationship": "Inner", "Parallel Aware": false, "Relation Name": "supplier", "Alias": "supplier", "Startup Cost": 0.88, "Total Cost": 1.99, "Plan Rows": 1, "Plan Width": 71, "Recheck Cond": "(s_suppkey = lineitem.l_suppkey)", "Plans": [{"Node Type": "Bitmap Index Scan", "Parent Relationship": "Outer", "Parallel Aware": false, "Index Name": "supplier_pkey", "Startup Cost": 0.0, "Total Cost": 0.88, "Plan Rows": 1, "Plan Width": 0, "Index Cond": "(s_suppkey = lineitem.l_suppkey)"}]}]}]}}, {"Plan": {"Node Type": "Limit", "Parallel Aware": false, "Startup Cost": 3039534.9, "Total Cost": 3039639.48, "Plan Rows": 1, "Plan Width": 103, "Plans": [{"Node Type": "Aggregate", "Strategy": "Plain", "Partial Mode": "Simple", "Parent Relationship": "InitPlan", "Subplan Name": "InitPlan 1 (returns $1)", "Parallel Aware": false, "Startup Cost": 1544987.81, "Total Cost": 1544987.82, "Plan Rows": 1, "Plan Width": 32, "Plans": [{"Node Type": "Aggregate", "Strategy": "Sorted", "Partial Mode": "Finalize", "Parent Relationship": "Outer", "Parallel Aware": false, "Startup Cost": 1494546.2, "Total Cost": 1543741.13, "Plan Rows": 99734, "Plan Width": 36, "Group Key": ["lineitem_1.l_suppkey"], "Plans": [{"Node Type": "Gather Merge", "Parent Relationship": "Outer", "Parallel Aware": false, "Startup Cost": 1494546.2, "Total Cost": 1540250.44, "Plan Rows": 299202, "Plan Width": 36, "Workers Planned": 3, "Plans": [{"Node Type": "Aggregate", "Strategy": "Sorted", "Partial Mode": "Partial", "Parent Relationship": "Outer", "Parallel Aware": false, "Startup Cost": 1493546.16, "Total Cost": 1504094.17, "Plan Rows": 99734, "Plan Width": 36, "Group Key": ["lineitem_1.l_suppkey"], "Plans": [{"Node Type": "Sort", "Parent Relationship": "Outer", "Parallel Aware": false, "Startup Cost": 1493546.16, "Total Cost": 1495406.42, "Plan Rows": 744107, "Plan Width": 16, "Sort Key": ["lineitem_1.l_suppkey"], "Plans": [{"Node Type": "Bitmap Heap Scan", "Parent Relationship": "Outer", "Parallel Aware": true, "Relation Name": "lineitem", "Alias": "lineitem_1", "Startup Cost": 33429.07, "Total Cost": 1413526.86, "Plan Rows": 744107, "Plan Width": 16, "Recheck Cond": "((l_shipdate >= '1996-10-01'::date) AND (l_shipdate < '1997-01-01 00:00:00'::timestamp without time zone))", "Plans": [{"Node Type": "Bitmap Index Scan", "Parent Relationship": "Outer", "Parallel Aware": false, "Index Name": "idx_lineitem_shipdate", "Startup Cost": 0.0, "Total Cost": 32852.39, "Plan Rows": 2306732, "Plan Width": 0, "Index Cond": "((l_shipdate >= '1996-10-01'::date) AND (l_shipdate < '1997-01-01 00:00:00'::timestamp without time zone))"}]}]}]}]}]}]}, {"Node Type": "Nested Loop", "Parent Relationship": "Outer", "Parallel Aware": false, "Join Type": "Inner", "Startup Cost": 1494547.08, "Total Cost": 1546735.07, "Plan Rows": 499, "Plan Width": 103, "Inner Unique": true, "Plans": [{"Node Type": "Aggregate", "Strategy": "Sorted", "Partial Mode": "Finalize", "Parent Relationship": "Outer", "Parallel Aware": false, "Startup Cost": 1494546.2, "Total Cost": 1545735.81, "Plan Rows": 499, "Plan Width": 36, "Group Key": ["lineitem.l_suppkey"], "Filter": "(sum((lineitem.l_extendedprice * ('1'::numeric - lineitem.l_discount))) = $1)", "Plans": [{"Node Type": "Gather Merge", "Parent Relationship": "Outer", "Parallel Aware": false, "Startup Cost": 1494546.2, "Total Cost": 1540250.44, "Plan Rows": 299202, "Plan Width": 36, "Workers Planned": 3, "Plans": [{"Node Type": "Aggregate", "Strategy": "Sorted", "Partial Mode": "Partial", "Parent Relationship": "Outer", "Parallel Aware": false, "Startup Cost": 1493546.16, "Total Cost": 1504094.17, "Plan Rows": 99734, "Plan Width": 36, "Group Key": ["lineitem.l_suppkey"], "Plans": [{"Node Type": "Sort", "Parent Relationship": "Outer", "Parallel Aware": false, "Startup Cost": 1493546.16, "Total Cost": 1495406.42, "Plan Rows": 744107, "Plan Width": 16, "Sort Key": ["lineitem.l_suppkey"], "Plans": [{"Node Type": "Bitmap Heap Scan", "Parent Relationship": "Outer", "Parallel Aware": true, "Relation Name": "lineitem", "Alias": "lineitem", "Startup Cost": 33429.07, "Total Cost": 1413526.86, "Plan Rows": 744107, "Plan Width": 16, "Recheck Cond": "((l_shipdate >= '1996-10-01'::date) AND (l_shipdate < '1997-01-01 00:00:00'::timestamp without time zone))", "Plans": [{"Node Type": "Bitmap Index Scan", "Parent Relationship": "Outer", "Parallel Aware": false, "Index Name": "idx_lineitem_shipdate", "Startup Cost": 0.0, "Total Cost": 32852.39, "Plan Rows": 2306732, "Plan Width": 0, "Index Cond": "((l_shipdate >= '1996-10-01'::date) AND (l_shipdate < '1997-01-01 00:00:00'::timestamp without time zone))"}]}]}]}]}]}, {"Node Type": "Bitmap Heap Scan", "Parent Relationship": "Inner", "Parallel Aware": false, "Relation Name": "supplier", "Alias": "supplier", "Startup Cost": 0.88, "Total Cost": 1.99, "Plan Rows": 1, "Plan Width": 71, "Recheck Cond": "(s_suppkey = lineitem.l_suppkey)", "Plans": [{"Node Type": "Bitmap Index Scan", "Parent Relationship": "Outer", "Parallel Aware": false, "Index Name": "supplier_pkey", "Startup Cost": 0.0, "Total Cost": 0.88, "Plan Rows": 1, "Plan Width": 0, "Index Cond": "(s_suppkey = lineitem.l_suppkey)"}]}]}]}}, {"Plan": {"Node Type": "Limit", "Parallel Aware": false, "Startup Cost": 3051054.84, "Total Cost": 3051158.45, "Plan Rows": 1, "Plan Width": 103, "Plans": [{"Node Type": "Aggregate", "Strategy": "Plain", "Partial Mode": "Simple", "Parent Relationship": "InitPlan", "Subplan Name": "InitPlan 1 (returns $1)", "Parallel Aware": false, "Startup Cost": 1544987.81, "Total Cost": 1544987.82, "Plan Rows": 1, "Plan Width": 32, "Plans": [{"Node Type": "Aggregate", "Strategy": "Sorted", "Partial Mode": "Finalize", "Parent Relationship": "Outer", "Parallel Aware": false, "Startup Cost": 1494546.2, "Total Cost": 1543741.13, "Plan Rows": 99734, "Plan Width": 36, "Group Key": ["lineitem_1.l_suppkey"], "Plans": [{"Node Type": "Gather Merge", "Parent Relationship": "Outer", "Parallel Aware": false, "Startup Cost": 1494546.2, "Total Cost": 1540250.44, "Plan Rows": 299202, "Plan Width": 36, "Workers Planned": 3, "Plans": [{"Node Type": "Aggregate", "Strategy": "Sorted", "Partial Mode": "Partial", "Parent Relationship": "Outer", "Parallel Aware": false, "Startup Cost": 1493546.16, "Total Cost": 1504094.17, "Plan Rows": 99734, "Plan Width": 36, "Group Key": ["lineitem_1.l_suppkey"], "Plans": [{"Node Type": "Sort", "Parent Relationship": "Outer", "Parallel Aware": false, "Startup Cost": 1493546.16, "Total Cost": 1495406.42, "Plan Rows": 744107, "Plan Width": 16, "Sort Key": ["lineitem_1.l_suppkey"], "Plans": [{"Node Type": "Bitmap Heap Scan", "Parent Relationship": "Outer", "Parallel Aware": true, "Relation Name": "lineitem", "Alias": "lineitem_1", "Startup Cost": 33429.07, "Total Cost": 1413526.86, "Plan Rows": 744107, "Plan Width": 16, "Recheck Cond": "((l_shipdate >= '1996-10-01'::date) AND (l_shipdate < '1997-01-01 00:00:00'::timestamp without time zone))", "Plans": [{"Node Type": "Bitmap Index Scan", "Parent Relationship": "Outer", "Parallel Aware": false, "Index Name": "idx_lineitem_shipdate", "Startup Cost": 0.0, "Total Cost": 32852.39, "Plan Rows": 2306732, "Plan Width": 0, "Index Cond": "((l_shipdate >= '1996-10-01'::date) AND (l_shipdate < '1997-01-01 00:00:00'::timestamp without time zone))"}]}]}]}]}]}]}, {"Node Type": "Merge Join", "Parent Relationship": "Outer", "Parallel Aware": false, "Join Type": "Inner", "Startup Cost": 1506067.02, "Total Cost": 1557767.86, "Plan Rows": 499, "Plan Width": 103, "Inner Unique": true, "Merge Cond": "(supplier.s_suppkey = lineitem.l_suppkey)", "Plans": [{"Node Type": "Sort", "Parent Relationship": "Outer", "Parallel Aware": false, "Startup Cost": 11520.82, "Total Cost": 11770.82, "Plan Rows": 100000, "Plan Width": 71, "Sort Key": ["supplier.s_suppkey"], "Plans": [{"Node Type": "Seq Scan", "Parent Relationship": "Outer", "Parallel Aware": false, "Relation Name": "supplier", "Alias": "supplier", "Startup Cost": 0.0, "Total Cost": 3216.0, "Plan Rows": 100000, "Plan Width": 71}]}, {"Node Type": "Aggregate", "Strategy": "Sorted", "Partial Mode": "Finalize", "Parent Relationship": "Inner", "Parallel Aware": false, "Startup Cost": 1494546.2, "Total Cost": 1545735.81, "Plan Rows": 499, "Plan Width": 36, "Group Key": ["lineitem.l_suppkey"], "Filter": "(sum((lineitem.l_extendedprice * ('1'::numeric - lineitem.l_discount))) = $1)", "Plans": [{"Node Type": "Gather Merge", "Parent Relationship": "Outer", "Parallel Aware": false, "Startup Cost": 1494546.2, "Total Cost": 1540250.44, "Plan Rows": 299202, "Plan Width": 36, "Workers Planned": 3, "Plans": [{"Node Type": "Aggregate", "Strategy": "Sorted", "Partial Mode": "Partial", "Parent Relationship": "Outer", "Parallel Aware": false, "Startup Cost": 1493546.16, "Total Cost": 1504094.17, "Plan Rows": 99734, "Plan Width": 36, "Group Key": ["lineitem.l_suppkey"], "Plans": [{"Node Type": "Sort", "Parent Relationship": "Outer", "Parallel Aware": false, "Startup Cost": 1493546.16, "Total Cost": 1495406.42, "Plan Rows": 744107, "Plan Width": 16, "Sort Key": ["lineitem.l_suppkey"], "Plans": [{"Node Type": "Bitmap Heap Scan", "Parent Relationship": "Outer", "Parallel Aware": true, "Relation Name": "lineitem", "Alias": "lineitem", "Startup Cost": 33429.07, "Total Cost": 1413526.86, "Plan Rows": 744107, "Plan Width": 16, "Recheck Cond": "((l_shipdate >= '1996-10-01'::date) AND (l_shipdate < '1997-01-01 00:00:00'::timestamp without time zone))", "Plans": [{"Node Type": "Bitmap Index Scan", "Parent Relationship": "Outer", "Parallel Aware": false, "Index Name": "idx_lineitem_shipdate", "Startup Cost": 0.0, "Total Cost": 32852.39, "Plan Rows": 2306732, "Plan Width": 0, "Index Cond": "((l_shipdate >= '1996-10-01'::date) AND (l_shipdate < '1997-01-01 00:00:00'::timestamp without time zone))"}]}]}]}]}]}]}]}}, {"Plan": {"Node Type": "Limit", "Parallel Aware": false, "Startup Cost": 3039534.9, "Total Cost": 3039639.48, "Plan Rows": 1, "Plan Width": 103, "Plans": [{"Node Type": "Aggregate", "Strategy": "Plain", "Partial Mode": "Simple", "Parent Relationship": "InitPlan", "Subplan Name": "InitPlan 1 (returns $1)", "Parallel Aware": false, "Startup Cost": 1544987.81, "Total Cost": 1544987.82, "Plan Rows": 1, "Plan Width": 32, "Plans": [{"Node Type": "Aggregate", "Strategy": "Sorted", "Partial Mode": "Finalize", "Parent Relationship": "Outer", "Parallel Aware": false, "Startup Cost": 1494546.2, "Total Cost": 1543741.13, "Plan Rows": 99734, "Plan Width": 36, "Group Key": ["lineitem_1.l_suppkey"], "Plans": [{"Node Type": "Gather Merge", "Parent Relationship": "Outer", "Parallel Aware": false, "Startup Cost": 1494546.2, "Total Cost": 1540250.44, "Plan Rows": 299202, "Plan Width": 36, "Workers Planned": 3, "Plans": [{"Node Type": "Aggregate", "Strategy": "Sorted", "Partial Mode": "Partial", "Parent Relationship": "Outer", "Parallel Aware": false, "Startup Cost": 1493546.16, "Total Cost": 1504094.17, "Plan Rows": 99734, "Plan Width": 36, "Group Key": ["lineitem_1.l_suppkey"], "Plans": [{"Node Type": "Sort", "Parent Relationship": "Outer", "Parallel Aware": false, "Startup Cost": 1493546.16, "Total Cost": 1495406.42, "Plan Rows": 744107, "Plan Width": 16, "Sort Key": ["lineitem_1.l_suppkey"], "Plans": [{"Node Type": "Bitmap Heap Scan", "Parent Relationship": "Outer", "Parallel Aware": true, "Relation Name": "lineitem", "Alias": "lineitem_1", "Startup Cost": 33429.07, "Total Cost": 1413526.86, "Plan Rows": 744107, "Plan Width": 16, "Recheck Cond": "((l_shipdate >= '1996-10-01'::date) AND (l_shipdate < '1997-01-01 00:00:00'::timestamp without time zone))", "Plans": [{"Node Type": "Bitmap Index Scan", "Parent Relationship": "Outer", "Parallel Aware": false, "Index Name": "idx_lineitem_shipdate", "Startup Cost": 0.0, "Total Cost": 32852.39, "Plan Rows": 2306732, "Plan Width": 0, "Index Cond": "((l_shipdate >= '1996-10-01'::date) AND (l_shipdate < '1997-01-01 00:00:00'::timestamp without time zone))"}]}]}]}]}]}]}, {"Node Type": "Nested Loop", "Parent Relationship": "Outer", "Parallel Aware": false, "Join Type": "Inner", "Startup Cost": 1494547.08, "Total Cost": 1546735.07, "Plan Rows": 499, "Plan Width": 103, "Inner Unique": true, "Plans": [{"Node Type": "Aggregate", "Strategy": "Sorted", "Partial Mode": "Finalize", "Parent Relationship": "Outer", "Parallel Aware": false, "Startup Cost": 1494546.2, "Total Cost": 1545735.81, "Plan Rows": 499, "Plan Width": 36, "Group Key": ["lineitem.l_suppkey"], "Filter": "(sum((lineitem.l_extendedprice * ('1'::numeric - lineitem.l_discount))) = $1)", "Plans": [{"Node Type": "Gather Merge", "Parent Relationship": "Outer", "Parallel Aware": false, "Startup Cost": 1494546.2, "Total Cost": 1540250.44, "Plan Rows": 299202, "Plan Width": 36, "Workers Planned": 3, "Plans": [{"Node Type": "Aggregate", "Strategy": "Sorted", "Partial Mode": "Partial", "Parent Relationship": "Outer", "Parallel Aware": false, "Startup Cost": 1493546.16, "Total Cost": 1504094.17, "Plan Rows": 99734, "Plan Width": 36, "Group Key": ["lineitem.l_suppkey"], "Plans": [{"Node Type": "Sort", "Parent Relationship": "Outer", "Parallel Aware": false, "Startup Cost": 1493546.16, "Total Cost": 1495406.42, "Plan Rows": 744107, "Plan Width": 16, "Sort Key": ["lineitem.l_suppkey"], "Plans": [{"Node Type": "Bitmap Heap Scan", "Parent Relationship": "Outer", "Parallel Aware": true, "Relation Name": "lineitem", "Alias": "lineitem", "Startup Cost": 33429.07, "Total Cost": 1413526.86, "Plan Rows": 744107, "Plan Width": 16, "Recheck Cond": "((l_shipdate >= '1996-10-01'::date) AND (l_shipdate < '1997-01-01 00:00:00'::timestamp without time zone))", "Plans": [{"Node Type": "Bitmap Index Scan", "Parent Relationship": "Outer", "Parallel Aware": false, "Index Name": "idx_lineitem_shipdate", "Startup Cost": 0.0, "Total Cost": 32852.39, "Plan Rows": 2306732, "Plan Width": 0, "Index Cond": "((l_shipdate >= '1996-10-01'::date) AND (l_shipdate < '1997-01-01 00:00:00'::timestamp without time zone))"}]}]}]}]}]}, {"Node Type": "Bitmap Heap Scan", "Parent Relationship": "Inner", "Parallel Aware": false, "Relation Name": "supplier", "Alias": "supplier", "Startup Cost": 0.88, "Total Cost": 1.99, "Plan Rows": 1, "Plan Width": 71, "Recheck Cond": "(s_suppkey = lineitem.l_suppkey)", "Plans": [{"Node Type": "Bitmap Index Scan", "Parent Relationship": "Outer", "Parallel Aware": false, "Index Name": "supplier_pkey", "Startup Cost": 0.0, "Total Cost": 0.88, "Plan Rows": 1, "Plan Width": 0, "Index Cond": "(s_suppkey = lineitem.l_suppkey)"}]}]}]}}, {"Plan": {"Node Type": "Limit", "Parallel Aware": false, "Startup Cost": 3039534.9, "Total Cost": 3039639.48, "Plan Rows": 1, "Plan Width": 103, "Plans": [{"Node Type": "Aggregate", "Strategy": "Plain", "Partial Mode": "Simple", "Parent Relationship": "InitPlan", "Subplan Name": "InitPlan 1 (returns $1)", "Parallel Aware": false, "Startup Cost": 1544987.81, "Total Cost": 1544987.82, "Plan Rows": 1, "Plan Width": 32, "Plans": [{"Node Type": "Aggregate", "Strategy": "Sorted", "Partial Mode": "Finalize", "Parent Relationship": "Outer", "Parallel Aware": false, "Startup Cost": 1494546.2, "Total Cost": 1543741.13, "Plan Rows": 99734, "Plan Width": 36, "Group Key": ["lineitem_1.l_suppkey"], "Plans": [{"Node Type": "Gather Merge", "Parent Relationship": "Outer", "Parallel Aware": false, "Startup Cost": 1494546.2, "Total Cost": 1540250.44, "Plan Rows": 299202, "Plan Width": 36, "Workers Planned": 3, "Plans": [{"Node Type": "Aggregate", "Strategy": "Sorted", "Partial Mode": "Partial", "Parent Relationship": "Outer", "Parallel Aware": false, "Startup Cost": 1493546.16, "Total Cost": 1504094.17, "Plan Rows": 99734, "Plan Width": 36, "Group Key": ["lineitem_1.l_suppkey"], "Plans": [{"Node Type": "Sort", "Parent Relationship": "Outer", "Parallel Aware": false, "Startup Cost": 1493546.16, "Total Cost": 1495406.42, "Plan Rows": 744107, "Plan Width": 16, "Sort Key": ["lineitem_1.l_suppkey"], "Plans": [{"Node Type": "Bitmap Heap Scan", "Parent Relationship": "Outer", "Parallel Aware": true, "Relation Name": "lineitem", "Alias": "lineitem_1", "Startup Cost": 33429.07, "Total Cost": 1413526.86, "Plan Rows": 744107, "Plan Width": 16, "Recheck Cond": "((l_shipdate >= '1996-10-01'::date) AND (l_shipdate < '1997-01-01 00:00:00'::timestamp without time zone))", "Plans": [{"Node Type": "Bitmap Index Scan", "Parent Relationship": "Outer", "Parallel Aware": false, "Index Name": "idx_lineitem_shipdate", "Startup Cost": 0.0, "Total Cost": 32852.39, "Plan Rows": 2306732, "Plan Width": 0, "Index Cond": "((l_shipdate >= '1996-10-01'::date) AND (l_shipdate < '1997-01-01 00:00:00'::timestamp without time zone))"}]}]}]}]}]}]}, {"Node Type": "Nested Loop", "Parent Relationship": "Outer", "Parallel Aware": false, "Join Type": "Inner", "Startup Cost": 1494547.08, "Total Cost": 1546735.07, "Plan Rows": 499, "Plan Width": 103, "Inner Unique": true, "Plans": [{"Node Type": "Aggregate", "Strategy": "Sorted", "Partial Mode": "Finalize", "Parent Relationship": "Outer", "Parallel Aware": false, "Startup Cost": 1494546.2, "Total Cost": 1545735.81, "Plan Rows": 499, "Plan Width": 36, "Group Key": ["lineitem.l_suppkey"], "Filter": "(sum((lineitem.l_extendedprice * ('1'::numeric - lineitem.l_discount))) = $1)", "Plans": [{"Node Type": "Gather Merge", "Parent Relationship": "Outer", "Parallel Aware": false, "Startup Cost": 1494546.2, "Total Cost": 1540250.44, "Plan Rows": 299202, "Plan Width": 36, "Workers Planned": 3, "Plans": [{"Node Type": "Aggregate", "Strategy": "Sorted", "Partial Mode": "Partial", "Parent Relationship": "Outer", "Parallel Aware": false, "Startup Cost": 1493546.16, "Total Cost": 1504094.17, "Plan Rows": 99734, "Plan Width": 36, "Group Key": ["lineitem.l_suppkey"], "Plans": [{"Node Type": "Sort", "Parent Relationship": "Outer", "Parallel Aware": false, "Startup Cost": 1493546.16, "Total Cost": 1495406.42, "Plan Rows": 744107, "Plan Width": 16, "Sort Key": ["lineitem.l_suppkey"], "Plans": [{"Node Type": "Bitmap Heap Scan", "Parent Relationship": "Outer", "Parallel Aware": true, "Relation Name": "lineitem", "Alias": "lineitem", "Startup Cost": 33429.07, "Total Cost": 1413526.86, "Plan Rows": 744107, "Plan Width": 16, "Recheck Cond": "((l_shipdate >= '1996-10-01'::date) AND (l_shipdate < '1997-01-01 00:00:00'::timestamp without time zone))", "Plans": [{"Node Type": "Bitmap Index Scan", "Parent Relationship": "Outer", "Parallel Aware": false, "Index Name": "idx_lineitem_shipdate", "Startup Cost": 0.0, "Total Cost": 32852.39, "Plan Rows": 2306732, "Plan Width": 0, "Index Cond": "((l_shipdate >= '1996-10-01'::date) AND (l_shipdate < '1997-01-01 00:00:00'::timestamp without time zone))"}]}]}]}]}]}, {"Node Type": "Bitmap Heap Scan", "Parent Relationship": "Inner", "Parallel Aware": false, "Relation Name": "supplier", "Alias": "supplier", "Startup Cost": 0.88, "Total Cost": 1.99, "Plan Rows": 1, "Plan Width": 71, "Recheck Cond": "(s_suppkey = lineitem.l_suppkey)", "Plans": [{"Node Type": "Bitmap Index Scan", "Parent Relationship": "Outer", "Parallel Aware": false, "Index Name": "supplier_pkey", "Startup Cost": 0.0, "Total Cost": 0.88, "Plan Rows": 1, "Plan Width": 0, "Index Cond": "(s_suppkey = lineitem.l_suppkey)"}]}]}]}}, {"Plan": {"Node Type": "Limit", "Parallel Aware": false, "Startup Cost": 3095198.43, "Total Cost": 3095198.43, "Plan Rows": 1, "Plan Width": 103, "Plans": [{"Node Type": "Aggregate", "Strategy": "Plain", "Partial Mode": "Simple", "Parent Relationship": "InitPlan", "Subplan Name": "InitPlan 1 (returns $1)", "Parallel Aware": false, "Startup Cost": 1544987.81, "Total Cost": 1544987.82, "Plan Rows": 1, "Plan Width": 32, "Plans": [{"Node Type": "Aggregate", "Strategy": "Sorted", "Partial Mode": "Finalize", "Parent Relationship": "Outer", "Parallel Aware": false, "Startup Cost": 1494546.2, "Total Cost": 1543741.13, "Plan Rows": 99734, "Plan Width": 36, "Group Key": ["lineitem_1.l_suppkey"], "Plans": [{"Node Type": "Gather Merge", "Parent Relationship": "Outer", "Parallel Aware": false, "Startup Cost": 1494546.2, "Total Cost": 1540250.44, "Plan Rows": 299202, "Plan Width": 36, "Workers Planned": 3, "Plans": [{"Node Type": "Aggregate", "Strategy": "Sorted", "Partial Mode": "Partial", "Parent Relationship": "Outer", "Parallel Aware": false, "Startup Cost": 1493546.16, "Total Cost": 1504094.17, "Plan Rows": 99734, "Plan Width": 36, "Group Key": ["lineitem_1.l_suppkey"], "Plans": [{"Node Type": "Sort", "Parent Relationship": "Outer", "Parallel Aware": false, "Startup Cost": 1493546.16, "Total Cost": 1495406.42, "Plan Rows": 744107, "Plan Width": 16, "Sort Key": ["lineitem_1.l_suppkey"], "Plans": [{"Node Type": "Bitmap Heap Scan", "Parent Relationship": "Outer", "Parallel Aware": true, "Relation Name": "lineitem", "Alias": "lineitem_1", "Startup Cost": 33429.07, "Total Cost": 1413526.86, "Plan Rows": 744107, "Plan Width": 16, "Recheck Cond": "((l_shipdate >= '1996-10-01'::date) AND (l_shipdate < '1997-01-01 00:00:00'::timestamp without time zone))", "Plans": [{"Node Type": "Bitmap Index Scan", "Parent Relationship": "Outer", "Parallel Aware": false, "Index Name": "idx_lineitem_shipdate", "Startup Cost": 0.0, "Total Cost": 32852.39, "Plan Rows": 2306732, "Plan Width": 0, "Index Cond": "((l_shipdate >= '1996-10-01'::date) AND (l_shipdate < '1997-01-01 00:00:00'::timestamp without time zone))"}]}]}]}]}]}]}, {"Node Type": "Sort", "Parent Relationship": "Outer", "Parallel Aware": false, "Startup Cost": 1550210.61, "Total Cost": 1550211.86, "Plan Rows": 499, "Plan Width": 103, "Sort Key": ["supplier.s_suppkey"], "Plans": [{"Node Type": "Hash Join", "Parent Relationship": "Outer", "Parallel Aware": false, "Join Type": "Inner", "Startup Cost": 1499012.2, "Total Cost": 1550208.11, "Plan Rows": 499, "Plan Width": 103, "Inner Unique": true, "Hash Cond": "(lineitem.l_suppkey = supplier.s_suppkey)", "Plans": [{"Node Type": "Aggregate", "Strategy": "Sorted", "Partial Mode": "Finalize", "Parent Relationship": "Outer", "Parallel Aware": false, "Startup Cost": 1494546.2, "Total Cost": 1545735.81, "Plan Rows": 499, "Plan Width": 36, "Group Key": ["lineitem.l_suppkey"], "Filter": "(sum((lineitem.l_extendedprice * ('1'::numeric - lineitem.l_discount))) = $1)", "Plans": [{"Node Type": "Gather Merge", "Parent Relationship": "Outer", "Parallel Aware": false, "Startup Cost": 1494546.2, "Total Cost": 1540250.44, "Plan Rows": 299202, "Plan Width": 36, "Workers Planned": 3, "Plans": [{"Node Type": "Aggregate", "Strategy": "Sorted", "Partial Mode": "Partial", "Parent Relationship": "Outer", "Parallel Aware": false, "Startup Cost": 1493546.16, "Total Cost": 1504094.17, "Plan Rows": 99734, "Plan Width": 36, "Group Key": ["lineitem.l_suppkey"], "Plans": [{"Node Type": "Sort", "Parent Relationship": "Outer", "Parallel Aware": false, "Startup Cost": 1493546.16, "Total Cost": 1495406.42, "Plan Rows": 744107, "Plan Width": 16, "Sort Key": ["lineitem.l_suppkey"], "Plans": [{"Node Type": "Bitmap Heap Scan", "Parent Relationship": "Outer", "Parallel Aware": true, "Relation Name": "lineitem", "Alias": "lineitem", "Startup Cost": 33429.07, "Total Cost": 1413526.86, "Plan Rows": 744107, "Plan Width": 16, "Recheck Cond": "((l_shipdate >= '1996-10-01'::date) AND (l_shipdate < '1997-01-01 00:00:00'::timestamp without time zone))", "Plans": [{"Node Type": "Bitmap Index Scan", "Parent Relationship": "Outer", "Parallel Aware": false, "Index Name": "idx_lineitem_shipdate", "Startup Cost": 0.0, "Total Cost": 32852.39, "Plan Rows": 2306732, "Plan Width": 0, "Index Cond": "((l_shipdate >= '1996-10-01'::date) AND (l_shipdate < '1997-01-01 00:00:00'::timestamp without time zone))"}]}]}]}]}]}, {"Node Type": "Hash", "Parent Relationship": "Inner", "Parallel Aware": false, "Startup Cost": 3216.0, "Total Cost": 3216.0, "Plan Rows": 100000, "Plan Width": 71, "Plans": [{"Node Type": "Seq Scan", "Parent Relationship": "Outer", "Parallel Aware": false, "Relation Name": "supplier", "Alias": "supplier", "Startup Cost": 0.0, "Total Cost": 3216.0, "Plan Rows": 100000, "Plan Width": 71}]}]}]}]}}, {"Plan": {"Node Type": "Limit", "Parallel Aware": false, "Startup Cost": 2823523.58, "Total Cost": 2823523.58, "Plan Rows": 1, "Plan Width": 103, "Plans": [{"Node Type": "Aggregate", "Strategy": "Plain", "Partial Mode": "Simple", "Parent Relationship": "InitPlan", "Subplan Name": "InitPlan 1 (returns $1)", "Parallel Aware": false, "Startup Cost": 1408748.34, "Total Cost": 1408748.35, "Plan Rows": 1, "Plan Width": 32, "Plans": [{"Node Type": "Aggregate", "Strategy": "Sorted", "Partial Mode": "Finalize", "Parent Relationship": "Outer", "Parallel Aware": false, "Startup Cost": 1358306.72, "Total Cost": 1407501.66, "Plan Rows": 99734, "Plan Width": 36, "Group Key": ["lineitem_1.l_suppkey"], "Plans": [{"Node Type": "Gather Merge", "Parent Relationship": "Outer", "Parallel Aware": false, "Startup Cost": 1358306.72, "Total Cost": 1404010.97, "Plan Rows": 299202, "Plan Width": 36, "Workers Planned": 3, "Plans": [{"Node Type": "Aggregate", "Strategy": "Sorted", "Partial Mode": "Partial", "Parent Relationship": "Outer", "Parallel Aware": false, "Startup Cost": 1357306.68, "Total Cost": 1367854.7, "Plan Rows": 99734, "Plan Width": 36, "Group Key": ["lineitem_1.l_suppkey"], "Plans": [{"Node Type": "Sort", "Parent Relationship": "Outer", "Parallel Aware": false, "Startup Cost": 1357306.68, "Total Cost": 1359166.95, "Plan Rows": 744107, "Plan Width": 16, "Sort Key": ["lineitem_1.l_suppkey"], "Plans": [{"Node Type": "Index Scan", "Parent Relationship": "Outer", "Parallel Aware": true, "Scan Direction": "Forward", "Index Name": "idx_lineitem_shipdate", "Relation Name": "lineitem", "Alias": "lineitem_1", "Startup Cost": 0.56, "Total Cost": 1277287.39, "Plan Rows": 744107, "Plan Width": 16, "Index Cond": "((l_shipdate >= '1996-10-01'::date) AND (l_shipdate < '1997-01-01 00:00:00'::timestamp without time zone))"}]}]}]}]}]}, {"Node Type": "Sort", "Parent Relationship": "Outer", "Parallel Aware": false, "Startup Cost": 1414775.23, "Total Cost": 1414776.48, "Plan Rows": 499, "Plan Width": 103, "Sort Key": ["supplier.s_suppkey"], "Plans": [{"Node Type": "Hash Join", "Parent Relationship": "Outer", "Parallel Aware": false, "Join Type": "Inner", "Startup Cost": 1363576.82, "Total Cost": 1414772.74, "Plan Rows": 499, "Plan Width": 103, "Inner Unique": true, "Hash Cond": "(lineitem.l_suppkey = supplier.s_suppkey)", "Plans": [{"Node Type": "Aggregate", "Strategy": "Sorted", "Partial Mode": "Finalize", "Parent Relationship": "Outer", "Parallel Aware": false, "Startup Cost": 1358306.72, "Total Cost": 1409496.34, "Plan Rows": 499, "Plan Width": 36, "Group Key": ["lineitem.l_suppkey"], "Filter": "(sum((lineitem.l_extendedprice * ('1'::numeric - lineitem.l_discount))) = $1)", "Plans": [{"Node Type": "Gather Merge", "Parent Relationship": "Outer", "Parallel Aware": false, "Startup Cost": 1358306.72, "Total Cost": 1404010.97, "Plan Rows": 299202, "Plan Width": 36, "Workers Planned": 3, "Plans": [{"Node Type": "Aggregate", "Strategy": "Sorted", "Partial Mode": "Partial", "Parent Relationship": "Outer", "Parallel Aware": false, "Startup Cost": 1357306.68, "Total Cost": 1367854.7, "Plan Rows": 99734, "Plan Width": 36, "Group Key": ["lineitem.l_suppkey"], "Plans": [{"Node Type": "Sort", "Parent Relationship": "Outer", "Parallel Aware": false, "Startup Cost": 1357306.68, "Total Cost": 1359166.95, "Plan Rows": 744107, "Plan Width": 16, "Sort Key": ["lineitem.l_suppkey"], "Plans": [{"Node Type": "Index Scan", "Parent Relationship": "Outer", "Parallel Aware": true, "Scan Direction": "Forward", "Index Name": "idx_lineitem_shipdate", "Relation Name": "lineitem", "Alias": "lineitem", "Startup Cost": 0.56, "Total Cost": 1277287.39, "Plan Rows": 744107, "Plan Width": 16, "Index Cond": "((l_shipdate >= '1996-10-01'::date) AND (l_shipdate < '1997-01-01 00:00:00'::timestamp without time zone))"}]}]}]}]}, {"Node Type": "Hash", "Parent Relationship": "Inner", "Parallel Aware": false, "Startup Cost": 4020.1, "Total Cost": 4020.1, "Plan Rows": 100000, "Plan Width": 71, "Plans": [{"Node Type": "Index Scan", "Parent Relationship": "Outer", "Parallel Aware": false, "Scan Direction": "Forward", "Index Name": "supplier_pkey", "Relation Name": "supplier", "Alias": "supplier", "Startup Cost": 0.29, "Total Cost": 4020.1, "Plan Rows": 100000, "Plan Width": 71}]}]}]}]}}, {"Plan": {"Node Type": "Limit", "Parallel Aware": false, "Startup Cost": 2767055.36, "Total Cost": 2767166.53, "Plan Rows": 1, "Plan Width": 103, "Plans": [{"Node Type": "Aggregate", "Strategy": "Plain", "Partial Mode": "Simple", "Parent Relationship": "InitPlan", "Subplan Name": "InitPlan 1 (returns $1)", "Parallel Aware": false, "Startup Cost": 1408748.34, "Total Cost": 1408748.35, "Plan Rows": 1, "Plan Width": 32, "Plans": [{"Node Type": "Aggregate", "Strategy": "Sorted", "Partial Mode": "Finalize", "Parent Relationship": "Outer", "Parallel Aware": false, "Startup Cost": 1358306.72, "Total Cost": 1407501.66, "Plan Rows": 99734, "Plan Width": 36, "Group Key": ["lineitem_1.l_suppkey"], "Plans": [{"Node Type": "Gather Merge", "Parent Relationship": "Outer", "Parallel Aware": false, "Startup Cost": 1358306.72, "Total Cost": 1404010.97, "Plan Rows": 299202, "Plan Width": 36, "Workers Planned": 3, "Plans": [{"Node Type": "Aggregate", "Strategy": "Sorted", "Partial Mode": "Partial", "Parent Relationship": "Outer", "Parallel Aware": false, "Startup Cost": 1357306.68, "Total Cost": 1367854.7, "Plan Rows": 99734, "Plan Width": 36, "Group Key": ["lineitem_1.l_suppkey"], "Plans": [{"Node Type": "Sort", "Parent Relationship": "Outer", "Parallel Aware": false, "Startup Cost": 1357306.68, "Total Cost": 1359166.95, "Plan Rows": 744107, "Plan Width": 16, "Sort Key": ["lineitem_1.l_suppkey"], "Plans": [{"Node Type": "Index Scan", "Parent Relationship": "Outer", "Parallel Aware": true, "Scan Direction": "Forward", "Index Name": "idx_lineitem_shipdate", "Relation Name": "lineitem", "Alias": "lineitem_1", "Startup Cost": 0.56, "Total Cost": 1277287.39, "Plan Rows": 744107, "Plan Width": 16, "Index Cond": "((l_shipdate >= '1996-10-01'::date) AND (l_shipdate < '1997-01-01 00:00:00'::timestamp without time zone))"}]}]}]}]}]}, {"Node Type": "Merge Join", "Parent Relationship": "Outer", "Parallel Aware": false, "Join Type": "Inner", "Startup Cost": 1358307.02, "Total Cost": 1413777.67, "Plan Rows": 499, "Plan Width": 103, "Inner Unique": true, "Merge Cond": "(supplier.s_suppkey = lineitem.l_suppkey)", "Plans": [{"Node Type": "Index Scan", "Parent Relationship": "Outer", "Parallel Aware": false, "Scan Direction": "Forward", "Index Name": "supplier_pkey", "Relation Name": "supplier", "Alias": "supplier", "Startup Cost": 0.29, "Total Cost": 4020.1, "Plan Rows": 100000, "Plan Width": 71}, {"Node Type": "Aggregate", "Strategy": "Sorted", "Partial Mode": "Finalize", "Parent Relationship": "Inner", "Parallel Aware": false, "Startup Cost": 1358306.72, "Total Cost": 1409496.34, "Plan Rows": 499, "Plan Width": 36, "Group Key": ["lineitem.l_suppkey"], "Filter": "(sum((lineitem.l_extendedprice * ('1'::numeric - lineitem.l_discount))) = $1)", "Plans": [{"Node Type": "Gather Merge", "Parent Relationship": "Outer", "Parallel Aware": false, "Startup Cost": 1358306.72, "Total Cost": 1404010.97, "Plan Rows": 299202, "Plan Width": 36, "Workers Planned": 3, "Plans": [{"Node Type": "Aggregate", "Strategy": "Sorted", "Partial Mode": "Partial", "Parent Relationship": "Outer", "Parallel Aware": false, "Startup Cost": 1357306.68, "Total Cost": 1367854.7, "Plan Rows": 99734, "Plan Width": 36, "Group Key": ["lineitem.l_suppkey"], "Plans": [{"Node Type": "Sort", "Parent Relationship": "Outer", "Parallel Aware": false, "Startup Cost": 1357306.68, "Total Cost": 1359166.95, "Plan Rows": 744107, "Plan Width": 16, "Sort Key": ["lineitem.l_suppkey"], "Plans": [{"Node Type": "Index Scan", "Parent Relationship": "Outer", "Parallel Aware": true, "Scan Direction": "Forward", "Index Name": "idx_lineitem_shipdate", "Relation Name": "lineitem", "Alias": "lineitem", "Startup Cost": 0.56, "Total Cost": 1277287.39, "Plan Rows": 744107, "Plan Width": 16, "Index Cond": "((l_shipdate >= '1996-10-01'::date) AND (l_shipdate < '1997-01-01 00:00:00'::timestamp without time zone))"}]}]}]}]}]}]}}, {"Plan": {"Node Type": "Limit", "Parallel Aware": false, "Startup Cost": 2767055.36, "Total Cost": 2767159.84, "Plan Rows": 1, "Plan Width": 103, "Plans": [{"Node Type": "Aggregate", "Strategy": "Plain", "Partial Mode": "Simple", "Parent Relationship": "InitPlan", "Subplan Name": "InitPlan 1 (returns $1)", "Parallel Aware": false, "Startup Cost": 1408748.34, "Total Cost": 1408748.35, "Plan Rows": 1, "Plan Width": 32, "Plans": [{"Node Type": "Aggregate", "Strategy": "Sorted", "Partial Mode": "Finalize", "Parent Relationship": "Outer", "Parallel Aware": false, "Startup Cost": 1358306.72, "Total Cost": 1407501.66, "Plan Rows": 99734, "Plan Width": 36, "Group Key": ["lineitem_1.l_suppkey"], "Plans": [{"Node Type": "Gather Merge", "Parent Relationship": "Outer", "Parallel Aware": false, "Startup Cost": 1358306.72, "Total Cost": 1404010.97, "Plan Rows": 299202, "Plan Width": 36, "Workers Planned": 3, "Plans": [{"Node Type": "Aggregate", "Strategy": "Sorted", "Partial Mode": "Partial", "Parent Relationship": "Outer", "Parallel Aware": false, "Startup Cost": 1357306.68, "Total Cost": 1367854.7, "Plan Rows": 99734, "Plan Width": 36, "Group Key": ["lineitem_1.l_suppkey"], "Plans": [{"Node Type": "Sort", "Parent Relationship": "Outer", "Parallel Aware": false, "Startup Cost": 1357306.68, "Total Cost": 1359166.95, "Plan Rows": 744107, "Plan Width": 16, "Sort Key": ["lineitem_1.l_suppkey"], "Plans": [{"Node Type": "Index Scan", "Parent Relationship": "Outer", "Parallel Aware": true, "Scan Direction": "Forward", "Index Name": "idx_lineitem_shipdate", "Relation Name": "lineitem", "Alias": "lineitem_1", "Startup Cost": 0.56, "Total Cost": 1277287.39, "Plan Rows": 744107, "Plan Width": 16, "Index Cond": "((l_shipdate >= '1996-10-01'::date) AND (l_shipdate < '1997-01-01 00:00:00'::timestamp without time zone))"}]}]}]}]}]}, {"Node Type": "Nested Loop", "Parent Relationship": "Outer", "Parallel Aware": false, "Join Type": "Inner", "Startup Cost": 1358307.02, "Total Cost": 1410439.22, "Plan Rows": 499, "Plan Width": 103, "Inner Unique": true, "Plans": [{"Node Type": "Aggregate", "Strategy": "Sorted", "Partial Mode": "Finalize", "Parent Relationship": "Outer", "Parallel Aware": false, "Startup Cost": 1358306.72, "Total Cost": 1409496.34, "Plan Rows": 499, "Plan Width": 36, "Group Key": ["lineitem.l_suppkey"], "Filter": "(sum((lineitem.l_extendedprice * ('1'::numeric - lineitem.l_discount))) = $1)", "Plans": [{"Node Type": "Gather Merge", "Parent Relationship": "Outer", "Parallel Aware": false, "Startup Cost": 1358306.72, "Total Cost": 1404010.97, "Plan Rows": 299202, "Plan Width": 36, "Workers Planned": 3, "Plans": [{"Node Type": "Aggregate", "Strategy": "Sorted", "Partial Mode": "Partial", "Parent Relationship": "Outer", "Parallel Aware": false, "Startup Cost": 1357306.68, "Total Cost": 1367854.7, "Plan Rows": 99734, "Plan Width": 36, "Group Key": ["lineitem.l_suppkey"], "Plans": [{"Node Type": "Sort", "Parent Relationship": "Outer", "Parallel Aware": false, "Startup Cost": 1357306.68, "Total Cost": 1359166.95, "Plan Rows": 744107, "Plan Width": 16, "Sort Key": ["lineitem.l_suppkey"], "Plans": [{"Node Type": "Index Scan", "Parent Relationship": "Outer", "Parallel Aware": true, "Scan Direction": "Forward", "Index Name": "idx_lineitem_shipdate", "Relation Name": "lineitem", "Alias": "lineitem", "Startup Cost": 0.56, "Total Cost": 1277287.39, "Plan Rows": 744107, "Plan Width": 16, "Index Cond": "((l_shipdate >= '1996-10-01'::date) AND (l_shipdate < '1997-01-01 00:00:00'::timestamp without time zone))"}]}]}]}]}, {"Node Type": "Index Scan", "Parent Relationship": "Inner", "Parallel Aware": false, "Scan Direction": "Forward", "Index Name": "supplier_pkey", "Relation Name": "supplier", "Alias": "supplier", "Startup Cost": 0.29, "Total Cost": 1.88, "Plan Rows": 1, "Plan Width": 71, "Index Cond": "(s_suppkey = lineitem.l_suppkey)"}]}]}}, {"Plan": {"Node Type": "Limit", "Parallel Aware": false, "Startup Cost": 2767055.36, "Total Cost": 2767159.84, "Plan Rows": 1, "Plan Width": 103, "Plans": [{"Node Type": "Aggregate", "Strategy": "Plain", "Partial Mode": "Simple", "Parent Relationship": "InitPlan", "Subplan Name": "InitPlan 1 (returns $1)", "Parallel Aware": false, "Startup Cost": 1408748.34, "Total Cost": 1408748.35, "Plan Rows": 1, "Plan Width": 32, "Plans": [{"Node Type": "Aggregate", "Strategy": "Sorted", "Partial Mode": "Finalize", "Parent Relationship": "Outer", "Parallel Aware": false, "Startup Cost": 1358306.72, "Total Cost": 1407501.66, "Plan Rows": 99734, "Plan Width": 36, "Group Key": ["lineitem_1.l_suppkey"], "Plans": [{"Node Type": "Gather Merge", "Parent Relationship": "Outer", "Parallel Aware": false, "Startup Cost": 1358306.72, "Total Cost": 1404010.97, "Plan Rows": 299202, "Plan Width": 36, "Workers Planned": 3, "Plans": [{"Node Type": "Aggregate", "Strategy": "Sorted", "Partial Mode": "Partial", "Parent Relationship": "Outer", "Parallel Aware": false, "Startup Cost": 1357306.68, "Total Cost": 1367854.7, "Plan Rows": 99734, "Plan Width": 36, "Group Key": ["lineitem_1.l_suppkey"], "Plans": [{"Node Type": "Sort", "Parent Relationship": "Outer", "Parallel Aware": false, "Startup Cost": 1357306.68, "Total Cost": 1359166.95, "Plan Rows": 744107, "Plan Width": 16, "Sort Key": ["lineitem_1.l_suppkey"], "Plans": [{"Node Type": "Index Scan", "Parent Relationship": "Outer", "Parallel Aware": true, "Scan Direction": "Forward", "Index Name": "idx_lineitem_shipdate", "Relation Name": "lineitem", "Alias": "lineitem_1", "Startup Cost": 0.56, "Total Cost": 1277287.39, "Plan Rows": 744107, "Plan Width": 16, "Index Cond": "((l_shipdate >= '1996-10-01'::date) AND (l_shipdate < '1997-01-01 00:00:00'::timestamp without time zone))"}]}]}]}]}]}, {"Node Type": "Nested Loop", "Parent Relationship": "Outer", "Parallel Aware": false, "Join Type": "Inner", "Startup Cost": 1358307.02, "Total Cost": 1410439.22, "Plan Rows": 499, "Plan Width": 103, "Inner Unique": true, "Plans": [{"Node Type": "Aggregate", "Strategy": "Sorted", "Partial Mode": "Finalize", "Parent Relationship": "Outer", "Parallel Aware": false, "Startup Cost": 1358306.72, "Total Cost": 1409496.34, "Plan Rows": 499, "Plan Width": 36, "Group Key": ["lineitem.l_suppkey"], "Filter": "(sum((lineitem.l_extendedprice * ('1'::numeric - lineitem.l_discount))) = $1)", "Plans": [{"Node Type": "Gather Merge", "Parent Relationship": "Outer", "Parallel Aware": false, "Startup Cost": 1358306.72, "Total Cost": 1404010.97, "Plan Rows": 299202, "Plan Width": 36, "Workers Planned": 3, "Plans": [{"Node Type": "Aggregate", "Strategy": "Sorted", "Partial Mode": "Partial", "Parent Relationship": "Outer", "Parallel Aware": false, "Startup Cost": 1357306.68, "Total Cost": 1367854.7, "Plan Rows": 99734, "Plan Width": 36, "Group Key": ["lineitem.l_suppkey"], "Plans": [{"Node Type": "Sort", "Parent Relationship": "Outer", "Parallel Aware": false, "Startup Cost": 1357306.68, "Total Cost": 1359166.95, "Plan Rows": 744107, "Plan Width": 16, "Sort Key": ["lineitem.l_suppkey"], "Plans": [{"Node Type": "Index Scan", "Parent Relationship": "Outer", "Parallel Aware": true, "Scan Direction": "Forward", "Index Name": "idx_lineitem_shipdate", "Relation Name": "lineitem", "Alias": "lineitem", "Startup Cost": 0.56, "Total Cost": 1277287.39, "Plan Rows": 744107, "Plan Width": 16, "Index Cond": "((l_shipdate >= '1996-10-01'::date) AND (l_shipdate < '1997-01-01 00:00:00'::timestamp without time zone))"}]}]}]}]}, {"Node Type": "Index Scan", "Parent Relationship": "Inner", "Parallel Aware": false, "Scan Direction": "Forward", "Index Name": "supplier_pkey", "Relation Name": "supplier", "Alias": "supplier", "Startup Cost": 0.29, "Total Cost": 1.88, "Plan Rows": 1, "Plan Width": 71, "Index Cond": "(s_suppkey = lineitem.l_suppkey)"}]}]}}, {"Plan": {"Node Type": "Limit", "Parallel Aware": false, "Startup Cost": 2767055.36, "Total Cost": 2767166.53, "Plan Rows": 1, "Plan Width": 103, "Plans": [{"Node Type": "Aggregate", "Strategy": "Plain", "Partial Mode": "Simple", "Parent Relationship": "InitPlan", "Subplan Name": "InitPlan 1 (returns $1)", "Parallel Aware": false, "Startup Cost": 1408748.34, "Total Cost": 1408748.35, "Plan Rows": 1, "Plan Width": 32, "Plans": [{"Node Type": "Aggregate", "Strategy": "Sorted", "Partial Mode": "Finalize", "Parent Relationship": "Outer", "Parallel Aware": false, "Startup Cost": 1358306.72, "Total Cost": 1407501.66, "Plan Rows": 99734, "Plan Width": 36, "Group Key": ["lineitem_1.l_suppkey"], "Plans": [{"Node Type": "Gather Merge", "Parent Relationship": "Outer", "Parallel Aware": false, "Startup Cost": 1358306.72, "Total Cost": 1404010.97, "Plan Rows": 299202, "Plan Width": 36, "Workers Planned": 3, "Plans": [{"Node Type": "Aggregate", "Strategy": "Sorted", "Partial Mode": "Partial", "Parent Relationship": "Outer", "Parallel Aware": false, "Startup Cost": 1357306.68, "Total Cost": 1367854.7, "Plan Rows": 99734, "Plan Width": 36, "Group Key": ["lineitem_1.l_suppkey"], "Plans": [{"Node Type": "Sort", "Parent Relationship": "Outer", "Parallel Aware": false, "Startup Cost": 1357306.68, "Total Cost": 1359166.95, "Plan Rows": 744107, "Plan Width": 16, "Sort Key": ["lineitem_1.l_suppkey"], "Plans": [{"Node Type": "Index Scan", "Parent Relationship": "Outer", "Parallel Aware": true, "Scan Direction": "Forward", "Index Name": "idx_lineitem_shipdate", "Relation Name": "lineitem", "Alias": "lineitem_1", "Startup Cost": 0.56, "Total Cost": 1277287.39, "Plan Rows": 744107, "Plan Width": 16, "Index Cond": "((l_shipdate >= '1996-10-01'::date) AND (l_shipdate < '1997-01-01 00:00:00'::timestamp without time zone))"}]}]}]}]}]}, {"Node Type": "Merge Join", "Parent Relationship": "Outer", "Parallel Aware": false, "Join Type": "Inner", "Startup Cost": 1358307.02, "Total Cost": 1413777.67, "Plan Rows": 499, "Plan Width": 103, "Inner Unique": true, "Merge Cond": "(supplier.s_suppkey = lineitem.l_suppkey)", "Plans": [{"Node Type": "Index Scan", "Parent Relationship": "Outer", "Parallel Aware": false, "Scan Direction": "Forward", "Index Name": "supplier_pkey", "Relation Name": "supplier", "Alias": "supplier", "Startup Cost": 0.29, "Total Cost": 4020.1, "Plan Rows": 100000, "Plan Width": 71}, {"Node Type": "Aggregate", "Strategy": "Sorted", "Partial Mode": "Finalize", "Parent Relationship": "Inner", "Parallel Aware": false, "Startup Cost": 1358306.72, "Total Cost": 1409496.34, "Plan Rows": 499, "Plan Width": 36, "Group Key": ["lineitem.l_suppkey"], "Filter": "(sum((lineitem.l_extendedprice * ('1'::numeric - lineitem.l_discount))) = $1)", "Plans": [{"Node Type": "Gather Merge", "Parent Relationship": "Outer", "Parallel Aware": false, "Startup Cost": 1358306.72, "Total Cost": 1404010.97, "Plan Rows": 299202, "Plan Width": 36, "Workers Planned": 3, "Plans": [{"Node Type": "Aggregate", "Strategy": "Sorted", "Partial Mode": "Partial", "Parent Relationship": "Outer", "Parallel Aware": false, "Startup Cost": 1357306.68, "Total Cost": 1367854.7, "Plan Rows": 99734, "Plan Width": 36, "Group Key": ["lineitem.l_suppkey"], "Plans": [{"Node Type": "Sort", "Parent Relationship": "Outer", "Parallel Aware": false, "Startup Cost": 1357306.68, "Total Cost": 1359166.95, "Plan Rows": 744107, "Plan Width": 16, "Sort Key": ["lineitem.l_suppkey"], "Plans": [{"Node Type": "Index Scan", "Parent Relationship": "Outer", "Parallel Aware": true, "Scan Direction": "Forward", "Index Name": "idx_lineitem_shipdate", "Relation Name": "lineitem", "Alias": "lineitem", "Startup Cost": 0.56, "Total Cost": 1277287.39, "Plan Rows": 744107, "Plan Width": 16, "Index Cond": "((l_shipdate >= '1996-10-01'::date) AND (l_shipdate < '1997-01-01 00:00:00'::timestamp without time zone))"}]}]}]}]}]}]}}, {"Plan": {"Node Type": "Limit", "Parallel Aware": false, "Startup Cost": 2767055.36, "Total Cost": 2767159.84, "Plan Rows": 1, "Plan Width": 103, "Plans": [{"Node Type": "Aggregate", "Strategy": "Plain", "Partial Mode": "Simple", "Parent Relationship": "InitPlan", "Subplan Name": "InitPlan 1 (returns $1)", "Parallel Aware": false, "Startup Cost": 1408748.34, "Total Cost": 1408748.35, "Plan Rows": 1, "Plan Width": 32, "Plans": [{"Node Type": "Aggregate", "Strategy": "Sorted", "Partial Mode": "Finalize", "Parent Relationship": "Outer", "Parallel Aware": false, "Startup Cost": 1358306.72, "Total Cost": 1407501.66, "Plan Rows": 99734, "Plan Width": 36, "Group Key": ["lineitem_1.l_suppkey"], "Plans": [{"Node Type": "Gather Merge", "Parent Relationship": "Outer", "Parallel Aware": false, "Startup Cost": 1358306.72, "Total Cost": 1404010.97, "Plan Rows": 299202, "Plan Width": 36, "Workers Planned": 3, "Plans": [{"Node Type": "Aggregate", "Strategy": "Sorted", "Partial Mode": "Partial", "Parent Relationship": "Outer", "Parallel Aware": false, "Startup Cost": 1357306.68, "Total Cost": 1367854.7, "Plan Rows": 99734, "Plan Width": 36, "Group Key": ["lineitem_1.l_suppkey"], "Plans": [{"Node Type": "Sort", "Parent Relationship": "Outer", "Parallel Aware": false, "Startup Cost": 1357306.68, "Total Cost": 1359166.95, "Plan Rows": 744107, "Plan Width": 16, "Sort Key": ["lineitem_1.l_suppkey"], "Plans": [{"Node Type": "Index Scan", "Parent Relationship": "Outer", "Parallel Aware": true, "Scan Direction": "Forward", "Index Name": "idx_lineitem_shipdate", "Relation Name": "lineitem", "Alias": "lineitem_1", "Startup Cost": 0.56, "Total Cost": 1277287.39, "Plan Rows": 744107, "Plan Width": 16, "Index Cond": "((l_shipdate >= '1996-10-01'::date) AND (l_shipdate < '1997-01-01 00:00:00'::timestamp without time zone))"}]}]}]}]}]}, {"Node Type": "Nested Loop", "Parent Relationship": "Outer", "Parallel Aware": false, "Join Type": "Inner", "Startup Cost": 1358307.02, "Total Cost": 1410439.22, "Plan Rows": 499, "Plan Width": 103, "Inner Unique": true, "Plans": [{"Node Type": "Aggregate", "Strategy": "Sorted", "Partial Mode": "Finalize", "Parent Relationship": "Outer", "Parallel Aware": false, "Startup Cost": 1358306.72, "Total Cost": 1409496.34, "Plan Rows": 499, "Plan Width": 36, "Group Key": ["lineitem.l_suppkey"], "Filter": "(sum((lineitem.l_extendedprice * ('1'::numeric - lineitem.l_discount))) = $1)", "Plans": [{"Node Type": "Gather Merge", "Parent Relationship": "Outer", "Parallel Aware": false, "Startup Cost": 1358306.72, "Total Cost": 1404010.97, "Plan Rows": 299202, "Plan Width": 36, "Workers Planned": 3, "Plans": [{"Node Type": "Aggregate", "Strategy": "Sorted", "Partial Mode": "Partial", "Parent Relationship": "Outer", "Parallel Aware": false, "Startup Cost": 1357306.68, "Total Cost": 1367854.7, "Plan Rows": 99734, "Plan Width": 36, "Group Key": ["lineitem.l_suppkey"], "Plans": [{"Node Type": "Sort", "Parent Relationship": "Outer", "Parallel Aware": false, "Startup Cost": 1357306.68, "Total Cost": 1359166.95, "Plan Rows": 744107, "Plan Width": 16, "Sort Key": ["lineitem.l_suppkey"], "Plans": [{"Node Type": "Index Scan", "Parent Relationship": "Outer", "Parallel Aware": true, "Scan Direction": "Forward", "Index Name": "idx_lineitem_shipdate", "Relation Name": "lineitem", "Alias": "lineitem", "Startup Cost": 0.56, "Total Cost": 1277287.39, "Plan Rows": 744107, "Plan Width": 16, "Index Cond": "((l_shipdate >= '1996-10-01'::date) AND (l_shipdate < '1997-01-01 00:00:00'::timestamp without time zone))"}]}]}]}]}, {"Node Type": "Index Scan", "Parent Relationship": "Inner", "Parallel Aware": false, "Scan Direction": "Forward", "Index Name": "supplier_pkey", "Relation Name": "supplier", "Alias": "supplier", "Startup Cost": 0.29, "Total Cost": 1.88, "Plan Rows": 1, "Plan Width": 71, "Index Cond": "(s_suppkey = lineitem.l_suppkey)"}]}]}}, {"Plan": {"Node Type": "Limit", "Parallel Aware": false, "Startup Cost": 2767055.36, "Total Cost": 2767159.84, "Plan Rows": 1, "Plan Width": 103, "Plans": [{"Node Type": "Aggregate", "Strategy": "Plain", "Partial Mode": "Simple", "Parent Relationship": "InitPlan", "Subplan Name": "InitPlan 1 (returns $1)", "Parallel Aware": false, "Startup Cost": 1408748.34, "Total Cost": 1408748.35, "Plan Rows": 1, "Plan Width": 32, "Plans": [{"Node Type": "Aggregate", "Strategy": "Sorted", "Partial Mode": "Finalize", "Parent Relationship": "Outer", "Parallel Aware": false, "Startup Cost": 1358306.72, "Total Cost": 1407501.66, "Plan Rows": 99734, "Plan Width": 36, "Group Key": ["lineitem_1.l_suppkey"], "Plans": [{"Node Type": "Gather Merge", "Parent Relationship": "Outer", "Parallel Aware": false, "Startup Cost": 1358306.72, "Total Cost": 1404010.97, "Plan Rows": 299202, "Plan Width": 36, "Workers Planned": 3, "Plans": [{"Node Type": "Aggregate", "Strategy": "Sorted", "Partial Mode": "Partial", "Parent Relationship": "Outer", "Parallel Aware": false, "Startup Cost": 1357306.68, "Total Cost": 1367854.7, "Plan Rows": 99734, "Plan Width": 36, "Group Key": ["lineitem_1.l_suppkey"], "Plans": [{"Node Type": "Sort", "Parent Relationship": "Outer", "Parallel Aware": false, "Startup Cost": 1357306.68, "Total Cost": 1359166.95, "Plan Rows": 744107, "Plan Width": 16, "Sort Key": ["lineitem_1.l_suppkey"], "Plans": [{"Node Type": "Index Scan", "Parent Relationship": "Outer", "Parallel Aware": true, "Scan Direction": "Forward", "Index Name": "idx_lineitem_shipdate", "Relation Name": "lineitem", "Alias": "lineitem_1", "Startup Cost": 0.56, "Total Cost": 1277287.39, "Plan Rows": 744107, "Plan Width": 16, "Index Cond": "((l_shipdate >= '1996-10-01'::date) AND (l_shipdate < '1997-01-01 00:00:00'::timestamp without time zone))"}]}]}]}]}]}, {"Node Type": "Nested Loop", "Parent Relationship": "Outer", "Parallel Aware": false, "Join Type": "Inner", "Startup Cost": 1358307.02, "Total Cost": 1410439.22, "Plan Rows": 499, "Plan Width": 103, "Inner Unique": true, "Plans": [{"Node Type": "Aggregate", "Strategy": "Sorted", "Partial Mode": "Finalize", "Parent Relationship": "Outer", "Parallel Aware": false, "Startup Cost": 1358306.72, "Total Cost": 1409496.34, "Plan Rows": 499, "Plan Width": 36, "Group Key": ["lineitem.l_suppkey"], "Filter": "(sum((lineitem.l_extendedprice * ('1'::numeric - lineitem.l_discount))) = $1)", "Plans": [{"Node Type": "Gather Merge", "Parent Relationship": "Outer", "Parallel Aware": false, "Startup Cost": 1358306.72, "Total Cost": 1404010.97, "Plan Rows": 299202, "Plan Width": 36, "Workers Planned": 3, "Plans": [{"Node Type": "Aggregate", "Strategy": "Sorted", "Partial Mode": "Partial", "Parent Relationship": "Outer", "Parallel Aware": false, "Startup Cost": 1357306.68, "Total Cost": 1367854.7, "Plan Rows": 99734, "Plan Width": 36, "Group Key": ["lineitem.l_suppkey"], "Plans": [{"Node Type": "Sort", "Parent Relationship": "Outer", "Parallel Aware": false, "Startup Cost": 1357306.68, "Total Cost": 1359166.95, "Plan Rows": 744107, "Plan Width": 16, "Sort Key": ["lineitem.l_suppkey"], "Plans": [{"Node Type": "Index Scan", "Parent Relationship": "Outer", "Parallel Aware": true, "Scan Direction": "Forward", "Index Name": "idx_lineitem_shipdate", "Relation Name": "lineitem", "Alias": "lineitem", "Startup Cost": 0.56, "Total Cost": 1277287.39, "Plan Rows": 744107, "Plan Width": 16, "Index Cond": "((l_shipdate >= '1996-10-01'::date) AND (l_shipdate < '1997-01-01 00:00:00'::timestamp without time zone))"}]}]}]}]}, {"Node Type": "Index Scan", "Parent Relationship": "Inner", "Parallel Aware": false, "Scan Direction": "Forward", "Index Name": "supplier_pkey", "Relation Name": "supplier", "Alias": "supplier", "Startup Cost": 0.29, "Total Cost": 1.88, "Plan Rows": 1, "Plan Width": 71, "Index Cond": "(s_suppkey = lineitem.l_suppkey)"}]}]}}, {"Plan": {"Node Type": "Limit", "Parallel Aware": false, "Startup Cost": 2822719.48, "Total Cost": 2822719.49, "Plan Rows": 1, "Plan Width": 103, "Plans": [{"Node Type": "Aggregate", "Strategy": "Plain", "Partial Mode": "Simple", "Parent Relationship": "InitPlan", "Subplan Name": "InitPlan 1 (returns $1)", "Parallel Aware": false, "Startup Cost": 1408748.34, "Total Cost": 1408748.35, "Plan Rows": 1, "Plan Width": 32, "Plans": [{"Node Type": "Aggregate", "Strategy": "Sorted", "Partial Mode": "Finalize", "Parent Relationship": "Outer", "Parallel Aware": false, "Startup Cost": 1358306.72, "Total Cost": 1407501.66, "Plan Rows": 99734, "Plan Width": 36, "Group Key": ["lineitem_1.l_suppkey"], "Plans": [{"Node Type": "Gather Merge", "Parent Relationship": "Outer", "Parallel Aware": false, "Startup Cost": 1358306.72, "Total Cost": 1404010.97, "Plan Rows": 299202, "Plan Width": 36, "Workers Planned": 3, "Plans": [{"Node Type": "Aggregate", "Strategy": "Sorted", "Partial Mode": "Partial", "Parent Relationship": "Outer", "Parallel Aware": false, "Startup Cost": 1357306.68, "Total Cost": 1367854.7, "Plan Rows": 99734, "Plan Width": 36, "Group Key": ["lineitem_1.l_suppkey"], "Plans": [{"Node Type": "Sort", "Parent Relationship": "Outer", "Parallel Aware": false, "Startup Cost": 1357306.68, "Total Cost": 1359166.95, "Plan Rows": 744107, "Plan Width": 16, "Sort Key": ["lineitem_1.l_suppkey"], "Plans": [{"Node Type": "Index Scan", "Parent Relationship": "Outer", "Parallel Aware": true, "Scan Direction": "Forward", "Index Name": "idx_lineitem_shipdate", "Relation Name": "lineitem", "Alias": "lineitem_1", "Startup Cost": 0.56, "Total Cost": 1277287.39, "Plan Rows": 744107, "Plan Width": 16, "Index Cond": "((l_shipdate >= '1996-10-01'::date) AND (l_shipdate < '1997-01-01 00:00:00'::timestamp without time zone))"}]}]}]}]}]}, {"Node Type": "Sort", "Parent Relationship": "Outer", "Parallel Aware": false, "Startup Cost": 1413971.14, "Total Cost": 1413972.38, "Plan Rows": 499, "Plan Width": 103, "Sort Key": ["supplier.s_suppkey"], "Plans": [{"Node Type": "Hash Join", "Parent Relationship": "Outer", "Parallel Aware": false, "Join Type": "Inner", "Startup Cost": 1362772.72, "Total Cost": 1413968.64, "Plan Rows": 499, "Plan Width": 103, "Inner Unique": true, "Hash Cond": "(lineitem.l_suppkey = supplier.s_suppkey)", "Plans": [{"Node Type": "Aggregate", "Strategy": "Sorted", "Partial Mode": "Finalize", "Parent Relationship": "Outer", "Parallel Aware": false, "Startup Cost": 1358306.72, "Total Cost": 1409496.34, "Plan Rows": 499, "Plan Width": 36, "Group Key": ["lineitem.l_suppkey"], "Filter": "(sum((lineitem.l_extendedprice * ('1'::numeric - lineitem.l_discount))) = $1)", "Plans": [{"Node Type": "Gather Merge", "Parent Relationship": "Outer", "Parallel Aware": false, "Startup Cost": 1358306.72, "Total Cost": 1404010.97, "Plan Rows": 299202, "Plan Width": 36, "Workers Planned": 3, "Plans": [{"Node Type": "Aggregate", "Strategy": "Sorted", "Partial Mode": "Partial", "Parent Relationship": "Outer", "Parallel Aware": false, "Startup Cost": 1357306.68, "Total Cost": 1367854.7, "Plan Rows": 99734, "Plan Width": 36, "Group Key": ["lineitem.l_suppkey"], "Plans": [{"Node Type": "Sort", "Parent Relationship": "Outer", "Parallel Aware": false, "Startup Cost": 1357306.68, "Total Cost": 1359166.95, "Plan Rows": 744107, "Plan Width": 16, "Sort Key": ["lineitem.l_suppkey"], "Plans": [{"Node Type": "Index Scan", "Parent Relationship": "Outer", "Parallel Aware": true, "Scan Direction": "Forward", "Index Name": "idx_lineitem_shipdate", "Relation Name": "lineitem", "Alias": "lineitem", "Startup Cost": 0.56, "Total Cost": 1277287.39, "Plan Rows": 744107, "Plan Width": 16, "Index Cond": "((l_shipdate >= '1996-10-01'::date) AND (l_shipdate < '1997-01-01 00:00:00'::timestamp without time zone))"}]}]}]}]}, {"Node Type": "Hash", "Parent Relationship": "Inner", "Parallel Aware": false, "Startup Cost": 3216.0, "Total Cost": 3216.0, "Plan Rows": 100000, "Plan Width": 71, "Plans": [{"Node Type": "Seq Scan", "Parent Relationship": "Outer", "Parallel Aware": false, "Relation Name": "supplier", "Alias": "supplier", "Startup Cost": 0.0, "Total Cost": 3216.0, "Plan Rows": 100000, "Plan Width": 71}]}]}]}]}}, {"Plan": {"Node Type": "Limit", "Parallel Aware": false, "Startup Cost": 3039534.9, "Total Cost": 3039639.48, "Plan Rows": 1, "Plan Width": 103, "Plans": [{"Node Type": "Aggregate", "Strategy": "Plain", "Partial Mode": "Simple", "Parent Relationship": "InitPlan", "Subplan Name": "InitPlan 1 (returns $1)", "Parallel Aware": false, "Startup Cost": 1544987.81, "Total Cost": 1544987.82, "Plan Rows": 1, "Plan Width": 32, "Plans": [{"Node Type": "Aggregate", "Strategy": "Sorted", "Partial Mode": "Finalize", "Parent Relationship": "Outer", "Parallel Aware": false, "Startup Cost": 1494546.2, "Total Cost": 1543741.13, "Plan Rows": 99734, "Plan Width": 36, "Group Key": ["lineitem_1.l_suppkey"], "Plans": [{"Node Type": "Gather Merge", "Parent Relationship": "Outer", "Parallel Aware": false, "Startup Cost": 1494546.2, "Total Cost": 1540250.44, "Plan Rows": 299202, "Plan Width": 36, "Workers Planned": 3, "Plans": [{"Node Type": "Aggregate", "Strategy": "Sorted", "Partial Mode": "Partial", "Parent Relationship": "Outer", "Parallel Aware": false, "Startup Cost": 1493546.16, "Total Cost": 1504094.17, "Plan Rows": 99734, "Plan Width": 36, "Group Key": ["lineitem_1.l_suppkey"], "Plans": [{"Node Type": "Sort", "Parent Relationship": "Outer", "Parallel Aware": false, "Startup Cost": 1493546.16, "Total Cost": 1495406.42, "Plan Rows": 744107, "Plan Width": 16, "Sort Key": ["lineitem_1.l_suppkey"], "Plans": [{"Node Type": "Bitmap Heap Scan", "Parent Relationship": "Outer", "Parallel Aware": true, "Relation Name": "lineitem", "Alias": "lineitem_1", "Startup Cost": 33429.07, "Total Cost": 1413526.86, "Plan Rows": 744107, "Plan Width": 16, "Recheck Cond": "((l_shipdate >= '1996-10-01'::date) AND (l_shipdate < '1997-01-01 00:00:00'::timestamp without time zone))", "Plans": [{"Node Type": "Bitmap Index Scan", "Parent Relationship": "Outer", "Parallel Aware": false, "Index Name": "idx_lineitem_shipdate", "Startup Cost": 0.0, "Total Cost": 32852.39, "Plan Rows": 2306732, "Plan Width": 0, "Index Cond": "((l_shipdate >= '1996-10-01'::date) AND (l_shipdate < '1997-01-01 00:00:00'::timestamp without time zone))"}]}]}]}]}]}]}, {"Node Type": "Nested Loop", "Parent Relationship": "Outer", "Parallel Aware": false, "Join Type": "Inner", "Startup Cost": 1494547.08, "Total Cost": 1546735.07, "Plan Rows": 499, "Plan Width": 103, "Inner Unique": true, "Plans": [{"Node Type": "Aggregate", "Strategy": "Sorted", "Partial Mode": "Finalize", "Parent Relationship": "Outer", "Parallel Aware": false, "Startup Cost": 1494546.2, "Total Cost": 1545735.81, "Plan Rows": 499, "Plan Width": 36, "Group Key": ["lineitem.l_suppkey"], "Filter": "(sum((lineitem.l_extendedprice * ('1'::numeric - lineitem.l_discount))) = $1)", "Plans": [{"Node Type": "Gather Merge", "Parent Relationship": "Outer", "Parallel Aware": false, "Startup Cost": 1494546.2, "Total Cost": 1540250.44, "Plan Rows": 299202, "Plan Width": 36, "Workers Planned": 3, "Plans": [{"Node Type": "Aggregate", "Strategy": "Sorted", "Partial Mode": "Partial", "Parent Relationship": "Outer", "Parallel Aware": false, "Startup Cost": 1493546.16, "Total Cost": 1504094.17, "Plan Rows": 99734, "Plan Width": 36, "Group Key": ["lineitem.l_suppkey"], "Plans": [{"Node Type": "Sort", "Parent Relationship": "Outer", "Parallel Aware": false, "Startup Cost": 1493546.16, "Total Cost": 1495406.42, "Plan Rows": 744107, "Plan Width": 16, "Sort Key": ["lineitem.l_suppkey"], "Plans": [{"Node Type": "Bitmap Heap Scan", "Parent Relationship": "Outer", "Parallel Aware": true, "Relation Name": "lineitem", "Alias": "lineitem", "Startup Cost": 33429.07, "Total Cost": 1413526.86, "Plan Rows": 744107, "Plan Width": 16, "Recheck Cond": "((l_shipdate >= '1996-10-01'::date) AND (l_shipdate < '1997-01-01 00:00:00'::timestamp without time zone))", "Plans": [{"Node Type": "Bitmap Index Scan", "Parent Relationship": "Outer", "Parallel Aware": false, "Index Name": "idx_lineitem_shipdate", "Startup Cost": 0.0, "Total Cost": 32852.39, "Plan Rows": 2306732, "Plan Width": 0, "Index Cond": "((l_shipdate >= '1996-10-01'::date) AND (l_shipdate < '1997-01-01 00:00:00'::timestamp without time zone))"}]}]}]}]}]}, {"Node Type": "Bitmap Heap Scan", "Parent Relationship": "Inner", "Parallel Aware": false, "Relation Name": "supplier", "Alias": "supplier", "Startup Cost": 0.88, "Total Cost": 1.99, "Plan Rows": 1, "Plan Width": 71, "Recheck Cond": "(s_suppkey = lineitem.l_suppkey)", "Plans": [{"Node Type": "Bitmap Index Scan", "Parent Relationship": "Outer", "Parallel Aware": false, "Index Name": "supplier_pkey", "Startup Cost": 0.0, "Total Cost": 0.88, "Plan Rows": 1, "Plan Width": 0, "Index Cond": "(s_suppkey = lineitem.l_suppkey)"}]}]}]}}, {"Plan": {"Node Type": "Limit", "Parallel Aware": false, "Startup Cost": 3051054.84, "Total Cost": 3051158.45, "Plan Rows": 1, "Plan Width": 103, "Plans": [{"Node Type": "Aggregate", "Strategy": "Plain", "Partial Mode": "Simple", "Parent Relationship": "InitPlan", "Subplan Name": "InitPlan 1 (returns $1)", "Parallel Aware": false, "Startup Cost": 1544987.81, "Total Cost": 1544987.82, "Plan Rows": 1, "Plan Width": 32, "Plans": [{"Node Type": "Aggregate", "Strategy": "Sorted", "Partial Mode": "Finalize", "Parent Relationship": "Outer", "Parallel Aware": false, "Startup Cost": 1494546.2, "Total Cost": 1543741.13, "Plan Rows": 99734, "Plan Width": 36, "Group Key": ["lineitem_1.l_suppkey"], "Plans": [{"Node Type": "Gather Merge", "Parent Relationship": "Outer", "Parallel Aware": false, "Startup Cost": 1494546.2, "Total Cost": 1540250.44, "Plan Rows": 299202, "Plan Width": 36, "Workers Planned": 3, "Plans": [{"Node Type": "Aggregate", "Strategy": "Sorted", "Partial Mode": "Partial", "Parent Relationship": "Outer", "Parallel Aware": false, "Startup Cost": 1493546.16, "Total Cost": 1504094.17, "Plan Rows": 99734, "Plan Width": 36, "Group Key": ["lineitem_1.l_suppkey"], "Plans": [{"Node Type": "Sort", "Parent Relationship": "Outer", "Parallel Aware": false, "Startup Cost": 1493546.16, "Total Cost": 1495406.42, "Plan Rows": 744107, "Plan Width": 16, "Sort Key": ["lineitem_1.l_suppkey"], "Plans": [{"Node Type": "Bitmap Heap Scan", "Parent Relationship": "Outer", "Parallel Aware": true, "Relation Name": "lineitem", "Alias": "lineitem_1", "Startup Cost": 33429.07, "Total Cost": 1413526.86, "Plan Rows": 744107, "Plan Width": 16, "Recheck Cond": "((l_shipdate >= '1996-10-01'::date) AND (l_shipdate < '1997-01-01 00:00:00'::timestamp without time zone))", "Plans": [{"Node Type": "Bitmap Index Scan", "Parent Relationship": "Outer", "Parallel Aware": false, "Index Name": "idx_lineitem_shipdate", "Startup Cost": 0.0, "Total Cost": 32852.39, "Plan Rows": 2306732, "Plan Width": 0, "Index Cond": "((l_shipdate >= '1996-10-01'::date) AND (l_shipdate < '1997-01-01 00:00:00'::timestamp without time zone))"}]}]}]}]}]}]}, {"Node Type": "Merge Join", "Parent Relationship": "Outer", "Parallel Aware": false, "Join Type": "Inner", "Startup Cost": 1506067.02, "Total Cost": 1557767.86, "Plan Rows": 499, "Plan Width": 103, "Inner Unique": true, "Merge Cond": "(supplier.s_suppkey = lineitem.l_suppkey)", "Plans": [{"Node Type": "Sort", "Parent Relationship": "Outer", "Parallel Aware": false, "Startup Cost": 11520.82, "Total Cost": 11770.82, "Plan Rows": 100000, "Plan Width": 71, "Sort Key": ["supplier.s_suppkey"], "Plans": [{"Node Type": "Seq Scan", "Parent Relationship": "Outer", "Parallel Aware": false, "Relation Name": "supplier", "Alias": "supplier", "Startup Cost": 0.0, "Total Cost": 3216.0, "Plan Rows": 100000, "Plan Width": 71}]}, {"Node Type": "Aggregate", "Strategy": "Sorted", "Partial Mode": "Finalize", "Parent Relationship": "Inner", "Parallel Aware": false, "Startup Cost": 1494546.2, "Total Cost": 1545735.81, "Plan Rows": 499, "Plan Width": 36, "Group Key": ["lineitem.l_suppkey"], "Filter": "(sum((lineitem.l_extendedprice * ('1'::numeric - lineitem.l_discount))) = $1)", "Plans": [{"Node Type": "Gather Merge", "Parent Relationship": "Outer", "Parallel Aware": false, "Startup Cost": 1494546.2, "Total Cost": 1540250.44, "Plan Rows": 299202, "Plan Width": 36, "Workers Planned": 3, "Plans": [{"Node Type": "Aggregate", "Strategy": "Sorted", "Partial Mode": "Partial", "Parent Relationship": "Outer", "Parallel Aware": false, "Startup Cost": 1493546.16, "Total Cost": 1504094.17, "Plan Rows": 99734, "Plan Width": 36, "Group Key": ["lineitem.l_suppkey"], "Plans": [{"Node Type": "Sort", "Parent Relationship": "Outer", "Parallel Aware": false, "Startup Cost": 1493546.16, "Total Cost": 1495406.42, "Plan Rows": 744107, "Plan Width": 16, "Sort Key": ["lineitem.l_suppkey"], "Plans": [{"Node Type": "Bitmap Heap Scan", "Parent Relationship": "Outer", "Parallel Aware": true, "Relation Name": "lineitem", "Alias": "lineitem", "Startup Cost": 33429.07, "Total Cost": 1413526.86, "Plan Rows": 744107, "Plan Width": 16, "Recheck Cond": "((l_shipdate >= '1996-10-01'::date) AND (l_shipdate < '1997-01-01 00:00:00'::timestamp without time zone))", "Plans": [{"Node Type": "Bitmap Index Scan", "Parent Relationship": "Outer", "Parallel Aware": false, "Index Name": "idx_lineitem_shipdate", "Startup Cost": 0.0, "Total Cost": 32852.39, "Plan Rows": 2306732, "Plan Width": 0, "Index Cond": "((l_shipdate >= '1996-10-01'::date) AND (l_shipdate < '1997-01-01 00:00:00'::timestamp without time zone))"}]}]}]}]}]}]}]}}, {"Plan": {"Node Type": "Limit", "Parallel Aware": false, "Startup Cost": 3039534.9, "Total Cost": 3039639.48, "Plan Rows": 1, "Plan Width": 103, "Plans": [{"Node Type": "Aggregate", "Strategy": "Plain", "Partial Mode": "Simple", "Parent Relationship": "InitPlan", "Subplan Name": "InitPlan 1 (returns $1)", "Parallel Aware": false, "Startup Cost": 1544987.81, "Total Cost": 1544987.82, "Plan Rows": 1, "Plan Width": 32, "Plans": [{"Node Type": "Aggregate", "Strategy": "Sorted", "Partial Mode": "Finalize", "Parent Relationship": "Outer", "Parallel Aware": false, "Startup Cost": 1494546.2, "Total Cost": 1543741.13, "Plan Rows": 99734, "Plan Width": 36, "Group Key": ["lineitem_1.l_suppkey"], "Plans": [{"Node Type": "Gather Merge", "Parent Relationship": "Outer", "Parallel Aware": false, "Startup Cost": 1494546.2, "Total Cost": 1540250.44, "Plan Rows": 299202, "Plan Width": 36, "Workers Planned": 3, "Plans": [{"Node Type": "Aggregate", "Strategy": "Sorted", "Partial Mode": "Partial", "Parent Relationship": "Outer", "Parallel Aware": false, "Startup Cost": 1493546.16, "Total Cost": 1504094.17, "Plan Rows": 99734, "Plan Width": 36, "Group Key": ["lineitem_1.l_suppkey"], "Plans": [{"Node Type": "Sort", "Parent Relationship": "Outer", "Parallel Aware": false, "Startup Cost": 1493546.16, "Total Cost": 1495406.42, "Plan Rows": 744107, "Plan Width": 16, "Sort Key": ["lineitem_1.l_suppkey"], "Plans": [{"Node Type": "Bitmap Heap Scan", "Parent Relationship": "Outer", "Parallel Aware": true, "Relation Name": "lineitem", "Alias": "lineitem_1", "Startup Cost": 33429.07, "Total Cost": 1413526.86, "Plan Rows": 744107, "Plan Width": 16, "Recheck Cond": "((l_shipdate >= '1996-10-01'::date) AND (l_shipdate < '1997-01-01 00:00:00'::timestamp without time zone))", "Plans": [{"Node Type": "Bitmap Index Scan", "Parent Relationship": "Outer", "Parallel Aware": false, "Index Name": "idx_lineitem_shipdate", "Startup Cost": 0.0, "Total Cost": 32852.39, "Plan Rows": 2306732, "Plan Width": 0, "Index Cond": "((l_shipdate >= '1996-10-01'::date) AND (l_shipdate < '1997-01-01 00:00:00'::timestamp without time zone))"}]}]}]}]}]}]}, {"Node Type": "Nested Loop", "Parent Relationship": "Outer", "Parallel Aware": false, "Join Type": "Inner", "Startup Cost": 1494547.08, "Total Cost": 1546735.07, "Plan Rows": 499, "Plan Width": 103, "Inner Unique": true, "Plans": [{"Node Type": "Aggregate", "Strategy": "Sorted", "Partial Mode": "Finalize", "Parent Relationship": "Outer", "Parallel Aware": false, "Startup Cost": 1494546.2, "Total Cost": 1545735.81, "Plan Rows": 499, "Plan Width": 36, "Group Key": ["lineitem.l_suppkey"], "Filter": "(sum((lineitem.l_extendedprice * ('1'::numeric - lineitem.l_discount))) = $1)", "Plans": [{"Node Type": "Gather Merge", "Parent Relationship": "Outer", "Parallel Aware": false, "Startup Cost": 1494546.2, "Total Cost": 1540250.44, "Plan Rows": 299202, "Plan Width": 36, "Workers Planned": 3, "Plans": [{"Node Type": "Aggregate", "Strategy": "Sorted", "Partial Mode": "Partial", "Parent Relationship": "Outer", "Parallel Aware": false, "Startup Cost": 1493546.16, "Total Cost": 1504094.17, "Plan Rows": 99734, "Plan Width": 36, "Group Key": ["lineitem.l_suppkey"], "Plans": [{"Node Type": "Sort", "Parent Relationship": "Outer", "Parallel Aware": false, "Startup Cost": 1493546.16, "Total Cost": 1495406.42, "Plan Rows": 744107, "Plan Width": 16, "Sort Key": ["lineitem.l_suppkey"], "Plans": [{"Node Type": "Bitmap Heap Scan", "Parent Relationship": "Outer", "Parallel Aware": true, "Relation Name": "lineitem", "Alias": "lineitem", "Startup Cost": 33429.07, "Total Cost": 1413526.86, "Plan Rows": 744107, "Plan Width": 16, "Recheck Cond": "((l_shipdate >= '1996-10-01'::date) AND (l_shipdate < '1997-01-01 00:00:00'::timestamp without time zone))", "Plans": [{"Node Type": "Bitmap Index Scan", "Parent Relationship": "Outer", "Parallel Aware": false, "Index Name": "idx_lineitem_shipdate", "Startup Cost": 0.0, "Total Cost": 32852.39, "Plan Rows": 2306732, "Plan Width": 0, "Index Cond": "((l_shipdate >= '1996-10-01'::date) AND (l_shipdate < '1997-01-01 00:00:00'::timestamp without time zone))"}]}]}]}]}]}, {"Node Type": "Bitmap Heap Scan", "Parent Relationship": "Inner", "Parallel Aware": false, "Relation Name": "supplier", "Alias": "supplier", "Startup Cost": 0.88, "Total Cost": 1.99, "Plan Rows": 1, "Plan Width": 71, "Recheck Cond": "(s_suppkey = lineitem.l_suppkey)", "Plans": [{"Node Type": "Bitmap Index Scan", "Parent Relationship": "Outer", "Parallel Aware": false, "Index Name": "supplier_pkey", "Startup Cost": 0.0, "Total Cost": 0.88, "Plan Rows": 1, "Plan Width": 0, "Index Cond": "(s_suppkey = lineitem.l_suppkey)"}]}]}]}}, {"Plan": {"Node Type": "Limit", "Parallel Aware": false, "Startup Cost": 3095198.43, "Total Cost": 3095198.43, "Plan Rows": 1, "Plan Width": 103, "Plans": [{"Node Type": "Aggregate", "Strategy": "Plain", "Partial Mode": "Simple", "Parent Relationship": "InitPlan", "Subplan Name": "InitPlan 1 (returns $1)", "Parallel Aware": false, "Startup Cost": 1544987.81, "Total Cost": 1544987.82, "Plan Rows": 1, "Plan Width": 32, "Plans": [{"Node Type": "Aggregate", "Strategy": "Sorted", "Partial Mode": "Finalize", "Parent Relationship": "Outer", "Parallel Aware": false, "Startup Cost": 1494546.2, "Total Cost": 1543741.13, "Plan Rows": 99734, "Plan Width": 36, "Group Key": ["lineitem_1.l_suppkey"], "Plans": [{"Node Type": "Gather Merge", "Parent Relationship": "Outer", "Parallel Aware": false, "Startup Cost": 1494546.2, "Total Cost": 1540250.44, "Plan Rows": 299202, "Plan Width": 36, "Workers Planned": 3, "Plans": [{"Node Type": "Aggregate", "Strategy": "Sorted", "Partial Mode": "Partial", "Parent Relationship": "Outer", "Parallel Aware": false, "Startup Cost": 1493546.16, "Total Cost": 1504094.17, "Plan Rows": 99734, "Plan Width": 36, "Group Key": ["lineitem_1.l_suppkey"], "Plans": [{"Node Type": "Sort", "Parent Relationship": "Outer", "Parallel Aware": false, "Startup Cost": 1493546.16, "Total Cost": 1495406.42, "Plan Rows": 744107, "Plan Width": 16, "Sort Key": ["lineitem_1.l_suppkey"], "Plans": [{"Node Type": "Bitmap Heap Scan", "Parent Relationship": "Outer", "Parallel Aware": true, "Relation Name": "lineitem", "Alias": "lineitem_1", "Startup Cost": 33429.07, "Total Cost": 1413526.86, "Plan Rows": 744107, "Plan Width": 16, "Recheck Cond": "((l_shipdate >= '1996-10-01'::date) AND (l_shipdate < '1997-01-01 00:00:00'::timestamp without time zone))", "Plans": [{"Node Type": "Bitmap Index Scan", "Parent Relationship": "Outer", "Parallel Aware": false, "Index Name": "idx_lineitem_shipdate", "Startup Cost": 0.0, "Total Cost": 32852.39, "Plan Rows": 2306732, "Plan Width": 0, "Index Cond": "((l_shipdate >= '1996-10-01'::date) AND (l_shipdate < '1997-01-01 00:00:00'::timestamp without time zone))"}]}]}]}]}]}]}, {"Node Type": "Sort", "Parent Relationship": "Outer", "Parallel Aware": false, "Startup Cost": 1550210.61, "Total Cost": 1550211.86, "Plan Rows": 499, "Plan Width": 103, "Sort Key": ["supplier.s_suppkey"], "Plans": [{"Node Type": "Hash Join", "Parent Relationship": "Outer", "Parallel Aware": false, "Join Type": "Inner", "Startup Cost": 1499012.2, "Total Cost": 1550208.11, "Plan Rows": 499, "Plan Width": 103, "Inner Unique": true, "Hash Cond": "(lineitem.l_suppkey = supplier.s_suppkey)", "Plans": [{"Node Type": "Aggregate", "Strategy": "Sorted", "Partial Mode": "Finalize", "Parent Relationship": "Outer", "Parallel Aware": false, "Startup Cost": 1494546.2, "Total Cost": 1545735.81, "Plan Rows": 499, "Plan Width": 36, "Group Key": ["lineitem.l_suppkey"], "Filter": "(sum((lineitem.l_extendedprice * ('1'::numeric - lineitem.l_discount))) = $1)", "Plans": [{"Node Type": "Gather Merge", "Parent Relationship": "Outer", "Parallel Aware": false, "Startup Cost": 1494546.2, "Total Cost": 1540250.44, "Plan Rows": 299202, "Plan Width": 36, "Workers Planned": 3, "Plans": [{"Node Type": "Aggregate", "Strategy": "Sorted", "Partial Mode": "Partial", "Parent Relationship": "Outer", "Parallel Aware": false, "Startup Cost": 1493546.16, "Total Cost": 1504094.17, "Plan Rows": 99734, "Plan Width": 36, "Group Key": ["lineitem.l_suppkey"], "Plans": [{"Node Type": "Sort", "Parent Relationship": "Outer", "Parallel Aware": false, "Startup Cost": 1493546.16, "Total Cost": 1495406.42, "Plan Rows": 744107, "Plan Width": 16, "Sort Key": ["lineitem.l_suppkey"], "Plans": [{"Node Type": "Bitmap Heap Scan", "Parent Relationship": "Outer", "Parallel Aware": true, "Relation Name": "lineitem", "Alias": "lineitem", "Startup Cost": 33429.07, "Total Cost": 1413526.86, "Plan Rows": 744107, "Plan Width": 16, "Recheck Cond": "((l_shipdate >= '1996-10-01'::date) AND (l_shipdate < '1997-01-01 00:00:00'::timestamp without time zone))", "Plans": [{"Node Type": "Bitmap Index Scan", "Parent Relationship": "Outer", "Parallel Aware": false, "Index Name": "idx_lineitem_shipdate", "Startup Cost": 0.0, "Total Cost": 32852.39, "Plan Rows": 2306732, "Plan Width": 0, "Index Cond": "((l_shipdate >= '1996-10-01'::date) AND (l_shipdate < '1997-01-01 00:00:00'::timestamp without time zone))"}]}]}]}]}]}, {"Node Type": "Hash", "Parent Relationship": "Inner", "Parallel Aware": false, "Startup Cost": 3216.0, "Total Cost": 3216.0, "Plan Rows": 100000, "Plan Width": 71, "Plans": [{"Node Type": "Seq Scan", "Parent Relationship": "Outer", "Parallel Aware": false, "Relation Name": "supplier", "Alias": "supplier", "Startup Cost": 0.0, "Total Cost": 3216.0, "Plan Rows": 100000, "Plan Width": 71}]}]}]}]}}, {"Plan": {"Node Type": "Limit", "Parallel Aware": false, "Startup Cost": 2767055.36, "Total Cost": 2767166.53, "Plan Rows": 1, "Plan Width": 103, "Plans": [{"Node Type": "Aggregate", "Strategy": "Plain", "Partial Mode": "Simple", "Parent Relationship": "InitPlan", "Subplan Name": "InitPlan 1 (returns $1)", "Parallel Aware": false, "Startup Cost": 1408748.34, "Total Cost": 1408748.35, "Plan Rows": 1, "Plan Width": 32, "Plans": [{"Node Type": "Aggregate", "Strategy": "Sorted", "Partial Mode": "Finalize", "Parent Relationship": "Outer", "Parallel Aware": false, "Startup Cost": 1358306.72, "Total Cost": 1407501.66, "Plan Rows": 99734, "Plan Width": 36, "Group Key": ["lineitem_1.l_suppkey"], "Plans": [{"Node Type": "Gather Merge", "Parent Relationship": "Outer", "Parallel Aware": false, "Startup Cost": 1358306.72, "Total Cost": 1404010.97, "Plan Rows": 299202, "Plan Width": 36, "Workers Planned": 3, "Plans": [{"Node Type": "Aggregate", "Strategy": "Sorted", "Partial Mode": "Partial", "Parent Relationship": "Outer", "Parallel Aware": false, "Startup Cost": 1357306.68, "Total Cost": 1367854.7, "Plan Rows": 99734, "Plan Width": 36, "Group Key": ["lineitem_1.l_suppkey"], "Plans": [{"Node Type": "Sort", "Parent Relationship": "Outer", "Parallel Aware": false, "Startup Cost": 1357306.68, "Total Cost": 1359166.95, "Plan Rows": 744107, "Plan Width": 16, "Sort Key": ["lineitem_1.l_suppkey"], "Plans": [{"Node Type": "Index Scan", "Parent Relationship": "Outer", "Parallel Aware": true, "Scan Direction": "Forward", "Index Name": "idx_lineitem_shipdate", "Relation Name": "lineitem", "Alias": "lineitem_1", "Startup Cost": 0.56, "Total Cost": 1277287.39, "Plan Rows": 744107, "Plan Width": 16, "Index Cond": "((l_shipdate >= '1996-10-01'::date) AND (l_shipdate < '1997-01-01 00:00:00'::timestamp without time zone))"}]}]}]}]}]}, {"Node Type": "Merge Join", "Parent Relationship": "Outer", "Parallel Aware": false, "Join Type": "Inner", "Startup Cost": 1358307.02, "Total Cost": 1413777.67, "Plan Rows": 499, "Plan Width": 103, "Inner Unique": true, "Merge Cond": "(supplier.s_suppkey = lineitem.l_suppkey)", "Plans": [{"Node Type": "Index Scan", "Parent Relationship": "Outer", "Parallel Aware": false, "Scan Direction": "Forward", "Index Name": "supplier_pkey", "Relation Name": "supplier", "Alias": "supplier", "Startup Cost": 0.29, "Total Cost": 4020.1, "Plan Rows": 100000, "Plan Width": 71}, {"Node Type": "Aggregate", "Strategy": "Sorted", "Partial Mode": "Finalize", "Parent Relationship": "Inner", "Parallel Aware": false, "Startup Cost": 1358306.72, "Total Cost": 1409496.34, "Plan Rows": 499, "Plan Width": 36, "Group Key": ["lineitem.l_suppkey"], "Filter": "(sum((lineitem.l_extendedprice * ('1'::numeric - lineitem.l_discount))) = $1)", "Plans": [{"Node Type": "Gather Merge", "Parent Relationship": "Outer", "Parallel Aware": false, "Startup Cost": 1358306.72, "Total Cost": 1404010.97, "Plan Rows": 299202, "Plan Width": 36, "Workers Planned": 3, "Plans": [{"Node Type": "Aggregate", "Strategy": "Sorted", "Partial Mode": "Partial", "Parent Relationship": "Outer", "Parallel Aware": false, "Startup Cost": 1357306.68, "Total Cost": 1367854.7, "Plan Rows": 99734, "Plan Width": 36, "Group Key": ["lineitem.l_suppkey"], "Plans": [{"Node Type": "Sort", "Parent Relationship": "Outer", "Parallel Aware": false, "Startup Cost": 1357306.68, "Total Cost": 1359166.95, "Plan Rows": 744107, "Plan Width": 16, "Sort Key": ["lineitem.l_suppkey"], "Plans": [{"Node Type": "Index Scan", "Parent Relationship": "Outer", "Parallel Aware": true, "Scan Direction": "Forward", "Index Name": "idx_lineitem_shipdate", "Relation Name": "lineitem", "Alias": "lineitem", "Startup Cost": 0.56, "Total Cost": 1277287.39, "Plan Rows": 744107, "Plan Width": 16, "Index Cond": "((l_shipdate >= '1996-10-01'::date) AND (l_shipdate < '1997-01-01 00:00:00'::timestamp without time zone))"}]}]}]}]}]}]}}, {"Plan": {"Node Type": "Limit", "Parallel Aware": false, "Startup Cost": 2767055.36, "Total Cost": 2767159.84, "Plan Rows": 1, "Plan Width": 103, "Plans": [{"Node Type": "Aggregate", "Strategy": "Plain", "Partial Mode": "Simple", "Parent Relationship": "InitPlan", "Subplan Name": "InitPlan 1 (returns $1)", "Parallel Aware": false, "Startup Cost": 1408748.34, "Total Cost": 1408748.35, "Plan Rows": 1, "Plan Width": 32, "Plans": [{"Node Type": "Aggregate", "Strategy": "Sorted", "Partial Mode": "Finalize", "Parent Relationship": "Outer", "Parallel Aware": false, "Startup Cost": 1358306.72, "Total Cost": 1407501.66, "Plan Rows": 99734, "Plan Width": 36, "Group Key": ["lineitem_1.l_suppkey"], "Plans": [{"Node Type": "Gather Merge", "Parent Relationship": "Outer", "Parallel Aware": false, "Startup Cost": 1358306.72, "Total Cost": 1404010.97, "Plan Rows": 299202, "Plan Width": 36, "Workers Planned": 3, "Plans": [{"Node Type": "Aggregate", "Strategy": "Sorted", "Partial Mode": "Partial", "Parent Relationship": "Outer", "Parallel Aware": false, "Startup Cost": 1357306.68, "Total Cost": 1367854.7, "Plan Rows": 99734, "Plan Width": 36, "Group Key": ["lineitem_1.l_suppkey"], "Plans": [{"Node Type": "Sort", "Parent Relationship": "Outer", "Parallel Aware": false, "Startup Cost": 1357306.68, "Total Cost": 1359166.95, "Plan Rows": 744107, "Plan Width": 16, "Sort Key": ["lineitem_1.l_suppkey"], "Plans": [{"Node Type": "Index Scan", "Parent Relationship": "Outer", "Parallel Aware": true, "Scan Direction": "Forward", "Index Name": "idx_lineitem_shipdate", "Relation Name": "lineitem", "Alias": "lineitem_1", "Startup Cost": 0.56, "Total Cost": 1277287.39, "Plan Rows": 744107, "Plan Width": 16, "Index Cond": "((l_shipdate >= '1996-10-01'::date) AND (l_shipdate < '1997-01-01 00:00:00'::timestamp without time zone))"}]}]}]}]}]}, {"Node Type": "Nested Loop", "Parent Relationship": "Outer", "Parallel Aware": false, "Join Type": "Inner", "Startup Cost": 1358307.02, "Total Cost": 1410439.22, "Plan Rows": 499, "Plan Width": 103, "Inner Unique": true, "Plans": [{"Node Type": "Aggregate", "Strategy": "Sorted", "Partial Mode": "Finalize", "Parent Relationship": "Outer", "Parallel Aware": false, "Startup Cost": 1358306.72, "Total Cost": 1409496.34, "Plan Rows": 499, "Plan Width": 36, "Group Key": ["lineitem.l_suppkey"], "Filter": "(sum((lineitem.l_extendedprice * ('1'::numeric - lineitem.l_discount))) = $1)", "Plans": [{"Node Type": "Gather Merge", "Parent Relationship": "Outer", "Parallel Aware": false, "Startup Cost": 1358306.72, "Total Cost": 1404010.97, "Plan Rows": 299202, "Plan Width": 36, "Workers Planned": 3, "Plans": [{"Node Type": "Aggregate", "Strategy": "Sorted", "Partial Mode": "Partial", "Parent Relationship": "Outer", "Parallel Aware": false, "Startup Cost": 1357306.68, "Total Cost": 1367854.7, "Plan Rows": 99734, "Plan Width": 36, "Group Key": ["lineitem.l_suppkey"], "Plans": [{"Node Type": "Sort", "Parent Relationship": "Outer", "Parallel Aware": false, "Startup Cost": 1357306.68, "Total Cost": 1359166.95, "Plan Rows": 744107, "Plan Width": 16, "Sort Key": ["lineitem.l_suppkey"], "Plans": [{"Node Type": "Index Scan", "Parent Relationship": "Outer", "Parallel Aware": true, "Scan Direction": "Forward", "Index Name": "idx_lineitem_shipdate", "Relation Name": "lineitem", "Alias": "lineitem", "Startup Cost": 0.56, "Total Cost": 1277287.39, "Plan Rows": 744107, "Plan Width": 16, "Index Cond": "((l_shipdate >= '1996-10-01'::date) AND (l_shipdate < '1997-01-01 00:00:00'::timestamp without time zone))"}]}]}]}]}, {"Node Type": "Index Scan", "Parent Relationship": "Inner", "Parallel Aware": false, "Scan Direction": "Forward", "Index Name": "supplier_pkey", "Relation Name": "supplier", "Alias": "supplier", "Startup Cost": 0.29, "Total Cost": 1.88, "Plan Rows": 1, "Plan Width": 71, "Index Cond": "(s_suppkey = lineitem.l_suppkey)"}]}]}}, {"Plan": {"Node Type": "Limit", "Parallel Aware": false, "Startup Cost": 2767055.36, "Total Cost": 2767159.84, "Plan Rows": 1, "Plan Width": 103, "Plans": [{"Node Type": "Aggregate", "Strategy": "Plain", "Partial Mode": "Simple", "Parent Relationship": "InitPlan", "Subplan Name": "InitPlan 1 (returns $1)", "Parallel Aware": false, "Startup Cost": 1408748.34, "Total Cost": 1408748.35, "Plan Rows": 1, "Plan Width": 32, "Plans": [{"Node Type": "Aggregate", "Strategy": "Sorted", "Partial Mode": "Finalize", "Parent Relationship": "Outer", "Parallel Aware": false, "Startup Cost": 1358306.72, "Total Cost": 1407501.66, "Plan Rows": 99734, "Plan Width": 36, "Group Key": ["lineitem_1.l_suppkey"], "Plans": [{"Node Type": "Gather Merge", "Parent Relationship": "Outer", "Parallel Aware": false, "Startup Cost": 1358306.72, "Total Cost": 1404010.97, "Plan Rows": 299202, "Plan Width": 36, "Workers Planned": 3, "Plans": [{"Node Type": "Aggregate", "Strategy": "Sorted", "Partial Mode": "Partial", "Parent Relationship": "Outer", "Parallel Aware": false, "Startup Cost": 1357306.68, "Total Cost": 1367854.7, "Plan Rows": 99734, "Plan Width": 36, "Group Key": ["lineitem_1.l_suppkey"], "Plans": [{"Node Type": "Sort", "Parent Relationship": "Outer", "Parallel Aware": false, "Startup Cost": 1357306.68, "Total Cost": 1359166.95, "Plan Rows": 744107, "Plan Width": 16, "Sort Key": ["lineitem_1.l_suppkey"], "Plans": [{"Node Type": "Index Scan", "Parent Relationship": "Outer", "Parallel Aware": true, "Scan Direction": "Forward", "Index Name": "idx_lineitem_shipdate", "Relation Name": "lineitem", "Alias": "lineitem_1", "Startup Cost": 0.56, "Total Cost": 1277287.39, "Plan Rows": 744107, "Plan Width": 16, "Index Cond": "((l_shipdate >= '1996-10-01'::date) AND (l_shipdate < '1997-01-01 00:00:00'::timestamp without time zone))"}]}]}]}]}]}, {"Node Type": "Nested Loop", "Parent Relationship": "Outer", "Parallel Aware": false, "Join Type": "Inner", "Startup Cost": 1358307.02, "Total Cost": 1410439.22, "Plan Rows": 499, "Plan Width": 103, "Inner Unique": true, "Plans": [{"Node Type": "Aggregate", "Strategy": "Sorted", "Partial Mode": "Finalize", "Parent Relationship": "Outer", "Parallel Aware": false, "Startup Cost": 1358306.72, "Total Cost": 1409496.34, "Plan Rows": 499, "Plan Width": 36, "Group Key": ["lineitem.l_suppkey"], "Filter": "(sum((lineitem.l_extendedprice * ('1'::numeric - lineitem.l_discount))) = $1)", "Plans": [{"Node Type": "Gather Merge", "Parent Relationship": "Outer", "Parallel Aware": false, "Startup Cost": 1358306.72, "Total Cost": 1404010.97, "Plan Rows": 299202, "Plan Width": 36, "Workers Planned": 3, "Plans": [{"Node Type": "Aggregate", "Strategy": "Sorted", "Partial Mode": "Partial", "Parent Relationship": "Outer", "Parallel Aware": false, "Startup Cost": 1357306.68, "Total Cost": 1367854.7, "Plan Rows": 99734, "Plan Width": 36, "Group Key": ["lineitem.l_suppkey"], "Plans": [{"Node Type": "Sort", "Parent Relationship": "Outer", "Parallel Aware": false, "Startup Cost": 1357306.68, "Total Cost": 1359166.95, "Plan Rows": 744107, "Plan Width": 16, "Sort Key": ["lineitem.l_suppkey"], "Plans": [{"Node Type": "Index Scan", "Parent Relationship": "Outer", "Parallel Aware": true, "Scan Direction": "Forward", "Index Name": "idx_lineitem_shipdate", "Relation Name": "lineitem", "Alias": "lineitem", "Startup Cost": 0.56, "Total Cost": 1277287.39, "Plan Rows": 744107, "Plan Width": 16, "Index Cond": "((l_shipdate >= '1996-10-01'::date) AND (l_shipdate < '1997-01-01 00:00:00'::timestamp without time zone))"}]}]}]}]}, {"Node Type": "Index Scan", "Parent Relationship": "Inner", "Parallel Aware": false, "Scan Direction": "Forward", "Index Name": "supplier_pkey", "Relation Name": "supplier", "Alias": "supplier", "Startup Cost": 0.29, "Total Cost": 1.88, "Plan Rows": 1, "Plan Width": 71, "Index Cond": "(s_suppkey = lineitem.l_suppkey)"}]}]}}, {"Plan": {"Node Type": "Limit", "Parallel Aware": false, "Startup Cost": 2767055.36, "Total Cost": 2767166.53, "Plan Rows": 1, "Plan Width": 103, "Plans": [{"Node Type": "Aggregate", "Strategy": "Plain", "Partial Mode": "Simple", "Parent Relationship": "InitPlan", "Subplan Name": "InitPlan 1 (returns $1)", "Parallel Aware": false, "Startup Cost": 1408748.34, "Total Cost": 1408748.35, "Plan Rows": 1, "Plan Width": 32, "Plans": [{"Node Type": "Aggregate", "Strategy": "Sorted", "Partial Mode": "Finalize", "Parent Relationship": "Outer", "Parallel Aware": false, "Startup Cost": 1358306.72, "Total Cost": 1407501.66, "Plan Rows": 99734, "Plan Width": 36, "Group Key": ["lineitem_1.l_suppkey"], "Plans": [{"Node Type": "Gather Merge", "Parent Relationship": "Outer", "Parallel Aware": false, "Startup Cost": 1358306.72, "Total Cost": 1404010.97, "Plan Rows": 299202, "Plan Width": 36, "Workers Planned": 3, "Plans": [{"Node Type": "Aggregate", "Strategy": "Sorted", "Partial Mode": "Partial", "Parent Relationship": "Outer", "Parallel Aware": false, "Startup Cost": 1357306.68, "Total Cost": 1367854.7, "Plan Rows": 99734, "Plan Width": 36, "Group Key": ["lineitem_1.l_suppkey"], "Plans": [{"Node Type": "Sort", "Parent Relationship": "Outer", "Parallel Aware": false, "Startup Cost": 1357306.68, "Total Cost": 1359166.95, "Plan Rows": 744107, "Plan Width": 16, "Sort Key": ["lineitem_1.l_suppkey"], "Plans": [{"Node Type": "Index Scan", "Parent Relationship": "Outer", "Parallel Aware": true, "Scan Direction": "Forward", "Index Name": "idx_lineitem_shipdate", "Relation Name": "lineitem", "Alias": "lineitem_1", "Startup Cost": 0.56, "Total Cost": 1277287.39, "Plan Rows": 744107, "Plan Width": 16, "Index Cond": "((l_shipdate >= '1996-10-01'::date) AND (l_shipdate < '1997-01-01 00:00:00'::timestamp without time zone))"}]}]}]}]}]}, {"Node Type": "Merge Join", "Parent Relationship": "Outer", "Parallel Aware": false, "Join Type": "Inner", "Startup Cost": 1358307.02, "Total Cost": 1413777.67, "Plan Rows": 499, "Plan Width": 103, "Inner Unique": true, "Merge Cond": "(supplier.s_suppkey = lineitem.l_suppkey)", "Plans": [{"Node Type": "Index Scan", "Parent Relationship": "Outer", "Parallel Aware": false, "Scan Direction": "Forward", "Index Name": "supplier_pkey", "Relation Name": "supplier", "Alias": "supplier", "Startup Cost": 0.29, "Total Cost": 4020.1, "Plan Rows": 100000, "Plan Width": 71}, {"Node Type": "Aggregate", "Strategy": "Sorted", "Partial Mode": "Finalize", "Parent Relationship": "Inner", "Parallel Aware": false, "Startup Cost": 1358306.72, "Total Cost": 1409496.34, "Plan Rows": 499, "Plan Width": 36, "Group Key": ["lineitem.l_suppkey"], "Filter": "(sum((lineitem.l_extendedprice * ('1'::numeric - lineitem.l_discount))) = $1)", "Plans": [{"Node Type": "Gather Merge", "Parent Relationship": "Outer", "Parallel Aware": false, "Startup Cost": 1358306.72, "Total Cost": 1404010.97, "Plan Rows": 299202, "Plan Width": 36, "Workers Planned": 3, "Plans": [{"Node Type": "Aggregate", "Strategy": "Sorted", "Partial Mode": "Partial", "Parent Relationship": "Outer", "Parallel Aware": false, "Startup Cost": 1357306.68, "Total Cost": 1367854.7, "Plan Rows": 99734, "Plan Width": 36, "Group Key": ["lineitem.l_suppkey"], "Plans": [{"Node Type": "Sort", "Parent Relationship": "Outer", "Parallel Aware": false, "Startup Cost": 1357306.68, "Total Cost": 1359166.95, "Plan Rows": 744107, "Plan Width": 16, "Sort Key": ["lineitem.l_suppkey"], "Plans": [{"Node Type": "Index Scan", "Parent Relationship": "Outer", "Parallel Aware": true, "Scan Direction": "Forward", "Index Name": "idx_lineitem_shipdate", "Relation Name": "lineitem", "Alias": "lineitem", "Startup Cost": 0.56, "Total Cost": 1277287.39, "Plan Rows": 744107, "Plan Width": 16, "Index Cond": "((l_shipdate >= '1996-10-01'::date) AND (l_shipdate < '1997-01-01 00:00:00'::timestamp without time zone))"}]}]}]}]}]}]}}, {"Plan": {"Node Type": "Limit", "Parallel Aware": false, "Startup Cost": 2767055.36, "Total Cost": 2767159.84, "Plan Rows": 1, "Plan Width": 103, "Plans": [{"Node Type": "Aggregate", "Strategy": "Plain", "Partial Mode": "Simple", "Parent Relationship": "InitPlan", "Subplan Name": "InitPlan 1 (returns $1)", "Parallel Aware": false, "Startup Cost": 1408748.34, "Total Cost": 1408748.35, "Plan Rows": 1, "Plan Width": 32, "Plans": [{"Node Type": "Aggregate", "Strategy": "Sorted", "Partial Mode": "Finalize", "Parent Relationship": "Outer", "Parallel Aware": false, "Startup Cost": 1358306.72, "Total Cost": 1407501.66, "Plan Rows": 99734, "Plan Width": 36, "Group Key": ["lineitem_1.l_suppkey"], "Plans": [{"Node Type": "Gather Merge", "Parent Relationship": "Outer", "Parallel Aware": false, "Startup Cost": 1358306.72, "Total Cost": 1404010.97, "Plan Rows": 299202, "Plan Width": 36, "Workers Planned": 3, "Plans": [{"Node Type": "Aggregate", "Strategy": "Sorted", "Partial Mode": "Partial", "Parent Relationship": "Outer", "Parallel Aware": false, "Startup Cost": 1357306.68, "Total Cost": 1367854.7, "Plan Rows": 99734, "Plan Width": 36, "Group Key": ["lineitem_1.l_suppkey"], "Plans": [{"Node Type": "Sort", "Parent Relationship": "Outer", "Parallel Aware": false, "Startup Cost": 1357306.68, "Total Cost": 1359166.95, "Plan Rows": 744107, "Plan Width": 16, "Sort Key": ["lineitem_1.l_suppkey"], "Plans": [{"Node Type": "Index Scan", "Parent Relationship": "Outer", "Parallel Aware": true, "Scan Direction": "Forward", "Index Name": "idx_lineitem_shipdate", "Relation Name": "lineitem", "Alias": "lineitem_1", "Startup Cost": 0.56, "Total Cost": 1277287.39, "Plan Rows": 744107, "Plan Width": 16, "Index Cond": "((l_shipdate >= '1996-10-01'::date) AND (l_shipdate < '1997-01-01 00:00:00'::timestamp without time zone))"}]}]}]}]}]}, {"Node Type": "Nested Loop", "Parent Relationship": "Outer", "Parallel Aware": false, "Join Type": "Inner", "Startup Cost": 1358307.02, "Total Cost": 1410439.22, "Plan Rows": 499, "Plan Width": 103, "Inner Unique": true, "Plans": [{"Node Type": "Aggregate", "Strategy": "Sorted", "Partial Mode": "Finalize", "Parent Relationship": "Outer", "Parallel Aware": false, "Startup Cost": 1358306.72, "Total Cost": 1409496.34, "Plan Rows": 499, "Plan Width": 36, "Group Key": ["lineitem.l_suppkey"], "Filter": "(sum((lineitem.l_extendedprice * ('1'::numeric - lineitem.l_discount))) = $1)", "Plans": [{"Node Type": "Gather Merge", "Parent Relationship": "Outer", "Parallel Aware": false, "Startup Cost": 1358306.72, "Total Cost": 1404010.97, "Plan Rows": 299202, "Plan Width": 36, "Workers Planned": 3, "Plans": [{"Node Type": "Aggregate", "Strategy": "Sorted", "Partial Mode": "Partial", "Parent Relationship": "Outer", "Parallel Aware": false, "Startup Cost": 1357306.68, "Total Cost": 1367854.7, "Plan Rows": 99734, "Plan Width": 36, "Group Key": ["lineitem.l_suppkey"], "Plans": [{"Node Type": "Sort", "Parent Relationship": "Outer", "Parallel Aware": false, "Startup Cost": 1357306.68, "Total Cost": 1359166.95, "Plan Rows": 744107, "Plan Width": 16, "Sort Key": ["lineitem.l_suppkey"], "Plans": [{"Node Type": "Index Scan", "Parent Relationship": "Outer", "Parallel Aware": true, "Scan Direction": "Forward", "Index Name": "idx_lineitem_shipdate", "Relation Name": "lineitem", "Alias": "lineitem", "Startup Cost": 0.56, "Total Cost": 1277287.39, "Plan Rows": 744107, "Plan Width": 16, "Index Cond": "((l_shipdate >= '1996-10-01'::date) AND (l_shipdate < '1997-01-01 00:00:00'::timestamp without time zone))"}]}]}]}]}, {"Node Type": "Index Scan", "Parent Relationship": "Inner", "Parallel Aware": false, "Scan Direction": "Forward", "Index Name": "supplier_pkey", "Relation Name": "supplier", "Alias": "supplier", "Startup Cost": 0.29, "Total Cost": 1.88, "Plan Rows": 1, "Plan Width": 71, "Index Cond": "(s_suppkey = lineitem.l_suppkey)"}]}]}}, {"Plan": {"Node Type": "Limit", "Parallel Aware": false, "Startup Cost": 2767055.36, "Total Cost": 2767159.84, "Plan Rows": 1, "Plan Width": 103, "Plans": [{"Node Type": "Aggregate", "Strategy": "Plain", "Partial Mode": "Simple", "Parent Relationship": "InitPlan", "Subplan Name": "InitPlan 1 (returns $1)", "Parallel Aware": false, "Startup Cost": 1408748.34, "Total Cost": 1408748.35, "Plan Rows": 1, "Plan Width": 32, "Plans": [{"Node Type": "Aggregate", "Strategy": "Sorted", "Partial Mode": "Finalize", "Parent Relationship": "Outer", "Parallel Aware": false, "Startup Cost": 1358306.72, "Total Cost": 1407501.66, "Plan Rows": 99734, "Plan Width": 36, "Group Key": ["lineitem_1.l_suppkey"], "Plans": [{"Node Type": "Gather Merge", "Parent Relationship": "Outer", "Parallel Aware": false, "Startup Cost": 1358306.72, "Total Cost": 1404010.97, "Plan Rows": 299202, "Plan Width": 36, "Workers Planned": 3, "Plans": [{"Node Type": "Aggregate", "Strategy": "Sorted", "Partial Mode": "Partial", "Parent Relationship": "Outer", "Parallel Aware": false, "Startup Cost": 1357306.68, "Total Cost": 1367854.7, "Plan Rows": 99734, "Plan Width": 36, "Group Key": ["lineitem_1.l_suppkey"], "Plans": [{"Node Type": "Sort", "Parent Relationship": "Outer", "Parallel Aware": false, "Startup Cost": 1357306.68, "Total Cost": 1359166.95, "Plan Rows": 744107, "Plan Width": 16, "Sort Key": ["lineitem_1.l_suppkey"], "Plans": [{"Node Type": "Index Scan", "Parent Relationship": "Outer", "Parallel Aware": true, "Scan Direction": "Forward", "Index Name": "idx_lineitem_shipdate", "Relation Name": "lineitem", "Alias": "lineitem_1", "Startup Cost": 0.56, "Total Cost": 1277287.39, "Plan Rows": 744107, "Plan Width": 16, "Index Cond": "((l_shipdate >= '1996-10-01'::date) AND (l_shipdate < '1997-01-01 00:00:00'::timestamp without time zone))"}]}]}]}]}]}, {"Node Type": "Nested Loop", "Parent Relationship": "Outer", "Parallel Aware": false, "Join Type": "Inner", "Startup Cost": 1358307.02, "Total Cost": 1410439.22, "Plan Rows": 499, "Plan Width": 103, "Inner Unique": true, "Plans": [{"Node Type": "Aggregate", "Strategy": "Sorted", "Partial Mode": "Finalize", "Parent Relationship": "Outer", "Parallel Aware": false, "Startup Cost": 1358306.72, "Total Cost": 1409496.34, "Plan Rows": 499, "Plan Width": 36, "Group Key": ["lineitem.l_suppkey"], "Filter": "(sum((lineitem.l_extendedprice * ('1'::numeric - lineitem.l_discount))) = $1)", "Plans": [{"Node Type": "Gather Merge", "Parent Relationship": "Outer", "Parallel Aware": false, "Startup Cost": 1358306.72, "Total Cost": 1404010.97, "Plan Rows": 299202, "Plan Width": 36, "Workers Planned": 3, "Plans": [{"Node Type": "Aggregate", "Strategy": "Sorted", "Partial Mode": "Partial", "Parent Relationship": "Outer", "Parallel Aware": false, "Startup Cost": 1357306.68, "Total Cost": 1367854.7, "Plan Rows": 99734, "Plan Width": 36, "Group Key": ["lineitem.l_suppkey"], "Plans": [{"Node Type": "Sort", "Parent Relationship": "Outer", "Parallel Aware": false, "Startup Cost": 1357306.68, "Total Cost": 1359166.95, "Plan Rows": 744107, "Plan Width": 16, "Sort Key": ["lineitem.l_suppkey"], "Plans": [{"Node Type": "Index Scan", "Parent Relationship": "Outer", "Parallel Aware": true, "Scan Direction": "Forward", "Index Name": "idx_lineitem_shipdate", "Relation Name": "lineitem", "Alias": "lineitem", "Startup Cost": 0.56, "Total Cost": 1277287.39, "Plan Rows": 744107, "Plan Width": 16, "Index Cond": "((l_shipdate >= '1996-10-01'::date) AND (l_shipdate < '1997-01-01 00:00:00'::timestamp without time zone))"}]}]}]}]}, {"Node Type": "Index Scan", "Parent Relationship": "Inner", "Parallel Aware": false, "Scan Direction": "Forward", "Index Name": "supplier_pkey", "Relation Name": "supplier", "Alias": "supplier", "Startup Cost": 0.29, "Total Cost": 1.88, "Plan Rows": 1, "Plan Width": 71, "Index Cond": "(s_suppkey = lineitem.l_suppkey)"}]}]}}, {"Plan": {"Node Type": "Limit", "Parallel Aware": false, "Startup Cost": 10003039534.9, "Total Cost": 10003039639.48, "Plan Rows": 1, "Plan Width": 103, "Plans": [{"Node Type": "Aggregate", "Strategy": "Plain", "Partial Mode": "Simple", "Parent Relationship": "InitPlan", "Subplan Name": "InitPlan 1 (returns $1)", "Parallel Aware": false, "Startup Cost": 1544987.81, "Total Cost": 1544987.82, "Plan Rows": 1, "Plan Width": 32, "Plans": [{"Node Type": "Aggregate", "Strategy": "Sorted", "Partial Mode": "Finalize", "Parent Relationship": "Outer", "Parallel Aware": false, "Startup Cost": 1494546.2, "Total Cost": 1543741.13, "Plan Rows": 99734, "Plan Width": 36, "Group Key": ["lineitem_1.l_suppkey"], "Plans": [{"Node Type": "Gather Merge", "Parent Relationship": "Outer", "Parallel Aware": false, "Startup Cost": 1494546.2, "Total Cost": 1540250.44, "Plan Rows": 299202, "Plan Width": 36, "Workers Planned": 3, "Plans": [{"Node Type": "Aggregate", "Strategy": "Sorted", "Partial Mode": "Partial", "Parent Relationship": "Outer", "Parallel Aware": false, "Startup Cost": 1493546.16, "Total Cost": 1504094.17, "Plan Rows": 99734, "Plan Width": 36, "Group Key": ["lineitem_1.l_suppkey"], "Plans": [{"Node Type": "Sort", "Parent Relationship": "Outer", "Parallel Aware": false, "Startup Cost": 1493546.16, "Total Cost": 1495406.42, "Plan Rows": 744107, "Plan Width": 16, "Sort Key": ["lineitem_1.l_suppkey"], "Plans": [{"Node Type": "Bitmap Heap Scan", "Parent Relationship": "Outer", "Parallel Aware": true, "Relation Name": "lineitem", "Alias": "lineitem_1", "Startup Cost": 33429.07, "Total Cost": 1413526.86, "Plan Rows": 744107, "Plan Width": 16, "Recheck Cond": "((l_shipdate >= '1996-10-01'::date) AND (l_shipdate < '1997-01-01 00:00:00'::timestamp without time zone))", "Plans": [{"Node Type": "Bitmap Index Scan", "Parent Relationship": "Outer", "Parallel Aware": false, "Index Name": "idx_lineitem_shipdate", "Startup Cost": 0.0, "Total Cost": 32852.39, "Plan Rows": 2306732, "Plan Width": 0, "Index Cond": "((l_shipdate >= '1996-10-01'::date) AND (l_shipdate < '1997-01-01 00:00:00'::timestamp without time zone))"}]}]}]}]}]}]}, {"Node Type": "Nested Loop", "Parent Relationship": "Outer", "Parallel Aware": false, "Join Type": "Inner", "Startup Cost": 10001494547.08, "Total Cost": 10001546735.07, "Plan Rows": 499, "Plan Width": 103, "Inner Unique": true, "Plans": [{"Node Type": "Aggregate", "Strategy": "Sorted", "Partial Mode": "Finalize", "Parent Relationship": "Outer", "Parallel Aware": false, "Startup Cost": 1494546.2, "Total Cost": 1545735.81, "Plan Rows": 499, "Plan Width": 36, "Group Key": ["lineitem.l_suppkey"], "Filter": "(sum((lineitem.l_extendedprice * ('1'::numeric - lineitem.l_discount))) = $1)", "Plans": [{"Node Type": "Gather Merge", "Parent Relationship": "Outer", "Parallel Aware": false, "Startup Cost": 1494546.2, "Total Cost": 1540250.44, "Plan Rows": 299202, "Plan Width": 36, "Workers Planned": 3, "Plans": [{"Node Type": "Aggregate", "Strategy": "Sorted", "Partial Mode": "Partial", "Parent Relationship": "Outer", "Parallel Aware": false, "Startup Cost": 1493546.16, "Total Cost": 1504094.17, "Plan Rows": 99734, "Plan Width": 36, "Group Key": ["lineitem.l_suppkey"], "Plans": [{"Node Type": "Sort", "Parent Relationship": "Outer", "Parallel Aware": false, "Startup Cost": 1493546.16, "Total Cost": 1495406.42, "Plan Rows": 744107, "Plan Width": 16, "Sort Key": ["lineitem.l_suppkey"], "Plans": [{"Node Type": "Bitmap Heap Scan", "Parent Relationship": "Outer", "Parallel Aware": true, "Relation Name": "lineitem", "Alias": "lineitem", "Startup Cost": 33429.07, "Total Cost": 1413526.86, "Plan Rows": 744107, "Plan Width": 16, "Recheck Cond": "((l_shipdate >= '1996-10-01'::date) AND (l_shipdate < '1997-01-01 00:00:00'::timestamp without time zone))", "Plans": [{"Node Type": "Bitmap Index Scan", "Parent Relationship": "Outer", "Parallel Aware": false, "Index Name": "idx_lineitem_shipdate", "Startup Cost": 0.0, "Total Cost": 32852.39, "Plan Rows": 2306732, "Plan Width": 0, "Index Cond": "((l_shipdate >= '1996-10-01'::date) AND (l_shipdate < '1997-01-01 00:00:00'::timestamp without time zone))"}]}]}]}]}]}, {"Node Type": "Bitmap Heap Scan", "Parent Relationship": "Inner", "Parallel Aware": false, "Relation Name": "supplier", "Alias": "supplier", "Startup Cost": 0.88, "Total Cost": 1.99, "Plan Rows": 1, "Plan Width": 71, "Recheck Cond": "(s_suppkey = lineitem.l_suppkey)", "Plans": [{"Node Type": "Bitmap Index Scan", "Parent Relationship": "Outer", "Parallel Aware": false, "Index Name": "supplier_pkey", "Startup Cost": 0.0, "Total Cost": 0.88, "Plan Rows": 1, "Plan Width": 0, "Index Cond": "(s_suppkey = lineitem.l_suppkey)"}]}]}]}}, {"Plan": {"Node Type": "Limit", "Parallel Aware": false, "Startup Cost": 3039534.9, "Total Cost": 3039639.48, "Plan Rows": 1, "Plan Width": 103, "Plans": [{"Node Type": "Aggregate", "Strategy": "Plain", "Partial Mode": "Simple", "Parent Relationship": "InitPlan", "Subplan Name": "InitPlan 1 (returns $1)", "Parallel Aware": false, "Startup Cost": 1544987.81, "Total Cost": 1544987.82, "Plan Rows": 1, "Plan Width": 32, "Plans": [{"Node Type": "Aggregate", "Strategy": "Sorted", "Partial Mode": "Finalize", "Parent Relationship": "Outer", "Parallel Aware": false, "Startup Cost": 1494546.2, "Total Cost": 1543741.13, "Plan Rows": 99734, "Plan Width": 36, "Group Key": ["lineitem_1.l_suppkey"], "Plans": [{"Node Type": "Gather Merge", "Parent Relationship": "Outer", "Parallel Aware": false, "Startup Cost": 1494546.2, "Total Cost": 1540250.44, "Plan Rows": 299202, "Plan Width": 36, "Workers Planned": 3, "Plans": [{"Node Type": "Aggregate", "Strategy": "Sorted", "Partial Mode": "Partial", "Parent Relationship": "Outer", "Parallel Aware": false, "Startup Cost": 1493546.16, "Total Cost": 1504094.17, "Plan Rows": 99734, "Plan Width": 36, "Group Key": ["lineitem_1.l_suppkey"], "Plans": [{"Node Type": "Sort", "Parent Relationship": "Outer", "Parallel Aware": false, "Startup Cost": 1493546.16, "Total Cost": 1495406.42, "Plan Rows": 744107, "Plan Width": 16, "Sort Key": ["lineitem_1.l_suppkey"], "Plans": [{"Node Type": "Bitmap Heap Scan", "Parent Relationship": "Outer", "Parallel Aware": true, "Relation Name": "lineitem", "Alias": "lineitem_1", "Startup Cost": 33429.07, "Total Cost": 1413526.86, "Plan Rows": 744107, "Plan Width": 16, "Recheck Cond": "((l_shipdate >= '1996-10-01'::date) AND (l_shipdate < '1997-01-01 00:00:00'::timestamp without time zone))", "Plans": [{"Node Type": "Bitmap Index Scan", "Parent Relationship": "Outer", "Parallel Aware": false, "Index Name": "idx_lineitem_shipdate", "Startup Cost": 0.0, "Total Cost": 32852.39, "Plan Rows": 2306732, "Plan Width": 0, "Index Cond": "((l_shipdate >= '1996-10-01'::date) AND (l_shipdate < '1997-01-01 00:00:00'::timestamp without time zone))"}]}]}]}]}]}]}, {"Node Type": "Nested Loop", "Parent Relationship": "Outer", "Parallel Aware": false, "Join Type": "Inner", "Startup Cost": 1494547.08, "Total Cost": 1546735.07, "Plan Rows": 499, "Plan Width": 103, "Inner Unique": true, "Plans": [{"Node Type": "Aggregate", "Strategy": "Sorted", "Partial Mode": "Finalize", "Parent Relationship": "Outer", "Parallel Aware": false, "Startup Cost": 1494546.2, "Total Cost": 1545735.81, "Plan Rows": 499, "Plan Width": 36, "Group Key": ["lineitem.l_suppkey"], "Filter": "(sum((lineitem.l_extendedprice * ('1'::numeric - lineitem.l_discount))) = $1)", "Plans": [{"Node Type": "Gather Merge", "Parent Relationship": "Outer", "Parallel Aware": false, "Startup Cost": 1494546.2, "Total Cost": 1540250.44, "Plan Rows": 299202, "Plan Width": 36, "Workers Planned": 3, "Plans": [{"Node Type": "Aggregate", "Strategy": "Sorted", "Partial Mode": "Partial", "Parent Relationship": "Outer", "Parallel Aware": false, "Startup Cost": 1493546.16, "Total Cost": 1504094.17, "Plan Rows": 99734, "Plan Width": 36, "Group Key": ["lineitem.l_suppkey"], "Plans": [{"Node Type": "Sort", "Parent Relationship": "Outer", "Parallel Aware": false, "Startup Cost": 1493546.16, "Total Cost": 1495406.42, "Plan Rows": 744107, "Plan Width": 16, "Sort Key": ["lineitem.l_suppkey"], "Plans": [{"Node Type": "Bitmap Heap Scan", "Parent Relationship": "Outer", "Parallel Aware": true, "Relation Name": "lineitem", "Alias": "lineitem", "Startup Cost": 33429.07, "Total Cost": 1413526.86, "Plan Rows": 744107, "Plan Width": 16, "Recheck Cond": "((l_shipdate >= '1996-10-01'::date) AND (l_shipdate < '1997-01-01 00:00:00'::timestamp without time zone))", "Plans": [{"Node Type": "Bitmap Index Scan", "Parent Relationship": "Outer", "Parallel Aware": false, "Index Name": "idx_lineitem_shipdate", "Startup Cost": 0.0, "Total Cost": 32852.39, "Plan Rows": 2306732, "Plan Width": 0, "Index Cond": "((l_shipdate >= '1996-10-01'::date) AND (l_shipdate < '1997-01-01 00:00:00'::timestamp without time zone))"}]}]}]}]}]}, {"Node Type": "Bitmap Heap Scan", "Parent Relationship": "Inner", "Parallel Aware": false, "Relation Name": "supplier", "Alias": "supplier", "Startup Cost": 0.88, "Total Cost": 1.99, "Plan Rows": 1, "Plan Width": 71, "Recheck Cond": "(s_suppkey = lineitem.l_suppkey)", "Plans": [{"Node Type": "Bitmap Index Scan", "Parent Relationship": "Outer", "Parallel Aware": false, "Index Name": "supplier_pkey", "Startup Cost": 0.0, "Total Cost": 0.88, "Plan Rows": 1, "Plan Width": 0, "Index Cond": "(s_suppkey = lineitem.l_suppkey)"}]}]}]}}, {"Plan": {"Node Type": "Limit", "Parallel Aware": false, "Startup Cost": 3039534.9, "Total Cost": 3039639.48, "Plan Rows": 1, "Plan Width": 103, "Plans": [{"Node Type": "Aggregate", "Strategy": "Plain", "Partial Mode": "Simple", "Parent Relationship": "InitPlan", "Subplan Name": "InitPlan 1 (returns $1)", "Parallel Aware": false, "Startup Cost": 1544987.81, "Total Cost": 1544987.82, "Plan Rows": 1, "Plan Width": 32, "Plans": [{"Node Type": "Aggregate", "Strategy": "Sorted", "Partial Mode": "Finalize", "Parent Relationship": "Outer", "Parallel Aware": false, "Startup Cost": 1494546.2, "Total Cost": 1543741.13, "Plan Rows": 99734, "Plan Width": 36, "Group Key": ["lineitem_1.l_suppkey"], "Plans": [{"Node Type": "Gather Merge", "Parent Relationship": "Outer", "Parallel Aware": false, "Startup Cost": 1494546.2, "Total Cost": 1540250.44, "Plan Rows": 299202, "Plan Width": 36, "Workers Planned": 3, "Plans": [{"Node Type": "Aggregate", "Strategy": "Sorted", "Partial Mode": "Partial", "Parent Relationship": "Outer", "Parallel Aware": false, "Startup Cost": 1493546.16, "Total Cost": 1504094.17, "Plan Rows": 99734, "Plan Width": 36, "Group Key": ["lineitem_1.l_suppkey"], "Plans": [{"Node Type": "Sort", "Parent Relationship": "Outer", "Parallel Aware": false, "Startup Cost": 1493546.16, "Total Cost": 1495406.42, "Plan Rows": 744107, "Plan Width": 16, "Sort Key": ["lineitem_1.l_suppkey"], "Plans": [{"Node Type": "Bitmap Heap Scan", "Parent Relationship": "Outer", "Parallel Aware": true, "Relation Name": "lineitem", "Alias": "lineitem_1", "Startup Cost": 33429.07, "Total Cost": 1413526.86, "Plan Rows": 744107, "Plan Width": 16, "Recheck Cond": "((l_shipdate >= '1996-10-01'::date) AND (l_shipdate < '1997-01-01 00:00:00'::timestamp without time zone))", "Plans": [{"Node Type": "Bitmap Index Scan", "Parent Relationship": "Outer", "Parallel Aware": false, "Index Name": "idx_lineitem_shipdate", "Startup Cost": 0.0, "Total Cost": 32852.39, "Plan Rows": 2306732, "Plan Width": 0, "Index Cond": "((l_shipdate >= '1996-10-01'::date) AND (l_shipdate < '1997-01-01 00:00:00'::timestamp without time zone))"}]}]}]}]}]}]}, {"Node Type": "Nested Loop", "Parent Relationship": "Outer", "Parallel Aware": false, "Join Type": "Inner", "Startup Cost": 1494547.08, "Total Cost": 1546735.07, "Plan Rows": 499, "Plan Width": 103, "Inner Unique": true, "Plans": [{"Node Type": "Aggregate", "Strategy": "Sorted", "Partial Mode": "Finalize", "Parent Relationship": "Outer", "Parallel Aware": false, "Startup Cost": 1494546.2, "Total Cost": 1545735.81, "Plan Rows": 499, "Plan Width": 36, "Group Key": ["lineitem.l_suppkey"], "Filter": "(sum((lineitem.l_extendedprice * ('1'::numeric - lineitem.l_discount))) = $1)", "Plans": [{"Node Type": "Gather Merge", "Parent Relationship": "Outer", "Parallel Aware": false, "Startup Cost": 1494546.2, "Total Cost": 1540250.44, "Plan Rows": 299202, "Plan Width": 36, "Workers Planned": 3, "Plans": [{"Node Type": "Aggregate", "Strategy": "Sorted", "Partial Mode": "Partial", "Parent Relationship": "Outer", "Parallel Aware": false, "Startup Cost": 1493546.16, "Total Cost": 1504094.17, "Plan Rows": 99734, "Plan Width": 36, "Group Key": ["lineitem.l_suppkey"], "Plans": [{"Node Type": "Sort", "Parent Relationship": "Outer", "Parallel Aware": false, "Startup Cost": 1493546.16, "Total Cost": 1495406.42, "Plan Rows": 744107, "Plan Width": 16, "Sort Key": ["lineitem.l_suppkey"], "Plans": [{"Node Type": "Bitmap Heap Scan", "Parent Relationship": "Outer", "Parallel Aware": true, "Relation Name": "lineitem", "Alias": "lineitem", "Startup Cost": 33429.07, "Total Cost": 1413526.86, "Plan Rows": 744107, "Plan Width": 16, "Recheck Cond": "((l_shipdate >= '1996-10-01'::date) AND (l_shipdate < '1997-01-01 00:00:00'::timestamp without time zone))", "Plans": [{"Node Type": "Bitmap Index Scan", "Parent Relationship": "Outer", "Parallel Aware": false, "Index Name": "idx_lineitem_shipdate", "Startup Cost": 0.0, "Total Cost": 32852.39, "Plan Rows": 2306732, "Plan Width": 0, "Index Cond": "((l_shipdate >= '1996-10-01'::date) AND (l_shipdate < '1997-01-01 00:00:00'::timestamp without time zone))"}]}]}]}]}]}, {"Node Type": "Bitmap Heap Scan", "Parent Relationship": "Inner", "Parallel Aware": false, "Relation Name": "supplier", "Alias": "supplier", "Startup Cost": 0.88, "Total Cost": 1.99, "Plan Rows": 1, "Plan Width": 71, "Recheck Cond": "(s_suppkey = lineitem.l_suppkey)", "Plans": [{"Node Type": "Bitmap Index Scan", "Parent Relationship": "Outer", "Parallel Aware": false, "Index Name": "supplier_pkey", "Startup Cost": 0.0, "Total Cost": 0.88, "Plan Rows": 1, "Plan Width": 0, "Index Cond": "(s_suppkey = lineitem.l_suppkey)"}]}]}]}}, {"Plan": {"Node Type": "Limit", "Parallel Aware": false, "Startup Cost": 3051054.84, "Total Cost": 3051158.45, "Plan Rows": 1, "Plan Width": 103, "Plans": [{"Node Type": "Aggregate", "Strategy": "Plain", "Partial Mode": "Simple", "Parent Relationship": "InitPlan", "Subplan Name": "InitPlan 1 (returns $1)", "Parallel Aware": false, "Startup Cost": 1544987.81, "Total Cost": 1544987.82, "Plan Rows": 1, "Plan Width": 32, "Plans": [{"Node Type": "Aggregate", "Strategy": "Sorted", "Partial Mode": "Finalize", "Parent Relationship": "Outer", "Parallel Aware": false, "Startup Cost": 1494546.2, "Total Cost": 1543741.13, "Plan Rows": 99734, "Plan Width": 36, "Group Key": ["lineitem_1.l_suppkey"], "Plans": [{"Node Type": "Gather Merge", "Parent Relationship": "Outer", "Parallel Aware": false, "Startup Cost": 1494546.2, "Total Cost": 1540250.44, "Plan Rows": 299202, "Plan Width": 36, "Workers Planned": 3, "Plans": [{"Node Type": "Aggregate", "Strategy": "Sorted", "Partial Mode": "Partial", "Parent Relationship": "Outer", "Parallel Aware": false, "Startup Cost": 1493546.16, "Total Cost": 1504094.17, "Plan Rows": 99734, "Plan Width": 36, "Group Key": ["lineitem_1.l_suppkey"], "Plans": [{"Node Type": "Sort", "Parent Relationship": "Outer", "Parallel Aware": false, "Startup Cost": 1493546.16, "Total Cost": 1495406.42, "Plan Rows": 744107, "Plan Width": 16, "Sort Key": ["lineitem_1.l_suppkey"], "Plans": [{"Node Type": "Bitmap Heap Scan", "Parent Relationship": "Outer", "Parallel Aware": true, "Relation Name": "lineitem", "Alias": "lineitem_1", "Startup Cost": 33429.07, "Total Cost": 1413526.86, "Plan Rows": 744107, "Plan Width": 16, "Recheck Cond": "((l_shipdate >= '1996-10-01'::date) AND (l_shipdate < '1997-01-01 00:00:00'::timestamp without time zone))", "Plans": [{"Node Type": "Bitmap Index Scan", "Parent Relationship": "Outer", "Parallel Aware": false, "Index Name": "idx_lineitem_shipdate", "Startup Cost": 0.0, "Total Cost": 32852.39, "Plan Rows": 2306732, "Plan Width": 0, "Index Cond": "((l_shipdate >= '1996-10-01'::date) AND (l_shipdate < '1997-01-01 00:00:00'::timestamp without time zone))"}]}]}]}]}]}]}, {"Node Type": "Merge Join", "Parent Relationship": "Outer", "Parallel Aware": false, "Join Type": "Inner", "Startup Cost": 1506067.02, "Total Cost": 1557767.86, "Plan Rows": 499, "Plan Width": 103, "Inner Unique": true, "Merge Cond": "(supplier.s_suppkey = lineitem.l_suppkey)", "Plans": [{"Node Type": "Sort", "Parent Relationship": "Outer", "Parallel Aware": false, "Startup Cost": 11520.82, "Total Cost": 11770.82, "Plan Rows": 100000, "Plan Width": 71, "Sort Key": ["supplier.s_suppkey"], "Plans": [{"Node Type": "Seq Scan", "Parent Relationship": "Outer", "Parallel Aware": false, "Relation Name": "supplier", "Alias": "supplier", "Startup Cost": 0.0, "Total Cost": 3216.0, "Plan Rows": 100000, "Plan Width": 71}]}, {"Node Type": "Aggregate", "Strategy": "Sorted", "Partial Mode": "Finalize", "Parent Relationship": "Inner", "Parallel Aware": false, "Startup Cost": 1494546.2, "Total Cost": 1545735.81, "Plan Rows": 499, "Plan Width": 36, "Group Key": ["lineitem.l_suppkey"], "Filter": "(sum((lineitem.l_extendedprice * ('1'::numeric - lineitem.l_discount))) = $1)", "Plans": [{"Node Type": "Gather Merge", "Parent Relationship": "Outer", "Parallel Aware": false, "Startup Cost": 1494546.2, "Total Cost": 1540250.44, "Plan Rows": 299202, "Plan Width": 36, "Workers Planned": 3, "Plans": [{"Node Type": "Aggregate", "Strategy": "Sorted", "Partial Mode": "Partial", "Parent Relationship": "Outer", "Parallel Aware": false, "Startup Cost": 1493546.16, "Total Cost": 1504094.17, "Plan Rows": 99734, "Plan Width": 36, "Group Key": ["lineitem.l_suppkey"], "Plans": [{"Node Type": "Sort", "Parent Relationship": "Outer", "Parallel Aware": false, "Startup Cost": 1493546.16, "Total Cost": 1495406.42, "Plan Rows": 744107, "Plan Width": 16, "Sort Key": ["lineitem.l_suppkey"], "Plans": [{"Node Type": "Bitmap Heap Scan", "Parent Relationship": "Outer", "Parallel Aware": true, "Relation Name": "lineitem", "Alias": "lineitem", "Startup Cost": 33429.07, "Total Cost": 1413526.86, "Plan Rows": 744107, "Plan Width": 16, "Recheck Cond": "((l_shipdate >= '1996-10-01'::date) AND (l_shipdate < '1997-01-01 00:00:00'::timestamp without time zone))", "Plans": [{"Node Type": "Bitmap Index Scan", "Parent Relationship": "Outer", "Parallel Aware": false, "Index Name": "idx_lineitem_shipdate", "Startup Cost": 0.0, "Total Cost": 32852.39, "Plan Rows": 2306732, "Plan Width": 0, "Index Cond": "((l_shipdate >= '1996-10-01'::date) AND (l_shipdate < '1997-01-01 00:00:00'::timestamp without time zone))"}]}]}]}]}]}]}]}}, {"Plan": {"Node Type": "Limit", "Parallel Aware": false, "Startup Cost": 3039534.9, "Total Cost": 3039639.48, "Plan Rows": 1, "Plan Width": 103, "Plans": [{"Node Type": "Aggregate", "Strategy": "Plain", "Partial Mode": "Simple", "Parent Relationship": "InitPlan", "Subplan Name": "InitPlan 1 (returns $1)", "Parallel Aware": false, "Startup Cost": 1544987.81, "Total Cost": 1544987.82, "Plan Rows": 1, "Plan Width": 32, "Plans": [{"Node Type": "Aggregate", "Strategy": "Sorted", "Partial Mode": "Finalize", "Parent Relationship": "Outer", "Parallel Aware": false, "Startup Cost": 1494546.2, "Total Cost": 1543741.13, "Plan Rows": 99734, "Plan Width": 36, "Group Key": ["lineitem_1.l_suppkey"], "Plans": [{"Node Type": "Gather Merge", "Parent Relationship": "Outer", "Parallel Aware": false, "Startup Cost": 1494546.2, "Total Cost": 1540250.44, "Plan Rows": 299202, "Plan Width": 36, "Workers Planned": 3, "Plans": [{"Node Type": "Aggregate", "Strategy": "Sorted", "Partial Mode": "Partial", "Parent Relationship": "Outer", "Parallel Aware": false, "Startup Cost": 1493546.16, "Total Cost": 1504094.17, "Plan Rows": 99734, "Plan Width": 36, "Group Key": ["lineitem_1.l_suppkey"], "Plans": [{"Node Type": "Sort", "Parent Relationship": "Outer", "Parallel Aware": false, "Startup Cost": 1493546.16, "Total Cost": 1495406.42, "Plan Rows": 744107, "Plan Width": 16, "Sort Key": ["lineitem_1.l_suppkey"], "Plans": [{"Node Type": "Bitmap Heap Scan", "Parent Relationship": "Outer", "Parallel Aware": true, "Relation Name": "lineitem", "Alias": "lineitem_1", "Startup Cost": 33429.07, "Total Cost": 1413526.86, "Plan Rows": 744107, "Plan Width": 16, "Recheck Cond": "((l_shipdate >= '1996-10-01'::date) AND (l_shipdate < '1997-01-01 00:00:00'::timestamp without time zone))", "Plans": [{"Node Type": "Bitmap Index Scan", "Parent Relationship": "Outer", "Parallel Aware": false, "Index Name": "idx_lineitem_shipdate", "Startup Cost": 0.0, "Total Cost": 32852.39, "Plan Rows": 2306732, "Plan Width": 0, "Index Cond": "((l_shipdate >= '1996-10-01'::date) AND (l_shipdate < '1997-01-01 00:00:00'::timestamp without time zone))"}]}]}]}]}]}]}, {"Node Type": "Nested Loop", "Parent Relationship": "Outer", "Parallel Aware": false, "Join Type": "Inner", "Startup Cost": 1494547.08, "Total Cost": 1546735.07, "Plan Rows": 499, "Plan Width": 103, "Inner Unique": true, "Plans": [{"Node Type": "Aggregate", "Strategy": "Sorted", "Partial Mode": "Finalize", "Parent Relationship": "Outer", "Parallel Aware": false, "Startup Cost": 1494546.2, "Total Cost": 1545735.81, "Plan Rows": 499, "Plan Width": 36, "Group Key": ["lineitem.l_suppkey"], "Filter": "(sum((lineitem.l_extendedprice * ('1'::numeric - lineitem.l_discount))) = $1)", "Plans": [{"Node Type": "Gather Merge", "Parent Relationship": "Outer", "Parallel Aware": false, "Startup Cost": 1494546.2, "Total Cost": 1540250.44, "Plan Rows": 299202, "Plan Width": 36, "Workers Planned": 3, "Plans": [{"Node Type": "Aggregate", "Strategy": "Sorted", "Partial Mode": "Partial", "Parent Relationship": "Outer", "Parallel Aware": false, "Startup Cost": 1493546.16, "Total Cost": 1504094.17, "Plan Rows": 99734, "Plan Width": 36, "Group Key": ["lineitem.l_suppkey"], "Plans": [{"Node Type": "Sort", "Parent Relationship": "Outer", "Parallel Aware": false, "Startup Cost": 1493546.16, "Total Cost": 1495406.42, "Plan Rows": 744107, "Plan Width": 16, "Sort Key": ["lineitem.l_suppkey"], "Plans": [{"Node Type": "Bitmap Heap Scan", "Parent Relationship": "Outer", "Parallel Aware": true, "Relation Name": "lineitem", "Alias": "lineitem", "Startup Cost": 33429.07, "Total Cost": 1413526.86, "Plan Rows": 744107, "Plan Width": 16, "Recheck Cond": "((l_shipdate >= '1996-10-01'::date) AND (l_shipdate < '1997-01-01 00:00:00'::timestamp without time zone))", "Plans": [{"Node Type": "Bitmap Index Scan", "Parent Relationship": "Outer", "Parallel Aware": false, "Index Name": "idx_lineitem_shipdate", "Startup Cost": 0.0, "Total Cost": 32852.39, "Plan Rows": 2306732, "Plan Width": 0, "Index Cond": "((l_shipdate >= '1996-10-01'::date) AND (l_shipdate < '1997-01-01 00:00:00'::timestamp without time zone))"}]}]}]}]}]}, {"Node Type": "Bitmap Heap Scan", "Parent Relationship": "Inner", "Parallel Aware": false, "Relation Name": "supplier", "Alias": "supplier", "Startup Cost": 0.88, "Total Cost": 1.99, "Plan Rows": 1, "Plan Width": 71, "Recheck Cond": "(s_suppkey = lineitem.l_suppkey)", "Plans": [{"Node Type": "Bitmap Index Scan", "Parent Relationship": "Outer", "Parallel Aware": false, "Index Name": "supplier_pkey", "Startup Cost": 0.0, "Total Cost": 0.88, "Plan Rows": 1, "Plan Width": 0, "Index Cond": "(s_suppkey = lineitem.l_suppkey)"}]}]}]}}, {"Plan": {"Node Type": "Limit", "Parallel Aware": false, "Startup Cost": 3039534.9, "Total Cost": 3039639.48, "Plan Rows": 1, "Plan Width": 103, "Plans": [{"Node Type": "Aggregate", "Strategy": "Plain", "Partial Mode": "Simple", "Parent Relationship": "InitPlan", "Subplan Name": "InitPlan 1 (returns $1)", "Parallel Aware": false, "Startup Cost": 1544987.81, "Total Cost": 1544987.82, "Plan Rows": 1, "Plan Width": 32, "Plans": [{"Node Type": "Aggregate", "Strategy": "Sorted", "Partial Mode": "Finalize", "Parent Relationship": "Outer", "Parallel Aware": false, "Startup Cost": 1494546.2, "Total Cost": 1543741.13, "Plan Rows": 99734, "Plan Width": 36, "Group Key": ["lineitem_1.l_suppkey"], "Plans": [{"Node Type": "Gather Merge", "Parent Relationship": "Outer", "Parallel Aware": false, "Startup Cost": 1494546.2, "Total Cost": 1540250.44, "Plan Rows": 299202, "Plan Width": 36, "Workers Planned": 3, "Plans": [{"Node Type": "Aggregate", "Strategy": "Sorted", "Partial Mode": "Partial", "Parent Relationship": "Outer", "Parallel Aware": false, "Startup Cost": 1493546.16, "Total Cost": 1504094.17, "Plan Rows": 99734, "Plan Width": 36, "Group Key": ["lineitem_1.l_suppkey"], "Plans": [{"Node Type": "Sort", "Parent Relationship": "Outer", "Parallel Aware": false, "Startup Cost": 1493546.16, "Total Cost": 1495406.42, "Plan Rows": 744107, "Plan Width": 16, "Sort Key": ["lineitem_1.l_suppkey"], "Plans": [{"Node Type": "Bitmap Heap Scan", "Parent Relationship": "Outer", "Parallel Aware": true, "Relation Name": "lineitem", "Alias": "lineitem_1", "Startup Cost": 33429.07, "Total Cost": 1413526.86, "Plan Rows": 744107, "Plan Width": 16, "Recheck Cond": "((l_shipdate >= '1996-10-01'::date) AND (l_shipdate < '1997-01-01 00:00:00'::timestamp without time zone))", "Plans": [{"Node Type": "Bitmap Index Scan", "Parent Relationship": "Outer", "Parallel Aware": false, "Index Name": "idx_lineitem_shipdate", "Startup Cost": 0.0, "Total Cost": 32852.39, "Plan Rows": 2306732, "Plan Width": 0, "Index Cond": "((l_shipdate >= '1996-10-01'::date) AND (l_shipdate < '1997-01-01 00:00:00'::timestamp without time zone))"}]}]}]}]}]}]}, {"Node Type": "Nested Loop", "Parent Relationship": "Outer", "Parallel Aware": false, "Join Type": "Inner", "Startup Cost": 1494547.08, "Total Cost": 1546735.07, "Plan Rows": 499, "Plan Width": 103, "Inner Unique": true, "Plans": [{"Node Type": "Aggregate", "Strategy": "Sorted", "Partial Mode": "Finalize", "Parent Relationship": "Outer", "Parallel Aware": false, "Startup Cost": 1494546.2, "Total Cost": 1545735.81, "Plan Rows": 499, "Plan Width": 36, "Group Key": ["lineitem.l_suppkey"], "Filter": "(sum((lineitem.l_extendedprice * ('1'::numeric - lineitem.l_discount))) = $1)", "Plans": [{"Node Type": "Gather Merge", "Parent Relationship": "Outer", "Parallel Aware": false, "Startup Cost": 1494546.2, "Total Cost": 1540250.44, "Plan Rows": 299202, "Plan Width": 36, "Workers Planned": 3, "Plans": [{"Node Type": "Aggregate", "Strategy": "Sorted", "Partial Mode": "Partial", "Parent Relationship": "Outer", "Parallel Aware": false, "Startup Cost": 1493546.16, "Total Cost": 1504094.17, "Plan Rows": 99734, "Plan Width": 36, "Group Key": ["lineitem.l_suppkey"], "Plans": [{"Node Type": "Sort", "Parent Relationship": "Outer", "Parallel Aware": false, "Startup Cost": 1493546.16, "Total Cost": 1495406.42, "Plan Rows": 744107, "Plan Width": 16, "Sort Key": ["lineitem.l_suppkey"], "Plans": [{"Node Type": "Bitmap Heap Scan", "Parent Relationship": "Outer", "Parallel Aware": true, "Relation Name": "lineitem", "Alias": "lineitem", "Startup Cost": 33429.07, "Total Cost": 1413526.86, "Plan Rows": 744107, "Plan Width": 16, "Recheck Cond": "((l_shipdate >= '1996-10-01'::date) AND (l_shipdate < '1997-01-01 00:00:00'::timestamp without time zone))", "Plans": [{"Node Type": "Bitmap Index Scan", "Parent Relationship": "Outer", "Parallel Aware": false, "Index Name": "idx_lineitem_shipdate", "Startup Cost": 0.0, "Total Cost": 32852.39, "Plan Rows": 2306732, "Plan Width": 0, "Index Cond": "((l_shipdate >= '1996-10-01'::date) AND (l_shipdate < '1997-01-01 00:00:00'::timestamp without time zone))"}]}]}]}]}]}, {"Node Type": "Bitmap Heap Scan", "Parent Relationship": "Inner", "Parallel Aware": false, "Relation Name": "supplier", "Alias": "supplier", "Startup Cost": 0.88, "Total Cost": 1.99, "Plan Rows": 1, "Plan Width": 71, "Recheck Cond": "(s_suppkey = lineitem.l_suppkey)", "Plans": [{"Node Type": "Bitmap Index Scan", "Parent Relationship": "Outer", "Parallel Aware": false, "Index Name": "supplier_pkey", "Startup Cost": 0.0, "Total Cost": 0.88, "Plan Rows": 1, "Plan Width": 0, "Index Cond": "(s_suppkey = lineitem.l_suppkey)"}]}]}]}}, {"Plan": {"Node Type": "Limit", "Parallel Aware": false, "Startup Cost": 2767055.36, "Total Cost": 2767166.53, "Plan Rows": 1, "Plan Width": 103, "Plans": [{"Node Type": "Aggregate", "Strategy": "Plain", "Partial Mode": "Simple", "Parent Relationship": "InitPlan", "Subplan Name": "InitPlan 1 (returns $1)", "Parallel Aware": false, "Startup Cost": 1408748.34, "Total Cost": 1408748.35, "Plan Rows": 1, "Plan Width": 32, "Plans": [{"Node Type": "Aggregate", "Strategy": "Sorted", "Partial Mode": "Finalize", "Parent Relationship": "Outer", "Parallel Aware": false, "Startup Cost": 1358306.72, "Total Cost": 1407501.66, "Plan Rows": 99734, "Plan Width": 36, "Group Key": ["lineitem_1.l_suppkey"], "Plans": [{"Node Type": "Gather Merge", "Parent Relationship": "Outer", "Parallel Aware": false, "Startup Cost": 1358306.72, "Total Cost": 1404010.97, "Plan Rows": 299202, "Plan Width": 36, "Workers Planned": 3, "Plans": [{"Node Type": "Aggregate", "Strategy": "Sorted", "Partial Mode": "Partial", "Parent Relationship": "Outer", "Parallel Aware": false, "Startup Cost": 1357306.68, "Total Cost": 1367854.7, "Plan Rows": 99734, "Plan Width": 36, "Group Key": ["lineitem_1.l_suppkey"], "Plans": [{"Node Type": "Sort", "Parent Relationship": "Outer", "Parallel Aware": false, "Startup Cost": 1357306.68, "Total Cost": 1359166.95, "Plan Rows": 744107, "Plan Width": 16, "Sort Key": ["lineitem_1.l_suppkey"], "Plans": [{"Node Type": "Index Scan", "Parent Relationship": "Outer", "Parallel Aware": true, "Scan Direction": "Forward", "Index Name": "idx_lineitem_shipdate", "Relation Name": "lineitem", "Alias": "lineitem_1", "Startup Cost": 0.56, "Total Cost": 1277287.39, "Plan Rows": 744107, "Plan Width": 16, "Index Cond": "((l_shipdate >= '1996-10-01'::date) AND (l_shipdate < '1997-01-01 00:00:00'::timestamp without time zone))"}]}]}]}]}]}, {"Node Type": "Merge Join", "Parent Relationship": "Outer", "Parallel Aware": false, "Join Type": "Inner", "Startup Cost": 1358307.02, "Total Cost": 1413777.67, "Plan Rows": 499, "Plan Width": 103, "Inner Unique": true, "Merge Cond": "(supplier.s_suppkey = lineitem.l_suppkey)", "Plans": [{"Node Type": "Index Scan", "Parent Relationship": "Outer", "Parallel Aware": false, "Scan Direction": "Forward", "Index Name": "supplier_pkey", "Relation Name": "supplier", "Alias": "supplier", "Startup Cost": 0.29, "Total Cost": 4020.1, "Plan Rows": 100000, "Plan Width": 71}, {"Node Type": "Aggregate", "Strategy": "Sorted", "Partial Mode": "Finalize", "Parent Relationship": "Inner", "Parallel Aware": false, "Startup Cost": 1358306.72, "Total Cost": 1409496.34, "Plan Rows": 499, "Plan Width": 36, "Group Key": ["lineitem.l_suppkey"], "Filter": "(sum((lineitem.l_extendedprice * ('1'::numeric - lineitem.l_discount))) = $1)", "Plans": [{"Node Type": "Gather Merge", "Parent Relationship": "Outer", "Parallel Aware": false, "Startup Cost": 1358306.72, "Total Cost": 1404010.97, "Plan Rows": 299202, "Plan Width": 36, "Workers Planned": 3, "Plans": [{"Node Type": "Aggregate", "Strategy": "Sorted", "Partial Mode": "Partial", "Parent Relationship": "Outer", "Parallel Aware": false, "Startup Cost": 1357306.68, "Total Cost": 1367854.7, "Plan Rows": 99734, "Plan Width": 36, "Group Key": ["lineitem.l_suppkey"], "Plans": [{"Node Type": "Sort", "Parent Relationship": "Outer", "Parallel Aware": false, "Startup Cost": 1357306.68, "Total Cost": 1359166.95, "Plan Rows": 744107, "Plan Width": 16, "Sort Key": ["lineitem.l_suppkey"], "Plans": [{"Node Type": "Index Scan", "Parent Relationship": "Outer", "Parallel Aware": true, "Scan Direction": "Forward", "Index Name": "idx_lineitem_shipdate", "Relation Name": "lineitem", "Alias": "lineitem", "Startup Cost": 0.56, "Total Cost": 1277287.39, "Plan Rows": 744107, "Plan Width": 16, "Index Cond": "((l_shipdate >= '1996-10-01'::date) AND (l_shipdate < '1997-01-01 00:00:00'::timestamp without time zone))"}]}]}]}]}]}]}}, {"Plan": {"Node Type": "Limit", "Parallel Aware": false, "Startup Cost": 2767055.36, "Total Cost": 2767159.84, "Plan Rows": 1, "Plan Width": 103, "Plans": [{"Node Type": "Aggregate", "Strategy": "Plain", "Partial Mode": "Simple", "Parent Relationship": "InitPlan", "Subplan Name": "InitPlan 1 (returns $1)", "Parallel Aware": false, "Startup Cost": 1408748.34, "Total Cost": 1408748.35, "Plan Rows": 1, "Plan Width": 32, "Plans": [{"Node Type": "Aggregate", "Strategy": "Sorted", "Partial Mode": "Finalize", "Parent Relationship": "Outer", "Parallel Aware": false, "Startup Cost": 1358306.72, "Total Cost": 1407501.66, "Plan Rows": 99734, "Plan Width": 36, "Group Key": ["lineitem_1.l_suppkey"], "Plans": [{"Node Type": "Gather Merge", "Parent Relationship": "Outer", "Parallel Aware": false, "Startup Cost": 1358306.72, "Total Cost": 1404010.97, "Plan Rows": 299202, "Plan Width": 36, "Workers Planned": 3, "Plans": [{"Node Type": "Aggregate", "Strategy": "Sorted", "Partial Mode": "Partial", "Parent Relationship": "Outer", "Parallel Aware": false, "Startup Cost": 1357306.68, "Total Cost": 1367854.7, "Plan Rows": 99734, "Plan Width": 36, "Group Key": ["lineitem_1.l_suppkey"], "Plans": [{"Node Type": "Sort", "Parent Relationship": "Outer", "Parallel Aware": false, "Startup Cost": 1357306.68, "Total Cost": 1359166.95, "Plan Rows": 744107, "Plan Width": 16, "Sort Key": ["lineitem_1.l_suppkey"], "Plans": [{"Node Type": "Index Scan", "Parent Relationship": "Outer", "Parallel Aware": true, "Scan Direction": "Forward", "Index Name": "idx_lineitem_shipdate", "Relation Name": "lineitem", "Alias": "lineitem_1", "Startup Cost": 0.56, "Total Cost": 1277287.39, "Plan Rows": 744107, "Plan Width": 16, "Index Cond": "((l_shipdate >= '1996-10-01'::date) AND (l_shipdate < '1997-01-01 00:00:00'::timestamp without time zone))"}]}]}]}]}]}, {"Node Type": "Nested Loop", "Parent Relationship": "Outer", "Parallel Aware": false, "Join Type": "Inner", "Startup Cost": 1358307.02, "Total Cost": 1410439.22, "Plan Rows": 499, "Plan Width": 103, "Inner Unique": true, "Plans": [{"Node Type": "Aggregate", "Strategy": "Sorted", "Partial Mode": "Finalize", "Parent Relationship": "Outer", "Parallel Aware": false, "Startup Cost": 1358306.72, "Total Cost": 1409496.34, "Plan Rows": 499, "Plan Width": 36, "Group Key": ["lineitem.l_suppkey"], "Filter": "(sum((lineitem.l_extendedprice * ('1'::numeric - lineitem.l_discount))) = $1)", "Plans": [{"Node Type": "Gather Merge", "Parent Relationship": "Outer", "Parallel Aware": false, "Startup Cost": 1358306.72, "Total Cost": 1404010.97, "Plan Rows": 299202, "Plan Width": 36, "Workers Planned": 3, "Plans": [{"Node Type": "Aggregate", "Strategy": "Sorted", "Partial Mode": "Partial", "Parent Relationship": "Outer", "Parallel Aware": false, "Startup Cost": 1357306.68, "Total Cost": 1367854.7, "Plan Rows": 99734, "Plan Width": 36, "Group Key": ["lineitem.l_suppkey"], "Plans": [{"Node Type": "Sort", "Parent Relationship": "Outer", "Parallel Aware": false, "Startup Cost": 1357306.68, "Total Cost": 1359166.95, "Plan Rows": 744107, "Plan Width": 16, "Sort Key": ["lineitem.l_suppkey"], "Plans": [{"Node Type": "Index Scan", "Parent Relationship": "Outer", "Parallel Aware": true, "Scan Direction": "Forward", "Index Name": "idx_lineitem_shipdate", "Relation Name": "lineitem", "Alias": "lineitem", "Startup Cost": 0.56, "Total Cost": 1277287.39, "Plan Rows": 744107, "Plan Width": 16, "Index Cond": "((l_shipdate >= '1996-10-01'::date) AND (l_shipdate < '1997-01-01 00:00:00'::timestamp without time zone))"}]}]}]}]}, {"Node Type": "Index Scan", "Parent Relationship": "Inner", "Parallel Aware": false, "Scan Direction": "Forward", "Index Name": "supplier_pkey", "Relation Name": "supplier", "Alias": "supplier", "Startup Cost": 0.29, "Total Cost": 1.88, "Plan Rows": 1, "Plan Width": 71, "Index Cond": "(s_suppkey = lineitem.l_suppkey)"}]}]}}, {"Plan": {"Node Type": "Limit", "Parallel Aware": false, "Startup Cost": 2767055.36, "Total Cost": 2767159.84, "Plan Rows": 1, "Plan Width": 103, "Plans": [{"Node Type": "Aggregate", "Strategy": "Plain", "Partial Mode": "Simple", "Parent Relationship": "InitPlan", "Subplan Name": "InitPlan 1 (returns $1)", "Parallel Aware": false, "Startup Cost": 1408748.34, "Total Cost": 1408748.35, "Plan Rows": 1, "Plan Width": 32, "Plans": [{"Node Type": "Aggregate", "Strategy": "Sorted", "Partial Mode": "Finalize", "Parent Relationship": "Outer", "Parallel Aware": false, "Startup Cost": 1358306.72, "Total Cost": 1407501.66, "Plan Rows": 99734, "Plan Width": 36, "Group Key": ["lineitem_1.l_suppkey"], "Plans": [{"Node Type": "Gather Merge", "Parent Relationship": "Outer", "Parallel Aware": false, "Startup Cost": 1358306.72, "Total Cost": 1404010.97, "Plan Rows": 299202, "Plan Width": 36, "Workers Planned": 3, "Plans": [{"Node Type": "Aggregate", "Strategy": "Sorted", "Partial Mode": "Partial", "Parent Relationship": "Outer", "Parallel Aware": false, "Startup Cost": 1357306.68, "Total Cost": 1367854.7, "Plan Rows": 99734, "Plan Width": 36, "Group Key": ["lineitem_1.l_suppkey"], "Plans": [{"Node Type": "Sort", "Parent Relationship": "Outer", "Parallel Aware": false, "Startup Cost": 1357306.68, "Total Cost": 1359166.95, "Plan Rows": 744107, "Plan Width": 16, "Sort Key": ["lineitem_1.l_suppkey"], "Plans": [{"Node Type": "Index Scan", "Parent Relationship": "Outer", "Parallel Aware": true, "Scan Direction": "Forward", "Index Name": "idx_lineitem_shipdate", "Relation Name": "lineitem", "Alias": "lineitem_1", "Startup Cost": 0.56, "Total Cost": 1277287.39, "Plan Rows": 744107, "Plan Width": 16, "Index Cond": "((l_shipdate >= '1996-10-01'::date) AND (l_shipdate < '1997-01-01 00:00:00'::timestamp without time zone))"}]}]}]}]}]}, {"Node Type": "Nested Loop", "Parent Relationship": "Outer", "Parallel Aware": false, "Join Type": "Inner", "Startup Cost": 1358307.02, "Total Cost": 1410439.22, "Plan Rows": 499, "Plan Width": 103, "Inner Unique": true, "Plans": [{"Node Type": "Aggregate", "Strategy": "Sorted", "Partial Mode": "Finalize", "Parent Relationship": "Outer", "Parallel Aware": false, "Startup Cost": 1358306.72, "Total Cost": 1409496.34, "Plan Rows": 499, "Plan Width": 36, "Group Key": ["lineitem.l_suppkey"], "Filter": "(sum((lineitem.l_extendedprice * ('1'::numeric - lineitem.l_discount))) = $1)", "Plans": [{"Node Type": "Gather Merge", "Parent Relationship": "Outer", "Parallel Aware": false, "Startup Cost": 1358306.72, "Total Cost": 1404010.97, "Plan Rows": 299202, "Plan Width": 36, "Workers Planned": 3, "Plans": [{"Node Type": "Aggregate", "Strategy": "Sorted", "Partial Mode": "Partial", "Parent Relationship": "Outer", "Parallel Aware": false, "Startup Cost": 1357306.68, "Total Cost": 1367854.7, "Plan Rows": 99734, "Plan Width": 36, "Group Key": ["lineitem.l_suppkey"], "Plans": [{"Node Type": "Sort", "Parent Relationship": "Outer", "Parallel Aware": false, "Startup Cost": 1357306.68, "Total Cost": 1359166.95, "Plan Rows": 744107, "Plan Width": 16, "Sort Key": ["lineitem.l_suppkey"], "Plans": [{"Node Type": "Index Scan", "Parent Relationship": "Outer", "Parallel Aware": true, "Scan Direction": "Forward", "Index Name": "idx_lineitem_shipdate", "Relation Name": "lineitem", "Alias": "lineitem", "Startup Cost": 0.56, "Total Cost": 1277287.39, "Plan Rows": 744107, "Plan Width": 16, "Index Cond": "((l_shipdate >= '1996-10-01'::date) AND (l_shipdate < '1997-01-01 00:00:00'::timestamp without time zone))"}]}]}]}]}, {"Node Type": "Index Scan", "Parent Relationship": "Inner", "Parallel Aware": false, "Scan Direction": "Forward", "Index Name": "supplier_pkey", "Relation Name": "supplier", "Alias": "supplier", "Startup Cost": 0.29, "Total Cost": 1.88, "Plan Rows": 1, "Plan Width": 71, "Index Cond": "(s_suppkey = lineitem.l_suppkey)"}]}]}}, {"Plan": {"Node Type": "Limit", "Parallel Aware": false, "Startup Cost": 2767055.36, "Total Cost": 2767166.53, "Plan Rows": 1, "Plan Width": 103, "Plans": [{"Node Type": "Aggregate", "Strategy": "Plain", "Partial Mode": "Simple", "Parent Relationship": "InitPlan", "Subplan Name": "InitPlan 1 (returns $1)", "Parallel Aware": false, "Startup Cost": 1408748.34, "Total Cost": 1408748.35, "Plan Rows": 1, "Plan Width": 32, "Plans": [{"Node Type": "Aggregate", "Strategy": "Sorted", "Partial Mode": "Finalize", "Parent Relationship": "Outer", "Parallel Aware": false, "Startup Cost": 1358306.72, "Total Cost": 1407501.66, "Plan Rows": 99734, "Plan Width": 36, "Group Key": ["lineitem_1.l_suppkey"], "Plans": [{"Node Type": "Gather Merge", "Parent Relationship": "Outer", "Parallel Aware": false, "Startup Cost": 1358306.72, "Total Cost": 1404010.97, "Plan Rows": 299202, "Plan Width": 36, "Workers Planned": 3, "Plans": [{"Node Type": "Aggregate", "Strategy": "Sorted", "Partial Mode": "Partial", "Parent Relationship": "Outer", "Parallel Aware": false, "Startup Cost": 1357306.68, "Total Cost": 1367854.7, "Plan Rows": 99734, "Plan Width": 36, "Group Key": ["lineitem_1.l_suppkey"], "Plans": [{"Node Type": "Sort", "Parent Relationship": "Outer", "Parallel Aware": false, "Startup Cost": 1357306.68, "Total Cost": 1359166.95, "Plan Rows": 744107, "Plan Width": 16, "Sort Key": ["lineitem_1.l_suppkey"], "Plans": [{"Node Type": "Index Scan", "Parent Relationship": "Outer", "Parallel Aware": true, "Scan Direction": "Forward", "Index Name": "idx_lineitem_shipdate", "Relation Name": "lineitem", "Alias": "lineitem_1", "Startup Cost": 0.56, "Total Cost": 1277287.39, "Plan Rows": 744107, "Plan Width": 16, "Index Cond": "((l_shipdate >= '1996-10-01'::date) AND (l_shipdate < '1997-01-01 00:00:00'::timestamp without time zone))"}]}]}]}]}]}, {"Node Type": "Merge Join", "Parent Relationship": "Outer", "Parallel Aware": false, "Join Type": "Inner", "Startup Cost": 1358307.02, "Total Cost": 1413777.67, "Plan Rows": 499, "Plan Width": 103, "Inner Unique": true, "Merge Cond": "(supplier.s_suppkey = lineitem.l_suppkey)", "Plans": [{"Node Type": "Index Scan", "Parent Relationship": "Outer", "Parallel Aware": false, "Scan Direction": "Forward", "Index Name": "supplier_pkey", "Relation Name": "supplier", "Alias": "supplier", "Startup Cost": 0.29, "Total Cost": 4020.1, "Plan Rows": 100000, "Plan Width": 71}, {"Node Type": "Aggregate", "Strategy": "Sorted", "Partial Mode": "Finalize", "Parent Relationship": "Inner", "Parallel Aware": false, "Startup Cost": 1358306.72, "Total Cost": 1409496.34, "Plan Rows": 499, "Plan Width": 36, "Group Key": ["lineitem.l_suppkey"], "Filter": "(sum((lineitem.l_extendedprice * ('1'::numeric - lineitem.l_discount))) = $1)", "Plans": [{"Node Type": "Gather Merge", "Parent Relationship": "Outer", "Parallel Aware": false, "Startup Cost": 1358306.72, "Total Cost": 1404010.97, "Plan Rows": 299202, "Plan Width": 36, "Workers Planned": 3, "Plans": [{"Node Type": "Aggregate", "Strategy": "Sorted", "Partial Mode": "Partial", "Parent Relationship": "Outer", "Parallel Aware": false, "Startup Cost": 1357306.68, "Total Cost": 1367854.7, "Plan Rows": 99734, "Plan Width": 36, "Group Key": ["lineitem.l_suppkey"], "Plans": [{"Node Type": "Sort", "Parent Relationship": "Outer", "Parallel Aware": false, "Startup Cost": 1357306.68, "Total Cost": 1359166.95, "Plan Rows": 744107, "Plan Width": 16, "Sort Key": ["lineitem.l_suppkey"], "Plans": [{"Node Type": "Index Scan", "Parent Relationship": "Outer", "Parallel Aware": true, "Scan Direction": "Forward", "Index Name": "idx_lineitem_shipdate", "Relation Name": "lineitem", "Alias": "lineitem", "Startup Cost": 0.56, "Total Cost": 1277287.39, "Plan Rows": 744107, "Plan Width": 16, "Index Cond": "((l_shipdate >= '1996-10-01'::date) AND (l_shipdate < '1997-01-01 00:00:00'::timestamp without time zone))"}]}]}]}]}]}]}}, {"Plan": {"Node Type": "Limit", "Parallel Aware": false, "Startup Cost": 2767055.36, "Total Cost": 2767159.84, "Plan Rows": 1, "Plan Width": 103, "Plans": [{"Node Type": "Aggregate", "Strategy": "Plain", "Partial Mode": "Simple", "Parent Relationship": "InitPlan", "Subplan Name": "InitPlan 1 (returns $1)", "Parallel Aware": false, "Startup Cost": 1408748.34, "Total Cost": 1408748.35, "Plan Rows": 1, "Plan Width": 32, "Plans": [{"Node Type": "Aggregate", "Strategy": "Sorted", "Partial Mode": "Finalize", "Parent Relationship": "Outer", "Parallel Aware": false, "Startup Cost": 1358306.72, "Total Cost": 1407501.66, "Plan Rows": 99734, "Plan Width": 36, "Group Key": ["lineitem_1.l_suppkey"], "Plans": [{"Node Type": "Gather Merge", "Parent Relationship": "Outer", "Parallel Aware": false, "Startup Cost": 1358306.72, "Total Cost": 1404010.97, "Plan Rows": 299202, "Plan Width": 36, "Workers Planned": 3, "Plans": [{"Node Type": "Aggregate", "Strategy": "Sorted", "Partial Mode": "Partial", "Parent Relationship": "Outer", "Parallel Aware": false, "Startup Cost": 1357306.68, "Total Cost": 1367854.7, "Plan Rows": 99734, "Plan Width": 36, "Group Key": ["lineitem_1.l_suppkey"], "Plans": [{"Node Type": "Sort", "Parent Relationship": "Outer", "Parallel Aware": false, "Startup Cost": 1357306.68, "Total Cost": 1359166.95, "Plan Rows": 744107, "Plan Width": 16, "Sort Key": ["lineitem_1.l_suppkey"], "Plans": [{"Node Type": "Index Scan", "Parent Relationship": "Outer", "Parallel Aware": true, "Scan Direction": "Forward", "Index Name": "idx_lineitem_shipdate", "Relation Name": "lineitem", "Alias": "lineitem_1", "Startup Cost": 0.56, "Total Cost": 1277287.39, "Plan Rows": 744107, "Plan Width": 16, "Index Cond": "((l_shipdate >= '1996-10-01'::date) AND (l_shipdate < '1997-01-01 00:00:00'::timestamp without time zone))"}]}]}]}]}]}, {"Node Type": "Nested Loop", "Parent Relationship": "Outer", "Parallel Aware": false, "Join Type": "Inner", "Startup Cost": 1358307.02, "Total Cost": 1410439.22, "Plan Rows": 499, "Plan Width": 103, "Inner Unique": true, "Plans": [{"Node Type": "Aggregate", "Strategy": "Sorted", "Partial Mode": "Finalize", "Parent Relationship": "Outer", "Parallel Aware": false, "Startup Cost": 1358306.72, "Total Cost": 1409496.34, "Plan Rows": 499, "Plan Width": 36, "Group Key": ["lineitem.l_suppkey"], "Filter": "(sum((lineitem.l_extendedprice * ('1'::numeric - lineitem.l_discount))) = $1)", "Plans": [{"Node Type": "Gather Merge", "Parent Relationship": "Outer", "Parallel Aware": false, "Startup Cost": 1358306.72, "Total Cost": 1404010.97, "Plan Rows": 299202, "Plan Width": 36, "Workers Planned": 3, "Plans": [{"Node Type": "Aggregate", "Strategy": "Sorted", "Partial Mode": "Partial", "Parent Relationship": "Outer", "Parallel Aware": false, "Startup Cost": 1357306.68, "Total Cost": 1367854.7, "Plan Rows": 99734, "Plan Width": 36, "Group Key": ["lineitem.l_suppkey"], "Plans": [{"Node Type": "Sort", "Parent Relationship": "Outer", "Parallel Aware": false, "Startup Cost": 1357306.68, "Total Cost": 1359166.95, "Plan Rows": 744107, "Plan Width": 16, "Sort Key": ["lineitem.l_suppkey"], "Plans": [{"Node Type": "Index Scan", "Parent Relationship": "Outer", "Parallel Aware": true, "Scan Direction": "Forward", "Index Name": "idx_lineitem_shipdate", "Relation Name": "lineitem", "Alias": "lineitem", "Startup Cost": 0.56, "Total Cost": 1277287.39, "Plan Rows": 744107, "Plan Width": 16, "Index Cond": "((l_shipdate >= '1996-10-01'::date) AND (l_shipdate < '1997-01-01 00:00:00'::timestamp without time zone))"}]}]}]}]}, {"Node Type": "Index Scan", "Parent Relationship": "Inner", "Parallel Aware": false, "Scan Direction": "Forward", "Index Name": "supplier_pkey", "Relation Name": "supplier", "Alias": "supplier", "Startup Cost": 0.29, "Total Cost": 1.88, "Plan Rows": 1, "Plan Width": 71, "Index Cond": "(s_suppkey = lineitem.l_suppkey)"}]}]}}, {"Plan": {"Node Type": "Limit", "Parallel Aware": false, "Startup Cost": 2767055.36, "Total Cost": 2767159.84, "Plan Rows": 1, "Plan Width": 103, "Plans": [{"Node Type": "Aggregate", "Strategy": "Plain", "Partial Mode": "Simple", "Parent Relationship": "InitPlan", "Subplan Name": "InitPlan 1 (returns $1)", "Parallel Aware": false, "Startup Cost": 1408748.34, "Total Cost": 1408748.35, "Plan Rows": 1, "Plan Width": 32, "Plans": [{"Node Type": "Aggregate", "Strategy": "Sorted", "Partial Mode": "Finalize", "Parent Relationship": "Outer", "Parallel Aware": false, "Startup Cost": 1358306.72, "Total Cost": 1407501.66, "Plan Rows": 99734, "Plan Width": 36, "Group Key": ["lineitem_1.l_suppkey"], "Plans": [{"Node Type": "Gather Merge", "Parent Relationship": "Outer", "Parallel Aware": false, "Startup Cost": 1358306.72, "Total Cost": 1404010.97, "Plan Rows": 299202, "Plan Width": 36, "Workers Planned": 3, "Plans": [{"Node Type": "Aggregate", "Strategy": "Sorted", "Partial Mode": "Partial", "Parent Relationship": "Outer", "Parallel Aware": false, "Startup Cost": 1357306.68, "Total Cost": 1367854.7, "Plan Rows": 99734, "Plan Width": 36, "Group Key": ["lineitem_1.l_suppkey"], "Plans": [{"Node Type": "Sort", "Parent Relationship": "Outer", "Parallel Aware": false, "Startup Cost": 1357306.68, "Total Cost": 1359166.95, "Plan Rows": 744107, "Plan Width": 16, "Sort Key": ["lineitem_1.l_suppkey"], "Plans": [{"Node Type": "Index Scan", "Parent Relationship": "Outer", "Parallel Aware": true, "Scan Direction": "Forward", "Index Name": "idx_lineitem_shipdate", "Relation Name": "lineitem", "Alias": "lineitem_1", "Startup Cost": 0.56, "Total Cost": 1277287.39, "Plan Rows": 744107, "Plan Width": 16, "Index Cond": "((l_shipdate >= '1996-10-01'::date) AND (l_shipdate < '1997-01-01 00:00:00'::timestamp without time zone))"}]}]}]}]}]}, {"Node Type": "Nested Loop", "Parent Relationship": "Outer", "Parallel Aware": false, "Join Type": "Inner", "Startup Cost": 1358307.02, "Total Cost": 1410439.22, "Plan Rows": 499, "Plan Width": 103, "Inner Unique": true, "Plans": [{"Node Type": "Aggregate", "Strategy": "Sorted", "Partial Mode": "Finalize", "Parent Relationship": "Outer", "Parallel Aware": false, "Startup Cost": 1358306.72, "Total Cost": 1409496.34, "Plan Rows": 499, "Plan Width": 36, "Group Key": ["lineitem.l_suppkey"], "Filter": "(sum((lineitem.l_extendedprice * ('1'::numeric - lineitem.l_discount))) = $1)", "Plans": [{"Node Type": "Gather Merge", "Parent Relationship": "Outer", "Parallel Aware": false, "Startup Cost": 1358306.72, "Total Cost": 1404010.97, "Plan Rows": 299202, "Plan Width": 36, "Workers Planned": 3, "Plans": [{"Node Type": "Aggregate", "Strategy": "Sorted", "Partial Mode": "Partial", "Parent Relationship": "Outer", "Parallel Aware": false, "Startup Cost": 1357306.68, "Total Cost": 1367854.7, "Plan Rows": 99734, "Plan Width": 36, "Group Key": ["lineitem.l_suppkey"], "Plans": [{"Node Type": "Sort", "Parent Relationship": "Outer", "Parallel Aware": false, "Startup Cost": 1357306.68, "Total Cost": 1359166.95, "Plan Rows": 744107, "Plan Width": 16, "Sort Key": ["lineitem.l_suppkey"], "Plans": [{"Node Type": "Index Scan", "Parent Relationship": "Outer", "Parallel Aware": true, "Scan Direction": "Forward", "Index Name": "idx_lineitem_shipdate", "Relation Name": "lineitem", "Alias": "lineitem", "Startup Cost": 0.56, "Total Cost": 1277287.39, "Plan Rows": 744107, "Plan Width": 16, "Index Cond": "((l_shipdate >= '1996-10-01'::date) AND (l_shipdate < '1997-01-01 00:00:00'::timestamp without time zone))"}]}]}]}]}, {"Node Type": "Index Scan", "Parent Relationship": "Inner", "Parallel Aware": false, "Scan Direction": "Forward", "Index Name": "supplier_pkey", "Relation Name": "supplier", "Alias": "supplier", "Startup Cost": 0.29, "Total Cost": 1.88, "Plan Rows": 1, "Plan Width": 71, "Index Cond": "(s_suppkey = lineitem.l_suppkey)"}]}]}}, {"Plan": {"Node Type": "Limit", "Parallel Aware": false, "Startup Cost": 3039534.9, "Total Cost": 3039639.48, "Plan Rows": 1, "Plan Width": 103, "Plans": [{"Node Type": "Aggregate", "Strategy": "Plain", "Partial Mode": "Simple", "Parent Relationship": "InitPlan", "Subplan Name": "InitPlan 1 (returns $1)", "Parallel Aware": false, "Startup Cost": 1544987.81, "Total Cost": 1544987.82, "Plan Rows": 1, "Plan Width": 32, "Plans": [{"Node Type": "Aggregate", "Strategy": "Sorted", "Partial Mode": "Finalize", "Parent Relationship": "Outer", "Parallel Aware": false, "Startup Cost": 1494546.2, "Total Cost": 1543741.13, "Plan Rows": 99734, "Plan Width": 36, "Group Key": ["lineitem_1.l_suppkey"], "Plans": [{"Node Type": "Gather Merge", "Parent Relationship": "Outer", "Parallel Aware": false, "Startup Cost": 1494546.2, "Total Cost": 1540250.44, "Plan Rows": 299202, "Plan Width": 36, "Workers Planned": 3, "Plans": [{"Node Type": "Aggregate", "Strategy": "Sorted", "Partial Mode": "Partial", "Parent Relationship": "Outer", "Parallel Aware": false, "Startup Cost": 1493546.16, "Total Cost": 1504094.17, "Plan Rows": 99734, "Plan Width": 36, "Group Key": ["lineitem_1.l_suppkey"], "Plans": [{"Node Type": "Sort", "Parent Relationship": "Outer", "Parallel Aware": false, "Startup Cost": 1493546.16, "Total Cost": 1495406.42, "Plan Rows": 744107, "Plan Width": 16, "Sort Key": ["lineitem_1.l_suppkey"], "Plans": [{"Node Type": "Bitmap Heap Scan", "Parent Relationship": "Outer", "Parallel Aware": true, "Relation Name": "lineitem", "Alias": "lineitem_1", "Startup Cost": 33429.07, "Total Cost": 1413526.86, "Plan Rows": 744107, "Plan Width": 16, "Recheck Cond": "((l_shipdate >= '1996-10-01'::date) AND (l_shipdate < '1997-01-01 00:00:00'::timestamp without time zone))", "Plans": [{"Node Type": "Bitmap Index Scan", "Parent Relationship": "Outer", "Parallel Aware": false, "Index Name": "idx_lineitem_shipdate", "Startup Cost": 0.0, "Total Cost": 32852.39, "Plan Rows": 2306732, "Plan Width": 0, "Index Cond": "((l_shipdate >= '1996-10-01'::date) AND (l_shipdate < '1997-01-01 00:00:00'::timestamp without time zone))"}]}]}]}]}]}]}, {"Node Type": "Nested Loop", "Parent Relationship": "Outer", "Parallel Aware": false, "Join Type": "Inner", "Startup Cost": 1494547.08, "Total Cost": 1546735.07, "Plan Rows": 499, "Plan Width": 103, "Inner Unique": true, "Plans": [{"Node Type": "Aggregate", "Strategy": "Sorted", "Partial Mode": "Finalize", "Parent Relationship": "Outer", "Parallel Aware": false, "Startup Cost": 1494546.2, "Total Cost": 1545735.81, "Plan Rows": 499, "Plan Width": 36, "Group Key": ["lineitem.l_suppkey"], "Filter": "(sum((lineitem.l_extendedprice * ('1'::numeric - lineitem.l_discount))) = $1)", "Plans": [{"Node Type": "Gather Merge", "Parent Relationship": "Outer", "Parallel Aware": false, "Startup Cost": 1494546.2, "Total Cost": 1540250.44, "Plan Rows": 299202, "Plan Width": 36, "Workers Planned": 3, "Plans": [{"Node Type": "Aggregate", "Strategy": "Sorted", "Partial Mode": "Partial", "Parent Relationship": "Outer", "Parallel Aware": false, "Startup Cost": 1493546.16, "Total Cost": 1504094.17, "Plan Rows": 99734, "Plan Width": 36, "Group Key": ["lineitem.l_suppkey"], "Plans": [{"Node Type": "Sort", "Parent Relationship": "Outer", "Parallel Aware": false, "Startup Cost": 1493546.16, "Total Cost": 1495406.42, "Plan Rows": 744107, "Plan Width": 16, "Sort Key": ["lineitem.l_suppkey"], "Plans": [{"Node Type": "Bitmap Heap Scan", "Parent Relationship": "Outer", "Parallel Aware": true, "Relation Name": "lineitem", "Alias": "lineitem", "Startup Cost": 33429.07, "Total Cost": 1413526.86, "Plan Rows": 744107, "Plan Width": 16, "Recheck Cond": "((l_shipdate >= '1996-10-01'::date) AND (l_shipdate < '1997-01-01 00:00:00'::timestamp without time zone))", "Plans": [{"Node Type": "Bitmap Index Scan", "Parent Relationship": "Outer", "Parallel Aware": false, "Index Name": "idx_lineitem_shipdate", "Startup Cost": 0.0, "Total Cost": 32852.39, "Plan Rows": 2306732, "Plan Width": 0, "Index Cond": "((l_shipdate >= '1996-10-01'::date) AND (l_shipdate < '1997-01-01 00:00:00'::timestamp without time zone))"}]}]}]}]}]}, {"Node Type": "Bitmap Heap Scan", "Parent Relationship": "Inner", "Parallel Aware": false, "Relation Name": "supplier", "Alias": "supplier", "Startup Cost": 0.88, "Total Cost": 1.99, "Plan Rows": 1, "Plan Width": 71, "Recheck Cond": "(s_suppkey = lineitem.l_suppkey)", "Plans": [{"Node Type": "Bitmap Index Scan", "Parent Relationship": "Outer", "Parallel Aware": false, "Index Name": "supplier_pkey", "Startup Cost": 0.0, "Total Cost": 0.88, "Plan Rows": 1, "Plan Width": 0, "Index Cond": "(s_suppkey = lineitem.l_suppkey)"}]}]}]}}, {"Plan": {"Node Type": "Limit", "Parallel Aware": false, "Startup Cost": 3051054.84, "Total Cost": 3051158.45, "Plan Rows": 1, "Plan Width": 103, "Plans": [{"Node Type": "Aggregate", "Strategy": "Plain", "Partial Mode": "Simple", "Parent Relationship": "InitPlan", "Subplan Name": "InitPlan 1 (returns $1)", "Parallel Aware": false, "Startup Cost": 1544987.81, "Total Cost": 1544987.82, "Plan Rows": 1, "Plan Width": 32, "Plans": [{"Node Type": "Aggregate", "Strategy": "Sorted", "Partial Mode": "Finalize", "Parent Relationship": "Outer", "Parallel Aware": false, "Startup Cost": 1494546.2, "Total Cost": 1543741.13, "Plan Rows": 99734, "Plan Width": 36, "Group Key": ["lineitem_1.l_suppkey"], "Plans": [{"Node Type": "Gather Merge", "Parent Relationship": "Outer", "Parallel Aware": false, "Startup Cost": 1494546.2, "Total Cost": 1540250.44, "Plan Rows": 299202, "Plan Width": 36, "Workers Planned": 3, "Plans": [{"Node Type": "Aggregate", "Strategy": "Sorted", "Partial Mode": "Partial", "Parent Relationship": "Outer", "Parallel Aware": false, "Startup Cost": 1493546.16, "Total Cost": 1504094.17, "Plan Rows": 99734, "Plan Width": 36, "Group Key": ["lineitem_1.l_suppkey"], "Plans": [{"Node Type": "Sort", "Parent Relationship": "Outer", "Parallel Aware": false, "Startup Cost": 1493546.16, "Total Cost": 1495406.42, "Plan Rows": 744107, "Plan Width": 16, "Sort Key": ["lineitem_1.l_suppkey"], "Plans": [{"Node Type": "Bitmap Heap Scan", "Parent Relationship": "Outer", "Parallel Aware": true, "Relation Name": "lineitem", "Alias": "lineitem_1", "Startup Cost": 33429.07, "Total Cost": 1413526.86, "Plan Rows": 744107, "Plan Width": 16, "Recheck Cond": "((l_shipdate >= '1996-10-01'::date) AND (l_shipdate < '1997-01-01 00:00:00'::timestamp without time zone))", "Plans": [{"Node Type": "Bitmap Index Scan", "Parent Relationship": "Outer", "Parallel Aware": false, "Index Name": "idx_lineitem_shipdate", "Startup Cost": 0.0, "Total Cost": 32852.39, "Plan Rows": 2306732, "Plan Width": 0, "Index Cond": "((l_shipdate >= '1996-10-01'::date) AND (l_shipdate < '1997-01-01 00:00:00'::timestamp without time zone))"}]}]}]}]}]}]}, {"Node Type": "Merge Join", "Parent Relationship": "Outer", "Parallel Aware": false, "Join Type": "Inner", "Startup Cost": 1506067.02, "Total Cost": 1557767.86, "Plan Rows": 499, "Plan Width": 103, "Inner Unique": true, "Merge Cond": "(supplier.s_suppkey = lineitem.l_suppkey)", "Plans": [{"Node Type": "Sort", "Parent Relationship": "Outer", "Parallel Aware": false, "Startup Cost": 11520.82, "Total Cost": 11770.82, "Plan Rows": 100000, "Plan Width": 71, "Sort Key": ["supplier.s_suppkey"], "Plans": [{"Node Type": "Seq Scan", "Parent Relationship": "Outer", "Parallel Aware": false, "Relation Name": "supplier", "Alias": "supplier", "Startup Cost": 0.0, "Total Cost": 3216.0, "Plan Rows": 100000, "Plan Width": 71}]}, {"Node Type": "Aggregate", "Strategy": "Sorted", "Partial Mode": "Finalize", "Parent Relationship": "Inner", "Parallel Aware": false, "Startup Cost": 1494546.2, "Total Cost": 1545735.81, "Plan Rows": 499, "Plan Width": 36, "Group Key": ["lineitem.l_suppkey"], "Filter": "(sum((lineitem.l_extendedprice * ('1'::numeric - lineitem.l_discount))) = $1)", "Plans": [{"Node Type": "Gather Merge", "Parent Relationship": "Outer", "Parallel Aware": false, "Startup Cost": 1494546.2, "Total Cost": 1540250.44, "Plan Rows": 299202, "Plan Width": 36, "Workers Planned": 3, "Plans": [{"Node Type": "Aggregate", "Strategy": "Sorted", "Partial Mode": "Partial", "Parent Relationship": "Outer", "Parallel Aware": false, "Startup Cost": 1493546.16, "Total Cost": 1504094.17, "Plan Rows": 99734, "Plan Width": 36, "Group Key": ["lineitem.l_suppkey"], "Plans": [{"Node Type": "Sort", "Parent Relationship": "Outer", "Parallel Aware": false, "Startup Cost": 1493546.16, "Total Cost": 1495406.42, "Plan Rows": 744107, "Plan Width": 16, "Sort Key": ["lineitem.l_suppkey"], "Plans": [{"Node Type": "Bitmap Heap Scan", "Parent Relationship": "Outer", "Parallel Aware": true, "Relation Name": "lineitem", "Alias": "lineitem", "Startup Cost": 33429.07, "Total Cost": 1413526.86, "Plan Rows": 744107, "Plan Width": 16, "Recheck Cond": "((l_shipdate >= '1996-10-01'::date) AND (l_shipdate < '1997-01-01 00:00:00'::timestamp without time zone))", "Plans": [{"Node Type": "Bitmap Index Scan", "Parent Relationship": "Outer", "Parallel Aware": false, "Index Name": "idx_lineitem_shipdate", "Startup Cost": 0.0, "Total Cost": 32852.39, "Plan Rows": 2306732, "Plan Width": 0, "Index Cond": "((l_shipdate >= '1996-10-01'::date) AND (l_shipdate < '1997-01-01 00:00:00'::timestamp without time zone))"}]}]}]}]}]}]}]}}, {"Plan": {"Node Type": "Limit", "Parallel Aware": false, "Startup Cost": 3039534.9, "Total Cost": 3039639.48, "Plan Rows": 1, "Plan Width": 103, "Plans": [{"Node Type": "Aggregate", "Strategy": "Plain", "Partial Mode": "Simple", "Parent Relationship": "InitPlan", "Subplan Name": "InitPlan 1 (returns $1)", "Parallel Aware": false, "Startup Cost": 1544987.81, "Total Cost": 1544987.82, "Plan Rows": 1, "Plan Width": 32, "Plans": [{"Node Type": "Aggregate", "Strategy": "Sorted", "Partial Mode": "Finalize", "Parent Relationship": "Outer", "Parallel Aware": false, "Startup Cost": 1494546.2, "Total Cost": 1543741.13, "Plan Rows": 99734, "Plan Width": 36, "Group Key": ["lineitem_1.l_suppkey"], "Plans": [{"Node Type": "Gather Merge", "Parent Relationship": "Outer", "Parallel Aware": false, "Startup Cost": 1494546.2, "Total Cost": 1540250.44, "Plan Rows": 299202, "Plan Width": 36, "Workers Planned": 3, "Plans": [{"Node Type": "Aggregate", "Strategy": "Sorted", "Partial Mode": "Partial", "Parent Relationship": "Outer", "Parallel Aware": false, "Startup Cost": 1493546.16, "Total Cost": 1504094.17, "Plan Rows": 99734, "Plan Width": 36, "Group Key": ["lineitem_1.l_suppkey"], "Plans": [{"Node Type": "Sort", "Parent Relationship": "Outer", "Parallel Aware": false, "Startup Cost": 1493546.16, "Total Cost": 1495406.42, "Plan Rows": 744107, "Plan Width": 16, "Sort Key": ["lineitem_1.l_suppkey"], "Plans": [{"Node Type": "Bitmap Heap Scan", "Parent Relationship": "Outer", "Parallel Aware": true, "Relation Name": "lineitem", "Alias": "lineitem_1", "Startup Cost": 33429.07, "Total Cost": 1413526.86, "Plan Rows": 744107, "Plan Width": 16, "Recheck Cond": "((l_shipdate >= '1996-10-01'::date) AND (l_shipdate < '1997-01-01 00:00:00'::timestamp without time zone))", "Plans": [{"Node Type": "Bitmap Index Scan", "Parent Relationship": "Outer", "Parallel Aware": false, "Index Name": "idx_lineitem_shipdate", "Startup Cost": 0.0, "Total Cost": 32852.39, "Plan Rows": 2306732, "Plan Width": 0, "Index Cond": "((l_shipdate >= '1996-10-01'::date) AND (l_shipdate < '1997-01-01 00:00:00'::timestamp without time zone))"}]}]}]}]}]}]}, {"Node Type": "Nested Loop", "Parent Relationship": "Outer", "Parallel Aware": false, "Join Type": "Inner", "Startup Cost": 1494547.08, "Total Cost": 1546735.07, "Plan Rows": 499, "Plan Width": 103, "Inner Unique": true, "Plans": [{"Node Type": "Aggregate", "Strategy": "Sorted", "Partial Mode": "Finalize", "Parent Relationship": "Outer", "Parallel Aware": false, "Startup Cost": 1494546.2, "Total Cost": 1545735.81, "Plan Rows": 499, "Plan Width": 36, "Group Key": ["lineitem.l_suppkey"], "Filter": "(sum((lineitem.l_extendedprice * ('1'::numeric - lineitem.l_discount))) = $1)", "Plans": [{"Node Type": "Gather Merge", "Parent Relationship": "Outer", "Parallel Aware": false, "Startup Cost": 1494546.2, "Total Cost": 1540250.44, "Plan Rows": 299202, "Plan Width": 36, "Workers Planned": 3, "Plans": [{"Node Type": "Aggregate", "Strategy": "Sorted", "Partial Mode": "Partial", "Parent Relationship": "Outer", "Parallel Aware": false, "Startup Cost": 1493546.16, "Total Cost": 1504094.17, "Plan Rows": 99734, "Plan Width": 36, "Group Key": ["lineitem.l_suppkey"], "Plans": [{"Node Type": "Sort", "Parent Relationship": "Outer", "Parallel Aware": false, "Startup Cost": 1493546.16, "Total Cost": 1495406.42, "Plan Rows": 744107, "Plan Width": 16, "Sort Key": ["lineitem.l_suppkey"], "Plans": [{"Node Type": "Bitmap Heap Scan", "Parent Relationship": "Outer", "Parallel Aware": true, "Relation Name": "lineitem", "Alias": "lineitem", "Startup Cost": 33429.07, "Total Cost": 1413526.86, "Plan Rows": 744107, "Plan Width": 16, "Recheck Cond": "((l_shipdate >= '1996-10-01'::date) AND (l_shipdate < '1997-01-01 00:00:00'::timestamp without time zone))", "Plans": [{"Node Type": "Bitmap Index Scan", "Parent Relationship": "Outer", "Parallel Aware": false, "Index Name": "idx_lineitem_shipdate", "Startup Cost": 0.0, "Total Cost": 32852.39, "Plan Rows": 2306732, "Plan Width": 0, "Index Cond": "((l_shipdate >= '1996-10-01'::date) AND (l_shipdate < '1997-01-01 00:00:00'::timestamp without time zone))"}]}]}]}]}]}, {"Node Type": "Bitmap Heap Scan", "Parent Relationship": "Inner", "Parallel Aware": false, "Relation Name": "supplier", "Alias": "supplier", "Startup Cost": 0.88, "Total Cost": 1.99, "Plan Rows": 1, "Plan Width": 71, "Recheck Cond": "(s_suppkey = lineitem.l_suppkey)", "Plans": [{"Node Type": "Bitmap Index Scan", "Parent Relationship": "Outer", "Parallel Aware": false, "Index Name": "supplier_pkey", "Startup Cost": 0.0, "Total Cost": 0.88, "Plan Rows": 1, "Plan Width": 0, "Index Cond": "(s_suppkey = lineitem.l_suppkey)"}]}]}]}}, {"Plan": {"Node Type": "Limit", "Parallel Aware": false, "Startup Cost": 2767055.36, "Total Cost": 2767159.84, "Plan Rows": 1, "Plan Width": 103, "Plans": [{"Node Type": "Aggregate", "Strategy": "Plain", "Partial Mode": "Simple", "Parent Relationship": "InitPlan", "Subplan Name": "InitPlan 1 (returns $1)", "Parallel Aware": false, "Startup Cost": 1408748.34, "Total Cost": 1408748.35, "Plan Rows": 1, "Plan Width": 32, "Plans": [{"Node Type": "Aggregate", "Strategy": "Sorted", "Partial Mode": "Finalize", "Parent Relationship": "Outer", "Parallel Aware": false, "Startup Cost": 1358306.72, "Total Cost": 1407501.66, "Plan Rows": 99734, "Plan Width": 36, "Group Key": ["lineitem_1.l_suppkey"], "Plans": [{"Node Type": "Gather Merge", "Parent Relationship": "Outer", "Parallel Aware": false, "Startup Cost": 1358306.72, "Total Cost": 1404010.97, "Plan Rows": 299202, "Plan Width": 36, "Workers Planned": 3, "Plans": [{"Node Type": "Aggregate", "Strategy": "Sorted", "Partial Mode": "Partial", "Parent Relationship": "Outer", "Parallel Aware": false, "Startup Cost": 1357306.68, "Total Cost": 1367854.7, "Plan Rows": 99734, "Plan Width": 36, "Group Key": ["lineitem_1.l_suppkey"], "Plans": [{"Node Type": "Sort", "Parent Relationship": "Outer", "Parallel Aware": false, "Startup Cost": 1357306.68, "Total Cost": 1359166.95, "Plan Rows": 744107, "Plan Width": 16, "Sort Key": ["lineitem_1.l_suppkey"], "Plans": [{"Node Type": "Index Scan", "Parent Relationship": "Outer", "Parallel Aware": true, "Scan Direction": "Forward", "Index Name": "idx_lineitem_shipdate", "Relation Name": "lineitem", "Alias": "lineitem_1", "Startup Cost": 0.56, "Total Cost": 1277287.39, "Plan Rows": 744107, "Plan Width": 16, "Index Cond": "((l_shipdate >= '1996-10-01'::date) AND (l_shipdate < '1997-01-01 00:00:00'::timestamp without time zone))"}]}]}]}]}]}, {"Node Type": "Nested Loop", "Parent Relationship": "Outer", "Parallel Aware": false, "Join Type": "Inner", "Startup Cost": 1358307.02, "Total Cost": 1410439.22, "Plan Rows": 499, "Plan Width": 103, "Inner Unique": true, "Plans": [{"Node Type": "Aggregate", "Strategy": "Sorted", "Partial Mode": "Finalize", "Parent Relationship": "Outer", "Parallel Aware": false, "Startup Cost": 1358306.72, "Total Cost": 1409496.34, "Plan Rows": 499, "Plan Width": 36, "Group Key": ["lineitem.l_suppkey"], "Filter": "(sum((lineitem.l_extendedprice * ('1'::numeric - lineitem.l_discount))) = $1)", "Plans": [{"Node Type": "Gather Merge", "Parent Relationship": "Outer", "Parallel Aware": false, "Startup Cost": 1358306.72, "Total Cost": 1404010.97, "Plan Rows": 299202, "Plan Width": 36, "Workers Planned": 3, "Plans": [{"Node Type": "Aggregate", "Strategy": "Sorted", "Partial Mode": "Partial", "Parent Relationship": "Outer", "Parallel Aware": false, "Startup Cost": 1357306.68, "Total Cost": 1367854.7, "Plan Rows": 99734, "Plan Width": 36, "Group Key": ["lineitem.l_suppkey"], "Plans": [{"Node Type": "Sort", "Parent Relationship": "Outer", "Parallel Aware": false, "Startup Cost": 1357306.68, "Total Cost": 1359166.95, "Plan Rows": 744107, "Plan Width": 16, "Sort Key": ["lineitem.l_suppkey"], "Plans": [{"Node Type": "Index Scan", "Parent Relationship": "Outer", "Parallel Aware": true, "Scan Direction": "Forward", "Index Name": "idx_lineitem_shipdate", "Relation Name": "lineitem", "Alias": "lineitem", "Startup Cost": 0.56, "Total Cost": 1277287.39, "Plan Rows": 744107, "Plan Width": 16, "Index Cond": "((l_shipdate >= '1996-10-01'::date) AND (l_shipdate < '1997-01-01 00:00:00'::timestamp without time zone))"}]}]}]}]}, {"Node Type": "Index Scan", "Parent Relationship": "Inner", "Parallel Aware": false, "Scan Direction": "Forward", "Index Name": "supplier_pkey", "Relation Name": "supplier", "Alias": "supplier", "Startup Cost": 0.29, "Total Cost": 1.88, "Plan Rows": 1, "Plan Width": 71, "Index Cond": "(s_suppkey = lineitem.l_suppkey)"}]}]}}]