[{"Plan": {"Node Type": "Limit", "Parallel Aware": false, "Startup Cost": 30006674794.2, "Total Cost": 30006674794.2, "Plan Rows": 1, "Plan Width": 44, "Plans": [{"Node Type": "Sort", "Parent Relationship": "Outer", "Parallel Aware": false, "Startup Cost": 30006674794.2, "Total Cost": 30006675178.32, "Plan Rows": 153648, "Plan Width": 44, "Sort Key": ["(count(DISTINCT partsupp.ps_suppkey)) DESC", "part.p_brand", "part.p_type", "part.p_size"], "Plans": [{"Node Type": "Aggregate", "Strategy": "Sorted", "Partial Mode": "Simple", "Parent Relationship": "Outer", "Parallel Aware": false, "Startup Cost": 30006665076.68, "Total Cost": 30006674025.96, "Plan Rows": 153648, "Plan Width": 44, "Group Key": ["part.p_brand", "part.p_type", "part.p_size"], "Plans": [{"Node Type": "Sort", "Parent Relationship": "Outer", "Parallel Aware": false, "Startup Cost": 30006665076.68, "Total Cost": 30006666559.24, "Plan Rows": 593024, "Plan Width": 40, "Sort Key": ["part.p_brand", "part.p_type", "part.p_size"], "Plans": [{"Node Type": "Nested Loop", "Parent Relationship": "Outer", "Parallel Aware": false, "Join Type": "Inner", "Startup Cost": 30000003466.89, "Total Cost": 30006598714.76, "Plan Rows": 593024, "Plan Width": 40, "Inner Unique": true, "Plans": [{"Node Type": "Index Scan", "Parent Relationship": "Outer", "Parallel Aware": false, "Scan Direction": "Forward", "Index Name": "idx_partsupp_partkey", "Relation Name": "partsupp", "Alias": "partsupp", "Startup Cost": 20000003466.46, "Total Cost": 20000341993.86, "Plan Rows": 3999800, "Plan Width": 8, "Filter": "(NOT (hashed SubPlan 1))", "Plans": [{"Node Type": "Seq Scan", "Parent Relationship": "SubPlan", "Subplan Name": "SubPlan 1", "Parallel Aware": false, "Relation Name": "supplier", "Alias": "supplier", "Startup Cost": 10000000000.0, "Total Cost": 10000003466.0, "Plan Rows": 10, "Plan Width": 4, "Filter": "((s_comment)::text ~~ '%Customer%Complaints%'::text)"}]}, {"Node Type": "Bitmap Heap Scan", "Parent Relationship": "Inner", "Parallel Aware": false, "Relation Name": "part", "Alias": "part", "Startup Cost": 0.44, "Total Cost": 1.56, "Plan Rows": 1, "Plan Width": 40, "Recheck Cond": "(p_partkey = partsupp.ps_partkey)", "Filter": "((p_brand <> 'Brand#11'::bpchar) AND ((p_type)::text !~~ 'LARGE BRUSHED%'::text) AND (p_size = ANY ('{13,2,49,28,31,48,11,18}'::integer[])))", "Plans": [{"Node Type": "Bitmap Index Scan", "Parent Relationship": "Outer", "Parallel Aware": false, "Index Name": "part_pkey", "Startup Cost": 0.0, "Total Cost": 0.44, "Plan Rows": 1, "Plan Width": 0, "Index Cond": "(p_partkey = partsupp.ps_partkey)"}]}]}]}]}]}]}}, {"Plan": {"Node Type": "Limit", "Parallel Aware": false, "Startup Cost": 10000619477.88, "Total Cost": 10000619477.89, "Plan Rows": 1, "Plan Width": 44, "Plans": [{"Node Type": "Sort", "Parent Relationship": "Outer", "Parallel Aware": false, "Startup Cost": 10000619477.88, "Total Cost": 10000619862.0, "Plan Rows": 153648, "Plan Width": 44, "Sort Key": ["(count(DISTINCT partsupp.ps_suppkey)) DESC", "part.p_brand", "part.p_type", "part.p_size"], "Plans": [{"Node Type": "Aggregate", "Strategy": "Sorted", "Partial Mode": "Simple", "Parent Relationship": "Outer", "Parallel Aware": false, "Startup Cost": 10000609760.36, "Total Cost": 10000618709.64, "Plan Rows": 153648, "Plan Width": 44, "Group Key": ["part.p_brand", "part.p_type", "part.p_size"], "Plans": [{"Node Type": "Sort", "Parent Relationship": "Outer", "Parallel Aware": false, "Startup Cost": 10000609760.36, "Total Cost": 10000611242.92, "Plan Rows": 593024, "Plan Width": 40, "Sort Key": ["part.p_brand", "part.p_type", "part.p_size"], "Plans": [{"Node Type": "Hash Join", "Parent Relationship": "Outer", "Parallel Aware": false, "Join Type": "Inner", "Startup Cost": 10000407616.79, "Total Cost": 10000543398.44, "Plan Rows": 593024, "Plan Width": 40, "Inner Unique": false, "Hash Cond": "(part.p_partkey = partsupp.ps_partkey)", "Plans": [{"Node Type": "Index Scan", "Parent Relationship": "Outer", "Parallel Aware": false, "Scan Direction": "Forward", "Index Name": "part_pkey", "Relation Name": "part", "Alias": "part", "Startup Cost": 0.43, "Total Cost": 106998.23, "Plan Rows": 296527, "Plan Width": 40, "Filter": "((p_brand <> 'Brand#11'::bpchar) AND ((p_type)::text !~~ 'LARGE BRUSHED%'::text) AND (p_size = ANY ('{13,2,49,28,31,48,11,18}'::integer[])))"}, {"Node Type": "Hash", "Parent Relationship": "Inner", "Parallel Aware": false, "Startup Cost": 10000341993.86, "Total Cost": 10000341993.86, "Plan Rows": 3999800, "Plan Width": 8, "Plans": [{"Node Type": "Index Scan", "Parent Relationship": "Outer", "Parallel Aware": false, "Scan Direction": "Forward", "Index Name": "idx_partsupp_partkey", "Relation Name": "partsupp", "Alias": "partsupp", "Startup Cost": 10000003466.46, "Total Cost": 10000341993.86, "Plan Rows": 3999800, "Plan Width": 8, "Filter": "(NOT (hashed SubPlan 1))", "Plans": [{"Node Type": "Seq Scan", "Parent Relationship": "SubPlan", "Subplan Name": "SubPlan 1", "Parallel Aware": false, "Relation Name": "supplier", "Alias": "supplier", "Startup Cost": 10000000000.0, "Total Cost": 10000003466.0, "Plan Rows": 10, "Plan Width": 4, "Filter": "((s_comment)::text ~~ '%Customer%Complaints%'::text)"}]}]}]}]}]}]}]}}, {"Plan": {"Node Type": "Limit", "Parallel Aware": false, "Startup Cost": 10000541741.72, "Total Cost": 10000541741.72, "Plan Rows": 1, "Plan Width": 44, "Plans": [{"Node Type": "Sort", "Parent Relationship": "Outer", "Parallel Aware": false, "Startup Cost": 10000541741.72, "Total Cost": 10000542125.84, "Plan Rows": 153648, "Plan Width": 44, "Sort Key": ["(count(DISTINCT partsupp.ps_suppkey)) DESC", "part.p_brand", "part.p_type", "part.p_size"], "Plans": [{"Node Type": "Aggregate", "Strategy": "Sorted", "Partial Mode": "Simple", "Parent Relationship": "Outer", "Parallel Aware": false, "Startup Cost": 10000532024.2, "Total Cost": 10000540973.48, "Plan Rows": 153648, "Plan Width": 44, "Group Key": ["part.p_brand", "part.p_type", "part.p_size"], "Plans": [{"Node Type": "Sort", "Parent Relationship": "Outer", "Parallel Aware": false, "Startup Cost": 10000532024.2, "Total Cost": 10000533506.76, "Plan Rows": 593024, "Plan Width": 40, "Sort Key": ["part.p_brand", "part.p_type", "part.p_size"], "Plans": [{"Node Type": "Merge Join", "Parent Relationship": "Outer", "Parallel Aware": false, "Join Type": "Inner", "Startup Cost": 10000003469.93, "Total Cost": 10000465662.28, "Plan Rows": 593024, "Plan Width": 40, "Inner Unique": true, "Merge Cond": "(partsupp.ps_partkey = part.p_partkey)", "Plans": [{"Node Type": "Index Scan", "Parent Relationship": "Outer", "Parallel Aware": false, "Scan Direction": "Forward", "Index Name": "idx_partsupp_partkey", "Relation Name": "partsupp", "Alias": "partsupp", "Startup Cost": 10000003466.46, "Total Cost": 10000341993.86, "Plan Rows": 3999800, "Plan Width": 8, "Filter": "(NOT (hashed SubPlan 1))", "Plans": [{"Node Type": "Seq Scan", "Parent Relationship": "SubPlan", "Subplan Name": "SubPlan 1", "Parallel Aware": false, "Relation Name": "supplier", "Alias": "supplier", "Startup Cost": 10000000000.0, "Total Cost": 10000003466.0, "Plan Rows": 10, "Plan Width": 4, "Filter": "((s_comment)::text ~~ '%Customer%Complaints%'::text)"}]}, {"Node Type": "Index Scan", "Parent Relationship": "Inner", "Parallel Aware": false, "Scan Direction": "Forward", "Index Name": "part_pkey", "Relation Name": "part", "Alias": "part", "Startup Cost": 0.43, "Total Cost": 106998.23, "Plan Rows": 296527, "Plan Width": 40, "Filter": "((p_brand <> 'Brand#11'::bpchar) AND ((p_type)::text !~~ 'LARGE BRUSHED%'::text) AND (p_size = ANY ('{13,2,49,28,31,48,11,18}'::integer[])))"}]}]}]}]}]}}, {"Plan": {"Node Type": "Limit", "Parallel Aware": false, "Startup Cost": 10002309075.11, "Total Cost": 10002309075.12, "Plan Rows": 1, "Plan Width": 44, "Plans": [{"Node Type": "Sort", "Parent Relationship": "Outer", "Parallel Aware": false, "Startup Cost": 10002309075.11, "Total Cost": 10002309459.23, "Plan Rows": 153648, "Plan Width": 44, "Sort Key": ["(count(DISTINCT partsupp.ps_suppkey)) DESC", "part.p_brand", "part.p_type", "part.p_size"], "Plans": [{"Node Type": "Aggregate", "Strategy": "Sorted", "Partial Mode": "Simple", "Parent Relationship": "Outer", "Parallel Aware": false, "Startup Cost": 10002299357.59, "Total Cost": 10002308306.87, "Plan Rows": 153648, "Plan Width": 44, "Group Key": ["part.p_brand", "part.p_type", "part.p_size"], "Plans": [{"Node Type": "Sort", "Parent Relationship": "Outer", "Parallel Aware": false, "Startup Cost": 10002299357.59, "Total Cost": 10002300840.15, "Plan Rows": 593024, "Plan Width": 40, "Sort Key": ["part.p_brand", "part.p_type", "part.p_size"], "Plans": [{"Node Type": "Nested Loop", "Parent Relationship": "Outer", "Parallel Aware": false, "Join Type": "Inner", "Startup Cost": 10000003466.89, "Total Cost": 10002232995.67, "Plan Rows": 593024, "Plan Width": 40, "Inner Unique": true, "Plans": [{"Node Type": "Index Scan", "Parent Relationship": "Outer", "Parallel Aware": false, "Scan Direction": "Forward", "Index Name": "idx_partsupp_partkey", "Relation Name": "partsupp", "Alias": "partsupp", "Startup Cost": 10000003466.46, "Total Cost": 10000341993.86, "Plan Rows": 3999800, "Plan Width": 8, "Filter": "(NOT (hashed SubPlan 1))", "Plans": [{"Node Type": "Seq Scan", "Parent Relationship": "SubPlan", "Subplan Name": "SubPlan 1", "Parallel Aware": false, "Relation Name": "supplier", "Alias": "supplier", "Startup Cost": 10000000000.0, "Total Cost": 10000003466.0, "Plan Rows": 10, "Plan Width": 4, "Filter": "((s_comment)::text ~~ '%Customer%Complaints%'::text)"}]}, {"Node Type": "Index Scan", "Parent Relationship": "Inner", "Parallel Aware": false, "Scan Direction": "Forward", "Index Name": "part_pkey", "Relation Name": "part", "Alias": "part", "Startup Cost": 0.43, "Total Cost": 0.47, "Plan Rows": 1, "Plan Width": 40, "Index Cond": "(p_partkey = partsupp.ps_partkey)", "Filter": "((p_brand <> 'Brand#11'::bpchar) AND ((p_type)::text !~~ 'LARGE BRUSHED%'::text) AND (p_size = ANY ('{13,2,49,28,31,48,11,18}'::integer[])))"}]}]}]}]}]}}, {"Plan": {"Node Type": "Limit", "Parallel Aware": false, "Startup Cost": 408163.97, "Total Cost": 408163.97, "Plan Rows": 1, "Plan Width": 44, "Plans": [{"Node Type": "Sort", "Parent Relationship": "Outer", "Parallel Aware": false, "Startup Cost": 408163.97, "Total Cost": 408548.09, "Plan Rows": 153648, "Plan Width": 44, "Sort Key": ["(count(DISTINCT partsupp.ps_suppkey)) DESC", "part.p_brand", "part.p_type", "part.p_size"], "Plans": [{"Node Type": "Aggregate", "Strategy": "Sorted", "Partial Mode": "Simple", "Parent Relationship": "Outer", "Parallel Aware": false, "Startup Cost": 398446.45, "Total Cost": 407395.73, "Plan Rows": 153648, "Plan Width": 44, "Group Key": ["part.p_brand", "part.p_type", "part.p_size"], "Plans": [{"Node Type": "Sort", "Parent Relationship": "Outer", "Parallel Aware": false, "Startup Cost": 398446.45, "Total Cost": 399929.01, "Plan Rows": 593024, "Plan Width": 40, "Sort Key": ["part.p_brand", "part.p_type", "part.p_size"], "Plans": [{"Node Type": "Gather", "Parent Relationship": "Outer", "Parallel Aware": false, "Startup Cost": 62752.73, "Total Cost": 332084.52, "Plan Rows": 593024, "Plan Width": 40, "Workers Planned": 3, "Single Copy": false, "Plans": [{"Node Type": "Hash Join", "Parent Relationship": "Outer", "Parallel Aware": true, "Join Type": "Inner", "Startup Cost": 61752.73, "Total Cost": 271782.12, "Plan Rows": 191298, "Plan Width": 40, "Inner Unique": true, "Hash Cond": "(partsupp.ps_partkey = part.p_partkey)", "Plans": [{"Node Type": "Seq Scan", "Parent Relationship": "Outer", "Parallel Aware": true, "Relation Name": "partsupp", "Alias": "partsupp", "Startup Cost": 3466.03, "Total Cost": 210108.48, "Plan Rows": 1290258, "Plan Width": 8, "Filter": "(NOT (hashed SubPlan 1))", "Plans": [{"Node Type": "Seq Scan", "Parent Relationship": "SubPlan", "Subplan Name": "SubPlan 1", "Parallel Aware": false, "Relation Name": "supplier", "Alias": "supplier", "Startup Cost": 0.0, "Total Cost": 3466.0, "Plan Rows": 10, "Plan Width": 4, "Filter": "((s_comment)::text ~~ '%Customer%Complaints%'::text)"}]}, {"Node Type": "Hash", "Parent Relationship": "Inner", "Parallel Aware": true, "Startup Cost": 57091.03, "Total Cost": 57091.03, "Plan Rows": 95654, "Plan Width": 40, "Plans": [{"Node Type": "Seq Scan", "Parent Relationship": "Outer", "Parallel Aware": true, "Relation Name": "part", "Alias": "part", "Startup Cost": 0.0, "Total Cost": 57091.03, "Plan Rows": 95654, "Plan Width": 40, "Filter": "((p_brand <> 'Brand#11'::bpchar) AND ((p_type)::text !~~ 'LARGE BRUSHED%'::text) AND (p_size = ANY ('{13,2,49,28,31,48,11,18}'::integer[])))"}]}]}]}]}]}]}]}}, {"Plan": {"Node Type": "Limit", "Parallel Aware": false, "Startup Cost": 10002309075.11, "Total Cost": 10002309075.12, "Plan Rows": 1, "Plan Width": 44, "Plans": [{"Node Type": "Sort", "Parent Relationship": "Outer", "Parallel Aware": false, "Startup Cost": 10002309075.11, "Total Cost": 10002309459.23, "Plan Rows": 153648, "Plan Width": 44, "Sort Key": ["(count(DISTINCT partsupp.ps_suppkey)) DESC", "part.p_brand", "part.p_type", "part.p_size"], "Plans": [{"Node Type": "Aggregate", "Strategy": "Sorted", "Partial Mode": "Simple", "Parent Relationship": "Outer", "Parallel Aware": false, "Startup Cost": 10002299357.59, "Total Cost": 10002308306.87, "Plan Rows": 153648, "Plan Width": 44, "Group Key": ["part.p_brand", "part.p_type", "part.p_size"], "Plans": [{"Node Type": "Sort", "Parent Relationship": "Outer", "Parallel Aware": false, "Startup Cost": 10002299357.59, "Total Cost": 10002300840.15, "Plan Rows": 593024, "Plan Width": 40, "Sort Key": ["part.p_brand", "part.p_type", "part.p_size"], "Plans": [{"Node Type": "Nested Loop", "Parent Relationship": "Outer", "Parallel Aware": false, "Join Type": "Inner", "Startup Cost": 10000003466.89, "Total Cost": 10002232995.67, "Plan Rows": 593024, "Plan Width": 40, "Inner Unique": true, "Plans": [{"Node Type": "Index Scan", "Parent Relationship": "Outer", "Parallel Aware": false, "Scan Direction": "Forward", "Index Name": "idx_partsupp_partkey", "Relation Name": "partsupp", "Alias": "partsupp", "Startup Cost": 10000003466.46, "Total Cost": 10000341993.86, "Plan Rows": 3999800, "Plan Width": 8, "Filter": "(NOT (hashed SubPlan 1))", "Plans": [{"Node Type": "Seq Scan", "Parent Relationship": "SubPlan", "Subplan Name": "SubPlan 1", "Parallel Aware": false, "Relation Name": "supplier", "Alias": "supplier", "Startup Cost": 10000000000.0, "Total Cost": 10000003466.0, "Plan Rows": 10, "Plan Width": 4, "Filter": "((s_comment)::text ~~ '%Customer%Complaints%'::text)"}]}, {"Node Type": "Index Scan", "Parent Relationship": "Inner", "Parallel Aware": false, "Scan Direction": "Forward", "Index Name": "part_pkey", "Relation Name": "part", "Alias": "part", "Startup Cost": 0.43, "Total Cost": 0.47, "Plan Rows": 1, "Plan Width": 40, "Index Cond": "(p_partkey = partsupp.ps_partkey)", "Filter": "((p_brand <> 'Brand#11'::bpchar) AND ((p_type)::text !~~ 'LARGE BRUSHED%'::text) AND (p_size = ANY ('{13,2,49,28,31,48,11,18}'::integer[])))"}]}]}]}]}]}}, {"Plan": {"Node Type": "Limit", "Parallel Aware": false, "Startup Cost": 408163.97, "Total Cost": 408163.97, "Plan Rows": 1, "Plan Width": 44, "Plans": [{"Node Type": "Sort", "Parent Relationship": "Outer", "Parallel Aware": false, "Startup Cost": 408163.97, "Total Cost": 408548.09, "Plan Rows": 153648, "Plan Width": 44, "Sort Key": ["(count(DISTINCT partsupp.ps_suppkey)) DESC", "part.p_brand", "part.p_type", "part.p_size"], "Plans": [{"Node Type": "Aggregate", "Strategy": "Sorted", "Partial Mode": "Simple", "Parent Relationship": "Outer", "Parallel Aware": false, "Startup Cost": 398446.45, "Total Cost": 407395.73, "Plan Rows": 153648, "Plan Width": 44, "Group Key": ["part.p_brand", "part.p_type", "part.p_size"], "Plans": [{"Node Type": "Sort", "Parent Relationship": "Outer", "Parallel Aware": false, "Startup Cost": 398446.45, "Total Cost": 399929.01, "Plan Rows": 593024, "Plan Width": 40, "Sort Key": ["part.p_brand", "part.p_type", "part.p_size"], "Plans": [{"Node Type": "Gather", "Parent Relationship": "Outer", "Parallel Aware": false, "Startup Cost": 62752.73, "Total Cost": 332084.52, "Plan Rows": 593024, "Plan Width": 40, "Workers Planned": 3, "Single Copy": false, "Plans": [{"Node Type": "Hash Join", "Parent Relationship": "Outer", "Parallel Aware": true, "Join Type": "Inner", "Startup Cost": 61752.73, "Total Cost": 271782.12, "Plan Rows": 191298, "Plan Width": 40, "Inner Unique": true, "Hash Cond": "(partsupp.ps_partkey = part.p_partkey)", "Plans": [{"Node Type": "Seq Scan", "Parent Relationship": "Outer", "Parallel Aware": true, "Relation Name": "partsupp", "Alias": "partsupp", "Startup Cost": 3466.03, "Total Cost": 210108.48, "Plan Rows": 1290258, "Plan Width": 8, "Filter": "(NOT (hashed SubPlan 1))", "Plans": [{"Node Type": "Seq Scan", "Parent Relationship": "SubPlan", "Subplan Name": "SubPlan 1", "Parallel Aware": false, "Relation Name": "supplier", "Alias": "supplier", "Startup Cost": 0.0, "Total Cost": 3466.0, "Plan Rows": 10, "Plan Width": 4, "Filter": "((s_comment)::text ~~ '%Customer%Complaints%'::text)"}]}, {"Node Type": "Hash", "Parent Relationship": "Inner", "Parallel Aware": true, "Startup Cost": 57091.03, "Total Cost": 57091.03, "Plan Rows": 95654, "Plan Width": 40, "Plans": [{"Node Type": "Seq Scan", "Parent Relationship": "Outer", "Parallel Aware": true, "Relation Name": "part", "Alias": "part", "Startup Cost": 0.0, "Total Cost": 57091.03, "Plan Rows": 95654, "Plan Width": 40, "Filter": "((p_brand <> 'Brand#11'::bpchar) AND ((p_type)::text !~~ 'LARGE BRUSHED%'::text) AND (p_size = ANY ('{13,2,49,28,31,48,11,18}'::integer[])))"}]}]}]}]}]}]}]}}, {"Plan": {"Node Type": "Limit", "Parallel Aware": false, "Startup Cost": 408163.97, "Total Cost": 408163.97, "Plan Rows": 1, "Plan Width": 44, "Plans": [{"Node Type": "Sort", "Parent Relationship": "Outer", "Parallel Aware": false, "Startup Cost": 408163.97, "Total Cost": 408548.09, "Plan Rows": 153648, "Plan Width": 44, "Sort Key": ["(count(DISTINCT partsupp.ps_suppkey)) DESC", "part.p_brand", "part.p_type", "part.p_size"], "Plans": [{"Node Type": "Aggregate", "Strategy": "Sorted", "Partial Mode": "Simple", "Parent Relationship": "Outer", "Parallel Aware": false, "Startup Cost": 398446.45, "Total Cost": 407395.73, "Plan Rows": 153648, "Plan Width": 44, "Group Key": ["part.p_brand", "part.p_type", "part.p_size"], "Plans": [{"Node Type": "Sort", "Parent Relationship": "Outer", "Parallel Aware": false, "Startup Cost": 398446.45, "Total Cost": 399929.01, "Plan Rows": 593024, "Plan Width": 40, "Sort Key": ["part.p_brand", "part.p_type", "part.p_size"], "Plans": [{"Node Type": "Gather", "Parent Relationship": "Outer", "Parallel Aware": false, "Startup Cost": 62752.73, "Total Cost": 332084.52, "Plan Rows": 593024, "Plan Width": 40, "Workers Planned": 3, "Single Copy": false, "Plans": [{"Node Type": "Hash Join", "Parent Relationship": "Outer", "Parallel Aware": true, "Join Type": "Inner", "Startup Cost": 61752.73, "Total Cost": 271782.12, "Plan Rows": 191298, "Plan Width": 40, "Inner Unique": true, "Hash Cond": "(partsupp.ps_partkey = part.p_partkey)", "Plans": [{"Node Type": "Seq Scan", "Parent Relationship": "Outer", "Parallel Aware": true, "Relation Name": "partsupp", "Alias": "partsupp", "Startup Cost": 3466.03, "Total Cost": 210108.48, "Plan Rows": 1290258, "Plan Width": 8, "Filter": "(NOT (hashed SubPlan 1))", "Plans": [{"Node Type": "Seq Scan", "Parent Relationship": "SubPlan", "Subplan Name": "SubPlan 1", "Parallel Aware": false, "Relation Name": "supplier", "Alias": "supplier", "Startup Cost": 0.0, "Total Cost": 3466.0, "Plan Rows": 10, "Plan Width": 4, "Filter": "((s_comment)::text ~~ '%Customer%Complaints%'::text)"}]}, {"Node Type": "Hash", "Parent Relationship": "Inner", "Parallel Aware": true, "Startup Cost": 57091.03, "Total Cost": 57091.03, "Plan Rows": 95654, "Plan Width": 40, "Plans": [{"Node Type": "Seq Scan", "Parent Relationship": "Outer", "Parallel Aware": true, "Relation Name": "part", "Alias": "part", "Startup Cost": 0.0, "Total Cost": 57091.03, "Plan Rows": 95654, "Plan Width": 40, "Filter": "((p_brand <> 'Brand#11'::bpchar) AND ((p_type)::text !~~ 'LARGE BRUSHED%'::text) AND (p_size = ANY ('{13,2,49,28,31,48,11,18}'::integer[])))"}]}]}]}]}]}]}]}}, {"Plan": {"Node Type": "Limit", "Parallel Aware": false, "Startup Cost": 30000541741.72, "Total Cost": 30000541741.72, "Plan Rows": 1, "Plan Width": 44, "Plans": [{"Node Type": "Sort", "Parent Relationship": "Outer", "Parallel Aware": false, "Startup Cost": 30000541741.72, "Total Cost": 30000542125.84, "Plan Rows": 153648, "Plan Width": 44, "Sort Key": ["(count(DISTINCT partsupp.ps_suppkey)) DESC", "part.p_brand", "part.p_type", "part.p_size"], "Plans": [{"Node Type": "Aggregate", "Strategy": "Sorted", "Partial Mode": "Simple", "Parent Relationship": "Outer", "Parallel Aware": false, "Startup Cost": 30000532024.2, "Total Cost": 30000540973.48, "Plan Rows": 153648, "Plan Width": 44, "Group Key": ["part.p_brand", "part.p_type", "part.p_size"], "Plans": [{"Node Type": "Sort", "Parent Relationship": "Outer", "Parallel Aware": false, "Startup Cost": 30000532024.2, "Total Cost": 30000533506.76, "Plan Rows": 593024, "Plan Width": 40, "Sort Key": ["part.p_brand", "part.p_type", "part.p_size"], "Plans": [{"Node Type": "Merge Join", "Parent Relationship": "Outer", "Parallel Aware": false, "Join Type": "Inner", "Startup Cost": 30000003469.93, "Total Cost": 30000465662.28, "Plan Rows": 593024, "Plan Width": 40, "Inner Unique": true, "Merge Cond": "(partsupp.ps_partkey = part.p_partkey)", "Plans": [{"Node Type": "Index Scan", "Parent Relationship": "Outer", "Parallel Aware": false, "Scan Direction": "Forward", "Index Name": "idx_partsupp_partkey", "Relation Name": "partsupp", "Alias": "partsupp", "Startup Cost": 20000003466.46, "Total Cost": 20000341993.86, "Plan Rows": 3999800, "Plan Width": 8, "Filter": "(NOT (hashed SubPlan 1))", "Plans": [{"Node Type": "Seq Scan", "Parent Relationship": "SubPlan", "Subplan Name": "SubPlan 1", "Parallel Aware": false, "Relation Name": "supplier", "Alias": "supplier", "Startup Cost": 10000000000.0, "Total Cost": 10000003466.0, "Plan Rows": 10, "Plan Width": 4, "Filter": "((s_comment)::text ~~ '%Customer%Complaints%'::text)"}]}, {"Node Type": "Index Scan", "Parent Relationship": "Inner", "Parallel Aware": false, "Scan Direction": "Forward", "Index Name": "part_pkey", "Relation Name": "part", "Alias": "part", "Startup Cost": 10000000000.43, "Total Cost": 10000106998.23, "Plan Rows": 296527, "Plan Width": 40, "Filter": "((p_brand <> 'Brand#11'::bpchar) AND ((p_type)::text !~~ 'LARGE BRUSHED%'::text) AND (p_size = ANY ('{13,2,49,28,31,48,11,18}'::integer[])))"}]}]}]}]}]}}, {"Plan": {"Node Type": "Limit", "Parallel Aware": false, "Startup Cost": 20006674794.2, "Total Cost": 20006674794.2, "Plan Rows": 1, "Plan Width": 44, "Plans": [{"Node Type": "Sort", "Parent Relationship": "Outer", "Parallel Aware": false, "Startup Cost": 20006674794.2, "Total Cost": 20006675178.32, "Plan Rows": 153648, "Plan Width": 44, "Sort Key": ["(count(DISTINCT partsupp.ps_suppkey)) DESC", "part.p_brand", "part.p_type", "part.p_size"], "Plans": [{"Node Type": "Aggregate", "Strategy": "Sorted", "Partial Mode": "Simple", "Parent Relationship": "Outer", "Parallel Aware": false, "Startup Cost": 20006665076.68, "Total Cost": 20006674025.96, "Plan Rows": 153648, "Plan Width": 44, "Group Key": ["part.p_brand", "part.p_type", "part.p_size"], "Plans": [{"Node Type": "Sort", "Parent Relationship": "Outer", "Parallel Aware": false, "Startup Cost": 20006665076.68, "Total Cost": 20006666559.24, "Plan Rows": 593024, "Plan Width": 40, "Sort Key": ["part.p_brand", "part.p_type", "part.p_size"], "Plans": [{"Node Type": "Nested Loop", "Parent Relationship": "Outer", "Parallel Aware": false, "Join Type": "Inner", "Startup Cost": 20000003466.89, "Total Cost": 20006598714.76, "Plan Rows": 593024, "Plan Width": 40, "Inner Unique": true, "Plans": [{"Node Type": "Index Scan", "Parent Relationship": "Outer", "Parallel Aware": false, "Scan Direction": "Forward", "Index Name": "idx_partsupp_partkey", "Relation Name": "partsupp", "Alias": "partsupp", "Startup Cost": 20000003466.46, "Total Cost": 20000341993.86, "Plan Rows": 3999800, "Plan Width": 8, "Filter": "(NOT (hashed SubPlan 1))", "Plans": [{"Node Type": "Seq Scan", "Parent Relationship": "SubPlan", "Subplan Name": "SubPlan 1", "Parallel Aware": false, "Relation Name": "supplier", "Alias": "supplier", "Startup Cost": 10000000000.0, "Total Cost": 10000003466.0, "Plan Rows": 10, "Plan Width": 4, "Filter": "((s_comment)::text ~~ '%Customer%Complaints%'::text)"}]}, {"Node Type": "Bitmap Heap Scan", "Parent Relationship": "Inner", "Parallel Aware": false, "Relation Name": "part", "Alias": "part", "Startup Cost": 0.44, "Total Cost": 1.56, "Plan Rows": 1, "Plan Width": 40, "Recheck Cond": "(p_partkey = partsupp.ps_partkey)", "Filter": "((p_brand <> 'Brand#11'::bpchar) AND ((p_type)::text !~~ 'LARGE BRUSHED%'::text) AND (p_size = ANY ('{13,2,49,28,31,48,11,18}'::integer[])))", "Plans": [{"Node Type": "Bitmap Index Scan", "Parent Relationship": "Outer", "Parallel Aware": false, "Index Name": "part_pkey", "Startup Cost": 0.0, "Total Cost": 0.44, "Plan Rows": 1, "Plan Width": 0, "Index Cond": "(p_partkey = partsupp.ps_partkey)"}]}]}]}]}]}]}}, {"Plan": {"Node Type": "Limit", "Parallel Aware": false, "Startup Cost": 408163.97, "Total Cost": 408163.97, "Plan Rows": 1, "Plan Width": 44, "Plans": [{"Node Type": "Sort", "Parent Relationship": "Outer", "Parallel Aware": false, "Startup Cost": 408163.97, "Total Cost": 408548.09, "Plan Rows": 153648, "Plan Width": 44, "Sort Key": ["(count(DISTINCT partsupp.ps_suppkey)) DESC", "part.p_brand", "part.p_type", "part.p_size"], "Plans": [{"Node Type": "Aggregate", "Strategy": "Sorted", "Partial Mode": "Simple", "Parent Relationship": "Outer", "Parallel Aware": false, "Startup Cost": 398446.45, "Total Cost": 407395.73, "Plan Rows": 153648, "Plan Width": 44, "Group Key": ["part.p_brand", "part.p_type", "part.p_size"], "Plans": [{"Node Type": "Sort", "Parent Relationship": "Outer", "Parallel Aware": false, "Startup Cost": 398446.45, "Total Cost": 399929.01, "Plan Rows": 593024, "Plan Width": 40, "Sort Key": ["part.p_brand", "part.p_type", "part.p_size"], "Plans": [{"Node Type": "Gather", "Parent Relationship": "Outer", "Parallel Aware": false, "Startup Cost": 62752.73, "Total Cost": 332084.52, "Plan Rows": 593024, "Plan Width": 40, "Workers Planned": 3, "Single Copy": false, "Plans": [{"Node Type": "Hash Join", "Parent Relationship": "Outer", "Parallel Aware": true, "Join Type": "Inner", "Startup Cost": 61752.73, "Total Cost": 271782.12, "Plan Rows": 191298, "Plan Width": 40, "Inner Unique": true, "Hash Cond": "(partsupp.ps_partkey = part.p_partkey)", "Plans": [{"Node Type": "Seq Scan", "Parent Relationship": "Outer", "Parallel Aware": true, "Relation Name": "partsupp", "Alias": "partsupp", "Startup Cost": 3466.03, "Total Cost": 210108.48, "Plan Rows": 1290258, "Plan Width": 8, "Filter": "(NOT (hashed SubPlan 1))", "Plans": [{"Node Type": "Seq Scan", "Parent Relationship": "SubPlan", "Subplan Name": "SubPlan 1", "Parallel Aware": false, "Relation Name": "supplier", "Alias": "supplier", "Startup Cost": 0.0, "Total Cost": 3466.0, "Plan Rows": 10, "Plan Width": 4, "Filter": "((s_comment)::text ~~ '%Customer%Complaints%'::text)"}]}, {"Node Type": "Hash", "Parent Relationship": "Inner", "Parallel Aware": true, "Startup Cost": 57091.03, "Total Cost": 57091.03, "Plan Rows": 95654, "Plan Width": 40, "Plans": [{"Node Type": "Seq Scan", "Parent Relationship": "Outer", "Parallel Aware": true, "Relation Name": "part", "Alias": "part", "Startup Cost": 0.0, "Total Cost": 57091.03, "Plan Rows": 95654, "Plan Width": 40, "Filter": "((p_brand <> 'Brand#11'::bpchar) AND ((p_type)::text !~~ 'LARGE BRUSHED%'::text) AND (p_size = ANY ('{13,2,49,28,31,48,11,18}'::integer[])))"}]}]}]}]}]}]}]}}, {"Plan": {"Node Type": "Limit", "Parallel Aware": false, "Startup Cost": 408163.97, "Total Cost": 408163.97, "Plan Rows": 1, "Plan Width": 44, "Plans": [{"Node Type": "Sort", "Parent Relationship": "Outer", "Parallel Aware": false, "Startup Cost": 408163.97, "Total Cost": 408548.09, "Plan Rows": 153648, "Plan Width": 44, "Sort Key": ["(count(DISTINCT partsupp.ps_suppkey)) DESC", "part.p_brand", "part.p_type", "part.p_size"], "Plans": [{"Node Type": "Aggregate", "Strategy": "Sorted", "Partial Mode": "Simple", "Parent Relationship": "Outer", "Parallel Aware": false, "Startup Cost": 398446.45, "Total Cost": 407395.73, "Plan Rows": 153648, "Plan Width": 44, "Group Key": ["part.p_brand", "part.p_type", "part.p_size"], "Plans": [{"Node Type": "Sort", "Parent Relationship": "Outer", "Parallel Aware": false, "Startup Cost": 398446.45, "Total Cost": 399929.01, "Plan Rows": 593024, "Plan Width": 40, "Sort Key": ["part.p_brand", "part.p_type", "part.p_size"], "Plans": [{"Node Type": "Gather", "Parent Relationship": "Outer", "Parallel Aware": false, "Startup Cost": 62752.73, "Total Cost": 332084.52, "Plan Rows": 593024, "Plan Width": 40, "Workers Planned": 3, "Single Copy": false, "Plans": [{"Node Type": "Hash Join", "Parent Relationship": "Outer", "Parallel Aware": true, "Join Type": "Inner", "Startup Cost": 61752.73, "Total Cost": 271782.12, "Plan Rows": 191298, "Plan Width": 40, "Inner Unique": true, "Hash Cond": "(partsupp.ps_partkey = part.p_partkey)", "Plans": [{"Node Type": "Seq Scan", "Parent Relationship": "Outer", "Parallel Aware": true, "Relation Name": "partsupp", "Alias": "partsupp", "Startup Cost": 3466.03, "Total Cost": 210108.48, "Plan Rows": 1290258, "Plan Width": 8, "Filter": "(NOT (hashed SubPlan 1))", "Plans": [{"Node Type": "Seq Scan", "Parent Relationship": "SubPlan", "Subplan Name": "SubPlan 1", "Parallel Aware": false, "Relation Name": "supplier", "Alias": "supplier", "Startup Cost": 0.0, "Total Cost": 3466.0, "Plan Rows": 10, "Plan Width": 4, "Filter": "((s_comment)::text ~~ '%Customer%Complaints%'::text)"}]}, {"Node Type": "Hash", "Parent Relationship": "Inner", "Parallel Aware": true, "Startup Cost": 57091.03, "Total Cost": 57091.03, "Plan Rows": 95654, "Plan Width": 40, "Plans": [{"Node Type": "Seq Scan", "Parent Relationship": "Outer", "Parallel Aware": true, "Relation Name": "part", "Alias": "part", "Startup Cost": 0.0, "Total Cost": 57091.03, "Plan Rows": 95654, "Plan Width": 40, "Filter": "((p_brand <> 'Brand#11'::bpchar) AND ((p_type)::text !~~ 'LARGE BRUSHED%'::text) AND (p_size = ANY ('{13,2,49,28,31,48,11,18}'::integer[])))"}]}]}]}]}]}]}]}}, {"Plan": {"Node Type": "Limit", "Parallel Aware": false, "Startup Cost": 20006674794.2, "Total Cost": 20006674794.2, "Plan Rows": 1, "Plan Width": 44, "Plans": [{"Node Type": "Sort", "Parent Relationship": "Outer", "Parallel Aware": false, "Startup Cost": 20006674794.2, "Total Cost": 20006675178.32, "Plan Rows": 153648, "Plan Width": 44, "Sort Key": ["(count(DISTINCT partsupp.ps_suppkey)) DESC", "part.p_brand", "part.p_type", "part.p_size"], "Plans": [{"Node Type": "Aggregate", "Strategy": "Sorted", "Partial Mode": "Simple", "Parent Relationship": "Outer", "Parallel Aware": false, "Startup Cost": 20006665076.68, "Total Cost": 20006674025.96, "Plan Rows": 153648, "Plan Width": 44, "Group Key": ["part.p_brand", "part.p_type", "part.p_size"], "Plans": [{"Node Type": "Sort", "Parent Relationship": "Outer", "Parallel Aware": false, "Startup Cost": 20006665076.68, "Total Cost": 20006666559.24, "Plan Rows": 593024, "Plan Width": 40, "Sort Key": ["part.p_brand", "part.p_type", "part.p_size"], "Plans": [{"Node Type": "Nested Loop", "Parent Relationship": "Outer", "Parallel Aware": false, "Join Type": "Inner", "Startup Cost": 20000003466.89, "Total Cost": 20006598714.76, "Plan Rows": 593024, "Plan Width": 40, "Inner Unique": true, "Plans": [{"Node Type": "Index Scan", "Parent Relationship": "Outer", "Parallel Aware": false, "Scan Direction": "Forward", "Index Name": "idx_partsupp_partkey", "Relation Name": "partsupp", "Alias": "partsupp", "Startup Cost": 20000003466.46, "Total Cost": 20000341993.86, "Plan Rows": 3999800, "Plan Width": 8, "Filter": "(NOT (hashed SubPlan 1))", "Plans": [{"Node Type": "Seq Scan", "Parent Relationship": "SubPlan", "Subplan Name": "SubPlan 1", "Parallel Aware": false, "Relation Name": "supplier", "Alias": "supplier", "Startup Cost": 10000000000.0, "Total Cost": 10000003466.0, "Plan Rows": 10, "Plan Width": 4, "Filter": "((s_comment)::text ~~ '%Customer%Complaints%'::text)"}]}, {"Node Type": "Bitmap Heap Scan", "Parent Relationship": "Inner", "Parallel Aware": false, "Relation Name": "part", "Alias": "part", "Startup Cost": 0.44, "Total Cost": 1.56, "Plan Rows": 1, "Plan Width": 40, "Recheck Cond": "(p_partkey = partsupp.ps_partkey)", "Filter": "((p_brand <> 'Brand#11'::bpchar) AND ((p_type)::text !~~ 'LARGE BRUSHED%'::text) AND (p_size = ANY ('{13,2,49,28,31,48,11,18}'::integer[])))", "Plans": [{"Node Type": "Bitmap Index Scan", "Parent Relationship": "Outer", "Parallel Aware": false, "Index Name": "part_pkey", "Startup Cost": 0.0, "Total Cost": 0.44, "Plan Rows": 1, "Plan Width": 0, "Index Cond": "(p_partkey = partsupp.ps_partkey)"}]}]}]}]}]}]}}, {"Plan": {"Node Type": "Limit", "Parallel Aware": false, "Startup Cost": 408163.97, "Total Cost": 408163.97, "Plan Rows": 1, "Plan Width": 44, "Plans": [{"Node Type": "Sort", "Parent Relationship": "Outer", "Parallel Aware": false, "Startup Cost": 408163.97, "Total Cost": 408548.09, "Plan Rows": 153648, "Plan Width": 44, "Sort Key": ["(count(DISTINCT partsupp.ps_suppkey)) DESC", "part.p_brand", "part.p_type", "part.p_size"], "Plans": [{"Node Type": "Aggregate", "Strategy": "Sorted", "Partial Mode": "Simple", "Parent Relationship": "Outer", "Parallel Aware": false, "Startup Cost": 398446.45, "Total Cost": 407395.73, "Plan Rows": 153648, "Plan Width": 44, "Group Key": ["part.p_brand", "part.p_type", "part.p_size"], "Plans": [{"Node Type": "Sort", "Parent Relationship": "Outer", "Parallel Aware": false, "Startup Cost": 398446.45, "Total Cost": 399929.01, "Plan Rows": 593024, "Plan Width": 40, "Sort Key": ["part.p_brand", "part.p_type", "part.p_size"], "Plans": [{"Node Type": "Gather", "Parent Relationship": "Outer", "Parallel Aware": false, "Startup Cost": 62752.73, "Total Cost": 332084.52, "Plan Rows": 593024, "Plan Width": 40, "Workers Planned": 3, "Single Copy": false, "Plans": [{"Node Type": "Hash Join", "Parent Relationship": "Outer", "Parallel Aware": true, "Join Type": "Inner", "Startup Cost": 61752.73, "Total Cost": 271782.12, "Plan Rows": 191298, "Plan Width": 40, "Inner Unique": true, "Hash Cond": "(partsupp.ps_partkey = part.p_partkey)", "Plans": [{"Node Type": "Seq Scan", "Parent Relationship": "Outer", "Parallel Aware": true, "Relation Name": "partsupp", "Alias": "partsupp", "Startup Cost": 3466.03, "Total Cost": 210108.48, "Plan Rows": 1290258, "Plan Width": 8, "Filter": "(NOT (hashed SubPlan 1))", "Plans": [{"Node Type": "Seq Scan", "Parent Relationship": "SubPlan", "Subplan Name": "SubPlan 1", "Parallel Aware": false, "Relation Name": "supplier", "Alias": "supplier", "Startup Cost": 0.0, "Total Cost": 3466.0, "Plan Rows": 10, "Plan Width": 4, "Filter": "((s_comment)::text ~~ '%Customer%Complaints%'::text)"}]}, {"Node Type": "Hash", "Parent Relationship": "Inner", "Parallel Aware": true, "Startup Cost": 57091.03, "Total Cost": 57091.03, "Plan Rows": 95654, "Plan Width": 40, "Plans": [{"Node Type": "Seq Scan", "Parent Relationship": "Outer", "Parallel Aware": true, "Relation Name": "part", "Alias": "part", "Startup Cost": 0.0, "Total Cost": 57091.03, "Plan Rows": 95654, "Plan Width": 40, "Filter": "((p_brand <> 'Brand#11'::bpchar) AND ((p_type)::text !~~ 'LARGE BRUSHED%'::text) AND (p_size = ANY ('{13,2,49,28,31,48,11,18}'::integer[])))"}]}]}]}]}]}]}]}}, {"Plan": {"Node Type": "Limit", "Parallel Aware": false, "Startup Cost": 408163.97, "Total Cost": 408163.97, "Plan Rows": 1, "Plan Width": 44, "Plans": [{"Node Type": "Sort", "Parent Relationship": "Outer", "Parallel Aware": false, "Startup Cost": 408163.97, "Total Cost": 408548.09, "Plan Rows": 153648, "Plan Width": 44, "Sort Key": ["(count(DISTINCT partsupp.ps_suppkey)) DESC", "part.p_brand", "part.p_type", "part.p_size"], "Plans": [{"Node Type": "Aggregate", "Strategy": "Sorted", "Partial Mode": "Simple", "Parent Relationship": "Outer", "Parallel Aware": false, "Startup Cost": 398446.45, "Total Cost": 407395.73, "Plan Rows": 153648, "Plan Width": 44, "Group Key": ["part.p_brand", "part.p_type", "part.p_size"], "Plans": [{"Node Type": "Sort", "Parent Relationship": "Outer", "Parallel Aware": false, "Startup Cost": 398446.45, "Total Cost": 399929.01, "Plan Rows": 593024, "Plan Width": 40, "Sort Key": ["part.p_brand", "part.p_type", "part.p_size"], "Plans": [{"Node Type": "Gather", "Parent Relationship": "Outer", "Parallel Aware": false, "Startup Cost": 62752.73, "Total Cost": 332084.52, "Plan Rows": 593024, "Plan Width": 40, "Workers Planned": 3, "Single Copy": false, "Plans": [{"Node Type": "Hash Join", "Parent Relationship": "Outer", "Parallel Aware": true, "Join Type": "Inner", "Startup Cost": 61752.73, "Total Cost": 271782.12, "Plan Rows": 191298, "Plan Width": 40, "Inner Unique": true, "Hash Cond": "(partsupp.ps_partkey = part.p_partkey)", "Plans": [{"Node Type": "Seq Scan", "Parent Relationship": "Outer", "Parallel Aware": true, "Relation Name": "partsupp", "Alias": "partsupp", "Startup Cost": 3466.03, "Total Cost": 210108.48, "Plan Rows": 1290258, "Plan Width": 8, "Filter": "(NOT (hashed SubPlan 1))", "Plans": [{"Node Type": "Seq Scan", "Parent Relationship": "SubPlan", "Subplan Name": "SubPlan 1", "Parallel Aware": false, "Relation Name": "supplier", "Alias": "supplier", "Startup Cost": 0.0, "Total Cost": 3466.0, "Plan Rows": 10, "Plan Width": 4, "Filter": "((s_comment)::text ~~ '%Customer%Complaints%'::text)"}]}, {"Node Type": "Hash", "Parent Relationship": "Inner", "Parallel Aware": true, "Startup Cost": 57091.03, "Total Cost": 57091.03, "Plan Rows": 95654, "Plan Width": 40, "Plans": [{"Node Type": "Seq Scan", "Parent Relationship": "Outer", "Parallel Aware": true, "Relation Name": "part", "Alias": "part", "Startup Cost": 0.0, "Total Cost": 57091.03, "Plan Rows": 95654, "Plan Width": 40, "Filter": "((p_brand <> 'Brand#11'::bpchar) AND ((p_type)::text !~~ 'LARGE BRUSHED%'::text) AND (p_size = ANY ('{13,2,49,28,31,48,11,18}'::integer[])))"}]}]}]}]}]}]}]}}, {"Plan": {"Node Type": "Limit", "Parallel Aware": false, "Startup Cost": 10000619477.88, "Total Cost": 10000619477.89, "Plan Rows": 1, "Plan Width": 44, "Plans": [{"Node Type": "Sort", "Parent Relationship": "Outer", "Parallel Aware": false, "Startup Cost": 10000619477.88, "Total Cost": 10000619862.0, "Plan Rows": 153648, "Plan Width": 44, "Sort Key": ["(count(DISTINCT partsupp.ps_suppkey)) DESC", "part.p_brand", "part.p_type", "part.p_size"], "Plans": [{"Node Type": "Aggregate", "Strategy": "Sorted", "Partial Mode": "Simple", "Parent Relationship": "Outer", "Parallel Aware": false, "Startup Cost": 10000609760.36, "Total Cost": 10000618709.64, "Plan Rows": 153648, "Plan Width": 44, "Group Key": ["part.p_brand", "part.p_type", "part.p_size"], "Plans": [{"Node Type": "Sort", "Parent Relationship": "Outer", "Parallel Aware": false, "Startup Cost": 10000609760.36, "Total Cost": 10000611242.92, "Plan Rows": 593024, "Plan Width": 40, "Sort Key": ["part.p_brand", "part.p_type", "part.p_size"], "Plans": [{"Node Type": "Hash Join", "Parent Relationship": "Outer", "Parallel Aware": false, "Join Type": "Inner", "Startup Cost": 10000407616.79, "Total Cost": 10000543398.44, "Plan Rows": 593024, "Plan Width": 40, "Inner Unique": false, "Hash Cond": "(part.p_partkey = partsupp.ps_partkey)", "Plans": [{"Node Type": "Index Scan", "Parent Relationship": "Outer", "Parallel Aware": false, "Scan Direction": "Forward", "Index Name": "part_pkey", "Relation Name": "part", "Alias": "part", "Startup Cost": 0.43, "Total Cost": 106998.23, "Plan Rows": 296527, "Plan Width": 40, "Filter": "((p_brand <> 'Brand#11'::bpchar) AND ((p_type)::text !~~ 'LARGE BRUSHED%'::text) AND (p_size = ANY ('{13,2,49,28,31,48,11,18}'::integer[])))"}, {"Node Type": "Hash", "Parent Relationship": "Inner", "Parallel Aware": false, "Startup Cost": 10000341993.86, "Total Cost": 10000341993.86, "Plan Rows": 3999800, "Plan Width": 8, "Plans": [{"Node Type": "Index Scan", "Parent Relationship": "Outer", "Parallel Aware": false, "Scan Direction": "Forward", "Index Name": "idx_partsupp_partkey", "Relation Name": "partsupp", "Alias": "partsupp", "Startup Cost": 10000003466.46, "Total Cost": 10000341993.86, "Plan Rows": 3999800, "Plan Width": 8, "Filter": "(NOT (hashed SubPlan 1))", "Plans": [{"Node Type": "Seq Scan", "Parent Relationship": "SubPlan", "Subplan Name": "SubPlan 1", "Parallel Aware": false, "Relation Name": "supplier", "Alias": "supplier", "Startup Cost": 10000000000.0, "Total Cost": 10000003466.0, "Plan Rows": 10, "Plan Width": 4, "Filter": "((s_comment)::text ~~ '%Customer%Complaints%'::text)"}]}]}]}]}]}]}]}}, {"Plan": {"Node Type": "Limit", "Parallel Aware": false, "Startup Cost": 10000541741.72, "Total Cost": 10000541741.72, "Plan Rows": 1, "Plan Width": 44, "Plans": [{"Node Type": "Sort", "Parent Relationship": "Outer", "Parallel Aware": false, "Startup Cost": 10000541741.72, "Total Cost": 10000542125.84, "Plan Rows": 153648, "Plan Width": 44, "Sort Key": ["(count(DISTINCT partsupp.ps_suppkey)) DESC", "part.p_brand", "part.p_type", "part.p_size"], "Plans": [{"Node Type": "Aggregate", "Strategy": "Sorted", "Partial Mode": "Simple", "Parent Relationship": "Outer", "Parallel Aware": false, "Startup Cost": 10000532024.2, "Total Cost": 10000540973.48, "Plan Rows": 153648, "Plan Width": 44, "Group Key": ["part.p_brand", "part.p_type", "part.p_size"], "Plans": [{"Node Type": "Sort", "Parent Relationship": "Outer", "Parallel Aware": false, "Startup Cost": 10000532024.2, "Total Cost": 10000533506.76, "Plan Rows": 593024, "Plan Width": 40, "Sort Key": ["part.p_brand", "part.p_type", "part.p_size"], "Plans": [{"Node Type": "Merge Join", "Parent Relationship": "Outer", "Parallel Aware": false, "Join Type": "Inner", "Startup Cost": 10000003469.93, "Total Cost": 10000465662.28, "Plan Rows": 593024, "Plan Width": 40, "Inner Unique": true, "Merge Cond": "(partsupp.ps_partkey = part.p_partkey)", "Plans": [{"Node Type": "Index Scan", "Parent Relationship": "Outer", "Parallel Aware": false, "Scan Direction": "Forward", "Index Name": "idx_partsupp_partkey", "Relation Name": "partsupp", "Alias": "partsupp", "Startup Cost": 10000003466.46, "Total Cost": 10000341993.86, "Plan Rows": 3999800, "Plan Width": 8, "Filter": "(NOT (hashed SubPlan 1))", "Plans": [{"Node Type": "Seq Scan", "Parent Relationship": "SubPlan", "Subplan Name": "SubPlan 1", "Parallel Aware": false, "Relation Name": "supplier", "Alias": "supplier", "Startup Cost": 10000000000.0, "Total Cost": 10000003466.0, "Plan Rows": 10, "Plan Width": 4, "Filter": "((s_comment)::text ~~ '%Customer%Complaints%'::text)"}]}, {"Node Type": "Index Scan", "Parent Relationship": "Inner", "Parallel Aware": false, "Scan Direction": "Forward", "Index Name": "part_pkey", "Relation Name": "part", "Alias": "part", "Startup Cost": 0.43, "Total Cost": 106998.23, "Plan Rows": 296527, "Plan Width": 40, "Filter": "((p_brand <> 'Brand#11'::bpchar) AND ((p_type)::text !~~ 'LARGE BRUSHED%'::text) AND (p_size = ANY ('{13,2,49,28,31,48,11,18}'::integer[])))"}]}]}]}]}]}}, {"Plan": {"Node Type": "Limit", "Parallel Aware": false, "Startup Cost": 10002309075.11, "Total Cost": 10002309075.12, "Plan Rows": 1, "Plan Width": 44, "Plans": [{"Node Type": "Sort", "Parent Relationship": "Outer", "Parallel Aware": false, "Startup Cost": 10002309075.11, "Total Cost": 10002309459.23, "Plan Rows": 153648, "Plan Width": 44, "Sort Key": ["(count(DISTINCT partsupp.ps_suppkey)) DESC", "part.p_brand", "part.p_type", "part.p_size"], "Plans": [{"Node Type": "Aggregate", "Strategy": "Sorted", "Partial Mode": "Simple", "Parent Relationship": "Outer", "Parallel Aware": false, "Startup Cost": 10002299357.59, "Total Cost": 10002308306.87, "Plan Rows": 153648, "Plan Width": 44, "Group Key": ["part.p_brand", "part.p_type", "part.p_size"], "Plans": [{"Node Type": "Sort", "Parent Relationship": "Outer", "Parallel Aware": false, "Startup Cost": 10002299357.59, "Total Cost": 10002300840.15, "Plan Rows": 593024, "Plan Width": 40, "Sort Key": ["part.p_brand", "part.p_type", "part.p_size"], "Plans": [{"Node Type": "Nested Loop", "Parent Relationship": "Outer", "Parallel Aware": false, "Join Type": "Inner", "Startup Cost": 10000003466.89, "Total Cost": 10002232995.67, "Plan Rows": 593024, "Plan Width": 40, "Inner Unique": true, "Plans": [{"Node Type": "Index Scan", "Parent Relationship": "Outer", "Parallel Aware": false, "Scan Direction": "Forward", "Index Name": "idx_partsupp_partkey", "Relation Name": "partsupp", "Alias": "partsupp", "Startup Cost": 10000003466.46, "Total Cost": 10000341993.86, "Plan Rows": 3999800, "Plan Width": 8, "Filter": "(NOT (hashed SubPlan 1))", "Plans": [{"Node Type": "Seq Scan", "Parent Relationship": "SubPlan", "Subplan Name": "SubPlan 1", "Parallel Aware": false, "Relation Name": "supplier", "Alias": "supplier", "Startup Cost": 10000000000.0, "Total Cost": 10000003466.0, "Plan Rows": 10, "Plan Width": 4, "Filter": "((s_comment)::text ~~ '%Customer%Complaints%'::text)"}]}, {"Node Type": "Index Scan", "Parent Relationship": "Inner", "Parallel Aware": false, "Scan Direction": "Forward", "Index Name": "part_pkey", "Relation Name": "part", "Alias": "part", "Startup Cost": 0.43, "Total Cost": 0.47, "Plan Rows": 1, "Plan Width": 40, "Index Cond": "(p_partkey = partsupp.ps_partkey)", "Filter": "((p_brand <> 'Brand#11'::bpchar) AND ((p_type)::text !~~ 'LARGE BRUSHED%'::text) AND (p_size = ANY ('{13,2,49,28,31,48,11,18}'::integer[])))"}]}]}]}]}]}}, {"Plan": {"Node Type": "Limit", "Parallel Aware": false, "Startup Cost": 408163.97, "Total Cost": 408163.97, "Plan Rows": 1, "Plan Width": 44, "Plans": [{"Node Type": "Sort", "Parent Relationship": "Outer", "Parallel Aware": false, "Startup Cost": 408163.97, "Total Cost": 408548.09, "Plan Rows": 153648, "Plan Width": 44, "Sort Key": ["(count(DISTINCT partsupp.ps_suppkey)) DESC", "part.p_brand", "part.p_type", "part.p_size"], "Plans": [{"Node Type": "Aggregate", "Strategy": "Sorted", "Partial Mode": "Simple", "Parent Relationship": "Outer", "Parallel Aware": false, "Startup Cost": 398446.45, "Total Cost": 407395.73, "Plan Rows": 153648, "Plan Width": 44, "Group Key": ["part.p_brand", "part.p_type", "part.p_size"], "Plans": [{"Node Type": "Sort", "Parent Relationship": "Outer", "Parallel Aware": false, "Startup Cost": 398446.45, "Total Cost": 399929.01, "Plan Rows": 593024, "Plan Width": 40, "Sort Key": ["part.p_brand", "part.p_type", "part.p_size"], "Plans": [{"Node Type": "Gather", "Parent Relationship": "Outer", "Parallel Aware": false, "Startup Cost": 62752.73, "Total Cost": 332084.52, "Plan Rows": 593024, "Plan Width": 40, "Workers Planned": 3, "Single Copy": false, "Plans": [{"Node Type": "Hash Join", "Parent Relationship": "Outer", "Parallel Aware": true, "Join Type": "Inner", "Startup Cost": 61752.73, "Total Cost": 271782.12, "Plan Rows": 191298, "Plan Width": 40, "Inner Unique": true, "Hash Cond": "(partsupp.ps_partkey = part.p_partkey)", "Plans": [{"Node Type": "Seq Scan", "Parent Relationship": "Outer", "Parallel Aware": true, "Relation Name": "partsupp", "Alias": "partsupp", "Startup Cost": 3466.03, "Total Cost": 210108.48, "Plan Rows": 1290258, "Plan Width": 8, "Filter": "(NOT (hashed SubPlan 1))", "Plans": [{"Node Type": "Seq Scan", "Parent Relationship": "SubPlan", "Subplan Name": "SubPlan 1", "Parallel Aware": false, "Relation Name": "supplier", "Alias": "supplier", "Startup Cost": 0.0, "Total Cost": 3466.0, "Plan Rows": 10, "Plan Width": 4, "Filter": "((s_comment)::text ~~ '%Customer%Complaints%'::text)"}]}, {"Node Type": "Hash", "Parent Relationship": "Inner", "Parallel Aware": true, "Startup Cost": 57091.03, "Total Cost": 57091.03, "Plan Rows": 95654, "Plan Width": 40, "Plans": [{"Node Type": "Seq Scan", "Parent Relationship": "Outer", "Parallel Aware": true, "Relation Name": "part", "Alias": "part", "Startup Cost": 0.0, "Total Cost": 57091.03, "Plan Rows": 95654, "Plan Width": 40, "Filter": "((p_brand <> 'Brand#11'::bpchar) AND ((p_type)::text !~~ 'LARGE BRUSHED%'::text) AND (p_size = ANY ('{13,2,49,28,31,48,11,18}'::integer[])))"}]}]}]}]}]}]}]}}, {"Plan": {"Node Type": "Limit", "Parallel Aware": false, "Startup Cost": 408163.97, "Total Cost": 408163.97, "Plan Rows": 1, "Plan Width": 44, "Plans": [{"Node Type": "Sort", "Parent Relationship": "Outer", "Parallel Aware": false, "Startup Cost": 408163.97, "Total Cost": 408548.09, "Plan Rows": 153648, "Plan Width": 44, "Sort Key": ["(count(DISTINCT partsupp.ps_suppkey)) DESC", "part.p_brand", "part.p_type", "part.p_size"], "Plans": [{"Node Type": "Aggregate", "Strategy": "Sorted", "Partial Mode": "Simple", "Parent Relationship": "Outer", "Parallel Aware": false, "Startup Cost": 398446.45, "Total Cost": 407395.73, "Plan Rows": 153648, "Plan Width": 44, "Group Key": ["part.p_brand", "part.p_type", "part.p_size"], "Plans": [{"Node Type": "Sort", "Parent Relationship": "Outer", "Parallel Aware": false, "Startup Cost": 398446.45, "Total Cost": 399929.01, "Plan Rows": 593024, "Plan Width": 40, "Sort Key": ["part.p_brand", "part.p_type", "part.p_size"], "Plans": [{"Node Type": "Gather", "Parent Relationship": "Outer", "Parallel Aware": false, "Startup Cost": 62752.73, "Total Cost": 332084.52, "Plan Rows": 593024, "Plan Width": 40, "Workers Planned": 3, "Single Copy": false, "Plans": [{"Node Type": "Hash Join", "Parent Relationship": "Outer", "Parallel Aware": true, "Join Type": "Inner", "Startup Cost": 61752.73, "Total Cost": 271782.12, "Plan Rows": 191298, "Plan Width": 40, "Inner Unique": true, "Hash Cond": "(partsupp.ps_partkey = part.p_partkey)", "Plans": [{"Node Type": "Seq Scan", "Parent Relationship": "Outer", "Parallel Aware": true, "Relation Name": "partsupp", "Alias": "partsupp", "Startup Cost": 3466.03, "Total Cost": 210108.48, "Plan Rows": 1290258, "Plan Width": 8, "Filter": "(NOT (hashed SubPlan 1))", "Plans": [{"Node Type": "Seq Scan", "Parent Relationship": "SubPlan", "Subplan Name": "SubPlan 1", "Parallel Aware": false, "Relation Name": "supplier", "Alias": "supplier", "Startup Cost": 0.0, "Total Cost": 3466.0, "Plan Rows": 10, "Plan Width": 4, "Filter": "((s_comment)::text ~~ '%Customer%Complaints%'::text)"}]}, {"Node Type": "Hash", "Parent Relationship": "Inner", "Parallel Aware": true, "Startup Cost": 57091.03, "Total Cost": 57091.03, "Plan Rows": 95654, "Plan Width": 40, "Plans": [{"Node Type": "Seq Scan", "Parent Relationship": "Outer", "Parallel Aware": true, "Relation Name": "part", "Alias": "part", "Startup Cost": 0.0, "Total Cost": 57091.03, "Plan Rows": 95654, "Plan Width": 40, "Filter": "((p_brand <> 'Brand#11'::bpchar) AND ((p_type)::text !~~ 'LARGE BRUSHED%'::text) AND (p_size = ANY ('{13,2,49,28,31,48,11,18}'::integer[])))"}]}]}]}]}]}]}]}}, {"Plan": {"Node Type": "Limit", "Parallel Aware": false, "Startup Cost": 10002309075.11, "Total Cost": 10002309075.12, "Plan Rows": 1, "Plan Width": 44, "Plans": [{"Node Type": "Sort", "Parent Relationship": "Outer", "Parallel Aware": false, "Startup Cost": 10002309075.11, "Total Cost": 10002309459.23, "Plan Rows": 153648, "Plan Width": 44, "Sort Key": ["(count(DISTINCT partsupp.ps_suppkey)) DESC", "part.p_brand", "part.p_type", "part.p_size"], "Plans": [{"Node Type": "Aggregate", "Strategy": "Sorted", "Partial Mode": "Simple", "Parent Relationship": "Outer", "Parallel Aware": false, "Startup Cost": 10002299357.59, "Total Cost": 10002308306.87, "Plan Rows": 153648, "Plan Width": 44, "Group Key": ["part.p_brand", "part.p_type", "part.p_size"], "Plans": [{"Node Type": "Sort", "Parent Relationship": "Outer", "Parallel Aware": false, "Startup Cost": 10002299357.59, "Total Cost": 10002300840.15, "Plan Rows": 593024, "Plan Width": 40, "Sort Key": ["part.p_brand", "part.p_type", "part.p_size"], "Plans": [{"Node Type": "Nested Loop", "Parent Relationship": "Outer", "Parallel Aware": false, "Join Type": "Inner", "Startup Cost": 10000003466.89, "Total Cost": 10002232995.67, "Plan Rows": 593024, "Plan Width": 40, "Inner Unique": true, "Plans": [{"Node Type": "Index Scan", "Parent Relationship": "Outer", "Parallel Aware": false, "Scan Direction": "Forward", "Index Name": "idx_partsupp_partkey", "Relation Name": "partsupp", "Alias": "partsupp", "Startup Cost": 10000003466.46, "Total Cost": 10000341993.86, "Plan Rows": 3999800, "Plan Width": 8, "Filter": "(NOT (hashed SubPlan 1))", "Plans": [{"Node Type": "Seq Scan", "Parent Relationship": "SubPlan", "Subplan Name": "SubPlan 1", "Parallel Aware": false, "Relation Name": "supplier", "Alias": "supplier", "Startup Cost": 10000000000.0, "Total Cost": 10000003466.0, "Plan Rows": 10, "Plan Width": 4, "Filter": "((s_comment)::text ~~ '%Customer%Complaints%'::text)"}]}, {"Node Type": "Index Scan", "Parent Relationship": "Inner", "Parallel Aware": false, "Scan Direction": "Forward", "Index Name": "part_pkey", "Relation Name": "part", "Alias": "part", "Startup Cost": 0.43, "Total Cost": 0.47, "Plan Rows": 1, "Plan Width": 40, "Index Cond": "(p_partkey = partsupp.ps_partkey)", "Filter": "((p_brand <> 'Brand#11'::bpchar) AND ((p_type)::text !~~ 'LARGE BRUSHED%'::text) AND (p_size = ANY ('{13,2,49,28,31,48,11,18}'::integer[])))"}]}]}]}]}]}}, {"Plan": {"Node Type": "Limit", "Parallel Aware": false, "Startup Cost": 408163.97, "Total Cost": 408163.97, "Plan Rows": 1, "Plan Width": 44, "Plans": [{"Node Type": "Sort", "Parent Relationship": "Outer", "Parallel Aware": false, "Startup Cost": 408163.97, "Total Cost": 408548.09, "Plan Rows": 153648, "Plan Width": 44, "Sort Key": ["(count(DISTINCT partsupp.ps_suppkey)) DESC", "part.p_brand", "part.p_type", "part.p_size"], "Plans": [{"Node Type": "Aggregate", "Strategy": "Sorted", "Partial Mode": "Simple", "Parent Relationship": "Outer", "Parallel Aware": false, "Startup Cost": 398446.45, "Total Cost": 407395.73, "Plan Rows": 153648, "Plan Width": 44, "Group Key": ["part.p_brand", "part.p_type", "part.p_size"], "Plans": [{"Node Type": "Sort", "Parent Relationship": "Outer", "Parallel Aware": false, "Startup Cost": 398446.45, "Total Cost": 399929.01, "Plan Rows": 593024, "Plan Width": 40, "Sort Key": ["part.p_brand", "part.p_type", "part.p_size"], "Plans": [{"Node Type": "Gather", "Parent Relationship": "Outer", "Parallel Aware": false, "Startup Cost": 62752.73, "Total Cost": 332084.52, "Plan Rows": 593024, "Plan Width": 40, "Workers Planned": 3, "Single Copy": false, "Plans": [{"Node Type": "Hash Join", "Parent Relationship": "Outer", "Parallel Aware": true, "Join Type": "Inner", "Startup Cost": 61752.73, "Total Cost": 271782.12, "Plan Rows": 191298, "Plan Width": 40, "Inner Unique": true, "Hash Cond": "(partsupp.ps_partkey = part.p_partkey)", "Plans": [{"Node Type": "Seq Scan", "Parent Relationship": "Outer", "Parallel Aware": true, "Relation Name": "partsupp", "Alias": "partsupp", "Startup Cost": 3466.03, "Total Cost": 210108.48, "Plan Rows": 1290258, "Plan Width": 8, "Filter": "(NOT (hashed SubPlan 1))", "Plans": [{"Node Type": "Seq Scan", "Parent Relationship": "SubPlan", "Subplan Name": "SubPlan 1", "Parallel Aware": false, "Relation Name": "supplier", "Alias": "supplier", "Startup Cost": 0.0, "Total Cost": 3466.0, "Plan Rows": 10, "Plan Width": 4, "Filter": "((s_comment)::text ~~ '%Customer%Complaints%'::text)"}]}, {"Node Type": "Hash", "Parent Relationship": "Inner", "Parallel Aware": true, "Startup Cost": 57091.03, "Total Cost": 57091.03, "Plan Rows": 95654, "Plan Width": 40, "Plans": [{"Node Type": "Seq Scan", "Parent Relationship": "Outer", "Parallel Aware": true, "Relation Name": "part", "Alias": "part", "Startup Cost": 0.0, "Total Cost": 57091.03, "Plan Rows": 95654, "Plan Width": 40, "Filter": "((p_brand <> 'Brand#11'::bpchar) AND ((p_type)::text !~~ 'LARGE BRUSHED%'::text) AND (p_size = ANY ('{13,2,49,28,31,48,11,18}'::integer[])))"}]}]}]}]}]}]}]}}, {"Plan": {"Node Type": "Limit", "Parallel Aware": false, "Startup Cost": 408163.97, "Total Cost": 408163.97, "Plan Rows": 1, "Plan Width": 44, "Plans": [{"Node Type": "Sort", "Parent Relationship": "Outer", "Parallel Aware": false, "Startup Cost": 408163.97, "Total Cost": 408548.09, "Plan Rows": 153648, "Plan Width": 44, "Sort Key": ["(count(DISTINCT partsupp.ps_suppkey)) DESC", "part.p_brand", "part.p_type", "part.p_size"], "Plans": [{"Node Type": "Aggregate", "Strategy": "Sorted", "Partial Mode": "Simple", "Parent Relationship": "Outer", "Parallel Aware": false, "Startup Cost": 398446.45, "Total Cost": 407395.73, "Plan Rows": 153648, "Plan Width": 44, "Group Key": ["part.p_brand", "part.p_type", "part.p_size"], "Plans": [{"Node Type": "Sort", "Parent Relationship": "Outer", "Parallel Aware": false, "Startup Cost": 398446.45, "Total Cost": 399929.01, "Plan Rows": 593024, "Plan Width": 40, "Sort Key": ["part.p_brand", "part.p_type", "part.p_size"], "Plans": [{"Node Type": "Gather", "Parent Relationship": "Outer", "Parallel Aware": false, "Startup Cost": 62752.73, "Total Cost": 332084.52, "Plan Rows": 593024, "Plan Width": 40, "Workers Planned": 3, "Single Copy": false, "Plans": [{"Node Type": "Hash Join", "Parent Relationship": "Outer", "Parallel Aware": true, "Join Type": "Inner", "Startup Cost": 61752.73, "Total Cost": 271782.12, "Plan Rows": 191298, "Plan Width": 40, "Inner Unique": true, "Hash Cond": "(partsupp.ps_partkey = part.p_partkey)", "Plans": [{"Node Type": "Seq Scan", "Parent Relationship": "Outer", "Parallel Aware": true, "Relation Name": "partsupp", "Alias": "partsupp", "Startup Cost": 3466.03, "Total Cost": 210108.48, "Plan Rows": 1290258, "Plan Width": 8, "Filter": "(NOT (hashed SubPlan 1))", "Plans": [{"Node Type": "Seq Scan", "Parent Relationship": "SubPlan", "Subplan Name": "SubPlan 1", "Parallel Aware": false, "Relation Name": "supplier", "Alias": "supplier", "Startup Cost": 0.0, "Total Cost": 3466.0, "Plan Rows": 10, "Plan Width": 4, "Filter": "((s_comment)::text ~~ '%Customer%Complaints%'::text)"}]}, {"Node Type": "Hash", "Parent Relationship": "Inner", "Parallel Aware": true, "Startup Cost": 57091.03, "Total Cost": 57091.03, "Plan Rows": 95654, "Plan Width": 40, "Plans": [{"Node Type": "Seq Scan", "Parent Relationship": "Outer", "Parallel Aware": true, "Relation Name": "part", "Alias": "part", "Startup Cost": 0.0, "Total Cost": 57091.03, "Plan Rows": 95654, "Plan Width": 40, "Filter": "((p_brand <> 'Brand#11'::bpchar) AND ((p_type)::text !~~ 'LARGE BRUSHED%'::text) AND (p_size = ANY ('{13,2,49,28,31,48,11,18}'::integer[])))"}]}]}]}]}]}]}]}}, {"Plan": {"Node Type": "Limit", "Parallel Aware": false, "Startup Cost": 408163.97, "Total Cost": 408163.97, "Plan Rows": 1, "Plan Width": 44, "Plans": [{"Node Type": "Sort", "Parent Relationship": "Outer", "Parallel Aware": false, "Startup Cost": 408163.97, "Total Cost": 408548.09, "Plan Rows": 153648, "Plan Width": 44, "Sort Key": ["(count(DISTINCT partsupp.ps_suppkey)) DESC", "part.p_brand", "part.p_type", "part.p_size"], "Plans": [{"Node Type": "Aggregate", "Strategy": "Sorted", "Partial Mode": "Simple", "Parent Relationship": "Outer", "Parallel Aware": false, "Startup Cost": 398446.45, "Total Cost": 407395.73, "Plan Rows": 153648, "Plan Width": 44, "Group Key": ["part.p_brand", "part.p_type", "part.p_size"], "Plans": [{"Node Type": "Sort", "Parent Relationship": "Outer", "Parallel Aware": false, "Startup Cost": 398446.45, "Total Cost": 399929.01, "Plan Rows": 593024, "Plan Width": 40, "Sort Key": ["part.p_brand", "part.p_type", "part.p_size"], "Plans": [{"Node Type": "Gather", "Parent Relationship": "Outer", "Parallel Aware": false, "Startup Cost": 62752.73, "Total Cost": 332084.52, "Plan Rows": 593024, "Plan Width": 40, "Workers Planned": 3, "Single Copy": false, "Plans": [{"Node Type": "Hash Join", "Parent Relationship": "Outer", "Parallel Aware": true, "Join Type": "Inner", "Startup Cost": 61752.73, "Total Cost": 271782.12, "Plan Rows": 191298, "Plan Width": 40, "Inner Unique": true, "Hash Cond": "(partsupp.ps_partkey = part.p_partkey)", "Plans": [{"Node Type": "Seq Scan", "Parent Relationship": "Outer", "Parallel Aware": true, "Relation Name": "partsupp", "Alias": "partsupp", "Startup Cost": 3466.03, "Total Cost": 210108.48, "Plan Rows": 1290258, "Plan Width": 8, "Filter": "(NOT (hashed SubPlan 1))", "Plans": [{"Node Type": "Seq Scan", "Parent Relationship": "SubPlan", "Subplan Name": "SubPlan 1", "Parallel Aware": false, "Relation Name": "supplier", "Alias": "supplier", "Startup Cost": 0.0, "Total Cost": 3466.0, "Plan Rows": 10, "Plan Width": 4, "Filter": "((s_comment)::text ~~ '%Customer%Complaints%'::text)"}]}, {"Node Type": "Hash", "Parent Relationship": "Inner", "Parallel Aware": true, "Startup Cost": 57091.03, "Total Cost": 57091.03, "Plan Rows": 95654, "Plan Width": 40, "Plans": [{"Node Type": "Seq Scan", "Parent Relationship": "Outer", "Parallel Aware": true, "Relation Name": "part", "Alias": "part", "Startup Cost": 0.0, "Total Cost": 57091.03, "Plan Rows": 95654, "Plan Width": 40, "Filter": "((p_brand <> 'Brand#11'::bpchar) AND ((p_type)::text !~~ 'LARGE BRUSHED%'::text) AND (p_size = ANY ('{13,2,49,28,31,48,11,18}'::integer[])))"}]}]}]}]}]}]}]}}, {"Plan": {"Node Type": "Limit", "Parallel Aware": false, "Startup Cost": 408163.97, "Total Cost": 408163.97, "Plan Rows": 1, "Plan Width": 44, "Plans": [{"Node Type": "Sort", "Parent Relationship": "Outer", "Parallel Aware": false, "Startup Cost": 408163.97, "Total Cost": 408548.09, "Plan Rows": 153648, "Plan Width": 44, "Sort Key": ["(count(DISTINCT partsupp.ps_suppkey)) DESC", "part.p_brand", "part.p_type", "part.p_size"], "Plans": [{"Node Type": "Aggregate", "Strategy": "Sorted", "Partial Mode": "Simple", "Parent Relationship": "Outer", "Parallel Aware": false, "Startup Cost": 398446.45, "Total Cost": 407395.73, "Plan Rows": 153648, "Plan Width": 44, "Group Key": ["part.p_brand", "part.p_type", "part.p_size"], "Plans": [{"Node Type": "Sort", "Parent Relationship": "Outer", "Parallel Aware": false, "Startup Cost": 398446.45, "Total Cost": 399929.01, "Plan Rows": 593024, "Plan Width": 40, "Sort Key": ["part.p_brand", "part.p_type", "part.p_size"], "Plans": [{"Node Type": "Gather", "Parent Relationship": "Outer", "Parallel Aware": false, "Startup Cost": 62752.73, "Total Cost": 332084.52, "Plan Rows": 593024, "Plan Width": 40, "Workers Planned": 3, "Single Copy": false, "Plans": [{"Node Type": "Hash Join", "Parent Relationship": "Outer", "Parallel Aware": true, "Join Type": "Inner", "Startup Cost": 61752.73, "Total Cost": 271782.12, "Plan Rows": 191298, "Plan Width": 40, "Inner Unique": true, "Hash Cond": "(partsupp.ps_partkey = part.p_partkey)", "Plans": [{"Node Type": "Seq Scan", "Parent Relationship": "Outer", "Parallel Aware": true, "Relation Name": "partsupp", "Alias": "partsupp", "Startup Cost": 3466.03, "Total Cost": 210108.48, "Plan Rows": 1290258, "Plan Width": 8, "Filter": "(NOT (hashed SubPlan 1))", "Plans": [{"Node Type": "Seq Scan", "Parent Relationship": "SubPlan", "Subplan Name": "SubPlan 1", "Parallel Aware": false, "Relation Name": "supplier", "Alias": "supplier", "Startup Cost": 0.0, "Total Cost": 3466.0, "Plan Rows": 10, "Plan Width": 4, "Filter": "((s_comment)::text ~~ '%Customer%Complaints%'::text)"}]}, {"Node Type": "Hash", "Parent Relationship": "Inner", "Parallel Aware": true, "Startup Cost": 57091.03, "Total Cost": 57091.03, "Plan Rows": 95654, "Plan Width": 40, "Plans": [{"Node Type": "Seq Scan", "Parent Relationship": "Outer", "Parallel Aware": true, "Relation Name": "part", "Alias": "part", "Startup Cost": 0.0, "Total Cost": 57091.03, "Plan Rows": 95654, "Plan Width": 40, "Filter": "((p_brand <> 'Brand#11'::bpchar) AND ((p_type)::text !~~ 'LARGE BRUSHED%'::text) AND (p_size = ANY ('{13,2,49,28,31,48,11,18}'::integer[])))"}]}]}]}]}]}]}]}}, {"Plan": {"Node Type": "Limit", "Parallel Aware": false, "Startup Cost": 408163.97, "Total Cost": 408163.97, "Plan Rows": 1, "Plan Width": 44, "Plans": [{"Node Type": "Sort", "Parent Relationship": "Outer", "Parallel Aware": false, "Startup Cost": 408163.97, "Total Cost": 408548.09, "Plan Rows": 153648, "Plan Width": 44, "Sort Key": ["(count(DISTINCT partsupp.ps_suppkey)) DESC", "part.p_brand", "part.p_type", "part.p_size"], "Plans": [{"Node Type": "Aggregate", "Strategy": "Sorted", "Partial Mode": "Simple", "Parent Relationship": "Outer", "Parallel Aware": false, "Startup Cost": 398446.45, "Total Cost": 407395.73, "Plan Rows": 153648, "Plan Width": 44, "Group Key": ["part.p_brand", "part.p_type", "part.p_size"], "Plans": [{"Node Type": "Sort", "Parent Relationship": "Outer", "Parallel Aware": false, "Startup Cost": 398446.45, "Total Cost": 399929.01, "Plan Rows": 593024, "Plan Width": 40, "Sort Key": ["part.p_brand", "part.p_type", "part.p_size"], "Plans": [{"Node Type": "Gather", "Parent Relationship": "Outer", "Parallel Aware": false, "Startup Cost": 62752.73, "Total Cost": 332084.52, "Plan Rows": 593024, "Plan Width": 40, "Workers Planned": 3, "Single Copy": false, "Plans": [{"Node Type": "Hash Join", "Parent Relationship": "Outer", "Parallel Aware": true, "Join Type": "Inner", "Startup Cost": 61752.73, "Total Cost": 271782.12, "Plan Rows": 191298, "Plan Width": 40, "Inner Unique": true, "Hash Cond": "(partsupp.ps_partkey = part.p_partkey)", "Plans": [{"Node Type": "Seq Scan", "Parent Relationship": "Outer", "Parallel Aware": true, "Relation Name": "partsupp", "Alias": "partsupp", "Startup Cost": 3466.03, "Total Cost": 210108.48, "Plan Rows": 1290258, "Plan Width": 8, "Filter": "(NOT (hashed SubPlan 1))", "Plans": [{"Node Type": "Seq Scan", "Parent Relationship": "SubPlan", "Subplan Name": "SubPlan 1", "Parallel Aware": false, "Relation Name": "supplier", "Alias": "supplier", "Startup Cost": 0.0, "Total Cost": 3466.0, "Plan Rows": 10, "Plan Width": 4, "Filter": "((s_comment)::text ~~ '%Customer%Complaints%'::text)"}]}, {"Node Type": "Hash", "Parent Relationship": "Inner", "Parallel Aware": true, "Startup Cost": 57091.03, "Total Cost": 57091.03, "Plan Rows": 95654, "Plan Width": 40, "Plans": [{"Node Type": "Seq Scan", "Parent Relationship": "Outer", "Parallel Aware": true, "Relation Name": "part", "Alias": "part", "Startup Cost": 0.0, "Total Cost": 57091.03, "Plan Rows": 95654, "Plan Width": 40, "Filter": "((p_brand <> 'Brand#11'::bpchar) AND ((p_type)::text !~~ 'LARGE BRUSHED%'::text) AND (p_size = ANY ('{13,2,49,28,31,48,11,18}'::integer[])))"}]}]}]}]}]}]}]}}, {"Plan": {"Node Type": "Limit", "Parallel Aware": false, "Startup Cost": 408163.97, "Total Cost": 408163.97, "Plan Rows": 1, "Plan Width": 44, "Plans": [{"Node Type": "Sort", "Parent Relationship": "Outer", "Parallel Aware": false, "Startup Cost": 408163.97, "Total Cost": 408548.09, "Plan Rows": 153648, "Plan Width": 44, "Sort Key": ["(count(DISTINCT partsupp.ps_suppkey)) DESC", "part.p_brand", "part.p_type", "part.p_size"], "Plans": [{"Node Type": "Aggregate", "Strategy": "Sorted", "Partial Mode": "Simple", "Parent Relationship": "Outer", "Parallel Aware": false, "Startup Cost": 398446.45, "Total Cost": 407395.73, "Plan Rows": 153648, "Plan Width": 44, "Group Key": ["part.p_brand", "part.p_type", "part.p_size"], "Plans": [{"Node Type": "Sort", "Parent Relationship": "Outer", "Parallel Aware": false, "Startup Cost": 398446.45, "Total Cost": 399929.01, "Plan Rows": 593024, "Plan Width": 40, "Sort Key": ["part.p_brand", "part.p_type", "part.p_size"], "Plans": [{"Node Type": "Gather", "Parent Relationship": "Outer", "Parallel Aware": false, "Startup Cost": 62752.73, "Total Cost": 332084.52, "Plan Rows": 593024, "Plan Width": 40, "Workers Planned": 3, "Single Copy": false, "Plans": [{"Node Type": "Hash Join", "Parent Relationship": "Outer", "Parallel Aware": true, "Join Type": "Inner", "Startup Cost": 61752.73, "Total Cost": 271782.12, "Plan Rows": 191298, "Plan Width": 40, "Inner Unique": true, "Hash Cond": "(partsupp.ps_partkey = part.p_partkey)", "Plans": [{"Node Type": "Seq Scan", "Parent Relationship": "Outer", "Parallel Aware": true, "Relation Name": "partsupp", "Alias": "partsupp", "Startup Cost": 3466.03, "Total Cost": 210108.48, "Plan Rows": 1290258, "Plan Width": 8, "Filter": "(NOT (hashed SubPlan 1))", "Plans": [{"Node Type": "Seq Scan", "Parent Relationship": "SubPlan", "Subplan Name": "SubPlan 1", "Parallel Aware": false, "Relation Name": "supplier", "Alias": "supplier", "Startup Cost": 0.0, "Total Cost": 3466.0, "Plan Rows": 10, "Plan Width": 4, "Filter": "((s_comment)::text ~~ '%Customer%Complaints%'::text)"}]}, {"Node Type": "Hash", "Parent Relationship": "Inner", "Parallel Aware": true, "Startup Cost": 57091.03, "Total Cost": 57091.03, "Plan Rows": 95654, "Plan Width": 40, "Plans": [{"Node Type": "Seq Scan", "Parent Relationship": "Outer", "Parallel Aware": true, "Relation Name": "part", "Alias": "part", "Startup Cost": 0.0, "Total Cost": 57091.03, "Plan Rows": 95654, "Plan Width": 40, "Filter": "((p_brand <> 'Brand#11'::bpchar) AND ((p_type)::text !~~ 'LARGE BRUSHED%'::text) AND (p_size = ANY ('{13,2,49,28,31,48,11,18}'::integer[])))"}]}]}]}]}]}]}]}}, {"Plan": {"Node Type": "Limit", "Parallel Aware": false, "Startup Cost": 10000541741.72, "Total Cost": 10000541741.72, "Plan Rows": 1, "Plan Width": 44, "Plans": [{"Node Type": "Sort", "Parent Relationship": "Outer", "Parallel Aware": false, "Startup Cost": 10000541741.72, "Total Cost": 10000542125.84, "Plan Rows": 153648, "Plan Width": 44, "Sort Key": ["(count(DISTINCT partsupp.ps_suppkey)) DESC", "part.p_brand", "part.p_type", "part.p_size"], "Plans": [{"Node Type": "Aggregate", "Strategy": "Sorted", "Partial Mode": "Simple", "Parent Relationship": "Outer", "Parallel Aware": false, "Startup Cost": 10000532024.2, "Total Cost": 10000540973.48, "Plan Rows": 153648, "Plan Width": 44, "Group Key": ["part.p_brand", "part.p_type", "part.p_size"], "Plans": [{"Node Type": "Sort", "Parent Relationship": "Outer", "Parallel Aware": false, "Startup Cost": 10000532024.2, "Total Cost": 10000533506.76, "Plan Rows": 593024, "Plan Width": 40, "Sort Key": ["part.p_brand", "part.p_type", "part.p_size"], "Plans": [{"Node Type": "Merge Join", "Parent Relationship": "Outer", "Parallel Aware": false, "Join Type": "Inner", "Startup Cost": 10000003469.93, "Total Cost": 10000465662.28, "Plan Rows": 593024, "Plan Width": 40, "Inner Unique": true, "Merge Cond": "(partsupp.ps_partkey = part.p_partkey)", "Plans": [{"Node Type": "Index Scan", "Parent Relationship": "Outer", "Parallel Aware": false, "Scan Direction": "Forward", "Index Name": "idx_partsupp_partkey", "Relation Name": "partsupp", "Alias": "partsupp", "Startup Cost": 10000003466.46, "Total Cost": 10000341993.86, "Plan Rows": 3999800, "Plan Width": 8, "Filter": "(NOT (hashed SubPlan 1))", "Plans": [{"Node Type": "Seq Scan", "Parent Relationship": "SubPlan", "Subplan Name": "SubPlan 1", "Parallel Aware": false, "Relation Name": "supplier", "Alias": "supplier", "Startup Cost": 10000000000.0, "Total Cost": 10000003466.0, "Plan Rows": 10, "Plan Width": 4, "Filter": "((s_comment)::text ~~ '%Customer%Complaints%'::text)"}]}, {"Node Type": "Index Scan", "Parent Relationship": "Inner", "Parallel Aware": false, "Scan Direction": "Forward", "Index Name": "part_pkey", "Relation Name": "part", "Alias": "part", "Startup Cost": 0.43, "Total Cost": 106998.23, "Plan Rows": 296527, "Plan Width": 40, "Filter": "((p_brand <> 'Brand#11'::bpchar) AND ((p_type)::text !~~ 'LARGE BRUSHED%'::text) AND (p_size = ANY ('{13,2,49,28,31,48,11,18}'::integer[])))"}]}]}]}]}]}}, {"Plan": {"Node Type": "Limit", "Parallel Aware": false, "Startup Cost": 10002309075.11, "Total Cost": 10002309075.12, "Plan Rows": 1, "Plan Width": 44, "Plans": [{"Node Type": "Sort", "Parent Relationship": "Outer", "Parallel Aware": false, "Startup Cost": 10002309075.11, "Total Cost": 10002309459.23, "Plan Rows": 153648, "Plan Width": 44, "Sort Key": ["(count(DISTINCT partsupp.ps_suppkey)) DESC", "part.p_brand", "part.p_type", "part.p_size"], "Plans": [{"Node Type": "Aggregate", "Strategy": "Sorted", "Partial Mode": "Simple", "Parent Relationship": "Outer", "Parallel Aware": false, "Startup Cost": 10002299357.59, "Total Cost": 10002308306.87, "Plan Rows": 153648, "Plan Width": 44, "Group Key": ["part.p_brand", "part.p_type", "part.p_size"], "Plans": [{"Node Type": "Sort", "Parent Relationship": "Outer", "Parallel Aware": false, "Startup Cost": 10002299357.59, "Total Cost": 10002300840.15, "Plan Rows": 593024, "Plan Width": 40, "Sort Key": ["part.p_brand", "part.p_type", "part.p_size"], "Plans": [{"Node Type": "Nested Loop", "Parent Relationship": "Outer", "Parallel Aware": false, "Join Type": "Inner", "Startup Cost": 10000003466.89, "Total Cost": 10002232995.67, "Plan Rows": 593024, "Plan Width": 40, "Inner Unique": true, "Plans": [{"Node Type": "Index Scan", "Parent Relationship": "Outer", "Parallel Aware": false, "Scan Direction": "Forward", "Index Name": "idx_partsupp_partkey", "Relation Name": "partsupp", "Alias": "partsupp", "Startup Cost": 10000003466.46, "Total Cost": 10000341993.86, "Plan Rows": 3999800, "Plan Width": 8, "Filter": "(NOT (hashed SubPlan 1))", "Plans": [{"Node Type": "Seq Scan", "Parent Relationship": "SubPlan", "Subplan Name": "SubPlan 1", "Parallel Aware": false, "Relation Name": "supplier", "Alias": "supplier", "Startup Cost": 10000000000.0, "Total Cost": 10000003466.0, "Plan Rows": 10, "Plan Width": 4, "Filter": "((s_comment)::text ~~ '%Customer%Complaints%'::text)"}]}, {"Node Type": "Index Scan", "Parent Relationship": "Inner", "Parallel Aware": false, "Scan Direction": "Forward", "Index Name": "part_pkey", "Relation Name": "part", "Alias": "part", "Startup Cost": 0.43, "Total Cost": 0.47, "Plan Rows": 1, "Plan Width": 40, "Index Cond": "(p_partkey = partsupp.ps_partkey)", "Filter": "((p_brand <> 'Brand#11'::bpchar) AND ((p_type)::text !~~ 'LARGE BRUSHED%'::text) AND (p_size = ANY ('{13,2,49,28,31,48,11,18}'::integer[])))"}]}]}]}]}]}}, {"Plan": {"Node Type": "Limit", "Parallel Aware": false, "Startup Cost": 523514.69, "Total Cost": 523514.69, "Plan Rows": 1, "Plan Width": 44, "Plans": [{"Node Type": "Sort", "Parent Relationship": "Outer", "Parallel Aware": false, "Startup Cost": 523514.69, "Total Cost": 523898.81, "Plan Rows": 153648, "Plan Width": 44, "Sort Key": ["(count(DISTINCT partsupp.ps_suppkey)) DESC", "part.p_brand", "part.p_type", "part.p_size"], "Plans": [{"Node Type": "Aggregate", "Strategy": "Sorted", "Partial Mode": "Simple", "Parent Relationship": "Outer", "Parallel Aware": false, "Startup Cost": 513797.17, "Total Cost": 522746.45, "Plan Rows": 153648, "Plan Width": 44, "Group Key": ["part.p_brand", "part.p_type", "part.p_size"], "Plans": [{"Node Type": "Sort", "Parent Relationship": "Outer", "Parallel Aware": false, "Startup Cost": 513797.17, "Total Cost": 515279.73, "Plan Rows": 593024, "Plan Width": 40, "Sort Key": ["part.p_brand", "part.p_type", "part.p_size"], "Plans": [{"Node Type": "Gather", "Parent Relationship": "Outer", "Parallel Aware": false, "Startup Cost": 4469.22, "Total Cost": 447435.25, "Plan Rows": 593024, "Plan Width": 40, "Workers Planned": 3, "Single Copy": false, "Plans": [{"Node Type": "Merge Join", "Parent Relationship": "Outer", "Parallel Aware": false, "Join Type": "Inner", "Startup Cost": 3469.22, "Total Cost": 387132.85, "Plan Rows": 191298, "Plan Width": 40, "Inner Unique": true, "Merge Cond": "(partsupp.ps_partkey = part.p_partkey)", "Plans": [{"Node Type": "Index Scan", "Parent Relationship": "Outer", "Parallel Aware": true, "Scan Direction": "Forward", "Index Name": "idx_partsupp_partkey", "Relation Name": "partsupp", "Alias": "partsupp", "Startup Cost": 3466.46, "Total Cost": 274255.31, "Plan Rows": 1290258, "Plan Width": 8, "Filter": "(NOT (hashed SubPlan 1))", "Plans": [{"Node Type": "Seq Scan", "Parent Relationship": "SubPlan", "Subplan Name": "SubPlan 1", "Parallel Aware": false, "Relation Name": "supplier", "Alias": "supplier", "Startup Cost": 0.0, "Total Cost": 3466.0, "Plan Rows": 10, "Plan Width": 4, "Filter": "((s_comment)::text ~~ '%Customer%Complaints%'::text)"}]}, {"Node Type": "Index Scan", "Parent Relationship": "Inner", "Parallel Aware": false, "Scan Direction": "Forward", "Index Name": "part_pkey", "Relation Name": "part", "Alias": "part", "Startup Cost": 0.43, "Total Cost": 106998.23, "Plan Rows": 296527, "Plan Width": 40, "Filter": "((p_brand <> 'Brand#11'::bpchar) AND ((p_type)::text !~~ 'LARGE BRUSHED%'::text) AND (p_size = ANY ('{13,2,49,28,31,48,11,18}'::integer[])))"}]}]}]}]}]}]}}, {"Plan": {"Node Type": "Limit", "Parallel Aware": false, "Startup Cost": 523514.69, "Total Cost": 523514.69, "Plan Rows": 1, "Plan Width": 44, "Plans": [{"Node Type": "Sort", "Parent Relationship": "Outer", "Parallel Aware": false, "Startup Cost": 523514.69, "Total Cost": 523898.81, "Plan Rows": 153648, "Plan Width": 44, "Sort Key": ["(count(DISTINCT partsupp.ps_suppkey)) DESC", "part.p_brand", "part.p_type", "part.p_size"], "Plans": [{"Node Type": "Aggregate", "Strategy": "Sorted", "Partial Mode": "Simple", "Parent Relationship": "Outer", "Parallel Aware": false, "Startup Cost": 513797.17, "Total Cost": 522746.45, "Plan Rows": 153648, "Plan Width": 44, "Group Key": ["part.p_brand", "part.p_type", "part.p_size"], "Plans": [{"Node Type": "Sort", "Parent Relationship": "Outer", "Parallel Aware": false, "Startup Cost": 513797.17, "Total Cost": 515279.73, "Plan Rows": 593024, "Plan Width": 40, "Sort Key": ["part.p_brand", "part.p_type", "part.p_size"], "Plans": [{"Node Type": "Gather", "Parent Relationship": "Outer", "Parallel Aware": false, "Startup Cost": 4469.22, "Total Cost": 447435.25, "Plan Rows": 593024, "Plan Width": 40, "Workers Planned": 3, "Single Copy": false, "Plans": [{"Node Type": "Merge Join", "Parent Relationship": "Outer", "Parallel Aware": false, "Join Type": "Inner", "Startup Cost": 3469.22, "Total Cost": 387132.85, "Plan Rows": 191298, "Plan Width": 40, "Inner Unique": true, "Merge Cond": "(partsupp.ps_partkey = part.p_partkey)", "Plans": [{"Node Type": "Index Scan", "Parent Relationship": "Outer", "Parallel Aware": true, "Scan Direction": "Forward", "Index Name": "idx_partsupp_partkey", "Relation Name": "partsupp", "Alias": "partsupp", "Startup Cost": 3466.46, "Total Cost": 274255.31, "Plan Rows": 1290258, "Plan Width": 8, "Filter": "(NOT (hashed SubPlan 1))", "Plans": [{"Node Type": "Seq Scan", "Parent Relationship": "SubPlan", "Subplan Name": "SubPlan 1", "Parallel Aware": false, "Relation Name": "supplier", "Alias": "supplier", "Startup Cost": 0.0, "Total Cost": 3466.0, "Plan Rows": 10, "Plan Width": 4, "Filter": "((s_comment)::text ~~ '%Customer%Complaints%'::text)"}]}, {"Node Type": "Index Scan", "Parent Relationship": "Inner", "Parallel Aware": false, "Scan Direction": "Forward", "Index Name": "part_pkey", "Relation Name": "part", "Alias": "part", "Startup Cost": 0.43, "Total Cost": 106998.23, "Plan Rows": 296527, "Plan Width": 40, "Filter": "((p_brand <> 'Brand#11'::bpchar) AND ((p_type)::text !~~ 'LARGE BRUSHED%'::text) AND (p_size = ANY ('{13,2,49,28,31,48,11,18}'::integer[])))"}]}]}]}]}]}]}}, {"Plan": {"Node Type": "Limit", "Parallel Aware": false, "Startup Cost": 10002309075.11, "Total Cost": 10002309075.12, "Plan Rows": 1, "Plan Width": 44, "Plans": [{"Node Type": "Sort", "Parent Relationship": "Outer", "Parallel Aware": false, "Startup Cost": 10002309075.11, "Total Cost": 10002309459.23, "Plan Rows": 153648, "Plan Width": 44, "Sort Key": ["(count(DISTINCT partsupp.ps_suppkey)) DESC", "part.p_brand", "part.p_type", "part.p_size"], "Plans": [{"Node Type": "Aggregate", "Strategy": "Sorted", "Partial Mode": "Simple", "Parent Relationship": "Outer", "Parallel Aware": false, "Startup Cost": 10002299357.59, "Total Cost": 10002308306.87, "Plan Rows": 153648, "Plan Width": 44, "Group Key": ["part.p_brand", "part.p_type", "part.p_size"], "Plans": [{"Node Type": "Sort", "Parent Relationship": "Outer", "Parallel Aware": false, "Startup Cost": 10002299357.59, "Total Cost": 10002300840.15, "Plan Rows": 593024, "Plan Width": 40, "Sort Key": ["part.p_brand", "part.p_type", "part.p_size"], "Plans": [{"Node Type": "Nested Loop", "Parent Relationship": "Outer", "Parallel Aware": false, "Join Type": "Inner", "Startup Cost": 10000003466.89, "Total Cost": 10002232995.67, "Plan Rows": 593024, "Plan Width": 40, "Inner Unique": true, "Plans": [{"Node Type": "Index Scan", "Parent Relationship": "Outer", "Parallel Aware": false, "Scan Direction": "Forward", "Index Name": "idx_partsupp_partkey", "Relation Name": "partsupp", "Alias": "partsupp", "Startup Cost": 10000003466.46, "Total Cost": 10000341993.86, "Plan Rows": 3999800, "Plan Width": 8, "Filter": "(NOT (hashed SubPlan 1))", "Plans": [{"Node Type": "Seq Scan", "Parent Relationship": "SubPlan", "Subplan Name": "SubPlan 1", "Parallel Aware": false, "Relation Name": "supplier", "Alias": "supplier", "Startup Cost": 10000000000.0, "Total Cost": 10000003466.0, "Plan Rows": 10, "Plan Width": 4, "Filter": "((s_comment)::text ~~ '%Customer%Complaints%'::text)"}]}, {"Node Type": "Index Scan", "Parent Relationship": "Inner", "Parallel Aware": false, "Scan Direction": "Forward", "Index Name": "part_pkey", "Relation Name": "part", "Alias": "part", "Startup Cost": 0.43, "Total Cost": 0.47, "Plan Rows": 1, "Plan Width": 40, "Index Cond": "(p_partkey = partsupp.ps_partkey)", "Filter": "((p_brand <> 'Brand#11'::bpchar) AND ((p_type)::text !~~ 'LARGE BRUSHED%'::text) AND (p_size = ANY ('{13,2,49,28,31,48,11,18}'::integer[])))"}]}]}]}]}]}}, {"Plan": {"Node Type": "Limit", "Parallel Aware": false, "Startup Cost": 956490.86, "Total Cost": 956490.86, "Plan Rows": 1, "Plan Width": 44, "Plans": [{"Node Type": "Sort", "Parent Relationship": "Outer", "Parallel Aware": false, "Startup Cost": 956490.86, "Total Cost": 956874.98, "Plan Rows": 153648, "Plan Width": 44, "Sort Key": ["(count(DISTINCT partsupp.ps_suppkey)) DESC", "part.p_brand", "part.p_type", "part.p_size"], "Plans": [{"Node Type": "Aggregate", "Strategy": "Sorted", "Partial Mode": "Simple", "Parent Relationship": "Outer", "Parallel Aware": false, "Startup Cost": 946773.34, "Total Cost": 955722.62, "Plan Rows": 153648, "Plan Width": 44, "Group Key": ["part.p_brand", "part.p_type", "part.p_size"], "Plans": [{"Node Type": "Sort", "Parent Relationship": "Outer", "Parallel Aware": false, "Startup Cost": 946773.34, "Total Cost": 948255.9, "Plan Rows": 593024, "Plan Width": 40, "Sort Key": ["part.p_brand", "part.p_type", "part.p_size"], "Plans": [{"Node Type": "Gather", "Parent Relationship": "Outer", "Parallel Aware": false, "Startup Cost": 4466.45, "Total Cost": 880411.41, "Plan Rows": 593024, "Plan Width": 40, "Workers Planned": 3, "Single Copy": false, "Plans": [{"Node Type": "Nested Loop", "Parent Relationship": "Outer", "Parallel Aware": false, "Join Type": "Inner", "Startup Cost": 3466.45, "Total Cost": 820109.01, "Plan Rows": 191298, "Plan Width": 40, "Inner Unique": true, "Plans": [{"Node Type": "Seq Scan", "Parent Relationship": "Outer", "Parallel Aware": true, "Relation Name": "partsupp", "Alias": "partsupp", "Startup Cost": 3466.03, "Total Cost": 210108.48, "Plan Rows": 1290258, "Plan Width": 8, "Filter": "(NOT (hashed SubPlan 1))", "Plans": [{"Node Type": "Seq Scan", "Parent Relationship": "SubPlan", "Subplan Name": "SubPlan 1", "Parallel Aware": false, "Relation Name": "supplier", "Alias": "supplier", "Startup Cost": 0.0, "Total Cost": 3466.0, "Plan Rows": 10, "Plan Width": 4, "Filter": "((s_comment)::text ~~ '%Customer%Complaints%'::text)"}]}, {"Node Type": "Index Scan", "Parent Relationship": "Inner", "Parallel Aware": false, "Scan Direction": "Forward", "Index Name": "part_pkey", "Relation Name": "part", "Alias": "part", "Startup Cost": 0.43, "Total Cost": 0.47, "Plan Rows": 1, "Plan Width": 40, "Index Cond": "(p_partkey = partsupp.ps_partkey)", "Filter": "((p_brand <> 'Brand#11'::bpchar) AND ((p_type)::text !~~ 'LARGE BRUSHED%'::text) AND (p_size = ANY ('{13,2,49,28,31,48,11,18}'::integer[])))"}]}]}]}]}]}]}}, {"Plan": {"Node Type": "Limit", "Parallel Aware": false, "Startup Cost": 30000541741.72, "Total Cost": 30000541741.72, "Plan Rows": 1, "Plan Width": 44, "Plans": [{"Node Type": "Sort", "Parent Relationship": "Outer", "Parallel Aware": false, "Startup Cost": 30000541741.72, "Total Cost": 30000542125.84, "Plan Rows": 153648, "Plan Width": 44, "Sort Key": ["(count(DISTINCT partsupp.ps_suppkey)) DESC", "part.p_brand", "part.p_type", "part.p_size"], "Plans": [{"Node Type": "Aggregate", "Strategy": "Sorted", "Partial Mode": "Simple", "Parent Relationship": "Outer", "Parallel Aware": false, "Startup Cost": 30000532024.2, "Total Cost": 30000540973.48, "Plan Rows": 153648, "Plan Width": 44, "Group Key": ["part.p_brand", "part.p_type", "part.p_size"], "Plans": [{"Node Type": "Sort", "Parent Relationship": "Outer", "Parallel Aware": false, "Startup Cost": 30000532024.2, "Total Cost": 30000533506.76, "Plan Rows": 593024, "Plan Width": 40, "Sort Key": ["part.p_brand", "part.p_type", "part.p_size"], "Plans": [{"Node Type": "Merge Join", "Parent Relationship": "Outer", "Parallel Aware": false, "Join Type": "Inner", "Startup Cost": 30000003469.93, "Total Cost": 30000465662.28, "Plan Rows": 593024, "Plan Width": 40, "Inner Unique": true, "Merge Cond": "(partsupp.ps_partkey = part.p_partkey)", "Plans": [{"Node Type": "Index Scan", "Parent Relationship": "Outer", "Parallel Aware": false, "Scan Direction": "Forward", "Index Name": "idx_partsupp_partkey", "Relation Name": "partsupp", "Alias": "partsupp", "Startup Cost": 20000003466.46, "Total Cost": 20000341993.86, "Plan Rows": 3999800, "Plan Width": 8, "Filter": "(NOT (hashed SubPlan 1))", "Plans": [{"Node Type": "Seq Scan", "Parent Relationship": "SubPlan", "Subplan Name": "SubPlan 1", "Parallel Aware": false, "Relation Name": "supplier", "Alias": "supplier", "Startup Cost": 10000000000.0, "Total Cost": 10000003466.0, "Plan Rows": 10, "Plan Width": 4, "Filter": "((s_comment)::text ~~ '%Customer%Complaints%'::text)"}]}, {"Node Type": "Index Scan", "Parent Relationship": "Inner", "Parallel Aware": false, "Scan Direction": "Forward", "Index Name": "part_pkey", "Relation Name": "part", "Alias": "part", "Startup Cost": 10000000000.43, "Total Cost": 10000106998.23, "Plan Rows": 296527, "Plan Width": 40, "Filter": "((p_brand <> 'Brand#11'::bpchar) AND ((p_type)::text !~~ 'LARGE BRUSHED%'::text) AND (p_size = ANY ('{13,2,49,28,31,48,11,18}'::integer[])))"}]}]}]}]}]}}, {"Plan": {"Node Type": "Limit", "Parallel Aware": false, "Startup Cost": 20006674794.2, "Total Cost": 20006674794.2, "Plan Rows": 1, "Plan Width": 44, "Plans": [{"Node Type": "Sort", "Parent Relationship": "Outer", "Parallel Aware": false, "Startup Cost": 20006674794.2, "Total Cost": 20006675178.32, "Plan Rows": 153648, "Plan Width": 44, "Sort Key": ["(count(DISTINCT partsupp.ps_suppkey)) DESC", "part.p_brand", "part.p_type", "part.p_size"], "Plans": [{"Node Type": "Aggregate", "Strategy": "Sorted", "Partial Mode": "Simple", "Parent Relationship": "Outer", "Parallel Aware": false, "Startup Cost": 20006665076.68, "Total Cost": 20006674025.96, "Plan Rows": 153648, "Plan Width": 44, "Group Key": ["part.p_brand", "part.p_type", "part.p_size"], "Plans": [{"Node Type": "Sort", "Parent Relationship": "Outer", "Parallel Aware": false, "Startup Cost": 20006665076.68, "Total Cost": 20006666559.24, "Plan Rows": 593024, "Plan Width": 40, "Sort Key": ["part.p_brand", "part.p_type", "part.p_size"], "Plans": [{"Node Type": "Nested Loop", "Parent Relationship": "Outer", "Parallel Aware": false, "Join Type": "Inner", "Startup Cost": 20000003466.89, "Total Cost": 20006598714.76, "Plan Rows": 593024, "Plan Width": 40, "Inner Unique": true, "Plans": [{"Node Type": "Index Scan", "Parent Relationship": "Outer", "Parallel Aware": false, "Scan Direction": "Forward", "Index Name": "idx_partsupp_partkey", "Relation Name": "partsupp", "Alias": "partsupp", "Startup Cost": 20000003466.46, "Total Cost": 20000341993.86, "Plan Rows": 3999800, "Plan Width": 8, "Filter": "(NOT (hashed SubPlan 1))", "Plans": [{"Node Type": "Seq Scan", "Parent Relationship": "SubPlan", "Subplan Name": "SubPlan 1", "Parallel Aware": false, "Relation Name": "supplier", "Alias": "supplier", "Startup Cost": 10000000000.0, "Total Cost": 10000003466.0, "Plan Rows": 10, "Plan Width": 4, "Filter": "((s_comment)::text ~~ '%Customer%Complaints%'::text)"}]}, {"Node Type": "Bitmap Heap Scan", "Parent Relationship": "Inner", "Parallel Aware": false, "Relation Name": "part", "Alias": "part", "Startup Cost": 0.44, "Total Cost": 1.56, "Plan Rows": 1, "Plan Width": 40, "Recheck Cond": "(p_partkey = partsupp.ps_partkey)", "Filter": "((p_brand <> 'Brand#11'::bpchar) AND ((p_type)::text !~~ 'LARGE BRUSHED%'::text) AND (p_size = ANY ('{13,2,49,28,31,48,11,18}'::integer[])))", "Plans": [{"Node Type": "Bitmap Index Scan", "Parent Relationship": "Outer", "Parallel Aware": false, "Index Name": "part_pkey", "Startup Cost": 0.0, "Total Cost": 0.44, "Plan Rows": 1, "Plan Width": 0, "Index Cond": "(p_partkey = partsupp.ps_partkey)"}]}]}]}]}]}]}}, {"Plan": {"Node Type": "Limit", "Parallel Aware": false, "Startup Cost": 620290.37, "Total Cost": 620290.37, "Plan Rows": 1, "Plan Width": 44, "Plans": [{"Node Type": "Sort", "Parent Relationship": "Outer", "Parallel Aware": false, "Startup Cost": 620290.37, "Total Cost": 620674.49, "Plan Rows": 153648, "Plan Width": 44, "Sort Key": ["(count(DISTINCT partsupp.ps_suppkey)) DESC", "part.p_brand", "part.p_type", "part.p_size"], "Plans": [{"Node Type": "Aggregate", "Strategy": "Sorted", "Partial Mode": "Simple", "Parent Relationship": "Outer", "Parallel Aware": false, "Startup Cost": 610572.85, "Total Cost": 619522.13, "Plan Rows": 153648, "Plan Width": 44, "Group Key": ["part.p_brand", "part.p_type", "part.p_size"], "Plans": [{"Node Type": "Sort", "Parent Relationship": "Outer", "Parallel Aware": false, "Startup Cost": 610572.85, "Total Cost": 612055.41, "Plan Rows": 593024, "Plan Width": 40, "Sort Key": ["part.p_brand", "part.p_type", "part.p_size"], "Plans": [{"Node Type": "Gather", "Parent Relationship": "Outer", "Parallel Aware": false, "Startup Cost": 475061.69, "Total Cost": 544210.92, "Plan Rows": 593024, "Plan Width": 40, "Workers Planned": 3, "Single Copy": false, "Plans": [{"Node Type": "Merge Join", "Parent Relationship": "Outer", "Parallel Aware": false, "Join Type": "Inner", "Startup Cost": 474061.69, "Total Cost": 483908.52, "Plan Rows": 191298, "Plan Width": 40, "Inner Unique": true, "Merge Cond": "(partsupp.ps_partkey = part.p_partkey)", "Plans": [{"Node Type": "Sort", "Parent Relationship": "Outer", "Parallel Aware": false, "Startup Cost": 351398.73, "Total Cost": 354624.38, "Plan Rows": 1290258, "Plan Width": 8, "Sort Key": ["partsupp.ps_partkey"], "Plans": [{"Node Type": "Seq Scan", "Parent Relationship": "Outer", "Parallel Aware": true, "Relation Name": "partsupp", "Alias": "partsupp", "Startup Cost": 3466.03, "Total Cost": 210108.48, "Plan Rows": 1290258, "Plan Width": 8, "Filter": "(NOT (hashed SubPlan 1))", "Plans": [{"Node Type": "Seq Scan", "Parent Relationship": "SubPlan", "Subplan Name": "SubPlan 1", "Parallel Aware": false, "Relation Name": "supplier", "Alias": "supplier", "Startup Cost": 0.0, "Total Cost": 3466.0, "Plan Rows": 10, "Plan Width": 4, "Filter": "((s_comment)::text ~~ '%Customer%Complaints%'::text)"}]}]}, {"Node Type": "Sort", "Parent Relationship": "Inner", "Parallel Aware": false, "Startup Cost": 122662.9, "Total Cost": 123404.22, "Plan Rows": 296527, "Plan Width": 40, "Sort Key": ["part.p_partkey"], "Plans": [{"Node Type": "Seq Scan", "Parent Relationship": "Outer", "Parallel Aware": false, "Relation Name": "part", "Alias": "part", "Startup Cost": 0.0, "Total Cost": 90962.0, "Plan Rows": 296527, "Plan Width": 40, "Filter": "((p_brand <> 'Brand#11'::bpchar) AND ((p_type)::text !~~ 'LARGE BRUSHED%'::text) AND (p_size = ANY ('{13,2,49,28,31,48,11,18}'::integer[])))"}]}]}]}]}]}]}]}}, {"Plan": {"Node Type": "Limit", "Parallel Aware": false, "Startup Cost": 620290.37, "Total Cost": 620290.37, "Plan Rows": 1, "Plan Width": 44, "Plans": [{"Node Type": "Sort", "Parent Relationship": "Outer", "Parallel Aware": false, "Startup Cost": 620290.37, "Total Cost": 620674.49, "Plan Rows": 153648, "Plan Width": 44, "Sort Key": ["(count(DISTINCT partsupp.ps_suppkey)) DESC", "part.p_brand", "part.p_type", "part.p_size"], "Plans": [{"Node Type": "Aggregate", "Strategy": "Sorted", "Partial Mode": "Simple", "Parent Relationship": "Outer", "Parallel Aware": false, "Startup Cost": 610572.85, "Total Cost": 619522.13, "Plan Rows": 153648, "Plan Width": 44, "Group Key": ["part.p_brand", "part.p_type", "part.p_size"], "Plans": [{"Node Type": "Sort", "Parent Relationship": "Outer", "Parallel Aware": false, "Startup Cost": 610572.85, "Total Cost": 612055.41, "Plan Rows": 593024, "Plan Width": 40, "Sort Key": ["part.p_brand", "part.p_type", "part.p_size"], "Plans": [{"Node Type": "Gather", "Parent Relationship": "Outer", "Parallel Aware": false, "Startup Cost": 475061.69, "Total Cost": 544210.92, "Plan Rows": 593024, "Plan Width": 40, "Workers Planned": 3, "Single Copy": false, "Plans": [{"Node Type": "Merge Join", "Parent Relationship": "Outer", "Parallel Aware": false, "Join Type": "Inner", "Startup Cost": 474061.69, "Total Cost": 483908.52, "Plan Rows": 191298, "Plan Width": 40, "Inner Unique": true, "Merge Cond": "(partsupp.ps_partkey = part.p_partkey)", "Plans": [{"Node Type": "Sort", "Parent Relationship": "Outer", "Parallel Aware": false, "Startup Cost": 351398.73, "Total Cost": 354624.38, "Plan Rows": 1290258, "Plan Width": 8, "Sort Key": ["partsupp.ps_partkey"], "Plans": [{"Node Type": "Seq Scan", "Parent Relationship": "Outer", "Parallel Aware": true, "Relation Name": "partsupp", "Alias": "partsupp", "Startup Cost": 3466.03, "Total Cost": 210108.48, "Plan Rows": 1290258, "Plan Width": 8, "Filter": "(NOT (hashed SubPlan 1))", "Plans": [{"Node Type": "Seq Scan", "Parent Relationship": "SubPlan", "Subplan Name": "SubPlan 1", "Parallel Aware": false, "Relation Name": "supplier", "Alias": "supplier", "Startup Cost": 0.0, "Total Cost": 3466.0, "Plan Rows": 10, "Plan Width": 4, "Filter": "((s_comment)::text ~~ '%Customer%Complaints%'::text)"}]}]}, {"Node Type": "Sort", "Parent Relationship": "Inner", "Parallel Aware": false, "Startup Cost": 122662.9, "Total Cost": 123404.22, "Plan Rows": 296527, "Plan Width": 40, "Sort Key": ["part.p_partkey"], "Plans": [{"Node Type": "Seq Scan", "Parent Relationship": "Outer", "Parallel Aware": false, "Relation Name": "part", "Alias": "part", "Startup Cost": 0.0, "Total Cost": 90962.0, "Plan Rows": 296527, "Plan Width": 40, "Filter": "((p_brand <> 'Brand#11'::bpchar) AND ((p_type)::text !~~ 'LARGE BRUSHED%'::text) AND (p_size = ANY ('{13,2,49,28,31,48,11,18}'::integer[])))"}]}]}]}]}]}]}]}}, {"Plan": {"Node Type": "Limit", "Parallel Aware": false, "Startup Cost": 20006674794.2, "Total Cost": 20006674794.2, "Plan Rows": 1, "Plan Width": 44, "Plans": [{"Node Type": "Sort", "Parent Relationship": "Outer", "Parallel Aware": false, "Startup Cost": 20006674794.2, "Total Cost": 20006675178.32, "Plan Rows": 153648, "Plan Width": 44, "Sort Key": ["(count(DISTINCT partsupp.ps_suppkey)) DESC", "part.p_brand", "part.p_type", "part.p_size"], "Plans": [{"Node Type": "Aggregate", "Strategy": "Sorted", "Partial Mode": "Simple", "Parent Relationship": "Outer", "Parallel Aware": false, "Startup Cost": 20006665076.68, "Total Cost": 20006674025.96, "Plan Rows": 153648, "Plan Width": 44, "Group Key": ["part.p_brand", "part.p_type", "part.p_size"], "Plans": [{"Node Type": "Sort", "Parent Relationship": "Outer", "Parallel Aware": false, "Startup Cost": 20006665076.68, "Total Cost": 20006666559.24, "Plan Rows": 593024, "Plan Width": 40, "Sort Key": ["part.p_brand", "part.p_type", "part.p_size"], "Plans": [{"Node Type": "Nested Loop", "Parent Relationship": "Outer", "Parallel Aware": false, "Join Type": "Inner", "Startup Cost": 20000003466.89, "Total Cost": 20006598714.76, "Plan Rows": 593024, "Plan Width": 40, "Inner Unique": true, "Plans": [{"Node Type": "Index Scan", "Parent Relationship": "Outer", "Parallel Aware": false, "Scan Direction": "Forward", "Index Name": "idx_partsupp_partkey", "Relation Name": "partsupp", "Alias": "partsupp", "Startup Cost": 20000003466.46, "Total Cost": 20000341993.86, "Plan Rows": 3999800, "Plan Width": 8, "Filter": "(NOT (hashed SubPlan 1))", "Plans": [{"Node Type": "Seq Scan", "Parent Relationship": "SubPlan", "Subplan Name": "SubPlan 1", "Parallel Aware": false, "Relation Name": "supplier", "Alias": "supplier", "Startup Cost": 10000000000.0, "Total Cost": 10000003466.0, "Plan Rows": 10, "Plan Width": 4, "Filter": "((s_comment)::text ~~ '%Customer%Complaints%'::text)"}]}, {"Node Type": "Bitmap Heap Scan", "Parent Relationship": "Inner", "Parallel Aware": false, "Relation Name": "part", "Alias": "part", "Startup Cost": 0.44, "Total Cost": 1.56, "Plan Rows": 1, "Plan Width": 40, "Recheck Cond": "(p_partkey = partsupp.ps_partkey)", "Filter": "((p_brand <> 'Brand#11'::bpchar) AND ((p_type)::text !~~ 'LARGE BRUSHED%'::text) AND (p_size = ANY ('{13,2,49,28,31,48,11,18}'::integer[])))", "Plans": [{"Node Type": "Bitmap Index Scan", "Parent Relationship": "Outer", "Parallel Aware": false, "Index Name": "part_pkey", "Startup Cost": 0.0, "Total Cost": 0.44, "Plan Rows": 1, "Plan Width": 0, "Index Cond": "(p_partkey = partsupp.ps_partkey)"}]}]}]}]}]}]}}, {"Plan": {"Node Type": "Limit", "Parallel Aware": false, "Startup Cost": 2364786.88, "Total Cost": 2364786.88, "Plan Rows": 1, "Plan Width": 44, "Plans": [{"Node Type": "Sort", "Parent Relationship": "Outer", "Parallel Aware": false, "Startup Cost": 2364786.88, "Total Cost": 2365171.0, "Plan Rows": 153648, "Plan Width": 44, "Sort Key": ["(count(DISTINCT partsupp.ps_suppkey)) DESC", "part.p_brand", "part.p_type", "part.p_size"], "Plans": [{"Node Type": "Aggregate", "Strategy": "Sorted", "Partial Mode": "Simple", "Parent Relationship": "Outer", "Parallel Aware": false, "Startup Cost": 2355069.36, "Total Cost": 2364018.64, "Plan Rows": 153648, "Plan Width": 44, "Group Key": ["part.p_brand", "part.p_type", "part.p_size"], "Plans": [{"Node Type": "Sort", "Parent Relationship": "Outer", "Parallel Aware": false, "Startup Cost": 2355069.36, "Total Cost": 2356551.92, "Plan Rows": 593024, "Plan Width": 40, "Sort Key": ["part.p_brand", "part.p_type", "part.p_size"], "Plans": [{"Node Type": "Gather", "Parent Relationship": "Outer", "Parallel Aware": false, "Startup Cost": 4466.46, "Total Cost": 2288707.44, "Plan Rows": 593024, "Plan Width": 40, "Workers Planned": 3, "Single Copy": false, "Plans": [{"Node Type": "Nested Loop", "Parent Relationship": "Outer", "Parallel Aware": false, "Join Type": "Inner", "Startup Cost": 3466.46, "Total Cost": 2228405.04, "Plan Rows": 191298, "Plan Width": 40, "Inner Unique": true, "Plans": [{"Node Type": "Seq Scan", "Parent Relationship": "Outer", "Parallel Aware": true, "Relation Name": "partsupp", "Alias": "partsupp", "Startup Cost": 3466.03, "Total Cost": 210108.48, "Plan Rows": 1290258, "Plan Width": 8, "Filter": "(NOT (hashed SubPlan 1))", "Plans": [{"Node Type": "Seq Scan", "Parent Relationship": "SubPlan", "Subplan Name": "SubPlan 1", "Parallel Aware": false, "Relation Name": "supplier", "Alias": "supplier", "Startup Cost": 0.0, "Total Cost": 3466.0, "Plan Rows": 10, "Plan Width": 4, "Filter": "((s_comment)::text ~~ '%Customer%Complaints%'::text)"}]}, {"Node Type": "Bitmap Heap Scan", "Parent Relationship": "Inner", "Parallel Aware": false, "Relation Name": "part", "Alias": "part", "Startup Cost": 0.44, "Total Cost": 1.56, "Plan Rows": 1, "Plan Width": 40, "Recheck Cond": "(p_partkey = partsupp.ps_partkey)", "Filter": "((p_brand <> 'Brand#11'::bpchar) AND ((p_type)::text !~~ 'LARGE BRUSHED%'::text) AND (p_size = ANY ('{13,2,49,28,31,48,11,18}'::integer[])))", "Plans": [{"Node Type": "Bitmap Index Scan", "Parent Relationship": "Outer", "Parallel Aware": false, "Index Name": "part_pkey", "Startup Cost": 0.0, "Total Cost": 0.44, "Plan Rows": 1, "Plan Width": 0, "Index Cond": "(p_partkey = partsupp.ps_partkey)"}]}]}]}]}]}]}]}}, {"Plan": {"Node Type": "Limit", "Parallel Aware": false, "Startup Cost": 10000541741.72, "Total Cost": 10000541741.72, "Plan Rows": 1, "Plan Width": 44, "Plans": [{"Node Type": "Sort", "Parent Relationship": "Outer", "Parallel Aware": false, "Startup Cost": 10000541741.72, "Total Cost": 10000542125.84, "Plan Rows": 153648, "Plan Width": 44, "Sort Key": ["(count(DISTINCT partsupp.ps_suppkey)) DESC", "part.p_brand", "part.p_type", "part.p_size"], "Plans": [{"Node Type": "Aggregate", "Strategy": "Sorted", "Partial Mode": "Simple", "Parent Relationship": "Outer", "Parallel Aware": false, "Startup Cost": 10000532024.2, "Total Cost": 10000540973.48, "Plan Rows": 153648, "Plan Width": 44, "Group Key": ["part.p_brand", "part.p_type", "part.p_size"], "Plans": [{"Node Type": "Sort", "Parent Relationship": "Outer", "Parallel Aware": false, "Startup Cost": 10000532024.2, "Total Cost": 10000533506.76, "Plan Rows": 593024, "Plan Width": 40, "Sort Key": ["part.p_brand", "part.p_type", "part.p_size"], "Plans": [{"Node Type": "Merge Join", "Parent Relationship": "Outer", "Parallel Aware": false, "Join Type": "Inner", "Startup Cost": 10000003469.93, "Total Cost": 10000465662.28, "Plan Rows": 593024, "Plan Width": 40, "Inner Unique": true, "Merge Cond": "(partsupp.ps_partkey = part.p_partkey)", "Plans": [{"Node Type": "Index Scan", "Parent Relationship": "Outer", "Parallel Aware": false, "Scan Direction": "Forward", "Index Name": "idx_partsupp_partkey", "Relation Name": "partsupp", "Alias": "partsupp", "Startup Cost": 10000003466.46, "Total Cost": 10000341993.86, "Plan Rows": 3999800, "Plan Width": 8, "Filter": "(NOT (hashed SubPlan 1))", "Plans": [{"Node Type": "Seq Scan", "Parent Relationship": "SubPlan", "Subplan Name": "SubPlan 1", "Parallel Aware": false, "Relation Name": "supplier", "Alias": "supplier", "Startup Cost": 10000000000.0, "Total Cost": 10000003466.0, "Plan Rows": 10, "Plan Width": 4, "Filter": "((s_comment)::text ~~ '%Customer%Complaints%'::text)"}]}, {"Node Type": "Index Scan", "Parent Relationship": "Inner", "Parallel Aware": false, "Scan Direction": "Forward", "Index Name": "part_pkey", "Relation Name": "part", "Alias": "part", "Startup Cost": 0.43, "Total Cost": 106998.23, "Plan Rows": 296527, "Plan Width": 40, "Filter": "((p_brand <> 'Brand#11'::bpchar) AND ((p_type)::text !~~ 'LARGE BRUSHED%'::text) AND (p_size = ANY ('{13,2,49,28,31,48,11,18}'::integer[])))"}]}]}]}]}]}}, {"Plan": {"Node Type": "Limit", "Parallel Aware": false, "Startup Cost": 10002309075.11, "Total Cost": 10002309075.12, "Plan Rows": 1, "Plan Width": 44, "Plans": [{"Node Type": "Sort", "Parent Relationship": "Outer", "Parallel Aware": false, "Startup Cost": 10002309075.11, "Total Cost": 10002309459.23, "Plan Rows": 153648, "Plan Width": 44, "Sort Key": ["(count(DISTINCT partsupp.ps_suppkey)) DESC", "part.p_brand", "part.p_type", "part.p_size"], "Plans": [{"Node Type": "Aggregate", "Strategy": "Sorted", "Partial Mode": "Simple", "Parent Relationship": "Outer", "Parallel Aware": false, "Startup Cost": 10002299357.59, "Total Cost": 10002308306.87, "Plan Rows": 153648, "Plan Width": 44, "Group Key": ["part.p_brand", "part.p_type", "part.p_size"], "Plans": [{"Node Type": "Sort", "Parent Relationship": "Outer", "Parallel Aware": false, "Startup Cost": 10002299357.59, "Total Cost": 10002300840.15, "Plan Rows": 593024, "Plan Width": 40, "Sort Key": ["part.p_brand", "part.p_type", "part.p_size"], "Plans": [{"Node Type": "Nested Loop", "Parent Relationship": "Outer", "Parallel Aware": false, "Join Type": "Inner", "Startup Cost": 10000003466.89, "Total Cost": 10002232995.67, "Plan Rows": 593024, "Plan Width": 40, "Inner Unique": true, "Plans": [{"Node Type": "Index Scan", "Parent Relationship": "Outer", "Parallel Aware": false, "Scan Direction": "Forward", "Index Name": "idx_partsupp_partkey", "Relation Name": "partsupp", "Alias": "partsupp", "Startup Cost": 10000003466.46, "Total Cost": 10000341993.86, "Plan Rows": 3999800, "Plan Width": 8, "Filter": "(NOT (hashed SubPlan 1))", "Plans": [{"Node Type": "Seq Scan", "Parent Relationship": "SubPlan", "Subplan Name": "SubPlan 1", "Parallel Aware": false, "Relation Name": "supplier", "Alias": "supplier", "Startup Cost": 10000000000.0, "Total Cost": 10000003466.0, "Plan Rows": 10, "Plan Width": 4, "Filter": "((s_comment)::text ~~ '%Customer%Complaints%'::text)"}]}, {"Node Type": "Index Scan", "Parent Relationship": "Inner", "Parallel Aware": false, "Scan Direction": "Forward", "Index Name": "part_pkey", "Relation Name": "part", "Alias": "part", "Startup Cost": 0.43, "Total Cost": 0.47, "Plan Rows": 1, "Plan Width": 40, "Index Cond": "(p_partkey = partsupp.ps_partkey)", "Filter": "((p_brand <> 'Brand#11'::bpchar) AND ((p_type)::text !~~ 'LARGE BRUSHED%'::text) AND (p_size = ANY ('{13,2,49,28,31,48,11,18}'::integer[])))"}]}]}]}]}]}}, {"Plan": {"Node Type": "Limit", "Parallel Aware": false, "Startup Cost": 523514.69, "Total Cost": 523514.69, "Plan Rows": 1, "Plan Width": 44, "Plans": [{"Node Type": "Sort", "Parent Relationship": "Outer", "Parallel Aware": false, "Startup Cost": 523514.69, "Total Cost": 523898.81, "Plan Rows": 153648, "Plan Width": 44, "Sort Key": ["(count(DISTINCT partsupp.ps_suppkey)) DESC", "part.p_brand", "part.p_type", "part.p_size"], "Plans": [{"Node Type": "Aggregate", "Strategy": "Sorted", "Partial Mode": "Simple", "Parent Relationship": "Outer", "Parallel Aware": false, "Startup Cost": 513797.17, "Total Cost": 522746.45, "Plan Rows": 153648, "Plan Width": 44, "Group Key": ["part.p_brand", "part.p_type", "part.p_size"], "Plans": [{"Node Type": "Sort", "Parent Relationship": "Outer", "Parallel Aware": false, "Startup Cost": 513797.17, "Total Cost": 515279.73, "Plan Rows": 593024, "Plan Width": 40, "Sort Key": ["part.p_brand", "part.p_type", "part.p_size"], "Plans": [{"Node Type": "Gather", "Parent Relationship": "Outer", "Parallel Aware": false, "Startup Cost": 4469.22, "Total Cost": 447435.25, "Plan Rows": 593024, "Plan Width": 40, "Workers Planned": 3, "Single Copy": false, "Plans": [{"Node Type": "Merge Join", "Parent Relationship": "Outer", "Parallel Aware": false, "Join Type": "Inner", "Startup Cost": 3469.22, "Total Cost": 387132.85, "Plan Rows": 191298, "Plan Width": 40, "Inner Unique": true, "Merge Cond": "(partsupp.ps_partkey = part.p_partkey)", "Plans": [{"Node Type": "Index Scan", "Parent Relationship": "Outer", "Parallel Aware": true, "Scan Direction": "Forward", "Index Name": "idx_partsupp_partkey", "Relation Name": "partsupp", "Alias": "partsupp", "Startup Cost": 3466.46, "Total Cost": 274255.31, "Plan Rows": 1290258, "Plan Width": 8, "Filter": "(NOT (hashed SubPlan 1))", "Plans": [{"Node Type": "Seq Scan", "Parent Relationship": "SubPlan", "Subplan Name": "SubPlan 1", "Parallel Aware": false, "Relation Name": "supplier", "Alias": "supplier", "Startup Cost": 0.0, "Total Cost": 3466.0, "Plan Rows": 10, "Plan Width": 4, "Filter": "((s_comment)::text ~~ '%Customer%Complaints%'::text)"}]}, {"Node Type": "Index Scan", "Parent Relationship": "Inner", "Parallel Aware": false, "Scan Direction": "Forward", "Index Name": "part_pkey", "Relation Name": "part", "Alias": "part", "Startup Cost": 0.43, "Total Cost": 106998.23, "Plan Rows": 296527, "Plan Width": 40, "Filter": "((p_brand <> 'Brand#11'::bpchar) AND ((p_type)::text !~~ 'LARGE BRUSHED%'::text) AND (p_size = ANY ('{13,2,49,28,31,48,11,18}'::integer[])))"}]}]}]}]}]}]}}, {"Plan": {"Node Type": "Limit", "Parallel Aware": false, "Startup Cost": 523514.69, "Total Cost": 523514.69, "Plan Rows": 1, "Plan Width": 44, "Plans": [{"Node Type": "Sort", "Parent Relationship": "Outer", "Parallel Aware": false, "Startup Cost": 523514.69, "Total Cost": 523898.81, "Plan Rows": 153648, "Plan Width": 44, "Sort Key": ["(count(DISTINCT partsupp.ps_suppkey)) DESC", "part.p_brand", "part.p_type", "part.p_size"], "Plans": [{"Node Type": "Aggregate", "Strategy": "Sorted", "Partial Mode": "Simple", "Parent Relationship": "Outer", "Parallel Aware": false, "Startup Cost": 513797.17, "Total Cost": 522746.45, "Plan Rows": 153648, "Plan Width": 44, "Group Key": ["part.p_brand", "part.p_type", "part.p_size"], "Plans": [{"Node Type": "Sort", "Parent Relationship": "Outer", "Parallel Aware": false, "Startup Cost": 513797.17, "Total Cost": 515279.73, "Plan Rows": 593024, "Plan Width": 40, "Sort Key": ["part.p_brand", "part.p_type", "part.p_size"], "Plans": [{"Node Type": "Gather", "Parent Relationship": "Outer", "Parallel Aware": false, "Startup Cost": 4469.22, "Total Cost": 447435.25, "Plan Rows": 593024, "Plan Width": 40, "Workers Planned": 3, "Single Copy": false, "Plans": [{"Node Type": "Merge Join", "Parent Relationship": "Outer", "Parallel Aware": false, "Join Type": "Inner", "Startup Cost": 3469.22, "Total Cost": 387132.85, "Plan Rows": 191298, "Plan Width": 40, "Inner Unique": true, "Merge Cond": "(partsupp.ps_partkey = part.p_partkey)", "Plans": [{"Node Type": "Index Scan", "Parent Relationship": "Outer", "Parallel Aware": true, "Scan Direction": "Forward", "Index Name": "idx_partsupp_partkey", "Relation Name": "partsupp", "Alias": "partsupp", "Startup Cost": 3466.46, "Total Cost": 274255.31, "Plan Rows": 1290258, "Plan Width": 8, "Filter": "(NOT (hashed SubPlan 1))", "Plans": [{"Node Type": "Seq Scan", "Parent Relationship": "SubPlan", "Subplan Name": "SubPlan 1", "Parallel Aware": false, "Relation Name": "supplier", "Alias": "supplier", "Startup Cost": 0.0, "Total Cost": 3466.0, "Plan Rows": 10, "Plan Width": 4, "Filter": "((s_comment)::text ~~ '%Customer%Complaints%'::text)"}]}, {"Node Type": "Index Scan", "Parent Relationship": "Inner", "Parallel Aware": false, "Scan Direction": "Forward", "Index Name": "part_pkey", "Relation Name": "part", "Alias": "part", "Startup Cost": 0.43, "Total Cost": 106998.23, "Plan Rows": 296527, "Plan Width": 40, "Filter": "((p_brand <> 'Brand#11'::bpchar) AND ((p_type)::text !~~ 'LARGE BRUSHED%'::text) AND (p_size = ANY ('{13,2,49,28,31,48,11,18}'::integer[])))"}]}]}]}]}]}]}}, {"Plan": {"Node Type": "Limit", "Parallel Aware": false, "Startup Cost": 10002309075.11, "Total Cost": 10002309075.12, "Plan Rows": 1, "Plan Width": 44, "Plans": [{"Node Type": "Sort", "Parent Relationship": "Outer", "Parallel Aware": false, "Startup Cost": 10002309075.11, "Total Cost": 10002309459.23, "Plan Rows": 153648, "Plan Width": 44, "Sort Key": ["(count(DISTINCT partsupp.ps_suppkey)) DESC", "part.p_brand", "part.p_type", "part.p_size"], "Plans": [{"Node Type": "Aggregate", "Strategy": "Sorted", "Partial Mode": "Simple", "Parent Relationship": "Outer", "Parallel Aware": false, "Startup Cost": 10002299357.59, "Total Cost": 10002308306.87, "Plan Rows": 153648, "Plan Width": 44, "Group Key": ["part.p_brand", "part.p_type", "part.p_size"], "Plans": [{"Node Type": "Sort", "Parent Relationship": "Outer", "Parallel Aware": false, "Startup Cost": 10002299357.59, "Total Cost": 10002300840.15, "Plan Rows": 593024, "Plan Width": 40, "Sort Key": ["part.p_brand", "part.p_type", "part.p_size"], "Plans": [{"Node Type": "Nested Loop", "Parent Relationship": "Outer", "Parallel Aware": false, "Join Type": "Inner", "Startup Cost": 10000003466.89, "Total Cost": 10002232995.67, "Plan Rows": 593024, "Plan Width": 40, "Inner Unique": true, "Plans": [{"Node Type": "Index Scan", "Parent Relationship": "Outer", "Parallel Aware": false, "Scan Direction": "Forward", "Index Name": "idx_partsupp_partkey", "Relation Name": "partsupp", "Alias": "partsupp", "Startup Cost": 10000003466.46, "Total Cost": 10000341993.86, "Plan Rows": 3999800, "Plan Width": 8, "Filter": "(NOT (hashed SubPlan 1))", "Plans": [{"Node Type": "Seq Scan", "Parent Relationship": "SubPlan", "Subplan Name": "SubPlan 1", "Parallel Aware": false, "Relation Name": "supplier", "Alias": "supplier", "Startup Cost": 10000000000.0, "Total Cost": 10000003466.0, "Plan Rows": 10, "Plan Width": 4, "Filter": "((s_comment)::text ~~ '%Customer%Complaints%'::text)"}]}, {"Node Type": "Index Scan", "Parent Relationship": "Inner", "Parallel Aware": false, "Scan Direction": "Forward", "Index Name": "part_pkey", "Relation Name": "part", "Alias": "part", "Startup Cost": 0.43, "Total Cost": 0.47, "Plan Rows": 1, "Plan Width": 40, "Index Cond": "(p_partkey = partsupp.ps_partkey)", "Filter": "((p_brand <> 'Brand#11'::bpchar) AND ((p_type)::text !~~ 'LARGE BRUSHED%'::text) AND (p_size = ANY ('{13,2,49,28,31,48,11,18}'::integer[])))"}]}]}]}]}]}}, {"Plan": {"Node Type": "Limit", "Parallel Aware": false, "Startup Cost": 956490.86, "Total Cost": 956490.86, "Plan Rows": 1, "Plan Width": 44, "Plans": [{"Node Type": "Sort", "Parent Relationship": "Outer", "Parallel Aware": false, "Startup Cost": 956490.86, "Total Cost": 956874.98, "Plan Rows": 153648, "Plan Width": 44, "Sort Key": ["(count(DISTINCT partsupp.ps_suppkey)) DESC", "part.p_brand", "part.p_type", "part.p_size"], "Plans": [{"Node Type": "Aggregate", "Strategy": "Sorted", "Partial Mode": "Simple", "Parent Relationship": "Outer", "Parallel Aware": false, "Startup Cost": 946773.34, "Total Cost": 955722.62, "Plan Rows": 153648, "Plan Width": 44, "Group Key": ["part.p_brand", "part.p_type", "part.p_size"], "Plans": [{"Node Type": "Sort", "Parent Relationship": "Outer", "Parallel Aware": false, "Startup Cost": 946773.34, "Total Cost": 948255.9, "Plan Rows": 593024, "Plan Width": 40, "Sort Key": ["part.p_brand", "part.p_type", "part.p_size"], "Plans": [{"Node Type": "Gather", "Parent Relationship": "Outer", "Parallel Aware": false, "Startup Cost": 4466.45, "Total Cost": 880411.41, "Plan Rows": 593024, "Plan Width": 40, "Workers Planned": 3, "Single Copy": false, "Plans": [{"Node Type": "Nested Loop", "Parent Relationship": "Outer", "Parallel Aware": false, "Join Type": "Inner", "Startup Cost": 3466.45, "Total Cost": 820109.01, "Plan Rows": 191298, "Plan Width": 40, "Inner Unique": true, "Plans": [{"Node Type": "Seq Scan", "Parent Relationship": "Outer", "Parallel Aware": true, "Relation Name": "partsupp", "Alias": "partsupp", "Startup Cost": 3466.03, "Total Cost": 210108.48, "Plan Rows": 1290258, "Plan Width": 8, "Filter": "(NOT (hashed SubPlan 1))", "Plans": [{"Node Type": "Seq Scan", "Parent Relationship": "SubPlan", "Subplan Name": "SubPlan 1", "Parallel Aware": false, "Relation Name": "supplier", "Alias": "supplier", "Startup Cost": 0.0, "Total Cost": 3466.0, "Plan Rows": 10, "Plan Width": 4, "Filter": "((s_comment)::text ~~ '%Customer%Complaints%'::text)"}]}, {"Node Type": "Index Scan", "Parent Relationship": "Inner", "Parallel Aware": false, "Scan Direction": "Forward", "Index Name": "part_pkey", "Relation Name": "part", "Alias": "part", "Startup Cost": 0.43, "Total Cost": 0.47, "Plan Rows": 1, "Plan Width": 40, "Index Cond": "(p_partkey = partsupp.ps_partkey)", "Filter": "((p_brand <> 'Brand#11'::bpchar) AND ((p_type)::text !~~ 'LARGE BRUSHED%'::text) AND (p_size = ANY ('{13,2,49,28,31,48,11,18}'::integer[])))"}]}]}]}]}]}]}}, {"Plan": {"Node Type": "Limit", "Parallel Aware": false, "Startup Cost": 620290.37, "Total Cost": 620290.37, "Plan Rows": 1, "Plan Width": 44, "Plans": [{"Node Type": "Sort", "Parent Relationship": "Outer", "Parallel Aware": false, "Startup Cost": 620290.37, "Total Cost": 620674.49, "Plan Rows": 153648, "Plan Width": 44, "Sort Key": ["(count(DISTINCT partsupp.ps_suppkey)) DESC", "part.p_brand", "part.p_type", "part.p_size"], "Plans": [{"Node Type": "Aggregate", "Strategy": "Sorted", "Partial Mode": "Simple", "Parent Relationship": "Outer", "Parallel Aware": false, "Startup Cost": 610572.85, "Total Cost": 619522.13, "Plan Rows": 153648, "Plan Width": 44, "Group Key": ["part.p_brand", "part.p_type", "part.p_size"], "Plans": [{"Node Type": "Sort", "Parent Relationship": "Outer", "Parallel Aware": false, "Startup Cost": 610572.85, "Total Cost": 612055.41, "Plan Rows": 593024, "Plan Width": 40, "Sort Key": ["part.p_brand", "part.p_type", "part.p_size"], "Plans": [{"Node Type": "Gather", "Parent Relationship": "Outer", "Parallel Aware": false, "Startup Cost": 475061.69, "Total Cost": 544210.92, "Plan Rows": 593024, "Plan Width": 40, "Workers Planned": 3, "Single Copy": false, "Plans": [{"Node Type": "Merge Join", "Parent Relationship": "Outer", "Parallel Aware": false, "Join Type": "Inner", "Startup Cost": 474061.69, "Total Cost": 483908.52, "Plan Rows": 191298, "Plan Width": 40, "Inner Unique": true, "Merge Cond": "(partsupp.ps_partkey = part.p_partkey)", "Plans": [{"Node Type": "Sort", "Parent Relationship": "Outer", "Parallel Aware": false, "Startup Cost": 351398.73, "Total Cost": 354624.38, "Plan Rows": 1290258, "Plan Width": 8, "Sort Key": ["partsupp.ps_partkey"], "Plans": [{"Node Type": "Seq Scan", "Parent Relationship": "Outer", "Parallel Aware": true, "Relation Name": "partsupp", "Alias": "partsupp", "Startup Cost": 3466.03, "Total Cost": 210108.48, "Plan Rows": 1290258, "Plan Width": 8, "Filter": "(NOT (hashed SubPlan 1))", "Plans": [{"Node Type": "Seq Scan", "Parent Relationship": "SubPlan", "Subplan Name": "SubPlan 1", "Parallel Aware": false, "Relation Name": "supplier", "Alias": "supplier", "Startup Cost": 0.0, "Total Cost": 3466.0, "Plan Rows": 10, "Plan Width": 4, "Filter": "((s_comment)::text ~~ '%Customer%Complaints%'::text)"}]}]}, {"Node Type": "Sort", "Parent Relationship": "Inner", "Parallel Aware": false, "Startup Cost": 122662.9, "Total Cost": 123404.22, "Plan Rows": 296527, "Plan Width": 40, "Sort Key": ["part.p_partkey"], "Plans": [{"Node Type": "Seq Scan", "Parent Relationship": "Outer", "Parallel Aware": false, "Relation Name": "part", "Alias": "part", "Startup Cost": 0.0, "Total Cost": 90962.0, "Plan Rows": 296527, "Plan Width": 40, "Filter": "((p_brand <> 'Brand#11'::bpchar) AND ((p_type)::text !~~ 'LARGE BRUSHED%'::text) AND (p_size = ANY ('{13,2,49,28,31,48,11,18}'::integer[])))"}]}]}]}]}]}]}]}}, {"Plan": {"Node Type": "Limit", "Parallel Aware": false, "Startup Cost": 620290.37, "Total Cost": 620290.37, "Plan Rows": 1, "Plan Width": 44, "Plans": [{"Node Type": "Sort", "Parent Relationship": "Outer", "Parallel Aware": false, "Startup Cost": 620290.37, "Total Cost": 620674.49, "Plan Rows": 153648, "Plan Width": 44, "Sort Key": ["(count(DISTINCT partsupp.ps_suppkey)) DESC", "part.p_brand", "part.p_type", "part.p_size"], "Plans": [{"Node Type": "Aggregate", "Strategy": "Sorted", "Partial Mode": "Simple", "Parent Relationship": "Outer", "Parallel Aware": false, "Startup Cost": 610572.85, "Total Cost": 619522.13, "Plan Rows": 153648, "Plan Width": 44, "Group Key": ["part.p_brand", "part.p_type", "part.p_size"], "Plans": [{"Node Type": "Sort", "Parent Relationship": "Outer", "Parallel Aware": false, "Startup Cost": 610572.85, "Total Cost": 612055.41, "Plan Rows": 593024, "Plan Width": 40, "Sort Key": ["part.p_brand", "part.p_type", "part.p_size"], "Plans": [{"Node Type": "Gather", "Parent Relationship": "Outer", "Parallel Aware": false, "Startup Cost": 475061.69, "Total Cost": 544210.92, "Plan Rows": 593024, "Plan Width": 40, "Workers Planned": 3, "Single Copy": false, "Plans": [{"Node Type": "Merge Join", "Parent Relationship": "Outer", "Parallel Aware": false, "Join Type": "Inner", "Startup Cost": 474061.69, "Total Cost": 483908.52, "Plan Rows": 191298, "Plan Width": 40, "Inner Unique": true, "Merge Cond": "(partsupp.ps_partkey = part.p_partkey)", "Plans": [{"Node Type": "Sort", "Parent Relationship": "Outer", "Parallel Aware": false, "Startup Cost": 351398.73, "Total Cost": 354624.38, "Plan Rows": 1290258, "Plan Width": 8, "Sort Key": ["partsupp.ps_partkey"], "Plans": [{"Node Type": "Seq Scan", "Parent Relationship": "Outer", "Parallel Aware": true, "Relation Name": "partsupp", "Alias": "partsupp", "Startup Cost": 3466.03, "Total Cost": 210108.48, "Plan Rows": 1290258, "Plan Width": 8, "Filter": "(NOT (hashed SubPlan 1))", "Plans": [{"Node Type": "Seq Scan", "Parent Relationship": "SubPlan", "Subplan Name": "SubPlan 1", "Parallel Aware": false, "Relation Name": "supplier", "Alias": "supplier", "Startup Cost": 0.0, "Total Cost": 3466.0, "Plan Rows": 10, "Plan Width": 4, "Filter": "((s_comment)::text ~~ '%Customer%Complaints%'::text)"}]}]}, {"Node Type": "Sort", "Parent Relationship": "Inner", "Parallel Aware": false, "Startup Cost": 122662.9, "Total Cost": 123404.22, "Plan Rows": 296527, "Plan Width": 40, "Sort Key": ["part.p_partkey"], "Plans": [{"Node Type": "Seq Scan", "Parent Relationship": "Outer", "Parallel Aware": false, "Relation Name": "part", "Alias": "part", "Startup Cost": 0.0, "Total Cost": 90962.0, "Plan Rows": 296527, "Plan Width": 40, "Filter": "((p_brand <> 'Brand#11'::bpchar) AND ((p_type)::text !~~ 'LARGE BRUSHED%'::text) AND (p_size = ANY ('{13,2,49,28,31,48,11,18}'::integer[])))"}]}]}]}]}]}]}]}}, {"Plan": {"Node Type": "Limit", "Parallel Aware": false, "Startup Cost": 2364786.88, "Total Cost": 2364786.88, "Plan Rows": 1, "Plan Width": 44, "Plans": [{"Node Type": "Sort", "Parent Relationship": "Outer", "Parallel Aware": false, "Startup Cost": 2364786.88, "Total Cost": 2365171.0, "Plan Rows": 153648, "Plan Width": 44, "Sort Key": ["(count(DISTINCT partsupp.ps_suppkey)) DESC", "part.p_brand", "part.p_type", "part.p_size"], "Plans": [{"Node Type": "Aggregate", "Strategy": "Sorted", "Partial Mode": "Simple", "Parent Relationship": "Outer", "Parallel Aware": false, "Startup Cost": 2355069.36, "Total Cost": 2364018.64, "Plan Rows": 153648, "Plan Width": 44, "Group Key": ["part.p_brand", "part.p_type", "part.p_size"], "Plans": [{"Node Type": "Sort", "Parent Relationship": "Outer", "Parallel Aware": false, "Startup Cost": 2355069.36, "Total Cost": 2356551.92, "Plan Rows": 593024, "Plan Width": 40, "Sort Key": ["part.p_brand", "part.p_type", "part.p_size"], "Plans": [{"Node Type": "Gather", "Parent Relationship": "Outer", "Parallel Aware": false, "Startup Cost": 4466.46, "Total Cost": 2288707.44, "Plan Rows": 593024, "Plan Width": 40, "Workers Planned": 3, "Single Copy": false, "Plans": [{"Node Type": "Nested Loop", "Parent Relationship": "Outer", "Parallel Aware": false, "Join Type": "Inner", "Startup Cost": 3466.46, "Total Cost": 2228405.04, "Plan Rows": 191298, "Plan Width": 40, "Inner Unique": true, "Plans": [{"Node Type": "Seq Scan", "Parent Relationship": "Outer", "Parallel Aware": true, "Relation Name": "partsupp", "Alias": "partsupp", "Startup Cost": 3466.03, "Total Cost": 210108.48, "Plan Rows": 1290258, "Plan Width": 8, "Filter": "(NOT (hashed SubPlan 1))", "Plans": [{"Node Type": "Seq Scan", "Parent Relationship": "SubPlan", "Subplan Name": "SubPlan 1", "Parallel Aware": false, "Relation Name": "supplier", "Alias": "supplier", "Startup Cost": 0.0, "Total Cost": 3466.0, "Plan Rows": 10, "Plan Width": 4, "Filter": "((s_comment)::text ~~ '%Customer%Complaints%'::text)"}]}, {"Node Type": "Bitmap Heap Scan", "Parent Relationship": "Inner", "Parallel Aware": false, "Relation Name": "part", "Alias": "part", "Startup Cost": 0.44, "Total Cost": 1.56, "Plan Rows": 1, "Plan Width": 40, "Recheck Cond": "(p_partkey = partsupp.ps_partkey)", "Filter": "((p_brand <> 'Brand#11'::bpchar) AND ((p_type)::text !~~ 'LARGE BRUSHED%'::text) AND (p_size = ANY ('{13,2,49,28,31,48,11,18}'::integer[])))", "Plans": [{"Node Type": "Bitmap Index Scan", "Parent Relationship": "Outer", "Parallel Aware": false, "Index Name": "part_pkey", "Startup Cost": 0.0, "Total Cost": 0.44, "Plan Rows": 1, "Plan Width": 0, "Index Cond": "(p_partkey = partsupp.ps_partkey)"}]}]}]}]}]}]}]}}, {"Plan": {"Node Type": "Limit", "Parallel Aware": false, "Startup Cost": 408163.97, "Total Cost": 408163.97, "Plan Rows": 1, "Plan Width": 44, "Plans": [{"Node Type": "Sort", "Parent Relationship": "Outer", "Parallel Aware": false, "Startup Cost": 408163.97, "Total Cost": 408548.09, "Plan Rows": 153648, "Plan Width": 44, "Sort Key": ["(count(DISTINCT partsupp.ps_suppkey)) DESC", "part.p_brand", "part.p_type", "part.p_size"], "Plans": [{"Node Type": "Aggregate", "Strategy": "Sorted", "Partial Mode": "Simple", "Parent Relationship": "Outer", "Parallel Aware": false, "Startup Cost": 398446.45, "Total Cost": 407395.73, "Plan Rows": 153648, "Plan Width": 44, "Group Key": ["part.p_brand", "part.p_type", "part.p_size"], "Plans": [{"Node Type": "Sort", "Parent Relationship": "Outer", "Parallel Aware": false, "Startup Cost": 398446.45, "Total Cost": 399929.01, "Plan Rows": 593024, "Plan Width": 40, "Sort Key": ["part.p_brand", "part.p_type", "part.p_size"], "Plans": [{"Node Type": "Gather", "Parent Relationship": "Outer", "Parallel Aware": false, "Startup Cost": 62752.73, "Total Cost": 332084.52, "Plan Rows": 593024, "Plan Width": 40, "Workers Planned": 3, "Single Copy": false, "Plans": [{"Node Type": "Hash Join", "Parent Relationship": "Outer", "Parallel Aware": true, "Join Type": "Inner", "Startup Cost": 61752.73, "Total Cost": 271782.12, "Plan Rows": 191298, "Plan Width": 40, "Inner Unique": true, "Hash Cond": "(partsupp.ps_partkey = part.p_partkey)", "Plans": [{"Node Type": "Seq Scan", "Parent Relationship": "Outer", "Parallel Aware": true, "Relation Name": "partsupp", "Alias": "partsupp", "Startup Cost": 3466.03, "Total Cost": 210108.48, "Plan Rows": 1290258, "Plan Width": 8, "Filter": "(NOT (hashed SubPlan 1))", "Plans": [{"Node Type": "Seq Scan", "Parent Relationship": "SubPlan", "Subplan Name": "SubPlan 1", "Parallel Aware": false, "Relation Name": "supplier", "Alias": "supplier", "Startup Cost": 0.0, "Total Cost": 3466.0, "Plan Rows": 10, "Plan Width": 4, "Filter": "((s_comment)::text ~~ '%Customer%Complaints%'::text)"}]}, {"Node Type": "Hash", "Parent Relationship": "Inner", "Parallel Aware": true, "Startup Cost": 57091.03, "Total Cost": 57091.03, "Plan Rows": 95654, "Plan Width": 40, "Plans": [{"Node Type": "Seq Scan", "Parent Relationship": "Outer", "Parallel Aware": true, "Relation Name": "part", "Alias": "part", "Startup Cost": 0.0, "Total Cost": 57091.03, "Plan Rows": 95654, "Plan Width": 40, "Filter": "((p_brand <> 'Brand#11'::bpchar) AND ((p_type)::text !~~ 'LARGE BRUSHED%'::text) AND (p_size = ANY ('{13,2,49,28,31,48,11,18}'::integer[])))"}]}]}]}]}]}]}]}}]