[{"Plan": {"Node Type": "Limit", "Parallel Aware": false, "Startup Cost": 30006675314.86, "Total Cost": 30006675314.86, "Plan Rows": 1, "Plan Width": 44, "Plans": [{"Node Type": "Sort", "Parent Relationship": "Outer", "Parallel Aware": false, "Startup Cost": 30006675314.86, "Total Cost": 30006675700.0, "Plan Rows": 154059, "Plan Width": 44, "Sort Key": ["(count(DISTINCT partsupp.ps_suppkey)) DESC", "part.p_brand", "part.p_type", "part.p_size"], "Plans": [{"Node Type": "Aggregate", "Strategy": "Sorted", "Partial Mode": "Simple", "Parent Relationship": "Outer", "Parallel Aware": false, "Startup Cost": 30006665542.42, "Total Cost": 30006674544.56, "Plan Rows": 154059, "Plan Width": 44, "Group Key": ["part.p_brand", "part.p_type", "part.p_size"], "Plans": [{"Node Type": "Sort", "Parent Relationship": "Outer", "Parallel Aware": false, "Startup Cost": 30006665542.42, "Total Cost": 30006667034.73, "Plan Rows": 596924, "Plan Width": 40, "Sort Key": ["part.p_brand", "part.p_type", "part.p_size"], "Plans": [{"Node Type": "Nested Loop", "Parent Relationship": "Outer", "Parallel Aware": false, "Join Type": "Inner", "Startup Cost": 30000003466.89, "Total Cost": 30006598714.76, "Plan Rows": 596924, "Plan Width": 40, "Inner Unique": true, "Plans": [{"Node Type": "Index Scan", "Parent Relationship": "Outer", "Parallel Aware": false, "Scan Direction": "Forward", "Index Name": "idx_partsupp_partkey", "Relation Name": "partsupp", "Alias": "partsupp", "Startup Cost": 20000003466.46, "Total Cost": 20000341993.86, "Plan Rows": 3999800, "Plan Width": 8, "Filter": "(NOT (hashed SubPlan 1))", "Plans": [{"Node Type": "Seq Scan", "Parent Relationship": "SubPlan", "Subplan Name": "SubPlan 1", "Parallel Aware": false, "Relation Name": "supplier", "Alias": "supplier", "Startup Cost": 10000000000.0, "Total Cost": 10000003466.0, "Plan Rows": 10, "Plan Width": 4, "Filter": "((s_comment)::text ~~ '%Customer%Complaints%'::text)"}]}, {"Node Type": "Bitmap Heap Scan", "Parent Relationship": "Inner", "Parallel Aware": false, "Relation Name": "part", "Alias": "part", "Startup Cost": 0.44, "Total Cost": 1.56, "Plan Rows": 1, "Plan Width": 40, "Recheck Cond": "(p_partkey = partsupp.ps_partkey)", "Filter": "((p_brand <> 'Brand#11'::bpchar) AND ((p_type)::text !~~ 'MEDIUM ANODIZED%'::text) AND (p_size = ANY ('{43,27,44,50,4,45,48,37}'::integer[])))", "Plans": [{"Node Type": "Bitmap Index Scan", "Parent Relationship": "Outer", "Parallel Aware": false, "Index Name": "part_pkey", "Startup Cost": 0.0, "Total Cost": 0.44, "Plan Rows": 1, "Plan Width": 0, "Index Cond": "(p_partkey = partsupp.ps_partkey)"}]}]}]}]}]}]}}, {"Plan": {"Node Type": "Limit", "Parallel Aware": false, "Startup Cost": 10000620084.6, "Total Cost": 10000620084.6, "Plan Rows": 1, "Plan Width": 44, "Plans": [{"Node Type": "Sort", "Parent Relationship": "Outer", "Parallel Aware": false, "Startup Cost": 10000620084.6, "Total Cost": 10000620469.75, "Plan Rows": 154059, "Plan Width": 44, "Sort Key": ["(count(DISTINCT partsupp.ps_suppkey)) DESC", "part.p_brand", "part.p_type", "part.p_size"], "Plans": [{"Node Type": "Aggregate", "Strategy": "Sorted", "Partial Mode": "Simple", "Parent Relationship": "Outer", "Parallel Aware": false, "Startup Cost": 10000610312.17, "Total Cost": 10000619314.31, "Plan Rows": 154059, "Plan Width": 44, "Group Key": ["part.p_brand", "part.p_type", "part.p_size"], "Plans": [{"Node Type": "Sort", "Parent Relationship": "Outer", "Parallel Aware": false, "Startup Cost": 10000610312.17, "Total Cost": 10000611804.48, "Plan Rows": 596924, "Plan Width": 40, "Sort Key": ["part.p_brand", "part.p_type", "part.p_size"], "Plans": [{"Node Type": "Hash Join", "Parent Relationship": "Outer", "Parallel Aware": false, "Join Type": "Inner", "Startup Cost": 10000407616.79, "Total Cost": 10000543484.5, "Plan Rows": 596924, "Plan Width": 40, "Inner Unique": false, "Hash Cond": "(part.p_partkey = partsupp.ps_partkey)", "Plans": [{"Node Type": "Index Scan", "Parent Relationship": "Outer", "Parallel Aware": false, "Scan Direction": "Forward", "Index Name": "part_pkey", "Relation Name": "part", "Alias": "part", "Startup Cost": 0.43, "Total Cost": 106998.23, "Plan Rows": 298477, "Plan Width": 40, "Filter": "((p_brand <> 'Brand#11'::bpchar) AND ((p_type)::text !~~ 'MEDIUM ANODIZED%'::text) AND (p_size = ANY ('{43,27,44,50,4,45,48,37}'::integer[])))"}, {"Node Type": "Hash", "Parent Relationship": "Inner", "Parallel Aware": false, "Startup Cost": 10000341993.86, "Total Cost": 10000341993.86, "Plan Rows": 3999800, "Plan Width": 8, "Plans": [{"Node Type": "Index Scan", "Parent Relationship": "Outer", "Parallel Aware": false, "Scan Direction": "Forward", "Index Name": "idx_partsupp_partkey", "Relation Name": "partsupp", "Alias": "partsupp", "Startup Cost": 10000003466.46, "Total Cost": 10000341993.86, "Plan Rows": 3999800, "Plan Width": 8, "Filter": "(NOT (hashed SubPlan 1))", "Plans": [{"Node Type": "Seq Scan", "Parent Relationship": "SubPlan", "Subplan Name": "SubPlan 1", "Parallel Aware": false, "Relation Name": "supplier", "Alias": "supplier", "Startup Cost": 10000000000.0, "Total Cost": 10000003466.0, "Plan Rows": 10, "Plan Width": 4, "Filter": "((s_comment)::text ~~ '%Customer%Complaints%'::text)"}]}]}]}]}]}]}]}}, {"Plan": {"Node Type": "Limit", "Parallel Aware": false, "Startup Cost": 10000542306.25, "Total Cost": 10000542306.25, "Plan Rows": 1, "Plan Width": 44, "Plans": [{"Node Type": "Sort", "Parent Relationship": "Outer", "Parallel Aware": false, "Startup Cost": 10000542306.25, "Total Cost": 10000542691.4, "Plan Rows": 154059, "Plan Width": 44, "Sort Key": ["(count(DISTINCT partsupp.ps_suppkey)) DESC", "part.p_brand", "part.p_type", "part.p_size"], "Plans": [{"Node Type": "Aggregate", "Strategy": "Sorted", "Partial Mode": "Simple", "Parent Relationship": "Outer", "Parallel Aware": false, "Startup Cost": 10000532533.81, "Total Cost": 10000541535.95, "Plan Rows": 154059, "Plan Width": 44, "Group Key": ["part.p_brand", "part.p_type", "part.p_size"], "Plans": [{"Node Type": "Sort", "Parent Relationship": "Outer", "Parallel Aware": false, "Startup Cost": 10000532533.81, "Total Cost": 10000534026.12, "Plan Rows": 596924, "Plan Width": 40, "Sort Key": ["part.p_brand", "part.p_type", "part.p_size"], "Plans": [{"Node Type": "Merge Join", "Parent Relationship": "Outer", "Parallel Aware": false, "Join Type": "Inner", "Startup Cost": 10000003469.93, "Total Cost": 10000465706.15, "Plan Rows": 596924, "Plan Width": 40, "Inner Unique": true, "Merge Cond": "(partsupp.ps_partkey = part.p_partkey)", "Plans": [{"Node Type": "Index Scan", "Parent Relationship": "Outer", "Parallel Aware": false, "Scan Direction": "Forward", "Index Name": "idx_partsupp_partkey", "Relation Name": "partsupp", "Alias": "partsupp", "Startup Cost": 10000003466.46, "Total Cost": 10000341993.86, "Plan Rows": 3999800, "Plan Width": 8, "Filter": "(NOT (hashed SubPlan 1))", "Plans": [{"Node Type": "Seq Scan", "Parent Relationship": "SubPlan", "Subplan Name": "SubPlan 1", "Parallel Aware": false, "Relation Name": "supplier", "Alias": "supplier", "Startup Cost": 10000000000.0, "Total Cost": 10000003466.0, "Plan Rows": 10, "Plan Width": 4, "Filter": "((s_comment)::text ~~ '%Customer%Complaints%'::text)"}]}, {"Node Type": "Index Scan", "Parent Relationship": "Inner", "Parallel Aware": false, "Scan Direction": "Forward", "Index Name": "part_pkey", "Relation Name": "part", "Alias": "part", "Startup Cost": 0.43, "Total Cost": 106998.23, "Plan Rows": 298477, "Plan Width": 40, "Filter": "((p_brand <> 'Brand#11'::bpchar) AND ((p_type)::text !~~ 'MEDIUM ANODIZED%'::text) AND (p_size = ANY ('{43,27,44,50,4,45,48,37}'::integer[])))"}]}]}]}]}]}}, {"Plan": {"Node Type": "Limit", "Parallel Aware": false, "Startup Cost": 10002309595.77, "Total Cost": 10002309595.77, "Plan Rows": 1, "Plan Width": 44, "Plans": [{"Node Type": "Sort", "Parent Relationship": "Outer", "Parallel Aware": false, "Startup Cost": 10002309595.77, "Total Cost": 10002309980.92, "Plan Rows": 154059, "Plan Width": 44, "Sort Key": ["(count(DISTINCT partsupp.ps_suppkey)) DESC", "part.p_brand", "part.p_type", "part.p_size"], "Plans": [{"Node Type": "Aggregate", "Strategy": "Sorted", "Partial Mode": "Simple", "Parent Relationship": "Outer", "Parallel Aware": false, "Startup Cost": 10002299823.34, "Total Cost": 10002308825.48, "Plan Rows": 154059, "Plan Width": 44, "Group Key": ["part.p_brand", "part.p_type", "part.p_size"], "Plans": [{"Node Type": "Sort", "Parent Relationship": "Outer", "Parallel Aware": false, "Startup Cost": 10002299823.34, "Total Cost": 10002301315.65, "Plan Rows": 596924, "Plan Width": 40, "Sort Key": ["part.p_brand", "part.p_type", "part.p_size"], "Plans": [{"Node Type": "Nested Loop", "Parent Relationship": "Outer", "Parallel Aware": false, "Join Type": "Inner", "Startup Cost": 10000003466.89, "Total Cost": 10002232995.67, "Plan Rows": 596924, "Plan Width": 40, "Inner Unique": true, "Plans": [{"Node Type": "Index Scan", "Parent Relationship": "Outer", "Parallel Aware": false, "Scan Direction": "Forward", "Index Name": "idx_partsupp_partkey", "Relation Name": "partsupp", "Alias": "partsupp", "Startup Cost": 10000003466.46, "Total Cost": 10000341993.86, "Plan Rows": 3999800, "Plan Width": 8, "Filter": "(NOT (hashed SubPlan 1))", "Plans": [{"Node Type": "Seq Scan", "Parent Relationship": "SubPlan", "Subplan Name": "SubPlan 1", "Parallel Aware": false, "Relation Name": "supplier", "Alias": "supplier", "Startup Cost": 10000000000.0, "Total Cost": 10000003466.0, "Plan Rows": 10, "Plan Width": 4, "Filter": "((s_comment)::text ~~ '%Customer%Complaints%'::text)"}]}, {"Node Type": "Index Scan", "Parent Relationship": "Inner", "Parallel Aware": false, "Scan Direction": "Forward", "Index Name": "part_pkey", "Relation Name": "part", "Alias": "part", "Startup Cost": 0.43, "Total Cost": 0.47, "Plan Rows": 1, "Plan Width": 40, "Index Cond": "(p_partkey = partsupp.ps_partkey)", "Filter": "((p_brand <> 'Brand#11'::bpchar) AND ((p_type)::text !~~ 'MEDIUM ANODIZED%'::text) AND (p_size = ANY ('{43,27,44,50,4,45,48,37}'::integer[])))"}]}]}]}]}]}}, {"Plan": {"Node Type": "Limit", "Parallel Aware": false, "Startup Cost": 409082.48, "Total Cost": 409082.49, "Plan Rows": 1, "Plan Width": 44, "Plans": [{"Node Type": "Sort", "Parent Relationship": "Outer", "Parallel Aware": false, "Startup Cost": 409082.48, "Total Cost": 409467.63, "Plan Rows": 154059, "Plan Width": 44, "Sort Key": ["(count(DISTINCT partsupp.ps_suppkey)) DESC", "part.p_brand", "part.p_type", "part.p_size"], "Plans": [{"Node Type": "Aggregate", "Strategy": "Sorted", "Partial Mode": "Simple", "Parent Relationship": "Outer", "Parallel Aware": false, "Startup Cost": 399310.05, "Total Cost": 408312.19, "Plan Rows": 154059, "Plan Width": 44, "Group Key": ["part.p_brand", "part.p_type", "part.p_size"], "Plans": [{"Node Type": "Sort", "Parent Relationship": "Outer", "Parallel Aware": false, "Startup Cost": 399310.05, "Total Cost": 400802.36, "Plan Rows": 596924, "Plan Width": 40, "Sort Key": ["part.p_brand", "part.p_type", "part.p_size"], "Plans": [{"Node Type": "Gather", "Parent Relationship": "Outer", "Parallel Aware": false, "Startup Cost": 62760.59, "Total Cost": 332482.38, "Plan Rows": 596924, "Plan Width": 40, "Workers Planned": 3, "Single Copy": false, "Plans": [{"Node Type": "Hash Join", "Parent Relationship": "Outer", "Parallel Aware": true, "Join Type": "Inner", "Startup Cost": 61760.59, "Total Cost": 271789.98, "Plan Rows": 192556, "Plan Width": 40, "Inner Unique": true, "Hash Cond": "(partsupp.ps_partkey = part.p_partkey)", "Plans": [{"Node Type": "Seq Scan", "Parent Relationship": "Outer", "Parallel Aware": true, "Relation Name": "partsupp", "Alias": "partsupp", "Startup Cost": 3466.03, "Total Cost": 210108.48, "Plan Rows": 1290258, "Plan Width": 8, "Filter": "(NOT (hashed SubPlan 1))", "Plans": [{"Node Type": "Seq Scan", "Parent Relationship": "SubPlan", "Subplan Name": "SubPlan 1", "Parallel Aware": false, "Relation Name": "supplier", "Alias": "supplier", "Startup Cost": 0.0, "Total Cost": 3466.0, "Plan Rows": 10, "Plan Width": 4, "Filter": "((s_comment)::text ~~ '%Customer%Complaints%'::text)"}]}, {"Node Type": "Hash", "Parent Relationship": "Inner", "Parallel Aware": true, "Startup Cost": 57091.03, "Total Cost": 57091.03, "Plan Rows": 96283, "Plan Width": 40, "Plans": [{"Node Type": "Seq Scan", "Parent Relationship": "Outer", "Parallel Aware": true, "Relation Name": "part", "Alias": "part", "Startup Cost": 0.0, "Total Cost": 57091.03, "Plan Rows": 96283, "Plan Width": 40, "Filter": "((p_brand <> 'Brand#11'::bpchar) AND ((p_type)::text !~~ 'MEDIUM ANODIZED%'::text) AND (p_size = ANY ('{43,27,44,50,4,45,48,37}'::integer[])))"}]}]}]}]}]}]}]}}, {"Plan": {"Node Type": "Limit", "Parallel Aware": false, "Startup Cost": 10002309595.77, "Total Cost": 10002309595.77, "Plan Rows": 1, "Plan Width": 44, "Plans": [{"Node Type": "Sort", "Parent Relationship": "Outer", "Parallel Aware": false, "Startup Cost": 10002309595.77, "Total Cost": 10002309980.92, "Plan Rows": 154059, "Plan Width": 44, "Sort Key": ["(count(DISTINCT partsupp.ps_suppkey)) DESC", "part.p_brand", "part.p_type", "part.p_size"], "Plans": [{"Node Type": "Aggregate", "Strategy": "Sorted", "Partial Mode": "Simple", "Parent Relationship": "Outer", "Parallel Aware": false, "Startup Cost": 10002299823.34, "Total Cost": 10002308825.48, "Plan Rows": 154059, "Plan Width": 44, "Group Key": ["part.p_brand", "part.p_type", "part.p_size"], "Plans": [{"Node Type": "Sort", "Parent Relationship": "Outer", "Parallel Aware": false, "Startup Cost": 10002299823.34, "Total Cost": 10002301315.65, "Plan Rows": 596924, "Plan Width": 40, "Sort Key": ["part.p_brand", "part.p_type", "part.p_size"], "Plans": [{"Node Type": "Nested Loop", "Parent Relationship": "Outer", "Parallel Aware": false, "Join Type": "Inner", "Startup Cost": 10000003466.89, "Total Cost": 10002232995.67, "Plan Rows": 596924, "Plan Width": 40, "Inner Unique": true, "Plans": [{"Node Type": "Index Scan", "Parent Relationship": "Outer", "Parallel Aware": false, "Scan Direction": "Forward", "Index Name": "idx_partsupp_partkey", "Relation Name": "partsupp", "Alias": "partsupp", "Startup Cost": 10000003466.46, "Total Cost": 10000341993.86, "Plan Rows": 3999800, "Plan Width": 8, "Filter": "(NOT (hashed SubPlan 1))", "Plans": [{"Node Type": "Seq Scan", "Parent Relationship": "SubPlan", "Subplan Name": "SubPlan 1", "Parallel Aware": false, "Relation Name": "supplier", "Alias": "supplier", "Startup Cost": 10000000000.0, "Total Cost": 10000003466.0, "Plan Rows": 10, "Plan Width": 4, "Filter": "((s_comment)::text ~~ '%Customer%Complaints%'::text)"}]}, {"Node Type": "Index Scan", "Parent Relationship": "Inner", "Parallel Aware": false, "Scan Direction": "Forward", "Index Name": "part_pkey", "Relation Name": "part", "Alias": "part", "Startup Cost": 0.43, "Total Cost": 0.47, "Plan Rows": 1, "Plan Width": 40, "Index Cond": "(p_partkey = partsupp.ps_partkey)", "Filter": "((p_brand <> 'Brand#11'::bpchar) AND ((p_type)::text !~~ 'MEDIUM ANODIZED%'::text) AND (p_size = ANY ('{43,27,44,50,4,45,48,37}'::integer[])))"}]}]}]}]}]}}, {"Plan": {"Node Type": "Limit", "Parallel Aware": false, "Startup Cost": 409082.48, "Total Cost": 409082.49, "Plan Rows": 1, "Plan Width": 44, "Plans": [{"Node Type": "Sort", "Parent Relationship": "Outer", "Parallel Aware": false, "Startup Cost": 409082.48, "Total Cost": 409467.63, "Plan Rows": 154059, "Plan Width": 44, "Sort Key": ["(count(DISTINCT partsupp.ps_suppkey)) DESC", "part.p_brand", "part.p_type", "part.p_size"], "Plans": [{"Node Type": "Aggregate", "Strategy": "Sorted", "Partial Mode": "Simple", "Parent Relationship": "Outer", "Parallel Aware": false, "Startup Cost": 399310.05, "Total Cost": 408312.19, "Plan Rows": 154059, "Plan Width": 44, "Group Key": ["part.p_brand", "part.p_type", "part.p_size"], "Plans": [{"Node Type": "Sort", "Parent Relationship": "Outer", "Parallel Aware": false, "Startup Cost": 399310.05, "Total Cost": 400802.36, "Plan Rows": 596924, "Plan Width": 40, "Sort Key": ["part.p_brand", "part.p_type", "part.p_size"], "Plans": [{"Node Type": "Gather", "Parent Relationship": "Outer", "Parallel Aware": false, "Startup Cost": 62760.59, "Total Cost": 332482.38, "Plan Rows": 596924, "Plan Width": 40, "Workers Planned": 3, "Single Copy": false, "Plans": [{"Node Type": "Hash Join", "Parent Relationship": "Outer", "Parallel Aware": true, "Join Type": "Inner", "Startup Cost": 61760.59, "Total Cost": 271789.98, "Plan Rows": 192556, "Plan Width": 40, "Inner Unique": true, "Hash Cond": "(partsupp.ps_partkey = part.p_partkey)", "Plans": [{"Node Type": "Seq Scan", "Parent Relationship": "Outer", "Parallel Aware": true, "Relation Name": "partsupp", "Alias": "partsupp", "Startup Cost": 3466.03, "Total Cost": 210108.48, "Plan Rows": 1290258, "Plan Width": 8, "Filter": "(NOT (hashed SubPlan 1))", "Plans": [{"Node Type": "Seq Scan", "Parent Relationship": "SubPlan", "Subplan Name": "SubPlan 1", "Parallel Aware": false, "Relation Name": "supplier", "Alias": "supplier", "Startup Cost": 0.0, "Total Cost": 3466.0, "Plan Rows": 10, "Plan Width": 4, "Filter": "((s_comment)::text ~~ '%Customer%Complaints%'::text)"}]}, {"Node Type": "Hash", "Parent Relationship": "Inner", "Parallel Aware": true, "Startup Cost": 57091.03, "Total Cost": 57091.03, "Plan Rows": 96283, "Plan Width": 40, "Plans": [{"Node Type": "Seq Scan", "Parent Relationship": "Outer", "Parallel Aware": true, "Relation Name": "part", "Alias": "part", "Startup Cost": 0.0, "Total Cost": 57091.03, "Plan Rows": 96283, "Plan Width": 40, "Filter": "((p_brand <> 'Brand#11'::bpchar) AND ((p_type)::text !~~ 'MEDIUM ANODIZED%'::text) AND (p_size = ANY ('{43,27,44,50,4,45,48,37}'::integer[])))"}]}]}]}]}]}]}]}}, {"Plan": {"Node Type": "Limit", "Parallel Aware": false, "Startup Cost": 409082.48, "Total Cost": 409082.49, "Plan Rows": 1, "Plan Width": 44, "Plans": [{"Node Type": "Sort", "Parent Relationship": "Outer", "Parallel Aware": false, "Startup Cost": 409082.48, "Total Cost": 409467.63, "Plan Rows": 154059, "Plan Width": 44, "Sort Key": ["(count(DISTINCT partsupp.ps_suppkey)) DESC", "part.p_brand", "part.p_type", "part.p_size"], "Plans": [{"Node Type": "Aggregate", "Strategy": "Sorted", "Partial Mode": "Simple", "Parent Relationship": "Outer", "Parallel Aware": false, "Startup Cost": 399310.05, "Total Cost": 408312.19, "Plan Rows": 154059, "Plan Width": 44, "Group Key": ["part.p_brand", "part.p_type", "part.p_size"], "Plans": [{"Node Type": "Sort", "Parent Relationship": "Outer", "Parallel Aware": false, "Startup Cost": 399310.05, "Total Cost": 400802.36, "Plan Rows": 596924, "Plan Width": 40, "Sort Key": ["part.p_brand", "part.p_type", "part.p_size"], "Plans": [{"Node Type": "Gather", "Parent Relationship": "Outer", "Parallel Aware": false, "Startup Cost": 62760.59, "Total Cost": 332482.38, "Plan Rows": 596924, "Plan Width": 40, "Workers Planned": 3, "Single Copy": false, "Plans": [{"Node Type": "Hash Join", "Parent Relationship": "Outer", "Parallel Aware": true, "Join Type": "Inner", "Startup Cost": 61760.59, "Total Cost": 271789.98, "Plan Rows": 192556, "Plan Width": 40, "Inner Unique": true, "Hash Cond": "(partsupp.ps_partkey = part.p_partkey)", "Plans": [{"Node Type": "Seq Scan", "Parent Relationship": "Outer", "Parallel Aware": true, "Relation Name": "partsupp", "Alias": "partsupp", "Startup Cost": 3466.03, "Total Cost": 210108.48, "Plan Rows": 1290258, "Plan Width": 8, "Filter": "(NOT (hashed SubPlan 1))", "Plans": [{"Node Type": "Seq Scan", "Parent Relationship": "SubPlan", "Subplan Name": "SubPlan 1", "Parallel Aware": false, "Relation Name": "supplier", "Alias": "supplier", "Startup Cost": 0.0, "Total Cost": 3466.0, "Plan Rows": 10, "Plan Width": 4, "Filter": "((s_comment)::text ~~ '%Customer%Complaints%'::text)"}]}, {"Node Type": "Hash", "Parent Relationship": "Inner", "Parallel Aware": true, "Startup Cost": 57091.03, "Total Cost": 57091.03, "Plan Rows": 96283, "Plan Width": 40, "Plans": [{"Node Type": "Seq Scan", "Parent Relationship": "Outer", "Parallel Aware": true, "Relation Name": "part", "Alias": "part", "Startup Cost": 0.0, "Total Cost": 57091.03, "Plan Rows": 96283, "Plan Width": 40, "Filter": "((p_brand <> 'Brand#11'::bpchar) AND ((p_type)::text !~~ 'MEDIUM ANODIZED%'::text) AND (p_size = ANY ('{43,27,44,50,4,45,48,37}'::integer[])))"}]}]}]}]}]}]}]}}, {"Plan": {"Node Type": "Limit", "Parallel Aware": false, "Startup Cost": 30000542306.25, "Total Cost": 30000542306.25, "Plan Rows": 1, "Plan Width": 44, "Plans": [{"Node Type": "Sort", "Parent Relationship": "Outer", "Parallel Aware": false, "Startup Cost": 30000542306.25, "Total Cost": 30000542691.4, "Plan Rows": 154059, "Plan Width": 44, "Sort Key": ["(count(DISTINCT partsupp.ps_suppkey)) DESC", "part.p_brand", "part.p_type", "part.p_size"], "Plans": [{"Node Type": "Aggregate", "Strategy": "Sorted", "Partial Mode": "Simple", "Parent Relationship": "Outer", "Parallel Aware": false, "Startup Cost": 30000532533.81, "Total Cost": 30000541535.95, "Plan Rows": 154059, "Plan Width": 44, "Group Key": ["part.p_brand", "part.p_type", "part.p_size"], "Plans": [{"Node Type": "Sort", "Parent Relationship": "Outer", "Parallel Aware": false, "Startup Cost": 30000532533.81, "Total Cost": 30000534026.12, "Plan Rows": 596924, "Plan Width": 40, "Sort Key": ["part.p_brand", "part.p_type", "part.p_size"], "Plans": [{"Node Type": "Merge Join", "Parent Relationship": "Outer", "Parallel Aware": false, "Join Type": "Inner", "Startup Cost": 30000003469.93, "Total Cost": 30000465706.15, "Plan Rows": 596924, "Plan Width": 40, "Inner Unique": true, "Merge Cond": "(partsupp.ps_partkey = part.p_partkey)", "Plans": [{"Node Type": "Index Scan", "Parent Relationship": "Outer", "Parallel Aware": false, "Scan Direction": "Forward", "Index Name": "idx_partsupp_partkey", "Relation Name": "partsupp", "Alias": "partsupp", "Startup Cost": 20000003466.46, "Total Cost": 20000341993.86, "Plan Rows": 3999800, "Plan Width": 8, "Filter": "(NOT (hashed SubPlan 1))", "Plans": [{"Node Type": "Seq Scan", "Parent Relationship": "SubPlan", "Subplan Name": "SubPlan 1", "Parallel Aware": false, "Relation Name": "supplier", "Alias": "supplier", "Startup Cost": 10000000000.0, "Total Cost": 10000003466.0, "Plan Rows": 10, "Plan Width": 4, "Filter": "((s_comment)::text ~~ '%Customer%Complaints%'::text)"}]}, {"Node Type": "Index Scan", "Parent Relationship": "Inner", "Parallel Aware": false, "Scan Direction": "Forward", "Index Name": "part_pkey", "Relation Name": "part", "Alias": "part", "Startup Cost": 10000000000.43, "Total Cost": 10000106998.23, "Plan Rows": 298477, "Plan Width": 40, "Filter": "((p_brand <> 'Brand#11'::bpchar) AND ((p_type)::text !~~ 'MEDIUM ANODIZED%'::text) AND (p_size = ANY ('{43,27,44,50,4,45,48,37}'::integer[])))"}]}]}]}]}]}}, {"Plan": {"Node Type": "Limit", "Parallel Aware": false, "Startup Cost": 20006675314.86, "Total Cost": 20006675314.86, "Plan Rows": 1, "Plan Width": 44, "Plans": [{"Node Type": "Sort", "Parent Relationship": "Outer", "Parallel Aware": false, "Startup Cost": 20006675314.86, "Total Cost": 20006675700.0, "Plan Rows": 154059, "Plan Width": 44, "Sort Key": ["(count(DISTINCT partsupp.ps_suppkey)) DESC", "part.p_brand", "part.p_type", "part.p_size"], "Plans": [{"Node Type": "Aggregate", "Strategy": "Sorted", "Partial Mode": "Simple", "Parent Relationship": "Outer", "Parallel Aware": false, "Startup Cost": 20006665542.42, "Total Cost": 20006674544.56, "Plan Rows": 154059, "Plan Width": 44, "Group Key": ["part.p_brand", "part.p_type", "part.p_size"], "Plans": [{"Node Type": "Sort", "Parent Relationship": "Outer", "Parallel Aware": false, "Startup Cost": 20006665542.42, "Total Cost": 20006667034.73, "Plan Rows": 596924, "Plan Width": 40, "Sort Key": ["part.p_brand", "part.p_type", "part.p_size"], "Plans": [{"Node Type": "Nested Loop", "Parent Relationship": "Outer", "Parallel Aware": false, "Join Type": "Inner", "Startup Cost": 20000003466.89, "Total Cost": 20006598714.76, "Plan Rows": 596924, "Plan Width": 40, "Inner Unique": true, "Plans": [{"Node Type": "Index Scan", "Parent Relationship": "Outer", "Parallel Aware": false, "Scan Direction": "Forward", "Index Name": "idx_partsupp_partkey", "Relation Name": "partsupp", "Alias": "partsupp", "Startup Cost": 20000003466.46, "Total Cost": 20000341993.86, "Plan Rows": 3999800, "Plan Width": 8, "Filter": "(NOT (hashed SubPlan 1))", "Plans": [{"Node Type": "Seq Scan", "Parent Relationship": "SubPlan", "Subplan Name": "SubPlan 1", "Parallel Aware": false, "Relation Name": "supplier", "Alias": "supplier", "Startup Cost": 10000000000.0, "Total Cost": 10000003466.0, "Plan Rows": 10, "Plan Width": 4, "Filter": "((s_comment)::text ~~ '%Customer%Complaints%'::text)"}]}, {"Node Type": "Bitmap Heap Scan", "Parent Relationship": "Inner", "Parallel Aware": false, "Relation Name": "part", "Alias": "part", "Startup Cost": 0.44, "Total Cost": 1.56, "Plan Rows": 1, "Plan Width": 40, "Recheck Cond": "(p_partkey = partsupp.ps_partkey)", "Filter": "((p_brand <> 'Brand#11'::bpchar) AND ((p_type)::text !~~ 'MEDIUM ANODIZED%'::text) AND (p_size = ANY ('{43,27,44,50,4,45,48,37}'::integer[])))", "Plans": [{"Node Type": "Bitmap Index Scan", "Parent Relationship": "Outer", "Parallel Aware": false, "Index Name": "part_pkey", "Startup Cost": 0.0, "Total Cost": 0.44, "Plan Rows": 1, "Plan Width": 0, "Index Cond": "(p_partkey = partsupp.ps_partkey)"}]}]}]}]}]}]}}, {"Plan": {"Node Type": "Limit", "Parallel Aware": false, "Startup Cost": 409082.48, "Total Cost": 409082.49, "Plan Rows": 1, "Plan Width": 44, "Plans": [{"Node Type": "Sort", "Parent Relationship": "Outer", "Parallel Aware": false, "Startup Cost": 409082.48, "Total Cost": 409467.63, "Plan Rows": 154059, "Plan Width": 44, "Sort Key": ["(count(DISTINCT partsupp.ps_suppkey)) DESC", "part.p_brand", "part.p_type", "part.p_size"], "Plans": [{"Node Type": "Aggregate", "Strategy": "Sorted", "Partial Mode": "Simple", "Parent Relationship": "Outer", "Parallel Aware": false, "Startup Cost": 399310.05, "Total Cost": 408312.19, "Plan Rows": 154059, "Plan Width": 44, "Group Key": ["part.p_brand", "part.p_type", "part.p_size"], "Plans": [{"Node Type": "Sort", "Parent Relationship": "Outer", "Parallel Aware": false, "Startup Cost": 399310.05, "Total Cost": 400802.36, "Plan Rows": 596924, "Plan Width": 40, "Sort Key": ["part.p_brand", "part.p_type", "part.p_size"], "Plans": [{"Node Type": "Gather", "Parent Relationship": "Outer", "Parallel Aware": false, "Startup Cost": 62760.59, "Total Cost": 332482.38, "Plan Rows": 596924, "Plan Width": 40, "Workers Planned": 3, "Single Copy": false, "Plans": [{"Node Type": "Hash Join", "Parent Relationship": "Outer", "Parallel Aware": true, "Join Type": "Inner", "Startup Cost": 61760.59, "Total Cost": 271789.98, "Plan Rows": 192556, "Plan Width": 40, "Inner Unique": true, "Hash Cond": "(partsupp.ps_partkey = part.p_partkey)", "Plans": [{"Node Type": "Seq Scan", "Parent Relationship": "Outer", "Parallel Aware": true, "Relation Name": "partsupp", "Alias": "partsupp", "Startup Cost": 3466.03, "Total Cost": 210108.48, "Plan Rows": 1290258, "Plan Width": 8, "Filter": "(NOT (hashed SubPlan 1))", "Plans": [{"Node Type": "Seq Scan", "Parent Relationship": "SubPlan", "Subplan Name": "SubPlan 1", "Parallel Aware": false, "Relation Name": "supplier", "Alias": "supplier", "Startup Cost": 0.0, "Total Cost": 3466.0, "Plan Rows": 10, "Plan Width": 4, "Filter": "((s_comment)::text ~~ '%Customer%Complaints%'::text)"}]}, {"Node Type": "Hash", "Parent Relationship": "Inner", "Parallel Aware": true, "Startup Cost": 57091.03, "Total Cost": 57091.03, "Plan Rows": 96283, "Plan Width": 40, "Plans": [{"Node Type": "Seq Scan", "Parent Relationship": "Outer", "Parallel Aware": true, "Relation Name": "part", "Alias": "part", "Startup Cost": 0.0, "Total Cost": 57091.03, "Plan Rows": 96283, "Plan Width": 40, "Filter": "((p_brand <> 'Brand#11'::bpchar) AND ((p_type)::text !~~ 'MEDIUM ANODIZED%'::text) AND (p_size = ANY ('{43,27,44,50,4,45,48,37}'::integer[])))"}]}]}]}]}]}]}]}}, {"Plan": {"Node Type": "Limit", "Parallel Aware": false, "Startup Cost": 409082.48, "Total Cost": 409082.49, "Plan Rows": 1, "Plan Width": 44, "Plans": [{"Node Type": "Sort", "Parent Relationship": "Outer", "Parallel Aware": false, "Startup Cost": 409082.48, "Total Cost": 409467.63, "Plan Rows": 154059, "Plan Width": 44, "Sort Key": ["(count(DISTINCT partsupp.ps_suppkey)) DESC", "part.p_brand", "part.p_type", "part.p_size"], "Plans": [{"Node Type": "Aggregate", "Strategy": "Sorted", "Partial Mode": "Simple", "Parent Relationship": "Outer", "Parallel Aware": false, "Startup Cost": 399310.05, "Total Cost": 408312.19, "Plan Rows": 154059, "Plan Width": 44, "Group Key": ["part.p_brand", "part.p_type", "part.p_size"], "Plans": [{"Node Type": "Sort", "Parent Relationship": "Outer", "Parallel Aware": false, "Startup Cost": 399310.05, "Total Cost": 400802.36, "Plan Rows": 596924, "Plan Width": 40, "Sort Key": ["part.p_brand", "part.p_type", "part.p_size"], "Plans": [{"Node Type": "Gather", "Parent Relationship": "Outer", "Parallel Aware": false, "Startup Cost": 62760.59, "Total Cost": 332482.38, "Plan Rows": 596924, "Plan Width": 40, "Workers Planned": 3, "Single Copy": false, "Plans": [{"Node Type": "Hash Join", "Parent Relationship": "Outer", "Parallel Aware": true, "Join Type": "Inner", "Startup Cost": 61760.59, "Total Cost": 271789.98, "Plan Rows": 192556, "Plan Width": 40, "Inner Unique": true, "Hash Cond": "(partsupp.ps_partkey = part.p_partkey)", "Plans": [{"Node Type": "Seq Scan", "Parent Relationship": "Outer", "Parallel Aware": true, "Relation Name": "partsupp", "Alias": "partsupp", "Startup Cost": 3466.03, "Total Cost": 210108.48, "Plan Rows": 1290258, "Plan Width": 8, "Filter": "(NOT (hashed SubPlan 1))", "Plans": [{"Node Type": "Seq Scan", "Parent Relationship": "SubPlan", "Subplan Name": "SubPlan 1", "Parallel Aware": false, "Relation Name": "supplier", "Alias": "supplier", "Startup Cost": 0.0, "Total Cost": 3466.0, "Plan Rows": 10, "Plan Width": 4, "Filter": "((s_comment)::text ~~ '%Customer%Complaints%'::text)"}]}, {"Node Type": "Hash", "Parent Relationship": "Inner", "Parallel Aware": true, "Startup Cost": 57091.03, "Total Cost": 57091.03, "Plan Rows": 96283, "Plan Width": 40, "Plans": [{"Node Type": "Seq Scan", "Parent Relationship": "Outer", "Parallel Aware": true, "Relation Name": "part", "Alias": "part", "Startup Cost": 0.0, "Total Cost": 57091.03, "Plan Rows": 96283, "Plan Width": 40, "Filter": "((p_brand <> 'Brand#11'::bpchar) AND ((p_type)::text !~~ 'MEDIUM ANODIZED%'::text) AND (p_size = ANY ('{43,27,44,50,4,45,48,37}'::integer[])))"}]}]}]}]}]}]}]}}, {"Plan": {"Node Type": "Limit", "Parallel Aware": false, "Startup Cost": 20006675314.86, "Total Cost": 20006675314.86, "Plan Rows": 1, "Plan Width": 44, "Plans": [{"Node Type": "Sort", "Parent Relationship": "Outer", "Parallel Aware": false, "Startup Cost": 20006675314.86, "Total Cost": 20006675700.0, "Plan Rows": 154059, "Plan Width": 44, "Sort Key": ["(count(DISTINCT partsupp.ps_suppkey)) DESC", "part.p_brand", "part.p_type", "part.p_size"], "Plans": [{"Node Type": "Aggregate", "Strategy": "Sorted", "Partial Mode": "Simple", "Parent Relationship": "Outer", "Parallel Aware": false, "Startup Cost": 20006665542.42, "Total Cost": 20006674544.56, "Plan Rows": 154059, "Plan Width": 44, "Group Key": ["part.p_brand", "part.p_type", "part.p_size"], "Plans": [{"Node Type": "Sort", "Parent Relationship": "Outer", "Parallel Aware": false, "Startup Cost": 20006665542.42, "Total Cost": 20006667034.73, "Plan Rows": 596924, "Plan Width": 40, "Sort Key": ["part.p_brand", "part.p_type", "part.p_size"], "Plans": [{"Node Type": "Nested Loop", "Parent Relationship": "Outer", "Parallel Aware": false, "Join Type": "Inner", "Startup Cost": 20000003466.89, "Total Cost": 20006598714.76, "Plan Rows": 596924, "Plan Width": 40, "Inner Unique": true, "Plans": [{"Node Type": "Index Scan", "Parent Relationship": "Outer", "Parallel Aware": false, "Scan Direction": "Forward", "Index Name": "idx_partsupp_partkey", "Relation Name": "partsupp", "Alias": "partsupp", "Startup Cost": 20000003466.46, "Total Cost": 20000341993.86, "Plan Rows": 3999800, "Plan Width": 8, "Filter": "(NOT (hashed SubPlan 1))", "Plans": [{"Node Type": "Seq Scan", "Parent Relationship": "SubPlan", "Subplan Name": "SubPlan 1", "Parallel Aware": false, "Relation Name": "supplier", "Alias": "supplier", "Startup Cost": 10000000000.0, "Total Cost": 10000003466.0, "Plan Rows": 10, "Plan Width": 4, "Filter": "((s_comment)::text ~~ '%Customer%Complaints%'::text)"}]}, {"Node Type": "Bitmap Heap Scan", "Parent Relationship": "Inner", "Parallel Aware": false, "Relation Name": "part", "Alias": "part", "Startup Cost": 0.44, "Total Cost": 1.56, "Plan Rows": 1, "Plan Width": 40, "Recheck Cond": "(p_partkey = partsupp.ps_partkey)", "Filter": "((p_brand <> 'Brand#11'::bpchar) AND ((p_type)::text !~~ 'MEDIUM ANODIZED%'::text) AND (p_size = ANY ('{43,27,44,50,4,45,48,37}'::integer[])))", "Plans": [{"Node Type": "Bitmap Index Scan", "Parent Relationship": "Outer", "Parallel Aware": false, "Index Name": "part_pkey", "Startup Cost": 0.0, "Total Cost": 0.44, "Plan Rows": 1, "Plan Width": 0, "Index Cond": "(p_partkey = partsupp.ps_partkey)"}]}]}]}]}]}]}}, {"Plan": {"Node Type": "Limit", "Parallel Aware": false, "Startup Cost": 409082.48, "Total Cost": 409082.49, "Plan Rows": 1, "Plan Width": 44, "Plans": [{"Node Type": "Sort", "Parent Relationship": "Outer", "Parallel Aware": false, "Startup Cost": 409082.48, "Total Cost": 409467.63, "Plan Rows": 154059, "Plan Width": 44, "Sort Key": ["(count(DISTINCT partsupp.ps_suppkey)) DESC", "part.p_brand", "part.p_type", "part.p_size"], "Plans": [{"Node Type": "Aggregate", "Strategy": "Sorted", "Partial Mode": "Simple", "Parent Relationship": "Outer", "Parallel Aware": false, "Startup Cost": 399310.05, "Total Cost": 408312.19, "Plan Rows": 154059, "Plan Width": 44, "Group Key": ["part.p_brand", "part.p_type", "part.p_size"], "Plans": [{"Node Type": "Sort", "Parent Relationship": "Outer", "Parallel Aware": false, "Startup Cost": 399310.05, "Total Cost": 400802.36, "Plan Rows": 596924, "Plan Width": 40, "Sort Key": ["part.p_brand", "part.p_type", "part.p_size"], "Plans": [{"Node Type": "Gather", "Parent Relationship": "Outer", "Parallel Aware": false, "Startup Cost": 62760.59, "Total Cost": 332482.38, "Plan Rows": 596924, "Plan Width": 40, "Workers Planned": 3, "Single Copy": false, "Plans": [{"Node Type": "Hash Join", "Parent Relationship": "Outer", "Parallel Aware": true, "Join Type": "Inner", "Startup Cost": 61760.59, "Total Cost": 271789.98, "Plan Rows": 192556, "Plan Width": 40, "Inner Unique": true, "Hash Cond": "(partsupp.ps_partkey = part.p_partkey)", "Plans": [{"Node Type": "Seq Scan", "Parent Relationship": "Outer", "Parallel Aware": true, "Relation Name": "partsupp", "Alias": "partsupp", "Startup Cost": 3466.03, "Total Cost": 210108.48, "Plan Rows": 1290258, "Plan Width": 8, "Filter": "(NOT (hashed SubPlan 1))", "Plans": [{"Node Type": "Seq Scan", "Parent Relationship": "SubPlan", "Subplan Name": "SubPlan 1", "Parallel Aware": false, "Relation Name": "supplier", "Alias": "supplier", "Startup Cost": 0.0, "Total Cost": 3466.0, "Plan Rows": 10, "Plan Width": 4, "Filter": "((s_comment)::text ~~ '%Customer%Complaints%'::text)"}]}, {"Node Type": "Hash", "Parent Relationship": "Inner", "Parallel Aware": true, "Startup Cost": 57091.03, "Total Cost": 57091.03, "Plan Rows": 96283, "Plan Width": 40, "Plans": [{"Node Type": "Seq Scan", "Parent Relationship": "Outer", "Parallel Aware": true, "Relation Name": "part", "Alias": "part", "Startup Cost": 0.0, "Total Cost": 57091.03, "Plan Rows": 96283, "Plan Width": 40, "Filter": "((p_brand <> 'Brand#11'::bpchar) AND ((p_type)::text !~~ 'MEDIUM ANODIZED%'::text) AND (p_size = ANY ('{43,27,44,50,4,45,48,37}'::integer[])))"}]}]}]}]}]}]}]}}, {"Plan": {"Node Type": "Limit", "Parallel Aware": false, "Startup Cost": 409082.48, "Total Cost": 409082.49, "Plan Rows": 1, "Plan Width": 44, "Plans": [{"Node Type": "Sort", "Parent Relationship": "Outer", "Parallel Aware": false, "Startup Cost": 409082.48, "Total Cost": 409467.63, "Plan Rows": 154059, "Plan Width": 44, "Sort Key": ["(count(DISTINCT partsupp.ps_suppkey)) DESC", "part.p_brand", "part.p_type", "part.p_size"], "Plans": [{"Node Type": "Aggregate", "Strategy": "Sorted", "Partial Mode": "Simple", "Parent Relationship": "Outer", "Parallel Aware": false, "Startup Cost": 399310.05, "Total Cost": 408312.19, "Plan Rows": 154059, "Plan Width": 44, "Group Key": ["part.p_brand", "part.p_type", "part.p_size"], "Plans": [{"Node Type": "Sort", "Parent Relationship": "Outer", "Parallel Aware": false, "Startup Cost": 399310.05, "Total Cost": 400802.36, "Plan Rows": 596924, "Plan Width": 40, "Sort Key": ["part.p_brand", "part.p_type", "part.p_size"], "Plans": [{"Node Type": "Gather", "Parent Relationship": "Outer", "Parallel Aware": false, "Startup Cost": 62760.59, "Total Cost": 332482.38, "Plan Rows": 596924, "Plan Width": 40, "Workers Planned": 3, "Single Copy": false, "Plans": [{"Node Type": "Hash Join", "Parent Relationship": "Outer", "Parallel Aware": true, "Join Type": "Inner", "Startup Cost": 61760.59, "Total Cost": 271789.98, "Plan Rows": 192556, "Plan Width": 40, "Inner Unique": true, "Hash Cond": "(partsupp.ps_partkey = part.p_partkey)", "Plans": [{"Node Type": "Seq Scan", "Parent Relationship": "Outer", "Parallel Aware": true, "Relation Name": "partsupp", "Alias": "partsupp", "Startup Cost": 3466.03, "Total Cost": 210108.48, "Plan Rows": 1290258, "Plan Width": 8, "Filter": "(NOT (hashed SubPlan 1))", "Plans": [{"Node Type": "Seq Scan", "Parent Relationship": "SubPlan", "Subplan Name": "SubPlan 1", "Parallel Aware": false, "Relation Name": "supplier", "Alias": "supplier", "Startup Cost": 0.0, "Total Cost": 3466.0, "Plan Rows": 10, "Plan Width": 4, "Filter": "((s_comment)::text ~~ '%Customer%Complaints%'::text)"}]}, {"Node Type": "Hash", "Parent Relationship": "Inner", "Parallel Aware": true, "Startup Cost": 57091.03, "Total Cost": 57091.03, "Plan Rows": 96283, "Plan Width": 40, "Plans": [{"Node Type": "Seq Scan", "Parent Relationship": "Outer", "Parallel Aware": true, "Relation Name": "part", "Alias": "part", "Startup Cost": 0.0, "Total Cost": 57091.03, "Plan Rows": 96283, "Plan Width": 40, "Filter": "((p_brand <> 'Brand#11'::bpchar) AND ((p_type)::text !~~ 'MEDIUM ANODIZED%'::text) AND (p_size = ANY ('{43,27,44,50,4,45,48,37}'::integer[])))"}]}]}]}]}]}]}]}}, {"Plan": {"Node Type": "Limit", "Parallel Aware": false, "Startup Cost": 10000620084.6, "Total Cost": 10000620084.6, "Plan Rows": 1, "Plan Width": 44, "Plans": [{"Node Type": "Sort", "Parent Relationship": "Outer", "Parallel Aware": false, "Startup Cost": 10000620084.6, "Total Cost": 10000620469.75, "Plan Rows": 154059, "Plan Width": 44, "Sort Key": ["(count(DISTINCT partsupp.ps_suppkey)) DESC", "part.p_brand", "part.p_type", "part.p_size"], "Plans": [{"Node Type": "Aggregate", "Strategy": "Sorted", "Partial Mode": "Simple", "Parent Relationship": "Outer", "Parallel Aware": false, "Startup Cost": 10000610312.17, "Total Cost": 10000619314.31, "Plan Rows": 154059, "Plan Width": 44, "Group Key": ["part.p_brand", "part.p_type", "part.p_size"], "Plans": [{"Node Type": "Sort", "Parent Relationship": "Outer", "Parallel Aware": false, "Startup Cost": 10000610312.17, "Total Cost": 10000611804.48, "Plan Rows": 596924, "Plan Width": 40, "Sort Key": ["part.p_brand", "part.p_type", "part.p_size"], "Plans": [{"Node Type": "Hash Join", "Parent Relationship": "Outer", "Parallel Aware": false, "Join Type": "Inner", "Startup Cost": 10000407616.79, "Total Cost": 10000543484.5, "Plan Rows": 596924, "Plan Width": 40, "Inner Unique": false, "Hash Cond": "(part.p_partkey = partsupp.ps_partkey)", "Plans": [{"Node Type": "Index Scan", "Parent Relationship": "Outer", "Parallel Aware": false, "Scan Direction": "Forward", "Index Name": "part_pkey", "Relation Name": "part", "Alias": "part", "Startup Cost": 0.43, "Total Cost": 106998.23, "Plan Rows": 298477, "Plan Width": 40, "Filter": "((p_brand <> 'Brand#11'::bpchar) AND ((p_type)::text !~~ 'MEDIUM ANODIZED%'::text) AND (p_size = ANY ('{43,27,44,50,4,45,48,37}'::integer[])))"}, {"Node Type": "Hash", "Parent Relationship": "Inner", "Parallel Aware": false, "Startup Cost": 10000341993.86, "Total Cost": 10000341993.86, "Plan Rows": 3999800, "Plan Width": 8, "Plans": [{"Node Type": "Index Scan", "Parent Relationship": "Outer", "Parallel Aware": false, "Scan Direction": "Forward", "Index Name": "idx_partsupp_partkey", "Relation Name": "partsupp", "Alias": "partsupp", "Startup Cost": 10000003466.46, "Total Cost": 10000341993.86, "Plan Rows": 3999800, "Plan Width": 8, "Filter": "(NOT (hashed SubPlan 1))", "Plans": [{"Node Type": "Seq Scan", "Parent Relationship": "SubPlan", "Subplan Name": "SubPlan 1", "Parallel Aware": false, "Relation Name": "supplier", "Alias": "supplier", "Startup Cost": 10000000000.0, "Total Cost": 10000003466.0, "Plan Rows": 10, "Plan Width": 4, "Filter": "((s_comment)::text ~~ '%Customer%Complaints%'::text)"}]}]}]}]}]}]}]}}, {"Plan": {"Node Type": "Limit", "Parallel Aware": false, "Startup Cost": 10000542306.25, "Total Cost": 10000542306.25, "Plan Rows": 1, "Plan Width": 44, "Plans": [{"Node Type": "Sort", "Parent Relationship": "Outer", "Parallel Aware": false, "Startup Cost": 10000542306.25, "Total Cost": 10000542691.4, "Plan Rows": 154059, "Plan Width": 44, "Sort Key": ["(count(DISTINCT partsupp.ps_suppkey)) DESC", "part.p_brand", "part.p_type", "part.p_size"], "Plans": [{"Node Type": "Aggregate", "Strategy": "Sorted", "Partial Mode": "Simple", "Parent Relationship": "Outer", "Parallel Aware": false, "Startup Cost": 10000532533.81, "Total Cost": 10000541535.95, "Plan Rows": 154059, "Plan Width": 44, "Group Key": ["part.p_brand", "part.p_type", "part.p_size"], "Plans": [{"Node Type": "Sort", "Parent Relationship": "Outer", "Parallel Aware": false, "Startup Cost": 10000532533.81, "Total Cost": 10000534026.12, "Plan Rows": 596924, "Plan Width": 40, "Sort Key": ["part.p_brand", "part.p_type", "part.p_size"], "Plans": [{"Node Type": "Merge Join", "Parent Relationship": "Outer", "Parallel Aware": false, "Join Type": "Inner", "Startup Cost": 10000003469.93, "Total Cost": 10000465706.15, "Plan Rows": 596924, "Plan Width": 40, "Inner Unique": true, "Merge Cond": "(partsupp.ps_partkey = part.p_partkey)", "Plans": [{"Node Type": "Index Scan", "Parent Relationship": "Outer", "Parallel Aware": false, "Scan Direction": "Forward", "Index Name": "idx_partsupp_partkey", "Relation Name": "partsupp", "Alias": "partsupp", "Startup Cost": 10000003466.46, "Total Cost": 10000341993.86, "Plan Rows": 3999800, "Plan Width": 8, "Filter": "(NOT (hashed SubPlan 1))", "Plans": [{"Node Type": "Seq Scan", "Parent Relationship": "SubPlan", "Subplan Name": "SubPlan 1", "Parallel Aware": false, "Relation Name": "supplier", "Alias": "supplier", "Startup Cost": 10000000000.0, "Total Cost": 10000003466.0, "Plan Rows": 10, "Plan Width": 4, "Filter": "((s_comment)::text ~~ '%Customer%Complaints%'::text)"}]}, {"Node Type": "Index Scan", "Parent Relationship": "Inner", "Parallel Aware": false, "Scan Direction": "Forward", "Index Name": "part_pkey", "Relation Name": "part", "Alias": "part", "Startup Cost": 0.43, "Total Cost": 106998.23, "Plan Rows": 298477, "Plan Width": 40, "Filter": "((p_brand <> 'Brand#11'::bpchar) AND ((p_type)::text !~~ 'MEDIUM ANODIZED%'::text) AND (p_size = ANY ('{43,27,44,50,4,45,48,37}'::integer[])))"}]}]}]}]}]}}, {"Plan": {"Node Type": "Limit", "Parallel Aware": false, "Startup Cost": 10002309595.77, "Total Cost": 10002309595.77, "Plan Rows": 1, "Plan Width": 44, "Plans": [{"Node Type": "Sort", "Parent Relationship": "Outer", "Parallel Aware": false, "Startup Cost": 10002309595.77, "Total Cost": 10002309980.92, "Plan Rows": 154059, "Plan Width": 44, "Sort Key": ["(count(DISTINCT partsupp.ps_suppkey)) DESC", "part.p_brand", "part.p_type", "part.p_size"], "Plans": [{"Node Type": "Aggregate", "Strategy": "Sorted", "Partial Mode": "Simple", "Parent Relationship": "Outer", "Parallel Aware": false, "Startup Cost": 10002299823.34, "Total Cost": 10002308825.48, "Plan Rows": 154059, "Plan Width": 44, "Group Key": ["part.p_brand", "part.p_type", "part.p_size"], "Plans": [{"Node Type": "Sort", "Parent Relationship": "Outer", "Parallel Aware": false, "Startup Cost": 10002299823.34, "Total Cost": 10002301315.65, "Plan Rows": 596924, "Plan Width": 40, "Sort Key": ["part.p_brand", "part.p_type", "part.p_size"], "Plans": [{"Node Type": "Nested Loop", "Parent Relationship": "Outer", "Parallel Aware": false, "Join Type": "Inner", "Startup Cost": 10000003466.89, "Total Cost": 10002232995.67, "Plan Rows": 596924, "Plan Width": 40, "Inner Unique": true, "Plans": [{"Node Type": "Index Scan", "Parent Relationship": "Outer", "Parallel Aware": false, "Scan Direction": "Forward", "Index Name": "idx_partsupp_partkey", "Relation Name": "partsupp", "Alias": "partsupp", "Startup Cost": 10000003466.46, "Total Cost": 10000341993.86, "Plan Rows": 3999800, "Plan Width": 8, "Filter": "(NOT (hashed SubPlan 1))", "Plans": [{"Node Type": "Seq Scan", "Parent Relationship": "SubPlan", "Subplan Name": "SubPlan 1", "Parallel Aware": false, "Relation Name": "supplier", "Alias": "supplier", "Startup Cost": 10000000000.0, "Total Cost": 10000003466.0, "Plan Rows": 10, "Plan Width": 4, "Filter": "((s_comment)::text ~~ '%Customer%Complaints%'::text)"}]}, {"Node Type": "Index Scan", "Parent Relationship": "Inner", "Parallel Aware": false, "Scan Direction": "Forward", "Index Name": "part_pkey", "Relation Name": "part", "Alias": "part", "Startup Cost": 0.43, "Total Cost": 0.47, "Plan Rows": 1, "Plan Width": 40, "Index Cond": "(p_partkey = partsupp.ps_partkey)", "Filter": "((p_brand <> 'Brand#11'::bpchar) AND ((p_type)::text !~~ 'MEDIUM ANODIZED%'::text) AND (p_size = ANY ('{43,27,44,50,4,45,48,37}'::integer[])))"}]}]}]}]}]}}, {"Plan": {"Node Type": "Limit", "Parallel Aware": false, "Startup Cost": 409082.48, "Total Cost": 409082.49, "Plan Rows": 1, "Plan Width": 44, "Plans": [{"Node Type": "Sort", "Parent Relationship": "Outer", "Parallel Aware": false, "Startup Cost": 409082.48, "Total Cost": 409467.63, "Plan Rows": 154059, "Plan Width": 44, "Sort Key": ["(count(DISTINCT partsupp.ps_suppkey)) DESC", "part.p_brand", "part.p_type", "part.p_size"], "Plans": [{"Node Type": "Aggregate", "Strategy": "Sorted", "Partial Mode": "Simple", "Parent Relationship": "Outer", "Parallel Aware": false, "Startup Cost": 399310.05, "Total Cost": 408312.19, "Plan Rows": 154059, "Plan Width": 44, "Group Key": ["part.p_brand", "part.p_type", "part.p_size"], "Plans": [{"Node Type": "Sort", "Parent Relationship": "Outer", "Parallel Aware": false, "Startup Cost": 399310.05, "Total Cost": 400802.36, "Plan Rows": 596924, "Plan Width": 40, "Sort Key": ["part.p_brand", "part.p_type", "part.p_size"], "Plans": [{"Node Type": "Gather", "Parent Relationship": "Outer", "Parallel Aware": false, "Startup Cost": 62760.59, "Total Cost": 332482.38, "Plan Rows": 596924, "Plan Width": 40, "Workers Planned": 3, "Single Copy": false, "Plans": [{"Node Type": "Hash Join", "Parent Relationship": "Outer", "Parallel Aware": true, "Join Type": "Inner", "Startup Cost": 61760.59, "Total Cost": 271789.98, "Plan Rows": 192556, "Plan Width": 40, "Inner Unique": true, "Hash Cond": "(partsupp.ps_partkey = part.p_partkey)", "Plans": [{"Node Type": "Seq Scan", "Parent Relationship": "Outer", "Parallel Aware": true, "Relation Name": "partsupp", "Alias": "partsupp", "Startup Cost": 3466.03, "Total Cost": 210108.48, "Plan Rows": 1290258, "Plan Width": 8, "Filter": "(NOT (hashed SubPlan 1))", "Plans": [{"Node Type": "Seq Scan", "Parent Relationship": "SubPlan", "Subplan Name": "SubPlan 1", "Parallel Aware": false, "Relation Name": "supplier", "Alias": "supplier", "Startup Cost": 0.0, "Total Cost": 3466.0, "Plan Rows": 10, "Plan Width": 4, "Filter": "((s_comment)::text ~~ '%Customer%Complaints%'::text)"}]}, {"Node Type": "Hash", "Parent Relationship": "Inner", "Parallel Aware": true, "Startup Cost": 57091.03, "Total Cost": 57091.03, "Plan Rows": 96283, "Plan Width": 40, "Plans": [{"Node Type": "Seq Scan", "Parent Relationship": "Outer", "Parallel Aware": true, "Relation Name": "part", "Alias": "part", "Startup Cost": 0.0, "Total Cost": 57091.03, "Plan Rows": 96283, "Plan Width": 40, "Filter": "((p_brand <> 'Brand#11'::bpchar) AND ((p_type)::text !~~ 'MEDIUM ANODIZED%'::text) AND (p_size = ANY ('{43,27,44,50,4,45,48,37}'::integer[])))"}]}]}]}]}]}]}]}}, {"Plan": {"Node Type": "Limit", "Parallel Aware": false, "Startup Cost": 409082.48, "Total Cost": 409082.49, "Plan Rows": 1, "Plan Width": 44, "Plans": [{"Node Type": "Sort", "Parent Relationship": "Outer", "Parallel Aware": false, "Startup Cost": 409082.48, "Total Cost": 409467.63, "Plan Rows": 154059, "Plan Width": 44, "Sort Key": ["(count(DISTINCT partsupp.ps_suppkey)) DESC", "part.p_brand", "part.p_type", "part.p_size"], "Plans": [{"Node Type": "Aggregate", "Strategy": "Sorted", "Partial Mode": "Simple", "Parent Relationship": "Outer", "Parallel Aware": false, "Startup Cost": 399310.05, "Total Cost": 408312.19, "Plan Rows": 154059, "Plan Width": 44, "Group Key": ["part.p_brand", "part.p_type", "part.p_size"], "Plans": [{"Node Type": "Sort", "Parent Relationship": "Outer", "Parallel Aware": false, "Startup Cost": 399310.05, "Total Cost": 400802.36, "Plan Rows": 596924, "Plan Width": 40, "Sort Key": ["part.p_brand", "part.p_type", "part.p_size"], "Plans": [{"Node Type": "Gather", "Parent Relationship": "Outer", "Parallel Aware": false, "Startup Cost": 62760.59, "Total Cost": 332482.38, "Plan Rows": 596924, "Plan Width": 40, "Workers Planned": 3, "Single Copy": false, "Plans": [{"Node Type": "Hash Join", "Parent Relationship": "Outer", "Parallel Aware": true, "Join Type": "Inner", "Startup Cost": 61760.59, "Total Cost": 271789.98, "Plan Rows": 192556, "Plan Width": 40, "Inner Unique": true, "Hash Cond": "(partsupp.ps_partkey = part.p_partkey)", "Plans": [{"Node Type": "Seq Scan", "Parent Relationship": "Outer", "Parallel Aware": true, "Relation Name": "partsupp", "Alias": "partsupp", "Startup Cost": 3466.03, "Total Cost": 210108.48, "Plan Rows": 1290258, "Plan Width": 8, "Filter": "(NOT (hashed SubPlan 1))", "Plans": [{"Node Type": "Seq Scan", "Parent Relationship": "SubPlan", "Subplan Name": "SubPlan 1", "Parallel Aware": false, "Relation Name": "supplier", "Alias": "supplier", "Startup Cost": 0.0, "Total Cost": 3466.0, "Plan Rows": 10, "Plan Width": 4, "Filter": "((s_comment)::text ~~ '%Customer%Complaints%'::text)"}]}, {"Node Type": "Hash", "Parent Relationship": "Inner", "Parallel Aware": true, "Startup Cost": 57091.03, "Total Cost": 57091.03, "Plan Rows": 96283, "Plan Width": 40, "Plans": [{"Node Type": "Seq Scan", "Parent Relationship": "Outer", "Parallel Aware": true, "Relation Name": "part", "Alias": "part", "Startup Cost": 0.0, "Total Cost": 57091.03, "Plan Rows": 96283, "Plan Width": 40, "Filter": "((p_brand <> 'Brand#11'::bpchar) AND ((p_type)::text !~~ 'MEDIUM ANODIZED%'::text) AND (p_size = ANY ('{43,27,44,50,4,45,48,37}'::integer[])))"}]}]}]}]}]}]}]}}, {"Plan": {"Node Type": "Limit", "Parallel Aware": false, "Startup Cost": 10002309595.77, "Total Cost": 10002309595.77, "Plan Rows": 1, "Plan Width": 44, "Plans": [{"Node Type": "Sort", "Parent Relationship": "Outer", "Parallel Aware": false, "Startup Cost": 10002309595.77, "Total Cost": 10002309980.92, "Plan Rows": 154059, "Plan Width": 44, "Sort Key": ["(count(DISTINCT partsupp.ps_suppkey)) DESC", "part.p_brand", "part.p_type", "part.p_size"], "Plans": [{"Node Type": "Aggregate", "Strategy": "Sorted", "Partial Mode": "Simple", "Parent Relationship": "Outer", "Parallel Aware": false, "Startup Cost": 10002299823.34, "Total Cost": 10002308825.48, "Plan Rows": 154059, "Plan Width": 44, "Group Key": ["part.p_brand", "part.p_type", "part.p_size"], "Plans": [{"Node Type": "Sort", "Parent Relationship": "Outer", "Parallel Aware": false, "Startup Cost": 10002299823.34, "Total Cost": 10002301315.65, "Plan Rows": 596924, "Plan Width": 40, "Sort Key": ["part.p_brand", "part.p_type", "part.p_size"], "Plans": [{"Node Type": "Nested Loop", "Parent Relationship": "Outer", "Parallel Aware": false, "Join Type": "Inner", "Startup Cost": 10000003466.89, "Total Cost": 10002232995.67, "Plan Rows": 596924, "Plan Width": 40, "Inner Unique": true, "Plans": [{"Node Type": "Index Scan", "Parent Relationship": "Outer", "Parallel Aware": false, "Scan Direction": "Forward", "Index Name": "idx_partsupp_partkey", "Relation Name": "partsupp", "Alias": "partsupp", "Startup Cost": 10000003466.46, "Total Cost": 10000341993.86, "Plan Rows": 3999800, "Plan Width": 8, "Filter": "(NOT (hashed SubPlan 1))", "Plans": [{"Node Type": "Seq Scan", "Parent Relationship": "SubPlan", "Subplan Name": "SubPlan 1", "Parallel Aware": false, "Relation Name": "supplier", "Alias": "supplier", "Startup Cost": 10000000000.0, "Total Cost": 10000003466.0, "Plan Rows": 10, "Plan Width": 4, "Filter": "((s_comment)::text ~~ '%Customer%Complaints%'::text)"}]}, {"Node Type": "Index Scan", "Parent Relationship": "Inner", "Parallel Aware": false, "Scan Direction": "Forward", "Index Name": "part_pkey", "Relation Name": "part", "Alias": "part", "Startup Cost": 0.43, "Total Cost": 0.47, "Plan Rows": 1, "Plan Width": 40, "Index Cond": "(p_partkey = partsupp.ps_partkey)", "Filter": "((p_brand <> 'Brand#11'::bpchar) AND ((p_type)::text !~~ 'MEDIUM ANODIZED%'::text) AND (p_size = ANY ('{43,27,44,50,4,45,48,37}'::integer[])))"}]}]}]}]}]}}, {"Plan": {"Node Type": "Limit", "Parallel Aware": false, "Startup Cost": 409082.48, "Total Cost": 409082.49, "Plan Rows": 1, "Plan Width": 44, "Plans": [{"Node Type": "Sort", "Parent Relationship": "Outer", "Parallel Aware": false, "Startup Cost": 409082.48, "Total Cost": 409467.63, "Plan Rows": 154059, "Plan Width": 44, "Sort Key": ["(count(DISTINCT partsupp.ps_suppkey)) DESC", "part.p_brand", "part.p_type", "part.p_size"], "Plans": [{"Node Type": "Aggregate", "Strategy": "Sorted", "Partial Mode": "Simple", "Parent Relationship": "Outer", "Parallel Aware": false, "Startup Cost": 399310.05, "Total Cost": 408312.19, "Plan Rows": 154059, "Plan Width": 44, "Group Key": ["part.p_brand", "part.p_type", "part.p_size"], "Plans": [{"Node Type": "Sort", "Parent Relationship": "Outer", "Parallel Aware": false, "Startup Cost": 399310.05, "Total Cost": 400802.36, "Plan Rows": 596924, "Plan Width": 40, "Sort Key": ["part.p_brand", "part.p_type", "part.p_size"], "Plans": [{"Node Type": "Gather", "Parent Relationship": "Outer", "Parallel Aware": false, "Startup Cost": 62760.59, "Total Cost": 332482.38, "Plan Rows": 596924, "Plan Width": 40, "Workers Planned": 3, "Single Copy": false, "Plans": [{"Node Type": "Hash Join", "Parent Relationship": "Outer", "Parallel Aware": true, "Join Type": "Inner", "Startup Cost": 61760.59, "Total Cost": 271789.98, "Plan Rows": 192556, "Plan Width": 40, "Inner Unique": true, "Hash Cond": "(partsupp.ps_partkey = part.p_partkey)", "Plans": [{"Node Type": "Seq Scan", "Parent Relationship": "Outer", "Parallel Aware": true, "Relation Name": "partsupp", "Alias": "partsupp", "Startup Cost": 3466.03, "Total Cost": 210108.48, "Plan Rows": 1290258, "Plan Width": 8, "Filter": "(NOT (hashed SubPlan 1))", "Plans": [{"Node Type": "Seq Scan", "Parent Relationship": "SubPlan", "Subplan Name": "SubPlan 1", "Parallel Aware": false, "Relation Name": "supplier", "Alias": "supplier", "Startup Cost": 0.0, "Total Cost": 3466.0, "Plan Rows": 10, "Plan Width": 4, "Filter": "((s_comment)::text ~~ '%Customer%Complaints%'::text)"}]}, {"Node Type": "Hash", "Parent Relationship": "Inner", "Parallel Aware": true, "Startup Cost": 57091.03, "Total Cost": 57091.03, "Plan Rows": 96283, "Plan Width": 40, "Plans": [{"Node Type": "Seq Scan", "Parent Relationship": "Outer", "Parallel Aware": true, "Relation Name": "part", "Alias": "part", "Startup Cost": 0.0, "Total Cost": 57091.03, "Plan Rows": 96283, "Plan Width": 40, "Filter": "((p_brand <> 'Brand#11'::bpchar) AND ((p_type)::text !~~ 'MEDIUM ANODIZED%'::text) AND (p_size = ANY ('{43,27,44,50,4,45,48,37}'::integer[])))"}]}]}]}]}]}]}]}}, {"Plan": {"Node Type": "Limit", "Parallel Aware": false, "Startup Cost": 409082.48, "Total Cost": 409082.49, "Plan Rows": 1, "Plan Width": 44, "Plans": [{"Node Type": "Sort", "Parent Relationship": "Outer", "Parallel Aware": false, "Startup Cost": 409082.48, "Total Cost": 409467.63, "Plan Rows": 154059, "Plan Width": 44, "Sort Key": ["(count(DISTINCT partsupp.ps_suppkey)) DESC", "part.p_brand", "part.p_type", "part.p_size"], "Plans": [{"Node Type": "Aggregate", "Strategy": "Sorted", "Partial Mode": "Simple", "Parent Relationship": "Outer", "Parallel Aware": false, "Startup Cost": 399310.05, "Total Cost": 408312.19, "Plan Rows": 154059, "Plan Width": 44, "Group Key": ["part.p_brand", "part.p_type", "part.p_size"], "Plans": [{"Node Type": "Sort", "Parent Relationship": "Outer", "Parallel Aware": false, "Startup Cost": 399310.05, "Total Cost": 400802.36, "Plan Rows": 596924, "Plan Width": 40, "Sort Key": ["part.p_brand", "part.p_type", "part.p_size"], "Plans": [{"Node Type": "Gather", "Parent Relationship": "Outer", "Parallel Aware": false, "Startup Cost": 62760.59, "Total Cost": 332482.38, "Plan Rows": 596924, "Plan Width": 40, "Workers Planned": 3, "Single Copy": false, "Plans": [{"Node Type": "Hash Join", "Parent Relationship": "Outer", "Parallel Aware": true, "Join Type": "Inner", "Startup Cost": 61760.59, "Total Cost": 271789.98, "Plan Rows": 192556, "Plan Width": 40, "Inner Unique": true, "Hash Cond": "(partsupp.ps_partkey = part.p_partkey)", "Plans": [{"Node Type": "Seq Scan", "Parent Relationship": "Outer", "Parallel Aware": true, "Relation Name": "partsupp", "Alias": "partsupp", "Startup Cost": 3466.03, "Total Cost": 210108.48, "Plan Rows": 1290258, "Plan Width": 8, "Filter": "(NOT (hashed SubPlan 1))", "Plans": [{"Node Type": "Seq Scan", "Parent Relationship": "SubPlan", "Subplan Name": "SubPlan 1", "Parallel Aware": false, "Relation Name": "supplier", "Alias": "supplier", "Startup Cost": 0.0, "Total Cost": 3466.0, "Plan Rows": 10, "Plan Width": 4, "Filter": "((s_comment)::text ~~ '%Customer%Complaints%'::text)"}]}, {"Node Type": "Hash", "Parent Relationship": "Inner", "Parallel Aware": true, "Startup Cost": 57091.03, "Total Cost": 57091.03, "Plan Rows": 96283, "Plan Width": 40, "Plans": [{"Node Type": "Seq Scan", "Parent Relationship": "Outer", "Parallel Aware": true, "Relation Name": "part", "Alias": "part", "Startup Cost": 0.0, "Total Cost": 57091.03, "Plan Rows": 96283, "Plan Width": 40, "Filter": "((p_brand <> 'Brand#11'::bpchar) AND ((p_type)::text !~~ 'MEDIUM ANODIZED%'::text) AND (p_size = ANY ('{43,27,44,50,4,45,48,37}'::integer[])))"}]}]}]}]}]}]}]}}, {"Plan": {"Node Type": "Limit", "Parallel Aware": false, "Startup Cost": 409082.48, "Total Cost": 409082.49, "Plan Rows": 1, "Plan Width": 44, "Plans": [{"Node Type": "Sort", "Parent Relationship": "Outer", "Parallel Aware": false, "Startup Cost": 409082.48, "Total Cost": 409467.63, "Plan Rows": 154059, "Plan Width": 44, "Sort Key": ["(count(DISTINCT partsupp.ps_suppkey)) DESC", "part.p_brand", "part.p_type", "part.p_size"], "Plans": [{"Node Type": "Aggregate", "Strategy": "Sorted", "Partial Mode": "Simple", "Parent Relationship": "Outer", "Parallel Aware": false, "Startup Cost": 399310.05, "Total Cost": 408312.19, "Plan Rows": 154059, "Plan Width": 44, "Group Key": ["part.p_brand", "part.p_type", "part.p_size"], "Plans": [{"Node Type": "Sort", "Parent Relationship": "Outer", "Parallel Aware": false, "Startup Cost": 399310.05, "Total Cost": 400802.36, "Plan Rows": 596924, "Plan Width": 40, "Sort Key": ["part.p_brand", "part.p_type", "part.p_size"], "Plans": [{"Node Type": "Gather", "Parent Relationship": "Outer", "Parallel Aware": false, "Startup Cost": 62760.59, "Total Cost": 332482.38, "Plan Rows": 596924, "Plan Width": 40, "Workers Planned": 3, "Single Copy": false, "Plans": [{"Node Type": "Hash Join", "Parent Relationship": "Outer", "Parallel Aware": true, "Join Type": "Inner", "Startup Cost": 61760.59, "Total Cost": 271789.98, "Plan Rows": 192556, "Plan Width": 40, "Inner Unique": true, "Hash Cond": "(partsupp.ps_partkey = part.p_partkey)", "Plans": [{"Node Type": "Seq Scan", "Parent Relationship": "Outer", "Parallel Aware": true, "Relation Name": "partsupp", "Alias": "partsupp", "Startup Cost": 3466.03, "Total Cost": 210108.48, "Plan Rows": 1290258, "Plan Width": 8, "Filter": "(NOT (hashed SubPlan 1))", "Plans": [{"Node Type": "Seq Scan", "Parent Relationship": "SubPlan", "Subplan Name": "SubPlan 1", "Parallel Aware": false, "Relation Name": "supplier", "Alias": "supplier", "Startup Cost": 0.0, "Total Cost": 3466.0, "Plan Rows": 10, "Plan Width": 4, "Filter": "((s_comment)::text ~~ '%Customer%Complaints%'::text)"}]}, {"Node Type": "Hash", "Parent Relationship": "Inner", "Parallel Aware": true, "Startup Cost": 57091.03, "Total Cost": 57091.03, "Plan Rows": 96283, "Plan Width": 40, "Plans": [{"Node Type": "Seq Scan", "Parent Relationship": "Outer", "Parallel Aware": true, "Relation Name": "part", "Alias": "part", "Startup Cost": 0.0, "Total Cost": 57091.03, "Plan Rows": 96283, "Plan Width": 40, "Filter": "((p_brand <> 'Brand#11'::bpchar) AND ((p_type)::text !~~ 'MEDIUM ANODIZED%'::text) AND (p_size = ANY ('{43,27,44,50,4,45,48,37}'::integer[])))"}]}]}]}]}]}]}]}}, {"Plan": {"Node Type": "Limit", "Parallel Aware": false, "Startup Cost": 409082.48, "Total Cost": 409082.49, "Plan Rows": 1, "Plan Width": 44, "Plans": [{"Node Type": "Sort", "Parent Relationship": "Outer", "Parallel Aware": false, "Startup Cost": 409082.48, "Total Cost": 409467.63, "Plan Rows": 154059, "Plan Width": 44, "Sort Key": ["(count(DISTINCT partsupp.ps_suppkey)) DESC", "part.p_brand", "part.p_type", "part.p_size"], "Plans": [{"Node Type": "Aggregate", "Strategy": "Sorted", "Partial Mode": "Simple", "Parent Relationship": "Outer", "Parallel Aware": false, "Startup Cost": 399310.05, "Total Cost": 408312.19, "Plan Rows": 154059, "Plan Width": 44, "Group Key": ["part.p_brand", "part.p_type", "part.p_size"], "Plans": [{"Node Type": "Sort", "Parent Relationship": "Outer", "Parallel Aware": false, "Startup Cost": 399310.05, "Total Cost": 400802.36, "Plan Rows": 596924, "Plan Width": 40, "Sort Key": ["part.p_brand", "part.p_type", "part.p_size"], "Plans": [{"Node Type": "Gather", "Parent Relationship": "Outer", "Parallel Aware": false, "Startup Cost": 62760.59, "Total Cost": 332482.38, "Plan Rows": 596924, "Plan Width": 40, "Workers Planned": 3, "Single Copy": false, "Plans": [{"Node Type": "Hash Join", "Parent Relationship": "Outer", "Parallel Aware": true, "Join Type": "Inner", "Startup Cost": 61760.59, "Total Cost": 271789.98, "Plan Rows": 192556, "Plan Width": 40, "Inner Unique": true, "Hash Cond": "(partsupp.ps_partkey = part.p_partkey)", "Plans": [{"Node Type": "Seq Scan", "Parent Relationship": "Outer", "Parallel Aware": true, "Relation Name": "partsupp", "Alias": "partsupp", "Startup Cost": 3466.03, "Total Cost": 210108.48, "Plan Rows": 1290258, "Plan Width": 8, "Filter": "(NOT (hashed SubPlan 1))", "Plans": [{"Node Type": "Seq Scan", "Parent Relationship": "SubPlan", "Subplan Name": "SubPlan 1", "Parallel Aware": false, "Relation Name": "supplier", "Alias": "supplier", "Startup Cost": 0.0, "Total Cost": 3466.0, "Plan Rows": 10, "Plan Width": 4, "Filter": "((s_comment)::text ~~ '%Customer%Complaints%'::text)"}]}, {"Node Type": "Hash", "Parent Relationship": "Inner", "Parallel Aware": true, "Startup Cost": 57091.03, "Total Cost": 57091.03, "Plan Rows": 96283, "Plan Width": 40, "Plans": [{"Node Type": "Seq Scan", "Parent Relationship": "Outer", "Parallel Aware": true, "Relation Name": "part", "Alias": "part", "Startup Cost": 0.0, "Total Cost": 57091.03, "Plan Rows": 96283, "Plan Width": 40, "Filter": "((p_brand <> 'Brand#11'::bpchar) AND ((p_type)::text !~~ 'MEDIUM ANODIZED%'::text) AND (p_size = ANY ('{43,27,44,50,4,45,48,37}'::integer[])))"}]}]}]}]}]}]}]}}, {"Plan": {"Node Type": "Limit", "Parallel Aware": false, "Startup Cost": 409082.48, "Total Cost": 409082.49, "Plan Rows": 1, "Plan Width": 44, "Plans": [{"Node Type": "Sort", "Parent Relationship": "Outer", "Parallel Aware": false, "Startup Cost": 409082.48, "Total Cost": 409467.63, "Plan Rows": 154059, "Plan Width": 44, "Sort Key": ["(count(DISTINCT partsupp.ps_suppkey)) DESC", "part.p_brand", "part.p_type", "part.p_size"], "Plans": [{"Node Type": "Aggregate", "Strategy": "Sorted", "Partial Mode": "Simple", "Parent Relationship": "Outer", "Parallel Aware": false, "Startup Cost": 399310.05, "Total Cost": 408312.19, "Plan Rows": 154059, "Plan Width": 44, "Group Key": ["part.p_brand", "part.p_type", "part.p_size"], "Plans": [{"Node Type": "Sort", "Parent Relationship": "Outer", "Parallel Aware": false, "Startup Cost": 399310.05, "Total Cost": 400802.36, "Plan Rows": 596924, "Plan Width": 40, "Sort Key": ["part.p_brand", "part.p_type", "part.p_size"], "Plans": [{"Node Type": "Gather", "Parent Relationship": "Outer", "Parallel Aware": false, "Startup Cost": 62760.59, "Total Cost": 332482.38, "Plan Rows": 596924, "Plan Width": 40, "Workers Planned": 3, "Single Copy": false, "Plans": [{"Node Type": "Hash Join", "Parent Relationship": "Outer", "Parallel Aware": true, "Join Type": "Inner", "Startup Cost": 61760.59, "Total Cost": 271789.98, "Plan Rows": 192556, "Plan Width": 40, "Inner Unique": true, "Hash Cond": "(partsupp.ps_partkey = part.p_partkey)", "Plans": [{"Node Type": "Seq Scan", "Parent Relationship": "Outer", "Parallel Aware": true, "Relation Name": "partsupp", "Alias": "partsupp", "Startup Cost": 3466.03, "Total Cost": 210108.48, "Plan Rows": 1290258, "Plan Width": 8, "Filter": "(NOT (hashed SubPlan 1))", "Plans": [{"Node Type": "Seq Scan", "Parent Relationship": "SubPlan", "Subplan Name": "SubPlan 1", "Parallel Aware": false, "Relation Name": "supplier", "Alias": "supplier", "Startup Cost": 0.0, "Total Cost": 3466.0, "Plan Rows": 10, "Plan Width": 4, "Filter": "((s_comment)::text ~~ '%Customer%Complaints%'::text)"}]}, {"Node Type": "Hash", "Parent Relationship": "Inner", "Parallel Aware": true, "Startup Cost": 57091.03, "Total Cost": 57091.03, "Plan Rows": 96283, "Plan Width": 40, "Plans": [{"Node Type": "Seq Scan", "Parent Relationship": "Outer", "Parallel Aware": true, "Relation Name": "part", "Alias": "part", "Startup Cost": 0.0, "Total Cost": 57091.03, "Plan Rows": 96283, "Plan Width": 40, "Filter": "((p_brand <> 'Brand#11'::bpchar) AND ((p_type)::text !~~ 'MEDIUM ANODIZED%'::text) AND (p_size = ANY ('{43,27,44,50,4,45,48,37}'::integer[])))"}]}]}]}]}]}]}]}}, {"Plan": {"Node Type": "Limit", "Parallel Aware": false, "Startup Cost": 409082.48, "Total Cost": 409082.49, "Plan Rows": 1, "Plan Width": 44, "Plans": [{"Node Type": "Sort", "Parent Relationship": "Outer", "Parallel Aware": false, "Startup Cost": 409082.48, "Total Cost": 409467.63, "Plan Rows": 154059, "Plan Width": 44, "Sort Key": ["(count(DISTINCT partsupp.ps_suppkey)) DESC", "part.p_brand", "part.p_type", "part.p_size"], "Plans": [{"Node Type": "Aggregate", "Strategy": "Sorted", "Partial Mode": "Simple", "Parent Relationship": "Outer", "Parallel Aware": false, "Startup Cost": 399310.05, "Total Cost": 408312.19, "Plan Rows": 154059, "Plan Width": 44, "Group Key": ["part.p_brand", "part.p_type", "part.p_size"], "Plans": [{"Node Type": "Sort", "Parent Relationship": "Outer", "Parallel Aware": false, "Startup Cost": 399310.05, "Total Cost": 400802.36, "Plan Rows": 596924, "Plan Width": 40, "Sort Key": ["part.p_brand", "part.p_type", "part.p_size"], "Plans": [{"Node Type": "Gather", "Parent Relationship": "Outer", "Parallel Aware": false, "Startup Cost": 62760.59, "Total Cost": 332482.38, "Plan Rows": 596924, "Plan Width": 40, "Workers Planned": 3, "Single Copy": false, "Plans": [{"Node Type": "Hash Join", "Parent Relationship": "Outer", "Parallel Aware": true, "Join Type": "Inner", "Startup Cost": 61760.59, "Total Cost": 271789.98, "Plan Rows": 192556, "Plan Width": 40, "Inner Unique": true, "Hash Cond": "(partsupp.ps_partkey = part.p_partkey)", "Plans": [{"Node Type": "Seq Scan", "Parent Relationship": "Outer", "Parallel Aware": true, "Relation Name": "partsupp", "Alias": "partsupp", "Startup Cost": 3466.03, "Total Cost": 210108.48, "Plan Rows": 1290258, "Plan Width": 8, "Filter": "(NOT (hashed SubPlan 1))", "Plans": [{"Node Type": "Seq Scan", "Parent Relationship": "SubPlan", "Subplan Name": "SubPlan 1", "Parallel Aware": false, "Relation Name": "supplier", "Alias": "supplier", "Startup Cost": 0.0, "Total Cost": 3466.0, "Plan Rows": 10, "Plan Width": 4, "Filter": "((s_comment)::text ~~ '%Customer%Complaints%'::text)"}]}, {"Node Type": "Hash", "Parent Relationship": "Inner", "Parallel Aware": true, "Startup Cost": 57091.03, "Total Cost": 57091.03, "Plan Rows": 96283, "Plan Width": 40, "Plans": [{"Node Type": "Seq Scan", "Parent Relationship": "Outer", "Parallel Aware": true, "Relation Name": "part", "Alias": "part", "Startup Cost": 0.0, "Total Cost": 57091.03, "Plan Rows": 96283, "Plan Width": 40, "Filter": "((p_brand <> 'Brand#11'::bpchar) AND ((p_type)::text !~~ 'MEDIUM ANODIZED%'::text) AND (p_size = ANY ('{43,27,44,50,4,45,48,37}'::integer[])))"}]}]}]}]}]}]}]}}, {"Plan": {"Node Type": "Limit", "Parallel Aware": false, "Startup Cost": 10000542306.25, "Total Cost": 10000542306.25, "Plan Rows": 1, "Plan Width": 44, "Plans": [{"Node Type": "Sort", "Parent Relationship": "Outer", "Parallel Aware": false, "Startup Cost": 10000542306.25, "Total Cost": 10000542691.4, "Plan Rows": 154059, "Plan Width": 44, "Sort Key": ["(count(DISTINCT partsupp.ps_suppkey)) DESC", "part.p_brand", "part.p_type", "part.p_size"], "Plans": [{"Node Type": "Aggregate", "Strategy": "Sorted", "Partial Mode": "Simple", "Parent Relationship": "Outer", "Parallel Aware": false, "Startup Cost": 10000532533.81, "Total Cost": 10000541535.95, "Plan Rows": 154059, "Plan Width": 44, "Group Key": ["part.p_brand", "part.p_type", "part.p_size"], "Plans": [{"Node Type": "Sort", "Parent Relationship": "Outer", "Parallel Aware": false, "Startup Cost": 10000532533.81, "Total Cost": 10000534026.12, "Plan Rows": 596924, "Plan Width": 40, "Sort Key": ["part.p_brand", "part.p_type", "part.p_size"], "Plans": [{"Node Type": "Merge Join", "Parent Relationship": "Outer", "Parallel Aware": false, "Join Type": "Inner", "Startup Cost": 10000003469.93, "Total Cost": 10000465706.15, "Plan Rows": 596924, "Plan Width": 40, "Inner Unique": true, "Merge Cond": "(partsupp.ps_partkey = part.p_partkey)", "Plans": [{"Node Type": "Index Scan", "Parent Relationship": "Outer", "Parallel Aware": false, "Scan Direction": "Forward", "Index Name": "idx_partsupp_partkey", "Relation Name": "partsupp", "Alias": "partsupp", "Startup Cost": 10000003466.46, "Total Cost": 10000341993.86, "Plan Rows": 3999800, "Plan Width": 8, "Filter": "(NOT (hashed SubPlan 1))", "Plans": [{"Node Type": "Seq Scan", "Parent Relationship": "SubPlan", "Subplan Name": "SubPlan 1", "Parallel Aware": false, "Relation Name": "supplier", "Alias": "supplier", "Startup Cost": 10000000000.0, "Total Cost": 10000003466.0, "Plan Rows": 10, "Plan Width": 4, "Filter": "((s_comment)::text ~~ '%Customer%Complaints%'::text)"}]}, {"Node Type": "Index Scan", "Parent Relationship": "Inner", "Parallel Aware": false, "Scan Direction": "Forward", "Index Name": "part_pkey", "Relation Name": "part", "Alias": "part", "Startup Cost": 0.43, "Total Cost": 106998.23, "Plan Rows": 298477, "Plan Width": 40, "Filter": "((p_brand <> 'Brand#11'::bpchar) AND ((p_type)::text !~~ 'MEDIUM ANODIZED%'::text) AND (p_size = ANY ('{43,27,44,50,4,45,48,37}'::integer[])))"}]}]}]}]}]}}, {"Plan": {"Node Type": "Limit", "Parallel Aware": false, "Startup Cost": 10002309595.77, "Total Cost": 10002309595.77, "Plan Rows": 1, "Plan Width": 44, "Plans": [{"Node Type": "Sort", "Parent Relationship": "Outer", "Parallel Aware": false, "Startup Cost": 10002309595.77, "Total Cost": 10002309980.92, "Plan Rows": 154059, "Plan Width": 44, "Sort Key": ["(count(DISTINCT partsupp.ps_suppkey)) DESC", "part.p_brand", "part.p_type", "part.p_size"], "Plans": [{"Node Type": "Aggregate", "Strategy": "Sorted", "Partial Mode": "Simple", "Parent Relationship": "Outer", "Parallel Aware": false, "Startup Cost": 10002299823.34, "Total Cost": 10002308825.48, "Plan Rows": 154059, "Plan Width": 44, "Group Key": ["part.p_brand", "part.p_type", "part.p_size"], "Plans": [{"Node Type": "Sort", "Parent Relationship": "Outer", "Parallel Aware": false, "Startup Cost": 10002299823.34, "Total Cost": 10002301315.65, "Plan Rows": 596924, "Plan Width": 40, "Sort Key": ["part.p_brand", "part.p_type", "part.p_size"], "Plans": [{"Node Type": "Nested Loop", "Parent Relationship": "Outer", "Parallel Aware": false, "Join Type": "Inner", "Startup Cost": 10000003466.89, "Total Cost": 10002232995.67, "Plan Rows": 596924, "Plan Width": 40, "Inner Unique": true, "Plans": [{"Node Type": "Index Scan", "Parent Relationship": "Outer", "Parallel Aware": false, "Scan Direction": "Forward", "Index Name": "idx_partsupp_partkey", "Relation Name": "partsupp", "Alias": "partsupp", "Startup Cost": 10000003466.46, "Total Cost": 10000341993.86, "Plan Rows": 3999800, "Plan Width": 8, "Filter": "(NOT (hashed SubPlan 1))", "Plans": [{"Node Type": "Seq Scan", "Parent Relationship": "SubPlan", "Subplan Name": "SubPlan 1", "Parallel Aware": false, "Relation Name": "supplier", "Alias": "supplier", "Startup Cost": 10000000000.0, "Total Cost": 10000003466.0, "Plan Rows": 10, "Plan Width": 4, "Filter": "((s_comment)::text ~~ '%Customer%Complaints%'::text)"}]}, {"Node Type": "Index Scan", "Parent Relationship": "Inner", "Parallel Aware": false, "Scan Direction": "Forward", "Index Name": "part_pkey", "Relation Name": "part", "Alias": "part", "Startup Cost": 0.43, "Total Cost": 0.47, "Plan Rows": 1, "Plan Width": 40, "Index Cond": "(p_partkey = partsupp.ps_partkey)", "Filter": "((p_brand <> 'Brand#11'::bpchar) AND ((p_type)::text !~~ 'MEDIUM ANODIZED%'::text) AND (p_size = ANY ('{43,27,44,50,4,45,48,37}'::integer[])))"}]}]}]}]}]}}, {"Plan": {"Node Type": "Limit", "Parallel Aware": false, "Startup Cost": 524442.8, "Total Cost": 524442.8, "Plan Rows": 1, "Plan Width": 44, "Plans": [{"Node Type": "Sort", "Parent Relationship": "Outer", "Parallel Aware": false, "Startup Cost": 524442.8, "Total Cost": 524827.95, "Plan Rows": 154059, "Plan Width": 44, "Sort Key": ["(count(DISTINCT partsupp.ps_suppkey)) DESC", "part.p_brand", "part.p_type", "part.p_size"], "Plans": [{"Node Type": "Aggregate", "Strategy": "Sorted", "Partial Mode": "Simple", "Parent Relationship": "Outer", "Parallel Aware": false, "Startup Cost": 514670.37, "Total Cost": 523672.51, "Plan Rows": 154059, "Plan Width": 44, "Group Key": ["part.p_brand", "part.p_type", "part.p_size"], "Plans": [{"Node Type": "Sort", "Parent Relationship": "Outer", "Parallel Aware": false, "Startup Cost": 514670.37, "Total Cost": 516162.68, "Plan Rows": 596924, "Plan Width": 40, "Sort Key": ["part.p_brand", "part.p_type", "part.p_size"], "Plans": [{"Node Type": "Gather", "Parent Relationship": "Outer", "Parallel Aware": false, "Startup Cost": 4469.22, "Total Cost": 447842.7, "Plan Rows": 596924, "Plan Width": 40, "Workers Planned": 3, "Single Copy": false, "Plans": [{"Node Type": "Merge Join", "Parent Relationship": "Outer", "Parallel Aware": false, "Join Type": "Inner", "Startup Cost": 3469.22, "Total Cost": 387150.3, "Plan Rows": 192556, "Plan Width": 40, "Inner Unique": true, "Merge Cond": "(partsupp.ps_partkey = part.p_partkey)", "Plans": [{"Node Type": "Index Scan", "Parent Relationship": "Outer", "Parallel Aware": true, "Scan Direction": "Forward", "Index Name": "idx_partsupp_partkey", "Relation Name": "partsupp", "Alias": "partsupp", "Startup Cost": 3466.46, "Total Cost": 274255.31, "Plan Rows": 1290258, "Plan Width": 8, "Filter": "(NOT (hashed SubPlan 1))", "Plans": [{"Node Type": "Seq Scan", "Parent Relationship": "SubPlan", "Subplan Name": "SubPlan 1", "Parallel Aware": false, "Relation Name": "supplier", "Alias": "supplier", "Startup Cost": 0.0, "Total Cost": 3466.0, "Plan Rows": 10, "Plan Width": 4, "Filter": "((s_comment)::text ~~ '%Customer%Complaints%'::text)"}]}, {"Node Type": "Index Scan", "Parent Relationship": "Inner", "Parallel Aware": false, "Scan Direction": "Forward", "Index Name": "part_pkey", "Relation Name": "part", "Alias": "part", "Startup Cost": 0.43, "Total Cost": 106998.23, "Plan Rows": 298477, "Plan Width": 40, "Filter": "((p_brand <> 'Brand#11'::bpchar) AND ((p_type)::text !~~ 'MEDIUM ANODIZED%'::text) AND (p_size = ANY ('{43,27,44,50,4,45,48,37}'::integer[])))"}]}]}]}]}]}]}}, {"Plan": {"Node Type": "Limit", "Parallel Aware": false, "Startup Cost": 524442.8, "Total Cost": 524442.8, "Plan Rows": 1, "Plan Width": 44, "Plans": [{"Node Type": "Sort", "Parent Relationship": "Outer", "Parallel Aware": false, "Startup Cost": 524442.8, "Total Cost": 524827.95, "Plan Rows": 154059, "Plan Width": 44, "Sort Key": ["(count(DISTINCT partsupp.ps_suppkey)) DESC", "part.p_brand", "part.p_type", "part.p_size"], "Plans": [{"Node Type": "Aggregate", "Strategy": "Sorted", "Partial Mode": "Simple", "Parent Relationship": "Outer", "Parallel Aware": false, "Startup Cost": 514670.37, "Total Cost": 523672.51, "Plan Rows": 154059, "Plan Width": 44, "Group Key": ["part.p_brand", "part.p_type", "part.p_size"], "Plans": [{"Node Type": "Sort", "Parent Relationship": "Outer", "Parallel Aware": false, "Startup Cost": 514670.37, "Total Cost": 516162.68, "Plan Rows": 596924, "Plan Width": 40, "Sort Key": ["part.p_brand", "part.p_type", "part.p_size"], "Plans": [{"Node Type": "Gather", "Parent Relationship": "Outer", "Parallel Aware": false, "Startup Cost": 4469.22, "Total Cost": 447842.7, "Plan Rows": 596924, "Plan Width": 40, "Workers Planned": 3, "Single Copy": false, "Plans": [{"Node Type": "Merge Join", "Parent Relationship": "Outer", "Parallel Aware": false, "Join Type": "Inner", "Startup Cost": 3469.22, "Total Cost": 387150.3, "Plan Rows": 192556, "Plan Width": 40, "Inner Unique": true, "Merge Cond": "(partsupp.ps_partkey = part.p_partkey)", "Plans": [{"Node Type": "Index Scan", "Parent Relationship": "Outer", "Parallel Aware": true, "Scan Direction": "Forward", "Index Name": "idx_partsupp_partkey", "Relation Name": "partsupp", "Alias": "partsupp", "Startup Cost": 3466.46, "Total Cost": 274255.31, "Plan Rows": 1290258, "Plan Width": 8, "Filter": "(NOT (hashed SubPlan 1))", "Plans": [{"Node Type": "Seq Scan", "Parent Relationship": "SubPlan", "Subplan Name": "SubPlan 1", "Parallel Aware": false, "Relation Name": "supplier", "Alias": "supplier", "Startup Cost": 0.0, "Total Cost": 3466.0, "Plan Rows": 10, "Plan Width": 4, "Filter": "((s_comment)::text ~~ '%Customer%Complaints%'::text)"}]}, {"Node Type": "Index Scan", "Parent Relationship": "Inner", "Parallel Aware": false, "Scan Direction": "Forward", "Index Name": "part_pkey", "Relation Name": "part", "Alias": "part", "Startup Cost": 0.43, "Total Cost": 106998.23, "Plan Rows": 298477, "Plan Width": 40, "Filter": "((p_brand <> 'Brand#11'::bpchar) AND ((p_type)::text !~~ 'MEDIUM ANODIZED%'::text) AND (p_size = ANY ('{43,27,44,50,4,45,48,37}'::integer[])))"}]}]}]}]}]}]}}, {"Plan": {"Node Type": "Limit", "Parallel Aware": false, "Startup Cost": 10002309595.77, "Total Cost": 10002309595.77, "Plan Rows": 1, "Plan Width": 44, "Plans": [{"Node Type": "Sort", "Parent Relationship": "Outer", "Parallel Aware": false, "Startup Cost": 10002309595.77, "Total Cost": 10002309980.92, "Plan Rows": 154059, "Plan Width": 44, "Sort Key": ["(count(DISTINCT partsupp.ps_suppkey)) DESC", "part.p_brand", "part.p_type", "part.p_size"], "Plans": [{"Node Type": "Aggregate", "Strategy": "Sorted", "Partial Mode": "Simple", "Parent Relationship": "Outer", "Parallel Aware": false, "Startup Cost": 10002299823.34, "Total Cost": 10002308825.48, "Plan Rows": 154059, "Plan Width": 44, "Group Key": ["part.p_brand", "part.p_type", "part.p_size"], "Plans": [{"Node Type": "Sort", "Parent Relationship": "Outer", "Parallel Aware": false, "Startup Cost": 10002299823.34, "Total Cost": 10002301315.65, "Plan Rows": 596924, "Plan Width": 40, "Sort Key": ["part.p_brand", "part.p_type", "part.p_size"], "Plans": [{"Node Type": "Nested Loop", "Parent Relationship": "Outer", "Parallel Aware": false, "Join Type": "Inner", "Startup Cost": 10000003466.89, "Total Cost": 10002232995.67, "Plan Rows": 596924, "Plan Width": 40, "Inner Unique": true, "Plans": [{"Node Type": "Index Scan", "Parent Relationship": "Outer", "Parallel Aware": false, "Scan Direction": "Forward", "Index Name": "idx_partsupp_partkey", "Relation Name": "partsupp", "Alias": "partsupp", "Startup Cost": 10000003466.46, "Total Cost": 10000341993.86, "Plan Rows": 3999800, "Plan Width": 8, "Filter": "(NOT (hashed SubPlan 1))", "Plans": [{"Node Type": "Seq Scan", "Parent Relationship": "SubPlan", "Subplan Name": "SubPlan 1", "Parallel Aware": false, "Relation Name": "supplier", "Alias": "supplier", "Startup Cost": 10000000000.0, "Total Cost": 10000003466.0, "Plan Rows": 10, "Plan Width": 4, "Filter": "((s_comment)::text ~~ '%Customer%Complaints%'::text)"}]}, {"Node Type": "Index Scan", "Parent Relationship": "Inner", "Parallel Aware": false, "Scan Direction": "Forward", "Index Name": "part_pkey", "Relation Name": "part", "Alias": "part", "Startup Cost": 0.43, "Total Cost": 0.47, "Plan Rows": 1, "Plan Width": 40, "Index Cond": "(p_partkey = partsupp.ps_partkey)", "Filter": "((p_brand <> 'Brand#11'::bpchar) AND ((p_type)::text !~~ 'MEDIUM ANODIZED%'::text) AND (p_size = ANY ('{43,27,44,50,4,45,48,37}'::integer[])))"}]}]}]}]}]}}, {"Plan": {"Node Type": "Limit", "Parallel Aware": false, "Startup Cost": 957401.51, "Total Cost": 957401.52, "Plan Rows": 1, "Plan Width": 44, "Plans": [{"Node Type": "Sort", "Parent Relationship": "Outer", "Parallel Aware": false, "Startup Cost": 957401.51, "Total Cost": 957786.66, "Plan Rows": 154059, "Plan Width": 44, "Sort Key": ["(count(DISTINCT partsupp.ps_suppkey)) DESC", "part.p_brand", "part.p_type", "part.p_size"], "Plans": [{"Node Type": "Aggregate", "Strategy": "Sorted", "Partial Mode": "Simple", "Parent Relationship": "Outer", "Parallel Aware": false, "Startup Cost": 947629.08, "Total Cost": 956631.22, "Plan Rows": 154059, "Plan Width": 44, "Group Key": ["part.p_brand", "part.p_type", "part.p_size"], "Plans": [{"Node Type": "Sort", "Parent Relationship": "Outer", "Parallel Aware": false, "Startup Cost": 947629.08, "Total Cost": 949121.39, "Plan Rows": 596924, "Plan Width": 40, "Sort Key": ["part.p_brand", "part.p_type", "part.p_size"], "Plans": [{"Node Type": "Gather", "Parent Relationship": "Outer", "Parallel Aware": false, "Startup Cost": 4466.45, "Total Cost": 880801.41, "Plan Rows": 596924, "Plan Width": 40, "Workers Planned": 3, "Single Copy": false, "Plans": [{"Node Type": "Nested Loop", "Parent Relationship": "Outer", "Parallel Aware": false, "Join Type": "Inner", "Startup Cost": 3466.45, "Total Cost": 820109.01, "Plan Rows": 192556, "Plan Width": 40, "Inner Unique": true, "Plans": [{"Node Type": "Seq Scan", "Parent Relationship": "Outer", "Parallel Aware": true, "Relation Name": "partsupp", "Alias": "partsupp", "Startup Cost": 3466.03, "Total Cost": 210108.48, "Plan Rows": 1290258, "Plan Width": 8, "Filter": "(NOT (hashed SubPlan 1))", "Plans": [{"Node Type": "Seq Scan", "Parent Relationship": "SubPlan", "Subplan Name": "SubPlan 1", "Parallel Aware": false, "Relation Name": "supplier", "Alias": "supplier", "Startup Cost": 0.0, "Total Cost": 3466.0, "Plan Rows": 10, "Plan Width": 4, "Filter": "((s_comment)::text ~~ '%Customer%Complaints%'::text)"}]}, {"Node Type": "Index Scan", "Parent Relationship": "Inner", "Parallel Aware": false, "Scan Direction": "Forward", "Index Name": "part_pkey", "Relation Name": "part", "Alias": "part", "Startup Cost": 0.43, "Total Cost": 0.47, "Plan Rows": 1, "Plan Width": 40, "Index Cond": "(p_partkey = partsupp.ps_partkey)", "Filter": "((p_brand <> 'Brand#11'::bpchar) AND ((p_type)::text !~~ 'MEDIUM ANODIZED%'::text) AND (p_size = ANY ('{43,27,44,50,4,45,48,37}'::integer[])))"}]}]}]}]}]}]}}, {"Plan": {"Node Type": "Limit", "Parallel Aware": false, "Startup Cost": 30000542306.25, "Total Cost": 30000542306.25, "Plan Rows": 1, "Plan Width": 44, "Plans": [{"Node Type": "Sort", "Parent Relationship": "Outer", "Parallel Aware": false, "Startup Cost": 30000542306.25, "Total Cost": 30000542691.4, "Plan Rows": 154059, "Plan Width": 44, "Sort Key": ["(count(DISTINCT partsupp.ps_suppkey)) DESC", "part.p_brand", "part.p_type", "part.p_size"], "Plans": [{"Node Type": "Aggregate", "Strategy": "Sorted", "Partial Mode": "Simple", "Parent Relationship": "Outer", "Parallel Aware": false, "Startup Cost": 30000532533.81, "Total Cost": 30000541535.95, "Plan Rows": 154059, "Plan Width": 44, "Group Key": ["part.p_brand", "part.p_type", "part.p_size"], "Plans": [{"Node Type": "Sort", "Parent Relationship": "Outer", "Parallel Aware": false, "Startup Cost": 30000532533.81, "Total Cost": 30000534026.12, "Plan Rows": 596924, "Plan Width": 40, "Sort Key": ["part.p_brand", "part.p_type", "part.p_size"], "Plans": [{"Node Type": "Merge Join", "Parent Relationship": "Outer", "Parallel Aware": false, "Join Type": "Inner", "Startup Cost": 30000003469.93, "Total Cost": 30000465706.15, "Plan Rows": 596924, "Plan Width": 40, "Inner Unique": true, "Merge Cond": "(partsupp.ps_partkey = part.p_partkey)", "Plans": [{"Node Type": "Index Scan", "Parent Relationship": "Outer", "Parallel Aware": false, "Scan Direction": "Forward", "Index Name": "idx_partsupp_partkey", "Relation Name": "partsupp", "Alias": "partsupp", "Startup Cost": 20000003466.46, "Total Cost": 20000341993.86, "Plan Rows": 3999800, "Plan Width": 8, "Filter": "(NOT (hashed SubPlan 1))", "Plans": [{"Node Type": "Seq Scan", "Parent Relationship": "SubPlan", "Subplan Name": "SubPlan 1", "Parallel Aware": false, "Relation Name": "supplier", "Alias": "supplier", "Startup Cost": 10000000000.0, "Total Cost": 10000003466.0, "Plan Rows": 10, "Plan Width": 4, "Filter": "((s_comment)::text ~~ '%Customer%Complaints%'::text)"}]}, {"Node Type": "Index Scan", "Parent Relationship": "Inner", "Parallel Aware": false, "Scan Direction": "Forward", "Index Name": "part_pkey", "Relation Name": "part", "Alias": "part", "Startup Cost": 10000000000.43, "Total Cost": 10000106998.23, "Plan Rows": 298477, "Plan Width": 40, "Filter": "((p_brand <> 'Brand#11'::bpchar) AND ((p_type)::text !~~ 'MEDIUM ANODIZED%'::text) AND (p_size = ANY ('{43,27,44,50,4,45,48,37}'::integer[])))"}]}]}]}]}]}}, {"Plan": {"Node Type": "Limit", "Parallel Aware": false, "Startup Cost": 20006675314.86, "Total Cost": 20006675314.86, "Plan Rows": 1, "Plan Width": 44, "Plans": [{"Node Type": "Sort", "Parent Relationship": "Outer", "Parallel Aware": false, "Startup Cost": 20006675314.86, "Total Cost": 20006675700.0, "Plan Rows": 154059, "Plan Width": 44, "Sort Key": ["(count(DISTINCT partsupp.ps_suppkey)) DESC", "part.p_brand", "part.p_type", "part.p_size"], "Plans": [{"Node Type": "Aggregate", "Strategy": "Sorted", "Partial Mode": "Simple", "Parent Relationship": "Outer", "Parallel Aware": false, "Startup Cost": 20006665542.42, "Total Cost": 20006674544.56, "Plan Rows": 154059, "Plan Width": 44, "Group Key": ["part.p_brand", "part.p_type", "part.p_size"], "Plans": [{"Node Type": "Sort", "Parent Relationship": "Outer", "Parallel Aware": false, "Startup Cost": 20006665542.42, "Total Cost": 20006667034.73, "Plan Rows": 596924, "Plan Width": 40, "Sort Key": ["part.p_brand", "part.p_type", "part.p_size"], "Plans": [{"Node Type": "Nested Loop", "Parent Relationship": "Outer", "Parallel Aware": false, "Join Type": "Inner", "Startup Cost": 20000003466.89, "Total Cost": 20006598714.76, "Plan Rows": 596924, "Plan Width": 40, "Inner Unique": true, "Plans": [{"Node Type": "Index Scan", "Parent Relationship": "Outer", "Parallel Aware": false, "Scan Direction": "Forward", "Index Name": "idx_partsupp_partkey", "Relation Name": "partsupp", "Alias": "partsupp", "Startup Cost": 20000003466.46, "Total Cost": 20000341993.86, "Plan Rows": 3999800, "Plan Width": 8, "Filter": "(NOT (hashed SubPlan 1))", "Plans": [{"Node Type": "Seq Scan", "Parent Relationship": "SubPlan", "Subplan Name": "SubPlan 1", "Parallel Aware": false, "Relation Name": "supplier", "Alias": "supplier", "Startup Cost": 10000000000.0, "Total Cost": 10000003466.0, "Plan Rows": 10, "Plan Width": 4, "Filter": "((s_comment)::text ~~ '%Customer%Complaints%'::text)"}]}, {"Node Type": "Bitmap Heap Scan", "Parent Relationship": "Inner", "Parallel Aware": false, "Relation Name": "part", "Alias": "part", "Startup Cost": 0.44, "Total Cost": 1.56, "Plan Rows": 1, "Plan Width": 40, "Recheck Cond": "(p_partkey = partsupp.ps_partkey)", "Filter": "((p_brand <> 'Brand#11'::bpchar) AND ((p_type)::text !~~ 'MEDIUM ANODIZED%'::text) AND (p_size = ANY ('{43,27,44,50,4,45,48,37}'::integer[])))", "Plans": [{"Node Type": "Bitmap Index Scan", "Parent Relationship": "Outer", "Parallel Aware": false, "Index Name": "part_pkey", "Startup Cost": 0.0, "Total Cost": 0.44, "Plan Rows": 1, "Plan Width": 0, "Index Cond": "(p_partkey = partsupp.ps_partkey)"}]}]}]}]}]}]}}, {"Plan": {"Node Type": "Limit", "Parallel Aware": false, "Startup Cost": 621445.45, "Total Cost": 621445.45, "Plan Rows": 1, "Plan Width": 44, "Plans": [{"Node Type": "Sort", "Parent Relationship": "Outer", "Parallel Aware": false, "Startup Cost": 621445.45, "Total Cost": 621830.6, "Plan Rows": 154059, "Plan Width": 44, "Sort Key": ["(count(DISTINCT partsupp.ps_suppkey)) DESC", "part.p_brand", "part.p_type", "part.p_size"], "Plans": [{"Node Type": "Aggregate", "Strategy": "Sorted", "Partial Mode": "Simple", "Parent Relationship": "Outer", "Parallel Aware": false, "Startup Cost": 611673.01, "Total Cost": 620675.15, "Plan Rows": 154059, "Plan Width": 44, "Group Key": ["part.p_brand", "part.p_type", "part.p_size"], "Plans": [{"Node Type": "Sort", "Parent Relationship": "Outer", "Parallel Aware": false, "Startup Cost": 611673.01, "Total Cost": 613165.32, "Plan Rows": 596924, "Plan Width": 40, "Sort Key": ["part.p_brand", "part.p_type", "part.p_size"], "Plans": [{"Node Type": "Gather", "Parent Relationship": "Outer", "Parallel Aware": false, "Startup Cost": 475283.78, "Total Cost": 544845.35, "Plan Rows": 596924, "Plan Width": 40, "Workers Planned": 3, "Single Copy": false, "Plans": [{"Node Type": "Merge Join", "Parent Relationship": "Outer", "Parallel Aware": false, "Join Type": "Inner", "Startup Cost": 474283.78, "Total Cost": 484152.95, "Plan Rows": 192556, "Plan Width": 40, "Inner Unique": true, "Merge Cond": "(partsupp.ps_partkey = part.p_partkey)", "Plans": [{"Node Type": "Sort", "Parent Relationship": "Outer", "Parallel Aware": false, "Startup Cost": 351398.73, "Total Cost": 354624.38, "Plan Rows": 1290258, "Plan Width": 8, "Sort Key": ["partsupp.ps_partkey"], "Plans": [{"Node Type": "Seq Scan", "Parent Relationship": "Outer", "Parallel Aware": true, "Relation Name": "partsupp", "Alias": "partsupp", "Startup Cost": 3466.03, "Total Cost": 210108.48, "Plan Rows": 1290258, "Plan Width": 8, "Filter": "(NOT (hashed SubPlan 1))", "Plans": [{"Node Type": "Seq Scan", "Parent Relationship": "SubPlan", "Subplan Name": "SubPlan 1", "Parallel Aware": false, "Relation Name": "supplier", "Alias": "supplier", "Startup Cost": 0.0, "Total Cost": 3466.0, "Plan Rows": 10, "Plan Width": 4, "Filter": "((s_comment)::text ~~ '%Customer%Complaints%'::text)"}]}]}, {"Node Type": "Sort", "Parent Relationship": "Inner", "Parallel Aware": false, "Startup Cost": 122884.99, "Total Cost": 123631.19, "Plan Rows": 298477, "Plan Width": 40, "Sort Key": ["part.p_partkey"], "Plans": [{"Node Type": "Seq Scan", "Parent Relationship": "Outer", "Parallel Aware": false, "Relation Name": "part", "Alias": "part", "Startup Cost": 0.0, "Total Cost": 90962.0, "Plan Rows": 298477, "Plan Width": 40, "Filter": "((p_brand <> 'Brand#11'::bpchar) AND ((p_type)::text !~~ 'MEDIUM ANODIZED%'::text) AND (p_size = ANY ('{43,27,44,50,4,45,48,37}'::integer[])))"}]}]}]}]}]}]}]}}, {"Plan": {"Node Type": "Limit", "Parallel Aware": false, "Startup Cost": 621445.45, "Total Cost": 621445.45, "Plan Rows": 1, "Plan Width": 44, "Plans": [{"Node Type": "Sort", "Parent Relationship": "Outer", "Parallel Aware": false, "Startup Cost": 621445.45, "Total Cost": 621830.6, "Plan Rows": 154059, "Plan Width": 44, "Sort Key": ["(count(DISTINCT partsupp.ps_suppkey)) DESC", "part.p_brand", "part.p_type", "part.p_size"], "Plans": [{"Node Type": "Aggregate", "Strategy": "Sorted", "Partial Mode": "Simple", "Parent Relationship": "Outer", "Parallel Aware": false, "Startup Cost": 611673.01, "Total Cost": 620675.15, "Plan Rows": 154059, "Plan Width": 44, "Group Key": ["part.p_brand", "part.p_type", "part.p_size"], "Plans": [{"Node Type": "Sort", "Parent Relationship": "Outer", "Parallel Aware": false, "Startup Cost": 611673.01, "Total Cost": 613165.32, "Plan Rows": 596924, "Plan Width": 40, "Sort Key": ["part.p_brand", "part.p_type", "part.p_size"], "Plans": [{"Node Type": "Gather", "Parent Relationship": "Outer", "Parallel Aware": false, "Startup Cost": 475283.78, "Total Cost": 544845.35, "Plan Rows": 596924, "Plan Width": 40, "Workers Planned": 3, "Single Copy": false, "Plans": [{"Node Type": "Merge Join", "Parent Relationship": "Outer", "Parallel Aware": false, "Join Type": "Inner", "Startup Cost": 474283.78, "Total Cost": 484152.95, "Plan Rows": 192556, "Plan Width": 40, "Inner Unique": true, "Merge Cond": "(partsupp.ps_partkey = part.p_partkey)", "Plans": [{"Node Type": "Sort", "Parent Relationship": "Outer", "Parallel Aware": false, "Startup Cost": 351398.73, "Total Cost": 354624.38, "Plan Rows": 1290258, "Plan Width": 8, "Sort Key": ["partsupp.ps_partkey"], "Plans": [{"Node Type": "Seq Scan", "Parent Relationship": "Outer", "Parallel Aware": true, "Relation Name": "partsupp", "Alias": "partsupp", "Startup Cost": 3466.03, "Total Cost": 210108.48, "Plan Rows": 1290258, "Plan Width": 8, "Filter": "(NOT (hashed SubPlan 1))", "Plans": [{"Node Type": "Seq Scan", "Parent Relationship": "SubPlan", "Subplan Name": "SubPlan 1", "Parallel Aware": false, "Relation Name": "supplier", "Alias": "supplier", "Startup Cost": 0.0, "Total Cost": 3466.0, "Plan Rows": 10, "Plan Width": 4, "Filter": "((s_comment)::text ~~ '%Customer%Complaints%'::text)"}]}]}, {"Node Type": "Sort", "Parent Relationship": "Inner", "Parallel Aware": false, "Startup Cost": 122884.99, "Total Cost": 123631.19, "Plan Rows": 298477, "Plan Width": 40, "Sort Key": ["part.p_partkey"], "Plans": [{"Node Type": "Seq Scan", "Parent Relationship": "Outer", "Parallel Aware": false, "Relation Name": "part", "Alias": "part", "Startup Cost": 0.0, "Total Cost": 90962.0, "Plan Rows": 298477, "Plan Width": 40, "Filter": "((p_brand <> 'Brand#11'::bpchar) AND ((p_type)::text !~~ 'MEDIUM ANODIZED%'::text) AND (p_size = ANY ('{43,27,44,50,4,45,48,37}'::integer[])))"}]}]}]}]}]}]}]}}, {"Plan": {"Node Type": "Limit", "Parallel Aware": false, "Startup Cost": 20006675314.86, "Total Cost": 20006675314.86, "Plan Rows": 1, "Plan Width": 44, "Plans": [{"Node Type": "Sort", "Parent Relationship": "Outer", "Parallel Aware": false, "Startup Cost": 20006675314.86, "Total Cost": 20006675700.0, "Plan Rows": 154059, "Plan Width": 44, "Sort Key": ["(count(DISTINCT partsupp.ps_suppkey)) DESC", "part.p_brand", "part.p_type", "part.p_size"], "Plans": [{"Node Type": "Aggregate", "Strategy": "Sorted", "Partial Mode": "Simple", "Parent Relationship": "Outer", "Parallel Aware": false, "Startup Cost": 20006665542.42, "Total Cost": 20006674544.56, "Plan Rows": 154059, "Plan Width": 44, "Group Key": ["part.p_brand", "part.p_type", "part.p_size"], "Plans": [{"Node Type": "Sort", "Parent Relationship": "Outer", "Parallel Aware": false, "Startup Cost": 20006665542.42, "Total Cost": 20006667034.73, "Plan Rows": 596924, "Plan Width": 40, "Sort Key": ["part.p_brand", "part.p_type", "part.p_size"], "Plans": [{"Node Type": "Nested Loop", "Parent Relationship": "Outer", "Parallel Aware": false, "Join Type": "Inner", "Startup Cost": 20000003466.89, "Total Cost": 20006598714.76, "Plan Rows": 596924, "Plan Width": 40, "Inner Unique": true, "Plans": [{"Node Type": "Index Scan", "Parent Relationship": "Outer", "Parallel Aware": false, "Scan Direction": "Forward", "Index Name": "idx_partsupp_partkey", "Relation Name": "partsupp", "Alias": "partsupp", "Startup Cost": 20000003466.46, "Total Cost": 20000341993.86, "Plan Rows": 3999800, "Plan Width": 8, "Filter": "(NOT (hashed SubPlan 1))", "Plans": [{"Node Type": "Seq Scan", "Parent Relationship": "SubPlan", "Subplan Name": "SubPlan 1", "Parallel Aware": false, "Relation Name": "supplier", "Alias": "supplier", "Startup Cost": 10000000000.0, "Total Cost": 10000003466.0, "Plan Rows": 10, "Plan Width": 4, "Filter": "((s_comment)::text ~~ '%Customer%Complaints%'::text)"}]}, {"Node Type": "Bitmap Heap Scan", "Parent Relationship": "Inner", "Parallel Aware": false, "Relation Name": "part", "Alias": "part", "Startup Cost": 0.44, "Total Cost": 1.56, "Plan Rows": 1, "Plan Width": 40, "Recheck Cond": "(p_partkey = partsupp.ps_partkey)", "Filter": "((p_brand <> 'Brand#11'::bpchar) AND ((p_type)::text !~~ 'MEDIUM ANODIZED%'::text) AND (p_size = ANY ('{43,27,44,50,4,45,48,37}'::integer[])))", "Plans": [{"Node Type": "Bitmap Index Scan", "Parent Relationship": "Outer", "Parallel Aware": false, "Index Name": "part_pkey", "Startup Cost": 0.0, "Total Cost": 0.44, "Plan Rows": 1, "Plan Width": 0, "Index Cond": "(p_partkey = partsupp.ps_partkey)"}]}]}]}]}]}]}}, {"Plan": {"Node Type": "Limit", "Parallel Aware": false, "Startup Cost": 2365697.54, "Total Cost": 2365697.54, "Plan Rows": 1, "Plan Width": 44, "Plans": [{"Node Type": "Sort", "Parent Relationship": "Outer", "Parallel Aware": false, "Startup Cost": 2365697.54, "Total Cost": 2366082.69, "Plan Rows": 154059, "Plan Width": 44, "Sort Key": ["(count(DISTINCT partsupp.ps_suppkey)) DESC", "part.p_brand", "part.p_type", "part.p_size"], "Plans": [{"Node Type": "Aggregate", "Strategy": "Sorted", "Partial Mode": "Simple", "Parent Relationship": "Outer", "Parallel Aware": false, "Startup Cost": 2355925.1, "Total Cost": 2364927.24, "Plan Rows": 154059, "Plan Width": 44, "Group Key": ["part.p_brand", "part.p_type", "part.p_size"], "Plans": [{"Node Type": "Sort", "Parent Relationship": "Outer", "Parallel Aware": false, "Startup Cost": 2355925.1, "Total Cost": 2357417.41, "Plan Rows": 596924, "Plan Width": 40, "Sort Key": ["part.p_brand", "part.p_type", "part.p_size"], "Plans": [{"Node Type": "Gather", "Parent Relationship": "Outer", "Parallel Aware": false, "Startup Cost": 4466.46, "Total Cost": 2289097.44, "Plan Rows": 596924, "Plan Width": 40, "Workers Planned": 3, "Single Copy": false, "Plans": [{"Node Type": "Nested Loop", "Parent Relationship": "Outer", "Parallel Aware": false, "Join Type": "Inner", "Startup Cost": 3466.46, "Total Cost": 2228405.04, "Plan Rows": 192556, "Plan Width": 40, "Inner Unique": true, "Plans": [{"Node Type": "Seq Scan", "Parent Relationship": "Outer", "Parallel Aware": true, "Relation Name": "partsupp", "Alias": "partsupp", "Startup Cost": 3466.03, "Total Cost": 210108.48, "Plan Rows": 1290258, "Plan Width": 8, "Filter": "(NOT (hashed SubPlan 1))", "Plans": [{"Node Type": "Seq Scan", "Parent Relationship": "SubPlan", "Subplan Name": "SubPlan 1", "Parallel Aware": false, "Relation Name": "supplier", "Alias": "supplier", "Startup Cost": 0.0, "Total Cost": 3466.0, "Plan Rows": 10, "Plan Width": 4, "Filter": "((s_comment)::text ~~ '%Customer%Complaints%'::text)"}]}, {"Node Type": "Bitmap Heap Scan", "Parent Relationship": "Inner", "Parallel Aware": false, "Relation Name": "part", "Alias": "part", "Startup Cost": 0.44, "Total Cost": 1.56, "Plan Rows": 1, "Plan Width": 40, "Recheck Cond": "(p_partkey = partsupp.ps_partkey)", "Filter": "((p_brand <> 'Brand#11'::bpchar) AND ((p_type)::text !~~ 'MEDIUM ANODIZED%'::text) AND (p_size = ANY ('{43,27,44,50,4,45,48,37}'::integer[])))", "Plans": [{"Node Type": "Bitmap Index Scan", "Parent Relationship": "Outer", "Parallel Aware": false, "Index Name": "part_pkey", "Startup Cost": 0.0, "Total Cost": 0.44, "Plan Rows": 1, "Plan Width": 0, "Index Cond": "(p_partkey = partsupp.ps_partkey)"}]}]}]}]}]}]}]}}, {"Plan": {"Node Type": "Limit", "Parallel Aware": false, "Startup Cost": 10000542306.25, "Total Cost": 10000542306.25, "Plan Rows": 1, "Plan Width": 44, "Plans": [{"Node Type": "Sort", "Parent Relationship": "Outer", "Parallel Aware": false, "Startup Cost": 10000542306.25, "Total Cost": 10000542691.4, "Plan Rows": 154059, "Plan Width": 44, "Sort Key": ["(count(DISTINCT partsupp.ps_suppkey)) DESC", "part.p_brand", "part.p_type", "part.p_size"], "Plans": [{"Node Type": "Aggregate", "Strategy": "Sorted", "Partial Mode": "Simple", "Parent Relationship": "Outer", "Parallel Aware": false, "Startup Cost": 10000532533.81, "Total Cost": 10000541535.95, "Plan Rows": 154059, "Plan Width": 44, "Group Key": ["part.p_brand", "part.p_type", "part.p_size"], "Plans": [{"Node Type": "Sort", "Parent Relationship": "Outer", "Parallel Aware": false, "Startup Cost": 10000532533.81, "Total Cost": 10000534026.12, "Plan Rows": 596924, "Plan Width": 40, "Sort Key": ["part.p_brand", "part.p_type", "part.p_size"], "Plans": [{"Node Type": "Merge Join", "Parent Relationship": "Outer", "Parallel Aware": false, "Join Type": "Inner", "Startup Cost": 10000003469.93, "Total Cost": 10000465706.15, "Plan Rows": 596924, "Plan Width": 40, "Inner Unique": true, "Merge Cond": "(partsupp.ps_partkey = part.p_partkey)", "Plans": [{"Node Type": "Index Scan", "Parent Relationship": "Outer", "Parallel Aware": false, "Scan Direction": "Forward", "Index Name": "idx_partsupp_partkey", "Relation Name": "partsupp", "Alias": "partsupp", "Startup Cost": 10000003466.46, "Total Cost": 10000341993.86, "Plan Rows": 3999800, "Plan Width": 8, "Filter": "(NOT (hashed SubPlan 1))", "Plans": [{"Node Type": "Seq Scan", "Parent Relationship": "SubPlan", "Subplan Name": "SubPlan 1", "Parallel Aware": false, "Relation Name": "supplier", "Alias": "supplier", "Startup Cost": 10000000000.0, "Total Cost": 10000003466.0, "Plan Rows": 10, "Plan Width": 4, "Filter": "((s_comment)::text ~~ '%Customer%Complaints%'::text)"}]}, {"Node Type": "Index Scan", "Parent Relationship": "Inner", "Parallel Aware": false, "Scan Direction": "Forward", "Index Name": "part_pkey", "Relation Name": "part", "Alias": "part", "Startup Cost": 0.43, "Total Cost": 106998.23, "Plan Rows": 298477, "Plan Width": 40, "Filter": "((p_brand <> 'Brand#11'::bpchar) AND ((p_type)::text !~~ 'MEDIUM ANODIZED%'::text) AND (p_size = ANY ('{43,27,44,50,4,45,48,37}'::integer[])))"}]}]}]}]}]}}, {"Plan": {"Node Type": "Limit", "Parallel Aware": false, "Startup Cost": 10002309595.77, "Total Cost": 10002309595.77, "Plan Rows": 1, "Plan Width": 44, "Plans": [{"Node Type": "Sort", "Parent Relationship": "Outer", "Parallel Aware": false, "Startup Cost": 10002309595.77, "Total Cost": 10002309980.92, "Plan Rows": 154059, "Plan Width": 44, "Sort Key": ["(count(DISTINCT partsupp.ps_suppkey)) DESC", "part.p_brand", "part.p_type", "part.p_size"], "Plans": [{"Node Type": "Aggregate", "Strategy": "Sorted", "Partial Mode": "Simple", "Parent Relationship": "Outer", "Parallel Aware": false, "Startup Cost": 10002299823.34, "Total Cost": 10002308825.48, "Plan Rows": 154059, "Plan Width": 44, "Group Key": ["part.p_brand", "part.p_type", "part.p_size"], "Plans": [{"Node Type": "Sort", "Parent Relationship": "Outer", "Parallel Aware": false, "Startup Cost": 10002299823.34, "Total Cost": 10002301315.65, "Plan Rows": 596924, "Plan Width": 40, "Sort Key": ["part.p_brand", "part.p_type", "part.p_size"], "Plans": [{"Node Type": "Nested Loop", "Parent Relationship": "Outer", "Parallel Aware": false, "Join Type": "Inner", "Startup Cost": 10000003466.89, "Total Cost": 10002232995.67, "Plan Rows": 596924, "Plan Width": 40, "Inner Unique": true, "Plans": [{"Node Type": "Index Scan", "Parent Relationship": "Outer", "Parallel Aware": false, "Scan Direction": "Forward", "Index Name": "idx_partsupp_partkey", "Relation Name": "partsupp", "Alias": "partsupp", "Startup Cost": 10000003466.46, "Total Cost": 10000341993.86, "Plan Rows": 3999800, "Plan Width": 8, "Filter": "(NOT (hashed SubPlan 1))", "Plans": [{"Node Type": "Seq Scan", "Parent Relationship": "SubPlan", "Subplan Name": "SubPlan 1", "Parallel Aware": false, "Relation Name": "supplier", "Alias": "supplier", "Startup Cost": 10000000000.0, "Total Cost": 10000003466.0, "Plan Rows": 10, "Plan Width": 4, "Filter": "((s_comment)::text ~~ '%Customer%Complaints%'::text)"}]}, {"Node Type": "Index Scan", "Parent Relationship": "Inner", "Parallel Aware": false, "Scan Direction": "Forward", "Index Name": "part_pkey", "Relation Name": "part", "Alias": "part", "Startup Cost": 0.43, "Total Cost": 0.47, "Plan Rows": 1, "Plan Width": 40, "Index Cond": "(p_partkey = partsupp.ps_partkey)", "Filter": "((p_brand <> 'Brand#11'::bpchar) AND ((p_type)::text !~~ 'MEDIUM ANODIZED%'::text) AND (p_size = ANY ('{43,27,44,50,4,45,48,37}'::integer[])))"}]}]}]}]}]}}, {"Plan": {"Node Type": "Limit", "Parallel Aware": false, "Startup Cost": 524442.8, "Total Cost": 524442.8, "Plan Rows": 1, "Plan Width": 44, "Plans": [{"Node Type": "Sort", "Parent Relationship": "Outer", "Parallel Aware": false, "Startup Cost": 524442.8, "Total Cost": 524827.95, "Plan Rows": 154059, "Plan Width": 44, "Sort Key": ["(count(DISTINCT partsupp.ps_suppkey)) DESC", "part.p_brand", "part.p_type", "part.p_size"], "Plans": [{"Node Type": "Aggregate", "Strategy": "Sorted", "Partial Mode": "Simple", "Parent Relationship": "Outer", "Parallel Aware": false, "Startup Cost": 514670.37, "Total Cost": 523672.51, "Plan Rows": 154059, "Plan Width": 44, "Group Key": ["part.p_brand", "part.p_type", "part.p_size"], "Plans": [{"Node Type": "Sort", "Parent Relationship": "Outer", "Parallel Aware": false, "Startup Cost": 514670.37, "Total Cost": 516162.68, "Plan Rows": 596924, "Plan Width": 40, "Sort Key": ["part.p_brand", "part.p_type", "part.p_size"], "Plans": [{"Node Type": "Gather", "Parent Relationship": "Outer", "Parallel Aware": false, "Startup Cost": 4469.22, "Total Cost": 447842.7, "Plan Rows": 596924, "Plan Width": 40, "Workers Planned": 3, "Single Copy": false, "Plans": [{"Node Type": "Merge Join", "Parent Relationship": "Outer", "Parallel Aware": false, "Join Type": "Inner", "Startup Cost": 3469.22, "Total Cost": 387150.3, "Plan Rows": 192556, "Plan Width": 40, "Inner Unique": true, "Merge Cond": "(partsupp.ps_partkey = part.p_partkey)", "Plans": [{"Node Type": "Index Scan", "Parent Relationship": "Outer", "Parallel Aware": true, "Scan Direction": "Forward", "Index Name": "idx_partsupp_partkey", "Relation Name": "partsupp", "Alias": "partsupp", "Startup Cost": 3466.46, "Total Cost": 274255.31, "Plan Rows": 1290258, "Plan Width": 8, "Filter": "(NOT (hashed SubPlan 1))", "Plans": [{"Node Type": "Seq Scan", "Parent Relationship": "SubPlan", "Subplan Name": "SubPlan 1", "Parallel Aware": false, "Relation Name": "supplier", "Alias": "supplier", "Startup Cost": 0.0, "Total Cost": 3466.0, "Plan Rows": 10, "Plan Width": 4, "Filter": "((s_comment)::text ~~ '%Customer%Complaints%'::text)"}]}, {"Node Type": "Index Scan", "Parent Relationship": "Inner", "Parallel Aware": false, "Scan Direction": "Forward", "Index Name": "part_pkey", "Relation Name": "part", "Alias": "part", "Startup Cost": 0.43, "Total Cost": 106998.23, "Plan Rows": 298477, "Plan Width": 40, "Filter": "((p_brand <> 'Brand#11'::bpchar) AND ((p_type)::text !~~ 'MEDIUM ANODIZED%'::text) AND (p_size = ANY ('{43,27,44,50,4,45,48,37}'::integer[])))"}]}]}]}]}]}]}}, {"Plan": {"Node Type": "Limit", "Parallel Aware": false, "Startup Cost": 524442.8, "Total Cost": 524442.8, "Plan Rows": 1, "Plan Width": 44, "Plans": [{"Node Type": "Sort", "Parent Relationship": "Outer", "Parallel Aware": false, "Startup Cost": 524442.8, "Total Cost": 524827.95, "Plan Rows": 154059, "Plan Width": 44, "Sort Key": ["(count(DISTINCT partsupp.ps_suppkey)) DESC", "part.p_brand", "part.p_type", "part.p_size"], "Plans": [{"Node Type": "Aggregate", "Strategy": "Sorted", "Partial Mode": "Simple", "Parent Relationship": "Outer", "Parallel Aware": false, "Startup Cost": 514670.37, "Total Cost": 523672.51, "Plan Rows": 154059, "Plan Width": 44, "Group Key": ["part.p_brand", "part.p_type", "part.p_size"], "Plans": [{"Node Type": "Sort", "Parent Relationship": "Outer", "Parallel Aware": false, "Startup Cost": 514670.37, "Total Cost": 516162.68, "Plan Rows": 596924, "Plan Width": 40, "Sort Key": ["part.p_brand", "part.p_type", "part.p_size"], "Plans": [{"Node Type": "Gather", "Parent Relationship": "Outer", "Parallel Aware": false, "Startup Cost": 4469.22, "Total Cost": 447842.7, "Plan Rows": 596924, "Plan Width": 40, "Workers Planned": 3, "Single Copy": false, "Plans": [{"Node Type": "Merge Join", "Parent Relationship": "Outer", "Parallel Aware": false, "Join Type": "Inner", "Startup Cost": 3469.22, "Total Cost": 387150.3, "Plan Rows": 192556, "Plan Width": 40, "Inner Unique": true, "Merge Cond": "(partsupp.ps_partkey = part.p_partkey)", "Plans": [{"Node Type": "Index Scan", "Parent Relationship": "Outer", "Parallel Aware": true, "Scan Direction": "Forward", "Index Name": "idx_partsupp_partkey", "Relation Name": "partsupp", "Alias": "partsupp", "Startup Cost": 3466.46, "Total Cost": 274255.31, "Plan Rows": 1290258, "Plan Width": 8, "Filter": "(NOT (hashed SubPlan 1))", "Plans": [{"Node Type": "Seq Scan", "Parent Relationship": "SubPlan", "Subplan Name": "SubPlan 1", "Parallel Aware": false, "Relation Name": "supplier", "Alias": "supplier", "Startup Cost": 0.0, "Total Cost": 3466.0, "Plan Rows": 10, "Plan Width": 4, "Filter": "((s_comment)::text ~~ '%Customer%Complaints%'::text)"}]}, {"Node Type": "Index Scan", "Parent Relationship": "Inner", "Parallel Aware": false, "Scan Direction": "Forward", "Index Name": "part_pkey", "Relation Name": "part", "Alias": "part", "Startup Cost": 0.43, "Total Cost": 106998.23, "Plan Rows": 298477, "Plan Width": 40, "Filter": "((p_brand <> 'Brand#11'::bpchar) AND ((p_type)::text !~~ 'MEDIUM ANODIZED%'::text) AND (p_size = ANY ('{43,27,44,50,4,45,48,37}'::integer[])))"}]}]}]}]}]}]}}, {"Plan": {"Node Type": "Limit", "Parallel Aware": false, "Startup Cost": 10002309595.77, "Total Cost": 10002309595.77, "Plan Rows": 1, "Plan Width": 44, "Plans": [{"Node Type": "Sort", "Parent Relationship": "Outer", "Parallel Aware": false, "Startup Cost": 10002309595.77, "Total Cost": 10002309980.92, "Plan Rows": 154059, "Plan Width": 44, "Sort Key": ["(count(DISTINCT partsupp.ps_suppkey)) DESC", "part.p_brand", "part.p_type", "part.p_size"], "Plans": [{"Node Type": "Aggregate", "Strategy": "Sorted", "Partial Mode": "Simple", "Parent Relationship": "Outer", "Parallel Aware": false, "Startup Cost": 10002299823.34, "Total Cost": 10002308825.48, "Plan Rows": 154059, "Plan Width": 44, "Group Key": ["part.p_brand", "part.p_type", "part.p_size"], "Plans": [{"Node Type": "Sort", "Parent Relationship": "Outer", "Parallel Aware": false, "Startup Cost": 10002299823.34, "Total Cost": 10002301315.65, "Plan Rows": 596924, "Plan Width": 40, "Sort Key": ["part.p_brand", "part.p_type", "part.p_size"], "Plans": [{"Node Type": "Nested Loop", "Parent Relationship": "Outer", "Parallel Aware": false, "Join Type": "Inner", "Startup Cost": 10000003466.89, "Total Cost": 10002232995.67, "Plan Rows": 596924, "Plan Width": 40, "Inner Unique": true, "Plans": [{"Node Type": "Index Scan", "Parent Relationship": "Outer", "Parallel Aware": false, "Scan Direction": "Forward", "Index Name": "idx_partsupp_partkey", "Relation Name": "partsupp", "Alias": "partsupp", "Startup Cost": 10000003466.46, "Total Cost": 10000341993.86, "Plan Rows": 3999800, "Plan Width": 8, "Filter": "(NOT (hashed SubPlan 1))", "Plans": [{"Node Type": "Seq Scan", "Parent Relationship": "SubPlan", "Subplan Name": "SubPlan 1", "Parallel Aware": false, "Relation Name": "supplier", "Alias": "supplier", "Startup Cost": 10000000000.0, "Total Cost": 10000003466.0, "Plan Rows": 10, "Plan Width": 4, "Filter": "((s_comment)::text ~~ '%Customer%Complaints%'::text)"}]}, {"Node Type": "Index Scan", "Parent Relationship": "Inner", "Parallel Aware": false, "Scan Direction": "Forward", "Index Name": "part_pkey", "Relation Name": "part", "Alias": "part", "Startup Cost": 0.43, "Total Cost": 0.47, "Plan Rows": 1, "Plan Width": 40, "Index Cond": "(p_partkey = partsupp.ps_partkey)", "Filter": "((p_brand <> 'Brand#11'::bpchar) AND ((p_type)::text !~~ 'MEDIUM ANODIZED%'::text) AND (p_size = ANY ('{43,27,44,50,4,45,48,37}'::integer[])))"}]}]}]}]}]}}, {"Plan": {"Node Type": "Limit", "Parallel Aware": false, "Startup Cost": 957401.51, "Total Cost": 957401.52, "Plan Rows": 1, "Plan Width": 44, "Plans": [{"Node Type": "Sort", "Parent Relationship": "Outer", "Parallel Aware": false, "Startup Cost": 957401.51, "Total Cost": 957786.66, "Plan Rows": 154059, "Plan Width": 44, "Sort Key": ["(count(DISTINCT partsupp.ps_suppkey)) DESC", "part.p_brand", "part.p_type", "part.p_size"], "Plans": [{"Node Type": "Aggregate", "Strategy": "Sorted", "Partial Mode": "Simple", "Parent Relationship": "Outer", "Parallel Aware": false, "Startup Cost": 947629.08, "Total Cost": 956631.22, "Plan Rows": 154059, "Plan Width": 44, "Group Key": ["part.p_brand", "part.p_type", "part.p_size"], "Plans": [{"Node Type": "Sort", "Parent Relationship": "Outer", "Parallel Aware": false, "Startup Cost": 947629.08, "Total Cost": 949121.39, "Plan Rows": 596924, "Plan Width": 40, "Sort Key": ["part.p_brand", "part.p_type", "part.p_size"], "Plans": [{"Node Type": "Gather", "Parent Relationship": "Outer", "Parallel Aware": false, "Startup Cost": 4466.45, "Total Cost": 880801.41, "Plan Rows": 596924, "Plan Width": 40, "Workers Planned": 3, "Single Copy": false, "Plans": [{"Node Type": "Nested Loop", "Parent Relationship": "Outer", "Parallel Aware": false, "Join Type": "Inner", "Startup Cost": 3466.45, "Total Cost": 820109.01, "Plan Rows": 192556, "Plan Width": 40, "Inner Unique": true, "Plans": [{"Node Type": "Seq Scan", "Parent Relationship": "Outer", "Parallel Aware": true, "Relation Name": "partsupp", "Alias": "partsupp", "Startup Cost": 3466.03, "Total Cost": 210108.48, "Plan Rows": 1290258, "Plan Width": 8, "Filter": "(NOT (hashed SubPlan 1))", "Plans": [{"Node Type": "Seq Scan", "Parent Relationship": "SubPlan", "Subplan Name": "SubPlan 1", "Parallel Aware": false, "Relation Name": "supplier", "Alias": "supplier", "Startup Cost": 0.0, "Total Cost": 3466.0, "Plan Rows": 10, "Plan Width": 4, "Filter": "((s_comment)::text ~~ '%Customer%Complaints%'::text)"}]}, {"Node Type": "Index Scan", "Parent Relationship": "Inner", "Parallel Aware": false, "Scan Direction": "Forward", "Index Name": "part_pkey", "Relation Name": "part", "Alias": "part", "Startup Cost": 0.43, "Total Cost": 0.47, "Plan Rows": 1, "Plan Width": 40, "Index Cond": "(p_partkey = partsupp.ps_partkey)", "Filter": "((p_brand <> 'Brand#11'::bpchar) AND ((p_type)::text !~~ 'MEDIUM ANODIZED%'::text) AND (p_size = ANY ('{43,27,44,50,4,45,48,37}'::integer[])))"}]}]}]}]}]}]}}, {"Plan": {"Node Type": "Limit", "Parallel Aware": false, "Startup Cost": 621445.45, "Total Cost": 621445.45, "Plan Rows": 1, "Plan Width": 44, "Plans": [{"Node Type": "Sort", "Parent Relationship": "Outer", "Parallel Aware": false, "Startup Cost": 621445.45, "Total Cost": 621830.6, "Plan Rows": 154059, "Plan Width": 44, "Sort Key": ["(count(DISTINCT partsupp.ps_suppkey)) DESC", "part.p_brand", "part.p_type", "part.p_size"], "Plans": [{"Node Type": "Aggregate", "Strategy": "Sorted", "Partial Mode": "Simple", "Parent Relationship": "Outer", "Parallel Aware": false, "Startup Cost": 611673.01, "Total Cost": 620675.15, "Plan Rows": 154059, "Plan Width": 44, "Group Key": ["part.p_brand", "part.p_type", "part.p_size"], "Plans": [{"Node Type": "Sort", "Parent Relationship": "Outer", "Parallel Aware": false, "Startup Cost": 611673.01, "Total Cost": 613165.32, "Plan Rows": 596924, "Plan Width": 40, "Sort Key": ["part.p_brand", "part.p_type", "part.p_size"], "Plans": [{"Node Type": "Gather", "Parent Relationship": "Outer", "Parallel Aware": false, "Startup Cost": 475283.78, "Total Cost": 544845.35, "Plan Rows": 596924, "Plan Width": 40, "Workers Planned": 3, "Single Copy": false, "Plans": [{"Node Type": "Merge Join", "Parent Relationship": "Outer", "Parallel Aware": false, "Join Type": "Inner", "Startup Cost": 474283.78, "Total Cost": 484152.95, "Plan Rows": 192556, "Plan Width": 40, "Inner Unique": true, "Merge Cond": "(partsupp.ps_partkey = part.p_partkey)", "Plans": [{"Node Type": "Sort", "Parent Relationship": "Outer", "Parallel Aware": false, "Startup Cost": 351398.73, "Total Cost": 354624.38, "Plan Rows": 1290258, "Plan Width": 8, "Sort Key": ["partsupp.ps_partkey"], "Plans": [{"Node Type": "Seq Scan", "Parent Relationship": "Outer", "Parallel Aware": true, "Relation Name": "partsupp", "Alias": "partsupp", "Startup Cost": 3466.03, "Total Cost": 210108.48, "Plan Rows": 1290258, "Plan Width": 8, "Filter": "(NOT (hashed SubPlan 1))", "Plans": [{"Node Type": "Seq Scan", "Parent Relationship": "SubPlan", "Subplan Name": "SubPlan 1", "Parallel Aware": false, "Relation Name": "supplier", "Alias": "supplier", "Startup Cost": 0.0, "Total Cost": 3466.0, "Plan Rows": 10, "Plan Width": 4, "Filter": "((s_comment)::text ~~ '%Customer%Complaints%'::text)"}]}]}, {"Node Type": "Sort", "Parent Relationship": "Inner", "Parallel Aware": false, "Startup Cost": 122884.99, "Total Cost": 123631.19, "Plan Rows": 298477, "Plan Width": 40, "Sort Key": ["part.p_partkey"], "Plans": [{"Node Type": "Seq Scan", "Parent Relationship": "Outer", "Parallel Aware": false, "Relation Name": "part", "Alias": "part", "Startup Cost": 0.0, "Total Cost": 90962.0, "Plan Rows": 298477, "Plan Width": 40, "Filter": "((p_brand <> 'Brand#11'::bpchar) AND ((p_type)::text !~~ 'MEDIUM ANODIZED%'::text) AND (p_size = ANY ('{43,27,44,50,4,45,48,37}'::integer[])))"}]}]}]}]}]}]}]}}, {"Plan": {"Node Type": "Limit", "Parallel Aware": false, "Startup Cost": 621445.45, "Total Cost": 621445.45, "Plan Rows": 1, "Plan Width": 44, "Plans": [{"Node Type": "Sort", "Parent Relationship": "Outer", "Parallel Aware": false, "Startup Cost": 621445.45, "Total Cost": 621830.6, "Plan Rows": 154059, "Plan Width": 44, "Sort Key": ["(count(DISTINCT partsupp.ps_suppkey)) DESC", "part.p_brand", "part.p_type", "part.p_size"], "Plans": [{"Node Type": "Aggregate", "Strategy": "Sorted", "Partial Mode": "Simple", "Parent Relationship": "Outer", "Parallel Aware": false, "Startup Cost": 611673.01, "Total Cost": 620675.15, "Plan Rows": 154059, "Plan Width": 44, "Group Key": ["part.p_brand", "part.p_type", "part.p_size"], "Plans": [{"Node Type": "Sort", "Parent Relationship": "Outer", "Parallel Aware": false, "Startup Cost": 611673.01, "Total Cost": 613165.32, "Plan Rows": 596924, "Plan Width": 40, "Sort Key": ["part.p_brand", "part.p_type", "part.p_size"], "Plans": [{"Node Type": "Gather", "Parent Relationship": "Outer", "Parallel Aware": false, "Startup Cost": 475283.78, "Total Cost": 544845.35, "Plan Rows": 596924, "Plan Width": 40, "Workers Planned": 3, "Single Copy": false, "Plans": [{"Node Type": "Merge Join", "Parent Relationship": "Outer", "Parallel Aware": false, "Join Type": "Inner", "Startup Cost": 474283.78, "Total Cost": 484152.95, "Plan Rows": 192556, "Plan Width": 40, "Inner Unique": true, "Merge Cond": "(partsupp.ps_partkey = part.p_partkey)", "Plans": [{"Node Type": "Sort", "Parent Relationship": "Outer", "Parallel Aware": false, "Startup Cost": 351398.73, "Total Cost": 354624.38, "Plan Rows": 1290258, "Plan Width": 8, "Sort Key": ["partsupp.ps_partkey"], "Plans": [{"Node Type": "Seq Scan", "Parent Relationship": "Outer", "Parallel Aware": true, "Relation Name": "partsupp", "Alias": "partsupp", "Startup Cost": 3466.03, "Total Cost": 210108.48, "Plan Rows": 1290258, "Plan Width": 8, "Filter": "(NOT (hashed SubPlan 1))", "Plans": [{"Node Type": "Seq Scan", "Parent Relationship": "SubPlan", "Subplan Name": "SubPlan 1", "Parallel Aware": false, "Relation Name": "supplier", "Alias": "supplier", "Startup Cost": 0.0, "Total Cost": 3466.0, "Plan Rows": 10, "Plan Width": 4, "Filter": "((s_comment)::text ~~ '%Customer%Complaints%'::text)"}]}]}, {"Node Type": "Sort", "Parent Relationship": "Inner", "Parallel Aware": false, "Startup Cost": 122884.99, "Total Cost": 123631.19, "Plan Rows": 298477, "Plan Width": 40, "Sort Key": ["part.p_partkey"], "Plans": [{"Node Type": "Seq Scan", "Parent Relationship": "Outer", "Parallel Aware": false, "Relation Name": "part", "Alias": "part", "Startup Cost": 0.0, "Total Cost": 90962.0, "Plan Rows": 298477, "Plan Width": 40, "Filter": "((p_brand <> 'Brand#11'::bpchar) AND ((p_type)::text !~~ 'MEDIUM ANODIZED%'::text) AND (p_size = ANY ('{43,27,44,50,4,45,48,37}'::integer[])))"}]}]}]}]}]}]}]}}, {"Plan": {"Node Type": "Limit", "Parallel Aware": false, "Startup Cost": 2365697.54, "Total Cost": 2365697.54, "Plan Rows": 1, "Plan Width": 44, "Plans": [{"Node Type": "Sort", "Parent Relationship": "Outer", "Parallel Aware": false, "Startup Cost": 2365697.54, "Total Cost": 2366082.69, "Plan Rows": 154059, "Plan Width": 44, "Sort Key": ["(count(DISTINCT partsupp.ps_suppkey)) DESC", "part.p_brand", "part.p_type", "part.p_size"], "Plans": [{"Node Type": "Aggregate", "Strategy": "Sorted", "Partial Mode": "Simple", "Parent Relationship": "Outer", "Parallel Aware": false, "Startup Cost": 2355925.1, "Total Cost": 2364927.24, "Plan Rows": 154059, "Plan Width": 44, "Group Key": ["part.p_brand", "part.p_type", "part.p_size"], "Plans": [{"Node Type": "Sort", "Parent Relationship": "Outer", "Parallel Aware": false, "Startup Cost": 2355925.1, "Total Cost": 2357417.41, "Plan Rows": 596924, "Plan Width": 40, "Sort Key": ["part.p_brand", "part.p_type", "part.p_size"], "Plans": [{"Node Type": "Gather", "Parent Relationship": "Outer", "Parallel Aware": false, "Startup Cost": 4466.46, "Total Cost": 2289097.44, "Plan Rows": 596924, "Plan Width": 40, "Workers Planned": 3, "Single Copy": false, "Plans": [{"Node Type": "Nested Loop", "Parent Relationship": "Outer", "Parallel Aware": false, "Join Type": "Inner", "Startup Cost": 3466.46, "Total Cost": 2228405.04, "Plan Rows": 192556, "Plan Width": 40, "Inner Unique": true, "Plans": [{"Node Type": "Seq Scan", "Parent Relationship": "Outer", "Parallel Aware": true, "Relation Name": "partsupp", "Alias": "partsupp", "Startup Cost": 3466.03, "Total Cost": 210108.48, "Plan Rows": 1290258, "Plan Width": 8, "Filter": "(NOT (hashed SubPlan 1))", "Plans": [{"Node Type": "Seq Scan", "Parent Relationship": "SubPlan", "Subplan Name": "SubPlan 1", "Parallel Aware": false, "Relation Name": "supplier", "Alias": "supplier", "Startup Cost": 0.0, "Total Cost": 3466.0, "Plan Rows": 10, "Plan Width": 4, "Filter": "((s_comment)::text ~~ '%Customer%Complaints%'::text)"}]}, {"Node Type": "Bitmap Heap Scan", "Parent Relationship": "Inner", "Parallel Aware": false, "Relation Name": "part", "Alias": "part", "Startup Cost": 0.44, "Total Cost": 1.56, "Plan Rows": 1, "Plan Width": 40, "Recheck Cond": "(p_partkey = partsupp.ps_partkey)", "Filter": "((p_brand <> 'Brand#11'::bpchar) AND ((p_type)::text !~~ 'MEDIUM ANODIZED%'::text) AND (p_size = ANY ('{43,27,44,50,4,45,48,37}'::integer[])))", "Plans": [{"Node Type": "Bitmap Index Scan", "Parent Relationship": "Outer", "Parallel Aware": false, "Index Name": "part_pkey", "Startup Cost": 0.0, "Total Cost": 0.44, "Plan Rows": 1, "Plan Width": 0, "Index Cond": "(p_partkey = partsupp.ps_partkey)"}]}]}]}]}]}]}]}}, {"Plan": {"Node Type": "Limit", "Parallel Aware": false, "Startup Cost": 409082.48, "Total Cost": 409082.49, "Plan Rows": 1, "Plan Width": 44, "Plans": [{"Node Type": "Sort", "Parent Relationship": "Outer", "Parallel Aware": false, "Startup Cost": 409082.48, "Total Cost": 409467.63, "Plan Rows": 154059, "Plan Width": 44, "Sort Key": ["(count(DISTINCT partsupp.ps_suppkey)) DESC", "part.p_brand", "part.p_type", "part.p_size"], "Plans": [{"Node Type": "Aggregate", "Strategy": "Sorted", "Partial Mode": "Simple", "Parent Relationship": "Outer", "Parallel Aware": false, "Startup Cost": 399310.05, "Total Cost": 408312.19, "Plan Rows": 154059, "Plan Width": 44, "Group Key": ["part.p_brand", "part.p_type", "part.p_size"], "Plans": [{"Node Type": "Sort", "Parent Relationship": "Outer", "Parallel Aware": false, "Startup Cost": 399310.05, "Total Cost": 400802.36, "Plan Rows": 596924, "Plan Width": 40, "Sort Key": ["part.p_brand", "part.p_type", "part.p_size"], "Plans": [{"Node Type": "Gather", "Parent Relationship": "Outer", "Parallel Aware": false, "Startup Cost": 62760.59, "Total Cost": 332482.38, "Plan Rows": 596924, "Plan Width": 40, "Workers Planned": 3, "Single Copy": false, "Plans": [{"Node Type": "Hash Join", "Parent Relationship": "Outer", "Parallel Aware": true, "Join Type": "Inner", "Startup Cost": 61760.59, "Total Cost": 271789.98, "Plan Rows": 192556, "Plan Width": 40, "Inner Unique": true, "Hash Cond": "(partsupp.ps_partkey = part.p_partkey)", "Plans": [{"Node Type": "Seq Scan", "Parent Relationship": "Outer", "Parallel Aware": true, "Relation Name": "partsupp", "Alias": "partsupp", "Startup Cost": 3466.03, "Total Cost": 210108.48, "Plan Rows": 1290258, "Plan Width": 8, "Filter": "(NOT (hashed SubPlan 1))", "Plans": [{"Node Type": "Seq Scan", "Parent Relationship": "SubPlan", "Subplan Name": "SubPlan 1", "Parallel Aware": false, "Relation Name": "supplier", "Alias": "supplier", "Startup Cost": 0.0, "Total Cost": 3466.0, "Plan Rows": 10, "Plan Width": 4, "Filter": "((s_comment)::text ~~ '%Customer%Complaints%'::text)"}]}, {"Node Type": "Hash", "Parent Relationship": "Inner", "Parallel Aware": true, "Startup Cost": 57091.03, "Total Cost": 57091.03, "Plan Rows": 96283, "Plan Width": 40, "Plans": [{"Node Type": "Seq Scan", "Parent Relationship": "Outer", "Parallel Aware": true, "Relation Name": "part", "Alias": "part", "Startup Cost": 0.0, "Total Cost": 57091.03, "Plan Rows": 96283, "Plan Width": 40, "Filter": "((p_brand <> 'Brand#11'::bpchar) AND ((p_type)::text !~~ 'MEDIUM ANODIZED%'::text) AND (p_size = ANY ('{43,27,44,50,4,45,48,37}'::integer[])))"}]}]}]}]}]}]}]}}]