[{"Plan": {"Node Type": "Limit", "Parallel Aware": false, "Startup Cost": 30006674547.3, "Total Cost": 30006674547.3, "Plan Rows": 1, "Plan Width": 44, "Plans": [{"Node Type": "Sort", "Parent Relationship": "Outer", "Parallel Aware": false, "Startup Cost": 30006674547.3, "Total Cost": 30006674930.93, "Plan Rows": 153450, "Plan Width": 44, "Sort Key": ["(count(DISTINCT partsupp.ps_suppkey)) DESC", "part.p_brand", "part.p_type", "part.p_size"], "Plans": [{"Node Type": "Aggregate", "Strategy": "Sorted", "Partial Mode": "Simple", "Parent Relationship": "Outer", "Parallel Aware": false, "Startup Cost": 30006664856.03, "Total Cost": 30006673780.05, "Plan Rows": 153450, "Plan Width": 44, "Group Key": ["part.p_brand", "part.p_type", "part.p_size"], "Plans": [{"Node Type": "Sort", "Parent Relationship": "Outer", "Parallel Aware": false, "Startup Cost": 30006664856.03, "Total Cost": 30006666333.93, "Plan Rows": 591162, "Plan Width": 40, "Sort Key": ["part.p_brand", "part.p_type", "part.p_size"], "Plans": [{"Node Type": "Nested Loop", "Parent Relationship": "Outer", "Parallel Aware": false, "Join Type": "Inner", "Startup Cost": 30000003466.89, "Total Cost": 30006598714.76, "Plan Rows": 591162, "Plan Width": 40, "Inner Unique": true, "Plans": [{"Node Type": "Index Scan", "Parent Relationship": "Outer", "Parallel Aware": false, "Scan Direction": "Forward", "Index Name": "idx_partsupp_partkey", "Relation Name": "partsupp", "Alias": "partsupp", "Startup Cost": 20000003466.46, "Total Cost": 20000341993.86, "Plan Rows": 3999800, "Plan Width": 8, "Filter": "(NOT (hashed SubPlan 1))", "Plans": [{"Node Type": "Seq Scan", "Parent Relationship": "SubPlan", "Subplan Name": "SubPlan 1", "Parallel Aware": false, "Relation Name": "supplier", "Alias": "supplier", "Startup Cost": 10000000000.0, "Total Cost": 10000003466.0, "Plan Rows": 10, "Plan Width": 4, "Filter": "((s_comment)::text ~~ '%Customer%Complaints%'::text)"}]}, {"Node Type": "Bitmap Heap Scan", "Parent Relationship": "Inner", "Parallel Aware": false, "Relation Name": "part", "Alias": "part", "Startup Cost": 0.44, "Total Cost": 1.56, "Plan Rows": 1, "Plan Width": 40, "Recheck Cond": "(p_partkey = partsupp.ps_partkey)", "Filter": "((p_brand <> 'Brand#41'::bpchar) AND ((p_type)::text !~~ 'ECONOMY PLATED%'::text) AND (p_size = ANY ('{46,47,29,30,2,38,27,41}'::integer[])))", "Plans": [{"Node Type": "Bitmap Index Scan", "Parent Relationship": "Outer", "Parallel Aware": false, "Index Name": "part_pkey", "Startup Cost": 0.0, "Total Cost": 0.44, "Plan Rows": 1, "Plan Width": 0, "Index Cond": "(p_partkey = partsupp.ps_partkey)"}]}]}]}]}]}]}}, {"Plan": {"Node Type": "Limit", "Parallel Aware": false, "Startup Cost": 10000619190.22, "Total Cost": 10000619190.22, "Plan Rows": 1, "Plan Width": 44, "Plans": [{"Node Type": "Sort", "Parent Relationship": "Outer", "Parallel Aware": false, "Startup Cost": 10000619190.22, "Total Cost": 10000619573.84, "Plan Rows": 153450, "Plan Width": 44, "Sort Key": ["(count(DISTINCT partsupp.ps_suppkey)) DESC", "part.p_brand", "part.p_type", "part.p_size"], "Plans": [{"Node Type": "Aggregate", "Strategy": "Sorted", "Partial Mode": "Simple", "Parent Relationship": "Outer", "Parallel Aware": false, "Startup Cost": 10000609498.94, "Total Cost": 10000618422.97, "Plan Rows": 153450, "Plan Width": 44, "Group Key": ["part.p_brand", "part.p_type", "part.p_size"], "Plans": [{"Node Type": "Sort", "Parent Relationship": "Outer", "Parallel Aware": false, "Startup Cost": 10000609498.94, "Total Cost": 10000610976.85, "Plan Rows": 591162, "Plan Width": 40, "Sort Key": ["part.p_brand", "part.p_type", "part.p_size"], "Plans": [{"Node Type": "Hash Join", "Parent Relationship": "Outer", "Parallel Aware": false, "Join Type": "Inner", "Startup Cost": 10000407616.79, "Total Cost": 10000543357.67, "Plan Rows": 591162, "Plan Width": 40, "Inner Unique": false, "Hash Cond": "(part.p_partkey = partsupp.ps_partkey)", "Plans": [{"Node Type": "Index Scan", "Parent Relationship": "Outer", "Parallel Aware": false, "Scan Direction": "Forward", "Index Name": "part_pkey", "Relation Name": "part", "Alias": "part", "Startup Cost": 0.43, "Total Cost": 106998.23, "Plan Rows": 295596, "Plan Width": 40, "Filter": "((p_brand <> 'Brand#41'::bpchar) AND ((p_type)::text !~~ 'ECONOMY PLATED%'::text) AND (p_size = ANY ('{46,47,29,30,2,38,27,41}'::integer[])))"}, {"Node Type": "Hash", "Parent Relationship": "Inner", "Parallel Aware": false, "Startup Cost": 10000341993.86, "Total Cost": 10000341993.86, "Plan Rows": 3999800, "Plan Width": 8, "Plans": [{"Node Type": "Index Scan", "Parent Relationship": "Outer", "Parallel Aware": false, "Scan Direction": "Forward", "Index Name": "idx_partsupp_partkey", "Relation Name": "partsupp", "Alias": "partsupp", "Startup Cost": 10000003466.46, "Total Cost": 10000341993.86, "Plan Rows": 3999800, "Plan Width": 8, "Filter": "(NOT (hashed SubPlan 1))", "Plans": [{"Node Type": "Seq Scan", "Parent Relationship": "SubPlan", "Subplan Name": "SubPlan 1", "Parallel Aware": false, "Relation Name": "supplier", "Alias": "supplier", "Startup Cost": 10000000000.0, "Total Cost": 10000003466.0, "Plan Rows": 10, "Plan Width": 4, "Filter": "((s_comment)::text ~~ '%Customer%Complaints%'::text)"}]}]}]}]}]}]}]}}, {"Plan": {"Node Type": "Limit", "Parallel Aware": false, "Startup Cost": 10000541473.87, "Total Cost": 10000541473.87, "Plan Rows": 1, "Plan Width": 44, "Plans": [{"Node Type": "Sort", "Parent Relationship": "Outer", "Parallel Aware": false, "Startup Cost": 10000541473.87, "Total Cost": 10000541857.5, "Plan Rows": 153450, "Plan Width": 44, "Sort Key": ["(count(DISTINCT partsupp.ps_suppkey)) DESC", "part.p_brand", "part.p_type", "part.p_size"], "Plans": [{"Node Type": "Aggregate", "Strategy": "Sorted", "Partial Mode": "Simple", "Parent Relationship": "Outer", "Parallel Aware": false, "Startup Cost": 10000531782.6, "Total Cost": 10000540706.62, "Plan Rows": 153450, "Plan Width": 44, "Group Key": ["part.p_brand", "part.p_type", "part.p_size"], "Plans": [{"Node Type": "Sort", "Parent Relationship": "Outer", "Parallel Aware": false, "Startup Cost": 10000531782.6, "Total Cost": 10000533260.5, "Plan Rows": 591162, "Plan Width": 40, "Sort Key": ["part.p_brand", "part.p_type", "part.p_size"], "Plans": [{"Node Type": "Merge Join", "Parent Relationship": "Outer", "Parallel Aware": false, "Join Type": "Inner", "Startup Cost": 10000003469.93, "Total Cost": 10000465641.33, "Plan Rows": 591162, "Plan Width": 40, "Inner Unique": true, "Merge Cond": "(partsupp.ps_partkey = part.p_partkey)", "Plans": [{"Node Type": "Index Scan", "Parent Relationship": "Outer", "Parallel Aware": false, "Scan Direction": "Forward", "Index Name": "idx_partsupp_partkey", "Relation Name": "partsupp", "Alias": "partsupp", "Startup Cost": 10000003466.46, "Total Cost": 10000341993.86, "Plan Rows": 3999800, "Plan Width": 8, "Filter": "(NOT (hashed SubPlan 1))", "Plans": [{"Node Type": "Seq Scan", "Parent Relationship": "SubPlan", "Subplan Name": "SubPlan 1", "Parallel Aware": false, "Relation Name": "supplier", "Alias": "supplier", "Startup Cost": 10000000000.0, "Total Cost": 10000003466.0, "Plan Rows": 10, "Plan Width": 4, "Filter": "((s_comment)::text ~~ '%Customer%Complaints%'::text)"}]}, {"Node Type": "Index Scan", "Parent Relationship": "Inner", "Parallel Aware": false, "Scan Direction": "Forward", "Index Name": "part_pkey", "Relation Name": "part", "Alias": "part", "Startup Cost": 0.43, "Total Cost": 106998.23, "Plan Rows": 295596, "Plan Width": 40, "Filter": "((p_brand <> 'Brand#41'::bpchar) AND ((p_type)::text !~~ 'ECONOMY PLATED%'::text) AND (p_size = ANY ('{46,47,29,30,2,38,27,41}'::integer[])))"}]}]}]}]}]}}, {"Plan": {"Node Type": "Limit", "Parallel Aware": false, "Startup Cost": 10002308828.21, "Total Cost": 10002308828.22, "Plan Rows": 1, "Plan Width": 44, "Plans": [{"Node Type": "Sort", "Parent Relationship": "Outer", "Parallel Aware": false, "Startup Cost": 10002308828.21, "Total Cost": 10002309211.84, "Plan Rows": 153450, "Plan Width": 44, "Sort Key": ["(count(DISTINCT partsupp.ps_suppkey)) DESC", "part.p_brand", "part.p_type", "part.p_size"], "Plans": [{"Node Type": "Aggregate", "Strategy": "Sorted", "Partial Mode": "Simple", "Parent Relationship": "Outer", "Parallel Aware": false, "Startup Cost": 10002299136.94, "Total Cost": 10002308060.96, "Plan Rows": 153450, "Plan Width": 44, "Group Key": ["part.p_brand", "part.p_type", "part.p_size"], "Plans": [{"Node Type": "Sort", "Parent Relationship": "Outer", "Parallel Aware": false, "Startup Cost": 10002299136.94, "Total Cost": 10002300614.84, "Plan Rows": 591162, "Plan Width": 40, "Sort Key": ["part.p_brand", "part.p_type", "part.p_size"], "Plans": [{"Node Type": "Nested Loop", "Parent Relationship": "Outer", "Parallel Aware": false, "Join Type": "Inner", "Startup Cost": 10000003466.89, "Total Cost": 10002232995.67, "Plan Rows": 591162, "Plan Width": 40, "Inner Unique": true, "Plans": [{"Node Type": "Index Scan", "Parent Relationship": "Outer", "Parallel Aware": false, "Scan Direction": "Forward", "Index Name": "idx_partsupp_partkey", "Relation Name": "partsupp", "Alias": "partsupp", "Startup Cost": 10000003466.46, "Total Cost": 10000341993.86, "Plan Rows": 3999800, "Plan Width": 8, "Filter": "(NOT (hashed SubPlan 1))", "Plans": [{"Node Type": "Seq Scan", "Parent Relationship": "SubPlan", "Subplan Name": "SubPlan 1", "Parallel Aware": false, "Relation Name": "supplier", "Alias": "supplier", "Startup Cost": 10000000000.0, "Total Cost": 10000003466.0, "Plan Rows": 10, "Plan Width": 4, "Filter": "((s_comment)::text ~~ '%Customer%Complaints%'::text)"}]}, {"Node Type": "Index Scan", "Parent Relationship": "Inner", "Parallel Aware": false, "Scan Direction": "Forward", "Index Name": "part_pkey", "Relation Name": "part", "Alias": "part", "Startup Cost": 0.43, "Total Cost": 0.47, "Plan Rows": 1, "Plan Width": 40, "Index Cond": "(p_partkey = partsupp.ps_partkey)", "Filter": "((p_brand <> 'Brand#41'::bpchar) AND ((p_type)::text !~~ 'ECONOMY PLATED%'::text) AND (p_size = ANY ('{46,47,29,30,2,38,27,41}'::integer[])))"}]}]}]}]}]}}, {"Plan": {"Node Type": "Limit", "Parallel Aware": false, "Startup Cost": 407727.12, "Total Cost": 407727.12, "Plan Rows": 1, "Plan Width": 44, "Plans": [{"Node Type": "Sort", "Parent Relationship": "Outer", "Parallel Aware": false, "Startup Cost": 407727.12, "Total Cost": 408110.74, "Plan Rows": 153450, "Plan Width": 44, "Sort Key": ["(count(DISTINCT partsupp.ps_suppkey)) DESC", "part.p_brand", "part.p_type", "part.p_size"], "Plans": [{"Node Type": "Aggregate", "Strategy": "Sorted", "Partial Mode": "Simple", "Parent Relationship": "Outer", "Parallel Aware": false, "Startup Cost": 398035.84, "Total Cost": 406959.87, "Plan Rows": 153450, "Plan Width": 44, "Group Key": ["part.p_brand", "part.p_type", "part.p_size"], "Plans": [{"Node Type": "Sort", "Parent Relationship": "Outer", "Parallel Aware": false, "Startup Cost": 398035.84, "Total Cost": 399513.75, "Plan Rows": 591162, "Plan Width": 40, "Sort Key": ["part.p_brand", "part.p_type", "part.p_size"], "Plans": [{"Node Type": "Gather", "Parent Relationship": "Outer", "Parallel Aware": false, "Startup Cost": 62748.98, "Total Cost": 331894.57, "Plan Rows": 591162, "Plan Width": 40, "Workers Planned": 3, "Single Copy": false, "Plans": [{"Node Type": "Hash Join", "Parent Relationship": "Outer", "Parallel Aware": true, "Join Type": "Inner", "Startup Cost": 61748.98, "Total Cost": 271778.37, "Plan Rows": 190697, "Plan Width": 40, "Inner Unique": true, "Hash Cond": "(partsupp.ps_partkey = part.p_partkey)", "Plans": [{"Node Type": "Seq Scan", "Parent Relationship": "Outer", "Parallel Aware": true, "Relation Name": "partsupp", "Alias": "partsupp", "Startup Cost": 3466.03, "Total Cost": 210108.48, "Plan Rows": 1290258, "Plan Width": 8, "Filter": "(NOT (hashed SubPlan 1))", "Plans": [{"Node Type": "Seq Scan", "Parent Relationship": "SubPlan", "Subplan Name": "SubPlan 1", "Parallel Aware": false, "Relation Name": "supplier", "Alias": "supplier", "Startup Cost": 0.0, "Total Cost": 3466.0, "Plan Rows": 10, "Plan Width": 4, "Filter": "((s_comment)::text ~~ '%Customer%Complaints%'::text)"}]}, {"Node Type": "Hash", "Parent Relationship": "Inner", "Parallel Aware": true, "Startup Cost": 57091.03, "Total Cost": 57091.03, "Plan Rows": 95354, "Plan Width": 40, "Plans": [{"Node Type": "Seq Scan", "Parent Relationship": "Outer", "Parallel Aware": true, "Relation Name": "part", "Alias": "part", "Startup Cost": 0.0, "Total Cost": 57091.03, "Plan Rows": 95354, "Plan Width": 40, "Filter": "((p_brand <> 'Brand#41'::bpchar) AND ((p_type)::text !~~ 'ECONOMY PLATED%'::text) AND (p_size = ANY ('{46,47,29,30,2,38,27,41}'::integer[])))"}]}]}]}]}]}]}]}}, {"Plan": {"Node Type": "Limit", "Parallel Aware": false, "Startup Cost": 10002308828.21, "Total Cost": 10002308828.22, "Plan Rows": 1, "Plan Width": 44, "Plans": [{"Node Type": "Sort", "Parent Relationship": "Outer", "Parallel Aware": false, "Startup Cost": 10002308828.21, "Total Cost": 10002309211.84, "Plan Rows": 153450, "Plan Width": 44, "Sort Key": ["(count(DISTINCT partsupp.ps_suppkey)) DESC", "part.p_brand", "part.p_type", "part.p_size"], "Plans": [{"Node Type": "Aggregate", "Strategy": "Sorted", "Partial Mode": "Simple", "Parent Relationship": "Outer", "Parallel Aware": false, "Startup Cost": 10002299136.94, "Total Cost": 10002308060.96, "Plan Rows": 153450, "Plan Width": 44, "Group Key": ["part.p_brand", "part.p_type", "part.p_size"], "Plans": [{"Node Type": "Sort", "Parent Relationship": "Outer", "Parallel Aware": false, "Startup Cost": 10002299136.94, "Total Cost": 10002300614.84, "Plan Rows": 591162, "Plan Width": 40, "Sort Key": ["part.p_brand", "part.p_type", "part.p_size"], "Plans": [{"Node Type": "Nested Loop", "Parent Relationship": "Outer", "Parallel Aware": false, "Join Type": "Inner", "Startup Cost": 10000003466.89, "Total Cost": 10002232995.67, "Plan Rows": 591162, "Plan Width": 40, "Inner Unique": true, "Plans": [{"Node Type": "Index Scan", "Parent Relationship": "Outer", "Parallel Aware": false, "Scan Direction": "Forward", "Index Name": "idx_partsupp_partkey", "Relation Name": "partsupp", "Alias": "partsupp", "Startup Cost": 10000003466.46, "Total Cost": 10000341993.86, "Plan Rows": 3999800, "Plan Width": 8, "Filter": "(NOT (hashed SubPlan 1))", "Plans": [{"Node Type": "Seq Scan", "Parent Relationship": "SubPlan", "Subplan Name": "SubPlan 1", "Parallel Aware": false, "Relation Name": "supplier", "Alias": "supplier", "Startup Cost": 10000000000.0, "Total Cost": 10000003466.0, "Plan Rows": 10, "Plan Width": 4, "Filter": "((s_comment)::text ~~ '%Customer%Complaints%'::text)"}]}, {"Node Type": "Index Scan", "Parent Relationship": "Inner", "Parallel Aware": false, "Scan Direction": "Forward", "Index Name": "part_pkey", "Relation Name": "part", "Alias": "part", "Startup Cost": 0.43, "Total Cost": 0.47, "Plan Rows": 1, "Plan Width": 40, "Index Cond": "(p_partkey = partsupp.ps_partkey)", "Filter": "((p_brand <> 'Brand#41'::bpchar) AND ((p_type)::text !~~ 'ECONOMY PLATED%'::text) AND (p_size = ANY ('{46,47,29,30,2,38,27,41}'::integer[])))"}]}]}]}]}]}}, {"Plan": {"Node Type": "Limit", "Parallel Aware": false, "Startup Cost": 407727.12, "Total Cost": 407727.12, "Plan Rows": 1, "Plan Width": 44, "Plans": [{"Node Type": "Sort", "Parent Relationship": "Outer", "Parallel Aware": false, "Startup Cost": 407727.12, "Total Cost": 408110.74, "Plan Rows": 153450, "Plan Width": 44, "Sort Key": ["(count(DISTINCT partsupp.ps_suppkey)) DESC", "part.p_brand", "part.p_type", "part.p_size"], "Plans": [{"Node Type": "Aggregate", "Strategy": "Sorted", "Partial Mode": "Simple", "Parent Relationship": "Outer", "Parallel Aware": false, "Startup Cost": 398035.84, "Total Cost": 406959.87, "Plan Rows": 153450, "Plan Width": 44, "Group Key": ["part.p_brand", "part.p_type", "part.p_size"], "Plans": [{"Node Type": "Sort", "Parent Relationship": "Outer", "Parallel Aware": false, "Startup Cost": 398035.84, "Total Cost": 399513.75, "Plan Rows": 591162, "Plan Width": 40, "Sort Key": ["part.p_brand", "part.p_type", "part.p_size"], "Plans": [{"Node Type": "Gather", "Parent Relationship": "Outer", "Parallel Aware": false, "Startup Cost": 62748.98, "Total Cost": 331894.57, "Plan Rows": 591162, "Plan Width": 40, "Workers Planned": 3, "Single Copy": false, "Plans": [{"Node Type": "Hash Join", "Parent Relationship": "Outer", "Parallel Aware": true, "Join Type": "Inner", "Startup Cost": 61748.98, "Total Cost": 271778.37, "Plan Rows": 190697, "Plan Width": 40, "Inner Unique": true, "Hash Cond": "(partsupp.ps_partkey = part.p_partkey)", "Plans": [{"Node Type": "Seq Scan", "Parent Relationship": "Outer", "Parallel Aware": true, "Relation Name": "partsupp", "Alias": "partsupp", "Startup Cost": 3466.03, "Total Cost": 210108.48, "Plan Rows": 1290258, "Plan Width": 8, "Filter": "(NOT (hashed SubPlan 1))", "Plans": [{"Node Type": "Seq Scan", "Parent Relationship": "SubPlan", "Subplan Name": "SubPlan 1", "Parallel Aware": false, "Relation Name": "supplier", "Alias": "supplier", "Startup Cost": 0.0, "Total Cost": 3466.0, "Plan Rows": 10, "Plan Width": 4, "Filter": "((s_comment)::text ~~ '%Customer%Complaints%'::text)"}]}, {"Node Type": "Hash", "Parent Relationship": "Inner", "Parallel Aware": true, "Startup Cost": 57091.03, "Total Cost": 57091.03, "Plan Rows": 95354, "Plan Width": 40, "Plans": [{"Node Type": "Seq Scan", "Parent Relationship": "Outer", "Parallel Aware": true, "Relation Name": "part", "Alias": "part", "Startup Cost": 0.0, "Total Cost": 57091.03, "Plan Rows": 95354, "Plan Width": 40, "Filter": "((p_brand <> 'Brand#41'::bpchar) AND ((p_type)::text !~~ 'ECONOMY PLATED%'::text) AND (p_size = ANY ('{46,47,29,30,2,38,27,41}'::integer[])))"}]}]}]}]}]}]}]}}, {"Plan": {"Node Type": "Limit", "Parallel Aware": false, "Startup Cost": 407727.12, "Total Cost": 407727.12, "Plan Rows": 1, "Plan Width": 44, "Plans": [{"Node Type": "Sort", "Parent Relationship": "Outer", "Parallel Aware": false, "Startup Cost": 407727.12, "Total Cost": 408110.74, "Plan Rows": 153450, "Plan Width": 44, "Sort Key": ["(count(DISTINCT partsupp.ps_suppkey)) DESC", "part.p_brand", "part.p_type", "part.p_size"], "Plans": [{"Node Type": "Aggregate", "Strategy": "Sorted", "Partial Mode": "Simple", "Parent Relationship": "Outer", "Parallel Aware": false, "Startup Cost": 398035.84, "Total Cost": 406959.87, "Plan Rows": 153450, "Plan Width": 44, "Group Key": ["part.p_brand", "part.p_type", "part.p_size"], "Plans": [{"Node Type": "Sort", "Parent Relationship": "Outer", "Parallel Aware": false, "Startup Cost": 398035.84, "Total Cost": 399513.75, "Plan Rows": 591162, "Plan Width": 40, "Sort Key": ["part.p_brand", "part.p_type", "part.p_size"], "Plans": [{"Node Type": "Gather", "Parent Relationship": "Outer", "Parallel Aware": false, "Startup Cost": 62748.98, "Total Cost": 331894.57, "Plan Rows": 591162, "Plan Width": 40, "Workers Planned": 3, "Single Copy": false, "Plans": [{"Node Type": "Hash Join", "Parent Relationship": "Outer", "Parallel Aware": true, "Join Type": "Inner", "Startup Cost": 61748.98, "Total Cost": 271778.37, "Plan Rows": 190697, "Plan Width": 40, "Inner Unique": true, "Hash Cond": "(partsupp.ps_partkey = part.p_partkey)", "Plans": [{"Node Type": "Seq Scan", "Parent Relationship": "Outer", "Parallel Aware": true, "Relation Name": "partsupp", "Alias": "partsupp", "Startup Cost": 3466.03, "Total Cost": 210108.48, "Plan Rows": 1290258, "Plan Width": 8, "Filter": "(NOT (hashed SubPlan 1))", "Plans": [{"Node Type": "Seq Scan", "Parent Relationship": "SubPlan", "Subplan Name": "SubPlan 1", "Parallel Aware": false, "Relation Name": "supplier", "Alias": "supplier", "Startup Cost": 0.0, "Total Cost": 3466.0, "Plan Rows": 10, "Plan Width": 4, "Filter": "((s_comment)::text ~~ '%Customer%Complaints%'::text)"}]}, {"Node Type": "Hash", "Parent Relationship": "Inner", "Parallel Aware": true, "Startup Cost": 57091.03, "Total Cost": 57091.03, "Plan Rows": 95354, "Plan Width": 40, "Plans": [{"Node Type": "Seq Scan", "Parent Relationship": "Outer", "Parallel Aware": true, "Relation Name": "part", "Alias": "part", "Startup Cost": 0.0, "Total Cost": 57091.03, "Plan Rows": 95354, "Plan Width": 40, "Filter": "((p_brand <> 'Brand#41'::bpchar) AND ((p_type)::text !~~ 'ECONOMY PLATED%'::text) AND (p_size = ANY ('{46,47,29,30,2,38,27,41}'::integer[])))"}]}]}]}]}]}]}]}}, {"Plan": {"Node Type": "Limit", "Parallel Aware": false, "Startup Cost": 30000541473.87, "Total Cost": 30000541473.87, "Plan Rows": 1, "Plan Width": 44, "Plans": [{"Node Type": "Sort", "Parent Relationship": "Outer", "Parallel Aware": false, "Startup Cost": 30000541473.87, "Total Cost": 30000541857.5, "Plan Rows": 153450, "Plan Width": 44, "Sort Key": ["(count(DISTINCT partsupp.ps_suppkey)) DESC", "part.p_brand", "part.p_type", "part.p_size"], "Plans": [{"Node Type": "Aggregate", "Strategy": "Sorted", "Partial Mode": "Simple", "Parent Relationship": "Outer", "Parallel Aware": false, "Startup Cost": 30000531782.6, "Total Cost": 30000540706.62, "Plan Rows": 153450, "Plan Width": 44, "Group Key": ["part.p_brand", "part.p_type", "part.p_size"], "Plans": [{"Node Type": "Sort", "Parent Relationship": "Outer", "Parallel Aware": false, "Startup Cost": 30000531782.6, "Total Cost": 30000533260.5, "Plan Rows": 591162, "Plan Width": 40, "Sort Key": ["part.p_brand", "part.p_type", "part.p_size"], "Plans": [{"Node Type": "Merge Join", "Parent Relationship": "Outer", "Parallel Aware": false, "Join Type": "Inner", "Startup Cost": 30000003469.93, "Total Cost": 30000465641.33, "Plan Rows": 591162, "Plan Width": 40, "Inner Unique": true, "Merge Cond": "(partsupp.ps_partkey = part.p_partkey)", "Plans": [{"Node Type": "Index Scan", "Parent Relationship": "Outer", "Parallel Aware": false, "Scan Direction": "Forward", "Index Name": "idx_partsupp_partkey", "Relation Name": "partsupp", "Alias": "partsupp", "Startup Cost": 20000003466.46, "Total Cost": 20000341993.86, "Plan Rows": 3999800, "Plan Width": 8, "Filter": "(NOT (hashed SubPlan 1))", "Plans": [{"Node Type": "Seq Scan", "Parent Relationship": "SubPlan", "Subplan Name": "SubPlan 1", "Parallel Aware": false, "Relation Name": "supplier", "Alias": "supplier", "Startup Cost": 10000000000.0, "Total Cost": 10000003466.0, "Plan Rows": 10, "Plan Width": 4, "Filter": "((s_comment)::text ~~ '%Customer%Complaints%'::text)"}]}, {"Node Type": "Index Scan", "Parent Relationship": "Inner", "Parallel Aware": false, "Scan Direction": "Forward", "Index Name": "part_pkey", "Relation Name": "part", "Alias": "part", "Startup Cost": 10000000000.43, "Total Cost": 10000106998.23, "Plan Rows": 295596, "Plan Width": 40, "Filter": "((p_brand <> 'Brand#41'::bpchar) AND ((p_type)::text !~~ 'ECONOMY PLATED%'::text) AND (p_size = ANY ('{46,47,29,30,2,38,27,41}'::integer[])))"}]}]}]}]}]}}, {"Plan": {"Node Type": "Limit", "Parallel Aware": false, "Startup Cost": 20006674547.3, "Total Cost": 20006674547.3, "Plan Rows": 1, "Plan Width": 44, "Plans": [{"Node Type": "Sort", "Parent Relationship": "Outer", "Parallel Aware": false, "Startup Cost": 20006674547.3, "Total Cost": 20006674930.93, "Plan Rows": 153450, "Plan Width": 44, "Sort Key": ["(count(DISTINCT partsupp.ps_suppkey)) DESC", "part.p_brand", "part.p_type", "part.p_size"], "Plans": [{"Node Type": "Aggregate", "Strategy": "Sorted", "Partial Mode": "Simple", "Parent Relationship": "Outer", "Parallel Aware": false, "Startup Cost": 20006664856.03, "Total Cost": 20006673780.05, "Plan Rows": 153450, "Plan Width": 44, "Group Key": ["part.p_brand", "part.p_type", "part.p_size"], "Plans": [{"Node Type": "Sort", "Parent Relationship": "Outer", "Parallel Aware": false, "Startup Cost": 20006664856.03, "Total Cost": 20006666333.93, "Plan Rows": 591162, "Plan Width": 40, "Sort Key": ["part.p_brand", "part.p_type", "part.p_size"], "Plans": [{"Node Type": "Nested Loop", "Parent Relationship": "Outer", "Parallel Aware": false, "Join Type": "Inner", "Startup Cost": 20000003466.89, "Total Cost": 20006598714.76, "Plan Rows": 591162, "Plan Width": 40, "Inner Unique": true, "Plans": [{"Node Type": "Index Scan", "Parent Relationship": "Outer", "Parallel Aware": false, "Scan Direction": "Forward", "Index Name": "idx_partsupp_partkey", "Relation Name": "partsupp", "Alias": "partsupp", "Startup Cost": 20000003466.46, "Total Cost": 20000341993.86, "Plan Rows": 3999800, "Plan Width": 8, "Filter": "(NOT (hashed SubPlan 1))", "Plans": [{"Node Type": "Seq Scan", "Parent Relationship": "SubPlan", "Subplan Name": "SubPlan 1", "Parallel Aware": false, "Relation Name": "supplier", "Alias": "supplier", "Startup Cost": 10000000000.0, "Total Cost": 10000003466.0, "Plan Rows": 10, "Plan Width": 4, "Filter": "((s_comment)::text ~~ '%Customer%Complaints%'::text)"}]}, {"Node Type": "Bitmap Heap Scan", "Parent Relationship": "Inner", "Parallel Aware": false, "Relation Name": "part", "Alias": "part", "Startup Cost": 0.44, "Total Cost": 1.56, "Plan Rows": 1, "Plan Width": 40, "Recheck Cond": "(p_partkey = partsupp.ps_partkey)", "Filter": "((p_brand <> 'Brand#41'::bpchar) AND ((p_type)::text !~~ 'ECONOMY PLATED%'::text) AND (p_size = ANY ('{46,47,29,30,2,38,27,41}'::integer[])))", "Plans": [{"Node Type": "Bitmap Index Scan", "Parent Relationship": "Outer", "Parallel Aware": false, "Index Name": "part_pkey", "Startup Cost": 0.0, "Total Cost": 0.44, "Plan Rows": 1, "Plan Width": 0, "Index Cond": "(p_partkey = partsupp.ps_partkey)"}]}]}]}]}]}]}}, {"Plan": {"Node Type": "Limit", "Parallel Aware": false, "Startup Cost": 407727.12, "Total Cost": 407727.12, "Plan Rows": 1, "Plan Width": 44, "Plans": [{"Node Type": "Sort", "Parent Relationship": "Outer", "Parallel Aware": false, "Startup Cost": 407727.12, "Total Cost": 408110.74, "Plan Rows": 153450, "Plan Width": 44, "Sort Key": ["(count(DISTINCT partsupp.ps_suppkey)) DESC", "part.p_brand", "part.p_type", "part.p_size"], "Plans": [{"Node Type": "Aggregate", "Strategy": "Sorted", "Partial Mode": "Simple", "Parent Relationship": "Outer", "Parallel Aware": false, "Startup Cost": 398035.84, "Total Cost": 406959.87, "Plan Rows": 153450, "Plan Width": 44, "Group Key": ["part.p_brand", "part.p_type", "part.p_size"], "Plans": [{"Node Type": "Sort", "Parent Relationship": "Outer", "Parallel Aware": false, "Startup Cost": 398035.84, "Total Cost": 399513.75, "Plan Rows": 591162, "Plan Width": 40, "Sort Key": ["part.p_brand", "part.p_type", "part.p_size"], "Plans": [{"Node Type": "Gather", "Parent Relationship": "Outer", "Parallel Aware": false, "Startup Cost": 62748.98, "Total Cost": 331894.57, "Plan Rows": 591162, "Plan Width": 40, "Workers Planned": 3, "Single Copy": false, "Plans": [{"Node Type": "Hash Join", "Parent Relationship": "Outer", "Parallel Aware": true, "Join Type": "Inner", "Startup Cost": 61748.98, "Total Cost": 271778.37, "Plan Rows": 190697, "Plan Width": 40, "Inner Unique": true, "Hash Cond": "(partsupp.ps_partkey = part.p_partkey)", "Plans": [{"Node Type": "Seq Scan", "Parent Relationship": "Outer", "Parallel Aware": true, "Relation Name": "partsupp", "Alias": "partsupp", "Startup Cost": 3466.03, "Total Cost": 210108.48, "Plan Rows": 1290258, "Plan Width": 8, "Filter": "(NOT (hashed SubPlan 1))", "Plans": [{"Node Type": "Seq Scan", "Parent Relationship": "SubPlan", "Subplan Name": "SubPlan 1", "Parallel Aware": false, "Relation Name": "supplier", "Alias": "supplier", "Startup Cost": 0.0, "Total Cost": 3466.0, "Plan Rows": 10, "Plan Width": 4, "Filter": "((s_comment)::text ~~ '%Customer%Complaints%'::text)"}]}, {"Node Type": "Hash", "Parent Relationship": "Inner", "Parallel Aware": true, "Startup Cost": 57091.03, "Total Cost": 57091.03, "Plan Rows": 95354, "Plan Width": 40, "Plans": [{"Node Type": "Seq Scan", "Parent Relationship": "Outer", "Parallel Aware": true, "Relation Name": "part", "Alias": "part", "Startup Cost": 0.0, "Total Cost": 57091.03, "Plan Rows": 95354, "Plan Width": 40, "Filter": "((p_brand <> 'Brand#41'::bpchar) AND ((p_type)::text !~~ 'ECONOMY PLATED%'::text) AND (p_size = ANY ('{46,47,29,30,2,38,27,41}'::integer[])))"}]}]}]}]}]}]}]}}, {"Plan": {"Node Type": "Limit", "Parallel Aware": false, "Startup Cost": 407727.12, "Total Cost": 407727.12, "Plan Rows": 1, "Plan Width": 44, "Plans": [{"Node Type": "Sort", "Parent Relationship": "Outer", "Parallel Aware": false, "Startup Cost": 407727.12, "Total Cost": 408110.74, "Plan Rows": 153450, "Plan Width": 44, "Sort Key": ["(count(DISTINCT partsupp.ps_suppkey)) DESC", "part.p_brand", "part.p_type", "part.p_size"], "Plans": [{"Node Type": "Aggregate", "Strategy": "Sorted", "Partial Mode": "Simple", "Parent Relationship": "Outer", "Parallel Aware": false, "Startup Cost": 398035.84, "Total Cost": 406959.87, "Plan Rows": 153450, "Plan Width": 44, "Group Key": ["part.p_brand", "part.p_type", "part.p_size"], "Plans": [{"Node Type": "Sort", "Parent Relationship": "Outer", "Parallel Aware": false, "Startup Cost": 398035.84, "Total Cost": 399513.75, "Plan Rows": 591162, "Plan Width": 40, "Sort Key": ["part.p_brand", "part.p_type", "part.p_size"], "Plans": [{"Node Type": "Gather", "Parent Relationship": "Outer", "Parallel Aware": false, "Startup Cost": 62748.98, "Total Cost": 331894.57, "Plan Rows": 591162, "Plan Width": 40, "Workers Planned": 3, "Single Copy": false, "Plans": [{"Node Type": "Hash Join", "Parent Relationship": "Outer", "Parallel Aware": true, "Join Type": "Inner", "Startup Cost": 61748.98, "Total Cost": 271778.37, "Plan Rows": 190697, "Plan Width": 40, "Inner Unique": true, "Hash Cond": "(partsupp.ps_partkey = part.p_partkey)", "Plans": [{"Node Type": "Seq Scan", "Parent Relationship": "Outer", "Parallel Aware": true, "Relation Name": "partsupp", "Alias": "partsupp", "Startup Cost": 3466.03, "Total Cost": 210108.48, "Plan Rows": 1290258, "Plan Width": 8, "Filter": "(NOT (hashed SubPlan 1))", "Plans": [{"Node Type": "Seq Scan", "Parent Relationship": "SubPlan", "Subplan Name": "SubPlan 1", "Parallel Aware": false, "Relation Name": "supplier", "Alias": "supplier", "Startup Cost": 0.0, "Total Cost": 3466.0, "Plan Rows": 10, "Plan Width": 4, "Filter": "((s_comment)::text ~~ '%Customer%Complaints%'::text)"}]}, {"Node Type": "Hash", "Parent Relationship": "Inner", "Parallel Aware": true, "Startup Cost": 57091.03, "Total Cost": 57091.03, "Plan Rows": 95354, "Plan Width": 40, "Plans": [{"Node Type": "Seq Scan", "Parent Relationship": "Outer", "Parallel Aware": true, "Relation Name": "part", "Alias": "part", "Startup Cost": 0.0, "Total Cost": 57091.03, "Plan Rows": 95354, "Plan Width": 40, "Filter": "((p_brand <> 'Brand#41'::bpchar) AND ((p_type)::text !~~ 'ECONOMY PLATED%'::text) AND (p_size = ANY ('{46,47,29,30,2,38,27,41}'::integer[])))"}]}]}]}]}]}]}]}}, {"Plan": {"Node Type": "Limit", "Parallel Aware": false, "Startup Cost": 20006674547.3, "Total Cost": 20006674547.3, "Plan Rows": 1, "Plan Width": 44, "Plans": [{"Node Type": "Sort", "Parent Relationship": "Outer", "Parallel Aware": false, "Startup Cost": 20006674547.3, "Total Cost": 20006674930.93, "Plan Rows": 153450, "Plan Width": 44, "Sort Key": ["(count(DISTINCT partsupp.ps_suppkey)) DESC", "part.p_brand", "part.p_type", "part.p_size"], "Plans": [{"Node Type": "Aggregate", "Strategy": "Sorted", "Partial Mode": "Simple", "Parent Relationship": "Outer", "Parallel Aware": false, "Startup Cost": 20006664856.03, "Total Cost": 20006673780.05, "Plan Rows": 153450, "Plan Width": 44, "Group Key": ["part.p_brand", "part.p_type", "part.p_size"], "Plans": [{"Node Type": "Sort", "Parent Relationship": "Outer", "Parallel Aware": false, "Startup Cost": 20006664856.03, "Total Cost": 20006666333.93, "Plan Rows": 591162, "Plan Width": 40, "Sort Key": ["part.p_brand", "part.p_type", "part.p_size"], "Plans": [{"Node Type": "Nested Loop", "Parent Relationship": "Outer", "Parallel Aware": false, "Join Type": "Inner", "Startup Cost": 20000003466.89, "Total Cost": 20006598714.76, "Plan Rows": 591162, "Plan Width": 40, "Inner Unique": true, "Plans": [{"Node Type": "Index Scan", "Parent Relationship": "Outer", "Parallel Aware": false, "Scan Direction": "Forward", "Index Name": "idx_partsupp_partkey", "Relation Name": "partsupp", "Alias": "partsupp", "Startup Cost": 20000003466.46, "Total Cost": 20000341993.86, "Plan Rows": 3999800, "Plan Width": 8, "Filter": "(NOT (hashed SubPlan 1))", "Plans": [{"Node Type": "Seq Scan", "Parent Relationship": "SubPlan", "Subplan Name": "SubPlan 1", "Parallel Aware": false, "Relation Name": "supplier", "Alias": "supplier", "Startup Cost": 10000000000.0, "Total Cost": 10000003466.0, "Plan Rows": 10, "Plan Width": 4, "Filter": "((s_comment)::text ~~ '%Customer%Complaints%'::text)"}]}, {"Node Type": "Bitmap Heap Scan", "Parent Relationship": "Inner", "Parallel Aware": false, "Relation Name": "part", "Alias": "part", "Startup Cost": 0.44, "Total Cost": 1.56, "Plan Rows": 1, "Plan Width": 40, "Recheck Cond": "(p_partkey = partsupp.ps_partkey)", "Filter": "((p_brand <> 'Brand#41'::bpchar) AND ((p_type)::text !~~ 'ECONOMY PLATED%'::text) AND (p_size = ANY ('{46,47,29,30,2,38,27,41}'::integer[])))", "Plans": [{"Node Type": "Bitmap Index Scan", "Parent Relationship": "Outer", "Parallel Aware": false, "Index Name": "part_pkey", "Startup Cost": 0.0, "Total Cost": 0.44, "Plan Rows": 1, "Plan Width": 0, "Index Cond": "(p_partkey = partsupp.ps_partkey)"}]}]}]}]}]}]}}, {"Plan": {"Node Type": "Limit", "Parallel Aware": false, "Startup Cost": 407727.12, "Total Cost": 407727.12, "Plan Rows": 1, "Plan Width": 44, "Plans": [{"Node Type": "Sort", "Parent Relationship": "Outer", "Parallel Aware": false, "Startup Cost": 407727.12, "Total Cost": 408110.74, "Plan Rows": 153450, "Plan Width": 44, "Sort Key": ["(count(DISTINCT partsupp.ps_suppkey)) DESC", "part.p_brand", "part.p_type", "part.p_size"], "Plans": [{"Node Type": "Aggregate", "Strategy": "Sorted", "Partial Mode": "Simple", "Parent Relationship": "Outer", "Parallel Aware": false, "Startup Cost": 398035.84, "Total Cost": 406959.87, "Plan Rows": 153450, "Plan Width": 44, "Group Key": ["part.p_brand", "part.p_type", "part.p_size"], "Plans": [{"Node Type": "Sort", "Parent Relationship": "Outer", "Parallel Aware": false, "Startup Cost": 398035.84, "Total Cost": 399513.75, "Plan Rows": 591162, "Plan Width": 40, "Sort Key": ["part.p_brand", "part.p_type", "part.p_size"], "Plans": [{"Node Type": "Gather", "Parent Relationship": "Outer", "Parallel Aware": false, "Startup Cost": 62748.98, "Total Cost": 331894.57, "Plan Rows": 591162, "Plan Width": 40, "Workers Planned": 3, "Single Copy": false, "Plans": [{"Node Type": "Hash Join", "Parent Relationship": "Outer", "Parallel Aware": true, "Join Type": "Inner", "Startup Cost": 61748.98, "Total Cost": 271778.37, "Plan Rows": 190697, "Plan Width": 40, "Inner Unique": true, "Hash Cond": "(partsupp.ps_partkey = part.p_partkey)", "Plans": [{"Node Type": "Seq Scan", "Parent Relationship": "Outer", "Parallel Aware": true, "Relation Name": "partsupp", "Alias": "partsupp", "Startup Cost": 3466.03, "Total Cost": 210108.48, "Plan Rows": 1290258, "Plan Width": 8, "Filter": "(NOT (hashed SubPlan 1))", "Plans": [{"Node Type": "Seq Scan", "Parent Relationship": "SubPlan", "Subplan Name": "SubPlan 1", "Parallel Aware": false, "Relation Name": "supplier", "Alias": "supplier", "Startup Cost": 0.0, "Total Cost": 3466.0, "Plan Rows": 10, "Plan Width": 4, "Filter": "((s_comment)::text ~~ '%Customer%Complaints%'::text)"}]}, {"Node Type": "Hash", "Parent Relationship": "Inner", "Parallel Aware": true, "Startup Cost": 57091.03, "Total Cost": 57091.03, "Plan Rows": 95354, "Plan Width": 40, "Plans": [{"Node Type": "Seq Scan", "Parent Relationship": "Outer", "Parallel Aware": true, "Relation Name": "part", "Alias": "part", "Startup Cost": 0.0, "Total Cost": 57091.03, "Plan Rows": 95354, "Plan Width": 40, "Filter": "((p_brand <> 'Brand#41'::bpchar) AND ((p_type)::text !~~ 'ECONOMY PLATED%'::text) AND (p_size = ANY ('{46,47,29,30,2,38,27,41}'::integer[])))"}]}]}]}]}]}]}]}}, {"Plan": {"Node Type": "Limit", "Parallel Aware": false, "Startup Cost": 407727.12, "Total Cost": 407727.12, "Plan Rows": 1, "Plan Width": 44, "Plans": [{"Node Type": "Sort", "Parent Relationship": "Outer", "Parallel Aware": false, "Startup Cost": 407727.12, "Total Cost": 408110.74, "Plan Rows": 153450, "Plan Width": 44, "Sort Key": ["(count(DISTINCT partsupp.ps_suppkey)) DESC", "part.p_brand", "part.p_type", "part.p_size"], "Plans": [{"Node Type": "Aggregate", "Strategy": "Sorted", "Partial Mode": "Simple", "Parent Relationship": "Outer", "Parallel Aware": false, "Startup Cost": 398035.84, "Total Cost": 406959.87, "Plan Rows": 153450, "Plan Width": 44, "Group Key": ["part.p_brand", "part.p_type", "part.p_size"], "Plans": [{"Node Type": "Sort", "Parent Relationship": "Outer", "Parallel Aware": false, "Startup Cost": 398035.84, "Total Cost": 399513.75, "Plan Rows": 591162, "Plan Width": 40, "Sort Key": ["part.p_brand", "part.p_type", "part.p_size"], "Plans": [{"Node Type": "Gather", "Parent Relationship": "Outer", "Parallel Aware": false, "Startup Cost": 62748.98, "Total Cost": 331894.57, "Plan Rows": 591162, "Plan Width": 40, "Workers Planned": 3, "Single Copy": false, "Plans": [{"Node Type": "Hash Join", "Parent Relationship": "Outer", "Parallel Aware": true, "Join Type": "Inner", "Startup Cost": 61748.98, "Total Cost": 271778.37, "Plan Rows": 190697, "Plan Width": 40, "Inner Unique": true, "Hash Cond": "(partsupp.ps_partkey = part.p_partkey)", "Plans": [{"Node Type": "Seq Scan", "Parent Relationship": "Outer", "Parallel Aware": true, "Relation Name": "partsupp", "Alias": "partsupp", "Startup Cost": 3466.03, "Total Cost": 210108.48, "Plan Rows": 1290258, "Plan Width": 8, "Filter": "(NOT (hashed SubPlan 1))", "Plans": [{"Node Type": "Seq Scan", "Parent Relationship": "SubPlan", "Subplan Name": "SubPlan 1", "Parallel Aware": false, "Relation Name": "supplier", "Alias": "supplier", "Startup Cost": 0.0, "Total Cost": 3466.0, "Plan Rows": 10, "Plan Width": 4, "Filter": "((s_comment)::text ~~ '%Customer%Complaints%'::text)"}]}, {"Node Type": "Hash", "Parent Relationship": "Inner", "Parallel Aware": true, "Startup Cost": 57091.03, "Total Cost": 57091.03, "Plan Rows": 95354, "Plan Width": 40, "Plans": [{"Node Type": "Seq Scan", "Parent Relationship": "Outer", "Parallel Aware": true, "Relation Name": "part", "Alias": "part", "Startup Cost": 0.0, "Total Cost": 57091.03, "Plan Rows": 95354, "Plan Width": 40, "Filter": "((p_brand <> 'Brand#41'::bpchar) AND ((p_type)::text !~~ 'ECONOMY PLATED%'::text) AND (p_size = ANY ('{46,47,29,30,2,38,27,41}'::integer[])))"}]}]}]}]}]}]}]}}, {"Plan": {"Node Type": "Limit", "Parallel Aware": false, "Startup Cost": 10000619190.22, "Total Cost": 10000619190.22, "Plan Rows": 1, "Plan Width": 44, "Plans": [{"Node Type": "Sort", "Parent Relationship": "Outer", "Parallel Aware": false, "Startup Cost": 10000619190.22, "Total Cost": 10000619573.84, "Plan Rows": 153450, "Plan Width": 44, "Sort Key": ["(count(DISTINCT partsupp.ps_suppkey)) DESC", "part.p_brand", "part.p_type", "part.p_size"], "Plans": [{"Node Type": "Aggregate", "Strategy": "Sorted", "Partial Mode": "Simple", "Parent Relationship": "Outer", "Parallel Aware": false, "Startup Cost": 10000609498.94, "Total Cost": 10000618422.97, "Plan Rows": 153450, "Plan Width": 44, "Group Key": ["part.p_brand", "part.p_type", "part.p_size"], "Plans": [{"Node Type": "Sort", "Parent Relationship": "Outer", "Parallel Aware": false, "Startup Cost": 10000609498.94, "Total Cost": 10000610976.85, "Plan Rows": 591162, "Plan Width": 40, "Sort Key": ["part.p_brand", "part.p_type", "part.p_size"], "Plans": [{"Node Type": "Hash Join", "Parent Relationship": "Outer", "Parallel Aware": false, "Join Type": "Inner", "Startup Cost": 10000407616.79, "Total Cost": 10000543357.67, "Plan Rows": 591162, "Plan Width": 40, "Inner Unique": false, "Hash Cond": "(part.p_partkey = partsupp.ps_partkey)", "Plans": [{"Node Type": "Index Scan", "Parent Relationship": "Outer", "Parallel Aware": false, "Scan Direction": "Forward", "Index Name": "part_pkey", "Relation Name": "part", "Alias": "part", "Startup Cost": 0.43, "Total Cost": 106998.23, "Plan Rows": 295596, "Plan Width": 40, "Filter": "((p_brand <> 'Brand#41'::bpchar) AND ((p_type)::text !~~ 'ECONOMY PLATED%'::text) AND (p_size = ANY ('{46,47,29,30,2,38,27,41}'::integer[])))"}, {"Node Type": "Hash", "Parent Relationship": "Inner", "Parallel Aware": false, "Startup Cost": 10000341993.86, "Total Cost": 10000341993.86, "Plan Rows": 3999800, "Plan Width": 8, "Plans": [{"Node Type": "Index Scan", "Parent Relationship": "Outer", "Parallel Aware": false, "Scan Direction": "Forward", "Index Name": "idx_partsupp_partkey", "Relation Name": "partsupp", "Alias": "partsupp", "Startup Cost": 10000003466.46, "Total Cost": 10000341993.86, "Plan Rows": 3999800, "Plan Width": 8, "Filter": "(NOT (hashed SubPlan 1))", "Plans": [{"Node Type": "Seq Scan", "Parent Relationship": "SubPlan", "Subplan Name": "SubPlan 1", "Parallel Aware": false, "Relation Name": "supplier", "Alias": "supplier", "Startup Cost": 10000000000.0, "Total Cost": 10000003466.0, "Plan Rows": 10, "Plan Width": 4, "Filter": "((s_comment)::text ~~ '%Customer%Complaints%'::text)"}]}]}]}]}]}]}]}}, {"Plan": {"Node Type": "Limit", "Parallel Aware": false, "Startup Cost": 10000541473.87, "Total Cost": 10000541473.87, "Plan Rows": 1, "Plan Width": 44, "Plans": [{"Node Type": "Sort", "Parent Relationship": "Outer", "Parallel Aware": false, "Startup Cost": 10000541473.87, "Total Cost": 10000541857.5, "Plan Rows": 153450, "Plan Width": 44, "Sort Key": ["(count(DISTINCT partsupp.ps_suppkey)) DESC", "part.p_brand", "part.p_type", "part.p_size"], "Plans": [{"Node Type": "Aggregate", "Strategy": "Sorted", "Partial Mode": "Simple", "Parent Relationship": "Outer", "Parallel Aware": false, "Startup Cost": 10000531782.6, "Total Cost": 10000540706.62, "Plan Rows": 153450, "Plan Width": 44, "Group Key": ["part.p_brand", "part.p_type", "part.p_size"], "Plans": [{"Node Type": "Sort", "Parent Relationship": "Outer", "Parallel Aware": false, "Startup Cost": 10000531782.6, "Total Cost": 10000533260.5, "Plan Rows": 591162, "Plan Width": 40, "Sort Key": ["part.p_brand", "part.p_type", "part.p_size"], "Plans": [{"Node Type": "Merge Join", "Parent Relationship": "Outer", "Parallel Aware": false, "Join Type": "Inner", "Startup Cost": 10000003469.93, "Total Cost": 10000465641.33, "Plan Rows": 591162, "Plan Width": 40, "Inner Unique": true, "Merge Cond": "(partsupp.ps_partkey = part.p_partkey)", "Plans": [{"Node Type": "Index Scan", "Parent Relationship": "Outer", "Parallel Aware": false, "Scan Direction": "Forward", "Index Name": "idx_partsupp_partkey", "Relation Name": "partsupp", "Alias": "partsupp", "Startup Cost": 10000003466.46, "Total Cost": 10000341993.86, "Plan Rows": 3999800, "Plan Width": 8, "Filter": "(NOT (hashed SubPlan 1))", "Plans": [{"Node Type": "Seq Scan", "Parent Relationship": "SubPlan", "Subplan Name": "SubPlan 1", "Parallel Aware": false, "Relation Name": "supplier", "Alias": "supplier", "Startup Cost": 10000000000.0, "Total Cost": 10000003466.0, "Plan Rows": 10, "Plan Width": 4, "Filter": "((s_comment)::text ~~ '%Customer%Complaints%'::text)"}]}, {"Node Type": "Index Scan", "Parent Relationship": "Inner", "Parallel Aware": false, "Scan Direction": "Forward", "Index Name": "part_pkey", "Relation Name": "part", "Alias": "part", "Startup Cost": 0.43, "Total Cost": 106998.23, "Plan Rows": 295596, "Plan Width": 40, "Filter": "((p_brand <> 'Brand#41'::bpchar) AND ((p_type)::text !~~ 'ECONOMY PLATED%'::text) AND (p_size = ANY ('{46,47,29,30,2,38,27,41}'::integer[])))"}]}]}]}]}]}}, {"Plan": {"Node Type": "Limit", "Parallel Aware": false, "Startup Cost": 10002308828.21, "Total Cost": 10002308828.22, "Plan Rows": 1, "Plan Width": 44, "Plans": [{"Node Type": "Sort", "Parent Relationship": "Outer", "Parallel Aware": false, "Startup Cost": 10002308828.21, "Total Cost": 10002309211.84, "Plan Rows": 153450, "Plan Width": 44, "Sort Key": ["(count(DISTINCT partsupp.ps_suppkey)) DESC", "part.p_brand", "part.p_type", "part.p_size"], "Plans": [{"Node Type": "Aggregate", "Strategy": "Sorted", "Partial Mode": "Simple", "Parent Relationship": "Outer", "Parallel Aware": false, "Startup Cost": 10002299136.94, "Total Cost": 10002308060.96, "Plan Rows": 153450, "Plan Width": 44, "Group Key": ["part.p_brand", "part.p_type", "part.p_size"], "Plans": [{"Node Type": "Sort", "Parent Relationship": "Outer", "Parallel Aware": false, "Startup Cost": 10002299136.94, "Total Cost": 10002300614.84, "Plan Rows": 591162, "Plan Width": 40, "Sort Key": ["part.p_brand", "part.p_type", "part.p_size"], "Plans": [{"Node Type": "Nested Loop", "Parent Relationship": "Outer", "Parallel Aware": false, "Join Type": "Inner", "Startup Cost": 10000003466.89, "Total Cost": 10002232995.67, "Plan Rows": 591162, "Plan Width": 40, "Inner Unique": true, "Plans": [{"Node Type": "Index Scan", "Parent Relationship": "Outer", "Parallel Aware": false, "Scan Direction": "Forward", "Index Name": "idx_partsupp_partkey", "Relation Name": "partsupp", "Alias": "partsupp", "Startup Cost": 10000003466.46, "Total Cost": 10000341993.86, "Plan Rows": 3999800, "Plan Width": 8, "Filter": "(NOT (hashed SubPlan 1))", "Plans": [{"Node Type": "Seq Scan", "Parent Relationship": "SubPlan", "Subplan Name": "SubPlan 1", "Parallel Aware": false, "Relation Name": "supplier", "Alias": "supplier", "Startup Cost": 10000000000.0, "Total Cost": 10000003466.0, "Plan Rows": 10, "Plan Width": 4, "Filter": "((s_comment)::text ~~ '%Customer%Complaints%'::text)"}]}, {"Node Type": "Index Scan", "Parent Relationship": "Inner", "Parallel Aware": false, "Scan Direction": "Forward", "Index Name": "part_pkey", "Relation Name": "part", "Alias": "part", "Startup Cost": 0.43, "Total Cost": 0.47, "Plan Rows": 1, "Plan Width": 40, "Index Cond": "(p_partkey = partsupp.ps_partkey)", "Filter": "((p_brand <> 'Brand#41'::bpchar) AND ((p_type)::text !~~ 'ECONOMY PLATED%'::text) AND (p_size = ANY ('{46,47,29,30,2,38,27,41}'::integer[])))"}]}]}]}]}]}}, {"Plan": {"Node Type": "Limit", "Parallel Aware": false, "Startup Cost": 407727.12, "Total Cost": 407727.12, "Plan Rows": 1, "Plan Width": 44, "Plans": [{"Node Type": "Sort", "Parent Relationship": "Outer", "Parallel Aware": false, "Startup Cost": 407727.12, "Total Cost": 408110.74, "Plan Rows": 153450, "Plan Width": 44, "Sort Key": ["(count(DISTINCT partsupp.ps_suppkey)) DESC", "part.p_brand", "part.p_type", "part.p_size"], "Plans": [{"Node Type": "Aggregate", "Strategy": "Sorted", "Partial Mode": "Simple", "Parent Relationship": "Outer", "Parallel Aware": false, "Startup Cost": 398035.84, "Total Cost": 406959.87, "Plan Rows": 153450, "Plan Width": 44, "Group Key": ["part.p_brand", "part.p_type", "part.p_size"], "Plans": [{"Node Type": "Sort", "Parent Relationship": "Outer", "Parallel Aware": false, "Startup Cost": 398035.84, "Total Cost": 399513.75, "Plan Rows": 591162, "Plan Width": 40, "Sort Key": ["part.p_brand", "part.p_type", "part.p_size"], "Plans": [{"Node Type": "Gather", "Parent Relationship": "Outer", "Parallel Aware": false, "Startup Cost": 62748.98, "Total Cost": 331894.57, "Plan Rows": 591162, "Plan Width": 40, "Workers Planned": 3, "Single Copy": false, "Plans": [{"Node Type": "Hash Join", "Parent Relationship": "Outer", "Parallel Aware": true, "Join Type": "Inner", "Startup Cost": 61748.98, "Total Cost": 271778.37, "Plan Rows": 190697, "Plan Width": 40, "Inner Unique": true, "Hash Cond": "(partsupp.ps_partkey = part.p_partkey)", "Plans": [{"Node Type": "Seq Scan", "Parent Relationship": "Outer", "Parallel Aware": true, "Relation Name": "partsupp", "Alias": "partsupp", "Startup Cost": 3466.03, "Total Cost": 210108.48, "Plan Rows": 1290258, "Plan Width": 8, "Filter": "(NOT (hashed SubPlan 1))", "Plans": [{"Node Type": "Seq Scan", "Parent Relationship": "SubPlan", "Subplan Name": "SubPlan 1", "Parallel Aware": false, "Relation Name": "supplier", "Alias": "supplier", "Startup Cost": 0.0, "Total Cost": 3466.0, "Plan Rows": 10, "Plan Width": 4, "Filter": "((s_comment)::text ~~ '%Customer%Complaints%'::text)"}]}, {"Node Type": "Hash", "Parent Relationship": "Inner", "Parallel Aware": true, "Startup Cost": 57091.03, "Total Cost": 57091.03, "Plan Rows": 95354, "Plan Width": 40, "Plans": [{"Node Type": "Seq Scan", "Parent Relationship": "Outer", "Parallel Aware": true, "Relation Name": "part", "Alias": "part", "Startup Cost": 0.0, "Total Cost": 57091.03, "Plan Rows": 95354, "Plan Width": 40, "Filter": "((p_brand <> 'Brand#41'::bpchar) AND ((p_type)::text !~~ 'ECONOMY PLATED%'::text) AND (p_size = ANY ('{46,47,29,30,2,38,27,41}'::integer[])))"}]}]}]}]}]}]}]}}, {"Plan": {"Node Type": "Limit", "Parallel Aware": false, "Startup Cost": 407727.12, "Total Cost": 407727.12, "Plan Rows": 1, "Plan Width": 44, "Plans": [{"Node Type": "Sort", "Parent Relationship": "Outer", "Parallel Aware": false, "Startup Cost": 407727.12, "Total Cost": 408110.74, "Plan Rows": 153450, "Plan Width": 44, "Sort Key": ["(count(DISTINCT partsupp.ps_suppkey)) DESC", "part.p_brand", "part.p_type", "part.p_size"], "Plans": [{"Node Type": "Aggregate", "Strategy": "Sorted", "Partial Mode": "Simple", "Parent Relationship": "Outer", "Parallel Aware": false, "Startup Cost": 398035.84, "Total Cost": 406959.87, "Plan Rows": 153450, "Plan Width": 44, "Group Key": ["part.p_brand", "part.p_type", "part.p_size"], "Plans": [{"Node Type": "Sort", "Parent Relationship": "Outer", "Parallel Aware": false, "Startup Cost": 398035.84, "Total Cost": 399513.75, "Plan Rows": 591162, "Plan Width": 40, "Sort Key": ["part.p_brand", "part.p_type", "part.p_size"], "Plans": [{"Node Type": "Gather", "Parent Relationship": "Outer", "Parallel Aware": false, "Startup Cost": 62748.98, "Total Cost": 331894.57, "Plan Rows": 591162, "Plan Width": 40, "Workers Planned": 3, "Single Copy": false, "Plans": [{"Node Type": "Hash Join", "Parent Relationship": "Outer", "Parallel Aware": true, "Join Type": "Inner", "Startup Cost": 61748.98, "Total Cost": 271778.37, "Plan Rows": 190697, "Plan Width": 40, "Inner Unique": true, "Hash Cond": "(partsupp.ps_partkey = part.p_partkey)", "Plans": [{"Node Type": "Seq Scan", "Parent Relationship": "Outer", "Parallel Aware": true, "Relation Name": "partsupp", "Alias": "partsupp", "Startup Cost": 3466.03, "Total Cost": 210108.48, "Plan Rows": 1290258, "Plan Width": 8, "Filter": "(NOT (hashed SubPlan 1))", "Plans": [{"Node Type": "Seq Scan", "Parent Relationship": "SubPlan", "Subplan Name": "SubPlan 1", "Parallel Aware": false, "Relation Name": "supplier", "Alias": "supplier", "Startup Cost": 0.0, "Total Cost": 3466.0, "Plan Rows": 10, "Plan Width": 4, "Filter": "((s_comment)::text ~~ '%Customer%Complaints%'::text)"}]}, {"Node Type": "Hash", "Parent Relationship": "Inner", "Parallel Aware": true, "Startup Cost": 57091.03, "Total Cost": 57091.03, "Plan Rows": 95354, "Plan Width": 40, "Plans": [{"Node Type": "Seq Scan", "Parent Relationship": "Outer", "Parallel Aware": true, "Relation Name": "part", "Alias": "part", "Startup Cost": 0.0, "Total Cost": 57091.03, "Plan Rows": 95354, "Plan Width": 40, "Filter": "((p_brand <> 'Brand#41'::bpchar) AND ((p_type)::text !~~ 'ECONOMY PLATED%'::text) AND (p_size = ANY ('{46,47,29,30,2,38,27,41}'::integer[])))"}]}]}]}]}]}]}]}}, {"Plan": {"Node Type": "Limit", "Parallel Aware": false, "Startup Cost": 10002308828.21, "Total Cost": 10002308828.22, "Plan Rows": 1, "Plan Width": 44, "Plans": [{"Node Type": "Sort", "Parent Relationship": "Outer", "Parallel Aware": false, "Startup Cost": 10002308828.21, "Total Cost": 10002309211.84, "Plan Rows": 153450, "Plan Width": 44, "Sort Key": ["(count(DISTINCT partsupp.ps_suppkey)) DESC", "part.p_brand", "part.p_type", "part.p_size"], "Plans": [{"Node Type": "Aggregate", "Strategy": "Sorted", "Partial Mode": "Simple", "Parent Relationship": "Outer", "Parallel Aware": false, "Startup Cost": 10002299136.94, "Total Cost": 10002308060.96, "Plan Rows": 153450, "Plan Width": 44, "Group Key": ["part.p_brand", "part.p_type", "part.p_size"], "Plans": [{"Node Type": "Sort", "Parent Relationship": "Outer", "Parallel Aware": false, "Startup Cost": 10002299136.94, "Total Cost": 10002300614.84, "Plan Rows": 591162, "Plan Width": 40, "Sort Key": ["part.p_brand", "part.p_type", "part.p_size"], "Plans": [{"Node Type": "Nested Loop", "Parent Relationship": "Outer", "Parallel Aware": false, "Join Type": "Inner", "Startup Cost": 10000003466.89, "Total Cost": 10002232995.67, "Plan Rows": 591162, "Plan Width": 40, "Inner Unique": true, "Plans": [{"Node Type": "Index Scan", "Parent Relationship": "Outer", "Parallel Aware": false, "Scan Direction": "Forward", "Index Name": "idx_partsupp_partkey", "Relation Name": "partsupp", "Alias": "partsupp", "Startup Cost": 10000003466.46, "Total Cost": 10000341993.86, "Plan Rows": 3999800, "Plan Width": 8, "Filter": "(NOT (hashed SubPlan 1))", "Plans": [{"Node Type": "Seq Scan", "Parent Relationship": "SubPlan", "Subplan Name": "SubPlan 1", "Parallel Aware": false, "Relation Name": "supplier", "Alias": "supplier", "Startup Cost": 10000000000.0, "Total Cost": 10000003466.0, "Plan Rows": 10, "Plan Width": 4, "Filter": "((s_comment)::text ~~ '%Customer%Complaints%'::text)"}]}, {"Node Type": "Index Scan", "Parent Relationship": "Inner", "Parallel Aware": false, "Scan Direction": "Forward", "Index Name": "part_pkey", "Relation Name": "part", "Alias": "part", "Startup Cost": 0.43, "Total Cost": 0.47, "Plan Rows": 1, "Plan Width": 40, "Index Cond": "(p_partkey = partsupp.ps_partkey)", "Filter": "((p_brand <> 'Brand#41'::bpchar) AND ((p_type)::text !~~ 'ECONOMY PLATED%'::text) AND (p_size = ANY ('{46,47,29,30,2,38,27,41}'::integer[])))"}]}]}]}]}]}}, {"Plan": {"Node Type": "Limit", "Parallel Aware": false, "Startup Cost": 407727.12, "Total Cost": 407727.12, "Plan Rows": 1, "Plan Width": 44, "Plans": [{"Node Type": "Sort", "Parent Relationship": "Outer", "Parallel Aware": false, "Startup Cost": 407727.12, "Total Cost": 408110.74, "Plan Rows": 153450, "Plan Width": 44, "Sort Key": ["(count(DISTINCT partsupp.ps_suppkey)) DESC", "part.p_brand", "part.p_type", "part.p_size"], "Plans": [{"Node Type": "Aggregate", "Strategy": "Sorted", "Partial Mode": "Simple", "Parent Relationship": "Outer", "Parallel Aware": false, "Startup Cost": 398035.84, "Total Cost": 406959.87, "Plan Rows": 153450, "Plan Width": 44, "Group Key": ["part.p_brand", "part.p_type", "part.p_size"], "Plans": [{"Node Type": "Sort", "Parent Relationship": "Outer", "Parallel Aware": false, "Startup Cost": 398035.84, "Total Cost": 399513.75, "Plan Rows": 591162, "Plan Width": 40, "Sort Key": ["part.p_brand", "part.p_type", "part.p_size"], "Plans": [{"Node Type": "Gather", "Parent Relationship": "Outer", "Parallel Aware": false, "Startup Cost": 62748.98, "Total Cost": 331894.57, "Plan Rows": 591162, "Plan Width": 40, "Workers Planned": 3, "Single Copy": false, "Plans": [{"Node Type": "Hash Join", "Parent Relationship": "Outer", "Parallel Aware": true, "Join Type": "Inner", "Startup Cost": 61748.98, "Total Cost": 271778.37, "Plan Rows": 190697, "Plan Width": 40, "Inner Unique": true, "Hash Cond": "(partsupp.ps_partkey = part.p_partkey)", "Plans": [{"Node Type": "Seq Scan", "Parent Relationship": "Outer", "Parallel Aware": true, "Relation Name": "partsupp", "Alias": "partsupp", "Startup Cost": 3466.03, "Total Cost": 210108.48, "Plan Rows": 1290258, "Plan Width": 8, "Filter": "(NOT (hashed SubPlan 1))", "Plans": [{"Node Type": "Seq Scan", "Parent Relationship": "SubPlan", "Subplan Name": "SubPlan 1", "Parallel Aware": false, "Relation Name": "supplier", "Alias": "supplier", "Startup Cost": 0.0, "Total Cost": 3466.0, "Plan Rows": 10, "Plan Width": 4, "Filter": "((s_comment)::text ~~ '%Customer%Complaints%'::text)"}]}, {"Node Type": "Hash", "Parent Relationship": "Inner", "Parallel Aware": true, "Startup Cost": 57091.03, "Total Cost": 57091.03, "Plan Rows": 95354, "Plan Width": 40, "Plans": [{"Node Type": "Seq Scan", "Parent Relationship": "Outer", "Parallel Aware": true, "Relation Name": "part", "Alias": "part", "Startup Cost": 0.0, "Total Cost": 57091.03, "Plan Rows": 95354, "Plan Width": 40, "Filter": "((p_brand <> 'Brand#41'::bpchar) AND ((p_type)::text !~~ 'ECONOMY PLATED%'::text) AND (p_size = ANY ('{46,47,29,30,2,38,27,41}'::integer[])))"}]}]}]}]}]}]}]}}, {"Plan": {"Node Type": "Limit", "Parallel Aware": false, "Startup Cost": 407727.12, "Total Cost": 407727.12, "Plan Rows": 1, "Plan Width": 44, "Plans": [{"Node Type": "Sort", "Parent Relationship": "Outer", "Parallel Aware": false, "Startup Cost": 407727.12, "Total Cost": 408110.74, "Plan Rows": 153450, "Plan Width": 44, "Sort Key": ["(count(DISTINCT partsupp.ps_suppkey)) DESC", "part.p_brand", "part.p_type", "part.p_size"], "Plans": [{"Node Type": "Aggregate", "Strategy": "Sorted", "Partial Mode": "Simple", "Parent Relationship": "Outer", "Parallel Aware": false, "Startup Cost": 398035.84, "Total Cost": 406959.87, "Plan Rows": 153450, "Plan Width": 44, "Group Key": ["part.p_brand", "part.p_type", "part.p_size"], "Plans": [{"Node Type": "Sort", "Parent Relationship": "Outer", "Parallel Aware": false, "Startup Cost": 398035.84, "Total Cost": 399513.75, "Plan Rows": 591162, "Plan Width": 40, "Sort Key": ["part.p_brand", "part.p_type", "part.p_size"], "Plans": [{"Node Type": "Gather", "Parent Relationship": "Outer", "Parallel Aware": false, "Startup Cost": 62748.98, "Total Cost": 331894.57, "Plan Rows": 591162, "Plan Width": 40, "Workers Planned": 3, "Single Copy": false, "Plans": [{"Node Type": "Hash Join", "Parent Relationship": "Outer", "Parallel Aware": true, "Join Type": "Inner", "Startup Cost": 61748.98, "Total Cost": 271778.37, "Plan Rows": 190697, "Plan Width": 40, "Inner Unique": true, "Hash Cond": "(partsupp.ps_partkey = part.p_partkey)", "Plans": [{"Node Type": "Seq Scan", "Parent Relationship": "Outer", "Parallel Aware": true, "Relation Name": "partsupp", "Alias": "partsupp", "Startup Cost": 3466.03, "Total Cost": 210108.48, "Plan Rows": 1290258, "Plan Width": 8, "Filter": "(NOT (hashed SubPlan 1))", "Plans": [{"Node Type": "Seq Scan", "Parent Relationship": "SubPlan", "Subplan Name": "SubPlan 1", "Parallel Aware": false, "Relation Name": "supplier", "Alias": "supplier", "Startup Cost": 0.0, "Total Cost": 3466.0, "Plan Rows": 10, "Plan Width": 4, "Filter": "((s_comment)::text ~~ '%Customer%Complaints%'::text)"}]}, {"Node Type": "Hash", "Parent Relationship": "Inner", "Parallel Aware": true, "Startup Cost": 57091.03, "Total Cost": 57091.03, "Plan Rows": 95354, "Plan Width": 40, "Plans": [{"Node Type": "Seq Scan", "Parent Relationship": "Outer", "Parallel Aware": true, "Relation Name": "part", "Alias": "part", "Startup Cost": 0.0, "Total Cost": 57091.03, "Plan Rows": 95354, "Plan Width": 40, "Filter": "((p_brand <> 'Brand#41'::bpchar) AND ((p_type)::text !~~ 'ECONOMY PLATED%'::text) AND (p_size = ANY ('{46,47,29,30,2,38,27,41}'::integer[])))"}]}]}]}]}]}]}]}}, {"Plan": {"Node Type": "Limit", "Parallel Aware": false, "Startup Cost": 407727.12, "Total Cost": 407727.12, "Plan Rows": 1, "Plan Width": 44, "Plans": [{"Node Type": "Sort", "Parent Relationship": "Outer", "Parallel Aware": false, "Startup Cost": 407727.12, "Total Cost": 408110.74, "Plan Rows": 153450, "Plan Width": 44, "Sort Key": ["(count(DISTINCT partsupp.ps_suppkey)) DESC", "part.p_brand", "part.p_type", "part.p_size"], "Plans": [{"Node Type": "Aggregate", "Strategy": "Sorted", "Partial Mode": "Simple", "Parent Relationship": "Outer", "Parallel Aware": false, "Startup Cost": 398035.84, "Total Cost": 406959.87, "Plan Rows": 153450, "Plan Width": 44, "Group Key": ["part.p_brand", "part.p_type", "part.p_size"], "Plans": [{"Node Type": "Sort", "Parent Relationship": "Outer", "Parallel Aware": false, "Startup Cost": 398035.84, "Total Cost": 399513.75, "Plan Rows": 591162, "Plan Width": 40, "Sort Key": ["part.p_brand", "part.p_type", "part.p_size"], "Plans": [{"Node Type": "Gather", "Parent Relationship": "Outer", "Parallel Aware": false, "Startup Cost": 62748.98, "Total Cost": 331894.57, "Plan Rows": 591162, "Plan Width": 40, "Workers Planned": 3, "Single Copy": false, "Plans": [{"Node Type": "Hash Join", "Parent Relationship": "Outer", "Parallel Aware": true, "Join Type": "Inner", "Startup Cost": 61748.98, "Total Cost": 271778.37, "Plan Rows": 190697, "Plan Width": 40, "Inner Unique": true, "Hash Cond": "(partsupp.ps_partkey = part.p_partkey)", "Plans": [{"Node Type": "Seq Scan", "Parent Relationship": "Outer", "Parallel Aware": true, "Relation Name": "partsupp", "Alias": "partsupp", "Startup Cost": 3466.03, "Total Cost": 210108.48, "Plan Rows": 1290258, "Plan Width": 8, "Filter": "(NOT (hashed SubPlan 1))", "Plans": [{"Node Type": "Seq Scan", "Parent Relationship": "SubPlan", "Subplan Name": "SubPlan 1", "Parallel Aware": false, "Relation Name": "supplier", "Alias": "supplier", "Startup Cost": 0.0, "Total Cost": 3466.0, "Plan Rows": 10, "Plan Width": 4, "Filter": "((s_comment)::text ~~ '%Customer%Complaints%'::text)"}]}, {"Node Type": "Hash", "Parent Relationship": "Inner", "Parallel Aware": true, "Startup Cost": 57091.03, "Total Cost": 57091.03, "Plan Rows": 95354, "Plan Width": 40, "Plans": [{"Node Type": "Seq Scan", "Parent Relationship": "Outer", "Parallel Aware": true, "Relation Name": "part", "Alias": "part", "Startup Cost": 0.0, "Total Cost": 57091.03, "Plan Rows": 95354, "Plan Width": 40, "Filter": "((p_brand <> 'Brand#41'::bpchar) AND ((p_type)::text !~~ 'ECONOMY PLATED%'::text) AND (p_size = ANY ('{46,47,29,30,2,38,27,41}'::integer[])))"}]}]}]}]}]}]}]}}, {"Plan": {"Node Type": "Limit", "Parallel Aware": false, "Startup Cost": 407727.12, "Total Cost": 407727.12, "Plan Rows": 1, "Plan Width": 44, "Plans": [{"Node Type": "Sort", "Parent Relationship": "Outer", "Parallel Aware": false, "Startup Cost": 407727.12, "Total Cost": 408110.74, "Plan Rows": 153450, "Plan Width": 44, "Sort Key": ["(count(DISTINCT partsupp.ps_suppkey)) DESC", "part.p_brand", "part.p_type", "part.p_size"], "Plans": [{"Node Type": "Aggregate", "Strategy": "Sorted", "Partial Mode": "Simple", "Parent Relationship": "Outer", "Parallel Aware": false, "Startup Cost": 398035.84, "Total Cost": 406959.87, "Plan Rows": 153450, "Plan Width": 44, "Group Key": ["part.p_brand", "part.p_type", "part.p_size"], "Plans": [{"Node Type": "Sort", "Parent Relationship": "Outer", "Parallel Aware": false, "Startup Cost": 398035.84, "Total Cost": 399513.75, "Plan Rows": 591162, "Plan Width": 40, "Sort Key": ["part.p_brand", "part.p_type", "part.p_size"], "Plans": [{"Node Type": "Gather", "Parent Relationship": "Outer", "Parallel Aware": false, "Startup Cost": 62748.98, "Total Cost": 331894.57, "Plan Rows": 591162, "Plan Width": 40, "Workers Planned": 3, "Single Copy": false, "Plans": [{"Node Type": "Hash Join", "Parent Relationship": "Outer", "Parallel Aware": true, "Join Type": "Inner", "Startup Cost": 61748.98, "Total Cost": 271778.37, "Plan Rows": 190697, "Plan Width": 40, "Inner Unique": true, "Hash Cond": "(partsupp.ps_partkey = part.p_partkey)", "Plans": [{"Node Type": "Seq Scan", "Parent Relationship": "Outer", "Parallel Aware": true, "Relation Name": "partsupp", "Alias": "partsupp", "Startup Cost": 3466.03, "Total Cost": 210108.48, "Plan Rows": 1290258, "Plan Width": 8, "Filter": "(NOT (hashed SubPlan 1))", "Plans": [{"Node Type": "Seq Scan", "Parent Relationship": "SubPlan", "Subplan Name": "SubPlan 1", "Parallel Aware": false, "Relation Name": "supplier", "Alias": "supplier", "Startup Cost": 0.0, "Total Cost": 3466.0, "Plan Rows": 10, "Plan Width": 4, "Filter": "((s_comment)::text ~~ '%Customer%Complaints%'::text)"}]}, {"Node Type": "Hash", "Parent Relationship": "Inner", "Parallel Aware": true, "Startup Cost": 57091.03, "Total Cost": 57091.03, "Plan Rows": 95354, "Plan Width": 40, "Plans": [{"Node Type": "Seq Scan", "Parent Relationship": "Outer", "Parallel Aware": true, "Relation Name": "part", "Alias": "part", "Startup Cost": 0.0, "Total Cost": 57091.03, "Plan Rows": 95354, "Plan Width": 40, "Filter": "((p_brand <> 'Brand#41'::bpchar) AND ((p_type)::text !~~ 'ECONOMY PLATED%'::text) AND (p_size = ANY ('{46,47,29,30,2,38,27,41}'::integer[])))"}]}]}]}]}]}]}]}}, {"Plan": {"Node Type": "Limit", "Parallel Aware": false, "Startup Cost": 407727.12, "Total Cost": 407727.12, "Plan Rows": 1, "Plan Width": 44, "Plans": [{"Node Type": "Sort", "Parent Relationship": "Outer", "Parallel Aware": false, "Startup Cost": 407727.12, "Total Cost": 408110.74, "Plan Rows": 153450, "Plan Width": 44, "Sort Key": ["(count(DISTINCT partsupp.ps_suppkey)) DESC", "part.p_brand", "part.p_type", "part.p_size"], "Plans": [{"Node Type": "Aggregate", "Strategy": "Sorted", "Partial Mode": "Simple", "Parent Relationship": "Outer", "Parallel Aware": false, "Startup Cost": 398035.84, "Total Cost": 406959.87, "Plan Rows": 153450, "Plan Width": 44, "Group Key": ["part.p_brand", "part.p_type", "part.p_size"], "Plans": [{"Node Type": "Sort", "Parent Relationship": "Outer", "Parallel Aware": false, "Startup Cost": 398035.84, "Total Cost": 399513.75, "Plan Rows": 591162, "Plan Width": 40, "Sort Key": ["part.p_brand", "part.p_type", "part.p_size"], "Plans": [{"Node Type": "Gather", "Parent Relationship": "Outer", "Parallel Aware": false, "Startup Cost": 62748.98, "Total Cost": 331894.57, "Plan Rows": 591162, "Plan Width": 40, "Workers Planned": 3, "Single Copy": false, "Plans": [{"Node Type": "Hash Join", "Parent Relationship": "Outer", "Parallel Aware": true, "Join Type": "Inner", "Startup Cost": 61748.98, "Total Cost": 271778.37, "Plan Rows": 190697, "Plan Width": 40, "Inner Unique": true, "Hash Cond": "(partsupp.ps_partkey = part.p_partkey)", "Plans": [{"Node Type": "Seq Scan", "Parent Relationship": "Outer", "Parallel Aware": true, "Relation Name": "partsupp", "Alias": "partsupp", "Startup Cost": 3466.03, "Total Cost": 210108.48, "Plan Rows": 1290258, "Plan Width": 8, "Filter": "(NOT (hashed SubPlan 1))", "Plans": [{"Node Type": "Seq Scan", "Parent Relationship": "SubPlan", "Subplan Name": "SubPlan 1", "Parallel Aware": false, "Relation Name": "supplier", "Alias": "supplier", "Startup Cost": 0.0, "Total Cost": 3466.0, "Plan Rows": 10, "Plan Width": 4, "Filter": "((s_comment)::text ~~ '%Customer%Complaints%'::text)"}]}, {"Node Type": "Hash", "Parent Relationship": "Inner", "Parallel Aware": true, "Startup Cost": 57091.03, "Total Cost": 57091.03, "Plan Rows": 95354, "Plan Width": 40, "Plans": [{"Node Type": "Seq Scan", "Parent Relationship": "Outer", "Parallel Aware": true, "Relation Name": "part", "Alias": "part", "Startup Cost": 0.0, "Total Cost": 57091.03, "Plan Rows": 95354, "Plan Width": 40, "Filter": "((p_brand <> 'Brand#41'::bpchar) AND ((p_type)::text !~~ 'ECONOMY PLATED%'::text) AND (p_size = ANY ('{46,47,29,30,2,38,27,41}'::integer[])))"}]}]}]}]}]}]}]}}, {"Plan": {"Node Type": "Limit", "Parallel Aware": false, "Startup Cost": 407727.12, "Total Cost": 407727.12, "Plan Rows": 1, "Plan Width": 44, "Plans": [{"Node Type": "Sort", "Parent Relationship": "Outer", "Parallel Aware": false, "Startup Cost": 407727.12, "Total Cost": 408110.74, "Plan Rows": 153450, "Plan Width": 44, "Sort Key": ["(count(DISTINCT partsupp.ps_suppkey)) DESC", "part.p_brand", "part.p_type", "part.p_size"], "Plans": [{"Node Type": "Aggregate", "Strategy": "Sorted", "Partial Mode": "Simple", "Parent Relationship": "Outer", "Parallel Aware": false, "Startup Cost": 398035.84, "Total Cost": 406959.87, "Plan Rows": 153450, "Plan Width": 44, "Group Key": ["part.p_brand", "part.p_type", "part.p_size"], "Plans": [{"Node Type": "Sort", "Parent Relationship": "Outer", "Parallel Aware": false, "Startup Cost": 398035.84, "Total Cost": 399513.75, "Plan Rows": 591162, "Plan Width": 40, "Sort Key": ["part.p_brand", "part.p_type", "part.p_size"], "Plans": [{"Node Type": "Gather", "Parent Relationship": "Outer", "Parallel Aware": false, "Startup Cost": 62748.98, "Total Cost": 331894.57, "Plan Rows": 591162, "Plan Width": 40, "Workers Planned": 3, "Single Copy": false, "Plans": [{"Node Type": "Hash Join", "Parent Relationship": "Outer", "Parallel Aware": true, "Join Type": "Inner", "Startup Cost": 61748.98, "Total Cost": 271778.37, "Plan Rows": 190697, "Plan Width": 40, "Inner Unique": true, "Hash Cond": "(partsupp.ps_partkey = part.p_partkey)", "Plans": [{"Node Type": "Seq Scan", "Parent Relationship": "Outer", "Parallel Aware": true, "Relation Name": "partsupp", "Alias": "partsupp", "Startup Cost": 3466.03, "Total Cost": 210108.48, "Plan Rows": 1290258, "Plan Width": 8, "Filter": "(NOT (hashed SubPlan 1))", "Plans": [{"Node Type": "Seq Scan", "Parent Relationship": "SubPlan", "Subplan Name": "SubPlan 1", "Parallel Aware": false, "Relation Name": "supplier", "Alias": "supplier", "Startup Cost": 0.0, "Total Cost": 3466.0, "Plan Rows": 10, "Plan Width": 4, "Filter": "((s_comment)::text ~~ '%Customer%Complaints%'::text)"}]}, {"Node Type": "Hash", "Parent Relationship": "Inner", "Parallel Aware": true, "Startup Cost": 57091.03, "Total Cost": 57091.03, "Plan Rows": 95354, "Plan Width": 40, "Plans": [{"Node Type": "Seq Scan", "Parent Relationship": "Outer", "Parallel Aware": true, "Relation Name": "part", "Alias": "part", "Startup Cost": 0.0, "Total Cost": 57091.03, "Plan Rows": 95354, "Plan Width": 40, "Filter": "((p_brand <> 'Brand#41'::bpchar) AND ((p_type)::text !~~ 'ECONOMY PLATED%'::text) AND (p_size = ANY ('{46,47,29,30,2,38,27,41}'::integer[])))"}]}]}]}]}]}]}]}}, {"Plan": {"Node Type": "Limit", "Parallel Aware": false, "Startup Cost": 10000541473.87, "Total Cost": 10000541473.87, "Plan Rows": 1, "Plan Width": 44, "Plans": [{"Node Type": "Sort", "Parent Relationship": "Outer", "Parallel Aware": false, "Startup Cost": 10000541473.87, "Total Cost": 10000541857.5, "Plan Rows": 153450, "Plan Width": 44, "Sort Key": ["(count(DISTINCT partsupp.ps_suppkey)) DESC", "part.p_brand", "part.p_type", "part.p_size"], "Plans": [{"Node Type": "Aggregate", "Strategy": "Sorted", "Partial Mode": "Simple", "Parent Relationship": "Outer", "Parallel Aware": false, "Startup Cost": 10000531782.6, "Total Cost": 10000540706.62, "Plan Rows": 153450, "Plan Width": 44, "Group Key": ["part.p_brand", "part.p_type", "part.p_size"], "Plans": [{"Node Type": "Sort", "Parent Relationship": "Outer", "Parallel Aware": false, "Startup Cost": 10000531782.6, "Total Cost": 10000533260.5, "Plan Rows": 591162, "Plan Width": 40, "Sort Key": ["part.p_brand", "part.p_type", "part.p_size"], "Plans": [{"Node Type": "Merge Join", "Parent Relationship": "Outer", "Parallel Aware": false, "Join Type": "Inner", "Startup Cost": 10000003469.93, "Total Cost": 10000465641.33, "Plan Rows": 591162, "Plan Width": 40, "Inner Unique": true, "Merge Cond": "(partsupp.ps_partkey = part.p_partkey)", "Plans": [{"Node Type": "Index Scan", "Parent Relationship": "Outer", "Parallel Aware": false, "Scan Direction": "Forward", "Index Name": "idx_partsupp_partkey", "Relation Name": "partsupp", "Alias": "partsupp", "Startup Cost": 10000003466.46, "Total Cost": 10000341993.86, "Plan Rows": 3999800, "Plan Width": 8, "Filter": "(NOT (hashed SubPlan 1))", "Plans": [{"Node Type": "Seq Scan", "Parent Relationship": "SubPlan", "Subplan Name": "SubPlan 1", "Parallel Aware": false, "Relation Name": "supplier", "Alias": "supplier", "Startup Cost": 10000000000.0, "Total Cost": 10000003466.0, "Plan Rows": 10, "Plan Width": 4, "Filter": "((s_comment)::text ~~ '%Customer%Complaints%'::text)"}]}, {"Node Type": "Index Scan", "Parent Relationship": "Inner", "Parallel Aware": false, "Scan Direction": "Forward", "Index Name": "part_pkey", "Relation Name": "part", "Alias": "part", "Startup Cost": 0.43, "Total Cost": 106998.23, "Plan Rows": 295596, "Plan Width": 40, "Filter": "((p_brand <> 'Brand#41'::bpchar) AND ((p_type)::text !~~ 'ECONOMY PLATED%'::text) AND (p_size = ANY ('{46,47,29,30,2,38,27,41}'::integer[])))"}]}]}]}]}]}}, {"Plan": {"Node Type": "Limit", "Parallel Aware": false, "Startup Cost": 10002308828.21, "Total Cost": 10002308828.22, "Plan Rows": 1, "Plan Width": 44, "Plans": [{"Node Type": "Sort", "Parent Relationship": "Outer", "Parallel Aware": false, "Startup Cost": 10002308828.21, "Total Cost": 10002309211.84, "Plan Rows": 153450, "Plan Width": 44, "Sort Key": ["(count(DISTINCT partsupp.ps_suppkey)) DESC", "part.p_brand", "part.p_type", "part.p_size"], "Plans": [{"Node Type": "Aggregate", "Strategy": "Sorted", "Partial Mode": "Simple", "Parent Relationship": "Outer", "Parallel Aware": false, "Startup Cost": 10002299136.94, "Total Cost": 10002308060.96, "Plan Rows": 153450, "Plan Width": 44, "Group Key": ["part.p_brand", "part.p_type", "part.p_size"], "Plans": [{"Node Type": "Sort", "Parent Relationship": "Outer", "Parallel Aware": false, "Startup Cost": 10002299136.94, "Total Cost": 10002300614.84, "Plan Rows": 591162, "Plan Width": 40, "Sort Key": ["part.p_brand", "part.p_type", "part.p_size"], "Plans": [{"Node Type": "Nested Loop", "Parent Relationship": "Outer", "Parallel Aware": false, "Join Type": "Inner", "Startup Cost": 10000003466.89, "Total Cost": 10002232995.67, "Plan Rows": 591162, "Plan Width": 40, "Inner Unique": true, "Plans": [{"Node Type": "Index Scan", "Parent Relationship": "Outer", "Parallel Aware": false, "Scan Direction": "Forward", "Index Name": "idx_partsupp_partkey", "Relation Name": "partsupp", "Alias": "partsupp", "Startup Cost": 10000003466.46, "Total Cost": 10000341993.86, "Plan Rows": 3999800, "Plan Width": 8, "Filter": "(NOT (hashed SubPlan 1))", "Plans": [{"Node Type": "Seq Scan", "Parent Relationship": "SubPlan", "Subplan Name": "SubPlan 1", "Parallel Aware": false, "Relation Name": "supplier", "Alias": "supplier", "Startup Cost": 10000000000.0, "Total Cost": 10000003466.0, "Plan Rows": 10, "Plan Width": 4, "Filter": "((s_comment)::text ~~ '%Customer%Complaints%'::text)"}]}, {"Node Type": "Index Scan", "Parent Relationship": "Inner", "Parallel Aware": false, "Scan Direction": "Forward", "Index Name": "part_pkey", "Relation Name": "part", "Alias": "part", "Startup Cost": 0.43, "Total Cost": 0.47, "Plan Rows": 1, "Plan Width": 40, "Index Cond": "(p_partkey = partsupp.ps_partkey)", "Filter": "((p_brand <> 'Brand#41'::bpchar) AND ((p_type)::text !~~ 'ECONOMY PLATED%'::text) AND (p_size = ANY ('{46,47,29,30,2,38,27,41}'::integer[])))"}]}]}]}]}]}}, {"Plan": {"Node Type": "Limit", "Parallel Aware": false, "Startup Cost": 523073.26, "Total Cost": 523073.26, "Plan Rows": 1, "Plan Width": 44, "Plans": [{"Node Type": "Sort", "Parent Relationship": "Outer", "Parallel Aware": false, "Startup Cost": 523073.26, "Total Cost": 523456.89, "Plan Rows": 153450, "Plan Width": 44, "Sort Key": ["(count(DISTINCT partsupp.ps_suppkey)) DESC", "part.p_brand", "part.p_type", "part.p_size"], "Plans": [{"Node Type": "Aggregate", "Strategy": "Sorted", "Partial Mode": "Simple", "Parent Relationship": "Outer", "Parallel Aware": false, "Startup Cost": 513381.99, "Total Cost": 522306.01, "Plan Rows": 153450, "Plan Width": 44, "Group Key": ["part.p_brand", "part.p_type", "part.p_size"], "Plans": [{"Node Type": "Sort", "Parent Relationship": "Outer", "Parallel Aware": false, "Startup Cost": 513381.99, "Total Cost": 514859.89, "Plan Rows": 591162, "Plan Width": 40, "Sort Key": ["part.p_brand", "part.p_type", "part.p_size"], "Plans": [{"Node Type": "Gather", "Parent Relationship": "Outer", "Parallel Aware": false, "Startup Cost": 4469.22, "Total Cost": 447240.72, "Plan Rows": 591162, "Plan Width": 40, "Workers Planned": 3, "Single Copy": false, "Plans": [{"Node Type": "Merge Join", "Parent Relationship": "Outer", "Parallel Aware": false, "Join Type": "Inner", "Startup Cost": 3469.22, "Total Cost": 387124.52, "Plan Rows": 190697, "Plan Width": 40, "Inner Unique": true, "Merge Cond": "(partsupp.ps_partkey = part.p_partkey)", "Plans": [{"Node Type": "Index Scan", "Parent Relationship": "Outer", "Parallel Aware": true, "Scan Direction": "Forward", "Index Name": "idx_partsupp_partkey", "Relation Name": "partsupp", "Alias": "partsupp", "Startup Cost": 3466.46, "Total Cost": 274255.31, "Plan Rows": 1290258, "Plan Width": 8, "Filter": "(NOT (hashed SubPlan 1))", "Plans": [{"Node Type": "Seq Scan", "Parent Relationship": "SubPlan", "Subplan Name": "SubPlan 1", "Parallel Aware": false, "Relation Name": "supplier", "Alias": "supplier", "Startup Cost": 0.0, "Total Cost": 3466.0, "Plan Rows": 10, "Plan Width": 4, "Filter": "((s_comment)::text ~~ '%Customer%Complaints%'::text)"}]}, {"Node Type": "Index Scan", "Parent Relationship": "Inner", "Parallel Aware": false, "Scan Direction": "Forward", "Index Name": "part_pkey", "Relation Name": "part", "Alias": "part", "Startup Cost": 0.43, "Total Cost": 106998.23, "Plan Rows": 295596, "Plan Width": 40, "Filter": "((p_brand <> 'Brand#41'::bpchar) AND ((p_type)::text !~~ 'ECONOMY PLATED%'::text) AND (p_size = ANY ('{46,47,29,30,2,38,27,41}'::integer[])))"}]}]}]}]}]}]}}, {"Plan": {"Node Type": "Limit", "Parallel Aware": false, "Startup Cost": 523073.26, "Total Cost": 523073.26, "Plan Rows": 1, "Plan Width": 44, "Plans": [{"Node Type": "Sort", "Parent Relationship": "Outer", "Parallel Aware": false, "Startup Cost": 523073.26, "Total Cost": 523456.89, "Plan Rows": 153450, "Plan Width": 44, "Sort Key": ["(count(DISTINCT partsupp.ps_suppkey)) DESC", "part.p_brand", "part.p_type", "part.p_size"], "Plans": [{"Node Type": "Aggregate", "Strategy": "Sorted", "Partial Mode": "Simple", "Parent Relationship": "Outer", "Parallel Aware": false, "Startup Cost": 513381.99, "Total Cost": 522306.01, "Plan Rows": 153450, "Plan Width": 44, "Group Key": ["part.p_brand", "part.p_type", "part.p_size"], "Plans": [{"Node Type": "Sort", "Parent Relationship": "Outer", "Parallel Aware": false, "Startup Cost": 513381.99, "Total Cost": 514859.89, "Plan Rows": 591162, "Plan Width": 40, "Sort Key": ["part.p_brand", "part.p_type", "part.p_size"], "Plans": [{"Node Type": "Gather", "Parent Relationship": "Outer", "Parallel Aware": false, "Startup Cost": 4469.22, "Total Cost": 447240.72, "Plan Rows": 591162, "Plan Width": 40, "Workers Planned": 3, "Single Copy": false, "Plans": [{"Node Type": "Merge Join", "Parent Relationship": "Outer", "Parallel Aware": false, "Join Type": "Inner", "Startup Cost": 3469.22, "Total Cost": 387124.52, "Plan Rows": 190697, "Plan Width": 40, "Inner Unique": true, "Merge Cond": "(partsupp.ps_partkey = part.p_partkey)", "Plans": [{"Node Type": "Index Scan", "Parent Relationship": "Outer", "Parallel Aware": true, "Scan Direction": "Forward", "Index Name": "idx_partsupp_partkey", "Relation Name": "partsupp", "Alias": "partsupp", "Startup Cost": 3466.46, "Total Cost": 274255.31, "Plan Rows": 1290258, "Plan Width": 8, "Filter": "(NOT (hashed SubPlan 1))", "Plans": [{"Node Type": "Seq Scan", "Parent Relationship": "SubPlan", "Subplan Name": "SubPlan 1", "Parallel Aware": false, "Relation Name": "supplier", "Alias": "supplier", "Startup Cost": 0.0, "Total Cost": 3466.0, "Plan Rows": 10, "Plan Width": 4, "Filter": "((s_comment)::text ~~ '%Customer%Complaints%'::text)"}]}, {"Node Type": "Index Scan", "Parent Relationship": "Inner", "Parallel Aware": false, "Scan Direction": "Forward", "Index Name": "part_pkey", "Relation Name": "part", "Alias": "part", "Startup Cost": 0.43, "Total Cost": 106998.23, "Plan Rows": 295596, "Plan Width": 40, "Filter": "((p_brand <> 'Brand#41'::bpchar) AND ((p_type)::text !~~ 'ECONOMY PLATED%'::text) AND (p_size = ANY ('{46,47,29,30,2,38,27,41}'::integer[])))"}]}]}]}]}]}]}}, {"Plan": {"Node Type": "Limit", "Parallel Aware": false, "Startup Cost": 10002308828.21, "Total Cost": 10002308828.22, "Plan Rows": 1, "Plan Width": 44, "Plans": [{"Node Type": "Sort", "Parent Relationship": "Outer", "Parallel Aware": false, "Startup Cost": 10002308828.21, "Total Cost": 10002309211.84, "Plan Rows": 153450, "Plan Width": 44, "Sort Key": ["(count(DISTINCT partsupp.ps_suppkey)) DESC", "part.p_brand", "part.p_type", "part.p_size"], "Plans": [{"Node Type": "Aggregate", "Strategy": "Sorted", "Partial Mode": "Simple", "Parent Relationship": "Outer", "Parallel Aware": false, "Startup Cost": 10002299136.94, "Total Cost": 10002308060.96, "Plan Rows": 153450, "Plan Width": 44, "Group Key": ["part.p_brand", "part.p_type", "part.p_size"], "Plans": [{"Node Type": "Sort", "Parent Relationship": "Outer", "Parallel Aware": false, "Startup Cost": 10002299136.94, "Total Cost": 10002300614.84, "Plan Rows": 591162, "Plan Width": 40, "Sort Key": ["part.p_brand", "part.p_type", "part.p_size"], "Plans": [{"Node Type": "Nested Loop", "Parent Relationship": "Outer", "Parallel Aware": false, "Join Type": "Inner", "Startup Cost": 10000003466.89, "Total Cost": 10002232995.67, "Plan Rows": 591162, "Plan Width": 40, "Inner Unique": true, "Plans": [{"Node Type": "Index Scan", "Parent Relationship": "Outer", "Parallel Aware": false, "Scan Direction": "Forward", "Index Name": "idx_partsupp_partkey", "Relation Name": "partsupp", "Alias": "partsupp", "Startup Cost": 10000003466.46, "Total Cost": 10000341993.86, "Plan Rows": 3999800, "Plan Width": 8, "Filter": "(NOT (hashed SubPlan 1))", "Plans": [{"Node Type": "Seq Scan", "Parent Relationship": "SubPlan", "Subplan Name": "SubPlan 1", "Parallel Aware": false, "Relation Name": "supplier", "Alias": "supplier", "Startup Cost": 10000000000.0, "Total Cost": 10000003466.0, "Plan Rows": 10, "Plan Width": 4, "Filter": "((s_comment)::text ~~ '%Customer%Complaints%'::text)"}]}, {"Node Type": "Index Scan", "Parent Relationship": "Inner", "Parallel Aware": false, "Scan Direction": "Forward", "Index Name": "part_pkey", "Relation Name": "part", "Alias": "part", "Startup Cost": 0.43, "Total Cost": 0.47, "Plan Rows": 1, "Plan Width": 40, "Index Cond": "(p_partkey = partsupp.ps_partkey)", "Filter": "((p_brand <> 'Brand#41'::bpchar) AND ((p_type)::text !~~ 'ECONOMY PLATED%'::text) AND (p_size = ANY ('{46,47,29,30,2,38,27,41}'::integer[])))"}]}]}]}]}]}}, {"Plan": {"Node Type": "Limit", "Parallel Aware": false, "Startup Cost": 956057.76, "Total Cost": 956057.76, "Plan Rows": 1, "Plan Width": 44, "Plans": [{"Node Type": "Sort", "Parent Relationship": "Outer", "Parallel Aware": false, "Startup Cost": 956057.76, "Total Cost": 956441.38, "Plan Rows": 153450, "Plan Width": 44, "Sort Key": ["(count(DISTINCT partsupp.ps_suppkey)) DESC", "part.p_brand", "part.p_type", "part.p_size"], "Plans": [{"Node Type": "Aggregate", "Strategy": "Sorted", "Partial Mode": "Simple", "Parent Relationship": "Outer", "Parallel Aware": false, "Startup Cost": 946366.48, "Total Cost": 955290.51, "Plan Rows": 153450, "Plan Width": 44, "Group Key": ["part.p_brand", "part.p_type", "part.p_size"], "Plans": [{"Node Type": "Sort", "Parent Relationship": "Outer", "Parallel Aware": false, "Startup Cost": 946366.48, "Total Cost": 947844.39, "Plan Rows": 591162, "Plan Width": 40, "Sort Key": ["part.p_brand", "part.p_type", "part.p_size"], "Plans": [{"Node Type": "Gather", "Parent Relationship": "Outer", "Parallel Aware": false, "Startup Cost": 4466.45, "Total Cost": 880225.21, "Plan Rows": 591162, "Plan Width": 40, "Workers Planned": 3, "Single Copy": false, "Plans": [{"Node Type": "Nested Loop", "Parent Relationship": "Outer", "Parallel Aware": false, "Join Type": "Inner", "Startup Cost": 3466.45, "Total Cost": 820109.01, "Plan Rows": 190697, "Plan Width": 40, "Inner Unique": true, "Plans": [{"Node Type": "Seq Scan", "Parent Relationship": "Outer", "Parallel Aware": true, "Relation Name": "partsupp", "Alias": "partsupp", "Startup Cost": 3466.03, "Total Cost": 210108.48, "Plan Rows": 1290258, "Plan Width": 8, "Filter": "(NOT (hashed SubPlan 1))", "Plans": [{"Node Type": "Seq Scan", "Parent Relationship": "SubPlan", "Subplan Name": "SubPlan 1", "Parallel Aware": false, "Relation Name": "supplier", "Alias": "supplier", "Startup Cost": 0.0, "Total Cost": 3466.0, "Plan Rows": 10, "Plan Width": 4, "Filter": "((s_comment)::text ~~ '%Customer%Complaints%'::text)"}]}, {"Node Type": "Index Scan", "Parent Relationship": "Inner", "Parallel Aware": false, "Scan Direction": "Forward", "Index Name": "part_pkey", "Relation Name": "part", "Alias": "part", "Startup Cost": 0.43, "Total Cost": 0.47, "Plan Rows": 1, "Plan Width": 40, "Index Cond": "(p_partkey = partsupp.ps_partkey)", "Filter": "((p_brand <> 'Brand#41'::bpchar) AND ((p_type)::text !~~ 'ECONOMY PLATED%'::text) AND (p_size = ANY ('{46,47,29,30,2,38,27,41}'::integer[])))"}]}]}]}]}]}]}}, {"Plan": {"Node Type": "Limit", "Parallel Aware": false, "Startup Cost": 30000541473.87, "Total Cost": 30000541473.87, "Plan Rows": 1, "Plan Width": 44, "Plans": [{"Node Type": "Sort", "Parent Relationship": "Outer", "Parallel Aware": false, "Startup Cost": 30000541473.87, "Total Cost": 30000541857.5, "Plan Rows": 153450, "Plan Width": 44, "Sort Key": ["(count(DISTINCT partsupp.ps_suppkey)) DESC", "part.p_brand", "part.p_type", "part.p_size"], "Plans": [{"Node Type": "Aggregate", "Strategy": "Sorted", "Partial Mode": "Simple", "Parent Relationship": "Outer", "Parallel Aware": false, "Startup Cost": 30000531782.6, "Total Cost": 30000540706.62, "Plan Rows": 153450, "Plan Width": 44, "Group Key": ["part.p_brand", "part.p_type", "part.p_size"], "Plans": [{"Node Type": "Sort", "Parent Relationship": "Outer", "Parallel Aware": false, "Startup Cost": 30000531782.6, "Total Cost": 30000533260.5, "Plan Rows": 591162, "Plan Width": 40, "Sort Key": ["part.p_brand", "part.p_type", "part.p_size"], "Plans": [{"Node Type": "Merge Join", "Parent Relationship": "Outer", "Parallel Aware": false, "Join Type": "Inner", "Startup Cost": 30000003469.93, "Total Cost": 30000465641.33, "Plan Rows": 591162, "Plan Width": 40, "Inner Unique": true, "Merge Cond": "(partsupp.ps_partkey = part.p_partkey)", "Plans": [{"Node Type": "Index Scan", "Parent Relationship": "Outer", "Parallel Aware": false, "Scan Direction": "Forward", "Index Name": "idx_partsupp_partkey", "Relation Name": "partsupp", "Alias": "partsupp", "Startup Cost": 20000003466.46, "Total Cost": 20000341993.86, "Plan Rows": 3999800, "Plan Width": 8, "Filter": "(NOT (hashed SubPlan 1))", "Plans": [{"Node Type": "Seq Scan", "Parent Relationship": "SubPlan", "Subplan Name": "SubPlan 1", "Parallel Aware": false, "Relation Name": "supplier", "Alias": "supplier", "Startup Cost": 10000000000.0, "Total Cost": 10000003466.0, "Plan Rows": 10, "Plan Width": 4, "Filter": "((s_comment)::text ~~ '%Customer%Complaints%'::text)"}]}, {"Node Type": "Index Scan", "Parent Relationship": "Inner", "Parallel Aware": false, "Scan Direction": "Forward", "Index Name": "part_pkey", "Relation Name": "part", "Alias": "part", "Startup Cost": 10000000000.43, "Total Cost": 10000106998.23, "Plan Rows": 295596, "Plan Width": 40, "Filter": "((p_brand <> 'Brand#41'::bpchar) AND ((p_type)::text !~~ 'ECONOMY PLATED%'::text) AND (p_size = ANY ('{46,47,29,30,2,38,27,41}'::integer[])))"}]}]}]}]}]}}, {"Plan": {"Node Type": "Limit", "Parallel Aware": false, "Startup Cost": 20006674547.3, "Total Cost": 20006674547.3, "Plan Rows": 1, "Plan Width": 44, "Plans": [{"Node Type": "Sort", "Parent Relationship": "Outer", "Parallel Aware": false, "Startup Cost": 20006674547.3, "Total Cost": 20006674930.93, "Plan Rows": 153450, "Plan Width": 44, "Sort Key": ["(count(DISTINCT partsupp.ps_suppkey)) DESC", "part.p_brand", "part.p_type", "part.p_size"], "Plans": [{"Node Type": "Aggregate", "Strategy": "Sorted", "Partial Mode": "Simple", "Parent Relationship": "Outer", "Parallel Aware": false, "Startup Cost": 20006664856.03, "Total Cost": 20006673780.05, "Plan Rows": 153450, "Plan Width": 44, "Group Key": ["part.p_brand", "part.p_type", "part.p_size"], "Plans": [{"Node Type": "Sort", "Parent Relationship": "Outer", "Parallel Aware": false, "Startup Cost": 20006664856.03, "Total Cost": 20006666333.93, "Plan Rows": 591162, "Plan Width": 40, "Sort Key": ["part.p_brand", "part.p_type", "part.p_size"], "Plans": [{"Node Type": "Nested Loop", "Parent Relationship": "Outer", "Parallel Aware": false, "Join Type": "Inner", "Startup Cost": 20000003466.89, "Total Cost": 20006598714.76, "Plan Rows": 591162, "Plan Width": 40, "Inner Unique": true, "Plans": [{"Node Type": "Index Scan", "Parent Relationship": "Outer", "Parallel Aware": false, "Scan Direction": "Forward", "Index Name": "idx_partsupp_partkey", "Relation Name": "partsupp", "Alias": "partsupp", "Startup Cost": 20000003466.46, "Total Cost": 20000341993.86, "Plan Rows": 3999800, "Plan Width": 8, "Filter": "(NOT (hashed SubPlan 1))", "Plans": [{"Node Type": "Seq Scan", "Parent Relationship": "SubPlan", "Subplan Name": "SubPlan 1", "Parallel Aware": false, "Relation Name": "supplier", "Alias": "supplier", "Startup Cost": 10000000000.0, "Total Cost": 10000003466.0, "Plan Rows": 10, "Plan Width": 4, "Filter": "((s_comment)::text ~~ '%Customer%Complaints%'::text)"}]}, {"Node Type": "Bitmap Heap Scan", "Parent Relationship": "Inner", "Parallel Aware": false, "Relation Name": "part", "Alias": "part", "Startup Cost": 0.44, "Total Cost": 1.56, "Plan Rows": 1, "Plan Width": 40, "Recheck Cond": "(p_partkey = partsupp.ps_partkey)", "Filter": "((p_brand <> 'Brand#41'::bpchar) AND ((p_type)::text !~~ 'ECONOMY PLATED%'::text) AND (p_size = ANY ('{46,47,29,30,2,38,27,41}'::integer[])))", "Plans": [{"Node Type": "Bitmap Index Scan", "Parent Relationship": "Outer", "Parallel Aware": false, "Index Name": "part_pkey", "Startup Cost": 0.0, "Total Cost": 0.44, "Plan Rows": 1, "Plan Width": 0, "Index Cond": "(p_partkey = partsupp.ps_partkey)"}]}]}]}]}]}]}}, {"Plan": {"Node Type": "Limit", "Parallel Aware": false, "Startup Cost": 619740.94, "Total Cost": 619740.94, "Plan Rows": 1, "Plan Width": 44, "Plans": [{"Node Type": "Sort", "Parent Relationship": "Outer", "Parallel Aware": false, "Startup Cost": 619740.94, "Total Cost": 620124.56, "Plan Rows": 153450, "Plan Width": 44, "Sort Key": ["(count(DISTINCT partsupp.ps_suppkey)) DESC", "part.p_brand", "part.p_type", "part.p_size"], "Plans": [{"Node Type": "Aggregate", "Strategy": "Sorted", "Partial Mode": "Simple", "Parent Relationship": "Outer", "Parallel Aware": false, "Startup Cost": 610049.66, "Total Cost": 618973.69, "Plan Rows": 153450, "Plan Width": 44, "Group Key": ["part.p_brand", "part.p_type", "part.p_size"], "Plans": [{"Node Type": "Sort", "Parent Relationship": "Outer", "Parallel Aware": false, "Startup Cost": 610049.66, "Total Cost": 611527.57, "Plan Rows": 591162, "Plan Width": 40, "Sort Key": ["part.p_brand", "part.p_type", "part.p_size"], "Plans": [{"Node Type": "Gather", "Parent Relationship": "Outer", "Parallel Aware": false, "Startup Cost": 474956.01, "Total Cost": 543908.39, "Plan Rows": 591162, "Plan Width": 40, "Workers Planned": 3, "Single Copy": false, "Plans": [{"Node Type": "Merge Join", "Parent Relationship": "Outer", "Parallel Aware": false, "Join Type": "Inner", "Startup Cost": 473956.01, "Total Cost": 483792.19, "Plan Rows": 190697, "Plan Width": 40, "Inner Unique": true, "Merge Cond": "(partsupp.ps_partkey = part.p_partkey)", "Plans": [{"Node Type": "Sort", "Parent Relationship": "Outer", "Parallel Aware": false, "Startup Cost": 351398.73, "Total Cost": 354624.38, "Plan Rows": 1290258, "Plan Width": 8, "Sort Key": ["partsupp.ps_partkey"], "Plans": [{"Node Type": "Seq Scan", "Parent Relationship": "Outer", "Parallel Aware": true, "Relation Name": "partsupp", "Alias": "partsupp", "Startup Cost": 3466.03, "Total Cost": 210108.48, "Plan Rows": 1290258, "Plan Width": 8, "Filter": "(NOT (hashed SubPlan 1))", "Plans": [{"Node Type": "Seq Scan", "Parent Relationship": "SubPlan", "Subplan Name": "SubPlan 1", "Parallel Aware": false, "Relation Name": "supplier", "Alias": "supplier", "Startup Cost": 0.0, "Total Cost": 3466.0, "Plan Rows": 10, "Plan Width": 4, "Filter": "((s_comment)::text ~~ '%Customer%Complaints%'::text)"}]}]}, {"Node Type": "Sort", "Parent Relationship": "Inner", "Parallel Aware": false, "Startup Cost": 122557.23, "Total Cost": 123296.22, "Plan Rows": 295596, "Plan Width": 40, "Sort Key": ["part.p_partkey"], "Plans": [{"Node Type": "Seq Scan", "Parent Relationship": "Outer", "Parallel Aware": false, "Relation Name": "part", "Alias": "part", "Startup Cost": 0.0, "Total Cost": 90962.0, "Plan Rows": 295596, "Plan Width": 40, "Filter": "((p_brand <> 'Brand#41'::bpchar) AND ((p_type)::text !~~ 'ECONOMY PLATED%'::text) AND (p_size = ANY ('{46,47,29,30,2,38,27,41}'::integer[])))"}]}]}]}]}]}]}]}}, {"Plan": {"Node Type": "Limit", "Parallel Aware": false, "Startup Cost": 619740.94, "Total Cost": 619740.94, "Plan Rows": 1, "Plan Width": 44, "Plans": [{"Node Type": "Sort", "Parent Relationship": "Outer", "Parallel Aware": false, "Startup Cost": 619740.94, "Total Cost": 620124.56, "Plan Rows": 153450, "Plan Width": 44, "Sort Key": ["(count(DISTINCT partsupp.ps_suppkey)) DESC", "part.p_brand", "part.p_type", "part.p_size"], "Plans": [{"Node Type": "Aggregate", "Strategy": "Sorted", "Partial Mode": "Simple", "Parent Relationship": "Outer", "Parallel Aware": false, "Startup Cost": 610049.66, "Total Cost": 618973.69, "Plan Rows": 153450, "Plan Width": 44, "Group Key": ["part.p_brand", "part.p_type", "part.p_size"], "Plans": [{"Node Type": "Sort", "Parent Relationship": "Outer", "Parallel Aware": false, "Startup Cost": 610049.66, "Total Cost": 611527.57, "Plan Rows": 591162, "Plan Width": 40, "Sort Key": ["part.p_brand", "part.p_type", "part.p_size"], "Plans": [{"Node Type": "Gather", "Parent Relationship": "Outer", "Parallel Aware": false, "Startup Cost": 474956.01, "Total Cost": 543908.39, "Plan Rows": 591162, "Plan Width": 40, "Workers Planned": 3, "Single Copy": false, "Plans": [{"Node Type": "Merge Join", "Parent Relationship": "Outer", "Parallel Aware": false, "Join Type": "Inner", "Startup Cost": 473956.01, "Total Cost": 483792.19, "Plan Rows": 190697, "Plan Width": 40, "Inner Unique": true, "Merge Cond": "(partsupp.ps_partkey = part.p_partkey)", "Plans": [{"Node Type": "Sort", "Parent Relationship": "Outer", "Parallel Aware": false, "Startup Cost": 351398.73, "Total Cost": 354624.38, "Plan Rows": 1290258, "Plan Width": 8, "Sort Key": ["partsupp.ps_partkey"], "Plans": [{"Node Type": "Seq Scan", "Parent Relationship": "Outer", "Parallel Aware": true, "Relation Name": "partsupp", "Alias": "partsupp", "Startup Cost": 3466.03, "Total Cost": 210108.48, "Plan Rows": 1290258, "Plan Width": 8, "Filter": "(NOT (hashed SubPlan 1))", "Plans": [{"Node Type": "Seq Scan", "Parent Relationship": "SubPlan", "Subplan Name": "SubPlan 1", "Parallel Aware": false, "Relation Name": "supplier", "Alias": "supplier", "Startup Cost": 0.0, "Total Cost": 3466.0, "Plan Rows": 10, "Plan Width": 4, "Filter": "((s_comment)::text ~~ '%Customer%Complaints%'::text)"}]}]}, {"Node Type": "Sort", "Parent Relationship": "Inner", "Parallel Aware": false, "Startup Cost": 122557.23, "Total Cost": 123296.22, "Plan Rows": 295596, "Plan Width": 40, "Sort Key": ["part.p_partkey"], "Plans": [{"Node Type": "Seq Scan", "Parent Relationship": "Outer", "Parallel Aware": false, "Relation Name": "part", "Alias": "part", "Startup Cost": 0.0, "Total Cost": 90962.0, "Plan Rows": 295596, "Plan Width": 40, "Filter": "((p_brand <> 'Brand#41'::bpchar) AND ((p_type)::text !~~ 'ECONOMY PLATED%'::text) AND (p_size = ANY ('{46,47,29,30,2,38,27,41}'::integer[])))"}]}]}]}]}]}]}]}}, {"Plan": {"Node Type": "Limit", "Parallel Aware": false, "Startup Cost": 20006674547.3, "Total Cost": 20006674547.3, "Plan Rows": 1, "Plan Width": 44, "Plans": [{"Node Type": "Sort", "Parent Relationship": "Outer", "Parallel Aware": false, "Startup Cost": 20006674547.3, "Total Cost": 20006674930.93, "Plan Rows": 153450, "Plan Width": 44, "Sort Key": ["(count(DISTINCT partsupp.ps_suppkey)) DESC", "part.p_brand", "part.p_type", "part.p_size"], "Plans": [{"Node Type": "Aggregate", "Strategy": "Sorted", "Partial Mode": "Simple", "Parent Relationship": "Outer", "Parallel Aware": false, "Startup Cost": 20006664856.03, "Total Cost": 20006673780.05, "Plan Rows": 153450, "Plan Width": 44, "Group Key": ["part.p_brand", "part.p_type", "part.p_size"], "Plans": [{"Node Type": "Sort", "Parent Relationship": "Outer", "Parallel Aware": false, "Startup Cost": 20006664856.03, "Total Cost": 20006666333.93, "Plan Rows": 591162, "Plan Width": 40, "Sort Key": ["part.p_brand", "part.p_type", "part.p_size"], "Plans": [{"Node Type": "Nested Loop", "Parent Relationship": "Outer", "Parallel Aware": false, "Join Type": "Inner", "Startup Cost": 20000003466.89, "Total Cost": 20006598714.76, "Plan Rows": 591162, "Plan Width": 40, "Inner Unique": true, "Plans": [{"Node Type": "Index Scan", "Parent Relationship": "Outer", "Parallel Aware": false, "Scan Direction": "Forward", "Index Name": "idx_partsupp_partkey", "Relation Name": "partsupp", "Alias": "partsupp", "Startup Cost": 20000003466.46, "Total Cost": 20000341993.86, "Plan Rows": 3999800, "Plan Width": 8, "Filter": "(NOT (hashed SubPlan 1))", "Plans": [{"Node Type": "Seq Scan", "Parent Relationship": "SubPlan", "Subplan Name": "SubPlan 1", "Parallel Aware": false, "Relation Name": "supplier", "Alias": "supplier", "Startup Cost": 10000000000.0, "Total Cost": 10000003466.0, "Plan Rows": 10, "Plan Width": 4, "Filter": "((s_comment)::text ~~ '%Customer%Complaints%'::text)"}]}, {"Node Type": "Bitmap Heap Scan", "Parent Relationship": "Inner", "Parallel Aware": false, "Relation Name": "part", "Alias": "part", "Startup Cost": 0.44, "Total Cost": 1.56, "Plan Rows": 1, "Plan Width": 40, "Recheck Cond": "(p_partkey = partsupp.ps_partkey)", "Filter": "((p_brand <> 'Brand#41'::bpchar) AND ((p_type)::text !~~ 'ECONOMY PLATED%'::text) AND (p_size = ANY ('{46,47,29,30,2,38,27,41}'::integer[])))", "Plans": [{"Node Type": "Bitmap Index Scan", "Parent Relationship": "Outer", "Parallel Aware": false, "Index Name": "part_pkey", "Startup Cost": 0.0, "Total Cost": 0.44, "Plan Rows": 1, "Plan Width": 0, "Index Cond": "(p_partkey = partsupp.ps_partkey)"}]}]}]}]}]}]}}, {"Plan": {"Node Type": "Limit", "Parallel Aware": false, "Startup Cost": 2364353.78, "Total Cost": 2364353.78, "Plan Rows": 1, "Plan Width": 44, "Plans": [{"Node Type": "Sort", "Parent Relationship": "Outer", "Parallel Aware": false, "Startup Cost": 2364353.78, "Total Cost": 2364737.41, "Plan Rows": 153450, "Plan Width": 44, "Sort Key": ["(count(DISTINCT partsupp.ps_suppkey)) DESC", "part.p_brand", "part.p_type", "part.p_size"], "Plans": [{"Node Type": "Aggregate", "Strategy": "Sorted", "Partial Mode": "Simple", "Parent Relationship": "Outer", "Parallel Aware": false, "Startup Cost": 2354662.51, "Total Cost": 2363586.53, "Plan Rows": 153450, "Plan Width": 44, "Group Key": ["part.p_brand", "part.p_type", "part.p_size"], "Plans": [{"Node Type": "Sort", "Parent Relationship": "Outer", "Parallel Aware": false, "Startup Cost": 2354662.51, "Total Cost": 2356140.41, "Plan Rows": 591162, "Plan Width": 40, "Sort Key": ["part.p_brand", "part.p_type", "part.p_size"], "Plans": [{"Node Type": "Gather", "Parent Relationship": "Outer", "Parallel Aware": false, "Startup Cost": 4466.46, "Total Cost": 2288521.24, "Plan Rows": 591162, "Plan Width": 40, "Workers Planned": 3, "Single Copy": false, "Plans": [{"Node Type": "Nested Loop", "Parent Relationship": "Outer", "Parallel Aware": false, "Join Type": "Inner", "Startup Cost": 3466.46, "Total Cost": 2228405.04, "Plan Rows": 190697, "Plan Width": 40, "Inner Unique": true, "Plans": [{"Node Type": "Seq Scan", "Parent Relationship": "Outer", "Parallel Aware": true, "Relation Name": "partsupp", "Alias": "partsupp", "Startup Cost": 3466.03, "Total Cost": 210108.48, "Plan Rows": 1290258, "Plan Width": 8, "Filter": "(NOT (hashed SubPlan 1))", "Plans": [{"Node Type": "Seq Scan", "Parent Relationship": "SubPlan", "Subplan Name": "SubPlan 1", "Parallel Aware": false, "Relation Name": "supplier", "Alias": "supplier", "Startup Cost": 0.0, "Total Cost": 3466.0, "Plan Rows": 10, "Plan Width": 4, "Filter": "((s_comment)::text ~~ '%Customer%Complaints%'::text)"}]}, {"Node Type": "Bitmap Heap Scan", "Parent Relationship": "Inner", "Parallel Aware": false, "Relation Name": "part", "Alias": "part", "Startup Cost": 0.44, "Total Cost": 1.56, "Plan Rows": 1, "Plan Width": 40, "Recheck Cond": "(p_partkey = partsupp.ps_partkey)", "Filter": "((p_brand <> 'Brand#41'::bpchar) AND ((p_type)::text !~~ 'ECONOMY PLATED%'::text) AND (p_size = ANY ('{46,47,29,30,2,38,27,41}'::integer[])))", "Plans": [{"Node Type": "Bitmap Index Scan", "Parent Relationship": "Outer", "Parallel Aware": false, "Index Name": "part_pkey", "Startup Cost": 0.0, "Total Cost": 0.44, "Plan Rows": 1, "Plan Width": 0, "Index Cond": "(p_partkey = partsupp.ps_partkey)"}]}]}]}]}]}]}]}}, {"Plan": {"Node Type": "Limit", "Parallel Aware": false, "Startup Cost": 10000541473.87, "Total Cost": 10000541473.87, "Plan Rows": 1, "Plan Width": 44, "Plans": [{"Node Type": "Sort", "Parent Relationship": "Outer", "Parallel Aware": false, "Startup Cost": 10000541473.87, "Total Cost": 10000541857.5, "Plan Rows": 153450, "Plan Width": 44, "Sort Key": ["(count(DISTINCT partsupp.ps_suppkey)) DESC", "part.p_brand", "part.p_type", "part.p_size"], "Plans": [{"Node Type": "Aggregate", "Strategy": "Sorted", "Partial Mode": "Simple", "Parent Relationship": "Outer", "Parallel Aware": false, "Startup Cost": 10000531782.6, "Total Cost": 10000540706.62, "Plan Rows": 153450, "Plan Width": 44, "Group Key": ["part.p_brand", "part.p_type", "part.p_size"], "Plans": [{"Node Type": "Sort", "Parent Relationship": "Outer", "Parallel Aware": false, "Startup Cost": 10000531782.6, "Total Cost": 10000533260.5, "Plan Rows": 591162, "Plan Width": 40, "Sort Key": ["part.p_brand", "part.p_type", "part.p_size"], "Plans": [{"Node Type": "Merge Join", "Parent Relationship": "Outer", "Parallel Aware": false, "Join Type": "Inner", "Startup Cost": 10000003469.93, "Total Cost": 10000465641.33, "Plan Rows": 591162, "Plan Width": 40, "Inner Unique": true, "Merge Cond": "(partsupp.ps_partkey = part.p_partkey)", "Plans": [{"Node Type": "Index Scan", "Parent Relationship": "Outer", "Parallel Aware": false, "Scan Direction": "Forward", "Index Name": "idx_partsupp_partkey", "Relation Name": "partsupp", "Alias": "partsupp", "Startup Cost": 10000003466.46, "Total Cost": 10000341993.86, "Plan Rows": 3999800, "Plan Width": 8, "Filter": "(NOT (hashed SubPlan 1))", "Plans": [{"Node Type": "Seq Scan", "Parent Relationship": "SubPlan", "Subplan Name": "SubPlan 1", "Parallel Aware": false, "Relation Name": "supplier", "Alias": "supplier", "Startup Cost": 10000000000.0, "Total Cost": 10000003466.0, "Plan Rows": 10, "Plan Width": 4, "Filter": "((s_comment)::text ~~ '%Customer%Complaints%'::text)"}]}, {"Node Type": "Index Scan", "Parent Relationship": "Inner", "Parallel Aware": false, "Scan Direction": "Forward", "Index Name": "part_pkey", "Relation Name": "part", "Alias": "part", "Startup Cost": 0.43, "Total Cost": 106998.23, "Plan Rows": 295596, "Plan Width": 40, "Filter": "((p_brand <> 'Brand#41'::bpchar) AND ((p_type)::text !~~ 'ECONOMY PLATED%'::text) AND (p_size = ANY ('{46,47,29,30,2,38,27,41}'::integer[])))"}]}]}]}]}]}}, {"Plan": {"Node Type": "Limit", "Parallel Aware": false, "Startup Cost": 10002308828.21, "Total Cost": 10002308828.22, "Plan Rows": 1, "Plan Width": 44, "Plans": [{"Node Type": "Sort", "Parent Relationship": "Outer", "Parallel Aware": false, "Startup Cost": 10002308828.21, "Total Cost": 10002309211.84, "Plan Rows": 153450, "Plan Width": 44, "Sort Key": ["(count(DISTINCT partsupp.ps_suppkey)) DESC", "part.p_brand", "part.p_type", "part.p_size"], "Plans": [{"Node Type": "Aggregate", "Strategy": "Sorted", "Partial Mode": "Simple", "Parent Relationship": "Outer", "Parallel Aware": false, "Startup Cost": 10002299136.94, "Total Cost": 10002308060.96, "Plan Rows": 153450, "Plan Width": 44, "Group Key": ["part.p_brand", "part.p_type", "part.p_size"], "Plans": [{"Node Type": "Sort", "Parent Relationship": "Outer", "Parallel Aware": false, "Startup Cost": 10002299136.94, "Total Cost": 10002300614.84, "Plan Rows": 591162, "Plan Width": 40, "Sort Key": ["part.p_brand", "part.p_type", "part.p_size"], "Plans": [{"Node Type": "Nested Loop", "Parent Relationship": "Outer", "Parallel Aware": false, "Join Type": "Inner", "Startup Cost": 10000003466.89, "Total Cost": 10002232995.67, "Plan Rows": 591162, "Plan Width": 40, "Inner Unique": true, "Plans": [{"Node Type": "Index Scan", "Parent Relationship": "Outer", "Parallel Aware": false, "Scan Direction": "Forward", "Index Name": "idx_partsupp_partkey", "Relation Name": "partsupp", "Alias": "partsupp", "Startup Cost": 10000003466.46, "Total Cost": 10000341993.86, "Plan Rows": 3999800, "Plan Width": 8, "Filter": "(NOT (hashed SubPlan 1))", "Plans": [{"Node Type": "Seq Scan", "Parent Relationship": "SubPlan", "Subplan Name": "SubPlan 1", "Parallel Aware": false, "Relation Name": "supplier", "Alias": "supplier", "Startup Cost": 10000000000.0, "Total Cost": 10000003466.0, "Plan Rows": 10, "Plan Width": 4, "Filter": "((s_comment)::text ~~ '%Customer%Complaints%'::text)"}]}, {"Node Type": "Index Scan", "Parent Relationship": "Inner", "Parallel Aware": false, "Scan Direction": "Forward", "Index Name": "part_pkey", "Relation Name": "part", "Alias": "part", "Startup Cost": 0.43, "Total Cost": 0.47, "Plan Rows": 1, "Plan Width": 40, "Index Cond": "(p_partkey = partsupp.ps_partkey)", "Filter": "((p_brand <> 'Brand#41'::bpchar) AND ((p_type)::text !~~ 'ECONOMY PLATED%'::text) AND (p_size = ANY ('{46,47,29,30,2,38,27,41}'::integer[])))"}]}]}]}]}]}}, {"Plan": {"Node Type": "Limit", "Parallel Aware": false, "Startup Cost": 523073.26, "Total Cost": 523073.26, "Plan Rows": 1, "Plan Width": 44, "Plans": [{"Node Type": "Sort", "Parent Relationship": "Outer", "Parallel Aware": false, "Startup Cost": 523073.26, "Total Cost": 523456.89, "Plan Rows": 153450, "Plan Width": 44, "Sort Key": ["(count(DISTINCT partsupp.ps_suppkey)) DESC", "part.p_brand", "part.p_type", "part.p_size"], "Plans": [{"Node Type": "Aggregate", "Strategy": "Sorted", "Partial Mode": "Simple", "Parent Relationship": "Outer", "Parallel Aware": false, "Startup Cost": 513381.99, "Total Cost": 522306.01, "Plan Rows": 153450, "Plan Width": 44, "Group Key": ["part.p_brand", "part.p_type", "part.p_size"], "Plans": [{"Node Type": "Sort", "Parent Relationship": "Outer", "Parallel Aware": false, "Startup Cost": 513381.99, "Total Cost": 514859.89, "Plan Rows": 591162, "Plan Width": 40, "Sort Key": ["part.p_brand", "part.p_type", "part.p_size"], "Plans": [{"Node Type": "Gather", "Parent Relationship": "Outer", "Parallel Aware": false, "Startup Cost": 4469.22, "Total Cost": 447240.72, "Plan Rows": 591162, "Plan Width": 40, "Workers Planned": 3, "Single Copy": false, "Plans": [{"Node Type": "Merge Join", "Parent Relationship": "Outer", "Parallel Aware": false, "Join Type": "Inner", "Startup Cost": 3469.22, "Total Cost": 387124.52, "Plan Rows": 190697, "Plan Width": 40, "Inner Unique": true, "Merge Cond": "(partsupp.ps_partkey = part.p_partkey)", "Plans": [{"Node Type": "Index Scan", "Parent Relationship": "Outer", "Parallel Aware": true, "Scan Direction": "Forward", "Index Name": "idx_partsupp_partkey", "Relation Name": "partsupp", "Alias": "partsupp", "Startup Cost": 3466.46, "Total Cost": 274255.31, "Plan Rows": 1290258, "Plan Width": 8, "Filter": "(NOT (hashed SubPlan 1))", "Plans": [{"Node Type": "Seq Scan", "Parent Relationship": "SubPlan", "Subplan Name": "SubPlan 1", "Parallel Aware": false, "Relation Name": "supplier", "Alias": "supplier", "Startup Cost": 0.0, "Total Cost": 3466.0, "Plan Rows": 10, "Plan Width": 4, "Filter": "((s_comment)::text ~~ '%Customer%Complaints%'::text)"}]}, {"Node Type": "Index Scan", "Parent Relationship": "Inner", "Parallel Aware": false, "Scan Direction": "Forward", "Index Name": "part_pkey", "Relation Name": "part", "Alias": "part", "Startup Cost": 0.43, "Total Cost": 106998.23, "Plan Rows": 295596, "Plan Width": 40, "Filter": "((p_brand <> 'Brand#41'::bpchar) AND ((p_type)::text !~~ 'ECONOMY PLATED%'::text) AND (p_size = ANY ('{46,47,29,30,2,38,27,41}'::integer[])))"}]}]}]}]}]}]}}, {"Plan": {"Node Type": "Limit", "Parallel Aware": false, "Startup Cost": 523073.26, "Total Cost": 523073.26, "Plan Rows": 1, "Plan Width": 44, "Plans": [{"Node Type": "Sort", "Parent Relationship": "Outer", "Parallel Aware": false, "Startup Cost": 523073.26, "Total Cost": 523456.89, "Plan Rows": 153450, "Plan Width": 44, "Sort Key": ["(count(DISTINCT partsupp.ps_suppkey)) DESC", "part.p_brand", "part.p_type", "part.p_size"], "Plans": [{"Node Type": "Aggregate", "Strategy": "Sorted", "Partial Mode": "Simple", "Parent Relationship": "Outer", "Parallel Aware": false, "Startup Cost": 513381.99, "Total Cost": 522306.01, "Plan Rows": 153450, "Plan Width": 44, "Group Key": ["part.p_brand", "part.p_type", "part.p_size"], "Plans": [{"Node Type": "Sort", "Parent Relationship": "Outer", "Parallel Aware": false, "Startup Cost": 513381.99, "Total Cost": 514859.89, "Plan Rows": 591162, "Plan Width": 40, "Sort Key": ["part.p_brand", "part.p_type", "part.p_size"], "Plans": [{"Node Type": "Gather", "Parent Relationship": "Outer", "Parallel Aware": false, "Startup Cost": 4469.22, "Total Cost": 447240.72, "Plan Rows": 591162, "Plan Width": 40, "Workers Planned": 3, "Single Copy": false, "Plans": [{"Node Type": "Merge Join", "Parent Relationship": "Outer", "Parallel Aware": false, "Join Type": "Inner", "Startup Cost": 3469.22, "Total Cost": 387124.52, "Plan Rows": 190697, "Plan Width": 40, "Inner Unique": true, "Merge Cond": "(partsupp.ps_partkey = part.p_partkey)", "Plans": [{"Node Type": "Index Scan", "Parent Relationship": "Outer", "Parallel Aware": true, "Scan Direction": "Forward", "Index Name": "idx_partsupp_partkey", "Relation Name": "partsupp", "Alias": "partsupp", "Startup Cost": 3466.46, "Total Cost": 274255.31, "Plan Rows": 1290258, "Plan Width": 8, "Filter": "(NOT (hashed SubPlan 1))", "Plans": [{"Node Type": "Seq Scan", "Parent Relationship": "SubPlan", "Subplan Name": "SubPlan 1", "Parallel Aware": false, "Relation Name": "supplier", "Alias": "supplier", "Startup Cost": 0.0, "Total Cost": 3466.0, "Plan Rows": 10, "Plan Width": 4, "Filter": "((s_comment)::text ~~ '%Customer%Complaints%'::text)"}]}, {"Node Type": "Index Scan", "Parent Relationship": "Inner", "Parallel Aware": false, "Scan Direction": "Forward", "Index Name": "part_pkey", "Relation Name": "part", "Alias": "part", "Startup Cost": 0.43, "Total Cost": 106998.23, "Plan Rows": 295596, "Plan Width": 40, "Filter": "((p_brand <> 'Brand#41'::bpchar) AND ((p_type)::text !~~ 'ECONOMY PLATED%'::text) AND (p_size = ANY ('{46,47,29,30,2,38,27,41}'::integer[])))"}]}]}]}]}]}]}}, {"Plan": {"Node Type": "Limit", "Parallel Aware": false, "Startup Cost": 10002308828.21, "Total Cost": 10002308828.22, "Plan Rows": 1, "Plan Width": 44, "Plans": [{"Node Type": "Sort", "Parent Relationship": "Outer", "Parallel Aware": false, "Startup Cost": 10002308828.21, "Total Cost": 10002309211.84, "Plan Rows": 153450, "Plan Width": 44, "Sort Key": ["(count(DISTINCT partsupp.ps_suppkey)) DESC", "part.p_brand", "part.p_type", "part.p_size"], "Plans": [{"Node Type": "Aggregate", "Strategy": "Sorted", "Partial Mode": "Simple", "Parent Relationship": "Outer", "Parallel Aware": false, "Startup Cost": 10002299136.94, "Total Cost": 10002308060.96, "Plan Rows": 153450, "Plan Width": 44, "Group Key": ["part.p_brand", "part.p_type", "part.p_size"], "Plans": [{"Node Type": "Sort", "Parent Relationship": "Outer", "Parallel Aware": false, "Startup Cost": 10002299136.94, "Total Cost": 10002300614.84, "Plan Rows": 591162, "Plan Width": 40, "Sort Key": ["part.p_brand", "part.p_type", "part.p_size"], "Plans": [{"Node Type": "Nested Loop", "Parent Relationship": "Outer", "Parallel Aware": false, "Join Type": "Inner", "Startup Cost": 10000003466.89, "Total Cost": 10002232995.67, "Plan Rows": 591162, "Plan Width": 40, "Inner Unique": true, "Plans": [{"Node Type": "Index Scan", "Parent Relationship": "Outer", "Parallel Aware": false, "Scan Direction": "Forward", "Index Name": "idx_partsupp_partkey", "Relation Name": "partsupp", "Alias": "partsupp", "Startup Cost": 10000003466.46, "Total Cost": 10000341993.86, "Plan Rows": 3999800, "Plan Width": 8, "Filter": "(NOT (hashed SubPlan 1))", "Plans": [{"Node Type": "Seq Scan", "Parent Relationship": "SubPlan", "Subplan Name": "SubPlan 1", "Parallel Aware": false, "Relation Name": "supplier", "Alias": "supplier", "Startup Cost": 10000000000.0, "Total Cost": 10000003466.0, "Plan Rows": 10, "Plan Width": 4, "Filter": "((s_comment)::text ~~ '%Customer%Complaints%'::text)"}]}, {"Node Type": "Index Scan", "Parent Relationship": "Inner", "Parallel Aware": false, "Scan Direction": "Forward", "Index Name": "part_pkey", "Relation Name": "part", "Alias": "part", "Startup Cost": 0.43, "Total Cost": 0.47, "Plan Rows": 1, "Plan Width": 40, "Index Cond": "(p_partkey = partsupp.ps_partkey)", "Filter": "((p_brand <> 'Brand#41'::bpchar) AND ((p_type)::text !~~ 'ECONOMY PLATED%'::text) AND (p_size = ANY ('{46,47,29,30,2,38,27,41}'::integer[])))"}]}]}]}]}]}}, {"Plan": {"Node Type": "Limit", "Parallel Aware": false, "Startup Cost": 956057.76, "Total Cost": 956057.76, "Plan Rows": 1, "Plan Width": 44, "Plans": [{"Node Type": "Sort", "Parent Relationship": "Outer", "Parallel Aware": false, "Startup Cost": 956057.76, "Total Cost": 956441.38, "Plan Rows": 153450, "Plan Width": 44, "Sort Key": ["(count(DISTINCT partsupp.ps_suppkey)) DESC", "part.p_brand", "part.p_type", "part.p_size"], "Plans": [{"Node Type": "Aggregate", "Strategy": "Sorted", "Partial Mode": "Simple", "Parent Relationship": "Outer", "Parallel Aware": false, "Startup Cost": 946366.48, "Total Cost": 955290.51, "Plan Rows": 153450, "Plan Width": 44, "Group Key": ["part.p_brand", "part.p_type", "part.p_size"], "Plans": [{"Node Type": "Sort", "Parent Relationship": "Outer", "Parallel Aware": false, "Startup Cost": 946366.48, "Total Cost": 947844.39, "Plan Rows": 591162, "Plan Width": 40, "Sort Key": ["part.p_brand", "part.p_type", "part.p_size"], "Plans": [{"Node Type": "Gather", "Parent Relationship": "Outer", "Parallel Aware": false, "Startup Cost": 4466.45, "Total Cost": 880225.21, "Plan Rows": 591162, "Plan Width": 40, "Workers Planned": 3, "Single Copy": false, "Plans": [{"Node Type": "Nested Loop", "Parent Relationship": "Outer", "Parallel Aware": false, "Join Type": "Inner", "Startup Cost": 3466.45, "Total Cost": 820109.01, "Plan Rows": 190697, "Plan Width": 40, "Inner Unique": true, "Plans": [{"Node Type": "Seq Scan", "Parent Relationship": "Outer", "Parallel Aware": true, "Relation Name": "partsupp", "Alias": "partsupp", "Startup Cost": 3466.03, "Total Cost": 210108.48, "Plan Rows": 1290258, "Plan Width": 8, "Filter": "(NOT (hashed SubPlan 1))", "Plans": [{"Node Type": "Seq Scan", "Parent Relationship": "SubPlan", "Subplan Name": "SubPlan 1", "Parallel Aware": false, "Relation Name": "supplier", "Alias": "supplier", "Startup Cost": 0.0, "Total Cost": 3466.0, "Plan Rows": 10, "Plan Width": 4, "Filter": "((s_comment)::text ~~ '%Customer%Complaints%'::text)"}]}, {"Node Type": "Index Scan", "Parent Relationship": "Inner", "Parallel Aware": false, "Scan Direction": "Forward", "Index Name": "part_pkey", "Relation Name": "part", "Alias": "part", "Startup Cost": 0.43, "Total Cost": 0.47, "Plan Rows": 1, "Plan Width": 40, "Index Cond": "(p_partkey = partsupp.ps_partkey)", "Filter": "((p_brand <> 'Brand#41'::bpchar) AND ((p_type)::text !~~ 'ECONOMY PLATED%'::text) AND (p_size = ANY ('{46,47,29,30,2,38,27,41}'::integer[])))"}]}]}]}]}]}]}}, {"Plan": {"Node Type": "Limit", "Parallel Aware": false, "Startup Cost": 619740.94, "Total Cost": 619740.94, "Plan Rows": 1, "Plan Width": 44, "Plans": [{"Node Type": "Sort", "Parent Relationship": "Outer", "Parallel Aware": false, "Startup Cost": 619740.94, "Total Cost": 620124.56, "Plan Rows": 153450, "Plan Width": 44, "Sort Key": ["(count(DISTINCT partsupp.ps_suppkey)) DESC", "part.p_brand", "part.p_type", "part.p_size"], "Plans": [{"Node Type": "Aggregate", "Strategy": "Sorted", "Partial Mode": "Simple", "Parent Relationship": "Outer", "Parallel Aware": false, "Startup Cost": 610049.66, "Total Cost": 618973.69, "Plan Rows": 153450, "Plan Width": 44, "Group Key": ["part.p_brand", "part.p_type", "part.p_size"], "Plans": [{"Node Type": "Sort", "Parent Relationship": "Outer", "Parallel Aware": false, "Startup Cost": 610049.66, "Total Cost": 611527.57, "Plan Rows": 591162, "Plan Width": 40, "Sort Key": ["part.p_brand", "part.p_type", "part.p_size"], "Plans": [{"Node Type": "Gather", "Parent Relationship": "Outer", "Parallel Aware": false, "Startup Cost": 474956.01, "Total Cost": 543908.39, "Plan Rows": 591162, "Plan Width": 40, "Workers Planned": 3, "Single Copy": false, "Plans": [{"Node Type": "Merge Join", "Parent Relationship": "Outer", "Parallel Aware": false, "Join Type": "Inner", "Startup Cost": 473956.01, "Total Cost": 483792.19, "Plan Rows": 190697, "Plan Width": 40, "Inner Unique": true, "Merge Cond": "(partsupp.ps_partkey = part.p_partkey)", "Plans": [{"Node Type": "Sort", "Parent Relationship": "Outer", "Parallel Aware": false, "Startup Cost": 351398.73, "Total Cost": 354624.38, "Plan Rows": 1290258, "Plan Width": 8, "Sort Key": ["partsupp.ps_partkey"], "Plans": [{"Node Type": "Seq Scan", "Parent Relationship": "Outer", "Parallel Aware": true, "Relation Name": "partsupp", "Alias": "partsupp", "Startup Cost": 3466.03, "Total Cost": 210108.48, "Plan Rows": 1290258, "Plan Width": 8, "Filter": "(NOT (hashed SubPlan 1))", "Plans": [{"Node Type": "Seq Scan", "Parent Relationship": "SubPlan", "Subplan Name": "SubPlan 1", "Parallel Aware": false, "Relation Name": "supplier", "Alias": "supplier", "Startup Cost": 0.0, "Total Cost": 3466.0, "Plan Rows": 10, "Plan Width": 4, "Filter": "((s_comment)::text ~~ '%Customer%Complaints%'::text)"}]}]}, {"Node Type": "Sort", "Parent Relationship": "Inner", "Parallel Aware": false, "Startup Cost": 122557.23, "Total Cost": 123296.22, "Plan Rows": 295596, "Plan Width": 40, "Sort Key": ["part.p_partkey"], "Plans": [{"Node Type": "Seq Scan", "Parent Relationship": "Outer", "Parallel Aware": false, "Relation Name": "part", "Alias": "part", "Startup Cost": 0.0, "Total Cost": 90962.0, "Plan Rows": 295596, "Plan Width": 40, "Filter": "((p_brand <> 'Brand#41'::bpchar) AND ((p_type)::text !~~ 'ECONOMY PLATED%'::text) AND (p_size = ANY ('{46,47,29,30,2,38,27,41}'::integer[])))"}]}]}]}]}]}]}]}}, {"Plan": {"Node Type": "Limit", "Parallel Aware": false, "Startup Cost": 619740.94, "Total Cost": 619740.94, "Plan Rows": 1, "Plan Width": 44, "Plans": [{"Node Type": "Sort", "Parent Relationship": "Outer", "Parallel Aware": false, "Startup Cost": 619740.94, "Total Cost": 620124.56, "Plan Rows": 153450, "Plan Width": 44, "Sort Key": ["(count(DISTINCT partsupp.ps_suppkey)) DESC", "part.p_brand", "part.p_type", "part.p_size"], "Plans": [{"Node Type": "Aggregate", "Strategy": "Sorted", "Partial Mode": "Simple", "Parent Relationship": "Outer", "Parallel Aware": false, "Startup Cost": 610049.66, "Total Cost": 618973.69, "Plan Rows": 153450, "Plan Width": 44, "Group Key": ["part.p_brand", "part.p_type", "part.p_size"], "Plans": [{"Node Type": "Sort", "Parent Relationship": "Outer", "Parallel Aware": false, "Startup Cost": 610049.66, "Total Cost": 611527.57, "Plan Rows": 591162, "Plan Width": 40, "Sort Key": ["part.p_brand", "part.p_type", "part.p_size"], "Plans": [{"Node Type": "Gather", "Parent Relationship": "Outer", "Parallel Aware": false, "Startup Cost": 474956.01, "Total Cost": 543908.39, "Plan Rows": 591162, "Plan Width": 40, "Workers Planned": 3, "Single Copy": false, "Plans": [{"Node Type": "Merge Join", "Parent Relationship": "Outer", "Parallel Aware": false, "Join Type": "Inner", "Startup Cost": 473956.01, "Total Cost": 483792.19, "Plan Rows": 190697, "Plan Width": 40, "Inner Unique": true, "Merge Cond": "(partsupp.ps_partkey = part.p_partkey)", "Plans": [{"Node Type": "Sort", "Parent Relationship": "Outer", "Parallel Aware": false, "Startup Cost": 351398.73, "Total Cost": 354624.38, "Plan Rows": 1290258, "Plan Width": 8, "Sort Key": ["partsupp.ps_partkey"], "Plans": [{"Node Type": "Seq Scan", "Parent Relationship": "Outer", "Parallel Aware": true, "Relation Name": "partsupp", "Alias": "partsupp", "Startup Cost": 3466.03, "Total Cost": 210108.48, "Plan Rows": 1290258, "Plan Width": 8, "Filter": "(NOT (hashed SubPlan 1))", "Plans": [{"Node Type": "Seq Scan", "Parent Relationship": "SubPlan", "Subplan Name": "SubPlan 1", "Parallel Aware": false, "Relation Name": "supplier", "Alias": "supplier", "Startup Cost": 0.0, "Total Cost": 3466.0, "Plan Rows": 10, "Plan Width": 4, "Filter": "((s_comment)::text ~~ '%Customer%Complaints%'::text)"}]}]}, {"Node Type": "Sort", "Parent Relationship": "Inner", "Parallel Aware": false, "Startup Cost": 122557.23, "Total Cost": 123296.22, "Plan Rows": 295596, "Plan Width": 40, "Sort Key": ["part.p_partkey"], "Plans": [{"Node Type": "Seq Scan", "Parent Relationship": "Outer", "Parallel Aware": false, "Relation Name": "part", "Alias": "part", "Startup Cost": 0.0, "Total Cost": 90962.0, "Plan Rows": 295596, "Plan Width": 40, "Filter": "((p_brand <> 'Brand#41'::bpchar) AND ((p_type)::text !~~ 'ECONOMY PLATED%'::text) AND (p_size = ANY ('{46,47,29,30,2,38,27,41}'::integer[])))"}]}]}]}]}]}]}]}}, {"Plan": {"Node Type": "Limit", "Parallel Aware": false, "Startup Cost": 2364353.78, "Total Cost": 2364353.78, "Plan Rows": 1, "Plan Width": 44, "Plans": [{"Node Type": "Sort", "Parent Relationship": "Outer", "Parallel Aware": false, "Startup Cost": 2364353.78, "Total Cost": 2364737.41, "Plan Rows": 153450, "Plan Width": 44, "Sort Key": ["(count(DISTINCT partsupp.ps_suppkey)) DESC", "part.p_brand", "part.p_type", "part.p_size"], "Plans": [{"Node Type": "Aggregate", "Strategy": "Sorted", "Partial Mode": "Simple", "Parent Relationship": "Outer", "Parallel Aware": false, "Startup Cost": 2354662.51, "Total Cost": 2363586.53, "Plan Rows": 153450, "Plan Width": 44, "Group Key": ["part.p_brand", "part.p_type", "part.p_size"], "Plans": [{"Node Type": "Sort", "Parent Relationship": "Outer", "Parallel Aware": false, "Startup Cost": 2354662.51, "Total Cost": 2356140.41, "Plan Rows": 591162, "Plan Width": 40, "Sort Key": ["part.p_brand", "part.p_type", "part.p_size"], "Plans": [{"Node Type": "Gather", "Parent Relationship": "Outer", "Parallel Aware": false, "Startup Cost": 4466.46, "Total Cost": 2288521.24, "Plan Rows": 591162, "Plan Width": 40, "Workers Planned": 3, "Single Copy": false, "Plans": [{"Node Type": "Nested Loop", "Parent Relationship": "Outer", "Parallel Aware": false, "Join Type": "Inner", "Startup Cost": 3466.46, "Total Cost": 2228405.04, "Plan Rows": 190697, "Plan Width": 40, "Inner Unique": true, "Plans": [{"Node Type": "Seq Scan", "Parent Relationship": "Outer", "Parallel Aware": true, "Relation Name": "partsupp", "Alias": "partsupp", "Startup Cost": 3466.03, "Total Cost": 210108.48, "Plan Rows": 1290258, "Plan Width": 8, "Filter": "(NOT (hashed SubPlan 1))", "Plans": [{"Node Type": "Seq Scan", "Parent Relationship": "SubPlan", "Subplan Name": "SubPlan 1", "Parallel Aware": false, "Relation Name": "supplier", "Alias": "supplier", "Startup Cost": 0.0, "Total Cost": 3466.0, "Plan Rows": 10, "Plan Width": 4, "Filter": "((s_comment)::text ~~ '%Customer%Complaints%'::text)"}]}, {"Node Type": "Bitmap Heap Scan", "Parent Relationship": "Inner", "Parallel Aware": false, "Relation Name": "part", "Alias": "part", "Startup Cost": 0.44, "Total Cost": 1.56, "Plan Rows": 1, "Plan Width": 40, "Recheck Cond": "(p_partkey = partsupp.ps_partkey)", "Filter": "((p_brand <> 'Brand#41'::bpchar) AND ((p_type)::text !~~ 'ECONOMY PLATED%'::text) AND (p_size = ANY ('{46,47,29,30,2,38,27,41}'::integer[])))", "Plans": [{"Node Type": "Bitmap Index Scan", "Parent Relationship": "Outer", "Parallel Aware": false, "Index Name": "part_pkey", "Startup Cost": 0.0, "Total Cost": 0.44, "Plan Rows": 1, "Plan Width": 0, "Index Cond": "(p_partkey = partsupp.ps_partkey)"}]}]}]}]}]}]}]}}, {"Plan": {"Node Type": "Limit", "Parallel Aware": false, "Startup Cost": 407727.12, "Total Cost": 407727.12, "Plan Rows": 1, "Plan Width": 44, "Plans": [{"Node Type": "Sort", "Parent Relationship": "Outer", "Parallel Aware": false, "Startup Cost": 407727.12, "Total Cost": 408110.74, "Plan Rows": 153450, "Plan Width": 44, "Sort Key": ["(count(DISTINCT partsupp.ps_suppkey)) DESC", "part.p_brand", "part.p_type", "part.p_size"], "Plans": [{"Node Type": "Aggregate", "Strategy": "Sorted", "Partial Mode": "Simple", "Parent Relationship": "Outer", "Parallel Aware": false, "Startup Cost": 398035.84, "Total Cost": 406959.87, "Plan Rows": 153450, "Plan Width": 44, "Group Key": ["part.p_brand", "part.p_type", "part.p_size"], "Plans": [{"Node Type": "Sort", "Parent Relationship": "Outer", "Parallel Aware": false, "Startup Cost": 398035.84, "Total Cost": 399513.75, "Plan Rows": 591162, "Plan Width": 40, "Sort Key": ["part.p_brand", "part.p_type", "part.p_size"], "Plans": [{"Node Type": "Gather", "Parent Relationship": "Outer", "Parallel Aware": false, "Startup Cost": 62748.98, "Total Cost": 331894.57, "Plan Rows": 591162, "Plan Width": 40, "Workers Planned": 3, "Single Copy": false, "Plans": [{"Node Type": "Hash Join", "Parent Relationship": "Outer", "Parallel Aware": true, "Join Type": "Inner", "Startup Cost": 61748.98, "Total Cost": 271778.37, "Plan Rows": 190697, "Plan Width": 40, "Inner Unique": true, "Hash Cond": "(partsupp.ps_partkey = part.p_partkey)", "Plans": [{"Node Type": "Seq Scan", "Parent Relationship": "Outer", "Parallel Aware": true, "Relation Name": "partsupp", "Alias": "partsupp", "Startup Cost": 3466.03, "Total Cost": 210108.48, "Plan Rows": 1290258, "Plan Width": 8, "Filter": "(NOT (hashed SubPlan 1))", "Plans": [{"Node Type": "Seq Scan", "Parent Relationship": "SubPlan", "Subplan Name": "SubPlan 1", "Parallel Aware": false, "Relation Name": "supplier", "Alias": "supplier", "Startup Cost": 0.0, "Total Cost": 3466.0, "Plan Rows": 10, "Plan Width": 4, "Filter": "((s_comment)::text ~~ '%Customer%Complaints%'::text)"}]}, {"Node Type": "Hash", "Parent Relationship": "Inner", "Parallel Aware": true, "Startup Cost": 57091.03, "Total Cost": 57091.03, "Plan Rows": 95354, "Plan Width": 40, "Plans": [{"Node Type": "Seq Scan", "Parent Relationship": "Outer", "Parallel Aware": true, "Relation Name": "part", "Alias": "part", "Startup Cost": 0.0, "Total Cost": 57091.03, "Plan Rows": 95354, "Plan Width": 40, "Filter": "((p_brand <> 'Brand#41'::bpchar) AND ((p_type)::text !~~ 'ECONOMY PLATED%'::text) AND (p_size = ANY ('{46,47,29,30,2,38,27,41}'::integer[])))"}]}]}]}]}]}]}]}}]