[{"Plan": {"Node Type": "Limit", "Parallel Aware": false, "Startup Cost": 30006674516.01, "Total Cost": 30006674516.01, "Plan Rows": 1, "Plan Width": 44, "Plans": [{"Node Type": "Sort", "Parent Relationship": "Outer", "Parallel Aware": false, "Startup Cost": 30006674516.01, "Total Cost": 30006674899.57, "Plan Rows": 153425, "Plan Width": 44, "Sort Key": ["(count(DISTINCT partsupp.ps_suppkey)) DESC", "part.p_brand", "part.p_type", "part.p_size"], "Plans": [{"Node Type": "Aggregate", "Strategy": "Sorted", "Partial Mode": "Simple", "Parent Relationship": "Outer", "Parallel Aware": false, "Startup Cost": 30006664828.01, "Total Cost": 30006673748.89, "Plan Rows": 153425, "Plan Width": 44, "Group Key": ["part.p_brand", "part.p_type", "part.p_size"], "Plans": [{"Node Type": "Sort", "Parent Relationship": "Outer", "Parallel Aware": false, "Startup Cost": 30006664828.01, "Total Cost": 30006666305.34, "Plan Rows": 590930, "Plan Width": 40, "Sort Key": ["part.p_brand", "part.p_type", "part.p_size"], "Plans": [{"Node Type": "Nested Loop", "Parent Relationship": "Outer", "Parallel Aware": false, "Join Type": "Inner", "Startup Cost": 30000003466.89, "Total Cost": 30006598714.76, "Plan Rows": 590930, "Plan Width": 40, "Inner Unique": true, "Plans": [{"Node Type": "Index Scan", "Parent Relationship": "Outer", "Parallel Aware": false, "Scan Direction": "Forward", "Index Name": "idx_partsupp_partkey", "Relation Name": "partsupp", "Alias": "partsupp", "Startup Cost": 20000003466.46, "Total Cost": 20000341993.86, "Plan Rows": 3999800, "Plan Width": 8, "Filter": "(NOT (hashed SubPlan 1))", "Plans": [{"Node Type": "Seq Scan", "Parent Relationship": "SubPlan", "Subplan Name": "SubPlan 1", "Parallel Aware": false, "Relation Name": "supplier", "Alias": "supplier", "Startup Cost": 10000000000.0, "Total Cost": 10000003466.0, "Plan Rows": 10, "Plan Width": 4, "Filter": "((s_comment)::text ~~ '%Customer%Complaints%'::text)"}]}, {"Node Type": "Bitmap Heap Scan", "Parent Relationship": "Inner", "Parallel Aware": false, "Relation Name": "part", "Alias": "part", "Startup Cost": 0.44, "Total Cost": 1.56, "Plan Rows": 1, "Plan Width": 40, "Recheck Cond": "(p_partkey = partsupp.ps_partkey)", "Filter": "((p_brand <> 'Brand#21'::bpchar) AND ((p_type)::text !~~ 'STANDARD POLISHED%'::text) AND (p_size = ANY ('{50,18,14,11,44,31,1,45}'::integer[])))", "Plans": [{"Node Type": "Bitmap Index Scan", "Parent Relationship": "Outer", "Parallel Aware": false, "Index Name": "part_pkey", "Startup Cost": 0.0, "Total Cost": 0.44, "Plan Rows": 1, "Plan Width": 0, "Index Cond": "(p_partkey = partsupp.ps_partkey)"}]}]}]}]}]}]}}, {"Plan": {"Node Type": "Limit", "Parallel Aware": false, "Startup Cost": 10000619153.59, "Total Cost": 10000619153.6, "Plan Rows": 1, "Plan Width": 44, "Plans": [{"Node Type": "Sort", "Parent Relationship": "Outer", "Parallel Aware": false, "Startup Cost": 10000619153.59, "Total Cost": 10000619537.16, "Plan Rows": 153425, "Plan Width": 44, "Sort Key": ["(count(DISTINCT partsupp.ps_suppkey)) DESC", "part.p_brand", "part.p_type", "part.p_size"], "Plans": [{"Node Type": "Aggregate", "Strategy": "Sorted", "Partial Mode": "Simple", "Parent Relationship": "Outer", "Parallel Aware": false, "Startup Cost": 10000609465.59, "Total Cost": 10000618386.47, "Plan Rows": 153425, "Plan Width": 44, "Group Key": ["part.p_brand", "part.p_type", "part.p_size"], "Plans": [{"Node Type": "Sort", "Parent Relationship": "Outer", "Parallel Aware": false, "Startup Cost": 10000609465.59, "Total Cost": 10000610942.92, "Plan Rows": 590930, "Plan Width": 40, "Sort Key": ["part.p_brand", "part.p_type", "part.p_size"], "Plans": [{"Node Type": "Hash Join", "Parent Relationship": "Outer", "Parallel Aware": false, "Join Type": "Inner", "Startup Cost": 10000407616.79, "Total Cost": 10000543352.34, "Plan Rows": 590930, "Plan Width": 40, "Inner Unique": false, "Hash Cond": "(part.p_partkey = partsupp.ps_partkey)", "Plans": [{"Node Type": "Index Scan", "Parent Relationship": "Outer", "Parallel Aware": false, "Scan Direction": "Forward", "Index Name": "part_pkey", "Relation Name": "part", "Alias": "part", "Startup Cost": 0.43, "Total Cost": 106998.23, "Plan Rows": 295480, "Plan Width": 40, "Filter": "((p_brand <> 'Brand#21'::bpchar) AND ((p_type)::text !~~ 'STANDARD POLISHED%'::text) AND (p_size = ANY ('{50,18,14,11,44,31,1,45}'::integer[])))"}, {"Node Type": "Hash", "Parent Relationship": "Inner", "Parallel Aware": false, "Startup Cost": 10000341993.86, "Total Cost": 10000341993.86, "Plan Rows": 3999800, "Plan Width": 8, "Plans": [{"Node Type": "Index Scan", "Parent Relationship": "Outer", "Parallel Aware": false, "Scan Direction": "Forward", "Index Name": "idx_partsupp_partkey", "Relation Name": "partsupp", "Alias": "partsupp", "Startup Cost": 10000003466.46, "Total Cost": 10000341993.86, "Plan Rows": 3999800, "Plan Width": 8, "Filter": "(NOT (hashed SubPlan 1))", "Plans": [{"Node Type": "Seq Scan", "Parent Relationship": "SubPlan", "Subplan Name": "SubPlan 1", "Parallel Aware": false, "Relation Name": "supplier", "Alias": "supplier", "Startup Cost": 10000000000.0, "Total Cost": 10000003466.0, "Plan Rows": 10, "Plan Width": 4, "Filter": "((s_comment)::text ~~ '%Customer%Complaints%'::text)"}]}]}]}]}]}]}]}}, {"Plan": {"Node Type": "Limit", "Parallel Aware": false, "Startup Cost": 10000541439.97, "Total Cost": 10000541439.97, "Plan Rows": 1, "Plan Width": 44, "Plans": [{"Node Type": "Sort", "Parent Relationship": "Outer", "Parallel Aware": false, "Startup Cost": 10000541439.97, "Total Cost": 10000541823.53, "Plan Rows": 153425, "Plan Width": 44, "Sort Key": ["(count(DISTINCT partsupp.ps_suppkey)) DESC", "part.p_brand", "part.p_type", "part.p_size"], "Plans": [{"Node Type": "Aggregate", "Strategy": "Sorted", "Partial Mode": "Simple", "Parent Relationship": "Outer", "Parallel Aware": false, "Startup Cost": 10000531751.97, "Total Cost": 10000540672.85, "Plan Rows": 153425, "Plan Width": 44, "Group Key": ["part.p_brand", "part.p_type", "part.p_size"], "Plans": [{"Node Type": "Sort", "Parent Relationship": "Outer", "Parallel Aware": false, "Startup Cost": 10000531751.97, "Total Cost": 10000533229.3, "Plan Rows": 590930, "Plan Width": 40, "Sort Key": ["part.p_brand", "part.p_type", "part.p_size"], "Plans": [{"Node Type": "Merge Join", "Parent Relationship": "Outer", "Parallel Aware": false, "Join Type": "Inner", "Startup Cost": 10000003469.93, "Total Cost": 10000465638.72, "Plan Rows": 590930, "Plan Width": 40, "Inner Unique": true, "Merge Cond": "(partsupp.ps_partkey = part.p_partkey)", "Plans": [{"Node Type": "Index Scan", "Parent Relationship": "Outer", "Parallel Aware": false, "Scan Direction": "Forward", "Index Name": "idx_partsupp_partkey", "Relation Name": "partsupp", "Alias": "partsupp", "Startup Cost": 10000003466.46, "Total Cost": 10000341993.86, "Plan Rows": 3999800, "Plan Width": 8, "Filter": "(NOT (hashed SubPlan 1))", "Plans": [{"Node Type": "Seq Scan", "Parent Relationship": "SubPlan", "Subplan Name": "SubPlan 1", "Parallel Aware": false, "Relation Name": "supplier", "Alias": "supplier", "Startup Cost": 10000000000.0, "Total Cost": 10000003466.0, "Plan Rows": 10, "Plan Width": 4, "Filter": "((s_comment)::text ~~ '%Customer%Complaints%'::text)"}]}, {"Node Type": "Index Scan", "Parent Relationship": "Inner", "Parallel Aware": false, "Scan Direction": "Forward", "Index Name": "part_pkey", "Relation Name": "part", "Alias": "part", "Startup Cost": 0.43, "Total Cost": 106998.23, "Plan Rows": 295480, "Plan Width": 40, "Filter": "((p_brand <> 'Brand#21'::bpchar) AND ((p_type)::text !~~ 'STANDARD POLISHED%'::text) AND (p_size = ANY ('{50,18,14,11,44,31,1,45}'::integer[])))"}]}]}]}]}]}}, {"Plan": {"Node Type": "Limit", "Parallel Aware": false, "Startup Cost": 10002308796.93, "Total Cost": 10002308796.93, "Plan Rows": 1, "Plan Width": 44, "Plans": [{"Node Type": "Sort", "Parent Relationship": "Outer", "Parallel Aware": false, "Startup Cost": 10002308796.93, "Total Cost": 10002309180.49, "Plan Rows": 153425, "Plan Width": 44, "Sort Key": ["(count(DISTINCT partsupp.ps_suppkey)) DESC", "part.p_brand", "part.p_type", "part.p_size"], "Plans": [{"Node Type": "Aggregate", "Strategy": "Sorted", "Partial Mode": "Simple", "Parent Relationship": "Outer", "Parallel Aware": false, "Startup Cost": 10002299108.93, "Total Cost": 10002308029.8, "Plan Rows": 153425, "Plan Width": 44, "Group Key": ["part.p_brand", "part.p_type", "part.p_size"], "Plans": [{"Node Type": "Sort", "Parent Relationship": "Outer", "Parallel Aware": false, "Startup Cost": 10002299108.93, "Total Cost": 10002300586.25, "Plan Rows": 590930, "Plan Width": 40, "Sort Key": ["part.p_brand", "part.p_type", "part.p_size"], "Plans": [{"Node Type": "Nested Loop", "Parent Relationship": "Outer", "Parallel Aware": false, "Join Type": "Inner", "Startup Cost": 10000003466.89, "Total Cost": 10002232995.67, "Plan Rows": 590930, "Plan Width": 40, "Inner Unique": true, "Plans": [{"Node Type": "Index Scan", "Parent Relationship": "Outer", "Parallel Aware": false, "Scan Direction": "Forward", "Index Name": "idx_partsupp_partkey", "Relation Name": "partsupp", "Alias": "partsupp", "Startup Cost": 10000003466.46, "Total Cost": 10000341993.86, "Plan Rows": 3999800, "Plan Width": 8, "Filter": "(NOT (hashed SubPlan 1))", "Plans": [{"Node Type": "Seq Scan", "Parent Relationship": "SubPlan", "Subplan Name": "SubPlan 1", "Parallel Aware": false, "Relation Name": "supplier", "Alias": "supplier", "Startup Cost": 10000000000.0, "Total Cost": 10000003466.0, "Plan Rows": 10, "Plan Width": 4, "Filter": "((s_comment)::text ~~ '%Customer%Complaints%'::text)"}]}, {"Node Type": "Index Scan", "Parent Relationship": "Inner", "Parallel Aware": false, "Scan Direction": "Forward", "Index Name": "part_pkey", "Relation Name": "part", "Alias": "part", "Startup Cost": 0.43, "Total Cost": 0.47, "Plan Rows": 1, "Plan Width": 40, "Index Cond": "(p_partkey = partsupp.ps_partkey)", "Filter": "((p_brand <> 'Brand#21'::bpchar) AND ((p_type)::text !~~ 'STANDARD POLISHED%'::text) AND (p_size = ANY ('{50,18,14,11,44,31,1,45}'::integer[])))"}]}]}]}]}]}}, {"Plan": {"Node Type": "Limit", "Parallel Aware": false, "Startup Cost": 407672.15, "Total Cost": 407672.15, "Plan Rows": 1, "Plan Width": 44, "Plans": [{"Node Type": "Sort", "Parent Relationship": "Outer", "Parallel Aware": false, "Startup Cost": 407672.15, "Total Cost": 408055.71, "Plan Rows": 153425, "Plan Width": 44, "Sort Key": ["(count(DISTINCT partsupp.ps_suppkey)) DESC", "part.p_brand", "part.p_type", "part.p_size"], "Plans": [{"Node Type": "Aggregate", "Strategy": "Sorted", "Partial Mode": "Simple", "Parent Relationship": "Outer", "Parallel Aware": false, "Startup Cost": 397984.15, "Total Cost": 406905.03, "Plan Rows": 153425, "Plan Width": 44, "Group Key": ["part.p_brand", "part.p_type", "part.p_size"], "Plans": [{"Node Type": "Sort", "Parent Relationship": "Outer", "Parallel Aware": false, "Startup Cost": 397984.15, "Total Cost": 399461.48, "Plan Rows": 590930, "Plan Width": 40, "Sort Key": ["part.p_brand", "part.p_type", "part.p_size"], "Plans": [{"Node Type": "Gather", "Parent Relationship": "Outer", "Parallel Aware": false, "Startup Cost": 62748.51, "Total Cost": 331870.9, "Plan Rows": 590930, "Plan Width": 40, "Workers Planned": 3, "Single Copy": false, "Plans": [{"Node Type": "Hash Join", "Parent Relationship": "Outer", "Parallel Aware": true, "Join Type": "Inner", "Startup Cost": 61748.51, "Total Cost": 271777.9, "Plan Rows": 190623, "Plan Width": 40, "Inner Unique": true, "Hash Cond": "(partsupp.ps_partkey = part.p_partkey)", "Plans": [{"Node Type": "Seq Scan", "Parent Relationship": "Outer", "Parallel Aware": true, "Relation Name": "partsupp", "Alias": "partsupp", "Startup Cost": 3466.03, "Total Cost": 210108.48, "Plan Rows": 1290258, "Plan Width": 8, "Filter": "(NOT (hashed SubPlan 1))", "Plans": [{"Node Type": "Seq Scan", "Parent Relationship": "SubPlan", "Subplan Name": "SubPlan 1", "Parallel Aware": false, "Relation Name": "supplier", "Alias": "supplier", "Startup Cost": 0.0, "Total Cost": 3466.0, "Plan Rows": 10, "Plan Width": 4, "Filter": "((s_comment)::text ~~ '%Customer%Complaints%'::text)"}]}, {"Node Type": "Hash", "Parent Relationship": "Inner", "Parallel Aware": true, "Startup Cost": 57091.03, "Total Cost": 57091.03, "Plan Rows": 95316, "Plan Width": 40, "Plans": [{"Node Type": "Seq Scan", "Parent Relationship": "Outer", "Parallel Aware": true, "Relation Name": "part", "Alias": "part", "Startup Cost": 0.0, "Total Cost": 57091.03, "Plan Rows": 95316, "Plan Width": 40, "Filter": "((p_brand <> 'Brand#21'::bpchar) AND ((p_type)::text !~~ 'STANDARD POLISHED%'::text) AND (p_size = ANY ('{50,18,14,11,44,31,1,45}'::integer[])))"}]}]}]}]}]}]}]}}, {"Plan": {"Node Type": "Limit", "Parallel Aware": false, "Startup Cost": 10002308796.93, "Total Cost": 10002308796.93, "Plan Rows": 1, "Plan Width": 44, "Plans": [{"Node Type": "Sort", "Parent Relationship": "Outer", "Parallel Aware": false, "Startup Cost": 10002308796.93, "Total Cost": 10002309180.49, "Plan Rows": 153425, "Plan Width": 44, "Sort Key": ["(count(DISTINCT partsupp.ps_suppkey)) DESC", "part.p_brand", "part.p_type", "part.p_size"], "Plans": [{"Node Type": "Aggregate", "Strategy": "Sorted", "Partial Mode": "Simple", "Parent Relationship": "Outer", "Parallel Aware": false, "Startup Cost": 10002299108.93, "Total Cost": 10002308029.8, "Plan Rows": 153425, "Plan Width": 44, "Group Key": ["part.p_brand", "part.p_type", "part.p_size"], "Plans": [{"Node Type": "Sort", "Parent Relationship": "Outer", "Parallel Aware": false, "Startup Cost": 10002299108.93, "Total Cost": 10002300586.25, "Plan Rows": 590930, "Plan Width": 40, "Sort Key": ["part.p_brand", "part.p_type", "part.p_size"], "Plans": [{"Node Type": "Nested Loop", "Parent Relationship": "Outer", "Parallel Aware": false, "Join Type": "Inner", "Startup Cost": 10000003466.89, "Total Cost": 10002232995.67, "Plan Rows": 590930, "Plan Width": 40, "Inner Unique": true, "Plans": [{"Node Type": "Index Scan", "Parent Relationship": "Outer", "Parallel Aware": false, "Scan Direction": "Forward", "Index Name": "idx_partsupp_partkey", "Relation Name": "partsupp", "Alias": "partsupp", "Startup Cost": 10000003466.46, "Total Cost": 10000341993.86, "Plan Rows": 3999800, "Plan Width": 8, "Filter": "(NOT (hashed SubPlan 1))", "Plans": [{"Node Type": "Seq Scan", "Parent Relationship": "SubPlan", "Subplan Name": "SubPlan 1", "Parallel Aware": false, "Relation Name": "supplier", "Alias": "supplier", "Startup Cost": 10000000000.0, "Total Cost": 10000003466.0, "Plan Rows": 10, "Plan Width": 4, "Filter": "((s_comment)::text ~~ '%Customer%Complaints%'::text)"}]}, {"Node Type": "Index Scan", "Parent Relationship": "Inner", "Parallel Aware": false, "Scan Direction": "Forward", "Index Name": "part_pkey", "Relation Name": "part", "Alias": "part", "Startup Cost": 0.43, "Total Cost": 0.47, "Plan Rows": 1, "Plan Width": 40, "Index Cond": "(p_partkey = partsupp.ps_partkey)", "Filter": "((p_brand <> 'Brand#21'::bpchar) AND ((p_type)::text !~~ 'STANDARD POLISHED%'::text) AND (p_size = ANY ('{50,18,14,11,44,31,1,45}'::integer[])))"}]}]}]}]}]}}, {"Plan": {"Node Type": "Limit", "Parallel Aware": false, "Startup Cost": 407672.15, "Total Cost": 407672.15, "Plan Rows": 1, "Plan Width": 44, "Plans": [{"Node Type": "Sort", "Parent Relationship": "Outer", "Parallel Aware": false, "Startup Cost": 407672.15, "Total Cost": 408055.71, "Plan Rows": 153425, "Plan Width": 44, "Sort Key": ["(count(DISTINCT partsupp.ps_suppkey)) DESC", "part.p_brand", "part.p_type", "part.p_size"], "Plans": [{"Node Type": "Aggregate", "Strategy": "Sorted", "Partial Mode": "Simple", "Parent Relationship": "Outer", "Parallel Aware": false, "Startup Cost": 397984.15, "Total Cost": 406905.03, "Plan Rows": 153425, "Plan Width": 44, "Group Key": ["part.p_brand", "part.p_type", "part.p_size"], "Plans": [{"Node Type": "Sort", "Parent Relationship": "Outer", "Parallel Aware": false, "Startup Cost": 397984.15, "Total Cost": 399461.48, "Plan Rows": 590930, "Plan Width": 40, "Sort Key": ["part.p_brand", "part.p_type", "part.p_size"], "Plans": [{"Node Type": "Gather", "Parent Relationship": "Outer", "Parallel Aware": false, "Startup Cost": 62748.51, "Total Cost": 331870.9, "Plan Rows": 590930, "Plan Width": 40, "Workers Planned": 3, "Single Copy": false, "Plans": [{"Node Type": "Hash Join", "Parent Relationship": "Outer", "Parallel Aware": true, "Join Type": "Inner", "Startup Cost": 61748.51, "Total Cost": 271777.9, "Plan Rows": 190623, "Plan Width": 40, "Inner Unique": true, "Hash Cond": "(partsupp.ps_partkey = part.p_partkey)", "Plans": [{"Node Type": "Seq Scan", "Parent Relationship": "Outer", "Parallel Aware": true, "Relation Name": "partsupp", "Alias": "partsupp", "Startup Cost": 3466.03, "Total Cost": 210108.48, "Plan Rows": 1290258, "Plan Width": 8, "Filter": "(NOT (hashed SubPlan 1))", "Plans": [{"Node Type": "Seq Scan", "Parent Relationship": "SubPlan", "Subplan Name": "SubPlan 1", "Parallel Aware": false, "Relation Name": "supplier", "Alias": "supplier", "Startup Cost": 0.0, "Total Cost": 3466.0, "Plan Rows": 10, "Plan Width": 4, "Filter": "((s_comment)::text ~~ '%Customer%Complaints%'::text)"}]}, {"Node Type": "Hash", "Parent Relationship": "Inner", "Parallel Aware": true, "Startup Cost": 57091.03, "Total Cost": 57091.03, "Plan Rows": 95316, "Plan Width": 40, "Plans": [{"Node Type": "Seq Scan", "Parent Relationship": "Outer", "Parallel Aware": true, "Relation Name": "part", "Alias": "part", "Startup Cost": 0.0, "Total Cost": 57091.03, "Plan Rows": 95316, "Plan Width": 40, "Filter": "((p_brand <> 'Brand#21'::bpchar) AND ((p_type)::text !~~ 'STANDARD POLISHED%'::text) AND (p_size = ANY ('{50,18,14,11,44,31,1,45}'::integer[])))"}]}]}]}]}]}]}]}}, {"Plan": {"Node Type": "Limit", "Parallel Aware": false, "Startup Cost": 407672.15, "Total Cost": 407672.15, "Plan Rows": 1, "Plan Width": 44, "Plans": [{"Node Type": "Sort", "Parent Relationship": "Outer", "Parallel Aware": false, "Startup Cost": 407672.15, "Total Cost": 408055.71, "Plan Rows": 153425, "Plan Width": 44, "Sort Key": ["(count(DISTINCT partsupp.ps_suppkey)) DESC", "part.p_brand", "part.p_type", "part.p_size"], "Plans": [{"Node Type": "Aggregate", "Strategy": "Sorted", "Partial Mode": "Simple", "Parent Relationship": "Outer", "Parallel Aware": false, "Startup Cost": 397984.15, "Total Cost": 406905.03, "Plan Rows": 153425, "Plan Width": 44, "Group Key": ["part.p_brand", "part.p_type", "part.p_size"], "Plans": [{"Node Type": "Sort", "Parent Relationship": "Outer", "Parallel Aware": false, "Startup Cost": 397984.15, "Total Cost": 399461.48, "Plan Rows": 590930, "Plan Width": 40, "Sort Key": ["part.p_brand", "part.p_type", "part.p_size"], "Plans": [{"Node Type": "Gather", "Parent Relationship": "Outer", "Parallel Aware": false, "Startup Cost": 62748.51, "Total Cost": 331870.9, "Plan Rows": 590930, "Plan Width": 40, "Workers Planned": 3, "Single Copy": false, "Plans": [{"Node Type": "Hash Join", "Parent Relationship": "Outer", "Parallel Aware": true, "Join Type": "Inner", "Startup Cost": 61748.51, "Total Cost": 271777.9, "Plan Rows": 190623, "Plan Width": 40, "Inner Unique": true, "Hash Cond": "(partsupp.ps_partkey = part.p_partkey)", "Plans": [{"Node Type": "Seq Scan", "Parent Relationship": "Outer", "Parallel Aware": true, "Relation Name": "partsupp", "Alias": "partsupp", "Startup Cost": 3466.03, "Total Cost": 210108.48, "Plan Rows": 1290258, "Plan Width": 8, "Filter": "(NOT (hashed SubPlan 1))", "Plans": [{"Node Type": "Seq Scan", "Parent Relationship": "SubPlan", "Subplan Name": "SubPlan 1", "Parallel Aware": false, "Relation Name": "supplier", "Alias": "supplier", "Startup Cost": 0.0, "Total Cost": 3466.0, "Plan Rows": 10, "Plan Width": 4, "Filter": "((s_comment)::text ~~ '%Customer%Complaints%'::text)"}]}, {"Node Type": "Hash", "Parent Relationship": "Inner", "Parallel Aware": true, "Startup Cost": 57091.03, "Total Cost": 57091.03, "Plan Rows": 95316, "Plan Width": 40, "Plans": [{"Node Type": "Seq Scan", "Parent Relationship": "Outer", "Parallel Aware": true, "Relation Name": "part", "Alias": "part", "Startup Cost": 0.0, "Total Cost": 57091.03, "Plan Rows": 95316, "Plan Width": 40, "Filter": "((p_brand <> 'Brand#21'::bpchar) AND ((p_type)::text !~~ 'STANDARD POLISHED%'::text) AND (p_size = ANY ('{50,18,14,11,44,31,1,45}'::integer[])))"}]}]}]}]}]}]}]}}, {"Plan": {"Node Type": "Limit", "Parallel Aware": false, "Startup Cost": 30000541439.97, "Total Cost": 30000541439.97, "Plan Rows": 1, "Plan Width": 44, "Plans": [{"Node Type": "Sort", "Parent Relationship": "Outer", "Parallel Aware": false, "Startup Cost": 30000541439.97, "Total Cost": 30000541823.53, "Plan Rows": 153425, "Plan Width": 44, "Sort Key": ["(count(DISTINCT partsupp.ps_suppkey)) DESC", "part.p_brand", "part.p_type", "part.p_size"], "Plans": [{"Node Type": "Aggregate", "Strategy": "Sorted", "Partial Mode": "Simple", "Parent Relationship": "Outer", "Parallel Aware": false, "Startup Cost": 30000531751.97, "Total Cost": 30000540672.85, "Plan Rows": 153425, "Plan Width": 44, "Group Key": ["part.p_brand", "part.p_type", "part.p_size"], "Plans": [{"Node Type": "Sort", "Parent Relationship": "Outer", "Parallel Aware": false, "Startup Cost": 30000531751.97, "Total Cost": 30000533229.3, "Plan Rows": 590930, "Plan Width": 40, "Sort Key": ["part.p_brand", "part.p_type", "part.p_size"], "Plans": [{"Node Type": "Merge Join", "Parent Relationship": "Outer", "Parallel Aware": false, "Join Type": "Inner", "Startup Cost": 30000003469.93, "Total Cost": 30000465638.72, "Plan Rows": 590930, "Plan Width": 40, "Inner Unique": true, "Merge Cond": "(partsupp.ps_partkey = part.p_partkey)", "Plans": [{"Node Type": "Index Scan", "Parent Relationship": "Outer", "Parallel Aware": false, "Scan Direction": "Forward", "Index Name": "idx_partsupp_partkey", "Relation Name": "partsupp", "Alias": "partsupp", "Startup Cost": 20000003466.46, "Total Cost": 20000341993.86, "Plan Rows": 3999800, "Plan Width": 8, "Filter": "(NOT (hashed SubPlan 1))", "Plans": [{"Node Type": "Seq Scan", "Parent Relationship": "SubPlan", "Subplan Name": "SubPlan 1", "Parallel Aware": false, "Relation Name": "supplier", "Alias": "supplier", "Startup Cost": 10000000000.0, "Total Cost": 10000003466.0, "Plan Rows": 10, "Plan Width": 4, "Filter": "((s_comment)::text ~~ '%Customer%Complaints%'::text)"}]}, {"Node Type": "Index Scan", "Parent Relationship": "Inner", "Parallel Aware": false, "Scan Direction": "Forward", "Index Name": "part_pkey", "Relation Name": "part", "Alias": "part", "Startup Cost": 10000000000.43, "Total Cost": 10000106998.23, "Plan Rows": 295480, "Plan Width": 40, "Filter": "((p_brand <> 'Brand#21'::bpchar) AND ((p_type)::text !~~ 'STANDARD POLISHED%'::text) AND (p_size = ANY ('{50,18,14,11,44,31,1,45}'::integer[])))"}]}]}]}]}]}}, {"Plan": {"Node Type": "Limit", "Parallel Aware": false, "Startup Cost": 20006674516.01, "Total Cost": 20006674516.01, "Plan Rows": 1, "Plan Width": 44, "Plans": [{"Node Type": "Sort", "Parent Relationship": "Outer", "Parallel Aware": false, "Startup Cost": 20006674516.01, "Total Cost": 20006674899.57, "Plan Rows": 153425, "Plan Width": 44, "Sort Key": ["(count(DISTINCT partsupp.ps_suppkey)) DESC", "part.p_brand", "part.p_type", "part.p_size"], "Plans": [{"Node Type": "Aggregate", "Strategy": "Sorted", "Partial Mode": "Simple", "Parent Relationship": "Outer", "Parallel Aware": false, "Startup Cost": 20006664828.01, "Total Cost": 20006673748.89, "Plan Rows": 153425, "Plan Width": 44, "Group Key": ["part.p_brand", "part.p_type", "part.p_size"], "Plans": [{"Node Type": "Sort", "Parent Relationship": "Outer", "Parallel Aware": false, "Startup Cost": 20006664828.01, "Total Cost": 20006666305.34, "Plan Rows": 590930, "Plan Width": 40, "Sort Key": ["part.p_brand", "part.p_type", "part.p_size"], "Plans": [{"Node Type": "Nested Loop", "Parent Relationship": "Outer", "Parallel Aware": false, "Join Type": "Inner", "Startup Cost": 20000003466.89, "Total Cost": 20006598714.76, "Plan Rows": 590930, "Plan Width": 40, "Inner Unique": true, "Plans": [{"Node Type": "Index Scan", "Parent Relationship": "Outer", "Parallel Aware": false, "Scan Direction": "Forward", "Index Name": "idx_partsupp_partkey", "Relation Name": "partsupp", "Alias": "partsupp", "Startup Cost": 20000003466.46, "Total Cost": 20000341993.86, "Plan Rows": 3999800, "Plan Width": 8, "Filter": "(NOT (hashed SubPlan 1))", "Plans": [{"Node Type": "Seq Scan", "Parent Relationship": "SubPlan", "Subplan Name": "SubPlan 1", "Parallel Aware": false, "Relation Name": "supplier", "Alias": "supplier", "Startup Cost": 10000000000.0, "Total Cost": 10000003466.0, "Plan Rows": 10, "Plan Width": 4, "Filter": "((s_comment)::text ~~ '%Customer%Complaints%'::text)"}]}, {"Node Type": "Bitmap Heap Scan", "Parent Relationship": "Inner", "Parallel Aware": false, "Relation Name": "part", "Alias": "part", "Startup Cost": 0.44, "Total Cost": 1.56, "Plan Rows": 1, "Plan Width": 40, "Recheck Cond": "(p_partkey = partsupp.ps_partkey)", "Filter": "((p_brand <> 'Brand#21'::bpchar) AND ((p_type)::text !~~ 'STANDARD POLISHED%'::text) AND (p_size = ANY ('{50,18,14,11,44,31,1,45}'::integer[])))", "Plans": [{"Node Type": "Bitmap Index Scan", "Parent Relationship": "Outer", "Parallel Aware": false, "Index Name": "part_pkey", "Startup Cost": 0.0, "Total Cost": 0.44, "Plan Rows": 1, "Plan Width": 0, "Index Cond": "(p_partkey = partsupp.ps_partkey)"}]}]}]}]}]}]}}, {"Plan": {"Node Type": "Limit", "Parallel Aware": false, "Startup Cost": 407672.15, "Total Cost": 407672.15, "Plan Rows": 1, "Plan Width": 44, "Plans": [{"Node Type": "Sort", "Parent Relationship": "Outer", "Parallel Aware": false, "Startup Cost": 407672.15, "Total Cost": 408055.71, "Plan Rows": 153425, "Plan Width": 44, "Sort Key": ["(count(DISTINCT partsupp.ps_suppkey)) DESC", "part.p_brand", "part.p_type", "part.p_size"], "Plans": [{"Node Type": "Aggregate", "Strategy": "Sorted", "Partial Mode": "Simple", "Parent Relationship": "Outer", "Parallel Aware": false, "Startup Cost": 397984.15, "Total Cost": 406905.03, "Plan Rows": 153425, "Plan Width": 44, "Group Key": ["part.p_brand", "part.p_type", "part.p_size"], "Plans": [{"Node Type": "Sort", "Parent Relationship": "Outer", "Parallel Aware": false, "Startup Cost": 397984.15, "Total Cost": 399461.48, "Plan Rows": 590930, "Plan Width": 40, "Sort Key": ["part.p_brand", "part.p_type", "part.p_size"], "Plans": [{"Node Type": "Gather", "Parent Relationship": "Outer", "Parallel Aware": false, "Startup Cost": 62748.51, "Total Cost": 331870.9, "Plan Rows": 590930, "Plan Width": 40, "Workers Planned": 3, "Single Copy": false, "Plans": [{"Node Type": "Hash Join", "Parent Relationship": "Outer", "Parallel Aware": true, "Join Type": "Inner", "Startup Cost": 61748.51, "Total Cost": 271777.9, "Plan Rows": 190623, "Plan Width": 40, "Inner Unique": true, "Hash Cond": "(partsupp.ps_partkey = part.p_partkey)", "Plans": [{"Node Type": "Seq Scan", "Parent Relationship": "Outer", "Parallel Aware": true, "Relation Name": "partsupp", "Alias": "partsupp", "Startup Cost": 3466.03, "Total Cost": 210108.48, "Plan Rows": 1290258, "Plan Width": 8, "Filter": "(NOT (hashed SubPlan 1))", "Plans": [{"Node Type": "Seq Scan", "Parent Relationship": "SubPlan", "Subplan Name": "SubPlan 1", "Parallel Aware": false, "Relation Name": "supplier", "Alias": "supplier", "Startup Cost": 0.0, "Total Cost": 3466.0, "Plan Rows": 10, "Plan Width": 4, "Filter": "((s_comment)::text ~~ '%Customer%Complaints%'::text)"}]}, {"Node Type": "Hash", "Parent Relationship": "Inner", "Parallel Aware": true, "Startup Cost": 57091.03, "Total Cost": 57091.03, "Plan Rows": 95316, "Plan Width": 40, "Plans": [{"Node Type": "Seq Scan", "Parent Relationship": "Outer", "Parallel Aware": true, "Relation Name": "part", "Alias": "part", "Startup Cost": 0.0, "Total Cost": 57091.03, "Plan Rows": 95316, "Plan Width": 40, "Filter": "((p_brand <> 'Brand#21'::bpchar) AND ((p_type)::text !~~ 'STANDARD POLISHED%'::text) AND (p_size = ANY ('{50,18,14,11,44,31,1,45}'::integer[])))"}]}]}]}]}]}]}]}}, {"Plan": {"Node Type": "Limit", "Parallel Aware": false, "Startup Cost": 407672.15, "Total Cost": 407672.15, "Plan Rows": 1, "Plan Width": 44, "Plans": [{"Node Type": "Sort", "Parent Relationship": "Outer", "Parallel Aware": false, "Startup Cost": 407672.15, "Total Cost": 408055.71, "Plan Rows": 153425, "Plan Width": 44, "Sort Key": ["(count(DISTINCT partsupp.ps_suppkey)) DESC", "part.p_brand", "part.p_type", "part.p_size"], "Plans": [{"Node Type": "Aggregate", "Strategy": "Sorted", "Partial Mode": "Simple", "Parent Relationship": "Outer", "Parallel Aware": false, "Startup Cost": 397984.15, "Total Cost": 406905.03, "Plan Rows": 153425, "Plan Width": 44, "Group Key": ["part.p_brand", "part.p_type", "part.p_size"], "Plans": [{"Node Type": "Sort", "Parent Relationship": "Outer", "Parallel Aware": false, "Startup Cost": 397984.15, "Total Cost": 399461.48, "Plan Rows": 590930, "Plan Width": 40, "Sort Key": ["part.p_brand", "part.p_type", "part.p_size"], "Plans": [{"Node Type": "Gather", "Parent Relationship": "Outer", "Parallel Aware": false, "Startup Cost": 62748.51, "Total Cost": 331870.9, "Plan Rows": 590930, "Plan Width": 40, "Workers Planned": 3, "Single Copy": false, "Plans": [{"Node Type": "Hash Join", "Parent Relationship": "Outer", "Parallel Aware": true, "Join Type": "Inner", "Startup Cost": 61748.51, "Total Cost": 271777.9, "Plan Rows": 190623, "Plan Width": 40, "Inner Unique": true, "Hash Cond": "(partsupp.ps_partkey = part.p_partkey)", "Plans": [{"Node Type": "Seq Scan", "Parent Relationship": "Outer", "Parallel Aware": true, "Relation Name": "partsupp", "Alias": "partsupp", "Startup Cost": 3466.03, "Total Cost": 210108.48, "Plan Rows": 1290258, "Plan Width": 8, "Filter": "(NOT (hashed SubPlan 1))", "Plans": [{"Node Type": "Seq Scan", "Parent Relationship": "SubPlan", "Subplan Name": "SubPlan 1", "Parallel Aware": false, "Relation Name": "supplier", "Alias": "supplier", "Startup Cost": 0.0, "Total Cost": 3466.0, "Plan Rows": 10, "Plan Width": 4, "Filter": "((s_comment)::text ~~ '%Customer%Complaints%'::text)"}]}, {"Node Type": "Hash", "Parent Relationship": "Inner", "Parallel Aware": true, "Startup Cost": 57091.03, "Total Cost": 57091.03, "Plan Rows": 95316, "Plan Width": 40, "Plans": [{"Node Type": "Seq Scan", "Parent Relationship": "Outer", "Parallel Aware": true, "Relation Name": "part", "Alias": "part", "Startup Cost": 0.0, "Total Cost": 57091.03, "Plan Rows": 95316, "Plan Width": 40, "Filter": "((p_brand <> 'Brand#21'::bpchar) AND ((p_type)::text !~~ 'STANDARD POLISHED%'::text) AND (p_size = ANY ('{50,18,14,11,44,31,1,45}'::integer[])))"}]}]}]}]}]}]}]}}, {"Plan": {"Node Type": "Limit", "Parallel Aware": false, "Startup Cost": 20006674516.01, "Total Cost": 20006674516.01, "Plan Rows": 1, "Plan Width": 44, "Plans": [{"Node Type": "Sort", "Parent Relationship": "Outer", "Parallel Aware": false, "Startup Cost": 20006674516.01, "Total Cost": 20006674899.57, "Plan Rows": 153425, "Plan Width": 44, "Sort Key": ["(count(DISTINCT partsupp.ps_suppkey)) DESC", "part.p_brand", "part.p_type", "part.p_size"], "Plans": [{"Node Type": "Aggregate", "Strategy": "Sorted", "Partial Mode": "Simple", "Parent Relationship": "Outer", "Parallel Aware": false, "Startup Cost": 20006664828.01, "Total Cost": 20006673748.89, "Plan Rows": 153425, "Plan Width": 44, "Group Key": ["part.p_brand", "part.p_type", "part.p_size"], "Plans": [{"Node Type": "Sort", "Parent Relationship": "Outer", "Parallel Aware": false, "Startup Cost": 20006664828.01, "Total Cost": 20006666305.34, "Plan Rows": 590930, "Plan Width": 40, "Sort Key": ["part.p_brand", "part.p_type", "part.p_size"], "Plans": [{"Node Type": "Nested Loop", "Parent Relationship": "Outer", "Parallel Aware": false, "Join Type": "Inner", "Startup Cost": 20000003466.89, "Total Cost": 20006598714.76, "Plan Rows": 590930, "Plan Width": 40, "Inner Unique": true, "Plans": [{"Node Type": "Index Scan", "Parent Relationship": "Outer", "Parallel Aware": false, "Scan Direction": "Forward", "Index Name": "idx_partsupp_partkey", "Relation Name": "partsupp", "Alias": "partsupp", "Startup Cost": 20000003466.46, "Total Cost": 20000341993.86, "Plan Rows": 3999800, "Plan Width": 8, "Filter": "(NOT (hashed SubPlan 1))", "Plans": [{"Node Type": "Seq Scan", "Parent Relationship": "SubPlan", "Subplan Name": "SubPlan 1", "Parallel Aware": false, "Relation Name": "supplier", "Alias": "supplier", "Startup Cost": 10000000000.0, "Total Cost": 10000003466.0, "Plan Rows": 10, "Plan Width": 4, "Filter": "((s_comment)::text ~~ '%Customer%Complaints%'::text)"}]}, {"Node Type": "Bitmap Heap Scan", "Parent Relationship": "Inner", "Parallel Aware": false, "Relation Name": "part", "Alias": "part", "Startup Cost": 0.44, "Total Cost": 1.56, "Plan Rows": 1, "Plan Width": 40, "Recheck Cond": "(p_partkey = partsupp.ps_partkey)", "Filter": "((p_brand <> 'Brand#21'::bpchar) AND ((p_type)::text !~~ 'STANDARD POLISHED%'::text) AND (p_size = ANY ('{50,18,14,11,44,31,1,45}'::integer[])))", "Plans": [{"Node Type": "Bitmap Index Scan", "Parent Relationship": "Outer", "Parallel Aware": false, "Index Name": "part_pkey", "Startup Cost": 0.0, "Total Cost": 0.44, "Plan Rows": 1, "Plan Width": 0, "Index Cond": "(p_partkey = partsupp.ps_partkey)"}]}]}]}]}]}]}}, {"Plan": {"Node Type": "Limit", "Parallel Aware": false, "Startup Cost": 407672.15, "Total Cost": 407672.15, "Plan Rows": 1, "Plan Width": 44, "Plans": [{"Node Type": "Sort", "Parent Relationship": "Outer", "Parallel Aware": false, "Startup Cost": 407672.15, "Total Cost": 408055.71, "Plan Rows": 153425, "Plan Width": 44, "Sort Key": ["(count(DISTINCT partsupp.ps_suppkey)) DESC", "part.p_brand", "part.p_type", "part.p_size"], "Plans": [{"Node Type": "Aggregate", "Strategy": "Sorted", "Partial Mode": "Simple", "Parent Relationship": "Outer", "Parallel Aware": false, "Startup Cost": 397984.15, "Total Cost": 406905.03, "Plan Rows": 153425, "Plan Width": 44, "Group Key": ["part.p_brand", "part.p_type", "part.p_size"], "Plans": [{"Node Type": "Sort", "Parent Relationship": "Outer", "Parallel Aware": false, "Startup Cost": 397984.15, "Total Cost": 399461.48, "Plan Rows": 590930, "Plan Width": 40, "Sort Key": ["part.p_brand", "part.p_type", "part.p_size"], "Plans": [{"Node Type": "Gather", "Parent Relationship": "Outer", "Parallel Aware": false, "Startup Cost": 62748.51, "Total Cost": 331870.9, "Plan Rows": 590930, "Plan Width": 40, "Workers Planned": 3, "Single Copy": false, "Plans": [{"Node Type": "Hash Join", "Parent Relationship": "Outer", "Parallel Aware": true, "Join Type": "Inner", "Startup Cost": 61748.51, "Total Cost": 271777.9, "Plan Rows": 190623, "Plan Width": 40, "Inner Unique": true, "Hash Cond": "(partsupp.ps_partkey = part.p_partkey)", "Plans": [{"Node Type": "Seq Scan", "Parent Relationship": "Outer", "Parallel Aware": true, "Relation Name": "partsupp", "Alias": "partsupp", "Startup Cost": 3466.03, "Total Cost": 210108.48, "Plan Rows": 1290258, "Plan Width": 8, "Filter": "(NOT (hashed SubPlan 1))", "Plans": [{"Node Type": "Seq Scan", "Parent Relationship": "SubPlan", "Subplan Name": "SubPlan 1", "Parallel Aware": false, "Relation Name": "supplier", "Alias": "supplier", "Startup Cost": 0.0, "Total Cost": 3466.0, "Plan Rows": 10, "Plan Width": 4, "Filter": "((s_comment)::text ~~ '%Customer%Complaints%'::text)"}]}, {"Node Type": "Hash", "Parent Relationship": "Inner", "Parallel Aware": true, "Startup Cost": 57091.03, "Total Cost": 57091.03, "Plan Rows": 95316, "Plan Width": 40, "Plans": [{"Node Type": "Seq Scan", "Parent Relationship": "Outer", "Parallel Aware": true, "Relation Name": "part", "Alias": "part", "Startup Cost": 0.0, "Total Cost": 57091.03, "Plan Rows": 95316, "Plan Width": 40, "Filter": "((p_brand <> 'Brand#21'::bpchar) AND ((p_type)::text !~~ 'STANDARD POLISHED%'::text) AND (p_size = ANY ('{50,18,14,11,44,31,1,45}'::integer[])))"}]}]}]}]}]}]}]}}, {"Plan": {"Node Type": "Limit", "Parallel Aware": false, "Startup Cost": 407672.15, "Total Cost": 407672.15, "Plan Rows": 1, "Plan Width": 44, "Plans": [{"Node Type": "Sort", "Parent Relationship": "Outer", "Parallel Aware": false, "Startup Cost": 407672.15, "Total Cost": 408055.71, "Plan Rows": 153425, "Plan Width": 44, "Sort Key": ["(count(DISTINCT partsupp.ps_suppkey)) DESC", "part.p_brand", "part.p_type", "part.p_size"], "Plans": [{"Node Type": "Aggregate", "Strategy": "Sorted", "Partial Mode": "Simple", "Parent Relationship": "Outer", "Parallel Aware": false, "Startup Cost": 397984.15, "Total Cost": 406905.03, "Plan Rows": 153425, "Plan Width": 44, "Group Key": ["part.p_brand", "part.p_type", "part.p_size"], "Plans": [{"Node Type": "Sort", "Parent Relationship": "Outer", "Parallel Aware": false, "Startup Cost": 397984.15, "Total Cost": 399461.48, "Plan Rows": 590930, "Plan Width": 40, "Sort Key": ["part.p_brand", "part.p_type", "part.p_size"], "Plans": [{"Node Type": "Gather", "Parent Relationship": "Outer", "Parallel Aware": false, "Startup Cost": 62748.51, "Total Cost": 331870.9, "Plan Rows": 590930, "Plan Width": 40, "Workers Planned": 3, "Single Copy": false, "Plans": [{"Node Type": "Hash Join", "Parent Relationship": "Outer", "Parallel Aware": true, "Join Type": "Inner", "Startup Cost": 61748.51, "Total Cost": 271777.9, "Plan Rows": 190623, "Plan Width": 40, "Inner Unique": true, "Hash Cond": "(partsupp.ps_partkey = part.p_partkey)", "Plans": [{"Node Type": "Seq Scan", "Parent Relationship": "Outer", "Parallel Aware": true, "Relation Name": "partsupp", "Alias": "partsupp", "Startup Cost": 3466.03, "Total Cost": 210108.48, "Plan Rows": 1290258, "Plan Width": 8, "Filter": "(NOT (hashed SubPlan 1))", "Plans": [{"Node Type": "Seq Scan", "Parent Relationship": "SubPlan", "Subplan Name": "SubPlan 1", "Parallel Aware": false, "Relation Name": "supplier", "Alias": "supplier", "Startup Cost": 0.0, "Total Cost": 3466.0, "Plan Rows": 10, "Plan Width": 4, "Filter": "((s_comment)::text ~~ '%Customer%Complaints%'::text)"}]}, {"Node Type": "Hash", "Parent Relationship": "Inner", "Parallel Aware": true, "Startup Cost": 57091.03, "Total Cost": 57091.03, "Plan Rows": 95316, "Plan Width": 40, "Plans": [{"Node Type": "Seq Scan", "Parent Relationship": "Outer", "Parallel Aware": true, "Relation Name": "part", "Alias": "part", "Startup Cost": 0.0, "Total Cost": 57091.03, "Plan Rows": 95316, "Plan Width": 40, "Filter": "((p_brand <> 'Brand#21'::bpchar) AND ((p_type)::text !~~ 'STANDARD POLISHED%'::text) AND (p_size = ANY ('{50,18,14,11,44,31,1,45}'::integer[])))"}]}]}]}]}]}]}]}}, {"Plan": {"Node Type": "Limit", "Parallel Aware": false, "Startup Cost": 10000619153.59, "Total Cost": 10000619153.6, "Plan Rows": 1, "Plan Width": 44, "Plans": [{"Node Type": "Sort", "Parent Relationship": "Outer", "Parallel Aware": false, "Startup Cost": 10000619153.59, "Total Cost": 10000619537.16, "Plan Rows": 153425, "Plan Width": 44, "Sort Key": ["(count(DISTINCT partsupp.ps_suppkey)) DESC", "part.p_brand", "part.p_type", "part.p_size"], "Plans": [{"Node Type": "Aggregate", "Strategy": "Sorted", "Partial Mode": "Simple", "Parent Relationship": "Outer", "Parallel Aware": false, "Startup Cost": 10000609465.59, "Total Cost": 10000618386.47, "Plan Rows": 153425, "Plan Width": 44, "Group Key": ["part.p_brand", "part.p_type", "part.p_size"], "Plans": [{"Node Type": "Sort", "Parent Relationship": "Outer", "Parallel Aware": false, "Startup Cost": 10000609465.59, "Total Cost": 10000610942.92, "Plan Rows": 590930, "Plan Width": 40, "Sort Key": ["part.p_brand", "part.p_type", "part.p_size"], "Plans": [{"Node Type": "Hash Join", "Parent Relationship": "Outer", "Parallel Aware": false, "Join Type": "Inner", "Startup Cost": 10000407616.79, "Total Cost": 10000543352.34, "Plan Rows": 590930, "Plan Width": 40, "Inner Unique": false, "Hash Cond": "(part.p_partkey = partsupp.ps_partkey)", "Plans": [{"Node Type": "Index Scan", "Parent Relationship": "Outer", "Parallel Aware": false, "Scan Direction": "Forward", "Index Name": "part_pkey", "Relation Name": "part", "Alias": "part", "Startup Cost": 0.43, "Total Cost": 106998.23, "Plan Rows": 295480, "Plan Width": 40, "Filter": "((p_brand <> 'Brand#21'::bpchar) AND ((p_type)::text !~~ 'STANDARD POLISHED%'::text) AND (p_size = ANY ('{50,18,14,11,44,31,1,45}'::integer[])))"}, {"Node Type": "Hash", "Parent Relationship": "Inner", "Parallel Aware": false, "Startup Cost": 10000341993.86, "Total Cost": 10000341993.86, "Plan Rows": 3999800, "Plan Width": 8, "Plans": [{"Node Type": "Index Scan", "Parent Relationship": "Outer", "Parallel Aware": false, "Scan Direction": "Forward", "Index Name": "idx_partsupp_partkey", "Relation Name": "partsupp", "Alias": "partsupp", "Startup Cost": 10000003466.46, "Total Cost": 10000341993.86, "Plan Rows": 3999800, "Plan Width": 8, "Filter": "(NOT (hashed SubPlan 1))", "Plans": [{"Node Type": "Seq Scan", "Parent Relationship": "SubPlan", "Subplan Name": "SubPlan 1", "Parallel Aware": false, "Relation Name": "supplier", "Alias": "supplier", "Startup Cost": 10000000000.0, "Total Cost": 10000003466.0, "Plan Rows": 10, "Plan Width": 4, "Filter": "((s_comment)::text ~~ '%Customer%Complaints%'::text)"}]}]}]}]}]}]}]}}, {"Plan": {"Node Type": "Limit", "Parallel Aware": false, "Startup Cost": 10000541439.97, "Total Cost": 10000541439.97, "Plan Rows": 1, "Plan Width": 44, "Plans": [{"Node Type": "Sort", "Parent Relationship": "Outer", "Parallel Aware": false, "Startup Cost": 10000541439.97, "Total Cost": 10000541823.53, "Plan Rows": 153425, "Plan Width": 44, "Sort Key": ["(count(DISTINCT partsupp.ps_suppkey)) DESC", "part.p_brand", "part.p_type", "part.p_size"], "Plans": [{"Node Type": "Aggregate", "Strategy": "Sorted", "Partial Mode": "Simple", "Parent Relationship": "Outer", "Parallel Aware": false, "Startup Cost": 10000531751.97, "Total Cost": 10000540672.85, "Plan Rows": 153425, "Plan Width": 44, "Group Key": ["part.p_brand", "part.p_type", "part.p_size"], "Plans": [{"Node Type": "Sort", "Parent Relationship": "Outer", "Parallel Aware": false, "Startup Cost": 10000531751.97, "Total Cost": 10000533229.3, "Plan Rows": 590930, "Plan Width": 40, "Sort Key": ["part.p_brand", "part.p_type", "part.p_size"], "Plans": [{"Node Type": "Merge Join", "Parent Relationship": "Outer", "Parallel Aware": false, "Join Type": "Inner", "Startup Cost": 10000003469.93, "Total Cost": 10000465638.72, "Plan Rows": 590930, "Plan Width": 40, "Inner Unique": true, "Merge Cond": "(partsupp.ps_partkey = part.p_partkey)", "Plans": [{"Node Type": "Index Scan", "Parent Relationship": "Outer", "Parallel Aware": false, "Scan Direction": "Forward", "Index Name": "idx_partsupp_partkey", "Relation Name": "partsupp", "Alias": "partsupp", "Startup Cost": 10000003466.46, "Total Cost": 10000341993.86, "Plan Rows": 3999800, "Plan Width": 8, "Filter": "(NOT (hashed SubPlan 1))", "Plans": [{"Node Type": "Seq Scan", "Parent Relationship": "SubPlan", "Subplan Name": "SubPlan 1", "Parallel Aware": false, "Relation Name": "supplier", "Alias": "supplier", "Startup Cost": 10000000000.0, "Total Cost": 10000003466.0, "Plan Rows": 10, "Plan Width": 4, "Filter": "((s_comment)::text ~~ '%Customer%Complaints%'::text)"}]}, {"Node Type": "Index Scan", "Parent Relationship": "Inner", "Parallel Aware": false, "Scan Direction": "Forward", "Index Name": "part_pkey", "Relation Name": "part", "Alias": "part", "Startup Cost": 0.43, "Total Cost": 106998.23, "Plan Rows": 295480, "Plan Width": 40, "Filter": "((p_brand <> 'Brand#21'::bpchar) AND ((p_type)::text !~~ 'STANDARD POLISHED%'::text) AND (p_size = ANY ('{50,18,14,11,44,31,1,45}'::integer[])))"}]}]}]}]}]}}, {"Plan": {"Node Type": "Limit", "Parallel Aware": false, "Startup Cost": 10002308796.93, "Total Cost": 10002308796.93, "Plan Rows": 1, "Plan Width": 44, "Plans": [{"Node Type": "Sort", "Parent Relationship": "Outer", "Parallel Aware": false, "Startup Cost": 10002308796.93, "Total Cost": 10002309180.49, "Plan Rows": 153425, "Plan Width": 44, "Sort Key": ["(count(DISTINCT partsupp.ps_suppkey)) DESC", "part.p_brand", "part.p_type", "part.p_size"], "Plans": [{"Node Type": "Aggregate", "Strategy": "Sorted", "Partial Mode": "Simple", "Parent Relationship": "Outer", "Parallel Aware": false, "Startup Cost": 10002299108.93, "Total Cost": 10002308029.8, "Plan Rows": 153425, "Plan Width": 44, "Group Key": ["part.p_brand", "part.p_type", "part.p_size"], "Plans": [{"Node Type": "Sort", "Parent Relationship": "Outer", "Parallel Aware": false, "Startup Cost": 10002299108.93, "Total Cost": 10002300586.25, "Plan Rows": 590930, "Plan Width": 40, "Sort Key": ["part.p_brand", "part.p_type", "part.p_size"], "Plans": [{"Node Type": "Nested Loop", "Parent Relationship": "Outer", "Parallel Aware": false, "Join Type": "Inner", "Startup Cost": 10000003466.89, "Total Cost": 10002232995.67, "Plan Rows": 590930, "Plan Width": 40, "Inner Unique": true, "Plans": [{"Node Type": "Index Scan", "Parent Relationship": "Outer", "Parallel Aware": false, "Scan Direction": "Forward", "Index Name": "idx_partsupp_partkey", "Relation Name": "partsupp", "Alias": "partsupp", "Startup Cost": 10000003466.46, "Total Cost": 10000341993.86, "Plan Rows": 3999800, "Plan Width": 8, "Filter": "(NOT (hashed SubPlan 1))", "Plans": [{"Node Type": "Seq Scan", "Parent Relationship": "SubPlan", "Subplan Name": "SubPlan 1", "Parallel Aware": false, "Relation Name": "supplier", "Alias": "supplier", "Startup Cost": 10000000000.0, "Total Cost": 10000003466.0, "Plan Rows": 10, "Plan Width": 4, "Filter": "((s_comment)::text ~~ '%Customer%Complaints%'::text)"}]}, {"Node Type": "Index Scan", "Parent Relationship": "Inner", "Parallel Aware": false, "Scan Direction": "Forward", "Index Name": "part_pkey", "Relation Name": "part", "Alias": "part", "Startup Cost": 0.43, "Total Cost": 0.47, "Plan Rows": 1, "Plan Width": 40, "Index Cond": "(p_partkey = partsupp.ps_partkey)", "Filter": "((p_brand <> 'Brand#21'::bpchar) AND ((p_type)::text !~~ 'STANDARD POLISHED%'::text) AND (p_size = ANY ('{50,18,14,11,44,31,1,45}'::integer[])))"}]}]}]}]}]}}, {"Plan": {"Node Type": "Limit", "Parallel Aware": false, "Startup Cost": 407672.15, "Total Cost": 407672.15, "Plan Rows": 1, "Plan Width": 44, "Plans": [{"Node Type": "Sort", "Parent Relationship": "Outer", "Parallel Aware": false, "Startup Cost": 407672.15, "Total Cost": 408055.71, "Plan Rows": 153425, "Plan Width": 44, "Sort Key": ["(count(DISTINCT partsupp.ps_suppkey)) DESC", "part.p_brand", "part.p_type", "part.p_size"], "Plans": [{"Node Type": "Aggregate", "Strategy": "Sorted", "Partial Mode": "Simple", "Parent Relationship": "Outer", "Parallel Aware": false, "Startup Cost": 397984.15, "Total Cost": 406905.03, "Plan Rows": 153425, "Plan Width": 44, "Group Key": ["part.p_brand", "part.p_type", "part.p_size"], "Plans": [{"Node Type": "Sort", "Parent Relationship": "Outer", "Parallel Aware": false, "Startup Cost": 397984.15, "Total Cost": 399461.48, "Plan Rows": 590930, "Plan Width": 40, "Sort Key": ["part.p_brand", "part.p_type", "part.p_size"], "Plans": [{"Node Type": "Gather", "Parent Relationship": "Outer", "Parallel Aware": false, "Startup Cost": 62748.51, "Total Cost": 331870.9, "Plan Rows": 590930, "Plan Width": 40, "Workers Planned": 3, "Single Copy": false, "Plans": [{"Node Type": "Hash Join", "Parent Relationship": "Outer", "Parallel Aware": true, "Join Type": "Inner", "Startup Cost": 61748.51, "Total Cost": 271777.9, "Plan Rows": 190623, "Plan Width": 40, "Inner Unique": true, "Hash Cond": "(partsupp.ps_partkey = part.p_partkey)", "Plans": [{"Node Type": "Seq Scan", "Parent Relationship": "Outer", "Parallel Aware": true, "Relation Name": "partsupp", "Alias": "partsupp", "Startup Cost": 3466.03, "Total Cost": 210108.48, "Plan Rows": 1290258, "Plan Width": 8, "Filter": "(NOT (hashed SubPlan 1))", "Plans": [{"Node Type": "Seq Scan", "Parent Relationship": "SubPlan", "Subplan Name": "SubPlan 1", "Parallel Aware": false, "Relation Name": "supplier", "Alias": "supplier", "Startup Cost": 0.0, "Total Cost": 3466.0, "Plan Rows": 10, "Plan Width": 4, "Filter": "((s_comment)::text ~~ '%Customer%Complaints%'::text)"}]}, {"Node Type": "Hash", "Parent Relationship": "Inner", "Parallel Aware": true, "Startup Cost": 57091.03, "Total Cost": 57091.03, "Plan Rows": 95316, "Plan Width": 40, "Plans": [{"Node Type": "Seq Scan", "Parent Relationship": "Outer", "Parallel Aware": true, "Relation Name": "part", "Alias": "part", "Startup Cost": 0.0, "Total Cost": 57091.03, "Plan Rows": 95316, "Plan Width": 40, "Filter": "((p_brand <> 'Brand#21'::bpchar) AND ((p_type)::text !~~ 'STANDARD POLISHED%'::text) AND (p_size = ANY ('{50,18,14,11,44,31,1,45}'::integer[])))"}]}]}]}]}]}]}]}}, {"Plan": {"Node Type": "Limit", "Parallel Aware": false, "Startup Cost": 407672.15, "Total Cost": 407672.15, "Plan Rows": 1, "Plan Width": 44, "Plans": [{"Node Type": "Sort", "Parent Relationship": "Outer", "Parallel Aware": false, "Startup Cost": 407672.15, "Total Cost": 408055.71, "Plan Rows": 153425, "Plan Width": 44, "Sort Key": ["(count(DISTINCT partsupp.ps_suppkey)) DESC", "part.p_brand", "part.p_type", "part.p_size"], "Plans": [{"Node Type": "Aggregate", "Strategy": "Sorted", "Partial Mode": "Simple", "Parent Relationship": "Outer", "Parallel Aware": false, "Startup Cost": 397984.15, "Total Cost": 406905.03, "Plan Rows": 153425, "Plan Width": 44, "Group Key": ["part.p_brand", "part.p_type", "part.p_size"], "Plans": [{"Node Type": "Sort", "Parent Relationship": "Outer", "Parallel Aware": false, "Startup Cost": 397984.15, "Total Cost": 399461.48, "Plan Rows": 590930, "Plan Width": 40, "Sort Key": ["part.p_brand", "part.p_type", "part.p_size"], "Plans": [{"Node Type": "Gather", "Parent Relationship": "Outer", "Parallel Aware": false, "Startup Cost": 62748.51, "Total Cost": 331870.9, "Plan Rows": 590930, "Plan Width": 40, "Workers Planned": 3, "Single Copy": false, "Plans": [{"Node Type": "Hash Join", "Parent Relationship": "Outer", "Parallel Aware": true, "Join Type": "Inner", "Startup Cost": 61748.51, "Total Cost": 271777.9, "Plan Rows": 190623, "Plan Width": 40, "Inner Unique": true, "Hash Cond": "(partsupp.ps_partkey = part.p_partkey)", "Plans": [{"Node Type": "Seq Scan", "Parent Relationship": "Outer", "Parallel Aware": true, "Relation Name": "partsupp", "Alias": "partsupp", "Startup Cost": 3466.03, "Total Cost": 210108.48, "Plan Rows": 1290258, "Plan Width": 8, "Filter": "(NOT (hashed SubPlan 1))", "Plans": [{"Node Type": "Seq Scan", "Parent Relationship": "SubPlan", "Subplan Name": "SubPlan 1", "Parallel Aware": false, "Relation Name": "supplier", "Alias": "supplier", "Startup Cost": 0.0, "Total Cost": 3466.0, "Plan Rows": 10, "Plan Width": 4, "Filter": "((s_comment)::text ~~ '%Customer%Complaints%'::text)"}]}, {"Node Type": "Hash", "Parent Relationship": "Inner", "Parallel Aware": true, "Startup Cost": 57091.03, "Total Cost": 57091.03, "Plan Rows": 95316, "Plan Width": 40, "Plans": [{"Node Type": "Seq Scan", "Parent Relationship": "Outer", "Parallel Aware": true, "Relation Name": "part", "Alias": "part", "Startup Cost": 0.0, "Total Cost": 57091.03, "Plan Rows": 95316, "Plan Width": 40, "Filter": "((p_brand <> 'Brand#21'::bpchar) AND ((p_type)::text !~~ 'STANDARD POLISHED%'::text) AND (p_size = ANY ('{50,18,14,11,44,31,1,45}'::integer[])))"}]}]}]}]}]}]}]}}, {"Plan": {"Node Type": "Limit", "Parallel Aware": false, "Startup Cost": 10002308796.93, "Total Cost": 10002308796.93, "Plan Rows": 1, "Plan Width": 44, "Plans": [{"Node Type": "Sort", "Parent Relationship": "Outer", "Parallel Aware": false, "Startup Cost": 10002308796.93, "Total Cost": 10002309180.49, "Plan Rows": 153425, "Plan Width": 44, "Sort Key": ["(count(DISTINCT partsupp.ps_suppkey)) DESC", "part.p_brand", "part.p_type", "part.p_size"], "Plans": [{"Node Type": "Aggregate", "Strategy": "Sorted", "Partial Mode": "Simple", "Parent Relationship": "Outer", "Parallel Aware": false, "Startup Cost": 10002299108.93, "Total Cost": 10002308029.8, "Plan Rows": 153425, "Plan Width": 44, "Group Key": ["part.p_brand", "part.p_type", "part.p_size"], "Plans": [{"Node Type": "Sort", "Parent Relationship": "Outer", "Parallel Aware": false, "Startup Cost": 10002299108.93, "Total Cost": 10002300586.25, "Plan Rows": 590930, "Plan Width": 40, "Sort Key": ["part.p_brand", "part.p_type", "part.p_size"], "Plans": [{"Node Type": "Nested Loop", "Parent Relationship": "Outer", "Parallel Aware": false, "Join Type": "Inner", "Startup Cost": 10000003466.89, "Total Cost": 10002232995.67, "Plan Rows": 590930, "Plan Width": 40, "Inner Unique": true, "Plans": [{"Node Type": "Index Scan", "Parent Relationship": "Outer", "Parallel Aware": false, "Scan Direction": "Forward", "Index Name": "idx_partsupp_partkey", "Relation Name": "partsupp", "Alias": "partsupp", "Startup Cost": 10000003466.46, "Total Cost": 10000341993.86, "Plan Rows": 3999800, "Plan Width": 8, "Filter": "(NOT (hashed SubPlan 1))", "Plans": [{"Node Type": "Seq Scan", "Parent Relationship": "SubPlan", "Subplan Name": "SubPlan 1", "Parallel Aware": false, "Relation Name": "supplier", "Alias": "supplier", "Startup Cost": 10000000000.0, "Total Cost": 10000003466.0, "Plan Rows": 10, "Plan Width": 4, "Filter": "((s_comment)::text ~~ '%Customer%Complaints%'::text)"}]}, {"Node Type": "Index Scan", "Parent Relationship": "Inner", "Parallel Aware": false, "Scan Direction": "Forward", "Index Name": "part_pkey", "Relation Name": "part", "Alias": "part", "Startup Cost": 0.43, "Total Cost": 0.47, "Plan Rows": 1, "Plan Width": 40, "Index Cond": "(p_partkey = partsupp.ps_partkey)", "Filter": "((p_brand <> 'Brand#21'::bpchar) AND ((p_type)::text !~~ 'STANDARD POLISHED%'::text) AND (p_size = ANY ('{50,18,14,11,44,31,1,45}'::integer[])))"}]}]}]}]}]}}, {"Plan": {"Node Type": "Limit", "Parallel Aware": false, "Startup Cost": 407672.15, "Total Cost": 407672.15, "Plan Rows": 1, "Plan Width": 44, "Plans": [{"Node Type": "Sort", "Parent Relationship": "Outer", "Parallel Aware": false, "Startup Cost": 407672.15, "Total Cost": 408055.71, "Plan Rows": 153425, "Plan Width": 44, "Sort Key": ["(count(DISTINCT partsupp.ps_suppkey)) DESC", "part.p_brand", "part.p_type", "part.p_size"], "Plans": [{"Node Type": "Aggregate", "Strategy": "Sorted", "Partial Mode": "Simple", "Parent Relationship": "Outer", "Parallel Aware": false, "Startup Cost": 397984.15, "Total Cost": 406905.03, "Plan Rows": 153425, "Plan Width": 44, "Group Key": ["part.p_brand", "part.p_type", "part.p_size"], "Plans": [{"Node Type": "Sort", "Parent Relationship": "Outer", "Parallel Aware": false, "Startup Cost": 397984.15, "Total Cost": 399461.48, "Plan Rows": 590930, "Plan Width": 40, "Sort Key": ["part.p_brand", "part.p_type", "part.p_size"], "Plans": [{"Node Type": "Gather", "Parent Relationship": "Outer", "Parallel Aware": false, "Startup Cost": 62748.51, "Total Cost": 331870.9, "Plan Rows": 590930, "Plan Width": 40, "Workers Planned": 3, "Single Copy": false, "Plans": [{"Node Type": "Hash Join", "Parent Relationship": "Outer", "Parallel Aware": true, "Join Type": "Inner", "Startup Cost": 61748.51, "Total Cost": 271777.9, "Plan Rows": 190623, "Plan Width": 40, "Inner Unique": true, "Hash Cond": "(partsupp.ps_partkey = part.p_partkey)", "Plans": [{"Node Type": "Seq Scan", "Parent Relationship": "Outer", "Parallel Aware": true, "Relation Name": "partsupp", "Alias": "partsupp", "Startup Cost": 3466.03, "Total Cost": 210108.48, "Plan Rows": 1290258, "Plan Width": 8, "Filter": "(NOT (hashed SubPlan 1))", "Plans": [{"Node Type": "Seq Scan", "Parent Relationship": "SubPlan", "Subplan Name": "SubPlan 1", "Parallel Aware": false, "Relation Name": "supplier", "Alias": "supplier", "Startup Cost": 0.0, "Total Cost": 3466.0, "Plan Rows": 10, "Plan Width": 4, "Filter": "((s_comment)::text ~~ '%Customer%Complaints%'::text)"}]}, {"Node Type": "Hash", "Parent Relationship": "Inner", "Parallel Aware": true, "Startup Cost": 57091.03, "Total Cost": 57091.03, "Plan Rows": 95316, "Plan Width": 40, "Plans": [{"Node Type": "Seq Scan", "Parent Relationship": "Outer", "Parallel Aware": true, "Relation Name": "part", "Alias": "part", "Startup Cost": 0.0, "Total Cost": 57091.03, "Plan Rows": 95316, "Plan Width": 40, "Filter": "((p_brand <> 'Brand#21'::bpchar) AND ((p_type)::text !~~ 'STANDARD POLISHED%'::text) AND (p_size = ANY ('{50,18,14,11,44,31,1,45}'::integer[])))"}]}]}]}]}]}]}]}}, {"Plan": {"Node Type": "Limit", "Parallel Aware": false, "Startup Cost": 407672.15, "Total Cost": 407672.15, "Plan Rows": 1, "Plan Width": 44, "Plans": [{"Node Type": "Sort", "Parent Relationship": "Outer", "Parallel Aware": false, "Startup Cost": 407672.15, "Total Cost": 408055.71, "Plan Rows": 153425, "Plan Width": 44, "Sort Key": ["(count(DISTINCT partsupp.ps_suppkey)) DESC", "part.p_brand", "part.p_type", "part.p_size"], "Plans": [{"Node Type": "Aggregate", "Strategy": "Sorted", "Partial Mode": "Simple", "Parent Relationship": "Outer", "Parallel Aware": false, "Startup Cost": 397984.15, "Total Cost": 406905.03, "Plan Rows": 153425, "Plan Width": 44, "Group Key": ["part.p_brand", "part.p_type", "part.p_size"], "Plans": [{"Node Type": "Sort", "Parent Relationship": "Outer", "Parallel Aware": false, "Startup Cost": 397984.15, "Total Cost": 399461.48, "Plan Rows": 590930, "Plan Width": 40, "Sort Key": ["part.p_brand", "part.p_type", "part.p_size"], "Plans": [{"Node Type": "Gather", "Parent Relationship": "Outer", "Parallel Aware": false, "Startup Cost": 62748.51, "Total Cost": 331870.9, "Plan Rows": 590930, "Plan Width": 40, "Workers Planned": 3, "Single Copy": false, "Plans": [{"Node Type": "Hash Join", "Parent Relationship": "Outer", "Parallel Aware": true, "Join Type": "Inner", "Startup Cost": 61748.51, "Total Cost": 271777.9, "Plan Rows": 190623, "Plan Width": 40, "Inner Unique": true, "Hash Cond": "(partsupp.ps_partkey = part.p_partkey)", "Plans": [{"Node Type": "Seq Scan", "Parent Relationship": "Outer", "Parallel Aware": true, "Relation Name": "partsupp", "Alias": "partsupp", "Startup Cost": 3466.03, "Total Cost": 210108.48, "Plan Rows": 1290258, "Plan Width": 8, "Filter": "(NOT (hashed SubPlan 1))", "Plans": [{"Node Type": "Seq Scan", "Parent Relationship": "SubPlan", "Subplan Name": "SubPlan 1", "Parallel Aware": false, "Relation Name": "supplier", "Alias": "supplier", "Startup Cost": 0.0, "Total Cost": 3466.0, "Plan Rows": 10, "Plan Width": 4, "Filter": "((s_comment)::text ~~ '%Customer%Complaints%'::text)"}]}, {"Node Type": "Hash", "Parent Relationship": "Inner", "Parallel Aware": true, "Startup Cost": 57091.03, "Total Cost": 57091.03, "Plan Rows": 95316, "Plan Width": 40, "Plans": [{"Node Type": "Seq Scan", "Parent Relationship": "Outer", "Parallel Aware": true, "Relation Name": "part", "Alias": "part", "Startup Cost": 0.0, "Total Cost": 57091.03, "Plan Rows": 95316, "Plan Width": 40, "Filter": "((p_brand <> 'Brand#21'::bpchar) AND ((p_type)::text !~~ 'STANDARD POLISHED%'::text) AND (p_size = ANY ('{50,18,14,11,44,31,1,45}'::integer[])))"}]}]}]}]}]}]}]}}, {"Plan": {"Node Type": "Limit", "Parallel Aware": false, "Startup Cost": 407672.15, "Total Cost": 407672.15, "Plan Rows": 1, "Plan Width": 44, "Plans": [{"Node Type": "Sort", "Parent Relationship": "Outer", "Parallel Aware": false, "Startup Cost": 407672.15, "Total Cost": 408055.71, "Plan Rows": 153425, "Plan Width": 44, "Sort Key": ["(count(DISTINCT partsupp.ps_suppkey)) DESC", "part.p_brand", "part.p_type", "part.p_size"], "Plans": [{"Node Type": "Aggregate", "Strategy": "Sorted", "Partial Mode": "Simple", "Parent Relationship": "Outer", "Parallel Aware": false, "Startup Cost": 397984.15, "Total Cost": 406905.03, "Plan Rows": 153425, "Plan Width": 44, "Group Key": ["part.p_brand", "part.p_type", "part.p_size"], "Plans": [{"Node Type": "Sort", "Parent Relationship": "Outer", "Parallel Aware": false, "Startup Cost": 397984.15, "Total Cost": 399461.48, "Plan Rows": 590930, "Plan Width": 40, "Sort Key": ["part.p_brand", "part.p_type", "part.p_size"], "Plans": [{"Node Type": "Gather", "Parent Relationship": "Outer", "Parallel Aware": false, "Startup Cost": 62748.51, "Total Cost": 331870.9, "Plan Rows": 590930, "Plan Width": 40, "Workers Planned": 3, "Single Copy": false, "Plans": [{"Node Type": "Hash Join", "Parent Relationship": "Outer", "Parallel Aware": true, "Join Type": "Inner", "Startup Cost": 61748.51, "Total Cost": 271777.9, "Plan Rows": 190623, "Plan Width": 40, "Inner Unique": true, "Hash Cond": "(partsupp.ps_partkey = part.p_partkey)", "Plans": [{"Node Type": "Seq Scan", "Parent Relationship": "Outer", "Parallel Aware": true, "Relation Name": "partsupp", "Alias": "partsupp", "Startup Cost": 3466.03, "Total Cost": 210108.48, "Plan Rows": 1290258, "Plan Width": 8, "Filter": "(NOT (hashed SubPlan 1))", "Plans": [{"Node Type": "Seq Scan", "Parent Relationship": "SubPlan", "Subplan Name": "SubPlan 1", "Parallel Aware": false, "Relation Name": "supplier", "Alias": "supplier", "Startup Cost": 0.0, "Total Cost": 3466.0, "Plan Rows": 10, "Plan Width": 4, "Filter": "((s_comment)::text ~~ '%Customer%Complaints%'::text)"}]}, {"Node Type": "Hash", "Parent Relationship": "Inner", "Parallel Aware": true, "Startup Cost": 57091.03, "Total Cost": 57091.03, "Plan Rows": 95316, "Plan Width": 40, "Plans": [{"Node Type": "Seq Scan", "Parent Relationship": "Outer", "Parallel Aware": true, "Relation Name": "part", "Alias": "part", "Startup Cost": 0.0, "Total Cost": 57091.03, "Plan Rows": 95316, "Plan Width": 40, "Filter": "((p_brand <> 'Brand#21'::bpchar) AND ((p_type)::text !~~ 'STANDARD POLISHED%'::text) AND (p_size = ANY ('{50,18,14,11,44,31,1,45}'::integer[])))"}]}]}]}]}]}]}]}}, {"Plan": {"Node Type": "Limit", "Parallel Aware": false, "Startup Cost": 407672.15, "Total Cost": 407672.15, "Plan Rows": 1, "Plan Width": 44, "Plans": [{"Node Type": "Sort", "Parent Relationship": "Outer", "Parallel Aware": false, "Startup Cost": 407672.15, "Total Cost": 408055.71, "Plan Rows": 153425, "Plan Width": 44, "Sort Key": ["(count(DISTINCT partsupp.ps_suppkey)) DESC", "part.p_brand", "part.p_type", "part.p_size"], "Plans": [{"Node Type": "Aggregate", "Strategy": "Sorted", "Partial Mode": "Simple", "Parent Relationship": "Outer", "Parallel Aware": false, "Startup Cost": 397984.15, "Total Cost": 406905.03, "Plan Rows": 153425, "Plan Width": 44, "Group Key": ["part.p_brand", "part.p_type", "part.p_size"], "Plans": [{"Node Type": "Sort", "Parent Relationship": "Outer", "Parallel Aware": false, "Startup Cost": 397984.15, "Total Cost": 399461.48, "Plan Rows": 590930, "Plan Width": 40, "Sort Key": ["part.p_brand", "part.p_type", "part.p_size"], "Plans": [{"Node Type": "Gather", "Parent Relationship": "Outer", "Parallel Aware": false, "Startup Cost": 62748.51, "Total Cost": 331870.9, "Plan Rows": 590930, "Plan Width": 40, "Workers Planned": 3, "Single Copy": false, "Plans": [{"Node Type": "Hash Join", "Parent Relationship": "Outer", "Parallel Aware": true, "Join Type": "Inner", "Startup Cost": 61748.51, "Total Cost": 271777.9, "Plan Rows": 190623, "Plan Width": 40, "Inner Unique": true, "Hash Cond": "(partsupp.ps_partkey = part.p_partkey)", "Plans": [{"Node Type": "Seq Scan", "Parent Relationship": "Outer", "Parallel Aware": true, "Relation Name": "partsupp", "Alias": "partsupp", "Startup Cost": 3466.03, "Total Cost": 210108.48, "Plan Rows": 1290258, "Plan Width": 8, "Filter": "(NOT (hashed SubPlan 1))", "Plans": [{"Node Type": "Seq Scan", "Parent Relationship": "SubPlan", "Subplan Name": "SubPlan 1", "Parallel Aware": false, "Relation Name": "supplier", "Alias": "supplier", "Startup Cost": 0.0, "Total Cost": 3466.0, "Plan Rows": 10, "Plan Width": 4, "Filter": "((s_comment)::text ~~ '%Customer%Complaints%'::text)"}]}, {"Node Type": "Hash", "Parent Relationship": "Inner", "Parallel Aware": true, "Startup Cost": 57091.03, "Total Cost": 57091.03, "Plan Rows": 95316, "Plan Width": 40, "Plans": [{"Node Type": "Seq Scan", "Parent Relationship": "Outer", "Parallel Aware": true, "Relation Name": "part", "Alias": "part", "Startup Cost": 0.0, "Total Cost": 57091.03, "Plan Rows": 95316, "Plan Width": 40, "Filter": "((p_brand <> 'Brand#21'::bpchar) AND ((p_type)::text !~~ 'STANDARD POLISHED%'::text) AND (p_size = ANY ('{50,18,14,11,44,31,1,45}'::integer[])))"}]}]}]}]}]}]}]}}, {"Plan": {"Node Type": "Limit", "Parallel Aware": false, "Startup Cost": 407672.15, "Total Cost": 407672.15, "Plan Rows": 1, "Plan Width": 44, "Plans": [{"Node Type": "Sort", "Parent Relationship": "Outer", "Parallel Aware": false, "Startup Cost": 407672.15, "Total Cost": 408055.71, "Plan Rows": 153425, "Plan Width": 44, "Sort Key": ["(count(DISTINCT partsupp.ps_suppkey)) DESC", "part.p_brand", "part.p_type", "part.p_size"], "Plans": [{"Node Type": "Aggregate", "Strategy": "Sorted", "Partial Mode": "Simple", "Parent Relationship": "Outer", "Parallel Aware": false, "Startup Cost": 397984.15, "Total Cost": 406905.03, "Plan Rows": 153425, "Plan Width": 44, "Group Key": ["part.p_brand", "part.p_type", "part.p_size"], "Plans": [{"Node Type": "Sort", "Parent Relationship": "Outer", "Parallel Aware": false, "Startup Cost": 397984.15, "Total Cost": 399461.48, "Plan Rows": 590930, "Plan Width": 40, "Sort Key": ["part.p_brand", "part.p_type", "part.p_size"], "Plans": [{"Node Type": "Gather", "Parent Relationship": "Outer", "Parallel Aware": false, "Startup Cost": 62748.51, "Total Cost": 331870.9, "Plan Rows": 590930, "Plan Width": 40, "Workers Planned": 3, "Single Copy": false, "Plans": [{"Node Type": "Hash Join", "Parent Relationship": "Outer", "Parallel Aware": true, "Join Type": "Inner", "Startup Cost": 61748.51, "Total Cost": 271777.9, "Plan Rows": 190623, "Plan Width": 40, "Inner Unique": true, "Hash Cond": "(partsupp.ps_partkey = part.p_partkey)", "Plans": [{"Node Type": "Seq Scan", "Parent Relationship": "Outer", "Parallel Aware": true, "Relation Name": "partsupp", "Alias": "partsupp", "Startup Cost": 3466.03, "Total Cost": 210108.48, "Plan Rows": 1290258, "Plan Width": 8, "Filter": "(NOT (hashed SubPlan 1))", "Plans": [{"Node Type": "Seq Scan", "Parent Relationship": "SubPlan", "Subplan Name": "SubPlan 1", "Parallel Aware": false, "Relation Name": "supplier", "Alias": "supplier", "Startup Cost": 0.0, "Total Cost": 3466.0, "Plan Rows": 10, "Plan Width": 4, "Filter": "((s_comment)::text ~~ '%Customer%Complaints%'::text)"}]}, {"Node Type": "Hash", "Parent Relationship": "Inner", "Parallel Aware": true, "Startup Cost": 57091.03, "Total Cost": 57091.03, "Plan Rows": 95316, "Plan Width": 40, "Plans": [{"Node Type": "Seq Scan", "Parent Relationship": "Outer", "Parallel Aware": true, "Relation Name": "part", "Alias": "part", "Startup Cost": 0.0, "Total Cost": 57091.03, "Plan Rows": 95316, "Plan Width": 40, "Filter": "((p_brand <> 'Brand#21'::bpchar) AND ((p_type)::text !~~ 'STANDARD POLISHED%'::text) AND (p_size = ANY ('{50,18,14,11,44,31,1,45}'::integer[])))"}]}]}]}]}]}]}]}}, {"Plan": {"Node Type": "Limit", "Parallel Aware": false, "Startup Cost": 407672.15, "Total Cost": 407672.15, "Plan Rows": 1, "Plan Width": 44, "Plans": [{"Node Type": "Sort", "Parent Relationship": "Outer", "Parallel Aware": false, "Startup Cost": 407672.15, "Total Cost": 408055.71, "Plan Rows": 153425, "Plan Width": 44, "Sort Key": ["(count(DISTINCT partsupp.ps_suppkey)) DESC", "part.p_brand", "part.p_type", "part.p_size"], "Plans": [{"Node Type": "Aggregate", "Strategy": "Sorted", "Partial Mode": "Simple", "Parent Relationship": "Outer", "Parallel Aware": false, "Startup Cost": 397984.15, "Total Cost": 406905.03, "Plan Rows": 153425, "Plan Width": 44, "Group Key": ["part.p_brand", "part.p_type", "part.p_size"], "Plans": [{"Node Type": "Sort", "Parent Relationship": "Outer", "Parallel Aware": false, "Startup Cost": 397984.15, "Total Cost": 399461.48, "Plan Rows": 590930, "Plan Width": 40, "Sort Key": ["part.p_brand", "part.p_type", "part.p_size"], "Plans": [{"Node Type": "Gather", "Parent Relationship": "Outer", "Parallel Aware": false, "Startup Cost": 62748.51, "Total Cost": 331870.9, "Plan Rows": 590930, "Plan Width": 40, "Workers Planned": 3, "Single Copy": false, "Plans": [{"Node Type": "Hash Join", "Parent Relationship": "Outer", "Parallel Aware": true, "Join Type": "Inner", "Startup Cost": 61748.51, "Total Cost": 271777.9, "Plan Rows": 190623, "Plan Width": 40, "Inner Unique": true, "Hash Cond": "(partsupp.ps_partkey = part.p_partkey)", "Plans": [{"Node Type": "Seq Scan", "Parent Relationship": "Outer", "Parallel Aware": true, "Relation Name": "partsupp", "Alias": "partsupp", "Startup Cost": 3466.03, "Total Cost": 210108.48, "Plan Rows": 1290258, "Plan Width": 8, "Filter": "(NOT (hashed SubPlan 1))", "Plans": [{"Node Type": "Seq Scan", "Parent Relationship": "SubPlan", "Subplan Name": "SubPlan 1", "Parallel Aware": false, "Relation Name": "supplier", "Alias": "supplier", "Startup Cost": 0.0, "Total Cost": 3466.0, "Plan Rows": 10, "Plan Width": 4, "Filter": "((s_comment)::text ~~ '%Customer%Complaints%'::text)"}]}, {"Node Type": "Hash", "Parent Relationship": "Inner", "Parallel Aware": true, "Startup Cost": 57091.03, "Total Cost": 57091.03, "Plan Rows": 95316, "Plan Width": 40, "Plans": [{"Node Type": "Seq Scan", "Parent Relationship": "Outer", "Parallel Aware": true, "Relation Name": "part", "Alias": "part", "Startup Cost": 0.0, "Total Cost": 57091.03, "Plan Rows": 95316, "Plan Width": 40, "Filter": "((p_brand <> 'Brand#21'::bpchar) AND ((p_type)::text !~~ 'STANDARD POLISHED%'::text) AND (p_size = ANY ('{50,18,14,11,44,31,1,45}'::integer[])))"}]}]}]}]}]}]}]}}, {"Plan": {"Node Type": "Limit", "Parallel Aware": false, "Startup Cost": 10000541439.97, "Total Cost": 10000541439.97, "Plan Rows": 1, "Plan Width": 44, "Plans": [{"Node Type": "Sort", "Parent Relationship": "Outer", "Parallel Aware": false, "Startup Cost": 10000541439.97, "Total Cost": 10000541823.53, "Plan Rows": 153425, "Plan Width": 44, "Sort Key": ["(count(DISTINCT partsupp.ps_suppkey)) DESC", "part.p_brand", "part.p_type", "part.p_size"], "Plans": [{"Node Type": "Aggregate", "Strategy": "Sorted", "Partial Mode": "Simple", "Parent Relationship": "Outer", "Parallel Aware": false, "Startup Cost": 10000531751.97, "Total Cost": 10000540672.85, "Plan Rows": 153425, "Plan Width": 44, "Group Key": ["part.p_brand", "part.p_type", "part.p_size"], "Plans": [{"Node Type": "Sort", "Parent Relationship": "Outer", "Parallel Aware": false, "Startup Cost": 10000531751.97, "Total Cost": 10000533229.3, "Plan Rows": 590930, "Plan Width": 40, "Sort Key": ["part.p_brand", "part.p_type", "part.p_size"], "Plans": [{"Node Type": "Merge Join", "Parent Relationship": "Outer", "Parallel Aware": false, "Join Type": "Inner", "Startup Cost": 10000003469.93, "Total Cost": 10000465638.72, "Plan Rows": 590930, "Plan Width": 40, "Inner Unique": true, "Merge Cond": "(partsupp.ps_partkey = part.p_partkey)", "Plans": [{"Node Type": "Index Scan", "Parent Relationship": "Outer", "Parallel Aware": false, "Scan Direction": "Forward", "Index Name": "idx_partsupp_partkey", "Relation Name": "partsupp", "Alias": "partsupp", "Startup Cost": 10000003466.46, "Total Cost": 10000341993.86, "Plan Rows": 3999800, "Plan Width": 8, "Filter": "(NOT (hashed SubPlan 1))", "Plans": [{"Node Type": "Seq Scan", "Parent Relationship": "SubPlan", "Subplan Name": "SubPlan 1", "Parallel Aware": false, "Relation Name": "supplier", "Alias": "supplier", "Startup Cost": 10000000000.0, "Total Cost": 10000003466.0, "Plan Rows": 10, "Plan Width": 4, "Filter": "((s_comment)::text ~~ '%Customer%Complaints%'::text)"}]}, {"Node Type": "Index Scan", "Parent Relationship": "Inner", "Parallel Aware": false, "Scan Direction": "Forward", "Index Name": "part_pkey", "Relation Name": "part", "Alias": "part", "Startup Cost": 0.43, "Total Cost": 106998.23, "Plan Rows": 295480, "Plan Width": 40, "Filter": "((p_brand <> 'Brand#21'::bpchar) AND ((p_type)::text !~~ 'STANDARD POLISHED%'::text) AND (p_size = ANY ('{50,18,14,11,44,31,1,45}'::integer[])))"}]}]}]}]}]}}, {"Plan": {"Node Type": "Limit", "Parallel Aware": false, "Startup Cost": 10002308796.93, "Total Cost": 10002308796.93, "Plan Rows": 1, "Plan Width": 44, "Plans": [{"Node Type": "Sort", "Parent Relationship": "Outer", "Parallel Aware": false, "Startup Cost": 10002308796.93, "Total Cost": 10002309180.49, "Plan Rows": 153425, "Plan Width": 44, "Sort Key": ["(count(DISTINCT partsupp.ps_suppkey)) DESC", "part.p_brand", "part.p_type", "part.p_size"], "Plans": [{"Node Type": "Aggregate", "Strategy": "Sorted", "Partial Mode": "Simple", "Parent Relationship": "Outer", "Parallel Aware": false, "Startup Cost": 10002299108.93, "Total Cost": 10002308029.8, "Plan Rows": 153425, "Plan Width": 44, "Group Key": ["part.p_brand", "part.p_type", "part.p_size"], "Plans": [{"Node Type": "Sort", "Parent Relationship": "Outer", "Parallel Aware": false, "Startup Cost": 10002299108.93, "Total Cost": 10002300586.25, "Plan Rows": 590930, "Plan Width": 40, "Sort Key": ["part.p_brand", "part.p_type", "part.p_size"], "Plans": [{"Node Type": "Nested Loop", "Parent Relationship": "Outer", "Parallel Aware": false, "Join Type": "Inner", "Startup Cost": 10000003466.89, "Total Cost": 10002232995.67, "Plan Rows": 590930, "Plan Width": 40, "Inner Unique": true, "Plans": [{"Node Type": "Index Scan", "Parent Relationship": "Outer", "Parallel Aware": false, "Scan Direction": "Forward", "Index Name": "idx_partsupp_partkey", "Relation Name": "partsupp", "Alias": "partsupp", "Startup Cost": 10000003466.46, "Total Cost": 10000341993.86, "Plan Rows": 3999800, "Plan Width": 8, "Filter": "(NOT (hashed SubPlan 1))", "Plans": [{"Node Type": "Seq Scan", "Parent Relationship": "SubPlan", "Subplan Name": "SubPlan 1", "Parallel Aware": false, "Relation Name": "supplier", "Alias": "supplier", "Startup Cost": 10000000000.0, "Total Cost": 10000003466.0, "Plan Rows": 10, "Plan Width": 4, "Filter": "((s_comment)::text ~~ '%Customer%Complaints%'::text)"}]}, {"Node Type": "Index Scan", "Parent Relationship": "Inner", "Parallel Aware": false, "Scan Direction": "Forward", "Index Name": "part_pkey", "Relation Name": "part", "Alias": "part", "Startup Cost": 0.43, "Total Cost": 0.47, "Plan Rows": 1, "Plan Width": 40, "Index Cond": "(p_partkey = partsupp.ps_partkey)", "Filter": "((p_brand <> 'Brand#21'::bpchar) AND ((p_type)::text !~~ 'STANDARD POLISHED%'::text) AND (p_size = ANY ('{50,18,14,11,44,31,1,45}'::integer[])))"}]}]}]}]}]}}, {"Plan": {"Node Type": "Limit", "Parallel Aware": false, "Startup Cost": 523017.73, "Total Cost": 523017.74, "Plan Rows": 1, "Plan Width": 44, "Plans": [{"Node Type": "Sort", "Parent Relationship": "Outer", "Parallel Aware": false, "Startup Cost": 523017.73, "Total Cost": 523401.3, "Plan Rows": 153425, "Plan Width": 44, "Sort Key": ["(count(DISTINCT partsupp.ps_suppkey)) DESC", "part.p_brand", "part.p_type", "part.p_size"], "Plans": [{"Node Type": "Aggregate", "Strategy": "Sorted", "Partial Mode": "Simple", "Parent Relationship": "Outer", "Parallel Aware": false, "Startup Cost": 513329.73, "Total Cost": 522250.61, "Plan Rows": 153425, "Plan Width": 44, "Group Key": ["part.p_brand", "part.p_type", "part.p_size"], "Plans": [{"Node Type": "Sort", "Parent Relationship": "Outer", "Parallel Aware": false, "Startup Cost": 513329.73, "Total Cost": 514807.06, "Plan Rows": 590930, "Plan Width": 40, "Sort Key": ["part.p_brand", "part.p_type", "part.p_size"], "Plans": [{"Node Type": "Gather", "Parent Relationship": "Outer", "Parallel Aware": false, "Startup Cost": 4469.22, "Total Cost": 447216.48, "Plan Rows": 590930, "Plan Width": 40, "Workers Planned": 3, "Single Copy": false, "Plans": [{"Node Type": "Merge Join", "Parent Relationship": "Outer", "Parallel Aware": false, "Join Type": "Inner", "Startup Cost": 3469.22, "Total Cost": 387123.48, "Plan Rows": 190623, "Plan Width": 40, "Inner Unique": true, "Merge Cond": "(partsupp.ps_partkey = part.p_partkey)", "Plans": [{"Node Type": "Index Scan", "Parent Relationship": "Outer", "Parallel Aware": true, "Scan Direction": "Forward", "Index Name": "idx_partsupp_partkey", "Relation Name": "partsupp", "Alias": "partsupp", "Startup Cost": 3466.46, "Total Cost": 274255.31, "Plan Rows": 1290258, "Plan Width": 8, "Filter": "(NOT (hashed SubPlan 1))", "Plans": [{"Node Type": "Seq Scan", "Parent Relationship": "SubPlan", "Subplan Name": "SubPlan 1", "Parallel Aware": false, "Relation Name": "supplier", "Alias": "supplier", "Startup Cost": 0.0, "Total Cost": 3466.0, "Plan Rows": 10, "Plan Width": 4, "Filter": "((s_comment)::text ~~ '%Customer%Complaints%'::text)"}]}, {"Node Type": "Index Scan", "Parent Relationship": "Inner", "Parallel Aware": false, "Scan Direction": "Forward", "Index Name": "part_pkey", "Relation Name": "part", "Alias": "part", "Startup Cost": 0.43, "Total Cost": 106998.23, "Plan Rows": 295480, "Plan Width": 40, "Filter": "((p_brand <> 'Brand#21'::bpchar) AND ((p_type)::text !~~ 'STANDARD POLISHED%'::text) AND (p_size = ANY ('{50,18,14,11,44,31,1,45}'::integer[])))"}]}]}]}]}]}]}}, {"Plan": {"Node Type": "Limit", "Parallel Aware": false, "Startup Cost": 523017.73, "Total Cost": 523017.74, "Plan Rows": 1, "Plan Width": 44, "Plans": [{"Node Type": "Sort", "Parent Relationship": "Outer", "Parallel Aware": false, "Startup Cost": 523017.73, "Total Cost": 523401.3, "Plan Rows": 153425, "Plan Width": 44, "Sort Key": ["(count(DISTINCT partsupp.ps_suppkey)) DESC", "part.p_brand", "part.p_type", "part.p_size"], "Plans": [{"Node Type": "Aggregate", "Strategy": "Sorted", "Partial Mode": "Simple", "Parent Relationship": "Outer", "Parallel Aware": false, "Startup Cost": 513329.73, "Total Cost": 522250.61, "Plan Rows": 153425, "Plan Width": 44, "Group Key": ["part.p_brand", "part.p_type", "part.p_size"], "Plans": [{"Node Type": "Sort", "Parent Relationship": "Outer", "Parallel Aware": false, "Startup Cost": 513329.73, "Total Cost": 514807.06, "Plan Rows": 590930, "Plan Width": 40, "Sort Key": ["part.p_brand", "part.p_type", "part.p_size"], "Plans": [{"Node Type": "Gather", "Parent Relationship": "Outer", "Parallel Aware": false, "Startup Cost": 4469.22, "Total Cost": 447216.48, "Plan Rows": 590930, "Plan Width": 40, "Workers Planned": 3, "Single Copy": false, "Plans": [{"Node Type": "Merge Join", "Parent Relationship": "Outer", "Parallel Aware": false, "Join Type": "Inner", "Startup Cost": 3469.22, "Total Cost": 387123.48, "Plan Rows": 190623, "Plan Width": 40, "Inner Unique": true, "Merge Cond": "(partsupp.ps_partkey = part.p_partkey)", "Plans": [{"Node Type": "Index Scan", "Parent Relationship": "Outer", "Parallel Aware": true, "Scan Direction": "Forward", "Index Name": "idx_partsupp_partkey", "Relation Name": "partsupp", "Alias": "partsupp", "Startup Cost": 3466.46, "Total Cost": 274255.31, "Plan Rows": 1290258, "Plan Width": 8, "Filter": "(NOT (hashed SubPlan 1))", "Plans": [{"Node Type": "Seq Scan", "Parent Relationship": "SubPlan", "Subplan Name": "SubPlan 1", "Parallel Aware": false, "Relation Name": "supplier", "Alias": "supplier", "Startup Cost": 0.0, "Total Cost": 3466.0, "Plan Rows": 10, "Plan Width": 4, "Filter": "((s_comment)::text ~~ '%Customer%Complaints%'::text)"}]}, {"Node Type": "Index Scan", "Parent Relationship": "Inner", "Parallel Aware": false, "Scan Direction": "Forward", "Index Name": "part_pkey", "Relation Name": "part", "Alias": "part", "Startup Cost": 0.43, "Total Cost": 106998.23, "Plan Rows": 295480, "Plan Width": 40, "Filter": "((p_brand <> 'Brand#21'::bpchar) AND ((p_type)::text !~~ 'STANDARD POLISHED%'::text) AND (p_size = ANY ('{50,18,14,11,44,31,1,45}'::integer[])))"}]}]}]}]}]}]}}, {"Plan": {"Node Type": "Limit", "Parallel Aware": false, "Startup Cost": 10002308796.93, "Total Cost": 10002308796.93, "Plan Rows": 1, "Plan Width": 44, "Plans": [{"Node Type": "Sort", "Parent Relationship": "Outer", "Parallel Aware": false, "Startup Cost": 10002308796.93, "Total Cost": 10002309180.49, "Plan Rows": 153425, "Plan Width": 44, "Sort Key": ["(count(DISTINCT partsupp.ps_suppkey)) DESC", "part.p_brand", "part.p_type", "part.p_size"], "Plans": [{"Node Type": "Aggregate", "Strategy": "Sorted", "Partial Mode": "Simple", "Parent Relationship": "Outer", "Parallel Aware": false, "Startup Cost": 10002299108.93, "Total Cost": 10002308029.8, "Plan Rows": 153425, "Plan Width": 44, "Group Key": ["part.p_brand", "part.p_type", "part.p_size"], "Plans": [{"Node Type": "Sort", "Parent Relationship": "Outer", "Parallel Aware": false, "Startup Cost": 10002299108.93, "Total Cost": 10002300586.25, "Plan Rows": 590930, "Plan Width": 40, "Sort Key": ["part.p_brand", "part.p_type", "part.p_size"], "Plans": [{"Node Type": "Nested Loop", "Parent Relationship": "Outer", "Parallel Aware": false, "Join Type": "Inner", "Startup Cost": 10000003466.89, "Total Cost": 10002232995.67, "Plan Rows": 590930, "Plan Width": 40, "Inner Unique": true, "Plans": [{"Node Type": "Index Scan", "Parent Relationship": "Outer", "Parallel Aware": false, "Scan Direction": "Forward", "Index Name": "idx_partsupp_partkey", "Relation Name": "partsupp", "Alias": "partsupp", "Startup Cost": 10000003466.46, "Total Cost": 10000341993.86, "Plan Rows": 3999800, "Plan Width": 8, "Filter": "(NOT (hashed SubPlan 1))", "Plans": [{"Node Type": "Seq Scan", "Parent Relationship": "SubPlan", "Subplan Name": "SubPlan 1", "Parallel Aware": false, "Relation Name": "supplier", "Alias": "supplier", "Startup Cost": 10000000000.0, "Total Cost": 10000003466.0, "Plan Rows": 10, "Plan Width": 4, "Filter": "((s_comment)::text ~~ '%Customer%Complaints%'::text)"}]}, {"Node Type": "Index Scan", "Parent Relationship": "Inner", "Parallel Aware": false, "Scan Direction": "Forward", "Index Name": "part_pkey", "Relation Name": "part", "Alias": "part", "Startup Cost": 0.43, "Total Cost": 0.47, "Plan Rows": 1, "Plan Width": 40, "Index Cond": "(p_partkey = partsupp.ps_partkey)", "Filter": "((p_brand <> 'Brand#21'::bpchar) AND ((p_type)::text !~~ 'STANDARD POLISHED%'::text) AND (p_size = ANY ('{50,18,14,11,44,31,1,45}'::integer[])))"}]}]}]}]}]}}, {"Plan": {"Node Type": "Limit", "Parallel Aware": false, "Startup Cost": 956003.27, "Total Cost": 956003.27, "Plan Rows": 1, "Plan Width": 44, "Plans": [{"Node Type": "Sort", "Parent Relationship": "Outer", "Parallel Aware": false, "Startup Cost": 956003.27, "Total Cost": 956386.83, "Plan Rows": 153425, "Plan Width": 44, "Sort Key": ["(count(DISTINCT partsupp.ps_suppkey)) DESC", "part.p_brand", "part.p_type", "part.p_size"], "Plans": [{"Node Type": "Aggregate", "Strategy": "Sorted", "Partial Mode": "Simple", "Parent Relationship": "Outer", "Parallel Aware": false, "Startup Cost": 946315.27, "Total Cost": 955236.14, "Plan Rows": 153425, "Plan Width": 44, "Group Key": ["part.p_brand", "part.p_type", "part.p_size"], "Plans": [{"Node Type": "Sort", "Parent Relationship": "Outer", "Parallel Aware": false, "Startup Cost": 946315.27, "Total Cost": 947792.59, "Plan Rows": 590930, "Plan Width": 40, "Sort Key": ["part.p_brand", "part.p_type", "part.p_size"], "Plans": [{"Node Type": "Gather", "Parent Relationship": "Outer", "Parallel Aware": false, "Startup Cost": 4466.45, "Total Cost": 880202.01, "Plan Rows": 590930, "Plan Width": 40, "Workers Planned": 3, "Single Copy": false, "Plans": [{"Node Type": "Nested Loop", "Parent Relationship": "Outer", "Parallel Aware": false, "Join Type": "Inner", "Startup Cost": 3466.45, "Total Cost": 820109.01, "Plan Rows": 190623, "Plan Width": 40, "Inner Unique": true, "Plans": [{"Node Type": "Seq Scan", "Parent Relationship": "Outer", "Parallel Aware": true, "Relation Name": "partsupp", "Alias": "partsupp", "Startup Cost": 3466.03, "Total Cost": 210108.48, "Plan Rows": 1290258, "Plan Width": 8, "Filter": "(NOT (hashed SubPlan 1))", "Plans": [{"Node Type": "Seq Scan", "Parent Relationship": "SubPlan", "Subplan Name": "SubPlan 1", "Parallel Aware": false, "Relation Name": "supplier", "Alias": "supplier", "Startup Cost": 0.0, "Total Cost": 3466.0, "Plan Rows": 10, "Plan Width": 4, "Filter": "((s_comment)::text ~~ '%Customer%Complaints%'::text)"}]}, {"Node Type": "Index Scan", "Parent Relationship": "Inner", "Parallel Aware": false, "Scan Direction": "Forward", "Index Name": "part_pkey", "Relation Name": "part", "Alias": "part", "Startup Cost": 0.43, "Total Cost": 0.47, "Plan Rows": 1, "Plan Width": 40, "Index Cond": "(p_partkey = partsupp.ps_partkey)", "Filter": "((p_brand <> 'Brand#21'::bpchar) AND ((p_type)::text !~~ 'STANDARD POLISHED%'::text) AND (p_size = ANY ('{50,18,14,11,44,31,1,45}'::integer[])))"}]}]}]}]}]}]}}, {"Plan": {"Node Type": "Limit", "Parallel Aware": false, "Startup Cost": 30000541439.97, "Total Cost": 30000541439.97, "Plan Rows": 1, "Plan Width": 44, "Plans": [{"Node Type": "Sort", "Parent Relationship": "Outer", "Parallel Aware": false, "Startup Cost": 30000541439.97, "Total Cost": 30000541823.53, "Plan Rows": 153425, "Plan Width": 44, "Sort Key": ["(count(DISTINCT partsupp.ps_suppkey)) DESC", "part.p_brand", "part.p_type", "part.p_size"], "Plans": [{"Node Type": "Aggregate", "Strategy": "Sorted", "Partial Mode": "Simple", "Parent Relationship": "Outer", "Parallel Aware": false, "Startup Cost": 30000531751.97, "Total Cost": 30000540672.85, "Plan Rows": 153425, "Plan Width": 44, "Group Key": ["part.p_brand", "part.p_type", "part.p_size"], "Plans": [{"Node Type": "Sort", "Parent Relationship": "Outer", "Parallel Aware": false, "Startup Cost": 30000531751.97, "Total Cost": 30000533229.3, "Plan Rows": 590930, "Plan Width": 40, "Sort Key": ["part.p_brand", "part.p_type", "part.p_size"], "Plans": [{"Node Type": "Merge Join", "Parent Relationship": "Outer", "Parallel Aware": false, "Join Type": "Inner", "Startup Cost": 30000003469.93, "Total Cost": 30000465638.72, "Plan Rows": 590930, "Plan Width": 40, "Inner Unique": true, "Merge Cond": "(partsupp.ps_partkey = part.p_partkey)", "Plans": [{"Node Type": "Index Scan", "Parent Relationship": "Outer", "Parallel Aware": false, "Scan Direction": "Forward", "Index Name": "idx_partsupp_partkey", "Relation Name": "partsupp", "Alias": "partsupp", "Startup Cost": 20000003466.46, "Total Cost": 20000341993.86, "Plan Rows": 3999800, "Plan Width": 8, "Filter": "(NOT (hashed SubPlan 1))", "Plans": [{"Node Type": "Seq Scan", "Parent Relationship": "SubPlan", "Subplan Name": "SubPlan 1", "Parallel Aware": false, "Relation Name": "supplier", "Alias": "supplier", "Startup Cost": 10000000000.0, "Total Cost": 10000003466.0, "Plan Rows": 10, "Plan Width": 4, "Filter": "((s_comment)::text ~~ '%Customer%Complaints%'::text)"}]}, {"Node Type": "Index Scan", "Parent Relationship": "Inner", "Parallel Aware": false, "Scan Direction": "Forward", "Index Name": "part_pkey", "Relation Name": "part", "Alias": "part", "Startup Cost": 10000000000.43, "Total Cost": 10000106998.23, "Plan Rows": 295480, "Plan Width": 40, "Filter": "((p_brand <> 'Brand#21'::bpchar) AND ((p_type)::text !~~ 'STANDARD POLISHED%'::text) AND (p_size = ANY ('{50,18,14,11,44,31,1,45}'::integer[])))"}]}]}]}]}]}}, {"Plan": {"Node Type": "Limit", "Parallel Aware": false, "Startup Cost": 20006674516.01, "Total Cost": 20006674516.01, "Plan Rows": 1, "Plan Width": 44, "Plans": [{"Node Type": "Sort", "Parent Relationship": "Outer", "Parallel Aware": false, "Startup Cost": 20006674516.01, "Total Cost": 20006674899.57, "Plan Rows": 153425, "Plan Width": 44, "Sort Key": ["(count(DISTINCT partsupp.ps_suppkey)) DESC", "part.p_brand", "part.p_type", "part.p_size"], "Plans": [{"Node Type": "Aggregate", "Strategy": "Sorted", "Partial Mode": "Simple", "Parent Relationship": "Outer", "Parallel Aware": false, "Startup Cost": 20006664828.01, "Total Cost": 20006673748.89, "Plan Rows": 153425, "Plan Width": 44, "Group Key": ["part.p_brand", "part.p_type", "part.p_size"], "Plans": [{"Node Type": "Sort", "Parent Relationship": "Outer", "Parallel Aware": false, "Startup Cost": 20006664828.01, "Total Cost": 20006666305.34, "Plan Rows": 590930, "Plan Width": 40, "Sort Key": ["part.p_brand", "part.p_type", "part.p_size"], "Plans": [{"Node Type": "Nested Loop", "Parent Relationship": "Outer", "Parallel Aware": false, "Join Type": "Inner", "Startup Cost": 20000003466.89, "Total Cost": 20006598714.76, "Plan Rows": 590930, "Plan Width": 40, "Inner Unique": true, "Plans": [{"Node Type": "Index Scan", "Parent Relationship": "Outer", "Parallel Aware": false, "Scan Direction": "Forward", "Index Name": "idx_partsupp_partkey", "Relation Name": "partsupp", "Alias": "partsupp", "Startup Cost": 20000003466.46, "Total Cost": 20000341993.86, "Plan Rows": 3999800, "Plan Width": 8, "Filter": "(NOT (hashed SubPlan 1))", "Plans": [{"Node Type": "Seq Scan", "Parent Relationship": "SubPlan", "Subplan Name": "SubPlan 1", "Parallel Aware": false, "Relation Name": "supplier", "Alias": "supplier", "Startup Cost": 10000000000.0, "Total Cost": 10000003466.0, "Plan Rows": 10, "Plan Width": 4, "Filter": "((s_comment)::text ~~ '%Customer%Complaints%'::text)"}]}, {"Node Type": "Bitmap Heap Scan", "Parent Relationship": "Inner", "Parallel Aware": false, "Relation Name": "part", "Alias": "part", "Startup Cost": 0.44, "Total Cost": 1.56, "Plan Rows": 1, "Plan Width": 40, "Recheck Cond": "(p_partkey = partsupp.ps_partkey)", "Filter": "((p_brand <> 'Brand#21'::bpchar) AND ((p_type)::text !~~ 'STANDARD POLISHED%'::text) AND (p_size = ANY ('{50,18,14,11,44,31,1,45}'::integer[])))", "Plans": [{"Node Type": "Bitmap Index Scan", "Parent Relationship": "Outer", "Parallel Aware": false, "Index Name": "part_pkey", "Startup Cost": 0.0, "Total Cost": 0.44, "Plan Rows": 1, "Plan Width": 0, "Index Cond": "(p_partkey = partsupp.ps_partkey)"}]}]}]}]}]}]}}, {"Plan": {"Node Type": "Limit", "Parallel Aware": false, "Startup Cost": 619671.69, "Total Cost": 619671.69, "Plan Rows": 1, "Plan Width": 44, "Plans": [{"Node Type": "Sort", "Parent Relationship": "Outer", "Parallel Aware": false, "Startup Cost": 619671.69, "Total Cost": 620055.25, "Plan Rows": 153425, "Plan Width": 44, "Sort Key": ["(count(DISTINCT partsupp.ps_suppkey)) DESC", "part.p_brand", "part.p_type", "part.p_size"], "Plans": [{"Node Type": "Aggregate", "Strategy": "Sorted", "Partial Mode": "Simple", "Parent Relationship": "Outer", "Parallel Aware": false, "Startup Cost": 609983.69, "Total Cost": 618904.57, "Plan Rows": 153425, "Plan Width": 44, "Group Key": ["part.p_brand", "part.p_type", "part.p_size"], "Plans": [{"Node Type": "Sort", "Parent Relationship": "Outer", "Parallel Aware": false, "Startup Cost": 609983.69, "Total Cost": 611461.02, "Plan Rows": 590930, "Plan Width": 40, "Sort Key": ["part.p_brand", "part.p_type", "part.p_size"], "Plans": [{"Node Type": "Gather", "Parent Relationship": "Outer", "Parallel Aware": false, "Startup Cost": 474942.59, "Total Cost": 543870.44, "Plan Rows": 590930, "Plan Width": 40, "Workers Planned": 3, "Single Copy": false, "Plans": [{"Node Type": "Merge Join", "Parent Relationship": "Outer", "Parallel Aware": false, "Join Type": "Inner", "Startup Cost": 473942.59, "Total Cost": 483777.44, "Plan Rows": 190623, "Plan Width": 40, "Inner Unique": true, "Merge Cond": "(partsupp.ps_partkey = part.p_partkey)", "Plans": [{"Node Type": "Sort", "Parent Relationship": "Outer", "Parallel Aware": false, "Startup Cost": 351398.73, "Total Cost": 354624.38, "Plan Rows": 1290258, "Plan Width": 8, "Sort Key": ["partsupp.ps_partkey"], "Plans": [{"Node Type": "Seq Scan", "Parent Relationship": "Outer", "Parallel Aware": true, "Relation Name": "partsupp", "Alias": "partsupp", "Startup Cost": 3466.03, "Total Cost": 210108.48, "Plan Rows": 1290258, "Plan Width": 8, "Filter": "(NOT (hashed SubPlan 1))", "Plans": [{"Node Type": "Seq Scan", "Parent Relationship": "SubPlan", "Subplan Name": "SubPlan 1", "Parallel Aware": false, "Relation Name": "supplier", "Alias": "supplier", "Startup Cost": 0.0, "Total Cost": 3466.0, "Plan Rows": 10, "Plan Width": 4, "Filter": "((s_comment)::text ~~ '%Customer%Complaints%'::text)"}]}]}, {"Node Type": "Sort", "Parent Relationship": "Inner", "Parallel Aware": false, "Startup Cost": 122543.8, "Total Cost": 123282.5, "Plan Rows": 295480, "Plan Width": 40, "Sort Key": ["part.p_partkey"], "Plans": [{"Node Type": "Seq Scan", "Parent Relationship": "Outer", "Parallel Aware": false, "Relation Name": "part", "Alias": "part", "Startup Cost": 0.0, "Total Cost": 90962.0, "Plan Rows": 295480, "Plan Width": 40, "Filter": "((p_brand <> 'Brand#21'::bpchar) AND ((p_type)::text !~~ 'STANDARD POLISHED%'::text) AND (p_size = ANY ('{50,18,14,11,44,31,1,45}'::integer[])))"}]}]}]}]}]}]}]}}, {"Plan": {"Node Type": "Limit", "Parallel Aware": false, "Startup Cost": 619671.69, "Total Cost": 619671.69, "Plan Rows": 1, "Plan Width": 44, "Plans": [{"Node Type": "Sort", "Parent Relationship": "Outer", "Parallel Aware": false, "Startup Cost": 619671.69, "Total Cost": 620055.25, "Plan Rows": 153425, "Plan Width": 44, "Sort Key": ["(count(DISTINCT partsupp.ps_suppkey)) DESC", "part.p_brand", "part.p_type", "part.p_size"], "Plans": [{"Node Type": "Aggregate", "Strategy": "Sorted", "Partial Mode": "Simple", "Parent Relationship": "Outer", "Parallel Aware": false, "Startup Cost": 609983.69, "Total Cost": 618904.57, "Plan Rows": 153425, "Plan Width": 44, "Group Key": ["part.p_brand", "part.p_type", "part.p_size"], "Plans": [{"Node Type": "Sort", "Parent Relationship": "Outer", "Parallel Aware": false, "Startup Cost": 609983.69, "Total Cost": 611461.02, "Plan Rows": 590930, "Plan Width": 40, "Sort Key": ["part.p_brand", "part.p_type", "part.p_size"], "Plans": [{"Node Type": "Gather", "Parent Relationship": "Outer", "Parallel Aware": false, "Startup Cost": 474942.59, "Total Cost": 543870.44, "Plan Rows": 590930, "Plan Width": 40, "Workers Planned": 3, "Single Copy": false, "Plans": [{"Node Type": "Merge Join", "Parent Relationship": "Outer", "Parallel Aware": false, "Join Type": "Inner", "Startup Cost": 473942.59, "Total Cost": 483777.44, "Plan Rows": 190623, "Plan Width": 40, "Inner Unique": true, "Merge Cond": "(partsupp.ps_partkey = part.p_partkey)", "Plans": [{"Node Type": "Sort", "Parent Relationship": "Outer", "Parallel Aware": false, "Startup Cost": 351398.73, "Total Cost": 354624.38, "Plan Rows": 1290258, "Plan Width": 8, "Sort Key": ["partsupp.ps_partkey"], "Plans": [{"Node Type": "Seq Scan", "Parent Relationship": "Outer", "Parallel Aware": true, "Relation Name": "partsupp", "Alias": "partsupp", "Startup Cost": 3466.03, "Total Cost": 210108.48, "Plan Rows": 1290258, "Plan Width": 8, "Filter": "(NOT (hashed SubPlan 1))", "Plans": [{"Node Type": "Seq Scan", "Parent Relationship": "SubPlan", "Subplan Name": "SubPlan 1", "Parallel Aware": false, "Relation Name": "supplier", "Alias": "supplier", "Startup Cost": 0.0, "Total Cost": 3466.0, "Plan Rows": 10, "Plan Width": 4, "Filter": "((s_comment)::text ~~ '%Customer%Complaints%'::text)"}]}]}, {"Node Type": "Sort", "Parent Relationship": "Inner", "Parallel Aware": false, "Startup Cost": 122543.8, "Total Cost": 123282.5, "Plan Rows": 295480, "Plan Width": 40, "Sort Key": ["part.p_partkey"], "Plans": [{"Node Type": "Seq Scan", "Parent Relationship": "Outer", "Parallel Aware": false, "Relation Name": "part", "Alias": "part", "Startup Cost": 0.0, "Total Cost": 90962.0, "Plan Rows": 295480, "Plan Width": 40, "Filter": "((p_brand <> 'Brand#21'::bpchar) AND ((p_type)::text !~~ 'STANDARD POLISHED%'::text) AND (p_size = ANY ('{50,18,14,11,44,31,1,45}'::integer[])))"}]}]}]}]}]}]}]}}, {"Plan": {"Node Type": "Limit", "Parallel Aware": false, "Startup Cost": 20006674516.01, "Total Cost": 20006674516.01, "Plan Rows": 1, "Plan Width": 44, "Plans": [{"Node Type": "Sort", "Parent Relationship": "Outer", "Parallel Aware": false, "Startup Cost": 20006674516.01, "Total Cost": 20006674899.57, "Plan Rows": 153425, "Plan Width": 44, "Sort Key": ["(count(DISTINCT partsupp.ps_suppkey)) DESC", "part.p_brand", "part.p_type", "part.p_size"], "Plans": [{"Node Type": "Aggregate", "Strategy": "Sorted", "Partial Mode": "Simple", "Parent Relationship": "Outer", "Parallel Aware": false, "Startup Cost": 20006664828.01, "Total Cost": 20006673748.89, "Plan Rows": 153425, "Plan Width": 44, "Group Key": ["part.p_brand", "part.p_type", "part.p_size"], "Plans": [{"Node Type": "Sort", "Parent Relationship": "Outer", "Parallel Aware": false, "Startup Cost": 20006664828.01, "Total Cost": 20006666305.34, "Plan Rows": 590930, "Plan Width": 40, "Sort Key": ["part.p_brand", "part.p_type", "part.p_size"], "Plans": [{"Node Type": "Nested Loop", "Parent Relationship": "Outer", "Parallel Aware": false, "Join Type": "Inner", "Startup Cost": 20000003466.89, "Total Cost": 20006598714.76, "Plan Rows": 590930, "Plan Width": 40, "Inner Unique": true, "Plans": [{"Node Type": "Index Scan", "Parent Relationship": "Outer", "Parallel Aware": false, "Scan Direction": "Forward", "Index Name": "idx_partsupp_partkey", "Relation Name": "partsupp", "Alias": "partsupp", "Startup Cost": 20000003466.46, "Total Cost": 20000341993.86, "Plan Rows": 3999800, "Plan Width": 8, "Filter": "(NOT (hashed SubPlan 1))", "Plans": [{"Node Type": "Seq Scan", "Parent Relationship": "SubPlan", "Subplan Name": "SubPlan 1", "Parallel Aware": false, "Relation Name": "supplier", "Alias": "supplier", "Startup Cost": 10000000000.0, "Total Cost": 10000003466.0, "Plan Rows": 10, "Plan Width": 4, "Filter": "((s_comment)::text ~~ '%Customer%Complaints%'::text)"}]}, {"Node Type": "Bitmap Heap Scan", "Parent Relationship": "Inner", "Parallel Aware": false, "Relation Name": "part", "Alias": "part", "Startup Cost": 0.44, "Total Cost": 1.56, "Plan Rows": 1, "Plan Width": 40, "Recheck Cond": "(p_partkey = partsupp.ps_partkey)", "Filter": "((p_brand <> 'Brand#21'::bpchar) AND ((p_type)::text !~~ 'STANDARD POLISHED%'::text) AND (p_size = ANY ('{50,18,14,11,44,31,1,45}'::integer[])))", "Plans": [{"Node Type": "Bitmap Index Scan", "Parent Relationship": "Outer", "Parallel Aware": false, "Index Name": "part_pkey", "Startup Cost": 0.0, "Total Cost": 0.44, "Plan Rows": 1, "Plan Width": 0, "Index Cond": "(p_partkey = partsupp.ps_partkey)"}]}]}]}]}]}]}}, {"Plan": {"Node Type": "Limit", "Parallel Aware": false, "Startup Cost": 2364299.29, "Total Cost": 2364299.3, "Plan Rows": 1, "Plan Width": 44, "Plans": [{"Node Type": "Sort", "Parent Relationship": "Outer", "Parallel Aware": false, "Startup Cost": 2364299.29, "Total Cost": 2364682.86, "Plan Rows": 153425, "Plan Width": 44, "Sort Key": ["(count(DISTINCT partsupp.ps_suppkey)) DESC", "part.p_brand", "part.p_type", "part.p_size"], "Plans": [{"Node Type": "Aggregate", "Strategy": "Sorted", "Partial Mode": "Simple", "Parent Relationship": "Outer", "Parallel Aware": false, "Startup Cost": 2354611.29, "Total Cost": 2363532.17, "Plan Rows": 153425, "Plan Width": 44, "Group Key": ["part.p_brand", "part.p_type", "part.p_size"], "Plans": [{"Node Type": "Sort", "Parent Relationship": "Outer", "Parallel Aware": false, "Startup Cost": 2354611.29, "Total Cost": 2356088.62, "Plan Rows": 590930, "Plan Width": 40, "Sort Key": ["part.p_brand", "part.p_type", "part.p_size"], "Plans": [{"Node Type": "Gather", "Parent Relationship": "Outer", "Parallel Aware": false, "Startup Cost": 4466.46, "Total Cost": 2288498.04, "Plan Rows": 590930, "Plan Width": 40, "Workers Planned": 3, "Single Copy": false, "Plans": [{"Node Type": "Nested Loop", "Parent Relationship": "Outer", "Parallel Aware": false, "Join Type": "Inner", "Startup Cost": 3466.46, "Total Cost": 2228405.04, "Plan Rows": 190623, "Plan Width": 40, "Inner Unique": true, "Plans": [{"Node Type": "Seq Scan", "Parent Relationship": "Outer", "Parallel Aware": true, "Relation Name": "partsupp", "Alias": "partsupp", "Startup Cost": 3466.03, "Total Cost": 210108.48, "Plan Rows": 1290258, "Plan Width": 8, "Filter": "(NOT (hashed SubPlan 1))", "Plans": [{"Node Type": "Seq Scan", "Parent Relationship": "SubPlan", "Subplan Name": "SubPlan 1", "Parallel Aware": false, "Relation Name": "supplier", "Alias": "supplier", "Startup Cost": 0.0, "Total Cost": 3466.0, "Plan Rows": 10, "Plan Width": 4, "Filter": "((s_comment)::text ~~ '%Customer%Complaints%'::text)"}]}, {"Node Type": "Bitmap Heap Scan", "Parent Relationship": "Inner", "Parallel Aware": false, "Relation Name": "part", "Alias": "part", "Startup Cost": 0.44, "Total Cost": 1.56, "Plan Rows": 1, "Plan Width": 40, "Recheck Cond": "(p_partkey = partsupp.ps_partkey)", "Filter": "((p_brand <> 'Brand#21'::bpchar) AND ((p_type)::text !~~ 'STANDARD POLISHED%'::text) AND (p_size = ANY ('{50,18,14,11,44,31,1,45}'::integer[])))", "Plans": [{"Node Type": "Bitmap Index Scan", "Parent Relationship": "Outer", "Parallel Aware": false, "Index Name": "part_pkey", "Startup Cost": 0.0, "Total Cost": 0.44, "Plan Rows": 1, "Plan Width": 0, "Index Cond": "(p_partkey = partsupp.ps_partkey)"}]}]}]}]}]}]}]}}, {"Plan": {"Node Type": "Limit", "Parallel Aware": false, "Startup Cost": 10000541439.97, "Total Cost": 10000541439.97, "Plan Rows": 1, "Plan Width": 44, "Plans": [{"Node Type": "Sort", "Parent Relationship": "Outer", "Parallel Aware": false, "Startup Cost": 10000541439.97, "Total Cost": 10000541823.53, "Plan Rows": 153425, "Plan Width": 44, "Sort Key": ["(count(DISTINCT partsupp.ps_suppkey)) DESC", "part.p_brand", "part.p_type", "part.p_size"], "Plans": [{"Node Type": "Aggregate", "Strategy": "Sorted", "Partial Mode": "Simple", "Parent Relationship": "Outer", "Parallel Aware": false, "Startup Cost": 10000531751.97, "Total Cost": 10000540672.85, "Plan Rows": 153425, "Plan Width": 44, "Group Key": ["part.p_brand", "part.p_type", "part.p_size"], "Plans": [{"Node Type": "Sort", "Parent Relationship": "Outer", "Parallel Aware": false, "Startup Cost": 10000531751.97, "Total Cost": 10000533229.3, "Plan Rows": 590930, "Plan Width": 40, "Sort Key": ["part.p_brand", "part.p_type", "part.p_size"], "Plans": [{"Node Type": "Merge Join", "Parent Relationship": "Outer", "Parallel Aware": false, "Join Type": "Inner", "Startup Cost": 10000003469.93, "Total Cost": 10000465638.72, "Plan Rows": 590930, "Plan Width": 40, "Inner Unique": true, "Merge Cond": "(partsupp.ps_partkey = part.p_partkey)", "Plans": [{"Node Type": "Index Scan", "Parent Relationship": "Outer", "Parallel Aware": false, "Scan Direction": "Forward", "Index Name": "idx_partsupp_partkey", "Relation Name": "partsupp", "Alias": "partsupp", "Startup Cost": 10000003466.46, "Total Cost": 10000341993.86, "Plan Rows": 3999800, "Plan Width": 8, "Filter": "(NOT (hashed SubPlan 1))", "Plans": [{"Node Type": "Seq Scan", "Parent Relationship": "SubPlan", "Subplan Name": "SubPlan 1", "Parallel Aware": false, "Relation Name": "supplier", "Alias": "supplier", "Startup Cost": 10000000000.0, "Total Cost": 10000003466.0, "Plan Rows": 10, "Plan Width": 4, "Filter": "((s_comment)::text ~~ '%Customer%Complaints%'::text)"}]}, {"Node Type": "Index Scan", "Parent Relationship": "Inner", "Parallel Aware": false, "Scan Direction": "Forward", "Index Name": "part_pkey", "Relation Name": "part", "Alias": "part", "Startup Cost": 0.43, "Total Cost": 106998.23, "Plan Rows": 295480, "Plan Width": 40, "Filter": "((p_brand <> 'Brand#21'::bpchar) AND ((p_type)::text !~~ 'STANDARD POLISHED%'::text) AND (p_size = ANY ('{50,18,14,11,44,31,1,45}'::integer[])))"}]}]}]}]}]}}, {"Plan": {"Node Type": "Limit", "Parallel Aware": false, "Startup Cost": 10002308796.93, "Total Cost": 10002308796.93, "Plan Rows": 1, "Plan Width": 44, "Plans": [{"Node Type": "Sort", "Parent Relationship": "Outer", "Parallel Aware": false, "Startup Cost": 10002308796.93, "Total Cost": 10002309180.49, "Plan Rows": 153425, "Plan Width": 44, "Sort Key": ["(count(DISTINCT partsupp.ps_suppkey)) DESC", "part.p_brand", "part.p_type", "part.p_size"], "Plans": [{"Node Type": "Aggregate", "Strategy": "Sorted", "Partial Mode": "Simple", "Parent Relationship": "Outer", "Parallel Aware": false, "Startup Cost": 10002299108.93, "Total Cost": 10002308029.8, "Plan Rows": 153425, "Plan Width": 44, "Group Key": ["part.p_brand", "part.p_type", "part.p_size"], "Plans": [{"Node Type": "Sort", "Parent Relationship": "Outer", "Parallel Aware": false, "Startup Cost": 10002299108.93, "Total Cost": 10002300586.25, "Plan Rows": 590930, "Plan Width": 40, "Sort Key": ["part.p_brand", "part.p_type", "part.p_size"], "Plans": [{"Node Type": "Nested Loop", "Parent Relationship": "Outer", "Parallel Aware": false, "Join Type": "Inner", "Startup Cost": 10000003466.89, "Total Cost": 10002232995.67, "Plan Rows": 590930, "Plan Width": 40, "Inner Unique": true, "Plans": [{"Node Type": "Index Scan", "Parent Relationship": "Outer", "Parallel Aware": false, "Scan Direction": "Forward", "Index Name": "idx_partsupp_partkey", "Relation Name": "partsupp", "Alias": "partsupp", "Startup Cost": 10000003466.46, "Total Cost": 10000341993.86, "Plan Rows": 3999800, "Plan Width": 8, "Filter": "(NOT (hashed SubPlan 1))", "Plans": [{"Node Type": "Seq Scan", "Parent Relationship": "SubPlan", "Subplan Name": "SubPlan 1", "Parallel Aware": false, "Relation Name": "supplier", "Alias": "supplier", "Startup Cost": 10000000000.0, "Total Cost": 10000003466.0, "Plan Rows": 10, "Plan Width": 4, "Filter": "((s_comment)::text ~~ '%Customer%Complaints%'::text)"}]}, {"Node Type": "Index Scan", "Parent Relationship": "Inner", "Parallel Aware": false, "Scan Direction": "Forward", "Index Name": "part_pkey", "Relation Name": "part", "Alias": "part", "Startup Cost": 0.43, "Total Cost": 0.47, "Plan Rows": 1, "Plan Width": 40, "Index Cond": "(p_partkey = partsupp.ps_partkey)", "Filter": "((p_brand <> 'Brand#21'::bpchar) AND ((p_type)::text !~~ 'STANDARD POLISHED%'::text) AND (p_size = ANY ('{50,18,14,11,44,31,1,45}'::integer[])))"}]}]}]}]}]}}, {"Plan": {"Node Type": "Limit", "Parallel Aware": false, "Startup Cost": 523017.73, "Total Cost": 523017.74, "Plan Rows": 1, "Plan Width": 44, "Plans": [{"Node Type": "Sort", "Parent Relationship": "Outer", "Parallel Aware": false, "Startup Cost": 523017.73, "Total Cost": 523401.3, "Plan Rows": 153425, "Plan Width": 44, "Sort Key": ["(count(DISTINCT partsupp.ps_suppkey)) DESC", "part.p_brand", "part.p_type", "part.p_size"], "Plans": [{"Node Type": "Aggregate", "Strategy": "Sorted", "Partial Mode": "Simple", "Parent Relationship": "Outer", "Parallel Aware": false, "Startup Cost": 513329.73, "Total Cost": 522250.61, "Plan Rows": 153425, "Plan Width": 44, "Group Key": ["part.p_brand", "part.p_type", "part.p_size"], "Plans": [{"Node Type": "Sort", "Parent Relationship": "Outer", "Parallel Aware": false, "Startup Cost": 513329.73, "Total Cost": 514807.06, "Plan Rows": 590930, "Plan Width": 40, "Sort Key": ["part.p_brand", "part.p_type", "part.p_size"], "Plans": [{"Node Type": "Gather", "Parent Relationship": "Outer", "Parallel Aware": false, "Startup Cost": 4469.22, "Total Cost": 447216.48, "Plan Rows": 590930, "Plan Width": 40, "Workers Planned": 3, "Single Copy": false, "Plans": [{"Node Type": "Merge Join", "Parent Relationship": "Outer", "Parallel Aware": false, "Join Type": "Inner", "Startup Cost": 3469.22, "Total Cost": 387123.48, "Plan Rows": 190623, "Plan Width": 40, "Inner Unique": true, "Merge Cond": "(partsupp.ps_partkey = part.p_partkey)", "Plans": [{"Node Type": "Index Scan", "Parent Relationship": "Outer", "Parallel Aware": true, "Scan Direction": "Forward", "Index Name": "idx_partsupp_partkey", "Relation Name": "partsupp", "Alias": "partsupp", "Startup Cost": 3466.46, "Total Cost": 274255.31, "Plan Rows": 1290258, "Plan Width": 8, "Filter": "(NOT (hashed SubPlan 1))", "Plans": [{"Node Type": "Seq Scan", "Parent Relationship": "SubPlan", "Subplan Name": "SubPlan 1", "Parallel Aware": false, "Relation Name": "supplier", "Alias": "supplier", "Startup Cost": 0.0, "Total Cost": 3466.0, "Plan Rows": 10, "Plan Width": 4, "Filter": "((s_comment)::text ~~ '%Customer%Complaints%'::text)"}]}, {"Node Type": "Index Scan", "Parent Relationship": "Inner", "Parallel Aware": false, "Scan Direction": "Forward", "Index Name": "part_pkey", "Relation Name": "part", "Alias": "part", "Startup Cost": 0.43, "Total Cost": 106998.23, "Plan Rows": 295480, "Plan Width": 40, "Filter": "((p_brand <> 'Brand#21'::bpchar) AND ((p_type)::text !~~ 'STANDARD POLISHED%'::text) AND (p_size = ANY ('{50,18,14,11,44,31,1,45}'::integer[])))"}]}]}]}]}]}]}}, {"Plan": {"Node Type": "Limit", "Parallel Aware": false, "Startup Cost": 523017.73, "Total Cost": 523017.74, "Plan Rows": 1, "Plan Width": 44, "Plans": [{"Node Type": "Sort", "Parent Relationship": "Outer", "Parallel Aware": false, "Startup Cost": 523017.73, "Total Cost": 523401.3, "Plan Rows": 153425, "Plan Width": 44, "Sort Key": ["(count(DISTINCT partsupp.ps_suppkey)) DESC", "part.p_brand", "part.p_type", "part.p_size"], "Plans": [{"Node Type": "Aggregate", "Strategy": "Sorted", "Partial Mode": "Simple", "Parent Relationship": "Outer", "Parallel Aware": false, "Startup Cost": 513329.73, "Total Cost": 522250.61, "Plan Rows": 153425, "Plan Width": 44, "Group Key": ["part.p_brand", "part.p_type", "part.p_size"], "Plans": [{"Node Type": "Sort", "Parent Relationship": "Outer", "Parallel Aware": false, "Startup Cost": 513329.73, "Total Cost": 514807.06, "Plan Rows": 590930, "Plan Width": 40, "Sort Key": ["part.p_brand", "part.p_type", "part.p_size"], "Plans": [{"Node Type": "Gather", "Parent Relationship": "Outer", "Parallel Aware": false, "Startup Cost": 4469.22, "Total Cost": 447216.48, "Plan Rows": 590930, "Plan Width": 40, "Workers Planned": 3, "Single Copy": false, "Plans": [{"Node Type": "Merge Join", "Parent Relationship": "Outer", "Parallel Aware": false, "Join Type": "Inner", "Startup Cost": 3469.22, "Total Cost": 387123.48, "Plan Rows": 190623, "Plan Width": 40, "Inner Unique": true, "Merge Cond": "(partsupp.ps_partkey = part.p_partkey)", "Plans": [{"Node Type": "Index Scan", "Parent Relationship": "Outer", "Parallel Aware": true, "Scan Direction": "Forward", "Index Name": "idx_partsupp_partkey", "Relation Name": "partsupp", "Alias": "partsupp", "Startup Cost": 3466.46, "Total Cost": 274255.31, "Plan Rows": 1290258, "Plan Width": 8, "Filter": "(NOT (hashed SubPlan 1))", "Plans": [{"Node Type": "Seq Scan", "Parent Relationship": "SubPlan", "Subplan Name": "SubPlan 1", "Parallel Aware": false, "Relation Name": "supplier", "Alias": "supplier", "Startup Cost": 0.0, "Total Cost": 3466.0, "Plan Rows": 10, "Plan Width": 4, "Filter": "((s_comment)::text ~~ '%Customer%Complaints%'::text)"}]}, {"Node Type": "Index Scan", "Parent Relationship": "Inner", "Parallel Aware": false, "Scan Direction": "Forward", "Index Name": "part_pkey", "Relation Name": "part", "Alias": "part", "Startup Cost": 0.43, "Total Cost": 106998.23, "Plan Rows": 295480, "Plan Width": 40, "Filter": "((p_brand <> 'Brand#21'::bpchar) AND ((p_type)::text !~~ 'STANDARD POLISHED%'::text) AND (p_size = ANY ('{50,18,14,11,44,31,1,45}'::integer[])))"}]}]}]}]}]}]}}, {"Plan": {"Node Type": "Limit", "Parallel Aware": false, "Startup Cost": 10002308796.93, "Total Cost": 10002308796.93, "Plan Rows": 1, "Plan Width": 44, "Plans": [{"Node Type": "Sort", "Parent Relationship": "Outer", "Parallel Aware": false, "Startup Cost": 10002308796.93, "Total Cost": 10002309180.49, "Plan Rows": 153425, "Plan Width": 44, "Sort Key": ["(count(DISTINCT partsupp.ps_suppkey)) DESC", "part.p_brand", "part.p_type", "part.p_size"], "Plans": [{"Node Type": "Aggregate", "Strategy": "Sorted", "Partial Mode": "Simple", "Parent Relationship": "Outer", "Parallel Aware": false, "Startup Cost": 10002299108.93, "Total Cost": 10002308029.8, "Plan Rows": 153425, "Plan Width": 44, "Group Key": ["part.p_brand", "part.p_type", "part.p_size"], "Plans": [{"Node Type": "Sort", "Parent Relationship": "Outer", "Parallel Aware": false, "Startup Cost": 10002299108.93, "Total Cost": 10002300586.25, "Plan Rows": 590930, "Plan Width": 40, "Sort Key": ["part.p_brand", "part.p_type", "part.p_size"], "Plans": [{"Node Type": "Nested Loop", "Parent Relationship": "Outer", "Parallel Aware": false, "Join Type": "Inner", "Startup Cost": 10000003466.89, "Total Cost": 10002232995.67, "Plan Rows": 590930, "Plan Width": 40, "Inner Unique": true, "Plans": [{"Node Type": "Index Scan", "Parent Relationship": "Outer", "Parallel Aware": false, "Scan Direction": "Forward", "Index Name": "idx_partsupp_partkey", "Relation Name": "partsupp", "Alias": "partsupp", "Startup Cost": 10000003466.46, "Total Cost": 10000341993.86, "Plan Rows": 3999800, "Plan Width": 8, "Filter": "(NOT (hashed SubPlan 1))", "Plans": [{"Node Type": "Seq Scan", "Parent Relationship": "SubPlan", "Subplan Name": "SubPlan 1", "Parallel Aware": false, "Relation Name": "supplier", "Alias": "supplier", "Startup Cost": 10000000000.0, "Total Cost": 10000003466.0, "Plan Rows": 10, "Plan Width": 4, "Filter": "((s_comment)::text ~~ '%Customer%Complaints%'::text)"}]}, {"Node Type": "Index Scan", "Parent Relationship": "Inner", "Parallel Aware": false, "Scan Direction": "Forward", "Index Name": "part_pkey", "Relation Name": "part", "Alias": "part", "Startup Cost": 0.43, "Total Cost": 0.47, "Plan Rows": 1, "Plan Width": 40, "Index Cond": "(p_partkey = partsupp.ps_partkey)", "Filter": "((p_brand <> 'Brand#21'::bpchar) AND ((p_type)::text !~~ 'STANDARD POLISHED%'::text) AND (p_size = ANY ('{50,18,14,11,44,31,1,45}'::integer[])))"}]}]}]}]}]}}, {"Plan": {"Node Type": "Limit", "Parallel Aware": false, "Startup Cost": 956003.27, "Total Cost": 956003.27, "Plan Rows": 1, "Plan Width": 44, "Plans": [{"Node Type": "Sort", "Parent Relationship": "Outer", "Parallel Aware": false, "Startup Cost": 956003.27, "Total Cost": 956386.83, "Plan Rows": 153425, "Plan Width": 44, "Sort Key": ["(count(DISTINCT partsupp.ps_suppkey)) DESC", "part.p_brand", "part.p_type", "part.p_size"], "Plans": [{"Node Type": "Aggregate", "Strategy": "Sorted", "Partial Mode": "Simple", "Parent Relationship": "Outer", "Parallel Aware": false, "Startup Cost": 946315.27, "Total Cost": 955236.14, "Plan Rows": 153425, "Plan Width": 44, "Group Key": ["part.p_brand", "part.p_type", "part.p_size"], "Plans": [{"Node Type": "Sort", "Parent Relationship": "Outer", "Parallel Aware": false, "Startup Cost": 946315.27, "Total Cost": 947792.59, "Plan Rows": 590930, "Plan Width": 40, "Sort Key": ["part.p_brand", "part.p_type", "part.p_size"], "Plans": [{"Node Type": "Gather", "Parent Relationship": "Outer", "Parallel Aware": false, "Startup Cost": 4466.45, "Total Cost": 880202.01, "Plan Rows": 590930, "Plan Width": 40, "Workers Planned": 3, "Single Copy": false, "Plans": [{"Node Type": "Nested Loop", "Parent Relationship": "Outer", "Parallel Aware": false, "Join Type": "Inner", "Startup Cost": 3466.45, "Total Cost": 820109.01, "Plan Rows": 190623, "Plan Width": 40, "Inner Unique": true, "Plans": [{"Node Type": "Seq Scan", "Parent Relationship": "Outer", "Parallel Aware": true, "Relation Name": "partsupp", "Alias": "partsupp", "Startup Cost": 3466.03, "Total Cost": 210108.48, "Plan Rows": 1290258, "Plan Width": 8, "Filter": "(NOT (hashed SubPlan 1))", "Plans": [{"Node Type": "Seq Scan", "Parent Relationship": "SubPlan", "Subplan Name": "SubPlan 1", "Parallel Aware": false, "Relation Name": "supplier", "Alias": "supplier", "Startup Cost": 0.0, "Total Cost": 3466.0, "Plan Rows": 10, "Plan Width": 4, "Filter": "((s_comment)::text ~~ '%Customer%Complaints%'::text)"}]}, {"Node Type": "Index Scan", "Parent Relationship": "Inner", "Parallel Aware": false, "Scan Direction": "Forward", "Index Name": "part_pkey", "Relation Name": "part", "Alias": "part", "Startup Cost": 0.43, "Total Cost": 0.47, "Plan Rows": 1, "Plan Width": 40, "Index Cond": "(p_partkey = partsupp.ps_partkey)", "Filter": "((p_brand <> 'Brand#21'::bpchar) AND ((p_type)::text !~~ 'STANDARD POLISHED%'::text) AND (p_size = ANY ('{50,18,14,11,44,31,1,45}'::integer[])))"}]}]}]}]}]}]}}, {"Plan": {"Node Type": "Limit", "Parallel Aware": false, "Startup Cost": 619671.69, "Total Cost": 619671.69, "Plan Rows": 1, "Plan Width": 44, "Plans": [{"Node Type": "Sort", "Parent Relationship": "Outer", "Parallel Aware": false, "Startup Cost": 619671.69, "Total Cost": 620055.25, "Plan Rows": 153425, "Plan Width": 44, "Sort Key": ["(count(DISTINCT partsupp.ps_suppkey)) DESC", "part.p_brand", "part.p_type", "part.p_size"], "Plans": [{"Node Type": "Aggregate", "Strategy": "Sorted", "Partial Mode": "Simple", "Parent Relationship": "Outer", "Parallel Aware": false, "Startup Cost": 609983.69, "Total Cost": 618904.57, "Plan Rows": 153425, "Plan Width": 44, "Group Key": ["part.p_brand", "part.p_type", "part.p_size"], "Plans": [{"Node Type": "Sort", "Parent Relationship": "Outer", "Parallel Aware": false, "Startup Cost": 609983.69, "Total Cost": 611461.02, "Plan Rows": 590930, "Plan Width": 40, "Sort Key": ["part.p_brand", "part.p_type", "part.p_size"], "Plans": [{"Node Type": "Gather", "Parent Relationship": "Outer", "Parallel Aware": false, "Startup Cost": 474942.59, "Total Cost": 543870.44, "Plan Rows": 590930, "Plan Width": 40, "Workers Planned": 3, "Single Copy": false, "Plans": [{"Node Type": "Merge Join", "Parent Relationship": "Outer", "Parallel Aware": false, "Join Type": "Inner", "Startup Cost": 473942.59, "Total Cost": 483777.44, "Plan Rows": 190623, "Plan Width": 40, "Inner Unique": true, "Merge Cond": "(partsupp.ps_partkey = part.p_partkey)", "Plans": [{"Node Type": "Sort", "Parent Relationship": "Outer", "Parallel Aware": false, "Startup Cost": 351398.73, "Total Cost": 354624.38, "Plan Rows": 1290258, "Plan Width": 8, "Sort Key": ["partsupp.ps_partkey"], "Plans": [{"Node Type": "Seq Scan", "Parent Relationship": "Outer", "Parallel Aware": true, "Relation Name": "partsupp", "Alias": "partsupp", "Startup Cost": 3466.03, "Total Cost": 210108.48, "Plan Rows": 1290258, "Plan Width": 8, "Filter": "(NOT (hashed SubPlan 1))", "Plans": [{"Node Type": "Seq Scan", "Parent Relationship": "SubPlan", "Subplan Name": "SubPlan 1", "Parallel Aware": false, "Relation Name": "supplier", "Alias": "supplier", "Startup Cost": 0.0, "Total Cost": 3466.0, "Plan Rows": 10, "Plan Width": 4, "Filter": "((s_comment)::text ~~ '%Customer%Complaints%'::text)"}]}]}, {"Node Type": "Sort", "Parent Relationship": "Inner", "Parallel Aware": false, "Startup Cost": 122543.8, "Total Cost": 123282.5, "Plan Rows": 295480, "Plan Width": 40, "Sort Key": ["part.p_partkey"], "Plans": [{"Node Type": "Seq Scan", "Parent Relationship": "Outer", "Parallel Aware": false, "Relation Name": "part", "Alias": "part", "Startup Cost": 0.0, "Total Cost": 90962.0, "Plan Rows": 295480, "Plan Width": 40, "Filter": "((p_brand <> 'Brand#21'::bpchar) AND ((p_type)::text !~~ 'STANDARD POLISHED%'::text) AND (p_size = ANY ('{50,18,14,11,44,31,1,45}'::integer[])))"}]}]}]}]}]}]}]}}, {"Plan": {"Node Type": "Limit", "Parallel Aware": false, "Startup Cost": 619671.69, "Total Cost": 619671.69, "Plan Rows": 1, "Plan Width": 44, "Plans": [{"Node Type": "Sort", "Parent Relationship": "Outer", "Parallel Aware": false, "Startup Cost": 619671.69, "Total Cost": 620055.25, "Plan Rows": 153425, "Plan Width": 44, "Sort Key": ["(count(DISTINCT partsupp.ps_suppkey)) DESC", "part.p_brand", "part.p_type", "part.p_size"], "Plans": [{"Node Type": "Aggregate", "Strategy": "Sorted", "Partial Mode": "Simple", "Parent Relationship": "Outer", "Parallel Aware": false, "Startup Cost": 609983.69, "Total Cost": 618904.57, "Plan Rows": 153425, "Plan Width": 44, "Group Key": ["part.p_brand", "part.p_type", "part.p_size"], "Plans": [{"Node Type": "Sort", "Parent Relationship": "Outer", "Parallel Aware": false, "Startup Cost": 609983.69, "Total Cost": 611461.02, "Plan Rows": 590930, "Plan Width": 40, "Sort Key": ["part.p_brand", "part.p_type", "part.p_size"], "Plans": [{"Node Type": "Gather", "Parent Relationship": "Outer", "Parallel Aware": false, "Startup Cost": 474942.59, "Total Cost": 543870.44, "Plan Rows": 590930, "Plan Width": 40, "Workers Planned": 3, "Single Copy": false, "Plans": [{"Node Type": "Merge Join", "Parent Relationship": "Outer", "Parallel Aware": false, "Join Type": "Inner", "Startup Cost": 473942.59, "Total Cost": 483777.44, "Plan Rows": 190623, "Plan Width": 40, "Inner Unique": true, "Merge Cond": "(partsupp.ps_partkey = part.p_partkey)", "Plans": [{"Node Type": "Sort", "Parent Relationship": "Outer", "Parallel Aware": false, "Startup Cost": 351398.73, "Total Cost": 354624.38, "Plan Rows": 1290258, "Plan Width": 8, "Sort Key": ["partsupp.ps_partkey"], "Plans": [{"Node Type": "Seq Scan", "Parent Relationship": "Outer", "Parallel Aware": true, "Relation Name": "partsupp", "Alias": "partsupp", "Startup Cost": 3466.03, "Total Cost": 210108.48, "Plan Rows": 1290258, "Plan Width": 8, "Filter": "(NOT (hashed SubPlan 1))", "Plans": [{"Node Type": "Seq Scan", "Parent Relationship": "SubPlan", "Subplan Name": "SubPlan 1", "Parallel Aware": false, "Relation Name": "supplier", "Alias": "supplier", "Startup Cost": 0.0, "Total Cost": 3466.0, "Plan Rows": 10, "Plan Width": 4, "Filter": "((s_comment)::text ~~ '%Customer%Complaints%'::text)"}]}]}, {"Node Type": "Sort", "Parent Relationship": "Inner", "Parallel Aware": false, "Startup Cost": 122543.8, "Total Cost": 123282.5, "Plan Rows": 295480, "Plan Width": 40, "Sort Key": ["part.p_partkey"], "Plans": [{"Node Type": "Seq Scan", "Parent Relationship": "Outer", "Parallel Aware": false, "Relation Name": "part", "Alias": "part", "Startup Cost": 0.0, "Total Cost": 90962.0, "Plan Rows": 295480, "Plan Width": 40, "Filter": "((p_brand <> 'Brand#21'::bpchar) AND ((p_type)::text !~~ 'STANDARD POLISHED%'::text) AND (p_size = ANY ('{50,18,14,11,44,31,1,45}'::integer[])))"}]}]}]}]}]}]}]}}, {"Plan": {"Node Type": "Limit", "Parallel Aware": false, "Startup Cost": 2364299.29, "Total Cost": 2364299.3, "Plan Rows": 1, "Plan Width": 44, "Plans": [{"Node Type": "Sort", "Parent Relationship": "Outer", "Parallel Aware": false, "Startup Cost": 2364299.29, "Total Cost": 2364682.86, "Plan Rows": 153425, "Plan Width": 44, "Sort Key": ["(count(DISTINCT partsupp.ps_suppkey)) DESC", "part.p_brand", "part.p_type", "part.p_size"], "Plans": [{"Node Type": "Aggregate", "Strategy": "Sorted", "Partial Mode": "Simple", "Parent Relationship": "Outer", "Parallel Aware": false, "Startup Cost": 2354611.29, "Total Cost": 2363532.17, "Plan Rows": 153425, "Plan Width": 44, "Group Key": ["part.p_brand", "part.p_type", "part.p_size"], "Plans": [{"Node Type": "Sort", "Parent Relationship": "Outer", "Parallel Aware": false, "Startup Cost": 2354611.29, "Total Cost": 2356088.62, "Plan Rows": 590930, "Plan Width": 40, "Sort Key": ["part.p_brand", "part.p_type", "part.p_size"], "Plans": [{"Node Type": "Gather", "Parent Relationship": "Outer", "Parallel Aware": false, "Startup Cost": 4466.46, "Total Cost": 2288498.04, "Plan Rows": 590930, "Plan Width": 40, "Workers Planned": 3, "Single Copy": false, "Plans": [{"Node Type": "Nested Loop", "Parent Relationship": "Outer", "Parallel Aware": false, "Join Type": "Inner", "Startup Cost": 3466.46, "Total Cost": 2228405.04, "Plan Rows": 190623, "Plan Width": 40, "Inner Unique": true, "Plans": [{"Node Type": "Seq Scan", "Parent Relationship": "Outer", "Parallel Aware": true, "Relation Name": "partsupp", "Alias": "partsupp", "Startup Cost": 3466.03, "Total Cost": 210108.48, "Plan Rows": 1290258, "Plan Width": 8, "Filter": "(NOT (hashed SubPlan 1))", "Plans": [{"Node Type": "Seq Scan", "Parent Relationship": "SubPlan", "Subplan Name": "SubPlan 1", "Parallel Aware": false, "Relation Name": "supplier", "Alias": "supplier", "Startup Cost": 0.0, "Total Cost": 3466.0, "Plan Rows": 10, "Plan Width": 4, "Filter": "((s_comment)::text ~~ '%Customer%Complaints%'::text)"}]}, {"Node Type": "Bitmap Heap Scan", "Parent Relationship": "Inner", "Parallel Aware": false, "Relation Name": "part", "Alias": "part", "Startup Cost": 0.44, "Total Cost": 1.56, "Plan Rows": 1, "Plan Width": 40, "Recheck Cond": "(p_partkey = partsupp.ps_partkey)", "Filter": "((p_brand <> 'Brand#21'::bpchar) AND ((p_type)::text !~~ 'STANDARD POLISHED%'::text) AND (p_size = ANY ('{50,18,14,11,44,31,1,45}'::integer[])))", "Plans": [{"Node Type": "Bitmap Index Scan", "Parent Relationship": "Outer", "Parallel Aware": false, "Index Name": "part_pkey", "Startup Cost": 0.0, "Total Cost": 0.44, "Plan Rows": 1, "Plan Width": 0, "Index Cond": "(p_partkey = partsupp.ps_partkey)"}]}]}]}]}]}]}]}}, {"Plan": {"Node Type": "Limit", "Parallel Aware": false, "Startup Cost": 407672.15, "Total Cost": 407672.15, "Plan Rows": 1, "Plan Width": 44, "Plans": [{"Node Type": "Sort", "Parent Relationship": "Outer", "Parallel Aware": false, "Startup Cost": 407672.15, "Total Cost": 408055.71, "Plan Rows": 153425, "Plan Width": 44, "Sort Key": ["(count(DISTINCT partsupp.ps_suppkey)) DESC", "part.p_brand", "part.p_type", "part.p_size"], "Plans": [{"Node Type": "Aggregate", "Strategy": "Sorted", "Partial Mode": "Simple", "Parent Relationship": "Outer", "Parallel Aware": false, "Startup Cost": 397984.15, "Total Cost": 406905.03, "Plan Rows": 153425, "Plan Width": 44, "Group Key": ["part.p_brand", "part.p_type", "part.p_size"], "Plans": [{"Node Type": "Sort", "Parent Relationship": "Outer", "Parallel Aware": false, "Startup Cost": 397984.15, "Total Cost": 399461.48, "Plan Rows": 590930, "Plan Width": 40, "Sort Key": ["part.p_brand", "part.p_type", "part.p_size"], "Plans": [{"Node Type": "Gather", "Parent Relationship": "Outer", "Parallel Aware": false, "Startup Cost": 62748.51, "Total Cost": 331870.9, "Plan Rows": 590930, "Plan Width": 40, "Workers Planned": 3, "Single Copy": false, "Plans": [{"Node Type": "Hash Join", "Parent Relationship": "Outer", "Parallel Aware": true, "Join Type": "Inner", "Startup Cost": 61748.51, "Total Cost": 271777.9, "Plan Rows": 190623, "Plan Width": 40, "Inner Unique": true, "Hash Cond": "(partsupp.ps_partkey = part.p_partkey)", "Plans": [{"Node Type": "Seq Scan", "Parent Relationship": "Outer", "Parallel Aware": true, "Relation Name": "partsupp", "Alias": "partsupp", "Startup Cost": 3466.03, "Total Cost": 210108.48, "Plan Rows": 1290258, "Plan Width": 8, "Filter": "(NOT (hashed SubPlan 1))", "Plans": [{"Node Type": "Seq Scan", "Parent Relationship": "SubPlan", "Subplan Name": "SubPlan 1", "Parallel Aware": false, "Relation Name": "supplier", "Alias": "supplier", "Startup Cost": 0.0, "Total Cost": 3466.0, "Plan Rows": 10, "Plan Width": 4, "Filter": "((s_comment)::text ~~ '%Customer%Complaints%'::text)"}]}, {"Node Type": "Hash", "Parent Relationship": "Inner", "Parallel Aware": true, "Startup Cost": 57091.03, "Total Cost": 57091.03, "Plan Rows": 95316, "Plan Width": 40, "Plans": [{"Node Type": "Seq Scan", "Parent Relationship": "Outer", "Parallel Aware": true, "Relation Name": "part", "Alias": "part", "Startup Cost": 0.0, "Total Cost": 57091.03, "Plan Rows": 95316, "Plan Width": 40, "Filter": "((p_brand <> 'Brand#21'::bpchar) AND ((p_type)::text !~~ 'STANDARD POLISHED%'::text) AND (p_size = ANY ('{50,18,14,11,44,31,1,45}'::integer[])))"}]}]}]}]}]}]}]}}]