[{"Plan": {"Node Type": "Limit", "Parallel Aware": false, "Startup Cost": 30006674729.44, "Total Cost": 30006674729.44, "Plan Rows": 1, "Plan Width": 44, "Plans": [{"Node Type": "Sort", "Parent Relationship": "Outer", "Parallel Aware": false, "Startup Cost": 30006674729.44, "Total Cost": 30006675113.43, "Plan Rows": 153594, "Plan Width": 44, "Sort Key": ["(count(DISTINCT partsupp.ps_suppkey)) DESC", "part.p_brand", "part.p_type", "part.p_size"], "Plans": [{"Node Type": "Aggregate", "Strategy": "Sorted", "Partial Mode": "Simple", "Parent Relationship": "Outer", "Parallel Aware": false, "Startup Cost": 30006665018.98, "Total Cost": 30006673961.47, "Plan Rows": 153594, "Plan Width": 44, "Group Key": ["part.p_brand", "part.p_type", "part.p_size"], "Plans": [{"Node Type": "Sort", "Parent Relationship": "Outer", "Parallel Aware": false, "Startup Cost": 30006665018.98, "Total Cost": 30006666500.29, "Plan Rows": 592524, "Plan Width": 40, "Sort Key": ["part.p_brand", "part.p_type", "part.p_size"], "Plans": [{"Node Type": "Nested Loop", "Parent Relationship": "Outer", "Parallel Aware": false, "Join Type": "Inner", "Startup Cost": 30000003466.89, "Total Cost": 30006598714.76, "Plan Rows": 592524, "Plan Width": 40, "Inner Unique": true, "Plans": [{"Node Type": "Index Scan", "Parent Relationship": "Outer", "Parallel Aware": false, "Scan Direction": "Forward", "Index Name": "idx_partsupp_partkey", "Relation Name": "partsupp", "Alias": "partsupp", "Startup Cost": 20000003466.46, "Total Cost": 20000341993.86, "Plan Rows": 3999800, "Plan Width": 8, "Filter": "(NOT (hashed SubPlan 1))", "Plans": [{"Node Type": "Seq Scan", "Parent Relationship": "SubPlan", "Subplan Name": "SubPlan 1", "Parallel Aware": false, "Relation Name": "supplier", "Alias": "supplier", "Startup Cost": 10000000000.0, "Total Cost": 10000003466.0, "Plan Rows": 10, "Plan Width": 4, "Filter": "((s_comment)::text ~~ '%Customer%Complaints%'::text)"}]}, {"Node Type": "Bitmap Heap Scan", "Parent Relationship": "Inner", "Parallel Aware": false, "Relation Name": "part", "Alias": "part", "Startup Cost": 0.44, "Total Cost": 1.56, "Plan Rows": 1, "Plan Width": 40, "Recheck Cond": "(p_partkey = partsupp.ps_partkey)", "Filter": "((p_brand <> 'Brand#11'::bpchar) AND ((p_type)::text !~~ 'LARGE ANODIZED%'::text) AND (p_size = ANY ('{3,39,46,2,41,24,29,49}'::integer[])))", "Plans": [{"Node Type": "Bitmap Index Scan", "Parent Relationship": "Outer", "Parallel Aware": false, "Index Name": "part_pkey", "Startup Cost": 0.0, "Total Cost": 0.44, "Plan Rows": 1, "Plan Width": 0, "Index Cond": "(p_partkey = partsupp.ps_partkey)"}]}]}]}]}]}]}}, {"Plan": {"Node Type": "Limit", "Parallel Aware": false, "Startup Cost": 10000619401.94, "Total Cost": 10000619401.94, "Plan Rows": 1, "Plan Width": 44, "Plans": [{"Node Type": "Sort", "Parent Relationship": "Outer", "Parallel Aware": false, "Startup Cost": 10000619401.94, "Total Cost": 10000619785.92, "Plan Rows": 153594, "Plan Width": 44, "Sort Key": ["(count(DISTINCT partsupp.ps_suppkey)) DESC", "part.p_brand", "part.p_type", "part.p_size"], "Plans": [{"Node Type": "Aggregate", "Strategy": "Sorted", "Partial Mode": "Simple", "Parent Relationship": "Outer", "Parallel Aware": false, "Startup Cost": 10000609691.48, "Total Cost": 10000618633.97, "Plan Rows": 153594, "Plan Width": 44, "Group Key": ["part.p_brand", "part.p_type", "part.p_size"], "Plans": [{"Node Type": "Sort", "Parent Relationship": "Outer", "Parallel Aware": false, "Startup Cost": 10000609691.48, "Total Cost": 10000611172.79, "Plan Rows": 592524, "Plan Width": 40, "Sort Key": ["part.p_brand", "part.p_type", "part.p_size"], "Plans": [{"Node Type": "Hash Join", "Parent Relationship": "Outer", "Parallel Aware": false, "Join Type": "Inner", "Startup Cost": 10000407616.79, "Total Cost": 10000543387.25, "Plan Rows": 592524, "Plan Width": 40, "Inner Unique": false, "Hash Cond": "(part.p_partkey = partsupp.ps_partkey)", "Plans": [{"Node Type": "Index Scan", "Parent Relationship": "Outer", "Parallel Aware": false, "Scan Direction": "Forward", "Index Name": "part_pkey", "Relation Name": "part", "Alias": "part", "Startup Cost": 0.43, "Total Cost": 106998.23, "Plan Rows": 296277, "Plan Width": 40, "Filter": "((p_brand <> 'Brand#11'::bpchar) AND ((p_type)::text !~~ 'LARGE ANODIZED%'::text) AND (p_size = ANY ('{3,39,46,2,41,24,29,49}'::integer[])))"}, {"Node Type": "Hash", "Parent Relationship": "Inner", "Parallel Aware": false, "Startup Cost": 10000341993.86, "Total Cost": 10000341993.86, "Plan Rows": 3999800, "Plan Width": 8, "Plans": [{"Node Type": "Index Scan", "Parent Relationship": "Outer", "Parallel Aware": false, "Scan Direction": "Forward", "Index Name": "idx_partsupp_partkey", "Relation Name": "partsupp", "Alias": "partsupp", "Startup Cost": 10000003466.46, "Total Cost": 10000341993.86, "Plan Rows": 3999800, "Plan Width": 8, "Filter": "(NOT (hashed SubPlan 1))", "Plans": [{"Node Type": "Seq Scan", "Parent Relationship": "SubPlan", "Subplan Name": "SubPlan 1", "Parallel Aware": false, "Relation Name": "supplier", "Alias": "supplier", "Startup Cost": 10000000000.0, "Total Cost": 10000003466.0, "Plan Rows": 10, "Plan Width": 4, "Filter": "((s_comment)::text ~~ '%Customer%Complaints%'::text)"}]}]}]}]}]}]}]}}, {"Plan": {"Node Type": "Limit", "Parallel Aware": false, "Startup Cost": 10000541671.33, "Total Cost": 10000541671.34, "Plan Rows": 1, "Plan Width": 44, "Plans": [{"Node Type": "Sort", "Parent Relationship": "Outer", "Parallel Aware": false, "Startup Cost": 10000541671.33, "Total Cost": 10000542055.32, "Plan Rows": 153594, "Plan Width": 44, "Sort Key": ["(count(DISTINCT partsupp.ps_suppkey)) DESC", "part.p_brand", "part.p_type", "part.p_size"], "Plans": [{"Node Type": "Aggregate", "Strategy": "Sorted", "Partial Mode": "Simple", "Parent Relationship": "Outer", "Parallel Aware": false, "Startup Cost": 10000531960.87, "Total Cost": 10000540903.36, "Plan Rows": 153594, "Plan Width": 44, "Group Key": ["part.p_brand", "part.p_type", "part.p_size"], "Plans": [{"Node Type": "Sort", "Parent Relationship": "Outer", "Parallel Aware": false, "Startup Cost": 10000531960.87, "Total Cost": 10000533442.18, "Plan Rows": 592524, "Plan Width": 40, "Sort Key": ["part.p_brand", "part.p_type", "part.p_size"], "Plans": [{"Node Type": "Merge Join", "Parent Relationship": "Outer", "Parallel Aware": false, "Join Type": "Inner", "Startup Cost": 10000003469.93, "Total Cost": 10000465656.65, "Plan Rows": 592524, "Plan Width": 40, "Inner Unique": true, "Merge Cond": "(partsupp.ps_partkey = part.p_partkey)", "Plans": [{"Node Type": "Index Scan", "Parent Relationship": "Outer", "Parallel Aware": false, "Scan Direction": "Forward", "Index Name": "idx_partsupp_partkey", "Relation Name": "partsupp", "Alias": "partsupp", "Startup Cost": 10000003466.46, "Total Cost": 10000341993.86, "Plan Rows": 3999800, "Plan Width": 8, "Filter": "(NOT (hashed SubPlan 1))", "Plans": [{"Node Type": "Seq Scan", "Parent Relationship": "SubPlan", "Subplan Name": "SubPlan 1", "Parallel Aware": false, "Relation Name": "supplier", "Alias": "supplier", "Startup Cost": 10000000000.0, "Total Cost": 10000003466.0, "Plan Rows": 10, "Plan Width": 4, "Filter": "((s_comment)::text ~~ '%Customer%Complaints%'::text)"}]}, {"Node Type": "Index Scan", "Parent Relationship": "Inner", "Parallel Aware": false, "Scan Direction": "Forward", "Index Name": "part_pkey", "Relation Name": "part", "Alias": "part", "Startup Cost": 0.43, "Total Cost": 106998.23, "Plan Rows": 296277, "Plan Width": 40, "Filter": "((p_brand <> 'Brand#11'::bpchar) AND ((p_type)::text !~~ 'LARGE ANODIZED%'::text) AND (p_size = ANY ('{3,39,46,2,41,24,29,49}'::integer[])))"}]}]}]}]}]}}, {"Plan": {"Node Type": "Limit", "Parallel Aware": false, "Startup Cost": 10002309010.36, "Total Cost": 10002309010.36, "Plan Rows": 1, "Plan Width": 44, "Plans": [{"Node Type": "Sort", "Parent Relationship": "Outer", "Parallel Aware": false, "Startup Cost": 10002309010.36, "Total Cost": 10002309394.34, "Plan Rows": 153594, "Plan Width": 44, "Sort Key": ["(count(DISTINCT partsupp.ps_suppkey)) DESC", "part.p_brand", "part.p_type", "part.p_size"], "Plans": [{"Node Type": "Aggregate", "Strategy": "Sorted", "Partial Mode": "Simple", "Parent Relationship": "Outer", "Parallel Aware": false, "Startup Cost": 10002299299.9, "Total Cost": 10002308242.39, "Plan Rows": 153594, "Plan Width": 44, "Group Key": ["part.p_brand", "part.p_type", "part.p_size"], "Plans": [{"Node Type": "Sort", "Parent Relationship": "Outer", "Parallel Aware": false, "Startup Cost": 10002299299.9, "Total Cost": 10002300781.21, "Plan Rows": 592524, "Plan Width": 40, "Sort Key": ["part.p_brand", "part.p_type", "part.p_size"], "Plans": [{"Node Type": "Nested Loop", "Parent Relationship": "Outer", "Parallel Aware": false, "Join Type": "Inner", "Startup Cost": 10000003466.89, "Total Cost": 10002232995.67, "Plan Rows": 592524, "Plan Width": 40, "Inner Unique": true, "Plans": [{"Node Type": "Index Scan", "Parent Relationship": "Outer", "Parallel Aware": false, "Scan Direction": "Forward", "Index Name": "idx_partsupp_partkey", "Relation Name": "partsupp", "Alias": "partsupp", "Startup Cost": 10000003466.46, "Total Cost": 10000341993.86, "Plan Rows": 3999800, "Plan Width": 8, "Filter": "(NOT (hashed SubPlan 1))", "Plans": [{"Node Type": "Seq Scan", "Parent Relationship": "SubPlan", "Subplan Name": "SubPlan 1", "Parallel Aware": false, "Relation Name": "supplier", "Alias": "supplier", "Startup Cost": 10000000000.0, "Total Cost": 10000003466.0, "Plan Rows": 10, "Plan Width": 4, "Filter": "((s_comment)::text ~~ '%Customer%Complaints%'::text)"}]}, {"Node Type": "Index Scan", "Parent Relationship": "Inner", "Parallel Aware": false, "Scan Direction": "Forward", "Index Name": "part_pkey", "Relation Name": "part", "Alias": "part", "Startup Cost": 0.43, "Total Cost": 0.47, "Plan Rows": 1, "Plan Width": 40, "Index Cond": "(p_partkey = partsupp.ps_partkey)", "Filter": "((p_brand <> 'Brand#11'::bpchar) AND ((p_type)::text !~~ 'LARGE ANODIZED%'::text) AND (p_size = ANY ('{3,39,46,2,41,24,29,49}'::integer[])))"}]}]}]}]}]}}, {"Plan": {"Node Type": "Limit", "Parallel Aware": false, "Startup Cost": 408048.19, "Total Cost": 408048.2, "Plan Rows": 1, "Plan Width": 44, "Plans": [{"Node Type": "Sort", "Parent Relationship": "Outer", "Parallel Aware": false, "Startup Cost": 408048.19, "Total Cost": 408432.18, "Plan Rows": 153594, "Plan Width": 44, "Sort Key": ["(count(DISTINCT partsupp.ps_suppkey)) DESC", "part.p_brand", "part.p_type", "part.p_size"], "Plans": [{"Node Type": "Aggregate", "Strategy": "Sorted", "Partial Mode": "Simple", "Parent Relationship": "Outer", "Parallel Aware": false, "Startup Cost": 398337.73, "Total Cost": 407280.22, "Plan Rows": 153594, "Plan Width": 44, "Group Key": ["part.p_brand", "part.p_type", "part.p_size"], "Plans": [{"Node Type": "Sort", "Parent Relationship": "Outer", "Parallel Aware": false, "Startup Cost": 398337.73, "Total Cost": 399819.04, "Plan Rows": 592524, "Plan Width": 40, "Sort Key": ["part.p_brand", "part.p_type", "part.p_size"], "Plans": [{"Node Type": "Gather", "Parent Relationship": "Outer", "Parallel Aware": false, "Startup Cost": 62751.72, "Total Cost": 332033.51, "Plan Rows": 592524, "Plan Width": 40, "Workers Planned": 3, "Single Copy": false, "Plans": [{"Node Type": "Hash Join", "Parent Relationship": "Outer", "Parallel Aware": true, "Join Type": "Inner", "Startup Cost": 61751.72, "Total Cost": 271781.11, "Plan Rows": 191137, "Plan Width": 40, "Inner Unique": true, "Hash Cond": "(partsupp.ps_partkey = part.p_partkey)", "Plans": [{"Node Type": "Seq Scan", "Parent Relationship": "Outer", "Parallel Aware": true, "Relation Name": "partsupp", "Alias": "partsupp", "Startup Cost": 3466.03, "Total Cost": 210108.48, "Plan Rows": 1290258, "Plan Width": 8, "Filter": "(NOT (hashed SubPlan 1))", "Plans": [{"Node Type": "Seq Scan", "Parent Relationship": "SubPlan", "Subplan Name": "SubPlan 1", "Parallel Aware": false, "Relation Name": "supplier", "Alias": "supplier", "Startup Cost": 0.0, "Total Cost": 3466.0, "Plan Rows": 10, "Plan Width": 4, "Filter": "((s_comment)::text ~~ '%Customer%Complaints%'::text)"}]}, {"Node Type": "Hash", "Parent Relationship": "Inner", "Parallel Aware": true, "Startup Cost": 57091.03, "Total Cost": 57091.03, "Plan Rows": 95573, "Plan Width": 40, "Plans": [{"Node Type": "Seq Scan", "Parent Relationship": "Outer", "Parallel Aware": true, "Relation Name": "part", "Alias": "part", "Startup Cost": 0.0, "Total Cost": 57091.03, "Plan Rows": 95573, "Plan Width": 40, "Filter": "((p_brand <> 'Brand#11'::bpchar) AND ((p_type)::text !~~ 'LARGE ANODIZED%'::text) AND (p_size = ANY ('{3,39,46,2,41,24,29,49}'::integer[])))"}]}]}]}]}]}]}]}}, {"Plan": {"Node Type": "Limit", "Parallel Aware": false, "Startup Cost": 10002309010.36, "Total Cost": 10002309010.36, "Plan Rows": 1, "Plan Width": 44, "Plans": [{"Node Type": "Sort", "Parent Relationship": "Outer", "Parallel Aware": false, "Startup Cost": 10002309010.36, "Total Cost": 10002309394.34, "Plan Rows": 153594, "Plan Width": 44, "Sort Key": ["(count(DISTINCT partsupp.ps_suppkey)) DESC", "part.p_brand", "part.p_type", "part.p_size"], "Plans": [{"Node Type": "Aggregate", "Strategy": "Sorted", "Partial Mode": "Simple", "Parent Relationship": "Outer", "Parallel Aware": false, "Startup Cost": 10002299299.9, "Total Cost": 10002308242.39, "Plan Rows": 153594, "Plan Width": 44, "Group Key": ["part.p_brand", "part.p_type", "part.p_size"], "Plans": [{"Node Type": "Sort", "Parent Relationship": "Outer", "Parallel Aware": false, "Startup Cost": 10002299299.9, "Total Cost": 10002300781.21, "Plan Rows": 592524, "Plan Width": 40, "Sort Key": ["part.p_brand", "part.p_type", "part.p_size"], "Plans": [{"Node Type": "Nested Loop", "Parent Relationship": "Outer", "Parallel Aware": false, "Join Type": "Inner", "Startup Cost": 10000003466.89, "Total Cost": 10002232995.67, "Plan Rows": 592524, "Plan Width": 40, "Inner Unique": true, "Plans": [{"Node Type": "Index Scan", "Parent Relationship": "Outer", "Parallel Aware": false, "Scan Direction": "Forward", "Index Name": "idx_partsupp_partkey", "Relation Name": "partsupp", "Alias": "partsupp", "Startup Cost": 10000003466.46, "Total Cost": 10000341993.86, "Plan Rows": 3999800, "Plan Width": 8, "Filter": "(NOT (hashed SubPlan 1))", "Plans": [{"Node Type": "Seq Scan", "Parent Relationship": "SubPlan", "Subplan Name": "SubPlan 1", "Parallel Aware": false, "Relation Name": "supplier", "Alias": "supplier", "Startup Cost": 10000000000.0, "Total Cost": 10000003466.0, "Plan Rows": 10, "Plan Width": 4, "Filter": "((s_comment)::text ~~ '%Customer%Complaints%'::text)"}]}, {"Node Type": "Index Scan", "Parent Relationship": "Inner", "Parallel Aware": false, "Scan Direction": "Forward", "Index Name": "part_pkey", "Relation Name": "part", "Alias": "part", "Startup Cost": 0.43, "Total Cost": 0.47, "Plan Rows": 1, "Plan Width": 40, "Index Cond": "(p_partkey = partsupp.ps_partkey)", "Filter": "((p_brand <> 'Brand#11'::bpchar) AND ((p_type)::text !~~ 'LARGE ANODIZED%'::text) AND (p_size = ANY ('{3,39,46,2,41,24,29,49}'::integer[])))"}]}]}]}]}]}}, {"Plan": {"Node Type": "Limit", "Parallel Aware": false, "Startup Cost": 408048.19, "Total Cost": 408048.2, "Plan Rows": 1, "Plan Width": 44, "Plans": [{"Node Type": "Sort", "Parent Relationship": "Outer", "Parallel Aware": false, "Startup Cost": 408048.19, "Total Cost": 408432.18, "Plan Rows": 153594, "Plan Width": 44, "Sort Key": ["(count(DISTINCT partsupp.ps_suppkey)) DESC", "part.p_brand", "part.p_type", "part.p_size"], "Plans": [{"Node Type": "Aggregate", "Strategy": "Sorted", "Partial Mode": "Simple", "Parent Relationship": "Outer", "Parallel Aware": false, "Startup Cost": 398337.73, "Total Cost": 407280.22, "Plan Rows": 153594, "Plan Width": 44, "Group Key": ["part.p_brand", "part.p_type", "part.p_size"], "Plans": [{"Node Type": "Sort", "Parent Relationship": "Outer", "Parallel Aware": false, "Startup Cost": 398337.73, "Total Cost": 399819.04, "Plan Rows": 592524, "Plan Width": 40, "Sort Key": ["part.p_brand", "part.p_type", "part.p_size"], "Plans": [{"Node Type": "Gather", "Parent Relationship": "Outer", "Parallel Aware": false, "Startup Cost": 62751.72, "Total Cost": 332033.51, "Plan Rows": 592524, "Plan Width": 40, "Workers Planned": 3, "Single Copy": false, "Plans": [{"Node Type": "Hash Join", "Parent Relationship": "Outer", "Parallel Aware": true, "Join Type": "Inner", "Startup Cost": 61751.72, "Total Cost": 271781.11, "Plan Rows": 191137, "Plan Width": 40, "Inner Unique": true, "Hash Cond": "(partsupp.ps_partkey = part.p_partkey)", "Plans": [{"Node Type": "Seq Scan", "Parent Relationship": "Outer", "Parallel Aware": true, "Relation Name": "partsupp", "Alias": "partsupp", "Startup Cost": 3466.03, "Total Cost": 210108.48, "Plan Rows": 1290258, "Plan Width": 8, "Filter": "(NOT (hashed SubPlan 1))", "Plans": [{"Node Type": "Seq Scan", "Parent Relationship": "SubPlan", "Subplan Name": "SubPlan 1", "Parallel Aware": false, "Relation Name": "supplier", "Alias": "supplier", "Startup Cost": 0.0, "Total Cost": 3466.0, "Plan Rows": 10, "Plan Width": 4, "Filter": "((s_comment)::text ~~ '%Customer%Complaints%'::text)"}]}, {"Node Type": "Hash", "Parent Relationship": "Inner", "Parallel Aware": true, "Startup Cost": 57091.03, "Total Cost": 57091.03, "Plan Rows": 95573, "Plan Width": 40, "Plans": [{"Node Type": "Seq Scan", "Parent Relationship": "Outer", "Parallel Aware": true, "Relation Name": "part", "Alias": "part", "Startup Cost": 0.0, "Total Cost": 57091.03, "Plan Rows": 95573, "Plan Width": 40, "Filter": "((p_brand <> 'Brand#11'::bpchar) AND ((p_type)::text !~~ 'LARGE ANODIZED%'::text) AND (p_size = ANY ('{3,39,46,2,41,24,29,49}'::integer[])))"}]}]}]}]}]}]}]}}, {"Plan": {"Node Type": "Limit", "Parallel Aware": false, "Startup Cost": 408048.19, "Total Cost": 408048.2, "Plan Rows": 1, "Plan Width": 44, "Plans": [{"Node Type": "Sort", "Parent Relationship": "Outer", "Parallel Aware": false, "Startup Cost": 408048.19, "Total Cost": 408432.18, "Plan Rows": 153594, "Plan Width": 44, "Sort Key": ["(count(DISTINCT partsupp.ps_suppkey)) DESC", "part.p_brand", "part.p_type", "part.p_size"], "Plans": [{"Node Type": "Aggregate", "Strategy": "Sorted", "Partial Mode": "Simple", "Parent Relationship": "Outer", "Parallel Aware": false, "Startup Cost": 398337.73, "Total Cost": 407280.22, "Plan Rows": 153594, "Plan Width": 44, "Group Key": ["part.p_brand", "part.p_type", "part.p_size"], "Plans": [{"Node Type": "Sort", "Parent Relationship": "Outer", "Parallel Aware": false, "Startup Cost": 398337.73, "Total Cost": 399819.04, "Plan Rows": 592524, "Plan Width": 40, "Sort Key": ["part.p_brand", "part.p_type", "part.p_size"], "Plans": [{"Node Type": "Gather", "Parent Relationship": "Outer", "Parallel Aware": false, "Startup Cost": 62751.72, "Total Cost": 332033.51, "Plan Rows": 592524, "Plan Width": 40, "Workers Planned": 3, "Single Copy": false, "Plans": [{"Node Type": "Hash Join", "Parent Relationship": "Outer", "Parallel Aware": true, "Join Type": "Inner", "Startup Cost": 61751.72, "Total Cost": 271781.11, "Plan Rows": 191137, "Plan Width": 40, "Inner Unique": true, "Hash Cond": "(partsupp.ps_partkey = part.p_partkey)", "Plans": [{"Node Type": "Seq Scan", "Parent Relationship": "Outer", "Parallel Aware": true, "Relation Name": "partsupp", "Alias": "partsupp", "Startup Cost": 3466.03, "Total Cost": 210108.48, "Plan Rows": 1290258, "Plan Width": 8, "Filter": "(NOT (hashed SubPlan 1))", "Plans": [{"Node Type": "Seq Scan", "Parent Relationship": "SubPlan", "Subplan Name": "SubPlan 1", "Parallel Aware": false, "Relation Name": "supplier", "Alias": "supplier", "Startup Cost": 0.0, "Total Cost": 3466.0, "Plan Rows": 10, "Plan Width": 4, "Filter": "((s_comment)::text ~~ '%Customer%Complaints%'::text)"}]}, {"Node Type": "Hash", "Parent Relationship": "Inner", "Parallel Aware": true, "Startup Cost": 57091.03, "Total Cost": 57091.03, "Plan Rows": 95573, "Plan Width": 40, "Plans": [{"Node Type": "Seq Scan", "Parent Relationship": "Outer", "Parallel Aware": true, "Relation Name": "part", "Alias": "part", "Startup Cost": 0.0, "Total Cost": 57091.03, "Plan Rows": 95573, "Plan Width": 40, "Filter": "((p_brand <> 'Brand#11'::bpchar) AND ((p_type)::text !~~ 'LARGE ANODIZED%'::text) AND (p_size = ANY ('{3,39,46,2,41,24,29,49}'::integer[])))"}]}]}]}]}]}]}]}}, {"Plan": {"Node Type": "Limit", "Parallel Aware": false, "Startup Cost": 30000541671.33, "Total Cost": 30000541671.34, "Plan Rows": 1, "Plan Width": 44, "Plans": [{"Node Type": "Sort", "Parent Relationship": "Outer", "Parallel Aware": false, "Startup Cost": 30000541671.33, "Total Cost": 30000542055.32, "Plan Rows": 153594, "Plan Width": 44, "Sort Key": ["(count(DISTINCT partsupp.ps_suppkey)) DESC", "part.p_brand", "part.p_type", "part.p_size"], "Plans": [{"Node Type": "Aggregate", "Strategy": "Sorted", "Partial Mode": "Simple", "Parent Relationship": "Outer", "Parallel Aware": false, "Startup Cost": 30000531960.87, "Total Cost": 30000540903.36, "Plan Rows": 153594, "Plan Width": 44, "Group Key": ["part.p_brand", "part.p_type", "part.p_size"], "Plans": [{"Node Type": "Sort", "Parent Relationship": "Outer", "Parallel Aware": false, "Startup Cost": 30000531960.87, "Total Cost": 30000533442.18, "Plan Rows": 592524, "Plan Width": 40, "Sort Key": ["part.p_brand", "part.p_type", "part.p_size"], "Plans": [{"Node Type": "Merge Join", "Parent Relationship": "Outer", "Parallel Aware": false, "Join Type": "Inner", "Startup Cost": 30000003469.93, "Total Cost": 30000465656.65, "Plan Rows": 592524, "Plan Width": 40, "Inner Unique": true, "Merge Cond": "(partsupp.ps_partkey = part.p_partkey)", "Plans": [{"Node Type": "Index Scan", "Parent Relationship": "Outer", "Parallel Aware": false, "Scan Direction": "Forward", "Index Name": "idx_partsupp_partkey", "Relation Name": "partsupp", "Alias": "partsupp", "Startup Cost": 20000003466.46, "Total Cost": 20000341993.86, "Plan Rows": 3999800, "Plan Width": 8, "Filter": "(NOT (hashed SubPlan 1))", "Plans": [{"Node Type": "Seq Scan", "Parent Relationship": "SubPlan", "Subplan Name": "SubPlan 1", "Parallel Aware": false, "Relation Name": "supplier", "Alias": "supplier", "Startup Cost": 10000000000.0, "Total Cost": 10000003466.0, "Plan Rows": 10, "Plan Width": 4, "Filter": "((s_comment)::text ~~ '%Customer%Complaints%'::text)"}]}, {"Node Type": "Index Scan", "Parent Relationship": "Inner", "Parallel Aware": false, "Scan Direction": "Forward", "Index Name": "part_pkey", "Relation Name": "part", "Alias": "part", "Startup Cost": 10000000000.43, "Total Cost": 10000106998.23, "Plan Rows": 296277, "Plan Width": 40, "Filter": "((p_brand <> 'Brand#11'::bpchar) AND ((p_type)::text !~~ 'LARGE ANODIZED%'::text) AND (p_size = ANY ('{3,39,46,2,41,24,29,49}'::integer[])))"}]}]}]}]}]}}, {"Plan": {"Node Type": "Limit", "Parallel Aware": false, "Startup Cost": 20006674729.44, "Total Cost": 20006674729.44, "Plan Rows": 1, "Plan Width": 44, "Plans": [{"Node Type": "Sort", "Parent Relationship": "Outer", "Parallel Aware": false, "Startup Cost": 20006674729.44, "Total Cost": 20006675113.43, "Plan Rows": 153594, "Plan Width": 44, "Sort Key": ["(count(DISTINCT partsupp.ps_suppkey)) DESC", "part.p_brand", "part.p_type", "part.p_size"], "Plans": [{"Node Type": "Aggregate", "Strategy": "Sorted", "Partial Mode": "Simple", "Parent Relationship": "Outer", "Parallel Aware": false, "Startup Cost": 20006665018.98, "Total Cost": 20006673961.47, "Plan Rows": 153594, "Plan Width": 44, "Group Key": ["part.p_brand", "part.p_type", "part.p_size"], "Plans": [{"Node Type": "Sort", "Parent Relationship": "Outer", "Parallel Aware": false, "Startup Cost": 20006665018.98, "Total Cost": 20006666500.29, "Plan Rows": 592524, "Plan Width": 40, "Sort Key": ["part.p_brand", "part.p_type", "part.p_size"], "Plans": [{"Node Type": "Nested Loop", "Parent Relationship": "Outer", "Parallel Aware": false, "Join Type": "Inner", "Startup Cost": 20000003466.89, "Total Cost": 20006598714.76, "Plan Rows": 592524, "Plan Width": 40, "Inner Unique": true, "Plans": [{"Node Type": "Index Scan", "Parent Relationship": "Outer", "Parallel Aware": false, "Scan Direction": "Forward", "Index Name": "idx_partsupp_partkey", "Relation Name": "partsupp", "Alias": "partsupp", "Startup Cost": 20000003466.46, "Total Cost": 20000341993.86, "Plan Rows": 3999800, "Plan Width": 8, "Filter": "(NOT (hashed SubPlan 1))", "Plans": [{"Node Type": "Seq Scan", "Parent Relationship": "SubPlan", "Subplan Name": "SubPlan 1", "Parallel Aware": false, "Relation Name": "supplier", "Alias": "supplier", "Startup Cost": 10000000000.0, "Total Cost": 10000003466.0, "Plan Rows": 10, "Plan Width": 4, "Filter": "((s_comment)::text ~~ '%Customer%Complaints%'::text)"}]}, {"Node Type": "Bitmap Heap Scan", "Parent Relationship": "Inner", "Parallel Aware": false, "Relation Name": "part", "Alias": "part", "Startup Cost": 0.44, "Total Cost": 1.56, "Plan Rows": 1, "Plan Width": 40, "Recheck Cond": "(p_partkey = partsupp.ps_partkey)", "Filter": "((p_brand <> 'Brand#11'::bpchar) AND ((p_type)::text !~~ 'LARGE ANODIZED%'::text) AND (p_size = ANY ('{3,39,46,2,41,24,29,49}'::integer[])))", "Plans": [{"Node Type": "Bitmap Index Scan", "Parent Relationship": "Outer", "Parallel Aware": false, "Index Name": "part_pkey", "Startup Cost": 0.0, "Total Cost": 0.44, "Plan Rows": 1, "Plan Width": 0, "Index Cond": "(p_partkey = partsupp.ps_partkey)"}]}]}]}]}]}]}}, {"Plan": {"Node Type": "Limit", "Parallel Aware": false, "Startup Cost": 408048.19, "Total Cost": 408048.2, "Plan Rows": 1, "Plan Width": 44, "Plans": [{"Node Type": "Sort", "Parent Relationship": "Outer", "Parallel Aware": false, "Startup Cost": 408048.19, "Total Cost": 408432.18, "Plan Rows": 153594, "Plan Width": 44, "Sort Key": ["(count(DISTINCT partsupp.ps_suppkey)) DESC", "part.p_brand", "part.p_type", "part.p_size"], "Plans": [{"Node Type": "Aggregate", "Strategy": "Sorted", "Partial Mode": "Simple", "Parent Relationship": "Outer", "Parallel Aware": false, "Startup Cost": 398337.73, "Total Cost": 407280.22, "Plan Rows": 153594, "Plan Width": 44, "Group Key": ["part.p_brand", "part.p_type", "part.p_size"], "Plans": [{"Node Type": "Sort", "Parent Relationship": "Outer", "Parallel Aware": false, "Startup Cost": 398337.73, "Total Cost": 399819.04, "Plan Rows": 592524, "Plan Width": 40, "Sort Key": ["part.p_brand", "part.p_type", "part.p_size"], "Plans": [{"Node Type": "Gather", "Parent Relationship": "Outer", "Parallel Aware": false, "Startup Cost": 62751.72, "Total Cost": 332033.51, "Plan Rows": 592524, "Plan Width": 40, "Workers Planned": 3, "Single Copy": false, "Plans": [{"Node Type": "Hash Join", "Parent Relationship": "Outer", "Parallel Aware": true, "Join Type": "Inner", "Startup Cost": 61751.72, "Total Cost": 271781.11, "Plan Rows": 191137, "Plan Width": 40, "Inner Unique": true, "Hash Cond": "(partsupp.ps_partkey = part.p_partkey)", "Plans": [{"Node Type": "Seq Scan", "Parent Relationship": "Outer", "Parallel Aware": true, "Relation Name": "partsupp", "Alias": "partsupp", "Startup Cost": 3466.03, "Total Cost": 210108.48, "Plan Rows": 1290258, "Plan Width": 8, "Filter": "(NOT (hashed SubPlan 1))", "Plans": [{"Node Type": "Seq Scan", "Parent Relationship": "SubPlan", "Subplan Name": "SubPlan 1", "Parallel Aware": false, "Relation Name": "supplier", "Alias": "supplier", "Startup Cost": 0.0, "Total Cost": 3466.0, "Plan Rows": 10, "Plan Width": 4, "Filter": "((s_comment)::text ~~ '%Customer%Complaints%'::text)"}]}, {"Node Type": "Hash", "Parent Relationship": "Inner", "Parallel Aware": true, "Startup Cost": 57091.03, "Total Cost": 57091.03, "Plan Rows": 95573, "Plan Width": 40, "Plans": [{"Node Type": "Seq Scan", "Parent Relationship": "Outer", "Parallel Aware": true, "Relation Name": "part", "Alias": "part", "Startup Cost": 0.0, "Total Cost": 57091.03, "Plan Rows": 95573, "Plan Width": 40, "Filter": "((p_brand <> 'Brand#11'::bpchar) AND ((p_type)::text !~~ 'LARGE ANODIZED%'::text) AND (p_size = ANY ('{3,39,46,2,41,24,29,49}'::integer[])))"}]}]}]}]}]}]}]}}, {"Plan": {"Node Type": "Limit", "Parallel Aware": false, "Startup Cost": 408048.19, "Total Cost": 408048.2, "Plan Rows": 1, "Plan Width": 44, "Plans": [{"Node Type": "Sort", "Parent Relationship": "Outer", "Parallel Aware": false, "Startup Cost": 408048.19, "Total Cost": 408432.18, "Plan Rows": 153594, "Plan Width": 44, "Sort Key": ["(count(DISTINCT partsupp.ps_suppkey)) DESC", "part.p_brand", "part.p_type", "part.p_size"], "Plans": [{"Node Type": "Aggregate", "Strategy": "Sorted", "Partial Mode": "Simple", "Parent Relationship": "Outer", "Parallel Aware": false, "Startup Cost": 398337.73, "Total Cost": 407280.22, "Plan Rows": 153594, "Plan Width": 44, "Group Key": ["part.p_brand", "part.p_type", "part.p_size"], "Plans": [{"Node Type": "Sort", "Parent Relationship": "Outer", "Parallel Aware": false, "Startup Cost": 398337.73, "Total Cost": 399819.04, "Plan Rows": 592524, "Plan Width": 40, "Sort Key": ["part.p_brand", "part.p_type", "part.p_size"], "Plans": [{"Node Type": "Gather", "Parent Relationship": "Outer", "Parallel Aware": false, "Startup Cost": 62751.72, "Total Cost": 332033.51, "Plan Rows": 592524, "Plan Width": 40, "Workers Planned": 3, "Single Copy": false, "Plans": [{"Node Type": "Hash Join", "Parent Relationship": "Outer", "Parallel Aware": true, "Join Type": "Inner", "Startup Cost": 61751.72, "Total Cost": 271781.11, "Plan Rows": 191137, "Plan Width": 40, "Inner Unique": true, "Hash Cond": "(partsupp.ps_partkey = part.p_partkey)", "Plans": [{"Node Type": "Seq Scan", "Parent Relationship": "Outer", "Parallel Aware": true, "Relation Name": "partsupp", "Alias": "partsupp", "Startup Cost": 3466.03, "Total Cost": 210108.48, "Plan Rows": 1290258, "Plan Width": 8, "Filter": "(NOT (hashed SubPlan 1))", "Plans": [{"Node Type": "Seq Scan", "Parent Relationship": "SubPlan", "Subplan Name": "SubPlan 1", "Parallel Aware": false, "Relation Name": "supplier", "Alias": "supplier", "Startup Cost": 0.0, "Total Cost": 3466.0, "Plan Rows": 10, "Plan Width": 4, "Filter": "((s_comment)::text ~~ '%Customer%Complaints%'::text)"}]}, {"Node Type": "Hash", "Parent Relationship": "Inner", "Parallel Aware": true, "Startup Cost": 57091.03, "Total Cost": 57091.03, "Plan Rows": 95573, "Plan Width": 40, "Plans": [{"Node Type": "Seq Scan", "Parent Relationship": "Outer", "Parallel Aware": true, "Relation Name": "part", "Alias": "part", "Startup Cost": 0.0, "Total Cost": 57091.03, "Plan Rows": 95573, "Plan Width": 40, "Filter": "((p_brand <> 'Brand#11'::bpchar) AND ((p_type)::text !~~ 'LARGE ANODIZED%'::text) AND (p_size = ANY ('{3,39,46,2,41,24,29,49}'::integer[])))"}]}]}]}]}]}]}]}}, {"Plan": {"Node Type": "Limit", "Parallel Aware": false, "Startup Cost": 20006674729.44, "Total Cost": 20006674729.44, "Plan Rows": 1, "Plan Width": 44, "Plans": [{"Node Type": "Sort", "Parent Relationship": "Outer", "Parallel Aware": false, "Startup Cost": 20006674729.44, "Total Cost": 20006675113.43, "Plan Rows": 153594, "Plan Width": 44, "Sort Key": ["(count(DISTINCT partsupp.ps_suppkey)) DESC", "part.p_brand", "part.p_type", "part.p_size"], "Plans": [{"Node Type": "Aggregate", "Strategy": "Sorted", "Partial Mode": "Simple", "Parent Relationship": "Outer", "Parallel Aware": false, "Startup Cost": 20006665018.98, "Total Cost": 20006673961.47, "Plan Rows": 153594, "Plan Width": 44, "Group Key": ["part.p_brand", "part.p_type", "part.p_size"], "Plans": [{"Node Type": "Sort", "Parent Relationship": "Outer", "Parallel Aware": false, "Startup Cost": 20006665018.98, "Total Cost": 20006666500.29, "Plan Rows": 592524, "Plan Width": 40, "Sort Key": ["part.p_brand", "part.p_type", "part.p_size"], "Plans": [{"Node Type": "Nested Loop", "Parent Relationship": "Outer", "Parallel Aware": false, "Join Type": "Inner", "Startup Cost": 20000003466.89, "Total Cost": 20006598714.76, "Plan Rows": 592524, "Plan Width": 40, "Inner Unique": true, "Plans": [{"Node Type": "Index Scan", "Parent Relationship": "Outer", "Parallel Aware": false, "Scan Direction": "Forward", "Index Name": "idx_partsupp_partkey", "Relation Name": "partsupp", "Alias": "partsupp", "Startup Cost": 20000003466.46, "Total Cost": 20000341993.86, "Plan Rows": 3999800, "Plan Width": 8, "Filter": "(NOT (hashed SubPlan 1))", "Plans": [{"Node Type": "Seq Scan", "Parent Relationship": "SubPlan", "Subplan Name": "SubPlan 1", "Parallel Aware": false, "Relation Name": "supplier", "Alias": "supplier", "Startup Cost": 10000000000.0, "Total Cost": 10000003466.0, "Plan Rows": 10, "Plan Width": 4, "Filter": "((s_comment)::text ~~ '%Customer%Complaints%'::text)"}]}, {"Node Type": "Bitmap Heap Scan", "Parent Relationship": "Inner", "Parallel Aware": false, "Relation Name": "part", "Alias": "part", "Startup Cost": 0.44, "Total Cost": 1.56, "Plan Rows": 1, "Plan Width": 40, "Recheck Cond": "(p_partkey = partsupp.ps_partkey)", "Filter": "((p_brand <> 'Brand#11'::bpchar) AND ((p_type)::text !~~ 'LARGE ANODIZED%'::text) AND (p_size = ANY ('{3,39,46,2,41,24,29,49}'::integer[])))", "Plans": [{"Node Type": "Bitmap Index Scan", "Parent Relationship": "Outer", "Parallel Aware": false, "Index Name": "part_pkey", "Startup Cost": 0.0, "Total Cost": 0.44, "Plan Rows": 1, "Plan Width": 0, "Index Cond": "(p_partkey = partsupp.ps_partkey)"}]}]}]}]}]}]}}, {"Plan": {"Node Type": "Limit", "Parallel Aware": false, "Startup Cost": 408048.19, "Total Cost": 408048.2, "Plan Rows": 1, "Plan Width": 44, "Plans": [{"Node Type": "Sort", "Parent Relationship": "Outer", "Parallel Aware": false, "Startup Cost": 408048.19, "Total Cost": 408432.18, "Plan Rows": 153594, "Plan Width": 44, "Sort Key": ["(count(DISTINCT partsupp.ps_suppkey)) DESC", "part.p_brand", "part.p_type", "part.p_size"], "Plans": [{"Node Type": "Aggregate", "Strategy": "Sorted", "Partial Mode": "Simple", "Parent Relationship": "Outer", "Parallel Aware": false, "Startup Cost": 398337.73, "Total Cost": 407280.22, "Plan Rows": 153594, "Plan Width": 44, "Group Key": ["part.p_brand", "part.p_type", "part.p_size"], "Plans": [{"Node Type": "Sort", "Parent Relationship": "Outer", "Parallel Aware": false, "Startup Cost": 398337.73, "Total Cost": 399819.04, "Plan Rows": 592524, "Plan Width": 40, "Sort Key": ["part.p_brand", "part.p_type", "part.p_size"], "Plans": [{"Node Type": "Gather", "Parent Relationship": "Outer", "Parallel Aware": false, "Startup Cost": 62751.72, "Total Cost": 332033.51, "Plan Rows": 592524, "Plan Width": 40, "Workers Planned": 3, "Single Copy": false, "Plans": [{"Node Type": "Hash Join", "Parent Relationship": "Outer", "Parallel Aware": true, "Join Type": "Inner", "Startup Cost": 61751.72, "Total Cost": 271781.11, "Plan Rows": 191137, "Plan Width": 40, "Inner Unique": true, "Hash Cond": "(partsupp.ps_partkey = part.p_partkey)", "Plans": [{"Node Type": "Seq Scan", "Parent Relationship": "Outer", "Parallel Aware": true, "Relation Name": "partsupp", "Alias": "partsupp", "Startup Cost": 3466.03, "Total Cost": 210108.48, "Plan Rows": 1290258, "Plan Width": 8, "Filter": "(NOT (hashed SubPlan 1))", "Plans": [{"Node Type": "Seq Scan", "Parent Relationship": "SubPlan", "Subplan Name": "SubPlan 1", "Parallel Aware": false, "Relation Name": "supplier", "Alias": "supplier", "Startup Cost": 0.0, "Total Cost": 3466.0, "Plan Rows": 10, "Plan Width": 4, "Filter": "((s_comment)::text ~~ '%Customer%Complaints%'::text)"}]}, {"Node Type": "Hash", "Parent Relationship": "Inner", "Parallel Aware": true, "Startup Cost": 57091.03, "Total Cost": 57091.03, "Plan Rows": 95573, "Plan Width": 40, "Plans": [{"Node Type": "Seq Scan", "Parent Relationship": "Outer", "Parallel Aware": true, "Relation Name": "part", "Alias": "part", "Startup Cost": 0.0, "Total Cost": 57091.03, "Plan Rows": 95573, "Plan Width": 40, "Filter": "((p_brand <> 'Brand#11'::bpchar) AND ((p_type)::text !~~ 'LARGE ANODIZED%'::text) AND (p_size = ANY ('{3,39,46,2,41,24,29,49}'::integer[])))"}]}]}]}]}]}]}]}}, {"Plan": {"Node Type": "Limit", "Parallel Aware": false, "Startup Cost": 408048.19, "Total Cost": 408048.2, "Plan Rows": 1, "Plan Width": 44, "Plans": [{"Node Type": "Sort", "Parent Relationship": "Outer", "Parallel Aware": false, "Startup Cost": 408048.19, "Total Cost": 408432.18, "Plan Rows": 153594, "Plan Width": 44, "Sort Key": ["(count(DISTINCT partsupp.ps_suppkey)) DESC", "part.p_brand", "part.p_type", "part.p_size"], "Plans": [{"Node Type": "Aggregate", "Strategy": "Sorted", "Partial Mode": "Simple", "Parent Relationship": "Outer", "Parallel Aware": false, "Startup Cost": 398337.73, "Total Cost": 407280.22, "Plan Rows": 153594, "Plan Width": 44, "Group Key": ["part.p_brand", "part.p_type", "part.p_size"], "Plans": [{"Node Type": "Sort", "Parent Relationship": "Outer", "Parallel Aware": false, "Startup Cost": 398337.73, "Total Cost": 399819.04, "Plan Rows": 592524, "Plan Width": 40, "Sort Key": ["part.p_brand", "part.p_type", "part.p_size"], "Plans": [{"Node Type": "Gather", "Parent Relationship": "Outer", "Parallel Aware": false, "Startup Cost": 62751.72, "Total Cost": 332033.51, "Plan Rows": 592524, "Plan Width": 40, "Workers Planned": 3, "Single Copy": false, "Plans": [{"Node Type": "Hash Join", "Parent Relationship": "Outer", "Parallel Aware": true, "Join Type": "Inner", "Startup Cost": 61751.72, "Total Cost": 271781.11, "Plan Rows": 191137, "Plan Width": 40, "Inner Unique": true, "Hash Cond": "(partsupp.ps_partkey = part.p_partkey)", "Plans": [{"Node Type": "Seq Scan", "Parent Relationship": "Outer", "Parallel Aware": true, "Relation Name": "partsupp", "Alias": "partsupp", "Startup Cost": 3466.03, "Total Cost": 210108.48, "Plan Rows": 1290258, "Plan Width": 8, "Filter": "(NOT (hashed SubPlan 1))", "Plans": [{"Node Type": "Seq Scan", "Parent Relationship": "SubPlan", "Subplan Name": "SubPlan 1", "Parallel Aware": false, "Relation Name": "supplier", "Alias": "supplier", "Startup Cost": 0.0, "Total Cost": 3466.0, "Plan Rows": 10, "Plan Width": 4, "Filter": "((s_comment)::text ~~ '%Customer%Complaints%'::text)"}]}, {"Node Type": "Hash", "Parent Relationship": "Inner", "Parallel Aware": true, "Startup Cost": 57091.03, "Total Cost": 57091.03, "Plan Rows": 95573, "Plan Width": 40, "Plans": [{"Node Type": "Seq Scan", "Parent Relationship": "Outer", "Parallel Aware": true, "Relation Name": "part", "Alias": "part", "Startup Cost": 0.0, "Total Cost": 57091.03, "Plan Rows": 95573, "Plan Width": 40, "Filter": "((p_brand <> 'Brand#11'::bpchar) AND ((p_type)::text !~~ 'LARGE ANODIZED%'::text) AND (p_size = ANY ('{3,39,46,2,41,24,29,49}'::integer[])))"}]}]}]}]}]}]}]}}, {"Plan": {"Node Type": "Limit", "Parallel Aware": false, "Startup Cost": 10000619401.94, "Total Cost": 10000619401.94, "Plan Rows": 1, "Plan Width": 44, "Plans": [{"Node Type": "Sort", "Parent Relationship": "Outer", "Parallel Aware": false, "Startup Cost": 10000619401.94, "Total Cost": 10000619785.92, "Plan Rows": 153594, "Plan Width": 44, "Sort Key": ["(count(DISTINCT partsupp.ps_suppkey)) DESC", "part.p_brand", "part.p_type", "part.p_size"], "Plans": [{"Node Type": "Aggregate", "Strategy": "Sorted", "Partial Mode": "Simple", "Parent Relationship": "Outer", "Parallel Aware": false, "Startup Cost": 10000609691.48, "Total Cost": 10000618633.97, "Plan Rows": 153594, "Plan Width": 44, "Group Key": ["part.p_brand", "part.p_type", "part.p_size"], "Plans": [{"Node Type": "Sort", "Parent Relationship": "Outer", "Parallel Aware": false, "Startup Cost": 10000609691.48, "Total Cost": 10000611172.79, "Plan Rows": 592524, "Plan Width": 40, "Sort Key": ["part.p_brand", "part.p_type", "part.p_size"], "Plans": [{"Node Type": "Hash Join", "Parent Relationship": "Outer", "Parallel Aware": false, "Join Type": "Inner", "Startup Cost": 10000407616.79, "Total Cost": 10000543387.25, "Plan Rows": 592524, "Plan Width": 40, "Inner Unique": false, "Hash Cond": "(part.p_partkey = partsupp.ps_partkey)", "Plans": [{"Node Type": "Index Scan", "Parent Relationship": "Outer", "Parallel Aware": false, "Scan Direction": "Forward", "Index Name": "part_pkey", "Relation Name": "part", "Alias": "part", "Startup Cost": 0.43, "Total Cost": 106998.23, "Plan Rows": 296277, "Plan Width": 40, "Filter": "((p_brand <> 'Brand#11'::bpchar) AND ((p_type)::text !~~ 'LARGE ANODIZED%'::text) AND (p_size = ANY ('{3,39,46,2,41,24,29,49}'::integer[])))"}, {"Node Type": "Hash", "Parent Relationship": "Inner", "Parallel Aware": false, "Startup Cost": 10000341993.86, "Total Cost": 10000341993.86, "Plan Rows": 3999800, "Plan Width": 8, "Plans": [{"Node Type": "Index Scan", "Parent Relationship": "Outer", "Parallel Aware": false, "Scan Direction": "Forward", "Index Name": "idx_partsupp_partkey", "Relation Name": "partsupp", "Alias": "partsupp", "Startup Cost": 10000003466.46, "Total Cost": 10000341993.86, "Plan Rows": 3999800, "Plan Width": 8, "Filter": "(NOT (hashed SubPlan 1))", "Plans": [{"Node Type": "Seq Scan", "Parent Relationship": "SubPlan", "Subplan Name": "SubPlan 1", "Parallel Aware": false, "Relation Name": "supplier", "Alias": "supplier", "Startup Cost": 10000000000.0, "Total Cost": 10000003466.0, "Plan Rows": 10, "Plan Width": 4, "Filter": "((s_comment)::text ~~ '%Customer%Complaints%'::text)"}]}]}]}]}]}]}]}}, {"Plan": {"Node Type": "Limit", "Parallel Aware": false, "Startup Cost": 10000541671.33, "Total Cost": 10000541671.34, "Plan Rows": 1, "Plan Width": 44, "Plans": [{"Node Type": "Sort", "Parent Relationship": "Outer", "Parallel Aware": false, "Startup Cost": 10000541671.33, "Total Cost": 10000542055.32, "Plan Rows": 153594, "Plan Width": 44, "Sort Key": ["(count(DISTINCT partsupp.ps_suppkey)) DESC", "part.p_brand", "part.p_type", "part.p_size"], "Plans": [{"Node Type": "Aggregate", "Strategy": "Sorted", "Partial Mode": "Simple", "Parent Relationship": "Outer", "Parallel Aware": false, "Startup Cost": 10000531960.87, "Total Cost": 10000540903.36, "Plan Rows": 153594, "Plan Width": 44, "Group Key": ["part.p_brand", "part.p_type", "part.p_size"], "Plans": [{"Node Type": "Sort", "Parent Relationship": "Outer", "Parallel Aware": false, "Startup Cost": 10000531960.87, "Total Cost": 10000533442.18, "Plan Rows": 592524, "Plan Width": 40, "Sort Key": ["part.p_brand", "part.p_type", "part.p_size"], "Plans": [{"Node Type": "Merge Join", "Parent Relationship": "Outer", "Parallel Aware": false, "Join Type": "Inner", "Startup Cost": 10000003469.93, "Total Cost": 10000465656.65, "Plan Rows": 592524, "Plan Width": 40, "Inner Unique": true, "Merge Cond": "(partsupp.ps_partkey = part.p_partkey)", "Plans": [{"Node Type": "Index Scan", "Parent Relationship": "Outer", "Parallel Aware": false, "Scan Direction": "Forward", "Index Name": "idx_partsupp_partkey", "Relation Name": "partsupp", "Alias": "partsupp", "Startup Cost": 10000003466.46, "Total Cost": 10000341993.86, "Plan Rows": 3999800, "Plan Width": 8, "Filter": "(NOT (hashed SubPlan 1))", "Plans": [{"Node Type": "Seq Scan", "Parent Relationship": "SubPlan", "Subplan Name": "SubPlan 1", "Parallel Aware": false, "Relation Name": "supplier", "Alias": "supplier", "Startup Cost": 10000000000.0, "Total Cost": 10000003466.0, "Plan Rows": 10, "Plan Width": 4, "Filter": "((s_comment)::text ~~ '%Customer%Complaints%'::text)"}]}, {"Node Type": "Index Scan", "Parent Relationship": "Inner", "Parallel Aware": false, "Scan Direction": "Forward", "Index Name": "part_pkey", "Relation Name": "part", "Alias": "part", "Startup Cost": 0.43, "Total Cost": 106998.23, "Plan Rows": 296277, "Plan Width": 40, "Filter": "((p_brand <> 'Brand#11'::bpchar) AND ((p_type)::text !~~ 'LARGE ANODIZED%'::text) AND (p_size = ANY ('{3,39,46,2,41,24,29,49}'::integer[])))"}]}]}]}]}]}}, {"Plan": {"Node Type": "Limit", "Parallel Aware": false, "Startup Cost": 10002309010.36, "Total Cost": 10002309010.36, "Plan Rows": 1, "Plan Width": 44, "Plans": [{"Node Type": "Sort", "Parent Relationship": "Outer", "Parallel Aware": false, "Startup Cost": 10002309010.36, "Total Cost": 10002309394.34, "Plan Rows": 153594, "Plan Width": 44, "Sort Key": ["(count(DISTINCT partsupp.ps_suppkey)) DESC", "part.p_brand", "part.p_type", "part.p_size"], "Plans": [{"Node Type": "Aggregate", "Strategy": "Sorted", "Partial Mode": "Simple", "Parent Relationship": "Outer", "Parallel Aware": false, "Startup Cost": 10002299299.9, "Total Cost": 10002308242.39, "Plan Rows": 153594, "Plan Width": 44, "Group Key": ["part.p_brand", "part.p_type", "part.p_size"], "Plans": [{"Node Type": "Sort", "Parent Relationship": "Outer", "Parallel Aware": false, "Startup Cost": 10002299299.9, "Total Cost": 10002300781.21, "Plan Rows": 592524, "Plan Width": 40, "Sort Key": ["part.p_brand", "part.p_type", "part.p_size"], "Plans": [{"Node Type": "Nested Loop", "Parent Relationship": "Outer", "Parallel Aware": false, "Join Type": "Inner", "Startup Cost": 10000003466.89, "Total Cost": 10002232995.67, "Plan Rows": 592524, "Plan Width": 40, "Inner Unique": true, "Plans": [{"Node Type": "Index Scan", "Parent Relationship": "Outer", "Parallel Aware": false, "Scan Direction": "Forward", "Index Name": "idx_partsupp_partkey", "Relation Name": "partsupp", "Alias": "partsupp", "Startup Cost": 10000003466.46, "Total Cost": 10000341993.86, "Plan Rows": 3999800, "Plan Width": 8, "Filter": "(NOT (hashed SubPlan 1))", "Plans": [{"Node Type": "Seq Scan", "Parent Relationship": "SubPlan", "Subplan Name": "SubPlan 1", "Parallel Aware": false, "Relation Name": "supplier", "Alias": "supplier", "Startup Cost": 10000000000.0, "Total Cost": 10000003466.0, "Plan Rows": 10, "Plan Width": 4, "Filter": "((s_comment)::text ~~ '%Customer%Complaints%'::text)"}]}, {"Node Type": "Index Scan", "Parent Relationship": "Inner", "Parallel Aware": false, "Scan Direction": "Forward", "Index Name": "part_pkey", "Relation Name": "part", "Alias": "part", "Startup Cost": 0.43, "Total Cost": 0.47, "Plan Rows": 1, "Plan Width": 40, "Index Cond": "(p_partkey = partsupp.ps_partkey)", "Filter": "((p_brand <> 'Brand#11'::bpchar) AND ((p_type)::text !~~ 'LARGE ANODIZED%'::text) AND (p_size = ANY ('{3,39,46,2,41,24,29,49}'::integer[])))"}]}]}]}]}]}}, {"Plan": {"Node Type": "Limit", "Parallel Aware": false, "Startup Cost": 408048.19, "Total Cost": 408048.2, "Plan Rows": 1, "Plan Width": 44, "Plans": [{"Node Type": "Sort", "Parent Relationship": "Outer", "Parallel Aware": false, "Startup Cost": 408048.19, "Total Cost": 408432.18, "Plan Rows": 153594, "Plan Width": 44, "Sort Key": ["(count(DISTINCT partsupp.ps_suppkey)) DESC", "part.p_brand", "part.p_type", "part.p_size"], "Plans": [{"Node Type": "Aggregate", "Strategy": "Sorted", "Partial Mode": "Simple", "Parent Relationship": "Outer", "Parallel Aware": false, "Startup Cost": 398337.73, "Total Cost": 407280.22, "Plan Rows": 153594, "Plan Width": 44, "Group Key": ["part.p_brand", "part.p_type", "part.p_size"], "Plans": [{"Node Type": "Sort", "Parent Relationship": "Outer", "Parallel Aware": false, "Startup Cost": 398337.73, "Total Cost": 399819.04, "Plan Rows": 592524, "Plan Width": 40, "Sort Key": ["part.p_brand", "part.p_type", "part.p_size"], "Plans": [{"Node Type": "Gather", "Parent Relationship": "Outer", "Parallel Aware": false, "Startup Cost": 62751.72, "Total Cost": 332033.51, "Plan Rows": 592524, "Plan Width": 40, "Workers Planned": 3, "Single Copy": false, "Plans": [{"Node Type": "Hash Join", "Parent Relationship": "Outer", "Parallel Aware": true, "Join Type": "Inner", "Startup Cost": 61751.72, "Total Cost": 271781.11, "Plan Rows": 191137, "Plan Width": 40, "Inner Unique": true, "Hash Cond": "(partsupp.ps_partkey = part.p_partkey)", "Plans": [{"Node Type": "Seq Scan", "Parent Relationship": "Outer", "Parallel Aware": true, "Relation Name": "partsupp", "Alias": "partsupp", "Startup Cost": 3466.03, "Total Cost": 210108.48, "Plan Rows": 1290258, "Plan Width": 8, "Filter": "(NOT (hashed SubPlan 1))", "Plans": [{"Node Type": "Seq Scan", "Parent Relationship": "SubPlan", "Subplan Name": "SubPlan 1", "Parallel Aware": false, "Relation Name": "supplier", "Alias": "supplier", "Startup Cost": 0.0, "Total Cost": 3466.0, "Plan Rows": 10, "Plan Width": 4, "Filter": "((s_comment)::text ~~ '%Customer%Complaints%'::text)"}]}, {"Node Type": "Hash", "Parent Relationship": "Inner", "Parallel Aware": true, "Startup Cost": 57091.03, "Total Cost": 57091.03, "Plan Rows": 95573, "Plan Width": 40, "Plans": [{"Node Type": "Seq Scan", "Parent Relationship": "Outer", "Parallel Aware": true, "Relation Name": "part", "Alias": "part", "Startup Cost": 0.0, "Total Cost": 57091.03, "Plan Rows": 95573, "Plan Width": 40, "Filter": "((p_brand <> 'Brand#11'::bpchar) AND ((p_type)::text !~~ 'LARGE ANODIZED%'::text) AND (p_size = ANY ('{3,39,46,2,41,24,29,49}'::integer[])))"}]}]}]}]}]}]}]}}, {"Plan": {"Node Type": "Limit", "Parallel Aware": false, "Startup Cost": 408048.19, "Total Cost": 408048.2, "Plan Rows": 1, "Plan Width": 44, "Plans": [{"Node Type": "Sort", "Parent Relationship": "Outer", "Parallel Aware": false, "Startup Cost": 408048.19, "Total Cost": 408432.18, "Plan Rows": 153594, "Plan Width": 44, "Sort Key": ["(count(DISTINCT partsupp.ps_suppkey)) DESC", "part.p_brand", "part.p_type", "part.p_size"], "Plans": [{"Node Type": "Aggregate", "Strategy": "Sorted", "Partial Mode": "Simple", "Parent Relationship": "Outer", "Parallel Aware": false, "Startup Cost": 398337.73, "Total Cost": 407280.22, "Plan Rows": 153594, "Plan Width": 44, "Group Key": ["part.p_brand", "part.p_type", "part.p_size"], "Plans": [{"Node Type": "Sort", "Parent Relationship": "Outer", "Parallel Aware": false, "Startup Cost": 398337.73, "Total Cost": 399819.04, "Plan Rows": 592524, "Plan Width": 40, "Sort Key": ["part.p_brand", "part.p_type", "part.p_size"], "Plans": [{"Node Type": "Gather", "Parent Relationship": "Outer", "Parallel Aware": false, "Startup Cost": 62751.72, "Total Cost": 332033.51, "Plan Rows": 592524, "Plan Width": 40, "Workers Planned": 3, "Single Copy": false, "Plans": [{"Node Type": "Hash Join", "Parent Relationship": "Outer", "Parallel Aware": true, "Join Type": "Inner", "Startup Cost": 61751.72, "Total Cost": 271781.11, "Plan Rows": 191137, "Plan Width": 40, "Inner Unique": true, "Hash Cond": "(partsupp.ps_partkey = part.p_partkey)", "Plans": [{"Node Type": "Seq Scan", "Parent Relationship": "Outer", "Parallel Aware": true, "Relation Name": "partsupp", "Alias": "partsupp", "Startup Cost": 3466.03, "Total Cost": 210108.48, "Plan Rows": 1290258, "Plan Width": 8, "Filter": "(NOT (hashed SubPlan 1))", "Plans": [{"Node Type": "Seq Scan", "Parent Relationship": "SubPlan", "Subplan Name": "SubPlan 1", "Parallel Aware": false, "Relation Name": "supplier", "Alias": "supplier", "Startup Cost": 0.0, "Total Cost": 3466.0, "Plan Rows": 10, "Plan Width": 4, "Filter": "((s_comment)::text ~~ '%Customer%Complaints%'::text)"}]}, {"Node Type": "Hash", "Parent Relationship": "Inner", "Parallel Aware": true, "Startup Cost": 57091.03, "Total Cost": 57091.03, "Plan Rows": 95573, "Plan Width": 40, "Plans": [{"Node Type": "Seq Scan", "Parent Relationship": "Outer", "Parallel Aware": true, "Relation Name": "part", "Alias": "part", "Startup Cost": 0.0, "Total Cost": 57091.03, "Plan Rows": 95573, "Plan Width": 40, "Filter": "((p_brand <> 'Brand#11'::bpchar) AND ((p_type)::text !~~ 'LARGE ANODIZED%'::text) AND (p_size = ANY ('{3,39,46,2,41,24,29,49}'::integer[])))"}]}]}]}]}]}]}]}}, {"Plan": {"Node Type": "Limit", "Parallel Aware": false, "Startup Cost": 10002309010.36, "Total Cost": 10002309010.36, "Plan Rows": 1, "Plan Width": 44, "Plans": [{"Node Type": "Sort", "Parent Relationship": "Outer", "Parallel Aware": false, "Startup Cost": 10002309010.36, "Total Cost": 10002309394.34, "Plan Rows": 153594, "Plan Width": 44, "Sort Key": ["(count(DISTINCT partsupp.ps_suppkey)) DESC", "part.p_brand", "part.p_type", "part.p_size"], "Plans": [{"Node Type": "Aggregate", "Strategy": "Sorted", "Partial Mode": "Simple", "Parent Relationship": "Outer", "Parallel Aware": false, "Startup Cost": 10002299299.9, "Total Cost": 10002308242.39, "Plan Rows": 153594, "Plan Width": 44, "Group Key": ["part.p_brand", "part.p_type", "part.p_size"], "Plans": [{"Node Type": "Sort", "Parent Relationship": "Outer", "Parallel Aware": false, "Startup Cost": 10002299299.9, "Total Cost": 10002300781.21, "Plan Rows": 592524, "Plan Width": 40, "Sort Key": ["part.p_brand", "part.p_type", "part.p_size"], "Plans": [{"Node Type": "Nested Loop", "Parent Relationship": "Outer", "Parallel Aware": false, "Join Type": "Inner", "Startup Cost": 10000003466.89, "Total Cost": 10002232995.67, "Plan Rows": 592524, "Plan Width": 40, "Inner Unique": true, "Plans": [{"Node Type": "Index Scan", "Parent Relationship": "Outer", "Parallel Aware": false, "Scan Direction": "Forward", "Index Name": "idx_partsupp_partkey", "Relation Name": "partsupp", "Alias": "partsupp", "Startup Cost": 10000003466.46, "Total Cost": 10000341993.86, "Plan Rows": 3999800, "Plan Width": 8, "Filter": "(NOT (hashed SubPlan 1))", "Plans": [{"Node Type": "Seq Scan", "Parent Relationship": "SubPlan", "Subplan Name": "SubPlan 1", "Parallel Aware": false, "Relation Name": "supplier", "Alias": "supplier", "Startup Cost": 10000000000.0, "Total Cost": 10000003466.0, "Plan Rows": 10, "Plan Width": 4, "Filter": "((s_comment)::text ~~ '%Customer%Complaints%'::text)"}]}, {"Node Type": "Index Scan", "Parent Relationship": "Inner", "Parallel Aware": false, "Scan Direction": "Forward", "Index Name": "part_pkey", "Relation Name": "part", "Alias": "part", "Startup Cost": 0.43, "Total Cost": 0.47, "Plan Rows": 1, "Plan Width": 40, "Index Cond": "(p_partkey = partsupp.ps_partkey)", "Filter": "((p_brand <> 'Brand#11'::bpchar) AND ((p_type)::text !~~ 'LARGE ANODIZED%'::text) AND (p_size = ANY ('{3,39,46,2,41,24,29,49}'::integer[])))"}]}]}]}]}]}}, {"Plan": {"Node Type": "Limit", "Parallel Aware": false, "Startup Cost": 408048.19, "Total Cost": 408048.2, "Plan Rows": 1, "Plan Width": 44, "Plans": [{"Node Type": "Sort", "Parent Relationship": "Outer", "Parallel Aware": false, "Startup Cost": 408048.19, "Total Cost": 408432.18, "Plan Rows": 153594, "Plan Width": 44, "Sort Key": ["(count(DISTINCT partsupp.ps_suppkey)) DESC", "part.p_brand", "part.p_type", "part.p_size"], "Plans": [{"Node Type": "Aggregate", "Strategy": "Sorted", "Partial Mode": "Simple", "Parent Relationship": "Outer", "Parallel Aware": false, "Startup Cost": 398337.73, "Total Cost": 407280.22, "Plan Rows": 153594, "Plan Width": 44, "Group Key": ["part.p_brand", "part.p_type", "part.p_size"], "Plans": [{"Node Type": "Sort", "Parent Relationship": "Outer", "Parallel Aware": false, "Startup Cost": 398337.73, "Total Cost": 399819.04, "Plan Rows": 592524, "Plan Width": 40, "Sort Key": ["part.p_brand", "part.p_type", "part.p_size"], "Plans": [{"Node Type": "Gather", "Parent Relationship": "Outer", "Parallel Aware": false, "Startup Cost": 62751.72, "Total Cost": 332033.51, "Plan Rows": 592524, "Plan Width": 40, "Workers Planned": 3, "Single Copy": false, "Plans": [{"Node Type": "Hash Join", "Parent Relationship": "Outer", "Parallel Aware": true, "Join Type": "Inner", "Startup Cost": 61751.72, "Total Cost": 271781.11, "Plan Rows": 191137, "Plan Width": 40, "Inner Unique": true, "Hash Cond": "(partsupp.ps_partkey = part.p_partkey)", "Plans": [{"Node Type": "Seq Scan", "Parent Relationship": "Outer", "Parallel Aware": true, "Relation Name": "partsupp", "Alias": "partsupp", "Startup Cost": 3466.03, "Total Cost": 210108.48, "Plan Rows": 1290258, "Plan Width": 8, "Filter": "(NOT (hashed SubPlan 1))", "Plans": [{"Node Type": "Seq Scan", "Parent Relationship": "SubPlan", "Subplan Name": "SubPlan 1", "Parallel Aware": false, "Relation Name": "supplier", "Alias": "supplier", "Startup Cost": 0.0, "Total Cost": 3466.0, "Plan Rows": 10, "Plan Width": 4, "Filter": "((s_comment)::text ~~ '%Customer%Complaints%'::text)"}]}, {"Node Type": "Hash", "Parent Relationship": "Inner", "Parallel Aware": true, "Startup Cost": 57091.03, "Total Cost": 57091.03, "Plan Rows": 95573, "Plan Width": 40, "Plans": [{"Node Type": "Seq Scan", "Parent Relationship": "Outer", "Parallel Aware": true, "Relation Name": "part", "Alias": "part", "Startup Cost": 0.0, "Total Cost": 57091.03, "Plan Rows": 95573, "Plan Width": 40, "Filter": "((p_brand <> 'Brand#11'::bpchar) AND ((p_type)::text !~~ 'LARGE ANODIZED%'::text) AND (p_size = ANY ('{3,39,46,2,41,24,29,49}'::integer[])))"}]}]}]}]}]}]}]}}, {"Plan": {"Node Type": "Limit", "Parallel Aware": false, "Startup Cost": 408048.19, "Total Cost": 408048.2, "Plan Rows": 1, "Plan Width": 44, "Plans": [{"Node Type": "Sort", "Parent Relationship": "Outer", "Parallel Aware": false, "Startup Cost": 408048.19, "Total Cost": 408432.18, "Plan Rows": 153594, "Plan Width": 44, "Sort Key": ["(count(DISTINCT partsupp.ps_suppkey)) DESC", "part.p_brand", "part.p_type", "part.p_size"], "Plans": [{"Node Type": "Aggregate", "Strategy": "Sorted", "Partial Mode": "Simple", "Parent Relationship": "Outer", "Parallel Aware": false, "Startup Cost": 398337.73, "Total Cost": 407280.22, "Plan Rows": 153594, "Plan Width": 44, "Group Key": ["part.p_brand", "part.p_type", "part.p_size"], "Plans": [{"Node Type": "Sort", "Parent Relationship": "Outer", "Parallel Aware": false, "Startup Cost": 398337.73, "Total Cost": 399819.04, "Plan Rows": 592524, "Plan Width": 40, "Sort Key": ["part.p_brand", "part.p_type", "part.p_size"], "Plans": [{"Node Type": "Gather", "Parent Relationship": "Outer", "Parallel Aware": false, "Startup Cost": 62751.72, "Total Cost": 332033.51, "Plan Rows": 592524, "Plan Width": 40, "Workers Planned": 3, "Single Copy": false, "Plans": [{"Node Type": "Hash Join", "Parent Relationship": "Outer", "Parallel Aware": true, "Join Type": "Inner", "Startup Cost": 61751.72, "Total Cost": 271781.11, "Plan Rows": 191137, "Plan Width": 40, "Inner Unique": true, "Hash Cond": "(partsupp.ps_partkey = part.p_partkey)", "Plans": [{"Node Type": "Seq Scan", "Parent Relationship": "Outer", "Parallel Aware": true, "Relation Name": "partsupp", "Alias": "partsupp", "Startup Cost": 3466.03, "Total Cost": 210108.48, "Plan Rows": 1290258, "Plan Width": 8, "Filter": "(NOT (hashed SubPlan 1))", "Plans": [{"Node Type": "Seq Scan", "Parent Relationship": "SubPlan", "Subplan Name": "SubPlan 1", "Parallel Aware": false, "Relation Name": "supplier", "Alias": "supplier", "Startup Cost": 0.0, "Total Cost": 3466.0, "Plan Rows": 10, "Plan Width": 4, "Filter": "((s_comment)::text ~~ '%Customer%Complaints%'::text)"}]}, {"Node Type": "Hash", "Parent Relationship": "Inner", "Parallel Aware": true, "Startup Cost": 57091.03, "Total Cost": 57091.03, "Plan Rows": 95573, "Plan Width": 40, "Plans": [{"Node Type": "Seq Scan", "Parent Relationship": "Outer", "Parallel Aware": true, "Relation Name": "part", "Alias": "part", "Startup Cost": 0.0, "Total Cost": 57091.03, "Plan Rows": 95573, "Plan Width": 40, "Filter": "((p_brand <> 'Brand#11'::bpchar) AND ((p_type)::text !~~ 'LARGE ANODIZED%'::text) AND (p_size = ANY ('{3,39,46,2,41,24,29,49}'::integer[])))"}]}]}]}]}]}]}]}}, {"Plan": {"Node Type": "Limit", "Parallel Aware": false, "Startup Cost": 408048.19, "Total Cost": 408048.2, "Plan Rows": 1, "Plan Width": 44, "Plans": [{"Node Type": "Sort", "Parent Relationship": "Outer", "Parallel Aware": false, "Startup Cost": 408048.19, "Total Cost": 408432.18, "Plan Rows": 153594, "Plan Width": 44, "Sort Key": ["(count(DISTINCT partsupp.ps_suppkey)) DESC", "part.p_brand", "part.p_type", "part.p_size"], "Plans": [{"Node Type": "Aggregate", "Strategy": "Sorted", "Partial Mode": "Simple", "Parent Relationship": "Outer", "Parallel Aware": false, "Startup Cost": 398337.73, "Total Cost": 407280.22, "Plan Rows": 153594, "Plan Width": 44, "Group Key": ["part.p_brand", "part.p_type", "part.p_size"], "Plans": [{"Node Type": "Sort", "Parent Relationship": "Outer", "Parallel Aware": false, "Startup Cost": 398337.73, "Total Cost": 399819.04, "Plan Rows": 592524, "Plan Width": 40, "Sort Key": ["part.p_brand", "part.p_type", "part.p_size"], "Plans": [{"Node Type": "Gather", "Parent Relationship": "Outer", "Parallel Aware": false, "Startup Cost": 62751.72, "Total Cost": 332033.51, "Plan Rows": 592524, "Plan Width": 40, "Workers Planned": 3, "Single Copy": false, "Plans": [{"Node Type": "Hash Join", "Parent Relationship": "Outer", "Parallel Aware": true, "Join Type": "Inner", "Startup Cost": 61751.72, "Total Cost": 271781.11, "Plan Rows": 191137, "Plan Width": 40, "Inner Unique": true, "Hash Cond": "(partsupp.ps_partkey = part.p_partkey)", "Plans": [{"Node Type": "Seq Scan", "Parent Relationship": "Outer", "Parallel Aware": true, "Relation Name": "partsupp", "Alias": "partsupp", "Startup Cost": 3466.03, "Total Cost": 210108.48, "Plan Rows": 1290258, "Plan Width": 8, "Filter": "(NOT (hashed SubPlan 1))", "Plans": [{"Node Type": "Seq Scan", "Parent Relationship": "SubPlan", "Subplan Name": "SubPlan 1", "Parallel Aware": false, "Relation Name": "supplier", "Alias": "supplier", "Startup Cost": 0.0, "Total Cost": 3466.0, "Plan Rows": 10, "Plan Width": 4, "Filter": "((s_comment)::text ~~ '%Customer%Complaints%'::text)"}]}, {"Node Type": "Hash", "Parent Relationship": "Inner", "Parallel Aware": true, "Startup Cost": 57091.03, "Total Cost": 57091.03, "Plan Rows": 95573, "Plan Width": 40, "Plans": [{"Node Type": "Seq Scan", "Parent Relationship": "Outer", "Parallel Aware": true, "Relation Name": "part", "Alias": "part", "Startup Cost": 0.0, "Total Cost": 57091.03, "Plan Rows": 95573, "Plan Width": 40, "Filter": "((p_brand <> 'Brand#11'::bpchar) AND ((p_type)::text !~~ 'LARGE ANODIZED%'::text) AND (p_size = ANY ('{3,39,46,2,41,24,29,49}'::integer[])))"}]}]}]}]}]}]}]}}, {"Plan": {"Node Type": "Limit", "Parallel Aware": false, "Startup Cost": 408048.19, "Total Cost": 408048.2, "Plan Rows": 1, "Plan Width": 44, "Plans": [{"Node Type": "Sort", "Parent Relationship": "Outer", "Parallel Aware": false, "Startup Cost": 408048.19, "Total Cost": 408432.18, "Plan Rows": 153594, "Plan Width": 44, "Sort Key": ["(count(DISTINCT partsupp.ps_suppkey)) DESC", "part.p_brand", "part.p_type", "part.p_size"], "Plans": [{"Node Type": "Aggregate", "Strategy": "Sorted", "Partial Mode": "Simple", "Parent Relationship": "Outer", "Parallel Aware": false, "Startup Cost": 398337.73, "Total Cost": 407280.22, "Plan Rows": 153594, "Plan Width": 44, "Group Key": ["part.p_brand", "part.p_type", "part.p_size"], "Plans": [{"Node Type": "Sort", "Parent Relationship": "Outer", "Parallel Aware": false, "Startup Cost": 398337.73, "Total Cost": 399819.04, "Plan Rows": 592524, "Plan Width": 40, "Sort Key": ["part.p_brand", "part.p_type", "part.p_size"], "Plans": [{"Node Type": "Gather", "Parent Relationship": "Outer", "Parallel Aware": false, "Startup Cost": 62751.72, "Total Cost": 332033.51, "Plan Rows": 592524, "Plan Width": 40, "Workers Planned": 3, "Single Copy": false, "Plans": [{"Node Type": "Hash Join", "Parent Relationship": "Outer", "Parallel Aware": true, "Join Type": "Inner", "Startup Cost": 61751.72, "Total Cost": 271781.11, "Plan Rows": 191137, "Plan Width": 40, "Inner Unique": true, "Hash Cond": "(partsupp.ps_partkey = part.p_partkey)", "Plans": [{"Node Type": "Seq Scan", "Parent Relationship": "Outer", "Parallel Aware": true, "Relation Name": "partsupp", "Alias": "partsupp", "Startup Cost": 3466.03, "Total Cost": 210108.48, "Plan Rows": 1290258, "Plan Width": 8, "Filter": "(NOT (hashed SubPlan 1))", "Plans": [{"Node Type": "Seq Scan", "Parent Relationship": "SubPlan", "Subplan Name": "SubPlan 1", "Parallel Aware": false, "Relation Name": "supplier", "Alias": "supplier", "Startup Cost": 0.0, "Total Cost": 3466.0, "Plan Rows": 10, "Plan Width": 4, "Filter": "((s_comment)::text ~~ '%Customer%Complaints%'::text)"}]}, {"Node Type": "Hash", "Parent Relationship": "Inner", "Parallel Aware": true, "Startup Cost": 57091.03, "Total Cost": 57091.03, "Plan Rows": 95573, "Plan Width": 40, "Plans": [{"Node Type": "Seq Scan", "Parent Relationship": "Outer", "Parallel Aware": true, "Relation Name": "part", "Alias": "part", "Startup Cost": 0.0, "Total Cost": 57091.03, "Plan Rows": 95573, "Plan Width": 40, "Filter": "((p_brand <> 'Brand#11'::bpchar) AND ((p_type)::text !~~ 'LARGE ANODIZED%'::text) AND (p_size = ANY ('{3,39,46,2,41,24,29,49}'::integer[])))"}]}]}]}]}]}]}]}}, {"Plan": {"Node Type": "Limit", "Parallel Aware": false, "Startup Cost": 408048.19, "Total Cost": 408048.2, "Plan Rows": 1, "Plan Width": 44, "Plans": [{"Node Type": "Sort", "Parent Relationship": "Outer", "Parallel Aware": false, "Startup Cost": 408048.19, "Total Cost": 408432.18, "Plan Rows": 153594, "Plan Width": 44, "Sort Key": ["(count(DISTINCT partsupp.ps_suppkey)) DESC", "part.p_brand", "part.p_type", "part.p_size"], "Plans": [{"Node Type": "Aggregate", "Strategy": "Sorted", "Partial Mode": "Simple", "Parent Relationship": "Outer", "Parallel Aware": false, "Startup Cost": 398337.73, "Total Cost": 407280.22, "Plan Rows": 153594, "Plan Width": 44, "Group Key": ["part.p_brand", "part.p_type", "part.p_size"], "Plans": [{"Node Type": "Sort", "Parent Relationship": "Outer", "Parallel Aware": false, "Startup Cost": 398337.73, "Total Cost": 399819.04, "Plan Rows": 592524, "Plan Width": 40, "Sort Key": ["part.p_brand", "part.p_type", "part.p_size"], "Plans": [{"Node Type": "Gather", "Parent Relationship": "Outer", "Parallel Aware": false, "Startup Cost": 62751.72, "Total Cost": 332033.51, "Plan Rows": 592524, "Plan Width": 40, "Workers Planned": 3, "Single Copy": false, "Plans": [{"Node Type": "Hash Join", "Parent Relationship": "Outer", "Parallel Aware": true, "Join Type": "Inner", "Startup Cost": 61751.72, "Total Cost": 271781.11, "Plan Rows": 191137, "Plan Width": 40, "Inner Unique": true, "Hash Cond": "(partsupp.ps_partkey = part.p_partkey)", "Plans": [{"Node Type": "Seq Scan", "Parent Relationship": "Outer", "Parallel Aware": true, "Relation Name": "partsupp", "Alias": "partsupp", "Startup Cost": 3466.03, "Total Cost": 210108.48, "Plan Rows": 1290258, "Plan Width": 8, "Filter": "(NOT (hashed SubPlan 1))", "Plans": [{"Node Type": "Seq Scan", "Parent Relationship": "SubPlan", "Subplan Name": "SubPlan 1", "Parallel Aware": false, "Relation Name": "supplier", "Alias": "supplier", "Startup Cost": 0.0, "Total Cost": 3466.0, "Plan Rows": 10, "Plan Width": 4, "Filter": "((s_comment)::text ~~ '%Customer%Complaints%'::text)"}]}, {"Node Type": "Hash", "Parent Relationship": "Inner", "Parallel Aware": true, "Startup Cost": 57091.03, "Total Cost": 57091.03, "Plan Rows": 95573, "Plan Width": 40, "Plans": [{"Node Type": "Seq Scan", "Parent Relationship": "Outer", "Parallel Aware": true, "Relation Name": "part", "Alias": "part", "Startup Cost": 0.0, "Total Cost": 57091.03, "Plan Rows": 95573, "Plan Width": 40, "Filter": "((p_brand <> 'Brand#11'::bpchar) AND ((p_type)::text !~~ 'LARGE ANODIZED%'::text) AND (p_size = ANY ('{3,39,46,2,41,24,29,49}'::integer[])))"}]}]}]}]}]}]}]}}, {"Plan": {"Node Type": "Limit", "Parallel Aware": false, "Startup Cost": 408048.19, "Total Cost": 408048.2, "Plan Rows": 1, "Plan Width": 44, "Plans": [{"Node Type": "Sort", "Parent Relationship": "Outer", "Parallel Aware": false, "Startup Cost": 408048.19, "Total Cost": 408432.18, "Plan Rows": 153594, "Plan Width": 44, "Sort Key": ["(count(DISTINCT partsupp.ps_suppkey)) DESC", "part.p_brand", "part.p_type", "part.p_size"], "Plans": [{"Node Type": "Aggregate", "Strategy": "Sorted", "Partial Mode": "Simple", "Parent Relationship": "Outer", "Parallel Aware": false, "Startup Cost": 398337.73, "Total Cost": 407280.22, "Plan Rows": 153594, "Plan Width": 44, "Group Key": ["part.p_brand", "part.p_type", "part.p_size"], "Plans": [{"Node Type": "Sort", "Parent Relationship": "Outer", "Parallel Aware": false, "Startup Cost": 398337.73, "Total Cost": 399819.04, "Plan Rows": 592524, "Plan Width": 40, "Sort Key": ["part.p_brand", "part.p_type", "part.p_size"], "Plans": [{"Node Type": "Gather", "Parent Relationship": "Outer", "Parallel Aware": false, "Startup Cost": 62751.72, "Total Cost": 332033.51, "Plan Rows": 592524, "Plan Width": 40, "Workers Planned": 3, "Single Copy": false, "Plans": [{"Node Type": "Hash Join", "Parent Relationship": "Outer", "Parallel Aware": true, "Join Type": "Inner", "Startup Cost": 61751.72, "Total Cost": 271781.11, "Plan Rows": 191137, "Plan Width": 40, "Inner Unique": true, "Hash Cond": "(partsupp.ps_partkey = part.p_partkey)", "Plans": [{"Node Type": "Seq Scan", "Parent Relationship": "Outer", "Parallel Aware": true, "Relation Name": "partsupp", "Alias": "partsupp", "Startup Cost": 3466.03, "Total Cost": 210108.48, "Plan Rows": 1290258, "Plan Width": 8, "Filter": "(NOT (hashed SubPlan 1))", "Plans": [{"Node Type": "Seq Scan", "Parent Relationship": "SubPlan", "Subplan Name": "SubPlan 1", "Parallel Aware": false, "Relation Name": "supplier", "Alias": "supplier", "Startup Cost": 0.0, "Total Cost": 3466.0, "Plan Rows": 10, "Plan Width": 4, "Filter": "((s_comment)::text ~~ '%Customer%Complaints%'::text)"}]}, {"Node Type": "Hash", "Parent Relationship": "Inner", "Parallel Aware": true, "Startup Cost": 57091.03, "Total Cost": 57091.03, "Plan Rows": 95573, "Plan Width": 40, "Plans": [{"Node Type": "Seq Scan", "Parent Relationship": "Outer", "Parallel Aware": true, "Relation Name": "part", "Alias": "part", "Startup Cost": 0.0, "Total Cost": 57091.03, "Plan Rows": 95573, "Plan Width": 40, "Filter": "((p_brand <> 'Brand#11'::bpchar) AND ((p_type)::text !~~ 'LARGE ANODIZED%'::text) AND (p_size = ANY ('{3,39,46,2,41,24,29,49}'::integer[])))"}]}]}]}]}]}]}]}}, {"Plan": {"Node Type": "Limit", "Parallel Aware": false, "Startup Cost": 10000541671.33, "Total Cost": 10000541671.34, "Plan Rows": 1, "Plan Width": 44, "Plans": [{"Node Type": "Sort", "Parent Relationship": "Outer", "Parallel Aware": false, "Startup Cost": 10000541671.33, "Total Cost": 10000542055.32, "Plan Rows": 153594, "Plan Width": 44, "Sort Key": ["(count(DISTINCT partsupp.ps_suppkey)) DESC", "part.p_brand", "part.p_type", "part.p_size"], "Plans": [{"Node Type": "Aggregate", "Strategy": "Sorted", "Partial Mode": "Simple", "Parent Relationship": "Outer", "Parallel Aware": false, "Startup Cost": 10000531960.87, "Total Cost": 10000540903.36, "Plan Rows": 153594, "Plan Width": 44, "Group Key": ["part.p_brand", "part.p_type", "part.p_size"], "Plans": [{"Node Type": "Sort", "Parent Relationship": "Outer", "Parallel Aware": false, "Startup Cost": 10000531960.87, "Total Cost": 10000533442.18, "Plan Rows": 592524, "Plan Width": 40, "Sort Key": ["part.p_brand", "part.p_type", "part.p_size"], "Plans": [{"Node Type": "Merge Join", "Parent Relationship": "Outer", "Parallel Aware": false, "Join Type": "Inner", "Startup Cost": 10000003469.93, "Total Cost": 10000465656.65, "Plan Rows": 592524, "Plan Width": 40, "Inner Unique": true, "Merge Cond": "(partsupp.ps_partkey = part.p_partkey)", "Plans": [{"Node Type": "Index Scan", "Parent Relationship": "Outer", "Parallel Aware": false, "Scan Direction": "Forward", "Index Name": "idx_partsupp_partkey", "Relation Name": "partsupp", "Alias": "partsupp", "Startup Cost": 10000003466.46, "Total Cost": 10000341993.86, "Plan Rows": 3999800, "Plan Width": 8, "Filter": "(NOT (hashed SubPlan 1))", "Plans": [{"Node Type": "Seq Scan", "Parent Relationship": "SubPlan", "Subplan Name": "SubPlan 1", "Parallel Aware": false, "Relation Name": "supplier", "Alias": "supplier", "Startup Cost": 10000000000.0, "Total Cost": 10000003466.0, "Plan Rows": 10, "Plan Width": 4, "Filter": "((s_comment)::text ~~ '%Customer%Complaints%'::text)"}]}, {"Node Type": "Index Scan", "Parent Relationship": "Inner", "Parallel Aware": false, "Scan Direction": "Forward", "Index Name": "part_pkey", "Relation Name": "part", "Alias": "part", "Startup Cost": 0.43, "Total Cost": 106998.23, "Plan Rows": 296277, "Plan Width": 40, "Filter": "((p_brand <> 'Brand#11'::bpchar) AND ((p_type)::text !~~ 'LARGE ANODIZED%'::text) AND (p_size = ANY ('{3,39,46,2,41,24,29,49}'::integer[])))"}]}]}]}]}]}}, {"Plan": {"Node Type": "Limit", "Parallel Aware": false, "Startup Cost": 10002309010.36, "Total Cost": 10002309010.36, "Plan Rows": 1, "Plan Width": 44, "Plans": [{"Node Type": "Sort", "Parent Relationship": "Outer", "Parallel Aware": false, "Startup Cost": 10002309010.36, "Total Cost": 10002309394.34, "Plan Rows": 153594, "Plan Width": 44, "Sort Key": ["(count(DISTINCT partsupp.ps_suppkey)) DESC", "part.p_brand", "part.p_type", "part.p_size"], "Plans": [{"Node Type": "Aggregate", "Strategy": "Sorted", "Partial Mode": "Simple", "Parent Relationship": "Outer", "Parallel Aware": false, "Startup Cost": 10002299299.9, "Total Cost": 10002308242.39, "Plan Rows": 153594, "Plan Width": 44, "Group Key": ["part.p_brand", "part.p_type", "part.p_size"], "Plans": [{"Node Type": "Sort", "Parent Relationship": "Outer", "Parallel Aware": false, "Startup Cost": 10002299299.9, "Total Cost": 10002300781.21, "Plan Rows": 592524, "Plan Width": 40, "Sort Key": ["part.p_brand", "part.p_type", "part.p_size"], "Plans": [{"Node Type": "Nested Loop", "Parent Relationship": "Outer", "Parallel Aware": false, "Join Type": "Inner", "Startup Cost": 10000003466.89, "Total Cost": 10002232995.67, "Plan Rows": 592524, "Plan Width": 40, "Inner Unique": true, "Plans": [{"Node Type": "Index Scan", "Parent Relationship": "Outer", "Parallel Aware": false, "Scan Direction": "Forward", "Index Name": "idx_partsupp_partkey", "Relation Name": "partsupp", "Alias": "partsupp", "Startup Cost": 10000003466.46, "Total Cost": 10000341993.86, "Plan Rows": 3999800, "Plan Width": 8, "Filter": "(NOT (hashed SubPlan 1))", "Plans": [{"Node Type": "Seq Scan", "Parent Relationship": "SubPlan", "Subplan Name": "SubPlan 1", "Parallel Aware": false, "Relation Name": "supplier", "Alias": "supplier", "Startup Cost": 10000000000.0, "Total Cost": 10000003466.0, "Plan Rows": 10, "Plan Width": 4, "Filter": "((s_comment)::text ~~ '%Customer%Complaints%'::text)"}]}, {"Node Type": "Index Scan", "Parent Relationship": "Inner", "Parallel Aware": false, "Scan Direction": "Forward", "Index Name": "part_pkey", "Relation Name": "part", "Alias": "part", "Startup Cost": 0.43, "Total Cost": 0.47, "Plan Rows": 1, "Plan Width": 40, "Index Cond": "(p_partkey = partsupp.ps_partkey)", "Filter": "((p_brand <> 'Brand#11'::bpchar) AND ((p_type)::text !~~ 'LARGE ANODIZED%'::text) AND (p_size = ANY ('{3,39,46,2,41,24,29,49}'::integer[])))"}]}]}]}]}]}}, {"Plan": {"Node Type": "Limit", "Parallel Aware": false, "Startup Cost": 523397.7, "Total Cost": 523397.7, "Plan Rows": 1, "Plan Width": 44, "Plans": [{"Node Type": "Sort", "Parent Relationship": "Outer", "Parallel Aware": false, "Startup Cost": 523397.7, "Total Cost": 523781.68, "Plan Rows": 153594, "Plan Width": 44, "Sort Key": ["(count(DISTINCT partsupp.ps_suppkey)) DESC", "part.p_brand", "part.p_type", "part.p_size"], "Plans": [{"Node Type": "Aggregate", "Strategy": "Sorted", "Partial Mode": "Simple", "Parent Relationship": "Outer", "Parallel Aware": false, "Startup Cost": 513687.24, "Total Cost": 522629.73, "Plan Rows": 153594, "Plan Width": 44, "Group Key": ["part.p_brand", "part.p_type", "part.p_size"], "Plans": [{"Node Type": "Sort", "Parent Relationship": "Outer", "Parallel Aware": false, "Startup Cost": 513687.24, "Total Cost": 515168.55, "Plan Rows": 592524, "Plan Width": 40, "Sort Key": ["part.p_brand", "part.p_type", "part.p_size"], "Plans": [{"Node Type": "Gather", "Parent Relationship": "Outer", "Parallel Aware": false, "Startup Cost": 4469.22, "Total Cost": 447383.01, "Plan Rows": 592524, "Plan Width": 40, "Workers Planned": 3, "Single Copy": false, "Plans": [{"Node Type": "Merge Join", "Parent Relationship": "Outer", "Parallel Aware": false, "Join Type": "Inner", "Startup Cost": 3469.22, "Total Cost": 387130.61, "Plan Rows": 191137, "Plan Width": 40, "Inner Unique": true, "Merge Cond": "(partsupp.ps_partkey = part.p_partkey)", "Plans": [{"Node Type": "Index Scan", "Parent Relationship": "Outer", "Parallel Aware": true, "Scan Direction": "Forward", "Index Name": "idx_partsupp_partkey", "Relation Name": "partsupp", "Alias": "partsupp", "Startup Cost": 3466.46, "Total Cost": 274255.31, "Plan Rows": 1290258, "Plan Width": 8, "Filter": "(NOT (hashed SubPlan 1))", "Plans": [{"Node Type": "Seq Scan", "Parent Relationship": "SubPlan", "Subplan Name": "SubPlan 1", "Parallel Aware": false, "Relation Name": "supplier", "Alias": "supplier", "Startup Cost": 0.0, "Total Cost": 3466.0, "Plan Rows": 10, "Plan Width": 4, "Filter": "((s_comment)::text ~~ '%Customer%Complaints%'::text)"}]}, {"Node Type": "Index Scan", "Parent Relationship": "Inner", "Parallel Aware": false, "Scan Direction": "Forward", "Index Name": "part_pkey", "Relation Name": "part", "Alias": "part", "Startup Cost": 0.43, "Total Cost": 106998.23, "Plan Rows": 296277, "Plan Width": 40, "Filter": "((p_brand <> 'Brand#11'::bpchar) AND ((p_type)::text !~~ 'LARGE ANODIZED%'::text) AND (p_size = ANY ('{3,39,46,2,41,24,29,49}'::integer[])))"}]}]}]}]}]}]}}, {"Plan": {"Node Type": "Limit", "Parallel Aware": false, "Startup Cost": 523397.7, "Total Cost": 523397.7, "Plan Rows": 1, "Plan Width": 44, "Plans": [{"Node Type": "Sort", "Parent Relationship": "Outer", "Parallel Aware": false, "Startup Cost": 523397.7, "Total Cost": 523781.68, "Plan Rows": 153594, "Plan Width": 44, "Sort Key": ["(count(DISTINCT partsupp.ps_suppkey)) DESC", "part.p_brand", "part.p_type", "part.p_size"], "Plans": [{"Node Type": "Aggregate", "Strategy": "Sorted", "Partial Mode": "Simple", "Parent Relationship": "Outer", "Parallel Aware": false, "Startup Cost": 513687.24, "Total Cost": 522629.73, "Plan Rows": 153594, "Plan Width": 44, "Group Key": ["part.p_brand", "part.p_type", "part.p_size"], "Plans": [{"Node Type": "Sort", "Parent Relationship": "Outer", "Parallel Aware": false, "Startup Cost": 513687.24, "Total Cost": 515168.55, "Plan Rows": 592524, "Plan Width": 40, "Sort Key": ["part.p_brand", "part.p_type", "part.p_size"], "Plans": [{"Node Type": "Gather", "Parent Relationship": "Outer", "Parallel Aware": false, "Startup Cost": 4469.22, "Total Cost": 447383.01, "Plan Rows": 592524, "Plan Width": 40, "Workers Planned": 3, "Single Copy": false, "Plans": [{"Node Type": "Merge Join", "Parent Relationship": "Outer", "Parallel Aware": false, "Join Type": "Inner", "Startup Cost": 3469.22, "Total Cost": 387130.61, "Plan Rows": 191137, "Plan Width": 40, "Inner Unique": true, "Merge Cond": "(partsupp.ps_partkey = part.p_partkey)", "Plans": [{"Node Type": "Index Scan", "Parent Relationship": "Outer", "Parallel Aware": true, "Scan Direction": "Forward", "Index Name": "idx_partsupp_partkey", "Relation Name": "partsupp", "Alias": "partsupp", "Startup Cost": 3466.46, "Total Cost": 274255.31, "Plan Rows": 1290258, "Plan Width": 8, "Filter": "(NOT (hashed SubPlan 1))", "Plans": [{"Node Type": "Seq Scan", "Parent Relationship": "SubPlan", "Subplan Name": "SubPlan 1", "Parallel Aware": false, "Relation Name": "supplier", "Alias": "supplier", "Startup Cost": 0.0, "Total Cost": 3466.0, "Plan Rows": 10, "Plan Width": 4, "Filter": "((s_comment)::text ~~ '%Customer%Complaints%'::text)"}]}, {"Node Type": "Index Scan", "Parent Relationship": "Inner", "Parallel Aware": false, "Scan Direction": "Forward", "Index Name": "part_pkey", "Relation Name": "part", "Alias": "part", "Startup Cost": 0.43, "Total Cost": 106998.23, "Plan Rows": 296277, "Plan Width": 40, "Filter": "((p_brand <> 'Brand#11'::bpchar) AND ((p_type)::text !~~ 'LARGE ANODIZED%'::text) AND (p_size = ANY ('{3,39,46,2,41,24,29,49}'::integer[])))"}]}]}]}]}]}]}}, {"Plan": {"Node Type": "Limit", "Parallel Aware": false, "Startup Cost": 10002309010.36, "Total Cost": 10002309010.36, "Plan Rows": 1, "Plan Width": 44, "Plans": [{"Node Type": "Sort", "Parent Relationship": "Outer", "Parallel Aware": false, "Startup Cost": 10002309010.36, "Total Cost": 10002309394.34, "Plan Rows": 153594, "Plan Width": 44, "Sort Key": ["(count(DISTINCT partsupp.ps_suppkey)) DESC", "part.p_brand", "part.p_type", "part.p_size"], "Plans": [{"Node Type": "Aggregate", "Strategy": "Sorted", "Partial Mode": "Simple", "Parent Relationship": "Outer", "Parallel Aware": false, "Startup Cost": 10002299299.9, "Total Cost": 10002308242.39, "Plan Rows": 153594, "Plan Width": 44, "Group Key": ["part.p_brand", "part.p_type", "part.p_size"], "Plans": [{"Node Type": "Sort", "Parent Relationship": "Outer", "Parallel Aware": false, "Startup Cost": 10002299299.9, "Total Cost": 10002300781.21, "Plan Rows": 592524, "Plan Width": 40, "Sort Key": ["part.p_brand", "part.p_type", "part.p_size"], "Plans": [{"Node Type": "Nested Loop", "Parent Relationship": "Outer", "Parallel Aware": false, "Join Type": "Inner", "Startup Cost": 10000003466.89, "Total Cost": 10002232995.67, "Plan Rows": 592524, "Plan Width": 40, "Inner Unique": true, "Plans": [{"Node Type": "Index Scan", "Parent Relationship": "Outer", "Parallel Aware": false, "Scan Direction": "Forward", "Index Name": "idx_partsupp_partkey", "Relation Name": "partsupp", "Alias": "partsupp", "Startup Cost": 10000003466.46, "Total Cost": 10000341993.86, "Plan Rows": 3999800, "Plan Width": 8, "Filter": "(NOT (hashed SubPlan 1))", "Plans": [{"Node Type": "Seq Scan", "Parent Relationship": "SubPlan", "Subplan Name": "SubPlan 1", "Parallel Aware": false, "Relation Name": "supplier", "Alias": "supplier", "Startup Cost": 10000000000.0, "Total Cost": 10000003466.0, "Plan Rows": 10, "Plan Width": 4, "Filter": "((s_comment)::text ~~ '%Customer%Complaints%'::text)"}]}, {"Node Type": "Index Scan", "Parent Relationship": "Inner", "Parallel Aware": false, "Scan Direction": "Forward", "Index Name": "part_pkey", "Relation Name": "part", "Alias": "part", "Startup Cost": 0.43, "Total Cost": 0.47, "Plan Rows": 1, "Plan Width": 40, "Index Cond": "(p_partkey = partsupp.ps_partkey)", "Filter": "((p_brand <> 'Brand#11'::bpchar) AND ((p_type)::text !~~ 'LARGE ANODIZED%'::text) AND (p_size = ANY ('{3,39,46,2,41,24,29,49}'::integer[])))"}]}]}]}]}]}}, {"Plan": {"Node Type": "Limit", "Parallel Aware": false, "Startup Cost": 956376.1, "Total Cost": 956376.1, "Plan Rows": 1, "Plan Width": 44, "Plans": [{"Node Type": "Sort", "Parent Relationship": "Outer", "Parallel Aware": false, "Startup Cost": 956376.1, "Total Cost": 956760.08, "Plan Rows": 153594, "Plan Width": 44, "Sort Key": ["(count(DISTINCT partsupp.ps_suppkey)) DESC", "part.p_brand", "part.p_type", "part.p_size"], "Plans": [{"Node Type": "Aggregate", "Strategy": "Sorted", "Partial Mode": "Simple", "Parent Relationship": "Outer", "Parallel Aware": false, "Startup Cost": 946665.64, "Total Cost": 955608.13, "Plan Rows": 153594, "Plan Width": 44, "Group Key": ["part.p_brand", "part.p_type", "part.p_size"], "Plans": [{"Node Type": "Sort", "Parent Relationship": "Outer", "Parallel Aware": false, "Startup Cost": 946665.64, "Total Cost": 948146.95, "Plan Rows": 592524, "Plan Width": 40, "Sort Key": ["part.p_brand", "part.p_type", "part.p_size"], "Plans": [{"Node Type": "Gather", "Parent Relationship": "Outer", "Parallel Aware": false, "Startup Cost": 4466.45, "Total Cost": 880361.41, "Plan Rows": 592524, "Plan Width": 40, "Workers Planned": 3, "Single Copy": false, "Plans": [{"Node Type": "Nested Loop", "Parent Relationship": "Outer", "Parallel Aware": false, "Join Type": "Inner", "Startup Cost": 3466.45, "Total Cost": 820109.01, "Plan Rows": 191137, "Plan Width": 40, "Inner Unique": true, "Plans": [{"Node Type": "Seq Scan", "Parent Relationship": "Outer", "Parallel Aware": true, "Relation Name": "partsupp", "Alias": "partsupp", "Startup Cost": 3466.03, "Total Cost": 210108.48, "Plan Rows": 1290258, "Plan Width": 8, "Filter": "(NOT (hashed SubPlan 1))", "Plans": [{"Node Type": "Seq Scan", "Parent Relationship": "SubPlan", "Subplan Name": "SubPlan 1", "Parallel Aware": false, "Relation Name": "supplier", "Alias": "supplier", "Startup Cost": 0.0, "Total Cost": 3466.0, "Plan Rows": 10, "Plan Width": 4, "Filter": "((s_comment)::text ~~ '%Customer%Complaints%'::text)"}]}, {"Node Type": "Index Scan", "Parent Relationship": "Inner", "Parallel Aware": false, "Scan Direction": "Forward", "Index Name": "part_pkey", "Relation Name": "part", "Alias": "part", "Startup Cost": 0.43, "Total Cost": 0.47, "Plan Rows": 1, "Plan Width": 40, "Index Cond": "(p_partkey = partsupp.ps_partkey)", "Filter": "((p_brand <> 'Brand#11'::bpchar) AND ((p_type)::text !~~ 'LARGE ANODIZED%'::text) AND (p_size = ANY ('{3,39,46,2,41,24,29,49}'::integer[])))"}]}]}]}]}]}]}}, {"Plan": {"Node Type": "Limit", "Parallel Aware": false, "Startup Cost": 30000541671.33, "Total Cost": 30000541671.34, "Plan Rows": 1, "Plan Width": 44, "Plans": [{"Node Type": "Sort", "Parent Relationship": "Outer", "Parallel Aware": false, "Startup Cost": 30000541671.33, "Total Cost": 30000542055.32, "Plan Rows": 153594, "Plan Width": 44, "Sort Key": ["(count(DISTINCT partsupp.ps_suppkey)) DESC", "part.p_brand", "part.p_type", "part.p_size"], "Plans": [{"Node Type": "Aggregate", "Strategy": "Sorted", "Partial Mode": "Simple", "Parent Relationship": "Outer", "Parallel Aware": false, "Startup Cost": 30000531960.87, "Total Cost": 30000540903.36, "Plan Rows": 153594, "Plan Width": 44, "Group Key": ["part.p_brand", "part.p_type", "part.p_size"], "Plans": [{"Node Type": "Sort", "Parent Relationship": "Outer", "Parallel Aware": false, "Startup Cost": 30000531960.87, "Total Cost": 30000533442.18, "Plan Rows": 592524, "Plan Width": 40, "Sort Key": ["part.p_brand", "part.p_type", "part.p_size"], "Plans": [{"Node Type": "Merge Join", "Parent Relationship": "Outer", "Parallel Aware": false, "Join Type": "Inner", "Startup Cost": 30000003469.93, "Total Cost": 30000465656.65, "Plan Rows": 592524, "Plan Width": 40, "Inner Unique": true, "Merge Cond": "(partsupp.ps_partkey = part.p_partkey)", "Plans": [{"Node Type": "Index Scan", "Parent Relationship": "Outer", "Parallel Aware": false, "Scan Direction": "Forward", "Index Name": "idx_partsupp_partkey", "Relation Name": "partsupp", "Alias": "partsupp", "Startup Cost": 20000003466.46, "Total Cost": 20000341993.86, "Plan Rows": 3999800, "Plan Width": 8, "Filter": "(NOT (hashed SubPlan 1))", "Plans": [{"Node Type": "Seq Scan", "Parent Relationship": "SubPlan", "Subplan Name": "SubPlan 1", "Parallel Aware": false, "Relation Name": "supplier", "Alias": "supplier", "Startup Cost": 10000000000.0, "Total Cost": 10000003466.0, "Plan Rows": 10, "Plan Width": 4, "Filter": "((s_comment)::text ~~ '%Customer%Complaints%'::text)"}]}, {"Node Type": "Index Scan", "Parent Relationship": "Inner", "Parallel Aware": false, "Scan Direction": "Forward", "Index Name": "part_pkey", "Relation Name": "part", "Alias": "part", "Startup Cost": 10000000000.43, "Total Cost": 10000106998.23, "Plan Rows": 296277, "Plan Width": 40, "Filter": "((p_brand <> 'Brand#11'::bpchar) AND ((p_type)::text !~~ 'LARGE ANODIZED%'::text) AND (p_size = ANY ('{3,39,46,2,41,24,29,49}'::integer[])))"}]}]}]}]}]}}, {"Plan": {"Node Type": "Limit", "Parallel Aware": false, "Startup Cost": 20006674729.44, "Total Cost": 20006674729.44, "Plan Rows": 1, "Plan Width": 44, "Plans": [{"Node Type": "Sort", "Parent Relationship": "Outer", "Parallel Aware": false, "Startup Cost": 20006674729.44, "Total Cost": 20006675113.43, "Plan Rows": 153594, "Plan Width": 44, "Sort Key": ["(count(DISTINCT partsupp.ps_suppkey)) DESC", "part.p_brand", "part.p_type", "part.p_size"], "Plans": [{"Node Type": "Aggregate", "Strategy": "Sorted", "Partial Mode": "Simple", "Parent Relationship": "Outer", "Parallel Aware": false, "Startup Cost": 20006665018.98, "Total Cost": 20006673961.47, "Plan Rows": 153594, "Plan Width": 44, "Group Key": ["part.p_brand", "part.p_type", "part.p_size"], "Plans": [{"Node Type": "Sort", "Parent Relationship": "Outer", "Parallel Aware": false, "Startup Cost": 20006665018.98, "Total Cost": 20006666500.29, "Plan Rows": 592524, "Plan Width": 40, "Sort Key": ["part.p_brand", "part.p_type", "part.p_size"], "Plans": [{"Node Type": "Nested Loop", "Parent Relationship": "Outer", "Parallel Aware": false, "Join Type": "Inner", "Startup Cost": 20000003466.89, "Total Cost": 20006598714.76, "Plan Rows": 592524, "Plan Width": 40, "Inner Unique": true, "Plans": [{"Node Type": "Index Scan", "Parent Relationship": "Outer", "Parallel Aware": false, "Scan Direction": "Forward", "Index Name": "idx_partsupp_partkey", "Relation Name": "partsupp", "Alias": "partsupp", "Startup Cost": 20000003466.46, "Total Cost": 20000341993.86, "Plan Rows": 3999800, "Plan Width": 8, "Filter": "(NOT (hashed SubPlan 1))", "Plans": [{"Node Type": "Seq Scan", "Parent Relationship": "SubPlan", "Subplan Name": "SubPlan 1", "Parallel Aware": false, "Relation Name": "supplier", "Alias": "supplier", "Startup Cost": 10000000000.0, "Total Cost": 10000003466.0, "Plan Rows": 10, "Plan Width": 4, "Filter": "((s_comment)::text ~~ '%Customer%Complaints%'::text)"}]}, {"Node Type": "Bitmap Heap Scan", "Parent Relationship": "Inner", "Parallel Aware": false, "Relation Name": "part", "Alias": "part", "Startup Cost": 0.44, "Total Cost": 1.56, "Plan Rows": 1, "Plan Width": 40, "Recheck Cond": "(p_partkey = partsupp.ps_partkey)", "Filter": "((p_brand <> 'Brand#11'::bpchar) AND ((p_type)::text !~~ 'LARGE ANODIZED%'::text) AND (p_size = ANY ('{3,39,46,2,41,24,29,49}'::integer[])))", "Plans": [{"Node Type": "Bitmap Index Scan", "Parent Relationship": "Outer", "Parallel Aware": false, "Index Name": "part_pkey", "Startup Cost": 0.0, "Total Cost": 0.44, "Plan Rows": 1, "Plan Width": 0, "Index Cond": "(p_partkey = partsupp.ps_partkey)"}]}]}]}]}]}]}}, {"Plan": {"Node Type": "Limit", "Parallel Aware": false, "Startup Cost": 620144.12, "Total Cost": 620144.12, "Plan Rows": 1, "Plan Width": 44, "Plans": [{"Node Type": "Sort", "Parent Relationship": "Outer", "Parallel Aware": false, "Startup Cost": 620144.12, "Total Cost": 620528.11, "Plan Rows": 153594, "Plan Width": 44, "Sort Key": ["(count(DISTINCT partsupp.ps_suppkey)) DESC", "part.p_brand", "part.p_type", "part.p_size"], "Plans": [{"Node Type": "Aggregate", "Strategy": "Sorted", "Partial Mode": "Simple", "Parent Relationship": "Outer", "Parallel Aware": false, "Startup Cost": 610433.66, "Total Cost": 619376.15, "Plan Rows": 153594, "Plan Width": 44, "Group Key": ["part.p_brand", "part.p_type", "part.p_size"], "Plans": [{"Node Type": "Sort", "Parent Relationship": "Outer", "Parallel Aware": false, "Startup Cost": 610433.66, "Total Cost": 611914.97, "Plan Rows": 592524, "Plan Width": 40, "Sort Key": ["part.p_brand", "part.p_type", "part.p_size"], "Plans": [{"Node Type": "Gather", "Parent Relationship": "Outer", "Parallel Aware": false, "Startup Cost": 475033.06, "Total Cost": 544129.44, "Plan Rows": 592524, "Plan Width": 40, "Workers Planned": 3, "Single Copy": false, "Plans": [{"Node Type": "Merge Join", "Parent Relationship": "Outer", "Parallel Aware": false, "Join Type": "Inner", "Startup Cost": 474033.06, "Total Cost": 483877.04, "Plan Rows": 191137, "Plan Width": 40, "Inner Unique": true, "Merge Cond": "(partsupp.ps_partkey = part.p_partkey)", "Plans": [{"Node Type": "Sort", "Parent Relationship": "Outer", "Parallel Aware": false, "Startup Cost": 351398.73, "Total Cost": 354624.38, "Plan Rows": 1290258, "Plan Width": 8, "Sort Key": ["partsupp.ps_partkey"], "Plans": [{"Node Type": "Seq Scan", "Parent Relationship": "Outer", "Parallel Aware": true, "Relation Name": "partsupp", "Alias": "partsupp", "Startup Cost": 3466.03, "Total Cost": 210108.48, "Plan Rows": 1290258, "Plan Width": 8, "Filter": "(NOT (hashed SubPlan 1))", "Plans": [{"Node Type": "Seq Scan", "Parent Relationship": "SubPlan", "Subplan Name": "SubPlan 1", "Parallel Aware": false, "Relation Name": "supplier", "Alias": "supplier", "Startup Cost": 0.0, "Total Cost": 3466.0, "Plan Rows": 10, "Plan Width": 4, "Filter": "((s_comment)::text ~~ '%Customer%Complaints%'::text)"}]}]}, {"Node Type": "Sort", "Parent Relationship": "Inner", "Parallel Aware": false, "Startup Cost": 122634.27, "Total Cost": 123374.97, "Plan Rows": 296277, "Plan Width": 40, "Sort Key": ["part.p_partkey"], "Plans": [{"Node Type": "Seq Scan", "Parent Relationship": "Outer", "Parallel Aware": false, "Relation Name": "part", "Alias": "part", "Startup Cost": 0.0, "Total Cost": 90962.0, "Plan Rows": 296277, "Plan Width": 40, "Filter": "((p_brand <> 'Brand#11'::bpchar) AND ((p_type)::text !~~ 'LARGE ANODIZED%'::text) AND (p_size = ANY ('{3,39,46,2,41,24,29,49}'::integer[])))"}]}]}]}]}]}]}]}}, {"Plan": {"Node Type": "Limit", "Parallel Aware": false, "Startup Cost": 620144.12, "Total Cost": 620144.12, "Plan Rows": 1, "Plan Width": 44, "Plans": [{"Node Type": "Sort", "Parent Relationship": "Outer", "Parallel Aware": false, "Startup Cost": 620144.12, "Total Cost": 620528.11, "Plan Rows": 153594, "Plan Width": 44, "Sort Key": ["(count(DISTINCT partsupp.ps_suppkey)) DESC", "part.p_brand", "part.p_type", "part.p_size"], "Plans": [{"Node Type": "Aggregate", "Strategy": "Sorted", "Partial Mode": "Simple", "Parent Relationship": "Outer", "Parallel Aware": false, "Startup Cost": 610433.66, "Total Cost": 619376.15, "Plan Rows": 153594, "Plan Width": 44, "Group Key": ["part.p_brand", "part.p_type", "part.p_size"], "Plans": [{"Node Type": "Sort", "Parent Relationship": "Outer", "Parallel Aware": false, "Startup Cost": 610433.66, "Total Cost": 611914.97, "Plan Rows": 592524, "Plan Width": 40, "Sort Key": ["part.p_brand", "part.p_type", "part.p_size"], "Plans": [{"Node Type": "Gather", "Parent Relationship": "Outer", "Parallel Aware": false, "Startup Cost": 475033.06, "Total Cost": 544129.44, "Plan Rows": 592524, "Plan Width": 40, "Workers Planned": 3, "Single Copy": false, "Plans": [{"Node Type": "Merge Join", "Parent Relationship": "Outer", "Parallel Aware": false, "Join Type": "Inner", "Startup Cost": 474033.06, "Total Cost": 483877.04, "Plan Rows": 191137, "Plan Width": 40, "Inner Unique": true, "Merge Cond": "(partsupp.ps_partkey = part.p_partkey)", "Plans": [{"Node Type": "Sort", "Parent Relationship": "Outer", "Parallel Aware": false, "Startup Cost": 351398.73, "Total Cost": 354624.38, "Plan Rows": 1290258, "Plan Width": 8, "Sort Key": ["partsupp.ps_partkey"], "Plans": [{"Node Type": "Seq Scan", "Parent Relationship": "Outer", "Parallel Aware": true, "Relation Name": "partsupp", "Alias": "partsupp", "Startup Cost": 3466.03, "Total Cost": 210108.48, "Plan Rows": 1290258, "Plan Width": 8, "Filter": "(NOT (hashed SubPlan 1))", "Plans": [{"Node Type": "Seq Scan", "Parent Relationship": "SubPlan", "Subplan Name": "SubPlan 1", "Parallel Aware": false, "Relation Name": "supplier", "Alias": "supplier", "Startup Cost": 0.0, "Total Cost": 3466.0, "Plan Rows": 10, "Plan Width": 4, "Filter": "((s_comment)::text ~~ '%Customer%Complaints%'::text)"}]}]}, {"Node Type": "Sort", "Parent Relationship": "Inner", "Parallel Aware": false, "Startup Cost": 122634.27, "Total Cost": 123374.97, "Plan Rows": 296277, "Plan Width": 40, "Sort Key": ["part.p_partkey"], "Plans": [{"Node Type": "Seq Scan", "Parent Relationship": "Outer", "Parallel Aware": false, "Relation Name": "part", "Alias": "part", "Startup Cost": 0.0, "Total Cost": 90962.0, "Plan Rows": 296277, "Plan Width": 40, "Filter": "((p_brand <> 'Brand#11'::bpchar) AND ((p_type)::text !~~ 'LARGE ANODIZED%'::text) AND (p_size = ANY ('{3,39,46,2,41,24,29,49}'::integer[])))"}]}]}]}]}]}]}]}}, {"Plan": {"Node Type": "Limit", "Parallel Aware": false, "Startup Cost": 20006674729.44, "Total Cost": 20006674729.44, "Plan Rows": 1, "Plan Width": 44, "Plans": [{"Node Type": "Sort", "Parent Relationship": "Outer", "Parallel Aware": false, "Startup Cost": 20006674729.44, "Total Cost": 20006675113.43, "Plan Rows": 153594, "Plan Width": 44, "Sort Key": ["(count(DISTINCT partsupp.ps_suppkey)) DESC", "part.p_brand", "part.p_type", "part.p_size"], "Plans": [{"Node Type": "Aggregate", "Strategy": "Sorted", "Partial Mode": "Simple", "Parent Relationship": "Outer", "Parallel Aware": false, "Startup Cost": 20006665018.98, "Total Cost": 20006673961.47, "Plan Rows": 153594, "Plan Width": 44, "Group Key": ["part.p_brand", "part.p_type", "part.p_size"], "Plans": [{"Node Type": "Sort", "Parent Relationship": "Outer", "Parallel Aware": false, "Startup Cost": 20006665018.98, "Total Cost": 20006666500.29, "Plan Rows": 592524, "Plan Width": 40, "Sort Key": ["part.p_brand", "part.p_type", "part.p_size"], "Plans": [{"Node Type": "Nested Loop", "Parent Relationship": "Outer", "Parallel Aware": false, "Join Type": "Inner", "Startup Cost": 20000003466.89, "Total Cost": 20006598714.76, "Plan Rows": 592524, "Plan Width": 40, "Inner Unique": true, "Plans": [{"Node Type": "Index Scan", "Parent Relationship": "Outer", "Parallel Aware": false, "Scan Direction": "Forward", "Index Name": "idx_partsupp_partkey", "Relation Name": "partsupp", "Alias": "partsupp", "Startup Cost": 20000003466.46, "Total Cost": 20000341993.86, "Plan Rows": 3999800, "Plan Width": 8, "Filter": "(NOT (hashed SubPlan 1))", "Plans": [{"Node Type": "Seq Scan", "Parent Relationship": "SubPlan", "Subplan Name": "SubPlan 1", "Parallel Aware": false, "Relation Name": "supplier", "Alias": "supplier", "Startup Cost": 10000000000.0, "Total Cost": 10000003466.0, "Plan Rows": 10, "Plan Width": 4, "Filter": "((s_comment)::text ~~ '%Customer%Complaints%'::text)"}]}, {"Node Type": "Bitmap Heap Scan", "Parent Relationship": "Inner", "Parallel Aware": false, "Relation Name": "part", "Alias": "part", "Startup Cost": 0.44, "Total Cost": 1.56, "Plan Rows": 1, "Plan Width": 40, "Recheck Cond": "(p_partkey = partsupp.ps_partkey)", "Filter": "((p_brand <> 'Brand#11'::bpchar) AND ((p_type)::text !~~ 'LARGE ANODIZED%'::text) AND (p_size = ANY ('{3,39,46,2,41,24,29,49}'::integer[])))", "Plans": [{"Node Type": "Bitmap Index Scan", "Parent Relationship": "Outer", "Parallel Aware": false, "Index Name": "part_pkey", "Startup Cost": 0.0, "Total Cost": 0.44, "Plan Rows": 1, "Plan Width": 0, "Index Cond": "(p_partkey = partsupp.ps_partkey)"}]}]}]}]}]}]}}, {"Plan": {"Node Type": "Limit", "Parallel Aware": false, "Startup Cost": 2364672.12, "Total Cost": 2364672.13, "Plan Rows": 1, "Plan Width": 44, "Plans": [{"Node Type": "Sort", "Parent Relationship": "Outer", "Parallel Aware": false, "Startup Cost": 2364672.12, "Total Cost": 2365056.11, "Plan Rows": 153594, "Plan Width": 44, "Sort Key": ["(count(DISTINCT partsupp.ps_suppkey)) DESC", "part.p_brand", "part.p_type", "part.p_size"], "Plans": [{"Node Type": "Aggregate", "Strategy": "Sorted", "Partial Mode": "Simple", "Parent Relationship": "Outer", "Parallel Aware": false, "Startup Cost": 2354961.66, "Total Cost": 2363904.15, "Plan Rows": 153594, "Plan Width": 44, "Group Key": ["part.p_brand", "part.p_type", "part.p_size"], "Plans": [{"Node Type": "Sort", "Parent Relationship": "Outer", "Parallel Aware": false, "Startup Cost": 2354961.66, "Total Cost": 2356442.97, "Plan Rows": 592524, "Plan Width": 40, "Sort Key": ["part.p_brand", "part.p_type", "part.p_size"], "Plans": [{"Node Type": "Gather", "Parent Relationship": "Outer", "Parallel Aware": false, "Startup Cost": 4466.46, "Total Cost": 2288657.44, "Plan Rows": 592524, "Plan Width": 40, "Workers Planned": 3, "Single Copy": false, "Plans": [{"Node Type": "Nested Loop", "Parent Relationship": "Outer", "Parallel Aware": false, "Join Type": "Inner", "Startup Cost": 3466.46, "Total Cost": 2228405.04, "Plan Rows": 191137, "Plan Width": 40, "Inner Unique": true, "Plans": [{"Node Type": "Seq Scan", "Parent Relationship": "Outer", "Parallel Aware": true, "Relation Name": "partsupp", "Alias": "partsupp", "Startup Cost": 3466.03, "Total Cost": 210108.48, "Plan Rows": 1290258, "Plan Width": 8, "Filter": "(NOT (hashed SubPlan 1))", "Plans": [{"Node Type": "Seq Scan", "Parent Relationship": "SubPlan", "Subplan Name": "SubPlan 1", "Parallel Aware": false, "Relation Name": "supplier", "Alias": "supplier", "Startup Cost": 0.0, "Total Cost": 3466.0, "Plan Rows": 10, "Plan Width": 4, "Filter": "((s_comment)::text ~~ '%Customer%Complaints%'::text)"}]}, {"Node Type": "Bitmap Heap Scan", "Parent Relationship": "Inner", "Parallel Aware": false, "Relation Name": "part", "Alias": "part", "Startup Cost": 0.44, "Total Cost": 1.56, "Plan Rows": 1, "Plan Width": 40, "Recheck Cond": "(p_partkey = partsupp.ps_partkey)", "Filter": "((p_brand <> 'Brand#11'::bpchar) AND ((p_type)::text !~~ 'LARGE ANODIZED%'::text) AND (p_size = ANY ('{3,39,46,2,41,24,29,49}'::integer[])))", "Plans": [{"Node Type": "Bitmap Index Scan", "Parent Relationship": "Outer", "Parallel Aware": false, "Index Name": "part_pkey", "Startup Cost": 0.0, "Total Cost": 0.44, "Plan Rows": 1, "Plan Width": 0, "Index Cond": "(p_partkey = partsupp.ps_partkey)"}]}]}]}]}]}]}]}}, {"Plan": {"Node Type": "Limit", "Parallel Aware": false, "Startup Cost": 10000541671.33, "Total Cost": 10000541671.34, "Plan Rows": 1, "Plan Width": 44, "Plans": [{"Node Type": "Sort", "Parent Relationship": "Outer", "Parallel Aware": false, "Startup Cost": 10000541671.33, "Total Cost": 10000542055.32, "Plan Rows": 153594, "Plan Width": 44, "Sort Key": ["(count(DISTINCT partsupp.ps_suppkey)) DESC", "part.p_brand", "part.p_type", "part.p_size"], "Plans": [{"Node Type": "Aggregate", "Strategy": "Sorted", "Partial Mode": "Simple", "Parent Relationship": "Outer", "Parallel Aware": false, "Startup Cost": 10000531960.87, "Total Cost": 10000540903.36, "Plan Rows": 153594, "Plan Width": 44, "Group Key": ["part.p_brand", "part.p_type", "part.p_size"], "Plans": [{"Node Type": "Sort", "Parent Relationship": "Outer", "Parallel Aware": false, "Startup Cost": 10000531960.87, "Total Cost": 10000533442.18, "Plan Rows": 592524, "Plan Width": 40, "Sort Key": ["part.p_brand", "part.p_type", "part.p_size"], "Plans": [{"Node Type": "Merge Join", "Parent Relationship": "Outer", "Parallel Aware": false, "Join Type": "Inner", "Startup Cost": 10000003469.93, "Total Cost": 10000465656.65, "Plan Rows": 592524, "Plan Width": 40, "Inner Unique": true, "Merge Cond": "(partsupp.ps_partkey = part.p_partkey)", "Plans": [{"Node Type": "Index Scan", "Parent Relationship": "Outer", "Parallel Aware": false, "Scan Direction": "Forward", "Index Name": "idx_partsupp_partkey", "Relation Name": "partsupp", "Alias": "partsupp", "Startup Cost": 10000003466.46, "Total Cost": 10000341993.86, "Plan Rows": 3999800, "Plan Width": 8, "Filter": "(NOT (hashed SubPlan 1))", "Plans": [{"Node Type": "Seq Scan", "Parent Relationship": "SubPlan", "Subplan Name": "SubPlan 1", "Parallel Aware": false, "Relation Name": "supplier", "Alias": "supplier", "Startup Cost": 10000000000.0, "Total Cost": 10000003466.0, "Plan Rows": 10, "Plan Width": 4, "Filter": "((s_comment)::text ~~ '%Customer%Complaints%'::text)"}]}, {"Node Type": "Index Scan", "Parent Relationship": "Inner", "Parallel Aware": false, "Scan Direction": "Forward", "Index Name": "part_pkey", "Relation Name": "part", "Alias": "part", "Startup Cost": 0.43, "Total Cost": 106998.23, "Plan Rows": 296277, "Plan Width": 40, "Filter": "((p_brand <> 'Brand#11'::bpchar) AND ((p_type)::text !~~ 'LARGE ANODIZED%'::text) AND (p_size = ANY ('{3,39,46,2,41,24,29,49}'::integer[])))"}]}]}]}]}]}}, {"Plan": {"Node Type": "Limit", "Parallel Aware": false, "Startup Cost": 10002309010.36, "Total Cost": 10002309010.36, "Plan Rows": 1, "Plan Width": 44, "Plans": [{"Node Type": "Sort", "Parent Relationship": "Outer", "Parallel Aware": false, "Startup Cost": 10002309010.36, "Total Cost": 10002309394.34, "Plan Rows": 153594, "Plan Width": 44, "Sort Key": ["(count(DISTINCT partsupp.ps_suppkey)) DESC", "part.p_brand", "part.p_type", "part.p_size"], "Plans": [{"Node Type": "Aggregate", "Strategy": "Sorted", "Partial Mode": "Simple", "Parent Relationship": "Outer", "Parallel Aware": false, "Startup Cost": 10002299299.9, "Total Cost": 10002308242.39, "Plan Rows": 153594, "Plan Width": 44, "Group Key": ["part.p_brand", "part.p_type", "part.p_size"], "Plans": [{"Node Type": "Sort", "Parent Relationship": "Outer", "Parallel Aware": false, "Startup Cost": 10002299299.9, "Total Cost": 10002300781.21, "Plan Rows": 592524, "Plan Width": 40, "Sort Key": ["part.p_brand", "part.p_type", "part.p_size"], "Plans": [{"Node Type": "Nested Loop", "Parent Relationship": "Outer", "Parallel Aware": false, "Join Type": "Inner", "Startup Cost": 10000003466.89, "Total Cost": 10002232995.67, "Plan Rows": 592524, "Plan Width": 40, "Inner Unique": true, "Plans": [{"Node Type": "Index Scan", "Parent Relationship": "Outer", "Parallel Aware": false, "Scan Direction": "Forward", "Index Name": "idx_partsupp_partkey", "Relation Name": "partsupp", "Alias": "partsupp", "Startup Cost": 10000003466.46, "Total Cost": 10000341993.86, "Plan Rows": 3999800, "Plan Width": 8, "Filter": "(NOT (hashed SubPlan 1))", "Plans": [{"Node Type": "Seq Scan", "Parent Relationship": "SubPlan", "Subplan Name": "SubPlan 1", "Parallel Aware": false, "Relation Name": "supplier", "Alias": "supplier", "Startup Cost": 10000000000.0, "Total Cost": 10000003466.0, "Plan Rows": 10, "Plan Width": 4, "Filter": "((s_comment)::text ~~ '%Customer%Complaints%'::text)"}]}, {"Node Type": "Index Scan", "Parent Relationship": "Inner", "Parallel Aware": false, "Scan Direction": "Forward", "Index Name": "part_pkey", "Relation Name": "part", "Alias": "part", "Startup Cost": 0.43, "Total Cost": 0.47, "Plan Rows": 1, "Plan Width": 40, "Index Cond": "(p_partkey = partsupp.ps_partkey)", "Filter": "((p_brand <> 'Brand#11'::bpchar) AND ((p_type)::text !~~ 'LARGE ANODIZED%'::text) AND (p_size = ANY ('{3,39,46,2,41,24,29,49}'::integer[])))"}]}]}]}]}]}}, {"Plan": {"Node Type": "Limit", "Parallel Aware": false, "Startup Cost": 523397.7, "Total Cost": 523397.7, "Plan Rows": 1, "Plan Width": 44, "Plans": [{"Node Type": "Sort", "Parent Relationship": "Outer", "Parallel Aware": false, "Startup Cost": 523397.7, "Total Cost": 523781.68, "Plan Rows": 153594, "Plan Width": 44, "Sort Key": ["(count(DISTINCT partsupp.ps_suppkey)) DESC", "part.p_brand", "part.p_type", "part.p_size"], "Plans": [{"Node Type": "Aggregate", "Strategy": "Sorted", "Partial Mode": "Simple", "Parent Relationship": "Outer", "Parallel Aware": false, "Startup Cost": 513687.24, "Total Cost": 522629.73, "Plan Rows": 153594, "Plan Width": 44, "Group Key": ["part.p_brand", "part.p_type", "part.p_size"], "Plans": [{"Node Type": "Sort", "Parent Relationship": "Outer", "Parallel Aware": false, "Startup Cost": 513687.24, "Total Cost": 515168.55, "Plan Rows": 592524, "Plan Width": 40, "Sort Key": ["part.p_brand", "part.p_type", "part.p_size"], "Plans": [{"Node Type": "Gather", "Parent Relationship": "Outer", "Parallel Aware": false, "Startup Cost": 4469.22, "Total Cost": 447383.01, "Plan Rows": 592524, "Plan Width": 40, "Workers Planned": 3, "Single Copy": false, "Plans": [{"Node Type": "Merge Join", "Parent Relationship": "Outer", "Parallel Aware": false, "Join Type": "Inner", "Startup Cost": 3469.22, "Total Cost": 387130.61, "Plan Rows": 191137, "Plan Width": 40, "Inner Unique": true, "Merge Cond": "(partsupp.ps_partkey = part.p_partkey)", "Plans": [{"Node Type": "Index Scan", "Parent Relationship": "Outer", "Parallel Aware": true, "Scan Direction": "Forward", "Index Name": "idx_partsupp_partkey", "Relation Name": "partsupp", "Alias": "partsupp", "Startup Cost": 3466.46, "Total Cost": 274255.31, "Plan Rows": 1290258, "Plan Width": 8, "Filter": "(NOT (hashed SubPlan 1))", "Plans": [{"Node Type": "Seq Scan", "Parent Relationship": "SubPlan", "Subplan Name": "SubPlan 1", "Parallel Aware": false, "Relation Name": "supplier", "Alias": "supplier", "Startup Cost": 0.0, "Total Cost": 3466.0, "Plan Rows": 10, "Plan Width": 4, "Filter": "((s_comment)::text ~~ '%Customer%Complaints%'::text)"}]}, {"Node Type": "Index Scan", "Parent Relationship": "Inner", "Parallel Aware": false, "Scan Direction": "Forward", "Index Name": "part_pkey", "Relation Name": "part", "Alias": "part", "Startup Cost": 0.43, "Total Cost": 106998.23, "Plan Rows": 296277, "Plan Width": 40, "Filter": "((p_brand <> 'Brand#11'::bpchar) AND ((p_type)::text !~~ 'LARGE ANODIZED%'::text) AND (p_size = ANY ('{3,39,46,2,41,24,29,49}'::integer[])))"}]}]}]}]}]}]}}, {"Plan": {"Node Type": "Limit", "Parallel Aware": false, "Startup Cost": 523397.7, "Total Cost": 523397.7, "Plan Rows": 1, "Plan Width": 44, "Plans": [{"Node Type": "Sort", "Parent Relationship": "Outer", "Parallel Aware": false, "Startup Cost": 523397.7, "Total Cost": 523781.68, "Plan Rows": 153594, "Plan Width": 44, "Sort Key": ["(count(DISTINCT partsupp.ps_suppkey)) DESC", "part.p_brand", "part.p_type", "part.p_size"], "Plans": [{"Node Type": "Aggregate", "Strategy": "Sorted", "Partial Mode": "Simple", "Parent Relationship": "Outer", "Parallel Aware": false, "Startup Cost": 513687.24, "Total Cost": 522629.73, "Plan Rows": 153594, "Plan Width": 44, "Group Key": ["part.p_brand", "part.p_type", "part.p_size"], "Plans": [{"Node Type": "Sort", "Parent Relationship": "Outer", "Parallel Aware": false, "Startup Cost": 513687.24, "Total Cost": 515168.55, "Plan Rows": 592524, "Plan Width": 40, "Sort Key": ["part.p_brand", "part.p_type", "part.p_size"], "Plans": [{"Node Type": "Gather", "Parent Relationship": "Outer", "Parallel Aware": false, "Startup Cost": 4469.22, "Total Cost": 447383.01, "Plan Rows": 592524, "Plan Width": 40, "Workers Planned": 3, "Single Copy": false, "Plans": [{"Node Type": "Merge Join", "Parent Relationship": "Outer", "Parallel Aware": false, "Join Type": "Inner", "Startup Cost": 3469.22, "Total Cost": 387130.61, "Plan Rows": 191137, "Plan Width": 40, "Inner Unique": true, "Merge Cond": "(partsupp.ps_partkey = part.p_partkey)", "Plans": [{"Node Type": "Index Scan", "Parent Relationship": "Outer", "Parallel Aware": true, "Scan Direction": "Forward", "Index Name": "idx_partsupp_partkey", "Relation Name": "partsupp", "Alias": "partsupp", "Startup Cost": 3466.46, "Total Cost": 274255.31, "Plan Rows": 1290258, "Plan Width": 8, "Filter": "(NOT (hashed SubPlan 1))", "Plans": [{"Node Type": "Seq Scan", "Parent Relationship": "SubPlan", "Subplan Name": "SubPlan 1", "Parallel Aware": false, "Relation Name": "supplier", "Alias": "supplier", "Startup Cost": 0.0, "Total Cost": 3466.0, "Plan Rows": 10, "Plan Width": 4, "Filter": "((s_comment)::text ~~ '%Customer%Complaints%'::text)"}]}, {"Node Type": "Index Scan", "Parent Relationship": "Inner", "Parallel Aware": false, "Scan Direction": "Forward", "Index Name": "part_pkey", "Relation Name": "part", "Alias": "part", "Startup Cost": 0.43, "Total Cost": 106998.23, "Plan Rows": 296277, "Plan Width": 40, "Filter": "((p_brand <> 'Brand#11'::bpchar) AND ((p_type)::text !~~ 'LARGE ANODIZED%'::text) AND (p_size = ANY ('{3,39,46,2,41,24,29,49}'::integer[])))"}]}]}]}]}]}]}}, {"Plan": {"Node Type": "Limit", "Parallel Aware": false, "Startup Cost": 10002309010.36, "Total Cost": 10002309010.36, "Plan Rows": 1, "Plan Width": 44, "Plans": [{"Node Type": "Sort", "Parent Relationship": "Outer", "Parallel Aware": false, "Startup Cost": 10002309010.36, "Total Cost": 10002309394.34, "Plan Rows": 153594, "Plan Width": 44, "Sort Key": ["(count(DISTINCT partsupp.ps_suppkey)) DESC", "part.p_brand", "part.p_type", "part.p_size"], "Plans": [{"Node Type": "Aggregate", "Strategy": "Sorted", "Partial Mode": "Simple", "Parent Relationship": "Outer", "Parallel Aware": false, "Startup Cost": 10002299299.9, "Total Cost": 10002308242.39, "Plan Rows": 153594, "Plan Width": 44, "Group Key": ["part.p_brand", "part.p_type", "part.p_size"], "Plans": [{"Node Type": "Sort", "Parent Relationship": "Outer", "Parallel Aware": false, "Startup Cost": 10002299299.9, "Total Cost": 10002300781.21, "Plan Rows": 592524, "Plan Width": 40, "Sort Key": ["part.p_brand", "part.p_type", "part.p_size"], "Plans": [{"Node Type": "Nested Loop", "Parent Relationship": "Outer", "Parallel Aware": false, "Join Type": "Inner", "Startup Cost": 10000003466.89, "Total Cost": 10002232995.67, "Plan Rows": 592524, "Plan Width": 40, "Inner Unique": true, "Plans": [{"Node Type": "Index Scan", "Parent Relationship": "Outer", "Parallel Aware": false, "Scan Direction": "Forward", "Index Name": "idx_partsupp_partkey", "Relation Name": "partsupp", "Alias": "partsupp", "Startup Cost": 10000003466.46, "Total Cost": 10000341993.86, "Plan Rows": 3999800, "Plan Width": 8, "Filter": "(NOT (hashed SubPlan 1))", "Plans": [{"Node Type": "Seq Scan", "Parent Relationship": "SubPlan", "Subplan Name": "SubPlan 1", "Parallel Aware": false, "Relation Name": "supplier", "Alias": "supplier", "Startup Cost": 10000000000.0, "Total Cost": 10000003466.0, "Plan Rows": 10, "Plan Width": 4, "Filter": "((s_comment)::text ~~ '%Customer%Complaints%'::text)"}]}, {"Node Type": "Index Scan", "Parent Relationship": "Inner", "Parallel Aware": false, "Scan Direction": "Forward", "Index Name": "part_pkey", "Relation Name": "part", "Alias": "part", "Startup Cost": 0.43, "Total Cost": 0.47, "Plan Rows": 1, "Plan Width": 40, "Index Cond": "(p_partkey = partsupp.ps_partkey)", "Filter": "((p_brand <> 'Brand#11'::bpchar) AND ((p_type)::text !~~ 'LARGE ANODIZED%'::text) AND (p_size = ANY ('{3,39,46,2,41,24,29,49}'::integer[])))"}]}]}]}]}]}}, {"Plan": {"Node Type": "Limit", "Parallel Aware": false, "Startup Cost": 956376.1, "Total Cost": 956376.1, "Plan Rows": 1, "Plan Width": 44, "Plans": [{"Node Type": "Sort", "Parent Relationship": "Outer", "Parallel Aware": false, "Startup Cost": 956376.1, "Total Cost": 956760.08, "Plan Rows": 153594, "Plan Width": 44, "Sort Key": ["(count(DISTINCT partsupp.ps_suppkey)) DESC", "part.p_brand", "part.p_type", "part.p_size"], "Plans": [{"Node Type": "Aggregate", "Strategy": "Sorted", "Partial Mode": "Simple", "Parent Relationship": "Outer", "Parallel Aware": false, "Startup Cost": 946665.64, "Total Cost": 955608.13, "Plan Rows": 153594, "Plan Width": 44, "Group Key": ["part.p_brand", "part.p_type", "part.p_size"], "Plans": [{"Node Type": "Sort", "Parent Relationship": "Outer", "Parallel Aware": false, "Startup Cost": 946665.64, "Total Cost": 948146.95, "Plan Rows": 592524, "Plan Width": 40, "Sort Key": ["part.p_brand", "part.p_type", "part.p_size"], "Plans": [{"Node Type": "Gather", "Parent Relationship": "Outer", "Parallel Aware": false, "Startup Cost": 4466.45, "Total Cost": 880361.41, "Plan Rows": 592524, "Plan Width": 40, "Workers Planned": 3, "Single Copy": false, "Plans": [{"Node Type": "Nested Loop", "Parent Relationship": "Outer", "Parallel Aware": false, "Join Type": "Inner", "Startup Cost": 3466.45, "Total Cost": 820109.01, "Plan Rows": 191137, "Plan Width": 40, "Inner Unique": true, "Plans": [{"Node Type": "Seq Scan", "Parent Relationship": "Outer", "Parallel Aware": true, "Relation Name": "partsupp", "Alias": "partsupp", "Startup Cost": 3466.03, "Total Cost": 210108.48, "Plan Rows": 1290258, "Plan Width": 8, "Filter": "(NOT (hashed SubPlan 1))", "Plans": [{"Node Type": "Seq Scan", "Parent Relationship": "SubPlan", "Subplan Name": "SubPlan 1", "Parallel Aware": false, "Relation Name": "supplier", "Alias": "supplier", "Startup Cost": 0.0, "Total Cost": 3466.0, "Plan Rows": 10, "Plan Width": 4, "Filter": "((s_comment)::text ~~ '%Customer%Complaints%'::text)"}]}, {"Node Type": "Index Scan", "Parent Relationship": "Inner", "Parallel Aware": false, "Scan Direction": "Forward", "Index Name": "part_pkey", "Relation Name": "part", "Alias": "part", "Startup Cost": 0.43, "Total Cost": 0.47, "Plan Rows": 1, "Plan Width": 40, "Index Cond": "(p_partkey = partsupp.ps_partkey)", "Filter": "((p_brand <> 'Brand#11'::bpchar) AND ((p_type)::text !~~ 'LARGE ANODIZED%'::text) AND (p_size = ANY ('{3,39,46,2,41,24,29,49}'::integer[])))"}]}]}]}]}]}]}}, {"Plan": {"Node Type": "Limit", "Parallel Aware": false, "Startup Cost": 620144.12, "Total Cost": 620144.12, "Plan Rows": 1, "Plan Width": 44, "Plans": [{"Node Type": "Sort", "Parent Relationship": "Outer", "Parallel Aware": false, "Startup Cost": 620144.12, "Total Cost": 620528.11, "Plan Rows": 153594, "Plan Width": 44, "Sort Key": ["(count(DISTINCT partsupp.ps_suppkey)) DESC", "part.p_brand", "part.p_type", "part.p_size"], "Plans": [{"Node Type": "Aggregate", "Strategy": "Sorted", "Partial Mode": "Simple", "Parent Relationship": "Outer", "Parallel Aware": false, "Startup Cost": 610433.66, "Total Cost": 619376.15, "Plan Rows": 153594, "Plan Width": 44, "Group Key": ["part.p_brand", "part.p_type", "part.p_size"], "Plans": [{"Node Type": "Sort", "Parent Relationship": "Outer", "Parallel Aware": false, "Startup Cost": 610433.66, "Total Cost": 611914.97, "Plan Rows": 592524, "Plan Width": 40, "Sort Key": ["part.p_brand", "part.p_type", "part.p_size"], "Plans": [{"Node Type": "Gather", "Parent Relationship": "Outer", "Parallel Aware": false, "Startup Cost": 475033.06, "Total Cost": 544129.44, "Plan Rows": 592524, "Plan Width": 40, "Workers Planned": 3, "Single Copy": false, "Plans": [{"Node Type": "Merge Join", "Parent Relationship": "Outer", "Parallel Aware": false, "Join Type": "Inner", "Startup Cost": 474033.06, "Total Cost": 483877.04, "Plan Rows": 191137, "Plan Width": 40, "Inner Unique": true, "Merge Cond": "(partsupp.ps_partkey = part.p_partkey)", "Plans": [{"Node Type": "Sort", "Parent Relationship": "Outer", "Parallel Aware": false, "Startup Cost": 351398.73, "Total Cost": 354624.38, "Plan Rows": 1290258, "Plan Width": 8, "Sort Key": ["partsupp.ps_partkey"], "Plans": [{"Node Type": "Seq Scan", "Parent Relationship": "Outer", "Parallel Aware": true, "Relation Name": "partsupp", "Alias": "partsupp", "Startup Cost": 3466.03, "Total Cost": 210108.48, "Plan Rows": 1290258, "Plan Width": 8, "Filter": "(NOT (hashed SubPlan 1))", "Plans": [{"Node Type": "Seq Scan", "Parent Relationship": "SubPlan", "Subplan Name": "SubPlan 1", "Parallel Aware": false, "Relation Name": "supplier", "Alias": "supplier", "Startup Cost": 0.0, "Total Cost": 3466.0, "Plan Rows": 10, "Plan Width": 4, "Filter": "((s_comment)::text ~~ '%Customer%Complaints%'::text)"}]}]}, {"Node Type": "Sort", "Parent Relationship": "Inner", "Parallel Aware": false, "Startup Cost": 122634.27, "Total Cost": 123374.97, "Plan Rows": 296277, "Plan Width": 40, "Sort Key": ["part.p_partkey"], "Plans": [{"Node Type": "Seq Scan", "Parent Relationship": "Outer", "Parallel Aware": false, "Relation Name": "part", "Alias": "part", "Startup Cost": 0.0, "Total Cost": 90962.0, "Plan Rows": 296277, "Plan Width": 40, "Filter": "((p_brand <> 'Brand#11'::bpchar) AND ((p_type)::text !~~ 'LARGE ANODIZED%'::text) AND (p_size = ANY ('{3,39,46,2,41,24,29,49}'::integer[])))"}]}]}]}]}]}]}]}}, {"Plan": {"Node Type": "Limit", "Parallel Aware": false, "Startup Cost": 620144.12, "Total Cost": 620144.12, "Plan Rows": 1, "Plan Width": 44, "Plans": [{"Node Type": "Sort", "Parent Relationship": "Outer", "Parallel Aware": false, "Startup Cost": 620144.12, "Total Cost": 620528.11, "Plan Rows": 153594, "Plan Width": 44, "Sort Key": ["(count(DISTINCT partsupp.ps_suppkey)) DESC", "part.p_brand", "part.p_type", "part.p_size"], "Plans": [{"Node Type": "Aggregate", "Strategy": "Sorted", "Partial Mode": "Simple", "Parent Relationship": "Outer", "Parallel Aware": false, "Startup Cost": 610433.66, "Total Cost": 619376.15, "Plan Rows": 153594, "Plan Width": 44, "Group Key": ["part.p_brand", "part.p_type", "part.p_size"], "Plans": [{"Node Type": "Sort", "Parent Relationship": "Outer", "Parallel Aware": false, "Startup Cost": 610433.66, "Total Cost": 611914.97, "Plan Rows": 592524, "Plan Width": 40, "Sort Key": ["part.p_brand", "part.p_type", "part.p_size"], "Plans": [{"Node Type": "Gather", "Parent Relationship": "Outer", "Parallel Aware": false, "Startup Cost": 475033.06, "Total Cost": 544129.44, "Plan Rows": 592524, "Plan Width": 40, "Workers Planned": 3, "Single Copy": false, "Plans": [{"Node Type": "Merge Join", "Parent Relationship": "Outer", "Parallel Aware": false, "Join Type": "Inner", "Startup Cost": 474033.06, "Total Cost": 483877.04, "Plan Rows": 191137, "Plan Width": 40, "Inner Unique": true, "Merge Cond": "(partsupp.ps_partkey = part.p_partkey)", "Plans": [{"Node Type": "Sort", "Parent Relationship": "Outer", "Parallel Aware": false, "Startup Cost": 351398.73, "Total Cost": 354624.38, "Plan Rows": 1290258, "Plan Width": 8, "Sort Key": ["partsupp.ps_partkey"], "Plans": [{"Node Type": "Seq Scan", "Parent Relationship": "Outer", "Parallel Aware": true, "Relation Name": "partsupp", "Alias": "partsupp", "Startup Cost": 3466.03, "Total Cost": 210108.48, "Plan Rows": 1290258, "Plan Width": 8, "Filter": "(NOT (hashed SubPlan 1))", "Plans": [{"Node Type": "Seq Scan", "Parent Relationship": "SubPlan", "Subplan Name": "SubPlan 1", "Parallel Aware": false, "Relation Name": "supplier", "Alias": "supplier", "Startup Cost": 0.0, "Total Cost": 3466.0, "Plan Rows": 10, "Plan Width": 4, "Filter": "((s_comment)::text ~~ '%Customer%Complaints%'::text)"}]}]}, {"Node Type": "Sort", "Parent Relationship": "Inner", "Parallel Aware": false, "Startup Cost": 122634.27, "Total Cost": 123374.97, "Plan Rows": 296277, "Plan Width": 40, "Sort Key": ["part.p_partkey"], "Plans": [{"Node Type": "Seq Scan", "Parent Relationship": "Outer", "Parallel Aware": false, "Relation Name": "part", "Alias": "part", "Startup Cost": 0.0, "Total Cost": 90962.0, "Plan Rows": 296277, "Plan Width": 40, "Filter": "((p_brand <> 'Brand#11'::bpchar) AND ((p_type)::text !~~ 'LARGE ANODIZED%'::text) AND (p_size = ANY ('{3,39,46,2,41,24,29,49}'::integer[])))"}]}]}]}]}]}]}]}}, {"Plan": {"Node Type": "Limit", "Parallel Aware": false, "Startup Cost": 2364672.12, "Total Cost": 2364672.13, "Plan Rows": 1, "Plan Width": 44, "Plans": [{"Node Type": "Sort", "Parent Relationship": "Outer", "Parallel Aware": false, "Startup Cost": 2364672.12, "Total Cost": 2365056.11, "Plan Rows": 153594, "Plan Width": 44, "Sort Key": ["(count(DISTINCT partsupp.ps_suppkey)) DESC", "part.p_brand", "part.p_type", "part.p_size"], "Plans": [{"Node Type": "Aggregate", "Strategy": "Sorted", "Partial Mode": "Simple", "Parent Relationship": "Outer", "Parallel Aware": false, "Startup Cost": 2354961.66, "Total Cost": 2363904.15, "Plan Rows": 153594, "Plan Width": 44, "Group Key": ["part.p_brand", "part.p_type", "part.p_size"], "Plans": [{"Node Type": "Sort", "Parent Relationship": "Outer", "Parallel Aware": false, "Startup Cost": 2354961.66, "Total Cost": 2356442.97, "Plan Rows": 592524, "Plan Width": 40, "Sort Key": ["part.p_brand", "part.p_type", "part.p_size"], "Plans": [{"Node Type": "Gather", "Parent Relationship": "Outer", "Parallel Aware": false, "Startup Cost": 4466.46, "Total Cost": 2288657.44, "Plan Rows": 592524, "Plan Width": 40, "Workers Planned": 3, "Single Copy": false, "Plans": [{"Node Type": "Nested Loop", "Parent Relationship": "Outer", "Parallel Aware": false, "Join Type": "Inner", "Startup Cost": 3466.46, "Total Cost": 2228405.04, "Plan Rows": 191137, "Plan Width": 40, "Inner Unique": true, "Plans": [{"Node Type": "Seq Scan", "Parent Relationship": "Outer", "Parallel Aware": true, "Relation Name": "partsupp", "Alias": "partsupp", "Startup Cost": 3466.03, "Total Cost": 210108.48, "Plan Rows": 1290258, "Plan Width": 8, "Filter": "(NOT (hashed SubPlan 1))", "Plans": [{"Node Type": "Seq Scan", "Parent Relationship": "SubPlan", "Subplan Name": "SubPlan 1", "Parallel Aware": false, "Relation Name": "supplier", "Alias": "supplier", "Startup Cost": 0.0, "Total Cost": 3466.0, "Plan Rows": 10, "Plan Width": 4, "Filter": "((s_comment)::text ~~ '%Customer%Complaints%'::text)"}]}, {"Node Type": "Bitmap Heap Scan", "Parent Relationship": "Inner", "Parallel Aware": false, "Relation Name": "part", "Alias": "part", "Startup Cost": 0.44, "Total Cost": 1.56, "Plan Rows": 1, "Plan Width": 40, "Recheck Cond": "(p_partkey = partsupp.ps_partkey)", "Filter": "((p_brand <> 'Brand#11'::bpchar) AND ((p_type)::text !~~ 'LARGE ANODIZED%'::text) AND (p_size = ANY ('{3,39,46,2,41,24,29,49}'::integer[])))", "Plans": [{"Node Type": "Bitmap Index Scan", "Parent Relationship": "Outer", "Parallel Aware": false, "Index Name": "part_pkey", "Startup Cost": 0.0, "Total Cost": 0.44, "Plan Rows": 1, "Plan Width": 0, "Index Cond": "(p_partkey = partsupp.ps_partkey)"}]}]}]}]}]}]}]}}, {"Plan": {"Node Type": "Limit", "Parallel Aware": false, "Startup Cost": 408048.19, "Total Cost": 408048.2, "Plan Rows": 1, "Plan Width": 44, "Plans": [{"Node Type": "Sort", "Parent Relationship": "Outer", "Parallel Aware": false, "Startup Cost": 408048.19, "Total Cost": 408432.18, "Plan Rows": 153594, "Plan Width": 44, "Sort Key": ["(count(DISTINCT partsupp.ps_suppkey)) DESC", "part.p_brand", "part.p_type", "part.p_size"], "Plans": [{"Node Type": "Aggregate", "Strategy": "Sorted", "Partial Mode": "Simple", "Parent Relationship": "Outer", "Parallel Aware": false, "Startup Cost": 398337.73, "Total Cost": 407280.22, "Plan Rows": 153594, "Plan Width": 44, "Group Key": ["part.p_brand", "part.p_type", "part.p_size"], "Plans": [{"Node Type": "Sort", "Parent Relationship": "Outer", "Parallel Aware": false, "Startup Cost": 398337.73, "Total Cost": 399819.04, "Plan Rows": 592524, "Plan Width": 40, "Sort Key": ["part.p_brand", "part.p_type", "part.p_size"], "Plans": [{"Node Type": "Gather", "Parent Relationship": "Outer", "Parallel Aware": false, "Startup Cost": 62751.72, "Total Cost": 332033.51, "Plan Rows": 592524, "Plan Width": 40, "Workers Planned": 3, "Single Copy": false, "Plans": [{"Node Type": "Hash Join", "Parent Relationship": "Outer", "Parallel Aware": true, "Join Type": "Inner", "Startup Cost": 61751.72, "Total Cost": 271781.11, "Plan Rows": 191137, "Plan Width": 40, "Inner Unique": true, "Hash Cond": "(partsupp.ps_partkey = part.p_partkey)", "Plans": [{"Node Type": "Seq Scan", "Parent Relationship": "Outer", "Parallel Aware": true, "Relation Name": "partsupp", "Alias": "partsupp", "Startup Cost": 3466.03, "Total Cost": 210108.48, "Plan Rows": 1290258, "Plan Width": 8, "Filter": "(NOT (hashed SubPlan 1))", "Plans": [{"Node Type": "Seq Scan", "Parent Relationship": "SubPlan", "Subplan Name": "SubPlan 1", "Parallel Aware": false, "Relation Name": "supplier", "Alias": "supplier", "Startup Cost": 0.0, "Total Cost": 3466.0, "Plan Rows": 10, "Plan Width": 4, "Filter": "((s_comment)::text ~~ '%Customer%Complaints%'::text)"}]}, {"Node Type": "Hash", "Parent Relationship": "Inner", "Parallel Aware": true, "Startup Cost": 57091.03, "Total Cost": 57091.03, "Plan Rows": 95573, "Plan Width": 40, "Plans": [{"Node Type": "Seq Scan", "Parent Relationship": "Outer", "Parallel Aware": true, "Relation Name": "part", "Alias": "part", "Startup Cost": 0.0, "Total Cost": 57091.03, "Plan Rows": 95573, "Plan Width": 40, "Filter": "((p_brand <> 'Brand#11'::bpchar) AND ((p_type)::text !~~ 'LARGE ANODIZED%'::text) AND (p_size = ANY ('{3,39,46,2,41,24,29,49}'::integer[])))"}]}]}]}]}]}]}]}}]