[{"Plan": {"Node Type": "Limit", "Parallel Aware": false, "Startup Cost": 30002880452.4, "Total Cost": 30002880452.41, "Plan Rows": 1, "Plan Width": 32, "Plans": [{"Node Type": "Aggregate", "Strategy": "Plain", "Partial Mode": "Simple", "Parent Relationship": "Outer", "Parallel Aware": false, "Startup Cost": 30002880452.4, "Total Cost": 30002880452.41, "Plan Rows": 1, "Plan Width": 32, "Plans": [{"Node Type": "Hash Join", "Parent Relationship": "Outer", "Parallel Aware": false, "Join Type": "Inner", "Startup Cost": 30002704761.09, "Total Cost": 30002880404.82, "Plan Rows": 19030, "Plan Width": 8, "Inner Unique": true, "Hash Cond": "(part.p_partkey = lineitem_1.l_partkey)", "Join Filter": "(lineitem.l_quantity < ((0.2 * avg(lineitem_1.l_quantity))))", "Plans": [{"Node Type": "Nested Loop", "Parent Relationship": "Outer", "Parallel Aware": false, "Join Type": "Inner", "Startup Cost": 20000000002.33, "Total Cost": 20000159808.78, "Plan Rows": 59536, "Plan Width": 21, "Inner Unique": false, "Plans": [{"Node Type": "Index Scan", "Parent Relationship": "Outer", "Parallel Aware": false, "Scan Direction": "Forward", "Index Name": "part_pkey", "Relation Name": "part", "Alias": "part", "Startup Cost": 10000000000.43, "Total Cost": 10000086998.23, "Plan Rows": 1985, "Plan Width": 4, "Filter": "((p_brand = 'Brand#13'::bpchar) AND (p_container = 'WRAP PACK'::bpchar))"}, {"Node Type": "Bitmap Heap Scan", "Parent Relationship": "Inner", "Parallel Aware": false, "Relation Name": "lineitem", "Alias": "lineitem", "Startup Cost": 1.9, "Total Cost": 36.37, "Plan Rows": 31, "Plan Width": 17, "Recheck Cond": "(l_partkey = part.p_partkey)", "Plans": [{"Node Type": "Bitmap Index Scan", "Parent Relationship": "Outer", "Parallel Aware": false, "Index Name": "idx_lineitem_part_supp", "Startup Cost": 0.0, "Total Cost": 1.89, "Plan Rows": 31, "Plan Width": 0, "Index Cond": "(l_partkey = part.p_partkey)"}]}]}, {"Node Type": "Hash", "Parent Relationship": "Inner", "Parallel Aware": false, "Startup Cost": 10002665803.43, "Total Cost": 10002665803.43, "Plan Rows": 1917787, "Plan Width": 36, "Plans": [{"Node Type": "Aggregate", "Strategy": "Sorted", "Partial Mode": "Simple", "Parent Relationship": "Outer", "Parallel Aware": false, "Startup Cost": 10000000000.57, "Total Cost": 10002646625.56, "Plan Rows": 1917787, "Plan Width": 36, "Group Key": ["lineitem_1.l_partkey"], "Plans": [{"Node Type": "Index Scan", "Parent Relationship": "Outer", "Parallel Aware": false, "Scan Direction": "Forward", "Index Name": "idx_lineitem_part_supp", "Relation Name": "lineitem", "Alias": "lineitem_1", "Startup Cost": 10000000000.57, "Total Cost": 10002317929.87, "Plan Rows": 59985776, "Plan Width": 9}]}]}]}]}]}}, {"Plan": {"Node Type": "Limit", "Parallel Aware": false, "Startup Cost": 4750086.63, "Total Cost": 4750086.65, "Plan Rows": 1, "Plan Width": 32, "Plans": [{"Node Type": "Aggregate", "Strategy": "Plain", "Partial Mode": "Finalize", "Parent Relationship": "Outer", "Parallel Aware": false, "Startup Cost": 4750086.63, "Total Cost": 4750086.65, "Plan Rows": 1, "Plan Width": 32, "Plans": [{"Node Type": "Gather", "Parent Relationship": "Outer", "Parallel Aware": false, "Startup Cost": 4750086.31, "Total Cost": 4750086.62, "Plan Rows": 3, "Plan Width": 32, "Workers Planned": 3, "Single Copy": false, "Plans": [{"Node Type": "Aggregate", "Strategy": "Plain", "Partial Mode": "Partial", "Parent Relationship": "Outer", "Parallel Aware": false, "Startup Cost": 4749086.31, "Total Cost": 4749086.32, "Plan Rows": 1, "Plan Width": 32, "Plans": [{"Node Type": "Hash Join", "Parent Relationship": "Outer", "Parallel Aware": false, "Join Type": "Inner", "Startup Cost": 2771442.98, "Total Cost": 4749070.96, "Plan Rows": 6139, "Plan Width": 8, "Inner Unique": true, "Hash Cond": "(part.p_partkey = lineitem_1.l_partkey)", "Join Filter": "(lineitem.l_quantity < ((0.2 * avg(lineitem_1.l_quantity))))", "Plans": [{"Node Type": "Hash Join", "Parent Relationship": "Outer", "Parallel Aware": true, "Join Type": "Inner", "Startup Cost": 66684.21, "Total Cost": 2029052.78, "Plan Rows": 19205, "Plan Width": 21, "Inner Unique": true, "Hash Cond": "(lineitem.l_partkey = part.p_partkey)", "Plans": [{"Node Type": "Index Scan", "Parent Relationship": "Outer", "Parallel Aware": true, "Scan Direction": "Forward", "Index Name": "idx_lineitem_part_supp", "Relation Name": "lineitem", "Alias": "lineitem", "Startup Cost": 0.56, "Total Cost": 1911574.61, "Plan Rows": 19350250, "Plan Width": 17}, {"Node Type": "Hash", "Parent Relationship": "Inner", "Parallel Aware": true, "Startup Cost": 66675.65, "Total Cost": 66675.65, "Plan Rows": 640, "Plan Width": 4, "Plans": [{"Node Type": "Index Scan", "Parent Relationship": "Outer", "Parallel Aware": true, "Scan Direction": "Forward", "Index Name": "part_pkey", "Relation Name": "part", "Alias": "part", "Startup Cost": 0.43, "Total Cost": 66675.65, "Plan Rows": 640, "Plan Width": 4, "Filter": "((p_brand = 'Brand#13'::bpchar) AND (p_container = 'WRAP PACK'::bpchar))"}]}]}, {"Node Type": "Hash", "Parent Relationship": "Inner", "Parallel Aware": false, "Startup Cost": 2665803.43, "Total Cost": 2665803.43, "Plan Rows": 1917787, "Plan Width": 36, "Plans": [{"Node Type": "Aggregate", "Strategy": "Sorted", "Partial Mode": "Simple", "Parent Relationship": "Outer", "Parallel Aware": false, "Startup Cost": 0.56, "Total Cost": 2646625.56, "Plan Rows": 1917787, "Plan Width": 36, "Group Key": ["lineitem_1.l_partkey"], "Plans": [{"Node Type": "Index Scan", "Parent Relationship": "Outer", "Parallel Aware": false, "Scan Direction": "Forward", "Index Name": "idx_lineitem_part_supp", "Relation Name": "lineitem", "Alias": "lineitem_1", "Startup Cost": 0.56, "Total Cost": 2317929.87, "Plan Rows": 59985776, "Plan Width": 9}]}]}]}]}]}]}]}}, {"Plan": {"Node Type": "Limit", "Parallel Aware": false, "Startup Cost": 4718908.24, "Total Cost": 4718908.25, "Plan Rows": 1, "Plan Width": 32, "Plans": [{"Node Type": "Aggregate", "Strategy": "Plain", "Partial Mode": "Finalize", "Parent Relationship": "Outer", "Parallel Aware": false, "Startup Cost": 4718908.24, "Total Cost": 4718908.25, "Plan Rows": 1, "Plan Width": 32, "Plans": [{"Node Type": "Gather", "Parent Relationship": "Outer", "Parallel Aware": false, "Startup Cost": 4718907.91, "Total Cost": 4718908.22, "Plan Rows": 3, "Plan Width": 32, "Workers Planned": 3, "Single Copy": false, "Plans": [{"Node Type": "Aggregate", "Strategy": "Plain", "Partial Mode": "Partial", "Parent Relationship": "Outer", "Parallel Aware": false, "Startup Cost": 4717907.91, "Total Cost": 4717907.92, "Plan Rows": 1, "Plan Width": 32, "Plans": [{"Node Type": "Merge Join", "Parent Relationship": "Outer", "Parallel Aware": false, "Join Type": "Inner", "Startup Cost": 19.18, "Total Cost": 4717892.56, "Plan Rows": 6139, "Plan Width": 8, "Inner Unique": false, "Merge Cond": "(lineitem.l_partkey = part.p_partkey)", "Join Filter": "(lineitem.l_quantity < ((0.2 * avg(lineitem_1.l_quantity))))", "Plans": [{"Node Type": "Index Scan", "Parent Relationship": "Outer", "Parallel Aware": true, "Scan Direction": "Forward", "Index Name": "idx_lineitem_part_supp", "Relation Name": "lineitem", "Alias": "lineitem", "Startup Cost": 0.56, "Total Cost": 1911574.61, "Plan Rows": 19350250, "Plan Width": 17}, {"Node Type": "Materialize", "Parent Relationship": "Inner", "Parallel Aware": false, "Startup Cost": 0.99, "Total Cost": 2757624.87, "Plan Rows": 1903, "Plan Width": 40, "Plans": [{"Node Type": "Merge Join", "Parent Relationship": "Outer", "Parallel Aware": false, "Join Type": "Inner", "Startup Cost": 0.99, "Total Cost": 2757620.11, "Plan Rows": 1903, "Plan Width": 40, "Inner Unique": true, "Merge Cond": "(part.p_partkey = lineitem_1.l_partkey)", "Plans": [{"Node Type": "Index Scan", "Parent Relationship": "Outer", "Parallel Aware": false, "Scan Direction": "Forward", "Index Name": "part_pkey", "Relation Name": "part", "Alias": "part", "Startup Cost": 0.43, "Total Cost": 86998.23, "Plan Rows": 1985, "Plan Width": 4, "Filter": "((p_brand = 'Brand#13'::bpchar) AND (p_container = 'WRAP PACK'::bpchar))"}, {"Node Type": "Aggregate", "Strategy": "Sorted", "Partial Mode": "Simple", "Parent Relationship": "Inner", "Parallel Aware": false, "Startup Cost": 0.56, "Total Cost": 2646625.56, "Plan Rows": 1917787, "Plan Width": 36, "Group Key": ["lineitem_1.l_partkey"], "Plans": [{"Node Type": "Index Scan", "Parent Relationship": "Outer", "Parallel Aware": false, "Scan Direction": "Forward", "Index Name": "idx_lineitem_part_supp", "Relation Name": "lineitem", "Alias": "lineitem_1", "Startup Cost": 0.56, "Total Cost": 2317929.87, "Plan Rows": 59985776, "Plan Width": 9}]}]}]}]}]}]}]}]}}, {"Plan": {"Node Type": "Limit", "Parallel Aware": false, "Startup Cost": 2761567.83, "Total Cost": 2761567.84, "Plan Rows": 1, "Plan Width": 32, "Plans": [{"Node Type": "Aggregate", "Strategy": "Plain", "Partial Mode": "Simple", "Parent Relationship": "Outer", "Parallel Aware": false, "Startup Cost": 2761567.83, "Total Cost": 2761567.84, "Plan Rows": 1, "Plan Width": 32, "Plans": [{"Node Type": "Nested Loop", "Parent Relationship": "Outer", "Parallel Aware": false, "Join Type": "Inner", "Startup Cost": 1.56, "Total Cost": 2761520.25, "Plan Rows": 19030, "Plan Width": 8, "Inner Unique": false, "Join Filter": "(part.p_partkey = lineitem.l_partkey)", "Plans": [{"Node Type": "Merge Join", "Parent Relationship": "Outer", "Parallel Aware": false, "Join Type": "Inner", "Startup Cost": 0.99, "Total Cost": 2757620.11, "Plan Rows": 1903, "Plan Width": 40, "Inner Unique": true, "Merge Cond": "(part.p_partkey = lineitem_1.l_partkey)", "Plans": [{"Node Type": "Index Scan", "Parent Relationship": "Outer", "Parallel Aware": false, "Scan Direction": "Forward", "Index Name": "part_pkey", "Relation Name": "part", "Alias": "part", "Startup Cost": 0.43, "Total Cost": 86998.23, "Plan Rows": 1985, "Plan Width": 4, "Filter": "((p_brand = 'Brand#13'::bpchar) AND (p_container = 'WRAP PACK'::bpchar))"}, {"Node Type": "Aggregate", "Strategy": "Sorted", "Partial Mode": "Simple", "Parent Relationship": "Inner", "Parallel Aware": false, "Startup Cost": 0.56, "Total Cost": 2646625.56, "Plan Rows": 1917787, "Plan Width": 36, "Group Key": ["lineitem_1.l_partkey"], "Plans": [{"Node Type": "Index Scan", "Parent Relationship": "Outer", "Parallel Aware": false, "Scan Direction": "Forward", "Index Name": "idx_lineitem_part_supp", "Relation Name": "lineitem", "Alias": "lineitem_1", "Startup Cost": 0.56, "Total Cost": 2317929.87, "Plan Rows": 59985776, "Plan Width": 9}]}]}, {"Node Type": "Index Scan", "Parent Relationship": "Inner", "Parallel Aware": false, "Scan Direction": "Forward", "Index Name": "idx_lineitem_part_supp", "Relation Name": "lineitem", "Alias": "lineitem", "Startup Cost": 0.56, "Total Cost": 1.92, "Plan Rows": 10, "Plan Width": 17, "Index Cond": "(l_partkey = lineitem_1.l_partkey)", "Filter": "(l_quantity < ((0.2 * avg(lineitem_1.l_quantity))))"}]}]}]}}, {"Plan": {"Node Type": "Limit", "Parallel Aware": false, "Startup Cost": 4097587.06, "Total Cost": 4097587.07, "Plan Rows": 1, "Plan Width": 32, "Plans": [{"Node Type": "Aggregate", "Strategy": "Plain", "Partial Mode": "Finalize", "Parent Relationship": "Outer", "Parallel Aware": false, "Startup Cost": 4097587.06, "Total Cost": 4097587.07, "Plan Rows": 1, "Plan Width": 32, "Plans": [{"Node Type": "Gather", "Parent Relationship": "Outer", "Parallel Aware": false, "Startup Cost": 4097586.73, "Total Cost": 4097587.04, "Plan Rows": 3, "Plan Width": 32, "Workers Planned": 3, "Single Copy": false, "Plans": [{"Node Type": "Aggregate", "Strategy": "Plain", "Partial Mode": "Partial", "Parent Relationship": "Outer", "Parallel Aware": false, "Startup Cost": 4096586.73, "Total Cost": 4096586.74, "Plan Rows": 1, "Plan Width": 32, "Plans": [{"Node Type": "Merge Join", "Parent Relationship": "Outer", "Parallel Aware": false, "Join Type": "Inner", "Startup Cost": 1420853.36, "Total Cost": 4096571.38, "Plan Rows": 6139, "Plan Width": 8, "Inner Unique": true, "Merge Cond": "(part.p_partkey = lineitem_1.l_partkey)", "Join Filter": "(lineitem.l_quantity < ((0.2 * avg(lineitem_1.l_quantity))))", "Plans": [{"Node Type": "Sort", "Parent Relationship": "Outer", "Parallel Aware": false, "Startup Cost": 1420852.8, "Total Cost": 1420900.81, "Plan Rows": 19205, "Plan Width": 21, "Sort Key": ["lineitem.l_partkey"], "Plans": [{"Node Type": "Hash Join", "Parent Relationship": "Outer", "Parallel Aware": true, "Join Type": "Inner", "Startup Cost": 50647.42, "Total Cost": 1419486.44, "Plan Rows": 19205, "Plan Width": 21, "Inner Unique": true, "Hash Cond": "(lineitem.l_partkey = part.p_partkey)", "Plans": [{"Node Type": "Seq Scan", "Parent Relationship": "Outer", "Parallel Aware": true, "Relation Name": "lineitem", "Alias": "lineitem", "Startup Cost": 0.0, "Total Cost": 1318044.5, "Plan Rows": 19350250, "Plan Width": 17}, {"Node Type": "Hash", "Parent Relationship": "Inner", "Parallel Aware": true, "Startup Cost": 50639.42, "Total Cost": 50639.42, "Plan Rows": 640, "Plan Width": 4, "Plans": [{"Node Type": "Seq Scan", "Parent Relationship": "Outer", "Parallel Aware": true, "Relation Name": "part", "Alias": "part", "Startup Cost": 0.0, "Total Cost": 50639.42, "Plan Rows": 640, "Plan Width": 4, "Filter": "((p_brand = 'Brand#13'::bpchar) AND (p_container = 'WRAP PACK'::bpchar))"}]}]}]}, {"Node Type": "Materialize", "Parent Relationship": "Inner", "Parallel Aware": false, "Startup Cost": 0.56, "Total Cost": 2670597.89, "Plan Rows": 1917787, "Plan Width": 36, "Plans": [{"Node Type": "Aggregate", "Strategy": "Sorted", "Partial Mode": "Simple", "Parent Relationship": "Outer", "Parallel Aware": false, "Startup Cost": 0.56, "Total Cost": 2646625.56, "Plan Rows": 1917787, "Plan Width": 36, "Group Key": ["lineitem_1.l_partkey"], "Plans": [{"Node Type": "Index Scan", "Parent Relationship": "Outer", "Parallel Aware": false, "Scan Direction": "Forward", "Index Name": "idx_lineitem_part_supp", "Relation Name": "lineitem", "Alias": "lineitem_1", "Startup Cost": 0.56, "Total Cost": 2317929.87, "Plan Rows": 59985776, "Plan Width": 9}]}]}]}]}]}]}]}}, {"Plan": {"Node Type": "Limit", "Parallel Aware": false, "Startup Cost": 2742719.08, "Total Cost": 2742719.09, "Plan Rows": 1, "Plan Width": 32, "Plans": [{"Node Type": "Aggregate", "Strategy": "Plain", "Partial Mode": "Simple", "Parent Relationship": "Outer", "Parallel Aware": false, "Startup Cost": 2742719.08, "Total Cost": 2742719.09, "Plan Rows": 1, "Plan Width": 32, "Plans": [{"Node Type": "Nested Loop", "Parent Relationship": "Outer", "Parallel Aware": false, "Join Type": "Inner", "Startup Cost": 67934.87, "Total Cost": 2742671.5, "Plan Rows": 19030, "Plan Width": 8, "Inner Unique": false, "Join Filter": "(part.p_partkey = lineitem.l_partkey)", "Plans": [{"Node Type": "Hash Join", "Parent Relationship": "Outer", "Parallel Aware": false, "Join Type": "Inner", "Startup Cost": 67934.3, "Total Cost": 2738771.36, "Plan Rows": 1903, "Plan Width": 40, "Inner Unique": true, "Hash Cond": "(lineitem_1.l_partkey = part.p_partkey)", "Plans": [{"Node Type": "Aggregate", "Strategy": "Sorted", "Partial Mode": "Simple", "Parent Relationship": "Outer", "Parallel Aware": false, "Startup Cost": 0.56, "Total Cost": 2646625.56, "Plan Rows": 1917787, "Plan Width": 36, "Group Key": ["lineitem_1.l_partkey"], "Plans": [{"Node Type": "Index Scan", "Parent Relationship": "Outer", "Parallel Aware": false, "Scan Direction": "Forward", "Index Name": "idx_lineitem_part_supp", "Relation Name": "lineitem", "Alias": "lineitem_1", "Startup Cost": 0.56, "Total Cost": 2317929.87, "Plan Rows": 59985776, "Plan Width": 9}]}, {"Node Type": "Hash", "Parent Relationship": "Inner", "Parallel Aware": false, "Startup Cost": 67908.92, "Total Cost": 67908.92, "Plan Rows": 1985, "Plan Width": 4, "Plans": [{"Node Type": "Gather Merge", "Parent Relationship": "Outer", "Parallel Aware": false, "Startup Cost": 1000.47, "Total Cost": 67908.92, "Plan Rows": 1985, "Plan Width": 4, "Workers Planned": 3, "Plans": [{"Node Type": "Index Scan", "Parent Relationship": "Outer", "Parallel Aware": true, "Scan Direction": "Forward", "Index Name": "part_pkey", "Relation Name": "part", "Alias": "part", "Startup Cost": 0.43, "Total Cost": 66675.65, "Plan Rows": 640, "Plan Width": 4, "Filter": "((p_brand = 'Brand#13'::bpchar) AND (p_container = 'WRAP PACK'::bpchar))"}]}]}]}, {"Node Type": "Index Scan", "Parent Relationship": "Inner", "Parallel Aware": false, "Scan Direction": "Forward", "Index Name": "idx_lineitem_part_supp", "Relation Name": "lineitem", "Alias": "lineitem", "Startup Cost": 0.56, "Total Cost": 1.92, "Plan Rows": 10, "Plan Width": 17, "Index Cond": "(l_partkey = lineitem_1.l_partkey)", "Filter": "(l_quantity < ((0.2 * avg(lineitem_1.l_quantity))))"}]}]}]}}, {"Plan": {"Node Type": "Limit", "Parallel Aware": false, "Startup Cost": 2726648.08, "Total Cost": 2726648.09, "Plan Rows": 1, "Plan Width": 32, "Plans": [{"Node Type": "Aggregate", "Strategy": "Plain", "Partial Mode": "Simple", "Parent Relationship": "Outer", "Parallel Aware": false, "Startup Cost": 2726648.08, "Total Cost": 2726648.09, "Plan Rows": 1, "Plan Width": 32, "Plans": [{"Node Type": "Nested Loop", "Parent Relationship": "Outer", "Parallel Aware": false, "Join Type": "Inner", "Startup Cost": 51863.86, "Total Cost": 2726600.5, "Plan Rows": 19030, "Plan Width": 8, "Inner Unique": false, "Join Filter": "(part.p_partkey = lineitem.l_partkey)", "Plans": [{"Node Type": "Hash Join", "Parent Relationship": "Outer", "Parallel Aware": false, "Join Type": "Inner", "Startup Cost": 51863.3, "Total Cost": 2722700.36, "Plan Rows": 1903, "Plan Width": 40, "Inner Unique": true, "Hash Cond": "(lineitem_1.l_partkey = part.p_partkey)", "Plans": [{"Node Type": "Aggregate", "Strategy": "Sorted", "Partial Mode": "Simple", "Parent Relationship": "Outer", "Parallel Aware": false, "Startup Cost": 0.56, "Total Cost": 2646625.56, "Plan Rows": 1917787, "Plan Width": 36, "Group Key": ["lineitem_1.l_partkey"], "Plans": [{"Node Type": "Index Scan", "Parent Relationship": "Outer", "Parallel Aware": false, "Scan Direction": "Forward", "Index Name": "idx_lineitem_part_supp", "Relation Name": "lineitem", "Alias": "lineitem_1", "Startup Cost": 0.56, "Total Cost": 2317929.87, "Plan Rows": 59985776, "Plan Width": 9}]}, {"Node Type": "Hash", "Parent Relationship": "Inner", "Parallel Aware": false, "Startup Cost": 51837.92, "Total Cost": 51837.92, "Plan Rows": 1985, "Plan Width": 4, "Plans": [{"Node Type": "Gather", "Parent Relationship": "Outer", "Parallel Aware": false, "Startup Cost": 1000.0, "Total Cost": 51837.92, "Plan Rows": 1985, "Plan Width": 4, "Workers Planned": 3, "Single Copy": false, "Plans": [{"Node Type": "Seq Scan", "Parent Relationship": "Outer", "Parallel Aware": true, "Relation Name": "part", "Alias": "part", "Startup Cost": 0.0, "Total Cost": 50639.42, "Plan Rows": 640, "Plan Width": 4, "Filter": "((p_brand = 'Brand#13'::bpchar) AND (p_container = 'WRAP PACK'::bpchar))"}]}]}]}, {"Node Type": "Index Scan", "Parent Relationship": "Inner", "Parallel Aware": false, "Scan Direction": "Forward", "Index Name": "idx_lineitem_part_supp", "Relation Name": "lineitem", "Alias": "lineitem", "Startup Cost": 0.56, "Total Cost": 1.92, "Plan Rows": 10, "Plan Width": 17, "Index Cond": "(l_partkey = lineitem_1.l_partkey)", "Filter": "(l_quantity < ((0.2 * avg(lineitem_1.l_quantity))))"}]}]}]}}, {"Plan": {"Node Type": "Limit", "Parallel Aware": false, "Startup Cost": 4140520.29, "Total Cost": 4140520.31, "Plan Rows": 1, "Plan Width": 32, "Plans": [{"Node Type": "Aggregate", "Strategy": "Plain", "Partial Mode": "Finalize", "Parent Relationship": "Outer", "Parallel Aware": false, "Startup Cost": 4140520.29, "Total Cost": 4140520.31, "Plan Rows": 1, "Plan Width": 32, "Plans": [{"Node Type": "Gather", "Parent Relationship": "Outer", "Parallel Aware": false, "Startup Cost": 4140519.97, "Total Cost": 4140520.28, "Plan Rows": 3, "Plan Width": 32, "Workers Planned": 3, "Single Copy": false, "Plans": [{"Node Type": "Aggregate", "Strategy": "Plain", "Partial Mode": "Partial", "Parent Relationship": "Outer", "Parallel Aware": false, "Startup Cost": 4139519.97, "Total Cost": 4139519.98, "Plan Rows": 1, "Plan Width": 32, "Plans": [{"Node Type": "Hash Join", "Parent Relationship": "Outer", "Parallel Aware": false, "Join Type": "Inner", "Startup Cost": 2755406.18, "Total Cost": 4139504.62, "Plan Rows": 6139, "Plan Width": 8, "Inner Unique": true, "Hash Cond": "(part.p_partkey = lineitem_1.l_partkey)", "Join Filter": "(lineitem.l_quantity < ((0.2 * avg(lineitem_1.l_quantity))))", "Plans": [{"Node Type": "Hash Join", "Parent Relationship": "Outer", "Parallel Aware": true, "Join Type": "Inner", "Startup Cost": 50647.42, "Total Cost": 1419486.44, "Plan Rows": 19205, "Plan Width": 21, "Inner Unique": true, "Hash Cond": "(lineitem.l_partkey = part.p_partkey)", "Plans": [{"Node Type": "Seq Scan", "Parent Relationship": "Outer", "Parallel Aware": true, "Relation Name": "lineitem", "Alias": "lineitem", "Startup Cost": 0.0, "Total Cost": 1318044.5, "Plan Rows": 19350250, "Plan Width": 17}, {"Node Type": "Hash", "Parent Relationship": "Inner", "Parallel Aware": true, "Startup Cost": 50639.42, "Total Cost": 50639.42, "Plan Rows": 640, "Plan Width": 4, "Plans": [{"Node Type": "Seq Scan", "Parent Relationship": "Outer", "Parallel Aware": true, "Relation Name": "part", "Alias": "part", "Startup Cost": 0.0, "Total Cost": 50639.42, "Plan Rows": 640, "Plan Width": 4, "Filter": "((p_brand = 'Brand#13'::bpchar) AND (p_container = 'WRAP PACK'::bpchar))"}]}]}, {"Node Type": "Hash", "Parent Relationship": "Inner", "Parallel Aware": false, "Startup Cost": 2665803.43, "Total Cost": 2665803.43, "Plan Rows": 1917787, "Plan Width": 36, "Plans": [{"Node Type": "Aggregate", "Strategy": "Sorted", "Partial Mode": "Simple", "Parent Relationship": "Outer", "Parallel Aware": false, "Startup Cost": 0.56, "Total Cost": 2646625.56, "Plan Rows": 1917787, "Plan Width": 36, "Group Key": ["lineitem_1.l_partkey"], "Plans": [{"Node Type": "Index Scan", "Parent Relationship": "Outer", "Parallel Aware": false, "Scan Direction": "Forward", "Index Name": "idx_lineitem_part_supp", "Relation Name": "lineitem", "Alias": "lineitem_1", "Startup Cost": 0.56, "Total Cost": 2317929.87, "Plan Rows": 59985776, "Plan Width": 9}]}]}]}]}]}]}]}}, {"Plan": {"Node Type": "Limit", "Parallel Aware": false, "Startup Cost": 30002762585.91, "Total Cost": 30002762585.92, "Plan Rows": 1, "Plan Width": 32, "Plans": [{"Node Type": "Aggregate", "Strategy": "Plain", "Partial Mode": "Simple", "Parent Relationship": "Outer", "Parallel Aware": false, "Startup Cost": 30002762585.91, "Total Cost": 30002762585.92, "Plan Rows": 1, "Plan Width": 32, "Plans": [{"Node Type": "Nested Loop", "Parent Relationship": "Outer", "Parallel Aware": false, "Join Type": "Inner", "Startup Cost": 30000000001.89, "Total Cost": 30002762538.33, "Plan Rows": 19030, "Plan Width": 8, "Inner Unique": false, "Join Filter": "(part.p_partkey = lineitem.l_partkey)", "Plans": [{"Node Type": "Merge Join", "Parent Relationship": "Outer", "Parallel Aware": false, "Join Type": "Inner", "Startup Cost": 20000000000.99, "Total Cost": 20002757620.11, "Plan Rows": 1903, "Plan Width": 40, "Inner Unique": true, "Merge Cond": "(part.p_partkey = lineitem_1.l_partkey)", "Plans": [{"Node Type": "Index Scan", "Parent Relationship": "Outer", "Parallel Aware": false, "Scan Direction": "Forward", "Index Name": "part_pkey", "Relation Name": "part", "Alias": "part", "Startup Cost": 10000000000.43, "Total Cost": 10000086998.23, "Plan Rows": 1985, "Plan Width": 4, "Filter": "((p_brand = 'Brand#13'::bpchar) AND (p_container = 'WRAP PACK'::bpchar))"}, {"Node Type": "Aggregate", "Strategy": "Sorted", "Partial Mode": "Simple", "Parent Relationship": "Inner", "Parallel Aware": false, "Startup Cost": 10000000000.57, "Total Cost": 10002646625.56, "Plan Rows": 1917787, "Plan Width": 36, "Group Key": ["lineitem_1.l_partkey"], "Plans": [{"Node Type": "Index Scan", "Parent Relationship": "Outer", "Parallel Aware": false, "Scan Direction": "Forward", "Index Name": "idx_lineitem_part_supp", "Relation Name": "lineitem", "Alias": "lineitem_1", "Startup Cost": 10000000000.57, "Total Cost": 10002317929.87, "Plan Rows": 59985776, "Plan Width": 9}]}]}, {"Node Type": "Bitmap Heap Scan", "Parent Relationship": "Inner", "Parallel Aware": false, "Relation Name": "lineitem", "Alias": "lineitem", "Startup Cost": 0.89, "Total Cost": 2.46, "Plan Rows": 10, "Plan Width": 17, "Recheck Cond": "(l_partkey = lineitem_1.l_partkey)", "Filter": "(l_quantity < ((0.2 * avg(lineitem_1.l_quantity))))", "Plans": [{"Node Type": "Bitmap Index Scan", "Parent Relationship": "Outer", "Parallel Aware": false, "Index Name": "idx_lineitem_part_supp", "Startup Cost": 0.0, "Total Cost": 0.89, "Plan Rows": 31, "Plan Width": 0, "Index Cond": "(l_partkey = lineitem_1.l_partkey)"}]}]}]}]}}, {"Plan": {"Node Type": "Limit", "Parallel Aware": false, "Startup Cost": 10005654647.57, "Total Cost": 10005654647.58, "Plan Rows": 1, "Plan Width": 32, "Plans": [{"Node Type": "Aggregate", "Strategy": "Plain", "Partial Mode": "Simple", "Parent Relationship": "Outer", "Parallel Aware": false, "Startup Cost": 10005654647.57, "Total Cost": 10005654647.58, "Plan Rows": 1, "Plan Width": 32, "Plans": [{"Node Type": "Nested Loop", "Parent Relationship": "Outer", "Parallel Aware": false, "Join Type": "Inner", "Startup Cost": 10000000001.9, "Total Cost": 10005654599.99, "Plan Rows": 19030, "Plan Width": 8, "Inner Unique": false, "Join Filter": "(part.p_partkey = lineitem.l_partkey)", "Plans": [{"Node Type": "Nested Loop", "Parent Relationship": "Outer", "Parallel Aware": false, "Join Type": "Inner", "Startup Cost": 10000000001.0, "Total Cost": 10005649681.77, "Plan Rows": 1903, "Plan Width": 40, "Inner Unique": true, "Plans": [{"Node Type": "Aggregate", "Strategy": "Sorted", "Partial Mode": "Simple", "Parent Relationship": "Outer", "Parallel Aware": false, "Startup Cost": 10000000000.57, "Total Cost": 10002646625.56, "Plan Rows": 1917787, "Plan Width": 36, "Group Key": ["lineitem_1.l_partkey"], "Plans": [{"Node Type": "Index Scan", "Parent Relationship": "Outer", "Parallel Aware": false, "Scan Direction": "Forward", "Index Name": "idx_lineitem_part_supp", "Relation Name": "lineitem", "Alias": "lineitem_1", "Startup Cost": 10000000000.57, "Total Cost": 10002317929.87, "Plan Rows": 59985776, "Plan Width": 9}]}, {"Node Type": "Bitmap Heap Scan", "Parent Relationship": "Inner", "Parallel Aware": false, "Relation Name": "part", "Alias": "part", "Startup Cost": 0.44, "Total Cost": 1.56, "Plan Rows": 1, "Plan Width": 4, "Recheck Cond": "(p_partkey = lineitem_1.l_partkey)", "Filter": "((p_brand = 'Brand#13'::bpchar) AND (p_container = 'WRAP PACK'::bpchar))", "Plans": [{"Node Type": "Bitmap Index Scan", "Parent Relationship": "Outer", "Parallel Aware": false, "Index Name": "part_pkey", "Startup Cost": 0.0, "Total Cost": 0.44, "Plan Rows": 1, "Plan Width": 0, "Index Cond": "(p_partkey = lineitem_1.l_partkey)"}]}]}, {"Node Type": "Bitmap Heap Scan", "Parent Relationship": "Inner", "Parallel Aware": false, "Relation Name": "lineitem", "Alias": "lineitem", "Startup Cost": 0.89, "Total Cost": 2.46, "Plan Rows": 10, "Plan Width": 17, "Recheck Cond": "(l_partkey = lineitem_1.l_partkey)", "Filter": "(l_quantity < ((0.2 * avg(lineitem_1.l_quantity))))", "Plans": [{"Node Type": "Bitmap Index Scan", "Parent Relationship": "Outer", "Parallel Aware": false, "Index Name": "idx_lineitem_part_supp", "Startup Cost": 0.0, "Total Cost": 0.89, "Plan Rows": 31, "Plan Width": 0, "Index Cond": "(l_partkey = lineitem_1.l_partkey)"}]}]}]}]}}, {"Plan": {"Node Type": "Limit", "Parallel Aware": false, "Startup Cost": 4852632.76, "Total Cost": 4852632.77, "Plan Rows": 1, "Plan Width": 32, "Plans": [{"Node Type": "Aggregate", "Strategy": "Plain", "Partial Mode": "Simple", "Parent Relationship": "Outer", "Parallel Aware": false, "Startup Cost": 4852632.76, "Total Cost": 4852632.77, "Plan Rows": 1, "Plan Width": 32, "Plans": [{"Node Type": "Nested Loop", "Parent Relationship": "Outer", "Parallel Aware": false, "Join Type": "Inner", "Startup Cost": 3906630.42, "Total Cost": 4852585.18, "Plan Rows": 19030, "Plan Width": 8, "Inner Unique": false, "Join Filter": "(part.p_partkey = lineitem.l_partkey)", "Plans": [{"Node Type": "Merge Join", "Parent Relationship": "Outer", "Parallel Aware": false, "Join Type": "Inner", "Startup Cost": 3906629.53, "Total Cost": 4847666.96, "Plan Rows": 1903, "Plan Width": 40, "Inner Unique": true, "Merge Cond": "(part.p_partkey = lineitem_1.l_partkey)", "Plans": [{"Node Type": "Sort", "Parent Relationship": "Outer", "Parallel Aware": false, "Startup Cost": 51946.65, "Total Cost": 51951.61, "Plan Rows": 1985, "Plan Width": 4, "Sort Key": ["part.p_partkey"], "Plans": [{"Node Type": "Gather", "Parent Relationship": "Outer", "Parallel Aware": false, "Startup Cost": 1000.0, "Total Cost": 51837.92, "Plan Rows": 1985, "Plan Width": 4, "Workers Planned": 3, "Single Copy": false, "Plans": [{"Node Type": "Seq Scan", "Parent Relationship": "Outer", "Parallel Aware": true, "Relation Name": "part", "Alias": "part", "Startup Cost": 0.0, "Total Cost": 50639.42, "Plan Rows": 640, "Plan Width": 4, "Filter": "((p_brand = 'Brand#13'::bpchar) AND (p_container = 'WRAP PACK'::bpchar))"}]}]}, {"Node Type": "Aggregate", "Strategy": "Sorted", "Partial Mode": "Finalize", "Parent Relationship": "Inner", "Parallel Aware": false, "Startup Cost": 3854682.88, "Total Cost": 4771719.02, "Plan Rows": 1917787, "Plan Width": 36, "Group Key": ["lineitem_1.l_partkey"], "Plans": [{"Node Type": "Gather Merge", "Parent Relationship": "Outer", "Parallel Aware": false, "Startup Cost": 3854682.88, "Total Cost": 4699802.01, "Plan Rows": 5753361, "Plan Width": 36, "Workers Planned": 3, "Plans": [{"Node Type": "Aggregate", "Strategy": "Sorted", "Partial Mode": "Partial", "Parent Relationship": "Outer", "Parallel Aware": false, "Startup Cost": 3853682.84, "Total Cost": 4022782.05, "Plan Rows": 1917787, "Plan Width": 36, "Group Key": ["lineitem_1.l_partkey"], "Plans": [{"Node Type": "Sort", "Parent Relationship": "Outer", "Parallel Aware": false, "Startup Cost": 3853682.84, "Total Cost": 3902058.46, "Plan Rows": 19350250, "Plan Width": 9, "Sort Key": ["lineitem_1.l_partkey"], "Plans": [{"Node Type": "Seq Scan", "Parent Relationship": "Outer", "Parallel Aware": true, "Relation Name": "lineitem", "Alias": "lineitem_1", "Startup Cost": 0.0, "Total Cost": 1318044.5, "Plan Rows": 19350250, "Plan Width": 9}]}]}]}]}]}, {"Node Type": "Bitmap Heap Scan", "Parent Relationship": "Inner", "Parallel Aware": false, "Relation Name": "lineitem", "Alias": "lineitem", "Startup Cost": 0.89, "Total Cost": 2.46, "Plan Rows": 10, "Plan Width": 17, "Recheck Cond": "(l_partkey = lineitem_1.l_partkey)", "Filter": "(l_quantity < ((0.2 * avg(lineitem_1.l_quantity))))", "Plans": [{"Node Type": "Bitmap Index Scan", "Parent Relationship": "Outer", "Parallel Aware": false, "Index Name": "idx_lineitem_part_supp", "Startup Cost": 0.0, "Total Cost": 0.89, "Plan Rows": 31, "Plan Width": 0, "Index Cond": "(l_partkey = lineitem_1.l_partkey)"}]}]}]}]}}, {"Plan": {"Node Type": "Limit", "Parallel Aware": false, "Startup Cost": 6272177.13, "Total Cost": 6272177.14, "Plan Rows": 1, "Plan Width": 32, "Plans": [{"Node Type": "Aggregate", "Strategy": "Plain", "Partial Mode": "Simple", "Parent Relationship": "Outer", "Parallel Aware": false, "Startup Cost": 6272177.13, "Total Cost": 6272177.14, "Plan Rows": 1, "Plan Width": 32, "Plans": [{"Node Type": "Hash Join", "Parent Relationship": "Outer", "Parallel Aware": false, "Join Type": "Inner", "Startup Cost": 4881499.65, "Total Cost": 6272129.55, "Plan Rows": 19030, "Plan Width": 8, "Inner Unique": true, "Hash Cond": "(part.p_partkey = lineitem_1.l_partkey)", "Join Filter": "(lineitem.l_quantity < ((0.2 * avg(lineitem_1.l_quantity))))", "Plans": [{"Node Type": "Gather", "Parent Relationship": "Outer", "Parallel Aware": false, "Startup Cost": 51647.42, "Total Cost": 1426440.04, "Plan Rows": 59536, "Plan Width": 21, "Workers Planned": 3, "Single Copy": false, "Plans": [{"Node Type": "Hash Join", "Parent Relationship": "Outer", "Parallel Aware": true, "Join Type": "Inner", "Startup Cost": 50647.42, "Total Cost": 1419486.44, "Plan Rows": 19205, "Plan Width": 21, "Inner Unique": true, "Hash Cond": "(lineitem.l_partkey = part.p_partkey)", "Plans": [{"Node Type": "Seq Scan", "Parent Relationship": "Outer", "Parallel Aware": true, "Relation Name": "lineitem", "Alias": "lineitem", "Startup Cost": 0.0, "Total Cost": 1318044.5, "Plan Rows": 19350250, "Plan Width": 17}, {"Node Type": "Hash", "Parent Relationship": "Inner", "Parallel Aware": true, "Startup Cost": 50639.42, "Total Cost": 50639.42, "Plan Rows": 640, "Plan Width": 4, "Plans": [{"Node Type": "Seq Scan", "Parent Relationship": "Outer", "Parallel Aware": true, "Relation Name": "part", "Alias": "part", "Startup Cost": 0.0, "Total Cost": 50639.42, "Plan Rows": 640, "Plan Width": 4, "Filter": "((p_brand = 'Brand#13'::bpchar) AND (p_container = 'WRAP PACK'::bpchar))"}]}]}]}, {"Node Type": "Hash", "Parent Relationship": "Inner", "Parallel Aware": false, "Startup Cost": 4790896.89, "Total Cost": 4790896.89, "Plan Rows": 1917787, "Plan Width": 36, "Plans": [{"Node Type": "Aggregate", "Strategy": "Sorted", "Partial Mode": "Finalize", "Parent Relationship": "Outer", "Parallel Aware": false, "Startup Cost": 3854682.88, "Total Cost": 4771719.02, "Plan Rows": 1917787, "Plan Width": 36, "Group Key": ["lineitem_1.l_partkey"], "Plans": [{"Node Type": "Gather Merge", "Parent Relationship": "Outer", "Parallel Aware": false, "Startup Cost": 3854682.88, "Total Cost": 4699802.01, "Plan Rows": 5753361, "Plan Width": 36, "Workers Planned": 3, "Plans": [{"Node Type": "Aggregate", "Strategy": "Sorted", "Partial Mode": "Partial", "Parent Relationship": "Outer", "Parallel Aware": false, "Startup Cost": 3853682.84, "Total Cost": 4022782.05, "Plan Rows": 1917787, "Plan Width": 36, "Group Key": ["lineitem_1.l_partkey"], "Plans": [{"Node Type": "Sort", "Parent Relationship": "Outer", "Parallel Aware": false, "Startup Cost": 3853682.84, "Total Cost": 3902058.46, "Plan Rows": 19350250, "Plan Width": 9, "Sort Key": ["lineitem_1.l_partkey"], "Plans": [{"Node Type": "Seq Scan", "Parent Relationship": "Outer", "Parallel Aware": true, "Relation Name": "lineitem", "Alias": "lineitem_1", "Startup Cost": 0.0, "Total Cost": 1318044.5, "Plan Rows": 19350250, "Plan Width": 9}]}]}]}]}]}]}]}]}}, {"Plan": {"Node Type": "Limit", "Parallel Aware": false, "Startup Cost": 10005654647.57, "Total Cost": 10005654647.58, "Plan Rows": 1, "Plan Width": 32, "Plans": [{"Node Type": "Aggregate", "Strategy": "Plain", "Partial Mode": "Simple", "Parent Relationship": "Outer", "Parallel Aware": false, "Startup Cost": 10005654647.57, "Total Cost": 10005654647.58, "Plan Rows": 1, "Plan Width": 32, "Plans": [{"Node Type": "Nested Loop", "Parent Relationship": "Outer", "Parallel Aware": false, "Join Type": "Inner", "Startup Cost": 10000000001.9, "Total Cost": 10005654599.99, "Plan Rows": 19030, "Plan Width": 8, "Inner Unique": false, "Join Filter": "(part.p_partkey = lineitem.l_partkey)", "Plans": [{"Node Type": "Nested Loop", "Parent Relationship": "Outer", "Parallel Aware": false, "Join Type": "Inner", "Startup Cost": 10000000001.0, "Total Cost": 10005649681.77, "Plan Rows": 1903, "Plan Width": 40, "Inner Unique": true, "Plans": [{"Node Type": "Aggregate", "Strategy": "Sorted", "Partial Mode": "Simple", "Parent Relationship": "Outer", "Parallel Aware": false, "Startup Cost": 10000000000.57, "Total Cost": 10002646625.56, "Plan Rows": 1917787, "Plan Width": 36, "Group Key": ["lineitem_1.l_partkey"], "Plans": [{"Node Type": "Index Scan", "Parent Relationship": "Outer", "Parallel Aware": false, "Scan Direction": "Forward", "Index Name": "idx_lineitem_part_supp", "Relation Name": "lineitem", "Alias": "lineitem_1", "Startup Cost": 10000000000.57, "Total Cost": 10002317929.87, "Plan Rows": 59985776, "Plan Width": 9}]}, {"Node Type": "Bitmap Heap Scan", "Parent Relationship": "Inner", "Parallel Aware": false, "Relation Name": "part", "Alias": "part", "Startup Cost": 0.44, "Total Cost": 1.56, "Plan Rows": 1, "Plan Width": 4, "Recheck Cond": "(p_partkey = lineitem_1.l_partkey)", "Filter": "((p_brand = 'Brand#13'::bpchar) AND (p_container = 'WRAP PACK'::bpchar))", "Plans": [{"Node Type": "Bitmap Index Scan", "Parent Relationship": "Outer", "Parallel Aware": false, "Index Name": "part_pkey", "Startup Cost": 0.0, "Total Cost": 0.44, "Plan Rows": 1, "Plan Width": 0, "Index Cond": "(p_partkey = lineitem_1.l_partkey)"}]}]}, {"Node Type": "Bitmap Heap Scan", "Parent Relationship": "Inner", "Parallel Aware": false, "Relation Name": "lineitem", "Alias": "lineitem", "Startup Cost": 0.89, "Total Cost": 2.46, "Plan Rows": 10, "Plan Width": 17, "Recheck Cond": "(l_partkey = lineitem_1.l_partkey)", "Filter": "(l_quantity < ((0.2 * avg(lineitem_1.l_quantity))))", "Plans": [{"Node Type": "Bitmap Index Scan", "Parent Relationship": "Outer", "Parallel Aware": false, "Index Name": "idx_lineitem_part_supp", "Startup Cost": 0.0, "Total Cost": 0.89, "Plan Rows": 31, "Plan Width": 0, "Index Cond": "(l_partkey = lineitem_1.l_partkey)"}]}]}]}]}}, {"Plan": {"Node Type": "Limit", "Parallel Aware": false, "Startup Cost": 4852759.62, "Total Cost": 4852759.64, "Plan Rows": 1, "Plan Width": 32, "Plans": [{"Node Type": "Aggregate", "Strategy": "Plain", "Partial Mode": "Simple", "Parent Relationship": "Outer", "Parallel Aware": false, "Startup Cost": 4852759.62, "Total Cost": 4852759.64, "Plan Rows": 1, "Plan Width": 32, "Plans": [{"Node Type": "Nested Loop", "Parent Relationship": "Outer", "Parallel Aware": false, "Join Type": "Inner", "Startup Cost": 3906546.51, "Total Cost": 4852712.05, "Plan Rows": 19030, "Plan Width": 8, "Inner Unique": false, "Join Filter": "(part.p_partkey = lineitem.l_partkey)", "Plans": [{"Node Type": "Hash Join", "Parent Relationship": "Outer", "Parallel Aware": false, "Join Type": "Inner", "Startup Cost": 3906545.61, "Total Cost": 4847793.83, "Plan Rows": 1903, "Plan Width": 40, "Inner Unique": true, "Hash Cond": "(lineitem_1.l_partkey = part.p_partkey)", "Plans": [{"Node Type": "Aggregate", "Strategy": "Sorted", "Partial Mode": "Finalize", "Parent Relationship": "Outer", "Parallel Aware": false, "Startup Cost": 3854682.88, "Total Cost": 4771719.02, "Plan Rows": 1917787, "Plan Width": 36, "Group Key": ["lineitem_1.l_partkey"], "Plans": [{"Node Type": "Gather Merge", "Parent Relationship": "Outer", "Parallel Aware": false, "Startup Cost": 3854682.88, "Total Cost": 4699802.01, "Plan Rows": 5753361, "Plan Width": 36, "Workers Planned": 3, "Plans": [{"Node Type": "Aggregate", "Strategy": "Sorted", "Partial Mode": "Partial", "Parent Relationship": "Outer", "Parallel Aware": false, "Startup Cost": 3853682.84, "Total Cost": 4022782.05, "Plan Rows": 1917787, "Plan Width": 36, "Group Key": ["lineitem_1.l_partkey"], "Plans": [{"Node Type": "Sort", "Parent Relationship": "Outer", "Parallel Aware": false, "Startup Cost": 3853682.84, "Total Cost": 3902058.46, "Plan Rows": 19350250, "Plan Width": 9, "Sort Key": ["lineitem_1.l_partkey"], "Plans": [{"Node Type": "Seq Scan", "Parent Relationship": "Outer", "Parallel Aware": true, "Relation Name": "lineitem", "Alias": "lineitem_1", "Startup Cost": 0.0, "Total Cost": 1318044.5, "Plan Rows": 19350250, "Plan Width": 9}]}]}]}]}, {"Node Type": "Hash", "Parent Relationship": "Inner", "Parallel Aware": false, "Startup Cost": 51837.92, "Total Cost": 51837.92, "Plan Rows": 1985, "Plan Width": 4, "Plans": [{"Node Type": "Gather", "Parent Relationship": "Outer", "Parallel Aware": false, "Startup Cost": 1000.0, "Total Cost": 51837.92, "Plan Rows": 1985, "Plan Width": 4, "Workers Planned": 3, "Single Copy": false, "Plans": [{"Node Type": "Seq Scan", "Parent Relationship": "Outer", "Parallel Aware": true, "Relation Name": "part", "Alias": "part", "Startup Cost": 0.0, "Total Cost": 50639.42, "Plan Rows": 640, "Plan Width": 4, "Filter": "((p_brand = 'Brand#13'::bpchar) AND (p_container = 'WRAP PACK'::bpchar))"}]}]}]}, {"Node Type": "Bitmap Heap Scan", "Parent Relationship": "Inner", "Parallel Aware": false, "Relation Name": "lineitem", "Alias": "lineitem", "Startup Cost": 0.89, "Total Cost": 2.46, "Plan Rows": 10, "Plan Width": 17, "Recheck Cond": "(l_partkey = lineitem_1.l_partkey)", "Filter": "(l_quantity < ((0.2 * avg(lineitem_1.l_quantity))))", "Plans": [{"Node Type": "Bitmap Index Scan", "Parent Relationship": "Outer", "Parallel Aware": false, "Index Name": "idx_lineitem_part_supp", "Startup Cost": 0.0, "Total Cost": 0.89, "Plan Rows": 31, "Plan Width": 0, "Index Cond": "(l_partkey = lineitem_1.l_partkey)"}]}]}]}]}}, {"Plan": {"Node Type": "Limit", "Parallel Aware": false, "Startup Cost": 6272177.13, "Total Cost": 6272177.14, "Plan Rows": 1, "Plan Width": 32, "Plans": [{"Node Type": "Aggregate", "Strategy": "Plain", "Partial Mode": "Simple", "Parent Relationship": "Outer", "Parallel Aware": false, "Startup Cost": 6272177.13, "Total Cost": 6272177.14, "Plan Rows": 1, "Plan Width": 32, "Plans": [{"Node Type": "Hash Join", "Parent Relationship": "Outer", "Parallel Aware": false, "Join Type": "Inner", "Startup Cost": 4881499.65, "Total Cost": 6272129.55, "Plan Rows": 19030, "Plan Width": 8, "Inner Unique": true, "Hash Cond": "(part.p_partkey = lineitem_1.l_partkey)", "Join Filter": "(lineitem.l_quantity < ((0.2 * avg(lineitem_1.l_quantity))))", "Plans": [{"Node Type": "Gather", "Parent Relationship": "Outer", "Parallel Aware": false, "Startup Cost": 51647.42, "Total Cost": 1426440.04, "Plan Rows": 59536, "Plan Width": 21, "Workers Planned": 3, "Single Copy": false, "Plans": [{"Node Type": "Hash Join", "Parent Relationship": "Outer", "Parallel Aware": true, "Join Type": "Inner", "Startup Cost": 50647.42, "Total Cost": 1419486.44, "Plan Rows": 19205, "Plan Width": 21, "Inner Unique": true, "Hash Cond": "(lineitem.l_partkey = part.p_partkey)", "Plans": [{"Node Type": "Seq Scan", "Parent Relationship": "Outer", "Parallel Aware": true, "Relation Name": "lineitem", "Alias": "lineitem", "Startup Cost": 0.0, "Total Cost": 1318044.5, "Plan Rows": 19350250, "Plan Width": 17}, {"Node Type": "Hash", "Parent Relationship": "Inner", "Parallel Aware": true, "Startup Cost": 50639.42, "Total Cost": 50639.42, "Plan Rows": 640, "Plan Width": 4, "Plans": [{"Node Type": "Seq Scan", "Parent Relationship": "Outer", "Parallel Aware": true, "Relation Name": "part", "Alias": "part", "Startup Cost": 0.0, "Total Cost": 50639.42, "Plan Rows": 640, "Plan Width": 4, "Filter": "((p_brand = 'Brand#13'::bpchar) AND (p_container = 'WRAP PACK'::bpchar))"}]}]}]}, {"Node Type": "Hash", "Parent Relationship": "Inner", "Parallel Aware": false, "Startup Cost": 4790896.89, "Total Cost": 4790896.89, "Plan Rows": 1917787, "Plan Width": 36, "Plans": [{"Node Type": "Aggregate", "Strategy": "Sorted", "Partial Mode": "Finalize", "Parent Relationship": "Outer", "Parallel Aware": false, "Startup Cost": 3854682.88, "Total Cost": 4771719.02, "Plan Rows": 1917787, "Plan Width": 36, "Group Key": ["lineitem_1.l_partkey"], "Plans": [{"Node Type": "Gather Merge", "Parent Relationship": "Outer", "Parallel Aware": false, "Startup Cost": 3854682.88, "Total Cost": 4699802.01, "Plan Rows": 5753361, "Plan Width": 36, "Workers Planned": 3, "Plans": [{"Node Type": "Aggregate", "Strategy": "Sorted", "Partial Mode": "Partial", "Parent Relationship": "Outer", "Parallel Aware": false, "Startup Cost": 3853682.84, "Total Cost": 4022782.05, "Plan Rows": 1917787, "Plan Width": 36, "Group Key": ["lineitem_1.l_partkey"], "Plans": [{"Node Type": "Sort", "Parent Relationship": "Outer", "Parallel Aware": false, "Startup Cost": 3853682.84, "Total Cost": 3902058.46, "Plan Rows": 19350250, "Plan Width": 9, "Sort Key": ["lineitem_1.l_partkey"], "Plans": [{"Node Type": "Seq Scan", "Parent Relationship": "Outer", "Parallel Aware": true, "Relation Name": "lineitem", "Alias": "lineitem_1", "Startup Cost": 0.0, "Total Cost": 1318044.5, "Plan Rows": 19350250, "Plan Width": 9}]}]}]}]}]}]}]}]}}, {"Plan": {"Node Type": "Limit", "Parallel Aware": false, "Startup Cost": 4750086.63, "Total Cost": 4750086.65, "Plan Rows": 1, "Plan Width": 32, "Plans": [{"Node Type": "Aggregate", "Strategy": "Plain", "Partial Mode": "Finalize", "Parent Relationship": "Outer", "Parallel Aware": false, "Startup Cost": 4750086.63, "Total Cost": 4750086.65, "Plan Rows": 1, "Plan Width": 32, "Plans": [{"Node Type": "Gather", "Parent Relationship": "Outer", "Parallel Aware": false, "Startup Cost": 4750086.31, "Total Cost": 4750086.62, "Plan Rows": 3, "Plan Width": 32, "Workers Planned": 3, "Single Copy": false, "Plans": [{"Node Type": "Aggregate", "Strategy": "Plain", "Partial Mode": "Partial", "Parent Relationship": "Outer", "Parallel Aware": false, "Startup Cost": 4749086.31, "Total Cost": 4749086.32, "Plan Rows": 1, "Plan Width": 32, "Plans": [{"Node Type": "Hash Join", "Parent Relationship": "Outer", "Parallel Aware": false, "Join Type": "Inner", "Startup Cost": 2771442.98, "Total Cost": 4749070.96, "Plan Rows": 6139, "Plan Width": 8, "Inner Unique": true, "Hash Cond": "(part.p_partkey = lineitem_1.l_partkey)", "Join Filter": "(lineitem.l_quantity < ((0.2 * avg(lineitem_1.l_quantity))))", "Plans": [{"Node Type": "Hash Join", "Parent Relationship": "Outer", "Parallel Aware": true, "Join Type": "Inner", "Startup Cost": 66684.21, "Total Cost": 2029052.78, "Plan Rows": 19205, "Plan Width": 21, "Inner Unique": true, "Hash Cond": "(lineitem.l_partkey = part.p_partkey)", "Plans": [{"Node Type": "Index Scan", "Parent Relationship": "Outer", "Parallel Aware": true, "Scan Direction": "Forward", "Index Name": "idx_lineitem_part_supp", "Relation Name": "lineitem", "Alias": "lineitem", "Startup Cost": 0.56, "Total Cost": 1911574.61, "Plan Rows": 19350250, "Plan Width": 17}, {"Node Type": "Hash", "Parent Relationship": "Inner", "Parallel Aware": true, "Startup Cost": 66675.65, "Total Cost": 66675.65, "Plan Rows": 640, "Plan Width": 4, "Plans": [{"Node Type": "Index Scan", "Parent Relationship": "Outer", "Parallel Aware": true, "Scan Direction": "Forward", "Index Name": "part_pkey", "Relation Name": "part", "Alias": "part", "Startup Cost": 0.43, "Total Cost": 66675.65, "Plan Rows": 640, "Plan Width": 4, "Filter": "((p_brand = 'Brand#13'::bpchar) AND (p_container = 'WRAP PACK'::bpchar))"}]}]}, {"Node Type": "Hash", "Parent Relationship": "Inner", "Parallel Aware": false, "Startup Cost": 2665803.43, "Total Cost": 2665803.43, "Plan Rows": 1917787, "Plan Width": 36, "Plans": [{"Node Type": "Aggregate", "Strategy": "Sorted", "Partial Mode": "Simple", "Parent Relationship": "Outer", "Parallel Aware": false, "Startup Cost": 0.56, "Total Cost": 2646625.56, "Plan Rows": 1917787, "Plan Width": 36, "Group Key": ["lineitem_1.l_partkey"], "Plans": [{"Node Type": "Index Scan", "Parent Relationship": "Outer", "Parallel Aware": false, "Scan Direction": "Forward", "Index Name": "idx_lineitem_part_supp", "Relation Name": "lineitem", "Alias": "lineitem_1", "Startup Cost": 0.56, "Total Cost": 2317929.87, "Plan Rows": 59985776, "Plan Width": 9}]}]}]}]}]}]}]}}, {"Plan": {"Node Type": "Limit", "Parallel Aware": false, "Startup Cost": 4718908.24, "Total Cost": 4718908.25, "Plan Rows": 1, "Plan Width": 32, "Plans": [{"Node Type": "Aggregate", "Strategy": "Plain", "Partial Mode": "Finalize", "Parent Relationship": "Outer", "Parallel Aware": false, "Startup Cost": 4718908.24, "Total Cost": 4718908.25, "Plan Rows": 1, "Plan Width": 32, "Plans": [{"Node Type": "Gather", "Parent Relationship": "Outer", "Parallel Aware": false, "Startup Cost": 4718907.91, "Total Cost": 4718908.22, "Plan Rows": 3, "Plan Width": 32, "Workers Planned": 3, "Single Copy": false, "Plans": [{"Node Type": "Aggregate", "Strategy": "Plain", "Partial Mode": "Partial", "Parent Relationship": "Outer", "Parallel Aware": false, "Startup Cost": 4717907.91, "Total Cost": 4717907.92, "Plan Rows": 1, "Plan Width": 32, "Plans": [{"Node Type": "Merge Join", "Parent Relationship": "Outer", "Parallel Aware": false, "Join Type": "Inner", "Startup Cost": 19.18, "Total Cost": 4717892.56, "Plan Rows": 6139, "Plan Width": 8, "Inner Unique": false, "Merge Cond": "(lineitem.l_partkey = part.p_partkey)", "Join Filter": "(lineitem.l_quantity < ((0.2 * avg(lineitem_1.l_quantity))))", "Plans": [{"Node Type": "Index Scan", "Parent Relationship": "Outer", "Parallel Aware": true, "Scan Direction": "Forward", "Index Name": "idx_lineitem_part_supp", "Relation Name": "lineitem", "Alias": "lineitem", "Startup Cost": 0.56, "Total Cost": 1911574.61, "Plan Rows": 19350250, "Plan Width": 17}, {"Node Type": "Materialize", "Parent Relationship": "Inner", "Parallel Aware": false, "Startup Cost": 0.99, "Total Cost": 2757624.87, "Plan Rows": 1903, "Plan Width": 40, "Plans": [{"Node Type": "Merge Join", "Parent Relationship": "Outer", "Parallel Aware": false, "Join Type": "Inner", "Startup Cost": 0.99, "Total Cost": 2757620.11, "Plan Rows": 1903, "Plan Width": 40, "Inner Unique": true, "Merge Cond": "(part.p_partkey = lineitem_1.l_partkey)", "Plans": [{"Node Type": "Index Scan", "Parent Relationship": "Outer", "Parallel Aware": false, "Scan Direction": "Forward", "Index Name": "part_pkey", "Relation Name": "part", "Alias": "part", "Startup Cost": 0.43, "Total Cost": 86998.23, "Plan Rows": 1985, "Plan Width": 4, "Filter": "((p_brand = 'Brand#13'::bpchar) AND (p_container = 'WRAP PACK'::bpchar))"}, {"Node Type": "Aggregate", "Strategy": "Sorted", "Partial Mode": "Simple", "Parent Relationship": "Inner", "Parallel Aware": false, "Startup Cost": 0.56, "Total Cost": 2646625.56, "Plan Rows": 1917787, "Plan Width": 36, "Group Key": ["lineitem_1.l_partkey"], "Plans": [{"Node Type": "Index Scan", "Parent Relationship": "Outer", "Parallel Aware": false, "Scan Direction": "Forward", "Index Name": "idx_lineitem_part_supp", "Relation Name": "lineitem", "Alias": "lineitem_1", "Startup Cost": 0.56, "Total Cost": 2317929.87, "Plan Rows": 59985776, "Plan Width": 9}]}]}]}]}]}]}]}]}}, {"Plan": {"Node Type": "Limit", "Parallel Aware": false, "Startup Cost": 2761567.83, "Total Cost": 2761567.84, "Plan Rows": 1, "Plan Width": 32, "Plans": [{"Node Type": "Aggregate", "Strategy": "Plain", "Partial Mode": "Simple", "Parent Relationship": "Outer", "Parallel Aware": false, "Startup Cost": 2761567.83, "Total Cost": 2761567.84, "Plan Rows": 1, "Plan Width": 32, "Plans": [{"Node Type": "Nested Loop", "Parent Relationship": "Outer", "Parallel Aware": false, "Join Type": "Inner", "Startup Cost": 1.56, "Total Cost": 2761520.25, "Plan Rows": 19030, "Plan Width": 8, "Inner Unique": false, "Join Filter": "(part.p_partkey = lineitem.l_partkey)", "Plans": [{"Node Type": "Merge Join", "Parent Relationship": "Outer", "Parallel Aware": false, "Join Type": "Inner", "Startup Cost": 0.99, "Total Cost": 2757620.11, "Plan Rows": 1903, "Plan Width": 40, "Inner Unique": true, "Merge Cond": "(part.p_partkey = lineitem_1.l_partkey)", "Plans": [{"Node Type": "Index Scan", "Parent Relationship": "Outer", "Parallel Aware": false, "Scan Direction": "Forward", "Index Name": "part_pkey", "Relation Name": "part", "Alias": "part", "Startup Cost": 0.43, "Total Cost": 86998.23, "Plan Rows": 1985, "Plan Width": 4, "Filter": "((p_brand = 'Brand#13'::bpchar) AND (p_container = 'WRAP PACK'::bpchar))"}, {"Node Type": "Aggregate", "Strategy": "Sorted", "Partial Mode": "Simple", "Parent Relationship": "Inner", "Parallel Aware": false, "Startup Cost": 0.56, "Total Cost": 2646625.56, "Plan Rows": 1917787, "Plan Width": 36, "Group Key": ["lineitem_1.l_partkey"], "Plans": [{"Node Type": "Index Scan", "Parent Relationship": "Outer", "Parallel Aware": false, "Scan Direction": "Forward", "Index Name": "idx_lineitem_part_supp", "Relation Name": "lineitem", "Alias": "lineitem_1", "Startup Cost": 0.56, "Total Cost": 2317929.87, "Plan Rows": 59985776, "Plan Width": 9}]}]}, {"Node Type": "Index Scan", "Parent Relationship": "Inner", "Parallel Aware": false, "Scan Direction": "Forward", "Index Name": "idx_lineitem_part_supp", "Relation Name": "lineitem", "Alias": "lineitem", "Startup Cost": 0.56, "Total Cost": 1.92, "Plan Rows": 10, "Plan Width": 17, "Index Cond": "(l_partkey = lineitem_1.l_partkey)", "Filter": "(l_quantity < ((0.2 * avg(lineitem_1.l_quantity))))"}]}]}]}}, {"Plan": {"Node Type": "Limit", "Parallel Aware": false, "Startup Cost": 2723550.53, "Total Cost": 2723550.55, "Plan Rows": 1, "Plan Width": 32, "Plans": [{"Node Type": "Aggregate", "Strategy": "Plain", "Partial Mode": "Finalize", "Parent Relationship": "Outer", "Parallel Aware": false, "Startup Cost": 2723550.53, "Total Cost": 2723550.55, "Plan Rows": 1, "Plan Width": 32, "Plans": [{"Node Type": "Gather", "Parent Relationship": "Outer", "Parallel Aware": false, "Startup Cost": 2723550.21, "Total Cost": 2723550.52, "Plan Rows": 3, "Plan Width": 32, "Workers Planned": 3, "Single Copy": false, "Plans": [{"Node Type": "Aggregate", "Strategy": "Plain", "Partial Mode": "Partial", "Parent Relationship": "Outer", "Parallel Aware": false, "Startup Cost": 2722550.21, "Total Cost": 2722550.22, "Plan Rows": 1, "Plan Width": 32, "Plans": [{"Node Type": "Nested Loop", "Parent Relationship": "Outer", "Parallel Aware": false, "Join Type": "Inner", "Startup Cost": 50670.38, "Total Cost": 2722534.86, "Plan Rows": 6139, "Plan Width": 8, "Inner Unique": false, "Join Filter": "(part.p_partkey = lineitem.l_partkey)", "Plans": [{"Node Type": "Merge Join", "Parent Relationship": "Outer", "Parallel Aware": false, "Join Type": "Inner", "Startup Cost": 50669.81, "Total Cost": 2721276.48, "Plan Rows": 614, "Plan Width": 40, "Inner Unique": true, "Merge Cond": "(part.p_partkey = lineitem_1.l_partkey)", "Plans": [{"Node Type": "Sort", "Parent Relationship": "Outer", "Parallel Aware": false, "Startup Cost": 50669.25, "Total Cost": 50670.85, "Plan Rows": 640, "Plan Width": 4, "Sort Key": ["part.p_partkey"], "Plans": [{"Node Type": "Seq Scan", "Parent Relationship": "Outer", "Parallel Aware": true, "Relation Name": "part", "Alias": "part", "Startup Cost": 0.0, "Total Cost": 50639.42, "Plan Rows": 640, "Plan Width": 4, "Filter": "((p_brand = 'Brand#13'::bpchar) AND (p_container = 'WRAP PACK'::bpchar))"}]}, {"Node Type": "Aggregate", "Strategy": "Sorted", "Partial Mode": "Simple", "Parent Relationship": "Inner", "Parallel Aware": false, "Startup Cost": 0.56, "Total Cost": 2646625.56, "Plan Rows": 1917787, "Plan Width": 36, "Group Key": ["lineitem_1.l_partkey"], "Plans": [{"Node Type": "Index Scan", "Parent Relationship": "Outer", "Parallel Aware": false, "Scan Direction": "Forward", "Index Name": "idx_lineitem_part_supp", "Relation Name": "lineitem", "Alias": "lineitem_1", "Startup Cost": 0.56, "Total Cost": 2317929.87, "Plan Rows": 59985776, "Plan Width": 9}]}]}, {"Node Type": "Index Scan", "Parent Relationship": "Inner", "Parallel Aware": false, "Scan Direction": "Forward", "Index Name": "idx_lineitem_part_supp", "Relation Name": "lineitem", "Alias": "lineitem", "Startup Cost": 0.56, "Total Cost": 1.92, "Plan Rows": 10, "Plan Width": 17, "Index Cond": "(l_partkey = lineitem_1.l_partkey)", "Filter": "(l_quantity < ((0.2 * avg(lineitem_1.l_quantity))))"}]}]}]}]}]}}, {"Plan": {"Node Type": "Limit", "Parallel Aware": false, "Startup Cost": 4097587.06, "Total Cost": 4097587.07, "Plan Rows": 1, "Plan Width": 32, "Plans": [{"Node Type": "Aggregate", "Strategy": "Plain", "Partial Mode": "Finalize", "Parent Relationship": "Outer", "Parallel Aware": false, "Startup Cost": 4097587.06, "Total Cost": 4097587.07, "Plan Rows": 1, "Plan Width": 32, "Plans": [{"Node Type": "Gather", "Parent Relationship": "Outer", "Parallel Aware": false, "Startup Cost": 4097586.73, "Total Cost": 4097587.04, "Plan Rows": 3, "Plan Width": 32, "Workers Planned": 3, "Single Copy": false, "Plans": [{"Node Type": "Aggregate", "Strategy": "Plain", "Partial Mode": "Partial", "Parent Relationship": "Outer", "Parallel Aware": false, "Startup Cost": 4096586.73, "Total Cost": 4096586.74, "Plan Rows": 1, "Plan Width": 32, "Plans": [{"Node Type": "Merge Join", "Parent Relationship": "Outer", "Parallel Aware": false, "Join Type": "Inner", "Startup Cost": 1420853.36, "Total Cost": 4096571.38, "Plan Rows": 6139, "Plan Width": 8, "Inner Unique": true, "Merge Cond": "(part.p_partkey = lineitem_1.l_partkey)", "Join Filter": "(lineitem.l_quantity < ((0.2 * avg(lineitem_1.l_quantity))))", "Plans": [{"Node Type": "Sort", "Parent Relationship": "Outer", "Parallel Aware": false, "Startup Cost": 1420852.8, "Total Cost": 1420900.81, "Plan Rows": 19205, "Plan Width": 21, "Sort Key": ["lineitem.l_partkey"], "Plans": [{"Node Type": "Hash Join", "Parent Relationship": "Outer", "Parallel Aware": true, "Join Type": "Inner", "Startup Cost": 50647.42, "Total Cost": 1419486.44, "Plan Rows": 19205, "Plan Width": 21, "Inner Unique": true, "Hash Cond": "(lineitem.l_partkey = part.p_partkey)", "Plans": [{"Node Type": "Seq Scan", "Parent Relationship": "Outer", "Parallel Aware": true, "Relation Name": "lineitem", "Alias": "lineitem", "Startup Cost": 0.0, "Total Cost": 1318044.5, "Plan Rows": 19350250, "Plan Width": 17}, {"Node Type": "Hash", "Parent Relationship": "Inner", "Parallel Aware": true, "Startup Cost": 50639.42, "Total Cost": 50639.42, "Plan Rows": 640, "Plan Width": 4, "Plans": [{"Node Type": "Seq Scan", "Parent Relationship": "Outer", "Parallel Aware": true, "Relation Name": "part", "Alias": "part", "Startup Cost": 0.0, "Total Cost": 50639.42, "Plan Rows": 640, "Plan Width": 4, "Filter": "((p_brand = 'Brand#13'::bpchar) AND (p_container = 'WRAP PACK'::bpchar))"}]}]}]}, {"Node Type": "Materialize", "Parent Relationship": "Inner", "Parallel Aware": false, "Startup Cost": 0.56, "Total Cost": 2670597.89, "Plan Rows": 1917787, "Plan Width": 36, "Plans": [{"Node Type": "Aggregate", "Strategy": "Sorted", "Partial Mode": "Simple", "Parent Relationship": "Outer", "Parallel Aware": false, "Startup Cost": 0.56, "Total Cost": 2646625.56, "Plan Rows": 1917787, "Plan Width": 36, "Group Key": ["lineitem_1.l_partkey"], "Plans": [{"Node Type": "Index Scan", "Parent Relationship": "Outer", "Parallel Aware": false, "Scan Direction": "Forward", "Index Name": "idx_lineitem_part_supp", "Relation Name": "lineitem", "Alias": "lineitem_1", "Startup Cost": 0.56, "Total Cost": 2317929.87, "Plan Rows": 59985776, "Plan Width": 9}]}]}]}]}]}]}]}}, {"Plan": {"Node Type": "Limit", "Parallel Aware": false, "Startup Cost": 2742719.08, "Total Cost": 2742719.09, "Plan Rows": 1, "Plan Width": 32, "Plans": [{"Node Type": "Aggregate", "Strategy": "Plain", "Partial Mode": "Simple", "Parent Relationship": "Outer", "Parallel Aware": false, "Startup Cost": 2742719.08, "Total Cost": 2742719.09, "Plan Rows": 1, "Plan Width": 32, "Plans": [{"Node Type": "Nested Loop", "Parent Relationship": "Outer", "Parallel Aware": false, "Join Type": "Inner", "Startup Cost": 67934.87, "Total Cost": 2742671.5, "Plan Rows": 19030, "Plan Width": 8, "Inner Unique": false, "Join Filter": "(part.p_partkey = lineitem.l_partkey)", "Plans": [{"Node Type": "Hash Join", "Parent Relationship": "Outer", "Parallel Aware": false, "Join Type": "Inner", "Startup Cost": 67934.3, "Total Cost": 2738771.36, "Plan Rows": 1903, "Plan Width": 40, "Inner Unique": true, "Hash Cond": "(lineitem_1.l_partkey = part.p_partkey)", "Plans": [{"Node Type": "Aggregate", "Strategy": "Sorted", "Partial Mode": "Simple", "Parent Relationship": "Outer", "Parallel Aware": false, "Startup Cost": 0.56, "Total Cost": 2646625.56, "Plan Rows": 1917787, "Plan Width": 36, "Group Key": ["lineitem_1.l_partkey"], "Plans": [{"Node Type": "Index Scan", "Parent Relationship": "Outer", "Parallel Aware": false, "Scan Direction": "Forward", "Index Name": "idx_lineitem_part_supp", "Relation Name": "lineitem", "Alias": "lineitem_1", "Startup Cost": 0.56, "Total Cost": 2317929.87, "Plan Rows": 59985776, "Plan Width": 9}]}, {"Node Type": "Hash", "Parent Relationship": "Inner", "Parallel Aware": false, "Startup Cost": 67908.92, "Total Cost": 67908.92, "Plan Rows": 1985, "Plan Width": 4, "Plans": [{"Node Type": "Gather Merge", "Parent Relationship": "Outer", "Parallel Aware": false, "Startup Cost": 1000.47, "Total Cost": 67908.92, "Plan Rows": 1985, "Plan Width": 4, "Workers Planned": 3, "Plans": [{"Node Type": "Index Scan", "Parent Relationship": "Outer", "Parallel Aware": true, "Scan Direction": "Forward", "Index Name": "part_pkey", "Relation Name": "part", "Alias": "part", "Startup Cost": 0.43, "Total Cost": 66675.65, "Plan Rows": 640, "Plan Width": 4, "Filter": "((p_brand = 'Brand#13'::bpchar) AND (p_container = 'WRAP PACK'::bpchar))"}]}]}]}, {"Node Type": "Index Scan", "Parent Relationship": "Inner", "Parallel Aware": false, "Scan Direction": "Forward", "Index Name": "idx_lineitem_part_supp", "Relation Name": "lineitem", "Alias": "lineitem", "Startup Cost": 0.56, "Total Cost": 1.92, "Plan Rows": 10, "Plan Width": 17, "Index Cond": "(l_partkey = lineitem_1.l_partkey)", "Filter": "(l_quantity < ((0.2 * avg(lineitem_1.l_quantity))))"}]}]}]}}, {"Plan": {"Node Type": "Limit", "Parallel Aware": false, "Startup Cost": 2726648.08, "Total Cost": 2726648.09, "Plan Rows": 1, "Plan Width": 32, "Plans": [{"Node Type": "Aggregate", "Strategy": "Plain", "Partial Mode": "Simple", "Parent Relationship": "Outer", "Parallel Aware": false, "Startup Cost": 2726648.08, "Total Cost": 2726648.09, "Plan Rows": 1, "Plan Width": 32, "Plans": [{"Node Type": "Nested Loop", "Parent Relationship": "Outer", "Parallel Aware": false, "Join Type": "Inner", "Startup Cost": 51863.86, "Total Cost": 2726600.5, "Plan Rows": 19030, "Plan Width": 8, "Inner Unique": false, "Join Filter": "(part.p_partkey = lineitem.l_partkey)", "Plans": [{"Node Type": "Hash Join", "Parent Relationship": "Outer", "Parallel Aware": false, "Join Type": "Inner", "Startup Cost": 51863.3, "Total Cost": 2722700.36, "Plan Rows": 1903, "Plan Width": 40, "Inner Unique": true, "Hash Cond": "(lineitem_1.l_partkey = part.p_partkey)", "Plans": [{"Node Type": "Aggregate", "Strategy": "Sorted", "Partial Mode": "Simple", "Parent Relationship": "Outer", "Parallel Aware": false, "Startup Cost": 0.56, "Total Cost": 2646625.56, "Plan Rows": 1917787, "Plan Width": 36, "Group Key": ["lineitem_1.l_partkey"], "Plans": [{"Node Type": "Index Scan", "Parent Relationship": "Outer", "Parallel Aware": false, "Scan Direction": "Forward", "Index Name": "idx_lineitem_part_supp", "Relation Name": "lineitem", "Alias": "lineitem_1", "Startup Cost": 0.56, "Total Cost": 2317929.87, "Plan Rows": 59985776, "Plan Width": 9}]}, {"Node Type": "Hash", "Parent Relationship": "Inner", "Parallel Aware": false, "Startup Cost": 51837.92, "Total Cost": 51837.92, "Plan Rows": 1985, "Plan Width": 4, "Plans": [{"Node Type": "Gather", "Parent Relationship": "Outer", "Parallel Aware": false, "Startup Cost": 1000.0, "Total Cost": 51837.92, "Plan Rows": 1985, "Plan Width": 4, "Workers Planned": 3, "Single Copy": false, "Plans": [{"Node Type": "Seq Scan", "Parent Relationship": "Outer", "Parallel Aware": true, "Relation Name": "part", "Alias": "part", "Startup Cost": 0.0, "Total Cost": 50639.42, "Plan Rows": 640, "Plan Width": 4, "Filter": "((p_brand = 'Brand#13'::bpchar) AND (p_container = 'WRAP PACK'::bpchar))"}]}]}]}, {"Node Type": "Index Scan", "Parent Relationship": "Inner", "Parallel Aware": false, "Scan Direction": "Forward", "Index Name": "idx_lineitem_part_supp", "Relation Name": "lineitem", "Alias": "lineitem", "Startup Cost": 0.56, "Total Cost": 1.92, "Plan Rows": 10, "Plan Width": 17, "Index Cond": "(l_partkey = lineitem_1.l_partkey)", "Filter": "(l_quantity < ((0.2 * avg(lineitem_1.l_quantity))))"}]}]}]}}, {"Plan": {"Node Type": "Limit", "Parallel Aware": false, "Startup Cost": 4140520.29, "Total Cost": 4140520.31, "Plan Rows": 1, "Plan Width": 32, "Plans": [{"Node Type": "Aggregate", "Strategy": "Plain", "Partial Mode": "Finalize", "Parent Relationship": "Outer", "Parallel Aware": false, "Startup Cost": 4140520.29, "Total Cost": 4140520.31, "Plan Rows": 1, "Plan Width": 32, "Plans": [{"Node Type": "Gather", "Parent Relationship": "Outer", "Parallel Aware": false, "Startup Cost": 4140519.97, "Total Cost": 4140520.28, "Plan Rows": 3, "Plan Width": 32, "Workers Planned": 3, "Single Copy": false, "Plans": [{"Node Type": "Aggregate", "Strategy": "Plain", "Partial Mode": "Partial", "Parent Relationship": "Outer", "Parallel Aware": false, "Startup Cost": 4139519.97, "Total Cost": 4139519.98, "Plan Rows": 1, "Plan Width": 32, "Plans": [{"Node Type": "Hash Join", "Parent Relationship": "Outer", "Parallel Aware": false, "Join Type": "Inner", "Startup Cost": 2755406.18, "Total Cost": 4139504.62, "Plan Rows": 6139, "Plan Width": 8, "Inner Unique": true, "Hash Cond": "(part.p_partkey = lineitem_1.l_partkey)", "Join Filter": "(lineitem.l_quantity < ((0.2 * avg(lineitem_1.l_quantity))))", "Plans": [{"Node Type": "Hash Join", "Parent Relationship": "Outer", "Parallel Aware": true, "Join Type": "Inner", "Startup Cost": 50647.42, "Total Cost": 1419486.44, "Plan Rows": 19205, "Plan Width": 21, "Inner Unique": true, "Hash Cond": "(lineitem.l_partkey = part.p_partkey)", "Plans": [{"Node Type": "Seq Scan", "Parent Relationship": "Outer", "Parallel Aware": true, "Relation Name": "lineitem", "Alias": "lineitem", "Startup Cost": 0.0, "Total Cost": 1318044.5, "Plan Rows": 19350250, "Plan Width": 17}, {"Node Type": "Hash", "Parent Relationship": "Inner", "Parallel Aware": true, "Startup Cost": 50639.42, "Total Cost": 50639.42, "Plan Rows": 640, "Plan Width": 4, "Plans": [{"Node Type": "Seq Scan", "Parent Relationship": "Outer", "Parallel Aware": true, "Relation Name": "part", "Alias": "part", "Startup Cost": 0.0, "Total Cost": 50639.42, "Plan Rows": 640, "Plan Width": 4, "Filter": "((p_brand = 'Brand#13'::bpchar) AND (p_container = 'WRAP PACK'::bpchar))"}]}]}, {"Node Type": "Hash", "Parent Relationship": "Inner", "Parallel Aware": false, "Startup Cost": 2665803.43, "Total Cost": 2665803.43, "Plan Rows": 1917787, "Plan Width": 36, "Plans": [{"Node Type": "Aggregate", "Strategy": "Sorted", "Partial Mode": "Simple", "Parent Relationship": "Outer", "Parallel Aware": false, "Startup Cost": 0.56, "Total Cost": 2646625.56, "Plan Rows": 1917787, "Plan Width": 36, "Group Key": ["lineitem_1.l_partkey"], "Plans": [{"Node Type": "Index Scan", "Parent Relationship": "Outer", "Parallel Aware": false, "Scan Direction": "Forward", "Index Name": "idx_lineitem_part_supp", "Relation Name": "lineitem", "Alias": "lineitem_1", "Startup Cost": 0.56, "Total Cost": 2317929.87, "Plan Rows": 59985776, "Plan Width": 9}]}]}]}]}]}]}]}}, {"Plan": {"Node Type": "Limit", "Parallel Aware": false, "Startup Cost": 4852632.76, "Total Cost": 4852632.77, "Plan Rows": 1, "Plan Width": 32, "Plans": [{"Node Type": "Aggregate", "Strategy": "Plain", "Partial Mode": "Simple", "Parent Relationship": "Outer", "Parallel Aware": false, "Startup Cost": 4852632.76, "Total Cost": 4852632.77, "Plan Rows": 1, "Plan Width": 32, "Plans": [{"Node Type": "Nested Loop", "Parent Relationship": "Outer", "Parallel Aware": false, "Join Type": "Inner", "Startup Cost": 3906630.42, "Total Cost": 4852585.18, "Plan Rows": 19030, "Plan Width": 8, "Inner Unique": false, "Join Filter": "(part.p_partkey = lineitem.l_partkey)", "Plans": [{"Node Type": "Merge Join", "Parent Relationship": "Outer", "Parallel Aware": false, "Join Type": "Inner", "Startup Cost": 3906629.53, "Total Cost": 4847666.96, "Plan Rows": 1903, "Plan Width": 40, "Inner Unique": true, "Merge Cond": "(part.p_partkey = lineitem_1.l_partkey)", "Plans": [{"Node Type": "Sort", "Parent Relationship": "Outer", "Parallel Aware": false, "Startup Cost": 51946.65, "Total Cost": 51951.61, "Plan Rows": 1985, "Plan Width": 4, "Sort Key": ["part.p_partkey"], "Plans": [{"Node Type": "Gather", "Parent Relationship": "Outer", "Parallel Aware": false, "Startup Cost": 1000.0, "Total Cost": 51837.92, "Plan Rows": 1985, "Plan Width": 4, "Workers Planned": 3, "Single Copy": false, "Plans": [{"Node Type": "Seq Scan", "Parent Relationship": "Outer", "Parallel Aware": true, "Relation Name": "part", "Alias": "part", "Startup Cost": 0.0, "Total Cost": 50639.42, "Plan Rows": 640, "Plan Width": 4, "Filter": "((p_brand = 'Brand#13'::bpchar) AND (p_container = 'WRAP PACK'::bpchar))"}]}]}, {"Node Type": "Aggregate", "Strategy": "Sorted", "Partial Mode": "Finalize", "Parent Relationship": "Inner", "Parallel Aware": false, "Startup Cost": 3854682.88, "Total Cost": 4771719.02, "Plan Rows": 1917787, "Plan Width": 36, "Group Key": ["lineitem_1.l_partkey"], "Plans": [{"Node Type": "Gather Merge", "Parent Relationship": "Outer", "Parallel Aware": false, "Startup Cost": 3854682.88, "Total Cost": 4699802.01, "Plan Rows": 5753361, "Plan Width": 36, "Workers Planned": 3, "Plans": [{"Node Type": "Aggregate", "Strategy": "Sorted", "Partial Mode": "Partial", "Parent Relationship": "Outer", "Parallel Aware": false, "Startup Cost": 3853682.84, "Total Cost": 4022782.05, "Plan Rows": 1917787, "Plan Width": 36, "Group Key": ["lineitem_1.l_partkey"], "Plans": [{"Node Type": "Sort", "Parent Relationship": "Outer", "Parallel Aware": false, "Startup Cost": 3853682.84, "Total Cost": 3902058.46, "Plan Rows": 19350250, "Plan Width": 9, "Sort Key": ["lineitem_1.l_partkey"], "Plans": [{"Node Type": "Seq Scan", "Parent Relationship": "Outer", "Parallel Aware": true, "Relation Name": "lineitem", "Alias": "lineitem_1", "Startup Cost": 0.0, "Total Cost": 1318044.5, "Plan Rows": 19350250, "Plan Width": 9}]}]}]}]}]}, {"Node Type": "Bitmap Heap Scan", "Parent Relationship": "Inner", "Parallel Aware": false, "Relation Name": "lineitem", "Alias": "lineitem", "Startup Cost": 0.89, "Total Cost": 2.46, "Plan Rows": 10, "Plan Width": 17, "Recheck Cond": "(l_partkey = lineitem_1.l_partkey)", "Filter": "(l_quantity < ((0.2 * avg(lineitem_1.l_quantity))))", "Plans": [{"Node Type": "Bitmap Index Scan", "Parent Relationship": "Outer", "Parallel Aware": false, "Index Name": "idx_lineitem_part_supp", "Startup Cost": 0.0, "Total Cost": 0.89, "Plan Rows": 31, "Plan Width": 0, "Index Cond": "(l_partkey = lineitem_1.l_partkey)"}]}]}]}]}}, {"Plan": {"Node Type": "Limit", "Parallel Aware": false, "Startup Cost": 6272177.13, "Total Cost": 6272177.14, "Plan Rows": 1, "Plan Width": 32, "Plans": [{"Node Type": "Aggregate", "Strategy": "Plain", "Partial Mode": "Simple", "Parent Relationship": "Outer", "Parallel Aware": false, "Startup Cost": 6272177.13, "Total Cost": 6272177.14, "Plan Rows": 1, "Plan Width": 32, "Plans": [{"Node Type": "Hash Join", "Parent Relationship": "Outer", "Parallel Aware": false, "Join Type": "Inner", "Startup Cost": 4881499.65, "Total Cost": 6272129.55, "Plan Rows": 19030, "Plan Width": 8, "Inner Unique": true, "Hash Cond": "(part.p_partkey = lineitem_1.l_partkey)", "Join Filter": "(lineitem.l_quantity < ((0.2 * avg(lineitem_1.l_quantity))))", "Plans": [{"Node Type": "Gather", "Parent Relationship": "Outer", "Parallel Aware": false, "Startup Cost": 51647.42, "Total Cost": 1426440.04, "Plan Rows": 59536, "Plan Width": 21, "Workers Planned": 3, "Single Copy": false, "Plans": [{"Node Type": "Hash Join", "Parent Relationship": "Outer", "Parallel Aware": true, "Join Type": "Inner", "Startup Cost": 50647.42, "Total Cost": 1419486.44, "Plan Rows": 19205, "Plan Width": 21, "Inner Unique": true, "Hash Cond": "(lineitem.l_partkey = part.p_partkey)", "Plans": [{"Node Type": "Seq Scan", "Parent Relationship": "Outer", "Parallel Aware": true, "Relation Name": "lineitem", "Alias": "lineitem", "Startup Cost": 0.0, "Total Cost": 1318044.5, "Plan Rows": 19350250, "Plan Width": 17}, {"Node Type": "Hash", "Parent Relationship": "Inner", "Parallel Aware": true, "Startup Cost": 50639.42, "Total Cost": 50639.42, "Plan Rows": 640, "Plan Width": 4, "Plans": [{"Node Type": "Seq Scan", "Parent Relationship": "Outer", "Parallel Aware": true, "Relation Name": "part", "Alias": "part", "Startup Cost": 0.0, "Total Cost": 50639.42, "Plan Rows": 640, "Plan Width": 4, "Filter": "((p_brand = 'Brand#13'::bpchar) AND (p_container = 'WRAP PACK'::bpchar))"}]}]}]}, {"Node Type": "Hash", "Parent Relationship": "Inner", "Parallel Aware": false, "Startup Cost": 4790896.89, "Total Cost": 4790896.89, "Plan Rows": 1917787, "Plan Width": 36, "Plans": [{"Node Type": "Aggregate", "Strategy": "Sorted", "Partial Mode": "Finalize", "Parent Relationship": "Outer", "Parallel Aware": false, "Startup Cost": 3854682.88, "Total Cost": 4771719.02, "Plan Rows": 1917787, "Plan Width": 36, "Group Key": ["lineitem_1.l_partkey"], "Plans": [{"Node Type": "Gather Merge", "Parent Relationship": "Outer", "Parallel Aware": false, "Startup Cost": 3854682.88, "Total Cost": 4699802.01, "Plan Rows": 5753361, "Plan Width": 36, "Workers Planned": 3, "Plans": [{"Node Type": "Aggregate", "Strategy": "Sorted", "Partial Mode": "Partial", "Parent Relationship": "Outer", "Parallel Aware": false, "Startup Cost": 3853682.84, "Total Cost": 4022782.05, "Plan Rows": 1917787, "Plan Width": 36, "Group Key": ["lineitem_1.l_partkey"], "Plans": [{"Node Type": "Sort", "Parent Relationship": "Outer", "Parallel Aware": false, "Startup Cost": 3853682.84, "Total Cost": 3902058.46, "Plan Rows": 19350250, "Plan Width": 9, "Sort Key": ["lineitem_1.l_partkey"], "Plans": [{"Node Type": "Seq Scan", "Parent Relationship": "Outer", "Parallel Aware": true, "Relation Name": "lineitem", "Alias": "lineitem_1", "Startup Cost": 0.0, "Total Cost": 1318044.5, "Plan Rows": 19350250, "Plan Width": 9}]}]}]}]}]}]}]}]}}, {"Plan": {"Node Type": "Limit", "Parallel Aware": false, "Startup Cost": 4852759.62, "Total Cost": 4852759.64, "Plan Rows": 1, "Plan Width": 32, "Plans": [{"Node Type": "Aggregate", "Strategy": "Plain", "Partial Mode": "Simple", "Parent Relationship": "Outer", "Parallel Aware": false, "Startup Cost": 4852759.62, "Total Cost": 4852759.64, "Plan Rows": 1, "Plan Width": 32, "Plans": [{"Node Type": "Nested Loop", "Parent Relationship": "Outer", "Parallel Aware": false, "Join Type": "Inner", "Startup Cost": 3906546.51, "Total Cost": 4852712.05, "Plan Rows": 19030, "Plan Width": 8, "Inner Unique": false, "Join Filter": "(part.p_partkey = lineitem.l_partkey)", "Plans": [{"Node Type": "Hash Join", "Parent Relationship": "Outer", "Parallel Aware": false, "Join Type": "Inner", "Startup Cost": 3906545.61, "Total Cost": 4847793.83, "Plan Rows": 1903, "Plan Width": 40, "Inner Unique": true, "Hash Cond": "(lineitem_1.l_partkey = part.p_partkey)", "Plans": [{"Node Type": "Aggregate", "Strategy": "Sorted", "Partial Mode": "Finalize", "Parent Relationship": "Outer", "Parallel Aware": false, "Startup Cost": 3854682.88, "Total Cost": 4771719.02, "Plan Rows": 1917787, "Plan Width": 36, "Group Key": ["lineitem_1.l_partkey"], "Plans": [{"Node Type": "Gather Merge", "Parent Relationship": "Outer", "Parallel Aware": false, "Startup Cost": 3854682.88, "Total Cost": 4699802.01, "Plan Rows": 5753361, "Plan Width": 36, "Workers Planned": 3, "Plans": [{"Node Type": "Aggregate", "Strategy": "Sorted", "Partial Mode": "Partial", "Parent Relationship": "Outer", "Parallel Aware": false, "Startup Cost": 3853682.84, "Total Cost": 4022782.05, "Plan Rows": 1917787, "Plan Width": 36, "Group Key": ["lineitem_1.l_partkey"], "Plans": [{"Node Type": "Sort", "Parent Relationship": "Outer", "Parallel Aware": false, "Startup Cost": 3853682.84, "Total Cost": 3902058.46, "Plan Rows": 19350250, "Plan Width": 9, "Sort Key": ["lineitem_1.l_partkey"], "Plans": [{"Node Type": "Seq Scan", "Parent Relationship": "Outer", "Parallel Aware": true, "Relation Name": "lineitem", "Alias": "lineitem_1", "Startup Cost": 0.0, "Total Cost": 1318044.5, "Plan Rows": 19350250, "Plan Width": 9}]}]}]}]}, {"Node Type": "Hash", "Parent Relationship": "Inner", "Parallel Aware": false, "Startup Cost": 51837.92, "Total Cost": 51837.92, "Plan Rows": 1985, "Plan Width": 4, "Plans": [{"Node Type": "Gather", "Parent Relationship": "Outer", "Parallel Aware": false, "Startup Cost": 1000.0, "Total Cost": 51837.92, "Plan Rows": 1985, "Plan Width": 4, "Workers Planned": 3, "Single Copy": false, "Plans": [{"Node Type": "Seq Scan", "Parent Relationship": "Outer", "Parallel Aware": true, "Relation Name": "part", "Alias": "part", "Startup Cost": 0.0, "Total Cost": 50639.42, "Plan Rows": 640, "Plan Width": 4, "Filter": "((p_brand = 'Brand#13'::bpchar) AND (p_container = 'WRAP PACK'::bpchar))"}]}]}]}, {"Node Type": "Bitmap Heap Scan", "Parent Relationship": "Inner", "Parallel Aware": false, "Relation Name": "lineitem", "Alias": "lineitem", "Startup Cost": 0.89, "Total Cost": 2.46, "Plan Rows": 10, "Plan Width": 17, "Recheck Cond": "(l_partkey = lineitem_1.l_partkey)", "Filter": "(l_quantity < ((0.2 * avg(lineitem_1.l_quantity))))", "Plans": [{"Node Type": "Bitmap Index Scan", "Parent Relationship": "Outer", "Parallel Aware": false, "Index Name": "idx_lineitem_part_supp", "Startup Cost": 0.0, "Total Cost": 0.89, "Plan Rows": 31, "Plan Width": 0, "Index Cond": "(l_partkey = lineitem_1.l_partkey)"}]}]}]}]}}, {"Plan": {"Node Type": "Limit", "Parallel Aware": false, "Startup Cost": 6272177.13, "Total Cost": 6272177.14, "Plan Rows": 1, "Plan Width": 32, "Plans": [{"Node Type": "Aggregate", "Strategy": "Plain", "Partial Mode": "Simple", "Parent Relationship": "Outer", "Parallel Aware": false, "Startup Cost": 6272177.13, "Total Cost": 6272177.14, "Plan Rows": 1, "Plan Width": 32, "Plans": [{"Node Type": "Hash Join", "Parent Relationship": "Outer", "Parallel Aware": false, "Join Type": "Inner", "Startup Cost": 4881499.65, "Total Cost": 6272129.55, "Plan Rows": 19030, "Plan Width": 8, "Inner Unique": true, "Hash Cond": "(part.p_partkey = lineitem_1.l_partkey)", "Join Filter": "(lineitem.l_quantity < ((0.2 * avg(lineitem_1.l_quantity))))", "Plans": [{"Node Type": "Gather", "Parent Relationship": "Outer", "Parallel Aware": false, "Startup Cost": 51647.42, "Total Cost": 1426440.04, "Plan Rows": 59536, "Plan Width": 21, "Workers Planned": 3, "Single Copy": false, "Plans": [{"Node Type": "Hash Join", "Parent Relationship": "Outer", "Parallel Aware": true, "Join Type": "Inner", "Startup Cost": 50647.42, "Total Cost": 1419486.44, "Plan Rows": 19205, "Plan Width": 21, "Inner Unique": true, "Hash Cond": "(lineitem.l_partkey = part.p_partkey)", "Plans": [{"Node Type": "Seq Scan", "Parent Relationship": "Outer", "Parallel Aware": true, "Relation Name": "lineitem", "Alias": "lineitem", "Startup Cost": 0.0, "Total Cost": 1318044.5, "Plan Rows": 19350250, "Plan Width": 17}, {"Node Type": "Hash", "Parent Relationship": "Inner", "Parallel Aware": true, "Startup Cost": 50639.42, "Total Cost": 50639.42, "Plan Rows": 640, "Plan Width": 4, "Plans": [{"Node Type": "Seq Scan", "Parent Relationship": "Outer", "Parallel Aware": true, "Relation Name": "part", "Alias": "part", "Startup Cost": 0.0, "Total Cost": 50639.42, "Plan Rows": 640, "Plan Width": 4, "Filter": "((p_brand = 'Brand#13'::bpchar) AND (p_container = 'WRAP PACK'::bpchar))"}]}]}]}, {"Node Type": "Hash", "Parent Relationship": "Inner", "Parallel Aware": false, "Startup Cost": 4790896.89, "Total Cost": 4790896.89, "Plan Rows": 1917787, "Plan Width": 36, "Plans": [{"Node Type": "Aggregate", "Strategy": "Sorted", "Partial Mode": "Finalize", "Parent Relationship": "Outer", "Parallel Aware": false, "Startup Cost": 3854682.88, "Total Cost": 4771719.02, "Plan Rows": 1917787, "Plan Width": 36, "Group Key": ["lineitem_1.l_partkey"], "Plans": [{"Node Type": "Gather Merge", "Parent Relationship": "Outer", "Parallel Aware": false, "Startup Cost": 3854682.88, "Total Cost": 4699802.01, "Plan Rows": 5753361, "Plan Width": 36, "Workers Planned": 3, "Plans": [{"Node Type": "Aggregate", "Strategy": "Sorted", "Partial Mode": "Partial", "Parent Relationship": "Outer", "Parallel Aware": false, "Startup Cost": 3853682.84, "Total Cost": 4022782.05, "Plan Rows": 1917787, "Plan Width": 36, "Group Key": ["lineitem_1.l_partkey"], "Plans": [{"Node Type": "Sort", "Parent Relationship": "Outer", "Parallel Aware": false, "Startup Cost": 3853682.84, "Total Cost": 3902058.46, "Plan Rows": 19350250, "Plan Width": 9, "Sort Key": ["lineitem_1.l_partkey"], "Plans": [{"Node Type": "Seq Scan", "Parent Relationship": "Outer", "Parallel Aware": true, "Relation Name": "lineitem", "Alias": "lineitem_1", "Startup Cost": 0.0, "Total Cost": 1318044.5, "Plan Rows": 19350250, "Plan Width": 9}]}]}]}]}]}]}]}]}}, {"Plan": {"Node Type": "Limit", "Parallel Aware": false, "Startup Cost": 4718908.24, "Total Cost": 4718908.25, "Plan Rows": 1, "Plan Width": 32, "Plans": [{"Node Type": "Aggregate", "Strategy": "Plain", "Partial Mode": "Finalize", "Parent Relationship": "Outer", "Parallel Aware": false, "Startup Cost": 4718908.24, "Total Cost": 4718908.25, "Plan Rows": 1, "Plan Width": 32, "Plans": [{"Node Type": "Gather", "Parent Relationship": "Outer", "Parallel Aware": false, "Startup Cost": 4718907.91, "Total Cost": 4718908.22, "Plan Rows": 3, "Plan Width": 32, "Workers Planned": 3, "Single Copy": false, "Plans": [{"Node Type": "Aggregate", "Strategy": "Plain", "Partial Mode": "Partial", "Parent Relationship": "Outer", "Parallel Aware": false, "Startup Cost": 4717907.91, "Total Cost": 4717907.92, "Plan Rows": 1, "Plan Width": 32, "Plans": [{"Node Type": "Merge Join", "Parent Relationship": "Outer", "Parallel Aware": false, "Join Type": "Inner", "Startup Cost": 19.18, "Total Cost": 4717892.56, "Plan Rows": 6139, "Plan Width": 8, "Inner Unique": false, "Merge Cond": "(lineitem.l_partkey = part.p_partkey)", "Join Filter": "(lineitem.l_quantity < ((0.2 * avg(lineitem_1.l_quantity))))", "Plans": [{"Node Type": "Index Scan", "Parent Relationship": "Outer", "Parallel Aware": true, "Scan Direction": "Forward", "Index Name": "idx_lineitem_part_supp", "Relation Name": "lineitem", "Alias": "lineitem", "Startup Cost": 0.56, "Total Cost": 1911574.61, "Plan Rows": 19350250, "Plan Width": 17}, {"Node Type": "Materialize", "Parent Relationship": "Inner", "Parallel Aware": false, "Startup Cost": 0.99, "Total Cost": 2757624.87, "Plan Rows": 1903, "Plan Width": 40, "Plans": [{"Node Type": "Merge Join", "Parent Relationship": "Outer", "Parallel Aware": false, "Join Type": "Inner", "Startup Cost": 0.99, "Total Cost": 2757620.11, "Plan Rows": 1903, "Plan Width": 40, "Inner Unique": true, "Merge Cond": "(part.p_partkey = lineitem_1.l_partkey)", "Plans": [{"Node Type": "Index Scan", "Parent Relationship": "Outer", "Parallel Aware": false, "Scan Direction": "Forward", "Index Name": "part_pkey", "Relation Name": "part", "Alias": "part", "Startup Cost": 0.43, "Total Cost": 86998.23, "Plan Rows": 1985, "Plan Width": 4, "Filter": "((p_brand = 'Brand#13'::bpchar) AND (p_container = 'WRAP PACK'::bpchar))"}, {"Node Type": "Aggregate", "Strategy": "Sorted", "Partial Mode": "Simple", "Parent Relationship": "Inner", "Parallel Aware": false, "Startup Cost": 0.56, "Total Cost": 2646625.56, "Plan Rows": 1917787, "Plan Width": 36, "Group Key": ["lineitem_1.l_partkey"], "Plans": [{"Node Type": "Index Scan", "Parent Relationship": "Outer", "Parallel Aware": false, "Scan Direction": "Forward", "Index Name": "idx_lineitem_part_supp", "Relation Name": "lineitem", "Alias": "lineitem_1", "Startup Cost": 0.56, "Total Cost": 2317929.87, "Plan Rows": 59985776, "Plan Width": 9}]}]}]}]}]}]}]}]}}, {"Plan": {"Node Type": "Limit", "Parallel Aware": false, "Startup Cost": 2761567.83, "Total Cost": 2761567.84, "Plan Rows": 1, "Plan Width": 32, "Plans": [{"Node Type": "Aggregate", "Strategy": "Plain", "Partial Mode": "Simple", "Parent Relationship": "Outer", "Parallel Aware": false, "Startup Cost": 2761567.83, "Total Cost": 2761567.84, "Plan Rows": 1, "Plan Width": 32, "Plans": [{"Node Type": "Nested Loop", "Parent Relationship": "Outer", "Parallel Aware": false, "Join Type": "Inner", "Startup Cost": 1.56, "Total Cost": 2761520.25, "Plan Rows": 19030, "Plan Width": 8, "Inner Unique": false, "Join Filter": "(part.p_partkey = lineitem.l_partkey)", "Plans": [{"Node Type": "Merge Join", "Parent Relationship": "Outer", "Parallel Aware": false, "Join Type": "Inner", "Startup Cost": 0.99, "Total Cost": 2757620.11, "Plan Rows": 1903, "Plan Width": 40, "Inner Unique": true, "Merge Cond": "(part.p_partkey = lineitem_1.l_partkey)", "Plans": [{"Node Type": "Index Scan", "Parent Relationship": "Outer", "Parallel Aware": false, "Scan Direction": "Forward", "Index Name": "part_pkey", "Relation Name": "part", "Alias": "part", "Startup Cost": 0.43, "Total Cost": 86998.23, "Plan Rows": 1985, "Plan Width": 4, "Filter": "((p_brand = 'Brand#13'::bpchar) AND (p_container = 'WRAP PACK'::bpchar))"}, {"Node Type": "Aggregate", "Strategy": "Sorted", "Partial Mode": "Simple", "Parent Relationship": "Inner", "Parallel Aware": false, "Startup Cost": 0.56, "Total Cost": 2646625.56, "Plan Rows": 1917787, "Plan Width": 36, "Group Key": ["lineitem_1.l_partkey"], "Plans": [{"Node Type": "Index Scan", "Parent Relationship": "Outer", "Parallel Aware": false, "Scan Direction": "Forward", "Index Name": "idx_lineitem_part_supp", "Relation Name": "lineitem", "Alias": "lineitem_1", "Startup Cost": 0.56, "Total Cost": 2317929.87, "Plan Rows": 59985776, "Plan Width": 9}]}]}, {"Node Type": "Index Scan", "Parent Relationship": "Inner", "Parallel Aware": false, "Scan Direction": "Forward", "Index Name": "idx_lineitem_part_supp", "Relation Name": "lineitem", "Alias": "lineitem", "Startup Cost": 0.56, "Total Cost": 1.92, "Plan Rows": 10, "Plan Width": 17, "Index Cond": "(l_partkey = lineitem_1.l_partkey)", "Filter": "(l_quantity < ((0.2 * avg(lineitem_1.l_quantity))))"}]}]}]}}, {"Plan": {"Node Type": "Limit", "Parallel Aware": false, "Startup Cost": 2723550.53, "Total Cost": 2723550.55, "Plan Rows": 1, "Plan Width": 32, "Plans": [{"Node Type": "Aggregate", "Strategy": "Plain", "Partial Mode": "Finalize", "Parent Relationship": "Outer", "Parallel Aware": false, "Startup Cost": 2723550.53, "Total Cost": 2723550.55, "Plan Rows": 1, "Plan Width": 32, "Plans": [{"Node Type": "Gather", "Parent Relationship": "Outer", "Parallel Aware": false, "Startup Cost": 2723550.21, "Total Cost": 2723550.52, "Plan Rows": 3, "Plan Width": 32, "Workers Planned": 3, "Single Copy": false, "Plans": [{"Node Type": "Aggregate", "Strategy": "Plain", "Partial Mode": "Partial", "Parent Relationship": "Outer", "Parallel Aware": false, "Startup Cost": 2722550.21, "Total Cost": 2722550.22, "Plan Rows": 1, "Plan Width": 32, "Plans": [{"Node Type": "Nested Loop", "Parent Relationship": "Outer", "Parallel Aware": false, "Join Type": "Inner", "Startup Cost": 50670.38, "Total Cost": 2722534.86, "Plan Rows": 6139, "Plan Width": 8, "Inner Unique": false, "Join Filter": "(part.p_partkey = lineitem.l_partkey)", "Plans": [{"Node Type": "Merge Join", "Parent Relationship": "Outer", "Parallel Aware": false, "Join Type": "Inner", "Startup Cost": 50669.81, "Total Cost": 2721276.48, "Plan Rows": 614, "Plan Width": 40, "Inner Unique": true, "Merge Cond": "(part.p_partkey = lineitem_1.l_partkey)", "Plans": [{"Node Type": "Sort", "Parent Relationship": "Outer", "Parallel Aware": false, "Startup Cost": 50669.25, "Total Cost": 50670.85, "Plan Rows": 640, "Plan Width": 4, "Sort Key": ["part.p_partkey"], "Plans": [{"Node Type": "Seq Scan", "Parent Relationship": "Outer", "Parallel Aware": true, "Relation Name": "part", "Alias": "part", "Startup Cost": 0.0, "Total Cost": 50639.42, "Plan Rows": 640, "Plan Width": 4, "Filter": "((p_brand = 'Brand#13'::bpchar) AND (p_container = 'WRAP PACK'::bpchar))"}]}, {"Node Type": "Aggregate", "Strategy": "Sorted", "Partial Mode": "Simple", "Parent Relationship": "Inner", "Parallel Aware": false, "Startup Cost": 0.56, "Total Cost": 2646625.56, "Plan Rows": 1917787, "Plan Width": 36, "Group Key": ["lineitem_1.l_partkey"], "Plans": [{"Node Type": "Index Scan", "Parent Relationship": "Outer", "Parallel Aware": false, "Scan Direction": "Forward", "Index Name": "idx_lineitem_part_supp", "Relation Name": "lineitem", "Alias": "lineitem_1", "Startup Cost": 0.56, "Total Cost": 2317929.87, "Plan Rows": 59985776, "Plan Width": 9}]}]}, {"Node Type": "Index Scan", "Parent Relationship": "Inner", "Parallel Aware": false, "Scan Direction": "Forward", "Index Name": "idx_lineitem_part_supp", "Relation Name": "lineitem", "Alias": "lineitem", "Startup Cost": 0.56, "Total Cost": 1.92, "Plan Rows": 10, "Plan Width": 17, "Index Cond": "(l_partkey = lineitem_1.l_partkey)", "Filter": "(l_quantity < ((0.2 * avg(lineitem_1.l_quantity))))"}]}]}]}]}]}}, {"Plan": {"Node Type": "Limit", "Parallel Aware": false, "Startup Cost": 4707909.19, "Total Cost": 4707909.21, "Plan Rows": 1, "Plan Width": 32, "Plans": [{"Node Type": "Aggregate", "Strategy": "Plain", "Partial Mode": "Finalize", "Parent Relationship": "Outer", "Parallel Aware": false, "Startup Cost": 4707909.19, "Total Cost": 4707909.21, "Plan Rows": 1, "Plan Width": 32, "Plans": [{"Node Type": "Gather", "Parent Relationship": "Outer", "Parallel Aware": false, "Startup Cost": 4707908.87, "Total Cost": 4707909.18, "Plan Rows": 3, "Plan Width": 32, "Workers Planned": 3, "Single Copy": false, "Plans": [{"Node Type": "Aggregate", "Strategy": "Plain", "Partial Mode": "Partial", "Parent Relationship": "Outer", "Parallel Aware": false, "Startup Cost": 4706908.87, "Total Cost": 4706908.88, "Plan Rows": 1, "Plan Width": 32, "Plans": [{"Node Type": "Merge Join", "Parent Relationship": "Outer", "Parallel Aware": false, "Join Type": "Inner", "Startup Cost": 71089.48, "Total Cost": 4706893.52, "Plan Rows": 6139, "Plan Width": 8, "Inner Unique": true, "Merge Cond": "(part.p_partkey = lineitem_1.l_partkey)", "Join Filter": "(lineitem.l_quantity < ((0.2 * avg(lineitem_1.l_quantity))))", "Plans": [{"Node Type": "Merge Join", "Parent Relationship": "Outer", "Parallel Aware": false, "Join Type": "Inner", "Startup Cost": 71088.92, "Total Cost": 2031222.94, "Plan Rows": 19205, "Plan Width": 21, "Inner Unique": true, "Merge Cond": "(lineitem.l_partkey = part.p_partkey)", "Plans": [{"Node Type": "Index Scan", "Parent Relationship": "Outer", "Parallel Aware": true, "Scan Direction": "Forward", "Index Name": "idx_lineitem_part_supp", "Relation Name": "lineitem", "Alias": "lineitem", "Startup Cost": 0.56, "Total Cost": 1911574.61, "Plan Rows": 19350250, "Plan Width": 17}, {"Node Type": "Sort", "Parent Relationship": "Inner", "Parallel Aware": false, "Startup Cost": 71070.73, "Total Cost": 71075.69, "Plan Rows": 1985, "Plan Width": 4, "Sort Key": ["part.p_partkey"], "Plans": [{"Node Type": "Seq Scan", "Parent Relationship": "Outer", "Parallel Aware": false, "Relation Name": "part", "Alias": "part", "Startup Cost": 0.0, "Total Cost": 70962.0, "Plan Rows": 1985, "Plan Width": 4, "Filter": "((p_brand = 'Brand#13'::bpchar) AND (p_container = 'WRAP PACK'::bpchar))"}]}]}, {"Node Type": "Materialize", "Parent Relationship": "Inner", "Parallel Aware": false, "Startup Cost": 0.56, "Total Cost": 2670597.89, "Plan Rows": 1917787, "Plan Width": 36, "Plans": [{"Node Type": "Aggregate", "Strategy": "Sorted", "Partial Mode": "Simple", "Parent Relationship": "Outer", "Parallel Aware": false, "Startup Cost": 0.56, "Total Cost": 2646625.56, "Plan Rows": 1917787, "Plan Width": 36, "Group Key": ["lineitem_1.l_partkey"], "Plans": [{"Node Type": "Index Scan", "Parent Relationship": "Outer", "Parallel Aware": false, "Scan Direction": "Forward", "Index Name": "idx_lineitem_part_supp", "Relation Name": "lineitem", "Alias": "lineitem_1", "Startup Cost": 0.56, "Total Cost": 2317929.87, "Plan Rows": 59985776, "Plan Width": 9}]}]}]}]}]}]}]}}, {"Plan": {"Node Type": "Limit", "Parallel Aware": false, "Startup Cost": 3583849.14, "Total Cost": 3583849.16, "Plan Rows": 1, "Plan Width": 32, "Plans": [{"Node Type": "Aggregate", "Strategy": "Plain", "Partial Mode": "Simple", "Parent Relationship": "Outer", "Parallel Aware": false, "Startup Cost": 3583849.14, "Total Cost": 3583849.16, "Plan Rows": 1, "Plan Width": 32, "Plans": [{"Node Type": "Nested Loop", "Parent Relationship": "Outer", "Parallel Aware": false, "Join Type": "Inner", "Startup Cost": 1.56, "Total Cost": 3583801.57, "Plan Rows": 19030, "Plan Width": 8, "Inner Unique": false, "Join Filter": "(part.p_partkey = lineitem.l_partkey)", "Plans": [{"Node Type": "Nested Loop", "Parent Relationship": "Outer", "Parallel Aware": false, "Join Type": "Inner", "Startup Cost": 0.99, "Total Cost": 3579901.43, "Plan Rows": 1903, "Plan Width": 40, "Inner Unique": true, "Plans": [{"Node Type": "Aggregate", "Strategy": "Sorted", "Partial Mode": "Simple", "Parent Relationship": "Outer", "Parallel Aware": false, "Startup Cost": 0.56, "Total Cost": 2646625.56, "Plan Rows": 1917787, "Plan Width": 36, "Group Key": ["lineitem_1.l_partkey"], "Plans": [{"Node Type": "Index Scan", "Parent Relationship": "Outer", "Parallel Aware": false, "Scan Direction": "Forward", "Index Name": "idx_lineitem_part_supp", "Relation Name": "lineitem", "Alias": "lineitem_1", "Startup Cost": 0.56, "Total Cost": 2317929.87, "Plan Rows": 59985776, "Plan Width": 9}]}, {"Node Type": "Index Scan", "Parent Relationship": "Inner", "Parallel Aware": false, "Scan Direction": "Forward", "Index Name": "part_pkey", "Relation Name": "part", "Alias": "part", "Startup Cost": 0.43, "Total Cost": 0.48, "Plan Rows": 1, "Plan Width": 4, "Index Cond": "(p_partkey = lineitem_1.l_partkey)", "Filter": "((p_brand = 'Brand#13'::bpchar) AND (p_container = 'WRAP PACK'::bpchar))"}]}, {"Node Type": "Index Scan", "Parent Relationship": "Inner", "Parallel Aware": false, "Scan Direction": "Forward", "Index Name": "idx_lineitem_part_supp", "Relation Name": "lineitem", "Alias": "lineitem", "Startup Cost": 0.56, "Total Cost": 1.92, "Plan Rows": 10, "Plan Width": 17, "Index Cond": "(l_partkey = lineitem_1.l_partkey)", "Filter": "(l_quantity < ((0.2 * avg(lineitem_1.l_quantity))))"}]}]}]}}, {"Plan": {"Node Type": "Limit", "Parallel Aware": false, "Startup Cost": 3583849.14, "Total Cost": 3583849.16, "Plan Rows": 1, "Plan Width": 32, "Plans": [{"Node Type": "Aggregate", "Strategy": "Plain", "Partial Mode": "Simple", "Parent Relationship": "Outer", "Parallel Aware": false, "Startup Cost": 3583849.14, "Total Cost": 3583849.16, "Plan Rows": 1, "Plan Width": 32, "Plans": [{"Node Type": "Nested Loop", "Parent Relationship": "Outer", "Parallel Aware": false, "Join Type": "Inner", "Startup Cost": 1.56, "Total Cost": 3583801.57, "Plan Rows": 19030, "Plan Width": 8, "Inner Unique": false, "Join Filter": "(part.p_partkey = lineitem.l_partkey)", "Plans": [{"Node Type": "Nested Loop", "Parent Relationship": "Outer", "Parallel Aware": false, "Join Type": "Inner", "Startup Cost": 0.99, "Total Cost": 3579901.43, "Plan Rows": 1903, "Plan Width": 40, "Inner Unique": true, "Plans": [{"Node Type": "Aggregate", "Strategy": "Sorted", "Partial Mode": "Simple", "Parent Relationship": "Outer", "Parallel Aware": false, "Startup Cost": 0.56, "Total Cost": 2646625.56, "Plan Rows": 1917787, "Plan Width": 36, "Group Key": ["lineitem_1.l_partkey"], "Plans": [{"Node Type": "Index Scan", "Parent Relationship": "Outer", "Parallel Aware": false, "Scan Direction": "Forward", "Index Name": "idx_lineitem_part_supp", "Relation Name": "lineitem", "Alias": "lineitem_1", "Startup Cost": 0.56, "Total Cost": 2317929.87, "Plan Rows": 59985776, "Plan Width": 9}]}, {"Node Type": "Index Scan", "Parent Relationship": "Inner", "Parallel Aware": false, "Scan Direction": "Forward", "Index Name": "part_pkey", "Relation Name": "part", "Alias": "part", "Startup Cost": 0.43, "Total Cost": 0.48, "Plan Rows": 1, "Plan Width": 4, "Index Cond": "(p_partkey = lineitem_1.l_partkey)", "Filter": "((p_brand = 'Brand#13'::bpchar) AND (p_container = 'WRAP PACK'::bpchar))"}]}, {"Node Type": "Index Scan", "Parent Relationship": "Inner", "Parallel Aware": false, "Scan Direction": "Forward", "Index Name": "idx_lineitem_part_supp", "Relation Name": "lineitem", "Alias": "lineitem", "Startup Cost": 0.56, "Total Cost": 1.92, "Plan Rows": 10, "Plan Width": 17, "Index Cond": "(l_partkey = lineitem_1.l_partkey)", "Filter": "(l_quantity < ((0.2 * avg(lineitem_1.l_quantity))))"}]}]}]}}, {"Plan": {"Node Type": "Limit", "Parallel Aware": false, "Startup Cost": 30002762585.91, "Total Cost": 30002762585.92, "Plan Rows": 1, "Plan Width": 32, "Plans": [{"Node Type": "Aggregate", "Strategy": "Plain", "Partial Mode": "Simple", "Parent Relationship": "Outer", "Parallel Aware": false, "Startup Cost": 30002762585.91, "Total Cost": 30002762585.92, "Plan Rows": 1, "Plan Width": 32, "Plans": [{"Node Type": "Nested Loop", "Parent Relationship": "Outer", "Parallel Aware": false, "Join Type": "Inner", "Startup Cost": 30000000001.89, "Total Cost": 30002762538.33, "Plan Rows": 19030, "Plan Width": 8, "Inner Unique": false, "Join Filter": "(part.p_partkey = lineitem.l_partkey)", "Plans": [{"Node Type": "Merge Join", "Parent Relationship": "Outer", "Parallel Aware": false, "Join Type": "Inner", "Startup Cost": 20000000000.99, "Total Cost": 20002757620.11, "Plan Rows": 1903, "Plan Width": 40, "Inner Unique": true, "Merge Cond": "(part.p_partkey = lineitem_1.l_partkey)", "Plans": [{"Node Type": "Index Scan", "Parent Relationship": "Outer", "Parallel Aware": false, "Scan Direction": "Forward", "Index Name": "part_pkey", "Relation Name": "part", "Alias": "part", "Startup Cost": 10000000000.43, "Total Cost": 10000086998.23, "Plan Rows": 1985, "Plan Width": 4, "Filter": "((p_brand = 'Brand#13'::bpchar) AND (p_container = 'WRAP PACK'::bpchar))"}, {"Node Type": "Aggregate", "Strategy": "Sorted", "Partial Mode": "Simple", "Parent Relationship": "Inner", "Parallel Aware": false, "Startup Cost": 10000000000.57, "Total Cost": 10002646625.56, "Plan Rows": 1917787, "Plan Width": 36, "Group Key": ["lineitem_1.l_partkey"], "Plans": [{"Node Type": "Index Scan", "Parent Relationship": "Outer", "Parallel Aware": false, "Scan Direction": "Forward", "Index Name": "idx_lineitem_part_supp", "Relation Name": "lineitem", "Alias": "lineitem_1", "Startup Cost": 10000000000.57, "Total Cost": 10002317929.87, "Plan Rows": 59985776, "Plan Width": 9}]}]}, {"Node Type": "Bitmap Heap Scan", "Parent Relationship": "Inner", "Parallel Aware": false, "Relation Name": "lineitem", "Alias": "lineitem", "Startup Cost": 0.89, "Total Cost": 2.46, "Plan Rows": 10, "Plan Width": 17, "Recheck Cond": "(l_partkey = lineitem_1.l_partkey)", "Filter": "(l_quantity < ((0.2 * avg(lineitem_1.l_quantity))))", "Plans": [{"Node Type": "Bitmap Index Scan", "Parent Relationship": "Outer", "Parallel Aware": false, "Index Name": "idx_lineitem_part_supp", "Startup Cost": 0.0, "Total Cost": 0.89, "Plan Rows": 31, "Plan Width": 0, "Index Cond": "(l_partkey = lineitem_1.l_partkey)"}]}]}]}]}}, {"Plan": {"Node Type": "Limit", "Parallel Aware": false, "Startup Cost": 10005654647.57, "Total Cost": 10005654647.58, "Plan Rows": 1, "Plan Width": 32, "Plans": [{"Node Type": "Aggregate", "Strategy": "Plain", "Partial Mode": "Simple", "Parent Relationship": "Outer", "Parallel Aware": false, "Startup Cost": 10005654647.57, "Total Cost": 10005654647.58, "Plan Rows": 1, "Plan Width": 32, "Plans": [{"Node Type": "Nested Loop", "Parent Relationship": "Outer", "Parallel Aware": false, "Join Type": "Inner", "Startup Cost": 10000000001.9, "Total Cost": 10005654599.99, "Plan Rows": 19030, "Plan Width": 8, "Inner Unique": false, "Join Filter": "(part.p_partkey = lineitem.l_partkey)", "Plans": [{"Node Type": "Nested Loop", "Parent Relationship": "Outer", "Parallel Aware": false, "Join Type": "Inner", "Startup Cost": 10000000001.0, "Total Cost": 10005649681.77, "Plan Rows": 1903, "Plan Width": 40, "Inner Unique": true, "Plans": [{"Node Type": "Aggregate", "Strategy": "Sorted", "Partial Mode": "Simple", "Parent Relationship": "Outer", "Parallel Aware": false, "Startup Cost": 10000000000.57, "Total Cost": 10002646625.56, "Plan Rows": 1917787, "Plan Width": 36, "Group Key": ["lineitem_1.l_partkey"], "Plans": [{"Node Type": "Index Scan", "Parent Relationship": "Outer", "Parallel Aware": false, "Scan Direction": "Forward", "Index Name": "idx_lineitem_part_supp", "Relation Name": "lineitem", "Alias": "lineitem_1", "Startup Cost": 10000000000.57, "Total Cost": 10002317929.87, "Plan Rows": 59985776, "Plan Width": 9}]}, {"Node Type": "Bitmap Heap Scan", "Parent Relationship": "Inner", "Parallel Aware": false, "Relation Name": "part", "Alias": "part", "Startup Cost": 0.44, "Total Cost": 1.56, "Plan Rows": 1, "Plan Width": 4, "Recheck Cond": "(p_partkey = lineitem_1.l_partkey)", "Filter": "((p_brand = 'Brand#13'::bpchar) AND (p_container = 'WRAP PACK'::bpchar))", "Plans": [{"Node Type": "Bitmap Index Scan", "Parent Relationship": "Outer", "Parallel Aware": false, "Index Name": "part_pkey", "Startup Cost": 0.0, "Total Cost": 0.44, "Plan Rows": 1, "Plan Width": 0, "Index Cond": "(p_partkey = lineitem_1.l_partkey)"}]}]}, {"Node Type": "Bitmap Heap Scan", "Parent Relationship": "Inner", "Parallel Aware": false, "Relation Name": "lineitem", "Alias": "lineitem", "Startup Cost": 0.89, "Total Cost": 2.46, "Plan Rows": 10, "Plan Width": 17, "Recheck Cond": "(l_partkey = lineitem_1.l_partkey)", "Filter": "(l_quantity < ((0.2 * avg(lineitem_1.l_quantity))))", "Plans": [{"Node Type": "Bitmap Index Scan", "Parent Relationship": "Outer", "Parallel Aware": false, "Index Name": "idx_lineitem_part_supp", "Startup Cost": 0.0, "Total Cost": 0.89, "Plan Rows": 31, "Plan Width": 0, "Index Cond": "(l_partkey = lineitem_1.l_partkey)"}]}]}]}]}}, {"Plan": {"Node Type": "Limit", "Parallel Aware": false, "Startup Cost": 4852632.76, "Total Cost": 4852632.77, "Plan Rows": 1, "Plan Width": 32, "Plans": [{"Node Type": "Aggregate", "Strategy": "Plain", "Partial Mode": "Simple", "Parent Relationship": "Outer", "Parallel Aware": false, "Startup Cost": 4852632.76, "Total Cost": 4852632.77, "Plan Rows": 1, "Plan Width": 32, "Plans": [{"Node Type": "Nested Loop", "Parent Relationship": "Outer", "Parallel Aware": false, "Join Type": "Inner", "Startup Cost": 3906630.42, "Total Cost": 4852585.18, "Plan Rows": 19030, "Plan Width": 8, "Inner Unique": false, "Join Filter": "(part.p_partkey = lineitem.l_partkey)", "Plans": [{"Node Type": "Merge Join", "Parent Relationship": "Outer", "Parallel Aware": false, "Join Type": "Inner", "Startup Cost": 3906629.53, "Total Cost": 4847666.96, "Plan Rows": 1903, "Plan Width": 40, "Inner Unique": true, "Merge Cond": "(part.p_partkey = lineitem_1.l_partkey)", "Plans": [{"Node Type": "Sort", "Parent Relationship": "Outer", "Parallel Aware": false, "Startup Cost": 51946.65, "Total Cost": 51951.61, "Plan Rows": 1985, "Plan Width": 4, "Sort Key": ["part.p_partkey"], "Plans": [{"Node Type": "Gather", "Parent Relationship": "Outer", "Parallel Aware": false, "Startup Cost": 1000.0, "Total Cost": 51837.92, "Plan Rows": 1985, "Plan Width": 4, "Workers Planned": 3, "Single Copy": false, "Plans": [{"Node Type": "Seq Scan", "Parent Relationship": "Outer", "Parallel Aware": true, "Relation Name": "part", "Alias": "part", "Startup Cost": 0.0, "Total Cost": 50639.42, "Plan Rows": 640, "Plan Width": 4, "Filter": "((p_brand = 'Brand#13'::bpchar) AND (p_container = 'WRAP PACK'::bpchar))"}]}]}, {"Node Type": "Aggregate", "Strategy": "Sorted", "Partial Mode": "Finalize", "Parent Relationship": "Inner", "Parallel Aware": false, "Startup Cost": 3854682.88, "Total Cost": 4771719.02, "Plan Rows": 1917787, "Plan Width": 36, "Group Key": ["lineitem_1.l_partkey"], "Plans": [{"Node Type": "Gather Merge", "Parent Relationship": "Outer", "Parallel Aware": false, "Startup Cost": 3854682.88, "Total Cost": 4699802.01, "Plan Rows": 5753361, "Plan Width": 36, "Workers Planned": 3, "Plans": [{"Node Type": "Aggregate", "Strategy": "Sorted", "Partial Mode": "Partial", "Parent Relationship": "Outer", "Parallel Aware": false, "Startup Cost": 3853682.84, "Total Cost": 4022782.05, "Plan Rows": 1917787, "Plan Width": 36, "Group Key": ["lineitem_1.l_partkey"], "Plans": [{"Node Type": "Sort", "Parent Relationship": "Outer", "Parallel Aware": false, "Startup Cost": 3853682.84, "Total Cost": 3902058.46, "Plan Rows": 19350250, "Plan Width": 9, "Sort Key": ["lineitem_1.l_partkey"], "Plans": [{"Node Type": "Seq Scan", "Parent Relationship": "Outer", "Parallel Aware": true, "Relation Name": "lineitem", "Alias": "lineitem_1", "Startup Cost": 0.0, "Total Cost": 1318044.5, "Plan Rows": 19350250, "Plan Width": 9}]}]}]}]}]}, {"Node Type": "Bitmap Heap Scan", "Parent Relationship": "Inner", "Parallel Aware": false, "Relation Name": "lineitem", "Alias": "lineitem", "Startup Cost": 0.89, "Total Cost": 2.46, "Plan Rows": 10, "Plan Width": 17, "Recheck Cond": "(l_partkey = lineitem_1.l_partkey)", "Filter": "(l_quantity < ((0.2 * avg(lineitem_1.l_quantity))))", "Plans": [{"Node Type": "Bitmap Index Scan", "Parent Relationship": "Outer", "Parallel Aware": false, "Index Name": "idx_lineitem_part_supp", "Startup Cost": 0.0, "Total Cost": 0.89, "Plan Rows": 31, "Plan Width": 0, "Index Cond": "(l_partkey = lineitem_1.l_partkey)"}]}]}]}]}}, {"Plan": {"Node Type": "Limit", "Parallel Aware": false, "Startup Cost": 8865191.39, "Total Cost": 8865191.4, "Plan Rows": 1, "Plan Width": 32, "Plans": [{"Node Type": "Aggregate", "Strategy": "Plain", "Partial Mode": "Simple", "Parent Relationship": "Outer", "Parallel Aware": false, "Startup Cost": 8865191.39, "Total Cost": 8865191.4, "Plan Rows": 1, "Plan Width": 32, "Plans": [{"Node Type": "Merge Join", "Parent Relationship": "Outer", "Parallel Aware": false, "Join Type": "Inner", "Startup Cost": 7819176.21, "Total Cost": 8865143.81, "Plan Rows": 19030, "Plan Width": 8, "Inner Unique": false, "Merge Cond": "(lineitem_1.l_partkey = part.p_partkey)", "Join Filter": "(lineitem.l_quantity < ((0.2 * avg(lineitem_1.l_quantity))))", "Plans": [{"Node Type": "Aggregate", "Strategy": "Sorted", "Partial Mode": "Finalize", "Parent Relationship": "Outer", "Parallel Aware": false, "Startup Cost": 3854682.88, "Total Cost": 4771719.02, "Plan Rows": 1917787, "Plan Width": 36, "Group Key": ["lineitem_1.l_partkey"], "Plans": [{"Node Type": "Gather Merge", "Parent Relationship": "Outer", "Parallel Aware": false, "Startup Cost": 3854682.88, "Total Cost": 4699802.01, "Plan Rows": 5753361, "Plan Width": 36, "Workers Planned": 3, "Plans": [{"Node Type": "Aggregate", "Strategy": "Sorted", "Partial Mode": "Partial", "Parent Relationship": "Outer", "Parallel Aware": false, "Startup Cost": 3853682.84, "Total Cost": 4022782.05, "Plan Rows": 1917787, "Plan Width": 36, "Group Key": ["lineitem_1.l_partkey"], "Plans": [{"Node Type": "Sort", "Parent Relationship": "Outer", "Parallel Aware": false, "Startup Cost": 3853682.84, "Total Cost": 3902058.46, "Plan Rows": 19350250, "Plan Width": 9, "Sort Key": ["lineitem_1.l_partkey"], "Plans": [{"Node Type": "Seq Scan", "Parent Relationship": "Outer", "Parallel Aware": true, "Relation Name": "lineitem", "Alias": "lineitem_1", "Startup Cost": 0.0, "Total Cost": 1318044.5, "Plan Rows": 19350250, "Plan Width": 9}]}]}]}]}, {"Node Type": "Materialize", "Parent Relationship": "Inner", "Parallel Aware": false, "Startup Cost": 3964493.33, "Total Cost": 4068590.0, "Plan Rows": 59536, "Plan Width": 21, "Plans": [{"Node Type": "Gather Merge", "Parent Relationship": "Outer", "Parallel Aware": false, "Startup Cost": 3964493.33, "Total Cost": 4068441.16, "Plan Rows": 59536, "Plan Width": 21, "Workers Planned": 3, "Plans": [{"Node Type": "Merge Join", "Parent Relationship": "Outer", "Parallel Aware": false, "Join Type": "Inner", "Startup Cost": 3963493.29, "Total Cost": 4060445.64, "Plan Rows": 19205, "Plan Width": 21, "Inner Unique": true, "Merge Cond": "(lineitem.l_partkey = part.p_partkey)", "Plans": [{"Node Type": "Sort", "Parent Relationship": "Outer", "Parallel Aware": false, "Startup Cost": 3892421.69, "Total Cost": 3940797.31, "Plan Rows": 19350250, "Plan Width": 17, "Sort Key": ["lineitem.l_partkey"], "Plans": [{"Node Type": "Seq Scan", "Parent Relationship": "Outer", "Parallel Aware": true, "Relation Name": "lineitem", "Alias": "lineitem", "Startup Cost": 0.0, "Total Cost": 1318044.5, "Plan Rows": 19350250, "Plan Width": 17}]}, {"Node Type": "Sort", "Parent Relationship": "Inner", "Parallel Aware": false, "Startup Cost": 71070.73, "Total Cost": 71075.69, "Plan Rows": 1985, "Plan Width": 4, "Sort Key": ["part.p_partkey"], "Plans": [{"Node Type": "Seq Scan", "Parent Relationship": "Outer", "Parallel Aware": false, "Relation Name": "part", "Alias": "part", "Startup Cost": 0.0, "Total Cost": 70962.0, "Plan Rows": 1985, "Plan Width": 4, "Filter": "((p_brand = 'Brand#13'::bpchar) AND (p_container = 'WRAP PACK'::bpchar))"}]}]}]}]}]}]}]}}, {"Plan": {"Node Type": "Limit", "Parallel Aware": false, "Startup Cost": 10005654647.57, "Total Cost": 10005654647.58, "Plan Rows": 1, "Plan Width": 32, "Plans": [{"Node Type": "Aggregate", "Strategy": "Plain", "Partial Mode": "Simple", "Parent Relationship": "Outer", "Parallel Aware": false, "Startup Cost": 10005654647.57, "Total Cost": 10005654647.58, "Plan Rows": 1, "Plan Width": 32, "Plans": [{"Node Type": "Nested Loop", "Parent Relationship": "Outer", "Parallel Aware": false, "Join Type": "Inner", "Startup Cost": 10000000001.9, "Total Cost": 10005654599.99, "Plan Rows": 19030, "Plan Width": 8, "Inner Unique": false, "Join Filter": "(part.p_partkey = lineitem.l_partkey)", "Plans": [{"Node Type": "Nested Loop", "Parent Relationship": "Outer", "Parallel Aware": false, "Join Type": "Inner", "Startup Cost": 10000000001.0, "Total Cost": 10005649681.77, "Plan Rows": 1903, "Plan Width": 40, "Inner Unique": true, "Plans": [{"Node Type": "Aggregate", "Strategy": "Sorted", "Partial Mode": "Simple", "Parent Relationship": "Outer", "Parallel Aware": false, "Startup Cost": 10000000000.57, "Total Cost": 10002646625.56, "Plan Rows": 1917787, "Plan Width": 36, "Group Key": ["lineitem_1.l_partkey"], "Plans": [{"Node Type": "Index Scan", "Parent Relationship": "Outer", "Parallel Aware": false, "Scan Direction": "Forward", "Index Name": "idx_lineitem_part_supp", "Relation Name": "lineitem", "Alias": "lineitem_1", "Startup Cost": 10000000000.57, "Total Cost": 10002317929.87, "Plan Rows": 59985776, "Plan Width": 9}]}, {"Node Type": "Bitmap Heap Scan", "Parent Relationship": "Inner", "Parallel Aware": false, "Relation Name": "part", "Alias": "part", "Startup Cost": 0.44, "Total Cost": 1.56, "Plan Rows": 1, "Plan Width": 4, "Recheck Cond": "(p_partkey = lineitem_1.l_partkey)", "Filter": "((p_brand = 'Brand#13'::bpchar) AND (p_container = 'WRAP PACK'::bpchar))", "Plans": [{"Node Type": "Bitmap Index Scan", "Parent Relationship": "Outer", "Parallel Aware": false, "Index Name": "part_pkey", "Startup Cost": 0.0, "Total Cost": 0.44, "Plan Rows": 1, "Plan Width": 0, "Index Cond": "(p_partkey = lineitem_1.l_partkey)"}]}]}, {"Node Type": "Bitmap Heap Scan", "Parent Relationship": "Inner", "Parallel Aware": false, "Relation Name": "lineitem", "Alias": "lineitem", "Startup Cost": 0.89, "Total Cost": 2.46, "Plan Rows": 10, "Plan Width": 17, "Recheck Cond": "(l_partkey = lineitem_1.l_partkey)", "Filter": "(l_quantity < ((0.2 * avg(lineitem_1.l_quantity))))", "Plans": [{"Node Type": "Bitmap Index Scan", "Parent Relationship": "Outer", "Parallel Aware": false, "Index Name": "idx_lineitem_part_supp", "Startup Cost": 0.0, "Total Cost": 0.89, "Plan Rows": 31, "Plan Width": 0, "Index Cond": "(l_partkey = lineitem_1.l_partkey)"}]}]}]}]}}, {"Plan": {"Node Type": "Limit", "Parallel Aware": false, "Startup Cost": 7779741.04, "Total Cost": 7779741.05, "Plan Rows": 1, "Plan Width": 32, "Plans": [{"Node Type": "Aggregate", "Strategy": "Plain", "Partial Mode": "Simple", "Parent Relationship": "Outer", "Parallel Aware": false, "Startup Cost": 7779741.04, "Total Cost": 7779741.05, "Plan Rows": 1, "Plan Width": 32, "Plans": [{"Node Type": "Nested Loop", "Parent Relationship": "Outer", "Parallel Aware": false, "Join Type": "Inner", "Startup Cost": 3854684.21, "Total Cost": 7779693.46, "Plan Rows": 19030, "Plan Width": 8, "Inner Unique": false, "Join Filter": "(part.p_partkey = lineitem.l_partkey)", "Plans": [{"Node Type": "Nested Loop", "Parent Relationship": "Outer", "Parallel Aware": false, "Join Type": "Inner", "Startup Cost": 3854683.32, "Total Cost": 7774775.24, "Plan Rows": 1903, "Plan Width": 40, "Inner Unique": true, "Plans": [{"Node Type": "Aggregate", "Strategy": "Sorted", "Partial Mode": "Finalize", "Parent Relationship": "Outer", "Parallel Aware": false, "Startup Cost": 3854682.88, "Total Cost": 4771719.02, "Plan Rows": 1917787, "Plan Width": 36, "Group Key": ["lineitem_1.l_partkey"], "Plans": [{"Node Type": "Gather Merge", "Parent Relationship": "Outer", "Parallel Aware": false, "Startup Cost": 3854682.88, "Total Cost": 4699802.01, "Plan Rows": 5753361, "Plan Width": 36, "Workers Planned": 3, "Plans": [{"Node Type": "Aggregate", "Strategy": "Sorted", "Partial Mode": "Partial", "Parent Relationship": "Outer", "Parallel Aware": false, "Startup Cost": 3853682.84, "Total Cost": 4022782.05, "Plan Rows": 1917787, "Plan Width": 36, "Group Key": ["lineitem_1.l_partkey"], "Plans": [{"Node Type": "Sort", "Parent Relationship": "Outer", "Parallel Aware": false, "Startup Cost": 3853682.84, "Total Cost": 3902058.46, "Plan Rows": 19350250, "Plan Width": 9, "Sort Key": ["lineitem_1.l_partkey"], "Plans": [{"Node Type": "Seq Scan", "Parent Relationship": "Outer", "Parallel Aware": true, "Relation Name": "lineitem", "Alias": "lineitem_1", "Startup Cost": 0.0, "Total Cost": 1318044.5, "Plan Rows": 19350250, "Plan Width": 9}]}]}]}]}, {"Node Type": "Bitmap Heap Scan", "Parent Relationship": "Inner", "Parallel Aware": false, "Relation Name": "part", "Alias": "part", "Startup Cost": 0.44, "Total Cost": 1.56, "Plan Rows": 1, "Plan Width": 4, "Recheck Cond": "(p_partkey = lineitem_1.l_partkey)", "Filter": "((p_brand = 'Brand#13'::bpchar) AND (p_container = 'WRAP PACK'::bpchar))", "Plans": [{"Node Type": "Bitmap Index Scan", "Parent Relationship": "Outer", "Parallel Aware": false, "Index Name": "part_pkey", "Startup Cost": 0.0, "Total Cost": 0.44, "Plan Rows": 1, "Plan Width": 0, "Index Cond": "(p_partkey = lineitem_1.l_partkey)"}]}]}, {"Node Type": "Bitmap Heap Scan", "Parent Relationship": "Inner", "Parallel Aware": false, "Relation Name": "lineitem", "Alias": "lineitem", "Startup Cost": 0.89, "Total Cost": 2.46, "Plan Rows": 10, "Plan Width": 17, "Recheck Cond": "(l_partkey = lineitem_1.l_partkey)", "Filter": "(l_quantity < ((0.2 * avg(lineitem_1.l_quantity))))", "Plans": [{"Node Type": "Bitmap Index Scan", "Parent Relationship": "Outer", "Parallel Aware": false, "Index Name": "idx_lineitem_part_supp", "Startup Cost": 0.0, "Total Cost": 0.89, "Plan Rows": 31, "Plan Width": 0, "Index Cond": "(l_partkey = lineitem_1.l_partkey)"}]}]}]}]}}, {"Plan": {"Node Type": "Limit", "Parallel Aware": false, "Startup Cost": 4718908.24, "Total Cost": 4718908.25, "Plan Rows": 1, "Plan Width": 32, "Plans": [{"Node Type": "Aggregate", "Strategy": "Plain", "Partial Mode": "Finalize", "Parent Relationship": "Outer", "Parallel Aware": false, "Startup Cost": 4718908.24, "Total Cost": 4718908.25, "Plan Rows": 1, "Plan Width": 32, "Plans": [{"Node Type": "Gather", "Parent Relationship": "Outer", "Parallel Aware": false, "Startup Cost": 4718907.91, "Total Cost": 4718908.22, "Plan Rows": 3, "Plan Width": 32, "Workers Planned": 3, "Single Copy": false, "Plans": [{"Node Type": "Aggregate", "Strategy": "Plain", "Partial Mode": "Partial", "Parent Relationship": "Outer", "Parallel Aware": false, "Startup Cost": 4717907.91, "Total Cost": 4717907.92, "Plan Rows": 1, "Plan Width": 32, "Plans": [{"Node Type": "Merge Join", "Parent Relationship": "Outer", "Parallel Aware": false, "Join Type": "Inner", "Startup Cost": 19.18, "Total Cost": 4717892.56, "Plan Rows": 6139, "Plan Width": 8, "Inner Unique": false, "Merge Cond": "(lineitem.l_partkey = part.p_partkey)", "Join Filter": "(lineitem.l_quantity < ((0.2 * avg(lineitem_1.l_quantity))))", "Plans": [{"Node Type": "Index Scan", "Parent Relationship": "Outer", "Parallel Aware": true, "Scan Direction": "Forward", "Index Name": "idx_lineitem_part_supp", "Relation Name": "lineitem", "Alias": "lineitem", "Startup Cost": 0.56, "Total Cost": 1911574.61, "Plan Rows": 19350250, "Plan Width": 17}, {"Node Type": "Materialize", "Parent Relationship": "Inner", "Parallel Aware": false, "Startup Cost": 0.99, "Total Cost": 2757624.87, "Plan Rows": 1903, "Plan Width": 40, "Plans": [{"Node Type": "Merge Join", "Parent Relationship": "Outer", "Parallel Aware": false, "Join Type": "Inner", "Startup Cost": 0.99, "Total Cost": 2757620.11, "Plan Rows": 1903, "Plan Width": 40, "Inner Unique": true, "Merge Cond": "(part.p_partkey = lineitem_1.l_partkey)", "Plans": [{"Node Type": "Index Scan", "Parent Relationship": "Outer", "Parallel Aware": false, "Scan Direction": "Forward", "Index Name": "part_pkey", "Relation Name": "part", "Alias": "part", "Startup Cost": 0.43, "Total Cost": 86998.23, "Plan Rows": 1985, "Plan Width": 4, "Filter": "((p_brand = 'Brand#13'::bpchar) AND (p_container = 'WRAP PACK'::bpchar))"}, {"Node Type": "Aggregate", "Strategy": "Sorted", "Partial Mode": "Simple", "Parent Relationship": "Inner", "Parallel Aware": false, "Startup Cost": 0.56, "Total Cost": 2646625.56, "Plan Rows": 1917787, "Plan Width": 36, "Group Key": ["lineitem_1.l_partkey"], "Plans": [{"Node Type": "Index Scan", "Parent Relationship": "Outer", "Parallel Aware": false, "Scan Direction": "Forward", "Index Name": "idx_lineitem_part_supp", "Relation Name": "lineitem", "Alias": "lineitem_1", "Startup Cost": 0.56, "Total Cost": 2317929.87, "Plan Rows": 59985776, "Plan Width": 9}]}]}]}]}]}]}]}]}}, {"Plan": {"Node Type": "Limit", "Parallel Aware": false, "Startup Cost": 2761567.83, "Total Cost": 2761567.84, "Plan Rows": 1, "Plan Width": 32, "Plans": [{"Node Type": "Aggregate", "Strategy": "Plain", "Partial Mode": "Simple", "Parent Relationship": "Outer", "Parallel Aware": false, "Startup Cost": 2761567.83, "Total Cost": 2761567.84, "Plan Rows": 1, "Plan Width": 32, "Plans": [{"Node Type": "Nested Loop", "Parent Relationship": "Outer", "Parallel Aware": false, "Join Type": "Inner", "Startup Cost": 1.56, "Total Cost": 2761520.25, "Plan Rows": 19030, "Plan Width": 8, "Inner Unique": false, "Join Filter": "(part.p_partkey = lineitem.l_partkey)", "Plans": [{"Node Type": "Merge Join", "Parent Relationship": "Outer", "Parallel Aware": false, "Join Type": "Inner", "Startup Cost": 0.99, "Total Cost": 2757620.11, "Plan Rows": 1903, "Plan Width": 40, "Inner Unique": true, "Merge Cond": "(part.p_partkey = lineitem_1.l_partkey)", "Plans": [{"Node Type": "Index Scan", "Parent Relationship": "Outer", "Parallel Aware": false, "Scan Direction": "Forward", "Index Name": "part_pkey", "Relation Name": "part", "Alias": "part", "Startup Cost": 0.43, "Total Cost": 86998.23, "Plan Rows": 1985, "Plan Width": 4, "Filter": "((p_brand = 'Brand#13'::bpchar) AND (p_container = 'WRAP PACK'::bpchar))"}, {"Node Type": "Aggregate", "Strategy": "Sorted", "Partial Mode": "Simple", "Parent Relationship": "Inner", "Parallel Aware": false, "Startup Cost": 0.56, "Total Cost": 2646625.56, "Plan Rows": 1917787, "Plan Width": 36, "Group Key": ["lineitem_1.l_partkey"], "Plans": [{"Node Type": "Index Scan", "Parent Relationship": "Outer", "Parallel Aware": false, "Scan Direction": "Forward", "Index Name": "idx_lineitem_part_supp", "Relation Name": "lineitem", "Alias": "lineitem_1", "Startup Cost": 0.56, "Total Cost": 2317929.87, "Plan Rows": 59985776, "Plan Width": 9}]}]}, {"Node Type": "Index Scan", "Parent Relationship": "Inner", "Parallel Aware": false, "Scan Direction": "Forward", "Index Name": "idx_lineitem_part_supp", "Relation Name": "lineitem", "Alias": "lineitem", "Startup Cost": 0.56, "Total Cost": 1.92, "Plan Rows": 10, "Plan Width": 17, "Index Cond": "(l_partkey = lineitem_1.l_partkey)", "Filter": "(l_quantity < ((0.2 * avg(lineitem_1.l_quantity))))"}]}]}]}}, {"Plan": {"Node Type": "Limit", "Parallel Aware": false, "Startup Cost": 2723550.53, "Total Cost": 2723550.55, "Plan Rows": 1, "Plan Width": 32, "Plans": [{"Node Type": "Aggregate", "Strategy": "Plain", "Partial Mode": "Finalize", "Parent Relationship": "Outer", "Parallel Aware": false, "Startup Cost": 2723550.53, "Total Cost": 2723550.55, "Plan Rows": 1, "Plan Width": 32, "Plans": [{"Node Type": "Gather", "Parent Relationship": "Outer", "Parallel Aware": false, "Startup Cost": 2723550.21, "Total Cost": 2723550.52, "Plan Rows": 3, "Plan Width": 32, "Workers Planned": 3, "Single Copy": false, "Plans": [{"Node Type": "Aggregate", "Strategy": "Plain", "Partial Mode": "Partial", "Parent Relationship": "Outer", "Parallel Aware": false, "Startup Cost": 2722550.21, "Total Cost": 2722550.22, "Plan Rows": 1, "Plan Width": 32, "Plans": [{"Node Type": "Nested Loop", "Parent Relationship": "Outer", "Parallel Aware": false, "Join Type": "Inner", "Startup Cost": 50670.38, "Total Cost": 2722534.86, "Plan Rows": 6139, "Plan Width": 8, "Inner Unique": false, "Join Filter": "(part.p_partkey = lineitem.l_partkey)", "Plans": [{"Node Type": "Merge Join", "Parent Relationship": "Outer", "Parallel Aware": false, "Join Type": "Inner", "Startup Cost": 50669.81, "Total Cost": 2721276.48, "Plan Rows": 614, "Plan Width": 40, "Inner Unique": true, "Merge Cond": "(part.p_partkey = lineitem_1.l_partkey)", "Plans": [{"Node Type": "Sort", "Parent Relationship": "Outer", "Parallel Aware": false, "Startup Cost": 50669.25, "Total Cost": 50670.85, "Plan Rows": 640, "Plan Width": 4, "Sort Key": ["part.p_partkey"], "Plans": [{"Node Type": "Seq Scan", "Parent Relationship": "Outer", "Parallel Aware": true, "Relation Name": "part", "Alias": "part", "Startup Cost": 0.0, "Total Cost": 50639.42, "Plan Rows": 640, "Plan Width": 4, "Filter": "((p_brand = 'Brand#13'::bpchar) AND (p_container = 'WRAP PACK'::bpchar))"}]}, {"Node Type": "Aggregate", "Strategy": "Sorted", "Partial Mode": "Simple", "Parent Relationship": "Inner", "Parallel Aware": false, "Startup Cost": 0.56, "Total Cost": 2646625.56, "Plan Rows": 1917787, "Plan Width": 36, "Group Key": ["lineitem_1.l_partkey"], "Plans": [{"Node Type": "Index Scan", "Parent Relationship": "Outer", "Parallel Aware": false, "Scan Direction": "Forward", "Index Name": "idx_lineitem_part_supp", "Relation Name": "lineitem", "Alias": "lineitem_1", "Startup Cost": 0.56, "Total Cost": 2317929.87, "Plan Rows": 59985776, "Plan Width": 9}]}]}, {"Node Type": "Index Scan", "Parent Relationship": "Inner", "Parallel Aware": false, "Scan Direction": "Forward", "Index Name": "idx_lineitem_part_supp", "Relation Name": "lineitem", "Alias": "lineitem", "Startup Cost": 0.56, "Total Cost": 1.92, "Plan Rows": 10, "Plan Width": 17, "Index Cond": "(l_partkey = lineitem_1.l_partkey)", "Filter": "(l_quantity < ((0.2 * avg(lineitem_1.l_quantity))))"}]}]}]}]}]}}, {"Plan": {"Node Type": "Limit", "Parallel Aware": false, "Startup Cost": 4707909.19, "Total Cost": 4707909.21, "Plan Rows": 1, "Plan Width": 32, "Plans": [{"Node Type": "Aggregate", "Strategy": "Plain", "Partial Mode": "Finalize", "Parent Relationship": "Outer", "Parallel Aware": false, "Startup Cost": 4707909.19, "Total Cost": 4707909.21, "Plan Rows": 1, "Plan Width": 32, "Plans": [{"Node Type": "Gather", "Parent Relationship": "Outer", "Parallel Aware": false, "Startup Cost": 4707908.87, "Total Cost": 4707909.18, "Plan Rows": 3, "Plan Width": 32, "Workers Planned": 3, "Single Copy": false, "Plans": [{"Node Type": "Aggregate", "Strategy": "Plain", "Partial Mode": "Partial", "Parent Relationship": "Outer", "Parallel Aware": false, "Startup Cost": 4706908.87, "Total Cost": 4706908.88, "Plan Rows": 1, "Plan Width": 32, "Plans": [{"Node Type": "Merge Join", "Parent Relationship": "Outer", "Parallel Aware": false, "Join Type": "Inner", "Startup Cost": 71089.48, "Total Cost": 4706893.52, "Plan Rows": 6139, "Plan Width": 8, "Inner Unique": true, "Merge Cond": "(part.p_partkey = lineitem_1.l_partkey)", "Join Filter": "(lineitem.l_quantity < ((0.2 * avg(lineitem_1.l_quantity))))", "Plans": [{"Node Type": "Merge Join", "Parent Relationship": "Outer", "Parallel Aware": false, "Join Type": "Inner", "Startup Cost": 71088.92, "Total Cost": 2031222.94, "Plan Rows": 19205, "Plan Width": 21, "Inner Unique": true, "Merge Cond": "(lineitem.l_partkey = part.p_partkey)", "Plans": [{"Node Type": "Index Scan", "Parent Relationship": "Outer", "Parallel Aware": true, "Scan Direction": "Forward", "Index Name": "idx_lineitem_part_supp", "Relation Name": "lineitem", "Alias": "lineitem", "Startup Cost": 0.56, "Total Cost": 1911574.61, "Plan Rows": 19350250, "Plan Width": 17}, {"Node Type": "Sort", "Parent Relationship": "Inner", "Parallel Aware": false, "Startup Cost": 71070.73, "Total Cost": 71075.69, "Plan Rows": 1985, "Plan Width": 4, "Sort Key": ["part.p_partkey"], "Plans": [{"Node Type": "Seq Scan", "Parent Relationship": "Outer", "Parallel Aware": false, "Relation Name": "part", "Alias": "part", "Startup Cost": 0.0, "Total Cost": 70962.0, "Plan Rows": 1985, "Plan Width": 4, "Filter": "((p_brand = 'Brand#13'::bpchar) AND (p_container = 'WRAP PACK'::bpchar))"}]}]}, {"Node Type": "Materialize", "Parent Relationship": "Inner", "Parallel Aware": false, "Startup Cost": 0.56, "Total Cost": 2670597.89, "Plan Rows": 1917787, "Plan Width": 36, "Plans": [{"Node Type": "Aggregate", "Strategy": "Sorted", "Partial Mode": "Simple", "Parent Relationship": "Outer", "Parallel Aware": false, "Startup Cost": 0.56, "Total Cost": 2646625.56, "Plan Rows": 1917787, "Plan Width": 36, "Group Key": ["lineitem_1.l_partkey"], "Plans": [{"Node Type": "Index Scan", "Parent Relationship": "Outer", "Parallel Aware": false, "Scan Direction": "Forward", "Index Name": "idx_lineitem_part_supp", "Relation Name": "lineitem", "Alias": "lineitem_1", "Startup Cost": 0.56, "Total Cost": 2317929.87, "Plan Rows": 59985776, "Plan Width": 9}]}]}]}]}]}]}]}}, {"Plan": {"Node Type": "Limit", "Parallel Aware": false, "Startup Cost": 3583849.14, "Total Cost": 3583849.16, "Plan Rows": 1, "Plan Width": 32, "Plans": [{"Node Type": "Aggregate", "Strategy": "Plain", "Partial Mode": "Simple", "Parent Relationship": "Outer", "Parallel Aware": false, "Startup Cost": 3583849.14, "Total Cost": 3583849.16, "Plan Rows": 1, "Plan Width": 32, "Plans": [{"Node Type": "Nested Loop", "Parent Relationship": "Outer", "Parallel Aware": false, "Join Type": "Inner", "Startup Cost": 1.56, "Total Cost": 3583801.57, "Plan Rows": 19030, "Plan Width": 8, "Inner Unique": false, "Join Filter": "(part.p_partkey = lineitem.l_partkey)", "Plans": [{"Node Type": "Nested Loop", "Parent Relationship": "Outer", "Parallel Aware": false, "Join Type": "Inner", "Startup Cost": 0.99, "Total Cost": 3579901.43, "Plan Rows": 1903, "Plan Width": 40, "Inner Unique": true, "Plans": [{"Node Type": "Aggregate", "Strategy": "Sorted", "Partial Mode": "Simple", "Parent Relationship": "Outer", "Parallel Aware": false, "Startup Cost": 0.56, "Total Cost": 2646625.56, "Plan Rows": 1917787, "Plan Width": 36, "Group Key": ["lineitem_1.l_partkey"], "Plans": [{"Node Type": "Index Scan", "Parent Relationship": "Outer", "Parallel Aware": false, "Scan Direction": "Forward", "Index Name": "idx_lineitem_part_supp", "Relation Name": "lineitem", "Alias": "lineitem_1", "Startup Cost": 0.56, "Total Cost": 2317929.87, "Plan Rows": 59985776, "Plan Width": 9}]}, {"Node Type": "Index Scan", "Parent Relationship": "Inner", "Parallel Aware": false, "Scan Direction": "Forward", "Index Name": "part_pkey", "Relation Name": "part", "Alias": "part", "Startup Cost": 0.43, "Total Cost": 0.48, "Plan Rows": 1, "Plan Width": 4, "Index Cond": "(p_partkey = lineitem_1.l_partkey)", "Filter": "((p_brand = 'Brand#13'::bpchar) AND (p_container = 'WRAP PACK'::bpchar))"}]}, {"Node Type": "Index Scan", "Parent Relationship": "Inner", "Parallel Aware": false, "Scan Direction": "Forward", "Index Name": "idx_lineitem_part_supp", "Relation Name": "lineitem", "Alias": "lineitem", "Startup Cost": 0.56, "Total Cost": 1.92, "Plan Rows": 10, "Plan Width": 17, "Index Cond": "(l_partkey = lineitem_1.l_partkey)", "Filter": "(l_quantity < ((0.2 * avg(lineitem_1.l_quantity))))"}]}]}]}}, {"Plan": {"Node Type": "Limit", "Parallel Aware": false, "Startup Cost": 3583849.14, "Total Cost": 3583849.16, "Plan Rows": 1, "Plan Width": 32, "Plans": [{"Node Type": "Aggregate", "Strategy": "Plain", "Partial Mode": "Simple", "Parent Relationship": "Outer", "Parallel Aware": false, "Startup Cost": 3583849.14, "Total Cost": 3583849.16, "Plan Rows": 1, "Plan Width": 32, "Plans": [{"Node Type": "Nested Loop", "Parent Relationship": "Outer", "Parallel Aware": false, "Join Type": "Inner", "Startup Cost": 1.56, "Total Cost": 3583801.57, "Plan Rows": 19030, "Plan Width": 8, "Inner Unique": false, "Join Filter": "(part.p_partkey = lineitem.l_partkey)", "Plans": [{"Node Type": "Nested Loop", "Parent Relationship": "Outer", "Parallel Aware": false, "Join Type": "Inner", "Startup Cost": 0.99, "Total Cost": 3579901.43, "Plan Rows": 1903, "Plan Width": 40, "Inner Unique": true, "Plans": [{"Node Type": "Aggregate", "Strategy": "Sorted", "Partial Mode": "Simple", "Parent Relationship": "Outer", "Parallel Aware": false, "Startup Cost": 0.56, "Total Cost": 2646625.56, "Plan Rows": 1917787, "Plan Width": 36, "Group Key": ["lineitem_1.l_partkey"], "Plans": [{"Node Type": "Index Scan", "Parent Relationship": "Outer", "Parallel Aware": false, "Scan Direction": "Forward", "Index Name": "idx_lineitem_part_supp", "Relation Name": "lineitem", "Alias": "lineitem_1", "Startup Cost": 0.56, "Total Cost": 2317929.87, "Plan Rows": 59985776, "Plan Width": 9}]}, {"Node Type": "Index Scan", "Parent Relationship": "Inner", "Parallel Aware": false, "Scan Direction": "Forward", "Index Name": "part_pkey", "Relation Name": "part", "Alias": "part", "Startup Cost": 0.43, "Total Cost": 0.48, "Plan Rows": 1, "Plan Width": 4, "Index Cond": "(p_partkey = lineitem_1.l_partkey)", "Filter": "((p_brand = 'Brand#13'::bpchar) AND (p_container = 'WRAP PACK'::bpchar))"}]}, {"Node Type": "Index Scan", "Parent Relationship": "Inner", "Parallel Aware": false, "Scan Direction": "Forward", "Index Name": "idx_lineitem_part_supp", "Relation Name": "lineitem", "Alias": "lineitem", "Startup Cost": 0.56, "Total Cost": 1.92, "Plan Rows": 10, "Plan Width": 17, "Index Cond": "(l_partkey = lineitem_1.l_partkey)", "Filter": "(l_quantity < ((0.2 * avg(lineitem_1.l_quantity))))"}]}]}]}}, {"Plan": {"Node Type": "Limit", "Parallel Aware": false, "Startup Cost": 4852632.76, "Total Cost": 4852632.77, "Plan Rows": 1, "Plan Width": 32, "Plans": [{"Node Type": "Aggregate", "Strategy": "Plain", "Partial Mode": "Simple", "Parent Relationship": "Outer", "Parallel Aware": false, "Startup Cost": 4852632.76, "Total Cost": 4852632.77, "Plan Rows": 1, "Plan Width": 32, "Plans": [{"Node Type": "Nested Loop", "Parent Relationship": "Outer", "Parallel Aware": false, "Join Type": "Inner", "Startup Cost": 3906630.42, "Total Cost": 4852585.18, "Plan Rows": 19030, "Plan Width": 8, "Inner Unique": false, "Join Filter": "(part.p_partkey = lineitem.l_partkey)", "Plans": [{"Node Type": "Merge Join", "Parent Relationship": "Outer", "Parallel Aware": false, "Join Type": "Inner", "Startup Cost": 3906629.53, "Total Cost": 4847666.96, "Plan Rows": 1903, "Plan Width": 40, "Inner Unique": true, "Merge Cond": "(part.p_partkey = lineitem_1.l_partkey)", "Plans": [{"Node Type": "Sort", "Parent Relationship": "Outer", "Parallel Aware": false, "Startup Cost": 51946.65, "Total Cost": 51951.61, "Plan Rows": 1985, "Plan Width": 4, "Sort Key": ["part.p_partkey"], "Plans": [{"Node Type": "Gather", "Parent Relationship": "Outer", "Parallel Aware": false, "Startup Cost": 1000.0, "Total Cost": 51837.92, "Plan Rows": 1985, "Plan Width": 4, "Workers Planned": 3, "Single Copy": false, "Plans": [{"Node Type": "Seq Scan", "Parent Relationship": "Outer", "Parallel Aware": true, "Relation Name": "part", "Alias": "part", "Startup Cost": 0.0, "Total Cost": 50639.42, "Plan Rows": 640, "Plan Width": 4, "Filter": "((p_brand = 'Brand#13'::bpchar) AND (p_container = 'WRAP PACK'::bpchar))"}]}]}, {"Node Type": "Aggregate", "Strategy": "Sorted", "Partial Mode": "Finalize", "Parent Relationship": "Inner", "Parallel Aware": false, "Startup Cost": 3854682.88, "Total Cost": 4771719.02, "Plan Rows": 1917787, "Plan Width": 36, "Group Key": ["lineitem_1.l_partkey"], "Plans": [{"Node Type": "Gather Merge", "Parent Relationship": "Outer", "Parallel Aware": false, "Startup Cost": 3854682.88, "Total Cost": 4699802.01, "Plan Rows": 5753361, "Plan Width": 36, "Workers Planned": 3, "Plans": [{"Node Type": "Aggregate", "Strategy": "Sorted", "Partial Mode": "Partial", "Parent Relationship": "Outer", "Parallel Aware": false, "Startup Cost": 3853682.84, "Total Cost": 4022782.05, "Plan Rows": 1917787, "Plan Width": 36, "Group Key": ["lineitem_1.l_partkey"], "Plans": [{"Node Type": "Sort", "Parent Relationship": "Outer", "Parallel Aware": false, "Startup Cost": 3853682.84, "Total Cost": 3902058.46, "Plan Rows": 19350250, "Plan Width": 9, "Sort Key": ["lineitem_1.l_partkey"], "Plans": [{"Node Type": "Seq Scan", "Parent Relationship": "Outer", "Parallel Aware": true, "Relation Name": "lineitem", "Alias": "lineitem_1", "Startup Cost": 0.0, "Total Cost": 1318044.5, "Plan Rows": 19350250, "Plan Width": 9}]}]}]}]}]}, {"Node Type": "Bitmap Heap Scan", "Parent Relationship": "Inner", "Parallel Aware": false, "Relation Name": "lineitem", "Alias": "lineitem", "Startup Cost": 0.89, "Total Cost": 2.46, "Plan Rows": 10, "Plan Width": 17, "Recheck Cond": "(l_partkey = lineitem_1.l_partkey)", "Filter": "(l_quantity < ((0.2 * avg(lineitem_1.l_quantity))))", "Plans": [{"Node Type": "Bitmap Index Scan", "Parent Relationship": "Outer", "Parallel Aware": false, "Index Name": "idx_lineitem_part_supp", "Startup Cost": 0.0, "Total Cost": 0.89, "Plan Rows": 31, "Plan Width": 0, "Index Cond": "(l_partkey = lineitem_1.l_partkey)"}]}]}]}]}}, {"Plan": {"Node Type": "Limit", "Parallel Aware": false, "Startup Cost": 8865191.39, "Total Cost": 8865191.4, "Plan Rows": 1, "Plan Width": 32, "Plans": [{"Node Type": "Aggregate", "Strategy": "Plain", "Partial Mode": "Simple", "Parent Relationship": "Outer", "Parallel Aware": false, "Startup Cost": 8865191.39, "Total Cost": 8865191.4, "Plan Rows": 1, "Plan Width": 32, "Plans": [{"Node Type": "Merge Join", "Parent Relationship": "Outer", "Parallel Aware": false, "Join Type": "Inner", "Startup Cost": 7819176.21, "Total Cost": 8865143.81, "Plan Rows": 19030, "Plan Width": 8, "Inner Unique": false, "Merge Cond": "(lineitem_1.l_partkey = part.p_partkey)", "Join Filter": "(lineitem.l_quantity < ((0.2 * avg(lineitem_1.l_quantity))))", "Plans": [{"Node Type": "Aggregate", "Strategy": "Sorted", "Partial Mode": "Finalize", "Parent Relationship": "Outer", "Parallel Aware": false, "Startup Cost": 3854682.88, "Total Cost": 4771719.02, "Plan Rows": 1917787, "Plan Width": 36, "Group Key": ["lineitem_1.l_partkey"], "Plans": [{"Node Type": "Gather Merge", "Parent Relationship": "Outer", "Parallel Aware": false, "Startup Cost": 3854682.88, "Total Cost": 4699802.01, "Plan Rows": 5753361, "Plan Width": 36, "Workers Planned": 3, "Plans": [{"Node Type": "Aggregate", "Strategy": "Sorted", "Partial Mode": "Partial", "Parent Relationship": "Outer", "Parallel Aware": false, "Startup Cost": 3853682.84, "Total Cost": 4022782.05, "Plan Rows": 1917787, "Plan Width": 36, "Group Key": ["lineitem_1.l_partkey"], "Plans": [{"Node Type": "Sort", "Parent Relationship": "Outer", "Parallel Aware": false, "Startup Cost": 3853682.84, "Total Cost": 3902058.46, "Plan Rows": 19350250, "Plan Width": 9, "Sort Key": ["lineitem_1.l_partkey"], "Plans": [{"Node Type": "Seq Scan", "Parent Relationship": "Outer", "Parallel Aware": true, "Relation Name": "lineitem", "Alias": "lineitem_1", "Startup Cost": 0.0, "Total Cost": 1318044.5, "Plan Rows": 19350250, "Plan Width": 9}]}]}]}]}, {"Node Type": "Materialize", "Parent Relationship": "Inner", "Parallel Aware": false, "Startup Cost": 3964493.33, "Total Cost": 4068590.0, "Plan Rows": 59536, "Plan Width": 21, "Plans": [{"Node Type": "Gather Merge", "Parent Relationship": "Outer", "Parallel Aware": false, "Startup Cost": 3964493.33, "Total Cost": 4068441.16, "Plan Rows": 59536, "Plan Width": 21, "Workers Planned": 3, "Plans": [{"Node Type": "Merge Join", "Parent Relationship": "Outer", "Parallel Aware": false, "Join Type": "Inner", "Startup Cost": 3963493.29, "Total Cost": 4060445.64, "Plan Rows": 19205, "Plan Width": 21, "Inner Unique": true, "Merge Cond": "(lineitem.l_partkey = part.p_partkey)", "Plans": [{"Node Type": "Sort", "Parent Relationship": "Outer", "Parallel Aware": false, "Startup Cost": 3892421.69, "Total Cost": 3940797.31, "Plan Rows": 19350250, "Plan Width": 17, "Sort Key": ["lineitem.l_partkey"], "Plans": [{"Node Type": "Seq Scan", "Parent Relationship": "Outer", "Parallel Aware": true, "Relation Name": "lineitem", "Alias": "lineitem", "Startup Cost": 0.0, "Total Cost": 1318044.5, "Plan Rows": 19350250, "Plan Width": 17}]}, {"Node Type": "Sort", "Parent Relationship": "Inner", "Parallel Aware": false, "Startup Cost": 71070.73, "Total Cost": 71075.69, "Plan Rows": 1985, "Plan Width": 4, "Sort Key": ["part.p_partkey"], "Plans": [{"Node Type": "Seq Scan", "Parent Relationship": "Outer", "Parallel Aware": false, "Relation Name": "part", "Alias": "part", "Startup Cost": 0.0, "Total Cost": 70962.0, "Plan Rows": 1985, "Plan Width": 4, "Filter": "((p_brand = 'Brand#13'::bpchar) AND (p_container = 'WRAP PACK'::bpchar))"}]}]}]}]}]}]}]}}, {"Plan": {"Node Type": "Limit", "Parallel Aware": false, "Startup Cost": 7779741.04, "Total Cost": 7779741.05, "Plan Rows": 1, "Plan Width": 32, "Plans": [{"Node Type": "Aggregate", "Strategy": "Plain", "Partial Mode": "Simple", "Parent Relationship": "Outer", "Parallel Aware": false, "Startup Cost": 7779741.04, "Total Cost": 7779741.05, "Plan Rows": 1, "Plan Width": 32, "Plans": [{"Node Type": "Nested Loop", "Parent Relationship": "Outer", "Parallel Aware": false, "Join Type": "Inner", "Startup Cost": 3854684.21, "Total Cost": 7779693.46, "Plan Rows": 19030, "Plan Width": 8, "Inner Unique": false, "Join Filter": "(part.p_partkey = lineitem.l_partkey)", "Plans": [{"Node Type": "Nested Loop", "Parent Relationship": "Outer", "Parallel Aware": false, "Join Type": "Inner", "Startup Cost": 3854683.32, "Total Cost": 7774775.24, "Plan Rows": 1903, "Plan Width": 40, "Inner Unique": true, "Plans": [{"Node Type": "Aggregate", "Strategy": "Sorted", "Partial Mode": "Finalize", "Parent Relationship": "Outer", "Parallel Aware": false, "Startup Cost": 3854682.88, "Total Cost": 4771719.02, "Plan Rows": 1917787, "Plan Width": 36, "Group Key": ["lineitem_1.l_partkey"], "Plans": [{"Node Type": "Gather Merge", "Parent Relationship": "Outer", "Parallel Aware": false, "Startup Cost": 3854682.88, "Total Cost": 4699802.01, "Plan Rows": 5753361, "Plan Width": 36, "Workers Planned": 3, "Plans": [{"Node Type": "Aggregate", "Strategy": "Sorted", "Partial Mode": "Partial", "Parent Relationship": "Outer", "Parallel Aware": false, "Startup Cost": 3853682.84, "Total Cost": 4022782.05, "Plan Rows": 1917787, "Plan Width": 36, "Group Key": ["lineitem_1.l_partkey"], "Plans": [{"Node Type": "Sort", "Parent Relationship": "Outer", "Parallel Aware": false, "Startup Cost": 3853682.84, "Total Cost": 3902058.46, "Plan Rows": 19350250, "Plan Width": 9, "Sort Key": ["lineitem_1.l_partkey"], "Plans": [{"Node Type": "Seq Scan", "Parent Relationship": "Outer", "Parallel Aware": true, "Relation Name": "lineitem", "Alias": "lineitem_1", "Startup Cost": 0.0, "Total Cost": 1318044.5, "Plan Rows": 19350250, "Plan Width": 9}]}]}]}]}, {"Node Type": "Bitmap Heap Scan", "Parent Relationship": "Inner", "Parallel Aware": false, "Relation Name": "part", "Alias": "part", "Startup Cost": 0.44, "Total Cost": 1.56, "Plan Rows": 1, "Plan Width": 4, "Recheck Cond": "(p_partkey = lineitem_1.l_partkey)", "Filter": "((p_brand = 'Brand#13'::bpchar) AND (p_container = 'WRAP PACK'::bpchar))", "Plans": [{"Node Type": "Bitmap Index Scan", "Parent Relationship": "Outer", "Parallel Aware": false, "Index Name": "part_pkey", "Startup Cost": 0.0, "Total Cost": 0.44, "Plan Rows": 1, "Plan Width": 0, "Index Cond": "(p_partkey = lineitem_1.l_partkey)"}]}]}, {"Node Type": "Bitmap Heap Scan", "Parent Relationship": "Inner", "Parallel Aware": false, "Relation Name": "lineitem", "Alias": "lineitem", "Startup Cost": 0.89, "Total Cost": 2.46, "Plan Rows": 10, "Plan Width": 17, "Recheck Cond": "(l_partkey = lineitem_1.l_partkey)", "Filter": "(l_quantity < ((0.2 * avg(lineitem_1.l_quantity))))", "Plans": [{"Node Type": "Bitmap Index Scan", "Parent Relationship": "Outer", "Parallel Aware": false, "Index Name": "idx_lineitem_part_supp", "Startup Cost": 0.0, "Total Cost": 0.89, "Plan Rows": 31, "Plan Width": 0, "Index Cond": "(l_partkey = lineitem_1.l_partkey)"}]}]}]}]}}, {"Plan": {"Node Type": "Limit", "Parallel Aware": false, "Startup Cost": 2723550.53, "Total Cost": 2723550.55, "Plan Rows": 1, "Plan Width": 32, "Plans": [{"Node Type": "Aggregate", "Strategy": "Plain", "Partial Mode": "Finalize", "Parent Relationship": "Outer", "Parallel Aware": false, "Startup Cost": 2723550.53, "Total Cost": 2723550.55, "Plan Rows": 1, "Plan Width": 32, "Plans": [{"Node Type": "Gather", "Parent Relationship": "Outer", "Parallel Aware": false, "Startup Cost": 2723550.21, "Total Cost": 2723550.52, "Plan Rows": 3, "Plan Width": 32, "Workers Planned": 3, "Single Copy": false, "Plans": [{"Node Type": "Aggregate", "Strategy": "Plain", "Partial Mode": "Partial", "Parent Relationship": "Outer", "Parallel Aware": false, "Startup Cost": 2722550.21, "Total Cost": 2722550.22, "Plan Rows": 1, "Plan Width": 32, "Plans": [{"Node Type": "Nested Loop", "Parent Relationship": "Outer", "Parallel Aware": false, "Join Type": "Inner", "Startup Cost": 50670.38, "Total Cost": 2722534.86, "Plan Rows": 6139, "Plan Width": 8, "Inner Unique": false, "Join Filter": "(part.p_partkey = lineitem.l_partkey)", "Plans": [{"Node Type": "Merge Join", "Parent Relationship": "Outer", "Parallel Aware": false, "Join Type": "Inner", "Startup Cost": 50669.81, "Total Cost": 2721276.48, "Plan Rows": 614, "Plan Width": 40, "Inner Unique": true, "Merge Cond": "(part.p_partkey = lineitem_1.l_partkey)", "Plans": [{"Node Type": "Sort", "Parent Relationship": "Outer", "Parallel Aware": false, "Startup Cost": 50669.25, "Total Cost": 50670.85, "Plan Rows": 640, "Plan Width": 4, "Sort Key": ["part.p_partkey"], "Plans": [{"Node Type": "Seq Scan", "Parent Relationship": "Outer", "Parallel Aware": true, "Relation Name": "part", "Alias": "part", "Startup Cost": 0.0, "Total Cost": 50639.42, "Plan Rows": 640, "Plan Width": 4, "Filter": "((p_brand = 'Brand#13'::bpchar) AND (p_container = 'WRAP PACK'::bpchar))"}]}, {"Node Type": "Aggregate", "Strategy": "Sorted", "Partial Mode": "Simple", "Parent Relationship": "Inner", "Parallel Aware": false, "Startup Cost": 0.56, "Total Cost": 2646625.56, "Plan Rows": 1917787, "Plan Width": 36, "Group Key": ["lineitem_1.l_partkey"], "Plans": [{"Node Type": "Index Scan", "Parent Relationship": "Outer", "Parallel Aware": false, "Scan Direction": "Forward", "Index Name": "idx_lineitem_part_supp", "Relation Name": "lineitem", "Alias": "lineitem_1", "Startup Cost": 0.56, "Total Cost": 2317929.87, "Plan Rows": 59985776, "Plan Width": 9}]}]}, {"Node Type": "Index Scan", "Parent Relationship": "Inner", "Parallel Aware": false, "Scan Direction": "Forward", "Index Name": "idx_lineitem_part_supp", "Relation Name": "lineitem", "Alias": "lineitem", "Startup Cost": 0.56, "Total Cost": 1.92, "Plan Rows": 10, "Plan Width": 17, "Index Cond": "(l_partkey = lineitem_1.l_partkey)", "Filter": "(l_quantity < ((0.2 * avg(lineitem_1.l_quantity))))"}]}]}]}]}]}}]