[{"Plan": {"Node Type": "Limit", "Parallel Aware": false, "Startup Cost": 30002883312.07, "Total Cost": 30002883312.08, "Plan Rows": 1, "Plan Width": 32, "Plans": [{"Node Type": "Aggregate", "Strategy": "Plain", "Partial Mode": "Simple", "Parent Relationship": "Outer", "Parallel Aware": false, "Startup Cost": 30002883312.07, "Total Cost": 30002883312.08, "Plan Rows": 1, "Plan Width": 32, "Plans": [{"Node Type": "Hash Join", "Parent Relationship": "Outer", "Parallel Aware": false, "Join Type": "Inner", "Startup Cost": 30002704761.09, "Total Cost": 30002883262.64, "Plan Rows": 19768, "Plan Width": 8, "Inner Unique": true, "Hash Cond": "(part.p_partkey = lineitem_1.l_partkey)", "Join Filter": "(lineitem.l_quantity < ((0.2 * avg(lineitem_1.l_quantity))))", "Plans": [{"Node Type": "Nested Loop", "Parent Relationship": "Outer", "Parallel Aware": false, "Join Type": "Inner", "Startup Cost": 20000000002.33, "Total Cost": 20000162632.54, "Plan Rows": 61845, "Plan Width": 21, "Inner Unique": false, "Plans": [{"Node Type": "Index Scan", "Parent Relationship": "Outer", "Parallel Aware": false, "Scan Direction": "Forward", "Index Name": "part_pkey", "Relation Name": "part", "Alias": "part", "Startup Cost": 10000000000.43, "Total Cost": 10000086998.23, "Plan Rows": 2062, "Plan Width": 4, "Filter": "((p_brand = 'Brand#12'::bpchar) AND (p_container = 'MED PACK'::bpchar))"}, {"Node Type": "Bitmap Heap Scan", "Parent Relationship": "Inner", "Parallel Aware": false, "Relation Name": "lineitem", "Alias": "lineitem", "Startup Cost": 1.9, "Total Cost": 36.37, "Plan Rows": 31, "Plan Width": 17, "Recheck Cond": "(l_partkey = part.p_partkey)", "Plans": [{"Node Type": "Bitmap Index Scan", "Parent Relationship": "Outer", "Parallel Aware": false, "Index Name": "idx_lineitem_part_supp", "Startup Cost": 0.0, "Total Cost": 1.89, "Plan Rows": 31, "Plan Width": 0, "Index Cond": "(l_partkey = part.p_partkey)"}]}]}, {"Node Type": "Hash", "Parent Relationship": "Inner", "Parallel Aware": false, "Startup Cost": 10002665803.43, "Total Cost": 10002665803.43, "Plan Rows": 1917787, "Plan Width": 36, "Plans": [{"Node Type": "Aggregate", "Strategy": "Sorted", "Partial Mode": "Simple", "Parent Relationship": "Outer", "Parallel Aware": false, "Startup Cost": 10000000000.57, "Total Cost": 10002646625.56, "Plan Rows": 1917787, "Plan Width": 36, "Group Key": ["lineitem_1.l_partkey"], "Plans": [{"Node Type": "Index Scan", "Parent Relationship": "Outer", "Parallel Aware": false, "Scan Direction": "Forward", "Index Name": "idx_lineitem_part_supp", "Relation Name": "lineitem", "Alias": "lineitem_1", "Startup Cost": 10000000000.57, "Total Cost": 10002317929.87, "Plan Rows": 59985776, "Plan Width": 9}]}]}]}]}]}}, {"Plan": {"Node Type": "Limit", "Parallel Aware": false, "Startup Cost": 4750097.5, "Total Cost": 4750097.51, "Plan Rows": 1, "Plan Width": 32, "Plans": [{"Node Type": "Aggregate", "Strategy": "Plain", "Partial Mode": "Finalize", "Parent Relationship": "Outer", "Parallel Aware": false, "Startup Cost": 4750097.5, "Total Cost": 4750097.51, "Plan Rows": 1, "Plan Width": 32, "Plans": [{"Node Type": "Gather", "Parent Relationship": "Outer", "Parallel Aware": false, "Startup Cost": 4750097.17, "Total Cost": 4750097.48, "Plan Rows": 3, "Plan Width": 32, "Workers Planned": 3, "Single Copy": false, "Plans": [{"Node Type": "Aggregate", "Strategy": "Plain", "Partial Mode": "Partial", "Parent Relationship": "Outer", "Parallel Aware": false, "Startup Cost": 4749097.17, "Total Cost": 4749097.18, "Plan Rows": 1, "Plan Width": 32, "Plans": [{"Node Type": "Hash Join", "Parent Relationship": "Outer", "Parallel Aware": false, "Join Type": "Inner", "Startup Cost": 2771443.29, "Total Cost": 4749081.22, "Plan Rows": 6377, "Plan Width": 8, "Inner Unique": true, "Hash Cond": "(part.p_partkey = lineitem_1.l_partkey)", "Join Filter": "(lineitem.l_quantity < ((0.2 * avg(lineitem_1.l_quantity))))", "Plans": [{"Node Type": "Hash Join", "Parent Relationship": "Outer", "Parallel Aware": true, "Join Type": "Inner", "Startup Cost": 66684.52, "Total Cost": 2029053.09, "Plan Rows": 19950, "Plan Width": 21, "Inner Unique": true, "Hash Cond": "(lineitem.l_partkey = part.p_partkey)", "Plans": [{"Node Type": "Index Scan", "Parent Relationship": "Outer", "Parallel Aware": true, "Scan Direction": "Forward", "Index Name": "idx_lineitem_part_supp", "Relation Name": "lineitem", "Alias": "lineitem", "Startup Cost": 0.56, "Total Cost": 1911574.61, "Plan Rows": 19350250, "Plan Width": 17}, {"Node Type": "Hash", "Parent Relationship": "Inner", "Parallel Aware": true, "Startup Cost": 66675.65, "Total Cost": 66675.65, "Plan Rows": 665, "Plan Width": 4, "Plans": [{"Node Type": "Index Scan", "Parent Relationship": "Outer", "Parallel Aware": true, "Scan Direction": "Forward", "Index Name": "part_pkey", "Relation Name": "part", "Alias": "part", "Startup Cost": 0.43, "Total Cost": 66675.65, "Plan Rows": 665, "Plan Width": 4, "Filter": "((p_brand = 'Brand#12'::bpchar) AND (p_container = 'MED PACK'::bpchar))"}]}]}, {"Node Type": "Hash", "Parent Relationship": "Inner", "Parallel Aware": false, "Startup Cost": 2665803.43, "Total Cost": 2665803.43, "Plan Rows": 1917787, "Plan Width": 36, "Plans": [{"Node Type": "Aggregate", "Strategy": "Sorted", "Partial Mode": "Simple", "Parent Relationship": "Outer", "Parallel Aware": false, "Startup Cost": 0.56, "Total Cost": 2646625.56, "Plan Rows": 1917787, "Plan Width": 36, "Group Key": ["lineitem_1.l_partkey"], "Plans": [{"Node Type": "Index Scan", "Parent Relationship": "Outer", "Parallel Aware": false, "Scan Direction": "Forward", "Index Name": "idx_lineitem_part_supp", "Relation Name": "lineitem", "Alias": "lineitem_1", "Startup Cost": 0.56, "Total Cost": 2317929.87, "Plan Rows": 59985776, "Plan Width": 9}]}]}]}]}]}]}]}}, {"Plan": {"Node Type": "Limit", "Parallel Aware": false, "Startup Cost": 4718922.3, "Total Cost": 4718922.31, "Plan Rows": 1, "Plan Width": 32, "Plans": [{"Node Type": "Aggregate", "Strategy": "Plain", "Partial Mode": "Finalize", "Parent Relationship": "Outer", "Parallel Aware": false, "Startup Cost": 4718922.3, "Total Cost": 4718922.31, "Plan Rows": 1, "Plan Width": 32, "Plans": [{"Node Type": "Gather", "Parent Relationship": "Outer", "Parallel Aware": false, "Startup Cost": 4718921.97, "Total Cost": 4718922.28, "Plan Rows": 3, "Plan Width": 32, "Workers Planned": 3, "Single Copy": false, "Plans": [{"Node Type": "Aggregate", "Strategy": "Plain", "Partial Mode": "Partial", "Parent Relationship": "Outer", "Parallel Aware": false, "Startup Cost": 4717921.97, "Total Cost": 4717921.98, "Plan Rows": 1, "Plan Width": 32, "Plans": [{"Node Type": "Merge Join", "Parent Relationship": "Outer", "Parallel Aware": false, "Join Type": "Inner", "Startup Cost": 19.18, "Total Cost": 4717906.03, "Plan Rows": 6377, "Plan Width": 8, "Inner Unique": false, "Merge Cond": "(lineitem.l_partkey = part.p_partkey)", "Join Filter": "(lineitem.l_quantity < ((0.2 * avg(lineitem_1.l_quantity))))", "Plans": [{"Node Type": "Index Scan", "Parent Relationship": "Outer", "Parallel Aware": true, "Scan Direction": "Forward", "Index Name": "idx_lineitem_part_supp", "Relation Name": "lineitem", "Alias": "lineitem", "Startup Cost": 0.56, "Total Cost": 1911574.61, "Plan Rows": 19350250, "Plan Width": 17}, {"Node Type": "Materialize", "Parent Relationship": "Inner", "Parallel Aware": false, "Startup Cost": 0.99, "Total Cost": 2757625.99, "Plan Rows": 1977, "Plan Width": 40, "Plans": [{"Node Type": "Merge Join", "Parent Relationship": "Outer", "Parallel Aware": false, "Join Type": "Inner", "Startup Cost": 0.99, "Total Cost": 2757621.05, "Plan Rows": 1977, "Plan Width": 40, "Inner Unique": true, "Merge Cond": "(part.p_partkey = lineitem_1.l_partkey)", "Plans": [{"Node Type": "Index Scan", "Parent Relationship": "Outer", "Parallel Aware": false, "Scan Direction": "Forward", "Index Name": "part_pkey", "Relation Name": "part", "Alias": "part", "Startup Cost": 0.43, "Total Cost": 86998.23, "Plan Rows": 2062, "Plan Width": 4, "Filter": "((p_brand = 'Brand#12'::bpchar) AND (p_container = 'MED PACK'::bpchar))"}, {"Node Type": "Aggregate", "Strategy": "Sorted", "Partial Mode": "Simple", "Parent Relationship": "Inner", "Parallel Aware": false, "Startup Cost": 0.56, "Total Cost": 2646625.56, "Plan Rows": 1917787, "Plan Width": 36, "Group Key": ["lineitem_1.l_partkey"], "Plans": [{"Node Type": "Index Scan", "Parent Relationship": "Outer", "Parallel Aware": false, "Scan Direction": "Forward", "Index Name": "idx_lineitem_part_supp", "Relation Name": "lineitem", "Alias": "lineitem_1", "Startup Cost": 0.56, "Total Cost": 2317929.87, "Plan Rows": 59985776, "Plan Width": 9}]}]}]}]}]}]}]}]}}, {"Plan": {"Node Type": "Limit", "Parallel Aware": false, "Startup Cost": 2761722.27, "Total Cost": 2761722.28, "Plan Rows": 1, "Plan Width": 32, "Plans": [{"Node Type": "Aggregate", "Strategy": "Plain", "Partial Mode": "Simple", "Parent Relationship": "Outer", "Parallel Aware": false, "Startup Cost": 2761722.27, "Total Cost": 2761722.28, "Plan Rows": 1, "Plan Width": 32, "Plans": [{"Node Type": "Nested Loop", "Parent Relationship": "Outer", "Parallel Aware": false, "Join Type": "Inner", "Startup Cost": 1.56, "Total Cost": 2761672.84, "Plan Rows": 19768, "Plan Width": 8, "Inner Unique": false, "Join Filter": "(part.p_partkey = lineitem.l_partkey)", "Plans": [{"Node Type": "Merge Join", "Parent Relationship": "Outer", "Parallel Aware": false, "Join Type": "Inner", "Startup Cost": 0.99, "Total Cost": 2757621.05, "Plan Rows": 1977, "Plan Width": 40, "Inner Unique": true, "Merge Cond": "(part.p_partkey = lineitem_1.l_partkey)", "Plans": [{"Node Type": "Index Scan", "Parent Relationship": "Outer", "Parallel Aware": false, "Scan Direction": "Forward", "Index Name": "part_pkey", "Relation Name": "part", "Alias": "part", "Startup Cost": 0.43, "Total Cost": 86998.23, "Plan Rows": 2062, "Plan Width": 4, "Filter": "((p_brand = 'Brand#12'::bpchar) AND (p_container = 'MED PACK'::bpchar))"}, {"Node Type": "Aggregate", "Strategy": "Sorted", "Partial Mode": "Simple", "Parent Relationship": "Inner", "Parallel Aware": false, "Startup Cost": 0.56, "Total Cost": 2646625.56, "Plan Rows": 1917787, "Plan Width": 36, "Group Key": ["lineitem_1.l_partkey"], "Plans": [{"Node Type": "Index Scan", "Parent Relationship": "Outer", "Parallel Aware": false, "Scan Direction": "Forward", "Index Name": "idx_lineitem_part_supp", "Relation Name": "lineitem", "Alias": "lineitem_1", "Startup Cost": 0.56, "Total Cost": 2317929.87, "Plan Rows": 59985776, "Plan Width": 9}]}]}, {"Node Type": "Index Scan", "Parent Relationship": "Inner", "Parallel Aware": false, "Scan Direction": "Forward", "Index Name": "idx_lineitem_part_supp", "Relation Name": "lineitem", "Alias": "lineitem", "Startup Cost": 0.56, "Total Cost": 1.92, "Plan Rows": 10, "Plan Width": 17, "Index Cond": "(l_partkey = lineitem_1.l_partkey)", "Filter": "(l_quantity < ((0.2 * avg(lineitem_1.l_quantity))))"}]}]}]}}, {"Plan": {"Node Type": "Limit", "Parallel Aware": false, "Startup Cost": 4097659.1, "Total Cost": 4097659.11, "Plan Rows": 1, "Plan Width": 32, "Plans": [{"Node Type": "Aggregate", "Strategy": "Plain", "Partial Mode": "Finalize", "Parent Relationship": "Outer", "Parallel Aware": false, "Startup Cost": 4097659.1, "Total Cost": 4097659.11, "Plan Rows": 1, "Plan Width": 32, "Plans": [{"Node Type": "Gather", "Parent Relationship": "Outer", "Parallel Aware": false, "Startup Cost": 4097658.77, "Total Cost": 4097659.08, "Plan Rows": 3, "Plan Width": 32, "Workers Planned": 3, "Single Copy": false, "Plans": [{"Node Type": "Aggregate", "Strategy": "Plain", "Partial Mode": "Partial", "Parent Relationship": "Outer", "Parallel Aware": false, "Startup Cost": 4096658.77, "Total Cost": 4096658.78, "Plan Rows": 1, "Plan Width": 32, "Plans": [{"Node Type": "Merge Join", "Parent Relationship": "Outer", "Parallel Aware": false, "Join Type": "Inner", "Startup Cost": 1420912.16, "Total Cost": 4096642.83, "Plan Rows": 6377, "Plan Width": 8, "Inner Unique": true, "Merge Cond": "(part.p_partkey = lineitem_1.l_partkey)", "Join Filter": "(lineitem.l_quantity < ((0.2 * avg(lineitem_1.l_quantity))))", "Plans": [{"Node Type": "Sort", "Parent Relationship": "Outer", "Parallel Aware": false, "Startup Cost": 1420911.59, "Total Cost": 1420961.47, "Plan Rows": 19950, "Plan Width": 21, "Sort Key": ["lineitem.l_partkey"], "Plans": [{"Node Type": "Hash Join", "Parent Relationship": "Outer", "Parallel Aware": true, "Join Type": "Inner", "Startup Cost": 50647.73, "Total Cost": 1419486.75, "Plan Rows": 19950, "Plan Width": 21, "Inner Unique": true, "Hash Cond": "(lineitem.l_partkey = part.p_partkey)", "Plans": [{"Node Type": "Seq Scan", "Parent Relationship": "Outer", "Parallel Aware": true, "Relation Name": "lineitem", "Alias": "lineitem", "Startup Cost": 0.0, "Total Cost": 1318044.5, "Plan Rows": 19350250, "Plan Width": 17}, {"Node Type": "Hash", "Parent Relationship": "Inner", "Parallel Aware": true, "Startup Cost": 50639.42, "Total Cost": 50639.42, "Plan Rows": 665, "Plan Width": 4, "Plans": [{"Node Type": "Seq Scan", "Parent Relationship": "Outer", "Parallel Aware": true, "Relation Name": "part", "Alias": "part", "Startup Cost": 0.0, "Total Cost": 50639.42, "Plan Rows": 665, "Plan Width": 4, "Filter": "((p_brand = 'Brand#12'::bpchar) AND (p_container = 'MED PACK'::bpchar))"}]}]}]}, {"Node Type": "Materialize", "Parent Relationship": "Inner", "Parallel Aware": false, "Startup Cost": 0.56, "Total Cost": 2670597.89, "Plan Rows": 1917787, "Plan Width": 36, "Plans": [{"Node Type": "Aggregate", "Strategy": "Sorted", "Partial Mode": "Simple", "Parent Relationship": "Outer", "Parallel Aware": false, "Startup Cost": 0.56, "Total Cost": 2646625.56, "Plan Rows": 1917787, "Plan Width": 36, "Group Key": ["lineitem_1.l_partkey"], "Plans": [{"Node Type": "Index Scan", "Parent Relationship": "Outer", "Parallel Aware": false, "Scan Direction": "Forward", "Index Name": "idx_lineitem_part_supp", "Relation Name": "lineitem", "Alias": "lineitem_1", "Startup Cost": 0.56, "Total Cost": 2317929.87, "Plan Rows": 59985776, "Plan Width": 9}]}]}]}]}]}]}]}}, {"Plan": {"Node Type": "Limit", "Parallel Aware": false, "Startup Cost": 2742882.6, "Total Cost": 2742882.61, "Plan Rows": 1, "Plan Width": 32, "Plans": [{"Node Type": "Aggregate", "Strategy": "Plain", "Partial Mode": "Simple", "Parent Relationship": "Outer", "Parallel Aware": false, "Startup Cost": 2742882.6, "Total Cost": 2742882.61, "Plan Rows": 1, "Plan Width": 32, "Plans": [{"Node Type": "Nested Loop", "Parent Relationship": "Outer", "Parallel Aware": false, "Join Type": "Inner", "Startup Cost": 67944.88, "Total Cost": 2742833.17, "Plan Rows": 19768, "Plan Width": 8, "Inner Unique": false, "Join Filter": "(part.p_partkey = lineitem.l_partkey)", "Plans": [{"Node Type": "Hash Join", "Parent Relationship": "Outer", "Parallel Aware": false, "Join Type": "Inner", "Startup Cost": 67944.31, "Total Cost": 2738781.37, "Plan Rows": 1977, "Plan Width": 40, "Inner Unique": true, "Hash Cond": "(lineitem_1.l_partkey = part.p_partkey)", "Plans": [{"Node Type": "Aggregate", "Strategy": "Sorted", "Partial Mode": "Simple", "Parent Relationship": "Outer", "Parallel Aware": false, "Startup Cost": 0.56, "Total Cost": 2646625.56, "Plan Rows": 1917787, "Plan Width": 36, "Group Key": ["lineitem_1.l_partkey"], "Plans": [{"Node Type": "Index Scan", "Parent Relationship": "Outer", "Parallel Aware": false, "Scan Direction": "Forward", "Index Name": "idx_lineitem_part_supp", "Relation Name": "lineitem", "Alias": "lineitem_1", "Startup Cost": 0.56, "Total Cost": 2317929.87, "Plan Rows": 59985776, "Plan Width": 9}]}, {"Node Type": "Hash", "Parent Relationship": "Inner", "Parallel Aware": false, "Startup Cost": 67917.97, "Total Cost": 67917.97, "Plan Rows": 2062, "Plan Width": 4, "Plans": [{"Node Type": "Gather Merge", "Parent Relationship": "Outer", "Parallel Aware": false, "Startup Cost": 1000.47, "Total Cost": 67917.97, "Plan Rows": 2062, "Plan Width": 4, "Workers Planned": 3, "Plans": [{"Node Type": "Index Scan", "Parent Relationship": "Outer", "Parallel Aware": true, "Scan Direction": "Forward", "Index Name": "part_pkey", "Relation Name": "part", "Alias": "part", "Startup Cost": 0.43, "Total Cost": 66675.65, "Plan Rows": 665, "Plan Width": 4, "Filter": "((p_brand = 'Brand#12'::bpchar) AND (p_container = 'MED PACK'::bpchar))"}]}]}]}, {"Node Type": "Index Scan", "Parent Relationship": "Inner", "Parallel Aware": false, "Scan Direction": "Forward", "Index Name": "idx_lineitem_part_supp", "Relation Name": "lineitem", "Alias": "lineitem", "Startup Cost": 0.56, "Total Cost": 1.92, "Plan Rows": 10, "Plan Width": 17, "Index Cond": "(l_partkey = lineitem_1.l_partkey)", "Filter": "(l_quantity < ((0.2 * avg(lineitem_1.l_quantity))))"}]}]}]}}, {"Plan": {"Node Type": "Limit", "Parallel Aware": false, "Startup Cost": 2726810.24, "Total Cost": 2726810.26, "Plan Rows": 1, "Plan Width": 32, "Plans": [{"Node Type": "Aggregate", "Strategy": "Plain", "Partial Mode": "Simple", "Parent Relationship": "Outer", "Parallel Aware": false, "Startup Cost": 2726810.24, "Total Cost": 2726810.26, "Plan Rows": 1, "Plan Width": 32, "Plans": [{"Node Type": "Nested Loop", "Parent Relationship": "Outer", "Parallel Aware": false, "Join Type": "Inner", "Startup Cost": 51872.52, "Total Cost": 2726760.82, "Plan Rows": 19768, "Plan Width": 8, "Inner Unique": false, "Join Filter": "(part.p_partkey = lineitem.l_partkey)", "Plans": [{"Node Type": "Hash Join", "Parent Relationship": "Outer", "Parallel Aware": false, "Join Type": "Inner", "Startup Cost": 51871.96, "Total Cost": 2722709.02, "Plan Rows": 1977, "Plan Width": 40, "Inner Unique": true, "Hash Cond": "(lineitem_1.l_partkey = part.p_partkey)", "Plans": [{"Node Type": "Aggregate", "Strategy": "Sorted", "Partial Mode": "Simple", "Parent Relationship": "Outer", "Parallel Aware": false, "Startup Cost": 0.56, "Total Cost": 2646625.56, "Plan Rows": 1917787, "Plan Width": 36, "Group Key": ["lineitem_1.l_partkey"], "Plans": [{"Node Type": "Index Scan", "Parent Relationship": "Outer", "Parallel Aware": false, "Scan Direction": "Forward", "Index Name": "idx_lineitem_part_supp", "Relation Name": "lineitem", "Alias": "lineitem_1", "Startup Cost": 0.56, "Total Cost": 2317929.87, "Plan Rows": 59985776, "Plan Width": 9}]}, {"Node Type": "Hash", "Parent Relationship": "Inner", "Parallel Aware": false, "Startup Cost": 51845.62, "Total Cost": 51845.62, "Plan Rows": 2062, "Plan Width": 4, "Plans": [{"Node Type": "Gather", "Parent Relationship": "Outer", "Parallel Aware": false, "Startup Cost": 1000.0, "Total Cost": 51845.62, "Plan Rows": 2062, "Plan Width": 4, "Workers Planned": 3, "Single Copy": false, "Plans": [{"Node Type": "Seq Scan", "Parent Relationship": "Outer", "Parallel Aware": true, "Relation Name": "part", "Alias": "part", "Startup Cost": 0.0, "Total Cost": 50639.42, "Plan Rows": 665, "Plan Width": 4, "Filter": "((p_brand = 'Brand#12'::bpchar) AND (p_container = 'MED PACK'::bpchar))"}]}]}]}, {"Node Type": "Index Scan", "Parent Relationship": "Inner", "Parallel Aware": false, "Scan Direction": "Forward", "Index Name": "idx_lineitem_part_supp", "Relation Name": "lineitem", "Alias": "lineitem", "Startup Cost": 0.56, "Total Cost": 1.92, "Plan Rows": 10, "Plan Width": 17, "Index Cond": "(l_partkey = lineitem_1.l_partkey)", "Filter": "(l_quantity < ((0.2 * avg(lineitem_1.l_quantity))))"}]}]}]}}, {"Plan": {"Node Type": "Limit", "Parallel Aware": false, "Startup Cost": 4140531.16, "Total Cost": 4140531.17, "Plan Rows": 1, "Plan Width": 32, "Plans": [{"Node Type": "Aggregate", "Strategy": "Plain", "Partial Mode": "Finalize", "Parent Relationship": "Outer", "Parallel Aware": false, "Startup Cost": 4140531.16, "Total Cost": 4140531.17, "Plan Rows": 1, "Plan Width": 32, "Plans": [{"Node Type": "Gather", "Parent Relationship": "Outer", "Parallel Aware": false, "Startup Cost": 4140530.83, "Total Cost": 4140531.14, "Plan Rows": 3, "Plan Width": 32, "Workers Planned": 3, "Single Copy": false, "Plans": [{"Node Type": "Aggregate", "Strategy": "Plain", "Partial Mode": "Partial", "Parent Relationship": "Outer", "Parallel Aware": false, "Startup Cost": 4139530.83, "Total Cost": 4139530.84, "Plan Rows": 1, "Plan Width": 32, "Plans": [{"Node Type": "Hash Join", "Parent Relationship": "Outer", "Parallel Aware": false, "Join Type": "Inner", "Startup Cost": 2755406.5, "Total Cost": 4139514.88, "Plan Rows": 6377, "Plan Width": 8, "Inner Unique": true, "Hash Cond": "(part.p_partkey = lineitem_1.l_partkey)", "Join Filter": "(lineitem.l_quantity < ((0.2 * avg(lineitem_1.l_quantity))))", "Plans": [{"Node Type": "Hash Join", "Parent Relationship": "Outer", "Parallel Aware": true, "Join Type": "Inner", "Startup Cost": 50647.73, "Total Cost": 1419486.75, "Plan Rows": 19950, "Plan Width": 21, "Inner Unique": true, "Hash Cond": "(lineitem.l_partkey = part.p_partkey)", "Plans": [{"Node Type": "Seq Scan", "Parent Relationship": "Outer", "Parallel Aware": true, "Relation Name": "lineitem", "Alias": "lineitem", "Startup Cost": 0.0, "Total Cost": 1318044.5, "Plan Rows": 19350250, "Plan Width": 17}, {"Node Type": "Hash", "Parent Relationship": "Inner", "Parallel Aware": true, "Startup Cost": 50639.42, "Total Cost": 50639.42, "Plan Rows": 665, "Plan Width": 4, "Plans": [{"Node Type": "Seq Scan", "Parent Relationship": "Outer", "Parallel Aware": true, "Relation Name": "part", "Alias": "part", "Startup Cost": 0.0, "Total Cost": 50639.42, "Plan Rows": 665, "Plan Width": 4, "Filter": "((p_brand = 'Brand#12'::bpchar) AND (p_container = 'MED PACK'::bpchar))"}]}]}, {"Node Type": "Hash", "Parent Relationship": "Inner", "Parallel Aware": false, "Startup Cost": 2665803.43, "Total Cost": 2665803.43, "Plan Rows": 1917787, "Plan Width": 36, "Plans": [{"Node Type": "Aggregate", "Strategy": "Sorted", "Partial Mode": "Simple", "Parent Relationship": "Outer", "Parallel Aware": false, "Startup Cost": 0.56, "Total Cost": 2646625.56, "Plan Rows": 1917787, "Plan Width": 36, "Group Key": ["lineitem_1.l_partkey"], "Plans": [{"Node Type": "Index Scan", "Parent Relationship": "Outer", "Parallel Aware": false, "Scan Direction": "Forward", "Index Name": "idx_lineitem_part_supp", "Relation Name": "lineitem", "Alias": "lineitem_1", "Startup Cost": 0.56, "Total Cost": 2317929.87, "Plan Rows": 59985776, "Plan Width": 9}]}]}]}]}]}]}]}}, {"Plan": {"Node Type": "Limit", "Parallel Aware": false, "Startup Cost": 30002762779.94, "Total Cost": 30002762779.95, "Plan Rows": 1, "Plan Width": 32, "Plans": [{"Node Type": "Aggregate", "Strategy": "Plain", "Partial Mode": "Simple", "Parent Relationship": "Outer", "Parallel Aware": false, "Startup Cost": 30002762779.94, "Total Cost": 30002762779.95, "Plan Rows": 1, "Plan Width": 32, "Plans": [{"Node Type": "Nested Loop", "Parent Relationship": "Outer", "Parallel Aware": false, "Join Type": "Inner", "Startup Cost": 30000000001.89, "Total Cost": 30002762730.52, "Plan Rows": 19768, "Plan Width": 8, "Inner Unique": false, "Join Filter": "(part.p_partkey = lineitem.l_partkey)", "Plans": [{"Node Type": "Merge Join", "Parent Relationship": "Outer", "Parallel Aware": false, "Join Type": "Inner", "Startup Cost": 20000000000.99, "Total Cost": 20002757621.05, "Plan Rows": 1977, "Plan Width": 40, "Inner Unique": true, "Merge Cond": "(part.p_partkey = lineitem_1.l_partkey)", "Plans": [{"Node Type": "Index Scan", "Parent Relationship": "Outer", "Parallel Aware": false, "Scan Direction": "Forward", "Index Name": "part_pkey", "Relation Name": "part", "Alias": "part", "Startup Cost": 10000000000.43, "Total Cost": 10000086998.23, "Plan Rows": 2062, "Plan Width": 4, "Filter": "((p_brand = 'Brand#12'::bpchar) AND (p_container = 'MED PACK'::bpchar))"}, {"Node Type": "Aggregate", "Strategy": "Sorted", "Partial Mode": "Simple", "Parent Relationship": "Inner", "Parallel Aware": false, "Startup Cost": 10000000000.57, "Total Cost": 10002646625.56, "Plan Rows": 1917787, "Plan Width": 36, "Group Key": ["lineitem_1.l_partkey"], "Plans": [{"Node Type": "Index Scan", "Parent Relationship": "Outer", "Parallel Aware": false, "Scan Direction": "Forward", "Index Name": "idx_lineitem_part_supp", "Relation Name": "lineitem", "Alias": "lineitem_1", "Startup Cost": 10000000000.57, "Total Cost": 10002317929.87, "Plan Rows": 59985776, "Plan Width": 9}]}]}, {"Node Type": "Bitmap Heap Scan", "Parent Relationship": "Inner", "Parallel Aware": false, "Relation Name": "lineitem", "Alias": "lineitem", "Startup Cost": 0.89, "Total Cost": 2.46, "Plan Rows": 10, "Plan Width": 17, "Recheck Cond": "(l_partkey = lineitem_1.l_partkey)", "Filter": "(l_quantity < ((0.2 * avg(lineitem_1.l_quantity))))", "Plans": [{"Node Type": "Bitmap Index Scan", "Parent Relationship": "Outer", "Parallel Aware": false, "Index Name": "idx_lineitem_part_supp", "Startup Cost": 0.0, "Total Cost": 0.89, "Plan Rows": 31, "Plan Width": 0, "Index Cond": "(l_partkey = lineitem_1.l_partkey)"}]}]}]}]}}, {"Plan": {"Node Type": "Limit", "Parallel Aware": false, "Startup Cost": 10005654840.67, "Total Cost": 10005654840.68, "Plan Rows": 1, "Plan Width": 32, "Plans": [{"Node Type": "Aggregate", "Strategy": "Plain", "Partial Mode": "Simple", "Parent Relationship": "Outer", "Parallel Aware": false, "Startup Cost": 10005654840.67, "Total Cost": 10005654840.68, "Plan Rows": 1, "Plan Width": 32, "Plans": [{"Node Type": "Nested Loop", "Parent Relationship": "Outer", "Parallel Aware": false, "Join Type": "Inner", "Startup Cost": 10000000001.9, "Total Cost": 10005654791.24, "Plan Rows": 19768, "Plan Width": 8, "Inner Unique": false, "Join Filter": "(part.p_partkey = lineitem.l_partkey)", "Plans": [{"Node Type": "Nested Loop", "Parent Relationship": "Outer", "Parallel Aware": false, "Join Type": "Inner", "Startup Cost": 10000000001.0, "Total Cost": 10005649681.77, "Plan Rows": 1977, "Plan Width": 40, "Inner Unique": true, "Plans": [{"Node Type": "Aggregate", "Strategy": "Sorted", "Partial Mode": "Simple", "Parent Relationship": "Outer", "Parallel Aware": false, "Startup Cost": 10000000000.57, "Total Cost": 10002646625.56, "Plan Rows": 1917787, "Plan Width": 36, "Group Key": ["lineitem_1.l_partkey"], "Plans": [{"Node Type": "Index Scan", "Parent Relationship": "Outer", "Parallel Aware": false, "Scan Direction": "Forward", "Index Name": "idx_lineitem_part_supp", "Relation Name": "lineitem", "Alias": "lineitem_1", "Startup Cost": 10000000000.57, "Total Cost": 10002317929.87, "Plan Rows": 59985776, "Plan Width": 9}]}, {"Node Type": "Bitmap Heap Scan", "Parent Relationship": "Inner", "Parallel Aware": false, "Relation Name": "part", "Alias": "part", "Startup Cost": 0.44, "Total Cost": 1.56, "Plan Rows": 1, "Plan Width": 4, "Recheck Cond": "(p_partkey = lineitem_1.l_partkey)", "Filter": "((p_brand = 'Brand#12'::bpchar) AND (p_container = 'MED PACK'::bpchar))", "Plans": [{"Node Type": "Bitmap Index Scan", "Parent Relationship": "Outer", "Parallel Aware": false, "Index Name": "part_pkey", "Startup Cost": 0.0, "Total Cost": 0.44, "Plan Rows": 1, "Plan Width": 0, "Index Cond": "(p_partkey = lineitem_1.l_partkey)"}]}]}, {"Node Type": "Bitmap Heap Scan", "Parent Relationship": "Inner", "Parallel Aware": false, "Relation Name": "lineitem", "Alias": "lineitem", "Startup Cost": 0.89, "Total Cost": 2.46, "Plan Rows": 10, "Plan Width": 17, "Recheck Cond": "(l_partkey = lineitem_1.l_partkey)", "Filter": "(l_quantity < ((0.2 * avg(lineitem_1.l_quantity))))", "Plans": [{"Node Type": "Bitmap Index Scan", "Parent Relationship": "Outer", "Parallel Aware": false, "Index Name": "idx_lineitem_part_supp", "Startup Cost": 0.0, "Total Cost": 0.89, "Plan Rows": 31, "Plan Width": 0, "Index Cond": "(l_partkey = lineitem_1.l_partkey)"}]}]}]}]}}, {"Plan": {"Node Type": "Limit", "Parallel Aware": false, "Startup Cost": 4852839.46, "Total Cost": 4852839.47, "Plan Rows": 1, "Plan Width": 32, "Plans": [{"Node Type": "Aggregate", "Strategy": "Plain", "Partial Mode": "Simple", "Parent Relationship": "Outer", "Parallel Aware": false, "Startup Cost": 4852839.46, "Total Cost": 4852839.47, "Plan Rows": 1, "Plan Width": 32, "Plans": [{"Node Type": "Nested Loop", "Parent Relationship": "Outer", "Parallel Aware": false, "Join Type": "Inner", "Startup Cost": 3906642.9, "Total Cost": 4852790.04, "Plan Rows": 19768, "Plan Width": 8, "Inner Unique": false, "Join Filter": "(part.p_partkey = lineitem.l_partkey)", "Plans": [{"Node Type": "Merge Join", "Parent Relationship": "Outer", "Parallel Aware": false, "Join Type": "Inner", "Startup Cost": 3906642.01, "Total Cost": 4847680.57, "Plan Rows": 1977, "Plan Width": 40, "Inner Unique": true, "Merge Cond": "(part.p_partkey = lineitem_1.l_partkey)", "Plans": [{"Node Type": "Sort", "Parent Relationship": "Outer", "Parallel Aware": false, "Startup Cost": 51959.13, "Total Cost": 51964.29, "Plan Rows": 2062, "Plan Width": 4, "Sort Key": ["part.p_partkey"], "Plans": [{"Node Type": "Gather", "Parent Relationship": "Outer", "Parallel Aware": false, "Startup Cost": 1000.0, "Total Cost": 51845.62, "Plan Rows": 2062, "Plan Width": 4, "Workers Planned": 3, "Single Copy": false, "Plans": [{"Node Type": "Seq Scan", "Parent Relationship": "Outer", "Parallel Aware": true, "Relation Name": "part", "Alias": "part", "Startup Cost": 0.0, "Total Cost": 50639.42, "Plan Rows": 665, "Plan Width": 4, "Filter": "((p_brand = 'Brand#12'::bpchar) AND (p_container = 'MED PACK'::bpchar))"}]}]}, {"Node Type": "Aggregate", "Strategy": "Sorted", "Partial Mode": "Finalize", "Parent Relationship": "Inner", "Parallel Aware": false, "Startup Cost": 3854682.88, "Total Cost": 4771719.02, "Plan Rows": 1917787, "Plan Width": 36, "Group Key": ["lineitem_1.l_partkey"], "Plans": [{"Node Type": "Gather Merge", "Parent Relationship": "Outer", "Parallel Aware": false, "Startup Cost": 3854682.88, "Total Cost": 4699802.01, "Plan Rows": 5753361, "Plan Width": 36, "Workers Planned": 3, "Plans": [{"Node Type": "Aggregate", "Strategy": "Sorted", "Partial Mode": "Partial", "Parent Relationship": "Outer", "Parallel Aware": false, "Startup Cost": 3853682.84, "Total Cost": 4022782.05, "Plan Rows": 1917787, "Plan Width": 36, "Group Key": ["lineitem_1.l_partkey"], "Plans": [{"Node Type": "Sort", "Parent Relationship": "Outer", "Parallel Aware": false, "Startup Cost": 3853682.84, "Total Cost": 3902058.46, "Plan Rows": 19350250, "Plan Width": 9, "Sort Key": ["lineitem_1.l_partkey"], "Plans": [{"Node Type": "Seq Scan", "Parent Relationship": "Outer", "Parallel Aware": true, "Relation Name": "lineitem", "Alias": "lineitem_1", "Startup Cost": 0.0, "Total Cost": 1318044.5, "Plan Rows": 19350250, "Plan Width": 9}]}]}]}]}]}, {"Node Type": "Bitmap Heap Scan", "Parent Relationship": "Inner", "Parallel Aware": false, "Relation Name": "lineitem", "Alias": "lineitem", "Startup Cost": 0.89, "Total Cost": 2.46, "Plan Rows": 10, "Plan Width": 17, "Recheck Cond": "(l_partkey = lineitem_1.l_partkey)", "Filter": "(l_quantity < ((0.2 * avg(lineitem_1.l_quantity))))", "Plans": [{"Node Type": "Bitmap Index Scan", "Parent Relationship": "Outer", "Parallel Aware": false, "Index Name": "idx_lineitem_part_supp", "Startup Cost": 0.0, "Total Cost": 0.89, "Plan Rows": 31, "Plan Width": 0, "Index Cond": "(l_partkey = lineitem_1.l_partkey)"}]}]}]}]}}, {"Plan": {"Node Type": "Limit", "Parallel Aware": false, "Startup Cost": 6272444.25, "Total Cost": 6272444.26, "Plan Rows": 1, "Plan Width": 32, "Plans": [{"Node Type": "Aggregate", "Strategy": "Plain", "Partial Mode": "Simple", "Parent Relationship": "Outer", "Parallel Aware": false, "Startup Cost": 6272444.25, "Total Cost": 6272444.26, "Plan Rows": 1, "Plan Width": 32, "Plans": [{"Node Type": "Hash Join", "Parent Relationship": "Outer", "Parallel Aware": false, "Join Type": "Inner", "Startup Cost": 4881499.96, "Total Cost": 6272394.82, "Plan Rows": 19768, "Plan Width": 8, "Inner Unique": true, "Hash Cond": "(part.p_partkey = lineitem_1.l_partkey)", "Join Filter": "(lineitem.l_quantity < ((0.2 * avg(lineitem_1.l_quantity))))", "Plans": [{"Node Type": "Gather", "Parent Relationship": "Outer", "Parallel Aware": false, "Startup Cost": 51647.73, "Total Cost": 1426671.25, "Plan Rows": 61845, "Plan Width": 21, "Workers Planned": 3, "Single Copy": false, "Plans": [{"Node Type": "Hash Join", "Parent Relationship": "Outer", "Parallel Aware": true, "Join Type": "Inner", "Startup Cost": 50647.73, "Total Cost": 1419486.75, "Plan Rows": 19950, "Plan Width": 21, "Inner Unique": true, "Hash Cond": "(lineitem.l_partkey = part.p_partkey)", "Plans": [{"Node Type": "Seq Scan", "Parent Relationship": "Outer", "Parallel Aware": true, "Relation Name": "lineitem", "Alias": "lineitem", "Startup Cost": 0.0, "Total Cost": 1318044.5, "Plan Rows": 19350250, "Plan Width": 17}, {"Node Type": "Hash", "Parent Relationship": "Inner", "Parallel Aware": true, "Startup Cost": 50639.42, "Total Cost": 50639.42, "Plan Rows": 665, "Plan Width": 4, "Plans": [{"Node Type": "Seq Scan", "Parent Relationship": "Outer", "Parallel Aware": true, "Relation Name": "part", "Alias": "part", "Startup Cost": 0.0, "Total Cost": 50639.42, "Plan Rows": 665, "Plan Width": 4, "Filter": "((p_brand = 'Brand#12'::bpchar) AND (p_container = 'MED PACK'::bpchar))"}]}]}]}, {"Node Type": "Hash", "Parent Relationship": "Inner", "Parallel Aware": false, "Startup Cost": 4790896.89, "Total Cost": 4790896.89, "Plan Rows": 1917787, "Plan Width": 36, "Plans": [{"Node Type": "Aggregate", "Strategy": "Sorted", "Partial Mode": "Finalize", "Parent Relationship": "Outer", "Parallel Aware": false, "Startup Cost": 3854682.88, "Total Cost": 4771719.02, "Plan Rows": 1917787, "Plan Width": 36, "Group Key": ["lineitem_1.l_partkey"], "Plans": [{"Node Type": "Gather Merge", "Parent Relationship": "Outer", "Parallel Aware": false, "Startup Cost": 3854682.88, "Total Cost": 4699802.01, "Plan Rows": 5753361, "Plan Width": 36, "Workers Planned": 3, "Plans": [{"Node Type": "Aggregate", "Strategy": "Sorted", "Partial Mode": "Partial", "Parent Relationship": "Outer", "Parallel Aware": false, "Startup Cost": 3853682.84, "Total Cost": 4022782.05, "Plan Rows": 1917787, "Plan Width": 36, "Group Key": ["lineitem_1.l_partkey"], "Plans": [{"Node Type": "Sort", "Parent Relationship": "Outer", "Parallel Aware": false, "Startup Cost": 3853682.84, "Total Cost": 3902058.46, "Plan Rows": 19350250, "Plan Width": 9, "Sort Key": ["lineitem_1.l_partkey"], "Plans": [{"Node Type": "Seq Scan", "Parent Relationship": "Outer", "Parallel Aware": true, "Relation Name": "lineitem", "Alias": "lineitem_1", "Startup Cost": 0.0, "Total Cost": 1318044.5, "Plan Rows": 19350250, "Plan Width": 9}]}]}]}]}]}]}]}]}}, {"Plan": {"Node Type": "Limit", "Parallel Aware": false, "Startup Cost": 10005654840.67, "Total Cost": 10005654840.68, "Plan Rows": 1, "Plan Width": 32, "Plans": [{"Node Type": "Aggregate", "Strategy": "Plain", "Partial Mode": "Simple", "Parent Relationship": "Outer", "Parallel Aware": false, "Startup Cost": 10005654840.67, "Total Cost": 10005654840.68, "Plan Rows": 1, "Plan Width": 32, "Plans": [{"Node Type": "Nested Loop", "Parent Relationship": "Outer", "Parallel Aware": false, "Join Type": "Inner", "Startup Cost": 10000000001.9, "Total Cost": 10005654791.24, "Plan Rows": 19768, "Plan Width": 8, "Inner Unique": false, "Join Filter": "(part.p_partkey = lineitem.l_partkey)", "Plans": [{"Node Type": "Nested Loop", "Parent Relationship": "Outer", "Parallel Aware": false, "Join Type": "Inner", "Startup Cost": 10000000001.0, "Total Cost": 10005649681.77, "Plan Rows": 1977, "Plan Width": 40, "Inner Unique": true, "Plans": [{"Node Type": "Aggregate", "Strategy": "Sorted", "Partial Mode": "Simple", "Parent Relationship": "Outer", "Parallel Aware": false, "Startup Cost": 10000000000.57, "Total Cost": 10002646625.56, "Plan Rows": 1917787, "Plan Width": 36, "Group Key": ["lineitem_1.l_partkey"], "Plans": [{"Node Type": "Index Scan", "Parent Relationship": "Outer", "Parallel Aware": false, "Scan Direction": "Forward", "Index Name": "idx_lineitem_part_supp", "Relation Name": "lineitem", "Alias": "lineitem_1", "Startup Cost": 10000000000.57, "Total Cost": 10002317929.87, "Plan Rows": 59985776, "Plan Width": 9}]}, {"Node Type": "Bitmap Heap Scan", "Parent Relationship": "Inner", "Parallel Aware": false, "Relation Name": "part", "Alias": "part", "Startup Cost": 0.44, "Total Cost": 1.56, "Plan Rows": 1, "Plan Width": 4, "Recheck Cond": "(p_partkey = lineitem_1.l_partkey)", "Filter": "((p_brand = 'Brand#12'::bpchar) AND (p_container = 'MED PACK'::bpchar))", "Plans": [{"Node Type": "Bitmap Index Scan", "Parent Relationship": "Outer", "Parallel Aware": false, "Index Name": "part_pkey", "Startup Cost": 0.0, "Total Cost": 0.44, "Plan Rows": 1, "Plan Width": 0, "Index Cond": "(p_partkey = lineitem_1.l_partkey)"}]}]}, {"Node Type": "Bitmap Heap Scan", "Parent Relationship": "Inner", "Parallel Aware": false, "Relation Name": "lineitem", "Alias": "lineitem", "Startup Cost": 0.89, "Total Cost": 2.46, "Plan Rows": 10, "Plan Width": 17, "Recheck Cond": "(l_partkey = lineitem_1.l_partkey)", "Filter": "(l_quantity < ((0.2 * avg(lineitem_1.l_quantity))))", "Plans": [{"Node Type": "Bitmap Index Scan", "Parent Relationship": "Outer", "Parallel Aware": false, "Index Name": "idx_lineitem_part_supp", "Startup Cost": 0.0, "Total Cost": 0.89, "Plan Rows": 31, "Plan Width": 0, "Index Cond": "(l_partkey = lineitem_1.l_partkey)"}]}]}]}]}}, {"Plan": {"Node Type": "Limit", "Parallel Aware": false, "Startup Cost": 4852961.38, "Total Cost": 4852961.39, "Plan Rows": 1, "Plan Width": 32, "Plans": [{"Node Type": "Aggregate", "Strategy": "Plain", "Partial Mode": "Simple", "Parent Relationship": "Outer", "Parallel Aware": false, "Startup Cost": 4852961.38, "Total Cost": 4852961.39, "Plan Rows": 1, "Plan Width": 32, "Plans": [{"Node Type": "Nested Loop", "Parent Relationship": "Outer", "Parallel Aware": false, "Join Type": "Inner", "Startup Cost": 3906555.17, "Total Cost": 4852911.96, "Plan Rows": 19768, "Plan Width": 8, "Inner Unique": false, "Join Filter": "(part.p_partkey = lineitem.l_partkey)", "Plans": [{"Node Type": "Hash Join", "Parent Relationship": "Outer", "Parallel Aware": false, "Join Type": "Inner", "Startup Cost": 3906554.27, "Total Cost": 4847802.49, "Plan Rows": 1977, "Plan Width": 40, "Inner Unique": true, "Hash Cond": "(lineitem_1.l_partkey = part.p_partkey)", "Plans": [{"Node Type": "Aggregate", "Strategy": "Sorted", "Partial Mode": "Finalize", "Parent Relationship": "Outer", "Parallel Aware": false, "Startup Cost": 3854682.88, "Total Cost": 4771719.02, "Plan Rows": 1917787, "Plan Width": 36, "Group Key": ["lineitem_1.l_partkey"], "Plans": [{"Node Type": "Gather Merge", "Parent Relationship": "Outer", "Parallel Aware": false, "Startup Cost": 3854682.88, "Total Cost": 4699802.01, "Plan Rows": 5753361, "Plan Width": 36, "Workers Planned": 3, "Plans": [{"Node Type": "Aggregate", "Strategy": "Sorted", "Partial Mode": "Partial", "Parent Relationship": "Outer", "Parallel Aware": false, "Startup Cost": 3853682.84, "Total Cost": 4022782.05, "Plan Rows": 1917787, "Plan Width": 36, "Group Key": ["lineitem_1.l_partkey"], "Plans": [{"Node Type": "Sort", "Parent Relationship": "Outer", "Parallel Aware": false, "Startup Cost": 3853682.84, "Total Cost": 3902058.46, "Plan Rows": 19350250, "Plan Width": 9, "Sort Key": ["lineitem_1.l_partkey"], "Plans": [{"Node Type": "Seq Scan", "Parent Relationship": "Outer", "Parallel Aware": true, "Relation Name": "lineitem", "Alias": "lineitem_1", "Startup Cost": 0.0, "Total Cost": 1318044.5, "Plan Rows": 19350250, "Plan Width": 9}]}]}]}]}, {"Node Type": "Hash", "Parent Relationship": "Inner", "Parallel Aware": false, "Startup Cost": 51845.62, "Total Cost": 51845.62, "Plan Rows": 2062, "Plan Width": 4, "Plans": [{"Node Type": "Gather", "Parent Relationship": "Outer", "Parallel Aware": false, "Startup Cost": 1000.0, "Total Cost": 51845.62, "Plan Rows": 2062, "Plan Width": 4, "Workers Planned": 3, "Single Copy": false, "Plans": [{"Node Type": "Seq Scan", "Parent Relationship": "Outer", "Parallel Aware": true, "Relation Name": "part", "Alias": "part", "Startup Cost": 0.0, "Total Cost": 50639.42, "Plan Rows": 665, "Plan Width": 4, "Filter": "((p_brand = 'Brand#12'::bpchar) AND (p_container = 'MED PACK'::bpchar))"}]}]}]}, {"Node Type": "Bitmap Heap Scan", "Parent Relationship": "Inner", "Parallel Aware": false, "Relation Name": "lineitem", "Alias": "lineitem", "Startup Cost": 0.89, "Total Cost": 2.46, "Plan Rows": 10, "Plan Width": 17, "Recheck Cond": "(l_partkey = lineitem_1.l_partkey)", "Filter": "(l_quantity < ((0.2 * avg(lineitem_1.l_quantity))))", "Plans": [{"Node Type": "Bitmap Index Scan", "Parent Relationship": "Outer", "Parallel Aware": false, "Index Name": "idx_lineitem_part_supp", "Startup Cost": 0.0, "Total Cost": 0.89, "Plan Rows": 31, "Plan Width": 0, "Index Cond": "(l_partkey = lineitem_1.l_partkey)"}]}]}]}]}}, {"Plan": {"Node Type": "Limit", "Parallel Aware": false, "Startup Cost": 6272444.25, "Total Cost": 6272444.26, "Plan Rows": 1, "Plan Width": 32, "Plans": [{"Node Type": "Aggregate", "Strategy": "Plain", "Partial Mode": "Simple", "Parent Relationship": "Outer", "Parallel Aware": false, "Startup Cost": 6272444.25, "Total Cost": 6272444.26, "Plan Rows": 1, "Plan Width": 32, "Plans": [{"Node Type": "Hash Join", "Parent Relationship": "Outer", "Parallel Aware": false, "Join Type": "Inner", "Startup Cost": 4881499.96, "Total Cost": 6272394.82, "Plan Rows": 19768, "Plan Width": 8, "Inner Unique": true, "Hash Cond": "(part.p_partkey = lineitem_1.l_partkey)", "Join Filter": "(lineitem.l_quantity < ((0.2 * avg(lineitem_1.l_quantity))))", "Plans": [{"Node Type": "Gather", "Parent Relationship": "Outer", "Parallel Aware": false, "Startup Cost": 51647.73, "Total Cost": 1426671.25, "Plan Rows": 61845, "Plan Width": 21, "Workers Planned": 3, "Single Copy": false, "Plans": [{"Node Type": "Hash Join", "Parent Relationship": "Outer", "Parallel Aware": true, "Join Type": "Inner", "Startup Cost": 50647.73, "Total Cost": 1419486.75, "Plan Rows": 19950, "Plan Width": 21, "Inner Unique": true, "Hash Cond": "(lineitem.l_partkey = part.p_partkey)", "Plans": [{"Node Type": "Seq Scan", "Parent Relationship": "Outer", "Parallel Aware": true, "Relation Name": "lineitem", "Alias": "lineitem", "Startup Cost": 0.0, "Total Cost": 1318044.5, "Plan Rows": 19350250, "Plan Width": 17}, {"Node Type": "Hash", "Parent Relationship": "Inner", "Parallel Aware": true, "Startup Cost": 50639.42, "Total Cost": 50639.42, "Plan Rows": 665, "Plan Width": 4, "Plans": [{"Node Type": "Seq Scan", "Parent Relationship": "Outer", "Parallel Aware": true, "Relation Name": "part", "Alias": "part", "Startup Cost": 0.0, "Total Cost": 50639.42, "Plan Rows": 665, "Plan Width": 4, "Filter": "((p_brand = 'Brand#12'::bpchar) AND (p_container = 'MED PACK'::bpchar))"}]}]}]}, {"Node Type": "Hash", "Parent Relationship": "Inner", "Parallel Aware": false, "Startup Cost": 4790896.89, "Total Cost": 4790896.89, "Plan Rows": 1917787, "Plan Width": 36, "Plans": [{"Node Type": "Aggregate", "Strategy": "Sorted", "Partial Mode": "Finalize", "Parent Relationship": "Outer", "Parallel Aware": false, "Startup Cost": 3854682.88, "Total Cost": 4771719.02, "Plan Rows": 1917787, "Plan Width": 36, "Group Key": ["lineitem_1.l_partkey"], "Plans": [{"Node Type": "Gather Merge", "Parent Relationship": "Outer", "Parallel Aware": false, "Startup Cost": 3854682.88, "Total Cost": 4699802.01, "Plan Rows": 5753361, "Plan Width": 36, "Workers Planned": 3, "Plans": [{"Node Type": "Aggregate", "Strategy": "Sorted", "Partial Mode": "Partial", "Parent Relationship": "Outer", "Parallel Aware": false, "Startup Cost": 3853682.84, "Total Cost": 4022782.05, "Plan Rows": 1917787, "Plan Width": 36, "Group Key": ["lineitem_1.l_partkey"], "Plans": [{"Node Type": "Sort", "Parent Relationship": "Outer", "Parallel Aware": false, "Startup Cost": 3853682.84, "Total Cost": 3902058.46, "Plan Rows": 19350250, "Plan Width": 9, "Sort Key": ["lineitem_1.l_partkey"], "Plans": [{"Node Type": "Seq Scan", "Parent Relationship": "Outer", "Parallel Aware": true, "Relation Name": "lineitem", "Alias": "lineitem_1", "Startup Cost": 0.0, "Total Cost": 1318044.5, "Plan Rows": 19350250, "Plan Width": 9}]}]}]}]}]}]}]}]}}, {"Plan": {"Node Type": "Limit", "Parallel Aware": false, "Startup Cost": 4750097.5, "Total Cost": 4750097.51, "Plan Rows": 1, "Plan Width": 32, "Plans": [{"Node Type": "Aggregate", "Strategy": "Plain", "Partial Mode": "Finalize", "Parent Relationship": "Outer", "Parallel Aware": false, "Startup Cost": 4750097.5, "Total Cost": 4750097.51, "Plan Rows": 1, "Plan Width": 32, "Plans": [{"Node Type": "Gather", "Parent Relationship": "Outer", "Parallel Aware": false, "Startup Cost": 4750097.17, "Total Cost": 4750097.48, "Plan Rows": 3, "Plan Width": 32, "Workers Planned": 3, "Single Copy": false, "Plans": [{"Node Type": "Aggregate", "Strategy": "Plain", "Partial Mode": "Partial", "Parent Relationship": "Outer", "Parallel Aware": false, "Startup Cost": 4749097.17, "Total Cost": 4749097.18, "Plan Rows": 1, "Plan Width": 32, "Plans": [{"Node Type": "Hash Join", "Parent Relationship": "Outer", "Parallel Aware": false, "Join Type": "Inner", "Startup Cost": 2771443.29, "Total Cost": 4749081.22, "Plan Rows": 6377, "Plan Width": 8, "Inner Unique": true, "Hash Cond": "(part.p_partkey = lineitem_1.l_partkey)", "Join Filter": "(lineitem.l_quantity < ((0.2 * avg(lineitem_1.l_quantity))))", "Plans": [{"Node Type": "Hash Join", "Parent Relationship": "Outer", "Parallel Aware": true, "Join Type": "Inner", "Startup Cost": 66684.52, "Total Cost": 2029053.09, "Plan Rows": 19950, "Plan Width": 21, "Inner Unique": true, "Hash Cond": "(lineitem.l_partkey = part.p_partkey)", "Plans": [{"Node Type": "Index Scan", "Parent Relationship": "Outer", "Parallel Aware": true, "Scan Direction": "Forward", "Index Name": "idx_lineitem_part_supp", "Relation Name": "lineitem", "Alias": "lineitem", "Startup Cost": 0.56, "Total Cost": 1911574.61, "Plan Rows": 19350250, "Plan Width": 17}, {"Node Type": "Hash", "Parent Relationship": "Inner", "Parallel Aware": true, "Startup Cost": 66675.65, "Total Cost": 66675.65, "Plan Rows": 665, "Plan Width": 4, "Plans": [{"Node Type": "Index Scan", "Parent Relationship": "Outer", "Parallel Aware": true, "Scan Direction": "Forward", "Index Name": "part_pkey", "Relation Name": "part", "Alias": "part", "Startup Cost": 0.43, "Total Cost": 66675.65, "Plan Rows": 665, "Plan Width": 4, "Filter": "((p_brand = 'Brand#12'::bpchar) AND (p_container = 'MED PACK'::bpchar))"}]}]}, {"Node Type": "Hash", "Parent Relationship": "Inner", "Parallel Aware": false, "Startup Cost": 2665803.43, "Total Cost": 2665803.43, "Plan Rows": 1917787, "Plan Width": 36, "Plans": [{"Node Type": "Aggregate", "Strategy": "Sorted", "Partial Mode": "Simple", "Parent Relationship": "Outer", "Parallel Aware": false, "Startup Cost": 0.56, "Total Cost": 2646625.56, "Plan Rows": 1917787, "Plan Width": 36, "Group Key": ["lineitem_1.l_partkey"], "Plans": [{"Node Type": "Index Scan", "Parent Relationship": "Outer", "Parallel Aware": false, "Scan Direction": "Forward", "Index Name": "idx_lineitem_part_supp", "Relation Name": "lineitem", "Alias": "lineitem_1", "Startup Cost": 0.56, "Total Cost": 2317929.87, "Plan Rows": 59985776, "Plan Width": 9}]}]}]}]}]}]}]}}, {"Plan": {"Node Type": "Limit", "Parallel Aware": false, "Startup Cost": 4718922.3, "Total Cost": 4718922.31, "Plan Rows": 1, "Plan Width": 32, "Plans": [{"Node Type": "Aggregate", "Strategy": "Plain", "Partial Mode": "Finalize", "Parent Relationship": "Outer", "Parallel Aware": false, "Startup Cost": 4718922.3, "Total Cost": 4718922.31, "Plan Rows": 1, "Plan Width": 32, "Plans": [{"Node Type": "Gather", "Parent Relationship": "Outer", "Parallel Aware": false, "Startup Cost": 4718921.97, "Total Cost": 4718922.28, "Plan Rows": 3, "Plan Width": 32, "Workers Planned": 3, "Single Copy": false, "Plans": [{"Node Type": "Aggregate", "Strategy": "Plain", "Partial Mode": "Partial", "Parent Relationship": "Outer", "Parallel Aware": false, "Startup Cost": 4717921.97, "Total Cost": 4717921.98, "Plan Rows": 1, "Plan Width": 32, "Plans": [{"Node Type": "Merge Join", "Parent Relationship": "Outer", "Parallel Aware": false, "Join Type": "Inner", "Startup Cost": 19.18, "Total Cost": 4717906.03, "Plan Rows": 6377, "Plan Width": 8, "Inner Unique": false, "Merge Cond": "(lineitem.l_partkey = part.p_partkey)", "Join Filter": "(lineitem.l_quantity < ((0.2 * avg(lineitem_1.l_quantity))))", "Plans": [{"Node Type": "Index Scan", "Parent Relationship": "Outer", "Parallel Aware": true, "Scan Direction": "Forward", "Index Name": "idx_lineitem_part_supp", "Relation Name": "lineitem", "Alias": "lineitem", "Startup Cost": 0.56, "Total Cost": 1911574.61, "Plan Rows": 19350250, "Plan Width": 17}, {"Node Type": "Materialize", "Parent Relationship": "Inner", "Parallel Aware": false, "Startup Cost": 0.99, "Total Cost": 2757625.99, "Plan Rows": 1977, "Plan Width": 40, "Plans": [{"Node Type": "Merge Join", "Parent Relationship": "Outer", "Parallel Aware": false, "Join Type": "Inner", "Startup Cost": 0.99, "Total Cost": 2757621.05, "Plan Rows": 1977, "Plan Width": 40, "Inner Unique": true, "Merge Cond": "(part.p_partkey = lineitem_1.l_partkey)", "Plans": [{"Node Type": "Index Scan", "Parent Relationship": "Outer", "Parallel Aware": false, "Scan Direction": "Forward", "Index Name": "part_pkey", "Relation Name": "part", "Alias": "part", "Startup Cost": 0.43, "Total Cost": 86998.23, "Plan Rows": 2062, "Plan Width": 4, "Filter": "((p_brand = 'Brand#12'::bpchar) AND (p_container = 'MED PACK'::bpchar))"}, {"Node Type": "Aggregate", "Strategy": "Sorted", "Partial Mode": "Simple", "Parent Relationship": "Inner", "Parallel Aware": false, "Startup Cost": 0.56, "Total Cost": 2646625.56, "Plan Rows": 1917787, "Plan Width": 36, "Group Key": ["lineitem_1.l_partkey"], "Plans": [{"Node Type": "Index Scan", "Parent Relationship": "Outer", "Parallel Aware": false, "Scan Direction": "Forward", "Index Name": "idx_lineitem_part_supp", "Relation Name": "lineitem", "Alias": "lineitem_1", "Startup Cost": 0.56, "Total Cost": 2317929.87, "Plan Rows": 59985776, "Plan Width": 9}]}]}]}]}]}]}]}]}}, {"Plan": {"Node Type": "Limit", "Parallel Aware": false, "Startup Cost": 2761722.27, "Total Cost": 2761722.28, "Plan Rows": 1, "Plan Width": 32, "Plans": [{"Node Type": "Aggregate", "Strategy": "Plain", "Partial Mode": "Simple", "Parent Relationship": "Outer", "Parallel Aware": false, "Startup Cost": 2761722.27, "Total Cost": 2761722.28, "Plan Rows": 1, "Plan Width": 32, "Plans": [{"Node Type": "Nested Loop", "Parent Relationship": "Outer", "Parallel Aware": false, "Join Type": "Inner", "Startup Cost": 1.56, "Total Cost": 2761672.84, "Plan Rows": 19768, "Plan Width": 8, "Inner Unique": false, "Join Filter": "(part.p_partkey = lineitem.l_partkey)", "Plans": [{"Node Type": "Merge Join", "Parent Relationship": "Outer", "Parallel Aware": false, "Join Type": "Inner", "Startup Cost": 0.99, "Total Cost": 2757621.05, "Plan Rows": 1977, "Plan Width": 40, "Inner Unique": true, "Merge Cond": "(part.p_partkey = lineitem_1.l_partkey)", "Plans": [{"Node Type": "Index Scan", "Parent Relationship": "Outer", "Parallel Aware": false, "Scan Direction": "Forward", "Index Name": "part_pkey", "Relation Name": "part", "Alias": "part", "Startup Cost": 0.43, "Total Cost": 86998.23, "Plan Rows": 2062, "Plan Width": 4, "Filter": "((p_brand = 'Brand#12'::bpchar) AND (p_container = 'MED PACK'::bpchar))"}, {"Node Type": "Aggregate", "Strategy": "Sorted", "Partial Mode": "Simple", "Parent Relationship": "Inner", "Parallel Aware": false, "Startup Cost": 0.56, "Total Cost": 2646625.56, "Plan Rows": 1917787, "Plan Width": 36, "Group Key": ["lineitem_1.l_partkey"], "Plans": [{"Node Type": "Index Scan", "Parent Relationship": "Outer", "Parallel Aware": false, "Scan Direction": "Forward", "Index Name": "idx_lineitem_part_supp", "Relation Name": "lineitem", "Alias": "lineitem_1", "Startup Cost": 0.56, "Total Cost": 2317929.87, "Plan Rows": 59985776, "Plan Width": 9}]}]}, {"Node Type": "Index Scan", "Parent Relationship": "Inner", "Parallel Aware": false, "Scan Direction": "Forward", "Index Name": "idx_lineitem_part_supp", "Relation Name": "lineitem", "Alias": "lineitem", "Startup Cost": 0.56, "Total Cost": 1.92, "Plan Rows": 10, "Plan Width": 17, "Index Cond": "(l_partkey = lineitem_1.l_partkey)", "Filter": "(l_quantity < ((0.2 * avg(lineitem_1.l_quantity))))"}]}]}]}}, {"Plan": {"Node Type": "Limit", "Parallel Aware": false, "Startup Cost": 2723602.03, "Total Cost": 2723602.04, "Plan Rows": 1, "Plan Width": 32, "Plans": [{"Node Type": "Aggregate", "Strategy": "Plain", "Partial Mode": "Finalize", "Parent Relationship": "Outer", "Parallel Aware": false, "Startup Cost": 2723602.03, "Total Cost": 2723602.04, "Plan Rows": 1, "Plan Width": 32, "Plans": [{"Node Type": "Gather", "Parent Relationship": "Outer", "Parallel Aware": false, "Startup Cost": 2723601.7, "Total Cost": 2723602.01, "Plan Rows": 3, "Plan Width": 32, "Workers Planned": 3, "Single Copy": false, "Plans": [{"Node Type": "Aggregate", "Strategy": "Plain", "Partial Mode": "Partial", "Parent Relationship": "Outer", "Parallel Aware": false, "Startup Cost": 2722601.7, "Total Cost": 2722601.71, "Plan Rows": 1, "Plan Width": 32, "Plans": [{"Node Type": "Nested Loop", "Parent Relationship": "Outer", "Parallel Aware": false, "Join Type": "Inner", "Startup Cost": 50671.73, "Total Cost": 2722585.76, "Plan Rows": 6377, "Plan Width": 8, "Inner Unique": false, "Join Filter": "(part.p_partkey = lineitem.l_partkey)", "Plans": [{"Node Type": "Merge Join", "Parent Relationship": "Outer", "Parallel Aware": false, "Join Type": "Inner", "Startup Cost": 50671.16, "Total Cost": 2721278.2, "Plan Rows": 638, "Plan Width": 40, "Inner Unique": true, "Merge Cond": "(part.p_partkey = lineitem_1.l_partkey)", "Plans": [{"Node Type": "Sort", "Parent Relationship": "Outer", "Parallel Aware": false, "Startup Cost": 50670.6, "Total Cost": 50672.26, "Plan Rows": 665, "Plan Width": 4, "Sort Key": ["part.p_partkey"], "Plans": [{"Node Type": "Seq Scan", "Parent Relationship": "Outer", "Parallel Aware": true, "Relation Name": "part", "Alias": "part", "Startup Cost": 0.0, "Total Cost": 50639.42, "Plan Rows": 665, "Plan Width": 4, "Filter": "((p_brand = 'Brand#12'::bpchar) AND (p_container = 'MED PACK'::bpchar))"}]}, {"Node Type": "Aggregate", "Strategy": "Sorted", "Partial Mode": "Simple", "Parent Relationship": "Inner", "Parallel Aware": false, "Startup Cost": 0.56, "Total Cost": 2646625.56, "Plan Rows": 1917787, "Plan Width": 36, "Group Key": ["lineitem_1.l_partkey"], "Plans": [{"Node Type": "Index Scan", "Parent Relationship": "Outer", "Parallel Aware": false, "Scan Direction": "Forward", "Index Name": "idx_lineitem_part_supp", "Relation Name": "lineitem", "Alias": "lineitem_1", "Startup Cost": 0.56, "Total Cost": 2317929.87, "Plan Rows": 59985776, "Plan Width": 9}]}]}, {"Node Type": "Index Scan", "Parent Relationship": "Inner", "Parallel Aware": false, "Scan Direction": "Forward", "Index Name": "idx_lineitem_part_supp", "Relation Name": "lineitem", "Alias": "lineitem", "Startup Cost": 0.56, "Total Cost": 1.92, "Plan Rows": 10, "Plan Width": 17, "Index Cond": "(l_partkey = lineitem_1.l_partkey)", "Filter": "(l_quantity < ((0.2 * avg(lineitem_1.l_quantity))))"}]}]}]}]}]}}, {"Plan": {"Node Type": "Limit", "Parallel Aware": false, "Startup Cost": 4097659.1, "Total Cost": 4097659.11, "Plan Rows": 1, "Plan Width": 32, "Plans": [{"Node Type": "Aggregate", "Strategy": "Plain", "Partial Mode": "Finalize", "Parent Relationship": "Outer", "Parallel Aware": false, "Startup Cost": 4097659.1, "Total Cost": 4097659.11, "Plan Rows": 1, "Plan Width": 32, "Plans": [{"Node Type": "Gather", "Parent Relationship": "Outer", "Parallel Aware": false, "Startup Cost": 4097658.77, "Total Cost": 4097659.08, "Plan Rows": 3, "Plan Width": 32, "Workers Planned": 3, "Single Copy": false, "Plans": [{"Node Type": "Aggregate", "Strategy": "Plain", "Partial Mode": "Partial", "Parent Relationship": "Outer", "Parallel Aware": false, "Startup Cost": 4096658.77, "Total Cost": 4096658.78, "Plan Rows": 1, "Plan Width": 32, "Plans": [{"Node Type": "Merge Join", "Parent Relationship": "Outer", "Parallel Aware": false, "Join Type": "Inner", "Startup Cost": 1420912.16, "Total Cost": 4096642.83, "Plan Rows": 6377, "Plan Width": 8, "Inner Unique": true, "Merge Cond": "(part.p_partkey = lineitem_1.l_partkey)", "Join Filter": "(lineitem.l_quantity < ((0.2 * avg(lineitem_1.l_quantity))))", "Plans": [{"Node Type": "Sort", "Parent Relationship": "Outer", "Parallel Aware": false, "Startup Cost": 1420911.59, "Total Cost": 1420961.47, "Plan Rows": 19950, "Plan Width": 21, "Sort Key": ["lineitem.l_partkey"], "Plans": [{"Node Type": "Hash Join", "Parent Relationship": "Outer", "Parallel Aware": true, "Join Type": "Inner", "Startup Cost": 50647.73, "Total Cost": 1419486.75, "Plan Rows": 19950, "Plan Width": 21, "Inner Unique": true, "Hash Cond": "(lineitem.l_partkey = part.p_partkey)", "Plans": [{"Node Type": "Seq Scan", "Parent Relationship": "Outer", "Parallel Aware": true, "Relation Name": "lineitem", "Alias": "lineitem", "Startup Cost": 0.0, "Total Cost": 1318044.5, "Plan Rows": 19350250, "Plan Width": 17}, {"Node Type": "Hash", "Parent Relationship": "Inner", "Parallel Aware": true, "Startup Cost": 50639.42, "Total Cost": 50639.42, "Plan Rows": 665, "Plan Width": 4, "Plans": [{"Node Type": "Seq Scan", "Parent Relationship": "Outer", "Parallel Aware": true, "Relation Name": "part", "Alias": "part", "Startup Cost": 0.0, "Total Cost": 50639.42, "Plan Rows": 665, "Plan Width": 4, "Filter": "((p_brand = 'Brand#12'::bpchar) AND (p_container = 'MED PACK'::bpchar))"}]}]}]}, {"Node Type": "Materialize", "Parent Relationship": "Inner", "Parallel Aware": false, "Startup Cost": 0.56, "Total Cost": 2670597.89, "Plan Rows": 1917787, "Plan Width": 36, "Plans": [{"Node Type": "Aggregate", "Strategy": "Sorted", "Partial Mode": "Simple", "Parent Relationship": "Outer", "Parallel Aware": false, "Startup Cost": 0.56, "Total Cost": 2646625.56, "Plan Rows": 1917787, "Plan Width": 36, "Group Key": ["lineitem_1.l_partkey"], "Plans": [{"Node Type": "Index Scan", "Parent Relationship": "Outer", "Parallel Aware": false, "Scan Direction": "Forward", "Index Name": "idx_lineitem_part_supp", "Relation Name": "lineitem", "Alias": "lineitem_1", "Startup Cost": 0.56, "Total Cost": 2317929.87, "Plan Rows": 59985776, "Plan Width": 9}]}]}]}]}]}]}]}}, {"Plan": {"Node Type": "Limit", "Parallel Aware": false, "Startup Cost": 2742882.6, "Total Cost": 2742882.61, "Plan Rows": 1, "Plan Width": 32, "Plans": [{"Node Type": "Aggregate", "Strategy": "Plain", "Partial Mode": "Simple", "Parent Relationship": "Outer", "Parallel Aware": false, "Startup Cost": 2742882.6, "Total Cost": 2742882.61, "Plan Rows": 1, "Plan Width": 32, "Plans": [{"Node Type": "Nested Loop", "Parent Relationship": "Outer", "Parallel Aware": false, "Join Type": "Inner", "Startup Cost": 67944.88, "Total Cost": 2742833.17, "Plan Rows": 19768, "Plan Width": 8, "Inner Unique": false, "Join Filter": "(part.p_partkey = lineitem.l_partkey)", "Plans": [{"Node Type": "Hash Join", "Parent Relationship": "Outer", "Parallel Aware": false, "Join Type": "Inner", "Startup Cost": 67944.31, "Total Cost": 2738781.37, "Plan Rows": 1977, "Plan Width": 40, "Inner Unique": true, "Hash Cond": "(lineitem_1.l_partkey = part.p_partkey)", "Plans": [{"Node Type": "Aggregate", "Strategy": "Sorted", "Partial Mode": "Simple", "Parent Relationship": "Outer", "Parallel Aware": false, "Startup Cost": 0.56, "Total Cost": 2646625.56, "Plan Rows": 1917787, "Plan Width": 36, "Group Key": ["lineitem_1.l_partkey"], "Plans": [{"Node Type": "Index Scan", "Parent Relationship": "Outer", "Parallel Aware": false, "Scan Direction": "Forward", "Index Name": "idx_lineitem_part_supp", "Relation Name": "lineitem", "Alias": "lineitem_1", "Startup Cost": 0.56, "Total Cost": 2317929.87, "Plan Rows": 59985776, "Plan Width": 9}]}, {"Node Type": "Hash", "Parent Relationship": "Inner", "Parallel Aware": false, "Startup Cost": 67917.97, "Total Cost": 67917.97, "Plan Rows": 2062, "Plan Width": 4, "Plans": [{"Node Type": "Gather Merge", "Parent Relationship": "Outer", "Parallel Aware": false, "Startup Cost": 1000.47, "Total Cost": 67917.97, "Plan Rows": 2062, "Plan Width": 4, "Workers Planned": 3, "Plans": [{"Node Type": "Index Scan", "Parent Relationship": "Outer", "Parallel Aware": true, "Scan Direction": "Forward", "Index Name": "part_pkey", "Relation Name": "part", "Alias": "part", "Startup Cost": 0.43, "Total Cost": 66675.65, "Plan Rows": 665, "Plan Width": 4, "Filter": "((p_brand = 'Brand#12'::bpchar) AND (p_container = 'MED PACK'::bpchar))"}]}]}]}, {"Node Type": "Index Scan", "Parent Relationship": "Inner", "Parallel Aware": false, "Scan Direction": "Forward", "Index Name": "idx_lineitem_part_supp", "Relation Name": "lineitem", "Alias": "lineitem", "Startup Cost": 0.56, "Total Cost": 1.92, "Plan Rows": 10, "Plan Width": 17, "Index Cond": "(l_partkey = lineitem_1.l_partkey)", "Filter": "(l_quantity < ((0.2 * avg(lineitem_1.l_quantity))))"}]}]}]}}, {"Plan": {"Node Type": "Limit", "Parallel Aware": false, "Startup Cost": 2726810.24, "Total Cost": 2726810.26, "Plan Rows": 1, "Plan Width": 32, "Plans": [{"Node Type": "Aggregate", "Strategy": "Plain", "Partial Mode": "Simple", "Parent Relationship": "Outer", "Parallel Aware": false, "Startup Cost": 2726810.24, "Total Cost": 2726810.26, "Plan Rows": 1, "Plan Width": 32, "Plans": [{"Node Type": "Nested Loop", "Parent Relationship": "Outer", "Parallel Aware": false, "Join Type": "Inner", "Startup Cost": 51872.52, "Total Cost": 2726760.82, "Plan Rows": 19768, "Plan Width": 8, "Inner Unique": false, "Join Filter": "(part.p_partkey = lineitem.l_partkey)", "Plans": [{"Node Type": "Hash Join", "Parent Relationship": "Outer", "Parallel Aware": false, "Join Type": "Inner", "Startup Cost": 51871.96, "Total Cost": 2722709.02, "Plan Rows": 1977, "Plan Width": 40, "Inner Unique": true, "Hash Cond": "(lineitem_1.l_partkey = part.p_partkey)", "Plans": [{"Node Type": "Aggregate", "Strategy": "Sorted", "Partial Mode": "Simple", "Parent Relationship": "Outer", "Parallel Aware": false, "Startup Cost": 0.56, "Total Cost": 2646625.56, "Plan Rows": 1917787, "Plan Width": 36, "Group Key": ["lineitem_1.l_partkey"], "Plans": [{"Node Type": "Index Scan", "Parent Relationship": "Outer", "Parallel Aware": false, "Scan Direction": "Forward", "Index Name": "idx_lineitem_part_supp", "Relation Name": "lineitem", "Alias": "lineitem_1", "Startup Cost": 0.56, "Total Cost": 2317929.87, "Plan Rows": 59985776, "Plan Width": 9}]}, {"Node Type": "Hash", "Parent Relationship": "Inner", "Parallel Aware": false, "Startup Cost": 51845.62, "Total Cost": 51845.62, "Plan Rows": 2062, "Plan Width": 4, "Plans": [{"Node Type": "Gather", "Parent Relationship": "Outer", "Parallel Aware": false, "Startup Cost": 1000.0, "Total Cost": 51845.62, "Plan Rows": 2062, "Plan Width": 4, "Workers Planned": 3, "Single Copy": false, "Plans": [{"Node Type": "Seq Scan", "Parent Relationship": "Outer", "Parallel Aware": true, "Relation Name": "part", "Alias": "part", "Startup Cost": 0.0, "Total Cost": 50639.42, "Plan Rows": 665, "Plan Width": 4, "Filter": "((p_brand = 'Brand#12'::bpchar) AND (p_container = 'MED PACK'::bpchar))"}]}]}]}, {"Node Type": "Index Scan", "Parent Relationship": "Inner", "Parallel Aware": false, "Scan Direction": "Forward", "Index Name": "idx_lineitem_part_supp", "Relation Name": "lineitem", "Alias": "lineitem", "Startup Cost": 0.56, "Total Cost": 1.92, "Plan Rows": 10, "Plan Width": 17, "Index Cond": "(l_partkey = lineitem_1.l_partkey)", "Filter": "(l_quantity < ((0.2 * avg(lineitem_1.l_quantity))))"}]}]}]}}, {"Plan": {"Node Type": "Limit", "Parallel Aware": false, "Startup Cost": 4140531.16, "Total Cost": 4140531.17, "Plan Rows": 1, "Plan Width": 32, "Plans": [{"Node Type": "Aggregate", "Strategy": "Plain", "Partial Mode": "Finalize", "Parent Relationship": "Outer", "Parallel Aware": false, "Startup Cost": 4140531.16, "Total Cost": 4140531.17, "Plan Rows": 1, "Plan Width": 32, "Plans": [{"Node Type": "Gather", "Parent Relationship": "Outer", "Parallel Aware": false, "Startup Cost": 4140530.83, "Total Cost": 4140531.14, "Plan Rows": 3, "Plan Width": 32, "Workers Planned": 3, "Single Copy": false, "Plans": [{"Node Type": "Aggregate", "Strategy": "Plain", "Partial Mode": "Partial", "Parent Relationship": "Outer", "Parallel Aware": false, "Startup Cost": 4139530.83, "Total Cost": 4139530.84, "Plan Rows": 1, "Plan Width": 32, "Plans": [{"Node Type": "Hash Join", "Parent Relationship": "Outer", "Parallel Aware": false, "Join Type": "Inner", "Startup Cost": 2755406.5, "Total Cost": 4139514.88, "Plan Rows": 6377, "Plan Width": 8, "Inner Unique": true, "Hash Cond": "(part.p_partkey = lineitem_1.l_partkey)", "Join Filter": "(lineitem.l_quantity < ((0.2 * avg(lineitem_1.l_quantity))))", "Plans": [{"Node Type": "Hash Join", "Parent Relationship": "Outer", "Parallel Aware": true, "Join Type": "Inner", "Startup Cost": 50647.73, "Total Cost": 1419486.75, "Plan Rows": 19950, "Plan Width": 21, "Inner Unique": true, "Hash Cond": "(lineitem.l_partkey = part.p_partkey)", "Plans": [{"Node Type": "Seq Scan", "Parent Relationship": "Outer", "Parallel Aware": true, "Relation Name": "lineitem", "Alias": "lineitem", "Startup Cost": 0.0, "Total Cost": 1318044.5, "Plan Rows": 19350250, "Plan Width": 17}, {"Node Type": "Hash", "Parent Relationship": "Inner", "Parallel Aware": true, "Startup Cost": 50639.42, "Total Cost": 50639.42, "Plan Rows": 665, "Plan Width": 4, "Plans": [{"Node Type": "Seq Scan", "Parent Relationship": "Outer", "Parallel Aware": true, "Relation Name": "part", "Alias": "part", "Startup Cost": 0.0, "Total Cost": 50639.42, "Plan Rows": 665, "Plan Width": 4, "Filter": "((p_brand = 'Brand#12'::bpchar) AND (p_container = 'MED PACK'::bpchar))"}]}]}, {"Node Type": "Hash", "Parent Relationship": "Inner", "Parallel Aware": false, "Startup Cost": 2665803.43, "Total Cost": 2665803.43, "Plan Rows": 1917787, "Plan Width": 36, "Plans": [{"Node Type": "Aggregate", "Strategy": "Sorted", "Partial Mode": "Simple", "Parent Relationship": "Outer", "Parallel Aware": false, "Startup Cost": 0.56, "Total Cost": 2646625.56, "Plan Rows": 1917787, "Plan Width": 36, "Group Key": ["lineitem_1.l_partkey"], "Plans": [{"Node Type": "Index Scan", "Parent Relationship": "Outer", "Parallel Aware": false, "Scan Direction": "Forward", "Index Name": "idx_lineitem_part_supp", "Relation Name": "lineitem", "Alias": "lineitem_1", "Startup Cost": 0.56, "Total Cost": 2317929.87, "Plan Rows": 59985776, "Plan Width": 9}]}]}]}]}]}]}]}}, {"Plan": {"Node Type": "Limit", "Parallel Aware": false, "Startup Cost": 4852839.46, "Total Cost": 4852839.47, "Plan Rows": 1, "Plan Width": 32, "Plans": [{"Node Type": "Aggregate", "Strategy": "Plain", "Partial Mode": "Simple", "Parent Relationship": "Outer", "Parallel Aware": false, "Startup Cost": 4852839.46, "Total Cost": 4852839.47, "Plan Rows": 1, "Plan Width": 32, "Plans": [{"Node Type": "Nested Loop", "Parent Relationship": "Outer", "Parallel Aware": false, "Join Type": "Inner", "Startup Cost": 3906642.9, "Total Cost": 4852790.04, "Plan Rows": 19768, "Plan Width": 8, "Inner Unique": false, "Join Filter": "(part.p_partkey = lineitem.l_partkey)", "Plans": [{"Node Type": "Merge Join", "Parent Relationship": "Outer", "Parallel Aware": false, "Join Type": "Inner", "Startup Cost": 3906642.01, "Total Cost": 4847680.57, "Plan Rows": 1977, "Plan Width": 40, "Inner Unique": true, "Merge Cond": "(part.p_partkey = lineitem_1.l_partkey)", "Plans": [{"Node Type": "Sort", "Parent Relationship": "Outer", "Parallel Aware": false, "Startup Cost": 51959.13, "Total Cost": 51964.29, "Plan Rows": 2062, "Plan Width": 4, "Sort Key": ["part.p_partkey"], "Plans": [{"Node Type": "Gather", "Parent Relationship": "Outer", "Parallel Aware": false, "Startup Cost": 1000.0, "Total Cost": 51845.62, "Plan Rows": 2062, "Plan Width": 4, "Workers Planned": 3, "Single Copy": false, "Plans": [{"Node Type": "Seq Scan", "Parent Relationship": "Outer", "Parallel Aware": true, "Relation Name": "part", "Alias": "part", "Startup Cost": 0.0, "Total Cost": 50639.42, "Plan Rows": 665, "Plan Width": 4, "Filter": "((p_brand = 'Brand#12'::bpchar) AND (p_container = 'MED PACK'::bpchar))"}]}]}, {"Node Type": "Aggregate", "Strategy": "Sorted", "Partial Mode": "Finalize", "Parent Relationship": "Inner", "Parallel Aware": false, "Startup Cost": 3854682.88, "Total Cost": 4771719.02, "Plan Rows": 1917787, "Plan Width": 36, "Group Key": ["lineitem_1.l_partkey"], "Plans": [{"Node Type": "Gather Merge", "Parent Relationship": "Outer", "Parallel Aware": false, "Startup Cost": 3854682.88, "Total Cost": 4699802.01, "Plan Rows": 5753361, "Plan Width": 36, "Workers Planned": 3, "Plans": [{"Node Type": "Aggregate", "Strategy": "Sorted", "Partial Mode": "Partial", "Parent Relationship": "Outer", "Parallel Aware": false, "Startup Cost": 3853682.84, "Total Cost": 4022782.05, "Plan Rows": 1917787, "Plan Width": 36, "Group Key": ["lineitem_1.l_partkey"], "Plans": [{"Node Type": "Sort", "Parent Relationship": "Outer", "Parallel Aware": false, "Startup Cost": 3853682.84, "Total Cost": 3902058.46, "Plan Rows": 19350250, "Plan Width": 9, "Sort Key": ["lineitem_1.l_partkey"], "Plans": [{"Node Type": "Seq Scan", "Parent Relationship": "Outer", "Parallel Aware": true, "Relation Name": "lineitem", "Alias": "lineitem_1", "Startup Cost": 0.0, "Total Cost": 1318044.5, "Plan Rows": 19350250, "Plan Width": 9}]}]}]}]}]}, {"Node Type": "Bitmap Heap Scan", "Parent Relationship": "Inner", "Parallel Aware": false, "Relation Name": "lineitem", "Alias": "lineitem", "Startup Cost": 0.89, "Total Cost": 2.46, "Plan Rows": 10, "Plan Width": 17, "Recheck Cond": "(l_partkey = lineitem_1.l_partkey)", "Filter": "(l_quantity < ((0.2 * avg(lineitem_1.l_quantity))))", "Plans": [{"Node Type": "Bitmap Index Scan", "Parent Relationship": "Outer", "Parallel Aware": false, "Index Name": "idx_lineitem_part_supp", "Startup Cost": 0.0, "Total Cost": 0.89, "Plan Rows": 31, "Plan Width": 0, "Index Cond": "(l_partkey = lineitem_1.l_partkey)"}]}]}]}]}}, {"Plan": {"Node Type": "Limit", "Parallel Aware": false, "Startup Cost": 6272444.25, "Total Cost": 6272444.26, "Plan Rows": 1, "Plan Width": 32, "Plans": [{"Node Type": "Aggregate", "Strategy": "Plain", "Partial Mode": "Simple", "Parent Relationship": "Outer", "Parallel Aware": false, "Startup Cost": 6272444.25, "Total Cost": 6272444.26, "Plan Rows": 1, "Plan Width": 32, "Plans": [{"Node Type": "Hash Join", "Parent Relationship": "Outer", "Parallel Aware": false, "Join Type": "Inner", "Startup Cost": 4881499.96, "Total Cost": 6272394.82, "Plan Rows": 19768, "Plan Width": 8, "Inner Unique": true, "Hash Cond": "(part.p_partkey = lineitem_1.l_partkey)", "Join Filter": "(lineitem.l_quantity < ((0.2 * avg(lineitem_1.l_quantity))))", "Plans": [{"Node Type": "Gather", "Parent Relationship": "Outer", "Parallel Aware": false, "Startup Cost": 51647.73, "Total Cost": 1426671.25, "Plan Rows": 61845, "Plan Width": 21, "Workers Planned": 3, "Single Copy": false, "Plans": [{"Node Type": "Hash Join", "Parent Relationship": "Outer", "Parallel Aware": true, "Join Type": "Inner", "Startup Cost": 50647.73, "Total Cost": 1419486.75, "Plan Rows": 19950, "Plan Width": 21, "Inner Unique": true, "Hash Cond": "(lineitem.l_partkey = part.p_partkey)", "Plans": [{"Node Type": "Seq Scan", "Parent Relationship": "Outer", "Parallel Aware": true, "Relation Name": "lineitem", "Alias": "lineitem", "Startup Cost": 0.0, "Total Cost": 1318044.5, "Plan Rows": 19350250, "Plan Width": 17}, {"Node Type": "Hash", "Parent Relationship": "Inner", "Parallel Aware": true, "Startup Cost": 50639.42, "Total Cost": 50639.42, "Plan Rows": 665, "Plan Width": 4, "Plans": [{"Node Type": "Seq Scan", "Parent Relationship": "Outer", "Parallel Aware": true, "Relation Name": "part", "Alias": "part", "Startup Cost": 0.0, "Total Cost": 50639.42, "Plan Rows": 665, "Plan Width": 4, "Filter": "((p_brand = 'Brand#12'::bpchar) AND (p_container = 'MED PACK'::bpchar))"}]}]}]}, {"Node Type": "Hash", "Parent Relationship": "Inner", "Parallel Aware": false, "Startup Cost": 4790896.89, "Total Cost": 4790896.89, "Plan Rows": 1917787, "Plan Width": 36, "Plans": [{"Node Type": "Aggregate", "Strategy": "Sorted", "Partial Mode": "Finalize", "Parent Relationship": "Outer", "Parallel Aware": false, "Startup Cost": 3854682.88, "Total Cost": 4771719.02, "Plan Rows": 1917787, "Plan Width": 36, "Group Key": ["lineitem_1.l_partkey"], "Plans": [{"Node Type": "Gather Merge", "Parent Relationship": "Outer", "Parallel Aware": false, "Startup Cost": 3854682.88, "Total Cost": 4699802.01, "Plan Rows": 5753361, "Plan Width": 36, "Workers Planned": 3, "Plans": [{"Node Type": "Aggregate", "Strategy": "Sorted", "Partial Mode": "Partial", "Parent Relationship": "Outer", "Parallel Aware": false, "Startup Cost": 3853682.84, "Total Cost": 4022782.05, "Plan Rows": 1917787, "Plan Width": 36, "Group Key": ["lineitem_1.l_partkey"], "Plans": [{"Node Type": "Sort", "Parent Relationship": "Outer", "Parallel Aware": false, "Startup Cost": 3853682.84, "Total Cost": 3902058.46, "Plan Rows": 19350250, "Plan Width": 9, "Sort Key": ["lineitem_1.l_partkey"], "Plans": [{"Node Type": "Seq Scan", "Parent Relationship": "Outer", "Parallel Aware": true, "Relation Name": "lineitem", "Alias": "lineitem_1", "Startup Cost": 0.0, "Total Cost": 1318044.5, "Plan Rows": 19350250, "Plan Width": 9}]}]}]}]}]}]}]}]}}, {"Plan": {"Node Type": "Limit", "Parallel Aware": false, "Startup Cost": 4852961.38, "Total Cost": 4852961.39, "Plan Rows": 1, "Plan Width": 32, "Plans": [{"Node Type": "Aggregate", "Strategy": "Plain", "Partial Mode": "Simple", "Parent Relationship": "Outer", "Parallel Aware": false, "Startup Cost": 4852961.38, "Total Cost": 4852961.39, "Plan Rows": 1, "Plan Width": 32, "Plans": [{"Node Type": "Nested Loop", "Parent Relationship": "Outer", "Parallel Aware": false, "Join Type": "Inner", "Startup Cost": 3906555.17, "Total Cost": 4852911.96, "Plan Rows": 19768, "Plan Width": 8, "Inner Unique": false, "Join Filter": "(part.p_partkey = lineitem.l_partkey)", "Plans": [{"Node Type": "Hash Join", "Parent Relationship": "Outer", "Parallel Aware": false, "Join Type": "Inner", "Startup Cost": 3906554.27, "Total Cost": 4847802.49, "Plan Rows": 1977, "Plan Width": 40, "Inner Unique": true, "Hash Cond": "(lineitem_1.l_partkey = part.p_partkey)", "Plans": [{"Node Type": "Aggregate", "Strategy": "Sorted", "Partial Mode": "Finalize", "Parent Relationship": "Outer", "Parallel Aware": false, "Startup Cost": 3854682.88, "Total Cost": 4771719.02, "Plan Rows": 1917787, "Plan Width": 36, "Group Key": ["lineitem_1.l_partkey"], "Plans": [{"Node Type": "Gather Merge", "Parent Relationship": "Outer", "Parallel Aware": false, "Startup Cost": 3854682.88, "Total Cost": 4699802.01, "Plan Rows": 5753361, "Plan Width": 36, "Workers Planned": 3, "Plans": [{"Node Type": "Aggregate", "Strategy": "Sorted", "Partial Mode": "Partial", "Parent Relationship": "Outer", "Parallel Aware": false, "Startup Cost": 3853682.84, "Total Cost": 4022782.05, "Plan Rows": 1917787, "Plan Width": 36, "Group Key": ["lineitem_1.l_partkey"], "Plans": [{"Node Type": "Sort", "Parent Relationship": "Outer", "Parallel Aware": false, "Startup Cost": 3853682.84, "Total Cost": 3902058.46, "Plan Rows": 19350250, "Plan Width": 9, "Sort Key": ["lineitem_1.l_partkey"], "Plans": [{"Node Type": "Seq Scan", "Parent Relationship": "Outer", "Parallel Aware": true, "Relation Name": "lineitem", "Alias": "lineitem_1", "Startup Cost": 0.0, "Total Cost": 1318044.5, "Plan Rows": 19350250, "Plan Width": 9}]}]}]}]}, {"Node Type": "Hash", "Parent Relationship": "Inner", "Parallel Aware": false, "Startup Cost": 51845.62, "Total Cost": 51845.62, "Plan Rows": 2062, "Plan Width": 4, "Plans": [{"Node Type": "Gather", "Parent Relationship": "Outer", "Parallel Aware": false, "Startup Cost": 1000.0, "Total Cost": 51845.62, "Plan Rows": 2062, "Plan Width": 4, "Workers Planned": 3, "Single Copy": false, "Plans": [{"Node Type": "Seq Scan", "Parent Relationship": "Outer", "Parallel Aware": true, "Relation Name": "part", "Alias": "part", "Startup Cost": 0.0, "Total Cost": 50639.42, "Plan Rows": 665, "Plan Width": 4, "Filter": "((p_brand = 'Brand#12'::bpchar) AND (p_container = 'MED PACK'::bpchar))"}]}]}]}, {"Node Type": "Bitmap Heap Scan", "Parent Relationship": "Inner", "Parallel Aware": false, "Relation Name": "lineitem", "Alias": "lineitem", "Startup Cost": 0.89, "Total Cost": 2.46, "Plan Rows": 10, "Plan Width": 17, "Recheck Cond": "(l_partkey = lineitem_1.l_partkey)", "Filter": "(l_quantity < ((0.2 * avg(lineitem_1.l_quantity))))", "Plans": [{"Node Type": "Bitmap Index Scan", "Parent Relationship": "Outer", "Parallel Aware": false, "Index Name": "idx_lineitem_part_supp", "Startup Cost": 0.0, "Total Cost": 0.89, "Plan Rows": 31, "Plan Width": 0, "Index Cond": "(l_partkey = lineitem_1.l_partkey)"}]}]}]}]}}, {"Plan": {"Node Type": "Limit", "Parallel Aware": false, "Startup Cost": 6272444.25, "Total Cost": 6272444.26, "Plan Rows": 1, "Plan Width": 32, "Plans": [{"Node Type": "Aggregate", "Strategy": "Plain", "Partial Mode": "Simple", "Parent Relationship": "Outer", "Parallel Aware": false, "Startup Cost": 6272444.25, "Total Cost": 6272444.26, "Plan Rows": 1, "Plan Width": 32, "Plans": [{"Node Type": "Hash Join", "Parent Relationship": "Outer", "Parallel Aware": false, "Join Type": "Inner", "Startup Cost": 4881499.96, "Total Cost": 6272394.82, "Plan Rows": 19768, "Plan Width": 8, "Inner Unique": true, "Hash Cond": "(part.p_partkey = lineitem_1.l_partkey)", "Join Filter": "(lineitem.l_quantity < ((0.2 * avg(lineitem_1.l_quantity))))", "Plans": [{"Node Type": "Gather", "Parent Relationship": "Outer", "Parallel Aware": false, "Startup Cost": 51647.73, "Total Cost": 1426671.25, "Plan Rows": 61845, "Plan Width": 21, "Workers Planned": 3, "Single Copy": false, "Plans": [{"Node Type": "Hash Join", "Parent Relationship": "Outer", "Parallel Aware": true, "Join Type": "Inner", "Startup Cost": 50647.73, "Total Cost": 1419486.75, "Plan Rows": 19950, "Plan Width": 21, "Inner Unique": true, "Hash Cond": "(lineitem.l_partkey = part.p_partkey)", "Plans": [{"Node Type": "Seq Scan", "Parent Relationship": "Outer", "Parallel Aware": true, "Relation Name": "lineitem", "Alias": "lineitem", "Startup Cost": 0.0, "Total Cost": 1318044.5, "Plan Rows": 19350250, "Plan Width": 17}, {"Node Type": "Hash", "Parent Relationship": "Inner", "Parallel Aware": true, "Startup Cost": 50639.42, "Total Cost": 50639.42, "Plan Rows": 665, "Plan Width": 4, "Plans": [{"Node Type": "Seq Scan", "Parent Relationship": "Outer", "Parallel Aware": true, "Relation Name": "part", "Alias": "part", "Startup Cost": 0.0, "Total Cost": 50639.42, "Plan Rows": 665, "Plan Width": 4, "Filter": "((p_brand = 'Brand#12'::bpchar) AND (p_container = 'MED PACK'::bpchar))"}]}]}]}, {"Node Type": "Hash", "Parent Relationship": "Inner", "Parallel Aware": false, "Startup Cost": 4790896.89, "Total Cost": 4790896.89, "Plan Rows": 1917787, "Plan Width": 36, "Plans": [{"Node Type": "Aggregate", "Strategy": "Sorted", "Partial Mode": "Finalize", "Parent Relationship": "Outer", "Parallel Aware": false, "Startup Cost": 3854682.88, "Total Cost": 4771719.02, "Plan Rows": 1917787, "Plan Width": 36, "Group Key": ["lineitem_1.l_partkey"], "Plans": [{"Node Type": "Gather Merge", "Parent Relationship": "Outer", "Parallel Aware": false, "Startup Cost": 3854682.88, "Total Cost": 4699802.01, "Plan Rows": 5753361, "Plan Width": 36, "Workers Planned": 3, "Plans": [{"Node Type": "Aggregate", "Strategy": "Sorted", "Partial Mode": "Partial", "Parent Relationship": "Outer", "Parallel Aware": false, "Startup Cost": 3853682.84, "Total Cost": 4022782.05, "Plan Rows": 1917787, "Plan Width": 36, "Group Key": ["lineitem_1.l_partkey"], "Plans": [{"Node Type": "Sort", "Parent Relationship": "Outer", "Parallel Aware": false, "Startup Cost": 3853682.84, "Total Cost": 3902058.46, "Plan Rows": 19350250, "Plan Width": 9, "Sort Key": ["lineitem_1.l_partkey"], "Plans": [{"Node Type": "Seq Scan", "Parent Relationship": "Outer", "Parallel Aware": true, "Relation Name": "lineitem", "Alias": "lineitem_1", "Startup Cost": 0.0, "Total Cost": 1318044.5, "Plan Rows": 19350250, "Plan Width": 9}]}]}]}]}]}]}]}]}}, {"Plan": {"Node Type": "Limit", "Parallel Aware": false, "Startup Cost": 4718922.3, "Total Cost": 4718922.31, "Plan Rows": 1, "Plan Width": 32, "Plans": [{"Node Type": "Aggregate", "Strategy": "Plain", "Partial Mode": "Finalize", "Parent Relationship": "Outer", "Parallel Aware": false, "Startup Cost": 4718922.3, "Total Cost": 4718922.31, "Plan Rows": 1, "Plan Width": 32, "Plans": [{"Node Type": "Gather", "Parent Relationship": "Outer", "Parallel Aware": false, "Startup Cost": 4718921.97, "Total Cost": 4718922.28, "Plan Rows": 3, "Plan Width": 32, "Workers Planned": 3, "Single Copy": false, "Plans": [{"Node Type": "Aggregate", "Strategy": "Plain", "Partial Mode": "Partial", "Parent Relationship": "Outer", "Parallel Aware": false, "Startup Cost": 4717921.97, "Total Cost": 4717921.98, "Plan Rows": 1, "Plan Width": 32, "Plans": [{"Node Type": "Merge Join", "Parent Relationship": "Outer", "Parallel Aware": false, "Join Type": "Inner", "Startup Cost": 19.18, "Total Cost": 4717906.03, "Plan Rows": 6377, "Plan Width": 8, "Inner Unique": false, "Merge Cond": "(lineitem.l_partkey = part.p_partkey)", "Join Filter": "(lineitem.l_quantity < ((0.2 * avg(lineitem_1.l_quantity))))", "Plans": [{"Node Type": "Index Scan", "Parent Relationship": "Outer", "Parallel Aware": true, "Scan Direction": "Forward", "Index Name": "idx_lineitem_part_supp", "Relation Name": "lineitem", "Alias": "lineitem", "Startup Cost": 0.56, "Total Cost": 1911574.61, "Plan Rows": 19350250, "Plan Width": 17}, {"Node Type": "Materialize", "Parent Relationship": "Inner", "Parallel Aware": false, "Startup Cost": 0.99, "Total Cost": 2757625.99, "Plan Rows": 1977, "Plan Width": 40, "Plans": [{"Node Type": "Merge Join", "Parent Relationship": "Outer", "Parallel Aware": false, "Join Type": "Inner", "Startup Cost": 0.99, "Total Cost": 2757621.05, "Plan Rows": 1977, "Plan Width": 40, "Inner Unique": true, "Merge Cond": "(part.p_partkey = lineitem_1.l_partkey)", "Plans": [{"Node Type": "Index Scan", "Parent Relationship": "Outer", "Parallel Aware": false, "Scan Direction": "Forward", "Index Name": "part_pkey", "Relation Name": "part", "Alias": "part", "Startup Cost": 0.43, "Total Cost": 86998.23, "Plan Rows": 2062, "Plan Width": 4, "Filter": "((p_brand = 'Brand#12'::bpchar) AND (p_container = 'MED PACK'::bpchar))"}, {"Node Type": "Aggregate", "Strategy": "Sorted", "Partial Mode": "Simple", "Parent Relationship": "Inner", "Parallel Aware": false, "Startup Cost": 0.56, "Total Cost": 2646625.56, "Plan Rows": 1917787, "Plan Width": 36, "Group Key": ["lineitem_1.l_partkey"], "Plans": [{"Node Type": "Index Scan", "Parent Relationship": "Outer", "Parallel Aware": false, "Scan Direction": "Forward", "Index Name": "idx_lineitem_part_supp", "Relation Name": "lineitem", "Alias": "lineitem_1", "Startup Cost": 0.56, "Total Cost": 2317929.87, "Plan Rows": 59985776, "Plan Width": 9}]}]}]}]}]}]}]}]}}, {"Plan": {"Node Type": "Limit", "Parallel Aware": false, "Startup Cost": 2761722.27, "Total Cost": 2761722.28, "Plan Rows": 1, "Plan Width": 32, "Plans": [{"Node Type": "Aggregate", "Strategy": "Plain", "Partial Mode": "Simple", "Parent Relationship": "Outer", "Parallel Aware": false, "Startup Cost": 2761722.27, "Total Cost": 2761722.28, "Plan Rows": 1, "Plan Width": 32, "Plans": [{"Node Type": "Nested Loop", "Parent Relationship": "Outer", "Parallel Aware": false, "Join Type": "Inner", "Startup Cost": 1.56, "Total Cost": 2761672.84, "Plan Rows": 19768, "Plan Width": 8, "Inner Unique": false, "Join Filter": "(part.p_partkey = lineitem.l_partkey)", "Plans": [{"Node Type": "Merge Join", "Parent Relationship": "Outer", "Parallel Aware": false, "Join Type": "Inner", "Startup Cost": 0.99, "Total Cost": 2757621.05, "Plan Rows": 1977, "Plan Width": 40, "Inner Unique": true, "Merge Cond": "(part.p_partkey = lineitem_1.l_partkey)", "Plans": [{"Node Type": "Index Scan", "Parent Relationship": "Outer", "Parallel Aware": false, "Scan Direction": "Forward", "Index Name": "part_pkey", "Relation Name": "part", "Alias": "part", "Startup Cost": 0.43, "Total Cost": 86998.23, "Plan Rows": 2062, "Plan Width": 4, "Filter": "((p_brand = 'Brand#12'::bpchar) AND (p_container = 'MED PACK'::bpchar))"}, {"Node Type": "Aggregate", "Strategy": "Sorted", "Partial Mode": "Simple", "Parent Relationship": "Inner", "Parallel Aware": false, "Startup Cost": 0.56, "Total Cost": 2646625.56, "Plan Rows": 1917787, "Plan Width": 36, "Group Key": ["lineitem_1.l_partkey"], "Plans": [{"Node Type": "Index Scan", "Parent Relationship": "Outer", "Parallel Aware": false, "Scan Direction": "Forward", "Index Name": "idx_lineitem_part_supp", "Relation Name": "lineitem", "Alias": "lineitem_1", "Startup Cost": 0.56, "Total Cost": 2317929.87, "Plan Rows": 59985776, "Plan Width": 9}]}]}, {"Node Type": "Index Scan", "Parent Relationship": "Inner", "Parallel Aware": false, "Scan Direction": "Forward", "Index Name": "idx_lineitem_part_supp", "Relation Name": "lineitem", "Alias": "lineitem", "Startup Cost": 0.56, "Total Cost": 1.92, "Plan Rows": 10, "Plan Width": 17, "Index Cond": "(l_partkey = lineitem_1.l_partkey)", "Filter": "(l_quantity < ((0.2 * avg(lineitem_1.l_quantity))))"}]}]}]}}, {"Plan": {"Node Type": "Limit", "Parallel Aware": false, "Startup Cost": 2723602.03, "Total Cost": 2723602.04, "Plan Rows": 1, "Plan Width": 32, "Plans": [{"Node Type": "Aggregate", "Strategy": "Plain", "Partial Mode": "Finalize", "Parent Relationship": "Outer", "Parallel Aware": false, "Startup Cost": 2723602.03, "Total Cost": 2723602.04, "Plan Rows": 1, "Plan Width": 32, "Plans": [{"Node Type": "Gather", "Parent Relationship": "Outer", "Parallel Aware": false, "Startup Cost": 2723601.7, "Total Cost": 2723602.01, "Plan Rows": 3, "Plan Width": 32, "Workers Planned": 3, "Single Copy": false, "Plans": [{"Node Type": "Aggregate", "Strategy": "Plain", "Partial Mode": "Partial", "Parent Relationship": "Outer", "Parallel Aware": false, "Startup Cost": 2722601.7, "Total Cost": 2722601.71, "Plan Rows": 1, "Plan Width": 32, "Plans": [{"Node Type": "Nested Loop", "Parent Relationship": "Outer", "Parallel Aware": false, "Join Type": "Inner", "Startup Cost": 50671.73, "Total Cost": 2722585.76, "Plan Rows": 6377, "Plan Width": 8, "Inner Unique": false, "Join Filter": "(part.p_partkey = lineitem.l_partkey)", "Plans": [{"Node Type": "Merge Join", "Parent Relationship": "Outer", "Parallel Aware": false, "Join Type": "Inner", "Startup Cost": 50671.16, "Total Cost": 2721278.2, "Plan Rows": 638, "Plan Width": 40, "Inner Unique": true, "Merge Cond": "(part.p_partkey = lineitem_1.l_partkey)", "Plans": [{"Node Type": "Sort", "Parent Relationship": "Outer", "Parallel Aware": false, "Startup Cost": 50670.6, "Total Cost": 50672.26, "Plan Rows": 665, "Plan Width": 4, "Sort Key": ["part.p_partkey"], "Plans": [{"Node Type": "Seq Scan", "Parent Relationship": "Outer", "Parallel Aware": true, "Relation Name": "part", "Alias": "part", "Startup Cost": 0.0, "Total Cost": 50639.42, "Plan Rows": 665, "Plan Width": 4, "Filter": "((p_brand = 'Brand#12'::bpchar) AND (p_container = 'MED PACK'::bpchar))"}]}, {"Node Type": "Aggregate", "Strategy": "Sorted", "Partial Mode": "Simple", "Parent Relationship": "Inner", "Parallel Aware": false, "Startup Cost": 0.56, "Total Cost": 2646625.56, "Plan Rows": 1917787, "Plan Width": 36, "Group Key": ["lineitem_1.l_partkey"], "Plans": [{"Node Type": "Index Scan", "Parent Relationship": "Outer", "Parallel Aware": false, "Scan Direction": "Forward", "Index Name": "idx_lineitem_part_supp", "Relation Name": "lineitem", "Alias": "lineitem_1", "Startup Cost": 0.56, "Total Cost": 2317929.87, "Plan Rows": 59985776, "Plan Width": 9}]}]}, {"Node Type": "Index Scan", "Parent Relationship": "Inner", "Parallel Aware": false, "Scan Direction": "Forward", "Index Name": "idx_lineitem_part_supp", "Relation Name": "lineitem", "Alias": "lineitem", "Startup Cost": 0.56, "Total Cost": 1.92, "Plan Rows": 10, "Plan Width": 17, "Index Cond": "(l_partkey = lineitem_1.l_partkey)", "Filter": "(l_quantity < ((0.2 * avg(lineitem_1.l_quantity))))"}]}]}]}]}]}}, {"Plan": {"Node Type": "Limit", "Parallel Aware": false, "Startup Cost": 4707933.19, "Total Cost": 4707933.21, "Plan Rows": 1, "Plan Width": 32, "Plans": [{"Node Type": "Aggregate", "Strategy": "Plain", "Partial Mode": "Finalize", "Parent Relationship": "Outer", "Parallel Aware": false, "Startup Cost": 4707933.19, "Total Cost": 4707933.21, "Plan Rows": 1, "Plan Width": 32, "Plans": [{"Node Type": "Gather", "Parent Relationship": "Outer", "Parallel Aware": false, "Startup Cost": 4707932.87, "Total Cost": 4707933.18, "Plan Rows": 3, "Plan Width": 32, "Workers Planned": 3, "Single Copy": false, "Plans": [{"Node Type": "Aggregate", "Strategy": "Plain", "Partial Mode": "Partial", "Parent Relationship": "Outer", "Parallel Aware": false, "Startup Cost": 4706932.87, "Total Cost": 4706932.88, "Plan Rows": 1, "Plan Width": 32, "Plans": [{"Node Type": "Merge Join", "Parent Relationship": "Outer", "Parallel Aware": false, "Join Type": "Inner", "Startup Cost": 71094.27, "Total Cost": 4706916.92, "Plan Rows": 6377, "Plan Width": 8, "Inner Unique": true, "Merge Cond": "(part.p_partkey = lineitem_1.l_partkey)", "Join Filter": "(lineitem.l_quantity < ((0.2 * avg(lineitem_1.l_quantity))))", "Plans": [{"Node Type": "Merge Join", "Parent Relationship": "Outer", "Parallel Aware": false, "Join Type": "Inner", "Startup Cost": 71093.7, "Total Cost": 2031235.56, "Plan Rows": 19950, "Plan Width": 21, "Inner Unique": true, "Merge Cond": "(lineitem.l_partkey = part.p_partkey)", "Plans": [{"Node Type": "Index Scan", "Parent Relationship": "Outer", "Parallel Aware": true, "Scan Direction": "Forward", "Index Name": "idx_lineitem_part_supp", "Relation Name": "lineitem", "Alias": "lineitem", "Startup Cost": 0.56, "Total Cost": 1911574.61, "Plan Rows": 19350250, "Plan Width": 17}, {"Node Type": "Sort", "Parent Relationship": "Inner", "Parallel Aware": false, "Startup Cost": 71075.51, "Total Cost": 71080.67, "Plan Rows": 2062, "Plan Width": 4, "Sort Key": ["part.p_partkey"], "Plans": [{"Node Type": "Seq Scan", "Parent Relationship": "Outer", "Parallel Aware": false, "Relation Name": "part", "Alias": "part", "Startup Cost": 0.0, "Total Cost": 70962.0, "Plan Rows": 2062, "Plan Width": 4, "Filter": "((p_brand = 'Brand#12'::bpchar) AND (p_container = 'MED PACK'::bpchar))"}]}]}, {"Node Type": "Materialize", "Parent Relationship": "Inner", "Parallel Aware": false, "Startup Cost": 0.56, "Total Cost": 2670597.89, "Plan Rows": 1917787, "Plan Width": 36, "Plans": [{"Node Type": "Aggregate", "Strategy": "Sorted", "Partial Mode": "Simple", "Parent Relationship": "Outer", "Parallel Aware": false, "Startup Cost": 0.56, "Total Cost": 2646625.56, "Plan Rows": 1917787, "Plan Width": 36, "Group Key": ["lineitem_1.l_partkey"], "Plans": [{"Node Type": "Index Scan", "Parent Relationship": "Outer", "Parallel Aware": false, "Scan Direction": "Forward", "Index Name": "idx_lineitem_part_supp", "Relation Name": "lineitem", "Alias": "lineitem_1", "Startup Cost": 0.56, "Total Cost": 2317929.87, "Plan Rows": 59985776, "Plan Width": 9}]}]}]}]}]}]}]}}, {"Plan": {"Node Type": "Limit", "Parallel Aware": false, "Startup Cost": 3584002.65, "Total Cost": 3584002.66, "Plan Rows": 1, "Plan Width": 32, "Plans": [{"Node Type": "Aggregate", "Strategy": "Plain", "Partial Mode": "Simple", "Parent Relationship": "Outer", "Parallel Aware": false, "Startup Cost": 3584002.65, "Total Cost": 3584002.66, "Plan Rows": 1, "Plan Width": 32, "Plans": [{"Node Type": "Nested Loop", "Parent Relationship": "Outer", "Parallel Aware": false, "Join Type": "Inner", "Startup Cost": 1.56, "Total Cost": 3583953.23, "Plan Rows": 19768, "Plan Width": 8, "Inner Unique": false, "Join Filter": "(part.p_partkey = lineitem.l_partkey)", "Plans": [{"Node Type": "Nested Loop", "Parent Relationship": "Outer", "Parallel Aware": false, "Join Type": "Inner", "Startup Cost": 0.99, "Total Cost": 3579901.43, "Plan Rows": 1977, "Plan Width": 40, "Inner Unique": true, "Plans": [{"Node Type": "Aggregate", "Strategy": "Sorted", "Partial Mode": "Simple", "Parent Relationship": "Outer", "Parallel Aware": false, "Startup Cost": 0.56, "Total Cost": 2646625.56, "Plan Rows": 1917787, "Plan Width": 36, "Group Key": ["lineitem_1.l_partkey"], "Plans": [{"Node Type": "Index Scan", "Parent Relationship": "Outer", "Parallel Aware": false, "Scan Direction": "Forward", "Index Name": "idx_lineitem_part_supp", "Relation Name": "lineitem", "Alias": "lineitem_1", "Startup Cost": 0.56, "Total Cost": 2317929.87, "Plan Rows": 59985776, "Plan Width": 9}]}, {"Node Type": "Index Scan", "Parent Relationship": "Inner", "Parallel Aware": false, "Scan Direction": "Forward", "Index Name": "part_pkey", "Relation Name": "part", "Alias": "part", "Startup Cost": 0.43, "Total Cost": 0.48, "Plan Rows": 1, "Plan Width": 4, "Index Cond": "(p_partkey = lineitem_1.l_partkey)", "Filter": "((p_brand = 'Brand#12'::bpchar) AND (p_container = 'MED PACK'::bpchar))"}]}, {"Node Type": "Index Scan", "Parent Relationship": "Inner", "Parallel Aware": false, "Scan Direction": "Forward", "Index Name": "idx_lineitem_part_supp", "Relation Name": "lineitem", "Alias": "lineitem", "Startup Cost": 0.56, "Total Cost": 1.92, "Plan Rows": 10, "Plan Width": 17, "Index Cond": "(l_partkey = lineitem_1.l_partkey)", "Filter": "(l_quantity < ((0.2 * avg(lineitem_1.l_quantity))))"}]}]}]}}, {"Plan": {"Node Type": "Limit", "Parallel Aware": false, "Startup Cost": 3584002.65, "Total Cost": 3584002.66, "Plan Rows": 1, "Plan Width": 32, "Plans": [{"Node Type": "Aggregate", "Strategy": "Plain", "Partial Mode": "Simple", "Parent Relationship": "Outer", "Parallel Aware": false, "Startup Cost": 3584002.65, "Total Cost": 3584002.66, "Plan Rows": 1, "Plan Width": 32, "Plans": [{"Node Type": "Nested Loop", "Parent Relationship": "Outer", "Parallel Aware": false, "Join Type": "Inner", "Startup Cost": 1.56, "Total Cost": 3583953.23, "Plan Rows": 19768, "Plan Width": 8, "Inner Unique": false, "Join Filter": "(part.p_partkey = lineitem.l_partkey)", "Plans": [{"Node Type": "Nested Loop", "Parent Relationship": "Outer", "Parallel Aware": false, "Join Type": "Inner", "Startup Cost": 0.99, "Total Cost": 3579901.43, "Plan Rows": 1977, "Plan Width": 40, "Inner Unique": true, "Plans": [{"Node Type": "Aggregate", "Strategy": "Sorted", "Partial Mode": "Simple", "Parent Relationship": "Outer", "Parallel Aware": false, "Startup Cost": 0.56, "Total Cost": 2646625.56, "Plan Rows": 1917787, "Plan Width": 36, "Group Key": ["lineitem_1.l_partkey"], "Plans": [{"Node Type": "Index Scan", "Parent Relationship": "Outer", "Parallel Aware": false, "Scan Direction": "Forward", "Index Name": "idx_lineitem_part_supp", "Relation Name": "lineitem", "Alias": "lineitem_1", "Startup Cost": 0.56, "Total Cost": 2317929.87, "Plan Rows": 59985776, "Plan Width": 9}]}, {"Node Type": "Index Scan", "Parent Relationship": "Inner", "Parallel Aware": false, "Scan Direction": "Forward", "Index Name": "part_pkey", "Relation Name": "part", "Alias": "part", "Startup Cost": 0.43, "Total Cost": 0.48, "Plan Rows": 1, "Plan Width": 4, "Index Cond": "(p_partkey = lineitem_1.l_partkey)", "Filter": "((p_brand = 'Brand#12'::bpchar) AND (p_container = 'MED PACK'::bpchar))"}]}, {"Node Type": "Index Scan", "Parent Relationship": "Inner", "Parallel Aware": false, "Scan Direction": "Forward", "Index Name": "idx_lineitem_part_supp", "Relation Name": "lineitem", "Alias": "lineitem", "Startup Cost": 0.56, "Total Cost": 1.92, "Plan Rows": 10, "Plan Width": 17, "Index Cond": "(l_partkey = lineitem_1.l_partkey)", "Filter": "(l_quantity < ((0.2 * avg(lineitem_1.l_quantity))))"}]}]}]}}, {"Plan": {"Node Type": "Limit", "Parallel Aware": false, "Startup Cost": 30002762779.94, "Total Cost": 30002762779.95, "Plan Rows": 1, "Plan Width": 32, "Plans": [{"Node Type": "Aggregate", "Strategy": "Plain", "Partial Mode": "Simple", "Parent Relationship": "Outer", "Parallel Aware": false, "Startup Cost": 30002762779.94, "Total Cost": 30002762779.95, "Plan Rows": 1, "Plan Width": 32, "Plans": [{"Node Type": "Nested Loop", "Parent Relationship": "Outer", "Parallel Aware": false, "Join Type": "Inner", "Startup Cost": 30000000001.89, "Total Cost": 30002762730.52, "Plan Rows": 19768, "Plan Width": 8, "Inner Unique": false, "Join Filter": "(part.p_partkey = lineitem.l_partkey)", "Plans": [{"Node Type": "Merge Join", "Parent Relationship": "Outer", "Parallel Aware": false, "Join Type": "Inner", "Startup Cost": 20000000000.99, "Total Cost": 20002757621.05, "Plan Rows": 1977, "Plan Width": 40, "Inner Unique": true, "Merge Cond": "(part.p_partkey = lineitem_1.l_partkey)", "Plans": [{"Node Type": "Index Scan", "Parent Relationship": "Outer", "Parallel Aware": false, "Scan Direction": "Forward", "Index Name": "part_pkey", "Relation Name": "part", "Alias": "part", "Startup Cost": 10000000000.43, "Total Cost": 10000086998.23, "Plan Rows": 2062, "Plan Width": 4, "Filter": "((p_brand = 'Brand#12'::bpchar) AND (p_container = 'MED PACK'::bpchar))"}, {"Node Type": "Aggregate", "Strategy": "Sorted", "Partial Mode": "Simple", "Parent Relationship": "Inner", "Parallel Aware": false, "Startup Cost": 10000000000.57, "Total Cost": 10002646625.56, "Plan Rows": 1917787, "Plan Width": 36, "Group Key": ["lineitem_1.l_partkey"], "Plans": [{"Node Type": "Index Scan", "Parent Relationship": "Outer", "Parallel Aware": false, "Scan Direction": "Forward", "Index Name": "idx_lineitem_part_supp", "Relation Name": "lineitem", "Alias": "lineitem_1", "Startup Cost": 10000000000.57, "Total Cost": 10002317929.87, "Plan Rows": 59985776, "Plan Width": 9}]}]}, {"Node Type": "Bitmap Heap Scan", "Parent Relationship": "Inner", "Parallel Aware": false, "Relation Name": "lineitem", "Alias": "lineitem", "Startup Cost": 0.89, "Total Cost": 2.46, "Plan Rows": 10, "Plan Width": 17, "Recheck Cond": "(l_partkey = lineitem_1.l_partkey)", "Filter": "(l_quantity < ((0.2 * avg(lineitem_1.l_quantity))))", "Plans": [{"Node Type": "Bitmap Index Scan", "Parent Relationship": "Outer", "Parallel Aware": false, "Index Name": "idx_lineitem_part_supp", "Startup Cost": 0.0, "Total Cost": 0.89, "Plan Rows": 31, "Plan Width": 0, "Index Cond": "(l_partkey = lineitem_1.l_partkey)"}]}]}]}]}}, {"Plan": {"Node Type": "Limit", "Parallel Aware": false, "Startup Cost": 10005654840.67, "Total Cost": 10005654840.68, "Plan Rows": 1, "Plan Width": 32, "Plans": [{"Node Type": "Aggregate", "Strategy": "Plain", "Partial Mode": "Simple", "Parent Relationship": "Outer", "Parallel Aware": false, "Startup Cost": 10005654840.67, "Total Cost": 10005654840.68, "Plan Rows": 1, "Plan Width": 32, "Plans": [{"Node Type": "Nested Loop", "Parent Relationship": "Outer", "Parallel Aware": false, "Join Type": "Inner", "Startup Cost": 10000000001.9, "Total Cost": 10005654791.24, "Plan Rows": 19768, "Plan Width": 8, "Inner Unique": false, "Join Filter": "(part.p_partkey = lineitem.l_partkey)", "Plans": [{"Node Type": "Nested Loop", "Parent Relationship": "Outer", "Parallel Aware": false, "Join Type": "Inner", "Startup Cost": 10000000001.0, "Total Cost": 10005649681.77, "Plan Rows": 1977, "Plan Width": 40, "Inner Unique": true, "Plans": [{"Node Type": "Aggregate", "Strategy": "Sorted", "Partial Mode": "Simple", "Parent Relationship": "Outer", "Parallel Aware": false, "Startup Cost": 10000000000.57, "Total Cost": 10002646625.56, "Plan Rows": 1917787, "Plan Width": 36, "Group Key": ["lineitem_1.l_partkey"], "Plans": [{"Node Type": "Index Scan", "Parent Relationship": "Outer", "Parallel Aware": false, "Scan Direction": "Forward", "Index Name": "idx_lineitem_part_supp", "Relation Name": "lineitem", "Alias": "lineitem_1", "Startup Cost": 10000000000.57, "Total Cost": 10002317929.87, "Plan Rows": 59985776, "Plan Width": 9}]}, {"Node Type": "Bitmap Heap Scan", "Parent Relationship": "Inner", "Parallel Aware": false, "Relation Name": "part", "Alias": "part", "Startup Cost": 0.44, "Total Cost": 1.56, "Plan Rows": 1, "Plan Width": 4, "Recheck Cond": "(p_partkey = lineitem_1.l_partkey)", "Filter": "((p_brand = 'Brand#12'::bpchar) AND (p_container = 'MED PACK'::bpchar))", "Plans": [{"Node Type": "Bitmap Index Scan", "Parent Relationship": "Outer", "Parallel Aware": false, "Index Name": "part_pkey", "Startup Cost": 0.0, "Total Cost": 0.44, "Plan Rows": 1, "Plan Width": 0, "Index Cond": "(p_partkey = lineitem_1.l_partkey)"}]}]}, {"Node Type": "Bitmap Heap Scan", "Parent Relationship": "Inner", "Parallel Aware": false, "Relation Name": "lineitem", "Alias": "lineitem", "Startup Cost": 0.89, "Total Cost": 2.46, "Plan Rows": 10, "Plan Width": 17, "Recheck Cond": "(l_partkey = lineitem_1.l_partkey)", "Filter": "(l_quantity < ((0.2 * avg(lineitem_1.l_quantity))))", "Plans": [{"Node Type": "Bitmap Index Scan", "Parent Relationship": "Outer", "Parallel Aware": false, "Index Name": "idx_lineitem_part_supp", "Startup Cost": 0.0, "Total Cost": 0.89, "Plan Rows": 31, "Plan Width": 0, "Index Cond": "(l_partkey = lineitem_1.l_partkey)"}]}]}]}]}}, {"Plan": {"Node Type": "Limit", "Parallel Aware": false, "Startup Cost": 4852839.46, "Total Cost": 4852839.47, "Plan Rows": 1, "Plan Width": 32, "Plans": [{"Node Type": "Aggregate", "Strategy": "Plain", "Partial Mode": "Simple", "Parent Relationship": "Outer", "Parallel Aware": false, "Startup Cost": 4852839.46, "Total Cost": 4852839.47, "Plan Rows": 1, "Plan Width": 32, "Plans": [{"Node Type": "Nested Loop", "Parent Relationship": "Outer", "Parallel Aware": false, "Join Type": "Inner", "Startup Cost": 3906642.9, "Total Cost": 4852790.04, "Plan Rows": 19768, "Plan Width": 8, "Inner Unique": false, "Join Filter": "(part.p_partkey = lineitem.l_partkey)", "Plans": [{"Node Type": "Merge Join", "Parent Relationship": "Outer", "Parallel Aware": false, "Join Type": "Inner", "Startup Cost": 3906642.01, "Total Cost": 4847680.57, "Plan Rows": 1977, "Plan Width": 40, "Inner Unique": true, "Merge Cond": "(part.p_partkey = lineitem_1.l_partkey)", "Plans": [{"Node Type": "Sort", "Parent Relationship": "Outer", "Parallel Aware": false, "Startup Cost": 51959.13, "Total Cost": 51964.29, "Plan Rows": 2062, "Plan Width": 4, "Sort Key": ["part.p_partkey"], "Plans": [{"Node Type": "Gather", "Parent Relationship": "Outer", "Parallel Aware": false, "Startup Cost": 1000.0, "Total Cost": 51845.62, "Plan Rows": 2062, "Plan Width": 4, "Workers Planned": 3, "Single Copy": false, "Plans": [{"Node Type": "Seq Scan", "Parent Relationship": "Outer", "Parallel Aware": true, "Relation Name": "part", "Alias": "part", "Startup Cost": 0.0, "Total Cost": 50639.42, "Plan Rows": 665, "Plan Width": 4, "Filter": "((p_brand = 'Brand#12'::bpchar) AND (p_container = 'MED PACK'::bpchar))"}]}]}, {"Node Type": "Aggregate", "Strategy": "Sorted", "Partial Mode": "Finalize", "Parent Relationship": "Inner", "Parallel Aware": false, "Startup Cost": 3854682.88, "Total Cost": 4771719.02, "Plan Rows": 1917787, "Plan Width": 36, "Group Key": ["lineitem_1.l_partkey"], "Plans": [{"Node Type": "Gather Merge", "Parent Relationship": "Outer", "Parallel Aware": false, "Startup Cost": 3854682.88, "Total Cost": 4699802.01, "Plan Rows": 5753361, "Plan Width": 36, "Workers Planned": 3, "Plans": [{"Node Type": "Aggregate", "Strategy": "Sorted", "Partial Mode": "Partial", "Parent Relationship": "Outer", "Parallel Aware": false, "Startup Cost": 3853682.84, "Total Cost": 4022782.05, "Plan Rows": 1917787, "Plan Width": 36, "Group Key": ["lineitem_1.l_partkey"], "Plans": [{"Node Type": "Sort", "Parent Relationship": "Outer", "Parallel Aware": false, "Startup Cost": 3853682.84, "Total Cost": 3902058.46, "Plan Rows": 19350250, "Plan Width": 9, "Sort Key": ["lineitem_1.l_partkey"], "Plans": [{"Node Type": "Seq Scan", "Parent Relationship": "Outer", "Parallel Aware": true, "Relation Name": "lineitem", "Alias": "lineitem_1", "Startup Cost": 0.0, "Total Cost": 1318044.5, "Plan Rows": 19350250, "Plan Width": 9}]}]}]}]}]}, {"Node Type": "Bitmap Heap Scan", "Parent Relationship": "Inner", "Parallel Aware": false, "Relation Name": "lineitem", "Alias": "lineitem", "Startup Cost": 0.89, "Total Cost": 2.46, "Plan Rows": 10, "Plan Width": 17, "Recheck Cond": "(l_partkey = lineitem_1.l_partkey)", "Filter": "(l_quantity < ((0.2 * avg(lineitem_1.l_quantity))))", "Plans": [{"Node Type": "Bitmap Index Scan", "Parent Relationship": "Outer", "Parallel Aware": false, "Index Name": "idx_lineitem_part_supp", "Startup Cost": 0.0, "Total Cost": 0.89, "Plan Rows": 31, "Plan Width": 0, "Index Cond": "(l_partkey = lineitem_1.l_partkey)"}]}]}]}]}}, {"Plan": {"Node Type": "Limit", "Parallel Aware": false, "Startup Cost": 8865516.38, "Total Cost": 8865516.39, "Plan Rows": 1, "Plan Width": 32, "Plans": [{"Node Type": "Aggregate", "Strategy": "Plain", "Partial Mode": "Simple", "Parent Relationship": "Outer", "Parallel Aware": false, "Startup Cost": 8865516.38, "Total Cost": 8865516.39, "Plan Rows": 1, "Plan Width": 32, "Plans": [{"Node Type": "Merge Join", "Parent Relationship": "Outer", "Parallel Aware": false, "Join Type": "Inner", "Startup Cost": 7819180.99, "Total Cost": 8865466.96, "Plan Rows": 19768, "Plan Width": 8, "Inner Unique": false, "Merge Cond": "(lineitem_1.l_partkey = part.p_partkey)", "Join Filter": "(lineitem.l_quantity < ((0.2 * avg(lineitem_1.l_quantity))))", "Plans": [{"Node Type": "Aggregate", "Strategy": "Sorted", "Partial Mode": "Finalize", "Parent Relationship": "Outer", "Parallel Aware": false, "Startup Cost": 3854682.88, "Total Cost": 4771719.02, "Plan Rows": 1917787, "Plan Width": 36, "Group Key": ["lineitem_1.l_partkey"], "Plans": [{"Node Type": "Gather Merge", "Parent Relationship": "Outer", "Parallel Aware": false, "Startup Cost": 3854682.88, "Total Cost": 4699802.01, "Plan Rows": 5753361, "Plan Width": 36, "Workers Planned": 3, "Plans": [{"Node Type": "Aggregate", "Strategy": "Sorted", "Partial Mode": "Partial", "Parent Relationship": "Outer", "Parallel Aware": false, "Startup Cost": 3853682.84, "Total Cost": 4022782.05, "Plan Rows": 1917787, "Plan Width": 36, "Group Key": ["lineitem_1.l_partkey"], "Plans": [{"Node Type": "Sort", "Parent Relationship": "Outer", "Parallel Aware": false, "Startup Cost": 3853682.84, "Total Cost": 3902058.46, "Plan Rows": 19350250, "Plan Width": 9, "Sort Key": ["lineitem_1.l_partkey"], "Plans": [{"Node Type": "Seq Scan", "Parent Relationship": "Outer", "Parallel Aware": true, "Relation Name": "lineitem", "Alias": "lineitem_1", "Startup Cost": 0.0, "Total Cost": 1318044.5, "Plan Rows": 19350250, "Plan Width": 9}]}]}]}]}, {"Node Type": "Materialize", "Parent Relationship": "Inner", "Parallel Aware": false, "Startup Cost": 3964498.11, "Total Cost": 4068879.7, "Plan Rows": 61845, "Plan Width": 21, "Plans": [{"Node Type": "Gather Merge", "Parent Relationship": "Outer", "Parallel Aware": false, "Startup Cost": 3964498.11, "Total Cost": 4068725.09, "Plan Rows": 61845, "Plan Width": 21, "Workers Planned": 3, "Plans": [{"Node Type": "Merge Join", "Parent Relationship": "Outer", "Parallel Aware": false, "Join Type": "Inner", "Startup Cost": 3963498.07, "Total Cost": 4060458.26, "Plan Rows": 19950, "Plan Width": 21, "Inner Unique": true, "Merge Cond": "(lineitem.l_partkey = part.p_partkey)", "Plans": [{"Node Type": "Sort", "Parent Relationship": "Outer", "Parallel Aware": false, "Startup Cost": 3892421.69, "Total Cost": 3940797.31, "Plan Rows": 19350250, "Plan Width": 17, "Sort Key": ["lineitem.l_partkey"], "Plans": [{"Node Type": "Seq Scan", "Parent Relationship": "Outer", "Parallel Aware": true, "Relation Name": "lineitem", "Alias": "lineitem", "Startup Cost": 0.0, "Total Cost": 1318044.5, "Plan Rows": 19350250, "Plan Width": 17}]}, {"Node Type": "Sort", "Parent Relationship": "Inner", "Parallel Aware": false, "Startup Cost": 71075.51, "Total Cost": 71080.67, "Plan Rows": 2062, "Plan Width": 4, "Sort Key": ["part.p_partkey"], "Plans": [{"Node Type": "Seq Scan", "Parent Relationship": "Outer", "Parallel Aware": false, "Relation Name": "part", "Alias": "part", "Startup Cost": 0.0, "Total Cost": 70962.0, "Plan Rows": 2062, "Plan Width": 4, "Filter": "((p_brand = 'Brand#12'::bpchar) AND (p_container = 'MED PACK'::bpchar))"}]}]}]}]}]}]}]}}, {"Plan": {"Node Type": "Limit", "Parallel Aware": false, "Startup Cost": 10005654840.67, "Total Cost": 10005654840.68, "Plan Rows": 1, "Plan Width": 32, "Plans": [{"Node Type": "Aggregate", "Strategy": "Plain", "Partial Mode": "Simple", "Parent Relationship": "Outer", "Parallel Aware": false, "Startup Cost": 10005654840.67, "Total Cost": 10005654840.68, "Plan Rows": 1, "Plan Width": 32, "Plans": [{"Node Type": "Nested Loop", "Parent Relationship": "Outer", "Parallel Aware": false, "Join Type": "Inner", "Startup Cost": 10000000001.9, "Total Cost": 10005654791.24, "Plan Rows": 19768, "Plan Width": 8, "Inner Unique": false, "Join Filter": "(part.p_partkey = lineitem.l_partkey)", "Plans": [{"Node Type": "Nested Loop", "Parent Relationship": "Outer", "Parallel Aware": false, "Join Type": "Inner", "Startup Cost": 10000000001.0, "Total Cost": 10005649681.77, "Plan Rows": 1977, "Plan Width": 40, "Inner Unique": true, "Plans": [{"Node Type": "Aggregate", "Strategy": "Sorted", "Partial Mode": "Simple", "Parent Relationship": "Outer", "Parallel Aware": false, "Startup Cost": 10000000000.57, "Total Cost": 10002646625.56, "Plan Rows": 1917787, "Plan Width": 36, "Group Key": ["lineitem_1.l_partkey"], "Plans": [{"Node Type": "Index Scan", "Parent Relationship": "Outer", "Parallel Aware": false, "Scan Direction": "Forward", "Index Name": "idx_lineitem_part_supp", "Relation Name": "lineitem", "Alias": "lineitem_1", "Startup Cost": 10000000000.57, "Total Cost": 10002317929.87, "Plan Rows": 59985776, "Plan Width": 9}]}, {"Node Type": "Bitmap Heap Scan", "Parent Relationship": "Inner", "Parallel Aware": false, "Relation Name": "part", "Alias": "part", "Startup Cost": 0.44, "Total Cost": 1.56, "Plan Rows": 1, "Plan Width": 4, "Recheck Cond": "(p_partkey = lineitem_1.l_partkey)", "Filter": "((p_brand = 'Brand#12'::bpchar) AND (p_container = 'MED PACK'::bpchar))", "Plans": [{"Node Type": "Bitmap Index Scan", "Parent Relationship": "Outer", "Parallel Aware": false, "Index Name": "part_pkey", "Startup Cost": 0.0, "Total Cost": 0.44, "Plan Rows": 1, "Plan Width": 0, "Index Cond": "(p_partkey = lineitem_1.l_partkey)"}]}]}, {"Node Type": "Bitmap Heap Scan", "Parent Relationship": "Inner", "Parallel Aware": false, "Relation Name": "lineitem", "Alias": "lineitem", "Startup Cost": 0.89, "Total Cost": 2.46, "Plan Rows": 10, "Plan Width": 17, "Recheck Cond": "(l_partkey = lineitem_1.l_partkey)", "Filter": "(l_quantity < ((0.2 * avg(lineitem_1.l_quantity))))", "Plans": [{"Node Type": "Bitmap Index Scan", "Parent Relationship": "Outer", "Parallel Aware": false, "Index Name": "idx_lineitem_part_supp", "Startup Cost": 0.0, "Total Cost": 0.89, "Plan Rows": 31, "Plan Width": 0, "Index Cond": "(l_partkey = lineitem_1.l_partkey)"}]}]}]}]}}, {"Plan": {"Node Type": "Limit", "Parallel Aware": false, "Startup Cost": 7779934.13, "Total Cost": 7779934.14, "Plan Rows": 1, "Plan Width": 32, "Plans": [{"Node Type": "Aggregate", "Strategy": "Plain", "Partial Mode": "Simple", "Parent Relationship": "Outer", "Parallel Aware": false, "Startup Cost": 7779934.13, "Total Cost": 7779934.14, "Plan Rows": 1, "Plan Width": 32, "Plans": [{"Node Type": "Nested Loop", "Parent Relationship": "Outer", "Parallel Aware": false, "Join Type": "Inner", "Startup Cost": 3854684.21, "Total Cost": 7779884.71, "Plan Rows": 19768, "Plan Width": 8, "Inner Unique": false, "Join Filter": "(part.p_partkey = lineitem.l_partkey)", "Plans": [{"Node Type": "Nested Loop", "Parent Relationship": "Outer", "Parallel Aware": false, "Join Type": "Inner", "Startup Cost": 3854683.32, "Total Cost": 7774775.24, "Plan Rows": 1977, "Plan Width": 40, "Inner Unique": true, "Plans": [{"Node Type": "Aggregate", "Strategy": "Sorted", "Partial Mode": "Finalize", "Parent Relationship": "Outer", "Parallel Aware": false, "Startup Cost": 3854682.88, "Total Cost": 4771719.02, "Plan Rows": 1917787, "Plan Width": 36, "Group Key": ["lineitem_1.l_partkey"], "Plans": [{"Node Type": "Gather Merge", "Parent Relationship": "Outer", "Parallel Aware": false, "Startup Cost": 3854682.88, "Total Cost": 4699802.01, "Plan Rows": 5753361, "Plan Width": 36, "Workers Planned": 3, "Plans": [{"Node Type": "Aggregate", "Strategy": "Sorted", "Partial Mode": "Partial", "Parent Relationship": "Outer", "Parallel Aware": false, "Startup Cost": 3853682.84, "Total Cost": 4022782.05, "Plan Rows": 1917787, "Plan Width": 36, "Group Key": ["lineitem_1.l_partkey"], "Plans": [{"Node Type": "Sort", "Parent Relationship": "Outer", "Parallel Aware": false, "Startup Cost": 3853682.84, "Total Cost": 3902058.46, "Plan Rows": 19350250, "Plan Width": 9, "Sort Key": ["lineitem_1.l_partkey"], "Plans": [{"Node Type": "Seq Scan", "Parent Relationship": "Outer", "Parallel Aware": true, "Relation Name": "lineitem", "Alias": "lineitem_1", "Startup Cost": 0.0, "Total Cost": 1318044.5, "Plan Rows": 19350250, "Plan Width": 9}]}]}]}]}, {"Node Type": "Bitmap Heap Scan", "Parent Relationship": "Inner", "Parallel Aware": false, "Relation Name": "part", "Alias": "part", "Startup Cost": 0.44, "Total Cost": 1.56, "Plan Rows": 1, "Plan Width": 4, "Recheck Cond": "(p_partkey = lineitem_1.l_partkey)", "Filter": "((p_brand = 'Brand#12'::bpchar) AND (p_container = 'MED PACK'::bpchar))", "Plans": [{"Node Type": "Bitmap Index Scan", "Parent Relationship": "Outer", "Parallel Aware": false, "Index Name": "part_pkey", "Startup Cost": 0.0, "Total Cost": 0.44, "Plan Rows": 1, "Plan Width": 0, "Index Cond": "(p_partkey = lineitem_1.l_partkey)"}]}]}, {"Node Type": "Bitmap Heap Scan", "Parent Relationship": "Inner", "Parallel Aware": false, "Relation Name": "lineitem", "Alias": "lineitem", "Startup Cost": 0.89, "Total Cost": 2.46, "Plan Rows": 10, "Plan Width": 17, "Recheck Cond": "(l_partkey = lineitem_1.l_partkey)", "Filter": "(l_quantity < ((0.2 * avg(lineitem_1.l_quantity))))", "Plans": [{"Node Type": "Bitmap Index Scan", "Parent Relationship": "Outer", "Parallel Aware": false, "Index Name": "idx_lineitem_part_supp", "Startup Cost": 0.0, "Total Cost": 0.89, "Plan Rows": 31, "Plan Width": 0, "Index Cond": "(l_partkey = lineitem_1.l_partkey)"}]}]}]}]}}, {"Plan": {"Node Type": "Limit", "Parallel Aware": false, "Startup Cost": 4718922.3, "Total Cost": 4718922.31, "Plan Rows": 1, "Plan Width": 32, "Plans": [{"Node Type": "Aggregate", "Strategy": "Plain", "Partial Mode": "Finalize", "Parent Relationship": "Outer", "Parallel Aware": false, "Startup Cost": 4718922.3, "Total Cost": 4718922.31, "Plan Rows": 1, "Plan Width": 32, "Plans": [{"Node Type": "Gather", "Parent Relationship": "Outer", "Parallel Aware": false, "Startup Cost": 4718921.97, "Total Cost": 4718922.28, "Plan Rows": 3, "Plan Width": 32, "Workers Planned": 3, "Single Copy": false, "Plans": [{"Node Type": "Aggregate", "Strategy": "Plain", "Partial Mode": "Partial", "Parent Relationship": "Outer", "Parallel Aware": false, "Startup Cost": 4717921.97, "Total Cost": 4717921.98, "Plan Rows": 1, "Plan Width": 32, "Plans": [{"Node Type": "Merge Join", "Parent Relationship": "Outer", "Parallel Aware": false, "Join Type": "Inner", "Startup Cost": 19.18, "Total Cost": 4717906.03, "Plan Rows": 6377, "Plan Width": 8, "Inner Unique": false, "Merge Cond": "(lineitem.l_partkey = part.p_partkey)", "Join Filter": "(lineitem.l_quantity < ((0.2 * avg(lineitem_1.l_quantity))))", "Plans": [{"Node Type": "Index Scan", "Parent Relationship": "Outer", "Parallel Aware": true, "Scan Direction": "Forward", "Index Name": "idx_lineitem_part_supp", "Relation Name": "lineitem", "Alias": "lineitem", "Startup Cost": 0.56, "Total Cost": 1911574.61, "Plan Rows": 19350250, "Plan Width": 17}, {"Node Type": "Materialize", "Parent Relationship": "Inner", "Parallel Aware": false, "Startup Cost": 0.99, "Total Cost": 2757625.99, "Plan Rows": 1977, "Plan Width": 40, "Plans": [{"Node Type": "Merge Join", "Parent Relationship": "Outer", "Parallel Aware": false, "Join Type": "Inner", "Startup Cost": 0.99, "Total Cost": 2757621.05, "Plan Rows": 1977, "Plan Width": 40, "Inner Unique": true, "Merge Cond": "(part.p_partkey = lineitem_1.l_partkey)", "Plans": [{"Node Type": "Index Scan", "Parent Relationship": "Outer", "Parallel Aware": false, "Scan Direction": "Forward", "Index Name": "part_pkey", "Relation Name": "part", "Alias": "part", "Startup Cost": 0.43, "Total Cost": 86998.23, "Plan Rows": 2062, "Plan Width": 4, "Filter": "((p_brand = 'Brand#12'::bpchar) AND (p_container = 'MED PACK'::bpchar))"}, {"Node Type": "Aggregate", "Strategy": "Sorted", "Partial Mode": "Simple", "Parent Relationship": "Inner", "Parallel Aware": false, "Startup Cost": 0.56, "Total Cost": 2646625.56, "Plan Rows": 1917787, "Plan Width": 36, "Group Key": ["lineitem_1.l_partkey"], "Plans": [{"Node Type": "Index Scan", "Parent Relationship": "Outer", "Parallel Aware": false, "Scan Direction": "Forward", "Index Name": "idx_lineitem_part_supp", "Relation Name": "lineitem", "Alias": "lineitem_1", "Startup Cost": 0.56, "Total Cost": 2317929.87, "Plan Rows": 59985776, "Plan Width": 9}]}]}]}]}]}]}]}]}}, {"Plan": {"Node Type": "Limit", "Parallel Aware": false, "Startup Cost": 2761722.27, "Total Cost": 2761722.28, "Plan Rows": 1, "Plan Width": 32, "Plans": [{"Node Type": "Aggregate", "Strategy": "Plain", "Partial Mode": "Simple", "Parent Relationship": "Outer", "Parallel Aware": false, "Startup Cost": 2761722.27, "Total Cost": 2761722.28, "Plan Rows": 1, "Plan Width": 32, "Plans": [{"Node Type": "Nested Loop", "Parent Relationship": "Outer", "Parallel Aware": false, "Join Type": "Inner", "Startup Cost": 1.56, "Total Cost": 2761672.84, "Plan Rows": 19768, "Plan Width": 8, "Inner Unique": false, "Join Filter": "(part.p_partkey = lineitem.l_partkey)", "Plans": [{"Node Type": "Merge Join", "Parent Relationship": "Outer", "Parallel Aware": false, "Join Type": "Inner", "Startup Cost": 0.99, "Total Cost": 2757621.05, "Plan Rows": 1977, "Plan Width": 40, "Inner Unique": true, "Merge Cond": "(part.p_partkey = lineitem_1.l_partkey)", "Plans": [{"Node Type": "Index Scan", "Parent Relationship": "Outer", "Parallel Aware": false, "Scan Direction": "Forward", "Index Name": "part_pkey", "Relation Name": "part", "Alias": "part", "Startup Cost": 0.43, "Total Cost": 86998.23, "Plan Rows": 2062, "Plan Width": 4, "Filter": "((p_brand = 'Brand#12'::bpchar) AND (p_container = 'MED PACK'::bpchar))"}, {"Node Type": "Aggregate", "Strategy": "Sorted", "Partial Mode": "Simple", "Parent Relationship": "Inner", "Parallel Aware": false, "Startup Cost": 0.56, "Total Cost": 2646625.56, "Plan Rows": 1917787, "Plan Width": 36, "Group Key": ["lineitem_1.l_partkey"], "Plans": [{"Node Type": "Index Scan", "Parent Relationship": "Outer", "Parallel Aware": false, "Scan Direction": "Forward", "Index Name": "idx_lineitem_part_supp", "Relation Name": "lineitem", "Alias": "lineitem_1", "Startup Cost": 0.56, "Total Cost": 2317929.87, "Plan Rows": 59985776, "Plan Width": 9}]}]}, {"Node Type": "Index Scan", "Parent Relationship": "Inner", "Parallel Aware": false, "Scan Direction": "Forward", "Index Name": "idx_lineitem_part_supp", "Relation Name": "lineitem", "Alias": "lineitem", "Startup Cost": 0.56, "Total Cost": 1.92, "Plan Rows": 10, "Plan Width": 17, "Index Cond": "(l_partkey = lineitem_1.l_partkey)", "Filter": "(l_quantity < ((0.2 * avg(lineitem_1.l_quantity))))"}]}]}]}}, {"Plan": {"Node Type": "Limit", "Parallel Aware": false, "Startup Cost": 2723602.03, "Total Cost": 2723602.04, "Plan Rows": 1, "Plan Width": 32, "Plans": [{"Node Type": "Aggregate", "Strategy": "Plain", "Partial Mode": "Finalize", "Parent Relationship": "Outer", "Parallel Aware": false, "Startup Cost": 2723602.03, "Total Cost": 2723602.04, "Plan Rows": 1, "Plan Width": 32, "Plans": [{"Node Type": "Gather", "Parent Relationship": "Outer", "Parallel Aware": false, "Startup Cost": 2723601.7, "Total Cost": 2723602.01, "Plan Rows": 3, "Plan Width": 32, "Workers Planned": 3, "Single Copy": false, "Plans": [{"Node Type": "Aggregate", "Strategy": "Plain", "Partial Mode": "Partial", "Parent Relationship": "Outer", "Parallel Aware": false, "Startup Cost": 2722601.7, "Total Cost": 2722601.71, "Plan Rows": 1, "Plan Width": 32, "Plans": [{"Node Type": "Nested Loop", "Parent Relationship": "Outer", "Parallel Aware": false, "Join Type": "Inner", "Startup Cost": 50671.73, "Total Cost": 2722585.76, "Plan Rows": 6377, "Plan Width": 8, "Inner Unique": false, "Join Filter": "(part.p_partkey = lineitem.l_partkey)", "Plans": [{"Node Type": "Merge Join", "Parent Relationship": "Outer", "Parallel Aware": false, "Join Type": "Inner", "Startup Cost": 50671.16, "Total Cost": 2721278.2, "Plan Rows": 638, "Plan Width": 40, "Inner Unique": true, "Merge Cond": "(part.p_partkey = lineitem_1.l_partkey)", "Plans": [{"Node Type": "Sort", "Parent Relationship": "Outer", "Parallel Aware": false, "Startup Cost": 50670.6, "Total Cost": 50672.26, "Plan Rows": 665, "Plan Width": 4, "Sort Key": ["part.p_partkey"], "Plans": [{"Node Type": "Seq Scan", "Parent Relationship": "Outer", "Parallel Aware": true, "Relation Name": "part", "Alias": "part", "Startup Cost": 0.0, "Total Cost": 50639.42, "Plan Rows": 665, "Plan Width": 4, "Filter": "((p_brand = 'Brand#12'::bpchar) AND (p_container = 'MED PACK'::bpchar))"}]}, {"Node Type": "Aggregate", "Strategy": "Sorted", "Partial Mode": "Simple", "Parent Relationship": "Inner", "Parallel Aware": false, "Startup Cost": 0.56, "Total Cost": 2646625.56, "Plan Rows": 1917787, "Plan Width": 36, "Group Key": ["lineitem_1.l_partkey"], "Plans": [{"Node Type": "Index Scan", "Parent Relationship": "Outer", "Parallel Aware": false, "Scan Direction": "Forward", "Index Name": "idx_lineitem_part_supp", "Relation Name": "lineitem", "Alias": "lineitem_1", "Startup Cost": 0.56, "Total Cost": 2317929.87, "Plan Rows": 59985776, "Plan Width": 9}]}]}, {"Node Type": "Index Scan", "Parent Relationship": "Inner", "Parallel Aware": false, "Scan Direction": "Forward", "Index Name": "idx_lineitem_part_supp", "Relation Name": "lineitem", "Alias": "lineitem", "Startup Cost": 0.56, "Total Cost": 1.92, "Plan Rows": 10, "Plan Width": 17, "Index Cond": "(l_partkey = lineitem_1.l_partkey)", "Filter": "(l_quantity < ((0.2 * avg(lineitem_1.l_quantity))))"}]}]}]}]}]}}, {"Plan": {"Node Type": "Limit", "Parallel Aware": false, "Startup Cost": 4707933.19, "Total Cost": 4707933.21, "Plan Rows": 1, "Plan Width": 32, "Plans": [{"Node Type": "Aggregate", "Strategy": "Plain", "Partial Mode": "Finalize", "Parent Relationship": "Outer", "Parallel Aware": false, "Startup Cost": 4707933.19, "Total Cost": 4707933.21, "Plan Rows": 1, "Plan Width": 32, "Plans": [{"Node Type": "Gather", "Parent Relationship": "Outer", "Parallel Aware": false, "Startup Cost": 4707932.87, "Total Cost": 4707933.18, "Plan Rows": 3, "Plan Width": 32, "Workers Planned": 3, "Single Copy": false, "Plans": [{"Node Type": "Aggregate", "Strategy": "Plain", "Partial Mode": "Partial", "Parent Relationship": "Outer", "Parallel Aware": false, "Startup Cost": 4706932.87, "Total Cost": 4706932.88, "Plan Rows": 1, "Plan Width": 32, "Plans": [{"Node Type": "Merge Join", "Parent Relationship": "Outer", "Parallel Aware": false, "Join Type": "Inner", "Startup Cost": 71094.27, "Total Cost": 4706916.92, "Plan Rows": 6377, "Plan Width": 8, "Inner Unique": true, "Merge Cond": "(part.p_partkey = lineitem_1.l_partkey)", "Join Filter": "(lineitem.l_quantity < ((0.2 * avg(lineitem_1.l_quantity))))", "Plans": [{"Node Type": "Merge Join", "Parent Relationship": "Outer", "Parallel Aware": false, "Join Type": "Inner", "Startup Cost": 71093.7, "Total Cost": 2031235.56, "Plan Rows": 19950, "Plan Width": 21, "Inner Unique": true, "Merge Cond": "(lineitem.l_partkey = part.p_partkey)", "Plans": [{"Node Type": "Index Scan", "Parent Relationship": "Outer", "Parallel Aware": true, "Scan Direction": "Forward", "Index Name": "idx_lineitem_part_supp", "Relation Name": "lineitem", "Alias": "lineitem", "Startup Cost": 0.56, "Total Cost": 1911574.61, "Plan Rows": 19350250, "Plan Width": 17}, {"Node Type": "Sort", "Parent Relationship": "Inner", "Parallel Aware": false, "Startup Cost": 71075.51, "Total Cost": 71080.67, "Plan Rows": 2062, "Plan Width": 4, "Sort Key": ["part.p_partkey"], "Plans": [{"Node Type": "Seq Scan", "Parent Relationship": "Outer", "Parallel Aware": false, "Relation Name": "part", "Alias": "part", "Startup Cost": 0.0, "Total Cost": 70962.0, "Plan Rows": 2062, "Plan Width": 4, "Filter": "((p_brand = 'Brand#12'::bpchar) AND (p_container = 'MED PACK'::bpchar))"}]}]}, {"Node Type": "Materialize", "Parent Relationship": "Inner", "Parallel Aware": false, "Startup Cost": 0.56, "Total Cost": 2670597.89, "Plan Rows": 1917787, "Plan Width": 36, "Plans": [{"Node Type": "Aggregate", "Strategy": "Sorted", "Partial Mode": "Simple", "Parent Relationship": "Outer", "Parallel Aware": false, "Startup Cost": 0.56, "Total Cost": 2646625.56, "Plan Rows": 1917787, "Plan Width": 36, "Group Key": ["lineitem_1.l_partkey"], "Plans": [{"Node Type": "Index Scan", "Parent Relationship": "Outer", "Parallel Aware": false, "Scan Direction": "Forward", "Index Name": "idx_lineitem_part_supp", "Relation Name": "lineitem", "Alias": "lineitem_1", "Startup Cost": 0.56, "Total Cost": 2317929.87, "Plan Rows": 59985776, "Plan Width": 9}]}]}]}]}]}]}]}}, {"Plan": {"Node Type": "Limit", "Parallel Aware": false, "Startup Cost": 3584002.65, "Total Cost": 3584002.66, "Plan Rows": 1, "Plan Width": 32, "Plans": [{"Node Type": "Aggregate", "Strategy": "Plain", "Partial Mode": "Simple", "Parent Relationship": "Outer", "Parallel Aware": false, "Startup Cost": 3584002.65, "Total Cost": 3584002.66, "Plan Rows": 1, "Plan Width": 32, "Plans": [{"Node Type": "Nested Loop", "Parent Relationship": "Outer", "Parallel Aware": false, "Join Type": "Inner", "Startup Cost": 1.56, "Total Cost": 3583953.23, "Plan Rows": 19768, "Plan Width": 8, "Inner Unique": false, "Join Filter": "(part.p_partkey = lineitem.l_partkey)", "Plans": [{"Node Type": "Nested Loop", "Parent Relationship": "Outer", "Parallel Aware": false, "Join Type": "Inner", "Startup Cost": 0.99, "Total Cost": 3579901.43, "Plan Rows": 1977, "Plan Width": 40, "Inner Unique": true, "Plans": [{"Node Type": "Aggregate", "Strategy": "Sorted", "Partial Mode": "Simple", "Parent Relationship": "Outer", "Parallel Aware": false, "Startup Cost": 0.56, "Total Cost": 2646625.56, "Plan Rows": 1917787, "Plan Width": 36, "Group Key": ["lineitem_1.l_partkey"], "Plans": [{"Node Type": "Index Scan", "Parent Relationship": "Outer", "Parallel Aware": false, "Scan Direction": "Forward", "Index Name": "idx_lineitem_part_supp", "Relation Name": "lineitem", "Alias": "lineitem_1", "Startup Cost": 0.56, "Total Cost": 2317929.87, "Plan Rows": 59985776, "Plan Width": 9}]}, {"Node Type": "Index Scan", "Parent Relationship": "Inner", "Parallel Aware": false, "Scan Direction": "Forward", "Index Name": "part_pkey", "Relation Name": "part", "Alias": "part", "Startup Cost": 0.43, "Total Cost": 0.48, "Plan Rows": 1, "Plan Width": 4, "Index Cond": "(p_partkey = lineitem_1.l_partkey)", "Filter": "((p_brand = 'Brand#12'::bpchar) AND (p_container = 'MED PACK'::bpchar))"}]}, {"Node Type": "Index Scan", "Parent Relationship": "Inner", "Parallel Aware": false, "Scan Direction": "Forward", "Index Name": "idx_lineitem_part_supp", "Relation Name": "lineitem", "Alias": "lineitem", "Startup Cost": 0.56, "Total Cost": 1.92, "Plan Rows": 10, "Plan Width": 17, "Index Cond": "(l_partkey = lineitem_1.l_partkey)", "Filter": "(l_quantity < ((0.2 * avg(lineitem_1.l_quantity))))"}]}]}]}}, {"Plan": {"Node Type": "Limit", "Parallel Aware": false, "Startup Cost": 3584002.65, "Total Cost": 3584002.66, "Plan Rows": 1, "Plan Width": 32, "Plans": [{"Node Type": "Aggregate", "Strategy": "Plain", "Partial Mode": "Simple", "Parent Relationship": "Outer", "Parallel Aware": false, "Startup Cost": 3584002.65, "Total Cost": 3584002.66, "Plan Rows": 1, "Plan Width": 32, "Plans": [{"Node Type": "Nested Loop", "Parent Relationship": "Outer", "Parallel Aware": false, "Join Type": "Inner", "Startup Cost": 1.56, "Total Cost": 3583953.23, "Plan Rows": 19768, "Plan Width": 8, "Inner Unique": false, "Join Filter": "(part.p_partkey = lineitem.l_partkey)", "Plans": [{"Node Type": "Nested Loop", "Parent Relationship": "Outer", "Parallel Aware": false, "Join Type": "Inner", "Startup Cost": 0.99, "Total Cost": 3579901.43, "Plan Rows": 1977, "Plan Width": 40, "Inner Unique": true, "Plans": [{"Node Type": "Aggregate", "Strategy": "Sorted", "Partial Mode": "Simple", "Parent Relationship": "Outer", "Parallel Aware": false, "Startup Cost": 0.56, "Total Cost": 2646625.56, "Plan Rows": 1917787, "Plan Width": 36, "Group Key": ["lineitem_1.l_partkey"], "Plans": [{"Node Type": "Index Scan", "Parent Relationship": "Outer", "Parallel Aware": false, "Scan Direction": "Forward", "Index Name": "idx_lineitem_part_supp", "Relation Name": "lineitem", "Alias": "lineitem_1", "Startup Cost": 0.56, "Total Cost": 2317929.87, "Plan Rows": 59985776, "Plan Width": 9}]}, {"Node Type": "Index Scan", "Parent Relationship": "Inner", "Parallel Aware": false, "Scan Direction": "Forward", "Index Name": "part_pkey", "Relation Name": "part", "Alias": "part", "Startup Cost": 0.43, "Total Cost": 0.48, "Plan Rows": 1, "Plan Width": 4, "Index Cond": "(p_partkey = lineitem_1.l_partkey)", "Filter": "((p_brand = 'Brand#12'::bpchar) AND (p_container = 'MED PACK'::bpchar))"}]}, {"Node Type": "Index Scan", "Parent Relationship": "Inner", "Parallel Aware": false, "Scan Direction": "Forward", "Index Name": "idx_lineitem_part_supp", "Relation Name": "lineitem", "Alias": "lineitem", "Startup Cost": 0.56, "Total Cost": 1.92, "Plan Rows": 10, "Plan Width": 17, "Index Cond": "(l_partkey = lineitem_1.l_partkey)", "Filter": "(l_quantity < ((0.2 * avg(lineitem_1.l_quantity))))"}]}]}]}}, {"Plan": {"Node Type": "Limit", "Parallel Aware": false, "Startup Cost": 4852839.46, "Total Cost": 4852839.47, "Plan Rows": 1, "Plan Width": 32, "Plans": [{"Node Type": "Aggregate", "Strategy": "Plain", "Partial Mode": "Simple", "Parent Relationship": "Outer", "Parallel Aware": false, "Startup Cost": 4852839.46, "Total Cost": 4852839.47, "Plan Rows": 1, "Plan Width": 32, "Plans": [{"Node Type": "Nested Loop", "Parent Relationship": "Outer", "Parallel Aware": false, "Join Type": "Inner", "Startup Cost": 3906642.9, "Total Cost": 4852790.04, "Plan Rows": 19768, "Plan Width": 8, "Inner Unique": false, "Join Filter": "(part.p_partkey = lineitem.l_partkey)", "Plans": [{"Node Type": "Merge Join", "Parent Relationship": "Outer", "Parallel Aware": false, "Join Type": "Inner", "Startup Cost": 3906642.01, "Total Cost": 4847680.57, "Plan Rows": 1977, "Plan Width": 40, "Inner Unique": true, "Merge Cond": "(part.p_partkey = lineitem_1.l_partkey)", "Plans": [{"Node Type": "Sort", "Parent Relationship": "Outer", "Parallel Aware": false, "Startup Cost": 51959.13, "Total Cost": 51964.29, "Plan Rows": 2062, "Plan Width": 4, "Sort Key": ["part.p_partkey"], "Plans": [{"Node Type": "Gather", "Parent Relationship": "Outer", "Parallel Aware": false, "Startup Cost": 1000.0, "Total Cost": 51845.62, "Plan Rows": 2062, "Plan Width": 4, "Workers Planned": 3, "Single Copy": false, "Plans": [{"Node Type": "Seq Scan", "Parent Relationship": "Outer", "Parallel Aware": true, "Relation Name": "part", "Alias": "part", "Startup Cost": 0.0, "Total Cost": 50639.42, "Plan Rows": 665, "Plan Width": 4, "Filter": "((p_brand = 'Brand#12'::bpchar) AND (p_container = 'MED PACK'::bpchar))"}]}]}, {"Node Type": "Aggregate", "Strategy": "Sorted", "Partial Mode": "Finalize", "Parent Relationship": "Inner", "Parallel Aware": false, "Startup Cost": 3854682.88, "Total Cost": 4771719.02, "Plan Rows": 1917787, "Plan Width": 36, "Group Key": ["lineitem_1.l_partkey"], "Plans": [{"Node Type": "Gather Merge", "Parent Relationship": "Outer", "Parallel Aware": false, "Startup Cost": 3854682.88, "Total Cost": 4699802.01, "Plan Rows": 5753361, "Plan Width": 36, "Workers Planned": 3, "Plans": [{"Node Type": "Aggregate", "Strategy": "Sorted", "Partial Mode": "Partial", "Parent Relationship": "Outer", "Parallel Aware": false, "Startup Cost": 3853682.84, "Total Cost": 4022782.05, "Plan Rows": 1917787, "Plan Width": 36, "Group Key": ["lineitem_1.l_partkey"], "Plans": [{"Node Type": "Sort", "Parent Relationship": "Outer", "Parallel Aware": false, "Startup Cost": 3853682.84, "Total Cost": 3902058.46, "Plan Rows": 19350250, "Plan Width": 9, "Sort Key": ["lineitem_1.l_partkey"], "Plans": [{"Node Type": "Seq Scan", "Parent Relationship": "Outer", "Parallel Aware": true, "Relation Name": "lineitem", "Alias": "lineitem_1", "Startup Cost": 0.0, "Total Cost": 1318044.5, "Plan Rows": 19350250, "Plan Width": 9}]}]}]}]}]}, {"Node Type": "Bitmap Heap Scan", "Parent Relationship": "Inner", "Parallel Aware": false, "Relation Name": "lineitem", "Alias": "lineitem", "Startup Cost": 0.89, "Total Cost": 2.46, "Plan Rows": 10, "Plan Width": 17, "Recheck Cond": "(l_partkey = lineitem_1.l_partkey)", "Filter": "(l_quantity < ((0.2 * avg(lineitem_1.l_quantity))))", "Plans": [{"Node Type": "Bitmap Index Scan", "Parent Relationship": "Outer", "Parallel Aware": false, "Index Name": "idx_lineitem_part_supp", "Startup Cost": 0.0, "Total Cost": 0.89, "Plan Rows": 31, "Plan Width": 0, "Index Cond": "(l_partkey = lineitem_1.l_partkey)"}]}]}]}]}}, {"Plan": {"Node Type": "Limit", "Parallel Aware": false, "Startup Cost": 8865516.38, "Total Cost": 8865516.39, "Plan Rows": 1, "Plan Width": 32, "Plans": [{"Node Type": "Aggregate", "Strategy": "Plain", "Partial Mode": "Simple", "Parent Relationship": "Outer", "Parallel Aware": false, "Startup Cost": 8865516.38, "Total Cost": 8865516.39, "Plan Rows": 1, "Plan Width": 32, "Plans": [{"Node Type": "Merge Join", "Parent Relationship": "Outer", "Parallel Aware": false, "Join Type": "Inner", "Startup Cost": 7819180.99, "Total Cost": 8865466.96, "Plan Rows": 19768, "Plan Width": 8, "Inner Unique": false, "Merge Cond": "(lineitem_1.l_partkey = part.p_partkey)", "Join Filter": "(lineitem.l_quantity < ((0.2 * avg(lineitem_1.l_quantity))))", "Plans": [{"Node Type": "Aggregate", "Strategy": "Sorted", "Partial Mode": "Finalize", "Parent Relationship": "Outer", "Parallel Aware": false, "Startup Cost": 3854682.88, "Total Cost": 4771719.02, "Plan Rows": 1917787, "Plan Width": 36, "Group Key": ["lineitem_1.l_partkey"], "Plans": [{"Node Type": "Gather Merge", "Parent Relationship": "Outer", "Parallel Aware": false, "Startup Cost": 3854682.88, "Total Cost": 4699802.01, "Plan Rows": 5753361, "Plan Width": 36, "Workers Planned": 3, "Plans": [{"Node Type": "Aggregate", "Strategy": "Sorted", "Partial Mode": "Partial", "Parent Relationship": "Outer", "Parallel Aware": false, "Startup Cost": 3853682.84, "Total Cost": 4022782.05, "Plan Rows": 1917787, "Plan Width": 36, "Group Key": ["lineitem_1.l_partkey"], "Plans": [{"Node Type": "Sort", "Parent Relationship": "Outer", "Parallel Aware": false, "Startup Cost": 3853682.84, "Total Cost": 3902058.46, "Plan Rows": 19350250, "Plan Width": 9, "Sort Key": ["lineitem_1.l_partkey"], "Plans": [{"Node Type": "Seq Scan", "Parent Relationship": "Outer", "Parallel Aware": true, "Relation Name": "lineitem", "Alias": "lineitem_1", "Startup Cost": 0.0, "Total Cost": 1318044.5, "Plan Rows": 19350250, "Plan Width": 9}]}]}]}]}, {"Node Type": "Materialize", "Parent Relationship": "Inner", "Parallel Aware": false, "Startup Cost": 3964498.11, "Total Cost": 4068879.7, "Plan Rows": 61845, "Plan Width": 21, "Plans": [{"Node Type": "Gather Merge", "Parent Relationship": "Outer", "Parallel Aware": false, "Startup Cost": 3964498.11, "Total Cost": 4068725.09, "Plan Rows": 61845, "Plan Width": 21, "Workers Planned": 3, "Plans": [{"Node Type": "Merge Join", "Parent Relationship": "Outer", "Parallel Aware": false, "Join Type": "Inner", "Startup Cost": 3963498.07, "Total Cost": 4060458.26, "Plan Rows": 19950, "Plan Width": 21, "Inner Unique": true, "Merge Cond": "(lineitem.l_partkey = part.p_partkey)", "Plans": [{"Node Type": "Sort", "Parent Relationship": "Outer", "Parallel Aware": false, "Startup Cost": 3892421.69, "Total Cost": 3940797.31, "Plan Rows": 19350250, "Plan Width": 17, "Sort Key": ["lineitem.l_partkey"], "Plans": [{"Node Type": "Seq Scan", "Parent Relationship": "Outer", "Parallel Aware": true, "Relation Name": "lineitem", "Alias": "lineitem", "Startup Cost": 0.0, "Total Cost": 1318044.5, "Plan Rows": 19350250, "Plan Width": 17}]}, {"Node Type": "Sort", "Parent Relationship": "Inner", "Parallel Aware": false, "Startup Cost": 71075.51, "Total Cost": 71080.67, "Plan Rows": 2062, "Plan Width": 4, "Sort Key": ["part.p_partkey"], "Plans": [{"Node Type": "Seq Scan", "Parent Relationship": "Outer", "Parallel Aware": false, "Relation Name": "part", "Alias": "part", "Startup Cost": 0.0, "Total Cost": 70962.0, "Plan Rows": 2062, "Plan Width": 4, "Filter": "((p_brand = 'Brand#12'::bpchar) AND (p_container = 'MED PACK'::bpchar))"}]}]}]}]}]}]}]}}, {"Plan": {"Node Type": "Limit", "Parallel Aware": false, "Startup Cost": 7779934.13, "Total Cost": 7779934.14, "Plan Rows": 1, "Plan Width": 32, "Plans": [{"Node Type": "Aggregate", "Strategy": "Plain", "Partial Mode": "Simple", "Parent Relationship": "Outer", "Parallel Aware": false, "Startup Cost": 7779934.13, "Total Cost": 7779934.14, "Plan Rows": 1, "Plan Width": 32, "Plans": [{"Node Type": "Nested Loop", "Parent Relationship": "Outer", "Parallel Aware": false, "Join Type": "Inner", "Startup Cost": 3854684.21, "Total Cost": 7779884.71, "Plan Rows": 19768, "Plan Width": 8, "Inner Unique": false, "Join Filter": "(part.p_partkey = lineitem.l_partkey)", "Plans": [{"Node Type": "Nested Loop", "Parent Relationship": "Outer", "Parallel Aware": false, "Join Type": "Inner", "Startup Cost": 3854683.32, "Total Cost": 7774775.24, "Plan Rows": 1977, "Plan Width": 40, "Inner Unique": true, "Plans": [{"Node Type": "Aggregate", "Strategy": "Sorted", "Partial Mode": "Finalize", "Parent Relationship": "Outer", "Parallel Aware": false, "Startup Cost": 3854682.88, "Total Cost": 4771719.02, "Plan Rows": 1917787, "Plan Width": 36, "Group Key": ["lineitem_1.l_partkey"], "Plans": [{"Node Type": "Gather Merge", "Parent Relationship": "Outer", "Parallel Aware": false, "Startup Cost": 3854682.88, "Total Cost": 4699802.01, "Plan Rows": 5753361, "Plan Width": 36, "Workers Planned": 3, "Plans": [{"Node Type": "Aggregate", "Strategy": "Sorted", "Partial Mode": "Partial", "Parent Relationship": "Outer", "Parallel Aware": false, "Startup Cost": 3853682.84, "Total Cost": 4022782.05, "Plan Rows": 1917787, "Plan Width": 36, "Group Key": ["lineitem_1.l_partkey"], "Plans": [{"Node Type": "Sort", "Parent Relationship": "Outer", "Parallel Aware": false, "Startup Cost": 3853682.84, "Total Cost": 3902058.46, "Plan Rows": 19350250, "Plan Width": 9, "Sort Key": ["lineitem_1.l_partkey"], "Plans": [{"Node Type": "Seq Scan", "Parent Relationship": "Outer", "Parallel Aware": true, "Relation Name": "lineitem", "Alias": "lineitem_1", "Startup Cost": 0.0, "Total Cost": 1318044.5, "Plan Rows": 19350250, "Plan Width": 9}]}]}]}]}, {"Node Type": "Bitmap Heap Scan", "Parent Relationship": "Inner", "Parallel Aware": false, "Relation Name": "part", "Alias": "part", "Startup Cost": 0.44, "Total Cost": 1.56, "Plan Rows": 1, "Plan Width": 4, "Recheck Cond": "(p_partkey = lineitem_1.l_partkey)", "Filter": "((p_brand = 'Brand#12'::bpchar) AND (p_container = 'MED PACK'::bpchar))", "Plans": [{"Node Type": "Bitmap Index Scan", "Parent Relationship": "Outer", "Parallel Aware": false, "Index Name": "part_pkey", "Startup Cost": 0.0, "Total Cost": 0.44, "Plan Rows": 1, "Plan Width": 0, "Index Cond": "(p_partkey = lineitem_1.l_partkey)"}]}]}, {"Node Type": "Bitmap Heap Scan", "Parent Relationship": "Inner", "Parallel Aware": false, "Relation Name": "lineitem", "Alias": "lineitem", "Startup Cost": 0.89, "Total Cost": 2.46, "Plan Rows": 10, "Plan Width": 17, "Recheck Cond": "(l_partkey = lineitem_1.l_partkey)", "Filter": "(l_quantity < ((0.2 * avg(lineitem_1.l_quantity))))", "Plans": [{"Node Type": "Bitmap Index Scan", "Parent Relationship": "Outer", "Parallel Aware": false, "Index Name": "idx_lineitem_part_supp", "Startup Cost": 0.0, "Total Cost": 0.89, "Plan Rows": 31, "Plan Width": 0, "Index Cond": "(l_partkey = lineitem_1.l_partkey)"}]}]}]}]}}, {"Plan": {"Node Type": "Limit", "Parallel Aware": false, "Startup Cost": 2723602.03, "Total Cost": 2723602.04, "Plan Rows": 1, "Plan Width": 32, "Plans": [{"Node Type": "Aggregate", "Strategy": "Plain", "Partial Mode": "Finalize", "Parent Relationship": "Outer", "Parallel Aware": false, "Startup Cost": 2723602.03, "Total Cost": 2723602.04, "Plan Rows": 1, "Plan Width": 32, "Plans": [{"Node Type": "Gather", "Parent Relationship": "Outer", "Parallel Aware": false, "Startup Cost": 2723601.7, "Total Cost": 2723602.01, "Plan Rows": 3, "Plan Width": 32, "Workers Planned": 3, "Single Copy": false, "Plans": [{"Node Type": "Aggregate", "Strategy": "Plain", "Partial Mode": "Partial", "Parent Relationship": "Outer", "Parallel Aware": false, "Startup Cost": 2722601.7, "Total Cost": 2722601.71, "Plan Rows": 1, "Plan Width": 32, "Plans": [{"Node Type": "Nested Loop", "Parent Relationship": "Outer", "Parallel Aware": false, "Join Type": "Inner", "Startup Cost": 50671.73, "Total Cost": 2722585.76, "Plan Rows": 6377, "Plan Width": 8, "Inner Unique": false, "Join Filter": "(part.p_partkey = lineitem.l_partkey)", "Plans": [{"Node Type": "Merge Join", "Parent Relationship": "Outer", "Parallel Aware": false, "Join Type": "Inner", "Startup Cost": 50671.16, "Total Cost": 2721278.2, "Plan Rows": 638, "Plan Width": 40, "Inner Unique": true, "Merge Cond": "(part.p_partkey = lineitem_1.l_partkey)", "Plans": [{"Node Type": "Sort", "Parent Relationship": "Outer", "Parallel Aware": false, "Startup Cost": 50670.6, "Total Cost": 50672.26, "Plan Rows": 665, "Plan Width": 4, "Sort Key": ["part.p_partkey"], "Plans": [{"Node Type": "Seq Scan", "Parent Relationship": "Outer", "Parallel Aware": true, "Relation Name": "part", "Alias": "part", "Startup Cost": 0.0, "Total Cost": 50639.42, "Plan Rows": 665, "Plan Width": 4, "Filter": "((p_brand = 'Brand#12'::bpchar) AND (p_container = 'MED PACK'::bpchar))"}]}, {"Node Type": "Aggregate", "Strategy": "Sorted", "Partial Mode": "Simple", "Parent Relationship": "Inner", "Parallel Aware": false, "Startup Cost": 0.56, "Total Cost": 2646625.56, "Plan Rows": 1917787, "Plan Width": 36, "Group Key": ["lineitem_1.l_partkey"], "Plans": [{"Node Type": "Index Scan", "Parent Relationship": "Outer", "Parallel Aware": false, "Scan Direction": "Forward", "Index Name": "idx_lineitem_part_supp", "Relation Name": "lineitem", "Alias": "lineitem_1", "Startup Cost": 0.56, "Total Cost": 2317929.87, "Plan Rows": 59985776, "Plan Width": 9}]}]}, {"Node Type": "Index Scan", "Parent Relationship": "Inner", "Parallel Aware": false, "Scan Direction": "Forward", "Index Name": "idx_lineitem_part_supp", "Relation Name": "lineitem", "Alias": "lineitem", "Startup Cost": 0.56, "Total Cost": 1.92, "Plan Rows": 10, "Plan Width": 17, "Index Cond": "(l_partkey = lineitem_1.l_partkey)", "Filter": "(l_quantity < ((0.2 * avg(lineitem_1.l_quantity))))"}]}]}]}]}]}}]