[{"Plan": {"Node Type": "Limit", "Parallel Aware": false, "Startup Cost": 30002881195.08, "Total Cost": 30002881195.1, "Plan Rows": 1, "Plan Width": 32, "Plans": [{"Node Type": "Aggregate", "Strategy": "Plain", "Partial Mode": "Simple", "Parent Relationship": "Outer", "Parallel Aware": false, "Startup Cost": 30002881195.08, "Total Cost": 30002881195.1, "Plan Rows": 1, "Plan Width": 32, "Plans": [{"Node Type": "Hash Join", "Parent Relationship": "Outer", "Parallel Aware": false, "Join Type": "Inner", "Startup Cost": 30002704761.09, "Total Cost": 30002881147.03, "Plan Rows": 19221, "Plan Width": 8, "Inner Unique": true, "Hash Cond": "(part.p_partkey = lineitem_1.l_partkey)", "Join Filter": "(lineitem.l_quantity < ((0.2 * avg(lineitem_1.l_quantity))))", "Plans": [{"Node Type": "Nested Loop", "Parent Relationship": "Outer", "Parallel Aware": false, "Join Type": "Inner", "Startup Cost": 20000000002.33, "Total Cost": 20000160541.41, "Plan Rows": 60136, "Plan Width": 21, "Inner Unique": false, "Plans": [{"Node Type": "Index Scan", "Parent Relationship": "Outer", "Parallel Aware": false, "Scan Direction": "Forward", "Index Name": "part_pkey", "Relation Name": "part", "Alias": "part", "Startup Cost": 10000000000.43, "Total Cost": 10000086998.23, "Plan Rows": 2005, "Plan Width": 4, "Filter": "((p_brand = 'Brand#15'::bpchar) AND (p_container = 'JUMBO BAG'::bpchar))"}, {"Node Type": "Bitmap Heap Scan", "Parent Relationship": "Inner", "Parallel Aware": false, "Relation Name": "lineitem", "Alias": "lineitem", "Startup Cost": 1.9, "Total Cost": 36.37, "Plan Rows": 31, "Plan Width": 17, "Recheck Cond": "(l_partkey = part.p_partkey)", "Plans": [{"Node Type": "Bitmap Index Scan", "Parent Relationship": "Outer", "Parallel Aware": false, "Index Name": "idx_lineitem_part_supp", "Startup Cost": 0.0, "Total Cost": 1.89, "Plan Rows": 31, "Plan Width": 0, "Index Cond": "(l_partkey = part.p_partkey)"}]}]}, {"Node Type": "Hash", "Parent Relationship": "Inner", "Parallel Aware": false, "Startup Cost": 10002665803.43, "Total Cost": 10002665803.43, "Plan Rows": 1917787, "Plan Width": 36, "Plans": [{"Node Type": "Aggregate", "Strategy": "Sorted", "Partial Mode": "Simple", "Parent Relationship": "Outer", "Parallel Aware": false, "Startup Cost": 10000000000.57, "Total Cost": 10002646625.56, "Plan Rows": 1917787, "Plan Width": 36, "Group Key": ["lineitem_1.l_partkey"], "Plans": [{"Node Type": "Index Scan", "Parent Relationship": "Outer", "Parallel Aware": false, "Scan Direction": "Forward", "Index Name": "idx_lineitem_part_supp", "Relation Name": "lineitem", "Alias": "lineitem_1", "Startup Cost": 10000000000.57, "Total Cost": 10002317929.87, "Plan Rows": 59985776, "Plan Width": 9}]}]}]}]}]}}, {"Plan": {"Node Type": "Limit", "Parallel Aware": false, "Startup Cost": 4750089.38, "Total Cost": 4750089.39, "Plan Rows": 1, "Plan Width": 32, "Plans": [{"Node Type": "Aggregate", "Strategy": "Plain", "Partial Mode": "Finalize", "Parent Relationship": "Outer", "Parallel Aware": false, "Startup Cost": 4750089.38, "Total Cost": 4750089.39, "Plan Rows": 1, "Plan Width": 32, "Plans": [{"Node Type": "Gather", "Parent Relationship": "Outer", "Parallel Aware": false, "Startup Cost": 4750089.05, "Total Cost": 4750089.36, "Plan Rows": 3, "Plan Width": 32, "Workers Planned": 3, "Single Copy": false, "Plans": [{"Node Type": "Aggregate", "Strategy": "Plain", "Partial Mode": "Partial", "Parent Relationship": "Outer", "Parallel Aware": false, "Startup Cost": 4749089.05, "Total Cost": 4749089.06, "Plan Rows": 1, "Plan Width": 32, "Plans": [{"Node Type": "Hash Join", "Parent Relationship": "Outer", "Parallel Aware": false, "Join Type": "Inner", "Startup Cost": 2771443.06, "Total Cost": 4749073.55, "Plan Rows": 6200, "Plan Width": 8, "Inner Unique": true, "Hash Cond": "(part.p_partkey = lineitem_1.l_partkey)", "Join Filter": "(lineitem.l_quantity < ((0.2 * avg(lineitem_1.l_quantity))))", "Plans": [{"Node Type": "Hash Join", "Parent Relationship": "Outer", "Parallel Aware": true, "Join Type": "Inner", "Startup Cost": 66684.3, "Total Cost": 2029052.87, "Plan Rows": 19399, "Plan Width": 21, "Inner Unique": true, "Hash Cond": "(lineitem.l_partkey = part.p_partkey)", "Plans": [{"Node Type": "Index Scan", "Parent Relationship": "Outer", "Parallel Aware": true, "Scan Direction": "Forward", "Index Name": "idx_lineitem_part_supp", "Relation Name": "lineitem", "Alias": "lineitem", "Startup Cost": 0.56, "Total Cost": 1911574.61, "Plan Rows": 19350250, "Plan Width": 17}, {"Node Type": "Hash", "Parent Relationship": "Inner", "Parallel Aware": true, "Startup Cost": 66675.65, "Total Cost": 66675.65, "Plan Rows": 647, "Plan Width": 4, "Plans": [{"Node Type": "Index Scan", "Parent Relationship": "Outer", "Parallel Aware": true, "Scan Direction": "Forward", "Index Name": "part_pkey", "Relation Name": "part", "Alias": "part", "Startup Cost": 0.43, "Total Cost": 66675.65, "Plan Rows": 647, "Plan Width": 4, "Filter": "((p_brand = 'Brand#15'::bpchar) AND (p_container = 'JUMBO BAG'::bpchar))"}]}]}, {"Node Type": "Hash", "Parent Relationship": "Inner", "Parallel Aware": false, "Startup Cost": 2665803.43, "Total Cost": 2665803.43, "Plan Rows": 1917787, "Plan Width": 36, "Plans": [{"Node Type": "Aggregate", "Strategy": "Sorted", "Partial Mode": "Simple", "Parent Relationship": "Outer", "Parallel Aware": false, "Startup Cost": 0.56, "Total Cost": 2646625.56, "Plan Rows": 1917787, "Plan Width": 36, "Group Key": ["lineitem_1.l_partkey"], "Plans": [{"Node Type": "Index Scan", "Parent Relationship": "Outer", "Parallel Aware": false, "Scan Direction": "Forward", "Index Name": "idx_lineitem_part_supp", "Relation Name": "lineitem", "Alias": "lineitem_1", "Startup Cost": 0.56, "Total Cost": 2317929.87, "Plan Rows": 59985776, "Plan Width": 9}]}]}]}]}]}]}]}}, {"Plan": {"Node Type": "Limit", "Parallel Aware": false, "Startup Cost": 4718912.02, "Total Cost": 4718912.03, "Plan Rows": 1, "Plan Width": 32, "Plans": [{"Node Type": "Aggregate", "Strategy": "Plain", "Partial Mode": "Finalize", "Parent Relationship": "Outer", "Parallel Aware": false, "Startup Cost": 4718912.02, "Total Cost": 4718912.03, "Plan Rows": 1, "Plan Width": 32, "Plans": [{"Node Type": "Gather", "Parent Relationship": "Outer", "Parallel Aware": false, "Startup Cost": 4718911.69, "Total Cost": 4718912.0, "Plan Rows": 3, "Plan Width": 32, "Workers Planned": 3, "Single Copy": false, "Plans": [{"Node Type": "Aggregate", "Strategy": "Plain", "Partial Mode": "Partial", "Parent Relationship": "Outer", "Parallel Aware": false, "Startup Cost": 4717911.69, "Total Cost": 4717911.7, "Plan Rows": 1, "Plan Width": 32, "Plans": [{"Node Type": "Merge Join", "Parent Relationship": "Outer", "Parallel Aware": false, "Join Type": "Inner", "Startup Cost": 19.18, "Total Cost": 4717896.19, "Plan Rows": 6200, "Plan Width": 8, "Inner Unique": false, "Merge Cond": "(lineitem.l_partkey = part.p_partkey)", "Join Filter": "(lineitem.l_quantity < ((0.2 * avg(lineitem_1.l_quantity))))", "Plans": [{"Node Type": "Index Scan", "Parent Relationship": "Outer", "Parallel Aware": true, "Scan Direction": "Forward", "Index Name": "idx_lineitem_part_supp", "Relation Name": "lineitem", "Alias": "lineitem", "Startup Cost": 0.56, "Total Cost": 1911574.61, "Plan Rows": 19350250, "Plan Width": 17}, {"Node Type": "Materialize", "Parent Relationship": "Inner", "Parallel Aware": false, "Startup Cost": 0.99, "Total Cost": 2757625.17, "Plan Rows": 1923, "Plan Width": 40, "Plans": [{"Node Type": "Merge Join", "Parent Relationship": "Outer", "Parallel Aware": false, "Join Type": "Inner", "Startup Cost": 0.99, "Total Cost": 2757620.36, "Plan Rows": 1923, "Plan Width": 40, "Inner Unique": true, "Merge Cond": "(part.p_partkey = lineitem_1.l_partkey)", "Plans": [{"Node Type": "Index Scan", "Parent Relationship": "Outer", "Parallel Aware": false, "Scan Direction": "Forward", "Index Name": "part_pkey", "Relation Name": "part", "Alias": "part", "Startup Cost": 0.43, "Total Cost": 86998.23, "Plan Rows": 2005, "Plan Width": 4, "Filter": "((p_brand = 'Brand#15'::bpchar) AND (p_container = 'JUMBO BAG'::bpchar))"}, {"Node Type": "Aggregate", "Strategy": "Sorted", "Partial Mode": "Simple", "Parent Relationship": "Inner", "Parallel Aware": false, "Startup Cost": 0.56, "Total Cost": 2646625.56, "Plan Rows": 1917787, "Plan Width": 36, "Group Key": ["lineitem_1.l_partkey"], "Plans": [{"Node Type": "Index Scan", "Parent Relationship": "Outer", "Parallel Aware": false, "Scan Direction": "Forward", "Index Name": "idx_lineitem_part_supp", "Relation Name": "lineitem", "Alias": "lineitem_1", "Startup Cost": 0.56, "Total Cost": 2317929.87, "Plan Rows": 59985776, "Plan Width": 9}]}]}]}]}]}]}]}]}}, {"Plan": {"Node Type": "Limit", "Parallel Aware": false, "Startup Cost": 2761609.55, "Total Cost": 2761609.56, "Plan Rows": 1, "Plan Width": 32, "Plans": [{"Node Type": "Aggregate", "Strategy": "Plain", "Partial Mode": "Simple", "Parent Relationship": "Outer", "Parallel Aware": false, "Startup Cost": 2761609.55, "Total Cost": 2761609.56, "Plan Rows": 1, "Plan Width": 32, "Plans": [{"Node Type": "Nested Loop", "Parent Relationship": "Outer", "Parallel Aware": false, "Join Type": "Inner", "Startup Cost": 1.56, "Total Cost": 2761561.49, "Plan Rows": 19221, "Plan Width": 8, "Inner Unique": false, "Join Filter": "(part.p_partkey = lineitem.l_partkey)", "Plans": [{"Node Type": "Merge Join", "Parent Relationship": "Outer", "Parallel Aware": false, "Join Type": "Inner", "Startup Cost": 0.99, "Total Cost": 2757620.36, "Plan Rows": 1923, "Plan Width": 40, "Inner Unique": true, "Merge Cond": "(part.p_partkey = lineitem_1.l_partkey)", "Plans": [{"Node Type": "Index Scan", "Parent Relationship": "Outer", "Parallel Aware": false, "Scan Direction": "Forward", "Index Name": "part_pkey", "Relation Name": "part", "Alias": "part", "Startup Cost": 0.43, "Total Cost": 86998.23, "Plan Rows": 2005, "Plan Width": 4, "Filter": "((p_brand = 'Brand#15'::bpchar) AND (p_container = 'JUMBO BAG'::bpchar))"}, {"Node Type": "Aggregate", "Strategy": "Sorted", "Partial Mode": "Simple", "Parent Relationship": "Inner", "Parallel Aware": false, "Startup Cost": 0.56, "Total Cost": 2646625.56, "Plan Rows": 1917787, "Plan Width": 36, "Group Key": ["lineitem_1.l_partkey"], "Plans": [{"Node Type": "Index Scan", "Parent Relationship": "Outer", "Parallel Aware": false, "Scan Direction": "Forward", "Index Name": "idx_lineitem_part_supp", "Relation Name": "lineitem", "Alias": "lineitem_1", "Startup Cost": 0.56, "Total Cost": 2317929.87, "Plan Rows": 59985776, "Plan Width": 9}]}]}, {"Node Type": "Index Scan", "Parent Relationship": "Inner", "Parallel Aware": false, "Scan Direction": "Forward", "Index Name": "idx_lineitem_part_supp", "Relation Name": "lineitem", "Alias": "lineitem", "Startup Cost": 0.56, "Total Cost": 1.92, "Plan Rows": 10, "Plan Width": 17, "Index Cond": "(l_partkey = lineitem_1.l_partkey)", "Filter": "(l_quantity < ((0.2 * avg(lineitem_1.l_quantity))))"}]}]}]}}, {"Plan": {"Node Type": "Limit", "Parallel Aware": false, "Startup Cost": 4097605.81, "Total Cost": 4097605.82, "Plan Rows": 1, "Plan Width": 32, "Plans": [{"Node Type": "Aggregate", "Strategy": "Plain", "Partial Mode": "Finalize", "Parent Relationship": "Outer", "Parallel Aware": false, "Startup Cost": 4097605.81, "Total Cost": 4097605.82, "Plan Rows": 1, "Plan Width": 32, "Plans": [{"Node Type": "Gather", "Parent Relationship": "Outer", "Parallel Aware": false, "Startup Cost": 4097605.48, "Total Cost": 4097605.79, "Plan Rows": 3, "Plan Width": 32, "Workers Planned": 3, "Single Copy": false, "Plans": [{"Node Type": "Aggregate", "Strategy": "Plain", "Partial Mode": "Partial", "Parent Relationship": "Outer", "Parallel Aware": false, "Startup Cost": 4096605.48, "Total Cost": 4096605.49, "Plan Rows": 1, "Plan Width": 32, "Plans": [{"Node Type": "Merge Join", "Parent Relationship": "Outer", "Parallel Aware": false, "Join Type": "Inner", "Startup Cost": 1420868.66, "Total Cost": 4096589.98, "Plan Rows": 6200, "Plan Width": 8, "Inner Unique": true, "Merge Cond": "(part.p_partkey = lineitem_1.l_partkey)", "Join Filter": "(lineitem.l_quantity < ((0.2 * avg(lineitem_1.l_quantity))))", "Plans": [{"Node Type": "Sort", "Parent Relationship": "Outer", "Parallel Aware": false, "Startup Cost": 1420868.09, "Total Cost": 1420916.59, "Plan Rows": 19399, "Plan Width": 21, "Sort Key": ["lineitem.l_partkey"], "Plans": [{"Node Type": "Hash Join", "Parent Relationship": "Outer", "Parallel Aware": true, "Join Type": "Inner", "Startup Cost": 50647.51, "Total Cost": 1419486.53, "Plan Rows": 19399, "Plan Width": 21, "Inner Unique": true, "Hash Cond": "(lineitem.l_partkey = part.p_partkey)", "Plans": [{"Node Type": "Seq Scan", "Parent Relationship": "Outer", "Parallel Aware": true, "Relation Name": "lineitem", "Alias": "lineitem", "Startup Cost": 0.0, "Total Cost": 1318044.5, "Plan Rows": 19350250, "Plan Width": 17}, {"Node Type": "Hash", "Parent Relationship": "Inner", "Parallel Aware": true, "Startup Cost": 50639.42, "Total Cost": 50639.42, "Plan Rows": 647, "Plan Width": 4, "Plans": [{"Node Type": "Seq Scan", "Parent Relationship": "Outer", "Parallel Aware": true, "Relation Name": "part", "Alias": "part", "Startup Cost": 0.0, "Total Cost": 50639.42, "Plan Rows": 647, "Plan Width": 4, "Filter": "((p_brand = 'Brand#15'::bpchar) AND (p_container = 'JUMBO BAG'::bpchar))"}]}]}]}, {"Node Type": "Materialize", "Parent Relationship": "Inner", "Parallel Aware": false, "Startup Cost": 0.56, "Total Cost": 2670597.89, "Plan Rows": 1917787, "Plan Width": 36, "Plans": [{"Node Type": "Aggregate", "Strategy": "Sorted", "Partial Mode": "Simple", "Parent Relationship": "Outer", "Parallel Aware": false, "Startup Cost": 0.56, "Total Cost": 2646625.56, "Plan Rows": 1917787, "Plan Width": 36, "Group Key": ["lineitem_1.l_partkey"], "Plans": [{"Node Type": "Index Scan", "Parent Relationship": "Outer", "Parallel Aware": false, "Scan Direction": "Forward", "Index Name": "idx_lineitem_part_supp", "Relation Name": "lineitem", "Alias": "lineitem_1", "Startup Cost": 0.56, "Total Cost": 2317929.87, "Plan Rows": 59985776, "Plan Width": 9}]}]}]}]}]}]}]}}, {"Plan": {"Node Type": "Limit", "Parallel Aware": false, "Startup Cost": 2742763.15, "Total Cost": 2742763.16, "Plan Rows": 1, "Plan Width": 32, "Plans": [{"Node Type": "Aggregate", "Strategy": "Plain", "Partial Mode": "Simple", "Parent Relationship": "Outer", "Parallel Aware": false, "Startup Cost": 2742763.15, "Total Cost": 2742763.16, "Plan Rows": 1, "Plan Width": 32, "Plans": [{"Node Type": "Nested Loop", "Parent Relationship": "Outer", "Parallel Aware": false, "Join Type": "Inner", "Startup Cost": 67937.47, "Total Cost": 2742715.09, "Plan Rows": 19221, "Plan Width": 8, "Inner Unique": false, "Join Filter": "(part.p_partkey = lineitem.l_partkey)", "Plans": [{"Node Type": "Hash Join", "Parent Relationship": "Outer", "Parallel Aware": false, "Join Type": "Inner", "Startup Cost": 67936.9, "Total Cost": 2738773.96, "Plan Rows": 1923, "Plan Width": 40, "Inner Unique": true, "Hash Cond": "(lineitem_1.l_partkey = part.p_partkey)", "Plans": [{"Node Type": "Aggregate", "Strategy": "Sorted", "Partial Mode": "Simple", "Parent Relationship": "Outer", "Parallel Aware": false, "Startup Cost": 0.56, "Total Cost": 2646625.56, "Plan Rows": 1917787, "Plan Width": 36, "Group Key": ["lineitem_1.l_partkey"], "Plans": [{"Node Type": "Index Scan", "Parent Relationship": "Outer", "Parallel Aware": false, "Scan Direction": "Forward", "Index Name": "idx_lineitem_part_supp", "Relation Name": "lineitem", "Alias": "lineitem_1", "Startup Cost": 0.56, "Total Cost": 2317929.87, "Plan Rows": 59985776, "Plan Width": 9}]}, {"Node Type": "Hash", "Parent Relationship": "Inner", "Parallel Aware": false, "Startup Cost": 67911.27, "Total Cost": 67911.27, "Plan Rows": 2005, "Plan Width": 4, "Plans": [{"Node Type": "Gather Merge", "Parent Relationship": "Outer", "Parallel Aware": false, "Startup Cost": 1000.47, "Total Cost": 67911.27, "Plan Rows": 2005, "Plan Width": 4, "Workers Planned": 3, "Plans": [{"Node Type": "Index Scan", "Parent Relationship": "Outer", "Parallel Aware": true, "Scan Direction": "Forward", "Index Name": "part_pkey", "Relation Name": "part", "Alias": "part", "Startup Cost": 0.43, "Total Cost": 66675.65, "Plan Rows": 647, "Plan Width": 4, "Filter": "((p_brand = 'Brand#15'::bpchar) AND (p_container = 'JUMBO BAG'::bpchar))"}]}]}]}, {"Node Type": "Index Scan", "Parent Relationship": "Inner", "Parallel Aware": false, "Scan Direction": "Forward", "Index Name": "idx_lineitem_part_supp", "Relation Name": "lineitem", "Alias": "lineitem", "Startup Cost": 0.56, "Total Cost": 1.92, "Plan Rows": 10, "Plan Width": 17, "Index Cond": "(l_partkey = lineitem_1.l_partkey)", "Filter": "(l_quantity < ((0.2 * avg(lineitem_1.l_quantity))))"}]}]}]}}, {"Plan": {"Node Type": "Limit", "Parallel Aware": false, "Startup Cost": 2726691.79, "Total Cost": 2726691.81, "Plan Rows": 1, "Plan Width": 32, "Plans": [{"Node Type": "Aggregate", "Strategy": "Plain", "Partial Mode": "Simple", "Parent Relationship": "Outer", "Parallel Aware": false, "Startup Cost": 2726691.79, "Total Cost": 2726691.81, "Plan Rows": 1, "Plan Width": 32, "Plans": [{"Node Type": "Nested Loop", "Parent Relationship": "Outer", "Parallel Aware": false, "Join Type": "Inner", "Startup Cost": 51866.11, "Total Cost": 2726643.74, "Plan Rows": 19221, "Plan Width": 8, "Inner Unique": false, "Join Filter": "(part.p_partkey = lineitem.l_partkey)", "Plans": [{"Node Type": "Hash Join", "Parent Relationship": "Outer", "Parallel Aware": false, "Join Type": "Inner", "Startup Cost": 51865.55, "Total Cost": 2722702.61, "Plan Rows": 1923, "Plan Width": 40, "Inner Unique": true, "Hash Cond": "(lineitem_1.l_partkey = part.p_partkey)", "Plans": [{"Node Type": "Aggregate", "Strategy": "Sorted", "Partial Mode": "Simple", "Parent Relationship": "Outer", "Parallel Aware": false, "Startup Cost": 0.56, "Total Cost": 2646625.56, "Plan Rows": 1917787, "Plan Width": 36, "Group Key": ["lineitem_1.l_partkey"], "Plans": [{"Node Type": "Index Scan", "Parent Relationship": "Outer", "Parallel Aware": false, "Scan Direction": "Forward", "Index Name": "idx_lineitem_part_supp", "Relation Name": "lineitem", "Alias": "lineitem_1", "Startup Cost": 0.56, "Total Cost": 2317929.87, "Plan Rows": 59985776, "Plan Width": 9}]}, {"Node Type": "Hash", "Parent Relationship": "Inner", "Parallel Aware": false, "Startup Cost": 51839.92, "Total Cost": 51839.92, "Plan Rows": 2005, "Plan Width": 4, "Plans": [{"Node Type": "Gather", "Parent Relationship": "Outer", "Parallel Aware": false, "Startup Cost": 1000.0, "Total Cost": 51839.92, "Plan Rows": 2005, "Plan Width": 4, "Workers Planned": 3, "Single Copy": false, "Plans": [{"Node Type": "Seq Scan", "Parent Relationship": "Outer", "Parallel Aware": true, "Relation Name": "part", "Alias": "part", "Startup Cost": 0.0, "Total Cost": 50639.42, "Plan Rows": 647, "Plan Width": 4, "Filter": "((p_brand = 'Brand#15'::bpchar) AND (p_container = 'JUMBO BAG'::bpchar))"}]}]}]}, {"Node Type": "Index Scan", "Parent Relationship": "Inner", "Parallel Aware": false, "Scan Direction": "Forward", "Index Name": "idx_lineitem_part_supp", "Relation Name": "lineitem", "Alias": "lineitem", "Startup Cost": 0.56, "Total Cost": 1.92, "Plan Rows": 10, "Plan Width": 17, "Index Cond": "(l_partkey = lineitem_1.l_partkey)", "Filter": "(l_quantity < ((0.2 * avg(lineitem_1.l_quantity))))"}]}]}]}}, {"Plan": {"Node Type": "Limit", "Parallel Aware": false, "Startup Cost": 4140523.04, "Total Cost": 4140523.06, "Plan Rows": 1, "Plan Width": 32, "Plans": [{"Node Type": "Aggregate", "Strategy": "Plain", "Partial Mode": "Finalize", "Parent Relationship": "Outer", "Parallel Aware": false, "Startup Cost": 4140523.04, "Total Cost": 4140523.06, "Plan Rows": 1, "Plan Width": 32, "Plans": [{"Node Type": "Gather", "Parent Relationship": "Outer", "Parallel Aware": false, "Startup Cost": 4140522.72, "Total Cost": 4140523.03, "Plan Rows": 3, "Plan Width": 32, "Workers Planned": 3, "Single Copy": false, "Plans": [{"Node Type": "Aggregate", "Strategy": "Plain", "Partial Mode": "Partial", "Parent Relationship": "Outer", "Parallel Aware": false, "Startup Cost": 4139522.72, "Total Cost": 4139522.73, "Plan Rows": 1, "Plan Width": 32, "Plans": [{"Node Type": "Hash Join", "Parent Relationship": "Outer", "Parallel Aware": false, "Join Type": "Inner", "Startup Cost": 2755406.27, "Total Cost": 4139507.21, "Plan Rows": 6200, "Plan Width": 8, "Inner Unique": true, "Hash Cond": "(part.p_partkey = lineitem_1.l_partkey)", "Join Filter": "(lineitem.l_quantity < ((0.2 * avg(lineitem_1.l_quantity))))", "Plans": [{"Node Type": "Hash Join", "Parent Relationship": "Outer", "Parallel Aware": true, "Join Type": "Inner", "Startup Cost": 50647.51, "Total Cost": 1419486.53, "Plan Rows": 19399, "Plan Width": 21, "Inner Unique": true, "Hash Cond": "(lineitem.l_partkey = part.p_partkey)", "Plans": [{"Node Type": "Seq Scan", "Parent Relationship": "Outer", "Parallel Aware": true, "Relation Name": "lineitem", "Alias": "lineitem", "Startup Cost": 0.0, "Total Cost": 1318044.5, "Plan Rows": 19350250, "Plan Width": 17}, {"Node Type": "Hash", "Parent Relationship": "Inner", "Parallel Aware": true, "Startup Cost": 50639.42, "Total Cost": 50639.42, "Plan Rows": 647, "Plan Width": 4, "Plans": [{"Node Type": "Seq Scan", "Parent Relationship": "Outer", "Parallel Aware": true, "Relation Name": "part", "Alias": "part", "Startup Cost": 0.0, "Total Cost": 50639.42, "Plan Rows": 647, "Plan Width": 4, "Filter": "((p_brand = 'Brand#15'::bpchar) AND (p_container = 'JUMBO BAG'::bpchar))"}]}]}, {"Node Type": "Hash", "Parent Relationship": "Inner", "Parallel Aware": false, "Startup Cost": 2665803.43, "Total Cost": 2665803.43, "Plan Rows": 1917787, "Plan Width": 36, "Plans": [{"Node Type": "Aggregate", "Strategy": "Sorted", "Partial Mode": "Simple", "Parent Relationship": "Outer", "Parallel Aware": false, "Startup Cost": 0.56, "Total Cost": 2646625.56, "Plan Rows": 1917787, "Plan Width": 36, "Group Key": ["lineitem_1.l_partkey"], "Plans": [{"Node Type": "Index Scan", "Parent Relationship": "Outer", "Parallel Aware": false, "Scan Direction": "Forward", "Index Name": "idx_lineitem_part_supp", "Relation Name": "lineitem", "Alias": "lineitem_1", "Startup Cost": 0.56, "Total Cost": 2317929.87, "Plan Rows": 59985776, "Plan Width": 9}]}]}]}]}]}]}]}}, {"Plan": {"Node Type": "Limit", "Parallel Aware": false, "Startup Cost": 30002762638.33, "Total Cost": 30002762638.34, "Plan Rows": 1, "Plan Width": 32, "Plans": [{"Node Type": "Aggregate", "Strategy": "Plain", "Partial Mode": "Simple", "Parent Relationship": "Outer", "Parallel Aware": false, "Startup Cost": 30002762638.33, "Total Cost": 30002762638.34, "Plan Rows": 1, "Plan Width": 32, "Plans": [{"Node Type": "Nested Loop", "Parent Relationship": "Outer", "Parallel Aware": false, "Join Type": "Inner", "Startup Cost": 30000000001.89, "Total Cost": 30002762590.27, "Plan Rows": 19221, "Plan Width": 8, "Inner Unique": false, "Join Filter": "(part.p_partkey = lineitem.l_partkey)", "Plans": [{"Node Type": "Merge Join", "Parent Relationship": "Outer", "Parallel Aware": false, "Join Type": "Inner", "Startup Cost": 20000000000.99, "Total Cost": 20002757620.36, "Plan Rows": 1923, "Plan Width": 40, "Inner Unique": true, "Merge Cond": "(part.p_partkey = lineitem_1.l_partkey)", "Plans": [{"Node Type": "Index Scan", "Parent Relationship": "Outer", "Parallel Aware": false, "Scan Direction": "Forward", "Index Name": "part_pkey", "Relation Name": "part", "Alias": "part", "Startup Cost": 10000000000.43, "Total Cost": 10000086998.23, "Plan Rows": 2005, "Plan Width": 4, "Filter": "((p_brand = 'Brand#15'::bpchar) AND (p_container = 'JUMBO BAG'::bpchar))"}, {"Node Type": "Aggregate", "Strategy": "Sorted", "Partial Mode": "Simple", "Parent Relationship": "Inner", "Parallel Aware": false, "Startup Cost": 10000000000.57, "Total Cost": 10002646625.56, "Plan Rows": 1917787, "Plan Width": 36, "Group Key": ["lineitem_1.l_partkey"], "Plans": [{"Node Type": "Index Scan", "Parent Relationship": "Outer", "Parallel Aware": false, "Scan Direction": "Forward", "Index Name": "idx_lineitem_part_supp", "Relation Name": "lineitem", "Alias": "lineitem_1", "Startup Cost": 10000000000.57, "Total Cost": 10002317929.87, "Plan Rows": 59985776, "Plan Width": 9}]}]}, {"Node Type": "Bitmap Heap Scan", "Parent Relationship": "Inner", "Parallel Aware": false, "Relation Name": "lineitem", "Alias": "lineitem", "Startup Cost": 0.89, "Total Cost": 2.46, "Plan Rows": 10, "Plan Width": 17, "Recheck Cond": "(l_partkey = lineitem_1.l_partkey)", "Filter": "(l_quantity < ((0.2 * avg(lineitem_1.l_quantity))))", "Plans": [{"Node Type": "Bitmap Index Scan", "Parent Relationship": "Outer", "Parallel Aware": false, "Index Name": "idx_lineitem_part_supp", "Startup Cost": 0.0, "Total Cost": 0.89, "Plan Rows": 31, "Plan Width": 0, "Index Cond": "(l_partkey = lineitem_1.l_partkey)"}]}]}]}]}}, {"Plan": {"Node Type": "Limit", "Parallel Aware": false, "Startup Cost": 10005654699.74, "Total Cost": 10005654699.75, "Plan Rows": 1, "Plan Width": 32, "Plans": [{"Node Type": "Aggregate", "Strategy": "Plain", "Partial Mode": "Simple", "Parent Relationship": "Outer", "Parallel Aware": false, "Startup Cost": 10005654699.74, "Total Cost": 10005654699.75, "Plan Rows": 1, "Plan Width": 32, "Plans": [{"Node Type": "Nested Loop", "Parent Relationship": "Outer", "Parallel Aware": false, "Join Type": "Inner", "Startup Cost": 10000000001.9, "Total Cost": 10005654651.68, "Plan Rows": 19221, "Plan Width": 8, "Inner Unique": false, "Join Filter": "(part.p_partkey = lineitem.l_partkey)", "Plans": [{"Node Type": "Nested Loop", "Parent Relationship": "Outer", "Parallel Aware": false, "Join Type": "Inner", "Startup Cost": 10000000001.0, "Total Cost": 10005649681.77, "Plan Rows": 1923, "Plan Width": 40, "Inner Unique": true, "Plans": [{"Node Type": "Aggregate", "Strategy": "Sorted", "Partial Mode": "Simple", "Parent Relationship": "Outer", "Parallel Aware": false, "Startup Cost": 10000000000.57, "Total Cost": 10002646625.56, "Plan Rows": 1917787, "Plan Width": 36, "Group Key": ["lineitem_1.l_partkey"], "Plans": [{"Node Type": "Index Scan", "Parent Relationship": "Outer", "Parallel Aware": false, "Scan Direction": "Forward", "Index Name": "idx_lineitem_part_supp", "Relation Name": "lineitem", "Alias": "lineitem_1", "Startup Cost": 10000000000.57, "Total Cost": 10002317929.87, "Plan Rows": 59985776, "Plan Width": 9}]}, {"Node Type": "Bitmap Heap Scan", "Parent Relationship": "Inner", "Parallel Aware": false, "Relation Name": "part", "Alias": "part", "Startup Cost": 0.44, "Total Cost": 1.56, "Plan Rows": 1, "Plan Width": 4, "Recheck Cond": "(p_partkey = lineitem_1.l_partkey)", "Filter": "((p_brand = 'Brand#15'::bpchar) AND (p_container = 'JUMBO BAG'::bpchar))", "Plans": [{"Node Type": "Bitmap Index Scan", "Parent Relationship": "Outer", "Parallel Aware": false, "Index Name": "part_pkey", "Startup Cost": 0.0, "Total Cost": 0.44, "Plan Rows": 1, "Plan Width": 0, "Index Cond": "(p_partkey = lineitem_1.l_partkey)"}]}]}, {"Node Type": "Bitmap Heap Scan", "Parent Relationship": "Inner", "Parallel Aware": false, "Relation Name": "lineitem", "Alias": "lineitem", "Startup Cost": 0.89, "Total Cost": 2.46, "Plan Rows": 10, "Plan Width": 17, "Recheck Cond": "(l_partkey = lineitem_1.l_partkey)", "Filter": "(l_quantity < ((0.2 * avg(lineitem_1.l_quantity))))", "Plans": [{"Node Type": "Bitmap Index Scan", "Parent Relationship": "Outer", "Parallel Aware": false, "Index Name": "idx_lineitem_part_supp", "Startup Cost": 0.0, "Total Cost": 0.89, "Plan Rows": 31, "Plan Width": 0, "Index Cond": "(l_partkey = lineitem_1.l_partkey)"}]}]}]}]}}, {"Plan": {"Node Type": "Limit", "Parallel Aware": false, "Startup Cost": 4852688.47, "Total Cost": 4852688.48, "Plan Rows": 1, "Plan Width": 32, "Plans": [{"Node Type": "Aggregate", "Strategy": "Plain", "Partial Mode": "Simple", "Parent Relationship": "Outer", "Parallel Aware": false, "Startup Cost": 4852688.47, "Total Cost": 4852688.48, "Plan Rows": 1, "Plan Width": 32, "Plans": [{"Node Type": "Nested Loop", "Parent Relationship": "Outer", "Parallel Aware": false, "Join Type": "Inner", "Startup Cost": 3906633.66, "Total Cost": 4852640.41, "Plan Rows": 19221, "Plan Width": 8, "Inner Unique": false, "Join Filter": "(part.p_partkey = lineitem.l_partkey)", "Plans": [{"Node Type": "Merge Join", "Parent Relationship": "Outer", "Parallel Aware": false, "Join Type": "Inner", "Startup Cost": 3906632.77, "Total Cost": 4847670.5, "Plan Rows": 1923, "Plan Width": 40, "Inner Unique": true, "Merge Cond": "(part.p_partkey = lineitem_1.l_partkey)", "Plans": [{"Node Type": "Sort", "Parent Relationship": "Outer", "Parallel Aware": false, "Startup Cost": 51949.89, "Total Cost": 51954.9, "Plan Rows": 2005, "Plan Width": 4, "Sort Key": ["part.p_partkey"], "Plans": [{"Node Type": "Gather", "Parent Relationship": "Outer", "Parallel Aware": false, "Startup Cost": 1000.0, "Total Cost": 51839.92, "Plan Rows": 2005, "Plan Width": 4, "Workers Planned": 3, "Single Copy": false, "Plans": [{"Node Type": "Seq Scan", "Parent Relationship": "Outer", "Parallel Aware": true, "Relation Name": "part", "Alias": "part", "Startup Cost": 0.0, "Total Cost": 50639.42, "Plan Rows": 647, "Plan Width": 4, "Filter": "((p_brand = 'Brand#15'::bpchar) AND (p_container = 'JUMBO BAG'::bpchar))"}]}]}, {"Node Type": "Aggregate", "Strategy": "Sorted", "Partial Mode": "Finalize", "Parent Relationship": "Inner", "Parallel Aware": false, "Startup Cost": 3854682.88, "Total Cost": 4771719.02, "Plan Rows": 1917787, "Plan Width": 36, "Group Key": ["lineitem_1.l_partkey"], "Plans": [{"Node Type": "Gather Merge", "Parent Relationship": "Outer", "Parallel Aware": false, "Startup Cost": 3854682.88, "Total Cost": 4699802.01, "Plan Rows": 5753361, "Plan Width": 36, "Workers Planned": 3, "Plans": [{"Node Type": "Aggregate", "Strategy": "Sorted", "Partial Mode": "Partial", "Parent Relationship": "Outer", "Parallel Aware": false, "Startup Cost": 3853682.84, "Total Cost": 4022782.05, "Plan Rows": 1917787, "Plan Width": 36, "Group Key": ["lineitem_1.l_partkey"], "Plans": [{"Node Type": "Sort", "Parent Relationship": "Outer", "Parallel Aware": false, "Startup Cost": 3853682.84, "Total Cost": 3902058.46, "Plan Rows": 19350250, "Plan Width": 9, "Sort Key": ["lineitem_1.l_partkey"], "Plans": [{"Node Type": "Seq Scan", "Parent Relationship": "Outer", "Parallel Aware": true, "Relation Name": "lineitem", "Alias": "lineitem_1", "Startup Cost": 0.0, "Total Cost": 1318044.5, "Plan Rows": 19350250, "Plan Width": 9}]}]}]}]}]}, {"Node Type": "Bitmap Heap Scan", "Parent Relationship": "Inner", "Parallel Aware": false, "Relation Name": "lineitem", "Alias": "lineitem", "Startup Cost": 0.89, "Total Cost": 2.46, "Plan Rows": 10, "Plan Width": 17, "Recheck Cond": "(l_partkey = lineitem_1.l_partkey)", "Filter": "(l_quantity < ((0.2 * avg(lineitem_1.l_quantity))))", "Plans": [{"Node Type": "Bitmap Index Scan", "Parent Relationship": "Outer", "Parallel Aware": false, "Index Name": "idx_lineitem_part_supp", "Startup Cost": 0.0, "Total Cost": 0.89, "Plan Rows": 31, "Plan Width": 0, "Index Cond": "(l_partkey = lineitem_1.l_partkey)"}]}]}]}]}}, {"Plan": {"Node Type": "Limit", "Parallel Aware": false, "Startup Cost": 6272247.27, "Total Cost": 6272247.28, "Plan Rows": 1, "Plan Width": 32, "Plans": [{"Node Type": "Aggregate", "Strategy": "Plain", "Partial Mode": "Simple", "Parent Relationship": "Outer", "Parallel Aware": false, "Startup Cost": 6272247.27, "Total Cost": 6272247.28, "Plan Rows": 1, "Plan Width": 32, "Plans": [{"Node Type": "Hash Join", "Parent Relationship": "Outer", "Parallel Aware": false, "Join Type": "Inner", "Startup Cost": 4881499.74, "Total Cost": 6272199.21, "Plan Rows": 19221, "Plan Width": 8, "Inner Unique": true, "Hash Cond": "(part.p_partkey = lineitem_1.l_partkey)", "Join Filter": "(lineitem.l_quantity < ((0.2 * avg(lineitem_1.l_quantity))))", "Plans": [{"Node Type": "Gather", "Parent Relationship": "Outer", "Parallel Aware": false, "Startup Cost": 51647.51, "Total Cost": 1426500.13, "Plan Rows": 60136, "Plan Width": 21, "Workers Planned": 3, "Single Copy": false, "Plans": [{"Node Type": "Hash Join", "Parent Relationship": "Outer", "Parallel Aware": true, "Join Type": "Inner", "Startup Cost": 50647.51, "Total Cost": 1419486.53, "Plan Rows": 19399, "Plan Width": 21, "Inner Unique": true, "Hash Cond": "(lineitem.l_partkey = part.p_partkey)", "Plans": [{"Node Type": "Seq Scan", "Parent Relationship": "Outer", "Parallel Aware": true, "Relation Name": "lineitem", "Alias": "lineitem", "Startup Cost": 0.0, "Total Cost": 1318044.5, "Plan Rows": 19350250, "Plan Width": 17}, {"Node Type": "Hash", "Parent Relationship": "Inner", "Parallel Aware": true, "Startup Cost": 50639.42, "Total Cost": 50639.42, "Plan Rows": 647, "Plan Width": 4, "Plans": [{"Node Type": "Seq Scan", "Parent Relationship": "Outer", "Parallel Aware": true, "Relation Name": "part", "Alias": "part", "Startup Cost": 0.0, "Total Cost": 50639.42, "Plan Rows": 647, "Plan Width": 4, "Filter": "((p_brand = 'Brand#15'::bpchar) AND (p_container = 'JUMBO BAG'::bpchar))"}]}]}]}, {"Node Type": "Hash", "Parent Relationship": "Inner", "Parallel Aware": false, "Startup Cost": 4790896.89, "Total Cost": 4790896.89, "Plan Rows": 1917787, "Plan Width": 36, "Plans": [{"Node Type": "Aggregate", "Strategy": "Sorted", "Partial Mode": "Finalize", "Parent Relationship": "Outer", "Parallel Aware": false, "Startup Cost": 3854682.88, "Total Cost": 4771719.02, "Plan Rows": 1917787, "Plan Width": 36, "Group Key": ["lineitem_1.l_partkey"], "Plans": [{"Node Type": "Gather Merge", "Parent Relationship": "Outer", "Parallel Aware": false, "Startup Cost": 3854682.88, "Total Cost": 4699802.01, "Plan Rows": 5753361, "Plan Width": 36, "Workers Planned": 3, "Plans": [{"Node Type": "Aggregate", "Strategy": "Sorted", "Partial Mode": "Partial", "Parent Relationship": "Outer", "Parallel Aware": false, "Startup Cost": 3853682.84, "Total Cost": 4022782.05, "Plan Rows": 1917787, "Plan Width": 36, "Group Key": ["lineitem_1.l_partkey"], "Plans": [{"Node Type": "Sort", "Parent Relationship": "Outer", "Parallel Aware": false, "Startup Cost": 3853682.84, "Total Cost": 3902058.46, "Plan Rows": 19350250, "Plan Width": 9, "Sort Key": ["lineitem_1.l_partkey"], "Plans": [{"Node Type": "Seq Scan", "Parent Relationship": "Outer", "Parallel Aware": true, "Relation Name": "lineitem", "Alias": "lineitem_1", "Startup Cost": 0.0, "Total Cost": 1318044.5, "Plan Rows": 19350250, "Plan Width": 9}]}]}]}]}]}]}]}]}}, {"Plan": {"Node Type": "Limit", "Parallel Aware": false, "Startup Cost": 10005654699.74, "Total Cost": 10005654699.75, "Plan Rows": 1, "Plan Width": 32, "Plans": [{"Node Type": "Aggregate", "Strategy": "Plain", "Partial Mode": "Simple", "Parent Relationship": "Outer", "Parallel Aware": false, "Startup Cost": 10005654699.74, "Total Cost": 10005654699.75, "Plan Rows": 1, "Plan Width": 32, "Plans": [{"Node Type": "Nested Loop", "Parent Relationship": "Outer", "Parallel Aware": false, "Join Type": "Inner", "Startup Cost": 10000000001.9, "Total Cost": 10005654651.68, "Plan Rows": 19221, "Plan Width": 8, "Inner Unique": false, "Join Filter": "(part.p_partkey = lineitem.l_partkey)", "Plans": [{"Node Type": "Nested Loop", "Parent Relationship": "Outer", "Parallel Aware": false, "Join Type": "Inner", "Startup Cost": 10000000001.0, "Total Cost": 10005649681.77, "Plan Rows": 1923, "Plan Width": 40, "Inner Unique": true, "Plans": [{"Node Type": "Aggregate", "Strategy": "Sorted", "Partial Mode": "Simple", "Parent Relationship": "Outer", "Parallel Aware": false, "Startup Cost": 10000000000.57, "Total Cost": 10002646625.56, "Plan Rows": 1917787, "Plan Width": 36, "Group Key": ["lineitem_1.l_partkey"], "Plans": [{"Node Type": "Index Scan", "Parent Relationship": "Outer", "Parallel Aware": false, "Scan Direction": "Forward", "Index Name": "idx_lineitem_part_supp", "Relation Name": "lineitem", "Alias": "lineitem_1", "Startup Cost": 10000000000.57, "Total Cost": 10002317929.87, "Plan Rows": 59985776, "Plan Width": 9}]}, {"Node Type": "Bitmap Heap Scan", "Parent Relationship": "Inner", "Parallel Aware": false, "Relation Name": "part", "Alias": "part", "Startup Cost": 0.44, "Total Cost": 1.56, "Plan Rows": 1, "Plan Width": 4, "Recheck Cond": "(p_partkey = lineitem_1.l_partkey)", "Filter": "((p_brand = 'Brand#15'::bpchar) AND (p_container = 'JUMBO BAG'::bpchar))", "Plans": [{"Node Type": "Bitmap Index Scan", "Parent Relationship": "Outer", "Parallel Aware": false, "Index Name": "part_pkey", "Startup Cost": 0.0, "Total Cost": 0.44, "Plan Rows": 1, "Plan Width": 0, "Index Cond": "(p_partkey = lineitem_1.l_partkey)"}]}]}, {"Node Type": "Bitmap Heap Scan", "Parent Relationship": "Inner", "Parallel Aware": false, "Relation Name": "lineitem", "Alias": "lineitem", "Startup Cost": 0.89, "Total Cost": 2.46, "Plan Rows": 10, "Plan Width": 17, "Recheck Cond": "(l_partkey = lineitem_1.l_partkey)", "Filter": "(l_quantity < ((0.2 * avg(lineitem_1.l_quantity))))", "Plans": [{"Node Type": "Bitmap Index Scan", "Parent Relationship": "Outer", "Parallel Aware": false, "Index Name": "idx_lineitem_part_supp", "Startup Cost": 0.0, "Total Cost": 0.89, "Plan Rows": 31, "Plan Width": 0, "Index Cond": "(l_partkey = lineitem_1.l_partkey)"}]}]}]}]}}, {"Plan": {"Node Type": "Limit", "Parallel Aware": false, "Startup Cost": 4852814.04, "Total Cost": 4852814.05, "Plan Rows": 1, "Plan Width": 32, "Plans": [{"Node Type": "Aggregate", "Strategy": "Plain", "Partial Mode": "Simple", "Parent Relationship": "Outer", "Parallel Aware": false, "Startup Cost": 4852814.04, "Total Cost": 4852814.05, "Plan Rows": 1, "Plan Width": 32, "Plans": [{"Node Type": "Nested Loop", "Parent Relationship": "Outer", "Parallel Aware": false, "Join Type": "Inner", "Startup Cost": 3906548.76, "Total Cost": 4852765.98, "Plan Rows": 19221, "Plan Width": 8, "Inner Unique": false, "Join Filter": "(part.p_partkey = lineitem.l_partkey)", "Plans": [{"Node Type": "Hash Join", "Parent Relationship": "Outer", "Parallel Aware": false, "Join Type": "Inner", "Startup Cost": 3906547.86, "Total Cost": 4847796.08, "Plan Rows": 1923, "Plan Width": 40, "Inner Unique": true, "Hash Cond": "(lineitem_1.l_partkey = part.p_partkey)", "Plans": [{"Node Type": "Aggregate", "Strategy": "Sorted", "Partial Mode": "Finalize", "Parent Relationship": "Outer", "Parallel Aware": false, "Startup Cost": 3854682.88, "Total Cost": 4771719.02, "Plan Rows": 1917787, "Plan Width": 36, "Group Key": ["lineitem_1.l_partkey"], "Plans": [{"Node Type": "Gather Merge", "Parent Relationship": "Outer", "Parallel Aware": false, "Startup Cost": 3854682.88, "Total Cost": 4699802.01, "Plan Rows": 5753361, "Plan Width": 36, "Workers Planned": 3, "Plans": [{"Node Type": "Aggregate", "Strategy": "Sorted", "Partial Mode": "Partial", "Parent Relationship": "Outer", "Parallel Aware": false, "Startup Cost": 3853682.84, "Total Cost": 4022782.05, "Plan Rows": 1917787, "Plan Width": 36, "Group Key": ["lineitem_1.l_partkey"], "Plans": [{"Node Type": "Sort", "Parent Relationship": "Outer", "Parallel Aware": false, "Startup Cost": 3853682.84, "Total Cost": 3902058.46, "Plan Rows": 19350250, "Plan Width": 9, "Sort Key": ["lineitem_1.l_partkey"], "Plans": [{"Node Type": "Seq Scan", "Parent Relationship": "Outer", "Parallel Aware": true, "Relation Name": "lineitem", "Alias": "lineitem_1", "Startup Cost": 0.0, "Total Cost": 1318044.5, "Plan Rows": 19350250, "Plan Width": 9}]}]}]}]}, {"Node Type": "Hash", "Parent Relationship": "Inner", "Parallel Aware": false, "Startup Cost": 51839.92, "Total Cost": 51839.92, "Plan Rows": 2005, "Plan Width": 4, "Plans": [{"Node Type": "Gather", "Parent Relationship": "Outer", "Parallel Aware": false, "Startup Cost": 1000.0, "Total Cost": 51839.92, "Plan Rows": 2005, "Plan Width": 4, "Workers Planned": 3, "Single Copy": false, "Plans": [{"Node Type": "Seq Scan", "Parent Relationship": "Outer", "Parallel Aware": true, "Relation Name": "part", "Alias": "part", "Startup Cost": 0.0, "Total Cost": 50639.42, "Plan Rows": 647, "Plan Width": 4, "Filter": "((p_brand = 'Brand#15'::bpchar) AND (p_container = 'JUMBO BAG'::bpchar))"}]}]}]}, {"Node Type": "Bitmap Heap Scan", "Parent Relationship": "Inner", "Parallel Aware": false, "Relation Name": "lineitem", "Alias": "lineitem", "Startup Cost": 0.89, "Total Cost": 2.46, "Plan Rows": 10, "Plan Width": 17, "Recheck Cond": "(l_partkey = lineitem_1.l_partkey)", "Filter": "(l_quantity < ((0.2 * avg(lineitem_1.l_quantity))))", "Plans": [{"Node Type": "Bitmap Index Scan", "Parent Relationship": "Outer", "Parallel Aware": false, "Index Name": "idx_lineitem_part_supp", "Startup Cost": 0.0, "Total Cost": 0.89, "Plan Rows": 31, "Plan Width": 0, "Index Cond": "(l_partkey = lineitem_1.l_partkey)"}]}]}]}]}}, {"Plan": {"Node Type": "Limit", "Parallel Aware": false, "Startup Cost": 6272247.27, "Total Cost": 6272247.28, "Plan Rows": 1, "Plan Width": 32, "Plans": [{"Node Type": "Aggregate", "Strategy": "Plain", "Partial Mode": "Simple", "Parent Relationship": "Outer", "Parallel Aware": false, "Startup Cost": 6272247.27, "Total Cost": 6272247.28, "Plan Rows": 1, "Plan Width": 32, "Plans": [{"Node Type": "Hash Join", "Parent Relationship": "Outer", "Parallel Aware": false, "Join Type": "Inner", "Startup Cost": 4881499.74, "Total Cost": 6272199.21, "Plan Rows": 19221, "Plan Width": 8, "Inner Unique": true, "Hash Cond": "(part.p_partkey = lineitem_1.l_partkey)", "Join Filter": "(lineitem.l_quantity < ((0.2 * avg(lineitem_1.l_quantity))))", "Plans": [{"Node Type": "Gather", "Parent Relationship": "Outer", "Parallel Aware": false, "Startup Cost": 51647.51, "Total Cost": 1426500.13, "Plan Rows": 60136, "Plan Width": 21, "Workers Planned": 3, "Single Copy": false, "Plans": [{"Node Type": "Hash Join", "Parent Relationship": "Outer", "Parallel Aware": true, "Join Type": "Inner", "Startup Cost": 50647.51, "Total Cost": 1419486.53, "Plan Rows": 19399, "Plan Width": 21, "Inner Unique": true, "Hash Cond": "(lineitem.l_partkey = part.p_partkey)", "Plans": [{"Node Type": "Seq Scan", "Parent Relationship": "Outer", "Parallel Aware": true, "Relation Name": "lineitem", "Alias": "lineitem", "Startup Cost": 0.0, "Total Cost": 1318044.5, "Plan Rows": 19350250, "Plan Width": 17}, {"Node Type": "Hash", "Parent Relationship": "Inner", "Parallel Aware": true, "Startup Cost": 50639.42, "Total Cost": 50639.42, "Plan Rows": 647, "Plan Width": 4, "Plans": [{"Node Type": "Seq Scan", "Parent Relationship": "Outer", "Parallel Aware": true, "Relation Name": "part", "Alias": "part", "Startup Cost": 0.0, "Total Cost": 50639.42, "Plan Rows": 647, "Plan Width": 4, "Filter": "((p_brand = 'Brand#15'::bpchar) AND (p_container = 'JUMBO BAG'::bpchar))"}]}]}]}, {"Node Type": "Hash", "Parent Relationship": "Inner", "Parallel Aware": false, "Startup Cost": 4790896.89, "Total Cost": 4790896.89, "Plan Rows": 1917787, "Plan Width": 36, "Plans": [{"Node Type": "Aggregate", "Strategy": "Sorted", "Partial Mode": "Finalize", "Parent Relationship": "Outer", "Parallel Aware": false, "Startup Cost": 3854682.88, "Total Cost": 4771719.02, "Plan Rows": 1917787, "Plan Width": 36, "Group Key": ["lineitem_1.l_partkey"], "Plans": [{"Node Type": "Gather Merge", "Parent Relationship": "Outer", "Parallel Aware": false, "Startup Cost": 3854682.88, "Total Cost": 4699802.01, "Plan Rows": 5753361, "Plan Width": 36, "Workers Planned": 3, "Plans": [{"Node Type": "Aggregate", "Strategy": "Sorted", "Partial Mode": "Partial", "Parent Relationship": "Outer", "Parallel Aware": false, "Startup Cost": 3853682.84, "Total Cost": 4022782.05, "Plan Rows": 1917787, "Plan Width": 36, "Group Key": ["lineitem_1.l_partkey"], "Plans": [{"Node Type": "Sort", "Parent Relationship": "Outer", "Parallel Aware": false, "Startup Cost": 3853682.84, "Total Cost": 3902058.46, "Plan Rows": 19350250, "Plan Width": 9, "Sort Key": ["lineitem_1.l_partkey"], "Plans": [{"Node Type": "Seq Scan", "Parent Relationship": "Outer", "Parallel Aware": true, "Relation Name": "lineitem", "Alias": "lineitem_1", "Startup Cost": 0.0, "Total Cost": 1318044.5, "Plan Rows": 19350250, "Plan Width": 9}]}]}]}]}]}]}]}]}}, {"Plan": {"Node Type": "Limit", "Parallel Aware": false, "Startup Cost": 4750089.38, "Total Cost": 4750089.39, "Plan Rows": 1, "Plan Width": 32, "Plans": [{"Node Type": "Aggregate", "Strategy": "Plain", "Partial Mode": "Finalize", "Parent Relationship": "Outer", "Parallel Aware": false, "Startup Cost": 4750089.38, "Total Cost": 4750089.39, "Plan Rows": 1, "Plan Width": 32, "Plans": [{"Node Type": "Gather", "Parent Relationship": "Outer", "Parallel Aware": false, "Startup Cost": 4750089.05, "Total Cost": 4750089.36, "Plan Rows": 3, "Plan Width": 32, "Workers Planned": 3, "Single Copy": false, "Plans": [{"Node Type": "Aggregate", "Strategy": "Plain", "Partial Mode": "Partial", "Parent Relationship": "Outer", "Parallel Aware": false, "Startup Cost": 4749089.05, "Total Cost": 4749089.06, "Plan Rows": 1, "Plan Width": 32, "Plans": [{"Node Type": "Hash Join", "Parent Relationship": "Outer", "Parallel Aware": false, "Join Type": "Inner", "Startup Cost": 2771443.06, "Total Cost": 4749073.55, "Plan Rows": 6200, "Plan Width": 8, "Inner Unique": true, "Hash Cond": "(part.p_partkey = lineitem_1.l_partkey)", "Join Filter": "(lineitem.l_quantity < ((0.2 * avg(lineitem_1.l_quantity))))", "Plans": [{"Node Type": "Hash Join", "Parent Relationship": "Outer", "Parallel Aware": true, "Join Type": "Inner", "Startup Cost": 66684.3, "Total Cost": 2029052.87, "Plan Rows": 19399, "Plan Width": 21, "Inner Unique": true, "Hash Cond": "(lineitem.l_partkey = part.p_partkey)", "Plans": [{"Node Type": "Index Scan", "Parent Relationship": "Outer", "Parallel Aware": true, "Scan Direction": "Forward", "Index Name": "idx_lineitem_part_supp", "Relation Name": "lineitem", "Alias": "lineitem", "Startup Cost": 0.56, "Total Cost": 1911574.61, "Plan Rows": 19350250, "Plan Width": 17}, {"Node Type": "Hash", "Parent Relationship": "Inner", "Parallel Aware": true, "Startup Cost": 66675.65, "Total Cost": 66675.65, "Plan Rows": 647, "Plan Width": 4, "Plans": [{"Node Type": "Index Scan", "Parent Relationship": "Outer", "Parallel Aware": true, "Scan Direction": "Forward", "Index Name": "part_pkey", "Relation Name": "part", "Alias": "part", "Startup Cost": 0.43, "Total Cost": 66675.65, "Plan Rows": 647, "Plan Width": 4, "Filter": "((p_brand = 'Brand#15'::bpchar) AND (p_container = 'JUMBO BAG'::bpchar))"}]}]}, {"Node Type": "Hash", "Parent Relationship": "Inner", "Parallel Aware": false, "Startup Cost": 2665803.43, "Total Cost": 2665803.43, "Plan Rows": 1917787, "Plan Width": 36, "Plans": [{"Node Type": "Aggregate", "Strategy": "Sorted", "Partial Mode": "Simple", "Parent Relationship": "Outer", "Parallel Aware": false, "Startup Cost": 0.56, "Total Cost": 2646625.56, "Plan Rows": 1917787, "Plan Width": 36, "Group Key": ["lineitem_1.l_partkey"], "Plans": [{"Node Type": "Index Scan", "Parent Relationship": "Outer", "Parallel Aware": false, "Scan Direction": "Forward", "Index Name": "idx_lineitem_part_supp", "Relation Name": "lineitem", "Alias": "lineitem_1", "Startup Cost": 0.56, "Total Cost": 2317929.87, "Plan Rows": 59985776, "Plan Width": 9}]}]}]}]}]}]}]}}, {"Plan": {"Node Type": "Limit", "Parallel Aware": false, "Startup Cost": 4718912.02, "Total Cost": 4718912.03, "Plan Rows": 1, "Plan Width": 32, "Plans": [{"Node Type": "Aggregate", "Strategy": "Plain", "Partial Mode": "Finalize", "Parent Relationship": "Outer", "Parallel Aware": false, "Startup Cost": 4718912.02, "Total Cost": 4718912.03, "Plan Rows": 1, "Plan Width": 32, "Plans": [{"Node Type": "Gather", "Parent Relationship": "Outer", "Parallel Aware": false, "Startup Cost": 4718911.69, "Total Cost": 4718912.0, "Plan Rows": 3, "Plan Width": 32, "Workers Planned": 3, "Single Copy": false, "Plans": [{"Node Type": "Aggregate", "Strategy": "Plain", "Partial Mode": "Partial", "Parent Relationship": "Outer", "Parallel Aware": false, "Startup Cost": 4717911.69, "Total Cost": 4717911.7, "Plan Rows": 1, "Plan Width": 32, "Plans": [{"Node Type": "Merge Join", "Parent Relationship": "Outer", "Parallel Aware": false, "Join Type": "Inner", "Startup Cost": 19.18, "Total Cost": 4717896.19, "Plan Rows": 6200, "Plan Width": 8, "Inner Unique": false, "Merge Cond": "(lineitem.l_partkey = part.p_partkey)", "Join Filter": "(lineitem.l_quantity < ((0.2 * avg(lineitem_1.l_quantity))))", "Plans": [{"Node Type": "Index Scan", "Parent Relationship": "Outer", "Parallel Aware": true, "Scan Direction": "Forward", "Index Name": "idx_lineitem_part_supp", "Relation Name": "lineitem", "Alias": "lineitem", "Startup Cost": 0.56, "Total Cost": 1911574.61, "Plan Rows": 19350250, "Plan Width": 17}, {"Node Type": "Materialize", "Parent Relationship": "Inner", "Parallel Aware": false, "Startup Cost": 0.99, "Total Cost": 2757625.17, "Plan Rows": 1923, "Plan Width": 40, "Plans": [{"Node Type": "Merge Join", "Parent Relationship": "Outer", "Parallel Aware": false, "Join Type": "Inner", "Startup Cost": 0.99, "Total Cost": 2757620.36, "Plan Rows": 1923, "Plan Width": 40, "Inner Unique": true, "Merge Cond": "(part.p_partkey = lineitem_1.l_partkey)", "Plans": [{"Node Type": "Index Scan", "Parent Relationship": "Outer", "Parallel Aware": false, "Scan Direction": "Forward", "Index Name": "part_pkey", "Relation Name": "part", "Alias": "part", "Startup Cost": 0.43, "Total Cost": 86998.23, "Plan Rows": 2005, "Plan Width": 4, "Filter": "((p_brand = 'Brand#15'::bpchar) AND (p_container = 'JUMBO BAG'::bpchar))"}, {"Node Type": "Aggregate", "Strategy": "Sorted", "Partial Mode": "Simple", "Parent Relationship": "Inner", "Parallel Aware": false, "Startup Cost": 0.56, "Total Cost": 2646625.56, "Plan Rows": 1917787, "Plan Width": 36, "Group Key": ["lineitem_1.l_partkey"], "Plans": [{"Node Type": "Index Scan", "Parent Relationship": "Outer", "Parallel Aware": false, "Scan Direction": "Forward", "Index Name": "idx_lineitem_part_supp", "Relation Name": "lineitem", "Alias": "lineitem_1", "Startup Cost": 0.56, "Total Cost": 2317929.87, "Plan Rows": 59985776, "Plan Width": 9}]}]}]}]}]}]}]}]}}, {"Plan": {"Node Type": "Limit", "Parallel Aware": false, "Startup Cost": 2761609.55, "Total Cost": 2761609.56, "Plan Rows": 1, "Plan Width": 32, "Plans": [{"Node Type": "Aggregate", "Strategy": "Plain", "Partial Mode": "Simple", "Parent Relationship": "Outer", "Parallel Aware": false, "Startup Cost": 2761609.55, "Total Cost": 2761609.56, "Plan Rows": 1, "Plan Width": 32, "Plans": [{"Node Type": "Nested Loop", "Parent Relationship": "Outer", "Parallel Aware": false, "Join Type": "Inner", "Startup Cost": 1.56, "Total Cost": 2761561.49, "Plan Rows": 19221, "Plan Width": 8, "Inner Unique": false, "Join Filter": "(part.p_partkey = lineitem.l_partkey)", "Plans": [{"Node Type": "Merge Join", "Parent Relationship": "Outer", "Parallel Aware": false, "Join Type": "Inner", "Startup Cost": 0.99, "Total Cost": 2757620.36, "Plan Rows": 1923, "Plan Width": 40, "Inner Unique": true, "Merge Cond": "(part.p_partkey = lineitem_1.l_partkey)", "Plans": [{"Node Type": "Index Scan", "Parent Relationship": "Outer", "Parallel Aware": false, "Scan Direction": "Forward", "Index Name": "part_pkey", "Relation Name": "part", "Alias": "part", "Startup Cost": 0.43, "Total Cost": 86998.23, "Plan Rows": 2005, "Plan Width": 4, "Filter": "((p_brand = 'Brand#15'::bpchar) AND (p_container = 'JUMBO BAG'::bpchar))"}, {"Node Type": "Aggregate", "Strategy": "Sorted", "Partial Mode": "Simple", "Parent Relationship": "Inner", "Parallel Aware": false, "Startup Cost": 0.56, "Total Cost": 2646625.56, "Plan Rows": 1917787, "Plan Width": 36, "Group Key": ["lineitem_1.l_partkey"], "Plans": [{"Node Type": "Index Scan", "Parent Relationship": "Outer", "Parallel Aware": false, "Scan Direction": "Forward", "Index Name": "idx_lineitem_part_supp", "Relation Name": "lineitem", "Alias": "lineitem_1", "Startup Cost": 0.56, "Total Cost": 2317929.87, "Plan Rows": 59985776, "Plan Width": 9}]}]}, {"Node Type": "Index Scan", "Parent Relationship": "Inner", "Parallel Aware": false, "Scan Direction": "Forward", "Index Name": "idx_lineitem_part_supp", "Relation Name": "lineitem", "Alias": "lineitem", "Startup Cost": 0.56, "Total Cost": 1.92, "Plan Rows": 10, "Plan Width": 17, "Index Cond": "(l_partkey = lineitem_1.l_partkey)", "Filter": "(l_quantity < ((0.2 * avg(lineitem_1.l_quantity))))"}]}]}]}}, {"Plan": {"Node Type": "Limit", "Parallel Aware": false, "Startup Cost": 2723563.46, "Total Cost": 2723563.47, "Plan Rows": 1, "Plan Width": 32, "Plans": [{"Node Type": "Aggregate", "Strategy": "Plain", "Partial Mode": "Finalize", "Parent Relationship": "Outer", "Parallel Aware": false, "Startup Cost": 2723563.46, "Total Cost": 2723563.47, "Plan Rows": 1, "Plan Width": 32, "Plans": [{"Node Type": "Gather", "Parent Relationship": "Outer", "Parallel Aware": false, "Startup Cost": 2723563.13, "Total Cost": 2723563.44, "Plan Rows": 3, "Plan Width": 32, "Workers Planned": 3, "Single Copy": false, "Plans": [{"Node Type": "Aggregate", "Strategy": "Plain", "Partial Mode": "Partial", "Parent Relationship": "Outer", "Parallel Aware": false, "Startup Cost": 2722563.13, "Total Cost": 2722563.14, "Plan Rows": 1, "Plan Width": 32, "Plans": [{"Node Type": "Nested Loop", "Parent Relationship": "Outer", "Parallel Aware": false, "Join Type": "Inner", "Startup Cost": 50670.76, "Total Cost": 2722547.63, "Plan Rows": 6200, "Plan Width": 8, "Inner Unique": false, "Join Filter": "(part.p_partkey = lineitem.l_partkey)", "Plans": [{"Node Type": "Merge Join", "Parent Relationship": "Outer", "Parallel Aware": false, "Join Type": "Inner", "Startup Cost": 50670.19, "Total Cost": 2721276.96, "Plan Rows": 620, "Plan Width": 40, "Inner Unique": true, "Merge Cond": "(part.p_partkey = lineitem_1.l_partkey)", "Plans": [{"Node Type": "Sort", "Parent Relationship": "Outer", "Parallel Aware": false, "Startup Cost": 50669.63, "Total Cost": 50671.24, "Plan Rows": 647, "Plan Width": 4, "Sort Key": ["part.p_partkey"], "Plans": [{"Node Type": "Seq Scan", "Parent Relationship": "Outer", "Parallel Aware": true, "Relation Name": "part", "Alias": "part", "Startup Cost": 0.0, "Total Cost": 50639.42, "Plan Rows": 647, "Plan Width": 4, "Filter": "((p_brand = 'Brand#15'::bpchar) AND (p_container = 'JUMBO BAG'::bpchar))"}]}, {"Node Type": "Aggregate", "Strategy": "Sorted", "Partial Mode": "Simple", "Parent Relationship": "Inner", "Parallel Aware": false, "Startup Cost": 0.56, "Total Cost": 2646625.56, "Plan Rows": 1917787, "Plan Width": 36, "Group Key": ["lineitem_1.l_partkey"], "Plans": [{"Node Type": "Index Scan", "Parent Relationship": "Outer", "Parallel Aware": false, "Scan Direction": "Forward", "Index Name": "idx_lineitem_part_supp", "Relation Name": "lineitem", "Alias": "lineitem_1", "Startup Cost": 0.56, "Total Cost": 2317929.87, "Plan Rows": 59985776, "Plan Width": 9}]}]}, {"Node Type": "Index Scan", "Parent Relationship": "Inner", "Parallel Aware": false, "Scan Direction": "Forward", "Index Name": "idx_lineitem_part_supp", "Relation Name": "lineitem", "Alias": "lineitem", "Startup Cost": 0.56, "Total Cost": 1.92, "Plan Rows": 10, "Plan Width": 17, "Index Cond": "(l_partkey = lineitem_1.l_partkey)", "Filter": "(l_quantity < ((0.2 * avg(lineitem_1.l_quantity))))"}]}]}]}]}]}}, {"Plan": {"Node Type": "Limit", "Parallel Aware": false, "Startup Cost": 4097605.81, "Total Cost": 4097605.82, "Plan Rows": 1, "Plan Width": 32, "Plans": [{"Node Type": "Aggregate", "Strategy": "Plain", "Partial Mode": "Finalize", "Parent Relationship": "Outer", "Parallel Aware": false, "Startup Cost": 4097605.81, "Total Cost": 4097605.82, "Plan Rows": 1, "Plan Width": 32, "Plans": [{"Node Type": "Gather", "Parent Relationship": "Outer", "Parallel Aware": false, "Startup Cost": 4097605.48, "Total Cost": 4097605.79, "Plan Rows": 3, "Plan Width": 32, "Workers Planned": 3, "Single Copy": false, "Plans": [{"Node Type": "Aggregate", "Strategy": "Plain", "Partial Mode": "Partial", "Parent Relationship": "Outer", "Parallel Aware": false, "Startup Cost": 4096605.48, "Total Cost": 4096605.49, "Plan Rows": 1, "Plan Width": 32, "Plans": [{"Node Type": "Merge Join", "Parent Relationship": "Outer", "Parallel Aware": false, "Join Type": "Inner", "Startup Cost": 1420868.66, "Total Cost": 4096589.98, "Plan Rows": 6200, "Plan Width": 8, "Inner Unique": true, "Merge Cond": "(part.p_partkey = lineitem_1.l_partkey)", "Join Filter": "(lineitem.l_quantity < ((0.2 * avg(lineitem_1.l_quantity))))", "Plans": [{"Node Type": "Sort", "Parent Relationship": "Outer", "Parallel Aware": false, "Startup Cost": 1420868.09, "Total Cost": 1420916.59, "Plan Rows": 19399, "Plan Width": 21, "Sort Key": ["lineitem.l_partkey"], "Plans": [{"Node Type": "Hash Join", "Parent Relationship": "Outer", "Parallel Aware": true, "Join Type": "Inner", "Startup Cost": 50647.51, "Total Cost": 1419486.53, "Plan Rows": 19399, "Plan Width": 21, "Inner Unique": true, "Hash Cond": "(lineitem.l_partkey = part.p_partkey)", "Plans": [{"Node Type": "Seq Scan", "Parent Relationship": "Outer", "Parallel Aware": true, "Relation Name": "lineitem", "Alias": "lineitem", "Startup Cost": 0.0, "Total Cost": 1318044.5, "Plan Rows": 19350250, "Plan Width": 17}, {"Node Type": "Hash", "Parent Relationship": "Inner", "Parallel Aware": true, "Startup Cost": 50639.42, "Total Cost": 50639.42, "Plan Rows": 647, "Plan Width": 4, "Plans": [{"Node Type": "Seq Scan", "Parent Relationship": "Outer", "Parallel Aware": true, "Relation Name": "part", "Alias": "part", "Startup Cost": 0.0, "Total Cost": 50639.42, "Plan Rows": 647, "Plan Width": 4, "Filter": "((p_brand = 'Brand#15'::bpchar) AND (p_container = 'JUMBO BAG'::bpchar))"}]}]}]}, {"Node Type": "Materialize", "Parent Relationship": "Inner", "Parallel Aware": false, "Startup Cost": 0.56, "Total Cost": 2670597.89, "Plan Rows": 1917787, "Plan Width": 36, "Plans": [{"Node Type": "Aggregate", "Strategy": "Sorted", "Partial Mode": "Simple", "Parent Relationship": "Outer", "Parallel Aware": false, "Startup Cost": 0.56, "Total Cost": 2646625.56, "Plan Rows": 1917787, "Plan Width": 36, "Group Key": ["lineitem_1.l_partkey"], "Plans": [{"Node Type": "Index Scan", "Parent Relationship": "Outer", "Parallel Aware": false, "Scan Direction": "Forward", "Index Name": "idx_lineitem_part_supp", "Relation Name": "lineitem", "Alias": "lineitem_1", "Startup Cost": 0.56, "Total Cost": 2317929.87, "Plan Rows": 59985776, "Plan Width": 9}]}]}]}]}]}]}]}}, {"Plan": {"Node Type": "Limit", "Parallel Aware": false, "Startup Cost": 2742763.15, "Total Cost": 2742763.16, "Plan Rows": 1, "Plan Width": 32, "Plans": [{"Node Type": "Aggregate", "Strategy": "Plain", "Partial Mode": "Simple", "Parent Relationship": "Outer", "Parallel Aware": false, "Startup Cost": 2742763.15, "Total Cost": 2742763.16, "Plan Rows": 1, "Plan Width": 32, "Plans": [{"Node Type": "Nested Loop", "Parent Relationship": "Outer", "Parallel Aware": false, "Join Type": "Inner", "Startup Cost": 67937.47, "Total Cost": 2742715.09, "Plan Rows": 19221, "Plan Width": 8, "Inner Unique": false, "Join Filter": "(part.p_partkey = lineitem.l_partkey)", "Plans": [{"Node Type": "Hash Join", "Parent Relationship": "Outer", "Parallel Aware": false, "Join Type": "Inner", "Startup Cost": 67936.9, "Total Cost": 2738773.96, "Plan Rows": 1923, "Plan Width": 40, "Inner Unique": true, "Hash Cond": "(lineitem_1.l_partkey = part.p_partkey)", "Plans": [{"Node Type": "Aggregate", "Strategy": "Sorted", "Partial Mode": "Simple", "Parent Relationship": "Outer", "Parallel Aware": false, "Startup Cost": 0.56, "Total Cost": 2646625.56, "Plan Rows": 1917787, "Plan Width": 36, "Group Key": ["lineitem_1.l_partkey"], "Plans": [{"Node Type": "Index Scan", "Parent Relationship": "Outer", "Parallel Aware": false, "Scan Direction": "Forward", "Index Name": "idx_lineitem_part_supp", "Relation Name": "lineitem", "Alias": "lineitem_1", "Startup Cost": 0.56, "Total Cost": 2317929.87, "Plan Rows": 59985776, "Plan Width": 9}]}, {"Node Type": "Hash", "Parent Relationship": "Inner", "Parallel Aware": false, "Startup Cost": 67911.27, "Total Cost": 67911.27, "Plan Rows": 2005, "Plan Width": 4, "Plans": [{"Node Type": "Gather Merge", "Parent Relationship": "Outer", "Parallel Aware": false, "Startup Cost": 1000.47, "Total Cost": 67911.27, "Plan Rows": 2005, "Plan Width": 4, "Workers Planned": 3, "Plans": [{"Node Type": "Index Scan", "Parent Relationship": "Outer", "Parallel Aware": true, "Scan Direction": "Forward", "Index Name": "part_pkey", "Relation Name": "part", "Alias": "part", "Startup Cost": 0.43, "Total Cost": 66675.65, "Plan Rows": 647, "Plan Width": 4, "Filter": "((p_brand = 'Brand#15'::bpchar) AND (p_container = 'JUMBO BAG'::bpchar))"}]}]}]}, {"Node Type": "Index Scan", "Parent Relationship": "Inner", "Parallel Aware": false, "Scan Direction": "Forward", "Index Name": "idx_lineitem_part_supp", "Relation Name": "lineitem", "Alias": "lineitem", "Startup Cost": 0.56, "Total Cost": 1.92, "Plan Rows": 10, "Plan Width": 17, "Index Cond": "(l_partkey = lineitem_1.l_partkey)", "Filter": "(l_quantity < ((0.2 * avg(lineitem_1.l_quantity))))"}]}]}]}}, {"Plan": {"Node Type": "Limit", "Parallel Aware": false, "Startup Cost": 2726691.79, "Total Cost": 2726691.81, "Plan Rows": 1, "Plan Width": 32, "Plans": [{"Node Type": "Aggregate", "Strategy": "Plain", "Partial Mode": "Simple", "Parent Relationship": "Outer", "Parallel Aware": false, "Startup Cost": 2726691.79, "Total Cost": 2726691.81, "Plan Rows": 1, "Plan Width": 32, "Plans": [{"Node Type": "Nested Loop", "Parent Relationship": "Outer", "Parallel Aware": false, "Join Type": "Inner", "Startup Cost": 51866.11, "Total Cost": 2726643.74, "Plan Rows": 19221, "Plan Width": 8, "Inner Unique": false, "Join Filter": "(part.p_partkey = lineitem.l_partkey)", "Plans": [{"Node Type": "Hash Join", "Parent Relationship": "Outer", "Parallel Aware": false, "Join Type": "Inner", "Startup Cost": 51865.55, "Total Cost": 2722702.61, "Plan Rows": 1923, "Plan Width": 40, "Inner Unique": true, "Hash Cond": "(lineitem_1.l_partkey = part.p_partkey)", "Plans": [{"Node Type": "Aggregate", "Strategy": "Sorted", "Partial Mode": "Simple", "Parent Relationship": "Outer", "Parallel Aware": false, "Startup Cost": 0.56, "Total Cost": 2646625.56, "Plan Rows": 1917787, "Plan Width": 36, "Group Key": ["lineitem_1.l_partkey"], "Plans": [{"Node Type": "Index Scan", "Parent Relationship": "Outer", "Parallel Aware": false, "Scan Direction": "Forward", "Index Name": "idx_lineitem_part_supp", "Relation Name": "lineitem", "Alias": "lineitem_1", "Startup Cost": 0.56, "Total Cost": 2317929.87, "Plan Rows": 59985776, "Plan Width": 9}]}, {"Node Type": "Hash", "Parent Relationship": "Inner", "Parallel Aware": false, "Startup Cost": 51839.92, "Total Cost": 51839.92, "Plan Rows": 2005, "Plan Width": 4, "Plans": [{"Node Type": "Gather", "Parent Relationship": "Outer", "Parallel Aware": false, "Startup Cost": 1000.0, "Total Cost": 51839.92, "Plan Rows": 2005, "Plan Width": 4, "Workers Planned": 3, "Single Copy": false, "Plans": [{"Node Type": "Seq Scan", "Parent Relationship": "Outer", "Parallel Aware": true, "Relation Name": "part", "Alias": "part", "Startup Cost": 0.0, "Total Cost": 50639.42, "Plan Rows": 647, "Plan Width": 4, "Filter": "((p_brand = 'Brand#15'::bpchar) AND (p_container = 'JUMBO BAG'::bpchar))"}]}]}]}, {"Node Type": "Index Scan", "Parent Relationship": "Inner", "Parallel Aware": false, "Scan Direction": "Forward", "Index Name": "idx_lineitem_part_supp", "Relation Name": "lineitem", "Alias": "lineitem", "Startup Cost": 0.56, "Total Cost": 1.92, "Plan Rows": 10, "Plan Width": 17, "Index Cond": "(l_partkey = lineitem_1.l_partkey)", "Filter": "(l_quantity < ((0.2 * avg(lineitem_1.l_quantity))))"}]}]}]}}, {"Plan": {"Node Type": "Limit", "Parallel Aware": false, "Startup Cost": 4140523.04, "Total Cost": 4140523.06, "Plan Rows": 1, "Plan Width": 32, "Plans": [{"Node Type": "Aggregate", "Strategy": "Plain", "Partial Mode": "Finalize", "Parent Relationship": "Outer", "Parallel Aware": false, "Startup Cost": 4140523.04, "Total Cost": 4140523.06, "Plan Rows": 1, "Plan Width": 32, "Plans": [{"Node Type": "Gather", "Parent Relationship": "Outer", "Parallel Aware": false, "Startup Cost": 4140522.72, "Total Cost": 4140523.03, "Plan Rows": 3, "Plan Width": 32, "Workers Planned": 3, "Single Copy": false, "Plans": [{"Node Type": "Aggregate", "Strategy": "Plain", "Partial Mode": "Partial", "Parent Relationship": "Outer", "Parallel Aware": false, "Startup Cost": 4139522.72, "Total Cost": 4139522.73, "Plan Rows": 1, "Plan Width": 32, "Plans": [{"Node Type": "Hash Join", "Parent Relationship": "Outer", "Parallel Aware": false, "Join Type": "Inner", "Startup Cost": 2755406.27, "Total Cost": 4139507.21, "Plan Rows": 6200, "Plan Width": 8, "Inner Unique": true, "Hash Cond": "(part.p_partkey = lineitem_1.l_partkey)", "Join Filter": "(lineitem.l_quantity < ((0.2 * avg(lineitem_1.l_quantity))))", "Plans": [{"Node Type": "Hash Join", "Parent Relationship": "Outer", "Parallel Aware": true, "Join Type": "Inner", "Startup Cost": 50647.51, "Total Cost": 1419486.53, "Plan Rows": 19399, "Plan Width": 21, "Inner Unique": true, "Hash Cond": "(lineitem.l_partkey = part.p_partkey)", "Plans": [{"Node Type": "Seq Scan", "Parent Relationship": "Outer", "Parallel Aware": true, "Relation Name": "lineitem", "Alias": "lineitem", "Startup Cost": 0.0, "Total Cost": 1318044.5, "Plan Rows": 19350250, "Plan Width": 17}, {"Node Type": "Hash", "Parent Relationship": "Inner", "Parallel Aware": true, "Startup Cost": 50639.42, "Total Cost": 50639.42, "Plan Rows": 647, "Plan Width": 4, "Plans": [{"Node Type": "Seq Scan", "Parent Relationship": "Outer", "Parallel Aware": true, "Relation Name": "part", "Alias": "part", "Startup Cost": 0.0, "Total Cost": 50639.42, "Plan Rows": 647, "Plan Width": 4, "Filter": "((p_brand = 'Brand#15'::bpchar) AND (p_container = 'JUMBO BAG'::bpchar))"}]}]}, {"Node Type": "Hash", "Parent Relationship": "Inner", "Parallel Aware": false, "Startup Cost": 2665803.43, "Total Cost": 2665803.43, "Plan Rows": 1917787, "Plan Width": 36, "Plans": [{"Node Type": "Aggregate", "Strategy": "Sorted", "Partial Mode": "Simple", "Parent Relationship": "Outer", "Parallel Aware": false, "Startup Cost": 0.56, "Total Cost": 2646625.56, "Plan Rows": 1917787, "Plan Width": 36, "Group Key": ["lineitem_1.l_partkey"], "Plans": [{"Node Type": "Index Scan", "Parent Relationship": "Outer", "Parallel Aware": false, "Scan Direction": "Forward", "Index Name": "idx_lineitem_part_supp", "Relation Name": "lineitem", "Alias": "lineitem_1", "Startup Cost": 0.56, "Total Cost": 2317929.87, "Plan Rows": 59985776, "Plan Width": 9}]}]}]}]}]}]}]}}, {"Plan": {"Node Type": "Limit", "Parallel Aware": false, "Startup Cost": 4852688.47, "Total Cost": 4852688.48, "Plan Rows": 1, "Plan Width": 32, "Plans": [{"Node Type": "Aggregate", "Strategy": "Plain", "Partial Mode": "Simple", "Parent Relationship": "Outer", "Parallel Aware": false, "Startup Cost": 4852688.47, "Total Cost": 4852688.48, "Plan Rows": 1, "Plan Width": 32, "Plans": [{"Node Type": "Nested Loop", "Parent Relationship": "Outer", "Parallel Aware": false, "Join Type": "Inner", "Startup Cost": 3906633.66, "Total Cost": 4852640.41, "Plan Rows": 19221, "Plan Width": 8, "Inner Unique": false, "Join Filter": "(part.p_partkey = lineitem.l_partkey)", "Plans": [{"Node Type": "Merge Join", "Parent Relationship": "Outer", "Parallel Aware": false, "Join Type": "Inner", "Startup Cost": 3906632.77, "Total Cost": 4847670.5, "Plan Rows": 1923, "Plan Width": 40, "Inner Unique": true, "Merge Cond": "(part.p_partkey = lineitem_1.l_partkey)", "Plans": [{"Node Type": "Sort", "Parent Relationship": "Outer", "Parallel Aware": false, "Startup Cost": 51949.89, "Total Cost": 51954.9, "Plan Rows": 2005, "Plan Width": 4, "Sort Key": ["part.p_partkey"], "Plans": [{"Node Type": "Gather", "Parent Relationship": "Outer", "Parallel Aware": false, "Startup Cost": 1000.0, "Total Cost": 51839.92, "Plan Rows": 2005, "Plan Width": 4, "Workers Planned": 3, "Single Copy": false, "Plans": [{"Node Type": "Seq Scan", "Parent Relationship": "Outer", "Parallel Aware": true, "Relation Name": "part", "Alias": "part", "Startup Cost": 0.0, "Total Cost": 50639.42, "Plan Rows": 647, "Plan Width": 4, "Filter": "((p_brand = 'Brand#15'::bpchar) AND (p_container = 'JUMBO BAG'::bpchar))"}]}]}, {"Node Type": "Aggregate", "Strategy": "Sorted", "Partial Mode": "Finalize", "Parent Relationship": "Inner", "Parallel Aware": false, "Startup Cost": 3854682.88, "Total Cost": 4771719.02, "Plan Rows": 1917787, "Plan Width": 36, "Group Key": ["lineitem_1.l_partkey"], "Plans": [{"Node Type": "Gather Merge", "Parent Relationship": "Outer", "Parallel Aware": false, "Startup Cost": 3854682.88, "Total Cost": 4699802.01, "Plan Rows": 5753361, "Plan Width": 36, "Workers Planned": 3, "Plans": [{"Node Type": "Aggregate", "Strategy": "Sorted", "Partial Mode": "Partial", "Parent Relationship": "Outer", "Parallel Aware": false, "Startup Cost": 3853682.84, "Total Cost": 4022782.05, "Plan Rows": 1917787, "Plan Width": 36, "Group Key": ["lineitem_1.l_partkey"], "Plans": [{"Node Type": "Sort", "Parent Relationship": "Outer", "Parallel Aware": false, "Startup Cost": 3853682.84, "Total Cost": 3902058.46, "Plan Rows": 19350250, "Plan Width": 9, "Sort Key": ["lineitem_1.l_partkey"], "Plans": [{"Node Type": "Seq Scan", "Parent Relationship": "Outer", "Parallel Aware": true, "Relation Name": "lineitem", "Alias": "lineitem_1", "Startup Cost": 0.0, "Total Cost": 1318044.5, "Plan Rows": 19350250, "Plan Width": 9}]}]}]}]}]}, {"Node Type": "Bitmap Heap Scan", "Parent Relationship": "Inner", "Parallel Aware": false, "Relation Name": "lineitem", "Alias": "lineitem", "Startup Cost": 0.89, "Total Cost": 2.46, "Plan Rows": 10, "Plan Width": 17, "Recheck Cond": "(l_partkey = lineitem_1.l_partkey)", "Filter": "(l_quantity < ((0.2 * avg(lineitem_1.l_quantity))))", "Plans": [{"Node Type": "Bitmap Index Scan", "Parent Relationship": "Outer", "Parallel Aware": false, "Index Name": "idx_lineitem_part_supp", "Startup Cost": 0.0, "Total Cost": 0.89, "Plan Rows": 31, "Plan Width": 0, "Index Cond": "(l_partkey = lineitem_1.l_partkey)"}]}]}]}]}}, {"Plan": {"Node Type": "Limit", "Parallel Aware": false, "Startup Cost": 6272247.27, "Total Cost": 6272247.28, "Plan Rows": 1, "Plan Width": 32, "Plans": [{"Node Type": "Aggregate", "Strategy": "Plain", "Partial Mode": "Simple", "Parent Relationship": "Outer", "Parallel Aware": false, "Startup Cost": 6272247.27, "Total Cost": 6272247.28, "Plan Rows": 1, "Plan Width": 32, "Plans": [{"Node Type": "Hash Join", "Parent Relationship": "Outer", "Parallel Aware": false, "Join Type": "Inner", "Startup Cost": 4881499.74, "Total Cost": 6272199.21, "Plan Rows": 19221, "Plan Width": 8, "Inner Unique": true, "Hash Cond": "(part.p_partkey = lineitem_1.l_partkey)", "Join Filter": "(lineitem.l_quantity < ((0.2 * avg(lineitem_1.l_quantity))))", "Plans": [{"Node Type": "Gather", "Parent Relationship": "Outer", "Parallel Aware": false, "Startup Cost": 51647.51, "Total Cost": 1426500.13, "Plan Rows": 60136, "Plan Width": 21, "Workers Planned": 3, "Single Copy": false, "Plans": [{"Node Type": "Hash Join", "Parent Relationship": "Outer", "Parallel Aware": true, "Join Type": "Inner", "Startup Cost": 50647.51, "Total Cost": 1419486.53, "Plan Rows": 19399, "Plan Width": 21, "Inner Unique": true, "Hash Cond": "(lineitem.l_partkey = part.p_partkey)", "Plans": [{"Node Type": "Seq Scan", "Parent Relationship": "Outer", "Parallel Aware": true, "Relation Name": "lineitem", "Alias": "lineitem", "Startup Cost": 0.0, "Total Cost": 1318044.5, "Plan Rows": 19350250, "Plan Width": 17}, {"Node Type": "Hash", "Parent Relationship": "Inner", "Parallel Aware": true, "Startup Cost": 50639.42, "Total Cost": 50639.42, "Plan Rows": 647, "Plan Width": 4, "Plans": [{"Node Type": "Seq Scan", "Parent Relationship": "Outer", "Parallel Aware": true, "Relation Name": "part", "Alias": "part", "Startup Cost": 0.0, "Total Cost": 50639.42, "Plan Rows": 647, "Plan Width": 4, "Filter": "((p_brand = 'Brand#15'::bpchar) AND (p_container = 'JUMBO BAG'::bpchar))"}]}]}]}, {"Node Type": "Hash", "Parent Relationship": "Inner", "Parallel Aware": false, "Startup Cost": 4790896.89, "Total Cost": 4790896.89, "Plan Rows": 1917787, "Plan Width": 36, "Plans": [{"Node Type": "Aggregate", "Strategy": "Sorted", "Partial Mode": "Finalize", "Parent Relationship": "Outer", "Parallel Aware": false, "Startup Cost": 3854682.88, "Total Cost": 4771719.02, "Plan Rows": 1917787, "Plan Width": 36, "Group Key": ["lineitem_1.l_partkey"], "Plans": [{"Node Type": "Gather Merge", "Parent Relationship": "Outer", "Parallel Aware": false, "Startup Cost": 3854682.88, "Total Cost": 4699802.01, "Plan Rows": 5753361, "Plan Width": 36, "Workers Planned": 3, "Plans": [{"Node Type": "Aggregate", "Strategy": "Sorted", "Partial Mode": "Partial", "Parent Relationship": "Outer", "Parallel Aware": false, "Startup Cost": 3853682.84, "Total Cost": 4022782.05, "Plan Rows": 1917787, "Plan Width": 36, "Group Key": ["lineitem_1.l_partkey"], "Plans": [{"Node Type": "Sort", "Parent Relationship": "Outer", "Parallel Aware": false, "Startup Cost": 3853682.84, "Total Cost": 3902058.46, "Plan Rows": 19350250, "Plan Width": 9, "Sort Key": ["lineitem_1.l_partkey"], "Plans": [{"Node Type": "Seq Scan", "Parent Relationship": "Outer", "Parallel Aware": true, "Relation Name": "lineitem", "Alias": "lineitem_1", "Startup Cost": 0.0, "Total Cost": 1318044.5, "Plan Rows": 19350250, "Plan Width": 9}]}]}]}]}]}]}]}]}}, {"Plan": {"Node Type": "Limit", "Parallel Aware": false, "Startup Cost": 4852814.04, "Total Cost": 4852814.05, "Plan Rows": 1, "Plan Width": 32, "Plans": [{"Node Type": "Aggregate", "Strategy": "Plain", "Partial Mode": "Simple", "Parent Relationship": "Outer", "Parallel Aware": false, "Startup Cost": 4852814.04, "Total Cost": 4852814.05, "Plan Rows": 1, "Plan Width": 32, "Plans": [{"Node Type": "Nested Loop", "Parent Relationship": "Outer", "Parallel Aware": false, "Join Type": "Inner", "Startup Cost": 3906548.76, "Total Cost": 4852765.98, "Plan Rows": 19221, "Plan Width": 8, "Inner Unique": false, "Join Filter": "(part.p_partkey = lineitem.l_partkey)", "Plans": [{"Node Type": "Hash Join", "Parent Relationship": "Outer", "Parallel Aware": false, "Join Type": "Inner", "Startup Cost": 3906547.86, "Total Cost": 4847796.08, "Plan Rows": 1923, "Plan Width": 40, "Inner Unique": true, "Hash Cond": "(lineitem_1.l_partkey = part.p_partkey)", "Plans": [{"Node Type": "Aggregate", "Strategy": "Sorted", "Partial Mode": "Finalize", "Parent Relationship": "Outer", "Parallel Aware": false, "Startup Cost": 3854682.88, "Total Cost": 4771719.02, "Plan Rows": 1917787, "Plan Width": 36, "Group Key": ["lineitem_1.l_partkey"], "Plans": [{"Node Type": "Gather Merge", "Parent Relationship": "Outer", "Parallel Aware": false, "Startup Cost": 3854682.88, "Total Cost": 4699802.01, "Plan Rows": 5753361, "Plan Width": 36, "Workers Planned": 3, "Plans": [{"Node Type": "Aggregate", "Strategy": "Sorted", "Partial Mode": "Partial", "Parent Relationship": "Outer", "Parallel Aware": false, "Startup Cost": 3853682.84, "Total Cost": 4022782.05, "Plan Rows": 1917787, "Plan Width": 36, "Group Key": ["lineitem_1.l_partkey"], "Plans": [{"Node Type": "Sort", "Parent Relationship": "Outer", "Parallel Aware": false, "Startup Cost": 3853682.84, "Total Cost": 3902058.46, "Plan Rows": 19350250, "Plan Width": 9, "Sort Key": ["lineitem_1.l_partkey"], "Plans": [{"Node Type": "Seq Scan", "Parent Relationship": "Outer", "Parallel Aware": true, "Relation Name": "lineitem", "Alias": "lineitem_1", "Startup Cost": 0.0, "Total Cost": 1318044.5, "Plan Rows": 19350250, "Plan Width": 9}]}]}]}]}, {"Node Type": "Hash", "Parent Relationship": "Inner", "Parallel Aware": false, "Startup Cost": 51839.92, "Total Cost": 51839.92, "Plan Rows": 2005, "Plan Width": 4, "Plans": [{"Node Type": "Gather", "Parent Relationship": "Outer", "Parallel Aware": false, "Startup Cost": 1000.0, "Total Cost": 51839.92, "Plan Rows": 2005, "Plan Width": 4, "Workers Planned": 3, "Single Copy": false, "Plans": [{"Node Type": "Seq Scan", "Parent Relationship": "Outer", "Parallel Aware": true, "Relation Name": "part", "Alias": "part", "Startup Cost": 0.0, "Total Cost": 50639.42, "Plan Rows": 647, "Plan Width": 4, "Filter": "((p_brand = 'Brand#15'::bpchar) AND (p_container = 'JUMBO BAG'::bpchar))"}]}]}]}, {"Node Type": "Bitmap Heap Scan", "Parent Relationship": "Inner", "Parallel Aware": false, "Relation Name": "lineitem", "Alias": "lineitem", "Startup Cost": 0.89, "Total Cost": 2.46, "Plan Rows": 10, "Plan Width": 17, "Recheck Cond": "(l_partkey = lineitem_1.l_partkey)", "Filter": "(l_quantity < ((0.2 * avg(lineitem_1.l_quantity))))", "Plans": [{"Node Type": "Bitmap Index Scan", "Parent Relationship": "Outer", "Parallel Aware": false, "Index Name": "idx_lineitem_part_supp", "Startup Cost": 0.0, "Total Cost": 0.89, "Plan Rows": 31, "Plan Width": 0, "Index Cond": "(l_partkey = lineitem_1.l_partkey)"}]}]}]}]}}, {"Plan": {"Node Type": "Limit", "Parallel Aware": false, "Startup Cost": 6272247.27, "Total Cost": 6272247.28, "Plan Rows": 1, "Plan Width": 32, "Plans": [{"Node Type": "Aggregate", "Strategy": "Plain", "Partial Mode": "Simple", "Parent Relationship": "Outer", "Parallel Aware": false, "Startup Cost": 6272247.27, "Total Cost": 6272247.28, "Plan Rows": 1, "Plan Width": 32, "Plans": [{"Node Type": "Hash Join", "Parent Relationship": "Outer", "Parallel Aware": false, "Join Type": "Inner", "Startup Cost": 4881499.74, "Total Cost": 6272199.21, "Plan Rows": 19221, "Plan Width": 8, "Inner Unique": true, "Hash Cond": "(part.p_partkey = lineitem_1.l_partkey)", "Join Filter": "(lineitem.l_quantity < ((0.2 * avg(lineitem_1.l_quantity))))", "Plans": [{"Node Type": "Gather", "Parent Relationship": "Outer", "Parallel Aware": false, "Startup Cost": 51647.51, "Total Cost": 1426500.13, "Plan Rows": 60136, "Plan Width": 21, "Workers Planned": 3, "Single Copy": false, "Plans": [{"Node Type": "Hash Join", "Parent Relationship": "Outer", "Parallel Aware": true, "Join Type": "Inner", "Startup Cost": 50647.51, "Total Cost": 1419486.53, "Plan Rows": 19399, "Plan Width": 21, "Inner Unique": true, "Hash Cond": "(lineitem.l_partkey = part.p_partkey)", "Plans": [{"Node Type": "Seq Scan", "Parent Relationship": "Outer", "Parallel Aware": true, "Relation Name": "lineitem", "Alias": "lineitem", "Startup Cost": 0.0, "Total Cost": 1318044.5, "Plan Rows": 19350250, "Plan Width": 17}, {"Node Type": "Hash", "Parent Relationship": "Inner", "Parallel Aware": true, "Startup Cost": 50639.42, "Total Cost": 50639.42, "Plan Rows": 647, "Plan Width": 4, "Plans": [{"Node Type": "Seq Scan", "Parent Relationship": "Outer", "Parallel Aware": true, "Relation Name": "part", "Alias": "part", "Startup Cost": 0.0, "Total Cost": 50639.42, "Plan Rows": 647, "Plan Width": 4, "Filter": "((p_brand = 'Brand#15'::bpchar) AND (p_container = 'JUMBO BAG'::bpchar))"}]}]}]}, {"Node Type": "Hash", "Parent Relationship": "Inner", "Parallel Aware": false, "Startup Cost": 4790896.89, "Total Cost": 4790896.89, "Plan Rows": 1917787, "Plan Width": 36, "Plans": [{"Node Type": "Aggregate", "Strategy": "Sorted", "Partial Mode": "Finalize", "Parent Relationship": "Outer", "Parallel Aware": false, "Startup Cost": 3854682.88, "Total Cost": 4771719.02, "Plan Rows": 1917787, "Plan Width": 36, "Group Key": ["lineitem_1.l_partkey"], "Plans": [{"Node Type": "Gather Merge", "Parent Relationship": "Outer", "Parallel Aware": false, "Startup Cost": 3854682.88, "Total Cost": 4699802.01, "Plan Rows": 5753361, "Plan Width": 36, "Workers Planned": 3, "Plans": [{"Node Type": "Aggregate", "Strategy": "Sorted", "Partial Mode": "Partial", "Parent Relationship": "Outer", "Parallel Aware": false, "Startup Cost": 3853682.84, "Total Cost": 4022782.05, "Plan Rows": 1917787, "Plan Width": 36, "Group Key": ["lineitem_1.l_partkey"], "Plans": [{"Node Type": "Sort", "Parent Relationship": "Outer", "Parallel Aware": false, "Startup Cost": 3853682.84, "Total Cost": 3902058.46, "Plan Rows": 19350250, "Plan Width": 9, "Sort Key": ["lineitem_1.l_partkey"], "Plans": [{"Node Type": "Seq Scan", "Parent Relationship": "Outer", "Parallel Aware": true, "Relation Name": "lineitem", "Alias": "lineitem_1", "Startup Cost": 0.0, "Total Cost": 1318044.5, "Plan Rows": 19350250, "Plan Width": 9}]}]}]}]}]}]}]}]}}, {"Plan": {"Node Type": "Limit", "Parallel Aware": false, "Startup Cost": 4718912.02, "Total Cost": 4718912.03, "Plan Rows": 1, "Plan Width": 32, "Plans": [{"Node Type": "Aggregate", "Strategy": "Plain", "Partial Mode": "Finalize", "Parent Relationship": "Outer", "Parallel Aware": false, "Startup Cost": 4718912.02, "Total Cost": 4718912.03, "Plan Rows": 1, "Plan Width": 32, "Plans": [{"Node Type": "Gather", "Parent Relationship": "Outer", "Parallel Aware": false, "Startup Cost": 4718911.69, "Total Cost": 4718912.0, "Plan Rows": 3, "Plan Width": 32, "Workers Planned": 3, "Single Copy": false, "Plans": [{"Node Type": "Aggregate", "Strategy": "Plain", "Partial Mode": "Partial", "Parent Relationship": "Outer", "Parallel Aware": false, "Startup Cost": 4717911.69, "Total Cost": 4717911.7, "Plan Rows": 1, "Plan Width": 32, "Plans": [{"Node Type": "Merge Join", "Parent Relationship": "Outer", "Parallel Aware": false, "Join Type": "Inner", "Startup Cost": 19.18, "Total Cost": 4717896.19, "Plan Rows": 6200, "Plan Width": 8, "Inner Unique": false, "Merge Cond": "(lineitem.l_partkey = part.p_partkey)", "Join Filter": "(lineitem.l_quantity < ((0.2 * avg(lineitem_1.l_quantity))))", "Plans": [{"Node Type": "Index Scan", "Parent Relationship": "Outer", "Parallel Aware": true, "Scan Direction": "Forward", "Index Name": "idx_lineitem_part_supp", "Relation Name": "lineitem", "Alias": "lineitem", "Startup Cost": 0.56, "Total Cost": 1911574.61, "Plan Rows": 19350250, "Plan Width": 17}, {"Node Type": "Materialize", "Parent Relationship": "Inner", "Parallel Aware": false, "Startup Cost": 0.99, "Total Cost": 2757625.17, "Plan Rows": 1923, "Plan Width": 40, "Plans": [{"Node Type": "Merge Join", "Parent Relationship": "Outer", "Parallel Aware": false, "Join Type": "Inner", "Startup Cost": 0.99, "Total Cost": 2757620.36, "Plan Rows": 1923, "Plan Width": 40, "Inner Unique": true, "Merge Cond": "(part.p_partkey = lineitem_1.l_partkey)", "Plans": [{"Node Type": "Index Scan", "Parent Relationship": "Outer", "Parallel Aware": false, "Scan Direction": "Forward", "Index Name": "part_pkey", "Relation Name": "part", "Alias": "part", "Startup Cost": 0.43, "Total Cost": 86998.23, "Plan Rows": 2005, "Plan Width": 4, "Filter": "((p_brand = 'Brand#15'::bpchar) AND (p_container = 'JUMBO BAG'::bpchar))"}, {"Node Type": "Aggregate", "Strategy": "Sorted", "Partial Mode": "Simple", "Parent Relationship": "Inner", "Parallel Aware": false, "Startup Cost": 0.56, "Total Cost": 2646625.56, "Plan Rows": 1917787, "Plan Width": 36, "Group Key": ["lineitem_1.l_partkey"], "Plans": [{"Node Type": "Index Scan", "Parent Relationship": "Outer", "Parallel Aware": false, "Scan Direction": "Forward", "Index Name": "idx_lineitem_part_supp", "Relation Name": "lineitem", "Alias": "lineitem_1", "Startup Cost": 0.56, "Total Cost": 2317929.87, "Plan Rows": 59985776, "Plan Width": 9}]}]}]}]}]}]}]}]}}, {"Plan": {"Node Type": "Limit", "Parallel Aware": false, "Startup Cost": 2761609.55, "Total Cost": 2761609.56, "Plan Rows": 1, "Plan Width": 32, "Plans": [{"Node Type": "Aggregate", "Strategy": "Plain", "Partial Mode": "Simple", "Parent Relationship": "Outer", "Parallel Aware": false, "Startup Cost": 2761609.55, "Total Cost": 2761609.56, "Plan Rows": 1, "Plan Width": 32, "Plans": [{"Node Type": "Nested Loop", "Parent Relationship": "Outer", "Parallel Aware": false, "Join Type": "Inner", "Startup Cost": 1.56, "Total Cost": 2761561.49, "Plan Rows": 19221, "Plan Width": 8, "Inner Unique": false, "Join Filter": "(part.p_partkey = lineitem.l_partkey)", "Plans": [{"Node Type": "Merge Join", "Parent Relationship": "Outer", "Parallel Aware": false, "Join Type": "Inner", "Startup Cost": 0.99, "Total Cost": 2757620.36, "Plan Rows": 1923, "Plan Width": 40, "Inner Unique": true, "Merge Cond": "(part.p_partkey = lineitem_1.l_partkey)", "Plans": [{"Node Type": "Index Scan", "Parent Relationship": "Outer", "Parallel Aware": false, "Scan Direction": "Forward", "Index Name": "part_pkey", "Relation Name": "part", "Alias": "part", "Startup Cost": 0.43, "Total Cost": 86998.23, "Plan Rows": 2005, "Plan Width": 4, "Filter": "((p_brand = 'Brand#15'::bpchar) AND (p_container = 'JUMBO BAG'::bpchar))"}, {"Node Type": "Aggregate", "Strategy": "Sorted", "Partial Mode": "Simple", "Parent Relationship": "Inner", "Parallel Aware": false, "Startup Cost": 0.56, "Total Cost": 2646625.56, "Plan Rows": 1917787, "Plan Width": 36, "Group Key": ["lineitem_1.l_partkey"], "Plans": [{"Node Type": "Index Scan", "Parent Relationship": "Outer", "Parallel Aware": false, "Scan Direction": "Forward", "Index Name": "idx_lineitem_part_supp", "Relation Name": "lineitem", "Alias": "lineitem_1", "Startup Cost": 0.56, "Total Cost": 2317929.87, "Plan Rows": 59985776, "Plan Width": 9}]}]}, {"Node Type": "Index Scan", "Parent Relationship": "Inner", "Parallel Aware": false, "Scan Direction": "Forward", "Index Name": "idx_lineitem_part_supp", "Relation Name": "lineitem", "Alias": "lineitem", "Startup Cost": 0.56, "Total Cost": 1.92, "Plan Rows": 10, "Plan Width": 17, "Index Cond": "(l_partkey = lineitem_1.l_partkey)", "Filter": "(l_quantity < ((0.2 * avg(lineitem_1.l_quantity))))"}]}]}]}}, {"Plan": {"Node Type": "Limit", "Parallel Aware": false, "Startup Cost": 2723563.46, "Total Cost": 2723563.47, "Plan Rows": 1, "Plan Width": 32, "Plans": [{"Node Type": "Aggregate", "Strategy": "Plain", "Partial Mode": "Finalize", "Parent Relationship": "Outer", "Parallel Aware": false, "Startup Cost": 2723563.46, "Total Cost": 2723563.47, "Plan Rows": 1, "Plan Width": 32, "Plans": [{"Node Type": "Gather", "Parent Relationship": "Outer", "Parallel Aware": false, "Startup Cost": 2723563.13, "Total Cost": 2723563.44, "Plan Rows": 3, "Plan Width": 32, "Workers Planned": 3, "Single Copy": false, "Plans": [{"Node Type": "Aggregate", "Strategy": "Plain", "Partial Mode": "Partial", "Parent Relationship": "Outer", "Parallel Aware": false, "Startup Cost": 2722563.13, "Total Cost": 2722563.14, "Plan Rows": 1, "Plan Width": 32, "Plans": [{"Node Type": "Nested Loop", "Parent Relationship": "Outer", "Parallel Aware": false, "Join Type": "Inner", "Startup Cost": 50670.76, "Total Cost": 2722547.63, "Plan Rows": 6200, "Plan Width": 8, "Inner Unique": false, "Join Filter": "(part.p_partkey = lineitem.l_partkey)", "Plans": [{"Node Type": "Merge Join", "Parent Relationship": "Outer", "Parallel Aware": false, "Join Type": "Inner", "Startup Cost": 50670.19, "Total Cost": 2721276.96, "Plan Rows": 620, "Plan Width": 40, "Inner Unique": true, "Merge Cond": "(part.p_partkey = lineitem_1.l_partkey)", "Plans": [{"Node Type": "Sort", "Parent Relationship": "Outer", "Parallel Aware": false, "Startup Cost": 50669.63, "Total Cost": 50671.24, "Plan Rows": 647, "Plan Width": 4, "Sort Key": ["part.p_partkey"], "Plans": [{"Node Type": "Seq Scan", "Parent Relationship": "Outer", "Parallel Aware": true, "Relation Name": "part", "Alias": "part", "Startup Cost": 0.0, "Total Cost": 50639.42, "Plan Rows": 647, "Plan Width": 4, "Filter": "((p_brand = 'Brand#15'::bpchar) AND (p_container = 'JUMBO BAG'::bpchar))"}]}, {"Node Type": "Aggregate", "Strategy": "Sorted", "Partial Mode": "Simple", "Parent Relationship": "Inner", "Parallel Aware": false, "Startup Cost": 0.56, "Total Cost": 2646625.56, "Plan Rows": 1917787, "Plan Width": 36, "Group Key": ["lineitem_1.l_partkey"], "Plans": [{"Node Type": "Index Scan", "Parent Relationship": "Outer", "Parallel Aware": false, "Scan Direction": "Forward", "Index Name": "idx_lineitem_part_supp", "Relation Name": "lineitem", "Alias": "lineitem_1", "Startup Cost": 0.56, "Total Cost": 2317929.87, "Plan Rows": 59985776, "Plan Width": 9}]}]}, {"Node Type": "Index Scan", "Parent Relationship": "Inner", "Parallel Aware": false, "Scan Direction": "Forward", "Index Name": "idx_lineitem_part_supp", "Relation Name": "lineitem", "Alias": "lineitem", "Startup Cost": 0.56, "Total Cost": 1.92, "Plan Rows": 10, "Plan Width": 17, "Index Cond": "(l_partkey = lineitem_1.l_partkey)", "Filter": "(l_quantity < ((0.2 * avg(lineitem_1.l_quantity))))"}]}]}]}]}]}}, {"Plan": {"Node Type": "Limit", "Parallel Aware": false, "Startup Cost": 4707915.44, "Total Cost": 4707915.45, "Plan Rows": 1, "Plan Width": 32, "Plans": [{"Node Type": "Aggregate", "Strategy": "Plain", "Partial Mode": "Finalize", "Parent Relationship": "Outer", "Parallel Aware": false, "Startup Cost": 4707915.44, "Total Cost": 4707915.45, "Plan Rows": 1, "Plan Width": 32, "Plans": [{"Node Type": "Gather", "Parent Relationship": "Outer", "Parallel Aware": false, "Startup Cost": 4707915.11, "Total Cost": 4707915.42, "Plan Rows": 3, "Plan Width": 32, "Workers Planned": 3, "Single Copy": false, "Plans": [{"Node Type": "Aggregate", "Strategy": "Plain", "Partial Mode": "Partial", "Parent Relationship": "Outer", "Parallel Aware": false, "Startup Cost": 4706915.11, "Total Cost": 4706915.12, "Plan Rows": 1, "Plan Width": 32, "Plans": [{"Node Type": "Merge Join", "Parent Relationship": "Outer", "Parallel Aware": false, "Join Type": "Inner", "Startup Cost": 71090.72, "Total Cost": 4706899.61, "Plan Rows": 6200, "Plan Width": 8, "Inner Unique": true, "Merge Cond": "(part.p_partkey = lineitem_1.l_partkey)", "Join Filter": "(lineitem.l_quantity < ((0.2 * avg(lineitem_1.l_quantity))))", "Plans": [{"Node Type": "Merge Join", "Parent Relationship": "Outer", "Parallel Aware": false, "Join Type": "Inner", "Startup Cost": 71090.16, "Total Cost": 2031226.22, "Plan Rows": 19399, "Plan Width": 21, "Inner Unique": true, "Merge Cond": "(lineitem.l_partkey = part.p_partkey)", "Plans": [{"Node Type": "Index Scan", "Parent Relationship": "Outer", "Parallel Aware": true, "Scan Direction": "Forward", "Index Name": "idx_lineitem_part_supp", "Relation Name": "lineitem", "Alias": "lineitem", "Startup Cost": 0.56, "Total Cost": 1911574.61, "Plan Rows": 19350250, "Plan Width": 17}, {"Node Type": "Sort", "Parent Relationship": "Inner", "Parallel Aware": false, "Startup Cost": 71071.97, "Total Cost": 71076.98, "Plan Rows": 2005, "Plan Width": 4, "Sort Key": ["part.p_partkey"], "Plans": [{"Node Type": "Seq Scan", "Parent Relationship": "Outer", "Parallel Aware": false, "Relation Name": "part", "Alias": "part", "Startup Cost": 0.0, "Total Cost": 70962.0, "Plan Rows": 2005, "Plan Width": 4, "Filter": "((p_brand = 'Brand#15'::bpchar) AND (p_container = 'JUMBO BAG'::bpchar))"}]}]}, {"Node Type": "Materialize", "Parent Relationship": "Inner", "Parallel Aware": false, "Startup Cost": 0.56, "Total Cost": 2670597.89, "Plan Rows": 1917787, "Plan Width": 36, "Plans": [{"Node Type": "Aggregate", "Strategy": "Sorted", "Partial Mode": "Simple", "Parent Relationship": "Outer", "Parallel Aware": false, "Startup Cost": 0.56, "Total Cost": 2646625.56, "Plan Rows": 1917787, "Plan Width": 36, "Group Key": ["lineitem_1.l_partkey"], "Plans": [{"Node Type": "Index Scan", "Parent Relationship": "Outer", "Parallel Aware": false, "Scan Direction": "Forward", "Index Name": "idx_lineitem_part_supp", "Relation Name": "lineitem", "Alias": "lineitem_1", "Startup Cost": 0.56, "Total Cost": 2317929.87, "Plan Rows": 59985776, "Plan Width": 9}]}]}]}]}]}]}]}}, {"Plan": {"Node Type": "Limit", "Parallel Aware": false, "Startup Cost": 3583890.61, "Total Cost": 3583890.62, "Plan Rows": 1, "Plan Width": 32, "Plans": [{"Node Type": "Aggregate", "Strategy": "Plain", "Partial Mode": "Simple", "Parent Relationship": "Outer", "Parallel Aware": false, "Startup Cost": 3583890.61, "Total Cost": 3583890.62, "Plan Rows": 1, "Plan Width": 32, "Plans": [{"Node Type": "Nested Loop", "Parent Relationship": "Outer", "Parallel Aware": false, "Join Type": "Inner", "Startup Cost": 1.56, "Total Cost": 3583842.55, "Plan Rows": 19221, "Plan Width": 8, "Inner Unique": false, "Join Filter": "(part.p_partkey = lineitem.l_partkey)", "Plans": [{"Node Type": "Nested Loop", "Parent Relationship": "Outer", "Parallel Aware": false, "Join Type": "Inner", "Startup Cost": 0.99, "Total Cost": 3579901.43, "Plan Rows": 1923, "Plan Width": 40, "Inner Unique": true, "Plans": [{"Node Type": "Aggregate", "Strategy": "Sorted", "Partial Mode": "Simple", "Parent Relationship": "Outer", "Parallel Aware": false, "Startup Cost": 0.56, "Total Cost": 2646625.56, "Plan Rows": 1917787, "Plan Width": 36, "Group Key": ["lineitem_1.l_partkey"], "Plans": [{"Node Type": "Index Scan", "Parent Relationship": "Outer", "Parallel Aware": false, "Scan Direction": "Forward", "Index Name": "idx_lineitem_part_supp", "Relation Name": "lineitem", "Alias": "lineitem_1", "Startup Cost": 0.56, "Total Cost": 2317929.87, "Plan Rows": 59985776, "Plan Width": 9}]}, {"Node Type": "Index Scan", "Parent Relationship": "Inner", "Parallel Aware": false, "Scan Direction": "Forward", "Index Name": "part_pkey", "Relation Name": "part", "Alias": "part", "Startup Cost": 0.43, "Total Cost": 0.48, "Plan Rows": 1, "Plan Width": 4, "Index Cond": "(p_partkey = lineitem_1.l_partkey)", "Filter": "((p_brand = 'Brand#15'::bpchar) AND (p_container = 'JUMBO BAG'::bpchar))"}]}, {"Node Type": "Index Scan", "Parent Relationship": "Inner", "Parallel Aware": false, "Scan Direction": "Forward", "Index Name": "idx_lineitem_part_supp", "Relation Name": "lineitem", "Alias": "lineitem", "Startup Cost": 0.56, "Total Cost": 1.92, "Plan Rows": 10, "Plan Width": 17, "Index Cond": "(l_partkey = lineitem_1.l_partkey)", "Filter": "(l_quantity < ((0.2 * avg(lineitem_1.l_quantity))))"}]}]}]}}, {"Plan": {"Node Type": "Limit", "Parallel Aware": false, "Startup Cost": 3583890.61, "Total Cost": 3583890.62, "Plan Rows": 1, "Plan Width": 32, "Plans": [{"Node Type": "Aggregate", "Strategy": "Plain", "Partial Mode": "Simple", "Parent Relationship": "Outer", "Parallel Aware": false, "Startup Cost": 3583890.61, "Total Cost": 3583890.62, "Plan Rows": 1, "Plan Width": 32, "Plans": [{"Node Type": "Nested Loop", "Parent Relationship": "Outer", "Parallel Aware": false, "Join Type": "Inner", "Startup Cost": 1.56, "Total Cost": 3583842.55, "Plan Rows": 19221, "Plan Width": 8, "Inner Unique": false, "Join Filter": "(part.p_partkey = lineitem.l_partkey)", "Plans": [{"Node Type": "Nested Loop", "Parent Relationship": "Outer", "Parallel Aware": false, "Join Type": "Inner", "Startup Cost": 0.99, "Total Cost": 3579901.43, "Plan Rows": 1923, "Plan Width": 40, "Inner Unique": true, "Plans": [{"Node Type": "Aggregate", "Strategy": "Sorted", "Partial Mode": "Simple", "Parent Relationship": "Outer", "Parallel Aware": false, "Startup Cost": 0.56, "Total Cost": 2646625.56, "Plan Rows": 1917787, "Plan Width": 36, "Group Key": ["lineitem_1.l_partkey"], "Plans": [{"Node Type": "Index Scan", "Parent Relationship": "Outer", "Parallel Aware": false, "Scan Direction": "Forward", "Index Name": "idx_lineitem_part_supp", "Relation Name": "lineitem", "Alias": "lineitem_1", "Startup Cost": 0.56, "Total Cost": 2317929.87, "Plan Rows": 59985776, "Plan Width": 9}]}, {"Node Type": "Index Scan", "Parent Relationship": "Inner", "Parallel Aware": false, "Scan Direction": "Forward", "Index Name": "part_pkey", "Relation Name": "part", "Alias": "part", "Startup Cost": 0.43, "Total Cost": 0.48, "Plan Rows": 1, "Plan Width": 4, "Index Cond": "(p_partkey = lineitem_1.l_partkey)", "Filter": "((p_brand = 'Brand#15'::bpchar) AND (p_container = 'JUMBO BAG'::bpchar))"}]}, {"Node Type": "Index Scan", "Parent Relationship": "Inner", "Parallel Aware": false, "Scan Direction": "Forward", "Index Name": "idx_lineitem_part_supp", "Relation Name": "lineitem", "Alias": "lineitem", "Startup Cost": 0.56, "Total Cost": 1.92, "Plan Rows": 10, "Plan Width": 17, "Index Cond": "(l_partkey = lineitem_1.l_partkey)", "Filter": "(l_quantity < ((0.2 * avg(lineitem_1.l_quantity))))"}]}]}]}}, {"Plan": {"Node Type": "Limit", "Parallel Aware": false, "Startup Cost": 30002762638.33, "Total Cost": 30002762638.34, "Plan Rows": 1, "Plan Width": 32, "Plans": [{"Node Type": "Aggregate", "Strategy": "Plain", "Partial Mode": "Simple", "Parent Relationship": "Outer", "Parallel Aware": false, "Startup Cost": 30002762638.33, "Total Cost": 30002762638.34, "Plan Rows": 1, "Plan Width": 32, "Plans": [{"Node Type": "Nested Loop", "Parent Relationship": "Outer", "Parallel Aware": false, "Join Type": "Inner", "Startup Cost": 30000000001.89, "Total Cost": 30002762590.27, "Plan Rows": 19221, "Plan Width": 8, "Inner Unique": false, "Join Filter": "(part.p_partkey = lineitem.l_partkey)", "Plans": [{"Node Type": "Merge Join", "Parent Relationship": "Outer", "Parallel Aware": false, "Join Type": "Inner", "Startup Cost": 20000000000.99, "Total Cost": 20002757620.36, "Plan Rows": 1923, "Plan Width": 40, "Inner Unique": true, "Merge Cond": "(part.p_partkey = lineitem_1.l_partkey)", "Plans": [{"Node Type": "Index Scan", "Parent Relationship": "Outer", "Parallel Aware": false, "Scan Direction": "Forward", "Index Name": "part_pkey", "Relation Name": "part", "Alias": "part", "Startup Cost": 10000000000.43, "Total Cost": 10000086998.23, "Plan Rows": 2005, "Plan Width": 4, "Filter": "((p_brand = 'Brand#15'::bpchar) AND (p_container = 'JUMBO BAG'::bpchar))"}, {"Node Type": "Aggregate", "Strategy": "Sorted", "Partial Mode": "Simple", "Parent Relationship": "Inner", "Parallel Aware": false, "Startup Cost": 10000000000.57, "Total Cost": 10002646625.56, "Plan Rows": 1917787, "Plan Width": 36, "Group Key": ["lineitem_1.l_partkey"], "Plans": [{"Node Type": "Index Scan", "Parent Relationship": "Outer", "Parallel Aware": false, "Scan Direction": "Forward", "Index Name": "idx_lineitem_part_supp", "Relation Name": "lineitem", "Alias": "lineitem_1", "Startup Cost": 10000000000.57, "Total Cost": 10002317929.87, "Plan Rows": 59985776, "Plan Width": 9}]}]}, {"Node Type": "Bitmap Heap Scan", "Parent Relationship": "Inner", "Parallel Aware": false, "Relation Name": "lineitem", "Alias": "lineitem", "Startup Cost": 0.89, "Total Cost": 2.46, "Plan Rows": 10, "Plan Width": 17, "Recheck Cond": "(l_partkey = lineitem_1.l_partkey)", "Filter": "(l_quantity < ((0.2 * avg(lineitem_1.l_quantity))))", "Plans": [{"Node Type": "Bitmap Index Scan", "Parent Relationship": "Outer", "Parallel Aware": false, "Index Name": "idx_lineitem_part_supp", "Startup Cost": 0.0, "Total Cost": 0.89, "Plan Rows": 31, "Plan Width": 0, "Index Cond": "(l_partkey = lineitem_1.l_partkey)"}]}]}]}]}}, {"Plan": {"Node Type": "Limit", "Parallel Aware": false, "Startup Cost": 10005654699.74, "Total Cost": 10005654699.75, "Plan Rows": 1, "Plan Width": 32, "Plans": [{"Node Type": "Aggregate", "Strategy": "Plain", "Partial Mode": "Simple", "Parent Relationship": "Outer", "Parallel Aware": false, "Startup Cost": 10005654699.74, "Total Cost": 10005654699.75, "Plan Rows": 1, "Plan Width": 32, "Plans": [{"Node Type": "Nested Loop", "Parent Relationship": "Outer", "Parallel Aware": false, "Join Type": "Inner", "Startup Cost": 10000000001.9, "Total Cost": 10005654651.68, "Plan Rows": 19221, "Plan Width": 8, "Inner Unique": false, "Join Filter": "(part.p_partkey = lineitem.l_partkey)", "Plans": [{"Node Type": "Nested Loop", "Parent Relationship": "Outer", "Parallel Aware": false, "Join Type": "Inner", "Startup Cost": 10000000001.0, "Total Cost": 10005649681.77, "Plan Rows": 1923, "Plan Width": 40, "Inner Unique": true, "Plans": [{"Node Type": "Aggregate", "Strategy": "Sorted", "Partial Mode": "Simple", "Parent Relationship": "Outer", "Parallel Aware": false, "Startup Cost": 10000000000.57, "Total Cost": 10002646625.56, "Plan Rows": 1917787, "Plan Width": 36, "Group Key": ["lineitem_1.l_partkey"], "Plans": [{"Node Type": "Index Scan", "Parent Relationship": "Outer", "Parallel Aware": false, "Scan Direction": "Forward", "Index Name": "idx_lineitem_part_supp", "Relation Name": "lineitem", "Alias": "lineitem_1", "Startup Cost": 10000000000.57, "Total Cost": 10002317929.87, "Plan Rows": 59985776, "Plan Width": 9}]}, {"Node Type": "Bitmap Heap Scan", "Parent Relationship": "Inner", "Parallel Aware": false, "Relation Name": "part", "Alias": "part", "Startup Cost": 0.44, "Total Cost": 1.56, "Plan Rows": 1, "Plan Width": 4, "Recheck Cond": "(p_partkey = lineitem_1.l_partkey)", "Filter": "((p_brand = 'Brand#15'::bpchar) AND (p_container = 'JUMBO BAG'::bpchar))", "Plans": [{"Node Type": "Bitmap Index Scan", "Parent Relationship": "Outer", "Parallel Aware": false, "Index Name": "part_pkey", "Startup Cost": 0.0, "Total Cost": 0.44, "Plan Rows": 1, "Plan Width": 0, "Index Cond": "(p_partkey = lineitem_1.l_partkey)"}]}]}, {"Node Type": "Bitmap Heap Scan", "Parent Relationship": "Inner", "Parallel Aware": false, "Relation Name": "lineitem", "Alias": "lineitem", "Startup Cost": 0.89, "Total Cost": 2.46, "Plan Rows": 10, "Plan Width": 17, "Recheck Cond": "(l_partkey = lineitem_1.l_partkey)", "Filter": "(l_quantity < ((0.2 * avg(lineitem_1.l_quantity))))", "Plans": [{"Node Type": "Bitmap Index Scan", "Parent Relationship": "Outer", "Parallel Aware": false, "Index Name": "idx_lineitem_part_supp", "Startup Cost": 0.0, "Total Cost": 0.89, "Plan Rows": 31, "Plan Width": 0, "Index Cond": "(l_partkey = lineitem_1.l_partkey)"}]}]}]}]}}, {"Plan": {"Node Type": "Limit", "Parallel Aware": false, "Startup Cost": 4852688.47, "Total Cost": 4852688.48, "Plan Rows": 1, "Plan Width": 32, "Plans": [{"Node Type": "Aggregate", "Strategy": "Plain", "Partial Mode": "Simple", "Parent Relationship": "Outer", "Parallel Aware": false, "Startup Cost": 4852688.47, "Total Cost": 4852688.48, "Plan Rows": 1, "Plan Width": 32, "Plans": [{"Node Type": "Nested Loop", "Parent Relationship": "Outer", "Parallel Aware": false, "Join Type": "Inner", "Startup Cost": 3906633.66, "Total Cost": 4852640.41, "Plan Rows": 19221, "Plan Width": 8, "Inner Unique": false, "Join Filter": "(part.p_partkey = lineitem.l_partkey)", "Plans": [{"Node Type": "Merge Join", "Parent Relationship": "Outer", "Parallel Aware": false, "Join Type": "Inner", "Startup Cost": 3906632.77, "Total Cost": 4847670.5, "Plan Rows": 1923, "Plan Width": 40, "Inner Unique": true, "Merge Cond": "(part.p_partkey = lineitem_1.l_partkey)", "Plans": [{"Node Type": "Sort", "Parent Relationship": "Outer", "Parallel Aware": false, "Startup Cost": 51949.89, "Total Cost": 51954.9, "Plan Rows": 2005, "Plan Width": 4, "Sort Key": ["part.p_partkey"], "Plans": [{"Node Type": "Gather", "Parent Relationship": "Outer", "Parallel Aware": false, "Startup Cost": 1000.0, "Total Cost": 51839.92, "Plan Rows": 2005, "Plan Width": 4, "Workers Planned": 3, "Single Copy": false, "Plans": [{"Node Type": "Seq Scan", "Parent Relationship": "Outer", "Parallel Aware": true, "Relation Name": "part", "Alias": "part", "Startup Cost": 0.0, "Total Cost": 50639.42, "Plan Rows": 647, "Plan Width": 4, "Filter": "((p_brand = 'Brand#15'::bpchar) AND (p_container = 'JUMBO BAG'::bpchar))"}]}]}, {"Node Type": "Aggregate", "Strategy": "Sorted", "Partial Mode": "Finalize", "Parent Relationship": "Inner", "Parallel Aware": false, "Startup Cost": 3854682.88, "Total Cost": 4771719.02, "Plan Rows": 1917787, "Plan Width": 36, "Group Key": ["lineitem_1.l_partkey"], "Plans": [{"Node Type": "Gather Merge", "Parent Relationship": "Outer", "Parallel Aware": false, "Startup Cost": 3854682.88, "Total Cost": 4699802.01, "Plan Rows": 5753361, "Plan Width": 36, "Workers Planned": 3, "Plans": [{"Node Type": "Aggregate", "Strategy": "Sorted", "Partial Mode": "Partial", "Parent Relationship": "Outer", "Parallel Aware": false, "Startup Cost": 3853682.84, "Total Cost": 4022782.05, "Plan Rows": 1917787, "Plan Width": 36, "Group Key": ["lineitem_1.l_partkey"], "Plans": [{"Node Type": "Sort", "Parent Relationship": "Outer", "Parallel Aware": false, "Startup Cost": 3853682.84, "Total Cost": 3902058.46, "Plan Rows": 19350250, "Plan Width": 9, "Sort Key": ["lineitem_1.l_partkey"], "Plans": [{"Node Type": "Seq Scan", "Parent Relationship": "Outer", "Parallel Aware": true, "Relation Name": "lineitem", "Alias": "lineitem_1", "Startup Cost": 0.0, "Total Cost": 1318044.5, "Plan Rows": 19350250, "Plan Width": 9}]}]}]}]}]}, {"Node Type": "Bitmap Heap Scan", "Parent Relationship": "Inner", "Parallel Aware": false, "Relation Name": "lineitem", "Alias": "lineitem", "Startup Cost": 0.89, "Total Cost": 2.46, "Plan Rows": 10, "Plan Width": 17, "Recheck Cond": "(l_partkey = lineitem_1.l_partkey)", "Filter": "(l_quantity < ((0.2 * avg(lineitem_1.l_quantity))))", "Plans": [{"Node Type": "Bitmap Index Scan", "Parent Relationship": "Outer", "Parallel Aware": false, "Index Name": "idx_lineitem_part_supp", "Startup Cost": 0.0, "Total Cost": 0.89, "Plan Rows": 31, "Plan Width": 0, "Index Cond": "(l_partkey = lineitem_1.l_partkey)"}]}]}]}]}}, {"Plan": {"Node Type": "Limit", "Parallel Aware": false, "Startup Cost": 8865275.84, "Total Cost": 8865275.85, "Plan Rows": 1, "Plan Width": 32, "Plans": [{"Node Type": "Aggregate", "Strategy": "Plain", "Partial Mode": "Simple", "Parent Relationship": "Outer", "Parallel Aware": false, "Startup Cost": 8865275.84, "Total Cost": 8865275.85, "Plan Rows": 1, "Plan Width": 32, "Plans": [{"Node Type": "Merge Join", "Parent Relationship": "Outer", "Parallel Aware": false, "Join Type": "Inner", "Startup Cost": 7819177.45, "Total Cost": 8865227.78, "Plan Rows": 19221, "Plan Width": 8, "Inner Unique": false, "Merge Cond": "(lineitem_1.l_partkey = part.p_partkey)", "Join Filter": "(lineitem.l_quantity < ((0.2 * avg(lineitem_1.l_quantity))))", "Plans": [{"Node Type": "Aggregate", "Strategy": "Sorted", "Partial Mode": "Finalize", "Parent Relationship": "Outer", "Parallel Aware": false, "Startup Cost": 3854682.88, "Total Cost": 4771719.02, "Plan Rows": 1917787, "Plan Width": 36, "Group Key": ["lineitem_1.l_partkey"], "Plans": [{"Node Type": "Gather Merge", "Parent Relationship": "Outer", "Parallel Aware": false, "Startup Cost": 3854682.88, "Total Cost": 4699802.01, "Plan Rows": 5753361, "Plan Width": 36, "Workers Planned": 3, "Plans": [{"Node Type": "Aggregate", "Strategy": "Sorted", "Partial Mode": "Partial", "Parent Relationship": "Outer", "Parallel Aware": false, "Startup Cost": 3853682.84, "Total Cost": 4022782.05, "Plan Rows": 1917787, "Plan Width": 36, "Group Key": ["lineitem_1.l_partkey"], "Plans": [{"Node Type": "Sort", "Parent Relationship": "Outer", "Parallel Aware": false, "Startup Cost": 3853682.84, "Total Cost": 3902058.46, "Plan Rows": 19350250, "Plan Width": 9, "Sort Key": ["lineitem_1.l_partkey"], "Plans": [{"Node Type": "Seq Scan", "Parent Relationship": "Outer", "Parallel Aware": true, "Relation Name": "lineitem", "Alias": "lineitem_1", "Startup Cost": 0.0, "Total Cost": 1318044.5, "Plan Rows": 19350250, "Plan Width": 9}]}]}]}]}, {"Node Type": "Materialize", "Parent Relationship": "Inner", "Parallel Aware": false, "Startup Cost": 3964494.57, "Total Cost": 4068665.28, "Plan Rows": 60136, "Plan Width": 21, "Plans": [{"Node Type": "Gather Merge", "Parent Relationship": "Outer", "Parallel Aware": false, "Startup Cost": 3964494.57, "Total Cost": 4068514.94, "Plan Rows": 60136, "Plan Width": 21, "Workers Planned": 3, "Plans": [{"Node Type": "Merge Join", "Parent Relationship": "Outer", "Parallel Aware": false, "Join Type": "Inner", "Startup Cost": 3963494.53, "Total Cost": 4060448.92, "Plan Rows": 19399, "Plan Width": 21, "Inner Unique": true, "Merge Cond": "(lineitem.l_partkey = part.p_partkey)", "Plans": [{"Node Type": "Sort", "Parent Relationship": "Outer", "Parallel Aware": false, "Startup Cost": 3892421.69, "Total Cost": 3940797.31, "Plan Rows": 19350250, "Plan Width": 17, "Sort Key": ["lineitem.l_partkey"], "Plans": [{"Node Type": "Seq Scan", "Parent Relationship": "Outer", "Parallel Aware": true, "Relation Name": "lineitem", "Alias": "lineitem", "Startup Cost": 0.0, "Total Cost": 1318044.5, "Plan Rows": 19350250, "Plan Width": 17}]}, {"Node Type": "Sort", "Parent Relationship": "Inner", "Parallel Aware": false, "Startup Cost": 71071.97, "Total Cost": 71076.98, "Plan Rows": 2005, "Plan Width": 4, "Sort Key": ["part.p_partkey"], "Plans": [{"Node Type": "Seq Scan", "Parent Relationship": "Outer", "Parallel Aware": false, "Relation Name": "part", "Alias": "part", "Startup Cost": 0.0, "Total Cost": 70962.0, "Plan Rows": 2005, "Plan Width": 4, "Filter": "((p_brand = 'Brand#15'::bpchar) AND (p_container = 'JUMBO BAG'::bpchar))"}]}]}]}]}]}]}]}}, {"Plan": {"Node Type": "Limit", "Parallel Aware": false, "Startup Cost": 10005654699.74, "Total Cost": 10005654699.75, "Plan Rows": 1, "Plan Width": 32, "Plans": [{"Node Type": "Aggregate", "Strategy": "Plain", "Partial Mode": "Simple", "Parent Relationship": "Outer", "Parallel Aware": false, "Startup Cost": 10005654699.74, "Total Cost": 10005654699.75, "Plan Rows": 1, "Plan Width": 32, "Plans": [{"Node Type": "Nested Loop", "Parent Relationship": "Outer", "Parallel Aware": false, "Join Type": "Inner", "Startup Cost": 10000000001.9, "Total Cost": 10005654651.68, "Plan Rows": 19221, "Plan Width": 8, "Inner Unique": false, "Join Filter": "(part.p_partkey = lineitem.l_partkey)", "Plans": [{"Node Type": "Nested Loop", "Parent Relationship": "Outer", "Parallel Aware": false, "Join Type": "Inner", "Startup Cost": 10000000001.0, "Total Cost": 10005649681.77, "Plan Rows": 1923, "Plan Width": 40, "Inner Unique": true, "Plans": [{"Node Type": "Aggregate", "Strategy": "Sorted", "Partial Mode": "Simple", "Parent Relationship": "Outer", "Parallel Aware": false, "Startup Cost": 10000000000.57, "Total Cost": 10002646625.56, "Plan Rows": 1917787, "Plan Width": 36, "Group Key": ["lineitem_1.l_partkey"], "Plans": [{"Node Type": "Index Scan", "Parent Relationship": "Outer", "Parallel Aware": false, "Scan Direction": "Forward", "Index Name": "idx_lineitem_part_supp", "Relation Name": "lineitem", "Alias": "lineitem_1", "Startup Cost": 10000000000.57, "Total Cost": 10002317929.87, "Plan Rows": 59985776, "Plan Width": 9}]}, {"Node Type": "Bitmap Heap Scan", "Parent Relationship": "Inner", "Parallel Aware": false, "Relation Name": "part", "Alias": "part", "Startup Cost": 0.44, "Total Cost": 1.56, "Plan Rows": 1, "Plan Width": 4, "Recheck Cond": "(p_partkey = lineitem_1.l_partkey)", "Filter": "((p_brand = 'Brand#15'::bpchar) AND (p_container = 'JUMBO BAG'::bpchar))", "Plans": [{"Node Type": "Bitmap Index Scan", "Parent Relationship": "Outer", "Parallel Aware": false, "Index Name": "part_pkey", "Startup Cost": 0.0, "Total Cost": 0.44, "Plan Rows": 1, "Plan Width": 0, "Index Cond": "(p_partkey = lineitem_1.l_partkey)"}]}]}, {"Node Type": "Bitmap Heap Scan", "Parent Relationship": "Inner", "Parallel Aware": false, "Relation Name": "lineitem", "Alias": "lineitem", "Startup Cost": 0.89, "Total Cost": 2.46, "Plan Rows": 10, "Plan Width": 17, "Recheck Cond": "(l_partkey = lineitem_1.l_partkey)", "Filter": "(l_quantity < ((0.2 * avg(lineitem_1.l_quantity))))", "Plans": [{"Node Type": "Bitmap Index Scan", "Parent Relationship": "Outer", "Parallel Aware": false, "Index Name": "idx_lineitem_part_supp", "Startup Cost": 0.0, "Total Cost": 0.89, "Plan Rows": 31, "Plan Width": 0, "Index Cond": "(l_partkey = lineitem_1.l_partkey)"}]}]}]}]}}, {"Plan": {"Node Type": "Limit", "Parallel Aware": false, "Startup Cost": 7779793.2, "Total Cost": 7779793.22, "Plan Rows": 1, "Plan Width": 32, "Plans": [{"Node Type": "Aggregate", "Strategy": "Plain", "Partial Mode": "Simple", "Parent Relationship": "Outer", "Parallel Aware": false, "Startup Cost": 7779793.2, "Total Cost": 7779793.22, "Plan Rows": 1, "Plan Width": 32, "Plans": [{"Node Type": "Nested Loop", "Parent Relationship": "Outer", "Parallel Aware": false, "Join Type": "Inner", "Startup Cost": 3854684.21, "Total Cost": 7779745.15, "Plan Rows": 19221, "Plan Width": 8, "Inner Unique": false, "Join Filter": "(part.p_partkey = lineitem.l_partkey)", "Plans": [{"Node Type": "Nested Loop", "Parent Relationship": "Outer", "Parallel Aware": false, "Join Type": "Inner", "Startup Cost": 3854683.32, "Total Cost": 7774775.24, "Plan Rows": 1923, "Plan Width": 40, "Inner Unique": true, "Plans": [{"Node Type": "Aggregate", "Strategy": "Sorted", "Partial Mode": "Finalize", "Parent Relationship": "Outer", "Parallel Aware": false, "Startup Cost": 3854682.88, "Total Cost": 4771719.02, "Plan Rows": 1917787, "Plan Width": 36, "Group Key": ["lineitem_1.l_partkey"], "Plans": [{"Node Type": "Gather Merge", "Parent Relationship": "Outer", "Parallel Aware": false, "Startup Cost": 3854682.88, "Total Cost": 4699802.01, "Plan Rows": 5753361, "Plan Width": 36, "Workers Planned": 3, "Plans": [{"Node Type": "Aggregate", "Strategy": "Sorted", "Partial Mode": "Partial", "Parent Relationship": "Outer", "Parallel Aware": false, "Startup Cost": 3853682.84, "Total Cost": 4022782.05, "Plan Rows": 1917787, "Plan Width": 36, "Group Key": ["lineitem_1.l_partkey"], "Plans": [{"Node Type": "Sort", "Parent Relationship": "Outer", "Parallel Aware": false, "Startup Cost": 3853682.84, "Total Cost": 3902058.46, "Plan Rows": 19350250, "Plan Width": 9, "Sort Key": ["lineitem_1.l_partkey"], "Plans": [{"Node Type": "Seq Scan", "Parent Relationship": "Outer", "Parallel Aware": true, "Relation Name": "lineitem", "Alias": "lineitem_1", "Startup Cost": 0.0, "Total Cost": 1318044.5, "Plan Rows": 19350250, "Plan Width": 9}]}]}]}]}, {"Node Type": "Bitmap Heap Scan", "Parent Relationship": "Inner", "Parallel Aware": false, "Relation Name": "part", "Alias": "part", "Startup Cost": 0.44, "Total Cost": 1.56, "Plan Rows": 1, "Plan Width": 4, "Recheck Cond": "(p_partkey = lineitem_1.l_partkey)", "Filter": "((p_brand = 'Brand#15'::bpchar) AND (p_container = 'JUMBO BAG'::bpchar))", "Plans": [{"Node Type": "Bitmap Index Scan", "Parent Relationship": "Outer", "Parallel Aware": false, "Index Name": "part_pkey", "Startup Cost": 0.0, "Total Cost": 0.44, "Plan Rows": 1, "Plan Width": 0, "Index Cond": "(p_partkey = lineitem_1.l_partkey)"}]}]}, {"Node Type": "Bitmap Heap Scan", "Parent Relationship": "Inner", "Parallel Aware": false, "Relation Name": "lineitem", "Alias": "lineitem", "Startup Cost": 0.89, "Total Cost": 2.46, "Plan Rows": 10, "Plan Width": 17, "Recheck Cond": "(l_partkey = lineitem_1.l_partkey)", "Filter": "(l_quantity < ((0.2 * avg(lineitem_1.l_quantity))))", "Plans": [{"Node Type": "Bitmap Index Scan", "Parent Relationship": "Outer", "Parallel Aware": false, "Index Name": "idx_lineitem_part_supp", "Startup Cost": 0.0, "Total Cost": 0.89, "Plan Rows": 31, "Plan Width": 0, "Index Cond": "(l_partkey = lineitem_1.l_partkey)"}]}]}]}]}}, {"Plan": {"Node Type": "Limit", "Parallel Aware": false, "Startup Cost": 4718912.02, "Total Cost": 4718912.03, "Plan Rows": 1, "Plan Width": 32, "Plans": [{"Node Type": "Aggregate", "Strategy": "Plain", "Partial Mode": "Finalize", "Parent Relationship": "Outer", "Parallel Aware": false, "Startup Cost": 4718912.02, "Total Cost": 4718912.03, "Plan Rows": 1, "Plan Width": 32, "Plans": [{"Node Type": "Gather", "Parent Relationship": "Outer", "Parallel Aware": false, "Startup Cost": 4718911.69, "Total Cost": 4718912.0, "Plan Rows": 3, "Plan Width": 32, "Workers Planned": 3, "Single Copy": false, "Plans": [{"Node Type": "Aggregate", "Strategy": "Plain", "Partial Mode": "Partial", "Parent Relationship": "Outer", "Parallel Aware": false, "Startup Cost": 4717911.69, "Total Cost": 4717911.7, "Plan Rows": 1, "Plan Width": 32, "Plans": [{"Node Type": "Merge Join", "Parent Relationship": "Outer", "Parallel Aware": false, "Join Type": "Inner", "Startup Cost": 19.18, "Total Cost": 4717896.19, "Plan Rows": 6200, "Plan Width": 8, "Inner Unique": false, "Merge Cond": "(lineitem.l_partkey = part.p_partkey)", "Join Filter": "(lineitem.l_quantity < ((0.2 * avg(lineitem_1.l_quantity))))", "Plans": [{"Node Type": "Index Scan", "Parent Relationship": "Outer", "Parallel Aware": true, "Scan Direction": "Forward", "Index Name": "idx_lineitem_part_supp", "Relation Name": "lineitem", "Alias": "lineitem", "Startup Cost": 0.56, "Total Cost": 1911574.61, "Plan Rows": 19350250, "Plan Width": 17}, {"Node Type": "Materialize", "Parent Relationship": "Inner", "Parallel Aware": false, "Startup Cost": 0.99, "Total Cost": 2757625.17, "Plan Rows": 1923, "Plan Width": 40, "Plans": [{"Node Type": "Merge Join", "Parent Relationship": "Outer", "Parallel Aware": false, "Join Type": "Inner", "Startup Cost": 0.99, "Total Cost": 2757620.36, "Plan Rows": 1923, "Plan Width": 40, "Inner Unique": true, "Merge Cond": "(part.p_partkey = lineitem_1.l_partkey)", "Plans": [{"Node Type": "Index Scan", "Parent Relationship": "Outer", "Parallel Aware": false, "Scan Direction": "Forward", "Index Name": "part_pkey", "Relation Name": "part", "Alias": "part", "Startup Cost": 0.43, "Total Cost": 86998.23, "Plan Rows": 2005, "Plan Width": 4, "Filter": "((p_brand = 'Brand#15'::bpchar) AND (p_container = 'JUMBO BAG'::bpchar))"}, {"Node Type": "Aggregate", "Strategy": "Sorted", "Partial Mode": "Simple", "Parent Relationship": "Inner", "Parallel Aware": false, "Startup Cost": 0.56, "Total Cost": 2646625.56, "Plan Rows": 1917787, "Plan Width": 36, "Group Key": ["lineitem_1.l_partkey"], "Plans": [{"Node Type": "Index Scan", "Parent Relationship": "Outer", "Parallel Aware": false, "Scan Direction": "Forward", "Index Name": "idx_lineitem_part_supp", "Relation Name": "lineitem", "Alias": "lineitem_1", "Startup Cost": 0.56, "Total Cost": 2317929.87, "Plan Rows": 59985776, "Plan Width": 9}]}]}]}]}]}]}]}]}}, {"Plan": {"Node Type": "Limit", "Parallel Aware": false, "Startup Cost": 2761609.55, "Total Cost": 2761609.56, "Plan Rows": 1, "Plan Width": 32, "Plans": [{"Node Type": "Aggregate", "Strategy": "Plain", "Partial Mode": "Simple", "Parent Relationship": "Outer", "Parallel Aware": false, "Startup Cost": 2761609.55, "Total Cost": 2761609.56, "Plan Rows": 1, "Plan Width": 32, "Plans": [{"Node Type": "Nested Loop", "Parent Relationship": "Outer", "Parallel Aware": false, "Join Type": "Inner", "Startup Cost": 1.56, "Total Cost": 2761561.49, "Plan Rows": 19221, "Plan Width": 8, "Inner Unique": false, "Join Filter": "(part.p_partkey = lineitem.l_partkey)", "Plans": [{"Node Type": "Merge Join", "Parent Relationship": "Outer", "Parallel Aware": false, "Join Type": "Inner", "Startup Cost": 0.99, "Total Cost": 2757620.36, "Plan Rows": 1923, "Plan Width": 40, "Inner Unique": true, "Merge Cond": "(part.p_partkey = lineitem_1.l_partkey)", "Plans": [{"Node Type": "Index Scan", "Parent Relationship": "Outer", "Parallel Aware": false, "Scan Direction": "Forward", "Index Name": "part_pkey", "Relation Name": "part", "Alias": "part", "Startup Cost": 0.43, "Total Cost": 86998.23, "Plan Rows": 2005, "Plan Width": 4, "Filter": "((p_brand = 'Brand#15'::bpchar) AND (p_container = 'JUMBO BAG'::bpchar))"}, {"Node Type": "Aggregate", "Strategy": "Sorted", "Partial Mode": "Simple", "Parent Relationship": "Inner", "Parallel Aware": false, "Startup Cost": 0.56, "Total Cost": 2646625.56, "Plan Rows": 1917787, "Plan Width": 36, "Group Key": ["lineitem_1.l_partkey"], "Plans": [{"Node Type": "Index Scan", "Parent Relationship": "Outer", "Parallel Aware": false, "Scan Direction": "Forward", "Index Name": "idx_lineitem_part_supp", "Relation Name": "lineitem", "Alias": "lineitem_1", "Startup Cost": 0.56, "Total Cost": 2317929.87, "Plan Rows": 59985776, "Plan Width": 9}]}]}, {"Node Type": "Index Scan", "Parent Relationship": "Inner", "Parallel Aware": false, "Scan Direction": "Forward", "Index Name": "idx_lineitem_part_supp", "Relation Name": "lineitem", "Alias": "lineitem", "Startup Cost": 0.56, "Total Cost": 1.92, "Plan Rows": 10, "Plan Width": 17, "Index Cond": "(l_partkey = lineitem_1.l_partkey)", "Filter": "(l_quantity < ((0.2 * avg(lineitem_1.l_quantity))))"}]}]}]}}, {"Plan": {"Node Type": "Limit", "Parallel Aware": false, "Startup Cost": 2723563.46, "Total Cost": 2723563.47, "Plan Rows": 1, "Plan Width": 32, "Plans": [{"Node Type": "Aggregate", "Strategy": "Plain", "Partial Mode": "Finalize", "Parent Relationship": "Outer", "Parallel Aware": false, "Startup Cost": 2723563.46, "Total Cost": 2723563.47, "Plan Rows": 1, "Plan Width": 32, "Plans": [{"Node Type": "Gather", "Parent Relationship": "Outer", "Parallel Aware": false, "Startup Cost": 2723563.13, "Total Cost": 2723563.44, "Plan Rows": 3, "Plan Width": 32, "Workers Planned": 3, "Single Copy": false, "Plans": [{"Node Type": "Aggregate", "Strategy": "Plain", "Partial Mode": "Partial", "Parent Relationship": "Outer", "Parallel Aware": false, "Startup Cost": 2722563.13, "Total Cost": 2722563.14, "Plan Rows": 1, "Plan Width": 32, "Plans": [{"Node Type": "Nested Loop", "Parent Relationship": "Outer", "Parallel Aware": false, "Join Type": "Inner", "Startup Cost": 50670.76, "Total Cost": 2722547.63, "Plan Rows": 6200, "Plan Width": 8, "Inner Unique": false, "Join Filter": "(part.p_partkey = lineitem.l_partkey)", "Plans": [{"Node Type": "Merge Join", "Parent Relationship": "Outer", "Parallel Aware": false, "Join Type": "Inner", "Startup Cost": 50670.19, "Total Cost": 2721276.96, "Plan Rows": 620, "Plan Width": 40, "Inner Unique": true, "Merge Cond": "(part.p_partkey = lineitem_1.l_partkey)", "Plans": [{"Node Type": "Sort", "Parent Relationship": "Outer", "Parallel Aware": false, "Startup Cost": 50669.63, "Total Cost": 50671.24, "Plan Rows": 647, "Plan Width": 4, "Sort Key": ["part.p_partkey"], "Plans": [{"Node Type": "Seq Scan", "Parent Relationship": "Outer", "Parallel Aware": true, "Relation Name": "part", "Alias": "part", "Startup Cost": 0.0, "Total Cost": 50639.42, "Plan Rows": 647, "Plan Width": 4, "Filter": "((p_brand = 'Brand#15'::bpchar) AND (p_container = 'JUMBO BAG'::bpchar))"}]}, {"Node Type": "Aggregate", "Strategy": "Sorted", "Partial Mode": "Simple", "Parent Relationship": "Inner", "Parallel Aware": false, "Startup Cost": 0.56, "Total Cost": 2646625.56, "Plan Rows": 1917787, "Plan Width": 36, "Group Key": ["lineitem_1.l_partkey"], "Plans": [{"Node Type": "Index Scan", "Parent Relationship": "Outer", "Parallel Aware": false, "Scan Direction": "Forward", "Index Name": "idx_lineitem_part_supp", "Relation Name": "lineitem", "Alias": "lineitem_1", "Startup Cost": 0.56, "Total Cost": 2317929.87, "Plan Rows": 59985776, "Plan Width": 9}]}]}, {"Node Type": "Index Scan", "Parent Relationship": "Inner", "Parallel Aware": false, "Scan Direction": "Forward", "Index Name": "idx_lineitem_part_supp", "Relation Name": "lineitem", "Alias": "lineitem", "Startup Cost": 0.56, "Total Cost": 1.92, "Plan Rows": 10, "Plan Width": 17, "Index Cond": "(l_partkey = lineitem_1.l_partkey)", "Filter": "(l_quantity < ((0.2 * avg(lineitem_1.l_quantity))))"}]}]}]}]}]}}, {"Plan": {"Node Type": "Limit", "Parallel Aware": false, "Startup Cost": 4707915.44, "Total Cost": 4707915.45, "Plan Rows": 1, "Plan Width": 32, "Plans": [{"Node Type": "Aggregate", "Strategy": "Plain", "Partial Mode": "Finalize", "Parent Relationship": "Outer", "Parallel Aware": false, "Startup Cost": 4707915.44, "Total Cost": 4707915.45, "Plan Rows": 1, "Plan Width": 32, "Plans": [{"Node Type": "Gather", "Parent Relationship": "Outer", "Parallel Aware": false, "Startup Cost": 4707915.11, "Total Cost": 4707915.42, "Plan Rows": 3, "Plan Width": 32, "Workers Planned": 3, "Single Copy": false, "Plans": [{"Node Type": "Aggregate", "Strategy": "Plain", "Partial Mode": "Partial", "Parent Relationship": "Outer", "Parallel Aware": false, "Startup Cost": 4706915.11, "Total Cost": 4706915.12, "Plan Rows": 1, "Plan Width": 32, "Plans": [{"Node Type": "Merge Join", "Parent Relationship": "Outer", "Parallel Aware": false, "Join Type": "Inner", "Startup Cost": 71090.72, "Total Cost": 4706899.61, "Plan Rows": 6200, "Plan Width": 8, "Inner Unique": true, "Merge Cond": "(part.p_partkey = lineitem_1.l_partkey)", "Join Filter": "(lineitem.l_quantity < ((0.2 * avg(lineitem_1.l_quantity))))", "Plans": [{"Node Type": "Merge Join", "Parent Relationship": "Outer", "Parallel Aware": false, "Join Type": "Inner", "Startup Cost": 71090.16, "Total Cost": 2031226.22, "Plan Rows": 19399, "Plan Width": 21, "Inner Unique": true, "Merge Cond": "(lineitem.l_partkey = part.p_partkey)", "Plans": [{"Node Type": "Index Scan", "Parent Relationship": "Outer", "Parallel Aware": true, "Scan Direction": "Forward", "Index Name": "idx_lineitem_part_supp", "Relation Name": "lineitem", "Alias": "lineitem", "Startup Cost": 0.56, "Total Cost": 1911574.61, "Plan Rows": 19350250, "Plan Width": 17}, {"Node Type": "Sort", "Parent Relationship": "Inner", "Parallel Aware": false, "Startup Cost": 71071.97, "Total Cost": 71076.98, "Plan Rows": 2005, "Plan Width": 4, "Sort Key": ["part.p_partkey"], "Plans": [{"Node Type": "Seq Scan", "Parent Relationship": "Outer", "Parallel Aware": false, "Relation Name": "part", "Alias": "part", "Startup Cost": 0.0, "Total Cost": 70962.0, "Plan Rows": 2005, "Plan Width": 4, "Filter": "((p_brand = 'Brand#15'::bpchar) AND (p_container = 'JUMBO BAG'::bpchar))"}]}]}, {"Node Type": "Materialize", "Parent Relationship": "Inner", "Parallel Aware": false, "Startup Cost": 0.56, "Total Cost": 2670597.89, "Plan Rows": 1917787, "Plan Width": 36, "Plans": [{"Node Type": "Aggregate", "Strategy": "Sorted", "Partial Mode": "Simple", "Parent Relationship": "Outer", "Parallel Aware": false, "Startup Cost": 0.56, "Total Cost": 2646625.56, "Plan Rows": 1917787, "Plan Width": 36, "Group Key": ["lineitem_1.l_partkey"], "Plans": [{"Node Type": "Index Scan", "Parent Relationship": "Outer", "Parallel Aware": false, "Scan Direction": "Forward", "Index Name": "idx_lineitem_part_supp", "Relation Name": "lineitem", "Alias": "lineitem_1", "Startup Cost": 0.56, "Total Cost": 2317929.87, "Plan Rows": 59985776, "Plan Width": 9}]}]}]}]}]}]}]}}, {"Plan": {"Node Type": "Limit", "Parallel Aware": false, "Startup Cost": 3583890.61, "Total Cost": 3583890.62, "Plan Rows": 1, "Plan Width": 32, "Plans": [{"Node Type": "Aggregate", "Strategy": "Plain", "Partial Mode": "Simple", "Parent Relationship": "Outer", "Parallel Aware": false, "Startup Cost": 3583890.61, "Total Cost": 3583890.62, "Plan Rows": 1, "Plan Width": 32, "Plans": [{"Node Type": "Nested Loop", "Parent Relationship": "Outer", "Parallel Aware": false, "Join Type": "Inner", "Startup Cost": 1.56, "Total Cost": 3583842.55, "Plan Rows": 19221, "Plan Width": 8, "Inner Unique": false, "Join Filter": "(part.p_partkey = lineitem.l_partkey)", "Plans": [{"Node Type": "Nested Loop", "Parent Relationship": "Outer", "Parallel Aware": false, "Join Type": "Inner", "Startup Cost": 0.99, "Total Cost": 3579901.43, "Plan Rows": 1923, "Plan Width": 40, "Inner Unique": true, "Plans": [{"Node Type": "Aggregate", "Strategy": "Sorted", "Partial Mode": "Simple", "Parent Relationship": "Outer", "Parallel Aware": false, "Startup Cost": 0.56, "Total Cost": 2646625.56, "Plan Rows": 1917787, "Plan Width": 36, "Group Key": ["lineitem_1.l_partkey"], "Plans": [{"Node Type": "Index Scan", "Parent Relationship": "Outer", "Parallel Aware": false, "Scan Direction": "Forward", "Index Name": "idx_lineitem_part_supp", "Relation Name": "lineitem", "Alias": "lineitem_1", "Startup Cost": 0.56, "Total Cost": 2317929.87, "Plan Rows": 59985776, "Plan Width": 9}]}, {"Node Type": "Index Scan", "Parent Relationship": "Inner", "Parallel Aware": false, "Scan Direction": "Forward", "Index Name": "part_pkey", "Relation Name": "part", "Alias": "part", "Startup Cost": 0.43, "Total Cost": 0.48, "Plan Rows": 1, "Plan Width": 4, "Index Cond": "(p_partkey = lineitem_1.l_partkey)", "Filter": "((p_brand = 'Brand#15'::bpchar) AND (p_container = 'JUMBO BAG'::bpchar))"}]}, {"Node Type": "Index Scan", "Parent Relationship": "Inner", "Parallel Aware": false, "Scan Direction": "Forward", "Index Name": "idx_lineitem_part_supp", "Relation Name": "lineitem", "Alias": "lineitem", "Startup Cost": 0.56, "Total Cost": 1.92, "Plan Rows": 10, "Plan Width": 17, "Index Cond": "(l_partkey = lineitem_1.l_partkey)", "Filter": "(l_quantity < ((0.2 * avg(lineitem_1.l_quantity))))"}]}]}]}}, {"Plan": {"Node Type": "Limit", "Parallel Aware": false, "Startup Cost": 3583890.61, "Total Cost": 3583890.62, "Plan Rows": 1, "Plan Width": 32, "Plans": [{"Node Type": "Aggregate", "Strategy": "Plain", "Partial Mode": "Simple", "Parent Relationship": "Outer", "Parallel Aware": false, "Startup Cost": 3583890.61, "Total Cost": 3583890.62, "Plan Rows": 1, "Plan Width": 32, "Plans": [{"Node Type": "Nested Loop", "Parent Relationship": "Outer", "Parallel Aware": false, "Join Type": "Inner", "Startup Cost": 1.56, "Total Cost": 3583842.55, "Plan Rows": 19221, "Plan Width": 8, "Inner Unique": false, "Join Filter": "(part.p_partkey = lineitem.l_partkey)", "Plans": [{"Node Type": "Nested Loop", "Parent Relationship": "Outer", "Parallel Aware": false, "Join Type": "Inner", "Startup Cost": 0.99, "Total Cost": 3579901.43, "Plan Rows": 1923, "Plan Width": 40, "Inner Unique": true, "Plans": [{"Node Type": "Aggregate", "Strategy": "Sorted", "Partial Mode": "Simple", "Parent Relationship": "Outer", "Parallel Aware": false, "Startup Cost": 0.56, "Total Cost": 2646625.56, "Plan Rows": 1917787, "Plan Width": 36, "Group Key": ["lineitem_1.l_partkey"], "Plans": [{"Node Type": "Index Scan", "Parent Relationship": "Outer", "Parallel Aware": false, "Scan Direction": "Forward", "Index Name": "idx_lineitem_part_supp", "Relation Name": "lineitem", "Alias": "lineitem_1", "Startup Cost": 0.56, "Total Cost": 2317929.87, "Plan Rows": 59985776, "Plan Width": 9}]}, {"Node Type": "Index Scan", "Parent Relationship": "Inner", "Parallel Aware": false, "Scan Direction": "Forward", "Index Name": "part_pkey", "Relation Name": "part", "Alias": "part", "Startup Cost": 0.43, "Total Cost": 0.48, "Plan Rows": 1, "Plan Width": 4, "Index Cond": "(p_partkey = lineitem_1.l_partkey)", "Filter": "((p_brand = 'Brand#15'::bpchar) AND (p_container = 'JUMBO BAG'::bpchar))"}]}, {"Node Type": "Index Scan", "Parent Relationship": "Inner", "Parallel Aware": false, "Scan Direction": "Forward", "Index Name": "idx_lineitem_part_supp", "Relation Name": "lineitem", "Alias": "lineitem", "Startup Cost": 0.56, "Total Cost": 1.92, "Plan Rows": 10, "Plan Width": 17, "Index Cond": "(l_partkey = lineitem_1.l_partkey)", "Filter": "(l_quantity < ((0.2 * avg(lineitem_1.l_quantity))))"}]}]}]}}, {"Plan": {"Node Type": "Limit", "Parallel Aware": false, "Startup Cost": 4852688.47, "Total Cost": 4852688.48, "Plan Rows": 1, "Plan Width": 32, "Plans": [{"Node Type": "Aggregate", "Strategy": "Plain", "Partial Mode": "Simple", "Parent Relationship": "Outer", "Parallel Aware": false, "Startup Cost": 4852688.47, "Total Cost": 4852688.48, "Plan Rows": 1, "Plan Width": 32, "Plans": [{"Node Type": "Nested Loop", "Parent Relationship": "Outer", "Parallel Aware": false, "Join Type": "Inner", "Startup Cost": 3906633.66, "Total Cost": 4852640.41, "Plan Rows": 19221, "Plan Width": 8, "Inner Unique": false, "Join Filter": "(part.p_partkey = lineitem.l_partkey)", "Plans": [{"Node Type": "Merge Join", "Parent Relationship": "Outer", "Parallel Aware": false, "Join Type": "Inner", "Startup Cost": 3906632.77, "Total Cost": 4847670.5, "Plan Rows": 1923, "Plan Width": 40, "Inner Unique": true, "Merge Cond": "(part.p_partkey = lineitem_1.l_partkey)", "Plans": [{"Node Type": "Sort", "Parent Relationship": "Outer", "Parallel Aware": false, "Startup Cost": 51949.89, "Total Cost": 51954.9, "Plan Rows": 2005, "Plan Width": 4, "Sort Key": ["part.p_partkey"], "Plans": [{"Node Type": "Gather", "Parent Relationship": "Outer", "Parallel Aware": false, "Startup Cost": 1000.0, "Total Cost": 51839.92, "Plan Rows": 2005, "Plan Width": 4, "Workers Planned": 3, "Single Copy": false, "Plans": [{"Node Type": "Seq Scan", "Parent Relationship": "Outer", "Parallel Aware": true, "Relation Name": "part", "Alias": "part", "Startup Cost": 0.0, "Total Cost": 50639.42, "Plan Rows": 647, "Plan Width": 4, "Filter": "((p_brand = 'Brand#15'::bpchar) AND (p_container = 'JUMBO BAG'::bpchar))"}]}]}, {"Node Type": "Aggregate", "Strategy": "Sorted", "Partial Mode": "Finalize", "Parent Relationship": "Inner", "Parallel Aware": false, "Startup Cost": 3854682.88, "Total Cost": 4771719.02, "Plan Rows": 1917787, "Plan Width": 36, "Group Key": ["lineitem_1.l_partkey"], "Plans": [{"Node Type": "Gather Merge", "Parent Relationship": "Outer", "Parallel Aware": false, "Startup Cost": 3854682.88, "Total Cost": 4699802.01, "Plan Rows": 5753361, "Plan Width": 36, "Workers Planned": 3, "Plans": [{"Node Type": "Aggregate", "Strategy": "Sorted", "Partial Mode": "Partial", "Parent Relationship": "Outer", "Parallel Aware": false, "Startup Cost": 3853682.84, "Total Cost": 4022782.05, "Plan Rows": 1917787, "Plan Width": 36, "Group Key": ["lineitem_1.l_partkey"], "Plans": [{"Node Type": "Sort", "Parent Relationship": "Outer", "Parallel Aware": false, "Startup Cost": 3853682.84, "Total Cost": 3902058.46, "Plan Rows": 19350250, "Plan Width": 9, "Sort Key": ["lineitem_1.l_partkey"], "Plans": [{"Node Type": "Seq Scan", "Parent Relationship": "Outer", "Parallel Aware": true, "Relation Name": "lineitem", "Alias": "lineitem_1", "Startup Cost": 0.0, "Total Cost": 1318044.5, "Plan Rows": 19350250, "Plan Width": 9}]}]}]}]}]}, {"Node Type": "Bitmap Heap Scan", "Parent Relationship": "Inner", "Parallel Aware": false, "Relation Name": "lineitem", "Alias": "lineitem", "Startup Cost": 0.89, "Total Cost": 2.46, "Plan Rows": 10, "Plan Width": 17, "Recheck Cond": "(l_partkey = lineitem_1.l_partkey)", "Filter": "(l_quantity < ((0.2 * avg(lineitem_1.l_quantity))))", "Plans": [{"Node Type": "Bitmap Index Scan", "Parent Relationship": "Outer", "Parallel Aware": false, "Index Name": "idx_lineitem_part_supp", "Startup Cost": 0.0, "Total Cost": 0.89, "Plan Rows": 31, "Plan Width": 0, "Index Cond": "(l_partkey = lineitem_1.l_partkey)"}]}]}]}]}}, {"Plan": {"Node Type": "Limit", "Parallel Aware": false, "Startup Cost": 8865275.84, "Total Cost": 8865275.85, "Plan Rows": 1, "Plan Width": 32, "Plans": [{"Node Type": "Aggregate", "Strategy": "Plain", "Partial Mode": "Simple", "Parent Relationship": "Outer", "Parallel Aware": false, "Startup Cost": 8865275.84, "Total Cost": 8865275.85, "Plan Rows": 1, "Plan Width": 32, "Plans": [{"Node Type": "Merge Join", "Parent Relationship": "Outer", "Parallel Aware": false, "Join Type": "Inner", "Startup Cost": 7819177.45, "Total Cost": 8865227.78, "Plan Rows": 19221, "Plan Width": 8, "Inner Unique": false, "Merge Cond": "(lineitem_1.l_partkey = part.p_partkey)", "Join Filter": "(lineitem.l_quantity < ((0.2 * avg(lineitem_1.l_quantity))))", "Plans": [{"Node Type": "Aggregate", "Strategy": "Sorted", "Partial Mode": "Finalize", "Parent Relationship": "Outer", "Parallel Aware": false, "Startup Cost": 3854682.88, "Total Cost": 4771719.02, "Plan Rows": 1917787, "Plan Width": 36, "Group Key": ["lineitem_1.l_partkey"], "Plans": [{"Node Type": "Gather Merge", "Parent Relationship": "Outer", "Parallel Aware": false, "Startup Cost": 3854682.88, "Total Cost": 4699802.01, "Plan Rows": 5753361, "Plan Width": 36, "Workers Planned": 3, "Plans": [{"Node Type": "Aggregate", "Strategy": "Sorted", "Partial Mode": "Partial", "Parent Relationship": "Outer", "Parallel Aware": false, "Startup Cost": 3853682.84, "Total Cost": 4022782.05, "Plan Rows": 1917787, "Plan Width": 36, "Group Key": ["lineitem_1.l_partkey"], "Plans": [{"Node Type": "Sort", "Parent Relationship": "Outer", "Parallel Aware": false, "Startup Cost": 3853682.84, "Total Cost": 3902058.46, "Plan Rows": 19350250, "Plan Width": 9, "Sort Key": ["lineitem_1.l_partkey"], "Plans": [{"Node Type": "Seq Scan", "Parent Relationship": "Outer", "Parallel Aware": true, "Relation Name": "lineitem", "Alias": "lineitem_1", "Startup Cost": 0.0, "Total Cost": 1318044.5, "Plan Rows": 19350250, "Plan Width": 9}]}]}]}]}, {"Node Type": "Materialize", "Parent Relationship": "Inner", "Parallel Aware": false, "Startup Cost": 3964494.57, "Total Cost": 4068665.28, "Plan Rows": 60136, "Plan Width": 21, "Plans": [{"Node Type": "Gather Merge", "Parent Relationship": "Outer", "Parallel Aware": false, "Startup Cost": 3964494.57, "Total Cost": 4068514.94, "Plan Rows": 60136, "Plan Width": 21, "Workers Planned": 3, "Plans": [{"Node Type": "Merge Join", "Parent Relationship": "Outer", "Parallel Aware": false, "Join Type": "Inner", "Startup Cost": 3963494.53, "Total Cost": 4060448.92, "Plan Rows": 19399, "Plan Width": 21, "Inner Unique": true, "Merge Cond": "(lineitem.l_partkey = part.p_partkey)", "Plans": [{"Node Type": "Sort", "Parent Relationship": "Outer", "Parallel Aware": false, "Startup Cost": 3892421.69, "Total Cost": 3940797.31, "Plan Rows": 19350250, "Plan Width": 17, "Sort Key": ["lineitem.l_partkey"], "Plans": [{"Node Type": "Seq Scan", "Parent Relationship": "Outer", "Parallel Aware": true, "Relation Name": "lineitem", "Alias": "lineitem", "Startup Cost": 0.0, "Total Cost": 1318044.5, "Plan Rows": 19350250, "Plan Width": 17}]}, {"Node Type": "Sort", "Parent Relationship": "Inner", "Parallel Aware": false, "Startup Cost": 71071.97, "Total Cost": 71076.98, "Plan Rows": 2005, "Plan Width": 4, "Sort Key": ["part.p_partkey"], "Plans": [{"Node Type": "Seq Scan", "Parent Relationship": "Outer", "Parallel Aware": false, "Relation Name": "part", "Alias": "part", "Startup Cost": 0.0, "Total Cost": 70962.0, "Plan Rows": 2005, "Plan Width": 4, "Filter": "((p_brand = 'Brand#15'::bpchar) AND (p_container = 'JUMBO BAG'::bpchar))"}]}]}]}]}]}]}]}}, {"Plan": {"Node Type": "Limit", "Parallel Aware": false, "Startup Cost": 7779793.2, "Total Cost": 7779793.22, "Plan Rows": 1, "Plan Width": 32, "Plans": [{"Node Type": "Aggregate", "Strategy": "Plain", "Partial Mode": "Simple", "Parent Relationship": "Outer", "Parallel Aware": false, "Startup Cost": 7779793.2, "Total Cost": 7779793.22, "Plan Rows": 1, "Plan Width": 32, "Plans": [{"Node Type": "Nested Loop", "Parent Relationship": "Outer", "Parallel Aware": false, "Join Type": "Inner", "Startup Cost": 3854684.21, "Total Cost": 7779745.15, "Plan Rows": 19221, "Plan Width": 8, "Inner Unique": false, "Join Filter": "(part.p_partkey = lineitem.l_partkey)", "Plans": [{"Node Type": "Nested Loop", "Parent Relationship": "Outer", "Parallel Aware": false, "Join Type": "Inner", "Startup Cost": 3854683.32, "Total Cost": 7774775.24, "Plan Rows": 1923, "Plan Width": 40, "Inner Unique": true, "Plans": [{"Node Type": "Aggregate", "Strategy": "Sorted", "Partial Mode": "Finalize", "Parent Relationship": "Outer", "Parallel Aware": false, "Startup Cost": 3854682.88, "Total Cost": 4771719.02, "Plan Rows": 1917787, "Plan Width": 36, "Group Key": ["lineitem_1.l_partkey"], "Plans": [{"Node Type": "Gather Merge", "Parent Relationship": "Outer", "Parallel Aware": false, "Startup Cost": 3854682.88, "Total Cost": 4699802.01, "Plan Rows": 5753361, "Plan Width": 36, "Workers Planned": 3, "Plans": [{"Node Type": "Aggregate", "Strategy": "Sorted", "Partial Mode": "Partial", "Parent Relationship": "Outer", "Parallel Aware": false, "Startup Cost": 3853682.84, "Total Cost": 4022782.05, "Plan Rows": 1917787, "Plan Width": 36, "Group Key": ["lineitem_1.l_partkey"], "Plans": [{"Node Type": "Sort", "Parent Relationship": "Outer", "Parallel Aware": false, "Startup Cost": 3853682.84, "Total Cost": 3902058.46, "Plan Rows": 19350250, "Plan Width": 9, "Sort Key": ["lineitem_1.l_partkey"], "Plans": [{"Node Type": "Seq Scan", "Parent Relationship": "Outer", "Parallel Aware": true, "Relation Name": "lineitem", "Alias": "lineitem_1", "Startup Cost": 0.0, "Total Cost": 1318044.5, "Plan Rows": 19350250, "Plan Width": 9}]}]}]}]}, {"Node Type": "Bitmap Heap Scan", "Parent Relationship": "Inner", "Parallel Aware": false, "Relation Name": "part", "Alias": "part", "Startup Cost": 0.44, "Total Cost": 1.56, "Plan Rows": 1, "Plan Width": 4, "Recheck Cond": "(p_partkey = lineitem_1.l_partkey)", "Filter": "((p_brand = 'Brand#15'::bpchar) AND (p_container = 'JUMBO BAG'::bpchar))", "Plans": [{"Node Type": "Bitmap Index Scan", "Parent Relationship": "Outer", "Parallel Aware": false, "Index Name": "part_pkey", "Startup Cost": 0.0, "Total Cost": 0.44, "Plan Rows": 1, "Plan Width": 0, "Index Cond": "(p_partkey = lineitem_1.l_partkey)"}]}]}, {"Node Type": "Bitmap Heap Scan", "Parent Relationship": "Inner", "Parallel Aware": false, "Relation Name": "lineitem", "Alias": "lineitem", "Startup Cost": 0.89, "Total Cost": 2.46, "Plan Rows": 10, "Plan Width": 17, "Recheck Cond": "(l_partkey = lineitem_1.l_partkey)", "Filter": "(l_quantity < ((0.2 * avg(lineitem_1.l_quantity))))", "Plans": [{"Node Type": "Bitmap Index Scan", "Parent Relationship": "Outer", "Parallel Aware": false, "Index Name": "idx_lineitem_part_supp", "Startup Cost": 0.0, "Total Cost": 0.89, "Plan Rows": 31, "Plan Width": 0, "Index Cond": "(l_partkey = lineitem_1.l_partkey)"}]}]}]}]}}, {"Plan": {"Node Type": "Limit", "Parallel Aware": false, "Startup Cost": 2723563.46, "Total Cost": 2723563.47, "Plan Rows": 1, "Plan Width": 32, "Plans": [{"Node Type": "Aggregate", "Strategy": "Plain", "Partial Mode": "Finalize", "Parent Relationship": "Outer", "Parallel Aware": false, "Startup Cost": 2723563.46, "Total Cost": 2723563.47, "Plan Rows": 1, "Plan Width": 32, "Plans": [{"Node Type": "Gather", "Parent Relationship": "Outer", "Parallel Aware": false, "Startup Cost": 2723563.13, "Total Cost": 2723563.44, "Plan Rows": 3, "Plan Width": 32, "Workers Planned": 3, "Single Copy": false, "Plans": [{"Node Type": "Aggregate", "Strategy": "Plain", "Partial Mode": "Partial", "Parent Relationship": "Outer", "Parallel Aware": false, "Startup Cost": 2722563.13, "Total Cost": 2722563.14, "Plan Rows": 1, "Plan Width": 32, "Plans": [{"Node Type": "Nested Loop", "Parent Relationship": "Outer", "Parallel Aware": false, "Join Type": "Inner", "Startup Cost": 50670.76, "Total Cost": 2722547.63, "Plan Rows": 6200, "Plan Width": 8, "Inner Unique": false, "Join Filter": "(part.p_partkey = lineitem.l_partkey)", "Plans": [{"Node Type": "Merge Join", "Parent Relationship": "Outer", "Parallel Aware": false, "Join Type": "Inner", "Startup Cost": 50670.19, "Total Cost": 2721276.96, "Plan Rows": 620, "Plan Width": 40, "Inner Unique": true, "Merge Cond": "(part.p_partkey = lineitem_1.l_partkey)", "Plans": [{"Node Type": "Sort", "Parent Relationship": "Outer", "Parallel Aware": false, "Startup Cost": 50669.63, "Total Cost": 50671.24, "Plan Rows": 647, "Plan Width": 4, "Sort Key": ["part.p_partkey"], "Plans": [{"Node Type": "Seq Scan", "Parent Relationship": "Outer", "Parallel Aware": true, "Relation Name": "part", "Alias": "part", "Startup Cost": 0.0, "Total Cost": 50639.42, "Plan Rows": 647, "Plan Width": 4, "Filter": "((p_brand = 'Brand#15'::bpchar) AND (p_container = 'JUMBO BAG'::bpchar))"}]}, {"Node Type": "Aggregate", "Strategy": "Sorted", "Partial Mode": "Simple", "Parent Relationship": "Inner", "Parallel Aware": false, "Startup Cost": 0.56, "Total Cost": 2646625.56, "Plan Rows": 1917787, "Plan Width": 36, "Group Key": ["lineitem_1.l_partkey"], "Plans": [{"Node Type": "Index Scan", "Parent Relationship": "Outer", "Parallel Aware": false, "Scan Direction": "Forward", "Index Name": "idx_lineitem_part_supp", "Relation Name": "lineitem", "Alias": "lineitem_1", "Startup Cost": 0.56, "Total Cost": 2317929.87, "Plan Rows": 59985776, "Plan Width": 9}]}]}, {"Node Type": "Index Scan", "Parent Relationship": "Inner", "Parallel Aware": false, "Scan Direction": "Forward", "Index Name": "idx_lineitem_part_supp", "Relation Name": "lineitem", "Alias": "lineitem", "Startup Cost": 0.56, "Total Cost": 1.92, "Plan Rows": 10, "Plan Width": 17, "Index Cond": "(l_partkey = lineitem_1.l_partkey)", "Filter": "(l_quantity < ((0.2 * avg(lineitem_1.l_quantity))))"}]}]}]}]}]}}]