[{"Plan": {"Node Type": "Limit", "Parallel Aware": false, "Startup Cost": 30002882829.81, "Total Cost": 30002882829.82, "Plan Rows": 1, "Plan Width": 32, "Plans": [{"Node Type": "Aggregate", "Strategy": "Plain", "Partial Mode": "Simple", "Parent Relationship": "Outer", "Parallel Aware": false, "Startup Cost": 30002882829.81, "Total Cost": 30002882829.82, "Plan Rows": 1, "Plan Width": 32, "Plans": [{"Node Type": "Hash Join", "Parent Relationship": "Outer", "Parallel Aware": false, "Join Type": "Inner", "Startup Cost": 30002704761.09, "Total Cost": 30002882780.7, "Plan Rows": 19643, "Plan Width": 8, "Inner Unique": true, "Hash Cond": "(part.p_partkey = lineitem_1.l_partkey)", "Join Filter": "(lineitem.l_quantity < ((0.2 * avg(lineitem_1.l_quantity))))", "Plans": [{"Node Type": "Nested Loop", "Parent Relationship": "Outer", "Parallel Aware": false, "Join Type": "Inner", "Startup Cost": 20000000002.33, "Total Cost": 20000162155.61, "Plan Rows": 61455, "Plan Width": 21, "Inner Unique": false, "Plans": [{"Node Type": "Index Scan", "Parent Relationship": "Outer", "Parallel Aware": false, "Scan Direction": "Forward", "Index Name": "part_pkey", "Relation Name": "part", "Alias": "part", "Startup Cost": 10000000000.43, "Total Cost": 10000086998.23, "Plan Rows": 2049, "Plan Width": 4, "Filter": "((p_brand = 'Brand#11'::bpchar) AND (p_container = 'WRAP BAG'::bpchar))"}, {"Node Type": "Bitmap Heap Scan", "Parent Relationship": "Inner", "Parallel Aware": false, "Relation Name": "lineitem", "Alias": "lineitem", "Startup Cost": 1.9, "Total Cost": 36.37, "Plan Rows": 31, "Plan Width": 17, "Recheck Cond": "(l_partkey = part.p_partkey)", "Plans": [{"Node Type": "Bitmap Index Scan", "Parent Relationship": "Outer", "Parallel Aware": false, "Index Name": "idx_lineitem_part_supp", "Startup Cost": 0.0, "Total Cost": 1.89, "Plan Rows": 31, "Plan Width": 0, "Index Cond": "(l_partkey = part.p_partkey)"}]}]}, {"Node Type": "Hash", "Parent Relationship": "Inner", "Parallel Aware": false, "Startup Cost": 10002665803.43, "Total Cost": 10002665803.43, "Plan Rows": 1917787, "Plan Width": 36, "Plans": [{"Node Type": "Aggregate", "Strategy": "Sorted", "Partial Mode": "Simple", "Parent Relationship": "Outer", "Parallel Aware": false, "Startup Cost": 10000000000.57, "Total Cost": 10002646625.56, "Plan Rows": 1917787, "Plan Width": 36, "Group Key": ["lineitem_1.l_partkey"], "Plans": [{"Node Type": "Index Scan", "Parent Relationship": "Outer", "Parallel Aware": false, "Scan Direction": "Forward", "Index Name": "idx_lineitem_part_supp", "Relation Name": "lineitem", "Alias": "lineitem_1", "Startup Cost": 10000000000.57, "Total Cost": 10002317929.87, "Plan Rows": 59985776, "Plan Width": 9}]}]}]}]}]}}, {"Plan": {"Node Type": "Limit", "Parallel Aware": false, "Startup Cost": 4750097.01, "Total Cost": 4750097.03, "Plan Rows": 1, "Plan Width": 32, "Plans": [{"Node Type": "Aggregate", "Strategy": "Plain", "Partial Mode": "Finalize", "Parent Relationship": "Outer", "Parallel Aware": false, "Startup Cost": 4750097.01, "Total Cost": 4750097.03, "Plan Rows": 1, "Plan Width": 32, "Plans": [{"Node Type": "Gather", "Parent Relationship": "Outer", "Parallel Aware": false, "Startup Cost": 4750096.69, "Total Cost": 4750097.0, "Plan Rows": 3, "Plan Width": 32, "Workers Planned": 3, "Single Copy": false, "Plans": [{"Node Type": "Aggregate", "Strategy": "Plain", "Partial Mode": "Partial", "Parent Relationship": "Outer", "Parallel Aware": false, "Startup Cost": 4749096.69, "Total Cost": 4749096.7, "Plan Rows": 1, "Plan Width": 32, "Plans": [{"Node Type": "Hash Join", "Parent Relationship": "Outer", "Parallel Aware": false, "Join Type": "Inner", "Startup Cost": 2771443.24, "Total Cost": 4749080.84, "Plan Rows": 6336, "Plan Width": 8, "Inner Unique": true, "Hash Cond": "(part.p_partkey = lineitem_1.l_partkey)", "Join Filter": "(lineitem.l_quantity < ((0.2 * avg(lineitem_1.l_quantity))))", "Plans": [{"Node Type": "Hash Join", "Parent Relationship": "Outer", "Parallel Aware": true, "Join Type": "Inner", "Startup Cost": 66684.47, "Total Cost": 2029053.04, "Plan Rows": 19824, "Plan Width": 21, "Inner Unique": true, "Hash Cond": "(lineitem.l_partkey = part.p_partkey)", "Plans": [{"Node Type": "Index Scan", "Parent Relationship": "Outer", "Parallel Aware": true, "Scan Direction": "Forward", "Index Name": "idx_lineitem_part_supp", "Relation Name": "lineitem", "Alias": "lineitem", "Startup Cost": 0.56, "Total Cost": 1911574.61, "Plan Rows": 19350250, "Plan Width": 17}, {"Node Type": "Hash", "Parent Relationship": "Inner", "Parallel Aware": true, "Startup Cost": 66675.65, "Total Cost": 66675.65, "Plan Rows": 661, "Plan Width": 4, "Plans": [{"Node Type": "Index Scan", "Parent Relationship": "Outer", "Parallel Aware": true, "Scan Direction": "Forward", "Index Name": "part_pkey", "Relation Name": "part", "Alias": "part", "Startup Cost": 0.43, "Total Cost": 66675.65, "Plan Rows": 661, "Plan Width": 4, "Filter": "((p_brand = 'Brand#11'::bpchar) AND (p_container = 'WRAP BAG'::bpchar))"}]}]}, {"Node Type": "Hash", "Parent Relationship": "Inner", "Parallel Aware": false, "Startup Cost": 2665803.43, "Total Cost": 2665803.43, "Plan Rows": 1917787, "Plan Width": 36, "Plans": [{"Node Type": "Aggregate", "Strategy": "Sorted", "Partial Mode": "Simple", "Parent Relationship": "Outer", "Parallel Aware": false, "Startup Cost": 0.56, "Total Cost": 2646625.56, "Plan Rows": 1917787, "Plan Width": 36, "Group Key": ["lineitem_1.l_partkey"], "Plans": [{"Node Type": "Index Scan", "Parent Relationship": "Outer", "Parallel Aware": false, "Scan Direction": "Forward", "Index Name": "idx_lineitem_part_supp", "Relation Name": "lineitem", "Alias": "lineitem_1", "Startup Cost": 0.56, "Total Cost": 2317929.87, "Plan Rows": 59985776, "Plan Width": 9}]}]}]}]}]}]}]}}, {"Plan": {"Node Type": "Limit", "Parallel Aware": false, "Startup Cost": 4718920.01, "Total Cost": 4718920.03, "Plan Rows": 1, "Plan Width": 32, "Plans": [{"Node Type": "Aggregate", "Strategy": "Plain", "Partial Mode": "Finalize", "Parent Relationship": "Outer", "Parallel Aware": false, "Startup Cost": 4718920.01, "Total Cost": 4718920.03, "Plan Rows": 1, "Plan Width": 32, "Plans": [{"Node Type": "Gather", "Parent Relationship": "Outer", "Parallel Aware": false, "Startup Cost": 4718919.69, "Total Cost": 4718920.0, "Plan Rows": 3, "Plan Width": 32, "Workers Planned": 3, "Single Copy": false, "Plans": [{"Node Type": "Aggregate", "Strategy": "Plain", "Partial Mode": "Partial", "Parent Relationship": "Outer", "Parallel Aware": false, "Startup Cost": 4717919.69, "Total Cost": 4717919.7, "Plan Rows": 1, "Plan Width": 32, "Plans": [{"Node Type": "Merge Join", "Parent Relationship": "Outer", "Parallel Aware": false, "Join Type": "Inner", "Startup Cost": 19.18, "Total Cost": 4717903.84, "Plan Rows": 6336, "Plan Width": 8, "Inner Unique": false, "Merge Cond": "(lineitem.l_partkey = part.p_partkey)", "Join Filter": "(lineitem.l_quantity < ((0.2 * avg(lineitem_1.l_quantity))))", "Plans": [{"Node Type": "Index Scan", "Parent Relationship": "Outer", "Parallel Aware": true, "Scan Direction": "Forward", "Index Name": "idx_lineitem_part_supp", "Relation Name": "lineitem", "Alias": "lineitem", "Startup Cost": 0.56, "Total Cost": 1911574.61, "Plan Rows": 19350250, "Plan Width": 17}, {"Node Type": "Materialize", "Parent Relationship": "Inner", "Parallel Aware": false, "Startup Cost": 0.99, "Total Cost": 2757625.81, "Plan Rows": 1965, "Plan Width": 40, "Plans": [{"Node Type": "Merge Join", "Parent Relationship": "Outer", "Parallel Aware": false, "Join Type": "Inner", "Startup Cost": 0.99, "Total Cost": 2757620.89, "Plan Rows": 1965, "Plan Width": 40, "Inner Unique": true, "Merge Cond": "(part.p_partkey = lineitem_1.l_partkey)", "Plans": [{"Node Type": "Index Scan", "Parent Relationship": "Outer", "Parallel Aware": false, "Scan Direction": "Forward", "Index Name": "part_pkey", "Relation Name": "part", "Alias": "part", "Startup Cost": 0.43, "Total Cost": 86998.23, "Plan Rows": 2049, "Plan Width": 4, "Filter": "((p_brand = 'Brand#11'::bpchar) AND (p_container = 'WRAP BAG'::bpchar))"}, {"Node Type": "Aggregate", "Strategy": "Sorted", "Partial Mode": "Simple", "Parent Relationship": "Inner", "Parallel Aware": false, "Startup Cost": 0.56, "Total Cost": 2646625.56, "Plan Rows": 1917787, "Plan Width": 36, "Group Key": ["lineitem_1.l_partkey"], "Plans": [{"Node Type": "Index Scan", "Parent Relationship": "Outer", "Parallel Aware": false, "Scan Direction": "Forward", "Index Name": "idx_lineitem_part_supp", "Relation Name": "lineitem", "Alias": "lineitem_1", "Startup Cost": 0.56, "Total Cost": 2317929.87, "Plan Rows": 59985776, "Plan Width": 9}]}]}]}]}]}]}]}]}}, {"Plan": {"Node Type": "Limit", "Parallel Aware": false, "Startup Cost": 2761697.21, "Total Cost": 2761697.22, "Plan Rows": 1, "Plan Width": 32, "Plans": [{"Node Type": "Aggregate", "Strategy": "Plain", "Partial Mode": "Simple", "Parent Relationship": "Outer", "Parallel Aware": false, "Startup Cost": 2761697.21, "Total Cost": 2761697.22, "Plan Rows": 1, "Plan Width": 32, "Plans": [{"Node Type": "Nested Loop", "Parent Relationship": "Outer", "Parallel Aware": false, "Join Type": "Inner", "Startup Cost": 1.56, "Total Cost": 2761648.1, "Plan Rows": 19643, "Plan Width": 8, "Inner Unique": false, "Join Filter": "(part.p_partkey = lineitem.l_partkey)", "Plans": [{"Node Type": "Merge Join", "Parent Relationship": "Outer", "Parallel Aware": false, "Join Type": "Inner", "Startup Cost": 0.99, "Total Cost": 2757620.89, "Plan Rows": 1965, "Plan Width": 40, "Inner Unique": true, "Merge Cond": "(part.p_partkey = lineitem_1.l_partkey)", "Plans": [{"Node Type": "Index Scan", "Parent Relationship": "Outer", "Parallel Aware": false, "Scan Direction": "Forward", "Index Name": "part_pkey", "Relation Name": "part", "Alias": "part", "Startup Cost": 0.43, "Total Cost": 86998.23, "Plan Rows": 2049, "Plan Width": 4, "Filter": "((p_brand = 'Brand#11'::bpchar) AND (p_container = 'WRAP BAG'::bpchar))"}, {"Node Type": "Aggregate", "Strategy": "Sorted", "Partial Mode": "Simple", "Parent Relationship": "Inner", "Parallel Aware": false, "Startup Cost": 0.56, "Total Cost": 2646625.56, "Plan Rows": 1917787, "Plan Width": 36, "Group Key": ["lineitem_1.l_partkey"], "Plans": [{"Node Type": "Index Scan", "Parent Relationship": "Outer", "Parallel Aware": false, "Scan Direction": "Forward", "Index Name": "idx_lineitem_part_supp", "Relation Name": "lineitem", "Alias": "lineitem_1", "Startup Cost": 0.56, "Total Cost": 2317929.87, "Plan Rows": 59985776, "Plan Width": 9}]}]}, {"Node Type": "Index Scan", "Parent Relationship": "Inner", "Parallel Aware": false, "Scan Direction": "Forward", "Index Name": "idx_lineitem_part_supp", "Relation Name": "lineitem", "Alias": "lineitem", "Startup Cost": 0.56, "Total Cost": 1.92, "Plan Rows": 10, "Plan Width": 17, "Index Cond": "(l_partkey = lineitem_1.l_partkey)", "Filter": "(l_quantity < ((0.2 * avg(lineitem_1.l_quantity))))"}]}]}]}}, {"Plan": {"Node Type": "Limit", "Parallel Aware": false, "Startup Cost": 4097646.9, "Total Cost": 4097646.91, "Plan Rows": 1, "Plan Width": 32, "Plans": [{"Node Type": "Aggregate", "Strategy": "Plain", "Partial Mode": "Finalize", "Parent Relationship": "Outer", "Parallel Aware": false, "Startup Cost": 4097646.9, "Total Cost": 4097646.91, "Plan Rows": 1, "Plan Width": 32, "Plans": [{"Node Type": "Gather", "Parent Relationship": "Outer", "Parallel Aware": false, "Startup Cost": 4097646.57, "Total Cost": 4097646.88, "Plan Rows": 3, "Plan Width": 32, "Workers Planned": 3, "Single Copy": false, "Plans": [{"Node Type": "Aggregate", "Strategy": "Plain", "Partial Mode": "Partial", "Parent Relationship": "Outer", "Parallel Aware": false, "Startup Cost": 4096646.57, "Total Cost": 4096646.58, "Plan Rows": 1, "Plan Width": 32, "Plans": [{"Node Type": "Merge Join", "Parent Relationship": "Outer", "Parallel Aware": false, "Join Type": "Inner", "Startup Cost": 1420902.2, "Total Cost": 4096630.73, "Plan Rows": 6336, "Plan Width": 8, "Inner Unique": true, "Merge Cond": "(part.p_partkey = lineitem_1.l_partkey)", "Join Filter": "(lineitem.l_quantity < ((0.2 * avg(lineitem_1.l_quantity))))", "Plans": [{"Node Type": "Sort", "Parent Relationship": "Outer", "Parallel Aware": false, "Startup Cost": 1420901.64, "Total Cost": 1420951.2, "Plan Rows": 19824, "Plan Width": 21, "Sort Key": ["lineitem.l_partkey"], "Plans": [{"Node Type": "Hash Join", "Parent Relationship": "Outer", "Parallel Aware": true, "Join Type": "Inner", "Startup Cost": 50647.68, "Total Cost": 1419486.7, "Plan Rows": 19824, "Plan Width": 21, "Inner Unique": true, "Hash Cond": "(lineitem.l_partkey = part.p_partkey)", "Plans": [{"Node Type": "Seq Scan", "Parent Relationship": "Outer", "Parallel Aware": true, "Relation Name": "lineitem", "Alias": "lineitem", "Startup Cost": 0.0, "Total Cost": 1318044.5, "Plan Rows": 19350250, "Plan Width": 17}, {"Node Type": "Hash", "Parent Relationship": "Inner", "Parallel Aware": true, "Startup Cost": 50639.42, "Total Cost": 50639.42, "Plan Rows": 661, "Plan Width": 4, "Plans": [{"Node Type": "Seq Scan", "Parent Relationship": "Outer", "Parallel Aware": true, "Relation Name": "part", "Alias": "part", "Startup Cost": 0.0, "Total Cost": 50639.42, "Plan Rows": 661, "Plan Width": 4, "Filter": "((p_brand = 'Brand#11'::bpchar) AND (p_container = 'WRAP BAG'::bpchar))"}]}]}]}, {"Node Type": "Materialize", "Parent Relationship": "Inner", "Parallel Aware": false, "Startup Cost": 0.56, "Total Cost": 2670597.89, "Plan Rows": 1917787, "Plan Width": 36, "Plans": [{"Node Type": "Aggregate", "Strategy": "Sorted", "Partial Mode": "Simple", "Parent Relationship": "Outer", "Parallel Aware": false, "Startup Cost": 0.56, "Total Cost": 2646625.56, "Plan Rows": 1917787, "Plan Width": 36, "Group Key": ["lineitem_1.l_partkey"], "Plans": [{"Node Type": "Index Scan", "Parent Relationship": "Outer", "Parallel Aware": false, "Scan Direction": "Forward", "Index Name": "idx_lineitem_part_supp", "Relation Name": "lineitem", "Alias": "lineitem_1", "Startup Cost": 0.56, "Total Cost": 2317929.87, "Plan Rows": 59985776, "Plan Width": 9}]}]}]}]}]}]}]}}, {"Plan": {"Node Type": "Limit", "Parallel Aware": false, "Startup Cost": 2742856.0, "Total Cost": 2742856.01, "Plan Rows": 1, "Plan Width": 32, "Plans": [{"Node Type": "Aggregate", "Strategy": "Plain", "Partial Mode": "Simple", "Parent Relationship": "Outer", "Parallel Aware": false, "Startup Cost": 2742856.0, "Total Cost": 2742856.01, "Plan Rows": 1, "Plan Width": 32, "Plans": [{"Node Type": "Nested Loop", "Parent Relationship": "Outer", "Parallel Aware": false, "Join Type": "Inner", "Startup Cost": 67943.19, "Total Cost": 2742806.89, "Plan Rows": 19643, "Plan Width": 8, "Inner Unique": false, "Join Filter": "(part.p_partkey = lineitem.l_partkey)", "Plans": [{"Node Type": "Hash Join", "Parent Relationship": "Outer", "Parallel Aware": false, "Join Type": "Inner", "Startup Cost": 67942.62, "Total Cost": 2738779.68, "Plan Rows": 1965, "Plan Width": 40, "Inner Unique": true, "Hash Cond": "(lineitem_1.l_partkey = part.p_partkey)", "Plans": [{"Node Type": "Aggregate", "Strategy": "Sorted", "Partial Mode": "Simple", "Parent Relationship": "Outer", "Parallel Aware": false, "Startup Cost": 0.56, "Total Cost": 2646625.56, "Plan Rows": 1917787, "Plan Width": 36, "Group Key": ["lineitem_1.l_partkey"], "Plans": [{"Node Type": "Index Scan", "Parent Relationship": "Outer", "Parallel Aware": false, "Scan Direction": "Forward", "Index Name": "idx_lineitem_part_supp", "Relation Name": "lineitem", "Alias": "lineitem_1", "Startup Cost": 0.56, "Total Cost": 2317929.87, "Plan Rows": 59985776, "Plan Width": 9}]}, {"Node Type": "Hash", "Parent Relationship": "Inner", "Parallel Aware": false, "Startup Cost": 67916.44, "Total Cost": 67916.44, "Plan Rows": 2049, "Plan Width": 4, "Plans": [{"Node Type": "Gather Merge", "Parent Relationship": "Outer", "Parallel Aware": false, "Startup Cost": 1000.47, "Total Cost": 67916.44, "Plan Rows": 2049, "Plan Width": 4, "Workers Planned": 3, "Plans": [{"Node Type": "Index Scan", "Parent Relationship": "Outer", "Parallel Aware": true, "Scan Direction": "Forward", "Index Name": "part_pkey", "Relation Name": "part", "Alias": "part", "Startup Cost": 0.43, "Total Cost": 66675.65, "Plan Rows": 661, "Plan Width": 4, "Filter": "((p_brand = 'Brand#11'::bpchar) AND (p_container = 'WRAP BAG'::bpchar))"}]}]}]}, {"Node Type": "Index Scan", "Parent Relationship": "Inner", "Parallel Aware": false, "Scan Direction": "Forward", "Index Name": "idx_lineitem_part_supp", "Relation Name": "lineitem", "Alias": "lineitem", "Startup Cost": 0.56, "Total Cost": 1.92, "Plan Rows": 10, "Plan Width": 17, "Index Cond": "(l_partkey = lineitem_1.l_partkey)", "Filter": "(l_quantity < ((0.2 * avg(lineitem_1.l_quantity))))"}]}]}]}}, {"Plan": {"Node Type": "Limit", "Parallel Aware": false, "Startup Cost": 2726783.88, "Total Cost": 2726783.89, "Plan Rows": 1, "Plan Width": 32, "Plans": [{"Node Type": "Aggregate", "Strategy": "Plain", "Partial Mode": "Simple", "Parent Relationship": "Outer", "Parallel Aware": false, "Startup Cost": 2726783.88, "Total Cost": 2726783.89, "Plan Rows": 1, "Plan Width": 32, "Plans": [{"Node Type": "Nested Loop", "Parent Relationship": "Outer", "Parallel Aware": false, "Join Type": "Inner", "Startup Cost": 51871.06, "Total Cost": 2726734.77, "Plan Rows": 19643, "Plan Width": 8, "Inner Unique": false, "Join Filter": "(part.p_partkey = lineitem.l_partkey)", "Plans": [{"Node Type": "Hash Join", "Parent Relationship": "Outer", "Parallel Aware": false, "Join Type": "Inner", "Startup Cost": 51870.5, "Total Cost": 2722707.56, "Plan Rows": 1965, "Plan Width": 40, "Inner Unique": true, "Hash Cond": "(lineitem_1.l_partkey = part.p_partkey)", "Plans": [{"Node Type": "Aggregate", "Strategy": "Sorted", "Partial Mode": "Simple", "Parent Relationship": "Outer", "Parallel Aware": false, "Startup Cost": 0.56, "Total Cost": 2646625.56, "Plan Rows": 1917787, "Plan Width": 36, "Group Key": ["lineitem_1.l_partkey"], "Plans": [{"Node Type": "Index Scan", "Parent Relationship": "Outer", "Parallel Aware": false, "Scan Direction": "Forward", "Index Name": "idx_lineitem_part_supp", "Relation Name": "lineitem", "Alias": "lineitem_1", "Startup Cost": 0.56, "Total Cost": 2317929.87, "Plan Rows": 59985776, "Plan Width": 9}]}, {"Node Type": "Hash", "Parent Relationship": "Inner", "Parallel Aware": false, "Startup Cost": 51844.32, "Total Cost": 51844.32, "Plan Rows": 2049, "Plan Width": 4, "Plans": [{"Node Type": "Gather", "Parent Relationship": "Outer", "Parallel Aware": false, "Startup Cost": 1000.0, "Total Cost": 51844.32, "Plan Rows": 2049, "Plan Width": 4, "Workers Planned": 3, "Single Copy": false, "Plans": [{"Node Type": "Seq Scan", "Parent Relationship": "Outer", "Parallel Aware": true, "Relation Name": "part", "Alias": "part", "Startup Cost": 0.0, "Total Cost": 50639.42, "Plan Rows": 661, "Plan Width": 4, "Filter": "((p_brand = 'Brand#11'::bpchar) AND (p_container = 'WRAP BAG'::bpchar))"}]}]}]}, {"Node Type": "Index Scan", "Parent Relationship": "Inner", "Parallel Aware": false, "Scan Direction": "Forward", "Index Name": "idx_lineitem_part_supp", "Relation Name": "lineitem", "Alias": "lineitem", "Startup Cost": 0.56, "Total Cost": 1.92, "Plan Rows": 10, "Plan Width": 17, "Index Cond": "(l_partkey = lineitem_1.l_partkey)", "Filter": "(l_quantity < ((0.2 * avg(lineitem_1.l_quantity))))"}]}]}]}}, {"Plan": {"Node Type": "Limit", "Parallel Aware": false, "Startup Cost": 4140530.67, "Total Cost": 4140530.69, "Plan Rows": 1, "Plan Width": 32, "Plans": [{"Node Type": "Aggregate", "Strategy": "Plain", "Partial Mode": "Finalize", "Parent Relationship": "Outer", "Parallel Aware": false, "Startup Cost": 4140530.67, "Total Cost": 4140530.69, "Plan Rows": 1, "Plan Width": 32, "Plans": [{"Node Type": "Gather", "Parent Relationship": "Outer", "Parallel Aware": false, "Startup Cost": 4140530.35, "Total Cost": 4140530.66, "Plan Rows": 3, "Plan Width": 32, "Workers Planned": 3, "Single Copy": false, "Plans": [{"Node Type": "Aggregate", "Strategy": "Plain", "Partial Mode": "Partial", "Parent Relationship": "Outer", "Parallel Aware": false, "Startup Cost": 4139530.35, "Total Cost": 4139530.36, "Plan Rows": 1, "Plan Width": 32, "Plans": [{"Node Type": "Hash Join", "Parent Relationship": "Outer", "Parallel Aware": false, "Join Type": "Inner", "Startup Cost": 2755406.45, "Total Cost": 4139514.5, "Plan Rows": 6336, "Plan Width": 8, "Inner Unique": true, "Hash Cond": "(part.p_partkey = lineitem_1.l_partkey)", "Join Filter": "(lineitem.l_quantity < ((0.2 * avg(lineitem_1.l_quantity))))", "Plans": [{"Node Type": "Hash Join", "Parent Relationship": "Outer", "Parallel Aware": true, "Join Type": "Inner", "Startup Cost": 50647.68, "Total Cost": 1419486.7, "Plan Rows": 19824, "Plan Width": 21, "Inner Unique": true, "Hash Cond": "(lineitem.l_partkey = part.p_partkey)", "Plans": [{"Node Type": "Seq Scan", "Parent Relationship": "Outer", "Parallel Aware": true, "Relation Name": "lineitem", "Alias": "lineitem", "Startup Cost": 0.0, "Total Cost": 1318044.5, "Plan Rows": 19350250, "Plan Width": 17}, {"Node Type": "Hash", "Parent Relationship": "Inner", "Parallel Aware": true, "Startup Cost": 50639.42, "Total Cost": 50639.42, "Plan Rows": 661, "Plan Width": 4, "Plans": [{"Node Type": "Seq Scan", "Parent Relationship": "Outer", "Parallel Aware": true, "Relation Name": "part", "Alias": "part", "Startup Cost": 0.0, "Total Cost": 50639.42, "Plan Rows": 661, "Plan Width": 4, "Filter": "((p_brand = 'Brand#11'::bpchar) AND (p_container = 'WRAP BAG'::bpchar))"}]}]}, {"Node Type": "Hash", "Parent Relationship": "Inner", "Parallel Aware": false, "Startup Cost": 2665803.43, "Total Cost": 2665803.43, "Plan Rows": 1917787, "Plan Width": 36, "Plans": [{"Node Type": "Aggregate", "Strategy": "Sorted", "Partial Mode": "Simple", "Parent Relationship": "Outer", "Parallel Aware": false, "Startup Cost": 0.56, "Total Cost": 2646625.56, "Plan Rows": 1917787, "Plan Width": 36, "Group Key": ["lineitem_1.l_partkey"], "Plans": [{"Node Type": "Index Scan", "Parent Relationship": "Outer", "Parallel Aware": false, "Scan Direction": "Forward", "Index Name": "idx_lineitem_part_supp", "Relation Name": "lineitem", "Alias": "lineitem_1", "Startup Cost": 0.56, "Total Cost": 2317929.87, "Plan Rows": 59985776, "Plan Width": 9}]}]}]}]}]}]}]}}, {"Plan": {"Node Type": "Limit", "Parallel Aware": false, "Startup Cost": 30002762748.46, "Total Cost": 30002762748.47, "Plan Rows": 1, "Plan Width": 32, "Plans": [{"Node Type": "Aggregate", "Strategy": "Plain", "Partial Mode": "Simple", "Parent Relationship": "Outer", "Parallel Aware": false, "Startup Cost": 30002762748.46, "Total Cost": 30002762748.47, "Plan Rows": 1, "Plan Width": 32, "Plans": [{"Node Type": "Nested Loop", "Parent Relationship": "Outer", "Parallel Aware": false, "Join Type": "Inner", "Startup Cost": 30000000001.89, "Total Cost": 30002762699.35, "Plan Rows": 19643, "Plan Width": 8, "Inner Unique": false, "Join Filter": "(part.p_partkey = lineitem.l_partkey)", "Plans": [{"Node Type": "Merge Join", "Parent Relationship": "Outer", "Parallel Aware": false, "Join Type": "Inner", "Startup Cost": 20000000000.99, "Total Cost": 20002757620.89, "Plan Rows": 1965, "Plan Width": 40, "Inner Unique": true, "Merge Cond": "(part.p_partkey = lineitem_1.l_partkey)", "Plans": [{"Node Type": "Index Scan", "Parent Relationship": "Outer", "Parallel Aware": false, "Scan Direction": "Forward", "Index Name": "part_pkey", "Relation Name": "part", "Alias": "part", "Startup Cost": 10000000000.43, "Total Cost": 10000086998.23, "Plan Rows": 2049, "Plan Width": 4, "Filter": "((p_brand = 'Brand#11'::bpchar) AND (p_container = 'WRAP BAG'::bpchar))"}, {"Node Type": "Aggregate", "Strategy": "Sorted", "Partial Mode": "Simple", "Parent Relationship": "Inner", "Parallel Aware": false, "Startup Cost": 10000000000.57, "Total Cost": 10002646625.56, "Plan Rows": 1917787, "Plan Width": 36, "Group Key": ["lineitem_1.l_partkey"], "Plans": [{"Node Type": "Index Scan", "Parent Relationship": "Outer", "Parallel Aware": false, "Scan Direction": "Forward", "Index Name": "idx_lineitem_part_supp", "Relation Name": "lineitem", "Alias": "lineitem_1", "Startup Cost": 10000000000.57, "Total Cost": 10002317929.87, "Plan Rows": 59985776, "Plan Width": 9}]}]}, {"Node Type": "Bitmap Heap Scan", "Parent Relationship": "Inner", "Parallel Aware": false, "Relation Name": "lineitem", "Alias": "lineitem", "Startup Cost": 0.89, "Total Cost": 2.46, "Plan Rows": 10, "Plan Width": 17, "Recheck Cond": "(l_partkey = lineitem_1.l_partkey)", "Filter": "(l_quantity < ((0.2 * avg(lineitem_1.l_quantity))))", "Plans": [{"Node Type": "Bitmap Index Scan", "Parent Relationship": "Outer", "Parallel Aware": false, "Index Name": "idx_lineitem_part_supp", "Startup Cost": 0.0, "Total Cost": 0.89, "Plan Rows": 31, "Plan Width": 0, "Index Cond": "(l_partkey = lineitem_1.l_partkey)"}]}]}]}]}}, {"Plan": {"Node Type": "Limit", "Parallel Aware": false, "Startup Cost": 10005654809.34, "Total Cost": 10005654809.35, "Plan Rows": 1, "Plan Width": 32, "Plans": [{"Node Type": "Aggregate", "Strategy": "Plain", "Partial Mode": "Simple", "Parent Relationship": "Outer", "Parallel Aware": false, "Startup Cost": 10005654809.34, "Total Cost": 10005654809.35, "Plan Rows": 1, "Plan Width": 32, "Plans": [{"Node Type": "Nested Loop", "Parent Relationship": "Outer", "Parallel Aware": false, "Join Type": "Inner", "Startup Cost": 10000000001.9, "Total Cost": 10005654760.23, "Plan Rows": 19643, "Plan Width": 8, "Inner Unique": false, "Join Filter": "(part.p_partkey = lineitem.l_partkey)", "Plans": [{"Node Type": "Nested Loop", "Parent Relationship": "Outer", "Parallel Aware": false, "Join Type": "Inner", "Startup Cost": 10000000001.0, "Total Cost": 10005649681.77, "Plan Rows": 1965, "Plan Width": 40, "Inner Unique": true, "Plans": [{"Node Type": "Aggregate", "Strategy": "Sorted", "Partial Mode": "Simple", "Parent Relationship": "Outer", "Parallel Aware": false, "Startup Cost": 10000000000.57, "Total Cost": 10002646625.56, "Plan Rows": 1917787, "Plan Width": 36, "Group Key": ["lineitem_1.l_partkey"], "Plans": [{"Node Type": "Index Scan", "Parent Relationship": "Outer", "Parallel Aware": false, "Scan Direction": "Forward", "Index Name": "idx_lineitem_part_supp", "Relation Name": "lineitem", "Alias": "lineitem_1", "Startup Cost": 10000000000.57, "Total Cost": 10002317929.87, "Plan Rows": 59985776, "Plan Width": 9}]}, {"Node Type": "Bitmap Heap Scan", "Parent Relationship": "Inner", "Parallel Aware": false, "Relation Name": "part", "Alias": "part", "Startup Cost": 0.44, "Total Cost": 1.56, "Plan Rows": 1, "Plan Width": 4, "Recheck Cond": "(p_partkey = lineitem_1.l_partkey)", "Filter": "((p_brand = 'Brand#11'::bpchar) AND (p_container = 'WRAP BAG'::bpchar))", "Plans": [{"Node Type": "Bitmap Index Scan", "Parent Relationship": "Outer", "Parallel Aware": false, "Index Name": "part_pkey", "Startup Cost": 0.0, "Total Cost": 0.44, "Plan Rows": 1, "Plan Width": 0, "Index Cond": "(p_partkey = lineitem_1.l_partkey)"}]}]}, {"Node Type": "Bitmap Heap Scan", "Parent Relationship": "Inner", "Parallel Aware": false, "Relation Name": "lineitem", "Alias": "lineitem", "Startup Cost": 0.89, "Total Cost": 2.46, "Plan Rows": 10, "Plan Width": 17, "Recheck Cond": "(l_partkey = lineitem_1.l_partkey)", "Filter": "(l_quantity < ((0.2 * avg(lineitem_1.l_quantity))))", "Plans": [{"Node Type": "Bitmap Index Scan", "Parent Relationship": "Outer", "Parallel Aware": false, "Index Name": "idx_lineitem_part_supp", "Startup Cost": 0.0, "Total Cost": 0.89, "Plan Rows": 31, "Plan Width": 0, "Index Cond": "(l_partkey = lineitem_1.l_partkey)"}]}]}]}]}}, {"Plan": {"Node Type": "Limit", "Parallel Aware": false, "Startup Cost": 4852805.84, "Total Cost": 4852805.85, "Plan Rows": 1, "Plan Width": 32, "Plans": [{"Node Type": "Aggregate", "Strategy": "Plain", "Partial Mode": "Simple", "Parent Relationship": "Outer", "Parallel Aware": false, "Startup Cost": 4852805.84, "Total Cost": 4852805.85, "Plan Rows": 1, "Plan Width": 32, "Plans": [{"Node Type": "Nested Loop", "Parent Relationship": "Outer", "Parallel Aware": false, "Join Type": "Inner", "Startup Cost": 3906640.79, "Total Cost": 4852756.73, "Plan Rows": 19643, "Plan Width": 8, "Inner Unique": false, "Join Filter": "(part.p_partkey = lineitem.l_partkey)", "Plans": [{"Node Type": "Merge Join", "Parent Relationship": "Outer", "Parallel Aware": false, "Join Type": "Inner", "Startup Cost": 3906639.9, "Total Cost": 4847678.28, "Plan Rows": 1965, "Plan Width": 40, "Inner Unique": true, "Merge Cond": "(part.p_partkey = lineitem_1.l_partkey)", "Plans": [{"Node Type": "Sort", "Parent Relationship": "Outer", "Parallel Aware": false, "Startup Cost": 51957.02, "Total Cost": 51962.14, "Plan Rows": 2049, "Plan Width": 4, "Sort Key": ["part.p_partkey"], "Plans": [{"Node Type": "Gather", "Parent Relationship": "Outer", "Parallel Aware": false, "Startup Cost": 1000.0, "Total Cost": 51844.32, "Plan Rows": 2049, "Plan Width": 4, "Workers Planned": 3, "Single Copy": false, "Plans": [{"Node Type": "Seq Scan", "Parent Relationship": "Outer", "Parallel Aware": true, "Relation Name": "part", "Alias": "part", "Startup Cost": 0.0, "Total Cost": 50639.42, "Plan Rows": 661, "Plan Width": 4, "Filter": "((p_brand = 'Brand#11'::bpchar) AND (p_container = 'WRAP BAG'::bpchar))"}]}]}, {"Node Type": "Aggregate", "Strategy": "Sorted", "Partial Mode": "Finalize", "Parent Relationship": "Inner", "Parallel Aware": false, "Startup Cost": 3854682.88, "Total Cost": 4771719.02, "Plan Rows": 1917787, "Plan Width": 36, "Group Key": ["lineitem_1.l_partkey"], "Plans": [{"Node Type": "Gather Merge", "Parent Relationship": "Outer", "Parallel Aware": false, "Startup Cost": 3854682.88, "Total Cost": 4699802.01, "Plan Rows": 5753361, "Plan Width": 36, "Workers Planned": 3, "Plans": [{"Node Type": "Aggregate", "Strategy": "Sorted", "Partial Mode": "Partial", "Parent Relationship": "Outer", "Parallel Aware": false, "Startup Cost": 3853682.84, "Total Cost": 4022782.05, "Plan Rows": 1917787, "Plan Width": 36, "Group Key": ["lineitem_1.l_partkey"], "Plans": [{"Node Type": "Sort", "Parent Relationship": "Outer", "Parallel Aware": false, "Startup Cost": 3853682.84, "Total Cost": 3902058.46, "Plan Rows": 19350250, "Plan Width": 9, "Sort Key": ["lineitem_1.l_partkey"], "Plans": [{"Node Type": "Seq Scan", "Parent Relationship": "Outer", "Parallel Aware": true, "Relation Name": "lineitem", "Alias": "lineitem_1", "Startup Cost": 0.0, "Total Cost": 1318044.5, "Plan Rows": 19350250, "Plan Width": 9}]}]}]}]}]}, {"Node Type": "Bitmap Heap Scan", "Parent Relationship": "Inner", "Parallel Aware": false, "Relation Name": "lineitem", "Alias": "lineitem", "Startup Cost": 0.89, "Total Cost": 2.46, "Plan Rows": 10, "Plan Width": 17, "Recheck Cond": "(l_partkey = lineitem_1.l_partkey)", "Filter": "(l_quantity < ((0.2 * avg(lineitem_1.l_quantity))))", "Plans": [{"Node Type": "Bitmap Index Scan", "Parent Relationship": "Outer", "Parallel Aware": false, "Index Name": "idx_lineitem_part_supp", "Startup Cost": 0.0, "Total Cost": 0.89, "Plan Rows": 31, "Plan Width": 0, "Index Cond": "(l_partkey = lineitem_1.l_partkey)"}]}]}]}]}}, {"Plan": {"Node Type": "Limit", "Parallel Aware": false, "Startup Cost": 6272399.86, "Total Cost": 6272399.87, "Plan Rows": 1, "Plan Width": 32, "Plans": [{"Node Type": "Aggregate", "Strategy": "Plain", "Partial Mode": "Simple", "Parent Relationship": "Outer", "Parallel Aware": false, "Startup Cost": 6272399.86, "Total Cost": 6272399.87, "Plan Rows": 1, "Plan Width": 32, "Plans": [{"Node Type": "Hash Join", "Parent Relationship": "Outer", "Parallel Aware": false, "Join Type": "Inner", "Startup Cost": 4881499.91, "Total Cost": 6272350.75, "Plan Rows": 19643, "Plan Width": 8, "Inner Unique": true, "Hash Cond": "(part.p_partkey = lineitem_1.l_partkey)", "Join Filter": "(lineitem.l_quantity < ((0.2 * avg(lineitem_1.l_quantity))))", "Plans": [{"Node Type": "Gather", "Parent Relationship": "Outer", "Parallel Aware": false, "Startup Cost": 51647.68, "Total Cost": 1426632.2, "Plan Rows": 61455, "Plan Width": 21, "Workers Planned": 3, "Single Copy": false, "Plans": [{"Node Type": "Hash Join", "Parent Relationship": "Outer", "Parallel Aware": true, "Join Type": "Inner", "Startup Cost": 50647.68, "Total Cost": 1419486.7, "Plan Rows": 19824, "Plan Width": 21, "Inner Unique": true, "Hash Cond": "(lineitem.l_partkey = part.p_partkey)", "Plans": [{"Node Type": "Seq Scan", "Parent Relationship": "Outer", "Parallel Aware": true, "Relation Name": "lineitem", "Alias": "lineitem", "Startup Cost": 0.0, "Total Cost": 1318044.5, "Plan Rows": 19350250, "Plan Width": 17}, {"Node Type": "Hash", "Parent Relationship": "Inner", "Parallel Aware": true, "Startup Cost": 50639.42, "Total Cost": 50639.42, "Plan Rows": 661, "Plan Width": 4, "Plans": [{"Node Type": "Seq Scan", "Parent Relationship": "Outer", "Parallel Aware": true, "Relation Name": "part", "Alias": "part", "Startup Cost": 0.0, "Total Cost": 50639.42, "Plan Rows": 661, "Plan Width": 4, "Filter": "((p_brand = 'Brand#11'::bpchar) AND (p_container = 'WRAP BAG'::bpchar))"}]}]}]}, {"Node Type": "Hash", "Parent Relationship": "Inner", "Parallel Aware": false, "Startup Cost": 4790896.89, "Total Cost": 4790896.89, "Plan Rows": 1917787, "Plan Width": 36, "Plans": [{"Node Type": "Aggregate", "Strategy": "Sorted", "Partial Mode": "Finalize", "Parent Relationship": "Outer", "Parallel Aware": false, "Startup Cost": 3854682.88, "Total Cost": 4771719.02, "Plan Rows": 1917787, "Plan Width": 36, "Group Key": ["lineitem_1.l_partkey"], "Plans": [{"Node Type": "Gather Merge", "Parent Relationship": "Outer", "Parallel Aware": false, "Startup Cost": 3854682.88, "Total Cost": 4699802.01, "Plan Rows": 5753361, "Plan Width": 36, "Workers Planned": 3, "Plans": [{"Node Type": "Aggregate", "Strategy": "Sorted", "Partial Mode": "Partial", "Parent Relationship": "Outer", "Parallel Aware": false, "Startup Cost": 3853682.84, "Total Cost": 4022782.05, "Plan Rows": 1917787, "Plan Width": 36, "Group Key": ["lineitem_1.l_partkey"], "Plans": [{"Node Type": "Sort", "Parent Relationship": "Outer", "Parallel Aware": false, "Startup Cost": 3853682.84, "Total Cost": 3902058.46, "Plan Rows": 19350250, "Plan Width": 9, "Sort Key": ["lineitem_1.l_partkey"], "Plans": [{"Node Type": "Seq Scan", "Parent Relationship": "Outer", "Parallel Aware": true, "Relation Name": "lineitem", "Alias": "lineitem_1", "Startup Cost": 0.0, "Total Cost": 1318044.5, "Plan Rows": 19350250, "Plan Width": 9}]}]}]}]}]}]}]}]}}, {"Plan": {"Node Type": "Limit", "Parallel Aware": false, "Startup Cost": 10005654809.34, "Total Cost": 10005654809.35, "Plan Rows": 1, "Plan Width": 32, "Plans": [{"Node Type": "Aggregate", "Strategy": "Plain", "Partial Mode": "Simple", "Parent Relationship": "Outer", "Parallel Aware": false, "Startup Cost": 10005654809.34, "Total Cost": 10005654809.35, "Plan Rows": 1, "Plan Width": 32, "Plans": [{"Node Type": "Nested Loop", "Parent Relationship": "Outer", "Parallel Aware": false, "Join Type": "Inner", "Startup Cost": 10000000001.9, "Total Cost": 10005654760.23, "Plan Rows": 19643, "Plan Width": 8, "Inner Unique": false, "Join Filter": "(part.p_partkey = lineitem.l_partkey)", "Plans": [{"Node Type": "Nested Loop", "Parent Relationship": "Outer", "Parallel Aware": false, "Join Type": "Inner", "Startup Cost": 10000000001.0, "Total Cost": 10005649681.77, "Plan Rows": 1965, "Plan Width": 40, "Inner Unique": true, "Plans": [{"Node Type": "Aggregate", "Strategy": "Sorted", "Partial Mode": "Simple", "Parent Relationship": "Outer", "Parallel Aware": false, "Startup Cost": 10000000000.57, "Total Cost": 10002646625.56, "Plan Rows": 1917787, "Plan Width": 36, "Group Key": ["lineitem_1.l_partkey"], "Plans": [{"Node Type": "Index Scan", "Parent Relationship": "Outer", "Parallel Aware": false, "Scan Direction": "Forward", "Index Name": "idx_lineitem_part_supp", "Relation Name": "lineitem", "Alias": "lineitem_1", "Startup Cost": 10000000000.57, "Total Cost": 10002317929.87, "Plan Rows": 59985776, "Plan Width": 9}]}, {"Node Type": "Bitmap Heap Scan", "Parent Relationship": "Inner", "Parallel Aware": false, "Relation Name": "part", "Alias": "part", "Startup Cost": 0.44, "Total Cost": 1.56, "Plan Rows": 1, "Plan Width": 4, "Recheck Cond": "(p_partkey = lineitem_1.l_partkey)", "Filter": "((p_brand = 'Brand#11'::bpchar) AND (p_container = 'WRAP BAG'::bpchar))", "Plans": [{"Node Type": "Bitmap Index Scan", "Parent Relationship": "Outer", "Parallel Aware": false, "Index Name": "part_pkey", "Startup Cost": 0.0, "Total Cost": 0.44, "Plan Rows": 1, "Plan Width": 0, "Index Cond": "(p_partkey = lineitem_1.l_partkey)"}]}]}, {"Node Type": "Bitmap Heap Scan", "Parent Relationship": "Inner", "Parallel Aware": false, "Relation Name": "lineitem", "Alias": "lineitem", "Startup Cost": 0.89, "Total Cost": 2.46, "Plan Rows": 10, "Plan Width": 17, "Recheck Cond": "(l_partkey = lineitem_1.l_partkey)", "Filter": "(l_quantity < ((0.2 * avg(lineitem_1.l_quantity))))", "Plans": [{"Node Type": "Bitmap Index Scan", "Parent Relationship": "Outer", "Parallel Aware": false, "Index Name": "idx_lineitem_part_supp", "Startup Cost": 0.0, "Total Cost": 0.89, "Plan Rows": 31, "Plan Width": 0, "Index Cond": "(l_partkey = lineitem_1.l_partkey)"}]}]}]}]}}, {"Plan": {"Node Type": "Limit", "Parallel Aware": false, "Startup Cost": 4852928.59, "Total Cost": 4852928.6, "Plan Rows": 1, "Plan Width": 32, "Plans": [{"Node Type": "Aggregate", "Strategy": "Plain", "Partial Mode": "Simple", "Parent Relationship": "Outer", "Parallel Aware": false, "Startup Cost": 4852928.59, "Total Cost": 4852928.6, "Plan Rows": 1, "Plan Width": 32, "Plans": [{"Node Type": "Nested Loop", "Parent Relationship": "Outer", "Parallel Aware": false, "Join Type": "Inner", "Startup Cost": 3906553.71, "Total Cost": 4852879.48, "Plan Rows": 19643, "Plan Width": 8, "Inner Unique": false, "Join Filter": "(part.p_partkey = lineitem.l_partkey)", "Plans": [{"Node Type": "Hash Join", "Parent Relationship": "Outer", "Parallel Aware": false, "Join Type": "Inner", "Startup Cost": 3906552.81, "Total Cost": 4847801.03, "Plan Rows": 1965, "Plan Width": 40, "Inner Unique": true, "Hash Cond": "(lineitem_1.l_partkey = part.p_partkey)", "Plans": [{"Node Type": "Aggregate", "Strategy": "Sorted", "Partial Mode": "Finalize", "Parent Relationship": "Outer", "Parallel Aware": false, "Startup Cost": 3854682.88, "Total Cost": 4771719.02, "Plan Rows": 1917787, "Plan Width": 36, "Group Key": ["lineitem_1.l_partkey"], "Plans": [{"Node Type": "Gather Merge", "Parent Relationship": "Outer", "Parallel Aware": false, "Startup Cost": 3854682.88, "Total Cost": 4699802.01, "Plan Rows": 5753361, "Plan Width": 36, "Workers Planned": 3, "Plans": [{"Node Type": "Aggregate", "Strategy": "Sorted", "Partial Mode": "Partial", "Parent Relationship": "Outer", "Parallel Aware": false, "Startup Cost": 3853682.84, "Total Cost": 4022782.05, "Plan Rows": 1917787, "Plan Width": 36, "Group Key": ["lineitem_1.l_partkey"], "Plans": [{"Node Type": "Sort", "Parent Relationship": "Outer", "Parallel Aware": false, "Startup Cost": 3853682.84, "Total Cost": 3902058.46, "Plan Rows": 19350250, "Plan Width": 9, "Sort Key": ["lineitem_1.l_partkey"], "Plans": [{"Node Type": "Seq Scan", "Parent Relationship": "Outer", "Parallel Aware": true, "Relation Name": "lineitem", "Alias": "lineitem_1", "Startup Cost": 0.0, "Total Cost": 1318044.5, "Plan Rows": 19350250, "Plan Width": 9}]}]}]}]}, {"Node Type": "Hash", "Parent Relationship": "Inner", "Parallel Aware": false, "Startup Cost": 51844.32, "Total Cost": 51844.32, "Plan Rows": 2049, "Plan Width": 4, "Plans": [{"Node Type": "Gather", "Parent Relationship": "Outer", "Parallel Aware": false, "Startup Cost": 1000.0, "Total Cost": 51844.32, "Plan Rows": 2049, "Plan Width": 4, "Workers Planned": 3, "Single Copy": false, "Plans": [{"Node Type": "Seq Scan", "Parent Relationship": "Outer", "Parallel Aware": true, "Relation Name": "part", "Alias": "part", "Startup Cost": 0.0, "Total Cost": 50639.42, "Plan Rows": 661, "Plan Width": 4, "Filter": "((p_brand = 'Brand#11'::bpchar) AND (p_container = 'WRAP BAG'::bpchar))"}]}]}]}, {"Node Type": "Bitmap Heap Scan", "Parent Relationship": "Inner", "Parallel Aware": false, "Relation Name": "lineitem", "Alias": "lineitem", "Startup Cost": 0.89, "Total Cost": 2.46, "Plan Rows": 10, "Plan Width": 17, "Recheck Cond": "(l_partkey = lineitem_1.l_partkey)", "Filter": "(l_quantity < ((0.2 * avg(lineitem_1.l_quantity))))", "Plans": [{"Node Type": "Bitmap Index Scan", "Parent Relationship": "Outer", "Parallel Aware": false, "Index Name": "idx_lineitem_part_supp", "Startup Cost": 0.0, "Total Cost": 0.89, "Plan Rows": 31, "Plan Width": 0, "Index Cond": "(l_partkey = lineitem_1.l_partkey)"}]}]}]}]}}, {"Plan": {"Node Type": "Limit", "Parallel Aware": false, "Startup Cost": 6272399.86, "Total Cost": 6272399.87, "Plan Rows": 1, "Plan Width": 32, "Plans": [{"Node Type": "Aggregate", "Strategy": "Plain", "Partial Mode": "Simple", "Parent Relationship": "Outer", "Parallel Aware": false, "Startup Cost": 6272399.86, "Total Cost": 6272399.87, "Plan Rows": 1, "Plan Width": 32, "Plans": [{"Node Type": "Hash Join", "Parent Relationship": "Outer", "Parallel Aware": false, "Join Type": "Inner", "Startup Cost": 4881499.91, "Total Cost": 6272350.75, "Plan Rows": 19643, "Plan Width": 8, "Inner Unique": true, "Hash Cond": "(part.p_partkey = lineitem_1.l_partkey)", "Join Filter": "(lineitem.l_quantity < ((0.2 * avg(lineitem_1.l_quantity))))", "Plans": [{"Node Type": "Gather", "Parent Relationship": "Outer", "Parallel Aware": false, "Startup Cost": 51647.68, "Total Cost": 1426632.2, "Plan Rows": 61455, "Plan Width": 21, "Workers Planned": 3, "Single Copy": false, "Plans": [{"Node Type": "Hash Join", "Parent Relationship": "Outer", "Parallel Aware": true, "Join Type": "Inner", "Startup Cost": 50647.68, "Total Cost": 1419486.7, "Plan Rows": 19824, "Plan Width": 21, "Inner Unique": true, "Hash Cond": "(lineitem.l_partkey = part.p_partkey)", "Plans": [{"Node Type": "Seq Scan", "Parent Relationship": "Outer", "Parallel Aware": true, "Relation Name": "lineitem", "Alias": "lineitem", "Startup Cost": 0.0, "Total Cost": 1318044.5, "Plan Rows": 19350250, "Plan Width": 17}, {"Node Type": "Hash", "Parent Relationship": "Inner", "Parallel Aware": true, "Startup Cost": 50639.42, "Total Cost": 50639.42, "Plan Rows": 661, "Plan Width": 4, "Plans": [{"Node Type": "Seq Scan", "Parent Relationship": "Outer", "Parallel Aware": true, "Relation Name": "part", "Alias": "part", "Startup Cost": 0.0, "Total Cost": 50639.42, "Plan Rows": 661, "Plan Width": 4, "Filter": "((p_brand = 'Brand#11'::bpchar) AND (p_container = 'WRAP BAG'::bpchar))"}]}]}]}, {"Node Type": "Hash", "Parent Relationship": "Inner", "Parallel Aware": false, "Startup Cost": 4790896.89, "Total Cost": 4790896.89, "Plan Rows": 1917787, "Plan Width": 36, "Plans": [{"Node Type": "Aggregate", "Strategy": "Sorted", "Partial Mode": "Finalize", "Parent Relationship": "Outer", "Parallel Aware": false, "Startup Cost": 3854682.88, "Total Cost": 4771719.02, "Plan Rows": 1917787, "Plan Width": 36, "Group Key": ["lineitem_1.l_partkey"], "Plans": [{"Node Type": "Gather Merge", "Parent Relationship": "Outer", "Parallel Aware": false, "Startup Cost": 3854682.88, "Total Cost": 4699802.01, "Plan Rows": 5753361, "Plan Width": 36, "Workers Planned": 3, "Plans": [{"Node Type": "Aggregate", "Strategy": "Sorted", "Partial Mode": "Partial", "Parent Relationship": "Outer", "Parallel Aware": false, "Startup Cost": 3853682.84, "Total Cost": 4022782.05, "Plan Rows": 1917787, "Plan Width": 36, "Group Key": ["lineitem_1.l_partkey"], "Plans": [{"Node Type": "Sort", "Parent Relationship": "Outer", "Parallel Aware": false, "Startup Cost": 3853682.84, "Total Cost": 3902058.46, "Plan Rows": 19350250, "Plan Width": 9, "Sort Key": ["lineitem_1.l_partkey"], "Plans": [{"Node Type": "Seq Scan", "Parent Relationship": "Outer", "Parallel Aware": true, "Relation Name": "lineitem", "Alias": "lineitem_1", "Startup Cost": 0.0, "Total Cost": 1318044.5, "Plan Rows": 19350250, "Plan Width": 9}]}]}]}]}]}]}]}]}}, {"Plan": {"Node Type": "Limit", "Parallel Aware": false, "Startup Cost": 4750097.01, "Total Cost": 4750097.03, "Plan Rows": 1, "Plan Width": 32, "Plans": [{"Node Type": "Aggregate", "Strategy": "Plain", "Partial Mode": "Finalize", "Parent Relationship": "Outer", "Parallel Aware": false, "Startup Cost": 4750097.01, "Total Cost": 4750097.03, "Plan Rows": 1, "Plan Width": 32, "Plans": [{"Node Type": "Gather", "Parent Relationship": "Outer", "Parallel Aware": false, "Startup Cost": 4750096.69, "Total Cost": 4750097.0, "Plan Rows": 3, "Plan Width": 32, "Workers Planned": 3, "Single Copy": false, "Plans": [{"Node Type": "Aggregate", "Strategy": "Plain", "Partial Mode": "Partial", "Parent Relationship": "Outer", "Parallel Aware": false, "Startup Cost": 4749096.69, "Total Cost": 4749096.7, "Plan Rows": 1, "Plan Width": 32, "Plans": [{"Node Type": "Hash Join", "Parent Relationship": "Outer", "Parallel Aware": false, "Join Type": "Inner", "Startup Cost": 2771443.24, "Total Cost": 4749080.84, "Plan Rows": 6336, "Plan Width": 8, "Inner Unique": true, "Hash Cond": "(part.p_partkey = lineitem_1.l_partkey)", "Join Filter": "(lineitem.l_quantity < ((0.2 * avg(lineitem_1.l_quantity))))", "Plans": [{"Node Type": "Hash Join", "Parent Relationship": "Outer", "Parallel Aware": true, "Join Type": "Inner", "Startup Cost": 66684.47, "Total Cost": 2029053.04, "Plan Rows": 19824, "Plan Width": 21, "Inner Unique": true, "Hash Cond": "(lineitem.l_partkey = part.p_partkey)", "Plans": [{"Node Type": "Index Scan", "Parent Relationship": "Outer", "Parallel Aware": true, "Scan Direction": "Forward", "Index Name": "idx_lineitem_part_supp", "Relation Name": "lineitem", "Alias": "lineitem", "Startup Cost": 0.56, "Total Cost": 1911574.61, "Plan Rows": 19350250, "Plan Width": 17}, {"Node Type": "Hash", "Parent Relationship": "Inner", "Parallel Aware": true, "Startup Cost": 66675.65, "Total Cost": 66675.65, "Plan Rows": 661, "Plan Width": 4, "Plans": [{"Node Type": "Index Scan", "Parent Relationship": "Outer", "Parallel Aware": true, "Scan Direction": "Forward", "Index Name": "part_pkey", "Relation Name": "part", "Alias": "part", "Startup Cost": 0.43, "Total Cost": 66675.65, "Plan Rows": 661, "Plan Width": 4, "Filter": "((p_brand = 'Brand#11'::bpchar) AND (p_container = 'WRAP BAG'::bpchar))"}]}]}, {"Node Type": "Hash", "Parent Relationship": "Inner", "Parallel Aware": false, "Startup Cost": 2665803.43, "Total Cost": 2665803.43, "Plan Rows": 1917787, "Plan Width": 36, "Plans": [{"Node Type": "Aggregate", "Strategy": "Sorted", "Partial Mode": "Simple", "Parent Relationship": "Outer", "Parallel Aware": false, "Startup Cost": 0.56, "Total Cost": 2646625.56, "Plan Rows": 1917787, "Plan Width": 36, "Group Key": ["lineitem_1.l_partkey"], "Plans": [{"Node Type": "Index Scan", "Parent Relationship": "Outer", "Parallel Aware": false, "Scan Direction": "Forward", "Index Name": "idx_lineitem_part_supp", "Relation Name": "lineitem", "Alias": "lineitem_1", "Startup Cost": 0.56, "Total Cost": 2317929.87, "Plan Rows": 59985776, "Plan Width": 9}]}]}]}]}]}]}]}}, {"Plan": {"Node Type": "Limit", "Parallel Aware": false, "Startup Cost": 4718920.01, "Total Cost": 4718920.03, "Plan Rows": 1, "Plan Width": 32, "Plans": [{"Node Type": "Aggregate", "Strategy": "Plain", "Partial Mode": "Finalize", "Parent Relationship": "Outer", "Parallel Aware": false, "Startup Cost": 4718920.01, "Total Cost": 4718920.03, "Plan Rows": 1, "Plan Width": 32, "Plans": [{"Node Type": "Gather", "Parent Relationship": "Outer", "Parallel Aware": false, "Startup Cost": 4718919.69, "Total Cost": 4718920.0, "Plan Rows": 3, "Plan Width": 32, "Workers Planned": 3, "Single Copy": false, "Plans": [{"Node Type": "Aggregate", "Strategy": "Plain", "Partial Mode": "Partial", "Parent Relationship": "Outer", "Parallel Aware": false, "Startup Cost": 4717919.69, "Total Cost": 4717919.7, "Plan Rows": 1, "Plan Width": 32, "Plans": [{"Node Type": "Merge Join", "Parent Relationship": "Outer", "Parallel Aware": false, "Join Type": "Inner", "Startup Cost": 19.18, "Total Cost": 4717903.84, "Plan Rows": 6336, "Plan Width": 8, "Inner Unique": false, "Merge Cond": "(lineitem.l_partkey = part.p_partkey)", "Join Filter": "(lineitem.l_quantity < ((0.2 * avg(lineitem_1.l_quantity))))", "Plans": [{"Node Type": "Index Scan", "Parent Relationship": "Outer", "Parallel Aware": true, "Scan Direction": "Forward", "Index Name": "idx_lineitem_part_supp", "Relation Name": "lineitem", "Alias": "lineitem", "Startup Cost": 0.56, "Total Cost": 1911574.61, "Plan Rows": 19350250, "Plan Width": 17}, {"Node Type": "Materialize", "Parent Relationship": "Inner", "Parallel Aware": false, "Startup Cost": 0.99, "Total Cost": 2757625.81, "Plan Rows": 1965, "Plan Width": 40, "Plans": [{"Node Type": "Merge Join", "Parent Relationship": "Outer", "Parallel Aware": false, "Join Type": "Inner", "Startup Cost": 0.99, "Total Cost": 2757620.89, "Plan Rows": 1965, "Plan Width": 40, "Inner Unique": true, "Merge Cond": "(part.p_partkey = lineitem_1.l_partkey)", "Plans": [{"Node Type": "Index Scan", "Parent Relationship": "Outer", "Parallel Aware": false, "Scan Direction": "Forward", "Index Name": "part_pkey", "Relation Name": "part", "Alias": "part", "Startup Cost": 0.43, "Total Cost": 86998.23, "Plan Rows": 2049, "Plan Width": 4, "Filter": "((p_brand = 'Brand#11'::bpchar) AND (p_container = 'WRAP BAG'::bpchar))"}, {"Node Type": "Aggregate", "Strategy": "Sorted", "Partial Mode": "Simple", "Parent Relationship": "Inner", "Parallel Aware": false, "Startup Cost": 0.56, "Total Cost": 2646625.56, "Plan Rows": 1917787, "Plan Width": 36, "Group Key": ["lineitem_1.l_partkey"], "Plans": [{"Node Type": "Index Scan", "Parent Relationship": "Outer", "Parallel Aware": false, "Scan Direction": "Forward", "Index Name": "idx_lineitem_part_supp", "Relation Name": "lineitem", "Alias": "lineitem_1", "Startup Cost": 0.56, "Total Cost": 2317929.87, "Plan Rows": 59985776, "Plan Width": 9}]}]}]}]}]}]}]}]}}, {"Plan": {"Node Type": "Limit", "Parallel Aware": false, "Startup Cost": 2761697.21, "Total Cost": 2761697.22, "Plan Rows": 1, "Plan Width": 32, "Plans": [{"Node Type": "Aggregate", "Strategy": "Plain", "Partial Mode": "Simple", "Parent Relationship": "Outer", "Parallel Aware": false, "Startup Cost": 2761697.21, "Total Cost": 2761697.22, "Plan Rows": 1, "Plan Width": 32, "Plans": [{"Node Type": "Nested Loop", "Parent Relationship": "Outer", "Parallel Aware": false, "Join Type": "Inner", "Startup Cost": 1.56, "Total Cost": 2761648.1, "Plan Rows": 19643, "Plan Width": 8, "Inner Unique": false, "Join Filter": "(part.p_partkey = lineitem.l_partkey)", "Plans": [{"Node Type": "Merge Join", "Parent Relationship": "Outer", "Parallel Aware": false, "Join Type": "Inner", "Startup Cost": 0.99, "Total Cost": 2757620.89, "Plan Rows": 1965, "Plan Width": 40, "Inner Unique": true, "Merge Cond": "(part.p_partkey = lineitem_1.l_partkey)", "Plans": [{"Node Type": "Index Scan", "Parent Relationship": "Outer", "Parallel Aware": false, "Scan Direction": "Forward", "Index Name": "part_pkey", "Relation Name": "part", "Alias": "part", "Startup Cost": 0.43, "Total Cost": 86998.23, "Plan Rows": 2049, "Plan Width": 4, "Filter": "((p_brand = 'Brand#11'::bpchar) AND (p_container = 'WRAP BAG'::bpchar))"}, {"Node Type": "Aggregate", "Strategy": "Sorted", "Partial Mode": "Simple", "Parent Relationship": "Inner", "Parallel Aware": false, "Startup Cost": 0.56, "Total Cost": 2646625.56, "Plan Rows": 1917787, "Plan Width": 36, "Group Key": ["lineitem_1.l_partkey"], "Plans": [{"Node Type": "Index Scan", "Parent Relationship": "Outer", "Parallel Aware": false, "Scan Direction": "Forward", "Index Name": "idx_lineitem_part_supp", "Relation Name": "lineitem", "Alias": "lineitem_1", "Startup Cost": 0.56, "Total Cost": 2317929.87, "Plan Rows": 59985776, "Plan Width": 9}]}]}, {"Node Type": "Index Scan", "Parent Relationship": "Inner", "Parallel Aware": false, "Scan Direction": "Forward", "Index Name": "idx_lineitem_part_supp", "Relation Name": "lineitem", "Alias": "lineitem", "Startup Cost": 0.56, "Total Cost": 1.92, "Plan Rows": 10, "Plan Width": 17, "Index Cond": "(l_partkey = lineitem_1.l_partkey)", "Filter": "(l_quantity < ((0.2 * avg(lineitem_1.l_quantity))))"}]}]}]}}, {"Plan": {"Node Type": "Limit", "Parallel Aware": false, "Startup Cost": 2723593.45, "Total Cost": 2723593.47, "Plan Rows": 1, "Plan Width": 32, "Plans": [{"Node Type": "Aggregate", "Strategy": "Plain", "Partial Mode": "Finalize", "Parent Relationship": "Outer", "Parallel Aware": false, "Startup Cost": 2723593.45, "Total Cost": 2723593.47, "Plan Rows": 1, "Plan Width": 32, "Plans": [{"Node Type": "Gather", "Parent Relationship": "Outer", "Parallel Aware": false, "Startup Cost": 2723593.13, "Total Cost": 2723593.44, "Plan Rows": 3, "Plan Width": 32, "Workers Planned": 3, "Single Copy": false, "Plans": [{"Node Type": "Aggregate", "Strategy": "Plain", "Partial Mode": "Partial", "Parent Relationship": "Outer", "Parallel Aware": false, "Startup Cost": 2722593.13, "Total Cost": 2722593.14, "Plan Rows": 1, "Plan Width": 32, "Plans": [{"Node Type": "Nested Loop", "Parent Relationship": "Outer", "Parallel Aware": false, "Join Type": "Inner", "Startup Cost": 50671.51, "Total Cost": 2722577.28, "Plan Rows": 6336, "Plan Width": 8, "Inner Unique": false, "Join Filter": "(part.p_partkey = lineitem.l_partkey)", "Plans": [{"Node Type": "Merge Join", "Parent Relationship": "Outer", "Parallel Aware": false, "Join Type": "Inner", "Startup Cost": 50670.95, "Total Cost": 2721277.92, "Plan Rows": 634, "Plan Width": 40, "Inner Unique": true, "Merge Cond": "(part.p_partkey = lineitem_1.l_partkey)", "Plans": [{"Node Type": "Sort", "Parent Relationship": "Outer", "Parallel Aware": false, "Startup Cost": 50670.38, "Total Cost": 50672.03, "Plan Rows": 661, "Plan Width": 4, "Sort Key": ["part.p_partkey"], "Plans": [{"Node Type": "Seq Scan", "Parent Relationship": "Outer", "Parallel Aware": true, "Relation Name": "part", "Alias": "part", "Startup Cost": 0.0, "Total Cost": 50639.42, "Plan Rows": 661, "Plan Width": 4, "Filter": "((p_brand = 'Brand#11'::bpchar) AND (p_container = 'WRAP BAG'::bpchar))"}]}, {"Node Type": "Aggregate", "Strategy": "Sorted", "Partial Mode": "Simple", "Parent Relationship": "Inner", "Parallel Aware": false, "Startup Cost": 0.56, "Total Cost": 2646625.56, "Plan Rows": 1917787, "Plan Width": 36, "Group Key": ["lineitem_1.l_partkey"], "Plans": [{"Node Type": "Index Scan", "Parent Relationship": "Outer", "Parallel Aware": false, "Scan Direction": "Forward", "Index Name": "idx_lineitem_part_supp", "Relation Name": "lineitem", "Alias": "lineitem_1", "Startup Cost": 0.56, "Total Cost": 2317929.87, "Plan Rows": 59985776, "Plan Width": 9}]}]}, {"Node Type": "Index Scan", "Parent Relationship": "Inner", "Parallel Aware": false, "Scan Direction": "Forward", "Index Name": "idx_lineitem_part_supp", "Relation Name": "lineitem", "Alias": "lineitem", "Startup Cost": 0.56, "Total Cost": 1.92, "Plan Rows": 10, "Plan Width": 17, "Index Cond": "(l_partkey = lineitem_1.l_partkey)", "Filter": "(l_quantity < ((0.2 * avg(lineitem_1.l_quantity))))"}]}]}]}]}]}}, {"Plan": {"Node Type": "Limit", "Parallel Aware": false, "Startup Cost": 4097646.9, "Total Cost": 4097646.91, "Plan Rows": 1, "Plan Width": 32, "Plans": [{"Node Type": "Aggregate", "Strategy": "Plain", "Partial Mode": "Finalize", "Parent Relationship": "Outer", "Parallel Aware": false, "Startup Cost": 4097646.9, "Total Cost": 4097646.91, "Plan Rows": 1, "Plan Width": 32, "Plans": [{"Node Type": "Gather", "Parent Relationship": "Outer", "Parallel Aware": false, "Startup Cost": 4097646.57, "Total Cost": 4097646.88, "Plan Rows": 3, "Plan Width": 32, "Workers Planned": 3, "Single Copy": false, "Plans": [{"Node Type": "Aggregate", "Strategy": "Plain", "Partial Mode": "Partial", "Parent Relationship": "Outer", "Parallel Aware": false, "Startup Cost": 4096646.57, "Total Cost": 4096646.58, "Plan Rows": 1, "Plan Width": 32, "Plans": [{"Node Type": "Merge Join", "Parent Relationship": "Outer", "Parallel Aware": false, "Join Type": "Inner", "Startup Cost": 1420902.2, "Total Cost": 4096630.73, "Plan Rows": 6336, "Plan Width": 8, "Inner Unique": true, "Merge Cond": "(part.p_partkey = lineitem_1.l_partkey)", "Join Filter": "(lineitem.l_quantity < ((0.2 * avg(lineitem_1.l_quantity))))", "Plans": [{"Node Type": "Sort", "Parent Relationship": "Outer", "Parallel Aware": false, "Startup Cost": 1420901.64, "Total Cost": 1420951.2, "Plan Rows": 19824, "Plan Width": 21, "Sort Key": ["lineitem.l_partkey"], "Plans": [{"Node Type": "Hash Join", "Parent Relationship": "Outer", "Parallel Aware": true, "Join Type": "Inner", "Startup Cost": 50647.68, "Total Cost": 1419486.7, "Plan Rows": 19824, "Plan Width": 21, "Inner Unique": true, "Hash Cond": "(lineitem.l_partkey = part.p_partkey)", "Plans": [{"Node Type": "Seq Scan", "Parent Relationship": "Outer", "Parallel Aware": true, "Relation Name": "lineitem", "Alias": "lineitem", "Startup Cost": 0.0, "Total Cost": 1318044.5, "Plan Rows": 19350250, "Plan Width": 17}, {"Node Type": "Hash", "Parent Relationship": "Inner", "Parallel Aware": true, "Startup Cost": 50639.42, "Total Cost": 50639.42, "Plan Rows": 661, "Plan Width": 4, "Plans": [{"Node Type": "Seq Scan", "Parent Relationship": "Outer", "Parallel Aware": true, "Relation Name": "part", "Alias": "part", "Startup Cost": 0.0, "Total Cost": 50639.42, "Plan Rows": 661, "Plan Width": 4, "Filter": "((p_brand = 'Brand#11'::bpchar) AND (p_container = 'WRAP BAG'::bpchar))"}]}]}]}, {"Node Type": "Materialize", "Parent Relationship": "Inner", "Parallel Aware": false, "Startup Cost": 0.56, "Total Cost": 2670597.89, "Plan Rows": 1917787, "Plan Width": 36, "Plans": [{"Node Type": "Aggregate", "Strategy": "Sorted", "Partial Mode": "Simple", "Parent Relationship": "Outer", "Parallel Aware": false, "Startup Cost": 0.56, "Total Cost": 2646625.56, "Plan Rows": 1917787, "Plan Width": 36, "Group Key": ["lineitem_1.l_partkey"], "Plans": [{"Node Type": "Index Scan", "Parent Relationship": "Outer", "Parallel Aware": false, "Scan Direction": "Forward", "Index Name": "idx_lineitem_part_supp", "Relation Name": "lineitem", "Alias": "lineitem_1", "Startup Cost": 0.56, "Total Cost": 2317929.87, "Plan Rows": 59985776, "Plan Width": 9}]}]}]}]}]}]}]}}, {"Plan": {"Node Type": "Limit", "Parallel Aware": false, "Startup Cost": 2742856.0, "Total Cost": 2742856.01, "Plan Rows": 1, "Plan Width": 32, "Plans": [{"Node Type": "Aggregate", "Strategy": "Plain", "Partial Mode": "Simple", "Parent Relationship": "Outer", "Parallel Aware": false, "Startup Cost": 2742856.0, "Total Cost": 2742856.01, "Plan Rows": 1, "Plan Width": 32, "Plans": [{"Node Type": "Nested Loop", "Parent Relationship": "Outer", "Parallel Aware": false, "Join Type": "Inner", "Startup Cost": 67943.19, "Total Cost": 2742806.89, "Plan Rows": 19643, "Plan Width": 8, "Inner Unique": false, "Join Filter": "(part.p_partkey = lineitem.l_partkey)", "Plans": [{"Node Type": "Hash Join", "Parent Relationship": "Outer", "Parallel Aware": false, "Join Type": "Inner", "Startup Cost": 67942.62, "Total Cost": 2738779.68, "Plan Rows": 1965, "Plan Width": 40, "Inner Unique": true, "Hash Cond": "(lineitem_1.l_partkey = part.p_partkey)", "Plans": [{"Node Type": "Aggregate", "Strategy": "Sorted", "Partial Mode": "Simple", "Parent Relationship": "Outer", "Parallel Aware": false, "Startup Cost": 0.56, "Total Cost": 2646625.56, "Plan Rows": 1917787, "Plan Width": 36, "Group Key": ["lineitem_1.l_partkey"], "Plans": [{"Node Type": "Index Scan", "Parent Relationship": "Outer", "Parallel Aware": false, "Scan Direction": "Forward", "Index Name": "idx_lineitem_part_supp", "Relation Name": "lineitem", "Alias": "lineitem_1", "Startup Cost": 0.56, "Total Cost": 2317929.87, "Plan Rows": 59985776, "Plan Width": 9}]}, {"Node Type": "Hash", "Parent Relationship": "Inner", "Parallel Aware": false, "Startup Cost": 67916.44, "Total Cost": 67916.44, "Plan Rows": 2049, "Plan Width": 4, "Plans": [{"Node Type": "Gather Merge", "Parent Relationship": "Outer", "Parallel Aware": false, "Startup Cost": 1000.47, "Total Cost": 67916.44, "Plan Rows": 2049, "Plan Width": 4, "Workers Planned": 3, "Plans": [{"Node Type": "Index Scan", "Parent Relationship": "Outer", "Parallel Aware": true, "Scan Direction": "Forward", "Index Name": "part_pkey", "Relation Name": "part", "Alias": "part", "Startup Cost": 0.43, "Total Cost": 66675.65, "Plan Rows": 661, "Plan Width": 4, "Filter": "((p_brand = 'Brand#11'::bpchar) AND (p_container = 'WRAP BAG'::bpchar))"}]}]}]}, {"Node Type": "Index Scan", "Parent Relationship": "Inner", "Parallel Aware": false, "Scan Direction": "Forward", "Index Name": "idx_lineitem_part_supp", "Relation Name": "lineitem", "Alias": "lineitem", "Startup Cost": 0.56, "Total Cost": 1.92, "Plan Rows": 10, "Plan Width": 17, "Index Cond": "(l_partkey = lineitem_1.l_partkey)", "Filter": "(l_quantity < ((0.2 * avg(lineitem_1.l_quantity))))"}]}]}]}}, {"Plan": {"Node Type": "Limit", "Parallel Aware": false, "Startup Cost": 2726783.88, "Total Cost": 2726783.89, "Plan Rows": 1, "Plan Width": 32, "Plans": [{"Node Type": "Aggregate", "Strategy": "Plain", "Partial Mode": "Simple", "Parent Relationship": "Outer", "Parallel Aware": false, "Startup Cost": 2726783.88, "Total Cost": 2726783.89, "Plan Rows": 1, "Plan Width": 32, "Plans": [{"Node Type": "Nested Loop", "Parent Relationship": "Outer", "Parallel Aware": false, "Join Type": "Inner", "Startup Cost": 51871.06, "Total Cost": 2726734.77, "Plan Rows": 19643, "Plan Width": 8, "Inner Unique": false, "Join Filter": "(part.p_partkey = lineitem.l_partkey)", "Plans": [{"Node Type": "Hash Join", "Parent Relationship": "Outer", "Parallel Aware": false, "Join Type": "Inner", "Startup Cost": 51870.5, "Total Cost": 2722707.56, "Plan Rows": 1965, "Plan Width": 40, "Inner Unique": true, "Hash Cond": "(lineitem_1.l_partkey = part.p_partkey)", "Plans": [{"Node Type": "Aggregate", "Strategy": "Sorted", "Partial Mode": "Simple", "Parent Relationship": "Outer", "Parallel Aware": false, "Startup Cost": 0.56, "Total Cost": 2646625.56, "Plan Rows": 1917787, "Plan Width": 36, "Group Key": ["lineitem_1.l_partkey"], "Plans": [{"Node Type": "Index Scan", "Parent Relationship": "Outer", "Parallel Aware": false, "Scan Direction": "Forward", "Index Name": "idx_lineitem_part_supp", "Relation Name": "lineitem", "Alias": "lineitem_1", "Startup Cost": 0.56, "Total Cost": 2317929.87, "Plan Rows": 59985776, "Plan Width": 9}]}, {"Node Type": "Hash", "Parent Relationship": "Inner", "Parallel Aware": false, "Startup Cost": 51844.32, "Total Cost": 51844.32, "Plan Rows": 2049, "Plan Width": 4, "Plans": [{"Node Type": "Gather", "Parent Relationship": "Outer", "Parallel Aware": false, "Startup Cost": 1000.0, "Total Cost": 51844.32, "Plan Rows": 2049, "Plan Width": 4, "Workers Planned": 3, "Single Copy": false, "Plans": [{"Node Type": "Seq Scan", "Parent Relationship": "Outer", "Parallel Aware": true, "Relation Name": "part", "Alias": "part", "Startup Cost": 0.0, "Total Cost": 50639.42, "Plan Rows": 661, "Plan Width": 4, "Filter": "((p_brand = 'Brand#11'::bpchar) AND (p_container = 'WRAP BAG'::bpchar))"}]}]}]}, {"Node Type": "Index Scan", "Parent Relationship": "Inner", "Parallel Aware": false, "Scan Direction": "Forward", "Index Name": "idx_lineitem_part_supp", "Relation Name": "lineitem", "Alias": "lineitem", "Startup Cost": 0.56, "Total Cost": 1.92, "Plan Rows": 10, "Plan Width": 17, "Index Cond": "(l_partkey = lineitem_1.l_partkey)", "Filter": "(l_quantity < ((0.2 * avg(lineitem_1.l_quantity))))"}]}]}]}}, {"Plan": {"Node Type": "Limit", "Parallel Aware": false, "Startup Cost": 4140530.67, "Total Cost": 4140530.69, "Plan Rows": 1, "Plan Width": 32, "Plans": [{"Node Type": "Aggregate", "Strategy": "Plain", "Partial Mode": "Finalize", "Parent Relationship": "Outer", "Parallel Aware": false, "Startup Cost": 4140530.67, "Total Cost": 4140530.69, "Plan Rows": 1, "Plan Width": 32, "Plans": [{"Node Type": "Gather", "Parent Relationship": "Outer", "Parallel Aware": false, "Startup Cost": 4140530.35, "Total Cost": 4140530.66, "Plan Rows": 3, "Plan Width": 32, "Workers Planned": 3, "Single Copy": false, "Plans": [{"Node Type": "Aggregate", "Strategy": "Plain", "Partial Mode": "Partial", "Parent Relationship": "Outer", "Parallel Aware": false, "Startup Cost": 4139530.35, "Total Cost": 4139530.36, "Plan Rows": 1, "Plan Width": 32, "Plans": [{"Node Type": "Hash Join", "Parent Relationship": "Outer", "Parallel Aware": false, "Join Type": "Inner", "Startup Cost": 2755406.45, "Total Cost": 4139514.5, "Plan Rows": 6336, "Plan Width": 8, "Inner Unique": true, "Hash Cond": "(part.p_partkey = lineitem_1.l_partkey)", "Join Filter": "(lineitem.l_quantity < ((0.2 * avg(lineitem_1.l_quantity))))", "Plans": [{"Node Type": "Hash Join", "Parent Relationship": "Outer", "Parallel Aware": true, "Join Type": "Inner", "Startup Cost": 50647.68, "Total Cost": 1419486.7, "Plan Rows": 19824, "Plan Width": 21, "Inner Unique": true, "Hash Cond": "(lineitem.l_partkey = part.p_partkey)", "Plans": [{"Node Type": "Seq Scan", "Parent Relationship": "Outer", "Parallel Aware": true, "Relation Name": "lineitem", "Alias": "lineitem", "Startup Cost": 0.0, "Total Cost": 1318044.5, "Plan Rows": 19350250, "Plan Width": 17}, {"Node Type": "Hash", "Parent Relationship": "Inner", "Parallel Aware": true, "Startup Cost": 50639.42, "Total Cost": 50639.42, "Plan Rows": 661, "Plan Width": 4, "Plans": [{"Node Type": "Seq Scan", "Parent Relationship": "Outer", "Parallel Aware": true, "Relation Name": "part", "Alias": "part", "Startup Cost": 0.0, "Total Cost": 50639.42, "Plan Rows": 661, "Plan Width": 4, "Filter": "((p_brand = 'Brand#11'::bpchar) AND (p_container = 'WRAP BAG'::bpchar))"}]}]}, {"Node Type": "Hash", "Parent Relationship": "Inner", "Parallel Aware": false, "Startup Cost": 2665803.43, "Total Cost": 2665803.43, "Plan Rows": 1917787, "Plan Width": 36, "Plans": [{"Node Type": "Aggregate", "Strategy": "Sorted", "Partial Mode": "Simple", "Parent Relationship": "Outer", "Parallel Aware": false, "Startup Cost": 0.56, "Total Cost": 2646625.56, "Plan Rows": 1917787, "Plan Width": 36, "Group Key": ["lineitem_1.l_partkey"], "Plans": [{"Node Type": "Index Scan", "Parent Relationship": "Outer", "Parallel Aware": false, "Scan Direction": "Forward", "Index Name": "idx_lineitem_part_supp", "Relation Name": "lineitem", "Alias": "lineitem_1", "Startup Cost": 0.56, "Total Cost": 2317929.87, "Plan Rows": 59985776, "Plan Width": 9}]}]}]}]}]}]}]}}, {"Plan": {"Node Type": "Limit", "Parallel Aware": false, "Startup Cost": 4852805.84, "Total Cost": 4852805.85, "Plan Rows": 1, "Plan Width": 32, "Plans": [{"Node Type": "Aggregate", "Strategy": "Plain", "Partial Mode": "Simple", "Parent Relationship": "Outer", "Parallel Aware": false, "Startup Cost": 4852805.84, "Total Cost": 4852805.85, "Plan Rows": 1, "Plan Width": 32, "Plans": [{"Node Type": "Nested Loop", "Parent Relationship": "Outer", "Parallel Aware": false, "Join Type": "Inner", "Startup Cost": 3906640.79, "Total Cost": 4852756.73, "Plan Rows": 19643, "Plan Width": 8, "Inner Unique": false, "Join Filter": "(part.p_partkey = lineitem.l_partkey)", "Plans": [{"Node Type": "Merge Join", "Parent Relationship": "Outer", "Parallel Aware": false, "Join Type": "Inner", "Startup Cost": 3906639.9, "Total Cost": 4847678.28, "Plan Rows": 1965, "Plan Width": 40, "Inner Unique": true, "Merge Cond": "(part.p_partkey = lineitem_1.l_partkey)", "Plans": [{"Node Type": "Sort", "Parent Relationship": "Outer", "Parallel Aware": false, "Startup Cost": 51957.02, "Total Cost": 51962.14, "Plan Rows": 2049, "Plan Width": 4, "Sort Key": ["part.p_partkey"], "Plans": [{"Node Type": "Gather", "Parent Relationship": "Outer", "Parallel Aware": false, "Startup Cost": 1000.0, "Total Cost": 51844.32, "Plan Rows": 2049, "Plan Width": 4, "Workers Planned": 3, "Single Copy": false, "Plans": [{"Node Type": "Seq Scan", "Parent Relationship": "Outer", "Parallel Aware": true, "Relation Name": "part", "Alias": "part", "Startup Cost": 0.0, "Total Cost": 50639.42, "Plan Rows": 661, "Plan Width": 4, "Filter": "((p_brand = 'Brand#11'::bpchar) AND (p_container = 'WRAP BAG'::bpchar))"}]}]}, {"Node Type": "Aggregate", "Strategy": "Sorted", "Partial Mode": "Finalize", "Parent Relationship": "Inner", "Parallel Aware": false, "Startup Cost": 3854682.88, "Total Cost": 4771719.02, "Plan Rows": 1917787, "Plan Width": 36, "Group Key": ["lineitem_1.l_partkey"], "Plans": [{"Node Type": "Gather Merge", "Parent Relationship": "Outer", "Parallel Aware": false, "Startup Cost": 3854682.88, "Total Cost": 4699802.01, "Plan Rows": 5753361, "Plan Width": 36, "Workers Planned": 3, "Plans": [{"Node Type": "Aggregate", "Strategy": "Sorted", "Partial Mode": "Partial", "Parent Relationship": "Outer", "Parallel Aware": false, "Startup Cost": 3853682.84, "Total Cost": 4022782.05, "Plan Rows": 1917787, "Plan Width": 36, "Group Key": ["lineitem_1.l_partkey"], "Plans": [{"Node Type": "Sort", "Parent Relationship": "Outer", "Parallel Aware": false, "Startup Cost": 3853682.84, "Total Cost": 3902058.46, "Plan Rows": 19350250, "Plan Width": 9, "Sort Key": ["lineitem_1.l_partkey"], "Plans": [{"Node Type": "Seq Scan", "Parent Relationship": "Outer", "Parallel Aware": true, "Relation Name": "lineitem", "Alias": "lineitem_1", "Startup Cost": 0.0, "Total Cost": 1318044.5, "Plan Rows": 19350250, "Plan Width": 9}]}]}]}]}]}, {"Node Type": "Bitmap Heap Scan", "Parent Relationship": "Inner", "Parallel Aware": false, "Relation Name": "lineitem", "Alias": "lineitem", "Startup Cost": 0.89, "Total Cost": 2.46, "Plan Rows": 10, "Plan Width": 17, "Recheck Cond": "(l_partkey = lineitem_1.l_partkey)", "Filter": "(l_quantity < ((0.2 * avg(lineitem_1.l_quantity))))", "Plans": [{"Node Type": "Bitmap Index Scan", "Parent Relationship": "Outer", "Parallel Aware": false, "Index Name": "idx_lineitem_part_supp", "Startup Cost": 0.0, "Total Cost": 0.89, "Plan Rows": 31, "Plan Width": 0, "Index Cond": "(l_partkey = lineitem_1.l_partkey)"}]}]}]}]}}, {"Plan": {"Node Type": "Limit", "Parallel Aware": false, "Startup Cost": 6272399.86, "Total Cost": 6272399.87, "Plan Rows": 1, "Plan Width": 32, "Plans": [{"Node Type": "Aggregate", "Strategy": "Plain", "Partial Mode": "Simple", "Parent Relationship": "Outer", "Parallel Aware": false, "Startup Cost": 6272399.86, "Total Cost": 6272399.87, "Plan Rows": 1, "Plan Width": 32, "Plans": [{"Node Type": "Hash Join", "Parent Relationship": "Outer", "Parallel Aware": false, "Join Type": "Inner", "Startup Cost": 4881499.91, "Total Cost": 6272350.75, "Plan Rows": 19643, "Plan Width": 8, "Inner Unique": true, "Hash Cond": "(part.p_partkey = lineitem_1.l_partkey)", "Join Filter": "(lineitem.l_quantity < ((0.2 * avg(lineitem_1.l_quantity))))", "Plans": [{"Node Type": "Gather", "Parent Relationship": "Outer", "Parallel Aware": false, "Startup Cost": 51647.68, "Total Cost": 1426632.2, "Plan Rows": 61455, "Plan Width": 21, "Workers Planned": 3, "Single Copy": false, "Plans": [{"Node Type": "Hash Join", "Parent Relationship": "Outer", "Parallel Aware": true, "Join Type": "Inner", "Startup Cost": 50647.68, "Total Cost": 1419486.7, "Plan Rows": 19824, "Plan Width": 21, "Inner Unique": true, "Hash Cond": "(lineitem.l_partkey = part.p_partkey)", "Plans": [{"Node Type": "Seq Scan", "Parent Relationship": "Outer", "Parallel Aware": true, "Relation Name": "lineitem", "Alias": "lineitem", "Startup Cost": 0.0, "Total Cost": 1318044.5, "Plan Rows": 19350250, "Plan Width": 17}, {"Node Type": "Hash", "Parent Relationship": "Inner", "Parallel Aware": true, "Startup Cost": 50639.42, "Total Cost": 50639.42, "Plan Rows": 661, "Plan Width": 4, "Plans": [{"Node Type": "Seq Scan", "Parent Relationship": "Outer", "Parallel Aware": true, "Relation Name": "part", "Alias": "part", "Startup Cost": 0.0, "Total Cost": 50639.42, "Plan Rows": 661, "Plan Width": 4, "Filter": "((p_brand = 'Brand#11'::bpchar) AND (p_container = 'WRAP BAG'::bpchar))"}]}]}]}, {"Node Type": "Hash", "Parent Relationship": "Inner", "Parallel Aware": false, "Startup Cost": 4790896.89, "Total Cost": 4790896.89, "Plan Rows": 1917787, "Plan Width": 36, "Plans": [{"Node Type": "Aggregate", "Strategy": "Sorted", "Partial Mode": "Finalize", "Parent Relationship": "Outer", "Parallel Aware": false, "Startup Cost": 3854682.88, "Total Cost": 4771719.02, "Plan Rows": 1917787, "Plan Width": 36, "Group Key": ["lineitem_1.l_partkey"], "Plans": [{"Node Type": "Gather Merge", "Parent Relationship": "Outer", "Parallel Aware": false, "Startup Cost": 3854682.88, "Total Cost": 4699802.01, "Plan Rows": 5753361, "Plan Width": 36, "Workers Planned": 3, "Plans": [{"Node Type": "Aggregate", "Strategy": "Sorted", "Partial Mode": "Partial", "Parent Relationship": "Outer", "Parallel Aware": false, "Startup Cost": 3853682.84, "Total Cost": 4022782.05, "Plan Rows": 1917787, "Plan Width": 36, "Group Key": ["lineitem_1.l_partkey"], "Plans": [{"Node Type": "Sort", "Parent Relationship": "Outer", "Parallel Aware": false, "Startup Cost": 3853682.84, "Total Cost": 3902058.46, "Plan Rows": 19350250, "Plan Width": 9, "Sort Key": ["lineitem_1.l_partkey"], "Plans": [{"Node Type": "Seq Scan", "Parent Relationship": "Outer", "Parallel Aware": true, "Relation Name": "lineitem", "Alias": "lineitem_1", "Startup Cost": 0.0, "Total Cost": 1318044.5, "Plan Rows": 19350250, "Plan Width": 9}]}]}]}]}]}]}]}]}}, {"Plan": {"Node Type": "Limit", "Parallel Aware": false, "Startup Cost": 4852928.59, "Total Cost": 4852928.6, "Plan Rows": 1, "Plan Width": 32, "Plans": [{"Node Type": "Aggregate", "Strategy": "Plain", "Partial Mode": "Simple", "Parent Relationship": "Outer", "Parallel Aware": false, "Startup Cost": 4852928.59, "Total Cost": 4852928.6, "Plan Rows": 1, "Plan Width": 32, "Plans": [{"Node Type": "Nested Loop", "Parent Relationship": "Outer", "Parallel Aware": false, "Join Type": "Inner", "Startup Cost": 3906553.71, "Total Cost": 4852879.48, "Plan Rows": 19643, "Plan Width": 8, "Inner Unique": false, "Join Filter": "(part.p_partkey = lineitem.l_partkey)", "Plans": [{"Node Type": "Hash Join", "Parent Relationship": "Outer", "Parallel Aware": false, "Join Type": "Inner", "Startup Cost": 3906552.81, "Total Cost": 4847801.03, "Plan Rows": 1965, "Plan Width": 40, "Inner Unique": true, "Hash Cond": "(lineitem_1.l_partkey = part.p_partkey)", "Plans": [{"Node Type": "Aggregate", "Strategy": "Sorted", "Partial Mode": "Finalize", "Parent Relationship": "Outer", "Parallel Aware": false, "Startup Cost": 3854682.88, "Total Cost": 4771719.02, "Plan Rows": 1917787, "Plan Width": 36, "Group Key": ["lineitem_1.l_partkey"], "Plans": [{"Node Type": "Gather Merge", "Parent Relationship": "Outer", "Parallel Aware": false, "Startup Cost": 3854682.88, "Total Cost": 4699802.01, "Plan Rows": 5753361, "Plan Width": 36, "Workers Planned": 3, "Plans": [{"Node Type": "Aggregate", "Strategy": "Sorted", "Partial Mode": "Partial", "Parent Relationship": "Outer", "Parallel Aware": false, "Startup Cost": 3853682.84, "Total Cost": 4022782.05, "Plan Rows": 1917787, "Plan Width": 36, "Group Key": ["lineitem_1.l_partkey"], "Plans": [{"Node Type": "Sort", "Parent Relationship": "Outer", "Parallel Aware": false, "Startup Cost": 3853682.84, "Total Cost": 3902058.46, "Plan Rows": 19350250, "Plan Width": 9, "Sort Key": ["lineitem_1.l_partkey"], "Plans": [{"Node Type": "Seq Scan", "Parent Relationship": "Outer", "Parallel Aware": true, "Relation Name": "lineitem", "Alias": "lineitem_1", "Startup Cost": 0.0, "Total Cost": 1318044.5, "Plan Rows": 19350250, "Plan Width": 9}]}]}]}]}, {"Node Type": "Hash", "Parent Relationship": "Inner", "Parallel Aware": false, "Startup Cost": 51844.32, "Total Cost": 51844.32, "Plan Rows": 2049, "Plan Width": 4, "Plans": [{"Node Type": "Gather", "Parent Relationship": "Outer", "Parallel Aware": false, "Startup Cost": 1000.0, "Total Cost": 51844.32, "Plan Rows": 2049, "Plan Width": 4, "Workers Planned": 3, "Single Copy": false, "Plans": [{"Node Type": "Seq Scan", "Parent Relationship": "Outer", "Parallel Aware": true, "Relation Name": "part", "Alias": "part", "Startup Cost": 0.0, "Total Cost": 50639.42, "Plan Rows": 661, "Plan Width": 4, "Filter": "((p_brand = 'Brand#11'::bpchar) AND (p_container = 'WRAP BAG'::bpchar))"}]}]}]}, {"Node Type": "Bitmap Heap Scan", "Parent Relationship": "Inner", "Parallel Aware": false, "Relation Name": "lineitem", "Alias": "lineitem", "Startup Cost": 0.89, "Total Cost": 2.46, "Plan Rows": 10, "Plan Width": 17, "Recheck Cond": "(l_partkey = lineitem_1.l_partkey)", "Filter": "(l_quantity < ((0.2 * avg(lineitem_1.l_quantity))))", "Plans": [{"Node Type": "Bitmap Index Scan", "Parent Relationship": "Outer", "Parallel Aware": false, "Index Name": "idx_lineitem_part_supp", "Startup Cost": 0.0, "Total Cost": 0.89, "Plan Rows": 31, "Plan Width": 0, "Index Cond": "(l_partkey = lineitem_1.l_partkey)"}]}]}]}]}}, {"Plan": {"Node Type": "Limit", "Parallel Aware": false, "Startup Cost": 6272399.86, "Total Cost": 6272399.87, "Plan Rows": 1, "Plan Width": 32, "Plans": [{"Node Type": "Aggregate", "Strategy": "Plain", "Partial Mode": "Simple", "Parent Relationship": "Outer", "Parallel Aware": false, "Startup Cost": 6272399.86, "Total Cost": 6272399.87, "Plan Rows": 1, "Plan Width": 32, "Plans": [{"Node Type": "Hash Join", "Parent Relationship": "Outer", "Parallel Aware": false, "Join Type": "Inner", "Startup Cost": 4881499.91, "Total Cost": 6272350.75, "Plan Rows": 19643, "Plan Width": 8, "Inner Unique": true, "Hash Cond": "(part.p_partkey = lineitem_1.l_partkey)", "Join Filter": "(lineitem.l_quantity < ((0.2 * avg(lineitem_1.l_quantity))))", "Plans": [{"Node Type": "Gather", "Parent Relationship": "Outer", "Parallel Aware": false, "Startup Cost": 51647.68, "Total Cost": 1426632.2, "Plan Rows": 61455, "Plan Width": 21, "Workers Planned": 3, "Single Copy": false, "Plans": [{"Node Type": "Hash Join", "Parent Relationship": "Outer", "Parallel Aware": true, "Join Type": "Inner", "Startup Cost": 50647.68, "Total Cost": 1419486.7, "Plan Rows": 19824, "Plan Width": 21, "Inner Unique": true, "Hash Cond": "(lineitem.l_partkey = part.p_partkey)", "Plans": [{"Node Type": "Seq Scan", "Parent Relationship": "Outer", "Parallel Aware": true, "Relation Name": "lineitem", "Alias": "lineitem", "Startup Cost": 0.0, "Total Cost": 1318044.5, "Plan Rows": 19350250, "Plan Width": 17}, {"Node Type": "Hash", "Parent Relationship": "Inner", "Parallel Aware": true, "Startup Cost": 50639.42, "Total Cost": 50639.42, "Plan Rows": 661, "Plan Width": 4, "Plans": [{"Node Type": "Seq Scan", "Parent Relationship": "Outer", "Parallel Aware": true, "Relation Name": "part", "Alias": "part", "Startup Cost": 0.0, "Total Cost": 50639.42, "Plan Rows": 661, "Plan Width": 4, "Filter": "((p_brand = 'Brand#11'::bpchar) AND (p_container = 'WRAP BAG'::bpchar))"}]}]}]}, {"Node Type": "Hash", "Parent Relationship": "Inner", "Parallel Aware": false, "Startup Cost": 4790896.89, "Total Cost": 4790896.89, "Plan Rows": 1917787, "Plan Width": 36, "Plans": [{"Node Type": "Aggregate", "Strategy": "Sorted", "Partial Mode": "Finalize", "Parent Relationship": "Outer", "Parallel Aware": false, "Startup Cost": 3854682.88, "Total Cost": 4771719.02, "Plan Rows": 1917787, "Plan Width": 36, "Group Key": ["lineitem_1.l_partkey"], "Plans": [{"Node Type": "Gather Merge", "Parent Relationship": "Outer", "Parallel Aware": false, "Startup Cost": 3854682.88, "Total Cost": 4699802.01, "Plan Rows": 5753361, "Plan Width": 36, "Workers Planned": 3, "Plans": [{"Node Type": "Aggregate", "Strategy": "Sorted", "Partial Mode": "Partial", "Parent Relationship": "Outer", "Parallel Aware": false, "Startup Cost": 3853682.84, "Total Cost": 4022782.05, "Plan Rows": 1917787, "Plan Width": 36, "Group Key": ["lineitem_1.l_partkey"], "Plans": [{"Node Type": "Sort", "Parent Relationship": "Outer", "Parallel Aware": false, "Startup Cost": 3853682.84, "Total Cost": 3902058.46, "Plan Rows": 19350250, "Plan Width": 9, "Sort Key": ["lineitem_1.l_partkey"], "Plans": [{"Node Type": "Seq Scan", "Parent Relationship": "Outer", "Parallel Aware": true, "Relation Name": "lineitem", "Alias": "lineitem_1", "Startup Cost": 0.0, "Total Cost": 1318044.5, "Plan Rows": 19350250, "Plan Width": 9}]}]}]}]}]}]}]}]}}, {"Plan": {"Node Type": "Limit", "Parallel Aware": false, "Startup Cost": 4718920.01, "Total Cost": 4718920.03, "Plan Rows": 1, "Plan Width": 32, "Plans": [{"Node Type": "Aggregate", "Strategy": "Plain", "Partial Mode": "Finalize", "Parent Relationship": "Outer", "Parallel Aware": false, "Startup Cost": 4718920.01, "Total Cost": 4718920.03, "Plan Rows": 1, "Plan Width": 32, "Plans": [{"Node Type": "Gather", "Parent Relationship": "Outer", "Parallel Aware": false, "Startup Cost": 4718919.69, "Total Cost": 4718920.0, "Plan Rows": 3, "Plan Width": 32, "Workers Planned": 3, "Single Copy": false, "Plans": [{"Node Type": "Aggregate", "Strategy": "Plain", "Partial Mode": "Partial", "Parent Relationship": "Outer", "Parallel Aware": false, "Startup Cost": 4717919.69, "Total Cost": 4717919.7, "Plan Rows": 1, "Plan Width": 32, "Plans": [{"Node Type": "Merge Join", "Parent Relationship": "Outer", "Parallel Aware": false, "Join Type": "Inner", "Startup Cost": 19.18, "Total Cost": 4717903.84, "Plan Rows": 6336, "Plan Width": 8, "Inner Unique": false, "Merge Cond": "(lineitem.l_partkey = part.p_partkey)", "Join Filter": "(lineitem.l_quantity < ((0.2 * avg(lineitem_1.l_quantity))))", "Plans": [{"Node Type": "Index Scan", "Parent Relationship": "Outer", "Parallel Aware": true, "Scan Direction": "Forward", "Index Name": "idx_lineitem_part_supp", "Relation Name": "lineitem", "Alias": "lineitem", "Startup Cost": 0.56, "Total Cost": 1911574.61, "Plan Rows": 19350250, "Plan Width": 17}, {"Node Type": "Materialize", "Parent Relationship": "Inner", "Parallel Aware": false, "Startup Cost": 0.99, "Total Cost": 2757625.81, "Plan Rows": 1965, "Plan Width": 40, "Plans": [{"Node Type": "Merge Join", "Parent Relationship": "Outer", "Parallel Aware": false, "Join Type": "Inner", "Startup Cost": 0.99, "Total Cost": 2757620.89, "Plan Rows": 1965, "Plan Width": 40, "Inner Unique": true, "Merge Cond": "(part.p_partkey = lineitem_1.l_partkey)", "Plans": [{"Node Type": "Index Scan", "Parent Relationship": "Outer", "Parallel Aware": false, "Scan Direction": "Forward", "Index Name": "part_pkey", "Relation Name": "part", "Alias": "part", "Startup Cost": 0.43, "Total Cost": 86998.23, "Plan Rows": 2049, "Plan Width": 4, "Filter": "((p_brand = 'Brand#11'::bpchar) AND (p_container = 'WRAP BAG'::bpchar))"}, {"Node Type": "Aggregate", "Strategy": "Sorted", "Partial Mode": "Simple", "Parent Relationship": "Inner", "Parallel Aware": false, "Startup Cost": 0.56, "Total Cost": 2646625.56, "Plan Rows": 1917787, "Plan Width": 36, "Group Key": ["lineitem_1.l_partkey"], "Plans": [{"Node Type": "Index Scan", "Parent Relationship": "Outer", "Parallel Aware": false, "Scan Direction": "Forward", "Index Name": "idx_lineitem_part_supp", "Relation Name": "lineitem", "Alias": "lineitem_1", "Startup Cost": 0.56, "Total Cost": 2317929.87, "Plan Rows": 59985776, "Plan Width": 9}]}]}]}]}]}]}]}]}}, {"Plan": {"Node Type": "Limit", "Parallel Aware": false, "Startup Cost": 2761697.21, "Total Cost": 2761697.22, "Plan Rows": 1, "Plan Width": 32, "Plans": [{"Node Type": "Aggregate", "Strategy": "Plain", "Partial Mode": "Simple", "Parent Relationship": "Outer", "Parallel Aware": false, "Startup Cost": 2761697.21, "Total Cost": 2761697.22, "Plan Rows": 1, "Plan Width": 32, "Plans": [{"Node Type": "Nested Loop", "Parent Relationship": "Outer", "Parallel Aware": false, "Join Type": "Inner", "Startup Cost": 1.56, "Total Cost": 2761648.1, "Plan Rows": 19643, "Plan Width": 8, "Inner Unique": false, "Join Filter": "(part.p_partkey = lineitem.l_partkey)", "Plans": [{"Node Type": "Merge Join", "Parent Relationship": "Outer", "Parallel Aware": false, "Join Type": "Inner", "Startup Cost": 0.99, "Total Cost": 2757620.89, "Plan Rows": 1965, "Plan Width": 40, "Inner Unique": true, "Merge Cond": "(part.p_partkey = lineitem_1.l_partkey)", "Plans": [{"Node Type": "Index Scan", "Parent Relationship": "Outer", "Parallel Aware": false, "Scan Direction": "Forward", "Index Name": "part_pkey", "Relation Name": "part", "Alias": "part", "Startup Cost": 0.43, "Total Cost": 86998.23, "Plan Rows": 2049, "Plan Width": 4, "Filter": "((p_brand = 'Brand#11'::bpchar) AND (p_container = 'WRAP BAG'::bpchar))"}, {"Node Type": "Aggregate", "Strategy": "Sorted", "Partial Mode": "Simple", "Parent Relationship": "Inner", "Parallel Aware": false, "Startup Cost": 0.56, "Total Cost": 2646625.56, "Plan Rows": 1917787, "Plan Width": 36, "Group Key": ["lineitem_1.l_partkey"], "Plans": [{"Node Type": "Index Scan", "Parent Relationship": "Outer", "Parallel Aware": false, "Scan Direction": "Forward", "Index Name": "idx_lineitem_part_supp", "Relation Name": "lineitem", "Alias": "lineitem_1", "Startup Cost": 0.56, "Total Cost": 2317929.87, "Plan Rows": 59985776, "Plan Width": 9}]}]}, {"Node Type": "Index Scan", "Parent Relationship": "Inner", "Parallel Aware": false, "Scan Direction": "Forward", "Index Name": "idx_lineitem_part_supp", "Relation Name": "lineitem", "Alias": "lineitem", "Startup Cost": 0.56, "Total Cost": 1.92, "Plan Rows": 10, "Plan Width": 17, "Index Cond": "(l_partkey = lineitem_1.l_partkey)", "Filter": "(l_quantity < ((0.2 * avg(lineitem_1.l_quantity))))"}]}]}]}}, {"Plan": {"Node Type": "Limit", "Parallel Aware": false, "Startup Cost": 2723593.45, "Total Cost": 2723593.47, "Plan Rows": 1, "Plan Width": 32, "Plans": [{"Node Type": "Aggregate", "Strategy": "Plain", "Partial Mode": "Finalize", "Parent Relationship": "Outer", "Parallel Aware": false, "Startup Cost": 2723593.45, "Total Cost": 2723593.47, "Plan Rows": 1, "Plan Width": 32, "Plans": [{"Node Type": "Gather", "Parent Relationship": "Outer", "Parallel Aware": false, "Startup Cost": 2723593.13, "Total Cost": 2723593.44, "Plan Rows": 3, "Plan Width": 32, "Workers Planned": 3, "Single Copy": false, "Plans": [{"Node Type": "Aggregate", "Strategy": "Plain", "Partial Mode": "Partial", "Parent Relationship": "Outer", "Parallel Aware": false, "Startup Cost": 2722593.13, "Total Cost": 2722593.14, "Plan Rows": 1, "Plan Width": 32, "Plans": [{"Node Type": "Nested Loop", "Parent Relationship": "Outer", "Parallel Aware": false, "Join Type": "Inner", "Startup Cost": 50671.51, "Total Cost": 2722577.28, "Plan Rows": 6336, "Plan Width": 8, "Inner Unique": false, "Join Filter": "(part.p_partkey = lineitem.l_partkey)", "Plans": [{"Node Type": "Merge Join", "Parent Relationship": "Outer", "Parallel Aware": false, "Join Type": "Inner", "Startup Cost": 50670.95, "Total Cost": 2721277.92, "Plan Rows": 634, "Plan Width": 40, "Inner Unique": true, "Merge Cond": "(part.p_partkey = lineitem_1.l_partkey)", "Plans": [{"Node Type": "Sort", "Parent Relationship": "Outer", "Parallel Aware": false, "Startup Cost": 50670.38, "Total Cost": 50672.03, "Plan Rows": 661, "Plan Width": 4, "Sort Key": ["part.p_partkey"], "Plans": [{"Node Type": "Seq Scan", "Parent Relationship": "Outer", "Parallel Aware": true, "Relation Name": "part", "Alias": "part", "Startup Cost": 0.0, "Total Cost": 50639.42, "Plan Rows": 661, "Plan Width": 4, "Filter": "((p_brand = 'Brand#11'::bpchar) AND (p_container = 'WRAP BAG'::bpchar))"}]}, {"Node Type": "Aggregate", "Strategy": "Sorted", "Partial Mode": "Simple", "Parent Relationship": "Inner", "Parallel Aware": false, "Startup Cost": 0.56, "Total Cost": 2646625.56, "Plan Rows": 1917787, "Plan Width": 36, "Group Key": ["lineitem_1.l_partkey"], "Plans": [{"Node Type": "Index Scan", "Parent Relationship": "Outer", "Parallel Aware": false, "Scan Direction": "Forward", "Index Name": "idx_lineitem_part_supp", "Relation Name": "lineitem", "Alias": "lineitem_1", "Startup Cost": 0.56, "Total Cost": 2317929.87, "Plan Rows": 59985776, "Plan Width": 9}]}]}, {"Node Type": "Index Scan", "Parent Relationship": "Inner", "Parallel Aware": false, "Scan Direction": "Forward", "Index Name": "idx_lineitem_part_supp", "Relation Name": "lineitem", "Alias": "lineitem", "Startup Cost": 0.56, "Total Cost": 1.92, "Plan Rows": 10, "Plan Width": 17, "Index Cond": "(l_partkey = lineitem_1.l_partkey)", "Filter": "(l_quantity < ((0.2 * avg(lineitem_1.l_quantity))))"}]}]}]}]}]}}, {"Plan": {"Node Type": "Limit", "Parallel Aware": false, "Startup Cost": 4707929.13, "Total Cost": 4707929.14, "Plan Rows": 1, "Plan Width": 32, "Plans": [{"Node Type": "Aggregate", "Strategy": "Plain", "Partial Mode": "Finalize", "Parent Relationship": "Outer", "Parallel Aware": false, "Startup Cost": 4707929.13, "Total Cost": 4707929.14, "Plan Rows": 1, "Plan Width": 32, "Plans": [{"Node Type": "Gather", "Parent Relationship": "Outer", "Parallel Aware": false, "Startup Cost": 4707928.8, "Total Cost": 4707929.11, "Plan Rows": 3, "Plan Width": 32, "Workers Planned": 3, "Single Copy": false, "Plans": [{"Node Type": "Aggregate", "Strategy": "Plain", "Partial Mode": "Partial", "Parent Relationship": "Outer", "Parallel Aware": false, "Startup Cost": 4706928.8, "Total Cost": 4706928.81, "Plan Rows": 1, "Plan Width": 32, "Plans": [{"Node Type": "Merge Join", "Parent Relationship": "Outer", "Parallel Aware": false, "Join Type": "Inner", "Startup Cost": 71093.46, "Total Cost": 4706912.96, "Plan Rows": 6336, "Plan Width": 8, "Inner Unique": true, "Merge Cond": "(part.p_partkey = lineitem_1.l_partkey)", "Join Filter": "(lineitem.l_quantity < ((0.2 * avg(lineitem_1.l_quantity))))", "Plans": [{"Node Type": "Merge Join", "Parent Relationship": "Outer", "Parallel Aware": false, "Join Type": "Inner", "Startup Cost": 71092.89, "Total Cost": 2031233.43, "Plan Rows": 19824, "Plan Width": 21, "Inner Unique": true, "Merge Cond": "(lineitem.l_partkey = part.p_partkey)", "Plans": [{"Node Type": "Index Scan", "Parent Relationship": "Outer", "Parallel Aware": true, "Scan Direction": "Forward", "Index Name": "idx_lineitem_part_supp", "Relation Name": "lineitem", "Alias": "lineitem", "Startup Cost": 0.56, "Total Cost": 1911574.61, "Plan Rows": 19350250, "Plan Width": 17}, {"Node Type": "Sort", "Parent Relationship": "Inner", "Parallel Aware": false, "Startup Cost": 71074.7, "Total Cost": 71079.82, "Plan Rows": 2049, "Plan Width": 4, "Sort Key": ["part.p_partkey"], "Plans": [{"Node Type": "Seq Scan", "Parent Relationship": "Outer", "Parallel Aware": false, "Relation Name": "part", "Alias": "part", "Startup Cost": 0.0, "Total Cost": 70962.0, "Plan Rows": 2049, "Plan Width": 4, "Filter": "((p_brand = 'Brand#11'::bpchar) AND (p_container = 'WRAP BAG'::bpchar))"}]}]}, {"Node Type": "Materialize", "Parent Relationship": "Inner", "Parallel Aware": false, "Startup Cost": 0.56, "Total Cost": 2670597.89, "Plan Rows": 1917787, "Plan Width": 36, "Plans": [{"Node Type": "Aggregate", "Strategy": "Sorted", "Partial Mode": "Simple", "Parent Relationship": "Outer", "Parallel Aware": false, "Startup Cost": 0.56, "Total Cost": 2646625.56, "Plan Rows": 1917787, "Plan Width": 36, "Group Key": ["lineitem_1.l_partkey"], "Plans": [{"Node Type": "Index Scan", "Parent Relationship": "Outer", "Parallel Aware": false, "Scan Direction": "Forward", "Index Name": "idx_lineitem_part_supp", "Relation Name": "lineitem", "Alias": "lineitem_1", "Startup Cost": 0.56, "Total Cost": 2317929.87, "Plan Rows": 59985776, "Plan Width": 9}]}]}]}]}]}]}]}}, {"Plan": {"Node Type": "Limit", "Parallel Aware": false, "Startup Cost": 3583977.74, "Total Cost": 3583977.75, "Plan Rows": 1, "Plan Width": 32, "Plans": [{"Node Type": "Aggregate", "Strategy": "Plain", "Partial Mode": "Simple", "Parent Relationship": "Outer", "Parallel Aware": false, "Startup Cost": 3583977.74, "Total Cost": 3583977.75, "Plan Rows": 1, "Plan Width": 32, "Plans": [{"Node Type": "Nested Loop", "Parent Relationship": "Outer", "Parallel Aware": false, "Join Type": "Inner", "Startup Cost": 1.56, "Total Cost": 3583928.63, "Plan Rows": 19643, "Plan Width": 8, "Inner Unique": false, "Join Filter": "(part.p_partkey = lineitem.l_partkey)", "Plans": [{"Node Type": "Nested Loop", "Parent Relationship": "Outer", "Parallel Aware": false, "Join Type": "Inner", "Startup Cost": 0.99, "Total Cost": 3579901.43, "Plan Rows": 1965, "Plan Width": 40, "Inner Unique": true, "Plans": [{"Node Type": "Aggregate", "Strategy": "Sorted", "Partial Mode": "Simple", "Parent Relationship": "Outer", "Parallel Aware": false, "Startup Cost": 0.56, "Total Cost": 2646625.56, "Plan Rows": 1917787, "Plan Width": 36, "Group Key": ["lineitem_1.l_partkey"], "Plans": [{"Node Type": "Index Scan", "Parent Relationship": "Outer", "Parallel Aware": false, "Scan Direction": "Forward", "Index Name": "idx_lineitem_part_supp", "Relation Name": "lineitem", "Alias": "lineitem_1", "Startup Cost": 0.56, "Total Cost": 2317929.87, "Plan Rows": 59985776, "Plan Width": 9}]}, {"Node Type": "Index Scan", "Parent Relationship": "Inner", "Parallel Aware": false, "Scan Direction": "Forward", "Index Name": "part_pkey", "Relation Name": "part", "Alias": "part", "Startup Cost": 0.43, "Total Cost": 0.48, "Plan Rows": 1, "Plan Width": 4, "Index Cond": "(p_partkey = lineitem_1.l_partkey)", "Filter": "((p_brand = 'Brand#11'::bpchar) AND (p_container = 'WRAP BAG'::bpchar))"}]}, {"Node Type": "Index Scan", "Parent Relationship": "Inner", "Parallel Aware": false, "Scan Direction": "Forward", "Index Name": "idx_lineitem_part_supp", "Relation Name": "lineitem", "Alias": "lineitem", "Startup Cost": 0.56, "Total Cost": 1.92, "Plan Rows": 10, "Plan Width": 17, "Index Cond": "(l_partkey = lineitem_1.l_partkey)", "Filter": "(l_quantity < ((0.2 * avg(lineitem_1.l_quantity))))"}]}]}]}}, {"Plan": {"Node Type": "Limit", "Parallel Aware": false, "Startup Cost": 3583977.74, "Total Cost": 3583977.75, "Plan Rows": 1, "Plan Width": 32, "Plans": [{"Node Type": "Aggregate", "Strategy": "Plain", "Partial Mode": "Simple", "Parent Relationship": "Outer", "Parallel Aware": false, "Startup Cost": 3583977.74, "Total Cost": 3583977.75, "Plan Rows": 1, "Plan Width": 32, "Plans": [{"Node Type": "Nested Loop", "Parent Relationship": "Outer", "Parallel Aware": false, "Join Type": "Inner", "Startup Cost": 1.56, "Total Cost": 3583928.63, "Plan Rows": 19643, "Plan Width": 8, "Inner Unique": false, "Join Filter": "(part.p_partkey = lineitem.l_partkey)", "Plans": [{"Node Type": "Nested Loop", "Parent Relationship": "Outer", "Parallel Aware": false, "Join Type": "Inner", "Startup Cost": 0.99, "Total Cost": 3579901.43, "Plan Rows": 1965, "Plan Width": 40, "Inner Unique": true, "Plans": [{"Node Type": "Aggregate", "Strategy": "Sorted", "Partial Mode": "Simple", "Parent Relationship": "Outer", "Parallel Aware": false, "Startup Cost": 0.56, "Total Cost": 2646625.56, "Plan Rows": 1917787, "Plan Width": 36, "Group Key": ["lineitem_1.l_partkey"], "Plans": [{"Node Type": "Index Scan", "Parent Relationship": "Outer", "Parallel Aware": false, "Scan Direction": "Forward", "Index Name": "idx_lineitem_part_supp", "Relation Name": "lineitem", "Alias": "lineitem_1", "Startup Cost": 0.56, "Total Cost": 2317929.87, "Plan Rows": 59985776, "Plan Width": 9}]}, {"Node Type": "Index Scan", "Parent Relationship": "Inner", "Parallel Aware": false, "Scan Direction": "Forward", "Index Name": "part_pkey", "Relation Name": "part", "Alias": "part", "Startup Cost": 0.43, "Total Cost": 0.48, "Plan Rows": 1, "Plan Width": 4, "Index Cond": "(p_partkey = lineitem_1.l_partkey)", "Filter": "((p_brand = 'Brand#11'::bpchar) AND (p_container = 'WRAP BAG'::bpchar))"}]}, {"Node Type": "Index Scan", "Parent Relationship": "Inner", "Parallel Aware": false, "Scan Direction": "Forward", "Index Name": "idx_lineitem_part_supp", "Relation Name": "lineitem", "Alias": "lineitem", "Startup Cost": 0.56, "Total Cost": 1.92, "Plan Rows": 10, "Plan Width": 17, "Index Cond": "(l_partkey = lineitem_1.l_partkey)", "Filter": "(l_quantity < ((0.2 * avg(lineitem_1.l_quantity))))"}]}]}]}}, {"Plan": {"Node Type": "Limit", "Parallel Aware": false, "Startup Cost": 30002762748.46, "Total Cost": 30002762748.47, "Plan Rows": 1, "Plan Width": 32, "Plans": [{"Node Type": "Aggregate", "Strategy": "Plain", "Partial Mode": "Simple", "Parent Relationship": "Outer", "Parallel Aware": false, "Startup Cost": 30002762748.46, "Total Cost": 30002762748.47, "Plan Rows": 1, "Plan Width": 32, "Plans": [{"Node Type": "Nested Loop", "Parent Relationship": "Outer", "Parallel Aware": false, "Join Type": "Inner", "Startup Cost": 30000000001.89, "Total Cost": 30002762699.35, "Plan Rows": 19643, "Plan Width": 8, "Inner Unique": false, "Join Filter": "(part.p_partkey = lineitem.l_partkey)", "Plans": [{"Node Type": "Merge Join", "Parent Relationship": "Outer", "Parallel Aware": false, "Join Type": "Inner", "Startup Cost": 20000000000.99, "Total Cost": 20002757620.89, "Plan Rows": 1965, "Plan Width": 40, "Inner Unique": true, "Merge Cond": "(part.p_partkey = lineitem_1.l_partkey)", "Plans": [{"Node Type": "Index Scan", "Parent Relationship": "Outer", "Parallel Aware": false, "Scan Direction": "Forward", "Index Name": "part_pkey", "Relation Name": "part", "Alias": "part", "Startup Cost": 10000000000.43, "Total Cost": 10000086998.23, "Plan Rows": 2049, "Plan Width": 4, "Filter": "((p_brand = 'Brand#11'::bpchar) AND (p_container = 'WRAP BAG'::bpchar))"}, {"Node Type": "Aggregate", "Strategy": "Sorted", "Partial Mode": "Simple", "Parent Relationship": "Inner", "Parallel Aware": false, "Startup Cost": 10000000000.57, "Total Cost": 10002646625.56, "Plan Rows": 1917787, "Plan Width": 36, "Group Key": ["lineitem_1.l_partkey"], "Plans": [{"Node Type": "Index Scan", "Parent Relationship": "Outer", "Parallel Aware": false, "Scan Direction": "Forward", "Index Name": "idx_lineitem_part_supp", "Relation Name": "lineitem", "Alias": "lineitem_1", "Startup Cost": 10000000000.57, "Total Cost": 10002317929.87, "Plan Rows": 59985776, "Plan Width": 9}]}]}, {"Node Type": "Bitmap Heap Scan", "Parent Relationship": "Inner", "Parallel Aware": false, "Relation Name": "lineitem", "Alias": "lineitem", "Startup Cost": 0.89, "Total Cost": 2.46, "Plan Rows": 10, "Plan Width": 17, "Recheck Cond": "(l_partkey = lineitem_1.l_partkey)", "Filter": "(l_quantity < ((0.2 * avg(lineitem_1.l_quantity))))", "Plans": [{"Node Type": "Bitmap Index Scan", "Parent Relationship": "Outer", "Parallel Aware": false, "Index Name": "idx_lineitem_part_supp", "Startup Cost": 0.0, "Total Cost": 0.89, "Plan Rows": 31, "Plan Width": 0, "Index Cond": "(l_partkey = lineitem_1.l_partkey)"}]}]}]}]}}, {"Plan": {"Node Type": "Limit", "Parallel Aware": false, "Startup Cost": 10005654809.34, "Total Cost": 10005654809.35, "Plan Rows": 1, "Plan Width": 32, "Plans": [{"Node Type": "Aggregate", "Strategy": "Plain", "Partial Mode": "Simple", "Parent Relationship": "Outer", "Parallel Aware": false, "Startup Cost": 10005654809.34, "Total Cost": 10005654809.35, "Plan Rows": 1, "Plan Width": 32, "Plans": [{"Node Type": "Nested Loop", "Parent Relationship": "Outer", "Parallel Aware": false, "Join Type": "Inner", "Startup Cost": 10000000001.9, "Total Cost": 10005654760.23, "Plan Rows": 19643, "Plan Width": 8, "Inner Unique": false, "Join Filter": "(part.p_partkey = lineitem.l_partkey)", "Plans": [{"Node Type": "Nested Loop", "Parent Relationship": "Outer", "Parallel Aware": false, "Join Type": "Inner", "Startup Cost": 10000000001.0, "Total Cost": 10005649681.77, "Plan Rows": 1965, "Plan Width": 40, "Inner Unique": true, "Plans": [{"Node Type": "Aggregate", "Strategy": "Sorted", "Partial Mode": "Simple", "Parent Relationship": "Outer", "Parallel Aware": false, "Startup Cost": 10000000000.57, "Total Cost": 10002646625.56, "Plan Rows": 1917787, "Plan Width": 36, "Group Key": ["lineitem_1.l_partkey"], "Plans": [{"Node Type": "Index Scan", "Parent Relationship": "Outer", "Parallel Aware": false, "Scan Direction": "Forward", "Index Name": "idx_lineitem_part_supp", "Relation Name": "lineitem", "Alias": "lineitem_1", "Startup Cost": 10000000000.57, "Total Cost": 10002317929.87, "Plan Rows": 59985776, "Plan Width": 9}]}, {"Node Type": "Bitmap Heap Scan", "Parent Relationship": "Inner", "Parallel Aware": false, "Relation Name": "part", "Alias": "part", "Startup Cost": 0.44, "Total Cost": 1.56, "Plan Rows": 1, "Plan Width": 4, "Recheck Cond": "(p_partkey = lineitem_1.l_partkey)", "Filter": "((p_brand = 'Brand#11'::bpchar) AND (p_container = 'WRAP BAG'::bpchar))", "Plans": [{"Node Type": "Bitmap Index Scan", "Parent Relationship": "Outer", "Parallel Aware": false, "Index Name": "part_pkey", "Startup Cost": 0.0, "Total Cost": 0.44, "Plan Rows": 1, "Plan Width": 0, "Index Cond": "(p_partkey = lineitem_1.l_partkey)"}]}]}, {"Node Type": "Bitmap Heap Scan", "Parent Relationship": "Inner", "Parallel Aware": false, "Relation Name": "lineitem", "Alias": "lineitem", "Startup Cost": 0.89, "Total Cost": 2.46, "Plan Rows": 10, "Plan Width": 17, "Recheck Cond": "(l_partkey = lineitem_1.l_partkey)", "Filter": "(l_quantity < ((0.2 * avg(lineitem_1.l_quantity))))", "Plans": [{"Node Type": "Bitmap Index Scan", "Parent Relationship": "Outer", "Parallel Aware": false, "Index Name": "idx_lineitem_part_supp", "Startup Cost": 0.0, "Total Cost": 0.89, "Plan Rows": 31, "Plan Width": 0, "Index Cond": "(l_partkey = lineitem_1.l_partkey)"}]}]}]}]}}, {"Plan": {"Node Type": "Limit", "Parallel Aware": false, "Startup Cost": 4852805.84, "Total Cost": 4852805.85, "Plan Rows": 1, "Plan Width": 32, "Plans": [{"Node Type": "Aggregate", "Strategy": "Plain", "Partial Mode": "Simple", "Parent Relationship": "Outer", "Parallel Aware": false, "Startup Cost": 4852805.84, "Total Cost": 4852805.85, "Plan Rows": 1, "Plan Width": 32, "Plans": [{"Node Type": "Nested Loop", "Parent Relationship": "Outer", "Parallel Aware": false, "Join Type": "Inner", "Startup Cost": 3906640.79, "Total Cost": 4852756.73, "Plan Rows": 19643, "Plan Width": 8, "Inner Unique": false, "Join Filter": "(part.p_partkey = lineitem.l_partkey)", "Plans": [{"Node Type": "Merge Join", "Parent Relationship": "Outer", "Parallel Aware": false, "Join Type": "Inner", "Startup Cost": 3906639.9, "Total Cost": 4847678.28, "Plan Rows": 1965, "Plan Width": 40, "Inner Unique": true, "Merge Cond": "(part.p_partkey = lineitem_1.l_partkey)", "Plans": [{"Node Type": "Sort", "Parent Relationship": "Outer", "Parallel Aware": false, "Startup Cost": 51957.02, "Total Cost": 51962.14, "Plan Rows": 2049, "Plan Width": 4, "Sort Key": ["part.p_partkey"], "Plans": [{"Node Type": "Gather", "Parent Relationship": "Outer", "Parallel Aware": false, "Startup Cost": 1000.0, "Total Cost": 51844.32, "Plan Rows": 2049, "Plan Width": 4, "Workers Planned": 3, "Single Copy": false, "Plans": [{"Node Type": "Seq Scan", "Parent Relationship": "Outer", "Parallel Aware": true, "Relation Name": "part", "Alias": "part", "Startup Cost": 0.0, "Total Cost": 50639.42, "Plan Rows": 661, "Plan Width": 4, "Filter": "((p_brand = 'Brand#11'::bpchar) AND (p_container = 'WRAP BAG'::bpchar))"}]}]}, {"Node Type": "Aggregate", "Strategy": "Sorted", "Partial Mode": "Finalize", "Parent Relationship": "Inner", "Parallel Aware": false, "Startup Cost": 3854682.88, "Total Cost": 4771719.02, "Plan Rows": 1917787, "Plan Width": 36, "Group Key": ["lineitem_1.l_partkey"], "Plans": [{"Node Type": "Gather Merge", "Parent Relationship": "Outer", "Parallel Aware": false, "Startup Cost": 3854682.88, "Total Cost": 4699802.01, "Plan Rows": 5753361, "Plan Width": 36, "Workers Planned": 3, "Plans": [{"Node Type": "Aggregate", "Strategy": "Sorted", "Partial Mode": "Partial", "Parent Relationship": "Outer", "Parallel Aware": false, "Startup Cost": 3853682.84, "Total Cost": 4022782.05, "Plan Rows": 1917787, "Plan Width": 36, "Group Key": ["lineitem_1.l_partkey"], "Plans": [{"Node Type": "Sort", "Parent Relationship": "Outer", "Parallel Aware": false, "Startup Cost": 3853682.84, "Total Cost": 3902058.46, "Plan Rows": 19350250, "Plan Width": 9, "Sort Key": ["lineitem_1.l_partkey"], "Plans": [{"Node Type": "Seq Scan", "Parent Relationship": "Outer", "Parallel Aware": true, "Relation Name": "lineitem", "Alias": "lineitem_1", "Startup Cost": 0.0, "Total Cost": 1318044.5, "Plan Rows": 19350250, "Plan Width": 9}]}]}]}]}]}, {"Node Type": "Bitmap Heap Scan", "Parent Relationship": "Inner", "Parallel Aware": false, "Relation Name": "lineitem", "Alias": "lineitem", "Startup Cost": 0.89, "Total Cost": 2.46, "Plan Rows": 10, "Plan Width": 17, "Recheck Cond": "(l_partkey = lineitem_1.l_partkey)", "Filter": "(l_quantity < ((0.2 * avg(lineitem_1.l_quantity))))", "Plans": [{"Node Type": "Bitmap Index Scan", "Parent Relationship": "Outer", "Parallel Aware": false, "Index Name": "idx_lineitem_part_supp", "Startup Cost": 0.0, "Total Cost": 0.89, "Plan Rows": 31, "Plan Width": 0, "Index Cond": "(l_partkey = lineitem_1.l_partkey)"}]}]}]}]}}, {"Plan": {"Node Type": "Limit", "Parallel Aware": false, "Startup Cost": 8865461.48, "Total Cost": 8865461.5, "Plan Rows": 1, "Plan Width": 32, "Plans": [{"Node Type": "Aggregate", "Strategy": "Plain", "Partial Mode": "Simple", "Parent Relationship": "Outer", "Parallel Aware": false, "Startup Cost": 8865461.48, "Total Cost": 8865461.5, "Plan Rows": 1, "Plan Width": 32, "Plans": [{"Node Type": "Merge Join", "Parent Relationship": "Outer", "Parallel Aware": false, "Join Type": "Inner", "Startup Cost": 7819180.18, "Total Cost": 8865412.37, "Plan Rows": 19643, "Plan Width": 8, "Inner Unique": false, "Merge Cond": "(lineitem_1.l_partkey = part.p_partkey)", "Join Filter": "(lineitem.l_quantity < ((0.2 * avg(lineitem_1.l_quantity))))", "Plans": [{"Node Type": "Aggregate", "Strategy": "Sorted", "Partial Mode": "Finalize", "Parent Relationship": "Outer", "Parallel Aware": false, "Startup Cost": 3854682.88, "Total Cost": 4771719.02, "Plan Rows": 1917787, "Plan Width": 36, "Group Key": ["lineitem_1.l_partkey"], "Plans": [{"Node Type": "Gather Merge", "Parent Relationship": "Outer", "Parallel Aware": false, "Startup Cost": 3854682.88, "Total Cost": 4699802.01, "Plan Rows": 5753361, "Plan Width": 36, "Workers Planned": 3, "Plans": [{"Node Type": "Aggregate", "Strategy": "Sorted", "Partial Mode": "Partial", "Parent Relationship": "Outer", "Parallel Aware": false, "Startup Cost": 3853682.84, "Total Cost": 4022782.05, "Plan Rows": 1917787, "Plan Width": 36, "Group Key": ["lineitem_1.l_partkey"], "Plans": [{"Node Type": "Sort", "Parent Relationship": "Outer", "Parallel Aware": false, "Startup Cost": 3853682.84, "Total Cost": 3902058.46, "Plan Rows": 19350250, "Plan Width": 9, "Sort Key": ["lineitem_1.l_partkey"], "Plans": [{"Node Type": "Seq Scan", "Parent Relationship": "Outer", "Parallel Aware": true, "Relation Name": "lineitem", "Alias": "lineitem_1", "Startup Cost": 0.0, "Total Cost": 1318044.5, "Plan Rows": 19350250, "Plan Width": 9}]}]}]}]}, {"Node Type": "Materialize", "Parent Relationship": "Inner", "Parallel Aware": false, "Startup Cost": 3964497.3, "Total Cost": 4068830.77, "Plan Rows": 61455, "Plan Width": 21, "Plans": [{"Node Type": "Gather Merge", "Parent Relationship": "Outer", "Parallel Aware": false, "Startup Cost": 3964497.3, "Total Cost": 4068677.13, "Plan Rows": 61455, "Plan Width": 21, "Workers Planned": 3, "Plans": [{"Node Type": "Merge Join", "Parent Relationship": "Outer", "Parallel Aware": false, "Join Type": "Inner", "Startup Cost": 3963497.26, "Total Cost": 4060456.13, "Plan Rows": 19824, "Plan Width": 21, "Inner Unique": true, "Merge Cond": "(lineitem.l_partkey = part.p_partkey)", "Plans": [{"Node Type": "Sort", "Parent Relationship": "Outer", "Parallel Aware": false, "Startup Cost": 3892421.69, "Total Cost": 3940797.31, "Plan Rows": 19350250, "Plan Width": 17, "Sort Key": ["lineitem.l_partkey"], "Plans": [{"Node Type": "Seq Scan", "Parent Relationship": "Outer", "Parallel Aware": true, "Relation Name": "lineitem", "Alias": "lineitem", "Startup Cost": 0.0, "Total Cost": 1318044.5, "Plan Rows": 19350250, "Plan Width": 17}]}, {"Node Type": "Sort", "Parent Relationship": "Inner", "Parallel Aware": false, "Startup Cost": 71074.7, "Total Cost": 71079.82, "Plan Rows": 2049, "Plan Width": 4, "Sort Key": ["part.p_partkey"], "Plans": [{"Node Type": "Seq Scan", "Parent Relationship": "Outer", "Parallel Aware": false, "Relation Name": "part", "Alias": "part", "Startup Cost": 0.0, "Total Cost": 70962.0, "Plan Rows": 2049, "Plan Width": 4, "Filter": "((p_brand = 'Brand#11'::bpchar) AND (p_container = 'WRAP BAG'::bpchar))"}]}]}]}]}]}]}]}}, {"Plan": {"Node Type": "Limit", "Parallel Aware": false, "Startup Cost": 10005654809.34, "Total Cost": 10005654809.35, "Plan Rows": 1, "Plan Width": 32, "Plans": [{"Node Type": "Aggregate", "Strategy": "Plain", "Partial Mode": "Simple", "Parent Relationship": "Outer", "Parallel Aware": false, "Startup Cost": 10005654809.34, "Total Cost": 10005654809.35, "Plan Rows": 1, "Plan Width": 32, "Plans": [{"Node Type": "Nested Loop", "Parent Relationship": "Outer", "Parallel Aware": false, "Join Type": "Inner", "Startup Cost": 10000000001.9, "Total Cost": 10005654760.23, "Plan Rows": 19643, "Plan Width": 8, "Inner Unique": false, "Join Filter": "(part.p_partkey = lineitem.l_partkey)", "Plans": [{"Node Type": "Nested Loop", "Parent Relationship": "Outer", "Parallel Aware": false, "Join Type": "Inner", "Startup Cost": 10000000001.0, "Total Cost": 10005649681.77, "Plan Rows": 1965, "Plan Width": 40, "Inner Unique": true, "Plans": [{"Node Type": "Aggregate", "Strategy": "Sorted", "Partial Mode": "Simple", "Parent Relationship": "Outer", "Parallel Aware": false, "Startup Cost": 10000000000.57, "Total Cost": 10002646625.56, "Plan Rows": 1917787, "Plan Width": 36, "Group Key": ["lineitem_1.l_partkey"], "Plans": [{"Node Type": "Index Scan", "Parent Relationship": "Outer", "Parallel Aware": false, "Scan Direction": "Forward", "Index Name": "idx_lineitem_part_supp", "Relation Name": "lineitem", "Alias": "lineitem_1", "Startup Cost": 10000000000.57, "Total Cost": 10002317929.87, "Plan Rows": 59985776, "Plan Width": 9}]}, {"Node Type": "Bitmap Heap Scan", "Parent Relationship": "Inner", "Parallel Aware": false, "Relation Name": "part", "Alias": "part", "Startup Cost": 0.44, "Total Cost": 1.56, "Plan Rows": 1, "Plan Width": 4, "Recheck Cond": "(p_partkey = lineitem_1.l_partkey)", "Filter": "((p_brand = 'Brand#11'::bpchar) AND (p_container = 'WRAP BAG'::bpchar))", "Plans": [{"Node Type": "Bitmap Index Scan", "Parent Relationship": "Outer", "Parallel Aware": false, "Index Name": "part_pkey", "Startup Cost": 0.0, "Total Cost": 0.44, "Plan Rows": 1, "Plan Width": 0, "Index Cond": "(p_partkey = lineitem_1.l_partkey)"}]}]}, {"Node Type": "Bitmap Heap Scan", "Parent Relationship": "Inner", "Parallel Aware": false, "Relation Name": "lineitem", "Alias": "lineitem", "Startup Cost": 0.89, "Total Cost": 2.46, "Plan Rows": 10, "Plan Width": 17, "Recheck Cond": "(l_partkey = lineitem_1.l_partkey)", "Filter": "(l_quantity < ((0.2 * avg(lineitem_1.l_quantity))))", "Plans": [{"Node Type": "Bitmap Index Scan", "Parent Relationship": "Outer", "Parallel Aware": false, "Index Name": "idx_lineitem_part_supp", "Startup Cost": 0.0, "Total Cost": 0.89, "Plan Rows": 31, "Plan Width": 0, "Index Cond": "(l_partkey = lineitem_1.l_partkey)"}]}]}]}]}}, {"Plan": {"Node Type": "Limit", "Parallel Aware": false, "Startup Cost": 7779902.81, "Total Cost": 7779902.82, "Plan Rows": 1, "Plan Width": 32, "Plans": [{"Node Type": "Aggregate", "Strategy": "Plain", "Partial Mode": "Simple", "Parent Relationship": "Outer", "Parallel Aware": false, "Startup Cost": 7779902.81, "Total Cost": 7779902.82, "Plan Rows": 1, "Plan Width": 32, "Plans": [{"Node Type": "Nested Loop", "Parent Relationship": "Outer", "Parallel Aware": false, "Join Type": "Inner", "Startup Cost": 3854684.21, "Total Cost": 7779853.7, "Plan Rows": 19643, "Plan Width": 8, "Inner Unique": false, "Join Filter": "(part.p_partkey = lineitem.l_partkey)", "Plans": [{"Node Type": "Nested Loop", "Parent Relationship": "Outer", "Parallel Aware": false, "Join Type": "Inner", "Startup Cost": 3854683.32, "Total Cost": 7774775.24, "Plan Rows": 1965, "Plan Width": 40, "Inner Unique": true, "Plans": [{"Node Type": "Aggregate", "Strategy": "Sorted", "Partial Mode": "Finalize", "Parent Relationship": "Outer", "Parallel Aware": false, "Startup Cost": 3854682.88, "Total Cost": 4771719.02, "Plan Rows": 1917787, "Plan Width": 36, "Group Key": ["lineitem_1.l_partkey"], "Plans": [{"Node Type": "Gather Merge", "Parent Relationship": "Outer", "Parallel Aware": false, "Startup Cost": 3854682.88, "Total Cost": 4699802.01, "Plan Rows": 5753361, "Plan Width": 36, "Workers Planned": 3, "Plans": [{"Node Type": "Aggregate", "Strategy": "Sorted", "Partial Mode": "Partial", "Parent Relationship": "Outer", "Parallel Aware": false, "Startup Cost": 3853682.84, "Total Cost": 4022782.05, "Plan Rows": 1917787, "Plan Width": 36, "Group Key": ["lineitem_1.l_partkey"], "Plans": [{"Node Type": "Sort", "Parent Relationship": "Outer", "Parallel Aware": false, "Startup Cost": 3853682.84, "Total Cost": 3902058.46, "Plan Rows": 19350250, "Plan Width": 9, "Sort Key": ["lineitem_1.l_partkey"], "Plans": [{"Node Type": "Seq Scan", "Parent Relationship": "Outer", "Parallel Aware": true, "Relation Name": "lineitem", "Alias": "lineitem_1", "Startup Cost": 0.0, "Total Cost": 1318044.5, "Plan Rows": 19350250, "Plan Width": 9}]}]}]}]}, {"Node Type": "Bitmap Heap Scan", "Parent Relationship": "Inner", "Parallel Aware": false, "Relation Name": "part", "Alias": "part", "Startup Cost": 0.44, "Total Cost": 1.56, "Plan Rows": 1, "Plan Width": 4, "Recheck Cond": "(p_partkey = lineitem_1.l_partkey)", "Filter": "((p_brand = 'Brand#11'::bpchar) AND (p_container = 'WRAP BAG'::bpchar))", "Plans": [{"Node Type": "Bitmap Index Scan", "Parent Relationship": "Outer", "Parallel Aware": false, "Index Name": "part_pkey", "Startup Cost": 0.0, "Total Cost": 0.44, "Plan Rows": 1, "Plan Width": 0, "Index Cond": "(p_partkey = lineitem_1.l_partkey)"}]}]}, {"Node Type": "Bitmap Heap Scan", "Parent Relationship": "Inner", "Parallel Aware": false, "Relation Name": "lineitem", "Alias": "lineitem", "Startup Cost": 0.89, "Total Cost": 2.46, "Plan Rows": 10, "Plan Width": 17, "Recheck Cond": "(l_partkey = lineitem_1.l_partkey)", "Filter": "(l_quantity < ((0.2 * avg(lineitem_1.l_quantity))))", "Plans": [{"Node Type": "Bitmap Index Scan", "Parent Relationship": "Outer", "Parallel Aware": false, "Index Name": "idx_lineitem_part_supp", "Startup Cost": 0.0, "Total Cost": 0.89, "Plan Rows": 31, "Plan Width": 0, "Index Cond": "(l_partkey = lineitem_1.l_partkey)"}]}]}]}]}}, {"Plan": {"Node Type": "Limit", "Parallel Aware": false, "Startup Cost": 4718920.01, "Total Cost": 4718920.03, "Plan Rows": 1, "Plan Width": 32, "Plans": [{"Node Type": "Aggregate", "Strategy": "Plain", "Partial Mode": "Finalize", "Parent Relationship": "Outer", "Parallel Aware": false, "Startup Cost": 4718920.01, "Total Cost": 4718920.03, "Plan Rows": 1, "Plan Width": 32, "Plans": [{"Node Type": "Gather", "Parent Relationship": "Outer", "Parallel Aware": false, "Startup Cost": 4718919.69, "Total Cost": 4718920.0, "Plan Rows": 3, "Plan Width": 32, "Workers Planned": 3, "Single Copy": false, "Plans": [{"Node Type": "Aggregate", "Strategy": "Plain", "Partial Mode": "Partial", "Parent Relationship": "Outer", "Parallel Aware": false, "Startup Cost": 4717919.69, "Total Cost": 4717919.7, "Plan Rows": 1, "Plan Width": 32, "Plans": [{"Node Type": "Merge Join", "Parent Relationship": "Outer", "Parallel Aware": false, "Join Type": "Inner", "Startup Cost": 19.18, "Total Cost": 4717903.84, "Plan Rows": 6336, "Plan Width": 8, "Inner Unique": false, "Merge Cond": "(lineitem.l_partkey = part.p_partkey)", "Join Filter": "(lineitem.l_quantity < ((0.2 * avg(lineitem_1.l_quantity))))", "Plans": [{"Node Type": "Index Scan", "Parent Relationship": "Outer", "Parallel Aware": true, "Scan Direction": "Forward", "Index Name": "idx_lineitem_part_supp", "Relation Name": "lineitem", "Alias": "lineitem", "Startup Cost": 0.56, "Total Cost": 1911574.61, "Plan Rows": 19350250, "Plan Width": 17}, {"Node Type": "Materialize", "Parent Relationship": "Inner", "Parallel Aware": false, "Startup Cost": 0.99, "Total Cost": 2757625.81, "Plan Rows": 1965, "Plan Width": 40, "Plans": [{"Node Type": "Merge Join", "Parent Relationship": "Outer", "Parallel Aware": false, "Join Type": "Inner", "Startup Cost": 0.99, "Total Cost": 2757620.89, "Plan Rows": 1965, "Plan Width": 40, "Inner Unique": true, "Merge Cond": "(part.p_partkey = lineitem_1.l_partkey)", "Plans": [{"Node Type": "Index Scan", "Parent Relationship": "Outer", "Parallel Aware": false, "Scan Direction": "Forward", "Index Name": "part_pkey", "Relation Name": "part", "Alias": "part", "Startup Cost": 0.43, "Total Cost": 86998.23, "Plan Rows": 2049, "Plan Width": 4, "Filter": "((p_brand = 'Brand#11'::bpchar) AND (p_container = 'WRAP BAG'::bpchar))"}, {"Node Type": "Aggregate", "Strategy": "Sorted", "Partial Mode": "Simple", "Parent Relationship": "Inner", "Parallel Aware": false, "Startup Cost": 0.56, "Total Cost": 2646625.56, "Plan Rows": 1917787, "Plan Width": 36, "Group Key": ["lineitem_1.l_partkey"], "Plans": [{"Node Type": "Index Scan", "Parent Relationship": "Outer", "Parallel Aware": false, "Scan Direction": "Forward", "Index Name": "idx_lineitem_part_supp", "Relation Name": "lineitem", "Alias": "lineitem_1", "Startup Cost": 0.56, "Total Cost": 2317929.87, "Plan Rows": 59985776, "Plan Width": 9}]}]}]}]}]}]}]}]}}, {"Plan": {"Node Type": "Limit", "Parallel Aware": false, "Startup Cost": 2761697.21, "Total Cost": 2761697.22, "Plan Rows": 1, "Plan Width": 32, "Plans": [{"Node Type": "Aggregate", "Strategy": "Plain", "Partial Mode": "Simple", "Parent Relationship": "Outer", "Parallel Aware": false, "Startup Cost": 2761697.21, "Total Cost": 2761697.22, "Plan Rows": 1, "Plan Width": 32, "Plans": [{"Node Type": "Nested Loop", "Parent Relationship": "Outer", "Parallel Aware": false, "Join Type": "Inner", "Startup Cost": 1.56, "Total Cost": 2761648.1, "Plan Rows": 19643, "Plan Width": 8, "Inner Unique": false, "Join Filter": "(part.p_partkey = lineitem.l_partkey)", "Plans": [{"Node Type": "Merge Join", "Parent Relationship": "Outer", "Parallel Aware": false, "Join Type": "Inner", "Startup Cost": 0.99, "Total Cost": 2757620.89, "Plan Rows": 1965, "Plan Width": 40, "Inner Unique": true, "Merge Cond": "(part.p_partkey = lineitem_1.l_partkey)", "Plans": [{"Node Type": "Index Scan", "Parent Relationship": "Outer", "Parallel Aware": false, "Scan Direction": "Forward", "Index Name": "part_pkey", "Relation Name": "part", "Alias": "part", "Startup Cost": 0.43, "Total Cost": 86998.23, "Plan Rows": 2049, "Plan Width": 4, "Filter": "((p_brand = 'Brand#11'::bpchar) AND (p_container = 'WRAP BAG'::bpchar))"}, {"Node Type": "Aggregate", "Strategy": "Sorted", "Partial Mode": "Simple", "Parent Relationship": "Inner", "Parallel Aware": false, "Startup Cost": 0.56, "Total Cost": 2646625.56, "Plan Rows": 1917787, "Plan Width": 36, "Group Key": ["lineitem_1.l_partkey"], "Plans": [{"Node Type": "Index Scan", "Parent Relationship": "Outer", "Parallel Aware": false, "Scan Direction": "Forward", "Index Name": "idx_lineitem_part_supp", "Relation Name": "lineitem", "Alias": "lineitem_1", "Startup Cost": 0.56, "Total Cost": 2317929.87, "Plan Rows": 59985776, "Plan Width": 9}]}]}, {"Node Type": "Index Scan", "Parent Relationship": "Inner", "Parallel Aware": false, "Scan Direction": "Forward", "Index Name": "idx_lineitem_part_supp", "Relation Name": "lineitem", "Alias": "lineitem", "Startup Cost": 0.56, "Total Cost": 1.92, "Plan Rows": 10, "Plan Width": 17, "Index Cond": "(l_partkey = lineitem_1.l_partkey)", "Filter": "(l_quantity < ((0.2 * avg(lineitem_1.l_quantity))))"}]}]}]}}, {"Plan": {"Node Type": "Limit", "Parallel Aware": false, "Startup Cost": 2723593.45, "Total Cost": 2723593.47, "Plan Rows": 1, "Plan Width": 32, "Plans": [{"Node Type": "Aggregate", "Strategy": "Plain", "Partial Mode": "Finalize", "Parent Relationship": "Outer", "Parallel Aware": false, "Startup Cost": 2723593.45, "Total Cost": 2723593.47, "Plan Rows": 1, "Plan Width": 32, "Plans": [{"Node Type": "Gather", "Parent Relationship": "Outer", "Parallel Aware": false, "Startup Cost": 2723593.13, "Total Cost": 2723593.44, "Plan Rows": 3, "Plan Width": 32, "Workers Planned": 3, "Single Copy": false, "Plans": [{"Node Type": "Aggregate", "Strategy": "Plain", "Partial Mode": "Partial", "Parent Relationship": "Outer", "Parallel Aware": false, "Startup Cost": 2722593.13, "Total Cost": 2722593.14, "Plan Rows": 1, "Plan Width": 32, "Plans": [{"Node Type": "Nested Loop", "Parent Relationship": "Outer", "Parallel Aware": false, "Join Type": "Inner", "Startup Cost": 50671.51, "Total Cost": 2722577.28, "Plan Rows": 6336, "Plan Width": 8, "Inner Unique": false, "Join Filter": "(part.p_partkey = lineitem.l_partkey)", "Plans": [{"Node Type": "Merge Join", "Parent Relationship": "Outer", "Parallel Aware": false, "Join Type": "Inner", "Startup Cost": 50670.95, "Total Cost": 2721277.92, "Plan Rows": 634, "Plan Width": 40, "Inner Unique": true, "Merge Cond": "(part.p_partkey = lineitem_1.l_partkey)", "Plans": [{"Node Type": "Sort", "Parent Relationship": "Outer", "Parallel Aware": false, "Startup Cost": 50670.38, "Total Cost": 50672.03, "Plan Rows": 661, "Plan Width": 4, "Sort Key": ["part.p_partkey"], "Plans": [{"Node Type": "Seq Scan", "Parent Relationship": "Outer", "Parallel Aware": true, "Relation Name": "part", "Alias": "part", "Startup Cost": 0.0, "Total Cost": 50639.42, "Plan Rows": 661, "Plan Width": 4, "Filter": "((p_brand = 'Brand#11'::bpchar) AND (p_container = 'WRAP BAG'::bpchar))"}]}, {"Node Type": "Aggregate", "Strategy": "Sorted", "Partial Mode": "Simple", "Parent Relationship": "Inner", "Parallel Aware": false, "Startup Cost": 0.56, "Total Cost": 2646625.56, "Plan Rows": 1917787, "Plan Width": 36, "Group Key": ["lineitem_1.l_partkey"], "Plans": [{"Node Type": "Index Scan", "Parent Relationship": "Outer", "Parallel Aware": false, "Scan Direction": "Forward", "Index Name": "idx_lineitem_part_supp", "Relation Name": "lineitem", "Alias": "lineitem_1", "Startup Cost": 0.56, "Total Cost": 2317929.87, "Plan Rows": 59985776, "Plan Width": 9}]}]}, {"Node Type": "Index Scan", "Parent Relationship": "Inner", "Parallel Aware": false, "Scan Direction": "Forward", "Index Name": "idx_lineitem_part_supp", "Relation Name": "lineitem", "Alias": "lineitem", "Startup Cost": 0.56, "Total Cost": 1.92, "Plan Rows": 10, "Plan Width": 17, "Index Cond": "(l_partkey = lineitem_1.l_partkey)", "Filter": "(l_quantity < ((0.2 * avg(lineitem_1.l_quantity))))"}]}]}]}]}]}}, {"Plan": {"Node Type": "Limit", "Parallel Aware": false, "Startup Cost": 4707929.13, "Total Cost": 4707929.14, "Plan Rows": 1, "Plan Width": 32, "Plans": [{"Node Type": "Aggregate", "Strategy": "Plain", "Partial Mode": "Finalize", "Parent Relationship": "Outer", "Parallel Aware": false, "Startup Cost": 4707929.13, "Total Cost": 4707929.14, "Plan Rows": 1, "Plan Width": 32, "Plans": [{"Node Type": "Gather", "Parent Relationship": "Outer", "Parallel Aware": false, "Startup Cost": 4707928.8, "Total Cost": 4707929.11, "Plan Rows": 3, "Plan Width": 32, "Workers Planned": 3, "Single Copy": false, "Plans": [{"Node Type": "Aggregate", "Strategy": "Plain", "Partial Mode": "Partial", "Parent Relationship": "Outer", "Parallel Aware": false, "Startup Cost": 4706928.8, "Total Cost": 4706928.81, "Plan Rows": 1, "Plan Width": 32, "Plans": [{"Node Type": "Merge Join", "Parent Relationship": "Outer", "Parallel Aware": false, "Join Type": "Inner", "Startup Cost": 71093.46, "Total Cost": 4706912.96, "Plan Rows": 6336, "Plan Width": 8, "Inner Unique": true, "Merge Cond": "(part.p_partkey = lineitem_1.l_partkey)", "Join Filter": "(lineitem.l_quantity < ((0.2 * avg(lineitem_1.l_quantity))))", "Plans": [{"Node Type": "Merge Join", "Parent Relationship": "Outer", "Parallel Aware": false, "Join Type": "Inner", "Startup Cost": 71092.89, "Total Cost": 2031233.43, "Plan Rows": 19824, "Plan Width": 21, "Inner Unique": true, "Merge Cond": "(lineitem.l_partkey = part.p_partkey)", "Plans": [{"Node Type": "Index Scan", "Parent Relationship": "Outer", "Parallel Aware": true, "Scan Direction": "Forward", "Index Name": "idx_lineitem_part_supp", "Relation Name": "lineitem", "Alias": "lineitem", "Startup Cost": 0.56, "Total Cost": 1911574.61, "Plan Rows": 19350250, "Plan Width": 17}, {"Node Type": "Sort", "Parent Relationship": "Inner", "Parallel Aware": false, "Startup Cost": 71074.7, "Total Cost": 71079.82, "Plan Rows": 2049, "Plan Width": 4, "Sort Key": ["part.p_partkey"], "Plans": [{"Node Type": "Seq Scan", "Parent Relationship": "Outer", "Parallel Aware": false, "Relation Name": "part", "Alias": "part", "Startup Cost": 0.0, "Total Cost": 70962.0, "Plan Rows": 2049, "Plan Width": 4, "Filter": "((p_brand = 'Brand#11'::bpchar) AND (p_container = 'WRAP BAG'::bpchar))"}]}]}, {"Node Type": "Materialize", "Parent Relationship": "Inner", "Parallel Aware": false, "Startup Cost": 0.56, "Total Cost": 2670597.89, "Plan Rows": 1917787, "Plan Width": 36, "Plans": [{"Node Type": "Aggregate", "Strategy": "Sorted", "Partial Mode": "Simple", "Parent Relationship": "Outer", "Parallel Aware": false, "Startup Cost": 0.56, "Total Cost": 2646625.56, "Plan Rows": 1917787, "Plan Width": 36, "Group Key": ["lineitem_1.l_partkey"], "Plans": [{"Node Type": "Index Scan", "Parent Relationship": "Outer", "Parallel Aware": false, "Scan Direction": "Forward", "Index Name": "idx_lineitem_part_supp", "Relation Name": "lineitem", "Alias": "lineitem_1", "Startup Cost": 0.56, "Total Cost": 2317929.87, "Plan Rows": 59985776, "Plan Width": 9}]}]}]}]}]}]}]}}, {"Plan": {"Node Type": "Limit", "Parallel Aware": false, "Startup Cost": 3583977.74, "Total Cost": 3583977.75, "Plan Rows": 1, "Plan Width": 32, "Plans": [{"Node Type": "Aggregate", "Strategy": "Plain", "Partial Mode": "Simple", "Parent Relationship": "Outer", "Parallel Aware": false, "Startup Cost": 3583977.74, "Total Cost": 3583977.75, "Plan Rows": 1, "Plan Width": 32, "Plans": [{"Node Type": "Nested Loop", "Parent Relationship": "Outer", "Parallel Aware": false, "Join Type": "Inner", "Startup Cost": 1.56, "Total Cost": 3583928.63, "Plan Rows": 19643, "Plan Width": 8, "Inner Unique": false, "Join Filter": "(part.p_partkey = lineitem.l_partkey)", "Plans": [{"Node Type": "Nested Loop", "Parent Relationship": "Outer", "Parallel Aware": false, "Join Type": "Inner", "Startup Cost": 0.99, "Total Cost": 3579901.43, "Plan Rows": 1965, "Plan Width": 40, "Inner Unique": true, "Plans": [{"Node Type": "Aggregate", "Strategy": "Sorted", "Partial Mode": "Simple", "Parent Relationship": "Outer", "Parallel Aware": false, "Startup Cost": 0.56, "Total Cost": 2646625.56, "Plan Rows": 1917787, "Plan Width": 36, "Group Key": ["lineitem_1.l_partkey"], "Plans": [{"Node Type": "Index Scan", "Parent Relationship": "Outer", "Parallel Aware": false, "Scan Direction": "Forward", "Index Name": "idx_lineitem_part_supp", "Relation Name": "lineitem", "Alias": "lineitem_1", "Startup Cost": 0.56, "Total Cost": 2317929.87, "Plan Rows": 59985776, "Plan Width": 9}]}, {"Node Type": "Index Scan", "Parent Relationship": "Inner", "Parallel Aware": false, "Scan Direction": "Forward", "Index Name": "part_pkey", "Relation Name": "part", "Alias": "part", "Startup Cost": 0.43, "Total Cost": 0.48, "Plan Rows": 1, "Plan Width": 4, "Index Cond": "(p_partkey = lineitem_1.l_partkey)", "Filter": "((p_brand = 'Brand#11'::bpchar) AND (p_container = 'WRAP BAG'::bpchar))"}]}, {"Node Type": "Index Scan", "Parent Relationship": "Inner", "Parallel Aware": false, "Scan Direction": "Forward", "Index Name": "idx_lineitem_part_supp", "Relation Name": "lineitem", "Alias": "lineitem", "Startup Cost": 0.56, "Total Cost": 1.92, "Plan Rows": 10, "Plan Width": 17, "Index Cond": "(l_partkey = lineitem_1.l_partkey)", "Filter": "(l_quantity < ((0.2 * avg(lineitem_1.l_quantity))))"}]}]}]}}, {"Plan": {"Node Type": "Limit", "Parallel Aware": false, "Startup Cost": 3583977.74, "Total Cost": 3583977.75, "Plan Rows": 1, "Plan Width": 32, "Plans": [{"Node Type": "Aggregate", "Strategy": "Plain", "Partial Mode": "Simple", "Parent Relationship": "Outer", "Parallel Aware": false, "Startup Cost": 3583977.74, "Total Cost": 3583977.75, "Plan Rows": 1, "Plan Width": 32, "Plans": [{"Node Type": "Nested Loop", "Parent Relationship": "Outer", "Parallel Aware": false, "Join Type": "Inner", "Startup Cost": 1.56, "Total Cost": 3583928.63, "Plan Rows": 19643, "Plan Width": 8, "Inner Unique": false, "Join Filter": "(part.p_partkey = lineitem.l_partkey)", "Plans": [{"Node Type": "Nested Loop", "Parent Relationship": "Outer", "Parallel Aware": false, "Join Type": "Inner", "Startup Cost": 0.99, "Total Cost": 3579901.43, "Plan Rows": 1965, "Plan Width": 40, "Inner Unique": true, "Plans": [{"Node Type": "Aggregate", "Strategy": "Sorted", "Partial Mode": "Simple", "Parent Relationship": "Outer", "Parallel Aware": false, "Startup Cost": 0.56, "Total Cost": 2646625.56, "Plan Rows": 1917787, "Plan Width": 36, "Group Key": ["lineitem_1.l_partkey"], "Plans": [{"Node Type": "Index Scan", "Parent Relationship": "Outer", "Parallel Aware": false, "Scan Direction": "Forward", "Index Name": "idx_lineitem_part_supp", "Relation Name": "lineitem", "Alias": "lineitem_1", "Startup Cost": 0.56, "Total Cost": 2317929.87, "Plan Rows": 59985776, "Plan Width": 9}]}, {"Node Type": "Index Scan", "Parent Relationship": "Inner", "Parallel Aware": false, "Scan Direction": "Forward", "Index Name": "part_pkey", "Relation Name": "part", "Alias": "part", "Startup Cost": 0.43, "Total Cost": 0.48, "Plan Rows": 1, "Plan Width": 4, "Index Cond": "(p_partkey = lineitem_1.l_partkey)", "Filter": "((p_brand = 'Brand#11'::bpchar) AND (p_container = 'WRAP BAG'::bpchar))"}]}, {"Node Type": "Index Scan", "Parent Relationship": "Inner", "Parallel Aware": false, "Scan Direction": "Forward", "Index Name": "idx_lineitem_part_supp", "Relation Name": "lineitem", "Alias": "lineitem", "Startup Cost": 0.56, "Total Cost": 1.92, "Plan Rows": 10, "Plan Width": 17, "Index Cond": "(l_partkey = lineitem_1.l_partkey)", "Filter": "(l_quantity < ((0.2 * avg(lineitem_1.l_quantity))))"}]}]}]}}, {"Plan": {"Node Type": "Limit", "Parallel Aware": false, "Startup Cost": 4852805.84, "Total Cost": 4852805.85, "Plan Rows": 1, "Plan Width": 32, "Plans": [{"Node Type": "Aggregate", "Strategy": "Plain", "Partial Mode": "Simple", "Parent Relationship": "Outer", "Parallel Aware": false, "Startup Cost": 4852805.84, "Total Cost": 4852805.85, "Plan Rows": 1, "Plan Width": 32, "Plans": [{"Node Type": "Nested Loop", "Parent Relationship": "Outer", "Parallel Aware": false, "Join Type": "Inner", "Startup Cost": 3906640.79, "Total Cost": 4852756.73, "Plan Rows": 19643, "Plan Width": 8, "Inner Unique": false, "Join Filter": "(part.p_partkey = lineitem.l_partkey)", "Plans": [{"Node Type": "Merge Join", "Parent Relationship": "Outer", "Parallel Aware": false, "Join Type": "Inner", "Startup Cost": 3906639.9, "Total Cost": 4847678.28, "Plan Rows": 1965, "Plan Width": 40, "Inner Unique": true, "Merge Cond": "(part.p_partkey = lineitem_1.l_partkey)", "Plans": [{"Node Type": "Sort", "Parent Relationship": "Outer", "Parallel Aware": false, "Startup Cost": 51957.02, "Total Cost": 51962.14, "Plan Rows": 2049, "Plan Width": 4, "Sort Key": ["part.p_partkey"], "Plans": [{"Node Type": "Gather", "Parent Relationship": "Outer", "Parallel Aware": false, "Startup Cost": 1000.0, "Total Cost": 51844.32, "Plan Rows": 2049, "Plan Width": 4, "Workers Planned": 3, "Single Copy": false, "Plans": [{"Node Type": "Seq Scan", "Parent Relationship": "Outer", "Parallel Aware": true, "Relation Name": "part", "Alias": "part", "Startup Cost": 0.0, "Total Cost": 50639.42, "Plan Rows": 661, "Plan Width": 4, "Filter": "((p_brand = 'Brand#11'::bpchar) AND (p_container = 'WRAP BAG'::bpchar))"}]}]}, {"Node Type": "Aggregate", "Strategy": "Sorted", "Partial Mode": "Finalize", "Parent Relationship": "Inner", "Parallel Aware": false, "Startup Cost": 3854682.88, "Total Cost": 4771719.02, "Plan Rows": 1917787, "Plan Width": 36, "Group Key": ["lineitem_1.l_partkey"], "Plans": [{"Node Type": "Gather Merge", "Parent Relationship": "Outer", "Parallel Aware": false, "Startup Cost": 3854682.88, "Total Cost": 4699802.01, "Plan Rows": 5753361, "Plan Width": 36, "Workers Planned": 3, "Plans": [{"Node Type": "Aggregate", "Strategy": "Sorted", "Partial Mode": "Partial", "Parent Relationship": "Outer", "Parallel Aware": false, "Startup Cost": 3853682.84, "Total Cost": 4022782.05, "Plan Rows": 1917787, "Plan Width": 36, "Group Key": ["lineitem_1.l_partkey"], "Plans": [{"Node Type": "Sort", "Parent Relationship": "Outer", "Parallel Aware": false, "Startup Cost": 3853682.84, "Total Cost": 3902058.46, "Plan Rows": 19350250, "Plan Width": 9, "Sort Key": ["lineitem_1.l_partkey"], "Plans": [{"Node Type": "Seq Scan", "Parent Relationship": "Outer", "Parallel Aware": true, "Relation Name": "lineitem", "Alias": "lineitem_1", "Startup Cost": 0.0, "Total Cost": 1318044.5, "Plan Rows": 19350250, "Plan Width": 9}]}]}]}]}]}, {"Node Type": "Bitmap Heap Scan", "Parent Relationship": "Inner", "Parallel Aware": false, "Relation Name": "lineitem", "Alias": "lineitem", "Startup Cost": 0.89, "Total Cost": 2.46, "Plan Rows": 10, "Plan Width": 17, "Recheck Cond": "(l_partkey = lineitem_1.l_partkey)", "Filter": "(l_quantity < ((0.2 * avg(lineitem_1.l_quantity))))", "Plans": [{"Node Type": "Bitmap Index Scan", "Parent Relationship": "Outer", "Parallel Aware": false, "Index Name": "idx_lineitem_part_supp", "Startup Cost": 0.0, "Total Cost": 0.89, "Plan Rows": 31, "Plan Width": 0, "Index Cond": "(l_partkey = lineitem_1.l_partkey)"}]}]}]}]}}, {"Plan": {"Node Type": "Limit", "Parallel Aware": false, "Startup Cost": 8865461.48, "Total Cost": 8865461.5, "Plan Rows": 1, "Plan Width": 32, "Plans": [{"Node Type": "Aggregate", "Strategy": "Plain", "Partial Mode": "Simple", "Parent Relationship": "Outer", "Parallel Aware": false, "Startup Cost": 8865461.48, "Total Cost": 8865461.5, "Plan Rows": 1, "Plan Width": 32, "Plans": [{"Node Type": "Merge Join", "Parent Relationship": "Outer", "Parallel Aware": false, "Join Type": "Inner", "Startup Cost": 7819180.18, "Total Cost": 8865412.37, "Plan Rows": 19643, "Plan Width": 8, "Inner Unique": false, "Merge Cond": "(lineitem_1.l_partkey = part.p_partkey)", "Join Filter": "(lineitem.l_quantity < ((0.2 * avg(lineitem_1.l_quantity))))", "Plans": [{"Node Type": "Aggregate", "Strategy": "Sorted", "Partial Mode": "Finalize", "Parent Relationship": "Outer", "Parallel Aware": false, "Startup Cost": 3854682.88, "Total Cost": 4771719.02, "Plan Rows": 1917787, "Plan Width": 36, "Group Key": ["lineitem_1.l_partkey"], "Plans": [{"Node Type": "Gather Merge", "Parent Relationship": "Outer", "Parallel Aware": false, "Startup Cost": 3854682.88, "Total Cost": 4699802.01, "Plan Rows": 5753361, "Plan Width": 36, "Workers Planned": 3, "Plans": [{"Node Type": "Aggregate", "Strategy": "Sorted", "Partial Mode": "Partial", "Parent Relationship": "Outer", "Parallel Aware": false, "Startup Cost": 3853682.84, "Total Cost": 4022782.05, "Plan Rows": 1917787, "Plan Width": 36, "Group Key": ["lineitem_1.l_partkey"], "Plans": [{"Node Type": "Sort", "Parent Relationship": "Outer", "Parallel Aware": false, "Startup Cost": 3853682.84, "Total Cost": 3902058.46, "Plan Rows": 19350250, "Plan Width": 9, "Sort Key": ["lineitem_1.l_partkey"], "Plans": [{"Node Type": "Seq Scan", "Parent Relationship": "Outer", "Parallel Aware": true, "Relation Name": "lineitem", "Alias": "lineitem_1", "Startup Cost": 0.0, "Total Cost": 1318044.5, "Plan Rows": 19350250, "Plan Width": 9}]}]}]}]}, {"Node Type": "Materialize", "Parent Relationship": "Inner", "Parallel Aware": false, "Startup Cost": 3964497.3, "Total Cost": 4068830.77, "Plan Rows": 61455, "Plan Width": 21, "Plans": [{"Node Type": "Gather Merge", "Parent Relationship": "Outer", "Parallel Aware": false, "Startup Cost": 3964497.3, "Total Cost": 4068677.13, "Plan Rows": 61455, "Plan Width": 21, "Workers Planned": 3, "Plans": [{"Node Type": "Merge Join", "Parent Relationship": "Outer", "Parallel Aware": false, "Join Type": "Inner", "Startup Cost": 3963497.26, "Total Cost": 4060456.13, "Plan Rows": 19824, "Plan Width": 21, "Inner Unique": true, "Merge Cond": "(lineitem.l_partkey = part.p_partkey)", "Plans": [{"Node Type": "Sort", "Parent Relationship": "Outer", "Parallel Aware": false, "Startup Cost": 3892421.69, "Total Cost": 3940797.31, "Plan Rows": 19350250, "Plan Width": 17, "Sort Key": ["lineitem.l_partkey"], "Plans": [{"Node Type": "Seq Scan", "Parent Relationship": "Outer", "Parallel Aware": true, "Relation Name": "lineitem", "Alias": "lineitem", "Startup Cost": 0.0, "Total Cost": 1318044.5, "Plan Rows": 19350250, "Plan Width": 17}]}, {"Node Type": "Sort", "Parent Relationship": "Inner", "Parallel Aware": false, "Startup Cost": 71074.7, "Total Cost": 71079.82, "Plan Rows": 2049, "Plan Width": 4, "Sort Key": ["part.p_partkey"], "Plans": [{"Node Type": "Seq Scan", "Parent Relationship": "Outer", "Parallel Aware": false, "Relation Name": "part", "Alias": "part", "Startup Cost": 0.0, "Total Cost": 70962.0, "Plan Rows": 2049, "Plan Width": 4, "Filter": "((p_brand = 'Brand#11'::bpchar) AND (p_container = 'WRAP BAG'::bpchar))"}]}]}]}]}]}]}]}}, {"Plan": {"Node Type": "Limit", "Parallel Aware": false, "Startup Cost": 7779902.81, "Total Cost": 7779902.82, "Plan Rows": 1, "Plan Width": 32, "Plans": [{"Node Type": "Aggregate", "Strategy": "Plain", "Partial Mode": "Simple", "Parent Relationship": "Outer", "Parallel Aware": false, "Startup Cost": 7779902.81, "Total Cost": 7779902.82, "Plan Rows": 1, "Plan Width": 32, "Plans": [{"Node Type": "Nested Loop", "Parent Relationship": "Outer", "Parallel Aware": false, "Join Type": "Inner", "Startup Cost": 3854684.21, "Total Cost": 7779853.7, "Plan Rows": 19643, "Plan Width": 8, "Inner Unique": false, "Join Filter": "(part.p_partkey = lineitem.l_partkey)", "Plans": [{"Node Type": "Nested Loop", "Parent Relationship": "Outer", "Parallel Aware": false, "Join Type": "Inner", "Startup Cost": 3854683.32, "Total Cost": 7774775.24, "Plan Rows": 1965, "Plan Width": 40, "Inner Unique": true, "Plans": [{"Node Type": "Aggregate", "Strategy": "Sorted", "Partial Mode": "Finalize", "Parent Relationship": "Outer", "Parallel Aware": false, "Startup Cost": 3854682.88, "Total Cost": 4771719.02, "Plan Rows": 1917787, "Plan Width": 36, "Group Key": ["lineitem_1.l_partkey"], "Plans": [{"Node Type": "Gather Merge", "Parent Relationship": "Outer", "Parallel Aware": false, "Startup Cost": 3854682.88, "Total Cost": 4699802.01, "Plan Rows": 5753361, "Plan Width": 36, "Workers Planned": 3, "Plans": [{"Node Type": "Aggregate", "Strategy": "Sorted", "Partial Mode": "Partial", "Parent Relationship": "Outer", "Parallel Aware": false, "Startup Cost": 3853682.84, "Total Cost": 4022782.05, "Plan Rows": 1917787, "Plan Width": 36, "Group Key": ["lineitem_1.l_partkey"], "Plans": [{"Node Type": "Sort", "Parent Relationship": "Outer", "Parallel Aware": false, "Startup Cost": 3853682.84, "Total Cost": 3902058.46, "Plan Rows": 19350250, "Plan Width": 9, "Sort Key": ["lineitem_1.l_partkey"], "Plans": [{"Node Type": "Seq Scan", "Parent Relationship": "Outer", "Parallel Aware": true, "Relation Name": "lineitem", "Alias": "lineitem_1", "Startup Cost": 0.0, "Total Cost": 1318044.5, "Plan Rows": 19350250, "Plan Width": 9}]}]}]}]}, {"Node Type": "Bitmap Heap Scan", "Parent Relationship": "Inner", "Parallel Aware": false, "Relation Name": "part", "Alias": "part", "Startup Cost": 0.44, "Total Cost": 1.56, "Plan Rows": 1, "Plan Width": 4, "Recheck Cond": "(p_partkey = lineitem_1.l_partkey)", "Filter": "((p_brand = 'Brand#11'::bpchar) AND (p_container = 'WRAP BAG'::bpchar))", "Plans": [{"Node Type": "Bitmap Index Scan", "Parent Relationship": "Outer", "Parallel Aware": false, "Index Name": "part_pkey", "Startup Cost": 0.0, "Total Cost": 0.44, "Plan Rows": 1, "Plan Width": 0, "Index Cond": "(p_partkey = lineitem_1.l_partkey)"}]}]}, {"Node Type": "Bitmap Heap Scan", "Parent Relationship": "Inner", "Parallel Aware": false, "Relation Name": "lineitem", "Alias": "lineitem", "Startup Cost": 0.89, "Total Cost": 2.46, "Plan Rows": 10, "Plan Width": 17, "Recheck Cond": "(l_partkey = lineitem_1.l_partkey)", "Filter": "(l_quantity < ((0.2 * avg(lineitem_1.l_quantity))))", "Plans": [{"Node Type": "Bitmap Index Scan", "Parent Relationship": "Outer", "Parallel Aware": false, "Index Name": "idx_lineitem_part_supp", "Startup Cost": 0.0, "Total Cost": 0.89, "Plan Rows": 31, "Plan Width": 0, "Index Cond": "(l_partkey = lineitem_1.l_partkey)"}]}]}]}]}}, {"Plan": {"Node Type": "Limit", "Parallel Aware": false, "Startup Cost": 2723593.45, "Total Cost": 2723593.47, "Plan Rows": 1, "Plan Width": 32, "Plans": [{"Node Type": "Aggregate", "Strategy": "Plain", "Partial Mode": "Finalize", "Parent Relationship": "Outer", "Parallel Aware": false, "Startup Cost": 2723593.45, "Total Cost": 2723593.47, "Plan Rows": 1, "Plan Width": 32, "Plans": [{"Node Type": "Gather", "Parent Relationship": "Outer", "Parallel Aware": false, "Startup Cost": 2723593.13, "Total Cost": 2723593.44, "Plan Rows": 3, "Plan Width": 32, "Workers Planned": 3, "Single Copy": false, "Plans": [{"Node Type": "Aggregate", "Strategy": "Plain", "Partial Mode": "Partial", "Parent Relationship": "Outer", "Parallel Aware": false, "Startup Cost": 2722593.13, "Total Cost": 2722593.14, "Plan Rows": 1, "Plan Width": 32, "Plans": [{"Node Type": "Nested Loop", "Parent Relationship": "Outer", "Parallel Aware": false, "Join Type": "Inner", "Startup Cost": 50671.51, "Total Cost": 2722577.28, "Plan Rows": 6336, "Plan Width": 8, "Inner Unique": false, "Join Filter": "(part.p_partkey = lineitem.l_partkey)", "Plans": [{"Node Type": "Merge Join", "Parent Relationship": "Outer", "Parallel Aware": false, "Join Type": "Inner", "Startup Cost": 50670.95, "Total Cost": 2721277.92, "Plan Rows": 634, "Plan Width": 40, "Inner Unique": true, "Merge Cond": "(part.p_partkey = lineitem_1.l_partkey)", "Plans": [{"Node Type": "Sort", "Parent Relationship": "Outer", "Parallel Aware": false, "Startup Cost": 50670.38, "Total Cost": 50672.03, "Plan Rows": 661, "Plan Width": 4, "Sort Key": ["part.p_partkey"], "Plans": [{"Node Type": "Seq Scan", "Parent Relationship": "Outer", "Parallel Aware": true, "Relation Name": "part", "Alias": "part", "Startup Cost": 0.0, "Total Cost": 50639.42, "Plan Rows": 661, "Plan Width": 4, "Filter": "((p_brand = 'Brand#11'::bpchar) AND (p_container = 'WRAP BAG'::bpchar))"}]}, {"Node Type": "Aggregate", "Strategy": "Sorted", "Partial Mode": "Simple", "Parent Relationship": "Inner", "Parallel Aware": false, "Startup Cost": 0.56, "Total Cost": 2646625.56, "Plan Rows": 1917787, "Plan Width": 36, "Group Key": ["lineitem_1.l_partkey"], "Plans": [{"Node Type": "Index Scan", "Parent Relationship": "Outer", "Parallel Aware": false, "Scan Direction": "Forward", "Index Name": "idx_lineitem_part_supp", "Relation Name": "lineitem", "Alias": "lineitem_1", "Startup Cost": 0.56, "Total Cost": 2317929.87, "Plan Rows": 59985776, "Plan Width": 9}]}]}, {"Node Type": "Index Scan", "Parent Relationship": "Inner", "Parallel Aware": false, "Scan Direction": "Forward", "Index Name": "idx_lineitem_part_supp", "Relation Name": "lineitem", "Alias": "lineitem", "Startup Cost": 0.56, "Total Cost": 1.92, "Plan Rows": 10, "Plan Width": 17, "Index Cond": "(l_partkey = lineitem_1.l_partkey)", "Filter": "(l_quantity < ((0.2 * avg(lineitem_1.l_quantity))))"}]}]}]}]}]}}]