[{"Plan": {"Node Type": "Limit", "Parallel Aware": false, "Startup Cost": 40006842869.09, "Total Cost": 40006842869.34, "Plan Rows": 100, "Plan Width": 71, "Plans": [{"Node Type": "Sort", "Parent Relationship": "Outer", "Parallel Aware": false, "Startup Cost": 40006842869.09, "Total Cost": 40006849478.44, "Plan Rows": 2643739, "Plan Width": 71, "Sort Key": ["orders.o_totalprice DESC", "orders.o_orderdate"], "Plans": [{"Node Type": "Aggregate", "Strategy": "Sorted", "Partial Mode": "Simple", "Parent Relationship": "Outer", "Parallel Aware": false, "Startup Cost": 40006682343.16, "Total Cost": 40006741827.29, "Plan Rows": 2643739, "Plan Width": 71, "Group Key": ["customer.c_custkey", "orders.o_orderkey"], "Plans": [{"Node Type": "Sort", "Parent Relationship": "Outer", "Parallel Aware": false, "Startup Cost": 40006682343.16, "Total Cost": 40006688952.51, "Plan Rows": 2643739, "Plan Width": 44, "Sort Key": ["customer.c_custkey", "orders.o_orderkey"], "Plans": [{"Node Type": "Nested Loop", "Parent Relationship": "Outer", "Parallel Aware": false, "Join Type": "Inner", "Startup Cost": 40000000002.33, "Total Cost": 40006352699.76, "Plan Rows": 2643739, "Plan Width": 44, "Inner Unique": false, "Plans": [{"Node Type": "Nested Loop", "Parent Relationship": "Outer", "Parallel Aware": false, "Join Type": "Inner", "Startup Cost": 30000000001.51, "Total Cost": 30004638438.12, "Plan Rows": 661057, "Plan Width": 43, "Inner Unique": true, "Plans": [{"Node Type": "Nested Loop", "Parent Relationship": "Outer", "Parallel Aware": false, "Join Type": "Inner", "Startup Cost": 20000000001.08, "Total Cost": 20003615087.6, "Plan Rows": 661057, "Plan Width": 24, "Inner Unique": true, "Plans": [{"Node Type": "Aggregate", "Strategy": "Sorted", "Partial Mode": "Simple", "Parent Relationship": "Outer", "Parallel Aware": false, "Startup Cost": 10000000000.57, "Total Cost": 10002535124.04, "Plan Rows": 661057, "Plan Width": 4, "Group Key": ["lineitem_1.l_orderkey"], "Filter": "(sum(lineitem_1.l_quantity) > '314'::numeric)", "Plans": [{"Node Type": "Index Scan", "Parent Relationship": "Outer", "Parallel Aware": false, "Scan Direction": "Forward", "Index Name": "idx_lineitem_orderkey", "Relation Name": "lineitem", "Alias": "lineitem_1", "Startup Cost": 10000000000.57, "Total Cost": 10002205447.61, "Plan Rows": 59985776, "Plan Width": 9}]}, {"Node Type": "Bitmap Heap Scan", "Parent Relationship": "Inner", "Parallel Aware": false, "Relation Name": "orders", "Alias": "orders", "Startup Cost": 0.51, "Total Cost": 1.62, "Plan Rows": 1, "Plan Width": 20, "Recheck Cond": "(o_orderkey = lineitem_1.l_orderkey)", "Plans": [{"Node Type": "Bitmap Index Scan", "Parent Relationship": "Outer", "Parallel Aware": false, "Index Name": "orders_pkey", "Startup Cost": 0.0, "Total Cost": 0.51, "Plan Rows": 1, "Plan Width": 0, "Index Cond": "(o_orderkey = lineitem_1.l_orderkey)"}]}]}, {"Node Type": "Bitmap Heap Scan", "Parent Relationship": "Inner", "Parallel Aware": false, "Relation Name": "customer", "Alias": "customer", "Startup Cost": 0.44, "Total Cost": 1.55, "Plan Rows": 1, "Plan Width": 23, "Recheck Cond": "(c_custkey = orders.o_custkey)", "Plans": [{"Node Type": "Bitmap Index Scan", "Parent Relationship": "Outer", "Parallel Aware": false, "Index Name": "customer_pkey", "Startup Cost": 0.0, "Total Cost": 0.44, "Plan Rows": 1, "Plan Width": 0, "Index Cond": "(c_custkey = orders.o_custkey)"}]}]}, {"Node Type": "Bitmap Heap Scan", "Parent Relationship": "Inner", "Parallel Aware": false, "Relation Name": "lineitem", "Alias": "lineitem", "Startup Cost": 0.82, "Total Cost": 2.29, "Plan Rows": 30, "Plan Width": 9, "Recheck Cond": "(l_orderkey = orders.o_orderkey)", "Plans": [{"Node Type": "Bitmap Index Scan", "Parent Relationship": "Outer", "Parallel Aware": false, "Index Name": "lineitem_pkey", "Startup Cost": 0.0, "Total Cost": 0.81, "Plan Rows": 30, "Plan Width": 0, "Index Cond": "(l_orderkey = orders.o_orderkey)"}]}]}]}]}]}]}}, {"Plan": {"Node Type": "Limit", "Parallel Aware": false, "Startup Cost": 5568895.97, "Total Cost": 5568896.22, "Plan Rows": 100, "Plan Width": 71, "Plans": [{"Node Type": "Sort", "Parent Relationship": "Outer", "Parallel Aware": false, "Startup Cost": 5568895.97, "Total Cost": 5575505.32, "Plan Rows": 2643739, "Plan Width": 71, "Sort Key": ["orders.o_totalprice DESC", "orders.o_orderdate"], "Plans": [{"Node Type": "Aggregate", "Strategy": "Sorted", "Partial Mode": "Finalize", "Parent Relationship": "Outer", "Parallel Aware": false, "Startup Cost": 5089415.74, "Total Cost": 5467854.17, "Plan Rows": 2643739, "Plan Width": 71, "Group Key": ["customer.c_custkey", "orders.o_orderkey"], "Plans": [{"Node Type": "Gather Merge", "Parent Relationship": "Outer", "Parallel Aware": false, "Startup Cost": 5089415.74, "Total Cost": 5409222.86, "Plan Rows": 2558457, "Plan Width": 71, "Workers Planned": 3, "Plans": [{"Node Type": "Aggregate", "Strategy": "Sorted", "Partial Mode": "Partial", "Parent Relationship": "Outer", "Parallel Aware": false, "Startup Cost": 5088415.7, "Total Cost": 5107604.12, "Plan Rows": 852819, "Plan Width": 71, "Group Key": ["customer.c_custkey", "orders.o_orderkey"], "Plans": [{"Node Type": "Sort", "Parent Relationship": "Outer", "Parallel Aware": false, "Startup Cost": 5088415.7, "Total Cost": 5090547.74, "Plan Rows": 852819, "Plan Width": 44, "Sort Key": ["customer.c_custkey", "orders.o_orderkey"], "Plans": [{"Node Type": "Hash Join", "Parent Relationship": "Outer", "Parallel Aware": true, "Join Type": "Inner", "Startup Cost": 3114631.96, "Total Cost": 4989038.21, "Plan Rows": 852819, "Plan Width": 44, "Inner Unique": false, "Hash Cond": "(lineitem.l_orderkey = orders.o_orderkey)", "Plans": [{"Node Type": "Index Scan", "Parent Relationship": "Outer", "Parallel Aware": true, "Scan Direction": "Forward", "Index Name": "idx_lineitem_orderkey", "Relation Name": "lineitem", "Alias": "lineitem", "Startup Cost": 0.56, "Total Cost": 1799092.35, "Plan Rows": 19350250, "Plan Width": 9}, {"Node Type": "Hash", "Parent Relationship": "Inner", "Parallel Aware": true, "Startup Cost": 3111965.84, "Total Cost": 3111965.84, "Plan Rows": 213244, "Plan Width": 43, "Plans": [{"Node Type": "Hash Join", "Parent Relationship": "Outer", "Parallel Aware": true, "Join Type": "Inner", "Startup Cost": 3056770.04, "Total Cost": 3111965.84, "Plan Rows": 213244, "Plan Width": 43, "Inner Unique": false, "Hash Cond": "(customer.c_custkey = orders.o_custkey)", "Plans": [{"Node Type": "Index Scan", "Parent Relationship": "Outer", "Parallel Aware": true, "Scan Direction": "Forward", "Index Name": "customer_pkey", "Relation Name": "customer", "Alias": "customer", "Startup Cost": 0.43, "Total Cost": 52693.84, "Plan Rows": 483871, "Plan Width": 23}, {"Node Type": "Hash", "Parent Relationship": "Inner", "Parallel Aware": true, "Startup Cost": 3054104.06, "Total Cost": 3054104.06, "Plan Rows": 213244, "Plan Width": 24, "Plans": [{"Node Type": "Hash Join", "Parent Relationship": "Outer", "Parallel Aware": false, "Join Type": "Inner", "Startup Cost": 2552581.25, "Total Cost": 3054104.06, "Plan Rows": 213244, "Plan Width": 24, "Inner Unique": true, "Hash Cond": "(orders.o_orderkey = lineitem_1.l_orderkey)", "Plans": [{"Node Type": "Index Scan", "Parent Relationship": "Outer", "Parallel Aware": true, "Scan Direction": "Forward", "Index Name": "orders_pkey", "Relation Name": "orders", "Alias": "orders", "Startup Cost": 0.43, "Total Cost": 429537.29, "Plan Rows": 4838457, "Plan Width": 20}, {"Node Type": "Hash", "Parent Relationship": "Inner", "Parallel Aware": false, "Startup Cost": 2541734.6, "Total Cost": 2541734.6, "Plan Rows": 661057, "Plan Width": 4, "Plans": [{"Node Type": "Aggregate", "Strategy": "Sorted", "Partial Mode": "Simple", "Parent Relationship": "Outer", "Parallel Aware": false, "Startup Cost": 0.56, "Total Cost": 2535124.03, "Plan Rows": 661057, "Plan Width": 4, "Group Key": ["lineitem_1.l_orderkey"], "Filter": "(sum(lineitem_1.l_quantity) > '314'::numeric)", "Plans": [{"Node Type": "Index Scan", "Parent Relationship": "Outer", "Parallel Aware": false, "Scan Direction": "Forward", "Index Name": "idx_lineitem_orderkey", "Relation Name": "lineitem", "Alias": "lineitem_1", "Startup Cost": 0.56, "Total Cost": 2205447.6, "Plan Rows": 59985776, "Plan Width": 9}]}]}]}]}]}]}]}]}]}]}]}]}]}}, {"Plan": {"Node Type": "Limit", "Parallel Aware": false, "Startup Cost": 5501945.03, "Total Cost": 5501945.28, "Plan Rows": 100, "Plan Width": 71, "Plans": [{"Node Type": "Sort", "Parent Relationship": "Outer", "Parallel Aware": false, "Startup Cost": 5501945.03, "Total Cost": 5508554.38, "Plan Rows": 2643739, "Plan Width": 71, "Sort Key": ["orders.o_totalprice DESC", "orders.o_orderdate"], "Plans": [{"Node Type": "Aggregate", "Strategy": "Sorted", "Partial Mode": "Finalize", "Parent Relationship": "Outer", "Parallel Aware": false, "Startup Cost": 5022464.8, "Total Cost": 5400903.23, "Plan Rows": 2643739, "Plan Width": 71, "Group Key": ["customer.c_custkey", "orders.o_orderkey"], "Plans": [{"Node Type": "Gather Merge", "Parent Relationship": "Outer", "Parallel Aware": false, "Startup Cost": 5022464.8, "Total Cost": 5342271.92, "Plan Rows": 2558457, "Plan Width": 71, "Workers Planned": 3, "Plans": [{"Node Type": "Aggregate", "Strategy": "Sorted", "Partial Mode": "Partial", "Parent Relationship": "Outer", "Parallel Aware": false, "Startup Cost": 5021464.76, "Total Cost": 5040653.19, "Plan Rows": 852819, "Plan Width": 71, "Group Key": ["customer.c_custkey", "orders.o_orderkey"], "Plans": [{"Node Type": "Sort", "Parent Relationship": "Outer", "Parallel Aware": false, "Startup Cost": 5021464.76, "Total Cost": 5023596.81, "Plan Rows": 852819, "Plan Width": 44, "Sort Key": ["customer.c_custkey", "orders.o_orderkey"], "Plans": [{"Node Type": "Hash Join", "Parent Relationship": "Outer", "Parallel Aware": true, "Join Type": "Inner", "Startup Cost": 3047681.02, "Total Cost": 4922087.27, "Plan Rows": 852819, "Plan Width": 44, "Inner Unique": false, "Hash Cond": "(lineitem.l_orderkey = orders.o_orderkey)", "Plans": [{"Node Type": "Index Scan", "Parent Relationship": "Outer", "Parallel Aware": true, "Scan Direction": "Forward", "Index Name": "idx_lineitem_orderkey", "Relation Name": "lineitem", "Alias": "lineitem", "Startup Cost": 0.56, "Total Cost": 1799092.35, "Plan Rows": 19350250, "Plan Width": 9}, {"Node Type": "Hash", "Parent Relationship": "Inner", "Parallel Aware": true, "Startup Cost": 3045014.9, "Total Cost": 3045014.9, "Plan Rows": 213244, "Plan Width": 43, "Plans": [{"Node Type": "Hash Join", "Parent Relationship": "Outer", "Parallel Aware": true, "Join Type": "Inner", "Startup Cost": 2989819.1, "Total Cost": 3045014.9, "Plan Rows": 213244, "Plan Width": 43, "Inner Unique": false, "Hash Cond": "(customer.c_custkey = orders.o_custkey)", "Plans": [{"Node Type": "Index Scan", "Parent Relationship": "Outer", "Parallel Aware": true, "Scan Direction": "Forward", "Index Name": "customer_pkey", "Relation Name": "customer", "Alias": "customer", "Startup Cost": 0.43, "Total Cost": 52693.84, "Plan Rows": 483871, "Plan Width": 23}, {"Node Type": "Hash", "Parent Relationship": "Inner", "Parallel Aware": true, "Startup Cost": 2987153.12, "Total Cost": 2987153.12, "Plan Rows": 213244, "Plan Width": 24, "Plans": [{"Node Type": "Merge Join", "Parent Relationship": "Outer", "Parallel Aware": false, "Join Type": "Inner", "Startup Cost": 1.0, "Total Cost": 2987153.12, "Plan Rows": 213244, "Plan Width": 24, "Inner Unique": true, "Merge Cond": "(orders.o_orderkey = lineitem_1.l_orderkey)", "Plans": [{"Node Type": "Index Scan", "Parent Relationship": "Outer", "Parallel Aware": true, "Scan Direction": "Forward", "Index Name": "orders_pkey", "Relation Name": "orders", "Alias": "orders", "Startup Cost": 0.43, "Total Cost": 429537.29, "Plan Rows": 4838457, "Plan Width": 20}, {"Node Type": "Aggregate", "Strategy": "Sorted", "Partial Mode": "Simple", "Parent Relationship": "Inner", "Parallel Aware": false, "Startup Cost": 0.56, "Total Cost": 2535124.03, "Plan Rows": 661057, "Plan Width": 4, "Group Key": ["lineitem_1.l_orderkey"], "Filter": "(sum(lineitem_1.l_quantity) > '314'::numeric)", "Plans": [{"Node Type": "Index Scan", "Parent Relationship": "Outer", "Parallel Aware": false, "Scan Direction": "Forward", "Index Name": "idx_lineitem_orderkey", "Relation Name": "lineitem", "Alias": "lineitem_1", "Startup Cost": 0.56, "Total Cost": 2205447.6, "Plan Rows": 59985776, "Plan Width": 9}]}]}]}]}]}]}]}]}]}]}]}]}}, {"Plan": {"Node Type": "Limit", "Parallel Aware": false, "Startup Cost": 3944815.02, "Total Cost": 3944815.27, "Plan Rows": 100, "Plan Width": 71, "Plans": [{"Node Type": "Sort", "Parent Relationship": "Outer", "Parallel Aware": false, "Startup Cost": 3944815.02, "Total Cost": 3951424.37, "Plan Rows": 2643739, "Plan Width": 71, "Sort Key": ["orders.o_totalprice DESC", "orders.o_orderdate"], "Plans": [{"Node Type": "Aggregate", "Strategy": "Sorted", "Partial Mode": "Finalize", "Parent Relationship": "Outer", "Parallel Aware": false, "Startup Cost": 3465334.79, "Total Cost": 3843773.22, "Plan Rows": 2643739, "Plan Width": 71, "Group Key": ["customer.c_custkey", "orders.o_orderkey"], "Plans": [{"Node Type": "Gather Merge", "Parent Relationship": "Outer", "Parallel Aware": false, "Startup Cost": 3465334.79, "Total Cost": 3785141.91, "Plan Rows": 2558457, "Plan Width": 71, "Workers Planned": 3, "Plans": [{"Node Type": "Aggregate", "Strategy": "Sorted", "Partial Mode": "Partial", "Parent Relationship": "Outer", "Parallel Aware": false, "Startup Cost": 3464334.75, "Total Cost": 3483523.17, "Plan Rows": 852819, "Plan Width": 71, "Group Key": ["customer.c_custkey", "orders.o_orderkey"], "Plans": [{"Node Type": "Sort", "Parent Relationship": "Outer", "Parallel Aware": false, "Startup Cost": 3464334.75, "Total Cost": 3466466.79, "Plan Rows": 852819, "Plan Width": 44, "Sort Key": ["customer.c_custkey", "orders.o_orderkey"], "Plans": [{"Node Type": "Nested Loop", "Parent Relationship": "Outer", "Parallel Aware": false, "Join Type": "Inner", "Startup Cost": 2989819.66, "Total Cost": 3364957.26, "Plan Rows": 852819, "Plan Width": 44, "Inner Unique": false, "Plans": [{"Node Type": "Hash Join", "Parent Relationship": "Outer", "Parallel Aware": true, "Join Type": "Inner", "Startup Cost": 2989819.1, "Total Cost": 3045014.9, "Plan Rows": 213244, "Plan Width": 43, "Inner Unique": false, "Hash Cond": "(customer.c_custkey = orders.o_custkey)", "Plans": [{"Node Type": "Index Scan", "Parent Relationship": "Outer", "Parallel Aware": true, "Scan Direction": "Forward", "Index Name": "customer_pkey", "Relation Name": "customer", "Alias": "customer", "Startup Cost": 0.43, "Total Cost": 52693.84, "Plan Rows": 483871, "Plan Width": 23}, {"Node Type": "Hash", "Parent Relationship": "Inner", "Parallel Aware": true, "Startup Cost": 2987153.12, "Total Cost": 2987153.12, "Plan Rows": 213244, "Plan Width": 24, "Plans": [{"Node Type": "Merge Join", "Parent Relationship": "Outer", "Parallel Aware": false, "Join Type": "Inner", "Startup Cost": 1.0, "Total Cost": 2987153.12, "Plan Rows": 213244, "Plan Width": 24, "Inner Unique": true, "Merge Cond": "(orders.o_orderkey = lineitem_1.l_orderkey)", "Plans": [{"Node Type": "Index Scan", "Parent Relationship": "Outer", "Parallel Aware": true, "Scan Direction": "Forward", "Index Name": "orders_pkey", "Relation Name": "orders", "Alias": "orders", "Startup Cost": 0.43, "Total Cost": 429537.29, "Plan Rows": 4838457, "Plan Width": 20}, {"Node Type": "Aggregate", "Strategy": "Sorted", "Partial Mode": "Simple", "Parent Relationship": "Inner", "Parallel Aware": false, "Startup Cost": 0.56, "Total Cost": 2535124.03, "Plan Rows": 661057, "Plan Width": 4, "Group Key": ["lineitem_1.l_orderkey"], "Filter": "(sum(lineitem_1.l_quantity) > '314'::numeric)", "Plans": [{"Node Type": "Index Scan", "Parent Relationship": "Outer", "Parallel Aware": false, "Scan Direction": "Forward", "Index Name": "idx_lineitem_orderkey", "Relation Name": "lineitem", "Alias": "lineitem_1", "Startup Cost": 0.56, "Total Cost": 2205447.6, "Plan Rows": 59985776, "Plan Width": 9}]}]}]}]}, {"Node Type": "Index Scan", "Parent Relationship": "Inner", "Parallel Aware": false, "Scan Direction": "Forward", "Index Name": "idx_lineitem_orderkey", "Relation Name": "lineitem", "Alias": "lineitem", "Startup Cost": 0.56, "Total Cost": 1.2, "Plan Rows": 30, "Plan Width": 9, "Index Cond": "(l_orderkey = orders.o_orderkey)"}]}]}]}]}]}]}]}}, {"Plan": {"Node Type": "Limit", "Parallel Aware": false, "Startup Cost": 4955579.28, "Total Cost": 4955579.53, "Plan Rows": 100, "Plan Width": 71, "Plans": [{"Node Type": "Sort", "Parent Relationship": "Outer", "Parallel Aware": false, "Startup Cost": 4955579.28, "Total Cost": 4962188.63, "Plan Rows": 2643739, "Plan Width": 71, "Sort Key": ["orders.o_totalprice DESC", "orders.o_orderdate"], "Plans": [{"Node Type": "Aggregate", "Strategy": "Sorted", "Partial Mode": "Finalize", "Parent Relationship": "Outer", "Parallel Aware": false, "Startup Cost": 4476099.04, "Total Cost": 4854537.48, "Plan Rows": 2643739, "Plan Width": 71, "Group Key": ["customer.c_custkey", "orders.o_orderkey"], "Plans": [{"Node Type": "Gather Merge", "Parent Relationship": "Outer", "Parallel Aware": false, "Startup Cost": 4476099.04, "Total Cost": 4795906.17, "Plan Rows": 2558457, "Plan Width": 71, "Workers Planned": 3, "Plans": [{"Node Type": "Aggregate", "Strategy": "Sorted", "Partial Mode": "Partial", "Parent Relationship": "Outer", "Parallel Aware": false, "Startup Cost": 4475099.0, "Total Cost": 4494287.43, "Plan Rows": 852819, "Plan Width": 71, "Group Key": ["customer.c_custkey", "orders.o_orderkey"], "Plans": [{"Node Type": "Sort", "Parent Relationship": "Outer", "Parallel Aware": false, "Startup Cost": 4475099.0, "Total Cost": 4477231.05, "Plan Rows": 852819, "Plan Width": 44, "Sort Key": ["customer.c_custkey", "orders.o_orderkey"], "Plans": [{"Node Type": "Hash Join", "Parent Relationship": "Outer", "Parallel Aware": true, "Join Type": "Inner", "Startup Cost": 2982362.54, "Total Cost": 4375721.51, "Plan Rows": 852819, "Plan Width": 44, "Inner Unique": false, "Hash Cond": "(lineitem.l_orderkey = orders.o_orderkey)", "Plans": [{"Node Type": "Seq Scan", "Parent Relationship": "Outer", "Parallel Aware": true, "Relation Name": "lineitem", "Alias": "lineitem", "Startup Cost": 0.0, "Total Cost": 1318044.5, "Plan Rows": 19350250, "Plan Width": 9}, {"Node Type": "Hash", "Parent Relationship": "Inner", "Parallel Aware": true, "Startup Cost": 2979696.99, "Total Cost": 2979696.99, "Plan Rows": 213244, "Plan Width": 43, "Plans": [{"Node Type": "Hash Join", "Parent Relationship": "Outer", "Parallel Aware": true, "Join Type": "Inner", "Startup Cost": 2936528.89, "Total Cost": 2979696.99, "Plan Rows": 213244, "Plan Width": 43, "Inner Unique": false, "Hash Cond": "(customer.c_custkey = orders.o_custkey)", "Plans": [{"Node Type": "Seq Scan", "Parent Relationship": "Outer", "Parallel Aware": true, "Relation Name": "customer", "Alias": "customer", "Startup Cost": 0.0, "Total Cost": 40665.71, "Plan Rows": 483871, "Plan Width": 23}, {"Node Type": "Hash", "Parent Relationship": "Inner", "Parallel Aware": true, "Startup Cost": 2933863.34, "Total Cost": 2933863.34, "Plan Rows": 213244, "Plan Width": 24, "Plans": [{"Node Type": "Hash Join", "Parent Relationship": "Outer", "Parallel Aware": false, "Join Type": "Inner", "Startup Cost": 2552580.82, "Total Cost": 2933863.34, "Plan Rows": 213244, "Plan Width": 24, "Inner Unique": true, "Hash Cond": "(orders.o_orderkey = lineitem_1.l_orderkey)", "Plans": [{"Node Type": "Seq Scan", "Parent Relationship": "Outer", "Parallel Aware": true, "Relation Name": "orders", "Alias": "orders", "Startup Cost": 0.0, "Total Cost": 309296.57, "Plan Rows": 4838457, "Plan Width": 20}, {"Node Type": "Hash", "Parent Relationship": "Inner", "Parallel Aware": false, "Startup Cost": 2541734.6, "Total Cost": 2541734.6, "Plan Rows": 661057, "Plan Width": 4, "Plans": [{"Node Type": "Aggregate", "Strategy": "Sorted", "Partial Mode": "Simple", "Parent Relationship": "Outer", "Parallel Aware": false, "Startup Cost": 0.56, "Total Cost": 2535124.03, "Plan Rows": 661057, "Plan Width": 4, "Group Key": ["lineitem_1.l_orderkey"], "Filter": "(sum(lineitem_1.l_quantity) > '314'::numeric)", "Plans": [{"Node Type": "Index Scan", "Parent Relationship": "Outer", "Parallel Aware": false, "Scan Direction": "Forward", "Index Name": "idx_lineitem_orderkey", "Relation Name": "lineitem", "Alias": "lineitem_1", "Startup Cost": 0.56, "Total Cost": 2205447.6, "Plan Rows": 59985776, "Plan Width": 9}]}]}]}]}]}]}]}]}]}]}]}]}]}}, {"Plan": {"Node Type": "Limit", "Parallel Aware": false, "Startup Cost": 4011765.96, "Total Cost": 4011766.21, "Plan Rows": 100, "Plan Width": 71, "Plans": [{"Node Type": "Sort", "Parent Relationship": "Outer", "Parallel Aware": false, "Startup Cost": 4011765.96, "Total Cost": 4018375.31, "Plan Rows": 2643739, "Plan Width": 71, "Sort Key": ["orders.o_totalprice DESC", "orders.o_orderdate"], "Plans": [{"Node Type": "Aggregate", "Strategy": "Sorted", "Partial Mode": "Finalize", "Parent Relationship": "Outer", "Parallel Aware": false, "Startup Cost": 3532285.72, "Total Cost": 3910724.16, "Plan Rows": 2643739, "Plan Width": 71, "Group Key": ["customer.c_custkey", "orders.o_orderkey"], "Plans": [{"Node Type": "Gather Merge", "Parent Relationship": "Outer", "Parallel Aware": false, "Startup Cost": 3532285.72, "Total Cost": 3852092.85, "Plan Rows": 2558457, "Plan Width": 71, "Workers Planned": 3, "Plans": [{"Node Type": "Aggregate", "Strategy": "Sorted", "Partial Mode": "Partial", "Parent Relationship": "Outer", "Parallel Aware": false, "Startup Cost": 3531285.68, "Total Cost": 3550474.11, "Plan Rows": 852819, "Plan Width": 71, "Group Key": ["customer.c_custkey", "orders.o_orderkey"], "Plans": [{"Node Type": "Sort", "Parent Relationship": "Outer", "Parallel Aware": false, "Startup Cost": 3531285.68, "Total Cost": 3533417.73, "Plan Rows": 852819, "Plan Width": 44, "Sort Key": ["customer.c_custkey", "orders.o_orderkey"], "Plans": [{"Node Type": "Nested Loop", "Parent Relationship": "Outer", "Parallel Aware": false, "Join Type": "Inner", "Startup Cost": 3056770.6, "Total Cost": 3431908.19, "Plan Rows": 852819, "Plan Width": 44, "Inner Unique": false, "Plans": [{"Node Type": "Hash Join", "Parent Relationship": "Outer", "Parallel Aware": true, "Join Type": "Inner", "Startup Cost": 3056770.04, "Total Cost": 3111965.84, "Plan Rows": 213244, "Plan Width": 43, "Inner Unique": false, "Hash Cond": "(customer.c_custkey = orders.o_custkey)", "Plans": [{"Node Type": "Index Scan", "Parent Relationship": "Outer", "Parallel Aware": true, "Scan Direction": "Forward", "Index Name": "customer_pkey", "Relation Name": "customer", "Alias": "customer", "Startup Cost": 0.43, "Total Cost": 52693.84, "Plan Rows": 483871, "Plan Width": 23}, {"Node Type": "Hash", "Parent Relationship": "Inner", "Parallel Aware": true, "Startup Cost": 3054104.06, "Total Cost": 3054104.06, "Plan Rows": 213244, "Plan Width": 24, "Plans": [{"Node Type": "Hash Join", "Parent Relationship": "Outer", "Parallel Aware": false, "Join Type": "Inner", "Startup Cost": 2552581.25, "Total Cost": 3054104.06, "Plan Rows": 213244, "Plan Width": 24, "Inner Unique": true, "Hash Cond": "(orders.o_orderkey = lineitem_1.l_orderkey)", "Plans": [{"Node Type": "Index Scan", "Parent Relationship": "Outer", "Parallel Aware": true, "Scan Direction": "Forward", "Index Name": "orders_pkey", "Relation Name": "orders", "Alias": "orders", "Startup Cost": 0.43, "Total Cost": 429537.29, "Plan Rows": 4838457, "Plan Width": 20}, {"Node Type": "Hash", "Parent Relationship": "Inner", "Parallel Aware": false, "Startup Cost": 2541734.6, "Total Cost": 2541734.6, "Plan Rows": 661057, "Plan Width": 4, "Plans": [{"Node Type": "Aggregate", "Strategy": "Sorted", "Partial Mode": "Simple", "Parent Relationship": "Outer", "Parallel Aware": false, "Startup Cost": 0.56, "Total Cost": 2535124.03, "Plan Rows": 661057, "Plan Width": 4, "Group Key": ["lineitem_1.l_orderkey"], "Filter": "(sum(lineitem_1.l_quantity) > '314'::numeric)", "Plans": [{"Node Type": "Index Scan", "Parent Relationship": "Outer", "Parallel Aware": false, "Scan Direction": "Forward", "Index Name": "idx_lineitem_orderkey", "Relation Name": "lineitem", "Alias": "lineitem_1", "Startup Cost": 0.56, "Total Cost": 2205447.6, "Plan Rows": 59985776, "Plan Width": 9}]}]}]}]}]}, {"Node Type": "Index Scan", "Parent Relationship": "Inner", "Parallel Aware": false, "Scan Direction": "Forward", "Index Name": "idx_lineitem_orderkey", "Relation Name": "lineitem", "Alias": "lineitem", "Startup Cost": 0.56, "Total Cost": 1.2, "Plan Rows": 30, "Plan Width": 9, "Index Cond": "(l_orderkey = orders.o_orderkey)"}]}]}]}]}]}]}]}}, {"Plan": {"Node Type": "Limit", "Parallel Aware": false, "Startup Cost": 3879497.11, "Total Cost": 3879497.36, "Plan Rows": 100, "Plan Width": 71, "Plans": [{"Node Type": "Sort", "Parent Relationship": "Outer", "Parallel Aware": false, "Startup Cost": 3879497.11, "Total Cost": 3886106.46, "Plan Rows": 2643739, "Plan Width": 71, "Sort Key": ["orders.o_totalprice DESC", "orders.o_orderdate"], "Plans": [{"Node Type": "Aggregate", "Strategy": "Sorted", "Partial Mode": "Finalize", "Parent Relationship": "Outer", "Parallel Aware": false, "Startup Cost": 3400016.88, "Total Cost": 3778455.31, "Plan Rows": 2643739, "Plan Width": 71, "Group Key": ["customer.c_custkey", "orders.o_orderkey"], "Plans": [{"Node Type": "Gather Merge", "Parent Relationship": "Outer", "Parallel Aware": false, "Startup Cost": 3400016.88, "Total Cost": 3719824.0, "Plan Rows": 2558457, "Plan Width": 71, "Workers Planned": 3, "Plans": [{"Node Type": "Aggregate", "Strategy": "Sorted", "Partial Mode": "Partial", "Parent Relationship": "Outer", "Parallel Aware": false, "Startup Cost": 3399016.84, "Total Cost": 3418205.26, "Plan Rows": 852819, "Plan Width": 71, "Group Key": ["customer.c_custkey", "orders.o_orderkey"], "Plans": [{"Node Type": "Sort", "Parent Relationship": "Outer", "Parallel Aware": false, "Startup Cost": 3399016.84, "Total Cost": 3401148.88, "Plan Rows": 852819, "Plan Width": 44, "Sort Key": ["customer.c_custkey", "orders.o_orderkey"], "Plans": [{"Node Type": "Nested Loop", "Parent Relationship": "Outer", "Parallel Aware": false, "Join Type": "Inner", "Startup Cost": 2936529.45, "Total Cost": 3299639.35, "Plan Rows": 852819, "Plan Width": 44, "Inner Unique": false, "Plans": [{"Node Type": "Hash Join", "Parent Relationship": "Outer", "Parallel Aware": true, "Join Type": "Inner", "Startup Cost": 2936528.89, "Total Cost": 2979696.99, "Plan Rows": 213244, "Plan Width": 43, "Inner Unique": false, "Hash Cond": "(customer.c_custkey = orders.o_custkey)", "Plans": [{"Node Type": "Seq Scan", "Parent Relationship": "Outer", "Parallel Aware": true, "Relation Name": "customer", "Alias": "customer", "Startup Cost": 0.0, "Total Cost": 40665.71, "Plan Rows": 483871, "Plan Width": 23}, {"Node Type": "Hash", "Parent Relationship": "Inner", "Parallel Aware": true, "Startup Cost": 2933863.34, "Total Cost": 2933863.34, "Plan Rows": 213244, "Plan Width": 24, "Plans": [{"Node Type": "Hash Join", "Parent Relationship": "Outer", "Parallel Aware": false, "Join Type": "Inner", "Startup Cost": 2552580.82, "Total Cost": 2933863.34, "Plan Rows": 213244, "Plan Width": 24, "Inner Unique": true, "Hash Cond": "(orders.o_orderkey = lineitem_1.l_orderkey)", "Plans": [{"Node Type": "Seq Scan", "Parent Relationship": "Outer", "Parallel Aware": true, "Relation Name": "orders", "Alias": "orders", "Startup Cost": 0.0, "Total Cost": 309296.57, "Plan Rows": 4838457, "Plan Width": 20}, {"Node Type": "Hash", "Parent Relationship": "Inner", "Parallel Aware": false, "Startup Cost": 2541734.6, "Total Cost": 2541734.6, "Plan Rows": 661057, "Plan Width": 4, "Plans": [{"Node Type": "Aggregate", "Strategy": "Sorted", "Partial Mode": "Simple", "Parent Relationship": "Outer", "Parallel Aware": false, "Startup Cost": 0.56, "Total Cost": 2535124.03, "Plan Rows": 661057, "Plan Width": 4, "Group Key": ["lineitem_1.l_orderkey"], "Filter": "(sum(lineitem_1.l_quantity) > '314'::numeric)", "Plans": [{"Node Type": "Index Scan", "Parent Relationship": "Outer", "Parallel Aware": false, "Scan Direction": "Forward", "Index Name": "idx_lineitem_orderkey", "Relation Name": "lineitem", "Alias": "lineitem_1", "Startup Cost": 0.56, "Total Cost": 2205447.6, "Plan Rows": 59985776, "Plan Width": 9}]}]}]}]}]}, {"Node Type": "Index Scan", "Parent Relationship": "Inner", "Parallel Aware": false, "Scan Direction": "Forward", "Index Name": "idx_lineitem_orderkey", "Relation Name": "lineitem", "Alias": "lineitem", "Startup Cost": 0.56, "Total Cost": 1.2, "Plan Rows": 30, "Plan Width": 9, "Index Cond": "(l_orderkey = orders.o_orderkey)"}]}]}]}]}]}]}]}}, {"Plan": {"Node Type": "Limit", "Parallel Aware": false, "Startup Cost": 4955579.28, "Total Cost": 4955579.53, "Plan Rows": 100, "Plan Width": 71, "Plans": [{"Node Type": "Sort", "Parent Relationship": "Outer", "Parallel Aware": false, "Startup Cost": 4955579.28, "Total Cost": 4962188.63, "Plan Rows": 2643739, "Plan Width": 71, "Sort Key": ["orders.o_totalprice DESC", "orders.o_orderdate"], "Plans": [{"Node Type": "Aggregate", "Strategy": "Sorted", "Partial Mode": "Finalize", "Parent Relationship": "Outer", "Parallel Aware": false, "Startup Cost": 4476099.04, "Total Cost": 4854537.48, "Plan Rows": 2643739, "Plan Width": 71, "Group Key": ["customer.c_custkey", "orders.o_orderkey"], "Plans": [{"Node Type": "Gather Merge", "Parent Relationship": "Outer", "Parallel Aware": false, "Startup Cost": 4476099.04, "Total Cost": 4795906.17, "Plan Rows": 2558457, "Plan Width": 71, "Workers Planned": 3, "Plans": [{"Node Type": "Aggregate", "Strategy": "Sorted", "Partial Mode": "Partial", "Parent Relationship": "Outer", "Parallel Aware": false, "Startup Cost": 4475099.0, "Total Cost": 4494287.43, "Plan Rows": 852819, "Plan Width": 71, "Group Key": ["customer.c_custkey", "orders.o_orderkey"], "Plans": [{"Node Type": "Sort", "Parent Relationship": "Outer", "Parallel Aware": false, "Startup Cost": 4475099.0, "Total Cost": 4477231.05, "Plan Rows": 852819, "Plan Width": 44, "Sort Key": ["customer.c_custkey", "orders.o_orderkey"], "Plans": [{"Node Type": "Hash Join", "Parent Relationship": "Outer", "Parallel Aware": true, "Join Type": "Inner", "Startup Cost": 2982362.54, "Total Cost": 4375721.51, "Plan Rows": 852819, "Plan Width": 44, "Inner Unique": false, "Hash Cond": "(lineitem.l_orderkey = orders.o_orderkey)", "Plans": [{"Node Type": "Seq Scan", "Parent Relationship": "Outer", "Parallel Aware": true, "Relation Name": "lineitem", "Alias": "lineitem", "Startup Cost": 0.0, "Total Cost": 1318044.5, "Plan Rows": 19350250, "Plan Width": 9}, {"Node Type": "Hash", "Parent Relationship": "Inner", "Parallel Aware": true, "Startup Cost": 2979696.99, "Total Cost": 2979696.99, "Plan Rows": 213244, "Plan Width": 43, "Plans": [{"Node Type": "Hash Join", "Parent Relationship": "Outer", "Parallel Aware": true, "Join Type": "Inner", "Startup Cost": 2936528.89, "Total Cost": 2979696.99, "Plan Rows": 213244, "Plan Width": 43, "Inner Unique": false, "Hash Cond": "(customer.c_custkey = orders.o_custkey)", "Plans": [{"Node Type": "Seq Scan", "Parent Relationship": "Outer", "Parallel Aware": true, "Relation Name": "customer", "Alias": "customer", "Startup Cost": 0.0, "Total Cost": 40665.71, "Plan Rows": 483871, "Plan Width": 23}, {"Node Type": "Hash", "Parent Relationship": "Inner", "Parallel Aware": true, "Startup Cost": 2933863.34, "Total Cost": 2933863.34, "Plan Rows": 213244, "Plan Width": 24, "Plans": [{"Node Type": "Hash Join", "Parent Relationship": "Outer", "Parallel Aware": false, "Join Type": "Inner", "Startup Cost": 2552580.82, "Total Cost": 2933863.34, "Plan Rows": 213244, "Plan Width": 24, "Inner Unique": true, "Hash Cond": "(orders.o_orderkey = lineitem_1.l_orderkey)", "Plans": [{"Node Type": "Seq Scan", "Parent Relationship": "Outer", "Parallel Aware": true, "Relation Name": "orders", "Alias": "orders", "Startup Cost": 0.0, "Total Cost": 309296.57, "Plan Rows": 4838457, "Plan Width": 20}, {"Node Type": "Hash", "Parent Relationship": "Inner", "Parallel Aware": false, "Startup Cost": 2541734.6, "Total Cost": 2541734.6, "Plan Rows": 661057, "Plan Width": 4, "Plans": [{"Node Type": "Aggregate", "Strategy": "Sorted", "Partial Mode": "Simple", "Parent Relationship": "Outer", "Parallel Aware": false, "Startup Cost": 0.56, "Total Cost": 2535124.03, "Plan Rows": 661057, "Plan Width": 4, "Group Key": ["lineitem_1.l_orderkey"], "Filter": "(sum(lineitem_1.l_quantity) > '314'::numeric)", "Plans": [{"Node Type": "Index Scan", "Parent Relationship": "Outer", "Parallel Aware": false, "Scan Direction": "Forward", "Index Name": "idx_lineitem_orderkey", "Relation Name": "lineitem", "Alias": "lineitem_1", "Startup Cost": 0.56, "Total Cost": 2205447.6, "Plan Rows": 59985776, "Plan Width": 9}]}]}]}]}]}]}]}]}]}]}]}]}]}}, {"Plan": {"Node Type": "Limit", "Parallel Aware": false, "Startup Cost": 40006346422.24, "Total Cost": 40006346422.49, "Plan Rows": 100, "Plan Width": 71, "Plans": [{"Node Type": "Sort", "Parent Relationship": "Outer", "Parallel Aware": false, "Startup Cost": 40006346422.24, "Total Cost": 40006353031.59, "Plan Rows": 2643739, "Plan Width": 71, "Sort Key": ["orders.o_totalprice DESC", "orders.o_orderdate"], "Plans": [{"Node Type": "Aggregate", "Strategy": "Sorted", "Partial Mode": "Simple", "Parent Relationship": "Outer", "Parallel Aware": false, "Startup Cost": 40006185896.31, "Total Cost": 40006245380.44, "Plan Rows": 2643739, "Plan Width": 71, "Group Key": ["customer.c_custkey", "orders.o_orderkey"], "Plans": [{"Node Type": "Sort", "Parent Relationship": "Outer", "Parallel Aware": false, "Startup Cost": 40006185896.31, "Total Cost": 40006192505.66, "Plan Rows": 2643739, "Plan Width": 44, "Sort Key": ["customer.c_custkey", "orders.o_orderkey"], "Plans": [{"Node Type": "Nested Loop", "Parent Relationship": "Outer", "Parallel Aware": false, "Join Type": "Inner", "Startup Cost": 40000000002.25, "Total Cost": 40005856252.91, "Plan Rows": 2643739, "Plan Width": 44, "Inner Unique": false, "Plans": [{"Node Type": "Nested Loop", "Parent Relationship": "Outer", "Parallel Aware": false, "Join Type": "Inner", "Startup Cost": 30000000001.44, "Total Cost": 30004141991.27, "Plan Rows": 661057, "Plan Width": 43, "Inner Unique": true, "Plans": [{"Node Type": "Merge Join", "Parent Relationship": "Outer", "Parallel Aware": false, "Join Type": "Inner", "Startup Cost": 20000000001.0, "Total Cost": 20003118640.75, "Plan Rows": 661057, "Plan Width": 24, "Inner Unique": true, "Merge Cond": "(orders.o_orderkey = lineitem_1.l_orderkey)", "Plans": [{"Node Type": "Index Scan", "Parent Relationship": "Outer", "Parallel Aware": false, "Scan Direction": "Forward", "Index Name": "orders_pkey", "Relation Name": "orders", "Alias": "orders", "Startup Cost": 10000000000.43, "Total Cost": 10000531144.89, "Plan Rows": 14999217, "Plan Width": 20}, {"Node Type": "Aggregate", "Strategy": "Sorted", "Partial Mode": "Simple", "Parent Relationship": "Inner", "Parallel Aware": false, "Startup Cost": 10000000000.57, "Total Cost": 10002535124.04, "Plan Rows": 661057, "Plan Width": 4, "Group Key": ["lineitem_1.l_orderkey"], "Filter": "(sum(lineitem_1.l_quantity) > '314'::numeric)", "Plans": [{"Node Type": "Index Scan", "Parent Relationship": "Outer", "Parallel Aware": false, "Scan Direction": "Forward", "Index Name": "idx_lineitem_orderkey", "Relation Name": "lineitem", "Alias": "lineitem_1", "Startup Cost": 10000000000.57, "Total Cost": 10002205447.61, "Plan Rows": 59985776, "Plan Width": 9}]}]}, {"Node Type": "Bitmap Heap Scan", "Parent Relationship": "Inner", "Parallel Aware": false, "Relation Name": "customer", "Alias": "customer", "Startup Cost": 0.44, "Total Cost": 1.55, "Plan Rows": 1, "Plan Width": 23, "Recheck Cond": "(c_custkey = orders.o_custkey)", "Plans": [{"Node Type": "Bitmap Index Scan", "Parent Relationship": "Outer", "Parallel Aware": false, "Index Name": "customer_pkey", "Startup Cost": 0.0, "Total Cost": 0.44, "Plan Rows": 1, "Plan Width": 0, "Index Cond": "(c_custkey = orders.o_custkey)"}]}]}, {"Node Type": "Bitmap Heap Scan", "Parent Relationship": "Inner", "Parallel Aware": false, "Relation Name": "lineitem", "Alias": "lineitem", "Startup Cost": 0.82, "Total Cost": 2.29, "Plan Rows": 30, "Plan Width": 9, "Recheck Cond": "(l_orderkey = orders.o_orderkey)", "Plans": [{"Node Type": "Bitmap Index Scan", "Parent Relationship": "Outer", "Parallel Aware": false, "Index Name": "lineitem_pkey", "Startup Cost": 0.0, "Total Cost": 0.81, "Plan Rows": 30, "Plan Width": 0, "Index Cond": "(l_orderkey = orders.o_orderkey)"}]}]}]}]}]}]}}, {"Plan": {"Node Type": "Limit", "Parallel Aware": false, "Startup Cost": 10006842869.09, "Total Cost": 10006842869.34, "Plan Rows": 100, "Plan Width": 71, "Plans": [{"Node Type": "Sort", "Parent Relationship": "Outer", "Parallel Aware": false, "Startup Cost": 10006842869.09, "Total Cost": 10006849478.44, "Plan Rows": 2643739, "Plan Width": 71, "Sort Key": ["orders.o_totalprice DESC", "orders.o_orderdate"], "Plans": [{"Node Type": "Aggregate", "Strategy": "Sorted", "Partial Mode": "Simple", "Parent Relationship": "Outer", "Parallel Aware": false, "Startup Cost": 10006682343.16, "Total Cost": 10006741827.29, "Plan Rows": 2643739, "Plan Width": 71, "Group Key": ["customer.c_custkey", "orders.o_orderkey"], "Plans": [{"Node Type": "Sort", "Parent Relationship": "Outer", "Parallel Aware": false, "Startup Cost": 10006682343.16, "Total Cost": 10006688952.51, "Plan Rows": 2643739, "Plan Width": 44, "Sort Key": ["customer.c_custkey", "orders.o_orderkey"], "Plans": [{"Node Type": "Nested Loop", "Parent Relationship": "Outer", "Parallel Aware": false, "Join Type": "Inner", "Startup Cost": 10000000002.33, "Total Cost": 10006352699.76, "Plan Rows": 2643739, "Plan Width": 44, "Inner Unique": false, "Plans": [{"Node Type": "Nested Loop", "Parent Relationship": "Outer", "Parallel Aware": false, "Join Type": "Inner", "Startup Cost": 10000000001.51, "Total Cost": 10004638438.12, "Plan Rows": 661057, "Plan Width": 43, "Inner Unique": true, "Plans": [{"Node Type": "Nested Loop", "Parent Relationship": "Outer", "Parallel Aware": false, "Join Type": "Inner", "Startup Cost": 10000000001.08, "Total Cost": 10003615087.6, "Plan Rows": 661057, "Plan Width": 24, "Inner Unique": true, "Plans": [{"Node Type": "Aggregate", "Strategy": "Sorted", "Partial Mode": "Simple", "Parent Relationship": "Outer", "Parallel Aware": false, "Startup Cost": 10000000000.57, "Total Cost": 10002535124.04, "Plan Rows": 661057, "Plan Width": 4, "Group Key": ["lineitem_1.l_orderkey"], "Filter": "(sum(lineitem_1.l_quantity) > '314'::numeric)", "Plans": [{"Node Type": "Index Scan", "Parent Relationship": "Outer", "Parallel Aware": false, "Scan Direction": "Forward", "Index Name": "idx_lineitem_orderkey", "Relation Name": "lineitem", "Alias": "lineitem_1", "Startup Cost": 10000000000.57, "Total Cost": 10002205447.61, "Plan Rows": 59985776, "Plan Width": 9}]}, {"Node Type": "Bitmap Heap Scan", "Parent Relationship": "Inner", "Parallel Aware": false, "Relation Name": "orders", "Alias": "orders", "Startup Cost": 0.51, "Total Cost": 1.62, "Plan Rows": 1, "Plan Width": 20, "Recheck Cond": "(o_orderkey = lineitem_1.l_orderkey)", "Plans": [{"Node Type": "Bitmap Index Scan", "Parent Relationship": "Outer", "Parallel Aware": false, "Index Name": "orders_pkey", "Startup Cost": 0.0, "Total Cost": 0.51, "Plan Rows": 1, "Plan Width": 0, "Index Cond": "(o_orderkey = lineitem_1.l_orderkey)"}]}]}, {"Node Type": "Bitmap Heap Scan", "Parent Relationship": "Inner", "Parallel Aware": false, "Relation Name": "customer", "Alias": "customer", "Startup Cost": 0.44, "Total Cost": 1.55, "Plan Rows": 1, "Plan Width": 23, "Recheck Cond": "(c_custkey = orders.o_custkey)", "Plans": [{"Node Type": "Bitmap Index Scan", "Parent Relationship": "Outer", "Parallel Aware": false, "Index Name": "customer_pkey", "Startup Cost": 0.0, "Total Cost": 0.44, "Plan Rows": 1, "Plan Width": 0, "Index Cond": "(c_custkey = orders.o_custkey)"}]}]}, {"Node Type": "Bitmap Heap Scan", "Parent Relationship": "Inner", "Parallel Aware": false, "Relation Name": "lineitem", "Alias": "lineitem", "Startup Cost": 0.82, "Total Cost": 2.29, "Plan Rows": 30, "Plan Width": 9, "Recheck Cond": "(l_orderkey = orders.o_orderkey)", "Plans": [{"Node Type": "Bitmap Index Scan", "Parent Relationship": "Outer", "Parallel Aware": false, "Index Name": "lineitem_pkey", "Startup Cost": 0.0, "Total Cost": 0.81, "Plan Rows": 30, "Plan Width": 0, "Index Cond": "(l_orderkey = orders.o_orderkey)"}]}]}]}]}]}]}}, {"Plan": {"Node Type": "Limit", "Parallel Aware": false, "Startup Cost": 7745197.83, "Total Cost": 7745198.08, "Plan Rows": 100, "Plan Width": 71, "Plans": [{"Node Type": "Sort", "Parent Relationship": "Outer", "Parallel Aware": false, "Startup Cost": 7745197.83, "Total Cost": 7751807.18, "Plan Rows": 2643739, "Plan Width": 71, "Sort Key": ["orders.o_totalprice DESC", "orders.o_orderdate"], "Plans": [{"Node Type": "Aggregate", "Strategy": "Sorted", "Partial Mode": "Simple", "Parent Relationship": "Outer", "Parallel Aware": false, "Startup Cost": 7584671.9, "Total Cost": 7644156.03, "Plan Rows": 2643739, "Plan Width": 71, "Group Key": ["customer.c_custkey", "orders.o_orderkey"], "Plans": [{"Node Type": "Sort", "Parent Relationship": "Outer", "Parallel Aware": false, "Startup Cost": 7584671.9, "Total Cost": 7591281.25, "Plan Rows": 2643739, "Plan Width": 44, "Sort Key": ["customer.c_custkey", "orders.o_orderkey"], "Plans": [{"Node Type": "Nested Loop", "Parent Relationship": "Outer", "Parallel Aware": false, "Join Type": "Inner", "Startup Cost": 4893860.28, "Total Cost": 7255028.5, "Plan Rows": 2643739, "Plan Width": 44, "Inner Unique": false, "Plans": [{"Node Type": "Hash Join", "Parent Relationship": "Outer", "Parallel Aware": false, "Join Type": "Inner", "Startup Cost": 4893859.46, "Total Cost": 5540766.86, "Plan Rows": 661057, "Plan Width": 43, "Inner Unique": true, "Hash Cond": "(orders.o_custkey = customer.c_custkey)", "Plans": [{"Node Type": "Hash Join", "Parent Relationship": "Outer", "Parallel Aware": false, "Join Type": "Inner", "Startup Cost": 4815492.46, "Total Cost": 5444126.59, "Plan Rows": 661057, "Plan Width": 24, "Inner Unique": true, "Hash Cond": "(orders.o_orderkey = lineitem_1.l_orderkey)", "Plans": [{"Node Type": "Seq Scan", "Parent Relationship": "Outer", "Parallel Aware": false, "Relation Name": "orders", "Alias": "orders", "Startup Cost": 0.0, "Total Cost": 410904.17, "Plan Rows": 14999217, "Plan Width": 20}, {"Node Type": "Hash", "Parent Relationship": "Inner", "Parallel Aware": false, "Startup Cost": 4804646.25, "Total Cost": 4804646.25, "Plan Rows": 661057, "Plan Width": 4, "Plans": [{"Node Type": "Aggregate", "Strategy": "Sorted", "Partial Mode": "Finalize", "Parent Relationship": "Outer", "Parallel Aware": false, "Startup Cost": 3854682.88, "Total Cost": 4798035.68, "Plan Rows": 661057, "Plan Width": 4, "Group Key": ["lineitem_1.l_orderkey"], "Filter": "(sum(lineitem_1.l_quantity) > '314'::numeric)", "Plans": [{"Node Type": "Gather Merge", "Parent Relationship": "Outer", "Parallel Aware": false, "Startup Cost": 3854682.88, "Total Cost": 4723666.8, "Plan Rows": 5949510, "Plan Width": 36, "Workers Planned": 3, "Plans": [{"Node Type": "Aggregate", "Strategy": "Sorted", "Partial Mode": "Partial", "Parent Relationship": "Outer", "Parallel Aware": false, "Startup Cost": 3853682.84, "Total Cost": 4023599.34, "Plan Rows": 1983170, "Plan Width": 36, "Group Key": ["lineitem_1.l_orderkey"], "Plans": [{"Node Type": "Sort", "Parent Relationship": "Outer", "Parallel Aware": false, "Startup Cost": 3853682.84, "Total Cost": 3902058.46, "Plan Rows": 19350250, "Plan Width": 9, "Sort Key": ["lineitem_1.l_orderkey"], "Plans": [{"Node Type": "Seq Scan", "Parent Relationship": "Outer", "Parallel Aware": true, "Relation Name": "lineitem", "Alias": "lineitem_1", "Startup Cost": 0.0, "Total Cost": 1318044.5, "Plan Rows": 19350250, "Plan Width": 9}]}]}]}]}]}]}, {"Node Type": "Hash", "Parent Relationship": "Inner", "Parallel Aware": false, "Startup Cost": 50827.0, "Total Cost": 50827.0, "Plan Rows": 1500000, "Plan Width": 23, "Plans": [{"Node Type": "Seq Scan", "Parent Relationship": "Outer", "Parallel Aware": false, "Relation Name": "customer", "Alias": "customer", "Startup Cost": 0.0, "Total Cost": 50827.0, "Plan Rows": 1500000, "Plan Width": 23}]}]}, {"Node Type": "Bitmap Heap Scan", "Parent Relationship": "Inner", "Parallel Aware": false, "Relation Name": "lineitem", "Alias": "lineitem", "Startup Cost": 0.82, "Total Cost": 2.29, "Plan Rows": 30, "Plan Width": 9, "Recheck Cond": "(l_orderkey = orders.o_orderkey)", "Plans": [{"Node Type": "Bitmap Index Scan", "Parent Relationship": "Outer", "Parallel Aware": false, "Index Name": "lineitem_pkey", "Startup Cost": 0.0, "Total Cost": 0.81, "Plan Rows": 30, "Plan Width": 0, "Index Cond": "(l_orderkey = orders.o_orderkey)"}]}]}]}]}]}]}}, {"Plan": {"Node Type": "Limit", "Parallel Aware": false, "Startup Cost": 8612405.21, "Total Cost": 8612405.46, "Plan Rows": 100, "Plan Width": 71, "Plans": [{"Node Type": "Sort", "Parent Relationship": "Outer", "Parallel Aware": false, "Startup Cost": 8612405.21, "Total Cost": 8619014.56, "Plan Rows": 2643739, "Plan Width": 71, "Sort Key": ["orders.o_totalprice DESC", "orders.o_orderdate"], "Plans": [{"Node Type": "Aggregate", "Strategy": "Sorted", "Partial Mode": "Simple", "Parent Relationship": "Outer", "Parallel Aware": false, "Startup Cost": 8451879.28, "Total Cost": 8511363.41, "Plan Rows": 2643739, "Plan Width": 71, "Group Key": ["customer.c_custkey", "orders.o_orderkey"], "Plans": [{"Node Type": "Sort", "Parent Relationship": "Outer", "Parallel Aware": false, "Startup Cost": 8451879.28, "Total Cost": 8458488.63, "Plan Rows": 2643739, "Plan Width": 44, "Sort Key": ["customer.c_custkey", "orders.o_orderkey"], "Plans": [{"Node Type": "Hash Join", "Parent Relationship": "Outer", "Parallel Aware": false, "Join Type": "Inner", "Startup Cost": 5554841.07, "Total Cost": 8122235.88, "Plan Rows": 2643739, "Plan Width": 44, "Inner Unique": false, "Hash Cond": "(lineitem.l_orderkey = orders.o_orderkey)", "Plans": [{"Node Type": "Seq Scan", "Parent Relationship": "Outer", "Parallel Aware": false, "Relation Name": "lineitem", "Alias": "lineitem", "Startup Cost": 0.0, "Total Cost": 1724399.76, "Plan Rows": 59985776, "Plan Width": 9}, {"Node Type": "Hash", "Parent Relationship": "Inner", "Parallel Aware": false, "Startup Cost": 5540766.86, "Total Cost": 5540766.86, "Plan Rows": 661057, "Plan Width": 43, "Plans": [{"Node Type": "Hash Join", "Parent Relationship": "Outer", "Parallel Aware": false, "Join Type": "Inner", "Startup Cost": 4893859.46, "Total Cost": 5540766.86, "Plan Rows": 661057, "Plan Width": 43, "Inner Unique": true, "Hash Cond": "(orders.o_custkey = customer.c_custkey)", "Plans": [{"Node Type": "Hash Join", "Parent Relationship": "Outer", "Parallel Aware": false, "Join Type": "Inner", "Startup Cost": 4815492.46, "Total Cost": 5444126.59, "Plan Rows": 661057, "Plan Width": 24, "Inner Unique": true, "Hash Cond": "(orders.o_orderkey = lineitem_1.l_orderkey)", "Plans": [{"Node Type": "Seq Scan", "Parent Relationship": "Outer", "Parallel Aware": false, "Relation Name": "orders", "Alias": "orders", "Startup Cost": 0.0, "Total Cost": 410904.17, "Plan Rows": 14999217, "Plan Width": 20}, {"Node Type": "Hash", "Parent Relationship": "Inner", "Parallel Aware": false, "Startup Cost": 4804646.25, "Total Cost": 4804646.25, "Plan Rows": 661057, "Plan Width": 4, "Plans": [{"Node Type": "Aggregate", "Strategy": "Sorted", "Partial Mode": "Finalize", "Parent Relationship": "Outer", "Parallel Aware": false, "Startup Cost": 3854682.88, "Total Cost": 4798035.68, "Plan Rows": 661057, "Plan Width": 4, "Group Key": ["lineitem_1.l_orderkey"], "Filter": "(sum(lineitem_1.l_quantity) > '314'::numeric)", "Plans": [{"Node Type": "Gather Merge", "Parent Relationship": "Outer", "Parallel Aware": false, "Startup Cost": 3854682.88, "Total Cost": 4723666.8, "Plan Rows": 5949510, "Plan Width": 36, "Workers Planned": 3, "Plans": [{"Node Type": "Aggregate", "Strategy": "Sorted", "Partial Mode": "Partial", "Parent Relationship": "Outer", "Parallel Aware": false, "Startup Cost": 3853682.84, "Total Cost": 4023599.34, "Plan Rows": 1983170, "Plan Width": 36, "Group Key": ["lineitem_1.l_orderkey"], "Plans": [{"Node Type": "Sort", "Parent Relationship": "Outer", "Parallel Aware": false, "Startup Cost": 3853682.84, "Total Cost": 3902058.46, "Plan Rows": 19350250, "Plan Width": 9, "Sort Key": ["lineitem_1.l_orderkey"], "Plans": [{"Node Type": "Seq Scan", "Parent Relationship": "Outer", "Parallel Aware": true, "Relation Name": "lineitem", "Alias": "lineitem_1", "Startup Cost": 0.0, "Total Cost": 1318044.5, "Plan Rows": 19350250, "Plan Width": 9}]}]}]}]}]}]}, {"Node Type": "Hash", "Parent Relationship": "Inner", "Parallel Aware": false, "Startup Cost": 50827.0, "Total Cost": 50827.0, "Plan Rows": 1500000, "Plan Width": 23, "Plans": [{"Node Type": "Seq Scan", "Parent Relationship": "Outer", "Parallel Aware": false, "Relation Name": "customer", "Alias": "customer", "Startup Cost": 0.0, "Total Cost": 50827.0, "Plan Rows": 1500000, "Plan Width": 23}]}]}]}]}]}]}]}]}}, {"Plan": {"Node Type": "Limit", "Parallel Aware": false, "Startup Cost": 10006842869.09, "Total Cost": 10006842869.34, "Plan Rows": 100, "Plan Width": 71, "Plans": [{"Node Type": "Sort", "Parent Relationship": "Outer", "Parallel Aware": false, "Startup Cost": 10006842869.09, "Total Cost": 10006849478.44, "Plan Rows": 2643739, "Plan Width": 71, "Sort Key": ["orders.o_totalprice DESC", "orders.o_orderdate"], "Plans": [{"Node Type": "Aggregate", "Strategy": "Sorted", "Partial Mode": "Simple", "Parent Relationship": "Outer", "Parallel Aware": false, "Startup Cost": 10006682343.16, "Total Cost": 10006741827.29, "Plan Rows": 2643739, "Plan Width": 71, "Group Key": ["customer.c_custkey", "orders.o_orderkey"], "Plans": [{"Node Type": "Sort", "Parent Relationship": "Outer", "Parallel Aware": false, "Startup Cost": 10006682343.16, "Total Cost": 10006688952.51, "Plan Rows": 2643739, "Plan Width": 44, "Sort Key": ["customer.c_custkey", "orders.o_orderkey"], "Plans": [{"Node Type": "Nested Loop", "Parent Relationship": "Outer", "Parallel Aware": false, "Join Type": "Inner", "Startup Cost": 10000000002.33, "Total Cost": 10006352699.76, "Plan Rows": 2643739, "Plan Width": 44, "Inner Unique": false, "Plans": [{"Node Type": "Nested Loop", "Parent Relationship": "Outer", "Parallel Aware": false, "Join Type": "Inner", "Startup Cost": 10000000001.51, "Total Cost": 10004638438.12, "Plan Rows": 661057, "Plan Width": 43, "Inner Unique": true, "Plans": [{"Node Type": "Nested Loop", "Parent Relationship": "Outer", "Parallel Aware": false, "Join Type": "Inner", "Startup Cost": 10000000001.08, "Total Cost": 10003615087.6, "Plan Rows": 661057, "Plan Width": 24, "Inner Unique": true, "Plans": [{"Node Type": "Aggregate", "Strategy": "Sorted", "Partial Mode": "Simple", "Parent Relationship": "Outer", "Parallel Aware": false, "Startup Cost": 10000000000.57, "Total Cost": 10002535124.04, "Plan Rows": 661057, "Plan Width": 4, "Group Key": ["lineitem_1.l_orderkey"], "Filter": "(sum(lineitem_1.l_quantity) > '314'::numeric)", "Plans": [{"Node Type": "Index Scan", "Parent Relationship": "Outer", "Parallel Aware": false, "Scan Direction": "Forward", "Index Name": "idx_lineitem_orderkey", "Relation Name": "lineitem", "Alias": "lineitem_1", "Startup Cost": 10000000000.57, "Total Cost": 10002205447.61, "Plan Rows": 59985776, "Plan Width": 9}]}, {"Node Type": "Bitmap Heap Scan", "Parent Relationship": "Inner", "Parallel Aware": false, "Relation Name": "orders", "Alias": "orders", "Startup Cost": 0.51, "Total Cost": 1.62, "Plan Rows": 1, "Plan Width": 20, "Recheck Cond": "(o_orderkey = lineitem_1.l_orderkey)", "Plans": [{"Node Type": "Bitmap Index Scan", "Parent Relationship": "Outer", "Parallel Aware": false, "Index Name": "orders_pkey", "Startup Cost": 0.0, "Total Cost": 0.51, "Plan Rows": 1, "Plan Width": 0, "Index Cond": "(o_orderkey = lineitem_1.l_orderkey)"}]}]}, {"Node Type": "Bitmap Heap Scan", "Parent Relationship": "Inner", "Parallel Aware": false, "Relation Name": "customer", "Alias": "customer", "Startup Cost": 0.44, "Total Cost": 1.55, "Plan Rows": 1, "Plan Width": 23, "Recheck Cond": "(c_custkey = orders.o_custkey)", "Plans": [{"Node Type": "Bitmap Index Scan", "Parent Relationship": "Outer", "Parallel Aware": false, "Index Name": "customer_pkey", "Startup Cost": 0.0, "Total Cost": 0.44, "Plan Rows": 1, "Plan Width": 0, "Index Cond": "(c_custkey = orders.o_custkey)"}]}]}, {"Node Type": "Bitmap Heap Scan", "Parent Relationship": "Inner", "Parallel Aware": false, "Relation Name": "lineitem", "Alias": "lineitem", "Startup Cost": 0.82, "Total Cost": 2.29, "Plan Rows": 30, "Plan Width": 9, "Recheck Cond": "(l_orderkey = orders.o_orderkey)", "Plans": [{"Node Type": "Bitmap Index Scan", "Parent Relationship": "Outer", "Parallel Aware": false, "Index Name": "lineitem_pkey", "Startup Cost": 0.0, "Total Cost": 0.81, "Plan Rows": 30, "Plan Width": 0, "Index Cond": "(l_orderkey = orders.o_orderkey)"}]}]}]}]}]}]}}, {"Plan": {"Node Type": "Limit", "Parallel Aware": false, "Startup Cost": 7745197.83, "Total Cost": 7745198.08, "Plan Rows": 100, "Plan Width": 71, "Plans": [{"Node Type": "Sort", "Parent Relationship": "Outer", "Parallel Aware": false, "Startup Cost": 7745197.83, "Total Cost": 7751807.18, "Plan Rows": 2643739, "Plan Width": 71, "Sort Key": ["orders.o_totalprice DESC", "orders.o_orderdate"], "Plans": [{"Node Type": "Aggregate", "Strategy": "Sorted", "Partial Mode": "Simple", "Parent Relationship": "Outer", "Parallel Aware": false, "Startup Cost": 7584671.9, "Total Cost": 7644156.03, "Plan Rows": 2643739, "Plan Width": 71, "Group Key": ["customer.c_custkey", "orders.o_orderkey"], "Plans": [{"Node Type": "Sort", "Parent Relationship": "Outer", "Parallel Aware": false, "Startup Cost": 7584671.9, "Total Cost": 7591281.25, "Plan Rows": 2643739, "Plan Width": 44, "Sort Key": ["customer.c_custkey", "orders.o_orderkey"], "Plans": [{"Node Type": "Nested Loop", "Parent Relationship": "Outer", "Parallel Aware": false, "Join Type": "Inner", "Startup Cost": 4893860.28, "Total Cost": 7255028.5, "Plan Rows": 2643739, "Plan Width": 44, "Inner Unique": false, "Plans": [{"Node Type": "Hash Join", "Parent Relationship": "Outer", "Parallel Aware": false, "Join Type": "Inner", "Startup Cost": 4893859.46, "Total Cost": 5540766.86, "Plan Rows": 661057, "Plan Width": 43, "Inner Unique": true, "Hash Cond": "(orders.o_custkey = customer.c_custkey)", "Plans": [{"Node Type": "Hash Join", "Parent Relationship": "Outer", "Parallel Aware": false, "Join Type": "Inner", "Startup Cost": 4815492.46, "Total Cost": 5444126.59, "Plan Rows": 661057, "Plan Width": 24, "Inner Unique": true, "Hash Cond": "(orders.o_orderkey = lineitem_1.l_orderkey)", "Plans": [{"Node Type": "Seq Scan", "Parent Relationship": "Outer", "Parallel Aware": false, "Relation Name": "orders", "Alias": "orders", "Startup Cost": 0.0, "Total Cost": 410904.17, "Plan Rows": 14999217, "Plan Width": 20}, {"Node Type": "Hash", "Parent Relationship": "Inner", "Parallel Aware": false, "Startup Cost": 4804646.25, "Total Cost": 4804646.25, "Plan Rows": 661057, "Plan Width": 4, "Plans": [{"Node Type": "Aggregate", "Strategy": "Sorted", "Partial Mode": "Finalize", "Parent Relationship": "Outer", "Parallel Aware": false, "Startup Cost": 3854682.88, "Total Cost": 4798035.68, "Plan Rows": 661057, "Plan Width": 4, "Group Key": ["lineitem_1.l_orderkey"], "Filter": "(sum(lineitem_1.l_quantity) > '314'::numeric)", "Plans": [{"Node Type": "Gather Merge", "Parent Relationship": "Outer", "Parallel Aware": false, "Startup Cost": 3854682.88, "Total Cost": 4723666.8, "Plan Rows": 5949510, "Plan Width": 36, "Workers Planned": 3, "Plans": [{"Node Type": "Aggregate", "Strategy": "Sorted", "Partial Mode": "Partial", "Parent Relationship": "Outer", "Parallel Aware": false, "Startup Cost": 3853682.84, "Total Cost": 4023599.34, "Plan Rows": 1983170, "Plan Width": 36, "Group Key": ["lineitem_1.l_orderkey"], "Plans": [{"Node Type": "Sort", "Parent Relationship": "Outer", "Parallel Aware": false, "Startup Cost": 3853682.84, "Total Cost": 3902058.46, "Plan Rows": 19350250, "Plan Width": 9, "Sort Key": ["lineitem_1.l_orderkey"], "Plans": [{"Node Type": "Seq Scan", "Parent Relationship": "Outer", "Parallel Aware": true, "Relation Name": "lineitem", "Alias": "lineitem_1", "Startup Cost": 0.0, "Total Cost": 1318044.5, "Plan Rows": 19350250, "Plan Width": 9}]}]}]}]}]}]}, {"Node Type": "Hash", "Parent Relationship": "Inner", "Parallel Aware": false, "Startup Cost": 50827.0, "Total Cost": 50827.0, "Plan Rows": 1500000, "Plan Width": 23, "Plans": [{"Node Type": "Seq Scan", "Parent Relationship": "Outer", "Parallel Aware": false, "Relation Name": "customer", "Alias": "customer", "Startup Cost": 0.0, "Total Cost": 50827.0, "Plan Rows": 1500000, "Plan Width": 23}]}]}, {"Node Type": "Bitmap Heap Scan", "Parent Relationship": "Inner", "Parallel Aware": false, "Relation Name": "lineitem", "Alias": "lineitem", "Startup Cost": 0.82, "Total Cost": 2.29, "Plan Rows": 30, "Plan Width": 9, "Recheck Cond": "(l_orderkey = orders.o_orderkey)", "Plans": [{"Node Type": "Bitmap Index Scan", "Parent Relationship": "Outer", "Parallel Aware": false, "Index Name": "lineitem_pkey", "Startup Cost": 0.0, "Total Cost": 0.81, "Plan Rows": 30, "Plan Width": 0, "Index Cond": "(l_orderkey = orders.o_orderkey)"}]}]}]}]}]}]}}, {"Plan": {"Node Type": "Limit", "Parallel Aware": false, "Startup Cost": 8612405.21, "Total Cost": 8612405.46, "Plan Rows": 100, "Plan Width": 71, "Plans": [{"Node Type": "Sort", "Parent Relationship": "Outer", "Parallel Aware": false, "Startup Cost": 8612405.21, "Total Cost": 8619014.56, "Plan Rows": 2643739, "Plan Width": 71, "Sort Key": ["orders.o_totalprice DESC", "orders.o_orderdate"], "Plans": [{"Node Type": "Aggregate", "Strategy": "Sorted", "Partial Mode": "Simple", "Parent Relationship": "Outer", "Parallel Aware": false, "Startup Cost": 8451879.28, "Total Cost": 8511363.41, "Plan Rows": 2643739, "Plan Width": 71, "Group Key": ["customer.c_custkey", "orders.o_orderkey"], "Plans": [{"Node Type": "Sort", "Parent Relationship": "Outer", "Parallel Aware": false, "Startup Cost": 8451879.28, "Total Cost": 8458488.63, "Plan Rows": 2643739, "Plan Width": 44, "Sort Key": ["customer.c_custkey", "orders.o_orderkey"], "Plans": [{"Node Type": "Hash Join", "Parent Relationship": "Outer", "Parallel Aware": false, "Join Type": "Inner", "Startup Cost": 5554841.07, "Total Cost": 8122235.88, "Plan Rows": 2643739, "Plan Width": 44, "Inner Unique": false, "Hash Cond": "(lineitem.l_orderkey = orders.o_orderkey)", "Plans": [{"Node Type": "Seq Scan", "Parent Relationship": "Outer", "Parallel Aware": false, "Relation Name": "lineitem", "Alias": "lineitem", "Startup Cost": 0.0, "Total Cost": 1724399.76, "Plan Rows": 59985776, "Plan Width": 9}, {"Node Type": "Hash", "Parent Relationship": "Inner", "Parallel Aware": false, "Startup Cost": 5540766.86, "Total Cost": 5540766.86, "Plan Rows": 661057, "Plan Width": 43, "Plans": [{"Node Type": "Hash Join", "Parent Relationship": "Outer", "Parallel Aware": false, "Join Type": "Inner", "Startup Cost": 4893859.46, "Total Cost": 5540766.86, "Plan Rows": 661057, "Plan Width": 43, "Inner Unique": true, "Hash Cond": "(orders.o_custkey = customer.c_custkey)", "Plans": [{"Node Type": "Hash Join", "Parent Relationship": "Outer", "Parallel Aware": false, "Join Type": "Inner", "Startup Cost": 4815492.46, "Total Cost": 5444126.59, "Plan Rows": 661057, "Plan Width": 24, "Inner Unique": true, "Hash Cond": "(orders.o_orderkey = lineitem_1.l_orderkey)", "Plans": [{"Node Type": "Seq Scan", "Parent Relationship": "Outer", "Parallel Aware": false, "Relation Name": "orders", "Alias": "orders", "Startup Cost": 0.0, "Total Cost": 410904.17, "Plan Rows": 14999217, "Plan Width": 20}, {"Node Type": "Hash", "Parent Relationship": "Inner", "Parallel Aware": false, "Startup Cost": 4804646.25, "Total Cost": 4804646.25, "Plan Rows": 661057, "Plan Width": 4, "Plans": [{"Node Type": "Aggregate", "Strategy": "Sorted", "Partial Mode": "Finalize", "Parent Relationship": "Outer", "Parallel Aware": false, "Startup Cost": 3854682.88, "Total Cost": 4798035.68, "Plan Rows": 661057, "Plan Width": 4, "Group Key": ["lineitem_1.l_orderkey"], "Filter": "(sum(lineitem_1.l_quantity) > '314'::numeric)", "Plans": [{"Node Type": "Gather Merge", "Parent Relationship": "Outer", "Parallel Aware": false, "Startup Cost": 3854682.88, "Total Cost": 4723666.8, "Plan Rows": 5949510, "Plan Width": 36, "Workers Planned": 3, "Plans": [{"Node Type": "Aggregate", "Strategy": "Sorted", "Partial Mode": "Partial", "Parent Relationship": "Outer", "Parallel Aware": false, "Startup Cost": 3853682.84, "Total Cost": 4023599.34, "Plan Rows": 1983170, "Plan Width": 36, "Group Key": ["lineitem_1.l_orderkey"], "Plans": [{"Node Type": "Sort", "Parent Relationship": "Outer", "Parallel Aware": false, "Startup Cost": 3853682.84, "Total Cost": 3902058.46, "Plan Rows": 19350250, "Plan Width": 9, "Sort Key": ["lineitem_1.l_orderkey"], "Plans": [{"Node Type": "Seq Scan", "Parent Relationship": "Outer", "Parallel Aware": true, "Relation Name": "lineitem", "Alias": "lineitem_1", "Startup Cost": 0.0, "Total Cost": 1318044.5, "Plan Rows": 19350250, "Plan Width": 9}]}]}]}]}]}]}, {"Node Type": "Hash", "Parent Relationship": "Inner", "Parallel Aware": false, "Startup Cost": 50827.0, "Total Cost": 50827.0, "Plan Rows": 1500000, "Plan Width": 23, "Plans": [{"Node Type": "Seq Scan", "Parent Relationship": "Outer", "Parallel Aware": false, "Relation Name": "customer", "Alias": "customer", "Startup Cost": 0.0, "Total Cost": 50827.0, "Plan Rows": 1500000, "Plan Width": 23}]}]}]}]}]}]}]}]}}, {"Plan": {"Node Type": "Limit", "Parallel Aware": false, "Startup Cost": 5568895.97, "Total Cost": 5568896.22, "Plan Rows": 100, "Plan Width": 71, "Plans": [{"Node Type": "Sort", "Parent Relationship": "Outer", "Parallel Aware": false, "Startup Cost": 5568895.97, "Total Cost": 5575505.32, "Plan Rows": 2643739, "Plan Width": 71, "Sort Key": ["orders.o_totalprice DESC", "orders.o_orderdate"], "Plans": [{"Node Type": "Aggregate", "Strategy": "Sorted", "Partial Mode": "Finalize", "Parent Relationship": "Outer", "Parallel Aware": false, "Startup Cost": 5089415.74, "Total Cost": 5467854.17, "Plan Rows": 2643739, "Plan Width": 71, "Group Key": ["customer.c_custkey", "orders.o_orderkey"], "Plans": [{"Node Type": "Gather Merge", "Parent Relationship": "Outer", "Parallel Aware": false, "Startup Cost": 5089415.74, "Total Cost": 5409222.86, "Plan Rows": 2558457, "Plan Width": 71, "Workers Planned": 3, "Plans": [{"Node Type": "Aggregate", "Strategy": "Sorted", "Partial Mode": "Partial", "Parent Relationship": "Outer", "Parallel Aware": false, "Startup Cost": 5088415.7, "Total Cost": 5107604.12, "Plan Rows": 852819, "Plan Width": 71, "Group Key": ["customer.c_custkey", "orders.o_orderkey"], "Plans": [{"Node Type": "Sort", "Parent Relationship": "Outer", "Parallel Aware": false, "Startup Cost": 5088415.7, "Total Cost": 5090547.74, "Plan Rows": 852819, "Plan Width": 44, "Sort Key": ["customer.c_custkey", "orders.o_orderkey"], "Plans": [{"Node Type": "Hash Join", "Parent Relationship": "Outer", "Parallel Aware": true, "Join Type": "Inner", "Startup Cost": 3114631.96, "Total Cost": 4989038.21, "Plan Rows": 852819, "Plan Width": 44, "Inner Unique": false, "Hash Cond": "(lineitem.l_orderkey = orders.o_orderkey)", "Plans": [{"Node Type": "Index Scan", "Parent Relationship": "Outer", "Parallel Aware": true, "Scan Direction": "Forward", "Index Name": "idx_lineitem_orderkey", "Relation Name": "lineitem", "Alias": "lineitem", "Startup Cost": 0.56, "Total Cost": 1799092.35, "Plan Rows": 19350250, "Plan Width": 9}, {"Node Type": "Hash", "Parent Relationship": "Inner", "Parallel Aware": true, "Startup Cost": 3111965.84, "Total Cost": 3111965.84, "Plan Rows": 213244, "Plan Width": 43, "Plans": [{"Node Type": "Hash Join", "Parent Relationship": "Outer", "Parallel Aware": true, "Join Type": "Inner", "Startup Cost": 3056770.04, "Total Cost": 3111965.84, "Plan Rows": 213244, "Plan Width": 43, "Inner Unique": false, "Hash Cond": "(customer.c_custkey = orders.o_custkey)", "Plans": [{"Node Type": "Index Scan", "Parent Relationship": "Outer", "Parallel Aware": true, "Scan Direction": "Forward", "Index Name": "customer_pkey", "Relation Name": "customer", "Alias": "customer", "Startup Cost": 0.43, "Total Cost": 52693.84, "Plan Rows": 483871, "Plan Width": 23}, {"Node Type": "Hash", "Parent Relationship": "Inner", "Parallel Aware": true, "Startup Cost": 3054104.06, "Total Cost": 3054104.06, "Plan Rows": 213244, "Plan Width": 24, "Plans": [{"Node Type": "Hash Join", "Parent Relationship": "Outer", "Parallel Aware": false, "Join Type": "Inner", "Startup Cost": 2552581.25, "Total Cost": 3054104.06, "Plan Rows": 213244, "Plan Width": 24, "Inner Unique": true, "Hash Cond": "(orders.o_orderkey = lineitem_1.l_orderkey)", "Plans": [{"Node Type": "Index Scan", "Parent Relationship": "Outer", "Parallel Aware": true, "Scan Direction": "Forward", "Index Name": "orders_pkey", "Relation Name": "orders", "Alias": "orders", "Startup Cost": 0.43, "Total Cost": 429537.29, "Plan Rows": 4838457, "Plan Width": 20}, {"Node Type": "Hash", "Parent Relationship": "Inner", "Parallel Aware": false, "Startup Cost": 2541734.6, "Total Cost": 2541734.6, "Plan Rows": 661057, "Plan Width": 4, "Plans": [{"Node Type": "Aggregate", "Strategy": "Sorted", "Partial Mode": "Simple", "Parent Relationship": "Outer", "Parallel Aware": false, "Startup Cost": 0.56, "Total Cost": 2535124.03, "Plan Rows": 661057, "Plan Width": 4, "Group Key": ["lineitem_1.l_orderkey"], "Filter": "(sum(lineitem_1.l_quantity) > '314'::numeric)", "Plans": [{"Node Type": "Index Scan", "Parent Relationship": "Outer", "Parallel Aware": false, "Scan Direction": "Forward", "Index Name": "idx_lineitem_orderkey", "Relation Name": "lineitem", "Alias": "lineitem_1", "Startup Cost": 0.56, "Total Cost": 2205447.6, "Plan Rows": 59985776, "Plan Width": 9}]}]}]}]}]}]}]}]}]}]}]}]}]}}, {"Plan": {"Node Type": "Limit", "Parallel Aware": false, "Startup Cost": 5501945.03, "Total Cost": 5501945.28, "Plan Rows": 100, "Plan Width": 71, "Plans": [{"Node Type": "Sort", "Parent Relationship": "Outer", "Parallel Aware": false, "Startup Cost": 5501945.03, "Total Cost": 5508554.38, "Plan Rows": 2643739, "Plan Width": 71, "Sort Key": ["orders.o_totalprice DESC", "orders.o_orderdate"], "Plans": [{"Node Type": "Aggregate", "Strategy": "Sorted", "Partial Mode": "Finalize", "Parent Relationship": "Outer", "Parallel Aware": false, "Startup Cost": 5022464.8, "Total Cost": 5400903.23, "Plan Rows": 2643739, "Plan Width": 71, "Group Key": ["customer.c_custkey", "orders.o_orderkey"], "Plans": [{"Node Type": "Gather Merge", "Parent Relationship": "Outer", "Parallel Aware": false, "Startup Cost": 5022464.8, "Total Cost": 5342271.92, "Plan Rows": 2558457, "Plan Width": 71, "Workers Planned": 3, "Plans": [{"Node Type": "Aggregate", "Strategy": "Sorted", "Partial Mode": "Partial", "Parent Relationship": "Outer", "Parallel Aware": false, "Startup Cost": 5021464.76, "Total Cost": 5040653.19, "Plan Rows": 852819, "Plan Width": 71, "Group Key": ["customer.c_custkey", "orders.o_orderkey"], "Plans": [{"Node Type": "Sort", "Parent Relationship": "Outer", "Parallel Aware": false, "Startup Cost": 5021464.76, "Total Cost": 5023596.81, "Plan Rows": 852819, "Plan Width": 44, "Sort Key": ["customer.c_custkey", "orders.o_orderkey"], "Plans": [{"Node Type": "Hash Join", "Parent Relationship": "Outer", "Parallel Aware": true, "Join Type": "Inner", "Startup Cost": 3047681.02, "Total Cost": 4922087.27, "Plan Rows": 852819, "Plan Width": 44, "Inner Unique": false, "Hash Cond": "(lineitem.l_orderkey = orders.o_orderkey)", "Plans": [{"Node Type": "Index Scan", "Parent Relationship": "Outer", "Parallel Aware": true, "Scan Direction": "Forward", "Index Name": "idx_lineitem_orderkey", "Relation Name": "lineitem", "Alias": "lineitem", "Startup Cost": 0.56, "Total Cost": 1799092.35, "Plan Rows": 19350250, "Plan Width": 9}, {"Node Type": "Hash", "Parent Relationship": "Inner", "Parallel Aware": true, "Startup Cost": 3045014.9, "Total Cost": 3045014.9, "Plan Rows": 213244, "Plan Width": 43, "Plans": [{"Node Type": "Hash Join", "Parent Relationship": "Outer", "Parallel Aware": true, "Join Type": "Inner", "Startup Cost": 2989819.1, "Total Cost": 3045014.9, "Plan Rows": 213244, "Plan Width": 43, "Inner Unique": false, "Hash Cond": "(customer.c_custkey = orders.o_custkey)", "Plans": [{"Node Type": "Index Scan", "Parent Relationship": "Outer", "Parallel Aware": true, "Scan Direction": "Forward", "Index Name": "customer_pkey", "Relation Name": "customer", "Alias": "customer", "Startup Cost": 0.43, "Total Cost": 52693.84, "Plan Rows": 483871, "Plan Width": 23}, {"Node Type": "Hash", "Parent Relationship": "Inner", "Parallel Aware": true, "Startup Cost": 2987153.12, "Total Cost": 2987153.12, "Plan Rows": 213244, "Plan Width": 24, "Plans": [{"Node Type": "Merge Join", "Parent Relationship": "Outer", "Parallel Aware": false, "Join Type": "Inner", "Startup Cost": 1.0, "Total Cost": 2987153.12, "Plan Rows": 213244, "Plan Width": 24, "Inner Unique": true, "Merge Cond": "(orders.o_orderkey = lineitem_1.l_orderkey)", "Plans": [{"Node Type": "Index Scan", "Parent Relationship": "Outer", "Parallel Aware": true, "Scan Direction": "Forward", "Index Name": "orders_pkey", "Relation Name": "orders", "Alias": "orders", "Startup Cost": 0.43, "Total Cost": 429537.29, "Plan Rows": 4838457, "Plan Width": 20}, {"Node Type": "Aggregate", "Strategy": "Sorted", "Partial Mode": "Simple", "Parent Relationship": "Inner", "Parallel Aware": false, "Startup Cost": 0.56, "Total Cost": 2535124.03, "Plan Rows": 661057, "Plan Width": 4, "Group Key": ["lineitem_1.l_orderkey"], "Filter": "(sum(lineitem_1.l_quantity) > '314'::numeric)", "Plans": [{"Node Type": "Index Scan", "Parent Relationship": "Outer", "Parallel Aware": false, "Scan Direction": "Forward", "Index Name": "idx_lineitem_orderkey", "Relation Name": "lineitem", "Alias": "lineitem_1", "Startup Cost": 0.56, "Total Cost": 2205447.6, "Plan Rows": 59985776, "Plan Width": 9}]}]}]}]}]}]}]}]}]}]}]}]}}, {"Plan": {"Node Type": "Limit", "Parallel Aware": false, "Startup Cost": 3944815.02, "Total Cost": 3944815.27, "Plan Rows": 100, "Plan Width": 71, "Plans": [{"Node Type": "Sort", "Parent Relationship": "Outer", "Parallel Aware": false, "Startup Cost": 3944815.02, "Total Cost": 3951424.37, "Plan Rows": 2643739, "Plan Width": 71, "Sort Key": ["orders.o_totalprice DESC", "orders.o_orderdate"], "Plans": [{"Node Type": "Aggregate", "Strategy": "Sorted", "Partial Mode": "Finalize", "Parent Relationship": "Outer", "Parallel Aware": false, "Startup Cost": 3465334.79, "Total Cost": 3843773.22, "Plan Rows": 2643739, "Plan Width": 71, "Group Key": ["customer.c_custkey", "orders.o_orderkey"], "Plans": [{"Node Type": "Gather Merge", "Parent Relationship": "Outer", "Parallel Aware": false, "Startup Cost": 3465334.79, "Total Cost": 3785141.91, "Plan Rows": 2558457, "Plan Width": 71, "Workers Planned": 3, "Plans": [{"Node Type": "Aggregate", "Strategy": "Sorted", "Partial Mode": "Partial", "Parent Relationship": "Outer", "Parallel Aware": false, "Startup Cost": 3464334.75, "Total Cost": 3483523.17, "Plan Rows": 852819, "Plan Width": 71, "Group Key": ["customer.c_custkey", "orders.o_orderkey"], "Plans": [{"Node Type": "Sort", "Parent Relationship": "Outer", "Parallel Aware": false, "Startup Cost": 3464334.75, "Total Cost": 3466466.79, "Plan Rows": 852819, "Plan Width": 44, "Sort Key": ["customer.c_custkey", "orders.o_orderkey"], "Plans": [{"Node Type": "Nested Loop", "Parent Relationship": "Outer", "Parallel Aware": false, "Join Type": "Inner", "Startup Cost": 2989819.66, "Total Cost": 3364957.26, "Plan Rows": 852819, "Plan Width": 44, "Inner Unique": false, "Plans": [{"Node Type": "Hash Join", "Parent Relationship": "Outer", "Parallel Aware": true, "Join Type": "Inner", "Startup Cost": 2989819.1, "Total Cost": 3045014.9, "Plan Rows": 213244, "Plan Width": 43, "Inner Unique": false, "Hash Cond": "(customer.c_custkey = orders.o_custkey)", "Plans": [{"Node Type": "Index Scan", "Parent Relationship": "Outer", "Parallel Aware": true, "Scan Direction": "Forward", "Index Name": "customer_pkey", "Relation Name": "customer", "Alias": "customer", "Startup Cost": 0.43, "Total Cost": 52693.84, "Plan Rows": 483871, "Plan Width": 23}, {"Node Type": "Hash", "Parent Relationship": "Inner", "Parallel Aware": true, "Startup Cost": 2987153.12, "Total Cost": 2987153.12, "Plan Rows": 213244, "Plan Width": 24, "Plans": [{"Node Type": "Merge Join", "Parent Relationship": "Outer", "Parallel Aware": false, "Join Type": "Inner", "Startup Cost": 1.0, "Total Cost": 2987153.12, "Plan Rows": 213244, "Plan Width": 24, "Inner Unique": true, "Merge Cond": "(orders.o_orderkey = lineitem_1.l_orderkey)", "Plans": [{"Node Type": "Index Scan", "Parent Relationship": "Outer", "Parallel Aware": true, "Scan Direction": "Forward", "Index Name": "orders_pkey", "Relation Name": "orders", "Alias": "orders", "Startup Cost": 0.43, "Total Cost": 429537.29, "Plan Rows": 4838457, "Plan Width": 20}, {"Node Type": "Aggregate", "Strategy": "Sorted", "Partial Mode": "Simple", "Parent Relationship": "Inner", "Parallel Aware": false, "Startup Cost": 0.56, "Total Cost": 2535124.03, "Plan Rows": 661057, "Plan Width": 4, "Group Key": ["lineitem_1.l_orderkey"], "Filter": "(sum(lineitem_1.l_quantity) > '314'::numeric)", "Plans": [{"Node Type": "Index Scan", "Parent Relationship": "Outer", "Parallel Aware": false, "Scan Direction": "Forward", "Index Name": "idx_lineitem_orderkey", "Relation Name": "lineitem", "Alias": "lineitem_1", "Startup Cost": 0.56, "Total Cost": 2205447.6, "Plan Rows": 59985776, "Plan Width": 9}]}]}]}]}, {"Node Type": "Index Scan", "Parent Relationship": "Inner", "Parallel Aware": false, "Scan Direction": "Forward", "Index Name": "idx_lineitem_orderkey", "Relation Name": "lineitem", "Alias": "lineitem", "Startup Cost": 0.56, "Total Cost": 1.2, "Plan Rows": 30, "Plan Width": 9, "Index Cond": "(l_orderkey = orders.o_orderkey)"}]}]}]}]}]}]}]}}, {"Plan": {"Node Type": "Limit", "Parallel Aware": false, "Startup Cost": 3879497.11, "Total Cost": 3879497.36, "Plan Rows": 100, "Plan Width": 71, "Plans": [{"Node Type": "Sort", "Parent Relationship": "Outer", "Parallel Aware": false, "Startup Cost": 3879497.11, "Total Cost": 3886106.46, "Plan Rows": 2643739, "Plan Width": 71, "Sort Key": ["orders.o_totalprice DESC", "orders.o_orderdate"], "Plans": [{"Node Type": "Aggregate", "Strategy": "Sorted", "Partial Mode": "Finalize", "Parent Relationship": "Outer", "Parallel Aware": false, "Startup Cost": 3400016.88, "Total Cost": 3778455.31, "Plan Rows": 2643739, "Plan Width": 71, "Group Key": ["customer.c_custkey", "orders.o_orderkey"], "Plans": [{"Node Type": "Gather Merge", "Parent Relationship": "Outer", "Parallel Aware": false, "Startup Cost": 3400016.88, "Total Cost": 3719824.0, "Plan Rows": 2558457, "Plan Width": 71, "Workers Planned": 3, "Plans": [{"Node Type": "Aggregate", "Strategy": "Sorted", "Partial Mode": "Partial", "Parent Relationship": "Outer", "Parallel Aware": false, "Startup Cost": 3399016.84, "Total Cost": 3418205.26, "Plan Rows": 852819, "Plan Width": 71, "Group Key": ["customer.c_custkey", "orders.o_orderkey"], "Plans": [{"Node Type": "Sort", "Parent Relationship": "Outer", "Parallel Aware": false, "Startup Cost": 3399016.84, "Total Cost": 3401148.88, "Plan Rows": 852819, "Plan Width": 44, "Sort Key": ["customer.c_custkey", "orders.o_orderkey"], "Plans": [{"Node Type": "Nested Loop", "Parent Relationship": "Outer", "Parallel Aware": false, "Join Type": "Inner", "Startup Cost": 2936529.45, "Total Cost": 3299639.35, "Plan Rows": 852819, "Plan Width": 44, "Inner Unique": false, "Plans": [{"Node Type": "Hash Join", "Parent Relationship": "Outer", "Parallel Aware": true, "Join Type": "Inner", "Startup Cost": 2936528.89, "Total Cost": 2979696.99, "Plan Rows": 213244, "Plan Width": 43, "Inner Unique": false, "Hash Cond": "(customer.c_custkey = orders.o_custkey)", "Plans": [{"Node Type": "Seq Scan", "Parent Relationship": "Outer", "Parallel Aware": true, "Relation Name": "customer", "Alias": "customer", "Startup Cost": 0.0, "Total Cost": 40665.71, "Plan Rows": 483871, "Plan Width": 23}, {"Node Type": "Hash", "Parent Relationship": "Inner", "Parallel Aware": true, "Startup Cost": 2933863.34, "Total Cost": 2933863.34, "Plan Rows": 213244, "Plan Width": 24, "Plans": [{"Node Type": "Hash Join", "Parent Relationship": "Outer", "Parallel Aware": false, "Join Type": "Inner", "Startup Cost": 2552580.82, "Total Cost": 2933863.34, "Plan Rows": 213244, "Plan Width": 24, "Inner Unique": true, "Hash Cond": "(orders.o_orderkey = lineitem_1.l_orderkey)", "Plans": [{"Node Type": "Seq Scan", "Parent Relationship": "Outer", "Parallel Aware": true, "Relation Name": "orders", "Alias": "orders", "Startup Cost": 0.0, "Total Cost": 309296.57, "Plan Rows": 4838457, "Plan Width": 20}, {"Node Type": "Hash", "Parent Relationship": "Inner", "Parallel Aware": false, "Startup Cost": 2541734.6, "Total Cost": 2541734.6, "Plan Rows": 661057, "Plan Width": 4, "Plans": [{"Node Type": "Aggregate", "Strategy": "Sorted", "Partial Mode": "Simple", "Parent Relationship": "Outer", "Parallel Aware": false, "Startup Cost": 0.56, "Total Cost": 2535124.03, "Plan Rows": 661057, "Plan Width": 4, "Group Key": ["lineitem_1.l_orderkey"], "Filter": "(sum(lineitem_1.l_quantity) > '314'::numeric)", "Plans": [{"Node Type": "Index Scan", "Parent Relationship": "Outer", "Parallel Aware": false, "Scan Direction": "Forward", "Index Name": "idx_lineitem_orderkey", "Relation Name": "lineitem", "Alias": "lineitem_1", "Startup Cost": 0.56, "Total Cost": 2205447.6, "Plan Rows": 59985776, "Plan Width": 9}]}]}]}]}]}, {"Node Type": "Index Scan", "Parent Relationship": "Inner", "Parallel Aware": false, "Scan Direction": "Forward", "Index Name": "idx_lineitem_orderkey", "Relation Name": "lineitem", "Alias": "lineitem", "Startup Cost": 0.56, "Total Cost": 1.2, "Plan Rows": 30, "Plan Width": 9, "Index Cond": "(l_orderkey = orders.o_orderkey)"}]}]}]}]}]}]}]}}, {"Plan": {"Node Type": "Limit", "Parallel Aware": false, "Startup Cost": 4955579.28, "Total Cost": 4955579.53, "Plan Rows": 100, "Plan Width": 71, "Plans": [{"Node Type": "Sort", "Parent Relationship": "Outer", "Parallel Aware": false, "Startup Cost": 4955579.28, "Total Cost": 4962188.63, "Plan Rows": 2643739, "Plan Width": 71, "Sort Key": ["orders.o_totalprice DESC", "orders.o_orderdate"], "Plans": [{"Node Type": "Aggregate", "Strategy": "Sorted", "Partial Mode": "Finalize", "Parent Relationship": "Outer", "Parallel Aware": false, "Startup Cost": 4476099.04, "Total Cost": 4854537.48, "Plan Rows": 2643739, "Plan Width": 71, "Group Key": ["customer.c_custkey", "orders.o_orderkey"], "Plans": [{"Node Type": "Gather Merge", "Parent Relationship": "Outer", "Parallel Aware": false, "Startup Cost": 4476099.04, "Total Cost": 4795906.17, "Plan Rows": 2558457, "Plan Width": 71, "Workers Planned": 3, "Plans": [{"Node Type": "Aggregate", "Strategy": "Sorted", "Partial Mode": "Partial", "Parent Relationship": "Outer", "Parallel Aware": false, "Startup Cost": 4475099.0, "Total Cost": 4494287.43, "Plan Rows": 852819, "Plan Width": 71, "Group Key": ["customer.c_custkey", "orders.o_orderkey"], "Plans": [{"Node Type": "Sort", "Parent Relationship": "Outer", "Parallel Aware": false, "Startup Cost": 4475099.0, "Total Cost": 4477231.05, "Plan Rows": 852819, "Plan Width": 44, "Sort Key": ["customer.c_custkey", "orders.o_orderkey"], "Plans": [{"Node Type": "Hash Join", "Parent Relationship": "Outer", "Parallel Aware": true, "Join Type": "Inner", "Startup Cost": 2982362.54, "Total Cost": 4375721.51, "Plan Rows": 852819, "Plan Width": 44, "Inner Unique": false, "Hash Cond": "(lineitem.l_orderkey = orders.o_orderkey)", "Plans": [{"Node Type": "Seq Scan", "Parent Relationship": "Outer", "Parallel Aware": true, "Relation Name": "lineitem", "Alias": "lineitem", "Startup Cost": 0.0, "Total Cost": 1318044.5, "Plan Rows": 19350250, "Plan Width": 9}, {"Node Type": "Hash", "Parent Relationship": "Inner", "Parallel Aware": true, "Startup Cost": 2979696.99, "Total Cost": 2979696.99, "Plan Rows": 213244, "Plan Width": 43, "Plans": [{"Node Type": "Hash Join", "Parent Relationship": "Outer", "Parallel Aware": true, "Join Type": "Inner", "Startup Cost": 2936528.89, "Total Cost": 2979696.99, "Plan Rows": 213244, "Plan Width": 43, "Inner Unique": false, "Hash Cond": "(customer.c_custkey = orders.o_custkey)", "Plans": [{"Node Type": "Seq Scan", "Parent Relationship": "Outer", "Parallel Aware": true, "Relation Name": "customer", "Alias": "customer", "Startup Cost": 0.0, "Total Cost": 40665.71, "Plan Rows": 483871, "Plan Width": 23}, {"Node Type": "Hash", "Parent Relationship": "Inner", "Parallel Aware": true, "Startup Cost": 2933863.34, "Total Cost": 2933863.34, "Plan Rows": 213244, "Plan Width": 24, "Plans": [{"Node Type": "Hash Join", "Parent Relationship": "Outer", "Parallel Aware": false, "Join Type": "Inner", "Startup Cost": 2552580.82, "Total Cost": 2933863.34, "Plan Rows": 213244, "Plan Width": 24, "Inner Unique": true, "Hash Cond": "(orders.o_orderkey = lineitem_1.l_orderkey)", "Plans": [{"Node Type": "Seq Scan", "Parent Relationship": "Outer", "Parallel Aware": true, "Relation Name": "orders", "Alias": "orders", "Startup Cost": 0.0, "Total Cost": 309296.57, "Plan Rows": 4838457, "Plan Width": 20}, {"Node Type": "Hash", "Parent Relationship": "Inner", "Parallel Aware": false, "Startup Cost": 2541734.6, "Total Cost": 2541734.6, "Plan Rows": 661057, "Plan Width": 4, "Plans": [{"Node Type": "Aggregate", "Strategy": "Sorted", "Partial Mode": "Simple", "Parent Relationship": "Outer", "Parallel Aware": false, "Startup Cost": 0.56, "Total Cost": 2535124.03, "Plan Rows": 661057, "Plan Width": 4, "Group Key": ["lineitem_1.l_orderkey"], "Filter": "(sum(lineitem_1.l_quantity) > '314'::numeric)", "Plans": [{"Node Type": "Index Scan", "Parent Relationship": "Outer", "Parallel Aware": false, "Scan Direction": "Forward", "Index Name": "idx_lineitem_orderkey", "Relation Name": "lineitem", "Alias": "lineitem_1", "Startup Cost": 0.56, "Total Cost": 2205447.6, "Plan Rows": 59985776, "Plan Width": 9}]}]}]}]}]}]}]}]}]}]}]}]}]}}, {"Plan": {"Node Type": "Limit", "Parallel Aware": false, "Startup Cost": 4011765.96, "Total Cost": 4011766.21, "Plan Rows": 100, "Plan Width": 71, "Plans": [{"Node Type": "Sort", "Parent Relationship": "Outer", "Parallel Aware": false, "Startup Cost": 4011765.96, "Total Cost": 4018375.31, "Plan Rows": 2643739, "Plan Width": 71, "Sort Key": ["orders.o_totalprice DESC", "orders.o_orderdate"], "Plans": [{"Node Type": "Aggregate", "Strategy": "Sorted", "Partial Mode": "Finalize", "Parent Relationship": "Outer", "Parallel Aware": false, "Startup Cost": 3532285.72, "Total Cost": 3910724.16, "Plan Rows": 2643739, "Plan Width": 71, "Group Key": ["customer.c_custkey", "orders.o_orderkey"], "Plans": [{"Node Type": "Gather Merge", "Parent Relationship": "Outer", "Parallel Aware": false, "Startup Cost": 3532285.72, "Total Cost": 3852092.85, "Plan Rows": 2558457, "Plan Width": 71, "Workers Planned": 3, "Plans": [{"Node Type": "Aggregate", "Strategy": "Sorted", "Partial Mode": "Partial", "Parent Relationship": "Outer", "Parallel Aware": false, "Startup Cost": 3531285.68, "Total Cost": 3550474.11, "Plan Rows": 852819, "Plan Width": 71, "Group Key": ["customer.c_custkey", "orders.o_orderkey"], "Plans": [{"Node Type": "Sort", "Parent Relationship": "Outer", "Parallel Aware": false, "Startup Cost": 3531285.68, "Total Cost": 3533417.73, "Plan Rows": 852819, "Plan Width": 44, "Sort Key": ["customer.c_custkey", "orders.o_orderkey"], "Plans": [{"Node Type": "Nested Loop", "Parent Relationship": "Outer", "Parallel Aware": false, "Join Type": "Inner", "Startup Cost": 3056770.6, "Total Cost": 3431908.19, "Plan Rows": 852819, "Plan Width": 44, "Inner Unique": false, "Plans": [{"Node Type": "Hash Join", "Parent Relationship": "Outer", "Parallel Aware": true, "Join Type": "Inner", "Startup Cost": 3056770.04, "Total Cost": 3111965.84, "Plan Rows": 213244, "Plan Width": 43, "Inner Unique": false, "Hash Cond": "(customer.c_custkey = orders.o_custkey)", "Plans": [{"Node Type": "Index Scan", "Parent Relationship": "Outer", "Parallel Aware": true, "Scan Direction": "Forward", "Index Name": "customer_pkey", "Relation Name": "customer", "Alias": "customer", "Startup Cost": 0.43, "Total Cost": 52693.84, "Plan Rows": 483871, "Plan Width": 23}, {"Node Type": "Hash", "Parent Relationship": "Inner", "Parallel Aware": true, "Startup Cost": 3054104.06, "Total Cost": 3054104.06, "Plan Rows": 213244, "Plan Width": 24, "Plans": [{"Node Type": "Hash Join", "Parent Relationship": "Outer", "Parallel Aware": false, "Join Type": "Inner", "Startup Cost": 2552581.25, "Total Cost": 3054104.06, "Plan Rows": 213244, "Plan Width": 24, "Inner Unique": true, "Hash Cond": "(orders.o_orderkey = lineitem_1.l_orderkey)", "Plans": [{"Node Type": "Index Scan", "Parent Relationship": "Outer", "Parallel Aware": true, "Scan Direction": "Forward", "Index Name": "orders_pkey", "Relation Name": "orders", "Alias": "orders", "Startup Cost": 0.43, "Total Cost": 429537.29, "Plan Rows": 4838457, "Plan Width": 20}, {"Node Type": "Hash", "Parent Relationship": "Inner", "Parallel Aware": false, "Startup Cost": 2541734.6, "Total Cost": 2541734.6, "Plan Rows": 661057, "Plan Width": 4, "Plans": [{"Node Type": "Aggregate", "Strategy": "Sorted", "Partial Mode": "Simple", "Parent Relationship": "Outer", "Parallel Aware": false, "Startup Cost": 0.56, "Total Cost": 2535124.03, "Plan Rows": 661057, "Plan Width": 4, "Group Key": ["lineitem_1.l_orderkey"], "Filter": "(sum(lineitem_1.l_quantity) > '314'::numeric)", "Plans": [{"Node Type": "Index Scan", "Parent Relationship": "Outer", "Parallel Aware": false, "Scan Direction": "Forward", "Index Name": "idx_lineitem_orderkey", "Relation Name": "lineitem", "Alias": "lineitem_1", "Startup Cost": 0.56, "Total Cost": 2205447.6, "Plan Rows": 59985776, "Plan Width": 9}]}]}]}]}]}, {"Node Type": "Index Scan", "Parent Relationship": "Inner", "Parallel Aware": false, "Scan Direction": "Forward", "Index Name": "idx_lineitem_orderkey", "Relation Name": "lineitem", "Alias": "lineitem", "Startup Cost": 0.56, "Total Cost": 1.2, "Plan Rows": 30, "Plan Width": 9, "Index Cond": "(l_orderkey = orders.o_orderkey)"}]}]}]}]}]}]}]}}, {"Plan": {"Node Type": "Limit", "Parallel Aware": false, "Startup Cost": 3879497.11, "Total Cost": 3879497.36, "Plan Rows": 100, "Plan Width": 71, "Plans": [{"Node Type": "Sort", "Parent Relationship": "Outer", "Parallel Aware": false, "Startup Cost": 3879497.11, "Total Cost": 3886106.46, "Plan Rows": 2643739, "Plan Width": 71, "Sort Key": ["orders.o_totalprice DESC", "orders.o_orderdate"], "Plans": [{"Node Type": "Aggregate", "Strategy": "Sorted", "Partial Mode": "Finalize", "Parent Relationship": "Outer", "Parallel Aware": false, "Startup Cost": 3400016.88, "Total Cost": 3778455.31, "Plan Rows": 2643739, "Plan Width": 71, "Group Key": ["customer.c_custkey", "orders.o_orderkey"], "Plans": [{"Node Type": "Gather Merge", "Parent Relationship": "Outer", "Parallel Aware": false, "Startup Cost": 3400016.88, "Total Cost": 3719824.0, "Plan Rows": 2558457, "Plan Width": 71, "Workers Planned": 3, "Plans": [{"Node Type": "Aggregate", "Strategy": "Sorted", "Partial Mode": "Partial", "Parent Relationship": "Outer", "Parallel Aware": false, "Startup Cost": 3399016.84, "Total Cost": 3418205.26, "Plan Rows": 852819, "Plan Width": 71, "Group Key": ["customer.c_custkey", "orders.o_orderkey"], "Plans": [{"Node Type": "Sort", "Parent Relationship": "Outer", "Parallel Aware": false, "Startup Cost": 3399016.84, "Total Cost": 3401148.88, "Plan Rows": 852819, "Plan Width": 44, "Sort Key": ["customer.c_custkey", "orders.o_orderkey"], "Plans": [{"Node Type": "Nested Loop", "Parent Relationship": "Outer", "Parallel Aware": false, "Join Type": "Inner", "Startup Cost": 2936529.45, "Total Cost": 3299639.35, "Plan Rows": 852819, "Plan Width": 44, "Inner Unique": false, "Plans": [{"Node Type": "Hash Join", "Parent Relationship": "Outer", "Parallel Aware": true, "Join Type": "Inner", "Startup Cost": 2936528.89, "Total Cost": 2979696.99, "Plan Rows": 213244, "Plan Width": 43, "Inner Unique": false, "Hash Cond": "(customer.c_custkey = orders.o_custkey)", "Plans": [{"Node Type": "Seq Scan", "Parent Relationship": "Outer", "Parallel Aware": true, "Relation Name": "customer", "Alias": "customer", "Startup Cost": 0.0, "Total Cost": 40665.71, "Plan Rows": 483871, "Plan Width": 23}, {"Node Type": "Hash", "Parent Relationship": "Inner", "Parallel Aware": true, "Startup Cost": 2933863.34, "Total Cost": 2933863.34, "Plan Rows": 213244, "Plan Width": 24, "Plans": [{"Node Type": "Hash Join", "Parent Relationship": "Outer", "Parallel Aware": false, "Join Type": "Inner", "Startup Cost": 2552580.82, "Total Cost": 2933863.34, "Plan Rows": 213244, "Plan Width": 24, "Inner Unique": true, "Hash Cond": "(orders.o_orderkey = lineitem_1.l_orderkey)", "Plans": [{"Node Type": "Seq Scan", "Parent Relationship": "Outer", "Parallel Aware": true, "Relation Name": "orders", "Alias": "orders", "Startup Cost": 0.0, "Total Cost": 309296.57, "Plan Rows": 4838457, "Plan Width": 20}, {"Node Type": "Hash", "Parent Relationship": "Inner", "Parallel Aware": false, "Startup Cost": 2541734.6, "Total Cost": 2541734.6, "Plan Rows": 661057, "Plan Width": 4, "Plans": [{"Node Type": "Aggregate", "Strategy": "Sorted", "Partial Mode": "Simple", "Parent Relationship": "Outer", "Parallel Aware": false, "Startup Cost": 0.56, "Total Cost": 2535124.03, "Plan Rows": 661057, "Plan Width": 4, "Group Key": ["lineitem_1.l_orderkey"], "Filter": "(sum(lineitem_1.l_quantity) > '314'::numeric)", "Plans": [{"Node Type": "Index Scan", "Parent Relationship": "Outer", "Parallel Aware": false, "Scan Direction": "Forward", "Index Name": "idx_lineitem_orderkey", "Relation Name": "lineitem", "Alias": "lineitem_1", "Startup Cost": 0.56, "Total Cost": 2205447.6, "Plan Rows": 59985776, "Plan Width": 9}]}]}]}]}]}, {"Node Type": "Index Scan", "Parent Relationship": "Inner", "Parallel Aware": false, "Scan Direction": "Forward", "Index Name": "idx_lineitem_orderkey", "Relation Name": "lineitem", "Alias": "lineitem", "Startup Cost": 0.56, "Total Cost": 1.2, "Plan Rows": 30, "Plan Width": 9, "Index Cond": "(l_orderkey = orders.o_orderkey)"}]}]}]}]}]}]}]}}, {"Plan": {"Node Type": "Limit", "Parallel Aware": false, "Startup Cost": 4955579.28, "Total Cost": 4955579.53, "Plan Rows": 100, "Plan Width": 71, "Plans": [{"Node Type": "Sort", "Parent Relationship": "Outer", "Parallel Aware": false, "Startup Cost": 4955579.28, "Total Cost": 4962188.63, "Plan Rows": 2643739, "Plan Width": 71, "Sort Key": ["orders.o_totalprice DESC", "orders.o_orderdate"], "Plans": [{"Node Type": "Aggregate", "Strategy": "Sorted", "Partial Mode": "Finalize", "Parent Relationship": "Outer", "Parallel Aware": false, "Startup Cost": 4476099.04, "Total Cost": 4854537.48, "Plan Rows": 2643739, "Plan Width": 71, "Group Key": ["customer.c_custkey", "orders.o_orderkey"], "Plans": [{"Node Type": "Gather Merge", "Parent Relationship": "Outer", "Parallel Aware": false, "Startup Cost": 4476099.04, "Total Cost": 4795906.17, "Plan Rows": 2558457, "Plan Width": 71, "Workers Planned": 3, "Plans": [{"Node Type": "Aggregate", "Strategy": "Sorted", "Partial Mode": "Partial", "Parent Relationship": "Outer", "Parallel Aware": false, "Startup Cost": 4475099.0, "Total Cost": 4494287.43, "Plan Rows": 852819, "Plan Width": 71, "Group Key": ["customer.c_custkey", "orders.o_orderkey"], "Plans": [{"Node Type": "Sort", "Parent Relationship": "Outer", "Parallel Aware": false, "Startup Cost": 4475099.0, "Total Cost": 4477231.05, "Plan Rows": 852819, "Plan Width": 44, "Sort Key": ["customer.c_custkey", "orders.o_orderkey"], "Plans": [{"Node Type": "Hash Join", "Parent Relationship": "Outer", "Parallel Aware": true, "Join Type": "Inner", "Startup Cost": 2982362.54, "Total Cost": 4375721.51, "Plan Rows": 852819, "Plan Width": 44, "Inner Unique": false, "Hash Cond": "(lineitem.l_orderkey = orders.o_orderkey)", "Plans": [{"Node Type": "Seq Scan", "Parent Relationship": "Outer", "Parallel Aware": true, "Relation Name": "lineitem", "Alias": "lineitem", "Startup Cost": 0.0, "Total Cost": 1318044.5, "Plan Rows": 19350250, "Plan Width": 9}, {"Node Type": "Hash", "Parent Relationship": "Inner", "Parallel Aware": true, "Startup Cost": 2979696.99, "Total Cost": 2979696.99, "Plan Rows": 213244, "Plan Width": 43, "Plans": [{"Node Type": "Hash Join", "Parent Relationship": "Outer", "Parallel Aware": true, "Join Type": "Inner", "Startup Cost": 2936528.89, "Total Cost": 2979696.99, "Plan Rows": 213244, "Plan Width": 43, "Inner Unique": false, "Hash Cond": "(customer.c_custkey = orders.o_custkey)", "Plans": [{"Node Type": "Seq Scan", "Parent Relationship": "Outer", "Parallel Aware": true, "Relation Name": "customer", "Alias": "customer", "Startup Cost": 0.0, "Total Cost": 40665.71, "Plan Rows": 483871, "Plan Width": 23}, {"Node Type": "Hash", "Parent Relationship": "Inner", "Parallel Aware": true, "Startup Cost": 2933863.34, "Total Cost": 2933863.34, "Plan Rows": 213244, "Plan Width": 24, "Plans": [{"Node Type": "Hash Join", "Parent Relationship": "Outer", "Parallel Aware": false, "Join Type": "Inner", "Startup Cost": 2552580.82, "Total Cost": 2933863.34, "Plan Rows": 213244, "Plan Width": 24, "Inner Unique": true, "Hash Cond": "(orders.o_orderkey = lineitem_1.l_orderkey)", "Plans": [{"Node Type": "Seq Scan", "Parent Relationship": "Outer", "Parallel Aware": true, "Relation Name": "orders", "Alias": "orders", "Startup Cost": 0.0, "Total Cost": 309296.57, "Plan Rows": 4838457, "Plan Width": 20}, {"Node Type": "Hash", "Parent Relationship": "Inner", "Parallel Aware": false, "Startup Cost": 2541734.6, "Total Cost": 2541734.6, "Plan Rows": 661057, "Plan Width": 4, "Plans": [{"Node Type": "Aggregate", "Strategy": "Sorted", "Partial Mode": "Simple", "Parent Relationship": "Outer", "Parallel Aware": false, "Startup Cost": 0.56, "Total Cost": 2535124.03, "Plan Rows": 661057, "Plan Width": 4, "Group Key": ["lineitem_1.l_orderkey"], "Filter": "(sum(lineitem_1.l_quantity) > '314'::numeric)", "Plans": [{"Node Type": "Index Scan", "Parent Relationship": "Outer", "Parallel Aware": false, "Scan Direction": "Forward", "Index Name": "idx_lineitem_orderkey", "Relation Name": "lineitem", "Alias": "lineitem_1", "Startup Cost": 0.56, "Total Cost": 2205447.6, "Plan Rows": 59985776, "Plan Width": 9}]}]}]}]}]}]}]}]}]}]}]}]}]}}, {"Plan": {"Node Type": "Limit", "Parallel Aware": false, "Startup Cost": 7745197.83, "Total Cost": 7745198.08, "Plan Rows": 100, "Plan Width": 71, "Plans": [{"Node Type": "Sort", "Parent Relationship": "Outer", "Parallel Aware": false, "Startup Cost": 7745197.83, "Total Cost": 7751807.18, "Plan Rows": 2643739, "Plan Width": 71, "Sort Key": ["orders.o_totalprice DESC", "orders.o_orderdate"], "Plans": [{"Node Type": "Aggregate", "Strategy": "Sorted", "Partial Mode": "Simple", "Parent Relationship": "Outer", "Parallel Aware": false, "Startup Cost": 7584671.9, "Total Cost": 7644156.03, "Plan Rows": 2643739, "Plan Width": 71, "Group Key": ["customer.c_custkey", "orders.o_orderkey"], "Plans": [{"Node Type": "Sort", "Parent Relationship": "Outer", "Parallel Aware": false, "Startup Cost": 7584671.9, "Total Cost": 7591281.25, "Plan Rows": 2643739, "Plan Width": 44, "Sort Key": ["customer.c_custkey", "orders.o_orderkey"], "Plans": [{"Node Type": "Nested Loop", "Parent Relationship": "Outer", "Parallel Aware": false, "Join Type": "Inner", "Startup Cost": 4893860.28, "Total Cost": 7255028.5, "Plan Rows": 2643739, "Plan Width": 44, "Inner Unique": false, "Plans": [{"Node Type": "Hash Join", "Parent Relationship": "Outer", "Parallel Aware": false, "Join Type": "Inner", "Startup Cost": 4893859.46, "Total Cost": 5540766.86, "Plan Rows": 661057, "Plan Width": 43, "Inner Unique": true, "Hash Cond": "(orders.o_custkey = customer.c_custkey)", "Plans": [{"Node Type": "Hash Join", "Parent Relationship": "Outer", "Parallel Aware": false, "Join Type": "Inner", "Startup Cost": 4815492.46, "Total Cost": 5444126.59, "Plan Rows": 661057, "Plan Width": 24, "Inner Unique": true, "Hash Cond": "(orders.o_orderkey = lineitem_1.l_orderkey)", "Plans": [{"Node Type": "Seq Scan", "Parent Relationship": "Outer", "Parallel Aware": false, "Relation Name": "orders", "Alias": "orders", "Startup Cost": 0.0, "Total Cost": 410904.17, "Plan Rows": 14999217, "Plan Width": 20}, {"Node Type": "Hash", "Parent Relationship": "Inner", "Parallel Aware": false, "Startup Cost": 4804646.25, "Total Cost": 4804646.25, "Plan Rows": 661057, "Plan Width": 4, "Plans": [{"Node Type": "Aggregate", "Strategy": "Sorted", "Partial Mode": "Finalize", "Parent Relationship": "Outer", "Parallel Aware": false, "Startup Cost": 3854682.88, "Total Cost": 4798035.68, "Plan Rows": 661057, "Plan Width": 4, "Group Key": ["lineitem_1.l_orderkey"], "Filter": "(sum(lineitem_1.l_quantity) > '314'::numeric)", "Plans": [{"Node Type": "Gather Merge", "Parent Relationship": "Outer", "Parallel Aware": false, "Startup Cost": 3854682.88, "Total Cost": 4723666.8, "Plan Rows": 5949510, "Plan Width": 36, "Workers Planned": 3, "Plans": [{"Node Type": "Aggregate", "Strategy": "Sorted", "Partial Mode": "Partial", "Parent Relationship": "Outer", "Parallel Aware": false, "Startup Cost": 3853682.84, "Total Cost": 4023599.34, "Plan Rows": 1983170, "Plan Width": 36, "Group Key": ["lineitem_1.l_orderkey"], "Plans": [{"Node Type": "Sort", "Parent Relationship": "Outer", "Parallel Aware": false, "Startup Cost": 3853682.84, "Total Cost": 3902058.46, "Plan Rows": 19350250, "Plan Width": 9, "Sort Key": ["lineitem_1.l_orderkey"], "Plans": [{"Node Type": "Seq Scan", "Parent Relationship": "Outer", "Parallel Aware": true, "Relation Name": "lineitem", "Alias": "lineitem_1", "Startup Cost": 0.0, "Total Cost": 1318044.5, "Plan Rows": 19350250, "Plan Width": 9}]}]}]}]}]}]}, {"Node Type": "Hash", "Parent Relationship": "Inner", "Parallel Aware": false, "Startup Cost": 50827.0, "Total Cost": 50827.0, "Plan Rows": 1500000, "Plan Width": 23, "Plans": [{"Node Type": "Seq Scan", "Parent Relationship": "Outer", "Parallel Aware": false, "Relation Name": "customer", "Alias": "customer", "Startup Cost": 0.0, "Total Cost": 50827.0, "Plan Rows": 1500000, "Plan Width": 23}]}]}, {"Node Type": "Bitmap Heap Scan", "Parent Relationship": "Inner", "Parallel Aware": false, "Relation Name": "lineitem", "Alias": "lineitem", "Startup Cost": 0.82, "Total Cost": 2.29, "Plan Rows": 30, "Plan Width": 9, "Recheck Cond": "(l_orderkey = orders.o_orderkey)", "Plans": [{"Node Type": "Bitmap Index Scan", "Parent Relationship": "Outer", "Parallel Aware": false, "Index Name": "lineitem_pkey", "Startup Cost": 0.0, "Total Cost": 0.81, "Plan Rows": 30, "Plan Width": 0, "Index Cond": "(l_orderkey = orders.o_orderkey)"}]}]}]}]}]}]}}, {"Plan": {"Node Type": "Limit", "Parallel Aware": false, "Startup Cost": 8612405.21, "Total Cost": 8612405.46, "Plan Rows": 100, "Plan Width": 71, "Plans": [{"Node Type": "Sort", "Parent Relationship": "Outer", "Parallel Aware": false, "Startup Cost": 8612405.21, "Total Cost": 8619014.56, "Plan Rows": 2643739, "Plan Width": 71, "Sort Key": ["orders.o_totalprice DESC", "orders.o_orderdate"], "Plans": [{"Node Type": "Aggregate", "Strategy": "Sorted", "Partial Mode": "Simple", "Parent Relationship": "Outer", "Parallel Aware": false, "Startup Cost": 8451879.28, "Total Cost": 8511363.41, "Plan Rows": 2643739, "Plan Width": 71, "Group Key": ["customer.c_custkey", "orders.o_orderkey"], "Plans": [{"Node Type": "Sort", "Parent Relationship": "Outer", "Parallel Aware": false, "Startup Cost": 8451879.28, "Total Cost": 8458488.63, "Plan Rows": 2643739, "Plan Width": 44, "Sort Key": ["customer.c_custkey", "orders.o_orderkey"], "Plans": [{"Node Type": "Hash Join", "Parent Relationship": "Outer", "Parallel Aware": false, "Join Type": "Inner", "Startup Cost": 5554841.07, "Total Cost": 8122235.88, "Plan Rows": 2643739, "Plan Width": 44, "Inner Unique": false, "Hash Cond": "(lineitem.l_orderkey = orders.o_orderkey)", "Plans": [{"Node Type": "Seq Scan", "Parent Relationship": "Outer", "Parallel Aware": false, "Relation Name": "lineitem", "Alias": "lineitem", "Startup Cost": 0.0, "Total Cost": 1724399.76, "Plan Rows": 59985776, "Plan Width": 9}, {"Node Type": "Hash", "Parent Relationship": "Inner", "Parallel Aware": false, "Startup Cost": 5540766.86, "Total Cost": 5540766.86, "Plan Rows": 661057, "Plan Width": 43, "Plans": [{"Node Type": "Hash Join", "Parent Relationship": "Outer", "Parallel Aware": false, "Join Type": "Inner", "Startup Cost": 4893859.46, "Total Cost": 5540766.86, "Plan Rows": 661057, "Plan Width": 43, "Inner Unique": true, "Hash Cond": "(orders.o_custkey = customer.c_custkey)", "Plans": [{"Node Type": "Hash Join", "Parent Relationship": "Outer", "Parallel Aware": false, "Join Type": "Inner", "Startup Cost": 4815492.46, "Total Cost": 5444126.59, "Plan Rows": 661057, "Plan Width": 24, "Inner Unique": true, "Hash Cond": "(orders.o_orderkey = lineitem_1.l_orderkey)", "Plans": [{"Node Type": "Seq Scan", "Parent Relationship": "Outer", "Parallel Aware": false, "Relation Name": "orders", "Alias": "orders", "Startup Cost": 0.0, "Total Cost": 410904.17, "Plan Rows": 14999217, "Plan Width": 20}, {"Node Type": "Hash", "Parent Relationship": "Inner", "Parallel Aware": false, "Startup Cost": 4804646.25, "Total Cost": 4804646.25, "Plan Rows": 661057, "Plan Width": 4, "Plans": [{"Node Type": "Aggregate", "Strategy": "Sorted", "Partial Mode": "Finalize", "Parent Relationship": "Outer", "Parallel Aware": false, "Startup Cost": 3854682.88, "Total Cost": 4798035.68, "Plan Rows": 661057, "Plan Width": 4, "Group Key": ["lineitem_1.l_orderkey"], "Filter": "(sum(lineitem_1.l_quantity) > '314'::numeric)", "Plans": [{"Node Type": "Gather Merge", "Parent Relationship": "Outer", "Parallel Aware": false, "Startup Cost": 3854682.88, "Total Cost": 4723666.8, "Plan Rows": 5949510, "Plan Width": 36, "Workers Planned": 3, "Plans": [{"Node Type": "Aggregate", "Strategy": "Sorted", "Partial Mode": "Partial", "Parent Relationship": "Outer", "Parallel Aware": false, "Startup Cost": 3853682.84, "Total Cost": 4023599.34, "Plan Rows": 1983170, "Plan Width": 36, "Group Key": ["lineitem_1.l_orderkey"], "Plans": [{"Node Type": "Sort", "Parent Relationship": "Outer", "Parallel Aware": false, "Startup Cost": 3853682.84, "Total Cost": 3902058.46, "Plan Rows": 19350250, "Plan Width": 9, "Sort Key": ["lineitem_1.l_orderkey"], "Plans": [{"Node Type": "Seq Scan", "Parent Relationship": "Outer", "Parallel Aware": true, "Relation Name": "lineitem", "Alias": "lineitem_1", "Startup Cost": 0.0, "Total Cost": 1318044.5, "Plan Rows": 19350250, "Plan Width": 9}]}]}]}]}]}]}, {"Node Type": "Hash", "Parent Relationship": "Inner", "Parallel Aware": false, "Startup Cost": 50827.0, "Total Cost": 50827.0, "Plan Rows": 1500000, "Plan Width": 23, "Plans": [{"Node Type": "Seq Scan", "Parent Relationship": "Outer", "Parallel Aware": false, "Relation Name": "customer", "Alias": "customer", "Startup Cost": 0.0, "Total Cost": 50827.0, "Plan Rows": 1500000, "Plan Width": 23}]}]}]}]}]}]}]}]}}, {"Plan": {"Node Type": "Limit", "Parallel Aware": false, "Startup Cost": 7745197.83, "Total Cost": 7745198.08, "Plan Rows": 100, "Plan Width": 71, "Plans": [{"Node Type": "Sort", "Parent Relationship": "Outer", "Parallel Aware": false, "Startup Cost": 7745197.83, "Total Cost": 7751807.18, "Plan Rows": 2643739, "Plan Width": 71, "Sort Key": ["orders.o_totalprice DESC", "orders.o_orderdate"], "Plans": [{"Node Type": "Aggregate", "Strategy": "Sorted", "Partial Mode": "Simple", "Parent Relationship": "Outer", "Parallel Aware": false, "Startup Cost": 7584671.9, "Total Cost": 7644156.03, "Plan Rows": 2643739, "Plan Width": 71, "Group Key": ["customer.c_custkey", "orders.o_orderkey"], "Plans": [{"Node Type": "Sort", "Parent Relationship": "Outer", "Parallel Aware": false, "Startup Cost": 7584671.9, "Total Cost": 7591281.25, "Plan Rows": 2643739, "Plan Width": 44, "Sort Key": ["customer.c_custkey", "orders.o_orderkey"], "Plans": [{"Node Type": "Nested Loop", "Parent Relationship": "Outer", "Parallel Aware": false, "Join Type": "Inner", "Startup Cost": 4893860.28, "Total Cost": 7255028.5, "Plan Rows": 2643739, "Plan Width": 44, "Inner Unique": false, "Plans": [{"Node Type": "Hash Join", "Parent Relationship": "Outer", "Parallel Aware": false, "Join Type": "Inner", "Startup Cost": 4893859.46, "Total Cost": 5540766.86, "Plan Rows": 661057, "Plan Width": 43, "Inner Unique": true, "Hash Cond": "(orders.o_custkey = customer.c_custkey)", "Plans": [{"Node Type": "Hash Join", "Parent Relationship": "Outer", "Parallel Aware": false, "Join Type": "Inner", "Startup Cost": 4815492.46, "Total Cost": 5444126.59, "Plan Rows": 661057, "Plan Width": 24, "Inner Unique": true, "Hash Cond": "(orders.o_orderkey = lineitem_1.l_orderkey)", "Plans": [{"Node Type": "Seq Scan", "Parent Relationship": "Outer", "Parallel Aware": false, "Relation Name": "orders", "Alias": "orders", "Startup Cost": 0.0, "Total Cost": 410904.17, "Plan Rows": 14999217, "Plan Width": 20}, {"Node Type": "Hash", "Parent Relationship": "Inner", "Parallel Aware": false, "Startup Cost": 4804646.25, "Total Cost": 4804646.25, "Plan Rows": 661057, "Plan Width": 4, "Plans": [{"Node Type": "Aggregate", "Strategy": "Sorted", "Partial Mode": "Finalize", "Parent Relationship": "Outer", "Parallel Aware": false, "Startup Cost": 3854682.88, "Total Cost": 4798035.68, "Plan Rows": 661057, "Plan Width": 4, "Group Key": ["lineitem_1.l_orderkey"], "Filter": "(sum(lineitem_1.l_quantity) > '314'::numeric)", "Plans": [{"Node Type": "Gather Merge", "Parent Relationship": "Outer", "Parallel Aware": false, "Startup Cost": 3854682.88, "Total Cost": 4723666.8, "Plan Rows": 5949510, "Plan Width": 36, "Workers Planned": 3, "Plans": [{"Node Type": "Aggregate", "Strategy": "Sorted", "Partial Mode": "Partial", "Parent Relationship": "Outer", "Parallel Aware": false, "Startup Cost": 3853682.84, "Total Cost": 4023599.34, "Plan Rows": 1983170, "Plan Width": 36, "Group Key": ["lineitem_1.l_orderkey"], "Plans": [{"Node Type": "Sort", "Parent Relationship": "Outer", "Parallel Aware": false, "Startup Cost": 3853682.84, "Total Cost": 3902058.46, "Plan Rows": 19350250, "Plan Width": 9, "Sort Key": ["lineitem_1.l_orderkey"], "Plans": [{"Node Type": "Seq Scan", "Parent Relationship": "Outer", "Parallel Aware": true, "Relation Name": "lineitem", "Alias": "lineitem_1", "Startup Cost": 0.0, "Total Cost": 1318044.5, "Plan Rows": 19350250, "Plan Width": 9}]}]}]}]}]}]}, {"Node Type": "Hash", "Parent Relationship": "Inner", "Parallel Aware": false, "Startup Cost": 50827.0, "Total Cost": 50827.0, "Plan Rows": 1500000, "Plan Width": 23, "Plans": [{"Node Type": "Seq Scan", "Parent Relationship": "Outer", "Parallel Aware": false, "Relation Name": "customer", "Alias": "customer", "Startup Cost": 0.0, "Total Cost": 50827.0, "Plan Rows": 1500000, "Plan Width": 23}]}]}, {"Node Type": "Bitmap Heap Scan", "Parent Relationship": "Inner", "Parallel Aware": false, "Relation Name": "lineitem", "Alias": "lineitem", "Startup Cost": 0.82, "Total Cost": 2.29, "Plan Rows": 30, "Plan Width": 9, "Recheck Cond": "(l_orderkey = orders.o_orderkey)", "Plans": [{"Node Type": "Bitmap Index Scan", "Parent Relationship": "Outer", "Parallel Aware": false, "Index Name": "lineitem_pkey", "Startup Cost": 0.0, "Total Cost": 0.81, "Plan Rows": 30, "Plan Width": 0, "Index Cond": "(l_orderkey = orders.o_orderkey)"}]}]}]}]}]}]}}, {"Plan": {"Node Type": "Limit", "Parallel Aware": false, "Startup Cost": 8612405.21, "Total Cost": 8612405.46, "Plan Rows": 100, "Plan Width": 71, "Plans": [{"Node Type": "Sort", "Parent Relationship": "Outer", "Parallel Aware": false, "Startup Cost": 8612405.21, "Total Cost": 8619014.56, "Plan Rows": 2643739, "Plan Width": 71, "Sort Key": ["orders.o_totalprice DESC", "orders.o_orderdate"], "Plans": [{"Node Type": "Aggregate", "Strategy": "Sorted", "Partial Mode": "Simple", "Parent Relationship": "Outer", "Parallel Aware": false, "Startup Cost": 8451879.28, "Total Cost": 8511363.41, "Plan Rows": 2643739, "Plan Width": 71, "Group Key": ["customer.c_custkey", "orders.o_orderkey"], "Plans": [{"Node Type": "Sort", "Parent Relationship": "Outer", "Parallel Aware": false, "Startup Cost": 8451879.28, "Total Cost": 8458488.63, "Plan Rows": 2643739, "Plan Width": 44, "Sort Key": ["customer.c_custkey", "orders.o_orderkey"], "Plans": [{"Node Type": "Hash Join", "Parent Relationship": "Outer", "Parallel Aware": false, "Join Type": "Inner", "Startup Cost": 5554841.07, "Total Cost": 8122235.88, "Plan Rows": 2643739, "Plan Width": 44, "Inner Unique": false, "Hash Cond": "(lineitem.l_orderkey = orders.o_orderkey)", "Plans": [{"Node Type": "Seq Scan", "Parent Relationship": "Outer", "Parallel Aware": false, "Relation Name": "lineitem", "Alias": "lineitem", "Startup Cost": 0.0, "Total Cost": 1724399.76, "Plan Rows": 59985776, "Plan Width": 9}, {"Node Type": "Hash", "Parent Relationship": "Inner", "Parallel Aware": false, "Startup Cost": 5540766.86, "Total Cost": 5540766.86, "Plan Rows": 661057, "Plan Width": 43, "Plans": [{"Node Type": "Hash Join", "Parent Relationship": "Outer", "Parallel Aware": false, "Join Type": "Inner", "Startup Cost": 4893859.46, "Total Cost": 5540766.86, "Plan Rows": 661057, "Plan Width": 43, "Inner Unique": true, "Hash Cond": "(orders.o_custkey = customer.c_custkey)", "Plans": [{"Node Type": "Hash Join", "Parent Relationship": "Outer", "Parallel Aware": false, "Join Type": "Inner", "Startup Cost": 4815492.46, "Total Cost": 5444126.59, "Plan Rows": 661057, "Plan Width": 24, "Inner Unique": true, "Hash Cond": "(orders.o_orderkey = lineitem_1.l_orderkey)", "Plans": [{"Node Type": "Seq Scan", "Parent Relationship": "Outer", "Parallel Aware": false, "Relation Name": "orders", "Alias": "orders", "Startup Cost": 0.0, "Total Cost": 410904.17, "Plan Rows": 14999217, "Plan Width": 20}, {"Node Type": "Hash", "Parent Relationship": "Inner", "Parallel Aware": false, "Startup Cost": 4804646.25, "Total Cost": 4804646.25, "Plan Rows": 661057, "Plan Width": 4, "Plans": [{"Node Type": "Aggregate", "Strategy": "Sorted", "Partial Mode": "Finalize", "Parent Relationship": "Outer", "Parallel Aware": false, "Startup Cost": 3854682.88, "Total Cost": 4798035.68, "Plan Rows": 661057, "Plan Width": 4, "Group Key": ["lineitem_1.l_orderkey"], "Filter": "(sum(lineitem_1.l_quantity) > '314'::numeric)", "Plans": [{"Node Type": "Gather Merge", "Parent Relationship": "Outer", "Parallel Aware": false, "Startup Cost": 3854682.88, "Total Cost": 4723666.8, "Plan Rows": 5949510, "Plan Width": 36, "Workers Planned": 3, "Plans": [{"Node Type": "Aggregate", "Strategy": "Sorted", "Partial Mode": "Partial", "Parent Relationship": "Outer", "Parallel Aware": false, "Startup Cost": 3853682.84, "Total Cost": 4023599.34, "Plan Rows": 1983170, "Plan Width": 36, "Group Key": ["lineitem_1.l_orderkey"], "Plans": [{"Node Type": "Sort", "Parent Relationship": "Outer", "Parallel Aware": false, "Startup Cost": 3853682.84, "Total Cost": 3902058.46, "Plan Rows": 19350250, "Plan Width": 9, "Sort Key": ["lineitem_1.l_orderkey"], "Plans": [{"Node Type": "Seq Scan", "Parent Relationship": "Outer", "Parallel Aware": true, "Relation Name": "lineitem", "Alias": "lineitem_1", "Startup Cost": 0.0, "Total Cost": 1318044.5, "Plan Rows": 19350250, "Plan Width": 9}]}]}]}]}]}]}, {"Node Type": "Hash", "Parent Relationship": "Inner", "Parallel Aware": false, "Startup Cost": 50827.0, "Total Cost": 50827.0, "Plan Rows": 1500000, "Plan Width": 23, "Plans": [{"Node Type": "Seq Scan", "Parent Relationship": "Outer", "Parallel Aware": false, "Relation Name": "customer", "Alias": "customer", "Startup Cost": 0.0, "Total Cost": 50827.0, "Plan Rows": 1500000, "Plan Width": 23}]}]}]}]}]}]}]}]}}, {"Plan": {"Node Type": "Limit", "Parallel Aware": false, "Startup Cost": 5734112.99, "Total Cost": 5734113.24, "Plan Rows": 100, "Plan Width": 71, "Plans": [{"Node Type": "Sort", "Parent Relationship": "Outer", "Parallel Aware": false, "Startup Cost": 5734112.99, "Total Cost": 5740722.33, "Plan Rows": 2643739, "Plan Width": 71, "Sort Key": ["orders.o_totalprice DESC", "orders.o_orderdate"], "Plans": [{"Node Type": "Aggregate", "Strategy": "Sorted", "Partial Mode": "Finalize", "Parent Relationship": "Outer", "Parallel Aware": false, "Startup Cost": 5254632.75, "Total Cost": 5633071.18, "Plan Rows": 2643739, "Plan Width": 71, "Group Key": ["customer.c_custkey", "orders.o_orderkey"], "Plans": [{"Node Type": "Gather Merge", "Parent Relationship": "Outer", "Parallel Aware": false, "Startup Cost": 5254632.75, "Total Cost": 5574439.87, "Plan Rows": 2558457, "Plan Width": 71, "Workers Planned": 3, "Plans": [{"Node Type": "Aggregate", "Strategy": "Sorted", "Partial Mode": "Partial", "Parent Relationship": "Outer", "Parallel Aware": false, "Startup Cost": 5253632.71, "Total Cost": 5272821.14, "Plan Rows": 852819, "Plan Width": 71, "Group Key": ["customer.c_custkey", "orders.o_orderkey"], "Plans": [{"Node Type": "Sort", "Parent Relationship": "Outer", "Parallel Aware": false, "Startup Cost": 5253632.71, "Total Cost": 5255764.76, "Plan Rows": 852819, "Plan Width": 44, "Sort Key": ["customer.c_custkey", "orders.o_orderkey"], "Plans": [{"Node Type": "Merge Join", "Parent Relationship": "Outer", "Parallel Aware": false, "Join Type": "Inner", "Startup Cost": 5074858.93, "Total Cost": 5154255.22, "Plan Rows": 852819, "Plan Width": 44, "Inner Unique": true, "Merge Cond": "(orders.o_custkey = customer.c_custkey)", "Plans": [{"Node Type": "Sort", "Parent Relationship": "Outer", "Parallel Aware": false, "Startup Cost": 5074858.47, "Total Cost": 5076990.52, "Plan Rows": 852819, "Plan Width": 25, "Sort Key": ["orders.o_custkey"], "Plans": [{"Node Type": "Merge Join", "Parent Relationship": "Outer", "Parallel Aware": false, "Join Type": "Inner", "Startup Cost": 46.92, "Total Cost": 4978896.29, "Plan Rows": 852819, "Plan Width": 25, "Inner Unique": false, "Merge Cond": "(lineitem.l_orderkey = orders.o_orderkey)", "Plans": [{"Node Type": "Index Scan", "Parent Relationship": "Outer", "Parallel Aware": true, "Scan Direction": "Forward", "Index Name": "idx_lineitem_orderkey", "Relation Name": "lineitem", "Alias": "lineitem", "Startup Cost": 0.56, "Total Cost": 1799092.35, "Plan Rows": 19350250, "Plan Width": 9}, {"Node Type": "Materialize", "Parent Relationship": "Inner", "Parallel Aware": false, "Startup Cost": 1.0, "Total Cost": 3120293.39, "Plan Rows": 661057, "Plan Width": 24, "Plans": [{"Node Type": "Merge Join", "Parent Relationship": "Outer", "Parallel Aware": false, "Join Type": "Inner", "Startup Cost": 1.0, "Total Cost": 3118640.75, "Plan Rows": 661057, "Plan Width": 24, "Inner Unique": true, "Merge Cond": "(orders.o_orderkey = lineitem_1.l_orderkey)", "Plans": [{"Node Type": "Index Scan", "Parent Relationship": "Outer", "Parallel Aware": false, "Scan Direction": "Forward", "Index Name": "orders_pkey", "Relation Name": "orders", "Alias": "orders", "Startup Cost": 0.43, "Total Cost": 531144.89, "Plan Rows": 14999217, "Plan Width": 20}, {"Node Type": "Aggregate", "Strategy": "Sorted", "Partial Mode": "Simple", "Parent Relationship": "Inner", "Parallel Aware": false, "Startup Cost": 0.56, "Total Cost": 2535124.03, "Plan Rows": 661057, "Plan Width": 4, "Group Key": ["lineitem_1.l_orderkey"], "Filter": "(sum(lineitem_1.l_quantity) > '314'::numeric)", "Plans": [{"Node Type": "Index Scan", "Parent Relationship": "Outer", "Parallel Aware": false, "Scan Direction": "Forward", "Index Name": "idx_lineitem_orderkey", "Relation Name": "lineitem", "Alias": "lineitem_1", "Startup Cost": 0.56, "Total Cost": 2205447.6, "Plan Rows": 59985776, "Plan Width": 9}]}]}]}]}]}, {"Node Type": "Index Scan", "Parent Relationship": "Inner", "Parallel Aware": false, "Scan Direction": "Forward", "Index Name": "customer_pkey", "Relation Name": "customer", "Alias": "customer", "Startup Cost": 0.43, "Total Cost": 62855.13, "Plan Rows": 1500000, "Plan Width": 23}]}]}]}]}]}]}]}}, {"Plan": {"Node Type": "Limit", "Parallel Aware": false, "Startup Cost": 3982471.48, "Total Cost": 3982471.73, "Plan Rows": 100, "Plan Width": 71, "Plans": [{"Node Type": "Sort", "Parent Relationship": "Outer", "Parallel Aware": false, "Startup Cost": 3982471.48, "Total Cost": 3989080.82, "Plan Rows": 2643739, "Plan Width": 71, "Sort Key": ["orders.o_totalprice DESC", "orders.o_orderdate"], "Plans": [{"Node Type": "Aggregate", "Strategy": "Sorted", "Partial Mode": "Finalize", "Parent Relationship": "Outer", "Parallel Aware": false, "Startup Cost": 3502991.24, "Total Cost": 3881429.67, "Plan Rows": 2643739, "Plan Width": 71, "Group Key": ["customer.c_custkey", "orders.o_orderkey"], "Plans": [{"Node Type": "Gather Merge", "Parent Relationship": "Outer", "Parallel Aware": false, "Startup Cost": 3502991.24, "Total Cost": 3822798.36, "Plan Rows": 2558457, "Plan Width": 71, "Workers Planned": 3, "Plans": [{"Node Type": "Aggregate", "Strategy": "Sorted", "Partial Mode": "Partial", "Parent Relationship": "Outer", "Parallel Aware": false, "Startup Cost": 3501991.2, "Total Cost": 3521179.63, "Plan Rows": 852819, "Plan Width": 71, "Group Key": ["customer.c_custkey", "orders.o_orderkey"], "Plans": [{"Node Type": "Sort", "Parent Relationship": "Outer", "Parallel Aware": false, "Startup Cost": 3501991.2, "Total Cost": 3504123.25, "Plan Rows": 852819, "Plan Width": 44, "Sort Key": ["customer.c_custkey", "orders.o_orderkey"], "Plans": [{"Node Type": "Nested Loop", "Parent Relationship": "Outer", "Parallel Aware": false, "Join Type": "Inner", "Startup Cost": 1.99, "Total Cost": 3402613.71, "Plan Rows": 852819, "Plan Width": 44, "Inner Unique": false, "Plans": [{"Node Type": "Nested Loop", "Parent Relationship": "Outer", "Parallel Aware": false, "Join Type": "Inner", "Startup Cost": 1.43, "Total Cost": 3082671.36, "Plan Rows": 213244, "Plan Width": 43, "Inner Unique": true, "Plans": [{"Node Type": "Merge Join", "Parent Relationship": "Outer", "Parallel Aware": false, "Join Type": "Inner", "Startup Cost": 1.0, "Total Cost": 2987153.12, "Plan Rows": 213244, "Plan Width": 24, "Inner Unique": true, "Merge Cond": "(orders.o_orderkey = lineitem_1.l_orderkey)", "Plans": [{"Node Type": "Index Scan", "Parent Relationship": "Outer", "Parallel Aware": true, "Scan Direction": "Forward", "Index Name": "orders_pkey", "Relation Name": "orders", "Alias": "orders", "Startup Cost": 0.43, "Total Cost": 429537.29, "Plan Rows": 4838457, "Plan Width": 20}, {"Node Type": "Aggregate", "Strategy": "Sorted", "Partial Mode": "Simple", "Parent Relationship": "Inner", "Parallel Aware": false, "Startup Cost": 0.56, "Total Cost": 2535124.03, "Plan Rows": 661057, "Plan Width": 4, "Group Key": ["lineitem_1.l_orderkey"], "Filter": "(sum(lineitem_1.l_quantity) > '314'::numeric)", "Plans": [{"Node Type": "Index Scan", "Parent Relationship": "Outer", "Parallel Aware": false, "Scan Direction": "Forward", "Index Name": "idx_lineitem_orderkey", "Relation Name": "lineitem", "Alias": "lineitem_1", "Startup Cost": 0.56, "Total Cost": 2205447.6, "Plan Rows": 59985776, "Plan Width": 9}]}]}, {"Node Type": "Index Scan", "Parent Relationship": "Inner", "Parallel Aware": false, "Scan Direction": "Forward", "Index Name": "customer_pkey", "Relation Name": "customer", "Alias": "customer", "Startup Cost": 0.43, "Total Cost": 0.45, "Plan Rows": 1, "Plan Width": 23, "Index Cond": "(c_custkey = orders.o_custkey)"}]}, {"Node Type": "Index Scan", "Parent Relationship": "Inner", "Parallel Aware": false, "Scan Direction": "Forward", "Index Name": "idx_lineitem_orderkey", "Relation Name": "lineitem", "Alias": "lineitem", "Startup Cost": 0.56, "Total Cost": 1.2, "Plan Rows": 30, "Plan Width": 9, "Index Cond": "(l_orderkey = orders.o_orderkey)"}]}]}]}]}]}]}]}}, {"Plan": {"Node Type": "Limit", "Parallel Aware": false, "Startup Cost": 3982471.48, "Total Cost": 3982471.73, "Plan Rows": 100, "Plan Width": 71, "Plans": [{"Node Type": "Sort", "Parent Relationship": "Outer", "Parallel Aware": false, "Startup Cost": 3982471.48, "Total Cost": 3989080.82, "Plan Rows": 2643739, "Plan Width": 71, "Sort Key": ["orders.o_totalprice DESC", "orders.o_orderdate"], "Plans": [{"Node Type": "Aggregate", "Strategy": "Sorted", "Partial Mode": "Finalize", "Parent Relationship": "Outer", "Parallel Aware": false, "Startup Cost": 3502991.24, "Total Cost": 3881429.67, "Plan Rows": 2643739, "Plan Width": 71, "Group Key": ["customer.c_custkey", "orders.o_orderkey"], "Plans": [{"Node Type": "Gather Merge", "Parent Relationship": "Outer", "Parallel Aware": false, "Startup Cost": 3502991.24, "Total Cost": 3822798.36, "Plan Rows": 2558457, "Plan Width": 71, "Workers Planned": 3, "Plans": [{"Node Type": "Aggregate", "Strategy": "Sorted", "Partial Mode": "Partial", "Parent Relationship": "Outer", "Parallel Aware": false, "Startup Cost": 3501991.2, "Total Cost": 3521179.63, "Plan Rows": 852819, "Plan Width": 71, "Group Key": ["customer.c_custkey", "orders.o_orderkey"], "Plans": [{"Node Type": "Sort", "Parent Relationship": "Outer", "Parallel Aware": false, "Startup Cost": 3501991.2, "Total Cost": 3504123.25, "Plan Rows": 852819, "Plan Width": 44, "Sort Key": ["customer.c_custkey", "orders.o_orderkey"], "Plans": [{"Node Type": "Nested Loop", "Parent Relationship": "Outer", "Parallel Aware": false, "Join Type": "Inner", "Startup Cost": 1.99, "Total Cost": 3402613.71, "Plan Rows": 852819, "Plan Width": 44, "Inner Unique": false, "Plans": [{"Node Type": "Nested Loop", "Parent Relationship": "Outer", "Parallel Aware": false, "Join Type": "Inner", "Startup Cost": 1.43, "Total Cost": 3082671.36, "Plan Rows": 213244, "Plan Width": 43, "Inner Unique": true, "Plans": [{"Node Type": "Merge Join", "Parent Relationship": "Outer", "Parallel Aware": false, "Join Type": "Inner", "Startup Cost": 1.0, "Total Cost": 2987153.12, "Plan Rows": 213244, "Plan Width": 24, "Inner Unique": true, "Merge Cond": "(orders.o_orderkey = lineitem_1.l_orderkey)", "Plans": [{"Node Type": "Index Scan", "Parent Relationship": "Outer", "Parallel Aware": true, "Scan Direction": "Forward", "Index Name": "orders_pkey", "Relation Name": "orders", "Alias": "orders", "Startup Cost": 0.43, "Total Cost": 429537.29, "Plan Rows": 4838457, "Plan Width": 20}, {"Node Type": "Aggregate", "Strategy": "Sorted", "Partial Mode": "Simple", "Parent Relationship": "Inner", "Parallel Aware": false, "Startup Cost": 0.56, "Total Cost": 2535124.03, "Plan Rows": 661057, "Plan Width": 4, "Group Key": ["lineitem_1.l_orderkey"], "Filter": "(sum(lineitem_1.l_quantity) > '314'::numeric)", "Plans": [{"Node Type": "Index Scan", "Parent Relationship": "Outer", "Parallel Aware": false, "Scan Direction": "Forward", "Index Name": "idx_lineitem_orderkey", "Relation Name": "lineitem", "Alias": "lineitem_1", "Startup Cost": 0.56, "Total Cost": 2205447.6, "Plan Rows": 59985776, "Plan Width": 9}]}]}, {"Node Type": "Index Scan", "Parent Relationship": "Inner", "Parallel Aware": false, "Scan Direction": "Forward", "Index Name": "customer_pkey", "Relation Name": "customer", "Alias": "customer", "Startup Cost": 0.43, "Total Cost": 0.45, "Plan Rows": 1, "Plan Width": 23, "Index Cond": "(c_custkey = orders.o_custkey)"}]}, {"Node Type": "Index Scan", "Parent Relationship": "Inner", "Parallel Aware": false, "Scan Direction": "Forward", "Index Name": "idx_lineitem_orderkey", "Relation Name": "lineitem", "Alias": "lineitem", "Startup Cost": 0.56, "Total Cost": 1.2, "Plan Rows": 30, "Plan Width": 9, "Index Cond": "(l_orderkey = orders.o_orderkey)"}]}]}]}]}]}]}]}}, {"Plan": {"Node Type": "Limit", "Parallel Aware": false, "Startup Cost": 5897728.93, "Total Cost": 5897729.18, "Plan Rows": 100, "Plan Width": 71, "Plans": [{"Node Type": "Sort", "Parent Relationship": "Outer", "Parallel Aware": false, "Startup Cost": 5897728.93, "Total Cost": 5904338.28, "Plan Rows": 2643739, "Plan Width": 71, "Sort Key": ["orders.o_totalprice DESC", "orders.o_orderdate"], "Plans": [{"Node Type": "Aggregate", "Strategy": "Sorted", "Partial Mode": "Finalize", "Parent Relationship": "Outer", "Parallel Aware": false, "Startup Cost": 5418248.7, "Total Cost": 5796687.13, "Plan Rows": 2643739, "Plan Width": 71, "Group Key": ["customer.c_custkey", "orders.o_orderkey"], "Plans": [{"Node Type": "Gather Merge", "Parent Relationship": "Outer", "Parallel Aware": false, "Startup Cost": 5418248.7, "Total Cost": 5738055.82, "Plan Rows": 2558457, "Plan Width": 71, "Workers Planned": 3, "Plans": [{"Node Type": "Aggregate", "Strategy": "Sorted", "Partial Mode": "Partial", "Parent Relationship": "Outer", "Parallel Aware": false, "Startup Cost": 5417248.66, "Total Cost": 5436437.08, "Plan Rows": 852819, "Plan Width": 71, "Group Key": ["customer.c_custkey", "orders.o_orderkey"], "Plans": [{"Node Type": "Sort", "Parent Relationship": "Outer", "Parallel Aware": false, "Startup Cost": 5417248.66, "Total Cost": 5419380.7, "Plan Rows": 852819, "Plan Width": 44, "Sort Key": ["customer.c_custkey", "orders.o_orderkey"], "Plans": [{"Node Type": "Merge Join", "Parent Relationship": "Outer", "Parallel Aware": false, "Join Type": "Inner", "Startup Cost": 5297578.98, "Total Cost": 5317871.17, "Plan Rows": 852819, "Plan Width": 44, "Inner Unique": true, "Merge Cond": "(orders.o_custkey = customer.c_custkey)", "Plans": [{"Node Type": "Sort", "Parent Relationship": "Outer", "Parallel Aware": false, "Startup Cost": 5074858.47, "Total Cost": 5076990.52, "Plan Rows": 852819, "Plan Width": 25, "Sort Key": ["orders.o_custkey"], "Plans": [{"Node Type": "Merge Join", "Parent Relationship": "Outer", "Parallel Aware": false, "Join Type": "Inner", "Startup Cost": 46.92, "Total Cost": 4978896.29, "Plan Rows": 852819, "Plan Width": 25, "Inner Unique": false, "Merge Cond": "(lineitem.l_orderkey = orders.o_orderkey)", "Plans": [{"Node Type": "Index Scan", "Parent Relationship": "Outer", "Parallel Aware": true, "Scan Direction": "Forward", "Index Name": "idx_lineitem_orderkey", "Relation Name": "lineitem", "Alias": "lineitem", "Startup Cost": 0.56, "Total Cost": 1799092.35, "Plan Rows": 19350250, "Plan Width": 9}, {"Node Type": "Materialize", "Parent Relationship": "Inner", "Parallel Aware": false, "Startup Cost": 1.0, "Total Cost": 3120293.39, "Plan Rows": 661057, "Plan Width": 24, "Plans": [{"Node Type": "Merge Join", "Parent Relationship": "Outer", "Parallel Aware": false, "Join Type": "Inner", "Startup Cost": 1.0, "Total Cost": 3118640.75, "Plan Rows": 661057, "Plan Width": 24, "Inner Unique": true, "Merge Cond": "(orders.o_orderkey = lineitem_1.l_orderkey)", "Plans": [{"Node Type": "Index Scan", "Parent Relationship": "Outer", "Parallel Aware": false, "Scan Direction": "Forward", "Index Name": "orders_pkey", "Relation Name": "orders", "Alias": "orders", "Startup Cost": 0.43, "Total Cost": 531144.89, "Plan Rows": 14999217, "Plan Width": 20}, {"Node Type": "Aggregate", "Strategy": "Sorted", "Partial Mode": "Simple", "Parent Relationship": "Inner", "Parallel Aware": false, "Startup Cost": 0.56, "Total Cost": 2535124.03, "Plan Rows": 661057, "Plan Width": 4, "Group Key": ["lineitem_1.l_orderkey"], "Filter": "(sum(lineitem_1.l_quantity) > '314'::numeric)", "Plans": [{"Node Type": "Index Scan", "Parent Relationship": "Outer", "Parallel Aware": false, "Scan Direction": "Forward", "Index Name": "idx_lineitem_orderkey", "Relation Name": "lineitem", "Alias": "lineitem_1", "Startup Cost": 0.56, "Total Cost": 2205447.6, "Plan Rows": 59985776, "Plan Width": 9}]}]}]}]}]}, {"Node Type": "Sort", "Parent Relationship": "Inner", "Parallel Aware": false, "Startup Cost": 222720.48, "Total Cost": 226470.48, "Plan Rows": 1500000, "Plan Width": 23, "Sort Key": ["customer.c_custkey"], "Plans": [{"Node Type": "Seq Scan", "Parent Relationship": "Outer", "Parallel Aware": false, "Relation Name": "customer", "Alias": "customer", "Startup Cost": 0.0, "Total Cost": 50827.0, "Plan Rows": 1500000, "Plan Width": 23}]}]}]}]}]}]}]}]}}, {"Plan": {"Node Type": "Limit", "Parallel Aware": false, "Startup Cost": 4951208.53, "Total Cost": 4951208.78, "Plan Rows": 100, "Plan Width": 71, "Plans": [{"Node Type": "Sort", "Parent Relationship": "Outer", "Parallel Aware": false, "Startup Cost": 4951208.53, "Total Cost": 4957817.87, "Plan Rows": 2643739, "Plan Width": 71, "Sort Key": ["orders.o_totalprice DESC", "orders.o_orderdate"], "Plans": [{"Node Type": "Aggregate", "Strategy": "Sorted", "Partial Mode": "Simple", "Parent Relationship": "Outer", "Parallel Aware": false, "Startup Cost": 4790682.59, "Total Cost": 4850166.72, "Plan Rows": 2643739, "Plan Width": 71, "Group Key": ["customer.c_custkey", "orders.o_orderkey"], "Plans": [{"Node Type": "Sort", "Parent Relationship": "Outer", "Parallel Aware": false, "Startup Cost": 4790682.59, "Total Cost": 4797291.94, "Plan Rows": 2643739, "Plan Width": 44, "Sort Key": ["customer.c_custkey", "orders.o_orderkey"], "Plans": [{"Node Type": "Nested Loop", "Parent Relationship": "Outer", "Parallel Aware": false, "Join Type": "Inner", "Startup Cost": 1.99, "Total Cost": 4461039.2, "Plan Rows": 2643739, "Plan Width": 44, "Inner Unique": false, "Plans": [{"Node Type": "Nested Loop", "Parent Relationship": "Outer", "Parallel Aware": false, "Join Type": "Inner", "Startup Cost": 1.43, "Total Cost": 3469217.0, "Plan Rows": 661057, "Plan Width": 43, "Inner Unique": true, "Plans": [{"Node Type": "Nested Loop", "Parent Relationship": "Outer", "Parallel Aware": false, "Join Type": "Inner", "Startup Cost": 1.0, "Total Cost": 3173110.2, "Plan Rows": 661057, "Plan Width": 24, "Inner Unique": true, "Plans": [{"Node Type": "Aggregate", "Strategy": "Sorted", "Partial Mode": "Simple", "Parent Relationship": "Outer", "Parallel Aware": false, "Startup Cost": 0.56, "Total Cost": 2535124.03, "Plan Rows": 661057, "Plan Width": 4, "Group Key": ["lineitem_1.l_orderkey"], "Filter": "(sum(lineitem_1.l_quantity) > '314'::numeric)", "Plans": [{"Node Type": "Index Scan", "Parent Relationship": "Outer", "Parallel Aware": false, "Scan Direction": "Forward", "Index Name": "idx_lineitem_orderkey", "Relation Name": "lineitem", "Alias": "lineitem_1", "Startup Cost": 0.56, "Total Cost": 2205447.6, "Plan Rows": 59985776, "Plan Width": 9}]}, {"Node Type": "Index Scan", "Parent Relationship": "Inner", "Parallel Aware": false, "Scan Direction": "Forward", "Index Name": "orders_pkey", "Relation Name": "orders", "Alias": "orders", "Startup Cost": 0.43, "Total Cost": 0.96, "Plan Rows": 1, "Plan Width": 20, "Index Cond": "(o_orderkey = lineitem_1.l_orderkey)"}]}, {"Node Type": "Index Scan", "Parent Relationship": "Inner", "Parallel Aware": false, "Scan Direction": "Forward", "Index Name": "customer_pkey", "Relation Name": "customer", "Alias": "customer", "Startup Cost": 0.43, "Total Cost": 0.45, "Plan Rows": 1, "Plan Width": 23, "Index Cond": "(c_custkey = orders.o_custkey)"}]}, {"Node Type": "Index Scan", "Parent Relationship": "Inner", "Parallel Aware": false, "Scan Direction": "Forward", "Index Name": "idx_lineitem_orderkey", "Relation Name": "lineitem", "Alias": "lineitem", "Startup Cost": 0.56, "Total Cost": 1.2, "Plan Rows": 30, "Plan Width": 9, "Index Cond": "(l_orderkey = orders.o_orderkey)"}]}]}]}]}]}}, {"Plan": {"Node Type": "Limit", "Parallel Aware": false, "Startup Cost": 4951208.53, "Total Cost": 4951208.78, "Plan Rows": 100, "Plan Width": 71, "Plans": [{"Node Type": "Sort", "Parent Relationship": "Outer", "Parallel Aware": false, "Startup Cost": 4951208.53, "Total Cost": 4957817.87, "Plan Rows": 2643739, "Plan Width": 71, "Sort Key": ["orders.o_totalprice DESC", "orders.o_orderdate"], "Plans": [{"Node Type": "Aggregate", "Strategy": "Sorted", "Partial Mode": "Simple", "Parent Relationship": "Outer", "Parallel Aware": false, "Startup Cost": 4790682.59, "Total Cost": 4850166.72, "Plan Rows": 2643739, "Plan Width": 71, "Group Key": ["customer.c_custkey", "orders.o_orderkey"], "Plans": [{"Node Type": "Sort", "Parent Relationship": "Outer", "Parallel Aware": false, "Startup Cost": 4790682.59, "Total Cost": 4797291.94, "Plan Rows": 2643739, "Plan Width": 44, "Sort Key": ["customer.c_custkey", "orders.o_orderkey"], "Plans": [{"Node Type": "Nested Loop", "Parent Relationship": "Outer", "Parallel Aware": false, "Join Type": "Inner", "Startup Cost": 1.99, "Total Cost": 4461039.2, "Plan Rows": 2643739, "Plan Width": 44, "Inner Unique": false, "Plans": [{"Node Type": "Nested Loop", "Parent Relationship": "Outer", "Parallel Aware": false, "Join Type": "Inner", "Startup Cost": 1.43, "Total Cost": 3469217.0, "Plan Rows": 661057, "Plan Width": 43, "Inner Unique": true, "Plans": [{"Node Type": "Nested Loop", "Parent Relationship": "Outer", "Parallel Aware": false, "Join Type": "Inner", "Startup Cost": 1.0, "Total Cost": 3173110.2, "Plan Rows": 661057, "Plan Width": 24, "Inner Unique": true, "Plans": [{"Node Type": "Aggregate", "Strategy": "Sorted", "Partial Mode": "Simple", "Parent Relationship": "Outer", "Parallel Aware": false, "Startup Cost": 0.56, "Total Cost": 2535124.03, "Plan Rows": 661057, "Plan Width": 4, "Group Key": ["lineitem_1.l_orderkey"], "Filter": "(sum(lineitem_1.l_quantity) > '314'::numeric)", "Plans": [{"Node Type": "Index Scan", "Parent Relationship": "Outer", "Parallel Aware": false, "Scan Direction": "Forward", "Index Name": "idx_lineitem_orderkey", "Relation Name": "lineitem", "Alias": "lineitem_1", "Startup Cost": 0.56, "Total Cost": 2205447.6, "Plan Rows": 59985776, "Plan Width": 9}]}, {"Node Type": "Index Scan", "Parent Relationship": "Inner", "Parallel Aware": false, "Scan Direction": "Forward", "Index Name": "orders_pkey", "Relation Name": "orders", "Alias": "orders", "Startup Cost": 0.43, "Total Cost": 0.96, "Plan Rows": 1, "Plan Width": 20, "Index Cond": "(o_orderkey = lineitem_1.l_orderkey)"}]}, {"Node Type": "Index Scan", "Parent Relationship": "Inner", "Parallel Aware": false, "Scan Direction": "Forward", "Index Name": "customer_pkey", "Relation Name": "customer", "Alias": "customer", "Startup Cost": 0.43, "Total Cost": 0.45, "Plan Rows": 1, "Plan Width": 23, "Index Cond": "(c_custkey = orders.o_custkey)"}]}, {"Node Type": "Index Scan", "Parent Relationship": "Inner", "Parallel Aware": false, "Scan Direction": "Forward", "Index Name": "idx_lineitem_orderkey", "Relation Name": "lineitem", "Alias": "lineitem", "Startup Cost": 0.56, "Total Cost": 1.2, "Plan Rows": 30, "Plan Width": 9, "Index Cond": "(l_orderkey = orders.o_orderkey)"}]}]}]}]}]}}, {"Plan": {"Node Type": "Limit", "Parallel Aware": false, "Startup Cost": 40006346422.24, "Total Cost": 40006346422.49, "Plan Rows": 100, "Plan Width": 71, "Plans": [{"Node Type": "Sort", "Parent Relationship": "Outer", "Parallel Aware": false, "Startup Cost": 40006346422.24, "Total Cost": 40006353031.59, "Plan Rows": 2643739, "Plan Width": 71, "Sort Key": ["orders.o_totalprice DESC", "orders.o_orderdate"], "Plans": [{"Node Type": "Aggregate", "Strategy": "Sorted", "Partial Mode": "Simple", "Parent Relationship": "Outer", "Parallel Aware": false, "Startup Cost": 40006185896.31, "Total Cost": 40006245380.44, "Plan Rows": 2643739, "Plan Width": 71, "Group Key": ["customer.c_custkey", "orders.o_orderkey"], "Plans": [{"Node Type": "Sort", "Parent Relationship": "Outer", "Parallel Aware": false, "Startup Cost": 40006185896.31, "Total Cost": 40006192505.66, "Plan Rows": 2643739, "Plan Width": 44, "Sort Key": ["customer.c_custkey", "orders.o_orderkey"], "Plans": [{"Node Type": "Nested Loop", "Parent Relationship": "Outer", "Parallel Aware": false, "Join Type": "Inner", "Startup Cost": 40000000002.25, "Total Cost": 40005856252.91, "Plan Rows": 2643739, "Plan Width": 44, "Inner Unique": false, "Plans": [{"Node Type": "Nested Loop", "Parent Relationship": "Outer", "Parallel Aware": false, "Join Type": "Inner", "Startup Cost": 30000000001.44, "Total Cost": 30004141991.27, "Plan Rows": 661057, "Plan Width": 43, "Inner Unique": true, "Plans": [{"Node Type": "Merge Join", "Parent Relationship": "Outer", "Parallel Aware": false, "Join Type": "Inner", "Startup Cost": 20000000001.0, "Total Cost": 20003118640.75, "Plan Rows": 661057, "Plan Width": 24, "Inner Unique": true, "Merge Cond": "(orders.o_orderkey = lineitem_1.l_orderkey)", "Plans": [{"Node Type": "Index Scan", "Parent Relationship": "Outer", "Parallel Aware": false, "Scan Direction": "Forward", "Index Name": "orders_pkey", "Relation Name": "orders", "Alias": "orders", "Startup Cost": 10000000000.43, "Total Cost": 10000531144.89, "Plan Rows": 14999217, "Plan Width": 20}, {"Node Type": "Aggregate", "Strategy": "Sorted", "Partial Mode": "Simple", "Parent Relationship": "Inner", "Parallel Aware": false, "Startup Cost": 10000000000.57, "Total Cost": 10002535124.04, "Plan Rows": 661057, "Plan Width": 4, "Group Key": ["lineitem_1.l_orderkey"], "Filter": "(sum(lineitem_1.l_quantity) > '314'::numeric)", "Plans": [{"Node Type": "Index Scan", "Parent Relationship": "Outer", "Parallel Aware": false, "Scan Direction": "Forward", "Index Name": "idx_lineitem_orderkey", "Relation Name": "lineitem", "Alias": "lineitem_1", "Startup Cost": 10000000000.57, "Total Cost": 10002205447.61, "Plan Rows": 59985776, "Plan Width": 9}]}]}, {"Node Type": "Bitmap Heap Scan", "Parent Relationship": "Inner", "Parallel Aware": false, "Relation Name": "customer", "Alias": "customer", "Startup Cost": 0.44, "Total Cost": 1.55, "Plan Rows": 1, "Plan Width": 23, "Recheck Cond": "(c_custkey = orders.o_custkey)", "Plans": [{"Node Type": "Bitmap Index Scan", "Parent Relationship": "Outer", "Parallel Aware": false, "Index Name": "customer_pkey", "Startup Cost": 0.0, "Total Cost": 0.44, "Plan Rows": 1, "Plan Width": 0, "Index Cond": "(c_custkey = orders.o_custkey)"}]}]}, {"Node Type": "Bitmap Heap Scan", "Parent Relationship": "Inner", "Parallel Aware": false, "Relation Name": "lineitem", "Alias": "lineitem", "Startup Cost": 0.82, "Total Cost": 2.29, "Plan Rows": 30, "Plan Width": 9, "Recheck Cond": "(l_orderkey = orders.o_orderkey)", "Plans": [{"Node Type": "Bitmap Index Scan", "Parent Relationship": "Outer", "Parallel Aware": false, "Index Name": "lineitem_pkey", "Startup Cost": 0.0, "Total Cost": 0.81, "Plan Rows": 30, "Plan Width": 0, "Index Cond": "(l_orderkey = orders.o_orderkey)"}]}]}]}]}]}]}}, {"Plan": {"Node Type": "Limit", "Parallel Aware": false, "Startup Cost": 10006842869.09, "Total Cost": 10006842869.34, "Plan Rows": 100, "Plan Width": 71, "Plans": [{"Node Type": "Sort", "Parent Relationship": "Outer", "Parallel Aware": false, "Startup Cost": 10006842869.09, "Total Cost": 10006849478.44, "Plan Rows": 2643739, "Plan Width": 71, "Sort Key": ["orders.o_totalprice DESC", "orders.o_orderdate"], "Plans": [{"Node Type": "Aggregate", "Strategy": "Sorted", "Partial Mode": "Simple", "Parent Relationship": "Outer", "Parallel Aware": false, "Startup Cost": 10006682343.16, "Total Cost": 10006741827.29, "Plan Rows": 2643739, "Plan Width": 71, "Group Key": ["customer.c_custkey", "orders.o_orderkey"], "Plans": [{"Node Type": "Sort", "Parent Relationship": "Outer", "Parallel Aware": false, "Startup Cost": 10006682343.16, "Total Cost": 10006688952.51, "Plan Rows": 2643739, "Plan Width": 44, "Sort Key": ["customer.c_custkey", "orders.o_orderkey"], "Plans": [{"Node Type": "Nested Loop", "Parent Relationship": "Outer", "Parallel Aware": false, "Join Type": "Inner", "Startup Cost": 10000000002.33, "Total Cost": 10006352699.76, "Plan Rows": 2643739, "Plan Width": 44, "Inner Unique": false, "Plans": [{"Node Type": "Nested Loop", "Parent Relationship": "Outer", "Parallel Aware": false, "Join Type": "Inner", "Startup Cost": 10000000001.51, "Total Cost": 10004638438.12, "Plan Rows": 661057, "Plan Width": 43, "Inner Unique": true, "Plans": [{"Node Type": "Nested Loop", "Parent Relationship": "Outer", "Parallel Aware": false, "Join Type": "Inner", "Startup Cost": 10000000001.08, "Total Cost": 10003615087.6, "Plan Rows": 661057, "Plan Width": 24, "Inner Unique": true, "Plans": [{"Node Type": "Aggregate", "Strategy": "Sorted", "Partial Mode": "Simple", "Parent Relationship": "Outer", "Parallel Aware": false, "Startup Cost": 10000000000.57, "Total Cost": 10002535124.04, "Plan Rows": 661057, "Plan Width": 4, "Group Key": ["lineitem_1.l_orderkey"], "Filter": "(sum(lineitem_1.l_quantity) > '314'::numeric)", "Plans": [{"Node Type": "Index Scan", "Parent Relationship": "Outer", "Parallel Aware": false, "Scan Direction": "Forward", "Index Name": "idx_lineitem_orderkey", "Relation Name": "lineitem", "Alias": "lineitem_1", "Startup Cost": 10000000000.57, "Total Cost": 10002205447.61, "Plan Rows": 59985776, "Plan Width": 9}]}, {"Node Type": "Bitmap Heap Scan", "Parent Relationship": "Inner", "Parallel Aware": false, "Relation Name": "orders", "Alias": "orders", "Startup Cost": 0.51, "Total Cost": 1.62, "Plan Rows": 1, "Plan Width": 20, "Recheck Cond": "(o_orderkey = lineitem_1.l_orderkey)", "Plans": [{"Node Type": "Bitmap Index Scan", "Parent Relationship": "Outer", "Parallel Aware": false, "Index Name": "orders_pkey", "Startup Cost": 0.0, "Total Cost": 0.51, "Plan Rows": 1, "Plan Width": 0, "Index Cond": "(o_orderkey = lineitem_1.l_orderkey)"}]}]}, {"Node Type": "Bitmap Heap Scan", "Parent Relationship": "Inner", "Parallel Aware": false, "Relation Name": "customer", "Alias": "customer", "Startup Cost": 0.44, "Total Cost": 1.55, "Plan Rows": 1, "Plan Width": 23, "Recheck Cond": "(c_custkey = orders.o_custkey)", "Plans": [{"Node Type": "Bitmap Index Scan", "Parent Relationship": "Outer", "Parallel Aware": false, "Index Name": "customer_pkey", "Startup Cost": 0.0, "Total Cost": 0.44, "Plan Rows": 1, "Plan Width": 0, "Index Cond": "(c_custkey = orders.o_custkey)"}]}]}, {"Node Type": "Bitmap Heap Scan", "Parent Relationship": "Inner", "Parallel Aware": false, "Relation Name": "lineitem", "Alias": "lineitem", "Startup Cost": 0.82, "Total Cost": 2.29, "Plan Rows": 30, "Plan Width": 9, "Recheck Cond": "(l_orderkey = orders.o_orderkey)", "Plans": [{"Node Type": "Bitmap Index Scan", "Parent Relationship": "Outer", "Parallel Aware": false, "Index Name": "lineitem_pkey", "Startup Cost": 0.0, "Total Cost": 0.81, "Plan Rows": 30, "Plan Width": 0, "Index Cond": "(l_orderkey = orders.o_orderkey)"}]}]}]}]}]}]}}, {"Plan": {"Node Type": "Limit", "Parallel Aware": false, "Startup Cost": 8394413.94, "Total Cost": 8394414.19, "Plan Rows": 100, "Plan Width": 71, "Plans": [{"Node Type": "Sort", "Parent Relationship": "Outer", "Parallel Aware": false, "Startup Cost": 8394413.94, "Total Cost": 8401023.28, "Plan Rows": 2643739, "Plan Width": 71, "Sort Key": ["orders.o_totalprice DESC", "orders.o_orderdate"], "Plans": [{"Node Type": "Aggregate", "Strategy": "Sorted", "Partial Mode": "Simple", "Parent Relationship": "Outer", "Parallel Aware": false, "Startup Cost": 8233888.01, "Total Cost": 8293372.13, "Plan Rows": 2643739, "Plan Width": 71, "Group Key": ["customer.c_custkey", "orders.o_orderkey"], "Plans": [{"Node Type": "Sort", "Parent Relationship": "Outer", "Parallel Aware": false, "Startup Cost": 8233888.01, "Total Cost": 8240497.35, "Plan Rows": 2643739, "Plan Width": 44, "Sort Key": ["customer.c_custkey", "orders.o_orderkey"], "Plans": [{"Node Type": "Nested Loop", "Parent Relationship": "Outer", "Parallel Aware": false, "Join Type": "Inner", "Startup Cost": 6172568.02, "Total Cost": 7904244.61, "Plan Rows": 2643739, "Plan Width": 44, "Inner Unique": false, "Plans": [{"Node Type": "Merge Join", "Parent Relationship": "Outer", "Parallel Aware": false, "Join Type": "Inner", "Startup Cost": 6172567.2, "Total Cost": 6189982.96, "Plan Rows": 661057, "Plan Width": 43, "Inner Unique": true, "Merge Cond": "(orders.o_custkey = customer.c_custkey)", "Plans": [{"Node Type": "Sort", "Parent Relationship": "Outer", "Parallel Aware": false, "Startup Cost": 5949846.7, "Total Cost": 5951499.34, "Plan Rows": 661057, "Plan Width": 24, "Sort Key": ["orders.o_custkey"], "Plans": [{"Node Type": "Nested Loop", "Parent Relationship": "Outer", "Parallel Aware": false, "Join Type": "Inner", "Startup Cost": 3854683.39, "Total Cost": 5877999.25, "Plan Rows": 661057, "Plan Width": 24, "Inner Unique": true, "Plans": [{"Node Type": "Aggregate", "Strategy": "Sorted", "Partial Mode": "Finalize", "Parent Relationship": "Outer", "Parallel Aware": false, "Startup Cost": 3854682.88, "Total Cost": 4798035.68, "Plan Rows": 661057, "Plan Width": 4, "Group Key": ["lineitem_1.l_orderkey"], "Filter": "(sum(lineitem_1.l_quantity) > '314'::numeric)", "Plans": [{"Node Type": "Gather Merge", "Parent Relationship": "Outer", "Parallel Aware": false, "Startup Cost": 3854682.88, "Total Cost": 4723666.8, "Plan Rows": 5949510, "Plan Width": 36, "Workers Planned": 3, "Plans": [{"Node Type": "Aggregate", "Strategy": "Sorted", "Partial Mode": "Partial", "Parent Relationship": "Outer", "Parallel Aware": false, "Startup Cost": 3853682.84, "Total Cost": 4023599.34, "Plan Rows": 1983170, "Plan Width": 36, "Group Key": ["lineitem_1.l_orderkey"], "Plans": [{"Node Type": "Sort", "Parent Relationship": "Outer", "Parallel Aware": false, "Startup Cost": 3853682.84, "Total Cost": 3902058.46, "Plan Rows": 19350250, "Plan Width": 9, "Sort Key": ["lineitem_1.l_orderkey"], "Plans": [{"Node Type": "Seq Scan", "Parent Relationship": "Outer", "Parallel Aware": true, "Relation Name": "lineitem", "Alias": "lineitem_1", "Startup Cost": 0.0, "Total Cost": 1318044.5, "Plan Rows": 19350250, "Plan Width": 9}]}]}]}]}, {"Node Type": "Bitmap Heap Scan", "Parent Relationship": "Inner", "Parallel Aware": false, "Relation Name": "orders", "Alias": "orders", "Startup Cost": 0.51, "Total Cost": 1.62, "Plan Rows": 1, "Plan Width": 20, "Recheck Cond": "(o_orderkey = lineitem_1.l_orderkey)", "Plans": [{"Node Type": "Bitmap Index Scan", "Parent Relationship": "Outer", "Parallel Aware": false, "Index Name": "orders_pkey", "Startup Cost": 0.0, "Total Cost": 0.51, "Plan Rows": 1, "Plan Width": 0, "Index Cond": "(o_orderkey = lineitem_1.l_orderkey)"}]}]}]}, {"Node Type": "Sort", "Parent Relationship": "Inner", "Parallel Aware": false, "Startup Cost": 222720.48, "Total Cost": 226470.48, "Plan Rows": 1500000, "Plan Width": 23, "Sort Key": ["customer.c_custkey"], "Plans": [{"Node Type": "Seq Scan", "Parent Relationship": "Outer", "Parallel Aware": false, "Relation Name": "customer", "Alias": "customer", "Startup Cost": 0.0, "Total Cost": 50827.0, "Plan Rows": 1500000, "Plan Width": 23}]}]}, {"Node Type": "Bitmap Heap Scan", "Parent Relationship": "Inner", "Parallel Aware": false, "Relation Name": "lineitem", "Alias": "lineitem", "Startup Cost": 0.82, "Total Cost": 2.29, "Plan Rows": 30, "Plan Width": 9, "Recheck Cond": "(l_orderkey = orders.o_orderkey)", "Plans": [{"Node Type": "Bitmap Index Scan", "Parent Relationship": "Outer", "Parallel Aware": false, "Index Name": "lineitem_pkey", "Startup Cost": 0.0, "Total Cost": 0.81, "Plan Rows": 30, "Plan Width": 0, "Index Cond": "(l_orderkey = orders.o_orderkey)"}]}]}]}]}]}]}}, {"Plan": {"Node Type": "Limit", "Parallel Aware": false, "Startup Cost": 18631039.05, "Total Cost": 18631039.3, "Plan Rows": 100, "Plan Width": 71, "Plans": [{"Node Type": "Sort", "Parent Relationship": "Outer", "Parallel Aware": false, "Startup Cost": 18631039.05, "Total Cost": 18637648.39, "Plan Rows": 2643739, "Plan Width": 71, "Sort Key": ["orders.o_totalprice DESC", "orders.o_orderdate"], "Plans": [{"Node Type": "Aggregate", "Strategy": "Sorted", "Partial Mode": "Finalize", "Parent Relationship": "Outer", "Parallel Aware": false, "Startup Cost": 18151558.81, "Total Cost": 18529997.24, "Plan Rows": 2643739, "Plan Width": 71, "Group Key": ["customer.c_custkey", "orders.o_orderkey"], "Plans": [{"Node Type": "Gather Merge", "Parent Relationship": "Outer", "Parallel Aware": false, "Startup Cost": 18151558.81, "Total Cost": 18471365.94, "Plan Rows": 2558457, "Plan Width": 71, "Workers Planned": 3, "Plans": [{"Node Type": "Aggregate", "Strategy": "Sorted", "Partial Mode": "Partial", "Parent Relationship": "Outer", "Parallel Aware": false, "Startup Cost": 18150558.77, "Total Cost": 18169747.2, "Plan Rows": 852819, "Plan Width": 71, "Group Key": ["customer.c_custkey", "orders.o_orderkey"], "Plans": [{"Node Type": "Sort", "Parent Relationship": "Outer", "Parallel Aware": false, "Startup Cost": 18150558.77, "Total Cost": 18152690.82, "Plan Rows": 852819, "Plan Width": 44, "Sort Key": ["customer.c_custkey", "orders.o_orderkey"], "Plans": [{"Node Type": "Merge Join", "Parent Relationship": "Outer", "Parallel Aware": false, "Join Type": "Inner", "Startup Cost": 18030889.1, "Total Cost": 18051181.28, "Plan Rows": 852819, "Plan Width": 44, "Inner Unique": true, "Merge Cond": "(orders.o_custkey = customer.c_custkey)", "Plans": [{"Node Type": "Sort", "Parent Relationship": "Outer", "Parallel Aware": false, "Startup Cost": 17808168.59, "Total Cost": 17810300.64, "Plan Rows": 852819, "Plan Width": 25, "Sort Key": ["orders.o_custkey"], "Plans": [{"Node Type": "Merge Join", "Parent Relationship": "Outer", "Parallel Aware": false, "Join Type": "Inner", "Startup Cost": 16907444.4, "Total Cost": 17712206.4, "Plan Rows": 852819, "Plan Width": 25, "Inner Unique": true, "Merge Cond": "(lineitem.l_orderkey = orders.o_orderkey)", "Plans": [{"Node Type": "Merge Join", "Parent Relationship": "Outer", "Parallel Aware": false, "Join Type": "Inner", "Startup Cost": 14528570.12, "Total Cost": 15177726.33, "Plan Rows": 6450087, "Plan Width": 13, "Inner Unique": true, "Merge Cond": "(lineitem.l_orderkey = lineitem_1.l_orderkey)", "Plans": [{"Node Type": "Sort", "Parent Relationship": "Outer", "Parallel Aware": false, "Startup Cost": 3853682.84, "Total Cost": 3902058.46, "Plan Rows": 19350250, "Plan Width": 9, "Sort Key": ["lineitem.l_orderkey"], "Plans": [{"Node Type": "Seq Scan", "Parent Relationship": "Outer", "Parallel Aware": true, "Relation Name": "lineitem", "Alias": "lineitem", "Startup Cost": 0.0, "Total Cost": 1318044.5, "Plan Rows": 19350250, "Plan Width": 9}]}, {"Node Type": "Aggregate", "Strategy": "Sorted", "Partial Mode": "Simple", "Parent Relationship": "Inner", "Parallel Aware": false, "Startup Cost": 10674887.29, "Total Cost": 11154528.16, "Plan Rows": 661057, "Plan Width": 4, "Group Key": ["lineitem_1.l_orderkey"], "Filter": "(sum(lineitem_1.l_quantity) > '314'::numeric)", "Plans": [{"Node Type": "Sort", "Parent Relationship": "Outer", "Parallel Aware": false, "Startup Cost": 10674887.29, "Total Cost": 10824851.73, "Plan Rows": 59985776, "Plan Width": 9, "Sort Key": ["lineitem_1.l_orderkey"], "Plans": [{"Node Type": "Seq Scan", "Parent Relationship": "Outer", "Parallel Aware": false, "Relation Name": "lineitem", "Alias": "lineitem_1", "Startup Cost": 0.0, "Total Cost": 1724399.76, "Plan Rows": 59985776, "Plan Width": 9}]}]}]}, {"Node Type": "Sort", "Parent Relationship": "Inner", "Parallel Aware": false, "Startup Cost": 2378857.98, "Total Cost": 2416356.02, "Plan Rows": 14999217, "Plan Width": 20, "Sort Key": ["orders.o_orderkey"], "Plans": [{"Node Type": "Seq Scan", "Parent Relationship": "Outer", "Parallel Aware": false, "Relation Name": "orders", "Alias": "orders", "Startup Cost": 0.0, "Total Cost": 410904.17, "Plan Rows": 14999217, "Plan Width": 20}]}]}]}, {"Node Type": "Sort", "Parent Relationship": "Inner", "Parallel Aware": false, "Startup Cost": 222720.48, "Total Cost": 226470.48, "Plan Rows": 1500000, "Plan Width": 23, "Sort Key": ["customer.c_custkey"], "Plans": [{"Node Type": "Seq Scan", "Parent Relationship": "Outer", "Parallel Aware": false, "Relation Name": "customer", "Alias": "customer", "Startup Cost": 0.0, "Total Cost": 50827.0, "Plan Rows": 1500000, "Plan Width": 23}]}]}]}]}]}]}]}]}}, {"Plan": {"Node Type": "Limit", "Parallel Aware": false, "Startup Cost": 10006842869.09, "Total Cost": 10006842869.34, "Plan Rows": 100, "Plan Width": 71, "Plans": [{"Node Type": "Sort", "Parent Relationship": "Outer", "Parallel Aware": false, "Startup Cost": 10006842869.09, "Total Cost": 10006849478.44, "Plan Rows": 2643739, "Plan Width": 71, "Sort Key": ["orders.o_totalprice DESC", "orders.o_orderdate"], "Plans": [{"Node Type": "Aggregate", "Strategy": "Sorted", "Partial Mode": "Simple", "Parent Relationship": "Outer", "Parallel Aware": false, "Startup Cost": 10006682343.16, "Total Cost": 10006741827.29, "Plan Rows": 2643739, "Plan Width": 71, "Group Key": ["customer.c_custkey", "orders.o_orderkey"], "Plans": [{"Node Type": "Sort", "Parent Relationship": "Outer", "Parallel Aware": false, "Startup Cost": 10006682343.16, "Total Cost": 10006688952.51, "Plan Rows": 2643739, "Plan Width": 44, "Sort Key": ["customer.c_custkey", "orders.o_orderkey"], "Plans": [{"Node Type": "Nested Loop", "Parent Relationship": "Outer", "Parallel Aware": false, "Join Type": "Inner", "Startup Cost": 10000000002.33, "Total Cost": 10006352699.76, "Plan Rows": 2643739, "Plan Width": 44, "Inner Unique": false, "Plans": [{"Node Type": "Nested Loop", "Parent Relationship": "Outer", "Parallel Aware": false, "Join Type": "Inner", "Startup Cost": 10000000001.51, "Total Cost": 10004638438.12, "Plan Rows": 661057, "Plan Width": 43, "Inner Unique": true, "Plans": [{"Node Type": "Nested Loop", "Parent Relationship": "Outer", "Parallel Aware": false, "Join Type": "Inner", "Startup Cost": 10000000001.08, "Total Cost": 10003615087.6, "Plan Rows": 661057, "Plan Width": 24, "Inner Unique": true, "Plans": [{"Node Type": "Aggregate", "Strategy": "Sorted", "Partial Mode": "Simple", "Parent Relationship": "Outer", "Parallel Aware": false, "Startup Cost": 10000000000.57, "Total Cost": 10002535124.04, "Plan Rows": 661057, "Plan Width": 4, "Group Key": ["lineitem_1.l_orderkey"], "Filter": "(sum(lineitem_1.l_quantity) > '314'::numeric)", "Plans": [{"Node Type": "Index Scan", "Parent Relationship": "Outer", "Parallel Aware": false, "Scan Direction": "Forward", "Index Name": "idx_lineitem_orderkey", "Relation Name": "lineitem", "Alias": "lineitem_1", "Startup Cost": 10000000000.57, "Total Cost": 10002205447.61, "Plan Rows": 59985776, "Plan Width": 9}]}, {"Node Type": "Bitmap Heap Scan", "Parent Relationship": "Inner", "Parallel Aware": false, "Relation Name": "orders", "Alias": "orders", "Startup Cost": 0.51, "Total Cost": 1.62, "Plan Rows": 1, "Plan Width": 20, "Recheck Cond": "(o_orderkey = lineitem_1.l_orderkey)", "Plans": [{"Node Type": "Bitmap Index Scan", "Parent Relationship": "Outer", "Parallel Aware": false, "Index Name": "orders_pkey", "Startup Cost": 0.0, "Total Cost": 0.51, "Plan Rows": 1, "Plan Width": 0, "Index Cond": "(o_orderkey = lineitem_1.l_orderkey)"}]}]}, {"Node Type": "Bitmap Heap Scan", "Parent Relationship": "Inner", "Parallel Aware": false, "Relation Name": "customer", "Alias": "customer", "Startup Cost": 0.44, "Total Cost": 1.55, "Plan Rows": 1, "Plan Width": 23, "Recheck Cond": "(c_custkey = orders.o_custkey)", "Plans": [{"Node Type": "Bitmap Index Scan", "Parent Relationship": "Outer", "Parallel Aware": false, "Index Name": "customer_pkey", "Startup Cost": 0.0, "Total Cost": 0.44, "Plan Rows": 1, "Plan Width": 0, "Index Cond": "(c_custkey = orders.o_custkey)"}]}]}, {"Node Type": "Bitmap Heap Scan", "Parent Relationship": "Inner", "Parallel Aware": false, "Relation Name": "lineitem", "Alias": "lineitem", "Startup Cost": 0.82, "Total Cost": 2.29, "Plan Rows": 30, "Plan Width": 9, "Recheck Cond": "(l_orderkey = orders.o_orderkey)", "Plans": [{"Node Type": "Bitmap Index Scan", "Parent Relationship": "Outer", "Parallel Aware": false, "Index Name": "lineitem_pkey", "Startup Cost": 0.0, "Total Cost": 0.81, "Plan Rows": 30, "Plan Width": 0, "Index Cond": "(l_orderkey = orders.o_orderkey)"}]}]}]}]}]}]}}, {"Plan": {"Node Type": "Limit", "Parallel Aware": false, "Startup Cost": 9105780.74, "Total Cost": 9105780.99, "Plan Rows": 100, "Plan Width": 71, "Plans": [{"Node Type": "Sort", "Parent Relationship": "Outer", "Parallel Aware": false, "Startup Cost": 9105780.74, "Total Cost": 9112390.08, "Plan Rows": 2643739, "Plan Width": 71, "Sort Key": ["orders.o_totalprice DESC", "orders.o_orderdate"], "Plans": [{"Node Type": "Aggregate", "Strategy": "Sorted", "Partial Mode": "Simple", "Parent Relationship": "Outer", "Parallel Aware": false, "Startup Cost": 8945254.81, "Total Cost": 9004738.93, "Plan Rows": 2643739, "Plan Width": 71, "Group Key": ["customer.c_custkey", "orders.o_orderkey"], "Plans": [{"Node Type": "Sort", "Parent Relationship": "Outer", "Parallel Aware": false, "Startup Cost": 8945254.81, "Total Cost": 8951864.15, "Plan Rows": 2643739, "Plan Width": 44, "Sort Key": ["customer.c_custkey", "orders.o_orderkey"], "Plans": [{"Node Type": "Nested Loop", "Parent Relationship": "Outer", "Parallel Aware": false, "Join Type": "Inner", "Startup Cost": 3854684.64, "Total Cost": 8615611.41, "Plan Rows": 2643739, "Plan Width": 44, "Inner Unique": false, "Plans": [{"Node Type": "Nested Loop", "Parent Relationship": "Outer", "Parallel Aware": false, "Join Type": "Inner", "Startup Cost": 3854683.83, "Total Cost": 6901349.76, "Plan Rows": 661057, "Plan Width": 43, "Inner Unique": true, "Plans": [{"Node Type": "Nested Loop", "Parent Relationship": "Outer", "Parallel Aware": false, "Join Type": "Inner", "Startup Cost": 3854683.39, "Total Cost": 5877999.25, "Plan Rows": 661057, "Plan Width": 24, "Inner Unique": true, "Plans": [{"Node Type": "Aggregate", "Strategy": "Sorted", "Partial Mode": "Finalize", "Parent Relationship": "Outer", "Parallel Aware": false, "Startup Cost": 3854682.88, "Total Cost": 4798035.68, "Plan Rows": 661057, "Plan Width": 4, "Group Key": ["lineitem_1.l_orderkey"], "Filter": "(sum(lineitem_1.l_quantity) > '314'::numeric)", "Plans": [{"Node Type": "Gather Merge", "Parent Relationship": "Outer", "Parallel Aware": false, "Startup Cost": 3854682.88, "Total Cost": 4723666.8, "Plan Rows": 5949510, "Plan Width": 36, "Workers Planned": 3, "Plans": [{"Node Type": "Aggregate", "Strategy": "Sorted", "Partial Mode": "Partial", "Parent Relationship": "Outer", "Parallel Aware": false, "Startup Cost": 3853682.84, "Total Cost": 4023599.34, "Plan Rows": 1983170, "Plan Width": 36, "Group Key": ["lineitem_1.l_orderkey"], "Plans": [{"Node Type": "Sort", "Parent Relationship": "Outer", "Parallel Aware": false, "Startup Cost": 3853682.84, "Total Cost": 3902058.46, "Plan Rows": 19350250, "Plan Width": 9, "Sort Key": ["lineitem_1.l_orderkey"], "Plans": [{"Node Type": "Seq Scan", "Parent Relationship": "Outer", "Parallel Aware": true, "Relation Name": "lineitem", "Alias": "lineitem_1", "Startup Cost": 0.0, "Total Cost": 1318044.5, "Plan Rows": 19350250, "Plan Width": 9}]}]}]}]}, {"Node Type": "Bitmap Heap Scan", "Parent Relationship": "Inner", "Parallel Aware": false, "Relation Name": "orders", "Alias": "orders", "Startup Cost": 0.51, "Total Cost": 1.62, "Plan Rows": 1, "Plan Width": 20, "Recheck Cond": "(o_orderkey = lineitem_1.l_orderkey)", "Plans": [{"Node Type": "Bitmap Index Scan", "Parent Relationship": "Outer", "Parallel Aware": false, "Index Name": "orders_pkey", "Startup Cost": 0.0, "Total Cost": 0.51, "Plan Rows": 1, "Plan Width": 0, "Index Cond": "(o_orderkey = lineitem_1.l_orderkey)"}]}]}, {"Node Type": "Bitmap Heap Scan", "Parent Relationship": "Inner", "Parallel Aware": false, "Relation Name": "customer", "Alias": "customer", "Startup Cost": 0.44, "Total Cost": 1.55, "Plan Rows": 1, "Plan Width": 23, "Recheck Cond": "(c_custkey = orders.o_custkey)", "Plans": [{"Node Type": "Bitmap Index Scan", "Parent Relationship": "Outer", "Parallel Aware": false, "Index Name": "customer_pkey", "Startup Cost": 0.0, "Total Cost": 0.44, "Plan Rows": 1, "Plan Width": 0, "Index Cond": "(c_custkey = orders.o_custkey)"}]}]}, {"Node Type": "Bitmap Heap Scan", "Parent Relationship": "Inner", "Parallel Aware": false, "Relation Name": "lineitem", "Alias": "lineitem", "Startup Cost": 0.82, "Total Cost": 2.29, "Plan Rows": 30, "Plan Width": 9, "Recheck Cond": "(l_orderkey = orders.o_orderkey)", "Plans": [{"Node Type": "Bitmap Index Scan", "Parent Relationship": "Outer", "Parallel Aware": false, "Index Name": "lineitem_pkey", "Startup Cost": 0.0, "Total Cost": 0.81, "Plan Rows": 30, "Plan Width": 0, "Index Cond": "(l_orderkey = orders.o_orderkey)"}]}]}]}]}]}]}}, {"Plan": {"Node Type": "Limit", "Parallel Aware": false, "Startup Cost": 5734112.99, "Total Cost": 5734113.24, "Plan Rows": 100, "Plan Width": 71, "Plans": [{"Node Type": "Sort", "Parent Relationship": "Outer", "Parallel Aware": false, "Startup Cost": 5734112.99, "Total Cost": 5740722.33, "Plan Rows": 2643739, "Plan Width": 71, "Sort Key": ["orders.o_totalprice DESC", "orders.o_orderdate"], "Plans": [{"Node Type": "Aggregate", "Strategy": "Sorted", "Partial Mode": "Finalize", "Parent Relationship": "Outer", "Parallel Aware": false, "Startup Cost": 5254632.75, "Total Cost": 5633071.18, "Plan Rows": 2643739, "Plan Width": 71, "Group Key": ["customer.c_custkey", "orders.o_orderkey"], "Plans": [{"Node Type": "Gather Merge", "Parent Relationship": "Outer", "Parallel Aware": false, "Startup Cost": 5254632.75, "Total Cost": 5574439.87, "Plan Rows": 2558457, "Plan Width": 71, "Workers Planned": 3, "Plans": [{"Node Type": "Aggregate", "Strategy": "Sorted", "Partial Mode": "Partial", "Parent Relationship": "Outer", "Parallel Aware": false, "Startup Cost": 5253632.71, "Total Cost": 5272821.14, "Plan Rows": 852819, "Plan Width": 71, "Group Key": ["customer.c_custkey", "orders.o_orderkey"], "Plans": [{"Node Type": "Sort", "Parent Relationship": "Outer", "Parallel Aware": false, "Startup Cost": 5253632.71, "Total Cost": 5255764.76, "Plan Rows": 852819, "Plan Width": 44, "Sort Key": ["customer.c_custkey", "orders.o_orderkey"], "Plans": [{"Node Type": "Merge Join", "Parent Relationship": "Outer", "Parallel Aware": false, "Join Type": "Inner", "Startup Cost": 5074858.93, "Total Cost": 5154255.22, "Plan Rows": 852819, "Plan Width": 44, "Inner Unique": true, "Merge Cond": "(orders.o_custkey = customer.c_custkey)", "Plans": [{"Node Type": "Sort", "Parent Relationship": "Outer", "Parallel Aware": false, "Startup Cost": 5074858.47, "Total Cost": 5076990.52, "Plan Rows": 852819, "Plan Width": 25, "Sort Key": ["orders.o_custkey"], "Plans": [{"Node Type": "Merge Join", "Parent Relationship": "Outer", "Parallel Aware": false, "Join Type": "Inner", "Startup Cost": 46.92, "Total Cost": 4978896.29, "Plan Rows": 852819, "Plan Width": 25, "Inner Unique": false, "Merge Cond": "(lineitem.l_orderkey = orders.o_orderkey)", "Plans": [{"Node Type": "Index Scan", "Parent Relationship": "Outer", "Parallel Aware": true, "Scan Direction": "Forward", "Index Name": "idx_lineitem_orderkey", "Relation Name": "lineitem", "Alias": "lineitem", "Startup Cost": 0.56, "Total Cost": 1799092.35, "Plan Rows": 19350250, "Plan Width": 9}, {"Node Type": "Materialize", "Parent Relationship": "Inner", "Parallel Aware": false, "Startup Cost": 1.0, "Total Cost": 3120293.39, "Plan Rows": 661057, "Plan Width": 24, "Plans": [{"Node Type": "Merge Join", "Parent Relationship": "Outer", "Parallel Aware": false, "Join Type": "Inner", "Startup Cost": 1.0, "Total Cost": 3118640.75, "Plan Rows": 661057, "Plan Width": 24, "Inner Unique": true, "Merge Cond": "(orders.o_orderkey = lineitem_1.l_orderkey)", "Plans": [{"Node Type": "Index Scan", "Parent Relationship": "Outer", "Parallel Aware": false, "Scan Direction": "Forward", "Index Name": "orders_pkey", "Relation Name": "orders", "Alias": "orders", "Startup Cost": 0.43, "Total Cost": 531144.89, "Plan Rows": 14999217, "Plan Width": 20}, {"Node Type": "Aggregate", "Strategy": "Sorted", "Partial Mode": "Simple", "Parent Relationship": "Inner", "Parallel Aware": false, "Startup Cost": 0.56, "Total Cost": 2535124.03, "Plan Rows": 661057, "Plan Width": 4, "Group Key": ["lineitem_1.l_orderkey"], "Filter": "(sum(lineitem_1.l_quantity) > '314'::numeric)", "Plans": [{"Node Type": "Index Scan", "Parent Relationship": "Outer", "Parallel Aware": false, "Scan Direction": "Forward", "Index Name": "idx_lineitem_orderkey", "Relation Name": "lineitem", "Alias": "lineitem_1", "Startup Cost": 0.56, "Total Cost": 2205447.6, "Plan Rows": 59985776, "Plan Width": 9}]}]}]}]}]}, {"Node Type": "Index Scan", "Parent Relationship": "Inner", "Parallel Aware": false, "Scan Direction": "Forward", "Index Name": "customer_pkey", "Relation Name": "customer", "Alias": "customer", "Startup Cost": 0.43, "Total Cost": 62855.13, "Plan Rows": 1500000, "Plan Width": 23}]}]}]}]}]}]}]}}, {"Plan": {"Node Type": "Limit", "Parallel Aware": false, "Startup Cost": 3982471.48, "Total Cost": 3982471.73, "Plan Rows": 100, "Plan Width": 71, "Plans": [{"Node Type": "Sort", "Parent Relationship": "Outer", "Parallel Aware": false, "Startup Cost": 3982471.48, "Total Cost": 3989080.82, "Plan Rows": 2643739, "Plan Width": 71, "Sort Key": ["orders.o_totalprice DESC", "orders.o_orderdate"], "Plans": [{"Node Type": "Aggregate", "Strategy": "Sorted", "Partial Mode": "Finalize", "Parent Relationship": "Outer", "Parallel Aware": false, "Startup Cost": 3502991.24, "Total Cost": 3881429.67, "Plan Rows": 2643739, "Plan Width": 71, "Group Key": ["customer.c_custkey", "orders.o_orderkey"], "Plans": [{"Node Type": "Gather Merge", "Parent Relationship": "Outer", "Parallel Aware": false, "Startup Cost": 3502991.24, "Total Cost": 3822798.36, "Plan Rows": 2558457, "Plan Width": 71, "Workers Planned": 3, "Plans": [{"Node Type": "Aggregate", "Strategy": "Sorted", "Partial Mode": "Partial", "Parent Relationship": "Outer", "Parallel Aware": false, "Startup Cost": 3501991.2, "Total Cost": 3521179.63, "Plan Rows": 852819, "Plan Width": 71, "Group Key": ["customer.c_custkey", "orders.o_orderkey"], "Plans": [{"Node Type": "Sort", "Parent Relationship": "Outer", "Parallel Aware": false, "Startup Cost": 3501991.2, "Total Cost": 3504123.25, "Plan Rows": 852819, "Plan Width": 44, "Sort Key": ["customer.c_custkey", "orders.o_orderkey"], "Plans": [{"Node Type": "Nested Loop", "Parent Relationship": "Outer", "Parallel Aware": false, "Join Type": "Inner", "Startup Cost": 1.99, "Total Cost": 3402613.71, "Plan Rows": 852819, "Plan Width": 44, "Inner Unique": false, "Plans": [{"Node Type": "Nested Loop", "Parent Relationship": "Outer", "Parallel Aware": false, "Join Type": "Inner", "Startup Cost": 1.43, "Total Cost": 3082671.36, "Plan Rows": 213244, "Plan Width": 43, "Inner Unique": true, "Plans": [{"Node Type": "Merge Join", "Parent Relationship": "Outer", "Parallel Aware": false, "Join Type": "Inner", "Startup Cost": 1.0, "Total Cost": 2987153.12, "Plan Rows": 213244, "Plan Width": 24, "Inner Unique": true, "Merge Cond": "(orders.o_orderkey = lineitem_1.l_orderkey)", "Plans": [{"Node Type": "Index Scan", "Parent Relationship": "Outer", "Parallel Aware": true, "Scan Direction": "Forward", "Index Name": "orders_pkey", "Relation Name": "orders", "Alias": "orders", "Startup Cost": 0.43, "Total Cost": 429537.29, "Plan Rows": 4838457, "Plan Width": 20}, {"Node Type": "Aggregate", "Strategy": "Sorted", "Partial Mode": "Simple", "Parent Relationship": "Inner", "Parallel Aware": false, "Startup Cost": 0.56, "Total Cost": 2535124.03, "Plan Rows": 661057, "Plan Width": 4, "Group Key": ["lineitem_1.l_orderkey"], "Filter": "(sum(lineitem_1.l_quantity) > '314'::numeric)", "Plans": [{"Node Type": "Index Scan", "Parent Relationship": "Outer", "Parallel Aware": false, "Scan Direction": "Forward", "Index Name": "idx_lineitem_orderkey", "Relation Name": "lineitem", "Alias": "lineitem_1", "Startup Cost": 0.56, "Total Cost": 2205447.6, "Plan Rows": 59985776, "Plan Width": 9}]}]}, {"Node Type": "Index Scan", "Parent Relationship": "Inner", "Parallel Aware": false, "Scan Direction": "Forward", "Index Name": "customer_pkey", "Relation Name": "customer", "Alias": "customer", "Startup Cost": 0.43, "Total Cost": 0.45, "Plan Rows": 1, "Plan Width": 23, "Index Cond": "(c_custkey = orders.o_custkey)"}]}, {"Node Type": "Index Scan", "Parent Relationship": "Inner", "Parallel Aware": false, "Scan Direction": "Forward", "Index Name": "idx_lineitem_orderkey", "Relation Name": "lineitem", "Alias": "lineitem", "Startup Cost": 0.56, "Total Cost": 1.2, "Plan Rows": 30, "Plan Width": 9, "Index Cond": "(l_orderkey = orders.o_orderkey)"}]}]}]}]}]}]}]}}, {"Plan": {"Node Type": "Limit", "Parallel Aware": false, "Startup Cost": 3982471.48, "Total Cost": 3982471.73, "Plan Rows": 100, "Plan Width": 71, "Plans": [{"Node Type": "Sort", "Parent Relationship": "Outer", "Parallel Aware": false, "Startup Cost": 3982471.48, "Total Cost": 3989080.82, "Plan Rows": 2643739, "Plan Width": 71, "Sort Key": ["orders.o_totalprice DESC", "orders.o_orderdate"], "Plans": [{"Node Type": "Aggregate", "Strategy": "Sorted", "Partial Mode": "Finalize", "Parent Relationship": "Outer", "Parallel Aware": false, "Startup Cost": 3502991.24, "Total Cost": 3881429.67, "Plan Rows": 2643739, "Plan Width": 71, "Group Key": ["customer.c_custkey", "orders.o_orderkey"], "Plans": [{"Node Type": "Gather Merge", "Parent Relationship": "Outer", "Parallel Aware": false, "Startup Cost": 3502991.24, "Total Cost": 3822798.36, "Plan Rows": 2558457, "Plan Width": 71, "Workers Planned": 3, "Plans": [{"Node Type": "Aggregate", "Strategy": "Sorted", "Partial Mode": "Partial", "Parent Relationship": "Outer", "Parallel Aware": false, "Startup Cost": 3501991.2, "Total Cost": 3521179.63, "Plan Rows": 852819, "Plan Width": 71, "Group Key": ["customer.c_custkey", "orders.o_orderkey"], "Plans": [{"Node Type": "Sort", "Parent Relationship": "Outer", "Parallel Aware": false, "Startup Cost": 3501991.2, "Total Cost": 3504123.25, "Plan Rows": 852819, "Plan Width": 44, "Sort Key": ["customer.c_custkey", "orders.o_orderkey"], "Plans": [{"Node Type": "Nested Loop", "Parent Relationship": "Outer", "Parallel Aware": false, "Join Type": "Inner", "Startup Cost": 1.99, "Total Cost": 3402613.71, "Plan Rows": 852819, "Plan Width": 44, "Inner Unique": false, "Plans": [{"Node Type": "Nested Loop", "Parent Relationship": "Outer", "Parallel Aware": false, "Join Type": "Inner", "Startup Cost": 1.43, "Total Cost": 3082671.36, "Plan Rows": 213244, "Plan Width": 43, "Inner Unique": true, "Plans": [{"Node Type": "Merge Join", "Parent Relationship": "Outer", "Parallel Aware": false, "Join Type": "Inner", "Startup Cost": 1.0, "Total Cost": 2987153.12, "Plan Rows": 213244, "Plan Width": 24, "Inner Unique": true, "Merge Cond": "(orders.o_orderkey = lineitem_1.l_orderkey)", "Plans": [{"Node Type": "Index Scan", "Parent Relationship": "Outer", "Parallel Aware": true, "Scan Direction": "Forward", "Index Name": "orders_pkey", "Relation Name": "orders", "Alias": "orders", "Startup Cost": 0.43, "Total Cost": 429537.29, "Plan Rows": 4838457, "Plan Width": 20}, {"Node Type": "Aggregate", "Strategy": "Sorted", "Partial Mode": "Simple", "Parent Relationship": "Inner", "Parallel Aware": false, "Startup Cost": 0.56, "Total Cost": 2535124.03, "Plan Rows": 661057, "Plan Width": 4, "Group Key": ["lineitem_1.l_orderkey"], "Filter": "(sum(lineitem_1.l_quantity) > '314'::numeric)", "Plans": [{"Node Type": "Index Scan", "Parent Relationship": "Outer", "Parallel Aware": false, "Scan Direction": "Forward", "Index Name": "idx_lineitem_orderkey", "Relation Name": "lineitem", "Alias": "lineitem_1", "Startup Cost": 0.56, "Total Cost": 2205447.6, "Plan Rows": 59985776, "Plan Width": 9}]}]}, {"Node Type": "Index Scan", "Parent Relationship": "Inner", "Parallel Aware": false, "Scan Direction": "Forward", "Index Name": "customer_pkey", "Relation Name": "customer", "Alias": "customer", "Startup Cost": 0.43, "Total Cost": 0.45, "Plan Rows": 1, "Plan Width": 23, "Index Cond": "(c_custkey = orders.o_custkey)"}]}, {"Node Type": "Index Scan", "Parent Relationship": "Inner", "Parallel Aware": false, "Scan Direction": "Forward", "Index Name": "idx_lineitem_orderkey", "Relation Name": "lineitem", "Alias": "lineitem", "Startup Cost": 0.56, "Total Cost": 1.2, "Plan Rows": 30, "Plan Width": 9, "Index Cond": "(l_orderkey = orders.o_orderkey)"}]}]}]}]}]}]}]}}, {"Plan": {"Node Type": "Limit", "Parallel Aware": false, "Startup Cost": 5897728.93, "Total Cost": 5897729.18, "Plan Rows": 100, "Plan Width": 71, "Plans": [{"Node Type": "Sort", "Parent Relationship": "Outer", "Parallel Aware": false, "Startup Cost": 5897728.93, "Total Cost": 5904338.28, "Plan Rows": 2643739, "Plan Width": 71, "Sort Key": ["orders.o_totalprice DESC", "orders.o_orderdate"], "Plans": [{"Node Type": "Aggregate", "Strategy": "Sorted", "Partial Mode": "Finalize", "Parent Relationship": "Outer", "Parallel Aware": false, "Startup Cost": 5418248.7, "Total Cost": 5796687.13, "Plan Rows": 2643739, "Plan Width": 71, "Group Key": ["customer.c_custkey", "orders.o_orderkey"], "Plans": [{"Node Type": "Gather Merge", "Parent Relationship": "Outer", "Parallel Aware": false, "Startup Cost": 5418248.7, "Total Cost": 5738055.82, "Plan Rows": 2558457, "Plan Width": 71, "Workers Planned": 3, "Plans": [{"Node Type": "Aggregate", "Strategy": "Sorted", "Partial Mode": "Partial", "Parent Relationship": "Outer", "Parallel Aware": false, "Startup Cost": 5417248.66, "Total Cost": 5436437.08, "Plan Rows": 852819, "Plan Width": 71, "Group Key": ["customer.c_custkey", "orders.o_orderkey"], "Plans": [{"Node Type": "Sort", "Parent Relationship": "Outer", "Parallel Aware": false, "Startup Cost": 5417248.66, "Total Cost": 5419380.7, "Plan Rows": 852819, "Plan Width": 44, "Sort Key": ["customer.c_custkey", "orders.o_orderkey"], "Plans": [{"Node Type": "Merge Join", "Parent Relationship": "Outer", "Parallel Aware": false, "Join Type": "Inner", "Startup Cost": 5297578.98, "Total Cost": 5317871.17, "Plan Rows": 852819, "Plan Width": 44, "Inner Unique": true, "Merge Cond": "(orders.o_custkey = customer.c_custkey)", "Plans": [{"Node Type": "Sort", "Parent Relationship": "Outer", "Parallel Aware": false, "Startup Cost": 5074858.47, "Total Cost": 5076990.52, "Plan Rows": 852819, "Plan Width": 25, "Sort Key": ["orders.o_custkey"], "Plans": [{"Node Type": "Merge Join", "Parent Relationship": "Outer", "Parallel Aware": false, "Join Type": "Inner", "Startup Cost": 46.92, "Total Cost": 4978896.29, "Plan Rows": 852819, "Plan Width": 25, "Inner Unique": false, "Merge Cond": "(lineitem.l_orderkey = orders.o_orderkey)", "Plans": [{"Node Type": "Index Scan", "Parent Relationship": "Outer", "Parallel Aware": true, "Scan Direction": "Forward", "Index Name": "idx_lineitem_orderkey", "Relation Name": "lineitem", "Alias": "lineitem", "Startup Cost": 0.56, "Total Cost": 1799092.35, "Plan Rows": 19350250, "Plan Width": 9}, {"Node Type": "Materialize", "Parent Relationship": "Inner", "Parallel Aware": false, "Startup Cost": 1.0, "Total Cost": 3120293.39, "Plan Rows": 661057, "Plan Width": 24, "Plans": [{"Node Type": "Merge Join", "Parent Relationship": "Outer", "Parallel Aware": false, "Join Type": "Inner", "Startup Cost": 1.0, "Total Cost": 3118640.75, "Plan Rows": 661057, "Plan Width": 24, "Inner Unique": true, "Merge Cond": "(orders.o_orderkey = lineitem_1.l_orderkey)", "Plans": [{"Node Type": "Index Scan", "Parent Relationship": "Outer", "Parallel Aware": false, "Scan Direction": "Forward", "Index Name": "orders_pkey", "Relation Name": "orders", "Alias": "orders", "Startup Cost": 0.43, "Total Cost": 531144.89, "Plan Rows": 14999217, "Plan Width": 20}, {"Node Type": "Aggregate", "Strategy": "Sorted", "Partial Mode": "Simple", "Parent Relationship": "Inner", "Parallel Aware": false, "Startup Cost": 0.56, "Total Cost": 2535124.03, "Plan Rows": 661057, "Plan Width": 4, "Group Key": ["lineitem_1.l_orderkey"], "Filter": "(sum(lineitem_1.l_quantity) > '314'::numeric)", "Plans": [{"Node Type": "Index Scan", "Parent Relationship": "Outer", "Parallel Aware": false, "Scan Direction": "Forward", "Index Name": "idx_lineitem_orderkey", "Relation Name": "lineitem", "Alias": "lineitem_1", "Startup Cost": 0.56, "Total Cost": 2205447.6, "Plan Rows": 59985776, "Plan Width": 9}]}]}]}]}]}, {"Node Type": "Sort", "Parent Relationship": "Inner", "Parallel Aware": false, "Startup Cost": 222720.48, "Total Cost": 226470.48, "Plan Rows": 1500000, "Plan Width": 23, "Sort Key": ["customer.c_custkey"], "Plans": [{"Node Type": "Seq Scan", "Parent Relationship": "Outer", "Parallel Aware": false, "Relation Name": "customer", "Alias": "customer", "Startup Cost": 0.0, "Total Cost": 50827.0, "Plan Rows": 1500000, "Plan Width": 23}]}]}]}]}]}]}]}]}}, {"Plan": {"Node Type": "Limit", "Parallel Aware": false, "Startup Cost": 4951208.53, "Total Cost": 4951208.78, "Plan Rows": 100, "Plan Width": 71, "Plans": [{"Node Type": "Sort", "Parent Relationship": "Outer", "Parallel Aware": false, "Startup Cost": 4951208.53, "Total Cost": 4957817.87, "Plan Rows": 2643739, "Plan Width": 71, "Sort Key": ["orders.o_totalprice DESC", "orders.o_orderdate"], "Plans": [{"Node Type": "Aggregate", "Strategy": "Sorted", "Partial Mode": "Simple", "Parent Relationship": "Outer", "Parallel Aware": false, "Startup Cost": 4790682.59, "Total Cost": 4850166.72, "Plan Rows": 2643739, "Plan Width": 71, "Group Key": ["customer.c_custkey", "orders.o_orderkey"], "Plans": [{"Node Type": "Sort", "Parent Relationship": "Outer", "Parallel Aware": false, "Startup Cost": 4790682.59, "Total Cost": 4797291.94, "Plan Rows": 2643739, "Plan Width": 44, "Sort Key": ["customer.c_custkey", "orders.o_orderkey"], "Plans": [{"Node Type": "Nested Loop", "Parent Relationship": "Outer", "Parallel Aware": false, "Join Type": "Inner", "Startup Cost": 1.99, "Total Cost": 4461039.2, "Plan Rows": 2643739, "Plan Width": 44, "Inner Unique": false, "Plans": [{"Node Type": "Nested Loop", "Parent Relationship": "Outer", "Parallel Aware": false, "Join Type": "Inner", "Startup Cost": 1.43, "Total Cost": 3469217.0, "Plan Rows": 661057, "Plan Width": 43, "Inner Unique": true, "Plans": [{"Node Type": "Nested Loop", "Parent Relationship": "Outer", "Parallel Aware": false, "Join Type": "Inner", "Startup Cost": 1.0, "Total Cost": 3173110.2, "Plan Rows": 661057, "Plan Width": 24, "Inner Unique": true, "Plans": [{"Node Type": "Aggregate", "Strategy": "Sorted", "Partial Mode": "Simple", "Parent Relationship": "Outer", "Parallel Aware": false, "Startup Cost": 0.56, "Total Cost": 2535124.03, "Plan Rows": 661057, "Plan Width": 4, "Group Key": ["lineitem_1.l_orderkey"], "Filter": "(sum(lineitem_1.l_quantity) > '314'::numeric)", "Plans": [{"Node Type": "Index Scan", "Parent Relationship": "Outer", "Parallel Aware": false, "Scan Direction": "Forward", "Index Name": "idx_lineitem_orderkey", "Relation Name": "lineitem", "Alias": "lineitem_1", "Startup Cost": 0.56, "Total Cost": 2205447.6, "Plan Rows": 59985776, "Plan Width": 9}]}, {"Node Type": "Index Scan", "Parent Relationship": "Inner", "Parallel Aware": false, "Scan Direction": "Forward", "Index Name": "orders_pkey", "Relation Name": "orders", "Alias": "orders", "Startup Cost": 0.43, "Total Cost": 0.96, "Plan Rows": 1, "Plan Width": 20, "Index Cond": "(o_orderkey = lineitem_1.l_orderkey)"}]}, {"Node Type": "Index Scan", "Parent Relationship": "Inner", "Parallel Aware": false, "Scan Direction": "Forward", "Index Name": "customer_pkey", "Relation Name": "customer", "Alias": "customer", "Startup Cost": 0.43, "Total Cost": 0.45, "Plan Rows": 1, "Plan Width": 23, "Index Cond": "(c_custkey = orders.o_custkey)"}]}, {"Node Type": "Index Scan", "Parent Relationship": "Inner", "Parallel Aware": false, "Scan Direction": "Forward", "Index Name": "idx_lineitem_orderkey", "Relation Name": "lineitem", "Alias": "lineitem", "Startup Cost": 0.56, "Total Cost": 1.2, "Plan Rows": 30, "Plan Width": 9, "Index Cond": "(l_orderkey = orders.o_orderkey)"}]}]}]}]}]}}, {"Plan": {"Node Type": "Limit", "Parallel Aware": false, "Startup Cost": 4951208.53, "Total Cost": 4951208.78, "Plan Rows": 100, "Plan Width": 71, "Plans": [{"Node Type": "Sort", "Parent Relationship": "Outer", "Parallel Aware": false, "Startup Cost": 4951208.53, "Total Cost": 4957817.87, "Plan Rows": 2643739, "Plan Width": 71, "Sort Key": ["orders.o_totalprice DESC", "orders.o_orderdate"], "Plans": [{"Node Type": "Aggregate", "Strategy": "Sorted", "Partial Mode": "Simple", "Parent Relationship": "Outer", "Parallel Aware": false, "Startup Cost": 4790682.59, "Total Cost": 4850166.72, "Plan Rows": 2643739, "Plan Width": 71, "Group Key": ["customer.c_custkey", "orders.o_orderkey"], "Plans": [{"Node Type": "Sort", "Parent Relationship": "Outer", "Parallel Aware": false, "Startup Cost": 4790682.59, "Total Cost": 4797291.94, "Plan Rows": 2643739, "Plan Width": 44, "Sort Key": ["customer.c_custkey", "orders.o_orderkey"], "Plans": [{"Node Type": "Nested Loop", "Parent Relationship": "Outer", "Parallel Aware": false, "Join Type": "Inner", "Startup Cost": 1.99, "Total Cost": 4461039.2, "Plan Rows": 2643739, "Plan Width": 44, "Inner Unique": false, "Plans": [{"Node Type": "Nested Loop", "Parent Relationship": "Outer", "Parallel Aware": false, "Join Type": "Inner", "Startup Cost": 1.43, "Total Cost": 3469217.0, "Plan Rows": 661057, "Plan Width": 43, "Inner Unique": true, "Plans": [{"Node Type": "Nested Loop", "Parent Relationship": "Outer", "Parallel Aware": false, "Join Type": "Inner", "Startup Cost": 1.0, "Total Cost": 3173110.2, "Plan Rows": 661057, "Plan Width": 24, "Inner Unique": true, "Plans": [{"Node Type": "Aggregate", "Strategy": "Sorted", "Partial Mode": "Simple", "Parent Relationship": "Outer", "Parallel Aware": false, "Startup Cost": 0.56, "Total Cost": 2535124.03, "Plan Rows": 661057, "Plan Width": 4, "Group Key": ["lineitem_1.l_orderkey"], "Filter": "(sum(lineitem_1.l_quantity) > '314'::numeric)", "Plans": [{"Node Type": "Index Scan", "Parent Relationship": "Outer", "Parallel Aware": false, "Scan Direction": "Forward", "Index Name": "idx_lineitem_orderkey", "Relation Name": "lineitem", "Alias": "lineitem_1", "Startup Cost": 0.56, "Total Cost": 2205447.6, "Plan Rows": 59985776, "Plan Width": 9}]}, {"Node Type": "Index Scan", "Parent Relationship": "Inner", "Parallel Aware": false, "Scan Direction": "Forward", "Index Name": "orders_pkey", "Relation Name": "orders", "Alias": "orders", "Startup Cost": 0.43, "Total Cost": 0.96, "Plan Rows": 1, "Plan Width": 20, "Index Cond": "(o_orderkey = lineitem_1.l_orderkey)"}]}, {"Node Type": "Index Scan", "Parent Relationship": "Inner", "Parallel Aware": false, "Scan Direction": "Forward", "Index Name": "customer_pkey", "Relation Name": "customer", "Alias": "customer", "Startup Cost": 0.43, "Total Cost": 0.45, "Plan Rows": 1, "Plan Width": 23, "Index Cond": "(c_custkey = orders.o_custkey)"}]}, {"Node Type": "Index Scan", "Parent Relationship": "Inner", "Parallel Aware": false, "Scan Direction": "Forward", "Index Name": "idx_lineitem_orderkey", "Relation Name": "lineitem", "Alias": "lineitem", "Startup Cost": 0.56, "Total Cost": 1.2, "Plan Rows": 30, "Plan Width": 9, "Index Cond": "(l_orderkey = orders.o_orderkey)"}]}]}]}]}]}}, {"Plan": {"Node Type": "Limit", "Parallel Aware": false, "Startup Cost": 8394413.94, "Total Cost": 8394414.19, "Plan Rows": 100, "Plan Width": 71, "Plans": [{"Node Type": "Sort", "Parent Relationship": "Outer", "Parallel Aware": false, "Startup Cost": 8394413.94, "Total Cost": 8401023.28, "Plan Rows": 2643739, "Plan Width": 71, "Sort Key": ["orders.o_totalprice DESC", "orders.o_orderdate"], "Plans": [{"Node Type": "Aggregate", "Strategy": "Sorted", "Partial Mode": "Simple", "Parent Relationship": "Outer", "Parallel Aware": false, "Startup Cost": 8233888.01, "Total Cost": 8293372.13, "Plan Rows": 2643739, "Plan Width": 71, "Group Key": ["customer.c_custkey", "orders.o_orderkey"], "Plans": [{"Node Type": "Sort", "Parent Relationship": "Outer", "Parallel Aware": false, "Startup Cost": 8233888.01, "Total Cost": 8240497.35, "Plan Rows": 2643739, "Plan Width": 44, "Sort Key": ["customer.c_custkey", "orders.o_orderkey"], "Plans": [{"Node Type": "Nested Loop", "Parent Relationship": "Outer", "Parallel Aware": false, "Join Type": "Inner", "Startup Cost": 6172568.02, "Total Cost": 7904244.61, "Plan Rows": 2643739, "Plan Width": 44, "Inner Unique": false, "Plans": [{"Node Type": "Merge Join", "Parent Relationship": "Outer", "Parallel Aware": false, "Join Type": "Inner", "Startup Cost": 6172567.2, "Total Cost": 6189982.96, "Plan Rows": 661057, "Plan Width": 43, "Inner Unique": true, "Merge Cond": "(orders.o_custkey = customer.c_custkey)", "Plans": [{"Node Type": "Sort", "Parent Relationship": "Outer", "Parallel Aware": false, "Startup Cost": 5949846.7, "Total Cost": 5951499.34, "Plan Rows": 661057, "Plan Width": 24, "Sort Key": ["orders.o_custkey"], "Plans": [{"Node Type": "Nested Loop", "Parent Relationship": "Outer", "Parallel Aware": false, "Join Type": "Inner", "Startup Cost": 3854683.39, "Total Cost": 5877999.25, "Plan Rows": 661057, "Plan Width": 24, "Inner Unique": true, "Plans": [{"Node Type": "Aggregate", "Strategy": "Sorted", "Partial Mode": "Finalize", "Parent Relationship": "Outer", "Parallel Aware": false, "Startup Cost": 3854682.88, "Total Cost": 4798035.68, "Plan Rows": 661057, "Plan Width": 4, "Group Key": ["lineitem_1.l_orderkey"], "Filter": "(sum(lineitem_1.l_quantity) > '314'::numeric)", "Plans": [{"Node Type": "Gather Merge", "Parent Relationship": "Outer", "Parallel Aware": false, "Startup Cost": 3854682.88, "Total Cost": 4723666.8, "Plan Rows": 5949510, "Plan Width": 36, "Workers Planned": 3, "Plans": [{"Node Type": "Aggregate", "Strategy": "Sorted", "Partial Mode": "Partial", "Parent Relationship": "Outer", "Parallel Aware": false, "Startup Cost": 3853682.84, "Total Cost": 4023599.34, "Plan Rows": 1983170, "Plan Width": 36, "Group Key": ["lineitem_1.l_orderkey"], "Plans": [{"Node Type": "Sort", "Parent Relationship": "Outer", "Parallel Aware": false, "Startup Cost": 3853682.84, "Total Cost": 3902058.46, "Plan Rows": 19350250, "Plan Width": 9, "Sort Key": ["lineitem_1.l_orderkey"], "Plans": [{"Node Type": "Seq Scan", "Parent Relationship": "Outer", "Parallel Aware": true, "Relation Name": "lineitem", "Alias": "lineitem_1", "Startup Cost": 0.0, "Total Cost": 1318044.5, "Plan Rows": 19350250, "Plan Width": 9}]}]}]}]}, {"Node Type": "Bitmap Heap Scan", "Parent Relationship": "Inner", "Parallel Aware": false, "Relation Name": "orders", "Alias": "orders", "Startup Cost": 0.51, "Total Cost": 1.62, "Plan Rows": 1, "Plan Width": 20, "Recheck Cond": "(o_orderkey = lineitem_1.l_orderkey)", "Plans": [{"Node Type": "Bitmap Index Scan", "Parent Relationship": "Outer", "Parallel Aware": false, "Index Name": "orders_pkey", "Startup Cost": 0.0, "Total Cost": 0.51, "Plan Rows": 1, "Plan Width": 0, "Index Cond": "(o_orderkey = lineitem_1.l_orderkey)"}]}]}]}, {"Node Type": "Sort", "Parent Relationship": "Inner", "Parallel Aware": false, "Startup Cost": 222720.48, "Total Cost": 226470.48, "Plan Rows": 1500000, "Plan Width": 23, "Sort Key": ["customer.c_custkey"], "Plans": [{"Node Type": "Seq Scan", "Parent Relationship": "Outer", "Parallel Aware": false, "Relation Name": "customer", "Alias": "customer", "Startup Cost": 0.0, "Total Cost": 50827.0, "Plan Rows": 1500000, "Plan Width": 23}]}]}, {"Node Type": "Bitmap Heap Scan", "Parent Relationship": "Inner", "Parallel Aware": false, "Relation Name": "lineitem", "Alias": "lineitem", "Startup Cost": 0.82, "Total Cost": 2.29, "Plan Rows": 30, "Plan Width": 9, "Recheck Cond": "(l_orderkey = orders.o_orderkey)", "Plans": [{"Node Type": "Bitmap Index Scan", "Parent Relationship": "Outer", "Parallel Aware": false, "Index Name": "lineitem_pkey", "Startup Cost": 0.0, "Total Cost": 0.81, "Plan Rows": 30, "Plan Width": 0, "Index Cond": "(l_orderkey = orders.o_orderkey)"}]}]}]}]}]}]}}, {"Plan": {"Node Type": "Limit", "Parallel Aware": false, "Startup Cost": 18631039.05, "Total Cost": 18631039.3, "Plan Rows": 100, "Plan Width": 71, "Plans": [{"Node Type": "Sort", "Parent Relationship": "Outer", "Parallel Aware": false, "Startup Cost": 18631039.05, "Total Cost": 18637648.39, "Plan Rows": 2643739, "Plan Width": 71, "Sort Key": ["orders.o_totalprice DESC", "orders.o_orderdate"], "Plans": [{"Node Type": "Aggregate", "Strategy": "Sorted", "Partial Mode": "Finalize", "Parent Relationship": "Outer", "Parallel Aware": false, "Startup Cost": 18151558.81, "Total Cost": 18529997.24, "Plan Rows": 2643739, "Plan Width": 71, "Group Key": ["customer.c_custkey", "orders.o_orderkey"], "Plans": [{"Node Type": "Gather Merge", "Parent Relationship": "Outer", "Parallel Aware": false, "Startup Cost": 18151558.81, "Total Cost": 18471365.94, "Plan Rows": 2558457, "Plan Width": 71, "Workers Planned": 3, "Plans": [{"Node Type": "Aggregate", "Strategy": "Sorted", "Partial Mode": "Partial", "Parent Relationship": "Outer", "Parallel Aware": false, "Startup Cost": 18150558.77, "Total Cost": 18169747.2, "Plan Rows": 852819, "Plan Width": 71, "Group Key": ["customer.c_custkey", "orders.o_orderkey"], "Plans": [{"Node Type": "Sort", "Parent Relationship": "Outer", "Parallel Aware": false, "Startup Cost": 18150558.77, "Total Cost": 18152690.82, "Plan Rows": 852819, "Plan Width": 44, "Sort Key": ["customer.c_custkey", "orders.o_orderkey"], "Plans": [{"Node Type": "Merge Join", "Parent Relationship": "Outer", "Parallel Aware": false, "Join Type": "Inner", "Startup Cost": 18030889.1, "Total Cost": 18051181.28, "Plan Rows": 852819, "Plan Width": 44, "Inner Unique": true, "Merge Cond": "(orders.o_custkey = customer.c_custkey)", "Plans": [{"Node Type": "Sort", "Parent Relationship": "Outer", "Parallel Aware": false, "Startup Cost": 17808168.59, "Total Cost": 17810300.64, "Plan Rows": 852819, "Plan Width": 25, "Sort Key": ["orders.o_custkey"], "Plans": [{"Node Type": "Merge Join", "Parent Relationship": "Outer", "Parallel Aware": false, "Join Type": "Inner", "Startup Cost": 16907444.4, "Total Cost": 17712206.4, "Plan Rows": 852819, "Plan Width": 25, "Inner Unique": true, "Merge Cond": "(lineitem.l_orderkey = orders.o_orderkey)", "Plans": [{"Node Type": "Merge Join", "Parent Relationship": "Outer", "Parallel Aware": false, "Join Type": "Inner", "Startup Cost": 14528570.12, "Total Cost": 15177726.33, "Plan Rows": 6450087, "Plan Width": 13, "Inner Unique": true, "Merge Cond": "(lineitem.l_orderkey = lineitem_1.l_orderkey)", "Plans": [{"Node Type": "Sort", "Parent Relationship": "Outer", "Parallel Aware": false, "Startup Cost": 3853682.84, "Total Cost": 3902058.46, "Plan Rows": 19350250, "Plan Width": 9, "Sort Key": ["lineitem.l_orderkey"], "Plans": [{"Node Type": "Seq Scan", "Parent Relationship": "Outer", "Parallel Aware": true, "Relation Name": "lineitem", "Alias": "lineitem", "Startup Cost": 0.0, "Total Cost": 1318044.5, "Plan Rows": 19350250, "Plan Width": 9}]}, {"Node Type": "Aggregate", "Strategy": "Sorted", "Partial Mode": "Simple", "Parent Relationship": "Inner", "Parallel Aware": false, "Startup Cost": 10674887.29, "Total Cost": 11154528.16, "Plan Rows": 661057, "Plan Width": 4, "Group Key": ["lineitem_1.l_orderkey"], "Filter": "(sum(lineitem_1.l_quantity) > '314'::numeric)", "Plans": [{"Node Type": "Sort", "Parent Relationship": "Outer", "Parallel Aware": false, "Startup Cost": 10674887.29, "Total Cost": 10824851.73, "Plan Rows": 59985776, "Plan Width": 9, "Sort Key": ["lineitem_1.l_orderkey"], "Plans": [{"Node Type": "Seq Scan", "Parent Relationship": "Outer", "Parallel Aware": false, "Relation Name": "lineitem", "Alias": "lineitem_1", "Startup Cost": 0.0, "Total Cost": 1724399.76, "Plan Rows": 59985776, "Plan Width": 9}]}]}]}, {"Node Type": "Sort", "Parent Relationship": "Inner", "Parallel Aware": false, "Startup Cost": 2378857.98, "Total Cost": 2416356.02, "Plan Rows": 14999217, "Plan Width": 20, "Sort Key": ["orders.o_orderkey"], "Plans": [{"Node Type": "Seq Scan", "Parent Relationship": "Outer", "Parallel Aware": false, "Relation Name": "orders", "Alias": "orders", "Startup Cost": 0.0, "Total Cost": 410904.17, "Plan Rows": 14999217, "Plan Width": 20}]}]}]}, {"Node Type": "Sort", "Parent Relationship": "Inner", "Parallel Aware": false, "Startup Cost": 222720.48, "Total Cost": 226470.48, "Plan Rows": 1500000, "Plan Width": 23, "Sort Key": ["customer.c_custkey"], "Plans": [{"Node Type": "Seq Scan", "Parent Relationship": "Outer", "Parallel Aware": false, "Relation Name": "customer", "Alias": "customer", "Startup Cost": 0.0, "Total Cost": 50827.0, "Plan Rows": 1500000, "Plan Width": 23}]}]}]}]}]}]}]}]}}, {"Plan": {"Node Type": "Limit", "Parallel Aware": false, "Startup Cost": 9105780.74, "Total Cost": 9105780.99, "Plan Rows": 100, "Plan Width": 71, "Plans": [{"Node Type": "Sort", "Parent Relationship": "Outer", "Parallel Aware": false, "Startup Cost": 9105780.74, "Total Cost": 9112390.08, "Plan Rows": 2643739, "Plan Width": 71, "Sort Key": ["orders.o_totalprice DESC", "orders.o_orderdate"], "Plans": [{"Node Type": "Aggregate", "Strategy": "Sorted", "Partial Mode": "Simple", "Parent Relationship": "Outer", "Parallel Aware": false, "Startup Cost": 8945254.81, "Total Cost": 9004738.93, "Plan Rows": 2643739, "Plan Width": 71, "Group Key": ["customer.c_custkey", "orders.o_orderkey"], "Plans": [{"Node Type": "Sort", "Parent Relationship": "Outer", "Parallel Aware": false, "Startup Cost": 8945254.81, "Total Cost": 8951864.15, "Plan Rows": 2643739, "Plan Width": 44, "Sort Key": ["customer.c_custkey", "orders.o_orderkey"], "Plans": [{"Node Type": "Nested Loop", "Parent Relationship": "Outer", "Parallel Aware": false, "Join Type": "Inner", "Startup Cost": 3854684.64, "Total Cost": 8615611.41, "Plan Rows": 2643739, "Plan Width": 44, "Inner Unique": false, "Plans": [{"Node Type": "Nested Loop", "Parent Relationship": "Outer", "Parallel Aware": false, "Join Type": "Inner", "Startup Cost": 3854683.83, "Total Cost": 6901349.76, "Plan Rows": 661057, "Plan Width": 43, "Inner Unique": true, "Plans": [{"Node Type": "Nested Loop", "Parent Relationship": "Outer", "Parallel Aware": false, "Join Type": "Inner", "Startup Cost": 3854683.39, "Total Cost": 5877999.25, "Plan Rows": 661057, "Plan Width": 24, "Inner Unique": true, "Plans": [{"Node Type": "Aggregate", "Strategy": "Sorted", "Partial Mode": "Finalize", "Parent Relationship": "Outer", "Parallel Aware": false, "Startup Cost": 3854682.88, "Total Cost": 4798035.68, "Plan Rows": 661057, "Plan Width": 4, "Group Key": ["lineitem_1.l_orderkey"], "Filter": "(sum(lineitem_1.l_quantity) > '314'::numeric)", "Plans": [{"Node Type": "Gather Merge", "Parent Relationship": "Outer", "Parallel Aware": false, "Startup Cost": 3854682.88, "Total Cost": 4723666.8, "Plan Rows": 5949510, "Plan Width": 36, "Workers Planned": 3, "Plans": [{"Node Type": "Aggregate", "Strategy": "Sorted", "Partial Mode": "Partial", "Parent Relationship": "Outer", "Parallel Aware": false, "Startup Cost": 3853682.84, "Total Cost": 4023599.34, "Plan Rows": 1983170, "Plan Width": 36, "Group Key": ["lineitem_1.l_orderkey"], "Plans": [{"Node Type": "Sort", "Parent Relationship": "Outer", "Parallel Aware": false, "Startup Cost": 3853682.84, "Total Cost": 3902058.46, "Plan Rows": 19350250, "Plan Width": 9, "Sort Key": ["lineitem_1.l_orderkey"], "Plans": [{"Node Type": "Seq Scan", "Parent Relationship": "Outer", "Parallel Aware": true, "Relation Name": "lineitem", "Alias": "lineitem_1", "Startup Cost": 0.0, "Total Cost": 1318044.5, "Plan Rows": 19350250, "Plan Width": 9}]}]}]}]}, {"Node Type": "Bitmap Heap Scan", "Parent Relationship": "Inner", "Parallel Aware": false, "Relation Name": "orders", "Alias": "orders", "Startup Cost": 0.51, "Total Cost": 1.62, "Plan Rows": 1, "Plan Width": 20, "Recheck Cond": "(o_orderkey = lineitem_1.l_orderkey)", "Plans": [{"Node Type": "Bitmap Index Scan", "Parent Relationship": "Outer", "Parallel Aware": false, "Index Name": "orders_pkey", "Startup Cost": 0.0, "Total Cost": 0.51, "Plan Rows": 1, "Plan Width": 0, "Index Cond": "(o_orderkey = lineitem_1.l_orderkey)"}]}]}, {"Node Type": "Bitmap Heap Scan", "Parent Relationship": "Inner", "Parallel Aware": false, "Relation Name": "customer", "Alias": "customer", "Startup Cost": 0.44, "Total Cost": 1.55, "Plan Rows": 1, "Plan Width": 23, "Recheck Cond": "(c_custkey = orders.o_custkey)", "Plans": [{"Node Type": "Bitmap Index Scan", "Parent Relationship": "Outer", "Parallel Aware": false, "Index Name": "customer_pkey", "Startup Cost": 0.0, "Total Cost": 0.44, "Plan Rows": 1, "Plan Width": 0, "Index Cond": "(c_custkey = orders.o_custkey)"}]}]}, {"Node Type": "Bitmap Heap Scan", "Parent Relationship": "Inner", "Parallel Aware": false, "Relation Name": "lineitem", "Alias": "lineitem", "Startup Cost": 0.82, "Total Cost": 2.29, "Plan Rows": 30, "Plan Width": 9, "Recheck Cond": "(l_orderkey = orders.o_orderkey)", "Plans": [{"Node Type": "Bitmap Index Scan", "Parent Relationship": "Outer", "Parallel Aware": false, "Index Name": "lineitem_pkey", "Startup Cost": 0.0, "Total Cost": 0.81, "Plan Rows": 30, "Plan Width": 0, "Index Cond": "(l_orderkey = orders.o_orderkey)"}]}]}]}]}]}]}}, {"Plan": {"Node Type": "Limit", "Parallel Aware": false, "Startup Cost": 3879497.11, "Total Cost": 3879497.36, "Plan Rows": 100, "Plan Width": 71, "Plans": [{"Node Type": "Sort", "Parent Relationship": "Outer", "Parallel Aware": false, "Startup Cost": 3879497.11, "Total Cost": 3886106.46, "Plan Rows": 2643739, "Plan Width": 71, "Sort Key": ["orders.o_totalprice DESC", "orders.o_orderdate"], "Plans": [{"Node Type": "Aggregate", "Strategy": "Sorted", "Partial Mode": "Finalize", "Parent Relationship": "Outer", "Parallel Aware": false, "Startup Cost": 3400016.88, "Total Cost": 3778455.31, "Plan Rows": 2643739, "Plan Width": 71, "Group Key": ["customer.c_custkey", "orders.o_orderkey"], "Plans": [{"Node Type": "Gather Merge", "Parent Relationship": "Outer", "Parallel Aware": false, "Startup Cost": 3400016.88, "Total Cost": 3719824.0, "Plan Rows": 2558457, "Plan Width": 71, "Workers Planned": 3, "Plans": [{"Node Type": "Aggregate", "Strategy": "Sorted", "Partial Mode": "Partial", "Parent Relationship": "Outer", "Parallel Aware": false, "Startup Cost": 3399016.84, "Total Cost": 3418205.26, "Plan Rows": 852819, "Plan Width": 71, "Group Key": ["customer.c_custkey", "orders.o_orderkey"], "Plans": [{"Node Type": "Sort", "Parent Relationship": "Outer", "Parallel Aware": false, "Startup Cost": 3399016.84, "Total Cost": 3401148.88, "Plan Rows": 852819, "Plan Width": 44, "Sort Key": ["customer.c_custkey", "orders.o_orderkey"], "Plans": [{"Node Type": "Nested Loop", "Parent Relationship": "Outer", "Parallel Aware": false, "Join Type": "Inner", "Startup Cost": 2936529.45, "Total Cost": 3299639.35, "Plan Rows": 852819, "Plan Width": 44, "Inner Unique": false, "Plans": [{"Node Type": "Hash Join", "Parent Relationship": "Outer", "Parallel Aware": true, "Join Type": "Inner", "Startup Cost": 2936528.89, "Total Cost": 2979696.99, "Plan Rows": 213244, "Plan Width": 43, "Inner Unique": false, "Hash Cond": "(customer.c_custkey = orders.o_custkey)", "Plans": [{"Node Type": "Seq Scan", "Parent Relationship": "Outer", "Parallel Aware": true, "Relation Name": "customer", "Alias": "customer", "Startup Cost": 0.0, "Total Cost": 40665.71, "Plan Rows": 483871, "Plan Width": 23}, {"Node Type": "Hash", "Parent Relationship": "Inner", "Parallel Aware": true, "Startup Cost": 2933863.34, "Total Cost": 2933863.34, "Plan Rows": 213244, "Plan Width": 24, "Plans": [{"Node Type": "Hash Join", "Parent Relationship": "Outer", "Parallel Aware": false, "Join Type": "Inner", "Startup Cost": 2552580.82, "Total Cost": 2933863.34, "Plan Rows": 213244, "Plan Width": 24, "Inner Unique": true, "Hash Cond": "(orders.o_orderkey = lineitem_1.l_orderkey)", "Plans": [{"Node Type": "Seq Scan", "Parent Relationship": "Outer", "Parallel Aware": true, "Relation Name": "orders", "Alias": "orders", "Startup Cost": 0.0, "Total Cost": 309296.57, "Plan Rows": 4838457, "Plan Width": 20}, {"Node Type": "Hash", "Parent Relationship": "Inner", "Parallel Aware": false, "Startup Cost": 2541734.6, "Total Cost": 2541734.6, "Plan Rows": 661057, "Plan Width": 4, "Plans": [{"Node Type": "Aggregate", "Strategy": "Sorted", "Partial Mode": "Simple", "Parent Relationship": "Outer", "Parallel Aware": false, "Startup Cost": 0.56, "Total Cost": 2535124.03, "Plan Rows": 661057, "Plan Width": 4, "Group Key": ["lineitem_1.l_orderkey"], "Filter": "(sum(lineitem_1.l_quantity) > '314'::numeric)", "Plans": [{"Node Type": "Index Scan", "Parent Relationship": "Outer", "Parallel Aware": false, "Scan Direction": "Forward", "Index Name": "idx_lineitem_orderkey", "Relation Name": "lineitem", "Alias": "lineitem_1", "Startup Cost": 0.56, "Total Cost": 2205447.6, "Plan Rows": 59985776, "Plan Width": 9}]}]}]}]}]}, {"Node Type": "Index Scan", "Parent Relationship": "Inner", "Parallel Aware": false, "Scan Direction": "Forward", "Index Name": "idx_lineitem_orderkey", "Relation Name": "lineitem", "Alias": "lineitem", "Startup Cost": 0.56, "Total Cost": 1.2, "Plan Rows": 30, "Plan Width": 9, "Index Cond": "(l_orderkey = orders.o_orderkey)"}]}]}]}]}]}]}]}}]