[{"Plan": {"Node Type": "Limit", "Parallel Aware": false, "Startup Cost": 2850619.95, "Total Cost": 2850620.46, "Plan Rows": 1, "Plan Width": 236, "Plans": [{"Node Type": "Aggregate", "Strategy": "Sorted", "Partial Mode": "Finalize", "Parent Relationship": "Outer", "Parallel Aware": false, "Startup Cost": 2850619.95, "Total Cost": 2850623.01, "Plan Rows": 6, "Plan Width": 236, "Group Key": ["l_returnflag", "l_linestatus"], "Plans": [{"Node Type": "Gather Merge", "Parent Relationship": "Outer", "Parallel Aware": false, "Startup Cost": 2850619.95, "Total Cost": 2850622.08, "Plan Rows": 18, "Plan Width": 236, "Workers Planned": 3, "Plans": [{"Node Type": "Sort", "Parent Relationship": "Outer", "Parallel Aware": false, "Startup Cost": 2849619.91, "Total Cost": 2849619.93, "Plan Rows": 6, "Plan Width": 236, "Sort Key": ["l_returnflag", "l_linestatus"], "Plans": [{"Node Type": "Aggregate", "Strategy": "Hashed", "Partial Mode": "Partial", "Parent Relationship": "Outer", "Parallel Aware": false, "Startup Cost": 2849619.67, "Total Cost": 2849619.84, "Plan Rows": 6, "Plan Width": 236, "Group Key": ["l_returnflag", "l_linestatus"], "Plans": [{"Node Type": "Bitmap Heap Scan", "Parent Relationship": "Outer", "Parallel Aware": true, "Relation Name": "lineitem", "Alias": "lineitem", "Startup Cost": 714531.32, "Total Cost": 2080751.67, "Plan Rows": 19221700, "Plan Width": 25, "Recheck Cond": "(l_shipdate <= '1998-09-30 00:00:00'::timestamp without time zone)", "Plans": [{"Node Type": "Bitmap Index Scan", "Parent Relationship": "Outer", "Parallel Aware": false, "Index Name": "idx_lineitem_shipdate", "Startup Cost": 0.0, "Total Cost": 699634.5, "Plan Rows": 59587271, "Plan Width": 0, "Index Cond": "(l_shipdate <= '1998-09-30 00:00:00'::timestamp without time zone)"}]}]}]}]}]}]}}, {"Plan": {"Node Type": "Limit", "Parallel Aware": false, "Startup Cost": 2850619.95, "Total Cost": 2850620.46, "Plan Rows": 1, "Plan Width": 236, "Plans": [{"Node Type": "Aggregate", "Strategy": "Sorted", "Partial Mode": "Finalize", "Parent Relationship": "Outer", "Parallel Aware": false, "Startup Cost": 2850619.95, "Total Cost": 2850623.01, "Plan Rows": 6, "Plan Width": 236, "Group Key": ["l_returnflag", "l_linestatus"], "Plans": [{"Node Type": "Gather Merge", "Parent Relationship": "Outer", "Parallel Aware": false, "Startup Cost": 2850619.95, "Total Cost": 2850622.08, "Plan Rows": 18, "Plan Width": 236, "Workers Planned": 3, "Plans": [{"Node Type": "Sort", "Parent Relationship": "Outer", "Parallel Aware": false, "Startup Cost": 2849619.91, "Total Cost": 2849619.93, "Plan Rows": 6, "Plan Width": 236, "Sort Key": ["l_returnflag", "l_linestatus"], "Plans": [{"Node Type": "Aggregate", "Strategy": "Hashed", "Partial Mode": "Partial", "Parent Relationship": "Outer", "Parallel Aware": false, "Startup Cost": 2849619.67, "Total Cost": 2849619.84, "Plan Rows": 6, "Plan Width": 236, "Group Key": ["l_returnflag", "l_linestatus"], "Plans": [{"Node Type": "Bitmap Heap Scan", "Parent Relationship": "Outer", "Parallel Aware": true, "Relation Name": "lineitem", "Alias": "lineitem", "Startup Cost": 714531.32, "Total Cost": 2080751.67, "Plan Rows": 19221700, "Plan Width": 25, "Recheck Cond": "(l_shipdate <= '1998-09-30 00:00:00'::timestamp without time zone)", "Plans": [{"Node Type": "Bitmap Index Scan", "Parent Relationship": "Outer", "Parallel Aware": false, "Index Name": "idx_lineitem_shipdate", "Startup Cost": 0.0, "Total Cost": 699634.5, "Plan Rows": 59587271, "Plan Width": 0, "Index Cond": "(l_shipdate <= '1998-09-30 00:00:00'::timestamp without time zone)"}]}]}]}]}]}]}}, {"Plan": {"Node Type": "Limit", "Parallel Aware": false, "Startup Cost": 2850619.95, "Total Cost": 2850620.46, "Plan Rows": 1, "Plan Width": 236, "Plans": [{"Node Type": "Aggregate", "Strategy": "Sorted", "Partial Mode": "Finalize", "Parent Relationship": "Outer", "Parallel Aware": false, "Startup Cost": 2850619.95, "Total Cost": 2850623.01, "Plan Rows": 6, "Plan Width": 236, "Group Key": ["l_returnflag", "l_linestatus"], "Plans": [{"Node Type": "Gather Merge", "Parent Relationship": "Outer", "Parallel Aware": false, "Startup Cost": 2850619.95, "Total Cost": 2850622.08, "Plan Rows": 18, "Plan Width": 236, "Workers Planned": 3, "Plans": [{"Node Type": "Sort", "Parent Relationship": "Outer", "Parallel Aware": false, "Startup Cost": 2849619.91, "Total Cost": 2849619.93, "Plan Rows": 6, "Plan Width": 236, "Sort Key": ["l_returnflag", "l_linestatus"], "Plans": [{"Node Type": "Aggregate", "Strategy": "Hashed", "Partial Mode": "Partial", "Parent Relationship": "Outer", "Parallel Aware": false, "Startup Cost": 2849619.67, "Total Cost": 2849619.84, "Plan Rows": 6, "Plan Width": 236, "Group Key": ["l_returnflag", "l_linestatus"], "Plans": [{"Node Type": "Bitmap Heap Scan", "Parent Relationship": "Outer", "Parallel Aware": true, "Relation Name": "lineitem", "Alias": "lineitem", "Startup Cost": 714531.32, "Total Cost": 2080751.67, "Plan Rows": 19221700, "Plan Width": 25, "Recheck Cond": "(l_shipdate <= '1998-09-30 00:00:00'::timestamp without time zone)", "Plans": [{"Node Type": "Bitmap Index Scan", "Parent Relationship": "Outer", "Parallel Aware": false, "Index Name": "idx_lineitem_shipdate", "Startup Cost": 0.0, "Total Cost": 699634.5, "Plan Rows": 59587271, "Plan Width": 0, "Index Cond": "(l_shipdate <= '1998-09-30 00:00:00'::timestamp without time zone)"}]}]}]}]}]}]}}, {"Plan": {"Node Type": "Limit", "Parallel Aware": false, "Startup Cost": 2850619.95, "Total Cost": 2850620.46, "Plan Rows": 1, "Plan Width": 236, "Plans": [{"Node Type": "Aggregate", "Strategy": "Sorted", "Partial Mode": "Finalize", "Parent Relationship": "Outer", "Parallel Aware": false, "Startup Cost": 2850619.95, "Total Cost": 2850623.01, "Plan Rows": 6, "Plan Width": 236, "Group Key": ["l_returnflag", "l_linestatus"], "Plans": [{"Node Type": "Gather Merge", "Parent Relationship": "Outer", "Parallel Aware": false, "Startup Cost": 2850619.95, "Total Cost": 2850622.08, "Plan Rows": 18, "Plan Width": 236, "Workers Planned": 3, "Plans": [{"Node Type": "Sort", "Parent Relationship": "Outer", "Parallel Aware": false, "Startup Cost": 2849619.91, "Total Cost": 2849619.93, "Plan Rows": 6, "Plan Width": 236, "Sort Key": ["l_returnflag", "l_linestatus"], "Plans": [{"Node Type": "Aggregate", "Strategy": "Hashed", "Partial Mode": "Partial", "Parent Relationship": "Outer", "Parallel Aware": false, "Startup Cost": 2849619.67, "Total Cost": 2849619.84, "Plan Rows": 6, "Plan Width": 236, "Group Key": ["l_returnflag", "l_linestatus"], "Plans": [{"Node Type": "Bitmap Heap Scan", "Parent Relationship": "Outer", "Parallel Aware": true, "Relation Name": "lineitem", "Alias": "lineitem", "Startup Cost": 714531.32, "Total Cost": 2080751.67, "Plan Rows": 19221700, "Plan Width": 25, "Recheck Cond": "(l_shipdate <= '1998-09-30 00:00:00'::timestamp without time zone)", "Plans": [{"Node Type": "Bitmap Index Scan", "Parent Relationship": "Outer", "Parallel Aware": false, "Index Name": "idx_lineitem_shipdate", "Startup Cost": 0.0, "Total Cost": 699634.5, "Plan Rows": 59587271, "Plan Width": 0, "Index Cond": "(l_shipdate <= '1998-09-30 00:00:00'::timestamp without time zone)"}]}]}]}]}]}]}}, {"Plan": {"Node Type": "Limit", "Parallel Aware": false, "Startup Cost": 2136288.41, "Total Cost": 2136288.92, "Plan Rows": 1, "Plan Width": 236, "Plans": [{"Node Type": "Aggregate", "Strategy": "Sorted", "Partial Mode": "Finalize", "Parent Relationship": "Outer", "Parallel Aware": false, "Startup Cost": 2136288.41, "Total Cost": 2136291.47, "Plan Rows": 6, "Plan Width": 236, "Group Key": ["l_returnflag", "l_linestatus"], "Plans": [{"Node Type": "Gather Merge", "Parent Relationship": "Outer", "Parallel Aware": false, "Startup Cost": 2136288.41, "Total Cost": 2136290.54, "Plan Rows": 18, "Plan Width": 236, "Workers Planned": 3, "Plans": [{"Node Type": "Sort", "Parent Relationship": "Outer", "Parallel Aware": false, "Startup Cost": 2135288.37, "Total Cost": 2135288.39, "Plan Rows": 6, "Plan Width": 236, "Sort Key": ["l_returnflag", "l_linestatus"], "Plans": [{"Node Type": "Aggregate", "Strategy": "Hashed", "Partial Mode": "Partial", "Parent Relationship": "Outer", "Parallel Aware": false, "Startup Cost": 2135288.13, "Total Cost": 2135288.29, "Plan Rows": 6, "Plan Width": 236, "Group Key": ["l_returnflag", "l_linestatus"], "Plans": [{"Node Type": "Seq Scan", "Parent Relationship": "Outer", "Parallel Aware": true, "Relation Name": "lineitem", "Alias": "lineitem", "Startup Cost": 0.0, "Total Cost": 1366420.13, "Plan Rows": 19221700, "Plan Width": 25, "Filter": "(l_shipdate <= '1998-09-30 00:00:00'::timestamp without time zone)"}]}]}]}]}]}}, {"Plan": {"Node Type": "Limit", "Parallel Aware": false, "Startup Cost": 2850619.95, "Total Cost": 2850620.46, "Plan Rows": 1, "Plan Width": 236, "Plans": [{"Node Type": "Aggregate", "Strategy": "Sorted", "Partial Mode": "Finalize", "Parent Relationship": "Outer", "Parallel Aware": false, "Startup Cost": 2850619.95, "Total Cost": 2850623.01, "Plan Rows": 6, "Plan Width": 236, "Group Key": ["l_returnflag", "l_linestatus"], "Plans": [{"Node Type": "Gather Merge", "Parent Relationship": "Outer", "Parallel Aware": false, "Startup Cost": 2850619.95, "Total Cost": 2850622.08, "Plan Rows": 18, "Plan Width": 236, "Workers Planned": 3, "Plans": [{"Node Type": "Sort", "Parent Relationship": "Outer", "Parallel Aware": false, "Startup Cost": 2849619.91, "Total Cost": 2849619.93, "Plan Rows": 6, "Plan Width": 236, "Sort Key": ["l_returnflag", "l_linestatus"], "Plans": [{"Node Type": "Aggregate", "Strategy": "Hashed", "Partial Mode": "Partial", "Parent Relationship": "Outer", "Parallel Aware": false, "Startup Cost": 2849619.67, "Total Cost": 2849619.84, "Plan Rows": 6, "Plan Width": 236, "Group Key": ["l_returnflag", "l_linestatus"], "Plans": [{"Node Type": "Bitmap Heap Scan", "Parent Relationship": "Outer", "Parallel Aware": true, "Relation Name": "lineitem", "Alias": "lineitem", "Startup Cost": 714531.32, "Total Cost": 2080751.67, "Plan Rows": 19221700, "Plan Width": 25, "Recheck Cond": "(l_shipdate <= '1998-09-30 00:00:00'::timestamp without time zone)", "Plans": [{"Node Type": "Bitmap Index Scan", "Parent Relationship": "Outer", "Parallel Aware": false, "Index Name": "idx_lineitem_shipdate", "Startup Cost": 0.0, "Total Cost": 699634.5, "Plan Rows": 59587271, "Plan Width": 0, "Index Cond": "(l_shipdate <= '1998-09-30 00:00:00'::timestamp without time zone)"}]}]}]}]}]}]}}, {"Plan": {"Node Type": "Limit", "Parallel Aware": false, "Startup Cost": 2136288.41, "Total Cost": 2136288.92, "Plan Rows": 1, "Plan Width": 236, "Plans": [{"Node Type": "Aggregate", "Strategy": "Sorted", "Partial Mode": "Finalize", "Parent Relationship": "Outer", "Parallel Aware": false, "Startup Cost": 2136288.41, "Total Cost": 2136291.47, "Plan Rows": 6, "Plan Width": 236, "Group Key": ["l_returnflag", "l_linestatus"], "Plans": [{"Node Type": "Gather Merge", "Parent Relationship": "Outer", "Parallel Aware": false, "Startup Cost": 2136288.41, "Total Cost": 2136290.54, "Plan Rows": 18, "Plan Width": 236, "Workers Planned": 3, "Plans": [{"Node Type": "Sort", "Parent Relationship": "Outer", "Parallel Aware": false, "Startup Cost": 2135288.37, "Total Cost": 2135288.39, "Plan Rows": 6, "Plan Width": 236, "Sort Key": ["l_returnflag", "l_linestatus"], "Plans": [{"Node Type": "Aggregate", "Strategy": "Hashed", "Partial Mode": "Partial", "Parent Relationship": "Outer", "Parallel Aware": false, "Startup Cost": 2135288.13, "Total Cost": 2135288.29, "Plan Rows": 6, "Plan Width": 236, "Group Key": ["l_returnflag", "l_linestatus"], "Plans": [{"Node Type": "Seq Scan", "Parent Relationship": "Outer", "Parallel Aware": true, "Relation Name": "lineitem", "Alias": "lineitem", "Startup Cost": 0.0, "Total Cost": 1366420.13, "Plan Rows": 19221700, "Plan Width": 25, "Filter": "(l_shipdate <= '1998-09-30 00:00:00'::timestamp without time zone)"}]}]}]}]}]}}, {"Plan": {"Node Type": "Limit", "Parallel Aware": false, "Startup Cost": 2136288.41, "Total Cost": 2136288.92, "Plan Rows": 1, "Plan Width": 236, "Plans": [{"Node Type": "Aggregate", "Strategy": "Sorted", "Partial Mode": "Finalize", "Parent Relationship": "Outer", "Parallel Aware": false, "Startup Cost": 2136288.41, "Total Cost": 2136291.47, "Plan Rows": 6, "Plan Width": 236, "Group Key": ["l_returnflag", "l_linestatus"], "Plans": [{"Node Type": "Gather Merge", "Parent Relationship": "Outer", "Parallel Aware": false, "Startup Cost": 2136288.41, "Total Cost": 2136290.54, "Plan Rows": 18, "Plan Width": 236, "Workers Planned": 3, "Plans": [{"Node Type": "Sort", "Parent Relationship": "Outer", "Parallel Aware": false, "Startup Cost": 2135288.37, "Total Cost": 2135288.39, "Plan Rows": 6, "Plan Width": 236, "Sort Key": ["l_returnflag", "l_linestatus"], "Plans": [{"Node Type": "Aggregate", "Strategy": "Hashed", "Partial Mode": "Partial", "Parent Relationship": "Outer", "Parallel Aware": false, "Startup Cost": 2135288.13, "Total Cost": 2135288.29, "Plan Rows": 6, "Plan Width": 236, "Group Key": ["l_returnflag", "l_linestatus"], "Plans": [{"Node Type": "Seq Scan", "Parent Relationship": "Outer", "Parallel Aware": true, "Relation Name": "lineitem", "Alias": "lineitem", "Startup Cost": 0.0, "Total Cost": 1366420.13, "Plan Rows": 19221700, "Plan Width": 25, "Filter": "(l_shipdate <= '1998-09-30 00:00:00'::timestamp without time zone)"}]}]}]}]}]}}, {"Plan": {"Node Type": "Limit", "Parallel Aware": false, "Startup Cost": 2850619.95, "Total Cost": 2850620.46, "Plan Rows": 1, "Plan Width": 236, "Plans": [{"Node Type": "Aggregate", "Strategy": "Sorted", "Partial Mode": "Finalize", "Parent Relationship": "Outer", "Parallel Aware": false, "Startup Cost": 2850619.95, "Total Cost": 2850623.01, "Plan Rows": 6, "Plan Width": 236, "Group Key": ["l_returnflag", "l_linestatus"], "Plans": [{"Node Type": "Gather Merge", "Parent Relationship": "Outer", "Parallel Aware": false, "Startup Cost": 2850619.95, "Total Cost": 2850622.08, "Plan Rows": 18, "Plan Width": 236, "Workers Planned": 3, "Plans": [{"Node Type": "Sort", "Parent Relationship": "Outer", "Parallel Aware": false, "Startup Cost": 2849619.91, "Total Cost": 2849619.93, "Plan Rows": 6, "Plan Width": 236, "Sort Key": ["l_returnflag", "l_linestatus"], "Plans": [{"Node Type": "Aggregate", "Strategy": "Hashed", "Partial Mode": "Partial", "Parent Relationship": "Outer", "Parallel Aware": false, "Startup Cost": 2849619.67, "Total Cost": 2849619.84, "Plan Rows": 6, "Plan Width": 236, "Group Key": ["l_returnflag", "l_linestatus"], "Plans": [{"Node Type": "Bitmap Heap Scan", "Parent Relationship": "Outer", "Parallel Aware": true, "Relation Name": "lineitem", "Alias": "lineitem", "Startup Cost": 714531.32, "Total Cost": 2080751.67, "Plan Rows": 19221700, "Plan Width": 25, "Recheck Cond": "(l_shipdate <= '1998-09-30 00:00:00'::timestamp without time zone)", "Plans": [{"Node Type": "Bitmap Index Scan", "Parent Relationship": "Outer", "Parallel Aware": false, "Index Name": "idx_lineitem_shipdate", "Startup Cost": 0.0, "Total Cost": 699634.5, "Plan Rows": 59587271, "Plan Width": 0, "Index Cond": "(l_shipdate <= '1998-09-30 00:00:00'::timestamp without time zone)"}]}]}]}]}]}]}}, {"Plan": {"Node Type": "Limit", "Parallel Aware": false, "Startup Cost": 2850619.95, "Total Cost": 2850620.46, "Plan Rows": 1, "Plan Width": 236, "Plans": [{"Node Type": "Aggregate", "Strategy": "Sorted", "Partial Mode": "Finalize", "Parent Relationship": "Outer", "Parallel Aware": false, "Startup Cost": 2850619.95, "Total Cost": 2850623.01, "Plan Rows": 6, "Plan Width": 236, "Group Key": ["l_returnflag", "l_linestatus"], "Plans": [{"Node Type": "Gather Merge", "Parent Relationship": "Outer", "Parallel Aware": false, "Startup Cost": 2850619.95, "Total Cost": 2850622.08, "Plan Rows": 18, "Plan Width": 236, "Workers Planned": 3, "Plans": [{"Node Type": "Sort", "Parent Relationship": "Outer", "Parallel Aware": false, "Startup Cost": 2849619.91, "Total Cost": 2849619.93, "Plan Rows": 6, "Plan Width": 236, "Sort Key": ["l_returnflag", "l_linestatus"], "Plans": [{"Node Type": "Aggregate", "Strategy": "Hashed", "Partial Mode": "Partial", "Parent Relationship": "Outer", "Parallel Aware": false, "Startup Cost": 2849619.67, "Total Cost": 2849619.84, "Plan Rows": 6, "Plan Width": 236, "Group Key": ["l_returnflag", "l_linestatus"], "Plans": [{"Node Type": "Bitmap Heap Scan", "Parent Relationship": "Outer", "Parallel Aware": true, "Relation Name": "lineitem", "Alias": "lineitem", "Startup Cost": 714531.32, "Total Cost": 2080751.67, "Plan Rows": 19221700, "Plan Width": 25, "Recheck Cond": "(l_shipdate <= '1998-09-30 00:00:00'::timestamp without time zone)", "Plans": [{"Node Type": "Bitmap Index Scan", "Parent Relationship": "Outer", "Parallel Aware": false, "Index Name": "idx_lineitem_shipdate", "Startup Cost": 0.0, "Total Cost": 699634.5, "Plan Rows": 59587271, "Plan Width": 0, "Index Cond": "(l_shipdate <= '1998-09-30 00:00:00'::timestamp without time zone)"}]}]}]}]}]}]}}, {"Plan": {"Node Type": "Limit", "Parallel Aware": false, "Startup Cost": 2136288.41, "Total Cost": 2136288.92, "Plan Rows": 1, "Plan Width": 236, "Plans": [{"Node Type": "Aggregate", "Strategy": "Sorted", "Partial Mode": "Finalize", "Parent Relationship": "Outer", "Parallel Aware": false, "Startup Cost": 2136288.41, "Total Cost": 2136291.47, "Plan Rows": 6, "Plan Width": 236, "Group Key": ["l_returnflag", "l_linestatus"], "Plans": [{"Node Type": "Gather Merge", "Parent Relationship": "Outer", "Parallel Aware": false, "Startup Cost": 2136288.41, "Total Cost": 2136290.54, "Plan Rows": 18, "Plan Width": 236, "Workers Planned": 3, "Plans": [{"Node Type": "Sort", "Parent Relationship": "Outer", "Parallel Aware": false, "Startup Cost": 2135288.37, "Total Cost": 2135288.39, "Plan Rows": 6, "Plan Width": 236, "Sort Key": ["l_returnflag", "l_linestatus"], "Plans": [{"Node Type": "Aggregate", "Strategy": "Hashed", "Partial Mode": "Partial", "Parent Relationship": "Outer", "Parallel Aware": false, "Startup Cost": 2135288.13, "Total Cost": 2135288.29, "Plan Rows": 6, "Plan Width": 236, "Group Key": ["l_returnflag", "l_linestatus"], "Plans": [{"Node Type": "Seq Scan", "Parent Relationship": "Outer", "Parallel Aware": true, "Relation Name": "lineitem", "Alias": "lineitem", "Startup Cost": 0.0, "Total Cost": 1366420.13, "Plan Rows": 19221700, "Plan Width": 25, "Filter": "(l_shipdate <= '1998-09-30 00:00:00'::timestamp without time zone)"}]}]}]}]}]}}, {"Plan": {"Node Type": "Limit", "Parallel Aware": false, "Startup Cost": 2136288.41, "Total Cost": 2136288.92, "Plan Rows": 1, "Plan Width": 236, "Plans": [{"Node Type": "Aggregate", "Strategy": "Sorted", "Partial Mode": "Finalize", "Parent Relationship": "Outer", "Parallel Aware": false, "Startup Cost": 2136288.41, "Total Cost": 2136291.47, "Plan Rows": 6, "Plan Width": 236, "Group Key": ["l_returnflag", "l_linestatus"], "Plans": [{"Node Type": "Gather Merge", "Parent Relationship": "Outer", "Parallel Aware": false, "Startup Cost": 2136288.41, "Total Cost": 2136290.54, "Plan Rows": 18, "Plan Width": 236, "Workers Planned": 3, "Plans": [{"Node Type": "Sort", "Parent Relationship": "Outer", "Parallel Aware": false, "Startup Cost": 2135288.37, "Total Cost": 2135288.39, "Plan Rows": 6, "Plan Width": 236, "Sort Key": ["l_returnflag", "l_linestatus"], "Plans": [{"Node Type": "Aggregate", "Strategy": "Hashed", "Partial Mode": "Partial", "Parent Relationship": "Outer", "Parallel Aware": false, "Startup Cost": 2135288.13, "Total Cost": 2135288.29, "Plan Rows": 6, "Plan Width": 236, "Group Key": ["l_returnflag", "l_linestatus"], "Plans": [{"Node Type": "Seq Scan", "Parent Relationship": "Outer", "Parallel Aware": true, "Relation Name": "lineitem", "Alias": "lineitem", "Startup Cost": 0.0, "Total Cost": 1366420.13, "Plan Rows": 19221700, "Plan Width": 25, "Filter": "(l_shipdate <= '1998-09-30 00:00:00'::timestamp without time zone)"}]}]}]}]}]}}, {"Plan": {"Node Type": "Limit", "Parallel Aware": false, "Startup Cost": 2850619.95, "Total Cost": 2850620.46, "Plan Rows": 1, "Plan Width": 236, "Plans": [{"Node Type": "Aggregate", "Strategy": "Sorted", "Partial Mode": "Finalize", "Parent Relationship": "Outer", "Parallel Aware": false, "Startup Cost": 2850619.95, "Total Cost": 2850623.01, "Plan Rows": 6, "Plan Width": 236, "Group Key": ["l_returnflag", "l_linestatus"], "Plans": [{"Node Type": "Gather Merge", "Parent Relationship": "Outer", "Parallel Aware": false, "Startup Cost": 2850619.95, "Total Cost": 2850622.08, "Plan Rows": 18, "Plan Width": 236, "Workers Planned": 3, "Plans": [{"Node Type": "Sort", "Parent Relationship": "Outer", "Parallel Aware": false, "Startup Cost": 2849619.91, "Total Cost": 2849619.93, "Plan Rows": 6, "Plan Width": 236, "Sort Key": ["l_returnflag", "l_linestatus"], "Plans": [{"Node Type": "Aggregate", "Strategy": "Hashed", "Partial Mode": "Partial", "Parent Relationship": "Outer", "Parallel Aware": false, "Startup Cost": 2849619.67, "Total Cost": 2849619.84, "Plan Rows": 6, "Plan Width": 236, "Group Key": ["l_returnflag", "l_linestatus"], "Plans": [{"Node Type": "Bitmap Heap Scan", "Parent Relationship": "Outer", "Parallel Aware": true, "Relation Name": "lineitem", "Alias": "lineitem", "Startup Cost": 714531.32, "Total Cost": 2080751.67, "Plan Rows": 19221700, "Plan Width": 25, "Recheck Cond": "(l_shipdate <= '1998-09-30 00:00:00'::timestamp without time zone)", "Plans": [{"Node Type": "Bitmap Index Scan", "Parent Relationship": "Outer", "Parallel Aware": false, "Index Name": "idx_lineitem_shipdate", "Startup Cost": 0.0, "Total Cost": 699634.5, "Plan Rows": 59587271, "Plan Width": 0, "Index Cond": "(l_shipdate <= '1998-09-30 00:00:00'::timestamp without time zone)"}]}]}]}]}]}]}}, {"Plan": {"Node Type": "Limit", "Parallel Aware": false, "Startup Cost": 2136288.41, "Total Cost": 2136288.92, "Plan Rows": 1, "Plan Width": 236, "Plans": [{"Node Type": "Aggregate", "Strategy": "Sorted", "Partial Mode": "Finalize", "Parent Relationship": "Outer", "Parallel Aware": false, "Startup Cost": 2136288.41, "Total Cost": 2136291.47, "Plan Rows": 6, "Plan Width": 236, "Group Key": ["l_returnflag", "l_linestatus"], "Plans": [{"Node Type": "Gather Merge", "Parent Relationship": "Outer", "Parallel Aware": false, "Startup Cost": 2136288.41, "Total Cost": 2136290.54, "Plan Rows": 18, "Plan Width": 236, "Workers Planned": 3, "Plans": [{"Node Type": "Sort", "Parent Relationship": "Outer", "Parallel Aware": false, "Startup Cost": 2135288.37, "Total Cost": 2135288.39, "Plan Rows": 6, "Plan Width": 236, "Sort Key": ["l_returnflag", "l_linestatus"], "Plans": [{"Node Type": "Aggregate", "Strategy": "Hashed", "Partial Mode": "Partial", "Parent Relationship": "Outer", "Parallel Aware": false, "Startup Cost": 2135288.13, "Total Cost": 2135288.29, "Plan Rows": 6, "Plan Width": 236, "Group Key": ["l_returnflag", "l_linestatus"], "Plans": [{"Node Type": "Seq Scan", "Parent Relationship": "Outer", "Parallel Aware": true, "Relation Name": "lineitem", "Alias": "lineitem", "Startup Cost": 0.0, "Total Cost": 1366420.13, "Plan Rows": 19221700, "Plan Width": 25, "Filter": "(l_shipdate <= '1998-09-30 00:00:00'::timestamp without time zone)"}]}]}]}]}]}}, {"Plan": {"Node Type": "Limit", "Parallel Aware": false, "Startup Cost": 2136288.41, "Total Cost": 2136288.92, "Plan Rows": 1, "Plan Width": 236, "Plans": [{"Node Type": "Aggregate", "Strategy": "Sorted", "Partial Mode": "Finalize", "Parent Relationship": "Outer", "Parallel Aware": false, "Startup Cost": 2136288.41, "Total Cost": 2136291.47, "Plan Rows": 6, "Plan Width": 236, "Group Key": ["l_returnflag", "l_linestatus"], "Plans": [{"Node Type": "Gather Merge", "Parent Relationship": "Outer", "Parallel Aware": false, "Startup Cost": 2136288.41, "Total Cost": 2136290.54, "Plan Rows": 18, "Plan Width": 236, "Workers Planned": 3, "Plans": [{"Node Type": "Sort", "Parent Relationship": "Outer", "Parallel Aware": false, "Startup Cost": 2135288.37, "Total Cost": 2135288.39, "Plan Rows": 6, "Plan Width": 236, "Sort Key": ["l_returnflag", "l_linestatus"], "Plans": [{"Node Type": "Aggregate", "Strategy": "Hashed", "Partial Mode": "Partial", "Parent Relationship": "Outer", "Parallel Aware": false, "Startup Cost": 2135288.13, "Total Cost": 2135288.29, "Plan Rows": 6, "Plan Width": 236, "Group Key": ["l_returnflag", "l_linestatus"], "Plans": [{"Node Type": "Seq Scan", "Parent Relationship": "Outer", "Parallel Aware": true, "Relation Name": "lineitem", "Alias": "lineitem", "Startup Cost": 0.0, "Total Cost": 1366420.13, "Plan Rows": 19221700, "Plan Width": 25, "Filter": "(l_shipdate <= '1998-09-30 00:00:00'::timestamp without time zone)"}]}]}]}]}]}}, {"Plan": {"Node Type": "Limit", "Parallel Aware": false, "Startup Cost": 2850619.95, "Total Cost": 2850620.46, "Plan Rows": 1, "Plan Width": 236, "Plans": [{"Node Type": "Aggregate", "Strategy": "Sorted", "Partial Mode": "Finalize", "Parent Relationship": "Outer", "Parallel Aware": false, "Startup Cost": 2850619.95, "Total Cost": 2850623.01, "Plan Rows": 6, "Plan Width": 236, "Group Key": ["l_returnflag", "l_linestatus"], "Plans": [{"Node Type": "Gather Merge", "Parent Relationship": "Outer", "Parallel Aware": false, "Startup Cost": 2850619.95, "Total Cost": 2850622.08, "Plan Rows": 18, "Plan Width": 236, "Workers Planned": 3, "Plans": [{"Node Type": "Sort", "Parent Relationship": "Outer", "Parallel Aware": false, "Startup Cost": 2849619.91, "Total Cost": 2849619.93, "Plan Rows": 6, "Plan Width": 236, "Sort Key": ["l_returnflag", "l_linestatus"], "Plans": [{"Node Type": "Aggregate", "Strategy": "Hashed", "Partial Mode": "Partial", "Parent Relationship": "Outer", "Parallel Aware": false, "Startup Cost": 2849619.67, "Total Cost": 2849619.84, "Plan Rows": 6, "Plan Width": 236, "Group Key": ["l_returnflag", "l_linestatus"], "Plans": [{"Node Type": "Bitmap Heap Scan", "Parent Relationship": "Outer", "Parallel Aware": true, "Relation Name": "lineitem", "Alias": "lineitem", "Startup Cost": 714531.32, "Total Cost": 2080751.67, "Plan Rows": 19221700, "Plan Width": 25, "Recheck Cond": "(l_shipdate <= '1998-09-30 00:00:00'::timestamp without time zone)", "Plans": [{"Node Type": "Bitmap Index Scan", "Parent Relationship": "Outer", "Parallel Aware": false, "Index Name": "idx_lineitem_shipdate", "Startup Cost": 0.0, "Total Cost": 699634.5, "Plan Rows": 59587271, "Plan Width": 0, "Index Cond": "(l_shipdate <= '1998-09-30 00:00:00'::timestamp without time zone)"}]}]}]}]}]}]}}, {"Plan": {"Node Type": "Limit", "Parallel Aware": false, "Startup Cost": 2850619.95, "Total Cost": 2850620.46, "Plan Rows": 1, "Plan Width": 236, "Plans": [{"Node Type": "Aggregate", "Strategy": "Sorted", "Partial Mode": "Finalize", "Parent Relationship": "Outer", "Parallel Aware": false, "Startup Cost": 2850619.95, "Total Cost": 2850623.01, "Plan Rows": 6, "Plan Width": 236, "Group Key": ["l_returnflag", "l_linestatus"], "Plans": [{"Node Type": "Gather Merge", "Parent Relationship": "Outer", "Parallel Aware": false, "Startup Cost": 2850619.95, "Total Cost": 2850622.08, "Plan Rows": 18, "Plan Width": 236, "Workers Planned": 3, "Plans": [{"Node Type": "Sort", "Parent Relationship": "Outer", "Parallel Aware": false, "Startup Cost": 2849619.91, "Total Cost": 2849619.93, "Plan Rows": 6, "Plan Width": 236, "Sort Key": ["l_returnflag", "l_linestatus"], "Plans": [{"Node Type": "Aggregate", "Strategy": "Hashed", "Partial Mode": "Partial", "Parent Relationship": "Outer", "Parallel Aware": false, "Startup Cost": 2849619.67, "Total Cost": 2849619.84, "Plan Rows": 6, "Plan Width": 236, "Group Key": ["l_returnflag", "l_linestatus"], "Plans": [{"Node Type": "Bitmap Heap Scan", "Parent Relationship": "Outer", "Parallel Aware": true, "Relation Name": "lineitem", "Alias": "lineitem", "Startup Cost": 714531.32, "Total Cost": 2080751.67, "Plan Rows": 19221700, "Plan Width": 25, "Recheck Cond": "(l_shipdate <= '1998-09-30 00:00:00'::timestamp without time zone)", "Plans": [{"Node Type": "Bitmap Index Scan", "Parent Relationship": "Outer", "Parallel Aware": false, "Index Name": "idx_lineitem_shipdate", "Startup Cost": 0.0, "Total Cost": 699634.5, "Plan Rows": 59587271, "Plan Width": 0, "Index Cond": "(l_shipdate <= '1998-09-30 00:00:00'::timestamp without time zone)"}]}]}]}]}]}]}}, {"Plan": {"Node Type": "Limit", "Parallel Aware": false, "Startup Cost": 2850619.95, "Total Cost": 2850620.46, "Plan Rows": 1, "Plan Width": 236, "Plans": [{"Node Type": "Aggregate", "Strategy": "Sorted", "Partial Mode": "Finalize", "Parent Relationship": "Outer", "Parallel Aware": false, "Startup Cost": 2850619.95, "Total Cost": 2850623.01, "Plan Rows": 6, "Plan Width": 236, "Group Key": ["l_returnflag", "l_linestatus"], "Plans": [{"Node Type": "Gather Merge", "Parent Relationship": "Outer", "Parallel Aware": false, "Startup Cost": 2850619.95, "Total Cost": 2850622.08, "Plan Rows": 18, "Plan Width": 236, "Workers Planned": 3, "Plans": [{"Node Type": "Sort", "Parent Relationship": "Outer", "Parallel Aware": false, "Startup Cost": 2849619.91, "Total Cost": 2849619.93, "Plan Rows": 6, "Plan Width": 236, "Sort Key": ["l_returnflag", "l_linestatus"], "Plans": [{"Node Type": "Aggregate", "Strategy": "Hashed", "Partial Mode": "Partial", "Parent Relationship": "Outer", "Parallel Aware": false, "Startup Cost": 2849619.67, "Total Cost": 2849619.84, "Plan Rows": 6, "Plan Width": 236, "Group Key": ["l_returnflag", "l_linestatus"], "Plans": [{"Node Type": "Bitmap Heap Scan", "Parent Relationship": "Outer", "Parallel Aware": true, "Relation Name": "lineitem", "Alias": "lineitem", "Startup Cost": 714531.32, "Total Cost": 2080751.67, "Plan Rows": 19221700, "Plan Width": 25, "Recheck Cond": "(l_shipdate <= '1998-09-30 00:00:00'::timestamp without time zone)", "Plans": [{"Node Type": "Bitmap Index Scan", "Parent Relationship": "Outer", "Parallel Aware": false, "Index Name": "idx_lineitem_shipdate", "Startup Cost": 0.0, "Total Cost": 699634.5, "Plan Rows": 59587271, "Plan Width": 0, "Index Cond": "(l_shipdate <= '1998-09-30 00:00:00'::timestamp without time zone)"}]}]}]}]}]}]}}, {"Plan": {"Node Type": "Limit", "Parallel Aware": false, "Startup Cost": 2136288.41, "Total Cost": 2136288.92, "Plan Rows": 1, "Plan Width": 236, "Plans": [{"Node Type": "Aggregate", "Strategy": "Sorted", "Partial Mode": "Finalize", "Parent Relationship": "Outer", "Parallel Aware": false, "Startup Cost": 2136288.41, "Total Cost": 2136291.47, "Plan Rows": 6, "Plan Width": 236, "Group Key": ["l_returnflag", "l_linestatus"], "Plans": [{"Node Type": "Gather Merge", "Parent Relationship": "Outer", "Parallel Aware": false, "Startup Cost": 2136288.41, "Total Cost": 2136290.54, "Plan Rows": 18, "Plan Width": 236, "Workers Planned": 3, "Plans": [{"Node Type": "Sort", "Parent Relationship": "Outer", "Parallel Aware": false, "Startup Cost": 2135288.37, "Total Cost": 2135288.39, "Plan Rows": 6, "Plan Width": 236, "Sort Key": ["l_returnflag", "l_linestatus"], "Plans": [{"Node Type": "Aggregate", "Strategy": "Hashed", "Partial Mode": "Partial", "Parent Relationship": "Outer", "Parallel Aware": false, "Startup Cost": 2135288.13, "Total Cost": 2135288.29, "Plan Rows": 6, "Plan Width": 236, "Group Key": ["l_returnflag", "l_linestatus"], "Plans": [{"Node Type": "Seq Scan", "Parent Relationship": "Outer", "Parallel Aware": true, "Relation Name": "lineitem", "Alias": "lineitem", "Startup Cost": 0.0, "Total Cost": 1366420.13, "Plan Rows": 19221700, "Plan Width": 25, "Filter": "(l_shipdate <= '1998-09-30 00:00:00'::timestamp without time zone)"}]}]}]}]}]}}, {"Plan": {"Node Type": "Limit", "Parallel Aware": false, "Startup Cost": 2136288.41, "Total Cost": 2136288.92, "Plan Rows": 1, "Plan Width": 236, "Plans": [{"Node Type": "Aggregate", "Strategy": "Sorted", "Partial Mode": "Finalize", "Parent Relationship": "Outer", "Parallel Aware": false, "Startup Cost": 2136288.41, "Total Cost": 2136291.47, "Plan Rows": 6, "Plan Width": 236, "Group Key": ["l_returnflag", "l_linestatus"], "Plans": [{"Node Type": "Gather Merge", "Parent Relationship": "Outer", "Parallel Aware": false, "Startup Cost": 2136288.41, "Total Cost": 2136290.54, "Plan Rows": 18, "Plan Width": 236, "Workers Planned": 3, "Plans": [{"Node Type": "Sort", "Parent Relationship": "Outer", "Parallel Aware": false, "Startup Cost": 2135288.37, "Total Cost": 2135288.39, "Plan Rows": 6, "Plan Width": 236, "Sort Key": ["l_returnflag", "l_linestatus"], "Plans": [{"Node Type": "Aggregate", "Strategy": "Hashed", "Partial Mode": "Partial", "Parent Relationship": "Outer", "Parallel Aware": false, "Startup Cost": 2135288.13, "Total Cost": 2135288.29, "Plan Rows": 6, "Plan Width": 236, "Group Key": ["l_returnflag", "l_linestatus"], "Plans": [{"Node Type": "Seq Scan", "Parent Relationship": "Outer", "Parallel Aware": true, "Relation Name": "lineitem", "Alias": "lineitem", "Startup Cost": 0.0, "Total Cost": 1366420.13, "Plan Rows": 19221700, "Plan Width": 25, "Filter": "(l_shipdate <= '1998-09-30 00:00:00'::timestamp without time zone)"}]}]}]}]}]}}, {"Plan": {"Node Type": "Limit", "Parallel Aware": false, "Startup Cost": 2850619.95, "Total Cost": 2850620.46, "Plan Rows": 1, "Plan Width": 236, "Plans": [{"Node Type": "Aggregate", "Strategy": "Sorted", "Partial Mode": "Finalize", "Parent Relationship": "Outer", "Parallel Aware": false, "Startup Cost": 2850619.95, "Total Cost": 2850623.01, "Plan Rows": 6, "Plan Width": 236, "Group Key": ["l_returnflag", "l_linestatus"], "Plans": [{"Node Type": "Gather Merge", "Parent Relationship": "Outer", "Parallel Aware": false, "Startup Cost": 2850619.95, "Total Cost": 2850622.08, "Plan Rows": 18, "Plan Width": 236, "Workers Planned": 3, "Plans": [{"Node Type": "Sort", "Parent Relationship": "Outer", "Parallel Aware": false, "Startup Cost": 2849619.91, "Total Cost": 2849619.93, "Plan Rows": 6, "Plan Width": 236, "Sort Key": ["l_returnflag", "l_linestatus"], "Plans": [{"Node Type": "Aggregate", "Strategy": "Hashed", "Partial Mode": "Partial", "Parent Relationship": "Outer", "Parallel Aware": false, "Startup Cost": 2849619.67, "Total Cost": 2849619.84, "Plan Rows": 6, "Plan Width": 236, "Group Key": ["l_returnflag", "l_linestatus"], "Plans": [{"Node Type": "Bitmap Heap Scan", "Parent Relationship": "Outer", "Parallel Aware": true, "Relation Name": "lineitem", "Alias": "lineitem", "Startup Cost": 714531.32, "Total Cost": 2080751.67, "Plan Rows": 19221700, "Plan Width": 25, "Recheck Cond": "(l_shipdate <= '1998-09-30 00:00:00'::timestamp without time zone)", "Plans": [{"Node Type": "Bitmap Index Scan", "Parent Relationship": "Outer", "Parallel Aware": false, "Index Name": "idx_lineitem_shipdate", "Startup Cost": 0.0, "Total Cost": 699634.5, "Plan Rows": 59587271, "Plan Width": 0, "Index Cond": "(l_shipdate <= '1998-09-30 00:00:00'::timestamp without time zone)"}]}]}]}]}]}]}}, {"Plan": {"Node Type": "Limit", "Parallel Aware": false, "Startup Cost": 2136288.41, "Total Cost": 2136288.92, "Plan Rows": 1, "Plan Width": 236, "Plans": [{"Node Type": "Aggregate", "Strategy": "Sorted", "Partial Mode": "Finalize", "Parent Relationship": "Outer", "Parallel Aware": false, "Startup Cost": 2136288.41, "Total Cost": 2136291.47, "Plan Rows": 6, "Plan Width": 236, "Group Key": ["l_returnflag", "l_linestatus"], "Plans": [{"Node Type": "Gather Merge", "Parent Relationship": "Outer", "Parallel Aware": false, "Startup Cost": 2136288.41, "Total Cost": 2136290.54, "Plan Rows": 18, "Plan Width": 236, "Workers Planned": 3, "Plans": [{"Node Type": "Sort", "Parent Relationship": "Outer", "Parallel Aware": false, "Startup Cost": 2135288.37, "Total Cost": 2135288.39, "Plan Rows": 6, "Plan Width": 236, "Sort Key": ["l_returnflag", "l_linestatus"], "Plans": [{"Node Type": "Aggregate", "Strategy": "Hashed", "Partial Mode": "Partial", "Parent Relationship": "Outer", "Parallel Aware": false, "Startup Cost": 2135288.13, "Total Cost": 2135288.29, "Plan Rows": 6, "Plan Width": 236, "Group Key": ["l_returnflag", "l_linestatus"], "Plans": [{"Node Type": "Seq Scan", "Parent Relationship": "Outer", "Parallel Aware": true, "Relation Name": "lineitem", "Alias": "lineitem", "Startup Cost": 0.0, "Total Cost": 1366420.13, "Plan Rows": 19221700, "Plan Width": 25, "Filter": "(l_shipdate <= '1998-09-30 00:00:00'::timestamp without time zone)"}]}]}]}]}]}}, {"Plan": {"Node Type": "Limit", "Parallel Aware": false, "Startup Cost": 2136288.41, "Total Cost": 2136288.92, "Plan Rows": 1, "Plan Width": 236, "Plans": [{"Node Type": "Aggregate", "Strategy": "Sorted", "Partial Mode": "Finalize", "Parent Relationship": "Outer", "Parallel Aware": false, "Startup Cost": 2136288.41, "Total Cost": 2136291.47, "Plan Rows": 6, "Plan Width": 236, "Group Key": ["l_returnflag", "l_linestatus"], "Plans": [{"Node Type": "Gather Merge", "Parent Relationship": "Outer", "Parallel Aware": false, "Startup Cost": 2136288.41, "Total Cost": 2136290.54, "Plan Rows": 18, "Plan Width": 236, "Workers Planned": 3, "Plans": [{"Node Type": "Sort", "Parent Relationship": "Outer", "Parallel Aware": false, "Startup Cost": 2135288.37, "Total Cost": 2135288.39, "Plan Rows": 6, "Plan Width": 236, "Sort Key": ["l_returnflag", "l_linestatus"], "Plans": [{"Node Type": "Aggregate", "Strategy": "Hashed", "Partial Mode": "Partial", "Parent Relationship": "Outer", "Parallel Aware": false, "Startup Cost": 2135288.13, "Total Cost": 2135288.29, "Plan Rows": 6, "Plan Width": 236, "Group Key": ["l_returnflag", "l_linestatus"], "Plans": [{"Node Type": "Seq Scan", "Parent Relationship": "Outer", "Parallel Aware": true, "Relation Name": "lineitem", "Alias": "lineitem", "Startup Cost": 0.0, "Total Cost": 1366420.13, "Plan Rows": 19221700, "Plan Width": 25, "Filter": "(l_shipdate <= '1998-09-30 00:00:00'::timestamp without time zone)"}]}]}]}]}]}}, {"Plan": {"Node Type": "Limit", "Parallel Aware": false, "Startup Cost": 2136288.41, "Total Cost": 2136288.92, "Plan Rows": 1, "Plan Width": 236, "Plans": [{"Node Type": "Aggregate", "Strategy": "Sorted", "Partial Mode": "Finalize", "Parent Relationship": "Outer", "Parallel Aware": false, "Startup Cost": 2136288.41, "Total Cost": 2136291.47, "Plan Rows": 6, "Plan Width": 236, "Group Key": ["l_returnflag", "l_linestatus"], "Plans": [{"Node Type": "Gather Merge", "Parent Relationship": "Outer", "Parallel Aware": false, "Startup Cost": 2136288.41, "Total Cost": 2136290.54, "Plan Rows": 18, "Plan Width": 236, "Workers Planned": 3, "Plans": [{"Node Type": "Sort", "Parent Relationship": "Outer", "Parallel Aware": false, "Startup Cost": 2135288.37, "Total Cost": 2135288.39, "Plan Rows": 6, "Plan Width": 236, "Sort Key": ["l_returnflag", "l_linestatus"], "Plans": [{"Node Type": "Aggregate", "Strategy": "Hashed", "Partial Mode": "Partial", "Parent Relationship": "Outer", "Parallel Aware": false, "Startup Cost": 2135288.13, "Total Cost": 2135288.29, "Plan Rows": 6, "Plan Width": 236, "Group Key": ["l_returnflag", "l_linestatus"], "Plans": [{"Node Type": "Seq Scan", "Parent Relationship": "Outer", "Parallel Aware": true, "Relation Name": "lineitem", "Alias": "lineitem", "Startup Cost": 0.0, "Total Cost": 1366420.13, "Plan Rows": 19221700, "Plan Width": 25, "Filter": "(l_shipdate <= '1998-09-30 00:00:00'::timestamp without time zone)"}]}]}]}]}]}}, {"Plan": {"Node Type": "Limit", "Parallel Aware": false, "Startup Cost": 2136288.41, "Total Cost": 2136288.92, "Plan Rows": 1, "Plan Width": 236, "Plans": [{"Node Type": "Aggregate", "Strategy": "Sorted", "Partial Mode": "Finalize", "Parent Relationship": "Outer", "Parallel Aware": false, "Startup Cost": 2136288.41, "Total Cost": 2136291.47, "Plan Rows": 6, "Plan Width": 236, "Group Key": ["l_returnflag", "l_linestatus"], "Plans": [{"Node Type": "Gather Merge", "Parent Relationship": "Outer", "Parallel Aware": false, "Startup Cost": 2136288.41, "Total Cost": 2136290.54, "Plan Rows": 18, "Plan Width": 236, "Workers Planned": 3, "Plans": [{"Node Type": "Sort", "Parent Relationship": "Outer", "Parallel Aware": false, "Startup Cost": 2135288.37, "Total Cost": 2135288.39, "Plan Rows": 6, "Plan Width": 236, "Sort Key": ["l_returnflag", "l_linestatus"], "Plans": [{"Node Type": "Aggregate", "Strategy": "Hashed", "Partial Mode": "Partial", "Parent Relationship": "Outer", "Parallel Aware": false, "Startup Cost": 2135288.13, "Total Cost": 2135288.29, "Plan Rows": 6, "Plan Width": 236, "Group Key": ["l_returnflag", "l_linestatus"], "Plans": [{"Node Type": "Seq Scan", "Parent Relationship": "Outer", "Parallel Aware": true, "Relation Name": "lineitem", "Alias": "lineitem", "Startup Cost": 0.0, "Total Cost": 1366420.13, "Plan Rows": 19221700, "Plan Width": 25, "Filter": "(l_shipdate <= '1998-09-30 00:00:00'::timestamp without time zone)"}]}]}]}]}]}}, {"Plan": {"Node Type": "Limit", "Parallel Aware": false, "Startup Cost": 2136288.41, "Total Cost": 2136288.92, "Plan Rows": 1, "Plan Width": 236, "Plans": [{"Node Type": "Aggregate", "Strategy": "Sorted", "Partial Mode": "Finalize", "Parent Relationship": "Outer", "Parallel Aware": false, "Startup Cost": 2136288.41, "Total Cost": 2136291.47, "Plan Rows": 6, "Plan Width": 236, "Group Key": ["l_returnflag", "l_linestatus"], "Plans": [{"Node Type": "Gather Merge", "Parent Relationship": "Outer", "Parallel Aware": false, "Startup Cost": 2136288.41, "Total Cost": 2136290.54, "Plan Rows": 18, "Plan Width": 236, "Workers Planned": 3, "Plans": [{"Node Type": "Sort", "Parent Relationship": "Outer", "Parallel Aware": false, "Startup Cost": 2135288.37, "Total Cost": 2135288.39, "Plan Rows": 6, "Plan Width": 236, "Sort Key": ["l_returnflag", "l_linestatus"], "Plans": [{"Node Type": "Aggregate", "Strategy": "Hashed", "Partial Mode": "Partial", "Parent Relationship": "Outer", "Parallel Aware": false, "Startup Cost": 2135288.13, "Total Cost": 2135288.29, "Plan Rows": 6, "Plan Width": 236, "Group Key": ["l_returnflag", "l_linestatus"], "Plans": [{"Node Type": "Seq Scan", "Parent Relationship": "Outer", "Parallel Aware": true, "Relation Name": "lineitem", "Alias": "lineitem", "Startup Cost": 0.0, "Total Cost": 1366420.13, "Plan Rows": 19221700, "Plan Width": 25, "Filter": "(l_shipdate <= '1998-09-30 00:00:00'::timestamp without time zone)"}]}]}]}]}]}}, {"Plan": {"Node Type": "Limit", "Parallel Aware": false, "Startup Cost": 2136288.41, "Total Cost": 2136288.92, "Plan Rows": 1, "Plan Width": 236, "Plans": [{"Node Type": "Aggregate", "Strategy": "Sorted", "Partial Mode": "Finalize", "Parent Relationship": "Outer", "Parallel Aware": false, "Startup Cost": 2136288.41, "Total Cost": 2136291.47, "Plan Rows": 6, "Plan Width": 236, "Group Key": ["l_returnflag", "l_linestatus"], "Plans": [{"Node Type": "Gather Merge", "Parent Relationship": "Outer", "Parallel Aware": false, "Startup Cost": 2136288.41, "Total Cost": 2136290.54, "Plan Rows": 18, "Plan Width": 236, "Workers Planned": 3, "Plans": [{"Node Type": "Sort", "Parent Relationship": "Outer", "Parallel Aware": false, "Startup Cost": 2135288.37, "Total Cost": 2135288.39, "Plan Rows": 6, "Plan Width": 236, "Sort Key": ["l_returnflag", "l_linestatus"], "Plans": [{"Node Type": "Aggregate", "Strategy": "Hashed", "Partial Mode": "Partial", "Parent Relationship": "Outer", "Parallel Aware": false, "Startup Cost": 2135288.13, "Total Cost": 2135288.29, "Plan Rows": 6, "Plan Width": 236, "Group Key": ["l_returnflag", "l_linestatus"], "Plans": [{"Node Type": "Seq Scan", "Parent Relationship": "Outer", "Parallel Aware": true, "Relation Name": "lineitem", "Alias": "lineitem", "Startup Cost": 0.0, "Total Cost": 1366420.13, "Plan Rows": 19221700, "Plan Width": 25, "Filter": "(l_shipdate <= '1998-09-30 00:00:00'::timestamp without time zone)"}]}]}]}]}]}}, {"Plan": {"Node Type": "Limit", "Parallel Aware": false, "Startup Cost": 2850619.95, "Total Cost": 2850620.46, "Plan Rows": 1, "Plan Width": 236, "Plans": [{"Node Type": "Aggregate", "Strategy": "Sorted", "Partial Mode": "Finalize", "Parent Relationship": "Outer", "Parallel Aware": false, "Startup Cost": 2850619.95, "Total Cost": 2850623.01, "Plan Rows": 6, "Plan Width": 236, "Group Key": ["l_returnflag", "l_linestatus"], "Plans": [{"Node Type": "Gather Merge", "Parent Relationship": "Outer", "Parallel Aware": false, "Startup Cost": 2850619.95, "Total Cost": 2850622.08, "Plan Rows": 18, "Plan Width": 236, "Workers Planned": 3, "Plans": [{"Node Type": "Sort", "Parent Relationship": "Outer", "Parallel Aware": false, "Startup Cost": 2849619.91, "Total Cost": 2849619.93, "Plan Rows": 6, "Plan Width": 236, "Sort Key": ["l_returnflag", "l_linestatus"], "Plans": [{"Node Type": "Aggregate", "Strategy": "Hashed", "Partial Mode": "Partial", "Parent Relationship": "Outer", "Parallel Aware": false, "Startup Cost": 2849619.67, "Total Cost": 2849619.84, "Plan Rows": 6, "Plan Width": 236, "Group Key": ["l_returnflag", "l_linestatus"], "Plans": [{"Node Type": "Bitmap Heap Scan", "Parent Relationship": "Outer", "Parallel Aware": true, "Relation Name": "lineitem", "Alias": "lineitem", "Startup Cost": 714531.32, "Total Cost": 2080751.67, "Plan Rows": 19221700, "Plan Width": 25, "Recheck Cond": "(l_shipdate <= '1998-09-30 00:00:00'::timestamp without time zone)", "Plans": [{"Node Type": "Bitmap Index Scan", "Parent Relationship": "Outer", "Parallel Aware": false, "Index Name": "idx_lineitem_shipdate", "Startup Cost": 0.0, "Total Cost": 699634.5, "Plan Rows": 59587271, "Plan Width": 0, "Index Cond": "(l_shipdate <= '1998-09-30 00:00:00'::timestamp without time zone)"}]}]}]}]}]}]}}, {"Plan": {"Node Type": "Limit", "Parallel Aware": false, "Startup Cost": 2850619.95, "Total Cost": 2850620.46, "Plan Rows": 1, "Plan Width": 236, "Plans": [{"Node Type": "Aggregate", "Strategy": "Sorted", "Partial Mode": "Finalize", "Parent Relationship": "Outer", "Parallel Aware": false, "Startup Cost": 2850619.95, "Total Cost": 2850623.01, "Plan Rows": 6, "Plan Width": 236, "Group Key": ["l_returnflag", "l_linestatus"], "Plans": [{"Node Type": "Gather Merge", "Parent Relationship": "Outer", "Parallel Aware": false, "Startup Cost": 2850619.95, "Total Cost": 2850622.08, "Plan Rows": 18, "Plan Width": 236, "Workers Planned": 3, "Plans": [{"Node Type": "Sort", "Parent Relationship": "Outer", "Parallel Aware": false, "Startup Cost": 2849619.91, "Total Cost": 2849619.93, "Plan Rows": 6, "Plan Width": 236, "Sort Key": ["l_returnflag", "l_linestatus"], "Plans": [{"Node Type": "Aggregate", "Strategy": "Hashed", "Partial Mode": "Partial", "Parent Relationship": "Outer", "Parallel Aware": false, "Startup Cost": 2849619.67, "Total Cost": 2849619.84, "Plan Rows": 6, "Plan Width": 236, "Group Key": ["l_returnflag", "l_linestatus"], "Plans": [{"Node Type": "Bitmap Heap Scan", "Parent Relationship": "Outer", "Parallel Aware": true, "Relation Name": "lineitem", "Alias": "lineitem", "Startup Cost": 714531.32, "Total Cost": 2080751.67, "Plan Rows": 19221700, "Plan Width": 25, "Recheck Cond": "(l_shipdate <= '1998-09-30 00:00:00'::timestamp without time zone)", "Plans": [{"Node Type": "Bitmap Index Scan", "Parent Relationship": "Outer", "Parallel Aware": false, "Index Name": "idx_lineitem_shipdate", "Startup Cost": 0.0, "Total Cost": 699634.5, "Plan Rows": 59587271, "Plan Width": 0, "Index Cond": "(l_shipdate <= '1998-09-30 00:00:00'::timestamp without time zone)"}]}]}]}]}]}]}}, {"Plan": {"Node Type": "Limit", "Parallel Aware": false, "Startup Cost": 2136288.41, "Total Cost": 2136288.92, "Plan Rows": 1, "Plan Width": 236, "Plans": [{"Node Type": "Aggregate", "Strategy": "Sorted", "Partial Mode": "Finalize", "Parent Relationship": "Outer", "Parallel Aware": false, "Startup Cost": 2136288.41, "Total Cost": 2136291.47, "Plan Rows": 6, "Plan Width": 236, "Group Key": ["l_returnflag", "l_linestatus"], "Plans": [{"Node Type": "Gather Merge", "Parent Relationship": "Outer", "Parallel Aware": false, "Startup Cost": 2136288.41, "Total Cost": 2136290.54, "Plan Rows": 18, "Plan Width": 236, "Workers Planned": 3, "Plans": [{"Node Type": "Sort", "Parent Relationship": "Outer", "Parallel Aware": false, "Startup Cost": 2135288.37, "Total Cost": 2135288.39, "Plan Rows": 6, "Plan Width": 236, "Sort Key": ["l_returnflag", "l_linestatus"], "Plans": [{"Node Type": "Aggregate", "Strategy": "Hashed", "Partial Mode": "Partial", "Parent Relationship": "Outer", "Parallel Aware": false, "Startup Cost": 2135288.13, "Total Cost": 2135288.29, "Plan Rows": 6, "Plan Width": 236, "Group Key": ["l_returnflag", "l_linestatus"], "Plans": [{"Node Type": "Seq Scan", "Parent Relationship": "Outer", "Parallel Aware": true, "Relation Name": "lineitem", "Alias": "lineitem", "Startup Cost": 0.0, "Total Cost": 1366420.13, "Plan Rows": 19221700, "Plan Width": 25, "Filter": "(l_shipdate <= '1998-09-30 00:00:00'::timestamp without time zone)"}]}]}]}]}]}}, {"Plan": {"Node Type": "Limit", "Parallel Aware": false, "Startup Cost": 2136288.41, "Total Cost": 2136288.92, "Plan Rows": 1, "Plan Width": 236, "Plans": [{"Node Type": "Aggregate", "Strategy": "Sorted", "Partial Mode": "Finalize", "Parent Relationship": "Outer", "Parallel Aware": false, "Startup Cost": 2136288.41, "Total Cost": 2136291.47, "Plan Rows": 6, "Plan Width": 236, "Group Key": ["l_returnflag", "l_linestatus"], "Plans": [{"Node Type": "Gather Merge", "Parent Relationship": "Outer", "Parallel Aware": false, "Startup Cost": 2136288.41, "Total Cost": 2136290.54, "Plan Rows": 18, "Plan Width": 236, "Workers Planned": 3, "Plans": [{"Node Type": "Sort", "Parent Relationship": "Outer", "Parallel Aware": false, "Startup Cost": 2135288.37, "Total Cost": 2135288.39, "Plan Rows": 6, "Plan Width": 236, "Sort Key": ["l_returnflag", "l_linestatus"], "Plans": [{"Node Type": "Aggregate", "Strategy": "Hashed", "Partial Mode": "Partial", "Parent Relationship": "Outer", "Parallel Aware": false, "Startup Cost": 2135288.13, "Total Cost": 2135288.29, "Plan Rows": 6, "Plan Width": 236, "Group Key": ["l_returnflag", "l_linestatus"], "Plans": [{"Node Type": "Seq Scan", "Parent Relationship": "Outer", "Parallel Aware": true, "Relation Name": "lineitem", "Alias": "lineitem", "Startup Cost": 0.0, "Total Cost": 1366420.13, "Plan Rows": 19221700, "Plan Width": 25, "Filter": "(l_shipdate <= '1998-09-30 00:00:00'::timestamp without time zone)"}]}]}]}]}]}}, {"Plan": {"Node Type": "Limit", "Parallel Aware": false, "Startup Cost": 2850619.95, "Total Cost": 2850620.46, "Plan Rows": 1, "Plan Width": 236, "Plans": [{"Node Type": "Aggregate", "Strategy": "Sorted", "Partial Mode": "Finalize", "Parent Relationship": "Outer", "Parallel Aware": false, "Startup Cost": 2850619.95, "Total Cost": 2850623.01, "Plan Rows": 6, "Plan Width": 236, "Group Key": ["l_returnflag", "l_linestatus"], "Plans": [{"Node Type": "Gather Merge", "Parent Relationship": "Outer", "Parallel Aware": false, "Startup Cost": 2850619.95, "Total Cost": 2850622.08, "Plan Rows": 18, "Plan Width": 236, "Workers Planned": 3, "Plans": [{"Node Type": "Sort", "Parent Relationship": "Outer", "Parallel Aware": false, "Startup Cost": 2849619.91, "Total Cost": 2849619.93, "Plan Rows": 6, "Plan Width": 236, "Sort Key": ["l_returnflag", "l_linestatus"], "Plans": [{"Node Type": "Aggregate", "Strategy": "Hashed", "Partial Mode": "Partial", "Parent Relationship": "Outer", "Parallel Aware": false, "Startup Cost": 2849619.67, "Total Cost": 2849619.84, "Plan Rows": 6, "Plan Width": 236, "Group Key": ["l_returnflag", "l_linestatus"], "Plans": [{"Node Type": "Bitmap Heap Scan", "Parent Relationship": "Outer", "Parallel Aware": true, "Relation Name": "lineitem", "Alias": "lineitem", "Startup Cost": 714531.32, "Total Cost": 2080751.67, "Plan Rows": 19221700, "Plan Width": 25, "Recheck Cond": "(l_shipdate <= '1998-09-30 00:00:00'::timestamp without time zone)", "Plans": [{"Node Type": "Bitmap Index Scan", "Parent Relationship": "Outer", "Parallel Aware": false, "Index Name": "idx_lineitem_shipdate", "Startup Cost": 0.0, "Total Cost": 699634.5, "Plan Rows": 59587271, "Plan Width": 0, "Index Cond": "(l_shipdate <= '1998-09-30 00:00:00'::timestamp without time zone)"}]}]}]}]}]}]}}, {"Plan": {"Node Type": "Limit", "Parallel Aware": false, "Startup Cost": 2136288.41, "Total Cost": 2136288.92, "Plan Rows": 1, "Plan Width": 236, "Plans": [{"Node Type": "Aggregate", "Strategy": "Sorted", "Partial Mode": "Finalize", "Parent Relationship": "Outer", "Parallel Aware": false, "Startup Cost": 2136288.41, "Total Cost": 2136291.47, "Plan Rows": 6, "Plan Width": 236, "Group Key": ["l_returnflag", "l_linestatus"], "Plans": [{"Node Type": "Gather Merge", "Parent Relationship": "Outer", "Parallel Aware": false, "Startup Cost": 2136288.41, "Total Cost": 2136290.54, "Plan Rows": 18, "Plan Width": 236, "Workers Planned": 3, "Plans": [{"Node Type": "Sort", "Parent Relationship": "Outer", "Parallel Aware": false, "Startup Cost": 2135288.37, "Total Cost": 2135288.39, "Plan Rows": 6, "Plan Width": 236, "Sort Key": ["l_returnflag", "l_linestatus"], "Plans": [{"Node Type": "Aggregate", "Strategy": "Hashed", "Partial Mode": "Partial", "Parent Relationship": "Outer", "Parallel Aware": false, "Startup Cost": 2135288.13, "Total Cost": 2135288.29, "Plan Rows": 6, "Plan Width": 236, "Group Key": ["l_returnflag", "l_linestatus"], "Plans": [{"Node Type": "Seq Scan", "Parent Relationship": "Outer", "Parallel Aware": true, "Relation Name": "lineitem", "Alias": "lineitem", "Startup Cost": 0.0, "Total Cost": 1366420.13, "Plan Rows": 19221700, "Plan Width": 25, "Filter": "(l_shipdate <= '1998-09-30 00:00:00'::timestamp without time zone)"}]}]}]}]}]}}, {"Plan": {"Node Type": "Limit", "Parallel Aware": false, "Startup Cost": 2850619.95, "Total Cost": 2850620.46, "Plan Rows": 1, "Plan Width": 236, "Plans": [{"Node Type": "Aggregate", "Strategy": "Sorted", "Partial Mode": "Finalize", "Parent Relationship": "Outer", "Parallel Aware": false, "Startup Cost": 2850619.95, "Total Cost": 2850623.01, "Plan Rows": 6, "Plan Width": 236, "Group Key": ["l_returnflag", "l_linestatus"], "Plans": [{"Node Type": "Gather Merge", "Parent Relationship": "Outer", "Parallel Aware": false, "Startup Cost": 2850619.95, "Total Cost": 2850622.08, "Plan Rows": 18, "Plan Width": 236, "Workers Planned": 3, "Plans": [{"Node Type": "Sort", "Parent Relationship": "Outer", "Parallel Aware": false, "Startup Cost": 2849619.91, "Total Cost": 2849619.93, "Plan Rows": 6, "Plan Width": 236, "Sort Key": ["l_returnflag", "l_linestatus"], "Plans": [{"Node Type": "Aggregate", "Strategy": "Hashed", "Partial Mode": "Partial", "Parent Relationship": "Outer", "Parallel Aware": false, "Startup Cost": 2849619.67, "Total Cost": 2849619.84, "Plan Rows": 6, "Plan Width": 236, "Group Key": ["l_returnflag", "l_linestatus"], "Plans": [{"Node Type": "Bitmap Heap Scan", "Parent Relationship": "Outer", "Parallel Aware": true, "Relation Name": "lineitem", "Alias": "lineitem", "Startup Cost": 714531.32, "Total Cost": 2080751.67, "Plan Rows": 19221700, "Plan Width": 25, "Recheck Cond": "(l_shipdate <= '1998-09-30 00:00:00'::timestamp without time zone)", "Plans": [{"Node Type": "Bitmap Index Scan", "Parent Relationship": "Outer", "Parallel Aware": false, "Index Name": "idx_lineitem_shipdate", "Startup Cost": 0.0, "Total Cost": 699634.5, "Plan Rows": 59587271, "Plan Width": 0, "Index Cond": "(l_shipdate <= '1998-09-30 00:00:00'::timestamp without time zone)"}]}]}]}]}]}]}}, {"Plan": {"Node Type": "Limit", "Parallel Aware": false, "Startup Cost": 2850619.95, "Total Cost": 2850620.46, "Plan Rows": 1, "Plan Width": 236, "Plans": [{"Node Type": "Aggregate", "Strategy": "Sorted", "Partial Mode": "Finalize", "Parent Relationship": "Outer", "Parallel Aware": false, "Startup Cost": 2850619.95, "Total Cost": 2850623.01, "Plan Rows": 6, "Plan Width": 236, "Group Key": ["l_returnflag", "l_linestatus"], "Plans": [{"Node Type": "Gather Merge", "Parent Relationship": "Outer", "Parallel Aware": false, "Startup Cost": 2850619.95, "Total Cost": 2850622.08, "Plan Rows": 18, "Plan Width": 236, "Workers Planned": 3, "Plans": [{"Node Type": "Sort", "Parent Relationship": "Outer", "Parallel Aware": false, "Startup Cost": 2849619.91, "Total Cost": 2849619.93, "Plan Rows": 6, "Plan Width": 236, "Sort Key": ["l_returnflag", "l_linestatus"], "Plans": [{"Node Type": "Aggregate", "Strategy": "Hashed", "Partial Mode": "Partial", "Parent Relationship": "Outer", "Parallel Aware": false, "Startup Cost": 2849619.67, "Total Cost": 2849619.84, "Plan Rows": 6, "Plan Width": 236, "Group Key": ["l_returnflag", "l_linestatus"], "Plans": [{"Node Type": "Bitmap Heap Scan", "Parent Relationship": "Outer", "Parallel Aware": true, "Relation Name": "lineitem", "Alias": "lineitem", "Startup Cost": 714531.32, "Total Cost": 2080751.67, "Plan Rows": 19221700, "Plan Width": 25, "Recheck Cond": "(l_shipdate <= '1998-09-30 00:00:00'::timestamp without time zone)", "Plans": [{"Node Type": "Bitmap Index Scan", "Parent Relationship": "Outer", "Parallel Aware": false, "Index Name": "idx_lineitem_shipdate", "Startup Cost": 0.0, "Total Cost": 699634.5, "Plan Rows": 59587271, "Plan Width": 0, "Index Cond": "(l_shipdate <= '1998-09-30 00:00:00'::timestamp without time zone)"}]}]}]}]}]}]}}, {"Plan": {"Node Type": "Limit", "Parallel Aware": false, "Startup Cost": 2136288.41, "Total Cost": 2136288.92, "Plan Rows": 1, "Plan Width": 236, "Plans": [{"Node Type": "Aggregate", "Strategy": "Sorted", "Partial Mode": "Finalize", "Parent Relationship": "Outer", "Parallel Aware": false, "Startup Cost": 2136288.41, "Total Cost": 2136291.47, "Plan Rows": 6, "Plan Width": 236, "Group Key": ["l_returnflag", "l_linestatus"], "Plans": [{"Node Type": "Gather Merge", "Parent Relationship": "Outer", "Parallel Aware": false, "Startup Cost": 2136288.41, "Total Cost": 2136290.54, "Plan Rows": 18, "Plan Width": 236, "Workers Planned": 3, "Plans": [{"Node Type": "Sort", "Parent Relationship": "Outer", "Parallel Aware": false, "Startup Cost": 2135288.37, "Total Cost": 2135288.39, "Plan Rows": 6, "Plan Width": 236, "Sort Key": ["l_returnflag", "l_linestatus"], "Plans": [{"Node Type": "Aggregate", "Strategy": "Hashed", "Partial Mode": "Partial", "Parent Relationship": "Outer", "Parallel Aware": false, "Startup Cost": 2135288.13, "Total Cost": 2135288.29, "Plan Rows": 6, "Plan Width": 236, "Group Key": ["l_returnflag", "l_linestatus"], "Plans": [{"Node Type": "Seq Scan", "Parent Relationship": "Outer", "Parallel Aware": true, "Relation Name": "lineitem", "Alias": "lineitem", "Startup Cost": 0.0, "Total Cost": 1366420.13, "Plan Rows": 19221700, "Plan Width": 25, "Filter": "(l_shipdate <= '1998-09-30 00:00:00'::timestamp without time zone)"}]}]}]}]}]}}, {"Plan": {"Node Type": "Limit", "Parallel Aware": false, "Startup Cost": 2136288.41, "Total Cost": 2136288.92, "Plan Rows": 1, "Plan Width": 236, "Plans": [{"Node Type": "Aggregate", "Strategy": "Sorted", "Partial Mode": "Finalize", "Parent Relationship": "Outer", "Parallel Aware": false, "Startup Cost": 2136288.41, "Total Cost": 2136291.47, "Plan Rows": 6, "Plan Width": 236, "Group Key": ["l_returnflag", "l_linestatus"], "Plans": [{"Node Type": "Gather Merge", "Parent Relationship": "Outer", "Parallel Aware": false, "Startup Cost": 2136288.41, "Total Cost": 2136290.54, "Plan Rows": 18, "Plan Width": 236, "Workers Planned": 3, "Plans": [{"Node Type": "Sort", "Parent Relationship": "Outer", "Parallel Aware": false, "Startup Cost": 2135288.37, "Total Cost": 2135288.39, "Plan Rows": 6, "Plan Width": 236, "Sort Key": ["l_returnflag", "l_linestatus"], "Plans": [{"Node Type": "Aggregate", "Strategy": "Hashed", "Partial Mode": "Partial", "Parent Relationship": "Outer", "Parallel Aware": false, "Startup Cost": 2135288.13, "Total Cost": 2135288.29, "Plan Rows": 6, "Plan Width": 236, "Group Key": ["l_returnflag", "l_linestatus"], "Plans": [{"Node Type": "Seq Scan", "Parent Relationship": "Outer", "Parallel Aware": true, "Relation Name": "lineitem", "Alias": "lineitem", "Startup Cost": 0.0, "Total Cost": 1366420.13, "Plan Rows": 19221700, "Plan Width": 25, "Filter": "(l_shipdate <= '1998-09-30 00:00:00'::timestamp without time zone)"}]}]}]}]}]}}, {"Plan": {"Node Type": "Limit", "Parallel Aware": false, "Startup Cost": 2850619.95, "Total Cost": 2850620.46, "Plan Rows": 1, "Plan Width": 236, "Plans": [{"Node Type": "Aggregate", "Strategy": "Sorted", "Partial Mode": "Finalize", "Parent Relationship": "Outer", "Parallel Aware": false, "Startup Cost": 2850619.95, "Total Cost": 2850623.01, "Plan Rows": 6, "Plan Width": 236, "Group Key": ["l_returnflag", "l_linestatus"], "Plans": [{"Node Type": "Gather Merge", "Parent Relationship": "Outer", "Parallel Aware": false, "Startup Cost": 2850619.95, "Total Cost": 2850622.08, "Plan Rows": 18, "Plan Width": 236, "Workers Planned": 3, "Plans": [{"Node Type": "Sort", "Parent Relationship": "Outer", "Parallel Aware": false, "Startup Cost": 2849619.91, "Total Cost": 2849619.93, "Plan Rows": 6, "Plan Width": 236, "Sort Key": ["l_returnflag", "l_linestatus"], "Plans": [{"Node Type": "Aggregate", "Strategy": "Hashed", "Partial Mode": "Partial", "Parent Relationship": "Outer", "Parallel Aware": false, "Startup Cost": 2849619.67, "Total Cost": 2849619.84, "Plan Rows": 6, "Plan Width": 236, "Group Key": ["l_returnflag", "l_linestatus"], "Plans": [{"Node Type": "Bitmap Heap Scan", "Parent Relationship": "Outer", "Parallel Aware": true, "Relation Name": "lineitem", "Alias": "lineitem", "Startup Cost": 714531.32, "Total Cost": 2080751.67, "Plan Rows": 19221700, "Plan Width": 25, "Recheck Cond": "(l_shipdate <= '1998-09-30 00:00:00'::timestamp without time zone)", "Plans": [{"Node Type": "Bitmap Index Scan", "Parent Relationship": "Outer", "Parallel Aware": false, "Index Name": "idx_lineitem_shipdate", "Startup Cost": 0.0, "Total Cost": 699634.5, "Plan Rows": 59587271, "Plan Width": 0, "Index Cond": "(l_shipdate <= '1998-09-30 00:00:00'::timestamp without time zone)"}]}]}]}]}]}]}}, {"Plan": {"Node Type": "Limit", "Parallel Aware": false, "Startup Cost": 2136288.41, "Total Cost": 2136288.92, "Plan Rows": 1, "Plan Width": 236, "Plans": [{"Node Type": "Aggregate", "Strategy": "Sorted", "Partial Mode": "Finalize", "Parent Relationship": "Outer", "Parallel Aware": false, "Startup Cost": 2136288.41, "Total Cost": 2136291.47, "Plan Rows": 6, "Plan Width": 236, "Group Key": ["l_returnflag", "l_linestatus"], "Plans": [{"Node Type": "Gather Merge", "Parent Relationship": "Outer", "Parallel Aware": false, "Startup Cost": 2136288.41, "Total Cost": 2136290.54, "Plan Rows": 18, "Plan Width": 236, "Workers Planned": 3, "Plans": [{"Node Type": "Sort", "Parent Relationship": "Outer", "Parallel Aware": false, "Startup Cost": 2135288.37, "Total Cost": 2135288.39, "Plan Rows": 6, "Plan Width": 236, "Sort Key": ["l_returnflag", "l_linestatus"], "Plans": [{"Node Type": "Aggregate", "Strategy": "Hashed", "Partial Mode": "Partial", "Parent Relationship": "Outer", "Parallel Aware": false, "Startup Cost": 2135288.13, "Total Cost": 2135288.29, "Plan Rows": 6, "Plan Width": 236, "Group Key": ["l_returnflag", "l_linestatus"], "Plans": [{"Node Type": "Seq Scan", "Parent Relationship": "Outer", "Parallel Aware": true, "Relation Name": "lineitem", "Alias": "lineitem", "Startup Cost": 0.0, "Total Cost": 1366420.13, "Plan Rows": 19221700, "Plan Width": 25, "Filter": "(l_shipdate <= '1998-09-30 00:00:00'::timestamp without time zone)"}]}]}]}]}]}}, {"Plan": {"Node Type": "Limit", "Parallel Aware": false, "Startup Cost": 2850619.95, "Total Cost": 2850620.46, "Plan Rows": 1, "Plan Width": 236, "Plans": [{"Node Type": "Aggregate", "Strategy": "Sorted", "Partial Mode": "Finalize", "Parent Relationship": "Outer", "Parallel Aware": false, "Startup Cost": 2850619.95, "Total Cost": 2850623.01, "Plan Rows": 6, "Plan Width": 236, "Group Key": ["l_returnflag", "l_linestatus"], "Plans": [{"Node Type": "Gather Merge", "Parent Relationship": "Outer", "Parallel Aware": false, "Startup Cost": 2850619.95, "Total Cost": 2850622.08, "Plan Rows": 18, "Plan Width": 236, "Workers Planned": 3, "Plans": [{"Node Type": "Sort", "Parent Relationship": "Outer", "Parallel Aware": false, "Startup Cost": 2849619.91, "Total Cost": 2849619.93, "Plan Rows": 6, "Plan Width": 236, "Sort Key": ["l_returnflag", "l_linestatus"], "Plans": [{"Node Type": "Aggregate", "Strategy": "Hashed", "Partial Mode": "Partial", "Parent Relationship": "Outer", "Parallel Aware": false, "Startup Cost": 2849619.67, "Total Cost": 2849619.84, "Plan Rows": 6, "Plan Width": 236, "Group Key": ["l_returnflag", "l_linestatus"], "Plans": [{"Node Type": "Bitmap Heap Scan", "Parent Relationship": "Outer", "Parallel Aware": true, "Relation Name": "lineitem", "Alias": "lineitem", "Startup Cost": 714531.32, "Total Cost": 2080751.67, "Plan Rows": 19221700, "Plan Width": 25, "Recheck Cond": "(l_shipdate <= '1998-09-30 00:00:00'::timestamp without time zone)", "Plans": [{"Node Type": "Bitmap Index Scan", "Parent Relationship": "Outer", "Parallel Aware": false, "Index Name": "idx_lineitem_shipdate", "Startup Cost": 0.0, "Total Cost": 699634.5, "Plan Rows": 59587271, "Plan Width": 0, "Index Cond": "(l_shipdate <= '1998-09-30 00:00:00'::timestamp without time zone)"}]}]}]}]}]}]}}, {"Plan": {"Node Type": "Limit", "Parallel Aware": false, "Startup Cost": 2850619.95, "Total Cost": 2850620.46, "Plan Rows": 1, "Plan Width": 236, "Plans": [{"Node Type": "Aggregate", "Strategy": "Sorted", "Partial Mode": "Finalize", "Parent Relationship": "Outer", "Parallel Aware": false, "Startup Cost": 2850619.95, "Total Cost": 2850623.01, "Plan Rows": 6, "Plan Width": 236, "Group Key": ["l_returnflag", "l_linestatus"], "Plans": [{"Node Type": "Gather Merge", "Parent Relationship": "Outer", "Parallel Aware": false, "Startup Cost": 2850619.95, "Total Cost": 2850622.08, "Plan Rows": 18, "Plan Width": 236, "Workers Planned": 3, "Plans": [{"Node Type": "Sort", "Parent Relationship": "Outer", "Parallel Aware": false, "Startup Cost": 2849619.91, "Total Cost": 2849619.93, "Plan Rows": 6, "Plan Width": 236, "Sort Key": ["l_returnflag", "l_linestatus"], "Plans": [{"Node Type": "Aggregate", "Strategy": "Hashed", "Partial Mode": "Partial", "Parent Relationship": "Outer", "Parallel Aware": false, "Startup Cost": 2849619.67, "Total Cost": 2849619.84, "Plan Rows": 6, "Plan Width": 236, "Group Key": ["l_returnflag", "l_linestatus"], "Plans": [{"Node Type": "Bitmap Heap Scan", "Parent Relationship": "Outer", "Parallel Aware": true, "Relation Name": "lineitem", "Alias": "lineitem", "Startup Cost": 714531.32, "Total Cost": 2080751.67, "Plan Rows": 19221700, "Plan Width": 25, "Recheck Cond": "(l_shipdate <= '1998-09-30 00:00:00'::timestamp without time zone)", "Plans": [{"Node Type": "Bitmap Index Scan", "Parent Relationship": "Outer", "Parallel Aware": false, "Index Name": "idx_lineitem_shipdate", "Startup Cost": 0.0, "Total Cost": 699634.5, "Plan Rows": 59587271, "Plan Width": 0, "Index Cond": "(l_shipdate <= '1998-09-30 00:00:00'::timestamp without time zone)"}]}]}]}]}]}]}}, {"Plan": {"Node Type": "Limit", "Parallel Aware": false, "Startup Cost": 2136288.41, "Total Cost": 2136288.92, "Plan Rows": 1, "Plan Width": 236, "Plans": [{"Node Type": "Aggregate", "Strategy": "Sorted", "Partial Mode": "Finalize", "Parent Relationship": "Outer", "Parallel Aware": false, "Startup Cost": 2136288.41, "Total Cost": 2136291.47, "Plan Rows": 6, "Plan Width": 236, "Group Key": ["l_returnflag", "l_linestatus"], "Plans": [{"Node Type": "Gather Merge", "Parent Relationship": "Outer", "Parallel Aware": false, "Startup Cost": 2136288.41, "Total Cost": 2136290.54, "Plan Rows": 18, "Plan Width": 236, "Workers Planned": 3, "Plans": [{"Node Type": "Sort", "Parent Relationship": "Outer", "Parallel Aware": false, "Startup Cost": 2135288.37, "Total Cost": 2135288.39, "Plan Rows": 6, "Plan Width": 236, "Sort Key": ["l_returnflag", "l_linestatus"], "Plans": [{"Node Type": "Aggregate", "Strategy": "Hashed", "Partial Mode": "Partial", "Parent Relationship": "Outer", "Parallel Aware": false, "Startup Cost": 2135288.13, "Total Cost": 2135288.29, "Plan Rows": 6, "Plan Width": 236, "Group Key": ["l_returnflag", "l_linestatus"], "Plans": [{"Node Type": "Seq Scan", "Parent Relationship": "Outer", "Parallel Aware": true, "Relation Name": "lineitem", "Alias": "lineitem", "Startup Cost": 0.0, "Total Cost": 1366420.13, "Plan Rows": 19221700, "Plan Width": 25, "Filter": "(l_shipdate <= '1998-09-30 00:00:00'::timestamp without time zone)"}]}]}]}]}]}}, {"Plan": {"Node Type": "Limit", "Parallel Aware": false, "Startup Cost": 2136288.41, "Total Cost": 2136288.92, "Plan Rows": 1, "Plan Width": 236, "Plans": [{"Node Type": "Aggregate", "Strategy": "Sorted", "Partial Mode": "Finalize", "Parent Relationship": "Outer", "Parallel Aware": false, "Startup Cost": 2136288.41, "Total Cost": 2136291.47, "Plan Rows": 6, "Plan Width": 236, "Group Key": ["l_returnflag", "l_linestatus"], "Plans": [{"Node Type": "Gather Merge", "Parent Relationship": "Outer", "Parallel Aware": false, "Startup Cost": 2136288.41, "Total Cost": 2136290.54, "Plan Rows": 18, "Plan Width": 236, "Workers Planned": 3, "Plans": [{"Node Type": "Sort", "Parent Relationship": "Outer", "Parallel Aware": false, "Startup Cost": 2135288.37, "Total Cost": 2135288.39, "Plan Rows": 6, "Plan Width": 236, "Sort Key": ["l_returnflag", "l_linestatus"], "Plans": [{"Node Type": "Aggregate", "Strategy": "Hashed", "Partial Mode": "Partial", "Parent Relationship": "Outer", "Parallel Aware": false, "Startup Cost": 2135288.13, "Total Cost": 2135288.29, "Plan Rows": 6, "Plan Width": 236, "Group Key": ["l_returnflag", "l_linestatus"], "Plans": [{"Node Type": "Seq Scan", "Parent Relationship": "Outer", "Parallel Aware": true, "Relation Name": "lineitem", "Alias": "lineitem", "Startup Cost": 0.0, "Total Cost": 1366420.13, "Plan Rows": 19221700, "Plan Width": 25, "Filter": "(l_shipdate <= '1998-09-30 00:00:00'::timestamp without time zone)"}]}]}]}]}]}}, {"Plan": {"Node Type": "Limit", "Parallel Aware": false, "Startup Cost": 2850619.95, "Total Cost": 2850620.46, "Plan Rows": 1, "Plan Width": 236, "Plans": [{"Node Type": "Aggregate", "Strategy": "Sorted", "Partial Mode": "Finalize", "Parent Relationship": "Outer", "Parallel Aware": false, "Startup Cost": 2850619.95, "Total Cost": 2850623.01, "Plan Rows": 6, "Plan Width": 236, "Group Key": ["l_returnflag", "l_linestatus"], "Plans": [{"Node Type": "Gather Merge", "Parent Relationship": "Outer", "Parallel Aware": false, "Startup Cost": 2850619.95, "Total Cost": 2850622.08, "Plan Rows": 18, "Plan Width": 236, "Workers Planned": 3, "Plans": [{"Node Type": "Sort", "Parent Relationship": "Outer", "Parallel Aware": false, "Startup Cost": 2849619.91, "Total Cost": 2849619.93, "Plan Rows": 6, "Plan Width": 236, "Sort Key": ["l_returnflag", "l_linestatus"], "Plans": [{"Node Type": "Aggregate", "Strategy": "Hashed", "Partial Mode": "Partial", "Parent Relationship": "Outer", "Parallel Aware": false, "Startup Cost": 2849619.67, "Total Cost": 2849619.84, "Plan Rows": 6, "Plan Width": 236, "Group Key": ["l_returnflag", "l_linestatus"], "Plans": [{"Node Type": "Bitmap Heap Scan", "Parent Relationship": "Outer", "Parallel Aware": true, "Relation Name": "lineitem", "Alias": "lineitem", "Startup Cost": 714531.32, "Total Cost": 2080751.67, "Plan Rows": 19221700, "Plan Width": 25, "Recheck Cond": "(l_shipdate <= '1998-09-30 00:00:00'::timestamp without time zone)", "Plans": [{"Node Type": "Bitmap Index Scan", "Parent Relationship": "Outer", "Parallel Aware": false, "Index Name": "idx_lineitem_shipdate", "Startup Cost": 0.0, "Total Cost": 699634.5, "Plan Rows": 59587271, "Plan Width": 0, "Index Cond": "(l_shipdate <= '1998-09-30 00:00:00'::timestamp without time zone)"}]}]}]}]}]}]}}, {"Plan": {"Node Type": "Limit", "Parallel Aware": false, "Startup Cost": 2136288.41, "Total Cost": 2136288.92, "Plan Rows": 1, "Plan Width": 236, "Plans": [{"Node Type": "Aggregate", "Strategy": "Sorted", "Partial Mode": "Finalize", "Parent Relationship": "Outer", "Parallel Aware": false, "Startup Cost": 2136288.41, "Total Cost": 2136291.47, "Plan Rows": 6, "Plan Width": 236, "Group Key": ["l_returnflag", "l_linestatus"], "Plans": [{"Node Type": "Gather Merge", "Parent Relationship": "Outer", "Parallel Aware": false, "Startup Cost": 2136288.41, "Total Cost": 2136290.54, "Plan Rows": 18, "Plan Width": 236, "Workers Planned": 3, "Plans": [{"Node Type": "Sort", "Parent Relationship": "Outer", "Parallel Aware": false, "Startup Cost": 2135288.37, "Total Cost": 2135288.39, "Plan Rows": 6, "Plan Width": 236, "Sort Key": ["l_returnflag", "l_linestatus"], "Plans": [{"Node Type": "Aggregate", "Strategy": "Hashed", "Partial Mode": "Partial", "Parent Relationship": "Outer", "Parallel Aware": false, "Startup Cost": 2135288.13, "Total Cost": 2135288.29, "Plan Rows": 6, "Plan Width": 236, "Group Key": ["l_returnflag", "l_linestatus"], "Plans": [{"Node Type": "Seq Scan", "Parent Relationship": "Outer", "Parallel Aware": true, "Relation Name": "lineitem", "Alias": "lineitem", "Startup Cost": 0.0, "Total Cost": 1366420.13, "Plan Rows": 19221700, "Plan Width": 25, "Filter": "(l_shipdate <= '1998-09-30 00:00:00'::timestamp without time zone)"}]}]}]}]}]}}, {"Plan": {"Node Type": "Limit", "Parallel Aware": false, "Startup Cost": 2136288.41, "Total Cost": 2136288.92, "Plan Rows": 1, "Plan Width": 236, "Plans": [{"Node Type": "Aggregate", "Strategy": "Sorted", "Partial Mode": "Finalize", "Parent Relationship": "Outer", "Parallel Aware": false, "Startup Cost": 2136288.41, "Total Cost": 2136291.47, "Plan Rows": 6, "Plan Width": 236, "Group Key": ["l_returnflag", "l_linestatus"], "Plans": [{"Node Type": "Gather Merge", "Parent Relationship": "Outer", "Parallel Aware": false, "Startup Cost": 2136288.41, "Total Cost": 2136290.54, "Plan Rows": 18, "Plan Width": 236, "Workers Planned": 3, "Plans": [{"Node Type": "Sort", "Parent Relationship": "Outer", "Parallel Aware": false, "Startup Cost": 2135288.37, "Total Cost": 2135288.39, "Plan Rows": 6, "Plan Width": 236, "Sort Key": ["l_returnflag", "l_linestatus"], "Plans": [{"Node Type": "Aggregate", "Strategy": "Hashed", "Partial Mode": "Partial", "Parent Relationship": "Outer", "Parallel Aware": false, "Startup Cost": 2135288.13, "Total Cost": 2135288.29, "Plan Rows": 6, "Plan Width": 236, "Group Key": ["l_returnflag", "l_linestatus"], "Plans": [{"Node Type": "Seq Scan", "Parent Relationship": "Outer", "Parallel Aware": true, "Relation Name": "lineitem", "Alias": "lineitem", "Startup Cost": 0.0, "Total Cost": 1366420.13, "Plan Rows": 19221700, "Plan Width": 25, "Filter": "(l_shipdate <= '1998-09-30 00:00:00'::timestamp without time zone)"}]}]}]}]}]}}, {"Plan": {"Node Type": "Limit", "Parallel Aware": false, "Startup Cost": 2136288.41, "Total Cost": 2136288.92, "Plan Rows": 1, "Plan Width": 236, "Plans": [{"Node Type": "Aggregate", "Strategy": "Sorted", "Partial Mode": "Finalize", "Parent Relationship": "Outer", "Parallel Aware": false, "Startup Cost": 2136288.41, "Total Cost": 2136291.47, "Plan Rows": 6, "Plan Width": 236, "Group Key": ["l_returnflag", "l_linestatus"], "Plans": [{"Node Type": "Gather Merge", "Parent Relationship": "Outer", "Parallel Aware": false, "Startup Cost": 2136288.41, "Total Cost": 2136290.54, "Plan Rows": 18, "Plan Width": 236, "Workers Planned": 3, "Plans": [{"Node Type": "Sort", "Parent Relationship": "Outer", "Parallel Aware": false, "Startup Cost": 2135288.37, "Total Cost": 2135288.39, "Plan Rows": 6, "Plan Width": 236, "Sort Key": ["l_returnflag", "l_linestatus"], "Plans": [{"Node Type": "Aggregate", "Strategy": "Hashed", "Partial Mode": "Partial", "Parent Relationship": "Outer", "Parallel Aware": false, "Startup Cost": 2135288.13, "Total Cost": 2135288.29, "Plan Rows": 6, "Plan Width": 236, "Group Key": ["l_returnflag", "l_linestatus"], "Plans": [{"Node Type": "Seq Scan", "Parent Relationship": "Outer", "Parallel Aware": true, "Relation Name": "lineitem", "Alias": "lineitem", "Startup Cost": 0.0, "Total Cost": 1366420.13, "Plan Rows": 19221700, "Plan Width": 25, "Filter": "(l_shipdate <= '1998-09-30 00:00:00'::timestamp without time zone)"}]}]}]}]}]}}, {"Plan": {"Node Type": "Limit", "Parallel Aware": false, "Startup Cost": 2136288.41, "Total Cost": 2136288.92, "Plan Rows": 1, "Plan Width": 236, "Plans": [{"Node Type": "Aggregate", "Strategy": "Sorted", "Partial Mode": "Finalize", "Parent Relationship": "Outer", "Parallel Aware": false, "Startup Cost": 2136288.41, "Total Cost": 2136291.47, "Plan Rows": 6, "Plan Width": 236, "Group Key": ["l_returnflag", "l_linestatus"], "Plans": [{"Node Type": "Gather Merge", "Parent Relationship": "Outer", "Parallel Aware": false, "Startup Cost": 2136288.41, "Total Cost": 2136290.54, "Plan Rows": 18, "Plan Width": 236, "Workers Planned": 3, "Plans": [{"Node Type": "Sort", "Parent Relationship": "Outer", "Parallel Aware": false, "Startup Cost": 2135288.37, "Total Cost": 2135288.39, "Plan Rows": 6, "Plan Width": 236, "Sort Key": ["l_returnflag", "l_linestatus"], "Plans": [{"Node Type": "Aggregate", "Strategy": "Hashed", "Partial Mode": "Partial", "Parent Relationship": "Outer", "Parallel Aware": false, "Startup Cost": 2135288.13, "Total Cost": 2135288.29, "Plan Rows": 6, "Plan Width": 236, "Group Key": ["l_returnflag", "l_linestatus"], "Plans": [{"Node Type": "Seq Scan", "Parent Relationship": "Outer", "Parallel Aware": true, "Relation Name": "lineitem", "Alias": "lineitem", "Startup Cost": 0.0, "Total Cost": 1366420.13, "Plan Rows": 19221700, "Plan Width": 25, "Filter": "(l_shipdate <= '1998-09-30 00:00:00'::timestamp without time zone)"}]}]}]}]}]}}, {"Plan": {"Node Type": "Limit", "Parallel Aware": false, "Startup Cost": 2136288.41, "Total Cost": 2136288.92, "Plan Rows": 1, "Plan Width": 236, "Plans": [{"Node Type": "Aggregate", "Strategy": "Sorted", "Partial Mode": "Finalize", "Parent Relationship": "Outer", "Parallel Aware": false, "Startup Cost": 2136288.41, "Total Cost": 2136291.47, "Plan Rows": 6, "Plan Width": 236, "Group Key": ["l_returnflag", "l_linestatus"], "Plans": [{"Node Type": "Gather Merge", "Parent Relationship": "Outer", "Parallel Aware": false, "Startup Cost": 2136288.41, "Total Cost": 2136290.54, "Plan Rows": 18, "Plan Width": 236, "Workers Planned": 3, "Plans": [{"Node Type": "Sort", "Parent Relationship": "Outer", "Parallel Aware": false, "Startup Cost": 2135288.37, "Total Cost": 2135288.39, "Plan Rows": 6, "Plan Width": 236, "Sort Key": ["l_returnflag", "l_linestatus"], "Plans": [{"Node Type": "Aggregate", "Strategy": "Hashed", "Partial Mode": "Partial", "Parent Relationship": "Outer", "Parallel Aware": false, "Startup Cost": 2135288.13, "Total Cost": 2135288.29, "Plan Rows": 6, "Plan Width": 236, "Group Key": ["l_returnflag", "l_linestatus"], "Plans": [{"Node Type": "Seq Scan", "Parent Relationship": "Outer", "Parallel Aware": true, "Relation Name": "lineitem", "Alias": "lineitem", "Startup Cost": 0.0, "Total Cost": 1366420.13, "Plan Rows": 19221700, "Plan Width": 25, "Filter": "(l_shipdate <= '1998-09-30 00:00:00'::timestamp without time zone)"}]}]}]}]}]}}]