[{"Plan": {"Node Type": "Limit", "Parallel Aware": false, "Startup Cost": 2847728.45, "Total Cost": 2847728.96, "Plan Rows": 1, "Plan Width": 236, "Plans": [{"Node Type": "Aggregate", "Strategy": "Sorted", "Partial Mode": "Finalize", "Parent Relationship": "Outer", "Parallel Aware": false, "Startup Cost": 2847728.45, "Total Cost": 2847731.51, "Plan Rows": 6, "Plan Width": 236, "Group Key": ["l_returnflag", "l_linestatus"], "Plans": [{"Node Type": "Gather Merge", "Parent Relationship": "Outer", "Parallel Aware": false, "Startup Cost": 2847728.45, "Total Cost": 2847730.58, "Plan Rows": 18, "Plan Width": 236, "Workers Planned": 3, "Plans": [{"Node Type": "Sort", "Parent Relationship": "Outer", "Parallel Aware": false, "Startup Cost": 2846728.41, "Total Cost": 2846728.42, "Plan Rows": 6, "Plan Width": 236, "Sort Key": ["l_returnflag", "l_linestatus"], "Plans": [{"Node Type": "Aggregate", "Strategy": "Hashed", "Partial Mode": "Partial", "Parent Relationship": "Outer", "Parallel Aware": false, "Startup Cost": 2846728.17, "Total Cost": 2846728.33, "Plan Rows": 6, "Plan Width": 236, "Group Key": ["l_returnflag", "l_linestatus"], "Plans": [{"Node Type": "Bitmap Heap Scan", "Parent Relationship": "Outer", "Parallel Aware": true, "Relation Name": "lineitem", "Alias": "lineitem", "Startup Cost": 713166.01, "Total Cost": 2079329.29, "Plan Rows": 19184972, "Plan Width": 25, "Recheck Cond": "(l_shipdate <= '1998-09-22 00:00:00'::timestamp without time zone)", "Plans": [{"Node Type": "Bitmap Index Scan", "Parent Relationship": "Outer", "Parallel Aware": false, "Index Name": "idx_lineitem_shipdate", "Startup Cost": 0.0, "Total Cost": 698297.65, "Plan Rows": 59473412, "Plan Width": 0, "Index Cond": "(l_shipdate <= '1998-09-22 00:00:00'::timestamp without time zone)"}]}]}]}]}]}]}}, {"Plan": {"Node Type": "Limit", "Parallel Aware": false, "Startup Cost": 2847728.45, "Total Cost": 2847728.96, "Plan Rows": 1, "Plan Width": 236, "Plans": [{"Node Type": "Aggregate", "Strategy": "Sorted", "Partial Mode": "Finalize", "Parent Relationship": "Outer", "Parallel Aware": false, "Startup Cost": 2847728.45, "Total Cost": 2847731.51, "Plan Rows": 6, "Plan Width": 236, "Group Key": ["l_returnflag", "l_linestatus"], "Plans": [{"Node Type": "Gather Merge", "Parent Relationship": "Outer", "Parallel Aware": false, "Startup Cost": 2847728.45, "Total Cost": 2847730.58, "Plan Rows": 18, "Plan Width": 236, "Workers Planned": 3, "Plans": [{"Node Type": "Sort", "Parent Relationship": "Outer", "Parallel Aware": false, "Startup Cost": 2846728.41, "Total Cost": 2846728.42, "Plan Rows": 6, "Plan Width": 236, "Sort Key": ["l_returnflag", "l_linestatus"], "Plans": [{"Node Type": "Aggregate", "Strategy": "Hashed", "Partial Mode": "Partial", "Parent Relationship": "Outer", "Parallel Aware": false, "Startup Cost": 2846728.17, "Total Cost": 2846728.33, "Plan Rows": 6, "Plan Width": 236, "Group Key": ["l_returnflag", "l_linestatus"], "Plans": [{"Node Type": "Bitmap Heap Scan", "Parent Relationship": "Outer", "Parallel Aware": true, "Relation Name": "lineitem", "Alias": "lineitem", "Startup Cost": 713166.01, "Total Cost": 2079329.29, "Plan Rows": 19184972, "Plan Width": 25, "Recheck Cond": "(l_shipdate <= '1998-09-22 00:00:00'::timestamp without time zone)", "Plans": [{"Node Type": "Bitmap Index Scan", "Parent Relationship": "Outer", "Parallel Aware": false, "Index Name": "idx_lineitem_shipdate", "Startup Cost": 0.0, "Total Cost": 698297.65, "Plan Rows": 59473412, "Plan Width": 0, "Index Cond": "(l_shipdate <= '1998-09-22 00:00:00'::timestamp without time zone)"}]}]}]}]}]}]}}, {"Plan": {"Node Type": "Limit", "Parallel Aware": false, "Startup Cost": 2847728.45, "Total Cost": 2847728.96, "Plan Rows": 1, "Plan Width": 236, "Plans": [{"Node Type": "Aggregate", "Strategy": "Sorted", "Partial Mode": "Finalize", "Parent Relationship": "Outer", "Parallel Aware": false, "Startup Cost": 2847728.45, "Total Cost": 2847731.51, "Plan Rows": 6, "Plan Width": 236, "Group Key": ["l_returnflag", "l_linestatus"], "Plans": [{"Node Type": "Gather Merge", "Parent Relationship": "Outer", "Parallel Aware": false, "Startup Cost": 2847728.45, "Total Cost": 2847730.58, "Plan Rows": 18, "Plan Width": 236, "Workers Planned": 3, "Plans": [{"Node Type": "Sort", "Parent Relationship": "Outer", "Parallel Aware": false, "Startup Cost": 2846728.41, "Total Cost": 2846728.42, "Plan Rows": 6, "Plan Width": 236, "Sort Key": ["l_returnflag", "l_linestatus"], "Plans": [{"Node Type": "Aggregate", "Strategy": "Hashed", "Partial Mode": "Partial", "Parent Relationship": "Outer", "Parallel Aware": false, "Startup Cost": 2846728.17, "Total Cost": 2846728.33, "Plan Rows": 6, "Plan Width": 236, "Group Key": ["l_returnflag", "l_linestatus"], "Plans": [{"Node Type": "Bitmap Heap Scan", "Parent Relationship": "Outer", "Parallel Aware": true, "Relation Name": "lineitem", "Alias": "lineitem", "Startup Cost": 713166.01, "Total Cost": 2079329.29, "Plan Rows": 19184972, "Plan Width": 25, "Recheck Cond": "(l_shipdate <= '1998-09-22 00:00:00'::timestamp without time zone)", "Plans": [{"Node Type": "Bitmap Index Scan", "Parent Relationship": "Outer", "Parallel Aware": false, "Index Name": "idx_lineitem_shipdate", "Startup Cost": 0.0, "Total Cost": 698297.65, "Plan Rows": 59473412, "Plan Width": 0, "Index Cond": "(l_shipdate <= '1998-09-22 00:00:00'::timestamp without time zone)"}]}]}]}]}]}]}}, {"Plan": {"Node Type": "Limit", "Parallel Aware": false, "Startup Cost": 2847728.45, "Total Cost": 2847728.96, "Plan Rows": 1, "Plan Width": 236, "Plans": [{"Node Type": "Aggregate", "Strategy": "Sorted", "Partial Mode": "Finalize", "Parent Relationship": "Outer", "Parallel Aware": false, "Startup Cost": 2847728.45, "Total Cost": 2847731.51, "Plan Rows": 6, "Plan Width": 236, "Group Key": ["l_returnflag", "l_linestatus"], "Plans": [{"Node Type": "Gather Merge", "Parent Relationship": "Outer", "Parallel Aware": false, "Startup Cost": 2847728.45, "Total Cost": 2847730.58, "Plan Rows": 18, "Plan Width": 236, "Workers Planned": 3, "Plans": [{"Node Type": "Sort", "Parent Relationship": "Outer", "Parallel Aware": false, "Startup Cost": 2846728.41, "Total Cost": 2846728.42, "Plan Rows": 6, "Plan Width": 236, "Sort Key": ["l_returnflag", "l_linestatus"], "Plans": [{"Node Type": "Aggregate", "Strategy": "Hashed", "Partial Mode": "Partial", "Parent Relationship": "Outer", "Parallel Aware": false, "Startup Cost": 2846728.17, "Total Cost": 2846728.33, "Plan Rows": 6, "Plan Width": 236, "Group Key": ["l_returnflag", "l_linestatus"], "Plans": [{"Node Type": "Bitmap Heap Scan", "Parent Relationship": "Outer", "Parallel Aware": true, "Relation Name": "lineitem", "Alias": "lineitem", "Startup Cost": 713166.01, "Total Cost": 2079329.29, "Plan Rows": 19184972, "Plan Width": 25, "Recheck Cond": "(l_shipdate <= '1998-09-22 00:00:00'::timestamp without time zone)", "Plans": [{"Node Type": "Bitmap Index Scan", "Parent Relationship": "Outer", "Parallel Aware": false, "Index Name": "idx_lineitem_shipdate", "Startup Cost": 0.0, "Total Cost": 698297.65, "Plan Rows": 59473412, "Plan Width": 0, "Index Cond": "(l_shipdate <= '1998-09-22 00:00:00'::timestamp without time zone)"}]}]}]}]}]}]}}, {"Plan": {"Node Type": "Limit", "Parallel Aware": false, "Startup Cost": 2134819.29, "Total Cost": 2134819.8, "Plan Rows": 1, "Plan Width": 236, "Plans": [{"Node Type": "Aggregate", "Strategy": "Sorted", "Partial Mode": "Finalize", "Parent Relationship": "Outer", "Parallel Aware": false, "Startup Cost": 2134819.29, "Total Cost": 2134822.35, "Plan Rows": 6, "Plan Width": 236, "Group Key": ["l_returnflag", "l_linestatus"], "Plans": [{"Node Type": "Gather Merge", "Parent Relationship": "Outer", "Parallel Aware": false, "Startup Cost": 2134819.29, "Total Cost": 2134821.42, "Plan Rows": 18, "Plan Width": 236, "Workers Planned": 3, "Plans": [{"Node Type": "Sort", "Parent Relationship": "Outer", "Parallel Aware": false, "Startup Cost": 2133819.25, "Total Cost": 2133819.27, "Plan Rows": 6, "Plan Width": 236, "Sort Key": ["l_returnflag", "l_linestatus"], "Plans": [{"Node Type": "Aggregate", "Strategy": "Hashed", "Partial Mode": "Partial", "Parent Relationship": "Outer", "Parallel Aware": false, "Startup Cost": 2133819.01, "Total Cost": 2133819.17, "Plan Rows": 6, "Plan Width": 236, "Group Key": ["l_returnflag", "l_linestatus"], "Plans": [{"Node Type": "Seq Scan", "Parent Relationship": "Outer", "Parallel Aware": true, "Relation Name": "lineitem", "Alias": "lineitem", "Startup Cost": 0.0, "Total Cost": 1366420.13, "Plan Rows": 19184972, "Plan Width": 25, "Filter": "(l_shipdate <= '1998-09-22 00:00:00'::timestamp without time zone)"}]}]}]}]}]}}, {"Plan": {"Node Type": "Limit", "Parallel Aware": false, "Startup Cost": 2847728.45, "Total Cost": 2847728.96, "Plan Rows": 1, "Plan Width": 236, "Plans": [{"Node Type": "Aggregate", "Strategy": "Sorted", "Partial Mode": "Finalize", "Parent Relationship": "Outer", "Parallel Aware": false, "Startup Cost": 2847728.45, "Total Cost": 2847731.51, "Plan Rows": 6, "Plan Width": 236, "Group Key": ["l_returnflag", "l_linestatus"], "Plans": [{"Node Type": "Gather Merge", "Parent Relationship": "Outer", "Parallel Aware": false, "Startup Cost": 2847728.45, "Total Cost": 2847730.58, "Plan Rows": 18, "Plan Width": 236, "Workers Planned": 3, "Plans": [{"Node Type": "Sort", "Parent Relationship": "Outer", "Parallel Aware": false, "Startup Cost": 2846728.41, "Total Cost": 2846728.42, "Plan Rows": 6, "Plan Width": 236, "Sort Key": ["l_returnflag", "l_linestatus"], "Plans": [{"Node Type": "Aggregate", "Strategy": "Hashed", "Partial Mode": "Partial", "Parent Relationship": "Outer", "Parallel Aware": false, "Startup Cost": 2846728.17, "Total Cost": 2846728.33, "Plan Rows": 6, "Plan Width": 236, "Group Key": ["l_returnflag", "l_linestatus"], "Plans": [{"Node Type": "Bitmap Heap Scan", "Parent Relationship": "Outer", "Parallel Aware": true, "Relation Name": "lineitem", "Alias": "lineitem", "Startup Cost": 713166.01, "Total Cost": 2079329.29, "Plan Rows": 19184972, "Plan Width": 25, "Recheck Cond": "(l_shipdate <= '1998-09-22 00:00:00'::timestamp without time zone)", "Plans": [{"Node Type": "Bitmap Index Scan", "Parent Relationship": "Outer", "Parallel Aware": false, "Index Name": "idx_lineitem_shipdate", "Startup Cost": 0.0, "Total Cost": 698297.65, "Plan Rows": 59473412, "Plan Width": 0, "Index Cond": "(l_shipdate <= '1998-09-22 00:00:00'::timestamp without time zone)"}]}]}]}]}]}]}}, {"Plan": {"Node Type": "Limit", "Parallel Aware": false, "Startup Cost": 2134819.29, "Total Cost": 2134819.8, "Plan Rows": 1, "Plan Width": 236, "Plans": [{"Node Type": "Aggregate", "Strategy": "Sorted", "Partial Mode": "Finalize", "Parent Relationship": "Outer", "Parallel Aware": false, "Startup Cost": 2134819.29, "Total Cost": 2134822.35, "Plan Rows": 6, "Plan Width": 236, "Group Key": ["l_returnflag", "l_linestatus"], "Plans": [{"Node Type": "Gather Merge", "Parent Relationship": "Outer", "Parallel Aware": false, "Startup Cost": 2134819.29, "Total Cost": 2134821.42, "Plan Rows": 18, "Plan Width": 236, "Workers Planned": 3, "Plans": [{"Node Type": "Sort", "Parent Relationship": "Outer", "Parallel Aware": false, "Startup Cost": 2133819.25, "Total Cost": 2133819.27, "Plan Rows": 6, "Plan Width": 236, "Sort Key": ["l_returnflag", "l_linestatus"], "Plans": [{"Node Type": "Aggregate", "Strategy": "Hashed", "Partial Mode": "Partial", "Parent Relationship": "Outer", "Parallel Aware": false, "Startup Cost": 2133819.01, "Total Cost": 2133819.17, "Plan Rows": 6, "Plan Width": 236, "Group Key": ["l_returnflag", "l_linestatus"], "Plans": [{"Node Type": "Seq Scan", "Parent Relationship": "Outer", "Parallel Aware": true, "Relation Name": "lineitem", "Alias": "lineitem", "Startup Cost": 0.0, "Total Cost": 1366420.13, "Plan Rows": 19184972, "Plan Width": 25, "Filter": "(l_shipdate <= '1998-09-22 00:00:00'::timestamp without time zone)"}]}]}]}]}]}}, {"Plan": {"Node Type": "Limit", "Parallel Aware": false, "Startup Cost": 2134819.29, "Total Cost": 2134819.8, "Plan Rows": 1, "Plan Width": 236, "Plans": [{"Node Type": "Aggregate", "Strategy": "Sorted", "Partial Mode": "Finalize", "Parent Relationship": "Outer", "Parallel Aware": false, "Startup Cost": 2134819.29, "Total Cost": 2134822.35, "Plan Rows": 6, "Plan Width": 236, "Group Key": ["l_returnflag", "l_linestatus"], "Plans": [{"Node Type": "Gather Merge", "Parent Relationship": "Outer", "Parallel Aware": false, "Startup Cost": 2134819.29, "Total Cost": 2134821.42, "Plan Rows": 18, "Plan Width": 236, "Workers Planned": 3, "Plans": [{"Node Type": "Sort", "Parent Relationship": "Outer", "Parallel Aware": false, "Startup Cost": 2133819.25, "Total Cost": 2133819.27, "Plan Rows": 6, "Plan Width": 236, "Sort Key": ["l_returnflag", "l_linestatus"], "Plans": [{"Node Type": "Aggregate", "Strategy": "Hashed", "Partial Mode": "Partial", "Parent Relationship": "Outer", "Parallel Aware": false, "Startup Cost": 2133819.01, "Total Cost": 2133819.17, "Plan Rows": 6, "Plan Width": 236, "Group Key": ["l_returnflag", "l_linestatus"], "Plans": [{"Node Type": "Seq Scan", "Parent Relationship": "Outer", "Parallel Aware": true, "Relation Name": "lineitem", "Alias": "lineitem", "Startup Cost": 0.0, "Total Cost": 1366420.13, "Plan Rows": 19184972, "Plan Width": 25, "Filter": "(l_shipdate <= '1998-09-22 00:00:00'::timestamp without time zone)"}]}]}]}]}]}}, {"Plan": {"Node Type": "Limit", "Parallel Aware": false, "Startup Cost": 2847728.45, "Total Cost": 2847728.96, "Plan Rows": 1, "Plan Width": 236, "Plans": [{"Node Type": "Aggregate", "Strategy": "Sorted", "Partial Mode": "Finalize", "Parent Relationship": "Outer", "Parallel Aware": false, "Startup Cost": 2847728.45, "Total Cost": 2847731.51, "Plan Rows": 6, "Plan Width": 236, "Group Key": ["l_returnflag", "l_linestatus"], "Plans": [{"Node Type": "Gather Merge", "Parent Relationship": "Outer", "Parallel Aware": false, "Startup Cost": 2847728.45, "Total Cost": 2847730.58, "Plan Rows": 18, "Plan Width": 236, "Workers Planned": 3, "Plans": [{"Node Type": "Sort", "Parent Relationship": "Outer", "Parallel Aware": false, "Startup Cost": 2846728.41, "Total Cost": 2846728.42, "Plan Rows": 6, "Plan Width": 236, "Sort Key": ["l_returnflag", "l_linestatus"], "Plans": [{"Node Type": "Aggregate", "Strategy": "Hashed", "Partial Mode": "Partial", "Parent Relationship": "Outer", "Parallel Aware": false, "Startup Cost": 2846728.17, "Total Cost": 2846728.33, "Plan Rows": 6, "Plan Width": 236, "Group Key": ["l_returnflag", "l_linestatus"], "Plans": [{"Node Type": "Bitmap Heap Scan", "Parent Relationship": "Outer", "Parallel Aware": true, "Relation Name": "lineitem", "Alias": "lineitem", "Startup Cost": 713166.01, "Total Cost": 2079329.29, "Plan Rows": 19184972, "Plan Width": 25, "Recheck Cond": "(l_shipdate <= '1998-09-22 00:00:00'::timestamp without time zone)", "Plans": [{"Node Type": "Bitmap Index Scan", "Parent Relationship": "Outer", "Parallel Aware": false, "Index Name": "idx_lineitem_shipdate", "Startup Cost": 0.0, "Total Cost": 698297.65, "Plan Rows": 59473412, "Plan Width": 0, "Index Cond": "(l_shipdate <= '1998-09-22 00:00:00'::timestamp without time zone)"}]}]}]}]}]}]}}, {"Plan": {"Node Type": "Limit", "Parallel Aware": false, "Startup Cost": 2847728.45, "Total Cost": 2847728.96, "Plan Rows": 1, "Plan Width": 236, "Plans": [{"Node Type": "Aggregate", "Strategy": "Sorted", "Partial Mode": "Finalize", "Parent Relationship": "Outer", "Parallel Aware": false, "Startup Cost": 2847728.45, "Total Cost": 2847731.51, "Plan Rows": 6, "Plan Width": 236, "Group Key": ["l_returnflag", "l_linestatus"], "Plans": [{"Node Type": "Gather Merge", "Parent Relationship": "Outer", "Parallel Aware": false, "Startup Cost": 2847728.45, "Total Cost": 2847730.58, "Plan Rows": 18, "Plan Width": 236, "Workers Planned": 3, "Plans": [{"Node Type": "Sort", "Parent Relationship": "Outer", "Parallel Aware": false, "Startup Cost": 2846728.41, "Total Cost": 2846728.42, "Plan Rows": 6, "Plan Width": 236, "Sort Key": ["l_returnflag", "l_linestatus"], "Plans": [{"Node Type": "Aggregate", "Strategy": "Hashed", "Partial Mode": "Partial", "Parent Relationship": "Outer", "Parallel Aware": false, "Startup Cost": 2846728.17, "Total Cost": 2846728.33, "Plan Rows": 6, "Plan Width": 236, "Group Key": ["l_returnflag", "l_linestatus"], "Plans": [{"Node Type": "Bitmap Heap Scan", "Parent Relationship": "Outer", "Parallel Aware": true, "Relation Name": "lineitem", "Alias": "lineitem", "Startup Cost": 713166.01, "Total Cost": 2079329.29, "Plan Rows": 19184972, "Plan Width": 25, "Recheck Cond": "(l_shipdate <= '1998-09-22 00:00:00'::timestamp without time zone)", "Plans": [{"Node Type": "Bitmap Index Scan", "Parent Relationship": "Outer", "Parallel Aware": false, "Index Name": "idx_lineitem_shipdate", "Startup Cost": 0.0, "Total Cost": 698297.65, "Plan Rows": 59473412, "Plan Width": 0, "Index Cond": "(l_shipdate <= '1998-09-22 00:00:00'::timestamp without time zone)"}]}]}]}]}]}]}}, {"Plan": {"Node Type": "Limit", "Parallel Aware": false, "Startup Cost": 2134819.29, "Total Cost": 2134819.8, "Plan Rows": 1, "Plan Width": 236, "Plans": [{"Node Type": "Aggregate", "Strategy": "Sorted", "Partial Mode": "Finalize", "Parent Relationship": "Outer", "Parallel Aware": false, "Startup Cost": 2134819.29, "Total Cost": 2134822.35, "Plan Rows": 6, "Plan Width": 236, "Group Key": ["l_returnflag", "l_linestatus"], "Plans": [{"Node Type": "Gather Merge", "Parent Relationship": "Outer", "Parallel Aware": false, "Startup Cost": 2134819.29, "Total Cost": 2134821.42, "Plan Rows": 18, "Plan Width": 236, "Workers Planned": 3, "Plans": [{"Node Type": "Sort", "Parent Relationship": "Outer", "Parallel Aware": false, "Startup Cost": 2133819.25, "Total Cost": 2133819.27, "Plan Rows": 6, "Plan Width": 236, "Sort Key": ["l_returnflag", "l_linestatus"], "Plans": [{"Node Type": "Aggregate", "Strategy": "Hashed", "Partial Mode": "Partial", "Parent Relationship": "Outer", "Parallel Aware": false, "Startup Cost": 2133819.01, "Total Cost": 2133819.17, "Plan Rows": 6, "Plan Width": 236, "Group Key": ["l_returnflag", "l_linestatus"], "Plans": [{"Node Type": "Seq Scan", "Parent Relationship": "Outer", "Parallel Aware": true, "Relation Name": "lineitem", "Alias": "lineitem", "Startup Cost": 0.0, "Total Cost": 1366420.13, "Plan Rows": 19184972, "Plan Width": 25, "Filter": "(l_shipdate <= '1998-09-22 00:00:00'::timestamp without time zone)"}]}]}]}]}]}}, {"Plan": {"Node Type": "Limit", "Parallel Aware": false, "Startup Cost": 2134819.29, "Total Cost": 2134819.8, "Plan Rows": 1, "Plan Width": 236, "Plans": [{"Node Type": "Aggregate", "Strategy": "Sorted", "Partial Mode": "Finalize", "Parent Relationship": "Outer", "Parallel Aware": false, "Startup Cost": 2134819.29, "Total Cost": 2134822.35, "Plan Rows": 6, "Plan Width": 236, "Group Key": ["l_returnflag", "l_linestatus"], "Plans": [{"Node Type": "Gather Merge", "Parent Relationship": "Outer", "Parallel Aware": false, "Startup Cost": 2134819.29, "Total Cost": 2134821.42, "Plan Rows": 18, "Plan Width": 236, "Workers Planned": 3, "Plans": [{"Node Type": "Sort", "Parent Relationship": "Outer", "Parallel Aware": false, "Startup Cost": 2133819.25, "Total Cost": 2133819.27, "Plan Rows": 6, "Plan Width": 236, "Sort Key": ["l_returnflag", "l_linestatus"], "Plans": [{"Node Type": "Aggregate", "Strategy": "Hashed", "Partial Mode": "Partial", "Parent Relationship": "Outer", "Parallel Aware": false, "Startup Cost": 2133819.01, "Total Cost": 2133819.17, "Plan Rows": 6, "Plan Width": 236, "Group Key": ["l_returnflag", "l_linestatus"], "Plans": [{"Node Type": "Seq Scan", "Parent Relationship": "Outer", "Parallel Aware": true, "Relation Name": "lineitem", "Alias": "lineitem", "Startup Cost": 0.0, "Total Cost": 1366420.13, "Plan Rows": 19184972, "Plan Width": 25, "Filter": "(l_shipdate <= '1998-09-22 00:00:00'::timestamp without time zone)"}]}]}]}]}]}}, {"Plan": {"Node Type": "Limit", "Parallel Aware": false, "Startup Cost": 2847728.45, "Total Cost": 2847728.96, "Plan Rows": 1, "Plan Width": 236, "Plans": [{"Node Type": "Aggregate", "Strategy": "Sorted", "Partial Mode": "Finalize", "Parent Relationship": "Outer", "Parallel Aware": false, "Startup Cost": 2847728.45, "Total Cost": 2847731.51, "Plan Rows": 6, "Plan Width": 236, "Group Key": ["l_returnflag", "l_linestatus"], "Plans": [{"Node Type": "Gather Merge", "Parent Relationship": "Outer", "Parallel Aware": false, "Startup Cost": 2847728.45, "Total Cost": 2847730.58, "Plan Rows": 18, "Plan Width": 236, "Workers Planned": 3, "Plans": [{"Node Type": "Sort", "Parent Relationship": "Outer", "Parallel Aware": false, "Startup Cost": 2846728.41, "Total Cost": 2846728.42, "Plan Rows": 6, "Plan Width": 236, "Sort Key": ["l_returnflag", "l_linestatus"], "Plans": [{"Node Type": "Aggregate", "Strategy": "Hashed", "Partial Mode": "Partial", "Parent Relationship": "Outer", "Parallel Aware": false, "Startup Cost": 2846728.17, "Total Cost": 2846728.33, "Plan Rows": 6, "Plan Width": 236, "Group Key": ["l_returnflag", "l_linestatus"], "Plans": [{"Node Type": "Bitmap Heap Scan", "Parent Relationship": "Outer", "Parallel Aware": true, "Relation Name": "lineitem", "Alias": "lineitem", "Startup Cost": 713166.01, "Total Cost": 2079329.29, "Plan Rows": 19184972, "Plan Width": 25, "Recheck Cond": "(l_shipdate <= '1998-09-22 00:00:00'::timestamp without time zone)", "Plans": [{"Node Type": "Bitmap Index Scan", "Parent Relationship": "Outer", "Parallel Aware": false, "Index Name": "idx_lineitem_shipdate", "Startup Cost": 0.0, "Total Cost": 698297.65, "Plan Rows": 59473412, "Plan Width": 0, "Index Cond": "(l_shipdate <= '1998-09-22 00:00:00'::timestamp without time zone)"}]}]}]}]}]}]}}, {"Plan": {"Node Type": "Limit", "Parallel Aware": false, "Startup Cost": 2134819.29, "Total Cost": 2134819.8, "Plan Rows": 1, "Plan Width": 236, "Plans": [{"Node Type": "Aggregate", "Strategy": "Sorted", "Partial Mode": "Finalize", "Parent Relationship": "Outer", "Parallel Aware": false, "Startup Cost": 2134819.29, "Total Cost": 2134822.35, "Plan Rows": 6, "Plan Width": 236, "Group Key": ["l_returnflag", "l_linestatus"], "Plans": [{"Node Type": "Gather Merge", "Parent Relationship": "Outer", "Parallel Aware": false, "Startup Cost": 2134819.29, "Total Cost": 2134821.42, "Plan Rows": 18, "Plan Width": 236, "Workers Planned": 3, "Plans": [{"Node Type": "Sort", "Parent Relationship": "Outer", "Parallel Aware": false, "Startup Cost": 2133819.25, "Total Cost": 2133819.27, "Plan Rows": 6, "Plan Width": 236, "Sort Key": ["l_returnflag", "l_linestatus"], "Plans": [{"Node Type": "Aggregate", "Strategy": "Hashed", "Partial Mode": "Partial", "Parent Relationship": "Outer", "Parallel Aware": false, "Startup Cost": 2133819.01, "Total Cost": 2133819.17, "Plan Rows": 6, "Plan Width": 236, "Group Key": ["l_returnflag", "l_linestatus"], "Plans": [{"Node Type": "Seq Scan", "Parent Relationship": "Outer", "Parallel Aware": true, "Relation Name": "lineitem", "Alias": "lineitem", "Startup Cost": 0.0, "Total Cost": 1366420.13, "Plan Rows": 19184972, "Plan Width": 25, "Filter": "(l_shipdate <= '1998-09-22 00:00:00'::timestamp without time zone)"}]}]}]}]}]}}, {"Plan": {"Node Type": "Limit", "Parallel Aware": false, "Startup Cost": 2134819.29, "Total Cost": 2134819.8, "Plan Rows": 1, "Plan Width": 236, "Plans": [{"Node Type": "Aggregate", "Strategy": "Sorted", "Partial Mode": "Finalize", "Parent Relationship": "Outer", "Parallel Aware": false, "Startup Cost": 2134819.29, "Total Cost": 2134822.35, "Plan Rows": 6, "Plan Width": 236, "Group Key": ["l_returnflag", "l_linestatus"], "Plans": [{"Node Type": "Gather Merge", "Parent Relationship": "Outer", "Parallel Aware": false, "Startup Cost": 2134819.29, "Total Cost": 2134821.42, "Plan Rows": 18, "Plan Width": 236, "Workers Planned": 3, "Plans": [{"Node Type": "Sort", "Parent Relationship": "Outer", "Parallel Aware": false, "Startup Cost": 2133819.25, "Total Cost": 2133819.27, "Plan Rows": 6, "Plan Width": 236, "Sort Key": ["l_returnflag", "l_linestatus"], "Plans": [{"Node Type": "Aggregate", "Strategy": "Hashed", "Partial Mode": "Partial", "Parent Relationship": "Outer", "Parallel Aware": false, "Startup Cost": 2133819.01, "Total Cost": 2133819.17, "Plan Rows": 6, "Plan Width": 236, "Group Key": ["l_returnflag", "l_linestatus"], "Plans": [{"Node Type": "Seq Scan", "Parent Relationship": "Outer", "Parallel Aware": true, "Relation Name": "lineitem", "Alias": "lineitem", "Startup Cost": 0.0, "Total Cost": 1366420.13, "Plan Rows": 19184972, "Plan Width": 25, "Filter": "(l_shipdate <= '1998-09-22 00:00:00'::timestamp without time zone)"}]}]}]}]}]}}, {"Plan": {"Node Type": "Limit", "Parallel Aware": false, "Startup Cost": 2847728.45, "Total Cost": 2847728.96, "Plan Rows": 1, "Plan Width": 236, "Plans": [{"Node Type": "Aggregate", "Strategy": "Sorted", "Partial Mode": "Finalize", "Parent Relationship": "Outer", "Parallel Aware": false, "Startup Cost": 2847728.45, "Total Cost": 2847731.51, "Plan Rows": 6, "Plan Width": 236, "Group Key": ["l_returnflag", "l_linestatus"], "Plans": [{"Node Type": "Gather Merge", "Parent Relationship": "Outer", "Parallel Aware": false, "Startup Cost": 2847728.45, "Total Cost": 2847730.58, "Plan Rows": 18, "Plan Width": 236, "Workers Planned": 3, "Plans": [{"Node Type": "Sort", "Parent Relationship": "Outer", "Parallel Aware": false, "Startup Cost": 2846728.41, "Total Cost": 2846728.42, "Plan Rows": 6, "Plan Width": 236, "Sort Key": ["l_returnflag", "l_linestatus"], "Plans": [{"Node Type": "Aggregate", "Strategy": "Hashed", "Partial Mode": "Partial", "Parent Relationship": "Outer", "Parallel Aware": false, "Startup Cost": 2846728.17, "Total Cost": 2846728.33, "Plan Rows": 6, "Plan Width": 236, "Group Key": ["l_returnflag", "l_linestatus"], "Plans": [{"Node Type": "Bitmap Heap Scan", "Parent Relationship": "Outer", "Parallel Aware": true, "Relation Name": "lineitem", "Alias": "lineitem", "Startup Cost": 713166.01, "Total Cost": 2079329.29, "Plan Rows": 19184972, "Plan Width": 25, "Recheck Cond": "(l_shipdate <= '1998-09-22 00:00:00'::timestamp without time zone)", "Plans": [{"Node Type": "Bitmap Index Scan", "Parent Relationship": "Outer", "Parallel Aware": false, "Index Name": "idx_lineitem_shipdate", "Startup Cost": 0.0, "Total Cost": 698297.65, "Plan Rows": 59473412, "Plan Width": 0, "Index Cond": "(l_shipdate <= '1998-09-22 00:00:00'::timestamp without time zone)"}]}]}]}]}]}]}}, {"Plan": {"Node Type": "Limit", "Parallel Aware": false, "Startup Cost": 2847728.45, "Total Cost": 2847728.96, "Plan Rows": 1, "Plan Width": 236, "Plans": [{"Node Type": "Aggregate", "Strategy": "Sorted", "Partial Mode": "Finalize", "Parent Relationship": "Outer", "Parallel Aware": false, "Startup Cost": 2847728.45, "Total Cost": 2847731.51, "Plan Rows": 6, "Plan Width": 236, "Group Key": ["l_returnflag", "l_linestatus"], "Plans": [{"Node Type": "Gather Merge", "Parent Relationship": "Outer", "Parallel Aware": false, "Startup Cost": 2847728.45, "Total Cost": 2847730.58, "Plan Rows": 18, "Plan Width": 236, "Workers Planned": 3, "Plans": [{"Node Type": "Sort", "Parent Relationship": "Outer", "Parallel Aware": false, "Startup Cost": 2846728.41, "Total Cost": 2846728.42, "Plan Rows": 6, "Plan Width": 236, "Sort Key": ["l_returnflag", "l_linestatus"], "Plans": [{"Node Type": "Aggregate", "Strategy": "Hashed", "Partial Mode": "Partial", "Parent Relationship": "Outer", "Parallel Aware": false, "Startup Cost": 2846728.17, "Total Cost": 2846728.33, "Plan Rows": 6, "Plan Width": 236, "Group Key": ["l_returnflag", "l_linestatus"], "Plans": [{"Node Type": "Bitmap Heap Scan", "Parent Relationship": "Outer", "Parallel Aware": true, "Relation Name": "lineitem", "Alias": "lineitem", "Startup Cost": 713166.01, "Total Cost": 2079329.29, "Plan Rows": 19184972, "Plan Width": 25, "Recheck Cond": "(l_shipdate <= '1998-09-22 00:00:00'::timestamp without time zone)", "Plans": [{"Node Type": "Bitmap Index Scan", "Parent Relationship": "Outer", "Parallel Aware": false, "Index Name": "idx_lineitem_shipdate", "Startup Cost": 0.0, "Total Cost": 698297.65, "Plan Rows": 59473412, "Plan Width": 0, "Index Cond": "(l_shipdate <= '1998-09-22 00:00:00'::timestamp without time zone)"}]}]}]}]}]}]}}, {"Plan": {"Node Type": "Limit", "Parallel Aware": false, "Startup Cost": 2847728.45, "Total Cost": 2847728.96, "Plan Rows": 1, "Plan Width": 236, "Plans": [{"Node Type": "Aggregate", "Strategy": "Sorted", "Partial Mode": "Finalize", "Parent Relationship": "Outer", "Parallel Aware": false, "Startup Cost": 2847728.45, "Total Cost": 2847731.51, "Plan Rows": 6, "Plan Width": 236, "Group Key": ["l_returnflag", "l_linestatus"], "Plans": [{"Node Type": "Gather Merge", "Parent Relationship": "Outer", "Parallel Aware": false, "Startup Cost": 2847728.45, "Total Cost": 2847730.58, "Plan Rows": 18, "Plan Width": 236, "Workers Planned": 3, "Plans": [{"Node Type": "Sort", "Parent Relationship": "Outer", "Parallel Aware": false, "Startup Cost": 2846728.41, "Total Cost": 2846728.42, "Plan Rows": 6, "Plan Width": 236, "Sort Key": ["l_returnflag", "l_linestatus"], "Plans": [{"Node Type": "Aggregate", "Strategy": "Hashed", "Partial Mode": "Partial", "Parent Relationship": "Outer", "Parallel Aware": false, "Startup Cost": 2846728.17, "Total Cost": 2846728.33, "Plan Rows": 6, "Plan Width": 236, "Group Key": ["l_returnflag", "l_linestatus"], "Plans": [{"Node Type": "Bitmap Heap Scan", "Parent Relationship": "Outer", "Parallel Aware": true, "Relation Name": "lineitem", "Alias": "lineitem", "Startup Cost": 713166.01, "Total Cost": 2079329.29, "Plan Rows": 19184972, "Plan Width": 25, "Recheck Cond": "(l_shipdate <= '1998-09-22 00:00:00'::timestamp without time zone)", "Plans": [{"Node Type": "Bitmap Index Scan", "Parent Relationship": "Outer", "Parallel Aware": false, "Index Name": "idx_lineitem_shipdate", "Startup Cost": 0.0, "Total Cost": 698297.65, "Plan Rows": 59473412, "Plan Width": 0, "Index Cond": "(l_shipdate <= '1998-09-22 00:00:00'::timestamp without time zone)"}]}]}]}]}]}]}}, {"Plan": {"Node Type": "Limit", "Parallel Aware": false, "Startup Cost": 2134819.29, "Total Cost": 2134819.8, "Plan Rows": 1, "Plan Width": 236, "Plans": [{"Node Type": "Aggregate", "Strategy": "Sorted", "Partial Mode": "Finalize", "Parent Relationship": "Outer", "Parallel Aware": false, "Startup Cost": 2134819.29, "Total Cost": 2134822.35, "Plan Rows": 6, "Plan Width": 236, "Group Key": ["l_returnflag", "l_linestatus"], "Plans": [{"Node Type": "Gather Merge", "Parent Relationship": "Outer", "Parallel Aware": false, "Startup Cost": 2134819.29, "Total Cost": 2134821.42, "Plan Rows": 18, "Plan Width": 236, "Workers Planned": 3, "Plans": [{"Node Type": "Sort", "Parent Relationship": "Outer", "Parallel Aware": false, "Startup Cost": 2133819.25, "Total Cost": 2133819.27, "Plan Rows": 6, "Plan Width": 236, "Sort Key": ["l_returnflag", "l_linestatus"], "Plans": [{"Node Type": "Aggregate", "Strategy": "Hashed", "Partial Mode": "Partial", "Parent Relationship": "Outer", "Parallel Aware": false, "Startup Cost": 2133819.01, "Total Cost": 2133819.17, "Plan Rows": 6, "Plan Width": 236, "Group Key": ["l_returnflag", "l_linestatus"], "Plans": [{"Node Type": "Seq Scan", "Parent Relationship": "Outer", "Parallel Aware": true, "Relation Name": "lineitem", "Alias": "lineitem", "Startup Cost": 0.0, "Total Cost": 1366420.13, "Plan Rows": 19184972, "Plan Width": 25, "Filter": "(l_shipdate <= '1998-09-22 00:00:00'::timestamp without time zone)"}]}]}]}]}]}}, {"Plan": {"Node Type": "Limit", "Parallel Aware": false, "Startup Cost": 2134819.29, "Total Cost": 2134819.8, "Plan Rows": 1, "Plan Width": 236, "Plans": [{"Node Type": "Aggregate", "Strategy": "Sorted", "Partial Mode": "Finalize", "Parent Relationship": "Outer", "Parallel Aware": false, "Startup Cost": 2134819.29, "Total Cost": 2134822.35, "Plan Rows": 6, "Plan Width": 236, "Group Key": ["l_returnflag", "l_linestatus"], "Plans": [{"Node Type": "Gather Merge", "Parent Relationship": "Outer", "Parallel Aware": false, "Startup Cost": 2134819.29, "Total Cost": 2134821.42, "Plan Rows": 18, "Plan Width": 236, "Workers Planned": 3, "Plans": [{"Node Type": "Sort", "Parent Relationship": "Outer", "Parallel Aware": false, "Startup Cost": 2133819.25, "Total Cost": 2133819.27, "Plan Rows": 6, "Plan Width": 236, "Sort Key": ["l_returnflag", "l_linestatus"], "Plans": [{"Node Type": "Aggregate", "Strategy": "Hashed", "Partial Mode": "Partial", "Parent Relationship": "Outer", "Parallel Aware": false, "Startup Cost": 2133819.01, "Total Cost": 2133819.17, "Plan Rows": 6, "Plan Width": 236, "Group Key": ["l_returnflag", "l_linestatus"], "Plans": [{"Node Type": "Seq Scan", "Parent Relationship": "Outer", "Parallel Aware": true, "Relation Name": "lineitem", "Alias": "lineitem", "Startup Cost": 0.0, "Total Cost": 1366420.13, "Plan Rows": 19184972, "Plan Width": 25, "Filter": "(l_shipdate <= '1998-09-22 00:00:00'::timestamp without time zone)"}]}]}]}]}]}}, {"Plan": {"Node Type": "Limit", "Parallel Aware": false, "Startup Cost": 2847728.45, "Total Cost": 2847728.96, "Plan Rows": 1, "Plan Width": 236, "Plans": [{"Node Type": "Aggregate", "Strategy": "Sorted", "Partial Mode": "Finalize", "Parent Relationship": "Outer", "Parallel Aware": false, "Startup Cost": 2847728.45, "Total Cost": 2847731.51, "Plan Rows": 6, "Plan Width": 236, "Group Key": ["l_returnflag", "l_linestatus"], "Plans": [{"Node Type": "Gather Merge", "Parent Relationship": "Outer", "Parallel Aware": false, "Startup Cost": 2847728.45, "Total Cost": 2847730.58, "Plan Rows": 18, "Plan Width": 236, "Workers Planned": 3, "Plans": [{"Node Type": "Sort", "Parent Relationship": "Outer", "Parallel Aware": false, "Startup Cost": 2846728.41, "Total Cost": 2846728.42, "Plan Rows": 6, "Plan Width": 236, "Sort Key": ["l_returnflag", "l_linestatus"], "Plans": [{"Node Type": "Aggregate", "Strategy": "Hashed", "Partial Mode": "Partial", "Parent Relationship": "Outer", "Parallel Aware": false, "Startup Cost": 2846728.17, "Total Cost": 2846728.33, "Plan Rows": 6, "Plan Width": 236, "Group Key": ["l_returnflag", "l_linestatus"], "Plans": [{"Node Type": "Bitmap Heap Scan", "Parent Relationship": "Outer", "Parallel Aware": true, "Relation Name": "lineitem", "Alias": "lineitem", "Startup Cost": 713166.01, "Total Cost": 2079329.29, "Plan Rows": 19184972, "Plan Width": 25, "Recheck Cond": "(l_shipdate <= '1998-09-22 00:00:00'::timestamp without time zone)", "Plans": [{"Node Type": "Bitmap Index Scan", "Parent Relationship": "Outer", "Parallel Aware": false, "Index Name": "idx_lineitem_shipdate", "Startup Cost": 0.0, "Total Cost": 698297.65, "Plan Rows": 59473412, "Plan Width": 0, "Index Cond": "(l_shipdate <= '1998-09-22 00:00:00'::timestamp without time zone)"}]}]}]}]}]}]}}, {"Plan": {"Node Type": "Limit", "Parallel Aware": false, "Startup Cost": 2134819.29, "Total Cost": 2134819.8, "Plan Rows": 1, "Plan Width": 236, "Plans": [{"Node Type": "Aggregate", "Strategy": "Sorted", "Partial Mode": "Finalize", "Parent Relationship": "Outer", "Parallel Aware": false, "Startup Cost": 2134819.29, "Total Cost": 2134822.35, "Plan Rows": 6, "Plan Width": 236, "Group Key": ["l_returnflag", "l_linestatus"], "Plans": [{"Node Type": "Gather Merge", "Parent Relationship": "Outer", "Parallel Aware": false, "Startup Cost": 2134819.29, "Total Cost": 2134821.42, "Plan Rows": 18, "Plan Width": 236, "Workers Planned": 3, "Plans": [{"Node Type": "Sort", "Parent Relationship": "Outer", "Parallel Aware": false, "Startup Cost": 2133819.25, "Total Cost": 2133819.27, "Plan Rows": 6, "Plan Width": 236, "Sort Key": ["l_returnflag", "l_linestatus"], "Plans": [{"Node Type": "Aggregate", "Strategy": "Hashed", "Partial Mode": "Partial", "Parent Relationship": "Outer", "Parallel Aware": false, "Startup Cost": 2133819.01, "Total Cost": 2133819.17, "Plan Rows": 6, "Plan Width": 236, "Group Key": ["l_returnflag", "l_linestatus"], "Plans": [{"Node Type": "Seq Scan", "Parent Relationship": "Outer", "Parallel Aware": true, "Relation Name": "lineitem", "Alias": "lineitem", "Startup Cost": 0.0, "Total Cost": 1366420.13, "Plan Rows": 19184972, "Plan Width": 25, "Filter": "(l_shipdate <= '1998-09-22 00:00:00'::timestamp without time zone)"}]}]}]}]}]}}, {"Plan": {"Node Type": "Limit", "Parallel Aware": false, "Startup Cost": 2134819.29, "Total Cost": 2134819.8, "Plan Rows": 1, "Plan Width": 236, "Plans": [{"Node Type": "Aggregate", "Strategy": "Sorted", "Partial Mode": "Finalize", "Parent Relationship": "Outer", "Parallel Aware": false, "Startup Cost": 2134819.29, "Total Cost": 2134822.35, "Plan Rows": 6, "Plan Width": 236, "Group Key": ["l_returnflag", "l_linestatus"], "Plans": [{"Node Type": "Gather Merge", "Parent Relationship": "Outer", "Parallel Aware": false, "Startup Cost": 2134819.29, "Total Cost": 2134821.42, "Plan Rows": 18, "Plan Width": 236, "Workers Planned": 3, "Plans": [{"Node Type": "Sort", "Parent Relationship": "Outer", "Parallel Aware": false, "Startup Cost": 2133819.25, "Total Cost": 2133819.27, "Plan Rows": 6, "Plan Width": 236, "Sort Key": ["l_returnflag", "l_linestatus"], "Plans": [{"Node Type": "Aggregate", "Strategy": "Hashed", "Partial Mode": "Partial", "Parent Relationship": "Outer", "Parallel Aware": false, "Startup Cost": 2133819.01, "Total Cost": 2133819.17, "Plan Rows": 6, "Plan Width": 236, "Group Key": ["l_returnflag", "l_linestatus"], "Plans": [{"Node Type": "Seq Scan", "Parent Relationship": "Outer", "Parallel Aware": true, "Relation Name": "lineitem", "Alias": "lineitem", "Startup Cost": 0.0, "Total Cost": 1366420.13, "Plan Rows": 19184972, "Plan Width": 25, "Filter": "(l_shipdate <= '1998-09-22 00:00:00'::timestamp without time zone)"}]}]}]}]}]}}, {"Plan": {"Node Type": "Limit", "Parallel Aware": false, "Startup Cost": 2134819.29, "Total Cost": 2134819.8, "Plan Rows": 1, "Plan Width": 236, "Plans": [{"Node Type": "Aggregate", "Strategy": "Sorted", "Partial Mode": "Finalize", "Parent Relationship": "Outer", "Parallel Aware": false, "Startup Cost": 2134819.29, "Total Cost": 2134822.35, "Plan Rows": 6, "Plan Width": 236, "Group Key": ["l_returnflag", "l_linestatus"], "Plans": [{"Node Type": "Gather Merge", "Parent Relationship": "Outer", "Parallel Aware": false, "Startup Cost": 2134819.29, "Total Cost": 2134821.42, "Plan Rows": 18, "Plan Width": 236, "Workers Planned": 3, "Plans": [{"Node Type": "Sort", "Parent Relationship": "Outer", "Parallel Aware": false, "Startup Cost": 2133819.25, "Total Cost": 2133819.27, "Plan Rows": 6, "Plan Width": 236, "Sort Key": ["l_returnflag", "l_linestatus"], "Plans": [{"Node Type": "Aggregate", "Strategy": "Hashed", "Partial Mode": "Partial", "Parent Relationship": "Outer", "Parallel Aware": false, "Startup Cost": 2133819.01, "Total Cost": 2133819.17, "Plan Rows": 6, "Plan Width": 236, "Group Key": ["l_returnflag", "l_linestatus"], "Plans": [{"Node Type": "Seq Scan", "Parent Relationship": "Outer", "Parallel Aware": true, "Relation Name": "lineitem", "Alias": "lineitem", "Startup Cost": 0.0, "Total Cost": 1366420.13, "Plan Rows": 19184972, "Plan Width": 25, "Filter": "(l_shipdate <= '1998-09-22 00:00:00'::timestamp without time zone)"}]}]}]}]}]}}, {"Plan": {"Node Type": "Limit", "Parallel Aware": false, "Startup Cost": 2134819.29, "Total Cost": 2134819.8, "Plan Rows": 1, "Plan Width": 236, "Plans": [{"Node Type": "Aggregate", "Strategy": "Sorted", "Partial Mode": "Finalize", "Parent Relationship": "Outer", "Parallel Aware": false, "Startup Cost": 2134819.29, "Total Cost": 2134822.35, "Plan Rows": 6, "Plan Width": 236, "Group Key": ["l_returnflag", "l_linestatus"], "Plans": [{"Node Type": "Gather Merge", "Parent Relationship": "Outer", "Parallel Aware": false, "Startup Cost": 2134819.29, "Total Cost": 2134821.42, "Plan Rows": 18, "Plan Width": 236, "Workers Planned": 3, "Plans": [{"Node Type": "Sort", "Parent Relationship": "Outer", "Parallel Aware": false, "Startup Cost": 2133819.25, "Total Cost": 2133819.27, "Plan Rows": 6, "Plan Width": 236, "Sort Key": ["l_returnflag", "l_linestatus"], "Plans": [{"Node Type": "Aggregate", "Strategy": "Hashed", "Partial Mode": "Partial", "Parent Relationship": "Outer", "Parallel Aware": false, "Startup Cost": 2133819.01, "Total Cost": 2133819.17, "Plan Rows": 6, "Plan Width": 236, "Group Key": ["l_returnflag", "l_linestatus"], "Plans": [{"Node Type": "Seq Scan", "Parent Relationship": "Outer", "Parallel Aware": true, "Relation Name": "lineitem", "Alias": "lineitem", "Startup Cost": 0.0, "Total Cost": 1366420.13, "Plan Rows": 19184972, "Plan Width": 25, "Filter": "(l_shipdate <= '1998-09-22 00:00:00'::timestamp without time zone)"}]}]}]}]}]}}, {"Plan": {"Node Type": "Limit", "Parallel Aware": false, "Startup Cost": 2134819.29, "Total Cost": 2134819.8, "Plan Rows": 1, "Plan Width": 236, "Plans": [{"Node Type": "Aggregate", "Strategy": "Sorted", "Partial Mode": "Finalize", "Parent Relationship": "Outer", "Parallel Aware": false, "Startup Cost": 2134819.29, "Total Cost": 2134822.35, "Plan Rows": 6, "Plan Width": 236, "Group Key": ["l_returnflag", "l_linestatus"], "Plans": [{"Node Type": "Gather Merge", "Parent Relationship": "Outer", "Parallel Aware": false, "Startup Cost": 2134819.29, "Total Cost": 2134821.42, "Plan Rows": 18, "Plan Width": 236, "Workers Planned": 3, "Plans": [{"Node Type": "Sort", "Parent Relationship": "Outer", "Parallel Aware": false, "Startup Cost": 2133819.25, "Total Cost": 2133819.27, "Plan Rows": 6, "Plan Width": 236, "Sort Key": ["l_returnflag", "l_linestatus"], "Plans": [{"Node Type": "Aggregate", "Strategy": "Hashed", "Partial Mode": "Partial", "Parent Relationship": "Outer", "Parallel Aware": false, "Startup Cost": 2133819.01, "Total Cost": 2133819.17, "Plan Rows": 6, "Plan Width": 236, "Group Key": ["l_returnflag", "l_linestatus"], "Plans": [{"Node Type": "Seq Scan", "Parent Relationship": "Outer", "Parallel Aware": true, "Relation Name": "lineitem", "Alias": "lineitem", "Startup Cost": 0.0, "Total Cost": 1366420.13, "Plan Rows": 19184972, "Plan Width": 25, "Filter": "(l_shipdate <= '1998-09-22 00:00:00'::timestamp without time zone)"}]}]}]}]}]}}, {"Plan": {"Node Type": "Limit", "Parallel Aware": false, "Startup Cost": 2134819.29, "Total Cost": 2134819.8, "Plan Rows": 1, "Plan Width": 236, "Plans": [{"Node Type": "Aggregate", "Strategy": "Sorted", "Partial Mode": "Finalize", "Parent Relationship": "Outer", "Parallel Aware": false, "Startup Cost": 2134819.29, "Total Cost": 2134822.35, "Plan Rows": 6, "Plan Width": 236, "Group Key": ["l_returnflag", "l_linestatus"], "Plans": [{"Node Type": "Gather Merge", "Parent Relationship": "Outer", "Parallel Aware": false, "Startup Cost": 2134819.29, "Total Cost": 2134821.42, "Plan Rows": 18, "Plan Width": 236, "Workers Planned": 3, "Plans": [{"Node Type": "Sort", "Parent Relationship": "Outer", "Parallel Aware": false, "Startup Cost": 2133819.25, "Total Cost": 2133819.27, "Plan Rows": 6, "Plan Width": 236, "Sort Key": ["l_returnflag", "l_linestatus"], "Plans": [{"Node Type": "Aggregate", "Strategy": "Hashed", "Partial Mode": "Partial", "Parent Relationship": "Outer", "Parallel Aware": false, "Startup Cost": 2133819.01, "Total Cost": 2133819.17, "Plan Rows": 6, "Plan Width": 236, "Group Key": ["l_returnflag", "l_linestatus"], "Plans": [{"Node Type": "Seq Scan", "Parent Relationship": "Outer", "Parallel Aware": true, "Relation Name": "lineitem", "Alias": "lineitem", "Startup Cost": 0.0, "Total Cost": 1366420.13, "Plan Rows": 19184972, "Plan Width": 25, "Filter": "(l_shipdate <= '1998-09-22 00:00:00'::timestamp without time zone)"}]}]}]}]}]}}, {"Plan": {"Node Type": "Limit", "Parallel Aware": false, "Startup Cost": 2847728.45, "Total Cost": 2847728.96, "Plan Rows": 1, "Plan Width": 236, "Plans": [{"Node Type": "Aggregate", "Strategy": "Sorted", "Partial Mode": "Finalize", "Parent Relationship": "Outer", "Parallel Aware": false, "Startup Cost": 2847728.45, "Total Cost": 2847731.51, "Plan Rows": 6, "Plan Width": 236, "Group Key": ["l_returnflag", "l_linestatus"], "Plans": [{"Node Type": "Gather Merge", "Parent Relationship": "Outer", "Parallel Aware": false, "Startup Cost": 2847728.45, "Total Cost": 2847730.58, "Plan Rows": 18, "Plan Width": 236, "Workers Planned": 3, "Plans": [{"Node Type": "Sort", "Parent Relationship": "Outer", "Parallel Aware": false, "Startup Cost": 2846728.41, "Total Cost": 2846728.42, "Plan Rows": 6, "Plan Width": 236, "Sort Key": ["l_returnflag", "l_linestatus"], "Plans": [{"Node Type": "Aggregate", "Strategy": "Hashed", "Partial Mode": "Partial", "Parent Relationship": "Outer", "Parallel Aware": false, "Startup Cost": 2846728.17, "Total Cost": 2846728.33, "Plan Rows": 6, "Plan Width": 236, "Group Key": ["l_returnflag", "l_linestatus"], "Plans": [{"Node Type": "Bitmap Heap Scan", "Parent Relationship": "Outer", "Parallel Aware": true, "Relation Name": "lineitem", "Alias": "lineitem", "Startup Cost": 713166.01, "Total Cost": 2079329.29, "Plan Rows": 19184972, "Plan Width": 25, "Recheck Cond": "(l_shipdate <= '1998-09-22 00:00:00'::timestamp without time zone)", "Plans": [{"Node Type": "Bitmap Index Scan", "Parent Relationship": "Outer", "Parallel Aware": false, "Index Name": "idx_lineitem_shipdate", "Startup Cost": 0.0, "Total Cost": 698297.65, "Plan Rows": 59473412, "Plan Width": 0, "Index Cond": "(l_shipdate <= '1998-09-22 00:00:00'::timestamp without time zone)"}]}]}]}]}]}]}}, {"Plan": {"Node Type": "Limit", "Parallel Aware": false, "Startup Cost": 2847728.45, "Total Cost": 2847728.96, "Plan Rows": 1, "Plan Width": 236, "Plans": [{"Node Type": "Aggregate", "Strategy": "Sorted", "Partial Mode": "Finalize", "Parent Relationship": "Outer", "Parallel Aware": false, "Startup Cost": 2847728.45, "Total Cost": 2847731.51, "Plan Rows": 6, "Plan Width": 236, "Group Key": ["l_returnflag", "l_linestatus"], "Plans": [{"Node Type": "Gather Merge", "Parent Relationship": "Outer", "Parallel Aware": false, "Startup Cost": 2847728.45, "Total Cost": 2847730.58, "Plan Rows": 18, "Plan Width": 236, "Workers Planned": 3, "Plans": [{"Node Type": "Sort", "Parent Relationship": "Outer", "Parallel Aware": false, "Startup Cost": 2846728.41, "Total Cost": 2846728.42, "Plan Rows": 6, "Plan Width": 236, "Sort Key": ["l_returnflag", "l_linestatus"], "Plans": [{"Node Type": "Aggregate", "Strategy": "Hashed", "Partial Mode": "Partial", "Parent Relationship": "Outer", "Parallel Aware": false, "Startup Cost": 2846728.17, "Total Cost": 2846728.33, "Plan Rows": 6, "Plan Width": 236, "Group Key": ["l_returnflag", "l_linestatus"], "Plans": [{"Node Type": "Bitmap Heap Scan", "Parent Relationship": "Outer", "Parallel Aware": true, "Relation Name": "lineitem", "Alias": "lineitem", "Startup Cost": 713166.01, "Total Cost": 2079329.29, "Plan Rows": 19184972, "Plan Width": 25, "Recheck Cond": "(l_shipdate <= '1998-09-22 00:00:00'::timestamp without time zone)", "Plans": [{"Node Type": "Bitmap Index Scan", "Parent Relationship": "Outer", "Parallel Aware": false, "Index Name": "idx_lineitem_shipdate", "Startup Cost": 0.0, "Total Cost": 698297.65, "Plan Rows": 59473412, "Plan Width": 0, "Index Cond": "(l_shipdate <= '1998-09-22 00:00:00'::timestamp without time zone)"}]}]}]}]}]}]}}, {"Plan": {"Node Type": "Limit", "Parallel Aware": false, "Startup Cost": 2134819.29, "Total Cost": 2134819.8, "Plan Rows": 1, "Plan Width": 236, "Plans": [{"Node Type": "Aggregate", "Strategy": "Sorted", "Partial Mode": "Finalize", "Parent Relationship": "Outer", "Parallel Aware": false, "Startup Cost": 2134819.29, "Total Cost": 2134822.35, "Plan Rows": 6, "Plan Width": 236, "Group Key": ["l_returnflag", "l_linestatus"], "Plans": [{"Node Type": "Gather Merge", "Parent Relationship": "Outer", "Parallel Aware": false, "Startup Cost": 2134819.29, "Total Cost": 2134821.42, "Plan Rows": 18, "Plan Width": 236, "Workers Planned": 3, "Plans": [{"Node Type": "Sort", "Parent Relationship": "Outer", "Parallel Aware": false, "Startup Cost": 2133819.25, "Total Cost": 2133819.27, "Plan Rows": 6, "Plan Width": 236, "Sort Key": ["l_returnflag", "l_linestatus"], "Plans": [{"Node Type": "Aggregate", "Strategy": "Hashed", "Partial Mode": "Partial", "Parent Relationship": "Outer", "Parallel Aware": false, "Startup Cost": 2133819.01, "Total Cost": 2133819.17, "Plan Rows": 6, "Plan Width": 236, "Group Key": ["l_returnflag", "l_linestatus"], "Plans": [{"Node Type": "Seq Scan", "Parent Relationship": "Outer", "Parallel Aware": true, "Relation Name": "lineitem", "Alias": "lineitem", "Startup Cost": 0.0, "Total Cost": 1366420.13, "Plan Rows": 19184972, "Plan Width": 25, "Filter": "(l_shipdate <= '1998-09-22 00:00:00'::timestamp without time zone)"}]}]}]}]}]}}, {"Plan": {"Node Type": "Limit", "Parallel Aware": false, "Startup Cost": 2134819.29, "Total Cost": 2134819.8, "Plan Rows": 1, "Plan Width": 236, "Plans": [{"Node Type": "Aggregate", "Strategy": "Sorted", "Partial Mode": "Finalize", "Parent Relationship": "Outer", "Parallel Aware": false, "Startup Cost": 2134819.29, "Total Cost": 2134822.35, "Plan Rows": 6, "Plan Width": 236, "Group Key": ["l_returnflag", "l_linestatus"], "Plans": [{"Node Type": "Gather Merge", "Parent Relationship": "Outer", "Parallel Aware": false, "Startup Cost": 2134819.29, "Total Cost": 2134821.42, "Plan Rows": 18, "Plan Width": 236, "Workers Planned": 3, "Plans": [{"Node Type": "Sort", "Parent Relationship": "Outer", "Parallel Aware": false, "Startup Cost": 2133819.25, "Total Cost": 2133819.27, "Plan Rows": 6, "Plan Width": 236, "Sort Key": ["l_returnflag", "l_linestatus"], "Plans": [{"Node Type": "Aggregate", "Strategy": "Hashed", "Partial Mode": "Partial", "Parent Relationship": "Outer", "Parallel Aware": false, "Startup Cost": 2133819.01, "Total Cost": 2133819.17, "Plan Rows": 6, "Plan Width": 236, "Group Key": ["l_returnflag", "l_linestatus"], "Plans": [{"Node Type": "Seq Scan", "Parent Relationship": "Outer", "Parallel Aware": true, "Relation Name": "lineitem", "Alias": "lineitem", "Startup Cost": 0.0, "Total Cost": 1366420.13, "Plan Rows": 19184972, "Plan Width": 25, "Filter": "(l_shipdate <= '1998-09-22 00:00:00'::timestamp without time zone)"}]}]}]}]}]}}, {"Plan": {"Node Type": "Limit", "Parallel Aware": false, "Startup Cost": 2847728.45, "Total Cost": 2847728.96, "Plan Rows": 1, "Plan Width": 236, "Plans": [{"Node Type": "Aggregate", "Strategy": "Sorted", "Partial Mode": "Finalize", "Parent Relationship": "Outer", "Parallel Aware": false, "Startup Cost": 2847728.45, "Total Cost": 2847731.51, "Plan Rows": 6, "Plan Width": 236, "Group Key": ["l_returnflag", "l_linestatus"], "Plans": [{"Node Type": "Gather Merge", "Parent Relationship": "Outer", "Parallel Aware": false, "Startup Cost": 2847728.45, "Total Cost": 2847730.58, "Plan Rows": 18, "Plan Width": 236, "Workers Planned": 3, "Plans": [{"Node Type": "Sort", "Parent Relationship": "Outer", "Parallel Aware": false, "Startup Cost": 2846728.41, "Total Cost": 2846728.42, "Plan Rows": 6, "Plan Width": 236, "Sort Key": ["l_returnflag", "l_linestatus"], "Plans": [{"Node Type": "Aggregate", "Strategy": "Hashed", "Partial Mode": "Partial", "Parent Relationship": "Outer", "Parallel Aware": false, "Startup Cost": 2846728.17, "Total Cost": 2846728.33, "Plan Rows": 6, "Plan Width": 236, "Group Key": ["l_returnflag", "l_linestatus"], "Plans": [{"Node Type": "Bitmap Heap Scan", "Parent Relationship": "Outer", "Parallel Aware": true, "Relation Name": "lineitem", "Alias": "lineitem", "Startup Cost": 713166.01, "Total Cost": 2079329.29, "Plan Rows": 19184972, "Plan Width": 25, "Recheck Cond": "(l_shipdate <= '1998-09-22 00:00:00'::timestamp without time zone)", "Plans": [{"Node Type": "Bitmap Index Scan", "Parent Relationship": "Outer", "Parallel Aware": false, "Index Name": "idx_lineitem_shipdate", "Startup Cost": 0.0, "Total Cost": 698297.65, "Plan Rows": 59473412, "Plan Width": 0, "Index Cond": "(l_shipdate <= '1998-09-22 00:00:00'::timestamp without time zone)"}]}]}]}]}]}]}}, {"Plan": {"Node Type": "Limit", "Parallel Aware": false, "Startup Cost": 2134819.29, "Total Cost": 2134819.8, "Plan Rows": 1, "Plan Width": 236, "Plans": [{"Node Type": "Aggregate", "Strategy": "Sorted", "Partial Mode": "Finalize", "Parent Relationship": "Outer", "Parallel Aware": false, "Startup Cost": 2134819.29, "Total Cost": 2134822.35, "Plan Rows": 6, "Plan Width": 236, "Group Key": ["l_returnflag", "l_linestatus"], "Plans": [{"Node Type": "Gather Merge", "Parent Relationship": "Outer", "Parallel Aware": false, "Startup Cost": 2134819.29, "Total Cost": 2134821.42, "Plan Rows": 18, "Plan Width": 236, "Workers Planned": 3, "Plans": [{"Node Type": "Sort", "Parent Relationship": "Outer", "Parallel Aware": false, "Startup Cost": 2133819.25, "Total Cost": 2133819.27, "Plan Rows": 6, "Plan Width": 236, "Sort Key": ["l_returnflag", "l_linestatus"], "Plans": [{"Node Type": "Aggregate", "Strategy": "Hashed", "Partial Mode": "Partial", "Parent Relationship": "Outer", "Parallel Aware": false, "Startup Cost": 2133819.01, "Total Cost": 2133819.17, "Plan Rows": 6, "Plan Width": 236, "Group Key": ["l_returnflag", "l_linestatus"], "Plans": [{"Node Type": "Seq Scan", "Parent Relationship": "Outer", "Parallel Aware": true, "Relation Name": "lineitem", "Alias": "lineitem", "Startup Cost": 0.0, "Total Cost": 1366420.13, "Plan Rows": 19184972, "Plan Width": 25, "Filter": "(l_shipdate <= '1998-09-22 00:00:00'::timestamp without time zone)"}]}]}]}]}]}}, {"Plan": {"Node Type": "Limit", "Parallel Aware": false, "Startup Cost": 2847728.45, "Total Cost": 2847728.96, "Plan Rows": 1, "Plan Width": 236, "Plans": [{"Node Type": "Aggregate", "Strategy": "Sorted", "Partial Mode": "Finalize", "Parent Relationship": "Outer", "Parallel Aware": false, "Startup Cost": 2847728.45, "Total Cost": 2847731.51, "Plan Rows": 6, "Plan Width": 236, "Group Key": ["l_returnflag", "l_linestatus"], "Plans": [{"Node Type": "Gather Merge", "Parent Relationship": "Outer", "Parallel Aware": false, "Startup Cost": 2847728.45, "Total Cost": 2847730.58, "Plan Rows": 18, "Plan Width": 236, "Workers Planned": 3, "Plans": [{"Node Type": "Sort", "Parent Relationship": "Outer", "Parallel Aware": false, "Startup Cost": 2846728.41, "Total Cost": 2846728.42, "Plan Rows": 6, "Plan Width": 236, "Sort Key": ["l_returnflag", "l_linestatus"], "Plans": [{"Node Type": "Aggregate", "Strategy": "Hashed", "Partial Mode": "Partial", "Parent Relationship": "Outer", "Parallel Aware": false, "Startup Cost": 2846728.17, "Total Cost": 2846728.33, "Plan Rows": 6, "Plan Width": 236, "Group Key": ["l_returnflag", "l_linestatus"], "Plans": [{"Node Type": "Bitmap Heap Scan", "Parent Relationship": "Outer", "Parallel Aware": true, "Relation Name": "lineitem", "Alias": "lineitem", "Startup Cost": 713166.01, "Total Cost": 2079329.29, "Plan Rows": 19184972, "Plan Width": 25, "Recheck Cond": "(l_shipdate <= '1998-09-22 00:00:00'::timestamp without time zone)", "Plans": [{"Node Type": "Bitmap Index Scan", "Parent Relationship": "Outer", "Parallel Aware": false, "Index Name": "idx_lineitem_shipdate", "Startup Cost": 0.0, "Total Cost": 698297.65, "Plan Rows": 59473412, "Plan Width": 0, "Index Cond": "(l_shipdate <= '1998-09-22 00:00:00'::timestamp without time zone)"}]}]}]}]}]}]}}, {"Plan": {"Node Type": "Limit", "Parallel Aware": false, "Startup Cost": 2847728.45, "Total Cost": 2847728.96, "Plan Rows": 1, "Plan Width": 236, "Plans": [{"Node Type": "Aggregate", "Strategy": "Sorted", "Partial Mode": "Finalize", "Parent Relationship": "Outer", "Parallel Aware": false, "Startup Cost": 2847728.45, "Total Cost": 2847731.51, "Plan Rows": 6, "Plan Width": 236, "Group Key": ["l_returnflag", "l_linestatus"], "Plans": [{"Node Type": "Gather Merge", "Parent Relationship": "Outer", "Parallel Aware": false, "Startup Cost": 2847728.45, "Total Cost": 2847730.58, "Plan Rows": 18, "Plan Width": 236, "Workers Planned": 3, "Plans": [{"Node Type": "Sort", "Parent Relationship": "Outer", "Parallel Aware": false, "Startup Cost": 2846728.41, "Total Cost": 2846728.42, "Plan Rows": 6, "Plan Width": 236, "Sort Key": ["l_returnflag", "l_linestatus"], "Plans": [{"Node Type": "Aggregate", "Strategy": "Hashed", "Partial Mode": "Partial", "Parent Relationship": "Outer", "Parallel Aware": false, "Startup Cost": 2846728.17, "Total Cost": 2846728.33, "Plan Rows": 6, "Plan Width": 236, "Group Key": ["l_returnflag", "l_linestatus"], "Plans": [{"Node Type": "Bitmap Heap Scan", "Parent Relationship": "Outer", "Parallel Aware": true, "Relation Name": "lineitem", "Alias": "lineitem", "Startup Cost": 713166.01, "Total Cost": 2079329.29, "Plan Rows": 19184972, "Plan Width": 25, "Recheck Cond": "(l_shipdate <= '1998-09-22 00:00:00'::timestamp without time zone)", "Plans": [{"Node Type": "Bitmap Index Scan", "Parent Relationship": "Outer", "Parallel Aware": false, "Index Name": "idx_lineitem_shipdate", "Startup Cost": 0.0, "Total Cost": 698297.65, "Plan Rows": 59473412, "Plan Width": 0, "Index Cond": "(l_shipdate <= '1998-09-22 00:00:00'::timestamp without time zone)"}]}]}]}]}]}]}}, {"Plan": {"Node Type": "Limit", "Parallel Aware": false, "Startup Cost": 2134819.29, "Total Cost": 2134819.8, "Plan Rows": 1, "Plan Width": 236, "Plans": [{"Node Type": "Aggregate", "Strategy": "Sorted", "Partial Mode": "Finalize", "Parent Relationship": "Outer", "Parallel Aware": false, "Startup Cost": 2134819.29, "Total Cost": 2134822.35, "Plan Rows": 6, "Plan Width": 236, "Group Key": ["l_returnflag", "l_linestatus"], "Plans": [{"Node Type": "Gather Merge", "Parent Relationship": "Outer", "Parallel Aware": false, "Startup Cost": 2134819.29, "Total Cost": 2134821.42, "Plan Rows": 18, "Plan Width": 236, "Workers Planned": 3, "Plans": [{"Node Type": "Sort", "Parent Relationship": "Outer", "Parallel Aware": false, "Startup Cost": 2133819.25, "Total Cost": 2133819.27, "Plan Rows": 6, "Plan Width": 236, "Sort Key": ["l_returnflag", "l_linestatus"], "Plans": [{"Node Type": "Aggregate", "Strategy": "Hashed", "Partial Mode": "Partial", "Parent Relationship": "Outer", "Parallel Aware": false, "Startup Cost": 2133819.01, "Total Cost": 2133819.17, "Plan Rows": 6, "Plan Width": 236, "Group Key": ["l_returnflag", "l_linestatus"], "Plans": [{"Node Type": "Seq Scan", "Parent Relationship": "Outer", "Parallel Aware": true, "Relation Name": "lineitem", "Alias": "lineitem", "Startup Cost": 0.0, "Total Cost": 1366420.13, "Plan Rows": 19184972, "Plan Width": 25, "Filter": "(l_shipdate <= '1998-09-22 00:00:00'::timestamp without time zone)"}]}]}]}]}]}}, {"Plan": {"Node Type": "Limit", "Parallel Aware": false, "Startup Cost": 2134819.29, "Total Cost": 2134819.8, "Plan Rows": 1, "Plan Width": 236, "Plans": [{"Node Type": "Aggregate", "Strategy": "Sorted", "Partial Mode": "Finalize", "Parent Relationship": "Outer", "Parallel Aware": false, "Startup Cost": 2134819.29, "Total Cost": 2134822.35, "Plan Rows": 6, "Plan Width": 236, "Group Key": ["l_returnflag", "l_linestatus"], "Plans": [{"Node Type": "Gather Merge", "Parent Relationship": "Outer", "Parallel Aware": false, "Startup Cost": 2134819.29, "Total Cost": 2134821.42, "Plan Rows": 18, "Plan Width": 236, "Workers Planned": 3, "Plans": [{"Node Type": "Sort", "Parent Relationship": "Outer", "Parallel Aware": false, "Startup Cost": 2133819.25, "Total Cost": 2133819.27, "Plan Rows": 6, "Plan Width": 236, "Sort Key": ["l_returnflag", "l_linestatus"], "Plans": [{"Node Type": "Aggregate", "Strategy": "Hashed", "Partial Mode": "Partial", "Parent Relationship": "Outer", "Parallel Aware": false, "Startup Cost": 2133819.01, "Total Cost": 2133819.17, "Plan Rows": 6, "Plan Width": 236, "Group Key": ["l_returnflag", "l_linestatus"], "Plans": [{"Node Type": "Seq Scan", "Parent Relationship": "Outer", "Parallel Aware": true, "Relation Name": "lineitem", "Alias": "lineitem", "Startup Cost": 0.0, "Total Cost": 1366420.13, "Plan Rows": 19184972, "Plan Width": 25, "Filter": "(l_shipdate <= '1998-09-22 00:00:00'::timestamp without time zone)"}]}]}]}]}]}}, {"Plan": {"Node Type": "Limit", "Parallel Aware": false, "Startup Cost": 2847728.45, "Total Cost": 2847728.96, "Plan Rows": 1, "Plan Width": 236, "Plans": [{"Node Type": "Aggregate", "Strategy": "Sorted", "Partial Mode": "Finalize", "Parent Relationship": "Outer", "Parallel Aware": false, "Startup Cost": 2847728.45, "Total Cost": 2847731.51, "Plan Rows": 6, "Plan Width": 236, "Group Key": ["l_returnflag", "l_linestatus"], "Plans": [{"Node Type": "Gather Merge", "Parent Relationship": "Outer", "Parallel Aware": false, "Startup Cost": 2847728.45, "Total Cost": 2847730.58, "Plan Rows": 18, "Plan Width": 236, "Workers Planned": 3, "Plans": [{"Node Type": "Sort", "Parent Relationship": "Outer", "Parallel Aware": false, "Startup Cost": 2846728.41, "Total Cost": 2846728.42, "Plan Rows": 6, "Plan Width": 236, "Sort Key": ["l_returnflag", "l_linestatus"], "Plans": [{"Node Type": "Aggregate", "Strategy": "Hashed", "Partial Mode": "Partial", "Parent Relationship": "Outer", "Parallel Aware": false, "Startup Cost": 2846728.17, "Total Cost": 2846728.33, "Plan Rows": 6, "Plan Width": 236, "Group Key": ["l_returnflag", "l_linestatus"], "Plans": [{"Node Type": "Bitmap Heap Scan", "Parent Relationship": "Outer", "Parallel Aware": true, "Relation Name": "lineitem", "Alias": "lineitem", "Startup Cost": 713166.01, "Total Cost": 2079329.29, "Plan Rows": 19184972, "Plan Width": 25, "Recheck Cond": "(l_shipdate <= '1998-09-22 00:00:00'::timestamp without time zone)", "Plans": [{"Node Type": "Bitmap Index Scan", "Parent Relationship": "Outer", "Parallel Aware": false, "Index Name": "idx_lineitem_shipdate", "Startup Cost": 0.0, "Total Cost": 698297.65, "Plan Rows": 59473412, "Plan Width": 0, "Index Cond": "(l_shipdate <= '1998-09-22 00:00:00'::timestamp without time zone)"}]}]}]}]}]}]}}, {"Plan": {"Node Type": "Limit", "Parallel Aware": false, "Startup Cost": 2134819.29, "Total Cost": 2134819.8, "Plan Rows": 1, "Plan Width": 236, "Plans": [{"Node Type": "Aggregate", "Strategy": "Sorted", "Partial Mode": "Finalize", "Parent Relationship": "Outer", "Parallel Aware": false, "Startup Cost": 2134819.29, "Total Cost": 2134822.35, "Plan Rows": 6, "Plan Width": 236, "Group Key": ["l_returnflag", "l_linestatus"], "Plans": [{"Node Type": "Gather Merge", "Parent Relationship": "Outer", "Parallel Aware": false, "Startup Cost": 2134819.29, "Total Cost": 2134821.42, "Plan Rows": 18, "Plan Width": 236, "Workers Planned": 3, "Plans": [{"Node Type": "Sort", "Parent Relationship": "Outer", "Parallel Aware": false, "Startup Cost": 2133819.25, "Total Cost": 2133819.27, "Plan Rows": 6, "Plan Width": 236, "Sort Key": ["l_returnflag", "l_linestatus"], "Plans": [{"Node Type": "Aggregate", "Strategy": "Hashed", "Partial Mode": "Partial", "Parent Relationship": "Outer", "Parallel Aware": false, "Startup Cost": 2133819.01, "Total Cost": 2133819.17, "Plan Rows": 6, "Plan Width": 236, "Group Key": ["l_returnflag", "l_linestatus"], "Plans": [{"Node Type": "Seq Scan", "Parent Relationship": "Outer", "Parallel Aware": true, "Relation Name": "lineitem", "Alias": "lineitem", "Startup Cost": 0.0, "Total Cost": 1366420.13, "Plan Rows": 19184972, "Plan Width": 25, "Filter": "(l_shipdate <= '1998-09-22 00:00:00'::timestamp without time zone)"}]}]}]}]}]}}, {"Plan": {"Node Type": "Limit", "Parallel Aware": false, "Startup Cost": 2847728.45, "Total Cost": 2847728.96, "Plan Rows": 1, "Plan Width": 236, "Plans": [{"Node Type": "Aggregate", "Strategy": "Sorted", "Partial Mode": "Finalize", "Parent Relationship": "Outer", "Parallel Aware": false, "Startup Cost": 2847728.45, "Total Cost": 2847731.51, "Plan Rows": 6, "Plan Width": 236, "Group Key": ["l_returnflag", "l_linestatus"], "Plans": [{"Node Type": "Gather Merge", "Parent Relationship": "Outer", "Parallel Aware": false, "Startup Cost": 2847728.45, "Total Cost": 2847730.58, "Plan Rows": 18, "Plan Width": 236, "Workers Planned": 3, "Plans": [{"Node Type": "Sort", "Parent Relationship": "Outer", "Parallel Aware": false, "Startup Cost": 2846728.41, "Total Cost": 2846728.42, "Plan Rows": 6, "Plan Width": 236, "Sort Key": ["l_returnflag", "l_linestatus"], "Plans": [{"Node Type": "Aggregate", "Strategy": "Hashed", "Partial Mode": "Partial", "Parent Relationship": "Outer", "Parallel Aware": false, "Startup Cost": 2846728.17, "Total Cost": 2846728.33, "Plan Rows": 6, "Plan Width": 236, "Group Key": ["l_returnflag", "l_linestatus"], "Plans": [{"Node Type": "Bitmap Heap Scan", "Parent Relationship": "Outer", "Parallel Aware": true, "Relation Name": "lineitem", "Alias": "lineitem", "Startup Cost": 713166.01, "Total Cost": 2079329.29, "Plan Rows": 19184972, "Plan Width": 25, "Recheck Cond": "(l_shipdate <= '1998-09-22 00:00:00'::timestamp without time zone)", "Plans": [{"Node Type": "Bitmap Index Scan", "Parent Relationship": "Outer", "Parallel Aware": false, "Index Name": "idx_lineitem_shipdate", "Startup Cost": 0.0, "Total Cost": 698297.65, "Plan Rows": 59473412, "Plan Width": 0, "Index Cond": "(l_shipdate <= '1998-09-22 00:00:00'::timestamp without time zone)"}]}]}]}]}]}]}}, {"Plan": {"Node Type": "Limit", "Parallel Aware": false, "Startup Cost": 2847728.45, "Total Cost": 2847728.96, "Plan Rows": 1, "Plan Width": 236, "Plans": [{"Node Type": "Aggregate", "Strategy": "Sorted", "Partial Mode": "Finalize", "Parent Relationship": "Outer", "Parallel Aware": false, "Startup Cost": 2847728.45, "Total Cost": 2847731.51, "Plan Rows": 6, "Plan Width": 236, "Group Key": ["l_returnflag", "l_linestatus"], "Plans": [{"Node Type": "Gather Merge", "Parent Relationship": "Outer", "Parallel Aware": false, "Startup Cost": 2847728.45, "Total Cost": 2847730.58, "Plan Rows": 18, "Plan Width": 236, "Workers Planned": 3, "Plans": [{"Node Type": "Sort", "Parent Relationship": "Outer", "Parallel Aware": false, "Startup Cost": 2846728.41, "Total Cost": 2846728.42, "Plan Rows": 6, "Plan Width": 236, "Sort Key": ["l_returnflag", "l_linestatus"], "Plans": [{"Node Type": "Aggregate", "Strategy": "Hashed", "Partial Mode": "Partial", "Parent Relationship": "Outer", "Parallel Aware": false, "Startup Cost": 2846728.17, "Total Cost": 2846728.33, "Plan Rows": 6, "Plan Width": 236, "Group Key": ["l_returnflag", "l_linestatus"], "Plans": [{"Node Type": "Bitmap Heap Scan", "Parent Relationship": "Outer", "Parallel Aware": true, "Relation Name": "lineitem", "Alias": "lineitem", "Startup Cost": 713166.01, "Total Cost": 2079329.29, "Plan Rows": 19184972, "Plan Width": 25, "Recheck Cond": "(l_shipdate <= '1998-09-22 00:00:00'::timestamp without time zone)", "Plans": [{"Node Type": "Bitmap Index Scan", "Parent Relationship": "Outer", "Parallel Aware": false, "Index Name": "idx_lineitem_shipdate", "Startup Cost": 0.0, "Total Cost": 698297.65, "Plan Rows": 59473412, "Plan Width": 0, "Index Cond": "(l_shipdate <= '1998-09-22 00:00:00'::timestamp without time zone)"}]}]}]}]}]}]}}, {"Plan": {"Node Type": "Limit", "Parallel Aware": false, "Startup Cost": 2134819.29, "Total Cost": 2134819.8, "Plan Rows": 1, "Plan Width": 236, "Plans": [{"Node Type": "Aggregate", "Strategy": "Sorted", "Partial Mode": "Finalize", "Parent Relationship": "Outer", "Parallel Aware": false, "Startup Cost": 2134819.29, "Total Cost": 2134822.35, "Plan Rows": 6, "Plan Width": 236, "Group Key": ["l_returnflag", "l_linestatus"], "Plans": [{"Node Type": "Gather Merge", "Parent Relationship": "Outer", "Parallel Aware": false, "Startup Cost": 2134819.29, "Total Cost": 2134821.42, "Plan Rows": 18, "Plan Width": 236, "Workers Planned": 3, "Plans": [{"Node Type": "Sort", "Parent Relationship": "Outer", "Parallel Aware": false, "Startup Cost": 2133819.25, "Total Cost": 2133819.27, "Plan Rows": 6, "Plan Width": 236, "Sort Key": ["l_returnflag", "l_linestatus"], "Plans": [{"Node Type": "Aggregate", "Strategy": "Hashed", "Partial Mode": "Partial", "Parent Relationship": "Outer", "Parallel Aware": false, "Startup Cost": 2133819.01, "Total Cost": 2133819.17, "Plan Rows": 6, "Plan Width": 236, "Group Key": ["l_returnflag", "l_linestatus"], "Plans": [{"Node Type": "Seq Scan", "Parent Relationship": "Outer", "Parallel Aware": true, "Relation Name": "lineitem", "Alias": "lineitem", "Startup Cost": 0.0, "Total Cost": 1366420.13, "Plan Rows": 19184972, "Plan Width": 25, "Filter": "(l_shipdate <= '1998-09-22 00:00:00'::timestamp without time zone)"}]}]}]}]}]}}, {"Plan": {"Node Type": "Limit", "Parallel Aware": false, "Startup Cost": 2134819.29, "Total Cost": 2134819.8, "Plan Rows": 1, "Plan Width": 236, "Plans": [{"Node Type": "Aggregate", "Strategy": "Sorted", "Partial Mode": "Finalize", "Parent Relationship": "Outer", "Parallel Aware": false, "Startup Cost": 2134819.29, "Total Cost": 2134822.35, "Plan Rows": 6, "Plan Width": 236, "Group Key": ["l_returnflag", "l_linestatus"], "Plans": [{"Node Type": "Gather Merge", "Parent Relationship": "Outer", "Parallel Aware": false, "Startup Cost": 2134819.29, "Total Cost": 2134821.42, "Plan Rows": 18, "Plan Width": 236, "Workers Planned": 3, "Plans": [{"Node Type": "Sort", "Parent Relationship": "Outer", "Parallel Aware": false, "Startup Cost": 2133819.25, "Total Cost": 2133819.27, "Plan Rows": 6, "Plan Width": 236, "Sort Key": ["l_returnflag", "l_linestatus"], "Plans": [{"Node Type": "Aggregate", "Strategy": "Hashed", "Partial Mode": "Partial", "Parent Relationship": "Outer", "Parallel Aware": false, "Startup Cost": 2133819.01, "Total Cost": 2133819.17, "Plan Rows": 6, "Plan Width": 236, "Group Key": ["l_returnflag", "l_linestatus"], "Plans": [{"Node Type": "Seq Scan", "Parent Relationship": "Outer", "Parallel Aware": true, "Relation Name": "lineitem", "Alias": "lineitem", "Startup Cost": 0.0, "Total Cost": 1366420.13, "Plan Rows": 19184972, "Plan Width": 25, "Filter": "(l_shipdate <= '1998-09-22 00:00:00'::timestamp without time zone)"}]}]}]}]}]}}, {"Plan": {"Node Type": "Limit", "Parallel Aware": false, "Startup Cost": 2847728.45, "Total Cost": 2847728.96, "Plan Rows": 1, "Plan Width": 236, "Plans": [{"Node Type": "Aggregate", "Strategy": "Sorted", "Partial Mode": "Finalize", "Parent Relationship": "Outer", "Parallel Aware": false, "Startup Cost": 2847728.45, "Total Cost": 2847731.51, "Plan Rows": 6, "Plan Width": 236, "Group Key": ["l_returnflag", "l_linestatus"], "Plans": [{"Node Type": "Gather Merge", "Parent Relationship": "Outer", "Parallel Aware": false, "Startup Cost": 2847728.45, "Total Cost": 2847730.58, "Plan Rows": 18, "Plan Width": 236, "Workers Planned": 3, "Plans": [{"Node Type": "Sort", "Parent Relationship": "Outer", "Parallel Aware": false, "Startup Cost": 2846728.41, "Total Cost": 2846728.42, "Plan Rows": 6, "Plan Width": 236, "Sort Key": ["l_returnflag", "l_linestatus"], "Plans": [{"Node Type": "Aggregate", "Strategy": "Hashed", "Partial Mode": "Partial", "Parent Relationship": "Outer", "Parallel Aware": false, "Startup Cost": 2846728.17, "Total Cost": 2846728.33, "Plan Rows": 6, "Plan Width": 236, "Group Key": ["l_returnflag", "l_linestatus"], "Plans": [{"Node Type": "Bitmap Heap Scan", "Parent Relationship": "Outer", "Parallel Aware": true, "Relation Name": "lineitem", "Alias": "lineitem", "Startup Cost": 713166.01, "Total Cost": 2079329.29, "Plan Rows": 19184972, "Plan Width": 25, "Recheck Cond": "(l_shipdate <= '1998-09-22 00:00:00'::timestamp without time zone)", "Plans": [{"Node Type": "Bitmap Index Scan", "Parent Relationship": "Outer", "Parallel Aware": false, "Index Name": "idx_lineitem_shipdate", "Startup Cost": 0.0, "Total Cost": 698297.65, "Plan Rows": 59473412, "Plan Width": 0, "Index Cond": "(l_shipdate <= '1998-09-22 00:00:00'::timestamp without time zone)"}]}]}]}]}]}]}}, {"Plan": {"Node Type": "Limit", "Parallel Aware": false, "Startup Cost": 2134819.29, "Total Cost": 2134819.8, "Plan Rows": 1, "Plan Width": 236, "Plans": [{"Node Type": "Aggregate", "Strategy": "Sorted", "Partial Mode": "Finalize", "Parent Relationship": "Outer", "Parallel Aware": false, "Startup Cost": 2134819.29, "Total Cost": 2134822.35, "Plan Rows": 6, "Plan Width": 236, "Group Key": ["l_returnflag", "l_linestatus"], "Plans": [{"Node Type": "Gather Merge", "Parent Relationship": "Outer", "Parallel Aware": false, "Startup Cost": 2134819.29, "Total Cost": 2134821.42, "Plan Rows": 18, "Plan Width": 236, "Workers Planned": 3, "Plans": [{"Node Type": "Sort", "Parent Relationship": "Outer", "Parallel Aware": false, "Startup Cost": 2133819.25, "Total Cost": 2133819.27, "Plan Rows": 6, "Plan Width": 236, "Sort Key": ["l_returnflag", "l_linestatus"], "Plans": [{"Node Type": "Aggregate", "Strategy": "Hashed", "Partial Mode": "Partial", "Parent Relationship": "Outer", "Parallel Aware": false, "Startup Cost": 2133819.01, "Total Cost": 2133819.17, "Plan Rows": 6, "Plan Width": 236, "Group Key": ["l_returnflag", "l_linestatus"], "Plans": [{"Node Type": "Seq Scan", "Parent Relationship": "Outer", "Parallel Aware": true, "Relation Name": "lineitem", "Alias": "lineitem", "Startup Cost": 0.0, "Total Cost": 1366420.13, "Plan Rows": 19184972, "Plan Width": 25, "Filter": "(l_shipdate <= '1998-09-22 00:00:00'::timestamp without time zone)"}]}]}]}]}]}}, {"Plan": {"Node Type": "Limit", "Parallel Aware": false, "Startup Cost": 2134819.29, "Total Cost": 2134819.8, "Plan Rows": 1, "Plan Width": 236, "Plans": [{"Node Type": "Aggregate", "Strategy": "Sorted", "Partial Mode": "Finalize", "Parent Relationship": "Outer", "Parallel Aware": false, "Startup Cost": 2134819.29, "Total Cost": 2134822.35, "Plan Rows": 6, "Plan Width": 236, "Group Key": ["l_returnflag", "l_linestatus"], "Plans": [{"Node Type": "Gather Merge", "Parent Relationship": "Outer", "Parallel Aware": false, "Startup Cost": 2134819.29, "Total Cost": 2134821.42, "Plan Rows": 18, "Plan Width": 236, "Workers Planned": 3, "Plans": [{"Node Type": "Sort", "Parent Relationship": "Outer", "Parallel Aware": false, "Startup Cost": 2133819.25, "Total Cost": 2133819.27, "Plan Rows": 6, "Plan Width": 236, "Sort Key": ["l_returnflag", "l_linestatus"], "Plans": [{"Node Type": "Aggregate", "Strategy": "Hashed", "Partial Mode": "Partial", "Parent Relationship": "Outer", "Parallel Aware": false, "Startup Cost": 2133819.01, "Total Cost": 2133819.17, "Plan Rows": 6, "Plan Width": 236, "Group Key": ["l_returnflag", "l_linestatus"], "Plans": [{"Node Type": "Seq Scan", "Parent Relationship": "Outer", "Parallel Aware": true, "Relation Name": "lineitem", "Alias": "lineitem", "Startup Cost": 0.0, "Total Cost": 1366420.13, "Plan Rows": 19184972, "Plan Width": 25, "Filter": "(l_shipdate <= '1998-09-22 00:00:00'::timestamp without time zone)"}]}]}]}]}]}}, {"Plan": {"Node Type": "Limit", "Parallel Aware": false, "Startup Cost": 2134819.29, "Total Cost": 2134819.8, "Plan Rows": 1, "Plan Width": 236, "Plans": [{"Node Type": "Aggregate", "Strategy": "Sorted", "Partial Mode": "Finalize", "Parent Relationship": "Outer", "Parallel Aware": false, "Startup Cost": 2134819.29, "Total Cost": 2134822.35, "Plan Rows": 6, "Plan Width": 236, "Group Key": ["l_returnflag", "l_linestatus"], "Plans": [{"Node Type": "Gather Merge", "Parent Relationship": "Outer", "Parallel Aware": false, "Startup Cost": 2134819.29, "Total Cost": 2134821.42, "Plan Rows": 18, "Plan Width": 236, "Workers Planned": 3, "Plans": [{"Node Type": "Sort", "Parent Relationship": "Outer", "Parallel Aware": false, "Startup Cost": 2133819.25, "Total Cost": 2133819.27, "Plan Rows": 6, "Plan Width": 236, "Sort Key": ["l_returnflag", "l_linestatus"], "Plans": [{"Node Type": "Aggregate", "Strategy": "Hashed", "Partial Mode": "Partial", "Parent Relationship": "Outer", "Parallel Aware": false, "Startup Cost": 2133819.01, "Total Cost": 2133819.17, "Plan Rows": 6, "Plan Width": 236, "Group Key": ["l_returnflag", "l_linestatus"], "Plans": [{"Node Type": "Seq Scan", "Parent Relationship": "Outer", "Parallel Aware": true, "Relation Name": "lineitem", "Alias": "lineitem", "Startup Cost": 0.0, "Total Cost": 1366420.13, "Plan Rows": 19184972, "Plan Width": 25, "Filter": "(l_shipdate <= '1998-09-22 00:00:00'::timestamp without time zone)"}]}]}]}]}]}}, {"Plan": {"Node Type": "Limit", "Parallel Aware": false, "Startup Cost": 2134819.29, "Total Cost": 2134819.8, "Plan Rows": 1, "Plan Width": 236, "Plans": [{"Node Type": "Aggregate", "Strategy": "Sorted", "Partial Mode": "Finalize", "Parent Relationship": "Outer", "Parallel Aware": false, "Startup Cost": 2134819.29, "Total Cost": 2134822.35, "Plan Rows": 6, "Plan Width": 236, "Group Key": ["l_returnflag", "l_linestatus"], "Plans": [{"Node Type": "Gather Merge", "Parent Relationship": "Outer", "Parallel Aware": false, "Startup Cost": 2134819.29, "Total Cost": 2134821.42, "Plan Rows": 18, "Plan Width": 236, "Workers Planned": 3, "Plans": [{"Node Type": "Sort", "Parent Relationship": "Outer", "Parallel Aware": false, "Startup Cost": 2133819.25, "Total Cost": 2133819.27, "Plan Rows": 6, "Plan Width": 236, "Sort Key": ["l_returnflag", "l_linestatus"], "Plans": [{"Node Type": "Aggregate", "Strategy": "Hashed", "Partial Mode": "Partial", "Parent Relationship": "Outer", "Parallel Aware": false, "Startup Cost": 2133819.01, "Total Cost": 2133819.17, "Plan Rows": 6, "Plan Width": 236, "Group Key": ["l_returnflag", "l_linestatus"], "Plans": [{"Node Type": "Seq Scan", "Parent Relationship": "Outer", "Parallel Aware": true, "Relation Name": "lineitem", "Alias": "lineitem", "Startup Cost": 0.0, "Total Cost": 1366420.13, "Plan Rows": 19184972, "Plan Width": 25, "Filter": "(l_shipdate <= '1998-09-22 00:00:00'::timestamp without time zone)"}]}]}]}]}]}}, {"Plan": {"Node Type": "Limit", "Parallel Aware": false, "Startup Cost": 2134819.29, "Total Cost": 2134819.8, "Plan Rows": 1, "Plan Width": 236, "Plans": [{"Node Type": "Aggregate", "Strategy": "Sorted", "Partial Mode": "Finalize", "Parent Relationship": "Outer", "Parallel Aware": false, "Startup Cost": 2134819.29, "Total Cost": 2134822.35, "Plan Rows": 6, "Plan Width": 236, "Group Key": ["l_returnflag", "l_linestatus"], "Plans": [{"Node Type": "Gather Merge", "Parent Relationship": "Outer", "Parallel Aware": false, "Startup Cost": 2134819.29, "Total Cost": 2134821.42, "Plan Rows": 18, "Plan Width": 236, "Workers Planned": 3, "Plans": [{"Node Type": "Sort", "Parent Relationship": "Outer", "Parallel Aware": false, "Startup Cost": 2133819.25, "Total Cost": 2133819.27, "Plan Rows": 6, "Plan Width": 236, "Sort Key": ["l_returnflag", "l_linestatus"], "Plans": [{"Node Type": "Aggregate", "Strategy": "Hashed", "Partial Mode": "Partial", "Parent Relationship": "Outer", "Parallel Aware": false, "Startup Cost": 2133819.01, "Total Cost": 2133819.17, "Plan Rows": 6, "Plan Width": 236, "Group Key": ["l_returnflag", "l_linestatus"], "Plans": [{"Node Type": "Seq Scan", "Parent Relationship": "Outer", "Parallel Aware": true, "Relation Name": "lineitem", "Alias": "lineitem", "Startup Cost": 0.0, "Total Cost": 1366420.13, "Plan Rows": 19184972, "Plan Width": 25, "Filter": "(l_shipdate <= '1998-09-22 00:00:00'::timestamp without time zone)"}]}]}]}]}]}}]