[{"Plan": {"Node Type": "Limit", "Parallel Aware": false, "Startup Cost": 2837607.56, "Total Cost": 2837608.07, "Plan Rows": 1, "Plan Width": 236, "Plans": [{"Node Type": "Aggregate", "Strategy": "Sorted", "Partial Mode": "Finalize", "Parent Relationship": "Outer", "Parallel Aware": false, "Startup Cost": 2837607.56, "Total Cost": 2837610.62, "Plan Rows": 6, "Plan Width": 236, "Group Key": ["l_returnflag", "l_linestatus"], "Plans": [{"Node Type": "Gather Merge", "Parent Relationship": "Outer", "Parallel Aware": false, "Startup Cost": 2837607.56, "Total Cost": 2837609.69, "Plan Rows": 18, "Plan Width": 236, "Workers Planned": 3, "Plans": [{"Node Type": "Sort", "Parent Relationship": "Outer", "Parallel Aware": false, "Startup Cost": 2836607.52, "Total Cost": 2836607.54, "Plan Rows": 6, "Plan Width": 236, "Sort Key": ["l_returnflag", "l_linestatus"], "Plans": [{"Node Type": "Aggregate", "Strategy": "Hashed", "Partial Mode": "Partial", "Parent Relationship": "Outer", "Parallel Aware": false, "Startup Cost": 2836607.28, "Total Cost": 2836607.44, "Plan Rows": 6, "Plan Width": 236, "Group Key": ["l_returnflag", "l_linestatus"], "Plans": [{"Node Type": "Bitmap Heap Scan", "Parent Relationship": "Outer", "Parallel Aware": true, "Relation Name": "lineitem", "Alias": "lineitem", "Startup Cost": 708386.89, "Total Cost": 2074350.4, "Plan Rows": 19056422, "Plan Width": 25, "Recheck Cond": "(l_shipdate <= '1998-08-29 00:00:00'::timestamp without time zone)", "Plans": [{"Node Type": "Bitmap Index Scan", "Parent Relationship": "Outer", "Parallel Aware": false, "Index Name": "idx_lineitem_shipdate", "Startup Cost": 0.0, "Total Cost": 693618.17, "Plan Rows": 59074907, "Plan Width": 0, "Index Cond": "(l_shipdate <= '1998-08-29 00:00:00'::timestamp without time zone)"}]}]}]}]}]}]}}, {"Plan": {"Node Type": "Limit", "Parallel Aware": false, "Startup Cost": 2837607.56, "Total Cost": 2837608.07, "Plan Rows": 1, "Plan Width": 236, "Plans": [{"Node Type": "Aggregate", "Strategy": "Sorted", "Partial Mode": "Finalize", "Parent Relationship": "Outer", "Parallel Aware": false, "Startup Cost": 2837607.56, "Total Cost": 2837610.62, "Plan Rows": 6, "Plan Width": 236, "Group Key": ["l_returnflag", "l_linestatus"], "Plans": [{"Node Type": "Gather Merge", "Parent Relationship": "Outer", "Parallel Aware": false, "Startup Cost": 2837607.56, "Total Cost": 2837609.69, "Plan Rows": 18, "Plan Width": 236, "Workers Planned": 3, "Plans": [{"Node Type": "Sort", "Parent Relationship": "Outer", "Parallel Aware": false, "Startup Cost": 2836607.52, "Total Cost": 2836607.54, "Plan Rows": 6, "Plan Width": 236, "Sort Key": ["l_returnflag", "l_linestatus"], "Plans": [{"Node Type": "Aggregate", "Strategy": "Hashed", "Partial Mode": "Partial", "Parent Relationship": "Outer", "Parallel Aware": false, "Startup Cost": 2836607.28, "Total Cost": 2836607.44, "Plan Rows": 6, "Plan Width": 236, "Group Key": ["l_returnflag", "l_linestatus"], "Plans": [{"Node Type": "Bitmap Heap Scan", "Parent Relationship": "Outer", "Parallel Aware": true, "Relation Name": "lineitem", "Alias": "lineitem", "Startup Cost": 708386.89, "Total Cost": 2074350.4, "Plan Rows": 19056422, "Plan Width": 25, "Recheck Cond": "(l_shipdate <= '1998-08-29 00:00:00'::timestamp without time zone)", "Plans": [{"Node Type": "Bitmap Index Scan", "Parent Relationship": "Outer", "Parallel Aware": false, "Index Name": "idx_lineitem_shipdate", "Startup Cost": 0.0, "Total Cost": 693618.17, "Plan Rows": 59074907, "Plan Width": 0, "Index Cond": "(l_shipdate <= '1998-08-29 00:00:00'::timestamp without time zone)"}]}]}]}]}]}]}}, {"Plan": {"Node Type": "Limit", "Parallel Aware": false, "Startup Cost": 2837607.56, "Total Cost": 2837608.07, "Plan Rows": 1, "Plan Width": 236, "Plans": [{"Node Type": "Aggregate", "Strategy": "Sorted", "Partial Mode": "Finalize", "Parent Relationship": "Outer", "Parallel Aware": false, "Startup Cost": 2837607.56, "Total Cost": 2837610.62, "Plan Rows": 6, "Plan Width": 236, "Group Key": ["l_returnflag", "l_linestatus"], "Plans": [{"Node Type": "Gather Merge", "Parent Relationship": "Outer", "Parallel Aware": false, "Startup Cost": 2837607.56, "Total Cost": 2837609.69, "Plan Rows": 18, "Plan Width": 236, "Workers Planned": 3, "Plans": [{"Node Type": "Sort", "Parent Relationship": "Outer", "Parallel Aware": false, "Startup Cost": 2836607.52, "Total Cost": 2836607.54, "Plan Rows": 6, "Plan Width": 236, "Sort Key": ["l_returnflag", "l_linestatus"], "Plans": [{"Node Type": "Aggregate", "Strategy": "Hashed", "Partial Mode": "Partial", "Parent Relationship": "Outer", "Parallel Aware": false, "Startup Cost": 2836607.28, "Total Cost": 2836607.44, "Plan Rows": 6, "Plan Width": 236, "Group Key": ["l_returnflag", "l_linestatus"], "Plans": [{"Node Type": "Bitmap Heap Scan", "Parent Relationship": "Outer", "Parallel Aware": true, "Relation Name": "lineitem", "Alias": "lineitem", "Startup Cost": 708386.89, "Total Cost": 2074350.4, "Plan Rows": 19056422, "Plan Width": 25, "Recheck Cond": "(l_shipdate <= '1998-08-29 00:00:00'::timestamp without time zone)", "Plans": [{"Node Type": "Bitmap Index Scan", "Parent Relationship": "Outer", "Parallel Aware": false, "Index Name": "idx_lineitem_shipdate", "Startup Cost": 0.0, "Total Cost": 693618.17, "Plan Rows": 59074907, "Plan Width": 0, "Index Cond": "(l_shipdate <= '1998-08-29 00:00:00'::timestamp without time zone)"}]}]}]}]}]}]}}, {"Plan": {"Node Type": "Limit", "Parallel Aware": false, "Startup Cost": 2837607.56, "Total Cost": 2837608.07, "Plan Rows": 1, "Plan Width": 236, "Plans": [{"Node Type": "Aggregate", "Strategy": "Sorted", "Partial Mode": "Finalize", "Parent Relationship": "Outer", "Parallel Aware": false, "Startup Cost": 2837607.56, "Total Cost": 2837610.62, "Plan Rows": 6, "Plan Width": 236, "Group Key": ["l_returnflag", "l_linestatus"], "Plans": [{"Node Type": "Gather Merge", "Parent Relationship": "Outer", "Parallel Aware": false, "Startup Cost": 2837607.56, "Total Cost": 2837609.69, "Plan Rows": 18, "Plan Width": 236, "Workers Planned": 3, "Plans": [{"Node Type": "Sort", "Parent Relationship": "Outer", "Parallel Aware": false, "Startup Cost": 2836607.52, "Total Cost": 2836607.54, "Plan Rows": 6, "Plan Width": 236, "Sort Key": ["l_returnflag", "l_linestatus"], "Plans": [{"Node Type": "Aggregate", "Strategy": "Hashed", "Partial Mode": "Partial", "Parent Relationship": "Outer", "Parallel Aware": false, "Startup Cost": 2836607.28, "Total Cost": 2836607.44, "Plan Rows": 6, "Plan Width": 236, "Group Key": ["l_returnflag", "l_linestatus"], "Plans": [{"Node Type": "Bitmap Heap Scan", "Parent Relationship": "Outer", "Parallel Aware": true, "Relation Name": "lineitem", "Alias": "lineitem", "Startup Cost": 708386.89, "Total Cost": 2074350.4, "Plan Rows": 19056422, "Plan Width": 25, "Recheck Cond": "(l_shipdate <= '1998-08-29 00:00:00'::timestamp without time zone)", "Plans": [{"Node Type": "Bitmap Index Scan", "Parent Relationship": "Outer", "Parallel Aware": false, "Index Name": "idx_lineitem_shipdate", "Startup Cost": 0.0, "Total Cost": 693618.17, "Plan Rows": 59074907, "Plan Width": 0, "Index Cond": "(l_shipdate <= '1998-08-29 00:00:00'::timestamp without time zone)"}]}]}]}]}]}]}}, {"Plan": {"Node Type": "Limit", "Parallel Aware": false, "Startup Cost": 2129677.29, "Total Cost": 2129677.8, "Plan Rows": 1, "Plan Width": 236, "Plans": [{"Node Type": "Aggregate", "Strategy": "Sorted", "Partial Mode": "Finalize", "Parent Relationship": "Outer", "Parallel Aware": false, "Startup Cost": 2129677.29, "Total Cost": 2129680.35, "Plan Rows": 6, "Plan Width": 236, "Group Key": ["l_returnflag", "l_linestatus"], "Plans": [{"Node Type": "Gather Merge", "Parent Relationship": "Outer", "Parallel Aware": false, "Startup Cost": 2129677.29, "Total Cost": 2129679.42, "Plan Rows": 18, "Plan Width": 236, "Workers Planned": 3, "Plans": [{"Node Type": "Sort", "Parent Relationship": "Outer", "Parallel Aware": false, "Startup Cost": 2128677.25, "Total Cost": 2128677.27, "Plan Rows": 6, "Plan Width": 236, "Sort Key": ["l_returnflag", "l_linestatus"], "Plans": [{"Node Type": "Aggregate", "Strategy": "Hashed", "Partial Mode": "Partial", "Parent Relationship": "Outer", "Parallel Aware": false, "Startup Cost": 2128677.01, "Total Cost": 2128677.17, "Plan Rows": 6, "Plan Width": 236, "Group Key": ["l_returnflag", "l_linestatus"], "Plans": [{"Node Type": "Seq Scan", "Parent Relationship": "Outer", "Parallel Aware": true, "Relation Name": "lineitem", "Alias": "lineitem", "Startup Cost": 0.0, "Total Cost": 1366420.13, "Plan Rows": 19056422, "Plan Width": 25, "Filter": "(l_shipdate <= '1998-08-29 00:00:00'::timestamp without time zone)"}]}]}]}]}]}}, {"Plan": {"Node Type": "Limit", "Parallel Aware": false, "Startup Cost": 2837607.56, "Total Cost": 2837608.07, "Plan Rows": 1, "Plan Width": 236, "Plans": [{"Node Type": "Aggregate", "Strategy": "Sorted", "Partial Mode": "Finalize", "Parent Relationship": "Outer", "Parallel Aware": false, "Startup Cost": 2837607.56, "Total Cost": 2837610.62, "Plan Rows": 6, "Plan Width": 236, "Group Key": ["l_returnflag", "l_linestatus"], "Plans": [{"Node Type": "Gather Merge", "Parent Relationship": "Outer", "Parallel Aware": false, "Startup Cost": 2837607.56, "Total Cost": 2837609.69, "Plan Rows": 18, "Plan Width": 236, "Workers Planned": 3, "Plans": [{"Node Type": "Sort", "Parent Relationship": "Outer", "Parallel Aware": false, "Startup Cost": 2836607.52, "Total Cost": 2836607.54, "Plan Rows": 6, "Plan Width": 236, "Sort Key": ["l_returnflag", "l_linestatus"], "Plans": [{"Node Type": "Aggregate", "Strategy": "Hashed", "Partial Mode": "Partial", "Parent Relationship": "Outer", "Parallel Aware": false, "Startup Cost": 2836607.28, "Total Cost": 2836607.44, "Plan Rows": 6, "Plan Width": 236, "Group Key": ["l_returnflag", "l_linestatus"], "Plans": [{"Node Type": "Bitmap Heap Scan", "Parent Relationship": "Outer", "Parallel Aware": true, "Relation Name": "lineitem", "Alias": "lineitem", "Startup Cost": 708386.89, "Total Cost": 2074350.4, "Plan Rows": 19056422, "Plan Width": 25, "Recheck Cond": "(l_shipdate <= '1998-08-29 00:00:00'::timestamp without time zone)", "Plans": [{"Node Type": "Bitmap Index Scan", "Parent Relationship": "Outer", "Parallel Aware": false, "Index Name": "idx_lineitem_shipdate", "Startup Cost": 0.0, "Total Cost": 693618.17, "Plan Rows": 59074907, "Plan Width": 0, "Index Cond": "(l_shipdate <= '1998-08-29 00:00:00'::timestamp without time zone)"}]}]}]}]}]}]}}, {"Plan": {"Node Type": "Limit", "Parallel Aware": false, "Startup Cost": 2129677.29, "Total Cost": 2129677.8, "Plan Rows": 1, "Plan Width": 236, "Plans": [{"Node Type": "Aggregate", "Strategy": "Sorted", "Partial Mode": "Finalize", "Parent Relationship": "Outer", "Parallel Aware": false, "Startup Cost": 2129677.29, "Total Cost": 2129680.35, "Plan Rows": 6, "Plan Width": 236, "Group Key": ["l_returnflag", "l_linestatus"], "Plans": [{"Node Type": "Gather Merge", "Parent Relationship": "Outer", "Parallel Aware": false, "Startup Cost": 2129677.29, "Total Cost": 2129679.42, "Plan Rows": 18, "Plan Width": 236, "Workers Planned": 3, "Plans": [{"Node Type": "Sort", "Parent Relationship": "Outer", "Parallel Aware": false, "Startup Cost": 2128677.25, "Total Cost": 2128677.27, "Plan Rows": 6, "Plan Width": 236, "Sort Key": ["l_returnflag", "l_linestatus"], "Plans": [{"Node Type": "Aggregate", "Strategy": "Hashed", "Partial Mode": "Partial", "Parent Relationship": "Outer", "Parallel Aware": false, "Startup Cost": 2128677.01, "Total Cost": 2128677.17, "Plan Rows": 6, "Plan Width": 236, "Group Key": ["l_returnflag", "l_linestatus"], "Plans": [{"Node Type": "Seq Scan", "Parent Relationship": "Outer", "Parallel Aware": true, "Relation Name": "lineitem", "Alias": "lineitem", "Startup Cost": 0.0, "Total Cost": 1366420.13, "Plan Rows": 19056422, "Plan Width": 25, "Filter": "(l_shipdate <= '1998-08-29 00:00:00'::timestamp without time zone)"}]}]}]}]}]}}, {"Plan": {"Node Type": "Limit", "Parallel Aware": false, "Startup Cost": 2129677.29, "Total Cost": 2129677.8, "Plan Rows": 1, "Plan Width": 236, "Plans": [{"Node Type": "Aggregate", "Strategy": "Sorted", "Partial Mode": "Finalize", "Parent Relationship": "Outer", "Parallel Aware": false, "Startup Cost": 2129677.29, "Total Cost": 2129680.35, "Plan Rows": 6, "Plan Width": 236, "Group Key": ["l_returnflag", "l_linestatus"], "Plans": [{"Node Type": "Gather Merge", "Parent Relationship": "Outer", "Parallel Aware": false, "Startup Cost": 2129677.29, "Total Cost": 2129679.42, "Plan Rows": 18, "Plan Width": 236, "Workers Planned": 3, "Plans": [{"Node Type": "Sort", "Parent Relationship": "Outer", "Parallel Aware": false, "Startup Cost": 2128677.25, "Total Cost": 2128677.27, "Plan Rows": 6, "Plan Width": 236, "Sort Key": ["l_returnflag", "l_linestatus"], "Plans": [{"Node Type": "Aggregate", "Strategy": "Hashed", "Partial Mode": "Partial", "Parent Relationship": "Outer", "Parallel Aware": false, "Startup Cost": 2128677.01, "Total Cost": 2128677.17, "Plan Rows": 6, "Plan Width": 236, "Group Key": ["l_returnflag", "l_linestatus"], "Plans": [{"Node Type": "Seq Scan", "Parent Relationship": "Outer", "Parallel Aware": true, "Relation Name": "lineitem", "Alias": "lineitem", "Startup Cost": 0.0, "Total Cost": 1366420.13, "Plan Rows": 19056422, "Plan Width": 25, "Filter": "(l_shipdate <= '1998-08-29 00:00:00'::timestamp without time zone)"}]}]}]}]}]}}, {"Plan": {"Node Type": "Limit", "Parallel Aware": false, "Startup Cost": 2837607.56, "Total Cost": 2837608.07, "Plan Rows": 1, "Plan Width": 236, "Plans": [{"Node Type": "Aggregate", "Strategy": "Sorted", "Partial Mode": "Finalize", "Parent Relationship": "Outer", "Parallel Aware": false, "Startup Cost": 2837607.56, "Total Cost": 2837610.62, "Plan Rows": 6, "Plan Width": 236, "Group Key": ["l_returnflag", "l_linestatus"], "Plans": [{"Node Type": "Gather Merge", "Parent Relationship": "Outer", "Parallel Aware": false, "Startup Cost": 2837607.56, "Total Cost": 2837609.69, "Plan Rows": 18, "Plan Width": 236, "Workers Planned": 3, "Plans": [{"Node Type": "Sort", "Parent Relationship": "Outer", "Parallel Aware": false, "Startup Cost": 2836607.52, "Total Cost": 2836607.54, "Plan Rows": 6, "Plan Width": 236, "Sort Key": ["l_returnflag", "l_linestatus"], "Plans": [{"Node Type": "Aggregate", "Strategy": "Hashed", "Partial Mode": "Partial", "Parent Relationship": "Outer", "Parallel Aware": false, "Startup Cost": 2836607.28, "Total Cost": 2836607.44, "Plan Rows": 6, "Plan Width": 236, "Group Key": ["l_returnflag", "l_linestatus"], "Plans": [{"Node Type": "Bitmap Heap Scan", "Parent Relationship": "Outer", "Parallel Aware": true, "Relation Name": "lineitem", "Alias": "lineitem", "Startup Cost": 708386.89, "Total Cost": 2074350.4, "Plan Rows": 19056422, "Plan Width": 25, "Recheck Cond": "(l_shipdate <= '1998-08-29 00:00:00'::timestamp without time zone)", "Plans": [{"Node Type": "Bitmap Index Scan", "Parent Relationship": "Outer", "Parallel Aware": false, "Index Name": "idx_lineitem_shipdate", "Startup Cost": 0.0, "Total Cost": 693618.17, "Plan Rows": 59074907, "Plan Width": 0, "Index Cond": "(l_shipdate <= '1998-08-29 00:00:00'::timestamp without time zone)"}]}]}]}]}]}]}}, {"Plan": {"Node Type": "Limit", "Parallel Aware": false, "Startup Cost": 2837607.56, "Total Cost": 2837608.07, "Plan Rows": 1, "Plan Width": 236, "Plans": [{"Node Type": "Aggregate", "Strategy": "Sorted", "Partial Mode": "Finalize", "Parent Relationship": "Outer", "Parallel Aware": false, "Startup Cost": 2837607.56, "Total Cost": 2837610.62, "Plan Rows": 6, "Plan Width": 236, "Group Key": ["l_returnflag", "l_linestatus"], "Plans": [{"Node Type": "Gather Merge", "Parent Relationship": "Outer", "Parallel Aware": false, "Startup Cost": 2837607.56, "Total Cost": 2837609.69, "Plan Rows": 18, "Plan Width": 236, "Workers Planned": 3, "Plans": [{"Node Type": "Sort", "Parent Relationship": "Outer", "Parallel Aware": false, "Startup Cost": 2836607.52, "Total Cost": 2836607.54, "Plan Rows": 6, "Plan Width": 236, "Sort Key": ["l_returnflag", "l_linestatus"], "Plans": [{"Node Type": "Aggregate", "Strategy": "Hashed", "Partial Mode": "Partial", "Parent Relationship": "Outer", "Parallel Aware": false, "Startup Cost": 2836607.28, "Total Cost": 2836607.44, "Plan Rows": 6, "Plan Width": 236, "Group Key": ["l_returnflag", "l_linestatus"], "Plans": [{"Node Type": "Bitmap Heap Scan", "Parent Relationship": "Outer", "Parallel Aware": true, "Relation Name": "lineitem", "Alias": "lineitem", "Startup Cost": 708386.89, "Total Cost": 2074350.4, "Plan Rows": 19056422, "Plan Width": 25, "Recheck Cond": "(l_shipdate <= '1998-08-29 00:00:00'::timestamp without time zone)", "Plans": [{"Node Type": "Bitmap Index Scan", "Parent Relationship": "Outer", "Parallel Aware": false, "Index Name": "idx_lineitem_shipdate", "Startup Cost": 0.0, "Total Cost": 693618.17, "Plan Rows": 59074907, "Plan Width": 0, "Index Cond": "(l_shipdate <= '1998-08-29 00:00:00'::timestamp without time zone)"}]}]}]}]}]}]}}, {"Plan": {"Node Type": "Limit", "Parallel Aware": false, "Startup Cost": 2129677.29, "Total Cost": 2129677.8, "Plan Rows": 1, "Plan Width": 236, "Plans": [{"Node Type": "Aggregate", "Strategy": "Sorted", "Partial Mode": "Finalize", "Parent Relationship": "Outer", "Parallel Aware": false, "Startup Cost": 2129677.29, "Total Cost": 2129680.35, "Plan Rows": 6, "Plan Width": 236, "Group Key": ["l_returnflag", "l_linestatus"], "Plans": [{"Node Type": "Gather Merge", "Parent Relationship": "Outer", "Parallel Aware": false, "Startup Cost": 2129677.29, "Total Cost": 2129679.42, "Plan Rows": 18, "Plan Width": 236, "Workers Planned": 3, "Plans": [{"Node Type": "Sort", "Parent Relationship": "Outer", "Parallel Aware": false, "Startup Cost": 2128677.25, "Total Cost": 2128677.27, "Plan Rows": 6, "Plan Width": 236, "Sort Key": ["l_returnflag", "l_linestatus"], "Plans": [{"Node Type": "Aggregate", "Strategy": "Hashed", "Partial Mode": "Partial", "Parent Relationship": "Outer", "Parallel Aware": false, "Startup Cost": 2128677.01, "Total Cost": 2128677.17, "Plan Rows": 6, "Plan Width": 236, "Group Key": ["l_returnflag", "l_linestatus"], "Plans": [{"Node Type": "Seq Scan", "Parent Relationship": "Outer", "Parallel Aware": true, "Relation Name": "lineitem", "Alias": "lineitem", "Startup Cost": 0.0, "Total Cost": 1366420.13, "Plan Rows": 19056422, "Plan Width": 25, "Filter": "(l_shipdate <= '1998-08-29 00:00:00'::timestamp without time zone)"}]}]}]}]}]}}, {"Plan": {"Node Type": "Limit", "Parallel Aware": false, "Startup Cost": 2129677.29, "Total Cost": 2129677.8, "Plan Rows": 1, "Plan Width": 236, "Plans": [{"Node Type": "Aggregate", "Strategy": "Sorted", "Partial Mode": "Finalize", "Parent Relationship": "Outer", "Parallel Aware": false, "Startup Cost": 2129677.29, "Total Cost": 2129680.35, "Plan Rows": 6, "Plan Width": 236, "Group Key": ["l_returnflag", "l_linestatus"], "Plans": [{"Node Type": "Gather Merge", "Parent Relationship": "Outer", "Parallel Aware": false, "Startup Cost": 2129677.29, "Total Cost": 2129679.42, "Plan Rows": 18, "Plan Width": 236, "Workers Planned": 3, "Plans": [{"Node Type": "Sort", "Parent Relationship": "Outer", "Parallel Aware": false, "Startup Cost": 2128677.25, "Total Cost": 2128677.27, "Plan Rows": 6, "Plan Width": 236, "Sort Key": ["l_returnflag", "l_linestatus"], "Plans": [{"Node Type": "Aggregate", "Strategy": "Hashed", "Partial Mode": "Partial", "Parent Relationship": "Outer", "Parallel Aware": false, "Startup Cost": 2128677.01, "Total Cost": 2128677.17, "Plan Rows": 6, "Plan Width": 236, "Group Key": ["l_returnflag", "l_linestatus"], "Plans": [{"Node Type": "Seq Scan", "Parent Relationship": "Outer", "Parallel Aware": true, "Relation Name": "lineitem", "Alias": "lineitem", "Startup Cost": 0.0, "Total Cost": 1366420.13, "Plan Rows": 19056422, "Plan Width": 25, "Filter": "(l_shipdate <= '1998-08-29 00:00:00'::timestamp without time zone)"}]}]}]}]}]}}, {"Plan": {"Node Type": "Limit", "Parallel Aware": false, "Startup Cost": 2837607.56, "Total Cost": 2837608.07, "Plan Rows": 1, "Plan Width": 236, "Plans": [{"Node Type": "Aggregate", "Strategy": "Sorted", "Partial Mode": "Finalize", "Parent Relationship": "Outer", "Parallel Aware": false, "Startup Cost": 2837607.56, "Total Cost": 2837610.62, "Plan Rows": 6, "Plan Width": 236, "Group Key": ["l_returnflag", "l_linestatus"], "Plans": [{"Node Type": "Gather Merge", "Parent Relationship": "Outer", "Parallel Aware": false, "Startup Cost": 2837607.56, "Total Cost": 2837609.69, "Plan Rows": 18, "Plan Width": 236, "Workers Planned": 3, "Plans": [{"Node Type": "Sort", "Parent Relationship": "Outer", "Parallel Aware": false, "Startup Cost": 2836607.52, "Total Cost": 2836607.54, "Plan Rows": 6, "Plan Width": 236, "Sort Key": ["l_returnflag", "l_linestatus"], "Plans": [{"Node Type": "Aggregate", "Strategy": "Hashed", "Partial Mode": "Partial", "Parent Relationship": "Outer", "Parallel Aware": false, "Startup Cost": 2836607.28, "Total Cost": 2836607.44, "Plan Rows": 6, "Plan Width": 236, "Group Key": ["l_returnflag", "l_linestatus"], "Plans": [{"Node Type": "Bitmap Heap Scan", "Parent Relationship": "Outer", "Parallel Aware": true, "Relation Name": "lineitem", "Alias": "lineitem", "Startup Cost": 708386.89, "Total Cost": 2074350.4, "Plan Rows": 19056422, "Plan Width": 25, "Recheck Cond": "(l_shipdate <= '1998-08-29 00:00:00'::timestamp without time zone)", "Plans": [{"Node Type": "Bitmap Index Scan", "Parent Relationship": "Outer", "Parallel Aware": false, "Index Name": "idx_lineitem_shipdate", "Startup Cost": 0.0, "Total Cost": 693618.17, "Plan Rows": 59074907, "Plan Width": 0, "Index Cond": "(l_shipdate <= '1998-08-29 00:00:00'::timestamp without time zone)"}]}]}]}]}]}]}}, {"Plan": {"Node Type": "Limit", "Parallel Aware": false, "Startup Cost": 2129677.29, "Total Cost": 2129677.8, "Plan Rows": 1, "Plan Width": 236, "Plans": [{"Node Type": "Aggregate", "Strategy": "Sorted", "Partial Mode": "Finalize", "Parent Relationship": "Outer", "Parallel Aware": false, "Startup Cost": 2129677.29, "Total Cost": 2129680.35, "Plan Rows": 6, "Plan Width": 236, "Group Key": ["l_returnflag", "l_linestatus"], "Plans": [{"Node Type": "Gather Merge", "Parent Relationship": "Outer", "Parallel Aware": false, "Startup Cost": 2129677.29, "Total Cost": 2129679.42, "Plan Rows": 18, "Plan Width": 236, "Workers Planned": 3, "Plans": [{"Node Type": "Sort", "Parent Relationship": "Outer", "Parallel Aware": false, "Startup Cost": 2128677.25, "Total Cost": 2128677.27, "Plan Rows": 6, "Plan Width": 236, "Sort Key": ["l_returnflag", "l_linestatus"], "Plans": [{"Node Type": "Aggregate", "Strategy": "Hashed", "Partial Mode": "Partial", "Parent Relationship": "Outer", "Parallel Aware": false, "Startup Cost": 2128677.01, "Total Cost": 2128677.17, "Plan Rows": 6, "Plan Width": 236, "Group Key": ["l_returnflag", "l_linestatus"], "Plans": [{"Node Type": "Seq Scan", "Parent Relationship": "Outer", "Parallel Aware": true, "Relation Name": "lineitem", "Alias": "lineitem", "Startup Cost": 0.0, "Total Cost": 1366420.13, "Plan Rows": 19056422, "Plan Width": 25, "Filter": "(l_shipdate <= '1998-08-29 00:00:00'::timestamp without time zone)"}]}]}]}]}]}}, {"Plan": {"Node Type": "Limit", "Parallel Aware": false, "Startup Cost": 2129677.29, "Total Cost": 2129677.8, "Plan Rows": 1, "Plan Width": 236, "Plans": [{"Node Type": "Aggregate", "Strategy": "Sorted", "Partial Mode": "Finalize", "Parent Relationship": "Outer", "Parallel Aware": false, "Startup Cost": 2129677.29, "Total Cost": 2129680.35, "Plan Rows": 6, "Plan Width": 236, "Group Key": ["l_returnflag", "l_linestatus"], "Plans": [{"Node Type": "Gather Merge", "Parent Relationship": "Outer", "Parallel Aware": false, "Startup Cost": 2129677.29, "Total Cost": 2129679.42, "Plan Rows": 18, "Plan Width": 236, "Workers Planned": 3, "Plans": [{"Node Type": "Sort", "Parent Relationship": "Outer", "Parallel Aware": false, "Startup Cost": 2128677.25, "Total Cost": 2128677.27, "Plan Rows": 6, "Plan Width": 236, "Sort Key": ["l_returnflag", "l_linestatus"], "Plans": [{"Node Type": "Aggregate", "Strategy": "Hashed", "Partial Mode": "Partial", "Parent Relationship": "Outer", "Parallel Aware": false, "Startup Cost": 2128677.01, "Total Cost": 2128677.17, "Plan Rows": 6, "Plan Width": 236, "Group Key": ["l_returnflag", "l_linestatus"], "Plans": [{"Node Type": "Seq Scan", "Parent Relationship": "Outer", "Parallel Aware": true, "Relation Name": "lineitem", "Alias": "lineitem", "Startup Cost": 0.0, "Total Cost": 1366420.13, "Plan Rows": 19056422, "Plan Width": 25, "Filter": "(l_shipdate <= '1998-08-29 00:00:00'::timestamp without time zone)"}]}]}]}]}]}}, {"Plan": {"Node Type": "Limit", "Parallel Aware": false, "Startup Cost": 2837607.56, "Total Cost": 2837608.07, "Plan Rows": 1, "Plan Width": 236, "Plans": [{"Node Type": "Aggregate", "Strategy": "Sorted", "Partial Mode": "Finalize", "Parent Relationship": "Outer", "Parallel Aware": false, "Startup Cost": 2837607.56, "Total Cost": 2837610.62, "Plan Rows": 6, "Plan Width": 236, "Group Key": ["l_returnflag", "l_linestatus"], "Plans": [{"Node Type": "Gather Merge", "Parent Relationship": "Outer", "Parallel Aware": false, "Startup Cost": 2837607.56, "Total Cost": 2837609.69, "Plan Rows": 18, "Plan Width": 236, "Workers Planned": 3, "Plans": [{"Node Type": "Sort", "Parent Relationship": "Outer", "Parallel Aware": false, "Startup Cost": 2836607.52, "Total Cost": 2836607.54, "Plan Rows": 6, "Plan Width": 236, "Sort Key": ["l_returnflag", "l_linestatus"], "Plans": [{"Node Type": "Aggregate", "Strategy": "Hashed", "Partial Mode": "Partial", "Parent Relationship": "Outer", "Parallel Aware": false, "Startup Cost": 2836607.28, "Total Cost": 2836607.44, "Plan Rows": 6, "Plan Width": 236, "Group Key": ["l_returnflag", "l_linestatus"], "Plans": [{"Node Type": "Bitmap Heap Scan", "Parent Relationship": "Outer", "Parallel Aware": true, "Relation Name": "lineitem", "Alias": "lineitem", "Startup Cost": 708386.89, "Total Cost": 2074350.4, "Plan Rows": 19056422, "Plan Width": 25, "Recheck Cond": "(l_shipdate <= '1998-08-29 00:00:00'::timestamp without time zone)", "Plans": [{"Node Type": "Bitmap Index Scan", "Parent Relationship": "Outer", "Parallel Aware": false, "Index Name": "idx_lineitem_shipdate", "Startup Cost": 0.0, "Total Cost": 693618.17, "Plan Rows": 59074907, "Plan Width": 0, "Index Cond": "(l_shipdate <= '1998-08-29 00:00:00'::timestamp without time zone)"}]}]}]}]}]}]}}, {"Plan": {"Node Type": "Limit", "Parallel Aware": false, "Startup Cost": 2837607.56, "Total Cost": 2837608.07, "Plan Rows": 1, "Plan Width": 236, "Plans": [{"Node Type": "Aggregate", "Strategy": "Sorted", "Partial Mode": "Finalize", "Parent Relationship": "Outer", "Parallel Aware": false, "Startup Cost": 2837607.56, "Total Cost": 2837610.62, "Plan Rows": 6, "Plan Width": 236, "Group Key": ["l_returnflag", "l_linestatus"], "Plans": [{"Node Type": "Gather Merge", "Parent Relationship": "Outer", "Parallel Aware": false, "Startup Cost": 2837607.56, "Total Cost": 2837609.69, "Plan Rows": 18, "Plan Width": 236, "Workers Planned": 3, "Plans": [{"Node Type": "Sort", "Parent Relationship": "Outer", "Parallel Aware": false, "Startup Cost": 2836607.52, "Total Cost": 2836607.54, "Plan Rows": 6, "Plan Width": 236, "Sort Key": ["l_returnflag", "l_linestatus"], "Plans": [{"Node Type": "Aggregate", "Strategy": "Hashed", "Partial Mode": "Partial", "Parent Relationship": "Outer", "Parallel Aware": false, "Startup Cost": 2836607.28, "Total Cost": 2836607.44, "Plan Rows": 6, "Plan Width": 236, "Group Key": ["l_returnflag", "l_linestatus"], "Plans": [{"Node Type": "Bitmap Heap Scan", "Parent Relationship": "Outer", "Parallel Aware": true, "Relation Name": "lineitem", "Alias": "lineitem", "Startup Cost": 708386.89, "Total Cost": 2074350.4, "Plan Rows": 19056422, "Plan Width": 25, "Recheck Cond": "(l_shipdate <= '1998-08-29 00:00:00'::timestamp without time zone)", "Plans": [{"Node Type": "Bitmap Index Scan", "Parent Relationship": "Outer", "Parallel Aware": false, "Index Name": "idx_lineitem_shipdate", "Startup Cost": 0.0, "Total Cost": 693618.17, "Plan Rows": 59074907, "Plan Width": 0, "Index Cond": "(l_shipdate <= '1998-08-29 00:00:00'::timestamp without time zone)"}]}]}]}]}]}]}}, {"Plan": {"Node Type": "Limit", "Parallel Aware": false, "Startup Cost": 2837607.56, "Total Cost": 2837608.07, "Plan Rows": 1, "Plan Width": 236, "Plans": [{"Node Type": "Aggregate", "Strategy": "Sorted", "Partial Mode": "Finalize", "Parent Relationship": "Outer", "Parallel Aware": false, "Startup Cost": 2837607.56, "Total Cost": 2837610.62, "Plan Rows": 6, "Plan Width": 236, "Group Key": ["l_returnflag", "l_linestatus"], "Plans": [{"Node Type": "Gather Merge", "Parent Relationship": "Outer", "Parallel Aware": false, "Startup Cost": 2837607.56, "Total Cost": 2837609.69, "Plan Rows": 18, "Plan Width": 236, "Workers Planned": 3, "Plans": [{"Node Type": "Sort", "Parent Relationship": "Outer", "Parallel Aware": false, "Startup Cost": 2836607.52, "Total Cost": 2836607.54, "Plan Rows": 6, "Plan Width": 236, "Sort Key": ["l_returnflag", "l_linestatus"], "Plans": [{"Node Type": "Aggregate", "Strategy": "Hashed", "Partial Mode": "Partial", "Parent Relationship": "Outer", "Parallel Aware": false, "Startup Cost": 2836607.28, "Total Cost": 2836607.44, "Plan Rows": 6, "Plan Width": 236, "Group Key": ["l_returnflag", "l_linestatus"], "Plans": [{"Node Type": "Bitmap Heap Scan", "Parent Relationship": "Outer", "Parallel Aware": true, "Relation Name": "lineitem", "Alias": "lineitem", "Startup Cost": 708386.89, "Total Cost": 2074350.4, "Plan Rows": 19056422, "Plan Width": 25, "Recheck Cond": "(l_shipdate <= '1998-08-29 00:00:00'::timestamp without time zone)", "Plans": [{"Node Type": "Bitmap Index Scan", "Parent Relationship": "Outer", "Parallel Aware": false, "Index Name": "idx_lineitem_shipdate", "Startup Cost": 0.0, "Total Cost": 693618.17, "Plan Rows": 59074907, "Plan Width": 0, "Index Cond": "(l_shipdate <= '1998-08-29 00:00:00'::timestamp without time zone)"}]}]}]}]}]}]}}, {"Plan": {"Node Type": "Limit", "Parallel Aware": false, "Startup Cost": 2129677.29, "Total Cost": 2129677.8, "Plan Rows": 1, "Plan Width": 236, "Plans": [{"Node Type": "Aggregate", "Strategy": "Sorted", "Partial Mode": "Finalize", "Parent Relationship": "Outer", "Parallel Aware": false, "Startup Cost": 2129677.29, "Total Cost": 2129680.35, "Plan Rows": 6, "Plan Width": 236, "Group Key": ["l_returnflag", "l_linestatus"], "Plans": [{"Node Type": "Gather Merge", "Parent Relationship": "Outer", "Parallel Aware": false, "Startup Cost": 2129677.29, "Total Cost": 2129679.42, "Plan Rows": 18, "Plan Width": 236, "Workers Planned": 3, "Plans": [{"Node Type": "Sort", "Parent Relationship": "Outer", "Parallel Aware": false, "Startup Cost": 2128677.25, "Total Cost": 2128677.27, "Plan Rows": 6, "Plan Width": 236, "Sort Key": ["l_returnflag", "l_linestatus"], "Plans": [{"Node Type": "Aggregate", "Strategy": "Hashed", "Partial Mode": "Partial", "Parent Relationship": "Outer", "Parallel Aware": false, "Startup Cost": 2128677.01, "Total Cost": 2128677.17, "Plan Rows": 6, "Plan Width": 236, "Group Key": ["l_returnflag", "l_linestatus"], "Plans": [{"Node Type": "Seq Scan", "Parent Relationship": "Outer", "Parallel Aware": true, "Relation Name": "lineitem", "Alias": "lineitem", "Startup Cost": 0.0, "Total Cost": 1366420.13, "Plan Rows": 19056422, "Plan Width": 25, "Filter": "(l_shipdate <= '1998-08-29 00:00:00'::timestamp without time zone)"}]}]}]}]}]}}, {"Plan": {"Node Type": "Limit", "Parallel Aware": false, "Startup Cost": 2129677.29, "Total Cost": 2129677.8, "Plan Rows": 1, "Plan Width": 236, "Plans": [{"Node Type": "Aggregate", "Strategy": "Sorted", "Partial Mode": "Finalize", "Parent Relationship": "Outer", "Parallel Aware": false, "Startup Cost": 2129677.29, "Total Cost": 2129680.35, "Plan Rows": 6, "Plan Width": 236, "Group Key": ["l_returnflag", "l_linestatus"], "Plans": [{"Node Type": "Gather Merge", "Parent Relationship": "Outer", "Parallel Aware": false, "Startup Cost": 2129677.29, "Total Cost": 2129679.42, "Plan Rows": 18, "Plan Width": 236, "Workers Planned": 3, "Plans": [{"Node Type": "Sort", "Parent Relationship": "Outer", "Parallel Aware": false, "Startup Cost": 2128677.25, "Total Cost": 2128677.27, "Plan Rows": 6, "Plan Width": 236, "Sort Key": ["l_returnflag", "l_linestatus"], "Plans": [{"Node Type": "Aggregate", "Strategy": "Hashed", "Partial Mode": "Partial", "Parent Relationship": "Outer", "Parallel Aware": false, "Startup Cost": 2128677.01, "Total Cost": 2128677.17, "Plan Rows": 6, "Plan Width": 236, "Group Key": ["l_returnflag", "l_linestatus"], "Plans": [{"Node Type": "Seq Scan", "Parent Relationship": "Outer", "Parallel Aware": true, "Relation Name": "lineitem", "Alias": "lineitem", "Startup Cost": 0.0, "Total Cost": 1366420.13, "Plan Rows": 19056422, "Plan Width": 25, "Filter": "(l_shipdate <= '1998-08-29 00:00:00'::timestamp without time zone)"}]}]}]}]}]}}, {"Plan": {"Node Type": "Limit", "Parallel Aware": false, "Startup Cost": 2837607.56, "Total Cost": 2837608.07, "Plan Rows": 1, "Plan Width": 236, "Plans": [{"Node Type": "Aggregate", "Strategy": "Sorted", "Partial Mode": "Finalize", "Parent Relationship": "Outer", "Parallel Aware": false, "Startup Cost": 2837607.56, "Total Cost": 2837610.62, "Plan Rows": 6, "Plan Width": 236, "Group Key": ["l_returnflag", "l_linestatus"], "Plans": [{"Node Type": "Gather Merge", "Parent Relationship": "Outer", "Parallel Aware": false, "Startup Cost": 2837607.56, "Total Cost": 2837609.69, "Plan Rows": 18, "Plan Width": 236, "Workers Planned": 3, "Plans": [{"Node Type": "Sort", "Parent Relationship": "Outer", "Parallel Aware": false, "Startup Cost": 2836607.52, "Total Cost": 2836607.54, "Plan Rows": 6, "Plan Width": 236, "Sort Key": ["l_returnflag", "l_linestatus"], "Plans": [{"Node Type": "Aggregate", "Strategy": "Hashed", "Partial Mode": "Partial", "Parent Relationship": "Outer", "Parallel Aware": false, "Startup Cost": 2836607.28, "Total Cost": 2836607.44, "Plan Rows": 6, "Plan Width": 236, "Group Key": ["l_returnflag", "l_linestatus"], "Plans": [{"Node Type": "Bitmap Heap Scan", "Parent Relationship": "Outer", "Parallel Aware": true, "Relation Name": "lineitem", "Alias": "lineitem", "Startup Cost": 708386.89, "Total Cost": 2074350.4, "Plan Rows": 19056422, "Plan Width": 25, "Recheck Cond": "(l_shipdate <= '1998-08-29 00:00:00'::timestamp without time zone)", "Plans": [{"Node Type": "Bitmap Index Scan", "Parent Relationship": "Outer", "Parallel Aware": false, "Index Name": "idx_lineitem_shipdate", "Startup Cost": 0.0, "Total Cost": 693618.17, "Plan Rows": 59074907, "Plan Width": 0, "Index Cond": "(l_shipdate <= '1998-08-29 00:00:00'::timestamp without time zone)"}]}]}]}]}]}]}}, {"Plan": {"Node Type": "Limit", "Parallel Aware": false, "Startup Cost": 2129677.29, "Total Cost": 2129677.8, "Plan Rows": 1, "Plan Width": 236, "Plans": [{"Node Type": "Aggregate", "Strategy": "Sorted", "Partial Mode": "Finalize", "Parent Relationship": "Outer", "Parallel Aware": false, "Startup Cost": 2129677.29, "Total Cost": 2129680.35, "Plan Rows": 6, "Plan Width": 236, "Group Key": ["l_returnflag", "l_linestatus"], "Plans": [{"Node Type": "Gather Merge", "Parent Relationship": "Outer", "Parallel Aware": false, "Startup Cost": 2129677.29, "Total Cost": 2129679.42, "Plan Rows": 18, "Plan Width": 236, "Workers Planned": 3, "Plans": [{"Node Type": "Sort", "Parent Relationship": "Outer", "Parallel Aware": false, "Startup Cost": 2128677.25, "Total Cost": 2128677.27, "Plan Rows": 6, "Plan Width": 236, "Sort Key": ["l_returnflag", "l_linestatus"], "Plans": [{"Node Type": "Aggregate", "Strategy": "Hashed", "Partial Mode": "Partial", "Parent Relationship": "Outer", "Parallel Aware": false, "Startup Cost": 2128677.01, "Total Cost": 2128677.17, "Plan Rows": 6, "Plan Width": 236, "Group Key": ["l_returnflag", "l_linestatus"], "Plans": [{"Node Type": "Seq Scan", "Parent Relationship": "Outer", "Parallel Aware": true, "Relation Name": "lineitem", "Alias": "lineitem", "Startup Cost": 0.0, "Total Cost": 1366420.13, "Plan Rows": 19056422, "Plan Width": 25, "Filter": "(l_shipdate <= '1998-08-29 00:00:00'::timestamp without time zone)"}]}]}]}]}]}}, {"Plan": {"Node Type": "Limit", "Parallel Aware": false, "Startup Cost": 2129677.29, "Total Cost": 2129677.8, "Plan Rows": 1, "Plan Width": 236, "Plans": [{"Node Type": "Aggregate", "Strategy": "Sorted", "Partial Mode": "Finalize", "Parent Relationship": "Outer", "Parallel Aware": false, "Startup Cost": 2129677.29, "Total Cost": 2129680.35, "Plan Rows": 6, "Plan Width": 236, "Group Key": ["l_returnflag", "l_linestatus"], "Plans": [{"Node Type": "Gather Merge", "Parent Relationship": "Outer", "Parallel Aware": false, "Startup Cost": 2129677.29, "Total Cost": 2129679.42, "Plan Rows": 18, "Plan Width": 236, "Workers Planned": 3, "Plans": [{"Node Type": "Sort", "Parent Relationship": "Outer", "Parallel Aware": false, "Startup Cost": 2128677.25, "Total Cost": 2128677.27, "Plan Rows": 6, "Plan Width": 236, "Sort Key": ["l_returnflag", "l_linestatus"], "Plans": [{"Node Type": "Aggregate", "Strategy": "Hashed", "Partial Mode": "Partial", "Parent Relationship": "Outer", "Parallel Aware": false, "Startup Cost": 2128677.01, "Total Cost": 2128677.17, "Plan Rows": 6, "Plan Width": 236, "Group Key": ["l_returnflag", "l_linestatus"], "Plans": [{"Node Type": "Seq Scan", "Parent Relationship": "Outer", "Parallel Aware": true, "Relation Name": "lineitem", "Alias": "lineitem", "Startup Cost": 0.0, "Total Cost": 1366420.13, "Plan Rows": 19056422, "Plan Width": 25, "Filter": "(l_shipdate <= '1998-08-29 00:00:00'::timestamp without time zone)"}]}]}]}]}]}}, {"Plan": {"Node Type": "Limit", "Parallel Aware": false, "Startup Cost": 2129677.29, "Total Cost": 2129677.8, "Plan Rows": 1, "Plan Width": 236, "Plans": [{"Node Type": "Aggregate", "Strategy": "Sorted", "Partial Mode": "Finalize", "Parent Relationship": "Outer", "Parallel Aware": false, "Startup Cost": 2129677.29, "Total Cost": 2129680.35, "Plan Rows": 6, "Plan Width": 236, "Group Key": ["l_returnflag", "l_linestatus"], "Plans": [{"Node Type": "Gather Merge", "Parent Relationship": "Outer", "Parallel Aware": false, "Startup Cost": 2129677.29, "Total Cost": 2129679.42, "Plan Rows": 18, "Plan Width": 236, "Workers Planned": 3, "Plans": [{"Node Type": "Sort", "Parent Relationship": "Outer", "Parallel Aware": false, "Startup Cost": 2128677.25, "Total Cost": 2128677.27, "Plan Rows": 6, "Plan Width": 236, "Sort Key": ["l_returnflag", "l_linestatus"], "Plans": [{"Node Type": "Aggregate", "Strategy": "Hashed", "Partial Mode": "Partial", "Parent Relationship": "Outer", "Parallel Aware": false, "Startup Cost": 2128677.01, "Total Cost": 2128677.17, "Plan Rows": 6, "Plan Width": 236, "Group Key": ["l_returnflag", "l_linestatus"], "Plans": [{"Node Type": "Seq Scan", "Parent Relationship": "Outer", "Parallel Aware": true, "Relation Name": "lineitem", "Alias": "lineitem", "Startup Cost": 0.0, "Total Cost": 1366420.13, "Plan Rows": 19056422, "Plan Width": 25, "Filter": "(l_shipdate <= '1998-08-29 00:00:00'::timestamp without time zone)"}]}]}]}]}]}}, {"Plan": {"Node Type": "Limit", "Parallel Aware": false, "Startup Cost": 2129677.29, "Total Cost": 2129677.8, "Plan Rows": 1, "Plan Width": 236, "Plans": [{"Node Type": "Aggregate", "Strategy": "Sorted", "Partial Mode": "Finalize", "Parent Relationship": "Outer", "Parallel Aware": false, "Startup Cost": 2129677.29, "Total Cost": 2129680.35, "Plan Rows": 6, "Plan Width": 236, "Group Key": ["l_returnflag", "l_linestatus"], "Plans": [{"Node Type": "Gather Merge", "Parent Relationship": "Outer", "Parallel Aware": false, "Startup Cost": 2129677.29, "Total Cost": 2129679.42, "Plan Rows": 18, "Plan Width": 236, "Workers Planned": 3, "Plans": [{"Node Type": "Sort", "Parent Relationship": "Outer", "Parallel Aware": false, "Startup Cost": 2128677.25, "Total Cost": 2128677.27, "Plan Rows": 6, "Plan Width": 236, "Sort Key": ["l_returnflag", "l_linestatus"], "Plans": [{"Node Type": "Aggregate", "Strategy": "Hashed", "Partial Mode": "Partial", "Parent Relationship": "Outer", "Parallel Aware": false, "Startup Cost": 2128677.01, "Total Cost": 2128677.17, "Plan Rows": 6, "Plan Width": 236, "Group Key": ["l_returnflag", "l_linestatus"], "Plans": [{"Node Type": "Seq Scan", "Parent Relationship": "Outer", "Parallel Aware": true, "Relation Name": "lineitem", "Alias": "lineitem", "Startup Cost": 0.0, "Total Cost": 1366420.13, "Plan Rows": 19056422, "Plan Width": 25, "Filter": "(l_shipdate <= '1998-08-29 00:00:00'::timestamp without time zone)"}]}]}]}]}]}}, {"Plan": {"Node Type": "Limit", "Parallel Aware": false, "Startup Cost": 2129677.29, "Total Cost": 2129677.8, "Plan Rows": 1, "Plan Width": 236, "Plans": [{"Node Type": "Aggregate", "Strategy": "Sorted", "Partial Mode": "Finalize", "Parent Relationship": "Outer", "Parallel Aware": false, "Startup Cost": 2129677.29, "Total Cost": 2129680.35, "Plan Rows": 6, "Plan Width": 236, "Group Key": ["l_returnflag", "l_linestatus"], "Plans": [{"Node Type": "Gather Merge", "Parent Relationship": "Outer", "Parallel Aware": false, "Startup Cost": 2129677.29, "Total Cost": 2129679.42, "Plan Rows": 18, "Plan Width": 236, "Workers Planned": 3, "Plans": [{"Node Type": "Sort", "Parent Relationship": "Outer", "Parallel Aware": false, "Startup Cost": 2128677.25, "Total Cost": 2128677.27, "Plan Rows": 6, "Plan Width": 236, "Sort Key": ["l_returnflag", "l_linestatus"], "Plans": [{"Node Type": "Aggregate", "Strategy": "Hashed", "Partial Mode": "Partial", "Parent Relationship": "Outer", "Parallel Aware": false, "Startup Cost": 2128677.01, "Total Cost": 2128677.17, "Plan Rows": 6, "Plan Width": 236, "Group Key": ["l_returnflag", "l_linestatus"], "Plans": [{"Node Type": "Seq Scan", "Parent Relationship": "Outer", "Parallel Aware": true, "Relation Name": "lineitem", "Alias": "lineitem", "Startup Cost": 0.0, "Total Cost": 1366420.13, "Plan Rows": 19056422, "Plan Width": 25, "Filter": "(l_shipdate <= '1998-08-29 00:00:00'::timestamp without time zone)"}]}]}]}]}]}}, {"Plan": {"Node Type": "Limit", "Parallel Aware": false, "Startup Cost": 2129677.29, "Total Cost": 2129677.8, "Plan Rows": 1, "Plan Width": 236, "Plans": [{"Node Type": "Aggregate", "Strategy": "Sorted", "Partial Mode": "Finalize", "Parent Relationship": "Outer", "Parallel Aware": false, "Startup Cost": 2129677.29, "Total Cost": 2129680.35, "Plan Rows": 6, "Plan Width": 236, "Group Key": ["l_returnflag", "l_linestatus"], "Plans": [{"Node Type": "Gather Merge", "Parent Relationship": "Outer", "Parallel Aware": false, "Startup Cost": 2129677.29, "Total Cost": 2129679.42, "Plan Rows": 18, "Plan Width": 236, "Workers Planned": 3, "Plans": [{"Node Type": "Sort", "Parent Relationship": "Outer", "Parallel Aware": false, "Startup Cost": 2128677.25, "Total Cost": 2128677.27, "Plan Rows": 6, "Plan Width": 236, "Sort Key": ["l_returnflag", "l_linestatus"], "Plans": [{"Node Type": "Aggregate", "Strategy": "Hashed", "Partial Mode": "Partial", "Parent Relationship": "Outer", "Parallel Aware": false, "Startup Cost": 2128677.01, "Total Cost": 2128677.17, "Plan Rows": 6, "Plan Width": 236, "Group Key": ["l_returnflag", "l_linestatus"], "Plans": [{"Node Type": "Seq Scan", "Parent Relationship": "Outer", "Parallel Aware": true, "Relation Name": "lineitem", "Alias": "lineitem", "Startup Cost": 0.0, "Total Cost": 1366420.13, "Plan Rows": 19056422, "Plan Width": 25, "Filter": "(l_shipdate <= '1998-08-29 00:00:00'::timestamp without time zone)"}]}]}]}]}]}}, {"Plan": {"Node Type": "Limit", "Parallel Aware": false, "Startup Cost": 2837607.56, "Total Cost": 2837608.07, "Plan Rows": 1, "Plan Width": 236, "Plans": [{"Node Type": "Aggregate", "Strategy": "Sorted", "Partial Mode": "Finalize", "Parent Relationship": "Outer", "Parallel Aware": false, "Startup Cost": 2837607.56, "Total Cost": 2837610.62, "Plan Rows": 6, "Plan Width": 236, "Group Key": ["l_returnflag", "l_linestatus"], "Plans": [{"Node Type": "Gather Merge", "Parent Relationship": "Outer", "Parallel Aware": false, "Startup Cost": 2837607.56, "Total Cost": 2837609.69, "Plan Rows": 18, "Plan Width": 236, "Workers Planned": 3, "Plans": [{"Node Type": "Sort", "Parent Relationship": "Outer", "Parallel Aware": false, "Startup Cost": 2836607.52, "Total Cost": 2836607.54, "Plan Rows": 6, "Plan Width": 236, "Sort Key": ["l_returnflag", "l_linestatus"], "Plans": [{"Node Type": "Aggregate", "Strategy": "Hashed", "Partial Mode": "Partial", "Parent Relationship": "Outer", "Parallel Aware": false, "Startup Cost": 2836607.28, "Total Cost": 2836607.44, "Plan Rows": 6, "Plan Width": 236, "Group Key": ["l_returnflag", "l_linestatus"], "Plans": [{"Node Type": "Bitmap Heap Scan", "Parent Relationship": "Outer", "Parallel Aware": true, "Relation Name": "lineitem", "Alias": "lineitem", "Startup Cost": 708386.89, "Total Cost": 2074350.4, "Plan Rows": 19056422, "Plan Width": 25, "Recheck Cond": "(l_shipdate <= '1998-08-29 00:00:00'::timestamp without time zone)", "Plans": [{"Node Type": "Bitmap Index Scan", "Parent Relationship": "Outer", "Parallel Aware": false, "Index Name": "idx_lineitem_shipdate", "Startup Cost": 0.0, "Total Cost": 693618.17, "Plan Rows": 59074907, "Plan Width": 0, "Index Cond": "(l_shipdate <= '1998-08-29 00:00:00'::timestamp without time zone)"}]}]}]}]}]}]}}, {"Plan": {"Node Type": "Limit", "Parallel Aware": false, "Startup Cost": 2837607.56, "Total Cost": 2837608.07, "Plan Rows": 1, "Plan Width": 236, "Plans": [{"Node Type": "Aggregate", "Strategy": "Sorted", "Partial Mode": "Finalize", "Parent Relationship": "Outer", "Parallel Aware": false, "Startup Cost": 2837607.56, "Total Cost": 2837610.62, "Plan Rows": 6, "Plan Width": 236, "Group Key": ["l_returnflag", "l_linestatus"], "Plans": [{"Node Type": "Gather Merge", "Parent Relationship": "Outer", "Parallel Aware": false, "Startup Cost": 2837607.56, "Total Cost": 2837609.69, "Plan Rows": 18, "Plan Width": 236, "Workers Planned": 3, "Plans": [{"Node Type": "Sort", "Parent Relationship": "Outer", "Parallel Aware": false, "Startup Cost": 2836607.52, "Total Cost": 2836607.54, "Plan Rows": 6, "Plan Width": 236, "Sort Key": ["l_returnflag", "l_linestatus"], "Plans": [{"Node Type": "Aggregate", "Strategy": "Hashed", "Partial Mode": "Partial", "Parent Relationship": "Outer", "Parallel Aware": false, "Startup Cost": 2836607.28, "Total Cost": 2836607.44, "Plan Rows": 6, "Plan Width": 236, "Group Key": ["l_returnflag", "l_linestatus"], "Plans": [{"Node Type": "Bitmap Heap Scan", "Parent Relationship": "Outer", "Parallel Aware": true, "Relation Name": "lineitem", "Alias": "lineitem", "Startup Cost": 708386.89, "Total Cost": 2074350.4, "Plan Rows": 19056422, "Plan Width": 25, "Recheck Cond": "(l_shipdate <= '1998-08-29 00:00:00'::timestamp without time zone)", "Plans": [{"Node Type": "Bitmap Index Scan", "Parent Relationship": "Outer", "Parallel Aware": false, "Index Name": "idx_lineitem_shipdate", "Startup Cost": 0.0, "Total Cost": 693618.17, "Plan Rows": 59074907, "Plan Width": 0, "Index Cond": "(l_shipdate <= '1998-08-29 00:00:00'::timestamp without time zone)"}]}]}]}]}]}]}}, {"Plan": {"Node Type": "Limit", "Parallel Aware": false, "Startup Cost": 2129677.29, "Total Cost": 2129677.8, "Plan Rows": 1, "Plan Width": 236, "Plans": [{"Node Type": "Aggregate", "Strategy": "Sorted", "Partial Mode": "Finalize", "Parent Relationship": "Outer", "Parallel Aware": false, "Startup Cost": 2129677.29, "Total Cost": 2129680.35, "Plan Rows": 6, "Plan Width": 236, "Group Key": ["l_returnflag", "l_linestatus"], "Plans": [{"Node Type": "Gather Merge", "Parent Relationship": "Outer", "Parallel Aware": false, "Startup Cost": 2129677.29, "Total Cost": 2129679.42, "Plan Rows": 18, "Plan Width": 236, "Workers Planned": 3, "Plans": [{"Node Type": "Sort", "Parent Relationship": "Outer", "Parallel Aware": false, "Startup Cost": 2128677.25, "Total Cost": 2128677.27, "Plan Rows": 6, "Plan Width": 236, "Sort Key": ["l_returnflag", "l_linestatus"], "Plans": [{"Node Type": "Aggregate", "Strategy": "Hashed", "Partial Mode": "Partial", "Parent Relationship": "Outer", "Parallel Aware": false, "Startup Cost": 2128677.01, "Total Cost": 2128677.17, "Plan Rows": 6, "Plan Width": 236, "Group Key": ["l_returnflag", "l_linestatus"], "Plans": [{"Node Type": "Seq Scan", "Parent Relationship": "Outer", "Parallel Aware": true, "Relation Name": "lineitem", "Alias": "lineitem", "Startup Cost": 0.0, "Total Cost": 1366420.13, "Plan Rows": 19056422, "Plan Width": 25, "Filter": "(l_shipdate <= '1998-08-29 00:00:00'::timestamp without time zone)"}]}]}]}]}]}}, {"Plan": {"Node Type": "Limit", "Parallel Aware": false, "Startup Cost": 2129677.29, "Total Cost": 2129677.8, "Plan Rows": 1, "Plan Width": 236, "Plans": [{"Node Type": "Aggregate", "Strategy": "Sorted", "Partial Mode": "Finalize", "Parent Relationship": "Outer", "Parallel Aware": false, "Startup Cost": 2129677.29, "Total Cost": 2129680.35, "Plan Rows": 6, "Plan Width": 236, "Group Key": ["l_returnflag", "l_linestatus"], "Plans": [{"Node Type": "Gather Merge", "Parent Relationship": "Outer", "Parallel Aware": false, "Startup Cost": 2129677.29, "Total Cost": 2129679.42, "Plan Rows": 18, "Plan Width": 236, "Workers Planned": 3, "Plans": [{"Node Type": "Sort", "Parent Relationship": "Outer", "Parallel Aware": false, "Startup Cost": 2128677.25, "Total Cost": 2128677.27, "Plan Rows": 6, "Plan Width": 236, "Sort Key": ["l_returnflag", "l_linestatus"], "Plans": [{"Node Type": "Aggregate", "Strategy": "Hashed", "Partial Mode": "Partial", "Parent Relationship": "Outer", "Parallel Aware": false, "Startup Cost": 2128677.01, "Total Cost": 2128677.17, "Plan Rows": 6, "Plan Width": 236, "Group Key": ["l_returnflag", "l_linestatus"], "Plans": [{"Node Type": "Seq Scan", "Parent Relationship": "Outer", "Parallel Aware": true, "Relation Name": "lineitem", "Alias": "lineitem", "Startup Cost": 0.0, "Total Cost": 1366420.13, "Plan Rows": 19056422, "Plan Width": 25, "Filter": "(l_shipdate <= '1998-08-29 00:00:00'::timestamp without time zone)"}]}]}]}]}]}}, {"Plan": {"Node Type": "Limit", "Parallel Aware": false, "Startup Cost": 2837607.56, "Total Cost": 2837608.07, "Plan Rows": 1, "Plan Width": 236, "Plans": [{"Node Type": "Aggregate", "Strategy": "Sorted", "Partial Mode": "Finalize", "Parent Relationship": "Outer", "Parallel Aware": false, "Startup Cost": 2837607.56, "Total Cost": 2837610.62, "Plan Rows": 6, "Plan Width": 236, "Group Key": ["l_returnflag", "l_linestatus"], "Plans": [{"Node Type": "Gather Merge", "Parent Relationship": "Outer", "Parallel Aware": false, "Startup Cost": 2837607.56, "Total Cost": 2837609.69, "Plan Rows": 18, "Plan Width": 236, "Workers Planned": 3, "Plans": [{"Node Type": "Sort", "Parent Relationship": "Outer", "Parallel Aware": false, "Startup Cost": 2836607.52, "Total Cost": 2836607.54, "Plan Rows": 6, "Plan Width": 236, "Sort Key": ["l_returnflag", "l_linestatus"], "Plans": [{"Node Type": "Aggregate", "Strategy": "Hashed", "Partial Mode": "Partial", "Parent Relationship": "Outer", "Parallel Aware": false, "Startup Cost": 2836607.28, "Total Cost": 2836607.44, "Plan Rows": 6, "Plan Width": 236, "Group Key": ["l_returnflag", "l_linestatus"], "Plans": [{"Node Type": "Bitmap Heap Scan", "Parent Relationship": "Outer", "Parallel Aware": true, "Relation Name": "lineitem", "Alias": "lineitem", "Startup Cost": 708386.89, "Total Cost": 2074350.4, "Plan Rows": 19056422, "Plan Width": 25, "Recheck Cond": "(l_shipdate <= '1998-08-29 00:00:00'::timestamp without time zone)", "Plans": [{"Node Type": "Bitmap Index Scan", "Parent Relationship": "Outer", "Parallel Aware": false, "Index Name": "idx_lineitem_shipdate", "Startup Cost": 0.0, "Total Cost": 693618.17, "Plan Rows": 59074907, "Plan Width": 0, "Index Cond": "(l_shipdate <= '1998-08-29 00:00:00'::timestamp without time zone)"}]}]}]}]}]}]}}, {"Plan": {"Node Type": "Limit", "Parallel Aware": false, "Startup Cost": 2129677.29, "Total Cost": 2129677.8, "Plan Rows": 1, "Plan Width": 236, "Plans": [{"Node Type": "Aggregate", "Strategy": "Sorted", "Partial Mode": "Finalize", "Parent Relationship": "Outer", "Parallel Aware": false, "Startup Cost": 2129677.29, "Total Cost": 2129680.35, "Plan Rows": 6, "Plan Width": 236, "Group Key": ["l_returnflag", "l_linestatus"], "Plans": [{"Node Type": "Gather Merge", "Parent Relationship": "Outer", "Parallel Aware": false, "Startup Cost": 2129677.29, "Total Cost": 2129679.42, "Plan Rows": 18, "Plan Width": 236, "Workers Planned": 3, "Plans": [{"Node Type": "Sort", "Parent Relationship": "Outer", "Parallel Aware": false, "Startup Cost": 2128677.25, "Total Cost": 2128677.27, "Plan Rows": 6, "Plan Width": 236, "Sort Key": ["l_returnflag", "l_linestatus"], "Plans": [{"Node Type": "Aggregate", "Strategy": "Hashed", "Partial Mode": "Partial", "Parent Relationship": "Outer", "Parallel Aware": false, "Startup Cost": 2128677.01, "Total Cost": 2128677.17, "Plan Rows": 6, "Plan Width": 236, "Group Key": ["l_returnflag", "l_linestatus"], "Plans": [{"Node Type": "Seq Scan", "Parent Relationship": "Outer", "Parallel Aware": true, "Relation Name": "lineitem", "Alias": "lineitem", "Startup Cost": 0.0, "Total Cost": 1366420.13, "Plan Rows": 19056422, "Plan Width": 25, "Filter": "(l_shipdate <= '1998-08-29 00:00:00'::timestamp without time zone)"}]}]}]}]}]}}, {"Plan": {"Node Type": "Limit", "Parallel Aware": false, "Startup Cost": 2837607.56, "Total Cost": 2837608.07, "Plan Rows": 1, "Plan Width": 236, "Plans": [{"Node Type": "Aggregate", "Strategy": "Sorted", "Partial Mode": "Finalize", "Parent Relationship": "Outer", "Parallel Aware": false, "Startup Cost": 2837607.56, "Total Cost": 2837610.62, "Plan Rows": 6, "Plan Width": 236, "Group Key": ["l_returnflag", "l_linestatus"], "Plans": [{"Node Type": "Gather Merge", "Parent Relationship": "Outer", "Parallel Aware": false, "Startup Cost": 2837607.56, "Total Cost": 2837609.69, "Plan Rows": 18, "Plan Width": 236, "Workers Planned": 3, "Plans": [{"Node Type": "Sort", "Parent Relationship": "Outer", "Parallel Aware": false, "Startup Cost": 2836607.52, "Total Cost": 2836607.54, "Plan Rows": 6, "Plan Width": 236, "Sort Key": ["l_returnflag", "l_linestatus"], "Plans": [{"Node Type": "Aggregate", "Strategy": "Hashed", "Partial Mode": "Partial", "Parent Relationship": "Outer", "Parallel Aware": false, "Startup Cost": 2836607.28, "Total Cost": 2836607.44, "Plan Rows": 6, "Plan Width": 236, "Group Key": ["l_returnflag", "l_linestatus"], "Plans": [{"Node Type": "Bitmap Heap Scan", "Parent Relationship": "Outer", "Parallel Aware": true, "Relation Name": "lineitem", "Alias": "lineitem", "Startup Cost": 708386.89, "Total Cost": 2074350.4, "Plan Rows": 19056422, "Plan Width": 25, "Recheck Cond": "(l_shipdate <= '1998-08-29 00:00:00'::timestamp without time zone)", "Plans": [{"Node Type": "Bitmap Index Scan", "Parent Relationship": "Outer", "Parallel Aware": false, "Index Name": "idx_lineitem_shipdate", "Startup Cost": 0.0, "Total Cost": 693618.17, "Plan Rows": 59074907, "Plan Width": 0, "Index Cond": "(l_shipdate <= '1998-08-29 00:00:00'::timestamp without time zone)"}]}]}]}]}]}]}}, {"Plan": {"Node Type": "Limit", "Parallel Aware": false, "Startup Cost": 2837607.56, "Total Cost": 2837608.07, "Plan Rows": 1, "Plan Width": 236, "Plans": [{"Node Type": "Aggregate", "Strategy": "Sorted", "Partial Mode": "Finalize", "Parent Relationship": "Outer", "Parallel Aware": false, "Startup Cost": 2837607.56, "Total Cost": 2837610.62, "Plan Rows": 6, "Plan Width": 236, "Group Key": ["l_returnflag", "l_linestatus"], "Plans": [{"Node Type": "Gather Merge", "Parent Relationship": "Outer", "Parallel Aware": false, "Startup Cost": 2837607.56, "Total Cost": 2837609.69, "Plan Rows": 18, "Plan Width": 236, "Workers Planned": 3, "Plans": [{"Node Type": "Sort", "Parent Relationship": "Outer", "Parallel Aware": false, "Startup Cost": 2836607.52, "Total Cost": 2836607.54, "Plan Rows": 6, "Plan Width": 236, "Sort Key": ["l_returnflag", "l_linestatus"], "Plans": [{"Node Type": "Aggregate", "Strategy": "Hashed", "Partial Mode": "Partial", "Parent Relationship": "Outer", "Parallel Aware": false, "Startup Cost": 2836607.28, "Total Cost": 2836607.44, "Plan Rows": 6, "Plan Width": 236, "Group Key": ["l_returnflag", "l_linestatus"], "Plans": [{"Node Type": "Bitmap Heap Scan", "Parent Relationship": "Outer", "Parallel Aware": true, "Relation Name": "lineitem", "Alias": "lineitem", "Startup Cost": 708386.89, "Total Cost": 2074350.4, "Plan Rows": 19056422, "Plan Width": 25, "Recheck Cond": "(l_shipdate <= '1998-08-29 00:00:00'::timestamp without time zone)", "Plans": [{"Node Type": "Bitmap Index Scan", "Parent Relationship": "Outer", "Parallel Aware": false, "Index Name": "idx_lineitem_shipdate", "Startup Cost": 0.0, "Total Cost": 693618.17, "Plan Rows": 59074907, "Plan Width": 0, "Index Cond": "(l_shipdate <= '1998-08-29 00:00:00'::timestamp without time zone)"}]}]}]}]}]}]}}, {"Plan": {"Node Type": "Limit", "Parallel Aware": false, "Startup Cost": 2129677.29, "Total Cost": 2129677.8, "Plan Rows": 1, "Plan Width": 236, "Plans": [{"Node Type": "Aggregate", "Strategy": "Sorted", "Partial Mode": "Finalize", "Parent Relationship": "Outer", "Parallel Aware": false, "Startup Cost": 2129677.29, "Total Cost": 2129680.35, "Plan Rows": 6, "Plan Width": 236, "Group Key": ["l_returnflag", "l_linestatus"], "Plans": [{"Node Type": "Gather Merge", "Parent Relationship": "Outer", "Parallel Aware": false, "Startup Cost": 2129677.29, "Total Cost": 2129679.42, "Plan Rows": 18, "Plan Width": 236, "Workers Planned": 3, "Plans": [{"Node Type": "Sort", "Parent Relationship": "Outer", "Parallel Aware": false, "Startup Cost": 2128677.25, "Total Cost": 2128677.27, "Plan Rows": 6, "Plan Width": 236, "Sort Key": ["l_returnflag", "l_linestatus"], "Plans": [{"Node Type": "Aggregate", "Strategy": "Hashed", "Partial Mode": "Partial", "Parent Relationship": "Outer", "Parallel Aware": false, "Startup Cost": 2128677.01, "Total Cost": 2128677.17, "Plan Rows": 6, "Plan Width": 236, "Group Key": ["l_returnflag", "l_linestatus"], "Plans": [{"Node Type": "Seq Scan", "Parent Relationship": "Outer", "Parallel Aware": true, "Relation Name": "lineitem", "Alias": "lineitem", "Startup Cost": 0.0, "Total Cost": 1366420.13, "Plan Rows": 19056422, "Plan Width": 25, "Filter": "(l_shipdate <= '1998-08-29 00:00:00'::timestamp without time zone)"}]}]}]}]}]}}, {"Plan": {"Node Type": "Limit", "Parallel Aware": false, "Startup Cost": 2129677.29, "Total Cost": 2129677.8, "Plan Rows": 1, "Plan Width": 236, "Plans": [{"Node Type": "Aggregate", "Strategy": "Sorted", "Partial Mode": "Finalize", "Parent Relationship": "Outer", "Parallel Aware": false, "Startup Cost": 2129677.29, "Total Cost": 2129680.35, "Plan Rows": 6, "Plan Width": 236, "Group Key": ["l_returnflag", "l_linestatus"], "Plans": [{"Node Type": "Gather Merge", "Parent Relationship": "Outer", "Parallel Aware": false, "Startup Cost": 2129677.29, "Total Cost": 2129679.42, "Plan Rows": 18, "Plan Width": 236, "Workers Planned": 3, "Plans": [{"Node Type": "Sort", "Parent Relationship": "Outer", "Parallel Aware": false, "Startup Cost": 2128677.25, "Total Cost": 2128677.27, "Plan Rows": 6, "Plan Width": 236, "Sort Key": ["l_returnflag", "l_linestatus"], "Plans": [{"Node Type": "Aggregate", "Strategy": "Hashed", "Partial Mode": "Partial", "Parent Relationship": "Outer", "Parallel Aware": false, "Startup Cost": 2128677.01, "Total Cost": 2128677.17, "Plan Rows": 6, "Plan Width": 236, "Group Key": ["l_returnflag", "l_linestatus"], "Plans": [{"Node Type": "Seq Scan", "Parent Relationship": "Outer", "Parallel Aware": true, "Relation Name": "lineitem", "Alias": "lineitem", "Startup Cost": 0.0, "Total Cost": 1366420.13, "Plan Rows": 19056422, "Plan Width": 25, "Filter": "(l_shipdate <= '1998-08-29 00:00:00'::timestamp without time zone)"}]}]}]}]}]}}, {"Plan": {"Node Type": "Limit", "Parallel Aware": false, "Startup Cost": 2837607.56, "Total Cost": 2837608.07, "Plan Rows": 1, "Plan Width": 236, "Plans": [{"Node Type": "Aggregate", "Strategy": "Sorted", "Partial Mode": "Finalize", "Parent Relationship": "Outer", "Parallel Aware": false, "Startup Cost": 2837607.56, "Total Cost": 2837610.62, "Plan Rows": 6, "Plan Width": 236, "Group Key": ["l_returnflag", "l_linestatus"], "Plans": [{"Node Type": "Gather Merge", "Parent Relationship": "Outer", "Parallel Aware": false, "Startup Cost": 2837607.56, "Total Cost": 2837609.69, "Plan Rows": 18, "Plan Width": 236, "Workers Planned": 3, "Plans": [{"Node Type": "Sort", "Parent Relationship": "Outer", "Parallel Aware": false, "Startup Cost": 2836607.52, "Total Cost": 2836607.54, "Plan Rows": 6, "Plan Width": 236, "Sort Key": ["l_returnflag", "l_linestatus"], "Plans": [{"Node Type": "Aggregate", "Strategy": "Hashed", "Partial Mode": "Partial", "Parent Relationship": "Outer", "Parallel Aware": false, "Startup Cost": 2836607.28, "Total Cost": 2836607.44, "Plan Rows": 6, "Plan Width": 236, "Group Key": ["l_returnflag", "l_linestatus"], "Plans": [{"Node Type": "Bitmap Heap Scan", "Parent Relationship": "Outer", "Parallel Aware": true, "Relation Name": "lineitem", "Alias": "lineitem", "Startup Cost": 708386.89, "Total Cost": 2074350.4, "Plan Rows": 19056422, "Plan Width": 25, "Recheck Cond": "(l_shipdate <= '1998-08-29 00:00:00'::timestamp without time zone)", "Plans": [{"Node Type": "Bitmap Index Scan", "Parent Relationship": "Outer", "Parallel Aware": false, "Index Name": "idx_lineitem_shipdate", "Startup Cost": 0.0, "Total Cost": 693618.17, "Plan Rows": 59074907, "Plan Width": 0, "Index Cond": "(l_shipdate <= '1998-08-29 00:00:00'::timestamp without time zone)"}]}]}]}]}]}]}}, {"Plan": {"Node Type": "Limit", "Parallel Aware": false, "Startup Cost": 2129677.29, "Total Cost": 2129677.8, "Plan Rows": 1, "Plan Width": 236, "Plans": [{"Node Type": "Aggregate", "Strategy": "Sorted", "Partial Mode": "Finalize", "Parent Relationship": "Outer", "Parallel Aware": false, "Startup Cost": 2129677.29, "Total Cost": 2129680.35, "Plan Rows": 6, "Plan Width": 236, "Group Key": ["l_returnflag", "l_linestatus"], "Plans": [{"Node Type": "Gather Merge", "Parent Relationship": "Outer", "Parallel Aware": false, "Startup Cost": 2129677.29, "Total Cost": 2129679.42, "Plan Rows": 18, "Plan Width": 236, "Workers Planned": 3, "Plans": [{"Node Type": "Sort", "Parent Relationship": "Outer", "Parallel Aware": false, "Startup Cost": 2128677.25, "Total Cost": 2128677.27, "Plan Rows": 6, "Plan Width": 236, "Sort Key": ["l_returnflag", "l_linestatus"], "Plans": [{"Node Type": "Aggregate", "Strategy": "Hashed", "Partial Mode": "Partial", "Parent Relationship": "Outer", "Parallel Aware": false, "Startup Cost": 2128677.01, "Total Cost": 2128677.17, "Plan Rows": 6, "Plan Width": 236, "Group Key": ["l_returnflag", "l_linestatus"], "Plans": [{"Node Type": "Seq Scan", "Parent Relationship": "Outer", "Parallel Aware": true, "Relation Name": "lineitem", "Alias": "lineitem", "Startup Cost": 0.0, "Total Cost": 1366420.13, "Plan Rows": 19056422, "Plan Width": 25, "Filter": "(l_shipdate <= '1998-08-29 00:00:00'::timestamp without time zone)"}]}]}]}]}]}}, {"Plan": {"Node Type": "Limit", "Parallel Aware": false, "Startup Cost": 2837607.56, "Total Cost": 2837608.07, "Plan Rows": 1, "Plan Width": 236, "Plans": [{"Node Type": "Aggregate", "Strategy": "Sorted", "Partial Mode": "Finalize", "Parent Relationship": "Outer", "Parallel Aware": false, "Startup Cost": 2837607.56, "Total Cost": 2837610.62, "Plan Rows": 6, "Plan Width": 236, "Group Key": ["l_returnflag", "l_linestatus"], "Plans": [{"Node Type": "Gather Merge", "Parent Relationship": "Outer", "Parallel Aware": false, "Startup Cost": 2837607.56, "Total Cost": 2837609.69, "Plan Rows": 18, "Plan Width": 236, "Workers Planned": 3, "Plans": [{"Node Type": "Sort", "Parent Relationship": "Outer", "Parallel Aware": false, "Startup Cost": 2836607.52, "Total Cost": 2836607.54, "Plan Rows": 6, "Plan Width": 236, "Sort Key": ["l_returnflag", "l_linestatus"], "Plans": [{"Node Type": "Aggregate", "Strategy": "Hashed", "Partial Mode": "Partial", "Parent Relationship": "Outer", "Parallel Aware": false, "Startup Cost": 2836607.28, "Total Cost": 2836607.44, "Plan Rows": 6, "Plan Width": 236, "Group Key": ["l_returnflag", "l_linestatus"], "Plans": [{"Node Type": "Bitmap Heap Scan", "Parent Relationship": "Outer", "Parallel Aware": true, "Relation Name": "lineitem", "Alias": "lineitem", "Startup Cost": 708386.89, "Total Cost": 2074350.4, "Plan Rows": 19056422, "Plan Width": 25, "Recheck Cond": "(l_shipdate <= '1998-08-29 00:00:00'::timestamp without time zone)", "Plans": [{"Node Type": "Bitmap Index Scan", "Parent Relationship": "Outer", "Parallel Aware": false, "Index Name": "idx_lineitem_shipdate", "Startup Cost": 0.0, "Total Cost": 693618.17, "Plan Rows": 59074907, "Plan Width": 0, "Index Cond": "(l_shipdate <= '1998-08-29 00:00:00'::timestamp without time zone)"}]}]}]}]}]}]}}, {"Plan": {"Node Type": "Limit", "Parallel Aware": false, "Startup Cost": 2837607.56, "Total Cost": 2837608.07, "Plan Rows": 1, "Plan Width": 236, "Plans": [{"Node Type": "Aggregate", "Strategy": "Sorted", "Partial Mode": "Finalize", "Parent Relationship": "Outer", "Parallel Aware": false, "Startup Cost": 2837607.56, "Total Cost": 2837610.62, "Plan Rows": 6, "Plan Width": 236, "Group Key": ["l_returnflag", "l_linestatus"], "Plans": [{"Node Type": "Gather Merge", "Parent Relationship": "Outer", "Parallel Aware": false, "Startup Cost": 2837607.56, "Total Cost": 2837609.69, "Plan Rows": 18, "Plan Width": 236, "Workers Planned": 3, "Plans": [{"Node Type": "Sort", "Parent Relationship": "Outer", "Parallel Aware": false, "Startup Cost": 2836607.52, "Total Cost": 2836607.54, "Plan Rows": 6, "Plan Width": 236, "Sort Key": ["l_returnflag", "l_linestatus"], "Plans": [{"Node Type": "Aggregate", "Strategy": "Hashed", "Partial Mode": "Partial", "Parent Relationship": "Outer", "Parallel Aware": false, "Startup Cost": 2836607.28, "Total Cost": 2836607.44, "Plan Rows": 6, "Plan Width": 236, "Group Key": ["l_returnflag", "l_linestatus"], "Plans": [{"Node Type": "Bitmap Heap Scan", "Parent Relationship": "Outer", "Parallel Aware": true, "Relation Name": "lineitem", "Alias": "lineitem", "Startup Cost": 708386.89, "Total Cost": 2074350.4, "Plan Rows": 19056422, "Plan Width": 25, "Recheck Cond": "(l_shipdate <= '1998-08-29 00:00:00'::timestamp without time zone)", "Plans": [{"Node Type": "Bitmap Index Scan", "Parent Relationship": "Outer", "Parallel Aware": false, "Index Name": "idx_lineitem_shipdate", "Startup Cost": 0.0, "Total Cost": 693618.17, "Plan Rows": 59074907, "Plan Width": 0, "Index Cond": "(l_shipdate <= '1998-08-29 00:00:00'::timestamp without time zone)"}]}]}]}]}]}]}}, {"Plan": {"Node Type": "Limit", "Parallel Aware": false, "Startup Cost": 2129677.29, "Total Cost": 2129677.8, "Plan Rows": 1, "Plan Width": 236, "Plans": [{"Node Type": "Aggregate", "Strategy": "Sorted", "Partial Mode": "Finalize", "Parent Relationship": "Outer", "Parallel Aware": false, "Startup Cost": 2129677.29, "Total Cost": 2129680.35, "Plan Rows": 6, "Plan Width": 236, "Group Key": ["l_returnflag", "l_linestatus"], "Plans": [{"Node Type": "Gather Merge", "Parent Relationship": "Outer", "Parallel Aware": false, "Startup Cost": 2129677.29, "Total Cost": 2129679.42, "Plan Rows": 18, "Plan Width": 236, "Workers Planned": 3, "Plans": [{"Node Type": "Sort", "Parent Relationship": "Outer", "Parallel Aware": false, "Startup Cost": 2128677.25, "Total Cost": 2128677.27, "Plan Rows": 6, "Plan Width": 236, "Sort Key": ["l_returnflag", "l_linestatus"], "Plans": [{"Node Type": "Aggregate", "Strategy": "Hashed", "Partial Mode": "Partial", "Parent Relationship": "Outer", "Parallel Aware": false, "Startup Cost": 2128677.01, "Total Cost": 2128677.17, "Plan Rows": 6, "Plan Width": 236, "Group Key": ["l_returnflag", "l_linestatus"], "Plans": [{"Node Type": "Seq Scan", "Parent Relationship": "Outer", "Parallel Aware": true, "Relation Name": "lineitem", "Alias": "lineitem", "Startup Cost": 0.0, "Total Cost": 1366420.13, "Plan Rows": 19056422, "Plan Width": 25, "Filter": "(l_shipdate <= '1998-08-29 00:00:00'::timestamp without time zone)"}]}]}]}]}]}}, {"Plan": {"Node Type": "Limit", "Parallel Aware": false, "Startup Cost": 2129677.29, "Total Cost": 2129677.8, "Plan Rows": 1, "Plan Width": 236, "Plans": [{"Node Type": "Aggregate", "Strategy": "Sorted", "Partial Mode": "Finalize", "Parent Relationship": "Outer", "Parallel Aware": false, "Startup Cost": 2129677.29, "Total Cost": 2129680.35, "Plan Rows": 6, "Plan Width": 236, "Group Key": ["l_returnflag", "l_linestatus"], "Plans": [{"Node Type": "Gather Merge", "Parent Relationship": "Outer", "Parallel Aware": false, "Startup Cost": 2129677.29, "Total Cost": 2129679.42, "Plan Rows": 18, "Plan Width": 236, "Workers Planned": 3, "Plans": [{"Node Type": "Sort", "Parent Relationship": "Outer", "Parallel Aware": false, "Startup Cost": 2128677.25, "Total Cost": 2128677.27, "Plan Rows": 6, "Plan Width": 236, "Sort Key": ["l_returnflag", "l_linestatus"], "Plans": [{"Node Type": "Aggregate", "Strategy": "Hashed", "Partial Mode": "Partial", "Parent Relationship": "Outer", "Parallel Aware": false, "Startup Cost": 2128677.01, "Total Cost": 2128677.17, "Plan Rows": 6, "Plan Width": 236, "Group Key": ["l_returnflag", "l_linestatus"], "Plans": [{"Node Type": "Seq Scan", "Parent Relationship": "Outer", "Parallel Aware": true, "Relation Name": "lineitem", "Alias": "lineitem", "Startup Cost": 0.0, "Total Cost": 1366420.13, "Plan Rows": 19056422, "Plan Width": 25, "Filter": "(l_shipdate <= '1998-08-29 00:00:00'::timestamp without time zone)"}]}]}]}]}]}}, {"Plan": {"Node Type": "Limit", "Parallel Aware": false, "Startup Cost": 2837607.56, "Total Cost": 2837608.07, "Plan Rows": 1, "Plan Width": 236, "Plans": [{"Node Type": "Aggregate", "Strategy": "Sorted", "Partial Mode": "Finalize", "Parent Relationship": "Outer", "Parallel Aware": false, "Startup Cost": 2837607.56, "Total Cost": 2837610.62, "Plan Rows": 6, "Plan Width": 236, "Group Key": ["l_returnflag", "l_linestatus"], "Plans": [{"Node Type": "Gather Merge", "Parent Relationship": "Outer", "Parallel Aware": false, "Startup Cost": 2837607.56, "Total Cost": 2837609.69, "Plan Rows": 18, "Plan Width": 236, "Workers Planned": 3, "Plans": [{"Node Type": "Sort", "Parent Relationship": "Outer", "Parallel Aware": false, "Startup Cost": 2836607.52, "Total Cost": 2836607.54, "Plan Rows": 6, "Plan Width": 236, "Sort Key": ["l_returnflag", "l_linestatus"], "Plans": [{"Node Type": "Aggregate", "Strategy": "Hashed", "Partial Mode": "Partial", "Parent Relationship": "Outer", "Parallel Aware": false, "Startup Cost": 2836607.28, "Total Cost": 2836607.44, "Plan Rows": 6, "Plan Width": 236, "Group Key": ["l_returnflag", "l_linestatus"], "Plans": [{"Node Type": "Bitmap Heap Scan", "Parent Relationship": "Outer", "Parallel Aware": true, "Relation Name": "lineitem", "Alias": "lineitem", "Startup Cost": 708386.89, "Total Cost": 2074350.4, "Plan Rows": 19056422, "Plan Width": 25, "Recheck Cond": "(l_shipdate <= '1998-08-29 00:00:00'::timestamp without time zone)", "Plans": [{"Node Type": "Bitmap Index Scan", "Parent Relationship": "Outer", "Parallel Aware": false, "Index Name": "idx_lineitem_shipdate", "Startup Cost": 0.0, "Total Cost": 693618.17, "Plan Rows": 59074907, "Plan Width": 0, "Index Cond": "(l_shipdate <= '1998-08-29 00:00:00'::timestamp without time zone)"}]}]}]}]}]}]}}, {"Plan": {"Node Type": "Limit", "Parallel Aware": false, "Startup Cost": 2129677.29, "Total Cost": 2129677.8, "Plan Rows": 1, "Plan Width": 236, "Plans": [{"Node Type": "Aggregate", "Strategy": "Sorted", "Partial Mode": "Finalize", "Parent Relationship": "Outer", "Parallel Aware": false, "Startup Cost": 2129677.29, "Total Cost": 2129680.35, "Plan Rows": 6, "Plan Width": 236, "Group Key": ["l_returnflag", "l_linestatus"], "Plans": [{"Node Type": "Gather Merge", "Parent Relationship": "Outer", "Parallel Aware": false, "Startup Cost": 2129677.29, "Total Cost": 2129679.42, "Plan Rows": 18, "Plan Width": 236, "Workers Planned": 3, "Plans": [{"Node Type": "Sort", "Parent Relationship": "Outer", "Parallel Aware": false, "Startup Cost": 2128677.25, "Total Cost": 2128677.27, "Plan Rows": 6, "Plan Width": 236, "Sort Key": ["l_returnflag", "l_linestatus"], "Plans": [{"Node Type": "Aggregate", "Strategy": "Hashed", "Partial Mode": "Partial", "Parent Relationship": "Outer", "Parallel Aware": false, "Startup Cost": 2128677.01, "Total Cost": 2128677.17, "Plan Rows": 6, "Plan Width": 236, "Group Key": ["l_returnflag", "l_linestatus"], "Plans": [{"Node Type": "Seq Scan", "Parent Relationship": "Outer", "Parallel Aware": true, "Relation Name": "lineitem", "Alias": "lineitem", "Startup Cost": 0.0, "Total Cost": 1366420.13, "Plan Rows": 19056422, "Plan Width": 25, "Filter": "(l_shipdate <= '1998-08-29 00:00:00'::timestamp without time zone)"}]}]}]}]}]}}, {"Plan": {"Node Type": "Limit", "Parallel Aware": false, "Startup Cost": 2129677.29, "Total Cost": 2129677.8, "Plan Rows": 1, "Plan Width": 236, "Plans": [{"Node Type": "Aggregate", "Strategy": "Sorted", "Partial Mode": "Finalize", "Parent Relationship": "Outer", "Parallel Aware": false, "Startup Cost": 2129677.29, "Total Cost": 2129680.35, "Plan Rows": 6, "Plan Width": 236, "Group Key": ["l_returnflag", "l_linestatus"], "Plans": [{"Node Type": "Gather Merge", "Parent Relationship": "Outer", "Parallel Aware": false, "Startup Cost": 2129677.29, "Total Cost": 2129679.42, "Plan Rows": 18, "Plan Width": 236, "Workers Planned": 3, "Plans": [{"Node Type": "Sort", "Parent Relationship": "Outer", "Parallel Aware": false, "Startup Cost": 2128677.25, "Total Cost": 2128677.27, "Plan Rows": 6, "Plan Width": 236, "Sort Key": ["l_returnflag", "l_linestatus"], "Plans": [{"Node Type": "Aggregate", "Strategy": "Hashed", "Partial Mode": "Partial", "Parent Relationship": "Outer", "Parallel Aware": false, "Startup Cost": 2128677.01, "Total Cost": 2128677.17, "Plan Rows": 6, "Plan Width": 236, "Group Key": ["l_returnflag", "l_linestatus"], "Plans": [{"Node Type": "Seq Scan", "Parent Relationship": "Outer", "Parallel Aware": true, "Relation Name": "lineitem", "Alias": "lineitem", "Startup Cost": 0.0, "Total Cost": 1366420.13, "Plan Rows": 19056422, "Plan Width": 25, "Filter": "(l_shipdate <= '1998-08-29 00:00:00'::timestamp without time zone)"}]}]}]}]}]}}, {"Plan": {"Node Type": "Limit", "Parallel Aware": false, "Startup Cost": 2129677.29, "Total Cost": 2129677.8, "Plan Rows": 1, "Plan Width": 236, "Plans": [{"Node Type": "Aggregate", "Strategy": "Sorted", "Partial Mode": "Finalize", "Parent Relationship": "Outer", "Parallel Aware": false, "Startup Cost": 2129677.29, "Total Cost": 2129680.35, "Plan Rows": 6, "Plan Width": 236, "Group Key": ["l_returnflag", "l_linestatus"], "Plans": [{"Node Type": "Gather Merge", "Parent Relationship": "Outer", "Parallel Aware": false, "Startup Cost": 2129677.29, "Total Cost": 2129679.42, "Plan Rows": 18, "Plan Width": 236, "Workers Planned": 3, "Plans": [{"Node Type": "Sort", "Parent Relationship": "Outer", "Parallel Aware": false, "Startup Cost": 2128677.25, "Total Cost": 2128677.27, "Plan Rows": 6, "Plan Width": 236, "Sort Key": ["l_returnflag", "l_linestatus"], "Plans": [{"Node Type": "Aggregate", "Strategy": "Hashed", "Partial Mode": "Partial", "Parent Relationship": "Outer", "Parallel Aware": false, "Startup Cost": 2128677.01, "Total Cost": 2128677.17, "Plan Rows": 6, "Plan Width": 236, "Group Key": ["l_returnflag", "l_linestatus"], "Plans": [{"Node Type": "Seq Scan", "Parent Relationship": "Outer", "Parallel Aware": true, "Relation Name": "lineitem", "Alias": "lineitem", "Startup Cost": 0.0, "Total Cost": 1366420.13, "Plan Rows": 19056422, "Plan Width": 25, "Filter": "(l_shipdate <= '1998-08-29 00:00:00'::timestamp without time zone)"}]}]}]}]}]}}, {"Plan": {"Node Type": "Limit", "Parallel Aware": false, "Startup Cost": 2129677.29, "Total Cost": 2129677.8, "Plan Rows": 1, "Plan Width": 236, "Plans": [{"Node Type": "Aggregate", "Strategy": "Sorted", "Partial Mode": "Finalize", "Parent Relationship": "Outer", "Parallel Aware": false, "Startup Cost": 2129677.29, "Total Cost": 2129680.35, "Plan Rows": 6, "Plan Width": 236, "Group Key": ["l_returnflag", "l_linestatus"], "Plans": [{"Node Type": "Gather Merge", "Parent Relationship": "Outer", "Parallel Aware": false, "Startup Cost": 2129677.29, "Total Cost": 2129679.42, "Plan Rows": 18, "Plan Width": 236, "Workers Planned": 3, "Plans": [{"Node Type": "Sort", "Parent Relationship": "Outer", "Parallel Aware": false, "Startup Cost": 2128677.25, "Total Cost": 2128677.27, "Plan Rows": 6, "Plan Width": 236, "Sort Key": ["l_returnflag", "l_linestatus"], "Plans": [{"Node Type": "Aggregate", "Strategy": "Hashed", "Partial Mode": "Partial", "Parent Relationship": "Outer", "Parallel Aware": false, "Startup Cost": 2128677.01, "Total Cost": 2128677.17, "Plan Rows": 6, "Plan Width": 236, "Group Key": ["l_returnflag", "l_linestatus"], "Plans": [{"Node Type": "Seq Scan", "Parent Relationship": "Outer", "Parallel Aware": true, "Relation Name": "lineitem", "Alias": "lineitem", "Startup Cost": 0.0, "Total Cost": 1366420.13, "Plan Rows": 19056422, "Plan Width": 25, "Filter": "(l_shipdate <= '1998-08-29 00:00:00'::timestamp without time zone)"}]}]}]}]}]}}, {"Plan": {"Node Type": "Limit", "Parallel Aware": false, "Startup Cost": 2129677.29, "Total Cost": 2129677.8, "Plan Rows": 1, "Plan Width": 236, "Plans": [{"Node Type": "Aggregate", "Strategy": "Sorted", "Partial Mode": "Finalize", "Parent Relationship": "Outer", "Parallel Aware": false, "Startup Cost": 2129677.29, "Total Cost": 2129680.35, "Plan Rows": 6, "Plan Width": 236, "Group Key": ["l_returnflag", "l_linestatus"], "Plans": [{"Node Type": "Gather Merge", "Parent Relationship": "Outer", "Parallel Aware": false, "Startup Cost": 2129677.29, "Total Cost": 2129679.42, "Plan Rows": 18, "Plan Width": 236, "Workers Planned": 3, "Plans": [{"Node Type": "Sort", "Parent Relationship": "Outer", "Parallel Aware": false, "Startup Cost": 2128677.25, "Total Cost": 2128677.27, "Plan Rows": 6, "Plan Width": 236, "Sort Key": ["l_returnflag", "l_linestatus"], "Plans": [{"Node Type": "Aggregate", "Strategy": "Hashed", "Partial Mode": "Partial", "Parent Relationship": "Outer", "Parallel Aware": false, "Startup Cost": 2128677.01, "Total Cost": 2128677.17, "Plan Rows": 6, "Plan Width": 236, "Group Key": ["l_returnflag", "l_linestatus"], "Plans": [{"Node Type": "Seq Scan", "Parent Relationship": "Outer", "Parallel Aware": true, "Relation Name": "lineitem", "Alias": "lineitem", "Startup Cost": 0.0, "Total Cost": 1366420.13, "Plan Rows": 19056422, "Plan Width": 25, "Filter": "(l_shipdate <= '1998-08-29 00:00:00'::timestamp without time zone)"}]}]}]}]}]}}]