[{"Plan": {"Node Type": "Limit", "Parallel Aware": false, "Startup Cost": 2832981.55, "Total Cost": 2832982.06, "Plan Rows": 1, "Plan Width": 236, "Plans": [{"Node Type": "Aggregate", "Strategy": "Sorted", "Partial Mode": "Finalize", "Parent Relationship": "Outer", "Parallel Aware": false, "Startup Cost": 2832981.55, "Total Cost": 2832984.61, "Plan Rows": 6, "Plan Width": 236, "Group Key": ["l_returnflag", "l_linestatus"], "Plans": [{"Node Type": "Gather Merge", "Parent Relationship": "Outer", "Parallel Aware": false, "Startup Cost": 2832981.55, "Total Cost": 2832983.68, "Plan Rows": 18, "Plan Width": 236, "Workers Planned": 3, "Plans": [{"Node Type": "Sort", "Parent Relationship": "Outer", "Parallel Aware": false, "Startup Cost": 2831981.51, "Total Cost": 2831981.52, "Plan Rows": 6, "Plan Width": 236, "Sort Key": ["l_returnflag", "l_linestatus"], "Plans": [{"Node Type": "Aggregate", "Strategy": "Hashed", "Partial Mode": "Partial", "Parent Relationship": "Outer", "Parallel Aware": false, "Startup Cost": 2831981.26, "Total Cost": 2831981.43, "Plan Rows": 6, "Plan Width": 236, "Group Key": ["l_returnflag", "l_linestatus"], "Plans": [{"Node Type": "Bitmap Heap Scan", "Parent Relationship": "Outer", "Parallel Aware": true, "Relation Name": "lineitem", "Alias": "lineitem", "Startup Cost": 706202.85, "Total Cost": 2072075.02, "Plan Rows": 18997656, "Plan Width": 25, "Recheck Cond": "(l_shipdate <= '1998-08-20 00:00:00'::timestamp without time zone)", "Plans": [{"Node Type": "Bitmap Index Scan", "Parent Relationship": "Outer", "Parallel Aware": false, "Index Name": "idx_lineitem_shipdate", "Startup Cost": 0.0, "Total Cost": 691479.66, "Plan Rows": 58892733, "Plan Width": 0, "Index Cond": "(l_shipdate <= '1998-08-20 00:00:00'::timestamp without time zone)"}]}]}]}]}]}]}}, {"Plan": {"Node Type": "Limit", "Parallel Aware": false, "Startup Cost": 2832981.55, "Total Cost": 2832982.06, "Plan Rows": 1, "Plan Width": 236, "Plans": [{"Node Type": "Aggregate", "Strategy": "Sorted", "Partial Mode": "Finalize", "Parent Relationship": "Outer", "Parallel Aware": false, "Startup Cost": 2832981.55, "Total Cost": 2832984.61, "Plan Rows": 6, "Plan Width": 236, "Group Key": ["l_returnflag", "l_linestatus"], "Plans": [{"Node Type": "Gather Merge", "Parent Relationship": "Outer", "Parallel Aware": false, "Startup Cost": 2832981.55, "Total Cost": 2832983.68, "Plan Rows": 18, "Plan Width": 236, "Workers Planned": 3, "Plans": [{"Node Type": "Sort", "Parent Relationship": "Outer", "Parallel Aware": false, "Startup Cost": 2831981.51, "Total Cost": 2831981.52, "Plan Rows": 6, "Plan Width": 236, "Sort Key": ["l_returnflag", "l_linestatus"], "Plans": [{"Node Type": "Aggregate", "Strategy": "Hashed", "Partial Mode": "Partial", "Parent Relationship": "Outer", "Parallel Aware": false, "Startup Cost": 2831981.26, "Total Cost": 2831981.43, "Plan Rows": 6, "Plan Width": 236, "Group Key": ["l_returnflag", "l_linestatus"], "Plans": [{"Node Type": "Bitmap Heap Scan", "Parent Relationship": "Outer", "Parallel Aware": true, "Relation Name": "lineitem", "Alias": "lineitem", "Startup Cost": 706202.85, "Total Cost": 2072075.02, "Plan Rows": 18997656, "Plan Width": 25, "Recheck Cond": "(l_shipdate <= '1998-08-20 00:00:00'::timestamp without time zone)", "Plans": [{"Node Type": "Bitmap Index Scan", "Parent Relationship": "Outer", "Parallel Aware": false, "Index Name": "idx_lineitem_shipdate", "Startup Cost": 0.0, "Total Cost": 691479.66, "Plan Rows": 58892733, "Plan Width": 0, "Index Cond": "(l_shipdate <= '1998-08-20 00:00:00'::timestamp without time zone)"}]}]}]}]}]}]}}, {"Plan": {"Node Type": "Limit", "Parallel Aware": false, "Startup Cost": 2832981.55, "Total Cost": 2832982.06, "Plan Rows": 1, "Plan Width": 236, "Plans": [{"Node Type": "Aggregate", "Strategy": "Sorted", "Partial Mode": "Finalize", "Parent Relationship": "Outer", "Parallel Aware": false, "Startup Cost": 2832981.55, "Total Cost": 2832984.61, "Plan Rows": 6, "Plan Width": 236, "Group Key": ["l_returnflag", "l_linestatus"], "Plans": [{"Node Type": "Gather Merge", "Parent Relationship": "Outer", "Parallel Aware": false, "Startup Cost": 2832981.55, "Total Cost": 2832983.68, "Plan Rows": 18, "Plan Width": 236, "Workers Planned": 3, "Plans": [{"Node Type": "Sort", "Parent Relationship": "Outer", "Parallel Aware": false, "Startup Cost": 2831981.51, "Total Cost": 2831981.52, "Plan Rows": 6, "Plan Width": 236, "Sort Key": ["l_returnflag", "l_linestatus"], "Plans": [{"Node Type": "Aggregate", "Strategy": "Hashed", "Partial Mode": "Partial", "Parent Relationship": "Outer", "Parallel Aware": false, "Startup Cost": 2831981.26, "Total Cost": 2831981.43, "Plan Rows": 6, "Plan Width": 236, "Group Key": ["l_returnflag", "l_linestatus"], "Plans": [{"Node Type": "Bitmap Heap Scan", "Parent Relationship": "Outer", "Parallel Aware": true, "Relation Name": "lineitem", "Alias": "lineitem", "Startup Cost": 706202.85, "Total Cost": 2072075.02, "Plan Rows": 18997656, "Plan Width": 25, "Recheck Cond": "(l_shipdate <= '1998-08-20 00:00:00'::timestamp without time zone)", "Plans": [{"Node Type": "Bitmap Index Scan", "Parent Relationship": "Outer", "Parallel Aware": false, "Index Name": "idx_lineitem_shipdate", "Startup Cost": 0.0, "Total Cost": 691479.66, "Plan Rows": 58892733, "Plan Width": 0, "Index Cond": "(l_shipdate <= '1998-08-20 00:00:00'::timestamp without time zone)"}]}]}]}]}]}]}}, {"Plan": {"Node Type": "Limit", "Parallel Aware": false, "Startup Cost": 2832981.55, "Total Cost": 2832982.06, "Plan Rows": 1, "Plan Width": 236, "Plans": [{"Node Type": "Aggregate", "Strategy": "Sorted", "Partial Mode": "Finalize", "Parent Relationship": "Outer", "Parallel Aware": false, "Startup Cost": 2832981.55, "Total Cost": 2832984.61, "Plan Rows": 6, "Plan Width": 236, "Group Key": ["l_returnflag", "l_linestatus"], "Plans": [{"Node Type": "Gather Merge", "Parent Relationship": "Outer", "Parallel Aware": false, "Startup Cost": 2832981.55, "Total Cost": 2832983.68, "Plan Rows": 18, "Plan Width": 236, "Workers Planned": 3, "Plans": [{"Node Type": "Sort", "Parent Relationship": "Outer", "Parallel Aware": false, "Startup Cost": 2831981.51, "Total Cost": 2831981.52, "Plan Rows": 6, "Plan Width": 236, "Sort Key": ["l_returnflag", "l_linestatus"], "Plans": [{"Node Type": "Aggregate", "Strategy": "Hashed", "Partial Mode": "Partial", "Parent Relationship": "Outer", "Parallel Aware": false, "Startup Cost": 2831981.26, "Total Cost": 2831981.43, "Plan Rows": 6, "Plan Width": 236, "Group Key": ["l_returnflag", "l_linestatus"], "Plans": [{"Node Type": "Bitmap Heap Scan", "Parent Relationship": "Outer", "Parallel Aware": true, "Relation Name": "lineitem", "Alias": "lineitem", "Startup Cost": 706202.85, "Total Cost": 2072075.02, "Plan Rows": 18997656, "Plan Width": 25, "Recheck Cond": "(l_shipdate <= '1998-08-20 00:00:00'::timestamp without time zone)", "Plans": [{"Node Type": "Bitmap Index Scan", "Parent Relationship": "Outer", "Parallel Aware": false, "Index Name": "idx_lineitem_shipdate", "Startup Cost": 0.0, "Total Cost": 691479.66, "Plan Rows": 58892733, "Plan Width": 0, "Index Cond": "(l_shipdate <= '1998-08-20 00:00:00'::timestamp without time zone)"}]}]}]}]}]}]}}, {"Plan": {"Node Type": "Limit", "Parallel Aware": false, "Startup Cost": 2127326.65, "Total Cost": 2127327.16, "Plan Rows": 1, "Plan Width": 236, "Plans": [{"Node Type": "Aggregate", "Strategy": "Sorted", "Partial Mode": "Finalize", "Parent Relationship": "Outer", "Parallel Aware": false, "Startup Cost": 2127326.65, "Total Cost": 2127329.71, "Plan Rows": 6, "Plan Width": 236, "Group Key": ["l_returnflag", "l_linestatus"], "Plans": [{"Node Type": "Gather Merge", "Parent Relationship": "Outer", "Parallel Aware": false, "Startup Cost": 2127326.65, "Total Cost": 2127328.78, "Plan Rows": 18, "Plan Width": 236, "Workers Planned": 3, "Plans": [{"Node Type": "Sort", "Parent Relationship": "Outer", "Parallel Aware": false, "Startup Cost": 2126326.61, "Total Cost": 2126326.63, "Plan Rows": 6, "Plan Width": 236, "Sort Key": ["l_returnflag", "l_linestatus"], "Plans": [{"Node Type": "Aggregate", "Strategy": "Hashed", "Partial Mode": "Partial", "Parent Relationship": "Outer", "Parallel Aware": false, "Startup Cost": 2126326.37, "Total Cost": 2126326.53, "Plan Rows": 6, "Plan Width": 236, "Group Key": ["l_returnflag", "l_linestatus"], "Plans": [{"Node Type": "Seq Scan", "Parent Relationship": "Outer", "Parallel Aware": true, "Relation Name": "lineitem", "Alias": "lineitem", "Startup Cost": 0.0, "Total Cost": 1366420.13, "Plan Rows": 18997656, "Plan Width": 25, "Filter": "(l_shipdate <= '1998-08-20 00:00:00'::timestamp without time zone)"}]}]}]}]}]}}, {"Plan": {"Node Type": "Limit", "Parallel Aware": false, "Startup Cost": 2832981.55, "Total Cost": 2832982.06, "Plan Rows": 1, "Plan Width": 236, "Plans": [{"Node Type": "Aggregate", "Strategy": "Sorted", "Partial Mode": "Finalize", "Parent Relationship": "Outer", "Parallel Aware": false, "Startup Cost": 2832981.55, "Total Cost": 2832984.61, "Plan Rows": 6, "Plan Width": 236, "Group Key": ["l_returnflag", "l_linestatus"], "Plans": [{"Node Type": "Gather Merge", "Parent Relationship": "Outer", "Parallel Aware": false, "Startup Cost": 2832981.55, "Total Cost": 2832983.68, "Plan Rows": 18, "Plan Width": 236, "Workers Planned": 3, "Plans": [{"Node Type": "Sort", "Parent Relationship": "Outer", "Parallel Aware": false, "Startup Cost": 2831981.51, "Total Cost": 2831981.52, "Plan Rows": 6, "Plan Width": 236, "Sort Key": ["l_returnflag", "l_linestatus"], "Plans": [{"Node Type": "Aggregate", "Strategy": "Hashed", "Partial Mode": "Partial", "Parent Relationship": "Outer", "Parallel Aware": false, "Startup Cost": 2831981.26, "Total Cost": 2831981.43, "Plan Rows": 6, "Plan Width": 236, "Group Key": ["l_returnflag", "l_linestatus"], "Plans": [{"Node Type": "Bitmap Heap Scan", "Parent Relationship": "Outer", "Parallel Aware": true, "Relation Name": "lineitem", "Alias": "lineitem", "Startup Cost": 706202.85, "Total Cost": 2072075.02, "Plan Rows": 18997656, "Plan Width": 25, "Recheck Cond": "(l_shipdate <= '1998-08-20 00:00:00'::timestamp without time zone)", "Plans": [{"Node Type": "Bitmap Index Scan", "Parent Relationship": "Outer", "Parallel Aware": false, "Index Name": "idx_lineitem_shipdate", "Startup Cost": 0.0, "Total Cost": 691479.66, "Plan Rows": 58892733, "Plan Width": 0, "Index Cond": "(l_shipdate <= '1998-08-20 00:00:00'::timestamp without time zone)"}]}]}]}]}]}]}}, {"Plan": {"Node Type": "Limit", "Parallel Aware": false, "Startup Cost": 2127326.65, "Total Cost": 2127327.16, "Plan Rows": 1, "Plan Width": 236, "Plans": [{"Node Type": "Aggregate", "Strategy": "Sorted", "Partial Mode": "Finalize", "Parent Relationship": "Outer", "Parallel Aware": false, "Startup Cost": 2127326.65, "Total Cost": 2127329.71, "Plan Rows": 6, "Plan Width": 236, "Group Key": ["l_returnflag", "l_linestatus"], "Plans": [{"Node Type": "Gather Merge", "Parent Relationship": "Outer", "Parallel Aware": false, "Startup Cost": 2127326.65, "Total Cost": 2127328.78, "Plan Rows": 18, "Plan Width": 236, "Workers Planned": 3, "Plans": [{"Node Type": "Sort", "Parent Relationship": "Outer", "Parallel Aware": false, "Startup Cost": 2126326.61, "Total Cost": 2126326.63, "Plan Rows": 6, "Plan Width": 236, "Sort Key": ["l_returnflag", "l_linestatus"], "Plans": [{"Node Type": "Aggregate", "Strategy": "Hashed", "Partial Mode": "Partial", "Parent Relationship": "Outer", "Parallel Aware": false, "Startup Cost": 2126326.37, "Total Cost": 2126326.53, "Plan Rows": 6, "Plan Width": 236, "Group Key": ["l_returnflag", "l_linestatus"], "Plans": [{"Node Type": "Seq Scan", "Parent Relationship": "Outer", "Parallel Aware": true, "Relation Name": "lineitem", "Alias": "lineitem", "Startup Cost": 0.0, "Total Cost": 1366420.13, "Plan Rows": 18997656, "Plan Width": 25, "Filter": "(l_shipdate <= '1998-08-20 00:00:00'::timestamp without time zone)"}]}]}]}]}]}}, {"Plan": {"Node Type": "Limit", "Parallel Aware": false, "Startup Cost": 2127326.65, "Total Cost": 2127327.16, "Plan Rows": 1, "Plan Width": 236, "Plans": [{"Node Type": "Aggregate", "Strategy": "Sorted", "Partial Mode": "Finalize", "Parent Relationship": "Outer", "Parallel Aware": false, "Startup Cost": 2127326.65, "Total Cost": 2127329.71, "Plan Rows": 6, "Plan Width": 236, "Group Key": ["l_returnflag", "l_linestatus"], "Plans": [{"Node Type": "Gather Merge", "Parent Relationship": "Outer", "Parallel Aware": false, "Startup Cost": 2127326.65, "Total Cost": 2127328.78, "Plan Rows": 18, "Plan Width": 236, "Workers Planned": 3, "Plans": [{"Node Type": "Sort", "Parent Relationship": "Outer", "Parallel Aware": false, "Startup Cost": 2126326.61, "Total Cost": 2126326.63, "Plan Rows": 6, "Plan Width": 236, "Sort Key": ["l_returnflag", "l_linestatus"], "Plans": [{"Node Type": "Aggregate", "Strategy": "Hashed", "Partial Mode": "Partial", "Parent Relationship": "Outer", "Parallel Aware": false, "Startup Cost": 2126326.37, "Total Cost": 2126326.53, "Plan Rows": 6, "Plan Width": 236, "Group Key": ["l_returnflag", "l_linestatus"], "Plans": [{"Node Type": "Seq Scan", "Parent Relationship": "Outer", "Parallel Aware": true, "Relation Name": "lineitem", "Alias": "lineitem", "Startup Cost": 0.0, "Total Cost": 1366420.13, "Plan Rows": 18997656, "Plan Width": 25, "Filter": "(l_shipdate <= '1998-08-20 00:00:00'::timestamp without time zone)"}]}]}]}]}]}}, {"Plan": {"Node Type": "Limit", "Parallel Aware": false, "Startup Cost": 2832981.55, "Total Cost": 2832982.06, "Plan Rows": 1, "Plan Width": 236, "Plans": [{"Node Type": "Aggregate", "Strategy": "Sorted", "Partial Mode": "Finalize", "Parent Relationship": "Outer", "Parallel Aware": false, "Startup Cost": 2832981.55, "Total Cost": 2832984.61, "Plan Rows": 6, "Plan Width": 236, "Group Key": ["l_returnflag", "l_linestatus"], "Plans": [{"Node Type": "Gather Merge", "Parent Relationship": "Outer", "Parallel Aware": false, "Startup Cost": 2832981.55, "Total Cost": 2832983.68, "Plan Rows": 18, "Plan Width": 236, "Workers Planned": 3, "Plans": [{"Node Type": "Sort", "Parent Relationship": "Outer", "Parallel Aware": false, "Startup Cost": 2831981.51, "Total Cost": 2831981.52, "Plan Rows": 6, "Plan Width": 236, "Sort Key": ["l_returnflag", "l_linestatus"], "Plans": [{"Node Type": "Aggregate", "Strategy": "Hashed", "Partial Mode": "Partial", "Parent Relationship": "Outer", "Parallel Aware": false, "Startup Cost": 2831981.26, "Total Cost": 2831981.43, "Plan Rows": 6, "Plan Width": 236, "Group Key": ["l_returnflag", "l_linestatus"], "Plans": [{"Node Type": "Bitmap Heap Scan", "Parent Relationship": "Outer", "Parallel Aware": true, "Relation Name": "lineitem", "Alias": "lineitem", "Startup Cost": 706202.85, "Total Cost": 2072075.02, "Plan Rows": 18997656, "Plan Width": 25, "Recheck Cond": "(l_shipdate <= '1998-08-20 00:00:00'::timestamp without time zone)", "Plans": [{"Node Type": "Bitmap Index Scan", "Parent Relationship": "Outer", "Parallel Aware": false, "Index Name": "idx_lineitem_shipdate", "Startup Cost": 0.0, "Total Cost": 691479.66, "Plan Rows": 58892733, "Plan Width": 0, "Index Cond": "(l_shipdate <= '1998-08-20 00:00:00'::timestamp without time zone)"}]}]}]}]}]}]}}, {"Plan": {"Node Type": "Limit", "Parallel Aware": false, "Startup Cost": 2832981.55, "Total Cost": 2832982.06, "Plan Rows": 1, "Plan Width": 236, "Plans": [{"Node Type": "Aggregate", "Strategy": "Sorted", "Partial Mode": "Finalize", "Parent Relationship": "Outer", "Parallel Aware": false, "Startup Cost": 2832981.55, "Total Cost": 2832984.61, "Plan Rows": 6, "Plan Width": 236, "Group Key": ["l_returnflag", "l_linestatus"], "Plans": [{"Node Type": "Gather Merge", "Parent Relationship": "Outer", "Parallel Aware": false, "Startup Cost": 2832981.55, "Total Cost": 2832983.68, "Plan Rows": 18, "Plan Width": 236, "Workers Planned": 3, "Plans": [{"Node Type": "Sort", "Parent Relationship": "Outer", "Parallel Aware": false, "Startup Cost": 2831981.51, "Total Cost": 2831981.52, "Plan Rows": 6, "Plan Width": 236, "Sort Key": ["l_returnflag", "l_linestatus"], "Plans": [{"Node Type": "Aggregate", "Strategy": "Hashed", "Partial Mode": "Partial", "Parent Relationship": "Outer", "Parallel Aware": false, "Startup Cost": 2831981.26, "Total Cost": 2831981.43, "Plan Rows": 6, "Plan Width": 236, "Group Key": ["l_returnflag", "l_linestatus"], "Plans": [{"Node Type": "Bitmap Heap Scan", "Parent Relationship": "Outer", "Parallel Aware": true, "Relation Name": "lineitem", "Alias": "lineitem", "Startup Cost": 706202.85, "Total Cost": 2072075.02, "Plan Rows": 18997656, "Plan Width": 25, "Recheck Cond": "(l_shipdate <= '1998-08-20 00:00:00'::timestamp without time zone)", "Plans": [{"Node Type": "Bitmap Index Scan", "Parent Relationship": "Outer", "Parallel Aware": false, "Index Name": "idx_lineitem_shipdate", "Startup Cost": 0.0, "Total Cost": 691479.66, "Plan Rows": 58892733, "Plan Width": 0, "Index Cond": "(l_shipdate <= '1998-08-20 00:00:00'::timestamp without time zone)"}]}]}]}]}]}]}}, {"Plan": {"Node Type": "Limit", "Parallel Aware": false, "Startup Cost": 2127326.65, "Total Cost": 2127327.16, "Plan Rows": 1, "Plan Width": 236, "Plans": [{"Node Type": "Aggregate", "Strategy": "Sorted", "Partial Mode": "Finalize", "Parent Relationship": "Outer", "Parallel Aware": false, "Startup Cost": 2127326.65, "Total Cost": 2127329.71, "Plan Rows": 6, "Plan Width": 236, "Group Key": ["l_returnflag", "l_linestatus"], "Plans": [{"Node Type": "Gather Merge", "Parent Relationship": "Outer", "Parallel Aware": false, "Startup Cost": 2127326.65, "Total Cost": 2127328.78, "Plan Rows": 18, "Plan Width": 236, "Workers Planned": 3, "Plans": [{"Node Type": "Sort", "Parent Relationship": "Outer", "Parallel Aware": false, "Startup Cost": 2126326.61, "Total Cost": 2126326.63, "Plan Rows": 6, "Plan Width": 236, "Sort Key": ["l_returnflag", "l_linestatus"], "Plans": [{"Node Type": "Aggregate", "Strategy": "Hashed", "Partial Mode": "Partial", "Parent Relationship": "Outer", "Parallel Aware": false, "Startup Cost": 2126326.37, "Total Cost": 2126326.53, "Plan Rows": 6, "Plan Width": 236, "Group Key": ["l_returnflag", "l_linestatus"], "Plans": [{"Node Type": "Seq Scan", "Parent Relationship": "Outer", "Parallel Aware": true, "Relation Name": "lineitem", "Alias": "lineitem", "Startup Cost": 0.0, "Total Cost": 1366420.13, "Plan Rows": 18997656, "Plan Width": 25, "Filter": "(l_shipdate <= '1998-08-20 00:00:00'::timestamp without time zone)"}]}]}]}]}]}}, {"Plan": {"Node Type": "Limit", "Parallel Aware": false, "Startup Cost": 2127326.65, "Total Cost": 2127327.16, "Plan Rows": 1, "Plan Width": 236, "Plans": [{"Node Type": "Aggregate", "Strategy": "Sorted", "Partial Mode": "Finalize", "Parent Relationship": "Outer", "Parallel Aware": false, "Startup Cost": 2127326.65, "Total Cost": 2127329.71, "Plan Rows": 6, "Plan Width": 236, "Group Key": ["l_returnflag", "l_linestatus"], "Plans": [{"Node Type": "Gather Merge", "Parent Relationship": "Outer", "Parallel Aware": false, "Startup Cost": 2127326.65, "Total Cost": 2127328.78, "Plan Rows": 18, "Plan Width": 236, "Workers Planned": 3, "Plans": [{"Node Type": "Sort", "Parent Relationship": "Outer", "Parallel Aware": false, "Startup Cost": 2126326.61, "Total Cost": 2126326.63, "Plan Rows": 6, "Plan Width": 236, "Sort Key": ["l_returnflag", "l_linestatus"], "Plans": [{"Node Type": "Aggregate", "Strategy": "Hashed", "Partial Mode": "Partial", "Parent Relationship": "Outer", "Parallel Aware": false, "Startup Cost": 2126326.37, "Total Cost": 2126326.53, "Plan Rows": 6, "Plan Width": 236, "Group Key": ["l_returnflag", "l_linestatus"], "Plans": [{"Node Type": "Seq Scan", "Parent Relationship": "Outer", "Parallel Aware": true, "Relation Name": "lineitem", "Alias": "lineitem", "Startup Cost": 0.0, "Total Cost": 1366420.13, "Plan Rows": 18997656, "Plan Width": 25, "Filter": "(l_shipdate <= '1998-08-20 00:00:00'::timestamp without time zone)"}]}]}]}]}]}}, {"Plan": {"Node Type": "Limit", "Parallel Aware": false, "Startup Cost": 2832981.55, "Total Cost": 2832982.06, "Plan Rows": 1, "Plan Width": 236, "Plans": [{"Node Type": "Aggregate", "Strategy": "Sorted", "Partial Mode": "Finalize", "Parent Relationship": "Outer", "Parallel Aware": false, "Startup Cost": 2832981.55, "Total Cost": 2832984.61, "Plan Rows": 6, "Plan Width": 236, "Group Key": ["l_returnflag", "l_linestatus"], "Plans": [{"Node Type": "Gather Merge", "Parent Relationship": "Outer", "Parallel Aware": false, "Startup Cost": 2832981.55, "Total Cost": 2832983.68, "Plan Rows": 18, "Plan Width": 236, "Workers Planned": 3, "Plans": [{"Node Type": "Sort", "Parent Relationship": "Outer", "Parallel Aware": false, "Startup Cost": 2831981.51, "Total Cost": 2831981.52, "Plan Rows": 6, "Plan Width": 236, "Sort Key": ["l_returnflag", "l_linestatus"], "Plans": [{"Node Type": "Aggregate", "Strategy": "Hashed", "Partial Mode": "Partial", "Parent Relationship": "Outer", "Parallel Aware": false, "Startup Cost": 2831981.26, "Total Cost": 2831981.43, "Plan Rows": 6, "Plan Width": 236, "Group Key": ["l_returnflag", "l_linestatus"], "Plans": [{"Node Type": "Bitmap Heap Scan", "Parent Relationship": "Outer", "Parallel Aware": true, "Relation Name": "lineitem", "Alias": "lineitem", "Startup Cost": 706202.85, "Total Cost": 2072075.02, "Plan Rows": 18997656, "Plan Width": 25, "Recheck Cond": "(l_shipdate <= '1998-08-20 00:00:00'::timestamp without time zone)", "Plans": [{"Node Type": "Bitmap Index Scan", "Parent Relationship": "Outer", "Parallel Aware": false, "Index Name": "idx_lineitem_shipdate", "Startup Cost": 0.0, "Total Cost": 691479.66, "Plan Rows": 58892733, "Plan Width": 0, "Index Cond": "(l_shipdate <= '1998-08-20 00:00:00'::timestamp without time zone)"}]}]}]}]}]}]}}, {"Plan": {"Node Type": "Limit", "Parallel Aware": false, "Startup Cost": 2127326.65, "Total Cost": 2127327.16, "Plan Rows": 1, "Plan Width": 236, "Plans": [{"Node Type": "Aggregate", "Strategy": "Sorted", "Partial Mode": "Finalize", "Parent Relationship": "Outer", "Parallel Aware": false, "Startup Cost": 2127326.65, "Total Cost": 2127329.71, "Plan Rows": 6, "Plan Width": 236, "Group Key": ["l_returnflag", "l_linestatus"], "Plans": [{"Node Type": "Gather Merge", "Parent Relationship": "Outer", "Parallel Aware": false, "Startup Cost": 2127326.65, "Total Cost": 2127328.78, "Plan Rows": 18, "Plan Width": 236, "Workers Planned": 3, "Plans": [{"Node Type": "Sort", "Parent Relationship": "Outer", "Parallel Aware": false, "Startup Cost": 2126326.61, "Total Cost": 2126326.63, "Plan Rows": 6, "Plan Width": 236, "Sort Key": ["l_returnflag", "l_linestatus"], "Plans": [{"Node Type": "Aggregate", "Strategy": "Hashed", "Partial Mode": "Partial", "Parent Relationship": "Outer", "Parallel Aware": false, "Startup Cost": 2126326.37, "Total Cost": 2126326.53, "Plan Rows": 6, "Plan Width": 236, "Group Key": ["l_returnflag", "l_linestatus"], "Plans": [{"Node Type": "Seq Scan", "Parent Relationship": "Outer", "Parallel Aware": true, "Relation Name": "lineitem", "Alias": "lineitem", "Startup Cost": 0.0, "Total Cost": 1366420.13, "Plan Rows": 18997656, "Plan Width": 25, "Filter": "(l_shipdate <= '1998-08-20 00:00:00'::timestamp without time zone)"}]}]}]}]}]}}, {"Plan": {"Node Type": "Limit", "Parallel Aware": false, "Startup Cost": 2127326.65, "Total Cost": 2127327.16, "Plan Rows": 1, "Plan Width": 236, "Plans": [{"Node Type": "Aggregate", "Strategy": "Sorted", "Partial Mode": "Finalize", "Parent Relationship": "Outer", "Parallel Aware": false, "Startup Cost": 2127326.65, "Total Cost": 2127329.71, "Plan Rows": 6, "Plan Width": 236, "Group Key": ["l_returnflag", "l_linestatus"], "Plans": [{"Node Type": "Gather Merge", "Parent Relationship": "Outer", "Parallel Aware": false, "Startup Cost": 2127326.65, "Total Cost": 2127328.78, "Plan Rows": 18, "Plan Width": 236, "Workers Planned": 3, "Plans": [{"Node Type": "Sort", "Parent Relationship": "Outer", "Parallel Aware": false, "Startup Cost": 2126326.61, "Total Cost": 2126326.63, "Plan Rows": 6, "Plan Width": 236, "Sort Key": ["l_returnflag", "l_linestatus"], "Plans": [{"Node Type": "Aggregate", "Strategy": "Hashed", "Partial Mode": "Partial", "Parent Relationship": "Outer", "Parallel Aware": false, "Startup Cost": 2126326.37, "Total Cost": 2126326.53, "Plan Rows": 6, "Plan Width": 236, "Group Key": ["l_returnflag", "l_linestatus"], "Plans": [{"Node Type": "Seq Scan", "Parent Relationship": "Outer", "Parallel Aware": true, "Relation Name": "lineitem", "Alias": "lineitem", "Startup Cost": 0.0, "Total Cost": 1366420.13, "Plan Rows": 18997656, "Plan Width": 25, "Filter": "(l_shipdate <= '1998-08-20 00:00:00'::timestamp without time zone)"}]}]}]}]}]}}, {"Plan": {"Node Type": "Limit", "Parallel Aware": false, "Startup Cost": 2832981.55, "Total Cost": 2832982.06, "Plan Rows": 1, "Plan Width": 236, "Plans": [{"Node Type": "Aggregate", "Strategy": "Sorted", "Partial Mode": "Finalize", "Parent Relationship": "Outer", "Parallel Aware": false, "Startup Cost": 2832981.55, "Total Cost": 2832984.61, "Plan Rows": 6, "Plan Width": 236, "Group Key": ["l_returnflag", "l_linestatus"], "Plans": [{"Node Type": "Gather Merge", "Parent Relationship": "Outer", "Parallel Aware": false, "Startup Cost": 2832981.55, "Total Cost": 2832983.68, "Plan Rows": 18, "Plan Width": 236, "Workers Planned": 3, "Plans": [{"Node Type": "Sort", "Parent Relationship": "Outer", "Parallel Aware": false, "Startup Cost": 2831981.51, "Total Cost": 2831981.52, "Plan Rows": 6, "Plan Width": 236, "Sort Key": ["l_returnflag", "l_linestatus"], "Plans": [{"Node Type": "Aggregate", "Strategy": "Hashed", "Partial Mode": "Partial", "Parent Relationship": "Outer", "Parallel Aware": false, "Startup Cost": 2831981.26, "Total Cost": 2831981.43, "Plan Rows": 6, "Plan Width": 236, "Group Key": ["l_returnflag", "l_linestatus"], "Plans": [{"Node Type": "Bitmap Heap Scan", "Parent Relationship": "Outer", "Parallel Aware": true, "Relation Name": "lineitem", "Alias": "lineitem", "Startup Cost": 706202.85, "Total Cost": 2072075.02, "Plan Rows": 18997656, "Plan Width": 25, "Recheck Cond": "(l_shipdate <= '1998-08-20 00:00:00'::timestamp without time zone)", "Plans": [{"Node Type": "Bitmap Index Scan", "Parent Relationship": "Outer", "Parallel Aware": false, "Index Name": "idx_lineitem_shipdate", "Startup Cost": 0.0, "Total Cost": 691479.66, "Plan Rows": 58892733, "Plan Width": 0, "Index Cond": "(l_shipdate <= '1998-08-20 00:00:00'::timestamp without time zone)"}]}]}]}]}]}]}}, {"Plan": {"Node Type": "Limit", "Parallel Aware": false, "Startup Cost": 2832981.55, "Total Cost": 2832982.06, "Plan Rows": 1, "Plan Width": 236, "Plans": [{"Node Type": "Aggregate", "Strategy": "Sorted", "Partial Mode": "Finalize", "Parent Relationship": "Outer", "Parallel Aware": false, "Startup Cost": 2832981.55, "Total Cost": 2832984.61, "Plan Rows": 6, "Plan Width": 236, "Group Key": ["l_returnflag", "l_linestatus"], "Plans": [{"Node Type": "Gather Merge", "Parent Relationship": "Outer", "Parallel Aware": false, "Startup Cost": 2832981.55, "Total Cost": 2832983.68, "Plan Rows": 18, "Plan Width": 236, "Workers Planned": 3, "Plans": [{"Node Type": "Sort", "Parent Relationship": "Outer", "Parallel Aware": false, "Startup Cost": 2831981.51, "Total Cost": 2831981.52, "Plan Rows": 6, "Plan Width": 236, "Sort Key": ["l_returnflag", "l_linestatus"], "Plans": [{"Node Type": "Aggregate", "Strategy": "Hashed", "Partial Mode": "Partial", "Parent Relationship": "Outer", "Parallel Aware": false, "Startup Cost": 2831981.26, "Total Cost": 2831981.43, "Plan Rows": 6, "Plan Width": 236, "Group Key": ["l_returnflag", "l_linestatus"], "Plans": [{"Node Type": "Bitmap Heap Scan", "Parent Relationship": "Outer", "Parallel Aware": true, "Relation Name": "lineitem", "Alias": "lineitem", "Startup Cost": 706202.85, "Total Cost": 2072075.02, "Plan Rows": 18997656, "Plan Width": 25, "Recheck Cond": "(l_shipdate <= '1998-08-20 00:00:00'::timestamp without time zone)", "Plans": [{"Node Type": "Bitmap Index Scan", "Parent Relationship": "Outer", "Parallel Aware": false, "Index Name": "idx_lineitem_shipdate", "Startup Cost": 0.0, "Total Cost": 691479.66, "Plan Rows": 58892733, "Plan Width": 0, "Index Cond": "(l_shipdate <= '1998-08-20 00:00:00'::timestamp without time zone)"}]}]}]}]}]}]}}, {"Plan": {"Node Type": "Limit", "Parallel Aware": false, "Startup Cost": 2832981.55, "Total Cost": 2832982.06, "Plan Rows": 1, "Plan Width": 236, "Plans": [{"Node Type": "Aggregate", "Strategy": "Sorted", "Partial Mode": "Finalize", "Parent Relationship": "Outer", "Parallel Aware": false, "Startup Cost": 2832981.55, "Total Cost": 2832984.61, "Plan Rows": 6, "Plan Width": 236, "Group Key": ["l_returnflag", "l_linestatus"], "Plans": [{"Node Type": "Gather Merge", "Parent Relationship": "Outer", "Parallel Aware": false, "Startup Cost": 2832981.55, "Total Cost": 2832983.68, "Plan Rows": 18, "Plan Width": 236, "Workers Planned": 3, "Plans": [{"Node Type": "Sort", "Parent Relationship": "Outer", "Parallel Aware": false, "Startup Cost": 2831981.51, "Total Cost": 2831981.52, "Plan Rows": 6, "Plan Width": 236, "Sort Key": ["l_returnflag", "l_linestatus"], "Plans": [{"Node Type": "Aggregate", "Strategy": "Hashed", "Partial Mode": "Partial", "Parent Relationship": "Outer", "Parallel Aware": false, "Startup Cost": 2831981.26, "Total Cost": 2831981.43, "Plan Rows": 6, "Plan Width": 236, "Group Key": ["l_returnflag", "l_linestatus"], "Plans": [{"Node Type": "Bitmap Heap Scan", "Parent Relationship": "Outer", "Parallel Aware": true, "Relation Name": "lineitem", "Alias": "lineitem", "Startup Cost": 706202.85, "Total Cost": 2072075.02, "Plan Rows": 18997656, "Plan Width": 25, "Recheck Cond": "(l_shipdate <= '1998-08-20 00:00:00'::timestamp without time zone)", "Plans": [{"Node Type": "Bitmap Index Scan", "Parent Relationship": "Outer", "Parallel Aware": false, "Index Name": "idx_lineitem_shipdate", "Startup Cost": 0.0, "Total Cost": 691479.66, "Plan Rows": 58892733, "Plan Width": 0, "Index Cond": "(l_shipdate <= '1998-08-20 00:00:00'::timestamp without time zone)"}]}]}]}]}]}]}}, {"Plan": {"Node Type": "Limit", "Parallel Aware": false, "Startup Cost": 2127326.65, "Total Cost": 2127327.16, "Plan Rows": 1, "Plan Width": 236, "Plans": [{"Node Type": "Aggregate", "Strategy": "Sorted", "Partial Mode": "Finalize", "Parent Relationship": "Outer", "Parallel Aware": false, "Startup Cost": 2127326.65, "Total Cost": 2127329.71, "Plan Rows": 6, "Plan Width": 236, "Group Key": ["l_returnflag", "l_linestatus"], "Plans": [{"Node Type": "Gather Merge", "Parent Relationship": "Outer", "Parallel Aware": false, "Startup Cost": 2127326.65, "Total Cost": 2127328.78, "Plan Rows": 18, "Plan Width": 236, "Workers Planned": 3, "Plans": [{"Node Type": "Sort", "Parent Relationship": "Outer", "Parallel Aware": false, "Startup Cost": 2126326.61, "Total Cost": 2126326.63, "Plan Rows": 6, "Plan Width": 236, "Sort Key": ["l_returnflag", "l_linestatus"], "Plans": [{"Node Type": "Aggregate", "Strategy": "Hashed", "Partial Mode": "Partial", "Parent Relationship": "Outer", "Parallel Aware": false, "Startup Cost": 2126326.37, "Total Cost": 2126326.53, "Plan Rows": 6, "Plan Width": 236, "Group Key": ["l_returnflag", "l_linestatus"], "Plans": [{"Node Type": "Seq Scan", "Parent Relationship": "Outer", "Parallel Aware": true, "Relation Name": "lineitem", "Alias": "lineitem", "Startup Cost": 0.0, "Total Cost": 1366420.13, "Plan Rows": 18997656, "Plan Width": 25, "Filter": "(l_shipdate <= '1998-08-20 00:00:00'::timestamp without time zone)"}]}]}]}]}]}}, {"Plan": {"Node Type": "Limit", "Parallel Aware": false, "Startup Cost": 2127326.65, "Total Cost": 2127327.16, "Plan Rows": 1, "Plan Width": 236, "Plans": [{"Node Type": "Aggregate", "Strategy": "Sorted", "Partial Mode": "Finalize", "Parent Relationship": "Outer", "Parallel Aware": false, "Startup Cost": 2127326.65, "Total Cost": 2127329.71, "Plan Rows": 6, "Plan Width": 236, "Group Key": ["l_returnflag", "l_linestatus"], "Plans": [{"Node Type": "Gather Merge", "Parent Relationship": "Outer", "Parallel Aware": false, "Startup Cost": 2127326.65, "Total Cost": 2127328.78, "Plan Rows": 18, "Plan Width": 236, "Workers Planned": 3, "Plans": [{"Node Type": "Sort", "Parent Relationship": "Outer", "Parallel Aware": false, "Startup Cost": 2126326.61, "Total Cost": 2126326.63, "Plan Rows": 6, "Plan Width": 236, "Sort Key": ["l_returnflag", "l_linestatus"], "Plans": [{"Node Type": "Aggregate", "Strategy": "Hashed", "Partial Mode": "Partial", "Parent Relationship": "Outer", "Parallel Aware": false, "Startup Cost": 2126326.37, "Total Cost": 2126326.53, "Plan Rows": 6, "Plan Width": 236, "Group Key": ["l_returnflag", "l_linestatus"], "Plans": [{"Node Type": "Seq Scan", "Parent Relationship": "Outer", "Parallel Aware": true, "Relation Name": "lineitem", "Alias": "lineitem", "Startup Cost": 0.0, "Total Cost": 1366420.13, "Plan Rows": 18997656, "Plan Width": 25, "Filter": "(l_shipdate <= '1998-08-20 00:00:00'::timestamp without time zone)"}]}]}]}]}]}}, {"Plan": {"Node Type": "Limit", "Parallel Aware": false, "Startup Cost": 2832981.55, "Total Cost": 2832982.06, "Plan Rows": 1, "Plan Width": 236, "Plans": [{"Node Type": "Aggregate", "Strategy": "Sorted", "Partial Mode": "Finalize", "Parent Relationship": "Outer", "Parallel Aware": false, "Startup Cost": 2832981.55, "Total Cost": 2832984.61, "Plan Rows": 6, "Plan Width": 236, "Group Key": ["l_returnflag", "l_linestatus"], "Plans": [{"Node Type": "Gather Merge", "Parent Relationship": "Outer", "Parallel Aware": false, "Startup Cost": 2832981.55, "Total Cost": 2832983.68, "Plan Rows": 18, "Plan Width": 236, "Workers Planned": 3, "Plans": [{"Node Type": "Sort", "Parent Relationship": "Outer", "Parallel Aware": false, "Startup Cost": 2831981.51, "Total Cost": 2831981.52, "Plan Rows": 6, "Plan Width": 236, "Sort Key": ["l_returnflag", "l_linestatus"], "Plans": [{"Node Type": "Aggregate", "Strategy": "Hashed", "Partial Mode": "Partial", "Parent Relationship": "Outer", "Parallel Aware": false, "Startup Cost": 2831981.26, "Total Cost": 2831981.43, "Plan Rows": 6, "Plan Width": 236, "Group Key": ["l_returnflag", "l_linestatus"], "Plans": [{"Node Type": "Bitmap Heap Scan", "Parent Relationship": "Outer", "Parallel Aware": true, "Relation Name": "lineitem", "Alias": "lineitem", "Startup Cost": 706202.85, "Total Cost": 2072075.02, "Plan Rows": 18997656, "Plan Width": 25, "Recheck Cond": "(l_shipdate <= '1998-08-20 00:00:00'::timestamp without time zone)", "Plans": [{"Node Type": "Bitmap Index Scan", "Parent Relationship": "Outer", "Parallel Aware": false, "Index Name": "idx_lineitem_shipdate", "Startup Cost": 0.0, "Total Cost": 691479.66, "Plan Rows": 58892733, "Plan Width": 0, "Index Cond": "(l_shipdate <= '1998-08-20 00:00:00'::timestamp without time zone)"}]}]}]}]}]}]}}, {"Plan": {"Node Type": "Limit", "Parallel Aware": false, "Startup Cost": 2127326.65, "Total Cost": 2127327.16, "Plan Rows": 1, "Plan Width": 236, "Plans": [{"Node Type": "Aggregate", "Strategy": "Sorted", "Partial Mode": "Finalize", "Parent Relationship": "Outer", "Parallel Aware": false, "Startup Cost": 2127326.65, "Total Cost": 2127329.71, "Plan Rows": 6, "Plan Width": 236, "Group Key": ["l_returnflag", "l_linestatus"], "Plans": [{"Node Type": "Gather Merge", "Parent Relationship": "Outer", "Parallel Aware": false, "Startup Cost": 2127326.65, "Total Cost": 2127328.78, "Plan Rows": 18, "Plan Width": 236, "Workers Planned": 3, "Plans": [{"Node Type": "Sort", "Parent Relationship": "Outer", "Parallel Aware": false, "Startup Cost": 2126326.61, "Total Cost": 2126326.63, "Plan Rows": 6, "Plan Width": 236, "Sort Key": ["l_returnflag", "l_linestatus"], "Plans": [{"Node Type": "Aggregate", "Strategy": "Hashed", "Partial Mode": "Partial", "Parent Relationship": "Outer", "Parallel Aware": false, "Startup Cost": 2126326.37, "Total Cost": 2126326.53, "Plan Rows": 6, "Plan Width": 236, "Group Key": ["l_returnflag", "l_linestatus"], "Plans": [{"Node Type": "Seq Scan", "Parent Relationship": "Outer", "Parallel Aware": true, "Relation Name": "lineitem", "Alias": "lineitem", "Startup Cost": 0.0, "Total Cost": 1366420.13, "Plan Rows": 18997656, "Plan Width": 25, "Filter": "(l_shipdate <= '1998-08-20 00:00:00'::timestamp without time zone)"}]}]}]}]}]}}, {"Plan": {"Node Type": "Limit", "Parallel Aware": false, "Startup Cost": 2127326.65, "Total Cost": 2127327.16, "Plan Rows": 1, "Plan Width": 236, "Plans": [{"Node Type": "Aggregate", "Strategy": "Sorted", "Partial Mode": "Finalize", "Parent Relationship": "Outer", "Parallel Aware": false, "Startup Cost": 2127326.65, "Total Cost": 2127329.71, "Plan Rows": 6, "Plan Width": 236, "Group Key": ["l_returnflag", "l_linestatus"], "Plans": [{"Node Type": "Gather Merge", "Parent Relationship": "Outer", "Parallel Aware": false, "Startup Cost": 2127326.65, "Total Cost": 2127328.78, "Plan Rows": 18, "Plan Width": 236, "Workers Planned": 3, "Plans": [{"Node Type": "Sort", "Parent Relationship": "Outer", "Parallel Aware": false, "Startup Cost": 2126326.61, "Total Cost": 2126326.63, "Plan Rows": 6, "Plan Width": 236, "Sort Key": ["l_returnflag", "l_linestatus"], "Plans": [{"Node Type": "Aggregate", "Strategy": "Hashed", "Partial Mode": "Partial", "Parent Relationship": "Outer", "Parallel Aware": false, "Startup Cost": 2126326.37, "Total Cost": 2126326.53, "Plan Rows": 6, "Plan Width": 236, "Group Key": ["l_returnflag", "l_linestatus"], "Plans": [{"Node Type": "Seq Scan", "Parent Relationship": "Outer", "Parallel Aware": true, "Relation Name": "lineitem", "Alias": "lineitem", "Startup Cost": 0.0, "Total Cost": 1366420.13, "Plan Rows": 18997656, "Plan Width": 25, "Filter": "(l_shipdate <= '1998-08-20 00:00:00'::timestamp without time zone)"}]}]}]}]}]}}, {"Plan": {"Node Type": "Limit", "Parallel Aware": false, "Startup Cost": 2127326.65, "Total Cost": 2127327.16, "Plan Rows": 1, "Plan Width": 236, "Plans": [{"Node Type": "Aggregate", "Strategy": "Sorted", "Partial Mode": "Finalize", "Parent Relationship": "Outer", "Parallel Aware": false, "Startup Cost": 2127326.65, "Total Cost": 2127329.71, "Plan Rows": 6, "Plan Width": 236, "Group Key": ["l_returnflag", "l_linestatus"], "Plans": [{"Node Type": "Gather Merge", "Parent Relationship": "Outer", "Parallel Aware": false, "Startup Cost": 2127326.65, "Total Cost": 2127328.78, "Plan Rows": 18, "Plan Width": 236, "Workers Planned": 3, "Plans": [{"Node Type": "Sort", "Parent Relationship": "Outer", "Parallel Aware": false, "Startup Cost": 2126326.61, "Total Cost": 2126326.63, "Plan Rows": 6, "Plan Width": 236, "Sort Key": ["l_returnflag", "l_linestatus"], "Plans": [{"Node Type": "Aggregate", "Strategy": "Hashed", "Partial Mode": "Partial", "Parent Relationship": "Outer", "Parallel Aware": false, "Startup Cost": 2126326.37, "Total Cost": 2126326.53, "Plan Rows": 6, "Plan Width": 236, "Group Key": ["l_returnflag", "l_linestatus"], "Plans": [{"Node Type": "Seq Scan", "Parent Relationship": "Outer", "Parallel Aware": true, "Relation Name": "lineitem", "Alias": "lineitem", "Startup Cost": 0.0, "Total Cost": 1366420.13, "Plan Rows": 18997656, "Plan Width": 25, "Filter": "(l_shipdate <= '1998-08-20 00:00:00'::timestamp without time zone)"}]}]}]}]}]}}, {"Plan": {"Node Type": "Limit", "Parallel Aware": false, "Startup Cost": 2127326.65, "Total Cost": 2127327.16, "Plan Rows": 1, "Plan Width": 236, "Plans": [{"Node Type": "Aggregate", "Strategy": "Sorted", "Partial Mode": "Finalize", "Parent Relationship": "Outer", "Parallel Aware": false, "Startup Cost": 2127326.65, "Total Cost": 2127329.71, "Plan Rows": 6, "Plan Width": 236, "Group Key": ["l_returnflag", "l_linestatus"], "Plans": [{"Node Type": "Gather Merge", "Parent Relationship": "Outer", "Parallel Aware": false, "Startup Cost": 2127326.65, "Total Cost": 2127328.78, "Plan Rows": 18, "Plan Width": 236, "Workers Planned": 3, "Plans": [{"Node Type": "Sort", "Parent Relationship": "Outer", "Parallel Aware": false, "Startup Cost": 2126326.61, "Total Cost": 2126326.63, "Plan Rows": 6, "Plan Width": 236, "Sort Key": ["l_returnflag", "l_linestatus"], "Plans": [{"Node Type": "Aggregate", "Strategy": "Hashed", "Partial Mode": "Partial", "Parent Relationship": "Outer", "Parallel Aware": false, "Startup Cost": 2126326.37, "Total Cost": 2126326.53, "Plan Rows": 6, "Plan Width": 236, "Group Key": ["l_returnflag", "l_linestatus"], "Plans": [{"Node Type": "Seq Scan", "Parent Relationship": "Outer", "Parallel Aware": true, "Relation Name": "lineitem", "Alias": "lineitem", "Startup Cost": 0.0, "Total Cost": 1366420.13, "Plan Rows": 18997656, "Plan Width": 25, "Filter": "(l_shipdate <= '1998-08-20 00:00:00'::timestamp without time zone)"}]}]}]}]}]}}, {"Plan": {"Node Type": "Limit", "Parallel Aware": false, "Startup Cost": 2127326.65, "Total Cost": 2127327.16, "Plan Rows": 1, "Plan Width": 236, "Plans": [{"Node Type": "Aggregate", "Strategy": "Sorted", "Partial Mode": "Finalize", "Parent Relationship": "Outer", "Parallel Aware": false, "Startup Cost": 2127326.65, "Total Cost": 2127329.71, "Plan Rows": 6, "Plan Width": 236, "Group Key": ["l_returnflag", "l_linestatus"], "Plans": [{"Node Type": "Gather Merge", "Parent Relationship": "Outer", "Parallel Aware": false, "Startup Cost": 2127326.65, "Total Cost": 2127328.78, "Plan Rows": 18, "Plan Width": 236, "Workers Planned": 3, "Plans": [{"Node Type": "Sort", "Parent Relationship": "Outer", "Parallel Aware": false, "Startup Cost": 2126326.61, "Total Cost": 2126326.63, "Plan Rows": 6, "Plan Width": 236, "Sort Key": ["l_returnflag", "l_linestatus"], "Plans": [{"Node Type": "Aggregate", "Strategy": "Hashed", "Partial Mode": "Partial", "Parent Relationship": "Outer", "Parallel Aware": false, "Startup Cost": 2126326.37, "Total Cost": 2126326.53, "Plan Rows": 6, "Plan Width": 236, "Group Key": ["l_returnflag", "l_linestatus"], "Plans": [{"Node Type": "Seq Scan", "Parent Relationship": "Outer", "Parallel Aware": true, "Relation Name": "lineitem", "Alias": "lineitem", "Startup Cost": 0.0, "Total Cost": 1366420.13, "Plan Rows": 18997656, "Plan Width": 25, "Filter": "(l_shipdate <= '1998-08-20 00:00:00'::timestamp without time zone)"}]}]}]}]}]}}, {"Plan": {"Node Type": "Limit", "Parallel Aware": false, "Startup Cost": 2127326.65, "Total Cost": 2127327.16, "Plan Rows": 1, "Plan Width": 236, "Plans": [{"Node Type": "Aggregate", "Strategy": "Sorted", "Partial Mode": "Finalize", "Parent Relationship": "Outer", "Parallel Aware": false, "Startup Cost": 2127326.65, "Total Cost": 2127329.71, "Plan Rows": 6, "Plan Width": 236, "Group Key": ["l_returnflag", "l_linestatus"], "Plans": [{"Node Type": "Gather Merge", "Parent Relationship": "Outer", "Parallel Aware": false, "Startup Cost": 2127326.65, "Total Cost": 2127328.78, "Plan Rows": 18, "Plan Width": 236, "Workers Planned": 3, "Plans": [{"Node Type": "Sort", "Parent Relationship": "Outer", "Parallel Aware": false, "Startup Cost": 2126326.61, "Total Cost": 2126326.63, "Plan Rows": 6, "Plan Width": 236, "Sort Key": ["l_returnflag", "l_linestatus"], "Plans": [{"Node Type": "Aggregate", "Strategy": "Hashed", "Partial Mode": "Partial", "Parent Relationship": "Outer", "Parallel Aware": false, "Startup Cost": 2126326.37, "Total Cost": 2126326.53, "Plan Rows": 6, "Plan Width": 236, "Group Key": ["l_returnflag", "l_linestatus"], "Plans": [{"Node Type": "Seq Scan", "Parent Relationship": "Outer", "Parallel Aware": true, "Relation Name": "lineitem", "Alias": "lineitem", "Startup Cost": 0.0, "Total Cost": 1366420.13, "Plan Rows": 18997656, "Plan Width": 25, "Filter": "(l_shipdate <= '1998-08-20 00:00:00'::timestamp without time zone)"}]}]}]}]}]}}, {"Plan": {"Node Type": "Limit", "Parallel Aware": false, "Startup Cost": 2832981.55, "Total Cost": 2832982.06, "Plan Rows": 1, "Plan Width": 236, "Plans": [{"Node Type": "Aggregate", "Strategy": "Sorted", "Partial Mode": "Finalize", "Parent Relationship": "Outer", "Parallel Aware": false, "Startup Cost": 2832981.55, "Total Cost": 2832984.61, "Plan Rows": 6, "Plan Width": 236, "Group Key": ["l_returnflag", "l_linestatus"], "Plans": [{"Node Type": "Gather Merge", "Parent Relationship": "Outer", "Parallel Aware": false, "Startup Cost": 2832981.55, "Total Cost": 2832983.68, "Plan Rows": 18, "Plan Width": 236, "Workers Planned": 3, "Plans": [{"Node Type": "Sort", "Parent Relationship": "Outer", "Parallel Aware": false, "Startup Cost": 2831981.51, "Total Cost": 2831981.52, "Plan Rows": 6, "Plan Width": 236, "Sort Key": ["l_returnflag", "l_linestatus"], "Plans": [{"Node Type": "Aggregate", "Strategy": "Hashed", "Partial Mode": "Partial", "Parent Relationship": "Outer", "Parallel Aware": false, "Startup Cost": 2831981.26, "Total Cost": 2831981.43, "Plan Rows": 6, "Plan Width": 236, "Group Key": ["l_returnflag", "l_linestatus"], "Plans": [{"Node Type": "Bitmap Heap Scan", "Parent Relationship": "Outer", "Parallel Aware": true, "Relation Name": "lineitem", "Alias": "lineitem", "Startup Cost": 706202.85, "Total Cost": 2072075.02, "Plan Rows": 18997656, "Plan Width": 25, "Recheck Cond": "(l_shipdate <= '1998-08-20 00:00:00'::timestamp without time zone)", "Plans": [{"Node Type": "Bitmap Index Scan", "Parent Relationship": "Outer", "Parallel Aware": false, "Index Name": "idx_lineitem_shipdate", "Startup Cost": 0.0, "Total Cost": 691479.66, "Plan Rows": 58892733, "Plan Width": 0, "Index Cond": "(l_shipdate <= '1998-08-20 00:00:00'::timestamp without time zone)"}]}]}]}]}]}]}}, {"Plan": {"Node Type": "Limit", "Parallel Aware": false, "Startup Cost": 2832981.55, "Total Cost": 2832982.06, "Plan Rows": 1, "Plan Width": 236, "Plans": [{"Node Type": "Aggregate", "Strategy": "Sorted", "Partial Mode": "Finalize", "Parent Relationship": "Outer", "Parallel Aware": false, "Startup Cost": 2832981.55, "Total Cost": 2832984.61, "Plan Rows": 6, "Plan Width": 236, "Group Key": ["l_returnflag", "l_linestatus"], "Plans": [{"Node Type": "Gather Merge", "Parent Relationship": "Outer", "Parallel Aware": false, "Startup Cost": 2832981.55, "Total Cost": 2832983.68, "Plan Rows": 18, "Plan Width": 236, "Workers Planned": 3, "Plans": [{"Node Type": "Sort", "Parent Relationship": "Outer", "Parallel Aware": false, "Startup Cost": 2831981.51, "Total Cost": 2831981.52, "Plan Rows": 6, "Plan Width": 236, "Sort Key": ["l_returnflag", "l_linestatus"], "Plans": [{"Node Type": "Aggregate", "Strategy": "Hashed", "Partial Mode": "Partial", "Parent Relationship": "Outer", "Parallel Aware": false, "Startup Cost": 2831981.26, "Total Cost": 2831981.43, "Plan Rows": 6, "Plan Width": 236, "Group Key": ["l_returnflag", "l_linestatus"], "Plans": [{"Node Type": "Bitmap Heap Scan", "Parent Relationship": "Outer", "Parallel Aware": true, "Relation Name": "lineitem", "Alias": "lineitem", "Startup Cost": 706202.85, "Total Cost": 2072075.02, "Plan Rows": 18997656, "Plan Width": 25, "Recheck Cond": "(l_shipdate <= '1998-08-20 00:00:00'::timestamp without time zone)", "Plans": [{"Node Type": "Bitmap Index Scan", "Parent Relationship": "Outer", "Parallel Aware": false, "Index Name": "idx_lineitem_shipdate", "Startup Cost": 0.0, "Total Cost": 691479.66, "Plan Rows": 58892733, "Plan Width": 0, "Index Cond": "(l_shipdate <= '1998-08-20 00:00:00'::timestamp without time zone)"}]}]}]}]}]}]}}, {"Plan": {"Node Type": "Limit", "Parallel Aware": false, "Startup Cost": 2127326.65, "Total Cost": 2127327.16, "Plan Rows": 1, "Plan Width": 236, "Plans": [{"Node Type": "Aggregate", "Strategy": "Sorted", "Partial Mode": "Finalize", "Parent Relationship": "Outer", "Parallel Aware": false, "Startup Cost": 2127326.65, "Total Cost": 2127329.71, "Plan Rows": 6, "Plan Width": 236, "Group Key": ["l_returnflag", "l_linestatus"], "Plans": [{"Node Type": "Gather Merge", "Parent Relationship": "Outer", "Parallel Aware": false, "Startup Cost": 2127326.65, "Total Cost": 2127328.78, "Plan Rows": 18, "Plan Width": 236, "Workers Planned": 3, "Plans": [{"Node Type": "Sort", "Parent Relationship": "Outer", "Parallel Aware": false, "Startup Cost": 2126326.61, "Total Cost": 2126326.63, "Plan Rows": 6, "Plan Width": 236, "Sort Key": ["l_returnflag", "l_linestatus"], "Plans": [{"Node Type": "Aggregate", "Strategy": "Hashed", "Partial Mode": "Partial", "Parent Relationship": "Outer", "Parallel Aware": false, "Startup Cost": 2126326.37, "Total Cost": 2126326.53, "Plan Rows": 6, "Plan Width": 236, "Group Key": ["l_returnflag", "l_linestatus"], "Plans": [{"Node Type": "Seq Scan", "Parent Relationship": "Outer", "Parallel Aware": true, "Relation Name": "lineitem", "Alias": "lineitem", "Startup Cost": 0.0, "Total Cost": 1366420.13, "Plan Rows": 18997656, "Plan Width": 25, "Filter": "(l_shipdate <= '1998-08-20 00:00:00'::timestamp without time zone)"}]}]}]}]}]}}, {"Plan": {"Node Type": "Limit", "Parallel Aware": false, "Startup Cost": 2127326.65, "Total Cost": 2127327.16, "Plan Rows": 1, "Plan Width": 236, "Plans": [{"Node Type": "Aggregate", "Strategy": "Sorted", "Partial Mode": "Finalize", "Parent Relationship": "Outer", "Parallel Aware": false, "Startup Cost": 2127326.65, "Total Cost": 2127329.71, "Plan Rows": 6, "Plan Width": 236, "Group Key": ["l_returnflag", "l_linestatus"], "Plans": [{"Node Type": "Gather Merge", "Parent Relationship": "Outer", "Parallel Aware": false, "Startup Cost": 2127326.65, "Total Cost": 2127328.78, "Plan Rows": 18, "Plan Width": 236, "Workers Planned": 3, "Plans": [{"Node Type": "Sort", "Parent Relationship": "Outer", "Parallel Aware": false, "Startup Cost": 2126326.61, "Total Cost": 2126326.63, "Plan Rows": 6, "Plan Width": 236, "Sort Key": ["l_returnflag", "l_linestatus"], "Plans": [{"Node Type": "Aggregate", "Strategy": "Hashed", "Partial Mode": "Partial", "Parent Relationship": "Outer", "Parallel Aware": false, "Startup Cost": 2126326.37, "Total Cost": 2126326.53, "Plan Rows": 6, "Plan Width": 236, "Group Key": ["l_returnflag", "l_linestatus"], "Plans": [{"Node Type": "Seq Scan", "Parent Relationship": "Outer", "Parallel Aware": true, "Relation Name": "lineitem", "Alias": "lineitem", "Startup Cost": 0.0, "Total Cost": 1366420.13, "Plan Rows": 18997656, "Plan Width": 25, "Filter": "(l_shipdate <= '1998-08-20 00:00:00'::timestamp without time zone)"}]}]}]}]}]}}, {"Plan": {"Node Type": "Limit", "Parallel Aware": false, "Startup Cost": 2832981.55, "Total Cost": 2832982.06, "Plan Rows": 1, "Plan Width": 236, "Plans": [{"Node Type": "Aggregate", "Strategy": "Sorted", "Partial Mode": "Finalize", "Parent Relationship": "Outer", "Parallel Aware": false, "Startup Cost": 2832981.55, "Total Cost": 2832984.61, "Plan Rows": 6, "Plan Width": 236, "Group Key": ["l_returnflag", "l_linestatus"], "Plans": [{"Node Type": "Gather Merge", "Parent Relationship": "Outer", "Parallel Aware": false, "Startup Cost": 2832981.55, "Total Cost": 2832983.68, "Plan Rows": 18, "Plan Width": 236, "Workers Planned": 3, "Plans": [{"Node Type": "Sort", "Parent Relationship": "Outer", "Parallel Aware": false, "Startup Cost": 2831981.51, "Total Cost": 2831981.52, "Plan Rows": 6, "Plan Width": 236, "Sort Key": ["l_returnflag", "l_linestatus"], "Plans": [{"Node Type": "Aggregate", "Strategy": "Hashed", "Partial Mode": "Partial", "Parent Relationship": "Outer", "Parallel Aware": false, "Startup Cost": 2831981.26, "Total Cost": 2831981.43, "Plan Rows": 6, "Plan Width": 236, "Group Key": ["l_returnflag", "l_linestatus"], "Plans": [{"Node Type": "Bitmap Heap Scan", "Parent Relationship": "Outer", "Parallel Aware": true, "Relation Name": "lineitem", "Alias": "lineitem", "Startup Cost": 706202.85, "Total Cost": 2072075.02, "Plan Rows": 18997656, "Plan Width": 25, "Recheck Cond": "(l_shipdate <= '1998-08-20 00:00:00'::timestamp without time zone)", "Plans": [{"Node Type": "Bitmap Index Scan", "Parent Relationship": "Outer", "Parallel Aware": false, "Index Name": "idx_lineitem_shipdate", "Startup Cost": 0.0, "Total Cost": 691479.66, "Plan Rows": 58892733, "Plan Width": 0, "Index Cond": "(l_shipdate <= '1998-08-20 00:00:00'::timestamp without time zone)"}]}]}]}]}]}]}}, {"Plan": {"Node Type": "Limit", "Parallel Aware": false, "Startup Cost": 2127326.65, "Total Cost": 2127327.16, "Plan Rows": 1, "Plan Width": 236, "Plans": [{"Node Type": "Aggregate", "Strategy": "Sorted", "Partial Mode": "Finalize", "Parent Relationship": "Outer", "Parallel Aware": false, "Startup Cost": 2127326.65, "Total Cost": 2127329.71, "Plan Rows": 6, "Plan Width": 236, "Group Key": ["l_returnflag", "l_linestatus"], "Plans": [{"Node Type": "Gather Merge", "Parent Relationship": "Outer", "Parallel Aware": false, "Startup Cost": 2127326.65, "Total Cost": 2127328.78, "Plan Rows": 18, "Plan Width": 236, "Workers Planned": 3, "Plans": [{"Node Type": "Sort", "Parent Relationship": "Outer", "Parallel Aware": false, "Startup Cost": 2126326.61, "Total Cost": 2126326.63, "Plan Rows": 6, "Plan Width": 236, "Sort Key": ["l_returnflag", "l_linestatus"], "Plans": [{"Node Type": "Aggregate", "Strategy": "Hashed", "Partial Mode": "Partial", "Parent Relationship": "Outer", "Parallel Aware": false, "Startup Cost": 2126326.37, "Total Cost": 2126326.53, "Plan Rows": 6, "Plan Width": 236, "Group Key": ["l_returnflag", "l_linestatus"], "Plans": [{"Node Type": "Seq Scan", "Parent Relationship": "Outer", "Parallel Aware": true, "Relation Name": "lineitem", "Alias": "lineitem", "Startup Cost": 0.0, "Total Cost": 1366420.13, "Plan Rows": 18997656, "Plan Width": 25, "Filter": "(l_shipdate <= '1998-08-20 00:00:00'::timestamp without time zone)"}]}]}]}]}]}}, {"Plan": {"Node Type": "Limit", "Parallel Aware": false, "Startup Cost": 2832981.55, "Total Cost": 2832982.06, "Plan Rows": 1, "Plan Width": 236, "Plans": [{"Node Type": "Aggregate", "Strategy": "Sorted", "Partial Mode": "Finalize", "Parent Relationship": "Outer", "Parallel Aware": false, "Startup Cost": 2832981.55, "Total Cost": 2832984.61, "Plan Rows": 6, "Plan Width": 236, "Group Key": ["l_returnflag", "l_linestatus"], "Plans": [{"Node Type": "Gather Merge", "Parent Relationship": "Outer", "Parallel Aware": false, "Startup Cost": 2832981.55, "Total Cost": 2832983.68, "Plan Rows": 18, "Plan Width": 236, "Workers Planned": 3, "Plans": [{"Node Type": "Sort", "Parent Relationship": "Outer", "Parallel Aware": false, "Startup Cost": 2831981.51, "Total Cost": 2831981.52, "Plan Rows": 6, "Plan Width": 236, "Sort Key": ["l_returnflag", "l_linestatus"], "Plans": [{"Node Type": "Aggregate", "Strategy": "Hashed", "Partial Mode": "Partial", "Parent Relationship": "Outer", "Parallel Aware": false, "Startup Cost": 2831981.26, "Total Cost": 2831981.43, "Plan Rows": 6, "Plan Width": 236, "Group Key": ["l_returnflag", "l_linestatus"], "Plans": [{"Node Type": "Bitmap Heap Scan", "Parent Relationship": "Outer", "Parallel Aware": true, "Relation Name": "lineitem", "Alias": "lineitem", "Startup Cost": 706202.85, "Total Cost": 2072075.02, "Plan Rows": 18997656, "Plan Width": 25, "Recheck Cond": "(l_shipdate <= '1998-08-20 00:00:00'::timestamp without time zone)", "Plans": [{"Node Type": "Bitmap Index Scan", "Parent Relationship": "Outer", "Parallel Aware": false, "Index Name": "idx_lineitem_shipdate", "Startup Cost": 0.0, "Total Cost": 691479.66, "Plan Rows": 58892733, "Plan Width": 0, "Index Cond": "(l_shipdate <= '1998-08-20 00:00:00'::timestamp without time zone)"}]}]}]}]}]}]}}, {"Plan": {"Node Type": "Limit", "Parallel Aware": false, "Startup Cost": 2832981.55, "Total Cost": 2832982.06, "Plan Rows": 1, "Plan Width": 236, "Plans": [{"Node Type": "Aggregate", "Strategy": "Sorted", "Partial Mode": "Finalize", "Parent Relationship": "Outer", "Parallel Aware": false, "Startup Cost": 2832981.55, "Total Cost": 2832984.61, "Plan Rows": 6, "Plan Width": 236, "Group Key": ["l_returnflag", "l_linestatus"], "Plans": [{"Node Type": "Gather Merge", "Parent Relationship": "Outer", "Parallel Aware": false, "Startup Cost": 2832981.55, "Total Cost": 2832983.68, "Plan Rows": 18, "Plan Width": 236, "Workers Planned": 3, "Plans": [{"Node Type": "Sort", "Parent Relationship": "Outer", "Parallel Aware": false, "Startup Cost": 2831981.51, "Total Cost": 2831981.52, "Plan Rows": 6, "Plan Width": 236, "Sort Key": ["l_returnflag", "l_linestatus"], "Plans": [{"Node Type": "Aggregate", "Strategy": "Hashed", "Partial Mode": "Partial", "Parent Relationship": "Outer", "Parallel Aware": false, "Startup Cost": 2831981.26, "Total Cost": 2831981.43, "Plan Rows": 6, "Plan Width": 236, "Group Key": ["l_returnflag", "l_linestatus"], "Plans": [{"Node Type": "Bitmap Heap Scan", "Parent Relationship": "Outer", "Parallel Aware": true, "Relation Name": "lineitem", "Alias": "lineitem", "Startup Cost": 706202.85, "Total Cost": 2072075.02, "Plan Rows": 18997656, "Plan Width": 25, "Recheck Cond": "(l_shipdate <= '1998-08-20 00:00:00'::timestamp without time zone)", "Plans": [{"Node Type": "Bitmap Index Scan", "Parent Relationship": "Outer", "Parallel Aware": false, "Index Name": "idx_lineitem_shipdate", "Startup Cost": 0.0, "Total Cost": 691479.66, "Plan Rows": 58892733, "Plan Width": 0, "Index Cond": "(l_shipdate <= '1998-08-20 00:00:00'::timestamp without time zone)"}]}]}]}]}]}]}}, {"Plan": {"Node Type": "Limit", "Parallel Aware": false, "Startup Cost": 2127326.65, "Total Cost": 2127327.16, "Plan Rows": 1, "Plan Width": 236, "Plans": [{"Node Type": "Aggregate", "Strategy": "Sorted", "Partial Mode": "Finalize", "Parent Relationship": "Outer", "Parallel Aware": false, "Startup Cost": 2127326.65, "Total Cost": 2127329.71, "Plan Rows": 6, "Plan Width": 236, "Group Key": ["l_returnflag", "l_linestatus"], "Plans": [{"Node Type": "Gather Merge", "Parent Relationship": "Outer", "Parallel Aware": false, "Startup Cost": 2127326.65, "Total Cost": 2127328.78, "Plan Rows": 18, "Plan Width": 236, "Workers Planned": 3, "Plans": [{"Node Type": "Sort", "Parent Relationship": "Outer", "Parallel Aware": false, "Startup Cost": 2126326.61, "Total Cost": 2126326.63, "Plan Rows": 6, "Plan Width": 236, "Sort Key": ["l_returnflag", "l_linestatus"], "Plans": [{"Node Type": "Aggregate", "Strategy": "Hashed", "Partial Mode": "Partial", "Parent Relationship": "Outer", "Parallel Aware": false, "Startup Cost": 2126326.37, "Total Cost": 2126326.53, "Plan Rows": 6, "Plan Width": 236, "Group Key": ["l_returnflag", "l_linestatus"], "Plans": [{"Node Type": "Seq Scan", "Parent Relationship": "Outer", "Parallel Aware": true, "Relation Name": "lineitem", "Alias": "lineitem", "Startup Cost": 0.0, "Total Cost": 1366420.13, "Plan Rows": 18997656, "Plan Width": 25, "Filter": "(l_shipdate <= '1998-08-20 00:00:00'::timestamp without time zone)"}]}]}]}]}]}}, {"Plan": {"Node Type": "Limit", "Parallel Aware": false, "Startup Cost": 2127326.65, "Total Cost": 2127327.16, "Plan Rows": 1, "Plan Width": 236, "Plans": [{"Node Type": "Aggregate", "Strategy": "Sorted", "Partial Mode": "Finalize", "Parent Relationship": "Outer", "Parallel Aware": false, "Startup Cost": 2127326.65, "Total Cost": 2127329.71, "Plan Rows": 6, "Plan Width": 236, "Group Key": ["l_returnflag", "l_linestatus"], "Plans": [{"Node Type": "Gather Merge", "Parent Relationship": "Outer", "Parallel Aware": false, "Startup Cost": 2127326.65, "Total Cost": 2127328.78, "Plan Rows": 18, "Plan Width": 236, "Workers Planned": 3, "Plans": [{"Node Type": "Sort", "Parent Relationship": "Outer", "Parallel Aware": false, "Startup Cost": 2126326.61, "Total Cost": 2126326.63, "Plan Rows": 6, "Plan Width": 236, "Sort Key": ["l_returnflag", "l_linestatus"], "Plans": [{"Node Type": "Aggregate", "Strategy": "Hashed", "Partial Mode": "Partial", "Parent Relationship": "Outer", "Parallel Aware": false, "Startup Cost": 2126326.37, "Total Cost": 2126326.53, "Plan Rows": 6, "Plan Width": 236, "Group Key": ["l_returnflag", "l_linestatus"], "Plans": [{"Node Type": "Seq Scan", "Parent Relationship": "Outer", "Parallel Aware": true, "Relation Name": "lineitem", "Alias": "lineitem", "Startup Cost": 0.0, "Total Cost": 1366420.13, "Plan Rows": 18997656, "Plan Width": 25, "Filter": "(l_shipdate <= '1998-08-20 00:00:00'::timestamp without time zone)"}]}]}]}]}]}}, {"Plan": {"Node Type": "Limit", "Parallel Aware": false, "Startup Cost": 2832981.55, "Total Cost": 2832982.06, "Plan Rows": 1, "Plan Width": 236, "Plans": [{"Node Type": "Aggregate", "Strategy": "Sorted", "Partial Mode": "Finalize", "Parent Relationship": "Outer", "Parallel Aware": false, "Startup Cost": 2832981.55, "Total Cost": 2832984.61, "Plan Rows": 6, "Plan Width": 236, "Group Key": ["l_returnflag", "l_linestatus"], "Plans": [{"Node Type": "Gather Merge", "Parent Relationship": "Outer", "Parallel Aware": false, "Startup Cost": 2832981.55, "Total Cost": 2832983.68, "Plan Rows": 18, "Plan Width": 236, "Workers Planned": 3, "Plans": [{"Node Type": "Sort", "Parent Relationship": "Outer", "Parallel Aware": false, "Startup Cost": 2831981.51, "Total Cost": 2831981.52, "Plan Rows": 6, "Plan Width": 236, "Sort Key": ["l_returnflag", "l_linestatus"], "Plans": [{"Node Type": "Aggregate", "Strategy": "Hashed", "Partial Mode": "Partial", "Parent Relationship": "Outer", "Parallel Aware": false, "Startup Cost": 2831981.26, "Total Cost": 2831981.43, "Plan Rows": 6, "Plan Width": 236, "Group Key": ["l_returnflag", "l_linestatus"], "Plans": [{"Node Type": "Bitmap Heap Scan", "Parent Relationship": "Outer", "Parallel Aware": true, "Relation Name": "lineitem", "Alias": "lineitem", "Startup Cost": 706202.85, "Total Cost": 2072075.02, "Plan Rows": 18997656, "Plan Width": 25, "Recheck Cond": "(l_shipdate <= '1998-08-20 00:00:00'::timestamp without time zone)", "Plans": [{"Node Type": "Bitmap Index Scan", "Parent Relationship": "Outer", "Parallel Aware": false, "Index Name": "idx_lineitem_shipdate", "Startup Cost": 0.0, "Total Cost": 691479.66, "Plan Rows": 58892733, "Plan Width": 0, "Index Cond": "(l_shipdate <= '1998-08-20 00:00:00'::timestamp without time zone)"}]}]}]}]}]}]}}, {"Plan": {"Node Type": "Limit", "Parallel Aware": false, "Startup Cost": 2127326.65, "Total Cost": 2127327.16, "Plan Rows": 1, "Plan Width": 236, "Plans": [{"Node Type": "Aggregate", "Strategy": "Sorted", "Partial Mode": "Finalize", "Parent Relationship": "Outer", "Parallel Aware": false, "Startup Cost": 2127326.65, "Total Cost": 2127329.71, "Plan Rows": 6, "Plan Width": 236, "Group Key": ["l_returnflag", "l_linestatus"], "Plans": [{"Node Type": "Gather Merge", "Parent Relationship": "Outer", "Parallel Aware": false, "Startup Cost": 2127326.65, "Total Cost": 2127328.78, "Plan Rows": 18, "Plan Width": 236, "Workers Planned": 3, "Plans": [{"Node Type": "Sort", "Parent Relationship": "Outer", "Parallel Aware": false, "Startup Cost": 2126326.61, "Total Cost": 2126326.63, "Plan Rows": 6, "Plan Width": 236, "Sort Key": ["l_returnflag", "l_linestatus"], "Plans": [{"Node Type": "Aggregate", "Strategy": "Hashed", "Partial Mode": "Partial", "Parent Relationship": "Outer", "Parallel Aware": false, "Startup Cost": 2126326.37, "Total Cost": 2126326.53, "Plan Rows": 6, "Plan Width": 236, "Group Key": ["l_returnflag", "l_linestatus"], "Plans": [{"Node Type": "Seq Scan", "Parent Relationship": "Outer", "Parallel Aware": true, "Relation Name": "lineitem", "Alias": "lineitem", "Startup Cost": 0.0, "Total Cost": 1366420.13, "Plan Rows": 18997656, "Plan Width": 25, "Filter": "(l_shipdate <= '1998-08-20 00:00:00'::timestamp without time zone)"}]}]}]}]}]}}, {"Plan": {"Node Type": "Limit", "Parallel Aware": false, "Startup Cost": 2832981.55, "Total Cost": 2832982.06, "Plan Rows": 1, "Plan Width": 236, "Plans": [{"Node Type": "Aggregate", "Strategy": "Sorted", "Partial Mode": "Finalize", "Parent Relationship": "Outer", "Parallel Aware": false, "Startup Cost": 2832981.55, "Total Cost": 2832984.61, "Plan Rows": 6, "Plan Width": 236, "Group Key": ["l_returnflag", "l_linestatus"], "Plans": [{"Node Type": "Gather Merge", "Parent Relationship": "Outer", "Parallel Aware": false, "Startup Cost": 2832981.55, "Total Cost": 2832983.68, "Plan Rows": 18, "Plan Width": 236, "Workers Planned": 3, "Plans": [{"Node Type": "Sort", "Parent Relationship": "Outer", "Parallel Aware": false, "Startup Cost": 2831981.51, "Total Cost": 2831981.52, "Plan Rows": 6, "Plan Width": 236, "Sort Key": ["l_returnflag", "l_linestatus"], "Plans": [{"Node Type": "Aggregate", "Strategy": "Hashed", "Partial Mode": "Partial", "Parent Relationship": "Outer", "Parallel Aware": false, "Startup Cost": 2831981.26, "Total Cost": 2831981.43, "Plan Rows": 6, "Plan Width": 236, "Group Key": ["l_returnflag", "l_linestatus"], "Plans": [{"Node Type": "Bitmap Heap Scan", "Parent Relationship": "Outer", "Parallel Aware": true, "Relation Name": "lineitem", "Alias": "lineitem", "Startup Cost": 706202.85, "Total Cost": 2072075.02, "Plan Rows": 18997656, "Plan Width": 25, "Recheck Cond": "(l_shipdate <= '1998-08-20 00:00:00'::timestamp without time zone)", "Plans": [{"Node Type": "Bitmap Index Scan", "Parent Relationship": "Outer", "Parallel Aware": false, "Index Name": "idx_lineitem_shipdate", "Startup Cost": 0.0, "Total Cost": 691479.66, "Plan Rows": 58892733, "Plan Width": 0, "Index Cond": "(l_shipdate <= '1998-08-20 00:00:00'::timestamp without time zone)"}]}]}]}]}]}]}}, {"Plan": {"Node Type": "Limit", "Parallel Aware": false, "Startup Cost": 2832981.55, "Total Cost": 2832982.06, "Plan Rows": 1, "Plan Width": 236, "Plans": [{"Node Type": "Aggregate", "Strategy": "Sorted", "Partial Mode": "Finalize", "Parent Relationship": "Outer", "Parallel Aware": false, "Startup Cost": 2832981.55, "Total Cost": 2832984.61, "Plan Rows": 6, "Plan Width": 236, "Group Key": ["l_returnflag", "l_linestatus"], "Plans": [{"Node Type": "Gather Merge", "Parent Relationship": "Outer", "Parallel Aware": false, "Startup Cost": 2832981.55, "Total Cost": 2832983.68, "Plan Rows": 18, "Plan Width": 236, "Workers Planned": 3, "Plans": [{"Node Type": "Sort", "Parent Relationship": "Outer", "Parallel Aware": false, "Startup Cost": 2831981.51, "Total Cost": 2831981.52, "Plan Rows": 6, "Plan Width": 236, "Sort Key": ["l_returnflag", "l_linestatus"], "Plans": [{"Node Type": "Aggregate", "Strategy": "Hashed", "Partial Mode": "Partial", "Parent Relationship": "Outer", "Parallel Aware": false, "Startup Cost": 2831981.26, "Total Cost": 2831981.43, "Plan Rows": 6, "Plan Width": 236, "Group Key": ["l_returnflag", "l_linestatus"], "Plans": [{"Node Type": "Bitmap Heap Scan", "Parent Relationship": "Outer", "Parallel Aware": true, "Relation Name": "lineitem", "Alias": "lineitem", "Startup Cost": 706202.85, "Total Cost": 2072075.02, "Plan Rows": 18997656, "Plan Width": 25, "Recheck Cond": "(l_shipdate <= '1998-08-20 00:00:00'::timestamp without time zone)", "Plans": [{"Node Type": "Bitmap Index Scan", "Parent Relationship": "Outer", "Parallel Aware": false, "Index Name": "idx_lineitem_shipdate", "Startup Cost": 0.0, "Total Cost": 691479.66, "Plan Rows": 58892733, "Plan Width": 0, "Index Cond": "(l_shipdate <= '1998-08-20 00:00:00'::timestamp without time zone)"}]}]}]}]}]}]}}, {"Plan": {"Node Type": "Limit", "Parallel Aware": false, "Startup Cost": 2127326.65, "Total Cost": 2127327.16, "Plan Rows": 1, "Plan Width": 236, "Plans": [{"Node Type": "Aggregate", "Strategy": "Sorted", "Partial Mode": "Finalize", "Parent Relationship": "Outer", "Parallel Aware": false, "Startup Cost": 2127326.65, "Total Cost": 2127329.71, "Plan Rows": 6, "Plan Width": 236, "Group Key": ["l_returnflag", "l_linestatus"], "Plans": [{"Node Type": "Gather Merge", "Parent Relationship": "Outer", "Parallel Aware": false, "Startup Cost": 2127326.65, "Total Cost": 2127328.78, "Plan Rows": 18, "Plan Width": 236, "Workers Planned": 3, "Plans": [{"Node Type": "Sort", "Parent Relationship": "Outer", "Parallel Aware": false, "Startup Cost": 2126326.61, "Total Cost": 2126326.63, "Plan Rows": 6, "Plan Width": 236, "Sort Key": ["l_returnflag", "l_linestatus"], "Plans": [{"Node Type": "Aggregate", "Strategy": "Hashed", "Partial Mode": "Partial", "Parent Relationship": "Outer", "Parallel Aware": false, "Startup Cost": 2126326.37, "Total Cost": 2126326.53, "Plan Rows": 6, "Plan Width": 236, "Group Key": ["l_returnflag", "l_linestatus"], "Plans": [{"Node Type": "Seq Scan", "Parent Relationship": "Outer", "Parallel Aware": true, "Relation Name": "lineitem", "Alias": "lineitem", "Startup Cost": 0.0, "Total Cost": 1366420.13, "Plan Rows": 18997656, "Plan Width": 25, "Filter": "(l_shipdate <= '1998-08-20 00:00:00'::timestamp without time zone)"}]}]}]}]}]}}, {"Plan": {"Node Type": "Limit", "Parallel Aware": false, "Startup Cost": 2127326.65, "Total Cost": 2127327.16, "Plan Rows": 1, "Plan Width": 236, "Plans": [{"Node Type": "Aggregate", "Strategy": "Sorted", "Partial Mode": "Finalize", "Parent Relationship": "Outer", "Parallel Aware": false, "Startup Cost": 2127326.65, "Total Cost": 2127329.71, "Plan Rows": 6, "Plan Width": 236, "Group Key": ["l_returnflag", "l_linestatus"], "Plans": [{"Node Type": "Gather Merge", "Parent Relationship": "Outer", "Parallel Aware": false, "Startup Cost": 2127326.65, "Total Cost": 2127328.78, "Plan Rows": 18, "Plan Width": 236, "Workers Planned": 3, "Plans": [{"Node Type": "Sort", "Parent Relationship": "Outer", "Parallel Aware": false, "Startup Cost": 2126326.61, "Total Cost": 2126326.63, "Plan Rows": 6, "Plan Width": 236, "Sort Key": ["l_returnflag", "l_linestatus"], "Plans": [{"Node Type": "Aggregate", "Strategy": "Hashed", "Partial Mode": "Partial", "Parent Relationship": "Outer", "Parallel Aware": false, "Startup Cost": 2126326.37, "Total Cost": 2126326.53, "Plan Rows": 6, "Plan Width": 236, "Group Key": ["l_returnflag", "l_linestatus"], "Plans": [{"Node Type": "Seq Scan", "Parent Relationship": "Outer", "Parallel Aware": true, "Relation Name": "lineitem", "Alias": "lineitem", "Startup Cost": 0.0, "Total Cost": 1366420.13, "Plan Rows": 18997656, "Plan Width": 25, "Filter": "(l_shipdate <= '1998-08-20 00:00:00'::timestamp without time zone)"}]}]}]}]}]}}, {"Plan": {"Node Type": "Limit", "Parallel Aware": false, "Startup Cost": 2832981.55, "Total Cost": 2832982.06, "Plan Rows": 1, "Plan Width": 236, "Plans": [{"Node Type": "Aggregate", "Strategy": "Sorted", "Partial Mode": "Finalize", "Parent Relationship": "Outer", "Parallel Aware": false, "Startup Cost": 2832981.55, "Total Cost": 2832984.61, "Plan Rows": 6, "Plan Width": 236, "Group Key": ["l_returnflag", "l_linestatus"], "Plans": [{"Node Type": "Gather Merge", "Parent Relationship": "Outer", "Parallel Aware": false, "Startup Cost": 2832981.55, "Total Cost": 2832983.68, "Plan Rows": 18, "Plan Width": 236, "Workers Planned": 3, "Plans": [{"Node Type": "Sort", "Parent Relationship": "Outer", "Parallel Aware": false, "Startup Cost": 2831981.51, "Total Cost": 2831981.52, "Plan Rows": 6, "Plan Width": 236, "Sort Key": ["l_returnflag", "l_linestatus"], "Plans": [{"Node Type": "Aggregate", "Strategy": "Hashed", "Partial Mode": "Partial", "Parent Relationship": "Outer", "Parallel Aware": false, "Startup Cost": 2831981.26, "Total Cost": 2831981.43, "Plan Rows": 6, "Plan Width": 236, "Group Key": ["l_returnflag", "l_linestatus"], "Plans": [{"Node Type": "Bitmap Heap Scan", "Parent Relationship": "Outer", "Parallel Aware": true, "Relation Name": "lineitem", "Alias": "lineitem", "Startup Cost": 706202.85, "Total Cost": 2072075.02, "Plan Rows": 18997656, "Plan Width": 25, "Recheck Cond": "(l_shipdate <= '1998-08-20 00:00:00'::timestamp without time zone)", "Plans": [{"Node Type": "Bitmap Index Scan", "Parent Relationship": "Outer", "Parallel Aware": false, "Index Name": "idx_lineitem_shipdate", "Startup Cost": 0.0, "Total Cost": 691479.66, "Plan Rows": 58892733, "Plan Width": 0, "Index Cond": "(l_shipdate <= '1998-08-20 00:00:00'::timestamp without time zone)"}]}]}]}]}]}]}}, {"Plan": {"Node Type": "Limit", "Parallel Aware": false, "Startup Cost": 2127326.65, "Total Cost": 2127327.16, "Plan Rows": 1, "Plan Width": 236, "Plans": [{"Node Type": "Aggregate", "Strategy": "Sorted", "Partial Mode": "Finalize", "Parent Relationship": "Outer", "Parallel Aware": false, "Startup Cost": 2127326.65, "Total Cost": 2127329.71, "Plan Rows": 6, "Plan Width": 236, "Group Key": ["l_returnflag", "l_linestatus"], "Plans": [{"Node Type": "Gather Merge", "Parent Relationship": "Outer", "Parallel Aware": false, "Startup Cost": 2127326.65, "Total Cost": 2127328.78, "Plan Rows": 18, "Plan Width": 236, "Workers Planned": 3, "Plans": [{"Node Type": "Sort", "Parent Relationship": "Outer", "Parallel Aware": false, "Startup Cost": 2126326.61, "Total Cost": 2126326.63, "Plan Rows": 6, "Plan Width": 236, "Sort Key": ["l_returnflag", "l_linestatus"], "Plans": [{"Node Type": "Aggregate", "Strategy": "Hashed", "Partial Mode": "Partial", "Parent Relationship": "Outer", "Parallel Aware": false, "Startup Cost": 2126326.37, "Total Cost": 2126326.53, "Plan Rows": 6, "Plan Width": 236, "Group Key": ["l_returnflag", "l_linestatus"], "Plans": [{"Node Type": "Seq Scan", "Parent Relationship": "Outer", "Parallel Aware": true, "Relation Name": "lineitem", "Alias": "lineitem", "Startup Cost": 0.0, "Total Cost": 1366420.13, "Plan Rows": 18997656, "Plan Width": 25, "Filter": "(l_shipdate <= '1998-08-20 00:00:00'::timestamp without time zone)"}]}]}]}]}]}}, {"Plan": {"Node Type": "Limit", "Parallel Aware": false, "Startup Cost": 2127326.65, "Total Cost": 2127327.16, "Plan Rows": 1, "Plan Width": 236, "Plans": [{"Node Type": "Aggregate", "Strategy": "Sorted", "Partial Mode": "Finalize", "Parent Relationship": "Outer", "Parallel Aware": false, "Startup Cost": 2127326.65, "Total Cost": 2127329.71, "Plan Rows": 6, "Plan Width": 236, "Group Key": ["l_returnflag", "l_linestatus"], "Plans": [{"Node Type": "Gather Merge", "Parent Relationship": "Outer", "Parallel Aware": false, "Startup Cost": 2127326.65, "Total Cost": 2127328.78, "Plan Rows": 18, "Plan Width": 236, "Workers Planned": 3, "Plans": [{"Node Type": "Sort", "Parent Relationship": "Outer", "Parallel Aware": false, "Startup Cost": 2126326.61, "Total Cost": 2126326.63, "Plan Rows": 6, "Plan Width": 236, "Sort Key": ["l_returnflag", "l_linestatus"], "Plans": [{"Node Type": "Aggregate", "Strategy": "Hashed", "Partial Mode": "Partial", "Parent Relationship": "Outer", "Parallel Aware": false, "Startup Cost": 2126326.37, "Total Cost": 2126326.53, "Plan Rows": 6, "Plan Width": 236, "Group Key": ["l_returnflag", "l_linestatus"], "Plans": [{"Node Type": "Seq Scan", "Parent Relationship": "Outer", "Parallel Aware": true, "Relation Name": "lineitem", "Alias": "lineitem", "Startup Cost": 0.0, "Total Cost": 1366420.13, "Plan Rows": 18997656, "Plan Width": 25, "Filter": "(l_shipdate <= '1998-08-20 00:00:00'::timestamp without time zone)"}]}]}]}]}]}}, {"Plan": {"Node Type": "Limit", "Parallel Aware": false, "Startup Cost": 2127326.65, "Total Cost": 2127327.16, "Plan Rows": 1, "Plan Width": 236, "Plans": [{"Node Type": "Aggregate", "Strategy": "Sorted", "Partial Mode": "Finalize", "Parent Relationship": "Outer", "Parallel Aware": false, "Startup Cost": 2127326.65, "Total Cost": 2127329.71, "Plan Rows": 6, "Plan Width": 236, "Group Key": ["l_returnflag", "l_linestatus"], "Plans": [{"Node Type": "Gather Merge", "Parent Relationship": "Outer", "Parallel Aware": false, "Startup Cost": 2127326.65, "Total Cost": 2127328.78, "Plan Rows": 18, "Plan Width": 236, "Workers Planned": 3, "Plans": [{"Node Type": "Sort", "Parent Relationship": "Outer", "Parallel Aware": false, "Startup Cost": 2126326.61, "Total Cost": 2126326.63, "Plan Rows": 6, "Plan Width": 236, "Sort Key": ["l_returnflag", "l_linestatus"], "Plans": [{"Node Type": "Aggregate", "Strategy": "Hashed", "Partial Mode": "Partial", "Parent Relationship": "Outer", "Parallel Aware": false, "Startup Cost": 2126326.37, "Total Cost": 2126326.53, "Plan Rows": 6, "Plan Width": 236, "Group Key": ["l_returnflag", "l_linestatus"], "Plans": [{"Node Type": "Seq Scan", "Parent Relationship": "Outer", "Parallel Aware": true, "Relation Name": "lineitem", "Alias": "lineitem", "Startup Cost": 0.0, "Total Cost": 1366420.13, "Plan Rows": 18997656, "Plan Width": 25, "Filter": "(l_shipdate <= '1998-08-20 00:00:00'::timestamp without time zone)"}]}]}]}]}]}}, {"Plan": {"Node Type": "Limit", "Parallel Aware": false, "Startup Cost": 2127326.65, "Total Cost": 2127327.16, "Plan Rows": 1, "Plan Width": 236, "Plans": [{"Node Type": "Aggregate", "Strategy": "Sorted", "Partial Mode": "Finalize", "Parent Relationship": "Outer", "Parallel Aware": false, "Startup Cost": 2127326.65, "Total Cost": 2127329.71, "Plan Rows": 6, "Plan Width": 236, "Group Key": ["l_returnflag", "l_linestatus"], "Plans": [{"Node Type": "Gather Merge", "Parent Relationship": "Outer", "Parallel Aware": false, "Startup Cost": 2127326.65, "Total Cost": 2127328.78, "Plan Rows": 18, "Plan Width": 236, "Workers Planned": 3, "Plans": [{"Node Type": "Sort", "Parent Relationship": "Outer", "Parallel Aware": false, "Startup Cost": 2126326.61, "Total Cost": 2126326.63, "Plan Rows": 6, "Plan Width": 236, "Sort Key": ["l_returnflag", "l_linestatus"], "Plans": [{"Node Type": "Aggregate", "Strategy": "Hashed", "Partial Mode": "Partial", "Parent Relationship": "Outer", "Parallel Aware": false, "Startup Cost": 2126326.37, "Total Cost": 2126326.53, "Plan Rows": 6, "Plan Width": 236, "Group Key": ["l_returnflag", "l_linestatus"], "Plans": [{"Node Type": "Seq Scan", "Parent Relationship": "Outer", "Parallel Aware": true, "Relation Name": "lineitem", "Alias": "lineitem", "Startup Cost": 0.0, "Total Cost": 1366420.13, "Plan Rows": 18997656, "Plan Width": 25, "Filter": "(l_shipdate <= '1998-08-20 00:00:00'::timestamp without time zone)"}]}]}]}]}]}}, {"Plan": {"Node Type": "Limit", "Parallel Aware": false, "Startup Cost": 2127326.65, "Total Cost": 2127327.16, "Plan Rows": 1, "Plan Width": 236, "Plans": [{"Node Type": "Aggregate", "Strategy": "Sorted", "Partial Mode": "Finalize", "Parent Relationship": "Outer", "Parallel Aware": false, "Startup Cost": 2127326.65, "Total Cost": 2127329.71, "Plan Rows": 6, "Plan Width": 236, "Group Key": ["l_returnflag", "l_linestatus"], "Plans": [{"Node Type": "Gather Merge", "Parent Relationship": "Outer", "Parallel Aware": false, "Startup Cost": 2127326.65, "Total Cost": 2127328.78, "Plan Rows": 18, "Plan Width": 236, "Workers Planned": 3, "Plans": [{"Node Type": "Sort", "Parent Relationship": "Outer", "Parallel Aware": false, "Startup Cost": 2126326.61, "Total Cost": 2126326.63, "Plan Rows": 6, "Plan Width": 236, "Sort Key": ["l_returnflag", "l_linestatus"], "Plans": [{"Node Type": "Aggregate", "Strategy": "Hashed", "Partial Mode": "Partial", "Parent Relationship": "Outer", "Parallel Aware": false, "Startup Cost": 2126326.37, "Total Cost": 2126326.53, "Plan Rows": 6, "Plan Width": 236, "Group Key": ["l_returnflag", "l_linestatus"], "Plans": [{"Node Type": "Seq Scan", "Parent Relationship": "Outer", "Parallel Aware": true, "Relation Name": "lineitem", "Alias": "lineitem", "Startup Cost": 0.0, "Total Cost": 1366420.13, "Plan Rows": 18997656, "Plan Width": 25, "Filter": "(l_shipdate <= '1998-08-20 00:00:00'::timestamp without time zone)"}]}]}]}]}]}}]