[{"Plan": {"Node Type": "Limit", "Parallel Aware": false, "Startup Cost": 2849173.65, "Total Cost": 2849174.16, "Plan Rows": 1, "Plan Width": 236, "Plans": [{"Node Type": "Aggregate", "Strategy": "Sorted", "Partial Mode": "Finalize", "Parent Relationship": "Outer", "Parallel Aware": false, "Startup Cost": 2849173.65, "Total Cost": 2849176.71, "Plan Rows": 6, "Plan Width": 236, "Group Key": ["l_returnflag", "l_linestatus"], "Plans": [{"Node Type": "Gather Merge", "Parent Relationship": "Outer", "Parallel Aware": false, "Startup Cost": 2849173.65, "Total Cost": 2849175.78, "Plan Rows": 18, "Plan Width": 236, "Workers Planned": 3, "Plans": [{"Node Type": "Sort", "Parent Relationship": "Outer", "Parallel Aware": false, "Startup Cost": 2848173.61, "Total Cost": 2848173.63, "Plan Rows": 6, "Plan Width": 236, "Sort Key": ["l_returnflag", "l_linestatus"], "Plans": [{"Node Type": "Aggregate", "Strategy": "Hashed", "Partial Mode": "Partial", "Parent Relationship": "Outer", "Parallel Aware": false, "Startup Cost": 2848173.37, "Total Cost": 2848173.54, "Plan Rows": 6, "Plan Width": 236, "Group Key": ["l_returnflag", "l_linestatus"], "Plans": [{"Node Type": "Bitmap Heap Scan", "Parent Relationship": "Outer", "Parallel Aware": true, "Relation Name": "lineitem", "Alias": "lineitem", "Startup Cost": 713848.12, "Total Cost": 2080039.93, "Plan Rows": 19203336, "Plan Width": 25, "Recheck Cond": "(l_shipdate <= '1998-09-26 00:00:00'::timestamp without time zone)", "Plans": [{"Node Type": "Bitmap Index Scan", "Parent Relationship": "Outer", "Parallel Aware": false, "Index Name": "idx_lineitem_shipdate", "Startup Cost": 0.0, "Total Cost": 698965.53, "Plan Rows": 59530342, "Plan Width": 0, "Index Cond": "(l_shipdate <= '1998-09-26 00:00:00'::timestamp without time zone)"}]}]}]}]}]}]}}, {"Plan": {"Node Type": "Limit", "Parallel Aware": false, "Startup Cost": 2849173.65, "Total Cost": 2849174.16, "Plan Rows": 1, "Plan Width": 236, "Plans": [{"Node Type": "Aggregate", "Strategy": "Sorted", "Partial Mode": "Finalize", "Parent Relationship": "Outer", "Parallel Aware": false, "Startup Cost": 2849173.65, "Total Cost": 2849176.71, "Plan Rows": 6, "Plan Width": 236, "Group Key": ["l_returnflag", "l_linestatus"], "Plans": [{"Node Type": "Gather Merge", "Parent Relationship": "Outer", "Parallel Aware": false, "Startup Cost": 2849173.65, "Total Cost": 2849175.78, "Plan Rows": 18, "Plan Width": 236, "Workers Planned": 3, "Plans": [{"Node Type": "Sort", "Parent Relationship": "Outer", "Parallel Aware": false, "Startup Cost": 2848173.61, "Total Cost": 2848173.63, "Plan Rows": 6, "Plan Width": 236, "Sort Key": ["l_returnflag", "l_linestatus"], "Plans": [{"Node Type": "Aggregate", "Strategy": "Hashed", "Partial Mode": "Partial", "Parent Relationship": "Outer", "Parallel Aware": false, "Startup Cost": 2848173.37, "Total Cost": 2848173.54, "Plan Rows": 6, "Plan Width": 236, "Group Key": ["l_returnflag", "l_linestatus"], "Plans": [{"Node Type": "Bitmap Heap Scan", "Parent Relationship": "Outer", "Parallel Aware": true, "Relation Name": "lineitem", "Alias": "lineitem", "Startup Cost": 713848.12, "Total Cost": 2080039.93, "Plan Rows": 19203336, "Plan Width": 25, "Recheck Cond": "(l_shipdate <= '1998-09-26 00:00:00'::timestamp without time zone)", "Plans": [{"Node Type": "Bitmap Index Scan", "Parent Relationship": "Outer", "Parallel Aware": false, "Index Name": "idx_lineitem_shipdate", "Startup Cost": 0.0, "Total Cost": 698965.53, "Plan Rows": 59530342, "Plan Width": 0, "Index Cond": "(l_shipdate <= '1998-09-26 00:00:00'::timestamp without time zone)"}]}]}]}]}]}]}}, {"Plan": {"Node Type": "Limit", "Parallel Aware": false, "Startup Cost": 2849173.65, "Total Cost": 2849174.16, "Plan Rows": 1, "Plan Width": 236, "Plans": [{"Node Type": "Aggregate", "Strategy": "Sorted", "Partial Mode": "Finalize", "Parent Relationship": "Outer", "Parallel Aware": false, "Startup Cost": 2849173.65, "Total Cost": 2849176.71, "Plan Rows": 6, "Plan Width": 236, "Group Key": ["l_returnflag", "l_linestatus"], "Plans": [{"Node Type": "Gather Merge", "Parent Relationship": "Outer", "Parallel Aware": false, "Startup Cost": 2849173.65, "Total Cost": 2849175.78, "Plan Rows": 18, "Plan Width": 236, "Workers Planned": 3, "Plans": [{"Node Type": "Sort", "Parent Relationship": "Outer", "Parallel Aware": false, "Startup Cost": 2848173.61, "Total Cost": 2848173.63, "Plan Rows": 6, "Plan Width": 236, "Sort Key": ["l_returnflag", "l_linestatus"], "Plans": [{"Node Type": "Aggregate", "Strategy": "Hashed", "Partial Mode": "Partial", "Parent Relationship": "Outer", "Parallel Aware": false, "Startup Cost": 2848173.37, "Total Cost": 2848173.54, "Plan Rows": 6, "Plan Width": 236, "Group Key": ["l_returnflag", "l_linestatus"], "Plans": [{"Node Type": "Bitmap Heap Scan", "Parent Relationship": "Outer", "Parallel Aware": true, "Relation Name": "lineitem", "Alias": "lineitem", "Startup Cost": 713848.12, "Total Cost": 2080039.93, "Plan Rows": 19203336, "Plan Width": 25, "Recheck Cond": "(l_shipdate <= '1998-09-26 00:00:00'::timestamp without time zone)", "Plans": [{"Node Type": "Bitmap Index Scan", "Parent Relationship": "Outer", "Parallel Aware": false, "Index Name": "idx_lineitem_shipdate", "Startup Cost": 0.0, "Total Cost": 698965.53, "Plan Rows": 59530342, "Plan Width": 0, "Index Cond": "(l_shipdate <= '1998-09-26 00:00:00'::timestamp without time zone)"}]}]}]}]}]}]}}, {"Plan": {"Node Type": "Limit", "Parallel Aware": false, "Startup Cost": 2849173.65, "Total Cost": 2849174.16, "Plan Rows": 1, "Plan Width": 236, "Plans": [{"Node Type": "Aggregate", "Strategy": "Sorted", "Partial Mode": "Finalize", "Parent Relationship": "Outer", "Parallel Aware": false, "Startup Cost": 2849173.65, "Total Cost": 2849176.71, "Plan Rows": 6, "Plan Width": 236, "Group Key": ["l_returnflag", "l_linestatus"], "Plans": [{"Node Type": "Gather Merge", "Parent Relationship": "Outer", "Parallel Aware": false, "Startup Cost": 2849173.65, "Total Cost": 2849175.78, "Plan Rows": 18, "Plan Width": 236, "Workers Planned": 3, "Plans": [{"Node Type": "Sort", "Parent Relationship": "Outer", "Parallel Aware": false, "Startup Cost": 2848173.61, "Total Cost": 2848173.63, "Plan Rows": 6, "Plan Width": 236, "Sort Key": ["l_returnflag", "l_linestatus"], "Plans": [{"Node Type": "Aggregate", "Strategy": "Hashed", "Partial Mode": "Partial", "Parent Relationship": "Outer", "Parallel Aware": false, "Startup Cost": 2848173.37, "Total Cost": 2848173.54, "Plan Rows": 6, "Plan Width": 236, "Group Key": ["l_returnflag", "l_linestatus"], "Plans": [{"Node Type": "Bitmap Heap Scan", "Parent Relationship": "Outer", "Parallel Aware": true, "Relation Name": "lineitem", "Alias": "lineitem", "Startup Cost": 713848.12, "Total Cost": 2080039.93, "Plan Rows": 19203336, "Plan Width": 25, "Recheck Cond": "(l_shipdate <= '1998-09-26 00:00:00'::timestamp without time zone)", "Plans": [{"Node Type": "Bitmap Index Scan", "Parent Relationship": "Outer", "Parallel Aware": false, "Index Name": "idx_lineitem_shipdate", "Startup Cost": 0.0, "Total Cost": 698965.53, "Plan Rows": 59530342, "Plan Width": 0, "Index Cond": "(l_shipdate <= '1998-09-26 00:00:00'::timestamp without time zone)"}]}]}]}]}]}]}}, {"Plan": {"Node Type": "Limit", "Parallel Aware": false, "Startup Cost": 2135553.85, "Total Cost": 2135554.36, "Plan Rows": 1, "Plan Width": 236, "Plans": [{"Node Type": "Aggregate", "Strategy": "Sorted", "Partial Mode": "Finalize", "Parent Relationship": "Outer", "Parallel Aware": false, "Startup Cost": 2135553.85, "Total Cost": 2135556.91, "Plan Rows": 6, "Plan Width": 236, "Group Key": ["l_returnflag", "l_linestatus"], "Plans": [{"Node Type": "Gather Merge", "Parent Relationship": "Outer", "Parallel Aware": false, "Startup Cost": 2135553.85, "Total Cost": 2135555.98, "Plan Rows": 18, "Plan Width": 236, "Workers Planned": 3, "Plans": [{"Node Type": "Sort", "Parent Relationship": "Outer", "Parallel Aware": false, "Startup Cost": 2134553.81, "Total Cost": 2134553.83, "Plan Rows": 6, "Plan Width": 236, "Sort Key": ["l_returnflag", "l_linestatus"], "Plans": [{"Node Type": "Aggregate", "Strategy": "Hashed", "Partial Mode": "Partial", "Parent Relationship": "Outer", "Parallel Aware": false, "Startup Cost": 2134553.57, "Total Cost": 2134553.73, "Plan Rows": 6, "Plan Width": 236, "Group Key": ["l_returnflag", "l_linestatus"], "Plans": [{"Node Type": "Seq Scan", "Parent Relationship": "Outer", "Parallel Aware": true, "Relation Name": "lineitem", "Alias": "lineitem", "Startup Cost": 0.0, "Total Cost": 1366420.13, "Plan Rows": 19203336, "Plan Width": 25, "Filter": "(l_shipdate <= '1998-09-26 00:00:00'::timestamp without time zone)"}]}]}]}]}]}}, {"Plan": {"Node Type": "Limit", "Parallel Aware": false, "Startup Cost": 2849173.65, "Total Cost": 2849174.16, "Plan Rows": 1, "Plan Width": 236, "Plans": [{"Node Type": "Aggregate", "Strategy": "Sorted", "Partial Mode": "Finalize", "Parent Relationship": "Outer", "Parallel Aware": false, "Startup Cost": 2849173.65, "Total Cost": 2849176.71, "Plan Rows": 6, "Plan Width": 236, "Group Key": ["l_returnflag", "l_linestatus"], "Plans": [{"Node Type": "Gather Merge", "Parent Relationship": "Outer", "Parallel Aware": false, "Startup Cost": 2849173.65, "Total Cost": 2849175.78, "Plan Rows": 18, "Plan Width": 236, "Workers Planned": 3, "Plans": [{"Node Type": "Sort", "Parent Relationship": "Outer", "Parallel Aware": false, "Startup Cost": 2848173.61, "Total Cost": 2848173.63, "Plan Rows": 6, "Plan Width": 236, "Sort Key": ["l_returnflag", "l_linestatus"], "Plans": [{"Node Type": "Aggregate", "Strategy": "Hashed", "Partial Mode": "Partial", "Parent Relationship": "Outer", "Parallel Aware": false, "Startup Cost": 2848173.37, "Total Cost": 2848173.54, "Plan Rows": 6, "Plan Width": 236, "Group Key": ["l_returnflag", "l_linestatus"], "Plans": [{"Node Type": "Bitmap Heap Scan", "Parent Relationship": "Outer", "Parallel Aware": true, "Relation Name": "lineitem", "Alias": "lineitem", "Startup Cost": 713848.12, "Total Cost": 2080039.93, "Plan Rows": 19203336, "Plan Width": 25, "Recheck Cond": "(l_shipdate <= '1998-09-26 00:00:00'::timestamp without time zone)", "Plans": [{"Node Type": "Bitmap Index Scan", "Parent Relationship": "Outer", "Parallel Aware": false, "Index Name": "idx_lineitem_shipdate", "Startup Cost": 0.0, "Total Cost": 698965.53, "Plan Rows": 59530342, "Plan Width": 0, "Index Cond": "(l_shipdate <= '1998-09-26 00:00:00'::timestamp without time zone)"}]}]}]}]}]}]}}, {"Plan": {"Node Type": "Limit", "Parallel Aware": false, "Startup Cost": 2135553.85, "Total Cost": 2135554.36, "Plan Rows": 1, "Plan Width": 236, "Plans": [{"Node Type": "Aggregate", "Strategy": "Sorted", "Partial Mode": "Finalize", "Parent Relationship": "Outer", "Parallel Aware": false, "Startup Cost": 2135553.85, "Total Cost": 2135556.91, "Plan Rows": 6, "Plan Width": 236, "Group Key": ["l_returnflag", "l_linestatus"], "Plans": [{"Node Type": "Gather Merge", "Parent Relationship": "Outer", "Parallel Aware": false, "Startup Cost": 2135553.85, "Total Cost": 2135555.98, "Plan Rows": 18, "Plan Width": 236, "Workers Planned": 3, "Plans": [{"Node Type": "Sort", "Parent Relationship": "Outer", "Parallel Aware": false, "Startup Cost": 2134553.81, "Total Cost": 2134553.83, "Plan Rows": 6, "Plan Width": 236, "Sort Key": ["l_returnflag", "l_linestatus"], "Plans": [{"Node Type": "Aggregate", "Strategy": "Hashed", "Partial Mode": "Partial", "Parent Relationship": "Outer", "Parallel Aware": false, "Startup Cost": 2134553.57, "Total Cost": 2134553.73, "Plan Rows": 6, "Plan Width": 236, "Group Key": ["l_returnflag", "l_linestatus"], "Plans": [{"Node Type": "Seq Scan", "Parent Relationship": "Outer", "Parallel Aware": true, "Relation Name": "lineitem", "Alias": "lineitem", "Startup Cost": 0.0, "Total Cost": 1366420.13, "Plan Rows": 19203336, "Plan Width": 25, "Filter": "(l_shipdate <= '1998-09-26 00:00:00'::timestamp without time zone)"}]}]}]}]}]}}, {"Plan": {"Node Type": "Limit", "Parallel Aware": false, "Startup Cost": 2135553.85, "Total Cost": 2135554.36, "Plan Rows": 1, "Plan Width": 236, "Plans": [{"Node Type": "Aggregate", "Strategy": "Sorted", "Partial Mode": "Finalize", "Parent Relationship": "Outer", "Parallel Aware": false, "Startup Cost": 2135553.85, "Total Cost": 2135556.91, "Plan Rows": 6, "Plan Width": 236, "Group Key": ["l_returnflag", "l_linestatus"], "Plans": [{"Node Type": "Gather Merge", "Parent Relationship": "Outer", "Parallel Aware": false, "Startup Cost": 2135553.85, "Total Cost": 2135555.98, "Plan Rows": 18, "Plan Width": 236, "Workers Planned": 3, "Plans": [{"Node Type": "Sort", "Parent Relationship": "Outer", "Parallel Aware": false, "Startup Cost": 2134553.81, "Total Cost": 2134553.83, "Plan Rows": 6, "Plan Width": 236, "Sort Key": ["l_returnflag", "l_linestatus"], "Plans": [{"Node Type": "Aggregate", "Strategy": "Hashed", "Partial Mode": "Partial", "Parent Relationship": "Outer", "Parallel Aware": false, "Startup Cost": 2134553.57, "Total Cost": 2134553.73, "Plan Rows": 6, "Plan Width": 236, "Group Key": ["l_returnflag", "l_linestatus"], "Plans": [{"Node Type": "Seq Scan", "Parent Relationship": "Outer", "Parallel Aware": true, "Relation Name": "lineitem", "Alias": "lineitem", "Startup Cost": 0.0, "Total Cost": 1366420.13, "Plan Rows": 19203336, "Plan Width": 25, "Filter": "(l_shipdate <= '1998-09-26 00:00:00'::timestamp without time zone)"}]}]}]}]}]}}, {"Plan": {"Node Type": "Limit", "Parallel Aware": false, "Startup Cost": 2849173.65, "Total Cost": 2849174.16, "Plan Rows": 1, "Plan Width": 236, "Plans": [{"Node Type": "Aggregate", "Strategy": "Sorted", "Partial Mode": "Finalize", "Parent Relationship": "Outer", "Parallel Aware": false, "Startup Cost": 2849173.65, "Total Cost": 2849176.71, "Plan Rows": 6, "Plan Width": 236, "Group Key": ["l_returnflag", "l_linestatus"], "Plans": [{"Node Type": "Gather Merge", "Parent Relationship": "Outer", "Parallel Aware": false, "Startup Cost": 2849173.65, "Total Cost": 2849175.78, "Plan Rows": 18, "Plan Width": 236, "Workers Planned": 3, "Plans": [{"Node Type": "Sort", "Parent Relationship": "Outer", "Parallel Aware": false, "Startup Cost": 2848173.61, "Total Cost": 2848173.63, "Plan Rows": 6, "Plan Width": 236, "Sort Key": ["l_returnflag", "l_linestatus"], "Plans": [{"Node Type": "Aggregate", "Strategy": "Hashed", "Partial Mode": "Partial", "Parent Relationship": "Outer", "Parallel Aware": false, "Startup Cost": 2848173.37, "Total Cost": 2848173.54, "Plan Rows": 6, "Plan Width": 236, "Group Key": ["l_returnflag", "l_linestatus"], "Plans": [{"Node Type": "Bitmap Heap Scan", "Parent Relationship": "Outer", "Parallel Aware": true, "Relation Name": "lineitem", "Alias": "lineitem", "Startup Cost": 713848.12, "Total Cost": 2080039.93, "Plan Rows": 19203336, "Plan Width": 25, "Recheck Cond": "(l_shipdate <= '1998-09-26 00:00:00'::timestamp without time zone)", "Plans": [{"Node Type": "Bitmap Index Scan", "Parent Relationship": "Outer", "Parallel Aware": false, "Index Name": "idx_lineitem_shipdate", "Startup Cost": 0.0, "Total Cost": 698965.53, "Plan Rows": 59530342, "Plan Width": 0, "Index Cond": "(l_shipdate <= '1998-09-26 00:00:00'::timestamp without time zone)"}]}]}]}]}]}]}}, {"Plan": {"Node Type": "Limit", "Parallel Aware": false, "Startup Cost": 2849173.65, "Total Cost": 2849174.16, "Plan Rows": 1, "Plan Width": 236, "Plans": [{"Node Type": "Aggregate", "Strategy": "Sorted", "Partial Mode": "Finalize", "Parent Relationship": "Outer", "Parallel Aware": false, "Startup Cost": 2849173.65, "Total Cost": 2849176.71, "Plan Rows": 6, "Plan Width": 236, "Group Key": ["l_returnflag", "l_linestatus"], "Plans": [{"Node Type": "Gather Merge", "Parent Relationship": "Outer", "Parallel Aware": false, "Startup Cost": 2849173.65, "Total Cost": 2849175.78, "Plan Rows": 18, "Plan Width": 236, "Workers Planned": 3, "Plans": [{"Node Type": "Sort", "Parent Relationship": "Outer", "Parallel Aware": false, "Startup Cost": 2848173.61, "Total Cost": 2848173.63, "Plan Rows": 6, "Plan Width": 236, "Sort Key": ["l_returnflag", "l_linestatus"], "Plans": [{"Node Type": "Aggregate", "Strategy": "Hashed", "Partial Mode": "Partial", "Parent Relationship": "Outer", "Parallel Aware": false, "Startup Cost": 2848173.37, "Total Cost": 2848173.54, "Plan Rows": 6, "Plan Width": 236, "Group Key": ["l_returnflag", "l_linestatus"], "Plans": [{"Node Type": "Bitmap Heap Scan", "Parent Relationship": "Outer", "Parallel Aware": true, "Relation Name": "lineitem", "Alias": "lineitem", "Startup Cost": 713848.12, "Total Cost": 2080039.93, "Plan Rows": 19203336, "Plan Width": 25, "Recheck Cond": "(l_shipdate <= '1998-09-26 00:00:00'::timestamp without time zone)", "Plans": [{"Node Type": "Bitmap Index Scan", "Parent Relationship": "Outer", "Parallel Aware": false, "Index Name": "idx_lineitem_shipdate", "Startup Cost": 0.0, "Total Cost": 698965.53, "Plan Rows": 59530342, "Plan Width": 0, "Index Cond": "(l_shipdate <= '1998-09-26 00:00:00'::timestamp without time zone)"}]}]}]}]}]}]}}, {"Plan": {"Node Type": "Limit", "Parallel Aware": false, "Startup Cost": 2135553.85, "Total Cost": 2135554.36, "Plan Rows": 1, "Plan Width": 236, "Plans": [{"Node Type": "Aggregate", "Strategy": "Sorted", "Partial Mode": "Finalize", "Parent Relationship": "Outer", "Parallel Aware": false, "Startup Cost": 2135553.85, "Total Cost": 2135556.91, "Plan Rows": 6, "Plan Width": 236, "Group Key": ["l_returnflag", "l_linestatus"], "Plans": [{"Node Type": "Gather Merge", "Parent Relationship": "Outer", "Parallel Aware": false, "Startup Cost": 2135553.85, "Total Cost": 2135555.98, "Plan Rows": 18, "Plan Width": 236, "Workers Planned": 3, "Plans": [{"Node Type": "Sort", "Parent Relationship": "Outer", "Parallel Aware": false, "Startup Cost": 2134553.81, "Total Cost": 2134553.83, "Plan Rows": 6, "Plan Width": 236, "Sort Key": ["l_returnflag", "l_linestatus"], "Plans": [{"Node Type": "Aggregate", "Strategy": "Hashed", "Partial Mode": "Partial", "Parent Relationship": "Outer", "Parallel Aware": false, "Startup Cost": 2134553.57, "Total Cost": 2134553.73, "Plan Rows": 6, "Plan Width": 236, "Group Key": ["l_returnflag", "l_linestatus"], "Plans": [{"Node Type": "Seq Scan", "Parent Relationship": "Outer", "Parallel Aware": true, "Relation Name": "lineitem", "Alias": "lineitem", "Startup Cost": 0.0, "Total Cost": 1366420.13, "Plan Rows": 19203336, "Plan Width": 25, "Filter": "(l_shipdate <= '1998-09-26 00:00:00'::timestamp without time zone)"}]}]}]}]}]}}, {"Plan": {"Node Type": "Limit", "Parallel Aware": false, "Startup Cost": 2135553.85, "Total Cost": 2135554.36, "Plan Rows": 1, "Plan Width": 236, "Plans": [{"Node Type": "Aggregate", "Strategy": "Sorted", "Partial Mode": "Finalize", "Parent Relationship": "Outer", "Parallel Aware": false, "Startup Cost": 2135553.85, "Total Cost": 2135556.91, "Plan Rows": 6, "Plan Width": 236, "Group Key": ["l_returnflag", "l_linestatus"], "Plans": [{"Node Type": "Gather Merge", "Parent Relationship": "Outer", "Parallel Aware": false, "Startup Cost": 2135553.85, "Total Cost": 2135555.98, "Plan Rows": 18, "Plan Width": 236, "Workers Planned": 3, "Plans": [{"Node Type": "Sort", "Parent Relationship": "Outer", "Parallel Aware": false, "Startup Cost": 2134553.81, "Total Cost": 2134553.83, "Plan Rows": 6, "Plan Width": 236, "Sort Key": ["l_returnflag", "l_linestatus"], "Plans": [{"Node Type": "Aggregate", "Strategy": "Hashed", "Partial Mode": "Partial", "Parent Relationship": "Outer", "Parallel Aware": false, "Startup Cost": 2134553.57, "Total Cost": 2134553.73, "Plan Rows": 6, "Plan Width": 236, "Group Key": ["l_returnflag", "l_linestatus"], "Plans": [{"Node Type": "Seq Scan", "Parent Relationship": "Outer", "Parallel Aware": true, "Relation Name": "lineitem", "Alias": "lineitem", "Startup Cost": 0.0, "Total Cost": 1366420.13, "Plan Rows": 19203336, "Plan Width": 25, "Filter": "(l_shipdate <= '1998-09-26 00:00:00'::timestamp without time zone)"}]}]}]}]}]}}, {"Plan": {"Node Type": "Limit", "Parallel Aware": false, "Startup Cost": 2849173.65, "Total Cost": 2849174.16, "Plan Rows": 1, "Plan Width": 236, "Plans": [{"Node Type": "Aggregate", "Strategy": "Sorted", "Partial Mode": "Finalize", "Parent Relationship": "Outer", "Parallel Aware": false, "Startup Cost": 2849173.65, "Total Cost": 2849176.71, "Plan Rows": 6, "Plan Width": 236, "Group Key": ["l_returnflag", "l_linestatus"], "Plans": [{"Node Type": "Gather Merge", "Parent Relationship": "Outer", "Parallel Aware": false, "Startup Cost": 2849173.65, "Total Cost": 2849175.78, "Plan Rows": 18, "Plan Width": 236, "Workers Planned": 3, "Plans": [{"Node Type": "Sort", "Parent Relationship": "Outer", "Parallel Aware": false, "Startup Cost": 2848173.61, "Total Cost": 2848173.63, "Plan Rows": 6, "Plan Width": 236, "Sort Key": ["l_returnflag", "l_linestatus"], "Plans": [{"Node Type": "Aggregate", "Strategy": "Hashed", "Partial Mode": "Partial", "Parent Relationship": "Outer", "Parallel Aware": false, "Startup Cost": 2848173.37, "Total Cost": 2848173.54, "Plan Rows": 6, "Plan Width": 236, "Group Key": ["l_returnflag", "l_linestatus"], "Plans": [{"Node Type": "Bitmap Heap Scan", "Parent Relationship": "Outer", "Parallel Aware": true, "Relation Name": "lineitem", "Alias": "lineitem", "Startup Cost": 713848.12, "Total Cost": 2080039.93, "Plan Rows": 19203336, "Plan Width": 25, "Recheck Cond": "(l_shipdate <= '1998-09-26 00:00:00'::timestamp without time zone)", "Plans": [{"Node Type": "Bitmap Index Scan", "Parent Relationship": "Outer", "Parallel Aware": false, "Index Name": "idx_lineitem_shipdate", "Startup Cost": 0.0, "Total Cost": 698965.53, "Plan Rows": 59530342, "Plan Width": 0, "Index Cond": "(l_shipdate <= '1998-09-26 00:00:00'::timestamp without time zone)"}]}]}]}]}]}]}}, {"Plan": {"Node Type": "Limit", "Parallel Aware": false, "Startup Cost": 2135553.85, "Total Cost": 2135554.36, "Plan Rows": 1, "Plan Width": 236, "Plans": [{"Node Type": "Aggregate", "Strategy": "Sorted", "Partial Mode": "Finalize", "Parent Relationship": "Outer", "Parallel Aware": false, "Startup Cost": 2135553.85, "Total Cost": 2135556.91, "Plan Rows": 6, "Plan Width": 236, "Group Key": ["l_returnflag", "l_linestatus"], "Plans": [{"Node Type": "Gather Merge", "Parent Relationship": "Outer", "Parallel Aware": false, "Startup Cost": 2135553.85, "Total Cost": 2135555.98, "Plan Rows": 18, "Plan Width": 236, "Workers Planned": 3, "Plans": [{"Node Type": "Sort", "Parent Relationship": "Outer", "Parallel Aware": false, "Startup Cost": 2134553.81, "Total Cost": 2134553.83, "Plan Rows": 6, "Plan Width": 236, "Sort Key": ["l_returnflag", "l_linestatus"], "Plans": [{"Node Type": "Aggregate", "Strategy": "Hashed", "Partial Mode": "Partial", "Parent Relationship": "Outer", "Parallel Aware": false, "Startup Cost": 2134553.57, "Total Cost": 2134553.73, "Plan Rows": 6, "Plan Width": 236, "Group Key": ["l_returnflag", "l_linestatus"], "Plans": [{"Node Type": "Seq Scan", "Parent Relationship": "Outer", "Parallel Aware": true, "Relation Name": "lineitem", "Alias": "lineitem", "Startup Cost": 0.0, "Total Cost": 1366420.13, "Plan Rows": 19203336, "Plan Width": 25, "Filter": "(l_shipdate <= '1998-09-26 00:00:00'::timestamp without time zone)"}]}]}]}]}]}}, {"Plan": {"Node Type": "Limit", "Parallel Aware": false, "Startup Cost": 2135553.85, "Total Cost": 2135554.36, "Plan Rows": 1, "Plan Width": 236, "Plans": [{"Node Type": "Aggregate", "Strategy": "Sorted", "Partial Mode": "Finalize", "Parent Relationship": "Outer", "Parallel Aware": false, "Startup Cost": 2135553.85, "Total Cost": 2135556.91, "Plan Rows": 6, "Plan Width": 236, "Group Key": ["l_returnflag", "l_linestatus"], "Plans": [{"Node Type": "Gather Merge", "Parent Relationship": "Outer", "Parallel Aware": false, "Startup Cost": 2135553.85, "Total Cost": 2135555.98, "Plan Rows": 18, "Plan Width": 236, "Workers Planned": 3, "Plans": [{"Node Type": "Sort", "Parent Relationship": "Outer", "Parallel Aware": false, "Startup Cost": 2134553.81, "Total Cost": 2134553.83, "Plan Rows": 6, "Plan Width": 236, "Sort Key": ["l_returnflag", "l_linestatus"], "Plans": [{"Node Type": "Aggregate", "Strategy": "Hashed", "Partial Mode": "Partial", "Parent Relationship": "Outer", "Parallel Aware": false, "Startup Cost": 2134553.57, "Total Cost": 2134553.73, "Plan Rows": 6, "Plan Width": 236, "Group Key": ["l_returnflag", "l_linestatus"], "Plans": [{"Node Type": "Seq Scan", "Parent Relationship": "Outer", "Parallel Aware": true, "Relation Name": "lineitem", "Alias": "lineitem", "Startup Cost": 0.0, "Total Cost": 1366420.13, "Plan Rows": 19203336, "Plan Width": 25, "Filter": "(l_shipdate <= '1998-09-26 00:00:00'::timestamp without time zone)"}]}]}]}]}]}}, {"Plan": {"Node Type": "Limit", "Parallel Aware": false, "Startup Cost": 2849173.65, "Total Cost": 2849174.16, "Plan Rows": 1, "Plan Width": 236, "Plans": [{"Node Type": "Aggregate", "Strategy": "Sorted", "Partial Mode": "Finalize", "Parent Relationship": "Outer", "Parallel Aware": false, "Startup Cost": 2849173.65, "Total Cost": 2849176.71, "Plan Rows": 6, "Plan Width": 236, "Group Key": ["l_returnflag", "l_linestatus"], "Plans": [{"Node Type": "Gather Merge", "Parent Relationship": "Outer", "Parallel Aware": false, "Startup Cost": 2849173.65, "Total Cost": 2849175.78, "Plan Rows": 18, "Plan Width": 236, "Workers Planned": 3, "Plans": [{"Node Type": "Sort", "Parent Relationship": "Outer", "Parallel Aware": false, "Startup Cost": 2848173.61, "Total Cost": 2848173.63, "Plan Rows": 6, "Plan Width": 236, "Sort Key": ["l_returnflag", "l_linestatus"], "Plans": [{"Node Type": "Aggregate", "Strategy": "Hashed", "Partial Mode": "Partial", "Parent Relationship": "Outer", "Parallel Aware": false, "Startup Cost": 2848173.37, "Total Cost": 2848173.54, "Plan Rows": 6, "Plan Width": 236, "Group Key": ["l_returnflag", "l_linestatus"], "Plans": [{"Node Type": "Bitmap Heap Scan", "Parent Relationship": "Outer", "Parallel Aware": true, "Relation Name": "lineitem", "Alias": "lineitem", "Startup Cost": 713848.12, "Total Cost": 2080039.93, "Plan Rows": 19203336, "Plan Width": 25, "Recheck Cond": "(l_shipdate <= '1998-09-26 00:00:00'::timestamp without time zone)", "Plans": [{"Node Type": "Bitmap Index Scan", "Parent Relationship": "Outer", "Parallel Aware": false, "Index Name": "idx_lineitem_shipdate", "Startup Cost": 0.0, "Total Cost": 698965.53, "Plan Rows": 59530342, "Plan Width": 0, "Index Cond": "(l_shipdate <= '1998-09-26 00:00:00'::timestamp without time zone)"}]}]}]}]}]}]}}, {"Plan": {"Node Type": "Limit", "Parallel Aware": false, "Startup Cost": 2849173.65, "Total Cost": 2849174.16, "Plan Rows": 1, "Plan Width": 236, "Plans": [{"Node Type": "Aggregate", "Strategy": "Sorted", "Partial Mode": "Finalize", "Parent Relationship": "Outer", "Parallel Aware": false, "Startup Cost": 2849173.65, "Total Cost": 2849176.71, "Plan Rows": 6, "Plan Width": 236, "Group Key": ["l_returnflag", "l_linestatus"], "Plans": [{"Node Type": "Gather Merge", "Parent Relationship": "Outer", "Parallel Aware": false, "Startup Cost": 2849173.65, "Total Cost": 2849175.78, "Plan Rows": 18, "Plan Width": 236, "Workers Planned": 3, "Plans": [{"Node Type": "Sort", "Parent Relationship": "Outer", "Parallel Aware": false, "Startup Cost": 2848173.61, "Total Cost": 2848173.63, "Plan Rows": 6, "Plan Width": 236, "Sort Key": ["l_returnflag", "l_linestatus"], "Plans": [{"Node Type": "Aggregate", "Strategy": "Hashed", "Partial Mode": "Partial", "Parent Relationship": "Outer", "Parallel Aware": false, "Startup Cost": 2848173.37, "Total Cost": 2848173.54, "Plan Rows": 6, "Plan Width": 236, "Group Key": ["l_returnflag", "l_linestatus"], "Plans": [{"Node Type": "Bitmap Heap Scan", "Parent Relationship": "Outer", "Parallel Aware": true, "Relation Name": "lineitem", "Alias": "lineitem", "Startup Cost": 713848.12, "Total Cost": 2080039.93, "Plan Rows": 19203336, "Plan Width": 25, "Recheck Cond": "(l_shipdate <= '1998-09-26 00:00:00'::timestamp without time zone)", "Plans": [{"Node Type": "Bitmap Index Scan", "Parent Relationship": "Outer", "Parallel Aware": false, "Index Name": "idx_lineitem_shipdate", "Startup Cost": 0.0, "Total Cost": 698965.53, "Plan Rows": 59530342, "Plan Width": 0, "Index Cond": "(l_shipdate <= '1998-09-26 00:00:00'::timestamp without time zone)"}]}]}]}]}]}]}}, {"Plan": {"Node Type": "Limit", "Parallel Aware": false, "Startup Cost": 2849173.65, "Total Cost": 2849174.16, "Plan Rows": 1, "Plan Width": 236, "Plans": [{"Node Type": "Aggregate", "Strategy": "Sorted", "Partial Mode": "Finalize", "Parent Relationship": "Outer", "Parallel Aware": false, "Startup Cost": 2849173.65, "Total Cost": 2849176.71, "Plan Rows": 6, "Plan Width": 236, "Group Key": ["l_returnflag", "l_linestatus"], "Plans": [{"Node Type": "Gather Merge", "Parent Relationship": "Outer", "Parallel Aware": false, "Startup Cost": 2849173.65, "Total Cost": 2849175.78, "Plan Rows": 18, "Plan Width": 236, "Workers Planned": 3, "Plans": [{"Node Type": "Sort", "Parent Relationship": "Outer", "Parallel Aware": false, "Startup Cost": 2848173.61, "Total Cost": 2848173.63, "Plan Rows": 6, "Plan Width": 236, "Sort Key": ["l_returnflag", "l_linestatus"], "Plans": [{"Node Type": "Aggregate", "Strategy": "Hashed", "Partial Mode": "Partial", "Parent Relationship": "Outer", "Parallel Aware": false, "Startup Cost": 2848173.37, "Total Cost": 2848173.54, "Plan Rows": 6, "Plan Width": 236, "Group Key": ["l_returnflag", "l_linestatus"], "Plans": [{"Node Type": "Bitmap Heap Scan", "Parent Relationship": "Outer", "Parallel Aware": true, "Relation Name": "lineitem", "Alias": "lineitem", "Startup Cost": 713848.12, "Total Cost": 2080039.93, "Plan Rows": 19203336, "Plan Width": 25, "Recheck Cond": "(l_shipdate <= '1998-09-26 00:00:00'::timestamp without time zone)", "Plans": [{"Node Type": "Bitmap Index Scan", "Parent Relationship": "Outer", "Parallel Aware": false, "Index Name": "idx_lineitem_shipdate", "Startup Cost": 0.0, "Total Cost": 698965.53, "Plan Rows": 59530342, "Plan Width": 0, "Index Cond": "(l_shipdate <= '1998-09-26 00:00:00'::timestamp without time zone)"}]}]}]}]}]}]}}, {"Plan": {"Node Type": "Limit", "Parallel Aware": false, "Startup Cost": 2135553.85, "Total Cost": 2135554.36, "Plan Rows": 1, "Plan Width": 236, "Plans": [{"Node Type": "Aggregate", "Strategy": "Sorted", "Partial Mode": "Finalize", "Parent Relationship": "Outer", "Parallel Aware": false, "Startup Cost": 2135553.85, "Total Cost": 2135556.91, "Plan Rows": 6, "Plan Width": 236, "Group Key": ["l_returnflag", "l_linestatus"], "Plans": [{"Node Type": "Gather Merge", "Parent Relationship": "Outer", "Parallel Aware": false, "Startup Cost": 2135553.85, "Total Cost": 2135555.98, "Plan Rows": 18, "Plan Width": 236, "Workers Planned": 3, "Plans": [{"Node Type": "Sort", "Parent Relationship": "Outer", "Parallel Aware": false, "Startup Cost": 2134553.81, "Total Cost": 2134553.83, "Plan Rows": 6, "Plan Width": 236, "Sort Key": ["l_returnflag", "l_linestatus"], "Plans": [{"Node Type": "Aggregate", "Strategy": "Hashed", "Partial Mode": "Partial", "Parent Relationship": "Outer", "Parallel Aware": false, "Startup Cost": 2134553.57, "Total Cost": 2134553.73, "Plan Rows": 6, "Plan Width": 236, "Group Key": ["l_returnflag", "l_linestatus"], "Plans": [{"Node Type": "Seq Scan", "Parent Relationship": "Outer", "Parallel Aware": true, "Relation Name": "lineitem", "Alias": "lineitem", "Startup Cost": 0.0, "Total Cost": 1366420.13, "Plan Rows": 19203336, "Plan Width": 25, "Filter": "(l_shipdate <= '1998-09-26 00:00:00'::timestamp without time zone)"}]}]}]}]}]}}, {"Plan": {"Node Type": "Limit", "Parallel Aware": false, "Startup Cost": 2135553.85, "Total Cost": 2135554.36, "Plan Rows": 1, "Plan Width": 236, "Plans": [{"Node Type": "Aggregate", "Strategy": "Sorted", "Partial Mode": "Finalize", "Parent Relationship": "Outer", "Parallel Aware": false, "Startup Cost": 2135553.85, "Total Cost": 2135556.91, "Plan Rows": 6, "Plan Width": 236, "Group Key": ["l_returnflag", "l_linestatus"], "Plans": [{"Node Type": "Gather Merge", "Parent Relationship": "Outer", "Parallel Aware": false, "Startup Cost": 2135553.85, "Total Cost": 2135555.98, "Plan Rows": 18, "Plan Width": 236, "Workers Planned": 3, "Plans": [{"Node Type": "Sort", "Parent Relationship": "Outer", "Parallel Aware": false, "Startup Cost": 2134553.81, "Total Cost": 2134553.83, "Plan Rows": 6, "Plan Width": 236, "Sort Key": ["l_returnflag", "l_linestatus"], "Plans": [{"Node Type": "Aggregate", "Strategy": "Hashed", "Partial Mode": "Partial", "Parent Relationship": "Outer", "Parallel Aware": false, "Startup Cost": 2134553.57, "Total Cost": 2134553.73, "Plan Rows": 6, "Plan Width": 236, "Group Key": ["l_returnflag", "l_linestatus"], "Plans": [{"Node Type": "Seq Scan", "Parent Relationship": "Outer", "Parallel Aware": true, "Relation Name": "lineitem", "Alias": "lineitem", "Startup Cost": 0.0, "Total Cost": 1366420.13, "Plan Rows": 19203336, "Plan Width": 25, "Filter": "(l_shipdate <= '1998-09-26 00:00:00'::timestamp without time zone)"}]}]}]}]}]}}, {"Plan": {"Node Type": "Limit", "Parallel Aware": false, "Startup Cost": 2849173.65, "Total Cost": 2849174.16, "Plan Rows": 1, "Plan Width": 236, "Plans": [{"Node Type": "Aggregate", "Strategy": "Sorted", "Partial Mode": "Finalize", "Parent Relationship": "Outer", "Parallel Aware": false, "Startup Cost": 2849173.65, "Total Cost": 2849176.71, "Plan Rows": 6, "Plan Width": 236, "Group Key": ["l_returnflag", "l_linestatus"], "Plans": [{"Node Type": "Gather Merge", "Parent Relationship": "Outer", "Parallel Aware": false, "Startup Cost": 2849173.65, "Total Cost": 2849175.78, "Plan Rows": 18, "Plan Width": 236, "Workers Planned": 3, "Plans": [{"Node Type": "Sort", "Parent Relationship": "Outer", "Parallel Aware": false, "Startup Cost": 2848173.61, "Total Cost": 2848173.63, "Plan Rows": 6, "Plan Width": 236, "Sort Key": ["l_returnflag", "l_linestatus"], "Plans": [{"Node Type": "Aggregate", "Strategy": "Hashed", "Partial Mode": "Partial", "Parent Relationship": "Outer", "Parallel Aware": false, "Startup Cost": 2848173.37, "Total Cost": 2848173.54, "Plan Rows": 6, "Plan Width": 236, "Group Key": ["l_returnflag", "l_linestatus"], "Plans": [{"Node Type": "Bitmap Heap Scan", "Parent Relationship": "Outer", "Parallel Aware": true, "Relation Name": "lineitem", "Alias": "lineitem", "Startup Cost": 713848.12, "Total Cost": 2080039.93, "Plan Rows": 19203336, "Plan Width": 25, "Recheck Cond": "(l_shipdate <= '1998-09-26 00:00:00'::timestamp without time zone)", "Plans": [{"Node Type": "Bitmap Index Scan", "Parent Relationship": "Outer", "Parallel Aware": false, "Index Name": "idx_lineitem_shipdate", "Startup Cost": 0.0, "Total Cost": 698965.53, "Plan Rows": 59530342, "Plan Width": 0, "Index Cond": "(l_shipdate <= '1998-09-26 00:00:00'::timestamp without time zone)"}]}]}]}]}]}]}}, {"Plan": {"Node Type": "Limit", "Parallel Aware": false, "Startup Cost": 2135553.85, "Total Cost": 2135554.36, "Plan Rows": 1, "Plan Width": 236, "Plans": [{"Node Type": "Aggregate", "Strategy": "Sorted", "Partial Mode": "Finalize", "Parent Relationship": "Outer", "Parallel Aware": false, "Startup Cost": 2135553.85, "Total Cost": 2135556.91, "Plan Rows": 6, "Plan Width": 236, "Group Key": ["l_returnflag", "l_linestatus"], "Plans": [{"Node Type": "Gather Merge", "Parent Relationship": "Outer", "Parallel Aware": false, "Startup Cost": 2135553.85, "Total Cost": 2135555.98, "Plan Rows": 18, "Plan Width": 236, "Workers Planned": 3, "Plans": [{"Node Type": "Sort", "Parent Relationship": "Outer", "Parallel Aware": false, "Startup Cost": 2134553.81, "Total Cost": 2134553.83, "Plan Rows": 6, "Plan Width": 236, "Sort Key": ["l_returnflag", "l_linestatus"], "Plans": [{"Node Type": "Aggregate", "Strategy": "Hashed", "Partial Mode": "Partial", "Parent Relationship": "Outer", "Parallel Aware": false, "Startup Cost": 2134553.57, "Total Cost": 2134553.73, "Plan Rows": 6, "Plan Width": 236, "Group Key": ["l_returnflag", "l_linestatus"], "Plans": [{"Node Type": "Seq Scan", "Parent Relationship": "Outer", "Parallel Aware": true, "Relation Name": "lineitem", "Alias": "lineitem", "Startup Cost": 0.0, "Total Cost": 1366420.13, "Plan Rows": 19203336, "Plan Width": 25, "Filter": "(l_shipdate <= '1998-09-26 00:00:00'::timestamp without time zone)"}]}]}]}]}]}}, {"Plan": {"Node Type": "Limit", "Parallel Aware": false, "Startup Cost": 2135553.85, "Total Cost": 2135554.36, "Plan Rows": 1, "Plan Width": 236, "Plans": [{"Node Type": "Aggregate", "Strategy": "Sorted", "Partial Mode": "Finalize", "Parent Relationship": "Outer", "Parallel Aware": false, "Startup Cost": 2135553.85, "Total Cost": 2135556.91, "Plan Rows": 6, "Plan Width": 236, "Group Key": ["l_returnflag", "l_linestatus"], "Plans": [{"Node Type": "Gather Merge", "Parent Relationship": "Outer", "Parallel Aware": false, "Startup Cost": 2135553.85, "Total Cost": 2135555.98, "Plan Rows": 18, "Plan Width": 236, "Workers Planned": 3, "Plans": [{"Node Type": "Sort", "Parent Relationship": "Outer", "Parallel Aware": false, "Startup Cost": 2134553.81, "Total Cost": 2134553.83, "Plan Rows": 6, "Plan Width": 236, "Sort Key": ["l_returnflag", "l_linestatus"], "Plans": [{"Node Type": "Aggregate", "Strategy": "Hashed", "Partial Mode": "Partial", "Parent Relationship": "Outer", "Parallel Aware": false, "Startup Cost": 2134553.57, "Total Cost": 2134553.73, "Plan Rows": 6, "Plan Width": 236, "Group Key": ["l_returnflag", "l_linestatus"], "Plans": [{"Node Type": "Seq Scan", "Parent Relationship": "Outer", "Parallel Aware": true, "Relation Name": "lineitem", "Alias": "lineitem", "Startup Cost": 0.0, "Total Cost": 1366420.13, "Plan Rows": 19203336, "Plan Width": 25, "Filter": "(l_shipdate <= '1998-09-26 00:00:00'::timestamp without time zone)"}]}]}]}]}]}}, {"Plan": {"Node Type": "Limit", "Parallel Aware": false, "Startup Cost": 2135553.85, "Total Cost": 2135554.36, "Plan Rows": 1, "Plan Width": 236, "Plans": [{"Node Type": "Aggregate", "Strategy": "Sorted", "Partial Mode": "Finalize", "Parent Relationship": "Outer", "Parallel Aware": false, "Startup Cost": 2135553.85, "Total Cost": 2135556.91, "Plan Rows": 6, "Plan Width": 236, "Group Key": ["l_returnflag", "l_linestatus"], "Plans": [{"Node Type": "Gather Merge", "Parent Relationship": "Outer", "Parallel Aware": false, "Startup Cost": 2135553.85, "Total Cost": 2135555.98, "Plan Rows": 18, "Plan Width": 236, "Workers Planned": 3, "Plans": [{"Node Type": "Sort", "Parent Relationship": "Outer", "Parallel Aware": false, "Startup Cost": 2134553.81, "Total Cost": 2134553.83, "Plan Rows": 6, "Plan Width": 236, "Sort Key": ["l_returnflag", "l_linestatus"], "Plans": [{"Node Type": "Aggregate", "Strategy": "Hashed", "Partial Mode": "Partial", "Parent Relationship": "Outer", "Parallel Aware": false, "Startup Cost": 2134553.57, "Total Cost": 2134553.73, "Plan Rows": 6, "Plan Width": 236, "Group Key": ["l_returnflag", "l_linestatus"], "Plans": [{"Node Type": "Seq Scan", "Parent Relationship": "Outer", "Parallel Aware": true, "Relation Name": "lineitem", "Alias": "lineitem", "Startup Cost": 0.0, "Total Cost": 1366420.13, "Plan Rows": 19203336, "Plan Width": 25, "Filter": "(l_shipdate <= '1998-09-26 00:00:00'::timestamp without time zone)"}]}]}]}]}]}}, {"Plan": {"Node Type": "Limit", "Parallel Aware": false, "Startup Cost": 2135553.85, "Total Cost": 2135554.36, "Plan Rows": 1, "Plan Width": 236, "Plans": [{"Node Type": "Aggregate", "Strategy": "Sorted", "Partial Mode": "Finalize", "Parent Relationship": "Outer", "Parallel Aware": false, "Startup Cost": 2135553.85, "Total Cost": 2135556.91, "Plan Rows": 6, "Plan Width": 236, "Group Key": ["l_returnflag", "l_linestatus"], "Plans": [{"Node Type": "Gather Merge", "Parent Relationship": "Outer", "Parallel Aware": false, "Startup Cost": 2135553.85, "Total Cost": 2135555.98, "Plan Rows": 18, "Plan Width": 236, "Workers Planned": 3, "Plans": [{"Node Type": "Sort", "Parent Relationship": "Outer", "Parallel Aware": false, "Startup Cost": 2134553.81, "Total Cost": 2134553.83, "Plan Rows": 6, "Plan Width": 236, "Sort Key": ["l_returnflag", "l_linestatus"], "Plans": [{"Node Type": "Aggregate", "Strategy": "Hashed", "Partial Mode": "Partial", "Parent Relationship": "Outer", "Parallel Aware": false, "Startup Cost": 2134553.57, "Total Cost": 2134553.73, "Plan Rows": 6, "Plan Width": 236, "Group Key": ["l_returnflag", "l_linestatus"], "Plans": [{"Node Type": "Seq Scan", "Parent Relationship": "Outer", "Parallel Aware": true, "Relation Name": "lineitem", "Alias": "lineitem", "Startup Cost": 0.0, "Total Cost": 1366420.13, "Plan Rows": 19203336, "Plan Width": 25, "Filter": "(l_shipdate <= '1998-09-26 00:00:00'::timestamp without time zone)"}]}]}]}]}]}}, {"Plan": {"Node Type": "Limit", "Parallel Aware": false, "Startup Cost": 2135553.85, "Total Cost": 2135554.36, "Plan Rows": 1, "Plan Width": 236, "Plans": [{"Node Type": "Aggregate", "Strategy": "Sorted", "Partial Mode": "Finalize", "Parent Relationship": "Outer", "Parallel Aware": false, "Startup Cost": 2135553.85, "Total Cost": 2135556.91, "Plan Rows": 6, "Plan Width": 236, "Group Key": ["l_returnflag", "l_linestatus"], "Plans": [{"Node Type": "Gather Merge", "Parent Relationship": "Outer", "Parallel Aware": false, "Startup Cost": 2135553.85, "Total Cost": 2135555.98, "Plan Rows": 18, "Plan Width": 236, "Workers Planned": 3, "Plans": [{"Node Type": "Sort", "Parent Relationship": "Outer", "Parallel Aware": false, "Startup Cost": 2134553.81, "Total Cost": 2134553.83, "Plan Rows": 6, "Plan Width": 236, "Sort Key": ["l_returnflag", "l_linestatus"], "Plans": [{"Node Type": "Aggregate", "Strategy": "Hashed", "Partial Mode": "Partial", "Parent Relationship": "Outer", "Parallel Aware": false, "Startup Cost": 2134553.57, "Total Cost": 2134553.73, "Plan Rows": 6, "Plan Width": 236, "Group Key": ["l_returnflag", "l_linestatus"], "Plans": [{"Node Type": "Seq Scan", "Parent Relationship": "Outer", "Parallel Aware": true, "Relation Name": "lineitem", "Alias": "lineitem", "Startup Cost": 0.0, "Total Cost": 1366420.13, "Plan Rows": 19203336, "Plan Width": 25, "Filter": "(l_shipdate <= '1998-09-26 00:00:00'::timestamp without time zone)"}]}]}]}]}]}}, {"Plan": {"Node Type": "Limit", "Parallel Aware": false, "Startup Cost": 2135553.85, "Total Cost": 2135554.36, "Plan Rows": 1, "Plan Width": 236, "Plans": [{"Node Type": "Aggregate", "Strategy": "Sorted", "Partial Mode": "Finalize", "Parent Relationship": "Outer", "Parallel Aware": false, "Startup Cost": 2135553.85, "Total Cost": 2135556.91, "Plan Rows": 6, "Plan Width": 236, "Group Key": ["l_returnflag", "l_linestatus"], "Plans": [{"Node Type": "Gather Merge", "Parent Relationship": "Outer", "Parallel Aware": false, "Startup Cost": 2135553.85, "Total Cost": 2135555.98, "Plan Rows": 18, "Plan Width": 236, "Workers Planned": 3, "Plans": [{"Node Type": "Sort", "Parent Relationship": "Outer", "Parallel Aware": false, "Startup Cost": 2134553.81, "Total Cost": 2134553.83, "Plan Rows": 6, "Plan Width": 236, "Sort Key": ["l_returnflag", "l_linestatus"], "Plans": [{"Node Type": "Aggregate", "Strategy": "Hashed", "Partial Mode": "Partial", "Parent Relationship": "Outer", "Parallel Aware": false, "Startup Cost": 2134553.57, "Total Cost": 2134553.73, "Plan Rows": 6, "Plan Width": 236, "Group Key": ["l_returnflag", "l_linestatus"], "Plans": [{"Node Type": "Seq Scan", "Parent Relationship": "Outer", "Parallel Aware": true, "Relation Name": "lineitem", "Alias": "lineitem", "Startup Cost": 0.0, "Total Cost": 1366420.13, "Plan Rows": 19203336, "Plan Width": 25, "Filter": "(l_shipdate <= '1998-09-26 00:00:00'::timestamp without time zone)"}]}]}]}]}]}}, {"Plan": {"Node Type": "Limit", "Parallel Aware": false, "Startup Cost": 2849173.65, "Total Cost": 2849174.16, "Plan Rows": 1, "Plan Width": 236, "Plans": [{"Node Type": "Aggregate", "Strategy": "Sorted", "Partial Mode": "Finalize", "Parent Relationship": "Outer", "Parallel Aware": false, "Startup Cost": 2849173.65, "Total Cost": 2849176.71, "Plan Rows": 6, "Plan Width": 236, "Group Key": ["l_returnflag", "l_linestatus"], "Plans": [{"Node Type": "Gather Merge", "Parent Relationship": "Outer", "Parallel Aware": false, "Startup Cost": 2849173.65, "Total Cost": 2849175.78, "Plan Rows": 18, "Plan Width": 236, "Workers Planned": 3, "Plans": [{"Node Type": "Sort", "Parent Relationship": "Outer", "Parallel Aware": false, "Startup Cost": 2848173.61, "Total Cost": 2848173.63, "Plan Rows": 6, "Plan Width": 236, "Sort Key": ["l_returnflag", "l_linestatus"], "Plans": [{"Node Type": "Aggregate", "Strategy": "Hashed", "Partial Mode": "Partial", "Parent Relationship": "Outer", "Parallel Aware": false, "Startup Cost": 2848173.37, "Total Cost": 2848173.54, "Plan Rows": 6, "Plan Width": 236, "Group Key": ["l_returnflag", "l_linestatus"], "Plans": [{"Node Type": "Bitmap Heap Scan", "Parent Relationship": "Outer", "Parallel Aware": true, "Relation Name": "lineitem", "Alias": "lineitem", "Startup Cost": 713848.12, "Total Cost": 2080039.93, "Plan Rows": 19203336, "Plan Width": 25, "Recheck Cond": "(l_shipdate <= '1998-09-26 00:00:00'::timestamp without time zone)", "Plans": [{"Node Type": "Bitmap Index Scan", "Parent Relationship": "Outer", "Parallel Aware": false, "Index Name": "idx_lineitem_shipdate", "Startup Cost": 0.0, "Total Cost": 698965.53, "Plan Rows": 59530342, "Plan Width": 0, "Index Cond": "(l_shipdate <= '1998-09-26 00:00:00'::timestamp without time zone)"}]}]}]}]}]}]}}, {"Plan": {"Node Type": "Limit", "Parallel Aware": false, "Startup Cost": 2849173.65, "Total Cost": 2849174.16, "Plan Rows": 1, "Plan Width": 236, "Plans": [{"Node Type": "Aggregate", "Strategy": "Sorted", "Partial Mode": "Finalize", "Parent Relationship": "Outer", "Parallel Aware": false, "Startup Cost": 2849173.65, "Total Cost": 2849176.71, "Plan Rows": 6, "Plan Width": 236, "Group Key": ["l_returnflag", "l_linestatus"], "Plans": [{"Node Type": "Gather Merge", "Parent Relationship": "Outer", "Parallel Aware": false, "Startup Cost": 2849173.65, "Total Cost": 2849175.78, "Plan Rows": 18, "Plan Width": 236, "Workers Planned": 3, "Plans": [{"Node Type": "Sort", "Parent Relationship": "Outer", "Parallel Aware": false, "Startup Cost": 2848173.61, "Total Cost": 2848173.63, "Plan Rows": 6, "Plan Width": 236, "Sort Key": ["l_returnflag", "l_linestatus"], "Plans": [{"Node Type": "Aggregate", "Strategy": "Hashed", "Partial Mode": "Partial", "Parent Relationship": "Outer", "Parallel Aware": false, "Startup Cost": 2848173.37, "Total Cost": 2848173.54, "Plan Rows": 6, "Plan Width": 236, "Group Key": ["l_returnflag", "l_linestatus"], "Plans": [{"Node Type": "Bitmap Heap Scan", "Parent Relationship": "Outer", "Parallel Aware": true, "Relation Name": "lineitem", "Alias": "lineitem", "Startup Cost": 713848.12, "Total Cost": 2080039.93, "Plan Rows": 19203336, "Plan Width": 25, "Recheck Cond": "(l_shipdate <= '1998-09-26 00:00:00'::timestamp without time zone)", "Plans": [{"Node Type": "Bitmap Index Scan", "Parent Relationship": "Outer", "Parallel Aware": false, "Index Name": "idx_lineitem_shipdate", "Startup Cost": 0.0, "Total Cost": 698965.53, "Plan Rows": 59530342, "Plan Width": 0, "Index Cond": "(l_shipdate <= '1998-09-26 00:00:00'::timestamp without time zone)"}]}]}]}]}]}]}}, {"Plan": {"Node Type": "Limit", "Parallel Aware": false, "Startup Cost": 2135553.85, "Total Cost": 2135554.36, "Plan Rows": 1, "Plan Width": 236, "Plans": [{"Node Type": "Aggregate", "Strategy": "Sorted", "Partial Mode": "Finalize", "Parent Relationship": "Outer", "Parallel Aware": false, "Startup Cost": 2135553.85, "Total Cost": 2135556.91, "Plan Rows": 6, "Plan Width": 236, "Group Key": ["l_returnflag", "l_linestatus"], "Plans": [{"Node Type": "Gather Merge", "Parent Relationship": "Outer", "Parallel Aware": false, "Startup Cost": 2135553.85, "Total Cost": 2135555.98, "Plan Rows": 18, "Plan Width": 236, "Workers Planned": 3, "Plans": [{"Node Type": "Sort", "Parent Relationship": "Outer", "Parallel Aware": false, "Startup Cost": 2134553.81, "Total Cost": 2134553.83, "Plan Rows": 6, "Plan Width": 236, "Sort Key": ["l_returnflag", "l_linestatus"], "Plans": [{"Node Type": "Aggregate", "Strategy": "Hashed", "Partial Mode": "Partial", "Parent Relationship": "Outer", "Parallel Aware": false, "Startup Cost": 2134553.57, "Total Cost": 2134553.73, "Plan Rows": 6, "Plan Width": 236, "Group Key": ["l_returnflag", "l_linestatus"], "Plans": [{"Node Type": "Seq Scan", "Parent Relationship": "Outer", "Parallel Aware": true, "Relation Name": "lineitem", "Alias": "lineitem", "Startup Cost": 0.0, "Total Cost": 1366420.13, "Plan Rows": 19203336, "Plan Width": 25, "Filter": "(l_shipdate <= '1998-09-26 00:00:00'::timestamp without time zone)"}]}]}]}]}]}}, {"Plan": {"Node Type": "Limit", "Parallel Aware": false, "Startup Cost": 2135553.85, "Total Cost": 2135554.36, "Plan Rows": 1, "Plan Width": 236, "Plans": [{"Node Type": "Aggregate", "Strategy": "Sorted", "Partial Mode": "Finalize", "Parent Relationship": "Outer", "Parallel Aware": false, "Startup Cost": 2135553.85, "Total Cost": 2135556.91, "Plan Rows": 6, "Plan Width": 236, "Group Key": ["l_returnflag", "l_linestatus"], "Plans": [{"Node Type": "Gather Merge", "Parent Relationship": "Outer", "Parallel Aware": false, "Startup Cost": 2135553.85, "Total Cost": 2135555.98, "Plan Rows": 18, "Plan Width": 236, "Workers Planned": 3, "Plans": [{"Node Type": "Sort", "Parent Relationship": "Outer", "Parallel Aware": false, "Startup Cost": 2134553.81, "Total Cost": 2134553.83, "Plan Rows": 6, "Plan Width": 236, "Sort Key": ["l_returnflag", "l_linestatus"], "Plans": [{"Node Type": "Aggregate", "Strategy": "Hashed", "Partial Mode": "Partial", "Parent Relationship": "Outer", "Parallel Aware": false, "Startup Cost": 2134553.57, "Total Cost": 2134553.73, "Plan Rows": 6, "Plan Width": 236, "Group Key": ["l_returnflag", "l_linestatus"], "Plans": [{"Node Type": "Seq Scan", "Parent Relationship": "Outer", "Parallel Aware": true, "Relation Name": "lineitem", "Alias": "lineitem", "Startup Cost": 0.0, "Total Cost": 1366420.13, "Plan Rows": 19203336, "Plan Width": 25, "Filter": "(l_shipdate <= '1998-09-26 00:00:00'::timestamp without time zone)"}]}]}]}]}]}}, {"Plan": {"Node Type": "Limit", "Parallel Aware": false, "Startup Cost": 2849173.65, "Total Cost": 2849174.16, "Plan Rows": 1, "Plan Width": 236, "Plans": [{"Node Type": "Aggregate", "Strategy": "Sorted", "Partial Mode": "Finalize", "Parent Relationship": "Outer", "Parallel Aware": false, "Startup Cost": 2849173.65, "Total Cost": 2849176.71, "Plan Rows": 6, "Plan Width": 236, "Group Key": ["l_returnflag", "l_linestatus"], "Plans": [{"Node Type": "Gather Merge", "Parent Relationship": "Outer", "Parallel Aware": false, "Startup Cost": 2849173.65, "Total Cost": 2849175.78, "Plan Rows": 18, "Plan Width": 236, "Workers Planned": 3, "Plans": [{"Node Type": "Sort", "Parent Relationship": "Outer", "Parallel Aware": false, "Startup Cost": 2848173.61, "Total Cost": 2848173.63, "Plan Rows": 6, "Plan Width": 236, "Sort Key": ["l_returnflag", "l_linestatus"], "Plans": [{"Node Type": "Aggregate", "Strategy": "Hashed", "Partial Mode": "Partial", "Parent Relationship": "Outer", "Parallel Aware": false, "Startup Cost": 2848173.37, "Total Cost": 2848173.54, "Plan Rows": 6, "Plan Width": 236, "Group Key": ["l_returnflag", "l_linestatus"], "Plans": [{"Node Type": "Bitmap Heap Scan", "Parent Relationship": "Outer", "Parallel Aware": true, "Relation Name": "lineitem", "Alias": "lineitem", "Startup Cost": 713848.12, "Total Cost": 2080039.93, "Plan Rows": 19203336, "Plan Width": 25, "Recheck Cond": "(l_shipdate <= '1998-09-26 00:00:00'::timestamp without time zone)", "Plans": [{"Node Type": "Bitmap Index Scan", "Parent Relationship": "Outer", "Parallel Aware": false, "Index Name": "idx_lineitem_shipdate", "Startup Cost": 0.0, "Total Cost": 698965.53, "Plan Rows": 59530342, "Plan Width": 0, "Index Cond": "(l_shipdate <= '1998-09-26 00:00:00'::timestamp without time zone)"}]}]}]}]}]}]}}, {"Plan": {"Node Type": "Limit", "Parallel Aware": false, "Startup Cost": 2135553.85, "Total Cost": 2135554.36, "Plan Rows": 1, "Plan Width": 236, "Plans": [{"Node Type": "Aggregate", "Strategy": "Sorted", "Partial Mode": "Finalize", "Parent Relationship": "Outer", "Parallel Aware": false, "Startup Cost": 2135553.85, "Total Cost": 2135556.91, "Plan Rows": 6, "Plan Width": 236, "Group Key": ["l_returnflag", "l_linestatus"], "Plans": [{"Node Type": "Gather Merge", "Parent Relationship": "Outer", "Parallel Aware": false, "Startup Cost": 2135553.85, "Total Cost": 2135555.98, "Plan Rows": 18, "Plan Width": 236, "Workers Planned": 3, "Plans": [{"Node Type": "Sort", "Parent Relationship": "Outer", "Parallel Aware": false, "Startup Cost": 2134553.81, "Total Cost": 2134553.83, "Plan Rows": 6, "Plan Width": 236, "Sort Key": ["l_returnflag", "l_linestatus"], "Plans": [{"Node Type": "Aggregate", "Strategy": "Hashed", "Partial Mode": "Partial", "Parent Relationship": "Outer", "Parallel Aware": false, "Startup Cost": 2134553.57, "Total Cost": 2134553.73, "Plan Rows": 6, "Plan Width": 236, "Group Key": ["l_returnflag", "l_linestatus"], "Plans": [{"Node Type": "Seq Scan", "Parent Relationship": "Outer", "Parallel Aware": true, "Relation Name": "lineitem", "Alias": "lineitem", "Startup Cost": 0.0, "Total Cost": 1366420.13, "Plan Rows": 19203336, "Plan Width": 25, "Filter": "(l_shipdate <= '1998-09-26 00:00:00'::timestamp without time zone)"}]}]}]}]}]}}, {"Plan": {"Node Type": "Limit", "Parallel Aware": false, "Startup Cost": 2849173.65, "Total Cost": 2849174.16, "Plan Rows": 1, "Plan Width": 236, "Plans": [{"Node Type": "Aggregate", "Strategy": "Sorted", "Partial Mode": "Finalize", "Parent Relationship": "Outer", "Parallel Aware": false, "Startup Cost": 2849173.65, "Total Cost": 2849176.71, "Plan Rows": 6, "Plan Width": 236, "Group Key": ["l_returnflag", "l_linestatus"], "Plans": [{"Node Type": "Gather Merge", "Parent Relationship": "Outer", "Parallel Aware": false, "Startup Cost": 2849173.65, "Total Cost": 2849175.78, "Plan Rows": 18, "Plan Width": 236, "Workers Planned": 3, "Plans": [{"Node Type": "Sort", "Parent Relationship": "Outer", "Parallel Aware": false, "Startup Cost": 2848173.61, "Total Cost": 2848173.63, "Plan Rows": 6, "Plan Width": 236, "Sort Key": ["l_returnflag", "l_linestatus"], "Plans": [{"Node Type": "Aggregate", "Strategy": "Hashed", "Partial Mode": "Partial", "Parent Relationship": "Outer", "Parallel Aware": false, "Startup Cost": 2848173.37, "Total Cost": 2848173.54, "Plan Rows": 6, "Plan Width": 236, "Group Key": ["l_returnflag", "l_linestatus"], "Plans": [{"Node Type": "Bitmap Heap Scan", "Parent Relationship": "Outer", "Parallel Aware": true, "Relation Name": "lineitem", "Alias": "lineitem", "Startup Cost": 713848.12, "Total Cost": 2080039.93, "Plan Rows": 19203336, "Plan Width": 25, "Recheck Cond": "(l_shipdate <= '1998-09-26 00:00:00'::timestamp without time zone)", "Plans": [{"Node Type": "Bitmap Index Scan", "Parent Relationship": "Outer", "Parallel Aware": false, "Index Name": "idx_lineitem_shipdate", "Startup Cost": 0.0, "Total Cost": 698965.53, "Plan Rows": 59530342, "Plan Width": 0, "Index Cond": "(l_shipdate <= '1998-09-26 00:00:00'::timestamp without time zone)"}]}]}]}]}]}]}}, {"Plan": {"Node Type": "Limit", "Parallel Aware": false, "Startup Cost": 2849173.65, "Total Cost": 2849174.16, "Plan Rows": 1, "Plan Width": 236, "Plans": [{"Node Type": "Aggregate", "Strategy": "Sorted", "Partial Mode": "Finalize", "Parent Relationship": "Outer", "Parallel Aware": false, "Startup Cost": 2849173.65, "Total Cost": 2849176.71, "Plan Rows": 6, "Plan Width": 236, "Group Key": ["l_returnflag", "l_linestatus"], "Plans": [{"Node Type": "Gather Merge", "Parent Relationship": "Outer", "Parallel Aware": false, "Startup Cost": 2849173.65, "Total Cost": 2849175.78, "Plan Rows": 18, "Plan Width": 236, "Workers Planned": 3, "Plans": [{"Node Type": "Sort", "Parent Relationship": "Outer", "Parallel Aware": false, "Startup Cost": 2848173.61, "Total Cost": 2848173.63, "Plan Rows": 6, "Plan Width": 236, "Sort Key": ["l_returnflag", "l_linestatus"], "Plans": [{"Node Type": "Aggregate", "Strategy": "Hashed", "Partial Mode": "Partial", "Parent Relationship": "Outer", "Parallel Aware": false, "Startup Cost": 2848173.37, "Total Cost": 2848173.54, "Plan Rows": 6, "Plan Width": 236, "Group Key": ["l_returnflag", "l_linestatus"], "Plans": [{"Node Type": "Bitmap Heap Scan", "Parent Relationship": "Outer", "Parallel Aware": true, "Relation Name": "lineitem", "Alias": "lineitem", "Startup Cost": 713848.12, "Total Cost": 2080039.93, "Plan Rows": 19203336, "Plan Width": 25, "Recheck Cond": "(l_shipdate <= '1998-09-26 00:00:00'::timestamp without time zone)", "Plans": [{"Node Type": "Bitmap Index Scan", "Parent Relationship": "Outer", "Parallel Aware": false, "Index Name": "idx_lineitem_shipdate", "Startup Cost": 0.0, "Total Cost": 698965.53, "Plan Rows": 59530342, "Plan Width": 0, "Index Cond": "(l_shipdate <= '1998-09-26 00:00:00'::timestamp without time zone)"}]}]}]}]}]}]}}, {"Plan": {"Node Type": "Limit", "Parallel Aware": false, "Startup Cost": 2135553.85, "Total Cost": 2135554.36, "Plan Rows": 1, "Plan Width": 236, "Plans": [{"Node Type": "Aggregate", "Strategy": "Sorted", "Partial Mode": "Finalize", "Parent Relationship": "Outer", "Parallel Aware": false, "Startup Cost": 2135553.85, "Total Cost": 2135556.91, "Plan Rows": 6, "Plan Width": 236, "Group Key": ["l_returnflag", "l_linestatus"], "Plans": [{"Node Type": "Gather Merge", "Parent Relationship": "Outer", "Parallel Aware": false, "Startup Cost": 2135553.85, "Total Cost": 2135555.98, "Plan Rows": 18, "Plan Width": 236, "Workers Planned": 3, "Plans": [{"Node Type": "Sort", "Parent Relationship": "Outer", "Parallel Aware": false, "Startup Cost": 2134553.81, "Total Cost": 2134553.83, "Plan Rows": 6, "Plan Width": 236, "Sort Key": ["l_returnflag", "l_linestatus"], "Plans": [{"Node Type": "Aggregate", "Strategy": "Hashed", "Partial Mode": "Partial", "Parent Relationship": "Outer", "Parallel Aware": false, "Startup Cost": 2134553.57, "Total Cost": 2134553.73, "Plan Rows": 6, "Plan Width": 236, "Group Key": ["l_returnflag", "l_linestatus"], "Plans": [{"Node Type": "Seq Scan", "Parent Relationship": "Outer", "Parallel Aware": true, "Relation Name": "lineitem", "Alias": "lineitem", "Startup Cost": 0.0, "Total Cost": 1366420.13, "Plan Rows": 19203336, "Plan Width": 25, "Filter": "(l_shipdate <= '1998-09-26 00:00:00'::timestamp without time zone)"}]}]}]}]}]}}, {"Plan": {"Node Type": "Limit", "Parallel Aware": false, "Startup Cost": 2135553.85, "Total Cost": 2135554.36, "Plan Rows": 1, "Plan Width": 236, "Plans": [{"Node Type": "Aggregate", "Strategy": "Sorted", "Partial Mode": "Finalize", "Parent Relationship": "Outer", "Parallel Aware": false, "Startup Cost": 2135553.85, "Total Cost": 2135556.91, "Plan Rows": 6, "Plan Width": 236, "Group Key": ["l_returnflag", "l_linestatus"], "Plans": [{"Node Type": "Gather Merge", "Parent Relationship": "Outer", "Parallel Aware": false, "Startup Cost": 2135553.85, "Total Cost": 2135555.98, "Plan Rows": 18, "Plan Width": 236, "Workers Planned": 3, "Plans": [{"Node Type": "Sort", "Parent Relationship": "Outer", "Parallel Aware": false, "Startup Cost": 2134553.81, "Total Cost": 2134553.83, "Plan Rows": 6, "Plan Width": 236, "Sort Key": ["l_returnflag", "l_linestatus"], "Plans": [{"Node Type": "Aggregate", "Strategy": "Hashed", "Partial Mode": "Partial", "Parent Relationship": "Outer", "Parallel Aware": false, "Startup Cost": 2134553.57, "Total Cost": 2134553.73, "Plan Rows": 6, "Plan Width": 236, "Group Key": ["l_returnflag", "l_linestatus"], "Plans": [{"Node Type": "Seq Scan", "Parent Relationship": "Outer", "Parallel Aware": true, "Relation Name": "lineitem", "Alias": "lineitem", "Startup Cost": 0.0, "Total Cost": 1366420.13, "Plan Rows": 19203336, "Plan Width": 25, "Filter": "(l_shipdate <= '1998-09-26 00:00:00'::timestamp without time zone)"}]}]}]}]}]}}, {"Plan": {"Node Type": "Limit", "Parallel Aware": false, "Startup Cost": 2849173.65, "Total Cost": 2849174.16, "Plan Rows": 1, "Plan Width": 236, "Plans": [{"Node Type": "Aggregate", "Strategy": "Sorted", "Partial Mode": "Finalize", "Parent Relationship": "Outer", "Parallel Aware": false, "Startup Cost": 2849173.65, "Total Cost": 2849176.71, "Plan Rows": 6, "Plan Width": 236, "Group Key": ["l_returnflag", "l_linestatus"], "Plans": [{"Node Type": "Gather Merge", "Parent Relationship": "Outer", "Parallel Aware": false, "Startup Cost": 2849173.65, "Total Cost": 2849175.78, "Plan Rows": 18, "Plan Width": 236, "Workers Planned": 3, "Plans": [{"Node Type": "Sort", "Parent Relationship": "Outer", "Parallel Aware": false, "Startup Cost": 2848173.61, "Total Cost": 2848173.63, "Plan Rows": 6, "Plan Width": 236, "Sort Key": ["l_returnflag", "l_linestatus"], "Plans": [{"Node Type": "Aggregate", "Strategy": "Hashed", "Partial Mode": "Partial", "Parent Relationship": "Outer", "Parallel Aware": false, "Startup Cost": 2848173.37, "Total Cost": 2848173.54, "Plan Rows": 6, "Plan Width": 236, "Group Key": ["l_returnflag", "l_linestatus"], "Plans": [{"Node Type": "Bitmap Heap Scan", "Parent Relationship": "Outer", "Parallel Aware": true, "Relation Name": "lineitem", "Alias": "lineitem", "Startup Cost": 713848.12, "Total Cost": 2080039.93, "Plan Rows": 19203336, "Plan Width": 25, "Recheck Cond": "(l_shipdate <= '1998-09-26 00:00:00'::timestamp without time zone)", "Plans": [{"Node Type": "Bitmap Index Scan", "Parent Relationship": "Outer", "Parallel Aware": false, "Index Name": "idx_lineitem_shipdate", "Startup Cost": 0.0, "Total Cost": 698965.53, "Plan Rows": 59530342, "Plan Width": 0, "Index Cond": "(l_shipdate <= '1998-09-26 00:00:00'::timestamp without time zone)"}]}]}]}]}]}]}}, {"Plan": {"Node Type": "Limit", "Parallel Aware": false, "Startup Cost": 2135553.85, "Total Cost": 2135554.36, "Plan Rows": 1, "Plan Width": 236, "Plans": [{"Node Type": "Aggregate", "Strategy": "Sorted", "Partial Mode": "Finalize", "Parent Relationship": "Outer", "Parallel Aware": false, "Startup Cost": 2135553.85, "Total Cost": 2135556.91, "Plan Rows": 6, "Plan Width": 236, "Group Key": ["l_returnflag", "l_linestatus"], "Plans": [{"Node Type": "Gather Merge", "Parent Relationship": "Outer", "Parallel Aware": false, "Startup Cost": 2135553.85, "Total Cost": 2135555.98, "Plan Rows": 18, "Plan Width": 236, "Workers Planned": 3, "Plans": [{"Node Type": "Sort", "Parent Relationship": "Outer", "Parallel Aware": false, "Startup Cost": 2134553.81, "Total Cost": 2134553.83, "Plan Rows": 6, "Plan Width": 236, "Sort Key": ["l_returnflag", "l_linestatus"], "Plans": [{"Node Type": "Aggregate", "Strategy": "Hashed", "Partial Mode": "Partial", "Parent Relationship": "Outer", "Parallel Aware": false, "Startup Cost": 2134553.57, "Total Cost": 2134553.73, "Plan Rows": 6, "Plan Width": 236, "Group Key": ["l_returnflag", "l_linestatus"], "Plans": [{"Node Type": "Seq Scan", "Parent Relationship": "Outer", "Parallel Aware": true, "Relation Name": "lineitem", "Alias": "lineitem", "Startup Cost": 0.0, "Total Cost": 1366420.13, "Plan Rows": 19203336, "Plan Width": 25, "Filter": "(l_shipdate <= '1998-09-26 00:00:00'::timestamp without time zone)"}]}]}]}]}]}}, {"Plan": {"Node Type": "Limit", "Parallel Aware": false, "Startup Cost": 2849173.65, "Total Cost": 2849174.16, "Plan Rows": 1, "Plan Width": 236, "Plans": [{"Node Type": "Aggregate", "Strategy": "Sorted", "Partial Mode": "Finalize", "Parent Relationship": "Outer", "Parallel Aware": false, "Startup Cost": 2849173.65, "Total Cost": 2849176.71, "Plan Rows": 6, "Plan Width": 236, "Group Key": ["l_returnflag", "l_linestatus"], "Plans": [{"Node Type": "Gather Merge", "Parent Relationship": "Outer", "Parallel Aware": false, "Startup Cost": 2849173.65, "Total Cost": 2849175.78, "Plan Rows": 18, "Plan Width": 236, "Workers Planned": 3, "Plans": [{"Node Type": "Sort", "Parent Relationship": "Outer", "Parallel Aware": false, "Startup Cost": 2848173.61, "Total Cost": 2848173.63, "Plan Rows": 6, "Plan Width": 236, "Sort Key": ["l_returnflag", "l_linestatus"], "Plans": [{"Node Type": "Aggregate", "Strategy": "Hashed", "Partial Mode": "Partial", "Parent Relationship": "Outer", "Parallel Aware": false, "Startup Cost": 2848173.37, "Total Cost": 2848173.54, "Plan Rows": 6, "Plan Width": 236, "Group Key": ["l_returnflag", "l_linestatus"], "Plans": [{"Node Type": "Bitmap Heap Scan", "Parent Relationship": "Outer", "Parallel Aware": true, "Relation Name": "lineitem", "Alias": "lineitem", "Startup Cost": 713848.12, "Total Cost": 2080039.93, "Plan Rows": 19203336, "Plan Width": 25, "Recheck Cond": "(l_shipdate <= '1998-09-26 00:00:00'::timestamp without time zone)", "Plans": [{"Node Type": "Bitmap Index Scan", "Parent Relationship": "Outer", "Parallel Aware": false, "Index Name": "idx_lineitem_shipdate", "Startup Cost": 0.0, "Total Cost": 698965.53, "Plan Rows": 59530342, "Plan Width": 0, "Index Cond": "(l_shipdate <= '1998-09-26 00:00:00'::timestamp without time zone)"}]}]}]}]}]}]}}, {"Plan": {"Node Type": "Limit", "Parallel Aware": false, "Startup Cost": 2849173.65, "Total Cost": 2849174.16, "Plan Rows": 1, "Plan Width": 236, "Plans": [{"Node Type": "Aggregate", "Strategy": "Sorted", "Partial Mode": "Finalize", "Parent Relationship": "Outer", "Parallel Aware": false, "Startup Cost": 2849173.65, "Total Cost": 2849176.71, "Plan Rows": 6, "Plan Width": 236, "Group Key": ["l_returnflag", "l_linestatus"], "Plans": [{"Node Type": "Gather Merge", "Parent Relationship": "Outer", "Parallel Aware": false, "Startup Cost": 2849173.65, "Total Cost": 2849175.78, "Plan Rows": 18, "Plan Width": 236, "Workers Planned": 3, "Plans": [{"Node Type": "Sort", "Parent Relationship": "Outer", "Parallel Aware": false, "Startup Cost": 2848173.61, "Total Cost": 2848173.63, "Plan Rows": 6, "Plan Width": 236, "Sort Key": ["l_returnflag", "l_linestatus"], "Plans": [{"Node Type": "Aggregate", "Strategy": "Hashed", "Partial Mode": "Partial", "Parent Relationship": "Outer", "Parallel Aware": false, "Startup Cost": 2848173.37, "Total Cost": 2848173.54, "Plan Rows": 6, "Plan Width": 236, "Group Key": ["l_returnflag", "l_linestatus"], "Plans": [{"Node Type": "Bitmap Heap Scan", "Parent Relationship": "Outer", "Parallel Aware": true, "Relation Name": "lineitem", "Alias": "lineitem", "Startup Cost": 713848.12, "Total Cost": 2080039.93, "Plan Rows": 19203336, "Plan Width": 25, "Recheck Cond": "(l_shipdate <= '1998-09-26 00:00:00'::timestamp without time zone)", "Plans": [{"Node Type": "Bitmap Index Scan", "Parent Relationship": "Outer", "Parallel Aware": false, "Index Name": "idx_lineitem_shipdate", "Startup Cost": 0.0, "Total Cost": 698965.53, "Plan Rows": 59530342, "Plan Width": 0, "Index Cond": "(l_shipdate <= '1998-09-26 00:00:00'::timestamp without time zone)"}]}]}]}]}]}]}}, {"Plan": {"Node Type": "Limit", "Parallel Aware": false, "Startup Cost": 2135553.85, "Total Cost": 2135554.36, "Plan Rows": 1, "Plan Width": 236, "Plans": [{"Node Type": "Aggregate", "Strategy": "Sorted", "Partial Mode": "Finalize", "Parent Relationship": "Outer", "Parallel Aware": false, "Startup Cost": 2135553.85, "Total Cost": 2135556.91, "Plan Rows": 6, "Plan Width": 236, "Group Key": ["l_returnflag", "l_linestatus"], "Plans": [{"Node Type": "Gather Merge", "Parent Relationship": "Outer", "Parallel Aware": false, "Startup Cost": 2135553.85, "Total Cost": 2135555.98, "Plan Rows": 18, "Plan Width": 236, "Workers Planned": 3, "Plans": [{"Node Type": "Sort", "Parent Relationship": "Outer", "Parallel Aware": false, "Startup Cost": 2134553.81, "Total Cost": 2134553.83, "Plan Rows": 6, "Plan Width": 236, "Sort Key": ["l_returnflag", "l_linestatus"], "Plans": [{"Node Type": "Aggregate", "Strategy": "Hashed", "Partial Mode": "Partial", "Parent Relationship": "Outer", "Parallel Aware": false, "Startup Cost": 2134553.57, "Total Cost": 2134553.73, "Plan Rows": 6, "Plan Width": 236, "Group Key": ["l_returnflag", "l_linestatus"], "Plans": [{"Node Type": "Seq Scan", "Parent Relationship": "Outer", "Parallel Aware": true, "Relation Name": "lineitem", "Alias": "lineitem", "Startup Cost": 0.0, "Total Cost": 1366420.13, "Plan Rows": 19203336, "Plan Width": 25, "Filter": "(l_shipdate <= '1998-09-26 00:00:00'::timestamp without time zone)"}]}]}]}]}]}}, {"Plan": {"Node Type": "Limit", "Parallel Aware": false, "Startup Cost": 2135553.85, "Total Cost": 2135554.36, "Plan Rows": 1, "Plan Width": 236, "Plans": [{"Node Type": "Aggregate", "Strategy": "Sorted", "Partial Mode": "Finalize", "Parent Relationship": "Outer", "Parallel Aware": false, "Startup Cost": 2135553.85, "Total Cost": 2135556.91, "Plan Rows": 6, "Plan Width": 236, "Group Key": ["l_returnflag", "l_linestatus"], "Plans": [{"Node Type": "Gather Merge", "Parent Relationship": "Outer", "Parallel Aware": false, "Startup Cost": 2135553.85, "Total Cost": 2135555.98, "Plan Rows": 18, "Plan Width": 236, "Workers Planned": 3, "Plans": [{"Node Type": "Sort", "Parent Relationship": "Outer", "Parallel Aware": false, "Startup Cost": 2134553.81, "Total Cost": 2134553.83, "Plan Rows": 6, "Plan Width": 236, "Sort Key": ["l_returnflag", "l_linestatus"], "Plans": [{"Node Type": "Aggregate", "Strategy": "Hashed", "Partial Mode": "Partial", "Parent Relationship": "Outer", "Parallel Aware": false, "Startup Cost": 2134553.57, "Total Cost": 2134553.73, "Plan Rows": 6, "Plan Width": 236, "Group Key": ["l_returnflag", "l_linestatus"], "Plans": [{"Node Type": "Seq Scan", "Parent Relationship": "Outer", "Parallel Aware": true, "Relation Name": "lineitem", "Alias": "lineitem", "Startup Cost": 0.0, "Total Cost": 1366420.13, "Plan Rows": 19203336, "Plan Width": 25, "Filter": "(l_shipdate <= '1998-09-26 00:00:00'::timestamp without time zone)"}]}]}]}]}]}}, {"Plan": {"Node Type": "Limit", "Parallel Aware": false, "Startup Cost": 2849173.65, "Total Cost": 2849174.16, "Plan Rows": 1, "Plan Width": 236, "Plans": [{"Node Type": "Aggregate", "Strategy": "Sorted", "Partial Mode": "Finalize", "Parent Relationship": "Outer", "Parallel Aware": false, "Startup Cost": 2849173.65, "Total Cost": 2849176.71, "Plan Rows": 6, "Plan Width": 236, "Group Key": ["l_returnflag", "l_linestatus"], "Plans": [{"Node Type": "Gather Merge", "Parent Relationship": "Outer", "Parallel Aware": false, "Startup Cost": 2849173.65, "Total Cost": 2849175.78, "Plan Rows": 18, "Plan Width": 236, "Workers Planned": 3, "Plans": [{"Node Type": "Sort", "Parent Relationship": "Outer", "Parallel Aware": false, "Startup Cost": 2848173.61, "Total Cost": 2848173.63, "Plan Rows": 6, "Plan Width": 236, "Sort Key": ["l_returnflag", "l_linestatus"], "Plans": [{"Node Type": "Aggregate", "Strategy": "Hashed", "Partial Mode": "Partial", "Parent Relationship": "Outer", "Parallel Aware": false, "Startup Cost": 2848173.37, "Total Cost": 2848173.54, "Plan Rows": 6, "Plan Width": 236, "Group Key": ["l_returnflag", "l_linestatus"], "Plans": [{"Node Type": "Bitmap Heap Scan", "Parent Relationship": "Outer", "Parallel Aware": true, "Relation Name": "lineitem", "Alias": "lineitem", "Startup Cost": 713848.12, "Total Cost": 2080039.93, "Plan Rows": 19203336, "Plan Width": 25, "Recheck Cond": "(l_shipdate <= '1998-09-26 00:00:00'::timestamp without time zone)", "Plans": [{"Node Type": "Bitmap Index Scan", "Parent Relationship": "Outer", "Parallel Aware": false, "Index Name": "idx_lineitem_shipdate", "Startup Cost": 0.0, "Total Cost": 698965.53, "Plan Rows": 59530342, "Plan Width": 0, "Index Cond": "(l_shipdate <= '1998-09-26 00:00:00'::timestamp without time zone)"}]}]}]}]}]}]}}, {"Plan": {"Node Type": "Limit", "Parallel Aware": false, "Startup Cost": 2135553.85, "Total Cost": 2135554.36, "Plan Rows": 1, "Plan Width": 236, "Plans": [{"Node Type": "Aggregate", "Strategy": "Sorted", "Partial Mode": "Finalize", "Parent Relationship": "Outer", "Parallel Aware": false, "Startup Cost": 2135553.85, "Total Cost": 2135556.91, "Plan Rows": 6, "Plan Width": 236, "Group Key": ["l_returnflag", "l_linestatus"], "Plans": [{"Node Type": "Gather Merge", "Parent Relationship": "Outer", "Parallel Aware": false, "Startup Cost": 2135553.85, "Total Cost": 2135555.98, "Plan Rows": 18, "Plan Width": 236, "Workers Planned": 3, "Plans": [{"Node Type": "Sort", "Parent Relationship": "Outer", "Parallel Aware": false, "Startup Cost": 2134553.81, "Total Cost": 2134553.83, "Plan Rows": 6, "Plan Width": 236, "Sort Key": ["l_returnflag", "l_linestatus"], "Plans": [{"Node Type": "Aggregate", "Strategy": "Hashed", "Partial Mode": "Partial", "Parent Relationship": "Outer", "Parallel Aware": false, "Startup Cost": 2134553.57, "Total Cost": 2134553.73, "Plan Rows": 6, "Plan Width": 236, "Group Key": ["l_returnflag", "l_linestatus"], "Plans": [{"Node Type": "Seq Scan", "Parent Relationship": "Outer", "Parallel Aware": true, "Relation Name": "lineitem", "Alias": "lineitem", "Startup Cost": 0.0, "Total Cost": 1366420.13, "Plan Rows": 19203336, "Plan Width": 25, "Filter": "(l_shipdate <= '1998-09-26 00:00:00'::timestamp without time zone)"}]}]}]}]}]}}, {"Plan": {"Node Type": "Limit", "Parallel Aware": false, "Startup Cost": 2135553.85, "Total Cost": 2135554.36, "Plan Rows": 1, "Plan Width": 236, "Plans": [{"Node Type": "Aggregate", "Strategy": "Sorted", "Partial Mode": "Finalize", "Parent Relationship": "Outer", "Parallel Aware": false, "Startup Cost": 2135553.85, "Total Cost": 2135556.91, "Plan Rows": 6, "Plan Width": 236, "Group Key": ["l_returnflag", "l_linestatus"], "Plans": [{"Node Type": "Gather Merge", "Parent Relationship": "Outer", "Parallel Aware": false, "Startup Cost": 2135553.85, "Total Cost": 2135555.98, "Plan Rows": 18, "Plan Width": 236, "Workers Planned": 3, "Plans": [{"Node Type": "Sort", "Parent Relationship": "Outer", "Parallel Aware": false, "Startup Cost": 2134553.81, "Total Cost": 2134553.83, "Plan Rows": 6, "Plan Width": 236, "Sort Key": ["l_returnflag", "l_linestatus"], "Plans": [{"Node Type": "Aggregate", "Strategy": "Hashed", "Partial Mode": "Partial", "Parent Relationship": "Outer", "Parallel Aware": false, "Startup Cost": 2134553.57, "Total Cost": 2134553.73, "Plan Rows": 6, "Plan Width": 236, "Group Key": ["l_returnflag", "l_linestatus"], "Plans": [{"Node Type": "Seq Scan", "Parent Relationship": "Outer", "Parallel Aware": true, "Relation Name": "lineitem", "Alias": "lineitem", "Startup Cost": 0.0, "Total Cost": 1366420.13, "Plan Rows": 19203336, "Plan Width": 25, "Filter": "(l_shipdate <= '1998-09-26 00:00:00'::timestamp without time zone)"}]}]}]}]}]}}, {"Plan": {"Node Type": "Limit", "Parallel Aware": false, "Startup Cost": 2135553.85, "Total Cost": 2135554.36, "Plan Rows": 1, "Plan Width": 236, "Plans": [{"Node Type": "Aggregate", "Strategy": "Sorted", "Partial Mode": "Finalize", "Parent Relationship": "Outer", "Parallel Aware": false, "Startup Cost": 2135553.85, "Total Cost": 2135556.91, "Plan Rows": 6, "Plan Width": 236, "Group Key": ["l_returnflag", "l_linestatus"], "Plans": [{"Node Type": "Gather Merge", "Parent Relationship": "Outer", "Parallel Aware": false, "Startup Cost": 2135553.85, "Total Cost": 2135555.98, "Plan Rows": 18, "Plan Width": 236, "Workers Planned": 3, "Plans": [{"Node Type": "Sort", "Parent Relationship": "Outer", "Parallel Aware": false, "Startup Cost": 2134553.81, "Total Cost": 2134553.83, "Plan Rows": 6, "Plan Width": 236, "Sort Key": ["l_returnflag", "l_linestatus"], "Plans": [{"Node Type": "Aggregate", "Strategy": "Hashed", "Partial Mode": "Partial", "Parent Relationship": "Outer", "Parallel Aware": false, "Startup Cost": 2134553.57, "Total Cost": 2134553.73, "Plan Rows": 6, "Plan Width": 236, "Group Key": ["l_returnflag", "l_linestatus"], "Plans": [{"Node Type": "Seq Scan", "Parent Relationship": "Outer", "Parallel Aware": true, "Relation Name": "lineitem", "Alias": "lineitem", "Startup Cost": 0.0, "Total Cost": 1366420.13, "Plan Rows": 19203336, "Plan Width": 25, "Filter": "(l_shipdate <= '1998-09-26 00:00:00'::timestamp without time zone)"}]}]}]}]}]}}, {"Plan": {"Node Type": "Limit", "Parallel Aware": false, "Startup Cost": 2135553.85, "Total Cost": 2135554.36, "Plan Rows": 1, "Plan Width": 236, "Plans": [{"Node Type": "Aggregate", "Strategy": "Sorted", "Partial Mode": "Finalize", "Parent Relationship": "Outer", "Parallel Aware": false, "Startup Cost": 2135553.85, "Total Cost": 2135556.91, "Plan Rows": 6, "Plan Width": 236, "Group Key": ["l_returnflag", "l_linestatus"], "Plans": [{"Node Type": "Gather Merge", "Parent Relationship": "Outer", "Parallel Aware": false, "Startup Cost": 2135553.85, "Total Cost": 2135555.98, "Plan Rows": 18, "Plan Width": 236, "Workers Planned": 3, "Plans": [{"Node Type": "Sort", "Parent Relationship": "Outer", "Parallel Aware": false, "Startup Cost": 2134553.81, "Total Cost": 2134553.83, "Plan Rows": 6, "Plan Width": 236, "Sort Key": ["l_returnflag", "l_linestatus"], "Plans": [{"Node Type": "Aggregate", "Strategy": "Hashed", "Partial Mode": "Partial", "Parent Relationship": "Outer", "Parallel Aware": false, "Startup Cost": 2134553.57, "Total Cost": 2134553.73, "Plan Rows": 6, "Plan Width": 236, "Group Key": ["l_returnflag", "l_linestatus"], "Plans": [{"Node Type": "Seq Scan", "Parent Relationship": "Outer", "Parallel Aware": true, "Relation Name": "lineitem", "Alias": "lineitem", "Startup Cost": 0.0, "Total Cost": 1366420.13, "Plan Rows": 19203336, "Plan Width": 25, "Filter": "(l_shipdate <= '1998-09-26 00:00:00'::timestamp without time zone)"}]}]}]}]}]}}, {"Plan": {"Node Type": "Limit", "Parallel Aware": false, "Startup Cost": 2135553.85, "Total Cost": 2135554.36, "Plan Rows": 1, "Plan Width": 236, "Plans": [{"Node Type": "Aggregate", "Strategy": "Sorted", "Partial Mode": "Finalize", "Parent Relationship": "Outer", "Parallel Aware": false, "Startup Cost": 2135553.85, "Total Cost": 2135556.91, "Plan Rows": 6, "Plan Width": 236, "Group Key": ["l_returnflag", "l_linestatus"], "Plans": [{"Node Type": "Gather Merge", "Parent Relationship": "Outer", "Parallel Aware": false, "Startup Cost": 2135553.85, "Total Cost": 2135555.98, "Plan Rows": 18, "Plan Width": 236, "Workers Planned": 3, "Plans": [{"Node Type": "Sort", "Parent Relationship": "Outer", "Parallel Aware": false, "Startup Cost": 2134553.81, "Total Cost": 2134553.83, "Plan Rows": 6, "Plan Width": 236, "Sort Key": ["l_returnflag", "l_linestatus"], "Plans": [{"Node Type": "Aggregate", "Strategy": "Hashed", "Partial Mode": "Partial", "Parent Relationship": "Outer", "Parallel Aware": false, "Startup Cost": 2134553.57, "Total Cost": 2134553.73, "Plan Rows": 6, "Plan Width": 236, "Group Key": ["l_returnflag", "l_linestatus"], "Plans": [{"Node Type": "Seq Scan", "Parent Relationship": "Outer", "Parallel Aware": true, "Relation Name": "lineitem", "Alias": "lineitem", "Startup Cost": 0.0, "Total Cost": 1366420.13, "Plan Rows": 19203336, "Plan Width": 25, "Filter": "(l_shipdate <= '1998-09-26 00:00:00'::timestamp without time zone)"}]}]}]}]}]}}]