[{"Plan": {"Node Type": "Limit", "Parallel Aware": false, "Startup Cost": 40010992524.15, "Total Cost": 40010992524.15, "Plan Rows": 1, "Plan Width": 51, "Plans": [{"Node Type": "Sort", "Parent Relationship": "Outer", "Parallel Aware": false, "Startup Cost": 40010992524.15, "Total Cost": 40010992524.15, "Plan Rows": 1, "Plan Width": 51, "Sort Key": ["supplier.s_name"], "Plans": [{"Node Type": "Nested Loop", "Parent Relationship": "Outer", "Parallel Aware": false, "Join Type": "Inner", "Startup Cost": 40010992520.78, "Total Cost": 40010992524.14, "Plan Rows": 1, "Plan Width": 51, "Inner Unique": true, "Plans": [{"Node Type": "Nested Loop", "Parent Relationship": "Outer", "Parallel Aware": false, "Join Type": "Inner", "Startup Cost": 30010992520.64, "Total Cost": 30010992521.76, "Plan Rows": 1, "Plan Width": 55, "Inner Unique": true, "Plans": [{"Node Type": "Aggregate", "Strategy": "Hashed", "Partial Mode": "Simple", "Parent Relationship": "Outer", "Parallel Aware": false, "Startup Cost": 20010992520.33, "Total Cost": 20010992520.34, "Plan Rows": 1, "Plan Width": 8, "Group Key": ["partsupp.ps_suppkey"], "Plans": [{"Node Type": "Nested Loop", "Parent Relationship": "Outer", "Parallel Aware": false, "Join Type": "Inner", "Startup Cost": 20003196698.98, "Total Cost": 20010992520.33, "Plan Rows": 1, "Plan Width": 8, "Inner Unique": true, "Plans": [{"Node Type": "Nested Loop", "Parent Relationship": "Outer", "Parallel Aware": false, "Join Type": "Inner", "Startup Cost": 10003196698.53, "Total Cost": 10010900900.59, "Plan Rows": 58070, "Plan Width": 44, "Inner Unique": true, "Plans": [{"Node Type": "Aggregate", "Strategy": "Sorted", "Partial Mode": "Simple", "Parent Relationship": "Outer", "Parallel Aware": false, "Startup Cost": 3196698.09, "Total Cost": 3359635.07, "Plan Rows": 4829503, "Plan Width": 40, "Group Key": ["lineitem.l_partkey", "lineitem.l_suppkey"], "Plans": [{"Node Type": "Sort", "Parent Relationship": "Outer", "Parallel Aware": false, "Startup Cost": 3196698.09, "Total Cost": 3219321.7, "Plan Rows": 9049443, "Plan Width": 13, "Sort Key": ["lineitem.l_partkey", "lineitem.l_suppkey"], "Plans": [{"Node Type": "Bitmap Heap Scan", "Parent Relationship": "Outer", "Parallel Aware": false, "Relation Name": "lineitem", "Alias": "lineitem", "Startup Cost": 131139.66, "Total Cost": 2060478.86, "Plan Rows": 9049443, "Plan Width": 13, "Recheck Cond": "((l_shipdate >= '1995-01-01'::date) AND (l_shipdate < '1996-01-01 00:00:00'::timestamp without time zone))", "Plans": [{"Node Type": "Bitmap Index Scan", "Parent Relationship": "Outer", "Parallel Aware": false, "Index Name": "idx_lineitem_shipdate", "Startup Cost": 0.0, "Total Cost": 128877.3, "Plan Rows": 9049443, "Plan Width": 0, "Index Cond": "((l_shipdate >= '1995-01-01'::date) AND (l_shipdate < '1996-01-01 00:00:00'::timestamp without time zone))"}]}]}]}, {"Node Type": "Bitmap Heap Scan", "Parent Relationship": "Inner", "Parallel Aware": false, "Relation Name": "part", "Alias": "part", "Startup Cost": 0.44, "Total Cost": 1.55, "Plan Rows": 1, "Plan Width": 4, "Recheck Cond": "(p_partkey = lineitem.l_partkey)", "Filter": "((p_name)::text ~~ 'plum%'::text)", "Plans": [{"Node Type": "Bitmap Index Scan", "Parent Relationship": "Outer", "Parallel Aware": false, "Index Name": "part_pkey", "Startup Cost": 0.0, "Total Cost": 0.44, "Plan Rows": 1, "Plan Width": 0, "Index Cond": "(p_partkey = lineitem.l_partkey)"}]}]}, {"Node Type": "Bitmap Heap Scan", "Parent Relationship": "Inner", "Parallel Aware": false, "Relation Name": "partsupp", "Alias": "partsupp", "Startup Cost": 0.45, "Total Cost": 1.57, "Plan Rows": 1, "Plan Width": 12, "Recheck Cond": "((ps_partkey = lineitem.l_partkey) AND (ps_suppkey = lineitem.l_suppkey))", "Filter": "((ps_availqty)::numeric > ((0.5 * sum(lineitem.l_quantity))))", "Plans": [{"Node Type": "Bitmap Index Scan", "Parent Relationship": "Outer", "Parallel Aware": false, "Index Name": "partsupp_pkey", "Startup Cost": 0.0, "Total Cost": 0.45, "Plan Rows": 1, "Plan Width": 0, "Index Cond": "((ps_partkey = lineitem.l_partkey) AND (ps_suppkey = lineitem.l_suppkey))"}]}]}]}, {"Node Type": "Bitmap Heap Scan", "Parent Relationship": "Inner", "Parallel Aware": false, "Relation Name": "supplier", "Alias": "supplier", "Startup Cost": 0.3, "Total Cost": 1.42, "Plan Rows": 1, "Plan Width": 59, "Recheck Cond": "(s_suppkey = lineitem.l_suppkey)", "Plans": [{"Node Type": "Bitmap Index Scan", "Parent Relationship": "Outer", "Parallel Aware": false, "Index Name": "supplier_pkey", "Startup Cost": 0.0, "Total Cost": 0.3, "Plan Rows": 1, "Plan Width": 0, "Index Cond": "(s_suppkey = lineitem.l_suppkey)"}]}]}, {"Node Type": "Bitmap Heap Scan", "Parent Relationship": "Inner", "Parallel Aware": false, "Relation Name": "nation", "Alias": "nation", "Startup Cost": 0.15, "Total Cost": 1.26, "Plan Rows": 1, "Plan Width": 4, "Recheck Cond": "(n_nationkey = supplier.s_nationkey)", "Filter": "(n_name = 'ARGENTINA'::bpchar)", "Plans": [{"Node Type": "Bitmap Index Scan", "Parent Relationship": "Outer", "Parallel Aware": false, "Index Name": "nation_pkey", "Startup Cost": 0.0, "Total Cost": 0.15, "Plan Rows": 1, "Plan Width": 0, "Index Cond": "(n_nationkey = supplier.s_nationkey)"}]}]}]}]}}, {"Plan": {"Node Type": "Limit", "Parallel Aware": false, "Startup Cost": 3195308.06, "Total Cost": 3195308.07, "Plan Rows": 1, "Plan Width": 51, "Plans": [{"Node Type": "Sort", "Parent Relationship": "Outer", "Parallel Aware": false, "Startup Cost": 3195308.06, "Total Cost": 3195308.07, "Plan Rows": 1, "Plan Width": 51, "Sort Key": ["supplier.s_name"], "Plans": [{"Node Type": "Hash Join", "Parent Relationship": "Outer", "Parallel Aware": false, "Join Type": "Inner", "Startup Cost": 3191025.73, "Total Cost": 3195308.05, "Plan Rows": 1, "Plan Width": 51, "Inner Unique": true, "Hash Cond": "(supplier.s_nationkey = nation.n_nationkey)", "Plans": [{"Node Type": "Hash Join", "Parent Relationship": "Outer", "Parallel Aware": false, "Join Type": "Semi", "Startup Cost": 3191021.85, "Total Cost": 3195304.16, "Plan Rows": 1, "Plan Width": 55, "Inner Unique": false, "Hash Cond": "(supplier.s_suppkey = lineitem.l_suppkey)", "Plans": [{"Node Type": "Index Scan", "Parent Relationship": "Outer", "Parallel Aware": false, "Scan Direction": "Forward", "Index Name": "supplier_pkey", "Relation Name": "supplier", "Alias": "supplier", "Startup Cost": 0.29, "Total Cost": 4020.1, "Plan Rows": 100000, "Plan Width": 59}, {"Node Type": "Hash", "Parent Relationship": "Inner", "Parallel Aware": false, "Startup Cost": 3191021.54, "Total Cost": 3191021.54, "Plan Rows": 1, "Plan Width": 8, "Plans": [{"Node Type": "Hash Join", "Parent Relationship": "Outer", "Parallel Aware": false, "Join Type": "Inner", "Startup Cost": 348333.64, "Total Cost": 3191021.54, "Plan Rows": 1, "Plan Width": 8, "Inner Unique": false, "Hash Cond": "((lineitem.l_partkey = partsupp.ps_partkey) AND (lineitem.l_suppkey = partsupp.ps_suppkey))", "Join Filter": "((partsupp.ps_availqty)::numeric > ((0.5 * sum(lineitem.l_quantity))))", "Plans": [{"Node Type": "Aggregate", "Strategy": "Sorted", "Partial Mode": "Simple", "Parent Relationship": "Outer", "Parallel Aware": false, "Startup Cost": 0.56, "Total Cost": 2758172.12, "Plan Rows": 4829503, "Plan Width": 40, "Group Key": ["lineitem.l_partkey", "lineitem.l_suppkey"], "Plans": [{"Node Type": "Index Scan", "Parent Relationship": "Outer", "Parallel Aware": false, "Scan Direction": "Forward", "Index Name": "idx_lineitem_part_supp", "Relation Name": "lineitem", "Alias": "lineitem", "Startup Cost": 0.56, "Total Cost": 2617858.75, "Plan Rows": 9049443, "Plan Width": 13, "Filter": "((l_shipdate >= '1995-01-01'::date) AND (l_shipdate < '1996-01-01 00:00:00'::timestamp without time zone))"}]}, {"Node Type": "Hash", "Parent Relationship": "Inner", "Parallel Aware": false, "Startup Cost": 346890.27, "Total Cost": 346890.27, "Plan Rows": 96187, "Plan Width": 16, "Plans": [{"Node Type": "Gather", "Parent Relationship": "Outer", "Parallel Aware": false, "Startup Cost": 66160.14, "Total Cost": 346890.27, "Plan Rows": 96187, "Plan Width": 16, "Workers Planned": 3, "Single Copy": false, "Plans": [{"Node Type": "Hash Join", "Parent Relationship": "Outer", "Parallel Aware": true, "Join Type": "Inner", "Startup Cost": 65160.14, "Total Cost": 336271.57, "Plan Rows": 31028, "Plan Width": 16, "Inner Unique": true, "Hash Cond": "(partsupp.ps_partkey = part.p_partkey)", "Plans": [{"Node Type": "Index Scan", "Parent Relationship": "Outer", "Parallel Aware": true, "Scan Direction": "Forward", "Index Name": "idx_partsupp_partkey", "Relation Name": "partsupp", "Alias": "partsupp", "Startup Cost": 0.43, "Total Cost": 264338.0, "Plan Rows": 2580516, "Plan Width": 12}, {"Node Type": "Hash", "Parent Relationship": "Inner", "Parallel Aware": true, "Startup Cost": 65062.74, "Total Cost": 65062.74, "Plan Rows": 7757, "Plan Width": 4, "Plans": [{"Node Type": "Index Scan", "Parent Relationship": "Outer", "Parallel Aware": true, "Scan Direction": "Forward", "Index Name": "part_pkey", "Relation Name": "part", "Alias": "part", "Startup Cost": 0.43, "Total Cost": 65062.74, "Plan Rows": 7757, "Plan Width": 4, "Filter": "((p_name)::text ~~ 'plum%'::text)"}]}]}]}]}]}]}]}, {"Node Type": "Hash", "Parent Relationship": "Inner", "Parallel Aware": false, "Startup Cost": 3.88, "Total Cost": 3.88, "Plan Rows": 1, "Plan Width": 4, "Plans": [{"Node Type": "Index Scan", "Parent Relationship": "Outer", "Parallel Aware": false, "Scan Direction": "Forward", "Index Name": "nation_pkey", "Relation Name": "nation", "Alias": "nation", "Startup Cost": 0.14, "Total Cost": 3.88, "Plan Rows": 1, "Plan Width": 4, "Filter": "(n_name = 'ARGENTINA'::bpchar)"}]}]}]}]}}, {"Plan": {"Node Type": "Limit", "Parallel Aware": false, "Startup Cost": 3178641.6, "Total Cost": 3178641.61, "Plan Rows": 1, "Plan Width": 51, "Plans": [{"Node Type": "Sort", "Parent Relationship": "Outer", "Parallel Aware": false, "Startup Cost": 3178641.6, "Total Cost": 3178641.61, "Plan Rows": 1, "Plan Width": 51, "Sort Key": ["supplier.s_name"], "Plans": [{"Node Type": "Hash Join", "Parent Relationship": "Outer", "Parallel Aware": false, "Join Type": "Inner", "Startup Cost": 3174879.03, "Total Cost": 3178641.59, "Plan Rows": 1, "Plan Width": 51, "Inner Unique": true, "Hash Cond": "(supplier.s_nationkey = nation.n_nationkey)", "Plans": [{"Node Type": "Gather", "Parent Relationship": "Outer", "Parallel Aware": false, "Startup Cost": 3174875.14, "Total Cost": 3178637.7, "Plan Rows": 1, "Plan Width": 55, "Workers Planned": 1, "Single Copy": false, "Plans": [{"Node Type": "Hash Join", "Parent Relationship": "Outer", "Parallel Aware": true, "Join Type": "Semi", "Startup Cost": 3173875.14, "Total Cost": 3177637.6, "Plan Rows": 1, "Plan Width": 55, "Inner Unique": false, "Hash Cond": "(supplier.s_suppkey = lineitem.l_suppkey)", "Plans": [{"Node Type": "Index Scan", "Parent Relationship": "Outer", "Parallel Aware": true, "Scan Direction": "Forward", "Index Name": "supplier_pkey", "Relation Name": "supplier", "Alias": "supplier", "Startup Cost": 0.29, "Total Cost": 3608.33, "Plan Rows": 58824, "Plan Width": 59}, {"Node Type": "Hash", "Parent Relationship": "Inner", "Parallel Aware": true, "Startup Cost": 3173874.83, "Total Cost": 3173874.83, "Plan Rows": 1, "Plan Width": 8, "Plans": [{"Node Type": "Merge Join", "Parent Relationship": "Outer", "Parallel Aware": false, "Join Type": "Inner", "Startup Cost": 1.42, "Total Cost": 3173874.83, "Plan Rows": 1, "Plan Width": 8, "Inner Unique": false, "Merge Cond": "(partsupp.ps_partkey = lineitem.l_partkey)", "Join Filter": "((lineitem.l_suppkey = partsupp.ps_suppkey) AND ((partsupp.ps_availqty)::numeric > ((0.5 * sum(lineitem.l_quantity)))))", "Plans": [{"Node Type": "Index Scan", "Parent Relationship": "Outer", "Parallel Aware": true, "Scan Direction": "Forward", "Index Name": "idx_partsupp_partkey", "Relation Name": "partsupp", "Alias": "partsupp", "Startup Cost": 0.43, "Total Cost": 264338.0, "Plan Rows": 2580516, "Plan Width": 12}, {"Node Type": "Materialize", "Parent Relationship": "Inner", "Parallel Aware": false, "Startup Cost": 0.99, "Total Cost": 2901325.13, "Plan Rows": 58070, "Plan Width": 44, "Plans": [{"Node Type": "Merge Join", "Parent Relationship": "Outer", "Parallel Aware": false, "Join Type": "Inner", "Startup Cost": 0.99, "Total Cost": 2901179.95, "Plan Rows": 58070, "Plan Width": 44, "Inner Unique": true, "Merge Cond": "(lineitem.l_partkey = part.p_partkey)", "Plans": [{"Node Type": "Aggregate", "Strategy": "Sorted", "Partial Mode": "Simple", "Parent Relationship": "Outer", "Parallel Aware": false, "Startup Cost": 0.56, "Total Cost": 2758172.12, "Plan Rows": 4829503, "Plan Width": 40, "Group Key": ["lineitem.l_partkey", "lineitem.l_suppkey"], "Plans": [{"Node Type": "Index Scan", "Parent Relationship": "Outer", "Parallel Aware": false, "Scan Direction": "Forward", "Index Name": "idx_lineitem_part_supp", "Relation Name": "lineitem", "Alias": "lineitem", "Startup Cost": 0.56, "Total Cost": 2617858.75, "Plan Rows": 9049443, "Plan Width": 13, "Filter": "((l_shipdate >= '1995-01-01'::date) AND (l_shipdate < '1996-01-01 00:00:00'::timestamp without time zone))"}]}, {"Node Type": "Index Scan", "Parent Relationship": "Inner", "Parallel Aware": false, "Scan Direction": "Forward", "Index Name": "part_pkey", "Relation Name": "part", "Alias": "part", "Startup Cost": 0.43, "Total Cost": 81998.23, "Plan Rows": 24048, "Plan Width": 4, "Filter": "((p_name)::text ~~ 'plum%'::text)"}]}]}]}]}]}]}, {"Node Type": "Hash", "Parent Relationship": "Inner", "Parallel Aware": false, "Startup Cost": 3.88, "Total Cost": 3.88, "Plan Rows": 1, "Plan Width": 4, "Plans": [{"Node Type": "Index Scan", "Parent Relationship": "Outer", "Parallel Aware": false, "Scan Direction": "Forward", "Index Name": "nation_pkey", "Relation Name": "nation", "Alias": "nation", "Startup Cost": 0.14, "Total Cost": 3.88, "Plan Rows": 1, "Plan Width": 4, "Filter": "(n_name = 'ARGENTINA'::bpchar)"}]}]}]}]}}, {"Plan": {"Node Type": "Limit", "Parallel Aware": false, "Startup Cost": 2936258.31, "Total Cost": 2936258.32, "Plan Rows": 1, "Plan Width": 51, "Plans": [{"Node Type": "Sort", "Parent Relationship": "Outer", "Parallel Aware": false, "Startup Cost": 2936258.31, "Total Cost": 2936258.32, "Plan Rows": 1, "Plan Width": 51, "Sort Key": ["supplier.s_name"], "Plans": [{"Node Type": "Nested Loop", "Parent Relationship": "Outer", "Parallel Aware": false, "Join Type": "Semi", "Startup Cost": 1.85, "Total Cost": 2936258.3, "Plan Rows": 1, "Plan Width": 51, "Inner Unique": false, "Join Filter": "(supplier.s_suppkey = lineitem.l_suppkey)", "Plans": [{"Node Type": "Nested Loop", "Parent Relationship": "Outer", "Parallel Aware": false, "Join Type": "Inner", "Startup Cost": 0.43, "Total Cost": 5273.97, "Plan Rows": 4000, "Plan Width": 55, "Inner Unique": false, "Join Filter": "(supplier.s_nationkey = nation.n_nationkey)", "Plans": [{"Node Type": "Index Scan", "Parent Relationship": "Outer", "Parallel Aware": false, "Scan Direction": "Forward", "Index Name": "nation_pkey", "Relation Name": "nation", "Alias": "nation", "Startup Cost": 0.14, "Total Cost": 3.88, "Plan Rows": 1, "Plan Width": 4, "Filter": "(n_name = 'ARGENTINA'::bpchar)"}, {"Node Type": "Index Scan", "Parent Relationship": "Inner", "Parallel Aware": false, "Scan Direction": "Forward", "Index Name": "supplier_pkey", "Relation Name": "supplier", "Alias": "supplier", "Startup Cost": 0.29, "Total Cost": 4020.1, "Plan Rows": 100000, "Plan Width": 59}]}, {"Node Type": "Materialize", "Parent Relationship": "Inner", "Parallel Aware": false, "Startup Cost": 1.42, "Total Cost": 2930924.33, "Plan Rows": 1, "Plan Width": 8, "Plans": [{"Node Type": "Nested Loop", "Parent Relationship": "Outer", "Parallel Aware": false, "Join Type": "Inner", "Startup Cost": 1.42, "Total Cost": 2930924.33, "Plan Rows": 1, "Plan Width": 8, "Inner Unique": true, "Plans": [{"Node Type": "Merge Join", "Parent Relationship": "Outer", "Parallel Aware": false, "Join Type": "Inner", "Startup Cost": 0.99, "Total Cost": 2901179.95, "Plan Rows": 58070, "Plan Width": 44, "Inner Unique": true, "Merge Cond": "(lineitem.l_partkey = part.p_partkey)", "Plans": [{"Node Type": "Aggregate", "Strategy": "Sorted", "Partial Mode": "Simple", "Parent Relationship": "Outer", "Parallel Aware": false, "Startup Cost": 0.56, "Total Cost": 2758172.12, "Plan Rows": 4829503, "Plan Width": 40, "Group Key": ["lineitem.l_partkey", "lineitem.l_suppkey"], "Plans": [{"Node Type": "Index Scan", "Parent Relationship": "Outer", "Parallel Aware": false, "Scan Direction": "Forward", "Index Name": "idx_lineitem_part_supp", "Relation Name": "lineitem", "Alias": "lineitem", "Startup Cost": 0.56, "Total Cost": 2617858.75, "Plan Rows": 9049443, "Plan Width": 13, "Filter": "((l_shipdate >= '1995-01-01'::date) AND (l_shipdate < '1996-01-01 00:00:00'::timestamp without time zone))"}]}, {"Node Type": "Index Scan", "Parent Relationship": "Inner", "Parallel Aware": false, "Scan Direction": "Forward", "Index Name": "part_pkey", "Relation Name": "part", "Alias": "part", "Startup Cost": 0.43, "Total Cost": 81998.23, "Plan Rows": 24048, "Plan Width": 4, "Filter": "((p_name)::text ~~ 'plum%'::text)"}]}, {"Node Type": "Index Scan", "Parent Relationship": "Inner", "Parallel Aware": false, "Scan Direction": "Forward", "Index Name": "partsupp_pkey", "Relation Name": "partsupp", "Alias": "partsupp", "Startup Cost": 0.43, "Total Cost": 0.5, "Plan Rows": 1, "Plan Width": 12, "Index Cond": "((ps_partkey = lineitem.l_partkey) AND (ps_suppkey = lineitem.l_suppkey))", "Filter": "((ps_availqty)::numeric > ((0.5 * sum(lineitem.l_quantity))))"}]}]}]}]}]}}, {"Plan": {"Node Type": "Limit", "Parallel Aware": false, "Startup Cost": 3105284.65, "Total Cost": 3105284.65, "Plan Rows": 1, "Plan Width": 51, "Plans": [{"Node Type": "Sort", "Parent Relationship": "Outer", "Parallel Aware": false, "Startup Cost": 3105284.65, "Total Cost": 3105284.65, "Plan Rows": 1, "Plan Width": 51, "Sort Key": ["supplier.s_name"], "Plans": [{"Node Type": "Hash Join", "Parent Relationship": "Outer", "Parallel Aware": false, "Join Type": "Inner", "Startup Cost": 3102325.88, "Total Cost": 3105284.64, "Plan Rows": 1, "Plan Width": 51, "Inner Unique": true, "Hash Cond": "(supplier.s_nationkey = nation.n_nationkey)", "Plans": [{"Node Type": "Gather", "Parent Relationship": "Outer", "Parallel Aware": false, "Startup Cost": 3102324.55, "Total Cost": 3105283.31, "Plan Rows": 1, "Plan Width": 55, "Workers Planned": 1, "Single Copy": false, "Plans": [{"Node Type": "Hash Join", "Parent Relationship": "Outer", "Parallel Aware": true, "Join Type": "Semi", "Startup Cost": 3101324.55, "Total Cost": 3104283.21, "Plan Rows": 1, "Plan Width": 55, "Inner Unique": false, "Hash Cond": "(supplier.s_suppkey = lineitem.l_suppkey)", "Plans": [{"Node Type": "Seq Scan", "Parent Relationship": "Outer", "Parallel Aware": true, "Relation Name": "supplier", "Alias": "supplier", "Startup Cost": 0.0, "Total Cost": 2804.24, "Plan Rows": 58824, "Plan Width": 59}, {"Node Type": "Hash", "Parent Relationship": "Inner", "Parallel Aware": true, "Startup Cost": 3101324.54, "Total Cost": 3101324.54, "Plan Rows": 1, "Plan Width": 8, "Plans": [{"Node Type": "Merge Join", "Parent Relationship": "Outer", "Parallel Aware": false, "Join Type": "Inner", "Startup Cost": 258403.96, "Total Cost": 3101324.54, "Plan Rows": 1, "Plan Width": 8, "Inner Unique": true, "Merge Cond": "((partsupp.ps_partkey = lineitem.l_partkey) AND (partsupp.ps_suppkey = lineitem.l_suppkey))", "Join Filter": "((partsupp.ps_availqty)::numeric > ((0.5 * sum(lineitem.l_quantity))))", "Plans": [{"Node Type": "Sort", "Parent Relationship": "Outer", "Parallel Aware": false, "Startup Cost": 258403.39, "Total Cost": 258480.96, "Plan Rows": 31028, "Plan Width": 16, "Sort Key": ["partsupp.ps_partkey", "partsupp.ps_suppkey"], "Plans": [{"Node Type": "Hash Join", "Parent Relationship": "Outer", "Parallel Aware": true, "Join Type": "Inner", "Startup Cost": 49123.48, "Total Cost": 256088.51, "Plan Rows": 31028, "Plan Width": 16, "Inner Unique": true, "Hash Cond": "(partsupp.ps_partkey = part.p_partkey)", "Plans": [{"Node Type": "Seq Scan", "Parent Relationship": "Outer", "Parallel Aware": true, "Relation Name": "partsupp", "Alias": "partsupp", "Startup Cost": 0.0, "Total Cost": 200191.16, "Plan Rows": 2580516, "Plan Width": 12}, {"Node Type": "Hash", "Parent Relationship": "Inner", "Parallel Aware": true, "Startup Cost": 49026.52, "Total Cost": 49026.52, "Plan Rows": 7757, "Plan Width": 4, "Plans": [{"Node Type": "Seq Scan", "Parent Relationship": "Outer", "Parallel Aware": true, "Relation Name": "part", "Alias": "part", "Startup Cost": 0.0, "Total Cost": 49026.52, "Plan Rows": 7757, "Plan Width": 4, "Filter": "((p_name)::text ~~ 'plum%'::text)"}]}]}]}, {"Node Type": "Materialize", "Parent Relationship": "Inner", "Parallel Aware": false, "Startup Cost": 0.56, "Total Cost": 2818540.91, "Plan Rows": 4829503, "Plan Width": 40, "Plans": [{"Node Type": "Aggregate", "Strategy": "Sorted", "Partial Mode": "Simple", "Parent Relationship": "Outer", "Parallel Aware": false, "Startup Cost": 0.56, "Total Cost": 2758172.12, "Plan Rows": 4829503, "Plan Width": 40, "Group Key": ["lineitem.l_partkey", "lineitem.l_suppkey"], "Plans": [{"Node Type": "Index Scan", "Parent Relationship": "Outer", "Parallel Aware": false, "Scan Direction": "Forward", "Index Name": "idx_lineitem_part_supp", "Relation Name": "lineitem", "Alias": "lineitem", "Startup Cost": 0.56, "Total Cost": 2617858.75, "Plan Rows": 9049443, "Plan Width": 13, "Filter": "((l_shipdate >= '1995-01-01'::date) AND (l_shipdate < '1996-01-01 00:00:00'::timestamp without time zone))"}]}]}]}]}]}]}, {"Node Type": "Hash", "Parent Relationship": "Inner", "Parallel Aware": false, "Startup Cost": 1.31, "Total Cost": 1.31, "Plan Rows": 1, "Plan Width": 4, "Plans": [{"Node Type": "Seq Scan", "Parent Relationship": "Outer", "Parallel Aware": false, "Relation Name": "nation", "Alias": "nation", "Startup Cost": 0.0, "Total Cost": 1.31, "Plan Rows": 1, "Plan Width": 4, "Filter": "(n_name = 'ARGENTINA'::bpchar)"}]}]}]}]}}, {"Plan": {"Node Type": "Limit", "Parallel Aware": false, "Startup Cost": 2923412.0, "Total Cost": 2923412.0, "Plan Rows": 1, "Plan Width": 51, "Plans": [{"Node Type": "Sort", "Parent Relationship": "Outer", "Parallel Aware": false, "Startup Cost": 2923412.0, "Total Cost": 2923412.0, "Plan Rows": 1, "Plan Width": 51, "Sort Key": ["supplier.s_name"], "Plans": [{"Node Type": "Nested Loop", "Parent Relationship": "Outer", "Parallel Aware": false, "Join Type": "Semi", "Startup Cost": 69190.45, "Total Cost": 2923411.99, "Plan Rows": 1, "Plan Width": 51, "Inner Unique": false, "Join Filter": "(supplier.s_suppkey = lineitem.l_suppkey)", "Plans": [{"Node Type": "Nested Loop", "Parent Relationship": "Outer", "Parallel Aware": false, "Join Type": "Inner", "Startup Cost": 0.43, "Total Cost": 5273.97, "Plan Rows": 4000, "Plan Width": 55, "Inner Unique": false, "Join Filter": "(supplier.s_nationkey = nation.n_nationkey)", "Plans": [{"Node Type": "Index Scan", "Parent Relationship": "Outer", "Parallel Aware": false, "Scan Direction": "Forward", "Index Name": "nation_pkey", "Relation Name": "nation", "Alias": "nation", "Startup Cost": 0.14, "Total Cost": 3.88, "Plan Rows": 1, "Plan Width": 4, "Filter": "(n_name = 'ARGENTINA'::bpchar)"}, {"Node Type": "Index Scan", "Parent Relationship": "Inner", "Parallel Aware": false, "Scan Direction": "Forward", "Index Name": "supplier_pkey", "Relation Name": "supplier", "Alias": "supplier", "Startup Cost": 0.29, "Total Cost": 4020.1, "Plan Rows": 100000, "Plan Width": 59}]}, {"Node Type": "Materialize", "Parent Relationship": "Inner", "Parallel Aware": false, "Startup Cost": 69190.02, "Total Cost": 2918078.02, "Plan Rows": 1, "Plan Width": 8, "Plans": [{"Node Type": "Nested Loop", "Parent Relationship": "Outer", "Parallel Aware": false, "Join Type": "Inner", "Startup Cost": 69190.02, "Total Cost": 2918078.01, "Plan Rows": 1, "Plan Width": 8, "Inner Unique": true, "Plans": [{"Node Type": "Hash Join", "Parent Relationship": "Outer", "Parallel Aware": false, "Join Type": "Inner", "Startup Cost": 69189.59, "Total Cost": 2888333.64, "Plan Rows": 58070, "Plan Width": 44, "Inner Unique": true, "Hash Cond": "(lineitem.l_partkey = part.p_partkey)", "Plans": [{"Node Type": "Aggregate", "Strategy": "Sorted", "Partial Mode": "Simple", "Parent Relationship": "Outer", "Parallel Aware": false, "Startup Cost": 0.56, "Total Cost": 2758172.12, "Plan Rows": 4829503, "Plan Width": 40, "Group Key": ["lineitem.l_partkey", "lineitem.l_suppkey"], "Plans": [{"Node Type": "Index Scan", "Parent Relationship": "Outer", "Parallel Aware": false, "Scan Direction": "Forward", "Index Name": "idx_lineitem_part_supp", "Relation Name": "lineitem", "Alias": "lineitem", "Startup Cost": 0.56, "Total Cost": 2617858.75, "Plan Rows": 9049443, "Plan Width": 13, "Filter": "((l_shipdate >= '1995-01-01'::date) AND (l_shipdate < '1996-01-01 00:00:00'::timestamp without time zone))"}]}, {"Node Type": "Hash", "Parent Relationship": "Inner", "Parallel Aware": false, "Startup Cost": 68888.42, "Total Cost": 68888.42, "Plan Rows": 24048, "Plan Width": 4, "Plans": [{"Node Type": "Gather Merge", "Parent Relationship": "Outer", "Parallel Aware": false, "Startup Cost": 1000.47, "Total Cost": 68888.42, "Plan Rows": 24048, "Plan Width": 4, "Workers Planned": 3, "Plans": [{"Node Type": "Index Scan", "Parent Relationship": "Outer", "Parallel Aware": true, "Scan Direction": "Forward", "Index Name": "part_pkey", "Relation Name": "part", "Alias": "part", "Startup Cost": 0.43, "Total Cost": 65062.74, "Plan Rows": 7757, "Plan Width": 4, "Filter": "((p_name)::text ~~ 'plum%'::text)"}]}]}]}, {"Node Type": "Index Scan", "Parent Relationship": "Inner", "Parallel Aware": false, "Scan Direction": "Forward", "Index Name": "partsupp_pkey", "Relation Name": "partsupp", "Alias": "partsupp", "Startup Cost": 0.43, "Total Cost": 0.5, "Plan Rows": 1, "Plan Width": 12, "Index Cond": "((ps_partkey = lineitem.l_partkey) AND (ps_suppkey = lineitem.l_suppkey))", "Filter": "((ps_availqty)::numeric > ((0.5 * sum(lineitem.l_quantity))))"}]}]}]}]}]}}, {"Plan": {"Node Type": "Limit", "Parallel Aware": false, "Startup Cost": 2906148.23, "Total Cost": 2906148.24, "Plan Rows": 1, "Plan Width": 51, "Plans": [{"Node Type": "Sort", "Parent Relationship": "Outer", "Parallel Aware": false, "Startup Cost": 2906148.23, "Total Cost": 2906148.24, "Plan Rows": 1, "Plan Width": 51, "Sort Key": ["supplier.s_name"], "Plans": [{"Node Type": "Nested Loop", "Parent Relationship": "Outer", "Parallel Aware": false, "Join Type": "Semi", "Startup Cost": 52732.91, "Total Cost": 2906148.22, "Plan Rows": 1, "Plan Width": 51, "Inner Unique": false, "Join Filter": "(supplier.s_suppkey = lineitem.l_suppkey)", "Plans": [{"Node Type": "Nested Loop", "Parent Relationship": "Outer", "Parallel Aware": false, "Join Type": "Inner", "Startup Cost": 0.0, "Total Cost": 4467.31, "Plan Rows": 4000, "Plan Width": 55, "Inner Unique": false, "Join Filter": "(supplier.s_nationkey = nation.n_nationkey)", "Plans": [{"Node Type": "Seq Scan", "Parent Relationship": "Outer", "Parallel Aware": false, "Relation Name": "nation", "Alias": "nation", "Startup Cost": 0.0, "Total Cost": 1.31, "Plan Rows": 1, "Plan Width": 4, "Filter": "(n_name = 'ARGENTINA'::bpchar)"}, {"Node Type": "Seq Scan", "Parent Relationship": "Inner", "Parallel Aware": false, "Relation Name": "supplier", "Alias": "supplier", "Startup Cost": 0.0, "Total Cost": 3216.0, "Plan Rows": 100000, "Plan Width": 59}]}, {"Node Type": "Materialize", "Parent Relationship": "Inner", "Parallel Aware": false, "Startup Cost": 52732.91, "Total Cost": 2901620.91, "Plan Rows": 1, "Plan Width": 8, "Plans": [{"Node Type": "Nested Loop", "Parent Relationship": "Outer", "Parallel Aware": false, "Join Type": "Inner", "Startup Cost": 52732.91, "Total Cost": 2901620.91, "Plan Rows": 1, "Plan Width": 8, "Inner Unique": true, "Plans": [{"Node Type": "Hash Join", "Parent Relationship": "Outer", "Parallel Aware": false, "Join Type": "Inner", "Startup Cost": 52732.48, "Total Cost": 2871876.53, "Plan Rows": 58070, "Plan Width": 44, "Inner Unique": true, "Hash Cond": "(lineitem.l_partkey = part.p_partkey)", "Plans": [{"Node Type": "Aggregate", "Strategy": "Sorted", "Partial Mode": "Simple", "Parent Relationship": "Outer", "Parallel Aware": false, "Startup Cost": 0.56, "Total Cost": 2758172.12, "Plan Rows": 4829503, "Plan Width": 40, "Group Key": ["lineitem.l_partkey", "lineitem.l_suppkey"], "Plans": [{"Node Type": "Index Scan", "Parent Relationship": "Outer", "Parallel Aware": false, "Scan Direction": "Forward", "Index Name": "idx_lineitem_part_supp", "Relation Name": "lineitem", "Alias": "lineitem", "Startup Cost": 0.56, "Total Cost": 2617858.75, "Plan Rows": 9049443, "Plan Width": 13, "Filter": "((l_shipdate >= '1995-01-01'::date) AND (l_shipdate < '1996-01-01 00:00:00'::timestamp without time zone))"}]}, {"Node Type": "Hash", "Parent Relationship": "Inner", "Parallel Aware": false, "Startup Cost": 52431.32, "Total Cost": 52431.32, "Plan Rows": 24048, "Plan Width": 4, "Plans": [{"Node Type": "Gather", "Parent Relationship": "Outer", "Parallel Aware": false, "Startup Cost": 1000.0, "Total Cost": 52431.32, "Plan Rows": 24048, "Plan Width": 4, "Workers Planned": 3, "Single Copy": false, "Plans": [{"Node Type": "Seq Scan", "Parent Relationship": "Outer", "Parallel Aware": true, "Relation Name": "part", "Alias": "part", "Startup Cost": 0.0, "Total Cost": 49026.52, "Plan Rows": 7757, "Plan Width": 4, "Filter": "((p_name)::text ~~ 'plum%'::text)"}]}]}]}, {"Node Type": "Index Scan", "Parent Relationship": "Inner", "Parallel Aware": false, "Scan Direction": "Forward", "Index Name": "partsupp_pkey", "Relation Name": "partsupp", "Alias": "partsupp", "Startup Cost": 0.43, "Total Cost": 0.5, "Plan Rows": 1, "Plan Width": 12, "Index Cond": "((ps_partkey = lineitem.l_partkey) AND (ps_suppkey = lineitem.l_suppkey))", "Filter": "((ps_availqty)::numeric > ((0.5 * sum(lineitem.l_quantity))))"}]}]}]}]}]}}, {"Plan": {"Node Type": "Limit", "Parallel Aware": false, "Startup Cost": 3114318.34, "Total Cost": 3114318.34, "Plan Rows": 1, "Plan Width": 51, "Plans": [{"Node Type": "Sort", "Parent Relationship": "Outer", "Parallel Aware": false, "Startup Cost": 3114318.34, "Total Cost": 3114318.34, "Plan Rows": 1, "Plan Width": 51, "Sort Key": ["supplier.s_name"], "Plans": [{"Node Type": "Hash Join", "Parent Relationship": "Outer", "Parallel Aware": false, "Join Type": "Inner", "Startup Cost": 3110839.81, "Total Cost": 3114318.33, "Plan Rows": 1, "Plan Width": 51, "Inner Unique": true, "Hash Cond": "(supplier.s_nationkey = nation.n_nationkey)", "Plans": [{"Node Type": "Hash Join", "Parent Relationship": "Outer", "Parallel Aware": false, "Join Type": "Semi", "Startup Cost": 3110838.49, "Total Cost": 3114317.0, "Plan Rows": 1, "Plan Width": 55, "Inner Unique": false, "Hash Cond": "(supplier.s_suppkey = lineitem.l_suppkey)", "Plans": [{"Node Type": "Seq Scan", "Parent Relationship": "Outer", "Parallel Aware": false, "Relation Name": "supplier", "Alias": "supplier", "Startup Cost": 0.0, "Total Cost": 3216.0, "Plan Rows": 100000, "Plan Width": 59}, {"Node Type": "Hash", "Parent Relationship": "Inner", "Parallel Aware": false, "Startup Cost": 3110838.48, "Total Cost": 3110838.48, "Plan Rows": 1, "Plan Width": 8, "Plans": [{"Node Type": "Hash Join", "Parent Relationship": "Outer", "Parallel Aware": false, "Join Type": "Inner", "Startup Cost": 268150.58, "Total Cost": 3110838.48, "Plan Rows": 1, "Plan Width": 8, "Inner Unique": false, "Hash Cond": "((lineitem.l_partkey = partsupp.ps_partkey) AND (lineitem.l_suppkey = partsupp.ps_suppkey))", "Join Filter": "((partsupp.ps_availqty)::numeric > ((0.5 * sum(lineitem.l_quantity))))", "Plans": [{"Node Type": "Aggregate", "Strategy": "Sorted", "Partial Mode": "Simple", "Parent Relationship": "Outer", "Parallel Aware": false, "Startup Cost": 0.56, "Total Cost": 2758172.12, "Plan Rows": 4829503, "Plan Width": 40, "Group Key": ["lineitem.l_partkey", "lineitem.l_suppkey"], "Plans": [{"Node Type": "Index Scan", "Parent Relationship": "Outer", "Parallel Aware": false, "Scan Direction": "Forward", "Index Name": "idx_lineitem_part_supp", "Relation Name": "lineitem", "Alias": "lineitem", "Startup Cost": 0.56, "Total Cost": 2617858.75, "Plan Rows": 9049443, "Plan Width": 13, "Filter": "((l_shipdate >= '1995-01-01'::date) AND (l_shipdate < '1996-01-01 00:00:00'::timestamp without time zone))"}]}, {"Node Type": "Hash", "Parent Relationship": "Inner", "Parallel Aware": false, "Startup Cost": 266707.21, "Total Cost": 266707.21, "Plan Rows": 96187, "Plan Width": 16, "Plans": [{"Node Type": "Gather", "Parent Relationship": "Outer", "Parallel Aware": false, "Startup Cost": 50123.48, "Total Cost": 266707.21, "Plan Rows": 96187, "Plan Width": 16, "Workers Planned": 3, "Single Copy": false, "Plans": [{"Node Type": "Hash Join", "Parent Relationship": "Outer", "Parallel Aware": true, "Join Type": "Inner", "Startup Cost": 49123.48, "Total Cost": 256088.51, "Plan Rows": 31028, "Plan Width": 16, "Inner Unique": true, "Hash Cond": "(partsupp.ps_partkey = part.p_partkey)", "Plans": [{"Node Type": "Seq Scan", "Parent Relationship": "Outer", "Parallel Aware": true, "Relation Name": "partsupp", "Alias": "partsupp", "Startup Cost": 0.0, "Total Cost": 200191.16, "Plan Rows": 2580516, "Plan Width": 12}, {"Node Type": "Hash", "Parent Relationship": "Inner", "Parallel Aware": true, "Startup Cost": 49026.52, "Total Cost": 49026.52, "Plan Rows": 7757, "Plan Width": 4, "Plans": [{"Node Type": "Seq Scan", "Parent Relationship": "Outer", "Parallel Aware": true, "Relation Name": "part", "Alias": "part", "Startup Cost": 0.0, "Total Cost": 49026.52, "Plan Rows": 7757, "Plan Width": 4, "Filter": "((p_name)::text ~~ 'plum%'::text)"}]}]}]}]}]}]}]}, {"Node Type": "Hash", "Parent Relationship": "Inner", "Parallel Aware": false, "Startup Cost": 1.31, "Total Cost": 1.31, "Plan Rows": 1, "Plan Width": 4, "Plans": [{"Node Type": "Seq Scan", "Parent Relationship": "Outer", "Parallel Aware": false, "Relation Name": "nation", "Alias": "nation", "Startup Cost": 0.0, "Total Cost": 1.31, "Plan Rows": 1, "Plan Width": 4, "Filter": "(n_name = 'ARGENTINA'::bpchar)"}]}]}]}]}}, {"Plan": {"Node Type": "Limit", "Parallel Aware": false, "Startup Cost": 40003971973.62, "Total Cost": 40003971973.62, "Plan Rows": 1, "Plan Width": 51, "Plans": [{"Node Type": "Sort", "Parent Relationship": "Outer", "Parallel Aware": false, "Startup Cost": 40003971973.62, "Total Cost": 40003971973.62, "Plan Rows": 1, "Plan Width": 51, "Sort Key": ["supplier.s_name"], "Plans": [{"Node Type": "Nested Loop", "Parent Relationship": "Outer", "Parallel Aware": false, "Join Type": "Inner", "Startup Cost": 40003507238.71, "Total Cost": 40003971973.61, "Plan Rows": 1, "Plan Width": 51, "Inner Unique": true, "Plans": [{"Node Type": "Merge Join", "Parent Relationship": "Outer", "Parallel Aware": false, "Join Type": "Semi", "Startup Cost": 30003507238.56, "Total Cost": 30003971971.23, "Plan Rows": 1, "Plan Width": 55, "Inner Unique": false, "Merge Cond": "(supplier.s_suppkey = lineitem.l_suppkey)", "Plans": [{"Node Type": "Index Scan", "Parent Relationship": "Outer", "Parallel Aware": false, "Scan Direction": "Forward", "Index Name": "supplier_pkey", "Relation Name": "supplier", "Alias": "supplier", "Startup Cost": 10000000000.29, "Total Cost": 10000004020.1, "Plan Rows": 100000, "Plan Width": 59}, {"Node Type": "Merge Join", "Parent Relationship": "Inner", "Parallel Aware": false, "Join Type": "Inner", "Startup Cost": 20003507238.27, "Total Cost": 20003967701.12, "Plan Rows": 1, "Plan Width": 8, "Inner Unique": false, "Merge Cond": "(partsupp.ps_suppkey = lineitem.l_suppkey)", "Join Filter": "((lineitem.l_partkey = partsupp.ps_partkey) AND ((partsupp.ps_availqty)::numeric > ((0.5 * sum(lineitem.l_quantity)))))", "Plans": [{"Node Type": "Index Scan", "Parent Relationship": "Outer", "Parallel Aware": false, "Scan Direction": "Forward", "Index Name": "idx_partsupp_suppkey", "Relation Name": "partsupp", "Alias": "partsupp", "Startup Cost": 10000000000.43, "Total Cost": 10000335982.16, "Plan Rows": 7999600, "Plan Width": 12}, {"Node Type": "Sort", "Parent Relationship": "Inner", "Parallel Aware": false, "Startup Cost": 10003507237.84, "Total Cost": 10003507383.01, "Plan Rows": 58070, "Plan Width": 44, "Sort Key": ["lineitem.l_suppkey"], "Plans": [{"Node Type": "Merge Join", "Parent Relationship": "Outer", "Parallel Aware": false, "Join Type": "Inner", "Startup Cost": 10003196698.52, "Total Cost": 10003502642.9, "Plan Rows": 58070, "Plan Width": 44, "Inner Unique": true, "Merge Cond": "(lineitem.l_partkey = part.p_partkey)", "Plans": [{"Node Type": "Aggregate", "Strategy": "Sorted", "Partial Mode": "Simple", "Parent Relationship": "Outer", "Parallel Aware": false, "Startup Cost": 3196698.09, "Total Cost": 3359635.07, "Plan Rows": 4829503, "Plan Width": 40, "Group Key": ["lineitem.l_partkey", "lineitem.l_suppkey"], "Plans": [{"Node Type": "Sort", "Parent Relationship": "Outer", "Parallel Aware": false, "Startup Cost": 3196698.09, "Total Cost": 3219321.7, "Plan Rows": 9049443, "Plan Width": 13, "Sort Key": ["lineitem.l_partkey", "lineitem.l_suppkey"], "Plans": [{"Node Type": "Bitmap Heap Scan", "Parent Relationship": "Outer", "Parallel Aware": false, "Relation Name": "lineitem", "Alias": "lineitem", "Startup Cost": 131139.66, "Total Cost": 2060478.86, "Plan Rows": 9049443, "Plan Width": 13, "Recheck Cond": "((l_shipdate >= '1995-01-01'::date) AND (l_shipdate < '1996-01-01 00:00:00'::timestamp without time zone))", "Plans": [{"Node Type": "Bitmap Index Scan", "Parent Relationship": "Outer", "Parallel Aware": false, "Index Name": "idx_lineitem_shipdate", "Startup Cost": 0.0, "Total Cost": 128877.3, "Plan Rows": 9049443, "Plan Width": 0, "Index Cond": "((l_shipdate >= '1995-01-01'::date) AND (l_shipdate < '1996-01-01 00:00:00'::timestamp without time zone))"}]}]}]}, {"Node Type": "Index Scan", "Parent Relationship": "Inner", "Parallel Aware": false, "Scan Direction": "Forward", "Index Name": "part_pkey", "Relation Name": "part", "Alias": "part", "Startup Cost": 10000000000.43, "Total Cost": 10000081998.23, "Plan Rows": 24048, "Plan Width": 4, "Filter": "((p_name)::text ~~ 'plum%'::text)"}]}]}]}]}, {"Node Type": "Bitmap Heap Scan", "Parent Relationship": "Inner", "Parallel Aware": false, "Relation Name": "nation", "Alias": "nation", "Startup Cost": 0.15, "Total Cost": 1.26, "Plan Rows": 1, "Plan Width": 4, "Recheck Cond": "(n_nationkey = supplier.s_nationkey)", "Filter": "(n_name = 'ARGENTINA'::bpchar)", "Plans": [{"Node Type": "Bitmap Index Scan", "Parent Relationship": "Outer", "Parallel Aware": false, "Index Name": "nation_pkey", "Startup Cost": 0.0, "Total Cost": 0.15, "Plan Rows": 1, "Plan Width": 0, "Index Cond": "(n_nationkey = supplier.s_nationkey)"}]}]}]}]}}, {"Plan": {"Node Type": "Limit", "Parallel Aware": false, "Startup Cost": 10781844.83, "Total Cost": 10781844.84, "Plan Rows": 1, "Plan Width": 51, "Plans": [{"Node Type": "Sort", "Parent Relationship": "Outer", "Parallel Aware": false, "Startup Cost": 10781844.83, "Total Cost": 10781844.84, "Plan Rows": 1, "Plan Width": 51, "Sort Key": ["supplier.s_name"], "Plans": [{"Node Type": "Nested Loop", "Parent Relationship": "Outer", "Parallel Aware": false, "Join Type": "Inner", "Startup Cost": 10781841.47, "Total Cost": 10781844.82, "Plan Rows": 1, "Plan Width": 51, "Inner Unique": true, "Plans": [{"Node Type": "Nested Loop", "Parent Relationship": "Outer", "Parallel Aware": false, "Join Type": "Inner", "Startup Cost": 10781841.33, "Total Cost": 10781842.45, "Plan Rows": 1, "Plan Width": 55, "Inner Unique": true, "Plans": [{"Node Type": "Aggregate", "Strategy": "Hashed", "Partial Mode": "Simple", "Parent Relationship": "Outer", "Parallel Aware": false, "Startup Cost": 10781841.02, "Total Cost": 10781841.03, "Plan Rows": 1, "Plan Width": 8, "Group Key": ["partsupp.ps_suppkey"], "Plans": [{"Node Type": "Nested Loop", "Parent Relationship": "Outer", "Parallel Aware": false, "Join Type": "Inner", "Startup Cost": 1858992.78, "Total Cost": 10781841.02, "Plan Rows": 1, "Plan Width": 8, "Inner Unique": true, "Join Filter": "(lineitem.l_partkey = part.p_partkey)", "Plans": [{"Node Type": "Nested Loop", "Parent Relationship": "Outer", "Parallel Aware": false, "Join Type": "Inner", "Startup Cost": 1858992.34, "Total Cost": 10781726.88, "Plan Rows": 73, "Plan Width": 16, "Inner Unique": true, "Plans": [{"Node Type": "Aggregate", "Strategy": "Sorted", "Partial Mode": "Finalize", "Parent Relationship": "Outer", "Parallel Aware": false, "Startup Cost": 1858991.89, "Total Cost": 3113700.31, "Plan Rows": 4829503, "Plan Width": 40, "Group Key": ["lineitem.l_partkey", "lineitem.l_suppkey"], "Plans": [{"Node Type": "Gather Merge", "Parent Relationship": "Outer", "Parallel Aware": false, "Startup Cost": 1858991.89, "Total Cost": 2953682.52, "Plan Rows": 8757525, "Plan Width": 40, "Workers Planned": 3, "Plans": [{"Node Type": "Aggregate", "Strategy": "Sorted", "Partial Mode": "Partial", "Parent Relationship": "Outer", "Parallel Aware": false, "Startup Cost": 1857991.85, "Total Cost": 1923673.29, "Plan Rows": 2919175, "Plan Width": 40, "Group Key": ["lineitem.l_partkey", "lineitem.l_suppkey"], "Plans": [{"Node Type": "Sort", "Parent Relationship": "Outer", "Parallel Aware": false, "Startup Cost": 1857991.85, "Total Cost": 1865289.79, "Plan Rows": 2919175, "Plan Width": 13, "Sort Key": ["lineitem.l_partkey", "lineitem.l_suppkey"], "Plans": [{"Node Type": "Bitmap Heap Scan", "Parent Relationship": "Outer", "Parallel Aware": true, "Relation Name": "lineitem", "Alias": "lineitem", "Startup Cost": 131139.66, "Total Cost": 1515293.66, "Plan Rows": 2919175, "Plan Width": 13, "Recheck Cond": "((l_shipdate >= '1995-01-01'::date) AND (l_shipdate < '1996-01-01 00:00:00'::timestamp without time zone))", "Plans": [{"Node Type": "Bitmap Index Scan", "Parent Relationship": "Outer", "Parallel Aware": false, "Index Name": "idx_lineitem_shipdate", "Startup Cost": 0.0, "Total Cost": 128877.3, "Plan Rows": 9049443, "Plan Width": 0, "Index Cond": "((l_shipdate >= '1995-01-01'::date) AND (l_shipdate < '1996-01-01 00:00:00'::timestamp without time zone))"}]}]}]}]}]}, {"Node Type": "Bitmap Heap Scan", "Parent Relationship": "Inner", "Parallel Aware": false, "Relation Name": "partsupp", "Alias": "partsupp", "Startup Cost": 0.45, "Total Cost": 1.57, "Plan Rows": 1, "Plan Width": 12, "Recheck Cond": "((ps_partkey = lineitem.l_partkey) AND (ps_suppkey = lineitem.l_suppkey))", "Filter": "((ps_availqty)::numeric > ((0.5 * sum(lineitem.l_quantity))))", "Plans": [{"Node Type": "Bitmap Index Scan", "Parent Relationship": "Outer", "Parallel Aware": false, "Index Name": "partsupp_pkey", "Startup Cost": 0.0, "Total Cost": 0.45, "Plan Rows": 1, "Plan Width": 0, "Index Cond": "((ps_partkey = lineitem.l_partkey) AND (ps_suppkey = lineitem.l_suppkey))"}]}]}, {"Node Type": "Bitmap Heap Scan", "Parent Relationship": "Inner", "Parallel Aware": false, "Relation Name": "part", "Alias": "part", "Startup Cost": 0.44, "Total Cost": 1.55, "Plan Rows": 1, "Plan Width": 4, "Recheck Cond": "(p_partkey = partsupp.ps_partkey)", "Filter": "((p_name)::text ~~ 'plum%'::text)", "Plans": [{"Node Type": "Bitmap Index Scan", "Parent Relationship": "Outer", "Parallel Aware": false, "Index Name": "part_pkey", "Startup Cost": 0.0, "Total Cost": 0.44, "Plan Rows": 1, "Plan Width": 0, "Index Cond": "(p_partkey = partsupp.ps_partkey)"}]}]}]}, {"Node Type": "Bitmap Heap Scan", "Parent Relationship": "Inner", "Parallel Aware": false, "Relation Name": "supplier", "Alias": "supplier", "Startup Cost": 0.3, "Total Cost": 1.42, "Plan Rows": 1, "Plan Width": 59, "Recheck Cond": "(s_suppkey = lineitem.l_suppkey)", "Plans": [{"Node Type": "Bitmap Index Scan", "Parent Relationship": "Outer", "Parallel Aware": false, "Index Name": "supplier_pkey", "Startup Cost": 0.0, "Total Cost": 0.3, "Plan Rows": 1, "Plan Width": 0, "Index Cond": "(s_suppkey = lineitem.l_suppkey)"}]}]}, {"Node Type": "Bitmap Heap Scan", "Parent Relationship": "Inner", "Parallel Aware": false, "Relation Name": "nation", "Alias": "nation", "Startup Cost": 0.15, "Total Cost": 1.26, "Plan Rows": 1, "Plan Width": 4, "Recheck Cond": "(n_nationkey = supplier.s_nationkey)", "Filter": "(n_name = 'ARGENTINA'::bpchar)", "Plans": [{"Node Type": "Bitmap Index Scan", "Parent Relationship": "Outer", "Parallel Aware": false, "Index Name": "nation_pkey", "Startup Cost": 0.0, "Total Cost": 0.15, "Plan Rows": 1, "Plan Width": 0, "Index Cond": "(n_nationkey = supplier.s_nationkey)"}]}]}]}]}}, {"Plan": {"Node Type": "Limit", "Parallel Aware": false, "Startup Cost": 3224600.45, "Total Cost": 3224600.45, "Plan Rows": 1, "Plan Width": 51, "Plans": [{"Node Type": "Sort", "Parent Relationship": "Outer", "Parallel Aware": false, "Startup Cost": 3224600.45, "Total Cost": 3224600.45, "Plan Rows": 1, "Plan Width": 51, "Sort Key": ["supplier.s_name"], "Plans": [{"Node Type": "Nested Loop", "Parent Relationship": "Outer", "Parallel Aware": false, "Join Type": "Semi", "Startup Cost": 1812675.68, "Total Cost": 3224600.44, "Plan Rows": 1, "Plan Width": 51, "Inner Unique": false, "Join Filter": "(supplier.s_suppkey = lineitem.l_suppkey)", "Plans": [{"Node Type": "Nested Loop", "Parent Relationship": "Outer", "Parallel Aware": false, "Join Type": "Inner", "Startup Cost": 0.0, "Total Cost": 4467.31, "Plan Rows": 4000, "Plan Width": 55, "Inner Unique": false, "Join Filter": "(supplier.s_nationkey = nation.n_nationkey)", "Plans": [{"Node Type": "Seq Scan", "Parent Relationship": "Outer", "Parallel Aware": false, "Relation Name": "nation", "Alias": "nation", "Startup Cost": 0.0, "Total Cost": 1.31, "Plan Rows": 1, "Plan Width": 4, "Filter": "(n_name = 'ARGENTINA'::bpchar)"}, {"Node Type": "Seq Scan", "Parent Relationship": "Inner", "Parallel Aware": false, "Relation Name": "supplier", "Alias": "supplier", "Startup Cost": 0.0, "Total Cost": 3216.0, "Plan Rows": 100000, "Plan Width": 59}]}, {"Node Type": "Materialize", "Parent Relationship": "Inner", "Parallel Aware": false, "Startup Cost": 1812675.68, "Total Cost": 3220073.13, "Plan Rows": 1, "Plan Width": 8, "Plans": [{"Node Type": "Nested Loop", "Parent Relationship": "Outer", "Parallel Aware": false, "Join Type": "Inner", "Startup Cost": 1812675.68, "Total Cost": 3220073.12, "Plan Rows": 1, "Plan Width": 8, "Inner Unique": true, "Plans": [{"Node Type": "Merge Join", "Parent Relationship": "Outer", "Parallel Aware": false, "Join Type": "Inner", "Startup Cost": 1812675.23, "Total Cost": 3128453.38, "Plan Rows": 58070, "Plan Width": 44, "Inner Unique": true, "Merge Cond": "(lineitem.l_partkey = part.p_partkey)", "Plans": [{"Node Type": "Aggregate", "Strategy": "Sorted", "Partial Mode": "Finalize", "Parent Relationship": "Outer", "Parallel Aware": false, "Startup Cost": 1758493.99, "Total Cost": 3013202.41, "Plan Rows": 4829503, "Plan Width": 40, "Group Key": ["lineitem.l_partkey", "lineitem.l_suppkey"], "Plans": [{"Node Type": "Gather Merge", "Parent Relationship": "Outer", "Parallel Aware": false, "Startup Cost": 1758493.99, "Total Cost": 2853184.61, "Plan Rows": 8757525, "Plan Width": 40, "Workers Planned": 3, "Plans": [{"Node Type": "Aggregate", "Strategy": "Sorted", "Partial Mode": "Partial", "Parent Relationship": "Outer", "Parallel Aware": false, "Startup Cost": 1757493.95, "Total Cost": 1823175.39, "Plan Rows": 2919175, "Plan Width": 40, "Group Key": ["lineitem.l_partkey", "lineitem.l_suppkey"], "Plans": [{"Node Type": "Sort", "Parent Relationship": "Outer", "Parallel Aware": false, "Startup Cost": 1757493.95, "Total Cost": 1764791.89, "Plan Rows": 2919175, "Plan Width": 13, "Sort Key": ["lineitem.l_partkey", "lineitem.l_suppkey"], "Plans": [{"Node Type": "Seq Scan", "Parent Relationship": "Outer", "Parallel Aware": true, "Relation Name": "lineitem", "Alias": "lineitem", "Startup Cost": 0.0, "Total Cost": 1414795.75, "Plan Rows": 2919175, "Plan Width": 13, "Filter": "((l_shipdate >= '1995-01-01'::date) AND (l_shipdate < '1996-01-01 00:00:00'::timestamp without time zone))"}]}]}]}]}, {"Node Type": "Sort", "Parent Relationship": "Inner", "Parallel Aware": false, "Startup Cost": 54181.24, "Total Cost": 54241.36, "Plan Rows": 24048, "Plan Width": 4, "Sort Key": ["part.p_partkey"], "Plans": [{"Node Type": "Gather", "Parent Relationship": "Outer", "Parallel Aware": false, "Startup Cost": 1000.0, "Total Cost": 52431.32, "Plan Rows": 24048, "Plan Width": 4, "Workers Planned": 3, "Single Copy": false, "Plans": [{"Node Type": "Seq Scan", "Parent Relationship": "Outer", "Parallel Aware": true, "Relation Name": "part", "Alias": "part", "Startup Cost": 0.0, "Total Cost": 49026.52, "Plan Rows": 7757, "Plan Width": 4, "Filter": "((p_name)::text ~~ 'plum%'::text)"}]}]}]}, {"Node Type": "Bitmap Heap Scan", "Parent Relationship": "Inner", "Parallel Aware": false, "Relation Name": "partsupp", "Alias": "partsupp", "Startup Cost": 0.45, "Total Cost": 1.57, "Plan Rows": 1, "Plan Width": 12, "Recheck Cond": "((ps_partkey = lineitem.l_partkey) AND (ps_suppkey = lineitem.l_suppkey))", "Filter": "((ps_availqty)::numeric > ((0.5 * sum(lineitem.l_quantity))))", "Plans": [{"Node Type": "Bitmap Index Scan", "Parent Relationship": "Outer", "Parallel Aware": false, "Index Name": "partsupp_pkey", "Startup Cost": 0.0, "Total Cost": 0.45, "Plan Rows": 1, "Plan Width": 0, "Index Cond": "((ps_partkey = lineitem.l_partkey) AND (ps_suppkey = lineitem.l_suppkey))"}]}]}]}]}]}]}}, {"Plan": {"Node Type": "Limit", "Parallel Aware": false, "Startup Cost": 3364514.65, "Total Cost": 3364514.66, "Plan Rows": 1, "Plan Width": 51, "Plans": [{"Node Type": "Sort", "Parent Relationship": "Outer", "Parallel Aware": false, "Startup Cost": 3364514.65, "Total Cost": 3364514.66, "Plan Rows": 1, "Plan Width": 51, "Sort Key": ["supplier.s_name"], "Plans": [{"Node Type": "Hash Join", "Parent Relationship": "Outer", "Parallel Aware": false, "Join Type": "Inner", "Startup Cost": 3361036.13, "Total Cost": 3364514.64, "Plan Rows": 1, "Plan Width": 51, "Inner Unique": true, "Hash Cond": "(supplier.s_nationkey = nation.n_nationkey)", "Plans": [{"Node Type": "Hash Join", "Parent Relationship": "Outer", "Parallel Aware": false, "Join Type": "Semi", "Startup Cost": 3361034.8, "Total Cost": 3364513.31, "Plan Rows": 1, "Plan Width": 55, "Inner Unique": false, "Hash Cond": "(supplier.s_suppkey = lineitem.l_suppkey)", "Plans": [{"Node Type": "Seq Scan", "Parent Relationship": "Outer", "Parallel Aware": false, "Relation Name": "supplier", "Alias": "supplier", "Startup Cost": 0.0, "Total Cost": 3216.0, "Plan Rows": 100000, "Plan Width": 59}, {"Node Type": "Hash", "Parent Relationship": "Inner", "Parallel Aware": false, "Startup Cost": 3361034.79, "Total Cost": 3361034.79, "Plan Rows": 1, "Plan Width": 8, "Plans": [{"Node Type": "Merge Join", "Parent Relationship": "Outer", "Parallel Aware": false, "Join Type": "Inner", "Startup Cost": 2033162.38, "Total Cost": 3361034.79, "Plan Rows": 1, "Plan Width": 8, "Inner Unique": false, "Merge Cond": "((lineitem.l_partkey = partsupp.ps_partkey) AND (lineitem.l_suppkey = partsupp.ps_suppkey))", "Join Filter": "((partsupp.ps_availqty)::numeric > ((0.5 * sum(lineitem.l_quantity))))", "Plans": [{"Node Type": "Aggregate", "Strategy": "Sorted", "Partial Mode": "Finalize", "Parent Relationship": "Outer", "Parallel Aware": false, "Startup Cost": 1758493.99, "Total Cost": 3013202.41, "Plan Rows": 4829503, "Plan Width": 40, "Group Key": ["lineitem.l_partkey", "lineitem.l_suppkey"], "Plans": [{"Node Type": "Gather Merge", "Parent Relationship": "Outer", "Parallel Aware": false, "Startup Cost": 1758493.99, "Total Cost": 2853184.61, "Plan Rows": 8757525, "Plan Width": 40, "Workers Planned": 3, "Plans": [{"Node Type": "Aggregate", "Strategy": "Sorted", "Partial Mode": "Partial", "Parent Relationship": "Outer", "Parallel Aware": false, "Startup Cost": 1757493.95, "Total Cost": 1823175.39, "Plan Rows": 2919175, "Plan Width": 40, "Group Key": ["lineitem.l_partkey", "lineitem.l_suppkey"], "Plans": [{"Node Type": "Sort", "Parent Relationship": "Outer", "Parallel Aware": false, "Startup Cost": 1757493.95, "Total Cost": 1764791.89, "Plan Rows": 2919175, "Plan Width": 13, "Sort Key": ["lineitem.l_partkey", "lineitem.l_suppkey"], "Plans": [{"Node Type": "Seq Scan", "Parent Relationship": "Outer", "Parallel Aware": true, "Relation Name": "lineitem", "Alias": "lineitem", "Startup Cost": 0.0, "Total Cost": 1414795.75, "Plan Rows": 2919175, "Plan Width": 13, "Filter": "((l_shipdate >= '1995-01-01'::date) AND (l_shipdate < '1996-01-01 00:00:00'::timestamp without time zone))"}]}]}]}]}, {"Node Type": "Sort", "Parent Relationship": "Inner", "Parallel Aware": false, "Startup Cost": 274668.39, "Total Cost": 274908.86, "Plan Rows": 96187, "Plan Width": 16, "Sort Key": ["partsupp.ps_partkey", "partsupp.ps_suppkey"], "Plans": [{"Node Type": "Gather", "Parent Relationship": "Outer", "Parallel Aware": false, "Startup Cost": 50123.48, "Total Cost": 266707.21, "Plan Rows": 96187, "Plan Width": 16, "Workers Planned": 3, "Single Copy": false, "Plans": [{"Node Type": "Hash Join", "Parent Relationship": "Outer", "Parallel Aware": true, "Join Type": "Inner", "Startup Cost": 49123.48, "Total Cost": 256088.51, "Plan Rows": 31028, "Plan Width": 16, "Inner Unique": true, "Hash Cond": "(partsupp.ps_partkey = part.p_partkey)", "Plans": [{"Node Type": "Seq Scan", "Parent Relationship": "Outer", "Parallel Aware": true, "Relation Name": "partsupp", "Alias": "partsupp", "Startup Cost": 0.0, "Total Cost": 200191.16, "Plan Rows": 2580516, "Plan Width": 12}, {"Node Type": "Hash", "Parent Relationship": "Inner", "Parallel Aware": true, "Startup Cost": 49026.52, "Total Cost": 49026.52, "Plan Rows": 7757, "Plan Width": 4, "Plans": [{"Node Type": "Seq Scan", "Parent Relationship": "Outer", "Parallel Aware": true, "Relation Name": "part", "Alias": "part", "Startup Cost": 0.0, "Total Cost": 49026.52, "Plan Rows": 7757, "Plan Width": 4, "Filter": "((p_name)::text ~~ 'plum%'::text)"}]}]}]}]}]}]}]}, {"Node Type": "Hash", "Parent Relationship": "Inner", "Parallel Aware": false, "Startup Cost": 1.31, "Total Cost": 1.31, "Plan Rows": 1, "Plan Width": 4, "Plans": [{"Node Type": "Seq Scan", "Parent Relationship": "Outer", "Parallel Aware": false, "Relation Name": "nation", "Alias": "nation", "Startup Cost": 0.0, "Total Cost": 1.31, "Plan Rows": 1, "Plan Width": 4, "Filter": "(n_name = 'ARGENTINA'::bpchar)"}]}]}]}]}}, {"Plan": {"Node Type": "Limit", "Parallel Aware": false, "Startup Cost": 10781844.83, "Total Cost": 10781844.84, "Plan Rows": 1, "Plan Width": 51, "Plans": [{"Node Type": "Sort", "Parent Relationship": "Outer", "Parallel Aware": false, "Startup Cost": 10781844.83, "Total Cost": 10781844.84, "Plan Rows": 1, "Plan Width": 51, "Sort Key": ["supplier.s_name"], "Plans": [{"Node Type": "Nested Loop", "Parent Relationship": "Outer", "Parallel Aware": false, "Join Type": "Inner", "Startup Cost": 10781841.47, "Total Cost": 10781844.82, "Plan Rows": 1, "Plan Width": 51, "Inner Unique": true, "Plans": [{"Node Type": "Nested Loop", "Parent Relationship": "Outer", "Parallel Aware": false, "Join Type": "Inner", "Startup Cost": 10781841.33, "Total Cost": 10781842.45, "Plan Rows": 1, "Plan Width": 55, "Inner Unique": true, "Plans": [{"Node Type": "Aggregate", "Strategy": "Hashed", "Partial Mode": "Simple", "Parent Relationship": "Outer", "Parallel Aware": false, "Startup Cost": 10781841.02, "Total Cost": 10781841.03, "Plan Rows": 1, "Plan Width": 8, "Group Key": ["partsupp.ps_suppkey"], "Plans": [{"Node Type": "Nested Loop", "Parent Relationship": "Outer", "Parallel Aware": false, "Join Type": "Inner", "Startup Cost": 1858992.78, "Total Cost": 10781841.02, "Plan Rows": 1, "Plan Width": 8, "Inner Unique": true, "Join Filter": "(lineitem.l_partkey = part.p_partkey)", "Plans": [{"Node Type": "Nested Loop", "Parent Relationship": "Outer", "Parallel Aware": false, "Join Type": "Inner", "Startup Cost": 1858992.34, "Total Cost": 10781726.88, "Plan Rows": 73, "Plan Width": 16, "Inner Unique": true, "Plans": [{"Node Type": "Aggregate", "Strategy": "Sorted", "Partial Mode": "Finalize", "Parent Relationship": "Outer", "Parallel Aware": false, "Startup Cost": 1858991.89, "Total Cost": 3113700.31, "Plan Rows": 4829503, "Plan Width": 40, "Group Key": ["lineitem.l_partkey", "lineitem.l_suppkey"], "Plans": [{"Node Type": "Gather Merge", "Parent Relationship": "Outer", "Parallel Aware": false, "Startup Cost": 1858991.89, "Total Cost": 2953682.52, "Plan Rows": 8757525, "Plan Width": 40, "Workers Planned": 3, "Plans": [{"Node Type": "Aggregate", "Strategy": "Sorted", "Partial Mode": "Partial", "Parent Relationship": "Outer", "Parallel Aware": false, "Startup Cost": 1857991.85, "Total Cost": 1923673.29, "Plan Rows": 2919175, "Plan Width": 40, "Group Key": ["lineitem.l_partkey", "lineitem.l_suppkey"], "Plans": [{"Node Type": "Sort", "Parent Relationship": "Outer", "Parallel Aware": false, "Startup Cost": 1857991.85, "Total Cost": 1865289.79, "Plan Rows": 2919175, "Plan Width": 13, "Sort Key": ["lineitem.l_partkey", "lineitem.l_suppkey"], "Plans": [{"Node Type": "Bitmap Heap Scan", "Parent Relationship": "Outer", "Parallel Aware": true, "Relation Name": "lineitem", "Alias": "lineitem", "Startup Cost": 131139.66, "Total Cost": 1515293.66, "Plan Rows": 2919175, "Plan Width": 13, "Recheck Cond": "((l_shipdate >= '1995-01-01'::date) AND (l_shipdate < '1996-01-01 00:00:00'::timestamp without time zone))", "Plans": [{"Node Type": "Bitmap Index Scan", "Parent Relationship": "Outer", "Parallel Aware": false, "Index Name": "idx_lineitem_shipdate", "Startup Cost": 0.0, "Total Cost": 128877.3, "Plan Rows": 9049443, "Plan Width": 0, "Index Cond": "((l_shipdate >= '1995-01-01'::date) AND (l_shipdate < '1996-01-01 00:00:00'::timestamp without time zone))"}]}]}]}]}]}, {"Node Type": "Bitmap Heap Scan", "Parent Relationship": "Inner", "Parallel Aware": false, "Relation Name": "partsupp", "Alias": "partsupp", "Startup Cost": 0.45, "Total Cost": 1.57, "Plan Rows": 1, "Plan Width": 12, "Recheck Cond": "((ps_partkey = lineitem.l_partkey) AND (ps_suppkey = lineitem.l_suppkey))", "Filter": "((ps_availqty)::numeric > ((0.5 * sum(lineitem.l_quantity))))", "Plans": [{"Node Type": "Bitmap Index Scan", "Parent Relationship": "Outer", "Parallel Aware": false, "Index Name": "partsupp_pkey", "Startup Cost": 0.0, "Total Cost": 0.45, "Plan Rows": 1, "Plan Width": 0, "Index Cond": "((ps_partkey = lineitem.l_partkey) AND (ps_suppkey = lineitem.l_suppkey))"}]}]}, {"Node Type": "Bitmap Heap Scan", "Parent Relationship": "Inner", "Parallel Aware": false, "Relation Name": "part", "Alias": "part", "Startup Cost": 0.44, "Total Cost": 1.55, "Plan Rows": 1, "Plan Width": 4, "Recheck Cond": "(p_partkey = partsupp.ps_partkey)", "Filter": "((p_name)::text ~~ 'plum%'::text)", "Plans": [{"Node Type": "Bitmap Index Scan", "Parent Relationship": "Outer", "Parallel Aware": false, "Index Name": "part_pkey", "Startup Cost": 0.0, "Total Cost": 0.44, "Plan Rows": 1, "Plan Width": 0, "Index Cond": "(p_partkey = partsupp.ps_partkey)"}]}]}]}, {"Node Type": "Bitmap Heap Scan", "Parent Relationship": "Inner", "Parallel Aware": false, "Relation Name": "supplier", "Alias": "supplier", "Startup Cost": 0.3, "Total Cost": 1.42, "Plan Rows": 1, "Plan Width": 59, "Recheck Cond": "(s_suppkey = lineitem.l_suppkey)", "Plans": [{"Node Type": "Bitmap Index Scan", "Parent Relationship": "Outer", "Parallel Aware": false, "Index Name": "supplier_pkey", "Startup Cost": 0.0, "Total Cost": 0.3, "Plan Rows": 1, "Plan Width": 0, "Index Cond": "(s_suppkey = lineitem.l_suppkey)"}]}]}, {"Node Type": "Bitmap Heap Scan", "Parent Relationship": "Inner", "Parallel Aware": false, "Relation Name": "nation", "Alias": "nation", "Startup Cost": 0.15, "Total Cost": 1.26, "Plan Rows": 1, "Plan Width": 4, "Recheck Cond": "(n_nationkey = supplier.s_nationkey)", "Filter": "(n_name = 'ARGENTINA'::bpchar)", "Plans": [{"Node Type": "Bitmap Index Scan", "Parent Relationship": "Outer", "Parallel Aware": false, "Index Name": "nation_pkey", "Startup Cost": 0.0, "Total Cost": 0.15, "Plan Rows": 1, "Plan Width": 0, "Index Cond": "(n_nationkey = supplier.s_nationkey)"}]}]}]}]}}, {"Plan": {"Node Type": "Limit", "Parallel Aware": false, "Startup Cost": 3223053.89, "Total Cost": 3223053.89, "Plan Rows": 1, "Plan Width": 51, "Plans": [{"Node Type": "Sort", "Parent Relationship": "Outer", "Parallel Aware": false, "Startup Cost": 3223053.89, "Total Cost": 3223053.89, "Plan Rows": 1, "Plan Width": 51, "Sort Key": ["supplier.s_name"], "Plans": [{"Node Type": "Nested Loop", "Parent Relationship": "Outer", "Parallel Aware": false, "Join Type": "Semi", "Startup Cost": 1811226.35, "Total Cost": 3223053.88, "Plan Rows": 1, "Plan Width": 51, "Inner Unique": false, "Join Filter": "(supplier.s_suppkey = lineitem.l_suppkey)", "Plans": [{"Node Type": "Nested Loop", "Parent Relationship": "Outer", "Parallel Aware": false, "Join Type": "Inner", "Startup Cost": 0.0, "Total Cost": 4467.31, "Plan Rows": 4000, "Plan Width": 55, "Inner Unique": false, "Join Filter": "(supplier.s_nationkey = nation.n_nationkey)", "Plans": [{"Node Type": "Seq Scan", "Parent Relationship": "Outer", "Parallel Aware": false, "Relation Name": "nation", "Alias": "nation", "Startup Cost": 0.0, "Total Cost": 1.31, "Plan Rows": 1, "Plan Width": 4, "Filter": "(n_name = 'ARGENTINA'::bpchar)"}, {"Node Type": "Seq Scan", "Parent Relationship": "Inner", "Parallel Aware": false, "Relation Name": "supplier", "Alias": "supplier", "Startup Cost": 0.0, "Total Cost": 3216.0, "Plan Rows": 100000, "Plan Width": 59}]}, {"Node Type": "Materialize", "Parent Relationship": "Inner", "Parallel Aware": false, "Startup Cost": 1811226.35, "Total Cost": 3218526.57, "Plan Rows": 1, "Plan Width": 8, "Plans": [{"Node Type": "Nested Loop", "Parent Relationship": "Outer", "Parallel Aware": false, "Join Type": "Inner", "Startup Cost": 1811226.35, "Total Cost": 3218526.56, "Plan Rows": 1, "Plan Width": 8, "Inner Unique": true, "Plans": [{"Node Type": "Hash Join", "Parent Relationship": "Outer", "Parallel Aware": false, "Join Type": "Inner", "Startup Cost": 1811225.91, "Total Cost": 3126906.82, "Plan Rows": 58070, "Plan Width": 44, "Inner Unique": true, "Hash Cond": "(lineitem.l_partkey = part.p_partkey)", "Plans": [{"Node Type": "Aggregate", "Strategy": "Sorted", "Partial Mode": "Finalize", "Parent Relationship": "Outer", "Parallel Aware": false, "Startup Cost": 1758493.99, "Total Cost": 3013202.41, "Plan Rows": 4829503, "Plan Width": 40, "Group Key": ["lineitem.l_partkey", "lineitem.l_suppkey"], "Plans": [{"Node Type": "Gather Merge", "Parent Relationship": "Outer", "Parallel Aware": false, "Startup Cost": 1758493.99, "Total Cost": 2853184.61, "Plan Rows": 8757525, "Plan Width": 40, "Workers Planned": 3, "Plans": [{"Node Type": "Aggregate", "Strategy": "Sorted", "Partial Mode": "Partial", "Parent Relationship": "Outer", "Parallel Aware": false, "Startup Cost": 1757493.95, "Total Cost": 1823175.39, "Plan Rows": 2919175, "Plan Width": 40, "Group Key": ["lineitem.l_partkey", "lineitem.l_suppkey"], "Plans": [{"Node Type": "Sort", "Parent Relationship": "Outer", "Parallel Aware": false, "Startup Cost": 1757493.95, "Total Cost": 1764791.89, "Plan Rows": 2919175, "Plan Width": 13, "Sort Key": ["lineitem.l_partkey", "lineitem.l_suppkey"], "Plans": [{"Node Type": "Seq Scan", "Parent Relationship": "Outer", "Parallel Aware": true, "Relation Name": "lineitem", "Alias": "lineitem", "Startup Cost": 0.0, "Total Cost": 1414795.75, "Plan Rows": 2919175, "Plan Width": 13, "Filter": "((l_shipdate >= '1995-01-01'::date) AND (l_shipdate < '1996-01-01 00:00:00'::timestamp without time zone))"}]}]}]}]}, {"Node Type": "Hash", "Parent Relationship": "Inner", "Parallel Aware": false, "Startup Cost": 52431.32, "Total Cost": 52431.32, "Plan Rows": 24048, "Plan Width": 4, "Plans": [{"Node Type": "Gather", "Parent Relationship": "Outer", "Parallel Aware": false, "Startup Cost": 1000.0, "Total Cost": 52431.32, "Plan Rows": 24048, "Plan Width": 4, "Workers Planned": 3, "Single Copy": false, "Plans": [{"Node Type": "Seq Scan", "Parent Relationship": "Outer", "Parallel Aware": true, "Relation Name": "part", "Alias": "part", "Startup Cost": 0.0, "Total Cost": 49026.52, "Plan Rows": 7757, "Plan Width": 4, "Filter": "((p_name)::text ~~ 'plum%'::text)"}]}]}]}, {"Node Type": "Bitmap Heap Scan", "Parent Relationship": "Inner", "Parallel Aware": false, "Relation Name": "partsupp", "Alias": "partsupp", "Startup Cost": 0.45, "Total Cost": 1.57, "Plan Rows": 1, "Plan Width": 12, "Recheck Cond": "((ps_partkey = lineitem.l_partkey) AND (ps_suppkey = lineitem.l_suppkey))", "Filter": "((ps_availqty)::numeric > ((0.5 * sum(lineitem.l_quantity))))", "Plans": [{"Node Type": "Bitmap Index Scan", "Parent Relationship": "Outer", "Parallel Aware": false, "Index Name": "partsupp_pkey", "Startup Cost": 0.0, "Total Cost": 0.45, "Plan Rows": 1, "Plan Width": 0, "Index Cond": "((ps_partkey = lineitem.l_partkey) AND (ps_suppkey = lineitem.l_suppkey))"}]}]}]}]}]}]}}, {"Plan": {"Node Type": "Limit", "Parallel Aware": false, "Startup Cost": 3369348.63, "Total Cost": 3369348.63, "Plan Rows": 1, "Plan Width": 51, "Plans": [{"Node Type": "Sort", "Parent Relationship": "Outer", "Parallel Aware": false, "Startup Cost": 3369348.63, "Total Cost": 3369348.63, "Plan Rows": 1, "Plan Width": 51, "Sort Key": ["supplier.s_name"], "Plans": [{"Node Type": "Hash Join", "Parent Relationship": "Outer", "Parallel Aware": false, "Join Type": "Inner", "Startup Cost": 3365870.1, "Total Cost": 3369348.62, "Plan Rows": 1, "Plan Width": 51, "Inner Unique": true, "Hash Cond": "(supplier.s_nationkey = nation.n_nationkey)", "Plans": [{"Node Type": "Hash Join", "Parent Relationship": "Outer", "Parallel Aware": false, "Join Type": "Semi", "Startup Cost": 3365868.78, "Total Cost": 3369347.29, "Plan Rows": 1, "Plan Width": 55, "Inner Unique": false, "Hash Cond": "(supplier.s_suppkey = lineitem.l_suppkey)", "Plans": [{"Node Type": "Seq Scan", "Parent Relationship": "Outer", "Parallel Aware": false, "Relation Name": "supplier", "Alias": "supplier", "Startup Cost": 0.0, "Total Cost": 3216.0, "Plan Rows": 100000, "Plan Width": 59}, {"Node Type": "Hash", "Parent Relationship": "Inner", "Parallel Aware": false, "Startup Cost": 3365868.77, "Total Cost": 3365868.77, "Plan Rows": 1, "Plan Width": 8, "Plans": [{"Node Type": "Hash Join", "Parent Relationship": "Outer", "Parallel Aware": false, "Join Type": "Inner", "Startup Cost": 2026644.0, "Total Cost": 3365868.77, "Plan Rows": 1, "Plan Width": 8, "Inner Unique": false, "Hash Cond": "((lineitem.l_partkey = partsupp.ps_partkey) AND (lineitem.l_suppkey = partsupp.ps_suppkey))", "Join Filter": "((partsupp.ps_availqty)::numeric > ((0.5 * sum(lineitem.l_quantity))))", "Plans": [{"Node Type": "Aggregate", "Strategy": "Sorted", "Partial Mode": "Finalize", "Parent Relationship": "Outer", "Parallel Aware": false, "Startup Cost": 1758493.99, "Total Cost": 3013202.41, "Plan Rows": 4829503, "Plan Width": 40, "Group Key": ["lineitem.l_partkey", "lineitem.l_suppkey"], "Plans": [{"Node Type": "Gather Merge", "Parent Relationship": "Outer", "Parallel Aware": false, "Startup Cost": 1758493.99, "Total Cost": 2853184.61, "Plan Rows": 8757525, "Plan Width": 40, "Workers Planned": 3, "Plans": [{"Node Type": "Aggregate", "Strategy": "Sorted", "Partial Mode": "Partial", "Parent Relationship": "Outer", "Parallel Aware": false, "Startup Cost": 1757493.95, "Total Cost": 1823175.39, "Plan Rows": 2919175, "Plan Width": 40, "Group Key": ["lineitem.l_partkey", "lineitem.l_suppkey"], "Plans": [{"Node Type": "Sort", "Parent Relationship": "Outer", "Parallel Aware": false, "Startup Cost": 1757493.95, "Total Cost": 1764791.89, "Plan Rows": 2919175, "Plan Width": 13, "Sort Key": ["lineitem.l_partkey", "lineitem.l_suppkey"], "Plans": [{"Node Type": "Seq Scan", "Parent Relationship": "Outer", "Parallel Aware": true, "Relation Name": "lineitem", "Alias": "lineitem", "Startup Cost": 0.0, "Total Cost": 1414795.75, "Plan Rows": 2919175, "Plan Width": 13, "Filter": "((l_shipdate >= '1995-01-01'::date) AND (l_shipdate < '1996-01-01 00:00:00'::timestamp without time zone))"}]}]}]}]}, {"Node Type": "Hash", "Parent Relationship": "Inner", "Parallel Aware": false, "Startup Cost": 266707.21, "Total Cost": 266707.21, "Plan Rows": 96187, "Plan Width": 16, "Plans": [{"Node Type": "Gather", "Parent Relationship": "Outer", "Parallel Aware": false, "Startup Cost": 50123.48, "Total Cost": 266707.21, "Plan Rows": 96187, "Plan Width": 16, "Workers Planned": 3, "Single Copy": false, "Plans": [{"Node Type": "Hash Join", "Parent Relationship": "Outer", "Parallel Aware": true, "Join Type": "Inner", "Startup Cost": 49123.48, "Total Cost": 256088.51, "Plan Rows": 31028, "Plan Width": 16, "Inner Unique": true, "Hash Cond": "(partsupp.ps_partkey = part.p_partkey)", "Plans": [{"Node Type": "Seq Scan", "Parent Relationship": "Outer", "Parallel Aware": true, "Relation Name": "partsupp", "Alias": "partsupp", "Startup Cost": 0.0, "Total Cost": 200191.16, "Plan Rows": 2580516, "Plan Width": 12}, {"Node Type": "Hash", "Parent Relationship": "Inner", "Parallel Aware": true, "Startup Cost": 49026.52, "Total Cost": 49026.52, "Plan Rows": 7757, "Plan Width": 4, "Plans": [{"Node Type": "Seq Scan", "Parent Relationship": "Outer", "Parallel Aware": true, "Relation Name": "part", "Alias": "part", "Startup Cost": 0.0, "Total Cost": 49026.52, "Plan Rows": 7757, "Plan Width": 4, "Filter": "((p_name)::text ~~ 'plum%'::text)"}]}]}]}]}]}]}]}, {"Node Type": "Hash", "Parent Relationship": "Inner", "Parallel Aware": false, "Startup Cost": 1.31, "Total Cost": 1.31, "Plan Rows": 1, "Plan Width": 4, "Plans": [{"Node Type": "Seq Scan", "Parent Relationship": "Outer", "Parallel Aware": false, "Relation Name": "nation", "Alias": "nation", "Startup Cost": 0.0, "Total Cost": 1.31, "Plan Rows": 1, "Plan Width": 4, "Filter": "(n_name = 'ARGENTINA'::bpchar)"}]}]}]}]}}, {"Plan": {"Node Type": "Limit", "Parallel Aware": false, "Startup Cost": 3195308.06, "Total Cost": 3195308.07, "Plan Rows": 1, "Plan Width": 51, "Plans": [{"Node Type": "Sort", "Parent Relationship": "Outer", "Parallel Aware": false, "Startup Cost": 3195308.06, "Total Cost": 3195308.07, "Plan Rows": 1, "Plan Width": 51, "Sort Key": ["supplier.s_name"], "Plans": [{"Node Type": "Hash Join", "Parent Relationship": "Outer", "Parallel Aware": false, "Join Type": "Inner", "Startup Cost": 3191025.73, "Total Cost": 3195308.05, "Plan Rows": 1, "Plan Width": 51, "Inner Unique": true, "Hash Cond": "(supplier.s_nationkey = nation.n_nationkey)", "Plans": [{"Node Type": "Hash Join", "Parent Relationship": "Outer", "Parallel Aware": false, "Join Type": "Semi", "Startup Cost": 3191021.85, "Total Cost": 3195304.16, "Plan Rows": 1, "Plan Width": 55, "Inner Unique": false, "Hash Cond": "(supplier.s_suppkey = lineitem.l_suppkey)", "Plans": [{"Node Type": "Index Scan", "Parent Relationship": "Outer", "Parallel Aware": false, "Scan Direction": "Forward", "Index Name": "supplier_pkey", "Relation Name": "supplier", "Alias": "supplier", "Startup Cost": 0.29, "Total Cost": 4020.1, "Plan Rows": 100000, "Plan Width": 59}, {"Node Type": "Hash", "Parent Relationship": "Inner", "Parallel Aware": false, "Startup Cost": 3191021.54, "Total Cost": 3191021.54, "Plan Rows": 1, "Plan Width": 8, "Plans": [{"Node Type": "Hash Join", "Parent Relationship": "Outer", "Parallel Aware": false, "Join Type": "Inner", "Startup Cost": 348333.64, "Total Cost": 3191021.54, "Plan Rows": 1, "Plan Width": 8, "Inner Unique": false, "Hash Cond": "((lineitem.l_partkey = partsupp.ps_partkey) AND (lineitem.l_suppkey = partsupp.ps_suppkey))", "Join Filter": "((partsupp.ps_availqty)::numeric > ((0.5 * sum(lineitem.l_quantity))))", "Plans": [{"Node Type": "Aggregate", "Strategy": "Sorted", "Partial Mode": "Simple", "Parent Relationship": "Outer", "Parallel Aware": false, "Startup Cost": 0.56, "Total Cost": 2758172.12, "Plan Rows": 4829503, "Plan Width": 40, "Group Key": ["lineitem.l_partkey", "lineitem.l_suppkey"], "Plans": [{"Node Type": "Index Scan", "Parent Relationship": "Outer", "Parallel Aware": false, "Scan Direction": "Forward", "Index Name": "idx_lineitem_part_supp", "Relation Name": "lineitem", "Alias": "lineitem", "Startup Cost": 0.56, "Total Cost": 2617858.75, "Plan Rows": 9049443, "Plan Width": 13, "Filter": "((l_shipdate >= '1995-01-01'::date) AND (l_shipdate < '1996-01-01 00:00:00'::timestamp without time zone))"}]}, {"Node Type": "Hash", "Parent Relationship": "Inner", "Parallel Aware": false, "Startup Cost": 346890.27, "Total Cost": 346890.27, "Plan Rows": 96187, "Plan Width": 16, "Plans": [{"Node Type": "Gather", "Parent Relationship": "Outer", "Parallel Aware": false, "Startup Cost": 66160.14, "Total Cost": 346890.27, "Plan Rows": 96187, "Plan Width": 16, "Workers Planned": 3, "Single Copy": false, "Plans": [{"Node Type": "Hash Join", "Parent Relationship": "Outer", "Parallel Aware": true, "Join Type": "Inner", "Startup Cost": 65160.14, "Total Cost": 336271.57, "Plan Rows": 31028, "Plan Width": 16, "Inner Unique": true, "Hash Cond": "(partsupp.ps_partkey = part.p_partkey)", "Plans": [{"Node Type": "Index Scan", "Parent Relationship": "Outer", "Parallel Aware": true, "Scan Direction": "Forward", "Index Name": "idx_partsupp_partkey", "Relation Name": "partsupp", "Alias": "partsupp", "Startup Cost": 0.43, "Total Cost": 264338.0, "Plan Rows": 2580516, "Plan Width": 12}, {"Node Type": "Hash", "Parent Relationship": "Inner", "Parallel Aware": true, "Startup Cost": 65062.74, "Total Cost": 65062.74, "Plan Rows": 7757, "Plan Width": 4, "Plans": [{"Node Type": "Index Scan", "Parent Relationship": "Outer", "Parallel Aware": true, "Scan Direction": "Forward", "Index Name": "part_pkey", "Relation Name": "part", "Alias": "part", "Startup Cost": 0.43, "Total Cost": 65062.74, "Plan Rows": 7757, "Plan Width": 4, "Filter": "((p_name)::text ~~ 'plum%'::text)"}]}]}]}]}]}]}]}, {"Node Type": "Hash", "Parent Relationship": "Inner", "Parallel Aware": false, "Startup Cost": 3.88, "Total Cost": 3.88, "Plan Rows": 1, "Plan Width": 4, "Plans": [{"Node Type": "Index Scan", "Parent Relationship": "Outer", "Parallel Aware": false, "Scan Direction": "Forward", "Index Name": "nation_pkey", "Relation Name": "nation", "Alias": "nation", "Startup Cost": 0.14, "Total Cost": 3.88, "Plan Rows": 1, "Plan Width": 4, "Filter": "(n_name = 'ARGENTINA'::bpchar)"}]}]}]}]}}, {"Plan": {"Node Type": "Limit", "Parallel Aware": false, "Startup Cost": 3178641.6, "Total Cost": 3178641.61, "Plan Rows": 1, "Plan Width": 51, "Plans": [{"Node Type": "Sort", "Parent Relationship": "Outer", "Parallel Aware": false, "Startup Cost": 3178641.6, "Total Cost": 3178641.61, "Plan Rows": 1, "Plan Width": 51, "Sort Key": ["supplier.s_name"], "Plans": [{"Node Type": "Hash Join", "Parent Relationship": "Outer", "Parallel Aware": false, "Join Type": "Inner", "Startup Cost": 3174879.03, "Total Cost": 3178641.59, "Plan Rows": 1, "Plan Width": 51, "Inner Unique": true, "Hash Cond": "(supplier.s_nationkey = nation.n_nationkey)", "Plans": [{"Node Type": "Gather", "Parent Relationship": "Outer", "Parallel Aware": false, "Startup Cost": 3174875.14, "Total Cost": 3178637.7, "Plan Rows": 1, "Plan Width": 55, "Workers Planned": 1, "Single Copy": false, "Plans": [{"Node Type": "Hash Join", "Parent Relationship": "Outer", "Parallel Aware": true, "Join Type": "Semi", "Startup Cost": 3173875.14, "Total Cost": 3177637.6, "Plan Rows": 1, "Plan Width": 55, "Inner Unique": false, "Hash Cond": "(supplier.s_suppkey = lineitem.l_suppkey)", "Plans": [{"Node Type": "Index Scan", "Parent Relationship": "Outer", "Parallel Aware": true, "Scan Direction": "Forward", "Index Name": "supplier_pkey", "Relation Name": "supplier", "Alias": "supplier", "Startup Cost": 0.29, "Total Cost": 3608.33, "Plan Rows": 58824, "Plan Width": 59}, {"Node Type": "Hash", "Parent Relationship": "Inner", "Parallel Aware": true, "Startup Cost": 3173874.83, "Total Cost": 3173874.83, "Plan Rows": 1, "Plan Width": 8, "Plans": [{"Node Type": "Merge Join", "Parent Relationship": "Outer", "Parallel Aware": false, "Join Type": "Inner", "Startup Cost": 1.42, "Total Cost": 3173874.83, "Plan Rows": 1, "Plan Width": 8, "Inner Unique": false, "Merge Cond": "(partsupp.ps_partkey = lineitem.l_partkey)", "Join Filter": "((lineitem.l_suppkey = partsupp.ps_suppkey) AND ((partsupp.ps_availqty)::numeric > ((0.5 * sum(lineitem.l_quantity)))))", "Plans": [{"Node Type": "Index Scan", "Parent Relationship": "Outer", "Parallel Aware": true, "Scan Direction": "Forward", "Index Name": "idx_partsupp_partkey", "Relation Name": "partsupp", "Alias": "partsupp", "Startup Cost": 0.43, "Total Cost": 264338.0, "Plan Rows": 2580516, "Plan Width": 12}, {"Node Type": "Materialize", "Parent Relationship": "Inner", "Parallel Aware": false, "Startup Cost": 0.99, "Total Cost": 2901325.13, "Plan Rows": 58070, "Plan Width": 44, "Plans": [{"Node Type": "Merge Join", "Parent Relationship": "Outer", "Parallel Aware": false, "Join Type": "Inner", "Startup Cost": 0.99, "Total Cost": 2901179.95, "Plan Rows": 58070, "Plan Width": 44, "Inner Unique": true, "Merge Cond": "(lineitem.l_partkey = part.p_partkey)", "Plans": [{"Node Type": "Aggregate", "Strategy": "Sorted", "Partial Mode": "Simple", "Parent Relationship": "Outer", "Parallel Aware": false, "Startup Cost": 0.56, "Total Cost": 2758172.12, "Plan Rows": 4829503, "Plan Width": 40, "Group Key": ["lineitem.l_partkey", "lineitem.l_suppkey"], "Plans": [{"Node Type": "Index Scan", "Parent Relationship": "Outer", "Parallel Aware": false, "Scan Direction": "Forward", "Index Name": "idx_lineitem_part_supp", "Relation Name": "lineitem", "Alias": "lineitem", "Startup Cost": 0.56, "Total Cost": 2617858.75, "Plan Rows": 9049443, "Plan Width": 13, "Filter": "((l_shipdate >= '1995-01-01'::date) AND (l_shipdate < '1996-01-01 00:00:00'::timestamp without time zone))"}]}, {"Node Type": "Index Scan", "Parent Relationship": "Inner", "Parallel Aware": false, "Scan Direction": "Forward", "Index Name": "part_pkey", "Relation Name": "part", "Alias": "part", "Startup Cost": 0.43, "Total Cost": 81998.23, "Plan Rows": 24048, "Plan Width": 4, "Filter": "((p_name)::text ~~ 'plum%'::text)"}]}]}]}]}]}]}, {"Node Type": "Hash", "Parent Relationship": "Inner", "Parallel Aware": false, "Startup Cost": 3.88, "Total Cost": 3.88, "Plan Rows": 1, "Plan Width": 4, "Plans": [{"Node Type": "Index Scan", "Parent Relationship": "Outer", "Parallel Aware": false, "Scan Direction": "Forward", "Index Name": "nation_pkey", "Relation Name": "nation", "Alias": "nation", "Startup Cost": 0.14, "Total Cost": 3.88, "Plan Rows": 1, "Plan Width": 4, "Filter": "(n_name = 'ARGENTINA'::bpchar)"}]}]}]}]}}, {"Plan": {"Node Type": "Limit", "Parallel Aware": false, "Startup Cost": 2936258.31, "Total Cost": 2936258.32, "Plan Rows": 1, "Plan Width": 51, "Plans": [{"Node Type": "Sort", "Parent Relationship": "Outer", "Parallel Aware": false, "Startup Cost": 2936258.31, "Total Cost": 2936258.32, "Plan Rows": 1, "Plan Width": 51, "Sort Key": ["supplier.s_name"], "Plans": [{"Node Type": "Nested Loop", "Parent Relationship": "Outer", "Parallel Aware": false, "Join Type": "Semi", "Startup Cost": 1.85, "Total Cost": 2936258.3, "Plan Rows": 1, "Plan Width": 51, "Inner Unique": false, "Join Filter": "(supplier.s_suppkey = lineitem.l_suppkey)", "Plans": [{"Node Type": "Nested Loop", "Parent Relationship": "Outer", "Parallel Aware": false, "Join Type": "Inner", "Startup Cost": 0.43, "Total Cost": 5273.97, "Plan Rows": 4000, "Plan Width": 55, "Inner Unique": false, "Join Filter": "(supplier.s_nationkey = nation.n_nationkey)", "Plans": [{"Node Type": "Index Scan", "Parent Relationship": "Outer", "Parallel Aware": false, "Scan Direction": "Forward", "Index Name": "nation_pkey", "Relation Name": "nation", "Alias": "nation", "Startup Cost": 0.14, "Total Cost": 3.88, "Plan Rows": 1, "Plan Width": 4, "Filter": "(n_name = 'ARGENTINA'::bpchar)"}, {"Node Type": "Index Scan", "Parent Relationship": "Inner", "Parallel Aware": false, "Scan Direction": "Forward", "Index Name": "supplier_pkey", "Relation Name": "supplier", "Alias": "supplier", "Startup Cost": 0.29, "Total Cost": 4020.1, "Plan Rows": 100000, "Plan Width": 59}]}, {"Node Type": "Materialize", "Parent Relationship": "Inner", "Parallel Aware": false, "Startup Cost": 1.42, "Total Cost": 2930924.33, "Plan Rows": 1, "Plan Width": 8, "Plans": [{"Node Type": "Nested Loop", "Parent Relationship": "Outer", "Parallel Aware": false, "Join Type": "Inner", "Startup Cost": 1.42, "Total Cost": 2930924.33, "Plan Rows": 1, "Plan Width": 8, "Inner Unique": true, "Plans": [{"Node Type": "Merge Join", "Parent Relationship": "Outer", "Parallel Aware": false, "Join Type": "Inner", "Startup Cost": 0.99, "Total Cost": 2901179.95, "Plan Rows": 58070, "Plan Width": 44, "Inner Unique": true, "Merge Cond": "(lineitem.l_partkey = part.p_partkey)", "Plans": [{"Node Type": "Aggregate", "Strategy": "Sorted", "Partial Mode": "Simple", "Parent Relationship": "Outer", "Parallel Aware": false, "Startup Cost": 0.56, "Total Cost": 2758172.12, "Plan Rows": 4829503, "Plan Width": 40, "Group Key": ["lineitem.l_partkey", "lineitem.l_suppkey"], "Plans": [{"Node Type": "Index Scan", "Parent Relationship": "Outer", "Parallel Aware": false, "Scan Direction": "Forward", "Index Name": "idx_lineitem_part_supp", "Relation Name": "lineitem", "Alias": "lineitem", "Startup Cost": 0.56, "Total Cost": 2617858.75, "Plan Rows": 9049443, "Plan Width": 13, "Filter": "((l_shipdate >= '1995-01-01'::date) AND (l_shipdate < '1996-01-01 00:00:00'::timestamp without time zone))"}]}, {"Node Type": "Index Scan", "Parent Relationship": "Inner", "Parallel Aware": false, "Scan Direction": "Forward", "Index Name": "part_pkey", "Relation Name": "part", "Alias": "part", "Startup Cost": 0.43, "Total Cost": 81998.23, "Plan Rows": 24048, "Plan Width": 4, "Filter": "((p_name)::text ~~ 'plum%'::text)"}]}, {"Node Type": "Index Scan", "Parent Relationship": "Inner", "Parallel Aware": false, "Scan Direction": "Forward", "Index Name": "partsupp_pkey", "Relation Name": "partsupp", "Alias": "partsupp", "Startup Cost": 0.43, "Total Cost": 0.5, "Plan Rows": 1, "Plan Width": 12, "Index Cond": "((ps_partkey = lineitem.l_partkey) AND (ps_suppkey = lineitem.l_suppkey))", "Filter": "((ps_availqty)::numeric > ((0.5 * sum(lineitem.l_quantity))))"}]}]}]}]}]}}, {"Plan": {"Node Type": "Limit", "Parallel Aware": false, "Startup Cost": 2893922.12, "Total Cost": 2893922.24, "Plan Rows": 1, "Plan Width": 51, "Plans": [{"Node Type": "Gather Merge", "Parent Relationship": "Outer", "Parallel Aware": false, "Startup Cost": 2893922.12, "Total Cost": 2893922.24, "Plan Rows": 1, "Plan Width": 51, "Workers Planned": 1, "Plans": [{"Node Type": "Sort", "Parent Relationship": "Outer", "Parallel Aware": false, "Startup Cost": 2892922.11, "Total Cost": 2892922.12, "Plan Rows": 1, "Plan Width": 51, "Sort Key": ["supplier.s_name"], "Plans": [{"Node Type": "Nested Loop", "Parent Relationship": "Outer", "Parallel Aware": false, "Join Type": "Inner", "Startup Cost": 2889963.4, "Total Cost": 2892922.1, "Plan Rows": 1, "Plan Width": 51, "Inner Unique": true, "Plans": [{"Node Type": "Hash Join", "Parent Relationship": "Outer", "Parallel Aware": true, "Join Type": "Semi", "Startup Cost": 2889963.27, "Total Cost": 2892921.93, "Plan Rows": 1, "Plan Width": 55, "Inner Unique": false, "Hash Cond": "(supplier.s_suppkey = lineitem.l_suppkey)", "Plans": [{"Node Type": "Seq Scan", "Parent Relationship": "Outer", "Parallel Aware": true, "Relation Name": "supplier", "Alias": "supplier", "Startup Cost": 0.0, "Total Cost": 2804.24, "Plan Rows": 58824, "Plan Width": 59}, {"Node Type": "Hash", "Parent Relationship": "Inner", "Parallel Aware": true, "Startup Cost": 2889963.25, "Total Cost": 2889963.25, "Plan Rows": 1, "Plan Width": 8, "Plans": [{"Node Type": "Nested Loop", "Parent Relationship": "Outer", "Parallel Aware": false, "Join Type": "Inner", "Startup Cost": 49528.67, "Total Cost": 2889963.25, "Plan Rows": 1, "Plan Width": 8, "Inner Unique": true, "Plans": [{"Node Type": "Merge Join", "Parent Relationship": "Outer", "Parallel Aware": false, "Join Type": "Inner", "Startup Cost": 49528.23, "Total Cost": 2880368.43, "Plan Rows": 18732, "Plan Width": 44, "Inner Unique": false, "Merge Cond": "(part.p_partkey = lineitem.l_partkey)", "Plans": [{"Node Type": "Sort", "Parent Relationship": "Outer", "Parallel Aware": false, "Startup Cost": 49527.67, "Total Cost": 49547.06, "Plan Rows": 7757, "Plan Width": 4, "Sort Key": ["part.p_partkey"], "Plans": [{"Node Type": "Seq Scan", "Parent Relationship": "Outer", "Parallel Aware": true, "Relation Name": "part", "Alias": "part", "Startup Cost": 0.0, "Total Cost": 49026.52, "Plan Rows": 7757, "Plan Width": 4, "Filter": "((p_name)::text ~~ 'plum%'::text)"}]}, {"Node Type": "Materialize", "Parent Relationship": "Inner", "Parallel Aware": false, "Startup Cost": 0.56, "Total Cost": 2818540.91, "Plan Rows": 4829503, "Plan Width": 40, "Plans": [{"Node Type": "Aggregate", "Strategy": "Sorted", "Partial Mode": "Simple", "Parent Relationship": "Outer", "Parallel Aware": false, "Startup Cost": 0.56, "Total Cost": 2758172.12, "Plan Rows": 4829503, "Plan Width": 40, "Group Key": ["lineitem.l_partkey", "lineitem.l_suppkey"], "Plans": [{"Node Type": "Index Scan", "Parent Relationship": "Outer", "Parallel Aware": false, "Scan Direction": "Forward", "Index Name": "idx_lineitem_part_supp", "Relation Name": "lineitem", "Alias": "lineitem", "Startup Cost": 0.56, "Total Cost": 2617858.75, "Plan Rows": 9049443, "Plan Width": 13, "Filter": "((l_shipdate >= '1995-01-01'::date) AND (l_shipdate < '1996-01-01 00:00:00'::timestamp without time zone))"}]}]}]}, {"Node Type": "Index Scan", "Parent Relationship": "Inner", "Parallel Aware": false, "Scan Direction": "Forward", "Index Name": "partsupp_pkey", "Relation Name": "partsupp", "Alias": "partsupp", "Startup Cost": 0.43, "Total Cost": 0.5, "Plan Rows": 1, "Plan Width": 12, "Index Cond": "((ps_partkey = lineitem.l_partkey) AND (ps_suppkey = lineitem.l_suppkey))", "Filter": "((ps_availqty)::numeric > ((0.5 * sum(lineitem.l_quantity))))"}]}]}]}, {"Node Type": "Index Scan", "Parent Relationship": "Inner", "Parallel Aware": false, "Scan Direction": "Forward", "Index Name": "nation_pkey", "Relation Name": "nation", "Alias": "nation", "Startup Cost": 0.14, "Total Cost": 0.16, "Plan Rows": 1, "Plan Width": 4, "Index Cond": "(n_nationkey = supplier.s_nationkey)", "Filter": "(n_name = 'ARGENTINA'::bpchar)"}]}]}]}]}}, {"Plan": {"Node Type": "Limit", "Parallel Aware": false, "Startup Cost": 3105284.65, "Total Cost": 3105284.65, "Plan Rows": 1, "Plan Width": 51, "Plans": [{"Node Type": "Sort", "Parent Relationship": "Outer", "Parallel Aware": false, "Startup Cost": 3105284.65, "Total Cost": 3105284.65, "Plan Rows": 1, "Plan Width": 51, "Sort Key": ["supplier.s_name"], "Plans": [{"Node Type": "Hash Join", "Parent Relationship": "Outer", "Parallel Aware": false, "Join Type": "Inner", "Startup Cost": 3102325.88, "Total Cost": 3105284.64, "Plan Rows": 1, "Plan Width": 51, "Inner Unique": true, "Hash Cond": "(supplier.s_nationkey = nation.n_nationkey)", "Plans": [{"Node Type": "Gather", "Parent Relationship": "Outer", "Parallel Aware": false, "Startup Cost": 3102324.55, "Total Cost": 3105283.31, "Plan Rows": 1, "Plan Width": 55, "Workers Planned": 1, "Single Copy": false, "Plans": [{"Node Type": "Hash Join", "Parent Relationship": "Outer", "Parallel Aware": true, "Join Type": "Semi", "Startup Cost": 3101324.55, "Total Cost": 3104283.21, "Plan Rows": 1, "Plan Width": 55, "Inner Unique": false, "Hash Cond": "(supplier.s_suppkey = lineitem.l_suppkey)", "Plans": [{"Node Type": "Seq Scan", "Parent Relationship": "Outer", "Parallel Aware": true, "Relation Name": "supplier", "Alias": "supplier", "Startup Cost": 0.0, "Total Cost": 2804.24, "Plan Rows": 58824, "Plan Width": 59}, {"Node Type": "Hash", "Parent Relationship": "Inner", "Parallel Aware": true, "Startup Cost": 3101324.54, "Total Cost": 3101324.54, "Plan Rows": 1, "Plan Width": 8, "Plans": [{"Node Type": "Merge Join", "Parent Relationship": "Outer", "Parallel Aware": false, "Join Type": "Inner", "Startup Cost": 258403.96, "Total Cost": 3101324.54, "Plan Rows": 1, "Plan Width": 8, "Inner Unique": true, "Merge Cond": "((partsupp.ps_partkey = lineitem.l_partkey) AND (partsupp.ps_suppkey = lineitem.l_suppkey))", "Join Filter": "((partsupp.ps_availqty)::numeric > ((0.5 * sum(lineitem.l_quantity))))", "Plans": [{"Node Type": "Sort", "Parent Relationship": "Outer", "Parallel Aware": false, "Startup Cost": 258403.39, "Total Cost": 258480.96, "Plan Rows": 31028, "Plan Width": 16, "Sort Key": ["partsupp.ps_partkey", "partsupp.ps_suppkey"], "Plans": [{"Node Type": "Hash Join", "Parent Relationship": "Outer", "Parallel Aware": true, "Join Type": "Inner", "Startup Cost": 49123.48, "Total Cost": 256088.51, "Plan Rows": 31028, "Plan Width": 16, "Inner Unique": true, "Hash Cond": "(partsupp.ps_partkey = part.p_partkey)", "Plans": [{"Node Type": "Seq Scan", "Parent Relationship": "Outer", "Parallel Aware": true, "Relation Name": "partsupp", "Alias": "partsupp", "Startup Cost": 0.0, "Total Cost": 200191.16, "Plan Rows": 2580516, "Plan Width": 12}, {"Node Type": "Hash", "Parent Relationship": "Inner", "Parallel Aware": true, "Startup Cost": 49026.52, "Total Cost": 49026.52, "Plan Rows": 7757, "Plan Width": 4, "Plans": [{"Node Type": "Seq Scan", "Parent Relationship": "Outer", "Parallel Aware": true, "Relation Name": "part", "Alias": "part", "Startup Cost": 0.0, "Total Cost": 49026.52, "Plan Rows": 7757, "Plan Width": 4, "Filter": "((p_name)::text ~~ 'plum%'::text)"}]}]}]}, {"Node Type": "Materialize", "Parent Relationship": "Inner", "Parallel Aware": false, "Startup Cost": 0.56, "Total Cost": 2818540.91, "Plan Rows": 4829503, "Plan Width": 40, "Plans": [{"Node Type": "Aggregate", "Strategy": "Sorted", "Partial Mode": "Simple", "Parent Relationship": "Outer", "Parallel Aware": false, "Startup Cost": 0.56, "Total Cost": 2758172.12, "Plan Rows": 4829503, "Plan Width": 40, "Group Key": ["lineitem.l_partkey", "lineitem.l_suppkey"], "Plans": [{"Node Type": "Index Scan", "Parent Relationship": "Outer", "Parallel Aware": false, "Scan Direction": "Forward", "Index Name": "idx_lineitem_part_supp", "Relation Name": "lineitem", "Alias": "lineitem", "Startup Cost": 0.56, "Total Cost": 2617858.75, "Plan Rows": 9049443, "Plan Width": 13, "Filter": "((l_shipdate >= '1995-01-01'::date) AND (l_shipdate < '1996-01-01 00:00:00'::timestamp without time zone))"}]}]}]}]}]}]}, {"Node Type": "Hash", "Parent Relationship": "Inner", "Parallel Aware": false, "Startup Cost": 1.31, "Total Cost": 1.31, "Plan Rows": 1, "Plan Width": 4, "Plans": [{"Node Type": "Seq Scan", "Parent Relationship": "Outer", "Parallel Aware": false, "Relation Name": "nation", "Alias": "nation", "Startup Cost": 0.0, "Total Cost": 1.31, "Plan Rows": 1, "Plan Width": 4, "Filter": "(n_name = 'ARGENTINA'::bpchar)"}]}]}]}]}}, {"Plan": {"Node Type": "Limit", "Parallel Aware": false, "Startup Cost": 2923412.0, "Total Cost": 2923412.0, "Plan Rows": 1, "Plan Width": 51, "Plans": [{"Node Type": "Sort", "Parent Relationship": "Outer", "Parallel Aware": false, "Startup Cost": 2923412.0, "Total Cost": 2923412.0, "Plan Rows": 1, "Plan Width": 51, "Sort Key": ["supplier.s_name"], "Plans": [{"Node Type": "Nested Loop", "Parent Relationship": "Outer", "Parallel Aware": false, "Join Type": "Semi", "Startup Cost": 69190.45, "Total Cost": 2923411.99, "Plan Rows": 1, "Plan Width": 51, "Inner Unique": false, "Join Filter": "(supplier.s_suppkey = lineitem.l_suppkey)", "Plans": [{"Node Type": "Nested Loop", "Parent Relationship": "Outer", "Parallel Aware": false, "Join Type": "Inner", "Startup Cost": 0.43, "Total Cost": 5273.97, "Plan Rows": 4000, "Plan Width": 55, "Inner Unique": false, "Join Filter": "(supplier.s_nationkey = nation.n_nationkey)", "Plans": [{"Node Type": "Index Scan", "Parent Relationship": "Outer", "Parallel Aware": false, "Scan Direction": "Forward", "Index Name": "nation_pkey", "Relation Name": "nation", "Alias": "nation", "Startup Cost": 0.14, "Total Cost": 3.88, "Plan Rows": 1, "Plan Width": 4, "Filter": "(n_name = 'ARGENTINA'::bpchar)"}, {"Node Type": "Index Scan", "Parent Relationship": "Inner", "Parallel Aware": false, "Scan Direction": "Forward", "Index Name": "supplier_pkey", "Relation Name": "supplier", "Alias": "supplier", "Startup Cost": 0.29, "Total Cost": 4020.1, "Plan Rows": 100000, "Plan Width": 59}]}, {"Node Type": "Materialize", "Parent Relationship": "Inner", "Parallel Aware": false, "Startup Cost": 69190.02, "Total Cost": 2918078.02, "Plan Rows": 1, "Plan Width": 8, "Plans": [{"Node Type": "Nested Loop", "Parent Relationship": "Outer", "Parallel Aware": false, "Join Type": "Inner", "Startup Cost": 69190.02, "Total Cost": 2918078.01, "Plan Rows": 1, "Plan Width": 8, "Inner Unique": true, "Plans": [{"Node Type": "Hash Join", "Parent Relationship": "Outer", "Parallel Aware": false, "Join Type": "Inner", "Startup Cost": 69189.59, "Total Cost": 2888333.64, "Plan Rows": 58070, "Plan Width": 44, "Inner Unique": true, "Hash Cond": "(lineitem.l_partkey = part.p_partkey)", "Plans": [{"Node Type": "Aggregate", "Strategy": "Sorted", "Partial Mode": "Simple", "Parent Relationship": "Outer", "Parallel Aware": false, "Startup Cost": 0.56, "Total Cost": 2758172.12, "Plan Rows": 4829503, "Plan Width": 40, "Group Key": ["lineitem.l_partkey", "lineitem.l_suppkey"], "Plans": [{"Node Type": "Index Scan", "Parent Relationship": "Outer", "Parallel Aware": false, "Scan Direction": "Forward", "Index Name": "idx_lineitem_part_supp", "Relation Name": "lineitem", "Alias": "lineitem", "Startup Cost": 0.56, "Total Cost": 2617858.75, "Plan Rows": 9049443, "Plan Width": 13, "Filter": "((l_shipdate >= '1995-01-01'::date) AND (l_shipdate < '1996-01-01 00:00:00'::timestamp without time zone))"}]}, {"Node Type": "Hash", "Parent Relationship": "Inner", "Parallel Aware": false, "Startup Cost": 68888.42, "Total Cost": 68888.42, "Plan Rows": 24048, "Plan Width": 4, "Plans": [{"Node Type": "Gather Merge", "Parent Relationship": "Outer", "Parallel Aware": false, "Startup Cost": 1000.47, "Total Cost": 68888.42, "Plan Rows": 24048, "Plan Width": 4, "Workers Planned": 3, "Plans": [{"Node Type": "Index Scan", "Parent Relationship": "Outer", "Parallel Aware": true, "Scan Direction": "Forward", "Index Name": "part_pkey", "Relation Name": "part", "Alias": "part", "Startup Cost": 0.43, "Total Cost": 65062.74, "Plan Rows": 7757, "Plan Width": 4, "Filter": "((p_name)::text ~~ 'plum%'::text)"}]}]}]}, {"Node Type": "Index Scan", "Parent Relationship": "Inner", "Parallel Aware": false, "Scan Direction": "Forward", "Index Name": "partsupp_pkey", "Relation Name": "partsupp", "Alias": "partsupp", "Startup Cost": 0.43, "Total Cost": 0.5, "Plan Rows": 1, "Plan Width": 12, "Index Cond": "((ps_partkey = lineitem.l_partkey) AND (ps_suppkey = lineitem.l_suppkey))", "Filter": "((ps_availqty)::numeric > ((0.5 * sum(lineitem.l_quantity))))"}]}]}]}]}]}}, {"Plan": {"Node Type": "Limit", "Parallel Aware": false, "Startup Cost": 2906148.23, "Total Cost": 2906148.24, "Plan Rows": 1, "Plan Width": 51, "Plans": [{"Node Type": "Sort", "Parent Relationship": "Outer", "Parallel Aware": false, "Startup Cost": 2906148.23, "Total Cost": 2906148.24, "Plan Rows": 1, "Plan Width": 51, "Sort Key": ["supplier.s_name"], "Plans": [{"Node Type": "Nested Loop", "Parent Relationship": "Outer", "Parallel Aware": false, "Join Type": "Semi", "Startup Cost": 52732.91, "Total Cost": 2906148.22, "Plan Rows": 1, "Plan Width": 51, "Inner Unique": false, "Join Filter": "(supplier.s_suppkey = lineitem.l_suppkey)", "Plans": [{"Node Type": "Nested Loop", "Parent Relationship": "Outer", "Parallel Aware": false, "Join Type": "Inner", "Startup Cost": 0.0, "Total Cost": 4467.31, "Plan Rows": 4000, "Plan Width": 55, "Inner Unique": false, "Join Filter": "(supplier.s_nationkey = nation.n_nationkey)", "Plans": [{"Node Type": "Seq Scan", "Parent Relationship": "Outer", "Parallel Aware": false, "Relation Name": "nation", "Alias": "nation", "Startup Cost": 0.0, "Total Cost": 1.31, "Plan Rows": 1, "Plan Width": 4, "Filter": "(n_name = 'ARGENTINA'::bpchar)"}, {"Node Type": "Seq Scan", "Parent Relationship": "Inner", "Parallel Aware": false, "Relation Name": "supplier", "Alias": "supplier", "Startup Cost": 0.0, "Total Cost": 3216.0, "Plan Rows": 100000, "Plan Width": 59}]}, {"Node Type": "Materialize", "Parent Relationship": "Inner", "Parallel Aware": false, "Startup Cost": 52732.91, "Total Cost": 2901620.91, "Plan Rows": 1, "Plan Width": 8, "Plans": [{"Node Type": "Nested Loop", "Parent Relationship": "Outer", "Parallel Aware": false, "Join Type": "Inner", "Startup Cost": 52732.91, "Total Cost": 2901620.91, "Plan Rows": 1, "Plan Width": 8, "Inner Unique": true, "Plans": [{"Node Type": "Hash Join", "Parent Relationship": "Outer", "Parallel Aware": false, "Join Type": "Inner", "Startup Cost": 52732.48, "Total Cost": 2871876.53, "Plan Rows": 58070, "Plan Width": 44, "Inner Unique": true, "Hash Cond": "(lineitem.l_partkey = part.p_partkey)", "Plans": [{"Node Type": "Aggregate", "Strategy": "Sorted", "Partial Mode": "Simple", "Parent Relationship": "Outer", "Parallel Aware": false, "Startup Cost": 0.56, "Total Cost": 2758172.12, "Plan Rows": 4829503, "Plan Width": 40, "Group Key": ["lineitem.l_partkey", "lineitem.l_suppkey"], "Plans": [{"Node Type": "Index Scan", "Parent Relationship": "Outer", "Parallel Aware": false, "Scan Direction": "Forward", "Index Name": "idx_lineitem_part_supp", "Relation Name": "lineitem", "Alias": "lineitem", "Startup Cost": 0.56, "Total Cost": 2617858.75, "Plan Rows": 9049443, "Plan Width": 13, "Filter": "((l_shipdate >= '1995-01-01'::date) AND (l_shipdate < '1996-01-01 00:00:00'::timestamp without time zone))"}]}, {"Node Type": "Hash", "Parent Relationship": "Inner", "Parallel Aware": false, "Startup Cost": 52431.32, "Total Cost": 52431.32, "Plan Rows": 24048, "Plan Width": 4, "Plans": [{"Node Type": "Gather", "Parent Relationship": "Outer", "Parallel Aware": false, "Startup Cost": 1000.0, "Total Cost": 52431.32, "Plan Rows": 24048, "Plan Width": 4, "Workers Planned": 3, "Single Copy": false, "Plans": [{"Node Type": "Seq Scan", "Parent Relationship": "Outer", "Parallel Aware": true, "Relation Name": "part", "Alias": "part", "Startup Cost": 0.0, "Total Cost": 49026.52, "Plan Rows": 7757, "Plan Width": 4, "Filter": "((p_name)::text ~~ 'plum%'::text)"}]}]}]}, {"Node Type": "Index Scan", "Parent Relationship": "Inner", "Parallel Aware": false, "Scan Direction": "Forward", "Index Name": "partsupp_pkey", "Relation Name": "partsupp", "Alias": "partsupp", "Startup Cost": 0.43, "Total Cost": 0.5, "Plan Rows": 1, "Plan Width": 12, "Index Cond": "((ps_partkey = lineitem.l_partkey) AND (ps_suppkey = lineitem.l_suppkey))", "Filter": "((ps_availqty)::numeric > ((0.5 * sum(lineitem.l_quantity))))"}]}]}]}]}]}}, {"Plan": {"Node Type": "Limit", "Parallel Aware": false, "Startup Cost": 3114318.34, "Total Cost": 3114318.34, "Plan Rows": 1, "Plan Width": 51, "Plans": [{"Node Type": "Sort", "Parent Relationship": "Outer", "Parallel Aware": false, "Startup Cost": 3114318.34, "Total Cost": 3114318.34, "Plan Rows": 1, "Plan Width": 51, "Sort Key": ["supplier.s_name"], "Plans": [{"Node Type": "Hash Join", "Parent Relationship": "Outer", "Parallel Aware": false, "Join Type": "Inner", "Startup Cost": 3110839.81, "Total Cost": 3114318.33, "Plan Rows": 1, "Plan Width": 51, "Inner Unique": true, "Hash Cond": "(supplier.s_nationkey = nation.n_nationkey)", "Plans": [{"Node Type": "Hash Join", "Parent Relationship": "Outer", "Parallel Aware": false, "Join Type": "Semi", "Startup Cost": 3110838.49, "Total Cost": 3114317.0, "Plan Rows": 1, "Plan Width": 55, "Inner Unique": false, "Hash Cond": "(supplier.s_suppkey = lineitem.l_suppkey)", "Plans": [{"Node Type": "Seq Scan", "Parent Relationship": "Outer", "Parallel Aware": false, "Relation Name": "supplier", "Alias": "supplier", "Startup Cost": 0.0, "Total Cost": 3216.0, "Plan Rows": 100000, "Plan Width": 59}, {"Node Type": "Hash", "Parent Relationship": "Inner", "Parallel Aware": false, "Startup Cost": 3110838.48, "Total Cost": 3110838.48, "Plan Rows": 1, "Plan Width": 8, "Plans": [{"Node Type": "Hash Join", "Parent Relationship": "Outer", "Parallel Aware": false, "Join Type": "Inner", "Startup Cost": 268150.58, "Total Cost": 3110838.48, "Plan Rows": 1, "Plan Width": 8, "Inner Unique": false, "Hash Cond": "((lineitem.l_partkey = partsupp.ps_partkey) AND (lineitem.l_suppkey = partsupp.ps_suppkey))", "Join Filter": "((partsupp.ps_availqty)::numeric > ((0.5 * sum(lineitem.l_quantity))))", "Plans": [{"Node Type": "Aggregate", "Strategy": "Sorted", "Partial Mode": "Simple", "Parent Relationship": "Outer", "Parallel Aware": false, "Startup Cost": 0.56, "Total Cost": 2758172.12, "Plan Rows": 4829503, "Plan Width": 40, "Group Key": ["lineitem.l_partkey", "lineitem.l_suppkey"], "Plans": [{"Node Type": "Index Scan", "Parent Relationship": "Outer", "Parallel Aware": false, "Scan Direction": "Forward", "Index Name": "idx_lineitem_part_supp", "Relation Name": "lineitem", "Alias": "lineitem", "Startup Cost": 0.56, "Total Cost": 2617858.75, "Plan Rows": 9049443, "Plan Width": 13, "Filter": "((l_shipdate >= '1995-01-01'::date) AND (l_shipdate < '1996-01-01 00:00:00'::timestamp without time zone))"}]}, {"Node Type": "Hash", "Parent Relationship": "Inner", "Parallel Aware": false, "Startup Cost": 266707.21, "Total Cost": 266707.21, "Plan Rows": 96187, "Plan Width": 16, "Plans": [{"Node Type": "Gather", "Parent Relationship": "Outer", "Parallel Aware": false, "Startup Cost": 50123.48, "Total Cost": 266707.21, "Plan Rows": 96187, "Plan Width": 16, "Workers Planned": 3, "Single Copy": false, "Plans": [{"Node Type": "Hash Join", "Parent Relationship": "Outer", "Parallel Aware": true, "Join Type": "Inner", "Startup Cost": 49123.48, "Total Cost": 256088.51, "Plan Rows": 31028, "Plan Width": 16, "Inner Unique": true, "Hash Cond": "(partsupp.ps_partkey = part.p_partkey)", "Plans": [{"Node Type": "Seq Scan", "Parent Relationship": "Outer", "Parallel Aware": true, "Relation Name": "partsupp", "Alias": "partsupp", "Startup Cost": 0.0, "Total Cost": 200191.16, "Plan Rows": 2580516, "Plan Width": 12}, {"Node Type": "Hash", "Parent Relationship": "Inner", "Parallel Aware": true, "Startup Cost": 49026.52, "Total Cost": 49026.52, "Plan Rows": 7757, "Plan Width": 4, "Plans": [{"Node Type": "Seq Scan", "Parent Relationship": "Outer", "Parallel Aware": true, "Relation Name": "part", "Alias": "part", "Startup Cost": 0.0, "Total Cost": 49026.52, "Plan Rows": 7757, "Plan Width": 4, "Filter": "((p_name)::text ~~ 'plum%'::text)"}]}]}]}]}]}]}]}, {"Node Type": "Hash", "Parent Relationship": "Inner", "Parallel Aware": false, "Startup Cost": 1.31, "Total Cost": 1.31, "Plan Rows": 1, "Plan Width": 4, "Plans": [{"Node Type": "Seq Scan", "Parent Relationship": "Outer", "Parallel Aware": false, "Relation Name": "nation", "Alias": "nation", "Startup Cost": 0.0, "Total Cost": 1.31, "Plan Rows": 1, "Plan Width": 4, "Filter": "(n_name = 'ARGENTINA'::bpchar)"}]}]}]}]}}, {"Plan": {"Node Type": "Limit", "Parallel Aware": false, "Startup Cost": 3224600.45, "Total Cost": 3224600.45, "Plan Rows": 1, "Plan Width": 51, "Plans": [{"Node Type": "Sort", "Parent Relationship": "Outer", "Parallel Aware": false, "Startup Cost": 3224600.45, "Total Cost": 3224600.45, "Plan Rows": 1, "Plan Width": 51, "Sort Key": ["supplier.s_name"], "Plans": [{"Node Type": "Nested Loop", "Parent Relationship": "Outer", "Parallel Aware": false, "Join Type": "Semi", "Startup Cost": 1812675.68, "Total Cost": 3224600.44, "Plan Rows": 1, "Plan Width": 51, "Inner Unique": false, "Join Filter": "(supplier.s_suppkey = lineitem.l_suppkey)", "Plans": [{"Node Type": "Nested Loop", "Parent Relationship": "Outer", "Parallel Aware": false, "Join Type": "Inner", "Startup Cost": 0.0, "Total Cost": 4467.31, "Plan Rows": 4000, "Plan Width": 55, "Inner Unique": false, "Join Filter": "(supplier.s_nationkey = nation.n_nationkey)", "Plans": [{"Node Type": "Seq Scan", "Parent Relationship": "Outer", "Parallel Aware": false, "Relation Name": "nation", "Alias": "nation", "Startup Cost": 0.0, "Total Cost": 1.31, "Plan Rows": 1, "Plan Width": 4, "Filter": "(n_name = 'ARGENTINA'::bpchar)"}, {"Node Type": "Seq Scan", "Parent Relationship": "Inner", "Parallel Aware": false, "Relation Name": "supplier", "Alias": "supplier", "Startup Cost": 0.0, "Total Cost": 3216.0, "Plan Rows": 100000, "Plan Width": 59}]}, {"Node Type": "Materialize", "Parent Relationship": "Inner", "Parallel Aware": false, "Startup Cost": 1812675.68, "Total Cost": 3220073.13, "Plan Rows": 1, "Plan Width": 8, "Plans": [{"Node Type": "Nested Loop", "Parent Relationship": "Outer", "Parallel Aware": false, "Join Type": "Inner", "Startup Cost": 1812675.68, "Total Cost": 3220073.12, "Plan Rows": 1, "Plan Width": 8, "Inner Unique": true, "Plans": [{"Node Type": "Merge Join", "Parent Relationship": "Outer", "Parallel Aware": false, "Join Type": "Inner", "Startup Cost": 1812675.23, "Total Cost": 3128453.38, "Plan Rows": 58070, "Plan Width": 44, "Inner Unique": true, "Merge Cond": "(lineitem.l_partkey = part.p_partkey)", "Plans": [{"Node Type": "Aggregate", "Strategy": "Sorted", "Partial Mode": "Finalize", "Parent Relationship": "Outer", "Parallel Aware": false, "Startup Cost": 1758493.99, "Total Cost": 3013202.41, "Plan Rows": 4829503, "Plan Width": 40, "Group Key": ["lineitem.l_partkey", "lineitem.l_suppkey"], "Plans": [{"Node Type": "Gather Merge", "Parent Relationship": "Outer", "Parallel Aware": false, "Startup Cost": 1758493.99, "Total Cost": 2853184.61, "Plan Rows": 8757525, "Plan Width": 40, "Workers Planned": 3, "Plans": [{"Node Type": "Aggregate", "Strategy": "Sorted", "Partial Mode": "Partial", "Parent Relationship": "Outer", "Parallel Aware": false, "Startup Cost": 1757493.95, "Total Cost": 1823175.39, "Plan Rows": 2919175, "Plan Width": 40, "Group Key": ["lineitem.l_partkey", "lineitem.l_suppkey"], "Plans": [{"Node Type": "Sort", "Parent Relationship": "Outer", "Parallel Aware": false, "Startup Cost": 1757493.95, "Total Cost": 1764791.89, "Plan Rows": 2919175, "Plan Width": 13, "Sort Key": ["lineitem.l_partkey", "lineitem.l_suppkey"], "Plans": [{"Node Type": "Seq Scan", "Parent Relationship": "Outer", "Parallel Aware": true, "Relation Name": "lineitem", "Alias": "lineitem", "Startup Cost": 0.0, "Total Cost": 1414795.75, "Plan Rows": 2919175, "Plan Width": 13, "Filter": "((l_shipdate >= '1995-01-01'::date) AND (l_shipdate < '1996-01-01 00:00:00'::timestamp without time zone))"}]}]}]}]}, {"Node Type": "Sort", "Parent Relationship": "Inner", "Parallel Aware": false, "Startup Cost": 54181.24, "Total Cost": 54241.36, "Plan Rows": 24048, "Plan Width": 4, "Sort Key": ["part.p_partkey"], "Plans": [{"Node Type": "Gather", "Parent Relationship": "Outer", "Parallel Aware": false, "Startup Cost": 1000.0, "Total Cost": 52431.32, "Plan Rows": 24048, "Plan Width": 4, "Workers Planned": 3, "Single Copy": false, "Plans": [{"Node Type": "Seq Scan", "Parent Relationship": "Outer", "Parallel Aware": true, "Relation Name": "part", "Alias": "part", "Startup Cost": 0.0, "Total Cost": 49026.52, "Plan Rows": 7757, "Plan Width": 4, "Filter": "((p_name)::text ~~ 'plum%'::text)"}]}]}]}, {"Node Type": "Bitmap Heap Scan", "Parent Relationship": "Inner", "Parallel Aware": false, "Relation Name": "partsupp", "Alias": "partsupp", "Startup Cost": 0.45, "Total Cost": 1.57, "Plan Rows": 1, "Plan Width": 12, "Recheck Cond": "((ps_partkey = lineitem.l_partkey) AND (ps_suppkey = lineitem.l_suppkey))", "Filter": "((ps_availqty)::numeric > ((0.5 * sum(lineitem.l_quantity))))", "Plans": [{"Node Type": "Bitmap Index Scan", "Parent Relationship": "Outer", "Parallel Aware": false, "Index Name": "partsupp_pkey", "Startup Cost": 0.0, "Total Cost": 0.45, "Plan Rows": 1, "Plan Width": 0, "Index Cond": "((ps_partkey = lineitem.l_partkey) AND (ps_suppkey = lineitem.l_suppkey))"}]}]}]}]}]}]}}, {"Plan": {"Node Type": "Limit", "Parallel Aware": false, "Startup Cost": 3364514.65, "Total Cost": 3364514.66, "Plan Rows": 1, "Plan Width": 51, "Plans": [{"Node Type": "Sort", "Parent Relationship": "Outer", "Parallel Aware": false, "Startup Cost": 3364514.65, "Total Cost": 3364514.66, "Plan Rows": 1, "Plan Width": 51, "Sort Key": ["supplier.s_name"], "Plans": [{"Node Type": "Hash Join", "Parent Relationship": "Outer", "Parallel Aware": false, "Join Type": "Inner", "Startup Cost": 3361036.13, "Total Cost": 3364514.64, "Plan Rows": 1, "Plan Width": 51, "Inner Unique": true, "Hash Cond": "(supplier.s_nationkey = nation.n_nationkey)", "Plans": [{"Node Type": "Hash Join", "Parent Relationship": "Outer", "Parallel Aware": false, "Join Type": "Semi", "Startup Cost": 3361034.8, "Total Cost": 3364513.31, "Plan Rows": 1, "Plan Width": 55, "Inner Unique": false, "Hash Cond": "(supplier.s_suppkey = lineitem.l_suppkey)", "Plans": [{"Node Type": "Seq Scan", "Parent Relationship": "Outer", "Parallel Aware": false, "Relation Name": "supplier", "Alias": "supplier", "Startup Cost": 0.0, "Total Cost": 3216.0, "Plan Rows": 100000, "Plan Width": 59}, {"Node Type": "Hash", "Parent Relationship": "Inner", "Parallel Aware": false, "Startup Cost": 3361034.79, "Total Cost": 3361034.79, "Plan Rows": 1, "Plan Width": 8, "Plans": [{"Node Type": "Merge Join", "Parent Relationship": "Outer", "Parallel Aware": false, "Join Type": "Inner", "Startup Cost": 2033162.38, "Total Cost": 3361034.79, "Plan Rows": 1, "Plan Width": 8, "Inner Unique": false, "Merge Cond": "((lineitem.l_partkey = partsupp.ps_partkey) AND (lineitem.l_suppkey = partsupp.ps_suppkey))", "Join Filter": "((partsupp.ps_availqty)::numeric > ((0.5 * sum(lineitem.l_quantity))))", "Plans": [{"Node Type": "Aggregate", "Strategy": "Sorted", "Partial Mode": "Finalize", "Parent Relationship": "Outer", "Parallel Aware": false, "Startup Cost": 1758493.99, "Total Cost": 3013202.41, "Plan Rows": 4829503, "Plan Width": 40, "Group Key": ["lineitem.l_partkey", "lineitem.l_suppkey"], "Plans": [{"Node Type": "Gather Merge", "Parent Relationship": "Outer", "Parallel Aware": false, "Startup Cost": 1758493.99, "Total Cost": 2853184.61, "Plan Rows": 8757525, "Plan Width": 40, "Workers Planned": 3, "Plans": [{"Node Type": "Aggregate", "Strategy": "Sorted", "Partial Mode": "Partial", "Parent Relationship": "Outer", "Parallel Aware": false, "Startup Cost": 1757493.95, "Total Cost": 1823175.39, "Plan Rows": 2919175, "Plan Width": 40, "Group Key": ["lineitem.l_partkey", "lineitem.l_suppkey"], "Plans": [{"Node Type": "Sort", "Parent Relationship": "Outer", "Parallel Aware": false, "Startup Cost": 1757493.95, "Total Cost": 1764791.89, "Plan Rows": 2919175, "Plan Width": 13, "Sort Key": ["lineitem.l_partkey", "lineitem.l_suppkey"], "Plans": [{"Node Type": "Seq Scan", "Parent Relationship": "Outer", "Parallel Aware": true, "Relation Name": "lineitem", "Alias": "lineitem", "Startup Cost": 0.0, "Total Cost": 1414795.75, "Plan Rows": 2919175, "Plan Width": 13, "Filter": "((l_shipdate >= '1995-01-01'::date) AND (l_shipdate < '1996-01-01 00:00:00'::timestamp without time zone))"}]}]}]}]}, {"Node Type": "Sort", "Parent Relationship": "Inner", "Parallel Aware": false, "Startup Cost": 274668.39, "Total Cost": 274908.86, "Plan Rows": 96187, "Plan Width": 16, "Sort Key": ["partsupp.ps_partkey", "partsupp.ps_suppkey"], "Plans": [{"Node Type": "Gather", "Parent Relationship": "Outer", "Parallel Aware": false, "Startup Cost": 50123.48, "Total Cost": 266707.21, "Plan Rows": 96187, "Plan Width": 16, "Workers Planned": 3, "Single Copy": false, "Plans": [{"Node Type": "Hash Join", "Parent Relationship": "Outer", "Parallel Aware": true, "Join Type": "Inner", "Startup Cost": 49123.48, "Total Cost": 256088.51, "Plan Rows": 31028, "Plan Width": 16, "Inner Unique": true, "Hash Cond": "(partsupp.ps_partkey = part.p_partkey)", "Plans": [{"Node Type": "Seq Scan", "Parent Relationship": "Outer", "Parallel Aware": true, "Relation Name": "partsupp", "Alias": "partsupp", "Startup Cost": 0.0, "Total Cost": 200191.16, "Plan Rows": 2580516, "Plan Width": 12}, {"Node Type": "Hash", "Parent Relationship": "Inner", "Parallel Aware": true, "Startup Cost": 49026.52, "Total Cost": 49026.52, "Plan Rows": 7757, "Plan Width": 4, "Plans": [{"Node Type": "Seq Scan", "Parent Relationship": "Outer", "Parallel Aware": true, "Relation Name": "part", "Alias": "part", "Startup Cost": 0.0, "Total Cost": 49026.52, "Plan Rows": 7757, "Plan Width": 4, "Filter": "((p_name)::text ~~ 'plum%'::text)"}]}]}]}]}]}]}]}, {"Node Type": "Hash", "Parent Relationship": "Inner", "Parallel Aware": false, "Startup Cost": 1.31, "Total Cost": 1.31, "Plan Rows": 1, "Plan Width": 4, "Plans": [{"Node Type": "Seq Scan", "Parent Relationship": "Outer", "Parallel Aware": false, "Relation Name": "nation", "Alias": "nation", "Startup Cost": 0.0, "Total Cost": 1.31, "Plan Rows": 1, "Plan Width": 4, "Filter": "(n_name = 'ARGENTINA'::bpchar)"}]}]}]}]}}, {"Plan": {"Node Type": "Limit", "Parallel Aware": false, "Startup Cost": 3223053.89, "Total Cost": 3223053.89, "Plan Rows": 1, "Plan Width": 51, "Plans": [{"Node Type": "Sort", "Parent Relationship": "Outer", "Parallel Aware": false, "Startup Cost": 3223053.89, "Total Cost": 3223053.89, "Plan Rows": 1, "Plan Width": 51, "Sort Key": ["supplier.s_name"], "Plans": [{"Node Type": "Nested Loop", "Parent Relationship": "Outer", "Parallel Aware": false, "Join Type": "Semi", "Startup Cost": 1811226.35, "Total Cost": 3223053.88, "Plan Rows": 1, "Plan Width": 51, "Inner Unique": false, "Join Filter": "(supplier.s_suppkey = lineitem.l_suppkey)", "Plans": [{"Node Type": "Nested Loop", "Parent Relationship": "Outer", "Parallel Aware": false, "Join Type": "Inner", "Startup Cost": 0.0, "Total Cost": 4467.31, "Plan Rows": 4000, "Plan Width": 55, "Inner Unique": false, "Join Filter": "(supplier.s_nationkey = nation.n_nationkey)", "Plans": [{"Node Type": "Seq Scan", "Parent Relationship": "Outer", "Parallel Aware": false, "Relation Name": "nation", "Alias": "nation", "Startup Cost": 0.0, "Total Cost": 1.31, "Plan Rows": 1, "Plan Width": 4, "Filter": "(n_name = 'ARGENTINA'::bpchar)"}, {"Node Type": "Seq Scan", "Parent Relationship": "Inner", "Parallel Aware": false, "Relation Name": "supplier", "Alias": "supplier", "Startup Cost": 0.0, "Total Cost": 3216.0, "Plan Rows": 100000, "Plan Width": 59}]}, {"Node Type": "Materialize", "Parent Relationship": "Inner", "Parallel Aware": false, "Startup Cost": 1811226.35, "Total Cost": 3218526.57, "Plan Rows": 1, "Plan Width": 8, "Plans": [{"Node Type": "Nested Loop", "Parent Relationship": "Outer", "Parallel Aware": false, "Join Type": "Inner", "Startup Cost": 1811226.35, "Total Cost": 3218526.56, "Plan Rows": 1, "Plan Width": 8, "Inner Unique": true, "Plans": [{"Node Type": "Hash Join", "Parent Relationship": "Outer", "Parallel Aware": false, "Join Type": "Inner", "Startup Cost": 1811225.91, "Total Cost": 3126906.82, "Plan Rows": 58070, "Plan Width": 44, "Inner Unique": true, "Hash Cond": "(lineitem.l_partkey = part.p_partkey)", "Plans": [{"Node Type": "Aggregate", "Strategy": "Sorted", "Partial Mode": "Finalize", "Parent Relationship": "Outer", "Parallel Aware": false, "Startup Cost": 1758493.99, "Total Cost": 3013202.41, "Plan Rows": 4829503, "Plan Width": 40, "Group Key": ["lineitem.l_partkey", "lineitem.l_suppkey"], "Plans": [{"Node Type": "Gather Merge", "Parent Relationship": "Outer", "Parallel Aware": false, "Startup Cost": 1758493.99, "Total Cost": 2853184.61, "Plan Rows": 8757525, "Plan Width": 40, "Workers Planned": 3, "Plans": [{"Node Type": "Aggregate", "Strategy": "Sorted", "Partial Mode": "Partial", "Parent Relationship": "Outer", "Parallel Aware": false, "Startup Cost": 1757493.95, "Total Cost": 1823175.39, "Plan Rows": 2919175, "Plan Width": 40, "Group Key": ["lineitem.l_partkey", "lineitem.l_suppkey"], "Plans": [{"Node Type": "Sort", "Parent Relationship": "Outer", "Parallel Aware": false, "Startup Cost": 1757493.95, "Total Cost": 1764791.89, "Plan Rows": 2919175, "Plan Width": 13, "Sort Key": ["lineitem.l_partkey", "lineitem.l_suppkey"], "Plans": [{"Node Type": "Seq Scan", "Parent Relationship": "Outer", "Parallel Aware": true, "Relation Name": "lineitem", "Alias": "lineitem", "Startup Cost": 0.0, "Total Cost": 1414795.75, "Plan Rows": 2919175, "Plan Width": 13, "Filter": "((l_shipdate >= '1995-01-01'::date) AND (l_shipdate < '1996-01-01 00:00:00'::timestamp without time zone))"}]}]}]}]}, {"Node Type": "Hash", "Parent Relationship": "Inner", "Parallel Aware": false, "Startup Cost": 52431.32, "Total Cost": 52431.32, "Plan Rows": 24048, "Plan Width": 4, "Plans": [{"Node Type": "Gather", "Parent Relationship": "Outer", "Parallel Aware": false, "Startup Cost": 1000.0, "Total Cost": 52431.32, "Plan Rows": 24048, "Plan Width": 4, "Workers Planned": 3, "Single Copy": false, "Plans": [{"Node Type": "Seq Scan", "Parent Relationship": "Outer", "Parallel Aware": true, "Relation Name": "part", "Alias": "part", "Startup Cost": 0.0, "Total Cost": 49026.52, "Plan Rows": 7757, "Plan Width": 4, "Filter": "((p_name)::text ~~ 'plum%'::text)"}]}]}]}, {"Node Type": "Bitmap Heap Scan", "Parent Relationship": "Inner", "Parallel Aware": false, "Relation Name": "partsupp", "Alias": "partsupp", "Startup Cost": 0.45, "Total Cost": 1.57, "Plan Rows": 1, "Plan Width": 12, "Recheck Cond": "((ps_partkey = lineitem.l_partkey) AND (ps_suppkey = lineitem.l_suppkey))", "Filter": "((ps_availqty)::numeric > ((0.5 * sum(lineitem.l_quantity))))", "Plans": [{"Node Type": "Bitmap Index Scan", "Parent Relationship": "Outer", "Parallel Aware": false, "Index Name": "partsupp_pkey", "Startup Cost": 0.0, "Total Cost": 0.45, "Plan Rows": 1, "Plan Width": 0, "Index Cond": "((ps_partkey = lineitem.l_partkey) AND (ps_suppkey = lineitem.l_suppkey))"}]}]}]}]}]}]}}, {"Plan": {"Node Type": "Limit", "Parallel Aware": false, "Startup Cost": 3369348.63, "Total Cost": 3369348.63, "Plan Rows": 1, "Plan Width": 51, "Plans": [{"Node Type": "Sort", "Parent Relationship": "Outer", "Parallel Aware": false, "Startup Cost": 3369348.63, "Total Cost": 3369348.63, "Plan Rows": 1, "Plan Width": 51, "Sort Key": ["supplier.s_name"], "Plans": [{"Node Type": "Hash Join", "Parent Relationship": "Outer", "Parallel Aware": false, "Join Type": "Inner", "Startup Cost": 3365870.1, "Total Cost": 3369348.62, "Plan Rows": 1, "Plan Width": 51, "Inner Unique": true, "Hash Cond": "(supplier.s_nationkey = nation.n_nationkey)", "Plans": [{"Node Type": "Hash Join", "Parent Relationship": "Outer", "Parallel Aware": false, "Join Type": "Semi", "Startup Cost": 3365868.78, "Total Cost": 3369347.29, "Plan Rows": 1, "Plan Width": 55, "Inner Unique": false, "Hash Cond": "(supplier.s_suppkey = lineitem.l_suppkey)", "Plans": [{"Node Type": "Seq Scan", "Parent Relationship": "Outer", "Parallel Aware": false, "Relation Name": "supplier", "Alias": "supplier", "Startup Cost": 0.0, "Total Cost": 3216.0, "Plan Rows": 100000, "Plan Width": 59}, {"Node Type": "Hash", "Parent Relationship": "Inner", "Parallel Aware": false, "Startup Cost": 3365868.77, "Total Cost": 3365868.77, "Plan Rows": 1, "Plan Width": 8, "Plans": [{"Node Type": "Hash Join", "Parent Relationship": "Outer", "Parallel Aware": false, "Join Type": "Inner", "Startup Cost": 2026644.0, "Total Cost": 3365868.77, "Plan Rows": 1, "Plan Width": 8, "Inner Unique": false, "Hash Cond": "((lineitem.l_partkey = partsupp.ps_partkey) AND (lineitem.l_suppkey = partsupp.ps_suppkey))", "Join Filter": "((partsupp.ps_availqty)::numeric > ((0.5 * sum(lineitem.l_quantity))))", "Plans": [{"Node Type": "Aggregate", "Strategy": "Sorted", "Partial Mode": "Finalize", "Parent Relationship": "Outer", "Parallel Aware": false, "Startup Cost": 1758493.99, "Total Cost": 3013202.41, "Plan Rows": 4829503, "Plan Width": 40, "Group Key": ["lineitem.l_partkey", "lineitem.l_suppkey"], "Plans": [{"Node Type": "Gather Merge", "Parent Relationship": "Outer", "Parallel Aware": false, "Startup Cost": 1758493.99, "Total Cost": 2853184.61, "Plan Rows": 8757525, "Plan Width": 40, "Workers Planned": 3, "Plans": [{"Node Type": "Aggregate", "Strategy": "Sorted", "Partial Mode": "Partial", "Parent Relationship": "Outer", "Parallel Aware": false, "Startup Cost": 1757493.95, "Total Cost": 1823175.39, "Plan Rows": 2919175, "Plan Width": 40, "Group Key": ["lineitem.l_partkey", "lineitem.l_suppkey"], "Plans": [{"Node Type": "Sort", "Parent Relationship": "Outer", "Parallel Aware": false, "Startup Cost": 1757493.95, "Total Cost": 1764791.89, "Plan Rows": 2919175, "Plan Width": 13, "Sort Key": ["lineitem.l_partkey", "lineitem.l_suppkey"], "Plans": [{"Node Type": "Seq Scan", "Parent Relationship": "Outer", "Parallel Aware": true, "Relation Name": "lineitem", "Alias": "lineitem", "Startup Cost": 0.0, "Total Cost": 1414795.75, "Plan Rows": 2919175, "Plan Width": 13, "Filter": "((l_shipdate >= '1995-01-01'::date) AND (l_shipdate < '1996-01-01 00:00:00'::timestamp without time zone))"}]}]}]}]}, {"Node Type": "Hash", "Parent Relationship": "Inner", "Parallel Aware": false, "Startup Cost": 266707.21, "Total Cost": 266707.21, "Plan Rows": 96187, "Plan Width": 16, "Plans": [{"Node Type": "Gather", "Parent Relationship": "Outer", "Parallel Aware": false, "Startup Cost": 50123.48, "Total Cost": 266707.21, "Plan Rows": 96187, "Plan Width": 16, "Workers Planned": 3, "Single Copy": false, "Plans": [{"Node Type": "Hash Join", "Parent Relationship": "Outer", "Parallel Aware": true, "Join Type": "Inner", "Startup Cost": 49123.48, "Total Cost": 256088.51, "Plan Rows": 31028, "Plan Width": 16, "Inner Unique": true, "Hash Cond": "(partsupp.ps_partkey = part.p_partkey)", "Plans": [{"Node Type": "Seq Scan", "Parent Relationship": "Outer", "Parallel Aware": true, "Relation Name": "partsupp", "Alias": "partsupp", "Startup Cost": 0.0, "Total Cost": 200191.16, "Plan Rows": 2580516, "Plan Width": 12}, {"Node Type": "Hash", "Parent Relationship": "Inner", "Parallel Aware": true, "Startup Cost": 49026.52, "Total Cost": 49026.52, "Plan Rows": 7757, "Plan Width": 4, "Plans": [{"Node Type": "Seq Scan", "Parent Relationship": "Outer", "Parallel Aware": true, "Relation Name": "part", "Alias": "part", "Startup Cost": 0.0, "Total Cost": 49026.52, "Plan Rows": 7757, "Plan Width": 4, "Filter": "((p_name)::text ~~ 'plum%'::text)"}]}]}]}]}]}]}]}, {"Node Type": "Hash", "Parent Relationship": "Inner", "Parallel Aware": false, "Startup Cost": 1.31, "Total Cost": 1.31, "Plan Rows": 1, "Plan Width": 4, "Plans": [{"Node Type": "Seq Scan", "Parent Relationship": "Outer", "Parallel Aware": false, "Relation Name": "nation", "Alias": "nation", "Startup Cost": 0.0, "Total Cost": 1.31, "Plan Rows": 1, "Plan Width": 4, "Filter": "(n_name = 'ARGENTINA'::bpchar)"}]}]}]}]}}, {"Plan": {"Node Type": "Limit", "Parallel Aware": false, "Startup Cost": 3179148.97, "Total Cost": 3179148.98, "Plan Rows": 1, "Plan Width": 51, "Plans": [{"Node Type": "Sort", "Parent Relationship": "Outer", "Parallel Aware": false, "Startup Cost": 3179148.97, "Total Cost": 3179148.98, "Plan Rows": 1, "Plan Width": 51, "Sort Key": ["supplier.s_name"], "Plans": [{"Node Type": "Merge Join", "Parent Relationship": "Outer", "Parallel Aware": false, "Join Type": "Inner", "Startup Cost": 3179145.21, "Total Cost": 3179148.96, "Plan Rows": 1, "Plan Width": 51, "Inner Unique": true, "Merge Cond": "(supplier.s_nationkey = nation.n_nationkey)", "Plans": [{"Node Type": "Sort", "Parent Relationship": "Outer", "Parallel Aware": false, "Startup Cost": 3179145.07, "Total Cost": 3179145.07, "Plan Rows": 1, "Plan Width": 55, "Sort Key": ["supplier.s_nationkey"], "Plans": [{"Node Type": "Merge Join", "Parent Relationship": "Outer", "Parallel Aware": false, "Join Type": "Semi", "Startup Cost": 3174875.24, "Total Cost": 3179145.06, "Plan Rows": 1, "Plan Width": 55, "Inner Unique": false, "Merge Cond": "(supplier.s_suppkey = lineitem.l_suppkey)", "Plans": [{"Node Type": "Index Scan", "Parent Relationship": "Outer", "Parallel Aware": false, "Scan Direction": "Forward", "Index Name": "supplier_pkey", "Relation Name": "supplier", "Alias": "supplier", "Startup Cost": 0.29, "Total Cost": 4020.1, "Plan Rows": 100000, "Plan Width": 59}, {"Node Type": "Sort", "Parent Relationship": "Inner", "Parallel Aware": false, "Startup Cost": 3174874.94, "Total Cost": 3174874.95, "Plan Rows": 1, "Plan Width": 8, "Sort Key": ["partsupp.ps_suppkey"], "Plans": [{"Node Type": "Gather", "Parent Relationship": "Outer", "Parallel Aware": false, "Startup Cost": 1001.42, "Total Cost": 3174874.93, "Plan Rows": 1, "Plan Width": 8, "Workers Planned": 3, "Single Copy": false, "Plans": [{"Node Type": "Merge Join", "Parent Relationship": "Outer", "Parallel Aware": false, "Join Type": "Inner", "Startup Cost": 1.42, "Total Cost": 3173874.83, "Plan Rows": 1, "Plan Width": 8, "Inner Unique": false, "Merge Cond": "(partsupp.ps_partkey = lineitem.l_partkey)", "Join Filter": "((lineitem.l_suppkey = partsupp.ps_suppkey) AND ((partsupp.ps_availqty)::numeric > ((0.5 * sum(lineitem.l_quantity)))))", "Plans": [{"Node Type": "Index Scan", "Parent Relationship": "Outer", "Parallel Aware": true, "Scan Direction": "Forward", "Index Name": "idx_partsupp_partkey", "Relation Name": "partsupp", "Alias": "partsupp", "Startup Cost": 0.43, "Total Cost": 264338.0, "Plan Rows": 2580516, "Plan Width": 12}, {"Node Type": "Materialize", "Parent Relationship": "Inner", "Parallel Aware": false, "Startup Cost": 0.99, "Total Cost": 2901325.13, "Plan Rows": 58070, "Plan Width": 44, "Plans": [{"Node Type": "Merge Join", "Parent Relationship": "Outer", "Parallel Aware": false, "Join Type": "Inner", "Startup Cost": 0.99, "Total Cost": 2901179.95, "Plan Rows": 58070, "Plan Width": 44, "Inner Unique": true, "Merge Cond": "(lineitem.l_partkey = part.p_partkey)", "Plans": [{"Node Type": "Aggregate", "Strategy": "Sorted", "Partial Mode": "Simple", "Parent Relationship": "Outer", "Parallel Aware": false, "Startup Cost": 0.56, "Total Cost": 2758172.12, "Plan Rows": 4829503, "Plan Width": 40, "Group Key": ["lineitem.l_partkey", "lineitem.l_suppkey"], "Plans": [{"Node Type": "Index Scan", "Parent Relationship": "Outer", "Parallel Aware": false, "Scan Direction": "Forward", "Index Name": "idx_lineitem_part_supp", "Relation Name": "lineitem", "Alias": "lineitem", "Startup Cost": 0.56, "Total Cost": 2617858.75, "Plan Rows": 9049443, "Plan Width": 13, "Filter": "((l_shipdate >= '1995-01-01'::date) AND (l_shipdate < '1996-01-01 00:00:00'::timestamp without time zone))"}]}, {"Node Type": "Index Scan", "Parent Relationship": "Inner", "Parallel Aware": false, "Scan Direction": "Forward", "Index Name": "part_pkey", "Relation Name": "part", "Alias": "part", "Startup Cost": 0.43, "Total Cost": 81998.23, "Plan Rows": 24048, "Plan Width": 4, "Filter": "((p_name)::text ~~ 'plum%'::text)"}]}]}]}]}]}]}]}, {"Node Type": "Index Scan", "Parent Relationship": "Inner", "Parallel Aware": false, "Scan Direction": "Forward", "Index Name": "nation_pkey", "Relation Name": "nation", "Alias": "nation", "Startup Cost": 0.14, "Total Cost": 3.88, "Plan Rows": 1, "Plan Width": 4, "Filter": "(n_name = 'ARGENTINA'::bpchar)"}]}]}]}}, {"Plan": {"Node Type": "Limit", "Parallel Aware": false, "Startup Cost": 2936258.31, "Total Cost": 2936258.32, "Plan Rows": 1, "Plan Width": 51, "Plans": [{"Node Type": "Sort", "Parent Relationship": "Outer", "Parallel Aware": false, "Startup Cost": 2936258.31, "Total Cost": 2936258.32, "Plan Rows": 1, "Plan Width": 51, "Sort Key": ["supplier.s_name"], "Plans": [{"Node Type": "Nested Loop", "Parent Relationship": "Outer", "Parallel Aware": false, "Join Type": "Semi", "Startup Cost": 1.85, "Total Cost": 2936258.3, "Plan Rows": 1, "Plan Width": 51, "Inner Unique": false, "Join Filter": "(supplier.s_suppkey = lineitem.l_suppkey)", "Plans": [{"Node Type": "Nested Loop", "Parent Relationship": "Outer", "Parallel Aware": false, "Join Type": "Inner", "Startup Cost": 0.43, "Total Cost": 5273.97, "Plan Rows": 4000, "Plan Width": 55, "Inner Unique": false, "Join Filter": "(supplier.s_nationkey = nation.n_nationkey)", "Plans": [{"Node Type": "Index Scan", "Parent Relationship": "Outer", "Parallel Aware": false, "Scan Direction": "Forward", "Index Name": "nation_pkey", "Relation Name": "nation", "Alias": "nation", "Startup Cost": 0.14, "Total Cost": 3.88, "Plan Rows": 1, "Plan Width": 4, "Filter": "(n_name = 'ARGENTINA'::bpchar)"}, {"Node Type": "Index Scan", "Parent Relationship": "Inner", "Parallel Aware": false, "Scan Direction": "Forward", "Index Name": "supplier_pkey", "Relation Name": "supplier", "Alias": "supplier", "Startup Cost": 0.29, "Total Cost": 4020.1, "Plan Rows": 100000, "Plan Width": 59}]}, {"Node Type": "Materialize", "Parent Relationship": "Inner", "Parallel Aware": false, "Startup Cost": 1.42, "Total Cost": 2930924.33, "Plan Rows": 1, "Plan Width": 8, "Plans": [{"Node Type": "Nested Loop", "Parent Relationship": "Outer", "Parallel Aware": false, "Join Type": "Inner", "Startup Cost": 1.42, "Total Cost": 2930924.33, "Plan Rows": 1, "Plan Width": 8, "Inner Unique": true, "Plans": [{"Node Type": "Merge Join", "Parent Relationship": "Outer", "Parallel Aware": false, "Join Type": "Inner", "Startup Cost": 0.99, "Total Cost": 2901179.95, "Plan Rows": 58070, "Plan Width": 44, "Inner Unique": true, "Merge Cond": "(lineitem.l_partkey = part.p_partkey)", "Plans": [{"Node Type": "Aggregate", "Strategy": "Sorted", "Partial Mode": "Simple", "Parent Relationship": "Outer", "Parallel Aware": false, "Startup Cost": 0.56, "Total Cost": 2758172.12, "Plan Rows": 4829503, "Plan Width": 40, "Group Key": ["lineitem.l_partkey", "lineitem.l_suppkey"], "Plans": [{"Node Type": "Index Scan", "Parent Relationship": "Outer", "Parallel Aware": false, "Scan Direction": "Forward", "Index Name": "idx_lineitem_part_supp", "Relation Name": "lineitem", "Alias": "lineitem", "Startup Cost": 0.56, "Total Cost": 2617858.75, "Plan Rows": 9049443, "Plan Width": 13, "Filter": "((l_shipdate >= '1995-01-01'::date) AND (l_shipdate < '1996-01-01 00:00:00'::timestamp without time zone))"}]}, {"Node Type": "Index Scan", "Parent Relationship": "Inner", "Parallel Aware": false, "Scan Direction": "Forward", "Index Name": "part_pkey", "Relation Name": "part", "Alias": "part", "Startup Cost": 0.43, "Total Cost": 81998.23, "Plan Rows": 24048, "Plan Width": 4, "Filter": "((p_name)::text ~~ 'plum%'::text)"}]}, {"Node Type": "Index Scan", "Parent Relationship": "Inner", "Parallel Aware": false, "Scan Direction": "Forward", "Index Name": "partsupp_pkey", "Relation Name": "partsupp", "Alias": "partsupp", "Startup Cost": 0.43, "Total Cost": 0.5, "Plan Rows": 1, "Plan Width": 12, "Index Cond": "((ps_partkey = lineitem.l_partkey) AND (ps_suppkey = lineitem.l_suppkey))", "Filter": "((ps_availqty)::numeric > ((0.5 * sum(lineitem.l_quantity))))"}]}]}]}]}]}}, {"Plan": {"Node Type": "Limit", "Parallel Aware": false, "Startup Cost": 2895490.68, "Total Cost": 2895490.68, "Plan Rows": 1, "Plan Width": 51, "Plans": [{"Node Type": "Sort", "Parent Relationship": "Outer", "Parallel Aware": false, "Startup Cost": 2895490.68, "Total Cost": 2895490.68, "Plan Rows": 1, "Plan Width": 51, "Sort Key": ["supplier.s_name"], "Plans": [{"Node Type": "Nested Loop", "Parent Relationship": "Outer", "Parallel Aware": false, "Join Type": "Semi", "Startup Cost": 50528.67, "Total Cost": 2895490.67, "Plan Rows": 1, "Plan Width": 51, "Inner Unique": false, "Join Filter": "(supplier.s_suppkey = lineitem.l_suppkey)", "Plans": [{"Node Type": "Nested Loop", "Parent Relationship": "Outer", "Parallel Aware": false, "Join Type": "Inner", "Startup Cost": 0.0, "Total Cost": 4467.31, "Plan Rows": 4000, "Plan Width": 55, "Inner Unique": false, "Join Filter": "(supplier.s_nationkey = nation.n_nationkey)", "Plans": [{"Node Type": "Seq Scan", "Parent Relationship": "Outer", "Parallel Aware": false, "Relation Name": "nation", "Alias": "nation", "Startup Cost": 0.0, "Total Cost": 1.31, "Plan Rows": 1, "Plan Width": 4, "Filter": "(n_name = 'ARGENTINA'::bpchar)"}, {"Node Type": "Seq Scan", "Parent Relationship": "Inner", "Parallel Aware": false, "Relation Name": "supplier", "Alias": "supplier", "Startup Cost": 0.0, "Total Cost": 3216.0, "Plan Rows": 100000, "Plan Width": 59}]}, {"Node Type": "Materialize", "Parent Relationship": "Inner", "Parallel Aware": false, "Startup Cost": 50528.67, "Total Cost": 2890963.36, "Plan Rows": 1, "Plan Width": 8, "Plans": [{"Node Type": "Gather", "Parent Relationship": "Outer", "Parallel Aware": false, "Startup Cost": 50528.67, "Total Cost": 2890963.35, "Plan Rows": 1, "Plan Width": 8, "Workers Planned": 3, "Single Copy": false, "Plans": [{"Node Type": "Nested Loop", "Parent Relationship": "Outer", "Parallel Aware": false, "Join Type": "Inner", "Startup Cost": 49528.67, "Total Cost": 2889963.25, "Plan Rows": 1, "Plan Width": 8, "Inner Unique": true, "Plans": [{"Node Type": "Merge Join", "Parent Relationship": "Outer", "Parallel Aware": false, "Join Type": "Inner", "Startup Cost": 49528.23, "Total Cost": 2880368.43, "Plan Rows": 18732, "Plan Width": 44, "Inner Unique": false, "Merge Cond": "(part.p_partkey = lineitem.l_partkey)", "Plans": [{"Node Type": "Sort", "Parent Relationship": "Outer", "Parallel Aware": false, "Startup Cost": 49527.67, "Total Cost": 49547.06, "Plan Rows": 7757, "Plan Width": 4, "Sort Key": ["part.p_partkey"], "Plans": [{"Node Type": "Seq Scan", "Parent Relationship": "Outer", "Parallel Aware": true, "Relation Name": "part", "Alias": "part", "Startup Cost": 0.0, "Total Cost": 49026.52, "Plan Rows": 7757, "Plan Width": 4, "Filter": "((p_name)::text ~~ 'plum%'::text)"}]}, {"Node Type": "Materialize", "Parent Relationship": "Inner", "Parallel Aware": false, "Startup Cost": 0.56, "Total Cost": 2818540.91, "Plan Rows": 4829503, "Plan Width": 40, "Plans": [{"Node Type": "Aggregate", "Strategy": "Sorted", "Partial Mode": "Simple", "Parent Relationship": "Outer", "Parallel Aware": false, "Startup Cost": 0.56, "Total Cost": 2758172.12, "Plan Rows": 4829503, "Plan Width": 40, "Group Key": ["lineitem.l_partkey", "lineitem.l_suppkey"], "Plans": [{"Node Type": "Index Scan", "Parent Relationship": "Outer", "Parallel Aware": false, "Scan Direction": "Forward", "Index Name": "idx_lineitem_part_supp", "Relation Name": "lineitem", "Alias": "lineitem", "Startup Cost": 0.56, "Total Cost": 2617858.75, "Plan Rows": 9049443, "Plan Width": 13, "Filter": "((l_shipdate >= '1995-01-01'::date) AND (l_shipdate < '1996-01-01 00:00:00'::timestamp without time zone))"}]}]}]}, {"Node Type": "Index Scan", "Parent Relationship": "Inner", "Parallel Aware": false, "Scan Direction": "Forward", "Index Name": "partsupp_pkey", "Relation Name": "partsupp", "Alias": "partsupp", "Startup Cost": 0.43, "Total Cost": 0.5, "Plan Rows": 1, "Plan Width": 12, "Index Cond": "((ps_partkey = lineitem.l_partkey) AND (ps_suppkey = lineitem.l_suppkey))", "Filter": "((ps_availqty)::numeric > ((0.5 * sum(lineitem.l_quantity))))"}]}]}]}]}]}]}}, {"Plan": {"Node Type": "Limit", "Parallel Aware": false, "Startup Cost": 3176376.94, "Total Cost": 3176376.94, "Plan Rows": 1, "Plan Width": 51, "Plans": [{"Node Type": "Sort", "Parent Relationship": "Outer", "Parallel Aware": false, "Startup Cost": 3176376.94, "Total Cost": 3176376.94, "Plan Rows": 1, "Plan Width": 51, "Sort Key": ["supplier.s_name"], "Plans": [{"Node Type": "Merge Join", "Parent Relationship": "Outer", "Parallel Aware": false, "Join Type": "Inner", "Startup Cost": 3176376.9, "Total Cost": 3176376.93, "Plan Rows": 1, "Plan Width": 51, "Inner Unique": true, "Merge Cond": "(supplier.s_nationkey = nation.n_nationkey)", "Plans": [{"Node Type": "Sort", "Parent Relationship": "Outer", "Parallel Aware": false, "Startup Cost": 3176375.58, "Total Cost": 3176375.59, "Plan Rows": 1, "Plan Width": 55, "Sort Key": ["supplier.s_nationkey"], "Plans": [{"Node Type": "Merge Join", "Parent Relationship": "Outer", "Parallel Aware": false, "Join Type": "Semi", "Startup Cost": 3172105.75, "Total Cost": 3176375.57, "Plan Rows": 1, "Plan Width": 55, "Inner Unique": false, "Merge Cond": "(supplier.s_suppkey = lineitem.l_suppkey)", "Plans": [{"Node Type": "Index Scan", "Parent Relationship": "Outer", "Parallel Aware": false, "Scan Direction": "Forward", "Index Name": "supplier_pkey", "Relation Name": "supplier", "Alias": "supplier", "Startup Cost": 0.29, "Total Cost": 4020.1, "Plan Rows": 100000, "Plan Width": 59}, {"Node Type": "Sort", "Parent Relationship": "Inner", "Parallel Aware": false, "Startup Cost": 3172105.46, "Total Cost": 3172105.46, "Plan Rows": 1, "Plan Width": 8, "Sort Key": ["partsupp.ps_suppkey"], "Plans": [{"Node Type": "Gather", "Parent Relationship": "Outer", "Parallel Aware": false, "Startup Cost": 68715.34, "Total Cost": 3172105.45, "Plan Rows": 1, "Plan Width": 8, "Workers Planned": 3, "Single Copy": false, "Plans": [{"Node Type": "Merge Join", "Parent Relationship": "Outer", "Parallel Aware": false, "Join Type": "Inner", "Startup Cost": 67715.34, "Total Cost": 3171105.35, "Plan Rows": 1, "Plan Width": 8, "Inner Unique": true, "Merge Cond": "(partsupp.ps_partkey = lineitem.l_partkey)", "Join Filter": "((partsupp.ps_suppkey = lineitem.l_suppkey) AND ((partsupp.ps_availqty)::numeric > ((0.5 * sum(lineitem.l_quantity)))))", "Plans": [{"Node Type": "Merge Join", "Parent Relationship": "Outer", "Parallel Aware": false, "Join Type": "Inner", "Startup Cost": 67714.77, "Total Cost": 338931.0, "Plan Rows": 31028, "Plan Width": 16, "Inner Unique": true, "Merge Cond": "(partsupp.ps_partkey = part.p_partkey)", "Plans": [{"Node Type": "Index Scan", "Parent Relationship": "Outer", "Parallel Aware": true, "Scan Direction": "Forward", "Index Name": "idx_partsupp_partkey", "Relation Name": "partsupp", "Alias": "partsupp", "Startup Cost": 0.43, "Total Cost": 264338.0, "Plan Rows": 2580516, "Plan Width": 12}, {"Node Type": "Sort", "Parent Relationship": "Inner", "Parallel Aware": false, "Startup Cost": 67711.93, "Total Cost": 67772.05, "Plan Rows": 24048, "Plan Width": 4, "Sort Key": ["part.p_partkey"], "Plans": [{"Node Type": "Seq Scan", "Parent Relationship": "Outer", "Parallel Aware": false, "Relation Name": "part", "Alias": "part", "Startup Cost": 0.0, "Total Cost": 65962.0, "Plan Rows": 24048, "Plan Width": 4, "Filter": "((p_name)::text ~~ 'plum%'::text)"}]}]}, {"Node Type": "Materialize", "Parent Relationship": "Inner", "Parallel Aware": false, "Startup Cost": 0.56, "Total Cost": 2818540.91, "Plan Rows": 4829503, "Plan Width": 40, "Plans": [{"Node Type": "Aggregate", "Strategy": "Sorted", "Partial Mode": "Simple", "Parent Relationship": "Outer", "Parallel Aware": false, "Startup Cost": 0.56, "Total Cost": 2758172.12, "Plan Rows": 4829503, "Plan Width": 40, "Group Key": ["lineitem.l_partkey", "lineitem.l_suppkey"], "Plans": [{"Node Type": "Index Scan", "Parent Relationship": "Outer", "Parallel Aware": false, "Scan Direction": "Forward", "Index Name": "idx_lineitem_part_supp", "Relation Name": "lineitem", "Alias": "lineitem", "Startup Cost": 0.56, "Total Cost": 2617858.75, "Plan Rows": 9049443, "Plan Width": 13, "Filter": "((l_shipdate >= '1995-01-01'::date) AND (l_shipdate < '1996-01-01 00:00:00'::timestamp without time zone))"}]}]}]}]}]}]}]}, {"Node Type": "Sort", "Parent Relationship": "Inner", "Parallel Aware": false, "Startup Cost": 1.32, "Total Cost": 1.33, "Plan Rows": 1, "Plan Width": 4, "Sort Key": ["nation.n_nationkey"], "Plans": [{"Node Type": "Seq Scan", "Parent Relationship": "Outer", "Parallel Aware": false, "Relation Name": "nation", "Alias": "nation", "Startup Cost": 0.0, "Total Cost": 1.31, "Plan Rows": 1, "Plan Width": 4, "Filter": "(n_name = 'ARGENTINA'::bpchar)"}]}]}]}]}}, {"Plan": {"Node Type": "Limit", "Parallel Aware": false, "Startup Cost": 5053841.94, "Total Cost": 5053841.94, "Plan Rows": 1, "Plan Width": 51, "Plans": [{"Node Type": "Sort", "Parent Relationship": "Outer", "Parallel Aware": false, "Startup Cost": 5053841.94, "Total Cost": 5053841.94, "Plan Rows": 1, "Plan Width": 51, "Sort Key": ["supplier.s_name"], "Plans": [{"Node Type": "Nested Loop", "Parent Relationship": "Outer", "Parallel Aware": false, "Join Type": "Semi", "Startup Cost": 1.85, "Total Cost": 5053841.93, "Plan Rows": 1, "Plan Width": 51, "Inner Unique": false, "Join Filter": "(supplier.s_suppkey = lineitem.l_suppkey)", "Plans": [{"Node Type": "Nested Loop", "Parent Relationship": "Outer", "Parallel Aware": false, "Join Type": "Inner", "Startup Cost": 0.43, "Total Cost": 5273.97, "Plan Rows": 4000, "Plan Width": 55, "Inner Unique": false, "Join Filter": "(supplier.s_nationkey = nation.n_nationkey)", "Plans": [{"Node Type": "Index Scan", "Parent Relationship": "Outer", "Parallel Aware": false, "Scan Direction": "Forward", "Index Name": "nation_pkey", "Relation Name": "nation", "Alias": "nation", "Startup Cost": 0.14, "Total Cost": 3.88, "Plan Rows": 1, "Plan Width": 4, "Filter": "(n_name = 'ARGENTINA'::bpchar)"}, {"Node Type": "Index Scan", "Parent Relationship": "Inner", "Parallel Aware": false, "Scan Direction": "Forward", "Index Name": "supplier_pkey", "Relation Name": "supplier", "Alias": "supplier", "Startup Cost": 0.29, "Total Cost": 4020.1, "Plan Rows": 100000, "Plan Width": 59}]}, {"Node Type": "Materialize", "Parent Relationship": "Inner", "Parallel Aware": false, "Startup Cost": 1.42, "Total Cost": 5048507.96, "Plan Rows": 1, "Plan Width": 8, "Plans": [{"Node Type": "Nested Loop", "Parent Relationship": "Outer", "Parallel Aware": false, "Join Type": "Inner", "Startup Cost": 1.42, "Total Cost": 5048507.95, "Plan Rows": 1, "Plan Width": 8, "Inner Unique": true, "Plans": [{"Node Type": "Nested Loop", "Parent Relationship": "Outer", "Parallel Aware": false, "Join Type": "Inner", "Startup Cost": 0.99, "Total Cost": 5018763.58, "Plan Rows": 58070, "Plan Width": 44, "Inner Unique": true, "Plans": [{"Node Type": "Aggregate", "Strategy": "Sorted", "Partial Mode": "Simple", "Parent Relationship": "Outer", "Parallel Aware": false, "Startup Cost": 0.56, "Total Cost": 2758172.12, "Plan Rows": 4829503, "Plan Width": 40, "Group Key": ["lineitem.l_partkey", "lineitem.l_suppkey"], "Plans": [{"Node Type": "Index Scan", "Parent Relationship": "Outer", "Parallel Aware": false, "Scan Direction": "Forward", "Index Name": "idx_lineitem_part_supp", "Relation Name": "lineitem", "Alias": "lineitem", "Startup Cost": 0.56, "Total Cost": 2617858.75, "Plan Rows": 9049443, "Plan Width": 13, "Filter": "((l_shipdate >= '1995-01-01'::date) AND (l_shipdate < '1996-01-01 00:00:00'::timestamp without time zone))"}]}, {"Node Type": "Index Scan", "Parent Relationship": "Inner", "Parallel Aware": false, "Scan Direction": "Forward", "Index Name": "part_pkey", "Relation Name": "part", "Alias": "part", "Startup Cost": 0.43, "Total Cost": 0.46, "Plan Rows": 1, "Plan Width": 4, "Index Cond": "(p_partkey = lineitem.l_partkey)", "Filter": "((p_name)::text ~~ 'plum%'::text)"}]}, {"Node Type": "Index Scan", "Parent Relationship": "Inner", "Parallel Aware": false, "Scan Direction": "Forward", "Index Name": "partsupp_pkey", "Relation Name": "partsupp", "Alias": "partsupp", "Startup Cost": 0.43, "Total Cost": 0.5, "Plan Rows": 1, "Plan Width": 12, "Index Cond": "((ps_partkey = lineitem.l_partkey) AND (ps_suppkey = lineitem.l_suppkey))", "Filter": "((ps_availqty)::numeric > ((0.5 * sum(lineitem.l_quantity))))"}]}]}]}]}]}}, {"Plan": {"Node Type": "Limit", "Parallel Aware": false, "Startup Cost": 5053035.28, "Total Cost": 5053035.28, "Plan Rows": 1, "Plan Width": 51, "Plans": [{"Node Type": "Sort", "Parent Relationship": "Outer", "Parallel Aware": false, "Startup Cost": 5053035.28, "Total Cost": 5053035.28, "Plan Rows": 1, "Plan Width": 51, "Sort Key": ["supplier.s_name"], "Plans": [{"Node Type": "Nested Loop", "Parent Relationship": "Outer", "Parallel Aware": false, "Join Type": "Semi", "Startup Cost": 1.42, "Total Cost": 5053035.27, "Plan Rows": 1, "Plan Width": 51, "Inner Unique": false, "Join Filter": "(supplier.s_suppkey = lineitem.l_suppkey)", "Plans": [{"Node Type": "Nested Loop", "Parent Relationship": "Outer", "Parallel Aware": false, "Join Type": "Inner", "Startup Cost": 0.0, "Total Cost": 4467.31, "Plan Rows": 4000, "Plan Width": 55, "Inner Unique": false, "Join Filter": "(supplier.s_nationkey = nation.n_nationkey)", "Plans": [{"Node Type": "Seq Scan", "Parent Relationship": "Outer", "Parallel Aware": false, "Relation Name": "nation", "Alias": "nation", "Startup Cost": 0.0, "Total Cost": 1.31, "Plan Rows": 1, "Plan Width": 4, "Filter": "(n_name = 'ARGENTINA'::bpchar)"}, {"Node Type": "Seq Scan", "Parent Relationship": "Inner", "Parallel Aware": false, "Relation Name": "supplier", "Alias": "supplier", "Startup Cost": 0.0, "Total Cost": 3216.0, "Plan Rows": 100000, "Plan Width": 59}]}, {"Node Type": "Materialize", "Parent Relationship": "Inner", "Parallel Aware": false, "Startup Cost": 1.42, "Total Cost": 5048507.96, "Plan Rows": 1, "Plan Width": 8, "Plans": [{"Node Type": "Nested Loop", "Parent Relationship": "Outer", "Parallel Aware": false, "Join Type": "Inner", "Startup Cost": 1.42, "Total Cost": 5048507.95, "Plan Rows": 1, "Plan Width": 8, "Inner Unique": true, "Plans": [{"Node Type": "Nested Loop", "Parent Relationship": "Outer", "Parallel Aware": false, "Join Type": "Inner", "Startup Cost": 0.99, "Total Cost": 5018763.58, "Plan Rows": 58070, "Plan Width": 44, "Inner Unique": true, "Plans": [{"Node Type": "Aggregate", "Strategy": "Sorted", "Partial Mode": "Simple", "Parent Relationship": "Outer", "Parallel Aware": false, "Startup Cost": 0.56, "Total Cost": 2758172.12, "Plan Rows": 4829503, "Plan Width": 40, "Group Key": ["lineitem.l_partkey", "lineitem.l_suppkey"], "Plans": [{"Node Type": "Index Scan", "Parent Relationship": "Outer", "Parallel Aware": false, "Scan Direction": "Forward", "Index Name": "idx_lineitem_part_supp", "Relation Name": "lineitem", "Alias": "lineitem", "Startup Cost": 0.56, "Total Cost": 2617858.75, "Plan Rows": 9049443, "Plan Width": 13, "Filter": "((l_shipdate >= '1995-01-01'::date) AND (l_shipdate < '1996-01-01 00:00:00'::timestamp without time zone))"}]}, {"Node Type": "Index Scan", "Parent Relationship": "Inner", "Parallel Aware": false, "Scan Direction": "Forward", "Index Name": "part_pkey", "Relation Name": "part", "Alias": "part", "Startup Cost": 0.43, "Total Cost": 0.46, "Plan Rows": 1, "Plan Width": 4, "Index Cond": "(p_partkey = lineitem.l_partkey)", "Filter": "((p_name)::text ~~ 'plum%'::text)"}]}, {"Node Type": "Index Scan", "Parent Relationship": "Inner", "Parallel Aware": false, "Scan Direction": "Forward", "Index Name": "partsupp_pkey", "Relation Name": "partsupp", "Alias": "partsupp", "Startup Cost": 0.43, "Total Cost": 0.5, "Plan Rows": 1, "Plan Width": 12, "Index Cond": "((ps_partkey = lineitem.l_partkey) AND (ps_suppkey = lineitem.l_suppkey))", "Filter": "((ps_availqty)::numeric > ((0.5 * sum(lineitem.l_quantity))))"}]}]}]}]}]}}, {"Plan": {"Node Type": "Limit", "Parallel Aware": false, "Startup Cost": 40003971973.62, "Total Cost": 40003971973.62, "Plan Rows": 1, "Plan Width": 51, "Plans": [{"Node Type": "Sort", "Parent Relationship": "Outer", "Parallel Aware": false, "Startup Cost": 40003971973.62, "Total Cost": 40003971973.62, "Plan Rows": 1, "Plan Width": 51, "Sort Key": ["supplier.s_name"], "Plans": [{"Node Type": "Nested Loop", "Parent Relationship": "Outer", "Parallel Aware": false, "Join Type": "Inner", "Startup Cost": 40003507238.71, "Total Cost": 40003971973.61, "Plan Rows": 1, "Plan Width": 51, "Inner Unique": true, "Plans": [{"Node Type": "Merge Join", "Parent Relationship": "Outer", "Parallel Aware": false, "Join Type": "Semi", "Startup Cost": 30003507238.56, "Total Cost": 30003971971.23, "Plan Rows": 1, "Plan Width": 55, "Inner Unique": false, "Merge Cond": "(supplier.s_suppkey = lineitem.l_suppkey)", "Plans": [{"Node Type": "Index Scan", "Parent Relationship": "Outer", "Parallel Aware": false, "Scan Direction": "Forward", "Index Name": "supplier_pkey", "Relation Name": "supplier", "Alias": "supplier", "Startup Cost": 10000000000.29, "Total Cost": 10000004020.1, "Plan Rows": 100000, "Plan Width": 59}, {"Node Type": "Merge Join", "Parent Relationship": "Inner", "Parallel Aware": false, "Join Type": "Inner", "Startup Cost": 20003507238.27, "Total Cost": 20003967701.12, "Plan Rows": 1, "Plan Width": 8, "Inner Unique": false, "Merge Cond": "(partsupp.ps_suppkey = lineitem.l_suppkey)", "Join Filter": "((lineitem.l_partkey = partsupp.ps_partkey) AND ((partsupp.ps_availqty)::numeric > ((0.5 * sum(lineitem.l_quantity)))))", "Plans": [{"Node Type": "Index Scan", "Parent Relationship": "Outer", "Parallel Aware": false, "Scan Direction": "Forward", "Index Name": "idx_partsupp_suppkey", "Relation Name": "partsupp", "Alias": "partsupp", "Startup Cost": 10000000000.43, "Total Cost": 10000335982.16, "Plan Rows": 7999600, "Plan Width": 12}, {"Node Type": "Sort", "Parent Relationship": "Inner", "Parallel Aware": false, "Startup Cost": 10003507237.84, "Total Cost": 10003507383.01, "Plan Rows": 58070, "Plan Width": 44, "Sort Key": ["lineitem.l_suppkey"], "Plans": [{"Node Type": "Merge Join", "Parent Relationship": "Outer", "Parallel Aware": false, "Join Type": "Inner", "Startup Cost": 10003196698.52, "Total Cost": 10003502642.9, "Plan Rows": 58070, "Plan Width": 44, "Inner Unique": true, "Merge Cond": "(lineitem.l_partkey = part.p_partkey)", "Plans": [{"Node Type": "Aggregate", "Strategy": "Sorted", "Partial Mode": "Simple", "Parent Relationship": "Outer", "Parallel Aware": false, "Startup Cost": 3196698.09, "Total Cost": 3359635.07, "Plan Rows": 4829503, "Plan Width": 40, "Group Key": ["lineitem.l_partkey", "lineitem.l_suppkey"], "Plans": [{"Node Type": "Sort", "Parent Relationship": "Outer", "Parallel Aware": false, "Startup Cost": 3196698.09, "Total Cost": 3219321.7, "Plan Rows": 9049443, "Plan Width": 13, "Sort Key": ["lineitem.l_partkey", "lineitem.l_suppkey"], "Plans": [{"Node Type": "Bitmap Heap Scan", "Parent Relationship": "Outer", "Parallel Aware": false, "Relation Name": "lineitem", "Alias": "lineitem", "Startup Cost": 131139.66, "Total Cost": 2060478.86, "Plan Rows": 9049443, "Plan Width": 13, "Recheck Cond": "((l_shipdate >= '1995-01-01'::date) AND (l_shipdate < '1996-01-01 00:00:00'::timestamp without time zone))", "Plans": [{"Node Type": "Bitmap Index Scan", "Parent Relationship": "Outer", "Parallel Aware": false, "Index Name": "idx_lineitem_shipdate", "Startup Cost": 0.0, "Total Cost": 128877.3, "Plan Rows": 9049443, "Plan Width": 0, "Index Cond": "((l_shipdate >= '1995-01-01'::date) AND (l_shipdate < '1996-01-01 00:00:00'::timestamp without time zone))"}]}]}]}, {"Node Type": "Index Scan", "Parent Relationship": "Inner", "Parallel Aware": false, "Scan Direction": "Forward", "Index Name": "part_pkey", "Relation Name": "part", "Alias": "part", "Startup Cost": 10000000000.43, "Total Cost": 10000081998.23, "Plan Rows": 24048, "Plan Width": 4, "Filter": "((p_name)::text ~~ 'plum%'::text)"}]}]}]}]}, {"Node Type": "Bitmap Heap Scan", "Parent Relationship": "Inner", "Parallel Aware": false, "Relation Name": "nation", "Alias": "nation", "Startup Cost": 0.15, "Total Cost": 1.26, "Plan Rows": 1, "Plan Width": 4, "Recheck Cond": "(n_nationkey = supplier.s_nationkey)", "Filter": "(n_name = 'ARGENTINA'::bpchar)", "Plans": [{"Node Type": "Bitmap Index Scan", "Parent Relationship": "Outer", "Parallel Aware": false, "Index Name": "nation_pkey", "Startup Cost": 0.0, "Total Cost": 0.15, "Plan Rows": 1, "Plan Width": 0, "Index Cond": "(n_nationkey = supplier.s_nationkey)"}]}]}]}]}}, {"Plan": {"Node Type": "Limit", "Parallel Aware": false, "Startup Cost": 10781844.83, "Total Cost": 10781844.84, "Plan Rows": 1, "Plan Width": 51, "Plans": [{"Node Type": "Sort", "Parent Relationship": "Outer", "Parallel Aware": false, "Startup Cost": 10781844.83, "Total Cost": 10781844.84, "Plan Rows": 1, "Plan Width": 51, "Sort Key": ["supplier.s_name"], "Plans": [{"Node Type": "Nested Loop", "Parent Relationship": "Outer", "Parallel Aware": false, "Join Type": "Inner", "Startup Cost": 10781841.47, "Total Cost": 10781844.82, "Plan Rows": 1, "Plan Width": 51, "Inner Unique": true, "Plans": [{"Node Type": "Nested Loop", "Parent Relationship": "Outer", "Parallel Aware": false, "Join Type": "Inner", "Startup Cost": 10781841.33, "Total Cost": 10781842.45, "Plan Rows": 1, "Plan Width": 55, "Inner Unique": true, "Plans": [{"Node Type": "Aggregate", "Strategy": "Hashed", "Partial Mode": "Simple", "Parent Relationship": "Outer", "Parallel Aware": false, "Startup Cost": 10781841.02, "Total Cost": 10781841.03, "Plan Rows": 1, "Plan Width": 8, "Group Key": ["partsupp.ps_suppkey"], "Plans": [{"Node Type": "Nested Loop", "Parent Relationship": "Outer", "Parallel Aware": false, "Join Type": "Inner", "Startup Cost": 1858992.78, "Total Cost": 10781841.02, "Plan Rows": 1, "Plan Width": 8, "Inner Unique": true, "Join Filter": "(lineitem.l_partkey = part.p_partkey)", "Plans": [{"Node Type": "Nested Loop", "Parent Relationship": "Outer", "Parallel Aware": false, "Join Type": "Inner", "Startup Cost": 1858992.34, "Total Cost": 10781726.88, "Plan Rows": 73, "Plan Width": 16, "Inner Unique": true, "Plans": [{"Node Type": "Aggregate", "Strategy": "Sorted", "Partial Mode": "Finalize", "Parent Relationship": "Outer", "Parallel Aware": false, "Startup Cost": 1858991.89, "Total Cost": 3113700.31, "Plan Rows": 4829503, "Plan Width": 40, "Group Key": ["lineitem.l_partkey", "lineitem.l_suppkey"], "Plans": [{"Node Type": "Gather Merge", "Parent Relationship": "Outer", "Parallel Aware": false, "Startup Cost": 1858991.89, "Total Cost": 2953682.52, "Plan Rows": 8757525, "Plan Width": 40, "Workers Planned": 3, "Plans": [{"Node Type": "Aggregate", "Strategy": "Sorted", "Partial Mode": "Partial", "Parent Relationship": "Outer", "Parallel Aware": false, "Startup Cost": 1857991.85, "Total Cost": 1923673.29, "Plan Rows": 2919175, "Plan Width": 40, "Group Key": ["lineitem.l_partkey", "lineitem.l_suppkey"], "Plans": [{"Node Type": "Sort", "Parent Relationship": "Outer", "Parallel Aware": false, "Startup Cost": 1857991.85, "Total Cost": 1865289.79, "Plan Rows": 2919175, "Plan Width": 13, "Sort Key": ["lineitem.l_partkey", "lineitem.l_suppkey"], "Plans": [{"Node Type": "Bitmap Heap Scan", "Parent Relationship": "Outer", "Parallel Aware": true, "Relation Name": "lineitem", "Alias": "lineitem", "Startup Cost": 131139.66, "Total Cost": 1515293.66, "Plan Rows": 2919175, "Plan Width": 13, "Recheck Cond": "((l_shipdate >= '1995-01-01'::date) AND (l_shipdate < '1996-01-01 00:00:00'::timestamp without time zone))", "Plans": [{"Node Type": "Bitmap Index Scan", "Parent Relationship": "Outer", "Parallel Aware": false, "Index Name": "idx_lineitem_shipdate", "Startup Cost": 0.0, "Total Cost": 128877.3, "Plan Rows": 9049443, "Plan Width": 0, "Index Cond": "((l_shipdate >= '1995-01-01'::date) AND (l_shipdate < '1996-01-01 00:00:00'::timestamp without time zone))"}]}]}]}]}]}, {"Node Type": "Bitmap Heap Scan", "Parent Relationship": "Inner", "Parallel Aware": false, "Relation Name": "partsupp", "Alias": "partsupp", "Startup Cost": 0.45, "Total Cost": 1.57, "Plan Rows": 1, "Plan Width": 12, "Recheck Cond": "((ps_partkey = lineitem.l_partkey) AND (ps_suppkey = lineitem.l_suppkey))", "Filter": "((ps_availqty)::numeric > ((0.5 * sum(lineitem.l_quantity))))", "Plans": [{"Node Type": "Bitmap Index Scan", "Parent Relationship": "Outer", "Parallel Aware": false, "Index Name": "partsupp_pkey", "Startup Cost": 0.0, "Total Cost": 0.45, "Plan Rows": 1, "Plan Width": 0, "Index Cond": "((ps_partkey = lineitem.l_partkey) AND (ps_suppkey = lineitem.l_suppkey))"}]}]}, {"Node Type": "Bitmap Heap Scan", "Parent Relationship": "Inner", "Parallel Aware": false, "Relation Name": "part", "Alias": "part", "Startup Cost": 0.44, "Total Cost": 1.55, "Plan Rows": 1, "Plan Width": 4, "Recheck Cond": "(p_partkey = partsupp.ps_partkey)", "Filter": "((p_name)::text ~~ 'plum%'::text)", "Plans": [{"Node Type": "Bitmap Index Scan", "Parent Relationship": "Outer", "Parallel Aware": false, "Index Name": "part_pkey", "Startup Cost": 0.0, "Total Cost": 0.44, "Plan Rows": 1, "Plan Width": 0, "Index Cond": "(p_partkey = partsupp.ps_partkey)"}]}]}]}, {"Node Type": "Bitmap Heap Scan", "Parent Relationship": "Inner", "Parallel Aware": false, "Relation Name": "supplier", "Alias": "supplier", "Startup Cost": 0.3, "Total Cost": 1.42, "Plan Rows": 1, "Plan Width": 59, "Recheck Cond": "(s_suppkey = lineitem.l_suppkey)", "Plans": [{"Node Type": "Bitmap Index Scan", "Parent Relationship": "Outer", "Parallel Aware": false, "Index Name": "supplier_pkey", "Startup Cost": 0.0, "Total Cost": 0.3, "Plan Rows": 1, "Plan Width": 0, "Index Cond": "(s_suppkey = lineitem.l_suppkey)"}]}]}, {"Node Type": "Bitmap Heap Scan", "Parent Relationship": "Inner", "Parallel Aware": false, "Relation Name": "nation", "Alias": "nation", "Startup Cost": 0.15, "Total Cost": 1.26, "Plan Rows": 1, "Plan Width": 4, "Recheck Cond": "(n_nationkey = supplier.s_nationkey)", "Filter": "(n_name = 'ARGENTINA'::bpchar)", "Plans": [{"Node Type": "Bitmap Index Scan", "Parent Relationship": "Outer", "Parallel Aware": false, "Index Name": "nation_pkey", "Startup Cost": 0.0, "Total Cost": 0.15, "Plan Rows": 1, "Plan Width": 0, "Index Cond": "(n_nationkey = supplier.s_nationkey)"}]}]}]}]}}, {"Plan": {"Node Type": "Limit", "Parallel Aware": false, "Startup Cost": 3224600.45, "Total Cost": 3224600.45, "Plan Rows": 1, "Plan Width": 51, "Plans": [{"Node Type": "Sort", "Parent Relationship": "Outer", "Parallel Aware": false, "Startup Cost": 3224600.45, "Total Cost": 3224600.45, "Plan Rows": 1, "Plan Width": 51, "Sort Key": ["supplier.s_name"], "Plans": [{"Node Type": "Nested Loop", "Parent Relationship": "Outer", "Parallel Aware": false, "Join Type": "Semi", "Startup Cost": 1812675.68, "Total Cost": 3224600.44, "Plan Rows": 1, "Plan Width": 51, "Inner Unique": false, "Join Filter": "(supplier.s_suppkey = lineitem.l_suppkey)", "Plans": [{"Node Type": "Nested Loop", "Parent Relationship": "Outer", "Parallel Aware": false, "Join Type": "Inner", "Startup Cost": 0.0, "Total Cost": 4467.31, "Plan Rows": 4000, "Plan Width": 55, "Inner Unique": false, "Join Filter": "(supplier.s_nationkey = nation.n_nationkey)", "Plans": [{"Node Type": "Seq Scan", "Parent Relationship": "Outer", "Parallel Aware": false, "Relation Name": "nation", "Alias": "nation", "Startup Cost": 0.0, "Total Cost": 1.31, "Plan Rows": 1, "Plan Width": 4, "Filter": "(n_name = 'ARGENTINA'::bpchar)"}, {"Node Type": "Seq Scan", "Parent Relationship": "Inner", "Parallel Aware": false, "Relation Name": "supplier", "Alias": "supplier", "Startup Cost": 0.0, "Total Cost": 3216.0, "Plan Rows": 100000, "Plan Width": 59}]}, {"Node Type": "Materialize", "Parent Relationship": "Inner", "Parallel Aware": false, "Startup Cost": 1812675.68, "Total Cost": 3220073.13, "Plan Rows": 1, "Plan Width": 8, "Plans": [{"Node Type": "Nested Loop", "Parent Relationship": "Outer", "Parallel Aware": false, "Join Type": "Inner", "Startup Cost": 1812675.68, "Total Cost": 3220073.12, "Plan Rows": 1, "Plan Width": 8, "Inner Unique": true, "Plans": [{"Node Type": "Merge Join", "Parent Relationship": "Outer", "Parallel Aware": false, "Join Type": "Inner", "Startup Cost": 1812675.23, "Total Cost": 3128453.38, "Plan Rows": 58070, "Plan Width": 44, "Inner Unique": true, "Merge Cond": "(lineitem.l_partkey = part.p_partkey)", "Plans": [{"Node Type": "Aggregate", "Strategy": "Sorted", "Partial Mode": "Finalize", "Parent Relationship": "Outer", "Parallel Aware": false, "Startup Cost": 1758493.99, "Total Cost": 3013202.41, "Plan Rows": 4829503, "Plan Width": 40, "Group Key": ["lineitem.l_partkey", "lineitem.l_suppkey"], "Plans": [{"Node Type": "Gather Merge", "Parent Relationship": "Outer", "Parallel Aware": false, "Startup Cost": 1758493.99, "Total Cost": 2853184.61, "Plan Rows": 8757525, "Plan Width": 40, "Workers Planned": 3, "Plans": [{"Node Type": "Aggregate", "Strategy": "Sorted", "Partial Mode": "Partial", "Parent Relationship": "Outer", "Parallel Aware": false, "Startup Cost": 1757493.95, "Total Cost": 1823175.39, "Plan Rows": 2919175, "Plan Width": 40, "Group Key": ["lineitem.l_partkey", "lineitem.l_suppkey"], "Plans": [{"Node Type": "Sort", "Parent Relationship": "Outer", "Parallel Aware": false, "Startup Cost": 1757493.95, "Total Cost": 1764791.89, "Plan Rows": 2919175, "Plan Width": 13, "Sort Key": ["lineitem.l_partkey", "lineitem.l_suppkey"], "Plans": [{"Node Type": "Seq Scan", "Parent Relationship": "Outer", "Parallel Aware": true, "Relation Name": "lineitem", "Alias": "lineitem", "Startup Cost": 0.0, "Total Cost": 1414795.75, "Plan Rows": 2919175, "Plan Width": 13, "Filter": "((l_shipdate >= '1995-01-01'::date) AND (l_shipdate < '1996-01-01 00:00:00'::timestamp without time zone))"}]}]}]}]}, {"Node Type": "Sort", "Parent Relationship": "Inner", "Parallel Aware": false, "Startup Cost": 54181.24, "Total Cost": 54241.36, "Plan Rows": 24048, "Plan Width": 4, "Sort Key": ["part.p_partkey"], "Plans": [{"Node Type": "Gather", "Parent Relationship": "Outer", "Parallel Aware": false, "Startup Cost": 1000.0, "Total Cost": 52431.32, "Plan Rows": 24048, "Plan Width": 4, "Workers Planned": 3, "Single Copy": false, "Plans": [{"Node Type": "Seq Scan", "Parent Relationship": "Outer", "Parallel Aware": true, "Relation Name": "part", "Alias": "part", "Startup Cost": 0.0, "Total Cost": 49026.52, "Plan Rows": 7757, "Plan Width": 4, "Filter": "((p_name)::text ~~ 'plum%'::text)"}]}]}]}, {"Node Type": "Bitmap Heap Scan", "Parent Relationship": "Inner", "Parallel Aware": false, "Relation Name": "partsupp", "Alias": "partsupp", "Startup Cost": 0.45, "Total Cost": 1.57, "Plan Rows": 1, "Plan Width": 12, "Recheck Cond": "((ps_partkey = lineitem.l_partkey) AND (ps_suppkey = lineitem.l_suppkey))", "Filter": "((ps_availqty)::numeric > ((0.5 * sum(lineitem.l_quantity))))", "Plans": [{"Node Type": "Bitmap Index Scan", "Parent Relationship": "Outer", "Parallel Aware": false, "Index Name": "partsupp_pkey", "Startup Cost": 0.0, "Total Cost": 0.45, "Plan Rows": 1, "Plan Width": 0, "Index Cond": "((ps_partkey = lineitem.l_partkey) AND (ps_suppkey = lineitem.l_suppkey))"}]}]}]}]}]}]}}, {"Plan": {"Node Type": "Limit", "Parallel Aware": false, "Startup Cost": 3683106.36, "Total Cost": 3683106.36, "Plan Rows": 1, "Plan Width": 51, "Plans": [{"Node Type": "Sort", "Parent Relationship": "Outer", "Parallel Aware": false, "Startup Cost": 3683106.36, "Total Cost": 3683106.36, "Plan Rows": 1, "Plan Width": 51, "Sort Key": ["supplier.s_name"], "Plans": [{"Node Type": "Merge Join", "Parent Relationship": "Outer", "Parallel Aware": false, "Join Type": "Semi", "Startup Cost": 3683086.33, "Total Cost": 3683106.35, "Plan Rows": 1, "Plan Width": 51, "Inner Unique": false, "Merge Cond": "(supplier.s_suppkey = lineitem.l_suppkey)", "Plans": [{"Node Type": "Sort", "Parent Relationship": "Outer", "Parallel Aware": false, "Startup Cost": 9422.6, "Total Cost": 9432.6, "Plan Rows": 4000, "Plan Width": 55, "Sort Key": ["supplier.s_suppkey"], "Plans": [{"Node Type": "Gather", "Parent Relationship": "Outer", "Parallel Aware": false, "Startup Cost": 8465.63, "Total Cost": 9183.29, "Plan Rows": 4000, "Plan Width": 55, "Workers Planned": 1, "Single Copy": false, "Plans": [{"Node Type": "Merge Join", "Parent Relationship": "Outer", "Parallel Aware": false, "Join Type": "Inner", "Startup Cost": 7465.63, "Total Cost": 7783.29, "Plan Rows": 2353, "Plan Width": 55, "Inner Unique": true, "Merge Cond": "(supplier.s_nationkey = nation.n_nationkey)", "Plans": [{"Node Type": "Sort", "Parent Relationship": "Outer", "Parallel Aware": false, "Startup Cost": 7464.31, "Total Cost": 7611.37, "Plan Rows": 58824, "Plan Width": 59, "Sort Key": ["supplier.s_nationkey"], "Plans": [{"Node Type": "Seq Scan", "Parent Relationship": "Outer", "Parallel Aware": true, "Relation Name": "supplier", "Alias": "supplier", "Startup Cost": 0.0, "Total Cost": 2804.24, "Plan Rows": 58824, "Plan Width": 59}]}, {"Node Type": "Sort", "Parent Relationship": "Inner", "Parallel Aware": false, "Startup Cost": 1.32, "Total Cost": 1.33, "Plan Rows": 1, "Plan Width": 4, "Sort Key": ["nation.n_nationkey"], "Plans": [{"Node Type": "Seq Scan", "Parent Relationship": "Outer", "Parallel Aware": false, "Relation Name": "nation", "Alias": "nation", "Startup Cost": 0.0, "Total Cost": 1.31, "Plan Rows": 1, "Plan Width": 4, "Filter": "(n_name = 'ARGENTINA'::bpchar)"}]}]}]}]}, {"Node Type": "Sort", "Parent Relationship": "Inner", "Parallel Aware": false, "Startup Cost": 3673663.73, "Total Cost": 3673663.73, "Plan Rows": 1, "Plan Width": 8, "Sort Key": ["partsupp.ps_suppkey"], "Plans": [{"Node Type": "Merge Join", "Parent Relationship": "Outer", "Parallel Aware": false, "Join Type": "Inner", "Startup Cost": 2328044.28, "Total Cost": 3673663.72, "Plan Rows": 1, "Plan Width": 8, "Inner Unique": false, "Merge Cond": "(lineitem.l_partkey = partsupp.ps_partkey)", "Join Filter": "((partsupp.ps_suppkey = lineitem.l_suppkey) AND ((partsupp.ps_availqty)::numeric > ((0.5 * sum(lineitem.l_quantity)))))", "Plans": [{"Node Type": "Aggregate", "Strategy": "Sorted", "Partial Mode": "Finalize", "Parent Relationship": "Outer", "Parallel Aware": false, "Startup Cost": 1758493.99, "Total Cost": 3013202.41, "Plan Rows": 4829503, "Plan Width": 40, "Group Key": ["lineitem.l_partkey", "lineitem.l_suppkey"], "Plans": [{"Node Type": "Gather Merge", "Parent Relationship": "Outer", "Parallel Aware": false, "Startup Cost": 1758493.99, "Total Cost": 2853184.61, "Plan Rows": 8757525, "Plan Width": 40, "Workers Planned": 3, "Plans": [{"Node Type": "Aggregate", "Strategy": "Sorted", "Partial Mode": "Partial", "Parent Relationship": "Outer", "Parallel Aware": false, "Startup Cost": 1757493.95, "Total Cost": 1823175.39, "Plan Rows": 2919175, "Plan Width": 40, "Group Key": ["lineitem.l_partkey", "lineitem.l_suppkey"], "Plans": [{"Node Type": "Sort", "Parent Relationship": "Outer", "Parallel Aware": false, "Startup Cost": 1757493.95, "Total Cost": 1764791.89, "Plan Rows": 2919175, "Plan Width": 13, "Sort Key": ["lineitem.l_partkey", "lineitem.l_suppkey"], "Plans": [{"Node Type": "Seq Scan", "Parent Relationship": "Outer", "Parallel Aware": true, "Relation Name": "lineitem", "Alias": "lineitem", "Startup Cost": 0.0, "Total Cost": 1414795.75, "Plan Rows": 2919175, "Plan Width": 13, "Filter": "((l_shipdate >= '1995-01-01'::date) AND (l_shipdate < '1996-01-01 00:00:00'::timestamp without time zone))"}]}]}]}]}, {"Node Type": "Materialize", "Parent Relationship": "Inner", "Parallel Aware": false, "Startup Cost": 569550.29, "Total Cost": 594425.68, "Plan Rows": 96187, "Plan Width": 16, "Plans": [{"Node Type": "Gather Merge", "Parent Relationship": "Outer", "Parallel Aware": false, "Startup Cost": 569550.29, "Total Cost": 594185.21, "Plan Rows": 96187, "Plan Width": 16, "Workers Planned": 3, "Plans": [{"Node Type": "Merge Join", "Parent Relationship": "Outer", "Parallel Aware": false, "Join Type": "Inner", "Startup Cost": 568550.25, "Total Cost": 581883.2, "Plan Rows": 31028, "Plan Width": 16, "Inner Unique": true, "Merge Cond": "(partsupp.ps_partkey = part.p_partkey)", "Plans": [{"Node Type": "Sort", "Parent Relationship": "Outer", "Parallel Aware": false, "Startup Cost": 500838.21, "Total Cost": 507289.5, "Plan Rows": 2580516, "Plan Width": 12, "Sort Key": ["partsupp.ps_partkey"], "Plans": [{"Node Type": "Seq Scan", "Parent Relationship": "Outer", "Parallel Aware": true, "Relation Name": "partsupp", "Alias": "partsupp", "Startup Cost": 0.0, "Total Cost": 200191.16, "Plan Rows": 2580516, "Plan Width": 12}]}, {"Node Type": "Sort", "Parent Relationship": "Inner", "Parallel Aware": false, "Startup Cost": 67711.93, "Total Cost": 67772.05, "Plan Rows": 24048, "Plan Width": 4, "Sort Key": ["part.p_partkey"], "Plans": [{"Node Type": "Seq Scan", "Parent Relationship": "Outer", "Parallel Aware": false, "Relation Name": "part", "Alias": "part", "Startup Cost": 0.0, "Total Cost": 65962.0, "Plan Rows": 24048, "Plan Width": 4, "Filter": "((p_name)::text ~~ 'plum%'::text)"}]}]}]}]}]}]}]}]}]}}, {"Plan": {"Node Type": "Limit", "Parallel Aware": false, "Startup Cost": 10781844.83, "Total Cost": 10781844.84, "Plan Rows": 1, "Plan Width": 51, "Plans": [{"Node Type": "Sort", "Parent Relationship": "Outer", "Parallel Aware": false, "Startup Cost": 10781844.83, "Total Cost": 10781844.84, "Plan Rows": 1, "Plan Width": 51, "Sort Key": ["supplier.s_name"], "Plans": [{"Node Type": "Nested Loop", "Parent Relationship": "Outer", "Parallel Aware": false, "Join Type": "Inner", "Startup Cost": 10781841.47, "Total Cost": 10781844.82, "Plan Rows": 1, "Plan Width": 51, "Inner Unique": true, "Plans": [{"Node Type": "Nested Loop", "Parent Relationship": "Outer", "Parallel Aware": false, "Join Type": "Inner", "Startup Cost": 10781841.33, "Total Cost": 10781842.45, "Plan Rows": 1, "Plan Width": 55, "Inner Unique": true, "Plans": [{"Node Type": "Aggregate", "Strategy": "Hashed", "Partial Mode": "Simple", "Parent Relationship": "Outer", "Parallel Aware": false, "Startup Cost": 10781841.02, "Total Cost": 10781841.03, "Plan Rows": 1, "Plan Width": 8, "Group Key": ["partsupp.ps_suppkey"], "Plans": [{"Node Type": "Nested Loop", "Parent Relationship": "Outer", "Parallel Aware": false, "Join Type": "Inner", "Startup Cost": 1858992.78, "Total Cost": 10781841.02, "Plan Rows": 1, "Plan Width": 8, "Inner Unique": true, "Join Filter": "(lineitem.l_partkey = part.p_partkey)", "Plans": [{"Node Type": "Nested Loop", "Parent Relationship": "Outer", "Parallel Aware": false, "Join Type": "Inner", "Startup Cost": 1858992.34, "Total Cost": 10781726.88, "Plan Rows": 73, "Plan Width": 16, "Inner Unique": true, "Plans": [{"Node Type": "Aggregate", "Strategy": "Sorted", "Partial Mode": "Finalize", "Parent Relationship": "Outer", "Parallel Aware": false, "Startup Cost": 1858991.89, "Total Cost": 3113700.31, "Plan Rows": 4829503, "Plan Width": 40, "Group Key": ["lineitem.l_partkey", "lineitem.l_suppkey"], "Plans": [{"Node Type": "Gather Merge", "Parent Relationship": "Outer", "Parallel Aware": false, "Startup Cost": 1858991.89, "Total Cost": 2953682.52, "Plan Rows": 8757525, "Plan Width": 40, "Workers Planned": 3, "Plans": [{"Node Type": "Aggregate", "Strategy": "Sorted", "Partial Mode": "Partial", "Parent Relationship": "Outer", "Parallel Aware": false, "Startup Cost": 1857991.85, "Total Cost": 1923673.29, "Plan Rows": 2919175, "Plan Width": 40, "Group Key": ["lineitem.l_partkey", "lineitem.l_suppkey"], "Plans": [{"Node Type": "Sort", "Parent Relationship": "Outer", "Parallel Aware": false, "Startup Cost": 1857991.85, "Total Cost": 1865289.79, "Plan Rows": 2919175, "Plan Width": 13, "Sort Key": ["lineitem.l_partkey", "lineitem.l_suppkey"], "Plans": [{"Node Type": "Bitmap Heap Scan", "Parent Relationship": "Outer", "Parallel Aware": true, "Relation Name": "lineitem", "Alias": "lineitem", "Startup Cost": 131139.66, "Total Cost": 1515293.66, "Plan Rows": 2919175, "Plan Width": 13, "Recheck Cond": "((l_shipdate >= '1995-01-01'::date) AND (l_shipdate < '1996-01-01 00:00:00'::timestamp without time zone))", "Plans": [{"Node Type": "Bitmap Index Scan", "Parent Relationship": "Outer", "Parallel Aware": false, "Index Name": "idx_lineitem_shipdate", "Startup Cost": 0.0, "Total Cost": 128877.3, "Plan Rows": 9049443, "Plan Width": 0, "Index Cond": "((l_shipdate >= '1995-01-01'::date) AND (l_shipdate < '1996-01-01 00:00:00'::timestamp without time zone))"}]}]}]}]}]}, {"Node Type": "Bitmap Heap Scan", "Parent Relationship": "Inner", "Parallel Aware": false, "Relation Name": "partsupp", "Alias": "partsupp", "Startup Cost": 0.45, "Total Cost": 1.57, "Plan Rows": 1, "Plan Width": 12, "Recheck Cond": "((ps_partkey = lineitem.l_partkey) AND (ps_suppkey = lineitem.l_suppkey))", "Filter": "((ps_availqty)::numeric > ((0.5 * sum(lineitem.l_quantity))))", "Plans": [{"Node Type": "Bitmap Index Scan", "Parent Relationship": "Outer", "Parallel Aware": false, "Index Name": "partsupp_pkey", "Startup Cost": 0.0, "Total Cost": 0.45, "Plan Rows": 1, "Plan Width": 0, "Index Cond": "((ps_partkey = lineitem.l_partkey) AND (ps_suppkey = lineitem.l_suppkey))"}]}]}, {"Node Type": "Bitmap Heap Scan", "Parent Relationship": "Inner", "Parallel Aware": false, "Relation Name": "part", "Alias": "part", "Startup Cost": 0.44, "Total Cost": 1.55, "Plan Rows": 1, "Plan Width": 4, "Recheck Cond": "(p_partkey = partsupp.ps_partkey)", "Filter": "((p_name)::text ~~ 'plum%'::text)", "Plans": [{"Node Type": "Bitmap Index Scan", "Parent Relationship": "Outer", "Parallel Aware": false, "Index Name": "part_pkey", "Startup Cost": 0.0, "Total Cost": 0.44, "Plan Rows": 1, "Plan Width": 0, "Index Cond": "(p_partkey = partsupp.ps_partkey)"}]}]}]}, {"Node Type": "Bitmap Heap Scan", "Parent Relationship": "Inner", "Parallel Aware": false, "Relation Name": "supplier", "Alias": "supplier", "Startup Cost": 0.3, "Total Cost": 1.42, "Plan Rows": 1, "Plan Width": 59, "Recheck Cond": "(s_suppkey = lineitem.l_suppkey)", "Plans": [{"Node Type": "Bitmap Index Scan", "Parent Relationship": "Outer", "Parallel Aware": false, "Index Name": "supplier_pkey", "Startup Cost": 0.0, "Total Cost": 0.3, "Plan Rows": 1, "Plan Width": 0, "Index Cond": "(s_suppkey = lineitem.l_suppkey)"}]}]}, {"Node Type": "Bitmap Heap Scan", "Parent Relationship": "Inner", "Parallel Aware": false, "Relation Name": "nation", "Alias": "nation", "Startup Cost": 0.15, "Total Cost": 1.26, "Plan Rows": 1, "Plan Width": 4, "Recheck Cond": "(n_nationkey = supplier.s_nationkey)", "Filter": "(n_name = 'ARGENTINA'::bpchar)", "Plans": [{"Node Type": "Bitmap Index Scan", "Parent Relationship": "Outer", "Parallel Aware": false, "Index Name": "nation_pkey", "Startup Cost": 0.0, "Total Cost": 0.15, "Plan Rows": 1, "Plan Width": 0, "Index Cond": "(n_nationkey = supplier.s_nationkey)"}]}]}]}]}}, {"Plan": {"Node Type": "Limit", "Parallel Aware": false, "Startup Cost": 10685870.44, "Total Cost": 10685870.45, "Plan Rows": 1, "Plan Width": 51, "Plans": [{"Node Type": "Sort", "Parent Relationship": "Outer", "Parallel Aware": false, "Startup Cost": 10685870.44, "Total Cost": 10685870.45, "Plan Rows": 1, "Plan Width": 51, "Sort Key": ["supplier.s_name"], "Plans": [{"Node Type": "Nested Loop", "Parent Relationship": "Outer", "Parallel Aware": false, "Join Type": "Semi", "Startup Cost": 1758494.87, "Total Cost": 10685870.43, "Plan Rows": 1, "Plan Width": 51, "Inner Unique": false, "Join Filter": "(supplier.s_suppkey = lineitem.l_suppkey)", "Plans": [{"Node Type": "Nested Loop", "Parent Relationship": "Outer", "Parallel Aware": false, "Join Type": "Inner", "Startup Cost": 0.0, "Total Cost": 4467.31, "Plan Rows": 4000, "Plan Width": 55, "Inner Unique": false, "Join Filter": "(supplier.s_nationkey = nation.n_nationkey)", "Plans": [{"Node Type": "Seq Scan", "Parent Relationship": "Outer", "Parallel Aware": false, "Relation Name": "nation", "Alias": "nation", "Startup Cost": 0.0, "Total Cost": 1.31, "Plan Rows": 1, "Plan Width": 4, "Filter": "(n_name = 'ARGENTINA'::bpchar)"}, {"Node Type": "Seq Scan", "Parent Relationship": "Inner", "Parallel Aware": false, "Relation Name": "supplier", "Alias": "supplier", "Startup Cost": 0.0, "Total Cost": 3216.0, "Plan Rows": 100000, "Plan Width": 59}]}, {"Node Type": "Materialize", "Parent Relationship": "Inner", "Parallel Aware": false, "Startup Cost": 1758494.87, "Total Cost": 10681343.12, "Plan Rows": 1, "Plan Width": 8, "Plans": [{"Node Type": "Nested Loop", "Parent Relationship": "Outer", "Parallel Aware": false, "Join Type": "Inner", "Startup Cost": 1758494.87, "Total Cost": 10681343.12, "Plan Rows": 1, "Plan Width": 8, "Inner Unique": true, "Join Filter": "(lineitem.l_partkey = part.p_partkey)", "Plans": [{"Node Type": "Nested Loop", "Parent Relationship": "Outer", "Parallel Aware": false, "Join Type": "Inner", "Startup Cost": 1758494.44, "Total Cost": 10681228.98, "Plan Rows": 73, "Plan Width": 16, "Inner Unique": true, "Plans": [{"Node Type": "Aggregate", "Strategy": "Sorted", "Partial Mode": "Finalize", "Parent Relationship": "Outer", "Parallel Aware": false, "Startup Cost": 1758493.99, "Total Cost": 3013202.41, "Plan Rows": 4829503, "Plan Width": 40, "Group Key": ["lineitem.l_partkey", "lineitem.l_suppkey"], "Plans": [{"Node Type": "Gather Merge", "Parent Relationship": "Outer", "Parallel Aware": false, "Startup Cost": 1758493.99, "Total Cost": 2853184.61, "Plan Rows": 8757525, "Plan Width": 40, "Workers Planned": 3, "Plans": [{"Node Type": "Aggregate", "Strategy": "Sorted", "Partial Mode": "Partial", "Parent Relationship": "Outer", "Parallel Aware": false, "Startup Cost": 1757493.95, "Total Cost": 1823175.39, "Plan Rows": 2919175, "Plan Width": 40, "Group Key": ["lineitem.l_partkey", "lineitem.l_suppkey"], "Plans": [{"Node Type": "Sort", "Parent Relationship": "Outer", "Parallel Aware": false, "Startup Cost": 1757493.95, "Total Cost": 1764791.89, "Plan Rows": 2919175, "Plan Width": 13, "Sort Key": ["lineitem.l_partkey", "lineitem.l_suppkey"], "Plans": [{"Node Type": "Seq Scan", "Parent Relationship": "Outer", "Parallel Aware": true, "Relation Name": "lineitem", "Alias": "lineitem", "Startup Cost": 0.0, "Total Cost": 1414795.75, "Plan Rows": 2919175, "Plan Width": 13, "Filter": "((l_shipdate >= '1995-01-01'::date) AND (l_shipdate < '1996-01-01 00:00:00'::timestamp without time zone))"}]}]}]}]}, {"Node Type": "Bitmap Heap Scan", "Parent Relationship": "Inner", "Parallel Aware": false, "Relation Name": "partsupp", "Alias": "partsupp", "Startup Cost": 0.45, "Total Cost": 1.57, "Plan Rows": 1, "Plan Width": 12, "Recheck Cond": "((ps_partkey = lineitem.l_partkey) AND (ps_suppkey = lineitem.l_suppkey))", "Filter": "((ps_availqty)::numeric > ((0.5 * sum(lineitem.l_quantity))))", "Plans": [{"Node Type": "Bitmap Index Scan", "Parent Relationship": "Outer", "Parallel Aware": false, "Index Name": "partsupp_pkey", "Startup Cost": 0.0, "Total Cost": 0.45, "Plan Rows": 1, "Plan Width": 0, "Index Cond": "((ps_partkey = lineitem.l_partkey) AND (ps_suppkey = lineitem.l_suppkey))"}]}]}, {"Node Type": "Bitmap Heap Scan", "Parent Relationship": "Inner", "Parallel Aware": false, "Relation Name": "part", "Alias": "part", "Startup Cost": 0.44, "Total Cost": 1.55, "Plan Rows": 1, "Plan Width": 4, "Recheck Cond": "(p_partkey = partsupp.ps_partkey)", "Filter": "((p_name)::text ~~ 'plum%'::text)", "Plans": [{"Node Type": "Bitmap Index Scan", "Parent Relationship": "Outer", "Parallel Aware": false, "Index Name": "part_pkey", "Startup Cost": 0.0, "Total Cost": 0.44, "Plan Rows": 1, "Plan Width": 0, "Index Cond": "(p_partkey = partsupp.ps_partkey)"}]}]}]}]}]}]}}, {"Plan": {"Node Type": "Limit", "Parallel Aware": false, "Startup Cost": 3179148.97, "Total Cost": 3179148.98, "Plan Rows": 1, "Plan Width": 51, "Plans": [{"Node Type": "Sort", "Parent Relationship": "Outer", "Parallel Aware": false, "Startup Cost": 3179148.97, "Total Cost": 3179148.98, "Plan Rows": 1, "Plan Width": 51, "Sort Key": ["supplier.s_name"], "Plans": [{"Node Type": "Merge Join", "Parent Relationship": "Outer", "Parallel Aware": false, "Join Type": "Inner", "Startup Cost": 3179145.21, "Total Cost": 3179148.96, "Plan Rows": 1, "Plan Width": 51, "Inner Unique": true, "Merge Cond": "(supplier.s_nationkey = nation.n_nationkey)", "Plans": [{"Node Type": "Sort", "Parent Relationship": "Outer", "Parallel Aware": false, "Startup Cost": 3179145.07, "Total Cost": 3179145.07, "Plan Rows": 1, "Plan Width": 55, "Sort Key": ["supplier.s_nationkey"], "Plans": [{"Node Type": "Merge Join", "Parent Relationship": "Outer", "Parallel Aware": false, "Join Type": "Semi", "Startup Cost": 3174875.24, "Total Cost": 3179145.06, "Plan Rows": 1, "Plan Width": 55, "Inner Unique": false, "Merge Cond": "(supplier.s_suppkey = lineitem.l_suppkey)", "Plans": [{"Node Type": "Index Scan", "Parent Relationship": "Outer", "Parallel Aware": false, "Scan Direction": "Forward", "Index Name": "supplier_pkey", "Relation Name": "supplier", "Alias": "supplier", "Startup Cost": 0.29, "Total Cost": 4020.1, "Plan Rows": 100000, "Plan Width": 59}, {"Node Type": "Sort", "Parent Relationship": "Inner", "Parallel Aware": false, "Startup Cost": 3174874.94, "Total Cost": 3174874.95, "Plan Rows": 1, "Plan Width": 8, "Sort Key": ["partsupp.ps_suppkey"], "Plans": [{"Node Type": "Gather", "Parent Relationship": "Outer", "Parallel Aware": false, "Startup Cost": 1001.42, "Total Cost": 3174874.93, "Plan Rows": 1, "Plan Width": 8, "Workers Planned": 3, "Single Copy": false, "Plans": [{"Node Type": "Merge Join", "Parent Relationship": "Outer", "Parallel Aware": false, "Join Type": "Inner", "Startup Cost": 1.42, "Total Cost": 3173874.83, "Plan Rows": 1, "Plan Width": 8, "Inner Unique": false, "Merge Cond": "(partsupp.ps_partkey = lineitem.l_partkey)", "Join Filter": "((lineitem.l_suppkey = partsupp.ps_suppkey) AND ((partsupp.ps_availqty)::numeric > ((0.5 * sum(lineitem.l_quantity)))))", "Plans": [{"Node Type": "Index Scan", "Parent Relationship": "Outer", "Parallel Aware": true, "Scan Direction": "Forward", "Index Name": "idx_partsupp_partkey", "Relation Name": "partsupp", "Alias": "partsupp", "Startup Cost": 0.43, "Total Cost": 264338.0, "Plan Rows": 2580516, "Plan Width": 12}, {"Node Type": "Materialize", "Parent Relationship": "Inner", "Parallel Aware": false, "Startup Cost": 0.99, "Total Cost": 2901325.13, "Plan Rows": 58070, "Plan Width": 44, "Plans": [{"Node Type": "Merge Join", "Parent Relationship": "Outer", "Parallel Aware": false, "Join Type": "Inner", "Startup Cost": 0.99, "Total Cost": 2901179.95, "Plan Rows": 58070, "Plan Width": 44, "Inner Unique": true, "Merge Cond": "(lineitem.l_partkey = part.p_partkey)", "Plans": [{"Node Type": "Aggregate", "Strategy": "Sorted", "Partial Mode": "Simple", "Parent Relationship": "Outer", "Parallel Aware": false, "Startup Cost": 0.56, "Total Cost": 2758172.12, "Plan Rows": 4829503, "Plan Width": 40, "Group Key": ["lineitem.l_partkey", "lineitem.l_suppkey"], "Plans": [{"Node Type": "Index Scan", "Parent Relationship": "Outer", "Parallel Aware": false, "Scan Direction": "Forward", "Index Name": "idx_lineitem_part_supp", "Relation Name": "lineitem", "Alias": "lineitem", "Startup Cost": 0.56, "Total Cost": 2617858.75, "Plan Rows": 9049443, "Plan Width": 13, "Filter": "((l_shipdate >= '1995-01-01'::date) AND (l_shipdate < '1996-01-01 00:00:00'::timestamp without time zone))"}]}, {"Node Type": "Index Scan", "Parent Relationship": "Inner", "Parallel Aware": false, "Scan Direction": "Forward", "Index Name": "part_pkey", "Relation Name": "part", "Alias": "part", "Startup Cost": 0.43, "Total Cost": 81998.23, "Plan Rows": 24048, "Plan Width": 4, "Filter": "((p_name)::text ~~ 'plum%'::text)"}]}]}]}]}]}]}]}, {"Node Type": "Index Scan", "Parent Relationship": "Inner", "Parallel Aware": false, "Scan Direction": "Forward", "Index Name": "nation_pkey", "Relation Name": "nation", "Alias": "nation", "Startup Cost": 0.14, "Total Cost": 3.88, "Plan Rows": 1, "Plan Width": 4, "Filter": "(n_name = 'ARGENTINA'::bpchar)"}]}]}]}}, {"Plan": {"Node Type": "Limit", "Parallel Aware": false, "Startup Cost": 2936258.31, "Total Cost": 2936258.32, "Plan Rows": 1, "Plan Width": 51, "Plans": [{"Node Type": "Sort", "Parent Relationship": "Outer", "Parallel Aware": false, "Startup Cost": 2936258.31, "Total Cost": 2936258.32, "Plan Rows": 1, "Plan Width": 51, "Sort Key": ["supplier.s_name"], "Plans": [{"Node Type": "Nested Loop", "Parent Relationship": "Outer", "Parallel Aware": false, "Join Type": "Semi", "Startup Cost": 1.85, "Total Cost": 2936258.3, "Plan Rows": 1, "Plan Width": 51, "Inner Unique": false, "Join Filter": "(supplier.s_suppkey = lineitem.l_suppkey)", "Plans": [{"Node Type": "Nested Loop", "Parent Relationship": "Outer", "Parallel Aware": false, "Join Type": "Inner", "Startup Cost": 0.43, "Total Cost": 5273.97, "Plan Rows": 4000, "Plan Width": 55, "Inner Unique": false, "Join Filter": "(supplier.s_nationkey = nation.n_nationkey)", "Plans": [{"Node Type": "Index Scan", "Parent Relationship": "Outer", "Parallel Aware": false, "Scan Direction": "Forward", "Index Name": "nation_pkey", "Relation Name": "nation", "Alias": "nation", "Startup Cost": 0.14, "Total Cost": 3.88, "Plan Rows": 1, "Plan Width": 4, "Filter": "(n_name = 'ARGENTINA'::bpchar)"}, {"Node Type": "Index Scan", "Parent Relationship": "Inner", "Parallel Aware": false, "Scan Direction": "Forward", "Index Name": "supplier_pkey", "Relation Name": "supplier", "Alias": "supplier", "Startup Cost": 0.29, "Total Cost": 4020.1, "Plan Rows": 100000, "Plan Width": 59}]}, {"Node Type": "Materialize", "Parent Relationship": "Inner", "Parallel Aware": false, "Startup Cost": 1.42, "Total Cost": 2930924.33, "Plan Rows": 1, "Plan Width": 8, "Plans": [{"Node Type": "Nested Loop", "Parent Relationship": "Outer", "Parallel Aware": false, "Join Type": "Inner", "Startup Cost": 1.42, "Total Cost": 2930924.33, "Plan Rows": 1, "Plan Width": 8, "Inner Unique": true, "Plans": [{"Node Type": "Merge Join", "Parent Relationship": "Outer", "Parallel Aware": false, "Join Type": "Inner", "Startup Cost": 0.99, "Total Cost": 2901179.95, "Plan Rows": 58070, "Plan Width": 44, "Inner Unique": true, "Merge Cond": "(lineitem.l_partkey = part.p_partkey)", "Plans": [{"Node Type": "Aggregate", "Strategy": "Sorted", "Partial Mode": "Simple", "Parent Relationship": "Outer", "Parallel Aware": false, "Startup Cost": 0.56, "Total Cost": 2758172.12, "Plan Rows": 4829503, "Plan Width": 40, "Group Key": ["lineitem.l_partkey", "lineitem.l_suppkey"], "Plans": [{"Node Type": "Index Scan", "Parent Relationship": "Outer", "Parallel Aware": false, "Scan Direction": "Forward", "Index Name": "idx_lineitem_part_supp", "Relation Name": "lineitem", "Alias": "lineitem", "Startup Cost": 0.56, "Total Cost": 2617858.75, "Plan Rows": 9049443, "Plan Width": 13, "Filter": "((l_shipdate >= '1995-01-01'::date) AND (l_shipdate < '1996-01-01 00:00:00'::timestamp without time zone))"}]}, {"Node Type": "Index Scan", "Parent Relationship": "Inner", "Parallel Aware": false, "Scan Direction": "Forward", "Index Name": "part_pkey", "Relation Name": "part", "Alias": "part", "Startup Cost": 0.43, "Total Cost": 81998.23, "Plan Rows": 24048, "Plan Width": 4, "Filter": "((p_name)::text ~~ 'plum%'::text)"}]}, {"Node Type": "Index Scan", "Parent Relationship": "Inner", "Parallel Aware": false, "Scan Direction": "Forward", "Index Name": "partsupp_pkey", "Relation Name": "partsupp", "Alias": "partsupp", "Startup Cost": 0.43, "Total Cost": 0.5, "Plan Rows": 1, "Plan Width": 12, "Index Cond": "((ps_partkey = lineitem.l_partkey) AND (ps_suppkey = lineitem.l_suppkey))", "Filter": "((ps_availqty)::numeric > ((0.5 * sum(lineitem.l_quantity))))"}]}]}]}]}]}}, {"Plan": {"Node Type": "Limit", "Parallel Aware": false, "Startup Cost": 2895490.68, "Total Cost": 2895490.68, "Plan Rows": 1, "Plan Width": 51, "Plans": [{"Node Type": "Sort", "Parent Relationship": "Outer", "Parallel Aware": false, "Startup Cost": 2895490.68, "Total Cost": 2895490.68, "Plan Rows": 1, "Plan Width": 51, "Sort Key": ["supplier.s_name"], "Plans": [{"Node Type": "Nested Loop", "Parent Relationship": "Outer", "Parallel Aware": false, "Join Type": "Semi", "Startup Cost": 50528.67, "Total Cost": 2895490.67, "Plan Rows": 1, "Plan Width": 51, "Inner Unique": false, "Join Filter": "(supplier.s_suppkey = lineitem.l_suppkey)", "Plans": [{"Node Type": "Nested Loop", "Parent Relationship": "Outer", "Parallel Aware": false, "Join Type": "Inner", "Startup Cost": 0.0, "Total Cost": 4467.31, "Plan Rows": 4000, "Plan Width": 55, "Inner Unique": false, "Join Filter": "(supplier.s_nationkey = nation.n_nationkey)", "Plans": [{"Node Type": "Seq Scan", "Parent Relationship": "Outer", "Parallel Aware": false, "Relation Name": "nation", "Alias": "nation", "Startup Cost": 0.0, "Total Cost": 1.31, "Plan Rows": 1, "Plan Width": 4, "Filter": "(n_name = 'ARGENTINA'::bpchar)"}, {"Node Type": "Seq Scan", "Parent Relationship": "Inner", "Parallel Aware": false, "Relation Name": "supplier", "Alias": "supplier", "Startup Cost": 0.0, "Total Cost": 3216.0, "Plan Rows": 100000, "Plan Width": 59}]}, {"Node Type": "Materialize", "Parent Relationship": "Inner", "Parallel Aware": false, "Startup Cost": 50528.67, "Total Cost": 2890963.36, "Plan Rows": 1, "Plan Width": 8, "Plans": [{"Node Type": "Gather", "Parent Relationship": "Outer", "Parallel Aware": false, "Startup Cost": 50528.67, "Total Cost": 2890963.35, "Plan Rows": 1, "Plan Width": 8, "Workers Planned": 3, "Single Copy": false, "Plans": [{"Node Type": "Nested Loop", "Parent Relationship": "Outer", "Parallel Aware": false, "Join Type": "Inner", "Startup Cost": 49528.67, "Total Cost": 2889963.25, "Plan Rows": 1, "Plan Width": 8, "Inner Unique": true, "Plans": [{"Node Type": "Merge Join", "Parent Relationship": "Outer", "Parallel Aware": false, "Join Type": "Inner", "Startup Cost": 49528.23, "Total Cost": 2880368.43, "Plan Rows": 18732, "Plan Width": 44, "Inner Unique": false, "Merge Cond": "(part.p_partkey = lineitem.l_partkey)", "Plans": [{"Node Type": "Sort", "Parent Relationship": "Outer", "Parallel Aware": false, "Startup Cost": 49527.67, "Total Cost": 49547.06, "Plan Rows": 7757, "Plan Width": 4, "Sort Key": ["part.p_partkey"], "Plans": [{"Node Type": "Seq Scan", "Parent Relationship": "Outer", "Parallel Aware": true, "Relation Name": "part", "Alias": "part", "Startup Cost": 0.0, "Total Cost": 49026.52, "Plan Rows": 7757, "Plan Width": 4, "Filter": "((p_name)::text ~~ 'plum%'::text)"}]}, {"Node Type": "Materialize", "Parent Relationship": "Inner", "Parallel Aware": false, "Startup Cost": 0.56, "Total Cost": 2818540.91, "Plan Rows": 4829503, "Plan Width": 40, "Plans": [{"Node Type": "Aggregate", "Strategy": "Sorted", "Partial Mode": "Simple", "Parent Relationship": "Outer", "Parallel Aware": false, "Startup Cost": 0.56, "Total Cost": 2758172.12, "Plan Rows": 4829503, "Plan Width": 40, "Group Key": ["lineitem.l_partkey", "lineitem.l_suppkey"], "Plans": [{"Node Type": "Index Scan", "Parent Relationship": "Outer", "Parallel Aware": false, "Scan Direction": "Forward", "Index Name": "idx_lineitem_part_supp", "Relation Name": "lineitem", "Alias": "lineitem", "Startup Cost": 0.56, "Total Cost": 2617858.75, "Plan Rows": 9049443, "Plan Width": 13, "Filter": "((l_shipdate >= '1995-01-01'::date) AND (l_shipdate < '1996-01-01 00:00:00'::timestamp without time zone))"}]}]}]}, {"Node Type": "Index Scan", "Parent Relationship": "Inner", "Parallel Aware": false, "Scan Direction": "Forward", "Index Name": "partsupp_pkey", "Relation Name": "partsupp", "Alias": "partsupp", "Startup Cost": 0.43, "Total Cost": 0.5, "Plan Rows": 1, "Plan Width": 12, "Index Cond": "((ps_partkey = lineitem.l_partkey) AND (ps_suppkey = lineitem.l_suppkey))", "Filter": "((ps_availqty)::numeric > ((0.5 * sum(lineitem.l_quantity))))"}]}]}]}]}]}]}}, {"Plan": {"Node Type": "Limit", "Parallel Aware": false, "Startup Cost": 3176376.94, "Total Cost": 3176376.94, "Plan Rows": 1, "Plan Width": 51, "Plans": [{"Node Type": "Sort", "Parent Relationship": "Outer", "Parallel Aware": false, "Startup Cost": 3176376.94, "Total Cost": 3176376.94, "Plan Rows": 1, "Plan Width": 51, "Sort Key": ["supplier.s_name"], "Plans": [{"Node Type": "Merge Join", "Parent Relationship": "Outer", "Parallel Aware": false, "Join Type": "Inner", "Startup Cost": 3176376.9, "Total Cost": 3176376.93, "Plan Rows": 1, "Plan Width": 51, "Inner Unique": true, "Merge Cond": "(supplier.s_nationkey = nation.n_nationkey)", "Plans": [{"Node Type": "Sort", "Parent Relationship": "Outer", "Parallel Aware": false, "Startup Cost": 3176375.58, "Total Cost": 3176375.59, "Plan Rows": 1, "Plan Width": 55, "Sort Key": ["supplier.s_nationkey"], "Plans": [{"Node Type": "Merge Join", "Parent Relationship": "Outer", "Parallel Aware": false, "Join Type": "Semi", "Startup Cost": 3172105.75, "Total Cost": 3176375.57, "Plan Rows": 1, "Plan Width": 55, "Inner Unique": false, "Merge Cond": "(supplier.s_suppkey = lineitem.l_suppkey)", "Plans": [{"Node Type": "Index Scan", "Parent Relationship": "Outer", "Parallel Aware": false, "Scan Direction": "Forward", "Index Name": "supplier_pkey", "Relation Name": "supplier", "Alias": "supplier", "Startup Cost": 0.29, "Total Cost": 4020.1, "Plan Rows": 100000, "Plan Width": 59}, {"Node Type": "Sort", "Parent Relationship": "Inner", "Parallel Aware": false, "Startup Cost": 3172105.46, "Total Cost": 3172105.46, "Plan Rows": 1, "Plan Width": 8, "Sort Key": ["partsupp.ps_suppkey"], "Plans": [{"Node Type": "Gather", "Parent Relationship": "Outer", "Parallel Aware": false, "Startup Cost": 68715.34, "Total Cost": 3172105.45, "Plan Rows": 1, "Plan Width": 8, "Workers Planned": 3, "Single Copy": false, "Plans": [{"Node Type": "Merge Join", "Parent Relationship": "Outer", "Parallel Aware": false, "Join Type": "Inner", "Startup Cost": 67715.34, "Total Cost": 3171105.35, "Plan Rows": 1, "Plan Width": 8, "Inner Unique": true, "Merge Cond": "(partsupp.ps_partkey = lineitem.l_partkey)", "Join Filter": "((partsupp.ps_suppkey = lineitem.l_suppkey) AND ((partsupp.ps_availqty)::numeric > ((0.5 * sum(lineitem.l_quantity)))))", "Plans": [{"Node Type": "Merge Join", "Parent Relationship": "Outer", "Parallel Aware": false, "Join Type": "Inner", "Startup Cost": 67714.77, "Total Cost": 338931.0, "Plan Rows": 31028, "Plan Width": 16, "Inner Unique": true, "Merge Cond": "(partsupp.ps_partkey = part.p_partkey)", "Plans": [{"Node Type": "Index Scan", "Parent Relationship": "Outer", "Parallel Aware": true, "Scan Direction": "Forward", "Index Name": "idx_partsupp_partkey", "Relation Name": "partsupp", "Alias": "partsupp", "Startup Cost": 0.43, "Total Cost": 264338.0, "Plan Rows": 2580516, "Plan Width": 12}, {"Node Type": "Sort", "Parent Relationship": "Inner", "Parallel Aware": false, "Startup Cost": 67711.93, "Total Cost": 67772.05, "Plan Rows": 24048, "Plan Width": 4, "Sort Key": ["part.p_partkey"], "Plans": [{"Node Type": "Seq Scan", "Parent Relationship": "Outer", "Parallel Aware": false, "Relation Name": "part", "Alias": "part", "Startup Cost": 0.0, "Total Cost": 65962.0, "Plan Rows": 24048, "Plan Width": 4, "Filter": "((p_name)::text ~~ 'plum%'::text)"}]}]}, {"Node Type": "Materialize", "Parent Relationship": "Inner", "Parallel Aware": false, "Startup Cost": 0.56, "Total Cost": 2818540.91, "Plan Rows": 4829503, "Plan Width": 40, "Plans": [{"Node Type": "Aggregate", "Strategy": "Sorted", "Partial Mode": "Simple", "Parent Relationship": "Outer", "Parallel Aware": false, "Startup Cost": 0.56, "Total Cost": 2758172.12, "Plan Rows": 4829503, "Plan Width": 40, "Group Key": ["lineitem.l_partkey", "lineitem.l_suppkey"], "Plans": [{"Node Type": "Index Scan", "Parent Relationship": "Outer", "Parallel Aware": false, "Scan Direction": "Forward", "Index Name": "idx_lineitem_part_supp", "Relation Name": "lineitem", "Alias": "lineitem", "Startup Cost": 0.56, "Total Cost": 2617858.75, "Plan Rows": 9049443, "Plan Width": 13, "Filter": "((l_shipdate >= '1995-01-01'::date) AND (l_shipdate < '1996-01-01 00:00:00'::timestamp without time zone))"}]}]}]}]}]}]}]}, {"Node Type": "Sort", "Parent Relationship": "Inner", "Parallel Aware": false, "Startup Cost": 1.32, "Total Cost": 1.33, "Plan Rows": 1, "Plan Width": 4, "Sort Key": ["nation.n_nationkey"], "Plans": [{"Node Type": "Seq Scan", "Parent Relationship": "Outer", "Parallel Aware": false, "Relation Name": "nation", "Alias": "nation", "Startup Cost": 0.0, "Total Cost": 1.31, "Plan Rows": 1, "Plan Width": 4, "Filter": "(n_name = 'ARGENTINA'::bpchar)"}]}]}]}]}}, {"Plan": {"Node Type": "Limit", "Parallel Aware": false, "Startup Cost": 5053841.94, "Total Cost": 5053841.94, "Plan Rows": 1, "Plan Width": 51, "Plans": [{"Node Type": "Sort", "Parent Relationship": "Outer", "Parallel Aware": false, "Startup Cost": 5053841.94, "Total Cost": 5053841.94, "Plan Rows": 1, "Plan Width": 51, "Sort Key": ["supplier.s_name"], "Plans": [{"Node Type": "Nested Loop", "Parent Relationship": "Outer", "Parallel Aware": false, "Join Type": "Semi", "Startup Cost": 1.85, "Total Cost": 5053841.93, "Plan Rows": 1, "Plan Width": 51, "Inner Unique": false, "Join Filter": "(supplier.s_suppkey = lineitem.l_suppkey)", "Plans": [{"Node Type": "Nested Loop", "Parent Relationship": "Outer", "Parallel Aware": false, "Join Type": "Inner", "Startup Cost": 0.43, "Total Cost": 5273.97, "Plan Rows": 4000, "Plan Width": 55, "Inner Unique": false, "Join Filter": "(supplier.s_nationkey = nation.n_nationkey)", "Plans": [{"Node Type": "Index Scan", "Parent Relationship": "Outer", "Parallel Aware": false, "Scan Direction": "Forward", "Index Name": "nation_pkey", "Relation Name": "nation", "Alias": "nation", "Startup Cost": 0.14, "Total Cost": 3.88, "Plan Rows": 1, "Plan Width": 4, "Filter": "(n_name = 'ARGENTINA'::bpchar)"}, {"Node Type": "Index Scan", "Parent Relationship": "Inner", "Parallel Aware": false, "Scan Direction": "Forward", "Index Name": "supplier_pkey", "Relation Name": "supplier", "Alias": "supplier", "Startup Cost": 0.29, "Total Cost": 4020.1, "Plan Rows": 100000, "Plan Width": 59}]}, {"Node Type": "Materialize", "Parent Relationship": "Inner", "Parallel Aware": false, "Startup Cost": 1.42, "Total Cost": 5048507.96, "Plan Rows": 1, "Plan Width": 8, "Plans": [{"Node Type": "Nested Loop", "Parent Relationship": "Outer", "Parallel Aware": false, "Join Type": "Inner", "Startup Cost": 1.42, "Total Cost": 5048507.95, "Plan Rows": 1, "Plan Width": 8, "Inner Unique": true, "Plans": [{"Node Type": "Nested Loop", "Parent Relationship": "Outer", "Parallel Aware": false, "Join Type": "Inner", "Startup Cost": 0.99, "Total Cost": 5018763.58, "Plan Rows": 58070, "Plan Width": 44, "Inner Unique": true, "Plans": [{"Node Type": "Aggregate", "Strategy": "Sorted", "Partial Mode": "Simple", "Parent Relationship": "Outer", "Parallel Aware": false, "Startup Cost": 0.56, "Total Cost": 2758172.12, "Plan Rows": 4829503, "Plan Width": 40, "Group Key": ["lineitem.l_partkey", "lineitem.l_suppkey"], "Plans": [{"Node Type": "Index Scan", "Parent Relationship": "Outer", "Parallel Aware": false, "Scan Direction": "Forward", "Index Name": "idx_lineitem_part_supp", "Relation Name": "lineitem", "Alias": "lineitem", "Startup Cost": 0.56, "Total Cost": 2617858.75, "Plan Rows": 9049443, "Plan Width": 13, "Filter": "((l_shipdate >= '1995-01-01'::date) AND (l_shipdate < '1996-01-01 00:00:00'::timestamp without time zone))"}]}, {"Node Type": "Index Scan", "Parent Relationship": "Inner", "Parallel Aware": false, "Scan Direction": "Forward", "Index Name": "part_pkey", "Relation Name": "part", "Alias": "part", "Startup Cost": 0.43, "Total Cost": 0.46, "Plan Rows": 1, "Plan Width": 4, "Index Cond": "(p_partkey = lineitem.l_partkey)", "Filter": "((p_name)::text ~~ 'plum%'::text)"}]}, {"Node Type": "Index Scan", "Parent Relationship": "Inner", "Parallel Aware": false, "Scan Direction": "Forward", "Index Name": "partsupp_pkey", "Relation Name": "partsupp", "Alias": "partsupp", "Startup Cost": 0.43, "Total Cost": 0.5, "Plan Rows": 1, "Plan Width": 12, "Index Cond": "((ps_partkey = lineitem.l_partkey) AND (ps_suppkey = lineitem.l_suppkey))", "Filter": "((ps_availqty)::numeric > ((0.5 * sum(lineitem.l_quantity))))"}]}]}]}]}]}}, {"Plan": {"Node Type": "Limit", "Parallel Aware": false, "Startup Cost": 5053035.28, "Total Cost": 5053035.28, "Plan Rows": 1, "Plan Width": 51, "Plans": [{"Node Type": "Sort", "Parent Relationship": "Outer", "Parallel Aware": false, "Startup Cost": 5053035.28, "Total Cost": 5053035.28, "Plan Rows": 1, "Plan Width": 51, "Sort Key": ["supplier.s_name"], "Plans": [{"Node Type": "Nested Loop", "Parent Relationship": "Outer", "Parallel Aware": false, "Join Type": "Semi", "Startup Cost": 1.42, "Total Cost": 5053035.27, "Plan Rows": 1, "Plan Width": 51, "Inner Unique": false, "Join Filter": "(supplier.s_suppkey = lineitem.l_suppkey)", "Plans": [{"Node Type": "Nested Loop", "Parent Relationship": "Outer", "Parallel Aware": false, "Join Type": "Inner", "Startup Cost": 0.0, "Total Cost": 4467.31, "Plan Rows": 4000, "Plan Width": 55, "Inner Unique": false, "Join Filter": "(supplier.s_nationkey = nation.n_nationkey)", "Plans": [{"Node Type": "Seq Scan", "Parent Relationship": "Outer", "Parallel Aware": false, "Relation Name": "nation", "Alias": "nation", "Startup Cost": 0.0, "Total Cost": 1.31, "Plan Rows": 1, "Plan Width": 4, "Filter": "(n_name = 'ARGENTINA'::bpchar)"}, {"Node Type": "Seq Scan", "Parent Relationship": "Inner", "Parallel Aware": false, "Relation Name": "supplier", "Alias": "supplier", "Startup Cost": 0.0, "Total Cost": 3216.0, "Plan Rows": 100000, "Plan Width": 59}]}, {"Node Type": "Materialize", "Parent Relationship": "Inner", "Parallel Aware": false, "Startup Cost": 1.42, "Total Cost": 5048507.96, "Plan Rows": 1, "Plan Width": 8, "Plans": [{"Node Type": "Nested Loop", "Parent Relationship": "Outer", "Parallel Aware": false, "Join Type": "Inner", "Startup Cost": 1.42, "Total Cost": 5048507.95, "Plan Rows": 1, "Plan Width": 8, "Inner Unique": true, "Plans": [{"Node Type": "Nested Loop", "Parent Relationship": "Outer", "Parallel Aware": false, "Join Type": "Inner", "Startup Cost": 0.99, "Total Cost": 5018763.58, "Plan Rows": 58070, "Plan Width": 44, "Inner Unique": true, "Plans": [{"Node Type": "Aggregate", "Strategy": "Sorted", "Partial Mode": "Simple", "Parent Relationship": "Outer", "Parallel Aware": false, "Startup Cost": 0.56, "Total Cost": 2758172.12, "Plan Rows": 4829503, "Plan Width": 40, "Group Key": ["lineitem.l_partkey", "lineitem.l_suppkey"], "Plans": [{"Node Type": "Index Scan", "Parent Relationship": "Outer", "Parallel Aware": false, "Scan Direction": "Forward", "Index Name": "idx_lineitem_part_supp", "Relation Name": "lineitem", "Alias": "lineitem", "Startup Cost": 0.56, "Total Cost": 2617858.75, "Plan Rows": 9049443, "Plan Width": 13, "Filter": "((l_shipdate >= '1995-01-01'::date) AND (l_shipdate < '1996-01-01 00:00:00'::timestamp without time zone))"}]}, {"Node Type": "Index Scan", "Parent Relationship": "Inner", "Parallel Aware": false, "Scan Direction": "Forward", "Index Name": "part_pkey", "Relation Name": "part", "Alias": "part", "Startup Cost": 0.43, "Total Cost": 0.46, "Plan Rows": 1, "Plan Width": 4, "Index Cond": "(p_partkey = lineitem.l_partkey)", "Filter": "((p_name)::text ~~ 'plum%'::text)"}]}, {"Node Type": "Index Scan", "Parent Relationship": "Inner", "Parallel Aware": false, "Scan Direction": "Forward", "Index Name": "partsupp_pkey", "Relation Name": "partsupp", "Alias": "partsupp", "Startup Cost": 0.43, "Total Cost": 0.5, "Plan Rows": 1, "Plan Width": 12, "Index Cond": "((ps_partkey = lineitem.l_partkey) AND (ps_suppkey = lineitem.l_suppkey))", "Filter": "((ps_availqty)::numeric > ((0.5 * sum(lineitem.l_quantity))))"}]}]}]}]}]}}, {"Plan": {"Node Type": "Limit", "Parallel Aware": false, "Startup Cost": 3224600.45, "Total Cost": 3224600.45, "Plan Rows": 1, "Plan Width": 51, "Plans": [{"Node Type": "Sort", "Parent Relationship": "Outer", "Parallel Aware": false, "Startup Cost": 3224600.45, "Total Cost": 3224600.45, "Plan Rows": 1, "Plan Width": 51, "Sort Key": ["supplier.s_name"], "Plans": [{"Node Type": "Nested Loop", "Parent Relationship": "Outer", "Parallel Aware": false, "Join Type": "Semi", "Startup Cost": 1812675.68, "Total Cost": 3224600.44, "Plan Rows": 1, "Plan Width": 51, "Inner Unique": false, "Join Filter": "(supplier.s_suppkey = lineitem.l_suppkey)", "Plans": [{"Node Type": "Nested Loop", "Parent Relationship": "Outer", "Parallel Aware": false, "Join Type": "Inner", "Startup Cost": 0.0, "Total Cost": 4467.31, "Plan Rows": 4000, "Plan Width": 55, "Inner Unique": false, "Join Filter": "(supplier.s_nationkey = nation.n_nationkey)", "Plans": [{"Node Type": "Seq Scan", "Parent Relationship": "Outer", "Parallel Aware": false, "Relation Name": "nation", "Alias": "nation", "Startup Cost": 0.0, "Total Cost": 1.31, "Plan Rows": 1, "Plan Width": 4, "Filter": "(n_name = 'ARGENTINA'::bpchar)"}, {"Node Type": "Seq Scan", "Parent Relationship": "Inner", "Parallel Aware": false, "Relation Name": "supplier", "Alias": "supplier", "Startup Cost": 0.0, "Total Cost": 3216.0, "Plan Rows": 100000, "Plan Width": 59}]}, {"Node Type": "Materialize", "Parent Relationship": "Inner", "Parallel Aware": false, "Startup Cost": 1812675.68, "Total Cost": 3220073.13, "Plan Rows": 1, "Plan Width": 8, "Plans": [{"Node Type": "Nested Loop", "Parent Relationship": "Outer", "Parallel Aware": false, "Join Type": "Inner", "Startup Cost": 1812675.68, "Total Cost": 3220073.12, "Plan Rows": 1, "Plan Width": 8, "Inner Unique": true, "Plans": [{"Node Type": "Merge Join", "Parent Relationship": "Outer", "Parallel Aware": false, "Join Type": "Inner", "Startup Cost": 1812675.23, "Total Cost": 3128453.38, "Plan Rows": 58070, "Plan Width": 44, "Inner Unique": true, "Merge Cond": "(lineitem.l_partkey = part.p_partkey)", "Plans": [{"Node Type": "Aggregate", "Strategy": "Sorted", "Partial Mode": "Finalize", "Parent Relationship": "Outer", "Parallel Aware": false, "Startup Cost": 1758493.99, "Total Cost": 3013202.41, "Plan Rows": 4829503, "Plan Width": 40, "Group Key": ["lineitem.l_partkey", "lineitem.l_suppkey"], "Plans": [{"Node Type": "Gather Merge", "Parent Relationship": "Outer", "Parallel Aware": false, "Startup Cost": 1758493.99, "Total Cost": 2853184.61, "Plan Rows": 8757525, "Plan Width": 40, "Workers Planned": 3, "Plans": [{"Node Type": "Aggregate", "Strategy": "Sorted", "Partial Mode": "Partial", "Parent Relationship": "Outer", "Parallel Aware": false, "Startup Cost": 1757493.95, "Total Cost": 1823175.39, "Plan Rows": 2919175, "Plan Width": 40, "Group Key": ["lineitem.l_partkey", "lineitem.l_suppkey"], "Plans": [{"Node Type": "Sort", "Parent Relationship": "Outer", "Parallel Aware": false, "Startup Cost": 1757493.95, "Total Cost": 1764791.89, "Plan Rows": 2919175, "Plan Width": 13, "Sort Key": ["lineitem.l_partkey", "lineitem.l_suppkey"], "Plans": [{"Node Type": "Seq Scan", "Parent Relationship": "Outer", "Parallel Aware": true, "Relation Name": "lineitem", "Alias": "lineitem", "Startup Cost": 0.0, "Total Cost": 1414795.75, "Plan Rows": 2919175, "Plan Width": 13, "Filter": "((l_shipdate >= '1995-01-01'::date) AND (l_shipdate < '1996-01-01 00:00:00'::timestamp without time zone))"}]}]}]}]}, {"Node Type": "Sort", "Parent Relationship": "Inner", "Parallel Aware": false, "Startup Cost": 54181.24, "Total Cost": 54241.36, "Plan Rows": 24048, "Plan Width": 4, "Sort Key": ["part.p_partkey"], "Plans": [{"Node Type": "Gather", "Parent Relationship": "Outer", "Parallel Aware": false, "Startup Cost": 1000.0, "Total Cost": 52431.32, "Plan Rows": 24048, "Plan Width": 4, "Workers Planned": 3, "Single Copy": false, "Plans": [{"Node Type": "Seq Scan", "Parent Relationship": "Outer", "Parallel Aware": true, "Relation Name": "part", "Alias": "part", "Startup Cost": 0.0, "Total Cost": 49026.52, "Plan Rows": 7757, "Plan Width": 4, "Filter": "((p_name)::text ~~ 'plum%'::text)"}]}]}]}, {"Node Type": "Bitmap Heap Scan", "Parent Relationship": "Inner", "Parallel Aware": false, "Relation Name": "partsupp", "Alias": "partsupp", "Startup Cost": 0.45, "Total Cost": 1.57, "Plan Rows": 1, "Plan Width": 12, "Recheck Cond": "((ps_partkey = lineitem.l_partkey) AND (ps_suppkey = lineitem.l_suppkey))", "Filter": "((ps_availqty)::numeric > ((0.5 * sum(lineitem.l_quantity))))", "Plans": [{"Node Type": "Bitmap Index Scan", "Parent Relationship": "Outer", "Parallel Aware": false, "Index Name": "partsupp_pkey", "Startup Cost": 0.0, "Total Cost": 0.45, "Plan Rows": 1, "Plan Width": 0, "Index Cond": "((ps_partkey = lineitem.l_partkey) AND (ps_suppkey = lineitem.l_suppkey))"}]}]}]}]}]}]}}, {"Plan": {"Node Type": "Limit", "Parallel Aware": false, "Startup Cost": 3683106.36, "Total Cost": 3683106.36, "Plan Rows": 1, "Plan Width": 51, "Plans": [{"Node Type": "Sort", "Parent Relationship": "Outer", "Parallel Aware": false, "Startup Cost": 3683106.36, "Total Cost": 3683106.36, "Plan Rows": 1, "Plan Width": 51, "Sort Key": ["supplier.s_name"], "Plans": [{"Node Type": "Merge Join", "Parent Relationship": "Outer", "Parallel Aware": false, "Join Type": "Semi", "Startup Cost": 3683086.33, "Total Cost": 3683106.35, "Plan Rows": 1, "Plan Width": 51, "Inner Unique": false, "Merge Cond": "(supplier.s_suppkey = lineitem.l_suppkey)", "Plans": [{"Node Type": "Sort", "Parent Relationship": "Outer", "Parallel Aware": false, "Startup Cost": 9422.6, "Total Cost": 9432.6, "Plan Rows": 4000, "Plan Width": 55, "Sort Key": ["supplier.s_suppkey"], "Plans": [{"Node Type": "Gather", "Parent Relationship": "Outer", "Parallel Aware": false, "Startup Cost": 8465.63, "Total Cost": 9183.29, "Plan Rows": 4000, "Plan Width": 55, "Workers Planned": 1, "Single Copy": false, "Plans": [{"Node Type": "Merge Join", "Parent Relationship": "Outer", "Parallel Aware": false, "Join Type": "Inner", "Startup Cost": 7465.63, "Total Cost": 7783.29, "Plan Rows": 2353, "Plan Width": 55, "Inner Unique": true, "Merge Cond": "(supplier.s_nationkey = nation.n_nationkey)", "Plans": [{"Node Type": "Sort", "Parent Relationship": "Outer", "Parallel Aware": false, "Startup Cost": 7464.31, "Total Cost": 7611.37, "Plan Rows": 58824, "Plan Width": 59, "Sort Key": ["supplier.s_nationkey"], "Plans": [{"Node Type": "Seq Scan", "Parent Relationship": "Outer", "Parallel Aware": true, "Relation Name": "supplier", "Alias": "supplier", "Startup Cost": 0.0, "Total Cost": 2804.24, "Plan Rows": 58824, "Plan Width": 59}]}, {"Node Type": "Sort", "Parent Relationship": "Inner", "Parallel Aware": false, "Startup Cost": 1.32, "Total Cost": 1.33, "Plan Rows": 1, "Plan Width": 4, "Sort Key": ["nation.n_nationkey"], "Plans": [{"Node Type": "Seq Scan", "Parent Relationship": "Outer", "Parallel Aware": false, "Relation Name": "nation", "Alias": "nation", "Startup Cost": 0.0, "Total Cost": 1.31, "Plan Rows": 1, "Plan Width": 4, "Filter": "(n_name = 'ARGENTINA'::bpchar)"}]}]}]}]}, {"Node Type": "Sort", "Parent Relationship": "Inner", "Parallel Aware": false, "Startup Cost": 3673663.73, "Total Cost": 3673663.73, "Plan Rows": 1, "Plan Width": 8, "Sort Key": ["partsupp.ps_suppkey"], "Plans": [{"Node Type": "Merge Join", "Parent Relationship": "Outer", "Parallel Aware": false, "Join Type": "Inner", "Startup Cost": 2328044.28, "Total Cost": 3673663.72, "Plan Rows": 1, "Plan Width": 8, "Inner Unique": false, "Merge Cond": "(lineitem.l_partkey = partsupp.ps_partkey)", "Join Filter": "((partsupp.ps_suppkey = lineitem.l_suppkey) AND ((partsupp.ps_availqty)::numeric > ((0.5 * sum(lineitem.l_quantity)))))", "Plans": [{"Node Type": "Aggregate", "Strategy": "Sorted", "Partial Mode": "Finalize", "Parent Relationship": "Outer", "Parallel Aware": false, "Startup Cost": 1758493.99, "Total Cost": 3013202.41, "Plan Rows": 4829503, "Plan Width": 40, "Group Key": ["lineitem.l_partkey", "lineitem.l_suppkey"], "Plans": [{"Node Type": "Gather Merge", "Parent Relationship": "Outer", "Parallel Aware": false, "Startup Cost": 1758493.99, "Total Cost": 2853184.61, "Plan Rows": 8757525, "Plan Width": 40, "Workers Planned": 3, "Plans": [{"Node Type": "Aggregate", "Strategy": "Sorted", "Partial Mode": "Partial", "Parent Relationship": "Outer", "Parallel Aware": false, "Startup Cost": 1757493.95, "Total Cost": 1823175.39, "Plan Rows": 2919175, "Plan Width": 40, "Group Key": ["lineitem.l_partkey", "lineitem.l_suppkey"], "Plans": [{"Node Type": "Sort", "Parent Relationship": "Outer", "Parallel Aware": false, "Startup Cost": 1757493.95, "Total Cost": 1764791.89, "Plan Rows": 2919175, "Plan Width": 13, "Sort Key": ["lineitem.l_partkey", "lineitem.l_suppkey"], "Plans": [{"Node Type": "Seq Scan", "Parent Relationship": "Outer", "Parallel Aware": true, "Relation Name": "lineitem", "Alias": "lineitem", "Startup Cost": 0.0, "Total Cost": 1414795.75, "Plan Rows": 2919175, "Plan Width": 13, "Filter": "((l_shipdate >= '1995-01-01'::date) AND (l_shipdate < '1996-01-01 00:00:00'::timestamp without time zone))"}]}]}]}]}, {"Node Type": "Materialize", "Parent Relationship": "Inner", "Parallel Aware": false, "Startup Cost": 569550.29, "Total Cost": 594425.68, "Plan Rows": 96187, "Plan Width": 16, "Plans": [{"Node Type": "Gather Merge", "Parent Relationship": "Outer", "Parallel Aware": false, "Startup Cost": 569550.29, "Total Cost": 594185.21, "Plan Rows": 96187, "Plan Width": 16, "Workers Planned": 3, "Plans": [{"Node Type": "Merge Join", "Parent Relationship": "Outer", "Parallel Aware": false, "Join Type": "Inner", "Startup Cost": 568550.25, "Total Cost": 581883.2, "Plan Rows": 31028, "Plan Width": 16, "Inner Unique": true, "Merge Cond": "(partsupp.ps_partkey = part.p_partkey)", "Plans": [{"Node Type": "Sort", "Parent Relationship": "Outer", "Parallel Aware": false, "Startup Cost": 500838.21, "Total Cost": 507289.5, "Plan Rows": 2580516, "Plan Width": 12, "Sort Key": ["partsupp.ps_partkey"], "Plans": [{"Node Type": "Seq Scan", "Parent Relationship": "Outer", "Parallel Aware": true, "Relation Name": "partsupp", "Alias": "partsupp", "Startup Cost": 0.0, "Total Cost": 200191.16, "Plan Rows": 2580516, "Plan Width": 12}]}, {"Node Type": "Sort", "Parent Relationship": "Inner", "Parallel Aware": false, "Startup Cost": 67711.93, "Total Cost": 67772.05, "Plan Rows": 24048, "Plan Width": 4, "Sort Key": ["part.p_partkey"], "Plans": [{"Node Type": "Seq Scan", "Parent Relationship": "Outer", "Parallel Aware": false, "Relation Name": "part", "Alias": "part", "Startup Cost": 0.0, "Total Cost": 65962.0, "Plan Rows": 24048, "Plan Width": 4, "Filter": "((p_name)::text ~~ 'plum%'::text)"}]}]}]}]}]}]}]}]}]}}, {"Plan": {"Node Type": "Limit", "Parallel Aware": false, "Startup Cost": 10685870.44, "Total Cost": 10685870.45, "Plan Rows": 1, "Plan Width": 51, "Plans": [{"Node Type": "Sort", "Parent Relationship": "Outer", "Parallel Aware": false, "Startup Cost": 10685870.44, "Total Cost": 10685870.45, "Plan Rows": 1, "Plan Width": 51, "Sort Key": ["supplier.s_name"], "Plans": [{"Node Type": "Nested Loop", "Parent Relationship": "Outer", "Parallel Aware": false, "Join Type": "Semi", "Startup Cost": 1758494.87, "Total Cost": 10685870.43, "Plan Rows": 1, "Plan Width": 51, "Inner Unique": false, "Join Filter": "(supplier.s_suppkey = lineitem.l_suppkey)", "Plans": [{"Node Type": "Nested Loop", "Parent Relationship": "Outer", "Parallel Aware": false, "Join Type": "Inner", "Startup Cost": 0.0, "Total Cost": 4467.31, "Plan Rows": 4000, "Plan Width": 55, "Inner Unique": false, "Join Filter": "(supplier.s_nationkey = nation.n_nationkey)", "Plans": [{"Node Type": "Seq Scan", "Parent Relationship": "Outer", "Parallel Aware": false, "Relation Name": "nation", "Alias": "nation", "Startup Cost": 0.0, "Total Cost": 1.31, "Plan Rows": 1, "Plan Width": 4, "Filter": "(n_name = 'ARGENTINA'::bpchar)"}, {"Node Type": "Seq Scan", "Parent Relationship": "Inner", "Parallel Aware": false, "Relation Name": "supplier", "Alias": "supplier", "Startup Cost": 0.0, "Total Cost": 3216.0, "Plan Rows": 100000, "Plan Width": 59}]}, {"Node Type": "Materialize", "Parent Relationship": "Inner", "Parallel Aware": false, "Startup Cost": 1758494.87, "Total Cost": 10681343.12, "Plan Rows": 1, "Plan Width": 8, "Plans": [{"Node Type": "Nested Loop", "Parent Relationship": "Outer", "Parallel Aware": false, "Join Type": "Inner", "Startup Cost": 1758494.87, "Total Cost": 10681343.12, "Plan Rows": 1, "Plan Width": 8, "Inner Unique": true, "Join Filter": "(lineitem.l_partkey = part.p_partkey)", "Plans": [{"Node Type": "Nested Loop", "Parent Relationship": "Outer", "Parallel Aware": false, "Join Type": "Inner", "Startup Cost": 1758494.44, "Total Cost": 10681228.98, "Plan Rows": 73, "Plan Width": 16, "Inner Unique": true, "Plans": [{"Node Type": "Aggregate", "Strategy": "Sorted", "Partial Mode": "Finalize", "Parent Relationship": "Outer", "Parallel Aware": false, "Startup Cost": 1758493.99, "Total Cost": 3013202.41, "Plan Rows": 4829503, "Plan Width": 40, "Group Key": ["lineitem.l_partkey", "lineitem.l_suppkey"], "Plans": [{"Node Type": "Gather Merge", "Parent Relationship": "Outer", "Parallel Aware": false, "Startup Cost": 1758493.99, "Total Cost": 2853184.61, "Plan Rows": 8757525, "Plan Width": 40, "Workers Planned": 3, "Plans": [{"Node Type": "Aggregate", "Strategy": "Sorted", "Partial Mode": "Partial", "Parent Relationship": "Outer", "Parallel Aware": false, "Startup Cost": 1757493.95, "Total Cost": 1823175.39, "Plan Rows": 2919175, "Plan Width": 40, "Group Key": ["lineitem.l_partkey", "lineitem.l_suppkey"], "Plans": [{"Node Type": "Sort", "Parent Relationship": "Outer", "Parallel Aware": false, "Startup Cost": 1757493.95, "Total Cost": 1764791.89, "Plan Rows": 2919175, "Plan Width": 13, "Sort Key": ["lineitem.l_partkey", "lineitem.l_suppkey"], "Plans": [{"Node Type": "Seq Scan", "Parent Relationship": "Outer", "Parallel Aware": true, "Relation Name": "lineitem", "Alias": "lineitem", "Startup Cost": 0.0, "Total Cost": 1414795.75, "Plan Rows": 2919175, "Plan Width": 13, "Filter": "((l_shipdate >= '1995-01-01'::date) AND (l_shipdate < '1996-01-01 00:00:00'::timestamp without time zone))"}]}]}]}]}, {"Node Type": "Bitmap Heap Scan", "Parent Relationship": "Inner", "Parallel Aware": false, "Relation Name": "partsupp", "Alias": "partsupp", "Startup Cost": 0.45, "Total Cost": 1.57, "Plan Rows": 1, "Plan Width": 12, "Recheck Cond": "((ps_partkey = lineitem.l_partkey) AND (ps_suppkey = lineitem.l_suppkey))", "Filter": "((ps_availqty)::numeric > ((0.5 * sum(lineitem.l_quantity))))", "Plans": [{"Node Type": "Bitmap Index Scan", "Parent Relationship": "Outer", "Parallel Aware": false, "Index Name": "partsupp_pkey", "Startup Cost": 0.0, "Total Cost": 0.45, "Plan Rows": 1, "Plan Width": 0, "Index Cond": "((ps_partkey = lineitem.l_partkey) AND (ps_suppkey = lineitem.l_suppkey))"}]}]}, {"Node Type": "Bitmap Heap Scan", "Parent Relationship": "Inner", "Parallel Aware": false, "Relation Name": "part", "Alias": "part", "Startup Cost": 0.44, "Total Cost": 1.55, "Plan Rows": 1, "Plan Width": 4, "Recheck Cond": "(p_partkey = partsupp.ps_partkey)", "Filter": "((p_name)::text ~~ 'plum%'::text)", "Plans": [{"Node Type": "Bitmap Index Scan", "Parent Relationship": "Outer", "Parallel Aware": false, "Index Name": "part_pkey", "Startup Cost": 0.0, "Total Cost": 0.44, "Plan Rows": 1, "Plan Width": 0, "Index Cond": "(p_partkey = partsupp.ps_partkey)"}]}]}]}]}]}]}}, {"Plan": {"Node Type": "Limit", "Parallel Aware": false, "Startup Cost": 2893922.12, "Total Cost": 2893922.24, "Plan Rows": 1, "Plan Width": 51, "Plans": [{"Node Type": "Gather Merge", "Parent Relationship": "Outer", "Parallel Aware": false, "Startup Cost": 2893922.12, "Total Cost": 2893922.24, "Plan Rows": 1, "Plan Width": 51, "Workers Planned": 1, "Plans": [{"Node Type": "Sort", "Parent Relationship": "Outer", "Parallel Aware": false, "Startup Cost": 2892922.11, "Total Cost": 2892922.12, "Plan Rows": 1, "Plan Width": 51, "Sort Key": ["supplier.s_name"], "Plans": [{"Node Type": "Nested Loop", "Parent Relationship": "Outer", "Parallel Aware": false, "Join Type": "Inner", "Startup Cost": 2889963.4, "Total Cost": 2892922.1, "Plan Rows": 1, "Plan Width": 51, "Inner Unique": true, "Plans": [{"Node Type": "Hash Join", "Parent Relationship": "Outer", "Parallel Aware": true, "Join Type": "Semi", "Startup Cost": 2889963.27, "Total Cost": 2892921.93, "Plan Rows": 1, "Plan Width": 55, "Inner Unique": false, "Hash Cond": "(supplier.s_suppkey = lineitem.l_suppkey)", "Plans": [{"Node Type": "Seq Scan", "Parent Relationship": "Outer", "Parallel Aware": true, "Relation Name": "supplier", "Alias": "supplier", "Startup Cost": 0.0, "Total Cost": 2804.24, "Plan Rows": 58824, "Plan Width": 59}, {"Node Type": "Hash", "Parent Relationship": "Inner", "Parallel Aware": true, "Startup Cost": 2889963.25, "Total Cost": 2889963.25, "Plan Rows": 1, "Plan Width": 8, "Plans": [{"Node Type": "Nested Loop", "Parent Relationship": "Outer", "Parallel Aware": false, "Join Type": "Inner", "Startup Cost": 49528.67, "Total Cost": 2889963.25, "Plan Rows": 1, "Plan Width": 8, "Inner Unique": true, "Plans": [{"Node Type": "Merge Join", "Parent Relationship": "Outer", "Parallel Aware": false, "Join Type": "Inner", "Startup Cost": 49528.23, "Total Cost": 2880368.43, "Plan Rows": 18732, "Plan Width": 44, "Inner Unique": false, "Merge Cond": "(part.p_partkey = lineitem.l_partkey)", "Plans": [{"Node Type": "Sort", "Parent Relationship": "Outer", "Parallel Aware": false, "Startup Cost": 49527.67, "Total Cost": 49547.06, "Plan Rows": 7757, "Plan Width": 4, "Sort Key": ["part.p_partkey"], "Plans": [{"Node Type": "Seq Scan", "Parent Relationship": "Outer", "Parallel Aware": true, "Relation Name": "part", "Alias": "part", "Startup Cost": 0.0, "Total Cost": 49026.52, "Plan Rows": 7757, "Plan Width": 4, "Filter": "((p_name)::text ~~ 'plum%'::text)"}]}, {"Node Type": "Materialize", "Parent Relationship": "Inner", "Parallel Aware": false, "Startup Cost": 0.56, "Total Cost": 2818540.91, "Plan Rows": 4829503, "Plan Width": 40, "Plans": [{"Node Type": "Aggregate", "Strategy": "Sorted", "Partial Mode": "Simple", "Parent Relationship": "Outer", "Parallel Aware": false, "Startup Cost": 0.56, "Total Cost": 2758172.12, "Plan Rows": 4829503, "Plan Width": 40, "Group Key": ["lineitem.l_partkey", "lineitem.l_suppkey"], "Plans": [{"Node Type": "Index Scan", "Parent Relationship": "Outer", "Parallel Aware": false, "Scan Direction": "Forward", "Index Name": "idx_lineitem_part_supp", "Relation Name": "lineitem", "Alias": "lineitem", "Startup Cost": 0.56, "Total Cost": 2617858.75, "Plan Rows": 9049443, "Plan Width": 13, "Filter": "((l_shipdate >= '1995-01-01'::date) AND (l_shipdate < '1996-01-01 00:00:00'::timestamp without time zone))"}]}]}]}, {"Node Type": "Index Scan", "Parent Relationship": "Inner", "Parallel Aware": false, "Scan Direction": "Forward", "Index Name": "partsupp_pkey", "Relation Name": "partsupp", "Alias": "partsupp", "Startup Cost": 0.43, "Total Cost": 0.5, "Plan Rows": 1, "Plan Width": 12, "Index Cond": "((ps_partkey = lineitem.l_partkey) AND (ps_suppkey = lineitem.l_suppkey))", "Filter": "((ps_availqty)::numeric > ((0.5 * sum(lineitem.l_quantity))))"}]}]}]}, {"Node Type": "Index Scan", "Parent Relationship": "Inner", "Parallel Aware": false, "Scan Direction": "Forward", "Index Name": "nation_pkey", "Relation Name": "nation", "Alias": "nation", "Startup Cost": 0.14, "Total Cost": 0.16, "Plan Rows": 1, "Plan Width": 4, "Index Cond": "(n_nationkey = supplier.s_nationkey)", "Filter": "(n_name = 'ARGENTINA'::bpchar)"}]}]}]}]}}]