[{"Plan": {"Node Type": "Limit", "Parallel Aware": false, "Startup Cost": 60082995542.42, "Total Cost": 60082995542.43, "Plan Rows": 1, "Plan Width": 34, "Plans": [{"Node Type": "Sort", "Parent Relationship": "Outer", "Parallel Aware": false, "Startup Cost": 60082995542.42, "Total Cost": 60082995542.43, "Plan Rows": 1, "Plan Width": 34, "Sort Key": ["(count(*)) DESC", "supplier.s_name"], "Plans": [{"Node Type": "Aggregate", "Strategy": "Sorted", "Partial Mode": "Simple", "Parent Relationship": "Outer", "Parallel Aware": false, "Startup Cost": 60082995542.39, "Total Cost": 60082995542.41, "Plan Rows": 1, "Plan Width": 34, "Group Key": ["supplier.s_name"], "Plans": [{"Node Type": "Sort", "Parent Relationship": "Outer", "Parallel Aware": false, "Startup Cost": 60082995542.39, "Total Cost": 60082995542.4, "Plan Rows": 1, "Plan Width": 26, "Sort Key": ["supplier.s_name"], "Plans": [{"Node Type": "Nested Loop", "Parent Relationship": "Outer", "Parallel Aware": false, "Join Type": "Semi", "Startup Cost": 60000000006.14, "Total Cost": 60082995542.38, "Plan Rows": 1, "Plan Width": 26, "Inner Unique": false, "Join Filter": "(l2.l_suppkey <> l1.l_suppkey)", "Plans": [{"Node Type": "Nested Loop", "Parent Relationship": "Outer", "Parallel Aware": false, "Join Type": "Anti", "Startup Cost": 50000000004.69, "Total Cost": 50082995520.39, "Plan Rows": 1, "Plan Width": 38, "Inner Unique": false, "Plans": [{"Node Type": "Nested Loop", "Parent Relationship": "Outer", "Parallel Aware": false, "Join Type": "Inner", "Startup Cost": 40000000003.25, "Total Cost": 40080989655.48, "Plan Rows": 391534, "Plan Width": 38, "Inner Unique": true, "Plans": [{"Node Type": "Nested Loop", "Parent Relationship": "Outer", "Parallel Aware": false, "Join Type": "Inner", "Startup Cost": 30000000002.18, "Total Cost": 30079239999.55, "Plan Rows": 799810, "Plan Width": 34, "Inner Unique": true, "Plans": [{"Node Type": "Nested Loop", "Parent Relationship": "Outer", "Parallel Aware": false, "Join Type": "Inner", "Startup Cost": 20000000001.49, "Total Cost": 20043035363.9, "Plan Rows": 19995259, "Plan Width": 38, "Inner Unique": true, "Plans": [{"Node Type": "Index Scan", "Parent Relationship": "Outer", "Parallel Aware": false, "Scan Direction": "Forward", "Index Name": "idx_lineitem_orderkey", "Relation Name": "lineitem", "Alias": "l1", "Startup Cost": 10000000000.57, "Total Cost": 10002355412.05, "Plan Rows": 19995259, "Plan Width": 8, "Filter": "(l_receiptdate > l_commitdate)"}, {"Node Type": "Bitmap Heap Scan", "Parent Relationship": "Inner", "Parallel Aware": false, "Relation Name": "supplier", "Alias": "supplier", "Startup Cost": 0.92, "Total Cost": 2.03, "Plan Rows": 1, "Plan Width": 34, "Recheck Cond": "(s_suppkey = l1.l_suppkey)", "Plans": [{"Node Type": "Bitmap Index Scan", "Parent Relationship": "Outer", "Parallel Aware": false, "Index Name": "supplier_pkey", "Startup Cost": 0.0, "Total Cost": 0.92, "Plan Rows": 1, "Plan Width": 0, "Index Cond": "(s_suppkey = l1.l_suppkey)"}]}]}, {"Node Type": "Bitmap Heap Scan", "Parent Relationship": "Inner", "Parallel Aware": false, "Relation Name": "nation", "Alias": "nation", "Startup Cost": 0.7, "Total Cost": 1.81, "Plan Rows": 1, "Plan Width": 4, "Recheck Cond": "(n_nationkey = supplier.s_nationkey)", "Filter": "(n_name = 'GERMANY'::bpchar)", "Plans": [{"Node Type": "Bitmap Index Scan", "Parent Relationship": "Outer", "Parallel Aware": false, "Index Name": "nation_pkey", "Startup Cost": 0.0, "Total Cost": 0.7, "Plan Rows": 1, "Plan Width": 0, "Index Cond": "(n_nationkey = supplier.s_nationkey)"}]}]}, {"Node Type": "Bitmap Heap Scan", "Parent Relationship": "Inner", "Parallel Aware": false, "Relation Name": "orders", "Alias": "orders", "Startup Cost": 1.07, "Total Cost": 2.19, "Plan Rows": 1, "Plan Width": 4, "Recheck Cond": "(o_orderkey = l1.l_orderkey)", "Filter": "(o_orderstatus = 'F'::bpchar)", "Plans": [{"Node Type": "Bitmap Index Scan", "Parent Relationship": "Outer", "Parallel Aware": false, "Index Name": "orders_pkey", "Startup Cost": 0.0, "Total Cost": 1.07, "Plan Rows": 1, "Plan Width": 0, "Index Cond": "(o_orderkey = l1.l_orderkey)"}]}]}, {"Node Type": "Bitmap Heap Scan", "Parent Relationship": "Inner", "Parallel Aware": false, "Relation Name": "lineitem", "Alias": "l3", "Startup Cost": 1.44, "Total Cost": 21.76, "Plan Rows": 10, "Plan Width": 8, "Recheck Cond": "(l_orderkey = l1.l_orderkey)", "Filter": "((l_receiptdate > l_commitdate) AND (l_suppkey <> l1.l_suppkey))", "Plans": [{"Node Type": "Bitmap Index Scan", "Parent Relationship": "Outer", "Parallel Aware": false, "Index Name": "lineitem_pkey", "Startup Cost": 0.0, "Total Cost": 1.44, "Plan Rows": 30, "Plan Width": 0, "Index Cond": "(l_orderkey = l1.l_orderkey)"}]}]}, {"Node Type": "Bitmap Heap Scan", "Parent Relationship": "Inner", "Parallel Aware": false, "Relation Name": "lineitem", "Alias": "l2", "Startup Cost": 1.44, "Total Cost": 21.61, "Plan Rows": 30, "Plan Width": 8, "Recheck Cond": "(l_orderkey = orders.o_orderkey)", "Plans": [{"Node Type": "Bitmap Index Scan", "Parent Relationship": "Outer", "Parallel Aware": false, "Index Name": "lineitem_pkey", "Startup Cost": 0.0, "Total Cost": 1.44, "Plan Rows": 30, "Plan Width": 0, "Index Cond": "(l_orderkey = orders.o_orderkey)"}]}]}]}]}]}]}}, {"Plan": {"Node Type": "Limit", "Parallel Aware": false, "Startup Cost": 6503819.4, "Total Cost": 6503819.4, "Plan Rows": 1, "Plan Width": 34, "Plans": [{"Node Type": "Sort", "Parent Relationship": "Outer", "Parallel Aware": false, "Startup Cost": 6503819.4, "Total Cost": 6503819.4, "Plan Rows": 1, "Plan Width": 34, "Sort Key": ["(count(*)) DESC", "supplier.s_name"], "Plans": [{"Node Type": "Aggregate", "Strategy": "Sorted", "Partial Mode": "Simple", "Parent Relationship": "Outer", "Parallel Aware": false, "Startup Cost": 6503819.37, "Total Cost": 6503819.39, "Plan Rows": 1, "Plan Width": 34, "Group Key": ["supplier.s_name"], "Plans": [{"Node Type": "Sort", "Parent Relationship": "Outer", "Parallel Aware": false, "Startup Cost": 6503819.37, "Total Cost": 6503819.37, "Plan Rows": 1, "Plan Width": 26, "Sort Key": ["supplier.s_name"], "Plans": [{"Node Type": "Gather", "Parent Relationship": "Outer", "Parallel Aware": false, "Startup Cost": 5977715.05, "Total Cost": 6503819.36, "Plan Rows": 1, "Plan Width": 26, "Workers Planned": 3, "Single Copy": false, "Plans": [{"Node Type": "Hash Join", "Parent Relationship": "Outer", "Parallel Aware": true, "Join Type": "Semi", "Startup Cost": 5976715.05, "Total Cost": 6502819.26, "Plan Rows": 1, "Plan Width": 26, "Inner Unique": false, "Hash Cond": "(orders.o_orderkey = l2.l_orderkey)", "Join Filter": "(l2.l_suppkey <> l1.l_suppkey)", "Plans": [{"Node Type": "Hash Join", "Parent Relationship": "Outer", "Parallel Aware": true, "Join Type": "Inner", "Startup Cost": 3860157.58, "Total Cost": 4310672.78, "Plan Rows": 1, "Plan Width": 38, "Inner Unique": false, "Hash Cond": "(orders.o_orderkey = l1.l_orderkey)", "Plans": [{"Node Type": "Index Scan", "Parent Relationship": "Outer", "Parallel Aware": true, "Scan Direction": "Forward", "Index Name": "orders_pkey", "Relation Name": "orders", "Alias": "orders", "Startup Cost": 0.43, "Total Cost": 441633.43, "Plan Rows": 2368586, "Plan Width": 4, "Filter": "(o_orderstatus = 'F'::bpchar)"}, {"Node Type": "Hash", "Parent Relationship": "Inner", "Parallel Aware": true, "Startup Cost": 3860157.13, "Total Cost": 3860157.13, "Plan Rows": 1, "Plan Width": 34, "Plans": [{"Node Type": "Hash Join", "Parent Relationship": "Outer", "Parallel Aware": true, "Join Type": "Anti", "Startup Cost": 1956908.66, "Total Cost": 3860157.13, "Plan Rows": 1, "Plan Width": 34, "Inner Unique": false, "Hash Cond": "(l1.l_orderkey = l3.l_orderkey)", "Join Filter": "(l3.l_suppkey <> l1.l_suppkey)", "Plans": [{"Node Type": "Hash Join", "Parent Relationship": "Outer", "Parallel Aware": true, "Join Type": "Inner", "Startup Cost": 3618.64, "Total Cost": 1876349.09, "Plan Rows": 258003, "Plan Width": 34, "Inner Unique": false, "Hash Cond": "(l1.l_suppkey = supplier.s_suppkey)", "Plans": [{"Node Type": "Index Scan", "Parent Relationship": "Outer", "Parallel Aware": true, "Scan Direction": "Forward", "Index Name": "idx_lineitem_orderkey", "Relation Name": "lineitem", "Alias": "l1", "Startup Cost": 0.56, "Total Cost": 1847467.97, "Plan Rows": 6450084, "Plan Width": 8, "Filter": "(l_receiptdate > l_commitdate)"}, {"Node Type": "Hash", "Parent Relationship": "Inner", "Parallel Aware": true, "Startup Cost": 3597.23, "Total Cost": 3597.23, "Plan Rows": 1667, "Plan Width": 30, "Plans": [{"Node Type": "Hash Join", "Parent Relationship": "Outer", "Parallel Aware": false, "Join Type": "Inner", "Startup Cost": 4.18, "Total Cost": 3597.23, "Plan Rows": 1667, "Plan Width": 30, "Inner Unique": true, "Hash Cond": "(supplier.s_nationkey = nation.n_nationkey)", "Plans": [{"Node Type": "Index Scan", "Parent Relationship": "Outer", "Parallel Aware": true, "Scan Direction": "Forward", "Index Name": "supplier_pkey", "Relation Name": "supplier", "Alias": "supplier", "Startup Cost": 0.29, "Total Cost": 3465.43, "Plan Rows": 41667, "Plan Width": 34}, {"Node Type": "Hash", "Parent Relationship": "Inner", "Parallel Aware": false, "Startup Cost": 3.88, "Total Cost": 3.88, "Plan Rows": 1, "Plan Width": 4, "Plans": [{"Node Type": "Index Scan", "Parent Relationship": "Outer", "Parallel Aware": false, "Scan Direction": "Forward", "Index Name": "nation_pkey", "Relation Name": "nation", "Alias": "nation", "Startup Cost": 0.14, "Total Cost": 3.88, "Plan Rows": 1, "Plan Width": 4, "Filter": "(n_name = 'GERMANY'::bpchar)"}]}]}]}]}, {"Node Type": "Hash", "Parent Relationship": "Inner", "Parallel Aware": true, "Startup Cost": 1847467.97, "Total Cost": 1847467.97, "Plan Rows": 6450084, "Plan Width": 8, "Plans": [{"Node Type": "Index Scan", "Parent Relationship": "Outer", "Parallel Aware": true, "Scan Direction": "Forward", "Index Name": "idx_lineitem_orderkey", "Relation Name": "lineitem", "Alias": "l3", "Startup Cost": 0.56, "Total Cost": 1847467.97, "Plan Rows": 6450084, "Plan Width": 8, "Filter": "(l_receiptdate > l_commitdate)"}]}]}]}]}, {"Node Type": "Hash", "Parent Relationship": "Inner", "Parallel Aware": true, "Startup Cost": 1799092.35, "Total Cost": 1799092.35, "Plan Rows": 19350250, "Plan Width": 8, "Plans": [{"Node Type": "Index Scan", "Parent Relationship": "Outer", "Parallel Aware": true, "Scan Direction": "Forward", "Index Name": "idx_lineitem_orderkey", "Relation Name": "lineitem", "Alias": "l2", "Startup Cost": 0.56, "Total Cost": 1799092.35, "Plan Rows": 19350250, "Plan Width": 8}]}]}]}]}]}]}]}}, {"Plan": {"Node Type": "Limit", "Parallel Aware": false, "Startup Cost": 6503819.4, "Total Cost": 6503819.4, "Plan Rows": 1, "Plan Width": 34, "Plans": [{"Node Type": "Sort", "Parent Relationship": "Outer", "Parallel Aware": false, "Startup Cost": 6503819.4, "Total Cost": 6503819.4, "Plan Rows": 1, "Plan Width": 34, "Sort Key": ["(count(*)) DESC", "supplier.s_name"], "Plans": [{"Node Type": "Aggregate", "Strategy": "Sorted", "Partial Mode": "Simple", "Parent Relationship": "Outer", "Parallel Aware": false, "Startup Cost": 6503819.37, "Total Cost": 6503819.39, "Plan Rows": 1, "Plan Width": 34, "Group Key": ["supplier.s_name"], "Plans": [{"Node Type": "Sort", "Parent Relationship": "Outer", "Parallel Aware": false, "Startup Cost": 6503819.37, "Total Cost": 6503819.37, "Plan Rows": 1, "Plan Width": 26, "Sort Key": ["supplier.s_name"], "Plans": [{"Node Type": "Gather", "Parent Relationship": "Outer", "Parallel Aware": false, "Startup Cost": 5977715.05, "Total Cost": 6503819.36, "Plan Rows": 1, "Plan Width": 26, "Workers Planned": 3, "Single Copy": false, "Plans": [{"Node Type": "Hash Join", "Parent Relationship": "Outer", "Parallel Aware": true, "Join Type": "Semi", "Startup Cost": 5976715.05, "Total Cost": 6502819.26, "Plan Rows": 1, "Plan Width": 26, "Inner Unique": false, "Hash Cond": "(orders.o_orderkey = l2.l_orderkey)", "Join Filter": "(l2.l_suppkey <> l1.l_suppkey)", "Plans": [{"Node Type": "Hash Join", "Parent Relationship": "Outer", "Parallel Aware": true, "Join Type": "Inner", "Startup Cost": 3860157.58, "Total Cost": 4310672.78, "Plan Rows": 1, "Plan Width": 38, "Inner Unique": false, "Hash Cond": "(orders.o_orderkey = l1.l_orderkey)", "Plans": [{"Node Type": "Index Scan", "Parent Relationship": "Outer", "Parallel Aware": true, "Scan Direction": "Forward", "Index Name": "orders_pkey", "Relation Name": "orders", "Alias": "orders", "Startup Cost": 0.43, "Total Cost": 441633.43, "Plan Rows": 2368586, "Plan Width": 4, "Filter": "(o_orderstatus = 'F'::bpchar)"}, {"Node Type": "Hash", "Parent Relationship": "Inner", "Parallel Aware": true, "Startup Cost": 3860157.13, "Total Cost": 3860157.13, "Plan Rows": 1, "Plan Width": 34, "Plans": [{"Node Type": "Hash Join", "Parent Relationship": "Outer", "Parallel Aware": true, "Join Type": "Anti", "Startup Cost": 1956908.66, "Total Cost": 3860157.13, "Plan Rows": 1, "Plan Width": 34, "Inner Unique": false, "Hash Cond": "(l1.l_orderkey = l3.l_orderkey)", "Join Filter": "(l3.l_suppkey <> l1.l_suppkey)", "Plans": [{"Node Type": "Hash Join", "Parent Relationship": "Outer", "Parallel Aware": true, "Join Type": "Inner", "Startup Cost": 3618.64, "Total Cost": 1876349.09, "Plan Rows": 258003, "Plan Width": 34, "Inner Unique": false, "Hash Cond": "(l1.l_suppkey = supplier.s_suppkey)", "Plans": [{"Node Type": "Index Scan", "Parent Relationship": "Outer", "Parallel Aware": true, "Scan Direction": "Forward", "Index Name": "idx_lineitem_orderkey", "Relation Name": "lineitem", "Alias": "l1", "Startup Cost": 0.56, "Total Cost": 1847467.97, "Plan Rows": 6450084, "Plan Width": 8, "Filter": "(l_receiptdate > l_commitdate)"}, {"Node Type": "Hash", "Parent Relationship": "Inner", "Parallel Aware": true, "Startup Cost": 3597.23, "Total Cost": 3597.23, "Plan Rows": 1667, "Plan Width": 30, "Plans": [{"Node Type": "Hash Join", "Parent Relationship": "Outer", "Parallel Aware": false, "Join Type": "Inner", "Startup Cost": 4.18, "Total Cost": 3597.23, "Plan Rows": 1667, "Plan Width": 30, "Inner Unique": true, "Hash Cond": "(supplier.s_nationkey = nation.n_nationkey)", "Plans": [{"Node Type": "Index Scan", "Parent Relationship": "Outer", "Parallel Aware": true, "Scan Direction": "Forward", "Index Name": "supplier_pkey", "Relation Name": "supplier", "Alias": "supplier", "Startup Cost": 0.29, "Total Cost": 3465.43, "Plan Rows": 41667, "Plan Width": 34}, {"Node Type": "Hash", "Parent Relationship": "Inner", "Parallel Aware": false, "Startup Cost": 3.88, "Total Cost": 3.88, "Plan Rows": 1, "Plan Width": 4, "Plans": [{"Node Type": "Index Scan", "Parent Relationship": "Outer", "Parallel Aware": false, "Scan Direction": "Forward", "Index Name": "nation_pkey", "Relation Name": "nation", "Alias": "nation", "Startup Cost": 0.14, "Total Cost": 3.88, "Plan Rows": 1, "Plan Width": 4, "Filter": "(n_name = 'GERMANY'::bpchar)"}]}]}]}]}, {"Node Type": "Hash", "Parent Relationship": "Inner", "Parallel Aware": true, "Startup Cost": 1847467.97, "Total Cost": 1847467.97, "Plan Rows": 6450084, "Plan Width": 8, "Plans": [{"Node Type": "Index Scan", "Parent Relationship": "Outer", "Parallel Aware": true, "Scan Direction": "Forward", "Index Name": "idx_lineitem_orderkey", "Relation Name": "lineitem", "Alias": "l3", "Startup Cost": 0.56, "Total Cost": 1847467.97, "Plan Rows": 6450084, "Plan Width": 8, "Filter": "(l_receiptdate > l_commitdate)"}]}]}]}]}, {"Node Type": "Hash", "Parent Relationship": "Inner", "Parallel Aware": true, "Startup Cost": 1799092.35, "Total Cost": 1799092.35, "Plan Rows": 19350250, "Plan Width": 8, "Plans": [{"Node Type": "Index Scan", "Parent Relationship": "Outer", "Parallel Aware": true, "Scan Direction": "Forward", "Index Name": "idx_lineitem_orderkey", "Relation Name": "lineitem", "Alias": "l2", "Startup Cost": 0.56, "Total Cost": 1799092.35, "Plan Rows": 19350250, "Plan Width": 8}]}]}]}]}]}]}]}}, {"Plan": {"Node Type": "Limit", "Parallel Aware": false, "Startup Cost": 2119618.89, "Total Cost": 2119618.9, "Plan Rows": 1, "Plan Width": 34, "Plans": [{"Node Type": "Sort", "Parent Relationship": "Outer", "Parallel Aware": false, "Startup Cost": 2119618.89, "Total Cost": 2119618.9, "Plan Rows": 1, "Plan Width": 34, "Sort Key": ["(count(*)) DESC", "supplier.s_name"], "Plans": [{"Node Type": "Aggregate", "Strategy": "Sorted", "Partial Mode": "Simple", "Parent Relationship": "Outer", "Parallel Aware": false, "Startup Cost": 2119618.86, "Total Cost": 2119618.88, "Plan Rows": 1, "Plan Width": 34, "Group Key": ["supplier.s_name"], "Plans": [{"Node Type": "Sort", "Parent Relationship": "Outer", "Parallel Aware": false, "Startup Cost": 2119618.86, "Total Cost": 2119618.87, "Plan Rows": 1, "Plan Width": 26, "Sort Key": ["supplier.s_name"], "Plans": [{"Node Type": "Nested Loop", "Parent Relationship": "Outer", "Parallel Aware": false, "Join Type": "Inner", "Startup Cost": 4620.2, "Total Cost": 2119618.85, "Plan Rows": 1, "Plan Width": 26, "Inner Unique": true, "Plans": [{"Node Type": "Nested Loop", "Parent Relationship": "Outer", "Parallel Aware": false, "Join Type": "Semi", "Startup Cost": 4619.77, "Total Cost": 2119617.14, "Plan Rows": 1, "Plan Width": 34, "Inner Unique": false, "Plans": [{"Node Type": "Gather", "Parent Relationship": "Outer", "Parallel Aware": false, "Startup Cost": 4619.2, "Total Cost": 2119614.65, "Plan Rows": 1, "Plan Width": 34, "Workers Planned": 3, "Single Copy": false, "Plans": [{"Node Type": "Nested Loop", "Parent Relationship": "Outer", "Parallel Aware": false, "Join Type": "Anti", "Startup Cost": 3619.2, "Total Cost": 2118614.55, "Plan Rows": 1, "Plan Width": 34, "Inner Unique": false, "Plans": [{"Node Type": "Hash Join", "Parent Relationship": "Outer", "Parallel Aware": true, "Join Type": "Inner", "Startup Cost": 3618.64, "Total Cost": 1876349.09, "Plan Rows": 258003, "Plan Width": 34, "Inner Unique": false, "Hash Cond": "(l1.l_suppkey = supplier.s_suppkey)", "Plans": [{"Node Type": "Index Scan", "Parent Relationship": "Outer", "Parallel Aware": true, "Scan Direction": "Forward", "Index Name": "idx_lineitem_orderkey", "Relation Name": "lineitem", "Alias": "l1", "Startup Cost": 0.56, "Total Cost": 1847467.97, "Plan Rows": 6450084, "Plan Width": 8, "Filter": "(l_receiptdate > l_commitdate)"}, {"Node Type": "Hash", "Parent Relationship": "Inner", "Parallel Aware": true, "Startup Cost": 3597.23, "Total Cost": 3597.23, "Plan Rows": 1667, "Plan Width": 30, "Plans": [{"Node Type": "Hash Join", "Parent Relationship": "Outer", "Parallel Aware": false, "Join Type": "Inner", "Startup Cost": 4.18, "Total Cost": 3597.23, "Plan Rows": 1667, "Plan Width": 30, "Inner Unique": true, "Hash Cond": "(supplier.s_nationkey = nation.n_nationkey)", "Plans": [{"Node Type": "Index Scan", "Parent Relationship": "Outer", "Parallel Aware": true, "Scan Direction": "Forward", "Index Name": "supplier_pkey", "Relation Name": "supplier", "Alias": "supplier", "Startup Cost": 0.29, "Total Cost": 3465.43, "Plan Rows": 41667, "Plan Width": 34}, {"Node Type": "Hash", "Parent Relationship": "Inner", "Parallel Aware": false, "Startup Cost": 3.88, "Total Cost": 3.88, "Plan Rows": 1, "Plan Width": 4, "Plans": [{"Node Type": "Index Scan", "Parent Relationship": "Outer", "Parallel Aware": false, "Scan Direction": "Forward", "Index Name": "nation_pkey", "Relation Name": "nation", "Alias": "nation", "Startup Cost": 0.14, "Total Cost": 3.88, "Plan Rows": 1, "Plan Width": 4, "Filter": "(n_name = 'GERMANY'::bpchar)"}]}]}]}]}, {"Node Type": "Index Scan", "Parent Relationship": "Inner", "Parallel Aware": false, "Scan Direction": "Forward", "Index Name": "idx_lineitem_orderkey", "Relation Name": "lineitem", "Alias": "l3", "Startup Cost": 0.56, "Total Cost": 2.54, "Plan Rows": 10, "Plan Width": 8, "Index Cond": "(l_orderkey = l1.l_orderkey)", "Filter": "((l_receiptdate > l_commitdate) AND (l_suppkey <> l1.l_suppkey))"}]}]}, {"Node Type": "Index Scan", "Parent Relationship": "Inner", "Parallel Aware": false, "Scan Direction": "Forward", "Index Name": "idx_lineitem_orderkey", "Relation Name": "lineitem", "Alias": "l2", "Startup Cost": 0.56, "Total Cost": 2.46, "Plan Rows": 30, "Plan Width": 8, "Index Cond": "(l_orderkey = l1.l_orderkey)", "Filter": "(l_suppkey <> l1.l_suppkey)"}]}, {"Node Type": "Index Scan", "Parent Relationship": "Inner", "Parallel Aware": false, "Scan Direction": "Forward", "Index Name": "orders_pkey", "Relation Name": "orders", "Alias": "orders", "Startup Cost": 0.43, "Total Cost": 1.72, "Plan Rows": 1, "Plan Width": 4, "Index Cond": "(o_orderkey = l1.l_orderkey)", "Filter": "(o_orderstatus = 'F'::bpchar)"}]}]}]}]}]}}, {"Plan": {"Node Type": "Limit", "Parallel Aware": false, "Startup Cost": 4940275.11, "Total Cost": 4940275.11, "Plan Rows": 1, "Plan Width": 34, "Plans": [{"Node Type": "Sort", "Parent Relationship": "Outer", "Parallel Aware": false, "Startup Cost": 4940275.11, "Total Cost": 4940275.11, "Plan Rows": 1, "Plan Width": 34, "Sort Key": ["(count(*)) DESC", "supplier.s_name"], "Plans": [{"Node Type": "Aggregate", "Strategy": "Sorted", "Partial Mode": "Simple", "Parent Relationship": "Outer", "Parallel Aware": false, "Startup Cost": 4940275.08, "Total Cost": 4940275.1, "Plan Rows": 1, "Plan Width": 34, "Group Key": ["supplier.s_name"], "Plans": [{"Node Type": "Sort", "Parent Relationship": "Outer", "Parallel Aware": false, "Startup Cost": 4940275.08, "Total Cost": 4940275.08, "Plan Rows": 1, "Plan Width": 26, "Sort Key": ["supplier.s_name"], "Plans": [{"Node Type": "Gather", "Parent Relationship": "Outer", "Parallel Aware": false, "Startup Cost": 4534411.04, "Total Cost": 4940275.07, "Plan Rows": 1, "Plan Width": 26, "Workers Planned": 3, "Single Copy": false, "Plans": [{"Node Type": "Hash Join", "Parent Relationship": "Outer", "Parallel Aware": true, "Join Type": "Semi", "Startup Cost": 4533411.04, "Total Cost": 4939274.97, "Plan Rows": 1, "Plan Width": 26, "Inner Unique": false, "Hash Cond": "(orders.o_orderkey = l2.l_orderkey)", "Join Filter": "(l2.l_suppkey <> l1.l_suppkey)", "Plans": [{"Node Type": "Hash Join", "Parent Relationship": "Outer", "Parallel Aware": true, "Join Type": "Inner", "Startup Cost": 2897901.41, "Total Cost": 3228176.33, "Plan Rows": 1, "Plan Width": 38, "Inner Unique": false, "Hash Cond": "(orders.o_orderkey = l1.l_orderkey)", "Plans": [{"Node Type": "Seq Scan", "Parent Relationship": "Outer", "Parallel Aware": true, "Relation Name": "orders", "Alias": "orders", "Startup Cost": 0.0, "Total Cost": 321392.71, "Plan Rows": 2368586, "Plan Width": 4, "Filter": "(o_orderstatus = 'F'::bpchar)"}, {"Node Type": "Hash", "Parent Relationship": "Inner", "Parallel Aware": true, "Startup Cost": 2897901.4, "Total Cost": 2897901.4, "Plan Rows": 1, "Plan Width": 34, "Plans": [{"Node Type": "Hash Join", "Parent Relationship": "Outer", "Parallel Aware": true, "Join Type": "Anti", "Startup Cost": 1475257.74, "Total Cost": 2897901.4, "Plan Rows": 1, "Plan Width": 34, "Inner Unique": false, "Hash Cond": "(l1.l_orderkey = l3.l_orderkey)", "Join Filter": "(l3.l_suppkey <> l1.l_suppkey)", "Plans": [{"Node Type": "Hash Join", "Parent Relationship": "Outer", "Parallel Aware": true, "Join Type": "Inner", "Startup Cost": 3015.56, "Total Cost": 1395141.21, "Plan Rows": 258003, "Plan Width": 34, "Inner Unique": false, "Hash Cond": "(l1.l_suppkey = supplier.s_suppkey)", "Plans": [{"Node Type": "Seq Scan", "Parent Relationship": "Outer", "Parallel Aware": true, "Relation Name": "lineitem", "Alias": "l1", "Startup Cost": 0.0, "Total Cost": 1366420.13, "Plan Rows": 6450084, "Plan Width": 8, "Filter": "(l_receiptdate > l_commitdate)"}, {"Node Type": "Hash", "Parent Relationship": "Inner", "Parallel Aware": true, "Startup Cost": 2986.15, "Total Cost": 2986.15, "Plan Rows": 2353, "Plan Width": 30, "Plans": [{"Node Type": "Hash Join", "Parent Relationship": "Outer", "Parallel Aware": false, "Join Type": "Inner", "Startup Cost": 1.32, "Total Cost": 2986.15, "Plan Rows": 2353, "Plan Width": 30, "Inner Unique": true, "Hash Cond": "(supplier.s_nationkey = nation.n_nationkey)", "Plans": [{"Node Type": "Seq Scan", "Parent Relationship": "Outer", "Parallel Aware": true, "Relation Name": "supplier", "Alias": "supplier", "Startup Cost": 0.0, "Total Cost": 2804.24, "Plan Rows": 58824, "Plan Width": 34}, {"Node Type": "Hash", "Parent Relationship": "Inner", "Parallel Aware": false, "Startup Cost": 1.31, "Total Cost": 1.31, "Plan Rows": 1, "Plan Width": 4, "Plans": [{"Node Type": "Seq Scan", "Parent Relationship": "Outer", "Parallel Aware": false, "Relation Name": "nation", "Alias": "nation", "Startup Cost": 0.0, "Total Cost": 1.31, "Plan Rows": 1, "Plan Width": 4, "Filter": "(n_name = 'GERMANY'::bpchar)"}]}]}]}]}, {"Node Type": "Hash", "Parent Relationship": "Inner", "Parallel Aware": true, "Startup Cost": 1366420.13, "Total Cost": 1366420.13, "Plan Rows": 6450084, "Plan Width": 8, "Plans": [{"Node Type": "Seq Scan", "Parent Relationship": "Outer", "Parallel Aware": true, "Relation Name": "lineitem", "Alias": "l3", "Startup Cost": 0.0, "Total Cost": 1366420.13, "Plan Rows": 6450084, "Plan Width": 8, "Filter": "(l_receiptdate > l_commitdate)"}]}]}]}]}, {"Node Type": "Hash", "Parent Relationship": "Inner", "Parallel Aware": true, "Startup Cost": 1318044.5, "Total Cost": 1318044.5, "Plan Rows": 19350250, "Plan Width": 8, "Plans": [{"Node Type": "Seq Scan", "Parent Relationship": "Outer", "Parallel Aware": true, "Relation Name": "lineitem", "Alias": "l2", "Startup Cost": 0.0, "Total Cost": 1318044.5, "Plan Rows": 19350250, "Plan Width": 8}]}]}]}]}]}]}]}}, {"Plan": {"Node Type": "Limit", "Parallel Aware": false, "Startup Cost": 2119618.89, "Total Cost": 2119618.9, "Plan Rows": 1, "Plan Width": 34, "Plans": [{"Node Type": "Sort", "Parent Relationship": "Outer", "Parallel Aware": false, "Startup Cost": 2119618.89, "Total Cost": 2119618.9, "Plan Rows": 1, "Plan Width": 34, "Sort Key": ["(count(*)) DESC", "supplier.s_name"], "Plans": [{"Node Type": "Aggregate", "Strategy": "Sorted", "Partial Mode": "Simple", "Parent Relationship": "Outer", "Parallel Aware": false, "Startup Cost": 2119618.86, "Total Cost": 2119618.88, "Plan Rows": 1, "Plan Width": 34, "Group Key": ["supplier.s_name"], "Plans": [{"Node Type": "Sort", "Parent Relationship": "Outer", "Parallel Aware": false, "Startup Cost": 2119618.86, "Total Cost": 2119618.87, "Plan Rows": 1, "Plan Width": 26, "Sort Key": ["supplier.s_name"], "Plans": [{"Node Type": "Nested Loop", "Parent Relationship": "Outer", "Parallel Aware": false, "Join Type": "Inner", "Startup Cost": 4620.2, "Total Cost": 2119618.85, "Plan Rows": 1, "Plan Width": 26, "Inner Unique": true, "Plans": [{"Node Type": "Nested Loop", "Parent Relationship": "Outer", "Parallel Aware": false, "Join Type": "Semi", "Startup Cost": 4619.77, "Total Cost": 2119617.14, "Plan Rows": 1, "Plan Width": 34, "Inner Unique": false, "Plans": [{"Node Type": "Gather", "Parent Relationship": "Outer", "Parallel Aware": false, "Startup Cost": 4619.2, "Total Cost": 2119614.65, "Plan Rows": 1, "Plan Width": 34, "Workers Planned": 3, "Single Copy": false, "Plans": [{"Node Type": "Nested Loop", "Parent Relationship": "Outer", "Parallel Aware": false, "Join Type": "Anti", "Startup Cost": 3619.2, "Total Cost": 2118614.55, "Plan Rows": 1, "Plan Width": 34, "Inner Unique": false, "Plans": [{"Node Type": "Hash Join", "Parent Relationship": "Outer", "Parallel Aware": true, "Join Type": "Inner", "Startup Cost": 3618.64, "Total Cost": 1876349.09, "Plan Rows": 258003, "Plan Width": 34, "Inner Unique": false, "Hash Cond": "(l1.l_suppkey = supplier.s_suppkey)", "Plans": [{"Node Type": "Index Scan", "Parent Relationship": "Outer", "Parallel Aware": true, "Scan Direction": "Forward", "Index Name": "idx_lineitem_orderkey", "Relation Name": "lineitem", "Alias": "l1", "Startup Cost": 0.56, "Total Cost": 1847467.97, "Plan Rows": 6450084, "Plan Width": 8, "Filter": "(l_receiptdate > l_commitdate)"}, {"Node Type": "Hash", "Parent Relationship": "Inner", "Parallel Aware": true, "Startup Cost": 3597.23, "Total Cost": 3597.23, "Plan Rows": 1667, "Plan Width": 30, "Plans": [{"Node Type": "Hash Join", "Parent Relationship": "Outer", "Parallel Aware": false, "Join Type": "Inner", "Startup Cost": 4.18, "Total Cost": 3597.23, "Plan Rows": 1667, "Plan Width": 30, "Inner Unique": true, "Hash Cond": "(supplier.s_nationkey = nation.n_nationkey)", "Plans": [{"Node Type": "Index Scan", "Parent Relationship": "Outer", "Parallel Aware": true, "Scan Direction": "Forward", "Index Name": "supplier_pkey", "Relation Name": "supplier", "Alias": "supplier", "Startup Cost": 0.29, "Total Cost": 3465.43, "Plan Rows": 41667, "Plan Width": 34}, {"Node Type": "Hash", "Parent Relationship": "Inner", "Parallel Aware": false, "Startup Cost": 3.88, "Total Cost": 3.88, "Plan Rows": 1, "Plan Width": 4, "Plans": [{"Node Type": "Index Scan", "Parent Relationship": "Outer", "Parallel Aware": false, "Scan Direction": "Forward", "Index Name": "nation_pkey", "Relation Name": "nation", "Alias": "nation", "Startup Cost": 0.14, "Total Cost": 3.88, "Plan Rows": 1, "Plan Width": 4, "Filter": "(n_name = 'GERMANY'::bpchar)"}]}]}]}]}, {"Node Type": "Index Scan", "Parent Relationship": "Inner", "Parallel Aware": false, "Scan Direction": "Forward", "Index Name": "idx_lineitem_orderkey", "Relation Name": "lineitem", "Alias": "l3", "Startup Cost": 0.56, "Total Cost": 2.54, "Plan Rows": 10, "Plan Width": 8, "Index Cond": "(l_orderkey = l1.l_orderkey)", "Filter": "((l_receiptdate > l_commitdate) AND (l_suppkey <> l1.l_suppkey))"}]}]}, {"Node Type": "Index Scan", "Parent Relationship": "Inner", "Parallel Aware": false, "Scan Direction": "Forward", "Index Name": "idx_lineitem_orderkey", "Relation Name": "lineitem", "Alias": "l2", "Startup Cost": 0.56, "Total Cost": 2.46, "Plan Rows": 30, "Plan Width": 8, "Index Cond": "(l_orderkey = l1.l_orderkey)", "Filter": "(l_suppkey <> l1.l_suppkey)"}]}, {"Node Type": "Index Scan", "Parent Relationship": "Inner", "Parallel Aware": false, "Scan Direction": "Forward", "Index Name": "orders_pkey", "Relation Name": "orders", "Alias": "orders", "Startup Cost": 0.43, "Total Cost": 1.72, "Plan Rows": 1, "Plan Width": 4, "Index Cond": "(o_orderkey = l1.l_orderkey)", "Filter": "(o_orderstatus = 'F'::bpchar)"}]}]}]}]}]}}, {"Plan": {"Node Type": "Limit", "Parallel Aware": false, "Startup Cost": 1638411.01, "Total Cost": 1638411.01, "Plan Rows": 1, "Plan Width": 34, "Plans": [{"Node Type": "Sort", "Parent Relationship": "Outer", "Parallel Aware": false, "Startup Cost": 1638411.01, "Total Cost": 1638411.01, "Plan Rows": 1, "Plan Width": 34, "Sort Key": ["(count(*)) DESC", "supplier.s_name"], "Plans": [{"Node Type": "Aggregate", "Strategy": "Sorted", "Partial Mode": "Simple", "Parent Relationship": "Outer", "Parallel Aware": false, "Startup Cost": 1638410.98, "Total Cost": 1638411.0, "Plan Rows": 1, "Plan Width": 34, "Group Key": ["supplier.s_name"], "Plans": [{"Node Type": "Sort", "Parent Relationship": "Outer", "Parallel Aware": false, "Startup Cost": 1638410.98, "Total Cost": 1638410.98, "Plan Rows": 1, "Plan Width": 26, "Sort Key": ["supplier.s_name"], "Plans": [{"Node Type": "Nested Loop", "Parent Relationship": "Outer", "Parallel Aware": false, "Join Type": "Inner", "Startup Cost": 4017.13, "Total Cost": 1638410.97, "Plan Rows": 1, "Plan Width": 26, "Inner Unique": true, "Plans": [{"Node Type": "Nested Loop", "Parent Relationship": "Outer", "Parallel Aware": false, "Join Type": "Semi", "Startup Cost": 4016.69, "Total Cost": 1638409.25, "Plan Rows": 1, "Plan Width": 34, "Inner Unique": false, "Plans": [{"Node Type": "Gather", "Parent Relationship": "Outer", "Parallel Aware": false, "Startup Cost": 4016.13, "Total Cost": 1638406.77, "Plan Rows": 1, "Plan Width": 34, "Workers Planned": 3, "Single Copy": false, "Plans": [{"Node Type": "Nested Loop", "Parent Relationship": "Outer", "Parallel Aware": false, "Join Type": "Anti", "Startup Cost": 3016.13, "Total Cost": 1637406.67, "Plan Rows": 1, "Plan Width": 34, "Inner Unique": false, "Plans": [{"Node Type": "Hash Join", "Parent Relationship": "Outer", "Parallel Aware": true, "Join Type": "Inner", "Startup Cost": 3015.56, "Total Cost": 1395141.21, "Plan Rows": 258003, "Plan Width": 34, "Inner Unique": false, "Hash Cond": "(l1.l_suppkey = supplier.s_suppkey)", "Plans": [{"Node Type": "Seq Scan", "Parent Relationship": "Outer", "Parallel Aware": true, "Relation Name": "lineitem", "Alias": "l1", "Startup Cost": 0.0, "Total Cost": 1366420.13, "Plan Rows": 6450084, "Plan Width": 8, "Filter": "(l_receiptdate > l_commitdate)"}, {"Node Type": "Hash", "Parent Relationship": "Inner", "Parallel Aware": true, "Startup Cost": 2986.15, "Total Cost": 2986.15, "Plan Rows": 2353, "Plan Width": 30, "Plans": [{"Node Type": "Hash Join", "Parent Relationship": "Outer", "Parallel Aware": false, "Join Type": "Inner", "Startup Cost": 1.32, "Total Cost": 2986.15, "Plan Rows": 2353, "Plan Width": 30, "Inner Unique": true, "Hash Cond": "(supplier.s_nationkey = nation.n_nationkey)", "Plans": [{"Node Type": "Seq Scan", "Parent Relationship": "Outer", "Parallel Aware": true, "Relation Name": "supplier", "Alias": "supplier", "Startup Cost": 0.0, "Total Cost": 2804.24, "Plan Rows": 58824, "Plan Width": 34}, {"Node Type": "Hash", "Parent Relationship": "Inner", "Parallel Aware": false, "Startup Cost": 1.31, "Total Cost": 1.31, "Plan Rows": 1, "Plan Width": 4, "Plans": [{"Node Type": "Seq Scan", "Parent Relationship": "Outer", "Parallel Aware": false, "Relation Name": "nation", "Alias": "nation", "Startup Cost": 0.0, "Total Cost": 1.31, "Plan Rows": 1, "Plan Width": 4, "Filter": "(n_name = 'GERMANY'::bpchar)"}]}]}]}]}, {"Node Type": "Index Scan", "Parent Relationship": "Inner", "Parallel Aware": false, "Scan Direction": "Forward", "Index Name": "idx_lineitem_orderkey", "Relation Name": "lineitem", "Alias": "l3", "Startup Cost": 0.56, "Total Cost": 2.54, "Plan Rows": 10, "Plan Width": 8, "Index Cond": "(l_orderkey = l1.l_orderkey)", "Filter": "((l_receiptdate > l_commitdate) AND (l_suppkey <> l1.l_suppkey))"}]}]}, {"Node Type": "Index Scan", "Parent Relationship": "Inner", "Parallel Aware": false, "Scan Direction": "Forward", "Index Name": "idx_lineitem_orderkey", "Relation Name": "lineitem", "Alias": "l2", "Startup Cost": 0.56, "Total Cost": 2.46, "Plan Rows": 30, "Plan Width": 8, "Index Cond": "(l_orderkey = l1.l_orderkey)", "Filter": "(l_suppkey <> l1.l_suppkey)"}]}, {"Node Type": "Index Scan", "Parent Relationship": "Inner", "Parallel Aware": false, "Scan Direction": "Forward", "Index Name": "orders_pkey", "Relation Name": "orders", "Alias": "orders", "Startup Cost": 0.43, "Total Cost": 1.72, "Plan Rows": 1, "Plan Width": 4, "Index Cond": "(o_orderkey = l1.l_orderkey)", "Filter": "(o_orderstatus = 'F'::bpchar)"}]}]}]}]}]}}, {"Plan": {"Node Type": "Limit", "Parallel Aware": false, "Startup Cost": 4940275.11, "Total Cost": 4940275.11, "Plan Rows": 1, "Plan Width": 34, "Plans": [{"Node Type": "Sort", "Parent Relationship": "Outer", "Parallel Aware": false, "Startup Cost": 4940275.11, "Total Cost": 4940275.11, "Plan Rows": 1, "Plan Width": 34, "Sort Key": ["(count(*)) DESC", "supplier.s_name"], "Plans": [{"Node Type": "Aggregate", "Strategy": "Sorted", "Partial Mode": "Simple", "Parent Relationship": "Outer", "Parallel Aware": false, "Startup Cost": 4940275.08, "Total Cost": 4940275.1, "Plan Rows": 1, "Plan Width": 34, "Group Key": ["supplier.s_name"], "Plans": [{"Node Type": "Sort", "Parent Relationship": "Outer", "Parallel Aware": false, "Startup Cost": 4940275.08, "Total Cost": 4940275.08, "Plan Rows": 1, "Plan Width": 26, "Sort Key": ["supplier.s_name"], "Plans": [{"Node Type": "Gather", "Parent Relationship": "Outer", "Parallel Aware": false, "Startup Cost": 4534411.04, "Total Cost": 4940275.07, "Plan Rows": 1, "Plan Width": 26, "Workers Planned": 3, "Single Copy": false, "Plans": [{"Node Type": "Hash Join", "Parent Relationship": "Outer", "Parallel Aware": true, "Join Type": "Semi", "Startup Cost": 4533411.04, "Total Cost": 4939274.97, "Plan Rows": 1, "Plan Width": 26, "Inner Unique": false, "Hash Cond": "(orders.o_orderkey = l2.l_orderkey)", "Join Filter": "(l2.l_suppkey <> l1.l_suppkey)", "Plans": [{"Node Type": "Hash Join", "Parent Relationship": "Outer", "Parallel Aware": true, "Join Type": "Inner", "Startup Cost": 2897901.41, "Total Cost": 3228176.33, "Plan Rows": 1, "Plan Width": 38, "Inner Unique": false, "Hash Cond": "(orders.o_orderkey = l1.l_orderkey)", "Plans": [{"Node Type": "Seq Scan", "Parent Relationship": "Outer", "Parallel Aware": true, "Relation Name": "orders", "Alias": "orders", "Startup Cost": 0.0, "Total Cost": 321392.71, "Plan Rows": 2368586, "Plan Width": 4, "Filter": "(o_orderstatus = 'F'::bpchar)"}, {"Node Type": "Hash", "Parent Relationship": "Inner", "Parallel Aware": true, "Startup Cost": 2897901.4, "Total Cost": 2897901.4, "Plan Rows": 1, "Plan Width": 34, "Plans": [{"Node Type": "Hash Join", "Parent Relationship": "Outer", "Parallel Aware": true, "Join Type": "Anti", "Startup Cost": 1475257.74, "Total Cost": 2897901.4, "Plan Rows": 1, "Plan Width": 34, "Inner Unique": false, "Hash Cond": "(l1.l_orderkey = l3.l_orderkey)", "Join Filter": "(l3.l_suppkey <> l1.l_suppkey)", "Plans": [{"Node Type": "Hash Join", "Parent Relationship": "Outer", "Parallel Aware": true, "Join Type": "Inner", "Startup Cost": 3015.56, "Total Cost": 1395141.21, "Plan Rows": 258003, "Plan Width": 34, "Inner Unique": false, "Hash Cond": "(l1.l_suppkey = supplier.s_suppkey)", "Plans": [{"Node Type": "Seq Scan", "Parent Relationship": "Outer", "Parallel Aware": true, "Relation Name": "lineitem", "Alias": "l1", "Startup Cost": 0.0, "Total Cost": 1366420.13, "Plan Rows": 6450084, "Plan Width": 8, "Filter": "(l_receiptdate > l_commitdate)"}, {"Node Type": "Hash", "Parent Relationship": "Inner", "Parallel Aware": true, "Startup Cost": 2986.15, "Total Cost": 2986.15, "Plan Rows": 2353, "Plan Width": 30, "Plans": [{"Node Type": "Hash Join", "Parent Relationship": "Outer", "Parallel Aware": false, "Join Type": "Inner", "Startup Cost": 1.32, "Total Cost": 2986.15, "Plan Rows": 2353, "Plan Width": 30, "Inner Unique": true, "Hash Cond": "(supplier.s_nationkey = nation.n_nationkey)", "Plans": [{"Node Type": "Seq Scan", "Parent Relationship": "Outer", "Parallel Aware": true, "Relation Name": "supplier", "Alias": "supplier", "Startup Cost": 0.0, "Total Cost": 2804.24, "Plan Rows": 58824, "Plan Width": 34}, {"Node Type": "Hash", "Parent Relationship": "Inner", "Parallel Aware": false, "Startup Cost": 1.31, "Total Cost": 1.31, "Plan Rows": 1, "Plan Width": 4, "Plans": [{"Node Type": "Seq Scan", "Parent Relationship": "Outer", "Parallel Aware": false, "Relation Name": "nation", "Alias": "nation", "Startup Cost": 0.0, "Total Cost": 1.31, "Plan Rows": 1, "Plan Width": 4, "Filter": "(n_name = 'GERMANY'::bpchar)"}]}]}]}]}, {"Node Type": "Hash", "Parent Relationship": "Inner", "Parallel Aware": true, "Startup Cost": 1366420.13, "Total Cost": 1366420.13, "Plan Rows": 6450084, "Plan Width": 8, "Plans": [{"Node Type": "Seq Scan", "Parent Relationship": "Outer", "Parallel Aware": true, "Relation Name": "lineitem", "Alias": "l3", "Startup Cost": 0.0, "Total Cost": 1366420.13, "Plan Rows": 6450084, "Plan Width": 8, "Filter": "(l_receiptdate > l_commitdate)"}]}]}]}]}, {"Node Type": "Hash", "Parent Relationship": "Inner", "Parallel Aware": true, "Startup Cost": 1318044.5, "Total Cost": 1318044.5, "Plan Rows": 19350250, "Plan Width": 8, "Plans": [{"Node Type": "Seq Scan", "Parent Relationship": "Outer", "Parallel Aware": true, "Relation Name": "lineitem", "Alias": "l2", "Startup Cost": 0.0, "Total Cost": 1318044.5, "Plan Rows": 19350250, "Plan Width": 8}]}]}]}]}]}]}]}}, {"Plan": {"Node Type": "Limit", "Parallel Aware": false, "Startup Cost": 60008288870.62, "Total Cost": 60008288870.63, "Plan Rows": 1, "Plan Width": 34, "Plans": [{"Node Type": "Sort", "Parent Relationship": "Outer", "Parallel Aware": false, "Startup Cost": 60008288870.62, "Total Cost": 60008288870.63, "Plan Rows": 1, "Plan Width": 34, "Sort Key": ["(count(*)) DESC", "supplier.s_name"], "Plans": [{"Node Type": "Aggregate", "Strategy": "Sorted", "Partial Mode": "Simple", "Parent Relationship": "Outer", "Parallel Aware": false, "Startup Cost": 60008288870.59, "Total Cost": 60008288870.61, "Plan Rows": 1, "Plan Width": 34, "Group Key": ["supplier.s_name"], "Plans": [{"Node Type": "Sort", "Parent Relationship": "Outer", "Parallel Aware": false, "Startup Cost": 60008288870.59, "Total Cost": 60008288870.6, "Plan Rows": 1, "Plan Width": 26, "Sort Key": ["supplier.s_name"], "Plans": [{"Node Type": "Nested Loop", "Parent Relationship": "Outer", "Parallel Aware": false, "Join Type": "Semi", "Startup Cost": 60000000005.26, "Total Cost": 60008288870.58, "Plan Rows": 1, "Plan Width": 26, "Inner Unique": false, "Join Filter": "(l2.l_suppkey <> l1.l_suppkey)", "Plans": [{"Node Type": "Nested Loop", "Parent Relationship": "Outer", "Parallel Aware": false, "Join Type": "Inner", "Startup Cost": 50000000003.82, "Total Cost": 50008288848.59, "Plan Rows": 1, "Plan Width": 38, "Inner Unique": true, "Plans": [{"Node Type": "Nested Loop", "Parent Relationship": "Outer", "Parallel Aware": false, "Join Type": "Inner", "Startup Cost": 40000000003.12, "Total Cost": 40008288845.67, "Plan Rows": 1, "Plan Width": 42, "Inner Unique": true, "Plans": [{"Node Type": "Nested Loop", "Parent Relationship": "Outer", "Parallel Aware": false, "Join Type": "Inner", "Startup Cost": 30000000002.05, "Total Cost": 30008288843.48, "Plan Rows": 1, "Plan Width": 38, "Inner Unique": true, "Plans": [{"Node Type": "Merge Join", "Parent Relationship": "Outer", "Parallel Aware": false, "Join Type": "Anti", "Startup Cost": 20000000001.13, "Total Cost": 20008288841.44, "Plan Rows": 1, "Plan Width": 8, "Inner Unique": false, "Merge Cond": "(l1.l_orderkey = l3.l_orderkey)", "Join Filter": "(l3.l_suppkey <> l1.l_suppkey)", "Plans": [{"Node Type": "Index Scan", "Parent Relationship": "Outer", "Parallel Aware": false, "Scan Direction": "Forward", "Index Name": "idx_lineitem_orderkey", "Relation Name": "lineitem", "Alias": "l1", "Startup Cost": 10000000000.57, "Total Cost": 10002355412.05, "Plan Rows": 19995259, "Plan Width": 8, "Filter": "(l_receiptdate > l_commitdate)"}, {"Node Type": "Materialize", "Parent Relationship": "Inner", "Parallel Aware": false, "Startup Cost": 10000000000.57, "Total Cost": 10002405400.19, "Plan Rows": 19995259, "Plan Width": 8, "Plans": [{"Node Type": "Index Scan", "Parent Relationship": "Outer", "Parallel Aware": false, "Scan Direction": "Forward", "Index Name": "idx_lineitem_orderkey", "Relation Name": "lineitem", "Alias": "l3", "Startup Cost": 10000000000.57, "Total Cost": 10002355412.05, "Plan Rows": 19995259, "Plan Width": 8, "Filter": "(l_receiptdate > l_commitdate)"}]}]}, {"Node Type": "Bitmap Heap Scan", "Parent Relationship": "Inner", "Parallel Aware": false, "Relation Name": "supplier", "Alias": "supplier", "Startup Cost": 0.92, "Total Cost": 2.03, "Plan Rows": 1, "Plan Width": 34, "Recheck Cond": "(s_suppkey = l1.l_suppkey)", "Plans": [{"Node Type": "Bitmap Index Scan", "Parent Relationship": "Outer", "Parallel Aware": false, "Index Name": "supplier_pkey", "Startup Cost": 0.0, "Total Cost": 0.92, "Plan Rows": 1, "Plan Width": 0, "Index Cond": "(s_suppkey = l1.l_suppkey)"}]}]}, {"Node Type": "Bitmap Heap Scan", "Parent Relationship": "Inner", "Parallel Aware": false, "Relation Name": "orders", "Alias": "orders", "Startup Cost": 1.07, "Total Cost": 2.19, "Plan Rows": 1, "Plan Width": 4, "Recheck Cond": "(o_orderkey = l1.l_orderkey)", "Filter": "(o_orderstatus = 'F'::bpchar)", "Plans": [{"Node Type": "Bitmap Index Scan", "Parent Relationship": "Outer", "Parallel Aware": false, "Index Name": "orders_pkey", "Startup Cost": 0.0, "Total Cost": 1.07, "Plan Rows": 1, "Plan Width": 0, "Index Cond": "(o_orderkey = l1.l_orderkey)"}]}]}, {"Node Type": "Bitmap Heap Scan", "Parent Relationship": "Inner", "Parallel Aware": false, "Relation Name": "nation", "Alias": "nation", "Startup Cost": 0.7, "Total Cost": 1.81, "Plan Rows": 1, "Plan Width": 4, "Recheck Cond": "(n_nationkey = supplier.s_nationkey)", "Filter": "(n_name = 'GERMANY'::bpchar)", "Plans": [{"Node Type": "Bitmap Index Scan", "Parent Relationship": "Outer", "Parallel Aware": false, "Index Name": "nation_pkey", "Startup Cost": 0.0, "Total Cost": 0.7, "Plan Rows": 1, "Plan Width": 0, "Index Cond": "(n_nationkey = supplier.s_nationkey)"}]}]}, {"Node Type": "Bitmap Heap Scan", "Parent Relationship": "Inner", "Parallel Aware": false, "Relation Name": "lineitem", "Alias": "l2", "Startup Cost": 1.44, "Total Cost": 21.61, "Plan Rows": 30, "Plan Width": 8, "Recheck Cond": "(l_orderkey = orders.o_orderkey)", "Plans": [{"Node Type": "Bitmap Index Scan", "Parent Relationship": "Outer", "Parallel Aware": false, "Index Name": "lineitem_pkey", "Startup Cost": 0.0, "Total Cost": 1.44, "Plan Rows": 30, "Plan Width": 0, "Index Cond": "(l_orderkey = orders.o_orderkey)"}]}]}]}]}]}]}}, {"Plan": {"Node Type": "Limit", "Parallel Aware": false, "Startup Cost": 10082995542.42, "Total Cost": 10082995542.43, "Plan Rows": 1, "Plan Width": 34, "Plans": [{"Node Type": "Sort", "Parent Relationship": "Outer", "Parallel Aware": false, "Startup Cost": 10082995542.42, "Total Cost": 10082995542.43, "Plan Rows": 1, "Plan Width": 34, "Sort Key": ["(count(*)) DESC", "supplier.s_name"], "Plans": [{"Node Type": "Aggregate", "Strategy": "Sorted", "Partial Mode": "Simple", "Parent Relationship": "Outer", "Parallel Aware": false, "Startup Cost": 10082995542.39, "Total Cost": 10082995542.41, "Plan Rows": 1, "Plan Width": 34, "Group Key": ["supplier.s_name"], "Plans": [{"Node Type": "Sort", "Parent Relationship": "Outer", "Parallel Aware": false, "Startup Cost": 10082995542.39, "Total Cost": 10082995542.4, "Plan Rows": 1, "Plan Width": 26, "Sort Key": ["supplier.s_name"], "Plans": [{"Node Type": "Nested Loop", "Parent Relationship": "Outer", "Parallel Aware": false, "Join Type": "Semi", "Startup Cost": 10000000006.14, "Total Cost": 10082995542.38, "Plan Rows": 1, "Plan Width": 26, "Inner Unique": false, "Join Filter": "(l2.l_suppkey <> l1.l_suppkey)", "Plans": [{"Node Type": "Nested Loop", "Parent Relationship": "Outer", "Parallel Aware": false, "Join Type": "Anti", "Startup Cost": 10000000004.69, "Total Cost": 10082995520.39, "Plan Rows": 1, "Plan Width": 38, "Inner Unique": false, "Plans": [{"Node Type": "Nested Loop", "Parent Relationship": "Outer", "Parallel Aware": false, "Join Type": "Inner", "Startup Cost": 10000000003.25, "Total Cost": 10080989655.48, "Plan Rows": 391534, "Plan Width": 38, "Inner Unique": true, "Plans": [{"Node Type": "Nested Loop", "Parent Relationship": "Outer", "Parallel Aware": false, "Join Type": "Inner", "Startup Cost": 10000000002.18, "Total Cost": 10079239999.55, "Plan Rows": 799810, "Plan Width": 34, "Inner Unique": true, "Plans": [{"Node Type": "Nested Loop", "Parent Relationship": "Outer", "Parallel Aware": false, "Join Type": "Inner", "Startup Cost": 10000000001.49, "Total Cost": 10043035363.9, "Plan Rows": 19995259, "Plan Width": 38, "Inner Unique": true, "Plans": [{"Node Type": "Index Scan", "Parent Relationship": "Outer", "Parallel Aware": false, "Scan Direction": "Forward", "Index Name": "idx_lineitem_orderkey", "Relation Name": "lineitem", "Alias": "l1", "Startup Cost": 10000000000.57, "Total Cost": 10002355412.05, "Plan Rows": 19995259, "Plan Width": 8, "Filter": "(l_receiptdate > l_commitdate)"}, {"Node Type": "Bitmap Heap Scan", "Parent Relationship": "Inner", "Parallel Aware": false, "Relation Name": "supplier", "Alias": "supplier", "Startup Cost": 0.92, "Total Cost": 2.03, "Plan Rows": 1, "Plan Width": 34, "Recheck Cond": "(s_suppkey = l1.l_suppkey)", "Plans": [{"Node Type": "Bitmap Index Scan", "Parent Relationship": "Outer", "Parallel Aware": false, "Index Name": "supplier_pkey", "Startup Cost": 0.0, "Total Cost": 0.92, "Plan Rows": 1, "Plan Width": 0, "Index Cond": "(s_suppkey = l1.l_suppkey)"}]}]}, {"Node Type": "Bitmap Heap Scan", "Parent Relationship": "Inner", "Parallel Aware": false, "Relation Name": "nation", "Alias": "nation", "Startup Cost": 0.7, "Total Cost": 1.81, "Plan Rows": 1, "Plan Width": 4, "Recheck Cond": "(n_nationkey = supplier.s_nationkey)", "Filter": "(n_name = 'GERMANY'::bpchar)", "Plans": [{"Node Type": "Bitmap Index Scan", "Parent Relationship": "Outer", "Parallel Aware": false, "Index Name": "nation_pkey", "Startup Cost": 0.0, "Total Cost": 0.7, "Plan Rows": 1, "Plan Width": 0, "Index Cond": "(n_nationkey = supplier.s_nationkey)"}]}]}, {"Node Type": "Bitmap Heap Scan", "Parent Relationship": "Inner", "Parallel Aware": false, "Relation Name": "orders", "Alias": "orders", "Startup Cost": 1.07, "Total Cost": 2.19, "Plan Rows": 1, "Plan Width": 4, "Recheck Cond": "(o_orderkey = l1.l_orderkey)", "Filter": "(o_orderstatus = 'F'::bpchar)", "Plans": [{"Node Type": "Bitmap Index Scan", "Parent Relationship": "Outer", "Parallel Aware": false, "Index Name": "orders_pkey", "Startup Cost": 0.0, "Total Cost": 1.07, "Plan Rows": 1, "Plan Width": 0, "Index Cond": "(o_orderkey = l1.l_orderkey)"}]}]}, {"Node Type": "Bitmap Heap Scan", "Parent Relationship": "Inner", "Parallel Aware": false, "Relation Name": "lineitem", "Alias": "l3", "Startup Cost": 1.44, "Total Cost": 21.76, "Plan Rows": 10, "Plan Width": 8, "Recheck Cond": "(l_orderkey = l1.l_orderkey)", "Filter": "((l_receiptdate > l_commitdate) AND (l_suppkey <> l1.l_suppkey))", "Plans": [{"Node Type": "Bitmap Index Scan", "Parent Relationship": "Outer", "Parallel Aware": false, "Index Name": "lineitem_pkey", "Startup Cost": 0.0, "Total Cost": 1.44, "Plan Rows": 30, "Plan Width": 0, "Index Cond": "(l_orderkey = l1.l_orderkey)"}]}]}, {"Node Type": "Bitmap Heap Scan", "Parent Relationship": "Inner", "Parallel Aware": false, "Relation Name": "lineitem", "Alias": "l2", "Startup Cost": 1.44, "Total Cost": 21.61, "Plan Rows": 30, "Plan Width": 8, "Recheck Cond": "(l_orderkey = orders.o_orderkey)", "Plans": [{"Node Type": "Bitmap Index Scan", "Parent Relationship": "Outer", "Parallel Aware": false, "Index Name": "lineitem_pkey", "Startup Cost": 0.0, "Total Cost": 1.44, "Plan Rows": 30, "Plan Width": 0, "Index Cond": "(l_orderkey = orders.o_orderkey)"}]}]}]}]}]}]}}, {"Plan": {"Node Type": "Limit", "Parallel Aware": false, "Startup Cost": 2377133.69, "Total Cost": 2377133.7, "Plan Rows": 1, "Plan Width": 34, "Plans": [{"Node Type": "Sort", "Parent Relationship": "Outer", "Parallel Aware": false, "Startup Cost": 2377133.69, "Total Cost": 2377133.7, "Plan Rows": 1, "Plan Width": 34, "Sort Key": ["(count(*)) DESC", "supplier.s_name"], "Plans": [{"Node Type": "Aggregate", "Strategy": "Sorted", "Partial Mode": "Simple", "Parent Relationship": "Outer", "Parallel Aware": false, "Startup Cost": 2377133.66, "Total Cost": 2377133.68, "Plan Rows": 1, "Plan Width": 34, "Group Key": ["supplier.s_name"], "Plans": [{"Node Type": "Sort", "Parent Relationship": "Outer", "Parallel Aware": false, "Startup Cost": 2377133.66, "Total Cost": 2377133.67, "Plan Rows": 1, "Plan Width": 26, "Sort Key": ["supplier.s_name"], "Plans": [{"Node Type": "Nested Loop", "Parent Relationship": "Outer", "Parallel Aware": false, "Join Type": "Semi", "Startup Cost": 1399369.13, "Total Cost": 2377133.65, "Plan Rows": 1, "Plan Width": 26, "Inner Unique": false, "Join Filter": "(l2.l_suppkey <> l1.l_suppkey)", "Plans": [{"Node Type": "Gather", "Parent Relationship": "Outer", "Parallel Aware": false, "Startup Cost": 1399367.68, "Total Cost": 2377111.66, "Plan Rows": 1, "Plan Width": 38, "Workers Planned": 3, "Single Copy": false, "Plans": [{"Node Type": "Nested Loop", "Parent Relationship": "Outer", "Parallel Aware": false, "Join Type": "Anti", "Startup Cost": 1398367.68, "Total Cost": 2376111.56, "Plan Rows": 1, "Plan Width": 38, "Inner Unique": false, "Plans": [{"Node Type": "Hash Join", "Parent Relationship": "Outer", "Parallel Aware": true, "Join Type": "Inner", "Startup Cost": 1398366.24, "Total Cost": 1729048.58, "Plan Rows": 126301, "Plan Width": 38, "Inner Unique": false, "Hash Cond": "(orders.o_orderkey = l1.l_orderkey)", "Plans": [{"Node Type": "Seq Scan", "Parent Relationship": "Outer", "Parallel Aware": true, "Relation Name": "orders", "Alias": "orders", "Startup Cost": 0.0, "Total Cost": 321392.71, "Plan Rows": 2368586, "Plan Width": 4, "Filter": "(o_orderstatus = 'F'::bpchar)"}, {"Node Type": "Hash", "Parent Relationship": "Inner", "Parallel Aware": true, "Startup Cost": 1395141.21, "Total Cost": 1395141.21, "Plan Rows": 258003, "Plan Width": 34, "Plans": [{"Node Type": "Hash Join", "Parent Relationship": "Outer", "Parallel Aware": true, "Join Type": "Inner", "Startup Cost": 3015.56, "Total Cost": 1395141.21, "Plan Rows": 258003, "Plan Width": 34, "Inner Unique": false, "Hash Cond": "(l1.l_suppkey = supplier.s_suppkey)", "Plans": [{"Node Type": "Seq Scan", "Parent Relationship": "Outer", "Parallel Aware": true, "Relation Name": "lineitem", "Alias": "l1", "Startup Cost": 0.0, "Total Cost": 1366420.13, "Plan Rows": 6450084, "Plan Width": 8, "Filter": "(l_receiptdate > l_commitdate)"}, {"Node Type": "Hash", "Parent Relationship": "Inner", "Parallel Aware": true, "Startup Cost": 2986.15, "Total Cost": 2986.15, "Plan Rows": 2353, "Plan Width": 30, "Plans": [{"Node Type": "Hash Join", "Parent Relationship": "Outer", "Parallel Aware": false, "Join Type": "Inner", "Startup Cost": 1.32, "Total Cost": 2986.15, "Plan Rows": 2353, "Plan Width": 30, "Inner Unique": true, "Hash Cond": "(supplier.s_nationkey = nation.n_nationkey)", "Plans": [{"Node Type": "Seq Scan", "Parent Relationship": "Outer", "Parallel Aware": true, "Relation Name": "supplier", "Alias": "supplier", "Startup Cost": 0.0, "Total Cost": 2804.24, "Plan Rows": 58824, "Plan Width": 34}, {"Node Type": "Hash", "Parent Relationship": "Inner", "Parallel Aware": false, "Startup Cost": 1.31, "Total Cost": 1.31, "Plan Rows": 1, "Plan Width": 4, "Plans": [{"Node Type": "Seq Scan", "Parent Relationship": "Outer", "Parallel Aware": false, "Relation Name": "nation", "Alias": "nation", "Startup Cost": 0.0, "Total Cost": 1.31, "Plan Rows": 1, "Plan Width": 4, "Filter": "(n_name = 'GERMANY'::bpchar)"}]}]}]}]}]}]}, {"Node Type": "Bitmap Heap Scan", "Parent Relationship": "Inner", "Parallel Aware": false, "Relation Name": "lineitem", "Alias": "l3", "Startup Cost": 1.44, "Total Cost": 21.76, "Plan Rows": 10, "Plan Width": 8, "Recheck Cond": "(l_orderkey = l1.l_orderkey)", "Filter": "((l_receiptdate > l_commitdate) AND (l_suppkey <> l1.l_suppkey))", "Plans": [{"Node Type": "Bitmap Index Scan", "Parent Relationship": "Outer", "Parallel Aware": false, "Index Name": "lineitem_pkey", "Startup Cost": 0.0, "Total Cost": 1.44, "Plan Rows": 30, "Plan Width": 0, "Index Cond": "(l_orderkey = l1.l_orderkey)"}]}]}]}, {"Node Type": "Bitmap Heap Scan", "Parent Relationship": "Inner", "Parallel Aware": false, "Relation Name": "lineitem", "Alias": "l2", "Startup Cost": 1.44, "Total Cost": 21.61, "Plan Rows": 30, "Plan Width": 8, "Recheck Cond": "(l_orderkey = orders.o_orderkey)", "Plans": [{"Node Type": "Bitmap Index Scan", "Parent Relationship": "Outer", "Parallel Aware": false, "Index Name": "lineitem_pkey", "Startup Cost": 0.0, "Total Cost": 1.44, "Plan Rows": 30, "Plan Width": 0, "Index Cond": "(l_orderkey = orders.o_orderkey)"}]}]}]}]}]}]}}, {"Plan": {"Node Type": "Limit", "Parallel Aware": false, "Startup Cost": 4940275.11, "Total Cost": 4940275.11, "Plan Rows": 1, "Plan Width": 34, "Plans": [{"Node Type": "Sort", "Parent Relationship": "Outer", "Parallel Aware": false, "Startup Cost": 4940275.11, "Total Cost": 4940275.11, "Plan Rows": 1, "Plan Width": 34, "Sort Key": ["(count(*)) DESC", "supplier.s_name"], "Plans": [{"Node Type": "Aggregate", "Strategy": "Sorted", "Partial Mode": "Simple", "Parent Relationship": "Outer", "Parallel Aware": false, "Startup Cost": 4940275.08, "Total Cost": 4940275.1, "Plan Rows": 1, "Plan Width": 34, "Group Key": ["supplier.s_name"], "Plans": [{"Node Type": "Sort", "Parent Relationship": "Outer", "Parallel Aware": false, "Startup Cost": 4940275.08, "Total Cost": 4940275.08, "Plan Rows": 1, "Plan Width": 26, "Sort Key": ["supplier.s_name"], "Plans": [{"Node Type": "Gather", "Parent Relationship": "Outer", "Parallel Aware": false, "Startup Cost": 4534411.04, "Total Cost": 4940275.07, "Plan Rows": 1, "Plan Width": 26, "Workers Planned": 3, "Single Copy": false, "Plans": [{"Node Type": "Hash Join", "Parent Relationship": "Outer", "Parallel Aware": true, "Join Type": "Semi", "Startup Cost": 4533411.04, "Total Cost": 4939274.97, "Plan Rows": 1, "Plan Width": 26, "Inner Unique": false, "Hash Cond": "(orders.o_orderkey = l2.l_orderkey)", "Join Filter": "(l2.l_suppkey <> l1.l_suppkey)", "Plans": [{"Node Type": "Hash Join", "Parent Relationship": "Outer", "Parallel Aware": true, "Join Type": "Inner", "Startup Cost": 2897901.41, "Total Cost": 3228176.33, "Plan Rows": 1, "Plan Width": 38, "Inner Unique": false, "Hash Cond": "(orders.o_orderkey = l1.l_orderkey)", "Plans": [{"Node Type": "Seq Scan", "Parent Relationship": "Outer", "Parallel Aware": true, "Relation Name": "orders", "Alias": "orders", "Startup Cost": 0.0, "Total Cost": 321392.71, "Plan Rows": 2368586, "Plan Width": 4, "Filter": "(o_orderstatus = 'F'::bpchar)"}, {"Node Type": "Hash", "Parent Relationship": "Inner", "Parallel Aware": true, "Startup Cost": 2897901.4, "Total Cost": 2897901.4, "Plan Rows": 1, "Plan Width": 34, "Plans": [{"Node Type": "Hash Join", "Parent Relationship": "Outer", "Parallel Aware": true, "Join Type": "Anti", "Startup Cost": 1475257.74, "Total Cost": 2897901.4, "Plan Rows": 1, "Plan Width": 34, "Inner Unique": false, "Hash Cond": "(l1.l_orderkey = l3.l_orderkey)", "Join Filter": "(l3.l_suppkey <> l1.l_suppkey)", "Plans": [{"Node Type": "Hash Join", "Parent Relationship": "Outer", "Parallel Aware": true, "Join Type": "Inner", "Startup Cost": 3015.56, "Total Cost": 1395141.21, "Plan Rows": 258003, "Plan Width": 34, "Inner Unique": false, "Hash Cond": "(l1.l_suppkey = supplier.s_suppkey)", "Plans": [{"Node Type": "Seq Scan", "Parent Relationship": "Outer", "Parallel Aware": true, "Relation Name": "lineitem", "Alias": "l1", "Startup Cost": 0.0, "Total Cost": 1366420.13, "Plan Rows": 6450084, "Plan Width": 8, "Filter": "(l_receiptdate > l_commitdate)"}, {"Node Type": "Hash", "Parent Relationship": "Inner", "Parallel Aware": true, "Startup Cost": 2986.15, "Total Cost": 2986.15, "Plan Rows": 2353, "Plan Width": 30, "Plans": [{"Node Type": "Hash Join", "Parent Relationship": "Outer", "Parallel Aware": false, "Join Type": "Inner", "Startup Cost": 1.32, "Total Cost": 2986.15, "Plan Rows": 2353, "Plan Width": 30, "Inner Unique": true, "Hash Cond": "(supplier.s_nationkey = nation.n_nationkey)", "Plans": [{"Node Type": "Seq Scan", "Parent Relationship": "Outer", "Parallel Aware": true, "Relation Name": "supplier", "Alias": "supplier", "Startup Cost": 0.0, "Total Cost": 2804.24, "Plan Rows": 58824, "Plan Width": 34}, {"Node Type": "Hash", "Parent Relationship": "Inner", "Parallel Aware": false, "Startup Cost": 1.31, "Total Cost": 1.31, "Plan Rows": 1, "Plan Width": 4, "Plans": [{"Node Type": "Seq Scan", "Parent Relationship": "Outer", "Parallel Aware": false, "Relation Name": "nation", "Alias": "nation", "Startup Cost": 0.0, "Total Cost": 1.31, "Plan Rows": 1, "Plan Width": 4, "Filter": "(n_name = 'GERMANY'::bpchar)"}]}]}]}]}, {"Node Type": "Hash", "Parent Relationship": "Inner", "Parallel Aware": true, "Startup Cost": 1366420.13, "Total Cost": 1366420.13, "Plan Rows": 6450084, "Plan Width": 8, "Plans": [{"Node Type": "Seq Scan", "Parent Relationship": "Outer", "Parallel Aware": true, "Relation Name": "lineitem", "Alias": "l3", "Startup Cost": 0.0, "Total Cost": 1366420.13, "Plan Rows": 6450084, "Plan Width": 8, "Filter": "(l_receiptdate > l_commitdate)"}]}]}]}]}, {"Node Type": "Hash", "Parent Relationship": "Inner", "Parallel Aware": true, "Startup Cost": 1318044.5, "Total Cost": 1318044.5, "Plan Rows": 19350250, "Plan Width": 8, "Plans": [{"Node Type": "Seq Scan", "Parent Relationship": "Outer", "Parallel Aware": true, "Relation Name": "lineitem", "Alias": "l2", "Startup Cost": 0.0, "Total Cost": 1318044.5, "Plan Rows": 19350250, "Plan Width": 8}]}]}]}]}]}]}]}}, {"Plan": {"Node Type": "Limit", "Parallel Aware": false, "Startup Cost": 10082995542.42, "Total Cost": 10082995542.43, "Plan Rows": 1, "Plan Width": 34, "Plans": [{"Node Type": "Sort", "Parent Relationship": "Outer", "Parallel Aware": false, "Startup Cost": 10082995542.42, "Total Cost": 10082995542.43, "Plan Rows": 1, "Plan Width": 34, "Sort Key": ["(count(*)) DESC", "supplier.s_name"], "Plans": [{"Node Type": "Aggregate", "Strategy": "Sorted", "Partial Mode": "Simple", "Parent Relationship": "Outer", "Parallel Aware": false, "Startup Cost": 10082995542.39, "Total Cost": 10082995542.41, "Plan Rows": 1, "Plan Width": 34, "Group Key": ["supplier.s_name"], "Plans": [{"Node Type": "Sort", "Parent Relationship": "Outer", "Parallel Aware": false, "Startup Cost": 10082995542.39, "Total Cost": 10082995542.4, "Plan Rows": 1, "Plan Width": 26, "Sort Key": ["supplier.s_name"], "Plans": [{"Node Type": "Nested Loop", "Parent Relationship": "Outer", "Parallel Aware": false, "Join Type": "Semi", "Startup Cost": 10000000006.14, "Total Cost": 10082995542.38, "Plan Rows": 1, "Plan Width": 26, "Inner Unique": false, "Join Filter": "(l2.l_suppkey <> l1.l_suppkey)", "Plans": [{"Node Type": "Nested Loop", "Parent Relationship": "Outer", "Parallel Aware": false, "Join Type": "Anti", "Startup Cost": 10000000004.69, "Total Cost": 10082995520.39, "Plan Rows": 1, "Plan Width": 38, "Inner Unique": false, "Plans": [{"Node Type": "Nested Loop", "Parent Relationship": "Outer", "Parallel Aware": false, "Join Type": "Inner", "Startup Cost": 10000000003.25, "Total Cost": 10080989655.48, "Plan Rows": 391534, "Plan Width": 38, "Inner Unique": true, "Plans": [{"Node Type": "Nested Loop", "Parent Relationship": "Outer", "Parallel Aware": false, "Join Type": "Inner", "Startup Cost": 10000000002.18, "Total Cost": 10079239999.55, "Plan Rows": 799810, "Plan Width": 34, "Inner Unique": true, "Plans": [{"Node Type": "Nested Loop", "Parent Relationship": "Outer", "Parallel Aware": false, "Join Type": "Inner", "Startup Cost": 10000000001.49, "Total Cost": 10043035363.9, "Plan Rows": 19995259, "Plan Width": 38, "Inner Unique": true, "Plans": [{"Node Type": "Index Scan", "Parent Relationship": "Outer", "Parallel Aware": false, "Scan Direction": "Forward", "Index Name": "idx_lineitem_orderkey", "Relation Name": "lineitem", "Alias": "l1", "Startup Cost": 10000000000.57, "Total Cost": 10002355412.05, "Plan Rows": 19995259, "Plan Width": 8, "Filter": "(l_receiptdate > l_commitdate)"}, {"Node Type": "Bitmap Heap Scan", "Parent Relationship": "Inner", "Parallel Aware": false, "Relation Name": "supplier", "Alias": "supplier", "Startup Cost": 0.92, "Total Cost": 2.03, "Plan Rows": 1, "Plan Width": 34, "Recheck Cond": "(s_suppkey = l1.l_suppkey)", "Plans": [{"Node Type": "Bitmap Index Scan", "Parent Relationship": "Outer", "Parallel Aware": false, "Index Name": "supplier_pkey", "Startup Cost": 0.0, "Total Cost": 0.92, "Plan Rows": 1, "Plan Width": 0, "Index Cond": "(s_suppkey = l1.l_suppkey)"}]}]}, {"Node Type": "Bitmap Heap Scan", "Parent Relationship": "Inner", "Parallel Aware": false, "Relation Name": "nation", "Alias": "nation", "Startup Cost": 0.7, "Total Cost": 1.81, "Plan Rows": 1, "Plan Width": 4, "Recheck Cond": "(n_nationkey = supplier.s_nationkey)", "Filter": "(n_name = 'GERMANY'::bpchar)", "Plans": [{"Node Type": "Bitmap Index Scan", "Parent Relationship": "Outer", "Parallel Aware": false, "Index Name": "nation_pkey", "Startup Cost": 0.0, "Total Cost": 0.7, "Plan Rows": 1, "Plan Width": 0, "Index Cond": "(n_nationkey = supplier.s_nationkey)"}]}]}, {"Node Type": "Bitmap Heap Scan", "Parent Relationship": "Inner", "Parallel Aware": false, "Relation Name": "orders", "Alias": "orders", "Startup Cost": 1.07, "Total Cost": 2.19, "Plan Rows": 1, "Plan Width": 4, "Recheck Cond": "(o_orderkey = l1.l_orderkey)", "Filter": "(o_orderstatus = 'F'::bpchar)", "Plans": [{"Node Type": "Bitmap Index Scan", "Parent Relationship": "Outer", "Parallel Aware": false, "Index Name": "orders_pkey", "Startup Cost": 0.0, "Total Cost": 1.07, "Plan Rows": 1, "Plan Width": 0, "Index Cond": "(o_orderkey = l1.l_orderkey)"}]}]}, {"Node Type": "Bitmap Heap Scan", "Parent Relationship": "Inner", "Parallel Aware": false, "Relation Name": "lineitem", "Alias": "l3", "Startup Cost": 1.44, "Total Cost": 21.76, "Plan Rows": 10, "Plan Width": 8, "Recheck Cond": "(l_orderkey = l1.l_orderkey)", "Filter": "((l_receiptdate > l_commitdate) AND (l_suppkey <> l1.l_suppkey))", "Plans": [{"Node Type": "Bitmap Index Scan", "Parent Relationship": "Outer", "Parallel Aware": false, "Index Name": "lineitem_pkey", "Startup Cost": 0.0, "Total Cost": 1.44, "Plan Rows": 30, "Plan Width": 0, "Index Cond": "(l_orderkey = l1.l_orderkey)"}]}]}, {"Node Type": "Bitmap Heap Scan", "Parent Relationship": "Inner", "Parallel Aware": false, "Relation Name": "lineitem", "Alias": "l2", "Startup Cost": 1.44, "Total Cost": 21.61, "Plan Rows": 30, "Plan Width": 8, "Recheck Cond": "(l_orderkey = orders.o_orderkey)", "Plans": [{"Node Type": "Bitmap Index Scan", "Parent Relationship": "Outer", "Parallel Aware": false, "Index Name": "lineitem_pkey", "Startup Cost": 0.0, "Total Cost": 1.44, "Plan Rows": 30, "Plan Width": 0, "Index Cond": "(l_orderkey = orders.o_orderkey)"}]}]}]}]}]}]}}, {"Plan": {"Node Type": "Limit", "Parallel Aware": false, "Startup Cost": 2377133.69, "Total Cost": 2377133.7, "Plan Rows": 1, "Plan Width": 34, "Plans": [{"Node Type": "Sort", "Parent Relationship": "Outer", "Parallel Aware": false, "Startup Cost": 2377133.69, "Total Cost": 2377133.7, "Plan Rows": 1, "Plan Width": 34, "Sort Key": ["(count(*)) DESC", "supplier.s_name"], "Plans": [{"Node Type": "Aggregate", "Strategy": "Sorted", "Partial Mode": "Simple", "Parent Relationship": "Outer", "Parallel Aware": false, "Startup Cost": 2377133.66, "Total Cost": 2377133.68, "Plan Rows": 1, "Plan Width": 34, "Group Key": ["supplier.s_name"], "Plans": [{"Node Type": "Sort", "Parent Relationship": "Outer", "Parallel Aware": false, "Startup Cost": 2377133.66, "Total Cost": 2377133.67, "Plan Rows": 1, "Plan Width": 26, "Sort Key": ["supplier.s_name"], "Plans": [{"Node Type": "Nested Loop", "Parent Relationship": "Outer", "Parallel Aware": false, "Join Type": "Semi", "Startup Cost": 1399369.13, "Total Cost": 2377133.65, "Plan Rows": 1, "Plan Width": 26, "Inner Unique": false, "Join Filter": "(l2.l_suppkey <> l1.l_suppkey)", "Plans": [{"Node Type": "Gather", "Parent Relationship": "Outer", "Parallel Aware": false, "Startup Cost": 1399367.68, "Total Cost": 2377111.66, "Plan Rows": 1, "Plan Width": 38, "Workers Planned": 3, "Single Copy": false, "Plans": [{"Node Type": "Nested Loop", "Parent Relationship": "Outer", "Parallel Aware": false, "Join Type": "Anti", "Startup Cost": 1398367.68, "Total Cost": 2376111.56, "Plan Rows": 1, "Plan Width": 38, "Inner Unique": false, "Plans": [{"Node Type": "Hash Join", "Parent Relationship": "Outer", "Parallel Aware": true, "Join Type": "Inner", "Startup Cost": 1398366.24, "Total Cost": 1729048.58, "Plan Rows": 126301, "Plan Width": 38, "Inner Unique": false, "Hash Cond": "(orders.o_orderkey = l1.l_orderkey)", "Plans": [{"Node Type": "Seq Scan", "Parent Relationship": "Outer", "Parallel Aware": true, "Relation Name": "orders", "Alias": "orders", "Startup Cost": 0.0, "Total Cost": 321392.71, "Plan Rows": 2368586, "Plan Width": 4, "Filter": "(o_orderstatus = 'F'::bpchar)"}, {"Node Type": "Hash", "Parent Relationship": "Inner", "Parallel Aware": true, "Startup Cost": 1395141.21, "Total Cost": 1395141.21, "Plan Rows": 258003, "Plan Width": 34, "Plans": [{"Node Type": "Hash Join", "Parent Relationship": "Outer", "Parallel Aware": true, "Join Type": "Inner", "Startup Cost": 3015.56, "Total Cost": 1395141.21, "Plan Rows": 258003, "Plan Width": 34, "Inner Unique": false, "Hash Cond": "(l1.l_suppkey = supplier.s_suppkey)", "Plans": [{"Node Type": "Seq Scan", "Parent Relationship": "Outer", "Parallel Aware": true, "Relation Name": "lineitem", "Alias": "l1", "Startup Cost": 0.0, "Total Cost": 1366420.13, "Plan Rows": 6450084, "Plan Width": 8, "Filter": "(l_receiptdate > l_commitdate)"}, {"Node Type": "Hash", "Parent Relationship": "Inner", "Parallel Aware": true, "Startup Cost": 2986.15, "Total Cost": 2986.15, "Plan Rows": 2353, "Plan Width": 30, "Plans": [{"Node Type": "Hash Join", "Parent Relationship": "Outer", "Parallel Aware": false, "Join Type": "Inner", "Startup Cost": 1.32, "Total Cost": 2986.15, "Plan Rows": 2353, "Plan Width": 30, "Inner Unique": true, "Hash Cond": "(supplier.s_nationkey = nation.n_nationkey)", "Plans": [{"Node Type": "Seq Scan", "Parent Relationship": "Outer", "Parallel Aware": true, "Relation Name": "supplier", "Alias": "supplier", "Startup Cost": 0.0, "Total Cost": 2804.24, "Plan Rows": 58824, "Plan Width": 34}, {"Node Type": "Hash", "Parent Relationship": "Inner", "Parallel Aware": false, "Startup Cost": 1.31, "Total Cost": 1.31, "Plan Rows": 1, "Plan Width": 4, "Plans": [{"Node Type": "Seq Scan", "Parent Relationship": "Outer", "Parallel Aware": false, "Relation Name": "nation", "Alias": "nation", "Startup Cost": 0.0, "Total Cost": 1.31, "Plan Rows": 1, "Plan Width": 4, "Filter": "(n_name = 'GERMANY'::bpchar)"}]}]}]}]}]}]}, {"Node Type": "Bitmap Heap Scan", "Parent Relationship": "Inner", "Parallel Aware": false, "Relation Name": "lineitem", "Alias": "l3", "Startup Cost": 1.44, "Total Cost": 21.76, "Plan Rows": 10, "Plan Width": 8, "Recheck Cond": "(l_orderkey = l1.l_orderkey)", "Filter": "((l_receiptdate > l_commitdate) AND (l_suppkey <> l1.l_suppkey))", "Plans": [{"Node Type": "Bitmap Index Scan", "Parent Relationship": "Outer", "Parallel Aware": false, "Index Name": "lineitem_pkey", "Startup Cost": 0.0, "Total Cost": 1.44, "Plan Rows": 30, "Plan Width": 0, "Index Cond": "(l_orderkey = l1.l_orderkey)"}]}]}]}, {"Node Type": "Bitmap Heap Scan", "Parent Relationship": "Inner", "Parallel Aware": false, "Relation Name": "lineitem", "Alias": "l2", "Startup Cost": 1.44, "Total Cost": 21.61, "Plan Rows": 30, "Plan Width": 8, "Recheck Cond": "(l_orderkey = orders.o_orderkey)", "Plans": [{"Node Type": "Bitmap Index Scan", "Parent Relationship": "Outer", "Parallel Aware": false, "Index Name": "lineitem_pkey", "Startup Cost": 0.0, "Total Cost": 1.44, "Plan Rows": 30, "Plan Width": 0, "Index Cond": "(l_orderkey = orders.o_orderkey)"}]}]}]}]}]}]}}, {"Plan": {"Node Type": "Limit", "Parallel Aware": false, "Startup Cost": 4940275.11, "Total Cost": 4940275.11, "Plan Rows": 1, "Plan Width": 34, "Plans": [{"Node Type": "Sort", "Parent Relationship": "Outer", "Parallel Aware": false, "Startup Cost": 4940275.11, "Total Cost": 4940275.11, "Plan Rows": 1, "Plan Width": 34, "Sort Key": ["(count(*)) DESC", "supplier.s_name"], "Plans": [{"Node Type": "Aggregate", "Strategy": "Sorted", "Partial Mode": "Simple", "Parent Relationship": "Outer", "Parallel Aware": false, "Startup Cost": 4940275.08, "Total Cost": 4940275.1, "Plan Rows": 1, "Plan Width": 34, "Group Key": ["supplier.s_name"], "Plans": [{"Node Type": "Sort", "Parent Relationship": "Outer", "Parallel Aware": false, "Startup Cost": 4940275.08, "Total Cost": 4940275.08, "Plan Rows": 1, "Plan Width": 26, "Sort Key": ["supplier.s_name"], "Plans": [{"Node Type": "Gather", "Parent Relationship": "Outer", "Parallel Aware": false, "Startup Cost": 4534411.04, "Total Cost": 4940275.07, "Plan Rows": 1, "Plan Width": 26, "Workers Planned": 3, "Single Copy": false, "Plans": [{"Node Type": "Hash Join", "Parent Relationship": "Outer", "Parallel Aware": true, "Join Type": "Semi", "Startup Cost": 4533411.04, "Total Cost": 4939274.97, "Plan Rows": 1, "Plan Width": 26, "Inner Unique": false, "Hash Cond": "(orders.o_orderkey = l2.l_orderkey)", "Join Filter": "(l2.l_suppkey <> l1.l_suppkey)", "Plans": [{"Node Type": "Hash Join", "Parent Relationship": "Outer", "Parallel Aware": true, "Join Type": "Inner", "Startup Cost": 2897901.41, "Total Cost": 3228176.33, "Plan Rows": 1, "Plan Width": 38, "Inner Unique": false, "Hash Cond": "(orders.o_orderkey = l1.l_orderkey)", "Plans": [{"Node Type": "Seq Scan", "Parent Relationship": "Outer", "Parallel Aware": true, "Relation Name": "orders", "Alias": "orders", "Startup Cost": 0.0, "Total Cost": 321392.71, "Plan Rows": 2368586, "Plan Width": 4, "Filter": "(o_orderstatus = 'F'::bpchar)"}, {"Node Type": "Hash", "Parent Relationship": "Inner", "Parallel Aware": true, "Startup Cost": 2897901.4, "Total Cost": 2897901.4, "Plan Rows": 1, "Plan Width": 34, "Plans": [{"Node Type": "Hash Join", "Parent Relationship": "Outer", "Parallel Aware": true, "Join Type": "Anti", "Startup Cost": 1475257.74, "Total Cost": 2897901.4, "Plan Rows": 1, "Plan Width": 34, "Inner Unique": false, "Hash Cond": "(l1.l_orderkey = l3.l_orderkey)", "Join Filter": "(l3.l_suppkey <> l1.l_suppkey)", "Plans": [{"Node Type": "Hash Join", "Parent Relationship": "Outer", "Parallel Aware": true, "Join Type": "Inner", "Startup Cost": 3015.56, "Total Cost": 1395141.21, "Plan Rows": 258003, "Plan Width": 34, "Inner Unique": false, "Hash Cond": "(l1.l_suppkey = supplier.s_suppkey)", "Plans": [{"Node Type": "Seq Scan", "Parent Relationship": "Outer", "Parallel Aware": true, "Relation Name": "lineitem", "Alias": "l1", "Startup Cost": 0.0, "Total Cost": 1366420.13, "Plan Rows": 6450084, "Plan Width": 8, "Filter": "(l_receiptdate > l_commitdate)"}, {"Node Type": "Hash", "Parent Relationship": "Inner", "Parallel Aware": true, "Startup Cost": 2986.15, "Total Cost": 2986.15, "Plan Rows": 2353, "Plan Width": 30, "Plans": [{"Node Type": "Hash Join", "Parent Relationship": "Outer", "Parallel Aware": false, "Join Type": "Inner", "Startup Cost": 1.32, "Total Cost": 2986.15, "Plan Rows": 2353, "Plan Width": 30, "Inner Unique": true, "Hash Cond": "(supplier.s_nationkey = nation.n_nationkey)", "Plans": [{"Node Type": "Seq Scan", "Parent Relationship": "Outer", "Parallel Aware": true, "Relation Name": "supplier", "Alias": "supplier", "Startup Cost": 0.0, "Total Cost": 2804.24, "Plan Rows": 58824, "Plan Width": 34}, {"Node Type": "Hash", "Parent Relationship": "Inner", "Parallel Aware": false, "Startup Cost": 1.31, "Total Cost": 1.31, "Plan Rows": 1, "Plan Width": 4, "Plans": [{"Node Type": "Seq Scan", "Parent Relationship": "Outer", "Parallel Aware": false, "Relation Name": "nation", "Alias": "nation", "Startup Cost": 0.0, "Total Cost": 1.31, "Plan Rows": 1, "Plan Width": 4, "Filter": "(n_name = 'GERMANY'::bpchar)"}]}]}]}]}, {"Node Type": "Hash", "Parent Relationship": "Inner", "Parallel Aware": true, "Startup Cost": 1366420.13, "Total Cost": 1366420.13, "Plan Rows": 6450084, "Plan Width": 8, "Plans": [{"Node Type": "Seq Scan", "Parent Relationship": "Outer", "Parallel Aware": true, "Relation Name": "lineitem", "Alias": "l3", "Startup Cost": 0.0, "Total Cost": 1366420.13, "Plan Rows": 6450084, "Plan Width": 8, "Filter": "(l_receiptdate > l_commitdate)"}]}]}]}]}, {"Node Type": "Hash", "Parent Relationship": "Inner", "Parallel Aware": true, "Startup Cost": 1318044.5, "Total Cost": 1318044.5, "Plan Rows": 19350250, "Plan Width": 8, "Plans": [{"Node Type": "Seq Scan", "Parent Relationship": "Outer", "Parallel Aware": true, "Relation Name": "lineitem", "Alias": "l2", "Startup Cost": 0.0, "Total Cost": 1318044.5, "Plan Rows": 19350250, "Plan Width": 8}]}]}]}]}]}]}]}}, {"Plan": {"Node Type": "Limit", "Parallel Aware": false, "Startup Cost": 6503819.4, "Total Cost": 6503819.4, "Plan Rows": 1, "Plan Width": 34, "Plans": [{"Node Type": "Sort", "Parent Relationship": "Outer", "Parallel Aware": false, "Startup Cost": 6503819.4, "Total Cost": 6503819.4, "Plan Rows": 1, "Plan Width": 34, "Sort Key": ["(count(*)) DESC", "supplier.s_name"], "Plans": [{"Node Type": "Aggregate", "Strategy": "Sorted", "Partial Mode": "Simple", "Parent Relationship": "Outer", "Parallel Aware": false, "Startup Cost": 6503819.37, "Total Cost": 6503819.39, "Plan Rows": 1, "Plan Width": 34, "Group Key": ["supplier.s_name"], "Plans": [{"Node Type": "Sort", "Parent Relationship": "Outer", "Parallel Aware": false, "Startup Cost": 6503819.37, "Total Cost": 6503819.37, "Plan Rows": 1, "Plan Width": 26, "Sort Key": ["supplier.s_name"], "Plans": [{"Node Type": "Gather", "Parent Relationship": "Outer", "Parallel Aware": false, "Startup Cost": 5977715.05, "Total Cost": 6503819.36, "Plan Rows": 1, "Plan Width": 26, "Workers Planned": 3, "Single Copy": false, "Plans": [{"Node Type": "Hash Join", "Parent Relationship": "Outer", "Parallel Aware": true, "Join Type": "Semi", "Startup Cost": 5976715.05, "Total Cost": 6502819.26, "Plan Rows": 1, "Plan Width": 26, "Inner Unique": false, "Hash Cond": "(orders.o_orderkey = l2.l_orderkey)", "Join Filter": "(l2.l_suppkey <> l1.l_suppkey)", "Plans": [{"Node Type": "Hash Join", "Parent Relationship": "Outer", "Parallel Aware": true, "Join Type": "Inner", "Startup Cost": 3860157.58, "Total Cost": 4310672.78, "Plan Rows": 1, "Plan Width": 38, "Inner Unique": false, "Hash Cond": "(orders.o_orderkey = l1.l_orderkey)", "Plans": [{"Node Type": "Index Scan", "Parent Relationship": "Outer", "Parallel Aware": true, "Scan Direction": "Forward", "Index Name": "orders_pkey", "Relation Name": "orders", "Alias": "orders", "Startup Cost": 0.43, "Total Cost": 441633.43, "Plan Rows": 2368586, "Plan Width": 4, "Filter": "(o_orderstatus = 'F'::bpchar)"}, {"Node Type": "Hash", "Parent Relationship": "Inner", "Parallel Aware": true, "Startup Cost": 3860157.13, "Total Cost": 3860157.13, "Plan Rows": 1, "Plan Width": 34, "Plans": [{"Node Type": "Hash Join", "Parent Relationship": "Outer", "Parallel Aware": true, "Join Type": "Anti", "Startup Cost": 1956908.66, "Total Cost": 3860157.13, "Plan Rows": 1, "Plan Width": 34, "Inner Unique": false, "Hash Cond": "(l1.l_orderkey = l3.l_orderkey)", "Join Filter": "(l3.l_suppkey <> l1.l_suppkey)", "Plans": [{"Node Type": "Hash Join", "Parent Relationship": "Outer", "Parallel Aware": true, "Join Type": "Inner", "Startup Cost": 3618.64, "Total Cost": 1876349.09, "Plan Rows": 258003, "Plan Width": 34, "Inner Unique": false, "Hash Cond": "(l1.l_suppkey = supplier.s_suppkey)", "Plans": [{"Node Type": "Index Scan", "Parent Relationship": "Outer", "Parallel Aware": true, "Scan Direction": "Forward", "Index Name": "idx_lineitem_orderkey", "Relation Name": "lineitem", "Alias": "l1", "Startup Cost": 0.56, "Total Cost": 1847467.97, "Plan Rows": 6450084, "Plan Width": 8, "Filter": "(l_receiptdate > l_commitdate)"}, {"Node Type": "Hash", "Parent Relationship": "Inner", "Parallel Aware": true, "Startup Cost": 3597.23, "Total Cost": 3597.23, "Plan Rows": 1667, "Plan Width": 30, "Plans": [{"Node Type": "Hash Join", "Parent Relationship": "Outer", "Parallel Aware": false, "Join Type": "Inner", "Startup Cost": 4.18, "Total Cost": 3597.23, "Plan Rows": 1667, "Plan Width": 30, "Inner Unique": true, "Hash Cond": "(supplier.s_nationkey = nation.n_nationkey)", "Plans": [{"Node Type": "Index Scan", "Parent Relationship": "Outer", "Parallel Aware": true, "Scan Direction": "Forward", "Index Name": "supplier_pkey", "Relation Name": "supplier", "Alias": "supplier", "Startup Cost": 0.29, "Total Cost": 3465.43, "Plan Rows": 41667, "Plan Width": 34}, {"Node Type": "Hash", "Parent Relationship": "Inner", "Parallel Aware": false, "Startup Cost": 3.88, "Total Cost": 3.88, "Plan Rows": 1, "Plan Width": 4, "Plans": [{"Node Type": "Index Scan", "Parent Relationship": "Outer", "Parallel Aware": false, "Scan Direction": "Forward", "Index Name": "nation_pkey", "Relation Name": "nation", "Alias": "nation", "Startup Cost": 0.14, "Total Cost": 3.88, "Plan Rows": 1, "Plan Width": 4, "Filter": "(n_name = 'GERMANY'::bpchar)"}]}]}]}]}, {"Node Type": "Hash", "Parent Relationship": "Inner", "Parallel Aware": true, "Startup Cost": 1847467.97, "Total Cost": 1847467.97, "Plan Rows": 6450084, "Plan Width": 8, "Plans": [{"Node Type": "Index Scan", "Parent Relationship": "Outer", "Parallel Aware": true, "Scan Direction": "Forward", "Index Name": "idx_lineitem_orderkey", "Relation Name": "lineitem", "Alias": "l3", "Startup Cost": 0.56, "Total Cost": 1847467.97, "Plan Rows": 6450084, "Plan Width": 8, "Filter": "(l_receiptdate > l_commitdate)"}]}]}]}]}, {"Node Type": "Hash", "Parent Relationship": "Inner", "Parallel Aware": true, "Startup Cost": 1799092.35, "Total Cost": 1799092.35, "Plan Rows": 19350250, "Plan Width": 8, "Plans": [{"Node Type": "Index Scan", "Parent Relationship": "Outer", "Parallel Aware": true, "Scan Direction": "Forward", "Index Name": "idx_lineitem_orderkey", "Relation Name": "lineitem", "Alias": "l2", "Startup Cost": 0.56, "Total Cost": 1799092.35, "Plan Rows": 19350250, "Plan Width": 8}]}]}]}]}]}]}]}}, {"Plan": {"Node Type": "Limit", "Parallel Aware": false, "Startup Cost": 6503819.4, "Total Cost": 6503819.4, "Plan Rows": 1, "Plan Width": 34, "Plans": [{"Node Type": "Sort", "Parent Relationship": "Outer", "Parallel Aware": false, "Startup Cost": 6503819.4, "Total Cost": 6503819.4, "Plan Rows": 1, "Plan Width": 34, "Sort Key": ["(count(*)) DESC", "supplier.s_name"], "Plans": [{"Node Type": "Aggregate", "Strategy": "Sorted", "Partial Mode": "Simple", "Parent Relationship": "Outer", "Parallel Aware": false, "Startup Cost": 6503819.37, "Total Cost": 6503819.39, "Plan Rows": 1, "Plan Width": 34, "Group Key": ["supplier.s_name"], "Plans": [{"Node Type": "Sort", "Parent Relationship": "Outer", "Parallel Aware": false, "Startup Cost": 6503819.37, "Total Cost": 6503819.37, "Plan Rows": 1, "Plan Width": 26, "Sort Key": ["supplier.s_name"], "Plans": [{"Node Type": "Gather", "Parent Relationship": "Outer", "Parallel Aware": false, "Startup Cost": 5977715.05, "Total Cost": 6503819.36, "Plan Rows": 1, "Plan Width": 26, "Workers Planned": 3, "Single Copy": false, "Plans": [{"Node Type": "Hash Join", "Parent Relationship": "Outer", "Parallel Aware": true, "Join Type": "Semi", "Startup Cost": 5976715.05, "Total Cost": 6502819.26, "Plan Rows": 1, "Plan Width": 26, "Inner Unique": false, "Hash Cond": "(orders.o_orderkey = l2.l_orderkey)", "Join Filter": "(l2.l_suppkey <> l1.l_suppkey)", "Plans": [{"Node Type": "Hash Join", "Parent Relationship": "Outer", "Parallel Aware": true, "Join Type": "Inner", "Startup Cost": 3860157.58, "Total Cost": 4310672.78, "Plan Rows": 1, "Plan Width": 38, "Inner Unique": false, "Hash Cond": "(orders.o_orderkey = l1.l_orderkey)", "Plans": [{"Node Type": "Index Scan", "Parent Relationship": "Outer", "Parallel Aware": true, "Scan Direction": "Forward", "Index Name": "orders_pkey", "Relation Name": "orders", "Alias": "orders", "Startup Cost": 0.43, "Total Cost": 441633.43, "Plan Rows": 2368586, "Plan Width": 4, "Filter": "(o_orderstatus = 'F'::bpchar)"}, {"Node Type": "Hash", "Parent Relationship": "Inner", "Parallel Aware": true, "Startup Cost": 3860157.13, "Total Cost": 3860157.13, "Plan Rows": 1, "Plan Width": 34, "Plans": [{"Node Type": "Hash Join", "Parent Relationship": "Outer", "Parallel Aware": true, "Join Type": "Anti", "Startup Cost": 1956908.66, "Total Cost": 3860157.13, "Plan Rows": 1, "Plan Width": 34, "Inner Unique": false, "Hash Cond": "(l1.l_orderkey = l3.l_orderkey)", "Join Filter": "(l3.l_suppkey <> l1.l_suppkey)", "Plans": [{"Node Type": "Hash Join", "Parent Relationship": "Outer", "Parallel Aware": true, "Join Type": "Inner", "Startup Cost": 3618.64, "Total Cost": 1876349.09, "Plan Rows": 258003, "Plan Width": 34, "Inner Unique": false, "Hash Cond": "(l1.l_suppkey = supplier.s_suppkey)", "Plans": [{"Node Type": "Index Scan", "Parent Relationship": "Outer", "Parallel Aware": true, "Scan Direction": "Forward", "Index Name": "idx_lineitem_orderkey", "Relation Name": "lineitem", "Alias": "l1", "Startup Cost": 0.56, "Total Cost": 1847467.97, "Plan Rows": 6450084, "Plan Width": 8, "Filter": "(l_receiptdate > l_commitdate)"}, {"Node Type": "Hash", "Parent Relationship": "Inner", "Parallel Aware": true, "Startup Cost": 3597.23, "Total Cost": 3597.23, "Plan Rows": 1667, "Plan Width": 30, "Plans": [{"Node Type": "Hash Join", "Parent Relationship": "Outer", "Parallel Aware": false, "Join Type": "Inner", "Startup Cost": 4.18, "Total Cost": 3597.23, "Plan Rows": 1667, "Plan Width": 30, "Inner Unique": true, "Hash Cond": "(supplier.s_nationkey = nation.n_nationkey)", "Plans": [{"Node Type": "Index Scan", "Parent Relationship": "Outer", "Parallel Aware": true, "Scan Direction": "Forward", "Index Name": "supplier_pkey", "Relation Name": "supplier", "Alias": "supplier", "Startup Cost": 0.29, "Total Cost": 3465.43, "Plan Rows": 41667, "Plan Width": 34}, {"Node Type": "Hash", "Parent Relationship": "Inner", "Parallel Aware": false, "Startup Cost": 3.88, "Total Cost": 3.88, "Plan Rows": 1, "Plan Width": 4, "Plans": [{"Node Type": "Index Scan", "Parent Relationship": "Outer", "Parallel Aware": false, "Scan Direction": "Forward", "Index Name": "nation_pkey", "Relation Name": "nation", "Alias": "nation", "Startup Cost": 0.14, "Total Cost": 3.88, "Plan Rows": 1, "Plan Width": 4, "Filter": "(n_name = 'GERMANY'::bpchar)"}]}]}]}]}, {"Node Type": "Hash", "Parent Relationship": "Inner", "Parallel Aware": true, "Startup Cost": 1847467.97, "Total Cost": 1847467.97, "Plan Rows": 6450084, "Plan Width": 8, "Plans": [{"Node Type": "Index Scan", "Parent Relationship": "Outer", "Parallel Aware": true, "Scan Direction": "Forward", "Index Name": "idx_lineitem_orderkey", "Relation Name": "lineitem", "Alias": "l3", "Startup Cost": 0.56, "Total Cost": 1847467.97, "Plan Rows": 6450084, "Plan Width": 8, "Filter": "(l_receiptdate > l_commitdate)"}]}]}]}]}, {"Node Type": "Hash", "Parent Relationship": "Inner", "Parallel Aware": true, "Startup Cost": 1799092.35, "Total Cost": 1799092.35, "Plan Rows": 19350250, "Plan Width": 8, "Plans": [{"Node Type": "Index Scan", "Parent Relationship": "Outer", "Parallel Aware": true, "Scan Direction": "Forward", "Index Name": "idx_lineitem_orderkey", "Relation Name": "lineitem", "Alias": "l2", "Startup Cost": 0.56, "Total Cost": 1799092.35, "Plan Rows": 19350250, "Plan Width": 8}]}]}]}]}]}]}]}}, {"Plan": {"Node Type": "Limit", "Parallel Aware": false, "Startup Cost": 2119618.89, "Total Cost": 2119618.9, "Plan Rows": 1, "Plan Width": 34, "Plans": [{"Node Type": "Sort", "Parent Relationship": "Outer", "Parallel Aware": false, "Startup Cost": 2119618.89, "Total Cost": 2119618.9, "Plan Rows": 1, "Plan Width": 34, "Sort Key": ["(count(*)) DESC", "supplier.s_name"], "Plans": [{"Node Type": "Aggregate", "Strategy": "Sorted", "Partial Mode": "Simple", "Parent Relationship": "Outer", "Parallel Aware": false, "Startup Cost": 2119618.86, "Total Cost": 2119618.88, "Plan Rows": 1, "Plan Width": 34, "Group Key": ["supplier.s_name"], "Plans": [{"Node Type": "Sort", "Parent Relationship": "Outer", "Parallel Aware": false, "Startup Cost": 2119618.86, "Total Cost": 2119618.87, "Plan Rows": 1, "Plan Width": 26, "Sort Key": ["supplier.s_name"], "Plans": [{"Node Type": "Nested Loop", "Parent Relationship": "Outer", "Parallel Aware": false, "Join Type": "Inner", "Startup Cost": 4620.2, "Total Cost": 2119618.85, "Plan Rows": 1, "Plan Width": 26, "Inner Unique": true, "Plans": [{"Node Type": "Nested Loop", "Parent Relationship": "Outer", "Parallel Aware": false, "Join Type": "Semi", "Startup Cost": 4619.77, "Total Cost": 2119617.14, "Plan Rows": 1, "Plan Width": 34, "Inner Unique": false, "Plans": [{"Node Type": "Gather", "Parent Relationship": "Outer", "Parallel Aware": false, "Startup Cost": 4619.2, "Total Cost": 2119614.65, "Plan Rows": 1, "Plan Width": 34, "Workers Planned": 3, "Single Copy": false, "Plans": [{"Node Type": "Nested Loop", "Parent Relationship": "Outer", "Parallel Aware": false, "Join Type": "Anti", "Startup Cost": 3619.2, "Total Cost": 2118614.55, "Plan Rows": 1, "Plan Width": 34, "Inner Unique": false, "Plans": [{"Node Type": "Hash Join", "Parent Relationship": "Outer", "Parallel Aware": true, "Join Type": "Inner", "Startup Cost": 3618.64, "Total Cost": 1876349.09, "Plan Rows": 258003, "Plan Width": 34, "Inner Unique": false, "Hash Cond": "(l1.l_suppkey = supplier.s_suppkey)", "Plans": [{"Node Type": "Index Scan", "Parent Relationship": "Outer", "Parallel Aware": true, "Scan Direction": "Forward", "Index Name": "idx_lineitem_orderkey", "Relation Name": "lineitem", "Alias": "l1", "Startup Cost": 0.56, "Total Cost": 1847467.97, "Plan Rows": 6450084, "Plan Width": 8, "Filter": "(l_receiptdate > l_commitdate)"}, {"Node Type": "Hash", "Parent Relationship": "Inner", "Parallel Aware": true, "Startup Cost": 3597.23, "Total Cost": 3597.23, "Plan Rows": 1667, "Plan Width": 30, "Plans": [{"Node Type": "Hash Join", "Parent Relationship": "Outer", "Parallel Aware": false, "Join Type": "Inner", "Startup Cost": 4.18, "Total Cost": 3597.23, "Plan Rows": 1667, "Plan Width": 30, "Inner Unique": true, "Hash Cond": "(supplier.s_nationkey = nation.n_nationkey)", "Plans": [{"Node Type": "Index Scan", "Parent Relationship": "Outer", "Parallel Aware": true, "Scan Direction": "Forward", "Index Name": "supplier_pkey", "Relation Name": "supplier", "Alias": "supplier", "Startup Cost": 0.29, "Total Cost": 3465.43, "Plan Rows": 41667, "Plan Width": 34}, {"Node Type": "Hash", "Parent Relationship": "Inner", "Parallel Aware": false, "Startup Cost": 3.88, "Total Cost": 3.88, "Plan Rows": 1, "Plan Width": 4, "Plans": [{"Node Type": "Index Scan", "Parent Relationship": "Outer", "Parallel Aware": false, "Scan Direction": "Forward", "Index Name": "nation_pkey", "Relation Name": "nation", "Alias": "nation", "Startup Cost": 0.14, "Total Cost": 3.88, "Plan Rows": 1, "Plan Width": 4, "Filter": "(n_name = 'GERMANY'::bpchar)"}]}]}]}]}, {"Node Type": "Index Scan", "Parent Relationship": "Inner", "Parallel Aware": false, "Scan Direction": "Forward", "Index Name": "idx_lineitem_orderkey", "Relation Name": "lineitem", "Alias": "l3", "Startup Cost": 0.56, "Total Cost": 2.54, "Plan Rows": 10, "Plan Width": 8, "Index Cond": "(l_orderkey = l1.l_orderkey)", "Filter": "((l_receiptdate > l_commitdate) AND (l_suppkey <> l1.l_suppkey))"}]}]}, {"Node Type": "Index Scan", "Parent Relationship": "Inner", "Parallel Aware": false, "Scan Direction": "Forward", "Index Name": "idx_lineitem_orderkey", "Relation Name": "lineitem", "Alias": "l2", "Startup Cost": 0.56, "Total Cost": 2.46, "Plan Rows": 30, "Plan Width": 8, "Index Cond": "(l_orderkey = l1.l_orderkey)", "Filter": "(l_suppkey <> l1.l_suppkey)"}]}, {"Node Type": "Index Scan", "Parent Relationship": "Inner", "Parallel Aware": false, "Scan Direction": "Forward", "Index Name": "orders_pkey", "Relation Name": "orders", "Alias": "orders", "Startup Cost": 0.43, "Total Cost": 1.72, "Plan Rows": 1, "Plan Width": 4, "Index Cond": "(o_orderkey = l1.l_orderkey)", "Filter": "(o_orderstatus = 'F'::bpchar)"}]}]}]}]}]}}, {"Plan": {"Node Type": "Limit", "Parallel Aware": false, "Startup Cost": 1638411.01, "Total Cost": 1638411.01, "Plan Rows": 1, "Plan Width": 34, "Plans": [{"Node Type": "Sort", "Parent Relationship": "Outer", "Parallel Aware": false, "Startup Cost": 1638411.01, "Total Cost": 1638411.01, "Plan Rows": 1, "Plan Width": 34, "Sort Key": ["(count(*)) DESC", "supplier.s_name"], "Plans": [{"Node Type": "Aggregate", "Strategy": "Sorted", "Partial Mode": "Simple", "Parent Relationship": "Outer", "Parallel Aware": false, "Startup Cost": 1638410.98, "Total Cost": 1638411.0, "Plan Rows": 1, "Plan Width": 34, "Group Key": ["supplier.s_name"], "Plans": [{"Node Type": "Sort", "Parent Relationship": "Outer", "Parallel Aware": false, "Startup Cost": 1638410.98, "Total Cost": 1638410.98, "Plan Rows": 1, "Plan Width": 26, "Sort Key": ["supplier.s_name"], "Plans": [{"Node Type": "Nested Loop", "Parent Relationship": "Outer", "Parallel Aware": false, "Join Type": "Inner", "Startup Cost": 4017.13, "Total Cost": 1638410.97, "Plan Rows": 1, "Plan Width": 26, "Inner Unique": true, "Plans": [{"Node Type": "Nested Loop", "Parent Relationship": "Outer", "Parallel Aware": false, "Join Type": "Semi", "Startup Cost": 4016.69, "Total Cost": 1638409.25, "Plan Rows": 1, "Plan Width": 34, "Inner Unique": false, "Plans": [{"Node Type": "Gather", "Parent Relationship": "Outer", "Parallel Aware": false, "Startup Cost": 4016.13, "Total Cost": 1638406.77, "Plan Rows": 1, "Plan Width": 34, "Workers Planned": 3, "Single Copy": false, "Plans": [{"Node Type": "Nested Loop", "Parent Relationship": "Outer", "Parallel Aware": false, "Join Type": "Anti", "Startup Cost": 3016.13, "Total Cost": 1637406.67, "Plan Rows": 1, "Plan Width": 34, "Inner Unique": false, "Plans": [{"Node Type": "Hash Join", "Parent Relationship": "Outer", "Parallel Aware": true, "Join Type": "Inner", "Startup Cost": 3015.56, "Total Cost": 1395141.21, "Plan Rows": 258003, "Plan Width": 34, "Inner Unique": false, "Hash Cond": "(l1.l_suppkey = supplier.s_suppkey)", "Plans": [{"Node Type": "Seq Scan", "Parent Relationship": "Outer", "Parallel Aware": true, "Relation Name": "lineitem", "Alias": "l1", "Startup Cost": 0.0, "Total Cost": 1366420.13, "Plan Rows": 6450084, "Plan Width": 8, "Filter": "(l_receiptdate > l_commitdate)"}, {"Node Type": "Hash", "Parent Relationship": "Inner", "Parallel Aware": true, "Startup Cost": 2986.15, "Total Cost": 2986.15, "Plan Rows": 2353, "Plan Width": 30, "Plans": [{"Node Type": "Hash Join", "Parent Relationship": "Outer", "Parallel Aware": false, "Join Type": "Inner", "Startup Cost": 1.32, "Total Cost": 2986.15, "Plan Rows": 2353, "Plan Width": 30, "Inner Unique": true, "Hash Cond": "(supplier.s_nationkey = nation.n_nationkey)", "Plans": [{"Node Type": "Seq Scan", "Parent Relationship": "Outer", "Parallel Aware": true, "Relation Name": "supplier", "Alias": "supplier", "Startup Cost": 0.0, "Total Cost": 2804.24, "Plan Rows": 58824, "Plan Width": 34}, {"Node Type": "Hash", "Parent Relationship": "Inner", "Parallel Aware": false, "Startup Cost": 1.31, "Total Cost": 1.31, "Plan Rows": 1, "Plan Width": 4, "Plans": [{"Node Type": "Seq Scan", "Parent Relationship": "Outer", "Parallel Aware": false, "Relation Name": "nation", "Alias": "nation", "Startup Cost": 0.0, "Total Cost": 1.31, "Plan Rows": 1, "Plan Width": 4, "Filter": "(n_name = 'GERMANY'::bpchar)"}]}]}]}]}, {"Node Type": "Index Scan", "Parent Relationship": "Inner", "Parallel Aware": false, "Scan Direction": "Forward", "Index Name": "idx_lineitem_orderkey", "Relation Name": "lineitem", "Alias": "l3", "Startup Cost": 0.56, "Total Cost": 2.54, "Plan Rows": 10, "Plan Width": 8, "Index Cond": "(l_orderkey = l1.l_orderkey)", "Filter": "((l_receiptdate > l_commitdate) AND (l_suppkey <> l1.l_suppkey))"}]}]}, {"Node Type": "Index Scan", "Parent Relationship": "Inner", "Parallel Aware": false, "Scan Direction": "Forward", "Index Name": "idx_lineitem_orderkey", "Relation Name": "lineitem", "Alias": "l2", "Startup Cost": 0.56, "Total Cost": 2.46, "Plan Rows": 30, "Plan Width": 8, "Index Cond": "(l_orderkey = l1.l_orderkey)", "Filter": "(l_suppkey <> l1.l_suppkey)"}]}, {"Node Type": "Index Scan", "Parent Relationship": "Inner", "Parallel Aware": false, "Scan Direction": "Forward", "Index Name": "orders_pkey", "Relation Name": "orders", "Alias": "orders", "Startup Cost": 0.43, "Total Cost": 1.72, "Plan Rows": 1, "Plan Width": 4, "Index Cond": "(o_orderkey = l1.l_orderkey)", "Filter": "(o_orderstatus = 'F'::bpchar)"}]}]}]}]}]}}, {"Plan": {"Node Type": "Limit", "Parallel Aware": false, "Startup Cost": 4940275.11, "Total Cost": 4940275.11, "Plan Rows": 1, "Plan Width": 34, "Plans": [{"Node Type": "Sort", "Parent Relationship": "Outer", "Parallel Aware": false, "Startup Cost": 4940275.11, "Total Cost": 4940275.11, "Plan Rows": 1, "Plan Width": 34, "Sort Key": ["(count(*)) DESC", "supplier.s_name"], "Plans": [{"Node Type": "Aggregate", "Strategy": "Sorted", "Partial Mode": "Simple", "Parent Relationship": "Outer", "Parallel Aware": false, "Startup Cost": 4940275.08, "Total Cost": 4940275.1, "Plan Rows": 1, "Plan Width": 34, "Group Key": ["supplier.s_name"], "Plans": [{"Node Type": "Sort", "Parent Relationship": "Outer", "Parallel Aware": false, "Startup Cost": 4940275.08, "Total Cost": 4940275.08, "Plan Rows": 1, "Plan Width": 26, "Sort Key": ["supplier.s_name"], "Plans": [{"Node Type": "Gather", "Parent Relationship": "Outer", "Parallel Aware": false, "Startup Cost": 4534411.04, "Total Cost": 4940275.07, "Plan Rows": 1, "Plan Width": 26, "Workers Planned": 3, "Single Copy": false, "Plans": [{"Node Type": "Hash Join", "Parent Relationship": "Outer", "Parallel Aware": true, "Join Type": "Semi", "Startup Cost": 4533411.04, "Total Cost": 4939274.97, "Plan Rows": 1, "Plan Width": 26, "Inner Unique": false, "Hash Cond": "(orders.o_orderkey = l2.l_orderkey)", "Join Filter": "(l2.l_suppkey <> l1.l_suppkey)", "Plans": [{"Node Type": "Hash Join", "Parent Relationship": "Outer", "Parallel Aware": true, "Join Type": "Inner", "Startup Cost": 2897901.41, "Total Cost": 3228176.33, "Plan Rows": 1, "Plan Width": 38, "Inner Unique": false, "Hash Cond": "(orders.o_orderkey = l1.l_orderkey)", "Plans": [{"Node Type": "Seq Scan", "Parent Relationship": "Outer", "Parallel Aware": true, "Relation Name": "orders", "Alias": "orders", "Startup Cost": 0.0, "Total Cost": 321392.71, "Plan Rows": 2368586, "Plan Width": 4, "Filter": "(o_orderstatus = 'F'::bpchar)"}, {"Node Type": "Hash", "Parent Relationship": "Inner", "Parallel Aware": true, "Startup Cost": 2897901.4, "Total Cost": 2897901.4, "Plan Rows": 1, "Plan Width": 34, "Plans": [{"Node Type": "Hash Join", "Parent Relationship": "Outer", "Parallel Aware": true, "Join Type": "Anti", "Startup Cost": 1475257.74, "Total Cost": 2897901.4, "Plan Rows": 1, "Plan Width": 34, "Inner Unique": false, "Hash Cond": "(l1.l_orderkey = l3.l_orderkey)", "Join Filter": "(l3.l_suppkey <> l1.l_suppkey)", "Plans": [{"Node Type": "Hash Join", "Parent Relationship": "Outer", "Parallel Aware": true, "Join Type": "Inner", "Startup Cost": 3015.56, "Total Cost": 1395141.21, "Plan Rows": 258003, "Plan Width": 34, "Inner Unique": false, "Hash Cond": "(l1.l_suppkey = supplier.s_suppkey)", "Plans": [{"Node Type": "Seq Scan", "Parent Relationship": "Outer", "Parallel Aware": true, "Relation Name": "lineitem", "Alias": "l1", "Startup Cost": 0.0, "Total Cost": 1366420.13, "Plan Rows": 6450084, "Plan Width": 8, "Filter": "(l_receiptdate > l_commitdate)"}, {"Node Type": "Hash", "Parent Relationship": "Inner", "Parallel Aware": true, "Startup Cost": 2986.15, "Total Cost": 2986.15, "Plan Rows": 2353, "Plan Width": 30, "Plans": [{"Node Type": "Hash Join", "Parent Relationship": "Outer", "Parallel Aware": false, "Join Type": "Inner", "Startup Cost": 1.32, "Total Cost": 2986.15, "Plan Rows": 2353, "Plan Width": 30, "Inner Unique": true, "Hash Cond": "(supplier.s_nationkey = nation.n_nationkey)", "Plans": [{"Node Type": "Seq Scan", "Parent Relationship": "Outer", "Parallel Aware": true, "Relation Name": "supplier", "Alias": "supplier", "Startup Cost": 0.0, "Total Cost": 2804.24, "Plan Rows": 58824, "Plan Width": 34}, {"Node Type": "Hash", "Parent Relationship": "Inner", "Parallel Aware": false, "Startup Cost": 1.31, "Total Cost": 1.31, "Plan Rows": 1, "Plan Width": 4, "Plans": [{"Node Type": "Seq Scan", "Parent Relationship": "Outer", "Parallel Aware": false, "Relation Name": "nation", "Alias": "nation", "Startup Cost": 0.0, "Total Cost": 1.31, "Plan Rows": 1, "Plan Width": 4, "Filter": "(n_name = 'GERMANY'::bpchar)"}]}]}]}]}, {"Node Type": "Hash", "Parent Relationship": "Inner", "Parallel Aware": true, "Startup Cost": 1366420.13, "Total Cost": 1366420.13, "Plan Rows": 6450084, "Plan Width": 8, "Plans": [{"Node Type": "Seq Scan", "Parent Relationship": "Outer", "Parallel Aware": true, "Relation Name": "lineitem", "Alias": "l3", "Startup Cost": 0.0, "Total Cost": 1366420.13, "Plan Rows": 6450084, "Plan Width": 8, "Filter": "(l_receiptdate > l_commitdate)"}]}]}]}]}, {"Node Type": "Hash", "Parent Relationship": "Inner", "Parallel Aware": true, "Startup Cost": 1318044.5, "Total Cost": 1318044.5, "Plan Rows": 19350250, "Plan Width": 8, "Plans": [{"Node Type": "Seq Scan", "Parent Relationship": "Outer", "Parallel Aware": true, "Relation Name": "lineitem", "Alias": "l2", "Startup Cost": 0.0, "Total Cost": 1318044.5, "Plan Rows": 19350250, "Plan Width": 8}]}]}]}]}]}]}]}}, {"Plan": {"Node Type": "Limit", "Parallel Aware": false, "Startup Cost": 2119618.89, "Total Cost": 2119618.9, "Plan Rows": 1, "Plan Width": 34, "Plans": [{"Node Type": "Sort", "Parent Relationship": "Outer", "Parallel Aware": false, "Startup Cost": 2119618.89, "Total Cost": 2119618.9, "Plan Rows": 1, "Plan Width": 34, "Sort Key": ["(count(*)) DESC", "supplier.s_name"], "Plans": [{"Node Type": "Aggregate", "Strategy": "Sorted", "Partial Mode": "Simple", "Parent Relationship": "Outer", "Parallel Aware": false, "Startup Cost": 2119618.86, "Total Cost": 2119618.88, "Plan Rows": 1, "Plan Width": 34, "Group Key": ["supplier.s_name"], "Plans": [{"Node Type": "Sort", "Parent Relationship": "Outer", "Parallel Aware": false, "Startup Cost": 2119618.86, "Total Cost": 2119618.87, "Plan Rows": 1, "Plan Width": 26, "Sort Key": ["supplier.s_name"], "Plans": [{"Node Type": "Nested Loop", "Parent Relationship": "Outer", "Parallel Aware": false, "Join Type": "Inner", "Startup Cost": 4620.2, "Total Cost": 2119618.85, "Plan Rows": 1, "Plan Width": 26, "Inner Unique": true, "Plans": [{"Node Type": "Nested Loop", "Parent Relationship": "Outer", "Parallel Aware": false, "Join Type": "Semi", "Startup Cost": 4619.77, "Total Cost": 2119617.14, "Plan Rows": 1, "Plan Width": 34, "Inner Unique": false, "Plans": [{"Node Type": "Gather", "Parent Relationship": "Outer", "Parallel Aware": false, "Startup Cost": 4619.2, "Total Cost": 2119614.65, "Plan Rows": 1, "Plan Width": 34, "Workers Planned": 3, "Single Copy": false, "Plans": [{"Node Type": "Nested Loop", "Parent Relationship": "Outer", "Parallel Aware": false, "Join Type": "Anti", "Startup Cost": 3619.2, "Total Cost": 2118614.55, "Plan Rows": 1, "Plan Width": 34, "Inner Unique": false, "Plans": [{"Node Type": "Hash Join", "Parent Relationship": "Outer", "Parallel Aware": true, "Join Type": "Inner", "Startup Cost": 3618.64, "Total Cost": 1876349.09, "Plan Rows": 258003, "Plan Width": 34, "Inner Unique": false, "Hash Cond": "(l1.l_suppkey = supplier.s_suppkey)", "Plans": [{"Node Type": "Index Scan", "Parent Relationship": "Outer", "Parallel Aware": true, "Scan Direction": "Forward", "Index Name": "idx_lineitem_orderkey", "Relation Name": "lineitem", "Alias": "l1", "Startup Cost": 0.56, "Total Cost": 1847467.97, "Plan Rows": 6450084, "Plan Width": 8, "Filter": "(l_receiptdate > l_commitdate)"}, {"Node Type": "Hash", "Parent Relationship": "Inner", "Parallel Aware": true, "Startup Cost": 3597.23, "Total Cost": 3597.23, "Plan Rows": 1667, "Plan Width": 30, "Plans": [{"Node Type": "Hash Join", "Parent Relationship": "Outer", "Parallel Aware": false, "Join Type": "Inner", "Startup Cost": 4.18, "Total Cost": 3597.23, "Plan Rows": 1667, "Plan Width": 30, "Inner Unique": true, "Hash Cond": "(supplier.s_nationkey = nation.n_nationkey)", "Plans": [{"Node Type": "Index Scan", "Parent Relationship": "Outer", "Parallel Aware": true, "Scan Direction": "Forward", "Index Name": "supplier_pkey", "Relation Name": "supplier", "Alias": "supplier", "Startup Cost": 0.29, "Total Cost": 3465.43, "Plan Rows": 41667, "Plan Width": 34}, {"Node Type": "Hash", "Parent Relationship": "Inner", "Parallel Aware": false, "Startup Cost": 3.88, "Total Cost": 3.88, "Plan Rows": 1, "Plan Width": 4, "Plans": [{"Node Type": "Index Scan", "Parent Relationship": "Outer", "Parallel Aware": false, "Scan Direction": "Forward", "Index Name": "nation_pkey", "Relation Name": "nation", "Alias": "nation", "Startup Cost": 0.14, "Total Cost": 3.88, "Plan Rows": 1, "Plan Width": 4, "Filter": "(n_name = 'GERMANY'::bpchar)"}]}]}]}]}, {"Node Type": "Index Scan", "Parent Relationship": "Inner", "Parallel Aware": false, "Scan Direction": "Forward", "Index Name": "idx_lineitem_orderkey", "Relation Name": "lineitem", "Alias": "l3", "Startup Cost": 0.56, "Total Cost": 2.54, "Plan Rows": 10, "Plan Width": 8, "Index Cond": "(l_orderkey = l1.l_orderkey)", "Filter": "((l_receiptdate > l_commitdate) AND (l_suppkey <> l1.l_suppkey))"}]}]}, {"Node Type": "Index Scan", "Parent Relationship": "Inner", "Parallel Aware": false, "Scan Direction": "Forward", "Index Name": "idx_lineitem_orderkey", "Relation Name": "lineitem", "Alias": "l2", "Startup Cost": 0.56, "Total Cost": 2.46, "Plan Rows": 30, "Plan Width": 8, "Index Cond": "(l_orderkey = l1.l_orderkey)", "Filter": "(l_suppkey <> l1.l_suppkey)"}]}, {"Node Type": "Index Scan", "Parent Relationship": "Inner", "Parallel Aware": false, "Scan Direction": "Forward", "Index Name": "orders_pkey", "Relation Name": "orders", "Alias": "orders", "Startup Cost": 0.43, "Total Cost": 1.72, "Plan Rows": 1, "Plan Width": 4, "Index Cond": "(o_orderkey = l1.l_orderkey)", "Filter": "(o_orderstatus = 'F'::bpchar)"}]}]}]}]}]}}, {"Plan": {"Node Type": "Limit", "Parallel Aware": false, "Startup Cost": 1638411.01, "Total Cost": 1638411.01, "Plan Rows": 1, "Plan Width": 34, "Plans": [{"Node Type": "Sort", "Parent Relationship": "Outer", "Parallel Aware": false, "Startup Cost": 1638411.01, "Total Cost": 1638411.01, "Plan Rows": 1, "Plan Width": 34, "Sort Key": ["(count(*)) DESC", "supplier.s_name"], "Plans": [{"Node Type": "Aggregate", "Strategy": "Sorted", "Partial Mode": "Simple", "Parent Relationship": "Outer", "Parallel Aware": false, "Startup Cost": 1638410.98, "Total Cost": 1638411.0, "Plan Rows": 1, "Plan Width": 34, "Group Key": ["supplier.s_name"], "Plans": [{"Node Type": "Sort", "Parent Relationship": "Outer", "Parallel Aware": false, "Startup Cost": 1638410.98, "Total Cost": 1638410.98, "Plan Rows": 1, "Plan Width": 26, "Sort Key": ["supplier.s_name"], "Plans": [{"Node Type": "Nested Loop", "Parent Relationship": "Outer", "Parallel Aware": false, "Join Type": "Inner", "Startup Cost": 4017.13, "Total Cost": 1638410.97, "Plan Rows": 1, "Plan Width": 26, "Inner Unique": true, "Plans": [{"Node Type": "Nested Loop", "Parent Relationship": "Outer", "Parallel Aware": false, "Join Type": "Semi", "Startup Cost": 4016.69, "Total Cost": 1638409.25, "Plan Rows": 1, "Plan Width": 34, "Inner Unique": false, "Plans": [{"Node Type": "Gather", "Parent Relationship": "Outer", "Parallel Aware": false, "Startup Cost": 4016.13, "Total Cost": 1638406.77, "Plan Rows": 1, "Plan Width": 34, "Workers Planned": 3, "Single Copy": false, "Plans": [{"Node Type": "Nested Loop", "Parent Relationship": "Outer", "Parallel Aware": false, "Join Type": "Anti", "Startup Cost": 3016.13, "Total Cost": 1637406.67, "Plan Rows": 1, "Plan Width": 34, "Inner Unique": false, "Plans": [{"Node Type": "Hash Join", "Parent Relationship": "Outer", "Parallel Aware": true, "Join Type": "Inner", "Startup Cost": 3015.56, "Total Cost": 1395141.21, "Plan Rows": 258003, "Plan Width": 34, "Inner Unique": false, "Hash Cond": "(l1.l_suppkey = supplier.s_suppkey)", "Plans": [{"Node Type": "Seq Scan", "Parent Relationship": "Outer", "Parallel Aware": true, "Relation Name": "lineitem", "Alias": "l1", "Startup Cost": 0.0, "Total Cost": 1366420.13, "Plan Rows": 6450084, "Plan Width": 8, "Filter": "(l_receiptdate > l_commitdate)"}, {"Node Type": "Hash", "Parent Relationship": "Inner", "Parallel Aware": true, "Startup Cost": 2986.15, "Total Cost": 2986.15, "Plan Rows": 2353, "Plan Width": 30, "Plans": [{"Node Type": "Hash Join", "Parent Relationship": "Outer", "Parallel Aware": false, "Join Type": "Inner", "Startup Cost": 1.32, "Total Cost": 2986.15, "Plan Rows": 2353, "Plan Width": 30, "Inner Unique": true, "Hash Cond": "(supplier.s_nationkey = nation.n_nationkey)", "Plans": [{"Node Type": "Seq Scan", "Parent Relationship": "Outer", "Parallel Aware": true, "Relation Name": "supplier", "Alias": "supplier", "Startup Cost": 0.0, "Total Cost": 2804.24, "Plan Rows": 58824, "Plan Width": 34}, {"Node Type": "Hash", "Parent Relationship": "Inner", "Parallel Aware": false, "Startup Cost": 1.31, "Total Cost": 1.31, "Plan Rows": 1, "Plan Width": 4, "Plans": [{"Node Type": "Seq Scan", "Parent Relationship": "Outer", "Parallel Aware": false, "Relation Name": "nation", "Alias": "nation", "Startup Cost": 0.0, "Total Cost": 1.31, "Plan Rows": 1, "Plan Width": 4, "Filter": "(n_name = 'GERMANY'::bpchar)"}]}]}]}]}, {"Node Type": "Index Scan", "Parent Relationship": "Inner", "Parallel Aware": false, "Scan Direction": "Forward", "Index Name": "idx_lineitem_orderkey", "Relation Name": "lineitem", "Alias": "l3", "Startup Cost": 0.56, "Total Cost": 2.54, "Plan Rows": 10, "Plan Width": 8, "Index Cond": "(l_orderkey = l1.l_orderkey)", "Filter": "((l_receiptdate > l_commitdate) AND (l_suppkey <> l1.l_suppkey))"}]}]}, {"Node Type": "Index Scan", "Parent Relationship": "Inner", "Parallel Aware": false, "Scan Direction": "Forward", "Index Name": "idx_lineitem_orderkey", "Relation Name": "lineitem", "Alias": "l2", "Startup Cost": 0.56, "Total Cost": 2.46, "Plan Rows": 30, "Plan Width": 8, "Index Cond": "(l_orderkey = l1.l_orderkey)", "Filter": "(l_suppkey <> l1.l_suppkey)"}]}, {"Node Type": "Index Scan", "Parent Relationship": "Inner", "Parallel Aware": false, "Scan Direction": "Forward", "Index Name": "orders_pkey", "Relation Name": "orders", "Alias": "orders", "Startup Cost": 0.43, "Total Cost": 1.72, "Plan Rows": 1, "Plan Width": 4, "Index Cond": "(o_orderkey = l1.l_orderkey)", "Filter": "(o_orderstatus = 'F'::bpchar)"}]}]}]}]}]}}, {"Plan": {"Node Type": "Limit", "Parallel Aware": false, "Startup Cost": 4940275.11, "Total Cost": 4940275.11, "Plan Rows": 1, "Plan Width": 34, "Plans": [{"Node Type": "Sort", "Parent Relationship": "Outer", "Parallel Aware": false, "Startup Cost": 4940275.11, "Total Cost": 4940275.11, "Plan Rows": 1, "Plan Width": 34, "Sort Key": ["(count(*)) DESC", "supplier.s_name"], "Plans": [{"Node Type": "Aggregate", "Strategy": "Sorted", "Partial Mode": "Simple", "Parent Relationship": "Outer", "Parallel Aware": false, "Startup Cost": 4940275.08, "Total Cost": 4940275.1, "Plan Rows": 1, "Plan Width": 34, "Group Key": ["supplier.s_name"], "Plans": [{"Node Type": "Sort", "Parent Relationship": "Outer", "Parallel Aware": false, "Startup Cost": 4940275.08, "Total Cost": 4940275.08, "Plan Rows": 1, "Plan Width": 26, "Sort Key": ["supplier.s_name"], "Plans": [{"Node Type": "Gather", "Parent Relationship": "Outer", "Parallel Aware": false, "Startup Cost": 4534411.04, "Total Cost": 4940275.07, "Plan Rows": 1, "Plan Width": 26, "Workers Planned": 3, "Single Copy": false, "Plans": [{"Node Type": "Hash Join", "Parent Relationship": "Outer", "Parallel Aware": true, "Join Type": "Semi", "Startup Cost": 4533411.04, "Total Cost": 4939274.97, "Plan Rows": 1, "Plan Width": 26, "Inner Unique": false, "Hash Cond": "(orders.o_orderkey = l2.l_orderkey)", "Join Filter": "(l2.l_suppkey <> l1.l_suppkey)", "Plans": [{"Node Type": "Hash Join", "Parent Relationship": "Outer", "Parallel Aware": true, "Join Type": "Inner", "Startup Cost": 2897901.41, "Total Cost": 3228176.33, "Plan Rows": 1, "Plan Width": 38, "Inner Unique": false, "Hash Cond": "(orders.o_orderkey = l1.l_orderkey)", "Plans": [{"Node Type": "Seq Scan", "Parent Relationship": "Outer", "Parallel Aware": true, "Relation Name": "orders", "Alias": "orders", "Startup Cost": 0.0, "Total Cost": 321392.71, "Plan Rows": 2368586, "Plan Width": 4, "Filter": "(o_orderstatus = 'F'::bpchar)"}, {"Node Type": "Hash", "Parent Relationship": "Inner", "Parallel Aware": true, "Startup Cost": 2897901.4, "Total Cost": 2897901.4, "Plan Rows": 1, "Plan Width": 34, "Plans": [{"Node Type": "Hash Join", "Parent Relationship": "Outer", "Parallel Aware": true, "Join Type": "Anti", "Startup Cost": 1475257.74, "Total Cost": 2897901.4, "Plan Rows": 1, "Plan Width": 34, "Inner Unique": false, "Hash Cond": "(l1.l_orderkey = l3.l_orderkey)", "Join Filter": "(l3.l_suppkey <> l1.l_suppkey)", "Plans": [{"Node Type": "Hash Join", "Parent Relationship": "Outer", "Parallel Aware": true, "Join Type": "Inner", "Startup Cost": 3015.56, "Total Cost": 1395141.21, "Plan Rows": 258003, "Plan Width": 34, "Inner Unique": false, "Hash Cond": "(l1.l_suppkey = supplier.s_suppkey)", "Plans": [{"Node Type": "Seq Scan", "Parent Relationship": "Outer", "Parallel Aware": true, "Relation Name": "lineitem", "Alias": "l1", "Startup Cost": 0.0, "Total Cost": 1366420.13, "Plan Rows": 6450084, "Plan Width": 8, "Filter": "(l_receiptdate > l_commitdate)"}, {"Node Type": "Hash", "Parent Relationship": "Inner", "Parallel Aware": true, "Startup Cost": 2986.15, "Total Cost": 2986.15, "Plan Rows": 2353, "Plan Width": 30, "Plans": [{"Node Type": "Hash Join", "Parent Relationship": "Outer", "Parallel Aware": false, "Join Type": "Inner", "Startup Cost": 1.32, "Total Cost": 2986.15, "Plan Rows": 2353, "Plan Width": 30, "Inner Unique": true, "Hash Cond": "(supplier.s_nationkey = nation.n_nationkey)", "Plans": [{"Node Type": "Seq Scan", "Parent Relationship": "Outer", "Parallel Aware": true, "Relation Name": "supplier", "Alias": "supplier", "Startup Cost": 0.0, "Total Cost": 2804.24, "Plan Rows": 58824, "Plan Width": 34}, {"Node Type": "Hash", "Parent Relationship": "Inner", "Parallel Aware": false, "Startup Cost": 1.31, "Total Cost": 1.31, "Plan Rows": 1, "Plan Width": 4, "Plans": [{"Node Type": "Seq Scan", "Parent Relationship": "Outer", "Parallel Aware": false, "Relation Name": "nation", "Alias": "nation", "Startup Cost": 0.0, "Total Cost": 1.31, "Plan Rows": 1, "Plan Width": 4, "Filter": "(n_name = 'GERMANY'::bpchar)"}]}]}]}]}, {"Node Type": "Hash", "Parent Relationship": "Inner", "Parallel Aware": true, "Startup Cost": 1366420.13, "Total Cost": 1366420.13, "Plan Rows": 6450084, "Plan Width": 8, "Plans": [{"Node Type": "Seq Scan", "Parent Relationship": "Outer", "Parallel Aware": true, "Relation Name": "lineitem", "Alias": "l3", "Startup Cost": 0.0, "Total Cost": 1366420.13, "Plan Rows": 6450084, "Plan Width": 8, "Filter": "(l_receiptdate > l_commitdate)"}]}]}]}]}, {"Node Type": "Hash", "Parent Relationship": "Inner", "Parallel Aware": true, "Startup Cost": 1318044.5, "Total Cost": 1318044.5, "Plan Rows": 19350250, "Plan Width": 8, "Plans": [{"Node Type": "Seq Scan", "Parent Relationship": "Outer", "Parallel Aware": true, "Relation Name": "lineitem", "Alias": "l2", "Startup Cost": 0.0, "Total Cost": 1318044.5, "Plan Rows": 19350250, "Plan Width": 8}]}]}]}]}]}]}]}}, {"Plan": {"Node Type": "Limit", "Parallel Aware": false, "Startup Cost": 2377133.69, "Total Cost": 2377133.7, "Plan Rows": 1, "Plan Width": 34, "Plans": [{"Node Type": "Sort", "Parent Relationship": "Outer", "Parallel Aware": false, "Startup Cost": 2377133.69, "Total Cost": 2377133.7, "Plan Rows": 1, "Plan Width": 34, "Sort Key": ["(count(*)) DESC", "supplier.s_name"], "Plans": [{"Node Type": "Aggregate", "Strategy": "Sorted", "Partial Mode": "Simple", "Parent Relationship": "Outer", "Parallel Aware": false, "Startup Cost": 2377133.66, "Total Cost": 2377133.68, "Plan Rows": 1, "Plan Width": 34, "Group Key": ["supplier.s_name"], "Plans": [{"Node Type": "Sort", "Parent Relationship": "Outer", "Parallel Aware": false, "Startup Cost": 2377133.66, "Total Cost": 2377133.67, "Plan Rows": 1, "Plan Width": 26, "Sort Key": ["supplier.s_name"], "Plans": [{"Node Type": "Nested Loop", "Parent Relationship": "Outer", "Parallel Aware": false, "Join Type": "Semi", "Startup Cost": 1399369.13, "Total Cost": 2377133.65, "Plan Rows": 1, "Plan Width": 26, "Inner Unique": false, "Join Filter": "(l2.l_suppkey <> l1.l_suppkey)", "Plans": [{"Node Type": "Gather", "Parent Relationship": "Outer", "Parallel Aware": false, "Startup Cost": 1399367.68, "Total Cost": 2377111.66, "Plan Rows": 1, "Plan Width": 38, "Workers Planned": 3, "Single Copy": false, "Plans": [{"Node Type": "Nested Loop", "Parent Relationship": "Outer", "Parallel Aware": false, "Join Type": "Anti", "Startup Cost": 1398367.68, "Total Cost": 2376111.56, "Plan Rows": 1, "Plan Width": 38, "Inner Unique": false, "Plans": [{"Node Type": "Hash Join", "Parent Relationship": "Outer", "Parallel Aware": true, "Join Type": "Inner", "Startup Cost": 1398366.24, "Total Cost": 1729048.58, "Plan Rows": 126301, "Plan Width": 38, "Inner Unique": false, "Hash Cond": "(orders.o_orderkey = l1.l_orderkey)", "Plans": [{"Node Type": "Seq Scan", "Parent Relationship": "Outer", "Parallel Aware": true, "Relation Name": "orders", "Alias": "orders", "Startup Cost": 0.0, "Total Cost": 321392.71, "Plan Rows": 2368586, "Plan Width": 4, "Filter": "(o_orderstatus = 'F'::bpchar)"}, {"Node Type": "Hash", "Parent Relationship": "Inner", "Parallel Aware": true, "Startup Cost": 1395141.21, "Total Cost": 1395141.21, "Plan Rows": 258003, "Plan Width": 34, "Plans": [{"Node Type": "Hash Join", "Parent Relationship": "Outer", "Parallel Aware": true, "Join Type": "Inner", "Startup Cost": 3015.56, "Total Cost": 1395141.21, "Plan Rows": 258003, "Plan Width": 34, "Inner Unique": false, "Hash Cond": "(l1.l_suppkey = supplier.s_suppkey)", "Plans": [{"Node Type": "Seq Scan", "Parent Relationship": "Outer", "Parallel Aware": true, "Relation Name": "lineitem", "Alias": "l1", "Startup Cost": 0.0, "Total Cost": 1366420.13, "Plan Rows": 6450084, "Plan Width": 8, "Filter": "(l_receiptdate > l_commitdate)"}, {"Node Type": "Hash", "Parent Relationship": "Inner", "Parallel Aware": true, "Startup Cost": 2986.15, "Total Cost": 2986.15, "Plan Rows": 2353, "Plan Width": 30, "Plans": [{"Node Type": "Hash Join", "Parent Relationship": "Outer", "Parallel Aware": false, "Join Type": "Inner", "Startup Cost": 1.32, "Total Cost": 2986.15, "Plan Rows": 2353, "Plan Width": 30, "Inner Unique": true, "Hash Cond": "(supplier.s_nationkey = nation.n_nationkey)", "Plans": [{"Node Type": "Seq Scan", "Parent Relationship": "Outer", "Parallel Aware": true, "Relation Name": "supplier", "Alias": "supplier", "Startup Cost": 0.0, "Total Cost": 2804.24, "Plan Rows": 58824, "Plan Width": 34}, {"Node Type": "Hash", "Parent Relationship": "Inner", "Parallel Aware": false, "Startup Cost": 1.31, "Total Cost": 1.31, "Plan Rows": 1, "Plan Width": 4, "Plans": [{"Node Type": "Seq Scan", "Parent Relationship": "Outer", "Parallel Aware": false, "Relation Name": "nation", "Alias": "nation", "Startup Cost": 0.0, "Total Cost": 1.31, "Plan Rows": 1, "Plan Width": 4, "Filter": "(n_name = 'GERMANY'::bpchar)"}]}]}]}]}]}]}, {"Node Type": "Bitmap Heap Scan", "Parent Relationship": "Inner", "Parallel Aware": false, "Relation Name": "lineitem", "Alias": "l3", "Startup Cost": 1.44, "Total Cost": 21.76, "Plan Rows": 10, "Plan Width": 8, "Recheck Cond": "(l_orderkey = l1.l_orderkey)", "Filter": "((l_receiptdate > l_commitdate) AND (l_suppkey <> l1.l_suppkey))", "Plans": [{"Node Type": "Bitmap Index Scan", "Parent Relationship": "Outer", "Parallel Aware": false, "Index Name": "lineitem_pkey", "Startup Cost": 0.0, "Total Cost": 1.44, "Plan Rows": 30, "Plan Width": 0, "Index Cond": "(l_orderkey = l1.l_orderkey)"}]}]}]}, {"Node Type": "Bitmap Heap Scan", "Parent Relationship": "Inner", "Parallel Aware": false, "Relation Name": "lineitem", "Alias": "l2", "Startup Cost": 1.44, "Total Cost": 21.61, "Plan Rows": 30, "Plan Width": 8, "Recheck Cond": "(l_orderkey = orders.o_orderkey)", "Plans": [{"Node Type": "Bitmap Index Scan", "Parent Relationship": "Outer", "Parallel Aware": false, "Index Name": "lineitem_pkey", "Startup Cost": 0.0, "Total Cost": 1.44, "Plan Rows": 30, "Plan Width": 0, "Index Cond": "(l_orderkey = orders.o_orderkey)"}]}]}]}]}]}]}}, {"Plan": {"Node Type": "Limit", "Parallel Aware": false, "Startup Cost": 4940275.11, "Total Cost": 4940275.11, "Plan Rows": 1, "Plan Width": 34, "Plans": [{"Node Type": "Sort", "Parent Relationship": "Outer", "Parallel Aware": false, "Startup Cost": 4940275.11, "Total Cost": 4940275.11, "Plan Rows": 1, "Plan Width": 34, "Sort Key": ["(count(*)) DESC", "supplier.s_name"], "Plans": [{"Node Type": "Aggregate", "Strategy": "Sorted", "Partial Mode": "Simple", "Parent Relationship": "Outer", "Parallel Aware": false, "Startup Cost": 4940275.08, "Total Cost": 4940275.1, "Plan Rows": 1, "Plan Width": 34, "Group Key": ["supplier.s_name"], "Plans": [{"Node Type": "Sort", "Parent Relationship": "Outer", "Parallel Aware": false, "Startup Cost": 4940275.08, "Total Cost": 4940275.08, "Plan Rows": 1, "Plan Width": 26, "Sort Key": ["supplier.s_name"], "Plans": [{"Node Type": "Gather", "Parent Relationship": "Outer", "Parallel Aware": false, "Startup Cost": 4534411.04, "Total Cost": 4940275.07, "Plan Rows": 1, "Plan Width": 26, "Workers Planned": 3, "Single Copy": false, "Plans": [{"Node Type": "Hash Join", "Parent Relationship": "Outer", "Parallel Aware": true, "Join Type": "Semi", "Startup Cost": 4533411.04, "Total Cost": 4939274.97, "Plan Rows": 1, "Plan Width": 26, "Inner Unique": false, "Hash Cond": "(orders.o_orderkey = l2.l_orderkey)", "Join Filter": "(l2.l_suppkey <> l1.l_suppkey)", "Plans": [{"Node Type": "Hash Join", "Parent Relationship": "Outer", "Parallel Aware": true, "Join Type": "Inner", "Startup Cost": 2897901.41, "Total Cost": 3228176.33, "Plan Rows": 1, "Plan Width": 38, "Inner Unique": false, "Hash Cond": "(orders.o_orderkey = l1.l_orderkey)", "Plans": [{"Node Type": "Seq Scan", "Parent Relationship": "Outer", "Parallel Aware": true, "Relation Name": "orders", "Alias": "orders", "Startup Cost": 0.0, "Total Cost": 321392.71, "Plan Rows": 2368586, "Plan Width": 4, "Filter": "(o_orderstatus = 'F'::bpchar)"}, {"Node Type": "Hash", "Parent Relationship": "Inner", "Parallel Aware": true, "Startup Cost": 2897901.4, "Total Cost": 2897901.4, "Plan Rows": 1, "Plan Width": 34, "Plans": [{"Node Type": "Hash Join", "Parent Relationship": "Outer", "Parallel Aware": true, "Join Type": "Anti", "Startup Cost": 1475257.74, "Total Cost": 2897901.4, "Plan Rows": 1, "Plan Width": 34, "Inner Unique": false, "Hash Cond": "(l1.l_orderkey = l3.l_orderkey)", "Join Filter": "(l3.l_suppkey <> l1.l_suppkey)", "Plans": [{"Node Type": "Hash Join", "Parent Relationship": "Outer", "Parallel Aware": true, "Join Type": "Inner", "Startup Cost": 3015.56, "Total Cost": 1395141.21, "Plan Rows": 258003, "Plan Width": 34, "Inner Unique": false, "Hash Cond": "(l1.l_suppkey = supplier.s_suppkey)", "Plans": [{"Node Type": "Seq Scan", "Parent Relationship": "Outer", "Parallel Aware": true, "Relation Name": "lineitem", "Alias": "l1", "Startup Cost": 0.0, "Total Cost": 1366420.13, "Plan Rows": 6450084, "Plan Width": 8, "Filter": "(l_receiptdate > l_commitdate)"}, {"Node Type": "Hash", "Parent Relationship": "Inner", "Parallel Aware": true, "Startup Cost": 2986.15, "Total Cost": 2986.15, "Plan Rows": 2353, "Plan Width": 30, "Plans": [{"Node Type": "Hash Join", "Parent Relationship": "Outer", "Parallel Aware": false, "Join Type": "Inner", "Startup Cost": 1.32, "Total Cost": 2986.15, "Plan Rows": 2353, "Plan Width": 30, "Inner Unique": true, "Hash Cond": "(supplier.s_nationkey = nation.n_nationkey)", "Plans": [{"Node Type": "Seq Scan", "Parent Relationship": "Outer", "Parallel Aware": true, "Relation Name": "supplier", "Alias": "supplier", "Startup Cost": 0.0, "Total Cost": 2804.24, "Plan Rows": 58824, "Plan Width": 34}, {"Node Type": "Hash", "Parent Relationship": "Inner", "Parallel Aware": false, "Startup Cost": 1.31, "Total Cost": 1.31, "Plan Rows": 1, "Plan Width": 4, "Plans": [{"Node Type": "Seq Scan", "Parent Relationship": "Outer", "Parallel Aware": false, "Relation Name": "nation", "Alias": "nation", "Startup Cost": 0.0, "Total Cost": 1.31, "Plan Rows": 1, "Plan Width": 4, "Filter": "(n_name = 'GERMANY'::bpchar)"}]}]}]}]}, {"Node Type": "Hash", "Parent Relationship": "Inner", "Parallel Aware": true, "Startup Cost": 1366420.13, "Total Cost": 1366420.13, "Plan Rows": 6450084, "Plan Width": 8, "Plans": [{"Node Type": "Seq Scan", "Parent Relationship": "Outer", "Parallel Aware": true, "Relation Name": "lineitem", "Alias": "l3", "Startup Cost": 0.0, "Total Cost": 1366420.13, "Plan Rows": 6450084, "Plan Width": 8, "Filter": "(l_receiptdate > l_commitdate)"}]}]}]}]}, {"Node Type": "Hash", "Parent Relationship": "Inner", "Parallel Aware": true, "Startup Cost": 1318044.5, "Total Cost": 1318044.5, "Plan Rows": 19350250, "Plan Width": 8, "Plans": [{"Node Type": "Seq Scan", "Parent Relationship": "Outer", "Parallel Aware": true, "Relation Name": "lineitem", "Alias": "l2", "Startup Cost": 0.0, "Total Cost": 1318044.5, "Plan Rows": 19350250, "Plan Width": 8}]}]}]}]}]}]}]}}, {"Plan": {"Node Type": "Limit", "Parallel Aware": false, "Startup Cost": 2377133.69, "Total Cost": 2377133.7, "Plan Rows": 1, "Plan Width": 34, "Plans": [{"Node Type": "Sort", "Parent Relationship": "Outer", "Parallel Aware": false, "Startup Cost": 2377133.69, "Total Cost": 2377133.7, "Plan Rows": 1, "Plan Width": 34, "Sort Key": ["(count(*)) DESC", "supplier.s_name"], "Plans": [{"Node Type": "Aggregate", "Strategy": "Sorted", "Partial Mode": "Simple", "Parent Relationship": "Outer", "Parallel Aware": false, "Startup Cost": 2377133.66, "Total Cost": 2377133.68, "Plan Rows": 1, "Plan Width": 34, "Group Key": ["supplier.s_name"], "Plans": [{"Node Type": "Sort", "Parent Relationship": "Outer", "Parallel Aware": false, "Startup Cost": 2377133.66, "Total Cost": 2377133.67, "Plan Rows": 1, "Plan Width": 26, "Sort Key": ["supplier.s_name"], "Plans": [{"Node Type": "Nested Loop", "Parent Relationship": "Outer", "Parallel Aware": false, "Join Type": "Semi", "Startup Cost": 1399369.13, "Total Cost": 2377133.65, "Plan Rows": 1, "Plan Width": 26, "Inner Unique": false, "Join Filter": "(l2.l_suppkey <> l1.l_suppkey)", "Plans": [{"Node Type": "Gather", "Parent Relationship": "Outer", "Parallel Aware": false, "Startup Cost": 1399367.68, "Total Cost": 2377111.66, "Plan Rows": 1, "Plan Width": 38, "Workers Planned": 3, "Single Copy": false, "Plans": [{"Node Type": "Nested Loop", "Parent Relationship": "Outer", "Parallel Aware": false, "Join Type": "Anti", "Startup Cost": 1398367.68, "Total Cost": 2376111.56, "Plan Rows": 1, "Plan Width": 38, "Inner Unique": false, "Plans": [{"Node Type": "Hash Join", "Parent Relationship": "Outer", "Parallel Aware": true, "Join Type": "Inner", "Startup Cost": 1398366.24, "Total Cost": 1729048.58, "Plan Rows": 126301, "Plan Width": 38, "Inner Unique": false, "Hash Cond": "(orders.o_orderkey = l1.l_orderkey)", "Plans": [{"Node Type": "Seq Scan", "Parent Relationship": "Outer", "Parallel Aware": true, "Relation Name": "orders", "Alias": "orders", "Startup Cost": 0.0, "Total Cost": 321392.71, "Plan Rows": 2368586, "Plan Width": 4, "Filter": "(o_orderstatus = 'F'::bpchar)"}, {"Node Type": "Hash", "Parent Relationship": "Inner", "Parallel Aware": true, "Startup Cost": 1395141.21, "Total Cost": 1395141.21, "Plan Rows": 258003, "Plan Width": 34, "Plans": [{"Node Type": "Hash Join", "Parent Relationship": "Outer", "Parallel Aware": true, "Join Type": "Inner", "Startup Cost": 3015.56, "Total Cost": 1395141.21, "Plan Rows": 258003, "Plan Width": 34, "Inner Unique": false, "Hash Cond": "(l1.l_suppkey = supplier.s_suppkey)", "Plans": [{"Node Type": "Seq Scan", "Parent Relationship": "Outer", "Parallel Aware": true, "Relation Name": "lineitem", "Alias": "l1", "Startup Cost": 0.0, "Total Cost": 1366420.13, "Plan Rows": 6450084, "Plan Width": 8, "Filter": "(l_receiptdate > l_commitdate)"}, {"Node Type": "Hash", "Parent Relationship": "Inner", "Parallel Aware": true, "Startup Cost": 2986.15, "Total Cost": 2986.15, "Plan Rows": 2353, "Plan Width": 30, "Plans": [{"Node Type": "Hash Join", "Parent Relationship": "Outer", "Parallel Aware": false, "Join Type": "Inner", "Startup Cost": 1.32, "Total Cost": 2986.15, "Plan Rows": 2353, "Plan Width": 30, "Inner Unique": true, "Hash Cond": "(supplier.s_nationkey = nation.n_nationkey)", "Plans": [{"Node Type": "Seq Scan", "Parent Relationship": "Outer", "Parallel Aware": true, "Relation Name": "supplier", "Alias": "supplier", "Startup Cost": 0.0, "Total Cost": 2804.24, "Plan Rows": 58824, "Plan Width": 34}, {"Node Type": "Hash", "Parent Relationship": "Inner", "Parallel Aware": false, "Startup Cost": 1.31, "Total Cost": 1.31, "Plan Rows": 1, "Plan Width": 4, "Plans": [{"Node Type": "Seq Scan", "Parent Relationship": "Outer", "Parallel Aware": false, "Relation Name": "nation", "Alias": "nation", "Startup Cost": 0.0, "Total Cost": 1.31, "Plan Rows": 1, "Plan Width": 4, "Filter": "(n_name = 'GERMANY'::bpchar)"}]}]}]}]}]}]}, {"Node Type": "Bitmap Heap Scan", "Parent Relationship": "Inner", "Parallel Aware": false, "Relation Name": "lineitem", "Alias": "l3", "Startup Cost": 1.44, "Total Cost": 21.76, "Plan Rows": 10, "Plan Width": 8, "Recheck Cond": "(l_orderkey = l1.l_orderkey)", "Filter": "((l_receiptdate > l_commitdate) AND (l_suppkey <> l1.l_suppkey))", "Plans": [{"Node Type": "Bitmap Index Scan", "Parent Relationship": "Outer", "Parallel Aware": false, "Index Name": "lineitem_pkey", "Startup Cost": 0.0, "Total Cost": 1.44, "Plan Rows": 30, "Plan Width": 0, "Index Cond": "(l_orderkey = l1.l_orderkey)"}]}]}]}, {"Node Type": "Bitmap Heap Scan", "Parent Relationship": "Inner", "Parallel Aware": false, "Relation Name": "lineitem", "Alias": "l2", "Startup Cost": 1.44, "Total Cost": 21.61, "Plan Rows": 30, "Plan Width": 8, "Recheck Cond": "(l_orderkey = orders.o_orderkey)", "Plans": [{"Node Type": "Bitmap Index Scan", "Parent Relationship": "Outer", "Parallel Aware": false, "Index Name": "lineitem_pkey", "Startup Cost": 0.0, "Total Cost": 1.44, "Plan Rows": 30, "Plan Width": 0, "Index Cond": "(l_orderkey = orders.o_orderkey)"}]}]}]}]}]}]}}, {"Plan": {"Node Type": "Limit", "Parallel Aware": false, "Startup Cost": 4940275.11, "Total Cost": 4940275.11, "Plan Rows": 1, "Plan Width": 34, "Plans": [{"Node Type": "Sort", "Parent Relationship": "Outer", "Parallel Aware": false, "Startup Cost": 4940275.11, "Total Cost": 4940275.11, "Plan Rows": 1, "Plan Width": 34, "Sort Key": ["(count(*)) DESC", "supplier.s_name"], "Plans": [{"Node Type": "Aggregate", "Strategy": "Sorted", "Partial Mode": "Simple", "Parent Relationship": "Outer", "Parallel Aware": false, "Startup Cost": 4940275.08, "Total Cost": 4940275.1, "Plan Rows": 1, "Plan Width": 34, "Group Key": ["supplier.s_name"], "Plans": [{"Node Type": "Sort", "Parent Relationship": "Outer", "Parallel Aware": false, "Startup Cost": 4940275.08, "Total Cost": 4940275.08, "Plan Rows": 1, "Plan Width": 26, "Sort Key": ["supplier.s_name"], "Plans": [{"Node Type": "Gather", "Parent Relationship": "Outer", "Parallel Aware": false, "Startup Cost": 4534411.04, "Total Cost": 4940275.07, "Plan Rows": 1, "Plan Width": 26, "Workers Planned": 3, "Single Copy": false, "Plans": [{"Node Type": "Hash Join", "Parent Relationship": "Outer", "Parallel Aware": true, "Join Type": "Semi", "Startup Cost": 4533411.04, "Total Cost": 4939274.97, "Plan Rows": 1, "Plan Width": 26, "Inner Unique": false, "Hash Cond": "(orders.o_orderkey = l2.l_orderkey)", "Join Filter": "(l2.l_suppkey <> l1.l_suppkey)", "Plans": [{"Node Type": "Hash Join", "Parent Relationship": "Outer", "Parallel Aware": true, "Join Type": "Inner", "Startup Cost": 2897901.41, "Total Cost": 3228176.33, "Plan Rows": 1, "Plan Width": 38, "Inner Unique": false, "Hash Cond": "(orders.o_orderkey = l1.l_orderkey)", "Plans": [{"Node Type": "Seq Scan", "Parent Relationship": "Outer", "Parallel Aware": true, "Relation Name": "orders", "Alias": "orders", "Startup Cost": 0.0, "Total Cost": 321392.71, "Plan Rows": 2368586, "Plan Width": 4, "Filter": "(o_orderstatus = 'F'::bpchar)"}, {"Node Type": "Hash", "Parent Relationship": "Inner", "Parallel Aware": true, "Startup Cost": 2897901.4, "Total Cost": 2897901.4, "Plan Rows": 1, "Plan Width": 34, "Plans": [{"Node Type": "Hash Join", "Parent Relationship": "Outer", "Parallel Aware": true, "Join Type": "Anti", "Startup Cost": 1475257.74, "Total Cost": 2897901.4, "Plan Rows": 1, "Plan Width": 34, "Inner Unique": false, "Hash Cond": "(l1.l_orderkey = l3.l_orderkey)", "Join Filter": "(l3.l_suppkey <> l1.l_suppkey)", "Plans": [{"Node Type": "Hash Join", "Parent Relationship": "Outer", "Parallel Aware": true, "Join Type": "Inner", "Startup Cost": 3015.56, "Total Cost": 1395141.21, "Plan Rows": 258003, "Plan Width": 34, "Inner Unique": false, "Hash Cond": "(l1.l_suppkey = supplier.s_suppkey)", "Plans": [{"Node Type": "Seq Scan", "Parent Relationship": "Outer", "Parallel Aware": true, "Relation Name": "lineitem", "Alias": "l1", "Startup Cost": 0.0, "Total Cost": 1366420.13, "Plan Rows": 6450084, "Plan Width": 8, "Filter": "(l_receiptdate > l_commitdate)"}, {"Node Type": "Hash", "Parent Relationship": "Inner", "Parallel Aware": true, "Startup Cost": 2986.15, "Total Cost": 2986.15, "Plan Rows": 2353, "Plan Width": 30, "Plans": [{"Node Type": "Hash Join", "Parent Relationship": "Outer", "Parallel Aware": false, "Join Type": "Inner", "Startup Cost": 1.32, "Total Cost": 2986.15, "Plan Rows": 2353, "Plan Width": 30, "Inner Unique": true, "Hash Cond": "(supplier.s_nationkey = nation.n_nationkey)", "Plans": [{"Node Type": "Seq Scan", "Parent Relationship": "Outer", "Parallel Aware": true, "Relation Name": "supplier", "Alias": "supplier", "Startup Cost": 0.0, "Total Cost": 2804.24, "Plan Rows": 58824, "Plan Width": 34}, {"Node Type": "Hash", "Parent Relationship": "Inner", "Parallel Aware": false, "Startup Cost": 1.31, "Total Cost": 1.31, "Plan Rows": 1, "Plan Width": 4, "Plans": [{"Node Type": "Seq Scan", "Parent Relationship": "Outer", "Parallel Aware": false, "Relation Name": "nation", "Alias": "nation", "Startup Cost": 0.0, "Total Cost": 1.31, "Plan Rows": 1, "Plan Width": 4, "Filter": "(n_name = 'GERMANY'::bpchar)"}]}]}]}]}, {"Node Type": "Hash", "Parent Relationship": "Inner", "Parallel Aware": true, "Startup Cost": 1366420.13, "Total Cost": 1366420.13, "Plan Rows": 6450084, "Plan Width": 8, "Plans": [{"Node Type": "Seq Scan", "Parent Relationship": "Outer", "Parallel Aware": true, "Relation Name": "lineitem", "Alias": "l3", "Startup Cost": 0.0, "Total Cost": 1366420.13, "Plan Rows": 6450084, "Plan Width": 8, "Filter": "(l_receiptdate > l_commitdate)"}]}]}]}]}, {"Node Type": "Hash", "Parent Relationship": "Inner", "Parallel Aware": true, "Startup Cost": 1318044.5, "Total Cost": 1318044.5, "Plan Rows": 19350250, "Plan Width": 8, "Plans": [{"Node Type": "Seq Scan", "Parent Relationship": "Outer", "Parallel Aware": true, "Relation Name": "lineitem", "Alias": "l2", "Startup Cost": 0.0, "Total Cost": 1318044.5, "Plan Rows": 19350250, "Plan Width": 8}]}]}]}]}]}]}]}}, {"Plan": {"Node Type": "Limit", "Parallel Aware": false, "Startup Cost": 7467527.34, "Total Cost": 7467527.35, "Plan Rows": 1, "Plan Width": 34, "Plans": [{"Node Type": "Sort", "Parent Relationship": "Outer", "Parallel Aware": false, "Startup Cost": 7467527.34, "Total Cost": 7467527.35, "Plan Rows": 1, "Plan Width": 34, "Sort Key": ["(count(*)) DESC", "supplier.s_name"], "Plans": [{"Node Type": "Aggregate", "Strategy": "Sorted", "Partial Mode": "Simple", "Parent Relationship": "Outer", "Parallel Aware": false, "Startup Cost": 7467527.31, "Total Cost": 7467527.33, "Plan Rows": 1, "Plan Width": 34, "Group Key": ["supplier.s_name"], "Plans": [{"Node Type": "Sort", "Parent Relationship": "Outer", "Parallel Aware": false, "Startup Cost": 7467527.31, "Total Cost": 7467527.32, "Plan Rows": 1, "Plan Width": 26, "Sort Key": ["supplier.s_name"], "Plans": [{"Node Type": "Gather", "Parent Relationship": "Outer", "Parallel Aware": false, "Startup Cost": 5059939.49, "Total Cost": 7467527.3, "Plan Rows": 1, "Plan Width": 26, "Workers Planned": 3, "Single Copy": false, "Plans": [{"Node Type": "Merge Join", "Parent Relationship": "Outer", "Parallel Aware": false, "Join Type": "Anti", "Startup Cost": 5058939.49, "Total Cost": 7466527.2, "Plan Rows": 1, "Plan Width": 26, "Inner Unique": false, "Merge Cond": "(l1.l_orderkey = l3.l_orderkey)", "Join Filter": "(l3.l_suppkey <> l1.l_suppkey)", "Plans": [{"Node Type": "Sort", "Parent Relationship": "Outer", "Parallel Aware": false, "Startup Cost": 5058938.93, "Total Cost": 5058980.68, "Plan Rows": 16699, "Plan Width": 34, "Sort Key": ["l1.l_orderkey"], "Plans": [{"Node Type": "Merge Join", "Parent Relationship": "Outer", "Parallel Aware": false, "Join Type": "Inner", "Startup Cost": 5055429.88, "Total Cost": 5057767.7, "Plan Rows": 16699, "Plan Width": 34, "Inner Unique": false, "Merge Cond": "(l1.l_suppkey = supplier.s_suppkey)", "Plans": [{"Node Type": "Sort", "Parent Relationship": "Outer", "Parallel Aware": false, "Startup Cost": 5042293.07, "Total Cost": 5043336.78, "Plan Rows": 417483, "Plan Width": 8, "Sort Key": ["l1.l_suppkey"], "Plans": [{"Node Type": "Merge Join", "Parent Relationship": "Outer", "Parallel Aware": false, "Join Type": "Semi", "Startup Cost": 104.98, "Total Cost": 5003318.2, "Plan Rows": 417483, "Plan Width": 8, "Inner Unique": false, "Merge Cond": "(orders.o_orderkey = l2.l_orderkey)", "Join Filter": "(l2.l_suppkey <> l1.l_suppkey)", "Plans": [{"Node Type": "Merge Join", "Parent Relationship": "Outer", "Parallel Aware": false, "Join Type": "Inner", "Startup Cost": 46.65, "Total Cost": 2482167.33, "Plan Rows": 3157531, "Plan Width": 12, "Inner Unique": true, "Merge Cond": "(l1.l_orderkey = orders.o_orderkey)", "Plans": [{"Node Type": "Index Scan", "Parent Relationship": "Outer", "Parallel Aware": true, "Scan Direction": "Forward", "Index Name": "idx_lineitem_orderkey", "Relation Name": "lineitem", "Alias": "l1", "Startup Cost": 0.56, "Total Cost": 1847467.97, "Plan Rows": 6450084, "Plan Width": 8, "Filter": "(l_receiptdate > l_commitdate)"}, {"Node Type": "Index Scan", "Parent Relationship": "Inner", "Parallel Aware": false, "Scan Direction": "Forward", "Index Name": "orders_pkey", "Relation Name": "orders", "Alias": "orders", "Startup Cost": 0.43, "Total Cost": 568642.93, "Plan Rows": 7342617, "Plan Width": 4, "Filter": "(o_orderstatus = 'F'::bpchar)"}]}, {"Node Type": "Index Scan", "Parent Relationship": "Inner", "Parallel Aware": false, "Scan Direction": "Forward", "Index Name": "idx_lineitem_orderkey", "Relation Name": "lineitem", "Alias": "l2", "Startup Cost": 0.56, "Total Cost": 2205447.61, "Plan Rows": 59985776, "Plan Width": 8}]}]}, {"Node Type": "Sort", "Parent Relationship": "Inner", "Parallel Aware": false, "Startup Cost": 13136.77, "Total Cost": 13146.77, "Plan Rows": 4000, "Plan Width": 30, "Sort Key": ["supplier.s_suppkey"], "Plans": [{"Node Type": "Merge Join", "Parent Relationship": "Outer", "Parallel Aware": false, "Join Type": "Inner", "Startup Cost": 12353.72, "Total Cost": 12897.46, "Plan Rows": 4000, "Plan Width": 30, "Inner Unique": true, "Merge Cond": "(supplier.s_nationkey = nation.n_nationkey)", "Plans": [{"Node Type": "Sort", "Parent Relationship": "Outer", "Parallel Aware": false, "Startup Cost": 12353.58, "Total Cost": 12603.58, "Plan Rows": 100000, "Plan Width": 34, "Sort Key": ["supplier.s_nationkey"], "Plans": [{"Node Type": "Index Scan", "Parent Relationship": "Outer", "Parallel Aware": false, "Scan Direction": "Forward", "Index Name": "supplier_pkey", "Relation Name": "supplier", "Alias": "supplier", "Startup Cost": 0.29, "Total Cost": 4048.76, "Plan Rows": 100000, "Plan Width": 34}]}, {"Node Type": "Index Scan", "Parent Relationship": "Inner", "Parallel Aware": false, "Scan Direction": "Forward", "Index Name": "nation_pkey", "Relation Name": "nation", "Alias": "nation", "Startup Cost": 0.14, "Total Cost": 3.88, "Plan Rows": 1, "Plan Width": 4, "Filter": "(n_name = 'GERMANY'::bpchar)"}]}]}]}]}, {"Node Type": "Index Scan", "Parent Relationship": "Inner", "Parallel Aware": false, "Scan Direction": "Forward", "Index Name": "idx_lineitem_orderkey", "Relation Name": "lineitem", "Alias": "l3", "Startup Cost": 0.56, "Total Cost": 2355412.05, "Plan Rows": 19995259, "Plan Width": 8, "Filter": "(l_receiptdate > l_commitdate)"}]}]}]}]}]}]}}, {"Plan": {"Node Type": "Limit", "Parallel Aware": false, "Startup Cost": 2910528.73, "Total Cost": 2910528.73, "Plan Rows": 1, "Plan Width": 34, "Plans": [{"Node Type": "Sort", "Parent Relationship": "Outer", "Parallel Aware": false, "Startup Cost": 2910528.73, "Total Cost": 2910528.73, "Plan Rows": 1, "Plan Width": 34, "Sort Key": ["(count(*)) DESC", "supplier.s_name"], "Plans": [{"Node Type": "Aggregate", "Strategy": "Sorted", "Partial Mode": "Simple", "Parent Relationship": "Outer", "Parallel Aware": false, "Startup Cost": 2910528.7, "Total Cost": 2910528.72, "Plan Rows": 1, "Plan Width": 34, "Group Key": ["supplier.s_name"], "Plans": [{"Node Type": "Sort", "Parent Relationship": "Outer", "Parallel Aware": false, "Startup Cost": 2910528.7, "Total Cost": 2910528.7, "Plan Rows": 1, "Plan Width": 26, "Sort Key": ["supplier.s_name"], "Plans": [{"Node Type": "Nested Loop", "Parent Relationship": "Outer", "Parallel Aware": false, "Join Type": "Inner", "Startup Cost": 2632141.32, "Total Cost": 2910528.69, "Plan Rows": 1, "Plan Width": 26, "Inner Unique": true, "Plans": [{"Node Type": "Nested Loop", "Parent Relationship": "Outer", "Parallel Aware": false, "Join Type": "Semi", "Startup Cost": 2632140.88, "Total Cost": 2910526.97, "Plan Rows": 1, "Plan Width": 34, "Inner Unique": false, "Plans": [{"Node Type": "Gather", "Parent Relationship": "Outer", "Parallel Aware": false, "Startup Cost": 2632140.32, "Total Cost": 2910524.49, "Plan Rows": 1, "Plan Width": 34, "Workers Planned": 3, "Single Copy": false, "Plans": [{"Node Type": "Nested Loop", "Parent Relationship": "Outer", "Parallel Aware": false, "Join Type": "Anti", "Startup Cost": 2631140.32, "Total Cost": 2909524.39, "Plan Rows": 1, "Plan Width": 34, "Inner Unique": false, "Plans": [{"Node Type": "Merge Join", "Parent Relationship": "Outer", "Parallel Aware": false, "Join Type": "Inner", "Startup Cost": 2631139.75, "Total Cost": 2667258.93, "Plan Rows": 258003, "Plan Width": 34, "Inner Unique": false, "Merge Cond": "(l1.l_suppkey = supplier.s_suppkey)", "Plans": [{"Node Type": "Sort", "Parent Relationship": "Outer", "Parallel Aware": false, "Startup Cost": 2628652.87, "Total Cost": 2644778.08, "Plan Rows": 6450084, "Plan Width": 8, "Sort Key": ["l1.l_suppkey"], "Plans": [{"Node Type": "Index Scan", "Parent Relationship": "Outer", "Parallel Aware": true, "Scan Direction": "Forward", "Index Name": "idx_lineitem_orderkey", "Relation Name": "lineitem", "Alias": "l1", "Startup Cost": 0.56, "Total Cost": 1847467.97, "Plan Rows": 6450084, "Plan Width": 8, "Filter": "(l_receiptdate > l_commitdate)"}]}, {"Node Type": "Sort", "Parent Relationship": "Inner", "Parallel Aware": false, "Startup Cost": 2486.24, "Total Cost": 2496.24, "Plan Rows": 4000, "Plan Width": 30, "Sort Key": ["supplier.s_suppkey"], "Plans": [{"Node Type": "Nested Loop", "Parent Relationship": "Outer", "Parallel Aware": false, "Join Type": "Inner", "Startup Cost": 44.76, "Total Cost": 2246.92, "Plan Rows": 4000, "Plan Width": 30, "Inner Unique": false, "Plans": [{"Node Type": "Index Scan", "Parent Relationship": "Outer", "Parallel Aware": false, "Scan Direction": "Forward", "Index Name": "nation_pkey", "Relation Name": "nation", "Alias": "nation", "Startup Cost": 0.14, "Total Cost": 3.88, "Plan Rows": 1, "Plan Width": 4, "Filter": "(n_name = 'GERMANY'::bpchar)"}, {"Node Type": "Bitmap Heap Scan", "Parent Relationship": "Inner", "Parallel Aware": false, "Relation Name": "supplier", "Alias": "supplier", "Startup Cost": 44.62, "Total Cost": 2203.05, "Plan Rows": 4000, "Plan Width": 34, "Recheck Cond": "(s_nationkey = nation.n_nationkey)", "Plans": [{"Node Type": "Bitmap Index Scan", "Parent Relationship": "Outer", "Parallel Aware": false, "Index Name": "idx_supplier_nation_key", "Startup Cost": 0.0, "Total Cost": 43.62, "Plan Rows": 4000, "Plan Width": 0, "Index Cond": "(s_nationkey = nation.n_nationkey)"}]}]}]}]}, {"Node Type": "Index Scan", "Parent Relationship": "Inner", "Parallel Aware": false, "Scan Direction": "Forward", "Index Name": "idx_lineitem_orderkey", "Relation Name": "lineitem", "Alias": "l3", "Startup Cost": 0.56, "Total Cost": 2.54, "Plan Rows": 10, "Plan Width": 8, "Index Cond": "(l_orderkey = l1.l_orderkey)", "Filter": "((l_receiptdate > l_commitdate) AND (l_suppkey <> l1.l_suppkey))"}]}]}, {"Node Type": "Index Scan", "Parent Relationship": "Inner", "Parallel Aware": false, "Scan Direction": "Forward", "Index Name": "idx_lineitem_orderkey", "Relation Name": "lineitem", "Alias": "l2", "Startup Cost": 0.56, "Total Cost": 2.46, "Plan Rows": 30, "Plan Width": 8, "Index Cond": "(l_orderkey = l1.l_orderkey)", "Filter": "(l_suppkey <> l1.l_suppkey)"}]}, {"Node Type": "Index Scan", "Parent Relationship": "Inner", "Parallel Aware": false, "Scan Direction": "Forward", "Index Name": "orders_pkey", "Relation Name": "orders", "Alias": "orders", "Startup Cost": 0.43, "Total Cost": 1.72, "Plan Rows": 1, "Plan Width": 4, "Index Cond": "(o_orderkey = l1.l_orderkey)", "Filter": "(o_orderstatus = 'F'::bpchar)"}]}]}]}]}]}}, {"Plan": {"Node Type": "Limit", "Parallel Aware": false, "Startup Cost": 2429478.32, "Total Cost": 2429478.32, "Plan Rows": 1, "Plan Width": 34, "Plans": [{"Node Type": "Sort", "Parent Relationship": "Outer", "Parallel Aware": false, "Startup Cost": 2429478.32, "Total Cost": 2429478.32, "Plan Rows": 1, "Plan Width": 34, "Sort Key": ["(count(*)) DESC", "supplier.s_name"], "Plans": [{"Node Type": "Aggregate", "Strategy": "Sorted", "Partial Mode": "Simple", "Parent Relationship": "Outer", "Parallel Aware": false, "Startup Cost": 2429478.29, "Total Cost": 2429478.31, "Plan Rows": 1, "Plan Width": 34, "Group Key": ["supplier.s_name"], "Plans": [{"Node Type": "Sort", "Parent Relationship": "Outer", "Parallel Aware": false, "Startup Cost": 2429478.29, "Total Cost": 2429478.29, "Plan Rows": 1, "Plan Width": 26, "Sort Key": ["supplier.s_name"], "Plans": [{"Node Type": "Nested Loop", "Parent Relationship": "Outer", "Parallel Aware": false, "Join Type": "Inner", "Startup Cost": 2151090.91, "Total Cost": 2429478.28, "Plan Rows": 1, "Plan Width": 26, "Inner Unique": true, "Plans": [{"Node Type": "Nested Loop", "Parent Relationship": "Outer", "Parallel Aware": false, "Join Type": "Semi", "Startup Cost": 2151090.47, "Total Cost": 2429476.56, "Plan Rows": 1, "Plan Width": 34, "Inner Unique": false, "Plans": [{"Node Type": "Gather", "Parent Relationship": "Outer", "Parallel Aware": false, "Startup Cost": 2151089.91, "Total Cost": 2429474.08, "Plan Rows": 1, "Plan Width": 34, "Workers Planned": 3, "Single Copy": false, "Plans": [{"Node Type": "Nested Loop", "Parent Relationship": "Outer", "Parallel Aware": false, "Join Type": "Anti", "Startup Cost": 2150089.91, "Total Cost": 2428473.98, "Plan Rows": 1, "Plan Width": 34, "Inner Unique": false, "Plans": [{"Node Type": "Merge Join", "Parent Relationship": "Outer", "Parallel Aware": false, "Join Type": "Inner", "Startup Cost": 2150089.34, "Total Cost": 2186208.52, "Plan Rows": 258003, "Plan Width": 34, "Inner Unique": false, "Merge Cond": "(l1.l_suppkey = supplier.s_suppkey)", "Plans": [{"Node Type": "Sort", "Parent Relationship": "Outer", "Parallel Aware": false, "Startup Cost": 2147605.02, "Total Cost": 2163730.23, "Plan Rows": 6450084, "Plan Width": 8, "Sort Key": ["l1.l_suppkey"], "Plans": [{"Node Type": "Seq Scan", "Parent Relationship": "Outer", "Parallel Aware": true, "Relation Name": "lineitem", "Alias": "l1", "Startup Cost": 0.0, "Total Cost": 1366420.13, "Plan Rows": 6450084, "Plan Width": 8, "Filter": "(l_receiptdate > l_commitdate)"}]}, {"Node Type": "Sort", "Parent Relationship": "Inner", "Parallel Aware": false, "Startup Cost": 2483.68, "Total Cost": 2493.68, "Plan Rows": 4000, "Plan Width": 30, "Sort Key": ["supplier.s_suppkey"], "Plans": [{"Node Type": "Nested Loop", "Parent Relationship": "Outer", "Parallel Aware": false, "Join Type": "Inner", "Startup Cost": 44.62, "Total Cost": 2244.36, "Plan Rows": 4000, "Plan Width": 30, "Inner Unique": false, "Plans": [{"Node Type": "Seq Scan", "Parent Relationship": "Outer", "Parallel Aware": false, "Relation Name": "nation", "Alias": "nation", "Startup Cost": 0.0, "Total Cost": 1.31, "Plan Rows": 1, "Plan Width": 4, "Filter": "(n_name = 'GERMANY'::bpchar)"}, {"Node Type": "Bitmap Heap Scan", "Parent Relationship": "Inner", "Parallel Aware": false, "Relation Name": "supplier", "Alias": "supplier", "Startup Cost": 44.62, "Total Cost": 2203.05, "Plan Rows": 4000, "Plan Width": 34, "Recheck Cond": "(s_nationkey = nation.n_nationkey)", "Plans": [{"Node Type": "Bitmap Index Scan", "Parent Relationship": "Outer", "Parallel Aware": false, "Index Name": "idx_supplier_nation_key", "Startup Cost": 0.0, "Total Cost": 43.62, "Plan Rows": 4000, "Plan Width": 0, "Index Cond": "(s_nationkey = nation.n_nationkey)"}]}]}]}]}, {"Node Type": "Index Scan", "Parent Relationship": "Inner", "Parallel Aware": false, "Scan Direction": "Forward", "Index Name": "idx_lineitem_orderkey", "Relation Name": "lineitem", "Alias": "l3", "Startup Cost": 0.56, "Total Cost": 2.54, "Plan Rows": 10, "Plan Width": 8, "Index Cond": "(l_orderkey = l1.l_orderkey)", "Filter": "((l_receiptdate > l_commitdate) AND (l_suppkey <> l1.l_suppkey))"}]}]}, {"Node Type": "Index Scan", "Parent Relationship": "Inner", "Parallel Aware": false, "Scan Direction": "Forward", "Index Name": "idx_lineitem_orderkey", "Relation Name": "lineitem", "Alias": "l2", "Startup Cost": 0.56, "Total Cost": 2.46, "Plan Rows": 30, "Plan Width": 8, "Index Cond": "(l_orderkey = l1.l_orderkey)", "Filter": "(l_suppkey <> l1.l_suppkey)"}]}, {"Node Type": "Index Scan", "Parent Relationship": "Inner", "Parallel Aware": false, "Scan Direction": "Forward", "Index Name": "orders_pkey", "Relation Name": "orders", "Alias": "orders", "Startup Cost": 0.43, "Total Cost": 1.72, "Plan Rows": 1, "Plan Width": 4, "Index Cond": "(o_orderkey = l1.l_orderkey)", "Filter": "(o_orderstatus = 'F'::bpchar)"}]}]}]}]}]}}, {"Plan": {"Node Type": "Limit", "Parallel Aware": false, "Startup Cost": 7467678.15, "Total Cost": 7467678.15, "Plan Rows": 1, "Plan Width": 34, "Plans": [{"Node Type": "Sort", "Parent Relationship": "Outer", "Parallel Aware": false, "Startup Cost": 7467678.15, "Total Cost": 7467678.15, "Plan Rows": 1, "Plan Width": 34, "Sort Key": ["(count(*)) DESC", "supplier.s_name"], "Plans": [{"Node Type": "Aggregate", "Strategy": "Sorted", "Partial Mode": "Simple", "Parent Relationship": "Outer", "Parallel Aware": false, "Startup Cost": 7467678.12, "Total Cost": 7467678.14, "Plan Rows": 1, "Plan Width": 34, "Group Key": ["supplier.s_name"], "Plans": [{"Node Type": "Sort", "Parent Relationship": "Outer", "Parallel Aware": false, "Startup Cost": 7467678.12, "Total Cost": 7467678.12, "Plan Rows": 1, "Plan Width": 26, "Sort Key": ["supplier.s_name"], "Plans": [{"Node Type": "Merge Join", "Parent Relationship": "Outer", "Parallel Aware": false, "Join Type": "Inner", "Startup Cost": 7467678.08, "Total Cost": 7467678.11, "Plan Rows": 1, "Plan Width": 26, "Inner Unique": true, "Merge Cond": "(supplier.s_nationkey = nation.n_nationkey)", "Plans": [{"Node Type": "Sort", "Parent Relationship": "Outer", "Parallel Aware": false, "Startup Cost": 7467676.76, "Total Cost": 7467676.76, "Plan Rows": 1, "Plan Width": 30, "Sort Key": ["supplier.s_nationkey"], "Plans": [{"Node Type": "Merge Join", "Parent Relationship": "Outer", "Parallel Aware": false, "Join Type": "Inner", "Startup Cost": 7463378.26, "Total Cost": 7467676.75, "Plan Rows": 1, "Plan Width": 30, "Inner Unique": false, "Merge Cond": "(supplier.s_suppkey = l1.l_suppkey)", "Plans": [{"Node Type": "Index Scan", "Parent Relationship": "Outer", "Parallel Aware": false, "Scan Direction": "Forward", "Index Name": "supplier_pkey", "Relation Name": "supplier", "Alias": "supplier", "Startup Cost": 0.29, "Total Cost": 4048.76, "Plan Rows": 100000, "Plan Width": 34}, {"Node Type": "Sort", "Parent Relationship": "Inner", "Parallel Aware": false, "Startup Cost": 7463377.97, "Total Cost": 7463377.98, "Plan Rows": 1, "Plan Width": 4, "Sort Key": ["l1.l_suppkey"], "Plans": [{"Node Type": "Gather", "Parent Relationship": "Outer", "Parallel Aware": false, "Startup Cost": 1105.54, "Total Cost": 7463377.96, "Plan Rows": 1, "Plan Width": 4, "Workers Planned": 3, "Single Copy": false, "Plans": [{"Node Type": "Merge Join", "Parent Relationship": "Outer", "Parallel Aware": false, "Join Type": "Anti", "Startup Cost": 105.54, "Total Cost": 7462377.86, "Plan Rows": 1, "Plan Width": 4, "Inner Unique": false, "Merge Cond": "(l1.l_orderkey = l3.l_orderkey)", "Join Filter": "(l3.l_suppkey <> l1.l_suppkey)", "Plans": [{"Node Type": "Merge Join", "Parent Relationship": "Outer", "Parallel Aware": false, "Join Type": "Semi", "Startup Cost": 104.98, "Total Cost": 5003318.2, "Plan Rows": 417483, "Plan Width": 8, "Inner Unique": false, "Merge Cond": "(orders.o_orderkey = l2.l_orderkey)", "Join Filter": "(l2.l_suppkey <> l1.l_suppkey)", "Plans": [{"Node Type": "Merge Join", "Parent Relationship": "Outer", "Parallel Aware": false, "Join Type": "Inner", "Startup Cost": 46.65, "Total Cost": 2482167.33, "Plan Rows": 3157531, "Plan Width": 12, "Inner Unique": true, "Merge Cond": "(l1.l_orderkey = orders.o_orderkey)", "Plans": [{"Node Type": "Index Scan", "Parent Relationship": "Outer", "Parallel Aware": true, "Scan Direction": "Forward", "Index Name": "idx_lineitem_orderkey", "Relation Name": "lineitem", "Alias": "l1", "Startup Cost": 0.56, "Total Cost": 1847467.97, "Plan Rows": 6450084, "Plan Width": 8, "Filter": "(l_receiptdate > l_commitdate)"}, {"Node Type": "Index Scan", "Parent Relationship": "Inner", "Parallel Aware": false, "Scan Direction": "Forward", "Index Name": "orders_pkey", "Relation Name": "orders", "Alias": "orders", "Startup Cost": 0.43, "Total Cost": 568642.93, "Plan Rows": 7342617, "Plan Width": 4, "Filter": "(o_orderstatus = 'F'::bpchar)"}]}, {"Node Type": "Index Scan", "Parent Relationship": "Inner", "Parallel Aware": false, "Scan Direction": "Forward", "Index Name": "idx_lineitem_orderkey", "Relation Name": "lineitem", "Alias": "l2", "Startup Cost": 0.56, "Total Cost": 2205447.61, "Plan Rows": 59985776, "Plan Width": 8}]}, {"Node Type": "Index Scan", "Parent Relationship": "Inner", "Parallel Aware": false, "Scan Direction": "Forward", "Index Name": "idx_lineitem_orderkey", "Relation Name": "lineitem", "Alias": "l3", "Startup Cost": 0.56, "Total Cost": 2355412.05, "Plan Rows": 19995259, "Plan Width": 8, "Filter": "(l_receiptdate > l_commitdate)"}]}]}]}]}]}, {"Node Type": "Sort", "Parent Relationship": "Inner", "Parallel Aware": false, "Startup Cost": 1.32, "Total Cost": 1.33, "Plan Rows": 1, "Plan Width": 4, "Sort Key": ["nation.n_nationkey"], "Plans": [{"Node Type": "Seq Scan", "Parent Relationship": "Outer", "Parallel Aware": false, "Relation Name": "nation", "Alias": "nation", "Startup Cost": 0.0, "Total Cost": 1.31, "Plan Rows": 1, "Plan Width": 4, "Filter": "(n_name = 'GERMANY'::bpchar)"}]}]}]}]}]}]}}, {"Plan": {"Node Type": "Limit", "Parallel Aware": false, "Startup Cost": 7905081.37, "Total Cost": 7905081.37, "Plan Rows": 1, "Plan Width": 34, "Plans": [{"Node Type": "Sort", "Parent Relationship": "Outer", "Parallel Aware": false, "Startup Cost": 7905081.37, "Total Cost": 7905081.37, "Plan Rows": 1, "Plan Width": 34, "Sort Key": ["(count(*)) DESC", "supplier.s_name"], "Plans": [{"Node Type": "Aggregate", "Strategy": "Sorted", "Partial Mode": "Simple", "Parent Relationship": "Outer", "Parallel Aware": false, "Startup Cost": 7905081.34, "Total Cost": 7905081.36, "Plan Rows": 1, "Plan Width": 34, "Group Key": ["supplier.s_name"], "Plans": [{"Node Type": "Sort", "Parent Relationship": "Outer", "Parallel Aware": false, "Startup Cost": 7905081.34, "Total Cost": 7905081.34, "Plan Rows": 1, "Plan Width": 26, "Sort Key": ["supplier.s_name"], "Plans": [{"Node Type": "Gather", "Parent Relationship": "Outer", "Parallel Aware": false, "Startup Cost": 1002.56, "Total Cost": 7905081.33, "Plan Rows": 1, "Plan Width": 26, "Workers Planned": 3, "Single Copy": false, "Plans": [{"Node Type": "Nested Loop", "Parent Relationship": "Outer", "Parallel Aware": false, "Join Type": "Inner", "Startup Cost": 2.56, "Total Cost": 7904081.23, "Plan Rows": 1, "Plan Width": 26, "Inner Unique": true, "Plans": [{"Node Type": "Nested Loop", "Parent Relationship": "Outer", "Parallel Aware": false, "Join Type": "Inner", "Startup Cost": 2.42, "Total Cost": 7904079.95, "Plan Rows": 1, "Plan Width": 30, "Inner Unique": true, "Plans": [{"Node Type": "Nested Loop", "Parent Relationship": "Outer", "Parallel Aware": false, "Join Type": "Semi", "Startup Cost": 1.99, "Total Cost": 7904078.23, "Plan Rows": 1, "Plan Width": 38, "Inner Unique": false, "Plans": [{"Node Type": "Nested Loop", "Parent Relationship": "Outer", "Parallel Aware": false, "Join Type": "Inner", "Startup Cost": 1.42, "Total Cost": 7904075.75, "Plan Rows": 1, "Plan Width": 38, "Inner Unique": true, "Plans": [{"Node Type": "Nested Loop", "Parent Relationship": "Outer", "Parallel Aware": false, "Join Type": "Anti", "Startup Cost": 1.13, "Total Cost": 7904074.2, "Plan Rows": 1, "Plan Width": 8, "Inner Unique": false, "Plans": [{"Node Type": "Index Scan", "Parent Relationship": "Outer", "Parallel Aware": true, "Scan Direction": "Forward", "Index Name": "idx_lineitem_orderkey", "Relation Name": "lineitem", "Alias": "l1", "Startup Cost": 0.56, "Total Cost": 1847467.97, "Plan Rows": 6450084, "Plan Width": 8, "Filter": "(l_receiptdate > l_commitdate)"}, {"Node Type": "Index Scan", "Parent Relationship": "Inner", "Parallel Aware": false, "Scan Direction": "Forward", "Index Name": "idx_lineitem_orderkey", "Relation Name": "lineitem", "Alias": "l3", "Startup Cost": 0.56, "Total Cost": 2.54, "Plan Rows": 10, "Plan Width": 8, "Index Cond": "(l_orderkey = l1.l_orderkey)", "Filter": "((l_receiptdate > l_commitdate) AND (l_suppkey <> l1.l_suppkey))"}]}, {"Node Type": "Index Scan", "Parent Relationship": "Inner", "Parallel Aware": false, "Scan Direction": "Forward", "Index Name": "supplier_pkey", "Relation Name": "supplier", "Alias": "supplier", "Startup Cost": 0.29, "Total Cost": 1.56, "Plan Rows": 1, "Plan Width": 34, "Index Cond": "(s_suppkey = l1.l_suppkey)"}]}, {"Node Type": "Index Scan", "Parent Relationship": "Inner", "Parallel Aware": false, "Scan Direction": "Forward", "Index Name": "idx_lineitem_orderkey", "Relation Name": "lineitem", "Alias": "l2", "Startup Cost": 0.56, "Total Cost": 2.46, "Plan Rows": 30, "Plan Width": 8, "Index Cond": "(l_orderkey = l1.l_orderkey)", "Filter": "(l_suppkey <> l1.l_suppkey)"}]}, {"Node Type": "Index Scan", "Parent Relationship": "Inner", "Parallel Aware": false, "Scan Direction": "Forward", "Index Name": "orders_pkey", "Relation Name": "orders", "Alias": "orders", "Startup Cost": 0.43, "Total Cost": 1.72, "Plan Rows": 1, "Plan Width": 4, "Index Cond": "(o_orderkey = l1.l_orderkey)", "Filter": "(o_orderstatus = 'F'::bpchar)"}]}, {"Node Type": "Index Scan", "Parent Relationship": "Inner", "Parallel Aware": false, "Scan Direction": "Forward", "Index Name": "nation_pkey", "Relation Name": "nation", "Alias": "nation", "Startup Cost": 0.14, "Total Cost": 0.71, "Plan Rows": 1, "Plan Width": 4, "Index Cond": "(n_nationkey = supplier.s_nationkey)", "Filter": "(n_name = 'GERMANY'::bpchar)"}]}]}]}]}]}]}}, {"Plan": {"Node Type": "Limit", "Parallel Aware": false, "Startup Cost": 7424033.84, "Total Cost": 7424033.85, "Plan Rows": 1, "Plan Width": 34, "Plans": [{"Node Type": "Sort", "Parent Relationship": "Outer", "Parallel Aware": false, "Startup Cost": 7424033.84, "Total Cost": 7424033.85, "Plan Rows": 1, "Plan Width": 34, "Sort Key": ["(count(*)) DESC", "supplier.s_name"], "Plans": [{"Node Type": "Aggregate", "Strategy": "Sorted", "Partial Mode": "Finalize", "Parent Relationship": "Outer", "Parallel Aware": false, "Startup Cost": 7424033.43, "Total Cost": 7424033.83, "Plan Rows": 1, "Plan Width": 34, "Group Key": ["supplier.s_name"], "Plans": [{"Node Type": "Gather Merge", "Parent Relationship": "Outer", "Parallel Aware": false, "Startup Cost": 7424033.43, "Total Cost": 7424033.81, "Plan Rows": 3, "Plan Width": 34, "Workers Planned": 3, "Plans": [{"Node Type": "Aggregate", "Strategy": "Sorted", "Partial Mode": "Partial", "Parent Relationship": "Outer", "Parallel Aware": false, "Startup Cost": 7423033.39, "Total Cost": 7423033.41, "Plan Rows": 1, "Plan Width": 34, "Group Key": ["supplier.s_name"], "Plans": [{"Node Type": "Sort", "Parent Relationship": "Outer", "Parallel Aware": false, "Startup Cost": 7423033.39, "Total Cost": 7423033.4, "Plan Rows": 1, "Plan Width": 26, "Sort Key": ["supplier.s_name"], "Plans": [{"Node Type": "Nested Loop", "Parent Relationship": "Outer", "Parallel Aware": false, "Join Type": "Inner", "Startup Cost": 1.99, "Total Cost": 7423033.38, "Plan Rows": 1, "Plan Width": 26, "Inner Unique": true, "Plans": [{"Node Type": "Nested Loop", "Parent Relationship": "Outer", "Parallel Aware": false, "Join Type": "Inner", "Startup Cost": 1.86, "Total Cost": 7423032.11, "Plan Rows": 1, "Plan Width": 30, "Inner Unique": true, "Plans": [{"Node Type": "Nested Loop", "Parent Relationship": "Outer", "Parallel Aware": false, "Join Type": "Semi", "Startup Cost": 1.42, "Total Cost": 7423030.39, "Plan Rows": 1, "Plan Width": 38, "Inner Unique": false, "Plans": [{"Node Type": "Nested Loop", "Parent Relationship": "Outer", "Parallel Aware": false, "Join Type": "Inner", "Startup Cost": 0.86, "Total Cost": 7423027.91, "Plan Rows": 1, "Plan Width": 38, "Inner Unique": true, "Plans": [{"Node Type": "Nested Loop", "Parent Relationship": "Outer", "Parallel Aware": false, "Join Type": "Anti", "Startup Cost": 0.56, "Total Cost": 7423026.35, "Plan Rows": 1, "Plan Width": 8, "Inner Unique": false, "Plans": [{"Node Type": "Seq Scan", "Parent Relationship": "Outer", "Parallel Aware": true, "Relation Name": "lineitem", "Alias": "l1", "Startup Cost": 0.0, "Total Cost": 1366420.13, "Plan Rows": 6450084, "Plan Width": 8, "Filter": "(l_receiptdate > l_commitdate)"}, {"Node Type": "Index Scan", "Parent Relationship": "Inner", "Parallel Aware": false, "Scan Direction": "Forward", "Index Name": "idx_lineitem_orderkey", "Relation Name": "lineitem", "Alias": "l3", "Startup Cost": 0.56, "Total Cost": 2.54, "Plan Rows": 10, "Plan Width": 8, "Index Cond": "(l_orderkey = l1.l_orderkey)", "Filter": "((l_receiptdate > l_commitdate) AND (l_suppkey <> l1.l_suppkey))"}]}, {"Node Type": "Index Scan", "Parent Relationship": "Inner", "Parallel Aware": false, "Scan Direction": "Forward", "Index Name": "supplier_pkey", "Relation Name": "supplier", "Alias": "supplier", "Startup Cost": 0.29, "Total Cost": 1.56, "Plan Rows": 1, "Plan Width": 34, "Index Cond": "(s_suppkey = l1.l_suppkey)"}]}, {"Node Type": "Index Scan", "Parent Relationship": "Inner", "Parallel Aware": false, "Scan Direction": "Forward", "Index Name": "idx_lineitem_orderkey", "Relation Name": "lineitem", "Alias": "l2", "Startup Cost": 0.56, "Total Cost": 2.46, "Plan Rows": 30, "Plan Width": 8, "Index Cond": "(l_orderkey = l1.l_orderkey)", "Filter": "(l_suppkey <> l1.l_suppkey)"}]}, {"Node Type": "Index Scan", "Parent Relationship": "Inner", "Parallel Aware": false, "Scan Direction": "Forward", "Index Name": "orders_pkey", "Relation Name": "orders", "Alias": "orders", "Startup Cost": 0.43, "Total Cost": 1.72, "Plan Rows": 1, "Plan Width": 4, "Index Cond": "(o_orderkey = l1.l_orderkey)", "Filter": "(o_orderstatus = 'F'::bpchar)"}]}, {"Node Type": "Index Scan", "Parent Relationship": "Inner", "Parallel Aware": false, "Scan Direction": "Forward", "Index Name": "nation_pkey", "Relation Name": "nation", "Alias": "nation", "Startup Cost": 0.14, "Total Cost": 0.71, "Plan Rows": 1, "Plan Width": 4, "Index Cond": "(n_nationkey = supplier.s_nationkey)", "Filter": "(n_name = 'GERMANY'::bpchar)"}]}]}]}]}]}]}]}}, {"Plan": {"Node Type": "Limit", "Parallel Aware": false, "Startup Cost": 60008288870.62, "Total Cost": 60008288870.63, "Plan Rows": 1, "Plan Width": 34, "Plans": [{"Node Type": "Sort", "Parent Relationship": "Outer", "Parallel Aware": false, "Startup Cost": 60008288870.62, "Total Cost": 60008288870.63, "Plan Rows": 1, "Plan Width": 34, "Sort Key": ["(count(*)) DESC", "supplier.s_name"], "Plans": [{"Node Type": "Aggregate", "Strategy": "Sorted", "Partial Mode": "Simple", "Parent Relationship": "Outer", "Parallel Aware": false, "Startup Cost": 60008288870.59, "Total Cost": 60008288870.61, "Plan Rows": 1, "Plan Width": 34, "Group Key": ["supplier.s_name"], "Plans": [{"Node Type": "Sort", "Parent Relationship": "Outer", "Parallel Aware": false, "Startup Cost": 60008288870.59, "Total Cost": 60008288870.6, "Plan Rows": 1, "Plan Width": 26, "Sort Key": ["supplier.s_name"], "Plans": [{"Node Type": "Nested Loop", "Parent Relationship": "Outer", "Parallel Aware": false, "Join Type": "Semi", "Startup Cost": 60000000005.26, "Total Cost": 60008288870.58, "Plan Rows": 1, "Plan Width": 26, "Inner Unique": false, "Join Filter": "(l2.l_suppkey <> l1.l_suppkey)", "Plans": [{"Node Type": "Nested Loop", "Parent Relationship": "Outer", "Parallel Aware": false, "Join Type": "Inner", "Startup Cost": 50000000003.82, "Total Cost": 50008288848.59, "Plan Rows": 1, "Plan Width": 38, "Inner Unique": true, "Plans": [{"Node Type": "Nested Loop", "Parent Relationship": "Outer", "Parallel Aware": false, "Join Type": "Inner", "Startup Cost": 40000000003.12, "Total Cost": 40008288845.67, "Plan Rows": 1, "Plan Width": 42, "Inner Unique": true, "Plans": [{"Node Type": "Nested Loop", "Parent Relationship": "Outer", "Parallel Aware": false, "Join Type": "Inner", "Startup Cost": 30000000002.05, "Total Cost": 30008288843.48, "Plan Rows": 1, "Plan Width": 38, "Inner Unique": true, "Plans": [{"Node Type": "Merge Join", "Parent Relationship": "Outer", "Parallel Aware": false, "Join Type": "Anti", "Startup Cost": 20000000001.13, "Total Cost": 20008288841.44, "Plan Rows": 1, "Plan Width": 8, "Inner Unique": false, "Merge Cond": "(l1.l_orderkey = l3.l_orderkey)", "Join Filter": "(l3.l_suppkey <> l1.l_suppkey)", "Plans": [{"Node Type": "Index Scan", "Parent Relationship": "Outer", "Parallel Aware": false, "Scan Direction": "Forward", "Index Name": "idx_lineitem_orderkey", "Relation Name": "lineitem", "Alias": "l1", "Startup Cost": 10000000000.57, "Total Cost": 10002355412.05, "Plan Rows": 19995259, "Plan Width": 8, "Filter": "(l_receiptdate > l_commitdate)"}, {"Node Type": "Materialize", "Parent Relationship": "Inner", "Parallel Aware": false, "Startup Cost": 10000000000.57, "Total Cost": 10002405400.19, "Plan Rows": 19995259, "Plan Width": 8, "Plans": [{"Node Type": "Index Scan", "Parent Relationship": "Outer", "Parallel Aware": false, "Scan Direction": "Forward", "Index Name": "idx_lineitem_orderkey", "Relation Name": "lineitem", "Alias": "l3", "Startup Cost": 10000000000.57, "Total Cost": 10002355412.05, "Plan Rows": 19995259, "Plan Width": 8, "Filter": "(l_receiptdate > l_commitdate)"}]}]}, {"Node Type": "Bitmap Heap Scan", "Parent Relationship": "Inner", "Parallel Aware": false, "Relation Name": "supplier", "Alias": "supplier", "Startup Cost": 0.92, "Total Cost": 2.03, "Plan Rows": 1, "Plan Width": 34, "Recheck Cond": "(s_suppkey = l1.l_suppkey)", "Plans": [{"Node Type": "Bitmap Index Scan", "Parent Relationship": "Outer", "Parallel Aware": false, "Index Name": "supplier_pkey", "Startup Cost": 0.0, "Total Cost": 0.92, "Plan Rows": 1, "Plan Width": 0, "Index Cond": "(s_suppkey = l1.l_suppkey)"}]}]}, {"Node Type": "Bitmap Heap Scan", "Parent Relationship": "Inner", "Parallel Aware": false, "Relation Name": "orders", "Alias": "orders", "Startup Cost": 1.07, "Total Cost": 2.19, "Plan Rows": 1, "Plan Width": 4, "Recheck Cond": "(o_orderkey = l1.l_orderkey)", "Filter": "(o_orderstatus = 'F'::bpchar)", "Plans": [{"Node Type": "Bitmap Index Scan", "Parent Relationship": "Outer", "Parallel Aware": false, "Index Name": "orders_pkey", "Startup Cost": 0.0, "Total Cost": 1.07, "Plan Rows": 1, "Plan Width": 0, "Index Cond": "(o_orderkey = l1.l_orderkey)"}]}]}, {"Node Type": "Bitmap Heap Scan", "Parent Relationship": "Inner", "Parallel Aware": false, "Relation Name": "nation", "Alias": "nation", "Startup Cost": 0.7, "Total Cost": 1.81, "Plan Rows": 1, "Plan Width": 4, "Recheck Cond": "(n_nationkey = supplier.s_nationkey)", "Filter": "(n_name = 'GERMANY'::bpchar)", "Plans": [{"Node Type": "Bitmap Index Scan", "Parent Relationship": "Outer", "Parallel Aware": false, "Index Name": "nation_pkey", "Startup Cost": 0.0, "Total Cost": 0.7, "Plan Rows": 1, "Plan Width": 0, "Index Cond": "(n_nationkey = supplier.s_nationkey)"}]}]}, {"Node Type": "Bitmap Heap Scan", "Parent Relationship": "Inner", "Parallel Aware": false, "Relation Name": "lineitem", "Alias": "l2", "Startup Cost": 1.44, "Total Cost": 21.61, "Plan Rows": 30, "Plan Width": 8, "Recheck Cond": "(l_orderkey = orders.o_orderkey)", "Plans": [{"Node Type": "Bitmap Index Scan", "Parent Relationship": "Outer", "Parallel Aware": false, "Index Name": "lineitem_pkey", "Startup Cost": 0.0, "Total Cost": 1.44, "Plan Rows": 30, "Plan Width": 0, "Index Cond": "(l_orderkey = orders.o_orderkey)"}]}]}]}]}]}]}}, {"Plan": {"Node Type": "Limit", "Parallel Aware": false, "Startup Cost": 10082995542.42, "Total Cost": 10082995542.43, "Plan Rows": 1, "Plan Width": 34, "Plans": [{"Node Type": "Sort", "Parent Relationship": "Outer", "Parallel Aware": false, "Startup Cost": 10082995542.42, "Total Cost": 10082995542.43, "Plan Rows": 1, "Plan Width": 34, "Sort Key": ["(count(*)) DESC", "supplier.s_name"], "Plans": [{"Node Type": "Aggregate", "Strategy": "Sorted", "Partial Mode": "Simple", "Parent Relationship": "Outer", "Parallel Aware": false, "Startup Cost": 10082995542.39, "Total Cost": 10082995542.41, "Plan Rows": 1, "Plan Width": 34, "Group Key": ["supplier.s_name"], "Plans": [{"Node Type": "Sort", "Parent Relationship": "Outer", "Parallel Aware": false, "Startup Cost": 10082995542.39, "Total Cost": 10082995542.4, "Plan Rows": 1, "Plan Width": 26, "Sort Key": ["supplier.s_name"], "Plans": [{"Node Type": "Nested Loop", "Parent Relationship": "Outer", "Parallel Aware": false, "Join Type": "Semi", "Startup Cost": 10000000006.14, "Total Cost": 10082995542.38, "Plan Rows": 1, "Plan Width": 26, "Inner Unique": false, "Join Filter": "(l2.l_suppkey <> l1.l_suppkey)", "Plans": [{"Node Type": "Nested Loop", "Parent Relationship": "Outer", "Parallel Aware": false, "Join Type": "Anti", "Startup Cost": 10000000004.69, "Total Cost": 10082995520.39, "Plan Rows": 1, "Plan Width": 38, "Inner Unique": false, "Plans": [{"Node Type": "Nested Loop", "Parent Relationship": "Outer", "Parallel Aware": false, "Join Type": "Inner", "Startup Cost": 10000000003.25, "Total Cost": 10080989655.48, "Plan Rows": 391534, "Plan Width": 38, "Inner Unique": true, "Plans": [{"Node Type": "Nested Loop", "Parent Relationship": "Outer", "Parallel Aware": false, "Join Type": "Inner", "Startup Cost": 10000000002.18, "Total Cost": 10079239999.55, "Plan Rows": 799810, "Plan Width": 34, "Inner Unique": true, "Plans": [{"Node Type": "Nested Loop", "Parent Relationship": "Outer", "Parallel Aware": false, "Join Type": "Inner", "Startup Cost": 10000000001.49, "Total Cost": 10043035363.9, "Plan Rows": 19995259, "Plan Width": 38, "Inner Unique": true, "Plans": [{"Node Type": "Index Scan", "Parent Relationship": "Outer", "Parallel Aware": false, "Scan Direction": "Forward", "Index Name": "idx_lineitem_orderkey", "Relation Name": "lineitem", "Alias": "l1", "Startup Cost": 10000000000.57, "Total Cost": 10002355412.05, "Plan Rows": 19995259, "Plan Width": 8, "Filter": "(l_receiptdate > l_commitdate)"}, {"Node Type": "Bitmap Heap Scan", "Parent Relationship": "Inner", "Parallel Aware": false, "Relation Name": "supplier", "Alias": "supplier", "Startup Cost": 0.92, "Total Cost": 2.03, "Plan Rows": 1, "Plan Width": 34, "Recheck Cond": "(s_suppkey = l1.l_suppkey)", "Plans": [{"Node Type": "Bitmap Index Scan", "Parent Relationship": "Outer", "Parallel Aware": false, "Index Name": "supplier_pkey", "Startup Cost": 0.0, "Total Cost": 0.92, "Plan Rows": 1, "Plan Width": 0, "Index Cond": "(s_suppkey = l1.l_suppkey)"}]}]}, {"Node Type": "Bitmap Heap Scan", "Parent Relationship": "Inner", "Parallel Aware": false, "Relation Name": "nation", "Alias": "nation", "Startup Cost": 0.7, "Total Cost": 1.81, "Plan Rows": 1, "Plan Width": 4, "Recheck Cond": "(n_nationkey = supplier.s_nationkey)", "Filter": "(n_name = 'GERMANY'::bpchar)", "Plans": [{"Node Type": "Bitmap Index Scan", "Parent Relationship": "Outer", "Parallel Aware": false, "Index Name": "nation_pkey", "Startup Cost": 0.0, "Total Cost": 0.7, "Plan Rows": 1, "Plan Width": 0, "Index Cond": "(n_nationkey = supplier.s_nationkey)"}]}]}, {"Node Type": "Bitmap Heap Scan", "Parent Relationship": "Inner", "Parallel Aware": false, "Relation Name": "orders", "Alias": "orders", "Startup Cost": 1.07, "Total Cost": 2.19, "Plan Rows": 1, "Plan Width": 4, "Recheck Cond": "(o_orderkey = l1.l_orderkey)", "Filter": "(o_orderstatus = 'F'::bpchar)", "Plans": [{"Node Type": "Bitmap Index Scan", "Parent Relationship": "Outer", "Parallel Aware": false, "Index Name": "orders_pkey", "Startup Cost": 0.0, "Total Cost": 1.07, "Plan Rows": 1, "Plan Width": 0, "Index Cond": "(o_orderkey = l1.l_orderkey)"}]}]}, {"Node Type": "Bitmap Heap Scan", "Parent Relationship": "Inner", "Parallel Aware": false, "Relation Name": "lineitem", "Alias": "l3", "Startup Cost": 1.44, "Total Cost": 21.76, "Plan Rows": 10, "Plan Width": 8, "Recheck Cond": "(l_orderkey = l1.l_orderkey)", "Filter": "((l_receiptdate > l_commitdate) AND (l_suppkey <> l1.l_suppkey))", "Plans": [{"Node Type": "Bitmap Index Scan", "Parent Relationship": "Outer", "Parallel Aware": false, "Index Name": "lineitem_pkey", "Startup Cost": 0.0, "Total Cost": 1.44, "Plan Rows": 30, "Plan Width": 0, "Index Cond": "(l_orderkey = l1.l_orderkey)"}]}]}, {"Node Type": "Bitmap Heap Scan", "Parent Relationship": "Inner", "Parallel Aware": false, "Relation Name": "lineitem", "Alias": "l2", "Startup Cost": 1.44, "Total Cost": 21.61, "Plan Rows": 30, "Plan Width": 8, "Recheck Cond": "(l_orderkey = orders.o_orderkey)", "Plans": [{"Node Type": "Bitmap Index Scan", "Parent Relationship": "Outer", "Parallel Aware": false, "Index Name": "lineitem_pkey", "Startup Cost": 0.0, "Total Cost": 1.44, "Plan Rows": 30, "Plan Width": 0, "Index Cond": "(l_orderkey = orders.o_orderkey)"}]}]}]}]}]}]}}, {"Plan": {"Node Type": "Limit", "Parallel Aware": false, "Startup Cost": 3398698.28, "Total Cost": 3398698.28, "Plan Rows": 1, "Plan Width": 34, "Plans": [{"Node Type": "Sort", "Parent Relationship": "Outer", "Parallel Aware": false, "Startup Cost": 3398698.28, "Total Cost": 3398698.28, "Plan Rows": 1, "Plan Width": 34, "Sort Key": ["(count(*)) DESC", "supplier.s_name"], "Plans": [{"Node Type": "Aggregate", "Strategy": "Sorted", "Partial Mode": "Simple", "Parent Relationship": "Outer", "Parallel Aware": false, "Startup Cost": 3398698.25, "Total Cost": 3398698.27, "Plan Rows": 1, "Plan Width": 34, "Group Key": ["supplier.s_name"], "Plans": [{"Node Type": "Sort", "Parent Relationship": "Outer", "Parallel Aware": false, "Startup Cost": 3398698.25, "Total Cost": 3398698.25, "Plan Rows": 1, "Plan Width": 26, "Sort Key": ["supplier.s_name"], "Plans": [{"Node Type": "Nested Loop", "Parent Relationship": "Outer", "Parallel Aware": false, "Join Type": "Semi", "Startup Cost": 2151093.3, "Total Cost": 3398698.24, "Plan Rows": 1, "Plan Width": 26, "Inner Unique": false, "Join Filter": "(l2.l_suppkey <> l1.l_suppkey)", "Plans": [{"Node Type": "Gather", "Parent Relationship": "Outer", "Parallel Aware": false, "Startup Cost": 2151091.85, "Total Cost": 3398676.25, "Plan Rows": 1, "Plan Width": 38, "Workers Planned": 3, "Single Copy": false, "Plans": [{"Node Type": "Nested Loop", "Parent Relationship": "Outer", "Parallel Aware": false, "Join Type": "Anti", "Startup Cost": 2150091.85, "Total Cost": 3397676.15, "Plan Rows": 1, "Plan Width": 38, "Inner Unique": false, "Plans": [{"Node Type": "Nested Loop", "Parent Relationship": "Outer", "Parallel Aware": false, "Join Type": "Inner", "Startup Cost": 2150090.42, "Total Cost": 2750613.16, "Plan Rows": 126301, "Plan Width": 38, "Inner Unique": true, "Plans": [{"Node Type": "Merge Join", "Parent Relationship": "Outer", "Parallel Aware": false, "Join Type": "Inner", "Startup Cost": 2150089.34, "Total Cost": 2186208.52, "Plan Rows": 258003, "Plan Width": 34, "Inner Unique": false, "Merge Cond": "(l1.l_suppkey = supplier.s_suppkey)", "Plans": [{"Node Type": "Sort", "Parent Relationship": "Outer", "Parallel Aware": false, "Startup Cost": 2147605.02, "Total Cost": 2163730.23, "Plan Rows": 6450084, "Plan Width": 8, "Sort Key": ["l1.l_suppkey"], "Plans": [{"Node Type": "Seq Scan", "Parent Relationship": "Outer", "Parallel Aware": true, "Relation Name": "lineitem", "Alias": "l1", "Startup Cost": 0.0, "Total Cost": 1366420.13, "Plan Rows": 6450084, "Plan Width": 8, "Filter": "(l_receiptdate > l_commitdate)"}]}, {"Node Type": "Sort", "Parent Relationship": "Inner", "Parallel Aware": false, "Startup Cost": 2483.68, "Total Cost": 2493.68, "Plan Rows": 4000, "Plan Width": 30, "Sort Key": ["supplier.s_suppkey"], "Plans": [{"Node Type": "Nested Loop", "Parent Relationship": "Outer", "Parallel Aware": false, "Join Type": "Inner", "Startup Cost": 44.62, "Total Cost": 2244.36, "Plan Rows": 4000, "Plan Width": 30, "Inner Unique": false, "Plans": [{"Node Type": "Seq Scan", "Parent Relationship": "Outer", "Parallel Aware": false, "Relation Name": "nation", "Alias": "nation", "Startup Cost": 0.0, "Total Cost": 1.31, "Plan Rows": 1, "Plan Width": 4, "Filter": "(n_name = 'GERMANY'::bpchar)"}, {"Node Type": "Bitmap Heap Scan", "Parent Relationship": "Inner", "Parallel Aware": false, "Relation Name": "supplier", "Alias": "supplier", "Startup Cost": 44.62, "Total Cost": 2203.05, "Plan Rows": 4000, "Plan Width": 34, "Recheck Cond": "(s_nationkey = nation.n_nationkey)", "Plans": [{"Node Type": "Bitmap Index Scan", "Parent Relationship": "Outer", "Parallel Aware": false, "Index Name": "idx_supplier_nation_key", "Startup Cost": 0.0, "Total Cost": 43.62, "Plan Rows": 4000, "Plan Width": 0, "Index Cond": "(s_nationkey = nation.n_nationkey)"}]}]}]}]}, {"Node Type": "Bitmap Heap Scan", "Parent Relationship": "Inner", "Parallel Aware": false, "Relation Name": "orders", "Alias": "orders", "Startup Cost": 1.07, "Total Cost": 2.19, "Plan Rows": 1, "Plan Width": 4, "Recheck Cond": "(o_orderkey = l1.l_orderkey)", "Filter": "(o_orderstatus = 'F'::bpchar)", "Plans": [{"Node Type": "Bitmap Index Scan", "Parent Relationship": "Outer", "Parallel Aware": false, "Index Name": "orders_pkey", "Startup Cost": 0.0, "Total Cost": 1.07, "Plan Rows": 1, "Plan Width": 0, "Index Cond": "(o_orderkey = l1.l_orderkey)"}]}]}, {"Node Type": "Bitmap Heap Scan", "Parent Relationship": "Inner", "Parallel Aware": false, "Relation Name": "lineitem", "Alias": "l3", "Startup Cost": 1.44, "Total Cost": 21.76, "Plan Rows": 10, "Plan Width": 8, "Recheck Cond": "(l_orderkey = l1.l_orderkey)", "Filter": "((l_receiptdate > l_commitdate) AND (l_suppkey <> l1.l_suppkey))", "Plans": [{"Node Type": "Bitmap Index Scan", "Parent Relationship": "Outer", "Parallel Aware": false, "Index Name": "lineitem_pkey", "Startup Cost": 0.0, "Total Cost": 1.44, "Plan Rows": 30, "Plan Width": 0, "Index Cond": "(l_orderkey = l1.l_orderkey)"}]}]}]}, {"Node Type": "Bitmap Heap Scan", "Parent Relationship": "Inner", "Parallel Aware": false, "Relation Name": "lineitem", "Alias": "l2", "Startup Cost": 1.44, "Total Cost": 21.61, "Plan Rows": 30, "Plan Width": 8, "Recheck Cond": "(l_orderkey = orders.o_orderkey)", "Plans": [{"Node Type": "Bitmap Index Scan", "Parent Relationship": "Outer", "Parallel Aware": false, "Index Name": "lineitem_pkey", "Startup Cost": 0.0, "Total Cost": 1.44, "Plan Rows": 30, "Plan Width": 0, "Index Cond": "(l_orderkey = orders.o_orderkey)"}]}]}]}]}]}]}}, {"Plan": {"Node Type": "Limit", "Parallel Aware": false, "Startup Cost": 19106599.64, "Total Cost": 19106599.65, "Plan Rows": 1, "Plan Width": 34, "Plans": [{"Node Type": "Sort", "Parent Relationship": "Outer", "Parallel Aware": false, "Startup Cost": 19106599.64, "Total Cost": 19106599.65, "Plan Rows": 1, "Plan Width": 34, "Sort Key": ["(count(*)) DESC", "supplier.s_name"], "Plans": [{"Node Type": "Aggregate", "Strategy": "Sorted", "Partial Mode": "Simple", "Parent Relationship": "Outer", "Parallel Aware": false, "Startup Cost": 19106599.61, "Total Cost": 19106599.63, "Plan Rows": 1, "Plan Width": 34, "Group Key": ["supplier.s_name"], "Plans": [{"Node Type": "Sort", "Parent Relationship": "Outer", "Parallel Aware": false, "Startup Cost": 19106599.61, "Total Cost": 19106599.62, "Plan Rows": 1, "Plan Width": 26, "Sort Key": ["supplier.s_name"], "Plans": [{"Node Type": "Gather", "Parent Relationship": "Outer", "Parallel Aware": false, "Startup Cost": 18458707.08, "Total Cost": 19106599.6, "Plan Rows": 1, "Plan Width": 26, "Workers Planned": 3, "Single Copy": false, "Plans": [{"Node Type": "Merge Join", "Parent Relationship": "Outer", "Parallel Aware": false, "Join Type": "Anti", "Startup Cost": 18457707.08, "Total Cost": 19105599.5, "Plan Rows": 1, "Plan Width": 26, "Inner Unique": false, "Merge Cond": "(l1.l_orderkey = l3.l_orderkey)", "Join Filter": "(l3.l_suppkey <> l1.l_suppkey)", "Plans": [{"Node Type": "Merge Join", "Parent Relationship": "Outer", "Parallel Aware": false, "Join Type": "Semi", "Startup Cost": 13998482.99, "Total Cost": 14494264.63, "Plan Rows": 16699, "Plan Width": 34, "Inner Unique": false, "Merge Cond": "(orders.o_orderkey = l2.l_orderkey)", "Join Filter": "(l2.l_suppkey <> l1.l_suppkey)", "Plans": [{"Node Type": "Merge Join", "Parent Relationship": "Outer", "Parallel Aware": false, "Join Type": "Inner", "Startup Cost": 3563766.34, "Total Cost": 3603032.38, "Plan Rows": 126301, "Plan Width": 38, "Inner Unique": true, "Merge Cond": "(l1.l_orderkey = orders.o_orderkey)", "Plans": [{"Node Type": "Sort", "Parent Relationship": "Outer", "Parallel Aware": false, "Startup Cost": 2219216.94, "Total Cost": 2219861.95, "Plan Rows": 258003, "Plan Width": 34, "Sort Key": ["l1.l_orderkey"], "Plans": [{"Node Type": "Merge Join", "Parent Relationship": "Outer", "Parallel Aware": false, "Join Type": "Inner", "Startup Cost": 2159907.13, "Total Cost": 2196026.31, "Plan Rows": 258003, "Plan Width": 34, "Inner Unique": false, "Merge Cond": "(l1.l_suppkey = supplier.s_suppkey)", "Plans": [{"Node Type": "Sort", "Parent Relationship": "Outer", "Parallel Aware": false, "Startup Cost": 2147605.02, "Total Cost": 2163730.23, "Plan Rows": 6450084, "Plan Width": 8, "Sort Key": ["l1.l_suppkey"], "Plans": [{"Node Type": "Seq Scan", "Parent Relationship": "Outer", "Parallel Aware": true, "Relation Name": "lineitem", "Alias": "l1", "Startup Cost": 0.0, "Total Cost": 1366420.13, "Plan Rows": 6450084, "Plan Width": 8, "Filter": "(l_receiptdate > l_commitdate)"}]}, {"Node Type": "Sort", "Parent Relationship": "Inner", "Parallel Aware": false, "Startup Cost": 12301.47, "Total Cost": 12311.47, "Plan Rows": 4000, "Plan Width": 30, "Sort Key": ["supplier.s_suppkey"], "Plans": [{"Node Type": "Merge Join", "Parent Relationship": "Outer", "Parallel Aware": false, "Join Type": "Inner", "Startup Cost": 11522.14, "Total Cost": 12062.15, "Plan Rows": 4000, "Plan Width": 30, "Inner Unique": true, "Merge Cond": "(supplier.s_nationkey = nation.n_nationkey)", "Plans": [{"Node Type": "Sort", "Parent Relationship": "Outer", "Parallel Aware": false, "Startup Cost": 11520.82, "Total Cost": 11770.82, "Plan Rows": 100000, "Plan Width": 34, "Sort Key": ["supplier.s_nationkey"], "Plans": [{"Node Type": "Seq Scan", "Parent Relationship": "Outer", "Parallel Aware": false, "Relation Name": "supplier", "Alias": "supplier", "Startup Cost": 0.0, "Total Cost": 3216.0, "Plan Rows": 100000, "Plan Width": 34}]}, {"Node Type": "Sort", "Parent Relationship": "Inner", "Parallel Aware": false, "Startup Cost": 1.32, "Total Cost": 1.33, "Plan Rows": 1, "Plan Width": 4, "Sort Key": ["nation.n_nationkey"], "Plans": [{"Node Type": "Seq Scan", "Parent Relationship": "Outer", "Parallel Aware": false, "Relation Name": "nation", "Alias": "nation", "Startup Cost": 0.0, "Total Cost": 1.31, "Plan Rows": 1, "Plan Width": 4, "Filter": "(n_name = 'GERMANY'::bpchar)"}]}]}]}]}]}, {"Node Type": "Sort", "Parent Relationship": "Inner", "Parallel Aware": false, "Startup Cost": 1344549.37, "Total Cost": 1362905.91, "Plan Rows": 7342617, "Plan Width": 4, "Sort Key": ["orders.o_orderkey"], "Plans": [{"Node Type": "Seq Scan", "Parent Relationship": "Outer", "Parallel Aware": false, "Relation Name": "orders", "Alias": "orders", "Startup Cost": 0.0, "Total Cost": 448402.21, "Plan Rows": 7342617, "Plan Width": 4, "Filter": "(o_orderstatus = 'F'::bpchar)"}]}]}, {"Node Type": "Materialize", "Parent Relationship": "Inner", "Parallel Aware": false, "Startup Cost": 10434709.29, "Total Cost": 10734638.17, "Plan Rows": 59985776, "Plan Width": 8, "Plans": [{"Node Type": "Sort", "Parent Relationship": "Outer", "Parallel Aware": false, "Startup Cost": 10434709.29, "Total Cost": 10584673.73, "Plan Rows": 59985776, "Plan Width": 8, "Sort Key": ["l2.l_orderkey"], "Plans": [{"Node Type": "Seq Scan", "Parent Relationship": "Outer", "Parallel Aware": false, "Relation Name": "lineitem", "Alias": "l2", "Startup Cost": 0.0, "Total Cost": 1724399.76, "Plan Rows": 59985776, "Plan Width": 8}]}]}]}, {"Node Type": "Materialize", "Parent Relationship": "Inner", "Parallel Aware": false, "Startup Cost": 4459224.09, "Total Cost": 4559200.39, "Plan Rows": 19995259, "Plan Width": 8, "Plans": [{"Node Type": "Sort", "Parent Relationship": "Outer", "Parallel Aware": false, "Startup Cost": 4459224.09, "Total Cost": 4509212.24, "Plan Rows": 19995259, "Plan Width": 8, "Sort Key": ["l3.l_orderkey"], "Plans": [{"Node Type": "Seq Scan", "Parent Relationship": "Outer", "Parallel Aware": false, "Relation Name": "lineitem", "Alias": "l3", "Startup Cost": 0.0, "Total Cost": 1874364.2, "Plan Rows": 19995259, "Plan Width": 8, "Filter": "(l_receiptdate > l_commitdate)"}]}]}]}]}]}]}]}]}}, {"Plan": {"Node Type": "Limit", "Parallel Aware": false, "Startup Cost": 10082995542.42, "Total Cost": 10082995542.43, "Plan Rows": 1, "Plan Width": 34, "Plans": [{"Node Type": "Sort", "Parent Relationship": "Outer", "Parallel Aware": false, "Startup Cost": 10082995542.42, "Total Cost": 10082995542.43, "Plan Rows": 1, "Plan Width": 34, "Sort Key": ["(count(*)) DESC", "supplier.s_name"], "Plans": [{"Node Type": "Aggregate", "Strategy": "Sorted", "Partial Mode": "Simple", "Parent Relationship": "Outer", "Parallel Aware": false, "Startup Cost": 10082995542.39, "Total Cost": 10082995542.41, "Plan Rows": 1, "Plan Width": 34, "Group Key": ["supplier.s_name"], "Plans": [{"Node Type": "Sort", "Parent Relationship": "Outer", "Parallel Aware": false, "Startup Cost": 10082995542.39, "Total Cost": 10082995542.4, "Plan Rows": 1, "Plan Width": 26, "Sort Key": ["supplier.s_name"], "Plans": [{"Node Type": "Nested Loop", "Parent Relationship": "Outer", "Parallel Aware": false, "Join Type": "Semi", "Startup Cost": 10000000006.14, "Total Cost": 10082995542.38, "Plan Rows": 1, "Plan Width": 26, "Inner Unique": false, "Join Filter": "(l2.l_suppkey <> l1.l_suppkey)", "Plans": [{"Node Type": "Nested Loop", "Parent Relationship": "Outer", "Parallel Aware": false, "Join Type": "Anti", "Startup Cost": 10000000004.69, "Total Cost": 10082995520.39, "Plan Rows": 1, "Plan Width": 38, "Inner Unique": false, "Plans": [{"Node Type": "Nested Loop", "Parent Relationship": "Outer", "Parallel Aware": false, "Join Type": "Inner", "Startup Cost": 10000000003.25, "Total Cost": 10080989655.48, "Plan Rows": 391534, "Plan Width": 38, "Inner Unique": true, "Plans": [{"Node Type": "Nested Loop", "Parent Relationship": "Outer", "Parallel Aware": false, "Join Type": "Inner", "Startup Cost": 10000000002.18, "Total Cost": 10079239999.55, "Plan Rows": 799810, "Plan Width": 34, "Inner Unique": true, "Plans": [{"Node Type": "Nested Loop", "Parent Relationship": "Outer", "Parallel Aware": false, "Join Type": "Inner", "Startup Cost": 10000000001.49, "Total Cost": 10043035363.9, "Plan Rows": 19995259, "Plan Width": 38, "Inner Unique": true, "Plans": [{"Node Type": "Index Scan", "Parent Relationship": "Outer", "Parallel Aware": false, "Scan Direction": "Forward", "Index Name": "idx_lineitem_orderkey", "Relation Name": "lineitem", "Alias": "l1", "Startup Cost": 10000000000.57, "Total Cost": 10002355412.05, "Plan Rows": 19995259, "Plan Width": 8, "Filter": "(l_receiptdate > l_commitdate)"}, {"Node Type": "Bitmap Heap Scan", "Parent Relationship": "Inner", "Parallel Aware": false, "Relation Name": "supplier", "Alias": "supplier", "Startup Cost": 0.92, "Total Cost": 2.03, "Plan Rows": 1, "Plan Width": 34, "Recheck Cond": "(s_suppkey = l1.l_suppkey)", "Plans": [{"Node Type": "Bitmap Index Scan", "Parent Relationship": "Outer", "Parallel Aware": false, "Index Name": "supplier_pkey", "Startup Cost": 0.0, "Total Cost": 0.92, "Plan Rows": 1, "Plan Width": 0, "Index Cond": "(s_suppkey = l1.l_suppkey)"}]}]}, {"Node Type": "Bitmap Heap Scan", "Parent Relationship": "Inner", "Parallel Aware": false, "Relation Name": "nation", "Alias": "nation", "Startup Cost": 0.7, "Total Cost": 1.81, "Plan Rows": 1, "Plan Width": 4, "Recheck Cond": "(n_nationkey = supplier.s_nationkey)", "Filter": "(n_name = 'GERMANY'::bpchar)", "Plans": [{"Node Type": "Bitmap Index Scan", "Parent Relationship": "Outer", "Parallel Aware": false, "Index Name": "nation_pkey", "Startup Cost": 0.0, "Total Cost": 0.7, "Plan Rows": 1, "Plan Width": 0, "Index Cond": "(n_nationkey = supplier.s_nationkey)"}]}]}, {"Node Type": "Bitmap Heap Scan", "Parent Relationship": "Inner", "Parallel Aware": false, "Relation Name": "orders", "Alias": "orders", "Startup Cost": 1.07, "Total Cost": 2.19, "Plan Rows": 1, "Plan Width": 4, "Recheck Cond": "(o_orderkey = l1.l_orderkey)", "Filter": "(o_orderstatus = 'F'::bpchar)", "Plans": [{"Node Type": "Bitmap Index Scan", "Parent Relationship": "Outer", "Parallel Aware": false, "Index Name": "orders_pkey", "Startup Cost": 0.0, "Total Cost": 1.07, "Plan Rows": 1, "Plan Width": 0, "Index Cond": "(o_orderkey = l1.l_orderkey)"}]}]}, {"Node Type": "Bitmap Heap Scan", "Parent Relationship": "Inner", "Parallel Aware": false, "Relation Name": "lineitem", "Alias": "l3", "Startup Cost": 1.44, "Total Cost": 21.76, "Plan Rows": 10, "Plan Width": 8, "Recheck Cond": "(l_orderkey = l1.l_orderkey)", "Filter": "((l_receiptdate > l_commitdate) AND (l_suppkey <> l1.l_suppkey))", "Plans": [{"Node Type": "Bitmap Index Scan", "Parent Relationship": "Outer", "Parallel Aware": false, "Index Name": "lineitem_pkey", "Startup Cost": 0.0, "Total Cost": 1.44, "Plan Rows": 30, "Plan Width": 0, "Index Cond": "(l_orderkey = l1.l_orderkey)"}]}]}, {"Node Type": "Bitmap Heap Scan", "Parent Relationship": "Inner", "Parallel Aware": false, "Relation Name": "lineitem", "Alias": "l2", "Startup Cost": 1.44, "Total Cost": 21.61, "Plan Rows": 30, "Plan Width": 8, "Recheck Cond": "(l_orderkey = orders.o_orderkey)", "Plans": [{"Node Type": "Bitmap Index Scan", "Parent Relationship": "Outer", "Parallel Aware": false, "Index Name": "lineitem_pkey", "Startup Cost": 0.0, "Total Cost": 1.44, "Plan Rows": 30, "Plan Width": 0, "Index Cond": "(l_orderkey = orders.o_orderkey)"}]}]}]}]}]}]}}, {"Plan": {"Node Type": "Limit", "Parallel Aware": false, "Startup Cost": 20494996.44, "Total Cost": 20494996.45, "Plan Rows": 1, "Plan Width": 34, "Plans": [{"Node Type": "Sort", "Parent Relationship": "Outer", "Parallel Aware": false, "Startup Cost": 20494996.44, "Total Cost": 20494996.45, "Plan Rows": 1, "Plan Width": 34, "Sort Key": ["(count(*)) DESC", "supplier.s_name"], "Plans": [{"Node Type": "Aggregate", "Strategy": "Sorted", "Partial Mode": "Simple", "Parent Relationship": "Outer", "Parallel Aware": false, "Startup Cost": 20494996.41, "Total Cost": 20494996.43, "Plan Rows": 1, "Plan Width": 34, "Group Key": ["supplier.s_name"], "Plans": [{"Node Type": "Sort", "Parent Relationship": "Outer", "Parallel Aware": false, "Startup Cost": 20494996.41, "Total Cost": 20494996.42, "Plan Rows": 1, "Plan Width": 26, "Sort Key": ["supplier.s_name"], "Plans": [{"Node Type": "Nested Loop", "Parent Relationship": "Outer", "Parallel Aware": false, "Join Type": "Semi", "Startup Cost": 1004.88, "Total Cost": 20494996.4, "Plan Rows": 1, "Plan Width": 26, "Inner Unique": false, "Join Filter": "(l2.l_suppkey <> l1.l_suppkey)", "Plans": [{"Node Type": "Nested Loop", "Parent Relationship": "Outer", "Parallel Aware": false, "Join Type": "Anti", "Startup Cost": 1003.43, "Total Cost": 20494974.41, "Plan Rows": 1, "Plan Width": 38, "Inner Unique": false, "Plans": [{"Node Type": "Nested Loop", "Parent Relationship": "Outer", "Parallel Aware": false, "Join Type": "Inner", "Startup Cost": 1001.99, "Total Cost": 18489109.5, "Plan Rows": 391534, "Plan Width": 38, "Inner Unique": true, "Plans": [{"Node Type": "Nested Loop", "Parent Relationship": "Outer", "Parallel Aware": false, "Join Type": "Inner", "Startup Cost": 1000.92, "Total Cost": 16739453.57, "Plan Rows": 799810, "Plan Width": 34, "Inner Unique": false, "Join Filter": "(supplier.s_nationkey = nation.n_nationkey)", "Plans": [{"Node Type": "Seq Scan", "Parent Relationship": "Outer", "Parallel Aware": false, "Relation Name": "nation", "Alias": "nation", "Startup Cost": 0.0, "Total Cost": 1.31, "Plan Rows": 1, "Plan Width": 4, "Filter": "(n_name = 'GERMANY'::bpchar)"}, {"Node Type": "Gather", "Parent Relationship": "Inner", "Parallel Aware": false, "Startup Cost": 1000.92, "Total Cost": 16489511.52, "Plan Rows": 19995259, "Plan Width": 38, "Workers Planned": 3, "Single Copy": false, "Plans": [{"Node Type": "Nested Loop", "Parent Relationship": "Outer", "Parallel Aware": false, "Join Type": "Inner", "Startup Cost": 0.92, "Total Cost": 14488985.62, "Plan Rows": 6450084, "Plan Width": 38, "Inner Unique": true, "Plans": [{"Node Type": "Seq Scan", "Parent Relationship": "Outer", "Parallel Aware": true, "Relation Name": "lineitem", "Alias": "l1", "Startup Cost": 0.0, "Total Cost": 1366420.13, "Plan Rows": 6450084, "Plan Width": 8, "Filter": "(l_receiptdate > l_commitdate)"}, {"Node Type": "Bitmap Heap Scan", "Parent Relationship": "Inner", "Parallel Aware": false, "Relation Name": "supplier", "Alias": "supplier", "Startup Cost": 0.92, "Total Cost": 2.03, "Plan Rows": 1, "Plan Width": 34, "Recheck Cond": "(s_suppkey = l1.l_suppkey)", "Plans": [{"Node Type": "Bitmap Index Scan", "Parent Relationship": "Outer", "Parallel Aware": false, "Index Name": "supplier_pkey", "Startup Cost": 0.0, "Total Cost": 0.92, "Plan Rows": 1, "Plan Width": 0, "Index Cond": "(s_suppkey = l1.l_suppkey)"}]}]}]}]}, {"Node Type": "Bitmap Heap Scan", "Parent Relationship": "Inner", "Parallel Aware": false, "Relation Name": "orders", "Alias": "orders", "Startup Cost": 1.07, "Total Cost": 2.19, "Plan Rows": 1, "Plan Width": 4, "Recheck Cond": "(o_orderkey = l1.l_orderkey)", "Filter": "(o_orderstatus = 'F'::bpchar)", "Plans": [{"Node Type": "Bitmap Index Scan", "Parent Relationship": "Outer", "Parallel Aware": false, "Index Name": "orders_pkey", "Startup Cost": 0.0, "Total Cost": 1.07, "Plan Rows": 1, "Plan Width": 0, "Index Cond": "(o_orderkey = l1.l_orderkey)"}]}]}, {"Node Type": "Bitmap Heap Scan", "Parent Relationship": "Inner", "Parallel Aware": false, "Relation Name": "lineitem", "Alias": "l3", "Startup Cost": 1.44, "Total Cost": 21.76, "Plan Rows": 10, "Plan Width": 8, "Recheck Cond": "(l_orderkey = l1.l_orderkey)", "Filter": "((l_receiptdate > l_commitdate) AND (l_suppkey <> l1.l_suppkey))", "Plans": [{"Node Type": "Bitmap Index Scan", "Parent Relationship": "Outer", "Parallel Aware": false, "Index Name": "lineitem_pkey", "Startup Cost": 0.0, "Total Cost": 1.44, "Plan Rows": 30, "Plan Width": 0, "Index Cond": "(l_orderkey = l1.l_orderkey)"}]}]}, {"Node Type": "Bitmap Heap Scan", "Parent Relationship": "Inner", "Parallel Aware": false, "Relation Name": "lineitem", "Alias": "l2", "Startup Cost": 1.44, "Total Cost": 21.61, "Plan Rows": 30, "Plan Width": 8, "Recheck Cond": "(l_orderkey = orders.o_orderkey)", "Plans": [{"Node Type": "Bitmap Index Scan", "Parent Relationship": "Outer", "Parallel Aware": false, "Index Name": "lineitem_pkey", "Startup Cost": 0.0, "Total Cost": 1.44, "Plan Rows": 30, "Plan Width": 0, "Index Cond": "(l_orderkey = orders.o_orderkey)"}]}]}]}]}]}]}}, {"Plan": {"Node Type": "Limit", "Parallel Aware": false, "Startup Cost": 7467527.34, "Total Cost": 7467527.35, "Plan Rows": 1, "Plan Width": 34, "Plans": [{"Node Type": "Sort", "Parent Relationship": "Outer", "Parallel Aware": false, "Startup Cost": 7467527.34, "Total Cost": 7467527.35, "Plan Rows": 1, "Plan Width": 34, "Sort Key": ["(count(*)) DESC", "supplier.s_name"], "Plans": [{"Node Type": "Aggregate", "Strategy": "Sorted", "Partial Mode": "Simple", "Parent Relationship": "Outer", "Parallel Aware": false, "Startup Cost": 7467527.31, "Total Cost": 7467527.33, "Plan Rows": 1, "Plan Width": 34, "Group Key": ["supplier.s_name"], "Plans": [{"Node Type": "Sort", "Parent Relationship": "Outer", "Parallel Aware": false, "Startup Cost": 7467527.31, "Total Cost": 7467527.32, "Plan Rows": 1, "Plan Width": 26, "Sort Key": ["supplier.s_name"], "Plans": [{"Node Type": "Gather", "Parent Relationship": "Outer", "Parallel Aware": false, "Startup Cost": 5059939.49, "Total Cost": 7467527.3, "Plan Rows": 1, "Plan Width": 26, "Workers Planned": 3, "Single Copy": false, "Plans": [{"Node Type": "Merge Join", "Parent Relationship": "Outer", "Parallel Aware": false, "Join Type": "Anti", "Startup Cost": 5058939.49, "Total Cost": 7466527.2, "Plan Rows": 1, "Plan Width": 26, "Inner Unique": false, "Merge Cond": "(l1.l_orderkey = l3.l_orderkey)", "Join Filter": "(l3.l_suppkey <> l1.l_suppkey)", "Plans": [{"Node Type": "Sort", "Parent Relationship": "Outer", "Parallel Aware": false, "Startup Cost": 5058938.93, "Total Cost": 5058980.68, "Plan Rows": 16699, "Plan Width": 34, "Sort Key": ["l1.l_orderkey"], "Plans": [{"Node Type": "Merge Join", "Parent Relationship": "Outer", "Parallel Aware": false, "Join Type": "Inner", "Startup Cost": 5055429.88, "Total Cost": 5057767.7, "Plan Rows": 16699, "Plan Width": 34, "Inner Unique": false, "Merge Cond": "(l1.l_suppkey = supplier.s_suppkey)", "Plans": [{"Node Type": "Sort", "Parent Relationship": "Outer", "Parallel Aware": false, "Startup Cost": 5042293.07, "Total Cost": 5043336.78, "Plan Rows": 417483, "Plan Width": 8, "Sort Key": ["l1.l_suppkey"], "Plans": [{"Node Type": "Merge Join", "Parent Relationship": "Outer", "Parallel Aware": false, "Join Type": "Semi", "Startup Cost": 104.98, "Total Cost": 5003318.2, "Plan Rows": 417483, "Plan Width": 8, "Inner Unique": false, "Merge Cond": "(orders.o_orderkey = l2.l_orderkey)", "Join Filter": "(l2.l_suppkey <> l1.l_suppkey)", "Plans": [{"Node Type": "Merge Join", "Parent Relationship": "Outer", "Parallel Aware": false, "Join Type": "Inner", "Startup Cost": 46.65, "Total Cost": 2482167.33, "Plan Rows": 3157531, "Plan Width": 12, "Inner Unique": true, "Merge Cond": "(l1.l_orderkey = orders.o_orderkey)", "Plans": [{"Node Type": "Index Scan", "Parent Relationship": "Outer", "Parallel Aware": true, "Scan Direction": "Forward", "Index Name": "idx_lineitem_orderkey", "Relation Name": "lineitem", "Alias": "l1", "Startup Cost": 0.56, "Total Cost": 1847467.97, "Plan Rows": 6450084, "Plan Width": 8, "Filter": "(l_receiptdate > l_commitdate)"}, {"Node Type": "Index Scan", "Parent Relationship": "Inner", "Parallel Aware": false, "Scan Direction": "Forward", "Index Name": "orders_pkey", "Relation Name": "orders", "Alias": "orders", "Startup Cost": 0.43, "Total Cost": 568642.93, "Plan Rows": 7342617, "Plan Width": 4, "Filter": "(o_orderstatus = 'F'::bpchar)"}]}, {"Node Type": "Index Scan", "Parent Relationship": "Inner", "Parallel Aware": false, "Scan Direction": "Forward", "Index Name": "idx_lineitem_orderkey", "Relation Name": "lineitem", "Alias": "l2", "Startup Cost": 0.56, "Total Cost": 2205447.61, "Plan Rows": 59985776, "Plan Width": 8}]}]}, {"Node Type": "Sort", "Parent Relationship": "Inner", "Parallel Aware": false, "Startup Cost": 13136.77, "Total Cost": 13146.77, "Plan Rows": 4000, "Plan Width": 30, "Sort Key": ["supplier.s_suppkey"], "Plans": [{"Node Type": "Merge Join", "Parent Relationship": "Outer", "Parallel Aware": false, "Join Type": "Inner", "Startup Cost": 12353.72, "Total Cost": 12897.46, "Plan Rows": 4000, "Plan Width": 30, "Inner Unique": true, "Merge Cond": "(supplier.s_nationkey = nation.n_nationkey)", "Plans": [{"Node Type": "Sort", "Parent Relationship": "Outer", "Parallel Aware": false, "Startup Cost": 12353.58, "Total Cost": 12603.58, "Plan Rows": 100000, "Plan Width": 34, "Sort Key": ["supplier.s_nationkey"], "Plans": [{"Node Type": "Index Scan", "Parent Relationship": "Outer", "Parallel Aware": false, "Scan Direction": "Forward", "Index Name": "supplier_pkey", "Relation Name": "supplier", "Alias": "supplier", "Startup Cost": 0.29, "Total Cost": 4048.76, "Plan Rows": 100000, "Plan Width": 34}]}, {"Node Type": "Index Scan", "Parent Relationship": "Inner", "Parallel Aware": false, "Scan Direction": "Forward", "Index Name": "nation_pkey", "Relation Name": "nation", "Alias": "nation", "Startup Cost": 0.14, "Total Cost": 3.88, "Plan Rows": 1, "Plan Width": 4, "Filter": "(n_name = 'GERMANY'::bpchar)"}]}]}]}]}, {"Node Type": "Index Scan", "Parent Relationship": "Inner", "Parallel Aware": false, "Scan Direction": "Forward", "Index Name": "idx_lineitem_orderkey", "Relation Name": "lineitem", "Alias": "l3", "Startup Cost": 0.56, "Total Cost": 2355412.05, "Plan Rows": 19995259, "Plan Width": 8, "Filter": "(l_receiptdate > l_commitdate)"}]}]}]}]}]}]}}, {"Plan": {"Node Type": "Limit", "Parallel Aware": false, "Startup Cost": 2910528.73, "Total Cost": 2910528.73, "Plan Rows": 1, "Plan Width": 34, "Plans": [{"Node Type": "Sort", "Parent Relationship": "Outer", "Parallel Aware": false, "Startup Cost": 2910528.73, "Total Cost": 2910528.73, "Plan Rows": 1, "Plan Width": 34, "Sort Key": ["(count(*)) DESC", "supplier.s_name"], "Plans": [{"Node Type": "Aggregate", "Strategy": "Sorted", "Partial Mode": "Simple", "Parent Relationship": "Outer", "Parallel Aware": false, "Startup Cost": 2910528.7, "Total Cost": 2910528.72, "Plan Rows": 1, "Plan Width": 34, "Group Key": ["supplier.s_name"], "Plans": [{"Node Type": "Sort", "Parent Relationship": "Outer", "Parallel Aware": false, "Startup Cost": 2910528.7, "Total Cost": 2910528.7, "Plan Rows": 1, "Plan Width": 26, "Sort Key": ["supplier.s_name"], "Plans": [{"Node Type": "Nested Loop", "Parent Relationship": "Outer", "Parallel Aware": false, "Join Type": "Inner", "Startup Cost": 2632141.32, "Total Cost": 2910528.69, "Plan Rows": 1, "Plan Width": 26, "Inner Unique": true, "Plans": [{"Node Type": "Nested Loop", "Parent Relationship": "Outer", "Parallel Aware": false, "Join Type": "Semi", "Startup Cost": 2632140.88, "Total Cost": 2910526.97, "Plan Rows": 1, "Plan Width": 34, "Inner Unique": false, "Plans": [{"Node Type": "Gather", "Parent Relationship": "Outer", "Parallel Aware": false, "Startup Cost": 2632140.32, "Total Cost": 2910524.49, "Plan Rows": 1, "Plan Width": 34, "Workers Planned": 3, "Single Copy": false, "Plans": [{"Node Type": "Nested Loop", "Parent Relationship": "Outer", "Parallel Aware": false, "Join Type": "Anti", "Startup Cost": 2631140.32, "Total Cost": 2909524.39, "Plan Rows": 1, "Plan Width": 34, "Inner Unique": false, "Plans": [{"Node Type": "Merge Join", "Parent Relationship": "Outer", "Parallel Aware": false, "Join Type": "Inner", "Startup Cost": 2631139.75, "Total Cost": 2667258.93, "Plan Rows": 258003, "Plan Width": 34, "Inner Unique": false, "Merge Cond": "(l1.l_suppkey = supplier.s_suppkey)", "Plans": [{"Node Type": "Sort", "Parent Relationship": "Outer", "Parallel Aware": false, "Startup Cost": 2628652.87, "Total Cost": 2644778.08, "Plan Rows": 6450084, "Plan Width": 8, "Sort Key": ["l1.l_suppkey"], "Plans": [{"Node Type": "Index Scan", "Parent Relationship": "Outer", "Parallel Aware": true, "Scan Direction": "Forward", "Index Name": "idx_lineitem_orderkey", "Relation Name": "lineitem", "Alias": "l1", "Startup Cost": 0.56, "Total Cost": 1847467.97, "Plan Rows": 6450084, "Plan Width": 8, "Filter": "(l_receiptdate > l_commitdate)"}]}, {"Node Type": "Sort", "Parent Relationship": "Inner", "Parallel Aware": false, "Startup Cost": 2486.24, "Total Cost": 2496.24, "Plan Rows": 4000, "Plan Width": 30, "Sort Key": ["supplier.s_suppkey"], "Plans": [{"Node Type": "Nested Loop", "Parent Relationship": "Outer", "Parallel Aware": false, "Join Type": "Inner", "Startup Cost": 44.76, "Total Cost": 2246.92, "Plan Rows": 4000, "Plan Width": 30, "Inner Unique": false, "Plans": [{"Node Type": "Index Scan", "Parent Relationship": "Outer", "Parallel Aware": false, "Scan Direction": "Forward", "Index Name": "nation_pkey", "Relation Name": "nation", "Alias": "nation", "Startup Cost": 0.14, "Total Cost": 3.88, "Plan Rows": 1, "Plan Width": 4, "Filter": "(n_name = 'GERMANY'::bpchar)"}, {"Node Type": "Bitmap Heap Scan", "Parent Relationship": "Inner", "Parallel Aware": false, "Relation Name": "supplier", "Alias": "supplier", "Startup Cost": 44.62, "Total Cost": 2203.05, "Plan Rows": 4000, "Plan Width": 34, "Recheck Cond": "(s_nationkey = nation.n_nationkey)", "Plans": [{"Node Type": "Bitmap Index Scan", "Parent Relationship": "Outer", "Parallel Aware": false, "Index Name": "idx_supplier_nation_key", "Startup Cost": 0.0, "Total Cost": 43.62, "Plan Rows": 4000, "Plan Width": 0, "Index Cond": "(s_nationkey = nation.n_nationkey)"}]}]}]}]}, {"Node Type": "Index Scan", "Parent Relationship": "Inner", "Parallel Aware": false, "Scan Direction": "Forward", "Index Name": "idx_lineitem_orderkey", "Relation Name": "lineitem", "Alias": "l3", "Startup Cost": 0.56, "Total Cost": 2.54, "Plan Rows": 10, "Plan Width": 8, "Index Cond": "(l_orderkey = l1.l_orderkey)", "Filter": "((l_receiptdate > l_commitdate) AND (l_suppkey <> l1.l_suppkey))"}]}]}, {"Node Type": "Index Scan", "Parent Relationship": "Inner", "Parallel Aware": false, "Scan Direction": "Forward", "Index Name": "idx_lineitem_orderkey", "Relation Name": "lineitem", "Alias": "l2", "Startup Cost": 0.56, "Total Cost": 2.46, "Plan Rows": 30, "Plan Width": 8, "Index Cond": "(l_orderkey = l1.l_orderkey)", "Filter": "(l_suppkey <> l1.l_suppkey)"}]}, {"Node Type": "Index Scan", "Parent Relationship": "Inner", "Parallel Aware": false, "Scan Direction": "Forward", "Index Name": "orders_pkey", "Relation Name": "orders", "Alias": "orders", "Startup Cost": 0.43, "Total Cost": 1.72, "Plan Rows": 1, "Plan Width": 4, "Index Cond": "(o_orderkey = l1.l_orderkey)", "Filter": "(o_orderstatus = 'F'::bpchar)"}]}]}]}]}]}}, {"Plan": {"Node Type": "Limit", "Parallel Aware": false, "Startup Cost": 2429478.32, "Total Cost": 2429478.32, "Plan Rows": 1, "Plan Width": 34, "Plans": [{"Node Type": "Sort", "Parent Relationship": "Outer", "Parallel Aware": false, "Startup Cost": 2429478.32, "Total Cost": 2429478.32, "Plan Rows": 1, "Plan Width": 34, "Sort Key": ["(count(*)) DESC", "supplier.s_name"], "Plans": [{"Node Type": "Aggregate", "Strategy": "Sorted", "Partial Mode": "Simple", "Parent Relationship": "Outer", "Parallel Aware": false, "Startup Cost": 2429478.29, "Total Cost": 2429478.31, "Plan Rows": 1, "Plan Width": 34, "Group Key": ["supplier.s_name"], "Plans": [{"Node Type": "Sort", "Parent Relationship": "Outer", "Parallel Aware": false, "Startup Cost": 2429478.29, "Total Cost": 2429478.29, "Plan Rows": 1, "Plan Width": 26, "Sort Key": ["supplier.s_name"], "Plans": [{"Node Type": "Nested Loop", "Parent Relationship": "Outer", "Parallel Aware": false, "Join Type": "Inner", "Startup Cost": 2151090.91, "Total Cost": 2429478.28, "Plan Rows": 1, "Plan Width": 26, "Inner Unique": true, "Plans": [{"Node Type": "Nested Loop", "Parent Relationship": "Outer", "Parallel Aware": false, "Join Type": "Semi", "Startup Cost": 2151090.47, "Total Cost": 2429476.56, "Plan Rows": 1, "Plan Width": 34, "Inner Unique": false, "Plans": [{"Node Type": "Gather", "Parent Relationship": "Outer", "Parallel Aware": false, "Startup Cost": 2151089.91, "Total Cost": 2429474.08, "Plan Rows": 1, "Plan Width": 34, "Workers Planned": 3, "Single Copy": false, "Plans": [{"Node Type": "Nested Loop", "Parent Relationship": "Outer", "Parallel Aware": false, "Join Type": "Anti", "Startup Cost": 2150089.91, "Total Cost": 2428473.98, "Plan Rows": 1, "Plan Width": 34, "Inner Unique": false, "Plans": [{"Node Type": "Merge Join", "Parent Relationship": "Outer", "Parallel Aware": false, "Join Type": "Inner", "Startup Cost": 2150089.34, "Total Cost": 2186208.52, "Plan Rows": 258003, "Plan Width": 34, "Inner Unique": false, "Merge Cond": "(l1.l_suppkey = supplier.s_suppkey)", "Plans": [{"Node Type": "Sort", "Parent Relationship": "Outer", "Parallel Aware": false, "Startup Cost": 2147605.02, "Total Cost": 2163730.23, "Plan Rows": 6450084, "Plan Width": 8, "Sort Key": ["l1.l_suppkey"], "Plans": [{"Node Type": "Seq Scan", "Parent Relationship": "Outer", "Parallel Aware": true, "Relation Name": "lineitem", "Alias": "l1", "Startup Cost": 0.0, "Total Cost": 1366420.13, "Plan Rows": 6450084, "Plan Width": 8, "Filter": "(l_receiptdate > l_commitdate)"}]}, {"Node Type": "Sort", "Parent Relationship": "Inner", "Parallel Aware": false, "Startup Cost": 2483.68, "Total Cost": 2493.68, "Plan Rows": 4000, "Plan Width": 30, "Sort Key": ["supplier.s_suppkey"], "Plans": [{"Node Type": "Nested Loop", "Parent Relationship": "Outer", "Parallel Aware": false, "Join Type": "Inner", "Startup Cost": 44.62, "Total Cost": 2244.36, "Plan Rows": 4000, "Plan Width": 30, "Inner Unique": false, "Plans": [{"Node Type": "Seq Scan", "Parent Relationship": "Outer", "Parallel Aware": false, "Relation Name": "nation", "Alias": "nation", "Startup Cost": 0.0, "Total Cost": 1.31, "Plan Rows": 1, "Plan Width": 4, "Filter": "(n_name = 'GERMANY'::bpchar)"}, {"Node Type": "Bitmap Heap Scan", "Parent Relationship": "Inner", "Parallel Aware": false, "Relation Name": "supplier", "Alias": "supplier", "Startup Cost": 44.62, "Total Cost": 2203.05, "Plan Rows": 4000, "Plan Width": 34, "Recheck Cond": "(s_nationkey = nation.n_nationkey)", "Plans": [{"Node Type": "Bitmap Index Scan", "Parent Relationship": "Outer", "Parallel Aware": false, "Index Name": "idx_supplier_nation_key", "Startup Cost": 0.0, "Total Cost": 43.62, "Plan Rows": 4000, "Plan Width": 0, "Index Cond": "(s_nationkey = nation.n_nationkey)"}]}]}]}]}, {"Node Type": "Index Scan", "Parent Relationship": "Inner", "Parallel Aware": false, "Scan Direction": "Forward", "Index Name": "idx_lineitem_orderkey", "Relation Name": "lineitem", "Alias": "l3", "Startup Cost": 0.56, "Total Cost": 2.54, "Plan Rows": 10, "Plan Width": 8, "Index Cond": "(l_orderkey = l1.l_orderkey)", "Filter": "((l_receiptdate > l_commitdate) AND (l_suppkey <> l1.l_suppkey))"}]}]}, {"Node Type": "Index Scan", "Parent Relationship": "Inner", "Parallel Aware": false, "Scan Direction": "Forward", "Index Name": "idx_lineitem_orderkey", "Relation Name": "lineitem", "Alias": "l2", "Startup Cost": 0.56, "Total Cost": 2.46, "Plan Rows": 30, "Plan Width": 8, "Index Cond": "(l_orderkey = l1.l_orderkey)", "Filter": "(l_suppkey <> l1.l_suppkey)"}]}, {"Node Type": "Index Scan", "Parent Relationship": "Inner", "Parallel Aware": false, "Scan Direction": "Forward", "Index Name": "orders_pkey", "Relation Name": "orders", "Alias": "orders", "Startup Cost": 0.43, "Total Cost": 1.72, "Plan Rows": 1, "Plan Width": 4, "Index Cond": "(o_orderkey = l1.l_orderkey)", "Filter": "(o_orderstatus = 'F'::bpchar)"}]}]}]}]}]}}, {"Plan": {"Node Type": "Limit", "Parallel Aware": false, "Startup Cost": 7467678.15, "Total Cost": 7467678.15, "Plan Rows": 1, "Plan Width": 34, "Plans": [{"Node Type": "Sort", "Parent Relationship": "Outer", "Parallel Aware": false, "Startup Cost": 7467678.15, "Total Cost": 7467678.15, "Plan Rows": 1, "Plan Width": 34, "Sort Key": ["(count(*)) DESC", "supplier.s_name"], "Plans": [{"Node Type": "Aggregate", "Strategy": "Sorted", "Partial Mode": "Simple", "Parent Relationship": "Outer", "Parallel Aware": false, "Startup Cost": 7467678.12, "Total Cost": 7467678.14, "Plan Rows": 1, "Plan Width": 34, "Group Key": ["supplier.s_name"], "Plans": [{"Node Type": "Sort", "Parent Relationship": "Outer", "Parallel Aware": false, "Startup Cost": 7467678.12, "Total Cost": 7467678.12, "Plan Rows": 1, "Plan Width": 26, "Sort Key": ["supplier.s_name"], "Plans": [{"Node Type": "Merge Join", "Parent Relationship": "Outer", "Parallel Aware": false, "Join Type": "Inner", "Startup Cost": 7467678.08, "Total Cost": 7467678.11, "Plan Rows": 1, "Plan Width": 26, "Inner Unique": true, "Merge Cond": "(supplier.s_nationkey = nation.n_nationkey)", "Plans": [{"Node Type": "Sort", "Parent Relationship": "Outer", "Parallel Aware": false, "Startup Cost": 7467676.76, "Total Cost": 7467676.76, "Plan Rows": 1, "Plan Width": 30, "Sort Key": ["supplier.s_nationkey"], "Plans": [{"Node Type": "Merge Join", "Parent Relationship": "Outer", "Parallel Aware": false, "Join Type": "Inner", "Startup Cost": 7463378.26, "Total Cost": 7467676.75, "Plan Rows": 1, "Plan Width": 30, "Inner Unique": false, "Merge Cond": "(supplier.s_suppkey = l1.l_suppkey)", "Plans": [{"Node Type": "Index Scan", "Parent Relationship": "Outer", "Parallel Aware": false, "Scan Direction": "Forward", "Index Name": "supplier_pkey", "Relation Name": "supplier", "Alias": "supplier", "Startup Cost": 0.29, "Total Cost": 4048.76, "Plan Rows": 100000, "Plan Width": 34}, {"Node Type": "Sort", "Parent Relationship": "Inner", "Parallel Aware": false, "Startup Cost": 7463377.97, "Total Cost": 7463377.98, "Plan Rows": 1, "Plan Width": 4, "Sort Key": ["l1.l_suppkey"], "Plans": [{"Node Type": "Gather", "Parent Relationship": "Outer", "Parallel Aware": false, "Startup Cost": 1105.54, "Total Cost": 7463377.96, "Plan Rows": 1, "Plan Width": 4, "Workers Planned": 3, "Single Copy": false, "Plans": [{"Node Type": "Merge Join", "Parent Relationship": "Outer", "Parallel Aware": false, "Join Type": "Anti", "Startup Cost": 105.54, "Total Cost": 7462377.86, "Plan Rows": 1, "Plan Width": 4, "Inner Unique": false, "Merge Cond": "(l1.l_orderkey = l3.l_orderkey)", "Join Filter": "(l3.l_suppkey <> l1.l_suppkey)", "Plans": [{"Node Type": "Merge Join", "Parent Relationship": "Outer", "Parallel Aware": false, "Join Type": "Semi", "Startup Cost": 104.98, "Total Cost": 5003318.2, "Plan Rows": 417483, "Plan Width": 8, "Inner Unique": false, "Merge Cond": "(orders.o_orderkey = l2.l_orderkey)", "Join Filter": "(l2.l_suppkey <> l1.l_suppkey)", "Plans": [{"Node Type": "Merge Join", "Parent Relationship": "Outer", "Parallel Aware": false, "Join Type": "Inner", "Startup Cost": 46.65, "Total Cost": 2482167.33, "Plan Rows": 3157531, "Plan Width": 12, "Inner Unique": true, "Merge Cond": "(l1.l_orderkey = orders.o_orderkey)", "Plans": [{"Node Type": "Index Scan", "Parent Relationship": "Outer", "Parallel Aware": true, "Scan Direction": "Forward", "Index Name": "idx_lineitem_orderkey", "Relation Name": "lineitem", "Alias": "l1", "Startup Cost": 0.56, "Total Cost": 1847467.97, "Plan Rows": 6450084, "Plan Width": 8, "Filter": "(l_receiptdate > l_commitdate)"}, {"Node Type": "Index Scan", "Parent Relationship": "Inner", "Parallel Aware": false, "Scan Direction": "Forward", "Index Name": "orders_pkey", "Relation Name": "orders", "Alias": "orders", "Startup Cost": 0.43, "Total Cost": 568642.93, "Plan Rows": 7342617, "Plan Width": 4, "Filter": "(o_orderstatus = 'F'::bpchar)"}]}, {"Node Type": "Index Scan", "Parent Relationship": "Inner", "Parallel Aware": false, "Scan Direction": "Forward", "Index Name": "idx_lineitem_orderkey", "Relation Name": "lineitem", "Alias": "l2", "Startup Cost": 0.56, "Total Cost": 2205447.61, "Plan Rows": 59985776, "Plan Width": 8}]}, {"Node Type": "Index Scan", "Parent Relationship": "Inner", "Parallel Aware": false, "Scan Direction": "Forward", "Index Name": "idx_lineitem_orderkey", "Relation Name": "lineitem", "Alias": "l3", "Startup Cost": 0.56, "Total Cost": 2355412.05, "Plan Rows": 19995259, "Plan Width": 8, "Filter": "(l_receiptdate > l_commitdate)"}]}]}]}]}]}, {"Node Type": "Sort", "Parent Relationship": "Inner", "Parallel Aware": false, "Startup Cost": 1.32, "Total Cost": 1.33, "Plan Rows": 1, "Plan Width": 4, "Sort Key": ["nation.n_nationkey"], "Plans": [{"Node Type": "Seq Scan", "Parent Relationship": "Outer", "Parallel Aware": false, "Relation Name": "nation", "Alias": "nation", "Startup Cost": 0.0, "Total Cost": 1.31, "Plan Rows": 1, "Plan Width": 4, "Filter": "(n_name = 'GERMANY'::bpchar)"}]}]}]}]}]}]}}, {"Plan": {"Node Type": "Limit", "Parallel Aware": false, "Startup Cost": 7905081.37, "Total Cost": 7905081.37, "Plan Rows": 1, "Plan Width": 34, "Plans": [{"Node Type": "Sort", "Parent Relationship": "Outer", "Parallel Aware": false, "Startup Cost": 7905081.37, "Total Cost": 7905081.37, "Plan Rows": 1, "Plan Width": 34, "Sort Key": ["(count(*)) DESC", "supplier.s_name"], "Plans": [{"Node Type": "Aggregate", "Strategy": "Sorted", "Partial Mode": "Simple", "Parent Relationship": "Outer", "Parallel Aware": false, "Startup Cost": 7905081.34, "Total Cost": 7905081.36, "Plan Rows": 1, "Plan Width": 34, "Group Key": ["supplier.s_name"], "Plans": [{"Node Type": "Sort", "Parent Relationship": "Outer", "Parallel Aware": false, "Startup Cost": 7905081.34, "Total Cost": 7905081.34, "Plan Rows": 1, "Plan Width": 26, "Sort Key": ["supplier.s_name"], "Plans": [{"Node Type": "Gather", "Parent Relationship": "Outer", "Parallel Aware": false, "Startup Cost": 1002.56, "Total Cost": 7905081.33, "Plan Rows": 1, "Plan Width": 26, "Workers Planned": 3, "Single Copy": false, "Plans": [{"Node Type": "Nested Loop", "Parent Relationship": "Outer", "Parallel Aware": false, "Join Type": "Inner", "Startup Cost": 2.56, "Total Cost": 7904081.23, "Plan Rows": 1, "Plan Width": 26, "Inner Unique": true, "Plans": [{"Node Type": "Nested Loop", "Parent Relationship": "Outer", "Parallel Aware": false, "Join Type": "Inner", "Startup Cost": 2.42, "Total Cost": 7904079.95, "Plan Rows": 1, "Plan Width": 30, "Inner Unique": true, "Plans": [{"Node Type": "Nested Loop", "Parent Relationship": "Outer", "Parallel Aware": false, "Join Type": "Semi", "Startup Cost": 1.99, "Total Cost": 7904078.23, "Plan Rows": 1, "Plan Width": 38, "Inner Unique": false, "Plans": [{"Node Type": "Nested Loop", "Parent Relationship": "Outer", "Parallel Aware": false, "Join Type": "Inner", "Startup Cost": 1.42, "Total Cost": 7904075.75, "Plan Rows": 1, "Plan Width": 38, "Inner Unique": true, "Plans": [{"Node Type": "Nested Loop", "Parent Relationship": "Outer", "Parallel Aware": false, "Join Type": "Anti", "Startup Cost": 1.13, "Total Cost": 7904074.2, "Plan Rows": 1, "Plan Width": 8, "Inner Unique": false, "Plans": [{"Node Type": "Index Scan", "Parent Relationship": "Outer", "Parallel Aware": true, "Scan Direction": "Forward", "Index Name": "idx_lineitem_orderkey", "Relation Name": "lineitem", "Alias": "l1", "Startup Cost": 0.56, "Total Cost": 1847467.97, "Plan Rows": 6450084, "Plan Width": 8, "Filter": "(l_receiptdate > l_commitdate)"}, {"Node Type": "Index Scan", "Parent Relationship": "Inner", "Parallel Aware": false, "Scan Direction": "Forward", "Index Name": "idx_lineitem_orderkey", "Relation Name": "lineitem", "Alias": "l3", "Startup Cost": 0.56, "Total Cost": 2.54, "Plan Rows": 10, "Plan Width": 8, "Index Cond": "(l_orderkey = l1.l_orderkey)", "Filter": "((l_receiptdate > l_commitdate) AND (l_suppkey <> l1.l_suppkey))"}]}, {"Node Type": "Index Scan", "Parent Relationship": "Inner", "Parallel Aware": false, "Scan Direction": "Forward", "Index Name": "supplier_pkey", "Relation Name": "supplier", "Alias": "supplier", "Startup Cost": 0.29, "Total Cost": 1.56, "Plan Rows": 1, "Plan Width": 34, "Index Cond": "(s_suppkey = l1.l_suppkey)"}]}, {"Node Type": "Index Scan", "Parent Relationship": "Inner", "Parallel Aware": false, "Scan Direction": "Forward", "Index Name": "idx_lineitem_orderkey", "Relation Name": "lineitem", "Alias": "l2", "Startup Cost": 0.56, "Total Cost": 2.46, "Plan Rows": 30, "Plan Width": 8, "Index Cond": "(l_orderkey = l1.l_orderkey)", "Filter": "(l_suppkey <> l1.l_suppkey)"}]}, {"Node Type": "Index Scan", "Parent Relationship": "Inner", "Parallel Aware": false, "Scan Direction": "Forward", "Index Name": "orders_pkey", "Relation Name": "orders", "Alias": "orders", "Startup Cost": 0.43, "Total Cost": 1.72, "Plan Rows": 1, "Plan Width": 4, "Index Cond": "(o_orderkey = l1.l_orderkey)", "Filter": "(o_orderstatus = 'F'::bpchar)"}]}, {"Node Type": "Index Scan", "Parent Relationship": "Inner", "Parallel Aware": false, "Scan Direction": "Forward", "Index Name": "nation_pkey", "Relation Name": "nation", "Alias": "nation", "Startup Cost": 0.14, "Total Cost": 0.71, "Plan Rows": 1, "Plan Width": 4, "Index Cond": "(n_nationkey = supplier.s_nationkey)", "Filter": "(n_name = 'GERMANY'::bpchar)"}]}]}]}]}]}]}}, {"Plan": {"Node Type": "Limit", "Parallel Aware": false, "Startup Cost": 7424033.84, "Total Cost": 7424033.85, "Plan Rows": 1, "Plan Width": 34, "Plans": [{"Node Type": "Sort", "Parent Relationship": "Outer", "Parallel Aware": false, "Startup Cost": 7424033.84, "Total Cost": 7424033.85, "Plan Rows": 1, "Plan Width": 34, "Sort Key": ["(count(*)) DESC", "supplier.s_name"], "Plans": [{"Node Type": "Aggregate", "Strategy": "Sorted", "Partial Mode": "Finalize", "Parent Relationship": "Outer", "Parallel Aware": false, "Startup Cost": 7424033.43, "Total Cost": 7424033.83, "Plan Rows": 1, "Plan Width": 34, "Group Key": ["supplier.s_name"], "Plans": [{"Node Type": "Gather Merge", "Parent Relationship": "Outer", "Parallel Aware": false, "Startup Cost": 7424033.43, "Total Cost": 7424033.81, "Plan Rows": 3, "Plan Width": 34, "Workers Planned": 3, "Plans": [{"Node Type": "Aggregate", "Strategy": "Sorted", "Partial Mode": "Partial", "Parent Relationship": "Outer", "Parallel Aware": false, "Startup Cost": 7423033.39, "Total Cost": 7423033.41, "Plan Rows": 1, "Plan Width": 34, "Group Key": ["supplier.s_name"], "Plans": [{"Node Type": "Sort", "Parent Relationship": "Outer", "Parallel Aware": false, "Startup Cost": 7423033.39, "Total Cost": 7423033.4, "Plan Rows": 1, "Plan Width": 26, "Sort Key": ["supplier.s_name"], "Plans": [{"Node Type": "Nested Loop", "Parent Relationship": "Outer", "Parallel Aware": false, "Join Type": "Inner", "Startup Cost": 1.99, "Total Cost": 7423033.38, "Plan Rows": 1, "Plan Width": 26, "Inner Unique": true, "Plans": [{"Node Type": "Nested Loop", "Parent Relationship": "Outer", "Parallel Aware": false, "Join Type": "Inner", "Startup Cost": 1.86, "Total Cost": 7423032.11, "Plan Rows": 1, "Plan Width": 30, "Inner Unique": true, "Plans": [{"Node Type": "Nested Loop", "Parent Relationship": "Outer", "Parallel Aware": false, "Join Type": "Semi", "Startup Cost": 1.42, "Total Cost": 7423030.39, "Plan Rows": 1, "Plan Width": 38, "Inner Unique": false, "Plans": [{"Node Type": "Nested Loop", "Parent Relationship": "Outer", "Parallel Aware": false, "Join Type": "Inner", "Startup Cost": 0.86, "Total Cost": 7423027.91, "Plan Rows": 1, "Plan Width": 38, "Inner Unique": true, "Plans": [{"Node Type": "Nested Loop", "Parent Relationship": "Outer", "Parallel Aware": false, "Join Type": "Anti", "Startup Cost": 0.56, "Total Cost": 7423026.35, "Plan Rows": 1, "Plan Width": 8, "Inner Unique": false, "Plans": [{"Node Type": "Seq Scan", "Parent Relationship": "Outer", "Parallel Aware": true, "Relation Name": "lineitem", "Alias": "l1", "Startup Cost": 0.0, "Total Cost": 1366420.13, "Plan Rows": 6450084, "Plan Width": 8, "Filter": "(l_receiptdate > l_commitdate)"}, {"Node Type": "Index Scan", "Parent Relationship": "Inner", "Parallel Aware": false, "Scan Direction": "Forward", "Index Name": "idx_lineitem_orderkey", "Relation Name": "lineitem", "Alias": "l3", "Startup Cost": 0.56, "Total Cost": 2.54, "Plan Rows": 10, "Plan Width": 8, "Index Cond": "(l_orderkey = l1.l_orderkey)", "Filter": "((l_receiptdate > l_commitdate) AND (l_suppkey <> l1.l_suppkey))"}]}, {"Node Type": "Index Scan", "Parent Relationship": "Inner", "Parallel Aware": false, "Scan Direction": "Forward", "Index Name": "supplier_pkey", "Relation Name": "supplier", "Alias": "supplier", "Startup Cost": 0.29, "Total Cost": 1.56, "Plan Rows": 1, "Plan Width": 34, "Index Cond": "(s_suppkey = l1.l_suppkey)"}]}, {"Node Type": "Index Scan", "Parent Relationship": "Inner", "Parallel Aware": false, "Scan Direction": "Forward", "Index Name": "idx_lineitem_orderkey", "Relation Name": "lineitem", "Alias": "l2", "Startup Cost": 0.56, "Total Cost": 2.46, "Plan Rows": 30, "Plan Width": 8, "Index Cond": "(l_orderkey = l1.l_orderkey)", "Filter": "(l_suppkey <> l1.l_suppkey)"}]}, {"Node Type": "Index Scan", "Parent Relationship": "Inner", "Parallel Aware": false, "Scan Direction": "Forward", "Index Name": "orders_pkey", "Relation Name": "orders", "Alias": "orders", "Startup Cost": 0.43, "Total Cost": 1.72, "Plan Rows": 1, "Plan Width": 4, "Index Cond": "(o_orderkey = l1.l_orderkey)", "Filter": "(o_orderstatus = 'F'::bpchar)"}]}, {"Node Type": "Index Scan", "Parent Relationship": "Inner", "Parallel Aware": false, "Scan Direction": "Forward", "Index Name": "nation_pkey", "Relation Name": "nation", "Alias": "nation", "Startup Cost": 0.14, "Total Cost": 0.71, "Plan Rows": 1, "Plan Width": 4, "Index Cond": "(n_nationkey = supplier.s_nationkey)", "Filter": "(n_name = 'GERMANY'::bpchar)"}]}]}]}]}]}]}]}}, {"Plan": {"Node Type": "Limit", "Parallel Aware": false, "Startup Cost": 3398698.28, "Total Cost": 3398698.28, "Plan Rows": 1, "Plan Width": 34, "Plans": [{"Node Type": "Sort", "Parent Relationship": "Outer", "Parallel Aware": false, "Startup Cost": 3398698.28, "Total Cost": 3398698.28, "Plan Rows": 1, "Plan Width": 34, "Sort Key": ["(count(*)) DESC", "supplier.s_name"], "Plans": [{"Node Type": "Aggregate", "Strategy": "Sorted", "Partial Mode": "Simple", "Parent Relationship": "Outer", "Parallel Aware": false, "Startup Cost": 3398698.25, "Total Cost": 3398698.27, "Plan Rows": 1, "Plan Width": 34, "Group Key": ["supplier.s_name"], "Plans": [{"Node Type": "Sort", "Parent Relationship": "Outer", "Parallel Aware": false, "Startup Cost": 3398698.25, "Total Cost": 3398698.25, "Plan Rows": 1, "Plan Width": 26, "Sort Key": ["supplier.s_name"], "Plans": [{"Node Type": "Nested Loop", "Parent Relationship": "Outer", "Parallel Aware": false, "Join Type": "Semi", "Startup Cost": 2151093.3, "Total Cost": 3398698.24, "Plan Rows": 1, "Plan Width": 26, "Inner Unique": false, "Join Filter": "(l2.l_suppkey <> l1.l_suppkey)", "Plans": [{"Node Type": "Gather", "Parent Relationship": "Outer", "Parallel Aware": false, "Startup Cost": 2151091.85, "Total Cost": 3398676.25, "Plan Rows": 1, "Plan Width": 38, "Workers Planned": 3, "Single Copy": false, "Plans": [{"Node Type": "Nested Loop", "Parent Relationship": "Outer", "Parallel Aware": false, "Join Type": "Anti", "Startup Cost": 2150091.85, "Total Cost": 3397676.15, "Plan Rows": 1, "Plan Width": 38, "Inner Unique": false, "Plans": [{"Node Type": "Nested Loop", "Parent Relationship": "Outer", "Parallel Aware": false, "Join Type": "Inner", "Startup Cost": 2150090.42, "Total Cost": 2750613.16, "Plan Rows": 126301, "Plan Width": 38, "Inner Unique": true, "Plans": [{"Node Type": "Merge Join", "Parent Relationship": "Outer", "Parallel Aware": false, "Join Type": "Inner", "Startup Cost": 2150089.34, "Total Cost": 2186208.52, "Plan Rows": 258003, "Plan Width": 34, "Inner Unique": false, "Merge Cond": "(l1.l_suppkey = supplier.s_suppkey)", "Plans": [{"Node Type": "Sort", "Parent Relationship": "Outer", "Parallel Aware": false, "Startup Cost": 2147605.02, "Total Cost": 2163730.23, "Plan Rows": 6450084, "Plan Width": 8, "Sort Key": ["l1.l_suppkey"], "Plans": [{"Node Type": "Seq Scan", "Parent Relationship": "Outer", "Parallel Aware": true, "Relation Name": "lineitem", "Alias": "l1", "Startup Cost": 0.0, "Total Cost": 1366420.13, "Plan Rows": 6450084, "Plan Width": 8, "Filter": "(l_receiptdate > l_commitdate)"}]}, {"Node Type": "Sort", "Parent Relationship": "Inner", "Parallel Aware": false, "Startup Cost": 2483.68, "Total Cost": 2493.68, "Plan Rows": 4000, "Plan Width": 30, "Sort Key": ["supplier.s_suppkey"], "Plans": [{"Node Type": "Nested Loop", "Parent Relationship": "Outer", "Parallel Aware": false, "Join Type": "Inner", "Startup Cost": 44.62, "Total Cost": 2244.36, "Plan Rows": 4000, "Plan Width": 30, "Inner Unique": false, "Plans": [{"Node Type": "Seq Scan", "Parent Relationship": "Outer", "Parallel Aware": false, "Relation Name": "nation", "Alias": "nation", "Startup Cost": 0.0, "Total Cost": 1.31, "Plan Rows": 1, "Plan Width": 4, "Filter": "(n_name = 'GERMANY'::bpchar)"}, {"Node Type": "Bitmap Heap Scan", "Parent Relationship": "Inner", "Parallel Aware": false, "Relation Name": "supplier", "Alias": "supplier", "Startup Cost": 44.62, "Total Cost": 2203.05, "Plan Rows": 4000, "Plan Width": 34, "Recheck Cond": "(s_nationkey = nation.n_nationkey)", "Plans": [{"Node Type": "Bitmap Index Scan", "Parent Relationship": "Outer", "Parallel Aware": false, "Index Name": "idx_supplier_nation_key", "Startup Cost": 0.0, "Total Cost": 43.62, "Plan Rows": 4000, "Plan Width": 0, "Index Cond": "(s_nationkey = nation.n_nationkey)"}]}]}]}]}, {"Node Type": "Bitmap Heap Scan", "Parent Relationship": "Inner", "Parallel Aware": false, "Relation Name": "orders", "Alias": "orders", "Startup Cost": 1.07, "Total Cost": 2.19, "Plan Rows": 1, "Plan Width": 4, "Recheck Cond": "(o_orderkey = l1.l_orderkey)", "Filter": "(o_orderstatus = 'F'::bpchar)", "Plans": [{"Node Type": "Bitmap Index Scan", "Parent Relationship": "Outer", "Parallel Aware": false, "Index Name": "orders_pkey", "Startup Cost": 0.0, "Total Cost": 1.07, "Plan Rows": 1, "Plan Width": 0, "Index Cond": "(o_orderkey = l1.l_orderkey)"}]}]}, {"Node Type": "Bitmap Heap Scan", "Parent Relationship": "Inner", "Parallel Aware": false, "Relation Name": "lineitem", "Alias": "l3", "Startup Cost": 1.44, "Total Cost": 21.76, "Plan Rows": 10, "Plan Width": 8, "Recheck Cond": "(l_orderkey = l1.l_orderkey)", "Filter": "((l_receiptdate > l_commitdate) AND (l_suppkey <> l1.l_suppkey))", "Plans": [{"Node Type": "Bitmap Index Scan", "Parent Relationship": "Outer", "Parallel Aware": false, "Index Name": "lineitem_pkey", "Startup Cost": 0.0, "Total Cost": 1.44, "Plan Rows": 30, "Plan Width": 0, "Index Cond": "(l_orderkey = l1.l_orderkey)"}]}]}]}, {"Node Type": "Bitmap Heap Scan", "Parent Relationship": "Inner", "Parallel Aware": false, "Relation Name": "lineitem", "Alias": "l2", "Startup Cost": 1.44, "Total Cost": 21.61, "Plan Rows": 30, "Plan Width": 8, "Recheck Cond": "(l_orderkey = orders.o_orderkey)", "Plans": [{"Node Type": "Bitmap Index Scan", "Parent Relationship": "Outer", "Parallel Aware": false, "Index Name": "lineitem_pkey", "Startup Cost": 0.0, "Total Cost": 1.44, "Plan Rows": 30, "Plan Width": 0, "Index Cond": "(l_orderkey = orders.o_orderkey)"}]}]}]}]}]}]}}, {"Plan": {"Node Type": "Limit", "Parallel Aware": false, "Startup Cost": 19106599.64, "Total Cost": 19106599.65, "Plan Rows": 1, "Plan Width": 34, "Plans": [{"Node Type": "Sort", "Parent Relationship": "Outer", "Parallel Aware": false, "Startup Cost": 19106599.64, "Total Cost": 19106599.65, "Plan Rows": 1, "Plan Width": 34, "Sort Key": ["(count(*)) DESC", "supplier.s_name"], "Plans": [{"Node Type": "Aggregate", "Strategy": "Sorted", "Partial Mode": "Simple", "Parent Relationship": "Outer", "Parallel Aware": false, "Startup Cost": 19106599.61, "Total Cost": 19106599.63, "Plan Rows": 1, "Plan Width": 34, "Group Key": ["supplier.s_name"], "Plans": [{"Node Type": "Sort", "Parent Relationship": "Outer", "Parallel Aware": false, "Startup Cost": 19106599.61, "Total Cost": 19106599.62, "Plan Rows": 1, "Plan Width": 26, "Sort Key": ["supplier.s_name"], "Plans": [{"Node Type": "Gather", "Parent Relationship": "Outer", "Parallel Aware": false, "Startup Cost": 18458707.08, "Total Cost": 19106599.6, "Plan Rows": 1, "Plan Width": 26, "Workers Planned": 3, "Single Copy": false, "Plans": [{"Node Type": "Merge Join", "Parent Relationship": "Outer", "Parallel Aware": false, "Join Type": "Anti", "Startup Cost": 18457707.08, "Total Cost": 19105599.5, "Plan Rows": 1, "Plan Width": 26, "Inner Unique": false, "Merge Cond": "(l1.l_orderkey = l3.l_orderkey)", "Join Filter": "(l3.l_suppkey <> l1.l_suppkey)", "Plans": [{"Node Type": "Merge Join", "Parent Relationship": "Outer", "Parallel Aware": false, "Join Type": "Semi", "Startup Cost": 13998482.99, "Total Cost": 14494264.63, "Plan Rows": 16699, "Plan Width": 34, "Inner Unique": false, "Merge Cond": "(orders.o_orderkey = l2.l_orderkey)", "Join Filter": "(l2.l_suppkey <> l1.l_suppkey)", "Plans": [{"Node Type": "Merge Join", "Parent Relationship": "Outer", "Parallel Aware": false, "Join Type": "Inner", "Startup Cost": 3563766.34, "Total Cost": 3603032.38, "Plan Rows": 126301, "Plan Width": 38, "Inner Unique": true, "Merge Cond": "(l1.l_orderkey = orders.o_orderkey)", "Plans": [{"Node Type": "Sort", "Parent Relationship": "Outer", "Parallel Aware": false, "Startup Cost": 2219216.94, "Total Cost": 2219861.95, "Plan Rows": 258003, "Plan Width": 34, "Sort Key": ["l1.l_orderkey"], "Plans": [{"Node Type": "Merge Join", "Parent Relationship": "Outer", "Parallel Aware": false, "Join Type": "Inner", "Startup Cost": 2159907.13, "Total Cost": 2196026.31, "Plan Rows": 258003, "Plan Width": 34, "Inner Unique": false, "Merge Cond": "(l1.l_suppkey = supplier.s_suppkey)", "Plans": [{"Node Type": "Sort", "Parent Relationship": "Outer", "Parallel Aware": false, "Startup Cost": 2147605.02, "Total Cost": 2163730.23, "Plan Rows": 6450084, "Plan Width": 8, "Sort Key": ["l1.l_suppkey"], "Plans": [{"Node Type": "Seq Scan", "Parent Relationship": "Outer", "Parallel Aware": true, "Relation Name": "lineitem", "Alias": "l1", "Startup Cost": 0.0, "Total Cost": 1366420.13, "Plan Rows": 6450084, "Plan Width": 8, "Filter": "(l_receiptdate > l_commitdate)"}]}, {"Node Type": "Sort", "Parent Relationship": "Inner", "Parallel Aware": false, "Startup Cost": 12301.47, "Total Cost": 12311.47, "Plan Rows": 4000, "Plan Width": 30, "Sort Key": ["supplier.s_suppkey"], "Plans": [{"Node Type": "Merge Join", "Parent Relationship": "Outer", "Parallel Aware": false, "Join Type": "Inner", "Startup Cost": 11522.14, "Total Cost": 12062.15, "Plan Rows": 4000, "Plan Width": 30, "Inner Unique": true, "Merge Cond": "(supplier.s_nationkey = nation.n_nationkey)", "Plans": [{"Node Type": "Sort", "Parent Relationship": "Outer", "Parallel Aware": false, "Startup Cost": 11520.82, "Total Cost": 11770.82, "Plan Rows": 100000, "Plan Width": 34, "Sort Key": ["supplier.s_nationkey"], "Plans": [{"Node Type": "Seq Scan", "Parent Relationship": "Outer", "Parallel Aware": false, "Relation Name": "supplier", "Alias": "supplier", "Startup Cost": 0.0, "Total Cost": 3216.0, "Plan Rows": 100000, "Plan Width": 34}]}, {"Node Type": "Sort", "Parent Relationship": "Inner", "Parallel Aware": false, "Startup Cost": 1.32, "Total Cost": 1.33, "Plan Rows": 1, "Plan Width": 4, "Sort Key": ["nation.n_nationkey"], "Plans": [{"Node Type": "Seq Scan", "Parent Relationship": "Outer", "Parallel Aware": false, "Relation Name": "nation", "Alias": "nation", "Startup Cost": 0.0, "Total Cost": 1.31, "Plan Rows": 1, "Plan Width": 4, "Filter": "(n_name = 'GERMANY'::bpchar)"}]}]}]}]}]}, {"Node Type": "Sort", "Parent Relationship": "Inner", "Parallel Aware": false, "Startup Cost": 1344549.37, "Total Cost": 1362905.91, "Plan Rows": 7342617, "Plan Width": 4, "Sort Key": ["orders.o_orderkey"], "Plans": [{"Node Type": "Seq Scan", "Parent Relationship": "Outer", "Parallel Aware": false, "Relation Name": "orders", "Alias": "orders", "Startup Cost": 0.0, "Total Cost": 448402.21, "Plan Rows": 7342617, "Plan Width": 4, "Filter": "(o_orderstatus = 'F'::bpchar)"}]}]}, {"Node Type": "Materialize", "Parent Relationship": "Inner", "Parallel Aware": false, "Startup Cost": 10434709.29, "Total Cost": 10734638.17, "Plan Rows": 59985776, "Plan Width": 8, "Plans": [{"Node Type": "Sort", "Parent Relationship": "Outer", "Parallel Aware": false, "Startup Cost": 10434709.29, "Total Cost": 10584673.73, "Plan Rows": 59985776, "Plan Width": 8, "Sort Key": ["l2.l_orderkey"], "Plans": [{"Node Type": "Seq Scan", "Parent Relationship": "Outer", "Parallel Aware": false, "Relation Name": "lineitem", "Alias": "l2", "Startup Cost": 0.0, "Total Cost": 1724399.76, "Plan Rows": 59985776, "Plan Width": 8}]}]}]}, {"Node Type": "Materialize", "Parent Relationship": "Inner", "Parallel Aware": false, "Startup Cost": 4459224.09, "Total Cost": 4559200.39, "Plan Rows": 19995259, "Plan Width": 8, "Plans": [{"Node Type": "Sort", "Parent Relationship": "Outer", "Parallel Aware": false, "Startup Cost": 4459224.09, "Total Cost": 4509212.24, "Plan Rows": 19995259, "Plan Width": 8, "Sort Key": ["l3.l_orderkey"], "Plans": [{"Node Type": "Seq Scan", "Parent Relationship": "Outer", "Parallel Aware": false, "Relation Name": "lineitem", "Alias": "l3", "Startup Cost": 0.0, "Total Cost": 1874364.2, "Plan Rows": 19995259, "Plan Width": 8, "Filter": "(l_receiptdate > l_commitdate)"}]}]}]}]}]}]}]}]}}, {"Plan": {"Node Type": "Limit", "Parallel Aware": false, "Startup Cost": 20494996.44, "Total Cost": 20494996.45, "Plan Rows": 1, "Plan Width": 34, "Plans": [{"Node Type": "Sort", "Parent Relationship": "Outer", "Parallel Aware": false, "Startup Cost": 20494996.44, "Total Cost": 20494996.45, "Plan Rows": 1, "Plan Width": 34, "Sort Key": ["(count(*)) DESC", "supplier.s_name"], "Plans": [{"Node Type": "Aggregate", "Strategy": "Sorted", "Partial Mode": "Simple", "Parent Relationship": "Outer", "Parallel Aware": false, "Startup Cost": 20494996.41, "Total Cost": 20494996.43, "Plan Rows": 1, "Plan Width": 34, "Group Key": ["supplier.s_name"], "Plans": [{"Node Type": "Sort", "Parent Relationship": "Outer", "Parallel Aware": false, "Startup Cost": 20494996.41, "Total Cost": 20494996.42, "Plan Rows": 1, "Plan Width": 26, "Sort Key": ["supplier.s_name"], "Plans": [{"Node Type": "Nested Loop", "Parent Relationship": "Outer", "Parallel Aware": false, "Join Type": "Semi", "Startup Cost": 1004.88, "Total Cost": 20494996.4, "Plan Rows": 1, "Plan Width": 26, "Inner Unique": false, "Join Filter": "(l2.l_suppkey <> l1.l_suppkey)", "Plans": [{"Node Type": "Nested Loop", "Parent Relationship": "Outer", "Parallel Aware": false, "Join Type": "Anti", "Startup Cost": 1003.43, "Total Cost": 20494974.41, "Plan Rows": 1, "Plan Width": 38, "Inner Unique": false, "Plans": [{"Node Type": "Nested Loop", "Parent Relationship": "Outer", "Parallel Aware": false, "Join Type": "Inner", "Startup Cost": 1001.99, "Total Cost": 18489109.5, "Plan Rows": 391534, "Plan Width": 38, "Inner Unique": true, "Plans": [{"Node Type": "Nested Loop", "Parent Relationship": "Outer", "Parallel Aware": false, "Join Type": "Inner", "Startup Cost": 1000.92, "Total Cost": 16739453.57, "Plan Rows": 799810, "Plan Width": 34, "Inner Unique": false, "Join Filter": "(supplier.s_nationkey = nation.n_nationkey)", "Plans": [{"Node Type": "Seq Scan", "Parent Relationship": "Outer", "Parallel Aware": false, "Relation Name": "nation", "Alias": "nation", "Startup Cost": 0.0, "Total Cost": 1.31, "Plan Rows": 1, "Plan Width": 4, "Filter": "(n_name = 'GERMANY'::bpchar)"}, {"Node Type": "Gather", "Parent Relationship": "Inner", "Parallel Aware": false, "Startup Cost": 1000.92, "Total Cost": 16489511.52, "Plan Rows": 19995259, "Plan Width": 38, "Workers Planned": 3, "Single Copy": false, "Plans": [{"Node Type": "Nested Loop", "Parent Relationship": "Outer", "Parallel Aware": false, "Join Type": "Inner", "Startup Cost": 0.92, "Total Cost": 14488985.62, "Plan Rows": 6450084, "Plan Width": 38, "Inner Unique": true, "Plans": [{"Node Type": "Seq Scan", "Parent Relationship": "Outer", "Parallel Aware": true, "Relation Name": "lineitem", "Alias": "l1", "Startup Cost": 0.0, "Total Cost": 1366420.13, "Plan Rows": 6450084, "Plan Width": 8, "Filter": "(l_receiptdate > l_commitdate)"}, {"Node Type": "Bitmap Heap Scan", "Parent Relationship": "Inner", "Parallel Aware": false, "Relation Name": "supplier", "Alias": "supplier", "Startup Cost": 0.92, "Total Cost": 2.03, "Plan Rows": 1, "Plan Width": 34, "Recheck Cond": "(s_suppkey = l1.l_suppkey)", "Plans": [{"Node Type": "Bitmap Index Scan", "Parent Relationship": "Outer", "Parallel Aware": false, "Index Name": "supplier_pkey", "Startup Cost": 0.0, "Total Cost": 0.92, "Plan Rows": 1, "Plan Width": 0, "Index Cond": "(s_suppkey = l1.l_suppkey)"}]}]}]}]}, {"Node Type": "Bitmap Heap Scan", "Parent Relationship": "Inner", "Parallel Aware": false, "Relation Name": "orders", "Alias": "orders", "Startup Cost": 1.07, "Total Cost": 2.19, "Plan Rows": 1, "Plan Width": 4, "Recheck Cond": "(o_orderkey = l1.l_orderkey)", "Filter": "(o_orderstatus = 'F'::bpchar)", "Plans": [{"Node Type": "Bitmap Index Scan", "Parent Relationship": "Outer", "Parallel Aware": false, "Index Name": "orders_pkey", "Startup Cost": 0.0, "Total Cost": 1.07, "Plan Rows": 1, "Plan Width": 0, "Index Cond": "(o_orderkey = l1.l_orderkey)"}]}]}, {"Node Type": "Bitmap Heap Scan", "Parent Relationship": "Inner", "Parallel Aware": false, "Relation Name": "lineitem", "Alias": "l3", "Startup Cost": 1.44, "Total Cost": 21.76, "Plan Rows": 10, "Plan Width": 8, "Recheck Cond": "(l_orderkey = l1.l_orderkey)", "Filter": "((l_receiptdate > l_commitdate) AND (l_suppkey <> l1.l_suppkey))", "Plans": [{"Node Type": "Bitmap Index Scan", "Parent Relationship": "Outer", "Parallel Aware": false, "Index Name": "lineitem_pkey", "Startup Cost": 0.0, "Total Cost": 1.44, "Plan Rows": 30, "Plan Width": 0, "Index Cond": "(l_orderkey = l1.l_orderkey)"}]}]}, {"Node Type": "Bitmap Heap Scan", "Parent Relationship": "Inner", "Parallel Aware": false, "Relation Name": "lineitem", "Alias": "l2", "Startup Cost": 1.44, "Total Cost": 21.61, "Plan Rows": 30, "Plan Width": 8, "Recheck Cond": "(l_orderkey = orders.o_orderkey)", "Plans": [{"Node Type": "Bitmap Index Scan", "Parent Relationship": "Outer", "Parallel Aware": false, "Index Name": "lineitem_pkey", "Startup Cost": 0.0, "Total Cost": 1.44, "Plan Rows": 30, "Plan Width": 0, "Index Cond": "(l_orderkey = orders.o_orderkey)"}]}]}]}]}]}]}}, {"Plan": {"Node Type": "Limit", "Parallel Aware": false, "Startup Cost": 1638411.01, "Total Cost": 1638411.01, "Plan Rows": 1, "Plan Width": 34, "Plans": [{"Node Type": "Sort", "Parent Relationship": "Outer", "Parallel Aware": false, "Startup Cost": 1638411.01, "Total Cost": 1638411.01, "Plan Rows": 1, "Plan Width": 34, "Sort Key": ["(count(*)) DESC", "supplier.s_name"], "Plans": [{"Node Type": "Aggregate", "Strategy": "Sorted", "Partial Mode": "Simple", "Parent Relationship": "Outer", "Parallel Aware": false, "Startup Cost": 1638410.98, "Total Cost": 1638411.0, "Plan Rows": 1, "Plan Width": 34, "Group Key": ["supplier.s_name"], "Plans": [{"Node Type": "Sort", "Parent Relationship": "Outer", "Parallel Aware": false, "Startup Cost": 1638410.98, "Total Cost": 1638410.98, "Plan Rows": 1, "Plan Width": 26, "Sort Key": ["supplier.s_name"], "Plans": [{"Node Type": "Nested Loop", "Parent Relationship": "Outer", "Parallel Aware": false, "Join Type": "Inner", "Startup Cost": 4017.13, "Total Cost": 1638410.97, "Plan Rows": 1, "Plan Width": 26, "Inner Unique": true, "Plans": [{"Node Type": "Nested Loop", "Parent Relationship": "Outer", "Parallel Aware": false, "Join Type": "Semi", "Startup Cost": 4016.69, "Total Cost": 1638409.25, "Plan Rows": 1, "Plan Width": 34, "Inner Unique": false, "Plans": [{"Node Type": "Gather", "Parent Relationship": "Outer", "Parallel Aware": false, "Startup Cost": 4016.13, "Total Cost": 1638406.77, "Plan Rows": 1, "Plan Width": 34, "Workers Planned": 3, "Single Copy": false, "Plans": [{"Node Type": "Nested Loop", "Parent Relationship": "Outer", "Parallel Aware": false, "Join Type": "Anti", "Startup Cost": 3016.13, "Total Cost": 1637406.67, "Plan Rows": 1, "Plan Width": 34, "Inner Unique": false, "Plans": [{"Node Type": "Hash Join", "Parent Relationship": "Outer", "Parallel Aware": true, "Join Type": "Inner", "Startup Cost": 3015.56, "Total Cost": 1395141.21, "Plan Rows": 258003, "Plan Width": 34, "Inner Unique": false, "Hash Cond": "(l1.l_suppkey = supplier.s_suppkey)", "Plans": [{"Node Type": "Seq Scan", "Parent Relationship": "Outer", "Parallel Aware": true, "Relation Name": "lineitem", "Alias": "l1", "Startup Cost": 0.0, "Total Cost": 1366420.13, "Plan Rows": 6450084, "Plan Width": 8, "Filter": "(l_receiptdate > l_commitdate)"}, {"Node Type": "Hash", "Parent Relationship": "Inner", "Parallel Aware": true, "Startup Cost": 2986.15, "Total Cost": 2986.15, "Plan Rows": 2353, "Plan Width": 30, "Plans": [{"Node Type": "Hash Join", "Parent Relationship": "Outer", "Parallel Aware": false, "Join Type": "Inner", "Startup Cost": 1.32, "Total Cost": 2986.15, "Plan Rows": 2353, "Plan Width": 30, "Inner Unique": true, "Hash Cond": "(supplier.s_nationkey = nation.n_nationkey)", "Plans": [{"Node Type": "Seq Scan", "Parent Relationship": "Outer", "Parallel Aware": true, "Relation Name": "supplier", "Alias": "supplier", "Startup Cost": 0.0, "Total Cost": 2804.24, "Plan Rows": 58824, "Plan Width": 34}, {"Node Type": "Hash", "Parent Relationship": "Inner", "Parallel Aware": false, "Startup Cost": 1.31, "Total Cost": 1.31, "Plan Rows": 1, "Plan Width": 4, "Plans": [{"Node Type": "Seq Scan", "Parent Relationship": "Outer", "Parallel Aware": false, "Relation Name": "nation", "Alias": "nation", "Startup Cost": 0.0, "Total Cost": 1.31, "Plan Rows": 1, "Plan Width": 4, "Filter": "(n_name = 'GERMANY'::bpchar)"}]}]}]}]}, {"Node Type": "Index Scan", "Parent Relationship": "Inner", "Parallel Aware": false, "Scan Direction": "Forward", "Index Name": "idx_lineitem_orderkey", "Relation Name": "lineitem", "Alias": "l3", "Startup Cost": 0.56, "Total Cost": 2.54, "Plan Rows": 10, "Plan Width": 8, "Index Cond": "(l_orderkey = l1.l_orderkey)", "Filter": "((l_receiptdate > l_commitdate) AND (l_suppkey <> l1.l_suppkey))"}]}]}, {"Node Type": "Index Scan", "Parent Relationship": "Inner", "Parallel Aware": false, "Scan Direction": "Forward", "Index Name": "idx_lineitem_orderkey", "Relation Name": "lineitem", "Alias": "l2", "Startup Cost": 0.56, "Total Cost": 2.46, "Plan Rows": 30, "Plan Width": 8, "Index Cond": "(l_orderkey = l1.l_orderkey)", "Filter": "(l_suppkey <> l1.l_suppkey)"}]}, {"Node Type": "Index Scan", "Parent Relationship": "Inner", "Parallel Aware": false, "Scan Direction": "Forward", "Index Name": "orders_pkey", "Relation Name": "orders", "Alias": "orders", "Startup Cost": 0.43, "Total Cost": 1.72, "Plan Rows": 1, "Plan Width": 4, "Index Cond": "(o_orderkey = l1.l_orderkey)", "Filter": "(o_orderstatus = 'F'::bpchar)"}]}]}]}]}]}}]