[{"Plan": {"Node Type": "Limit", "Parallel Aware": false, "Startup Cost": 30000209195.99, "Total Cost": 30000209196.02, "Plan Rows": 1, "Plan Width": 72, "Plans": [{"Node Type": "Aggregate", "Strategy": "Plain", "Partial Mode": "Simple", "Parent Relationship": "InitPlan", "Subplan Name": "InitPlan 1 (returns $0)", "Parallel Aware": false, "Startup Cost": 10000075321.3, "Total Cost": 10000075321.31, "Plan Rows": 1, "Plan Width": 32, "Plans": [{"Node Type": "Seq Scan", "Parent Relationship": "Outer", "Parallel Aware": false, "Relation Name": "customer", "Alias": "customer_1", "Startup Cost": 10000000000.0, "Total Cost": 10000075202.0, "Plan Rows": 47720, "Plan Width": 6, "Filter": "((c_acctbal > 0.00) AND (\"substring\"((c_phone)::text, 1, 2) = ANY ('{28,32,30,13,16,24,22}'::text[])))"}]}, {"Node Type": "Aggregate", "Strategy": "Sorted", "Partial Mode": "Simple", "Parent Relationship": "Outer", "Parallel Aware": false, "Startup Cost": 20000133874.68, "Total Cost": 20000134082.25, "Plan Rows": 7548, "Plan Width": 72, "Group Key": ["(\"substring\"((customer.c_phone)::text, 1, 2))"], "Plans": [{"Node Type": "Sort", "Parent Relationship": "Outer", "Parallel Aware": false, "Startup Cost": 20000133874.68, "Total Cost": 20000133893.55, "Plan Rows": 7548, "Plan Width": 38, "Sort Key": ["(\"substring\"((customer.c_phone)::text, 1, 2))"], "Plans": [{"Node Type": "Nested Loop", "Parent Relationship": "Outer", "Parallel Aware": false, "Join Type": "Anti", "Startup Cost": 20000000001.91, "Total Cost": 20000133388.52, "Plan Rows": 7548, "Plan Width": 38, "Inner Unique": false, "Plans": [{"Node Type": "Index Scan", "Parent Relationship": "Outer", "Parallel Aware": false, "Scan Direction": "Forward", "Index Name": "customer_pkey", "Relation Name": "customer", "Alias": "customer", "Startup Cost": 10000000000.43, "Total Cost": 10000087230.13, "Plan Rows": 17500, "Plan Width": 26, "Filter": "((c_acctbal > $0) AND (\"substring\"((c_phone)::text, 1, 2) = ANY ('{28,32,30,13,16,24,22}'::text[])))"}, {"Node Type": "Bitmap Heap Scan", "Parent Relationship": "Inner", "Parallel Aware": false, "Relation Name": "orders", "Alias": "orders", "Startup Cost": 1.48, "Total Cost": 14.9, "Plan Rows": 18, "Plan Width": 4, "Recheck Cond": "(o_custkey = customer.c_custkey)", "Plans": [{"Node Type": "Bitmap Index Scan", "Parent Relationship": "Outer", "Parallel Aware": false, "Index Name": "idx_orders_custkey", "Startup Cost": 0.0, "Total Cost": 1.48, "Plan Rows": 18, "Plan Width": 0, "Index Cond": "(o_custkey = customer.c_custkey)"}]}]}]}]}]}}, {"Plan": {"Node Type": "Limit", "Parallel Aware": false, "Startup Cost": 10000691117.41, "Total Cost": 10000691117.56, "Plan Rows": 1, "Plan Width": 72, "Plans": [{"Node Type": "Aggregate", "Strategy": "Plain", "Partial Mode": "Simple", "Parent Relationship": "InitPlan", "Subplan Name": "InitPlan 1 (returns $0)", "Parallel Aware": false, "Startup Cost": 10000075321.3, "Total Cost": 10000075321.31, "Plan Rows": 1, "Plan Width": 32, "Plans": [{"Node Type": "Seq Scan", "Parent Relationship": "Outer", "Parallel Aware": false, "Relation Name": "customer", "Alias": "customer_1", "Startup Cost": 10000000000.0, "Total Cost": 10000075202.0, "Plan Rows": 47720, "Plan Width": 6, "Filter": "((c_acctbal > 0.00) AND (\"substring\"((c_phone)::text, 1, 2) = ANY ('{28,32,30,13,16,24,22}'::text[])))"}]}, {"Node Type": "Aggregate", "Strategy": "Sorted", "Partial Mode": "Finalize", "Parent Relationship": "Outer", "Parallel Aware": false, "Startup Cost": 615796.1, "Total Cost": 616926.54, "Plan Rows": 7548, "Plan Width": 72, "Group Key": ["(\"substring\"((customer.c_phone)::text, 1, 2))"], "Plans": [{"Node Type": "Gather Merge", "Parent Relationship": "Outer", "Parallel Aware": false, "Startup Cost": 615796.1, "Total Cost": 616721.4, "Plan Rows": 7305, "Plan Width": 72, "Workers Planned": 3, "Params Evaluated": ["$0"], "Plans": [{"Node Type": "Aggregate", "Strategy": "Sorted", "Partial Mode": "Partial", "Parent Relationship": "Outer", "Parallel Aware": false, "Startup Cost": 614796.06, "Total Cost": 614863.02, "Plan Rows": 2435, "Plan Width": 72, "Group Key": ["(\"substring\"((customer.c_phone)::text, 1, 2))"], "Plans": [{"Node Type": "Sort", "Parent Relationship": "Outer", "Parallel Aware": false, "Startup Cost": 614796.06, "Total Cost": 614802.15, "Plan Rows": 2435, "Plan Width": 38, "Sort Key": ["(\"substring\"((customer.c_phone)::text, 1, 2))"], "Plans": [{"Node Type": "Hash Join", "Parent Relationship": "Outer", "Parallel Aware": true, "Join Type": "Anti", "Startup Cost": 535068.83, "Total Cost": 614659.1, "Plan Rows": 2435, "Plan Width": 38, "Inner Unique": false, "Hash Cond": "(customer.c_custkey = orders.o_custkey)", "Plans": [{"Node Type": "Index Scan", "Parent Relationship": "Outer", "Parallel Aware": true, "Scan Direction": "Forward", "Index Name": "customer_pkey", "Relation Name": "customer", "Alias": "customer", "Startup Cost": 0.43, "Total Cost": 60556.74, "Plan Rows": 5645, "Plan Width": 26, "Filter": "((c_acctbal > $0) AND (\"substring\"((c_phone)::text, 1, 2) = ANY ('{28,32,30,13,16,24,22}'::text[])))"}, {"Node Type": "Hash", "Parent Relationship": "Inner", "Parallel Aware": true, "Startup Cost": 455686.69, "Total Cost": 455686.69, "Plan Rows": 4838457, "Plan Width": 4, "Plans": [{"Node Type": "Index Only Scan", "Parent Relationship": "Outer", "Parallel Aware": true, "Scan Direction": "Forward", "Index Name": "idx_orders_custkey", "Relation Name": "orders", "Alias": "orders", "Startup Cost": 0.43, "Total Cost": 455686.69, "Plan Rows": 4838457, "Plan Width": 4}]}]}]}]}]}]}]}}, {"Plan": {"Node Type": "Limit", "Parallel Aware": false, "Startup Cost": 10000691117.41, "Total Cost": 10000691117.56, "Plan Rows": 1, "Plan Width": 72, "Plans": [{"Node Type": "Aggregate", "Strategy": "Plain", "Partial Mode": "Simple", "Parent Relationship": "InitPlan", "Subplan Name": "InitPlan 1 (returns $0)", "Parallel Aware": false, "Startup Cost": 10000075321.3, "Total Cost": 10000075321.31, "Plan Rows": 1, "Plan Width": 32, "Plans": [{"Node Type": "Seq Scan", "Parent Relationship": "Outer", "Parallel Aware": false, "Relation Name": "customer", "Alias": "customer_1", "Startup Cost": 10000000000.0, "Total Cost": 10000075202.0, "Plan Rows": 47720, "Plan Width": 6, "Filter": "((c_acctbal > 0.00) AND (\"substring\"((c_phone)::text, 1, 2) = ANY ('{28,32,30,13,16,24,22}'::text[])))"}]}, {"Node Type": "Aggregate", "Strategy": "Sorted", "Partial Mode": "Finalize", "Parent Relationship": "Outer", "Parallel Aware": false, "Startup Cost": 615796.1, "Total Cost": 616926.54, "Plan Rows": 7548, "Plan Width": 72, "Group Key": ["(\"substring\"((customer.c_phone)::text, 1, 2))"], "Plans": [{"Node Type": "Gather Merge", "Parent Relationship": "Outer", "Parallel Aware": false, "Startup Cost": 615796.1, "Total Cost": 616721.4, "Plan Rows": 7305, "Plan Width": 72, "Workers Planned": 3, "Params Evaluated": ["$0"], "Plans": [{"Node Type": "Aggregate", "Strategy": "Sorted", "Partial Mode": "Partial", "Parent Relationship": "Outer", "Parallel Aware": false, "Startup Cost": 614796.06, "Total Cost": 614863.02, "Plan Rows": 2435, "Plan Width": 72, "Group Key": ["(\"substring\"((customer.c_phone)::text, 1, 2))"], "Plans": [{"Node Type": "Sort", "Parent Relationship": "Outer", "Parallel Aware": false, "Startup Cost": 614796.06, "Total Cost": 614802.15, "Plan Rows": 2435, "Plan Width": 38, "Sort Key": ["(\"substring\"((customer.c_phone)::text, 1, 2))"], "Plans": [{"Node Type": "Hash Join", "Parent Relationship": "Outer", "Parallel Aware": true, "Join Type": "Anti", "Startup Cost": 535068.83, "Total Cost": 614659.1, "Plan Rows": 2435, "Plan Width": 38, "Inner Unique": false, "Hash Cond": "(customer.c_custkey = orders.o_custkey)", "Plans": [{"Node Type": "Index Scan", "Parent Relationship": "Outer", "Parallel Aware": true, "Scan Direction": "Forward", "Index Name": "customer_pkey", "Relation Name": "customer", "Alias": "customer", "Startup Cost": 0.43, "Total Cost": 60556.74, "Plan Rows": 5645, "Plan Width": 26, "Filter": "((c_acctbal > $0) AND (\"substring\"((c_phone)::text, 1, 2) = ANY ('{28,32,30,13,16,24,22}'::text[])))"}, {"Node Type": "Hash", "Parent Relationship": "Inner", "Parallel Aware": true, "Startup Cost": 455686.69, "Total Cost": 455686.69, "Plan Rows": 4838457, "Plan Width": 4, "Plans": [{"Node Type": "Index Only Scan", "Parent Relationship": "Outer", "Parallel Aware": true, "Scan Direction": "Forward", "Index Name": "idx_orders_custkey", "Relation Name": "orders", "Alias": "orders", "Startup Cost": 0.43, "Total Cost": 455686.69, "Plan Rows": 4838457, "Plan Width": 4}]}]}]}]}]}]}]}}, {"Plan": {"Node Type": "Limit", "Parallel Aware": false, "Startup Cost": 10000146068.4, "Total Cost": 10000146068.55, "Plan Rows": 1, "Plan Width": 72, "Plans": [{"Node Type": "Aggregate", "Strategy": "Plain", "Partial Mode": "Simple", "Parent Relationship": "InitPlan", "Subplan Name": "InitPlan 1 (returns $0)", "Parallel Aware": false, "Startup Cost": 10000075321.3, "Total Cost": 10000075321.31, "Plan Rows": 1, "Plan Width": 32, "Plans": [{"Node Type": "Seq Scan", "Parent Relationship": "Outer", "Parallel Aware": false, "Relation Name": "customer", "Alias": "customer_1", "Startup Cost": 10000000000.0, "Total Cost": 10000075202.0, "Plan Rows": 47720, "Plan Width": 6, "Filter": "((c_acctbal > 0.00) AND (\"substring\"((c_phone)::text, 1, 2) = ANY ('{28,32,30,13,16,24,22}'::text[])))"}]}, {"Node Type": "Aggregate", "Strategy": "Sorted", "Partial Mode": "Finalize", "Parent Relationship": "Outer", "Parallel Aware": false, "Startup Cost": 70747.08, "Total Cost": 71877.52, "Plan Rows": 7548, "Plan Width": 72, "Group Key": ["(\"substring\"((customer.c_phone)::text, 1, 2))"], "Plans": [{"Node Type": "Gather Merge", "Parent Relationship": "Outer", "Parallel Aware": false, "Startup Cost": 70747.08, "Total Cost": 71672.38, "Plan Rows": 7305, "Plan Width": 72, "Workers Planned": 3, "Params Evaluated": ["$0"], "Plans": [{"Node Type": "Aggregate", "Strategy": "Sorted", "Partial Mode": "Partial", "Parent Relationship": "Outer", "Parallel Aware": false, "Startup Cost": 69747.04, "Total Cost": 69814.01, "Plan Rows": 2435, "Plan Width": 72, "Group Key": ["(\"substring\"((customer.c_phone)::text, 1, 2))"], "Plans": [{"Node Type": "Sort", "Parent Relationship": "Outer", "Parallel Aware": false, "Startup Cost": 69747.04, "Total Cost": 69753.13, "Plan Rows": 2435, "Plan Width": 38, "Sort Key": ["(\"substring\"((customer.c_phone)::text, 1, 2))"], "Plans": [{"Node Type": "Nested Loop", "Parent Relationship": "Outer", "Parallel Aware": false, "Join Type": "Anti", "Startup Cost": 0.86, "Total Cost": 69610.08, "Plan Rows": 2435, "Plan Width": 38, "Inner Unique": false, "Plans": [{"Node Type": "Index Scan", "Parent Relationship": "Outer", "Parallel Aware": true, "Scan Direction": "Forward", "Index Name": "customer_pkey", "Relation Name": "customer", "Alias": "customer", "Startup Cost": 0.43, "Total Cost": 60556.74, "Plan Rows": 5645, "Plan Width": 26, "Filter": "((c_acctbal > $0) AND (\"substring\"((c_phone)::text, 1, 2) = ANY ('{28,32,30,13,16,24,22}'::text[])))"}, {"Node Type": "Index Only Scan", "Parent Relationship": "Inner", "Parallel Aware": false, "Scan Direction": "Forward", "Index Name": "idx_orders_custkey", "Relation Name": "orders", "Alias": "orders", "Startup Cost": 0.43, "Total Cost": 14.0, "Plan Rows": 18, "Plan Width": 4, "Index Cond": "(o_custkey = customer.c_custkey)"}]}]}]}]}]}]}}, {"Plan": {"Node Type": "Limit", "Parallel Aware": false, "Startup Cost": 506945.29, "Total Cost": 506945.44, "Plan Rows": 1, "Plan Width": 72, "Plans": [{"Node Type": "Aggregate", "Strategy": "Plain", "Partial Mode": "Finalize", "Parent Relationship": "InitPlan", "Subplan Name": "InitPlan 1 (returns $1)", "Parallel Aware": false, "Startup Cost": 49567.43, "Total Cost": 49567.44, "Plan Rows": 1, "Plan Width": 32, "Plans": [{"Node Type": "Gather", "Parent Relationship": "Outer", "Parallel Aware": false, "Startup Cost": 49567.1, "Total Cost": 49567.41, "Plan Rows": 3, "Plan Width": 32, "Workers Planned": 3, "Single Copy": false, "Plans": [{"Node Type": "Aggregate", "Strategy": "Plain", "Partial Mode": "Partial", "Parent Relationship": "Outer", "Parallel Aware": false, "Startup Cost": 48567.1, "Total Cost": 48567.11, "Plan Rows": 1, "Plan Width": 32, "Plans": [{"Node Type": "Seq Scan", "Parent Relationship": "Outer", "Parallel Aware": true, "Relation Name": "customer", "Alias": "customer_1", "Startup Cost": 0.0, "Total Cost": 48528.61, "Plan Rows": 15394, "Plan Width": 6, "Filter": "((c_acctbal > 0.00) AND (\"substring\"((c_phone)::text, 1, 2) = ANY ('{28,32,30,13,16,24,22}'::text[])))"}]}]}]}, {"Node Type": "Aggregate", "Strategy": "Sorted", "Partial Mode": "Finalize", "Parent Relationship": "Outer", "Parallel Aware": false, "Startup Cost": 457377.86, "Total Cost": 458508.3, "Plan Rows": 7548, "Plan Width": 72, "Group Key": ["(\"substring\"((customer.c_phone)::text, 1, 2))"], "Plans": [{"Node Type": "Gather Merge", "Parent Relationship": "Outer", "Parallel Aware": false, "Startup Cost": 457377.86, "Total Cost": 458303.16, "Plan Rows": 7305, "Plan Width": 72, "Workers Planned": 3, "Params Evaluated": ["$1"], "Plans": [{"Node Type": "Aggregate", "Strategy": "Sorted", "Partial Mode": "Partial", "Parent Relationship": "Outer", "Parallel Aware": false, "Startup Cost": 456377.82, "Total Cost": 456444.78, "Plan Rows": 2435, "Plan Width": 72, "Group Key": ["(\"substring\"((customer.c_phone)::text, 1, 2))"], "Plans": [{"Node Type": "Sort", "Parent Relationship": "Outer", "Parallel Aware": false, "Startup Cost": 456377.82, "Total Cost": 456383.9, "Plan Rows": 2435, "Plan Width": 38, "Sort Key": ["(\"substring\"((customer.c_phone)::text, 1, 2))"], "Plans": [{"Node Type": "Hash Join", "Parent Relationship": "Outer", "Parallel Aware": true, "Join Type": "Anti", "Startup Cost": 388678.28, "Total Cost": 456240.85, "Plan Rows": 2435, "Plan Width": 38, "Inner Unique": false, "Hash Cond": "(customer.c_custkey = orders.o_custkey)", "Plans": [{"Node Type": "Seq Scan", "Parent Relationship": "Outer", "Parallel Aware": true, "Relation Name": "customer", "Alias": "customer", "Startup Cost": 0.0, "Total Cost": 48528.61, "Plan Rows": 5645, "Plan Width": 26, "Filter": "((c_acctbal > $1) AND (\"substring\"((c_phone)::text, 1, 2) = ANY ('{28,32,30,13,16,24,22}'::text[])))"}, {"Node Type": "Hash", "Parent Relationship": "Inner", "Parallel Aware": true, "Startup Cost": 309296.57, "Total Cost": 309296.57, "Plan Rows": 4838457, "Plan Width": 4, "Plans": [{"Node Type": "Seq Scan", "Parent Relationship": "Outer", "Parallel Aware": true, "Relation Name": "orders", "Alias": "orders", "Startup Cost": 0.0, "Total Cost": 309296.57, "Plan Rows": 4838457, "Plan Width": 4}]}]}]}]}]}]}]}}, {"Plan": {"Node Type": "Limit", "Parallel Aware": false, "Startup Cost": 10000146068.4, "Total Cost": 10000146068.55, "Plan Rows": 1, "Plan Width": 72, "Plans": [{"Node Type": "Aggregate", "Strategy": "Plain", "Partial Mode": "Simple", "Parent Relationship": "InitPlan", "Subplan Name": "InitPlan 1 (returns $0)", "Parallel Aware": false, "Startup Cost": 10000075321.3, "Total Cost": 10000075321.31, "Plan Rows": 1, "Plan Width": 32, "Plans": [{"Node Type": "Seq Scan", "Parent Relationship": "Outer", "Parallel Aware": false, "Relation Name": "customer", "Alias": "customer_1", "Startup Cost": 10000000000.0, "Total Cost": 10000075202.0, "Plan Rows": 47720, "Plan Width": 6, "Filter": "((c_acctbal > 0.00) AND (\"substring\"((c_phone)::text, 1, 2) = ANY ('{28,32,30,13,16,24,22}'::text[])))"}]}, {"Node Type": "Aggregate", "Strategy": "Sorted", "Partial Mode": "Finalize", "Parent Relationship": "Outer", "Parallel Aware": false, "Startup Cost": 70747.08, "Total Cost": 71877.52, "Plan Rows": 7548, "Plan Width": 72, "Group Key": ["(\"substring\"((customer.c_phone)::text, 1, 2))"], "Plans": [{"Node Type": "Gather Merge", "Parent Relationship": "Outer", "Parallel Aware": false, "Startup Cost": 70747.08, "Total Cost": 71672.38, "Plan Rows": 7305, "Plan Width": 72, "Workers Planned": 3, "Params Evaluated": ["$0"], "Plans": [{"Node Type": "Aggregate", "Strategy": "Sorted", "Partial Mode": "Partial", "Parent Relationship": "Outer", "Parallel Aware": false, "Startup Cost": 69747.04, "Total Cost": 69814.01, "Plan Rows": 2435, "Plan Width": 72, "Group Key": ["(\"substring\"((customer.c_phone)::text, 1, 2))"], "Plans": [{"Node Type": "Sort", "Parent Relationship": "Outer", "Parallel Aware": false, "Startup Cost": 69747.04, "Total Cost": 69753.13, "Plan Rows": 2435, "Plan Width": 38, "Sort Key": ["(\"substring\"((customer.c_phone)::text, 1, 2))"], "Plans": [{"Node Type": "Nested Loop", "Parent Relationship": "Outer", "Parallel Aware": false, "Join Type": "Anti", "Startup Cost": 0.86, "Total Cost": 69610.08, "Plan Rows": 2435, "Plan Width": 38, "Inner Unique": false, "Plans": [{"Node Type": "Index Scan", "Parent Relationship": "Outer", "Parallel Aware": true, "Scan Direction": "Forward", "Index Name": "customer_pkey", "Relation Name": "customer", "Alias": "customer", "Startup Cost": 0.43, "Total Cost": 60556.74, "Plan Rows": 5645, "Plan Width": 26, "Filter": "((c_acctbal > $0) AND (\"substring\"((c_phone)::text, 1, 2) = ANY ('{28,32,30,13,16,24,22}'::text[])))"}, {"Node Type": "Index Only Scan", "Parent Relationship": "Inner", "Parallel Aware": false, "Scan Direction": "Forward", "Index Name": "idx_orders_custkey", "Relation Name": "orders", "Alias": "orders", "Startup Cost": 0.43, "Total Cost": 14.0, "Plan Rows": 18, "Plan Width": 4, "Index Cond": "(o_custkey = customer.c_custkey)"}]}]}]}]}]}]}}, {"Plan": {"Node Type": "Limit", "Parallel Aware": false, "Startup Cost": 108286.39, "Total Cost": 108286.54, "Plan Rows": 1, "Plan Width": 72, "Plans": [{"Node Type": "Aggregate", "Strategy": "Plain", "Partial Mode": "Finalize", "Parent Relationship": "InitPlan", "Subplan Name": "InitPlan 1 (returns $1)", "Parallel Aware": false, "Startup Cost": 49567.43, "Total Cost": 49567.44, "Plan Rows": 1, "Plan Width": 32, "Plans": [{"Node Type": "Gather", "Parent Relationship": "Outer", "Parallel Aware": false, "Startup Cost": 49567.1, "Total Cost": 49567.41, "Plan Rows": 3, "Plan Width": 32, "Workers Planned": 3, "Single Copy": false, "Plans": [{"Node Type": "Aggregate", "Strategy": "Plain", "Partial Mode": "Partial", "Parent Relationship": "Outer", "Parallel Aware": false, "Startup Cost": 48567.1, "Total Cost": 48567.11, "Plan Rows": 1, "Plan Width": 32, "Plans": [{"Node Type": "Seq Scan", "Parent Relationship": "Outer", "Parallel Aware": true, "Relation Name": "customer", "Alias": "customer_1", "Startup Cost": 0.0, "Total Cost": 48528.61, "Plan Rows": 15394, "Plan Width": 6, "Filter": "((c_acctbal > 0.00) AND (\"substring\"((c_phone)::text, 1, 2) = ANY ('{28,32,30,13,16,24,22}'::text[])))"}]}]}]}, {"Node Type": "Aggregate", "Strategy": "Sorted", "Partial Mode": "Finalize", "Parent Relationship": "Outer", "Parallel Aware": false, "Startup Cost": 58718.96, "Total Cost": 59849.4, "Plan Rows": 7548, "Plan Width": 72, "Group Key": ["(\"substring\"((customer.c_phone)::text, 1, 2))"], "Plans": [{"Node Type": "Gather Merge", "Parent Relationship": "Outer", "Parallel Aware": false, "Startup Cost": 58718.96, "Total Cost": 59644.26, "Plan Rows": 7305, "Plan Width": 72, "Workers Planned": 3, "Params Evaluated": ["$1"], "Plans": [{"Node Type": "Aggregate", "Strategy": "Sorted", "Partial Mode": "Partial", "Parent Relationship": "Outer", "Parallel Aware": false, "Startup Cost": 57718.92, "Total Cost": 57785.88, "Plan Rows": 2435, "Plan Width": 72, "Group Key": ["(\"substring\"((customer.c_phone)::text, 1, 2))"], "Plans": [{"Node Type": "Sort", "Parent Relationship": "Outer", "Parallel Aware": false, "Startup Cost": 57718.92, "Total Cost": 57725.0, "Plan Rows": 2435, "Plan Width": 38, "Sort Key": ["(\"substring\"((customer.c_phone)::text, 1, 2))"], "Plans": [{"Node Type": "Nested Loop", "Parent Relationship": "Outer", "Parallel Aware": false, "Join Type": "Anti", "Startup Cost": 0.43, "Total Cost": 57581.95, "Plan Rows": 2435, "Plan Width": 38, "Inner Unique": false, "Plans": [{"Node Type": "Seq Scan", "Parent Relationship": "Outer", "Parallel Aware": true, "Relation Name": "customer", "Alias": "customer", "Startup Cost": 0.0, "Total Cost": 48528.61, "Plan Rows": 5645, "Plan Width": 26, "Filter": "((c_acctbal > $1) AND (\"substring\"((c_phone)::text, 1, 2) = ANY ('{28,32,30,13,16,24,22}'::text[])))"}, {"Node Type": "Index Only Scan", "Parent Relationship": "Inner", "Parallel Aware": false, "Scan Direction": "Forward", "Index Name": "idx_orders_custkey", "Relation Name": "orders", "Alias": "orders", "Startup Cost": 0.43, "Total Cost": 14.0, "Plan Rows": 18, "Plan Width": 4, "Index Cond": "(o_custkey = customer.c_custkey)"}]}]}]}]}]}]}}, {"Plan": {"Node Type": "Limit", "Parallel Aware": false, "Startup Cost": 506945.29, "Total Cost": 506945.44, "Plan Rows": 1, "Plan Width": 72, "Plans": [{"Node Type": "Aggregate", "Strategy": "Plain", "Partial Mode": "Finalize", "Parent Relationship": "InitPlan", "Subplan Name": "InitPlan 1 (returns $1)", "Parallel Aware": false, "Startup Cost": 49567.43, "Total Cost": 49567.44, "Plan Rows": 1, "Plan Width": 32, "Plans": [{"Node Type": "Gather", "Parent Relationship": "Outer", "Parallel Aware": false, "Startup Cost": 49567.1, "Total Cost": 49567.41, "Plan Rows": 3, "Plan Width": 32, "Workers Planned": 3, "Single Copy": false, "Plans": [{"Node Type": "Aggregate", "Strategy": "Plain", "Partial Mode": "Partial", "Parent Relationship": "Outer", "Parallel Aware": false, "Startup Cost": 48567.1, "Total Cost": 48567.11, "Plan Rows": 1, "Plan Width": 32, "Plans": [{"Node Type": "Seq Scan", "Parent Relationship": "Outer", "Parallel Aware": true, "Relation Name": "customer", "Alias": "customer_1", "Startup Cost": 0.0, "Total Cost": 48528.61, "Plan Rows": 15394, "Plan Width": 6, "Filter": "((c_acctbal > 0.00) AND (\"substring\"((c_phone)::text, 1, 2) = ANY ('{28,32,30,13,16,24,22}'::text[])))"}]}]}]}, {"Node Type": "Aggregate", "Strategy": "Sorted", "Partial Mode": "Finalize", "Parent Relationship": "Outer", "Parallel Aware": false, "Startup Cost": 457377.86, "Total Cost": 458508.3, "Plan Rows": 7548, "Plan Width": 72, "Group Key": ["(\"substring\"((customer.c_phone)::text, 1, 2))"], "Plans": [{"Node Type": "Gather Merge", "Parent Relationship": "Outer", "Parallel Aware": false, "Startup Cost": 457377.86, "Total Cost": 458303.16, "Plan Rows": 7305, "Plan Width": 72, "Workers Planned": 3, "Params Evaluated": ["$1"], "Plans": [{"Node Type": "Aggregate", "Strategy": "Sorted", "Partial Mode": "Partial", "Parent Relationship": "Outer", "Parallel Aware": false, "Startup Cost": 456377.82, "Total Cost": 456444.78, "Plan Rows": 2435, "Plan Width": 72, "Group Key": ["(\"substring\"((customer.c_phone)::text, 1, 2))"], "Plans": [{"Node Type": "Sort", "Parent Relationship": "Outer", "Parallel Aware": false, "Startup Cost": 456377.82, "Total Cost": 456383.9, "Plan Rows": 2435, "Plan Width": 38, "Sort Key": ["(\"substring\"((customer.c_phone)::text, 1, 2))"], "Plans": [{"Node Type": "Hash Join", "Parent Relationship": "Outer", "Parallel Aware": true, "Join Type": "Anti", "Startup Cost": 388678.28, "Total Cost": 456240.85, "Plan Rows": 2435, "Plan Width": 38, "Inner Unique": false, "Hash Cond": "(customer.c_custkey = orders.o_custkey)", "Plans": [{"Node Type": "Seq Scan", "Parent Relationship": "Outer", "Parallel Aware": true, "Relation Name": "customer", "Alias": "customer", "Startup Cost": 0.0, "Total Cost": 48528.61, "Plan Rows": 5645, "Plan Width": 26, "Filter": "((c_acctbal > $1) AND (\"substring\"((c_phone)::text, 1, 2) = ANY ('{28,32,30,13,16,24,22}'::text[])))"}, {"Node Type": "Hash", "Parent Relationship": "Inner", "Parallel Aware": true, "Startup Cost": 309296.57, "Total Cost": 309296.57, "Plan Rows": 4838457, "Plan Width": 4, "Plans": [{"Node Type": "Seq Scan", "Parent Relationship": "Outer", "Parallel Aware": true, "Relation Name": "orders", "Alias": "orders", "Startup Cost": 0.0, "Total Cost": 309296.57, "Plan Rows": 4838457, "Plan Width": 4}]}]}]}]}]}]}]}}, {"Plan": {"Node Type": "Limit", "Parallel Aware": false, "Startup Cost": 30000209195.99, "Total Cost": 30000209196.02, "Plan Rows": 1, "Plan Width": 72, "Plans": [{"Node Type": "Aggregate", "Strategy": "Plain", "Partial Mode": "Simple", "Parent Relationship": "InitPlan", "Subplan Name": "InitPlan 1 (returns $0)", "Parallel Aware": false, "Startup Cost": 10000075321.3, "Total Cost": 10000075321.31, "Plan Rows": 1, "Plan Width": 32, "Plans": [{"Node Type": "Seq Scan", "Parent Relationship": "Outer", "Parallel Aware": false, "Relation Name": "customer", "Alias": "customer_1", "Startup Cost": 10000000000.0, "Total Cost": 10000075202.0, "Plan Rows": 47720, "Plan Width": 6, "Filter": "((c_acctbal > 0.00) AND (\"substring\"((c_phone)::text, 1, 2) = ANY ('{28,32,30,13,16,24,22}'::text[])))"}]}, {"Node Type": "Aggregate", "Strategy": "Sorted", "Partial Mode": "Simple", "Parent Relationship": "Outer", "Parallel Aware": false, "Startup Cost": 20000133874.68, "Total Cost": 20000134082.25, "Plan Rows": 7548, "Plan Width": 72, "Group Key": ["(\"substring\"((customer.c_phone)::text, 1, 2))"], "Plans": [{"Node Type": "Sort", "Parent Relationship": "Outer", "Parallel Aware": false, "Startup Cost": 20000133874.68, "Total Cost": 20000133893.55, "Plan Rows": 7548, "Plan Width": 38, "Sort Key": ["(\"substring\"((customer.c_phone)::text, 1, 2))"], "Plans": [{"Node Type": "Nested Loop", "Parent Relationship": "Outer", "Parallel Aware": false, "Join Type": "Anti", "Startup Cost": 20000000001.91, "Total Cost": 20000133388.52, "Plan Rows": 7548, "Plan Width": 38, "Inner Unique": false, "Plans": [{"Node Type": "Index Scan", "Parent Relationship": "Outer", "Parallel Aware": false, "Scan Direction": "Forward", "Index Name": "customer_pkey", "Relation Name": "customer", "Alias": "customer", "Startup Cost": 10000000000.43, "Total Cost": 10000087230.13, "Plan Rows": 17500, "Plan Width": 26, "Filter": "((c_acctbal > $0) AND (\"substring\"((c_phone)::text, 1, 2) = ANY ('{28,32,30,13,16,24,22}'::text[])))"}, {"Node Type": "Bitmap Heap Scan", "Parent Relationship": "Inner", "Parallel Aware": false, "Relation Name": "orders", "Alias": "orders", "Startup Cost": 1.48, "Total Cost": 14.9, "Plan Rows": 18, "Plan Width": 4, "Recheck Cond": "(o_custkey = customer.c_custkey)", "Plans": [{"Node Type": "Bitmap Index Scan", "Parent Relationship": "Outer", "Parallel Aware": false, "Index Name": "idx_orders_custkey", "Startup Cost": 0.0, "Total Cost": 1.48, "Plan Rows": 18, "Plan Width": 0, "Index Cond": "(o_custkey = customer.c_custkey)"}]}]}]}]}]}}, {"Plan": {"Node Type": "Limit", "Parallel Aware": false, "Startup Cost": 20000209195.99, "Total Cost": 20000209196.02, "Plan Rows": 1, "Plan Width": 72, "Plans": [{"Node Type": "Aggregate", "Strategy": "Plain", "Partial Mode": "Simple", "Parent Relationship": "InitPlan", "Subplan Name": "InitPlan 1 (returns $0)", "Parallel Aware": false, "Startup Cost": 10000075321.3, "Total Cost": 10000075321.31, "Plan Rows": 1, "Plan Width": 32, "Plans": [{"Node Type": "Seq Scan", "Parent Relationship": "Outer", "Parallel Aware": false, "Relation Name": "customer", "Alias": "customer_1", "Startup Cost": 10000000000.0, "Total Cost": 10000075202.0, "Plan Rows": 47720, "Plan Width": 6, "Filter": "((c_acctbal > 0.00) AND (\"substring\"((c_phone)::text, 1, 2) = ANY ('{28,32,30,13,16,24,22}'::text[])))"}]}, {"Node Type": "Aggregate", "Strategy": "Sorted", "Partial Mode": "Simple", "Parent Relationship": "Outer", "Parallel Aware": false, "Startup Cost": 10000133874.68, "Total Cost": 10000134082.25, "Plan Rows": 7548, "Plan Width": 72, "Group Key": ["(\"substring\"((customer.c_phone)::text, 1, 2))"], "Plans": [{"Node Type": "Sort", "Parent Relationship": "Outer", "Parallel Aware": false, "Startup Cost": 10000133874.68, "Total Cost": 10000133893.55, "Plan Rows": 7548, "Plan Width": 38, "Sort Key": ["(\"substring\"((customer.c_phone)::text, 1, 2))"], "Plans": [{"Node Type": "Nested Loop", "Parent Relationship": "Outer", "Parallel Aware": false, "Join Type": "Anti", "Startup Cost": 10000000001.91, "Total Cost": 10000133388.52, "Plan Rows": 7548, "Plan Width": 38, "Inner Unique": false, "Plans": [{"Node Type": "Index Scan", "Parent Relationship": "Outer", "Parallel Aware": false, "Scan Direction": "Forward", "Index Name": "customer_pkey", "Relation Name": "customer", "Alias": "customer", "Startup Cost": 10000000000.43, "Total Cost": 10000087230.13, "Plan Rows": 17500, "Plan Width": 26, "Filter": "((c_acctbal > $0) AND (\"substring\"((c_phone)::text, 1, 2) = ANY ('{28,32,30,13,16,24,22}'::text[])))"}, {"Node Type": "Bitmap Heap Scan", "Parent Relationship": "Inner", "Parallel Aware": false, "Relation Name": "orders", "Alias": "orders", "Startup Cost": 1.48, "Total Cost": 14.9, "Plan Rows": 18, "Plan Width": 4, "Recheck Cond": "(o_custkey = customer.c_custkey)", "Plans": [{"Node Type": "Bitmap Index Scan", "Parent Relationship": "Outer", "Parallel Aware": false, "Index Name": "idx_orders_custkey", "Startup Cost": 0.0, "Total Cost": 1.48, "Plan Rows": 18, "Plan Width": 0, "Index Cond": "(o_custkey = customer.c_custkey)"}]}]}]}]}]}}, {"Plan": {"Node Type": "Limit", "Parallel Aware": false, "Startup Cost": 114122.27, "Total Cost": 114122.42, "Plan Rows": 1, "Plan Width": 72, "Plans": [{"Node Type": "Aggregate", "Strategy": "Plain", "Partial Mode": "Finalize", "Parent Relationship": "InitPlan", "Subplan Name": "InitPlan 1 (returns $1)", "Parallel Aware": false, "Startup Cost": 49567.43, "Total Cost": 49567.44, "Plan Rows": 1, "Plan Width": 32, "Plans": [{"Node Type": "Gather", "Parent Relationship": "Outer", "Parallel Aware": false, "Startup Cost": 49567.1, "Total Cost": 49567.41, "Plan Rows": 3, "Plan Width": 32, "Workers Planned": 3, "Single Copy": false, "Plans": [{"Node Type": "Aggregate", "Strategy": "Plain", "Partial Mode": "Partial", "Parent Relationship": "Outer", "Parallel Aware": false, "Startup Cost": 48567.1, "Total Cost": 48567.11, "Plan Rows": 1, "Plan Width": 32, "Plans": [{"Node Type": "Seq Scan", "Parent Relationship": "Outer", "Parallel Aware": true, "Relation Name": "customer", "Alias": "customer_1", "Startup Cost": 0.0, "Total Cost": 48528.61, "Plan Rows": 15394, "Plan Width": 6, "Filter": "((c_acctbal > 0.00) AND (\"substring\"((c_phone)::text, 1, 2) = ANY ('{28,32,30,13,16,24,22}'::text[])))"}]}]}]}, {"Node Type": "Aggregate", "Strategy": "Sorted", "Partial Mode": "Finalize", "Parent Relationship": "Outer", "Parallel Aware": false, "Startup Cost": 64554.83, "Total Cost": 65685.27, "Plan Rows": 7548, "Plan Width": 72, "Group Key": ["(\"substring\"((customer.c_phone)::text, 1, 2))"], "Plans": [{"Node Type": "Gather Merge", "Parent Relationship": "Outer", "Parallel Aware": false, "Startup Cost": 64554.83, "Total Cost": 65480.13, "Plan Rows": 7305, "Plan Width": 72, "Workers Planned": 3, "Params Evaluated": ["$1"], "Plans": [{"Node Type": "Aggregate", "Strategy": "Sorted", "Partial Mode": "Partial", "Parent Relationship": "Outer", "Parallel Aware": false, "Startup Cost": 63554.79, "Total Cost": 63621.75, "Plan Rows": 2435, "Plan Width": 72, "Group Key": ["(\"substring\"((customer.c_phone)::text, 1, 2))"], "Plans": [{"Node Type": "Sort", "Parent Relationship": "Outer", "Parallel Aware": false, "Startup Cost": 63554.79, "Total Cost": 63560.88, "Plan Rows": 2435, "Plan Width": 38, "Sort Key": ["(\"substring\"((customer.c_phone)::text, 1, 2))"], "Plans": [{"Node Type": "Nested Loop", "Parent Relationship": "Outer", "Parallel Aware": false, "Join Type": "Anti", "Startup Cost": 1.48, "Total Cost": 63417.83, "Plan Rows": 2435, "Plan Width": 38, "Inner Unique": false, "Plans": [{"Node Type": "Seq Scan", "Parent Relationship": "Outer", "Parallel Aware": true, "Relation Name": "customer", "Alias": "customer", "Startup Cost": 0.0, "Total Cost": 48528.61, "Plan Rows": 5645, "Plan Width": 26, "Filter": "((c_acctbal > $1) AND (\"substring\"((c_phone)::text, 1, 2) = ANY ('{28,32,30,13,16,24,22}'::text[])))"}, {"Node Type": "Bitmap Heap Scan", "Parent Relationship": "Inner", "Parallel Aware": false, "Relation Name": "orders", "Alias": "orders", "Startup Cost": 1.48, "Total Cost": 14.9, "Plan Rows": 18, "Plan Width": 4, "Recheck Cond": "(o_custkey = customer.c_custkey)", "Plans": [{"Node Type": "Bitmap Index Scan", "Parent Relationship": "Outer", "Parallel Aware": false, "Index Name": "idx_orders_custkey", "Startup Cost": 0.0, "Total Cost": 1.48, "Plan Rows": 18, "Plan Width": 0, "Index Cond": "(o_custkey = customer.c_custkey)"}]}]}]}]}]}]}]}}, {"Plan": {"Node Type": "Limit", "Parallel Aware": false, "Startup Cost": 506945.29, "Total Cost": 506945.44, "Plan Rows": 1, "Plan Width": 72, "Plans": [{"Node Type": "Aggregate", "Strategy": "Plain", "Partial Mode": "Finalize", "Parent Relationship": "InitPlan", "Subplan Name": "InitPlan 1 (returns $1)", "Parallel Aware": false, "Startup Cost": 49567.43, "Total Cost": 49567.44, "Plan Rows": 1, "Plan Width": 32, "Plans": [{"Node Type": "Gather", "Parent Relationship": "Outer", "Parallel Aware": false, "Startup Cost": 49567.1, "Total Cost": 49567.41, "Plan Rows": 3, "Plan Width": 32, "Workers Planned": 3, "Single Copy": false, "Plans": [{"Node Type": "Aggregate", "Strategy": "Plain", "Partial Mode": "Partial", "Parent Relationship": "Outer", "Parallel Aware": false, "Startup Cost": 48567.1, "Total Cost": 48567.11, "Plan Rows": 1, "Plan Width": 32, "Plans": [{"Node Type": "Seq Scan", "Parent Relationship": "Outer", "Parallel Aware": true, "Relation Name": "customer", "Alias": "customer_1", "Startup Cost": 0.0, "Total Cost": 48528.61, "Plan Rows": 15394, "Plan Width": 6, "Filter": "((c_acctbal > 0.00) AND (\"substring\"((c_phone)::text, 1, 2) = ANY ('{28,32,30,13,16,24,22}'::text[])))"}]}]}]}, {"Node Type": "Aggregate", "Strategy": "Sorted", "Partial Mode": "Finalize", "Parent Relationship": "Outer", "Parallel Aware": false, "Startup Cost": 457377.86, "Total Cost": 458508.3, "Plan Rows": 7548, "Plan Width": 72, "Group Key": ["(\"substring\"((customer.c_phone)::text, 1, 2))"], "Plans": [{"Node Type": "Gather Merge", "Parent Relationship": "Outer", "Parallel Aware": false, "Startup Cost": 457377.86, "Total Cost": 458303.16, "Plan Rows": 7305, "Plan Width": 72, "Workers Planned": 3, "Params Evaluated": ["$1"], "Plans": [{"Node Type": "Aggregate", "Strategy": "Sorted", "Partial Mode": "Partial", "Parent Relationship": "Outer", "Parallel Aware": false, "Startup Cost": 456377.82, "Total Cost": 456444.78, "Plan Rows": 2435, "Plan Width": 72, "Group Key": ["(\"substring\"((customer.c_phone)::text, 1, 2))"], "Plans": [{"Node Type": "Sort", "Parent Relationship": "Outer", "Parallel Aware": false, "Startup Cost": 456377.82, "Total Cost": 456383.9, "Plan Rows": 2435, "Plan Width": 38, "Sort Key": ["(\"substring\"((customer.c_phone)::text, 1, 2))"], "Plans": [{"Node Type": "Hash Join", "Parent Relationship": "Outer", "Parallel Aware": true, "Join Type": "Anti", "Startup Cost": 388678.28, "Total Cost": 456240.85, "Plan Rows": 2435, "Plan Width": 38, "Inner Unique": false, "Hash Cond": "(customer.c_custkey = orders.o_custkey)", "Plans": [{"Node Type": "Seq Scan", "Parent Relationship": "Outer", "Parallel Aware": true, "Relation Name": "customer", "Alias": "customer", "Startup Cost": 0.0, "Total Cost": 48528.61, "Plan Rows": 5645, "Plan Width": 26, "Filter": "((c_acctbal > $1) AND (\"substring\"((c_phone)::text, 1, 2) = ANY ('{28,32,30,13,16,24,22}'::text[])))"}, {"Node Type": "Hash", "Parent Relationship": "Inner", "Parallel Aware": true, "Startup Cost": 309296.57, "Total Cost": 309296.57, "Plan Rows": 4838457, "Plan Width": 4, "Plans": [{"Node Type": "Seq Scan", "Parent Relationship": "Outer", "Parallel Aware": true, "Relation Name": "orders", "Alias": "orders", "Startup Cost": 0.0, "Total Cost": 309296.57, "Plan Rows": 4838457, "Plan Width": 4}]}]}]}]}]}]}]}}, {"Plan": {"Node Type": "Limit", "Parallel Aware": false, "Startup Cost": 20000209195.99, "Total Cost": 20000209196.02, "Plan Rows": 1, "Plan Width": 72, "Plans": [{"Node Type": "Aggregate", "Strategy": "Plain", "Partial Mode": "Simple", "Parent Relationship": "InitPlan", "Subplan Name": "InitPlan 1 (returns $0)", "Parallel Aware": false, "Startup Cost": 10000075321.3, "Total Cost": 10000075321.31, "Plan Rows": 1, "Plan Width": 32, "Plans": [{"Node Type": "Seq Scan", "Parent Relationship": "Outer", "Parallel Aware": false, "Relation Name": "customer", "Alias": "customer_1", "Startup Cost": 10000000000.0, "Total Cost": 10000075202.0, "Plan Rows": 47720, "Plan Width": 6, "Filter": "((c_acctbal > 0.00) AND (\"substring\"((c_phone)::text, 1, 2) = ANY ('{28,32,30,13,16,24,22}'::text[])))"}]}, {"Node Type": "Aggregate", "Strategy": "Sorted", "Partial Mode": "Simple", "Parent Relationship": "Outer", "Parallel Aware": false, "Startup Cost": 10000133874.68, "Total Cost": 10000134082.25, "Plan Rows": 7548, "Plan Width": 72, "Group Key": ["(\"substring\"((customer.c_phone)::text, 1, 2))"], "Plans": [{"Node Type": "Sort", "Parent Relationship": "Outer", "Parallel Aware": false, "Startup Cost": 10000133874.68, "Total Cost": 10000133893.55, "Plan Rows": 7548, "Plan Width": 38, "Sort Key": ["(\"substring\"((customer.c_phone)::text, 1, 2))"], "Plans": [{"Node Type": "Nested Loop", "Parent Relationship": "Outer", "Parallel Aware": false, "Join Type": "Anti", "Startup Cost": 10000000001.91, "Total Cost": 10000133388.52, "Plan Rows": 7548, "Plan Width": 38, "Inner Unique": false, "Plans": [{"Node Type": "Index Scan", "Parent Relationship": "Outer", "Parallel Aware": false, "Scan Direction": "Forward", "Index Name": "customer_pkey", "Relation Name": "customer", "Alias": "customer", "Startup Cost": 10000000000.43, "Total Cost": 10000087230.13, "Plan Rows": 17500, "Plan Width": 26, "Filter": "((c_acctbal > $0) AND (\"substring\"((c_phone)::text, 1, 2) = ANY ('{28,32,30,13,16,24,22}'::text[])))"}, {"Node Type": "Bitmap Heap Scan", "Parent Relationship": "Inner", "Parallel Aware": false, "Relation Name": "orders", "Alias": "orders", "Startup Cost": 1.48, "Total Cost": 14.9, "Plan Rows": 18, "Plan Width": 4, "Recheck Cond": "(o_custkey = customer.c_custkey)", "Plans": [{"Node Type": "Bitmap Index Scan", "Parent Relationship": "Outer", "Parallel Aware": false, "Index Name": "idx_orders_custkey", "Startup Cost": 0.0, "Total Cost": 1.48, "Plan Rows": 18, "Plan Width": 0, "Index Cond": "(o_custkey = customer.c_custkey)"}]}]}]}]}]}}, {"Plan": {"Node Type": "Limit", "Parallel Aware": false, "Startup Cost": 114122.27, "Total Cost": 114122.42, "Plan Rows": 1, "Plan Width": 72, "Plans": [{"Node Type": "Aggregate", "Strategy": "Plain", "Partial Mode": "Finalize", "Parent Relationship": "InitPlan", "Subplan Name": "InitPlan 1 (returns $1)", "Parallel Aware": false, "Startup Cost": 49567.43, "Total Cost": 49567.44, "Plan Rows": 1, "Plan Width": 32, "Plans": [{"Node Type": "Gather", "Parent Relationship": "Outer", "Parallel Aware": false, "Startup Cost": 49567.1, "Total Cost": 49567.41, "Plan Rows": 3, "Plan Width": 32, "Workers Planned": 3, "Single Copy": false, "Plans": [{"Node Type": "Aggregate", "Strategy": "Plain", "Partial Mode": "Partial", "Parent Relationship": "Outer", "Parallel Aware": false, "Startup Cost": 48567.1, "Total Cost": 48567.11, "Plan Rows": 1, "Plan Width": 32, "Plans": [{"Node Type": "Seq Scan", "Parent Relationship": "Outer", "Parallel Aware": true, "Relation Name": "customer", "Alias": "customer_1", "Startup Cost": 0.0, "Total Cost": 48528.61, "Plan Rows": 15394, "Plan Width": 6, "Filter": "((c_acctbal > 0.00) AND (\"substring\"((c_phone)::text, 1, 2) = ANY ('{28,32,30,13,16,24,22}'::text[])))"}]}]}]}, {"Node Type": "Aggregate", "Strategy": "Sorted", "Partial Mode": "Finalize", "Parent Relationship": "Outer", "Parallel Aware": false, "Startup Cost": 64554.83, "Total Cost": 65685.27, "Plan Rows": 7548, "Plan Width": 72, "Group Key": ["(\"substring\"((customer.c_phone)::text, 1, 2))"], "Plans": [{"Node Type": "Gather Merge", "Parent Relationship": "Outer", "Parallel Aware": false, "Startup Cost": 64554.83, "Total Cost": 65480.13, "Plan Rows": 7305, "Plan Width": 72, "Workers Planned": 3, "Params Evaluated": ["$1"], "Plans": [{"Node Type": "Aggregate", "Strategy": "Sorted", "Partial Mode": "Partial", "Parent Relationship": "Outer", "Parallel Aware": false, "Startup Cost": 63554.79, "Total Cost": 63621.75, "Plan Rows": 2435, "Plan Width": 72, "Group Key": ["(\"substring\"((customer.c_phone)::text, 1, 2))"], "Plans": [{"Node Type": "Sort", "Parent Relationship": "Outer", "Parallel Aware": false, "Startup Cost": 63554.79, "Total Cost": 63560.88, "Plan Rows": 2435, "Plan Width": 38, "Sort Key": ["(\"substring\"((customer.c_phone)::text, 1, 2))"], "Plans": [{"Node Type": "Nested Loop", "Parent Relationship": "Outer", "Parallel Aware": false, "Join Type": "Anti", "Startup Cost": 1.48, "Total Cost": 63417.83, "Plan Rows": 2435, "Plan Width": 38, "Inner Unique": false, "Plans": [{"Node Type": "Seq Scan", "Parent Relationship": "Outer", "Parallel Aware": true, "Relation Name": "customer", "Alias": "customer", "Startup Cost": 0.0, "Total Cost": 48528.61, "Plan Rows": 5645, "Plan Width": 26, "Filter": "((c_acctbal > $1) AND (\"substring\"((c_phone)::text, 1, 2) = ANY ('{28,32,30,13,16,24,22}'::text[])))"}, {"Node Type": "Bitmap Heap Scan", "Parent Relationship": "Inner", "Parallel Aware": false, "Relation Name": "orders", "Alias": "orders", "Startup Cost": 1.48, "Total Cost": 14.9, "Plan Rows": 18, "Plan Width": 4, "Recheck Cond": "(o_custkey = customer.c_custkey)", "Plans": [{"Node Type": "Bitmap Index Scan", "Parent Relationship": "Outer", "Parallel Aware": false, "Index Name": "idx_orders_custkey", "Startup Cost": 0.0, "Total Cost": 1.48, "Plan Rows": 18, "Plan Width": 0, "Index Cond": "(o_custkey = customer.c_custkey)"}]}]}]}]}]}]}]}}, {"Plan": {"Node Type": "Limit", "Parallel Aware": false, "Startup Cost": 506945.29, "Total Cost": 506945.44, "Plan Rows": 1, "Plan Width": 72, "Plans": [{"Node Type": "Aggregate", "Strategy": "Plain", "Partial Mode": "Finalize", "Parent Relationship": "InitPlan", "Subplan Name": "InitPlan 1 (returns $1)", "Parallel Aware": false, "Startup Cost": 49567.43, "Total Cost": 49567.44, "Plan Rows": 1, "Plan Width": 32, "Plans": [{"Node Type": "Gather", "Parent Relationship": "Outer", "Parallel Aware": false, "Startup Cost": 49567.1, "Total Cost": 49567.41, "Plan Rows": 3, "Plan Width": 32, "Workers Planned": 3, "Single Copy": false, "Plans": [{"Node Type": "Aggregate", "Strategy": "Plain", "Partial Mode": "Partial", "Parent Relationship": "Outer", "Parallel Aware": false, "Startup Cost": 48567.1, "Total Cost": 48567.11, "Plan Rows": 1, "Plan Width": 32, "Plans": [{"Node Type": "Seq Scan", "Parent Relationship": "Outer", "Parallel Aware": true, "Relation Name": "customer", "Alias": "customer_1", "Startup Cost": 0.0, "Total Cost": 48528.61, "Plan Rows": 15394, "Plan Width": 6, "Filter": "((c_acctbal > 0.00) AND (\"substring\"((c_phone)::text, 1, 2) = ANY ('{28,32,30,13,16,24,22}'::text[])))"}]}]}]}, {"Node Type": "Aggregate", "Strategy": "Sorted", "Partial Mode": "Finalize", "Parent Relationship": "Outer", "Parallel Aware": false, "Startup Cost": 457377.86, "Total Cost": 458508.3, "Plan Rows": 7548, "Plan Width": 72, "Group Key": ["(\"substring\"((customer.c_phone)::text, 1, 2))"], "Plans": [{"Node Type": "Gather Merge", "Parent Relationship": "Outer", "Parallel Aware": false, "Startup Cost": 457377.86, "Total Cost": 458303.16, "Plan Rows": 7305, "Plan Width": 72, "Workers Planned": 3, "Params Evaluated": ["$1"], "Plans": [{"Node Type": "Aggregate", "Strategy": "Sorted", "Partial Mode": "Partial", "Parent Relationship": "Outer", "Parallel Aware": false, "Startup Cost": 456377.82, "Total Cost": 456444.78, "Plan Rows": 2435, "Plan Width": 72, "Group Key": ["(\"substring\"((customer.c_phone)::text, 1, 2))"], "Plans": [{"Node Type": "Sort", "Parent Relationship": "Outer", "Parallel Aware": false, "Startup Cost": 456377.82, "Total Cost": 456383.9, "Plan Rows": 2435, "Plan Width": 38, "Sort Key": ["(\"substring\"((customer.c_phone)::text, 1, 2))"], "Plans": [{"Node Type": "Hash Join", "Parent Relationship": "Outer", "Parallel Aware": true, "Join Type": "Anti", "Startup Cost": 388678.28, "Total Cost": 456240.85, "Plan Rows": 2435, "Plan Width": 38, "Inner Unique": false, "Hash Cond": "(customer.c_custkey = orders.o_custkey)", "Plans": [{"Node Type": "Seq Scan", "Parent Relationship": "Outer", "Parallel Aware": true, "Relation Name": "customer", "Alias": "customer", "Startup Cost": 0.0, "Total Cost": 48528.61, "Plan Rows": 5645, "Plan Width": 26, "Filter": "((c_acctbal > $1) AND (\"substring\"((c_phone)::text, 1, 2) = ANY ('{28,32,30,13,16,24,22}'::text[])))"}, {"Node Type": "Hash", "Parent Relationship": "Inner", "Parallel Aware": true, "Startup Cost": 309296.57, "Total Cost": 309296.57, "Plan Rows": 4838457, "Plan Width": 4, "Plans": [{"Node Type": "Seq Scan", "Parent Relationship": "Outer", "Parallel Aware": true, "Relation Name": "orders", "Alias": "orders", "Startup Cost": 0.0, "Total Cost": 309296.57, "Plan Rows": 4838457, "Plan Width": 4}]}]}]}]}]}]}]}}, {"Plan": {"Node Type": "Limit", "Parallel Aware": false, "Startup Cost": 10000691117.41, "Total Cost": 10000691117.56, "Plan Rows": 1, "Plan Width": 72, "Plans": [{"Node Type": "Aggregate", "Strategy": "Plain", "Partial Mode": "Simple", "Parent Relationship": "InitPlan", "Subplan Name": "InitPlan 1 (returns $0)", "Parallel Aware": false, "Startup Cost": 10000075321.3, "Total Cost": 10000075321.31, "Plan Rows": 1, "Plan Width": 32, "Plans": [{"Node Type": "Seq Scan", "Parent Relationship": "Outer", "Parallel Aware": false, "Relation Name": "customer", "Alias": "customer_1", "Startup Cost": 10000000000.0, "Total Cost": 10000075202.0, "Plan Rows": 47720, "Plan Width": 6, "Filter": "((c_acctbal > 0.00) AND (\"substring\"((c_phone)::text, 1, 2) = ANY ('{28,32,30,13,16,24,22}'::text[])))"}]}, {"Node Type": "Aggregate", "Strategy": "Sorted", "Partial Mode": "Finalize", "Parent Relationship": "Outer", "Parallel Aware": false, "Startup Cost": 615796.1, "Total Cost": 616926.54, "Plan Rows": 7548, "Plan Width": 72, "Group Key": ["(\"substring\"((customer.c_phone)::text, 1, 2))"], "Plans": [{"Node Type": "Gather Merge", "Parent Relationship": "Outer", "Parallel Aware": false, "Startup Cost": 615796.1, "Total Cost": 616721.4, "Plan Rows": 7305, "Plan Width": 72, "Workers Planned": 3, "Params Evaluated": ["$0"], "Plans": [{"Node Type": "Aggregate", "Strategy": "Sorted", "Partial Mode": "Partial", "Parent Relationship": "Outer", "Parallel Aware": false, "Startup Cost": 614796.06, "Total Cost": 614863.02, "Plan Rows": 2435, "Plan Width": 72, "Group Key": ["(\"substring\"((customer.c_phone)::text, 1, 2))"], "Plans": [{"Node Type": "Sort", "Parent Relationship": "Outer", "Parallel Aware": false, "Startup Cost": 614796.06, "Total Cost": 614802.15, "Plan Rows": 2435, "Plan Width": 38, "Sort Key": ["(\"substring\"((customer.c_phone)::text, 1, 2))"], "Plans": [{"Node Type": "Hash Join", "Parent Relationship": "Outer", "Parallel Aware": true, "Join Type": "Anti", "Startup Cost": 535068.83, "Total Cost": 614659.1, "Plan Rows": 2435, "Plan Width": 38, "Inner Unique": false, "Hash Cond": "(customer.c_custkey = orders.o_custkey)", "Plans": [{"Node Type": "Index Scan", "Parent Relationship": "Outer", "Parallel Aware": true, "Scan Direction": "Forward", "Index Name": "customer_pkey", "Relation Name": "customer", "Alias": "customer", "Startup Cost": 0.43, "Total Cost": 60556.74, "Plan Rows": 5645, "Plan Width": 26, "Filter": "((c_acctbal > $0) AND (\"substring\"((c_phone)::text, 1, 2) = ANY ('{28,32,30,13,16,24,22}'::text[])))"}, {"Node Type": "Hash", "Parent Relationship": "Inner", "Parallel Aware": true, "Startup Cost": 455686.69, "Total Cost": 455686.69, "Plan Rows": 4838457, "Plan Width": 4, "Plans": [{"Node Type": "Index Scan", "Parent Relationship": "Outer", "Parallel Aware": true, "Scan Direction": "Forward", "Index Name": "idx_orders_custkey", "Relation Name": "orders", "Alias": "orders", "Startup Cost": 0.43, "Total Cost": 455686.69, "Plan Rows": 4838457, "Plan Width": 4}]}]}]}]}]}]}]}}, {"Plan": {"Node Type": "Limit", "Parallel Aware": false, "Startup Cost": 10000691117.41, "Total Cost": 10000691117.56, "Plan Rows": 1, "Plan Width": 72, "Plans": [{"Node Type": "Aggregate", "Strategy": "Plain", "Partial Mode": "Simple", "Parent Relationship": "InitPlan", "Subplan Name": "InitPlan 1 (returns $0)", "Parallel Aware": false, "Startup Cost": 10000075321.3, "Total Cost": 10000075321.31, "Plan Rows": 1, "Plan Width": 32, "Plans": [{"Node Type": "Seq Scan", "Parent Relationship": "Outer", "Parallel Aware": false, "Relation Name": "customer", "Alias": "customer_1", "Startup Cost": 10000000000.0, "Total Cost": 10000075202.0, "Plan Rows": 47720, "Plan Width": 6, "Filter": "((c_acctbal > 0.00) AND (\"substring\"((c_phone)::text, 1, 2) = ANY ('{28,32,30,13,16,24,22}'::text[])))"}]}, {"Node Type": "Aggregate", "Strategy": "Sorted", "Partial Mode": "Finalize", "Parent Relationship": "Outer", "Parallel Aware": false, "Startup Cost": 615796.1, "Total Cost": 616926.54, "Plan Rows": 7548, "Plan Width": 72, "Group Key": ["(\"substring\"((customer.c_phone)::text, 1, 2))"], "Plans": [{"Node Type": "Gather Merge", "Parent Relationship": "Outer", "Parallel Aware": false, "Startup Cost": 615796.1, "Total Cost": 616721.4, "Plan Rows": 7305, "Plan Width": 72, "Workers Planned": 3, "Params Evaluated": ["$0"], "Plans": [{"Node Type": "Aggregate", "Strategy": "Sorted", "Partial Mode": "Partial", "Parent Relationship": "Outer", "Parallel Aware": false, "Startup Cost": 614796.06, "Total Cost": 614863.02, "Plan Rows": 2435, "Plan Width": 72, "Group Key": ["(\"substring\"((customer.c_phone)::text, 1, 2))"], "Plans": [{"Node Type": "Sort", "Parent Relationship": "Outer", "Parallel Aware": false, "Startup Cost": 614796.06, "Total Cost": 614802.15, "Plan Rows": 2435, "Plan Width": 38, "Sort Key": ["(\"substring\"((customer.c_phone)::text, 1, 2))"], "Plans": [{"Node Type": "Hash Join", "Parent Relationship": "Outer", "Parallel Aware": true, "Join Type": "Anti", "Startup Cost": 535068.83, "Total Cost": 614659.1, "Plan Rows": 2435, "Plan Width": 38, "Inner Unique": false, "Hash Cond": "(customer.c_custkey = orders.o_custkey)", "Plans": [{"Node Type": "Index Scan", "Parent Relationship": "Outer", "Parallel Aware": true, "Scan Direction": "Forward", "Index Name": "customer_pkey", "Relation Name": "customer", "Alias": "customer", "Startup Cost": 0.43, "Total Cost": 60556.74, "Plan Rows": 5645, "Plan Width": 26, "Filter": "((c_acctbal > $0) AND (\"substring\"((c_phone)::text, 1, 2) = ANY ('{28,32,30,13,16,24,22}'::text[])))"}, {"Node Type": "Hash", "Parent Relationship": "Inner", "Parallel Aware": true, "Startup Cost": 455686.69, "Total Cost": 455686.69, "Plan Rows": 4838457, "Plan Width": 4, "Plans": [{"Node Type": "Index Scan", "Parent Relationship": "Outer", "Parallel Aware": true, "Scan Direction": "Forward", "Index Name": "idx_orders_custkey", "Relation Name": "orders", "Alias": "orders", "Startup Cost": 0.43, "Total Cost": 455686.69, "Plan Rows": 4838457, "Plan Width": 4}]}]}]}]}]}]}]}}, {"Plan": {"Node Type": "Limit", "Parallel Aware": false, "Startup Cost": 10000146068.4, "Total Cost": 10000146068.55, "Plan Rows": 1, "Plan Width": 72, "Plans": [{"Node Type": "Aggregate", "Strategy": "Plain", "Partial Mode": "Simple", "Parent Relationship": "InitPlan", "Subplan Name": "InitPlan 1 (returns $0)", "Parallel Aware": false, "Startup Cost": 10000075321.3, "Total Cost": 10000075321.31, "Plan Rows": 1, "Plan Width": 32, "Plans": [{"Node Type": "Seq Scan", "Parent Relationship": "Outer", "Parallel Aware": false, "Relation Name": "customer", "Alias": "customer_1", "Startup Cost": 10000000000.0, "Total Cost": 10000075202.0, "Plan Rows": 47720, "Plan Width": 6, "Filter": "((c_acctbal > 0.00) AND (\"substring\"((c_phone)::text, 1, 2) = ANY ('{28,32,30,13,16,24,22}'::text[])))"}]}, {"Node Type": "Aggregate", "Strategy": "Sorted", "Partial Mode": "Finalize", "Parent Relationship": "Outer", "Parallel Aware": false, "Startup Cost": 70747.08, "Total Cost": 71877.52, "Plan Rows": 7548, "Plan Width": 72, "Group Key": ["(\"substring\"((customer.c_phone)::text, 1, 2))"], "Plans": [{"Node Type": "Gather Merge", "Parent Relationship": "Outer", "Parallel Aware": false, "Startup Cost": 70747.08, "Total Cost": 71672.38, "Plan Rows": 7305, "Plan Width": 72, "Workers Planned": 3, "Params Evaluated": ["$0"], "Plans": [{"Node Type": "Aggregate", "Strategy": "Sorted", "Partial Mode": "Partial", "Parent Relationship": "Outer", "Parallel Aware": false, "Startup Cost": 69747.04, "Total Cost": 69814.01, "Plan Rows": 2435, "Plan Width": 72, "Group Key": ["(\"substring\"((customer.c_phone)::text, 1, 2))"], "Plans": [{"Node Type": "Sort", "Parent Relationship": "Outer", "Parallel Aware": false, "Startup Cost": 69747.04, "Total Cost": 69753.13, "Plan Rows": 2435, "Plan Width": 38, "Sort Key": ["(\"substring\"((customer.c_phone)::text, 1, 2))"], "Plans": [{"Node Type": "Nested Loop", "Parent Relationship": "Outer", "Parallel Aware": false, "Join Type": "Anti", "Startup Cost": 0.86, "Total Cost": 69610.08, "Plan Rows": 2435, "Plan Width": 38, "Inner Unique": false, "Plans": [{"Node Type": "Index Scan", "Parent Relationship": "Outer", "Parallel Aware": true, "Scan Direction": "Forward", "Index Name": "customer_pkey", "Relation Name": "customer", "Alias": "customer", "Startup Cost": 0.43, "Total Cost": 60556.74, "Plan Rows": 5645, "Plan Width": 26, "Filter": "((c_acctbal > $0) AND (\"substring\"((c_phone)::text, 1, 2) = ANY ('{28,32,30,13,16,24,22}'::text[])))"}, {"Node Type": "Index Scan", "Parent Relationship": "Inner", "Parallel Aware": false, "Scan Direction": "Forward", "Index Name": "idx_orders_custkey", "Relation Name": "orders", "Alias": "orders", "Startup Cost": 0.43, "Total Cost": 14.0, "Plan Rows": 18, "Plan Width": 4, "Index Cond": "(o_custkey = customer.c_custkey)"}]}]}]}]}]}]}}, {"Plan": {"Node Type": "Limit", "Parallel Aware": false, "Startup Cost": 108286.39, "Total Cost": 108286.54, "Plan Rows": 1, "Plan Width": 72, "Plans": [{"Node Type": "Aggregate", "Strategy": "Plain", "Partial Mode": "Finalize", "Parent Relationship": "InitPlan", "Subplan Name": "InitPlan 1 (returns $1)", "Parallel Aware": false, "Startup Cost": 49567.43, "Total Cost": 49567.44, "Plan Rows": 1, "Plan Width": 32, "Plans": [{"Node Type": "Gather", "Parent Relationship": "Outer", "Parallel Aware": false, "Startup Cost": 49567.1, "Total Cost": 49567.41, "Plan Rows": 3, "Plan Width": 32, "Workers Planned": 3, "Single Copy": false, "Plans": [{"Node Type": "Aggregate", "Strategy": "Plain", "Partial Mode": "Partial", "Parent Relationship": "Outer", "Parallel Aware": false, "Startup Cost": 48567.1, "Total Cost": 48567.11, "Plan Rows": 1, "Plan Width": 32, "Plans": [{"Node Type": "Seq Scan", "Parent Relationship": "Outer", "Parallel Aware": true, "Relation Name": "customer", "Alias": "customer_1", "Startup Cost": 0.0, "Total Cost": 48528.61, "Plan Rows": 15394, "Plan Width": 6, "Filter": "((c_acctbal > 0.00) AND (\"substring\"((c_phone)::text, 1, 2) = ANY ('{28,32,30,13,16,24,22}'::text[])))"}]}]}]}, {"Node Type": "Aggregate", "Strategy": "Sorted", "Partial Mode": "Finalize", "Parent Relationship": "Outer", "Parallel Aware": false, "Startup Cost": 58718.96, "Total Cost": 59849.4, "Plan Rows": 7548, "Plan Width": 72, "Group Key": ["(\"substring\"((customer.c_phone)::text, 1, 2))"], "Plans": [{"Node Type": "Gather Merge", "Parent Relationship": "Outer", "Parallel Aware": false, "Startup Cost": 58718.96, "Total Cost": 59644.26, "Plan Rows": 7305, "Plan Width": 72, "Workers Planned": 3, "Params Evaluated": ["$1"], "Plans": [{"Node Type": "Aggregate", "Strategy": "Sorted", "Partial Mode": "Partial", "Parent Relationship": "Outer", "Parallel Aware": false, "Startup Cost": 57718.92, "Total Cost": 57785.88, "Plan Rows": 2435, "Plan Width": 72, "Group Key": ["(\"substring\"((customer.c_phone)::text, 1, 2))"], "Plans": [{"Node Type": "Sort", "Parent Relationship": "Outer", "Parallel Aware": false, "Startup Cost": 57718.92, "Total Cost": 57725.0, "Plan Rows": 2435, "Plan Width": 38, "Sort Key": ["(\"substring\"((customer.c_phone)::text, 1, 2))"], "Plans": [{"Node Type": "Nested Loop", "Parent Relationship": "Outer", "Parallel Aware": false, "Join Type": "Anti", "Startup Cost": 0.43, "Total Cost": 57581.95, "Plan Rows": 2435, "Plan Width": 38, "Inner Unique": false, "Plans": [{"Node Type": "Seq Scan", "Parent Relationship": "Outer", "Parallel Aware": true, "Relation Name": "customer", "Alias": "customer", "Startup Cost": 0.0, "Total Cost": 48528.61, "Plan Rows": 5645, "Plan Width": 26, "Filter": "((c_acctbal > $1) AND (\"substring\"((c_phone)::text, 1, 2) = ANY ('{28,32,30,13,16,24,22}'::text[])))"}, {"Node Type": "Index Scan", "Parent Relationship": "Inner", "Parallel Aware": false, "Scan Direction": "Forward", "Index Name": "idx_orders_custkey", "Relation Name": "orders", "Alias": "orders", "Startup Cost": 0.43, "Total Cost": 14.0, "Plan Rows": 18, "Plan Width": 4, "Index Cond": "(o_custkey = customer.c_custkey)"}]}]}]}]}]}]}}, {"Plan": {"Node Type": "Limit", "Parallel Aware": false, "Startup Cost": 506945.29, "Total Cost": 506945.44, "Plan Rows": 1, "Plan Width": 72, "Plans": [{"Node Type": "Aggregate", "Strategy": "Plain", "Partial Mode": "Finalize", "Parent Relationship": "InitPlan", "Subplan Name": "InitPlan 1 (returns $1)", "Parallel Aware": false, "Startup Cost": 49567.43, "Total Cost": 49567.44, "Plan Rows": 1, "Plan Width": 32, "Plans": [{"Node Type": "Gather", "Parent Relationship": "Outer", "Parallel Aware": false, "Startup Cost": 49567.1, "Total Cost": 49567.41, "Plan Rows": 3, "Plan Width": 32, "Workers Planned": 3, "Single Copy": false, "Plans": [{"Node Type": "Aggregate", "Strategy": "Plain", "Partial Mode": "Partial", "Parent Relationship": "Outer", "Parallel Aware": false, "Startup Cost": 48567.1, "Total Cost": 48567.11, "Plan Rows": 1, "Plan Width": 32, "Plans": [{"Node Type": "Seq Scan", "Parent Relationship": "Outer", "Parallel Aware": true, "Relation Name": "customer", "Alias": "customer_1", "Startup Cost": 0.0, "Total Cost": 48528.61, "Plan Rows": 15394, "Plan Width": 6, "Filter": "((c_acctbal > 0.00) AND (\"substring\"((c_phone)::text, 1, 2) = ANY ('{28,32,30,13,16,24,22}'::text[])))"}]}]}]}, {"Node Type": "Aggregate", "Strategy": "Sorted", "Partial Mode": "Finalize", "Parent Relationship": "Outer", "Parallel Aware": false, "Startup Cost": 457377.86, "Total Cost": 458508.3, "Plan Rows": 7548, "Plan Width": 72, "Group Key": ["(\"substring\"((customer.c_phone)::text, 1, 2))"], "Plans": [{"Node Type": "Gather Merge", "Parent Relationship": "Outer", "Parallel Aware": false, "Startup Cost": 457377.86, "Total Cost": 458303.16, "Plan Rows": 7305, "Plan Width": 72, "Workers Planned": 3, "Params Evaluated": ["$1"], "Plans": [{"Node Type": "Aggregate", "Strategy": "Sorted", "Partial Mode": "Partial", "Parent Relationship": "Outer", "Parallel Aware": false, "Startup Cost": 456377.82, "Total Cost": 456444.78, "Plan Rows": 2435, "Plan Width": 72, "Group Key": ["(\"substring\"((customer.c_phone)::text, 1, 2))"], "Plans": [{"Node Type": "Sort", "Parent Relationship": "Outer", "Parallel Aware": false, "Startup Cost": 456377.82, "Total Cost": 456383.9, "Plan Rows": 2435, "Plan Width": 38, "Sort Key": ["(\"substring\"((customer.c_phone)::text, 1, 2))"], "Plans": [{"Node Type": "Hash Join", "Parent Relationship": "Outer", "Parallel Aware": true, "Join Type": "Anti", "Startup Cost": 388678.28, "Total Cost": 456240.85, "Plan Rows": 2435, "Plan Width": 38, "Inner Unique": false, "Hash Cond": "(customer.c_custkey = orders.o_custkey)", "Plans": [{"Node Type": "Seq Scan", "Parent Relationship": "Outer", "Parallel Aware": true, "Relation Name": "customer", "Alias": "customer", "Startup Cost": 0.0, "Total Cost": 48528.61, "Plan Rows": 5645, "Plan Width": 26, "Filter": "((c_acctbal > $1) AND (\"substring\"((c_phone)::text, 1, 2) = ANY ('{28,32,30,13,16,24,22}'::text[])))"}, {"Node Type": "Hash", "Parent Relationship": "Inner", "Parallel Aware": true, "Startup Cost": 309296.57, "Total Cost": 309296.57, "Plan Rows": 4838457, "Plan Width": 4, "Plans": [{"Node Type": "Seq Scan", "Parent Relationship": "Outer", "Parallel Aware": true, "Relation Name": "orders", "Alias": "orders", "Startup Cost": 0.0, "Total Cost": 309296.57, "Plan Rows": 4838457, "Plan Width": 4}]}]}]}]}]}]}]}}, {"Plan": {"Node Type": "Limit", "Parallel Aware": false, "Startup Cost": 10000146068.4, "Total Cost": 10000146068.55, "Plan Rows": 1, "Plan Width": 72, "Plans": [{"Node Type": "Aggregate", "Strategy": "Plain", "Partial Mode": "Simple", "Parent Relationship": "InitPlan", "Subplan Name": "InitPlan 1 (returns $0)", "Parallel Aware": false, "Startup Cost": 10000075321.3, "Total Cost": 10000075321.31, "Plan Rows": 1, "Plan Width": 32, "Plans": [{"Node Type": "Seq Scan", "Parent Relationship": "Outer", "Parallel Aware": false, "Relation Name": "customer", "Alias": "customer_1", "Startup Cost": 10000000000.0, "Total Cost": 10000075202.0, "Plan Rows": 47720, "Plan Width": 6, "Filter": "((c_acctbal > 0.00) AND (\"substring\"((c_phone)::text, 1, 2) = ANY ('{28,32,30,13,16,24,22}'::text[])))"}]}, {"Node Type": "Aggregate", "Strategy": "Sorted", "Partial Mode": "Finalize", "Parent Relationship": "Outer", "Parallel Aware": false, "Startup Cost": 70747.08, "Total Cost": 71877.52, "Plan Rows": 7548, "Plan Width": 72, "Group Key": ["(\"substring\"((customer.c_phone)::text, 1, 2))"], "Plans": [{"Node Type": "Gather Merge", "Parent Relationship": "Outer", "Parallel Aware": false, "Startup Cost": 70747.08, "Total Cost": 71672.38, "Plan Rows": 7305, "Plan Width": 72, "Workers Planned": 3, "Params Evaluated": ["$0"], "Plans": [{"Node Type": "Aggregate", "Strategy": "Sorted", "Partial Mode": "Partial", "Parent Relationship": "Outer", "Parallel Aware": false, "Startup Cost": 69747.04, "Total Cost": 69814.01, "Plan Rows": 2435, "Plan Width": 72, "Group Key": ["(\"substring\"((customer.c_phone)::text, 1, 2))"], "Plans": [{"Node Type": "Sort", "Parent Relationship": "Outer", "Parallel Aware": false, "Startup Cost": 69747.04, "Total Cost": 69753.13, "Plan Rows": 2435, "Plan Width": 38, "Sort Key": ["(\"substring\"((customer.c_phone)::text, 1, 2))"], "Plans": [{"Node Type": "Nested Loop", "Parent Relationship": "Outer", "Parallel Aware": false, "Join Type": "Anti", "Startup Cost": 0.86, "Total Cost": 69610.08, "Plan Rows": 2435, "Plan Width": 38, "Inner Unique": false, "Plans": [{"Node Type": "Index Scan", "Parent Relationship": "Outer", "Parallel Aware": true, "Scan Direction": "Forward", "Index Name": "customer_pkey", "Relation Name": "customer", "Alias": "customer", "Startup Cost": 0.43, "Total Cost": 60556.74, "Plan Rows": 5645, "Plan Width": 26, "Filter": "((c_acctbal > $0) AND (\"substring\"((c_phone)::text, 1, 2) = ANY ('{28,32,30,13,16,24,22}'::text[])))"}, {"Node Type": "Index Scan", "Parent Relationship": "Inner", "Parallel Aware": false, "Scan Direction": "Forward", "Index Name": "idx_orders_custkey", "Relation Name": "orders", "Alias": "orders", "Startup Cost": 0.43, "Total Cost": 14.0, "Plan Rows": 18, "Plan Width": 4, "Index Cond": "(o_custkey = customer.c_custkey)"}]}]}]}]}]}]}}, {"Plan": {"Node Type": "Limit", "Parallel Aware": false, "Startup Cost": 108286.39, "Total Cost": 108286.54, "Plan Rows": 1, "Plan Width": 72, "Plans": [{"Node Type": "Aggregate", "Strategy": "Plain", "Partial Mode": "Finalize", "Parent Relationship": "InitPlan", "Subplan Name": "InitPlan 1 (returns $1)", "Parallel Aware": false, "Startup Cost": 49567.43, "Total Cost": 49567.44, "Plan Rows": 1, "Plan Width": 32, "Plans": [{"Node Type": "Gather", "Parent Relationship": "Outer", "Parallel Aware": false, "Startup Cost": 49567.1, "Total Cost": 49567.41, "Plan Rows": 3, "Plan Width": 32, "Workers Planned": 3, "Single Copy": false, "Plans": [{"Node Type": "Aggregate", "Strategy": "Plain", "Partial Mode": "Partial", "Parent Relationship": "Outer", "Parallel Aware": false, "Startup Cost": 48567.1, "Total Cost": 48567.11, "Plan Rows": 1, "Plan Width": 32, "Plans": [{"Node Type": "Seq Scan", "Parent Relationship": "Outer", "Parallel Aware": true, "Relation Name": "customer", "Alias": "customer_1", "Startup Cost": 0.0, "Total Cost": 48528.61, "Plan Rows": 15394, "Plan Width": 6, "Filter": "((c_acctbal > 0.00) AND (\"substring\"((c_phone)::text, 1, 2) = ANY ('{28,32,30,13,16,24,22}'::text[])))"}]}]}]}, {"Node Type": "Aggregate", "Strategy": "Sorted", "Partial Mode": "Finalize", "Parent Relationship": "Outer", "Parallel Aware": false, "Startup Cost": 58718.96, "Total Cost": 59849.4, "Plan Rows": 7548, "Plan Width": 72, "Group Key": ["(\"substring\"((customer.c_phone)::text, 1, 2))"], "Plans": [{"Node Type": "Gather Merge", "Parent Relationship": "Outer", "Parallel Aware": false, "Startup Cost": 58718.96, "Total Cost": 59644.26, "Plan Rows": 7305, "Plan Width": 72, "Workers Planned": 3, "Params Evaluated": ["$1"], "Plans": [{"Node Type": "Aggregate", "Strategy": "Sorted", "Partial Mode": "Partial", "Parent Relationship": "Outer", "Parallel Aware": false, "Startup Cost": 57718.92, "Total Cost": 57785.88, "Plan Rows": 2435, "Plan Width": 72, "Group Key": ["(\"substring\"((customer.c_phone)::text, 1, 2))"], "Plans": [{"Node Type": "Sort", "Parent Relationship": "Outer", "Parallel Aware": false, "Startup Cost": 57718.92, "Total Cost": 57725.0, "Plan Rows": 2435, "Plan Width": 38, "Sort Key": ["(\"substring\"((customer.c_phone)::text, 1, 2))"], "Plans": [{"Node Type": "Nested Loop", "Parent Relationship": "Outer", "Parallel Aware": false, "Join Type": "Anti", "Startup Cost": 0.43, "Total Cost": 57581.95, "Plan Rows": 2435, "Plan Width": 38, "Inner Unique": false, "Plans": [{"Node Type": "Seq Scan", "Parent Relationship": "Outer", "Parallel Aware": true, "Relation Name": "customer", "Alias": "customer", "Startup Cost": 0.0, "Total Cost": 48528.61, "Plan Rows": 5645, "Plan Width": 26, "Filter": "((c_acctbal > $1) AND (\"substring\"((c_phone)::text, 1, 2) = ANY ('{28,32,30,13,16,24,22}'::text[])))"}, {"Node Type": "Index Scan", "Parent Relationship": "Inner", "Parallel Aware": false, "Scan Direction": "Forward", "Index Name": "idx_orders_custkey", "Relation Name": "orders", "Alias": "orders", "Startup Cost": 0.43, "Total Cost": 14.0, "Plan Rows": 18, "Plan Width": 4, "Index Cond": "(o_custkey = customer.c_custkey)"}]}]}]}]}]}]}}, {"Plan": {"Node Type": "Limit", "Parallel Aware": false, "Startup Cost": 506945.29, "Total Cost": 506945.44, "Plan Rows": 1, "Plan Width": 72, "Plans": [{"Node Type": "Aggregate", "Strategy": "Plain", "Partial Mode": "Finalize", "Parent Relationship": "InitPlan", "Subplan Name": "InitPlan 1 (returns $1)", "Parallel Aware": false, "Startup Cost": 49567.43, "Total Cost": 49567.44, "Plan Rows": 1, "Plan Width": 32, "Plans": [{"Node Type": "Gather", "Parent Relationship": "Outer", "Parallel Aware": false, "Startup Cost": 49567.1, "Total Cost": 49567.41, "Plan Rows": 3, "Plan Width": 32, "Workers Planned": 3, "Single Copy": false, "Plans": [{"Node Type": "Aggregate", "Strategy": "Plain", "Partial Mode": "Partial", "Parent Relationship": "Outer", "Parallel Aware": false, "Startup Cost": 48567.1, "Total Cost": 48567.11, "Plan Rows": 1, "Plan Width": 32, "Plans": [{"Node Type": "Seq Scan", "Parent Relationship": "Outer", "Parallel Aware": true, "Relation Name": "customer", "Alias": "customer_1", "Startup Cost": 0.0, "Total Cost": 48528.61, "Plan Rows": 15394, "Plan Width": 6, "Filter": "((c_acctbal > 0.00) AND (\"substring\"((c_phone)::text, 1, 2) = ANY ('{28,32,30,13,16,24,22}'::text[])))"}]}]}]}, {"Node Type": "Aggregate", "Strategy": "Sorted", "Partial Mode": "Finalize", "Parent Relationship": "Outer", "Parallel Aware": false, "Startup Cost": 457377.86, "Total Cost": 458508.3, "Plan Rows": 7548, "Plan Width": 72, "Group Key": ["(\"substring\"((customer.c_phone)::text, 1, 2))"], "Plans": [{"Node Type": "Gather Merge", "Parent Relationship": "Outer", "Parallel Aware": false, "Startup Cost": 457377.86, "Total Cost": 458303.16, "Plan Rows": 7305, "Plan Width": 72, "Workers Planned": 3, "Params Evaluated": ["$1"], "Plans": [{"Node Type": "Aggregate", "Strategy": "Sorted", "Partial Mode": "Partial", "Parent Relationship": "Outer", "Parallel Aware": false, "Startup Cost": 456377.82, "Total Cost": 456444.78, "Plan Rows": 2435, "Plan Width": 72, "Group Key": ["(\"substring\"((customer.c_phone)::text, 1, 2))"], "Plans": [{"Node Type": "Sort", "Parent Relationship": "Outer", "Parallel Aware": false, "Startup Cost": 456377.82, "Total Cost": 456383.9, "Plan Rows": 2435, "Plan Width": 38, "Sort Key": ["(\"substring\"((customer.c_phone)::text, 1, 2))"], "Plans": [{"Node Type": "Hash Join", "Parent Relationship": "Outer", "Parallel Aware": true, "Join Type": "Anti", "Startup Cost": 388678.28, "Total Cost": 456240.85, "Plan Rows": 2435, "Plan Width": 38, "Inner Unique": false, "Hash Cond": "(customer.c_custkey = orders.o_custkey)", "Plans": [{"Node Type": "Seq Scan", "Parent Relationship": "Outer", "Parallel Aware": true, "Relation Name": "customer", "Alias": "customer", "Startup Cost": 0.0, "Total Cost": 48528.61, "Plan Rows": 5645, "Plan Width": 26, "Filter": "((c_acctbal > $1) AND (\"substring\"((c_phone)::text, 1, 2) = ANY ('{28,32,30,13,16,24,22}'::text[])))"}, {"Node Type": "Hash", "Parent Relationship": "Inner", "Parallel Aware": true, "Startup Cost": 309296.57, "Total Cost": 309296.57, "Plan Rows": 4838457, "Plan Width": 4, "Plans": [{"Node Type": "Seq Scan", "Parent Relationship": "Outer", "Parallel Aware": true, "Relation Name": "orders", "Alias": "orders", "Startup Cost": 0.0, "Total Cost": 309296.57, "Plan Rows": 4838457, "Plan Width": 4}]}]}]}]}]}]}]}}, {"Plan": {"Node Type": "Limit", "Parallel Aware": false, "Startup Cost": 114122.27, "Total Cost": 114122.42, "Plan Rows": 1, "Plan Width": 72, "Plans": [{"Node Type": "Aggregate", "Strategy": "Plain", "Partial Mode": "Finalize", "Parent Relationship": "InitPlan", "Subplan Name": "InitPlan 1 (returns $1)", "Parallel Aware": false, "Startup Cost": 49567.43, "Total Cost": 49567.44, "Plan Rows": 1, "Plan Width": 32, "Plans": [{"Node Type": "Gather", "Parent Relationship": "Outer", "Parallel Aware": false, "Startup Cost": 49567.1, "Total Cost": 49567.41, "Plan Rows": 3, "Plan Width": 32, "Workers Planned": 3, "Single Copy": false, "Plans": [{"Node Type": "Aggregate", "Strategy": "Plain", "Partial Mode": "Partial", "Parent Relationship": "Outer", "Parallel Aware": false, "Startup Cost": 48567.1, "Total Cost": 48567.11, "Plan Rows": 1, "Plan Width": 32, "Plans": [{"Node Type": "Seq Scan", "Parent Relationship": "Outer", "Parallel Aware": true, "Relation Name": "customer", "Alias": "customer_1", "Startup Cost": 0.0, "Total Cost": 48528.61, "Plan Rows": 15394, "Plan Width": 6, "Filter": "((c_acctbal > 0.00) AND (\"substring\"((c_phone)::text, 1, 2) = ANY ('{28,32,30,13,16,24,22}'::text[])))"}]}]}]}, {"Node Type": "Aggregate", "Strategy": "Sorted", "Partial Mode": "Finalize", "Parent Relationship": "Outer", "Parallel Aware": false, "Startup Cost": 64554.83, "Total Cost": 65685.27, "Plan Rows": 7548, "Plan Width": 72, "Group Key": ["(\"substring\"((customer.c_phone)::text, 1, 2))"], "Plans": [{"Node Type": "Gather Merge", "Parent Relationship": "Outer", "Parallel Aware": false, "Startup Cost": 64554.83, "Total Cost": 65480.13, "Plan Rows": 7305, "Plan Width": 72, "Workers Planned": 3, "Params Evaluated": ["$1"], "Plans": [{"Node Type": "Aggregate", "Strategy": "Sorted", "Partial Mode": "Partial", "Parent Relationship": "Outer", "Parallel Aware": false, "Startup Cost": 63554.79, "Total Cost": 63621.75, "Plan Rows": 2435, "Plan Width": 72, "Group Key": ["(\"substring\"((customer.c_phone)::text, 1, 2))"], "Plans": [{"Node Type": "Sort", "Parent Relationship": "Outer", "Parallel Aware": false, "Startup Cost": 63554.79, "Total Cost": 63560.88, "Plan Rows": 2435, "Plan Width": 38, "Sort Key": ["(\"substring\"((customer.c_phone)::text, 1, 2))"], "Plans": [{"Node Type": "Nested Loop", "Parent Relationship": "Outer", "Parallel Aware": false, "Join Type": "Anti", "Startup Cost": 1.48, "Total Cost": 63417.83, "Plan Rows": 2435, "Plan Width": 38, "Inner Unique": false, "Plans": [{"Node Type": "Seq Scan", "Parent Relationship": "Outer", "Parallel Aware": true, "Relation Name": "customer", "Alias": "customer", "Startup Cost": 0.0, "Total Cost": 48528.61, "Plan Rows": 5645, "Plan Width": 26, "Filter": "((c_acctbal > $1) AND (\"substring\"((c_phone)::text, 1, 2) = ANY ('{28,32,30,13,16,24,22}'::text[])))"}, {"Node Type": "Bitmap Heap Scan", "Parent Relationship": "Inner", "Parallel Aware": false, "Relation Name": "orders", "Alias": "orders", "Startup Cost": 1.48, "Total Cost": 14.9, "Plan Rows": 18, "Plan Width": 4, "Recheck Cond": "(o_custkey = customer.c_custkey)", "Plans": [{"Node Type": "Bitmap Index Scan", "Parent Relationship": "Outer", "Parallel Aware": false, "Index Name": "idx_orders_custkey", "Startup Cost": 0.0, "Total Cost": 1.48, "Plan Rows": 18, "Plan Width": 0, "Index Cond": "(o_custkey = customer.c_custkey)"}]}]}]}]}]}]}]}}, {"Plan": {"Node Type": "Limit", "Parallel Aware": false, "Startup Cost": 506945.29, "Total Cost": 506945.44, "Plan Rows": 1, "Plan Width": 72, "Plans": [{"Node Type": "Aggregate", "Strategy": "Plain", "Partial Mode": "Finalize", "Parent Relationship": "InitPlan", "Subplan Name": "InitPlan 1 (returns $1)", "Parallel Aware": false, "Startup Cost": 49567.43, "Total Cost": 49567.44, "Plan Rows": 1, "Plan Width": 32, "Plans": [{"Node Type": "Gather", "Parent Relationship": "Outer", "Parallel Aware": false, "Startup Cost": 49567.1, "Total Cost": 49567.41, "Plan Rows": 3, "Plan Width": 32, "Workers Planned": 3, "Single Copy": false, "Plans": [{"Node Type": "Aggregate", "Strategy": "Plain", "Partial Mode": "Partial", "Parent Relationship": "Outer", "Parallel Aware": false, "Startup Cost": 48567.1, "Total Cost": 48567.11, "Plan Rows": 1, "Plan Width": 32, "Plans": [{"Node Type": "Seq Scan", "Parent Relationship": "Outer", "Parallel Aware": true, "Relation Name": "customer", "Alias": "customer_1", "Startup Cost": 0.0, "Total Cost": 48528.61, "Plan Rows": 15394, "Plan Width": 6, "Filter": "((c_acctbal > 0.00) AND (\"substring\"((c_phone)::text, 1, 2) = ANY ('{28,32,30,13,16,24,22}'::text[])))"}]}]}]}, {"Node Type": "Aggregate", "Strategy": "Sorted", "Partial Mode": "Finalize", "Parent Relationship": "Outer", "Parallel Aware": false, "Startup Cost": 457377.86, "Total Cost": 458508.3, "Plan Rows": 7548, "Plan Width": 72, "Group Key": ["(\"substring\"((customer.c_phone)::text, 1, 2))"], "Plans": [{"Node Type": "Gather Merge", "Parent Relationship": "Outer", "Parallel Aware": false, "Startup Cost": 457377.86, "Total Cost": 458303.16, "Plan Rows": 7305, "Plan Width": 72, "Workers Planned": 3, "Params Evaluated": ["$1"], "Plans": [{"Node Type": "Aggregate", "Strategy": "Sorted", "Partial Mode": "Partial", "Parent Relationship": "Outer", "Parallel Aware": false, "Startup Cost": 456377.82, "Total Cost": 456444.78, "Plan Rows": 2435, "Plan Width": 72, "Group Key": ["(\"substring\"((customer.c_phone)::text, 1, 2))"], "Plans": [{"Node Type": "Sort", "Parent Relationship": "Outer", "Parallel Aware": false, "Startup Cost": 456377.82, "Total Cost": 456383.9, "Plan Rows": 2435, "Plan Width": 38, "Sort Key": ["(\"substring\"((customer.c_phone)::text, 1, 2))"], "Plans": [{"Node Type": "Hash Join", "Parent Relationship": "Outer", "Parallel Aware": true, "Join Type": "Anti", "Startup Cost": 388678.28, "Total Cost": 456240.85, "Plan Rows": 2435, "Plan Width": 38, "Inner Unique": false, "Hash Cond": "(customer.c_custkey = orders.o_custkey)", "Plans": [{"Node Type": "Seq Scan", "Parent Relationship": "Outer", "Parallel Aware": true, "Relation Name": "customer", "Alias": "customer", "Startup Cost": 0.0, "Total Cost": 48528.61, "Plan Rows": 5645, "Plan Width": 26, "Filter": "((c_acctbal > $1) AND (\"substring\"((c_phone)::text, 1, 2) = ANY ('{28,32,30,13,16,24,22}'::text[])))"}, {"Node Type": "Hash", "Parent Relationship": "Inner", "Parallel Aware": true, "Startup Cost": 309296.57, "Total Cost": 309296.57, "Plan Rows": 4838457, "Plan Width": 4, "Plans": [{"Node Type": "Seq Scan", "Parent Relationship": "Outer", "Parallel Aware": true, "Relation Name": "orders", "Alias": "orders", "Startup Cost": 0.0, "Total Cost": 309296.57, "Plan Rows": 4838457, "Plan Width": 4}]}]}]}]}]}]}]}}, {"Plan": {"Node Type": "Limit", "Parallel Aware": false, "Startup Cost": 114122.27, "Total Cost": 114122.42, "Plan Rows": 1, "Plan Width": 72, "Plans": [{"Node Type": "Aggregate", "Strategy": "Plain", "Partial Mode": "Finalize", "Parent Relationship": "InitPlan", "Subplan Name": "InitPlan 1 (returns $1)", "Parallel Aware": false, "Startup Cost": 49567.43, "Total Cost": 49567.44, "Plan Rows": 1, "Plan Width": 32, "Plans": [{"Node Type": "Gather", "Parent Relationship": "Outer", "Parallel Aware": false, "Startup Cost": 49567.1, "Total Cost": 49567.41, "Plan Rows": 3, "Plan Width": 32, "Workers Planned": 3, "Single Copy": false, "Plans": [{"Node Type": "Aggregate", "Strategy": "Plain", "Partial Mode": "Partial", "Parent Relationship": "Outer", "Parallel Aware": false, "Startup Cost": 48567.1, "Total Cost": 48567.11, "Plan Rows": 1, "Plan Width": 32, "Plans": [{"Node Type": "Seq Scan", "Parent Relationship": "Outer", "Parallel Aware": true, "Relation Name": "customer", "Alias": "customer_1", "Startup Cost": 0.0, "Total Cost": 48528.61, "Plan Rows": 15394, "Plan Width": 6, "Filter": "((c_acctbal > 0.00) AND (\"substring\"((c_phone)::text, 1, 2) = ANY ('{28,32,30,13,16,24,22}'::text[])))"}]}]}]}, {"Node Type": "Aggregate", "Strategy": "Sorted", "Partial Mode": "Finalize", "Parent Relationship": "Outer", "Parallel Aware": false, "Startup Cost": 64554.83, "Total Cost": 65685.27, "Plan Rows": 7548, "Plan Width": 72, "Group Key": ["(\"substring\"((customer.c_phone)::text, 1, 2))"], "Plans": [{"Node Type": "Gather Merge", "Parent Relationship": "Outer", "Parallel Aware": false, "Startup Cost": 64554.83, "Total Cost": 65480.13, "Plan Rows": 7305, "Plan Width": 72, "Workers Planned": 3, "Params Evaluated": ["$1"], "Plans": [{"Node Type": "Aggregate", "Strategy": "Sorted", "Partial Mode": "Partial", "Parent Relationship": "Outer", "Parallel Aware": false, "Startup Cost": 63554.79, "Total Cost": 63621.75, "Plan Rows": 2435, "Plan Width": 72, "Group Key": ["(\"substring\"((customer.c_phone)::text, 1, 2))"], "Plans": [{"Node Type": "Sort", "Parent Relationship": "Outer", "Parallel Aware": false, "Startup Cost": 63554.79, "Total Cost": 63560.88, "Plan Rows": 2435, "Plan Width": 38, "Sort Key": ["(\"substring\"((customer.c_phone)::text, 1, 2))"], "Plans": [{"Node Type": "Nested Loop", "Parent Relationship": "Outer", "Parallel Aware": false, "Join Type": "Anti", "Startup Cost": 1.48, "Total Cost": 63417.83, "Plan Rows": 2435, "Plan Width": 38, "Inner Unique": false, "Plans": [{"Node Type": "Seq Scan", "Parent Relationship": "Outer", "Parallel Aware": true, "Relation Name": "customer", "Alias": "customer", "Startup Cost": 0.0, "Total Cost": 48528.61, "Plan Rows": 5645, "Plan Width": 26, "Filter": "((c_acctbal > $1) AND (\"substring\"((c_phone)::text, 1, 2) = ANY ('{28,32,30,13,16,24,22}'::text[])))"}, {"Node Type": "Bitmap Heap Scan", "Parent Relationship": "Inner", "Parallel Aware": false, "Relation Name": "orders", "Alias": "orders", "Startup Cost": 1.48, "Total Cost": 14.9, "Plan Rows": 18, "Plan Width": 4, "Recheck Cond": "(o_custkey = customer.c_custkey)", "Plans": [{"Node Type": "Bitmap Index Scan", "Parent Relationship": "Outer", "Parallel Aware": false, "Index Name": "idx_orders_custkey", "Startup Cost": 0.0, "Total Cost": 1.48, "Plan Rows": 18, "Plan Width": 0, "Index Cond": "(o_custkey = customer.c_custkey)"}]}]}]}]}]}]}]}}, {"Plan": {"Node Type": "Limit", "Parallel Aware": false, "Startup Cost": 506945.29, "Total Cost": 506945.44, "Plan Rows": 1, "Plan Width": 72, "Plans": [{"Node Type": "Aggregate", "Strategy": "Plain", "Partial Mode": "Finalize", "Parent Relationship": "InitPlan", "Subplan Name": "InitPlan 1 (returns $1)", "Parallel Aware": false, "Startup Cost": 49567.43, "Total Cost": 49567.44, "Plan Rows": 1, "Plan Width": 32, "Plans": [{"Node Type": "Gather", "Parent Relationship": "Outer", "Parallel Aware": false, "Startup Cost": 49567.1, "Total Cost": 49567.41, "Plan Rows": 3, "Plan Width": 32, "Workers Planned": 3, "Single Copy": false, "Plans": [{"Node Type": "Aggregate", "Strategy": "Plain", "Partial Mode": "Partial", "Parent Relationship": "Outer", "Parallel Aware": false, "Startup Cost": 48567.1, "Total Cost": 48567.11, "Plan Rows": 1, "Plan Width": 32, "Plans": [{"Node Type": "Seq Scan", "Parent Relationship": "Outer", "Parallel Aware": true, "Relation Name": "customer", "Alias": "customer_1", "Startup Cost": 0.0, "Total Cost": 48528.61, "Plan Rows": 15394, "Plan Width": 6, "Filter": "((c_acctbal > 0.00) AND (\"substring\"((c_phone)::text, 1, 2) = ANY ('{28,32,30,13,16,24,22}'::text[])))"}]}]}]}, {"Node Type": "Aggregate", "Strategy": "Sorted", "Partial Mode": "Finalize", "Parent Relationship": "Outer", "Parallel Aware": false, "Startup Cost": 457377.86, "Total Cost": 458508.3, "Plan Rows": 7548, "Plan Width": 72, "Group Key": ["(\"substring\"((customer.c_phone)::text, 1, 2))"], "Plans": [{"Node Type": "Gather Merge", "Parent Relationship": "Outer", "Parallel Aware": false, "Startup Cost": 457377.86, "Total Cost": 458303.16, "Plan Rows": 7305, "Plan Width": 72, "Workers Planned": 3, "Params Evaluated": ["$1"], "Plans": [{"Node Type": "Aggregate", "Strategy": "Sorted", "Partial Mode": "Partial", "Parent Relationship": "Outer", "Parallel Aware": false, "Startup Cost": 456377.82, "Total Cost": 456444.78, "Plan Rows": 2435, "Plan Width": 72, "Group Key": ["(\"substring\"((customer.c_phone)::text, 1, 2))"], "Plans": [{"Node Type": "Sort", "Parent Relationship": "Outer", "Parallel Aware": false, "Startup Cost": 456377.82, "Total Cost": 456383.9, "Plan Rows": 2435, "Plan Width": 38, "Sort Key": ["(\"substring\"((customer.c_phone)::text, 1, 2))"], "Plans": [{"Node Type": "Hash Join", "Parent Relationship": "Outer", "Parallel Aware": true, "Join Type": "Anti", "Startup Cost": 388678.28, "Total Cost": 456240.85, "Plan Rows": 2435, "Plan Width": 38, "Inner Unique": false, "Hash Cond": "(customer.c_custkey = orders.o_custkey)", "Plans": [{"Node Type": "Seq Scan", "Parent Relationship": "Outer", "Parallel Aware": true, "Relation Name": "customer", "Alias": "customer", "Startup Cost": 0.0, "Total Cost": 48528.61, "Plan Rows": 5645, "Plan Width": 26, "Filter": "((c_acctbal > $1) AND (\"substring\"((c_phone)::text, 1, 2) = ANY ('{28,32,30,13,16,24,22}'::text[])))"}, {"Node Type": "Hash", "Parent Relationship": "Inner", "Parallel Aware": true, "Startup Cost": 309296.57, "Total Cost": 309296.57, "Plan Rows": 4838457, "Plan Width": 4, "Plans": [{"Node Type": "Seq Scan", "Parent Relationship": "Outer", "Parallel Aware": true, "Relation Name": "orders", "Alias": "orders", "Startup Cost": 0.0, "Total Cost": 309296.57, "Plan Rows": 4838457, "Plan Width": 4}]}]}]}]}]}]}]}}, {"Plan": {"Node Type": "Limit", "Parallel Aware": false, "Startup Cost": 10000732398.15, "Total Cost": 10000732398.3, "Plan Rows": 1, "Plan Width": 72, "Plans": [{"Node Type": "Aggregate", "Strategy": "Plain", "Partial Mode": "Simple", "Parent Relationship": "InitPlan", "Subplan Name": "InitPlan 1 (returns $0)", "Parallel Aware": false, "Startup Cost": 10000075321.3, "Total Cost": 10000075321.31, "Plan Rows": 1, "Plan Width": 32, "Plans": [{"Node Type": "Seq Scan", "Parent Relationship": "Outer", "Parallel Aware": false, "Relation Name": "customer", "Alias": "customer_1", "Startup Cost": 10000000000.0, "Total Cost": 10000075202.0, "Plan Rows": 47720, "Plan Width": 6, "Filter": "((c_acctbal > 0.00) AND (\"substring\"((c_phone)::text, 1, 2) = ANY ('{28,32,30,13,16,24,22}'::text[])))"}]}, {"Node Type": "Aggregate", "Strategy": "Sorted", "Partial Mode": "Finalize", "Parent Relationship": "Outer", "Parallel Aware": false, "Startup Cost": 657076.83, "Total Cost": 658207.27, "Plan Rows": 7548, "Plan Width": 72, "Group Key": ["(\"substring\"((customer.c_phone)::text, 1, 2))"], "Plans": [{"Node Type": "Gather Merge", "Parent Relationship": "Outer", "Parallel Aware": false, "Startup Cost": 657076.83, "Total Cost": 658002.13, "Plan Rows": 7305, "Plan Width": 72, "Workers Planned": 3, "Params Evaluated": ["$0"], "Plans": [{"Node Type": "Aggregate", "Strategy": "Sorted", "Partial Mode": "Partial", "Parent Relationship": "Outer", "Parallel Aware": false, "Startup Cost": 656076.79, "Total Cost": 656143.76, "Plan Rows": 2435, "Plan Width": 72, "Group Key": ["(\"substring\"((customer.c_phone)::text, 1, 2))"], "Plans": [{"Node Type": "Sort", "Parent Relationship": "Outer", "Parallel Aware": false, "Startup Cost": 656076.79, "Total Cost": 656082.88, "Plan Rows": 2435, "Plan Width": 38, "Sort Key": ["(\"substring\"((customer.c_phone)::text, 1, 2))"], "Plans": [{"Node Type": "Merge Join", "Parent Relationship": "Outer", "Parallel Aware": false, "Join Type": "Anti", "Startup Cost": 4.63, "Total Cost": 655939.83, "Plan Rows": 2435, "Plan Width": 38, "Inner Unique": false, "Merge Cond": "(customer.c_custkey = orders.o_custkey)", "Plans": [{"Node Type": "Index Scan", "Parent Relationship": "Outer", "Parallel Aware": true, "Scan Direction": "Forward", "Index Name": "customer_pkey", "Relation Name": "customer", "Alias": "customer", "Startup Cost": 0.43, "Total Cost": 60556.74, "Plan Rows": 5645, "Plan Width": 26, "Filter": "((c_acctbal > $0) AND (\"substring\"((c_phone)::text, 1, 2) = ANY ('{28,32,30,13,16,24,22}'::text[])))"}, {"Node Type": "Index Only Scan", "Parent Relationship": "Inner", "Parallel Aware": false, "Scan Direction": "Forward", "Index Name": "idx_orders_custkey", "Relation Name": "orders", "Alias": "orders", "Startup Cost": 0.43, "Total Cost": 557294.29, "Plan Rows": 14999217, "Plan Width": 4}]}]}]}]}]}]}}, {"Plan": {"Node Type": "Limit", "Parallel Aware": false, "Startup Cost": 10000146068.4, "Total Cost": 10000146068.55, "Plan Rows": 1, "Plan Width": 72, "Plans": [{"Node Type": "Aggregate", "Strategy": "Plain", "Partial Mode": "Simple", "Parent Relationship": "InitPlan", "Subplan Name": "InitPlan 1 (returns $0)", "Parallel Aware": false, "Startup Cost": 10000075321.3, "Total Cost": 10000075321.31, "Plan Rows": 1, "Plan Width": 32, "Plans": [{"Node Type": "Seq Scan", "Parent Relationship": "Outer", "Parallel Aware": false, "Relation Name": "customer", "Alias": "customer_1", "Startup Cost": 10000000000.0, "Total Cost": 10000075202.0, "Plan Rows": 47720, "Plan Width": 6, "Filter": "((c_acctbal > 0.00) AND (\"substring\"((c_phone)::text, 1, 2) = ANY ('{28,32,30,13,16,24,22}'::text[])))"}]}, {"Node Type": "Aggregate", "Strategy": "Sorted", "Partial Mode": "Finalize", "Parent Relationship": "Outer", "Parallel Aware": false, "Startup Cost": 70747.08, "Total Cost": 71877.52, "Plan Rows": 7548, "Plan Width": 72, "Group Key": ["(\"substring\"((customer.c_phone)::text, 1, 2))"], "Plans": [{"Node Type": "Gather Merge", "Parent Relationship": "Outer", "Parallel Aware": false, "Startup Cost": 70747.08, "Total Cost": 71672.38, "Plan Rows": 7305, "Plan Width": 72, "Workers Planned": 3, "Params Evaluated": ["$0"], "Plans": [{"Node Type": "Aggregate", "Strategy": "Sorted", "Partial Mode": "Partial", "Parent Relationship": "Outer", "Parallel Aware": false, "Startup Cost": 69747.04, "Total Cost": 69814.01, "Plan Rows": 2435, "Plan Width": 72, "Group Key": ["(\"substring\"((customer.c_phone)::text, 1, 2))"], "Plans": [{"Node Type": "Sort", "Parent Relationship": "Outer", "Parallel Aware": false, "Startup Cost": 69747.04, "Total Cost": 69753.13, "Plan Rows": 2435, "Plan Width": 38, "Sort Key": ["(\"substring\"((customer.c_phone)::text, 1, 2))"], "Plans": [{"Node Type": "Nested Loop", "Parent Relationship": "Outer", "Parallel Aware": false, "Join Type": "Anti", "Startup Cost": 0.86, "Total Cost": 69610.08, "Plan Rows": 2435, "Plan Width": 38, "Inner Unique": false, "Plans": [{"Node Type": "Index Scan", "Parent Relationship": "Outer", "Parallel Aware": true, "Scan Direction": "Forward", "Index Name": "customer_pkey", "Relation Name": "customer", "Alias": "customer", "Startup Cost": 0.43, "Total Cost": 60556.74, "Plan Rows": 5645, "Plan Width": 26, "Filter": "((c_acctbal > $0) AND (\"substring\"((c_phone)::text, 1, 2) = ANY ('{28,32,30,13,16,24,22}'::text[])))"}, {"Node Type": "Index Only Scan", "Parent Relationship": "Inner", "Parallel Aware": false, "Scan Direction": "Forward", "Index Name": "idx_orders_custkey", "Relation Name": "orders", "Alias": "orders", "Startup Cost": 0.43, "Total Cost": 14.0, "Plan Rows": 18, "Plan Width": 4, "Index Cond": "(o_custkey = customer.c_custkey)"}]}]}]}]}]}]}}, {"Plan": {"Node Type": "Limit", "Parallel Aware": false, "Startup Cost": 108286.39, "Total Cost": 108286.54, "Plan Rows": 1, "Plan Width": 72, "Plans": [{"Node Type": "Aggregate", "Strategy": "Plain", "Partial Mode": "Finalize", "Parent Relationship": "InitPlan", "Subplan Name": "InitPlan 1 (returns $1)", "Parallel Aware": false, "Startup Cost": 49567.43, "Total Cost": 49567.44, "Plan Rows": 1, "Plan Width": 32, "Plans": [{"Node Type": "Gather", "Parent Relationship": "Outer", "Parallel Aware": false, "Startup Cost": 49567.1, "Total Cost": 49567.41, "Plan Rows": 3, "Plan Width": 32, "Workers Planned": 3, "Single Copy": false, "Plans": [{"Node Type": "Aggregate", "Strategy": "Plain", "Partial Mode": "Partial", "Parent Relationship": "Outer", "Parallel Aware": false, "Startup Cost": 48567.1, "Total Cost": 48567.11, "Plan Rows": 1, "Plan Width": 32, "Plans": [{"Node Type": "Seq Scan", "Parent Relationship": "Outer", "Parallel Aware": true, "Relation Name": "customer", "Alias": "customer_1", "Startup Cost": 0.0, "Total Cost": 48528.61, "Plan Rows": 15394, "Plan Width": 6, "Filter": "((c_acctbal > 0.00) AND (\"substring\"((c_phone)::text, 1, 2) = ANY ('{28,32,30,13,16,24,22}'::text[])))"}]}]}]}, {"Node Type": "Aggregate", "Strategy": "Sorted", "Partial Mode": "Finalize", "Parent Relationship": "Outer", "Parallel Aware": false, "Startup Cost": 58718.96, "Total Cost": 59849.4, "Plan Rows": 7548, "Plan Width": 72, "Group Key": ["(\"substring\"((customer.c_phone)::text, 1, 2))"], "Plans": [{"Node Type": "Gather Merge", "Parent Relationship": "Outer", "Parallel Aware": false, "Startup Cost": 58718.96, "Total Cost": 59644.26, "Plan Rows": 7305, "Plan Width": 72, "Workers Planned": 3, "Params Evaluated": ["$1"], "Plans": [{"Node Type": "Aggregate", "Strategy": "Sorted", "Partial Mode": "Partial", "Parent Relationship": "Outer", "Parallel Aware": false, "Startup Cost": 57718.92, "Total Cost": 57785.88, "Plan Rows": 2435, "Plan Width": 72, "Group Key": ["(\"substring\"((customer.c_phone)::text, 1, 2))"], "Plans": [{"Node Type": "Sort", "Parent Relationship": "Outer", "Parallel Aware": false, "Startup Cost": 57718.92, "Total Cost": 57725.0, "Plan Rows": 2435, "Plan Width": 38, "Sort Key": ["(\"substring\"((customer.c_phone)::text, 1, 2))"], "Plans": [{"Node Type": "Nested Loop", "Parent Relationship": "Outer", "Parallel Aware": false, "Join Type": "Anti", "Startup Cost": 0.43, "Total Cost": 57581.95, "Plan Rows": 2435, "Plan Width": 38, "Inner Unique": false, "Plans": [{"Node Type": "Seq Scan", "Parent Relationship": "Outer", "Parallel Aware": true, "Relation Name": "customer", "Alias": "customer", "Startup Cost": 0.0, "Total Cost": 48528.61, "Plan Rows": 5645, "Plan Width": 26, "Filter": "((c_acctbal > $1) AND (\"substring\"((c_phone)::text, 1, 2) = ANY ('{28,32,30,13,16,24,22}'::text[])))"}, {"Node Type": "Index Only Scan", "Parent Relationship": "Inner", "Parallel Aware": false, "Scan Direction": "Forward", "Index Name": "idx_orders_custkey", "Relation Name": "orders", "Alias": "orders", "Startup Cost": 0.43, "Total Cost": 14.0, "Plan Rows": 18, "Plan Width": 4, "Index Cond": "(o_custkey = customer.c_custkey)"}]}]}]}]}]}]}}, {"Plan": {"Node Type": "Limit", "Parallel Aware": false, "Startup Cost": 706644.27, "Total Cost": 706644.42, "Plan Rows": 1, "Plan Width": 72, "Plans": [{"Node Type": "Aggregate", "Strategy": "Plain", "Partial Mode": "Finalize", "Parent Relationship": "InitPlan", "Subplan Name": "InitPlan 1 (returns $1)", "Parallel Aware": false, "Startup Cost": 49567.43, "Total Cost": 49567.44, "Plan Rows": 1, "Plan Width": 32, "Plans": [{"Node Type": "Gather", "Parent Relationship": "Outer", "Parallel Aware": false, "Startup Cost": 49567.1, "Total Cost": 49567.41, "Plan Rows": 3, "Plan Width": 32, "Workers Planned": 3, "Single Copy": false, "Plans": [{"Node Type": "Aggregate", "Strategy": "Plain", "Partial Mode": "Partial", "Parent Relationship": "Outer", "Parallel Aware": false, "Startup Cost": 48567.1, "Total Cost": 48567.11, "Plan Rows": 1, "Plan Width": 32, "Plans": [{"Node Type": "Seq Scan", "Parent Relationship": "Outer", "Parallel Aware": true, "Relation Name": "customer", "Alias": "customer_1", "Startup Cost": 0.0, "Total Cost": 48528.61, "Plan Rows": 15394, "Plan Width": 6, "Filter": "((c_acctbal > 0.00) AND (\"substring\"((c_phone)::text, 1, 2) = ANY ('{28,32,30,13,16,24,22}'::text[])))"}]}]}]}, {"Node Type": "Aggregate", "Strategy": "Sorted", "Partial Mode": "Finalize", "Parent Relationship": "Outer", "Parallel Aware": false, "Startup Cost": 657076.83, "Total Cost": 658207.27, "Plan Rows": 7548, "Plan Width": 72, "Group Key": ["(\"substring\"((customer.c_phone)::text, 1, 2))"], "Plans": [{"Node Type": "Gather Merge", "Parent Relationship": "Outer", "Parallel Aware": false, "Startup Cost": 657076.83, "Total Cost": 658002.13, "Plan Rows": 7305, "Plan Width": 72, "Workers Planned": 3, "Params Evaluated": ["$1"], "Plans": [{"Node Type": "Aggregate", "Strategy": "Sorted", "Partial Mode": "Partial", "Parent Relationship": "Outer", "Parallel Aware": false, "Startup Cost": 656076.79, "Total Cost": 656143.76, "Plan Rows": 2435, "Plan Width": 72, "Group Key": ["(\"substring\"((customer.c_phone)::text, 1, 2))"], "Plans": [{"Node Type": "Sort", "Parent Relationship": "Outer", "Parallel Aware": false, "Startup Cost": 656076.79, "Total Cost": 656082.88, "Plan Rows": 2435, "Plan Width": 38, "Sort Key": ["(\"substring\"((customer.c_phone)::text, 1, 2))"], "Plans": [{"Node Type": "Merge Join", "Parent Relationship": "Outer", "Parallel Aware": false, "Join Type": "Anti", "Startup Cost": 4.63, "Total Cost": 655939.83, "Plan Rows": 2435, "Plan Width": 38, "Inner Unique": false, "Merge Cond": "(customer.c_custkey = orders.o_custkey)", "Plans": [{"Node Type": "Index Scan", "Parent Relationship": "Outer", "Parallel Aware": true, "Scan Direction": "Forward", "Index Name": "customer_pkey", "Relation Name": "customer", "Alias": "customer", "Startup Cost": 0.43, "Total Cost": 60556.74, "Plan Rows": 5645, "Plan Width": 26, "Filter": "((c_acctbal > $1) AND (\"substring\"((c_phone)::text, 1, 2) = ANY ('{28,32,30,13,16,24,22}'::text[])))"}, {"Node Type": "Index Only Scan", "Parent Relationship": "Inner", "Parallel Aware": false, "Scan Direction": "Forward", "Index Name": "idx_orders_custkey", "Relation Name": "orders", "Alias": "orders", "Startup Cost": 0.43, "Total Cost": 557294.29, "Plan Rows": 14999217, "Plan Width": 4}]}]}]}]}]}]}}, {"Plan": {"Node Type": "Limit", "Parallel Aware": false, "Startup Cost": 10000146068.4, "Total Cost": 10000146068.55, "Plan Rows": 1, "Plan Width": 72, "Plans": [{"Node Type": "Aggregate", "Strategy": "Plain", "Partial Mode": "Simple", "Parent Relationship": "InitPlan", "Subplan Name": "InitPlan 1 (returns $0)", "Parallel Aware": false, "Startup Cost": 10000075321.3, "Total Cost": 10000075321.31, "Plan Rows": 1, "Plan Width": 32, "Plans": [{"Node Type": "Seq Scan", "Parent Relationship": "Outer", "Parallel Aware": false, "Relation Name": "customer", "Alias": "customer_1", "Startup Cost": 10000000000.0, "Total Cost": 10000075202.0, "Plan Rows": 47720, "Plan Width": 6, "Filter": "((c_acctbal > 0.00) AND (\"substring\"((c_phone)::text, 1, 2) = ANY ('{28,32,30,13,16,24,22}'::text[])))"}]}, {"Node Type": "Aggregate", "Strategy": "Sorted", "Partial Mode": "Finalize", "Parent Relationship": "Outer", "Parallel Aware": false, "Startup Cost": 70747.08, "Total Cost": 71877.52, "Plan Rows": 7548, "Plan Width": 72, "Group Key": ["(\"substring\"((customer.c_phone)::text, 1, 2))"], "Plans": [{"Node Type": "Gather Merge", "Parent Relationship": "Outer", "Parallel Aware": false, "Startup Cost": 70747.08, "Total Cost": 71672.38, "Plan Rows": 7305, "Plan Width": 72, "Workers Planned": 3, "Params Evaluated": ["$0"], "Plans": [{"Node Type": "Aggregate", "Strategy": "Sorted", "Partial Mode": "Partial", "Parent Relationship": "Outer", "Parallel Aware": false, "Startup Cost": 69747.04, "Total Cost": 69814.01, "Plan Rows": 2435, "Plan Width": 72, "Group Key": ["(\"substring\"((customer.c_phone)::text, 1, 2))"], "Plans": [{"Node Type": "Sort", "Parent Relationship": "Outer", "Parallel Aware": false, "Startup Cost": 69747.04, "Total Cost": 69753.13, "Plan Rows": 2435, "Plan Width": 38, "Sort Key": ["(\"substring\"((customer.c_phone)::text, 1, 2))"], "Plans": [{"Node Type": "Nested Loop", "Parent Relationship": "Outer", "Parallel Aware": false, "Join Type": "Anti", "Startup Cost": 0.86, "Total Cost": 69610.08, "Plan Rows": 2435, "Plan Width": 38, "Inner Unique": false, "Plans": [{"Node Type": "Index Scan", "Parent Relationship": "Outer", "Parallel Aware": true, "Scan Direction": "Forward", "Index Name": "customer_pkey", "Relation Name": "customer", "Alias": "customer", "Startup Cost": 0.43, "Total Cost": 60556.74, "Plan Rows": 5645, "Plan Width": 26, "Filter": "((c_acctbal > $0) AND (\"substring\"((c_phone)::text, 1, 2) = ANY ('{28,32,30,13,16,24,22}'::text[])))"}, {"Node Type": "Index Only Scan", "Parent Relationship": "Inner", "Parallel Aware": false, "Scan Direction": "Forward", "Index Name": "idx_orders_custkey", "Relation Name": "orders", "Alias": "orders", "Startup Cost": 0.43, "Total Cost": 14.0, "Plan Rows": 18, "Plan Width": 4, "Index Cond": "(o_custkey = customer.c_custkey)"}]}]}]}]}]}]}}, {"Plan": {"Node Type": "Limit", "Parallel Aware": false, "Startup Cost": 108286.39, "Total Cost": 108286.54, "Plan Rows": 1, "Plan Width": 72, "Plans": [{"Node Type": "Aggregate", "Strategy": "Plain", "Partial Mode": "Finalize", "Parent Relationship": "InitPlan", "Subplan Name": "InitPlan 1 (returns $1)", "Parallel Aware": false, "Startup Cost": 49567.43, "Total Cost": 49567.44, "Plan Rows": 1, "Plan Width": 32, "Plans": [{"Node Type": "Gather", "Parent Relationship": "Outer", "Parallel Aware": false, "Startup Cost": 49567.1, "Total Cost": 49567.41, "Plan Rows": 3, "Plan Width": 32, "Workers Planned": 3, "Single Copy": false, "Plans": [{"Node Type": "Aggregate", "Strategy": "Plain", "Partial Mode": "Partial", "Parent Relationship": "Outer", "Parallel Aware": false, "Startup Cost": 48567.1, "Total Cost": 48567.11, "Plan Rows": 1, "Plan Width": 32, "Plans": [{"Node Type": "Seq Scan", "Parent Relationship": "Outer", "Parallel Aware": true, "Relation Name": "customer", "Alias": "customer_1", "Startup Cost": 0.0, "Total Cost": 48528.61, "Plan Rows": 15394, "Plan Width": 6, "Filter": "((c_acctbal > 0.00) AND (\"substring\"((c_phone)::text, 1, 2) = ANY ('{28,32,30,13,16,24,22}'::text[])))"}]}]}]}, {"Node Type": "Aggregate", "Strategy": "Sorted", "Partial Mode": "Finalize", "Parent Relationship": "Outer", "Parallel Aware": false, "Startup Cost": 58718.96, "Total Cost": 59849.4, "Plan Rows": 7548, "Plan Width": 72, "Group Key": ["(\"substring\"((customer.c_phone)::text, 1, 2))"], "Plans": [{"Node Type": "Gather Merge", "Parent Relationship": "Outer", "Parallel Aware": false, "Startup Cost": 58718.96, "Total Cost": 59644.26, "Plan Rows": 7305, "Plan Width": 72, "Workers Planned": 3, "Params Evaluated": ["$1"], "Plans": [{"Node Type": "Aggregate", "Strategy": "Sorted", "Partial Mode": "Partial", "Parent Relationship": "Outer", "Parallel Aware": false, "Startup Cost": 57718.92, "Total Cost": 57785.88, "Plan Rows": 2435, "Plan Width": 72, "Group Key": ["(\"substring\"((customer.c_phone)::text, 1, 2))"], "Plans": [{"Node Type": "Sort", "Parent Relationship": "Outer", "Parallel Aware": false, "Startup Cost": 57718.92, "Total Cost": 57725.0, "Plan Rows": 2435, "Plan Width": 38, "Sort Key": ["(\"substring\"((customer.c_phone)::text, 1, 2))"], "Plans": [{"Node Type": "Nested Loop", "Parent Relationship": "Outer", "Parallel Aware": false, "Join Type": "Anti", "Startup Cost": 0.43, "Total Cost": 57581.95, "Plan Rows": 2435, "Plan Width": 38, "Inner Unique": false, "Plans": [{"Node Type": "Seq Scan", "Parent Relationship": "Outer", "Parallel Aware": true, "Relation Name": "customer", "Alias": "customer", "Startup Cost": 0.0, "Total Cost": 48528.61, "Plan Rows": 5645, "Plan Width": 26, "Filter": "((c_acctbal > $1) AND (\"substring\"((c_phone)::text, 1, 2) = ANY ('{28,32,30,13,16,24,22}'::text[])))"}, {"Node Type": "Index Only Scan", "Parent Relationship": "Inner", "Parallel Aware": false, "Scan Direction": "Forward", "Index Name": "idx_orders_custkey", "Relation Name": "orders", "Alias": "orders", "Startup Cost": 0.43, "Total Cost": 14.0, "Plan Rows": 18, "Plan Width": 4, "Index Cond": "(o_custkey = customer.c_custkey)"}]}]}]}]}]}]}}, {"Plan": {"Node Type": "Limit", "Parallel Aware": false, "Startup Cost": 30000209195.99, "Total Cost": 30000209196.02, "Plan Rows": 1, "Plan Width": 72, "Plans": [{"Node Type": "Aggregate", "Strategy": "Plain", "Partial Mode": "Simple", "Parent Relationship": "InitPlan", "Subplan Name": "InitPlan 1 (returns $0)", "Parallel Aware": false, "Startup Cost": 10000075321.3, "Total Cost": 10000075321.31, "Plan Rows": 1, "Plan Width": 32, "Plans": [{"Node Type": "Seq Scan", "Parent Relationship": "Outer", "Parallel Aware": false, "Relation Name": "customer", "Alias": "customer_1", "Startup Cost": 10000000000.0, "Total Cost": 10000075202.0, "Plan Rows": 47720, "Plan Width": 6, "Filter": "((c_acctbal > 0.00) AND (\"substring\"((c_phone)::text, 1, 2) = ANY ('{28,32,30,13,16,24,22}'::text[])))"}]}, {"Node Type": "Aggregate", "Strategy": "Sorted", "Partial Mode": "Simple", "Parent Relationship": "Outer", "Parallel Aware": false, "Startup Cost": 20000133874.68, "Total Cost": 20000134082.25, "Plan Rows": 7548, "Plan Width": 72, "Group Key": ["(\"substring\"((customer.c_phone)::text, 1, 2))"], "Plans": [{"Node Type": "Sort", "Parent Relationship": "Outer", "Parallel Aware": false, "Startup Cost": 20000133874.68, "Total Cost": 20000133893.55, "Plan Rows": 7548, "Plan Width": 38, "Sort Key": ["(\"substring\"((customer.c_phone)::text, 1, 2))"], "Plans": [{"Node Type": "Nested Loop", "Parent Relationship": "Outer", "Parallel Aware": false, "Join Type": "Anti", "Startup Cost": 20000000001.91, "Total Cost": 20000133388.52, "Plan Rows": 7548, "Plan Width": 38, "Inner Unique": false, "Plans": [{"Node Type": "Index Scan", "Parent Relationship": "Outer", "Parallel Aware": false, "Scan Direction": "Forward", "Index Name": "customer_pkey", "Relation Name": "customer", "Alias": "customer", "Startup Cost": 10000000000.43, "Total Cost": 10000087230.13, "Plan Rows": 17500, "Plan Width": 26, "Filter": "((c_acctbal > $0) AND (\"substring\"((c_phone)::text, 1, 2) = ANY ('{28,32,30,13,16,24,22}'::text[])))"}, {"Node Type": "Bitmap Heap Scan", "Parent Relationship": "Inner", "Parallel Aware": false, "Relation Name": "orders", "Alias": "orders", "Startup Cost": 1.48, "Total Cost": 14.9, "Plan Rows": 18, "Plan Width": 4, "Recheck Cond": "(o_custkey = customer.c_custkey)", "Plans": [{"Node Type": "Bitmap Index Scan", "Parent Relationship": "Outer", "Parallel Aware": false, "Index Name": "idx_orders_custkey", "Startup Cost": 0.0, "Total Cost": 1.48, "Plan Rows": 18, "Plan Width": 0, "Index Cond": "(o_custkey = customer.c_custkey)"}]}]}]}]}]}}, {"Plan": {"Node Type": "Limit", "Parallel Aware": false, "Startup Cost": 20000209195.99, "Total Cost": 20000209196.02, "Plan Rows": 1, "Plan Width": 72, "Plans": [{"Node Type": "Aggregate", "Strategy": "Plain", "Partial Mode": "Simple", "Parent Relationship": "InitPlan", "Subplan Name": "InitPlan 1 (returns $0)", "Parallel Aware": false, "Startup Cost": 10000075321.3, "Total Cost": 10000075321.31, "Plan Rows": 1, "Plan Width": 32, "Plans": [{"Node Type": "Seq Scan", "Parent Relationship": "Outer", "Parallel Aware": false, "Relation Name": "customer", "Alias": "customer_1", "Startup Cost": 10000000000.0, "Total Cost": 10000075202.0, "Plan Rows": 47720, "Plan Width": 6, "Filter": "((c_acctbal > 0.00) AND (\"substring\"((c_phone)::text, 1, 2) = ANY ('{28,32,30,13,16,24,22}'::text[])))"}]}, {"Node Type": "Aggregate", "Strategy": "Sorted", "Partial Mode": "Simple", "Parent Relationship": "Outer", "Parallel Aware": false, "Startup Cost": 10000133874.68, "Total Cost": 10000134082.25, "Plan Rows": 7548, "Plan Width": 72, "Group Key": ["(\"substring\"((customer.c_phone)::text, 1, 2))"], "Plans": [{"Node Type": "Sort", "Parent Relationship": "Outer", "Parallel Aware": false, "Startup Cost": 10000133874.68, "Total Cost": 10000133893.55, "Plan Rows": 7548, "Plan Width": 38, "Sort Key": ["(\"substring\"((customer.c_phone)::text, 1, 2))"], "Plans": [{"Node Type": "Nested Loop", "Parent Relationship": "Outer", "Parallel Aware": false, "Join Type": "Anti", "Startup Cost": 10000000001.91, "Total Cost": 10000133388.52, "Plan Rows": 7548, "Plan Width": 38, "Inner Unique": false, "Plans": [{"Node Type": "Index Scan", "Parent Relationship": "Outer", "Parallel Aware": false, "Scan Direction": "Forward", "Index Name": "customer_pkey", "Relation Name": "customer", "Alias": "customer", "Startup Cost": 10000000000.43, "Total Cost": 10000087230.13, "Plan Rows": 17500, "Plan Width": 26, "Filter": "((c_acctbal > $0) AND (\"substring\"((c_phone)::text, 1, 2) = ANY ('{28,32,30,13,16,24,22}'::text[])))"}, {"Node Type": "Bitmap Heap Scan", "Parent Relationship": "Inner", "Parallel Aware": false, "Relation Name": "orders", "Alias": "orders", "Startup Cost": 1.48, "Total Cost": 14.9, "Plan Rows": 18, "Plan Width": 4, "Recheck Cond": "(o_custkey = customer.c_custkey)", "Plans": [{"Node Type": "Bitmap Index Scan", "Parent Relationship": "Outer", "Parallel Aware": false, "Index Name": "idx_orders_custkey", "Startup Cost": 0.0, "Total Cost": 1.48, "Plan Rows": 18, "Plan Width": 0, "Index Cond": "(o_custkey = customer.c_custkey)"}]}]}]}]}]}}, {"Plan": {"Node Type": "Limit", "Parallel Aware": false, "Startup Cost": 114122.27, "Total Cost": 114122.42, "Plan Rows": 1, "Plan Width": 72, "Plans": [{"Node Type": "Aggregate", "Strategy": "Plain", "Partial Mode": "Finalize", "Parent Relationship": "InitPlan", "Subplan Name": "InitPlan 1 (returns $1)", "Parallel Aware": false, "Startup Cost": 49567.43, "Total Cost": 49567.44, "Plan Rows": 1, "Plan Width": 32, "Plans": [{"Node Type": "Gather", "Parent Relationship": "Outer", "Parallel Aware": false, "Startup Cost": 49567.1, "Total Cost": 49567.41, "Plan Rows": 3, "Plan Width": 32, "Workers Planned": 3, "Single Copy": false, "Plans": [{"Node Type": "Aggregate", "Strategy": "Plain", "Partial Mode": "Partial", "Parent Relationship": "Outer", "Parallel Aware": false, "Startup Cost": 48567.1, "Total Cost": 48567.11, "Plan Rows": 1, "Plan Width": 32, "Plans": [{"Node Type": "Seq Scan", "Parent Relationship": "Outer", "Parallel Aware": true, "Relation Name": "customer", "Alias": "customer_1", "Startup Cost": 0.0, "Total Cost": 48528.61, "Plan Rows": 15394, "Plan Width": 6, "Filter": "((c_acctbal > 0.00) AND (\"substring\"((c_phone)::text, 1, 2) = ANY ('{28,32,30,13,16,24,22}'::text[])))"}]}]}]}, {"Node Type": "Aggregate", "Strategy": "Sorted", "Partial Mode": "Finalize", "Parent Relationship": "Outer", "Parallel Aware": false, "Startup Cost": 64554.83, "Total Cost": 65685.27, "Plan Rows": 7548, "Plan Width": 72, "Group Key": ["(\"substring\"((customer.c_phone)::text, 1, 2))"], "Plans": [{"Node Type": "Gather Merge", "Parent Relationship": "Outer", "Parallel Aware": false, "Startup Cost": 64554.83, "Total Cost": 65480.13, "Plan Rows": 7305, "Plan Width": 72, "Workers Planned": 3, "Params Evaluated": ["$1"], "Plans": [{"Node Type": "Aggregate", "Strategy": "Sorted", "Partial Mode": "Partial", "Parent Relationship": "Outer", "Parallel Aware": false, "Startup Cost": 63554.79, "Total Cost": 63621.75, "Plan Rows": 2435, "Plan Width": 72, "Group Key": ["(\"substring\"((customer.c_phone)::text, 1, 2))"], "Plans": [{"Node Type": "Sort", "Parent Relationship": "Outer", "Parallel Aware": false, "Startup Cost": 63554.79, "Total Cost": 63560.88, "Plan Rows": 2435, "Plan Width": 38, "Sort Key": ["(\"substring\"((customer.c_phone)::text, 1, 2))"], "Plans": [{"Node Type": "Nested Loop", "Parent Relationship": "Outer", "Parallel Aware": false, "Join Type": "Anti", "Startup Cost": 1.48, "Total Cost": 63417.83, "Plan Rows": 2435, "Plan Width": 38, "Inner Unique": false, "Plans": [{"Node Type": "Seq Scan", "Parent Relationship": "Outer", "Parallel Aware": true, "Relation Name": "customer", "Alias": "customer", "Startup Cost": 0.0, "Total Cost": 48528.61, "Plan Rows": 5645, "Plan Width": 26, "Filter": "((c_acctbal > $1) AND (\"substring\"((c_phone)::text, 1, 2) = ANY ('{28,32,30,13,16,24,22}'::text[])))"}, {"Node Type": "Bitmap Heap Scan", "Parent Relationship": "Inner", "Parallel Aware": false, "Relation Name": "orders", "Alias": "orders", "Startup Cost": 1.48, "Total Cost": 14.9, "Plan Rows": 18, "Plan Width": 4, "Recheck Cond": "(o_custkey = customer.c_custkey)", "Plans": [{"Node Type": "Bitmap Index Scan", "Parent Relationship": "Outer", "Parallel Aware": false, "Index Name": "idx_orders_custkey", "Startup Cost": 0.0, "Total Cost": 1.48, "Plan Rows": 18, "Plan Width": 0, "Index Cond": "(o_custkey = customer.c_custkey)"}]}]}]}]}]}]}]}}, {"Plan": {"Node Type": "Limit", "Parallel Aware": false, "Startup Cost": 2493986.95, "Total Cost": 2493987.1, "Plan Rows": 1, "Plan Width": 72, "Plans": [{"Node Type": "Aggregate", "Strategy": "Plain", "Partial Mode": "Finalize", "Parent Relationship": "InitPlan", "Subplan Name": "InitPlan 1 (returns $1)", "Parallel Aware": false, "Startup Cost": 49567.43, "Total Cost": 49567.44, "Plan Rows": 1, "Plan Width": 32, "Plans": [{"Node Type": "Gather", "Parent Relationship": "Outer", "Parallel Aware": false, "Startup Cost": 49567.1, "Total Cost": 49567.41, "Plan Rows": 3, "Plan Width": 32, "Workers Planned": 3, "Single Copy": false, "Plans": [{"Node Type": "Aggregate", "Strategy": "Plain", "Partial Mode": "Partial", "Parent Relationship": "Outer", "Parallel Aware": false, "Startup Cost": 48567.1, "Total Cost": 48567.11, "Plan Rows": 1, "Plan Width": 32, "Plans": [{"Node Type": "Seq Scan", "Parent Relationship": "Outer", "Parallel Aware": true, "Relation Name": "customer", "Alias": "customer_1", "Startup Cost": 0.0, "Total Cost": 48528.61, "Plan Rows": 15394, "Plan Width": 6, "Filter": "((c_acctbal > 0.00) AND (\"substring\"((c_phone)::text, 1, 2) = ANY ('{28,32,30,13,16,24,22}'::text[])))"}]}]}]}, {"Node Type": "Aggregate", "Strategy": "Sorted", "Partial Mode": "Finalize", "Parent Relationship": "Outer", "Parallel Aware": false, "Startup Cost": 2444419.52, "Total Cost": 2445549.96, "Plan Rows": 7548, "Plan Width": 72, "Group Key": ["(\"substring\"((customer.c_phone)::text, 1, 2))"], "Plans": [{"Node Type": "Gather Merge", "Parent Relationship": "Outer", "Parallel Aware": false, "Startup Cost": 2444419.52, "Total Cost": 2445344.82, "Plan Rows": 7305, "Plan Width": 72, "Workers Planned": 3, "Params Evaluated": ["$1"], "Plans": [{"Node Type": "Aggregate", "Strategy": "Sorted", "Partial Mode": "Partial", "Parent Relationship": "Outer", "Parallel Aware": false, "Startup Cost": 2443419.48, "Total Cost": 2443486.44, "Plan Rows": 2435, "Plan Width": 72, "Group Key": ["(\"substring\"((customer.c_phone)::text, 1, 2))"], "Plans": [{"Node Type": "Sort", "Parent Relationship": "Outer", "Parallel Aware": false, "Startup Cost": 2443419.48, "Total Cost": 2443425.56, "Plan Rows": 2435, "Plan Width": 38, "Sort Key": ["(\"substring\"((customer.c_phone)::text, 1, 2))"], "Plans": [{"Node Type": "Merge Join", "Parent Relationship": "Outer", "Parallel Aware": false, "Join Type": "Anti", "Startup Cost": 2367682.03, "Total Cost": 2443282.51, "Plan Rows": 2435, "Plan Width": 38, "Inner Unique": false, "Merge Cond": "(customer.c_custkey = orders.o_custkey)", "Plans": [{"Node Type": "Sort", "Parent Relationship": "Outer", "Parallel Aware": false, "Startup Cost": 48880.37, "Total Cost": 48894.49, "Plan Rows": 5645, "Plan Width": 26, "Sort Key": ["customer.c_custkey"], "Plans": [{"Node Type": "Seq Scan", "Parent Relationship": "Outer", "Parallel Aware": true, "Relation Name": "customer", "Alias": "customer", "Startup Cost": 0.0, "Total Cost": 48528.61, "Plan Rows": 5645, "Plan Width": 26, "Filter": "((c_acctbal > $1) AND (\"substring\"((c_phone)::text, 1, 2) = ANY ('{28,32,30,13,16,24,22}'::text[])))"}]}, {"Node Type": "Sort", "Parent Relationship": "Inner", "Parallel Aware": false, "Startup Cost": 2318801.18, "Total Cost": 2356299.22, "Plan Rows": 14999217, "Plan Width": 4, "Sort Key": ["orders.o_custkey"], "Plans": [{"Node Type": "Seq Scan", "Parent Relationship": "Outer", "Parallel Aware": false, "Relation Name": "orders", "Alias": "orders", "Startup Cost": 0.0, "Total Cost": 410904.17, "Plan Rows": 14999217, "Plan Width": 4}]}]}]}]}]}]}]}}, {"Plan": {"Node Type": "Limit", "Parallel Aware": false, "Startup Cost": 20000209195.99, "Total Cost": 20000209196.02, "Plan Rows": 1, "Plan Width": 72, "Plans": [{"Node Type": "Aggregate", "Strategy": "Plain", "Partial Mode": "Simple", "Parent Relationship": "InitPlan", "Subplan Name": "InitPlan 1 (returns $0)", "Parallel Aware": false, "Startup Cost": 10000075321.3, "Total Cost": 10000075321.31, "Plan Rows": 1, "Plan Width": 32, "Plans": [{"Node Type": "Seq Scan", "Parent Relationship": "Outer", "Parallel Aware": false, "Relation Name": "customer", "Alias": "customer_1", "Startup Cost": 10000000000.0, "Total Cost": 10000075202.0, "Plan Rows": 47720, "Plan Width": 6, "Filter": "((c_acctbal > 0.00) AND (\"substring\"((c_phone)::text, 1, 2) = ANY ('{28,32,30,13,16,24,22}'::text[])))"}]}, {"Node Type": "Aggregate", "Strategy": "Sorted", "Partial Mode": "Simple", "Parent Relationship": "Outer", "Parallel Aware": false, "Startup Cost": 10000133874.68, "Total Cost": 10000134082.25, "Plan Rows": 7548, "Plan Width": 72, "Group Key": ["(\"substring\"((customer.c_phone)::text, 1, 2))"], "Plans": [{"Node Type": "Sort", "Parent Relationship": "Outer", "Parallel Aware": false, "Startup Cost": 10000133874.68, "Total Cost": 10000133893.55, "Plan Rows": 7548, "Plan Width": 38, "Sort Key": ["(\"substring\"((customer.c_phone)::text, 1, 2))"], "Plans": [{"Node Type": "Nested Loop", "Parent Relationship": "Outer", "Parallel Aware": false, "Join Type": "Anti", "Startup Cost": 10000000001.91, "Total Cost": 10000133388.52, "Plan Rows": 7548, "Plan Width": 38, "Inner Unique": false, "Plans": [{"Node Type": "Index Scan", "Parent Relationship": "Outer", "Parallel Aware": false, "Scan Direction": "Forward", "Index Name": "customer_pkey", "Relation Name": "customer", "Alias": "customer", "Startup Cost": 10000000000.43, "Total Cost": 10000087230.13, "Plan Rows": 17500, "Plan Width": 26, "Filter": "((c_acctbal > $0) AND (\"substring\"((c_phone)::text, 1, 2) = ANY ('{28,32,30,13,16,24,22}'::text[])))"}, {"Node Type": "Bitmap Heap Scan", "Parent Relationship": "Inner", "Parallel Aware": false, "Relation Name": "orders", "Alias": "orders", "Startup Cost": 1.48, "Total Cost": 14.9, "Plan Rows": 18, "Plan Width": 4, "Recheck Cond": "(o_custkey = customer.c_custkey)", "Plans": [{"Node Type": "Bitmap Index Scan", "Parent Relationship": "Outer", "Parallel Aware": false, "Index Name": "idx_orders_custkey", "Startup Cost": 0.0, "Total Cost": 1.48, "Plan Rows": 18, "Plan Width": 0, "Index Cond": "(o_custkey = customer.c_custkey)"}]}]}]}]}]}}, {"Plan": {"Node Type": "Limit", "Parallel Aware": false, "Startup Cost": 114122.27, "Total Cost": 114122.42, "Plan Rows": 1, "Plan Width": 72, "Plans": [{"Node Type": "Aggregate", "Strategy": "Plain", "Partial Mode": "Finalize", "Parent Relationship": "InitPlan", "Subplan Name": "InitPlan 1 (returns $1)", "Parallel Aware": false, "Startup Cost": 49567.43, "Total Cost": 49567.44, "Plan Rows": 1, "Plan Width": 32, "Plans": [{"Node Type": "Gather", "Parent Relationship": "Outer", "Parallel Aware": false, "Startup Cost": 49567.1, "Total Cost": 49567.41, "Plan Rows": 3, "Plan Width": 32, "Workers Planned": 3, "Single Copy": false, "Plans": [{"Node Type": "Aggregate", "Strategy": "Plain", "Partial Mode": "Partial", "Parent Relationship": "Outer", "Parallel Aware": false, "Startup Cost": 48567.1, "Total Cost": 48567.11, "Plan Rows": 1, "Plan Width": 32, "Plans": [{"Node Type": "Seq Scan", "Parent Relationship": "Outer", "Parallel Aware": true, "Relation Name": "customer", "Alias": "customer_1", "Startup Cost": 0.0, "Total Cost": 48528.61, "Plan Rows": 15394, "Plan Width": 6, "Filter": "((c_acctbal > 0.00) AND (\"substring\"((c_phone)::text, 1, 2) = ANY ('{28,32,30,13,16,24,22}'::text[])))"}]}]}]}, {"Node Type": "Aggregate", "Strategy": "Sorted", "Partial Mode": "Finalize", "Parent Relationship": "Outer", "Parallel Aware": false, "Startup Cost": 64554.83, "Total Cost": 65685.27, "Plan Rows": 7548, "Plan Width": 72, "Group Key": ["(\"substring\"((customer.c_phone)::text, 1, 2))"], "Plans": [{"Node Type": "Gather Merge", "Parent Relationship": "Outer", "Parallel Aware": false, "Startup Cost": 64554.83, "Total Cost": 65480.13, "Plan Rows": 7305, "Plan Width": 72, "Workers Planned": 3, "Params Evaluated": ["$1"], "Plans": [{"Node Type": "Aggregate", "Strategy": "Sorted", "Partial Mode": "Partial", "Parent Relationship": "Outer", "Parallel Aware": false, "Startup Cost": 63554.79, "Total Cost": 63621.75, "Plan Rows": 2435, "Plan Width": 72, "Group Key": ["(\"substring\"((customer.c_phone)::text, 1, 2))"], "Plans": [{"Node Type": "Sort", "Parent Relationship": "Outer", "Parallel Aware": false, "Startup Cost": 63554.79, "Total Cost": 63560.88, "Plan Rows": 2435, "Plan Width": 38, "Sort Key": ["(\"substring\"((customer.c_phone)::text, 1, 2))"], "Plans": [{"Node Type": "Nested Loop", "Parent Relationship": "Outer", "Parallel Aware": false, "Join Type": "Anti", "Startup Cost": 1.48, "Total Cost": 63417.83, "Plan Rows": 2435, "Plan Width": 38, "Inner Unique": false, "Plans": [{"Node Type": "Seq Scan", "Parent Relationship": "Outer", "Parallel Aware": true, "Relation Name": "customer", "Alias": "customer", "Startup Cost": 0.0, "Total Cost": 48528.61, "Plan Rows": 5645, "Plan Width": 26, "Filter": "((c_acctbal > $1) AND (\"substring\"((c_phone)::text, 1, 2) = ANY ('{28,32,30,13,16,24,22}'::text[])))"}, {"Node Type": "Bitmap Heap Scan", "Parent Relationship": "Inner", "Parallel Aware": false, "Relation Name": "orders", "Alias": "orders", "Startup Cost": 1.48, "Total Cost": 14.9, "Plan Rows": 18, "Plan Width": 4, "Recheck Cond": "(o_custkey = customer.c_custkey)", "Plans": [{"Node Type": "Bitmap Index Scan", "Parent Relationship": "Outer", "Parallel Aware": false, "Index Name": "idx_orders_custkey", "Startup Cost": 0.0, "Total Cost": 1.48, "Plan Rows": 18, "Plan Width": 0, "Index Cond": "(o_custkey = customer.c_custkey)"}]}]}]}]}]}]}]}}, {"Plan": {"Node Type": "Limit", "Parallel Aware": false, "Startup Cost": 10000732398.15, "Total Cost": 10000732398.3, "Plan Rows": 1, "Plan Width": 72, "Plans": [{"Node Type": "Aggregate", "Strategy": "Plain", "Partial Mode": "Simple", "Parent Relationship": "InitPlan", "Subplan Name": "InitPlan 1 (returns $0)", "Parallel Aware": false, "Startup Cost": 10000075321.3, "Total Cost": 10000075321.31, "Plan Rows": 1, "Plan Width": 32, "Plans": [{"Node Type": "Seq Scan", "Parent Relationship": "Outer", "Parallel Aware": false, "Relation Name": "customer", "Alias": "customer_1", "Startup Cost": 10000000000.0, "Total Cost": 10000075202.0, "Plan Rows": 47720, "Plan Width": 6, "Filter": "((c_acctbal > 0.00) AND (\"substring\"((c_phone)::text, 1, 2) = ANY ('{28,32,30,13,16,24,22}'::text[])))"}]}, {"Node Type": "Aggregate", "Strategy": "Sorted", "Partial Mode": "Finalize", "Parent Relationship": "Outer", "Parallel Aware": false, "Startup Cost": 657076.83, "Total Cost": 658207.27, "Plan Rows": 7548, "Plan Width": 72, "Group Key": ["(\"substring\"((customer.c_phone)::text, 1, 2))"], "Plans": [{"Node Type": "Gather Merge", "Parent Relationship": "Outer", "Parallel Aware": false, "Startup Cost": 657076.83, "Total Cost": 658002.13, "Plan Rows": 7305, "Plan Width": 72, "Workers Planned": 3, "Params Evaluated": ["$0"], "Plans": [{"Node Type": "Aggregate", "Strategy": "Sorted", "Partial Mode": "Partial", "Parent Relationship": "Outer", "Parallel Aware": false, "Startup Cost": 656076.79, "Total Cost": 656143.76, "Plan Rows": 2435, "Plan Width": 72, "Group Key": ["(\"substring\"((customer.c_phone)::text, 1, 2))"], "Plans": [{"Node Type": "Sort", "Parent Relationship": "Outer", "Parallel Aware": false, "Startup Cost": 656076.79, "Total Cost": 656082.88, "Plan Rows": 2435, "Plan Width": 38, "Sort Key": ["(\"substring\"((customer.c_phone)::text, 1, 2))"], "Plans": [{"Node Type": "Merge Join", "Parent Relationship": "Outer", "Parallel Aware": false, "Join Type": "Anti", "Startup Cost": 4.63, "Total Cost": 655939.83, "Plan Rows": 2435, "Plan Width": 38, "Inner Unique": false, "Merge Cond": "(customer.c_custkey = orders.o_custkey)", "Plans": [{"Node Type": "Index Scan", "Parent Relationship": "Outer", "Parallel Aware": true, "Scan Direction": "Forward", "Index Name": "customer_pkey", "Relation Name": "customer", "Alias": "customer", "Startup Cost": 0.43, "Total Cost": 60556.74, "Plan Rows": 5645, "Plan Width": 26, "Filter": "((c_acctbal > $0) AND (\"substring\"((c_phone)::text, 1, 2) = ANY ('{28,32,30,13,16,24,22}'::text[])))"}, {"Node Type": "Index Scan", "Parent Relationship": "Inner", "Parallel Aware": false, "Scan Direction": "Forward", "Index Name": "idx_orders_custkey", "Relation Name": "orders", "Alias": "orders", "Startup Cost": 0.43, "Total Cost": 557294.29, "Plan Rows": 14999217, "Plan Width": 4}]}]}]}]}]}]}}, {"Plan": {"Node Type": "Limit", "Parallel Aware": false, "Startup Cost": 10000146068.4, "Total Cost": 10000146068.55, "Plan Rows": 1, "Plan Width": 72, "Plans": [{"Node Type": "Aggregate", "Strategy": "Plain", "Partial Mode": "Simple", "Parent Relationship": "InitPlan", "Subplan Name": "InitPlan 1 (returns $0)", "Parallel Aware": false, "Startup Cost": 10000075321.3, "Total Cost": 10000075321.31, "Plan Rows": 1, "Plan Width": 32, "Plans": [{"Node Type": "Seq Scan", "Parent Relationship": "Outer", "Parallel Aware": false, "Relation Name": "customer", "Alias": "customer_1", "Startup Cost": 10000000000.0, "Total Cost": 10000075202.0, "Plan Rows": 47720, "Plan Width": 6, "Filter": "((c_acctbal > 0.00) AND (\"substring\"((c_phone)::text, 1, 2) = ANY ('{28,32,30,13,16,24,22}'::text[])))"}]}, {"Node Type": "Aggregate", "Strategy": "Sorted", "Partial Mode": "Finalize", "Parent Relationship": "Outer", "Parallel Aware": false, "Startup Cost": 70747.08, "Total Cost": 71877.52, "Plan Rows": 7548, "Plan Width": 72, "Group Key": ["(\"substring\"((customer.c_phone)::text, 1, 2))"], "Plans": [{"Node Type": "Gather Merge", "Parent Relationship": "Outer", "Parallel Aware": false, "Startup Cost": 70747.08, "Total Cost": 71672.38, "Plan Rows": 7305, "Plan Width": 72, "Workers Planned": 3, "Params Evaluated": ["$0"], "Plans": [{"Node Type": "Aggregate", "Strategy": "Sorted", "Partial Mode": "Partial", "Parent Relationship": "Outer", "Parallel Aware": false, "Startup Cost": 69747.04, "Total Cost": 69814.01, "Plan Rows": 2435, "Plan Width": 72, "Group Key": ["(\"substring\"((customer.c_phone)::text, 1, 2))"], "Plans": [{"Node Type": "Sort", "Parent Relationship": "Outer", "Parallel Aware": false, "Startup Cost": 69747.04, "Total Cost": 69753.13, "Plan Rows": 2435, "Plan Width": 38, "Sort Key": ["(\"substring\"((customer.c_phone)::text, 1, 2))"], "Plans": [{"Node Type": "Nested Loop", "Parent Relationship": "Outer", "Parallel Aware": false, "Join Type": "Anti", "Startup Cost": 0.86, "Total Cost": 69610.08, "Plan Rows": 2435, "Plan Width": 38, "Inner Unique": false, "Plans": [{"Node Type": "Index Scan", "Parent Relationship": "Outer", "Parallel Aware": true, "Scan Direction": "Forward", "Index Name": "customer_pkey", "Relation Name": "customer", "Alias": "customer", "Startup Cost": 0.43, "Total Cost": 60556.74, "Plan Rows": 5645, "Plan Width": 26, "Filter": "((c_acctbal > $0) AND (\"substring\"((c_phone)::text, 1, 2) = ANY ('{28,32,30,13,16,24,22}'::text[])))"}, {"Node Type": "Index Scan", "Parent Relationship": "Inner", "Parallel Aware": false, "Scan Direction": "Forward", "Index Name": "idx_orders_custkey", "Relation Name": "orders", "Alias": "orders", "Startup Cost": 0.43, "Total Cost": 14.0, "Plan Rows": 18, "Plan Width": 4, "Index Cond": "(o_custkey = customer.c_custkey)"}]}]}]}]}]}]}}, {"Plan": {"Node Type": "Limit", "Parallel Aware": false, "Startup Cost": 108286.39, "Total Cost": 108286.54, "Plan Rows": 1, "Plan Width": 72, "Plans": [{"Node Type": "Aggregate", "Strategy": "Plain", "Partial Mode": "Finalize", "Parent Relationship": "InitPlan", "Subplan Name": "InitPlan 1 (returns $1)", "Parallel Aware": false, "Startup Cost": 49567.43, "Total Cost": 49567.44, "Plan Rows": 1, "Plan Width": 32, "Plans": [{"Node Type": "Gather", "Parent Relationship": "Outer", "Parallel Aware": false, "Startup Cost": 49567.1, "Total Cost": 49567.41, "Plan Rows": 3, "Plan Width": 32, "Workers Planned": 3, "Single Copy": false, "Plans": [{"Node Type": "Aggregate", "Strategy": "Plain", "Partial Mode": "Partial", "Parent Relationship": "Outer", "Parallel Aware": false, "Startup Cost": 48567.1, "Total Cost": 48567.11, "Plan Rows": 1, "Plan Width": 32, "Plans": [{"Node Type": "Seq Scan", "Parent Relationship": "Outer", "Parallel Aware": true, "Relation Name": "customer", "Alias": "customer_1", "Startup Cost": 0.0, "Total Cost": 48528.61, "Plan Rows": 15394, "Plan Width": 6, "Filter": "((c_acctbal > 0.00) AND (\"substring\"((c_phone)::text, 1, 2) = ANY ('{28,32,30,13,16,24,22}'::text[])))"}]}]}]}, {"Node Type": "Aggregate", "Strategy": "Sorted", "Partial Mode": "Finalize", "Parent Relationship": "Outer", "Parallel Aware": false, "Startup Cost": 58718.96, "Total Cost": 59849.4, "Plan Rows": 7548, "Plan Width": 72, "Group Key": ["(\"substring\"((customer.c_phone)::text, 1, 2))"], "Plans": [{"Node Type": "Gather Merge", "Parent Relationship": "Outer", "Parallel Aware": false, "Startup Cost": 58718.96, "Total Cost": 59644.26, "Plan Rows": 7305, "Plan Width": 72, "Workers Planned": 3, "Params Evaluated": ["$1"], "Plans": [{"Node Type": "Aggregate", "Strategy": "Sorted", "Partial Mode": "Partial", "Parent Relationship": "Outer", "Parallel Aware": false, "Startup Cost": 57718.92, "Total Cost": 57785.88, "Plan Rows": 2435, "Plan Width": 72, "Group Key": ["(\"substring\"((customer.c_phone)::text, 1, 2))"], "Plans": [{"Node Type": "Sort", "Parent Relationship": "Outer", "Parallel Aware": false, "Startup Cost": 57718.92, "Total Cost": 57725.0, "Plan Rows": 2435, "Plan Width": 38, "Sort Key": ["(\"substring\"((customer.c_phone)::text, 1, 2))"], "Plans": [{"Node Type": "Nested Loop", "Parent Relationship": "Outer", "Parallel Aware": false, "Join Type": "Anti", "Startup Cost": 0.43, "Total Cost": 57581.95, "Plan Rows": 2435, "Plan Width": 38, "Inner Unique": false, "Plans": [{"Node Type": "Seq Scan", "Parent Relationship": "Outer", "Parallel Aware": true, "Relation Name": "customer", "Alias": "customer", "Startup Cost": 0.0, "Total Cost": 48528.61, "Plan Rows": 5645, "Plan Width": 26, "Filter": "((c_acctbal > $1) AND (\"substring\"((c_phone)::text, 1, 2) = ANY ('{28,32,30,13,16,24,22}'::text[])))"}, {"Node Type": "Index Scan", "Parent Relationship": "Inner", "Parallel Aware": false, "Scan Direction": "Forward", "Index Name": "idx_orders_custkey", "Relation Name": "orders", "Alias": "orders", "Startup Cost": 0.43, "Total Cost": 14.0, "Plan Rows": 18, "Plan Width": 4, "Index Cond": "(o_custkey = customer.c_custkey)"}]}]}]}]}]}]}}, {"Plan": {"Node Type": "Limit", "Parallel Aware": false, "Startup Cost": 706644.27, "Total Cost": 706644.42, "Plan Rows": 1, "Plan Width": 72, "Plans": [{"Node Type": "Aggregate", "Strategy": "Plain", "Partial Mode": "Finalize", "Parent Relationship": "InitPlan", "Subplan Name": "InitPlan 1 (returns $1)", "Parallel Aware": false, "Startup Cost": 49567.43, "Total Cost": 49567.44, "Plan Rows": 1, "Plan Width": 32, "Plans": [{"Node Type": "Gather", "Parent Relationship": "Outer", "Parallel Aware": false, "Startup Cost": 49567.1, "Total Cost": 49567.41, "Plan Rows": 3, "Plan Width": 32, "Workers Planned": 3, "Single Copy": false, "Plans": [{"Node Type": "Aggregate", "Strategy": "Plain", "Partial Mode": "Partial", "Parent Relationship": "Outer", "Parallel Aware": false, "Startup Cost": 48567.1, "Total Cost": 48567.11, "Plan Rows": 1, "Plan Width": 32, "Plans": [{"Node Type": "Seq Scan", "Parent Relationship": "Outer", "Parallel Aware": true, "Relation Name": "customer", "Alias": "customer_1", "Startup Cost": 0.0, "Total Cost": 48528.61, "Plan Rows": 15394, "Plan Width": 6, "Filter": "((c_acctbal > 0.00) AND (\"substring\"((c_phone)::text, 1, 2) = ANY ('{28,32,30,13,16,24,22}'::text[])))"}]}]}]}, {"Node Type": "Aggregate", "Strategy": "Sorted", "Partial Mode": "Finalize", "Parent Relationship": "Outer", "Parallel Aware": false, "Startup Cost": 657076.83, "Total Cost": 658207.27, "Plan Rows": 7548, "Plan Width": 72, "Group Key": ["(\"substring\"((customer.c_phone)::text, 1, 2))"], "Plans": [{"Node Type": "Gather Merge", "Parent Relationship": "Outer", "Parallel Aware": false, "Startup Cost": 657076.83, "Total Cost": 658002.13, "Plan Rows": 7305, "Plan Width": 72, "Workers Planned": 3, "Params Evaluated": ["$1"], "Plans": [{"Node Type": "Aggregate", "Strategy": "Sorted", "Partial Mode": "Partial", "Parent Relationship": "Outer", "Parallel Aware": false, "Startup Cost": 656076.79, "Total Cost": 656143.76, "Plan Rows": 2435, "Plan Width": 72, "Group Key": ["(\"substring\"((customer.c_phone)::text, 1, 2))"], "Plans": [{"Node Type": "Sort", "Parent Relationship": "Outer", "Parallel Aware": false, "Startup Cost": 656076.79, "Total Cost": 656082.88, "Plan Rows": 2435, "Plan Width": 38, "Sort Key": ["(\"substring\"((customer.c_phone)::text, 1, 2))"], "Plans": [{"Node Type": "Merge Join", "Parent Relationship": "Outer", "Parallel Aware": false, "Join Type": "Anti", "Startup Cost": 4.63, "Total Cost": 655939.83, "Plan Rows": 2435, "Plan Width": 38, "Inner Unique": false, "Merge Cond": "(customer.c_custkey = orders.o_custkey)", "Plans": [{"Node Type": "Index Scan", "Parent Relationship": "Outer", "Parallel Aware": true, "Scan Direction": "Forward", "Index Name": "customer_pkey", "Relation Name": "customer", "Alias": "customer", "Startup Cost": 0.43, "Total Cost": 60556.74, "Plan Rows": 5645, "Plan Width": 26, "Filter": "((c_acctbal > $1) AND (\"substring\"((c_phone)::text, 1, 2) = ANY ('{28,32,30,13,16,24,22}'::text[])))"}, {"Node Type": "Index Scan", "Parent Relationship": "Inner", "Parallel Aware": false, "Scan Direction": "Forward", "Index Name": "idx_orders_custkey", "Relation Name": "orders", "Alias": "orders", "Startup Cost": 0.43, "Total Cost": 557294.29, "Plan Rows": 14999217, "Plan Width": 4}]}]}]}]}]}]}}, {"Plan": {"Node Type": "Limit", "Parallel Aware": false, "Startup Cost": 10000146068.4, "Total Cost": 10000146068.55, "Plan Rows": 1, "Plan Width": 72, "Plans": [{"Node Type": "Aggregate", "Strategy": "Plain", "Partial Mode": "Simple", "Parent Relationship": "InitPlan", "Subplan Name": "InitPlan 1 (returns $0)", "Parallel Aware": false, "Startup Cost": 10000075321.3, "Total Cost": 10000075321.31, "Plan Rows": 1, "Plan Width": 32, "Plans": [{"Node Type": "Seq Scan", "Parent Relationship": "Outer", "Parallel Aware": false, "Relation Name": "customer", "Alias": "customer_1", "Startup Cost": 10000000000.0, "Total Cost": 10000075202.0, "Plan Rows": 47720, "Plan Width": 6, "Filter": "((c_acctbal > 0.00) AND (\"substring\"((c_phone)::text, 1, 2) = ANY ('{28,32,30,13,16,24,22}'::text[])))"}]}, {"Node Type": "Aggregate", "Strategy": "Sorted", "Partial Mode": "Finalize", "Parent Relationship": "Outer", "Parallel Aware": false, "Startup Cost": 70747.08, "Total Cost": 71877.52, "Plan Rows": 7548, "Plan Width": 72, "Group Key": ["(\"substring\"((customer.c_phone)::text, 1, 2))"], "Plans": [{"Node Type": "Gather Merge", "Parent Relationship": "Outer", "Parallel Aware": false, "Startup Cost": 70747.08, "Total Cost": 71672.38, "Plan Rows": 7305, "Plan Width": 72, "Workers Planned": 3, "Params Evaluated": ["$0"], "Plans": [{"Node Type": "Aggregate", "Strategy": "Sorted", "Partial Mode": "Partial", "Parent Relationship": "Outer", "Parallel Aware": false, "Startup Cost": 69747.04, "Total Cost": 69814.01, "Plan Rows": 2435, "Plan Width": 72, "Group Key": ["(\"substring\"((customer.c_phone)::text, 1, 2))"], "Plans": [{"Node Type": "Sort", "Parent Relationship": "Outer", "Parallel Aware": false, "Startup Cost": 69747.04, "Total Cost": 69753.13, "Plan Rows": 2435, "Plan Width": 38, "Sort Key": ["(\"substring\"((customer.c_phone)::text, 1, 2))"], "Plans": [{"Node Type": "Nested Loop", "Parent Relationship": "Outer", "Parallel Aware": false, "Join Type": "Anti", "Startup Cost": 0.86, "Total Cost": 69610.08, "Plan Rows": 2435, "Plan Width": 38, "Inner Unique": false, "Plans": [{"Node Type": "Index Scan", "Parent Relationship": "Outer", "Parallel Aware": true, "Scan Direction": "Forward", "Index Name": "customer_pkey", "Relation Name": "customer", "Alias": "customer", "Startup Cost": 0.43, "Total Cost": 60556.74, "Plan Rows": 5645, "Plan Width": 26, "Filter": "((c_acctbal > $0) AND (\"substring\"((c_phone)::text, 1, 2) = ANY ('{28,32,30,13,16,24,22}'::text[])))"}, {"Node Type": "Index Scan", "Parent Relationship": "Inner", "Parallel Aware": false, "Scan Direction": "Forward", "Index Name": "idx_orders_custkey", "Relation Name": "orders", "Alias": "orders", "Startup Cost": 0.43, "Total Cost": 14.0, "Plan Rows": 18, "Plan Width": 4, "Index Cond": "(o_custkey = customer.c_custkey)"}]}]}]}]}]}]}}, {"Plan": {"Node Type": "Limit", "Parallel Aware": false, "Startup Cost": 108286.39, "Total Cost": 108286.54, "Plan Rows": 1, "Plan Width": 72, "Plans": [{"Node Type": "Aggregate", "Strategy": "Plain", "Partial Mode": "Finalize", "Parent Relationship": "InitPlan", "Subplan Name": "InitPlan 1 (returns $1)", "Parallel Aware": false, "Startup Cost": 49567.43, "Total Cost": 49567.44, "Plan Rows": 1, "Plan Width": 32, "Plans": [{"Node Type": "Gather", "Parent Relationship": "Outer", "Parallel Aware": false, "Startup Cost": 49567.1, "Total Cost": 49567.41, "Plan Rows": 3, "Plan Width": 32, "Workers Planned": 3, "Single Copy": false, "Plans": [{"Node Type": "Aggregate", "Strategy": "Plain", "Partial Mode": "Partial", "Parent Relationship": "Outer", "Parallel Aware": false, "Startup Cost": 48567.1, "Total Cost": 48567.11, "Plan Rows": 1, "Plan Width": 32, "Plans": [{"Node Type": "Seq Scan", "Parent Relationship": "Outer", "Parallel Aware": true, "Relation Name": "customer", "Alias": "customer_1", "Startup Cost": 0.0, "Total Cost": 48528.61, "Plan Rows": 15394, "Plan Width": 6, "Filter": "((c_acctbal > 0.00) AND (\"substring\"((c_phone)::text, 1, 2) = ANY ('{28,32,30,13,16,24,22}'::text[])))"}]}]}]}, {"Node Type": "Aggregate", "Strategy": "Sorted", "Partial Mode": "Finalize", "Parent Relationship": "Outer", "Parallel Aware": false, "Startup Cost": 58718.96, "Total Cost": 59849.4, "Plan Rows": 7548, "Plan Width": 72, "Group Key": ["(\"substring\"((customer.c_phone)::text, 1, 2))"], "Plans": [{"Node Type": "Gather Merge", "Parent Relationship": "Outer", "Parallel Aware": false, "Startup Cost": 58718.96, "Total Cost": 59644.26, "Plan Rows": 7305, "Plan Width": 72, "Workers Planned": 3, "Params Evaluated": ["$1"], "Plans": [{"Node Type": "Aggregate", "Strategy": "Sorted", "Partial Mode": "Partial", "Parent Relationship": "Outer", "Parallel Aware": false, "Startup Cost": 57718.92, "Total Cost": 57785.88, "Plan Rows": 2435, "Plan Width": 72, "Group Key": ["(\"substring\"((customer.c_phone)::text, 1, 2))"], "Plans": [{"Node Type": "Sort", "Parent Relationship": "Outer", "Parallel Aware": false, "Startup Cost": 57718.92, "Total Cost": 57725.0, "Plan Rows": 2435, "Plan Width": 38, "Sort Key": ["(\"substring\"((customer.c_phone)::text, 1, 2))"], "Plans": [{"Node Type": "Nested Loop", "Parent Relationship": "Outer", "Parallel Aware": false, "Join Type": "Anti", "Startup Cost": 0.43, "Total Cost": 57581.95, "Plan Rows": 2435, "Plan Width": 38, "Inner Unique": false, "Plans": [{"Node Type": "Seq Scan", "Parent Relationship": "Outer", "Parallel Aware": true, "Relation Name": "customer", "Alias": "customer", "Startup Cost": 0.0, "Total Cost": 48528.61, "Plan Rows": 5645, "Plan Width": 26, "Filter": "((c_acctbal > $1) AND (\"substring\"((c_phone)::text, 1, 2) = ANY ('{28,32,30,13,16,24,22}'::text[])))"}, {"Node Type": "Index Scan", "Parent Relationship": "Inner", "Parallel Aware": false, "Scan Direction": "Forward", "Index Name": "idx_orders_custkey", "Relation Name": "orders", "Alias": "orders", "Startup Cost": 0.43, "Total Cost": 14.0, "Plan Rows": 18, "Plan Width": 4, "Index Cond": "(o_custkey = customer.c_custkey)"}]}]}]}]}]}]}}, {"Plan": {"Node Type": "Limit", "Parallel Aware": false, "Startup Cost": 114122.27, "Total Cost": 114122.42, "Plan Rows": 1, "Plan Width": 72, "Plans": [{"Node Type": "Aggregate", "Strategy": "Plain", "Partial Mode": "Finalize", "Parent Relationship": "InitPlan", "Subplan Name": "InitPlan 1 (returns $1)", "Parallel Aware": false, "Startup Cost": 49567.43, "Total Cost": 49567.44, "Plan Rows": 1, "Plan Width": 32, "Plans": [{"Node Type": "Gather", "Parent Relationship": "Outer", "Parallel Aware": false, "Startup Cost": 49567.1, "Total Cost": 49567.41, "Plan Rows": 3, "Plan Width": 32, "Workers Planned": 3, "Single Copy": false, "Plans": [{"Node Type": "Aggregate", "Strategy": "Plain", "Partial Mode": "Partial", "Parent Relationship": "Outer", "Parallel Aware": false, "Startup Cost": 48567.1, "Total Cost": 48567.11, "Plan Rows": 1, "Plan Width": 32, "Plans": [{"Node Type": "Seq Scan", "Parent Relationship": "Outer", "Parallel Aware": true, "Relation Name": "customer", "Alias": "customer_1", "Startup Cost": 0.0, "Total Cost": 48528.61, "Plan Rows": 15394, "Plan Width": 6, "Filter": "((c_acctbal > 0.00) AND (\"substring\"((c_phone)::text, 1, 2) = ANY ('{28,32,30,13,16,24,22}'::text[])))"}]}]}]}, {"Node Type": "Aggregate", "Strategy": "Sorted", "Partial Mode": "Finalize", "Parent Relationship": "Outer", "Parallel Aware": false, "Startup Cost": 64554.83, "Total Cost": 65685.27, "Plan Rows": 7548, "Plan Width": 72, "Group Key": ["(\"substring\"((customer.c_phone)::text, 1, 2))"], "Plans": [{"Node Type": "Gather Merge", "Parent Relationship": "Outer", "Parallel Aware": false, "Startup Cost": 64554.83, "Total Cost": 65480.13, "Plan Rows": 7305, "Plan Width": 72, "Workers Planned": 3, "Params Evaluated": ["$1"], "Plans": [{"Node Type": "Aggregate", "Strategy": "Sorted", "Partial Mode": "Partial", "Parent Relationship": "Outer", "Parallel Aware": false, "Startup Cost": 63554.79, "Total Cost": 63621.75, "Plan Rows": 2435, "Plan Width": 72, "Group Key": ["(\"substring\"((customer.c_phone)::text, 1, 2))"], "Plans": [{"Node Type": "Sort", "Parent Relationship": "Outer", "Parallel Aware": false, "Startup Cost": 63554.79, "Total Cost": 63560.88, "Plan Rows": 2435, "Plan Width": 38, "Sort Key": ["(\"substring\"((customer.c_phone)::text, 1, 2))"], "Plans": [{"Node Type": "Nested Loop", "Parent Relationship": "Outer", "Parallel Aware": false, "Join Type": "Anti", "Startup Cost": 1.48, "Total Cost": 63417.83, "Plan Rows": 2435, "Plan Width": 38, "Inner Unique": false, "Plans": [{"Node Type": "Seq Scan", "Parent Relationship": "Outer", "Parallel Aware": true, "Relation Name": "customer", "Alias": "customer", "Startup Cost": 0.0, "Total Cost": 48528.61, "Plan Rows": 5645, "Plan Width": 26, "Filter": "((c_acctbal > $1) AND (\"substring\"((c_phone)::text, 1, 2) = ANY ('{28,32,30,13,16,24,22}'::text[])))"}, {"Node Type": "Bitmap Heap Scan", "Parent Relationship": "Inner", "Parallel Aware": false, "Relation Name": "orders", "Alias": "orders", "Startup Cost": 1.48, "Total Cost": 14.9, "Plan Rows": 18, "Plan Width": 4, "Recheck Cond": "(o_custkey = customer.c_custkey)", "Plans": [{"Node Type": "Bitmap Index Scan", "Parent Relationship": "Outer", "Parallel Aware": false, "Index Name": "idx_orders_custkey", "Startup Cost": 0.0, "Total Cost": 1.48, "Plan Rows": 18, "Plan Width": 0, "Index Cond": "(o_custkey = customer.c_custkey)"}]}]}]}]}]}]}]}}, {"Plan": {"Node Type": "Limit", "Parallel Aware": false, "Startup Cost": 2493986.95, "Total Cost": 2493987.1, "Plan Rows": 1, "Plan Width": 72, "Plans": [{"Node Type": "Aggregate", "Strategy": "Plain", "Partial Mode": "Finalize", "Parent Relationship": "InitPlan", "Subplan Name": "InitPlan 1 (returns $1)", "Parallel Aware": false, "Startup Cost": 49567.43, "Total Cost": 49567.44, "Plan Rows": 1, "Plan Width": 32, "Plans": [{"Node Type": "Gather", "Parent Relationship": "Outer", "Parallel Aware": false, "Startup Cost": 49567.1, "Total Cost": 49567.41, "Plan Rows": 3, "Plan Width": 32, "Workers Planned": 3, "Single Copy": false, "Plans": [{"Node Type": "Aggregate", "Strategy": "Plain", "Partial Mode": "Partial", "Parent Relationship": "Outer", "Parallel Aware": false, "Startup Cost": 48567.1, "Total Cost": 48567.11, "Plan Rows": 1, "Plan Width": 32, "Plans": [{"Node Type": "Seq Scan", "Parent Relationship": "Outer", "Parallel Aware": true, "Relation Name": "customer", "Alias": "customer_1", "Startup Cost": 0.0, "Total Cost": 48528.61, "Plan Rows": 15394, "Plan Width": 6, "Filter": "((c_acctbal > 0.00) AND (\"substring\"((c_phone)::text, 1, 2) = ANY ('{28,32,30,13,16,24,22}'::text[])))"}]}]}]}, {"Node Type": "Aggregate", "Strategy": "Sorted", "Partial Mode": "Finalize", "Parent Relationship": "Outer", "Parallel Aware": false, "Startup Cost": 2444419.52, "Total Cost": 2445549.96, "Plan Rows": 7548, "Plan Width": 72, "Group Key": ["(\"substring\"((customer.c_phone)::text, 1, 2))"], "Plans": [{"Node Type": "Gather Merge", "Parent Relationship": "Outer", "Parallel Aware": false, "Startup Cost": 2444419.52, "Total Cost": 2445344.82, "Plan Rows": 7305, "Plan Width": 72, "Workers Planned": 3, "Params Evaluated": ["$1"], "Plans": [{"Node Type": "Aggregate", "Strategy": "Sorted", "Partial Mode": "Partial", "Parent Relationship": "Outer", "Parallel Aware": false, "Startup Cost": 2443419.48, "Total Cost": 2443486.44, "Plan Rows": 2435, "Plan Width": 72, "Group Key": ["(\"substring\"((customer.c_phone)::text, 1, 2))"], "Plans": [{"Node Type": "Sort", "Parent Relationship": "Outer", "Parallel Aware": false, "Startup Cost": 2443419.48, "Total Cost": 2443425.56, "Plan Rows": 2435, "Plan Width": 38, "Sort Key": ["(\"substring\"((customer.c_phone)::text, 1, 2))"], "Plans": [{"Node Type": "Merge Join", "Parent Relationship": "Outer", "Parallel Aware": false, "Join Type": "Anti", "Startup Cost": 2367682.03, "Total Cost": 2443282.51, "Plan Rows": 2435, "Plan Width": 38, "Inner Unique": false, "Merge Cond": "(customer.c_custkey = orders.o_custkey)", "Plans": [{"Node Type": "Sort", "Parent Relationship": "Outer", "Parallel Aware": false, "Startup Cost": 48880.37, "Total Cost": 48894.49, "Plan Rows": 5645, "Plan Width": 26, "Sort Key": ["customer.c_custkey"], "Plans": [{"Node Type": "Seq Scan", "Parent Relationship": "Outer", "Parallel Aware": true, "Relation Name": "customer", "Alias": "customer", "Startup Cost": 0.0, "Total Cost": 48528.61, "Plan Rows": 5645, "Plan Width": 26, "Filter": "((c_acctbal > $1) AND (\"substring\"((c_phone)::text, 1, 2) = ANY ('{28,32,30,13,16,24,22}'::text[])))"}]}, {"Node Type": "Sort", "Parent Relationship": "Inner", "Parallel Aware": false, "Startup Cost": 2318801.18, "Total Cost": 2356299.22, "Plan Rows": 14999217, "Plan Width": 4, "Sort Key": ["orders.o_custkey"], "Plans": [{"Node Type": "Seq Scan", "Parent Relationship": "Outer", "Parallel Aware": false, "Relation Name": "orders", "Alias": "orders", "Startup Cost": 0.0, "Total Cost": 410904.17, "Plan Rows": 14999217, "Plan Width": 4}]}]}]}]}]}]}]}}, {"Plan": {"Node Type": "Limit", "Parallel Aware": false, "Startup Cost": 114122.27, "Total Cost": 114122.42, "Plan Rows": 1, "Plan Width": 72, "Plans": [{"Node Type": "Aggregate", "Strategy": "Plain", "Partial Mode": "Finalize", "Parent Relationship": "InitPlan", "Subplan Name": "InitPlan 1 (returns $1)", "Parallel Aware": false, "Startup Cost": 49567.43, "Total Cost": 49567.44, "Plan Rows": 1, "Plan Width": 32, "Plans": [{"Node Type": "Gather", "Parent Relationship": "Outer", "Parallel Aware": false, "Startup Cost": 49567.1, "Total Cost": 49567.41, "Plan Rows": 3, "Plan Width": 32, "Workers Planned": 3, "Single Copy": false, "Plans": [{"Node Type": "Aggregate", "Strategy": "Plain", "Partial Mode": "Partial", "Parent Relationship": "Outer", "Parallel Aware": false, "Startup Cost": 48567.1, "Total Cost": 48567.11, "Plan Rows": 1, "Plan Width": 32, "Plans": [{"Node Type": "Seq Scan", "Parent Relationship": "Outer", "Parallel Aware": true, "Relation Name": "customer", "Alias": "customer_1", "Startup Cost": 0.0, "Total Cost": 48528.61, "Plan Rows": 15394, "Plan Width": 6, "Filter": "((c_acctbal > 0.00) AND (\"substring\"((c_phone)::text, 1, 2) = ANY ('{28,32,30,13,16,24,22}'::text[])))"}]}]}]}, {"Node Type": "Aggregate", "Strategy": "Sorted", "Partial Mode": "Finalize", "Parent Relationship": "Outer", "Parallel Aware": false, "Startup Cost": 64554.83, "Total Cost": 65685.27, "Plan Rows": 7548, "Plan Width": 72, "Group Key": ["(\"substring\"((customer.c_phone)::text, 1, 2))"], "Plans": [{"Node Type": "Gather Merge", "Parent Relationship": "Outer", "Parallel Aware": false, "Startup Cost": 64554.83, "Total Cost": 65480.13, "Plan Rows": 7305, "Plan Width": 72, "Workers Planned": 3, "Params Evaluated": ["$1"], "Plans": [{"Node Type": "Aggregate", "Strategy": "Sorted", "Partial Mode": "Partial", "Parent Relationship": "Outer", "Parallel Aware": false, "Startup Cost": 63554.79, "Total Cost": 63621.75, "Plan Rows": 2435, "Plan Width": 72, "Group Key": ["(\"substring\"((customer.c_phone)::text, 1, 2))"], "Plans": [{"Node Type": "Sort", "Parent Relationship": "Outer", "Parallel Aware": false, "Startup Cost": 63554.79, "Total Cost": 63560.88, "Plan Rows": 2435, "Plan Width": 38, "Sort Key": ["(\"substring\"((customer.c_phone)::text, 1, 2))"], "Plans": [{"Node Type": "Nested Loop", "Parent Relationship": "Outer", "Parallel Aware": false, "Join Type": "Anti", "Startup Cost": 1.48, "Total Cost": 63417.83, "Plan Rows": 2435, "Plan Width": 38, "Inner Unique": false, "Plans": [{"Node Type": "Seq Scan", "Parent Relationship": "Outer", "Parallel Aware": true, "Relation Name": "customer", "Alias": "customer", "Startup Cost": 0.0, "Total Cost": 48528.61, "Plan Rows": 5645, "Plan Width": 26, "Filter": "((c_acctbal > $1) AND (\"substring\"((c_phone)::text, 1, 2) = ANY ('{28,32,30,13,16,24,22}'::text[])))"}, {"Node Type": "Bitmap Heap Scan", "Parent Relationship": "Inner", "Parallel Aware": false, "Relation Name": "orders", "Alias": "orders", "Startup Cost": 1.48, "Total Cost": 14.9, "Plan Rows": 18, "Plan Width": 4, "Recheck Cond": "(o_custkey = customer.c_custkey)", "Plans": [{"Node Type": "Bitmap Index Scan", "Parent Relationship": "Outer", "Parallel Aware": false, "Index Name": "idx_orders_custkey", "Startup Cost": 0.0, "Total Cost": 1.48, "Plan Rows": 18, "Plan Width": 0, "Index Cond": "(o_custkey = customer.c_custkey)"}]}]}]}]}]}]}]}}, {"Plan": {"Node Type": "Limit", "Parallel Aware": false, "Startup Cost": 108286.39, "Total Cost": 108286.54, "Plan Rows": 1, "Plan Width": 72, "Plans": [{"Node Type": "Aggregate", "Strategy": "Plain", "Partial Mode": "Finalize", "Parent Relationship": "InitPlan", "Subplan Name": "InitPlan 1 (returns $1)", "Parallel Aware": false, "Startup Cost": 49567.43, "Total Cost": 49567.44, "Plan Rows": 1, "Plan Width": 32, "Plans": [{"Node Type": "Gather", "Parent Relationship": "Outer", "Parallel Aware": false, "Startup Cost": 49567.1, "Total Cost": 49567.41, "Plan Rows": 3, "Plan Width": 32, "Workers Planned": 3, "Single Copy": false, "Plans": [{"Node Type": "Aggregate", "Strategy": "Plain", "Partial Mode": "Partial", "Parent Relationship": "Outer", "Parallel Aware": false, "Startup Cost": 48567.1, "Total Cost": 48567.11, "Plan Rows": 1, "Plan Width": 32, "Plans": [{"Node Type": "Seq Scan", "Parent Relationship": "Outer", "Parallel Aware": true, "Relation Name": "customer", "Alias": "customer_1", "Startup Cost": 0.0, "Total Cost": 48528.61, "Plan Rows": 15394, "Plan Width": 6, "Filter": "((c_acctbal > 0.00) AND (\"substring\"((c_phone)::text, 1, 2) = ANY ('{28,32,30,13,16,24,22}'::text[])))"}]}]}]}, {"Node Type": "Aggregate", "Strategy": "Sorted", "Partial Mode": "Finalize", "Parent Relationship": "Outer", "Parallel Aware": false, "Startup Cost": 58718.96, "Total Cost": 59849.4, "Plan Rows": 7548, "Plan Width": 72, "Group Key": ["(\"substring\"((customer.c_phone)::text, 1, 2))"], "Plans": [{"Node Type": "Gather Merge", "Parent Relationship": "Outer", "Parallel Aware": false, "Startup Cost": 58718.96, "Total Cost": 59644.26, "Plan Rows": 7305, "Plan Width": 72, "Workers Planned": 3, "Params Evaluated": ["$1"], "Plans": [{"Node Type": "Aggregate", "Strategy": "Sorted", "Partial Mode": "Partial", "Parent Relationship": "Outer", "Parallel Aware": false, "Startup Cost": 57718.92, "Total Cost": 57785.88, "Plan Rows": 2435, "Plan Width": 72, "Group Key": ["(\"substring\"((customer.c_phone)::text, 1, 2))"], "Plans": [{"Node Type": "Sort", "Parent Relationship": "Outer", "Parallel Aware": false, "Startup Cost": 57718.92, "Total Cost": 57725.0, "Plan Rows": 2435, "Plan Width": 38, "Sort Key": ["(\"substring\"((customer.c_phone)::text, 1, 2))"], "Plans": [{"Node Type": "Nested Loop", "Parent Relationship": "Outer", "Parallel Aware": false, "Join Type": "Anti", "Startup Cost": 0.43, "Total Cost": 57581.95, "Plan Rows": 2435, "Plan Width": 38, "Inner Unique": false, "Plans": [{"Node Type": "Seq Scan", "Parent Relationship": "Outer", "Parallel Aware": true, "Relation Name": "customer", "Alias": "customer", "Startup Cost": 0.0, "Total Cost": 48528.61, "Plan Rows": 5645, "Plan Width": 26, "Filter": "((c_acctbal > $1) AND (\"substring\"((c_phone)::text, 1, 2) = ANY ('{28,32,30,13,16,24,22}'::text[])))"}, {"Node Type": "Index Only Scan", "Parent Relationship": "Inner", "Parallel Aware": false, "Scan Direction": "Forward", "Index Name": "idx_orders_custkey", "Relation Name": "orders", "Alias": "orders", "Startup Cost": 0.43, "Total Cost": 14.0, "Plan Rows": 18, "Plan Width": 4, "Index Cond": "(o_custkey = customer.c_custkey)"}]}]}]}]}]}]}}]