[{"Plan": {"Node Type": "Limit", "Parallel Aware": false, "Startup Cost": 240980032531948.6, "Total Cost": 240980032531948.6, "Plan Rows": 1, "Plan Width": 192, "Plans": [{"Node Type": "Sort", "Parent Relationship": "Outer", "Parallel Aware": false, "Startup Cost": 240980032531948.6, "Total Cost": 240980032531948.6, "Plan Rows": 1, "Plan Width": 192, "Sort Key": ["supplier.s_acctbal DESC", "nation.n_name", "supplier.s_name", "part.p_partkey"], "Plans": [{"Node Type": "Hash Join", "Parent Relationship": "Outer", "Parallel Aware": false, "Join Type": "Inner", "Startup Cost": 50032185632.29, "Total Cost": 240980032531948.6, "Plan Rows": 1, "Plan Width": 192, "Inner Unique": false, "Hash Cond": "((part.p_partkey = partsupp.ps_partkey) AND ((SubPlan 1) = partsupp.ps_supplycost))", "Plans": [{"Node Type": "Index Scan", "Parent Relationship": "Outer", "Parallel Aware": false, "Scan Direction": "Forward", "Index Name": "part_pkey", "Relation Name": "part", "Alias": "part", "Startup Cost": 10000000000.43, "Total Cost": 10000086998.23, "Plan Rows": 8031, "Plan Width": 30, "Filter": "(((p_type)::text ~~ '%NICKEL'::text) AND (p_size = 42))"}, {"Node Type": "Hash", "Parent Relationship": "Inner", "Parallel Aware": false, "Startup Cost": 40032122572.06, "Total Cost": 40032122572.06, "Plan Rows": 1599920, "Plan Width": 172, "Plans": [{"Node Type": "Nested Loop", "Parent Relationship": "Outer", "Parallel Aware": false, "Join Type": "Inner", "Startup Cost": 40000000001.11, "Total Cost": 40032122572.06, "Plan Rows": 1599920, "Plan Width": 172, "Inner Unique": true, "Plans": [{"Node Type": "Nested Loop", "Parent Relationship": "Outer", "Parallel Aware": false, "Join Type": "Inner", "Startup Cost": 30000000000.88, "Total Cost": 30021361110.16, "Plan Rows": 7999600, "Plan Width": 176, "Inner Unique": true, "Plans": [{"Node Type": "Nested Loop", "Parent Relationship": "Outer", "Parallel Aware": false, "Join Type": "Inner", "Startup Cost": 20000000000.73, "Total Cost": 20011627790.08, "Plan Rows": 7999600, "Plan Width": 150, "Inner Unique": true, "Plans": [{"Node Type": "Index Scan", "Parent Relationship": "Outer", "Parallel Aware": false, "Scan Direction": "Forward", "Index Name": "partsupp_pkey", "Relation Name": "partsupp", "Alias": "partsupp", "Startup Cost": 10000000000.43, "Total Cost": 10000326140.58, "Plan Rows": 7999600, "Plan Width": 14}, {"Node Type": "Bitmap Heap Scan", "Parent Relationship": "Inner", "Parallel Aware": false, "Relation Name": "supplier", "Alias": "supplier", "Startup Cost": 0.3, "Total Cost": 1.41, "Plan Rows": 1, "Plan Width": 144, "Recheck Cond": "(s_suppkey = partsupp.ps_suppkey)", "Plans": [{"Node Type": "Bitmap Index Scan", "Parent Relationship": "Outer", "Parallel Aware": false, "Index Name": "supplier_pkey", "Startup Cost": 0.0, "Total Cost": 0.3, "Plan Rows": 1, "Plan Width": 0, "Index Cond": "(s_suppkey = partsupp.ps_suppkey)"}]}]}, {"Node Type": "Bitmap Heap Scan", "Parent Relationship": "Inner", "Parallel Aware": false, "Relation Name": "nation", "Alias": "nation", "Startup Cost": 0.15, "Total Cost": 1.26, "Plan Rows": 1, "Plan Width": 34, "Recheck Cond": "(n_nationkey = supplier.s_nationkey)", "Plans": [{"Node Type": "Bitmap Index Scan", "Parent Relationship": "Outer", "Parallel Aware": false, "Index Name": "nation_pkey", "Startup Cost": 0.0, "Total Cost": 0.15, "Plan Rows": 1, "Plan Width": 0, "Index Cond": "(n_nationkey = supplier.s_nationkey)"}]}]}, {"Node Type": "Bitmap Heap Scan", "Parent Relationship": "Inner", "Parallel Aware": false, "Relation Name": "region", "Alias": "region", "Startup Cost": 0.23, "Total Cost": 1.34, "Plan Rows": 1, "Plan Width": 4, "Recheck Cond": "(r_regionkey = nation.n_regionkey)", "Filter": "(r_name = 'EUROPE'::bpchar)", "Plans": [{"Node Type": "Bitmap Index Scan", "Parent Relationship": "Outer", "Parallel Aware": false, "Index Name": "region_pkey", "Startup Cost": 0.0, "Total Cost": 0.23, "Plan Rows": 1, "Plan Width": 0, "Index Cond": "(r_regionkey = nation.n_regionkey)"}]}]}]}, {"Node Type": "Aggregate", "Strategy": "Plain", "Partial Mode": "Simple", "Parent Relationship": "SubPlan", "Subplan Name": "SubPlan 1", "Parallel Aware": false, "Startup Cost": 30000000027.39, "Total Cost": 30000000027.4, "Plan Rows": 1, "Plan Width": 32, "Plans": [{"Node Type": "Hash Join", "Parent Relationship": "Outer", "Parallel Aware": false, "Join Type": "Inner", "Startup Cost": 30000000010.63, "Total Cost": 30000000027.39, "Plan Rows": 1, "Plan Width": 6, "Inner Unique": true, "Hash Cond": "(nation_1.n_regionkey = region_1.r_regionkey)", "Plans": [{"Node Type": "Hash Join", "Parent Relationship": "Outer", "Parallel Aware": false, "Join Type": "Inner", "Startup Cost": 20000000007.1, "Total Cost": 20000000023.83, "Plan Rows": 5, "Plan Width": 10, "Inner Unique": true, "Hash Cond": "(supplier_1.s_nationkey = nation_1.n_nationkey)", "Plans": [{"Node Type": "Nested Loop", "Parent Relationship": "Outer", "Parallel Aware": false, "Join Type": "Inner", "Startup Cost": 10000000002.97, "Total Cost": 10000000019.69, "Plan Rows": 5, "Plan Width": 10, "Inner Unique": true, "Plans": [{"Node Type": "Bitmap Heap Scan", "Parent Relationship": "Outer", "Parallel Aware": false, "Relation Name": "partsupp", "Alias": "partsupp_1", "Startup Cost": 1.57, "Total Cost": 7.13, "Plan Rows": 5, "Plan Width": 10, "Recheck Cond": "(part.p_partkey = ps_partkey)", "Plans": [{"Node Type": "Bitmap Index Scan", "Parent Relationship": "Outer", "Parallel Aware": false, "Index Name": "idx_partsupp_partkey", "Startup Cost": 0.0, "Total Cost": 1.57, "Plan Rows": 5, "Plan Width": 0, "Index Cond": "(ps_partkey = part.p_partkey)"}]}, {"Node Type": "Bitmap Heap Scan", "Parent Relationship": "Inner", "Parallel Aware": false, "Relation Name": "supplier", "Alias": "supplier_1", "Startup Cost": 1.4, "Total Cost": 2.51, "Plan Rows": 1, "Plan Width": 8, "Recheck Cond": "(s_suppkey = partsupp_1.ps_suppkey)", "Plans": [{"Node Type": "Bitmap Index Scan", "Parent Relationship": "Outer", "Parallel Aware": false, "Index Name": "supplier_pkey", "Startup Cost": 0.0, "Total Cost": 1.4, "Plan Rows": 1, "Plan Width": 0, "Index Cond": "(s_suppkey = partsupp_1.ps_suppkey)"}]}]}, {"Node Type": "Hash", "Parent Relationship": "Inner", "Parallel Aware": false, "Startup Cost": 10000000003.81, "Total Cost": 10000000003.81, "Plan Rows": 25, "Plan Width": 8, "Plans": [{"Node Type": "Index Scan", "Parent Relationship": "Outer", "Parallel Aware": false, "Scan Direction": "Forward", "Index Name": "idx_nation_regionkey", "Relation Name": "nation", "Alias": "nation_1", "Startup Cost": 10000000000.14, "Total Cost": 10000000003.81, "Plan Rows": 25, "Plan Width": 8}]}]}, {"Node Type": "Hash", "Parent Relationship": "Inner", "Parallel Aware": false, "Startup Cost": 10000000003.52, "Total Cost": 10000000003.52, "Plan Rows": 1, "Plan Width": 4, "Plans": [{"Node Type": "Index Scan", "Parent Relationship": "Outer", "Parallel Aware": false, "Scan Direction": "Forward", "Index Name": "region_pkey", "Relation Name": "region", "Alias": "region_1", "Startup Cost": 10000000000.13, "Total Cost": 10000000003.52, "Plan Rows": 1, "Plan Width": 4, "Filter": "(r_name = 'EUROPE'::bpchar)"}]}]}]}]}]}]}}, {"Plan": {"Node Type": "Limit", "Parallel Aware": false, "Startup Cost": 35035466.41, "Total Cost": 35035466.41, "Plan Rows": 1, "Plan Width": 192, "Plans": [{"Node Type": "Sort", "Parent Relationship": "Outer", "Parallel Aware": false, "Startup Cost": 35035466.41, "Total Cost": 35035466.41, "Plan Rows": 1, "Plan Width": 192, "Sort Key": ["supplier.s_acctbal DESC", "nation.n_name", "supplier.s_name", "part.p_partkey"], "Plans": [{"Node Type": "Hash Join", "Parent Relationship": "Outer", "Parallel Aware": false, "Join Type": "Inner", "Startup Cost": 432433.47, "Total Cost": 35035466.4, "Plan Rows": 1, "Plan Width": 192, "Inner Unique": false, "Hash Cond": "((part.p_partkey = partsupp.ps_partkey) AND ((SubPlan 1) = partsupp.ps_supplycost))", "Plans": [{"Node Type": "Index Scan", "Parent Relationship": "Outer", "Parallel Aware": false, "Scan Direction": "Forward", "Index Name": "part_pkey", "Relation Name": "part", "Alias": "part", "Startup Cost": 0.43, "Total Cost": 86998.23, "Plan Rows": 8031, "Plan Width": 30, "Filter": "(((p_type)::text ~~ '%NICKEL'::text) AND (p_size = 42))"}, {"Node Type": "Hash", "Parent Relationship": "Inner", "Parallel Aware": false, "Startup Cost": 369373.24, "Total Cost": 369373.24, "Plan Rows": 1599920, "Plan Width": 172, "Plans": [{"Node Type": "Hash Join", "Parent Relationship": "Outer", "Parallel Aware": false, "Join Type": "Inner", "Startup Cost": 4853.06, "Total Cost": 369373.24, "Plan Rows": 1599920, "Plan Width": 172, "Inner Unique": false, "Hash Cond": "(partsupp.ps_suppkey = supplier.s_suppkey)", "Plans": [{"Node Type": "Index Scan", "Parent Relationship": "Outer", "Parallel Aware": false, "Scan Direction": "Forward", "Index Name": "idx_partsupp_partkey", "Relation Name": "partsupp", "Alias": "partsupp", "Startup Cost": 0.43, "Total Cost": 318528.84, "Plan Rows": 7999600, "Plan Width": 14}, {"Node Type": "Hash", "Parent Relationship": "Inner", "Parallel Aware": false, "Startup Cost": 4602.63, "Total Cost": 4602.63, "Plan Rows": 20000, "Plan Width": 166, "Plans": [{"Node Type": "Hash Join", "Parent Relationship": "Outer", "Parallel Aware": false, "Join Type": "Inner", "Startup Cost": 7.82, "Total Cost": 4602.63, "Plan Rows": 20000, "Plan Width": 166, "Inner Unique": false, "Hash Cond": "(supplier.s_nationkey = nation.n_nationkey)", "Plans": [{"Node Type": "Index Scan", "Parent Relationship": "Outer", "Parallel Aware": false, "Scan Direction": "Forward", "Index Name": "supplier_pkey", "Relation Name": "supplier", "Alias": "supplier", "Startup Cost": 0.29, "Total Cost": 4020.1, "Plan Rows": 100000, "Plan Width": 144}, {"Node Type": "Hash", "Parent Relationship": "Inner", "Parallel Aware": false, "Startup Cost": 7.47, "Total Cost": 7.47, "Plan Rows": 5, "Plan Width": 30, "Plans": [{"Node Type": "Hash Join", "Parent Relationship": "Outer", "Parallel Aware": false, "Join Type": "Inner", "Startup Cost": 3.67, "Total Cost": 7.47, "Plan Rows": 5, "Plan Width": 30, "Inner Unique": true, "Hash Cond": "(nation.n_regionkey = region.r_regionkey)", "Plans": [{"Node Type": "Index Scan", "Parent Relationship": "Outer", "Parallel Aware": false, "Scan Direction": "Forward", "Index Name": "idx_nation_regionkey", "Relation Name": "nation", "Alias": "nation", "Startup Cost": 0.14, "Total Cost": 3.81, "Plan Rows": 25, "Plan Width": 34}, {"Node Type": "Hash", "Parent Relationship": "Inner", "Parallel Aware": false, "Startup Cost": 3.52, "Total Cost": 3.52, "Plan Rows": 1, "Plan Width": 4, "Plans": [{"Node Type": "Index Scan", "Parent Relationship": "Outer", "Parallel Aware": false, "Scan Direction": "Forward", "Index Name": "region_pkey", "Relation Name": "region", "Alias": "region", "Startup Cost": 0.13, "Total Cost": 3.52, "Plan Rows": 1, "Plan Width": 4, "Filter": "(r_name = 'EUROPE'::bpchar)"}]}]}]}]}]}]}]}, {"Node Type": "Aggregate", "Strategy": "Plain", "Partial Mode": "Simple", "Parent Relationship": "SubPlan", "Subplan Name": "SubPlan 1", "Parallel Aware": false, "Startup Cost": 4292.95, "Total Cost": 4292.96, "Plan Rows": 1, "Plan Width": 32, "Plans": [{"Node Type": "Hash Join", "Parent Relationship": "Outer", "Parallel Aware": false, "Join Type": "Inner", "Startup Cost": 10.6, "Total Cost": 4292.95, "Plan Rows": 1, "Plan Width": 6, "Inner Unique": false, "Hash Cond": "(supplier_1.s_nationkey = nation_1.n_nationkey)", "Plans": [{"Node Type": "Hash Join", "Parent Relationship": "Outer", "Parallel Aware": false, "Join Type": "Inner", "Startup Cost": 3.08, "Total Cost": 4285.39, "Plan Rows": 5, "Plan Width": 10, "Inner Unique": true, "Hash Cond": "(supplier_1.s_suppkey = partsupp_1.ps_suppkey)", "Plans": [{"Node Type": "Index Scan", "Parent Relationship": "Outer", "Parallel Aware": false, "Scan Direction": "Forward", "Index Name": "supplier_pkey", "Relation Name": "supplier", "Alias": "supplier_1", "Startup Cost": 0.29, "Total Cost": 4020.1, "Plan Rows": 100000, "Plan Width": 8}, {"Node Type": "Hash", "Parent Relationship": "Inner", "Parallel Aware": false, "Startup Cost": 2.72, "Total Cost": 2.72, "Plan Rows": 5, "Plan Width": 10, "Plans": [{"Node Type": "Index Scan", "Parent Relationship": "Outer", "Parallel Aware": false, "Scan Direction": "Forward", "Index Name": "idx_partsupp_partkey", "Relation Name": "partsupp", "Alias": "partsupp_1", "Startup Cost": 0.43, "Total Cost": 2.72, "Plan Rows": 5, "Plan Width": 10, "Index Cond": "(ps_partkey = part.p_partkey)"}]}]}, {"Node Type": "Hash", "Parent Relationship": "Inner", "Parallel Aware": false, "Startup Cost": 7.47, "Total Cost": 7.47, "Plan Rows": 5, "Plan Width": 4, "Plans": [{"Node Type": "Hash Join", "Parent Relationship": "Outer", "Parallel Aware": false, "Join Type": "Inner", "Startup Cost": 3.67, "Total Cost": 7.47, "Plan Rows": 5, "Plan Width": 4, "Inner Unique": true, "Hash Cond": "(nation_1.n_regionkey = region_1.r_regionkey)", "Plans": [{"Node Type": "Index Scan", "Parent Relationship": "Outer", "Parallel Aware": false, "Scan Direction": "Forward", "Index Name": "idx_nation_regionkey", "Relation Name": "nation", "Alias": "nation_1", "Startup Cost": 0.14, "Total Cost": 3.81, "Plan Rows": 25, "Plan Width": 8}, {"Node Type": "Hash", "Parent Relationship": "Inner", "Parallel Aware": false, "Startup Cost": 3.52, "Total Cost": 3.52, "Plan Rows": 1, "Plan Width": 4, "Plans": [{"Node Type": "Index Scan", "Parent Relationship": "Outer", "Parallel Aware": false, "Scan Direction": "Forward", "Index Name": "region_pkey", "Relation Name": "region", "Alias": "region_1", "Startup Cost": 0.13, "Total Cost": 3.52, "Plan Rows": 1, "Plan Width": 4, "Filter": "(r_name = 'EUROPE'::bpchar)"}]}]}]}]}]}]}]}]}}, {"Plan": {"Node Type": "Limit", "Parallel Aware": false, "Startup Cost": 28204894.59, "Total Cost": 28204894.6, "Plan Rows": 1, "Plan Width": 192, "Plans": [{"Node Type": "Sort", "Parent Relationship": "Outer", "Parallel Aware": false, "Startup Cost": 28204894.59, "Total Cost": 28204894.6, "Plan Rows": 1, "Plan Width": 192, "Sort Key": ["supplier.s_acctbal DESC", "nation.n_name", "supplier.s_name", "part.p_partkey"], "Plans": [{"Node Type": "Merge Join", "Parent Relationship": "Outer", "Parallel Aware": false, "Join Type": "Inner", "Startup Cost": 615317.11, "Total Cost": 28204894.58, "Plan Rows": 1, "Plan Width": 192, "Inner Unique": false, "Merge Cond": "(part.p_partkey = partsupp.ps_partkey)", "Join Filter": "(partsupp.ps_supplycost = (SubPlan 1))", "Plans": [{"Node Type": "Gather Merge", "Parent Relationship": "Outer", "Parallel Aware": false, "Startup Cost": 1000.47, "Total Cost": 68619.33, "Plan Rows": 8031, "Plan Width": 30, "Workers Planned": 3, "Plans": [{"Node Type": "Index Scan", "Parent Relationship": "Outer", "Parallel Aware": true, "Scan Direction": "Forward", "Index Name": "part_pkey", "Relation Name": "part", "Alias": "part", "Startup Cost": 0.43, "Total Cost": 66675.65, "Plan Rows": 2591, "Plan Width": 30, "Filter": "(((p_type)::text ~~ '%NICKEL'::text) AND (p_size = 42))"}]}, {"Node Type": "Materialize", "Parent Relationship": "Inner", "Parallel Aware": false, "Startup Cost": 614316.58, "Total Cost": 622316.18, "Plan Rows": 1599920, "Plan Width": 172, "Plans": [{"Node Type": "Sort", "Parent Relationship": "Outer", "Parallel Aware": false, "Startup Cost": 614316.58, "Total Cost": 618316.38, "Plan Rows": 1599920, "Plan Width": 172, "Sort Key": ["partsupp.ps_partkey"], "Plans": [{"Node Type": "Hash Join", "Parent Relationship": "Outer", "Parallel Aware": false, "Join Type": "Inner", "Startup Cost": 4853.04, "Total Cost": 369373.22, "Plan Rows": 1599920, "Plan Width": 172, "Inner Unique": false, "Hash Cond": "(partsupp.ps_suppkey = supplier.s_suppkey)", "Plans": [{"Node Type": "Index Scan", "Parent Relationship": "Outer", "Parallel Aware": false, "Scan Direction": "Forward", "Index Name": "idx_partsupp_partkey", "Relation Name": "partsupp", "Alias": "partsupp", "Startup Cost": 0.43, "Total Cost": 318528.84, "Plan Rows": 7999600, "Plan Width": 14}, {"Node Type": "Hash", "Parent Relationship": "Inner", "Parallel Aware": false, "Startup Cost": 4602.61, "Total Cost": 4602.61, "Plan Rows": 20000, "Plan Width": 166, "Plans": [{"Node Type": "Hash Join", "Parent Relationship": "Outer", "Parallel Aware": false, "Join Type": "Inner", "Startup Cost": 7.8, "Total Cost": 4602.61, "Plan Rows": 20000, "Plan Width": 166, "Inner Unique": false, "Hash Cond": "(supplier.s_nationkey = nation.n_nationkey)", "Plans": [{"Node Type": "Index Scan", "Parent Relationship": "Outer", "Parallel Aware": false, "Scan Direction": "Forward", "Index Name": "supplier_pkey", "Relation Name": "supplier", "Alias": "supplier", "Startup Cost": 0.29, "Total Cost": 4020.1, "Plan Rows": 100000, "Plan Width": 144}, {"Node Type": "Hash", "Parent Relationship": "Inner", "Parallel Aware": false, "Startup Cost": 7.45, "Total Cost": 7.45, "Plan Rows": 5, "Plan Width": 30, "Plans": [{"Node Type": "Merge Join", "Parent Relationship": "Outer", "Parallel Aware": false, "Join Type": "Inner", "Startup Cost": 0.27, "Total Cost": 7.45, "Plan Rows": 5, "Plan Width": 30, "Inner Unique": true, "Merge Cond": "(nation.n_regionkey = region.r_regionkey)", "Plans": [{"Node Type": "Index Scan", "Parent Relationship": "Outer", "Parallel Aware": false, "Scan Direction": "Forward", "Index Name": "idx_nation_regionkey", "Relation Name": "nation", "Alias": "nation", "Startup Cost": 0.14, "Total Cost": 3.81, "Plan Rows": 25, "Plan Width": 34}, {"Node Type": "Index Scan", "Parent Relationship": "Inner", "Parallel Aware": false, "Scan Direction": "Forward", "Index Name": "region_pkey", "Relation Name": "region", "Alias": "region", "Startup Cost": 0.13, "Total Cost": 3.52, "Plan Rows": 1, "Plan Width": 4, "Filter": "(r_name = 'EUROPE'::bpchar)"}]}]}]}]}]}]}]}, {"Node Type": "Aggregate", "Strategy": "Plain", "Partial Mode": "Simple", "Parent Relationship": "SubPlan", "Subplan Name": "SubPlan 1", "Parallel Aware": false, "Startup Cost": 4282.35, "Total Cost": 4282.36, "Plan Rows": 1, "Plan Width": 32, "Plans": [{"Node Type": "Hash Join", "Parent Relationship": "Outer", "Parallel Aware": false, "Join Type": "Inner", "Startup Cost": 8.28, "Total Cost": 4282.34, "Plan Rows": 1, "Plan Width": 6, "Inner Unique": false, "Hash Cond": "(supplier_1.s_nationkey = nation_1.n_nationkey)", "Plans": [{"Node Type": "Merge Join", "Parent Relationship": "Outer", "Parallel Aware": false, "Join Type": "Inner", "Startup Cost": 0.77, "Total Cost": 4274.81, "Plan Rows": 5, "Plan Width": 10, "Inner Unique": true, "Merge Cond": "(partsupp_1.ps_suppkey = supplier_1.s_suppkey)", "Plans": [{"Node Type": "Index Scan", "Parent Relationship": "Outer", "Parallel Aware": false, "Scan Direction": "Forward", "Index Name": "partsupp_pkey", "Relation Name": "partsupp", "Alias": "partsupp_1", "Startup Cost": 0.43, "Total Cost": 4.65, "Plan Rows": 5, "Plan Width": 10, "Index Cond": "(ps_partkey = part.p_partkey)"}, {"Node Type": "Index Scan", "Parent Relationship": "Inner", "Parallel Aware": false, "Scan Direction": "Forward", "Index Name": "supplier_pkey", "Relation Name": "supplier", "Alias": "supplier_1", "Startup Cost": 0.29, "Total Cost": 4020.1, "Plan Rows": 100000, "Plan Width": 8}]}, {"Node Type": "Hash", "Parent Relationship": "Inner", "Parallel Aware": false, "Startup Cost": 7.45, "Total Cost": 7.45, "Plan Rows": 5, "Plan Width": 4, "Plans": [{"Node Type": "Merge Join", "Parent Relationship": "Outer", "Parallel Aware": false, "Join Type": "Inner", "Startup Cost": 0.27, "Total Cost": 7.45, "Plan Rows": 5, "Plan Width": 4, "Inner Unique": true, "Merge Cond": "(nation_1.n_regionkey = region_1.r_regionkey)", "Plans": [{"Node Type": "Index Scan", "Parent Relationship": "Outer", "Parallel Aware": false, "Scan Direction": "Forward", "Index Name": "idx_nation_regionkey", "Relation Name": "nation", "Alias": "nation_1", "Startup Cost": 0.14, "Total Cost": 3.81, "Plan Rows": 25, "Plan Width": 8}, {"Node Type": "Index Scan", "Parent Relationship": "Inner", "Parallel Aware": false, "Scan Direction": "Forward", "Index Name": "region_pkey", "Relation Name": "region", "Alias": "region_1", "Startup Cost": 0.13, "Total Cost": 3.52, "Plan Rows": 1, "Plan Width": 4, "Filter": "(r_name = 'EUROPE'::bpchar)"}]}]}]}]}]}]}]}}, {"Plan": {"Node Type": "Limit", "Parallel Aware": false, "Startup Cost": 408340.72, "Total Cost": 408340.72, "Plan Rows": 1, "Plan Width": 192, "Plans": [{"Node Type": "Sort", "Parent Relationship": "Outer", "Parallel Aware": false, "Startup Cost": 408340.72, "Total Cost": 408340.72, "Plan Rows": 1, "Plan Width": 192, "Sort Key": ["supplier.s_acctbal DESC", "nation.n_name", "supplier.s_name", "part.p_partkey"], "Plans": [{"Node Type": "Hash Join", "Parent Relationship": "Outer", "Parallel Aware": false, "Join Type": "Inner", "Startup Cost": 160995.81, "Total Cost": 408340.71, "Plan Rows": 1, "Plan Width": 192, "Inner Unique": false, "Hash Cond": "((part.p_partkey = partsupp.ps_partkey) AND ((SubPlan 1) = partsupp.ps_supplycost))", "Plans": [{"Node Type": "Gather Merge", "Parent Relationship": "Outer", "Parallel Aware": false, "Startup Cost": 1000.47, "Total Cost": 68619.33, "Plan Rows": 8031, "Plan Width": 30, "Workers Planned": 3, "Plans": [{"Node Type": "Index Scan", "Parent Relationship": "Outer", "Parallel Aware": true, "Scan Direction": "Forward", "Index Name": "part_pkey", "Relation Name": "part", "Alias": "part", "Startup Cost": 0.43, "Total Cost": 66675.65, "Plan Rows": 2591, "Plan Width": 30, "Filter": "(((p_type)::text ~~ '%NICKEL'::text) AND (p_size = 42))"}]}, {"Node Type": "Hash", "Parent Relationship": "Inner", "Parallel Aware": false, "Startup Cost": 96935.55, "Total Cost": 96935.55, "Plan Rows": 1599920, "Plan Width": 172, "Plans": [{"Node Type": "Nested Loop", "Parent Relationship": "Outer", "Parallel Aware": false, "Join Type": "Inner", "Startup Cost": 1.12, "Total Cost": 96935.55, "Plan Rows": 1599920, "Plan Width": 172, "Inner Unique": false, "Plans": [{"Node Type": "Nested Loop", "Parent Relationship": "Outer", "Parallel Aware": false, "Join Type": "Inner", "Startup Cost": 0.69, "Total Cost": 1088.23, "Plan Rows": 20000, "Plan Width": 166, "Inner Unique": false, "Plans": [{"Node Type": "Nested Loop", "Parent Relationship": "Outer", "Parallel Aware": false, "Join Type": "Inner", "Startup Cost": 0.27, "Total Cost": 6.0, "Plan Rows": 5, "Plan Width": 30, "Inner Unique": false, "Plans": [{"Node Type": "Index Scan", "Parent Relationship": "Outer", "Parallel Aware": false, "Scan Direction": "Forward", "Index Name": "region_pkey", "Relation Name": "region", "Alias": "region", "Startup Cost": 0.13, "Total Cost": 3.52, "Plan Rows": 1, "Plan Width": 4, "Filter": "(r_name = 'EUROPE'::bpchar)"}, {"Node Type": "Index Scan", "Parent Relationship": "Inner", "Parallel Aware": false, "Scan Direction": "Forward", "Index Name": "idx_nation_regionkey", "Relation Name": "nation", "Alias": "nation", "Startup Cost": 0.14, "Total Cost": 2.43, "Plan Rows": 5, "Plan Width": 34, "Index Cond": "(n_regionkey = region.r_regionkey)"}]}, {"Node Type": "Index Scan", "Parent Relationship": "Inner", "Parallel Aware": false, "Scan Direction": "Forward", "Index Name": "idx_supplier_nation_key", "Relation Name": "supplier", "Alias": "supplier", "Startup Cost": 0.42, "Total Cost": 176.45, "Plan Rows": 4000, "Plan Width": 144, "Index Cond": "(s_nationkey = nation.n_nationkey)"}]}, {"Node Type": "Index Scan", "Parent Relationship": "Inner", "Parallel Aware": false, "Scan Direction": "Forward", "Index Name": "idx_partsupp_suppkey", "Relation Name": "partsupp", "Alias": "partsupp", "Startup Cost": 0.43, "Total Cost": 3.99, "Plan Rows": 80, "Plan Width": 14, "Index Cond": "(ps_suppkey = supplier.s_suppkey)"}]}]}, {"Node Type": "Aggregate", "Strategy": "Plain", "Partial Mode": "Simple", "Parent Relationship": "SubPlan", "Subplan Name": "SubPlan 1", "Parallel Aware": false, "Startup Cost": 17.48, "Total Cost": 17.49, "Plan Rows": 1, "Plan Width": 32, "Plans": [{"Node Type": "Nested Loop", "Parent Relationship": "Outer", "Parallel Aware": false, "Join Type": "Inner", "Startup Cost": 1.0, "Total Cost": 17.48, "Plan Rows": 1, "Plan Width": 6, "Inner Unique": true, "Plans": [{"Node Type": "Nested Loop", "Parent Relationship": "Outer", "Parallel Aware": false, "Join Type": "Inner", "Startup Cost": 0.86, "Total Cost": 16.05, "Plan Rows": 5, "Plan Width": 10, "Inner Unique": true, "Plans": [{"Node Type": "Nested Loop", "Parent Relationship": "Outer", "Parallel Aware": false, "Join Type": "Inner", "Startup Cost": 0.72, "Total Cost": 15.27, "Plan Rows": 5, "Plan Width": 10, "Inner Unique": true, "Plans": [{"Node Type": "Index Scan", "Parent Relationship": "Outer", "Parallel Aware": false, "Scan Direction": "Forward", "Index Name": "idx_partsupp_partkey", "Relation Name": "partsupp", "Alias": "partsupp_1", "Startup Cost": 0.43, "Total Cost": 2.72, "Plan Rows": 5, "Plan Width": 10, "Index Cond": "(ps_partkey = part.p_partkey)"}, {"Node Type": "Index Scan", "Parent Relationship": "Inner", "Parallel Aware": false, "Scan Direction": "Forward", "Index Name": "supplier_pkey", "Relation Name": "supplier", "Alias": "supplier_1", "Startup Cost": 0.29, "Total Cost": 2.51, "Plan Rows": 1, "Plan Width": 8, "Index Cond": "(s_suppkey = partsupp_1.ps_suppkey)"}]}, {"Node Type": "Index Scan", "Parent Relationship": "Inner", "Parallel Aware": false, "Scan Direction": "Forward", "Index Name": "nation_pkey", "Relation Name": "nation", "Alias": "nation_1", "Startup Cost": 0.14, "Total Cost": 0.16, "Plan Rows": 1, "Plan Width": 8, "Index Cond": "(n_nationkey = supplier_1.s_nationkey)"}]}, {"Node Type": "Index Scan", "Parent Relationship": "Inner", "Parallel Aware": false, "Scan Direction": "Forward", "Index Name": "region_pkey", "Relation Name": "region", "Alias": "region_1", "Startup Cost": 0.13, "Total Cost": 0.28, "Plan Rows": 1, "Plan Width": 4, "Index Cond": "(r_regionkey = nation_1.n_regionkey)", "Filter": "(r_name = 'EUROPE'::bpchar)"}]}]}]}]}]}}, {"Plan": {"Node Type": "Limit", "Parallel Aware": false, "Startup Cost": 23010299.21, "Total Cost": 23010299.22, "Plan Rows": 1, "Plan Width": 192, "Plans": [{"Node Type": "Sort", "Parent Relationship": "Outer", "Parallel Aware": false, "Startup Cost": 23010299.21, "Total Cost": 23010299.22, "Plan Rows": 1, "Plan Width": 192, "Sort Key": ["supplier.s_acctbal DESC", "nation.n_name", "supplier.s_name", "part.p_partkey"], "Plans": [{"Node Type": "Merge Join", "Parent Relationship": "Outer", "Parallel Aware": false, "Join Type": "Inner", "Startup Cost": 550361.18, "Total Cost": 23010299.2, "Plan Rows": 1, "Plan Width": 192, "Inner Unique": false, "Merge Cond": "(part.p_partkey = partsupp.ps_partkey)", "Join Filter": "(partsupp.ps_supplycost = (SubPlan 1))", "Plans": [{"Node Type": "Gather Merge", "Parent Relationship": "Outer", "Parallel Aware": false, "Startup Cost": 1000.47, "Total Cost": 68619.33, "Plan Rows": 8031, "Plan Width": 30, "Workers Planned": 3, "Plans": [{"Node Type": "Index Scan", "Parent Relationship": "Outer", "Parallel Aware": true, "Scan Direction": "Forward", "Index Name": "part_pkey", "Relation Name": "part", "Alias": "part", "Startup Cost": 0.43, "Total Cost": 66675.65, "Plan Rows": 2591, "Plan Width": 30, "Filter": "(((p_type)::text ~~ '%NICKEL'::text) AND (p_size = 42))"}]}, {"Node Type": "Materialize", "Parent Relationship": "Inner", "Parallel Aware": false, "Startup Cost": 549360.64, "Total Cost": 557360.24, "Plan Rows": 1599920, "Plan Width": 172, "Plans": [{"Node Type": "Sort", "Parent Relationship": "Outer", "Parallel Aware": false, "Startup Cost": 549360.64, "Total Cost": 553360.44, "Plan Rows": 1599920, "Plan Width": 172, "Sort Key": ["partsupp.ps_partkey"], "Plans": [{"Node Type": "Hash Join", "Parent Relationship": "Outer", "Parallel Aware": false, "Join Type": "Inner", "Startup Cost": 4043.51, "Total Cost": 304417.29, "Plan Rows": 1599920, "Plan Width": 172, "Inner Unique": false, "Hash Cond": "(partsupp.ps_suppkey = supplier.s_suppkey)", "Plans": [{"Node Type": "Seq Scan", "Parent Relationship": "Outer", "Parallel Aware": false, "Relation Name": "partsupp", "Alias": "partsupp", "Startup Cost": 0.0, "Total Cost": 254382.0, "Plan Rows": 7999600, "Plan Width": 14}, {"Node Type": "Hash", "Parent Relationship": "Inner", "Parallel Aware": false, "Startup Cost": 3793.51, "Total Cost": 3793.51, "Plan Rows": 20000, "Plan Width": 166, "Plans": [{"Node Type": "Hash Join", "Parent Relationship": "Outer", "Parallel Aware": false, "Join Type": "Inner", "Startup Cost": 2.51, "Total Cost": 3793.51, "Plan Rows": 20000, "Plan Width": 166, "Inner Unique": false, "Hash Cond": "(supplier.s_nationkey = nation.n_nationkey)", "Plans": [{"Node Type": "Seq Scan", "Parent Relationship": "Outer", "Parallel Aware": false, "Relation Name": "supplier", "Alias": "supplier", "Startup Cost": 0.0, "Total Cost": 3216.0, "Plan Rows": 100000, "Plan Width": 144}, {"Node Type": "Hash", "Parent Relationship": "Inner", "Parallel Aware": false, "Startup Cost": 2.45, "Total Cost": 2.45, "Plan Rows": 5, "Plan Width": 30, "Plans": [{"Node Type": "Hash Join", "Parent Relationship": "Outer", "Parallel Aware": false, "Join Type": "Inner", "Startup Cost": 1.07, "Total Cost": 2.45, "Plan Rows": 5, "Plan Width": 30, "Inner Unique": true, "Hash Cond": "(nation.n_regionkey = region.r_regionkey)", "Plans": [{"Node Type": "Seq Scan", "Parent Relationship": "Outer", "Parallel Aware": false, "Relation Name": "nation", "Alias": "nation", "Startup Cost": 0.0, "Total Cost": 1.25, "Plan Rows": 25, "Plan Width": 34}, {"Node Type": "Hash", "Parent Relationship": "Inner", "Parallel Aware": false, "Startup Cost": 1.06, "Total Cost": 1.06, "Plan Rows": 1, "Plan Width": 4, "Plans": [{"Node Type": "Seq Scan", "Parent Relationship": "Outer", "Parallel Aware": false, "Relation Name": "region", "Alias": "region", "Startup Cost": 0.0, "Total Cost": 1.06, "Plan Rows": 1, "Plan Width": 4, "Filter": "(r_name = 'EUROPE'::bpchar)"}]}]}]}]}]}]}]}]}, {"Node Type": "Aggregate", "Strategy": "Plain", "Partial Mode": "Simple", "Parent Relationship": "SubPlan", "Subplan Name": "SubPlan 1", "Parallel Aware": false, "Startup Cost": 3483.83, "Total Cost": 3483.84, "Plan Rows": 1, "Plan Width": 32, "Plans": [{"Node Type": "Hash Join", "Parent Relationship": "Outer", "Parallel Aware": false, "Join Type": "Inner", "Startup Cost": 5.29, "Total Cost": 3483.83, "Plan Rows": 1, "Plan Width": 6, "Inner Unique": false, "Hash Cond": "(supplier_1.s_nationkey = nation_1.n_nationkey)", "Plans": [{"Node Type": "Hash Join", "Parent Relationship": "Outer", "Parallel Aware": false, "Join Type": "Inner", "Startup Cost": 2.78, "Total Cost": 3481.29, "Plan Rows": 5, "Plan Width": 10, "Inner Unique": true, "Hash Cond": "(supplier_1.s_suppkey = partsupp_1.ps_suppkey)", "Plans": [{"Node Type": "Seq Scan", "Parent Relationship": "Outer", "Parallel Aware": false, "Relation Name": "supplier", "Alias": "supplier_1", "Startup Cost": 0.0, "Total Cost": 3216.0, "Plan Rows": 100000, "Plan Width": 8}, {"Node Type": "Hash", "Parent Relationship": "Inner", "Parallel Aware": false, "Startup Cost": 2.72, "Total Cost": 2.72, "Plan Rows": 5, "Plan Width": 10, "Plans": [{"Node Type": "Index Scan", "Parent Relationship": "Outer", "Parallel Aware": false, "Scan Direction": "Forward", "Index Name": "idx_partsupp_partkey", "Relation Name": "partsupp", "Alias": "partsupp_1", "Startup Cost": 0.43, "Total Cost": 2.72, "Plan Rows": 5, "Plan Width": 10, "Index Cond": "(ps_partkey = part.p_partkey)"}]}]}, {"Node Type": "Hash", "Parent Relationship": "Inner", "Parallel Aware": false, "Startup Cost": 2.45, "Total Cost": 2.45, "Plan Rows": 5, "Plan Width": 4, "Plans": [{"Node Type": "Hash Join", "Parent Relationship": "Outer", "Parallel Aware": false, "Join Type": "Inner", "Startup Cost": 1.07, "Total Cost": 2.45, "Plan Rows": 5, "Plan Width": 4, "Inner Unique": true, "Hash Cond": "(nation_1.n_regionkey = region_1.r_regionkey)", "Plans": [{"Node Type": "Seq Scan", "Parent Relationship": "Outer", "Parallel Aware": false, "Relation Name": "nation", "Alias": "nation_1", "Startup Cost": 0.0, "Total Cost": 1.25, "Plan Rows": 25, "Plan Width": 8}, {"Node Type": "Hash", "Parent Relationship": "Inner", "Parallel Aware": false, "Startup Cost": 1.06, "Total Cost": 1.06, "Plan Rows": 1, "Plan Width": 4, "Plans": [{"Node Type": "Seq Scan", "Parent Relationship": "Outer", "Parallel Aware": false, "Relation Name": "region", "Alias": "region_1", "Startup Cost": 0.0, "Total Cost": 1.06, "Plan Rows": 1, "Plan Width": 4, "Filter": "(r_name = 'EUROPE'::bpchar)"}]}]}]}]}]}]}]}]}}, {"Plan": {"Node Type": "Limit", "Parallel Aware": false, "Startup Cost": 408340.72, "Total Cost": 408340.72, "Plan Rows": 1, "Plan Width": 192, "Plans": [{"Node Type": "Sort", "Parent Relationship": "Outer", "Parallel Aware": false, "Startup Cost": 408340.72, "Total Cost": 408340.72, "Plan Rows": 1, "Plan Width": 192, "Sort Key": ["supplier.s_acctbal DESC", "nation.n_name", "supplier.s_name", "part.p_partkey"], "Plans": [{"Node Type": "Hash Join", "Parent Relationship": "Outer", "Parallel Aware": false, "Join Type": "Inner", "Startup Cost": 160995.81, "Total Cost": 408340.71, "Plan Rows": 1, "Plan Width": 192, "Inner Unique": false, "Hash Cond": "((part.p_partkey = partsupp.ps_partkey) AND ((SubPlan 1) = partsupp.ps_supplycost))", "Plans": [{"Node Type": "Gather Merge", "Parent Relationship": "Outer", "Parallel Aware": false, "Startup Cost": 1000.47, "Total Cost": 68619.33, "Plan Rows": 8031, "Plan Width": 30, "Workers Planned": 3, "Plans": [{"Node Type": "Index Scan", "Parent Relationship": "Outer", "Parallel Aware": true, "Scan Direction": "Forward", "Index Name": "part_pkey", "Relation Name": "part", "Alias": "part", "Startup Cost": 0.43, "Total Cost": 66675.65, "Plan Rows": 2591, "Plan Width": 30, "Filter": "(((p_type)::text ~~ '%NICKEL'::text) AND (p_size = 42))"}]}, {"Node Type": "Hash", "Parent Relationship": "Inner", "Parallel Aware": false, "Startup Cost": 96935.55, "Total Cost": 96935.55, "Plan Rows": 1599920, "Plan Width": 172, "Plans": [{"Node Type": "Nested Loop", "Parent Relationship": "Outer", "Parallel Aware": false, "Join Type": "Inner", "Startup Cost": 1.12, "Total Cost": 96935.55, "Plan Rows": 1599920, "Plan Width": 172, "Inner Unique": false, "Plans": [{"Node Type": "Nested Loop", "Parent Relationship": "Outer", "Parallel Aware": false, "Join Type": "Inner", "Startup Cost": 0.69, "Total Cost": 1088.23, "Plan Rows": 20000, "Plan Width": 166, "Inner Unique": false, "Plans": [{"Node Type": "Nested Loop", "Parent Relationship": "Outer", "Parallel Aware": false, "Join Type": "Inner", "Startup Cost": 0.27, "Total Cost": 6.0, "Plan Rows": 5, "Plan Width": 30, "Inner Unique": false, "Plans": [{"Node Type": "Index Scan", "Parent Relationship": "Outer", "Parallel Aware": false, "Scan Direction": "Forward", "Index Name": "region_pkey", "Relation Name": "region", "Alias": "region", "Startup Cost": 0.13, "Total Cost": 3.52, "Plan Rows": 1, "Plan Width": 4, "Filter": "(r_name = 'EUROPE'::bpchar)"}, {"Node Type": "Index Scan", "Parent Relationship": "Inner", "Parallel Aware": false, "Scan Direction": "Forward", "Index Name": "idx_nation_regionkey", "Relation Name": "nation", "Alias": "nation", "Startup Cost": 0.14, "Total Cost": 2.43, "Plan Rows": 5, "Plan Width": 34, "Index Cond": "(n_regionkey = region.r_regionkey)"}]}, {"Node Type": "Index Scan", "Parent Relationship": "Inner", "Parallel Aware": false, "Scan Direction": "Forward", "Index Name": "idx_supplier_nation_key", "Relation Name": "supplier", "Alias": "supplier", "Startup Cost": 0.42, "Total Cost": 176.45, "Plan Rows": 4000, "Plan Width": 144, "Index Cond": "(s_nationkey = nation.n_nationkey)"}]}, {"Node Type": "Index Scan", "Parent Relationship": "Inner", "Parallel Aware": false, "Scan Direction": "Forward", "Index Name": "idx_partsupp_suppkey", "Relation Name": "partsupp", "Alias": "partsupp", "Startup Cost": 0.43, "Total Cost": 3.99, "Plan Rows": 80, "Plan Width": 14, "Index Cond": "(ps_suppkey = supplier.s_suppkey)"}]}]}, {"Node Type": "Aggregate", "Strategy": "Plain", "Partial Mode": "Simple", "Parent Relationship": "SubPlan", "Subplan Name": "SubPlan 1", "Parallel Aware": false, "Startup Cost": 17.48, "Total Cost": 17.49, "Plan Rows": 1, "Plan Width": 32, "Plans": [{"Node Type": "Nested Loop", "Parent Relationship": "Outer", "Parallel Aware": false, "Join Type": "Inner", "Startup Cost": 1.0, "Total Cost": 17.48, "Plan Rows": 1, "Plan Width": 6, "Inner Unique": true, "Plans": [{"Node Type": "Nested Loop", "Parent Relationship": "Outer", "Parallel Aware": false, "Join Type": "Inner", "Startup Cost": 0.86, "Total Cost": 16.05, "Plan Rows": 5, "Plan Width": 10, "Inner Unique": true, "Plans": [{"Node Type": "Nested Loop", "Parent Relationship": "Outer", "Parallel Aware": false, "Join Type": "Inner", "Startup Cost": 0.72, "Total Cost": 15.27, "Plan Rows": 5, "Plan Width": 10, "Inner Unique": true, "Plans": [{"Node Type": "Index Scan", "Parent Relationship": "Outer", "Parallel Aware": false, "Scan Direction": "Forward", "Index Name": "idx_partsupp_partkey", "Relation Name": "partsupp", "Alias": "partsupp_1", "Startup Cost": 0.43, "Total Cost": 2.72, "Plan Rows": 5, "Plan Width": 10, "Index Cond": "(ps_partkey = part.p_partkey)"}, {"Node Type": "Index Scan", "Parent Relationship": "Inner", "Parallel Aware": false, "Scan Direction": "Forward", "Index Name": "supplier_pkey", "Relation Name": "supplier", "Alias": "supplier_1", "Startup Cost": 0.29, "Total Cost": 2.51, "Plan Rows": 1, "Plan Width": 8, "Index Cond": "(s_suppkey = partsupp_1.ps_suppkey)"}]}, {"Node Type": "Index Scan", "Parent Relationship": "Inner", "Parallel Aware": false, "Scan Direction": "Forward", "Index Name": "nation_pkey", "Relation Name": "nation", "Alias": "nation_1", "Startup Cost": 0.14, "Total Cost": 0.16, "Plan Rows": 1, "Plan Width": 8, "Index Cond": "(n_nationkey = supplier_1.s_nationkey)"}]}, {"Node Type": "Index Scan", "Parent Relationship": "Inner", "Parallel Aware": false, "Scan Direction": "Forward", "Index Name": "region_pkey", "Relation Name": "region", "Alias": "region_1", "Startup Cost": 0.13, "Total Cost": 0.28, "Plan Rows": 1, "Plan Width": 4, "Index Cond": "(r_regionkey = nation_1.n_regionkey)", "Filter": "(r_name = 'EUROPE'::bpchar)"}]}]}]}]}]}}, {"Plan": {"Node Type": "Limit", "Parallel Aware": false, "Startup Cost": 389691.0, "Total Cost": 389691.01, "Plan Rows": 1, "Plan Width": 192, "Plans": [{"Node Type": "Sort", "Parent Relationship": "Outer", "Parallel Aware": false, "Startup Cost": 389691.0, "Total Cost": 389691.01, "Plan Rows": 1, "Plan Width": 192, "Sort Key": ["supplier.s_acctbal DESC", "nation.n_name", "supplier.s_name", "part.p_partkey"], "Plans": [{"Node Type": "Hash Join", "Parent Relationship": "Outer", "Parallel Aware": false, "Join Type": "Inner", "Startup Cost": 160991.98, "Total Cost": 389690.99, "Plan Rows": 1, "Plan Width": 192, "Inner Unique": false, "Hash Cond": "((part.p_partkey = partsupp.ps_partkey) AND ((SubPlan 1) = partsupp.ps_supplycost))", "Plans": [{"Node Type": "Gather", "Parent Relationship": "Outer", "Parallel Aware": false, "Startup Cost": 1000.0, "Total Cost": 52442.52, "Plan Rows": 8031, "Plan Width": 30, "Workers Planned": 3, "Single Copy": false, "Plans": [{"Node Type": "Seq Scan", "Parent Relationship": "Outer", "Parallel Aware": true, "Relation Name": "part", "Alias": "part", "Startup Cost": 0.0, "Total Cost": 50639.42, "Plan Rows": 2591, "Plan Width": 30, "Filter": "(((p_type)::text ~~ '%NICKEL'::text) AND (p_size = 42))"}]}, {"Node Type": "Hash", "Parent Relationship": "Inner", "Parallel Aware": false, "Startup Cost": 96932.18, "Total Cost": 96932.18, "Plan Rows": 1599920, "Plan Width": 172, "Plans": [{"Node Type": "Nested Loop", "Parent Relationship": "Outer", "Parallel Aware": false, "Join Type": "Inner", "Startup Cost": 0.85, "Total Cost": 96932.18, "Plan Rows": 1599920, "Plan Width": 172, "Inner Unique": false, "Plans": [{"Node Type": "Nested Loop", "Parent Relationship": "Outer", "Parallel Aware": false, "Join Type": "Inner", "Startup Cost": 0.42, "Total Cost": 1084.86, "Plan Rows": 20000, "Plan Width": 166, "Inner Unique": false, "Plans": [{"Node Type": "Nested Loop", "Parent Relationship": "Outer", "Parallel Aware": false, "Join Type": "Inner", "Startup Cost": 0.0, "Total Cost": 2.62, "Plan Rows": 5, "Plan Width": 30, "Inner Unique": false, "Join Filter": "(nation.n_regionkey = region.r_regionkey)", "Plans": [{"Node Type": "Seq Scan", "Parent Relationship": "Outer", "Parallel Aware": false, "Relation Name": "region", "Alias": "region", "Startup Cost": 0.0, "Total Cost": 1.06, "Plan Rows": 1, "Plan Width": 4, "Filter": "(r_name = 'EUROPE'::bpchar)"}, {"Node Type": "Seq Scan", "Parent Relationship": "Inner", "Parallel Aware": false, "Relation Name": "nation", "Alias": "nation", "Startup Cost": 0.0, "Total Cost": 1.25, "Plan Rows": 25, "Plan Width": 34}]}, {"Node Type": "Index Scan", "Parent Relationship": "Inner", "Parallel Aware": false, "Scan Direction": "Forward", "Index Name": "idx_supplier_nation_key", "Relation Name": "supplier", "Alias": "supplier", "Startup Cost": 0.42, "Total Cost": 176.45, "Plan Rows": 4000, "Plan Width": 144, "Index Cond": "(s_nationkey = nation.n_nationkey)"}]}, {"Node Type": "Index Scan", "Parent Relationship": "Inner", "Parallel Aware": false, "Scan Direction": "Forward", "Index Name": "idx_partsupp_suppkey", "Relation Name": "partsupp", "Alias": "partsupp", "Startup Cost": 0.43, "Total Cost": 3.99, "Plan Rows": 80, "Plan Width": 14, "Index Cond": "(ps_suppkey = supplier.s_suppkey)"}]}]}, {"Node Type": "Aggregate", "Strategy": "Plain", "Partial Mode": "Simple", "Parent Relationship": "SubPlan", "Subplan Name": "SubPlan 1", "Parallel Aware": false, "Startup Cost": 17.17, "Total Cost": 17.18, "Plan Rows": 1, "Plan Width": 32, "Plans": [{"Node Type": "Nested Loop", "Parent Relationship": "Outer", "Parallel Aware": false, "Join Type": "Inner", "Startup Cost": 0.86, "Total Cost": 17.17, "Plan Rows": 1, "Plan Width": 6, "Inner Unique": false, "Join Filter": "(nation_1.n_regionkey = region_1.r_regionkey)", "Plans": [{"Node Type": "Seq Scan", "Parent Relationship": "Outer", "Parallel Aware": false, "Relation Name": "region", "Alias": "region_1", "Startup Cost": 0.0, "Total Cost": 1.06, "Plan Rows": 1, "Plan Width": 4, "Filter": "(r_name = 'EUROPE'::bpchar)"}, {"Node Type": "Nested Loop", "Parent Relationship": "Inner", "Parallel Aware": false, "Join Type": "Inner", "Startup Cost": 0.86, "Total Cost": 16.05, "Plan Rows": 5, "Plan Width": 10, "Inner Unique": true, "Plans": [{"Node Type": "Nested Loop", "Parent Relationship": "Outer", "Parallel Aware": false, "Join Type": "Inner", "Startup Cost": 0.72, "Total Cost": 15.27, "Plan Rows": 5, "Plan Width": 10, "Inner Unique": true, "Plans": [{"Node Type": "Index Scan", "Parent Relationship": "Outer", "Parallel Aware": false, "Scan Direction": "Forward", "Index Name": "idx_partsupp_partkey", "Relation Name": "partsupp", "Alias": "partsupp_1", "Startup Cost": 0.43, "Total Cost": 2.72, "Plan Rows": 5, "Plan Width": 10, "Index Cond": "(ps_partkey = part.p_partkey)"}, {"Node Type": "Index Scan", "Parent Relationship": "Inner", "Parallel Aware": false, "Scan Direction": "Forward", "Index Name": "supplier_pkey", "Relation Name": "supplier", "Alias": "supplier_1", "Startup Cost": 0.29, "Total Cost": 2.51, "Plan Rows": 1, "Plan Width": 8, "Index Cond": "(s_suppkey = partsupp_1.ps_suppkey)"}]}, {"Node Type": "Index Scan", "Parent Relationship": "Inner", "Parallel Aware": false, "Scan Direction": "Forward", "Index Name": "nation_pkey", "Relation Name": "nation", "Alias": "nation_1", "Startup Cost": 0.14, "Total Cost": 0.16, "Plan Rows": 1, "Plan Width": 8, "Index Cond": "(n_nationkey = supplier_1.s_nationkey)"}]}]}]}]}]}]}}, {"Plan": {"Node Type": "Limit", "Parallel Aware": false, "Startup Cost": 28456448.62, "Total Cost": 28456448.62, "Plan Rows": 1, "Plan Width": 192, "Plans": [{"Node Type": "Sort", "Parent Relationship": "Outer", "Parallel Aware": false, "Startup Cost": 28456448.62, "Total Cost": 28456448.62, "Plan Rows": 1, "Plan Width": 192, "Sort Key": ["supplier.s_acctbal DESC", "nation.n_name", "supplier.s_name", "part.p_partkey"], "Plans": [{"Node Type": "Hash Join", "Parent Relationship": "Outer", "Parallel Aware": false, "Join Type": "Inner", "Startup Cost": 367477.09, "Total Cost": 28456448.61, "Plan Rows": 1, "Plan Width": 192, "Inner Unique": false, "Hash Cond": "((part.p_partkey = partsupp.ps_partkey) AND ((SubPlan 1) = partsupp.ps_supplycost))", "Plans": [{"Node Type": "Seq Scan", "Parent Relationship": "Outer", "Parallel Aware": false, "Relation Name": "part", "Alias": "part", "Startup Cost": 0.0, "Total Cost": 70962.0, "Plan Rows": 8031, "Plan Width": 30, "Filter": "(((p_type)::text ~~ '%NICKEL'::text) AND (p_size = 42))"}, {"Node Type": "Hash", "Parent Relationship": "Inner", "Parallel Aware": false, "Startup Cost": 304417.29, "Total Cost": 304417.29, "Plan Rows": 1599920, "Plan Width": 172, "Plans": [{"Node Type": "Hash Join", "Parent Relationship": "Outer", "Parallel Aware": false, "Join Type": "Inner", "Startup Cost": 4043.51, "Total Cost": 304417.29, "Plan Rows": 1599920, "Plan Width": 172, "Inner Unique": false, "Hash Cond": "(partsupp.ps_suppkey = supplier.s_suppkey)", "Plans": [{"Node Type": "Seq Scan", "Parent Relationship": "Outer", "Parallel Aware": false, "Relation Name": "partsupp", "Alias": "partsupp", "Startup Cost": 0.0, "Total Cost": 254382.0, "Plan Rows": 7999600, "Plan Width": 14}, {"Node Type": "Hash", "Parent Relationship": "Inner", "Parallel Aware": false, "Startup Cost": 3793.51, "Total Cost": 3793.51, "Plan Rows": 20000, "Plan Width": 166, "Plans": [{"Node Type": "Hash Join", "Parent Relationship": "Outer", "Parallel Aware": false, "Join Type": "Inner", "Startup Cost": 2.51, "Total Cost": 3793.51, "Plan Rows": 20000, "Plan Width": 166, "Inner Unique": false, "Hash Cond": "(supplier.s_nationkey = nation.n_nationkey)", "Plans": [{"Node Type": "Seq Scan", "Parent Relationship": "Outer", "Parallel Aware": false, "Relation Name": "supplier", "Alias": "supplier", "Startup Cost": 0.0, "Total Cost": 3216.0, "Plan Rows": 100000, "Plan Width": 144}, {"Node Type": "Hash", "Parent Relationship": "Inner", "Parallel Aware": false, "Startup Cost": 2.45, "Total Cost": 2.45, "Plan Rows": 5, "Plan Width": 30, "Plans": [{"Node Type": "Hash Join", "Parent Relationship": "Outer", "Parallel Aware": false, "Join Type": "Inner", "Startup Cost": 1.07, "Total Cost": 2.45, "Plan Rows": 5, "Plan Width": 30, "Inner Unique": true, "Hash Cond": "(nation.n_regionkey = region.r_regionkey)", "Plans": [{"Node Type": "Seq Scan", "Parent Relationship": "Outer", "Parallel Aware": false, "Relation Name": "nation", "Alias": "nation", "Startup Cost": 0.0, "Total Cost": 1.25, "Plan Rows": 25, "Plan Width": 34}, {"Node Type": "Hash", "Parent Relationship": "Inner", "Parallel Aware": false, "Startup Cost": 1.06, "Total Cost": 1.06, "Plan Rows": 1, "Plan Width": 4, "Plans": [{"Node Type": "Seq Scan", "Parent Relationship": "Outer", "Parallel Aware": false, "Relation Name": "region", "Alias": "region", "Startup Cost": 0.0, "Total Cost": 1.06, "Plan Rows": 1, "Plan Width": 4, "Filter": "(r_name = 'EUROPE'::bpchar)"}]}]}]}]}]}]}]}, {"Node Type": "Aggregate", "Strategy": "Plain", "Partial Mode": "Simple", "Parent Relationship": "SubPlan", "Subplan Name": "SubPlan 1", "Parallel Aware": false, "Startup Cost": 3483.83, "Total Cost": 3483.84, "Plan Rows": 1, "Plan Width": 32, "Plans": [{"Node Type": "Hash Join", "Parent Relationship": "Outer", "Parallel Aware": false, "Join Type": "Inner", "Startup Cost": 5.29, "Total Cost": 3483.83, "Plan Rows": 1, "Plan Width": 6, "Inner Unique": false, "Hash Cond": "(supplier_1.s_nationkey = nation_1.n_nationkey)", "Plans": [{"Node Type": "Hash Join", "Parent Relationship": "Outer", "Parallel Aware": false, "Join Type": "Inner", "Startup Cost": 2.78, "Total Cost": 3481.29, "Plan Rows": 5, "Plan Width": 10, "Inner Unique": true, "Hash Cond": "(supplier_1.s_suppkey = partsupp_1.ps_suppkey)", "Plans": [{"Node Type": "Seq Scan", "Parent Relationship": "Outer", "Parallel Aware": false, "Relation Name": "supplier", "Alias": "supplier_1", "Startup Cost": 0.0, "Total Cost": 3216.0, "Plan Rows": 100000, "Plan Width": 8}, {"Node Type": "Hash", "Parent Relationship": "Inner", "Parallel Aware": false, "Startup Cost": 2.72, "Total Cost": 2.72, "Plan Rows": 5, "Plan Width": 10, "Plans": [{"Node Type": "Index Scan", "Parent Relationship": "Outer", "Parallel Aware": false, "Scan Direction": "Forward", "Index Name": "idx_partsupp_partkey", "Relation Name": "partsupp", "Alias": "partsupp_1", "Startup Cost": 0.43, "Total Cost": 2.72, "Plan Rows": 5, "Plan Width": 10, "Index Cond": "(ps_partkey = part.p_partkey)"}]}]}, {"Node Type": "Hash", "Parent Relationship": "Inner", "Parallel Aware": false, "Startup Cost": 2.45, "Total Cost": 2.45, "Plan Rows": 5, "Plan Width": 4, "Plans": [{"Node Type": "Hash Join", "Parent Relationship": "Outer", "Parallel Aware": false, "Join Type": "Inner", "Startup Cost": 1.07, "Total Cost": 2.45, "Plan Rows": 5, "Plan Width": 4, "Inner Unique": true, "Hash Cond": "(nation_1.n_regionkey = region_1.r_regionkey)", "Plans": [{"Node Type": "Seq Scan", "Parent Relationship": "Outer", "Parallel Aware": false, "Relation Name": "nation", "Alias": "nation_1", "Startup Cost": 0.0, "Total Cost": 1.25, "Plan Rows": 25, "Plan Width": 8}, {"Node Type": "Hash", "Parent Relationship": "Inner", "Parallel Aware": false, "Startup Cost": 1.06, "Total Cost": 1.06, "Plan Rows": 1, "Plan Width": 4, "Plans": [{"Node Type": "Seq Scan", "Parent Relationship": "Outer", "Parallel Aware": false, "Relation Name": "region", "Alias": "region_1", "Startup Cost": 0.0, "Total Cost": 1.06, "Plan Rows": 1, "Plan Width": 4, "Filter": "(r_name = 'EUROPE'::bpchar)"}]}]}]}]}]}]}]}]}}, {"Plan": {"Node Type": "Limit", "Parallel Aware": false, "Startup Cost": 192770032389621.97, "Total Cost": 192770032389621.97, "Plan Rows": 1, "Plan Width": 192, "Plans": [{"Node Type": "Sort", "Parent Relationship": "Outer", "Parallel Aware": false, "Startup Cost": 192770032389621.97, "Total Cost": 192770032389621.97, "Plan Rows": 1, "Plan Width": 192, "Sort Key": ["supplier.s_acctbal DESC", "nation.n_name", "supplier.s_name", "part.p_partkey"], "Plans": [{"Node Type": "Merge Join", "Parent Relationship": "Outer", "Parallel Aware": false, "Join Type": "Inner", "Startup Cost": 50000000282.66, "Total Cost": 192770032389621.97, "Plan Rows": 1, "Plan Width": 192, "Inner Unique": true, "Merge Cond": "(partsupp.ps_partkey = part.p_partkey)", "Join Filter": "(partsupp.ps_supplycost = (SubPlan 1))", "Plans": [{"Node Type": "Nested Loop", "Parent Relationship": "Outer", "Parallel Aware": false, "Join Type": "Inner", "Startup Cost": 40000000001.11, "Total Cost": 40032122572.06, "Plan Rows": 1599920, "Plan Width": 172, "Inner Unique": true, "Plans": [{"Node Type": "Nested Loop", "Parent Relationship": "Outer", "Parallel Aware": false, "Join Type": "Inner", "Startup Cost": 30000000000.88, "Total Cost": 30021361110.16, "Plan Rows": 7999600, "Plan Width": 176, "Inner Unique": true, "Plans": [{"Node Type": "Nested Loop", "Parent Relationship": "Outer", "Parallel Aware": false, "Join Type": "Inner", "Startup Cost": 20000000000.73, "Total Cost": 20011627790.08, "Plan Rows": 7999600, "Plan Width": 150, "Inner Unique": true, "Plans": [{"Node Type": "Index Scan", "Parent Relationship": "Outer", "Parallel Aware": false, "Scan Direction": "Forward", "Index Name": "partsupp_pkey", "Relation Name": "partsupp", "Alias": "partsupp", "Startup Cost": 10000000000.43, "Total Cost": 10000326140.58, "Plan Rows": 7999600, "Plan Width": 14}, {"Node Type": "Bitmap Heap Scan", "Parent Relationship": "Inner", "Parallel Aware": false, "Relation Name": "supplier", "Alias": "supplier", "Startup Cost": 0.3, "Total Cost": 1.41, "Plan Rows": 1, "Plan Width": 144, "Recheck Cond": "(s_suppkey = partsupp.ps_suppkey)", "Plans": [{"Node Type": "Bitmap Index Scan", "Parent Relationship": "Outer", "Parallel Aware": false, "Index Name": "supplier_pkey", "Startup Cost": 0.0, "Total Cost": 0.3, "Plan Rows": 1, "Plan Width": 0, "Index Cond": "(s_suppkey = partsupp.ps_suppkey)"}]}]}, {"Node Type": "Bitmap Heap Scan", "Parent Relationship": "Inner", "Parallel Aware": false, "Relation Name": "nation", "Alias": "nation", "Startup Cost": 0.15, "Total Cost": 1.26, "Plan Rows": 1, "Plan Width": 34, "Recheck Cond": "(n_nationkey = supplier.s_nationkey)", "Plans": [{"Node Type": "Bitmap Index Scan", "Parent Relationship": "Outer", "Parallel Aware": false, "Index Name": "nation_pkey", "Startup Cost": 0.0, "Total Cost": 0.15, "Plan Rows": 1, "Plan Width": 0, "Index Cond": "(n_nationkey = supplier.s_nationkey)"}]}]}, {"Node Type": "Bitmap Heap Scan", "Parent Relationship": "Inner", "Parallel Aware": false, "Relation Name": "region", "Alias": "region", "Startup Cost": 0.23, "Total Cost": 1.34, "Plan Rows": 1, "Plan Width": 4, "Recheck Cond": "(r_regionkey = nation.n_regionkey)", "Filter": "(r_name = 'EUROPE'::bpchar)", "Plans": [{"Node Type": "Bitmap Index Scan", "Parent Relationship": "Outer", "Parallel Aware": false, "Index Name": "region_pkey", "Startup Cost": 0.0, "Total Cost": 0.23, "Plan Rows": 1, "Plan Width": 0, "Index Cond": "(r_regionkey = nation.n_regionkey)"}]}]}, {"Node Type": "Index Scan", "Parent Relationship": "Inner", "Parallel Aware": false, "Scan Direction": "Forward", "Index Name": "part_pkey", "Relation Name": "part", "Alias": "part", "Startup Cost": 10000000000.43, "Total Cost": 10000086998.23, "Plan Rows": 8031, "Plan Width": 30, "Filter": "(((p_type)::text ~~ '%NICKEL'::text) AND (p_size = 42))"}, {"Node Type": "Aggregate", "Strategy": "Plain", "Partial Mode": "Simple", "Parent Relationship": "SubPlan", "Subplan Name": "SubPlan 1", "Parallel Aware": false, "Startup Cost": 30000000027.39, "Total Cost": 30000000027.4, "Plan Rows": 1, "Plan Width": 32, "Plans": [{"Node Type": "Hash Join", "Parent Relationship": "Outer", "Parallel Aware": false, "Join Type": "Inner", "Startup Cost": 30000000010.63, "Total Cost": 30000000027.39, "Plan Rows": 1, "Plan Width": 6, "Inner Unique": true, "Hash Cond": "(nation_1.n_regionkey = region_1.r_regionkey)", "Plans": [{"Node Type": "Hash Join", "Parent Relationship": "Outer", "Parallel Aware": false, "Join Type": "Inner", "Startup Cost": 20000000007.1, "Total Cost": 20000000023.83, "Plan Rows": 5, "Plan Width": 10, "Inner Unique": true, "Hash Cond": "(supplier_1.s_nationkey = nation_1.n_nationkey)", "Plans": [{"Node Type": "Nested Loop", "Parent Relationship": "Outer", "Parallel Aware": false, "Join Type": "Inner", "Startup Cost": 10000000002.97, "Total Cost": 10000000019.69, "Plan Rows": 5, "Plan Width": 10, "Inner Unique": true, "Plans": [{"Node Type": "Bitmap Heap Scan", "Parent Relationship": "Outer", "Parallel Aware": false, "Relation Name": "partsupp", "Alias": "partsupp_1", "Startup Cost": 1.57, "Total Cost": 7.13, "Plan Rows": 5, "Plan Width": 10, "Recheck Cond": "(part.p_partkey = ps_partkey)", "Plans": [{"Node Type": "Bitmap Index Scan", "Parent Relationship": "Outer", "Parallel Aware": false, "Index Name": "idx_partsupp_partkey", "Startup Cost": 0.0, "Total Cost": 1.57, "Plan Rows": 5, "Plan Width": 0, "Index Cond": "(ps_partkey = part.p_partkey)"}]}, {"Node Type": "Bitmap Heap Scan", "Parent Relationship": "Inner", "Parallel Aware": false, "Relation Name": "supplier", "Alias": "supplier_1", "Startup Cost": 1.4, "Total Cost": 2.51, "Plan Rows": 1, "Plan Width": 8, "Recheck Cond": "(s_suppkey = partsupp_1.ps_suppkey)", "Plans": [{"Node Type": "Bitmap Index Scan", "Parent Relationship": "Outer", "Parallel Aware": false, "Index Name": "supplier_pkey", "Startup Cost": 0.0, "Total Cost": 1.4, "Plan Rows": 1, "Plan Width": 0, "Index Cond": "(s_suppkey = partsupp_1.ps_suppkey)"}]}]}, {"Node Type": "Hash", "Parent Relationship": "Inner", "Parallel Aware": false, "Startup Cost": 10000000003.81, "Total Cost": 10000000003.81, "Plan Rows": 25, "Plan Width": 8, "Plans": [{"Node Type": "Index Scan", "Parent Relationship": "Outer", "Parallel Aware": false, "Scan Direction": "Forward", "Index Name": "idx_nation_regionkey", "Relation Name": "nation", "Alias": "nation_1", "Startup Cost": 10000000000.14, "Total Cost": 10000000003.81, "Plan Rows": 25, "Plan Width": 8}]}]}, {"Node Type": "Hash", "Parent Relationship": "Inner", "Parallel Aware": false, "Startup Cost": 10000000003.52, "Total Cost": 10000000003.52, "Plan Rows": 1, "Plan Width": 4, "Plans": [{"Node Type": "Index Scan", "Parent Relationship": "Outer", "Parallel Aware": false, "Scan Direction": "Forward", "Index Name": "region_pkey", "Relation Name": "region", "Alias": "region_1", "Startup Cost": 10000000000.13, "Total Cost": 10000000003.52, "Plan Rows": 1, "Plan Width": 4, "Filter": "(r_name = 'EUROPE'::bpchar)"}]}]}]}]}]}]}}, {"Plan": {"Node Type": "Limit", "Parallel Aware": false, "Startup Cost": 10001460486.08, "Total Cost": 10001460486.09, "Plan Rows": 1, "Plan Width": 192, "Plans": [{"Node Type": "Sort", "Parent Relationship": "Outer", "Parallel Aware": false, "Startup Cost": 10001460486.08, "Total Cost": 10001460486.09, "Plan Rows": 1, "Plan Width": 192, "Sort Key": ["supplier.s_acctbal DESC", "nation.n_name", "supplier.s_name", "part.p_partkey"], "Plans": [{"Node Type": "Nested Loop", "Parent Relationship": "Outer", "Parallel Aware": false, "Join Type": "Inner", "Startup Cost": 10000000002.5, "Total Cost": 10001460486.07, "Plan Rows": 1, "Plan Width": 192, "Inner Unique": true, "Plans": [{"Node Type": "Nested Loop", "Parent Relationship": "Outer", "Parallel Aware": false, "Join Type": "Inner", "Startup Cost": 10000000002.27, "Total Cost": 10001460483.61, "Plan Rows": 1, "Plan Width": 196, "Inner Unique": true, "Plans": [{"Node Type": "Nested Loop", "Parent Relationship": "Outer", "Parallel Aware": false, "Join Type": "Inner", "Startup Cost": 10000000002.13, "Total Cost": 10001460482.27, "Plan Rows": 1, "Plan Width": 170, "Inner Unique": true, "Plans": [{"Node Type": "Nested Loop", "Parent Relationship": "Outer", "Parallel Aware": false, "Join Type": "Inner", "Startup Cost": 10000000001.83, "Total Cost": 10001460480.86, "Plan Rows": 1, "Plan Width": 34, "Inner Unique": false, "Plans": [{"Node Type": "Index Scan", "Parent Relationship": "Outer", "Parallel Aware": false, "Scan Direction": "Forward", "Index Name": "part_pkey", "Relation Name": "part", "Alias": "part", "Startup Cost": 10000000000.43, "Total Cost": 10000086998.23, "Plan Rows": 8031, "Plan Width": 30, "Filter": "(((p_type)::text ~~ '%NICKEL'::text) AND (p_size = 42))"}, {"Node Type": "Bitmap Heap Scan", "Parent Relationship": "Inner", "Parallel Aware": false, "Relation Name": "partsupp", "Alias": "partsupp", "Startup Cost": 1.4, "Total Cost": 171.01, "Plan Rows": 1, "Plan Width": 14, "Recheck Cond": "(ps_partkey = part.p_partkey)", "Filter": "((SubPlan 1) = ps_supplycost)", "Plans": [{"Node Type": "Bitmap Index Scan", "Parent Relationship": "Outer", "Parallel Aware": false, "Index Name": "partsupp_pkey", "Startup Cost": 0.0, "Total Cost": 1.4, "Plan Rows": 5, "Plan Width": 0, "Index Cond": "(ps_partkey = part.p_partkey)"}, {"Node Type": "Aggregate", "Strategy": "Plain", "Partial Mode": "Simple", "Parent Relationship": "SubPlan", "Subplan Name": "SubPlan 1", "Parallel Aware": false, "Startup Cost": 32.8, "Total Cost": 32.81, "Plan Rows": 1, "Plan Width": 32, "Plans": [{"Node Type": "Nested Loop", "Parent Relationship": "Outer", "Parallel Aware": false, "Join Type": "Inner", "Startup Cost": 3.35, "Total Cost": 32.8, "Plan Rows": 1, "Plan Width": 6, "Inner Unique": true, "Plans": [{"Node Type": "Nested Loop", "Parent Relationship": "Outer", "Parallel Aware": false, "Join Type": "Inner", "Startup Cost": 3.12, "Total Cost": 26.07, "Plan Rows": 5, "Plan Width": 10, "Inner Unique": true, "Plans": [{"Node Type": "Nested Loop", "Parent Relationship": "Outer", "Parallel Aware": false, "Join Type": "Inner", "Startup Cost": 2.97, "Total Cost": 19.69, "Plan Rows": 5, "Plan Width": 10, "Inner Unique": true, "Plans": [{"Node Type": "Bitmap Heap Scan", "Parent Relationship": "Outer", "Parallel Aware": false, "Relation Name": "partsupp", "Alias": "partsupp_1", "Startup Cost": 1.57, "Total Cost": 7.13, "Plan Rows": 5, "Plan Width": 10, "Recheck Cond": "(part.p_partkey = ps_partkey)", "Plans": [{"Node Type": "Bitmap Index Scan", "Parent Relationship": "Outer", "Parallel Aware": false, "Index Name": "idx_partsupp_partkey", "Startup Cost": 0.0, "Total Cost": 1.57, "Plan Rows": 5, "Plan Width": 0, "Index Cond": "(ps_partkey = part.p_partkey)"}]}, {"Node Type": "Bitmap Heap Scan", "Parent Relationship": "Inner", "Parallel Aware": false, "Relation Name": "supplier", "Alias": "supplier_1", "Startup Cost": 1.4, "Total Cost": 2.51, "Plan Rows": 1, "Plan Width": 8, "Recheck Cond": "(s_suppkey = partsupp_1.ps_suppkey)", "Plans": [{"Node Type": "Bitmap Index Scan", "Parent Relationship": "Outer", "Parallel Aware": false, "Index Name": "supplier_pkey", "Startup Cost": 0.0, "Total Cost": 1.4, "Plan Rows": 1, "Plan Width": 0, "Index Cond": "(s_suppkey = partsupp_1.ps_suppkey)"}]}]}, {"Node Type": "Bitmap Heap Scan", "Parent Relationship": "Inner", "Parallel Aware": false, "Relation Name": "nation", "Alias": "nation_1", "Startup Cost": 0.15, "Total Cost": 1.26, "Plan Rows": 1, "Plan Width": 8, "Recheck Cond": "(n_nationkey = supplier_1.s_nationkey)", "Plans": [{"Node Type": "Bitmap Index Scan", "Parent Relationship": "Outer", "Parallel Aware": false, "Index Name": "nation_pkey", "Startup Cost": 0.0, "Total Cost": 0.15, "Plan Rows": 1, "Plan Width": 0, "Index Cond": "(n_nationkey = supplier_1.s_nationkey)"}]}]}, {"Node Type": "Bitmap Heap Scan", "Parent Relationship": "Inner", "Parallel Aware": false, "Relation Name": "region", "Alias": "region_1", "Startup Cost": 0.23, "Total Cost": 1.34, "Plan Rows": 1, "Plan Width": 4, "Recheck Cond": "(r_regionkey = nation_1.n_regionkey)", "Filter": "(r_name = 'EUROPE'::bpchar)", "Plans": [{"Node Type": "Bitmap Index Scan", "Parent Relationship": "Outer", "Parallel Aware": false, "Index Name": "region_pkey", "Startup Cost": 0.0, "Total Cost": 0.23, "Plan Rows": 1, "Plan Width": 0, "Index Cond": "(r_regionkey = nation_1.n_regionkey)"}]}]}]}]}]}, {"Node Type": "Bitmap Heap Scan", "Parent Relationship": "Inner", "Parallel Aware": false, "Relation Name": "supplier", "Alias": "supplier", "Startup Cost": 0.3, "Total Cost": 1.41, "Plan Rows": 1, "Plan Width": 144, "Recheck Cond": "(s_suppkey = partsupp.ps_suppkey)", "Plans": [{"Node Type": "Bitmap Index Scan", "Parent Relationship": "Outer", "Parallel Aware": false, "Index Name": "supplier_pkey", "Startup Cost": 0.0, "Total Cost": 0.3, "Plan Rows": 1, "Plan Width": 0, "Index Cond": "(s_suppkey = partsupp.ps_suppkey)"}]}]}, {"Node Type": "Bitmap Heap Scan", "Parent Relationship": "Inner", "Parallel Aware": false, "Relation Name": "nation", "Alias": "nation", "Startup Cost": 0.15, "Total Cost": 1.26, "Plan Rows": 1, "Plan Width": 34, "Recheck Cond": "(n_nationkey = supplier.s_nationkey)", "Plans": [{"Node Type": "Bitmap Index Scan", "Parent Relationship": "Outer", "Parallel Aware": false, "Index Name": "nation_pkey", "Startup Cost": 0.0, "Total Cost": 0.15, "Plan Rows": 1, "Plan Width": 0, "Index Cond": "(n_nationkey = supplier.s_nationkey)"}]}]}, {"Node Type": "Bitmap Heap Scan", "Parent Relationship": "Inner", "Parallel Aware": false, "Relation Name": "region", "Alias": "region", "Startup Cost": 0.23, "Total Cost": 1.34, "Plan Rows": 1, "Plan Width": 4, "Recheck Cond": "(r_regionkey = nation.n_regionkey)", "Filter": "(r_name = 'EUROPE'::bpchar)", "Plans": [{"Node Type": "Bitmap Index Scan", "Parent Relationship": "Outer", "Parallel Aware": false, "Index Name": "region_pkey", "Startup Cost": 0.0, "Total Cost": 0.23, "Plan Rows": 1, "Plan Width": 0, "Index Cond": "(r_regionkey = nation.n_regionkey)"}]}]}]}]}}, {"Plan": {"Node Type": "Limit", "Parallel Aware": false, "Startup Cost": 440404.39, "Total Cost": 440404.39, "Plan Rows": 1, "Plan Width": 192, "Plans": [{"Node Type": "Sort", "Parent Relationship": "Outer", "Parallel Aware": false, "Startup Cost": 440404.39, "Total Cost": 440404.39, "Plan Rows": 1, "Plan Width": 192, "Sort Key": ["supplier.s_acctbal DESC", "nation.n_name", "supplier.s_name", "part.p_partkey"], "Plans": [{"Node Type": "Hash Join", "Parent Relationship": "Outer", "Parallel Aware": false, "Join Type": "Inner", "Startup Cost": 171062.19, "Total Cost": 440404.38, "Plan Rows": 1, "Plan Width": 192, "Inner Unique": false, "Hash Cond": "((part.p_partkey = partsupp.ps_partkey) AND ((SubPlan 1) = partsupp.ps_supplycost))", "Plans": [{"Node Type": "Gather", "Parent Relationship": "Outer", "Parallel Aware": false, "Startup Cost": 1000.0, "Total Cost": 52442.52, "Plan Rows": 8031, "Plan Width": 30, "Workers Planned": 3, "Single Copy": false, "Plans": [{"Node Type": "Seq Scan", "Parent Relationship": "Outer", "Parallel Aware": true, "Relation Name": "part", "Alias": "part", "Startup Cost": 0.0, "Total Cost": 50639.42, "Plan Rows": 2591, "Plan Width": 30, "Filter": "(((p_type)::text ~~ '%NICKEL'::text) AND (p_size = 42))"}]}, {"Node Type": "Hash", "Parent Relationship": "Inner", "Parallel Aware": false, "Startup Cost": 107002.39, "Total Cost": 107002.39, "Plan Rows": 1599920, "Plan Width": 172, "Plans": [{"Node Type": "Nested Loop", "Parent Relationship": "Outer", "Parallel Aware": false, "Join Type": "Inner", "Startup Cost": 41.29, "Total Cost": 107002.39, "Plan Rows": 1599920, "Plan Width": 172, "Inner Unique": false, "Plans": [{"Node Type": "Nested Loop", "Parent Relationship": "Outer", "Parallel Aware": false, "Join Type": "Inner", "Startup Cost": 40.0, "Total Cost": 1133.19, "Plan Rows": 20000, "Plan Width": 166, "Inner Unique": false, "Plans": [{"Node Type": "Nested Loop", "Parent Relationship": "Outer", "Parallel Aware": false, "Join Type": "Inner", "Startup Cost": 0.0, "Total Cost": 2.62, "Plan Rows": 5, "Plan Width": 30, "Inner Unique": false, "Join Filter": "(nation.n_regionkey = region.r_regionkey)", "Plans": [{"Node Type": "Seq Scan", "Parent Relationship": "Outer", "Parallel Aware": false, "Relation Name": "region", "Alias": "region", "Startup Cost": 0.0, "Total Cost": 1.06, "Plan Rows": 1, "Plan Width": 4, "Filter": "(r_name = 'EUROPE'::bpchar)"}, {"Node Type": "Seq Scan", "Parent Relationship": "Inner", "Parallel Aware": false, "Relation Name": "nation", "Alias": "nation", "Startup Cost": 0.0, "Total Cost": 1.25, "Plan Rows": 25, "Plan Width": 34}]}, {"Node Type": "Bitmap Heap Scan", "Parent Relationship": "Inner", "Parallel Aware": false, "Relation Name": "supplier", "Alias": "supplier", "Startup Cost": 40.0, "Total Cost": 186.11, "Plan Rows": 4000, "Plan Width": 144, "Recheck Cond": "(s_nationkey = nation.n_nationkey)", "Plans": [{"Node Type": "Bitmap Index Scan", "Parent Relationship": "Outer", "Parallel Aware": false, "Index Name": "idx_supplier_nation_key", "Startup Cost": 0.0, "Total Cost": 39.0, "Plan Rows": 4000, "Plan Width": 0, "Index Cond": "(s_nationkey = nation.n_nationkey)"}]}]}, {"Node Type": "Bitmap Heap Scan", "Parent Relationship": "Inner", "Parallel Aware": false, "Relation Name": "partsupp", "Alias": "partsupp", "Startup Cost": 1.29, "Total Cost": 4.49, "Plan Rows": 80, "Plan Width": 14, "Recheck Cond": "(ps_suppkey = supplier.s_suppkey)", "Plans": [{"Node Type": "Bitmap Index Scan", "Parent Relationship": "Outer", "Parallel Aware": false, "Index Name": "idx_partsupp_suppkey", "Startup Cost": 0.0, "Total Cost": 1.27, "Plan Rows": 80, "Plan Width": 0, "Index Cond": "(ps_suppkey = supplier.s_suppkey)"}]}]}]}, {"Node Type": "Aggregate", "Strategy": "Plain", "Partial Mode": "Simple", "Parent Relationship": "SubPlan", "Subplan Name": "SubPlan 1", "Parallel Aware": false, "Startup Cost": 22.23, "Total Cost": 22.24, "Plan Rows": 1, "Plan Width": 32, "Plans": [{"Node Type": "Hash Join", "Parent Relationship": "Outer", "Parallel Aware": false, "Join Type": "Inner", "Startup Cost": 5.48, "Total Cost": 22.23, "Plan Rows": 1, "Plan Width": 6, "Inner Unique": false, "Hash Cond": "(supplier_1.s_nationkey = nation_1.n_nationkey)", "Plans": [{"Node Type": "Nested Loop", "Parent Relationship": "Outer", "Parallel Aware": false, "Join Type": "Inner", "Startup Cost": 2.97, "Total Cost": 19.69, "Plan Rows": 5, "Plan Width": 10, "Inner Unique": true, "Plans": [{"Node Type": "Bitmap Heap Scan", "Parent Relationship": "Outer", "Parallel Aware": false, "Relation Name": "partsupp", "Alias": "partsupp_1", "Startup Cost": 1.57, "Total Cost": 7.13, "Plan Rows": 5, "Plan Width": 10, "Recheck Cond": "(part.p_partkey = ps_partkey)", "Plans": [{"Node Type": "Bitmap Index Scan", "Parent Relationship": "Outer", "Parallel Aware": false, "Index Name": "idx_partsupp_partkey", "Startup Cost": 0.0, "Total Cost": 1.57, "Plan Rows": 5, "Plan Width": 0, "Index Cond": "(ps_partkey = part.p_partkey)"}]}, {"Node Type": "Bitmap Heap Scan", "Parent Relationship": "Inner", "Parallel Aware": false, "Relation Name": "supplier", "Alias": "supplier_1", "Startup Cost": 1.4, "Total Cost": 2.51, "Plan Rows": 1, "Plan Width": 8, "Recheck Cond": "(s_suppkey = partsupp_1.ps_suppkey)", "Plans": [{"Node Type": "Bitmap Index Scan", "Parent Relationship": "Outer", "Parallel Aware": false, "Index Name": "supplier_pkey", "Startup Cost": 0.0, "Total Cost": 1.4, "Plan Rows": 1, "Plan Width": 0, "Index Cond": "(s_suppkey = partsupp_1.ps_suppkey)"}]}]}, {"Node Type": "Hash", "Parent Relationship": "Inner", "Parallel Aware": false, "Startup Cost": 2.45, "Total Cost": 2.45, "Plan Rows": 5, "Plan Width": 4, "Plans": [{"Node Type": "Hash Join", "Parent Relationship": "Outer", "Parallel Aware": false, "Join Type": "Inner", "Startup Cost": 1.07, "Total Cost": 2.45, "Plan Rows": 5, "Plan Width": 4, "Inner Unique": true, "Hash Cond": "(nation_1.n_regionkey = region_1.r_regionkey)", "Plans": [{"Node Type": "Seq Scan", "Parent Relationship": "Outer", "Parallel Aware": false, "Relation Name": "nation", "Alias": "nation_1", "Startup Cost": 0.0, "Total Cost": 1.25, "Plan Rows": 25, "Plan Width": 8}, {"Node Type": "Hash", "Parent Relationship": "Inner", "Parallel Aware": false, "Startup Cost": 1.06, "Total Cost": 1.06, "Plan Rows": 1, "Plan Width": 4, "Plans": [{"Node Type": "Seq Scan", "Parent Relationship": "Outer", "Parallel Aware": false, "Relation Name": "region", "Alias": "region_1", "Startup Cost": 0.0, "Total Cost": 1.06, "Plan Rows": 1, "Plan Width": 4, "Filter": "(r_name = 'EUROPE'::bpchar)"}]}]}]}]}]}]}]}]}}, {"Plan": {"Node Type": "Limit", "Parallel Aware": false, "Startup Cost": 28491873.93, "Total Cost": 28491873.94, "Plan Rows": 1, "Plan Width": 192, "Plans": [{"Node Type": "Sort", "Parent Relationship": "Outer", "Parallel Aware": false, "Startup Cost": 28491873.93, "Total Cost": 28491873.94, "Plan Rows": 1, "Plan Width": 192, "Sort Key": ["supplier.s_acctbal DESC", "nation.n_name", "supplier.s_name", "part.p_partkey"], "Plans": [{"Node Type": "Hash Join", "Parent Relationship": "Outer", "Parallel Aware": false, "Join Type": "Inner", "Startup Cost": 367477.09, "Total Cost": 28491873.92, "Plan Rows": 1, "Plan Width": 192, "Inner Unique": false, "Hash Cond": "((part.p_partkey = partsupp.ps_partkey) AND ((SubPlan 1) = partsupp.ps_supplycost))", "Plans": [{"Node Type": "Seq Scan", "Parent Relationship": "Outer", "Parallel Aware": false, "Relation Name": "part", "Alias": "part", "Startup Cost": 0.0, "Total Cost": 70962.0, "Plan Rows": 8031, "Plan Width": 30, "Filter": "(((p_type)::text ~~ '%NICKEL'::text) AND (p_size = 42))"}, {"Node Type": "Hash", "Parent Relationship": "Inner", "Parallel Aware": false, "Startup Cost": 304417.29, "Total Cost": 304417.29, "Plan Rows": 1599920, "Plan Width": 172, "Plans": [{"Node Type": "Hash Join", "Parent Relationship": "Outer", "Parallel Aware": false, "Join Type": "Inner", "Startup Cost": 4043.51, "Total Cost": 304417.29, "Plan Rows": 1599920, "Plan Width": 172, "Inner Unique": false, "Hash Cond": "(partsupp.ps_suppkey = supplier.s_suppkey)", "Plans": [{"Node Type": "Seq Scan", "Parent Relationship": "Outer", "Parallel Aware": false, "Relation Name": "partsupp", "Alias": "partsupp", "Startup Cost": 0.0, "Total Cost": 254382.0, "Plan Rows": 7999600, "Plan Width": 14}, {"Node Type": "Hash", "Parent Relationship": "Inner", "Parallel Aware": false, "Startup Cost": 3793.51, "Total Cost": 3793.51, "Plan Rows": 20000, "Plan Width": 166, "Plans": [{"Node Type": "Hash Join", "Parent Relationship": "Outer", "Parallel Aware": false, "Join Type": "Inner", "Startup Cost": 2.51, "Total Cost": 3793.51, "Plan Rows": 20000, "Plan Width": 166, "Inner Unique": false, "Hash Cond": "(supplier.s_nationkey = nation.n_nationkey)", "Plans": [{"Node Type": "Seq Scan", "Parent Relationship": "Outer", "Parallel Aware": false, "Relation Name": "supplier", "Alias": "supplier", "Startup Cost": 0.0, "Total Cost": 3216.0, "Plan Rows": 100000, "Plan Width": 144}, {"Node Type": "Hash", "Parent Relationship": "Inner", "Parallel Aware": false, "Startup Cost": 2.45, "Total Cost": 2.45, "Plan Rows": 5, "Plan Width": 30, "Plans": [{"Node Type": "Hash Join", "Parent Relationship": "Outer", "Parallel Aware": false, "Join Type": "Inner", "Startup Cost": 1.07, "Total Cost": 2.45, "Plan Rows": 5, "Plan Width": 30, "Inner Unique": true, "Hash Cond": "(nation.n_regionkey = region.r_regionkey)", "Plans": [{"Node Type": "Seq Scan", "Parent Relationship": "Outer", "Parallel Aware": false, "Relation Name": "nation", "Alias": "nation", "Startup Cost": 0.0, "Total Cost": 1.25, "Plan Rows": 25, "Plan Width": 34}, {"Node Type": "Hash", "Parent Relationship": "Inner", "Parallel Aware": false, "Startup Cost": 1.06, "Total Cost": 1.06, "Plan Rows": 1, "Plan Width": 4, "Plans": [{"Node Type": "Seq Scan", "Parent Relationship": "Outer", "Parallel Aware": false, "Relation Name": "region", "Alias": "region", "Startup Cost": 0.0, "Total Cost": 1.06, "Plan Rows": 1, "Plan Width": 4, "Filter": "(r_name = 'EUROPE'::bpchar)"}]}]}]}]}]}]}]}, {"Node Type": "Aggregate", "Strategy": "Plain", "Partial Mode": "Simple", "Parent Relationship": "SubPlan", "Subplan Name": "SubPlan 1", "Parallel Aware": false, "Startup Cost": 3488.25, "Total Cost": 3488.26, "Plan Rows": 1, "Plan Width": 32, "Plans": [{"Node Type": "Hash Join", "Parent Relationship": "Outer", "Parallel Aware": false, "Join Type": "Inner", "Startup Cost": 9.7, "Total Cost": 3488.24, "Plan Rows": 1, "Plan Width": 6, "Inner Unique": false, "Hash Cond": "(supplier_1.s_nationkey = nation_1.n_nationkey)", "Plans": [{"Node Type": "Hash Join", "Parent Relationship": "Outer", "Parallel Aware": false, "Join Type": "Inner", "Startup Cost": 7.19, "Total Cost": 3485.71, "Plan Rows": 5, "Plan Width": 10, "Inner Unique": true, "Hash Cond": "(supplier_1.s_suppkey = partsupp_1.ps_suppkey)", "Plans": [{"Node Type": "Seq Scan", "Parent Relationship": "Outer", "Parallel Aware": false, "Relation Name": "supplier", "Alias": "supplier_1", "Startup Cost": 0.0, "Total Cost": 3216.0, "Plan Rows": 100000, "Plan Width": 8}, {"Node Type": "Hash", "Parent Relationship": "Inner", "Parallel Aware": false, "Startup Cost": 7.13, "Total Cost": 7.13, "Plan Rows": 5, "Plan Width": 10, "Plans": [{"Node Type": "Bitmap Heap Scan", "Parent Relationship": "Outer", "Parallel Aware": false, "Relation Name": "partsupp", "Alias": "partsupp_1", "Startup Cost": 1.57, "Total Cost": 7.13, "Plan Rows": 5, "Plan Width": 10, "Recheck Cond": "(part.p_partkey = ps_partkey)", "Plans": [{"Node Type": "Bitmap Index Scan", "Parent Relationship": "Outer", "Parallel Aware": false, "Index Name": "idx_partsupp_partkey", "Startup Cost": 0.0, "Total Cost": 1.57, "Plan Rows": 5, "Plan Width": 0, "Index Cond": "(ps_partkey = part.p_partkey)"}]}]}]}, {"Node Type": "Hash", "Parent Relationship": "Inner", "Parallel Aware": false, "Startup Cost": 2.45, "Total Cost": 2.45, "Plan Rows": 5, "Plan Width": 4, "Plans": [{"Node Type": "Hash Join", "Parent Relationship": "Outer", "Parallel Aware": false, "Join Type": "Inner", "Startup Cost": 1.07, "Total Cost": 2.45, "Plan Rows": 5, "Plan Width": 4, "Inner Unique": true, "Hash Cond": "(nation_1.n_regionkey = region_1.r_regionkey)", "Plans": [{"Node Type": "Seq Scan", "Parent Relationship": "Outer", "Parallel Aware": false, "Relation Name": "nation", "Alias": "nation_1", "Startup Cost": 0.0, "Total Cost": 1.25, "Plan Rows": 25, "Plan Width": 8}, {"Node Type": "Hash", "Parent Relationship": "Inner", "Parallel Aware": false, "Startup Cost": 1.06, "Total Cost": 1.06, "Plan Rows": 1, "Plan Width": 4, "Plans": [{"Node Type": "Seq Scan", "Parent Relationship": "Outer", "Parallel Aware": false, "Relation Name": "region", "Alias": "region_1", "Startup Cost": 0.0, "Total Cost": 1.06, "Plan Rows": 1, "Plan Width": 4, "Filter": "(r_name = 'EUROPE'::bpchar)"}]}]}]}]}]}]}]}]}}, {"Plan": {"Node Type": "Limit", "Parallel Aware": false, "Startup Cost": 10001460486.08, "Total Cost": 10001460486.09, "Plan Rows": 1, "Plan Width": 192, "Plans": [{"Node Type": "Sort", "Parent Relationship": "Outer", "Parallel Aware": false, "Startup Cost": 10001460486.08, "Total Cost": 10001460486.09, "Plan Rows": 1, "Plan Width": 192, "Sort Key": ["supplier.s_acctbal DESC", "nation.n_name", "supplier.s_name", "part.p_partkey"], "Plans": [{"Node Type": "Nested Loop", "Parent Relationship": "Outer", "Parallel Aware": false, "Join Type": "Inner", "Startup Cost": 10000000002.5, "Total Cost": 10001460486.07, "Plan Rows": 1, "Plan Width": 192, "Inner Unique": true, "Plans": [{"Node Type": "Nested Loop", "Parent Relationship": "Outer", "Parallel Aware": false, "Join Type": "Inner", "Startup Cost": 10000000002.27, "Total Cost": 10001460483.61, "Plan Rows": 1, "Plan Width": 196, "Inner Unique": true, "Plans": [{"Node Type": "Nested Loop", "Parent Relationship": "Outer", "Parallel Aware": false, "Join Type": "Inner", "Startup Cost": 10000000002.13, "Total Cost": 10001460482.27, "Plan Rows": 1, "Plan Width": 170, "Inner Unique": true, "Plans": [{"Node Type": "Nested Loop", "Parent Relationship": "Outer", "Parallel Aware": false, "Join Type": "Inner", "Startup Cost": 10000000001.83, "Total Cost": 10001460480.86, "Plan Rows": 1, "Plan Width": 34, "Inner Unique": false, "Plans": [{"Node Type": "Index Scan", "Parent Relationship": "Outer", "Parallel Aware": false, "Scan Direction": "Forward", "Index Name": "part_pkey", "Relation Name": "part", "Alias": "part", "Startup Cost": 10000000000.43, "Total Cost": 10000086998.23, "Plan Rows": 8031, "Plan Width": 30, "Filter": "(((p_type)::text ~~ '%NICKEL'::text) AND (p_size = 42))"}, {"Node Type": "Bitmap Heap Scan", "Parent Relationship": "Inner", "Parallel Aware": false, "Relation Name": "partsupp", "Alias": "partsupp", "Startup Cost": 1.4, "Total Cost": 171.01, "Plan Rows": 1, "Plan Width": 14, "Recheck Cond": "(ps_partkey = part.p_partkey)", "Filter": "((SubPlan 1) = ps_supplycost)", "Plans": [{"Node Type": "Bitmap Index Scan", "Parent Relationship": "Outer", "Parallel Aware": false, "Index Name": "partsupp_pkey", "Startup Cost": 0.0, "Total Cost": 1.4, "Plan Rows": 5, "Plan Width": 0, "Index Cond": "(ps_partkey = part.p_partkey)"}, {"Node Type": "Aggregate", "Strategy": "Plain", "Partial Mode": "Simple", "Parent Relationship": "SubPlan", "Subplan Name": "SubPlan 1", "Parallel Aware": false, "Startup Cost": 32.8, "Total Cost": 32.81, "Plan Rows": 1, "Plan Width": 32, "Plans": [{"Node Type": "Nested Loop", "Parent Relationship": "Outer", "Parallel Aware": false, "Join Type": "Inner", "Startup Cost": 3.35, "Total Cost": 32.8, "Plan Rows": 1, "Plan Width": 6, "Inner Unique": true, "Plans": [{"Node Type": "Nested Loop", "Parent Relationship": "Outer", "Parallel Aware": false, "Join Type": "Inner", "Startup Cost": 3.12, "Total Cost": 26.07, "Plan Rows": 5, "Plan Width": 10, "Inner Unique": true, "Plans": [{"Node Type": "Nested Loop", "Parent Relationship": "Outer", "Parallel Aware": false, "Join Type": "Inner", "Startup Cost": 2.97, "Total Cost": 19.69, "Plan Rows": 5, "Plan Width": 10, "Inner Unique": true, "Plans": [{"Node Type": "Bitmap Heap Scan", "Parent Relationship": "Outer", "Parallel Aware": false, "Relation Name": "partsupp", "Alias": "partsupp_1", "Startup Cost": 1.57, "Total Cost": 7.13, "Plan Rows": 5, "Plan Width": 10, "Recheck Cond": "(part.p_partkey = ps_partkey)", "Plans": [{"Node Type": "Bitmap Index Scan", "Parent Relationship": "Outer", "Parallel Aware": false, "Index Name": "idx_partsupp_partkey", "Startup Cost": 0.0, "Total Cost": 1.57, "Plan Rows": 5, "Plan Width": 0, "Index Cond": "(ps_partkey = part.p_partkey)"}]}, {"Node Type": "Bitmap Heap Scan", "Parent Relationship": "Inner", "Parallel Aware": false, "Relation Name": "supplier", "Alias": "supplier_1", "Startup Cost": 1.4, "Total Cost": 2.51, "Plan Rows": 1, "Plan Width": 8, "Recheck Cond": "(s_suppkey = partsupp_1.ps_suppkey)", "Plans": [{"Node Type": "Bitmap Index Scan", "Parent Relationship": "Outer", "Parallel Aware": false, "Index Name": "supplier_pkey", "Startup Cost": 0.0, "Total Cost": 1.4, "Plan Rows": 1, "Plan Width": 0, "Index Cond": "(s_suppkey = partsupp_1.ps_suppkey)"}]}]}, {"Node Type": "Bitmap Heap Scan", "Parent Relationship": "Inner", "Parallel Aware": false, "Relation Name": "nation", "Alias": "nation_1", "Startup Cost": 0.15, "Total Cost": 1.26, "Plan Rows": 1, "Plan Width": 8, "Recheck Cond": "(n_nationkey = supplier_1.s_nationkey)", "Plans": [{"Node Type": "Bitmap Index Scan", "Parent Relationship": "Outer", "Parallel Aware": false, "Index Name": "nation_pkey", "Startup Cost": 0.0, "Total Cost": 0.15, "Plan Rows": 1, "Plan Width": 0, "Index Cond": "(n_nationkey = supplier_1.s_nationkey)"}]}]}, {"Node Type": "Bitmap Heap Scan", "Parent Relationship": "Inner", "Parallel Aware": false, "Relation Name": "region", "Alias": "region_1", "Startup Cost": 0.23, "Total Cost": 1.34, "Plan Rows": 1, "Plan Width": 4, "Recheck Cond": "(r_regionkey = nation_1.n_regionkey)", "Filter": "(r_name = 'EUROPE'::bpchar)", "Plans": [{"Node Type": "Bitmap Index Scan", "Parent Relationship": "Outer", "Parallel Aware": false, "Index Name": "region_pkey", "Startup Cost": 0.0, "Total Cost": 0.23, "Plan Rows": 1, "Plan Width": 0, "Index Cond": "(r_regionkey = nation_1.n_regionkey)"}]}]}]}]}]}, {"Node Type": "Bitmap Heap Scan", "Parent Relationship": "Inner", "Parallel Aware": false, "Relation Name": "supplier", "Alias": "supplier", "Startup Cost": 0.3, "Total Cost": 1.41, "Plan Rows": 1, "Plan Width": 144, "Recheck Cond": "(s_suppkey = partsupp.ps_suppkey)", "Plans": [{"Node Type": "Bitmap Index Scan", "Parent Relationship": "Outer", "Parallel Aware": false, "Index Name": "supplier_pkey", "Startup Cost": 0.0, "Total Cost": 0.3, "Plan Rows": 1, "Plan Width": 0, "Index Cond": "(s_suppkey = partsupp.ps_suppkey)"}]}]}, {"Node Type": "Bitmap Heap Scan", "Parent Relationship": "Inner", "Parallel Aware": false, "Relation Name": "nation", "Alias": "nation", "Startup Cost": 0.15, "Total Cost": 1.26, "Plan Rows": 1, "Plan Width": 34, "Recheck Cond": "(n_nationkey = supplier.s_nationkey)", "Plans": [{"Node Type": "Bitmap Index Scan", "Parent Relationship": "Outer", "Parallel Aware": false, "Index Name": "nation_pkey", "Startup Cost": 0.0, "Total Cost": 0.15, "Plan Rows": 1, "Plan Width": 0, "Index Cond": "(n_nationkey = supplier.s_nationkey)"}]}]}, {"Node Type": "Bitmap Heap Scan", "Parent Relationship": "Inner", "Parallel Aware": false, "Relation Name": "region", "Alias": "region", "Startup Cost": 0.23, "Total Cost": 1.34, "Plan Rows": 1, "Plan Width": 4, "Recheck Cond": "(r_regionkey = nation.n_regionkey)", "Filter": "(r_name = 'EUROPE'::bpchar)", "Plans": [{"Node Type": "Bitmap Index Scan", "Parent Relationship": "Outer", "Parallel Aware": false, "Index Name": "region_pkey", "Startup Cost": 0.0, "Total Cost": 0.23, "Plan Rows": 1, "Plan Width": 0, "Index Cond": "(r_regionkey = nation.n_regionkey)"}]}]}]}]}}, {"Plan": {"Node Type": "Limit", "Parallel Aware": false, "Startup Cost": 440404.39, "Total Cost": 440404.39, "Plan Rows": 1, "Plan Width": 192, "Plans": [{"Node Type": "Sort", "Parent Relationship": "Outer", "Parallel Aware": false, "Startup Cost": 440404.39, "Total Cost": 440404.39, "Plan Rows": 1, "Plan Width": 192, "Sort Key": ["supplier.s_acctbal DESC", "nation.n_name", "supplier.s_name", "part.p_partkey"], "Plans": [{"Node Type": "Hash Join", "Parent Relationship": "Outer", "Parallel Aware": false, "Join Type": "Inner", "Startup Cost": 171062.19, "Total Cost": 440404.38, "Plan Rows": 1, "Plan Width": 192, "Inner Unique": false, "Hash Cond": "((part.p_partkey = partsupp.ps_partkey) AND ((SubPlan 1) = partsupp.ps_supplycost))", "Plans": [{"Node Type": "Gather", "Parent Relationship": "Outer", "Parallel Aware": false, "Startup Cost": 1000.0, "Total Cost": 52442.52, "Plan Rows": 8031, "Plan Width": 30, "Workers Planned": 3, "Single Copy": false, "Plans": [{"Node Type": "Seq Scan", "Parent Relationship": "Outer", "Parallel Aware": true, "Relation Name": "part", "Alias": "part", "Startup Cost": 0.0, "Total Cost": 50639.42, "Plan Rows": 2591, "Plan Width": 30, "Filter": "(((p_type)::text ~~ '%NICKEL'::text) AND (p_size = 42))"}]}, {"Node Type": "Hash", "Parent Relationship": "Inner", "Parallel Aware": false, "Startup Cost": 107002.39, "Total Cost": 107002.39, "Plan Rows": 1599920, "Plan Width": 172, "Plans": [{"Node Type": "Nested Loop", "Parent Relationship": "Outer", "Parallel Aware": false, "Join Type": "Inner", "Startup Cost": 41.29, "Total Cost": 107002.39, "Plan Rows": 1599920, "Plan Width": 172, "Inner Unique": false, "Plans": [{"Node Type": "Nested Loop", "Parent Relationship": "Outer", "Parallel Aware": false, "Join Type": "Inner", "Startup Cost": 40.0, "Total Cost": 1133.19, "Plan Rows": 20000, "Plan Width": 166, "Inner Unique": false, "Plans": [{"Node Type": "Nested Loop", "Parent Relationship": "Outer", "Parallel Aware": false, "Join Type": "Inner", "Startup Cost": 0.0, "Total Cost": 2.62, "Plan Rows": 5, "Plan Width": 30, "Inner Unique": false, "Join Filter": "(nation.n_regionkey = region.r_regionkey)", "Plans": [{"Node Type": "Seq Scan", "Parent Relationship": "Outer", "Parallel Aware": false, "Relation Name": "region", "Alias": "region", "Startup Cost": 0.0, "Total Cost": 1.06, "Plan Rows": 1, "Plan Width": 4, "Filter": "(r_name = 'EUROPE'::bpchar)"}, {"Node Type": "Seq Scan", "Parent Relationship": "Inner", "Parallel Aware": false, "Relation Name": "nation", "Alias": "nation", "Startup Cost": 0.0, "Total Cost": 1.25, "Plan Rows": 25, "Plan Width": 34}]}, {"Node Type": "Bitmap Heap Scan", "Parent Relationship": "Inner", "Parallel Aware": false, "Relation Name": "supplier", "Alias": "supplier", "Startup Cost": 40.0, "Total Cost": 186.11, "Plan Rows": 4000, "Plan Width": 144, "Recheck Cond": "(s_nationkey = nation.n_nationkey)", "Plans": [{"Node Type": "Bitmap Index Scan", "Parent Relationship": "Outer", "Parallel Aware": false, "Index Name": "idx_supplier_nation_key", "Startup Cost": 0.0, "Total Cost": 39.0, "Plan Rows": 4000, "Plan Width": 0, "Index Cond": "(s_nationkey = nation.n_nationkey)"}]}]}, {"Node Type": "Bitmap Heap Scan", "Parent Relationship": "Inner", "Parallel Aware": false, "Relation Name": "partsupp", "Alias": "partsupp", "Startup Cost": 1.29, "Total Cost": 4.49, "Plan Rows": 80, "Plan Width": 14, "Recheck Cond": "(ps_suppkey = supplier.s_suppkey)", "Plans": [{"Node Type": "Bitmap Index Scan", "Parent Relationship": "Outer", "Parallel Aware": false, "Index Name": "idx_partsupp_suppkey", "Startup Cost": 0.0, "Total Cost": 1.27, "Plan Rows": 80, "Plan Width": 0, "Index Cond": "(ps_suppkey = supplier.s_suppkey)"}]}]}]}, {"Node Type": "Aggregate", "Strategy": "Plain", "Partial Mode": "Simple", "Parent Relationship": "SubPlan", "Subplan Name": "SubPlan 1", "Parallel Aware": false, "Startup Cost": 22.23, "Total Cost": 22.24, "Plan Rows": 1, "Plan Width": 32, "Plans": [{"Node Type": "Hash Join", "Parent Relationship": "Outer", "Parallel Aware": false, "Join Type": "Inner", "Startup Cost": 5.48, "Total Cost": 22.23, "Plan Rows": 1, "Plan Width": 6, "Inner Unique": false, "Hash Cond": "(supplier_1.s_nationkey = nation_1.n_nationkey)", "Plans": [{"Node Type": "Nested Loop", "Parent Relationship": "Outer", "Parallel Aware": false, "Join Type": "Inner", "Startup Cost": 2.97, "Total Cost": 19.69, "Plan Rows": 5, "Plan Width": 10, "Inner Unique": true, "Plans": [{"Node Type": "Bitmap Heap Scan", "Parent Relationship": "Outer", "Parallel Aware": false, "Relation Name": "partsupp", "Alias": "partsupp_1", "Startup Cost": 1.57, "Total Cost": 7.13, "Plan Rows": 5, "Plan Width": 10, "Recheck Cond": "(part.p_partkey = ps_partkey)", "Plans": [{"Node Type": "Bitmap Index Scan", "Parent Relationship": "Outer", "Parallel Aware": false, "Index Name": "idx_partsupp_partkey", "Startup Cost": 0.0, "Total Cost": 1.57, "Plan Rows": 5, "Plan Width": 0, "Index Cond": "(ps_partkey = part.p_partkey)"}]}, {"Node Type": "Bitmap Heap Scan", "Parent Relationship": "Inner", "Parallel Aware": false, "Relation Name": "supplier", "Alias": "supplier_1", "Startup Cost": 1.4, "Total Cost": 2.51, "Plan Rows": 1, "Plan Width": 8, "Recheck Cond": "(s_suppkey = partsupp_1.ps_suppkey)", "Plans": [{"Node Type": "Bitmap Index Scan", "Parent Relationship": "Outer", "Parallel Aware": false, "Index Name": "supplier_pkey", "Startup Cost": 0.0, "Total Cost": 1.4, "Plan Rows": 1, "Plan Width": 0, "Index Cond": "(s_suppkey = partsupp_1.ps_suppkey)"}]}]}, {"Node Type": "Hash", "Parent Relationship": "Inner", "Parallel Aware": false, "Startup Cost": 2.45, "Total Cost": 2.45, "Plan Rows": 5, "Plan Width": 4, "Plans": [{"Node Type": "Hash Join", "Parent Relationship": "Outer", "Parallel Aware": false, "Join Type": "Inner", "Startup Cost": 1.07, "Total Cost": 2.45, "Plan Rows": 5, "Plan Width": 4, "Inner Unique": true, "Hash Cond": "(nation_1.n_regionkey = region_1.r_regionkey)", "Plans": [{"Node Type": "Seq Scan", "Parent Relationship": "Outer", "Parallel Aware": false, "Relation Name": "nation", "Alias": "nation_1", "Startup Cost": 0.0, "Total Cost": 1.25, "Plan Rows": 25, "Plan Width": 8}, {"Node Type": "Hash", "Parent Relationship": "Inner", "Parallel Aware": false, "Startup Cost": 1.06, "Total Cost": 1.06, "Plan Rows": 1, "Plan Width": 4, "Plans": [{"Node Type": "Seq Scan", "Parent Relationship": "Outer", "Parallel Aware": false, "Relation Name": "region", "Alias": "region_1", "Startup Cost": 0.0, "Total Cost": 1.06, "Plan Rows": 1, "Plan Width": 4, "Filter": "(r_name = 'EUROPE'::bpchar)"}]}]}]}]}]}]}]}]}}, {"Plan": {"Node Type": "Limit", "Parallel Aware": false, "Startup Cost": 28491873.93, "Total Cost": 28491873.94, "Plan Rows": 1, "Plan Width": 192, "Plans": [{"Node Type": "Sort", "Parent Relationship": "Outer", "Parallel Aware": false, "Startup Cost": 28491873.93, "Total Cost": 28491873.94, "Plan Rows": 1, "Plan Width": 192, "Sort Key": ["supplier.s_acctbal DESC", "nation.n_name", "supplier.s_name", "part.p_partkey"], "Plans": [{"Node Type": "Hash Join", "Parent Relationship": "Outer", "Parallel Aware": false, "Join Type": "Inner", "Startup Cost": 367477.09, "Total Cost": 28491873.92, "Plan Rows": 1, "Plan Width": 192, "Inner Unique": false, "Hash Cond": "((part.p_partkey = partsupp.ps_partkey) AND ((SubPlan 1) = partsupp.ps_supplycost))", "Plans": [{"Node Type": "Seq Scan", "Parent Relationship": "Outer", "Parallel Aware": false, "Relation Name": "part", "Alias": "part", "Startup Cost": 0.0, "Total Cost": 70962.0, "Plan Rows": 8031, "Plan Width": 30, "Filter": "(((p_type)::text ~~ '%NICKEL'::text) AND (p_size = 42))"}, {"Node Type": "Hash", "Parent Relationship": "Inner", "Parallel Aware": false, "Startup Cost": 304417.29, "Total Cost": 304417.29, "Plan Rows": 1599920, "Plan Width": 172, "Plans": [{"Node Type": "Hash Join", "Parent Relationship": "Outer", "Parallel Aware": false, "Join Type": "Inner", "Startup Cost": 4043.51, "Total Cost": 304417.29, "Plan Rows": 1599920, "Plan Width": 172, "Inner Unique": false, "Hash Cond": "(partsupp.ps_suppkey = supplier.s_suppkey)", "Plans": [{"Node Type": "Seq Scan", "Parent Relationship": "Outer", "Parallel Aware": false, "Relation Name": "partsupp", "Alias": "partsupp", "Startup Cost": 0.0, "Total Cost": 254382.0, "Plan Rows": 7999600, "Plan Width": 14}, {"Node Type": "Hash", "Parent Relationship": "Inner", "Parallel Aware": false, "Startup Cost": 3793.51, "Total Cost": 3793.51, "Plan Rows": 20000, "Plan Width": 166, "Plans": [{"Node Type": "Hash Join", "Parent Relationship": "Outer", "Parallel Aware": false, "Join Type": "Inner", "Startup Cost": 2.51, "Total Cost": 3793.51, "Plan Rows": 20000, "Plan Width": 166, "Inner Unique": false, "Hash Cond": "(supplier.s_nationkey = nation.n_nationkey)", "Plans": [{"Node Type": "Seq Scan", "Parent Relationship": "Outer", "Parallel Aware": false, "Relation Name": "supplier", "Alias": "supplier", "Startup Cost": 0.0, "Total Cost": 3216.0, "Plan Rows": 100000, "Plan Width": 144}, {"Node Type": "Hash", "Parent Relationship": "Inner", "Parallel Aware": false, "Startup Cost": 2.45, "Total Cost": 2.45, "Plan Rows": 5, "Plan Width": 30, "Plans": [{"Node Type": "Hash Join", "Parent Relationship": "Outer", "Parallel Aware": false, "Join Type": "Inner", "Startup Cost": 1.07, "Total Cost": 2.45, "Plan Rows": 5, "Plan Width": 30, "Inner Unique": true, "Hash Cond": "(nation.n_regionkey = region.r_regionkey)", "Plans": [{"Node Type": "Seq Scan", "Parent Relationship": "Outer", "Parallel Aware": false, "Relation Name": "nation", "Alias": "nation", "Startup Cost": 0.0, "Total Cost": 1.25, "Plan Rows": 25, "Plan Width": 34}, {"Node Type": "Hash", "Parent Relationship": "Inner", "Parallel Aware": false, "Startup Cost": 1.06, "Total Cost": 1.06, "Plan Rows": 1, "Plan Width": 4, "Plans": [{"Node Type": "Seq Scan", "Parent Relationship": "Outer", "Parallel Aware": false, "Relation Name": "region", "Alias": "region", "Startup Cost": 0.0, "Total Cost": 1.06, "Plan Rows": 1, "Plan Width": 4, "Filter": "(r_name = 'EUROPE'::bpchar)"}]}]}]}]}]}]}]}, {"Node Type": "Aggregate", "Strategy": "Plain", "Partial Mode": "Simple", "Parent Relationship": "SubPlan", "Subplan Name": "SubPlan 1", "Parallel Aware": false, "Startup Cost": 3488.25, "Total Cost": 3488.26, "Plan Rows": 1, "Plan Width": 32, "Plans": [{"Node Type": "Hash Join", "Parent Relationship": "Outer", "Parallel Aware": false, "Join Type": "Inner", "Startup Cost": 9.7, "Total Cost": 3488.24, "Plan Rows": 1, "Plan Width": 6, "Inner Unique": false, "Hash Cond": "(supplier_1.s_nationkey = nation_1.n_nationkey)", "Plans": [{"Node Type": "Hash Join", "Parent Relationship": "Outer", "Parallel Aware": false, "Join Type": "Inner", "Startup Cost": 7.19, "Total Cost": 3485.71, "Plan Rows": 5, "Plan Width": 10, "Inner Unique": true, "Hash Cond": "(supplier_1.s_suppkey = partsupp_1.ps_suppkey)", "Plans": [{"Node Type": "Seq Scan", "Parent Relationship": "Outer", "Parallel Aware": false, "Relation Name": "supplier", "Alias": "supplier_1", "Startup Cost": 0.0, "Total Cost": 3216.0, "Plan Rows": 100000, "Plan Width": 8}, {"Node Type": "Hash", "Parent Relationship": "Inner", "Parallel Aware": false, "Startup Cost": 7.13, "Total Cost": 7.13, "Plan Rows": 5, "Plan Width": 10, "Plans": [{"Node Type": "Bitmap Heap Scan", "Parent Relationship": "Outer", "Parallel Aware": false, "Relation Name": "partsupp", "Alias": "partsupp_1", "Startup Cost": 1.57, "Total Cost": 7.13, "Plan Rows": 5, "Plan Width": 10, "Recheck Cond": "(part.p_partkey = ps_partkey)", "Plans": [{"Node Type": "Bitmap Index Scan", "Parent Relationship": "Outer", "Parallel Aware": false, "Index Name": "idx_partsupp_partkey", "Startup Cost": 0.0, "Total Cost": 1.57, "Plan Rows": 5, "Plan Width": 0, "Index Cond": "(ps_partkey = part.p_partkey)"}]}]}]}, {"Node Type": "Hash", "Parent Relationship": "Inner", "Parallel Aware": false, "Startup Cost": 2.45, "Total Cost": 2.45, "Plan Rows": 5, "Plan Width": 4, "Plans": [{"Node Type": "Hash Join", "Parent Relationship": "Outer", "Parallel Aware": false, "Join Type": "Inner", "Startup Cost": 1.07, "Total Cost": 2.45, "Plan Rows": 5, "Plan Width": 4, "Inner Unique": true, "Hash Cond": "(nation_1.n_regionkey = region_1.r_regionkey)", "Plans": [{"Node Type": "Seq Scan", "Parent Relationship": "Outer", "Parallel Aware": false, "Relation Name": "nation", "Alias": "nation_1", "Startup Cost": 0.0, "Total Cost": 1.25, "Plan Rows": 25, "Plan Width": 8}, {"Node Type": "Hash", "Parent Relationship": "Inner", "Parallel Aware": false, "Startup Cost": 1.06, "Total Cost": 1.06, "Plan Rows": 1, "Plan Width": 4, "Plans": [{"Node Type": "Seq Scan", "Parent Relationship": "Outer", "Parallel Aware": false, "Relation Name": "region", "Alias": "region_1", "Startup Cost": 0.0, "Total Cost": 1.06, "Plan Rows": 1, "Plan Width": 4, "Filter": "(r_name = 'EUROPE'::bpchar)"}]}]}]}]}]}]}]}]}}, {"Plan": {"Node Type": "Limit", "Parallel Aware": false, "Startup Cost": 35035466.41, "Total Cost": 35035466.41, "Plan Rows": 1, "Plan Width": 192, "Plans": [{"Node Type": "Sort", "Parent Relationship": "Outer", "Parallel Aware": false, "Startup Cost": 35035466.41, "Total Cost": 35035466.41, "Plan Rows": 1, "Plan Width": 192, "Sort Key": ["supplier.s_acctbal DESC", "nation.n_name", "supplier.s_name", "part.p_partkey"], "Plans": [{"Node Type": "Hash Join", "Parent Relationship": "Outer", "Parallel Aware": false, "Join Type": "Inner", "Startup Cost": 432433.47, "Total Cost": 35035466.4, "Plan Rows": 1, "Plan Width": 192, "Inner Unique": false, "Hash Cond": "((part.p_partkey = partsupp.ps_partkey) AND ((SubPlan 1) = partsupp.ps_supplycost))", "Plans": [{"Node Type": "Index Scan", "Parent Relationship": "Outer", "Parallel Aware": false, "Scan Direction": "Forward", "Index Name": "part_pkey", "Relation Name": "part", "Alias": "part", "Startup Cost": 0.43, "Total Cost": 86998.23, "Plan Rows": 8031, "Plan Width": 30, "Filter": "(((p_type)::text ~~ '%NICKEL'::text) AND (p_size = 42))"}, {"Node Type": "Hash", "Parent Relationship": "Inner", "Parallel Aware": false, "Startup Cost": 369373.24, "Total Cost": 369373.24, "Plan Rows": 1599920, "Plan Width": 172, "Plans": [{"Node Type": "Hash Join", "Parent Relationship": "Outer", "Parallel Aware": false, "Join Type": "Inner", "Startup Cost": 4853.06, "Total Cost": 369373.24, "Plan Rows": 1599920, "Plan Width": 172, "Inner Unique": false, "Hash Cond": "(partsupp.ps_suppkey = supplier.s_suppkey)", "Plans": [{"Node Type": "Index Scan", "Parent Relationship": "Outer", "Parallel Aware": false, "Scan Direction": "Forward", "Index Name": "idx_partsupp_partkey", "Relation Name": "partsupp", "Alias": "partsupp", "Startup Cost": 0.43, "Total Cost": 318528.84, "Plan Rows": 7999600, "Plan Width": 14}, {"Node Type": "Hash", "Parent Relationship": "Inner", "Parallel Aware": false, "Startup Cost": 4602.63, "Total Cost": 4602.63, "Plan Rows": 20000, "Plan Width": 166, "Plans": [{"Node Type": "Hash Join", "Parent Relationship": "Outer", "Parallel Aware": false, "Join Type": "Inner", "Startup Cost": 7.82, "Total Cost": 4602.63, "Plan Rows": 20000, "Plan Width": 166, "Inner Unique": false, "Hash Cond": "(supplier.s_nationkey = nation.n_nationkey)", "Plans": [{"Node Type": "Index Scan", "Parent Relationship": "Outer", "Parallel Aware": false, "Scan Direction": "Forward", "Index Name": "supplier_pkey", "Relation Name": "supplier", "Alias": "supplier", "Startup Cost": 0.29, "Total Cost": 4020.1, "Plan Rows": 100000, "Plan Width": 144}, {"Node Type": "Hash", "Parent Relationship": "Inner", "Parallel Aware": false, "Startup Cost": 7.47, "Total Cost": 7.47, "Plan Rows": 5, "Plan Width": 30, "Plans": [{"Node Type": "Hash Join", "Parent Relationship": "Outer", "Parallel Aware": false, "Join Type": "Inner", "Startup Cost": 3.67, "Total Cost": 7.47, "Plan Rows": 5, "Plan Width": 30, "Inner Unique": true, "Hash Cond": "(nation.n_regionkey = region.r_regionkey)", "Plans": [{"Node Type": "Index Scan", "Parent Relationship": "Outer", "Parallel Aware": false, "Scan Direction": "Forward", "Index Name": "idx_nation_regionkey", "Relation Name": "nation", "Alias": "nation", "Startup Cost": 0.14, "Total Cost": 3.81, "Plan Rows": 25, "Plan Width": 34}, {"Node Type": "Hash", "Parent Relationship": "Inner", "Parallel Aware": false, "Startup Cost": 3.52, "Total Cost": 3.52, "Plan Rows": 1, "Plan Width": 4, "Plans": [{"Node Type": "Index Scan", "Parent Relationship": "Outer", "Parallel Aware": false, "Scan Direction": "Forward", "Index Name": "region_pkey", "Relation Name": "region", "Alias": "region", "Startup Cost": 0.13, "Total Cost": 3.52, "Plan Rows": 1, "Plan Width": 4, "Filter": "(r_name = 'EUROPE'::bpchar)"}]}]}]}]}]}]}]}, {"Node Type": "Aggregate", "Strategy": "Plain", "Partial Mode": "Simple", "Parent Relationship": "SubPlan", "Subplan Name": "SubPlan 1", "Parallel Aware": false, "Startup Cost": 4292.95, "Total Cost": 4292.96, "Plan Rows": 1, "Plan Width": 32, "Plans": [{"Node Type": "Hash Join", "Parent Relationship": "Outer", "Parallel Aware": false, "Join Type": "Inner", "Startup Cost": 10.6, "Total Cost": 4292.95, "Plan Rows": 1, "Plan Width": 6, "Inner Unique": false, "Hash Cond": "(supplier_1.s_nationkey = nation_1.n_nationkey)", "Plans": [{"Node Type": "Hash Join", "Parent Relationship": "Outer", "Parallel Aware": false, "Join Type": "Inner", "Startup Cost": 3.08, "Total Cost": 4285.39, "Plan Rows": 5, "Plan Width": 10, "Inner Unique": true, "Hash Cond": "(supplier_1.s_suppkey = partsupp_1.ps_suppkey)", "Plans": [{"Node Type": "Index Scan", "Parent Relationship": "Outer", "Parallel Aware": false, "Scan Direction": "Forward", "Index Name": "supplier_pkey", "Relation Name": "supplier", "Alias": "supplier_1", "Startup Cost": 0.29, "Total Cost": 4020.1, "Plan Rows": 100000, "Plan Width": 8}, {"Node Type": "Hash", "Parent Relationship": "Inner", "Parallel Aware": false, "Startup Cost": 2.72, "Total Cost": 2.72, "Plan Rows": 5, "Plan Width": 10, "Plans": [{"Node Type": "Index Scan", "Parent Relationship": "Outer", "Parallel Aware": false, "Scan Direction": "Forward", "Index Name": "idx_partsupp_partkey", "Relation Name": "partsupp", "Alias": "partsupp_1", "Startup Cost": 0.43, "Total Cost": 2.72, "Plan Rows": 5, "Plan Width": 10, "Index Cond": "(ps_partkey = part.p_partkey)"}]}]}, {"Node Type": "Hash", "Parent Relationship": "Inner", "Parallel Aware": false, "Startup Cost": 7.47, "Total Cost": 7.47, "Plan Rows": 5, "Plan Width": 4, "Plans": [{"Node Type": "Hash Join", "Parent Relationship": "Outer", "Parallel Aware": false, "Join Type": "Inner", "Startup Cost": 3.67, "Total Cost": 7.47, "Plan Rows": 5, "Plan Width": 4, "Inner Unique": true, "Hash Cond": "(nation_1.n_regionkey = region_1.r_regionkey)", "Plans": [{"Node Type": "Index Scan", "Parent Relationship": "Outer", "Parallel Aware": false, "Scan Direction": "Forward", "Index Name": "idx_nation_regionkey", "Relation Name": "nation", "Alias": "nation_1", "Startup Cost": 0.14, "Total Cost": 3.81, "Plan Rows": 25, "Plan Width": 8}, {"Node Type": "Hash", "Parent Relationship": "Inner", "Parallel Aware": false, "Startup Cost": 3.52, "Total Cost": 3.52, "Plan Rows": 1, "Plan Width": 4, "Plans": [{"Node Type": "Index Scan", "Parent Relationship": "Outer", "Parallel Aware": false, "Scan Direction": "Forward", "Index Name": "region_pkey", "Relation Name": "region", "Alias": "region_1", "Startup Cost": 0.13, "Total Cost": 3.52, "Plan Rows": 1, "Plan Width": 4, "Filter": "(r_name = 'EUROPE'::bpchar)"}]}]}]}]}]}]}]}]}}, {"Plan": {"Node Type": "Limit", "Parallel Aware": false, "Startup Cost": 28204894.59, "Total Cost": 28204894.6, "Plan Rows": 1, "Plan Width": 192, "Plans": [{"Node Type": "Sort", "Parent Relationship": "Outer", "Parallel Aware": false, "Startup Cost": 28204894.59, "Total Cost": 28204894.6, "Plan Rows": 1, "Plan Width": 192, "Sort Key": ["supplier.s_acctbal DESC", "nation.n_name", "supplier.s_name", "part.p_partkey"], "Plans": [{"Node Type": "Merge Join", "Parent Relationship": "Outer", "Parallel Aware": false, "Join Type": "Inner", "Startup Cost": 615317.11, "Total Cost": 28204894.58, "Plan Rows": 1, "Plan Width": 192, "Inner Unique": false, "Merge Cond": "(part.p_partkey = partsupp.ps_partkey)", "Join Filter": "(partsupp.ps_supplycost = (SubPlan 1))", "Plans": [{"Node Type": "Gather Merge", "Parent Relationship": "Outer", "Parallel Aware": false, "Startup Cost": 1000.47, "Total Cost": 68619.33, "Plan Rows": 8031, "Plan Width": 30, "Workers Planned": 3, "Plans": [{"Node Type": "Index Scan", "Parent Relationship": "Outer", "Parallel Aware": true, "Scan Direction": "Forward", "Index Name": "part_pkey", "Relation Name": "part", "Alias": "part", "Startup Cost": 0.43, "Total Cost": 66675.65, "Plan Rows": 2591, "Plan Width": 30, "Filter": "(((p_type)::text ~~ '%NICKEL'::text) AND (p_size = 42))"}]}, {"Node Type": "Materialize", "Parent Relationship": "Inner", "Parallel Aware": false, "Startup Cost": 614316.58, "Total Cost": 622316.18, "Plan Rows": 1599920, "Plan Width": 172, "Plans": [{"Node Type": "Sort", "Parent Relationship": "Outer", "Parallel Aware": false, "Startup Cost": 614316.58, "Total Cost": 618316.38, "Plan Rows": 1599920, "Plan Width": 172, "Sort Key": ["partsupp.ps_partkey"], "Plans": [{"Node Type": "Hash Join", "Parent Relationship": "Outer", "Parallel Aware": false, "Join Type": "Inner", "Startup Cost": 4853.04, "Total Cost": 369373.22, "Plan Rows": 1599920, "Plan Width": 172, "Inner Unique": false, "Hash Cond": "(partsupp.ps_suppkey = supplier.s_suppkey)", "Plans": [{"Node Type": "Index Scan", "Parent Relationship": "Outer", "Parallel Aware": false, "Scan Direction": "Forward", "Index Name": "idx_partsupp_partkey", "Relation Name": "partsupp", "Alias": "partsupp", "Startup Cost": 0.43, "Total Cost": 318528.84, "Plan Rows": 7999600, "Plan Width": 14}, {"Node Type": "Hash", "Parent Relationship": "Inner", "Parallel Aware": false, "Startup Cost": 4602.61, "Total Cost": 4602.61, "Plan Rows": 20000, "Plan Width": 166, "Plans": [{"Node Type": "Hash Join", "Parent Relationship": "Outer", "Parallel Aware": false, "Join Type": "Inner", "Startup Cost": 7.8, "Total Cost": 4602.61, "Plan Rows": 20000, "Plan Width": 166, "Inner Unique": false, "Hash Cond": "(supplier.s_nationkey = nation.n_nationkey)", "Plans": [{"Node Type": "Index Scan", "Parent Relationship": "Outer", "Parallel Aware": false, "Scan Direction": "Forward", "Index Name": "supplier_pkey", "Relation Name": "supplier", "Alias": "supplier", "Startup Cost": 0.29, "Total Cost": 4020.1, "Plan Rows": 100000, "Plan Width": 144}, {"Node Type": "Hash", "Parent Relationship": "Inner", "Parallel Aware": false, "Startup Cost": 7.45, "Total Cost": 7.45, "Plan Rows": 5, "Plan Width": 30, "Plans": [{"Node Type": "Merge Join", "Parent Relationship": "Outer", "Parallel Aware": false, "Join Type": "Inner", "Startup Cost": 0.27, "Total Cost": 7.45, "Plan Rows": 5, "Plan Width": 30, "Inner Unique": true, "Merge Cond": "(nation.n_regionkey = region.r_regionkey)", "Plans": [{"Node Type": "Index Scan", "Parent Relationship": "Outer", "Parallel Aware": false, "Scan Direction": "Forward", "Index Name": "idx_nation_regionkey", "Relation Name": "nation", "Alias": "nation", "Startup Cost": 0.14, "Total Cost": 3.81, "Plan Rows": 25, "Plan Width": 34}, {"Node Type": "Index Scan", "Parent Relationship": "Inner", "Parallel Aware": false, "Scan Direction": "Forward", "Index Name": "region_pkey", "Relation Name": "region", "Alias": "region", "Startup Cost": 0.13, "Total Cost": 3.52, "Plan Rows": 1, "Plan Width": 4, "Filter": "(r_name = 'EUROPE'::bpchar)"}]}]}]}]}]}]}]}, {"Node Type": "Aggregate", "Strategy": "Plain", "Partial Mode": "Simple", "Parent Relationship": "SubPlan", "Subplan Name": "SubPlan 1", "Parallel Aware": false, "Startup Cost": 4282.35, "Total Cost": 4282.36, "Plan Rows": 1, "Plan Width": 32, "Plans": [{"Node Type": "Hash Join", "Parent Relationship": "Outer", "Parallel Aware": false, "Join Type": "Inner", "Startup Cost": 8.28, "Total Cost": 4282.34, "Plan Rows": 1, "Plan Width": 6, "Inner Unique": false, "Hash Cond": "(supplier_1.s_nationkey = nation_1.n_nationkey)", "Plans": [{"Node Type": "Merge Join", "Parent Relationship": "Outer", "Parallel Aware": false, "Join Type": "Inner", "Startup Cost": 0.77, "Total Cost": 4274.81, "Plan Rows": 5, "Plan Width": 10, "Inner Unique": true, "Merge Cond": "(partsupp_1.ps_suppkey = supplier_1.s_suppkey)", "Plans": [{"Node Type": "Index Scan", "Parent Relationship": "Outer", "Parallel Aware": false, "Scan Direction": "Forward", "Index Name": "partsupp_pkey", "Relation Name": "partsupp", "Alias": "partsupp_1", "Startup Cost": 0.43, "Total Cost": 4.65, "Plan Rows": 5, "Plan Width": 10, "Index Cond": "(ps_partkey = part.p_partkey)"}, {"Node Type": "Index Scan", "Parent Relationship": "Inner", "Parallel Aware": false, "Scan Direction": "Forward", "Index Name": "supplier_pkey", "Relation Name": "supplier", "Alias": "supplier_1", "Startup Cost": 0.29, "Total Cost": 4020.1, "Plan Rows": 100000, "Plan Width": 8}]}, {"Node Type": "Hash", "Parent Relationship": "Inner", "Parallel Aware": false, "Startup Cost": 7.45, "Total Cost": 7.45, "Plan Rows": 5, "Plan Width": 4, "Plans": [{"Node Type": "Merge Join", "Parent Relationship": "Outer", "Parallel Aware": false, "Join Type": "Inner", "Startup Cost": 0.27, "Total Cost": 7.45, "Plan Rows": 5, "Plan Width": 4, "Inner Unique": true, "Merge Cond": "(nation_1.n_regionkey = region_1.r_regionkey)", "Plans": [{"Node Type": "Index Scan", "Parent Relationship": "Outer", "Parallel Aware": false, "Scan Direction": "Forward", "Index Name": "idx_nation_regionkey", "Relation Name": "nation", "Alias": "nation_1", "Startup Cost": 0.14, "Total Cost": 3.81, "Plan Rows": 25, "Plan Width": 8}, {"Node Type": "Index Scan", "Parent Relationship": "Inner", "Parallel Aware": false, "Scan Direction": "Forward", "Index Name": "region_pkey", "Relation Name": "region", "Alias": "region_1", "Startup Cost": 0.13, "Total Cost": 3.52, "Plan Rows": 1, "Plan Width": 4, "Filter": "(r_name = 'EUROPE'::bpchar)"}]}]}]}]}]}]}]}}, {"Plan": {"Node Type": "Limit", "Parallel Aware": false, "Startup Cost": 408340.72, "Total Cost": 408340.72, "Plan Rows": 1, "Plan Width": 192, "Plans": [{"Node Type": "Sort", "Parent Relationship": "Outer", "Parallel Aware": false, "Startup Cost": 408340.72, "Total Cost": 408340.72, "Plan Rows": 1, "Plan Width": 192, "Sort Key": ["supplier.s_acctbal DESC", "nation.n_name", "supplier.s_name", "part.p_partkey"], "Plans": [{"Node Type": "Hash Join", "Parent Relationship": "Outer", "Parallel Aware": false, "Join Type": "Inner", "Startup Cost": 160995.81, "Total Cost": 408340.71, "Plan Rows": 1, "Plan Width": 192, "Inner Unique": false, "Hash Cond": "((part.p_partkey = partsupp.ps_partkey) AND ((SubPlan 1) = partsupp.ps_supplycost))", "Plans": [{"Node Type": "Gather Merge", "Parent Relationship": "Outer", "Parallel Aware": false, "Startup Cost": 1000.47, "Total Cost": 68619.33, "Plan Rows": 8031, "Plan Width": 30, "Workers Planned": 3, "Plans": [{"Node Type": "Index Scan", "Parent Relationship": "Outer", "Parallel Aware": true, "Scan Direction": "Forward", "Index Name": "part_pkey", "Relation Name": "part", "Alias": "part", "Startup Cost": 0.43, "Total Cost": 66675.65, "Plan Rows": 2591, "Plan Width": 30, "Filter": "(((p_type)::text ~~ '%NICKEL'::text) AND (p_size = 42))"}]}, {"Node Type": "Hash", "Parent Relationship": "Inner", "Parallel Aware": false, "Startup Cost": 96935.55, "Total Cost": 96935.55, "Plan Rows": 1599920, "Plan Width": 172, "Plans": [{"Node Type": "Nested Loop", "Parent Relationship": "Outer", "Parallel Aware": false, "Join Type": "Inner", "Startup Cost": 1.12, "Total Cost": 96935.55, "Plan Rows": 1599920, "Plan Width": 172, "Inner Unique": false, "Plans": [{"Node Type": "Nested Loop", "Parent Relationship": "Outer", "Parallel Aware": false, "Join Type": "Inner", "Startup Cost": 0.69, "Total Cost": 1088.23, "Plan Rows": 20000, "Plan Width": 166, "Inner Unique": false, "Plans": [{"Node Type": "Nested Loop", "Parent Relationship": "Outer", "Parallel Aware": false, "Join Type": "Inner", "Startup Cost": 0.27, "Total Cost": 6.0, "Plan Rows": 5, "Plan Width": 30, "Inner Unique": false, "Plans": [{"Node Type": "Index Scan", "Parent Relationship": "Outer", "Parallel Aware": false, "Scan Direction": "Forward", "Index Name": "region_pkey", "Relation Name": "region", "Alias": "region", "Startup Cost": 0.13, "Total Cost": 3.52, "Plan Rows": 1, "Plan Width": 4, "Filter": "(r_name = 'EUROPE'::bpchar)"}, {"Node Type": "Index Scan", "Parent Relationship": "Inner", "Parallel Aware": false, "Scan Direction": "Forward", "Index Name": "idx_nation_regionkey", "Relation Name": "nation", "Alias": "nation", "Startup Cost": 0.14, "Total Cost": 2.43, "Plan Rows": 5, "Plan Width": 34, "Index Cond": "(n_regionkey = region.r_regionkey)"}]}, {"Node Type": "Index Scan", "Parent Relationship": "Inner", "Parallel Aware": false, "Scan Direction": "Forward", "Index Name": "idx_supplier_nation_key", "Relation Name": "supplier", "Alias": "supplier", "Startup Cost": 0.42, "Total Cost": 176.45, "Plan Rows": 4000, "Plan Width": 144, "Index Cond": "(s_nationkey = nation.n_nationkey)"}]}, {"Node Type": "Index Scan", "Parent Relationship": "Inner", "Parallel Aware": false, "Scan Direction": "Forward", "Index Name": "idx_partsupp_suppkey", "Relation Name": "partsupp", "Alias": "partsupp", "Startup Cost": 0.43, "Total Cost": 3.99, "Plan Rows": 80, "Plan Width": 14, "Index Cond": "(ps_suppkey = supplier.s_suppkey)"}]}]}, {"Node Type": "Aggregate", "Strategy": "Plain", "Partial Mode": "Simple", "Parent Relationship": "SubPlan", "Subplan Name": "SubPlan 1", "Parallel Aware": false, "Startup Cost": 17.48, "Total Cost": 17.49, "Plan Rows": 1, "Plan Width": 32, "Plans": [{"Node Type": "Nested Loop", "Parent Relationship": "Outer", "Parallel Aware": false, "Join Type": "Inner", "Startup Cost": 1.0, "Total Cost": 17.48, "Plan Rows": 1, "Plan Width": 6, "Inner Unique": true, "Plans": [{"Node Type": "Nested Loop", "Parent Relationship": "Outer", "Parallel Aware": false, "Join Type": "Inner", "Startup Cost": 0.86, "Total Cost": 16.05, "Plan Rows": 5, "Plan Width": 10, "Inner Unique": true, "Plans": [{"Node Type": "Nested Loop", "Parent Relationship": "Outer", "Parallel Aware": false, "Join Type": "Inner", "Startup Cost": 0.72, "Total Cost": 15.27, "Plan Rows": 5, "Plan Width": 10, "Inner Unique": true, "Plans": [{"Node Type": "Index Scan", "Parent Relationship": "Outer", "Parallel Aware": false, "Scan Direction": "Forward", "Index Name": "idx_partsupp_partkey", "Relation Name": "partsupp", "Alias": "partsupp_1", "Startup Cost": 0.43, "Total Cost": 2.72, "Plan Rows": 5, "Plan Width": 10, "Index Cond": "(ps_partkey = part.p_partkey)"}, {"Node Type": "Index Scan", "Parent Relationship": "Inner", "Parallel Aware": false, "Scan Direction": "Forward", "Index Name": "supplier_pkey", "Relation Name": "supplier", "Alias": "supplier_1", "Startup Cost": 0.29, "Total Cost": 2.51, "Plan Rows": 1, "Plan Width": 8, "Index Cond": "(s_suppkey = partsupp_1.ps_suppkey)"}]}, {"Node Type": "Index Scan", "Parent Relationship": "Inner", "Parallel Aware": false, "Scan Direction": "Forward", "Index Name": "nation_pkey", "Relation Name": "nation", "Alias": "nation_1", "Startup Cost": 0.14, "Total Cost": 0.16, "Plan Rows": 1, "Plan Width": 8, "Index Cond": "(n_nationkey = supplier_1.s_nationkey)"}]}, {"Node Type": "Index Scan", "Parent Relationship": "Inner", "Parallel Aware": false, "Scan Direction": "Forward", "Index Name": "region_pkey", "Relation Name": "region", "Alias": "region_1", "Startup Cost": 0.13, "Total Cost": 0.28, "Plan Rows": 1, "Plan Width": 4, "Index Cond": "(r_regionkey = nation_1.n_regionkey)", "Filter": "(r_name = 'EUROPE'::bpchar)"}]}]}]}]}]}}, {"Plan": {"Node Type": "Limit", "Parallel Aware": false, "Startup Cost": 389691.0, "Total Cost": 389691.01, "Plan Rows": 1, "Plan Width": 192, "Plans": [{"Node Type": "Sort", "Parent Relationship": "Outer", "Parallel Aware": false, "Startup Cost": 389691.0, "Total Cost": 389691.01, "Plan Rows": 1, "Plan Width": 192, "Sort Key": ["supplier.s_acctbal DESC", "nation.n_name", "supplier.s_name", "part.p_partkey"], "Plans": [{"Node Type": "Hash Join", "Parent Relationship": "Outer", "Parallel Aware": false, "Join Type": "Inner", "Startup Cost": 160991.98, "Total Cost": 389690.99, "Plan Rows": 1, "Plan Width": 192, "Inner Unique": false, "Hash Cond": "((part.p_partkey = partsupp.ps_partkey) AND ((SubPlan 1) = partsupp.ps_supplycost))", "Plans": [{"Node Type": "Gather", "Parent Relationship": "Outer", "Parallel Aware": false, "Startup Cost": 1000.0, "Total Cost": 52442.52, "Plan Rows": 8031, "Plan Width": 30, "Workers Planned": 3, "Single Copy": false, "Plans": [{"Node Type": "Seq Scan", "Parent Relationship": "Outer", "Parallel Aware": true, "Relation Name": "part", "Alias": "part", "Startup Cost": 0.0, "Total Cost": 50639.42, "Plan Rows": 2591, "Plan Width": 30, "Filter": "(((p_type)::text ~~ '%NICKEL'::text) AND (p_size = 42))"}]}, {"Node Type": "Hash", "Parent Relationship": "Inner", "Parallel Aware": false, "Startup Cost": 96932.18, "Total Cost": 96932.18, "Plan Rows": 1599920, "Plan Width": 172, "Plans": [{"Node Type": "Nested Loop", "Parent Relationship": "Outer", "Parallel Aware": false, "Join Type": "Inner", "Startup Cost": 0.85, "Total Cost": 96932.18, "Plan Rows": 1599920, "Plan Width": 172, "Inner Unique": false, "Plans": [{"Node Type": "Nested Loop", "Parent Relationship": "Outer", "Parallel Aware": false, "Join Type": "Inner", "Startup Cost": 0.42, "Total Cost": 1084.86, "Plan Rows": 20000, "Plan Width": 166, "Inner Unique": false, "Plans": [{"Node Type": "Nested Loop", "Parent Relationship": "Outer", "Parallel Aware": false, "Join Type": "Inner", "Startup Cost": 0.0, "Total Cost": 2.62, "Plan Rows": 5, "Plan Width": 30, "Inner Unique": false, "Join Filter": "(nation.n_regionkey = region.r_regionkey)", "Plans": [{"Node Type": "Seq Scan", "Parent Relationship": "Outer", "Parallel Aware": false, "Relation Name": "region", "Alias": "region", "Startup Cost": 0.0, "Total Cost": 1.06, "Plan Rows": 1, "Plan Width": 4, "Filter": "(r_name = 'EUROPE'::bpchar)"}, {"Node Type": "Seq Scan", "Parent Relationship": "Inner", "Parallel Aware": false, "Relation Name": "nation", "Alias": "nation", "Startup Cost": 0.0, "Total Cost": 1.25, "Plan Rows": 25, "Plan Width": 34}]}, {"Node Type": "Index Scan", "Parent Relationship": "Inner", "Parallel Aware": false, "Scan Direction": "Forward", "Index Name": "idx_supplier_nation_key", "Relation Name": "supplier", "Alias": "supplier", "Startup Cost": 0.42, "Total Cost": 176.45, "Plan Rows": 4000, "Plan Width": 144, "Index Cond": "(s_nationkey = nation.n_nationkey)"}]}, {"Node Type": "Index Scan", "Parent Relationship": "Inner", "Parallel Aware": false, "Scan Direction": "Forward", "Index Name": "idx_partsupp_suppkey", "Relation Name": "partsupp", "Alias": "partsupp", "Startup Cost": 0.43, "Total Cost": 3.99, "Plan Rows": 80, "Plan Width": 14, "Index Cond": "(ps_suppkey = supplier.s_suppkey)"}]}]}, {"Node Type": "Aggregate", "Strategy": "Plain", "Partial Mode": "Simple", "Parent Relationship": "SubPlan", "Subplan Name": "SubPlan 1", "Parallel Aware": false, "Startup Cost": 17.17, "Total Cost": 17.18, "Plan Rows": 1, "Plan Width": 32, "Plans": [{"Node Type": "Nested Loop", "Parent Relationship": "Outer", "Parallel Aware": false, "Join Type": "Inner", "Startup Cost": 0.86, "Total Cost": 17.17, "Plan Rows": 1, "Plan Width": 6, "Inner Unique": false, "Join Filter": "(nation_1.n_regionkey = region_1.r_regionkey)", "Plans": [{"Node Type": "Seq Scan", "Parent Relationship": "Outer", "Parallel Aware": false, "Relation Name": "region", "Alias": "region_1", "Startup Cost": 0.0, "Total Cost": 1.06, "Plan Rows": 1, "Plan Width": 4, "Filter": "(r_name = 'EUROPE'::bpchar)"}, {"Node Type": "Nested Loop", "Parent Relationship": "Inner", "Parallel Aware": false, "Join Type": "Inner", "Startup Cost": 0.86, "Total Cost": 16.05, "Plan Rows": 5, "Plan Width": 10, "Inner Unique": true, "Plans": [{"Node Type": "Nested Loop", "Parent Relationship": "Outer", "Parallel Aware": false, "Join Type": "Inner", "Startup Cost": 0.72, "Total Cost": 15.27, "Plan Rows": 5, "Plan Width": 10, "Inner Unique": true, "Plans": [{"Node Type": "Index Scan", "Parent Relationship": "Outer", "Parallel Aware": false, "Scan Direction": "Forward", "Index Name": "idx_partsupp_partkey", "Relation Name": "partsupp", "Alias": "partsupp_1", "Startup Cost": 0.43, "Total Cost": 2.72, "Plan Rows": 5, "Plan Width": 10, "Index Cond": "(ps_partkey = part.p_partkey)"}, {"Node Type": "Index Scan", "Parent Relationship": "Inner", "Parallel Aware": false, "Scan Direction": "Forward", "Index Name": "supplier_pkey", "Relation Name": "supplier", "Alias": "supplier_1", "Startup Cost": 0.29, "Total Cost": 2.51, "Plan Rows": 1, "Plan Width": 8, "Index Cond": "(s_suppkey = partsupp_1.ps_suppkey)"}]}, {"Node Type": "Index Scan", "Parent Relationship": "Inner", "Parallel Aware": false, "Scan Direction": "Forward", "Index Name": "nation_pkey", "Relation Name": "nation", "Alias": "nation_1", "Startup Cost": 0.14, "Total Cost": 0.16, "Plan Rows": 1, "Plan Width": 8, "Index Cond": "(n_nationkey = supplier_1.s_nationkey)"}]}]}]}]}]}]}}, {"Plan": {"Node Type": "Limit", "Parallel Aware": false, "Startup Cost": 23010299.21, "Total Cost": 23010299.22, "Plan Rows": 1, "Plan Width": 192, "Plans": [{"Node Type": "Sort", "Parent Relationship": "Outer", "Parallel Aware": false, "Startup Cost": 23010299.21, "Total Cost": 23010299.22, "Plan Rows": 1, "Plan Width": 192, "Sort Key": ["supplier.s_acctbal DESC", "nation.n_name", "supplier.s_name", "part.p_partkey"], "Plans": [{"Node Type": "Merge Join", "Parent Relationship": "Outer", "Parallel Aware": false, "Join Type": "Inner", "Startup Cost": 550361.18, "Total Cost": 23010299.2, "Plan Rows": 1, "Plan Width": 192, "Inner Unique": false, "Merge Cond": "(part.p_partkey = partsupp.ps_partkey)", "Join Filter": "(partsupp.ps_supplycost = (SubPlan 1))", "Plans": [{"Node Type": "Gather Merge", "Parent Relationship": "Outer", "Parallel Aware": false, "Startup Cost": 1000.47, "Total Cost": 68619.33, "Plan Rows": 8031, "Plan Width": 30, "Workers Planned": 3, "Plans": [{"Node Type": "Index Scan", "Parent Relationship": "Outer", "Parallel Aware": true, "Scan Direction": "Forward", "Index Name": "part_pkey", "Relation Name": "part", "Alias": "part", "Startup Cost": 0.43, "Total Cost": 66675.65, "Plan Rows": 2591, "Plan Width": 30, "Filter": "(((p_type)::text ~~ '%NICKEL'::text) AND (p_size = 42))"}]}, {"Node Type": "Materialize", "Parent Relationship": "Inner", "Parallel Aware": false, "Startup Cost": 549360.64, "Total Cost": 557360.24, "Plan Rows": 1599920, "Plan Width": 172, "Plans": [{"Node Type": "Sort", "Parent Relationship": "Outer", "Parallel Aware": false, "Startup Cost": 549360.64, "Total Cost": 553360.44, "Plan Rows": 1599920, "Plan Width": 172, "Sort Key": ["partsupp.ps_partkey"], "Plans": [{"Node Type": "Hash Join", "Parent Relationship": "Outer", "Parallel Aware": false, "Join Type": "Inner", "Startup Cost": 4043.51, "Total Cost": 304417.29, "Plan Rows": 1599920, "Plan Width": 172, "Inner Unique": false, "Hash Cond": "(partsupp.ps_suppkey = supplier.s_suppkey)", "Plans": [{"Node Type": "Seq Scan", "Parent Relationship": "Outer", "Parallel Aware": false, "Relation Name": "partsupp", "Alias": "partsupp", "Startup Cost": 0.0, "Total Cost": 254382.0, "Plan Rows": 7999600, "Plan Width": 14}, {"Node Type": "Hash", "Parent Relationship": "Inner", "Parallel Aware": false, "Startup Cost": 3793.51, "Total Cost": 3793.51, "Plan Rows": 20000, "Plan Width": 166, "Plans": [{"Node Type": "Hash Join", "Parent Relationship": "Outer", "Parallel Aware": false, "Join Type": "Inner", "Startup Cost": 2.51, "Total Cost": 3793.51, "Plan Rows": 20000, "Plan Width": 166, "Inner Unique": false, "Hash Cond": "(supplier.s_nationkey = nation.n_nationkey)", "Plans": [{"Node Type": "Seq Scan", "Parent Relationship": "Outer", "Parallel Aware": false, "Relation Name": "supplier", "Alias": "supplier", "Startup Cost": 0.0, "Total Cost": 3216.0, "Plan Rows": 100000, "Plan Width": 144}, {"Node Type": "Hash", "Parent Relationship": "Inner", "Parallel Aware": false, "Startup Cost": 2.45, "Total Cost": 2.45, "Plan Rows": 5, "Plan Width": 30, "Plans": [{"Node Type": "Hash Join", "Parent Relationship": "Outer", "Parallel Aware": false, "Join Type": "Inner", "Startup Cost": 1.07, "Total Cost": 2.45, "Plan Rows": 5, "Plan Width": 30, "Inner Unique": true, "Hash Cond": "(nation.n_regionkey = region.r_regionkey)", "Plans": [{"Node Type": "Seq Scan", "Parent Relationship": "Outer", "Parallel Aware": false, "Relation Name": "nation", "Alias": "nation", "Startup Cost": 0.0, "Total Cost": 1.25, "Plan Rows": 25, "Plan Width": 34}, {"Node Type": "Hash", "Parent Relationship": "Inner", "Parallel Aware": false, "Startup Cost": 1.06, "Total Cost": 1.06, "Plan Rows": 1, "Plan Width": 4, "Plans": [{"Node Type": "Seq Scan", "Parent Relationship": "Outer", "Parallel Aware": false, "Relation Name": "region", "Alias": "region", "Startup Cost": 0.0, "Total Cost": 1.06, "Plan Rows": 1, "Plan Width": 4, "Filter": "(r_name = 'EUROPE'::bpchar)"}]}]}]}]}]}]}]}]}, {"Node Type": "Aggregate", "Strategy": "Plain", "Partial Mode": "Simple", "Parent Relationship": "SubPlan", "Subplan Name": "SubPlan 1", "Parallel Aware": false, "Startup Cost": 3483.83, "Total Cost": 3483.84, "Plan Rows": 1, "Plan Width": 32, "Plans": [{"Node Type": "Hash Join", "Parent Relationship": "Outer", "Parallel Aware": false, "Join Type": "Inner", "Startup Cost": 5.29, "Total Cost": 3483.83, "Plan Rows": 1, "Plan Width": 6, "Inner Unique": false, "Hash Cond": "(supplier_1.s_nationkey = nation_1.n_nationkey)", "Plans": [{"Node Type": "Hash Join", "Parent Relationship": "Outer", "Parallel Aware": false, "Join Type": "Inner", "Startup Cost": 2.78, "Total Cost": 3481.29, "Plan Rows": 5, "Plan Width": 10, "Inner Unique": true, "Hash Cond": "(supplier_1.s_suppkey = partsupp_1.ps_suppkey)", "Plans": [{"Node Type": "Seq Scan", "Parent Relationship": "Outer", "Parallel Aware": false, "Relation Name": "supplier", "Alias": "supplier_1", "Startup Cost": 0.0, "Total Cost": 3216.0, "Plan Rows": 100000, "Plan Width": 8}, {"Node Type": "Hash", "Parent Relationship": "Inner", "Parallel Aware": false, "Startup Cost": 2.72, "Total Cost": 2.72, "Plan Rows": 5, "Plan Width": 10, "Plans": [{"Node Type": "Index Scan", "Parent Relationship": "Outer", "Parallel Aware": false, "Scan Direction": "Forward", "Index Name": "idx_partsupp_partkey", "Relation Name": "partsupp", "Alias": "partsupp_1", "Startup Cost": 0.43, "Total Cost": 2.72, "Plan Rows": 5, "Plan Width": 10, "Index Cond": "(ps_partkey = part.p_partkey)"}]}]}, {"Node Type": "Hash", "Parent Relationship": "Inner", "Parallel Aware": false, "Startup Cost": 2.45, "Total Cost": 2.45, "Plan Rows": 5, "Plan Width": 4, "Plans": [{"Node Type": "Hash Join", "Parent Relationship": "Outer", "Parallel Aware": false, "Join Type": "Inner", "Startup Cost": 1.07, "Total Cost": 2.45, "Plan Rows": 5, "Plan Width": 4, "Inner Unique": true, "Hash Cond": "(nation_1.n_regionkey = region_1.r_regionkey)", "Plans": [{"Node Type": "Seq Scan", "Parent Relationship": "Outer", "Parallel Aware": false, "Relation Name": "nation", "Alias": "nation_1", "Startup Cost": 0.0, "Total Cost": 1.25, "Plan Rows": 25, "Plan Width": 8}, {"Node Type": "Hash", "Parent Relationship": "Inner", "Parallel Aware": false, "Startup Cost": 1.06, "Total Cost": 1.06, "Plan Rows": 1, "Plan Width": 4, "Plans": [{"Node Type": "Seq Scan", "Parent Relationship": "Outer", "Parallel Aware": false, "Relation Name": "region", "Alias": "region_1", "Startup Cost": 0.0, "Total Cost": 1.06, "Plan Rows": 1, "Plan Width": 4, "Filter": "(r_name = 'EUROPE'::bpchar)"}]}]}]}]}]}]}]}]}}, {"Plan": {"Node Type": "Limit", "Parallel Aware": false, "Startup Cost": 408340.72, "Total Cost": 408340.72, "Plan Rows": 1, "Plan Width": 192, "Plans": [{"Node Type": "Sort", "Parent Relationship": "Outer", "Parallel Aware": false, "Startup Cost": 408340.72, "Total Cost": 408340.72, "Plan Rows": 1, "Plan Width": 192, "Sort Key": ["supplier.s_acctbal DESC", "nation.n_name", "supplier.s_name", "part.p_partkey"], "Plans": [{"Node Type": "Hash Join", "Parent Relationship": "Outer", "Parallel Aware": false, "Join Type": "Inner", "Startup Cost": 160995.81, "Total Cost": 408340.71, "Plan Rows": 1, "Plan Width": 192, "Inner Unique": false, "Hash Cond": "((part.p_partkey = partsupp.ps_partkey) AND ((SubPlan 1) = partsupp.ps_supplycost))", "Plans": [{"Node Type": "Gather Merge", "Parent Relationship": "Outer", "Parallel Aware": false, "Startup Cost": 1000.47, "Total Cost": 68619.33, "Plan Rows": 8031, "Plan Width": 30, "Workers Planned": 3, "Plans": [{"Node Type": "Index Scan", "Parent Relationship": "Outer", "Parallel Aware": true, "Scan Direction": "Forward", "Index Name": "part_pkey", "Relation Name": "part", "Alias": "part", "Startup Cost": 0.43, "Total Cost": 66675.65, "Plan Rows": 2591, "Plan Width": 30, "Filter": "(((p_type)::text ~~ '%NICKEL'::text) AND (p_size = 42))"}]}, {"Node Type": "Hash", "Parent Relationship": "Inner", "Parallel Aware": false, "Startup Cost": 96935.55, "Total Cost": 96935.55, "Plan Rows": 1599920, "Plan Width": 172, "Plans": [{"Node Type": "Nested Loop", "Parent Relationship": "Outer", "Parallel Aware": false, "Join Type": "Inner", "Startup Cost": 1.12, "Total Cost": 96935.55, "Plan Rows": 1599920, "Plan Width": 172, "Inner Unique": false, "Plans": [{"Node Type": "Nested Loop", "Parent Relationship": "Outer", "Parallel Aware": false, "Join Type": "Inner", "Startup Cost": 0.69, "Total Cost": 1088.23, "Plan Rows": 20000, "Plan Width": 166, "Inner Unique": false, "Plans": [{"Node Type": "Nested Loop", "Parent Relationship": "Outer", "Parallel Aware": false, "Join Type": "Inner", "Startup Cost": 0.27, "Total Cost": 6.0, "Plan Rows": 5, "Plan Width": 30, "Inner Unique": false, "Plans": [{"Node Type": "Index Scan", "Parent Relationship": "Outer", "Parallel Aware": false, "Scan Direction": "Forward", "Index Name": "region_pkey", "Relation Name": "region", "Alias": "region", "Startup Cost": 0.13, "Total Cost": 3.52, "Plan Rows": 1, "Plan Width": 4, "Filter": "(r_name = 'EUROPE'::bpchar)"}, {"Node Type": "Index Scan", "Parent Relationship": "Inner", "Parallel Aware": false, "Scan Direction": "Forward", "Index Name": "idx_nation_regionkey", "Relation Name": "nation", "Alias": "nation", "Startup Cost": 0.14, "Total Cost": 2.43, "Plan Rows": 5, "Plan Width": 34, "Index Cond": "(n_regionkey = region.r_regionkey)"}]}, {"Node Type": "Index Scan", "Parent Relationship": "Inner", "Parallel Aware": false, "Scan Direction": "Forward", "Index Name": "idx_supplier_nation_key", "Relation Name": "supplier", "Alias": "supplier", "Startup Cost": 0.42, "Total Cost": 176.45, "Plan Rows": 4000, "Plan Width": 144, "Index Cond": "(s_nationkey = nation.n_nationkey)"}]}, {"Node Type": "Index Scan", "Parent Relationship": "Inner", "Parallel Aware": false, "Scan Direction": "Forward", "Index Name": "idx_partsupp_suppkey", "Relation Name": "partsupp", "Alias": "partsupp", "Startup Cost": 0.43, "Total Cost": 3.99, "Plan Rows": 80, "Plan Width": 14, "Index Cond": "(ps_suppkey = supplier.s_suppkey)"}]}]}, {"Node Type": "Aggregate", "Strategy": "Plain", "Partial Mode": "Simple", "Parent Relationship": "SubPlan", "Subplan Name": "SubPlan 1", "Parallel Aware": false, "Startup Cost": 17.48, "Total Cost": 17.49, "Plan Rows": 1, "Plan Width": 32, "Plans": [{"Node Type": "Nested Loop", "Parent Relationship": "Outer", "Parallel Aware": false, "Join Type": "Inner", "Startup Cost": 1.0, "Total Cost": 17.48, "Plan Rows": 1, "Plan Width": 6, "Inner Unique": true, "Plans": [{"Node Type": "Nested Loop", "Parent Relationship": "Outer", "Parallel Aware": false, "Join Type": "Inner", "Startup Cost": 0.86, "Total Cost": 16.05, "Plan Rows": 5, "Plan Width": 10, "Inner Unique": true, "Plans": [{"Node Type": "Nested Loop", "Parent Relationship": "Outer", "Parallel Aware": false, "Join Type": "Inner", "Startup Cost": 0.72, "Total Cost": 15.27, "Plan Rows": 5, "Plan Width": 10, "Inner Unique": true, "Plans": [{"Node Type": "Index Scan", "Parent Relationship": "Outer", "Parallel Aware": false, "Scan Direction": "Forward", "Index Name": "idx_partsupp_partkey", "Relation Name": "partsupp", "Alias": "partsupp_1", "Startup Cost": 0.43, "Total Cost": 2.72, "Plan Rows": 5, "Plan Width": 10, "Index Cond": "(ps_partkey = part.p_partkey)"}, {"Node Type": "Index Scan", "Parent Relationship": "Inner", "Parallel Aware": false, "Scan Direction": "Forward", "Index Name": "supplier_pkey", "Relation Name": "supplier", "Alias": "supplier_1", "Startup Cost": 0.29, "Total Cost": 2.51, "Plan Rows": 1, "Plan Width": 8, "Index Cond": "(s_suppkey = partsupp_1.ps_suppkey)"}]}, {"Node Type": "Index Scan", "Parent Relationship": "Inner", "Parallel Aware": false, "Scan Direction": "Forward", "Index Name": "nation_pkey", "Relation Name": "nation", "Alias": "nation_1", "Startup Cost": 0.14, "Total Cost": 0.16, "Plan Rows": 1, "Plan Width": 8, "Index Cond": "(n_nationkey = supplier_1.s_nationkey)"}]}, {"Node Type": "Index Scan", "Parent Relationship": "Inner", "Parallel Aware": false, "Scan Direction": "Forward", "Index Name": "region_pkey", "Relation Name": "region", "Alias": "region_1", "Startup Cost": 0.13, "Total Cost": 0.28, "Plan Rows": 1, "Plan Width": 4, "Index Cond": "(r_regionkey = nation_1.n_regionkey)", "Filter": "(r_name = 'EUROPE'::bpchar)"}]}]}]}]}]}}, {"Plan": {"Node Type": "Limit", "Parallel Aware": false, "Startup Cost": 389691.0, "Total Cost": 389691.01, "Plan Rows": 1, "Plan Width": 192, "Plans": [{"Node Type": "Sort", "Parent Relationship": "Outer", "Parallel Aware": false, "Startup Cost": 389691.0, "Total Cost": 389691.01, "Plan Rows": 1, "Plan Width": 192, "Sort Key": ["supplier.s_acctbal DESC", "nation.n_name", "supplier.s_name", "part.p_partkey"], "Plans": [{"Node Type": "Hash Join", "Parent Relationship": "Outer", "Parallel Aware": false, "Join Type": "Inner", "Startup Cost": 160991.98, "Total Cost": 389690.99, "Plan Rows": 1, "Plan Width": 192, "Inner Unique": false, "Hash Cond": "((part.p_partkey = partsupp.ps_partkey) AND ((SubPlan 1) = partsupp.ps_supplycost))", "Plans": [{"Node Type": "Gather", "Parent Relationship": "Outer", "Parallel Aware": false, "Startup Cost": 1000.0, "Total Cost": 52442.52, "Plan Rows": 8031, "Plan Width": 30, "Workers Planned": 3, "Single Copy": false, "Plans": [{"Node Type": "Seq Scan", "Parent Relationship": "Outer", "Parallel Aware": true, "Relation Name": "part", "Alias": "part", "Startup Cost": 0.0, "Total Cost": 50639.42, "Plan Rows": 2591, "Plan Width": 30, "Filter": "(((p_type)::text ~~ '%NICKEL'::text) AND (p_size = 42))"}]}, {"Node Type": "Hash", "Parent Relationship": "Inner", "Parallel Aware": false, "Startup Cost": 96932.18, "Total Cost": 96932.18, "Plan Rows": 1599920, "Plan Width": 172, "Plans": [{"Node Type": "Nested Loop", "Parent Relationship": "Outer", "Parallel Aware": false, "Join Type": "Inner", "Startup Cost": 0.85, "Total Cost": 96932.18, "Plan Rows": 1599920, "Plan Width": 172, "Inner Unique": false, "Plans": [{"Node Type": "Nested Loop", "Parent Relationship": "Outer", "Parallel Aware": false, "Join Type": "Inner", "Startup Cost": 0.42, "Total Cost": 1084.86, "Plan Rows": 20000, "Plan Width": 166, "Inner Unique": false, "Plans": [{"Node Type": "Nested Loop", "Parent Relationship": "Outer", "Parallel Aware": false, "Join Type": "Inner", "Startup Cost": 0.0, "Total Cost": 2.62, "Plan Rows": 5, "Plan Width": 30, "Inner Unique": false, "Join Filter": "(nation.n_regionkey = region.r_regionkey)", "Plans": [{"Node Type": "Seq Scan", "Parent Relationship": "Outer", "Parallel Aware": false, "Relation Name": "region", "Alias": "region", "Startup Cost": 0.0, "Total Cost": 1.06, "Plan Rows": 1, "Plan Width": 4, "Filter": "(r_name = 'EUROPE'::bpchar)"}, {"Node Type": "Seq Scan", "Parent Relationship": "Inner", "Parallel Aware": false, "Relation Name": "nation", "Alias": "nation", "Startup Cost": 0.0, "Total Cost": 1.25, "Plan Rows": 25, "Plan Width": 34}]}, {"Node Type": "Index Scan", "Parent Relationship": "Inner", "Parallel Aware": false, "Scan Direction": "Forward", "Index Name": "idx_supplier_nation_key", "Relation Name": "supplier", "Alias": "supplier", "Startup Cost": 0.42, "Total Cost": 176.45, "Plan Rows": 4000, "Plan Width": 144, "Index Cond": "(s_nationkey = nation.n_nationkey)"}]}, {"Node Type": "Index Scan", "Parent Relationship": "Inner", "Parallel Aware": false, "Scan Direction": "Forward", "Index Name": "idx_partsupp_suppkey", "Relation Name": "partsupp", "Alias": "partsupp", "Startup Cost": 0.43, "Total Cost": 3.99, "Plan Rows": 80, "Plan Width": 14, "Index Cond": "(ps_suppkey = supplier.s_suppkey)"}]}]}, {"Node Type": "Aggregate", "Strategy": "Plain", "Partial Mode": "Simple", "Parent Relationship": "SubPlan", "Subplan Name": "SubPlan 1", "Parallel Aware": false, "Startup Cost": 17.17, "Total Cost": 17.18, "Plan Rows": 1, "Plan Width": 32, "Plans": [{"Node Type": "Nested Loop", "Parent Relationship": "Outer", "Parallel Aware": false, "Join Type": "Inner", "Startup Cost": 0.86, "Total Cost": 17.17, "Plan Rows": 1, "Plan Width": 6, "Inner Unique": false, "Join Filter": "(nation_1.n_regionkey = region_1.r_regionkey)", "Plans": [{"Node Type": "Seq Scan", "Parent Relationship": "Outer", "Parallel Aware": false, "Relation Name": "region", "Alias": "region_1", "Startup Cost": 0.0, "Total Cost": 1.06, "Plan Rows": 1, "Plan Width": 4, "Filter": "(r_name = 'EUROPE'::bpchar)"}, {"Node Type": "Nested Loop", "Parent Relationship": "Inner", "Parallel Aware": false, "Join Type": "Inner", "Startup Cost": 0.86, "Total Cost": 16.05, "Plan Rows": 5, "Plan Width": 10, "Inner Unique": true, "Plans": [{"Node Type": "Nested Loop", "Parent Relationship": "Outer", "Parallel Aware": false, "Join Type": "Inner", "Startup Cost": 0.72, "Total Cost": 15.27, "Plan Rows": 5, "Plan Width": 10, "Inner Unique": true, "Plans": [{"Node Type": "Index Scan", "Parent Relationship": "Outer", "Parallel Aware": false, "Scan Direction": "Forward", "Index Name": "idx_partsupp_partkey", "Relation Name": "partsupp", "Alias": "partsupp_1", "Startup Cost": 0.43, "Total Cost": 2.72, "Plan Rows": 5, "Plan Width": 10, "Index Cond": "(ps_partkey = part.p_partkey)"}, {"Node Type": "Index Scan", "Parent Relationship": "Inner", "Parallel Aware": false, "Scan Direction": "Forward", "Index Name": "supplier_pkey", "Relation Name": "supplier", "Alias": "supplier_1", "Startup Cost": 0.29, "Total Cost": 2.51, "Plan Rows": 1, "Plan Width": 8, "Index Cond": "(s_suppkey = partsupp_1.ps_suppkey)"}]}, {"Node Type": "Index Scan", "Parent Relationship": "Inner", "Parallel Aware": false, "Scan Direction": "Forward", "Index Name": "nation_pkey", "Relation Name": "nation", "Alias": "nation_1", "Startup Cost": 0.14, "Total Cost": 0.16, "Plan Rows": 1, "Plan Width": 8, "Index Cond": "(n_nationkey = supplier_1.s_nationkey)"}]}]}]}]}]}]}}, {"Plan": {"Node Type": "Limit", "Parallel Aware": false, "Startup Cost": 28456448.62, "Total Cost": 28456448.62, "Plan Rows": 1, "Plan Width": 192, "Plans": [{"Node Type": "Sort", "Parent Relationship": "Outer", "Parallel Aware": false, "Startup Cost": 28456448.62, "Total Cost": 28456448.62, "Plan Rows": 1, "Plan Width": 192, "Sort Key": ["supplier.s_acctbal DESC", "nation.n_name", "supplier.s_name", "part.p_partkey"], "Plans": [{"Node Type": "Hash Join", "Parent Relationship": "Outer", "Parallel Aware": false, "Join Type": "Inner", "Startup Cost": 367477.09, "Total Cost": 28456448.61, "Plan Rows": 1, "Plan Width": 192, "Inner Unique": false, "Hash Cond": "((part.p_partkey = partsupp.ps_partkey) AND ((SubPlan 1) = partsupp.ps_supplycost))", "Plans": [{"Node Type": "Seq Scan", "Parent Relationship": "Outer", "Parallel Aware": false, "Relation Name": "part", "Alias": "part", "Startup Cost": 0.0, "Total Cost": 70962.0, "Plan Rows": 8031, "Plan Width": 30, "Filter": "(((p_type)::text ~~ '%NICKEL'::text) AND (p_size = 42))"}, {"Node Type": "Hash", "Parent Relationship": "Inner", "Parallel Aware": false, "Startup Cost": 304417.29, "Total Cost": 304417.29, "Plan Rows": 1599920, "Plan Width": 172, "Plans": [{"Node Type": "Hash Join", "Parent Relationship": "Outer", "Parallel Aware": false, "Join Type": "Inner", "Startup Cost": 4043.51, "Total Cost": 304417.29, "Plan Rows": 1599920, "Plan Width": 172, "Inner Unique": false, "Hash Cond": "(partsupp.ps_suppkey = supplier.s_suppkey)", "Plans": [{"Node Type": "Seq Scan", "Parent Relationship": "Outer", "Parallel Aware": false, "Relation Name": "partsupp", "Alias": "partsupp", "Startup Cost": 0.0, "Total Cost": 254382.0, "Plan Rows": 7999600, "Plan Width": 14}, {"Node Type": "Hash", "Parent Relationship": "Inner", "Parallel Aware": false, "Startup Cost": 3793.51, "Total Cost": 3793.51, "Plan Rows": 20000, "Plan Width": 166, "Plans": [{"Node Type": "Hash Join", "Parent Relationship": "Outer", "Parallel Aware": false, "Join Type": "Inner", "Startup Cost": 2.51, "Total Cost": 3793.51, "Plan Rows": 20000, "Plan Width": 166, "Inner Unique": false, "Hash Cond": "(supplier.s_nationkey = nation.n_nationkey)", "Plans": [{"Node Type": "Seq Scan", "Parent Relationship": "Outer", "Parallel Aware": false, "Relation Name": "supplier", "Alias": "supplier", "Startup Cost": 0.0, "Total Cost": 3216.0, "Plan Rows": 100000, "Plan Width": 144}, {"Node Type": "Hash", "Parent Relationship": "Inner", "Parallel Aware": false, "Startup Cost": 2.45, "Total Cost": 2.45, "Plan Rows": 5, "Plan Width": 30, "Plans": [{"Node Type": "Hash Join", "Parent Relationship": "Outer", "Parallel Aware": false, "Join Type": "Inner", "Startup Cost": 1.07, "Total Cost": 2.45, "Plan Rows": 5, "Plan Width": 30, "Inner Unique": true, "Hash Cond": "(nation.n_regionkey = region.r_regionkey)", "Plans": [{"Node Type": "Seq Scan", "Parent Relationship": "Outer", "Parallel Aware": false, "Relation Name": "nation", "Alias": "nation", "Startup Cost": 0.0, "Total Cost": 1.25, "Plan Rows": 25, "Plan Width": 34}, {"Node Type": "Hash", "Parent Relationship": "Inner", "Parallel Aware": false, "Startup Cost": 1.06, "Total Cost": 1.06, "Plan Rows": 1, "Plan Width": 4, "Plans": [{"Node Type": "Seq Scan", "Parent Relationship": "Outer", "Parallel Aware": false, "Relation Name": "region", "Alias": "region", "Startup Cost": 0.0, "Total Cost": 1.06, "Plan Rows": 1, "Plan Width": 4, "Filter": "(r_name = 'EUROPE'::bpchar)"}]}]}]}]}]}]}]}, {"Node Type": "Aggregate", "Strategy": "Plain", "Partial Mode": "Simple", "Parent Relationship": "SubPlan", "Subplan Name": "SubPlan 1", "Parallel Aware": false, "Startup Cost": 3483.83, "Total Cost": 3483.84, "Plan Rows": 1, "Plan Width": 32, "Plans": [{"Node Type": "Hash Join", "Parent Relationship": "Outer", "Parallel Aware": false, "Join Type": "Inner", "Startup Cost": 5.29, "Total Cost": 3483.83, "Plan Rows": 1, "Plan Width": 6, "Inner Unique": false, "Hash Cond": "(supplier_1.s_nationkey = nation_1.n_nationkey)", "Plans": [{"Node Type": "Hash Join", "Parent Relationship": "Outer", "Parallel Aware": false, "Join Type": "Inner", "Startup Cost": 2.78, "Total Cost": 3481.29, "Plan Rows": 5, "Plan Width": 10, "Inner Unique": true, "Hash Cond": "(supplier_1.s_suppkey = partsupp_1.ps_suppkey)", "Plans": [{"Node Type": "Seq Scan", "Parent Relationship": "Outer", "Parallel Aware": false, "Relation Name": "supplier", "Alias": "supplier_1", "Startup Cost": 0.0, "Total Cost": 3216.0, "Plan Rows": 100000, "Plan Width": 8}, {"Node Type": "Hash", "Parent Relationship": "Inner", "Parallel Aware": false, "Startup Cost": 2.72, "Total Cost": 2.72, "Plan Rows": 5, "Plan Width": 10, "Plans": [{"Node Type": "Index Scan", "Parent Relationship": "Outer", "Parallel Aware": false, "Scan Direction": "Forward", "Index Name": "idx_partsupp_partkey", "Relation Name": "partsupp", "Alias": "partsupp_1", "Startup Cost": 0.43, "Total Cost": 2.72, "Plan Rows": 5, "Plan Width": 10, "Index Cond": "(ps_partkey = part.p_partkey)"}]}]}, {"Node Type": "Hash", "Parent Relationship": "Inner", "Parallel Aware": false, "Startup Cost": 2.45, "Total Cost": 2.45, "Plan Rows": 5, "Plan Width": 4, "Plans": [{"Node Type": "Hash Join", "Parent Relationship": "Outer", "Parallel Aware": false, "Join Type": "Inner", "Startup Cost": 1.07, "Total Cost": 2.45, "Plan Rows": 5, "Plan Width": 4, "Inner Unique": true, "Hash Cond": "(nation_1.n_regionkey = region_1.r_regionkey)", "Plans": [{"Node Type": "Seq Scan", "Parent Relationship": "Outer", "Parallel Aware": false, "Relation Name": "nation", "Alias": "nation_1", "Startup Cost": 0.0, "Total Cost": 1.25, "Plan Rows": 25, "Plan Width": 8}, {"Node Type": "Hash", "Parent Relationship": "Inner", "Parallel Aware": false, "Startup Cost": 1.06, "Total Cost": 1.06, "Plan Rows": 1, "Plan Width": 4, "Plans": [{"Node Type": "Seq Scan", "Parent Relationship": "Outer", "Parallel Aware": false, "Relation Name": "region", "Alias": "region_1", "Startup Cost": 0.0, "Total Cost": 1.06, "Plan Rows": 1, "Plan Width": 4, "Filter": "(r_name = 'EUROPE'::bpchar)"}]}]}]}]}]}]}]}]}}, {"Plan": {"Node Type": "Limit", "Parallel Aware": false, "Startup Cost": 440404.39, "Total Cost": 440404.39, "Plan Rows": 1, "Plan Width": 192, "Plans": [{"Node Type": "Sort", "Parent Relationship": "Outer", "Parallel Aware": false, "Startup Cost": 440404.39, "Total Cost": 440404.39, "Plan Rows": 1, "Plan Width": 192, "Sort Key": ["supplier.s_acctbal DESC", "nation.n_name", "supplier.s_name", "part.p_partkey"], "Plans": [{"Node Type": "Hash Join", "Parent Relationship": "Outer", "Parallel Aware": false, "Join Type": "Inner", "Startup Cost": 171062.19, "Total Cost": 440404.38, "Plan Rows": 1, "Plan Width": 192, "Inner Unique": false, "Hash Cond": "((part.p_partkey = partsupp.ps_partkey) AND ((SubPlan 1) = partsupp.ps_supplycost))", "Plans": [{"Node Type": "Gather", "Parent Relationship": "Outer", "Parallel Aware": false, "Startup Cost": 1000.0, "Total Cost": 52442.52, "Plan Rows": 8031, "Plan Width": 30, "Workers Planned": 3, "Single Copy": false, "Plans": [{"Node Type": "Seq Scan", "Parent Relationship": "Outer", "Parallel Aware": true, "Relation Name": "part", "Alias": "part", "Startup Cost": 0.0, "Total Cost": 50639.42, "Plan Rows": 2591, "Plan Width": 30, "Filter": "(((p_type)::text ~~ '%NICKEL'::text) AND (p_size = 42))"}]}, {"Node Type": "Hash", "Parent Relationship": "Inner", "Parallel Aware": false, "Startup Cost": 107002.39, "Total Cost": 107002.39, "Plan Rows": 1599920, "Plan Width": 172, "Plans": [{"Node Type": "Nested Loop", "Parent Relationship": "Outer", "Parallel Aware": false, "Join Type": "Inner", "Startup Cost": 41.29, "Total Cost": 107002.39, "Plan Rows": 1599920, "Plan Width": 172, "Inner Unique": false, "Plans": [{"Node Type": "Nested Loop", "Parent Relationship": "Outer", "Parallel Aware": false, "Join Type": "Inner", "Startup Cost": 40.0, "Total Cost": 1133.19, "Plan Rows": 20000, "Plan Width": 166, "Inner Unique": false, "Plans": [{"Node Type": "Nested Loop", "Parent Relationship": "Outer", "Parallel Aware": false, "Join Type": "Inner", "Startup Cost": 0.0, "Total Cost": 2.62, "Plan Rows": 5, "Plan Width": 30, "Inner Unique": false, "Join Filter": "(nation.n_regionkey = region.r_regionkey)", "Plans": [{"Node Type": "Seq Scan", "Parent Relationship": "Outer", "Parallel Aware": false, "Relation Name": "region", "Alias": "region", "Startup Cost": 0.0, "Total Cost": 1.06, "Plan Rows": 1, "Plan Width": 4, "Filter": "(r_name = 'EUROPE'::bpchar)"}, {"Node Type": "Seq Scan", "Parent Relationship": "Inner", "Parallel Aware": false, "Relation Name": "nation", "Alias": "nation", "Startup Cost": 0.0, "Total Cost": 1.25, "Plan Rows": 25, "Plan Width": 34}]}, {"Node Type": "Bitmap Heap Scan", "Parent Relationship": "Inner", "Parallel Aware": false, "Relation Name": "supplier", "Alias": "supplier", "Startup Cost": 40.0, "Total Cost": 186.11, "Plan Rows": 4000, "Plan Width": 144, "Recheck Cond": "(s_nationkey = nation.n_nationkey)", "Plans": [{"Node Type": "Bitmap Index Scan", "Parent Relationship": "Outer", "Parallel Aware": false, "Index Name": "idx_supplier_nation_key", "Startup Cost": 0.0, "Total Cost": 39.0, "Plan Rows": 4000, "Plan Width": 0, "Index Cond": "(s_nationkey = nation.n_nationkey)"}]}]}, {"Node Type": "Bitmap Heap Scan", "Parent Relationship": "Inner", "Parallel Aware": false, "Relation Name": "partsupp", "Alias": "partsupp", "Startup Cost": 1.29, "Total Cost": 4.49, "Plan Rows": 80, "Plan Width": 14, "Recheck Cond": "(ps_suppkey = supplier.s_suppkey)", "Plans": [{"Node Type": "Bitmap Index Scan", "Parent Relationship": "Outer", "Parallel Aware": false, "Index Name": "idx_partsupp_suppkey", "Startup Cost": 0.0, "Total Cost": 1.27, "Plan Rows": 80, "Plan Width": 0, "Index Cond": "(ps_suppkey = supplier.s_suppkey)"}]}]}]}, {"Node Type": "Aggregate", "Strategy": "Plain", "Partial Mode": "Simple", "Parent Relationship": "SubPlan", "Subplan Name": "SubPlan 1", "Parallel Aware": false, "Startup Cost": 22.23, "Total Cost": 22.24, "Plan Rows": 1, "Plan Width": 32, "Plans": [{"Node Type": "Hash Join", "Parent Relationship": "Outer", "Parallel Aware": false, "Join Type": "Inner", "Startup Cost": 5.48, "Total Cost": 22.23, "Plan Rows": 1, "Plan Width": 6, "Inner Unique": false, "Hash Cond": "(supplier_1.s_nationkey = nation_1.n_nationkey)", "Plans": [{"Node Type": "Nested Loop", "Parent Relationship": "Outer", "Parallel Aware": false, "Join Type": "Inner", "Startup Cost": 2.97, "Total Cost": 19.69, "Plan Rows": 5, "Plan Width": 10, "Inner Unique": true, "Plans": [{"Node Type": "Bitmap Heap Scan", "Parent Relationship": "Outer", "Parallel Aware": false, "Relation Name": "partsupp", "Alias": "partsupp_1", "Startup Cost": 1.57, "Total Cost": 7.13, "Plan Rows": 5, "Plan Width": 10, "Recheck Cond": "(part.p_partkey = ps_partkey)", "Plans": [{"Node Type": "Bitmap Index Scan", "Parent Relationship": "Outer", "Parallel Aware": false, "Index Name": "idx_partsupp_partkey", "Startup Cost": 0.0, "Total Cost": 1.57, "Plan Rows": 5, "Plan Width": 0, "Index Cond": "(ps_partkey = part.p_partkey)"}]}, {"Node Type": "Bitmap Heap Scan", "Parent Relationship": "Inner", "Parallel Aware": false, "Relation Name": "supplier", "Alias": "supplier_1", "Startup Cost": 1.4, "Total Cost": 2.51, "Plan Rows": 1, "Plan Width": 8, "Recheck Cond": "(s_suppkey = partsupp_1.ps_suppkey)", "Plans": [{"Node Type": "Bitmap Index Scan", "Parent Relationship": "Outer", "Parallel Aware": false, "Index Name": "supplier_pkey", "Startup Cost": 0.0, "Total Cost": 1.4, "Plan Rows": 1, "Plan Width": 0, "Index Cond": "(s_suppkey = partsupp_1.ps_suppkey)"}]}]}, {"Node Type": "Hash", "Parent Relationship": "Inner", "Parallel Aware": false, "Startup Cost": 2.45, "Total Cost": 2.45, "Plan Rows": 5, "Plan Width": 4, "Plans": [{"Node Type": "Hash Join", "Parent Relationship": "Outer", "Parallel Aware": false, "Join Type": "Inner", "Startup Cost": 1.07, "Total Cost": 2.45, "Plan Rows": 5, "Plan Width": 4, "Inner Unique": true, "Hash Cond": "(nation_1.n_regionkey = region_1.r_regionkey)", "Plans": [{"Node Type": "Seq Scan", "Parent Relationship": "Outer", "Parallel Aware": false, "Relation Name": "nation", "Alias": "nation_1", "Startup Cost": 0.0, "Total Cost": 1.25, "Plan Rows": 25, "Plan Width": 8}, {"Node Type": "Hash", "Parent Relationship": "Inner", "Parallel Aware": false, "Startup Cost": 1.06, "Total Cost": 1.06, "Plan Rows": 1, "Plan Width": 4, "Plans": [{"Node Type": "Seq Scan", "Parent Relationship": "Outer", "Parallel Aware": false, "Relation Name": "region", "Alias": "region_1", "Startup Cost": 0.0, "Total Cost": 1.06, "Plan Rows": 1, "Plan Width": 4, "Filter": "(r_name = 'EUROPE'::bpchar)"}]}]}]}]}]}]}]}]}}, {"Plan": {"Node Type": "Limit", "Parallel Aware": false, "Startup Cost": 28491873.93, "Total Cost": 28491873.94, "Plan Rows": 1, "Plan Width": 192, "Plans": [{"Node Type": "Sort", "Parent Relationship": "Outer", "Parallel Aware": false, "Startup Cost": 28491873.93, "Total Cost": 28491873.94, "Plan Rows": 1, "Plan Width": 192, "Sort Key": ["supplier.s_acctbal DESC", "nation.n_name", "supplier.s_name", "part.p_partkey"], "Plans": [{"Node Type": "Hash Join", "Parent Relationship": "Outer", "Parallel Aware": false, "Join Type": "Inner", "Startup Cost": 367477.09, "Total Cost": 28491873.92, "Plan Rows": 1, "Plan Width": 192, "Inner Unique": false, "Hash Cond": "((part.p_partkey = partsupp.ps_partkey) AND ((SubPlan 1) = partsupp.ps_supplycost))", "Plans": [{"Node Type": "Seq Scan", "Parent Relationship": "Outer", "Parallel Aware": false, "Relation Name": "part", "Alias": "part", "Startup Cost": 0.0, "Total Cost": 70962.0, "Plan Rows": 8031, "Plan Width": 30, "Filter": "(((p_type)::text ~~ '%NICKEL'::text) AND (p_size = 42))"}, {"Node Type": "Hash", "Parent Relationship": "Inner", "Parallel Aware": false, "Startup Cost": 304417.29, "Total Cost": 304417.29, "Plan Rows": 1599920, "Plan Width": 172, "Plans": [{"Node Type": "Hash Join", "Parent Relationship": "Outer", "Parallel Aware": false, "Join Type": "Inner", "Startup Cost": 4043.51, "Total Cost": 304417.29, "Plan Rows": 1599920, "Plan Width": 172, "Inner Unique": false, "Hash Cond": "(partsupp.ps_suppkey = supplier.s_suppkey)", "Plans": [{"Node Type": "Seq Scan", "Parent Relationship": "Outer", "Parallel Aware": false, "Relation Name": "partsupp", "Alias": "partsupp", "Startup Cost": 0.0, "Total Cost": 254382.0, "Plan Rows": 7999600, "Plan Width": 14}, {"Node Type": "Hash", "Parent Relationship": "Inner", "Parallel Aware": false, "Startup Cost": 3793.51, "Total Cost": 3793.51, "Plan Rows": 20000, "Plan Width": 166, "Plans": [{"Node Type": "Hash Join", "Parent Relationship": "Outer", "Parallel Aware": false, "Join Type": "Inner", "Startup Cost": 2.51, "Total Cost": 3793.51, "Plan Rows": 20000, "Plan Width": 166, "Inner Unique": false, "Hash Cond": "(supplier.s_nationkey = nation.n_nationkey)", "Plans": [{"Node Type": "Seq Scan", "Parent Relationship": "Outer", "Parallel Aware": false, "Relation Name": "supplier", "Alias": "supplier", "Startup Cost": 0.0, "Total Cost": 3216.0, "Plan Rows": 100000, "Plan Width": 144}, {"Node Type": "Hash", "Parent Relationship": "Inner", "Parallel Aware": false, "Startup Cost": 2.45, "Total Cost": 2.45, "Plan Rows": 5, "Plan Width": 30, "Plans": [{"Node Type": "Hash Join", "Parent Relationship": "Outer", "Parallel Aware": false, "Join Type": "Inner", "Startup Cost": 1.07, "Total Cost": 2.45, "Plan Rows": 5, "Plan Width": 30, "Inner Unique": true, "Hash Cond": "(nation.n_regionkey = region.r_regionkey)", "Plans": [{"Node Type": "Seq Scan", "Parent Relationship": "Outer", "Parallel Aware": false, "Relation Name": "nation", "Alias": "nation", "Startup Cost": 0.0, "Total Cost": 1.25, "Plan Rows": 25, "Plan Width": 34}, {"Node Type": "Hash", "Parent Relationship": "Inner", "Parallel Aware": false, "Startup Cost": 1.06, "Total Cost": 1.06, "Plan Rows": 1, "Plan Width": 4, "Plans": [{"Node Type": "Seq Scan", "Parent Relationship": "Outer", "Parallel Aware": false, "Relation Name": "region", "Alias": "region", "Startup Cost": 0.0, "Total Cost": 1.06, "Plan Rows": 1, "Plan Width": 4, "Filter": "(r_name = 'EUROPE'::bpchar)"}]}]}]}]}]}]}]}, {"Node Type": "Aggregate", "Strategy": "Plain", "Partial Mode": "Simple", "Parent Relationship": "SubPlan", "Subplan Name": "SubPlan 1", "Parallel Aware": false, "Startup Cost": 3488.25, "Total Cost": 3488.26, "Plan Rows": 1, "Plan Width": 32, "Plans": [{"Node Type": "Hash Join", "Parent Relationship": "Outer", "Parallel Aware": false, "Join Type": "Inner", "Startup Cost": 9.7, "Total Cost": 3488.24, "Plan Rows": 1, "Plan Width": 6, "Inner Unique": false, "Hash Cond": "(supplier_1.s_nationkey = nation_1.n_nationkey)", "Plans": [{"Node Type": "Hash Join", "Parent Relationship": "Outer", "Parallel Aware": false, "Join Type": "Inner", "Startup Cost": 7.19, "Total Cost": 3485.71, "Plan Rows": 5, "Plan Width": 10, "Inner Unique": true, "Hash Cond": "(supplier_1.s_suppkey = partsupp_1.ps_suppkey)", "Plans": [{"Node Type": "Seq Scan", "Parent Relationship": "Outer", "Parallel Aware": false, "Relation Name": "supplier", "Alias": "supplier_1", "Startup Cost": 0.0, "Total Cost": 3216.0, "Plan Rows": 100000, "Plan Width": 8}, {"Node Type": "Hash", "Parent Relationship": "Inner", "Parallel Aware": false, "Startup Cost": 7.13, "Total Cost": 7.13, "Plan Rows": 5, "Plan Width": 10, "Plans": [{"Node Type": "Bitmap Heap Scan", "Parent Relationship": "Outer", "Parallel Aware": false, "Relation Name": "partsupp", "Alias": "partsupp_1", "Startup Cost": 1.57, "Total Cost": 7.13, "Plan Rows": 5, "Plan Width": 10, "Recheck Cond": "(part.p_partkey = ps_partkey)", "Plans": [{"Node Type": "Bitmap Index Scan", "Parent Relationship": "Outer", "Parallel Aware": false, "Index Name": "idx_partsupp_partkey", "Startup Cost": 0.0, "Total Cost": 1.57, "Plan Rows": 5, "Plan Width": 0, "Index Cond": "(ps_partkey = part.p_partkey)"}]}]}]}, {"Node Type": "Hash", "Parent Relationship": "Inner", "Parallel Aware": false, "Startup Cost": 2.45, "Total Cost": 2.45, "Plan Rows": 5, "Plan Width": 4, "Plans": [{"Node Type": "Hash Join", "Parent Relationship": "Outer", "Parallel Aware": false, "Join Type": "Inner", "Startup Cost": 1.07, "Total Cost": 2.45, "Plan Rows": 5, "Plan Width": 4, "Inner Unique": true, "Hash Cond": "(nation_1.n_regionkey = region_1.r_regionkey)", "Plans": [{"Node Type": "Seq Scan", "Parent Relationship": "Outer", "Parallel Aware": false, "Relation Name": "nation", "Alias": "nation_1", "Startup Cost": 0.0, "Total Cost": 1.25, "Plan Rows": 25, "Plan Width": 8}, {"Node Type": "Hash", "Parent Relationship": "Inner", "Parallel Aware": false, "Startup Cost": 1.06, "Total Cost": 1.06, "Plan Rows": 1, "Plan Width": 4, "Plans": [{"Node Type": "Seq Scan", "Parent Relationship": "Outer", "Parallel Aware": false, "Relation Name": "region", "Alias": "region_1", "Startup Cost": 0.0, "Total Cost": 1.06, "Plan Rows": 1, "Plan Width": 4, "Filter": "(r_name = 'EUROPE'::bpchar)"}]}]}]}]}]}]}]}]}}, {"Plan": {"Node Type": "Limit", "Parallel Aware": false, "Startup Cost": 440404.39, "Total Cost": 440404.39, "Plan Rows": 1, "Plan Width": 192, "Plans": [{"Node Type": "Sort", "Parent Relationship": "Outer", "Parallel Aware": false, "Startup Cost": 440404.39, "Total Cost": 440404.39, "Plan Rows": 1, "Plan Width": 192, "Sort Key": ["supplier.s_acctbal DESC", "nation.n_name", "supplier.s_name", "part.p_partkey"], "Plans": [{"Node Type": "Hash Join", "Parent Relationship": "Outer", "Parallel Aware": false, "Join Type": "Inner", "Startup Cost": 171062.19, "Total Cost": 440404.38, "Plan Rows": 1, "Plan Width": 192, "Inner Unique": false, "Hash Cond": "((part.p_partkey = partsupp.ps_partkey) AND ((SubPlan 1) = partsupp.ps_supplycost))", "Plans": [{"Node Type": "Gather", "Parent Relationship": "Outer", "Parallel Aware": false, "Startup Cost": 1000.0, "Total Cost": 52442.52, "Plan Rows": 8031, "Plan Width": 30, "Workers Planned": 3, "Single Copy": false, "Plans": [{"Node Type": "Seq Scan", "Parent Relationship": "Outer", "Parallel Aware": true, "Relation Name": "part", "Alias": "part", "Startup Cost": 0.0, "Total Cost": 50639.42, "Plan Rows": 2591, "Plan Width": 30, "Filter": "(((p_type)::text ~~ '%NICKEL'::text) AND (p_size = 42))"}]}, {"Node Type": "Hash", "Parent Relationship": "Inner", "Parallel Aware": false, "Startup Cost": 107002.39, "Total Cost": 107002.39, "Plan Rows": 1599920, "Plan Width": 172, "Plans": [{"Node Type": "Nested Loop", "Parent Relationship": "Outer", "Parallel Aware": false, "Join Type": "Inner", "Startup Cost": 41.29, "Total Cost": 107002.39, "Plan Rows": 1599920, "Plan Width": 172, "Inner Unique": false, "Plans": [{"Node Type": "Nested Loop", "Parent Relationship": "Outer", "Parallel Aware": false, "Join Type": "Inner", "Startup Cost": 40.0, "Total Cost": 1133.19, "Plan Rows": 20000, "Plan Width": 166, "Inner Unique": false, "Plans": [{"Node Type": "Nested Loop", "Parent Relationship": "Outer", "Parallel Aware": false, "Join Type": "Inner", "Startup Cost": 0.0, "Total Cost": 2.62, "Plan Rows": 5, "Plan Width": 30, "Inner Unique": false, "Join Filter": "(nation.n_regionkey = region.r_regionkey)", "Plans": [{"Node Type": "Seq Scan", "Parent Relationship": "Outer", "Parallel Aware": false, "Relation Name": "region", "Alias": "region", "Startup Cost": 0.0, "Total Cost": 1.06, "Plan Rows": 1, "Plan Width": 4, "Filter": "(r_name = 'EUROPE'::bpchar)"}, {"Node Type": "Seq Scan", "Parent Relationship": "Inner", "Parallel Aware": false, "Relation Name": "nation", "Alias": "nation", "Startup Cost": 0.0, "Total Cost": 1.25, "Plan Rows": 25, "Plan Width": 34}]}, {"Node Type": "Bitmap Heap Scan", "Parent Relationship": "Inner", "Parallel Aware": false, "Relation Name": "supplier", "Alias": "supplier", "Startup Cost": 40.0, "Total Cost": 186.11, "Plan Rows": 4000, "Plan Width": 144, "Recheck Cond": "(s_nationkey = nation.n_nationkey)", "Plans": [{"Node Type": "Bitmap Index Scan", "Parent Relationship": "Outer", "Parallel Aware": false, "Index Name": "idx_supplier_nation_key", "Startup Cost": 0.0, "Total Cost": 39.0, "Plan Rows": 4000, "Plan Width": 0, "Index Cond": "(s_nationkey = nation.n_nationkey)"}]}]}, {"Node Type": "Bitmap Heap Scan", "Parent Relationship": "Inner", "Parallel Aware": false, "Relation Name": "partsupp", "Alias": "partsupp", "Startup Cost": 1.29, "Total Cost": 4.49, "Plan Rows": 80, "Plan Width": 14, "Recheck Cond": "(ps_suppkey = supplier.s_suppkey)", "Plans": [{"Node Type": "Bitmap Index Scan", "Parent Relationship": "Outer", "Parallel Aware": false, "Index Name": "idx_partsupp_suppkey", "Startup Cost": 0.0, "Total Cost": 1.27, "Plan Rows": 80, "Plan Width": 0, "Index Cond": "(ps_suppkey = supplier.s_suppkey)"}]}]}]}, {"Node Type": "Aggregate", "Strategy": "Plain", "Partial Mode": "Simple", "Parent Relationship": "SubPlan", "Subplan Name": "SubPlan 1", "Parallel Aware": false, "Startup Cost": 22.23, "Total Cost": 22.24, "Plan Rows": 1, "Plan Width": 32, "Plans": [{"Node Type": "Hash Join", "Parent Relationship": "Outer", "Parallel Aware": false, "Join Type": "Inner", "Startup Cost": 5.48, "Total Cost": 22.23, "Plan Rows": 1, "Plan Width": 6, "Inner Unique": false, "Hash Cond": "(supplier_1.s_nationkey = nation_1.n_nationkey)", "Plans": [{"Node Type": "Nested Loop", "Parent Relationship": "Outer", "Parallel Aware": false, "Join Type": "Inner", "Startup Cost": 2.97, "Total Cost": 19.69, "Plan Rows": 5, "Plan Width": 10, "Inner Unique": true, "Plans": [{"Node Type": "Bitmap Heap Scan", "Parent Relationship": "Outer", "Parallel Aware": false, "Relation Name": "partsupp", "Alias": "partsupp_1", "Startup Cost": 1.57, "Total Cost": 7.13, "Plan Rows": 5, "Plan Width": 10, "Recheck Cond": "(part.p_partkey = ps_partkey)", "Plans": [{"Node Type": "Bitmap Index Scan", "Parent Relationship": "Outer", "Parallel Aware": false, "Index Name": "idx_partsupp_partkey", "Startup Cost": 0.0, "Total Cost": 1.57, "Plan Rows": 5, "Plan Width": 0, "Index Cond": "(ps_partkey = part.p_partkey)"}]}, {"Node Type": "Bitmap Heap Scan", "Parent Relationship": "Inner", "Parallel Aware": false, "Relation Name": "supplier", "Alias": "supplier_1", "Startup Cost": 1.4, "Total Cost": 2.51, "Plan Rows": 1, "Plan Width": 8, "Recheck Cond": "(s_suppkey = partsupp_1.ps_suppkey)", "Plans": [{"Node Type": "Bitmap Index Scan", "Parent Relationship": "Outer", "Parallel Aware": false, "Index Name": "supplier_pkey", "Startup Cost": 0.0, "Total Cost": 1.4, "Plan Rows": 1, "Plan Width": 0, "Index Cond": "(s_suppkey = partsupp_1.ps_suppkey)"}]}]}, {"Node Type": "Hash", "Parent Relationship": "Inner", "Parallel Aware": false, "Startup Cost": 2.45, "Total Cost": 2.45, "Plan Rows": 5, "Plan Width": 4, "Plans": [{"Node Type": "Hash Join", "Parent Relationship": "Outer", "Parallel Aware": false, "Join Type": "Inner", "Startup Cost": 1.07, "Total Cost": 2.45, "Plan Rows": 5, "Plan Width": 4, "Inner Unique": true, "Hash Cond": "(nation_1.n_regionkey = region_1.r_regionkey)", "Plans": [{"Node Type": "Seq Scan", "Parent Relationship": "Outer", "Parallel Aware": false, "Relation Name": "nation", "Alias": "nation_1", "Startup Cost": 0.0, "Total Cost": 1.25, "Plan Rows": 25, "Plan Width": 8}, {"Node Type": "Hash", "Parent Relationship": "Inner", "Parallel Aware": false, "Startup Cost": 1.06, "Total Cost": 1.06, "Plan Rows": 1, "Plan Width": 4, "Plans": [{"Node Type": "Seq Scan", "Parent Relationship": "Outer", "Parallel Aware": false, "Relation Name": "region", "Alias": "region_1", "Startup Cost": 0.0, "Total Cost": 1.06, "Plan Rows": 1, "Plan Width": 4, "Filter": "(r_name = 'EUROPE'::bpchar)"}]}]}]}]}]}]}]}]}}, {"Plan": {"Node Type": "Limit", "Parallel Aware": false, "Startup Cost": 28491873.93, "Total Cost": 28491873.94, "Plan Rows": 1, "Plan Width": 192, "Plans": [{"Node Type": "Sort", "Parent Relationship": "Outer", "Parallel Aware": false, "Startup Cost": 28491873.93, "Total Cost": 28491873.94, "Plan Rows": 1, "Plan Width": 192, "Sort Key": ["supplier.s_acctbal DESC", "nation.n_name", "supplier.s_name", "part.p_partkey"], "Plans": [{"Node Type": "Hash Join", "Parent Relationship": "Outer", "Parallel Aware": false, "Join Type": "Inner", "Startup Cost": 367477.09, "Total Cost": 28491873.92, "Plan Rows": 1, "Plan Width": 192, "Inner Unique": false, "Hash Cond": "((part.p_partkey = partsupp.ps_partkey) AND ((SubPlan 1) = partsupp.ps_supplycost))", "Plans": [{"Node Type": "Seq Scan", "Parent Relationship": "Outer", "Parallel Aware": false, "Relation Name": "part", "Alias": "part", "Startup Cost": 0.0, "Total Cost": 70962.0, "Plan Rows": 8031, "Plan Width": 30, "Filter": "(((p_type)::text ~~ '%NICKEL'::text) AND (p_size = 42))"}, {"Node Type": "Hash", "Parent Relationship": "Inner", "Parallel Aware": false, "Startup Cost": 304417.29, "Total Cost": 304417.29, "Plan Rows": 1599920, "Plan Width": 172, "Plans": [{"Node Type": "Hash Join", "Parent Relationship": "Outer", "Parallel Aware": false, "Join Type": "Inner", "Startup Cost": 4043.51, "Total Cost": 304417.29, "Plan Rows": 1599920, "Plan Width": 172, "Inner Unique": false, "Hash Cond": "(partsupp.ps_suppkey = supplier.s_suppkey)", "Plans": [{"Node Type": "Seq Scan", "Parent Relationship": "Outer", "Parallel Aware": false, "Relation Name": "partsupp", "Alias": "partsupp", "Startup Cost": 0.0, "Total Cost": 254382.0, "Plan Rows": 7999600, "Plan Width": 14}, {"Node Type": "Hash", "Parent Relationship": "Inner", "Parallel Aware": false, "Startup Cost": 3793.51, "Total Cost": 3793.51, "Plan Rows": 20000, "Plan Width": 166, "Plans": [{"Node Type": "Hash Join", "Parent Relationship": "Outer", "Parallel Aware": false, "Join Type": "Inner", "Startup Cost": 2.51, "Total Cost": 3793.51, "Plan Rows": 20000, "Plan Width": 166, "Inner Unique": false, "Hash Cond": "(supplier.s_nationkey = nation.n_nationkey)", "Plans": [{"Node Type": "Seq Scan", "Parent Relationship": "Outer", "Parallel Aware": false, "Relation Name": "supplier", "Alias": "supplier", "Startup Cost": 0.0, "Total Cost": 3216.0, "Plan Rows": 100000, "Plan Width": 144}, {"Node Type": "Hash", "Parent Relationship": "Inner", "Parallel Aware": false, "Startup Cost": 2.45, "Total Cost": 2.45, "Plan Rows": 5, "Plan Width": 30, "Plans": [{"Node Type": "Hash Join", "Parent Relationship": "Outer", "Parallel Aware": false, "Join Type": "Inner", "Startup Cost": 1.07, "Total Cost": 2.45, "Plan Rows": 5, "Plan Width": 30, "Inner Unique": true, "Hash Cond": "(nation.n_regionkey = region.r_regionkey)", "Plans": [{"Node Type": "Seq Scan", "Parent Relationship": "Outer", "Parallel Aware": false, "Relation Name": "nation", "Alias": "nation", "Startup Cost": 0.0, "Total Cost": 1.25, "Plan Rows": 25, "Plan Width": 34}, {"Node Type": "Hash", "Parent Relationship": "Inner", "Parallel Aware": false, "Startup Cost": 1.06, "Total Cost": 1.06, "Plan Rows": 1, "Plan Width": 4, "Plans": [{"Node Type": "Seq Scan", "Parent Relationship": "Outer", "Parallel Aware": false, "Relation Name": "region", "Alias": "region", "Startup Cost": 0.0, "Total Cost": 1.06, "Plan Rows": 1, "Plan Width": 4, "Filter": "(r_name = 'EUROPE'::bpchar)"}]}]}]}]}]}]}]}, {"Node Type": "Aggregate", "Strategy": "Plain", "Partial Mode": "Simple", "Parent Relationship": "SubPlan", "Subplan Name": "SubPlan 1", "Parallel Aware": false, "Startup Cost": 3488.25, "Total Cost": 3488.26, "Plan Rows": 1, "Plan Width": 32, "Plans": [{"Node Type": "Hash Join", "Parent Relationship": "Outer", "Parallel Aware": false, "Join Type": "Inner", "Startup Cost": 9.7, "Total Cost": 3488.24, "Plan Rows": 1, "Plan Width": 6, "Inner Unique": false, "Hash Cond": "(supplier_1.s_nationkey = nation_1.n_nationkey)", "Plans": [{"Node Type": "Hash Join", "Parent Relationship": "Outer", "Parallel Aware": false, "Join Type": "Inner", "Startup Cost": 7.19, "Total Cost": 3485.71, "Plan Rows": 5, "Plan Width": 10, "Inner Unique": true, "Hash Cond": "(supplier_1.s_suppkey = partsupp_1.ps_suppkey)", "Plans": [{"Node Type": "Seq Scan", "Parent Relationship": "Outer", "Parallel Aware": false, "Relation Name": "supplier", "Alias": "supplier_1", "Startup Cost": 0.0, "Total Cost": 3216.0, "Plan Rows": 100000, "Plan Width": 8}, {"Node Type": "Hash", "Parent Relationship": "Inner", "Parallel Aware": false, "Startup Cost": 7.13, "Total Cost": 7.13, "Plan Rows": 5, "Plan Width": 10, "Plans": [{"Node Type": "Bitmap Heap Scan", "Parent Relationship": "Outer", "Parallel Aware": false, "Relation Name": "partsupp", "Alias": "partsupp_1", "Startup Cost": 1.57, "Total Cost": 7.13, "Plan Rows": 5, "Plan Width": 10, "Recheck Cond": "(part.p_partkey = ps_partkey)", "Plans": [{"Node Type": "Bitmap Index Scan", "Parent Relationship": "Outer", "Parallel Aware": false, "Index Name": "idx_partsupp_partkey", "Startup Cost": 0.0, "Total Cost": 1.57, "Plan Rows": 5, "Plan Width": 0, "Index Cond": "(ps_partkey = part.p_partkey)"}]}]}]}, {"Node Type": "Hash", "Parent Relationship": "Inner", "Parallel Aware": false, "Startup Cost": 2.45, "Total Cost": 2.45, "Plan Rows": 5, "Plan Width": 4, "Plans": [{"Node Type": "Hash Join", "Parent Relationship": "Outer", "Parallel Aware": false, "Join Type": "Inner", "Startup Cost": 1.07, "Total Cost": 2.45, "Plan Rows": 5, "Plan Width": 4, "Inner Unique": true, "Hash Cond": "(nation_1.n_regionkey = region_1.r_regionkey)", "Plans": [{"Node Type": "Seq Scan", "Parent Relationship": "Outer", "Parallel Aware": false, "Relation Name": "nation", "Alias": "nation_1", "Startup Cost": 0.0, "Total Cost": 1.25, "Plan Rows": 25, "Plan Width": 8}, {"Node Type": "Hash", "Parent Relationship": "Inner", "Parallel Aware": false, "Startup Cost": 1.06, "Total Cost": 1.06, "Plan Rows": 1, "Plan Width": 4, "Plans": [{"Node Type": "Seq Scan", "Parent Relationship": "Outer", "Parallel Aware": false, "Relation Name": "region", "Alias": "region_1", "Startup Cost": 0.0, "Total Cost": 1.06, "Plan Rows": 1, "Plan Width": 4, "Filter": "(r_name = 'EUROPE'::bpchar)"}]}]}]}]}]}]}]}]}}, {"Plan": {"Node Type": "Limit", "Parallel Aware": false, "Startup Cost": 28222267.22, "Total Cost": 28222267.22, "Plan Rows": 1, "Plan Width": 192, "Plans": [{"Node Type": "Sort", "Parent Relationship": "Outer", "Parallel Aware": false, "Startup Cost": 28222267.22, "Total Cost": 28222267.22, "Plan Rows": 1, "Plan Width": 192, "Sort Key": ["supplier.s_acctbal DESC", "nation.n_name", "supplier.s_name", "part.p_partkey"], "Plans": [{"Node Type": "Merge Join", "Parent Relationship": "Outer", "Parallel Aware": false, "Join Type": "Inner", "Startup Cost": 632144.69, "Total Cost": 28222267.21, "Plan Rows": 1, "Plan Width": 192, "Inner Unique": false, "Merge Cond": "(part.p_partkey = partsupp.ps_partkey)", "Join Filter": "(partsupp.ps_supplycost = (SubPlan 1))", "Plans": [{"Node Type": "Gather Merge", "Parent Relationship": "Outer", "Parallel Aware": false, "Startup Cost": 1000.47, "Total Cost": 68619.33, "Plan Rows": 8031, "Plan Width": 30, "Workers Planned": 3, "Plans": [{"Node Type": "Index Scan", "Parent Relationship": "Outer", "Parallel Aware": true, "Scan Direction": "Forward", "Index Name": "part_pkey", "Relation Name": "part", "Alias": "part", "Startup Cost": 0.43, "Total Cost": 66675.65, "Plan Rows": 2591, "Plan Width": 30, "Filter": "(((p_type)::text ~~ '%NICKEL'::text) AND (p_size = 42))"}]}, {"Node Type": "Materialize", "Parent Relationship": "Inner", "Parallel Aware": false, "Startup Cost": 631144.15, "Total Cost": 639143.75, "Plan Rows": 1599920, "Plan Width": 172, "Plans": [{"Node Type": "Sort", "Parent Relationship": "Outer", "Parallel Aware": false, "Startup Cost": 631144.15, "Total Cost": 635143.95, "Plan Rows": 1599920, "Plan Width": 172, "Sort Key": ["partsupp.ps_partkey"], "Plans": [{"Node Type": "Merge Join", "Parent Relationship": "Outer", "Parallel Aware": false, "Join Type": "Inner", "Startup Cost": 6230.15, "Total Cost": 386200.8, "Plan Rows": 1599920, "Plan Width": 172, "Inner Unique": false, "Merge Cond": "(partsupp.ps_suppkey = supplier.s_suppkey)", "Plans": [{"Node Type": "Index Scan", "Parent Relationship": "Outer", "Parallel Aware": false, "Scan Direction": "Forward", "Index Name": "idx_partsupp_suppkey", "Relation Name": "partsupp", "Alias": "partsupp", "Startup Cost": 0.43, "Total Cost": 335982.16, "Plan Rows": 7999600, "Plan Width": 14}, {"Node Type": "Sort", "Parent Relationship": "Inner", "Parallel Aware": false, "Startup Cost": 6229.72, "Total Cost": 6279.72, "Plan Rows": 20000, "Plan Width": 166, "Sort Key": ["supplier.s_suppkey"], "Plans": [{"Node Type": "Merge Join", "Parent Relationship": "Outer", "Parallel Aware": false, "Join Type": "Inner", "Startup Cost": 7.92, "Total Cost": 4800.95, "Plan Rows": 20000, "Plan Width": 166, "Inner Unique": false, "Merge Cond": "(supplier.s_nationkey = nation.n_nationkey)", "Plans": [{"Node Type": "Index Scan", "Parent Relationship": "Outer", "Parallel Aware": false, "Scan Direction": "Forward", "Index Name": "idx_supplier_nation_key", "Relation Name": "supplier", "Alias": "supplier", "Startup Cost": 0.42, "Total Cost": 4243.44, "Plan Rows": 100000, "Plan Width": 144}, {"Node Type": "Sort", "Parent Relationship": "Inner", "Parallel Aware": false, "Startup Cost": 7.51, "Total Cost": 7.52, "Plan Rows": 5, "Plan Width": 30, "Sort Key": ["nation.n_nationkey"], "Plans": [{"Node Type": "Merge Join", "Parent Relationship": "Outer", "Parallel Aware": false, "Join Type": "Inner", "Startup Cost": 0.27, "Total Cost": 7.45, "Plan Rows": 5, "Plan Width": 30, "Inner Unique": true, "Merge Cond": "(nation.n_regionkey = region.r_regionkey)", "Plans": [{"Node Type": "Index Scan", "Parent Relationship": "Outer", "Parallel Aware": false, "Scan Direction": "Forward", "Index Name": "idx_nation_regionkey", "Relation Name": "nation", "Alias": "nation", "Startup Cost": 0.14, "Total Cost": 3.81, "Plan Rows": 25, "Plan Width": 34}, {"Node Type": "Index Scan", "Parent Relationship": "Inner", "Parallel Aware": false, "Scan Direction": "Forward", "Index Name": "region_pkey", "Relation Name": "region", "Alias": "region", "Startup Cost": 0.13, "Total Cost": 3.52, "Plan Rows": 1, "Plan Width": 4, "Filter": "(r_name = 'EUROPE'::bpchar)"}]}]}]}]}]}]}]}, {"Node Type": "Aggregate", "Strategy": "Plain", "Partial Mode": "Simple", "Parent Relationship": "SubPlan", "Subplan Name": "SubPlan 1", "Parallel Aware": false, "Startup Cost": 4282.43, "Total Cost": 4282.44, "Plan Rows": 1, "Plan Width": 32, "Plans": [{"Node Type": "Merge Join", "Parent Relationship": "Outer", "Parallel Aware": false, "Join Type": "Inner", "Startup Cost": 4279.0, "Total Cost": 4282.43, "Plan Rows": 1, "Plan Width": 6, "Inner Unique": true, "Merge Cond": "(nation_1.n_regionkey = region_1.r_regionkey)", "Plans": [{"Node Type": "Sort", "Parent Relationship": "Outer", "Parallel Aware": false, "Startup Cost": 4278.87, "Total Cost": 4278.88, "Plan Rows": 5, "Plan Width": 10, "Sort Key": ["nation_1.n_regionkey"], "Plans": [{"Node Type": "Merge Join", "Parent Relationship": "Outer", "Parallel Aware": false, "Join Type": "Inner", "Startup Cost": 4275.0, "Total Cost": 4278.81, "Plan Rows": 5, "Plan Width": 10, "Inner Unique": false, "Merge Cond": "(nation_1.n_nationkey = supplier_1.s_nationkey)", "Plans": [{"Node Type": "Index Scan", "Parent Relationship": "Outer", "Parallel Aware": false, "Scan Direction": "Forward", "Index Name": "nation_pkey", "Relation Name": "nation", "Alias": "nation_1", "Startup Cost": 0.14, "Total Cost": 3.81, "Plan Rows": 25, "Plan Width": 8}, {"Node Type": "Sort", "Parent Relationship": "Inner", "Parallel Aware": false, "Startup Cost": 4274.86, "Total Cost": 4274.88, "Plan Rows": 5, "Plan Width": 10, "Sort Key": ["supplier_1.s_nationkey"], "Plans": [{"Node Type": "Merge Join", "Parent Relationship": "Outer", "Parallel Aware": false, "Join Type": "Inner", "Startup Cost": 0.77, "Total Cost": 4274.81, "Plan Rows": 5, "Plan Width": 10, "Inner Unique": true, "Merge Cond": "(partsupp_1.ps_suppkey = supplier_1.s_suppkey)", "Plans": [{"Node Type": "Index Scan", "Parent Relationship": "Outer", "Parallel Aware": false, "Scan Direction": "Forward", "Index Name": "partsupp_pkey", "Relation Name": "partsupp", "Alias": "partsupp_1", "Startup Cost": 0.43, "Total Cost": 4.65, "Plan Rows": 5, "Plan Width": 10, "Index Cond": "(ps_partkey = part.p_partkey)"}, {"Node Type": "Index Scan", "Parent Relationship": "Inner", "Parallel Aware": false, "Scan Direction": "Forward", "Index Name": "supplier_pkey", "Relation Name": "supplier", "Alias": "supplier_1", "Startup Cost": 0.29, "Total Cost": 4020.1, "Plan Rows": 100000, "Plan Width": 8}]}]}]}]}, {"Node Type": "Index Scan", "Parent Relationship": "Inner", "Parallel Aware": false, "Scan Direction": "Forward", "Index Name": "region_pkey", "Relation Name": "region", "Alias": "region_1", "Startup Cost": 0.13, "Total Cost": 3.52, "Plan Rows": 1, "Plan Width": 4, "Filter": "(r_name = 'EUROPE'::bpchar)"}]}]}]}]}]}}, {"Plan": {"Node Type": "Limit", "Parallel Aware": false, "Startup Cost": 534963.76, "Total Cost": 534963.77, "Plan Rows": 1, "Plan Width": 192, "Plans": [{"Node Type": "Sort", "Parent Relationship": "Outer", "Parallel Aware": false, "Startup Cost": 534963.76, "Total Cost": 534963.77, "Plan Rows": 1, "Plan Width": 192, "Sort Key": ["supplier.s_acctbal DESC", "nation.n_name", "supplier.s_name", "part.p_partkey"], "Plans": [{"Node Type": "Merge Join", "Parent Relationship": "Outer", "Parallel Aware": false, "Join Type": "Inner", "Startup Cost": 342879.44, "Total Cost": 534963.75, "Plan Rows": 1, "Plan Width": 192, "Inner Unique": false, "Merge Cond": "(part.p_partkey = partsupp.ps_partkey)", "Join Filter": "(partsupp.ps_supplycost = (SubPlan 1))", "Plans": [{"Node Type": "Gather Merge", "Parent Relationship": "Outer", "Parallel Aware": false, "Startup Cost": 1000.47, "Total Cost": 68619.33, "Plan Rows": 8031, "Plan Width": 30, "Workers Planned": 3, "Plans": [{"Node Type": "Index Scan", "Parent Relationship": "Outer", "Parallel Aware": true, "Scan Direction": "Forward", "Index Name": "part_pkey", "Relation Name": "part", "Alias": "part", "Startup Cost": 0.43, "Total Cost": 66675.65, "Plan Rows": 2591, "Plan Width": 30, "Filter": "(((p_type)::text ~~ '%NICKEL'::text) AND (p_size = 42))"}]}, {"Node Type": "Materialize", "Parent Relationship": "Inner", "Parallel Aware": false, "Startup Cost": 341878.9, "Total Cost": 349878.5, "Plan Rows": 1599920, "Plan Width": 172, "Plans": [{"Node Type": "Sort", "Parent Relationship": "Outer", "Parallel Aware": false, "Startup Cost": 341878.9, "Total Cost": 345878.7, "Plan Rows": 1599920, "Plan Width": 172, "Sort Key": ["partsupp.ps_partkey"], "Plans": [{"Node Type": "Nested Loop", "Parent Relationship": "Outer", "Parallel Aware": false, "Join Type": "Inner", "Startup Cost": 1.12, "Total Cost": 96935.55, "Plan Rows": 1599920, "Plan Width": 172, "Inner Unique": false, "Plans": [{"Node Type": "Nested Loop", "Parent Relationship": "Outer", "Parallel Aware": false, "Join Type": "Inner", "Startup Cost": 0.69, "Total Cost": 1088.23, "Plan Rows": 20000, "Plan Width": 166, "Inner Unique": false, "Plans": [{"Node Type": "Nested Loop", "Parent Relationship": "Outer", "Parallel Aware": false, "Join Type": "Inner", "Startup Cost": 0.27, "Total Cost": 6.0, "Plan Rows": 5, "Plan Width": 30, "Inner Unique": false, "Plans": [{"Node Type": "Index Scan", "Parent Relationship": "Outer", "Parallel Aware": false, "Scan Direction": "Forward", "Index Name": "region_pkey", "Relation Name": "region", "Alias": "region", "Startup Cost": 0.13, "Total Cost": 3.52, "Plan Rows": 1, "Plan Width": 4, "Filter": "(r_name = 'EUROPE'::bpchar)"}, {"Node Type": "Index Scan", "Parent Relationship": "Inner", "Parallel Aware": false, "Scan Direction": "Forward", "Index Name": "idx_nation_regionkey", "Relation Name": "nation", "Alias": "nation", "Startup Cost": 0.14, "Total Cost": 2.43, "Plan Rows": 5, "Plan Width": 34, "Index Cond": "(n_regionkey = region.r_regionkey)"}]}, {"Node Type": "Index Scan", "Parent Relationship": "Inner", "Parallel Aware": false, "Scan Direction": "Forward", "Index Name": "idx_supplier_nation_key", "Relation Name": "supplier", "Alias": "supplier", "Startup Cost": 0.42, "Total Cost": 176.45, "Plan Rows": 4000, "Plan Width": 144, "Index Cond": "(s_nationkey = nation.n_nationkey)"}]}, {"Node Type": "Index Scan", "Parent Relationship": "Inner", "Parallel Aware": false, "Scan Direction": "Forward", "Index Name": "idx_partsupp_suppkey", "Relation Name": "partsupp", "Alias": "partsupp", "Startup Cost": 0.43, "Total Cost": 3.99, "Plan Rows": 80, "Plan Width": 14, "Index Cond": "(ps_suppkey = supplier.s_suppkey)"}]}]}]}, {"Node Type": "Aggregate", "Strategy": "Plain", "Partial Mode": "Simple", "Parent Relationship": "SubPlan", "Subplan Name": "SubPlan 1", "Parallel Aware": false, "Startup Cost": 17.48, "Total Cost": 17.49, "Plan Rows": 1, "Plan Width": 32, "Plans": [{"Node Type": "Nested Loop", "Parent Relationship": "Outer", "Parallel Aware": false, "Join Type": "Inner", "Startup Cost": 1.0, "Total Cost": 17.48, "Plan Rows": 1, "Plan Width": 6, "Inner Unique": true, "Plans": [{"Node Type": "Nested Loop", "Parent Relationship": "Outer", "Parallel Aware": false, "Join Type": "Inner", "Startup Cost": 0.86, "Total Cost": 16.05, "Plan Rows": 5, "Plan Width": 10, "Inner Unique": true, "Plans": [{"Node Type": "Nested Loop", "Parent Relationship": "Outer", "Parallel Aware": false, "Join Type": "Inner", "Startup Cost": 0.72, "Total Cost": 15.27, "Plan Rows": 5, "Plan Width": 10, "Inner Unique": true, "Plans": [{"Node Type": "Index Scan", "Parent Relationship": "Outer", "Parallel Aware": false, "Scan Direction": "Forward", "Index Name": "idx_partsupp_partkey", "Relation Name": "partsupp", "Alias": "partsupp_1", "Startup Cost": 0.43, "Total Cost": 2.72, "Plan Rows": 5, "Plan Width": 10, "Index Cond": "(ps_partkey = part.p_partkey)"}, {"Node Type": "Index Scan", "Parent Relationship": "Inner", "Parallel Aware": false, "Scan Direction": "Forward", "Index Name": "supplier_pkey", "Relation Name": "supplier", "Alias": "supplier_1", "Startup Cost": 0.29, "Total Cost": 2.51, "Plan Rows": 1, "Plan Width": 8, "Index Cond": "(s_suppkey = partsupp_1.ps_suppkey)"}]}, {"Node Type": "Index Scan", "Parent Relationship": "Inner", "Parallel Aware": false, "Scan Direction": "Forward", "Index Name": "nation_pkey", "Relation Name": "nation", "Alias": "nation_1", "Startup Cost": 0.14, "Total Cost": 0.16, "Plan Rows": 1, "Plan Width": 8, "Index Cond": "(n_nationkey = supplier_1.s_nationkey)"}]}, {"Node Type": "Index Scan", "Parent Relationship": "Inner", "Parallel Aware": false, "Scan Direction": "Forward", "Index Name": "region_pkey", "Relation Name": "region", "Alias": "region_1", "Startup Cost": 0.13, "Total Cost": 0.28, "Plan Rows": 1, "Plan Width": 4, "Index Cond": "(r_regionkey = nation_1.n_regionkey)", "Filter": "(r_name = 'EUROPE'::bpchar)"}]}]}]}]}]}}, {"Plan": {"Node Type": "Limit", "Parallel Aware": false, "Startup Cost": 532985.01, "Total Cost": 532985.02, "Plan Rows": 1, "Plan Width": 192, "Plans": [{"Node Type": "Sort", "Parent Relationship": "Outer", "Parallel Aware": false, "Startup Cost": 532985.01, "Total Cost": 532985.02, "Plan Rows": 1, "Plan Width": 192, "Sort Key": ["supplier.s_acctbal DESC", "nation.n_name", "supplier.s_name", "part.p_partkey"], "Plans": [{"Node Type": "Merge Join", "Parent Relationship": "Outer", "Parallel Aware": false, "Join Type": "Inner", "Startup Cost": 342876.07, "Total Cost": 532985.0, "Plan Rows": 1, "Plan Width": 192, "Inner Unique": false, "Merge Cond": "(part.p_partkey = partsupp.ps_partkey)", "Join Filter": "(partsupp.ps_supplycost = (SubPlan 1))", "Plans": [{"Node Type": "Gather Merge", "Parent Relationship": "Outer", "Parallel Aware": false, "Startup Cost": 1000.47, "Total Cost": 68619.33, "Plan Rows": 8031, "Plan Width": 30, "Workers Planned": 3, "Plans": [{"Node Type": "Index Scan", "Parent Relationship": "Outer", "Parallel Aware": true, "Scan Direction": "Forward", "Index Name": "part_pkey", "Relation Name": "part", "Alias": "part", "Startup Cost": 0.43, "Total Cost": 66675.65, "Plan Rows": 2591, "Plan Width": 30, "Filter": "(((p_type)::text ~~ '%NICKEL'::text) AND (p_size = 42))"}]}, {"Node Type": "Materialize", "Parent Relationship": "Inner", "Parallel Aware": false, "Startup Cost": 341875.53, "Total Cost": 349875.13, "Plan Rows": 1599920, "Plan Width": 172, "Plans": [{"Node Type": "Sort", "Parent Relationship": "Outer", "Parallel Aware": false, "Startup Cost": 341875.53, "Total Cost": 345875.33, "Plan Rows": 1599920, "Plan Width": 172, "Sort Key": ["partsupp.ps_partkey"], "Plans": [{"Node Type": "Nested Loop", "Parent Relationship": "Outer", "Parallel Aware": false, "Join Type": "Inner", "Startup Cost": 0.85, "Total Cost": 96932.18, "Plan Rows": 1599920, "Plan Width": 172, "Inner Unique": false, "Plans": [{"Node Type": "Nested Loop", "Parent Relationship": "Outer", "Parallel Aware": false, "Join Type": "Inner", "Startup Cost": 0.42, "Total Cost": 1084.86, "Plan Rows": 20000, "Plan Width": 166, "Inner Unique": false, "Plans": [{"Node Type": "Nested Loop", "Parent Relationship": "Outer", "Parallel Aware": false, "Join Type": "Inner", "Startup Cost": 0.0, "Total Cost": 2.62, "Plan Rows": 5, "Plan Width": 30, "Inner Unique": false, "Join Filter": "(nation.n_regionkey = region.r_regionkey)", "Plans": [{"Node Type": "Seq Scan", "Parent Relationship": "Outer", "Parallel Aware": false, "Relation Name": "region", "Alias": "region", "Startup Cost": 0.0, "Total Cost": 1.06, "Plan Rows": 1, "Plan Width": 4, "Filter": "(r_name = 'EUROPE'::bpchar)"}, {"Node Type": "Seq Scan", "Parent Relationship": "Inner", "Parallel Aware": false, "Relation Name": "nation", "Alias": "nation", "Startup Cost": 0.0, "Total Cost": 1.25, "Plan Rows": 25, "Plan Width": 34}]}, {"Node Type": "Index Scan", "Parent Relationship": "Inner", "Parallel Aware": false, "Scan Direction": "Forward", "Index Name": "idx_supplier_nation_key", "Relation Name": "supplier", "Alias": "supplier", "Startup Cost": 0.42, "Total Cost": 176.45, "Plan Rows": 4000, "Plan Width": 144, "Index Cond": "(s_nationkey = nation.n_nationkey)"}]}, {"Node Type": "Index Scan", "Parent Relationship": "Inner", "Parallel Aware": false, "Scan Direction": "Forward", "Index Name": "idx_partsupp_suppkey", "Relation Name": "partsupp", "Alias": "partsupp", "Startup Cost": 0.43, "Total Cost": 3.99, "Plan Rows": 80, "Plan Width": 14, "Index Cond": "(ps_suppkey = supplier.s_suppkey)"}]}]}]}, {"Node Type": "Aggregate", "Strategy": "Plain", "Partial Mode": "Simple", "Parent Relationship": "SubPlan", "Subplan Name": "SubPlan 1", "Parallel Aware": false, "Startup Cost": 17.17, "Total Cost": 17.18, "Plan Rows": 1, "Plan Width": 32, "Plans": [{"Node Type": "Nested Loop", "Parent Relationship": "Outer", "Parallel Aware": false, "Join Type": "Inner", "Startup Cost": 0.86, "Total Cost": 17.17, "Plan Rows": 1, "Plan Width": 6, "Inner Unique": false, "Join Filter": "(nation_1.n_regionkey = region_1.r_regionkey)", "Plans": [{"Node Type": "Seq Scan", "Parent Relationship": "Outer", "Parallel Aware": false, "Relation Name": "region", "Alias": "region_1", "Startup Cost": 0.0, "Total Cost": 1.06, "Plan Rows": 1, "Plan Width": 4, "Filter": "(r_name = 'EUROPE'::bpchar)"}, {"Node Type": "Nested Loop", "Parent Relationship": "Inner", "Parallel Aware": false, "Join Type": "Inner", "Startup Cost": 0.86, "Total Cost": 16.05, "Plan Rows": 5, "Plan Width": 10, "Inner Unique": true, "Plans": [{"Node Type": "Nested Loop", "Parent Relationship": "Outer", "Parallel Aware": false, "Join Type": "Inner", "Startup Cost": 0.72, "Total Cost": 15.27, "Plan Rows": 5, "Plan Width": 10, "Inner Unique": true, "Plans": [{"Node Type": "Index Scan", "Parent Relationship": "Outer", "Parallel Aware": false, "Scan Direction": "Forward", "Index Name": "idx_partsupp_partkey", "Relation Name": "partsupp", "Alias": "partsupp_1", "Startup Cost": 0.43, "Total Cost": 2.72, "Plan Rows": 5, "Plan Width": 10, "Index Cond": "(ps_partkey = part.p_partkey)"}, {"Node Type": "Index Scan", "Parent Relationship": "Inner", "Parallel Aware": false, "Scan Direction": "Forward", "Index Name": "supplier_pkey", "Relation Name": "supplier", "Alias": "supplier_1", "Startup Cost": 0.29, "Total Cost": 2.51, "Plan Rows": 1, "Plan Width": 8, "Index Cond": "(s_suppkey = partsupp_1.ps_suppkey)"}]}, {"Node Type": "Index Scan", "Parent Relationship": "Inner", "Parallel Aware": false, "Scan Direction": "Forward", "Index Name": "nation_pkey", "Relation Name": "nation", "Alias": "nation_1", "Startup Cost": 0.14, "Total Cost": 0.16, "Plan Rows": 1, "Plan Width": 8, "Index Cond": "(n_nationkey = supplier_1.s_nationkey)"}]}]}]}]}]}]}}, {"Plan": {"Node Type": "Limit", "Parallel Aware": false, "Startup Cost": 28194241.25, "Total Cost": 28194241.25, "Plan Rows": 1, "Plan Width": 192, "Plans": [{"Node Type": "Sort", "Parent Relationship": "Outer", "Parallel Aware": false, "Startup Cost": 28194241.25, "Total Cost": 28194241.25, "Plan Rows": 1, "Plan Width": 192, "Sort Key": ["supplier.s_acctbal DESC", "nation.n_name", "supplier.s_name", "part.p_partkey"], "Plans": [{"Node Type": "Merge Join", "Parent Relationship": "Outer", "Parallel Aware": false, "Join Type": "Inner", "Startup Cost": 632140.32, "Total Cost": 28194241.24, "Plan Rows": 1, "Plan Width": 192, "Inner Unique": false, "Merge Cond": "(part.p_partkey = partsupp.ps_partkey)", "Join Filter": "(partsupp.ps_supplycost = (SubPlan 1))", "Plans": [{"Node Type": "Gather Merge", "Parent Relationship": "Outer", "Parallel Aware": false, "Startup Cost": 1000.47, "Total Cost": 68619.33, "Plan Rows": 8031, "Plan Width": 30, "Workers Planned": 3, "Plans": [{"Node Type": "Index Scan", "Parent Relationship": "Outer", "Parallel Aware": true, "Scan Direction": "Forward", "Index Name": "part_pkey", "Relation Name": "part", "Alias": "part", "Startup Cost": 0.43, "Total Cost": 66675.65, "Plan Rows": 2591, "Plan Width": 30, "Filter": "(((p_type)::text ~~ '%NICKEL'::text) AND (p_size = 42))"}]}, {"Node Type": "Materialize", "Parent Relationship": "Inner", "Parallel Aware": false, "Startup Cost": 631139.79, "Total Cost": 639139.39, "Plan Rows": 1599920, "Plan Width": 172, "Plans": [{"Node Type": "Sort", "Parent Relationship": "Outer", "Parallel Aware": false, "Startup Cost": 631139.79, "Total Cost": 635139.59, "Plan Rows": 1599920, "Plan Width": 172, "Sort Key": ["partsupp.ps_partkey"], "Plans": [{"Node Type": "Merge Join", "Parent Relationship": "Outer", "Parallel Aware": false, "Join Type": "Inner", "Startup Cost": 6225.79, "Total Cost": 386196.43, "Plan Rows": 1599920, "Plan Width": 172, "Inner Unique": false, "Merge Cond": "(partsupp.ps_suppkey = supplier.s_suppkey)", "Plans": [{"Node Type": "Index Scan", "Parent Relationship": "Outer", "Parallel Aware": false, "Scan Direction": "Forward", "Index Name": "idx_partsupp_suppkey", "Relation Name": "partsupp", "Alias": "partsupp", "Startup Cost": 0.43, "Total Cost": 335982.16, "Plan Rows": 7999600, "Plan Width": 14}, {"Node Type": "Sort", "Parent Relationship": "Inner", "Parallel Aware": false, "Startup Cost": 6225.36, "Total Cost": 6275.36, "Plan Rows": 20000, "Plan Width": 166, "Sort Key": ["supplier.s_suppkey"], "Plans": [{"Node Type": "Merge Join", "Parent Relationship": "Outer", "Parallel Aware": false, "Join Type": "Inner", "Startup Cost": 3.56, "Total Cost": 4796.58, "Plan Rows": 20000, "Plan Width": 166, "Inner Unique": false, "Merge Cond": "(supplier.s_nationkey = nation.n_nationkey)", "Plans": [{"Node Type": "Index Scan", "Parent Relationship": "Outer", "Parallel Aware": false, "Scan Direction": "Forward", "Index Name": "idx_supplier_nation_key", "Relation Name": "supplier", "Alias": "supplier", "Startup Cost": 0.42, "Total Cost": 4243.44, "Plan Rows": 100000, "Plan Width": 144}, {"Node Type": "Sort", "Parent Relationship": "Inner", "Parallel Aware": false, "Startup Cost": 3.14, "Total Cost": 3.16, "Plan Rows": 5, "Plan Width": 30, "Sort Key": ["nation.n_nationkey"], "Plans": [{"Node Type": "Merge Join", "Parent Relationship": "Outer", "Parallel Aware": false, "Join Type": "Inner", "Startup Cost": 2.9, "Total Cost": 3.09, "Plan Rows": 5, "Plan Width": 30, "Inner Unique": true, "Merge Cond": "(nation.n_regionkey = region.r_regionkey)", "Plans": [{"Node Type": "Sort", "Parent Relationship": "Outer", "Parallel Aware": false, "Startup Cost": 1.83, "Total Cost": 1.89, "Plan Rows": 25, "Plan Width": 34, "Sort Key": ["nation.n_regionkey"], "Plans": [{"Node Type": "Seq Scan", "Parent Relationship": "Outer", "Parallel Aware": false, "Relation Name": "nation", "Alias": "nation", "Startup Cost": 0.0, "Total Cost": 1.25, "Plan Rows": 25, "Plan Width": 34}]}, {"Node Type": "Sort", "Parent Relationship": "Inner", "Parallel Aware": false, "Startup Cost": 1.07, "Total Cost": 1.08, "Plan Rows": 1, "Plan Width": 4, "Sort Key": ["region.r_regionkey"], "Plans": [{"Node Type": "Seq Scan", "Parent Relationship": "Outer", "Parallel Aware": false, "Relation Name": "region", "Alias": "region", "Startup Cost": 0.0, "Total Cost": 1.06, "Plan Rows": 1, "Plan Width": 4, "Filter": "(r_name = 'EUROPE'::bpchar)"}]}]}]}]}]}]}]}]}, {"Node Type": "Aggregate", "Strategy": "Plain", "Partial Mode": "Simple", "Parent Relationship": "SubPlan", "Subplan Name": "SubPlan 1", "Parallel Aware": false, "Startup Cost": 4278.07, "Total Cost": 4278.08, "Plan Rows": 1, "Plan Width": 32, "Plans": [{"Node Type": "Merge Join", "Parent Relationship": "Outer", "Parallel Aware": false, "Join Type": "Inner", "Startup Cost": 4278.01, "Total Cost": 4278.07, "Plan Rows": 1, "Plan Width": 6, "Inner Unique": false, "Merge Cond": "(supplier_1.s_nationkey = nation_1.n_nationkey)", "Plans": [{"Node Type": "Sort", "Parent Relationship": "Outer", "Parallel Aware": false, "Startup Cost": 4274.86, "Total Cost": 4274.88, "Plan Rows": 5, "Plan Width": 10, "Sort Key": ["supplier_1.s_nationkey"], "Plans": [{"Node Type": "Merge Join", "Parent Relationship": "Outer", "Parallel Aware": false, "Join Type": "Inner", "Startup Cost": 0.77, "Total Cost": 4274.81, "Plan Rows": 5, "Plan Width": 10, "Inner Unique": true, "Merge Cond": "(partsupp_1.ps_suppkey = supplier_1.s_suppkey)", "Plans": [{"Node Type": "Index Scan", "Parent Relationship": "Outer", "Parallel Aware": false, "Scan Direction": "Forward", "Index Name": "partsupp_pkey", "Relation Name": "partsupp", "Alias": "partsupp_1", "Startup Cost": 0.43, "Total Cost": 4.65, "Plan Rows": 5, "Plan Width": 10, "Index Cond": "(ps_partkey = part.p_partkey)"}, {"Node Type": "Index Scan", "Parent Relationship": "Inner", "Parallel Aware": false, "Scan Direction": "Forward", "Index Name": "supplier_pkey", "Relation Name": "supplier", "Alias": "supplier_1", "Startup Cost": 0.29, "Total Cost": 4020.1, "Plan Rows": 100000, "Plan Width": 8}]}]}, {"Node Type": "Sort", "Parent Relationship": "Inner", "Parallel Aware": false, "Startup Cost": 3.14, "Total Cost": 3.16, "Plan Rows": 5, "Plan Width": 4, "Sort Key": ["nation_1.n_nationkey"], "Plans": [{"Node Type": "Merge Join", "Parent Relationship": "Outer", "Parallel Aware": false, "Join Type": "Inner", "Startup Cost": 2.9, "Total Cost": 3.09, "Plan Rows": 5, "Plan Width": 4, "Inner Unique": true, "Merge Cond": "(nation_1.n_regionkey = region_1.r_regionkey)", "Plans": [{"Node Type": "Sort", "Parent Relationship": "Outer", "Parallel Aware": false, "Startup Cost": 1.83, "Total Cost": 1.89, "Plan Rows": 25, "Plan Width": 8, "Sort Key": ["nation_1.n_regionkey"], "Plans": [{"Node Type": "Seq Scan", "Parent Relationship": "Outer", "Parallel Aware": false, "Relation Name": "nation", "Alias": "nation_1", "Startup Cost": 0.0, "Total Cost": 1.25, "Plan Rows": 25, "Plan Width": 8}]}, {"Node Type": "Sort", "Parent Relationship": "Inner", "Parallel Aware": false, "Startup Cost": 1.07, "Total Cost": 1.08, "Plan Rows": 1, "Plan Width": 4, "Sort Key": ["region_1.r_regionkey"], "Plans": [{"Node Type": "Seq Scan", "Parent Relationship": "Outer", "Parallel Aware": false, "Relation Name": "region", "Alias": "region_1", "Startup Cost": 0.0, "Total Cost": 1.06, "Plan Rows": 1, "Plan Width": 4, "Filter": "(r_name = 'EUROPE'::bpchar)"}]}]}]}]}]}]}]}]}}, {"Plan": {"Node Type": "Limit", "Parallel Aware": false, "Startup Cost": 792793.05, "Total Cost": 792793.05, "Plan Rows": 1, "Plan Width": 192, "Plans": [{"Node Type": "Sort", "Parent Relationship": "Outer", "Parallel Aware": false, "Startup Cost": 792793.05, "Total Cost": 792793.05, "Plan Rows": 1, "Plan Width": 192, "Sort Key": ["supplier.s_acctbal DESC", "nation.n_name", "supplier.s_name", "part.p_partkey"], "Plans": [{"Node Type": "Nested Loop", "Parent Relationship": "Outer", "Parallel Aware": false, "Join Type": "Inner", "Startup Cost": 1001.59, "Total Cost": 792793.04, "Plan Rows": 1, "Plan Width": 192, "Inner Unique": false, "Join Filter": "(partsupp.ps_suppkey = supplier.s_suppkey)", "Plans": [{"Node Type": "Nested Loop", "Parent Relationship": "Outer", "Parallel Aware": false, "Join Type": "Inner", "Startup Cost": 1000.9, "Total Cost": 791454.81, "Plan Rows": 1, "Plan Width": 34, "Inner Unique": false, "Plans": [{"Node Type": "Gather Merge", "Parent Relationship": "Outer", "Parallel Aware": false, "Startup Cost": 1000.47, "Total Cost": 68619.33, "Plan Rows": 8031, "Plan Width": 30, "Workers Planned": 3, "Plans": [{"Node Type": "Index Scan", "Parent Relationship": "Outer", "Parallel Aware": true, "Scan Direction": "Forward", "Index Name": "part_pkey", "Relation Name": "part", "Alias": "part", "Startup Cost": 0.43, "Total Cost": 66675.65, "Plan Rows": 2591, "Plan Width": 30, "Filter": "(((p_type)::text ~~ '%NICKEL'::text) AND (p_size = 42))"}]}, {"Node Type": "Index Scan", "Parent Relationship": "Inner", "Parallel Aware": false, "Scan Direction": "Forward", "Index Name": "idx_partsupp_partkey", "Relation Name": "partsupp", "Alias": "partsupp", "Startup Cost": 0.43, "Total Cost": 90.0, "Plan Rows": 1, "Plan Width": 14, "Index Cond": "(ps_partkey = part.p_partkey)", "Filter": "((SubPlan 1) = ps_supplycost)", "Plans": [{"Node Type": "Aggregate", "Strategy": "Plain", "Partial Mode": "Simple", "Parent Relationship": "SubPlan", "Subplan Name": "SubPlan 1", "Parallel Aware": false, "Startup Cost": 17.48, "Total Cost": 17.49, "Plan Rows": 1, "Plan Width": 32, "Plans": [{"Node Type": "Nested Loop", "Parent Relationship": "Outer", "Parallel Aware": false, "Join Type": "Inner", "Startup Cost": 1.0, "Total Cost": 17.48, "Plan Rows": 1, "Plan Width": 6, "Inner Unique": true, "Plans": [{"Node Type": "Nested Loop", "Parent Relationship": "Outer", "Parallel Aware": false, "Join Type": "Inner", "Startup Cost": 0.86, "Total Cost": 16.05, "Plan Rows": 5, "Plan Width": 10, "Inner Unique": true, "Plans": [{"Node Type": "Nested Loop", "Parent Relationship": "Outer", "Parallel Aware": false, "Join Type": "Inner", "Startup Cost": 0.72, "Total Cost": 15.27, "Plan Rows": 5, "Plan Width": 10, "Inner Unique": true, "Plans": [{"Node Type": "Index Scan", "Parent Relationship": "Outer", "Parallel Aware": false, "Scan Direction": "Forward", "Index Name": "idx_partsupp_partkey", "Relation Name": "partsupp", "Alias": "partsupp_1", "Startup Cost": 0.43, "Total Cost": 2.72, "Plan Rows": 5, "Plan Width": 10, "Index Cond": "(ps_partkey = part.p_partkey)"}, {"Node Type": "Index Scan", "Parent Relationship": "Inner", "Parallel Aware": false, "Scan Direction": "Forward", "Index Name": "supplier_pkey", "Relation Name": "supplier", "Alias": "supplier_1", "Startup Cost": 0.29, "Total Cost": 2.51, "Plan Rows": 1, "Plan Width": 8, "Index Cond": "(s_suppkey = partsupp_1.ps_suppkey)"}]}, {"Node Type": "Index Scan", "Parent Relationship": "Inner", "Parallel Aware": false, "Scan Direction": "Forward", "Index Name": "nation_pkey", "Relation Name": "nation", "Alias": "nation_1", "Startup Cost": 0.14, "Total Cost": 0.16, "Plan Rows": 1, "Plan Width": 8, "Index Cond": "(n_nationkey = supplier_1.s_nationkey)"}]}, {"Node Type": "Index Scan", "Parent Relationship": "Inner", "Parallel Aware": false, "Scan Direction": "Forward", "Index Name": "region_pkey", "Relation Name": "region", "Alias": "region_1", "Startup Cost": 0.13, "Total Cost": 0.28, "Plan Rows": 1, "Plan Width": 4, "Index Cond": "(r_regionkey = nation_1.n_regionkey)", "Filter": "(r_name = 'EUROPE'::bpchar)"}]}]}]}]}, {"Node Type": "Nested Loop", "Parent Relationship": "Inner", "Parallel Aware": false, "Join Type": "Inner", "Startup Cost": 0.69, "Total Cost": 1088.23, "Plan Rows": 20000, "Plan Width": 166, "Inner Unique": false, "Plans": [{"Node Type": "Nested Loop", "Parent Relationship": "Outer", "Parallel Aware": false, "Join Type": "Inner", "Startup Cost": 0.27, "Total Cost": 6.0, "Plan Rows": 5, "Plan Width": 30, "Inner Unique": false, "Plans": [{"Node Type": "Index Scan", "Parent Relationship": "Outer", "Parallel Aware": false, "Scan Direction": "Forward", "Index Name": "region_pkey", "Relation Name": "region", "Alias": "region", "Startup Cost": 0.13, "Total Cost": 3.52, "Plan Rows": 1, "Plan Width": 4, "Filter": "(r_name = 'EUROPE'::bpchar)"}, {"Node Type": "Index Scan", "Parent Relationship": "Inner", "Parallel Aware": false, "Scan Direction": "Forward", "Index Name": "idx_nation_regionkey", "Relation Name": "nation", "Alias": "nation", "Startup Cost": 0.14, "Total Cost": 2.43, "Plan Rows": 5, "Plan Width": 34, "Index Cond": "(n_regionkey = region.r_regionkey)"}]}, {"Node Type": "Index Scan", "Parent Relationship": "Inner", "Parallel Aware": false, "Scan Direction": "Forward", "Index Name": "idx_supplier_nation_key", "Relation Name": "supplier", "Alias": "supplier", "Startup Cost": 0.42, "Total Cost": 176.45, "Plan Rows": 4000, "Plan Width": 144, "Index Cond": "(s_nationkey = nation.n_nationkey)"}]}]}]}]}}, {"Plan": {"Node Type": "Limit", "Parallel Aware": false, "Startup Cost": 764265.21, "Total Cost": 764265.21, "Plan Rows": 1, "Plan Width": 192, "Plans": [{"Node Type": "Sort", "Parent Relationship": "Outer", "Parallel Aware": false, "Startup Cost": 764265.21, "Total Cost": 764265.21, "Plan Rows": 1, "Plan Width": 192, "Sort Key": ["supplier.s_acctbal DESC", "nation.n_name", "supplier.s_name", "part.p_partkey"], "Plans": [{"Node Type": "Nested Loop", "Parent Relationship": "Outer", "Parallel Aware": false, "Join Type": "Inner", "Startup Cost": 1000.85, "Total Cost": 764265.2, "Plan Rows": 1, "Plan Width": 192, "Inner Unique": false, "Join Filter": "(partsupp.ps_suppkey = supplier.s_suppkey)", "Plans": [{"Node Type": "Nested Loop", "Parent Relationship": "Outer", "Parallel Aware": false, "Join Type": "Inner", "Startup Cost": 1000.43, "Total Cost": 762930.34, "Plan Rows": 1, "Plan Width": 34, "Inner Unique": false, "Plans": [{"Node Type": "Gather", "Parent Relationship": "Outer", "Parallel Aware": false, "Startup Cost": 1000.0, "Total Cost": 52442.52, "Plan Rows": 8031, "Plan Width": 30, "Workers Planned": 3, "Single Copy": false, "Plans": [{"Node Type": "Seq Scan", "Parent Relationship": "Outer", "Parallel Aware": true, "Relation Name": "part", "Alias": "part", "Startup Cost": 0.0, "Total Cost": 50639.42, "Plan Rows": 2591, "Plan Width": 30, "Filter": "(((p_type)::text ~~ '%NICKEL'::text) AND (p_size = 42))"}]}, {"Node Type": "Index Scan", "Parent Relationship": "Inner", "Parallel Aware": false, "Scan Direction": "Forward", "Index Name": "idx_partsupp_partkey", "Relation Name": "partsupp", "Alias": "partsupp", "Startup Cost": 0.43, "Total Cost": 88.46, "Plan Rows": 1, "Plan Width": 14, "Index Cond": "(ps_partkey = part.p_partkey)", "Filter": "((SubPlan 1) = ps_supplycost)", "Plans": [{"Node Type": "Aggregate", "Strategy": "Plain", "Partial Mode": "Simple", "Parent Relationship": "SubPlan", "Subplan Name": "SubPlan 1", "Parallel Aware": false, "Startup Cost": 17.17, "Total Cost": 17.18, "Plan Rows": 1, "Plan Width": 32, "Plans": [{"Node Type": "Nested Loop", "Parent Relationship": "Outer", "Parallel Aware": false, "Join Type": "Inner", "Startup Cost": 0.86, "Total Cost": 17.17, "Plan Rows": 1, "Plan Width": 6, "Inner Unique": false, "Join Filter": "(nation_1.n_regionkey = region_1.r_regionkey)", "Plans": [{"Node Type": "Seq Scan", "Parent Relationship": "Outer", "Parallel Aware": false, "Relation Name": "region", "Alias": "region_1", "Startup Cost": 0.0, "Total Cost": 1.06, "Plan Rows": 1, "Plan Width": 4, "Filter": "(r_name = 'EUROPE'::bpchar)"}, {"Node Type": "Nested Loop", "Parent Relationship": "Inner", "Parallel Aware": false, "Join Type": "Inner", "Startup Cost": 0.86, "Total Cost": 16.05, "Plan Rows": 5, "Plan Width": 10, "Inner Unique": true, "Plans": [{"Node Type": "Nested Loop", "Parent Relationship": "Outer", "Parallel Aware": false, "Join Type": "Inner", "Startup Cost": 0.72, "Total Cost": 15.27, "Plan Rows": 5, "Plan Width": 10, "Inner Unique": true, "Plans": [{"Node Type": "Index Scan", "Parent Relationship": "Outer", "Parallel Aware": false, "Scan Direction": "Forward", "Index Name": "idx_partsupp_partkey", "Relation Name": "partsupp", "Alias": "partsupp_1", "Startup Cost": 0.43, "Total Cost": 2.72, "Plan Rows": 5, "Plan Width": 10, "Index Cond": "(ps_partkey = part.p_partkey)"}, {"Node Type": "Index Scan", "Parent Relationship": "Inner", "Parallel Aware": false, "Scan Direction": "Forward", "Index Name": "supplier_pkey", "Relation Name": "supplier", "Alias": "supplier_1", "Startup Cost": 0.29, "Total Cost": 2.51, "Plan Rows": 1, "Plan Width": 8, "Index Cond": "(s_suppkey = partsupp_1.ps_suppkey)"}]}, {"Node Type": "Index Scan", "Parent Relationship": "Inner", "Parallel Aware": false, "Scan Direction": "Forward", "Index Name": "nation_pkey", "Relation Name": "nation", "Alias": "nation_1", "Startup Cost": 0.14, "Total Cost": 0.16, "Plan Rows": 1, "Plan Width": 8, "Index Cond": "(n_nationkey = supplier_1.s_nationkey)"}]}]}]}]}]}, {"Node Type": "Nested Loop", "Parent Relationship": "Inner", "Parallel Aware": false, "Join Type": "Inner", "Startup Cost": 0.42, "Total Cost": 1084.86, "Plan Rows": 20000, "Plan Width": 166, "Inner Unique": false, "Plans": [{"Node Type": "Nested Loop", "Parent Relationship": "Outer", "Parallel Aware": false, "Join Type": "Inner", "Startup Cost": 0.0, "Total Cost": 2.62, "Plan Rows": 5, "Plan Width": 30, "Inner Unique": false, "Join Filter": "(nation.n_regionkey = region.r_regionkey)", "Plans": [{"Node Type": "Seq Scan", "Parent Relationship": "Outer", "Parallel Aware": false, "Relation Name": "region", "Alias": "region", "Startup Cost": 0.0, "Total Cost": 1.06, "Plan Rows": 1, "Plan Width": 4, "Filter": "(r_name = 'EUROPE'::bpchar)"}, {"Node Type": "Seq Scan", "Parent Relationship": "Inner", "Parallel Aware": false, "Relation Name": "nation", "Alias": "nation", "Startup Cost": 0.0, "Total Cost": 1.25, "Plan Rows": 25, "Plan Width": 34}]}, {"Node Type": "Index Scan", "Parent Relationship": "Inner", "Parallel Aware": false, "Scan Direction": "Forward", "Index Name": "idx_supplier_nation_key", "Relation Name": "supplier", "Alias": "supplier", "Startup Cost": 0.42, "Total Cost": 176.45, "Plan Rows": 4000, "Plan Width": 144, "Index Cond": "(s_nationkey = nation.n_nationkey)"}]}]}]}]}}, {"Plan": {"Node Type": "Limit", "Parallel Aware": false, "Startup Cost": 192770032389164.1, "Total Cost": 192770032389164.1, "Plan Rows": 1, "Plan Width": 192, "Plans": [{"Node Type": "Sort", "Parent Relationship": "Outer", "Parallel Aware": false, "Startup Cost": 192770032389164.1, "Total Cost": 192770032389164.1, "Plan Rows": 1, "Plan Width": 192, "Sort Key": ["supplier.s_acctbal DESC", "nation.n_name", "supplier.s_name", "part.p_partkey"], "Plans": [{"Node Type": "Merge Join", "Parent Relationship": "Outer", "Parallel Aware": false, "Join Type": "Inner", "Startup Cost": 50000000282.66, "Total Cost": 192770032389164.1, "Plan Rows": 1, "Plan Width": 192, "Inner Unique": true, "Merge Cond": "(partsupp.ps_partkey = part.p_partkey)", "Join Filter": "(partsupp.ps_supplycost = (SubPlan 1))", "Plans": [{"Node Type": "Nested Loop", "Parent Relationship": "Outer", "Parallel Aware": false, "Join Type": "Inner", "Startup Cost": 40000000001.11, "Total Cost": 40032122572.06, "Plan Rows": 1599920, "Plan Width": 172, "Inner Unique": true, "Plans": [{"Node Type": "Nested Loop", "Parent Relationship": "Outer", "Parallel Aware": false, "Join Type": "Inner", "Startup Cost": 30000000000.88, "Total Cost": 30021361110.16, "Plan Rows": 7999600, "Plan Width": 176, "Inner Unique": true, "Plans": [{"Node Type": "Nested Loop", "Parent Relationship": "Outer", "Parallel Aware": false, "Join Type": "Inner", "Startup Cost": 20000000000.73, "Total Cost": 20011627790.08, "Plan Rows": 7999600, "Plan Width": 150, "Inner Unique": true, "Plans": [{"Node Type": "Index Scan", "Parent Relationship": "Outer", "Parallel Aware": false, "Scan Direction": "Forward", "Index Name": "partsupp_pkey", "Relation Name": "partsupp", "Alias": "partsupp", "Startup Cost": 10000000000.43, "Total Cost": 10000326140.58, "Plan Rows": 7999600, "Plan Width": 14}, {"Node Type": "Bitmap Heap Scan", "Parent Relationship": "Inner", "Parallel Aware": false, "Relation Name": "supplier", "Alias": "supplier", "Startup Cost": 0.3, "Total Cost": 1.41, "Plan Rows": 1, "Plan Width": 144, "Recheck Cond": "(s_suppkey = partsupp.ps_suppkey)", "Plans": [{"Node Type": "Bitmap Index Scan", "Parent Relationship": "Outer", "Parallel Aware": false, "Index Name": "supplier_pkey", "Startup Cost": 0.0, "Total Cost": 0.3, "Plan Rows": 1, "Plan Width": 0, "Index Cond": "(s_suppkey = partsupp.ps_suppkey)"}]}]}, {"Node Type": "Bitmap Heap Scan", "Parent Relationship": "Inner", "Parallel Aware": false, "Relation Name": "nation", "Alias": "nation", "Startup Cost": 0.15, "Total Cost": 1.26, "Plan Rows": 1, "Plan Width": 34, "Recheck Cond": "(n_nationkey = supplier.s_nationkey)", "Plans": [{"Node Type": "Bitmap Index Scan", "Parent Relationship": "Outer", "Parallel Aware": false, "Index Name": "nation_pkey", "Startup Cost": 0.0, "Total Cost": 0.15, "Plan Rows": 1, "Plan Width": 0, "Index Cond": "(n_nationkey = supplier.s_nationkey)"}]}]}, {"Node Type": "Bitmap Heap Scan", "Parent Relationship": "Inner", "Parallel Aware": false, "Relation Name": "region", "Alias": "region", "Startup Cost": 0.23, "Total Cost": 1.34, "Plan Rows": 1, "Plan Width": 4, "Recheck Cond": "(r_regionkey = nation.n_regionkey)", "Filter": "(r_name = 'EUROPE'::bpchar)", "Plans": [{"Node Type": "Bitmap Index Scan", "Parent Relationship": "Outer", "Parallel Aware": false, "Index Name": "region_pkey", "Startup Cost": 0.0, "Total Cost": 0.23, "Plan Rows": 1, "Plan Width": 0, "Index Cond": "(r_regionkey = nation.n_regionkey)"}]}]}, {"Node Type": "Index Scan", "Parent Relationship": "Inner", "Parallel Aware": false, "Scan Direction": "Forward", "Index Name": "part_pkey", "Relation Name": "part", "Alias": "part", "Startup Cost": 10000000000.43, "Total Cost": 10000086998.23, "Plan Rows": 8031, "Plan Width": 30, "Filter": "(((p_type)::text ~~ '%NICKEL'::text) AND (p_size = 42))"}, {"Node Type": "Aggregate", "Strategy": "Plain", "Partial Mode": "Simple", "Parent Relationship": "SubPlan", "Subplan Name": "SubPlan 1", "Parallel Aware": false, "Startup Cost": 30000000027.32, "Total Cost": 30000000027.33, "Plan Rows": 1, "Plan Width": 32, "Plans": [{"Node Type": "Merge Join", "Parent Relationship": "Outer", "Parallel Aware": false, "Join Type": "Inner", "Startup Cost": 30000000023.89, "Total Cost": 30000000027.32, "Plan Rows": 1, "Plan Width": 6, "Inner Unique": true, "Merge Cond": "(nation_1.n_regionkey = region_1.r_regionkey)", "Plans": [{"Node Type": "Sort", "Parent Relationship": "Outer", "Parallel Aware": false, "Startup Cost": 20000000023.76, "Total Cost": 20000000023.77, "Plan Rows": 5, "Plan Width": 10, "Sort Key": ["nation_1.n_regionkey"], "Plans": [{"Node Type": "Merge Join", "Parent Relationship": "Outer", "Parallel Aware": false, "Join Type": "Inner", "Startup Cost": 20000000019.89, "Total Cost": 20000000023.7, "Plan Rows": 5, "Plan Width": 10, "Inner Unique": false, "Merge Cond": "(nation_1.n_nationkey = supplier_1.s_nationkey)", "Plans": [{"Node Type": "Index Scan", "Parent Relationship": "Outer", "Parallel Aware": false, "Scan Direction": "Forward", "Index Name": "nation_pkey", "Relation Name": "nation", "Alias": "nation_1", "Startup Cost": 10000000000.14, "Total Cost": 10000000003.81, "Plan Rows": 25, "Plan Width": 8}, {"Node Type": "Sort", "Parent Relationship": "Inner", "Parallel Aware": false, "Startup Cost": 10000000019.75, "Total Cost": 10000000019.77, "Plan Rows": 5, "Plan Width": 10, "Sort Key": ["supplier_1.s_nationkey"], "Plans": [{"Node Type": "Nested Loop", "Parent Relationship": "Outer", "Parallel Aware": false, "Join Type": "Inner", "Startup Cost": 10000000002.97, "Total Cost": 10000000019.69, "Plan Rows": 5, "Plan Width": 10, "Inner Unique": true, "Plans": [{"Node Type": "Bitmap Heap Scan", "Parent Relationship": "Outer", "Parallel Aware": false, "Relation Name": "partsupp", "Alias": "partsupp_1", "Startup Cost": 1.57, "Total Cost": 7.13, "Plan Rows": 5, "Plan Width": 10, "Recheck Cond": "(part.p_partkey = ps_partkey)", "Plans": [{"Node Type": "Bitmap Index Scan", "Parent Relationship": "Outer", "Parallel Aware": false, "Index Name": "idx_partsupp_partkey", "Startup Cost": 0.0, "Total Cost": 1.57, "Plan Rows": 5, "Plan Width": 0, "Index Cond": "(ps_partkey = part.p_partkey)"}]}, {"Node Type": "Bitmap Heap Scan", "Parent Relationship": "Inner", "Parallel Aware": false, "Relation Name": "supplier", "Alias": "supplier_1", "Startup Cost": 1.4, "Total Cost": 2.51, "Plan Rows": 1, "Plan Width": 8, "Recheck Cond": "(s_suppkey = partsupp_1.ps_suppkey)", "Plans": [{"Node Type": "Bitmap Index Scan", "Parent Relationship": "Outer", "Parallel Aware": false, "Index Name": "supplier_pkey", "Startup Cost": 0.0, "Total Cost": 1.4, "Plan Rows": 1, "Plan Width": 0, "Index Cond": "(s_suppkey = partsupp_1.ps_suppkey)"}]}]}]}]}]}, {"Node Type": "Index Scan", "Parent Relationship": "Inner", "Parallel Aware": false, "Scan Direction": "Forward", "Index Name": "region_pkey", "Relation Name": "region", "Alias": "region_1", "Startup Cost": 10000000000.13, "Total Cost": 10000000003.52, "Plan Rows": 1, "Plan Width": 4, "Filter": "(r_name = 'EUROPE'::bpchar)"}]}]}]}]}]}}, {"Plan": {"Node Type": "Limit", "Parallel Aware": false, "Startup Cost": 10001460486.08, "Total Cost": 10001460486.09, "Plan Rows": 1, "Plan Width": 192, "Plans": [{"Node Type": "Sort", "Parent Relationship": "Outer", "Parallel Aware": false, "Startup Cost": 10001460486.08, "Total Cost": 10001460486.09, "Plan Rows": 1, "Plan Width": 192, "Sort Key": ["supplier.s_acctbal DESC", "nation.n_name", "supplier.s_name", "part.p_partkey"], "Plans": [{"Node Type": "Nested Loop", "Parent Relationship": "Outer", "Parallel Aware": false, "Join Type": "Inner", "Startup Cost": 10000000002.5, "Total Cost": 10001460486.07, "Plan Rows": 1, "Plan Width": 192, "Inner Unique": true, "Plans": [{"Node Type": "Nested Loop", "Parent Relationship": "Outer", "Parallel Aware": false, "Join Type": "Inner", "Startup Cost": 10000000002.27, "Total Cost": 10001460483.61, "Plan Rows": 1, "Plan Width": 196, "Inner Unique": true, "Plans": [{"Node Type": "Nested Loop", "Parent Relationship": "Outer", "Parallel Aware": false, "Join Type": "Inner", "Startup Cost": 10000000002.13, "Total Cost": 10001460482.27, "Plan Rows": 1, "Plan Width": 170, "Inner Unique": true, "Plans": [{"Node Type": "Nested Loop", "Parent Relationship": "Outer", "Parallel Aware": false, "Join Type": "Inner", "Startup Cost": 10000000001.83, "Total Cost": 10001460480.86, "Plan Rows": 1, "Plan Width": 34, "Inner Unique": false, "Plans": [{"Node Type": "Index Scan", "Parent Relationship": "Outer", "Parallel Aware": false, "Scan Direction": "Forward", "Index Name": "part_pkey", "Relation Name": "part", "Alias": "part", "Startup Cost": 10000000000.43, "Total Cost": 10000086998.23, "Plan Rows": 8031, "Plan Width": 30, "Filter": "(((p_type)::text ~~ '%NICKEL'::text) AND (p_size = 42))"}, {"Node Type": "Bitmap Heap Scan", "Parent Relationship": "Inner", "Parallel Aware": false, "Relation Name": "partsupp", "Alias": "partsupp", "Startup Cost": 1.4, "Total Cost": 171.01, "Plan Rows": 1, "Plan Width": 14, "Recheck Cond": "(ps_partkey = part.p_partkey)", "Filter": "((SubPlan 1) = ps_supplycost)", "Plans": [{"Node Type": "Bitmap Index Scan", "Parent Relationship": "Outer", "Parallel Aware": false, "Index Name": "partsupp_pkey", "Startup Cost": 0.0, "Total Cost": 1.4, "Plan Rows": 5, "Plan Width": 0, "Index Cond": "(ps_partkey = part.p_partkey)"}, {"Node Type": "Aggregate", "Strategy": "Plain", "Partial Mode": "Simple", "Parent Relationship": "SubPlan", "Subplan Name": "SubPlan 1", "Parallel Aware": false, "Startup Cost": 32.8, "Total Cost": 32.81, "Plan Rows": 1, "Plan Width": 32, "Plans": [{"Node Type": "Nested Loop", "Parent Relationship": "Outer", "Parallel Aware": false, "Join Type": "Inner", "Startup Cost": 3.35, "Total Cost": 32.8, "Plan Rows": 1, "Plan Width": 6, "Inner Unique": true, "Plans": [{"Node Type": "Nested Loop", "Parent Relationship": "Outer", "Parallel Aware": false, "Join Type": "Inner", "Startup Cost": 3.12, "Total Cost": 26.07, "Plan Rows": 5, "Plan Width": 10, "Inner Unique": true, "Plans": [{"Node Type": "Nested Loop", "Parent Relationship": "Outer", "Parallel Aware": false, "Join Type": "Inner", "Startup Cost": 2.97, "Total Cost": 19.69, "Plan Rows": 5, "Plan Width": 10, "Inner Unique": true, "Plans": [{"Node Type": "Bitmap Heap Scan", "Parent Relationship": "Outer", "Parallel Aware": false, "Relation Name": "partsupp", "Alias": "partsupp_1", "Startup Cost": 1.57, "Total Cost": 7.13, "Plan Rows": 5, "Plan Width": 10, "Recheck Cond": "(part.p_partkey = ps_partkey)", "Plans": [{"Node Type": "Bitmap Index Scan", "Parent Relationship": "Outer", "Parallel Aware": false, "Index Name": "idx_partsupp_partkey", "Startup Cost": 0.0, "Total Cost": 1.57, "Plan Rows": 5, "Plan Width": 0, "Index Cond": "(ps_partkey = part.p_partkey)"}]}, {"Node Type": "Bitmap Heap Scan", "Parent Relationship": "Inner", "Parallel Aware": false, "Relation Name": "supplier", "Alias": "supplier_1", "Startup Cost": 1.4, "Total Cost": 2.51, "Plan Rows": 1, "Plan Width": 8, "Recheck Cond": "(s_suppkey = partsupp_1.ps_suppkey)", "Plans": [{"Node Type": "Bitmap Index Scan", "Parent Relationship": "Outer", "Parallel Aware": false, "Index Name": "supplier_pkey", "Startup Cost": 0.0, "Total Cost": 1.4, "Plan Rows": 1, "Plan Width": 0, "Index Cond": "(s_suppkey = partsupp_1.ps_suppkey)"}]}]}, {"Node Type": "Bitmap Heap Scan", "Parent Relationship": "Inner", "Parallel Aware": false, "Relation Name": "nation", "Alias": "nation_1", "Startup Cost": 0.15, "Total Cost": 1.26, "Plan Rows": 1, "Plan Width": 8, "Recheck Cond": "(n_nationkey = supplier_1.s_nationkey)", "Plans": [{"Node Type": "Bitmap Index Scan", "Parent Relationship": "Outer", "Parallel Aware": false, "Index Name": "nation_pkey", "Startup Cost": 0.0, "Total Cost": 0.15, "Plan Rows": 1, "Plan Width": 0, "Index Cond": "(n_nationkey = supplier_1.s_nationkey)"}]}]}, {"Node Type": "Bitmap Heap Scan", "Parent Relationship": "Inner", "Parallel Aware": false, "Relation Name": "region", "Alias": "region_1", "Startup Cost": 0.23, "Total Cost": 1.34, "Plan Rows": 1, "Plan Width": 4, "Recheck Cond": "(r_regionkey = nation_1.n_regionkey)", "Filter": "(r_name = 'EUROPE'::bpchar)", "Plans": [{"Node Type": "Bitmap Index Scan", "Parent Relationship": "Outer", "Parallel Aware": false, "Index Name": "region_pkey", "Startup Cost": 0.0, "Total Cost": 0.23, "Plan Rows": 1, "Plan Width": 0, "Index Cond": "(r_regionkey = nation_1.n_regionkey)"}]}]}]}]}]}, {"Node Type": "Bitmap Heap Scan", "Parent Relationship": "Inner", "Parallel Aware": false, "Relation Name": "supplier", "Alias": "supplier", "Startup Cost": 0.3, "Total Cost": 1.41, "Plan Rows": 1, "Plan Width": 144, "Recheck Cond": "(s_suppkey = partsupp.ps_suppkey)", "Plans": [{"Node Type": "Bitmap Index Scan", "Parent Relationship": "Outer", "Parallel Aware": false, "Index Name": "supplier_pkey", "Startup Cost": 0.0, "Total Cost": 0.3, "Plan Rows": 1, "Plan Width": 0, "Index Cond": "(s_suppkey = partsupp.ps_suppkey)"}]}]}, {"Node Type": "Bitmap Heap Scan", "Parent Relationship": "Inner", "Parallel Aware": false, "Relation Name": "nation", "Alias": "nation", "Startup Cost": 0.15, "Total Cost": 1.26, "Plan Rows": 1, "Plan Width": 34, "Recheck Cond": "(n_nationkey = supplier.s_nationkey)", "Plans": [{"Node Type": "Bitmap Index Scan", "Parent Relationship": "Outer", "Parallel Aware": false, "Index Name": "nation_pkey", "Startup Cost": 0.0, "Total Cost": 0.15, "Plan Rows": 1, "Plan Width": 0, "Index Cond": "(n_nationkey = supplier.s_nationkey)"}]}]}, {"Node Type": "Bitmap Heap Scan", "Parent Relationship": "Inner", "Parallel Aware": false, "Relation Name": "region", "Alias": "region", "Startup Cost": 0.23, "Total Cost": 1.34, "Plan Rows": 1, "Plan Width": 4, "Recheck Cond": "(r_regionkey = nation.n_regionkey)", "Filter": "(r_name = 'EUROPE'::bpchar)", "Plans": [{"Node Type": "Bitmap Index Scan", "Parent Relationship": "Outer", "Parallel Aware": false, "Index Name": "region_pkey", "Startup Cost": 0.0, "Total Cost": 0.23, "Plan Rows": 1, "Plan Width": 0, "Index Cond": "(r_regionkey = nation.n_regionkey)"}]}]}]}]}}, {"Plan": {"Node Type": "Limit", "Parallel Aware": false, "Startup Cost": 1025302.65, "Total Cost": 1025302.66, "Plan Rows": 1, "Plan Width": 192, "Plans": [{"Node Type": "Sort", "Parent Relationship": "Outer", "Parallel Aware": false, "Startup Cost": 1025302.65, "Total Cost": 1025302.66, "Plan Rows": 1, "Plan Width": 192, "Sort Key": ["supplier.s_acctbal DESC", "nation.n_name", "supplier.s_name", "part.p_partkey"], "Plans": [{"Node Type": "Nested Loop", "Parent Relationship": "Outer", "Parallel Aware": false, "Join Type": "Inner", "Startup Cost": 1001.4, "Total Cost": 1025302.64, "Plan Rows": 1, "Plan Width": 192, "Inner Unique": true, "Join Filter": "(nation.n_regionkey = region.r_regionkey)", "Plans": [{"Node Type": "Nested Loop", "Parent Relationship": "Outer", "Parallel Aware": false, "Join Type": "Inner", "Startup Cost": 1001.4, "Total Cost": 1025301.57, "Plan Rows": 1, "Plan Width": 196, "Inner Unique": true, "Join Filter": "(supplier.s_nationkey = nation.n_nationkey)", "Plans": [{"Node Type": "Nested Loop", "Parent Relationship": "Outer", "Parallel Aware": false, "Join Type": "Inner", "Startup Cost": 1001.4, "Total Cost": 1025300.0, "Plan Rows": 1, "Plan Width": 170, "Inner Unique": true, "Join Filter": "(partsupp.ps_suppkey = supplier.s_suppkey)", "Plans": [{"Node Type": "Nested Loop", "Parent Relationship": "Outer", "Parallel Aware": false, "Join Type": "Inner", "Startup Cost": 1001.4, "Total Cost": 1020834.0, "Plan Rows": 1, "Plan Width": 34, "Inner Unique": false, "Plans": [{"Node Type": "Gather", "Parent Relationship": "Outer", "Parallel Aware": false, "Startup Cost": 1000.0, "Total Cost": 52442.52, "Plan Rows": 8031, "Plan Width": 30, "Workers Planned": 3, "Single Copy": false, "Plans": [{"Node Type": "Seq Scan", "Parent Relationship": "Outer", "Parallel Aware": true, "Relation Name": "part", "Alias": "part", "Startup Cost": 0.0, "Total Cost": 50639.42, "Plan Rows": 2591, "Plan Width": 30, "Filter": "(((p_type)::text ~~ '%NICKEL'::text) AND (p_size = 42))"}]}, {"Node Type": "Bitmap Heap Scan", "Parent Relationship": "Inner", "Parallel Aware": false, "Relation Name": "partsupp", "Alias": "partsupp", "Startup Cost": 1.4, "Total Cost": 120.57, "Plan Rows": 1, "Plan Width": 14, "Recheck Cond": "(ps_partkey = part.p_partkey)", "Filter": "((SubPlan 1) = ps_supplycost)", "Plans": [{"Node Type": "Bitmap Index Scan", "Parent Relationship": "Outer", "Parallel Aware": false, "Index Name": "partsupp_pkey", "Startup Cost": 0.0, "Total Cost": 1.4, "Plan Rows": 5, "Plan Width": 0, "Index Cond": "(ps_partkey = part.p_partkey)"}, {"Node Type": "Aggregate", "Strategy": "Plain", "Partial Mode": "Simple", "Parent Relationship": "SubPlan", "Subplan Name": "SubPlan 1", "Parallel Aware": false, "Startup Cost": 22.71, "Total Cost": 22.72, "Plan Rows": 1, "Plan Width": 32, "Plans": [{"Node Type": "Nested Loop", "Parent Relationship": "Outer", "Parallel Aware": false, "Join Type": "Inner", "Startup Cost": 2.97, "Total Cost": 22.71, "Plan Rows": 1, "Plan Width": 6, "Inner Unique": false, "Join Filter": "(supplier_1.s_nationkey = nation_1.n_nationkey)", "Plans": [{"Node Type": "Nested Loop", "Parent Relationship": "Outer", "Parallel Aware": false, "Join Type": "Inner", "Startup Cost": 2.97, "Total Cost": 19.69, "Plan Rows": 5, "Plan Width": 10, "Inner Unique": true, "Plans": [{"Node Type": "Bitmap Heap Scan", "Parent Relationship": "Outer", "Parallel Aware": false, "Relation Name": "partsupp", "Alias": "partsupp_1", "Startup Cost": 1.57, "Total Cost": 7.13, "Plan Rows": 5, "Plan Width": 10, "Recheck Cond": "(part.p_partkey = ps_partkey)", "Plans": [{"Node Type": "Bitmap Index Scan", "Parent Relationship": "Outer", "Parallel Aware": false, "Index Name": "idx_partsupp_partkey", "Startup Cost": 0.0, "Total Cost": 1.57, "Plan Rows": 5, "Plan Width": 0, "Index Cond": "(ps_partkey = part.p_partkey)"}]}, {"Node Type": "Bitmap Heap Scan", "Parent Relationship": "Inner", "Parallel Aware": false, "Relation Name": "supplier", "Alias": "supplier_1", "Startup Cost": 1.4, "Total Cost": 2.51, "Plan Rows": 1, "Plan Width": 8, "Recheck Cond": "(s_suppkey = partsupp_1.ps_suppkey)", "Plans": [{"Node Type": "Bitmap Index Scan", "Parent Relationship": "Outer", "Parallel Aware": false, "Index Name": "supplier_pkey", "Startup Cost": 0.0, "Total Cost": 1.4, "Plan Rows": 1, "Plan Width": 0, "Index Cond": "(s_suppkey = partsupp_1.ps_suppkey)"}]}]}, {"Node Type": "Materialize", "Parent Relationship": "Inner", "Parallel Aware": false, "Startup Cost": 0.0, "Total Cost": 2.65, "Plan Rows": 5, "Plan Width": 4, "Plans": [{"Node Type": "Nested Loop", "Parent Relationship": "Outer", "Parallel Aware": false, "Join Type": "Inner", "Startup Cost": 0.0, "Total Cost": 2.62, "Plan Rows": 5, "Plan Width": 4, "Inner Unique": false, "Join Filter": "(nation_1.n_regionkey = region_1.r_regionkey)", "Plans": [{"Node Type": "Seq Scan", "Parent Relationship": "Outer", "Parallel Aware": false, "Relation Name": "region", "Alias": "region_1", "Startup Cost": 0.0, "Total Cost": 1.06, "Plan Rows": 1, "Plan Width": 4, "Filter": "(r_name = 'EUROPE'::bpchar)"}, {"Node Type": "Seq Scan", "Parent Relationship": "Inner", "Parallel Aware": false, "Relation Name": "nation", "Alias": "nation_1", "Startup Cost": 0.0, "Total Cost": 1.25, "Plan Rows": 25, "Plan Width": 8}]}]}]}]}]}]}, {"Node Type": "Seq Scan", "Parent Relationship": "Inner", "Parallel Aware": false, "Relation Name": "supplier", "Alias": "supplier", "Startup Cost": 0.0, "Total Cost": 3216.0, "Plan Rows": 100000, "Plan Width": 144}]}, {"Node Type": "Seq Scan", "Parent Relationship": "Inner", "Parallel Aware": false, "Relation Name": "nation", "Alias": "nation", "Startup Cost": 0.0, "Total Cost": 1.25, "Plan Rows": 25, "Plan Width": 34}]}, {"Node Type": "Seq Scan", "Parent Relationship": "Inner", "Parallel Aware": false, "Relation Name": "region", "Alias": "region", "Startup Cost": 0.0, "Total Cost": 1.06, "Plan Rows": 1, "Plan Width": 4, "Filter": "(r_name = 'EUROPE'::bpchar)"}]}]}]}}, {"Plan": {"Node Type": "Limit", "Parallel Aware": false, "Startup Cost": 10078329612.16, "Total Cost": 10078329612.17, "Plan Rows": 1, "Plan Width": 192, "Plans": [{"Node Type": "Sort", "Parent Relationship": "Outer", "Parallel Aware": false, "Startup Cost": 10078329612.16, "Total Cost": 10078329612.17, "Plan Rows": 1, "Plan Width": 192, "Sort Key": ["supplier.s_acctbal DESC", "nation.n_name", "supplier.s_name", "part.p_partkey"], "Plans": [{"Node Type": "Merge Join", "Parent Relationship": "Outer", "Parallel Aware": false, "Join Type": "Inner", "Startup Cost": 10000941068.08, "Total Cost": 10078329612.15, "Plan Rows": 1, "Plan Width": 192, "Inner Unique": false, "Merge Cond": "(part.p_partkey = partsupp.ps_partkey)", "Join Filter": "(partsupp.ps_supplycost = (SubPlan 1))", "Plans": [{"Node Type": "Index Scan", "Parent Relationship": "Outer", "Parallel Aware": false, "Scan Direction": "Forward", "Index Name": "part_pkey", "Relation Name": "part", "Alias": "part", "Startup Cost": 10000000000.43, "Total Cost": 10000086998.23, "Plan Rows": 8031, "Plan Width": 30, "Filter": "(((p_type)::text ~~ '%NICKEL'::text) AND (p_size = 42))"}, {"Node Type": "Materialize", "Parent Relationship": "Inner", "Parallel Aware": false, "Startup Cost": 941067.58, "Total Cost": 949067.18, "Plan Rows": 1599920, "Plan Width": 172, "Plans": [{"Node Type": "Sort", "Parent Relationship": "Outer", "Parallel Aware": false, "Startup Cost": 941067.58, "Total Cost": 945067.38, "Plan Rows": 1599920, "Plan Width": 172, "Sort Key": ["partsupp.ps_partkey"], "Plans": [{"Node Type": "Gather", "Parent Relationship": "Outer", "Parallel Aware": false, "Startup Cost": 515490.97, "Total Cost": 696124.23, "Plan Rows": 1599920, "Plan Width": 172, "Workers Planned": 3, "Single Copy": false, "Plans": [{"Node Type": "Merge Join", "Parent Relationship": "Outer", "Parallel Aware": false, "Join Type": "Inner", "Startup Cost": 514490.97, "Total Cost": 535132.23, "Plan Rows": 516103, "Plan Width": 172, "Inner Unique": false, "Merge Cond": "(partsupp.ps_suppkey = supplier.s_suppkey)", "Plans": [{"Node Type": "Sort", "Parent Relationship": "Outer", "Parallel Aware": false, "Startup Cost": 500838.21, "Total Cost": 507289.5, "Plan Rows": 2580516, "Plan Width": 14, "Sort Key": ["partsupp.ps_suppkey"], "Plans": [{"Node Type": "Seq Scan", "Parent Relationship": "Outer", "Parallel Aware": true, "Relation Name": "partsupp", "Alias": "partsupp", "Startup Cost": 0.0, "Total Cost": 200191.16, "Plan Rows": 2580516, "Plan Width": 14}]}, {"Node Type": "Sort", "Parent Relationship": "Inner", "Parallel Aware": false, "Startup Cost": 13652.76, "Total Cost": 13702.76, "Plan Rows": 20000, "Plan Width": 166, "Sort Key": ["supplier.s_suppkey"], "Plans": [{"Node Type": "Merge Join", "Parent Relationship": "Outer", "Parallel Aware": false, "Join Type": "Inner", "Startup Cost": 11523.96, "Total Cost": 12223.99, "Plan Rows": 20000, "Plan Width": 166, "Inner Unique": false, "Merge Cond": "(nation.n_nationkey = supplier.s_nationkey)", "Plans": [{"Node Type": "Sort", "Parent Relationship": "Outer", "Parallel Aware": false, "Startup Cost": 3.14, "Total Cost": 3.16, "Plan Rows": 5, "Plan Width": 30, "Sort Key": ["nation.n_nationkey"], "Plans": [{"Node Type": "Merge Join", "Parent Relationship": "Outer", "Parallel Aware": false, "Join Type": "Inner", "Startup Cost": 2.9, "Total Cost": 3.09, "Plan Rows": 5, "Plan Width": 30, "Inner Unique": true, "Merge Cond": "(nation.n_regionkey = region.r_regionkey)", "Plans": [{"Node Type": "Sort", "Parent Relationship": "Outer", "Parallel Aware": false, "Startup Cost": 1.83, "Total Cost": 1.89, "Plan Rows": 25, "Plan Width": 34, "Sort Key": ["nation.n_regionkey"], "Plans": [{"Node Type": "Seq Scan", "Parent Relationship": "Outer", "Parallel Aware": false, "Relation Name": "nation", "Alias": "nation", "Startup Cost": 0.0, "Total Cost": 1.25, "Plan Rows": 25, "Plan Width": 34}]}, {"Node Type": "Sort", "Parent Relationship": "Inner", "Parallel Aware": false, "Startup Cost": 1.07, "Total Cost": 1.08, "Plan Rows": 1, "Plan Width": 4, "Sort Key": ["region.r_regionkey"], "Plans": [{"Node Type": "Seq Scan", "Parent Relationship": "Outer", "Parallel Aware": false, "Relation Name": "region", "Alias": "region", "Startup Cost": 0.0, "Total Cost": 1.06, "Plan Rows": 1, "Plan Width": 4, "Filter": "(r_name = 'EUROPE'::bpchar)"}]}]}]}, {"Node Type": "Sort", "Parent Relationship": "Inner", "Parallel Aware": false, "Startup Cost": 11520.82, "Total Cost": 11770.82, "Plan Rows": 100000, "Plan Width": 144, "Sort Key": ["supplier.s_nationkey"], "Plans": [{"Node Type": "Seq Scan", "Parent Relationship": "Outer", "Parallel Aware": false, "Relation Name": "supplier", "Alias": "supplier", "Startup Cost": 0.0, "Total Cost": 3216.0, "Plan Rows": 100000, "Plan Width": 144}]}]}]}]}]}]}]}, {"Node Type": "Aggregate", "Strategy": "Plain", "Partial Mode": "Simple", "Parent Relationship": "SubPlan", "Subplan Name": "SubPlan 1", "Parallel Aware": false, "Startup Cost": 12031.35, "Total Cost": 12031.36, "Plan Rows": 1, "Plan Width": 32, "Plans": [{"Node Type": "Merge Join", "Parent Relationship": "Outer", "Parallel Aware": false, "Join Type": "Inner", "Startup Cost": 12031.29, "Total Cost": 12031.35, "Plan Rows": 1, "Plan Width": 6, "Inner Unique": false, "Merge Cond": "(supplier_1.s_nationkey = nation_1.n_nationkey)", "Plans": [{"Node Type": "Sort", "Parent Relationship": "Outer", "Parallel Aware": false, "Startup Cost": 12028.14, "Total Cost": 12028.15, "Plan Rows": 5, "Plan Width": 10, "Sort Key": ["supplier_1.s_nationkey"], "Plans": [{"Node Type": "Merge Join", "Parent Relationship": "Outer", "Parallel Aware": false, "Join Type": "Inner", "Startup Cost": 11528.01, "Total Cost": 12028.08, "Plan Rows": 5, "Plan Width": 10, "Inner Unique": true, "Merge Cond": "(partsupp_1.ps_suppkey = supplier_1.s_suppkey)", "Plans": [{"Node Type": "Sort", "Parent Relationship": "Outer", "Parallel Aware": false, "Startup Cost": 7.19, "Total Cost": 7.2, "Plan Rows": 5, "Plan Width": 10, "Sort Key": ["partsupp_1.ps_suppkey"], "Plans": [{"Node Type": "Bitmap Heap Scan", "Parent Relationship": "Outer", "Parallel Aware": false, "Relation Name": "partsupp", "Alias": "partsupp_1", "Startup Cost": 1.57, "Total Cost": 7.13, "Plan Rows": 5, "Plan Width": 10, "Recheck Cond": "(part.p_partkey = ps_partkey)", "Plans": [{"Node Type": "Bitmap Index Scan", "Parent Relationship": "Outer", "Parallel Aware": false, "Index Name": "idx_partsupp_partkey", "Startup Cost": 0.0, "Total Cost": 1.57, "Plan Rows": 5, "Plan Width": 0, "Index Cond": "(ps_partkey = part.p_partkey)"}]}]}, {"Node Type": "Sort", "Parent Relationship": "Inner", "Parallel Aware": false, "Startup Cost": 11520.82, "Total Cost": 11770.82, "Plan Rows": 100000, "Plan Width": 8, "Sort Key": ["supplier_1.s_suppkey"], "Plans": [{"Node Type": "Seq Scan", "Parent Relationship": "Outer", "Parallel Aware": false, "Relation Name": "supplier", "Alias": "supplier_1", "Startup Cost": 0.0, "Total Cost": 3216.0, "Plan Rows": 100000, "Plan Width": 8}]}]}]}, {"Node Type": "Sort", "Parent Relationship": "Inner", "Parallel Aware": false, "Startup Cost": 3.14, "Total Cost": 3.16, "Plan Rows": 5, "Plan Width": 4, "Sort Key": ["nation_1.n_nationkey"], "Plans": [{"Node Type": "Merge Join", "Parent Relationship": "Outer", "Parallel Aware": false, "Join Type": "Inner", "Startup Cost": 2.9, "Total Cost": 3.09, "Plan Rows": 5, "Plan Width": 4, "Inner Unique": true, "Merge Cond": "(nation_1.n_regionkey = region_1.r_regionkey)", "Plans": [{"Node Type": "Sort", "Parent Relationship": "Outer", "Parallel Aware": false, "Startup Cost": 1.83, "Total Cost": 1.89, "Plan Rows": 25, "Plan Width": 8, "Sort Key": ["nation_1.n_regionkey"], "Plans": [{"Node Type": "Seq Scan", "Parent Relationship": "Outer", "Parallel Aware": false, "Relation Name": "nation", "Alias": "nation_1", "Startup Cost": 0.0, "Total Cost": 1.25, "Plan Rows": 25, "Plan Width": 8}]}, {"Node Type": "Sort", "Parent Relationship": "Inner", "Parallel Aware": false, "Startup Cost": 1.07, "Total Cost": 1.08, "Plan Rows": 1, "Plan Width": 4, "Sort Key": ["region_1.r_regionkey"], "Plans": [{"Node Type": "Seq Scan", "Parent Relationship": "Outer", "Parallel Aware": false, "Relation Name": "region", "Alias": "region_1", "Startup Cost": 0.0, "Total Cost": 1.06, "Plan Rows": 1, "Plan Width": 4, "Filter": "(r_name = 'EUROPE'::bpchar)"}]}]}]}]}]}]}]}]}}, {"Plan": {"Node Type": "Limit", "Parallel Aware": false, "Startup Cost": 10001460486.08, "Total Cost": 10001460486.09, "Plan Rows": 1, "Plan Width": 192, "Plans": [{"Node Type": "Sort", "Parent Relationship": "Outer", "Parallel Aware": false, "Startup Cost": 10001460486.08, "Total Cost": 10001460486.09, "Plan Rows": 1, "Plan Width": 192, "Sort Key": ["supplier.s_acctbal DESC", "nation.n_name", "supplier.s_name", "part.p_partkey"], "Plans": [{"Node Type": "Nested Loop", "Parent Relationship": "Outer", "Parallel Aware": false, "Join Type": "Inner", "Startup Cost": 10000000002.5, "Total Cost": 10001460486.07, "Plan Rows": 1, "Plan Width": 192, "Inner Unique": true, "Plans": [{"Node Type": "Nested Loop", "Parent Relationship": "Outer", "Parallel Aware": false, "Join Type": "Inner", "Startup Cost": 10000000002.27, "Total Cost": 10001460483.61, "Plan Rows": 1, "Plan Width": 196, "Inner Unique": true, "Plans": [{"Node Type": "Nested Loop", "Parent Relationship": "Outer", "Parallel Aware": false, "Join Type": "Inner", "Startup Cost": 10000000002.13, "Total Cost": 10001460482.27, "Plan Rows": 1, "Plan Width": 170, "Inner Unique": true, "Plans": [{"Node Type": "Nested Loop", "Parent Relationship": "Outer", "Parallel Aware": false, "Join Type": "Inner", "Startup Cost": 10000000001.83, "Total Cost": 10001460480.86, "Plan Rows": 1, "Plan Width": 34, "Inner Unique": false, "Plans": [{"Node Type": "Index Scan", "Parent Relationship": "Outer", "Parallel Aware": false, "Scan Direction": "Forward", "Index Name": "part_pkey", "Relation Name": "part", "Alias": "part", "Startup Cost": 10000000000.43, "Total Cost": 10000086998.23, "Plan Rows": 8031, "Plan Width": 30, "Filter": "(((p_type)::text ~~ '%NICKEL'::text) AND (p_size = 42))"}, {"Node Type": "Bitmap Heap Scan", "Parent Relationship": "Inner", "Parallel Aware": false, "Relation Name": "partsupp", "Alias": "partsupp", "Startup Cost": 1.4, "Total Cost": 171.01, "Plan Rows": 1, "Plan Width": 14, "Recheck Cond": "(ps_partkey = part.p_partkey)", "Filter": "((SubPlan 1) = ps_supplycost)", "Plans": [{"Node Type": "Bitmap Index Scan", "Parent Relationship": "Outer", "Parallel Aware": false, "Index Name": "partsupp_pkey", "Startup Cost": 0.0, "Total Cost": 1.4, "Plan Rows": 5, "Plan Width": 0, "Index Cond": "(ps_partkey = part.p_partkey)"}, {"Node Type": "Aggregate", "Strategy": "Plain", "Partial Mode": "Simple", "Parent Relationship": "SubPlan", "Subplan Name": "SubPlan 1", "Parallel Aware": false, "Startup Cost": 32.8, "Total Cost": 32.81, "Plan Rows": 1, "Plan Width": 32, "Plans": [{"Node Type": "Nested Loop", "Parent Relationship": "Outer", "Parallel Aware": false, "Join Type": "Inner", "Startup Cost": 3.35, "Total Cost": 32.8, "Plan Rows": 1, "Plan Width": 6, "Inner Unique": true, "Plans": [{"Node Type": "Nested Loop", "Parent Relationship": "Outer", "Parallel Aware": false, "Join Type": "Inner", "Startup Cost": 3.12, "Total Cost": 26.07, "Plan Rows": 5, "Plan Width": 10, "Inner Unique": true, "Plans": [{"Node Type": "Nested Loop", "Parent Relationship": "Outer", "Parallel Aware": false, "Join Type": "Inner", "Startup Cost": 2.97, "Total Cost": 19.69, "Plan Rows": 5, "Plan Width": 10, "Inner Unique": true, "Plans": [{"Node Type": "Bitmap Heap Scan", "Parent Relationship": "Outer", "Parallel Aware": false, "Relation Name": "partsupp", "Alias": "partsupp_1", "Startup Cost": 1.57, "Total Cost": 7.13, "Plan Rows": 5, "Plan Width": 10, "Recheck Cond": "(part.p_partkey = ps_partkey)", "Plans": [{"Node Type": "Bitmap Index Scan", "Parent Relationship": "Outer", "Parallel Aware": false, "Index Name": "idx_partsupp_partkey", "Startup Cost": 0.0, "Total Cost": 1.57, "Plan Rows": 5, "Plan Width": 0, "Index Cond": "(ps_partkey = part.p_partkey)"}]}, {"Node Type": "Bitmap Heap Scan", "Parent Relationship": "Inner", "Parallel Aware": false, "Relation Name": "supplier", "Alias": "supplier_1", "Startup Cost": 1.4, "Total Cost": 2.51, "Plan Rows": 1, "Plan Width": 8, "Recheck Cond": "(s_suppkey = partsupp_1.ps_suppkey)", "Plans": [{"Node Type": "Bitmap Index Scan", "Parent Relationship": "Outer", "Parallel Aware": false, "Index Name": "supplier_pkey", "Startup Cost": 0.0, "Total Cost": 1.4, "Plan Rows": 1, "Plan Width": 0, "Index Cond": "(s_suppkey = partsupp_1.ps_suppkey)"}]}]}, {"Node Type": "Bitmap Heap Scan", "Parent Relationship": "Inner", "Parallel Aware": false, "Relation Name": "nation", "Alias": "nation_1", "Startup Cost": 0.15, "Total Cost": 1.26, "Plan Rows": 1, "Plan Width": 8, "Recheck Cond": "(n_nationkey = supplier_1.s_nationkey)", "Plans": [{"Node Type": "Bitmap Index Scan", "Parent Relationship": "Outer", "Parallel Aware": false, "Index Name": "nation_pkey", "Startup Cost": 0.0, "Total Cost": 0.15, "Plan Rows": 1, "Plan Width": 0, "Index Cond": "(n_nationkey = supplier_1.s_nationkey)"}]}]}, {"Node Type": "Bitmap Heap Scan", "Parent Relationship": "Inner", "Parallel Aware": false, "Relation Name": "region", "Alias": "region_1", "Startup Cost": 0.23, "Total Cost": 1.34, "Plan Rows": 1, "Plan Width": 4, "Recheck Cond": "(r_regionkey = nation_1.n_regionkey)", "Filter": "(r_name = 'EUROPE'::bpchar)", "Plans": [{"Node Type": "Bitmap Index Scan", "Parent Relationship": "Outer", "Parallel Aware": false, "Index Name": "region_pkey", "Startup Cost": 0.0, "Total Cost": 0.23, "Plan Rows": 1, "Plan Width": 0, "Index Cond": "(r_regionkey = nation_1.n_regionkey)"}]}]}]}]}]}, {"Node Type": "Bitmap Heap Scan", "Parent Relationship": "Inner", "Parallel Aware": false, "Relation Name": "supplier", "Alias": "supplier", "Startup Cost": 0.3, "Total Cost": 1.41, "Plan Rows": 1, "Plan Width": 144, "Recheck Cond": "(s_suppkey = partsupp.ps_suppkey)", "Plans": [{"Node Type": "Bitmap Index Scan", "Parent Relationship": "Outer", "Parallel Aware": false, "Index Name": "supplier_pkey", "Startup Cost": 0.0, "Total Cost": 0.3, "Plan Rows": 1, "Plan Width": 0, "Index Cond": "(s_suppkey = partsupp.ps_suppkey)"}]}]}, {"Node Type": "Bitmap Heap Scan", "Parent Relationship": "Inner", "Parallel Aware": false, "Relation Name": "nation", "Alias": "nation", "Startup Cost": 0.15, "Total Cost": 1.26, "Plan Rows": 1, "Plan Width": 34, "Recheck Cond": "(n_nationkey = supplier.s_nationkey)", "Plans": [{"Node Type": "Bitmap Index Scan", "Parent Relationship": "Outer", "Parallel Aware": false, "Index Name": "nation_pkey", "Startup Cost": 0.0, "Total Cost": 0.15, "Plan Rows": 1, "Plan Width": 0, "Index Cond": "(n_nationkey = supplier.s_nationkey)"}]}]}, {"Node Type": "Bitmap Heap Scan", "Parent Relationship": "Inner", "Parallel Aware": false, "Relation Name": "region", "Alias": "region", "Startup Cost": 0.23, "Total Cost": 1.34, "Plan Rows": 1, "Plan Width": 4, "Recheck Cond": "(r_regionkey = nation.n_regionkey)", "Filter": "(r_name = 'EUROPE'::bpchar)", "Plans": [{"Node Type": "Bitmap Index Scan", "Parent Relationship": "Outer", "Parallel Aware": false, "Index Name": "region_pkey", "Startup Cost": 0.0, "Total Cost": 0.23, "Plan Rows": 1, "Plan Width": 0, "Index Cond": "(r_regionkey = nation.n_regionkey)"}]}]}]}]}}, {"Plan": {"Node Type": "Limit", "Parallel Aware": false, "Startup Cost": 1025302.65, "Total Cost": 1025302.66, "Plan Rows": 1, "Plan Width": 192, "Plans": [{"Node Type": "Sort", "Parent Relationship": "Outer", "Parallel Aware": false, "Startup Cost": 1025302.65, "Total Cost": 1025302.66, "Plan Rows": 1, "Plan Width": 192, "Sort Key": ["supplier.s_acctbal DESC", "nation.n_name", "supplier.s_name", "part.p_partkey"], "Plans": [{"Node Type": "Nested Loop", "Parent Relationship": "Outer", "Parallel Aware": false, "Join Type": "Inner", "Startup Cost": 1001.4, "Total Cost": 1025302.64, "Plan Rows": 1, "Plan Width": 192, "Inner Unique": true, "Join Filter": "(nation.n_regionkey = region.r_regionkey)", "Plans": [{"Node Type": "Nested Loop", "Parent Relationship": "Outer", "Parallel Aware": false, "Join Type": "Inner", "Startup Cost": 1001.4, "Total Cost": 1025301.57, "Plan Rows": 1, "Plan Width": 196, "Inner Unique": true, "Join Filter": "(supplier.s_nationkey = nation.n_nationkey)", "Plans": [{"Node Type": "Nested Loop", "Parent Relationship": "Outer", "Parallel Aware": false, "Join Type": "Inner", "Startup Cost": 1001.4, "Total Cost": 1025300.0, "Plan Rows": 1, "Plan Width": 170, "Inner Unique": true, "Join Filter": "(partsupp.ps_suppkey = supplier.s_suppkey)", "Plans": [{"Node Type": "Nested Loop", "Parent Relationship": "Outer", "Parallel Aware": false, "Join Type": "Inner", "Startup Cost": 1001.4, "Total Cost": 1020834.0, "Plan Rows": 1, "Plan Width": 34, "Inner Unique": false, "Plans": [{"Node Type": "Gather", "Parent Relationship": "Outer", "Parallel Aware": false, "Startup Cost": 1000.0, "Total Cost": 52442.52, "Plan Rows": 8031, "Plan Width": 30, "Workers Planned": 3, "Single Copy": false, "Plans": [{"Node Type": "Seq Scan", "Parent Relationship": "Outer", "Parallel Aware": true, "Relation Name": "part", "Alias": "part", "Startup Cost": 0.0, "Total Cost": 50639.42, "Plan Rows": 2591, "Plan Width": 30, "Filter": "(((p_type)::text ~~ '%NICKEL'::text) AND (p_size = 42))"}]}, {"Node Type": "Bitmap Heap Scan", "Parent Relationship": "Inner", "Parallel Aware": false, "Relation Name": "partsupp", "Alias": "partsupp", "Startup Cost": 1.4, "Total Cost": 120.57, "Plan Rows": 1, "Plan Width": 14, "Recheck Cond": "(ps_partkey = part.p_partkey)", "Filter": "((SubPlan 1) = ps_supplycost)", "Plans": [{"Node Type": "Bitmap Index Scan", "Parent Relationship": "Outer", "Parallel Aware": false, "Index Name": "partsupp_pkey", "Startup Cost": 0.0, "Total Cost": 1.4, "Plan Rows": 5, "Plan Width": 0, "Index Cond": "(ps_partkey = part.p_partkey)"}, {"Node Type": "Aggregate", "Strategy": "Plain", "Partial Mode": "Simple", "Parent Relationship": "SubPlan", "Subplan Name": "SubPlan 1", "Parallel Aware": false, "Startup Cost": 22.71, "Total Cost": 22.72, "Plan Rows": 1, "Plan Width": 32, "Plans": [{"Node Type": "Nested Loop", "Parent Relationship": "Outer", "Parallel Aware": false, "Join Type": "Inner", "Startup Cost": 2.97, "Total Cost": 22.71, "Plan Rows": 1, "Plan Width": 6, "Inner Unique": false, "Join Filter": "(supplier_1.s_nationkey = nation_1.n_nationkey)", "Plans": [{"Node Type": "Nested Loop", "Parent Relationship": "Outer", "Parallel Aware": false, "Join Type": "Inner", "Startup Cost": 2.97, "Total Cost": 19.69, "Plan Rows": 5, "Plan Width": 10, "Inner Unique": true, "Plans": [{"Node Type": "Bitmap Heap Scan", "Parent Relationship": "Outer", "Parallel Aware": false, "Relation Name": "partsupp", "Alias": "partsupp_1", "Startup Cost": 1.57, "Total Cost": 7.13, "Plan Rows": 5, "Plan Width": 10, "Recheck Cond": "(part.p_partkey = ps_partkey)", "Plans": [{"Node Type": "Bitmap Index Scan", "Parent Relationship": "Outer", "Parallel Aware": false, "Index Name": "idx_partsupp_partkey", "Startup Cost": 0.0, "Total Cost": 1.57, "Plan Rows": 5, "Plan Width": 0, "Index Cond": "(ps_partkey = part.p_partkey)"}]}, {"Node Type": "Bitmap Heap Scan", "Parent Relationship": "Inner", "Parallel Aware": false, "Relation Name": "supplier", "Alias": "supplier_1", "Startup Cost": 1.4, "Total Cost": 2.51, "Plan Rows": 1, "Plan Width": 8, "Recheck Cond": "(s_suppkey = partsupp_1.ps_suppkey)", "Plans": [{"Node Type": "Bitmap Index Scan", "Parent Relationship": "Outer", "Parallel Aware": false, "Index Name": "supplier_pkey", "Startup Cost": 0.0, "Total Cost": 1.4, "Plan Rows": 1, "Plan Width": 0, "Index Cond": "(s_suppkey = partsupp_1.ps_suppkey)"}]}]}, {"Node Type": "Materialize", "Parent Relationship": "Inner", "Parallel Aware": false, "Startup Cost": 0.0, "Total Cost": 2.65, "Plan Rows": 5, "Plan Width": 4, "Plans": [{"Node Type": "Nested Loop", "Parent Relationship": "Outer", "Parallel Aware": false, "Join Type": "Inner", "Startup Cost": 0.0, "Total Cost": 2.62, "Plan Rows": 5, "Plan Width": 4, "Inner Unique": false, "Join Filter": "(nation_1.n_regionkey = region_1.r_regionkey)", "Plans": [{"Node Type": "Seq Scan", "Parent Relationship": "Outer", "Parallel Aware": false, "Relation Name": "region", "Alias": "region_1", "Startup Cost": 0.0, "Total Cost": 1.06, "Plan Rows": 1, "Plan Width": 4, "Filter": "(r_name = 'EUROPE'::bpchar)"}, {"Node Type": "Seq Scan", "Parent Relationship": "Inner", "Parallel Aware": false, "Relation Name": "nation", "Alias": "nation_1", "Startup Cost": 0.0, "Total Cost": 1.25, "Plan Rows": 25, "Plan Width": 8}]}]}]}]}]}]}, {"Node Type": "Seq Scan", "Parent Relationship": "Inner", "Parallel Aware": false, "Relation Name": "supplier", "Alias": "supplier", "Startup Cost": 0.0, "Total Cost": 3216.0, "Plan Rows": 100000, "Plan Width": 144}]}, {"Node Type": "Seq Scan", "Parent Relationship": "Inner", "Parallel Aware": false, "Relation Name": "nation", "Alias": "nation", "Startup Cost": 0.0, "Total Cost": 1.25, "Plan Rows": 25, "Plan Width": 34}]}, {"Node Type": "Seq Scan", "Parent Relationship": "Inner", "Parallel Aware": false, "Relation Name": "region", "Alias": "region", "Startup Cost": 0.0, "Total Cost": 1.06, "Plan Rows": 1, "Plan Width": 4, "Filter": "(r_name = 'EUROPE'::bpchar)"}]}]}]}}, {"Plan": {"Node Type": "Limit", "Parallel Aware": false, "Startup Cost": 28222267.22, "Total Cost": 28222267.22, "Plan Rows": 1, "Plan Width": 192, "Plans": [{"Node Type": "Sort", "Parent Relationship": "Outer", "Parallel Aware": false, "Startup Cost": 28222267.22, "Total Cost": 28222267.22, "Plan Rows": 1, "Plan Width": 192, "Sort Key": ["supplier.s_acctbal DESC", "nation.n_name", "supplier.s_name", "part.p_partkey"], "Plans": [{"Node Type": "Merge Join", "Parent Relationship": "Outer", "Parallel Aware": false, "Join Type": "Inner", "Startup Cost": 632144.69, "Total Cost": 28222267.21, "Plan Rows": 1, "Plan Width": 192, "Inner Unique": false, "Merge Cond": "(part.p_partkey = partsupp.ps_partkey)", "Join Filter": "(partsupp.ps_supplycost = (SubPlan 1))", "Plans": [{"Node Type": "Gather Merge", "Parent Relationship": "Outer", "Parallel Aware": false, "Startup Cost": 1000.47, "Total Cost": 68619.33, "Plan Rows": 8031, "Plan Width": 30, "Workers Planned": 3, "Plans": [{"Node Type": "Index Scan", "Parent Relationship": "Outer", "Parallel Aware": true, "Scan Direction": "Forward", "Index Name": "part_pkey", "Relation Name": "part", "Alias": "part", "Startup Cost": 0.43, "Total Cost": 66675.65, "Plan Rows": 2591, "Plan Width": 30, "Filter": "(((p_type)::text ~~ '%NICKEL'::text) AND (p_size = 42))"}]}, {"Node Type": "Materialize", "Parent Relationship": "Inner", "Parallel Aware": false, "Startup Cost": 631144.15, "Total Cost": 639143.75, "Plan Rows": 1599920, "Plan Width": 172, "Plans": [{"Node Type": "Sort", "Parent Relationship": "Outer", "Parallel Aware": false, "Startup Cost": 631144.15, "Total Cost": 635143.95, "Plan Rows": 1599920, "Plan Width": 172, "Sort Key": ["partsupp.ps_partkey"], "Plans": [{"Node Type": "Merge Join", "Parent Relationship": "Outer", "Parallel Aware": false, "Join Type": "Inner", "Startup Cost": 6230.15, "Total Cost": 386200.8, "Plan Rows": 1599920, "Plan Width": 172, "Inner Unique": false, "Merge Cond": "(partsupp.ps_suppkey = supplier.s_suppkey)", "Plans": [{"Node Type": "Index Scan", "Parent Relationship": "Outer", "Parallel Aware": false, "Scan Direction": "Forward", "Index Name": "idx_partsupp_suppkey", "Relation Name": "partsupp", "Alias": "partsupp", "Startup Cost": 0.43, "Total Cost": 335982.16, "Plan Rows": 7999600, "Plan Width": 14}, {"Node Type": "Sort", "Parent Relationship": "Inner", "Parallel Aware": false, "Startup Cost": 6229.72, "Total Cost": 6279.72, "Plan Rows": 20000, "Plan Width": 166, "Sort Key": ["supplier.s_suppkey"], "Plans": [{"Node Type": "Merge Join", "Parent Relationship": "Outer", "Parallel Aware": false, "Join Type": "Inner", "Startup Cost": 7.92, "Total Cost": 4800.95, "Plan Rows": 20000, "Plan Width": 166, "Inner Unique": false, "Merge Cond": "(supplier.s_nationkey = nation.n_nationkey)", "Plans": [{"Node Type": "Index Scan", "Parent Relationship": "Outer", "Parallel Aware": false, "Scan Direction": "Forward", "Index Name": "idx_supplier_nation_key", "Relation Name": "supplier", "Alias": "supplier", "Startup Cost": 0.42, "Total Cost": 4243.44, "Plan Rows": 100000, "Plan Width": 144}, {"Node Type": "Sort", "Parent Relationship": "Inner", "Parallel Aware": false, "Startup Cost": 7.51, "Total Cost": 7.52, "Plan Rows": 5, "Plan Width": 30, "Sort Key": ["nation.n_nationkey"], "Plans": [{"Node Type": "Merge Join", "Parent Relationship": "Outer", "Parallel Aware": false, "Join Type": "Inner", "Startup Cost": 0.27, "Total Cost": 7.45, "Plan Rows": 5, "Plan Width": 30, "Inner Unique": true, "Merge Cond": "(nation.n_regionkey = region.r_regionkey)", "Plans": [{"Node Type": "Index Scan", "Parent Relationship": "Outer", "Parallel Aware": false, "Scan Direction": "Forward", "Index Name": "idx_nation_regionkey", "Relation Name": "nation", "Alias": "nation", "Startup Cost": 0.14, "Total Cost": 3.81, "Plan Rows": 25, "Plan Width": 34}, {"Node Type": "Index Scan", "Parent Relationship": "Inner", "Parallel Aware": false, "Scan Direction": "Forward", "Index Name": "region_pkey", "Relation Name": "region", "Alias": "region", "Startup Cost": 0.13, "Total Cost": 3.52, "Plan Rows": 1, "Plan Width": 4, "Filter": "(r_name = 'EUROPE'::bpchar)"}]}]}]}]}]}]}]}, {"Node Type": "Aggregate", "Strategy": "Plain", "Partial Mode": "Simple", "Parent Relationship": "SubPlan", "Subplan Name": "SubPlan 1", "Parallel Aware": false, "Startup Cost": 4282.43, "Total Cost": 4282.44, "Plan Rows": 1, "Plan Width": 32, "Plans": [{"Node Type": "Merge Join", "Parent Relationship": "Outer", "Parallel Aware": false, "Join Type": "Inner", "Startup Cost": 4279.0, "Total Cost": 4282.43, "Plan Rows": 1, "Plan Width": 6, "Inner Unique": true, "Merge Cond": "(nation_1.n_regionkey = region_1.r_regionkey)", "Plans": [{"Node Type": "Sort", "Parent Relationship": "Outer", "Parallel Aware": false, "Startup Cost": 4278.87, "Total Cost": 4278.88, "Plan Rows": 5, "Plan Width": 10, "Sort Key": ["nation_1.n_regionkey"], "Plans": [{"Node Type": "Merge Join", "Parent Relationship": "Outer", "Parallel Aware": false, "Join Type": "Inner", "Startup Cost": 4275.0, "Total Cost": 4278.81, "Plan Rows": 5, "Plan Width": 10, "Inner Unique": false, "Merge Cond": "(nation_1.n_nationkey = supplier_1.s_nationkey)", "Plans": [{"Node Type": "Index Scan", "Parent Relationship": "Outer", "Parallel Aware": false, "Scan Direction": "Forward", "Index Name": "nation_pkey", "Relation Name": "nation", "Alias": "nation_1", "Startup Cost": 0.14, "Total Cost": 3.81, "Plan Rows": 25, "Plan Width": 8}, {"Node Type": "Sort", "Parent Relationship": "Inner", "Parallel Aware": false, "Startup Cost": 4274.86, "Total Cost": 4274.88, "Plan Rows": 5, "Plan Width": 10, "Sort Key": ["supplier_1.s_nationkey"], "Plans": [{"Node Type": "Merge Join", "Parent Relationship": "Outer", "Parallel Aware": false, "Join Type": "Inner", "Startup Cost": 0.77, "Total Cost": 4274.81, "Plan Rows": 5, "Plan Width": 10, "Inner Unique": true, "Merge Cond": "(partsupp_1.ps_suppkey = supplier_1.s_suppkey)", "Plans": [{"Node Type": "Index Scan", "Parent Relationship": "Outer", "Parallel Aware": false, "Scan Direction": "Forward", "Index Name": "partsupp_pkey", "Relation Name": "partsupp", "Alias": "partsupp_1", "Startup Cost": 0.43, "Total Cost": 4.65, "Plan Rows": 5, "Plan Width": 10, "Index Cond": "(ps_partkey = part.p_partkey)"}, {"Node Type": "Index Scan", "Parent Relationship": "Inner", "Parallel Aware": false, "Scan Direction": "Forward", "Index Name": "supplier_pkey", "Relation Name": "supplier", "Alias": "supplier_1", "Startup Cost": 0.29, "Total Cost": 4020.1, "Plan Rows": 100000, "Plan Width": 8}]}]}]}]}, {"Node Type": "Index Scan", "Parent Relationship": "Inner", "Parallel Aware": false, "Scan Direction": "Forward", "Index Name": "region_pkey", "Relation Name": "region", "Alias": "region_1", "Startup Cost": 0.13, "Total Cost": 3.52, "Plan Rows": 1, "Plan Width": 4, "Filter": "(r_name = 'EUROPE'::bpchar)"}]}]}]}]}]}}, {"Plan": {"Node Type": "Limit", "Parallel Aware": false, "Startup Cost": 534963.76, "Total Cost": 534963.77, "Plan Rows": 1, "Plan Width": 192, "Plans": [{"Node Type": "Sort", "Parent Relationship": "Outer", "Parallel Aware": false, "Startup Cost": 534963.76, "Total Cost": 534963.77, "Plan Rows": 1, "Plan Width": 192, "Sort Key": ["supplier.s_acctbal DESC", "nation.n_name", "supplier.s_name", "part.p_partkey"], "Plans": [{"Node Type": "Merge Join", "Parent Relationship": "Outer", "Parallel Aware": false, "Join Type": "Inner", "Startup Cost": 342879.44, "Total Cost": 534963.75, "Plan Rows": 1, "Plan Width": 192, "Inner Unique": false, "Merge Cond": "(part.p_partkey = partsupp.ps_partkey)", "Join Filter": "(partsupp.ps_supplycost = (SubPlan 1))", "Plans": [{"Node Type": "Gather Merge", "Parent Relationship": "Outer", "Parallel Aware": false, "Startup Cost": 1000.47, "Total Cost": 68619.33, "Plan Rows": 8031, "Plan Width": 30, "Workers Planned": 3, "Plans": [{"Node Type": "Index Scan", "Parent Relationship": "Outer", "Parallel Aware": true, "Scan Direction": "Forward", "Index Name": "part_pkey", "Relation Name": "part", "Alias": "part", "Startup Cost": 0.43, "Total Cost": 66675.65, "Plan Rows": 2591, "Plan Width": 30, "Filter": "(((p_type)::text ~~ '%NICKEL'::text) AND (p_size = 42))"}]}, {"Node Type": "Materialize", "Parent Relationship": "Inner", "Parallel Aware": false, "Startup Cost": 341878.9, "Total Cost": 349878.5, "Plan Rows": 1599920, "Plan Width": 172, "Plans": [{"Node Type": "Sort", "Parent Relationship": "Outer", "Parallel Aware": false, "Startup Cost": 341878.9, "Total Cost": 345878.7, "Plan Rows": 1599920, "Plan Width": 172, "Sort Key": ["partsupp.ps_partkey"], "Plans": [{"Node Type": "Nested Loop", "Parent Relationship": "Outer", "Parallel Aware": false, "Join Type": "Inner", "Startup Cost": 1.12, "Total Cost": 96935.55, "Plan Rows": 1599920, "Plan Width": 172, "Inner Unique": false, "Plans": [{"Node Type": "Nested Loop", "Parent Relationship": "Outer", "Parallel Aware": false, "Join Type": "Inner", "Startup Cost": 0.69, "Total Cost": 1088.23, "Plan Rows": 20000, "Plan Width": 166, "Inner Unique": false, "Plans": [{"Node Type": "Nested Loop", "Parent Relationship": "Outer", "Parallel Aware": false, "Join Type": "Inner", "Startup Cost": 0.27, "Total Cost": 6.0, "Plan Rows": 5, "Plan Width": 30, "Inner Unique": false, "Plans": [{"Node Type": "Index Scan", "Parent Relationship": "Outer", "Parallel Aware": false, "Scan Direction": "Forward", "Index Name": "region_pkey", "Relation Name": "region", "Alias": "region", "Startup Cost": 0.13, "Total Cost": 3.52, "Plan Rows": 1, "Plan Width": 4, "Filter": "(r_name = 'EUROPE'::bpchar)"}, {"Node Type": "Index Scan", "Parent Relationship": "Inner", "Parallel Aware": false, "Scan Direction": "Forward", "Index Name": "idx_nation_regionkey", "Relation Name": "nation", "Alias": "nation", "Startup Cost": 0.14, "Total Cost": 2.43, "Plan Rows": 5, "Plan Width": 34, "Index Cond": "(n_regionkey = region.r_regionkey)"}]}, {"Node Type": "Index Scan", "Parent Relationship": "Inner", "Parallel Aware": false, "Scan Direction": "Forward", "Index Name": "idx_supplier_nation_key", "Relation Name": "supplier", "Alias": "supplier", "Startup Cost": 0.42, "Total Cost": 176.45, "Plan Rows": 4000, "Plan Width": 144, "Index Cond": "(s_nationkey = nation.n_nationkey)"}]}, {"Node Type": "Index Scan", "Parent Relationship": "Inner", "Parallel Aware": false, "Scan Direction": "Forward", "Index Name": "idx_partsupp_suppkey", "Relation Name": "partsupp", "Alias": "partsupp", "Startup Cost": 0.43, "Total Cost": 3.99, "Plan Rows": 80, "Plan Width": 14, "Index Cond": "(ps_suppkey = supplier.s_suppkey)"}]}]}]}, {"Node Type": "Aggregate", "Strategy": "Plain", "Partial Mode": "Simple", "Parent Relationship": "SubPlan", "Subplan Name": "SubPlan 1", "Parallel Aware": false, "Startup Cost": 17.48, "Total Cost": 17.49, "Plan Rows": 1, "Plan Width": 32, "Plans": [{"Node Type": "Nested Loop", "Parent Relationship": "Outer", "Parallel Aware": false, "Join Type": "Inner", "Startup Cost": 1.0, "Total Cost": 17.48, "Plan Rows": 1, "Plan Width": 6, "Inner Unique": true, "Plans": [{"Node Type": "Nested Loop", "Parent Relationship": "Outer", "Parallel Aware": false, "Join Type": "Inner", "Startup Cost": 0.86, "Total Cost": 16.05, "Plan Rows": 5, "Plan Width": 10, "Inner Unique": true, "Plans": [{"Node Type": "Nested Loop", "Parent Relationship": "Outer", "Parallel Aware": false, "Join Type": "Inner", "Startup Cost": 0.72, "Total Cost": 15.27, "Plan Rows": 5, "Plan Width": 10, "Inner Unique": true, "Plans": [{"Node Type": "Index Scan", "Parent Relationship": "Outer", "Parallel Aware": false, "Scan Direction": "Forward", "Index Name": "idx_partsupp_partkey", "Relation Name": "partsupp", "Alias": "partsupp_1", "Startup Cost": 0.43, "Total Cost": 2.72, "Plan Rows": 5, "Plan Width": 10, "Index Cond": "(ps_partkey = part.p_partkey)"}, {"Node Type": "Index Scan", "Parent Relationship": "Inner", "Parallel Aware": false, "Scan Direction": "Forward", "Index Name": "supplier_pkey", "Relation Name": "supplier", "Alias": "supplier_1", "Startup Cost": 0.29, "Total Cost": 2.51, "Plan Rows": 1, "Plan Width": 8, "Index Cond": "(s_suppkey = partsupp_1.ps_suppkey)"}]}, {"Node Type": "Index Scan", "Parent Relationship": "Inner", "Parallel Aware": false, "Scan Direction": "Forward", "Index Name": "nation_pkey", "Relation Name": "nation", "Alias": "nation_1", "Startup Cost": 0.14, "Total Cost": 0.16, "Plan Rows": 1, "Plan Width": 8, "Index Cond": "(n_nationkey = supplier_1.s_nationkey)"}]}, {"Node Type": "Index Scan", "Parent Relationship": "Inner", "Parallel Aware": false, "Scan Direction": "Forward", "Index Name": "region_pkey", "Relation Name": "region", "Alias": "region_1", "Startup Cost": 0.13, "Total Cost": 0.28, "Plan Rows": 1, "Plan Width": 4, "Index Cond": "(r_regionkey = nation_1.n_regionkey)", "Filter": "(r_name = 'EUROPE'::bpchar)"}]}]}]}]}]}}, {"Plan": {"Node Type": "Limit", "Parallel Aware": false, "Startup Cost": 532985.01, "Total Cost": 532985.02, "Plan Rows": 1, "Plan Width": 192, "Plans": [{"Node Type": "Sort", "Parent Relationship": "Outer", "Parallel Aware": false, "Startup Cost": 532985.01, "Total Cost": 532985.02, "Plan Rows": 1, "Plan Width": 192, "Sort Key": ["supplier.s_acctbal DESC", "nation.n_name", "supplier.s_name", "part.p_partkey"], "Plans": [{"Node Type": "Merge Join", "Parent Relationship": "Outer", "Parallel Aware": false, "Join Type": "Inner", "Startup Cost": 342876.07, "Total Cost": 532985.0, "Plan Rows": 1, "Plan Width": 192, "Inner Unique": false, "Merge Cond": "(part.p_partkey = partsupp.ps_partkey)", "Join Filter": "(partsupp.ps_supplycost = (SubPlan 1))", "Plans": [{"Node Type": "Gather Merge", "Parent Relationship": "Outer", "Parallel Aware": false, "Startup Cost": 1000.47, "Total Cost": 68619.33, "Plan Rows": 8031, "Plan Width": 30, "Workers Planned": 3, "Plans": [{"Node Type": "Index Scan", "Parent Relationship": "Outer", "Parallel Aware": true, "Scan Direction": "Forward", "Index Name": "part_pkey", "Relation Name": "part", "Alias": "part", "Startup Cost": 0.43, "Total Cost": 66675.65, "Plan Rows": 2591, "Plan Width": 30, "Filter": "(((p_type)::text ~~ '%NICKEL'::text) AND (p_size = 42))"}]}, {"Node Type": "Materialize", "Parent Relationship": "Inner", "Parallel Aware": false, "Startup Cost": 341875.53, "Total Cost": 349875.13, "Plan Rows": 1599920, "Plan Width": 172, "Plans": [{"Node Type": "Sort", "Parent Relationship": "Outer", "Parallel Aware": false, "Startup Cost": 341875.53, "Total Cost": 345875.33, "Plan Rows": 1599920, "Plan Width": 172, "Sort Key": ["partsupp.ps_partkey"], "Plans": [{"Node Type": "Nested Loop", "Parent Relationship": "Outer", "Parallel Aware": false, "Join Type": "Inner", "Startup Cost": 0.85, "Total Cost": 96932.18, "Plan Rows": 1599920, "Plan Width": 172, "Inner Unique": false, "Plans": [{"Node Type": "Nested Loop", "Parent Relationship": "Outer", "Parallel Aware": false, "Join Type": "Inner", "Startup Cost": 0.42, "Total Cost": 1084.86, "Plan Rows": 20000, "Plan Width": 166, "Inner Unique": false, "Plans": [{"Node Type": "Nested Loop", "Parent Relationship": "Outer", "Parallel Aware": false, "Join Type": "Inner", "Startup Cost": 0.0, "Total Cost": 2.62, "Plan Rows": 5, "Plan Width": 30, "Inner Unique": false, "Join Filter": "(nation.n_regionkey = region.r_regionkey)", "Plans": [{"Node Type": "Seq Scan", "Parent Relationship": "Outer", "Parallel Aware": false, "Relation Name": "region", "Alias": "region", "Startup Cost": 0.0, "Total Cost": 1.06, "Plan Rows": 1, "Plan Width": 4, "Filter": "(r_name = 'EUROPE'::bpchar)"}, {"Node Type": "Seq Scan", "Parent Relationship": "Inner", "Parallel Aware": false, "Relation Name": "nation", "Alias": "nation", "Startup Cost": 0.0, "Total Cost": 1.25, "Plan Rows": 25, "Plan Width": 34}]}, {"Node Type": "Index Scan", "Parent Relationship": "Inner", "Parallel Aware": false, "Scan Direction": "Forward", "Index Name": "idx_supplier_nation_key", "Relation Name": "supplier", "Alias": "supplier", "Startup Cost": 0.42, "Total Cost": 176.45, "Plan Rows": 4000, "Plan Width": 144, "Index Cond": "(s_nationkey = nation.n_nationkey)"}]}, {"Node Type": "Index Scan", "Parent Relationship": "Inner", "Parallel Aware": false, "Scan Direction": "Forward", "Index Name": "idx_partsupp_suppkey", "Relation Name": "partsupp", "Alias": "partsupp", "Startup Cost": 0.43, "Total Cost": 3.99, "Plan Rows": 80, "Plan Width": 14, "Index Cond": "(ps_suppkey = supplier.s_suppkey)"}]}]}]}, {"Node Type": "Aggregate", "Strategy": "Plain", "Partial Mode": "Simple", "Parent Relationship": "SubPlan", "Subplan Name": "SubPlan 1", "Parallel Aware": false, "Startup Cost": 17.17, "Total Cost": 17.18, "Plan Rows": 1, "Plan Width": 32, "Plans": [{"Node Type": "Nested Loop", "Parent Relationship": "Outer", "Parallel Aware": false, "Join Type": "Inner", "Startup Cost": 0.86, "Total Cost": 17.17, "Plan Rows": 1, "Plan Width": 6, "Inner Unique": false, "Join Filter": "(nation_1.n_regionkey = region_1.r_regionkey)", "Plans": [{"Node Type": "Seq Scan", "Parent Relationship": "Outer", "Parallel Aware": false, "Relation Name": "region", "Alias": "region_1", "Startup Cost": 0.0, "Total Cost": 1.06, "Plan Rows": 1, "Plan Width": 4, "Filter": "(r_name = 'EUROPE'::bpchar)"}, {"Node Type": "Nested Loop", "Parent Relationship": "Inner", "Parallel Aware": false, "Join Type": "Inner", "Startup Cost": 0.86, "Total Cost": 16.05, "Plan Rows": 5, "Plan Width": 10, "Inner Unique": true, "Plans": [{"Node Type": "Nested Loop", "Parent Relationship": "Outer", "Parallel Aware": false, "Join Type": "Inner", "Startup Cost": 0.72, "Total Cost": 15.27, "Plan Rows": 5, "Plan Width": 10, "Inner Unique": true, "Plans": [{"Node Type": "Index Scan", "Parent Relationship": "Outer", "Parallel Aware": false, "Scan Direction": "Forward", "Index Name": "idx_partsupp_partkey", "Relation Name": "partsupp", "Alias": "partsupp_1", "Startup Cost": 0.43, "Total Cost": 2.72, "Plan Rows": 5, "Plan Width": 10, "Index Cond": "(ps_partkey = part.p_partkey)"}, {"Node Type": "Index Scan", "Parent Relationship": "Inner", "Parallel Aware": false, "Scan Direction": "Forward", "Index Name": "supplier_pkey", "Relation Name": "supplier", "Alias": "supplier_1", "Startup Cost": 0.29, "Total Cost": 2.51, "Plan Rows": 1, "Plan Width": 8, "Index Cond": "(s_suppkey = partsupp_1.ps_suppkey)"}]}, {"Node Type": "Index Scan", "Parent Relationship": "Inner", "Parallel Aware": false, "Scan Direction": "Forward", "Index Name": "nation_pkey", "Relation Name": "nation", "Alias": "nation_1", "Startup Cost": 0.14, "Total Cost": 0.16, "Plan Rows": 1, "Plan Width": 8, "Index Cond": "(n_nationkey = supplier_1.s_nationkey)"}]}]}]}]}]}]}}, {"Plan": {"Node Type": "Limit", "Parallel Aware": false, "Startup Cost": 28194241.25, "Total Cost": 28194241.25, "Plan Rows": 1, "Plan Width": 192, "Plans": [{"Node Type": "Sort", "Parent Relationship": "Outer", "Parallel Aware": false, "Startup Cost": 28194241.25, "Total Cost": 28194241.25, "Plan Rows": 1, "Plan Width": 192, "Sort Key": ["supplier.s_acctbal DESC", "nation.n_name", "supplier.s_name", "part.p_partkey"], "Plans": [{"Node Type": "Merge Join", "Parent Relationship": "Outer", "Parallel Aware": false, "Join Type": "Inner", "Startup Cost": 632140.32, "Total Cost": 28194241.24, "Plan Rows": 1, "Plan Width": 192, "Inner Unique": false, "Merge Cond": "(part.p_partkey = partsupp.ps_partkey)", "Join Filter": "(partsupp.ps_supplycost = (SubPlan 1))", "Plans": [{"Node Type": "Gather Merge", "Parent Relationship": "Outer", "Parallel Aware": false, "Startup Cost": 1000.47, "Total Cost": 68619.33, "Plan Rows": 8031, "Plan Width": 30, "Workers Planned": 3, "Plans": [{"Node Type": "Index Scan", "Parent Relationship": "Outer", "Parallel Aware": true, "Scan Direction": "Forward", "Index Name": "part_pkey", "Relation Name": "part", "Alias": "part", "Startup Cost": 0.43, "Total Cost": 66675.65, "Plan Rows": 2591, "Plan Width": 30, "Filter": "(((p_type)::text ~~ '%NICKEL'::text) AND (p_size = 42))"}]}, {"Node Type": "Materialize", "Parent Relationship": "Inner", "Parallel Aware": false, "Startup Cost": 631139.79, "Total Cost": 639139.39, "Plan Rows": 1599920, "Plan Width": 172, "Plans": [{"Node Type": "Sort", "Parent Relationship": "Outer", "Parallel Aware": false, "Startup Cost": 631139.79, "Total Cost": 635139.59, "Plan Rows": 1599920, "Plan Width": 172, "Sort Key": ["partsupp.ps_partkey"], "Plans": [{"Node Type": "Merge Join", "Parent Relationship": "Outer", "Parallel Aware": false, "Join Type": "Inner", "Startup Cost": 6225.79, "Total Cost": 386196.43, "Plan Rows": 1599920, "Plan Width": 172, "Inner Unique": false, "Merge Cond": "(partsupp.ps_suppkey = supplier.s_suppkey)", "Plans": [{"Node Type": "Index Scan", "Parent Relationship": "Outer", "Parallel Aware": false, "Scan Direction": "Forward", "Index Name": "idx_partsupp_suppkey", "Relation Name": "partsupp", "Alias": "partsupp", "Startup Cost": 0.43, "Total Cost": 335982.16, "Plan Rows": 7999600, "Plan Width": 14}, {"Node Type": "Sort", "Parent Relationship": "Inner", "Parallel Aware": false, "Startup Cost": 6225.36, "Total Cost": 6275.36, "Plan Rows": 20000, "Plan Width": 166, "Sort Key": ["supplier.s_suppkey"], "Plans": [{"Node Type": "Merge Join", "Parent Relationship": "Outer", "Parallel Aware": false, "Join Type": "Inner", "Startup Cost": 3.56, "Total Cost": 4796.58, "Plan Rows": 20000, "Plan Width": 166, "Inner Unique": false, "Merge Cond": "(supplier.s_nationkey = nation.n_nationkey)", "Plans": [{"Node Type": "Index Scan", "Parent Relationship": "Outer", "Parallel Aware": false, "Scan Direction": "Forward", "Index Name": "idx_supplier_nation_key", "Relation Name": "supplier", "Alias": "supplier", "Startup Cost": 0.42, "Total Cost": 4243.44, "Plan Rows": 100000, "Plan Width": 144}, {"Node Type": "Sort", "Parent Relationship": "Inner", "Parallel Aware": false, "Startup Cost": 3.14, "Total Cost": 3.16, "Plan Rows": 5, "Plan Width": 30, "Sort Key": ["nation.n_nationkey"], "Plans": [{"Node Type": "Merge Join", "Parent Relationship": "Outer", "Parallel Aware": false, "Join Type": "Inner", "Startup Cost": 2.9, "Total Cost": 3.09, "Plan Rows": 5, "Plan Width": 30, "Inner Unique": true, "Merge Cond": "(nation.n_regionkey = region.r_regionkey)", "Plans": [{"Node Type": "Sort", "Parent Relationship": "Outer", "Parallel Aware": false, "Startup Cost": 1.83, "Total Cost": 1.89, "Plan Rows": 25, "Plan Width": 34, "Sort Key": ["nation.n_regionkey"], "Plans": [{"Node Type": "Seq Scan", "Parent Relationship": "Outer", "Parallel Aware": false, "Relation Name": "nation", "Alias": "nation", "Startup Cost": 0.0, "Total Cost": 1.25, "Plan Rows": 25, "Plan Width": 34}]}, {"Node Type": "Sort", "Parent Relationship": "Inner", "Parallel Aware": false, "Startup Cost": 1.07, "Total Cost": 1.08, "Plan Rows": 1, "Plan Width": 4, "Sort Key": ["region.r_regionkey"], "Plans": [{"Node Type": "Seq Scan", "Parent Relationship": "Outer", "Parallel Aware": false, "Relation Name": "region", "Alias": "region", "Startup Cost": 0.0, "Total Cost": 1.06, "Plan Rows": 1, "Plan Width": 4, "Filter": "(r_name = 'EUROPE'::bpchar)"}]}]}]}]}]}]}]}]}, {"Node Type": "Aggregate", "Strategy": "Plain", "Partial Mode": "Simple", "Parent Relationship": "SubPlan", "Subplan Name": "SubPlan 1", "Parallel Aware": false, "Startup Cost": 4278.07, "Total Cost": 4278.08, "Plan Rows": 1, "Plan Width": 32, "Plans": [{"Node Type": "Merge Join", "Parent Relationship": "Outer", "Parallel Aware": false, "Join Type": "Inner", "Startup Cost": 4278.01, "Total Cost": 4278.07, "Plan Rows": 1, "Plan Width": 6, "Inner Unique": false, "Merge Cond": "(supplier_1.s_nationkey = nation_1.n_nationkey)", "Plans": [{"Node Type": "Sort", "Parent Relationship": "Outer", "Parallel Aware": false, "Startup Cost": 4274.86, "Total Cost": 4274.88, "Plan Rows": 5, "Plan Width": 10, "Sort Key": ["supplier_1.s_nationkey"], "Plans": [{"Node Type": "Merge Join", "Parent Relationship": "Outer", "Parallel Aware": false, "Join Type": "Inner", "Startup Cost": 0.77, "Total Cost": 4274.81, "Plan Rows": 5, "Plan Width": 10, "Inner Unique": true, "Merge Cond": "(partsupp_1.ps_suppkey = supplier_1.s_suppkey)", "Plans": [{"Node Type": "Index Scan", "Parent Relationship": "Outer", "Parallel Aware": false, "Scan Direction": "Forward", "Index Name": "partsupp_pkey", "Relation Name": "partsupp", "Alias": "partsupp_1", "Startup Cost": 0.43, "Total Cost": 4.65, "Plan Rows": 5, "Plan Width": 10, "Index Cond": "(ps_partkey = part.p_partkey)"}, {"Node Type": "Index Scan", "Parent Relationship": "Inner", "Parallel Aware": false, "Scan Direction": "Forward", "Index Name": "supplier_pkey", "Relation Name": "supplier", "Alias": "supplier_1", "Startup Cost": 0.29, "Total Cost": 4020.1, "Plan Rows": 100000, "Plan Width": 8}]}]}, {"Node Type": "Sort", "Parent Relationship": "Inner", "Parallel Aware": false, "Startup Cost": 3.14, "Total Cost": 3.16, "Plan Rows": 5, "Plan Width": 4, "Sort Key": ["nation_1.n_nationkey"], "Plans": [{"Node Type": "Merge Join", "Parent Relationship": "Outer", "Parallel Aware": false, "Join Type": "Inner", "Startup Cost": 2.9, "Total Cost": 3.09, "Plan Rows": 5, "Plan Width": 4, "Inner Unique": true, "Merge Cond": "(nation_1.n_regionkey = region_1.r_regionkey)", "Plans": [{"Node Type": "Sort", "Parent Relationship": "Outer", "Parallel Aware": false, "Startup Cost": 1.83, "Total Cost": 1.89, "Plan Rows": 25, "Plan Width": 8, "Sort Key": ["nation_1.n_regionkey"], "Plans": [{"Node Type": "Seq Scan", "Parent Relationship": "Outer", "Parallel Aware": false, "Relation Name": "nation", "Alias": "nation_1", "Startup Cost": 0.0, "Total Cost": 1.25, "Plan Rows": 25, "Plan Width": 8}]}, {"Node Type": "Sort", "Parent Relationship": "Inner", "Parallel Aware": false, "Startup Cost": 1.07, "Total Cost": 1.08, "Plan Rows": 1, "Plan Width": 4, "Sort Key": ["region_1.r_regionkey"], "Plans": [{"Node Type": "Seq Scan", "Parent Relationship": "Outer", "Parallel Aware": false, "Relation Name": "region", "Alias": "region_1", "Startup Cost": 0.0, "Total Cost": 1.06, "Plan Rows": 1, "Plan Width": 4, "Filter": "(r_name = 'EUROPE'::bpchar)"}]}]}]}]}]}]}]}]}}, {"Plan": {"Node Type": "Limit", "Parallel Aware": false, "Startup Cost": 792793.05, "Total Cost": 792793.05, "Plan Rows": 1, "Plan Width": 192, "Plans": [{"Node Type": "Sort", "Parent Relationship": "Outer", "Parallel Aware": false, "Startup Cost": 792793.05, "Total Cost": 792793.05, "Plan Rows": 1, "Plan Width": 192, "Sort Key": ["supplier.s_acctbal DESC", "nation.n_name", "supplier.s_name", "part.p_partkey"], "Plans": [{"Node Type": "Nested Loop", "Parent Relationship": "Outer", "Parallel Aware": false, "Join Type": "Inner", "Startup Cost": 1001.59, "Total Cost": 792793.04, "Plan Rows": 1, "Plan Width": 192, "Inner Unique": false, "Join Filter": "(partsupp.ps_suppkey = supplier.s_suppkey)", "Plans": [{"Node Type": "Nested Loop", "Parent Relationship": "Outer", "Parallel Aware": false, "Join Type": "Inner", "Startup Cost": 1000.9, "Total Cost": 791454.81, "Plan Rows": 1, "Plan Width": 34, "Inner Unique": false, "Plans": [{"Node Type": "Gather Merge", "Parent Relationship": "Outer", "Parallel Aware": false, "Startup Cost": 1000.47, "Total Cost": 68619.33, "Plan Rows": 8031, "Plan Width": 30, "Workers Planned": 3, "Plans": [{"Node Type": "Index Scan", "Parent Relationship": "Outer", "Parallel Aware": true, "Scan Direction": "Forward", "Index Name": "part_pkey", "Relation Name": "part", "Alias": "part", "Startup Cost": 0.43, "Total Cost": 66675.65, "Plan Rows": 2591, "Plan Width": 30, "Filter": "(((p_type)::text ~~ '%NICKEL'::text) AND (p_size = 42))"}]}, {"Node Type": "Index Scan", "Parent Relationship": "Inner", "Parallel Aware": false, "Scan Direction": "Forward", "Index Name": "idx_partsupp_partkey", "Relation Name": "partsupp", "Alias": "partsupp", "Startup Cost": 0.43, "Total Cost": 90.0, "Plan Rows": 1, "Plan Width": 14, "Index Cond": "(ps_partkey = part.p_partkey)", "Filter": "((SubPlan 1) = ps_supplycost)", "Plans": [{"Node Type": "Aggregate", "Strategy": "Plain", "Partial Mode": "Simple", "Parent Relationship": "SubPlan", "Subplan Name": "SubPlan 1", "Parallel Aware": false, "Startup Cost": 17.48, "Total Cost": 17.49, "Plan Rows": 1, "Plan Width": 32, "Plans": [{"Node Type": "Nested Loop", "Parent Relationship": "Outer", "Parallel Aware": false, "Join Type": "Inner", "Startup Cost": 1.0, "Total Cost": 17.48, "Plan Rows": 1, "Plan Width": 6, "Inner Unique": true, "Plans": [{"Node Type": "Nested Loop", "Parent Relationship": "Outer", "Parallel Aware": false, "Join Type": "Inner", "Startup Cost": 0.86, "Total Cost": 16.05, "Plan Rows": 5, "Plan Width": 10, "Inner Unique": true, "Plans": [{"Node Type": "Nested Loop", "Parent Relationship": "Outer", "Parallel Aware": false, "Join Type": "Inner", "Startup Cost": 0.72, "Total Cost": 15.27, "Plan Rows": 5, "Plan Width": 10, "Inner Unique": true, "Plans": [{"Node Type": "Index Scan", "Parent Relationship": "Outer", "Parallel Aware": false, "Scan Direction": "Forward", "Index Name": "idx_partsupp_partkey", "Relation Name": "partsupp", "Alias": "partsupp_1", "Startup Cost": 0.43, "Total Cost": 2.72, "Plan Rows": 5, "Plan Width": 10, "Index Cond": "(ps_partkey = part.p_partkey)"}, {"Node Type": "Index Scan", "Parent Relationship": "Inner", "Parallel Aware": false, "Scan Direction": "Forward", "Index Name": "supplier_pkey", "Relation Name": "supplier", "Alias": "supplier_1", "Startup Cost": 0.29, "Total Cost": 2.51, "Plan Rows": 1, "Plan Width": 8, "Index Cond": "(s_suppkey = partsupp_1.ps_suppkey)"}]}, {"Node Type": "Index Scan", "Parent Relationship": "Inner", "Parallel Aware": false, "Scan Direction": "Forward", "Index Name": "nation_pkey", "Relation Name": "nation", "Alias": "nation_1", "Startup Cost": 0.14, "Total Cost": 0.16, "Plan Rows": 1, "Plan Width": 8, "Index Cond": "(n_nationkey = supplier_1.s_nationkey)"}]}, {"Node Type": "Index Scan", "Parent Relationship": "Inner", "Parallel Aware": false, "Scan Direction": "Forward", "Index Name": "region_pkey", "Relation Name": "region", "Alias": "region_1", "Startup Cost": 0.13, "Total Cost": 0.28, "Plan Rows": 1, "Plan Width": 4, "Index Cond": "(r_regionkey = nation_1.n_regionkey)", "Filter": "(r_name = 'EUROPE'::bpchar)"}]}]}]}]}, {"Node Type": "Nested Loop", "Parent Relationship": "Inner", "Parallel Aware": false, "Join Type": "Inner", "Startup Cost": 0.69, "Total Cost": 1088.23, "Plan Rows": 20000, "Plan Width": 166, "Inner Unique": false, "Plans": [{"Node Type": "Nested Loop", "Parent Relationship": "Outer", "Parallel Aware": false, "Join Type": "Inner", "Startup Cost": 0.27, "Total Cost": 6.0, "Plan Rows": 5, "Plan Width": 30, "Inner Unique": false, "Plans": [{"Node Type": "Index Scan", "Parent Relationship": "Outer", "Parallel Aware": false, "Scan Direction": "Forward", "Index Name": "region_pkey", "Relation Name": "region", "Alias": "region", "Startup Cost": 0.13, "Total Cost": 3.52, "Plan Rows": 1, "Plan Width": 4, "Filter": "(r_name = 'EUROPE'::bpchar)"}, {"Node Type": "Index Scan", "Parent Relationship": "Inner", "Parallel Aware": false, "Scan Direction": "Forward", "Index Name": "idx_nation_regionkey", "Relation Name": "nation", "Alias": "nation", "Startup Cost": 0.14, "Total Cost": 2.43, "Plan Rows": 5, "Plan Width": 34, "Index Cond": "(n_regionkey = region.r_regionkey)"}]}, {"Node Type": "Index Scan", "Parent Relationship": "Inner", "Parallel Aware": false, "Scan Direction": "Forward", "Index Name": "idx_supplier_nation_key", "Relation Name": "supplier", "Alias": "supplier", "Startup Cost": 0.42, "Total Cost": 176.45, "Plan Rows": 4000, "Plan Width": 144, "Index Cond": "(s_nationkey = nation.n_nationkey)"}]}]}]}]}}, {"Plan": {"Node Type": "Limit", "Parallel Aware": false, "Startup Cost": 764265.21, "Total Cost": 764265.21, "Plan Rows": 1, "Plan Width": 192, "Plans": [{"Node Type": "Sort", "Parent Relationship": "Outer", "Parallel Aware": false, "Startup Cost": 764265.21, "Total Cost": 764265.21, "Plan Rows": 1, "Plan Width": 192, "Sort Key": ["supplier.s_acctbal DESC", "nation.n_name", "supplier.s_name", "part.p_partkey"], "Plans": [{"Node Type": "Nested Loop", "Parent Relationship": "Outer", "Parallel Aware": false, "Join Type": "Inner", "Startup Cost": 1000.85, "Total Cost": 764265.2, "Plan Rows": 1, "Plan Width": 192, "Inner Unique": false, "Join Filter": "(partsupp.ps_suppkey = supplier.s_suppkey)", "Plans": [{"Node Type": "Nested Loop", "Parent Relationship": "Outer", "Parallel Aware": false, "Join Type": "Inner", "Startup Cost": 1000.43, "Total Cost": 762930.34, "Plan Rows": 1, "Plan Width": 34, "Inner Unique": false, "Plans": [{"Node Type": "Gather", "Parent Relationship": "Outer", "Parallel Aware": false, "Startup Cost": 1000.0, "Total Cost": 52442.52, "Plan Rows": 8031, "Plan Width": 30, "Workers Planned": 3, "Single Copy": false, "Plans": [{"Node Type": "Seq Scan", "Parent Relationship": "Outer", "Parallel Aware": true, "Relation Name": "part", "Alias": "part", "Startup Cost": 0.0, "Total Cost": 50639.42, "Plan Rows": 2591, "Plan Width": 30, "Filter": "(((p_type)::text ~~ '%NICKEL'::text) AND (p_size = 42))"}]}, {"Node Type": "Index Scan", "Parent Relationship": "Inner", "Parallel Aware": false, "Scan Direction": "Forward", "Index Name": "idx_partsupp_partkey", "Relation Name": "partsupp", "Alias": "partsupp", "Startup Cost": 0.43, "Total Cost": 88.46, "Plan Rows": 1, "Plan Width": 14, "Index Cond": "(ps_partkey = part.p_partkey)", "Filter": "((SubPlan 1) = ps_supplycost)", "Plans": [{"Node Type": "Aggregate", "Strategy": "Plain", "Partial Mode": "Simple", "Parent Relationship": "SubPlan", "Subplan Name": "SubPlan 1", "Parallel Aware": false, "Startup Cost": 17.17, "Total Cost": 17.18, "Plan Rows": 1, "Plan Width": 32, "Plans": [{"Node Type": "Nested Loop", "Parent Relationship": "Outer", "Parallel Aware": false, "Join Type": "Inner", "Startup Cost": 0.86, "Total Cost": 17.17, "Plan Rows": 1, "Plan Width": 6, "Inner Unique": false, "Join Filter": "(nation_1.n_regionkey = region_1.r_regionkey)", "Plans": [{"Node Type": "Seq Scan", "Parent Relationship": "Outer", "Parallel Aware": false, "Relation Name": "region", "Alias": "region_1", "Startup Cost": 0.0, "Total Cost": 1.06, "Plan Rows": 1, "Plan Width": 4, "Filter": "(r_name = 'EUROPE'::bpchar)"}, {"Node Type": "Nested Loop", "Parent Relationship": "Inner", "Parallel Aware": false, "Join Type": "Inner", "Startup Cost": 0.86, "Total Cost": 16.05, "Plan Rows": 5, "Plan Width": 10, "Inner Unique": true, "Plans": [{"Node Type": "Nested Loop", "Parent Relationship": "Outer", "Parallel Aware": false, "Join Type": "Inner", "Startup Cost": 0.72, "Total Cost": 15.27, "Plan Rows": 5, "Plan Width": 10, "Inner Unique": true, "Plans": [{"Node Type": "Index Scan", "Parent Relationship": "Outer", "Parallel Aware": false, "Scan Direction": "Forward", "Index Name": "idx_partsupp_partkey", "Relation Name": "partsupp", "Alias": "partsupp_1", "Startup Cost": 0.43, "Total Cost": 2.72, "Plan Rows": 5, "Plan Width": 10, "Index Cond": "(ps_partkey = part.p_partkey)"}, {"Node Type": "Index Scan", "Parent Relationship": "Inner", "Parallel Aware": false, "Scan Direction": "Forward", "Index Name": "supplier_pkey", "Relation Name": "supplier", "Alias": "supplier_1", "Startup Cost": 0.29, "Total Cost": 2.51, "Plan Rows": 1, "Plan Width": 8, "Index Cond": "(s_suppkey = partsupp_1.ps_suppkey)"}]}, {"Node Type": "Index Scan", "Parent Relationship": "Inner", "Parallel Aware": false, "Scan Direction": "Forward", "Index Name": "nation_pkey", "Relation Name": "nation", "Alias": "nation_1", "Startup Cost": 0.14, "Total Cost": 0.16, "Plan Rows": 1, "Plan Width": 8, "Index Cond": "(n_nationkey = supplier_1.s_nationkey)"}]}]}]}]}]}, {"Node Type": "Nested Loop", "Parent Relationship": "Inner", "Parallel Aware": false, "Join Type": "Inner", "Startup Cost": 0.42, "Total Cost": 1084.86, "Plan Rows": 20000, "Plan Width": 166, "Inner Unique": false, "Plans": [{"Node Type": "Nested Loop", "Parent Relationship": "Outer", "Parallel Aware": false, "Join Type": "Inner", "Startup Cost": 0.0, "Total Cost": 2.62, "Plan Rows": 5, "Plan Width": 30, "Inner Unique": false, "Join Filter": "(nation.n_regionkey = region.r_regionkey)", "Plans": [{"Node Type": "Seq Scan", "Parent Relationship": "Outer", "Parallel Aware": false, "Relation Name": "region", "Alias": "region", "Startup Cost": 0.0, "Total Cost": 1.06, "Plan Rows": 1, "Plan Width": 4, "Filter": "(r_name = 'EUROPE'::bpchar)"}, {"Node Type": "Seq Scan", "Parent Relationship": "Inner", "Parallel Aware": false, "Relation Name": "nation", "Alias": "nation", "Startup Cost": 0.0, "Total Cost": 1.25, "Plan Rows": 25, "Plan Width": 34}]}, {"Node Type": "Index Scan", "Parent Relationship": "Inner", "Parallel Aware": false, "Scan Direction": "Forward", "Index Name": "idx_supplier_nation_key", "Relation Name": "supplier", "Alias": "supplier", "Startup Cost": 0.42, "Total Cost": 176.45, "Plan Rows": 4000, "Plan Width": 144, "Index Cond": "(s_nationkey = nation.n_nationkey)"}]}]}]}]}}, {"Plan": {"Node Type": "Limit", "Parallel Aware": false, "Startup Cost": 1025302.65, "Total Cost": 1025302.66, "Plan Rows": 1, "Plan Width": 192, "Plans": [{"Node Type": "Sort", "Parent Relationship": "Outer", "Parallel Aware": false, "Startup Cost": 1025302.65, "Total Cost": 1025302.66, "Plan Rows": 1, "Plan Width": 192, "Sort Key": ["supplier.s_acctbal DESC", "nation.n_name", "supplier.s_name", "part.p_partkey"], "Plans": [{"Node Type": "Nested Loop", "Parent Relationship": "Outer", "Parallel Aware": false, "Join Type": "Inner", "Startup Cost": 1001.4, "Total Cost": 1025302.64, "Plan Rows": 1, "Plan Width": 192, "Inner Unique": true, "Join Filter": "(nation.n_regionkey = region.r_regionkey)", "Plans": [{"Node Type": "Nested Loop", "Parent Relationship": "Outer", "Parallel Aware": false, "Join Type": "Inner", "Startup Cost": 1001.4, "Total Cost": 1025301.57, "Plan Rows": 1, "Plan Width": 196, "Inner Unique": true, "Join Filter": "(supplier.s_nationkey = nation.n_nationkey)", "Plans": [{"Node Type": "Nested Loop", "Parent Relationship": "Outer", "Parallel Aware": false, "Join Type": "Inner", "Startup Cost": 1001.4, "Total Cost": 1025300.0, "Plan Rows": 1, "Plan Width": 170, "Inner Unique": true, "Join Filter": "(partsupp.ps_suppkey = supplier.s_suppkey)", "Plans": [{"Node Type": "Nested Loop", "Parent Relationship": "Outer", "Parallel Aware": false, "Join Type": "Inner", "Startup Cost": 1001.4, "Total Cost": 1020834.0, "Plan Rows": 1, "Plan Width": 34, "Inner Unique": false, "Plans": [{"Node Type": "Gather", "Parent Relationship": "Outer", "Parallel Aware": false, "Startup Cost": 1000.0, "Total Cost": 52442.52, "Plan Rows": 8031, "Plan Width": 30, "Workers Planned": 3, "Single Copy": false, "Plans": [{"Node Type": "Seq Scan", "Parent Relationship": "Outer", "Parallel Aware": true, "Relation Name": "part", "Alias": "part", "Startup Cost": 0.0, "Total Cost": 50639.42, "Plan Rows": 2591, "Plan Width": 30, "Filter": "(((p_type)::text ~~ '%NICKEL'::text) AND (p_size = 42))"}]}, {"Node Type": "Bitmap Heap Scan", "Parent Relationship": "Inner", "Parallel Aware": false, "Relation Name": "partsupp", "Alias": "partsupp", "Startup Cost": 1.4, "Total Cost": 120.57, "Plan Rows": 1, "Plan Width": 14, "Recheck Cond": "(ps_partkey = part.p_partkey)", "Filter": "((SubPlan 1) = ps_supplycost)", "Plans": [{"Node Type": "Bitmap Index Scan", "Parent Relationship": "Outer", "Parallel Aware": false, "Index Name": "partsupp_pkey", "Startup Cost": 0.0, "Total Cost": 1.4, "Plan Rows": 5, "Plan Width": 0, "Index Cond": "(ps_partkey = part.p_partkey)"}, {"Node Type": "Aggregate", "Strategy": "Plain", "Partial Mode": "Simple", "Parent Relationship": "SubPlan", "Subplan Name": "SubPlan 1", "Parallel Aware": false, "Startup Cost": 22.71, "Total Cost": 22.72, "Plan Rows": 1, "Plan Width": 32, "Plans": [{"Node Type": "Nested Loop", "Parent Relationship": "Outer", "Parallel Aware": false, "Join Type": "Inner", "Startup Cost": 2.97, "Total Cost": 22.71, "Plan Rows": 1, "Plan Width": 6, "Inner Unique": false, "Join Filter": "(supplier_1.s_nationkey = nation_1.n_nationkey)", "Plans": [{"Node Type": "Nested Loop", "Parent Relationship": "Outer", "Parallel Aware": false, "Join Type": "Inner", "Startup Cost": 2.97, "Total Cost": 19.69, "Plan Rows": 5, "Plan Width": 10, "Inner Unique": true, "Plans": [{"Node Type": "Bitmap Heap Scan", "Parent Relationship": "Outer", "Parallel Aware": false, "Relation Name": "partsupp", "Alias": "partsupp_1", "Startup Cost": 1.57, "Total Cost": 7.13, "Plan Rows": 5, "Plan Width": 10, "Recheck Cond": "(part.p_partkey = ps_partkey)", "Plans": [{"Node Type": "Bitmap Index Scan", "Parent Relationship": "Outer", "Parallel Aware": false, "Index Name": "idx_partsupp_partkey", "Startup Cost": 0.0, "Total Cost": 1.57, "Plan Rows": 5, "Plan Width": 0, "Index Cond": "(ps_partkey = part.p_partkey)"}]}, {"Node Type": "Bitmap Heap Scan", "Parent Relationship": "Inner", "Parallel Aware": false, "Relation Name": "supplier", "Alias": "supplier_1", "Startup Cost": 1.4, "Total Cost": 2.51, "Plan Rows": 1, "Plan Width": 8, "Recheck Cond": "(s_suppkey = partsupp_1.ps_suppkey)", "Plans": [{"Node Type": "Bitmap Index Scan", "Parent Relationship": "Outer", "Parallel Aware": false, "Index Name": "supplier_pkey", "Startup Cost": 0.0, "Total Cost": 1.4, "Plan Rows": 1, "Plan Width": 0, "Index Cond": "(s_suppkey = partsupp_1.ps_suppkey)"}]}]}, {"Node Type": "Materialize", "Parent Relationship": "Inner", "Parallel Aware": false, "Startup Cost": 0.0, "Total Cost": 2.65, "Plan Rows": 5, "Plan Width": 4, "Plans": [{"Node Type": "Nested Loop", "Parent Relationship": "Outer", "Parallel Aware": false, "Join Type": "Inner", "Startup Cost": 0.0, "Total Cost": 2.62, "Plan Rows": 5, "Plan Width": 4, "Inner Unique": false, "Join Filter": "(nation_1.n_regionkey = region_1.r_regionkey)", "Plans": [{"Node Type": "Seq Scan", "Parent Relationship": "Outer", "Parallel Aware": false, "Relation Name": "region", "Alias": "region_1", "Startup Cost": 0.0, "Total Cost": 1.06, "Plan Rows": 1, "Plan Width": 4, "Filter": "(r_name = 'EUROPE'::bpchar)"}, {"Node Type": "Seq Scan", "Parent Relationship": "Inner", "Parallel Aware": false, "Relation Name": "nation", "Alias": "nation_1", "Startup Cost": 0.0, "Total Cost": 1.25, "Plan Rows": 25, "Plan Width": 8}]}]}]}]}]}]}, {"Node Type": "Seq Scan", "Parent Relationship": "Inner", "Parallel Aware": false, "Relation Name": "supplier", "Alias": "supplier", "Startup Cost": 0.0, "Total Cost": 3216.0, "Plan Rows": 100000, "Plan Width": 144}]}, {"Node Type": "Seq Scan", "Parent Relationship": "Inner", "Parallel Aware": false, "Relation Name": "nation", "Alias": "nation", "Startup Cost": 0.0, "Total Cost": 1.25, "Plan Rows": 25, "Plan Width": 34}]}, {"Node Type": "Seq Scan", "Parent Relationship": "Inner", "Parallel Aware": false, "Relation Name": "region", "Alias": "region", "Startup Cost": 0.0, "Total Cost": 1.06, "Plan Rows": 1, "Plan Width": 4, "Filter": "(r_name = 'EUROPE'::bpchar)"}]}]}]}}, {"Plan": {"Node Type": "Limit", "Parallel Aware": false, "Startup Cost": 10078329612.16, "Total Cost": 10078329612.17, "Plan Rows": 1, "Plan Width": 192, "Plans": [{"Node Type": "Sort", "Parent Relationship": "Outer", "Parallel Aware": false, "Startup Cost": 10078329612.16, "Total Cost": 10078329612.17, "Plan Rows": 1, "Plan Width": 192, "Sort Key": ["supplier.s_acctbal DESC", "nation.n_name", "supplier.s_name", "part.p_partkey"], "Plans": [{"Node Type": "Merge Join", "Parent Relationship": "Outer", "Parallel Aware": false, "Join Type": "Inner", "Startup Cost": 10000941068.08, "Total Cost": 10078329612.15, "Plan Rows": 1, "Plan Width": 192, "Inner Unique": false, "Merge Cond": "(part.p_partkey = partsupp.ps_partkey)", "Join Filter": "(partsupp.ps_supplycost = (SubPlan 1))", "Plans": [{"Node Type": "Index Scan", "Parent Relationship": "Outer", "Parallel Aware": false, "Scan Direction": "Forward", "Index Name": "part_pkey", "Relation Name": "part", "Alias": "part", "Startup Cost": 10000000000.43, "Total Cost": 10000086998.23, "Plan Rows": 8031, "Plan Width": 30, "Filter": "(((p_type)::text ~~ '%NICKEL'::text) AND (p_size = 42))"}, {"Node Type": "Materialize", "Parent Relationship": "Inner", "Parallel Aware": false, "Startup Cost": 941067.58, "Total Cost": 949067.18, "Plan Rows": 1599920, "Plan Width": 172, "Plans": [{"Node Type": "Sort", "Parent Relationship": "Outer", "Parallel Aware": false, "Startup Cost": 941067.58, "Total Cost": 945067.38, "Plan Rows": 1599920, "Plan Width": 172, "Sort Key": ["partsupp.ps_partkey"], "Plans": [{"Node Type": "Gather", "Parent Relationship": "Outer", "Parallel Aware": false, "Startup Cost": 515490.97, "Total Cost": 696124.23, "Plan Rows": 1599920, "Plan Width": 172, "Workers Planned": 3, "Single Copy": false, "Plans": [{"Node Type": "Merge Join", "Parent Relationship": "Outer", "Parallel Aware": false, "Join Type": "Inner", "Startup Cost": 514490.97, "Total Cost": 535132.23, "Plan Rows": 516103, "Plan Width": 172, "Inner Unique": false, "Merge Cond": "(partsupp.ps_suppkey = supplier.s_suppkey)", "Plans": [{"Node Type": "Sort", "Parent Relationship": "Outer", "Parallel Aware": false, "Startup Cost": 500838.21, "Total Cost": 507289.5, "Plan Rows": 2580516, "Plan Width": 14, "Sort Key": ["partsupp.ps_suppkey"], "Plans": [{"Node Type": "Seq Scan", "Parent Relationship": "Outer", "Parallel Aware": true, "Relation Name": "partsupp", "Alias": "partsupp", "Startup Cost": 0.0, "Total Cost": 200191.16, "Plan Rows": 2580516, "Plan Width": 14}]}, {"Node Type": "Sort", "Parent Relationship": "Inner", "Parallel Aware": false, "Startup Cost": 13652.76, "Total Cost": 13702.76, "Plan Rows": 20000, "Plan Width": 166, "Sort Key": ["supplier.s_suppkey"], "Plans": [{"Node Type": "Merge Join", "Parent Relationship": "Outer", "Parallel Aware": false, "Join Type": "Inner", "Startup Cost": 11523.96, "Total Cost": 12223.99, "Plan Rows": 20000, "Plan Width": 166, "Inner Unique": false, "Merge Cond": "(nation.n_nationkey = supplier.s_nationkey)", "Plans": [{"Node Type": "Sort", "Parent Relationship": "Outer", "Parallel Aware": false, "Startup Cost": 3.14, "Total Cost": 3.16, "Plan Rows": 5, "Plan Width": 30, "Sort Key": ["nation.n_nationkey"], "Plans": [{"Node Type": "Merge Join", "Parent Relationship": "Outer", "Parallel Aware": false, "Join Type": "Inner", "Startup Cost": 2.9, "Total Cost": 3.09, "Plan Rows": 5, "Plan Width": 30, "Inner Unique": true, "Merge Cond": "(nation.n_regionkey = region.r_regionkey)", "Plans": [{"Node Type": "Sort", "Parent Relationship": "Outer", "Parallel Aware": false, "Startup Cost": 1.83, "Total Cost": 1.89, "Plan Rows": 25, "Plan Width": 34, "Sort Key": ["nation.n_regionkey"], "Plans": [{"Node Type": "Seq Scan", "Parent Relationship": "Outer", "Parallel Aware": false, "Relation Name": "nation", "Alias": "nation", "Startup Cost": 0.0, "Total Cost": 1.25, "Plan Rows": 25, "Plan Width": 34}]}, {"Node Type": "Sort", "Parent Relationship": "Inner", "Parallel Aware": false, "Startup Cost": 1.07, "Total Cost": 1.08, "Plan Rows": 1, "Plan Width": 4, "Sort Key": ["region.r_regionkey"], "Plans": [{"Node Type": "Seq Scan", "Parent Relationship": "Outer", "Parallel Aware": false, "Relation Name": "region", "Alias": "region", "Startup Cost": 0.0, "Total Cost": 1.06, "Plan Rows": 1, "Plan Width": 4, "Filter": "(r_name = 'EUROPE'::bpchar)"}]}]}]}, {"Node Type": "Sort", "Parent Relationship": "Inner", "Parallel Aware": false, "Startup Cost": 11520.82, "Total Cost": 11770.82, "Plan Rows": 100000, "Plan Width": 144, "Sort Key": ["supplier.s_nationkey"], "Plans": [{"Node Type": "Seq Scan", "Parent Relationship": "Outer", "Parallel Aware": false, "Relation Name": "supplier", "Alias": "supplier", "Startup Cost": 0.0, "Total Cost": 3216.0, "Plan Rows": 100000, "Plan Width": 144}]}]}]}]}]}]}]}, {"Node Type": "Aggregate", "Strategy": "Plain", "Partial Mode": "Simple", "Parent Relationship": "SubPlan", "Subplan Name": "SubPlan 1", "Parallel Aware": false, "Startup Cost": 12031.35, "Total Cost": 12031.36, "Plan Rows": 1, "Plan Width": 32, "Plans": [{"Node Type": "Merge Join", "Parent Relationship": "Outer", "Parallel Aware": false, "Join Type": "Inner", "Startup Cost": 12031.29, "Total Cost": 12031.35, "Plan Rows": 1, "Plan Width": 6, "Inner Unique": false, "Merge Cond": "(supplier_1.s_nationkey = nation_1.n_nationkey)", "Plans": [{"Node Type": "Sort", "Parent Relationship": "Outer", "Parallel Aware": false, "Startup Cost": 12028.14, "Total Cost": 12028.15, "Plan Rows": 5, "Plan Width": 10, "Sort Key": ["supplier_1.s_nationkey"], "Plans": [{"Node Type": "Merge Join", "Parent Relationship": "Outer", "Parallel Aware": false, "Join Type": "Inner", "Startup Cost": 11528.01, "Total Cost": 12028.08, "Plan Rows": 5, "Plan Width": 10, "Inner Unique": true, "Merge Cond": "(partsupp_1.ps_suppkey = supplier_1.s_suppkey)", "Plans": [{"Node Type": "Sort", "Parent Relationship": "Outer", "Parallel Aware": false, "Startup Cost": 7.19, "Total Cost": 7.2, "Plan Rows": 5, "Plan Width": 10, "Sort Key": ["partsupp_1.ps_suppkey"], "Plans": [{"Node Type": "Bitmap Heap Scan", "Parent Relationship": "Outer", "Parallel Aware": false, "Relation Name": "partsupp", "Alias": "partsupp_1", "Startup Cost": 1.57, "Total Cost": 7.13, "Plan Rows": 5, "Plan Width": 10, "Recheck Cond": "(part.p_partkey = ps_partkey)", "Plans": [{"Node Type": "Bitmap Index Scan", "Parent Relationship": "Outer", "Parallel Aware": false, "Index Name": "idx_partsupp_partkey", "Startup Cost": 0.0, "Total Cost": 1.57, "Plan Rows": 5, "Plan Width": 0, "Index Cond": "(ps_partkey = part.p_partkey)"}]}]}, {"Node Type": "Sort", "Parent Relationship": "Inner", "Parallel Aware": false, "Startup Cost": 11520.82, "Total Cost": 11770.82, "Plan Rows": 100000, "Plan Width": 8, "Sort Key": ["supplier_1.s_suppkey"], "Plans": [{"Node Type": "Seq Scan", "Parent Relationship": "Outer", "Parallel Aware": false, "Relation Name": "supplier", "Alias": "supplier_1", "Startup Cost": 0.0, "Total Cost": 3216.0, "Plan Rows": 100000, "Plan Width": 8}]}]}]}, {"Node Type": "Sort", "Parent Relationship": "Inner", "Parallel Aware": false, "Startup Cost": 3.14, "Total Cost": 3.16, "Plan Rows": 5, "Plan Width": 4, "Sort Key": ["nation_1.n_nationkey"], "Plans": [{"Node Type": "Merge Join", "Parent Relationship": "Outer", "Parallel Aware": false, "Join Type": "Inner", "Startup Cost": 2.9, "Total Cost": 3.09, "Plan Rows": 5, "Plan Width": 4, "Inner Unique": true, "Merge Cond": "(nation_1.n_regionkey = region_1.r_regionkey)", "Plans": [{"Node Type": "Sort", "Parent Relationship": "Outer", "Parallel Aware": false, "Startup Cost": 1.83, "Total Cost": 1.89, "Plan Rows": 25, "Plan Width": 8, "Sort Key": ["nation_1.n_regionkey"], "Plans": [{"Node Type": "Seq Scan", "Parent Relationship": "Outer", "Parallel Aware": false, "Relation Name": "nation", "Alias": "nation_1", "Startup Cost": 0.0, "Total Cost": 1.25, "Plan Rows": 25, "Plan Width": 8}]}, {"Node Type": "Sort", "Parent Relationship": "Inner", "Parallel Aware": false, "Startup Cost": 1.07, "Total Cost": 1.08, "Plan Rows": 1, "Plan Width": 4, "Sort Key": ["region_1.r_regionkey"], "Plans": [{"Node Type": "Seq Scan", "Parent Relationship": "Outer", "Parallel Aware": false, "Relation Name": "region", "Alias": "region_1", "Startup Cost": 0.0, "Total Cost": 1.06, "Plan Rows": 1, "Plan Width": 4, "Filter": "(r_name = 'EUROPE'::bpchar)"}]}]}]}]}]}]}]}]}}, {"Plan": {"Node Type": "Limit", "Parallel Aware": false, "Startup Cost": 1025302.65, "Total Cost": 1025302.66, "Plan Rows": 1, "Plan Width": 192, "Plans": [{"Node Type": "Sort", "Parent Relationship": "Outer", "Parallel Aware": false, "Startup Cost": 1025302.65, "Total Cost": 1025302.66, "Plan Rows": 1, "Plan Width": 192, "Sort Key": ["supplier.s_acctbal DESC", "nation.n_name", "supplier.s_name", "part.p_partkey"], "Plans": [{"Node Type": "Nested Loop", "Parent Relationship": "Outer", "Parallel Aware": false, "Join Type": "Inner", "Startup Cost": 1001.4, "Total Cost": 1025302.64, "Plan Rows": 1, "Plan Width": 192, "Inner Unique": true, "Join Filter": "(nation.n_regionkey = region.r_regionkey)", "Plans": [{"Node Type": "Nested Loop", "Parent Relationship": "Outer", "Parallel Aware": false, "Join Type": "Inner", "Startup Cost": 1001.4, "Total Cost": 1025301.57, "Plan Rows": 1, "Plan Width": 196, "Inner Unique": true, "Join Filter": "(supplier.s_nationkey = nation.n_nationkey)", "Plans": [{"Node Type": "Nested Loop", "Parent Relationship": "Outer", "Parallel Aware": false, "Join Type": "Inner", "Startup Cost": 1001.4, "Total Cost": 1025300.0, "Plan Rows": 1, "Plan Width": 170, "Inner Unique": true, "Join Filter": "(partsupp.ps_suppkey = supplier.s_suppkey)", "Plans": [{"Node Type": "Nested Loop", "Parent Relationship": "Outer", "Parallel Aware": false, "Join Type": "Inner", "Startup Cost": 1001.4, "Total Cost": 1020834.0, "Plan Rows": 1, "Plan Width": 34, "Inner Unique": false, "Plans": [{"Node Type": "Gather", "Parent Relationship": "Outer", "Parallel Aware": false, "Startup Cost": 1000.0, "Total Cost": 52442.52, "Plan Rows": 8031, "Plan Width": 30, "Workers Planned": 3, "Single Copy": false, "Plans": [{"Node Type": "Seq Scan", "Parent Relationship": "Outer", "Parallel Aware": true, "Relation Name": "part", "Alias": "part", "Startup Cost": 0.0, "Total Cost": 50639.42, "Plan Rows": 2591, "Plan Width": 30, "Filter": "(((p_type)::text ~~ '%NICKEL'::text) AND (p_size = 42))"}]}, {"Node Type": "Bitmap Heap Scan", "Parent Relationship": "Inner", "Parallel Aware": false, "Relation Name": "partsupp", "Alias": "partsupp", "Startup Cost": 1.4, "Total Cost": 120.57, "Plan Rows": 1, "Plan Width": 14, "Recheck Cond": "(ps_partkey = part.p_partkey)", "Filter": "((SubPlan 1) = ps_supplycost)", "Plans": [{"Node Type": "Bitmap Index Scan", "Parent Relationship": "Outer", "Parallel Aware": false, "Index Name": "partsupp_pkey", "Startup Cost": 0.0, "Total Cost": 1.4, "Plan Rows": 5, "Plan Width": 0, "Index Cond": "(ps_partkey = part.p_partkey)"}, {"Node Type": "Aggregate", "Strategy": "Plain", "Partial Mode": "Simple", "Parent Relationship": "SubPlan", "Subplan Name": "SubPlan 1", "Parallel Aware": false, "Startup Cost": 22.71, "Total Cost": 22.72, "Plan Rows": 1, "Plan Width": 32, "Plans": [{"Node Type": "Nested Loop", "Parent Relationship": "Outer", "Parallel Aware": false, "Join Type": "Inner", "Startup Cost": 2.97, "Total Cost": 22.71, "Plan Rows": 1, "Plan Width": 6, "Inner Unique": false, "Join Filter": "(supplier_1.s_nationkey = nation_1.n_nationkey)", "Plans": [{"Node Type": "Nested Loop", "Parent Relationship": "Outer", "Parallel Aware": false, "Join Type": "Inner", "Startup Cost": 2.97, "Total Cost": 19.69, "Plan Rows": 5, "Plan Width": 10, "Inner Unique": true, "Plans": [{"Node Type": "Bitmap Heap Scan", "Parent Relationship": "Outer", "Parallel Aware": false, "Relation Name": "partsupp", "Alias": "partsupp_1", "Startup Cost": 1.57, "Total Cost": 7.13, "Plan Rows": 5, "Plan Width": 10, "Recheck Cond": "(part.p_partkey = ps_partkey)", "Plans": [{"Node Type": "Bitmap Index Scan", "Parent Relationship": "Outer", "Parallel Aware": false, "Index Name": "idx_partsupp_partkey", "Startup Cost": 0.0, "Total Cost": 1.57, "Plan Rows": 5, "Plan Width": 0, "Index Cond": "(ps_partkey = part.p_partkey)"}]}, {"Node Type": "Bitmap Heap Scan", "Parent Relationship": "Inner", "Parallel Aware": false, "Relation Name": "supplier", "Alias": "supplier_1", "Startup Cost": 1.4, "Total Cost": 2.51, "Plan Rows": 1, "Plan Width": 8, "Recheck Cond": "(s_suppkey = partsupp_1.ps_suppkey)", "Plans": [{"Node Type": "Bitmap Index Scan", "Parent Relationship": "Outer", "Parallel Aware": false, "Index Name": "supplier_pkey", "Startup Cost": 0.0, "Total Cost": 1.4, "Plan Rows": 1, "Plan Width": 0, "Index Cond": "(s_suppkey = partsupp_1.ps_suppkey)"}]}]}, {"Node Type": "Materialize", "Parent Relationship": "Inner", "Parallel Aware": false, "Startup Cost": 0.0, "Total Cost": 2.65, "Plan Rows": 5, "Plan Width": 4, "Plans": [{"Node Type": "Nested Loop", "Parent Relationship": "Outer", "Parallel Aware": false, "Join Type": "Inner", "Startup Cost": 0.0, "Total Cost": 2.62, "Plan Rows": 5, "Plan Width": 4, "Inner Unique": false, "Join Filter": "(nation_1.n_regionkey = region_1.r_regionkey)", "Plans": [{"Node Type": "Seq Scan", "Parent Relationship": "Outer", "Parallel Aware": false, "Relation Name": "region", "Alias": "region_1", "Startup Cost": 0.0, "Total Cost": 1.06, "Plan Rows": 1, "Plan Width": 4, "Filter": "(r_name = 'EUROPE'::bpchar)"}, {"Node Type": "Seq Scan", "Parent Relationship": "Inner", "Parallel Aware": false, "Relation Name": "nation", "Alias": "nation_1", "Startup Cost": 0.0, "Total Cost": 1.25, "Plan Rows": 25, "Plan Width": 8}]}]}]}]}]}]}, {"Node Type": "Seq Scan", "Parent Relationship": "Inner", "Parallel Aware": false, "Relation Name": "supplier", "Alias": "supplier", "Startup Cost": 0.0, "Total Cost": 3216.0, "Plan Rows": 100000, "Plan Width": 144}]}, {"Node Type": "Seq Scan", "Parent Relationship": "Inner", "Parallel Aware": false, "Relation Name": "nation", "Alias": "nation", "Startup Cost": 0.0, "Total Cost": 1.25, "Plan Rows": 25, "Plan Width": 34}]}, {"Node Type": "Seq Scan", "Parent Relationship": "Inner", "Parallel Aware": false, "Relation Name": "region", "Alias": "region", "Startup Cost": 0.0, "Total Cost": 1.06, "Plan Rows": 1, "Plan Width": 4, "Filter": "(r_name = 'EUROPE'::bpchar)"}]}]}]}}, {"Plan": {"Node Type": "Limit", "Parallel Aware": false, "Startup Cost": 389691.0, "Total Cost": 389691.01, "Plan Rows": 1, "Plan Width": 192, "Plans": [{"Node Type": "Sort", "Parent Relationship": "Outer", "Parallel Aware": false, "Startup Cost": 389691.0, "Total Cost": 389691.01, "Plan Rows": 1, "Plan Width": 192, "Sort Key": ["supplier.s_acctbal DESC", "nation.n_name", "supplier.s_name", "part.p_partkey"], "Plans": [{"Node Type": "Hash Join", "Parent Relationship": "Outer", "Parallel Aware": false, "Join Type": "Inner", "Startup Cost": 160991.98, "Total Cost": 389690.99, "Plan Rows": 1, "Plan Width": 192, "Inner Unique": false, "Hash Cond": "((part.p_partkey = partsupp.ps_partkey) AND ((SubPlan 1) = partsupp.ps_supplycost))", "Plans": [{"Node Type": "Gather", "Parent Relationship": "Outer", "Parallel Aware": false, "Startup Cost": 1000.0, "Total Cost": 52442.52, "Plan Rows": 8031, "Plan Width": 30, "Workers Planned": 3, "Single Copy": false, "Plans": [{"Node Type": "Seq Scan", "Parent Relationship": "Outer", "Parallel Aware": true, "Relation Name": "part", "Alias": "part", "Startup Cost": 0.0, "Total Cost": 50639.42, "Plan Rows": 2591, "Plan Width": 30, "Filter": "(((p_type)::text ~~ '%NICKEL'::text) AND (p_size = 42))"}]}, {"Node Type": "Hash", "Parent Relationship": "Inner", "Parallel Aware": false, "Startup Cost": 96932.18, "Total Cost": 96932.18, "Plan Rows": 1599920, "Plan Width": 172, "Plans": [{"Node Type": "Nested Loop", "Parent Relationship": "Outer", "Parallel Aware": false, "Join Type": "Inner", "Startup Cost": 0.85, "Total Cost": 96932.18, "Plan Rows": 1599920, "Plan Width": 172, "Inner Unique": false, "Plans": [{"Node Type": "Nested Loop", "Parent Relationship": "Outer", "Parallel Aware": false, "Join Type": "Inner", "Startup Cost": 0.42, "Total Cost": 1084.86, "Plan Rows": 20000, "Plan Width": 166, "Inner Unique": false, "Plans": [{"Node Type": "Nested Loop", "Parent Relationship": "Outer", "Parallel Aware": false, "Join Type": "Inner", "Startup Cost": 0.0, "Total Cost": 2.62, "Plan Rows": 5, "Plan Width": 30, "Inner Unique": false, "Join Filter": "(nation.n_regionkey = region.r_regionkey)", "Plans": [{"Node Type": "Seq Scan", "Parent Relationship": "Outer", "Parallel Aware": false, "Relation Name": "region", "Alias": "region", "Startup Cost": 0.0, "Total Cost": 1.06, "Plan Rows": 1, "Plan Width": 4, "Filter": "(r_name = 'EUROPE'::bpchar)"}, {"Node Type": "Seq Scan", "Parent Relationship": "Inner", "Parallel Aware": false, "Relation Name": "nation", "Alias": "nation", "Startup Cost": 0.0, "Total Cost": 1.25, "Plan Rows": 25, "Plan Width": 34}]}, {"Node Type": "Index Scan", "Parent Relationship": "Inner", "Parallel Aware": false, "Scan Direction": "Forward", "Index Name": "idx_supplier_nation_key", "Relation Name": "supplier", "Alias": "supplier", "Startup Cost": 0.42, "Total Cost": 176.45, "Plan Rows": 4000, "Plan Width": 144, "Index Cond": "(s_nationkey = nation.n_nationkey)"}]}, {"Node Type": "Index Scan", "Parent Relationship": "Inner", "Parallel Aware": false, "Scan Direction": "Forward", "Index Name": "idx_partsupp_suppkey", "Relation Name": "partsupp", "Alias": "partsupp", "Startup Cost": 0.43, "Total Cost": 3.99, "Plan Rows": 80, "Plan Width": 14, "Index Cond": "(ps_suppkey = supplier.s_suppkey)"}]}]}, {"Node Type": "Aggregate", "Strategy": "Plain", "Partial Mode": "Simple", "Parent Relationship": "SubPlan", "Subplan Name": "SubPlan 1", "Parallel Aware": false, "Startup Cost": 17.17, "Total Cost": 17.18, "Plan Rows": 1, "Plan Width": 32, "Plans": [{"Node Type": "Nested Loop", "Parent Relationship": "Outer", "Parallel Aware": false, "Join Type": "Inner", "Startup Cost": 0.86, "Total Cost": 17.17, "Plan Rows": 1, "Plan Width": 6, "Inner Unique": false, "Join Filter": "(nation_1.n_regionkey = region_1.r_regionkey)", "Plans": [{"Node Type": "Seq Scan", "Parent Relationship": "Outer", "Parallel Aware": false, "Relation Name": "region", "Alias": "region_1", "Startup Cost": 0.0, "Total Cost": 1.06, "Plan Rows": 1, "Plan Width": 4, "Filter": "(r_name = 'EUROPE'::bpchar)"}, {"Node Type": "Nested Loop", "Parent Relationship": "Inner", "Parallel Aware": false, "Join Type": "Inner", "Startup Cost": 0.86, "Total Cost": 16.05, "Plan Rows": 5, "Plan Width": 10, "Inner Unique": true, "Plans": [{"Node Type": "Nested Loop", "Parent Relationship": "Outer", "Parallel Aware": false, "Join Type": "Inner", "Startup Cost": 0.72, "Total Cost": 15.27, "Plan Rows": 5, "Plan Width": 10, "Inner Unique": true, "Plans": [{"Node Type": "Index Scan", "Parent Relationship": "Outer", "Parallel Aware": false, "Scan Direction": "Forward", "Index Name": "idx_partsupp_partkey", "Relation Name": "partsupp", "Alias": "partsupp_1", "Startup Cost": 0.43, "Total Cost": 2.72, "Plan Rows": 5, "Plan Width": 10, "Index Cond": "(ps_partkey = part.p_partkey)"}, {"Node Type": "Index Scan", "Parent Relationship": "Inner", "Parallel Aware": false, "Scan Direction": "Forward", "Index Name": "supplier_pkey", "Relation Name": "supplier", "Alias": "supplier_1", "Startup Cost": 0.29, "Total Cost": 2.51, "Plan Rows": 1, "Plan Width": 8, "Index Cond": "(s_suppkey = partsupp_1.ps_suppkey)"}]}, {"Node Type": "Index Scan", "Parent Relationship": "Inner", "Parallel Aware": false, "Scan Direction": "Forward", "Index Name": "nation_pkey", "Relation Name": "nation", "Alias": "nation_1", "Startup Cost": 0.14, "Total Cost": 0.16, "Plan Rows": 1, "Plan Width": 8, "Index Cond": "(n_nationkey = supplier_1.s_nationkey)"}]}]}]}]}]}]}}]