[{"Plan": {"Node Type": "Limit", "Parallel Aware": false, "Startup Cost": 10003788435.1, "Total Cost": 10003788435.13, "Plan Rows": 10, "Plan Width": 44, "Plans": [{"Node Type": "Sort", "Parent Relationship": "Outer", "Parallel Aware": false, "Startup Cost": 10003788435.1, "Total Cost": 10003796316.41, "Plan Rows": 3152523, "Plan Width": 44, "Sort Key": ["(sum((lineitem.l_extendedprice * ('1'::numeric - lineitem.l_discount)))) DESC", "orders.o_orderdate"], "Plans": [{"Node Type": "Aggregate", "Strategy": "Sorted", "Partial Mode": "Simple", "Parent Relationship": "Outer", "Parallel Aware": false, "Startup Cost": 10003625734.53, "Total Cost": 10003720310.22, "Plan Rows": 3152523, "Plan Width": 44, "Group Key": ["lineitem.l_orderkey", "orders.o_orderdate", "orders.o_shippriority"], "Plans": [{"Node Type": "Sort", "Parent Relationship": "Outer", "Parallel Aware": false, "Startup Cost": 10003625734.53, "Total Cost": 10003633615.83, "Plan Rows": 3152523, "Plan Width": 24, "Sort Key": ["lineitem.l_orderkey", "orders.o_orderdate", "orders.o_shippriority"], "Plans": [{"Node Type": "Hash Join", "Parent Relationship": "Outer", "Parallel Aware": false, "Join Type": "Inner", "Startup Cost": 10000935613.12, "Total Cost": 10003247582.4, "Plan Rows": 3152523, "Plan Width": 24, "Inner Unique": false, "Hash Cond": "(lineitem.l_orderkey = orders.o_orderkey)", "Plans": [{"Node Type": "Bitmap Heap Scan", "Parent Relationship": "Outer", "Parallel Aware": false, "Relation Name": "lineitem", "Alias": "lineitem", "Startup Cost": 391681.52, "Total Cost": 2223585.71, "Plan Rows": 32663698, "Plan Width": 16, "Recheck Cond": "(l_shipdate > '1995-03-03'::date)", "Plans": [{"Node Type": "Bitmap Index Scan", "Parent Relationship": "Outer", "Parallel Aware": false, "Index Name": "idx_lineitem_shipdate", "Startup Cost": 0.0, "Total Cost": 383515.6, "Plan Rows": 32663698, "Plan Width": 0, "Index Cond": "(l_shipdate > '1995-03-03'::date)"}]}, {"Node Type": "Hash", "Parent Relationship": "Inner", "Parallel Aware": false, "Startup Cost": 10000518767.06, "Total Cost": 10000518767.06, "Plan Rows": 1447643, "Plan Width": 12, "Plans": [{"Node Type": "Hash Join", "Parent Relationship": "Outer", "Parallel Aware": false, "Join Type": "Inner", "Startup Cost": 10000148340.49, "Total Cost": 10000518767.06, "Plan Rows": 1447643, "Plan Width": 12, "Inner Unique": true, "Hash Cond": "(orders.o_custkey = customer.c_custkey)", "Plans": [{"Node Type": "Bitmap Heap Scan", "Parent Relationship": "Outer", "Parallel Aware": false, "Relation Name": "orders", "Alias": "orders", "Startup Cost": 77986.61, "Total Cost": 429406.47, "Plan Rows": 7240629, "Plan Width": 16, "Recheck Cond": "(o_orderdate < '1995-03-03'::date)", "Plans": [{"Node Type": "Bitmap Index Scan", "Parent Relationship": "Outer", "Parallel Aware": false, "Index Name": "idx_orders_orderdate", "Startup Cost": 0.0, "Total Cost": 76176.45, "Plan Rows": 7240629, "Plan Width": 0, "Index Cond": "(o_orderdate < '1995-03-03'::date)"}]}, {"Node Type": "Hash", "Parent Relationship": "Inner", "Parallel Aware": false, "Startup Cost": 10000066605.13, "Total Cost": 10000066605.13, "Plan Rows": 299900, "Plan Width": 4, "Plans": [{"Node Type": "Index Scan", "Parent Relationship": "Outer", "Parallel Aware": false, "Scan Direction": "Forward", "Index Name": "customer_pkey", "Relation Name": "customer", "Alias": "customer", "Startup Cost": 10000000000.43, "Total Cost": 10000066605.13, "Plan Rows": 299900, "Plan Width": 4, "Filter": "(c_mktsegment = 'FURNITURE'::bpchar)"}]}]}]}]}]}]}]}]}}, {"Plan": {"Node Type": "Limit", "Parallel Aware": false, "Startup Cost": 2979166.9, "Total Cost": 2979166.93, "Plan Rows": 10, "Plan Width": 44, "Plans": [{"Node Type": "Sort", "Parent Relationship": "Outer", "Parallel Aware": false, "Startup Cost": 2979166.9, "Total Cost": 2987048.21, "Plan Rows": 3152523, "Plan Width": 44, "Sort Key": ["(sum((lineitem.l_extendedprice * ('1'::numeric - lineitem.l_discount)))) DESC", "orders.o_orderdate"], "Plans": [{"Node Type": "Aggregate", "Strategy": "Sorted", "Partial Mode": "Finalize", "Parent Relationship": "Outer", "Parallel Aware": false, "Startup Cost": 2444519.42, "Total Cost": 2911042.01, "Plan Rows": 3152523, "Plan Width": 44, "Group Key": ["lineitem.l_orderkey", "orders.o_orderdate", "orders.o_shippriority"], "Plans": [{"Node Type": "Gather Merge", "Parent Relationship": "Outer", "Parallel Aware": false, "Startup Cost": 2444519.42, "Total Cost": 2833500.11, "Plan Rows": 3050829, "Plan Width": 44, "Workers Planned": 3, "Plans": [{"Node Type": "Aggregate", "Strategy": "Sorted", "Partial Mode": "Partial", "Parent Relationship": "Outer", "Parallel Aware": false, "Startup Cost": 2443519.38, "Total Cost": 2474027.67, "Plan Rows": 1016943, "Plan Width": 44, "Group Key": ["lineitem.l_orderkey", "orders.o_orderdate", "orders.o_shippriority"], "Plans": [{"Node Type": "Sort", "Parent Relationship": "Outer", "Parallel Aware": false, "Startup Cost": 2443519.38, "Total Cost": 2446061.73, "Plan Rows": 1016943, "Plan Width": 24, "Sort Key": ["lineitem.l_orderkey", "orders.o_orderdate", "orders.o_shippriority"], "Plans": [{"Node Type": "Hash Join", "Parent Relationship": "Outer", "Parallel Aware": true, "Join Type": "Inner", "Startup Cost": 829138.48, "Total Cost": 2329833.83, "Plan Rows": 1016943, "Plan Width": 24, "Inner Unique": false, "Hash Cond": "(lineitem.l_orderkey = orders.o_orderkey)", "Plans": [{"Node Type": "Bitmap Heap Scan", "Parent Relationship": "Outer", "Parallel Aware": true, "Relation Name": "lineitem", "Alias": "lineitem", "Startup Cost": 391681.52, "Total Cost": 1744404.88, "Plan Rows": 10536677, "Plan Width": 16, "Recheck Cond": "(l_shipdate > '1995-03-03'::date)", "Plans": [{"Node Type": "Bitmap Index Scan", "Parent Relationship": "Outer", "Parallel Aware": false, "Index Name": "idx_lineitem_shipdate", "Startup Cost": 0.0, "Total Cost": 383515.6, "Plan Rows": 32663698, "Plan Width": 0, "Index Cond": "(l_shipdate > '1995-03-03'::date)"}]}, {"Node Type": "Hash", "Parent Relationship": "Inner", "Parallel Aware": true, "Startup Cost": 429338.69, "Total Cost": 429338.69, "Plan Rows": 466982, "Plan Width": 12, "Plans": [{"Node Type": "Hash Join", "Parent Relationship": "Outer", "Parallel Aware": true, "Join Type": "Inner", "Startup Cost": 133099.4, "Total Cost": 429338.69, "Plan Rows": 466982, "Plan Width": 12, "Inner Unique": true, "Hash Cond": "(orders.o_custkey = customer.c_custkey)", "Plans": [{"Node Type": "Bitmap Heap Scan", "Parent Relationship": "Outer", "Parallel Aware": true, "Relation Name": "orders", "Alias": "orders", "Startup Cost": 77986.61, "Total Cost": 368094.69, "Plan Rows": 2335687, "Plan Width": 16, "Recheck Cond": "(o_orderdate < '1995-03-03'::date)", "Plans": [{"Node Type": "Bitmap Index Scan", "Parent Relationship": "Outer", "Parallel Aware": false, "Index Name": "idx_orders_orderdate", "Startup Cost": 0.0, "Total Cost": 76176.45, "Plan Rows": 7240629, "Plan Width": 0, "Index Cond": "(o_orderdate < '1995-03-03'::date)"}]}, {"Node Type": "Hash", "Parent Relationship": "Inner", "Parallel Aware": true, "Startup Cost": 53903.52, "Total Cost": 53903.52, "Plan Rows": 96742, "Plan Width": 4, "Plans": [{"Node Type": "Index Scan", "Parent Relationship": "Outer", "Parallel Aware": true, "Scan Direction": "Forward", "Index Name": "customer_pkey", "Relation Name": "customer", "Alias": "customer", "Startup Cost": 0.43, "Total Cost": 53903.52, "Plan Rows": 96742, "Plan Width": 4, "Filter": "(c_mktsegment = 'FURNITURE'::bpchar)"}]}]}]}]}]}]}]}]}]}]}}, {"Plan": {"Node Type": "Limit", "Parallel Aware": false, "Startup Cost": 2979166.9, "Total Cost": 2979166.93, "Plan Rows": 10, "Plan Width": 44, "Plans": [{"Node Type": "Sort", "Parent Relationship": "Outer", "Parallel Aware": false, "Startup Cost": 2979166.9, "Total Cost": 2987048.21, "Plan Rows": 3152523, "Plan Width": 44, "Sort Key": ["(sum((lineitem.l_extendedprice * ('1'::numeric - lineitem.l_discount)))) DESC", "orders.o_orderdate"], "Plans": [{"Node Type": "Aggregate", "Strategy": "Sorted", "Partial Mode": "Finalize", "Parent Relationship": "Outer", "Parallel Aware": false, "Startup Cost": 2444519.42, "Total Cost": 2911042.01, "Plan Rows": 3152523, "Plan Width": 44, "Group Key": ["lineitem.l_orderkey", "orders.o_orderdate", "orders.o_shippriority"], "Plans": [{"Node Type": "Gather Merge", "Parent Relationship": "Outer", "Parallel Aware": false, "Startup Cost": 2444519.42, "Total Cost": 2833500.11, "Plan Rows": 3050829, "Plan Width": 44, "Workers Planned": 3, "Plans": [{"Node Type": "Aggregate", "Strategy": "Sorted", "Partial Mode": "Partial", "Parent Relationship": "Outer", "Parallel Aware": false, "Startup Cost": 2443519.38, "Total Cost": 2474027.67, "Plan Rows": 1016943, "Plan Width": 44, "Group Key": ["lineitem.l_orderkey", "orders.o_orderdate", "orders.o_shippriority"], "Plans": [{"Node Type": "Sort", "Parent Relationship": "Outer", "Parallel Aware": false, "Startup Cost": 2443519.38, "Total Cost": 2446061.73, "Plan Rows": 1016943, "Plan Width": 24, "Sort Key": ["lineitem.l_orderkey", "orders.o_orderdate", "orders.o_shippriority"], "Plans": [{"Node Type": "Hash Join", "Parent Relationship": "Outer", "Parallel Aware": true, "Join Type": "Inner", "Startup Cost": 829138.48, "Total Cost": 2329833.83, "Plan Rows": 1016943, "Plan Width": 24, "Inner Unique": false, "Hash Cond": "(lineitem.l_orderkey = orders.o_orderkey)", "Plans": [{"Node Type": "Bitmap Heap Scan", "Parent Relationship": "Outer", "Parallel Aware": true, "Relation Name": "lineitem", "Alias": "lineitem", "Startup Cost": 391681.52, "Total Cost": 1744404.88, "Plan Rows": 10536677, "Plan Width": 16, "Recheck Cond": "(l_shipdate > '1995-03-03'::date)", "Plans": [{"Node Type": "Bitmap Index Scan", "Parent Relationship": "Outer", "Parallel Aware": false, "Index Name": "idx_lineitem_shipdate", "Startup Cost": 0.0, "Total Cost": 383515.6, "Plan Rows": 32663698, "Plan Width": 0, "Index Cond": "(l_shipdate > '1995-03-03'::date)"}]}, {"Node Type": "Hash", "Parent Relationship": "Inner", "Parallel Aware": true, "Startup Cost": 429338.69, "Total Cost": 429338.69, "Plan Rows": 466982, "Plan Width": 12, "Plans": [{"Node Type": "Hash Join", "Parent Relationship": "Outer", "Parallel Aware": true, "Join Type": "Inner", "Startup Cost": 133099.4, "Total Cost": 429338.69, "Plan Rows": 466982, "Plan Width": 12, "Inner Unique": true, "Hash Cond": "(orders.o_custkey = customer.c_custkey)", "Plans": [{"Node Type": "Bitmap Heap Scan", "Parent Relationship": "Outer", "Parallel Aware": true, "Relation Name": "orders", "Alias": "orders", "Startup Cost": 77986.61, "Total Cost": 368094.69, "Plan Rows": 2335687, "Plan Width": 16, "Recheck Cond": "(o_orderdate < '1995-03-03'::date)", "Plans": [{"Node Type": "Bitmap Index Scan", "Parent Relationship": "Outer", "Parallel Aware": false, "Index Name": "idx_orders_orderdate", "Startup Cost": 0.0, "Total Cost": 76176.45, "Plan Rows": 7240629, "Plan Width": 0, "Index Cond": "(o_orderdate < '1995-03-03'::date)"}]}, {"Node Type": "Hash", "Parent Relationship": "Inner", "Parallel Aware": true, "Startup Cost": 53903.52, "Total Cost": 53903.52, "Plan Rows": 96742, "Plan Width": 4, "Plans": [{"Node Type": "Index Scan", "Parent Relationship": "Outer", "Parallel Aware": true, "Scan Direction": "Forward", "Index Name": "customer_pkey", "Relation Name": "customer", "Alias": "customer", "Startup Cost": 0.43, "Total Cost": 53903.52, "Plan Rows": 96742, "Plan Width": 4, "Filter": "(c_mktsegment = 'FURNITURE'::bpchar)"}]}]}]}]}]}]}]}]}]}]}}, {"Plan": {"Node Type": "Limit", "Parallel Aware": false, "Startup Cost": 1611520.5, "Total Cost": 1611520.53, "Plan Rows": 10, "Plan Width": 44, "Plans": [{"Node Type": "Sort", "Parent Relationship": "Outer", "Parallel Aware": false, "Startup Cost": 1611520.5, "Total Cost": 1619401.81, "Plan Rows": 3152523, "Plan Width": 44, "Sort Key": ["(sum((lineitem.l_extendedprice * ('1'::numeric - lineitem.l_discount)))) DESC", "orders.o_orderdate"], "Plans": [{"Node Type": "Aggregate", "Strategy": "Sorted", "Partial Mode": "Finalize", "Parent Relationship": "Outer", "Parallel Aware": false, "Startup Cost": 1076873.02, "Total Cost": 1543395.61, "Plan Rows": 3152523, "Plan Width": 44, "Group Key": ["lineitem.l_orderkey", "orders.o_orderdate", "orders.o_shippriority"], "Plans": [{"Node Type": "Gather Merge", "Parent Relationship": "Outer", "Parallel Aware": false, "Startup Cost": 1076873.02, "Total Cost": 1465853.71, "Plan Rows": 3050829, "Plan Width": 44, "Workers Planned": 3, "Plans": [{"Node Type": "Aggregate", "Strategy": "Sorted", "Partial Mode": "Partial", "Parent Relationship": "Outer", "Parallel Aware": false, "Startup Cost": 1075872.98, "Total Cost": 1106381.27, "Plan Rows": 1016943, "Plan Width": 44, "Group Key": ["lineitem.l_orderkey", "orders.o_orderdate", "orders.o_shippriority"], "Plans": [{"Node Type": "Sort", "Parent Relationship": "Outer", "Parallel Aware": false, "Startup Cost": 1075872.98, "Total Cost": 1078415.33, "Plan Rows": 1016943, "Plan Width": 24, "Sort Key": ["lineitem.l_orderkey", "orders.o_orderdate", "orders.o_shippriority"], "Plans": [{"Node Type": "Nested Loop", "Parent Relationship": "Outer", "Parallel Aware": false, "Join Type": "Inner", "Startup Cost": 1.43, "Total Cost": 962187.43, "Plan Rows": 1016943, "Plan Width": 24, "Inner Unique": false, "Plans": [{"Node Type": "Nested Loop", "Parent Relationship": "Outer", "Parallel Aware": false, "Join Type": "Inner", "Startup Cost": 0.86, "Total Cost": 245748.19, "Plan Rows": 466982, "Plan Width": 12, "Inner Unique": false, "Plans": [{"Node Type": "Index Scan", "Parent Relationship": "Outer", "Parallel Aware": true, "Scan Direction": "Forward", "Index Name": "customer_pkey", "Relation Name": "customer", "Alias": "customer", "Startup Cost": 0.43, "Total Cost": 53903.52, "Plan Rows": 96742, "Plan Width": 4, "Filter": "(c_mktsegment = 'FURNITURE'::bpchar)"}, {"Node Type": "Index Scan", "Parent Relationship": "Inner", "Parallel Aware": false, "Scan Direction": "Forward", "Index Name": "idx_orders_custkey", "Relation Name": "orders", "Alias": "orders", "Startup Cost": 0.43, "Total Cost": 1.9, "Plan Rows": 8, "Plan Width": 16, "Index Cond": "(o_custkey = customer.c_custkey)", "Filter": "(o_orderdate < '1995-03-03'::date)"}]}, {"Node Type": "Index Scan", "Parent Relationship": "Inner", "Parallel Aware": false, "Scan Direction": "Forward", "Index Name": "idx_lineitem_orderkey", "Relation Name": "lineitem", "Alias": "lineitem", "Startup Cost": 0.56, "Total Cost": 1.37, "Plan Rows": 16, "Plan Width": 16, "Index Cond": "(l_orderkey = orders.o_orderkey)", "Filter": "(l_shipdate > '1995-03-03'::date)"}]}]}]}]}]}]}]}}, {"Plan": {"Node Type": "Limit", "Parallel Aware": false, "Startup Cost": 2542452.05, "Total Cost": 2542452.07, "Plan Rows": 10, "Plan Width": 44, "Plans": [{"Node Type": "Sort", "Parent Relationship": "Outer", "Parallel Aware": false, "Startup Cost": 2542452.05, "Total Cost": 2550333.36, "Plan Rows": 3152523, "Plan Width": 44, "Sort Key": ["(sum((lineitem.l_extendedprice * ('1'::numeric - lineitem.l_discount)))) DESC", "orders.o_orderdate"], "Plans": [{"Node Type": "Aggregate", "Strategy": "Sorted", "Partial Mode": "Finalize", "Parent Relationship": "Outer", "Parallel Aware": false, "Startup Cost": 2007804.56, "Total Cost": 2474327.16, "Plan Rows": 3152523, "Plan Width": 44, "Group Key": ["lineitem.l_orderkey", "orders.o_orderdate", "orders.o_shippriority"], "Plans": [{"Node Type": "Gather Merge", "Parent Relationship": "Outer", "Parallel Aware": false, "Startup Cost": 2007804.56, "Total Cost": 2396785.26, "Plan Rows": 3050829, "Plan Width": 44, "Workers Planned": 3, "Plans": [{"Node Type": "Aggregate", "Strategy": "Sorted", "Partial Mode": "Partial", "Parent Relationship": "Outer", "Parallel Aware": false, "Startup Cost": 2006804.52, "Total Cost": 2037312.81, "Plan Rows": 1016943, "Plan Width": 44, "Group Key": ["lineitem.l_orderkey", "orders.o_orderdate", "orders.o_shippriority"], "Plans": [{"Node Type": "Sort", "Parent Relationship": "Outer", "Parallel Aware": false, "Startup Cost": 2006804.52, "Total Cost": 2009346.88, "Plan Rows": 1016943, "Plan Width": 24, "Sort Key": ["lineitem.l_orderkey", "orders.o_orderdate", "orders.o_shippriority"], "Plans": [{"Node Type": "Hash Join", "Parent Relationship": "Outer", "Parallel Aware": true, "Join Type": "Inner", "Startup Cost": 378726.85, "Total Cost": 1893118.98, "Plan Rows": 1016943, "Plan Width": 24, "Inner Unique": false, "Hash Cond": "(lineitem.l_orderkey = orders.o_orderkey)", "Plans": [{"Node Type": "Seq Scan", "Parent Relationship": "Outer", "Parallel Aware": true, "Relation Name": "lineitem", "Alias": "lineitem", "Startup Cost": 0.0, "Total Cost": 1366420.13, "Plan Rows": 10536677, "Plan Width": 16, "Filter": "(l_shipdate > '1995-03-03'::date)"}, {"Node Type": "Hash", "Parent Relationship": "Inner", "Parallel Aware": true, "Startup Cost": 370608.58, "Total Cost": 370608.58, "Plan Rows": 466982, "Plan Width": 12, "Plans": [{"Node Type": "Hash Join", "Parent Relationship": "Outer", "Parallel Aware": true, "Join Type": "Inner", "Startup Cost": 43084.66, "Total Cost": 370608.58, "Plan Rows": 466982, "Plan Width": 12, "Inner Unique": true, "Hash Cond": "(orders.o_custkey = customer.c_custkey)", "Plans": [{"Node Type": "Seq Scan", "Parent Relationship": "Outer", "Parallel Aware": true, "Relation Name": "orders", "Alias": "orders", "Startup Cost": 0.0, "Total Cost": 321392.71, "Plan Rows": 2335687, "Plan Width": 16, "Filter": "(o_orderdate < '1995-03-03'::date)"}, {"Node Type": "Hash", "Parent Relationship": "Inner", "Parallel Aware": true, "Startup Cost": 41875.39, "Total Cost": 41875.39, "Plan Rows": 96742, "Plan Width": 4, "Plans": [{"Node Type": "Seq Scan", "Parent Relationship": "Outer", "Parallel Aware": true, "Relation Name": "customer", "Alias": "customer", "Startup Cost": 0.0, "Total Cost": 41875.39, "Plan Rows": 96742, "Plan Width": 4, "Filter": "(c_mktsegment = 'FURNITURE'::bpchar)"}]}]}]}]}]}]}]}]}]}]}}, {"Plan": {"Node Type": "Limit", "Parallel Aware": false, "Startup Cost": 1611520.5, "Total Cost": 1611520.53, "Plan Rows": 10, "Plan Width": 44, "Plans": [{"Node Type": "Sort", "Parent Relationship": "Outer", "Parallel Aware": false, "Startup Cost": 1611520.5, "Total Cost": 1619401.81, "Plan Rows": 3152523, "Plan Width": 44, "Sort Key": ["(sum((lineitem.l_extendedprice * ('1'::numeric - lineitem.l_discount)))) DESC", "orders.o_orderdate"], "Plans": [{"Node Type": "Aggregate", "Strategy": "Sorted", "Partial Mode": "Finalize", "Parent Relationship": "Outer", "Parallel Aware": false, "Startup Cost": 1076873.02, "Total Cost": 1543395.61, "Plan Rows": 3152523, "Plan Width": 44, "Group Key": ["lineitem.l_orderkey", "orders.o_orderdate", "orders.o_shippriority"], "Plans": [{"Node Type": "Gather Merge", "Parent Relationship": "Outer", "Parallel Aware": false, "Startup Cost": 1076873.02, "Total Cost": 1465853.71, "Plan Rows": 3050829, "Plan Width": 44, "Workers Planned": 3, "Plans": [{"Node Type": "Aggregate", "Strategy": "Sorted", "Partial Mode": "Partial", "Parent Relationship": "Outer", "Parallel Aware": false, "Startup Cost": 1075872.98, "Total Cost": 1106381.27, "Plan Rows": 1016943, "Plan Width": 44, "Group Key": ["lineitem.l_orderkey", "orders.o_orderdate", "orders.o_shippriority"], "Plans": [{"Node Type": "Sort", "Parent Relationship": "Outer", "Parallel Aware": false, "Startup Cost": 1075872.98, "Total Cost": 1078415.33, "Plan Rows": 1016943, "Plan Width": 24, "Sort Key": ["lineitem.l_orderkey", "orders.o_orderdate", "orders.o_shippriority"], "Plans": [{"Node Type": "Nested Loop", "Parent Relationship": "Outer", "Parallel Aware": false, "Join Type": "Inner", "Startup Cost": 1.43, "Total Cost": 962187.43, "Plan Rows": 1016943, "Plan Width": 24, "Inner Unique": false, "Plans": [{"Node Type": "Nested Loop", "Parent Relationship": "Outer", "Parallel Aware": false, "Join Type": "Inner", "Startup Cost": 0.86, "Total Cost": 245748.19, "Plan Rows": 466982, "Plan Width": 12, "Inner Unique": false, "Plans": [{"Node Type": "Index Scan", "Parent Relationship": "Outer", "Parallel Aware": true, "Scan Direction": "Forward", "Index Name": "customer_pkey", "Relation Name": "customer", "Alias": "customer", "Startup Cost": 0.43, "Total Cost": 53903.52, "Plan Rows": 96742, "Plan Width": 4, "Filter": "(c_mktsegment = 'FURNITURE'::bpchar)"}, {"Node Type": "Index Scan", "Parent Relationship": "Inner", "Parallel Aware": false, "Scan Direction": "Forward", "Index Name": "idx_orders_custkey", "Relation Name": "orders", "Alias": "orders", "Startup Cost": 0.43, "Total Cost": 1.9, "Plan Rows": 8, "Plan Width": 16, "Index Cond": "(o_custkey = customer.c_custkey)", "Filter": "(o_orderdate < '1995-03-03'::date)"}]}, {"Node Type": "Index Scan", "Parent Relationship": "Inner", "Parallel Aware": false, "Scan Direction": "Forward", "Index Name": "idx_lineitem_orderkey", "Relation Name": "lineitem", "Alias": "lineitem", "Startup Cost": 0.56, "Total Cost": 1.37, "Plan Rows": 16, "Plan Width": 16, "Index Cond": "(l_orderkey = orders.o_orderkey)", "Filter": "(l_shipdate > '1995-03-03'::date)"}]}]}]}]}]}]}]}}, {"Plan": {"Node Type": "Limit", "Parallel Aware": false, "Startup Cost": 1599492.37, "Total Cost": 1599492.4, "Plan Rows": 10, "Plan Width": 44, "Plans": [{"Node Type": "Sort", "Parent Relationship": "Outer", "Parallel Aware": false, "Startup Cost": 1599492.37, "Total Cost": 1607373.68, "Plan Rows": 3152523, "Plan Width": 44, "Sort Key": ["(sum((lineitem.l_extendedprice * ('1'::numeric - lineitem.l_discount)))) DESC", "orders.o_orderdate"], "Plans": [{"Node Type": "Aggregate", "Strategy": "Sorted", "Partial Mode": "Finalize", "Parent Relationship": "Outer", "Parallel Aware": false, "Startup Cost": 1064844.89, "Total Cost": 1531367.49, "Plan Rows": 3152523, "Plan Width": 44, "Group Key": ["lineitem.l_orderkey", "orders.o_orderdate", "orders.o_shippriority"], "Plans": [{"Node Type": "Gather Merge", "Parent Relationship": "Outer", "Parallel Aware": false, "Startup Cost": 1064844.89, "Total Cost": 1453825.59, "Plan Rows": 3050829, "Plan Width": 44, "Workers Planned": 3, "Plans": [{"Node Type": "Aggregate", "Strategy": "Sorted", "Partial Mode": "Partial", "Parent Relationship": "Outer", "Parallel Aware": false, "Startup Cost": 1063844.85, "Total Cost": 1094353.14, "Plan Rows": 1016943, "Plan Width": 44, "Group Key": ["lineitem.l_orderkey", "orders.o_orderdate", "orders.o_shippriority"], "Plans": [{"Node Type": "Sort", "Parent Relationship": "Outer", "Parallel Aware": false, "Startup Cost": 1063844.85, "Total Cost": 1066387.21, "Plan Rows": 1016943, "Plan Width": 24, "Sort Key": ["lineitem.l_orderkey", "orders.o_orderdate", "orders.o_shippriority"], "Plans": [{"Node Type": "Nested Loop", "Parent Relationship": "Outer", "Parallel Aware": false, "Join Type": "Inner", "Startup Cost": 1.0, "Total Cost": 950159.31, "Plan Rows": 1016943, "Plan Width": 24, "Inner Unique": false, "Plans": [{"Node Type": "Nested Loop", "Parent Relationship": "Outer", "Parallel Aware": false, "Join Type": "Inner", "Startup Cost": 0.43, "Total Cost": 233720.06, "Plan Rows": 466982, "Plan Width": 12, "Inner Unique": false, "Plans": [{"Node Type": "Seq Scan", "Parent Relationship": "Outer", "Parallel Aware": true, "Relation Name": "customer", "Alias": "customer", "Startup Cost": 0.0, "Total Cost": 41875.39, "Plan Rows": 96742, "Plan Width": 4, "Filter": "(c_mktsegment = 'FURNITURE'::bpchar)"}, {"Node Type": "Index Scan", "Parent Relationship": "Inner", "Parallel Aware": false, "Scan Direction": "Forward", "Index Name": "idx_orders_custkey", "Relation Name": "orders", "Alias": "orders", "Startup Cost": 0.43, "Total Cost": 1.9, "Plan Rows": 8, "Plan Width": 16, "Index Cond": "(o_custkey = customer.c_custkey)", "Filter": "(o_orderdate < '1995-03-03'::date)"}]}, {"Node Type": "Index Scan", "Parent Relationship": "Inner", "Parallel Aware": false, "Scan Direction": "Forward", "Index Name": "idx_lineitem_orderkey", "Relation Name": "lineitem", "Alias": "lineitem", "Startup Cost": 0.56, "Total Cost": 1.37, "Plan Rows": 16, "Plan Width": 16, "Index Cond": "(l_orderkey = orders.o_orderkey)", "Filter": "(l_shipdate > '1995-03-03'::date)"}]}]}]}]}]}]}]}}, {"Plan": {"Node Type": "Limit", "Parallel Aware": false, "Startup Cost": 2542452.05, "Total Cost": 2542452.07, "Plan Rows": 10, "Plan Width": 44, "Plans": [{"Node Type": "Sort", "Parent Relationship": "Outer", "Parallel Aware": false, "Startup Cost": 2542452.05, "Total Cost": 2550333.36, "Plan Rows": 3152523, "Plan Width": 44, "Sort Key": ["(sum((lineitem.l_extendedprice * ('1'::numeric - lineitem.l_discount)))) DESC", "orders.o_orderdate"], "Plans": [{"Node Type": "Aggregate", "Strategy": "Sorted", "Partial Mode": "Finalize", "Parent Relationship": "Outer", "Parallel Aware": false, "Startup Cost": 2007804.56, "Total Cost": 2474327.16, "Plan Rows": 3152523, "Plan Width": 44, "Group Key": ["lineitem.l_orderkey", "orders.o_orderdate", "orders.o_shippriority"], "Plans": [{"Node Type": "Gather Merge", "Parent Relationship": "Outer", "Parallel Aware": false, "Startup Cost": 2007804.56, "Total Cost": 2396785.26, "Plan Rows": 3050829, "Plan Width": 44, "Workers Planned": 3, "Plans": [{"Node Type": "Aggregate", "Strategy": "Sorted", "Partial Mode": "Partial", "Parent Relationship": "Outer", "Parallel Aware": false, "Startup Cost": 2006804.52, "Total Cost": 2037312.81, "Plan Rows": 1016943, "Plan Width": 44, "Group Key": ["lineitem.l_orderkey", "orders.o_orderdate", "orders.o_shippriority"], "Plans": [{"Node Type": "Sort", "Parent Relationship": "Outer", "Parallel Aware": false, "Startup Cost": 2006804.52, "Total Cost": 2009346.88, "Plan Rows": 1016943, "Plan Width": 24, "Sort Key": ["lineitem.l_orderkey", "orders.o_orderdate", "orders.o_shippriority"], "Plans": [{"Node Type": "Hash Join", "Parent Relationship": "Outer", "Parallel Aware": true, "Join Type": "Inner", "Startup Cost": 378726.85, "Total Cost": 1893118.98, "Plan Rows": 1016943, "Plan Width": 24, "Inner Unique": false, "Hash Cond": "(lineitem.l_orderkey = orders.o_orderkey)", "Plans": [{"Node Type": "Seq Scan", "Parent Relationship": "Outer", "Parallel Aware": true, "Relation Name": "lineitem", "Alias": "lineitem", "Startup Cost": 0.0, "Total Cost": 1366420.13, "Plan Rows": 10536677, "Plan Width": 16, "Filter": "(l_shipdate > '1995-03-03'::date)"}, {"Node Type": "Hash", "Parent Relationship": "Inner", "Parallel Aware": true, "Startup Cost": 370608.58, "Total Cost": 370608.58, "Plan Rows": 466982, "Plan Width": 12, "Plans": [{"Node Type": "Hash Join", "Parent Relationship": "Outer", "Parallel Aware": true, "Join Type": "Inner", "Startup Cost": 43084.66, "Total Cost": 370608.58, "Plan Rows": 466982, "Plan Width": 12, "Inner Unique": true, "Hash Cond": "(orders.o_custkey = customer.c_custkey)", "Plans": [{"Node Type": "Seq Scan", "Parent Relationship": "Outer", "Parallel Aware": true, "Relation Name": "orders", "Alias": "orders", "Startup Cost": 0.0, "Total Cost": 321392.71, "Plan Rows": 2335687, "Plan Width": 16, "Filter": "(o_orderdate < '1995-03-03'::date)"}, {"Node Type": "Hash", "Parent Relationship": "Inner", "Parallel Aware": true, "Startup Cost": 41875.39, "Total Cost": 41875.39, "Plan Rows": 96742, "Plan Width": 4, "Plans": [{"Node Type": "Seq Scan", "Parent Relationship": "Outer", "Parallel Aware": true, "Relation Name": "customer", "Alias": "customer", "Startup Cost": 0.0, "Total Cost": 41875.39, "Plan Rows": 96742, "Plan Width": 4, "Filter": "(c_mktsegment = 'FURNITURE'::bpchar)"}]}]}]}]}]}]}]}]}]}]}}, {"Plan": {"Node Type": "Limit", "Parallel Aware": false, "Startup Cost": 10003788435.1, "Total Cost": 10003788435.13, "Plan Rows": 10, "Plan Width": 44, "Plans": [{"Node Type": "Sort", "Parent Relationship": "Outer", "Parallel Aware": false, "Startup Cost": 10003788435.1, "Total Cost": 10003796316.41, "Plan Rows": 3152523, "Plan Width": 44, "Sort Key": ["(sum((lineitem.l_extendedprice * ('1'::numeric - lineitem.l_discount)))) DESC", "orders.o_orderdate"], "Plans": [{"Node Type": "Aggregate", "Strategy": "Sorted", "Partial Mode": "Simple", "Parent Relationship": "Outer", "Parallel Aware": false, "Startup Cost": 10003625734.53, "Total Cost": 10003720310.22, "Plan Rows": 3152523, "Plan Width": 44, "Group Key": ["lineitem.l_orderkey", "orders.o_orderdate", "orders.o_shippriority"], "Plans": [{"Node Type": "Sort", "Parent Relationship": "Outer", "Parallel Aware": false, "Startup Cost": 10003625734.53, "Total Cost": 10003633615.83, "Plan Rows": 3152523, "Plan Width": 24, "Sort Key": ["lineitem.l_orderkey", "orders.o_orderdate", "orders.o_shippriority"], "Plans": [{"Node Type": "Hash Join", "Parent Relationship": "Outer", "Parallel Aware": false, "Join Type": "Inner", "Startup Cost": 10000935613.12, "Total Cost": 10003247582.4, "Plan Rows": 3152523, "Plan Width": 24, "Inner Unique": false, "Hash Cond": "(lineitem.l_orderkey = orders.o_orderkey)", "Plans": [{"Node Type": "Bitmap Heap Scan", "Parent Relationship": "Outer", "Parallel Aware": false, "Relation Name": "lineitem", "Alias": "lineitem", "Startup Cost": 391681.52, "Total Cost": 2223585.71, "Plan Rows": 32663698, "Plan Width": 16, "Recheck Cond": "(l_shipdate > '1995-03-03'::date)", "Plans": [{"Node Type": "Bitmap Index Scan", "Parent Relationship": "Outer", "Parallel Aware": false, "Index Name": "idx_lineitem_shipdate", "Startup Cost": 0.0, "Total Cost": 383515.6, "Plan Rows": 32663698, "Plan Width": 0, "Index Cond": "(l_shipdate > '1995-03-03'::date)"}]}, {"Node Type": "Hash", "Parent Relationship": "Inner", "Parallel Aware": false, "Startup Cost": 10000518767.06, "Total Cost": 10000518767.06, "Plan Rows": 1447643, "Plan Width": 12, "Plans": [{"Node Type": "Hash Join", "Parent Relationship": "Outer", "Parallel Aware": false, "Join Type": "Inner", "Startup Cost": 10000148340.49, "Total Cost": 10000518767.06, "Plan Rows": 1447643, "Plan Width": 12, "Inner Unique": true, "Hash Cond": "(orders.o_custkey = customer.c_custkey)", "Plans": [{"Node Type": "Bitmap Heap Scan", "Parent Relationship": "Outer", "Parallel Aware": false, "Relation Name": "orders", "Alias": "orders", "Startup Cost": 77986.61, "Total Cost": 429406.47, "Plan Rows": 7240629, "Plan Width": 16, "Recheck Cond": "(o_orderdate < '1995-03-03'::date)", "Plans": [{"Node Type": "Bitmap Index Scan", "Parent Relationship": "Outer", "Parallel Aware": false, "Index Name": "idx_orders_orderdate", "Startup Cost": 0.0, "Total Cost": 76176.45, "Plan Rows": 7240629, "Plan Width": 0, "Index Cond": "(o_orderdate < '1995-03-03'::date)"}]}, {"Node Type": "Hash", "Parent Relationship": "Inner", "Parallel Aware": false, "Startup Cost": 10000066605.13, "Total Cost": 10000066605.13, "Plan Rows": 299900, "Plan Width": 4, "Plans": [{"Node Type": "Index Scan", "Parent Relationship": "Outer", "Parallel Aware": false, "Scan Direction": "Forward", "Index Name": "customer_pkey", "Relation Name": "customer", "Alias": "customer", "Startup Cost": 10000000000.43, "Total Cost": 10000066605.13, "Plan Rows": 299900, "Plan Width": 4, "Filter": "(c_mktsegment = 'FURNITURE'::bpchar)"}]}]}]}]}]}]}]}]}}, {"Plan": {"Node Type": "Limit", "Parallel Aware": false, "Startup Cost": 5824670.69, "Total Cost": 5824670.72, "Plan Rows": 10, "Plan Width": 44, "Plans": [{"Node Type": "Sort", "Parent Relationship": "Outer", "Parallel Aware": false, "Startup Cost": 5824670.69, "Total Cost": 5832552.0, "Plan Rows": 3152523, "Plan Width": 44, "Sort Key": ["(sum((lineitem.l_extendedprice * ('1'::numeric - lineitem.l_discount)))) DESC", "orders.o_orderdate"], "Plans": [{"Node Type": "Aggregate", "Strategy": "Sorted", "Partial Mode": "Finalize", "Parent Relationship": "Outer", "Parallel Aware": false, "Startup Cost": 5290023.21, "Total Cost": 5756545.81, "Plan Rows": 3152523, "Plan Width": 44, "Group Key": ["lineitem.l_orderkey", "orders.o_orderdate", "orders.o_shippriority"], "Plans": [{"Node Type": "Gather Merge", "Parent Relationship": "Outer", "Parallel Aware": false, "Startup Cost": 5290023.21, "Total Cost": 5679003.91, "Plan Rows": 3050829, "Plan Width": 44, "Workers Planned": 3, "Plans": [{"Node Type": "Aggregate", "Strategy": "Sorted", "Partial Mode": "Partial", "Parent Relationship": "Outer", "Parallel Aware": false, "Startup Cost": 5289023.17, "Total Cost": 5319531.46, "Plan Rows": 1016943, "Plan Width": 44, "Group Key": ["lineitem.l_orderkey", "orders.o_orderdate", "orders.o_shippriority"], "Plans": [{"Node Type": "Sort", "Parent Relationship": "Outer", "Parallel Aware": false, "Startup Cost": 5289023.17, "Total Cost": 5291565.53, "Plan Rows": 1016943, "Plan Width": 24, "Sort Key": ["lineitem.l_orderkey", "orders.o_orderdate", "orders.o_shippriority"], "Plans": [{"Node Type": "Nested Loop", "Parent Relationship": "Outer", "Parallel Aware": false, "Join Type": "Inner", "Startup Cost": 77987.87, "Total Cost": 5175337.63, "Plan Rows": 1016943, "Plan Width": 24, "Inner Unique": false, "Plans": [{"Node Type": "Nested Loop", "Parent Relationship": "Outer", "Parallel Aware": false, "Join Type": "Inner", "Startup Cost": 77987.05, "Total Cost": 3990451.75, "Plan Rows": 466982, "Plan Width": 12, "Inner Unique": true, "Plans": [{"Node Type": "Bitmap Heap Scan", "Parent Relationship": "Outer", "Parallel Aware": true, "Relation Name": "orders", "Alias": "orders", "Startup Cost": 77986.61, "Total Cost": 368094.69, "Plan Rows": 2335687, "Plan Width": 16, "Recheck Cond": "(o_orderdate < '1995-03-03'::date)", "Plans": [{"Node Type": "Bitmap Index Scan", "Parent Relationship": "Outer", "Parallel Aware": false, "Index Name": "idx_orders_orderdate", "Startup Cost": 0.0, "Total Cost": 76176.45, "Plan Rows": 7240629, "Plan Width": 0, "Index Cond": "(o_orderdate < '1995-03-03'::date)"}]}, {"Node Type": "Bitmap Heap Scan", "Parent Relationship": "Inner", "Parallel Aware": false, "Relation Name": "customer", "Alias": "customer", "Startup Cost": 0.44, "Total Cost": 1.55, "Plan Rows": 1, "Plan Width": 4, "Recheck Cond": "(c_custkey = orders.o_custkey)", "Filter": "(c_mktsegment = 'FURNITURE'::bpchar)", "Plans": [{"Node Type": "Bitmap Index Scan", "Parent Relationship": "Outer", "Parallel Aware": false, "Index Name": "customer_pkey", "Startup Cost": 0.0, "Total Cost": 0.44, "Plan Rows": 1, "Plan Width": 0, "Index Cond": "(c_custkey = orders.o_custkey)"}]}]}, {"Node Type": "Bitmap Heap Scan", "Parent Relationship": "Inner", "Parallel Aware": false, "Relation Name": "lineitem", "Alias": "lineitem", "Startup Cost": 0.83, "Total Cost": 2.38, "Plan Rows": 16, "Plan Width": 16, "Recheck Cond": "(l_orderkey = orders.o_orderkey)", "Filter": "(l_shipdate > '1995-03-03'::date)", "Plans": [{"Node Type": "Bitmap Index Scan", "Parent Relationship": "Outer", "Parallel Aware": false, "Index Name": "lineitem_pkey", "Startup Cost": 0.0, "Total Cost": 0.82, "Plan Rows": 30, "Plan Width": 0, "Index Cond": "(l_orderkey = orders.o_orderkey)"}]}]}]}]}]}]}]}]}}, {"Plan": {"Node Type": "Limit", "Parallel Aware": false, "Startup Cost": 2086320.34, "Total Cost": 2086320.37, "Plan Rows": 10, "Plan Width": 44, "Plans": [{"Node Type": "Sort", "Parent Relationship": "Outer", "Parallel Aware": false, "Startup Cost": 2086320.34, "Total Cost": 2094201.65, "Plan Rows": 3152523, "Plan Width": 44, "Sort Key": ["(sum((lineitem.l_extendedprice * ('1'::numeric - lineitem.l_discount)))) DESC", "orders.o_orderdate"], "Plans": [{"Node Type": "Aggregate", "Strategy": "Sorted", "Partial Mode": "Finalize", "Parent Relationship": "Outer", "Parallel Aware": false, "Startup Cost": 1551672.85, "Total Cost": 2018195.45, "Plan Rows": 3152523, "Plan Width": 44, "Group Key": ["lineitem.l_orderkey", "orders.o_orderdate", "orders.o_shippriority"], "Plans": [{"Node Type": "Gather Merge", "Parent Relationship": "Outer", "Parallel Aware": false, "Startup Cost": 1551672.85, "Total Cost": 1940653.55, "Plan Rows": 3050829, "Plan Width": 44, "Workers Planned": 3, "Plans": [{"Node Type": "Aggregate", "Strategy": "Sorted", "Partial Mode": "Partial", "Parent Relationship": "Outer", "Parallel Aware": false, "Startup Cost": 1550672.81, "Total Cost": 1581181.1, "Plan Rows": 1016943, "Plan Width": 44, "Group Key": ["lineitem.l_orderkey", "orders.o_orderdate", "orders.o_shippriority"], "Plans": [{"Node Type": "Sort", "Parent Relationship": "Outer", "Parallel Aware": false, "Startup Cost": 1550672.81, "Total Cost": 1553215.17, "Plan Rows": 1016943, "Plan Width": 24, "Sort Key": ["lineitem.l_orderkey", "orders.o_orderdate", "orders.o_shippriority"], "Plans": [{"Node Type": "Nested Loop", "Parent Relationship": "Outer", "Parallel Aware": false, "Join Type": "Inner", "Startup Cost": 1.55, "Total Cost": 1436987.27, "Plan Rows": 1016943, "Plan Width": 24, "Inner Unique": false, "Plans": [{"Node Type": "Nested Loop", "Parent Relationship": "Outer", "Parallel Aware": false, "Join Type": "Inner", "Startup Cost": 0.72, "Total Cost": 252101.4, "Plan Rows": 466982, "Plan Width": 12, "Inner Unique": false, "Plans": [{"Node Type": "Seq Scan", "Parent Relationship": "Outer", "Parallel Aware": true, "Relation Name": "customer", "Alias": "customer", "Startup Cost": 0.0, "Total Cost": 41875.39, "Plan Rows": 96742, "Plan Width": 4, "Filter": "(c_mktsegment = 'FURNITURE'::bpchar)"}, {"Node Type": "Bitmap Heap Scan", "Parent Relationship": "Inner", "Parallel Aware": false, "Relation Name": "orders", "Alias": "orders", "Startup Cost": 0.72, "Total Cost": 2.09, "Plan Rows": 8, "Plan Width": 16, "Recheck Cond": "(o_custkey = customer.c_custkey)", "Filter": "(o_orderdate < '1995-03-03'::date)", "Plans": [{"Node Type": "Bitmap Index Scan", "Parent Relationship": "Outer", "Parallel Aware": false, "Index Name": "idx_orders_custkey", "Startup Cost": 0.0, "Total Cost": 0.72, "Plan Rows": 18, "Plan Width": 0, "Index Cond": "(o_custkey = customer.c_custkey)"}]}]}, {"Node Type": "Bitmap Heap Scan", "Parent Relationship": "Inner", "Parallel Aware": false, "Relation Name": "lineitem", "Alias": "lineitem", "Startup Cost": 0.83, "Total Cost": 2.38, "Plan Rows": 16, "Plan Width": 16, "Recheck Cond": "(l_orderkey = orders.o_orderkey)", "Filter": "(l_shipdate > '1995-03-03'::date)", "Plans": [{"Node Type": "Bitmap Index Scan", "Parent Relationship": "Outer", "Parallel Aware": false, "Index Name": "lineitem_pkey", "Startup Cost": 0.0, "Total Cost": 0.82, "Plan Rows": 30, "Plan Width": 0, "Index Cond": "(l_orderkey = orders.o_orderkey)"}]}]}]}]}]}]}]}]}}, {"Plan": {"Node Type": "Limit", "Parallel Aware": false, "Startup Cost": 2542452.05, "Total Cost": 2542452.07, "Plan Rows": 10, "Plan Width": 44, "Plans": [{"Node Type": "Sort", "Parent Relationship": "Outer", "Parallel Aware": false, "Startup Cost": 2542452.05, "Total Cost": 2550333.36, "Plan Rows": 3152523, "Plan Width": 44, "Sort Key": ["(sum((lineitem.l_extendedprice * ('1'::numeric - lineitem.l_discount)))) DESC", "orders.o_orderdate"], "Plans": [{"Node Type": "Aggregate", "Strategy": "Sorted", "Partial Mode": "Finalize", "Parent Relationship": "Outer", "Parallel Aware": false, "Startup Cost": 2007804.56, "Total Cost": 2474327.16, "Plan Rows": 3152523, "Plan Width": 44, "Group Key": ["lineitem.l_orderkey", "orders.o_orderdate", "orders.o_shippriority"], "Plans": [{"Node Type": "Gather Merge", "Parent Relationship": "Outer", "Parallel Aware": false, "Startup Cost": 2007804.56, "Total Cost": 2396785.26, "Plan Rows": 3050829, "Plan Width": 44, "Workers Planned": 3, "Plans": [{"Node Type": "Aggregate", "Strategy": "Sorted", "Partial Mode": "Partial", "Parent Relationship": "Outer", "Parallel Aware": false, "Startup Cost": 2006804.52, "Total Cost": 2037312.81, "Plan Rows": 1016943, "Plan Width": 44, "Group Key": ["lineitem.l_orderkey", "orders.o_orderdate", "orders.o_shippriority"], "Plans": [{"Node Type": "Sort", "Parent Relationship": "Outer", "Parallel Aware": false, "Startup Cost": 2006804.52, "Total Cost": 2009346.88, "Plan Rows": 1016943, "Plan Width": 24, "Sort Key": ["lineitem.l_orderkey", "orders.o_orderdate", "orders.o_shippriority"], "Plans": [{"Node Type": "Hash Join", "Parent Relationship": "Outer", "Parallel Aware": true, "Join Type": "Inner", "Startup Cost": 378726.85, "Total Cost": 1893118.98, "Plan Rows": 1016943, "Plan Width": 24, "Inner Unique": false, "Hash Cond": "(lineitem.l_orderkey = orders.o_orderkey)", "Plans": [{"Node Type": "Seq Scan", "Parent Relationship": "Outer", "Parallel Aware": true, "Relation Name": "lineitem", "Alias": "lineitem", "Startup Cost": 0.0, "Total Cost": 1366420.13, "Plan Rows": 10536677, "Plan Width": 16, "Filter": "(l_shipdate > '1995-03-03'::date)"}, {"Node Type": "Hash", "Parent Relationship": "Inner", "Parallel Aware": true, "Startup Cost": 370608.58, "Total Cost": 370608.58, "Plan Rows": 466982, "Plan Width": 12, "Plans": [{"Node Type": "Hash Join", "Parent Relationship": "Outer", "Parallel Aware": true, "Join Type": "Inner", "Startup Cost": 43084.66, "Total Cost": 370608.58, "Plan Rows": 466982, "Plan Width": 12, "Inner Unique": true, "Hash Cond": "(orders.o_custkey = customer.c_custkey)", "Plans": [{"Node Type": "Seq Scan", "Parent Relationship": "Outer", "Parallel Aware": true, "Relation Name": "orders", "Alias": "orders", "Startup Cost": 0.0, "Total Cost": 321392.71, "Plan Rows": 2335687, "Plan Width": 16, "Filter": "(o_orderdate < '1995-03-03'::date)"}, {"Node Type": "Hash", "Parent Relationship": "Inner", "Parallel Aware": true, "Startup Cost": 41875.39, "Total Cost": 41875.39, "Plan Rows": 96742, "Plan Width": 4, "Plans": [{"Node Type": "Seq Scan", "Parent Relationship": "Outer", "Parallel Aware": true, "Relation Name": "customer", "Alias": "customer", "Startup Cost": 0.0, "Total Cost": 41875.39, "Plan Rows": 96742, "Plan Width": 4, "Filter": "(c_mktsegment = 'FURNITURE'::bpchar)"}]}]}]}]}]}]}]}]}]}]}}, {"Plan": {"Node Type": "Limit", "Parallel Aware": false, "Startup Cost": 5824670.69, "Total Cost": 5824670.72, "Plan Rows": 10, "Plan Width": 44, "Plans": [{"Node Type": "Sort", "Parent Relationship": "Outer", "Parallel Aware": false, "Startup Cost": 5824670.69, "Total Cost": 5832552.0, "Plan Rows": 3152523, "Plan Width": 44, "Sort Key": ["(sum((lineitem.l_extendedprice * ('1'::numeric - lineitem.l_discount)))) DESC", "orders.o_orderdate"], "Plans": [{"Node Type": "Aggregate", "Strategy": "Sorted", "Partial Mode": "Finalize", "Parent Relationship": "Outer", "Parallel Aware": false, "Startup Cost": 5290023.21, "Total Cost": 5756545.81, "Plan Rows": 3152523, "Plan Width": 44, "Group Key": ["lineitem.l_orderkey", "orders.o_orderdate", "orders.o_shippriority"], "Plans": [{"Node Type": "Gather Merge", "Parent Relationship": "Outer", "Parallel Aware": false, "Startup Cost": 5290023.21, "Total Cost": 5679003.91, "Plan Rows": 3050829, "Plan Width": 44, "Workers Planned": 3, "Plans": [{"Node Type": "Aggregate", "Strategy": "Sorted", "Partial Mode": "Partial", "Parent Relationship": "Outer", "Parallel Aware": false, "Startup Cost": 5289023.17, "Total Cost": 5319531.46, "Plan Rows": 1016943, "Plan Width": 44, "Group Key": ["lineitem.l_orderkey", "orders.o_orderdate", "orders.o_shippriority"], "Plans": [{"Node Type": "Sort", "Parent Relationship": "Outer", "Parallel Aware": false, "Startup Cost": 5289023.17, "Total Cost": 5291565.53, "Plan Rows": 1016943, "Plan Width": 24, "Sort Key": ["lineitem.l_orderkey", "orders.o_orderdate", "orders.o_shippriority"], "Plans": [{"Node Type": "Nested Loop", "Parent Relationship": "Outer", "Parallel Aware": false, "Join Type": "Inner", "Startup Cost": 77987.87, "Total Cost": 5175337.63, "Plan Rows": 1016943, "Plan Width": 24, "Inner Unique": false, "Plans": [{"Node Type": "Nested Loop", "Parent Relationship": "Outer", "Parallel Aware": false, "Join Type": "Inner", "Startup Cost": 77987.05, "Total Cost": 3990451.75, "Plan Rows": 466982, "Plan Width": 12, "Inner Unique": true, "Plans": [{"Node Type": "Bitmap Heap Scan", "Parent Relationship": "Outer", "Parallel Aware": true, "Relation Name": "orders", "Alias": "orders", "Startup Cost": 77986.61, "Total Cost": 368094.69, "Plan Rows": 2335687, "Plan Width": 16, "Recheck Cond": "(o_orderdate < '1995-03-03'::date)", "Plans": [{"Node Type": "Bitmap Index Scan", "Parent Relationship": "Outer", "Parallel Aware": false, "Index Name": "idx_orders_orderdate", "Startup Cost": 0.0, "Total Cost": 76176.45, "Plan Rows": 7240629, "Plan Width": 0, "Index Cond": "(o_orderdate < '1995-03-03'::date)"}]}, {"Node Type": "Bitmap Heap Scan", "Parent Relationship": "Inner", "Parallel Aware": false, "Relation Name": "customer", "Alias": "customer", "Startup Cost": 0.44, "Total Cost": 1.55, "Plan Rows": 1, "Plan Width": 4, "Recheck Cond": "(c_custkey = orders.o_custkey)", "Filter": "(c_mktsegment = 'FURNITURE'::bpchar)", "Plans": [{"Node Type": "Bitmap Index Scan", "Parent Relationship": "Outer", "Parallel Aware": false, "Index Name": "customer_pkey", "Startup Cost": 0.0, "Total Cost": 0.44, "Plan Rows": 1, "Plan Width": 0, "Index Cond": "(c_custkey = orders.o_custkey)"}]}]}, {"Node Type": "Bitmap Heap Scan", "Parent Relationship": "Inner", "Parallel Aware": false, "Relation Name": "lineitem", "Alias": "lineitem", "Startup Cost": 0.83, "Total Cost": 2.38, "Plan Rows": 16, "Plan Width": 16, "Recheck Cond": "(l_orderkey = orders.o_orderkey)", "Filter": "(l_shipdate > '1995-03-03'::date)", "Plans": [{"Node Type": "Bitmap Index Scan", "Parent Relationship": "Outer", "Parallel Aware": false, "Index Name": "lineitem_pkey", "Startup Cost": 0.0, "Total Cost": 0.82, "Plan Rows": 30, "Plan Width": 0, "Index Cond": "(l_orderkey = orders.o_orderkey)"}]}]}]}]}]}]}]}]}}, {"Plan": {"Node Type": "Limit", "Parallel Aware": false, "Startup Cost": 2086320.34, "Total Cost": 2086320.37, "Plan Rows": 10, "Plan Width": 44, "Plans": [{"Node Type": "Sort", "Parent Relationship": "Outer", "Parallel Aware": false, "Startup Cost": 2086320.34, "Total Cost": 2094201.65, "Plan Rows": 3152523, "Plan Width": 44, "Sort Key": ["(sum((lineitem.l_extendedprice * ('1'::numeric - lineitem.l_discount)))) DESC", "orders.o_orderdate"], "Plans": [{"Node Type": "Aggregate", "Strategy": "Sorted", "Partial Mode": "Finalize", "Parent Relationship": "Outer", "Parallel Aware": false, "Startup Cost": 1551672.85, "Total Cost": 2018195.45, "Plan Rows": 3152523, "Plan Width": 44, "Group Key": ["lineitem.l_orderkey", "orders.o_orderdate", "orders.o_shippriority"], "Plans": [{"Node Type": "Gather Merge", "Parent Relationship": "Outer", "Parallel Aware": false, "Startup Cost": 1551672.85, "Total Cost": 1940653.55, "Plan Rows": 3050829, "Plan Width": 44, "Workers Planned": 3, "Plans": [{"Node Type": "Aggregate", "Strategy": "Sorted", "Partial Mode": "Partial", "Parent Relationship": "Outer", "Parallel Aware": false, "Startup Cost": 1550672.81, "Total Cost": 1581181.1, "Plan Rows": 1016943, "Plan Width": 44, "Group Key": ["lineitem.l_orderkey", "orders.o_orderdate", "orders.o_shippriority"], "Plans": [{"Node Type": "Sort", "Parent Relationship": "Outer", "Parallel Aware": false, "Startup Cost": 1550672.81, "Total Cost": 1553215.17, "Plan Rows": 1016943, "Plan Width": 24, "Sort Key": ["lineitem.l_orderkey", "orders.o_orderdate", "orders.o_shippriority"], "Plans": [{"Node Type": "Nested Loop", "Parent Relationship": "Outer", "Parallel Aware": false, "Join Type": "Inner", "Startup Cost": 1.55, "Total Cost": 1436987.27, "Plan Rows": 1016943, "Plan Width": 24, "Inner Unique": false, "Plans": [{"Node Type": "Nested Loop", "Parent Relationship": "Outer", "Parallel Aware": false, "Join Type": "Inner", "Startup Cost": 0.72, "Total Cost": 252101.4, "Plan Rows": 466982, "Plan Width": 12, "Inner Unique": false, "Plans": [{"Node Type": "Seq Scan", "Parent Relationship": "Outer", "Parallel Aware": true, "Relation Name": "customer", "Alias": "customer", "Startup Cost": 0.0, "Total Cost": 41875.39, "Plan Rows": 96742, "Plan Width": 4, "Filter": "(c_mktsegment = 'FURNITURE'::bpchar)"}, {"Node Type": "Bitmap Heap Scan", "Parent Relationship": "Inner", "Parallel Aware": false, "Relation Name": "orders", "Alias": "orders", "Startup Cost": 0.72, "Total Cost": 2.09, "Plan Rows": 8, "Plan Width": 16, "Recheck Cond": "(o_custkey = customer.c_custkey)", "Filter": "(o_orderdate < '1995-03-03'::date)", "Plans": [{"Node Type": "Bitmap Index Scan", "Parent Relationship": "Outer", "Parallel Aware": false, "Index Name": "idx_orders_custkey", "Startup Cost": 0.0, "Total Cost": 0.72, "Plan Rows": 18, "Plan Width": 0, "Index Cond": "(o_custkey = customer.c_custkey)"}]}]}, {"Node Type": "Bitmap Heap Scan", "Parent Relationship": "Inner", "Parallel Aware": false, "Relation Name": "lineitem", "Alias": "lineitem", "Startup Cost": 0.83, "Total Cost": 2.38, "Plan Rows": 16, "Plan Width": 16, "Recheck Cond": "(l_orderkey = orders.o_orderkey)", "Filter": "(l_shipdate > '1995-03-03'::date)", "Plans": [{"Node Type": "Bitmap Index Scan", "Parent Relationship": "Outer", "Parallel Aware": false, "Index Name": "lineitem_pkey", "Startup Cost": 0.0, "Total Cost": 0.82, "Plan Rows": 30, "Plan Width": 0, "Index Cond": "(l_orderkey = orders.o_orderkey)"}]}]}]}]}]}]}]}]}}, {"Plan": {"Node Type": "Limit", "Parallel Aware": false, "Startup Cost": 2542452.05, "Total Cost": 2542452.07, "Plan Rows": 10, "Plan Width": 44, "Plans": [{"Node Type": "Sort", "Parent Relationship": "Outer", "Parallel Aware": false, "Startup Cost": 2542452.05, "Total Cost": 2550333.36, "Plan Rows": 3152523, "Plan Width": 44, "Sort Key": ["(sum((lineitem.l_extendedprice * ('1'::numeric - lineitem.l_discount)))) DESC", "orders.o_orderdate"], "Plans": [{"Node Type": "Aggregate", "Strategy": "Sorted", "Partial Mode": "Finalize", "Parent Relationship": "Outer", "Parallel Aware": false, "Startup Cost": 2007804.56, "Total Cost": 2474327.16, "Plan Rows": 3152523, "Plan Width": 44, "Group Key": ["lineitem.l_orderkey", "orders.o_orderdate", "orders.o_shippriority"], "Plans": [{"Node Type": "Gather Merge", "Parent Relationship": "Outer", "Parallel Aware": false, "Startup Cost": 2007804.56, "Total Cost": 2396785.26, "Plan Rows": 3050829, "Plan Width": 44, "Workers Planned": 3, "Plans": [{"Node Type": "Aggregate", "Strategy": "Sorted", "Partial Mode": "Partial", "Parent Relationship": "Outer", "Parallel Aware": false, "Startup Cost": 2006804.52, "Total Cost": 2037312.81, "Plan Rows": 1016943, "Plan Width": 44, "Group Key": ["lineitem.l_orderkey", "orders.o_orderdate", "orders.o_shippriority"], "Plans": [{"Node Type": "Sort", "Parent Relationship": "Outer", "Parallel Aware": false, "Startup Cost": 2006804.52, "Total Cost": 2009346.88, "Plan Rows": 1016943, "Plan Width": 24, "Sort Key": ["lineitem.l_orderkey", "orders.o_orderdate", "orders.o_shippriority"], "Plans": [{"Node Type": "Hash Join", "Parent Relationship": "Outer", "Parallel Aware": true, "Join Type": "Inner", "Startup Cost": 378726.85, "Total Cost": 1893118.98, "Plan Rows": 1016943, "Plan Width": 24, "Inner Unique": false, "Hash Cond": "(lineitem.l_orderkey = orders.o_orderkey)", "Plans": [{"Node Type": "Seq Scan", "Parent Relationship": "Outer", "Parallel Aware": true, "Relation Name": "lineitem", "Alias": "lineitem", "Startup Cost": 0.0, "Total Cost": 1366420.13, "Plan Rows": 10536677, "Plan Width": 16, "Filter": "(l_shipdate > '1995-03-03'::date)"}, {"Node Type": "Hash", "Parent Relationship": "Inner", "Parallel Aware": true, "Startup Cost": 370608.58, "Total Cost": 370608.58, "Plan Rows": 466982, "Plan Width": 12, "Plans": [{"Node Type": "Hash Join", "Parent Relationship": "Outer", "Parallel Aware": true, "Join Type": "Inner", "Startup Cost": 43084.66, "Total Cost": 370608.58, "Plan Rows": 466982, "Plan Width": 12, "Inner Unique": true, "Hash Cond": "(orders.o_custkey = customer.c_custkey)", "Plans": [{"Node Type": "Seq Scan", "Parent Relationship": "Outer", "Parallel Aware": true, "Relation Name": "orders", "Alias": "orders", "Startup Cost": 0.0, "Total Cost": 321392.71, "Plan Rows": 2335687, "Plan Width": 16, "Filter": "(o_orderdate < '1995-03-03'::date)"}, {"Node Type": "Hash", "Parent Relationship": "Inner", "Parallel Aware": true, "Startup Cost": 41875.39, "Total Cost": 41875.39, "Plan Rows": 96742, "Plan Width": 4, "Plans": [{"Node Type": "Seq Scan", "Parent Relationship": "Outer", "Parallel Aware": true, "Relation Name": "customer", "Alias": "customer", "Startup Cost": 0.0, "Total Cost": 41875.39, "Plan Rows": 96742, "Plan Width": 4, "Filter": "(c_mktsegment = 'FURNITURE'::bpchar)"}]}]}]}]}]}]}]}]}]}]}}, {"Plan": {"Node Type": "Limit", "Parallel Aware": false, "Startup Cost": 2979166.9, "Total Cost": 2979166.93, "Plan Rows": 10, "Plan Width": 44, "Plans": [{"Node Type": "Sort", "Parent Relationship": "Outer", "Parallel Aware": false, "Startup Cost": 2979166.9, "Total Cost": 2987048.21, "Plan Rows": 3152523, "Plan Width": 44, "Sort Key": ["(sum((lineitem.l_extendedprice * ('1'::numeric - lineitem.l_discount)))) DESC", "orders.o_orderdate"], "Plans": [{"Node Type": "Aggregate", "Strategy": "Sorted", "Partial Mode": "Finalize", "Parent Relationship": "Outer", "Parallel Aware": false, "Startup Cost": 2444519.42, "Total Cost": 2911042.01, "Plan Rows": 3152523, "Plan Width": 44, "Group Key": ["lineitem.l_orderkey", "orders.o_orderdate", "orders.o_shippriority"], "Plans": [{"Node Type": "Gather Merge", "Parent Relationship": "Outer", "Parallel Aware": false, "Startup Cost": 2444519.42, "Total Cost": 2833500.11, "Plan Rows": 3050829, "Plan Width": 44, "Workers Planned": 3, "Plans": [{"Node Type": "Aggregate", "Strategy": "Sorted", "Partial Mode": "Partial", "Parent Relationship": "Outer", "Parallel Aware": false, "Startup Cost": 2443519.38, "Total Cost": 2474027.67, "Plan Rows": 1016943, "Plan Width": 44, "Group Key": ["lineitem.l_orderkey", "orders.o_orderdate", "orders.o_shippriority"], "Plans": [{"Node Type": "Sort", "Parent Relationship": "Outer", "Parallel Aware": false, "Startup Cost": 2443519.38, "Total Cost": 2446061.73, "Plan Rows": 1016943, "Plan Width": 24, "Sort Key": ["lineitem.l_orderkey", "orders.o_orderdate", "orders.o_shippriority"], "Plans": [{"Node Type": "Hash Join", "Parent Relationship": "Outer", "Parallel Aware": true, "Join Type": "Inner", "Startup Cost": 829138.48, "Total Cost": 2329833.83, "Plan Rows": 1016943, "Plan Width": 24, "Inner Unique": false, "Hash Cond": "(lineitem.l_orderkey = orders.o_orderkey)", "Plans": [{"Node Type": "Bitmap Heap Scan", "Parent Relationship": "Outer", "Parallel Aware": true, "Relation Name": "lineitem", "Alias": "lineitem", "Startup Cost": 391681.52, "Total Cost": 1744404.88, "Plan Rows": 10536677, "Plan Width": 16, "Recheck Cond": "(l_shipdate > '1995-03-03'::date)", "Plans": [{"Node Type": "Bitmap Index Scan", "Parent Relationship": "Outer", "Parallel Aware": false, "Index Name": "idx_lineitem_shipdate", "Startup Cost": 0.0, "Total Cost": 383515.6, "Plan Rows": 32663698, "Plan Width": 0, "Index Cond": "(l_shipdate > '1995-03-03'::date)"}]}, {"Node Type": "Hash", "Parent Relationship": "Inner", "Parallel Aware": true, "Startup Cost": 429338.69, "Total Cost": 429338.69, "Plan Rows": 466982, "Plan Width": 12, "Plans": [{"Node Type": "Hash Join", "Parent Relationship": "Outer", "Parallel Aware": true, "Join Type": "Inner", "Startup Cost": 133099.4, "Total Cost": 429338.69, "Plan Rows": 466982, "Plan Width": 12, "Inner Unique": true, "Hash Cond": "(orders.o_custkey = customer.c_custkey)", "Plans": [{"Node Type": "Bitmap Heap Scan", "Parent Relationship": "Outer", "Parallel Aware": true, "Relation Name": "orders", "Alias": "orders", "Startup Cost": 77986.61, "Total Cost": 368094.69, "Plan Rows": 2335687, "Plan Width": 16, "Recheck Cond": "(o_orderdate < '1995-03-03'::date)", "Plans": [{"Node Type": "Bitmap Index Scan", "Parent Relationship": "Outer", "Parallel Aware": false, "Index Name": "idx_orders_orderdate", "Startup Cost": 0.0, "Total Cost": 76176.45, "Plan Rows": 7240629, "Plan Width": 0, "Index Cond": "(o_orderdate < '1995-03-03'::date)"}]}, {"Node Type": "Hash", "Parent Relationship": "Inner", "Parallel Aware": true, "Startup Cost": 53903.52, "Total Cost": 53903.52, "Plan Rows": 96742, "Plan Width": 4, "Plans": [{"Node Type": "Index Scan", "Parent Relationship": "Outer", "Parallel Aware": true, "Scan Direction": "Forward", "Index Name": "customer_pkey", "Relation Name": "customer", "Alias": "customer", "Startup Cost": 0.43, "Total Cost": 53903.52, "Plan Rows": 96742, "Plan Width": 4, "Filter": "(c_mktsegment = 'FURNITURE'::bpchar)"}]}]}]}]}]}]}]}]}]}]}}, {"Plan": {"Node Type": "Limit", "Parallel Aware": false, "Startup Cost": 2979166.9, "Total Cost": 2979166.93, "Plan Rows": 10, "Plan Width": 44, "Plans": [{"Node Type": "Sort", "Parent Relationship": "Outer", "Parallel Aware": false, "Startup Cost": 2979166.9, "Total Cost": 2987048.21, "Plan Rows": 3152523, "Plan Width": 44, "Sort Key": ["(sum((lineitem.l_extendedprice * ('1'::numeric - lineitem.l_discount)))) DESC", "orders.o_orderdate"], "Plans": [{"Node Type": "Aggregate", "Strategy": "Sorted", "Partial Mode": "Finalize", "Parent Relationship": "Outer", "Parallel Aware": false, "Startup Cost": 2444519.42, "Total Cost": 2911042.01, "Plan Rows": 3152523, "Plan Width": 44, "Group Key": ["lineitem.l_orderkey", "orders.o_orderdate", "orders.o_shippriority"], "Plans": [{"Node Type": "Gather Merge", "Parent Relationship": "Outer", "Parallel Aware": false, "Startup Cost": 2444519.42, "Total Cost": 2833500.11, "Plan Rows": 3050829, "Plan Width": 44, "Workers Planned": 3, "Plans": [{"Node Type": "Aggregate", "Strategy": "Sorted", "Partial Mode": "Partial", "Parent Relationship": "Outer", "Parallel Aware": false, "Startup Cost": 2443519.38, "Total Cost": 2474027.67, "Plan Rows": 1016943, "Plan Width": 44, "Group Key": ["lineitem.l_orderkey", "orders.o_orderdate", "orders.o_shippriority"], "Plans": [{"Node Type": "Sort", "Parent Relationship": "Outer", "Parallel Aware": false, "Startup Cost": 2443519.38, "Total Cost": 2446061.73, "Plan Rows": 1016943, "Plan Width": 24, "Sort Key": ["lineitem.l_orderkey", "orders.o_orderdate", "orders.o_shippriority"], "Plans": [{"Node Type": "Hash Join", "Parent Relationship": "Outer", "Parallel Aware": true, "Join Type": "Inner", "Startup Cost": 829138.48, "Total Cost": 2329833.83, "Plan Rows": 1016943, "Plan Width": 24, "Inner Unique": false, "Hash Cond": "(lineitem.l_orderkey = orders.o_orderkey)", "Plans": [{"Node Type": "Bitmap Heap Scan", "Parent Relationship": "Outer", "Parallel Aware": true, "Relation Name": "lineitem", "Alias": "lineitem", "Startup Cost": 391681.52, "Total Cost": 1744404.88, "Plan Rows": 10536677, "Plan Width": 16, "Recheck Cond": "(l_shipdate > '1995-03-03'::date)", "Plans": [{"Node Type": "Bitmap Index Scan", "Parent Relationship": "Outer", "Parallel Aware": false, "Index Name": "idx_lineitem_shipdate", "Startup Cost": 0.0, "Total Cost": 383515.6, "Plan Rows": 32663698, "Plan Width": 0, "Index Cond": "(l_shipdate > '1995-03-03'::date)"}]}, {"Node Type": "Hash", "Parent Relationship": "Inner", "Parallel Aware": true, "Startup Cost": 429338.69, "Total Cost": 429338.69, "Plan Rows": 466982, "Plan Width": 12, "Plans": [{"Node Type": "Hash Join", "Parent Relationship": "Outer", "Parallel Aware": true, "Join Type": "Inner", "Startup Cost": 133099.4, "Total Cost": 429338.69, "Plan Rows": 466982, "Plan Width": 12, "Inner Unique": true, "Hash Cond": "(orders.o_custkey = customer.c_custkey)", "Plans": [{"Node Type": "Bitmap Heap Scan", "Parent Relationship": "Outer", "Parallel Aware": true, "Relation Name": "orders", "Alias": "orders", "Startup Cost": 77986.61, "Total Cost": 368094.69, "Plan Rows": 2335687, "Plan Width": 16, "Recheck Cond": "(o_orderdate < '1995-03-03'::date)", "Plans": [{"Node Type": "Bitmap Index Scan", "Parent Relationship": "Outer", "Parallel Aware": false, "Index Name": "idx_orders_orderdate", "Startup Cost": 0.0, "Total Cost": 76176.45, "Plan Rows": 7240629, "Plan Width": 0, "Index Cond": "(o_orderdate < '1995-03-03'::date)"}]}, {"Node Type": "Hash", "Parent Relationship": "Inner", "Parallel Aware": true, "Startup Cost": 53903.52, "Total Cost": 53903.52, "Plan Rows": 96742, "Plan Width": 4, "Plans": [{"Node Type": "Index Scan", "Parent Relationship": "Outer", "Parallel Aware": true, "Scan Direction": "Forward", "Index Name": "customer_pkey", "Relation Name": "customer", "Alias": "customer", "Startup Cost": 0.43, "Total Cost": 53903.52, "Plan Rows": 96742, "Plan Width": 4, "Filter": "(c_mktsegment = 'FURNITURE'::bpchar)"}]}]}]}]}]}]}]}]}]}]}}, {"Plan": {"Node Type": "Limit", "Parallel Aware": false, "Startup Cost": 1611520.5, "Total Cost": 1611520.53, "Plan Rows": 10, "Plan Width": 44, "Plans": [{"Node Type": "Sort", "Parent Relationship": "Outer", "Parallel Aware": false, "Startup Cost": 1611520.5, "Total Cost": 1619401.81, "Plan Rows": 3152523, "Plan Width": 44, "Sort Key": ["(sum((lineitem.l_extendedprice * ('1'::numeric - lineitem.l_discount)))) DESC", "orders.o_orderdate"], "Plans": [{"Node Type": "Aggregate", "Strategy": "Sorted", "Partial Mode": "Finalize", "Parent Relationship": "Outer", "Parallel Aware": false, "Startup Cost": 1076873.02, "Total Cost": 1543395.61, "Plan Rows": 3152523, "Plan Width": 44, "Group Key": ["lineitem.l_orderkey", "orders.o_orderdate", "orders.o_shippriority"], "Plans": [{"Node Type": "Gather Merge", "Parent Relationship": "Outer", "Parallel Aware": false, "Startup Cost": 1076873.02, "Total Cost": 1465853.71, "Plan Rows": 3050829, "Plan Width": 44, "Workers Planned": 3, "Plans": [{"Node Type": "Aggregate", "Strategy": "Sorted", "Partial Mode": "Partial", "Parent Relationship": "Outer", "Parallel Aware": false, "Startup Cost": 1075872.98, "Total Cost": 1106381.27, "Plan Rows": 1016943, "Plan Width": 44, "Group Key": ["lineitem.l_orderkey", "orders.o_orderdate", "orders.o_shippriority"], "Plans": [{"Node Type": "Sort", "Parent Relationship": "Outer", "Parallel Aware": false, "Startup Cost": 1075872.98, "Total Cost": 1078415.33, "Plan Rows": 1016943, "Plan Width": 24, "Sort Key": ["lineitem.l_orderkey", "orders.o_orderdate", "orders.o_shippriority"], "Plans": [{"Node Type": "Nested Loop", "Parent Relationship": "Outer", "Parallel Aware": false, "Join Type": "Inner", "Startup Cost": 1.43, "Total Cost": 962187.43, "Plan Rows": 1016943, "Plan Width": 24, "Inner Unique": false, "Plans": [{"Node Type": "Nested Loop", "Parent Relationship": "Outer", "Parallel Aware": false, "Join Type": "Inner", "Startup Cost": 0.86, "Total Cost": 245748.19, "Plan Rows": 466982, "Plan Width": 12, "Inner Unique": false, "Plans": [{"Node Type": "Index Scan", "Parent Relationship": "Outer", "Parallel Aware": true, "Scan Direction": "Forward", "Index Name": "customer_pkey", "Relation Name": "customer", "Alias": "customer", "Startup Cost": 0.43, "Total Cost": 53903.52, "Plan Rows": 96742, "Plan Width": 4, "Filter": "(c_mktsegment = 'FURNITURE'::bpchar)"}, {"Node Type": "Index Scan", "Parent Relationship": "Inner", "Parallel Aware": false, "Scan Direction": "Forward", "Index Name": "idx_orders_custkey", "Relation Name": "orders", "Alias": "orders", "Startup Cost": 0.43, "Total Cost": 1.9, "Plan Rows": 8, "Plan Width": 16, "Index Cond": "(o_custkey = customer.c_custkey)", "Filter": "(o_orderdate < '1995-03-03'::date)"}]}, {"Node Type": "Index Scan", "Parent Relationship": "Inner", "Parallel Aware": false, "Scan Direction": "Forward", "Index Name": "idx_lineitem_orderkey", "Relation Name": "lineitem", "Alias": "lineitem", "Startup Cost": 0.56, "Total Cost": 1.37, "Plan Rows": 16, "Plan Width": 16, "Index Cond": "(l_orderkey = orders.o_orderkey)", "Filter": "(l_shipdate > '1995-03-03'::date)"}]}]}]}]}]}]}]}}, {"Plan": {"Node Type": "Limit", "Parallel Aware": false, "Startup Cost": 1599492.37, "Total Cost": 1599492.4, "Plan Rows": 10, "Plan Width": 44, "Plans": [{"Node Type": "Sort", "Parent Relationship": "Outer", "Parallel Aware": false, "Startup Cost": 1599492.37, "Total Cost": 1607373.68, "Plan Rows": 3152523, "Plan Width": 44, "Sort Key": ["(sum((lineitem.l_extendedprice * ('1'::numeric - lineitem.l_discount)))) DESC", "orders.o_orderdate"], "Plans": [{"Node Type": "Aggregate", "Strategy": "Sorted", "Partial Mode": "Finalize", "Parent Relationship": "Outer", "Parallel Aware": false, "Startup Cost": 1064844.89, "Total Cost": 1531367.49, "Plan Rows": 3152523, "Plan Width": 44, "Group Key": ["lineitem.l_orderkey", "orders.o_orderdate", "orders.o_shippriority"], "Plans": [{"Node Type": "Gather Merge", "Parent Relationship": "Outer", "Parallel Aware": false, "Startup Cost": 1064844.89, "Total Cost": 1453825.59, "Plan Rows": 3050829, "Plan Width": 44, "Workers Planned": 3, "Plans": [{"Node Type": "Aggregate", "Strategy": "Sorted", "Partial Mode": "Partial", "Parent Relationship": "Outer", "Parallel Aware": false, "Startup Cost": 1063844.85, "Total Cost": 1094353.14, "Plan Rows": 1016943, "Plan Width": 44, "Group Key": ["lineitem.l_orderkey", "orders.o_orderdate", "orders.o_shippriority"], "Plans": [{"Node Type": "Sort", "Parent Relationship": "Outer", "Parallel Aware": false, "Startup Cost": 1063844.85, "Total Cost": 1066387.21, "Plan Rows": 1016943, "Plan Width": 24, "Sort Key": ["lineitem.l_orderkey", "orders.o_orderdate", "orders.o_shippriority"], "Plans": [{"Node Type": "Nested Loop", "Parent Relationship": "Outer", "Parallel Aware": false, "Join Type": "Inner", "Startup Cost": 1.0, "Total Cost": 950159.31, "Plan Rows": 1016943, "Plan Width": 24, "Inner Unique": false, "Plans": [{"Node Type": "Nested Loop", "Parent Relationship": "Outer", "Parallel Aware": false, "Join Type": "Inner", "Startup Cost": 0.43, "Total Cost": 233720.06, "Plan Rows": 466982, "Plan Width": 12, "Inner Unique": false, "Plans": [{"Node Type": "Seq Scan", "Parent Relationship": "Outer", "Parallel Aware": true, "Relation Name": "customer", "Alias": "customer", "Startup Cost": 0.0, "Total Cost": 41875.39, "Plan Rows": 96742, "Plan Width": 4, "Filter": "(c_mktsegment = 'FURNITURE'::bpchar)"}, {"Node Type": "Index Scan", "Parent Relationship": "Inner", "Parallel Aware": false, "Scan Direction": "Forward", "Index Name": "idx_orders_custkey", "Relation Name": "orders", "Alias": "orders", "Startup Cost": 0.43, "Total Cost": 1.9, "Plan Rows": 8, "Plan Width": 16, "Index Cond": "(o_custkey = customer.c_custkey)", "Filter": "(o_orderdate < '1995-03-03'::date)"}]}, {"Node Type": "Index Scan", "Parent Relationship": "Inner", "Parallel Aware": false, "Scan Direction": "Forward", "Index Name": "idx_lineitem_orderkey", "Relation Name": "lineitem", "Alias": "lineitem", "Startup Cost": 0.56, "Total Cost": 1.37, "Plan Rows": 16, "Plan Width": 16, "Index Cond": "(l_orderkey = orders.o_orderkey)", "Filter": "(l_shipdate > '1995-03-03'::date)"}]}]}]}]}]}]}]}}, {"Plan": {"Node Type": "Limit", "Parallel Aware": false, "Startup Cost": 2542452.05, "Total Cost": 2542452.07, "Plan Rows": 10, "Plan Width": 44, "Plans": [{"Node Type": "Sort", "Parent Relationship": "Outer", "Parallel Aware": false, "Startup Cost": 2542452.05, "Total Cost": 2550333.36, "Plan Rows": 3152523, "Plan Width": 44, "Sort Key": ["(sum((lineitem.l_extendedprice * ('1'::numeric - lineitem.l_discount)))) DESC", "orders.o_orderdate"], "Plans": [{"Node Type": "Aggregate", "Strategy": "Sorted", "Partial Mode": "Finalize", "Parent Relationship": "Outer", "Parallel Aware": false, "Startup Cost": 2007804.56, "Total Cost": 2474327.16, "Plan Rows": 3152523, "Plan Width": 44, "Group Key": ["lineitem.l_orderkey", "orders.o_orderdate", "orders.o_shippriority"], "Plans": [{"Node Type": "Gather Merge", "Parent Relationship": "Outer", "Parallel Aware": false, "Startup Cost": 2007804.56, "Total Cost": 2396785.26, "Plan Rows": 3050829, "Plan Width": 44, "Workers Planned": 3, "Plans": [{"Node Type": "Aggregate", "Strategy": "Sorted", "Partial Mode": "Partial", "Parent Relationship": "Outer", "Parallel Aware": false, "Startup Cost": 2006804.52, "Total Cost": 2037312.81, "Plan Rows": 1016943, "Plan Width": 44, "Group Key": ["lineitem.l_orderkey", "orders.o_orderdate", "orders.o_shippriority"], "Plans": [{"Node Type": "Sort", "Parent Relationship": "Outer", "Parallel Aware": false, "Startup Cost": 2006804.52, "Total Cost": 2009346.88, "Plan Rows": 1016943, "Plan Width": 24, "Sort Key": ["lineitem.l_orderkey", "orders.o_orderdate", "orders.o_shippriority"], "Plans": [{"Node Type": "Hash Join", "Parent Relationship": "Outer", "Parallel Aware": true, "Join Type": "Inner", "Startup Cost": 378726.85, "Total Cost": 1893118.98, "Plan Rows": 1016943, "Plan Width": 24, "Inner Unique": false, "Hash Cond": "(lineitem.l_orderkey = orders.o_orderkey)", "Plans": [{"Node Type": "Seq Scan", "Parent Relationship": "Outer", "Parallel Aware": true, "Relation Name": "lineitem", "Alias": "lineitem", "Startup Cost": 0.0, "Total Cost": 1366420.13, "Plan Rows": 10536677, "Plan Width": 16, "Filter": "(l_shipdate > '1995-03-03'::date)"}, {"Node Type": "Hash", "Parent Relationship": "Inner", "Parallel Aware": true, "Startup Cost": 370608.58, "Total Cost": 370608.58, "Plan Rows": 466982, "Plan Width": 12, "Plans": [{"Node Type": "Hash Join", "Parent Relationship": "Outer", "Parallel Aware": true, "Join Type": "Inner", "Startup Cost": 43084.66, "Total Cost": 370608.58, "Plan Rows": 466982, "Plan Width": 12, "Inner Unique": true, "Hash Cond": "(orders.o_custkey = customer.c_custkey)", "Plans": [{"Node Type": "Seq Scan", "Parent Relationship": "Outer", "Parallel Aware": true, "Relation Name": "orders", "Alias": "orders", "Startup Cost": 0.0, "Total Cost": 321392.71, "Plan Rows": 2335687, "Plan Width": 16, "Filter": "(o_orderdate < '1995-03-03'::date)"}, {"Node Type": "Hash", "Parent Relationship": "Inner", "Parallel Aware": true, "Startup Cost": 41875.39, "Total Cost": 41875.39, "Plan Rows": 96742, "Plan Width": 4, "Plans": [{"Node Type": "Seq Scan", "Parent Relationship": "Outer", "Parallel Aware": true, "Relation Name": "customer", "Alias": "customer", "Startup Cost": 0.0, "Total Cost": 41875.39, "Plan Rows": 96742, "Plan Width": 4, "Filter": "(c_mktsegment = 'FURNITURE'::bpchar)"}]}]}]}]}]}]}]}]}]}]}}, {"Plan": {"Node Type": "Limit", "Parallel Aware": false, "Startup Cost": 1611520.5, "Total Cost": 1611520.53, "Plan Rows": 10, "Plan Width": 44, "Plans": [{"Node Type": "Sort", "Parent Relationship": "Outer", "Parallel Aware": false, "Startup Cost": 1611520.5, "Total Cost": 1619401.81, "Plan Rows": 3152523, "Plan Width": 44, "Sort Key": ["(sum((lineitem.l_extendedprice * ('1'::numeric - lineitem.l_discount)))) DESC", "orders.o_orderdate"], "Plans": [{"Node Type": "Aggregate", "Strategy": "Sorted", "Partial Mode": "Finalize", "Parent Relationship": "Outer", "Parallel Aware": false, "Startup Cost": 1076873.02, "Total Cost": 1543395.61, "Plan Rows": 3152523, "Plan Width": 44, "Group Key": ["lineitem.l_orderkey", "orders.o_orderdate", "orders.o_shippriority"], "Plans": [{"Node Type": "Gather Merge", "Parent Relationship": "Outer", "Parallel Aware": false, "Startup Cost": 1076873.02, "Total Cost": 1465853.71, "Plan Rows": 3050829, "Plan Width": 44, "Workers Planned": 3, "Plans": [{"Node Type": "Aggregate", "Strategy": "Sorted", "Partial Mode": "Partial", "Parent Relationship": "Outer", "Parallel Aware": false, "Startup Cost": 1075872.98, "Total Cost": 1106381.27, "Plan Rows": 1016943, "Plan Width": 44, "Group Key": ["lineitem.l_orderkey", "orders.o_orderdate", "orders.o_shippriority"], "Plans": [{"Node Type": "Sort", "Parent Relationship": "Outer", "Parallel Aware": false, "Startup Cost": 1075872.98, "Total Cost": 1078415.33, "Plan Rows": 1016943, "Plan Width": 24, "Sort Key": ["lineitem.l_orderkey", "orders.o_orderdate", "orders.o_shippriority"], "Plans": [{"Node Type": "Nested Loop", "Parent Relationship": "Outer", "Parallel Aware": false, "Join Type": "Inner", "Startup Cost": 1.43, "Total Cost": 962187.43, "Plan Rows": 1016943, "Plan Width": 24, "Inner Unique": false, "Plans": [{"Node Type": "Nested Loop", "Parent Relationship": "Outer", "Parallel Aware": false, "Join Type": "Inner", "Startup Cost": 0.86, "Total Cost": 245748.19, "Plan Rows": 466982, "Plan Width": 12, "Inner Unique": false, "Plans": [{"Node Type": "Index Scan", "Parent Relationship": "Outer", "Parallel Aware": true, "Scan Direction": "Forward", "Index Name": "customer_pkey", "Relation Name": "customer", "Alias": "customer", "Startup Cost": 0.43, "Total Cost": 53903.52, "Plan Rows": 96742, "Plan Width": 4, "Filter": "(c_mktsegment = 'FURNITURE'::bpchar)"}, {"Node Type": "Index Scan", "Parent Relationship": "Inner", "Parallel Aware": false, "Scan Direction": "Forward", "Index Name": "idx_orders_custkey", "Relation Name": "orders", "Alias": "orders", "Startup Cost": 0.43, "Total Cost": 1.9, "Plan Rows": 8, "Plan Width": 16, "Index Cond": "(o_custkey = customer.c_custkey)", "Filter": "(o_orderdate < '1995-03-03'::date)"}]}, {"Node Type": "Index Scan", "Parent Relationship": "Inner", "Parallel Aware": false, "Scan Direction": "Forward", "Index Name": "idx_lineitem_orderkey", "Relation Name": "lineitem", "Alias": "lineitem", "Startup Cost": 0.56, "Total Cost": 1.37, "Plan Rows": 16, "Plan Width": 16, "Index Cond": "(l_orderkey = orders.o_orderkey)", "Filter": "(l_shipdate > '1995-03-03'::date)"}]}]}]}]}]}]}]}}, {"Plan": {"Node Type": "Limit", "Parallel Aware": false, "Startup Cost": 1599492.37, "Total Cost": 1599492.4, "Plan Rows": 10, "Plan Width": 44, "Plans": [{"Node Type": "Sort", "Parent Relationship": "Outer", "Parallel Aware": false, "Startup Cost": 1599492.37, "Total Cost": 1607373.68, "Plan Rows": 3152523, "Plan Width": 44, "Sort Key": ["(sum((lineitem.l_extendedprice * ('1'::numeric - lineitem.l_discount)))) DESC", "orders.o_orderdate"], "Plans": [{"Node Type": "Aggregate", "Strategy": "Sorted", "Partial Mode": "Finalize", "Parent Relationship": "Outer", "Parallel Aware": false, "Startup Cost": 1064844.89, "Total Cost": 1531367.49, "Plan Rows": 3152523, "Plan Width": 44, "Group Key": ["lineitem.l_orderkey", "orders.o_orderdate", "orders.o_shippriority"], "Plans": [{"Node Type": "Gather Merge", "Parent Relationship": "Outer", "Parallel Aware": false, "Startup Cost": 1064844.89, "Total Cost": 1453825.59, "Plan Rows": 3050829, "Plan Width": 44, "Workers Planned": 3, "Plans": [{"Node Type": "Aggregate", "Strategy": "Sorted", "Partial Mode": "Partial", "Parent Relationship": "Outer", "Parallel Aware": false, "Startup Cost": 1063844.85, "Total Cost": 1094353.14, "Plan Rows": 1016943, "Plan Width": 44, "Group Key": ["lineitem.l_orderkey", "orders.o_orderdate", "orders.o_shippriority"], "Plans": [{"Node Type": "Sort", "Parent Relationship": "Outer", "Parallel Aware": false, "Startup Cost": 1063844.85, "Total Cost": 1066387.21, "Plan Rows": 1016943, "Plan Width": 24, "Sort Key": ["lineitem.l_orderkey", "orders.o_orderdate", "orders.o_shippriority"], "Plans": [{"Node Type": "Nested Loop", "Parent Relationship": "Outer", "Parallel Aware": false, "Join Type": "Inner", "Startup Cost": 1.0, "Total Cost": 950159.31, "Plan Rows": 1016943, "Plan Width": 24, "Inner Unique": false, "Plans": [{"Node Type": "Nested Loop", "Parent Relationship": "Outer", "Parallel Aware": false, "Join Type": "Inner", "Startup Cost": 0.43, "Total Cost": 233720.06, "Plan Rows": 466982, "Plan Width": 12, "Inner Unique": false, "Plans": [{"Node Type": "Seq Scan", "Parent Relationship": "Outer", "Parallel Aware": true, "Relation Name": "customer", "Alias": "customer", "Startup Cost": 0.0, "Total Cost": 41875.39, "Plan Rows": 96742, "Plan Width": 4, "Filter": "(c_mktsegment = 'FURNITURE'::bpchar)"}, {"Node Type": "Index Scan", "Parent Relationship": "Inner", "Parallel Aware": false, "Scan Direction": "Forward", "Index Name": "idx_orders_custkey", "Relation Name": "orders", "Alias": "orders", "Startup Cost": 0.43, "Total Cost": 1.9, "Plan Rows": 8, "Plan Width": 16, "Index Cond": "(o_custkey = customer.c_custkey)", "Filter": "(o_orderdate < '1995-03-03'::date)"}]}, {"Node Type": "Index Scan", "Parent Relationship": "Inner", "Parallel Aware": false, "Scan Direction": "Forward", "Index Name": "idx_lineitem_orderkey", "Relation Name": "lineitem", "Alias": "lineitem", "Startup Cost": 0.56, "Total Cost": 1.37, "Plan Rows": 16, "Plan Width": 16, "Index Cond": "(l_orderkey = orders.o_orderkey)", "Filter": "(l_shipdate > '1995-03-03'::date)"}]}]}]}]}]}]}]}}, {"Plan": {"Node Type": "Limit", "Parallel Aware": false, "Startup Cost": 2542452.05, "Total Cost": 2542452.07, "Plan Rows": 10, "Plan Width": 44, "Plans": [{"Node Type": "Sort", "Parent Relationship": "Outer", "Parallel Aware": false, "Startup Cost": 2542452.05, "Total Cost": 2550333.36, "Plan Rows": 3152523, "Plan Width": 44, "Sort Key": ["(sum((lineitem.l_extendedprice * ('1'::numeric - lineitem.l_discount)))) DESC", "orders.o_orderdate"], "Plans": [{"Node Type": "Aggregate", "Strategy": "Sorted", "Partial Mode": "Finalize", "Parent Relationship": "Outer", "Parallel Aware": false, "Startup Cost": 2007804.56, "Total Cost": 2474327.16, "Plan Rows": 3152523, "Plan Width": 44, "Group Key": ["lineitem.l_orderkey", "orders.o_orderdate", "orders.o_shippriority"], "Plans": [{"Node Type": "Gather Merge", "Parent Relationship": "Outer", "Parallel Aware": false, "Startup Cost": 2007804.56, "Total Cost": 2396785.26, "Plan Rows": 3050829, "Plan Width": 44, "Workers Planned": 3, "Plans": [{"Node Type": "Aggregate", "Strategy": "Sorted", "Partial Mode": "Partial", "Parent Relationship": "Outer", "Parallel Aware": false, "Startup Cost": 2006804.52, "Total Cost": 2037312.81, "Plan Rows": 1016943, "Plan Width": 44, "Group Key": ["lineitem.l_orderkey", "orders.o_orderdate", "orders.o_shippriority"], "Plans": [{"Node Type": "Sort", "Parent Relationship": "Outer", "Parallel Aware": false, "Startup Cost": 2006804.52, "Total Cost": 2009346.88, "Plan Rows": 1016943, "Plan Width": 24, "Sort Key": ["lineitem.l_orderkey", "orders.o_orderdate", "orders.o_shippriority"], "Plans": [{"Node Type": "Hash Join", "Parent Relationship": "Outer", "Parallel Aware": true, "Join Type": "Inner", "Startup Cost": 378726.85, "Total Cost": 1893118.98, "Plan Rows": 1016943, "Plan Width": 24, "Inner Unique": false, "Hash Cond": "(lineitem.l_orderkey = orders.o_orderkey)", "Plans": [{"Node Type": "Seq Scan", "Parent Relationship": "Outer", "Parallel Aware": true, "Relation Name": "lineitem", "Alias": "lineitem", "Startup Cost": 0.0, "Total Cost": 1366420.13, "Plan Rows": 10536677, "Plan Width": 16, "Filter": "(l_shipdate > '1995-03-03'::date)"}, {"Node Type": "Hash", "Parent Relationship": "Inner", "Parallel Aware": true, "Startup Cost": 370608.58, "Total Cost": 370608.58, "Plan Rows": 466982, "Plan Width": 12, "Plans": [{"Node Type": "Hash Join", "Parent Relationship": "Outer", "Parallel Aware": true, "Join Type": "Inner", "Startup Cost": 43084.66, "Total Cost": 370608.58, "Plan Rows": 466982, "Plan Width": 12, "Inner Unique": true, "Hash Cond": "(orders.o_custkey = customer.c_custkey)", "Plans": [{"Node Type": "Seq Scan", "Parent Relationship": "Outer", "Parallel Aware": true, "Relation Name": "orders", "Alias": "orders", "Startup Cost": 0.0, "Total Cost": 321392.71, "Plan Rows": 2335687, "Plan Width": 16, "Filter": "(o_orderdate < '1995-03-03'::date)"}, {"Node Type": "Hash", "Parent Relationship": "Inner", "Parallel Aware": true, "Startup Cost": 41875.39, "Total Cost": 41875.39, "Plan Rows": 96742, "Plan Width": 4, "Plans": [{"Node Type": "Seq Scan", "Parent Relationship": "Outer", "Parallel Aware": true, "Relation Name": "customer", "Alias": "customer", "Startup Cost": 0.0, "Total Cost": 41875.39, "Plan Rows": 96742, "Plan Width": 4, "Filter": "(c_mktsegment = 'FURNITURE'::bpchar)"}]}]}]}]}]}]}]}]}]}]}}, {"Plan": {"Node Type": "Limit", "Parallel Aware": false, "Startup Cost": 2086320.34, "Total Cost": 2086320.37, "Plan Rows": 10, "Plan Width": 44, "Plans": [{"Node Type": "Sort", "Parent Relationship": "Outer", "Parallel Aware": false, "Startup Cost": 2086320.34, "Total Cost": 2094201.65, "Plan Rows": 3152523, "Plan Width": 44, "Sort Key": ["(sum((lineitem.l_extendedprice * ('1'::numeric - lineitem.l_discount)))) DESC", "orders.o_orderdate"], "Plans": [{"Node Type": "Aggregate", "Strategy": "Sorted", "Partial Mode": "Finalize", "Parent Relationship": "Outer", "Parallel Aware": false, "Startup Cost": 1551672.85, "Total Cost": 2018195.45, "Plan Rows": 3152523, "Plan Width": 44, "Group Key": ["lineitem.l_orderkey", "orders.o_orderdate", "orders.o_shippriority"], "Plans": [{"Node Type": "Gather Merge", "Parent Relationship": "Outer", "Parallel Aware": false, "Startup Cost": 1551672.85, "Total Cost": 1940653.55, "Plan Rows": 3050829, "Plan Width": 44, "Workers Planned": 3, "Plans": [{"Node Type": "Aggregate", "Strategy": "Sorted", "Partial Mode": "Partial", "Parent Relationship": "Outer", "Parallel Aware": false, "Startup Cost": 1550672.81, "Total Cost": 1581181.1, "Plan Rows": 1016943, "Plan Width": 44, "Group Key": ["lineitem.l_orderkey", "orders.o_orderdate", "orders.o_shippriority"], "Plans": [{"Node Type": "Sort", "Parent Relationship": "Outer", "Parallel Aware": false, "Startup Cost": 1550672.81, "Total Cost": 1553215.17, "Plan Rows": 1016943, "Plan Width": 24, "Sort Key": ["lineitem.l_orderkey", "orders.o_orderdate", "orders.o_shippriority"], "Plans": [{"Node Type": "Nested Loop", "Parent Relationship": "Outer", "Parallel Aware": false, "Join Type": "Inner", "Startup Cost": 1.55, "Total Cost": 1436987.27, "Plan Rows": 1016943, "Plan Width": 24, "Inner Unique": false, "Plans": [{"Node Type": "Nested Loop", "Parent Relationship": "Outer", "Parallel Aware": false, "Join Type": "Inner", "Startup Cost": 0.72, "Total Cost": 252101.4, "Plan Rows": 466982, "Plan Width": 12, "Inner Unique": false, "Plans": [{"Node Type": "Seq Scan", "Parent Relationship": "Outer", "Parallel Aware": true, "Relation Name": "customer", "Alias": "customer", "Startup Cost": 0.0, "Total Cost": 41875.39, "Plan Rows": 96742, "Plan Width": 4, "Filter": "(c_mktsegment = 'FURNITURE'::bpchar)"}, {"Node Type": "Bitmap Heap Scan", "Parent Relationship": "Inner", "Parallel Aware": false, "Relation Name": "orders", "Alias": "orders", "Startup Cost": 0.72, "Total Cost": 2.09, "Plan Rows": 8, "Plan Width": 16, "Recheck Cond": "(o_custkey = customer.c_custkey)", "Filter": "(o_orderdate < '1995-03-03'::date)", "Plans": [{"Node Type": "Bitmap Index Scan", "Parent Relationship": "Outer", "Parallel Aware": false, "Index Name": "idx_orders_custkey", "Startup Cost": 0.0, "Total Cost": 0.72, "Plan Rows": 18, "Plan Width": 0, "Index Cond": "(o_custkey = customer.c_custkey)"}]}]}, {"Node Type": "Bitmap Heap Scan", "Parent Relationship": "Inner", "Parallel Aware": false, "Relation Name": "lineitem", "Alias": "lineitem", "Startup Cost": 0.83, "Total Cost": 2.38, "Plan Rows": 16, "Plan Width": 16, "Recheck Cond": "(l_orderkey = orders.o_orderkey)", "Filter": "(l_shipdate > '1995-03-03'::date)", "Plans": [{"Node Type": "Bitmap Index Scan", "Parent Relationship": "Outer", "Parallel Aware": false, "Index Name": "lineitem_pkey", "Startup Cost": 0.0, "Total Cost": 0.82, "Plan Rows": 30, "Plan Width": 0, "Index Cond": "(l_orderkey = orders.o_orderkey)"}]}]}]}]}]}]}]}]}}, {"Plan": {"Node Type": "Limit", "Parallel Aware": false, "Startup Cost": 2542452.05, "Total Cost": 2542452.07, "Plan Rows": 10, "Plan Width": 44, "Plans": [{"Node Type": "Sort", "Parent Relationship": "Outer", "Parallel Aware": false, "Startup Cost": 2542452.05, "Total Cost": 2550333.36, "Plan Rows": 3152523, "Plan Width": 44, "Sort Key": ["(sum((lineitem.l_extendedprice * ('1'::numeric - lineitem.l_discount)))) DESC", "orders.o_orderdate"], "Plans": [{"Node Type": "Aggregate", "Strategy": "Sorted", "Partial Mode": "Finalize", "Parent Relationship": "Outer", "Parallel Aware": false, "Startup Cost": 2007804.56, "Total Cost": 2474327.16, "Plan Rows": 3152523, "Plan Width": 44, "Group Key": ["lineitem.l_orderkey", "orders.o_orderdate", "orders.o_shippriority"], "Plans": [{"Node Type": "Gather Merge", "Parent Relationship": "Outer", "Parallel Aware": false, "Startup Cost": 2007804.56, "Total Cost": 2396785.26, "Plan Rows": 3050829, "Plan Width": 44, "Workers Planned": 3, "Plans": [{"Node Type": "Aggregate", "Strategy": "Sorted", "Partial Mode": "Partial", "Parent Relationship": "Outer", "Parallel Aware": false, "Startup Cost": 2006804.52, "Total Cost": 2037312.81, "Plan Rows": 1016943, "Plan Width": 44, "Group Key": ["lineitem.l_orderkey", "orders.o_orderdate", "orders.o_shippriority"], "Plans": [{"Node Type": "Sort", "Parent Relationship": "Outer", "Parallel Aware": false, "Startup Cost": 2006804.52, "Total Cost": 2009346.88, "Plan Rows": 1016943, "Plan Width": 24, "Sort Key": ["lineitem.l_orderkey", "orders.o_orderdate", "orders.o_shippriority"], "Plans": [{"Node Type": "Hash Join", "Parent Relationship": "Outer", "Parallel Aware": true, "Join Type": "Inner", "Startup Cost": 378726.85, "Total Cost": 1893118.98, "Plan Rows": 1016943, "Plan Width": 24, "Inner Unique": false, "Hash Cond": "(lineitem.l_orderkey = orders.o_orderkey)", "Plans": [{"Node Type": "Seq Scan", "Parent Relationship": "Outer", "Parallel Aware": true, "Relation Name": "lineitem", "Alias": "lineitem", "Startup Cost": 0.0, "Total Cost": 1366420.13, "Plan Rows": 10536677, "Plan Width": 16, "Filter": "(l_shipdate > '1995-03-03'::date)"}, {"Node Type": "Hash", "Parent Relationship": "Inner", "Parallel Aware": true, "Startup Cost": 370608.58, "Total Cost": 370608.58, "Plan Rows": 466982, "Plan Width": 12, "Plans": [{"Node Type": "Hash Join", "Parent Relationship": "Outer", "Parallel Aware": true, "Join Type": "Inner", "Startup Cost": 43084.66, "Total Cost": 370608.58, "Plan Rows": 466982, "Plan Width": 12, "Inner Unique": true, "Hash Cond": "(orders.o_custkey = customer.c_custkey)", "Plans": [{"Node Type": "Seq Scan", "Parent Relationship": "Outer", "Parallel Aware": true, "Relation Name": "orders", "Alias": "orders", "Startup Cost": 0.0, "Total Cost": 321392.71, "Plan Rows": 2335687, "Plan Width": 16, "Filter": "(o_orderdate < '1995-03-03'::date)"}, {"Node Type": "Hash", "Parent Relationship": "Inner", "Parallel Aware": true, "Startup Cost": 41875.39, "Total Cost": 41875.39, "Plan Rows": 96742, "Plan Width": 4, "Plans": [{"Node Type": "Seq Scan", "Parent Relationship": "Outer", "Parallel Aware": true, "Relation Name": "customer", "Alias": "customer", "Startup Cost": 0.0, "Total Cost": 41875.39, "Plan Rows": 96742, "Plan Width": 4, "Filter": "(c_mktsegment = 'FURNITURE'::bpchar)"}]}]}]}]}]}]}]}]}]}]}}, {"Plan": {"Node Type": "Limit", "Parallel Aware": false, "Startup Cost": 2086320.34, "Total Cost": 2086320.37, "Plan Rows": 10, "Plan Width": 44, "Plans": [{"Node Type": "Sort", "Parent Relationship": "Outer", "Parallel Aware": false, "Startup Cost": 2086320.34, "Total Cost": 2094201.65, "Plan Rows": 3152523, "Plan Width": 44, "Sort Key": ["(sum((lineitem.l_extendedprice * ('1'::numeric - lineitem.l_discount)))) DESC", "orders.o_orderdate"], "Plans": [{"Node Type": "Aggregate", "Strategy": "Sorted", "Partial Mode": "Finalize", "Parent Relationship": "Outer", "Parallel Aware": false, "Startup Cost": 1551672.85, "Total Cost": 2018195.45, "Plan Rows": 3152523, "Plan Width": 44, "Group Key": ["lineitem.l_orderkey", "orders.o_orderdate", "orders.o_shippriority"], "Plans": [{"Node Type": "Gather Merge", "Parent Relationship": "Outer", "Parallel Aware": false, "Startup Cost": 1551672.85, "Total Cost": 1940653.55, "Plan Rows": 3050829, "Plan Width": 44, "Workers Planned": 3, "Plans": [{"Node Type": "Aggregate", "Strategy": "Sorted", "Partial Mode": "Partial", "Parent Relationship": "Outer", "Parallel Aware": false, "Startup Cost": 1550672.81, "Total Cost": 1581181.1, "Plan Rows": 1016943, "Plan Width": 44, "Group Key": ["lineitem.l_orderkey", "orders.o_orderdate", "orders.o_shippriority"], "Plans": [{"Node Type": "Sort", "Parent Relationship": "Outer", "Parallel Aware": false, "Startup Cost": 1550672.81, "Total Cost": 1553215.17, "Plan Rows": 1016943, "Plan Width": 24, "Sort Key": ["lineitem.l_orderkey", "orders.o_orderdate", "orders.o_shippriority"], "Plans": [{"Node Type": "Nested Loop", "Parent Relationship": "Outer", "Parallel Aware": false, "Join Type": "Inner", "Startup Cost": 1.55, "Total Cost": 1436987.27, "Plan Rows": 1016943, "Plan Width": 24, "Inner Unique": false, "Plans": [{"Node Type": "Nested Loop", "Parent Relationship": "Outer", "Parallel Aware": false, "Join Type": "Inner", "Startup Cost": 0.72, "Total Cost": 252101.4, "Plan Rows": 466982, "Plan Width": 12, "Inner Unique": false, "Plans": [{"Node Type": "Seq Scan", "Parent Relationship": "Outer", "Parallel Aware": true, "Relation Name": "customer", "Alias": "customer", "Startup Cost": 0.0, "Total Cost": 41875.39, "Plan Rows": 96742, "Plan Width": 4, "Filter": "(c_mktsegment = 'FURNITURE'::bpchar)"}, {"Node Type": "Bitmap Heap Scan", "Parent Relationship": "Inner", "Parallel Aware": false, "Relation Name": "orders", "Alias": "orders", "Startup Cost": 0.72, "Total Cost": 2.09, "Plan Rows": 8, "Plan Width": 16, "Recheck Cond": "(o_custkey = customer.c_custkey)", "Filter": "(o_orderdate < '1995-03-03'::date)", "Plans": [{"Node Type": "Bitmap Index Scan", "Parent Relationship": "Outer", "Parallel Aware": false, "Index Name": "idx_orders_custkey", "Startup Cost": 0.0, "Total Cost": 0.72, "Plan Rows": 18, "Plan Width": 0, "Index Cond": "(o_custkey = customer.c_custkey)"}]}]}, {"Node Type": "Bitmap Heap Scan", "Parent Relationship": "Inner", "Parallel Aware": false, "Relation Name": "lineitem", "Alias": "lineitem", "Startup Cost": 0.83, "Total Cost": 2.38, "Plan Rows": 16, "Plan Width": 16, "Recheck Cond": "(l_orderkey = orders.o_orderkey)", "Filter": "(l_shipdate > '1995-03-03'::date)", "Plans": [{"Node Type": "Bitmap Index Scan", "Parent Relationship": "Outer", "Parallel Aware": false, "Index Name": "lineitem_pkey", "Startup Cost": 0.0, "Total Cost": 0.82, "Plan Rows": 30, "Plan Width": 0, "Index Cond": "(l_orderkey = orders.o_orderkey)"}]}]}]}]}]}]}]}]}}, {"Plan": {"Node Type": "Limit", "Parallel Aware": false, "Startup Cost": 2542452.05, "Total Cost": 2542452.07, "Plan Rows": 10, "Plan Width": 44, "Plans": [{"Node Type": "Sort", "Parent Relationship": "Outer", "Parallel Aware": false, "Startup Cost": 2542452.05, "Total Cost": 2550333.36, "Plan Rows": 3152523, "Plan Width": 44, "Sort Key": ["(sum((lineitem.l_extendedprice * ('1'::numeric - lineitem.l_discount)))) DESC", "orders.o_orderdate"], "Plans": [{"Node Type": "Aggregate", "Strategy": "Sorted", "Partial Mode": "Finalize", "Parent Relationship": "Outer", "Parallel Aware": false, "Startup Cost": 2007804.56, "Total Cost": 2474327.16, "Plan Rows": 3152523, "Plan Width": 44, "Group Key": ["lineitem.l_orderkey", "orders.o_orderdate", "orders.o_shippriority"], "Plans": [{"Node Type": "Gather Merge", "Parent Relationship": "Outer", "Parallel Aware": false, "Startup Cost": 2007804.56, "Total Cost": 2396785.26, "Plan Rows": 3050829, "Plan Width": 44, "Workers Planned": 3, "Plans": [{"Node Type": "Aggregate", "Strategy": "Sorted", "Partial Mode": "Partial", "Parent Relationship": "Outer", "Parallel Aware": false, "Startup Cost": 2006804.52, "Total Cost": 2037312.81, "Plan Rows": 1016943, "Plan Width": 44, "Group Key": ["lineitem.l_orderkey", "orders.o_orderdate", "orders.o_shippriority"], "Plans": [{"Node Type": "Sort", "Parent Relationship": "Outer", "Parallel Aware": false, "Startup Cost": 2006804.52, "Total Cost": 2009346.88, "Plan Rows": 1016943, "Plan Width": 24, "Sort Key": ["lineitem.l_orderkey", "orders.o_orderdate", "orders.o_shippriority"], "Plans": [{"Node Type": "Hash Join", "Parent Relationship": "Outer", "Parallel Aware": true, "Join Type": "Inner", "Startup Cost": 378726.85, "Total Cost": 1893118.98, "Plan Rows": 1016943, "Plan Width": 24, "Inner Unique": false, "Hash Cond": "(lineitem.l_orderkey = orders.o_orderkey)", "Plans": [{"Node Type": "Seq Scan", "Parent Relationship": "Outer", "Parallel Aware": true, "Relation Name": "lineitem", "Alias": "lineitem", "Startup Cost": 0.0, "Total Cost": 1366420.13, "Plan Rows": 10536677, "Plan Width": 16, "Filter": "(l_shipdate > '1995-03-03'::date)"}, {"Node Type": "Hash", "Parent Relationship": "Inner", "Parallel Aware": true, "Startup Cost": 370608.58, "Total Cost": 370608.58, "Plan Rows": 466982, "Plan Width": 12, "Plans": [{"Node Type": "Hash Join", "Parent Relationship": "Outer", "Parallel Aware": true, "Join Type": "Inner", "Startup Cost": 43084.66, "Total Cost": 370608.58, "Plan Rows": 466982, "Plan Width": 12, "Inner Unique": true, "Hash Cond": "(orders.o_custkey = customer.c_custkey)", "Plans": [{"Node Type": "Seq Scan", "Parent Relationship": "Outer", "Parallel Aware": true, "Relation Name": "orders", "Alias": "orders", "Startup Cost": 0.0, "Total Cost": 321392.71, "Plan Rows": 2335687, "Plan Width": 16, "Filter": "(o_orderdate < '1995-03-03'::date)"}, {"Node Type": "Hash", "Parent Relationship": "Inner", "Parallel Aware": true, "Startup Cost": 41875.39, "Total Cost": 41875.39, "Plan Rows": 96742, "Plan Width": 4, "Plans": [{"Node Type": "Seq Scan", "Parent Relationship": "Outer", "Parallel Aware": true, "Relation Name": "customer", "Alias": "customer", "Startup Cost": 0.0, "Total Cost": 41875.39, "Plan Rows": 96742, "Plan Width": 4, "Filter": "(c_mktsegment = 'FURNITURE'::bpchar)"}]}]}]}]}]}]}]}]}]}]}}, {"Plan": {"Node Type": "Limit", "Parallel Aware": false, "Startup Cost": 3401517.52, "Total Cost": 3401517.54, "Plan Rows": 10, "Plan Width": 44, "Plans": [{"Node Type": "Sort", "Parent Relationship": "Outer", "Parallel Aware": false, "Startup Cost": 3401517.52, "Total Cost": 3409398.82, "Plan Rows": 3152523, "Plan Width": 44, "Sort Key": ["(sum((lineitem.l_extendedprice * ('1'::numeric - lineitem.l_discount)))) DESC", "orders.o_orderdate"], "Plans": [{"Node Type": "Aggregate", "Strategy": "Sorted", "Partial Mode": "Finalize", "Parent Relationship": "Outer", "Parallel Aware": false, "Startup Cost": 2866870.03, "Total Cost": 3333392.63, "Plan Rows": 3152523, "Plan Width": 44, "Group Key": ["lineitem.l_orderkey", "orders.o_orderdate", "orders.o_shippriority"], "Plans": [{"Node Type": "Gather Merge", "Parent Relationship": "Outer", "Parallel Aware": false, "Startup Cost": 2866870.03, "Total Cost": 3255850.73, "Plan Rows": 3050829, "Plan Width": 44, "Workers Planned": 3, "Plans": [{"Node Type": "Aggregate", "Strategy": "Sorted", "Partial Mode": "Partial", "Parent Relationship": "Outer", "Parallel Aware": false, "Startup Cost": 2865869.99, "Total Cost": 2896378.28, "Plan Rows": 1016943, "Plan Width": 44, "Group Key": ["lineitem.l_orderkey", "orders.o_orderdate", "orders.o_shippriority"], "Plans": [{"Node Type": "Sort", "Parent Relationship": "Outer", "Parallel Aware": false, "Startup Cost": 2865869.99, "Total Cost": 2868412.35, "Plan Rows": 1016943, "Plan Width": 24, "Sort Key": ["lineitem.l_orderkey", "orders.o_orderdate", "orders.o_shippriority"], "Plans": [{"Node Type": "Merge Join", "Parent Relationship": "Outer", "Parallel Aware": false, "Join Type": "Inner", "Startup Cost": 857394.49, "Total Cost": 2752184.45, "Plan Rows": 1016943, "Plan Width": 24, "Inner Unique": false, "Merge Cond": "(lineitem.l_orderkey = orders.o_orderkey)", "Plans": [{"Node Type": "Index Scan", "Parent Relationship": "Outer", "Parallel Aware": true, "Scan Direction": "Forward", "Index Name": "idx_lineitem_orderkey", "Relation Name": "lineitem", "Alias": "lineitem", "Startup Cost": 0.56, "Total Cost": 1847467.97, "Plan Rows": 10536677, "Plan Width": 16, "Filter": "(l_shipdate > '1995-03-03'::date)"}, {"Node Type": "Materialize", "Parent Relationship": "Inner", "Parallel Aware": false, "Startup Cost": 857348.04, "Total Cost": 864586.26, "Plan Rows": 1447643, "Plan Width": 12, "Plans": [{"Node Type": "Sort", "Parent Relationship": "Outer", "Parallel Aware": false, "Startup Cost": 857348.04, "Total Cost": 860967.15, "Plan Rows": 1447643, "Plan Width": 12, "Sort Key": ["orders.o_orderkey"], "Plans": [{"Node Type": "Merge Join", "Parent Relationship": "Outer", "Parallel Aware": false, "Join Type": "Inner", "Startup Cost": 4.76, "Total Cost": 694724.54, "Plan Rows": 1447643, "Plan Width": 12, "Inner Unique": false, "Merge Cond": "(customer.c_custkey = orders.o_custkey)", "Plans": [{"Node Type": "Index Scan", "Parent Relationship": "Outer", "Parallel Aware": false, "Scan Direction": "Forward", "Index Name": "customer_pkey", "Relation Name": "customer", "Alias": "customer", "Startup Cost": 0.43, "Total Cost": 66605.13, "Plan Rows": 299900, "Plan Width": 4, "Filter": "(c_mktsegment = 'FURNITURE'::bpchar)"}, {"Node Type": "Index Scan", "Parent Relationship": "Inner", "Parallel Aware": false, "Scan Direction": "Forward", "Index Name": "idx_orders_custkey", "Relation Name": "orders", "Alias": "orders", "Startup Cost": 0.43, "Total Cost": 594792.33, "Plan Rows": 7240629, "Plan Width": 16, "Filter": "(o_orderdate < '1995-03-03'::date)"}]}]}]}]}]}]}]}]}]}]}}, {"Plan": {"Node Type": "Limit", "Parallel Aware": false, "Startup Cost": 1611520.5, "Total Cost": 1611520.53, "Plan Rows": 10, "Plan Width": 44, "Plans": [{"Node Type": "Sort", "Parent Relationship": "Outer", "Parallel Aware": false, "Startup Cost": 1611520.5, "Total Cost": 1619401.81, "Plan Rows": 3152523, "Plan Width": 44, "Sort Key": ["(sum((lineitem.l_extendedprice * ('1'::numeric - lineitem.l_discount)))) DESC", "orders.o_orderdate"], "Plans": [{"Node Type": "Aggregate", "Strategy": "Sorted", "Partial Mode": "Finalize", "Parent Relationship": "Outer", "Parallel Aware": false, "Startup Cost": 1076873.02, "Total Cost": 1543395.61, "Plan Rows": 3152523, "Plan Width": 44, "Group Key": ["lineitem.l_orderkey", "orders.o_orderdate", "orders.o_shippriority"], "Plans": [{"Node Type": "Gather Merge", "Parent Relationship": "Outer", "Parallel Aware": false, "Startup Cost": 1076873.02, "Total Cost": 1465853.71, "Plan Rows": 3050829, "Plan Width": 44, "Workers Planned": 3, "Plans": [{"Node Type": "Aggregate", "Strategy": "Sorted", "Partial Mode": "Partial", "Parent Relationship": "Outer", "Parallel Aware": false, "Startup Cost": 1075872.98, "Total Cost": 1106381.27, "Plan Rows": 1016943, "Plan Width": 44, "Group Key": ["lineitem.l_orderkey", "orders.o_orderdate", "orders.o_shippriority"], "Plans": [{"Node Type": "Sort", "Parent Relationship": "Outer", "Parallel Aware": false, "Startup Cost": 1075872.98, "Total Cost": 1078415.33, "Plan Rows": 1016943, "Plan Width": 24, "Sort Key": ["lineitem.l_orderkey", "orders.o_orderdate", "orders.o_shippriority"], "Plans": [{"Node Type": "Nested Loop", "Parent Relationship": "Outer", "Parallel Aware": false, "Join Type": "Inner", "Startup Cost": 1.43, "Total Cost": 962187.43, "Plan Rows": 1016943, "Plan Width": 24, "Inner Unique": false, "Plans": [{"Node Type": "Nested Loop", "Parent Relationship": "Outer", "Parallel Aware": false, "Join Type": "Inner", "Startup Cost": 0.86, "Total Cost": 245748.19, "Plan Rows": 466982, "Plan Width": 12, "Inner Unique": false, "Plans": [{"Node Type": "Index Scan", "Parent Relationship": "Outer", "Parallel Aware": true, "Scan Direction": "Forward", "Index Name": "customer_pkey", "Relation Name": "customer", "Alias": "customer", "Startup Cost": 0.43, "Total Cost": 53903.52, "Plan Rows": 96742, "Plan Width": 4, "Filter": "(c_mktsegment = 'FURNITURE'::bpchar)"}, {"Node Type": "Index Scan", "Parent Relationship": "Inner", "Parallel Aware": false, "Scan Direction": "Forward", "Index Name": "idx_orders_custkey", "Relation Name": "orders", "Alias": "orders", "Startup Cost": 0.43, "Total Cost": 1.9, "Plan Rows": 8, "Plan Width": 16, "Index Cond": "(o_custkey = customer.c_custkey)", "Filter": "(o_orderdate < '1995-03-03'::date)"}]}, {"Node Type": "Index Scan", "Parent Relationship": "Inner", "Parallel Aware": false, "Scan Direction": "Forward", "Index Name": "idx_lineitem_orderkey", "Relation Name": "lineitem", "Alias": "lineitem", "Startup Cost": 0.56, "Total Cost": 1.37, "Plan Rows": 16, "Plan Width": 16, "Index Cond": "(l_orderkey = orders.o_orderkey)", "Filter": "(l_shipdate > '1995-03-03'::date)"}]}]}]}]}]}]}]}}, {"Plan": {"Node Type": "Limit", "Parallel Aware": false, "Startup Cost": 1599492.37, "Total Cost": 1599492.4, "Plan Rows": 10, "Plan Width": 44, "Plans": [{"Node Type": "Sort", "Parent Relationship": "Outer", "Parallel Aware": false, "Startup Cost": 1599492.37, "Total Cost": 1607373.68, "Plan Rows": 3152523, "Plan Width": 44, "Sort Key": ["(sum((lineitem.l_extendedprice * ('1'::numeric - lineitem.l_discount)))) DESC", "orders.o_orderdate"], "Plans": [{"Node Type": "Aggregate", "Strategy": "Sorted", "Partial Mode": "Finalize", "Parent Relationship": "Outer", "Parallel Aware": false, "Startup Cost": 1064844.89, "Total Cost": 1531367.49, "Plan Rows": 3152523, "Plan Width": 44, "Group Key": ["lineitem.l_orderkey", "orders.o_orderdate", "orders.o_shippriority"], "Plans": [{"Node Type": "Gather Merge", "Parent Relationship": "Outer", "Parallel Aware": false, "Startup Cost": 1064844.89, "Total Cost": 1453825.59, "Plan Rows": 3050829, "Plan Width": 44, "Workers Planned": 3, "Plans": [{"Node Type": "Aggregate", "Strategy": "Sorted", "Partial Mode": "Partial", "Parent Relationship": "Outer", "Parallel Aware": false, "Startup Cost": 1063844.85, "Total Cost": 1094353.14, "Plan Rows": 1016943, "Plan Width": 44, "Group Key": ["lineitem.l_orderkey", "orders.o_orderdate", "orders.o_shippriority"], "Plans": [{"Node Type": "Sort", "Parent Relationship": "Outer", "Parallel Aware": false, "Startup Cost": 1063844.85, "Total Cost": 1066387.21, "Plan Rows": 1016943, "Plan Width": 24, "Sort Key": ["lineitem.l_orderkey", "orders.o_orderdate", "orders.o_shippriority"], "Plans": [{"Node Type": "Nested Loop", "Parent Relationship": "Outer", "Parallel Aware": false, "Join Type": "Inner", "Startup Cost": 1.0, "Total Cost": 950159.31, "Plan Rows": 1016943, "Plan Width": 24, "Inner Unique": false, "Plans": [{"Node Type": "Nested Loop", "Parent Relationship": "Outer", "Parallel Aware": false, "Join Type": "Inner", "Startup Cost": 0.43, "Total Cost": 233720.06, "Plan Rows": 466982, "Plan Width": 12, "Inner Unique": false, "Plans": [{"Node Type": "Seq Scan", "Parent Relationship": "Outer", "Parallel Aware": true, "Relation Name": "customer", "Alias": "customer", "Startup Cost": 0.0, "Total Cost": 41875.39, "Plan Rows": 96742, "Plan Width": 4, "Filter": "(c_mktsegment = 'FURNITURE'::bpchar)"}, {"Node Type": "Index Scan", "Parent Relationship": "Inner", "Parallel Aware": false, "Scan Direction": "Forward", "Index Name": "idx_orders_custkey", "Relation Name": "orders", "Alias": "orders", "Startup Cost": 0.43, "Total Cost": 1.9, "Plan Rows": 8, "Plan Width": 16, "Index Cond": "(o_custkey = customer.c_custkey)", "Filter": "(o_orderdate < '1995-03-03'::date)"}]}, {"Node Type": "Index Scan", "Parent Relationship": "Inner", "Parallel Aware": false, "Scan Direction": "Forward", "Index Name": "idx_lineitem_orderkey", "Relation Name": "lineitem", "Alias": "lineitem", "Startup Cost": 0.56, "Total Cost": 1.37, "Plan Rows": 16, "Plan Width": 16, "Index Cond": "(l_orderkey = orders.o_orderkey)", "Filter": "(l_shipdate > '1995-03-03'::date)"}]}]}]}]}]}]}]}}, {"Plan": {"Node Type": "Limit", "Parallel Aware": false, "Startup Cost": 3401517.52, "Total Cost": 3401517.54, "Plan Rows": 10, "Plan Width": 44, "Plans": [{"Node Type": "Sort", "Parent Relationship": "Outer", "Parallel Aware": false, "Startup Cost": 3401517.52, "Total Cost": 3409398.82, "Plan Rows": 3152523, "Plan Width": 44, "Sort Key": ["(sum((lineitem.l_extendedprice * ('1'::numeric - lineitem.l_discount)))) DESC", "orders.o_orderdate"], "Plans": [{"Node Type": "Aggregate", "Strategy": "Sorted", "Partial Mode": "Finalize", "Parent Relationship": "Outer", "Parallel Aware": false, "Startup Cost": 2866870.03, "Total Cost": 3333392.63, "Plan Rows": 3152523, "Plan Width": 44, "Group Key": ["lineitem.l_orderkey", "orders.o_orderdate", "orders.o_shippriority"], "Plans": [{"Node Type": "Gather Merge", "Parent Relationship": "Outer", "Parallel Aware": false, "Startup Cost": 2866870.03, "Total Cost": 3255850.73, "Plan Rows": 3050829, "Plan Width": 44, "Workers Planned": 3, "Plans": [{"Node Type": "Aggregate", "Strategy": "Sorted", "Partial Mode": "Partial", "Parent Relationship": "Outer", "Parallel Aware": false, "Startup Cost": 2865869.99, "Total Cost": 2896378.28, "Plan Rows": 1016943, "Plan Width": 44, "Group Key": ["lineitem.l_orderkey", "orders.o_orderdate", "orders.o_shippriority"], "Plans": [{"Node Type": "Sort", "Parent Relationship": "Outer", "Parallel Aware": false, "Startup Cost": 2865869.99, "Total Cost": 2868412.35, "Plan Rows": 1016943, "Plan Width": 24, "Sort Key": ["lineitem.l_orderkey", "orders.o_orderdate", "orders.o_shippriority"], "Plans": [{"Node Type": "Merge Join", "Parent Relationship": "Outer", "Parallel Aware": false, "Join Type": "Inner", "Startup Cost": 857394.49, "Total Cost": 2752184.45, "Plan Rows": 1016943, "Plan Width": 24, "Inner Unique": false, "Merge Cond": "(lineitem.l_orderkey = orders.o_orderkey)", "Plans": [{"Node Type": "Index Scan", "Parent Relationship": "Outer", "Parallel Aware": true, "Scan Direction": "Forward", "Index Name": "idx_lineitem_orderkey", "Relation Name": "lineitem", "Alias": "lineitem", "Startup Cost": 0.56, "Total Cost": 1847467.97, "Plan Rows": 10536677, "Plan Width": 16, "Filter": "(l_shipdate > '1995-03-03'::date)"}, {"Node Type": "Materialize", "Parent Relationship": "Inner", "Parallel Aware": false, "Startup Cost": 857348.04, "Total Cost": 864586.26, "Plan Rows": 1447643, "Plan Width": 12, "Plans": [{"Node Type": "Sort", "Parent Relationship": "Outer", "Parallel Aware": false, "Startup Cost": 857348.04, "Total Cost": 860967.15, "Plan Rows": 1447643, "Plan Width": 12, "Sort Key": ["orders.o_orderkey"], "Plans": [{"Node Type": "Merge Join", "Parent Relationship": "Outer", "Parallel Aware": false, "Join Type": "Inner", "Startup Cost": 4.76, "Total Cost": 694724.54, "Plan Rows": 1447643, "Plan Width": 12, "Inner Unique": false, "Merge Cond": "(customer.c_custkey = orders.o_custkey)", "Plans": [{"Node Type": "Index Scan", "Parent Relationship": "Outer", "Parallel Aware": false, "Scan Direction": "Forward", "Index Name": "customer_pkey", "Relation Name": "customer", "Alias": "customer", "Startup Cost": 0.43, "Total Cost": 66605.13, "Plan Rows": 299900, "Plan Width": 4, "Filter": "(c_mktsegment = 'FURNITURE'::bpchar)"}, {"Node Type": "Index Scan", "Parent Relationship": "Inner", "Parallel Aware": false, "Scan Direction": "Forward", "Index Name": "idx_orders_custkey", "Relation Name": "orders", "Alias": "orders", "Startup Cost": 0.43, "Total Cost": 594792.33, "Plan Rows": 7240629, "Plan Width": 16, "Filter": "(o_orderdate < '1995-03-03'::date)"}]}]}]}]}]}]}]}]}]}]}}, {"Plan": {"Node Type": "Limit", "Parallel Aware": false, "Startup Cost": 1611520.5, "Total Cost": 1611520.53, "Plan Rows": 10, "Plan Width": 44, "Plans": [{"Node Type": "Sort", "Parent Relationship": "Outer", "Parallel Aware": false, "Startup Cost": 1611520.5, "Total Cost": 1619401.81, "Plan Rows": 3152523, "Plan Width": 44, "Sort Key": ["(sum((lineitem.l_extendedprice * ('1'::numeric - lineitem.l_discount)))) DESC", "orders.o_orderdate"], "Plans": [{"Node Type": "Aggregate", "Strategy": "Sorted", "Partial Mode": "Finalize", "Parent Relationship": "Outer", "Parallel Aware": false, "Startup Cost": 1076873.02, "Total Cost": 1543395.61, "Plan Rows": 3152523, "Plan Width": 44, "Group Key": ["lineitem.l_orderkey", "orders.o_orderdate", "orders.o_shippriority"], "Plans": [{"Node Type": "Gather Merge", "Parent Relationship": "Outer", "Parallel Aware": false, "Startup Cost": 1076873.02, "Total Cost": 1465853.71, "Plan Rows": 3050829, "Plan Width": 44, "Workers Planned": 3, "Plans": [{"Node Type": "Aggregate", "Strategy": "Sorted", "Partial Mode": "Partial", "Parent Relationship": "Outer", "Parallel Aware": false, "Startup Cost": 1075872.98, "Total Cost": 1106381.27, "Plan Rows": 1016943, "Plan Width": 44, "Group Key": ["lineitem.l_orderkey", "orders.o_orderdate", "orders.o_shippriority"], "Plans": [{"Node Type": "Sort", "Parent Relationship": "Outer", "Parallel Aware": false, "Startup Cost": 1075872.98, "Total Cost": 1078415.33, "Plan Rows": 1016943, "Plan Width": 24, "Sort Key": ["lineitem.l_orderkey", "orders.o_orderdate", "orders.o_shippriority"], "Plans": [{"Node Type": "Nested Loop", "Parent Relationship": "Outer", "Parallel Aware": false, "Join Type": "Inner", "Startup Cost": 1.43, "Total Cost": 962187.43, "Plan Rows": 1016943, "Plan Width": 24, "Inner Unique": false, "Plans": [{"Node Type": "Nested Loop", "Parent Relationship": "Outer", "Parallel Aware": false, "Join Type": "Inner", "Startup Cost": 0.86, "Total Cost": 245748.19, "Plan Rows": 466982, "Plan Width": 12, "Inner Unique": false, "Plans": [{"Node Type": "Index Scan", "Parent Relationship": "Outer", "Parallel Aware": true, "Scan Direction": "Forward", "Index Name": "customer_pkey", "Relation Name": "customer", "Alias": "customer", "Startup Cost": 0.43, "Total Cost": 53903.52, "Plan Rows": 96742, "Plan Width": 4, "Filter": "(c_mktsegment = 'FURNITURE'::bpchar)"}, {"Node Type": "Index Scan", "Parent Relationship": "Inner", "Parallel Aware": false, "Scan Direction": "Forward", "Index Name": "idx_orders_custkey", "Relation Name": "orders", "Alias": "orders", "Startup Cost": 0.43, "Total Cost": 1.9, "Plan Rows": 8, "Plan Width": 16, "Index Cond": "(o_custkey = customer.c_custkey)", "Filter": "(o_orderdate < '1995-03-03'::date)"}]}, {"Node Type": "Index Scan", "Parent Relationship": "Inner", "Parallel Aware": false, "Scan Direction": "Forward", "Index Name": "idx_lineitem_orderkey", "Relation Name": "lineitem", "Alias": "lineitem", "Startup Cost": 0.56, "Total Cost": 1.37, "Plan Rows": 16, "Plan Width": 16, "Index Cond": "(l_orderkey = orders.o_orderkey)", "Filter": "(l_shipdate > '1995-03-03'::date)"}]}]}]}]}]}]}]}}, {"Plan": {"Node Type": "Limit", "Parallel Aware": false, "Startup Cost": 1599492.37, "Total Cost": 1599492.4, "Plan Rows": 10, "Plan Width": 44, "Plans": [{"Node Type": "Sort", "Parent Relationship": "Outer", "Parallel Aware": false, "Startup Cost": 1599492.37, "Total Cost": 1607373.68, "Plan Rows": 3152523, "Plan Width": 44, "Sort Key": ["(sum((lineitem.l_extendedprice * ('1'::numeric - lineitem.l_discount)))) DESC", "orders.o_orderdate"], "Plans": [{"Node Type": "Aggregate", "Strategy": "Sorted", "Partial Mode": "Finalize", "Parent Relationship": "Outer", "Parallel Aware": false, "Startup Cost": 1064844.89, "Total Cost": 1531367.49, "Plan Rows": 3152523, "Plan Width": 44, "Group Key": ["lineitem.l_orderkey", "orders.o_orderdate", "orders.o_shippriority"], "Plans": [{"Node Type": "Gather Merge", "Parent Relationship": "Outer", "Parallel Aware": false, "Startup Cost": 1064844.89, "Total Cost": 1453825.59, "Plan Rows": 3050829, "Plan Width": 44, "Workers Planned": 3, "Plans": [{"Node Type": "Aggregate", "Strategy": "Sorted", "Partial Mode": "Partial", "Parent Relationship": "Outer", "Parallel Aware": false, "Startup Cost": 1063844.85, "Total Cost": 1094353.14, "Plan Rows": 1016943, "Plan Width": 44, "Group Key": ["lineitem.l_orderkey", "orders.o_orderdate", "orders.o_shippriority"], "Plans": [{"Node Type": "Sort", "Parent Relationship": "Outer", "Parallel Aware": false, "Startup Cost": 1063844.85, "Total Cost": 1066387.21, "Plan Rows": 1016943, "Plan Width": 24, "Sort Key": ["lineitem.l_orderkey", "orders.o_orderdate", "orders.o_shippriority"], "Plans": [{"Node Type": "Nested Loop", "Parent Relationship": "Outer", "Parallel Aware": false, "Join Type": "Inner", "Startup Cost": 1.0, "Total Cost": 950159.31, "Plan Rows": 1016943, "Plan Width": 24, "Inner Unique": false, "Plans": [{"Node Type": "Nested Loop", "Parent Relationship": "Outer", "Parallel Aware": false, "Join Type": "Inner", "Startup Cost": 0.43, "Total Cost": 233720.06, "Plan Rows": 466982, "Plan Width": 12, "Inner Unique": false, "Plans": [{"Node Type": "Seq Scan", "Parent Relationship": "Outer", "Parallel Aware": true, "Relation Name": "customer", "Alias": "customer", "Startup Cost": 0.0, "Total Cost": 41875.39, "Plan Rows": 96742, "Plan Width": 4, "Filter": "(c_mktsegment = 'FURNITURE'::bpchar)"}, {"Node Type": "Index Scan", "Parent Relationship": "Inner", "Parallel Aware": false, "Scan Direction": "Forward", "Index Name": "idx_orders_custkey", "Relation Name": "orders", "Alias": "orders", "Startup Cost": 0.43, "Total Cost": 1.9, "Plan Rows": 8, "Plan Width": 16, "Index Cond": "(o_custkey = customer.c_custkey)", "Filter": "(o_orderdate < '1995-03-03'::date)"}]}, {"Node Type": "Index Scan", "Parent Relationship": "Inner", "Parallel Aware": false, "Scan Direction": "Forward", "Index Name": "idx_lineitem_orderkey", "Relation Name": "lineitem", "Alias": "lineitem", "Startup Cost": 0.56, "Total Cost": 1.37, "Plan Rows": 16, "Plan Width": 16, "Index Cond": "(l_orderkey = orders.o_orderkey)", "Filter": "(l_shipdate > '1995-03-03'::date)"}]}]}]}]}]}]}]}}, {"Plan": {"Node Type": "Limit", "Parallel Aware": false, "Startup Cost": 10009316727.27, "Total Cost": 10009316727.3, "Plan Rows": 10, "Plan Width": 44, "Plans": [{"Node Type": "Sort", "Parent Relationship": "Outer", "Parallel Aware": false, "Startup Cost": 10009316727.27, "Total Cost": 10009324608.58, "Plan Rows": 3152523, "Plan Width": 44, "Sort Key": ["(sum((lineitem.l_extendedprice * ('1'::numeric - lineitem.l_discount)))) DESC", "orders.o_orderdate"], "Plans": [{"Node Type": "Aggregate", "Strategy": "Sorted", "Partial Mode": "Simple", "Parent Relationship": "Outer", "Parallel Aware": false, "Startup Cost": 10009154026.69, "Total Cost": 10009248602.38, "Plan Rows": 3152523, "Plan Width": 44, "Group Key": ["lineitem.l_orderkey", "orders.o_orderdate", "orders.o_shippriority"], "Plans": [{"Node Type": "Sort", "Parent Relationship": "Outer", "Parallel Aware": false, "Startup Cost": 10009154026.69, "Total Cost": 10009161908.0, "Plan Rows": 3152523, "Plan Width": 24, "Sort Key": ["lineitem.l_orderkey", "orders.o_orderdate", "orders.o_shippriority"], "Plans": [{"Node Type": "Merge Join", "Parent Relationship": "Outer", "Parallel Aware": false, "Join Type": "Inner", "Startup Cost": 10008561653.15, "Total Cost": 10008775874.57, "Plan Rows": 3152523, "Plan Width": 24, "Inner Unique": false, "Merge Cond": "(lineitem.l_orderkey = orders.o_orderkey)", "Plans": [{"Node Type": "Sort", "Parent Relationship": "Outer", "Parallel Aware": false, "Startup Cost": 6954121.82, "Total Cost": 7035781.07, "Plan Rows": 32663698, "Plan Width": 16, "Sort Key": ["lineitem.l_orderkey"], "Plans": [{"Node Type": "Bitmap Heap Scan", "Parent Relationship": "Outer", "Parallel Aware": false, "Relation Name": "lineitem", "Alias": "lineitem", "Startup Cost": 391681.52, "Total Cost": 2223585.71, "Plan Rows": 32663698, "Plan Width": 16, "Recheck Cond": "(l_shipdate > '1995-03-03'::date)", "Plans": [{"Node Type": "Bitmap Index Scan", "Parent Relationship": "Outer", "Parallel Aware": false, "Index Name": "idx_lineitem_shipdate", "Startup Cost": 0.0, "Total Cost": 383515.6, "Plan Rows": 32663698, "Plan Width": 0, "Index Cond": "(l_shipdate > '1995-03-03'::date)"}]}]}, {"Node Type": "Materialize", "Parent Relationship": "Inner", "Parallel Aware": false, "Startup Cost": 10001607527.32, "Total Cost": 10001614765.54, "Plan Rows": 1447643, "Plan Width": 12, "Plans": [{"Node Type": "Sort", "Parent Relationship": "Outer", "Parallel Aware": false, "Startup Cost": 10001607527.32, "Total Cost": 10001611146.43, "Plan Rows": 1447643, "Plan Width": 12, "Sort Key": ["orders.o_orderkey"], "Plans": [{"Node Type": "Merge Join", "Parent Relationship": "Outer", "Parallel Aware": false, "Join Type": "Inner", "Startup Cost": 10001326870.69, "Total Cost": 10001444903.82, "Plan Rows": 1447643, "Plan Width": 12, "Inner Unique": true, "Merge Cond": "(orders.o_custkey = customer.c_custkey)", "Plans": [{"Node Type": "Sort", "Parent Relationship": "Outer", "Parallel Aware": false, "Startup Cost": 1326870.04, "Total Cost": 1344971.61, "Plan Rows": 7240629, "Plan Width": 16, "Sort Key": ["orders.o_custkey"], "Plans": [{"Node Type": "Bitmap Heap Scan", "Parent Relationship": "Outer", "Parallel Aware": false, "Relation Name": "orders", "Alias": "orders", "Startup Cost": 77986.61, "Total Cost": 429406.47, "Plan Rows": 7240629, "Plan Width": 16, "Recheck Cond": "(o_orderdate < '1995-03-03'::date)", "Plans": [{"Node Type": "Bitmap Index Scan", "Parent Relationship": "Outer", "Parallel Aware": false, "Index Name": "idx_orders_orderdate", "Startup Cost": 0.0, "Total Cost": 76176.45, "Plan Rows": 7240629, "Plan Width": 0, "Index Cond": "(o_orderdate < '1995-03-03'::date)"}]}]}, {"Node Type": "Index Scan", "Parent Relationship": "Inner", "Parallel Aware": false, "Scan Direction": "Forward", "Index Name": "customer_pkey", "Relation Name": "customer", "Alias": "customer", "Startup Cost": 10000000000.43, "Total Cost": 10000066605.13, "Plan Rows": 299900, "Plan Width": 4, "Filter": "(c_mktsegment = 'FURNITURE'::bpchar)"}]}]}]}]}]}]}]}]}}, {"Plan": {"Node Type": "Limit", "Parallel Aware": false, "Startup Cost": 5824670.69, "Total Cost": 5824670.72, "Plan Rows": 10, "Plan Width": 44, "Plans": [{"Node Type": "Sort", "Parent Relationship": "Outer", "Parallel Aware": false, "Startup Cost": 5824670.69, "Total Cost": 5832552.0, "Plan Rows": 3152523, "Plan Width": 44, "Sort Key": ["(sum((lineitem.l_extendedprice * ('1'::numeric - lineitem.l_discount)))) DESC", "orders.o_orderdate"], "Plans": [{"Node Type": "Aggregate", "Strategy": "Sorted", "Partial Mode": "Finalize", "Parent Relationship": "Outer", "Parallel Aware": false, "Startup Cost": 5290023.21, "Total Cost": 5756545.81, "Plan Rows": 3152523, "Plan Width": 44, "Group Key": ["lineitem.l_orderkey", "orders.o_orderdate", "orders.o_shippriority"], "Plans": [{"Node Type": "Gather Merge", "Parent Relationship": "Outer", "Parallel Aware": false, "Startup Cost": 5290023.21, "Total Cost": 5679003.91, "Plan Rows": 3050829, "Plan Width": 44, "Workers Planned": 3, "Plans": [{"Node Type": "Aggregate", "Strategy": "Sorted", "Partial Mode": "Partial", "Parent Relationship": "Outer", "Parallel Aware": false, "Startup Cost": 5289023.17, "Total Cost": 5319531.46, "Plan Rows": 1016943, "Plan Width": 44, "Group Key": ["lineitem.l_orderkey", "orders.o_orderdate", "orders.o_shippriority"], "Plans": [{"Node Type": "Sort", "Parent Relationship": "Outer", "Parallel Aware": false, "Startup Cost": 5289023.17, "Total Cost": 5291565.53, "Plan Rows": 1016943, "Plan Width": 24, "Sort Key": ["lineitem.l_orderkey", "orders.o_orderdate", "orders.o_shippriority"], "Plans": [{"Node Type": "Nested Loop", "Parent Relationship": "Outer", "Parallel Aware": false, "Join Type": "Inner", "Startup Cost": 77987.87, "Total Cost": 5175337.63, "Plan Rows": 1016943, "Plan Width": 24, "Inner Unique": false, "Plans": [{"Node Type": "Nested Loop", "Parent Relationship": "Outer", "Parallel Aware": false, "Join Type": "Inner", "Startup Cost": 77987.05, "Total Cost": 3990451.75, "Plan Rows": 466982, "Plan Width": 12, "Inner Unique": true, "Plans": [{"Node Type": "Bitmap Heap Scan", "Parent Relationship": "Outer", "Parallel Aware": true, "Relation Name": "orders", "Alias": "orders", "Startup Cost": 77986.61, "Total Cost": 368094.69, "Plan Rows": 2335687, "Plan Width": 16, "Recheck Cond": "(o_orderdate < '1995-03-03'::date)", "Plans": [{"Node Type": "Bitmap Index Scan", "Parent Relationship": "Outer", "Parallel Aware": false, "Index Name": "idx_orders_orderdate", "Startup Cost": 0.0, "Total Cost": 76176.45, "Plan Rows": 7240629, "Plan Width": 0, "Index Cond": "(o_orderdate < '1995-03-03'::date)"}]}, {"Node Type": "Bitmap Heap Scan", "Parent Relationship": "Inner", "Parallel Aware": false, "Relation Name": "customer", "Alias": "customer", "Startup Cost": 0.44, "Total Cost": 1.55, "Plan Rows": 1, "Plan Width": 4, "Recheck Cond": "(c_custkey = orders.o_custkey)", "Filter": "(c_mktsegment = 'FURNITURE'::bpchar)", "Plans": [{"Node Type": "Bitmap Index Scan", "Parent Relationship": "Outer", "Parallel Aware": false, "Index Name": "customer_pkey", "Startup Cost": 0.0, "Total Cost": 0.44, "Plan Rows": 1, "Plan Width": 0, "Index Cond": "(c_custkey = orders.o_custkey)"}]}]}, {"Node Type": "Bitmap Heap Scan", "Parent Relationship": "Inner", "Parallel Aware": false, "Relation Name": "lineitem", "Alias": "lineitem", "Startup Cost": 0.83, "Total Cost": 2.38, "Plan Rows": 16, "Plan Width": 16, "Recheck Cond": "(l_orderkey = orders.o_orderkey)", "Filter": "(l_shipdate > '1995-03-03'::date)", "Plans": [{"Node Type": "Bitmap Index Scan", "Parent Relationship": "Outer", "Parallel Aware": false, "Index Name": "lineitem_pkey", "Startup Cost": 0.0, "Total Cost": 0.82, "Plan Rows": 30, "Plan Width": 0, "Index Cond": "(l_orderkey = orders.o_orderkey)"}]}]}]}]}]}]}]}]}}, {"Plan": {"Node Type": "Limit", "Parallel Aware": false, "Startup Cost": 2086320.34, "Total Cost": 2086320.37, "Plan Rows": 10, "Plan Width": 44, "Plans": [{"Node Type": "Sort", "Parent Relationship": "Outer", "Parallel Aware": false, "Startup Cost": 2086320.34, "Total Cost": 2094201.65, "Plan Rows": 3152523, "Plan Width": 44, "Sort Key": ["(sum((lineitem.l_extendedprice * ('1'::numeric - lineitem.l_discount)))) DESC", "orders.o_orderdate"], "Plans": [{"Node Type": "Aggregate", "Strategy": "Sorted", "Partial Mode": "Finalize", "Parent Relationship": "Outer", "Parallel Aware": false, "Startup Cost": 1551672.85, "Total Cost": 2018195.45, "Plan Rows": 3152523, "Plan Width": 44, "Group Key": ["lineitem.l_orderkey", "orders.o_orderdate", "orders.o_shippriority"], "Plans": [{"Node Type": "Gather Merge", "Parent Relationship": "Outer", "Parallel Aware": false, "Startup Cost": 1551672.85, "Total Cost": 1940653.55, "Plan Rows": 3050829, "Plan Width": 44, "Workers Planned": 3, "Plans": [{"Node Type": "Aggregate", "Strategy": "Sorted", "Partial Mode": "Partial", "Parent Relationship": "Outer", "Parallel Aware": false, "Startup Cost": 1550672.81, "Total Cost": 1581181.1, "Plan Rows": 1016943, "Plan Width": 44, "Group Key": ["lineitem.l_orderkey", "orders.o_orderdate", "orders.o_shippriority"], "Plans": [{"Node Type": "Sort", "Parent Relationship": "Outer", "Parallel Aware": false, "Startup Cost": 1550672.81, "Total Cost": 1553215.17, "Plan Rows": 1016943, "Plan Width": 24, "Sort Key": ["lineitem.l_orderkey", "orders.o_orderdate", "orders.o_shippriority"], "Plans": [{"Node Type": "Nested Loop", "Parent Relationship": "Outer", "Parallel Aware": false, "Join Type": "Inner", "Startup Cost": 1.55, "Total Cost": 1436987.27, "Plan Rows": 1016943, "Plan Width": 24, "Inner Unique": false, "Plans": [{"Node Type": "Nested Loop", "Parent Relationship": "Outer", "Parallel Aware": false, "Join Type": "Inner", "Startup Cost": 0.72, "Total Cost": 252101.4, "Plan Rows": 466982, "Plan Width": 12, "Inner Unique": false, "Plans": [{"Node Type": "Seq Scan", "Parent Relationship": "Outer", "Parallel Aware": true, "Relation Name": "customer", "Alias": "customer", "Startup Cost": 0.0, "Total Cost": 41875.39, "Plan Rows": 96742, "Plan Width": 4, "Filter": "(c_mktsegment = 'FURNITURE'::bpchar)"}, {"Node Type": "Bitmap Heap Scan", "Parent Relationship": "Inner", "Parallel Aware": false, "Relation Name": "orders", "Alias": "orders", "Startup Cost": 0.72, "Total Cost": 2.09, "Plan Rows": 8, "Plan Width": 16, "Recheck Cond": "(o_custkey = customer.c_custkey)", "Filter": "(o_orderdate < '1995-03-03'::date)", "Plans": [{"Node Type": "Bitmap Index Scan", "Parent Relationship": "Outer", "Parallel Aware": false, "Index Name": "idx_orders_custkey", "Startup Cost": 0.0, "Total Cost": 0.72, "Plan Rows": 18, "Plan Width": 0, "Index Cond": "(o_custkey = customer.c_custkey)"}]}]}, {"Node Type": "Bitmap Heap Scan", "Parent Relationship": "Inner", "Parallel Aware": false, "Relation Name": "lineitem", "Alias": "lineitem", "Startup Cost": 0.83, "Total Cost": 2.38, "Plan Rows": 16, "Plan Width": 16, "Recheck Cond": "(l_orderkey = orders.o_orderkey)", "Filter": "(l_shipdate > '1995-03-03'::date)", "Plans": [{"Node Type": "Bitmap Index Scan", "Parent Relationship": "Outer", "Parallel Aware": false, "Index Name": "lineitem_pkey", "Startup Cost": 0.0, "Total Cost": 0.82, "Plan Rows": 30, "Plan Width": 0, "Index Cond": "(l_orderkey = orders.o_orderkey)"}]}]}]}]}]}]}]}]}}, {"Plan": {"Node Type": "Limit", "Parallel Aware": false, "Startup Cost": 5047511.75, "Total Cost": 5047511.78, "Plan Rows": 10, "Plan Width": 44, "Plans": [{"Node Type": "Sort", "Parent Relationship": "Outer", "Parallel Aware": false, "Startup Cost": 5047511.75, "Total Cost": 5055393.06, "Plan Rows": 3152523, "Plan Width": 44, "Sort Key": ["(sum((lineitem.l_extendedprice * ('1'::numeric - lineitem.l_discount)))) DESC", "orders.o_orderdate"], "Plans": [{"Node Type": "Aggregate", "Strategy": "Sorted", "Partial Mode": "Finalize", "Parent Relationship": "Outer", "Parallel Aware": false, "Startup Cost": 4512864.27, "Total Cost": 4979386.87, "Plan Rows": 3152523, "Plan Width": 44, "Group Key": ["lineitem.l_orderkey", "orders.o_orderdate", "orders.o_shippriority"], "Plans": [{"Node Type": "Gather Merge", "Parent Relationship": "Outer", "Parallel Aware": false, "Startup Cost": 4512864.27, "Total Cost": 4901844.97, "Plan Rows": 3050829, "Plan Width": 44, "Workers Planned": 3, "Plans": [{"Node Type": "Aggregate", "Strategy": "Sorted", "Partial Mode": "Partial", "Parent Relationship": "Outer", "Parallel Aware": false, "Startup Cost": 4511864.23, "Total Cost": 4542372.52, "Plan Rows": 1016943, "Plan Width": 44, "Group Key": ["lineitem.l_orderkey", "orders.o_orderdate", "orders.o_shippriority"], "Plans": [{"Node Type": "Sort", "Parent Relationship": "Outer", "Parallel Aware": false, "Startup Cost": 4511864.23, "Total Cost": 4514406.59, "Plan Rows": 1016943, "Plan Width": 24, "Sort Key": ["lineitem.l_orderkey", "orders.o_orderdate", "orders.o_shippriority"], "Plans": [{"Node Type": "Merge Join", "Parent Relationship": "Outer", "Parallel Aware": false, "Join Type": "Inner", "Startup Cost": 4324469.85, "Total Cost": 4398178.69, "Plan Rows": 1016943, "Plan Width": 24, "Inner Unique": false, "Merge Cond": "(lineitem.l_orderkey = orders.o_orderkey)", "Plans": [{"Node Type": "Sort", "Parent Relationship": "Outer", "Parallel Aware": false, "Startup Cost": 2700936.87, "Total Cost": 2727278.57, "Plan Rows": 10536677, "Plan Width": 16, "Sort Key": ["lineitem.l_orderkey"], "Plans": [{"Node Type": "Seq Scan", "Parent Relationship": "Outer", "Parallel Aware": true, "Relation Name": "lineitem", "Alias": "lineitem", "Startup Cost": 0.0, "Total Cost": 1366420.13, "Plan Rows": 10536677, "Plan Width": 16, "Filter": "(l_shipdate > '1995-03-03'::date)"}]}, {"Node Type": "Materialize", "Parent Relationship": "Inner", "Parallel Aware": false, "Startup Cost": 1623531.69, "Total Cost": 1630769.9, "Plan Rows": 1447643, "Plan Width": 12, "Plans": [{"Node Type": "Sort", "Parent Relationship": "Outer", "Parallel Aware": false, "Startup Cost": 1623531.69, "Total Cost": 1627150.8, "Plan Rows": 1447643, "Plan Width": 12, "Sort Key": ["orders.o_orderkey"], "Plans": [{"Node Type": "Merge Join", "Parent Relationship": "Outer", "Parallel Aware": false, "Join Type": "Inner", "Startup Cost": 1408729.35, "Total Cost": 1460908.18, "Plan Rows": 1447643, "Plan Width": 12, "Inner Unique": true, "Merge Cond": "(orders.o_custkey = customer.c_custkey)", "Plans": [{"Node Type": "Sort", "Parent Relationship": "Outer", "Parallel Aware": false, "Startup Cost": 1326870.04, "Total Cost": 1344971.61, "Plan Rows": 7240629, "Plan Width": 16, "Sort Key": ["orders.o_custkey"], "Plans": [{"Node Type": "Bitmap Heap Scan", "Parent Relationship": "Outer", "Parallel Aware": false, "Relation Name": "orders", "Alias": "orders", "Startup Cost": 77986.61, "Total Cost": 429406.47, "Plan Rows": 7240629, "Plan Width": 16, "Recheck Cond": "(o_orderdate < '1995-03-03'::date)", "Plans": [{"Node Type": "Bitmap Index Scan", "Parent Relationship": "Outer", "Parallel Aware": false, "Index Name": "idx_orders_orderdate", "Startup Cost": 0.0, "Total Cost": 76176.45, "Plan Rows": 7240629, "Plan Width": 0, "Index Cond": "(o_orderdate < '1995-03-03'::date)"}]}]}, {"Node Type": "Sort", "Parent Relationship": "Inner", "Parallel Aware": false, "Startup Cost": 81859.09, "Total Cost": 82608.84, "Plan Rows": 299900, "Plan Width": 4, "Sort Key": ["customer.c_custkey"], "Plans": [{"Node Type": "Seq Scan", "Parent Relationship": "Outer", "Parallel Aware": false, "Relation Name": "customer", "Alias": "customer", "Startup Cost": 0.0, "Total Cost": 54577.0, "Plan Rows": 299900, "Plan Width": 4, "Filter": "(c_mktsegment = 'FURNITURE'::bpchar)"}]}]}]}]}]}]}]}]}]}]}]}}, {"Plan": {"Node Type": "Limit", "Parallel Aware": false, "Startup Cost": 5824670.69, "Total Cost": 5824670.72, "Plan Rows": 10, "Plan Width": 44, "Plans": [{"Node Type": "Sort", "Parent Relationship": "Outer", "Parallel Aware": false, "Startup Cost": 5824670.69, "Total Cost": 5832552.0, "Plan Rows": 3152523, "Plan Width": 44, "Sort Key": ["(sum((lineitem.l_extendedprice * ('1'::numeric - lineitem.l_discount)))) DESC", "orders.o_orderdate"], "Plans": [{"Node Type": "Aggregate", "Strategy": "Sorted", "Partial Mode": "Finalize", "Parent Relationship": "Outer", "Parallel Aware": false, "Startup Cost": 5290023.21, "Total Cost": 5756545.81, "Plan Rows": 3152523, "Plan Width": 44, "Group Key": ["lineitem.l_orderkey", "orders.o_orderdate", "orders.o_shippriority"], "Plans": [{"Node Type": "Gather Merge", "Parent Relationship": "Outer", "Parallel Aware": false, "Startup Cost": 5290023.21, "Total Cost": 5679003.91, "Plan Rows": 3050829, "Plan Width": 44, "Workers Planned": 3, "Plans": [{"Node Type": "Aggregate", "Strategy": "Sorted", "Partial Mode": "Partial", "Parent Relationship": "Outer", "Parallel Aware": false, "Startup Cost": 5289023.17, "Total Cost": 5319531.46, "Plan Rows": 1016943, "Plan Width": 44, "Group Key": ["lineitem.l_orderkey", "orders.o_orderdate", "orders.o_shippriority"], "Plans": [{"Node Type": "Sort", "Parent Relationship": "Outer", "Parallel Aware": false, "Startup Cost": 5289023.17, "Total Cost": 5291565.53, "Plan Rows": 1016943, "Plan Width": 24, "Sort Key": ["lineitem.l_orderkey", "orders.o_orderdate", "orders.o_shippriority"], "Plans": [{"Node Type": "Nested Loop", "Parent Relationship": "Outer", "Parallel Aware": false, "Join Type": "Inner", "Startup Cost": 77987.87, "Total Cost": 5175337.63, "Plan Rows": 1016943, "Plan Width": 24, "Inner Unique": false, "Plans": [{"Node Type": "Nested Loop", "Parent Relationship": "Outer", "Parallel Aware": false, "Join Type": "Inner", "Startup Cost": 77987.05, "Total Cost": 3990451.75, "Plan Rows": 466982, "Plan Width": 12, "Inner Unique": true, "Plans": [{"Node Type": "Bitmap Heap Scan", "Parent Relationship": "Outer", "Parallel Aware": true, "Relation Name": "orders", "Alias": "orders", "Startup Cost": 77986.61, "Total Cost": 368094.69, "Plan Rows": 2335687, "Plan Width": 16, "Recheck Cond": "(o_orderdate < '1995-03-03'::date)", "Plans": [{"Node Type": "Bitmap Index Scan", "Parent Relationship": "Outer", "Parallel Aware": false, "Index Name": "idx_orders_orderdate", "Startup Cost": 0.0, "Total Cost": 76176.45, "Plan Rows": 7240629, "Plan Width": 0, "Index Cond": "(o_orderdate < '1995-03-03'::date)"}]}, {"Node Type": "Bitmap Heap Scan", "Parent Relationship": "Inner", "Parallel Aware": false, "Relation Name": "customer", "Alias": "customer", "Startup Cost": 0.44, "Total Cost": 1.55, "Plan Rows": 1, "Plan Width": 4, "Recheck Cond": "(c_custkey = orders.o_custkey)", "Filter": "(c_mktsegment = 'FURNITURE'::bpchar)", "Plans": [{"Node Type": "Bitmap Index Scan", "Parent Relationship": "Outer", "Parallel Aware": false, "Index Name": "customer_pkey", "Startup Cost": 0.0, "Total Cost": 0.44, "Plan Rows": 1, "Plan Width": 0, "Index Cond": "(c_custkey = orders.o_custkey)"}]}]}, {"Node Type": "Bitmap Heap Scan", "Parent Relationship": "Inner", "Parallel Aware": false, "Relation Name": "lineitem", "Alias": "lineitem", "Startup Cost": 0.83, "Total Cost": 2.38, "Plan Rows": 16, "Plan Width": 16, "Recheck Cond": "(l_orderkey = orders.o_orderkey)", "Filter": "(l_shipdate > '1995-03-03'::date)", "Plans": [{"Node Type": "Bitmap Index Scan", "Parent Relationship": "Outer", "Parallel Aware": false, "Index Name": "lineitem_pkey", "Startup Cost": 0.0, "Total Cost": 0.82, "Plan Rows": 30, "Plan Width": 0, "Index Cond": "(l_orderkey = orders.o_orderkey)"}]}]}]}]}]}]}]}]}}, {"Plan": {"Node Type": "Limit", "Parallel Aware": false, "Startup Cost": 2086320.34, "Total Cost": 2086320.37, "Plan Rows": 10, "Plan Width": 44, "Plans": [{"Node Type": "Sort", "Parent Relationship": "Outer", "Parallel Aware": false, "Startup Cost": 2086320.34, "Total Cost": 2094201.65, "Plan Rows": 3152523, "Plan Width": 44, "Sort Key": ["(sum((lineitem.l_extendedprice * ('1'::numeric - lineitem.l_discount)))) DESC", "orders.o_orderdate"], "Plans": [{"Node Type": "Aggregate", "Strategy": "Sorted", "Partial Mode": "Finalize", "Parent Relationship": "Outer", "Parallel Aware": false, "Startup Cost": 1551672.85, "Total Cost": 2018195.45, "Plan Rows": 3152523, "Plan Width": 44, "Group Key": ["lineitem.l_orderkey", "orders.o_orderdate", "orders.o_shippriority"], "Plans": [{"Node Type": "Gather Merge", "Parent Relationship": "Outer", "Parallel Aware": false, "Startup Cost": 1551672.85, "Total Cost": 1940653.55, "Plan Rows": 3050829, "Plan Width": 44, "Workers Planned": 3, "Plans": [{"Node Type": "Aggregate", "Strategy": "Sorted", "Partial Mode": "Partial", "Parent Relationship": "Outer", "Parallel Aware": false, "Startup Cost": 1550672.81, "Total Cost": 1581181.1, "Plan Rows": 1016943, "Plan Width": 44, "Group Key": ["lineitem.l_orderkey", "orders.o_orderdate", "orders.o_shippriority"], "Plans": [{"Node Type": "Sort", "Parent Relationship": "Outer", "Parallel Aware": false, "Startup Cost": 1550672.81, "Total Cost": 1553215.17, "Plan Rows": 1016943, "Plan Width": 24, "Sort Key": ["lineitem.l_orderkey", "orders.o_orderdate", "orders.o_shippriority"], "Plans": [{"Node Type": "Nested Loop", "Parent Relationship": "Outer", "Parallel Aware": false, "Join Type": "Inner", "Startup Cost": 1.55, "Total Cost": 1436987.27, "Plan Rows": 1016943, "Plan Width": 24, "Inner Unique": false, "Plans": [{"Node Type": "Nested Loop", "Parent Relationship": "Outer", "Parallel Aware": false, "Join Type": "Inner", "Startup Cost": 0.72, "Total Cost": 252101.4, "Plan Rows": 466982, "Plan Width": 12, "Inner Unique": false, "Plans": [{"Node Type": "Seq Scan", "Parent Relationship": "Outer", "Parallel Aware": true, "Relation Name": "customer", "Alias": "customer", "Startup Cost": 0.0, "Total Cost": 41875.39, "Plan Rows": 96742, "Plan Width": 4, "Filter": "(c_mktsegment = 'FURNITURE'::bpchar)"}, {"Node Type": "Bitmap Heap Scan", "Parent Relationship": "Inner", "Parallel Aware": false, "Relation Name": "orders", "Alias": "orders", "Startup Cost": 0.72, "Total Cost": 2.09, "Plan Rows": 8, "Plan Width": 16, "Recheck Cond": "(o_custkey = customer.c_custkey)", "Filter": "(o_orderdate < '1995-03-03'::date)", "Plans": [{"Node Type": "Bitmap Index Scan", "Parent Relationship": "Outer", "Parallel Aware": false, "Index Name": "idx_orders_custkey", "Startup Cost": 0.0, "Total Cost": 0.72, "Plan Rows": 18, "Plan Width": 0, "Index Cond": "(o_custkey = customer.c_custkey)"}]}]}, {"Node Type": "Bitmap Heap Scan", "Parent Relationship": "Inner", "Parallel Aware": false, "Relation Name": "lineitem", "Alias": "lineitem", "Startup Cost": 0.83, "Total Cost": 2.38, "Plan Rows": 16, "Plan Width": 16, "Recheck Cond": "(l_orderkey = orders.o_orderkey)", "Filter": "(l_shipdate > '1995-03-03'::date)", "Plans": [{"Node Type": "Bitmap Index Scan", "Parent Relationship": "Outer", "Parallel Aware": false, "Index Name": "lineitem_pkey", "Startup Cost": 0.0, "Total Cost": 0.82, "Plan Rows": 30, "Plan Width": 0, "Index Cond": "(l_orderkey = orders.o_orderkey)"}]}]}]}]}]}]}]}]}}, {"Plan": {"Node Type": "Limit", "Parallel Aware": false, "Startup Cost": 3401517.52, "Total Cost": 3401517.54, "Plan Rows": 10, "Plan Width": 44, "Plans": [{"Node Type": "Sort", "Parent Relationship": "Outer", "Parallel Aware": false, "Startup Cost": 3401517.52, "Total Cost": 3409398.82, "Plan Rows": 3152523, "Plan Width": 44, "Sort Key": ["(sum((lineitem.l_extendedprice * ('1'::numeric - lineitem.l_discount)))) DESC", "orders.o_orderdate"], "Plans": [{"Node Type": "Aggregate", "Strategy": "Sorted", "Partial Mode": "Finalize", "Parent Relationship": "Outer", "Parallel Aware": false, "Startup Cost": 2866870.03, "Total Cost": 3333392.63, "Plan Rows": 3152523, "Plan Width": 44, "Group Key": ["lineitem.l_orderkey", "orders.o_orderdate", "orders.o_shippriority"], "Plans": [{"Node Type": "Gather Merge", "Parent Relationship": "Outer", "Parallel Aware": false, "Startup Cost": 2866870.03, "Total Cost": 3255850.73, "Plan Rows": 3050829, "Plan Width": 44, "Workers Planned": 3, "Plans": [{"Node Type": "Aggregate", "Strategy": "Sorted", "Partial Mode": "Partial", "Parent Relationship": "Outer", "Parallel Aware": false, "Startup Cost": 2865869.99, "Total Cost": 2896378.28, "Plan Rows": 1016943, "Plan Width": 44, "Group Key": ["lineitem.l_orderkey", "orders.o_orderdate", "orders.o_shippriority"], "Plans": [{"Node Type": "Sort", "Parent Relationship": "Outer", "Parallel Aware": false, "Startup Cost": 2865869.99, "Total Cost": 2868412.35, "Plan Rows": 1016943, "Plan Width": 24, "Sort Key": ["lineitem.l_orderkey", "orders.o_orderdate", "orders.o_shippriority"], "Plans": [{"Node Type": "Merge Join", "Parent Relationship": "Outer", "Parallel Aware": false, "Join Type": "Inner", "Startup Cost": 857394.49, "Total Cost": 2752184.45, "Plan Rows": 1016943, "Plan Width": 24, "Inner Unique": false, "Merge Cond": "(lineitem.l_orderkey = orders.o_orderkey)", "Plans": [{"Node Type": "Index Scan", "Parent Relationship": "Outer", "Parallel Aware": true, "Scan Direction": "Forward", "Index Name": "idx_lineitem_orderkey", "Relation Name": "lineitem", "Alias": "lineitem", "Startup Cost": 0.56, "Total Cost": 1847467.97, "Plan Rows": 10536677, "Plan Width": 16, "Filter": "(l_shipdate > '1995-03-03'::date)"}, {"Node Type": "Materialize", "Parent Relationship": "Inner", "Parallel Aware": false, "Startup Cost": 857348.04, "Total Cost": 864586.26, "Plan Rows": 1447643, "Plan Width": 12, "Plans": [{"Node Type": "Sort", "Parent Relationship": "Outer", "Parallel Aware": false, "Startup Cost": 857348.04, "Total Cost": 860967.15, "Plan Rows": 1447643, "Plan Width": 12, "Sort Key": ["orders.o_orderkey"], "Plans": [{"Node Type": "Merge Join", "Parent Relationship": "Outer", "Parallel Aware": false, "Join Type": "Inner", "Startup Cost": 4.76, "Total Cost": 694724.54, "Plan Rows": 1447643, "Plan Width": 12, "Inner Unique": false, "Merge Cond": "(customer.c_custkey = orders.o_custkey)", "Plans": [{"Node Type": "Index Scan", "Parent Relationship": "Outer", "Parallel Aware": false, "Scan Direction": "Forward", "Index Name": "customer_pkey", "Relation Name": "customer", "Alias": "customer", "Startup Cost": 0.43, "Total Cost": 66605.13, "Plan Rows": 299900, "Plan Width": 4, "Filter": "(c_mktsegment = 'FURNITURE'::bpchar)"}, {"Node Type": "Index Scan", "Parent Relationship": "Inner", "Parallel Aware": false, "Scan Direction": "Forward", "Index Name": "idx_orders_custkey", "Relation Name": "orders", "Alias": "orders", "Startup Cost": 0.43, "Total Cost": 594792.33, "Plan Rows": 7240629, "Plan Width": 16, "Filter": "(o_orderdate < '1995-03-03'::date)"}]}]}]}]}]}]}]}]}]}]}}, {"Plan": {"Node Type": "Limit", "Parallel Aware": false, "Startup Cost": 1611520.5, "Total Cost": 1611520.53, "Plan Rows": 10, "Plan Width": 44, "Plans": [{"Node Type": "Sort", "Parent Relationship": "Outer", "Parallel Aware": false, "Startup Cost": 1611520.5, "Total Cost": 1619401.81, "Plan Rows": 3152523, "Plan Width": 44, "Sort Key": ["(sum((lineitem.l_extendedprice * ('1'::numeric - lineitem.l_discount)))) DESC", "orders.o_orderdate"], "Plans": [{"Node Type": "Aggregate", "Strategy": "Sorted", "Partial Mode": "Finalize", "Parent Relationship": "Outer", "Parallel Aware": false, "Startup Cost": 1076873.02, "Total Cost": 1543395.61, "Plan Rows": 3152523, "Plan Width": 44, "Group Key": ["lineitem.l_orderkey", "orders.o_orderdate", "orders.o_shippriority"], "Plans": [{"Node Type": "Gather Merge", "Parent Relationship": "Outer", "Parallel Aware": false, "Startup Cost": 1076873.02, "Total Cost": 1465853.71, "Plan Rows": 3050829, "Plan Width": 44, "Workers Planned": 3, "Plans": [{"Node Type": "Aggregate", "Strategy": "Sorted", "Partial Mode": "Partial", "Parent Relationship": "Outer", "Parallel Aware": false, "Startup Cost": 1075872.98, "Total Cost": 1106381.27, "Plan Rows": 1016943, "Plan Width": 44, "Group Key": ["lineitem.l_orderkey", "orders.o_orderdate", "orders.o_shippriority"], "Plans": [{"Node Type": "Sort", "Parent Relationship": "Outer", "Parallel Aware": false, "Startup Cost": 1075872.98, "Total Cost": 1078415.33, "Plan Rows": 1016943, "Plan Width": 24, "Sort Key": ["lineitem.l_orderkey", "orders.o_orderdate", "orders.o_shippriority"], "Plans": [{"Node Type": "Nested Loop", "Parent Relationship": "Outer", "Parallel Aware": false, "Join Type": "Inner", "Startup Cost": 1.43, "Total Cost": 962187.43, "Plan Rows": 1016943, "Plan Width": 24, "Inner Unique": false, "Plans": [{"Node Type": "Nested Loop", "Parent Relationship": "Outer", "Parallel Aware": false, "Join Type": "Inner", "Startup Cost": 0.86, "Total Cost": 245748.19, "Plan Rows": 466982, "Plan Width": 12, "Inner Unique": false, "Plans": [{"Node Type": "Index Scan", "Parent Relationship": "Outer", "Parallel Aware": true, "Scan Direction": "Forward", "Index Name": "customer_pkey", "Relation Name": "customer", "Alias": "customer", "Startup Cost": 0.43, "Total Cost": 53903.52, "Plan Rows": 96742, "Plan Width": 4, "Filter": "(c_mktsegment = 'FURNITURE'::bpchar)"}, {"Node Type": "Index Scan", "Parent Relationship": "Inner", "Parallel Aware": false, "Scan Direction": "Forward", "Index Name": "idx_orders_custkey", "Relation Name": "orders", "Alias": "orders", "Startup Cost": 0.43, "Total Cost": 1.9, "Plan Rows": 8, "Plan Width": 16, "Index Cond": "(o_custkey = customer.c_custkey)", "Filter": "(o_orderdate < '1995-03-03'::date)"}]}, {"Node Type": "Index Scan", "Parent Relationship": "Inner", "Parallel Aware": false, "Scan Direction": "Forward", "Index Name": "idx_lineitem_orderkey", "Relation Name": "lineitem", "Alias": "lineitem", "Startup Cost": 0.56, "Total Cost": 1.37, "Plan Rows": 16, "Plan Width": 16, "Index Cond": "(l_orderkey = orders.o_orderkey)", "Filter": "(l_shipdate > '1995-03-03'::date)"}]}]}]}]}]}]}]}}, {"Plan": {"Node Type": "Limit", "Parallel Aware": false, "Startup Cost": 1599492.37, "Total Cost": 1599492.4, "Plan Rows": 10, "Plan Width": 44, "Plans": [{"Node Type": "Sort", "Parent Relationship": "Outer", "Parallel Aware": false, "Startup Cost": 1599492.37, "Total Cost": 1607373.68, "Plan Rows": 3152523, "Plan Width": 44, "Sort Key": ["(sum((lineitem.l_extendedprice * ('1'::numeric - lineitem.l_discount)))) DESC", "orders.o_orderdate"], "Plans": [{"Node Type": "Aggregate", "Strategy": "Sorted", "Partial Mode": "Finalize", "Parent Relationship": "Outer", "Parallel Aware": false, "Startup Cost": 1064844.89, "Total Cost": 1531367.49, "Plan Rows": 3152523, "Plan Width": 44, "Group Key": ["lineitem.l_orderkey", "orders.o_orderdate", "orders.o_shippriority"], "Plans": [{"Node Type": "Gather Merge", "Parent Relationship": "Outer", "Parallel Aware": false, "Startup Cost": 1064844.89, "Total Cost": 1453825.59, "Plan Rows": 3050829, "Plan Width": 44, "Workers Planned": 3, "Plans": [{"Node Type": "Aggregate", "Strategy": "Sorted", "Partial Mode": "Partial", "Parent Relationship": "Outer", "Parallel Aware": false, "Startup Cost": 1063844.85, "Total Cost": 1094353.14, "Plan Rows": 1016943, "Plan Width": 44, "Group Key": ["lineitem.l_orderkey", "orders.o_orderdate", "orders.o_shippriority"], "Plans": [{"Node Type": "Sort", "Parent Relationship": "Outer", "Parallel Aware": false, "Startup Cost": 1063844.85, "Total Cost": 1066387.21, "Plan Rows": 1016943, "Plan Width": 24, "Sort Key": ["lineitem.l_orderkey", "orders.o_orderdate", "orders.o_shippriority"], "Plans": [{"Node Type": "Nested Loop", "Parent Relationship": "Outer", "Parallel Aware": false, "Join Type": "Inner", "Startup Cost": 1.0, "Total Cost": 950159.31, "Plan Rows": 1016943, "Plan Width": 24, "Inner Unique": false, "Plans": [{"Node Type": "Nested Loop", "Parent Relationship": "Outer", "Parallel Aware": false, "Join Type": "Inner", "Startup Cost": 0.43, "Total Cost": 233720.06, "Plan Rows": 466982, "Plan Width": 12, "Inner Unique": false, "Plans": [{"Node Type": "Seq Scan", "Parent Relationship": "Outer", "Parallel Aware": true, "Relation Name": "customer", "Alias": "customer", "Startup Cost": 0.0, "Total Cost": 41875.39, "Plan Rows": 96742, "Plan Width": 4, "Filter": "(c_mktsegment = 'FURNITURE'::bpchar)"}, {"Node Type": "Index Scan", "Parent Relationship": "Inner", "Parallel Aware": false, "Scan Direction": "Forward", "Index Name": "idx_orders_custkey", "Relation Name": "orders", "Alias": "orders", "Startup Cost": 0.43, "Total Cost": 1.9, "Plan Rows": 8, "Plan Width": 16, "Index Cond": "(o_custkey = customer.c_custkey)", "Filter": "(o_orderdate < '1995-03-03'::date)"}]}, {"Node Type": "Index Scan", "Parent Relationship": "Inner", "Parallel Aware": false, "Scan Direction": "Forward", "Index Name": "idx_lineitem_orderkey", "Relation Name": "lineitem", "Alias": "lineitem", "Startup Cost": 0.56, "Total Cost": 1.37, "Plan Rows": 16, "Plan Width": 16, "Index Cond": "(l_orderkey = orders.o_orderkey)", "Filter": "(l_shipdate > '1995-03-03'::date)"}]}]}]}]}]}]}]}}, {"Plan": {"Node Type": "Limit", "Parallel Aware": false, "Startup Cost": 3401517.52, "Total Cost": 3401517.54, "Plan Rows": 10, "Plan Width": 44, "Plans": [{"Node Type": "Sort", "Parent Relationship": "Outer", "Parallel Aware": false, "Startup Cost": 3401517.52, "Total Cost": 3409398.82, "Plan Rows": 3152523, "Plan Width": 44, "Sort Key": ["(sum((lineitem.l_extendedprice * ('1'::numeric - lineitem.l_discount)))) DESC", "orders.o_orderdate"], "Plans": [{"Node Type": "Aggregate", "Strategy": "Sorted", "Partial Mode": "Finalize", "Parent Relationship": "Outer", "Parallel Aware": false, "Startup Cost": 2866870.03, "Total Cost": 3333392.63, "Plan Rows": 3152523, "Plan Width": 44, "Group Key": ["lineitem.l_orderkey", "orders.o_orderdate", "orders.o_shippriority"], "Plans": [{"Node Type": "Gather Merge", "Parent Relationship": "Outer", "Parallel Aware": false, "Startup Cost": 2866870.03, "Total Cost": 3255850.73, "Plan Rows": 3050829, "Plan Width": 44, "Workers Planned": 3, "Plans": [{"Node Type": "Aggregate", "Strategy": "Sorted", "Partial Mode": "Partial", "Parent Relationship": "Outer", "Parallel Aware": false, "Startup Cost": 2865869.99, "Total Cost": 2896378.28, "Plan Rows": 1016943, "Plan Width": 44, "Group Key": ["lineitem.l_orderkey", "orders.o_orderdate", "orders.o_shippriority"], "Plans": [{"Node Type": "Sort", "Parent Relationship": "Outer", "Parallel Aware": false, "Startup Cost": 2865869.99, "Total Cost": 2868412.35, "Plan Rows": 1016943, "Plan Width": 24, "Sort Key": ["lineitem.l_orderkey", "orders.o_orderdate", "orders.o_shippriority"], "Plans": [{"Node Type": "Merge Join", "Parent Relationship": "Outer", "Parallel Aware": false, "Join Type": "Inner", "Startup Cost": 857394.49, "Total Cost": 2752184.45, "Plan Rows": 1016943, "Plan Width": 24, "Inner Unique": false, "Merge Cond": "(lineitem.l_orderkey = orders.o_orderkey)", "Plans": [{"Node Type": "Index Scan", "Parent Relationship": "Outer", "Parallel Aware": true, "Scan Direction": "Forward", "Index Name": "idx_lineitem_orderkey", "Relation Name": "lineitem", "Alias": "lineitem", "Startup Cost": 0.56, "Total Cost": 1847467.97, "Plan Rows": 10536677, "Plan Width": 16, "Filter": "(l_shipdate > '1995-03-03'::date)"}, {"Node Type": "Materialize", "Parent Relationship": "Inner", "Parallel Aware": false, "Startup Cost": 857348.04, "Total Cost": 864586.26, "Plan Rows": 1447643, "Plan Width": 12, "Plans": [{"Node Type": "Sort", "Parent Relationship": "Outer", "Parallel Aware": false, "Startup Cost": 857348.04, "Total Cost": 860967.15, "Plan Rows": 1447643, "Plan Width": 12, "Sort Key": ["orders.o_orderkey"], "Plans": [{"Node Type": "Merge Join", "Parent Relationship": "Outer", "Parallel Aware": false, "Join Type": "Inner", "Startup Cost": 4.76, "Total Cost": 694724.54, "Plan Rows": 1447643, "Plan Width": 12, "Inner Unique": false, "Merge Cond": "(customer.c_custkey = orders.o_custkey)", "Plans": [{"Node Type": "Index Scan", "Parent Relationship": "Outer", "Parallel Aware": false, "Scan Direction": "Forward", "Index Name": "customer_pkey", "Relation Name": "customer", "Alias": "customer", "Startup Cost": 0.43, "Total Cost": 66605.13, "Plan Rows": 299900, "Plan Width": 4, "Filter": "(c_mktsegment = 'FURNITURE'::bpchar)"}, {"Node Type": "Index Scan", "Parent Relationship": "Inner", "Parallel Aware": false, "Scan Direction": "Forward", "Index Name": "idx_orders_custkey", "Relation Name": "orders", "Alias": "orders", "Startup Cost": 0.43, "Total Cost": 594792.33, "Plan Rows": 7240629, "Plan Width": 16, "Filter": "(o_orderdate < '1995-03-03'::date)"}]}]}]}]}]}]}]}]}]}]}}, {"Plan": {"Node Type": "Limit", "Parallel Aware": false, "Startup Cost": 1611520.5, "Total Cost": 1611520.53, "Plan Rows": 10, "Plan Width": 44, "Plans": [{"Node Type": "Sort", "Parent Relationship": "Outer", "Parallel Aware": false, "Startup Cost": 1611520.5, "Total Cost": 1619401.81, "Plan Rows": 3152523, "Plan Width": 44, "Sort Key": ["(sum((lineitem.l_extendedprice * ('1'::numeric - lineitem.l_discount)))) DESC", "orders.o_orderdate"], "Plans": [{"Node Type": "Aggregate", "Strategy": "Sorted", "Partial Mode": "Finalize", "Parent Relationship": "Outer", "Parallel Aware": false, "Startup Cost": 1076873.02, "Total Cost": 1543395.61, "Plan Rows": 3152523, "Plan Width": 44, "Group Key": ["lineitem.l_orderkey", "orders.o_orderdate", "orders.o_shippriority"], "Plans": [{"Node Type": "Gather Merge", "Parent Relationship": "Outer", "Parallel Aware": false, "Startup Cost": 1076873.02, "Total Cost": 1465853.71, "Plan Rows": 3050829, "Plan Width": 44, "Workers Planned": 3, "Plans": [{"Node Type": "Aggregate", "Strategy": "Sorted", "Partial Mode": "Partial", "Parent Relationship": "Outer", "Parallel Aware": false, "Startup Cost": 1075872.98, "Total Cost": 1106381.27, "Plan Rows": 1016943, "Plan Width": 44, "Group Key": ["lineitem.l_orderkey", "orders.o_orderdate", "orders.o_shippriority"], "Plans": [{"Node Type": "Sort", "Parent Relationship": "Outer", "Parallel Aware": false, "Startup Cost": 1075872.98, "Total Cost": 1078415.33, "Plan Rows": 1016943, "Plan Width": 24, "Sort Key": ["lineitem.l_orderkey", "orders.o_orderdate", "orders.o_shippriority"], "Plans": [{"Node Type": "Nested Loop", "Parent Relationship": "Outer", "Parallel Aware": false, "Join Type": "Inner", "Startup Cost": 1.43, "Total Cost": 962187.43, "Plan Rows": 1016943, "Plan Width": 24, "Inner Unique": false, "Plans": [{"Node Type": "Nested Loop", "Parent Relationship": "Outer", "Parallel Aware": false, "Join Type": "Inner", "Startup Cost": 0.86, "Total Cost": 245748.19, "Plan Rows": 466982, "Plan Width": 12, "Inner Unique": false, "Plans": [{"Node Type": "Index Scan", "Parent Relationship": "Outer", "Parallel Aware": true, "Scan Direction": "Forward", "Index Name": "customer_pkey", "Relation Name": "customer", "Alias": "customer", "Startup Cost": 0.43, "Total Cost": 53903.52, "Plan Rows": 96742, "Plan Width": 4, "Filter": "(c_mktsegment = 'FURNITURE'::bpchar)"}, {"Node Type": "Index Scan", "Parent Relationship": "Inner", "Parallel Aware": false, "Scan Direction": "Forward", "Index Name": "idx_orders_custkey", "Relation Name": "orders", "Alias": "orders", "Startup Cost": 0.43, "Total Cost": 1.9, "Plan Rows": 8, "Plan Width": 16, "Index Cond": "(o_custkey = customer.c_custkey)", "Filter": "(o_orderdate < '1995-03-03'::date)"}]}, {"Node Type": "Index Scan", "Parent Relationship": "Inner", "Parallel Aware": false, "Scan Direction": "Forward", "Index Name": "idx_lineitem_orderkey", "Relation Name": "lineitem", "Alias": "lineitem", "Startup Cost": 0.56, "Total Cost": 1.37, "Plan Rows": 16, "Plan Width": 16, "Index Cond": "(l_orderkey = orders.o_orderkey)", "Filter": "(l_shipdate > '1995-03-03'::date)"}]}]}]}]}]}]}]}}, {"Plan": {"Node Type": "Limit", "Parallel Aware": false, "Startup Cost": 1599492.37, "Total Cost": 1599492.4, "Plan Rows": 10, "Plan Width": 44, "Plans": [{"Node Type": "Sort", "Parent Relationship": "Outer", "Parallel Aware": false, "Startup Cost": 1599492.37, "Total Cost": 1607373.68, "Plan Rows": 3152523, "Plan Width": 44, "Sort Key": ["(sum((lineitem.l_extendedprice * ('1'::numeric - lineitem.l_discount)))) DESC", "orders.o_orderdate"], "Plans": [{"Node Type": "Aggregate", "Strategy": "Sorted", "Partial Mode": "Finalize", "Parent Relationship": "Outer", "Parallel Aware": false, "Startup Cost": 1064844.89, "Total Cost": 1531367.49, "Plan Rows": 3152523, "Plan Width": 44, "Group Key": ["lineitem.l_orderkey", "orders.o_orderdate", "orders.o_shippriority"], "Plans": [{"Node Type": "Gather Merge", "Parent Relationship": "Outer", "Parallel Aware": false, "Startup Cost": 1064844.89, "Total Cost": 1453825.59, "Plan Rows": 3050829, "Plan Width": 44, "Workers Planned": 3, "Plans": [{"Node Type": "Aggregate", "Strategy": "Sorted", "Partial Mode": "Partial", "Parent Relationship": "Outer", "Parallel Aware": false, "Startup Cost": 1063844.85, "Total Cost": 1094353.14, "Plan Rows": 1016943, "Plan Width": 44, "Group Key": ["lineitem.l_orderkey", "orders.o_orderdate", "orders.o_shippriority"], "Plans": [{"Node Type": "Sort", "Parent Relationship": "Outer", "Parallel Aware": false, "Startup Cost": 1063844.85, "Total Cost": 1066387.21, "Plan Rows": 1016943, "Plan Width": 24, "Sort Key": ["lineitem.l_orderkey", "orders.o_orderdate", "orders.o_shippriority"], "Plans": [{"Node Type": "Nested Loop", "Parent Relationship": "Outer", "Parallel Aware": false, "Join Type": "Inner", "Startup Cost": 1.0, "Total Cost": 950159.31, "Plan Rows": 1016943, "Plan Width": 24, "Inner Unique": false, "Plans": [{"Node Type": "Nested Loop", "Parent Relationship": "Outer", "Parallel Aware": false, "Join Type": "Inner", "Startup Cost": 0.43, "Total Cost": 233720.06, "Plan Rows": 466982, "Plan Width": 12, "Inner Unique": false, "Plans": [{"Node Type": "Seq Scan", "Parent Relationship": "Outer", "Parallel Aware": true, "Relation Name": "customer", "Alias": "customer", "Startup Cost": 0.0, "Total Cost": 41875.39, "Plan Rows": 96742, "Plan Width": 4, "Filter": "(c_mktsegment = 'FURNITURE'::bpchar)"}, {"Node Type": "Index Scan", "Parent Relationship": "Inner", "Parallel Aware": false, "Scan Direction": "Forward", "Index Name": "idx_orders_custkey", "Relation Name": "orders", "Alias": "orders", "Startup Cost": 0.43, "Total Cost": 1.9, "Plan Rows": 8, "Plan Width": 16, "Index Cond": "(o_custkey = customer.c_custkey)", "Filter": "(o_orderdate < '1995-03-03'::date)"}]}, {"Node Type": "Index Scan", "Parent Relationship": "Inner", "Parallel Aware": false, "Scan Direction": "Forward", "Index Name": "idx_lineitem_orderkey", "Relation Name": "lineitem", "Alias": "lineitem", "Startup Cost": 0.56, "Total Cost": 1.37, "Plan Rows": 16, "Plan Width": 16, "Index Cond": "(l_orderkey = orders.o_orderkey)", "Filter": "(l_shipdate > '1995-03-03'::date)"}]}]}]}]}]}]}]}}, {"Plan": {"Node Type": "Limit", "Parallel Aware": false, "Startup Cost": 2086320.34, "Total Cost": 2086320.37, "Plan Rows": 10, "Plan Width": 44, "Plans": [{"Node Type": "Sort", "Parent Relationship": "Outer", "Parallel Aware": false, "Startup Cost": 2086320.34, "Total Cost": 2094201.65, "Plan Rows": 3152523, "Plan Width": 44, "Sort Key": ["(sum((lineitem.l_extendedprice * ('1'::numeric - lineitem.l_discount)))) DESC", "orders.o_orderdate"], "Plans": [{"Node Type": "Aggregate", "Strategy": "Sorted", "Partial Mode": "Finalize", "Parent Relationship": "Outer", "Parallel Aware": false, "Startup Cost": 1551672.85, "Total Cost": 2018195.45, "Plan Rows": 3152523, "Plan Width": 44, "Group Key": ["lineitem.l_orderkey", "orders.o_orderdate", "orders.o_shippriority"], "Plans": [{"Node Type": "Gather Merge", "Parent Relationship": "Outer", "Parallel Aware": false, "Startup Cost": 1551672.85, "Total Cost": 1940653.55, "Plan Rows": 3050829, "Plan Width": 44, "Workers Planned": 3, "Plans": [{"Node Type": "Aggregate", "Strategy": "Sorted", "Partial Mode": "Partial", "Parent Relationship": "Outer", "Parallel Aware": false, "Startup Cost": 1550672.81, "Total Cost": 1581181.1, "Plan Rows": 1016943, "Plan Width": 44, "Group Key": ["lineitem.l_orderkey", "orders.o_orderdate", "orders.o_shippriority"], "Plans": [{"Node Type": "Sort", "Parent Relationship": "Outer", "Parallel Aware": false, "Startup Cost": 1550672.81, "Total Cost": 1553215.17, "Plan Rows": 1016943, "Plan Width": 24, "Sort Key": ["lineitem.l_orderkey", "orders.o_orderdate", "orders.o_shippriority"], "Plans": [{"Node Type": "Nested Loop", "Parent Relationship": "Outer", "Parallel Aware": false, "Join Type": "Inner", "Startup Cost": 1.55, "Total Cost": 1436987.27, "Plan Rows": 1016943, "Plan Width": 24, "Inner Unique": false, "Plans": [{"Node Type": "Nested Loop", "Parent Relationship": "Outer", "Parallel Aware": false, "Join Type": "Inner", "Startup Cost": 0.72, "Total Cost": 252101.4, "Plan Rows": 466982, "Plan Width": 12, "Inner Unique": false, "Plans": [{"Node Type": "Seq Scan", "Parent Relationship": "Outer", "Parallel Aware": true, "Relation Name": "customer", "Alias": "customer", "Startup Cost": 0.0, "Total Cost": 41875.39, "Plan Rows": 96742, "Plan Width": 4, "Filter": "(c_mktsegment = 'FURNITURE'::bpchar)"}, {"Node Type": "Bitmap Heap Scan", "Parent Relationship": "Inner", "Parallel Aware": false, "Relation Name": "orders", "Alias": "orders", "Startup Cost": 0.72, "Total Cost": 2.09, "Plan Rows": 8, "Plan Width": 16, "Recheck Cond": "(o_custkey = customer.c_custkey)", "Filter": "(o_orderdate < '1995-03-03'::date)", "Plans": [{"Node Type": "Bitmap Index Scan", "Parent Relationship": "Outer", "Parallel Aware": false, "Index Name": "idx_orders_custkey", "Startup Cost": 0.0, "Total Cost": 0.72, "Plan Rows": 18, "Plan Width": 0, "Index Cond": "(o_custkey = customer.c_custkey)"}]}]}, {"Node Type": "Bitmap Heap Scan", "Parent Relationship": "Inner", "Parallel Aware": false, "Relation Name": "lineitem", "Alias": "lineitem", "Startup Cost": 0.83, "Total Cost": 2.38, "Plan Rows": 16, "Plan Width": 16, "Recheck Cond": "(l_orderkey = orders.o_orderkey)", "Filter": "(l_shipdate > '1995-03-03'::date)", "Plans": [{"Node Type": "Bitmap Index Scan", "Parent Relationship": "Outer", "Parallel Aware": false, "Index Name": "lineitem_pkey", "Startup Cost": 0.0, "Total Cost": 0.82, "Plan Rows": 30, "Plan Width": 0, "Index Cond": "(l_orderkey = orders.o_orderkey)"}]}]}]}]}]}]}]}]}}, {"Plan": {"Node Type": "Limit", "Parallel Aware": false, "Startup Cost": 5047511.75, "Total Cost": 5047511.78, "Plan Rows": 10, "Plan Width": 44, "Plans": [{"Node Type": "Sort", "Parent Relationship": "Outer", "Parallel Aware": false, "Startup Cost": 5047511.75, "Total Cost": 5055393.06, "Plan Rows": 3152523, "Plan Width": 44, "Sort Key": ["(sum((lineitem.l_extendedprice * ('1'::numeric - lineitem.l_discount)))) DESC", "orders.o_orderdate"], "Plans": [{"Node Type": "Aggregate", "Strategy": "Sorted", "Partial Mode": "Finalize", "Parent Relationship": "Outer", "Parallel Aware": false, "Startup Cost": 4512864.27, "Total Cost": 4979386.87, "Plan Rows": 3152523, "Plan Width": 44, "Group Key": ["lineitem.l_orderkey", "orders.o_orderdate", "orders.o_shippriority"], "Plans": [{"Node Type": "Gather Merge", "Parent Relationship": "Outer", "Parallel Aware": false, "Startup Cost": 4512864.27, "Total Cost": 4901844.97, "Plan Rows": 3050829, "Plan Width": 44, "Workers Planned": 3, "Plans": [{"Node Type": "Aggregate", "Strategy": "Sorted", "Partial Mode": "Partial", "Parent Relationship": "Outer", "Parallel Aware": false, "Startup Cost": 4511864.23, "Total Cost": 4542372.52, "Plan Rows": 1016943, "Plan Width": 44, "Group Key": ["lineitem.l_orderkey", "orders.o_orderdate", "orders.o_shippriority"], "Plans": [{"Node Type": "Sort", "Parent Relationship": "Outer", "Parallel Aware": false, "Startup Cost": 4511864.23, "Total Cost": 4514406.59, "Plan Rows": 1016943, "Plan Width": 24, "Sort Key": ["lineitem.l_orderkey", "orders.o_orderdate", "orders.o_shippriority"], "Plans": [{"Node Type": "Merge Join", "Parent Relationship": "Outer", "Parallel Aware": false, "Join Type": "Inner", "Startup Cost": 4324469.85, "Total Cost": 4398178.69, "Plan Rows": 1016943, "Plan Width": 24, "Inner Unique": false, "Merge Cond": "(lineitem.l_orderkey = orders.o_orderkey)", "Plans": [{"Node Type": "Sort", "Parent Relationship": "Outer", "Parallel Aware": false, "Startup Cost": 2700936.87, "Total Cost": 2727278.57, "Plan Rows": 10536677, "Plan Width": 16, "Sort Key": ["lineitem.l_orderkey"], "Plans": [{"Node Type": "Seq Scan", "Parent Relationship": "Outer", "Parallel Aware": true, "Relation Name": "lineitem", "Alias": "lineitem", "Startup Cost": 0.0, "Total Cost": 1366420.13, "Plan Rows": 10536677, "Plan Width": 16, "Filter": "(l_shipdate > '1995-03-03'::date)"}]}, {"Node Type": "Materialize", "Parent Relationship": "Inner", "Parallel Aware": false, "Startup Cost": 1623531.69, "Total Cost": 1630769.9, "Plan Rows": 1447643, "Plan Width": 12, "Plans": [{"Node Type": "Sort", "Parent Relationship": "Outer", "Parallel Aware": false, "Startup Cost": 1623531.69, "Total Cost": 1627150.8, "Plan Rows": 1447643, "Plan Width": 12, "Sort Key": ["orders.o_orderkey"], "Plans": [{"Node Type": "Merge Join", "Parent Relationship": "Outer", "Parallel Aware": false, "Join Type": "Inner", "Startup Cost": 1408729.35, "Total Cost": 1460908.18, "Plan Rows": 1447643, "Plan Width": 12, "Inner Unique": true, "Merge Cond": "(orders.o_custkey = customer.c_custkey)", "Plans": [{"Node Type": "Sort", "Parent Relationship": "Outer", "Parallel Aware": false, "Startup Cost": 1326870.04, "Total Cost": 1344971.61, "Plan Rows": 7240629, "Plan Width": 16, "Sort Key": ["orders.o_custkey"], "Plans": [{"Node Type": "Bitmap Heap Scan", "Parent Relationship": "Outer", "Parallel Aware": false, "Relation Name": "orders", "Alias": "orders", "Startup Cost": 77986.61, "Total Cost": 429406.47, "Plan Rows": 7240629, "Plan Width": 16, "Recheck Cond": "(o_orderdate < '1995-03-03'::date)", "Plans": [{"Node Type": "Bitmap Index Scan", "Parent Relationship": "Outer", "Parallel Aware": false, "Index Name": "idx_orders_orderdate", "Startup Cost": 0.0, "Total Cost": 76176.45, "Plan Rows": 7240629, "Plan Width": 0, "Index Cond": "(o_orderdate < '1995-03-03'::date)"}]}]}, {"Node Type": "Sort", "Parent Relationship": "Inner", "Parallel Aware": false, "Startup Cost": 81859.09, "Total Cost": 82608.84, "Plan Rows": 299900, "Plan Width": 4, "Sort Key": ["customer.c_custkey"], "Plans": [{"Node Type": "Seq Scan", "Parent Relationship": "Outer", "Parallel Aware": false, "Relation Name": "customer", "Alias": "customer", "Startup Cost": 0.0, "Total Cost": 54577.0, "Plan Rows": 299900, "Plan Width": 4, "Filter": "(c_mktsegment = 'FURNITURE'::bpchar)"}]}]}]}]}]}]}]}]}]}]}]}}, {"Plan": {"Node Type": "Limit", "Parallel Aware": false, "Startup Cost": 2086320.34, "Total Cost": 2086320.37, "Plan Rows": 10, "Plan Width": 44, "Plans": [{"Node Type": "Sort", "Parent Relationship": "Outer", "Parallel Aware": false, "Startup Cost": 2086320.34, "Total Cost": 2094201.65, "Plan Rows": 3152523, "Plan Width": 44, "Sort Key": ["(sum((lineitem.l_extendedprice * ('1'::numeric - lineitem.l_discount)))) DESC", "orders.o_orderdate"], "Plans": [{"Node Type": "Aggregate", "Strategy": "Sorted", "Partial Mode": "Finalize", "Parent Relationship": "Outer", "Parallel Aware": false, "Startup Cost": 1551672.85, "Total Cost": 2018195.45, "Plan Rows": 3152523, "Plan Width": 44, "Group Key": ["lineitem.l_orderkey", "orders.o_orderdate", "orders.o_shippriority"], "Plans": [{"Node Type": "Gather Merge", "Parent Relationship": "Outer", "Parallel Aware": false, "Startup Cost": 1551672.85, "Total Cost": 1940653.55, "Plan Rows": 3050829, "Plan Width": 44, "Workers Planned": 3, "Plans": [{"Node Type": "Aggregate", "Strategy": "Sorted", "Partial Mode": "Partial", "Parent Relationship": "Outer", "Parallel Aware": false, "Startup Cost": 1550672.81, "Total Cost": 1581181.1, "Plan Rows": 1016943, "Plan Width": 44, "Group Key": ["lineitem.l_orderkey", "orders.o_orderdate", "orders.o_shippriority"], "Plans": [{"Node Type": "Sort", "Parent Relationship": "Outer", "Parallel Aware": false, "Startup Cost": 1550672.81, "Total Cost": 1553215.17, "Plan Rows": 1016943, "Plan Width": 24, "Sort Key": ["lineitem.l_orderkey", "orders.o_orderdate", "orders.o_shippriority"], "Plans": [{"Node Type": "Nested Loop", "Parent Relationship": "Outer", "Parallel Aware": false, "Join Type": "Inner", "Startup Cost": 1.55, "Total Cost": 1436987.27, "Plan Rows": 1016943, "Plan Width": 24, "Inner Unique": false, "Plans": [{"Node Type": "Nested Loop", "Parent Relationship": "Outer", "Parallel Aware": false, "Join Type": "Inner", "Startup Cost": 0.72, "Total Cost": 252101.4, "Plan Rows": 466982, "Plan Width": 12, "Inner Unique": false, "Plans": [{"Node Type": "Seq Scan", "Parent Relationship": "Outer", "Parallel Aware": true, "Relation Name": "customer", "Alias": "customer", "Startup Cost": 0.0, "Total Cost": 41875.39, "Plan Rows": 96742, "Plan Width": 4, "Filter": "(c_mktsegment = 'FURNITURE'::bpchar)"}, {"Node Type": "Bitmap Heap Scan", "Parent Relationship": "Inner", "Parallel Aware": false, "Relation Name": "orders", "Alias": "orders", "Startup Cost": 0.72, "Total Cost": 2.09, "Plan Rows": 8, "Plan Width": 16, "Recheck Cond": "(o_custkey = customer.c_custkey)", "Filter": "(o_orderdate < '1995-03-03'::date)", "Plans": [{"Node Type": "Bitmap Index Scan", "Parent Relationship": "Outer", "Parallel Aware": false, "Index Name": "idx_orders_custkey", "Startup Cost": 0.0, "Total Cost": 0.72, "Plan Rows": 18, "Plan Width": 0, "Index Cond": "(o_custkey = customer.c_custkey)"}]}]}, {"Node Type": "Bitmap Heap Scan", "Parent Relationship": "Inner", "Parallel Aware": false, "Relation Name": "lineitem", "Alias": "lineitem", "Startup Cost": 0.83, "Total Cost": 2.38, "Plan Rows": 16, "Plan Width": 16, "Recheck Cond": "(l_orderkey = orders.o_orderkey)", "Filter": "(l_shipdate > '1995-03-03'::date)", "Plans": [{"Node Type": "Bitmap Index Scan", "Parent Relationship": "Outer", "Parallel Aware": false, "Index Name": "lineitem_pkey", "Startup Cost": 0.0, "Total Cost": 0.82, "Plan Rows": 30, "Plan Width": 0, "Index Cond": "(l_orderkey = orders.o_orderkey)"}]}]}]}]}]}]}]}]}}, {"Plan": {"Node Type": "Limit", "Parallel Aware": false, "Startup Cost": 1599492.37, "Total Cost": 1599492.4, "Plan Rows": 10, "Plan Width": 44, "Plans": [{"Node Type": "Sort", "Parent Relationship": "Outer", "Parallel Aware": false, "Startup Cost": 1599492.37, "Total Cost": 1607373.68, "Plan Rows": 3152523, "Plan Width": 44, "Sort Key": ["(sum((lineitem.l_extendedprice * ('1'::numeric - lineitem.l_discount)))) DESC", "orders.o_orderdate"], "Plans": [{"Node Type": "Aggregate", "Strategy": "Sorted", "Partial Mode": "Finalize", "Parent Relationship": "Outer", "Parallel Aware": false, "Startup Cost": 1064844.89, "Total Cost": 1531367.49, "Plan Rows": 3152523, "Plan Width": 44, "Group Key": ["lineitem.l_orderkey", "orders.o_orderdate", "orders.o_shippriority"], "Plans": [{"Node Type": "Gather Merge", "Parent Relationship": "Outer", "Parallel Aware": false, "Startup Cost": 1064844.89, "Total Cost": 1453825.59, "Plan Rows": 3050829, "Plan Width": 44, "Workers Planned": 3, "Plans": [{"Node Type": "Aggregate", "Strategy": "Sorted", "Partial Mode": "Partial", "Parent Relationship": "Outer", "Parallel Aware": false, "Startup Cost": 1063844.85, "Total Cost": 1094353.14, "Plan Rows": 1016943, "Plan Width": 44, "Group Key": ["lineitem.l_orderkey", "orders.o_orderdate", "orders.o_shippriority"], "Plans": [{"Node Type": "Sort", "Parent Relationship": "Outer", "Parallel Aware": false, "Startup Cost": 1063844.85, "Total Cost": 1066387.21, "Plan Rows": 1016943, "Plan Width": 24, "Sort Key": ["lineitem.l_orderkey", "orders.o_orderdate", "orders.o_shippriority"], "Plans": [{"Node Type": "Nested Loop", "Parent Relationship": "Outer", "Parallel Aware": false, "Join Type": "Inner", "Startup Cost": 1.0, "Total Cost": 950159.31, "Plan Rows": 1016943, "Plan Width": 24, "Inner Unique": false, "Plans": [{"Node Type": "Nested Loop", "Parent Relationship": "Outer", "Parallel Aware": false, "Join Type": "Inner", "Startup Cost": 0.43, "Total Cost": 233720.06, "Plan Rows": 466982, "Plan Width": 12, "Inner Unique": false, "Plans": [{"Node Type": "Seq Scan", "Parent Relationship": "Outer", "Parallel Aware": true, "Relation Name": "customer", "Alias": "customer", "Startup Cost": 0.0, "Total Cost": 41875.39, "Plan Rows": 96742, "Plan Width": 4, "Filter": "(c_mktsegment = 'FURNITURE'::bpchar)"}, {"Node Type": "Index Scan", "Parent Relationship": "Inner", "Parallel Aware": false, "Scan Direction": "Forward", "Index Name": "idx_orders_custkey", "Relation Name": "orders", "Alias": "orders", "Startup Cost": 0.43, "Total Cost": 1.9, "Plan Rows": 8, "Plan Width": 16, "Index Cond": "(o_custkey = customer.c_custkey)", "Filter": "(o_orderdate < '1995-03-03'::date)"}]}, {"Node Type": "Index Scan", "Parent Relationship": "Inner", "Parallel Aware": false, "Scan Direction": "Forward", "Index Name": "idx_lineitem_orderkey", "Relation Name": "lineitem", "Alias": "lineitem", "Startup Cost": 0.56, "Total Cost": 1.37, "Plan Rows": 16, "Plan Width": 16, "Index Cond": "(l_orderkey = orders.o_orderkey)", "Filter": "(l_shipdate > '1995-03-03'::date)"}]}]}]}]}]}]}]}}]