[{"Plan": {"Node Type": "Limit", "Parallel Aware": false, "Startup Cost": 10003786373.07, "Total Cost": 10003786373.09, "Plan Rows": 10, "Plan Width": 44, "Plans": [{"Node Type": "Sort", "Parent Relationship": "Outer", "Parallel Aware": false, "Startup Cost": 10003786373.07, "Total Cost": 10003794336.66, "Plan Rows": 3185437, "Plan Width": 44, "Sort Key": ["(sum((lineitem.l_extendedprice * ('1'::numeric - lineitem.l_discount)))) DESC", "orders.o_orderdate"], "Plans": [{"Node Type": "Aggregate", "Strategy": "Sorted", "Partial Mode": "Simple", "Parent Relationship": "Outer", "Parallel Aware": false, "Startup Cost": 10003621973.81, "Total Cost": 10003717536.92, "Plan Rows": 3185437, "Plan Width": 44, "Group Key": ["lineitem.l_orderkey", "orders.o_orderdate", "orders.o_shippriority"], "Plans": [{"Node Type": "Sort", "Parent Relationship": "Outer", "Parallel Aware": false, "Startup Cost": 10003621973.81, "Total Cost": 10003629937.4, "Plan Rows": 3185437, "Plan Width": 24, "Sort Key": ["lineitem.l_orderkey", "orders.o_orderdate", "orders.o_shippriority"], "Plans": [{"Node Type": "Hash Join", "Parent Relationship": "Outer", "Parallel Aware": false, "Join Type": "Inner", "Startup Cost": 10000933821.97, "Total Cost": 10003239634.63, "Plan Rows": 3185437, "Plan Width": 24, "Inner Unique": false, "Hash Cond": "(lineitem.l_orderkey = orders.o_orderkey)", "Plans": [{"Node Type": "Bitmap Heap Scan", "Parent Relationship": "Outer", "Parallel Aware": false, "Relation Name": "lineitem", "Alias": "lineitem", "Startup Cost": 386383.63, "Total Cost": 2217601.11, "Plan Rows": 32221815, "Plan Width": 16, "Recheck Cond": "(l_shipdate > '1995-03-20'::date)", "Plans": [{"Node Type": "Bitmap Index Scan", "Parent Relationship": "Outer", "Parallel Aware": false, "Index Name": "idx_lineitem_shipdate", "Startup Cost": 0.0, "Total Cost": 378328.18, "Plan Rows": 32221815, "Plan Width": 0, "Index Cond": "(l_shipdate > '1995-03-20'::date)"}]}, {"Node Type": "Hash", "Parent Relationship": "Inner", "Parallel Aware": false, "Startup Cost": 10000521662.13, "Total Cost": 10000521662.13, "Plan Rows": 1482817, "Plan Width": 12, "Plans": [{"Node Type": "Hash Join", "Parent Relationship": "Outer", "Parallel Aware": false, "Join Type": "Inner", "Startup Cost": 10000149564.51, "Total Cost": 10000521662.13, "Plan Rows": 1482817, "Plan Width": 12, "Inner Unique": true, "Hash Cond": "(orders.o_custkey = customer.c_custkey)", "Plans": [{"Node Type": "Bitmap Heap Scan", "Parent Relationship": "Outer", "Parallel Aware": false, "Relation Name": "orders", "Alias": "orders", "Startup Cost": 79177.25, "Total Cost": 431978.15, "Plan Rows": 7351112, "Plan Width": 16, "Recheck Cond": "(o_orderdate < '1995-03-20'::date)", "Plans": [{"Node Type": "Bitmap Index Scan", "Parent Relationship": "Outer", "Parallel Aware": false, "Index Name": "idx_orders_orderdate", "Startup Cost": 0.0, "Total Cost": 77339.47, "Plan Rows": 7351112, "Plan Width": 0, "Index Cond": "(o_orderdate < '1995-03-20'::date)"}]}, {"Node Type": "Hash", "Parent Relationship": "Inner", "Parallel Aware": false, "Startup Cost": 10000066605.13, "Total Cost": 10000066605.13, "Plan Rows": 302570, "Plan Width": 4, "Plans": [{"Node Type": "Index Scan", "Parent Relationship": "Outer", "Parallel Aware": false, "Scan Direction": "Forward", "Index Name": "customer_pkey", "Relation Name": "customer", "Alias": "customer", "Startup Cost": 10000000000.43, "Total Cost": 10000066605.13, "Plan Rows": 302570, "Plan Width": 4, "Filter": "(c_mktsegment = 'AUTOMOBILE'::bpchar)"}]}]}]}]}]}]}]}]}}, {"Plan": {"Node Type": "Limit", "Parallel Aware": false, "Startup Cost": 2980592.75, "Total Cost": 2980592.77, "Plan Rows": 10, "Plan Width": 44, "Plans": [{"Node Type": "Sort", "Parent Relationship": "Outer", "Parallel Aware": false, "Startup Cost": 2980592.75, "Total Cost": 2988556.34, "Plan Rows": 3185437, "Plan Width": 44, "Sort Key": ["(sum((lineitem.l_extendedprice * ('1'::numeric - lineitem.l_discount)))) DESC", "orders.o_orderdate"], "Plans": [{"Node Type": "Aggregate", "Strategy": "Sorted", "Partial Mode": "Finalize", "Parent Relationship": "Outer", "Parallel Aware": false, "Startup Cost": 2440363.43, "Total Cost": 2911756.6, "Plan Rows": 3185437, "Plan Width": 44, "Group Key": ["lineitem.l_orderkey", "orders.o_orderdate", "orders.o_shippriority"], "Plans": [{"Node Type": "Gather Merge", "Parent Relationship": "Outer", "Parallel Aware": false, "Startup Cost": 2440363.43, "Total Cost": 2833405.13, "Plan Rows": 3082680, "Plan Width": 44, "Workers Planned": 3, "Plans": [{"Node Type": "Aggregate", "Strategy": "Sorted", "Partial Mode": "Partial", "Parent Relationship": "Outer", "Parallel Aware": false, "Startup Cost": 2439363.39, "Total Cost": 2470190.19, "Plan Rows": 1027560, "Plan Width": 44, "Group Key": ["lineitem.l_orderkey", "orders.o_orderdate", "orders.o_shippriority"], "Plans": [{"Node Type": "Sort", "Parent Relationship": "Outer", "Parallel Aware": false, "Startup Cost": 2439363.39, "Total Cost": 2441932.29, "Plan Rows": 1027560, "Plan Width": 24, "Sort Key": ["lineitem.l_orderkey", "orders.o_orderdate", "orders.o_shippriority"], "Plans": [{"Node Type": "Hash Join", "Parent Relationship": "Outer", "Parallel Aware": true, "Join Type": "Inner", "Startup Cost": 825777.87, "Total Cost": 2324414.41, "Plan Rows": 1027560, "Plan Width": 24, "Inner Unique": false, "Hash Cond": "(lineitem.l_orderkey = orders.o_orderkey)", "Plans": [{"Node Type": "Bitmap Heap Scan", "Parent Relationship": "Outer", "Parallel Aware": true, "Relation Name": "lineitem", "Alias": "lineitem", "Startup Cost": 386383.63, "Total Cost": 1738885.46, "Plan Rows": 10394134, "Plan Width": 16, "Recheck Cond": "(l_shipdate > '1995-03-20'::date)", "Plans": [{"Node Type": "Bitmap Index Scan", "Parent Relationship": "Outer", "Parallel Aware": false, "Index Name": "idx_lineitem_shipdate", "Startup Cost": 0.0, "Total Cost": 378328.18, "Plan Rows": 32221815, "Plan Width": 0, "Index Cond": "(l_shipdate > '1995-03-20'::date)"}]}, {"Node Type": "Hash", "Parent Relationship": "Inner", "Parallel Aware": true, "Startup Cost": 431079.14, "Total Cost": 431079.14, "Plan Rows": 478328, "Plan Width": 12, "Plans": [{"Node Type": "Hash Join", "Parent Relationship": "Outer", "Parallel Aware": true, "Join Type": "Inner", "Startup Cost": 134300.81, "Total Cost": 431079.14, "Plan Rows": 478328, "Plan Width": 12, "Inner Unique": true, "Hash Cond": "(orders.o_custkey = customer.c_custkey)", "Plans": [{"Node Type": "Bitmap Heap Scan", "Parent Relationship": "Outer", "Parallel Aware": true, "Relation Name": "orders", "Alias": "orders", "Startup Cost": 79177.25, "Total Cost": 369730.83, "Plan Rows": 2371326, "Plan Width": 16, "Recheck Cond": "(o_orderdate < '1995-03-20'::date)", "Plans": [{"Node Type": "Bitmap Index Scan", "Parent Relationship": "Outer", "Parallel Aware": false, "Index Name": "idx_orders_orderdate", "Startup Cost": 0.0, "Total Cost": 77339.47, "Plan Rows": 7351112, "Plan Width": 0, "Index Cond": "(o_orderdate < '1995-03-20'::date)"}]}, {"Node Type": "Hash", "Parent Relationship": "Inner", "Parallel Aware": true, "Startup Cost": 53903.52, "Total Cost": 53903.52, "Plan Rows": 97603, "Plan Width": 4, "Plans": [{"Node Type": "Index Scan", "Parent Relationship": "Outer", "Parallel Aware": true, "Scan Direction": "Forward", "Index Name": "customer_pkey", "Relation Name": "customer", "Alias": "customer", "Startup Cost": 0.43, "Total Cost": 53903.52, "Plan Rows": 97603, "Plan Width": 4, "Filter": "(c_mktsegment = 'AUTOMOBILE'::bpchar)"}]}]}]}]}]}]}]}]}]}]}}, {"Plan": {"Node Type": "Limit", "Parallel Aware": false, "Startup Cost": 2980592.75, "Total Cost": 2980592.77, "Plan Rows": 10, "Plan Width": 44, "Plans": [{"Node Type": "Sort", "Parent Relationship": "Outer", "Parallel Aware": false, "Startup Cost": 2980592.75, "Total Cost": 2988556.34, "Plan Rows": 3185437, "Plan Width": 44, "Sort Key": ["(sum((lineitem.l_extendedprice * ('1'::numeric - lineitem.l_discount)))) DESC", "orders.o_orderdate"], "Plans": [{"Node Type": "Aggregate", "Strategy": "Sorted", "Partial Mode": "Finalize", "Parent Relationship": "Outer", "Parallel Aware": false, "Startup Cost": 2440363.43, "Total Cost": 2911756.6, "Plan Rows": 3185437, "Plan Width": 44, "Group Key": ["lineitem.l_orderkey", "orders.o_orderdate", "orders.o_shippriority"], "Plans": [{"Node Type": "Gather Merge", "Parent Relationship": "Outer", "Parallel Aware": false, "Startup Cost": 2440363.43, "Total Cost": 2833405.13, "Plan Rows": 3082680, "Plan Width": 44, "Workers Planned": 3, "Plans": [{"Node Type": "Aggregate", "Strategy": "Sorted", "Partial Mode": "Partial", "Parent Relationship": "Outer", "Parallel Aware": false, "Startup Cost": 2439363.39, "Total Cost": 2470190.19, "Plan Rows": 1027560, "Plan Width": 44, "Group Key": ["lineitem.l_orderkey", "orders.o_orderdate", "orders.o_shippriority"], "Plans": [{"Node Type": "Sort", "Parent Relationship": "Outer", "Parallel Aware": false, "Startup Cost": 2439363.39, "Total Cost": 2441932.29, "Plan Rows": 1027560, "Plan Width": 24, "Sort Key": ["lineitem.l_orderkey", "orders.o_orderdate", "orders.o_shippriority"], "Plans": [{"Node Type": "Hash Join", "Parent Relationship": "Outer", "Parallel Aware": true, "Join Type": "Inner", "Startup Cost": 825777.87, "Total Cost": 2324414.41, "Plan Rows": 1027560, "Plan Width": 24, "Inner Unique": false, "Hash Cond": "(lineitem.l_orderkey = orders.o_orderkey)", "Plans": [{"Node Type": "Bitmap Heap Scan", "Parent Relationship": "Outer", "Parallel Aware": true, "Relation Name": "lineitem", "Alias": "lineitem", "Startup Cost": 386383.63, "Total Cost": 1738885.46, "Plan Rows": 10394134, "Plan Width": 16, "Recheck Cond": "(l_shipdate > '1995-03-20'::date)", "Plans": [{"Node Type": "Bitmap Index Scan", "Parent Relationship": "Outer", "Parallel Aware": false, "Index Name": "idx_lineitem_shipdate", "Startup Cost": 0.0, "Total Cost": 378328.18, "Plan Rows": 32221815, "Plan Width": 0, "Index Cond": "(l_shipdate > '1995-03-20'::date)"}]}, {"Node Type": "Hash", "Parent Relationship": "Inner", "Parallel Aware": true, "Startup Cost": 431079.14, "Total Cost": 431079.14, "Plan Rows": 478328, "Plan Width": 12, "Plans": [{"Node Type": "Hash Join", "Parent Relationship": "Outer", "Parallel Aware": true, "Join Type": "Inner", "Startup Cost": 134300.81, "Total Cost": 431079.14, "Plan Rows": 478328, "Plan Width": 12, "Inner Unique": true, "Hash Cond": "(orders.o_custkey = customer.c_custkey)", "Plans": [{"Node Type": "Bitmap Heap Scan", "Parent Relationship": "Outer", "Parallel Aware": true, "Relation Name": "orders", "Alias": "orders", "Startup Cost": 79177.25, "Total Cost": 369730.83, "Plan Rows": 2371326, "Plan Width": 16, "Recheck Cond": "(o_orderdate < '1995-03-20'::date)", "Plans": [{"Node Type": "Bitmap Index Scan", "Parent Relationship": "Outer", "Parallel Aware": false, "Index Name": "idx_orders_orderdate", "Startup Cost": 0.0, "Total Cost": 77339.47, "Plan Rows": 7351112, "Plan Width": 0, "Index Cond": "(o_orderdate < '1995-03-20'::date)"}]}, {"Node Type": "Hash", "Parent Relationship": "Inner", "Parallel Aware": true, "Startup Cost": 53903.52, "Total Cost": 53903.52, "Plan Rows": 97603, "Plan Width": 4, "Plans": [{"Node Type": "Index Scan", "Parent Relationship": "Outer", "Parallel Aware": true, "Scan Direction": "Forward", "Index Name": "customer_pkey", "Relation Name": "customer", "Alias": "customer", "Startup Cost": 0.43, "Total Cost": 53903.52, "Plan Rows": 97603, "Plan Width": 4, "Filter": "(c_mktsegment = 'AUTOMOBILE'::bpchar)"}]}]}]}]}]}]}]}]}]}]}}, {"Plan": {"Node Type": "Limit", "Parallel Aware": false, "Startup Cost": 1636128.24, "Total Cost": 1636128.27, "Plan Rows": 10, "Plan Width": 44, "Plans": [{"Node Type": "Sort", "Parent Relationship": "Outer", "Parallel Aware": false, "Startup Cost": 1636128.24, "Total Cost": 1644091.84, "Plan Rows": 3185437, "Plan Width": 44, "Sort Key": ["(sum((lineitem.l_extendedprice * ('1'::numeric - lineitem.l_discount)))) DESC", "orders.o_orderdate"], "Plans": [{"Node Type": "Aggregate", "Strategy": "Sorted", "Partial Mode": "Finalize", "Parent Relationship": "Outer", "Parallel Aware": false, "Startup Cost": 1095898.93, "Total Cost": 1567292.1, "Plan Rows": 3185437, "Plan Width": 44, "Group Key": ["lineitem.l_orderkey", "orders.o_orderdate", "orders.o_shippriority"], "Plans": [{"Node Type": "Gather Merge", "Parent Relationship": "Outer", "Parallel Aware": false, "Startup Cost": 1095898.93, "Total Cost": 1488940.63, "Plan Rows": 3082680, "Plan Width": 44, "Workers Planned": 3, "Plans": [{"Node Type": "Aggregate", "Strategy": "Sorted", "Partial Mode": "Partial", "Parent Relationship": "Outer", "Parallel Aware": false, "Startup Cost": 1094898.89, "Total Cost": 1125725.69, "Plan Rows": 1027560, "Plan Width": 44, "Group Key": ["lineitem.l_orderkey", "orders.o_orderdate", "orders.o_shippriority"], "Plans": [{"Node Type": "Sort", "Parent Relationship": "Outer", "Parallel Aware": false, "Startup Cost": 1094898.89, "Total Cost": 1097467.79, "Plan Rows": 1027560, "Plan Width": 24, "Sort Key": ["lineitem.l_orderkey", "orders.o_orderdate", "orders.o_shippriority"], "Plans": [{"Node Type": "Nested Loop", "Parent Relationship": "Outer", "Parallel Aware": false, "Join Type": "Inner", "Startup Cost": 1.43, "Total Cost": 979949.91, "Plan Rows": 1027560, "Plan Width": 24, "Inner Unique": false, "Plans": [{"Node Type": "Nested Loop", "Parent Relationship": "Outer", "Parallel Aware": false, "Join Type": "Inner", "Startup Cost": 0.86, "Total Cost": 247477.27, "Plan Rows": 478328, "Plan Width": 12, "Inner Unique": false, "Plans": [{"Node Type": "Index Scan", "Parent Relationship": "Outer", "Parallel Aware": true, "Scan Direction": "Forward", "Index Name": "customer_pkey", "Relation Name": "customer", "Alias": "customer", "Startup Cost": 0.43, "Total Cost": 53903.52, "Plan Rows": 97603, "Plan Width": 4, "Filter": "(c_mktsegment = 'AUTOMOBILE'::bpchar)"}, {"Node Type": "Index Scan", "Parent Relationship": "Inner", "Parallel Aware": false, "Scan Direction": "Forward", "Index Name": "idx_orders_custkey", "Relation Name": "orders", "Alias": "orders", "Startup Cost": 0.43, "Total Cost": 1.89, "Plan Rows": 9, "Plan Width": 16, "Index Cond": "(o_custkey = customer.c_custkey)", "Filter": "(o_orderdate < '1995-03-20'::date)"}]}, {"Node Type": "Index Scan", "Parent Relationship": "Inner", "Parallel Aware": false, "Scan Direction": "Forward", "Index Name": "idx_lineitem_orderkey", "Relation Name": "lineitem", "Alias": "lineitem", "Startup Cost": 0.56, "Total Cost": 1.37, "Plan Rows": 16, "Plan Width": 16, "Index Cond": "(l_orderkey = orders.o_orderkey)", "Filter": "(l_shipdate > '1995-03-20'::date)"}]}]}]}]}]}]}]}}, {"Plan": {"Node Type": "Limit", "Parallel Aware": false, "Startup Cost": 2547761.16, "Total Cost": 2547761.19, "Plan Rows": 10, "Plan Width": 44, "Plans": [{"Node Type": "Sort", "Parent Relationship": "Outer", "Parallel Aware": false, "Startup Cost": 2547761.16, "Total Cost": 2555724.76, "Plan Rows": 3185437, "Plan Width": 44, "Sort Key": ["(sum((lineitem.l_extendedprice * ('1'::numeric - lineitem.l_discount)))) DESC", "orders.o_orderdate"], "Plans": [{"Node Type": "Aggregate", "Strategy": "Sorted", "Partial Mode": "Finalize", "Parent Relationship": "Outer", "Parallel Aware": false, "Startup Cost": 2007531.85, "Total Cost": 2478925.02, "Plan Rows": 3185437, "Plan Width": 44, "Group Key": ["lineitem.l_orderkey", "orders.o_orderdate", "orders.o_shippriority"], "Plans": [{"Node Type": "Gather Merge", "Parent Relationship": "Outer", "Parallel Aware": false, "Startup Cost": 2007531.85, "Total Cost": 2400573.55, "Plan Rows": 3082680, "Plan Width": 44, "Workers Planned": 3, "Plans": [{"Node Type": "Aggregate", "Strategy": "Sorted", "Partial Mode": "Partial", "Parent Relationship": "Outer", "Parallel Aware": false, "Startup Cost": 2006531.81, "Total Cost": 2037358.61, "Plan Rows": 1027560, "Plan Width": 44, "Group Key": ["lineitem.l_orderkey", "orders.o_orderdate", "orders.o_shippriority"], "Plans": [{"Node Type": "Sort", "Parent Relationship": "Outer", "Parallel Aware": false, "Startup Cost": 2006531.81, "Total Cost": 2009100.71, "Plan Rows": 1027560, "Plan Width": 24, "Sort Key": ["lineitem.l_orderkey", "orders.o_orderdate", "orders.o_shippriority"], "Plans": [{"Node Type": "Hash Join", "Parent Relationship": "Outer", "Parallel Aware": true, "Join Type": "Inner", "Startup Cost": 379027.99, "Total Cost": 1891582.83, "Plan Rows": 1027560, "Plan Width": 24, "Inner Unique": false, "Hash Cond": "(lineitem.l_orderkey = orders.o_orderkey)", "Plans": [{"Node Type": "Seq Scan", "Parent Relationship": "Outer", "Parallel Aware": true, "Relation Name": "lineitem", "Alias": "lineitem", "Startup Cost": 0.0, "Total Cost": 1366420.13, "Plan Rows": 10394134, "Plan Width": 16, "Filter": "(l_shipdate > '1995-03-20'::date)"}, {"Node Type": "Hash", "Parent Relationship": "Inner", "Parallel Aware": true, "Startup Cost": 370712.89, "Total Cost": 370712.89, "Plan Rows": 478328, "Plan Width": 12, "Plans": [{"Node Type": "Hash Join", "Parent Relationship": "Outer", "Parallel Aware": true, "Join Type": "Inner", "Startup Cost": 43095.42, "Total Cost": 370712.89, "Plan Rows": 478328, "Plan Width": 12, "Inner Unique": true, "Hash Cond": "(orders.o_custkey = customer.c_custkey)", "Plans": [{"Node Type": "Seq Scan", "Parent Relationship": "Outer", "Parallel Aware": true, "Relation Name": "orders", "Alias": "orders", "Startup Cost": 0.0, "Total Cost": 321392.71, "Plan Rows": 2371326, "Plan Width": 16, "Filter": "(o_orderdate < '1995-03-20'::date)"}, {"Node Type": "Hash", "Parent Relationship": "Inner", "Parallel Aware": true, "Startup Cost": 41875.39, "Total Cost": 41875.39, "Plan Rows": 97603, "Plan Width": 4, "Plans": [{"Node Type": "Seq Scan", "Parent Relationship": "Outer", "Parallel Aware": true, "Relation Name": "customer", "Alias": "customer", "Startup Cost": 0.0, "Total Cost": 41875.39, "Plan Rows": 97603, "Plan Width": 4, "Filter": "(c_mktsegment = 'AUTOMOBILE'::bpchar)"}]}]}]}]}]}]}]}]}]}]}}, {"Plan": {"Node Type": "Limit", "Parallel Aware": false, "Startup Cost": 1636128.24, "Total Cost": 1636128.27, "Plan Rows": 10, "Plan Width": 44, "Plans": [{"Node Type": "Sort", "Parent Relationship": "Outer", "Parallel Aware": false, "Startup Cost": 1636128.24, "Total Cost": 1644091.84, "Plan Rows": 3185437, "Plan Width": 44, "Sort Key": ["(sum((lineitem.l_extendedprice * ('1'::numeric - lineitem.l_discount)))) DESC", "orders.o_orderdate"], "Plans": [{"Node Type": "Aggregate", "Strategy": "Sorted", "Partial Mode": "Finalize", "Parent Relationship": "Outer", "Parallel Aware": false, "Startup Cost": 1095898.93, "Total Cost": 1567292.1, "Plan Rows": 3185437, "Plan Width": 44, "Group Key": ["lineitem.l_orderkey", "orders.o_orderdate", "orders.o_shippriority"], "Plans": [{"Node Type": "Gather Merge", "Parent Relationship": "Outer", "Parallel Aware": false, "Startup Cost": 1095898.93, "Total Cost": 1488940.63, "Plan Rows": 3082680, "Plan Width": 44, "Workers Planned": 3, "Plans": [{"Node Type": "Aggregate", "Strategy": "Sorted", "Partial Mode": "Partial", "Parent Relationship": "Outer", "Parallel Aware": false, "Startup Cost": 1094898.89, "Total Cost": 1125725.69, "Plan Rows": 1027560, "Plan Width": 44, "Group Key": ["lineitem.l_orderkey", "orders.o_orderdate", "orders.o_shippriority"], "Plans": [{"Node Type": "Sort", "Parent Relationship": "Outer", "Parallel Aware": false, "Startup Cost": 1094898.89, "Total Cost": 1097467.79, "Plan Rows": 1027560, "Plan Width": 24, "Sort Key": ["lineitem.l_orderkey", "orders.o_orderdate", "orders.o_shippriority"], "Plans": [{"Node Type": "Nested Loop", "Parent Relationship": "Outer", "Parallel Aware": false, "Join Type": "Inner", "Startup Cost": 1.43, "Total Cost": 979949.91, "Plan Rows": 1027560, "Plan Width": 24, "Inner Unique": false, "Plans": [{"Node Type": "Nested Loop", "Parent Relationship": "Outer", "Parallel Aware": false, "Join Type": "Inner", "Startup Cost": 0.86, "Total Cost": 247477.27, "Plan Rows": 478328, "Plan Width": 12, "Inner Unique": false, "Plans": [{"Node Type": "Index Scan", "Parent Relationship": "Outer", "Parallel Aware": true, "Scan Direction": "Forward", "Index Name": "customer_pkey", "Relation Name": "customer", "Alias": "customer", "Startup Cost": 0.43, "Total Cost": 53903.52, "Plan Rows": 97603, "Plan Width": 4, "Filter": "(c_mktsegment = 'AUTOMOBILE'::bpchar)"}, {"Node Type": "Index Scan", "Parent Relationship": "Inner", "Parallel Aware": false, "Scan Direction": "Forward", "Index Name": "idx_orders_custkey", "Relation Name": "orders", "Alias": "orders", "Startup Cost": 0.43, "Total Cost": 1.89, "Plan Rows": 9, "Plan Width": 16, "Index Cond": "(o_custkey = customer.c_custkey)", "Filter": "(o_orderdate < '1995-03-20'::date)"}]}, {"Node Type": "Index Scan", "Parent Relationship": "Inner", "Parallel Aware": false, "Scan Direction": "Forward", "Index Name": "idx_lineitem_orderkey", "Relation Name": "lineitem", "Alias": "lineitem", "Startup Cost": 0.56, "Total Cost": 1.37, "Plan Rows": 16, "Plan Width": 16, "Index Cond": "(l_orderkey = orders.o_orderkey)", "Filter": "(l_shipdate > '1995-03-20'::date)"}]}]}]}]}]}]}]}}, {"Plan": {"Node Type": "Limit", "Parallel Aware": false, "Startup Cost": 1624100.12, "Total Cost": 1624100.14, "Plan Rows": 10, "Plan Width": 44, "Plans": [{"Node Type": "Sort", "Parent Relationship": "Outer", "Parallel Aware": false, "Startup Cost": 1624100.12, "Total Cost": 1632063.71, "Plan Rows": 3185437, "Plan Width": 44, "Sort Key": ["(sum((lineitem.l_extendedprice * ('1'::numeric - lineitem.l_discount)))) DESC", "orders.o_orderdate"], "Plans": [{"Node Type": "Aggregate", "Strategy": "Sorted", "Partial Mode": "Finalize", "Parent Relationship": "Outer", "Parallel Aware": false, "Startup Cost": 1083870.81, "Total Cost": 1555263.97, "Plan Rows": 3185437, "Plan Width": 44, "Group Key": ["lineitem.l_orderkey", "orders.o_orderdate", "orders.o_shippriority"], "Plans": [{"Node Type": "Gather Merge", "Parent Relationship": "Outer", "Parallel Aware": false, "Startup Cost": 1083870.81, "Total Cost": 1476912.51, "Plan Rows": 3082680, "Plan Width": 44, "Workers Planned": 3, "Plans": [{"Node Type": "Aggregate", "Strategy": "Sorted", "Partial Mode": "Partial", "Parent Relationship": "Outer", "Parallel Aware": false, "Startup Cost": 1082870.77, "Total Cost": 1113697.57, "Plan Rows": 1027560, "Plan Width": 44, "Group Key": ["lineitem.l_orderkey", "orders.o_orderdate", "orders.o_shippriority"], "Plans": [{"Node Type": "Sort", "Parent Relationship": "Outer", "Parallel Aware": false, "Startup Cost": 1082870.77, "Total Cost": 1085439.67, "Plan Rows": 1027560, "Plan Width": 24, "Sort Key": ["lineitem.l_orderkey", "orders.o_orderdate", "orders.o_shippriority"], "Plans": [{"Node Type": "Nested Loop", "Parent Relationship": "Outer", "Parallel Aware": false, "Join Type": "Inner", "Startup Cost": 1.0, "Total Cost": 967921.78, "Plan Rows": 1027560, "Plan Width": 24, "Inner Unique": false, "Plans": [{"Node Type": "Nested Loop", "Parent Relationship": "Outer", "Parallel Aware": false, "Join Type": "Inner", "Startup Cost": 0.43, "Total Cost": 235449.15, "Plan Rows": 478328, "Plan Width": 12, "Inner Unique": false, "Plans": [{"Node Type": "Seq Scan", "Parent Relationship": "Outer", "Parallel Aware": true, "Relation Name": "customer", "Alias": "customer", "Startup Cost": 0.0, "Total Cost": 41875.39, "Plan Rows": 97603, "Plan Width": 4, "Filter": "(c_mktsegment = 'AUTOMOBILE'::bpchar)"}, {"Node Type": "Index Scan", "Parent Relationship": "Inner", "Parallel Aware": false, "Scan Direction": "Forward", "Index Name": "idx_orders_custkey", "Relation Name": "orders", "Alias": "orders", "Startup Cost": 0.43, "Total Cost": 1.89, "Plan Rows": 9, "Plan Width": 16, "Index Cond": "(o_custkey = customer.c_custkey)", "Filter": "(o_orderdate < '1995-03-20'::date)"}]}, {"Node Type": "Index Scan", "Parent Relationship": "Inner", "Parallel Aware": false, "Scan Direction": "Forward", "Index Name": "idx_lineitem_orderkey", "Relation Name": "lineitem", "Alias": "lineitem", "Startup Cost": 0.56, "Total Cost": 1.37, "Plan Rows": 16, "Plan Width": 16, "Index Cond": "(l_orderkey = orders.o_orderkey)", "Filter": "(l_shipdate > '1995-03-20'::date)"}]}]}]}]}]}]}]}}, {"Plan": {"Node Type": "Limit", "Parallel Aware": false, "Startup Cost": 2547761.16, "Total Cost": 2547761.19, "Plan Rows": 10, "Plan Width": 44, "Plans": [{"Node Type": "Sort", "Parent Relationship": "Outer", "Parallel Aware": false, "Startup Cost": 2547761.16, "Total Cost": 2555724.76, "Plan Rows": 3185437, "Plan Width": 44, "Sort Key": ["(sum((lineitem.l_extendedprice * ('1'::numeric - lineitem.l_discount)))) DESC", "orders.o_orderdate"], "Plans": [{"Node Type": "Aggregate", "Strategy": "Sorted", "Partial Mode": "Finalize", "Parent Relationship": "Outer", "Parallel Aware": false, "Startup Cost": 2007531.85, "Total Cost": 2478925.02, "Plan Rows": 3185437, "Plan Width": 44, "Group Key": ["lineitem.l_orderkey", "orders.o_orderdate", "orders.o_shippriority"], "Plans": [{"Node Type": "Gather Merge", "Parent Relationship": "Outer", "Parallel Aware": false, "Startup Cost": 2007531.85, "Total Cost": 2400573.55, "Plan Rows": 3082680, "Plan Width": 44, "Workers Planned": 3, "Plans": [{"Node Type": "Aggregate", "Strategy": "Sorted", "Partial Mode": "Partial", "Parent Relationship": "Outer", "Parallel Aware": false, "Startup Cost": 2006531.81, "Total Cost": 2037358.61, "Plan Rows": 1027560, "Plan Width": 44, "Group Key": ["lineitem.l_orderkey", "orders.o_orderdate", "orders.o_shippriority"], "Plans": [{"Node Type": "Sort", "Parent Relationship": "Outer", "Parallel Aware": false, "Startup Cost": 2006531.81, "Total Cost": 2009100.71, "Plan Rows": 1027560, "Plan Width": 24, "Sort Key": ["lineitem.l_orderkey", "orders.o_orderdate", "orders.o_shippriority"], "Plans": [{"Node Type": "Hash Join", "Parent Relationship": "Outer", "Parallel Aware": true, "Join Type": "Inner", "Startup Cost": 379027.99, "Total Cost": 1891582.83, "Plan Rows": 1027560, "Plan Width": 24, "Inner Unique": false, "Hash Cond": "(lineitem.l_orderkey = orders.o_orderkey)", "Plans": [{"Node Type": "Seq Scan", "Parent Relationship": "Outer", "Parallel Aware": true, "Relation Name": "lineitem", "Alias": "lineitem", "Startup Cost": 0.0, "Total Cost": 1366420.13, "Plan Rows": 10394134, "Plan Width": 16, "Filter": "(l_shipdate > '1995-03-20'::date)"}, {"Node Type": "Hash", "Parent Relationship": "Inner", "Parallel Aware": true, "Startup Cost": 370712.89, "Total Cost": 370712.89, "Plan Rows": 478328, "Plan Width": 12, "Plans": [{"Node Type": "Hash Join", "Parent Relationship": "Outer", "Parallel Aware": true, "Join Type": "Inner", "Startup Cost": 43095.42, "Total Cost": 370712.89, "Plan Rows": 478328, "Plan Width": 12, "Inner Unique": true, "Hash Cond": "(orders.o_custkey = customer.c_custkey)", "Plans": [{"Node Type": "Seq Scan", "Parent Relationship": "Outer", "Parallel Aware": true, "Relation Name": "orders", "Alias": "orders", "Startup Cost": 0.0, "Total Cost": 321392.71, "Plan Rows": 2371326, "Plan Width": 16, "Filter": "(o_orderdate < '1995-03-20'::date)"}, {"Node Type": "Hash", "Parent Relationship": "Inner", "Parallel Aware": true, "Startup Cost": 41875.39, "Total Cost": 41875.39, "Plan Rows": 97603, "Plan Width": 4, "Plans": [{"Node Type": "Seq Scan", "Parent Relationship": "Outer", "Parallel Aware": true, "Relation Name": "customer", "Alias": "customer", "Startup Cost": 0.0, "Total Cost": 41875.39, "Plan Rows": 97603, "Plan Width": 4, "Filter": "(c_mktsegment = 'AUTOMOBILE'::bpchar)"}]}]}]}]}]}]}]}]}]}]}}, {"Plan": {"Node Type": "Limit", "Parallel Aware": false, "Startup Cost": 10003786373.07, "Total Cost": 10003786373.09, "Plan Rows": 10, "Plan Width": 44, "Plans": [{"Node Type": "Sort", "Parent Relationship": "Outer", "Parallel Aware": false, "Startup Cost": 10003786373.07, "Total Cost": 10003794336.66, "Plan Rows": 3185437, "Plan Width": 44, "Sort Key": ["(sum((lineitem.l_extendedprice * ('1'::numeric - lineitem.l_discount)))) DESC", "orders.o_orderdate"], "Plans": [{"Node Type": "Aggregate", "Strategy": "Sorted", "Partial Mode": "Simple", "Parent Relationship": "Outer", "Parallel Aware": false, "Startup Cost": 10003621973.81, "Total Cost": 10003717536.92, "Plan Rows": 3185437, "Plan Width": 44, "Group Key": ["lineitem.l_orderkey", "orders.o_orderdate", "orders.o_shippriority"], "Plans": [{"Node Type": "Sort", "Parent Relationship": "Outer", "Parallel Aware": false, "Startup Cost": 10003621973.81, "Total Cost": 10003629937.4, "Plan Rows": 3185437, "Plan Width": 24, "Sort Key": ["lineitem.l_orderkey", "orders.o_orderdate", "orders.o_shippriority"], "Plans": [{"Node Type": "Hash Join", "Parent Relationship": "Outer", "Parallel Aware": false, "Join Type": "Inner", "Startup Cost": 10000933821.97, "Total Cost": 10003239634.63, "Plan Rows": 3185437, "Plan Width": 24, "Inner Unique": false, "Hash Cond": "(lineitem.l_orderkey = orders.o_orderkey)", "Plans": [{"Node Type": "Bitmap Heap Scan", "Parent Relationship": "Outer", "Parallel Aware": false, "Relation Name": "lineitem", "Alias": "lineitem", "Startup Cost": 386383.63, "Total Cost": 2217601.11, "Plan Rows": 32221815, "Plan Width": 16, "Recheck Cond": "(l_shipdate > '1995-03-20'::date)", "Plans": [{"Node Type": "Bitmap Index Scan", "Parent Relationship": "Outer", "Parallel Aware": false, "Index Name": "idx_lineitem_shipdate", "Startup Cost": 0.0, "Total Cost": 378328.18, "Plan Rows": 32221815, "Plan Width": 0, "Index Cond": "(l_shipdate > '1995-03-20'::date)"}]}, {"Node Type": "Hash", "Parent Relationship": "Inner", "Parallel Aware": false, "Startup Cost": 10000521662.13, "Total Cost": 10000521662.13, "Plan Rows": 1482817, "Plan Width": 12, "Plans": [{"Node Type": "Hash Join", "Parent Relationship": "Outer", "Parallel Aware": false, "Join Type": "Inner", "Startup Cost": 10000149564.51, "Total Cost": 10000521662.13, "Plan Rows": 1482817, "Plan Width": 12, "Inner Unique": true, "Hash Cond": "(orders.o_custkey = customer.c_custkey)", "Plans": [{"Node Type": "Bitmap Heap Scan", "Parent Relationship": "Outer", "Parallel Aware": false, "Relation Name": "orders", "Alias": "orders", "Startup Cost": 79177.25, "Total Cost": 431978.15, "Plan Rows": 7351112, "Plan Width": 16, "Recheck Cond": "(o_orderdate < '1995-03-20'::date)", "Plans": [{"Node Type": "Bitmap Index Scan", "Parent Relationship": "Outer", "Parallel Aware": false, "Index Name": "idx_orders_orderdate", "Startup Cost": 0.0, "Total Cost": 77339.47, "Plan Rows": 7351112, "Plan Width": 0, "Index Cond": "(o_orderdate < '1995-03-20'::date)"}]}, {"Node Type": "Hash", "Parent Relationship": "Inner", "Parallel Aware": false, "Startup Cost": 10000066605.13, "Total Cost": 10000066605.13, "Plan Rows": 302570, "Plan Width": 4, "Plans": [{"Node Type": "Index Scan", "Parent Relationship": "Outer", "Parallel Aware": false, "Scan Direction": "Forward", "Index Name": "customer_pkey", "Relation Name": "customer", "Alias": "customer", "Startup Cost": 10000000000.43, "Total Cost": 10000066605.13, "Plan Rows": 302570, "Plan Width": 4, "Filter": "(c_mktsegment = 'AUTOMOBILE'::bpchar)"}]}]}]}]}]}]}]}]}}, {"Plan": {"Node Type": "Limit", "Parallel Aware": false, "Startup Cost": 5917014.65, "Total Cost": 5917014.68, "Plan Rows": 10, "Plan Width": 44, "Plans": [{"Node Type": "Sort", "Parent Relationship": "Outer", "Parallel Aware": false, "Startup Cost": 5917014.65, "Total Cost": 5924978.25, "Plan Rows": 3185437, "Plan Width": 44, "Sort Key": ["(sum((lineitem.l_extendedprice * ('1'::numeric - lineitem.l_discount)))) DESC", "orders.o_orderdate"], "Plans": [{"Node Type": "Aggregate", "Strategy": "Sorted", "Partial Mode": "Finalize", "Parent Relationship": "Outer", "Parallel Aware": false, "Startup Cost": 5376785.34, "Total Cost": 5848178.51, "Plan Rows": 3185437, "Plan Width": 44, "Group Key": ["lineitem.l_orderkey", "orders.o_orderdate", "orders.o_shippriority"], "Plans": [{"Node Type": "Gather Merge", "Parent Relationship": "Outer", "Parallel Aware": false, "Startup Cost": 5376785.34, "Total Cost": 5769827.04, "Plan Rows": 3082680, "Plan Width": 44, "Workers Planned": 3, "Plans": [{"Node Type": "Aggregate", "Strategy": "Sorted", "Partial Mode": "Partial", "Parent Relationship": "Outer", "Parallel Aware": false, "Startup Cost": 5375785.3, "Total Cost": 5406612.1, "Plan Rows": 1027560, "Plan Width": 44, "Group Key": ["lineitem.l_orderkey", "orders.o_orderdate", "orders.o_shippriority"], "Plans": [{"Node Type": "Sort", "Parent Relationship": "Outer", "Parallel Aware": false, "Startup Cost": 5375785.3, "Total Cost": 5378354.2, "Plan Rows": 1027560, "Plan Width": 24, "Sort Key": ["lineitem.l_orderkey", "orders.o_orderdate", "orders.o_shippriority"], "Plans": [{"Node Type": "Nested Loop", "Parent Relationship": "Outer", "Parallel Aware": false, "Join Type": "Inner", "Startup Cost": 79178.52, "Total Cost": 5260836.32, "Plan Rows": 1027560, "Plan Width": 24, "Inner Unique": false, "Plans": [{"Node Type": "Nested Loop", "Parent Relationship": "Outer", "Parallel Aware": false, "Join Type": "Inner", "Startup Cost": 79177.69, "Total Cost": 4047337.25, "Plan Rows": 478328, "Plan Width": 12, "Inner Unique": true, "Plans": [{"Node Type": "Bitmap Heap Scan", "Parent Relationship": "Outer", "Parallel Aware": true, "Relation Name": "orders", "Alias": "orders", "Startup Cost": 79177.25, "Total Cost": 369730.83, "Plan Rows": 2371326, "Plan Width": 16, "Recheck Cond": "(o_orderdate < '1995-03-20'::date)", "Plans": [{"Node Type": "Bitmap Index Scan", "Parent Relationship": "Outer", "Parallel Aware": false, "Index Name": "idx_orders_orderdate", "Startup Cost": 0.0, "Total Cost": 77339.47, "Plan Rows": 7351112, "Plan Width": 0, "Index Cond": "(o_orderdate < '1995-03-20'::date)"}]}, {"Node Type": "Bitmap Heap Scan", "Parent Relationship": "Inner", "Parallel Aware": false, "Relation Name": "customer", "Alias": "customer", "Startup Cost": 0.44, "Total Cost": 1.55, "Plan Rows": 1, "Plan Width": 4, "Recheck Cond": "(c_custkey = orders.o_custkey)", "Filter": "(c_mktsegment = 'AUTOMOBILE'::bpchar)", "Plans": [{"Node Type": "Bitmap Index Scan", "Parent Relationship": "Outer", "Parallel Aware": false, "Index Name": "customer_pkey", "Startup Cost": 0.0, "Total Cost": 0.44, "Plan Rows": 1, "Plan Width": 0, "Index Cond": "(c_custkey = orders.o_custkey)"}]}]}, {"Node Type": "Bitmap Heap Scan", "Parent Relationship": "Inner", "Parallel Aware": false, "Relation Name": "lineitem", "Alias": "lineitem", "Startup Cost": 0.83, "Total Cost": 2.38, "Plan Rows": 16, "Plan Width": 16, "Recheck Cond": "(l_orderkey = orders.o_orderkey)", "Filter": "(l_shipdate > '1995-03-20'::date)", "Plans": [{"Node Type": "Bitmap Index Scan", "Parent Relationship": "Outer", "Parallel Aware": false, "Index Name": "lineitem_pkey", "Startup Cost": 0.0, "Total Cost": 0.82, "Plan Rows": 30, "Plan Width": 0, "Index Cond": "(l_orderkey = orders.o_orderkey)"}]}]}]}]}]}]}]}]}}, {"Plan": {"Node Type": "Limit", "Parallel Aware": false, "Startup Cost": 2124520.13, "Total Cost": 2124520.16, "Plan Rows": 10, "Plan Width": 44, "Plans": [{"Node Type": "Sort", "Parent Relationship": "Outer", "Parallel Aware": false, "Startup Cost": 2124520.13, "Total Cost": 2132483.72, "Plan Rows": 3185437, "Plan Width": 44, "Sort Key": ["(sum((lineitem.l_extendedprice * ('1'::numeric - lineitem.l_discount)))) DESC", "orders.o_orderdate"], "Plans": [{"Node Type": "Aggregate", "Strategy": "Sorted", "Partial Mode": "Finalize", "Parent Relationship": "Outer", "Parallel Aware": false, "Startup Cost": 1584290.82, "Total Cost": 2055683.98, "Plan Rows": 3185437, "Plan Width": 44, "Group Key": ["lineitem.l_orderkey", "orders.o_orderdate", "orders.o_shippriority"], "Plans": [{"Node Type": "Gather Merge", "Parent Relationship": "Outer", "Parallel Aware": false, "Startup Cost": 1584290.82, "Total Cost": 1977332.52, "Plan Rows": 3082680, "Plan Width": 44, "Workers Planned": 3, "Plans": [{"Node Type": "Aggregate", "Strategy": "Sorted", "Partial Mode": "Partial", "Parent Relationship": "Outer", "Parallel Aware": false, "Startup Cost": 1583290.78, "Total Cost": 1614117.58, "Plan Rows": 1027560, "Plan Width": 44, "Group Key": ["lineitem.l_orderkey", "orders.o_orderdate", "orders.o_shippriority"], "Plans": [{"Node Type": "Sort", "Parent Relationship": "Outer", "Parallel Aware": false, "Startup Cost": 1583290.78, "Total Cost": 1585859.68, "Plan Rows": 1027560, "Plan Width": 24, "Sort Key": ["lineitem.l_orderkey", "orders.o_orderdate", "orders.o_shippriority"], "Plans": [{"Node Type": "Nested Loop", "Parent Relationship": "Outer", "Parallel Aware": false, "Join Type": "Inner", "Startup Cost": 1.55, "Total Cost": 1468341.8, "Plan Rows": 1027560, "Plan Width": 24, "Inner Unique": false, "Plans": [{"Node Type": "Nested Loop", "Parent Relationship": "Outer", "Parallel Aware": false, "Join Type": "Inner", "Startup Cost": 0.72, "Total Cost": 254842.73, "Plan Rows": 478328, "Plan Width": 12, "Inner Unique": false, "Plans": [{"Node Type": "Seq Scan", "Parent Relationship": "Outer", "Parallel Aware": true, "Relation Name": "customer", "Alias": "customer", "Startup Cost": 0.0, "Total Cost": 41875.39, "Plan Rows": 97603, "Plan Width": 4, "Filter": "(c_mktsegment = 'AUTOMOBILE'::bpchar)"}, {"Node Type": "Bitmap Heap Scan", "Parent Relationship": "Inner", "Parallel Aware": false, "Relation Name": "orders", "Alias": "orders", "Startup Cost": 0.72, "Total Cost": 2.09, "Plan Rows": 9, "Plan Width": 16, "Recheck Cond": "(o_custkey = customer.c_custkey)", "Filter": "(o_orderdate < '1995-03-20'::date)", "Plans": [{"Node Type": "Bitmap Index Scan", "Parent Relationship": "Outer", "Parallel Aware": false, "Index Name": "idx_orders_custkey", "Startup Cost": 0.0, "Total Cost": 0.72, "Plan Rows": 18, "Plan Width": 0, "Index Cond": "(o_custkey = customer.c_custkey)"}]}]}, {"Node Type": "Bitmap Heap Scan", "Parent Relationship": "Inner", "Parallel Aware": false, "Relation Name": "lineitem", "Alias": "lineitem", "Startup Cost": 0.83, "Total Cost": 2.38, "Plan Rows": 16, "Plan Width": 16, "Recheck Cond": "(l_orderkey = orders.o_orderkey)", "Filter": "(l_shipdate > '1995-03-20'::date)", "Plans": [{"Node Type": "Bitmap Index Scan", "Parent Relationship": "Outer", "Parallel Aware": false, "Index Name": "lineitem_pkey", "Startup Cost": 0.0, "Total Cost": 0.82, "Plan Rows": 30, "Plan Width": 0, "Index Cond": "(l_orderkey = orders.o_orderkey)"}]}]}]}]}]}]}]}]}}, {"Plan": {"Node Type": "Limit", "Parallel Aware": false, "Startup Cost": 2547761.16, "Total Cost": 2547761.19, "Plan Rows": 10, "Plan Width": 44, "Plans": [{"Node Type": "Sort", "Parent Relationship": "Outer", "Parallel Aware": false, "Startup Cost": 2547761.16, "Total Cost": 2555724.76, "Plan Rows": 3185437, "Plan Width": 44, "Sort Key": ["(sum((lineitem.l_extendedprice * ('1'::numeric - lineitem.l_discount)))) DESC", "orders.o_orderdate"], "Plans": [{"Node Type": "Aggregate", "Strategy": "Sorted", "Partial Mode": "Finalize", "Parent Relationship": "Outer", "Parallel Aware": false, "Startup Cost": 2007531.85, "Total Cost": 2478925.02, "Plan Rows": 3185437, "Plan Width": 44, "Group Key": ["lineitem.l_orderkey", "orders.o_orderdate", "orders.o_shippriority"], "Plans": [{"Node Type": "Gather Merge", "Parent Relationship": "Outer", "Parallel Aware": false, "Startup Cost": 2007531.85, "Total Cost": 2400573.55, "Plan Rows": 3082680, "Plan Width": 44, "Workers Planned": 3, "Plans": [{"Node Type": "Aggregate", "Strategy": "Sorted", "Partial Mode": "Partial", "Parent Relationship": "Outer", "Parallel Aware": false, "Startup Cost": 2006531.81, "Total Cost": 2037358.61, "Plan Rows": 1027560, "Plan Width": 44, "Group Key": ["lineitem.l_orderkey", "orders.o_orderdate", "orders.o_shippriority"], "Plans": [{"Node Type": "Sort", "Parent Relationship": "Outer", "Parallel Aware": false, "Startup Cost": 2006531.81, "Total Cost": 2009100.71, "Plan Rows": 1027560, "Plan Width": 24, "Sort Key": ["lineitem.l_orderkey", "orders.o_orderdate", "orders.o_shippriority"], "Plans": [{"Node Type": "Hash Join", "Parent Relationship": "Outer", "Parallel Aware": true, "Join Type": "Inner", "Startup Cost": 379027.99, "Total Cost": 1891582.83, "Plan Rows": 1027560, "Plan Width": 24, "Inner Unique": false, "Hash Cond": "(lineitem.l_orderkey = orders.o_orderkey)", "Plans": [{"Node Type": "Seq Scan", "Parent Relationship": "Outer", "Parallel Aware": true, "Relation Name": "lineitem", "Alias": "lineitem", "Startup Cost": 0.0, "Total Cost": 1366420.13, "Plan Rows": 10394134, "Plan Width": 16, "Filter": "(l_shipdate > '1995-03-20'::date)"}, {"Node Type": "Hash", "Parent Relationship": "Inner", "Parallel Aware": true, "Startup Cost": 370712.89, "Total Cost": 370712.89, "Plan Rows": 478328, "Plan Width": 12, "Plans": [{"Node Type": "Hash Join", "Parent Relationship": "Outer", "Parallel Aware": true, "Join Type": "Inner", "Startup Cost": 43095.42, "Total Cost": 370712.89, "Plan Rows": 478328, "Plan Width": 12, "Inner Unique": true, "Hash Cond": "(orders.o_custkey = customer.c_custkey)", "Plans": [{"Node Type": "Seq Scan", "Parent Relationship": "Outer", "Parallel Aware": true, "Relation Name": "orders", "Alias": "orders", "Startup Cost": 0.0, "Total Cost": 321392.71, "Plan Rows": 2371326, "Plan Width": 16, "Filter": "(o_orderdate < '1995-03-20'::date)"}, {"Node Type": "Hash", "Parent Relationship": "Inner", "Parallel Aware": true, "Startup Cost": 41875.39, "Total Cost": 41875.39, "Plan Rows": 97603, "Plan Width": 4, "Plans": [{"Node Type": "Seq Scan", "Parent Relationship": "Outer", "Parallel Aware": true, "Relation Name": "customer", "Alias": "customer", "Startup Cost": 0.0, "Total Cost": 41875.39, "Plan Rows": 97603, "Plan Width": 4, "Filter": "(c_mktsegment = 'AUTOMOBILE'::bpchar)"}]}]}]}]}]}]}]}]}]}]}}, {"Plan": {"Node Type": "Limit", "Parallel Aware": false, "Startup Cost": 5917014.65, "Total Cost": 5917014.68, "Plan Rows": 10, "Plan Width": 44, "Plans": [{"Node Type": "Sort", "Parent Relationship": "Outer", "Parallel Aware": false, "Startup Cost": 5917014.65, "Total Cost": 5924978.25, "Plan Rows": 3185437, "Plan Width": 44, "Sort Key": ["(sum((lineitem.l_extendedprice * ('1'::numeric - lineitem.l_discount)))) DESC", "orders.o_orderdate"], "Plans": [{"Node Type": "Aggregate", "Strategy": "Sorted", "Partial Mode": "Finalize", "Parent Relationship": "Outer", "Parallel Aware": false, "Startup Cost": 5376785.34, "Total Cost": 5848178.51, "Plan Rows": 3185437, "Plan Width": 44, "Group Key": ["lineitem.l_orderkey", "orders.o_orderdate", "orders.o_shippriority"], "Plans": [{"Node Type": "Gather Merge", "Parent Relationship": "Outer", "Parallel Aware": false, "Startup Cost": 5376785.34, "Total Cost": 5769827.04, "Plan Rows": 3082680, "Plan Width": 44, "Workers Planned": 3, "Plans": [{"Node Type": "Aggregate", "Strategy": "Sorted", "Partial Mode": "Partial", "Parent Relationship": "Outer", "Parallel Aware": false, "Startup Cost": 5375785.3, "Total Cost": 5406612.1, "Plan Rows": 1027560, "Plan Width": 44, "Group Key": ["lineitem.l_orderkey", "orders.o_orderdate", "orders.o_shippriority"], "Plans": [{"Node Type": "Sort", "Parent Relationship": "Outer", "Parallel Aware": false, "Startup Cost": 5375785.3, "Total Cost": 5378354.2, "Plan Rows": 1027560, "Plan Width": 24, "Sort Key": ["lineitem.l_orderkey", "orders.o_orderdate", "orders.o_shippriority"], "Plans": [{"Node Type": "Nested Loop", "Parent Relationship": "Outer", "Parallel Aware": false, "Join Type": "Inner", "Startup Cost": 79178.52, "Total Cost": 5260836.32, "Plan Rows": 1027560, "Plan Width": 24, "Inner Unique": false, "Plans": [{"Node Type": "Nested Loop", "Parent Relationship": "Outer", "Parallel Aware": false, "Join Type": "Inner", "Startup Cost": 79177.69, "Total Cost": 4047337.25, "Plan Rows": 478328, "Plan Width": 12, "Inner Unique": true, "Plans": [{"Node Type": "Bitmap Heap Scan", "Parent Relationship": "Outer", "Parallel Aware": true, "Relation Name": "orders", "Alias": "orders", "Startup Cost": 79177.25, "Total Cost": 369730.83, "Plan Rows": 2371326, "Plan Width": 16, "Recheck Cond": "(o_orderdate < '1995-03-20'::date)", "Plans": [{"Node Type": "Bitmap Index Scan", "Parent Relationship": "Outer", "Parallel Aware": false, "Index Name": "idx_orders_orderdate", "Startup Cost": 0.0, "Total Cost": 77339.47, "Plan Rows": 7351112, "Plan Width": 0, "Index Cond": "(o_orderdate < '1995-03-20'::date)"}]}, {"Node Type": "Bitmap Heap Scan", "Parent Relationship": "Inner", "Parallel Aware": false, "Relation Name": "customer", "Alias": "customer", "Startup Cost": 0.44, "Total Cost": 1.55, "Plan Rows": 1, "Plan Width": 4, "Recheck Cond": "(c_custkey = orders.o_custkey)", "Filter": "(c_mktsegment = 'AUTOMOBILE'::bpchar)", "Plans": [{"Node Type": "Bitmap Index Scan", "Parent Relationship": "Outer", "Parallel Aware": false, "Index Name": "customer_pkey", "Startup Cost": 0.0, "Total Cost": 0.44, "Plan Rows": 1, "Plan Width": 0, "Index Cond": "(c_custkey = orders.o_custkey)"}]}]}, {"Node Type": "Bitmap Heap Scan", "Parent Relationship": "Inner", "Parallel Aware": false, "Relation Name": "lineitem", "Alias": "lineitem", "Startup Cost": 0.83, "Total Cost": 2.38, "Plan Rows": 16, "Plan Width": 16, "Recheck Cond": "(l_orderkey = orders.o_orderkey)", "Filter": "(l_shipdate > '1995-03-20'::date)", "Plans": [{"Node Type": "Bitmap Index Scan", "Parent Relationship": "Outer", "Parallel Aware": false, "Index Name": "lineitem_pkey", "Startup Cost": 0.0, "Total Cost": 0.82, "Plan Rows": 30, "Plan Width": 0, "Index Cond": "(l_orderkey = orders.o_orderkey)"}]}]}]}]}]}]}]}]}}, {"Plan": {"Node Type": "Limit", "Parallel Aware": false, "Startup Cost": 2124520.13, "Total Cost": 2124520.16, "Plan Rows": 10, "Plan Width": 44, "Plans": [{"Node Type": "Sort", "Parent Relationship": "Outer", "Parallel Aware": false, "Startup Cost": 2124520.13, "Total Cost": 2132483.72, "Plan Rows": 3185437, "Plan Width": 44, "Sort Key": ["(sum((lineitem.l_extendedprice * ('1'::numeric - lineitem.l_discount)))) DESC", "orders.o_orderdate"], "Plans": [{"Node Type": "Aggregate", "Strategy": "Sorted", "Partial Mode": "Finalize", "Parent Relationship": "Outer", "Parallel Aware": false, "Startup Cost": 1584290.82, "Total Cost": 2055683.98, "Plan Rows": 3185437, "Plan Width": 44, "Group Key": ["lineitem.l_orderkey", "orders.o_orderdate", "orders.o_shippriority"], "Plans": [{"Node Type": "Gather Merge", "Parent Relationship": "Outer", "Parallel Aware": false, "Startup Cost": 1584290.82, "Total Cost": 1977332.52, "Plan Rows": 3082680, "Plan Width": 44, "Workers Planned": 3, "Plans": [{"Node Type": "Aggregate", "Strategy": "Sorted", "Partial Mode": "Partial", "Parent Relationship": "Outer", "Parallel Aware": false, "Startup Cost": 1583290.78, "Total Cost": 1614117.58, "Plan Rows": 1027560, "Plan Width": 44, "Group Key": ["lineitem.l_orderkey", "orders.o_orderdate", "orders.o_shippriority"], "Plans": [{"Node Type": "Sort", "Parent Relationship": "Outer", "Parallel Aware": false, "Startup Cost": 1583290.78, "Total Cost": 1585859.68, "Plan Rows": 1027560, "Plan Width": 24, "Sort Key": ["lineitem.l_orderkey", "orders.o_orderdate", "orders.o_shippriority"], "Plans": [{"Node Type": "Nested Loop", "Parent Relationship": "Outer", "Parallel Aware": false, "Join Type": "Inner", "Startup Cost": 1.55, "Total Cost": 1468341.8, "Plan Rows": 1027560, "Plan Width": 24, "Inner Unique": false, "Plans": [{"Node Type": "Nested Loop", "Parent Relationship": "Outer", "Parallel Aware": false, "Join Type": "Inner", "Startup Cost": 0.72, "Total Cost": 254842.73, "Plan Rows": 478328, "Plan Width": 12, "Inner Unique": false, "Plans": [{"Node Type": "Seq Scan", "Parent Relationship": "Outer", "Parallel Aware": true, "Relation Name": "customer", "Alias": "customer", "Startup Cost": 0.0, "Total Cost": 41875.39, "Plan Rows": 97603, "Plan Width": 4, "Filter": "(c_mktsegment = 'AUTOMOBILE'::bpchar)"}, {"Node Type": "Bitmap Heap Scan", "Parent Relationship": "Inner", "Parallel Aware": false, "Relation Name": "orders", "Alias": "orders", "Startup Cost": 0.72, "Total Cost": 2.09, "Plan Rows": 9, "Plan Width": 16, "Recheck Cond": "(o_custkey = customer.c_custkey)", "Filter": "(o_orderdate < '1995-03-20'::date)", "Plans": [{"Node Type": "Bitmap Index Scan", "Parent Relationship": "Outer", "Parallel Aware": false, "Index Name": "idx_orders_custkey", "Startup Cost": 0.0, "Total Cost": 0.72, "Plan Rows": 18, "Plan Width": 0, "Index Cond": "(o_custkey = customer.c_custkey)"}]}]}, {"Node Type": "Bitmap Heap Scan", "Parent Relationship": "Inner", "Parallel Aware": false, "Relation Name": "lineitem", "Alias": "lineitem", "Startup Cost": 0.83, "Total Cost": 2.38, "Plan Rows": 16, "Plan Width": 16, "Recheck Cond": "(l_orderkey = orders.o_orderkey)", "Filter": "(l_shipdate > '1995-03-20'::date)", "Plans": [{"Node Type": "Bitmap Index Scan", "Parent Relationship": "Outer", "Parallel Aware": false, "Index Name": "lineitem_pkey", "Startup Cost": 0.0, "Total Cost": 0.82, "Plan Rows": 30, "Plan Width": 0, "Index Cond": "(l_orderkey = orders.o_orderkey)"}]}]}]}]}]}]}]}]}}, {"Plan": {"Node Type": "Limit", "Parallel Aware": false, "Startup Cost": 2547761.16, "Total Cost": 2547761.19, "Plan Rows": 10, "Plan Width": 44, "Plans": [{"Node Type": "Sort", "Parent Relationship": "Outer", "Parallel Aware": false, "Startup Cost": 2547761.16, "Total Cost": 2555724.76, "Plan Rows": 3185437, "Plan Width": 44, "Sort Key": ["(sum((lineitem.l_extendedprice * ('1'::numeric - lineitem.l_discount)))) DESC", "orders.o_orderdate"], "Plans": [{"Node Type": "Aggregate", "Strategy": "Sorted", "Partial Mode": "Finalize", "Parent Relationship": "Outer", "Parallel Aware": false, "Startup Cost": 2007531.85, "Total Cost": 2478925.02, "Plan Rows": 3185437, "Plan Width": 44, "Group Key": ["lineitem.l_orderkey", "orders.o_orderdate", "orders.o_shippriority"], "Plans": [{"Node Type": "Gather Merge", "Parent Relationship": "Outer", "Parallel Aware": false, "Startup Cost": 2007531.85, "Total Cost": 2400573.55, "Plan Rows": 3082680, "Plan Width": 44, "Workers Planned": 3, "Plans": [{"Node Type": "Aggregate", "Strategy": "Sorted", "Partial Mode": "Partial", "Parent Relationship": "Outer", "Parallel Aware": false, "Startup Cost": 2006531.81, "Total Cost": 2037358.61, "Plan Rows": 1027560, "Plan Width": 44, "Group Key": ["lineitem.l_orderkey", "orders.o_orderdate", "orders.o_shippriority"], "Plans": [{"Node Type": "Sort", "Parent Relationship": "Outer", "Parallel Aware": false, "Startup Cost": 2006531.81, "Total Cost": 2009100.71, "Plan Rows": 1027560, "Plan Width": 24, "Sort Key": ["lineitem.l_orderkey", "orders.o_orderdate", "orders.o_shippriority"], "Plans": [{"Node Type": "Hash Join", "Parent Relationship": "Outer", "Parallel Aware": true, "Join Type": "Inner", "Startup Cost": 379027.99, "Total Cost": 1891582.83, "Plan Rows": 1027560, "Plan Width": 24, "Inner Unique": false, "Hash Cond": "(lineitem.l_orderkey = orders.o_orderkey)", "Plans": [{"Node Type": "Seq Scan", "Parent Relationship": "Outer", "Parallel Aware": true, "Relation Name": "lineitem", "Alias": "lineitem", "Startup Cost": 0.0, "Total Cost": 1366420.13, "Plan Rows": 10394134, "Plan Width": 16, "Filter": "(l_shipdate > '1995-03-20'::date)"}, {"Node Type": "Hash", "Parent Relationship": "Inner", "Parallel Aware": true, "Startup Cost": 370712.89, "Total Cost": 370712.89, "Plan Rows": 478328, "Plan Width": 12, "Plans": [{"Node Type": "Hash Join", "Parent Relationship": "Outer", "Parallel Aware": true, "Join Type": "Inner", "Startup Cost": 43095.42, "Total Cost": 370712.89, "Plan Rows": 478328, "Plan Width": 12, "Inner Unique": true, "Hash Cond": "(orders.o_custkey = customer.c_custkey)", "Plans": [{"Node Type": "Seq Scan", "Parent Relationship": "Outer", "Parallel Aware": true, "Relation Name": "orders", "Alias": "orders", "Startup Cost": 0.0, "Total Cost": 321392.71, "Plan Rows": 2371326, "Plan Width": 16, "Filter": "(o_orderdate < '1995-03-20'::date)"}, {"Node Type": "Hash", "Parent Relationship": "Inner", "Parallel Aware": true, "Startup Cost": 41875.39, "Total Cost": 41875.39, "Plan Rows": 97603, "Plan Width": 4, "Plans": [{"Node Type": "Seq Scan", "Parent Relationship": "Outer", "Parallel Aware": true, "Relation Name": "customer", "Alias": "customer", "Startup Cost": 0.0, "Total Cost": 41875.39, "Plan Rows": 97603, "Plan Width": 4, "Filter": "(c_mktsegment = 'AUTOMOBILE'::bpchar)"}]}]}]}]}]}]}]}]}]}]}}, {"Plan": {"Node Type": "Limit", "Parallel Aware": false, "Startup Cost": 2980592.75, "Total Cost": 2980592.77, "Plan Rows": 10, "Plan Width": 44, "Plans": [{"Node Type": "Sort", "Parent Relationship": "Outer", "Parallel Aware": false, "Startup Cost": 2980592.75, "Total Cost": 2988556.34, "Plan Rows": 3185437, "Plan Width": 44, "Sort Key": ["(sum((lineitem.l_extendedprice * ('1'::numeric - lineitem.l_discount)))) DESC", "orders.o_orderdate"], "Plans": [{"Node Type": "Aggregate", "Strategy": "Sorted", "Partial Mode": "Finalize", "Parent Relationship": "Outer", "Parallel Aware": false, "Startup Cost": 2440363.43, "Total Cost": 2911756.6, "Plan Rows": 3185437, "Plan Width": 44, "Group Key": ["lineitem.l_orderkey", "orders.o_orderdate", "orders.o_shippriority"], "Plans": [{"Node Type": "Gather Merge", "Parent Relationship": "Outer", "Parallel Aware": false, "Startup Cost": 2440363.43, "Total Cost": 2833405.13, "Plan Rows": 3082680, "Plan Width": 44, "Workers Planned": 3, "Plans": [{"Node Type": "Aggregate", "Strategy": "Sorted", "Partial Mode": "Partial", "Parent Relationship": "Outer", "Parallel Aware": false, "Startup Cost": 2439363.39, "Total Cost": 2470190.19, "Plan Rows": 1027560, "Plan Width": 44, "Group Key": ["lineitem.l_orderkey", "orders.o_orderdate", "orders.o_shippriority"], "Plans": [{"Node Type": "Sort", "Parent Relationship": "Outer", "Parallel Aware": false, "Startup Cost": 2439363.39, "Total Cost": 2441932.29, "Plan Rows": 1027560, "Plan Width": 24, "Sort Key": ["lineitem.l_orderkey", "orders.o_orderdate", "orders.o_shippriority"], "Plans": [{"Node Type": "Hash Join", "Parent Relationship": "Outer", "Parallel Aware": true, "Join Type": "Inner", "Startup Cost": 825777.87, "Total Cost": 2324414.41, "Plan Rows": 1027560, "Plan Width": 24, "Inner Unique": false, "Hash Cond": "(lineitem.l_orderkey = orders.o_orderkey)", "Plans": [{"Node Type": "Bitmap Heap Scan", "Parent Relationship": "Outer", "Parallel Aware": true, "Relation Name": "lineitem", "Alias": "lineitem", "Startup Cost": 386383.63, "Total Cost": 1738885.46, "Plan Rows": 10394134, "Plan Width": 16, "Recheck Cond": "(l_shipdate > '1995-03-20'::date)", "Plans": [{"Node Type": "Bitmap Index Scan", "Parent Relationship": "Outer", "Parallel Aware": false, "Index Name": "idx_lineitem_shipdate", "Startup Cost": 0.0, "Total Cost": 378328.18, "Plan Rows": 32221815, "Plan Width": 0, "Index Cond": "(l_shipdate > '1995-03-20'::date)"}]}, {"Node Type": "Hash", "Parent Relationship": "Inner", "Parallel Aware": true, "Startup Cost": 431079.14, "Total Cost": 431079.14, "Plan Rows": 478328, "Plan Width": 12, "Plans": [{"Node Type": "Hash Join", "Parent Relationship": "Outer", "Parallel Aware": true, "Join Type": "Inner", "Startup Cost": 134300.81, "Total Cost": 431079.14, "Plan Rows": 478328, "Plan Width": 12, "Inner Unique": true, "Hash Cond": "(orders.o_custkey = customer.c_custkey)", "Plans": [{"Node Type": "Bitmap Heap Scan", "Parent Relationship": "Outer", "Parallel Aware": true, "Relation Name": "orders", "Alias": "orders", "Startup Cost": 79177.25, "Total Cost": 369730.83, "Plan Rows": 2371326, "Plan Width": 16, "Recheck Cond": "(o_orderdate < '1995-03-20'::date)", "Plans": [{"Node Type": "Bitmap Index Scan", "Parent Relationship": "Outer", "Parallel Aware": false, "Index Name": "idx_orders_orderdate", "Startup Cost": 0.0, "Total Cost": 77339.47, "Plan Rows": 7351112, "Plan Width": 0, "Index Cond": "(o_orderdate < '1995-03-20'::date)"}]}, {"Node Type": "Hash", "Parent Relationship": "Inner", "Parallel Aware": true, "Startup Cost": 53903.52, "Total Cost": 53903.52, "Plan Rows": 97603, "Plan Width": 4, "Plans": [{"Node Type": "Index Scan", "Parent Relationship": "Outer", "Parallel Aware": true, "Scan Direction": "Forward", "Index Name": "customer_pkey", "Relation Name": "customer", "Alias": "customer", "Startup Cost": 0.43, "Total Cost": 53903.52, "Plan Rows": 97603, "Plan Width": 4, "Filter": "(c_mktsegment = 'AUTOMOBILE'::bpchar)"}]}]}]}]}]}]}]}]}]}]}}, {"Plan": {"Node Type": "Limit", "Parallel Aware": false, "Startup Cost": 2980592.75, "Total Cost": 2980592.77, "Plan Rows": 10, "Plan Width": 44, "Plans": [{"Node Type": "Sort", "Parent Relationship": "Outer", "Parallel Aware": false, "Startup Cost": 2980592.75, "Total Cost": 2988556.34, "Plan Rows": 3185437, "Plan Width": 44, "Sort Key": ["(sum((lineitem.l_extendedprice * ('1'::numeric - lineitem.l_discount)))) DESC", "orders.o_orderdate"], "Plans": [{"Node Type": "Aggregate", "Strategy": "Sorted", "Partial Mode": "Finalize", "Parent Relationship": "Outer", "Parallel Aware": false, "Startup Cost": 2440363.43, "Total Cost": 2911756.6, "Plan Rows": 3185437, "Plan Width": 44, "Group Key": ["lineitem.l_orderkey", "orders.o_orderdate", "orders.o_shippriority"], "Plans": [{"Node Type": "Gather Merge", "Parent Relationship": "Outer", "Parallel Aware": false, "Startup Cost": 2440363.43, "Total Cost": 2833405.13, "Plan Rows": 3082680, "Plan Width": 44, "Workers Planned": 3, "Plans": [{"Node Type": "Aggregate", "Strategy": "Sorted", "Partial Mode": "Partial", "Parent Relationship": "Outer", "Parallel Aware": false, "Startup Cost": 2439363.39, "Total Cost": 2470190.19, "Plan Rows": 1027560, "Plan Width": 44, "Group Key": ["lineitem.l_orderkey", "orders.o_orderdate", "orders.o_shippriority"], "Plans": [{"Node Type": "Sort", "Parent Relationship": "Outer", "Parallel Aware": false, "Startup Cost": 2439363.39, "Total Cost": 2441932.29, "Plan Rows": 1027560, "Plan Width": 24, "Sort Key": ["lineitem.l_orderkey", "orders.o_orderdate", "orders.o_shippriority"], "Plans": [{"Node Type": "Hash Join", "Parent Relationship": "Outer", "Parallel Aware": true, "Join Type": "Inner", "Startup Cost": 825777.87, "Total Cost": 2324414.41, "Plan Rows": 1027560, "Plan Width": 24, "Inner Unique": false, "Hash Cond": "(lineitem.l_orderkey = orders.o_orderkey)", "Plans": [{"Node Type": "Bitmap Heap Scan", "Parent Relationship": "Outer", "Parallel Aware": true, "Relation Name": "lineitem", "Alias": "lineitem", "Startup Cost": 386383.63, "Total Cost": 1738885.46, "Plan Rows": 10394134, "Plan Width": 16, "Recheck Cond": "(l_shipdate > '1995-03-20'::date)", "Plans": [{"Node Type": "Bitmap Index Scan", "Parent Relationship": "Outer", "Parallel Aware": false, "Index Name": "idx_lineitem_shipdate", "Startup Cost": 0.0, "Total Cost": 378328.18, "Plan Rows": 32221815, "Plan Width": 0, "Index Cond": "(l_shipdate > '1995-03-20'::date)"}]}, {"Node Type": "Hash", "Parent Relationship": "Inner", "Parallel Aware": true, "Startup Cost": 431079.14, "Total Cost": 431079.14, "Plan Rows": 478328, "Plan Width": 12, "Plans": [{"Node Type": "Hash Join", "Parent Relationship": "Outer", "Parallel Aware": true, "Join Type": "Inner", "Startup Cost": 134300.81, "Total Cost": 431079.14, "Plan Rows": 478328, "Plan Width": 12, "Inner Unique": true, "Hash Cond": "(orders.o_custkey = customer.c_custkey)", "Plans": [{"Node Type": "Bitmap Heap Scan", "Parent Relationship": "Outer", "Parallel Aware": true, "Relation Name": "orders", "Alias": "orders", "Startup Cost": 79177.25, "Total Cost": 369730.83, "Plan Rows": 2371326, "Plan Width": 16, "Recheck Cond": "(o_orderdate < '1995-03-20'::date)", "Plans": [{"Node Type": "Bitmap Index Scan", "Parent Relationship": "Outer", "Parallel Aware": false, "Index Name": "idx_orders_orderdate", "Startup Cost": 0.0, "Total Cost": 77339.47, "Plan Rows": 7351112, "Plan Width": 0, "Index Cond": "(o_orderdate < '1995-03-20'::date)"}]}, {"Node Type": "Hash", "Parent Relationship": "Inner", "Parallel Aware": true, "Startup Cost": 53903.52, "Total Cost": 53903.52, "Plan Rows": 97603, "Plan Width": 4, "Plans": [{"Node Type": "Index Scan", "Parent Relationship": "Outer", "Parallel Aware": true, "Scan Direction": "Forward", "Index Name": "customer_pkey", "Relation Name": "customer", "Alias": "customer", "Startup Cost": 0.43, "Total Cost": 53903.52, "Plan Rows": 97603, "Plan Width": 4, "Filter": "(c_mktsegment = 'AUTOMOBILE'::bpchar)"}]}]}]}]}]}]}]}]}]}]}}, {"Plan": {"Node Type": "Limit", "Parallel Aware": false, "Startup Cost": 1636128.24, "Total Cost": 1636128.27, "Plan Rows": 10, "Plan Width": 44, "Plans": [{"Node Type": "Sort", "Parent Relationship": "Outer", "Parallel Aware": false, "Startup Cost": 1636128.24, "Total Cost": 1644091.84, "Plan Rows": 3185437, "Plan Width": 44, "Sort Key": ["(sum((lineitem.l_extendedprice * ('1'::numeric - lineitem.l_discount)))) DESC", "orders.o_orderdate"], "Plans": [{"Node Type": "Aggregate", "Strategy": "Sorted", "Partial Mode": "Finalize", "Parent Relationship": "Outer", "Parallel Aware": false, "Startup Cost": 1095898.93, "Total Cost": 1567292.1, "Plan Rows": 3185437, "Plan Width": 44, "Group Key": ["lineitem.l_orderkey", "orders.o_orderdate", "orders.o_shippriority"], "Plans": [{"Node Type": "Gather Merge", "Parent Relationship": "Outer", "Parallel Aware": false, "Startup Cost": 1095898.93, "Total Cost": 1488940.63, "Plan Rows": 3082680, "Plan Width": 44, "Workers Planned": 3, "Plans": [{"Node Type": "Aggregate", "Strategy": "Sorted", "Partial Mode": "Partial", "Parent Relationship": "Outer", "Parallel Aware": false, "Startup Cost": 1094898.89, "Total Cost": 1125725.69, "Plan Rows": 1027560, "Plan Width": 44, "Group Key": ["lineitem.l_orderkey", "orders.o_orderdate", "orders.o_shippriority"], "Plans": [{"Node Type": "Sort", "Parent Relationship": "Outer", "Parallel Aware": false, "Startup Cost": 1094898.89, "Total Cost": 1097467.79, "Plan Rows": 1027560, "Plan Width": 24, "Sort Key": ["lineitem.l_orderkey", "orders.o_orderdate", "orders.o_shippriority"], "Plans": [{"Node Type": "Nested Loop", "Parent Relationship": "Outer", "Parallel Aware": false, "Join Type": "Inner", "Startup Cost": 1.43, "Total Cost": 979949.91, "Plan Rows": 1027560, "Plan Width": 24, "Inner Unique": false, "Plans": [{"Node Type": "Nested Loop", "Parent Relationship": "Outer", "Parallel Aware": false, "Join Type": "Inner", "Startup Cost": 0.86, "Total Cost": 247477.27, "Plan Rows": 478328, "Plan Width": 12, "Inner Unique": false, "Plans": [{"Node Type": "Index Scan", "Parent Relationship": "Outer", "Parallel Aware": true, "Scan Direction": "Forward", "Index Name": "customer_pkey", "Relation Name": "customer", "Alias": "customer", "Startup Cost": 0.43, "Total Cost": 53903.52, "Plan Rows": 97603, "Plan Width": 4, "Filter": "(c_mktsegment = 'AUTOMOBILE'::bpchar)"}, {"Node Type": "Index Scan", "Parent Relationship": "Inner", "Parallel Aware": false, "Scan Direction": "Forward", "Index Name": "idx_orders_custkey", "Relation Name": "orders", "Alias": "orders", "Startup Cost": 0.43, "Total Cost": 1.89, "Plan Rows": 9, "Plan Width": 16, "Index Cond": "(o_custkey = customer.c_custkey)", "Filter": "(o_orderdate < '1995-03-20'::date)"}]}, {"Node Type": "Index Scan", "Parent Relationship": "Inner", "Parallel Aware": false, "Scan Direction": "Forward", "Index Name": "idx_lineitem_orderkey", "Relation Name": "lineitem", "Alias": "lineitem", "Startup Cost": 0.56, "Total Cost": 1.37, "Plan Rows": 16, "Plan Width": 16, "Index Cond": "(l_orderkey = orders.o_orderkey)", "Filter": "(l_shipdate > '1995-03-20'::date)"}]}]}]}]}]}]}]}}, {"Plan": {"Node Type": "Limit", "Parallel Aware": false, "Startup Cost": 1624100.12, "Total Cost": 1624100.14, "Plan Rows": 10, "Plan Width": 44, "Plans": [{"Node Type": "Sort", "Parent Relationship": "Outer", "Parallel Aware": false, "Startup Cost": 1624100.12, "Total Cost": 1632063.71, "Plan Rows": 3185437, "Plan Width": 44, "Sort Key": ["(sum((lineitem.l_extendedprice * ('1'::numeric - lineitem.l_discount)))) DESC", "orders.o_orderdate"], "Plans": [{"Node Type": "Aggregate", "Strategy": "Sorted", "Partial Mode": "Finalize", "Parent Relationship": "Outer", "Parallel Aware": false, "Startup Cost": 1083870.81, "Total Cost": 1555263.97, "Plan Rows": 3185437, "Plan Width": 44, "Group Key": ["lineitem.l_orderkey", "orders.o_orderdate", "orders.o_shippriority"], "Plans": [{"Node Type": "Gather Merge", "Parent Relationship": "Outer", "Parallel Aware": false, "Startup Cost": 1083870.81, "Total Cost": 1476912.51, "Plan Rows": 3082680, "Plan Width": 44, "Workers Planned": 3, "Plans": [{"Node Type": "Aggregate", "Strategy": "Sorted", "Partial Mode": "Partial", "Parent Relationship": "Outer", "Parallel Aware": false, "Startup Cost": 1082870.77, "Total Cost": 1113697.57, "Plan Rows": 1027560, "Plan Width": 44, "Group Key": ["lineitem.l_orderkey", "orders.o_orderdate", "orders.o_shippriority"], "Plans": [{"Node Type": "Sort", "Parent Relationship": "Outer", "Parallel Aware": false, "Startup Cost": 1082870.77, "Total Cost": 1085439.67, "Plan Rows": 1027560, "Plan Width": 24, "Sort Key": ["lineitem.l_orderkey", "orders.o_orderdate", "orders.o_shippriority"], "Plans": [{"Node Type": "Nested Loop", "Parent Relationship": "Outer", "Parallel Aware": false, "Join Type": "Inner", "Startup Cost": 1.0, "Total Cost": 967921.78, "Plan Rows": 1027560, "Plan Width": 24, "Inner Unique": false, "Plans": [{"Node Type": "Nested Loop", "Parent Relationship": "Outer", "Parallel Aware": false, "Join Type": "Inner", "Startup Cost": 0.43, "Total Cost": 235449.15, "Plan Rows": 478328, "Plan Width": 12, "Inner Unique": false, "Plans": [{"Node Type": "Seq Scan", "Parent Relationship": "Outer", "Parallel Aware": true, "Relation Name": "customer", "Alias": "customer", "Startup Cost": 0.0, "Total Cost": 41875.39, "Plan Rows": 97603, "Plan Width": 4, "Filter": "(c_mktsegment = 'AUTOMOBILE'::bpchar)"}, {"Node Type": "Index Scan", "Parent Relationship": "Inner", "Parallel Aware": false, "Scan Direction": "Forward", "Index Name": "idx_orders_custkey", "Relation Name": "orders", "Alias": "orders", "Startup Cost": 0.43, "Total Cost": 1.89, "Plan Rows": 9, "Plan Width": 16, "Index Cond": "(o_custkey = customer.c_custkey)", "Filter": "(o_orderdate < '1995-03-20'::date)"}]}, {"Node Type": "Index Scan", "Parent Relationship": "Inner", "Parallel Aware": false, "Scan Direction": "Forward", "Index Name": "idx_lineitem_orderkey", "Relation Name": "lineitem", "Alias": "lineitem", "Startup Cost": 0.56, "Total Cost": 1.37, "Plan Rows": 16, "Plan Width": 16, "Index Cond": "(l_orderkey = orders.o_orderkey)", "Filter": "(l_shipdate > '1995-03-20'::date)"}]}]}]}]}]}]}]}}, {"Plan": {"Node Type": "Limit", "Parallel Aware": false, "Startup Cost": 2547761.16, "Total Cost": 2547761.19, "Plan Rows": 10, "Plan Width": 44, "Plans": [{"Node Type": "Sort", "Parent Relationship": "Outer", "Parallel Aware": false, "Startup Cost": 2547761.16, "Total Cost": 2555724.76, "Plan Rows": 3185437, "Plan Width": 44, "Sort Key": ["(sum((lineitem.l_extendedprice * ('1'::numeric - lineitem.l_discount)))) DESC", "orders.o_orderdate"], "Plans": [{"Node Type": "Aggregate", "Strategy": "Sorted", "Partial Mode": "Finalize", "Parent Relationship": "Outer", "Parallel Aware": false, "Startup Cost": 2007531.85, "Total Cost": 2478925.02, "Plan Rows": 3185437, "Plan Width": 44, "Group Key": ["lineitem.l_orderkey", "orders.o_orderdate", "orders.o_shippriority"], "Plans": [{"Node Type": "Gather Merge", "Parent Relationship": "Outer", "Parallel Aware": false, "Startup Cost": 2007531.85, "Total Cost": 2400573.55, "Plan Rows": 3082680, "Plan Width": 44, "Workers Planned": 3, "Plans": [{"Node Type": "Aggregate", "Strategy": "Sorted", "Partial Mode": "Partial", "Parent Relationship": "Outer", "Parallel Aware": false, "Startup Cost": 2006531.81, "Total Cost": 2037358.61, "Plan Rows": 1027560, "Plan Width": 44, "Group Key": ["lineitem.l_orderkey", "orders.o_orderdate", "orders.o_shippriority"], "Plans": [{"Node Type": "Sort", "Parent Relationship": "Outer", "Parallel Aware": false, "Startup Cost": 2006531.81, "Total Cost": 2009100.71, "Plan Rows": 1027560, "Plan Width": 24, "Sort Key": ["lineitem.l_orderkey", "orders.o_orderdate", "orders.o_shippriority"], "Plans": [{"Node Type": "Hash Join", "Parent Relationship": "Outer", "Parallel Aware": true, "Join Type": "Inner", "Startup Cost": 379027.99, "Total Cost": 1891582.83, "Plan Rows": 1027560, "Plan Width": 24, "Inner Unique": false, "Hash Cond": "(lineitem.l_orderkey = orders.o_orderkey)", "Plans": [{"Node Type": "Seq Scan", "Parent Relationship": "Outer", "Parallel Aware": true, "Relation Name": "lineitem", "Alias": "lineitem", "Startup Cost": 0.0, "Total Cost": 1366420.13, "Plan Rows": 10394134, "Plan Width": 16, "Filter": "(l_shipdate > '1995-03-20'::date)"}, {"Node Type": "Hash", "Parent Relationship": "Inner", "Parallel Aware": true, "Startup Cost": 370712.89, "Total Cost": 370712.89, "Plan Rows": 478328, "Plan Width": 12, "Plans": [{"Node Type": "Hash Join", "Parent Relationship": "Outer", "Parallel Aware": true, "Join Type": "Inner", "Startup Cost": 43095.42, "Total Cost": 370712.89, "Plan Rows": 478328, "Plan Width": 12, "Inner Unique": true, "Hash Cond": "(orders.o_custkey = customer.c_custkey)", "Plans": [{"Node Type": "Seq Scan", "Parent Relationship": "Outer", "Parallel Aware": true, "Relation Name": "orders", "Alias": "orders", "Startup Cost": 0.0, "Total Cost": 321392.71, "Plan Rows": 2371326, "Plan Width": 16, "Filter": "(o_orderdate < '1995-03-20'::date)"}, {"Node Type": "Hash", "Parent Relationship": "Inner", "Parallel Aware": true, "Startup Cost": 41875.39, "Total Cost": 41875.39, "Plan Rows": 97603, "Plan Width": 4, "Plans": [{"Node Type": "Seq Scan", "Parent Relationship": "Outer", "Parallel Aware": true, "Relation Name": "customer", "Alias": "customer", "Startup Cost": 0.0, "Total Cost": 41875.39, "Plan Rows": 97603, "Plan Width": 4, "Filter": "(c_mktsegment = 'AUTOMOBILE'::bpchar)"}]}]}]}]}]}]}]}]}]}]}}, {"Plan": {"Node Type": "Limit", "Parallel Aware": false, "Startup Cost": 1636128.24, "Total Cost": 1636128.27, "Plan Rows": 10, "Plan Width": 44, "Plans": [{"Node Type": "Sort", "Parent Relationship": "Outer", "Parallel Aware": false, "Startup Cost": 1636128.24, "Total Cost": 1644091.84, "Plan Rows": 3185437, "Plan Width": 44, "Sort Key": ["(sum((lineitem.l_extendedprice * ('1'::numeric - lineitem.l_discount)))) DESC", "orders.o_orderdate"], "Plans": [{"Node Type": "Aggregate", "Strategy": "Sorted", "Partial Mode": "Finalize", "Parent Relationship": "Outer", "Parallel Aware": false, "Startup Cost": 1095898.93, "Total Cost": 1567292.1, "Plan Rows": 3185437, "Plan Width": 44, "Group Key": ["lineitem.l_orderkey", "orders.o_orderdate", "orders.o_shippriority"], "Plans": [{"Node Type": "Gather Merge", "Parent Relationship": "Outer", "Parallel Aware": false, "Startup Cost": 1095898.93, "Total Cost": 1488940.63, "Plan Rows": 3082680, "Plan Width": 44, "Workers Planned": 3, "Plans": [{"Node Type": "Aggregate", "Strategy": "Sorted", "Partial Mode": "Partial", "Parent Relationship": "Outer", "Parallel Aware": false, "Startup Cost": 1094898.89, "Total Cost": 1125725.69, "Plan Rows": 1027560, "Plan Width": 44, "Group Key": ["lineitem.l_orderkey", "orders.o_orderdate", "orders.o_shippriority"], "Plans": [{"Node Type": "Sort", "Parent Relationship": "Outer", "Parallel Aware": false, "Startup Cost": 1094898.89, "Total Cost": 1097467.79, "Plan Rows": 1027560, "Plan Width": 24, "Sort Key": ["lineitem.l_orderkey", "orders.o_orderdate", "orders.o_shippriority"], "Plans": [{"Node Type": "Nested Loop", "Parent Relationship": "Outer", "Parallel Aware": false, "Join Type": "Inner", "Startup Cost": 1.43, "Total Cost": 979949.91, "Plan Rows": 1027560, "Plan Width": 24, "Inner Unique": false, "Plans": [{"Node Type": "Nested Loop", "Parent Relationship": "Outer", "Parallel Aware": false, "Join Type": "Inner", "Startup Cost": 0.86, "Total Cost": 247477.27, "Plan Rows": 478328, "Plan Width": 12, "Inner Unique": false, "Plans": [{"Node Type": "Index Scan", "Parent Relationship": "Outer", "Parallel Aware": true, "Scan Direction": "Forward", "Index Name": "customer_pkey", "Relation Name": "customer", "Alias": "customer", "Startup Cost": 0.43, "Total Cost": 53903.52, "Plan Rows": 97603, "Plan Width": 4, "Filter": "(c_mktsegment = 'AUTOMOBILE'::bpchar)"}, {"Node Type": "Index Scan", "Parent Relationship": "Inner", "Parallel Aware": false, "Scan Direction": "Forward", "Index Name": "idx_orders_custkey", "Relation Name": "orders", "Alias": "orders", "Startup Cost": 0.43, "Total Cost": 1.89, "Plan Rows": 9, "Plan Width": 16, "Index Cond": "(o_custkey = customer.c_custkey)", "Filter": "(o_orderdate < '1995-03-20'::date)"}]}, {"Node Type": "Index Scan", "Parent Relationship": "Inner", "Parallel Aware": false, "Scan Direction": "Forward", "Index Name": "idx_lineitem_orderkey", "Relation Name": "lineitem", "Alias": "lineitem", "Startup Cost": 0.56, "Total Cost": 1.37, "Plan Rows": 16, "Plan Width": 16, "Index Cond": "(l_orderkey = orders.o_orderkey)", "Filter": "(l_shipdate > '1995-03-20'::date)"}]}]}]}]}]}]}]}}, {"Plan": {"Node Type": "Limit", "Parallel Aware": false, "Startup Cost": 1624100.12, "Total Cost": 1624100.14, "Plan Rows": 10, "Plan Width": 44, "Plans": [{"Node Type": "Sort", "Parent Relationship": "Outer", "Parallel Aware": false, "Startup Cost": 1624100.12, "Total Cost": 1632063.71, "Plan Rows": 3185437, "Plan Width": 44, "Sort Key": ["(sum((lineitem.l_extendedprice * ('1'::numeric - lineitem.l_discount)))) DESC", "orders.o_orderdate"], "Plans": [{"Node Type": "Aggregate", "Strategy": "Sorted", "Partial Mode": "Finalize", "Parent Relationship": "Outer", "Parallel Aware": false, "Startup Cost": 1083870.81, "Total Cost": 1555263.97, "Plan Rows": 3185437, "Plan Width": 44, "Group Key": ["lineitem.l_orderkey", "orders.o_orderdate", "orders.o_shippriority"], "Plans": [{"Node Type": "Gather Merge", "Parent Relationship": "Outer", "Parallel Aware": false, "Startup Cost": 1083870.81, "Total Cost": 1476912.51, "Plan Rows": 3082680, "Plan Width": 44, "Workers Planned": 3, "Plans": [{"Node Type": "Aggregate", "Strategy": "Sorted", "Partial Mode": "Partial", "Parent Relationship": "Outer", "Parallel Aware": false, "Startup Cost": 1082870.77, "Total Cost": 1113697.57, "Plan Rows": 1027560, "Plan Width": 44, "Group Key": ["lineitem.l_orderkey", "orders.o_orderdate", "orders.o_shippriority"], "Plans": [{"Node Type": "Sort", "Parent Relationship": "Outer", "Parallel Aware": false, "Startup Cost": 1082870.77, "Total Cost": 1085439.67, "Plan Rows": 1027560, "Plan Width": 24, "Sort Key": ["lineitem.l_orderkey", "orders.o_orderdate", "orders.o_shippriority"], "Plans": [{"Node Type": "Nested Loop", "Parent Relationship": "Outer", "Parallel Aware": false, "Join Type": "Inner", "Startup Cost": 1.0, "Total Cost": 967921.78, "Plan Rows": 1027560, "Plan Width": 24, "Inner Unique": false, "Plans": [{"Node Type": "Nested Loop", "Parent Relationship": "Outer", "Parallel Aware": false, "Join Type": "Inner", "Startup Cost": 0.43, "Total Cost": 235449.15, "Plan Rows": 478328, "Plan Width": 12, "Inner Unique": false, "Plans": [{"Node Type": "Seq Scan", "Parent Relationship": "Outer", "Parallel Aware": true, "Relation Name": "customer", "Alias": "customer", "Startup Cost": 0.0, "Total Cost": 41875.39, "Plan Rows": 97603, "Plan Width": 4, "Filter": "(c_mktsegment = 'AUTOMOBILE'::bpchar)"}, {"Node Type": "Index Scan", "Parent Relationship": "Inner", "Parallel Aware": false, "Scan Direction": "Forward", "Index Name": "idx_orders_custkey", "Relation Name": "orders", "Alias": "orders", "Startup Cost": 0.43, "Total Cost": 1.89, "Plan Rows": 9, "Plan Width": 16, "Index Cond": "(o_custkey = customer.c_custkey)", "Filter": "(o_orderdate < '1995-03-20'::date)"}]}, {"Node Type": "Index Scan", "Parent Relationship": "Inner", "Parallel Aware": false, "Scan Direction": "Forward", "Index Name": "idx_lineitem_orderkey", "Relation Name": "lineitem", "Alias": "lineitem", "Startup Cost": 0.56, "Total Cost": 1.37, "Plan Rows": 16, "Plan Width": 16, "Index Cond": "(l_orderkey = orders.o_orderkey)", "Filter": "(l_shipdate > '1995-03-20'::date)"}]}]}]}]}]}]}]}}, {"Plan": {"Node Type": "Limit", "Parallel Aware": false, "Startup Cost": 2547761.16, "Total Cost": 2547761.19, "Plan Rows": 10, "Plan Width": 44, "Plans": [{"Node Type": "Sort", "Parent Relationship": "Outer", "Parallel Aware": false, "Startup Cost": 2547761.16, "Total Cost": 2555724.76, "Plan Rows": 3185437, "Plan Width": 44, "Sort Key": ["(sum((lineitem.l_extendedprice * ('1'::numeric - lineitem.l_discount)))) DESC", "orders.o_orderdate"], "Plans": [{"Node Type": "Aggregate", "Strategy": "Sorted", "Partial Mode": "Finalize", "Parent Relationship": "Outer", "Parallel Aware": false, "Startup Cost": 2007531.85, "Total Cost": 2478925.02, "Plan Rows": 3185437, "Plan Width": 44, "Group Key": ["lineitem.l_orderkey", "orders.o_orderdate", "orders.o_shippriority"], "Plans": [{"Node Type": "Gather Merge", "Parent Relationship": "Outer", "Parallel Aware": false, "Startup Cost": 2007531.85, "Total Cost": 2400573.55, "Plan Rows": 3082680, "Plan Width": 44, "Workers Planned": 3, "Plans": [{"Node Type": "Aggregate", "Strategy": "Sorted", "Partial Mode": "Partial", "Parent Relationship": "Outer", "Parallel Aware": false, "Startup Cost": 2006531.81, "Total Cost": 2037358.61, "Plan Rows": 1027560, "Plan Width": 44, "Group Key": ["lineitem.l_orderkey", "orders.o_orderdate", "orders.o_shippriority"], "Plans": [{"Node Type": "Sort", "Parent Relationship": "Outer", "Parallel Aware": false, "Startup Cost": 2006531.81, "Total Cost": 2009100.71, "Plan Rows": 1027560, "Plan Width": 24, "Sort Key": ["lineitem.l_orderkey", "orders.o_orderdate", "orders.o_shippriority"], "Plans": [{"Node Type": "Hash Join", "Parent Relationship": "Outer", "Parallel Aware": true, "Join Type": "Inner", "Startup Cost": 379027.99, "Total Cost": 1891582.83, "Plan Rows": 1027560, "Plan Width": 24, "Inner Unique": false, "Hash Cond": "(lineitem.l_orderkey = orders.o_orderkey)", "Plans": [{"Node Type": "Seq Scan", "Parent Relationship": "Outer", "Parallel Aware": true, "Relation Name": "lineitem", "Alias": "lineitem", "Startup Cost": 0.0, "Total Cost": 1366420.13, "Plan Rows": 10394134, "Plan Width": 16, "Filter": "(l_shipdate > '1995-03-20'::date)"}, {"Node Type": "Hash", "Parent Relationship": "Inner", "Parallel Aware": true, "Startup Cost": 370712.89, "Total Cost": 370712.89, "Plan Rows": 478328, "Plan Width": 12, "Plans": [{"Node Type": "Hash Join", "Parent Relationship": "Outer", "Parallel Aware": true, "Join Type": "Inner", "Startup Cost": 43095.42, "Total Cost": 370712.89, "Plan Rows": 478328, "Plan Width": 12, "Inner Unique": true, "Hash Cond": "(orders.o_custkey = customer.c_custkey)", "Plans": [{"Node Type": "Seq Scan", "Parent Relationship": "Outer", "Parallel Aware": true, "Relation Name": "orders", "Alias": "orders", "Startup Cost": 0.0, "Total Cost": 321392.71, "Plan Rows": 2371326, "Plan Width": 16, "Filter": "(o_orderdate < '1995-03-20'::date)"}, {"Node Type": "Hash", "Parent Relationship": "Inner", "Parallel Aware": true, "Startup Cost": 41875.39, "Total Cost": 41875.39, "Plan Rows": 97603, "Plan Width": 4, "Plans": [{"Node Type": "Seq Scan", "Parent Relationship": "Outer", "Parallel Aware": true, "Relation Name": "customer", "Alias": "customer", "Startup Cost": 0.0, "Total Cost": 41875.39, "Plan Rows": 97603, "Plan Width": 4, "Filter": "(c_mktsegment = 'AUTOMOBILE'::bpchar)"}]}]}]}]}]}]}]}]}]}]}}, {"Plan": {"Node Type": "Limit", "Parallel Aware": false, "Startup Cost": 2124520.13, "Total Cost": 2124520.16, "Plan Rows": 10, "Plan Width": 44, "Plans": [{"Node Type": "Sort", "Parent Relationship": "Outer", "Parallel Aware": false, "Startup Cost": 2124520.13, "Total Cost": 2132483.72, "Plan Rows": 3185437, "Plan Width": 44, "Sort Key": ["(sum((lineitem.l_extendedprice * ('1'::numeric - lineitem.l_discount)))) DESC", "orders.o_orderdate"], "Plans": [{"Node Type": "Aggregate", "Strategy": "Sorted", "Partial Mode": "Finalize", "Parent Relationship": "Outer", "Parallel Aware": false, "Startup Cost": 1584290.82, "Total Cost": 2055683.98, "Plan Rows": 3185437, "Plan Width": 44, "Group Key": ["lineitem.l_orderkey", "orders.o_orderdate", "orders.o_shippriority"], "Plans": [{"Node Type": "Gather Merge", "Parent Relationship": "Outer", "Parallel Aware": false, "Startup Cost": 1584290.82, "Total Cost": 1977332.52, "Plan Rows": 3082680, "Plan Width": 44, "Workers Planned": 3, "Plans": [{"Node Type": "Aggregate", "Strategy": "Sorted", "Partial Mode": "Partial", "Parent Relationship": "Outer", "Parallel Aware": false, "Startup Cost": 1583290.78, "Total Cost": 1614117.58, "Plan Rows": 1027560, "Plan Width": 44, "Group Key": ["lineitem.l_orderkey", "orders.o_orderdate", "orders.o_shippriority"], "Plans": [{"Node Type": "Sort", "Parent Relationship": "Outer", "Parallel Aware": false, "Startup Cost": 1583290.78, "Total Cost": 1585859.68, "Plan Rows": 1027560, "Plan Width": 24, "Sort Key": ["lineitem.l_orderkey", "orders.o_orderdate", "orders.o_shippriority"], "Plans": [{"Node Type": "Nested Loop", "Parent Relationship": "Outer", "Parallel Aware": false, "Join Type": "Inner", "Startup Cost": 1.55, "Total Cost": 1468341.8, "Plan Rows": 1027560, "Plan Width": 24, "Inner Unique": false, "Plans": [{"Node Type": "Nested Loop", "Parent Relationship": "Outer", "Parallel Aware": false, "Join Type": "Inner", "Startup Cost": 0.72, "Total Cost": 254842.73, "Plan Rows": 478328, "Plan Width": 12, "Inner Unique": false, "Plans": [{"Node Type": "Seq Scan", "Parent Relationship": "Outer", "Parallel Aware": true, "Relation Name": "customer", "Alias": "customer", "Startup Cost": 0.0, "Total Cost": 41875.39, "Plan Rows": 97603, "Plan Width": 4, "Filter": "(c_mktsegment = 'AUTOMOBILE'::bpchar)"}, {"Node Type": "Bitmap Heap Scan", "Parent Relationship": "Inner", "Parallel Aware": false, "Relation Name": "orders", "Alias": "orders", "Startup Cost": 0.72, "Total Cost": 2.09, "Plan Rows": 9, "Plan Width": 16, "Recheck Cond": "(o_custkey = customer.c_custkey)", "Filter": "(o_orderdate < '1995-03-20'::date)", "Plans": [{"Node Type": "Bitmap Index Scan", "Parent Relationship": "Outer", "Parallel Aware": false, "Index Name": "idx_orders_custkey", "Startup Cost": 0.0, "Total Cost": 0.72, "Plan Rows": 18, "Plan Width": 0, "Index Cond": "(o_custkey = customer.c_custkey)"}]}]}, {"Node Type": "Bitmap Heap Scan", "Parent Relationship": "Inner", "Parallel Aware": false, "Relation Name": "lineitem", "Alias": "lineitem", "Startup Cost": 0.83, "Total Cost": 2.38, "Plan Rows": 16, "Plan Width": 16, "Recheck Cond": "(l_orderkey = orders.o_orderkey)", "Filter": "(l_shipdate > '1995-03-20'::date)", "Plans": [{"Node Type": "Bitmap Index Scan", "Parent Relationship": "Outer", "Parallel Aware": false, "Index Name": "lineitem_pkey", "Startup Cost": 0.0, "Total Cost": 0.82, "Plan Rows": 30, "Plan Width": 0, "Index Cond": "(l_orderkey = orders.o_orderkey)"}]}]}]}]}]}]}]}]}}, {"Plan": {"Node Type": "Limit", "Parallel Aware": false, "Startup Cost": 2547761.16, "Total Cost": 2547761.19, "Plan Rows": 10, "Plan Width": 44, "Plans": [{"Node Type": "Sort", "Parent Relationship": "Outer", "Parallel Aware": false, "Startup Cost": 2547761.16, "Total Cost": 2555724.76, "Plan Rows": 3185437, "Plan Width": 44, "Sort Key": ["(sum((lineitem.l_extendedprice * ('1'::numeric - lineitem.l_discount)))) DESC", "orders.o_orderdate"], "Plans": [{"Node Type": "Aggregate", "Strategy": "Sorted", "Partial Mode": "Finalize", "Parent Relationship": "Outer", "Parallel Aware": false, "Startup Cost": 2007531.85, "Total Cost": 2478925.02, "Plan Rows": 3185437, "Plan Width": 44, "Group Key": ["lineitem.l_orderkey", "orders.o_orderdate", "orders.o_shippriority"], "Plans": [{"Node Type": "Gather Merge", "Parent Relationship": "Outer", "Parallel Aware": false, "Startup Cost": 2007531.85, "Total Cost": 2400573.55, "Plan Rows": 3082680, "Plan Width": 44, "Workers Planned": 3, "Plans": [{"Node Type": "Aggregate", "Strategy": "Sorted", "Partial Mode": "Partial", "Parent Relationship": "Outer", "Parallel Aware": false, "Startup Cost": 2006531.81, "Total Cost": 2037358.61, "Plan Rows": 1027560, "Plan Width": 44, "Group Key": ["lineitem.l_orderkey", "orders.o_orderdate", "orders.o_shippriority"], "Plans": [{"Node Type": "Sort", "Parent Relationship": "Outer", "Parallel Aware": false, "Startup Cost": 2006531.81, "Total Cost": 2009100.71, "Plan Rows": 1027560, "Plan Width": 24, "Sort Key": ["lineitem.l_orderkey", "orders.o_orderdate", "orders.o_shippriority"], "Plans": [{"Node Type": "Hash Join", "Parent Relationship": "Outer", "Parallel Aware": true, "Join Type": "Inner", "Startup Cost": 379027.99, "Total Cost": 1891582.83, "Plan Rows": 1027560, "Plan Width": 24, "Inner Unique": false, "Hash Cond": "(lineitem.l_orderkey = orders.o_orderkey)", "Plans": [{"Node Type": "Seq Scan", "Parent Relationship": "Outer", "Parallel Aware": true, "Relation Name": "lineitem", "Alias": "lineitem", "Startup Cost": 0.0, "Total Cost": 1366420.13, "Plan Rows": 10394134, "Plan Width": 16, "Filter": "(l_shipdate > '1995-03-20'::date)"}, {"Node Type": "Hash", "Parent Relationship": "Inner", "Parallel Aware": true, "Startup Cost": 370712.89, "Total Cost": 370712.89, "Plan Rows": 478328, "Plan Width": 12, "Plans": [{"Node Type": "Hash Join", "Parent Relationship": "Outer", "Parallel Aware": true, "Join Type": "Inner", "Startup Cost": 43095.42, "Total Cost": 370712.89, "Plan Rows": 478328, "Plan Width": 12, "Inner Unique": true, "Hash Cond": "(orders.o_custkey = customer.c_custkey)", "Plans": [{"Node Type": "Seq Scan", "Parent Relationship": "Outer", "Parallel Aware": true, "Relation Name": "orders", "Alias": "orders", "Startup Cost": 0.0, "Total Cost": 321392.71, "Plan Rows": 2371326, "Plan Width": 16, "Filter": "(o_orderdate < '1995-03-20'::date)"}, {"Node Type": "Hash", "Parent Relationship": "Inner", "Parallel Aware": true, "Startup Cost": 41875.39, "Total Cost": 41875.39, "Plan Rows": 97603, "Plan Width": 4, "Plans": [{"Node Type": "Seq Scan", "Parent Relationship": "Outer", "Parallel Aware": true, "Relation Name": "customer", "Alias": "customer", "Startup Cost": 0.0, "Total Cost": 41875.39, "Plan Rows": 97603, "Plan Width": 4, "Filter": "(c_mktsegment = 'AUTOMOBILE'::bpchar)"}]}]}]}]}]}]}]}]}]}]}}, {"Plan": {"Node Type": "Limit", "Parallel Aware": false, "Startup Cost": 2124520.13, "Total Cost": 2124520.16, "Plan Rows": 10, "Plan Width": 44, "Plans": [{"Node Type": "Sort", "Parent Relationship": "Outer", "Parallel Aware": false, "Startup Cost": 2124520.13, "Total Cost": 2132483.72, "Plan Rows": 3185437, "Plan Width": 44, "Sort Key": ["(sum((lineitem.l_extendedprice * ('1'::numeric - lineitem.l_discount)))) DESC", "orders.o_orderdate"], "Plans": [{"Node Type": "Aggregate", "Strategy": "Sorted", "Partial Mode": "Finalize", "Parent Relationship": "Outer", "Parallel Aware": false, "Startup Cost": 1584290.82, "Total Cost": 2055683.98, "Plan Rows": 3185437, "Plan Width": 44, "Group Key": ["lineitem.l_orderkey", "orders.o_orderdate", "orders.o_shippriority"], "Plans": [{"Node Type": "Gather Merge", "Parent Relationship": "Outer", "Parallel Aware": false, "Startup Cost": 1584290.82, "Total Cost": 1977332.52, "Plan Rows": 3082680, "Plan Width": 44, "Workers Planned": 3, "Plans": [{"Node Type": "Aggregate", "Strategy": "Sorted", "Partial Mode": "Partial", "Parent Relationship": "Outer", "Parallel Aware": false, "Startup Cost": 1583290.78, "Total Cost": 1614117.58, "Plan Rows": 1027560, "Plan Width": 44, "Group Key": ["lineitem.l_orderkey", "orders.o_orderdate", "orders.o_shippriority"], "Plans": [{"Node Type": "Sort", "Parent Relationship": "Outer", "Parallel Aware": false, "Startup Cost": 1583290.78, "Total Cost": 1585859.68, "Plan Rows": 1027560, "Plan Width": 24, "Sort Key": ["lineitem.l_orderkey", "orders.o_orderdate", "orders.o_shippriority"], "Plans": [{"Node Type": "Nested Loop", "Parent Relationship": "Outer", "Parallel Aware": false, "Join Type": "Inner", "Startup Cost": 1.55, "Total Cost": 1468341.8, "Plan Rows": 1027560, "Plan Width": 24, "Inner Unique": false, "Plans": [{"Node Type": "Nested Loop", "Parent Relationship": "Outer", "Parallel Aware": false, "Join Type": "Inner", "Startup Cost": 0.72, "Total Cost": 254842.73, "Plan Rows": 478328, "Plan Width": 12, "Inner Unique": false, "Plans": [{"Node Type": "Seq Scan", "Parent Relationship": "Outer", "Parallel Aware": true, "Relation Name": "customer", "Alias": "customer", "Startup Cost": 0.0, "Total Cost": 41875.39, "Plan Rows": 97603, "Plan Width": 4, "Filter": "(c_mktsegment = 'AUTOMOBILE'::bpchar)"}, {"Node Type": "Bitmap Heap Scan", "Parent Relationship": "Inner", "Parallel Aware": false, "Relation Name": "orders", "Alias": "orders", "Startup Cost": 0.72, "Total Cost": 2.09, "Plan Rows": 9, "Plan Width": 16, "Recheck Cond": "(o_custkey = customer.c_custkey)", "Filter": "(o_orderdate < '1995-03-20'::date)", "Plans": [{"Node Type": "Bitmap Index Scan", "Parent Relationship": "Outer", "Parallel Aware": false, "Index Name": "idx_orders_custkey", "Startup Cost": 0.0, "Total Cost": 0.72, "Plan Rows": 18, "Plan Width": 0, "Index Cond": "(o_custkey = customer.c_custkey)"}]}]}, {"Node Type": "Bitmap Heap Scan", "Parent Relationship": "Inner", "Parallel Aware": false, "Relation Name": "lineitem", "Alias": "lineitem", "Startup Cost": 0.83, "Total Cost": 2.38, "Plan Rows": 16, "Plan Width": 16, "Recheck Cond": "(l_orderkey = orders.o_orderkey)", "Filter": "(l_shipdate > '1995-03-20'::date)", "Plans": [{"Node Type": "Bitmap Index Scan", "Parent Relationship": "Outer", "Parallel Aware": false, "Index Name": "lineitem_pkey", "Startup Cost": 0.0, "Total Cost": 0.82, "Plan Rows": 30, "Plan Width": 0, "Index Cond": "(l_orderkey = orders.o_orderkey)"}]}]}]}]}]}]}]}]}}, {"Plan": {"Node Type": "Limit", "Parallel Aware": false, "Startup Cost": 2547761.16, "Total Cost": 2547761.19, "Plan Rows": 10, "Plan Width": 44, "Plans": [{"Node Type": "Sort", "Parent Relationship": "Outer", "Parallel Aware": false, "Startup Cost": 2547761.16, "Total Cost": 2555724.76, "Plan Rows": 3185437, "Plan Width": 44, "Sort Key": ["(sum((lineitem.l_extendedprice * ('1'::numeric - lineitem.l_discount)))) DESC", "orders.o_orderdate"], "Plans": [{"Node Type": "Aggregate", "Strategy": "Sorted", "Partial Mode": "Finalize", "Parent Relationship": "Outer", "Parallel Aware": false, "Startup Cost": 2007531.85, "Total Cost": 2478925.02, "Plan Rows": 3185437, "Plan Width": 44, "Group Key": ["lineitem.l_orderkey", "orders.o_orderdate", "orders.o_shippriority"], "Plans": [{"Node Type": "Gather Merge", "Parent Relationship": "Outer", "Parallel Aware": false, "Startup Cost": 2007531.85, "Total Cost": 2400573.55, "Plan Rows": 3082680, "Plan Width": 44, "Workers Planned": 3, "Plans": [{"Node Type": "Aggregate", "Strategy": "Sorted", "Partial Mode": "Partial", "Parent Relationship": "Outer", "Parallel Aware": false, "Startup Cost": 2006531.81, "Total Cost": 2037358.61, "Plan Rows": 1027560, "Plan Width": 44, "Group Key": ["lineitem.l_orderkey", "orders.o_orderdate", "orders.o_shippriority"], "Plans": [{"Node Type": "Sort", "Parent Relationship": "Outer", "Parallel Aware": false, "Startup Cost": 2006531.81, "Total Cost": 2009100.71, "Plan Rows": 1027560, "Plan Width": 24, "Sort Key": ["lineitem.l_orderkey", "orders.o_orderdate", "orders.o_shippriority"], "Plans": [{"Node Type": "Hash Join", "Parent Relationship": "Outer", "Parallel Aware": true, "Join Type": "Inner", "Startup Cost": 379027.99, "Total Cost": 1891582.83, "Plan Rows": 1027560, "Plan Width": 24, "Inner Unique": false, "Hash Cond": "(lineitem.l_orderkey = orders.o_orderkey)", "Plans": [{"Node Type": "Seq Scan", "Parent Relationship": "Outer", "Parallel Aware": true, "Relation Name": "lineitem", "Alias": "lineitem", "Startup Cost": 0.0, "Total Cost": 1366420.13, "Plan Rows": 10394134, "Plan Width": 16, "Filter": "(l_shipdate > '1995-03-20'::date)"}, {"Node Type": "Hash", "Parent Relationship": "Inner", "Parallel Aware": true, "Startup Cost": 370712.89, "Total Cost": 370712.89, "Plan Rows": 478328, "Plan Width": 12, "Plans": [{"Node Type": "Hash Join", "Parent Relationship": "Outer", "Parallel Aware": true, "Join Type": "Inner", "Startup Cost": 43095.42, "Total Cost": 370712.89, "Plan Rows": 478328, "Plan Width": 12, "Inner Unique": true, "Hash Cond": "(orders.o_custkey = customer.c_custkey)", "Plans": [{"Node Type": "Seq Scan", "Parent Relationship": "Outer", "Parallel Aware": true, "Relation Name": "orders", "Alias": "orders", "Startup Cost": 0.0, "Total Cost": 321392.71, "Plan Rows": 2371326, "Plan Width": 16, "Filter": "(o_orderdate < '1995-03-20'::date)"}, {"Node Type": "Hash", "Parent Relationship": "Inner", "Parallel Aware": true, "Startup Cost": 41875.39, "Total Cost": 41875.39, "Plan Rows": 97603, "Plan Width": 4, "Plans": [{"Node Type": "Seq Scan", "Parent Relationship": "Outer", "Parallel Aware": true, "Relation Name": "customer", "Alias": "customer", "Startup Cost": 0.0, "Total Cost": 41875.39, "Plan Rows": 97603, "Plan Width": 4, "Filter": "(c_mktsegment = 'AUTOMOBILE'::bpchar)"}]}]}]}]}]}]}]}]}]}]}}, {"Plan": {"Node Type": "Limit", "Parallel Aware": false, "Startup Cost": 3413219.64, "Total Cost": 3413219.66, "Plan Rows": 10, "Plan Width": 44, "Plans": [{"Node Type": "Sort", "Parent Relationship": "Outer", "Parallel Aware": false, "Startup Cost": 3413219.64, "Total Cost": 3421183.23, "Plan Rows": 3185437, "Plan Width": 44, "Sort Key": ["(sum((lineitem.l_extendedprice * ('1'::numeric - lineitem.l_discount)))) DESC", "orders.o_orderdate"], "Plans": [{"Node Type": "Aggregate", "Strategy": "Sorted", "Partial Mode": "Finalize", "Parent Relationship": "Outer", "Parallel Aware": false, "Startup Cost": 2872990.33, "Total Cost": 3344383.49, "Plan Rows": 3185437, "Plan Width": 44, "Group Key": ["lineitem.l_orderkey", "orders.o_orderdate", "orders.o_shippriority"], "Plans": [{"Node Type": "Gather Merge", "Parent Relationship": "Outer", "Parallel Aware": false, "Startup Cost": 2872990.33, "Total Cost": 3266032.03, "Plan Rows": 3082680, "Plan Width": 44, "Workers Planned": 3, "Plans": [{"Node Type": "Aggregate", "Strategy": "Sorted", "Partial Mode": "Partial", "Parent Relationship": "Outer", "Parallel Aware": false, "Startup Cost": 2871990.29, "Total Cost": 2902817.09, "Plan Rows": 1027560, "Plan Width": 44, "Group Key": ["lineitem.l_orderkey", "orders.o_orderdate", "orders.o_shippriority"], "Plans": [{"Node Type": "Sort", "Parent Relationship": "Outer", "Parallel Aware": false, "Startup Cost": 2871990.29, "Total Cost": 2874559.19, "Plan Rows": 1027560, "Plan Width": 24, "Sort Key": ["lineitem.l_orderkey", "orders.o_orderdate", "orders.o_shippriority"], "Plans": [{"Node Type": "Merge Join", "Parent Relationship": "Outer", "Parallel Aware": false, "Join Type": "Inner", "Startup Cost": 862237.81, "Total Cost": 2757041.3, "Plan Rows": 1027560, "Plan Width": 24, "Inner Unique": false, "Merge Cond": "(lineitem.l_orderkey = orders.o_orderkey)", "Plans": [{"Node Type": "Index Scan", "Parent Relationship": "Outer", "Parallel Aware": true, "Scan Direction": "Forward", "Index Name": "idx_lineitem_orderkey", "Relation Name": "lineitem", "Alias": "lineitem", "Startup Cost": 0.56, "Total Cost": 1847467.97, "Plan Rows": 10394134, "Plan Width": 16, "Filter": "(l_shipdate > '1995-03-20'::date)"}, {"Node Type": "Materialize", "Parent Relationship": "Inner", "Parallel Aware": false, "Startup Cost": 862191.28, "Total Cost": 869605.37, "Plan Rows": 1482817, "Plan Width": 12, "Plans": [{"Node Type": "Sort", "Parent Relationship": "Outer", "Parallel Aware": false, "Startup Cost": 862191.28, "Total Cost": 865898.33, "Plan Rows": 1482817, "Plan Width": 12, "Sort Key": ["orders.o_orderkey"], "Plans": [{"Node Type": "Merge Join", "Parent Relationship": "Outer", "Parallel Aware": false, "Join Type": "Inner", "Startup Cost": 4.78, "Total Cost": 695359.16, "Plan Rows": 1482817, "Plan Width": 12, "Inner Unique": false, "Merge Cond": "(customer.c_custkey = orders.o_custkey)", "Plans": [{"Node Type": "Index Scan", "Parent Relationship": "Outer", "Parallel Aware": false, "Scan Direction": "Forward", "Index Name": "customer_pkey", "Relation Name": "customer", "Alias": "customer", "Startup Cost": 0.43, "Total Cost": 66605.13, "Plan Rows": 302570, "Plan Width": 4, "Filter": "(c_mktsegment = 'AUTOMOBILE'::bpchar)"}, {"Node Type": "Index Scan", "Parent Relationship": "Inner", "Parallel Aware": false, "Scan Direction": "Forward", "Index Name": "idx_orders_custkey", "Relation Name": "orders", "Alias": "orders", "Startup Cost": 0.43, "Total Cost": 594792.33, "Plan Rows": 7351112, "Plan Width": 16, "Filter": "(o_orderdate < '1995-03-20'::date)"}]}]}]}]}]}]}]}]}]}]}}, {"Plan": {"Node Type": "Limit", "Parallel Aware": false, "Startup Cost": 1636128.24, "Total Cost": 1636128.27, "Plan Rows": 10, "Plan Width": 44, "Plans": [{"Node Type": "Sort", "Parent Relationship": "Outer", "Parallel Aware": false, "Startup Cost": 1636128.24, "Total Cost": 1644091.84, "Plan Rows": 3185437, "Plan Width": 44, "Sort Key": ["(sum((lineitem.l_extendedprice * ('1'::numeric - lineitem.l_discount)))) DESC", "orders.o_orderdate"], "Plans": [{"Node Type": "Aggregate", "Strategy": "Sorted", "Partial Mode": "Finalize", "Parent Relationship": "Outer", "Parallel Aware": false, "Startup Cost": 1095898.93, "Total Cost": 1567292.1, "Plan Rows": 3185437, "Plan Width": 44, "Group Key": ["lineitem.l_orderkey", "orders.o_orderdate", "orders.o_shippriority"], "Plans": [{"Node Type": "Gather Merge", "Parent Relationship": "Outer", "Parallel Aware": false, "Startup Cost": 1095898.93, "Total Cost": 1488940.63, "Plan Rows": 3082680, "Plan Width": 44, "Workers Planned": 3, "Plans": [{"Node Type": "Aggregate", "Strategy": "Sorted", "Partial Mode": "Partial", "Parent Relationship": "Outer", "Parallel Aware": false, "Startup Cost": 1094898.89, "Total Cost": 1125725.69, "Plan Rows": 1027560, "Plan Width": 44, "Group Key": ["lineitem.l_orderkey", "orders.o_orderdate", "orders.o_shippriority"], "Plans": [{"Node Type": "Sort", "Parent Relationship": "Outer", "Parallel Aware": false, "Startup Cost": 1094898.89, "Total Cost": 1097467.79, "Plan Rows": 1027560, "Plan Width": 24, "Sort Key": ["lineitem.l_orderkey", "orders.o_orderdate", "orders.o_shippriority"], "Plans": [{"Node Type": "Nested Loop", "Parent Relationship": "Outer", "Parallel Aware": false, "Join Type": "Inner", "Startup Cost": 1.43, "Total Cost": 979949.91, "Plan Rows": 1027560, "Plan Width": 24, "Inner Unique": false, "Plans": [{"Node Type": "Nested Loop", "Parent Relationship": "Outer", "Parallel Aware": false, "Join Type": "Inner", "Startup Cost": 0.86, "Total Cost": 247477.27, "Plan Rows": 478328, "Plan Width": 12, "Inner Unique": false, "Plans": [{"Node Type": "Index Scan", "Parent Relationship": "Outer", "Parallel Aware": true, "Scan Direction": "Forward", "Index Name": "customer_pkey", "Relation Name": "customer", "Alias": "customer", "Startup Cost": 0.43, "Total Cost": 53903.52, "Plan Rows": 97603, "Plan Width": 4, "Filter": "(c_mktsegment = 'AUTOMOBILE'::bpchar)"}, {"Node Type": "Index Scan", "Parent Relationship": "Inner", "Parallel Aware": false, "Scan Direction": "Forward", "Index Name": "idx_orders_custkey", "Relation Name": "orders", "Alias": "orders", "Startup Cost": 0.43, "Total Cost": 1.89, "Plan Rows": 9, "Plan Width": 16, "Index Cond": "(o_custkey = customer.c_custkey)", "Filter": "(o_orderdate < '1995-03-20'::date)"}]}, {"Node Type": "Index Scan", "Parent Relationship": "Inner", "Parallel Aware": false, "Scan Direction": "Forward", "Index Name": "idx_lineitem_orderkey", "Relation Name": "lineitem", "Alias": "lineitem", "Startup Cost": 0.56, "Total Cost": 1.37, "Plan Rows": 16, "Plan Width": 16, "Index Cond": "(l_orderkey = orders.o_orderkey)", "Filter": "(l_shipdate > '1995-03-20'::date)"}]}]}]}]}]}]}]}}, {"Plan": {"Node Type": "Limit", "Parallel Aware": false, "Startup Cost": 1624100.12, "Total Cost": 1624100.14, "Plan Rows": 10, "Plan Width": 44, "Plans": [{"Node Type": "Sort", "Parent Relationship": "Outer", "Parallel Aware": false, "Startup Cost": 1624100.12, "Total Cost": 1632063.71, "Plan Rows": 3185437, "Plan Width": 44, "Sort Key": ["(sum((lineitem.l_extendedprice * ('1'::numeric - lineitem.l_discount)))) DESC", "orders.o_orderdate"], "Plans": [{"Node Type": "Aggregate", "Strategy": "Sorted", "Partial Mode": "Finalize", "Parent Relationship": "Outer", "Parallel Aware": false, "Startup Cost": 1083870.81, "Total Cost": 1555263.97, "Plan Rows": 3185437, "Plan Width": 44, "Group Key": ["lineitem.l_orderkey", "orders.o_orderdate", "orders.o_shippriority"], "Plans": [{"Node Type": "Gather Merge", "Parent Relationship": "Outer", "Parallel Aware": false, "Startup Cost": 1083870.81, "Total Cost": 1476912.51, "Plan Rows": 3082680, "Plan Width": 44, "Workers Planned": 3, "Plans": [{"Node Type": "Aggregate", "Strategy": "Sorted", "Partial Mode": "Partial", "Parent Relationship": "Outer", "Parallel Aware": false, "Startup Cost": 1082870.77, "Total Cost": 1113697.57, "Plan Rows": 1027560, "Plan Width": 44, "Group Key": ["lineitem.l_orderkey", "orders.o_orderdate", "orders.o_shippriority"], "Plans": [{"Node Type": "Sort", "Parent Relationship": "Outer", "Parallel Aware": false, "Startup Cost": 1082870.77, "Total Cost": 1085439.67, "Plan Rows": 1027560, "Plan Width": 24, "Sort Key": ["lineitem.l_orderkey", "orders.o_orderdate", "orders.o_shippriority"], "Plans": [{"Node Type": "Nested Loop", "Parent Relationship": "Outer", "Parallel Aware": false, "Join Type": "Inner", "Startup Cost": 1.0, "Total Cost": 967921.78, "Plan Rows": 1027560, "Plan Width": 24, "Inner Unique": false, "Plans": [{"Node Type": "Nested Loop", "Parent Relationship": "Outer", "Parallel Aware": false, "Join Type": "Inner", "Startup Cost": 0.43, "Total Cost": 235449.15, "Plan Rows": 478328, "Plan Width": 12, "Inner Unique": false, "Plans": [{"Node Type": "Seq Scan", "Parent Relationship": "Outer", "Parallel Aware": true, "Relation Name": "customer", "Alias": "customer", "Startup Cost": 0.0, "Total Cost": 41875.39, "Plan Rows": 97603, "Plan Width": 4, "Filter": "(c_mktsegment = 'AUTOMOBILE'::bpchar)"}, {"Node Type": "Index Scan", "Parent Relationship": "Inner", "Parallel Aware": false, "Scan Direction": "Forward", "Index Name": "idx_orders_custkey", "Relation Name": "orders", "Alias": "orders", "Startup Cost": 0.43, "Total Cost": 1.89, "Plan Rows": 9, "Plan Width": 16, "Index Cond": "(o_custkey = customer.c_custkey)", "Filter": "(o_orderdate < '1995-03-20'::date)"}]}, {"Node Type": "Index Scan", "Parent Relationship": "Inner", "Parallel Aware": false, "Scan Direction": "Forward", "Index Name": "idx_lineitem_orderkey", "Relation Name": "lineitem", "Alias": "lineitem", "Startup Cost": 0.56, "Total Cost": 1.37, "Plan Rows": 16, "Plan Width": 16, "Index Cond": "(l_orderkey = orders.o_orderkey)", "Filter": "(l_shipdate > '1995-03-20'::date)"}]}]}]}]}]}]}]}}, {"Plan": {"Node Type": "Limit", "Parallel Aware": false, "Startup Cost": 3413219.64, "Total Cost": 3413219.66, "Plan Rows": 10, "Plan Width": 44, "Plans": [{"Node Type": "Sort", "Parent Relationship": "Outer", "Parallel Aware": false, "Startup Cost": 3413219.64, "Total Cost": 3421183.23, "Plan Rows": 3185437, "Plan Width": 44, "Sort Key": ["(sum((lineitem.l_extendedprice * ('1'::numeric - lineitem.l_discount)))) DESC", "orders.o_orderdate"], "Plans": [{"Node Type": "Aggregate", "Strategy": "Sorted", "Partial Mode": "Finalize", "Parent Relationship": "Outer", "Parallel Aware": false, "Startup Cost": 2872990.33, "Total Cost": 3344383.49, "Plan Rows": 3185437, "Plan Width": 44, "Group Key": ["lineitem.l_orderkey", "orders.o_orderdate", "orders.o_shippriority"], "Plans": [{"Node Type": "Gather Merge", "Parent Relationship": "Outer", "Parallel Aware": false, "Startup Cost": 2872990.33, "Total Cost": 3266032.03, "Plan Rows": 3082680, "Plan Width": 44, "Workers Planned": 3, "Plans": [{"Node Type": "Aggregate", "Strategy": "Sorted", "Partial Mode": "Partial", "Parent Relationship": "Outer", "Parallel Aware": false, "Startup Cost": 2871990.29, "Total Cost": 2902817.09, "Plan Rows": 1027560, "Plan Width": 44, "Group Key": ["lineitem.l_orderkey", "orders.o_orderdate", "orders.o_shippriority"], "Plans": [{"Node Type": "Sort", "Parent Relationship": "Outer", "Parallel Aware": false, "Startup Cost": 2871990.29, "Total Cost": 2874559.19, "Plan Rows": 1027560, "Plan Width": 24, "Sort Key": ["lineitem.l_orderkey", "orders.o_orderdate", "orders.o_shippriority"], "Plans": [{"Node Type": "Merge Join", "Parent Relationship": "Outer", "Parallel Aware": false, "Join Type": "Inner", "Startup Cost": 862237.81, "Total Cost": 2757041.3, "Plan Rows": 1027560, "Plan Width": 24, "Inner Unique": false, "Merge Cond": "(lineitem.l_orderkey = orders.o_orderkey)", "Plans": [{"Node Type": "Index Scan", "Parent Relationship": "Outer", "Parallel Aware": true, "Scan Direction": "Forward", "Index Name": "idx_lineitem_orderkey", "Relation Name": "lineitem", "Alias": "lineitem", "Startup Cost": 0.56, "Total Cost": 1847467.97, "Plan Rows": 10394134, "Plan Width": 16, "Filter": "(l_shipdate > '1995-03-20'::date)"}, {"Node Type": "Materialize", "Parent Relationship": "Inner", "Parallel Aware": false, "Startup Cost": 862191.28, "Total Cost": 869605.37, "Plan Rows": 1482817, "Plan Width": 12, "Plans": [{"Node Type": "Sort", "Parent Relationship": "Outer", "Parallel Aware": false, "Startup Cost": 862191.28, "Total Cost": 865898.33, "Plan Rows": 1482817, "Plan Width": 12, "Sort Key": ["orders.o_orderkey"], "Plans": [{"Node Type": "Merge Join", "Parent Relationship": "Outer", "Parallel Aware": false, "Join Type": "Inner", "Startup Cost": 4.78, "Total Cost": 695359.16, "Plan Rows": 1482817, "Plan Width": 12, "Inner Unique": false, "Merge Cond": "(customer.c_custkey = orders.o_custkey)", "Plans": [{"Node Type": "Index Scan", "Parent Relationship": "Outer", "Parallel Aware": false, "Scan Direction": "Forward", "Index Name": "customer_pkey", "Relation Name": "customer", "Alias": "customer", "Startup Cost": 0.43, "Total Cost": 66605.13, "Plan Rows": 302570, "Plan Width": 4, "Filter": "(c_mktsegment = 'AUTOMOBILE'::bpchar)"}, {"Node Type": "Index Scan", "Parent Relationship": "Inner", "Parallel Aware": false, "Scan Direction": "Forward", "Index Name": "idx_orders_custkey", "Relation Name": "orders", "Alias": "orders", "Startup Cost": 0.43, "Total Cost": 594792.33, "Plan Rows": 7351112, "Plan Width": 16, "Filter": "(o_orderdate < '1995-03-20'::date)"}]}]}]}]}]}]}]}]}]}]}}, {"Plan": {"Node Type": "Limit", "Parallel Aware": false, "Startup Cost": 1636128.24, "Total Cost": 1636128.27, "Plan Rows": 10, "Plan Width": 44, "Plans": [{"Node Type": "Sort", "Parent Relationship": "Outer", "Parallel Aware": false, "Startup Cost": 1636128.24, "Total Cost": 1644091.84, "Plan Rows": 3185437, "Plan Width": 44, "Sort Key": ["(sum((lineitem.l_extendedprice * ('1'::numeric - lineitem.l_discount)))) DESC", "orders.o_orderdate"], "Plans": [{"Node Type": "Aggregate", "Strategy": "Sorted", "Partial Mode": "Finalize", "Parent Relationship": "Outer", "Parallel Aware": false, "Startup Cost": 1095898.93, "Total Cost": 1567292.1, "Plan Rows": 3185437, "Plan Width": 44, "Group Key": ["lineitem.l_orderkey", "orders.o_orderdate", "orders.o_shippriority"], "Plans": [{"Node Type": "Gather Merge", "Parent Relationship": "Outer", "Parallel Aware": false, "Startup Cost": 1095898.93, "Total Cost": 1488940.63, "Plan Rows": 3082680, "Plan Width": 44, "Workers Planned": 3, "Plans": [{"Node Type": "Aggregate", "Strategy": "Sorted", "Partial Mode": "Partial", "Parent Relationship": "Outer", "Parallel Aware": false, "Startup Cost": 1094898.89, "Total Cost": 1125725.69, "Plan Rows": 1027560, "Plan Width": 44, "Group Key": ["lineitem.l_orderkey", "orders.o_orderdate", "orders.o_shippriority"], "Plans": [{"Node Type": "Sort", "Parent Relationship": "Outer", "Parallel Aware": false, "Startup Cost": 1094898.89, "Total Cost": 1097467.79, "Plan Rows": 1027560, "Plan Width": 24, "Sort Key": ["lineitem.l_orderkey", "orders.o_orderdate", "orders.o_shippriority"], "Plans": [{"Node Type": "Nested Loop", "Parent Relationship": "Outer", "Parallel Aware": false, "Join Type": "Inner", "Startup Cost": 1.43, "Total Cost": 979949.91, "Plan Rows": 1027560, "Plan Width": 24, "Inner Unique": false, "Plans": [{"Node Type": "Nested Loop", "Parent Relationship": "Outer", "Parallel Aware": false, "Join Type": "Inner", "Startup Cost": 0.86, "Total Cost": 247477.27, "Plan Rows": 478328, "Plan Width": 12, "Inner Unique": false, "Plans": [{"Node Type": "Index Scan", "Parent Relationship": "Outer", "Parallel Aware": true, "Scan Direction": "Forward", "Index Name": "customer_pkey", "Relation Name": "customer", "Alias": "customer", "Startup Cost": 0.43, "Total Cost": 53903.52, "Plan Rows": 97603, "Plan Width": 4, "Filter": "(c_mktsegment = 'AUTOMOBILE'::bpchar)"}, {"Node Type": "Index Scan", "Parent Relationship": "Inner", "Parallel Aware": false, "Scan Direction": "Forward", "Index Name": "idx_orders_custkey", "Relation Name": "orders", "Alias": "orders", "Startup Cost": 0.43, "Total Cost": 1.89, "Plan Rows": 9, "Plan Width": 16, "Index Cond": "(o_custkey = customer.c_custkey)", "Filter": "(o_orderdate < '1995-03-20'::date)"}]}, {"Node Type": "Index Scan", "Parent Relationship": "Inner", "Parallel Aware": false, "Scan Direction": "Forward", "Index Name": "idx_lineitem_orderkey", "Relation Name": "lineitem", "Alias": "lineitem", "Startup Cost": 0.56, "Total Cost": 1.37, "Plan Rows": 16, "Plan Width": 16, "Index Cond": "(l_orderkey = orders.o_orderkey)", "Filter": "(l_shipdate > '1995-03-20'::date)"}]}]}]}]}]}]}]}}, {"Plan": {"Node Type": "Limit", "Parallel Aware": false, "Startup Cost": 1624100.12, "Total Cost": 1624100.14, "Plan Rows": 10, "Plan Width": 44, "Plans": [{"Node Type": "Sort", "Parent Relationship": "Outer", "Parallel Aware": false, "Startup Cost": 1624100.12, "Total Cost": 1632063.71, "Plan Rows": 3185437, "Plan Width": 44, "Sort Key": ["(sum((lineitem.l_extendedprice * ('1'::numeric - lineitem.l_discount)))) DESC", "orders.o_orderdate"], "Plans": [{"Node Type": "Aggregate", "Strategy": "Sorted", "Partial Mode": "Finalize", "Parent Relationship": "Outer", "Parallel Aware": false, "Startup Cost": 1083870.81, "Total Cost": 1555263.97, "Plan Rows": 3185437, "Plan Width": 44, "Group Key": ["lineitem.l_orderkey", "orders.o_orderdate", "orders.o_shippriority"], "Plans": [{"Node Type": "Gather Merge", "Parent Relationship": "Outer", "Parallel Aware": false, "Startup Cost": 1083870.81, "Total Cost": 1476912.51, "Plan Rows": 3082680, "Plan Width": 44, "Workers Planned": 3, "Plans": [{"Node Type": "Aggregate", "Strategy": "Sorted", "Partial Mode": "Partial", "Parent Relationship": "Outer", "Parallel Aware": false, "Startup Cost": 1082870.77, "Total Cost": 1113697.57, "Plan Rows": 1027560, "Plan Width": 44, "Group Key": ["lineitem.l_orderkey", "orders.o_orderdate", "orders.o_shippriority"], "Plans": [{"Node Type": "Sort", "Parent Relationship": "Outer", "Parallel Aware": false, "Startup Cost": 1082870.77, "Total Cost": 1085439.67, "Plan Rows": 1027560, "Plan Width": 24, "Sort Key": ["lineitem.l_orderkey", "orders.o_orderdate", "orders.o_shippriority"], "Plans": [{"Node Type": "Nested Loop", "Parent Relationship": "Outer", "Parallel Aware": false, "Join Type": "Inner", "Startup Cost": 1.0, "Total Cost": 967921.78, "Plan Rows": 1027560, "Plan Width": 24, "Inner Unique": false, "Plans": [{"Node Type": "Nested Loop", "Parent Relationship": "Outer", "Parallel Aware": false, "Join Type": "Inner", "Startup Cost": 0.43, "Total Cost": 235449.15, "Plan Rows": 478328, "Plan Width": 12, "Inner Unique": false, "Plans": [{"Node Type": "Seq Scan", "Parent Relationship": "Outer", "Parallel Aware": true, "Relation Name": "customer", "Alias": "customer", "Startup Cost": 0.0, "Total Cost": 41875.39, "Plan Rows": 97603, "Plan Width": 4, "Filter": "(c_mktsegment = 'AUTOMOBILE'::bpchar)"}, {"Node Type": "Index Scan", "Parent Relationship": "Inner", "Parallel Aware": false, "Scan Direction": "Forward", "Index Name": "idx_orders_custkey", "Relation Name": "orders", "Alias": "orders", "Startup Cost": 0.43, "Total Cost": 1.89, "Plan Rows": 9, "Plan Width": 16, "Index Cond": "(o_custkey = customer.c_custkey)", "Filter": "(o_orderdate < '1995-03-20'::date)"}]}, {"Node Type": "Index Scan", "Parent Relationship": "Inner", "Parallel Aware": false, "Scan Direction": "Forward", "Index Name": "idx_lineitem_orderkey", "Relation Name": "lineitem", "Alias": "lineitem", "Startup Cost": 0.56, "Total Cost": 1.37, "Plan Rows": 16, "Plan Width": 16, "Index Cond": "(l_orderkey = orders.o_orderkey)", "Filter": "(l_shipdate > '1995-03-20'::date)"}]}]}]}]}]}]}]}}, {"Plan": {"Node Type": "Limit", "Parallel Aware": false, "Startup Cost": 10009270030.87, "Total Cost": 10009270030.89, "Plan Rows": 10, "Plan Width": 44, "Plans": [{"Node Type": "Sort", "Parent Relationship": "Outer", "Parallel Aware": false, "Startup Cost": 10009270030.87, "Total Cost": 10009277994.46, "Plan Rows": 3185437, "Plan Width": 44, "Sort Key": ["(sum((lineitem.l_extendedprice * ('1'::numeric - lineitem.l_discount)))) DESC", "orders.o_orderdate"], "Plans": [{"Node Type": "Aggregate", "Strategy": "Sorted", "Partial Mode": "Simple", "Parent Relationship": "Outer", "Parallel Aware": false, "Startup Cost": 10009105631.61, "Total Cost": 10009201194.72, "Plan Rows": 3185437, "Plan Width": 44, "Group Key": ["lineitem.l_orderkey", "orders.o_orderdate", "orders.o_shippriority"], "Plans": [{"Node Type": "Sort", "Parent Relationship": "Outer", "Parallel Aware": false, "Startup Cost": 10009105631.61, "Total Cost": 10009113595.2, "Plan Rows": 3185437, "Plan Width": 24, "Sort Key": ["lineitem.l_orderkey", "orders.o_orderdate", "orders.o_shippriority"], "Plans": [{"Node Type": "Merge Join", "Parent Relationship": "Outer", "Parallel Aware": false, "Join Type": "Inner", "Startup Cost": 10008510698.72, "Total Cost": 10008723292.43, "Plan Rows": 3185437, "Plan Width": 24, "Inner Unique": false, "Merge Cond": "(lineitem.l_orderkey = orders.o_orderkey)", "Plans": [{"Node Type": "Sort", "Parent Relationship": "Outer", "Parallel Aware": false, "Startup Cost": 6880978.05, "Total Cost": 6961532.58, "Plan Rows": 32221815, "Plan Width": 16, "Sort Key": ["lineitem.l_orderkey"], "Plans": [{"Node Type": "Bitmap Heap Scan", "Parent Relationship": "Outer", "Parallel Aware": false, "Relation Name": "lineitem", "Alias": "lineitem", "Startup Cost": 386383.63, "Total Cost": 2217601.11, "Plan Rows": 32221815, "Plan Width": 16, "Recheck Cond": "(l_shipdate > '1995-03-20'::date)", "Plans": [{"Node Type": "Bitmap Index Scan", "Parent Relationship": "Outer", "Parallel Aware": false, "Index Name": "idx_lineitem_shipdate", "Startup Cost": 0.0, "Total Cost": 378328.18, "Plan Rows": 32221815, "Plan Width": 0, "Index Cond": "(l_shipdate > '1995-03-20'::date)"}]}]}, {"Node Type": "Materialize", "Parent Relationship": "Inner", "Parallel Aware": false, "Startup Cost": 10001629716.72, "Total Cost": 10001637130.81, "Plan Rows": 1482817, "Plan Width": 12, "Plans": [{"Node Type": "Sort", "Parent Relationship": "Outer", "Parallel Aware": false, "Startup Cost": 10001629716.72, "Total Cost": 10001633423.77, "Plan Rows": 1482817, "Plan Width": 12, "Sort Key": ["orders.o_orderkey"], "Plans": [{"Node Type": "Merge Join", "Parent Relationship": "Outer", "Parallel Aware": false, "Join Type": "Inner", "Startup Cost": 10001343940.65, "Total Cost": 10001462884.61, "Plan Rows": 1482817, "Plan Width": 12, "Inner Unique": true, "Merge Cond": "(orders.o_custkey = customer.c_custkey)", "Plans": [{"Node Type": "Sort", "Parent Relationship": "Outer", "Parallel Aware": false, "Startup Cost": 1343939.99, "Total Cost": 1362317.77, "Plan Rows": 7351112, "Plan Width": 16, "Sort Key": ["orders.o_custkey"], "Plans": [{"Node Type": "Bitmap Heap Scan", "Parent Relationship": "Outer", "Parallel Aware": false, "Relation Name": "orders", "Alias": "orders", "Startup Cost": 79177.25, "Total Cost": 431978.15, "Plan Rows": 7351112, "Plan Width": 16, "Recheck Cond": "(o_orderdate < '1995-03-20'::date)", "Plans": [{"Node Type": "Bitmap Index Scan", "Parent Relationship": "Outer", "Parallel Aware": false, "Index Name": "idx_orders_orderdate", "Startup Cost": 0.0, "Total Cost": 77339.47, "Plan Rows": 7351112, "Plan Width": 0, "Index Cond": "(o_orderdate < '1995-03-20'::date)"}]}]}, {"Node Type": "Index Scan", "Parent Relationship": "Inner", "Parallel Aware": false, "Scan Direction": "Forward", "Index Name": "customer_pkey", "Relation Name": "customer", "Alias": "customer", "Startup Cost": 10000000000.43, "Total Cost": 10000066605.13, "Plan Rows": 302570, "Plan Width": 4, "Filter": "(c_mktsegment = 'AUTOMOBILE'::bpchar)"}]}]}]}]}]}]}]}]}}, {"Plan": {"Node Type": "Limit", "Parallel Aware": false, "Startup Cost": 5917014.65, "Total Cost": 5917014.68, "Plan Rows": 10, "Plan Width": 44, "Plans": [{"Node Type": "Sort", "Parent Relationship": "Outer", "Parallel Aware": false, "Startup Cost": 5917014.65, "Total Cost": 5924978.25, "Plan Rows": 3185437, "Plan Width": 44, "Sort Key": ["(sum((lineitem.l_extendedprice * ('1'::numeric - lineitem.l_discount)))) DESC", "orders.o_orderdate"], "Plans": [{"Node Type": "Aggregate", "Strategy": "Sorted", "Partial Mode": "Finalize", "Parent Relationship": "Outer", "Parallel Aware": false, "Startup Cost": 5376785.34, "Total Cost": 5848178.51, "Plan Rows": 3185437, "Plan Width": 44, "Group Key": ["lineitem.l_orderkey", "orders.o_orderdate", "orders.o_shippriority"], "Plans": [{"Node Type": "Gather Merge", "Parent Relationship": "Outer", "Parallel Aware": false, "Startup Cost": 5376785.34, "Total Cost": 5769827.04, "Plan Rows": 3082680, "Plan Width": 44, "Workers Planned": 3, "Plans": [{"Node Type": "Aggregate", "Strategy": "Sorted", "Partial Mode": "Partial", "Parent Relationship": "Outer", "Parallel Aware": false, "Startup Cost": 5375785.3, "Total Cost": 5406612.1, "Plan Rows": 1027560, "Plan Width": 44, "Group Key": ["lineitem.l_orderkey", "orders.o_orderdate", "orders.o_shippriority"], "Plans": [{"Node Type": "Sort", "Parent Relationship": "Outer", "Parallel Aware": false, "Startup Cost": 5375785.3, "Total Cost": 5378354.2, "Plan Rows": 1027560, "Plan Width": 24, "Sort Key": ["lineitem.l_orderkey", "orders.o_orderdate", "orders.o_shippriority"], "Plans": [{"Node Type": "Nested Loop", "Parent Relationship": "Outer", "Parallel Aware": false, "Join Type": "Inner", "Startup Cost": 79178.52, "Total Cost": 5260836.32, "Plan Rows": 1027560, "Plan Width": 24, "Inner Unique": false, "Plans": [{"Node Type": "Nested Loop", "Parent Relationship": "Outer", "Parallel Aware": false, "Join Type": "Inner", "Startup Cost": 79177.69, "Total Cost": 4047337.25, "Plan Rows": 478328, "Plan Width": 12, "Inner Unique": true, "Plans": [{"Node Type": "Bitmap Heap Scan", "Parent Relationship": "Outer", "Parallel Aware": true, "Relation Name": "orders", "Alias": "orders", "Startup Cost": 79177.25, "Total Cost": 369730.83, "Plan Rows": 2371326, "Plan Width": 16, "Recheck Cond": "(o_orderdate < '1995-03-20'::date)", "Plans": [{"Node Type": "Bitmap Index Scan", "Parent Relationship": "Outer", "Parallel Aware": false, "Index Name": "idx_orders_orderdate", "Startup Cost": 0.0, "Total Cost": 77339.47, "Plan Rows": 7351112, "Plan Width": 0, "Index Cond": "(o_orderdate < '1995-03-20'::date)"}]}, {"Node Type": "Bitmap Heap Scan", "Parent Relationship": "Inner", "Parallel Aware": false, "Relation Name": "customer", "Alias": "customer", "Startup Cost": 0.44, "Total Cost": 1.55, "Plan Rows": 1, "Plan Width": 4, "Recheck Cond": "(c_custkey = orders.o_custkey)", "Filter": "(c_mktsegment = 'AUTOMOBILE'::bpchar)", "Plans": [{"Node Type": "Bitmap Index Scan", "Parent Relationship": "Outer", "Parallel Aware": false, "Index Name": "customer_pkey", "Startup Cost": 0.0, "Total Cost": 0.44, "Plan Rows": 1, "Plan Width": 0, "Index Cond": "(c_custkey = orders.o_custkey)"}]}]}, {"Node Type": "Bitmap Heap Scan", "Parent Relationship": "Inner", "Parallel Aware": false, "Relation Name": "lineitem", "Alias": "lineitem", "Startup Cost": 0.83, "Total Cost": 2.38, "Plan Rows": 16, "Plan Width": 16, "Recheck Cond": "(l_orderkey = orders.o_orderkey)", "Filter": "(l_shipdate > '1995-03-20'::date)", "Plans": [{"Node Type": "Bitmap Index Scan", "Parent Relationship": "Outer", "Parallel Aware": false, "Index Name": "lineitem_pkey", "Startup Cost": 0.0, "Total Cost": 0.82, "Plan Rows": 30, "Plan Width": 0, "Index Cond": "(l_orderkey = orders.o_orderkey)"}]}]}]}]}]}]}]}]}}, {"Plan": {"Node Type": "Limit", "Parallel Aware": false, "Startup Cost": 2124520.13, "Total Cost": 2124520.16, "Plan Rows": 10, "Plan Width": 44, "Plans": [{"Node Type": "Sort", "Parent Relationship": "Outer", "Parallel Aware": false, "Startup Cost": 2124520.13, "Total Cost": 2132483.72, "Plan Rows": 3185437, "Plan Width": 44, "Sort Key": ["(sum((lineitem.l_extendedprice * ('1'::numeric - lineitem.l_discount)))) DESC", "orders.o_orderdate"], "Plans": [{"Node Type": "Aggregate", "Strategy": "Sorted", "Partial Mode": "Finalize", "Parent Relationship": "Outer", "Parallel Aware": false, "Startup Cost": 1584290.82, "Total Cost": 2055683.98, "Plan Rows": 3185437, "Plan Width": 44, "Group Key": ["lineitem.l_orderkey", "orders.o_orderdate", "orders.o_shippriority"], "Plans": [{"Node Type": "Gather Merge", "Parent Relationship": "Outer", "Parallel Aware": false, "Startup Cost": 1584290.82, "Total Cost": 1977332.52, "Plan Rows": 3082680, "Plan Width": 44, "Workers Planned": 3, "Plans": [{"Node Type": "Aggregate", "Strategy": "Sorted", "Partial Mode": "Partial", "Parent Relationship": "Outer", "Parallel Aware": false, "Startup Cost": 1583290.78, "Total Cost": 1614117.58, "Plan Rows": 1027560, "Plan Width": 44, "Group Key": ["lineitem.l_orderkey", "orders.o_orderdate", "orders.o_shippriority"], "Plans": [{"Node Type": "Sort", "Parent Relationship": "Outer", "Parallel Aware": false, "Startup Cost": 1583290.78, "Total Cost": 1585859.68, "Plan Rows": 1027560, "Plan Width": 24, "Sort Key": ["lineitem.l_orderkey", "orders.o_orderdate", "orders.o_shippriority"], "Plans": [{"Node Type": "Nested Loop", "Parent Relationship": "Outer", "Parallel Aware": false, "Join Type": "Inner", "Startup Cost": 1.55, "Total Cost": 1468341.8, "Plan Rows": 1027560, "Plan Width": 24, "Inner Unique": false, "Plans": [{"Node Type": "Nested Loop", "Parent Relationship": "Outer", "Parallel Aware": false, "Join Type": "Inner", "Startup Cost": 0.72, "Total Cost": 254842.73, "Plan Rows": 478328, "Plan Width": 12, "Inner Unique": false, "Plans": [{"Node Type": "Seq Scan", "Parent Relationship": "Outer", "Parallel Aware": true, "Relation Name": "customer", "Alias": "customer", "Startup Cost": 0.0, "Total Cost": 41875.39, "Plan Rows": 97603, "Plan Width": 4, "Filter": "(c_mktsegment = 'AUTOMOBILE'::bpchar)"}, {"Node Type": "Bitmap Heap Scan", "Parent Relationship": "Inner", "Parallel Aware": false, "Relation Name": "orders", "Alias": "orders", "Startup Cost": 0.72, "Total Cost": 2.09, "Plan Rows": 9, "Plan Width": 16, "Recheck Cond": "(o_custkey = customer.c_custkey)", "Filter": "(o_orderdate < '1995-03-20'::date)", "Plans": [{"Node Type": "Bitmap Index Scan", "Parent Relationship": "Outer", "Parallel Aware": false, "Index Name": "idx_orders_custkey", "Startup Cost": 0.0, "Total Cost": 0.72, "Plan Rows": 18, "Plan Width": 0, "Index Cond": "(o_custkey = customer.c_custkey)"}]}]}, {"Node Type": "Bitmap Heap Scan", "Parent Relationship": "Inner", "Parallel Aware": false, "Relation Name": "lineitem", "Alias": "lineitem", "Startup Cost": 0.83, "Total Cost": 2.38, "Plan Rows": 16, "Plan Width": 16, "Recheck Cond": "(l_orderkey = orders.o_orderkey)", "Filter": "(l_shipdate > '1995-03-20'::date)", "Plans": [{"Node Type": "Bitmap Index Scan", "Parent Relationship": "Outer", "Parallel Aware": false, "Index Name": "lineitem_pkey", "Startup Cost": 0.0, "Total Cost": 0.82, "Plan Rows": 30, "Plan Width": 0, "Index Cond": "(l_orderkey = orders.o_orderkey)"}]}]}]}]}]}]}]}]}}, {"Plan": {"Node Type": "Limit", "Parallel Aware": false, "Startup Cost": 5057397.67, "Total Cost": 5057397.7, "Plan Rows": 10, "Plan Width": 44, "Plans": [{"Node Type": "Sort", "Parent Relationship": "Outer", "Parallel Aware": false, "Startup Cost": 5057397.67, "Total Cost": 5065361.27, "Plan Rows": 3185437, "Plan Width": 44, "Sort Key": ["(sum((lineitem.l_extendedprice * ('1'::numeric - lineitem.l_discount)))) DESC", "orders.o_orderdate"], "Plans": [{"Node Type": "Aggregate", "Strategy": "Sorted", "Partial Mode": "Finalize", "Parent Relationship": "Outer", "Parallel Aware": false, "Startup Cost": 4517168.36, "Total Cost": 4988561.53, "Plan Rows": 3185437, "Plan Width": 44, "Group Key": ["lineitem.l_orderkey", "orders.o_orderdate", "orders.o_shippriority"], "Plans": [{"Node Type": "Gather Merge", "Parent Relationship": "Outer", "Parallel Aware": false, "Startup Cost": 4517168.36, "Total Cost": 4910210.06, "Plan Rows": 3082680, "Plan Width": 44, "Workers Planned": 3, "Plans": [{"Node Type": "Aggregate", "Strategy": "Sorted", "Partial Mode": "Partial", "Parent Relationship": "Outer", "Parallel Aware": false, "Startup Cost": 4516168.32, "Total Cost": 4546995.12, "Plan Rows": 1027560, "Plan Width": 44, "Group Key": ["lineitem.l_orderkey", "orders.o_orderdate", "orders.o_shippriority"], "Plans": [{"Node Type": "Sort", "Parent Relationship": "Outer", "Parallel Aware": false, "Startup Cost": 4516168.32, "Total Cost": 4518737.22, "Plan Rows": 1027560, "Plan Width": 24, "Sort Key": ["lineitem.l_orderkey", "orders.o_orderdate", "orders.o_shippriority"], "Plans": [{"Node Type": "Merge Join", "Parent Relationship": "Outer", "Parallel Aware": false, "Join Type": "Inner", "Startup Cost": 4327853.23, "Total Cost": 4401219.34, "Plan Rows": 1027560, "Plan Width": 24, "Inner Unique": false, "Merge Cond": "(lineitem.l_orderkey = orders.o_orderkey)", "Plans": [{"Node Type": "Sort", "Parent Relationship": "Outer", "Parallel Aware": false, "Startup Cost": 2681861.96, "Total Cost": 2707847.3, "Plan Rows": 10394134, "Plan Width": 16, "Sort Key": ["lineitem.l_orderkey"], "Plans": [{"Node Type": "Seq Scan", "Parent Relationship": "Outer", "Parallel Aware": true, "Relation Name": "lineitem", "Alias": "lineitem", "Startup Cost": 0.0, "Total Cost": 1366420.13, "Plan Rows": 10394134, "Plan Width": 16, "Filter": "(l_shipdate > '1995-03-20'::date)"}]}, {"Node Type": "Materialize", "Parent Relationship": "Inner", "Parallel Aware": false, "Startup Cost": 1645990.0, "Total Cost": 1653404.08, "Plan Rows": 1482817, "Plan Width": 12, "Plans": [{"Node Type": "Sort", "Parent Relationship": "Outer", "Parallel Aware": false, "Startup Cost": 1645990.0, "Total Cost": 1649697.04, "Plan Rows": 1482817, "Plan Width": 12, "Sort Key": ["orders.o_orderkey"], "Plans": [{"Node Type": "Merge Join", "Parent Relationship": "Outer", "Parallel Aware": false, "Join Type": "Inner", "Startup Cost": 1426061.55, "Total Cost": 1479157.88, "Plan Rows": 1482817, "Plan Width": 12, "Inner Unique": true, "Merge Cond": "(orders.o_custkey = customer.c_custkey)", "Plans": [{"Node Type": "Sort", "Parent Relationship": "Outer", "Parallel Aware": false, "Startup Cost": 1343939.99, "Total Cost": 1362317.77, "Plan Rows": 7351112, "Plan Width": 16, "Sort Key": ["orders.o_custkey"], "Plans": [{"Node Type": "Bitmap Heap Scan", "Parent Relationship": "Outer", "Parallel Aware": false, "Relation Name": "orders", "Alias": "orders", "Startup Cost": 79177.25, "Total Cost": 431978.15, "Plan Rows": 7351112, "Plan Width": 16, "Recheck Cond": "(o_orderdate < '1995-03-20'::date)", "Plans": [{"Node Type": "Bitmap Index Scan", "Parent Relationship": "Outer", "Parallel Aware": false, "Index Name": "idx_orders_orderdate", "Startup Cost": 0.0, "Total Cost": 77339.47, "Plan Rows": 7351112, "Plan Width": 0, "Index Cond": "(o_orderdate < '1995-03-20'::date)"}]}]}, {"Node Type": "Sort", "Parent Relationship": "Inner", "Parallel Aware": false, "Startup Cost": 82121.32, "Total Cost": 82877.75, "Plan Rows": 302570, "Plan Width": 4, "Sort Key": ["customer.c_custkey"], "Plans": [{"Node Type": "Seq Scan", "Parent Relationship": "Outer", "Parallel Aware": false, "Relation Name": "customer", "Alias": "customer", "Startup Cost": 0.0, "Total Cost": 54577.0, "Plan Rows": 302570, "Plan Width": 4, "Filter": "(c_mktsegment = 'AUTOMOBILE'::bpchar)"}]}]}]}]}]}]}]}]}]}]}]}}, {"Plan": {"Node Type": "Limit", "Parallel Aware": false, "Startup Cost": 5917014.65, "Total Cost": 5917014.68, "Plan Rows": 10, "Plan Width": 44, "Plans": [{"Node Type": "Sort", "Parent Relationship": "Outer", "Parallel Aware": false, "Startup Cost": 5917014.65, "Total Cost": 5924978.25, "Plan Rows": 3185437, "Plan Width": 44, "Sort Key": ["(sum((lineitem.l_extendedprice * ('1'::numeric - lineitem.l_discount)))) DESC", "orders.o_orderdate"], "Plans": [{"Node Type": "Aggregate", "Strategy": "Sorted", "Partial Mode": "Finalize", "Parent Relationship": "Outer", "Parallel Aware": false, "Startup Cost": 5376785.34, "Total Cost": 5848178.51, "Plan Rows": 3185437, "Plan Width": 44, "Group Key": ["lineitem.l_orderkey", "orders.o_orderdate", "orders.o_shippriority"], "Plans": [{"Node Type": "Gather Merge", "Parent Relationship": "Outer", "Parallel Aware": false, "Startup Cost": 5376785.34, "Total Cost": 5769827.04, "Plan Rows": 3082680, "Plan Width": 44, "Workers Planned": 3, "Plans": [{"Node Type": "Aggregate", "Strategy": "Sorted", "Partial Mode": "Partial", "Parent Relationship": "Outer", "Parallel Aware": false, "Startup Cost": 5375785.3, "Total Cost": 5406612.1, "Plan Rows": 1027560, "Plan Width": 44, "Group Key": ["lineitem.l_orderkey", "orders.o_orderdate", "orders.o_shippriority"], "Plans": [{"Node Type": "Sort", "Parent Relationship": "Outer", "Parallel Aware": false, "Startup Cost": 5375785.3, "Total Cost": 5378354.2, "Plan Rows": 1027560, "Plan Width": 24, "Sort Key": ["lineitem.l_orderkey", "orders.o_orderdate", "orders.o_shippriority"], "Plans": [{"Node Type": "Nested Loop", "Parent Relationship": "Outer", "Parallel Aware": false, "Join Type": "Inner", "Startup Cost": 79178.52, "Total Cost": 5260836.32, "Plan Rows": 1027560, "Plan Width": 24, "Inner Unique": false, "Plans": [{"Node Type": "Nested Loop", "Parent Relationship": "Outer", "Parallel Aware": false, "Join Type": "Inner", "Startup Cost": 79177.69, "Total Cost": 4047337.25, "Plan Rows": 478328, "Plan Width": 12, "Inner Unique": true, "Plans": [{"Node Type": "Bitmap Heap Scan", "Parent Relationship": "Outer", "Parallel Aware": true, "Relation Name": "orders", "Alias": "orders", "Startup Cost": 79177.25, "Total Cost": 369730.83, "Plan Rows": 2371326, "Plan Width": 16, "Recheck Cond": "(o_orderdate < '1995-03-20'::date)", "Plans": [{"Node Type": "Bitmap Index Scan", "Parent Relationship": "Outer", "Parallel Aware": false, "Index Name": "idx_orders_orderdate", "Startup Cost": 0.0, "Total Cost": 77339.47, "Plan Rows": 7351112, "Plan Width": 0, "Index Cond": "(o_orderdate < '1995-03-20'::date)"}]}, {"Node Type": "Bitmap Heap Scan", "Parent Relationship": "Inner", "Parallel Aware": false, "Relation Name": "customer", "Alias": "customer", "Startup Cost": 0.44, "Total Cost": 1.55, "Plan Rows": 1, "Plan Width": 4, "Recheck Cond": "(c_custkey = orders.o_custkey)", "Filter": "(c_mktsegment = 'AUTOMOBILE'::bpchar)", "Plans": [{"Node Type": "Bitmap Index Scan", "Parent Relationship": "Outer", "Parallel Aware": false, "Index Name": "customer_pkey", "Startup Cost": 0.0, "Total Cost": 0.44, "Plan Rows": 1, "Plan Width": 0, "Index Cond": "(c_custkey = orders.o_custkey)"}]}]}, {"Node Type": "Bitmap Heap Scan", "Parent Relationship": "Inner", "Parallel Aware": false, "Relation Name": "lineitem", "Alias": "lineitem", "Startup Cost": 0.83, "Total Cost": 2.38, "Plan Rows": 16, "Plan Width": 16, "Recheck Cond": "(l_orderkey = orders.o_orderkey)", "Filter": "(l_shipdate > '1995-03-20'::date)", "Plans": [{"Node Type": "Bitmap Index Scan", "Parent Relationship": "Outer", "Parallel Aware": false, "Index Name": "lineitem_pkey", "Startup Cost": 0.0, "Total Cost": 0.82, "Plan Rows": 30, "Plan Width": 0, "Index Cond": "(l_orderkey = orders.o_orderkey)"}]}]}]}]}]}]}]}]}}, {"Plan": {"Node Type": "Limit", "Parallel Aware": false, "Startup Cost": 2124520.13, "Total Cost": 2124520.16, "Plan Rows": 10, "Plan Width": 44, "Plans": [{"Node Type": "Sort", "Parent Relationship": "Outer", "Parallel Aware": false, "Startup Cost": 2124520.13, "Total Cost": 2132483.72, "Plan Rows": 3185437, "Plan Width": 44, "Sort Key": ["(sum((lineitem.l_extendedprice * ('1'::numeric - lineitem.l_discount)))) DESC", "orders.o_orderdate"], "Plans": [{"Node Type": "Aggregate", "Strategy": "Sorted", "Partial Mode": "Finalize", "Parent Relationship": "Outer", "Parallel Aware": false, "Startup Cost": 1584290.82, "Total Cost": 2055683.98, "Plan Rows": 3185437, "Plan Width": 44, "Group Key": ["lineitem.l_orderkey", "orders.o_orderdate", "orders.o_shippriority"], "Plans": [{"Node Type": "Gather Merge", "Parent Relationship": "Outer", "Parallel Aware": false, "Startup Cost": 1584290.82, "Total Cost": 1977332.52, "Plan Rows": 3082680, "Plan Width": 44, "Workers Planned": 3, "Plans": [{"Node Type": "Aggregate", "Strategy": "Sorted", "Partial Mode": "Partial", "Parent Relationship": "Outer", "Parallel Aware": false, "Startup Cost": 1583290.78, "Total Cost": 1614117.58, "Plan Rows": 1027560, "Plan Width": 44, "Group Key": ["lineitem.l_orderkey", "orders.o_orderdate", "orders.o_shippriority"], "Plans": [{"Node Type": "Sort", "Parent Relationship": "Outer", "Parallel Aware": false, "Startup Cost": 1583290.78, "Total Cost": 1585859.68, "Plan Rows": 1027560, "Plan Width": 24, "Sort Key": ["lineitem.l_orderkey", "orders.o_orderdate", "orders.o_shippriority"], "Plans": [{"Node Type": "Nested Loop", "Parent Relationship": "Outer", "Parallel Aware": false, "Join Type": "Inner", "Startup Cost": 1.55, "Total Cost": 1468341.8, "Plan Rows": 1027560, "Plan Width": 24, "Inner Unique": false, "Plans": [{"Node Type": "Nested Loop", "Parent Relationship": "Outer", "Parallel Aware": false, "Join Type": "Inner", "Startup Cost": 0.72, "Total Cost": 254842.73, "Plan Rows": 478328, "Plan Width": 12, "Inner Unique": false, "Plans": [{"Node Type": "Seq Scan", "Parent Relationship": "Outer", "Parallel Aware": true, "Relation Name": "customer", "Alias": "customer", "Startup Cost": 0.0, "Total Cost": 41875.39, "Plan Rows": 97603, "Plan Width": 4, "Filter": "(c_mktsegment = 'AUTOMOBILE'::bpchar)"}, {"Node Type": "Bitmap Heap Scan", "Parent Relationship": "Inner", "Parallel Aware": false, "Relation Name": "orders", "Alias": "orders", "Startup Cost": 0.72, "Total Cost": 2.09, "Plan Rows": 9, "Plan Width": 16, "Recheck Cond": "(o_custkey = customer.c_custkey)", "Filter": "(o_orderdate < '1995-03-20'::date)", "Plans": [{"Node Type": "Bitmap Index Scan", "Parent Relationship": "Outer", "Parallel Aware": false, "Index Name": "idx_orders_custkey", "Startup Cost": 0.0, "Total Cost": 0.72, "Plan Rows": 18, "Plan Width": 0, "Index Cond": "(o_custkey = customer.c_custkey)"}]}]}, {"Node Type": "Bitmap Heap Scan", "Parent Relationship": "Inner", "Parallel Aware": false, "Relation Name": "lineitem", "Alias": "lineitem", "Startup Cost": 0.83, "Total Cost": 2.38, "Plan Rows": 16, "Plan Width": 16, "Recheck Cond": "(l_orderkey = orders.o_orderkey)", "Filter": "(l_shipdate > '1995-03-20'::date)", "Plans": [{"Node Type": "Bitmap Index Scan", "Parent Relationship": "Outer", "Parallel Aware": false, "Index Name": "lineitem_pkey", "Startup Cost": 0.0, "Total Cost": 0.82, "Plan Rows": 30, "Plan Width": 0, "Index Cond": "(l_orderkey = orders.o_orderkey)"}]}]}]}]}]}]}]}]}}, {"Plan": {"Node Type": "Limit", "Parallel Aware": false, "Startup Cost": 3413219.64, "Total Cost": 3413219.66, "Plan Rows": 10, "Plan Width": 44, "Plans": [{"Node Type": "Sort", "Parent Relationship": "Outer", "Parallel Aware": false, "Startup Cost": 3413219.64, "Total Cost": 3421183.23, "Plan Rows": 3185437, "Plan Width": 44, "Sort Key": ["(sum((lineitem.l_extendedprice * ('1'::numeric - lineitem.l_discount)))) DESC", "orders.o_orderdate"], "Plans": [{"Node Type": "Aggregate", "Strategy": "Sorted", "Partial Mode": "Finalize", "Parent Relationship": "Outer", "Parallel Aware": false, "Startup Cost": 2872990.33, "Total Cost": 3344383.49, "Plan Rows": 3185437, "Plan Width": 44, "Group Key": ["lineitem.l_orderkey", "orders.o_orderdate", "orders.o_shippriority"], "Plans": [{"Node Type": "Gather Merge", "Parent Relationship": "Outer", "Parallel Aware": false, "Startup Cost": 2872990.33, "Total Cost": 3266032.03, "Plan Rows": 3082680, "Plan Width": 44, "Workers Planned": 3, "Plans": [{"Node Type": "Aggregate", "Strategy": "Sorted", "Partial Mode": "Partial", "Parent Relationship": "Outer", "Parallel Aware": false, "Startup Cost": 2871990.29, "Total Cost": 2902817.09, "Plan Rows": 1027560, "Plan Width": 44, "Group Key": ["lineitem.l_orderkey", "orders.o_orderdate", "orders.o_shippriority"], "Plans": [{"Node Type": "Sort", "Parent Relationship": "Outer", "Parallel Aware": false, "Startup Cost": 2871990.29, "Total Cost": 2874559.19, "Plan Rows": 1027560, "Plan Width": 24, "Sort Key": ["lineitem.l_orderkey", "orders.o_orderdate", "orders.o_shippriority"], "Plans": [{"Node Type": "Merge Join", "Parent Relationship": "Outer", "Parallel Aware": false, "Join Type": "Inner", "Startup Cost": 862237.81, "Total Cost": 2757041.3, "Plan Rows": 1027560, "Plan Width": 24, "Inner Unique": false, "Merge Cond": "(lineitem.l_orderkey = orders.o_orderkey)", "Plans": [{"Node Type": "Index Scan", "Parent Relationship": "Outer", "Parallel Aware": true, "Scan Direction": "Forward", "Index Name": "idx_lineitem_orderkey", "Relation Name": "lineitem", "Alias": "lineitem", "Startup Cost": 0.56, "Total Cost": 1847467.97, "Plan Rows": 10394134, "Plan Width": 16, "Filter": "(l_shipdate > '1995-03-20'::date)"}, {"Node Type": "Materialize", "Parent Relationship": "Inner", "Parallel Aware": false, "Startup Cost": 862191.28, "Total Cost": 869605.37, "Plan Rows": 1482817, "Plan Width": 12, "Plans": [{"Node Type": "Sort", "Parent Relationship": "Outer", "Parallel Aware": false, "Startup Cost": 862191.28, "Total Cost": 865898.33, "Plan Rows": 1482817, "Plan Width": 12, "Sort Key": ["orders.o_orderkey"], "Plans": [{"Node Type": "Merge Join", "Parent Relationship": "Outer", "Parallel Aware": false, "Join Type": "Inner", "Startup Cost": 4.78, "Total Cost": 695359.16, "Plan Rows": 1482817, "Plan Width": 12, "Inner Unique": false, "Merge Cond": "(customer.c_custkey = orders.o_custkey)", "Plans": [{"Node Type": "Index Scan", "Parent Relationship": "Outer", "Parallel Aware": false, "Scan Direction": "Forward", "Index Name": "customer_pkey", "Relation Name": "customer", "Alias": "customer", "Startup Cost": 0.43, "Total Cost": 66605.13, "Plan Rows": 302570, "Plan Width": 4, "Filter": "(c_mktsegment = 'AUTOMOBILE'::bpchar)"}, {"Node Type": "Index Scan", "Parent Relationship": "Inner", "Parallel Aware": false, "Scan Direction": "Forward", "Index Name": "idx_orders_custkey", "Relation Name": "orders", "Alias": "orders", "Startup Cost": 0.43, "Total Cost": 594792.33, "Plan Rows": 7351112, "Plan Width": 16, "Filter": "(o_orderdate < '1995-03-20'::date)"}]}]}]}]}]}]}]}]}]}]}}, {"Plan": {"Node Type": "Limit", "Parallel Aware": false, "Startup Cost": 1636128.24, "Total Cost": 1636128.27, "Plan Rows": 10, "Plan Width": 44, "Plans": [{"Node Type": "Sort", "Parent Relationship": "Outer", "Parallel Aware": false, "Startup Cost": 1636128.24, "Total Cost": 1644091.84, "Plan Rows": 3185437, "Plan Width": 44, "Sort Key": ["(sum((lineitem.l_extendedprice * ('1'::numeric - lineitem.l_discount)))) DESC", "orders.o_orderdate"], "Plans": [{"Node Type": "Aggregate", "Strategy": "Sorted", "Partial Mode": "Finalize", "Parent Relationship": "Outer", "Parallel Aware": false, "Startup Cost": 1095898.93, "Total Cost": 1567292.1, "Plan Rows": 3185437, "Plan Width": 44, "Group Key": ["lineitem.l_orderkey", "orders.o_orderdate", "orders.o_shippriority"], "Plans": [{"Node Type": "Gather Merge", "Parent Relationship": "Outer", "Parallel Aware": false, "Startup Cost": 1095898.93, "Total Cost": 1488940.63, "Plan Rows": 3082680, "Plan Width": 44, "Workers Planned": 3, "Plans": [{"Node Type": "Aggregate", "Strategy": "Sorted", "Partial Mode": "Partial", "Parent Relationship": "Outer", "Parallel Aware": false, "Startup Cost": 1094898.89, "Total Cost": 1125725.69, "Plan Rows": 1027560, "Plan Width": 44, "Group Key": ["lineitem.l_orderkey", "orders.o_orderdate", "orders.o_shippriority"], "Plans": [{"Node Type": "Sort", "Parent Relationship": "Outer", "Parallel Aware": false, "Startup Cost": 1094898.89, "Total Cost": 1097467.79, "Plan Rows": 1027560, "Plan Width": 24, "Sort Key": ["lineitem.l_orderkey", "orders.o_orderdate", "orders.o_shippriority"], "Plans": [{"Node Type": "Nested Loop", "Parent Relationship": "Outer", "Parallel Aware": false, "Join Type": "Inner", "Startup Cost": 1.43, "Total Cost": 979949.91, "Plan Rows": 1027560, "Plan Width": 24, "Inner Unique": false, "Plans": [{"Node Type": "Nested Loop", "Parent Relationship": "Outer", "Parallel Aware": false, "Join Type": "Inner", "Startup Cost": 0.86, "Total Cost": 247477.27, "Plan Rows": 478328, "Plan Width": 12, "Inner Unique": false, "Plans": [{"Node Type": "Index Scan", "Parent Relationship": "Outer", "Parallel Aware": true, "Scan Direction": "Forward", "Index Name": "customer_pkey", "Relation Name": "customer", "Alias": "customer", "Startup Cost": 0.43, "Total Cost": 53903.52, "Plan Rows": 97603, "Plan Width": 4, "Filter": "(c_mktsegment = 'AUTOMOBILE'::bpchar)"}, {"Node Type": "Index Scan", "Parent Relationship": "Inner", "Parallel Aware": false, "Scan Direction": "Forward", "Index Name": "idx_orders_custkey", "Relation Name": "orders", "Alias": "orders", "Startup Cost": 0.43, "Total Cost": 1.89, "Plan Rows": 9, "Plan Width": 16, "Index Cond": "(o_custkey = customer.c_custkey)", "Filter": "(o_orderdate < '1995-03-20'::date)"}]}, {"Node Type": "Index Scan", "Parent Relationship": "Inner", "Parallel Aware": false, "Scan Direction": "Forward", "Index Name": "idx_lineitem_orderkey", "Relation Name": "lineitem", "Alias": "lineitem", "Startup Cost": 0.56, "Total Cost": 1.37, "Plan Rows": 16, "Plan Width": 16, "Index Cond": "(l_orderkey = orders.o_orderkey)", "Filter": "(l_shipdate > '1995-03-20'::date)"}]}]}]}]}]}]}]}}, {"Plan": {"Node Type": "Limit", "Parallel Aware": false, "Startup Cost": 1624100.12, "Total Cost": 1624100.14, "Plan Rows": 10, "Plan Width": 44, "Plans": [{"Node Type": "Sort", "Parent Relationship": "Outer", "Parallel Aware": false, "Startup Cost": 1624100.12, "Total Cost": 1632063.71, "Plan Rows": 3185437, "Plan Width": 44, "Sort Key": ["(sum((lineitem.l_extendedprice * ('1'::numeric - lineitem.l_discount)))) DESC", "orders.o_orderdate"], "Plans": [{"Node Type": "Aggregate", "Strategy": "Sorted", "Partial Mode": "Finalize", "Parent Relationship": "Outer", "Parallel Aware": false, "Startup Cost": 1083870.81, "Total Cost": 1555263.97, "Plan Rows": 3185437, "Plan Width": 44, "Group Key": ["lineitem.l_orderkey", "orders.o_orderdate", "orders.o_shippriority"], "Plans": [{"Node Type": "Gather Merge", "Parent Relationship": "Outer", "Parallel Aware": false, "Startup Cost": 1083870.81, "Total Cost": 1476912.51, "Plan Rows": 3082680, "Plan Width": 44, "Workers Planned": 3, "Plans": [{"Node Type": "Aggregate", "Strategy": "Sorted", "Partial Mode": "Partial", "Parent Relationship": "Outer", "Parallel Aware": false, "Startup Cost": 1082870.77, "Total Cost": 1113697.57, "Plan Rows": 1027560, "Plan Width": 44, "Group Key": ["lineitem.l_orderkey", "orders.o_orderdate", "orders.o_shippriority"], "Plans": [{"Node Type": "Sort", "Parent Relationship": "Outer", "Parallel Aware": false, "Startup Cost": 1082870.77, "Total Cost": 1085439.67, "Plan Rows": 1027560, "Plan Width": 24, "Sort Key": ["lineitem.l_orderkey", "orders.o_orderdate", "orders.o_shippriority"], "Plans": [{"Node Type": "Nested Loop", "Parent Relationship": "Outer", "Parallel Aware": false, "Join Type": "Inner", "Startup Cost": 1.0, "Total Cost": 967921.78, "Plan Rows": 1027560, "Plan Width": 24, "Inner Unique": false, "Plans": [{"Node Type": "Nested Loop", "Parent Relationship": "Outer", "Parallel Aware": false, "Join Type": "Inner", "Startup Cost": 0.43, "Total Cost": 235449.15, "Plan Rows": 478328, "Plan Width": 12, "Inner Unique": false, "Plans": [{"Node Type": "Seq Scan", "Parent Relationship": "Outer", "Parallel Aware": true, "Relation Name": "customer", "Alias": "customer", "Startup Cost": 0.0, "Total Cost": 41875.39, "Plan Rows": 97603, "Plan Width": 4, "Filter": "(c_mktsegment = 'AUTOMOBILE'::bpchar)"}, {"Node Type": "Index Scan", "Parent Relationship": "Inner", "Parallel Aware": false, "Scan Direction": "Forward", "Index Name": "idx_orders_custkey", "Relation Name": "orders", "Alias": "orders", "Startup Cost": 0.43, "Total Cost": 1.89, "Plan Rows": 9, "Plan Width": 16, "Index Cond": "(o_custkey = customer.c_custkey)", "Filter": "(o_orderdate < '1995-03-20'::date)"}]}, {"Node Type": "Index Scan", "Parent Relationship": "Inner", "Parallel Aware": false, "Scan Direction": "Forward", "Index Name": "idx_lineitem_orderkey", "Relation Name": "lineitem", "Alias": "lineitem", "Startup Cost": 0.56, "Total Cost": 1.37, "Plan Rows": 16, "Plan Width": 16, "Index Cond": "(l_orderkey = orders.o_orderkey)", "Filter": "(l_shipdate > '1995-03-20'::date)"}]}]}]}]}]}]}]}}, {"Plan": {"Node Type": "Limit", "Parallel Aware": false, "Startup Cost": 3413219.64, "Total Cost": 3413219.66, "Plan Rows": 10, "Plan Width": 44, "Plans": [{"Node Type": "Sort", "Parent Relationship": "Outer", "Parallel Aware": false, "Startup Cost": 3413219.64, "Total Cost": 3421183.23, "Plan Rows": 3185437, "Plan Width": 44, "Sort Key": ["(sum((lineitem.l_extendedprice * ('1'::numeric - lineitem.l_discount)))) DESC", "orders.o_orderdate"], "Plans": [{"Node Type": "Aggregate", "Strategy": "Sorted", "Partial Mode": "Finalize", "Parent Relationship": "Outer", "Parallel Aware": false, "Startup Cost": 2872990.33, "Total Cost": 3344383.49, "Plan Rows": 3185437, "Plan Width": 44, "Group Key": ["lineitem.l_orderkey", "orders.o_orderdate", "orders.o_shippriority"], "Plans": [{"Node Type": "Gather Merge", "Parent Relationship": "Outer", "Parallel Aware": false, "Startup Cost": 2872990.33, "Total Cost": 3266032.03, "Plan Rows": 3082680, "Plan Width": 44, "Workers Planned": 3, "Plans": [{"Node Type": "Aggregate", "Strategy": "Sorted", "Partial Mode": "Partial", "Parent Relationship": "Outer", "Parallel Aware": false, "Startup Cost": 2871990.29, "Total Cost": 2902817.09, "Plan Rows": 1027560, "Plan Width": 44, "Group Key": ["lineitem.l_orderkey", "orders.o_orderdate", "orders.o_shippriority"], "Plans": [{"Node Type": "Sort", "Parent Relationship": "Outer", "Parallel Aware": false, "Startup Cost": 2871990.29, "Total Cost": 2874559.19, "Plan Rows": 1027560, "Plan Width": 24, "Sort Key": ["lineitem.l_orderkey", "orders.o_orderdate", "orders.o_shippriority"], "Plans": [{"Node Type": "Merge Join", "Parent Relationship": "Outer", "Parallel Aware": false, "Join Type": "Inner", "Startup Cost": 862237.81, "Total Cost": 2757041.3, "Plan Rows": 1027560, "Plan Width": 24, "Inner Unique": false, "Merge Cond": "(lineitem.l_orderkey = orders.o_orderkey)", "Plans": [{"Node Type": "Index Scan", "Parent Relationship": "Outer", "Parallel Aware": true, "Scan Direction": "Forward", "Index Name": "idx_lineitem_orderkey", "Relation Name": "lineitem", "Alias": "lineitem", "Startup Cost": 0.56, "Total Cost": 1847467.97, "Plan Rows": 10394134, "Plan Width": 16, "Filter": "(l_shipdate > '1995-03-20'::date)"}, {"Node Type": "Materialize", "Parent Relationship": "Inner", "Parallel Aware": false, "Startup Cost": 862191.28, "Total Cost": 869605.37, "Plan Rows": 1482817, "Plan Width": 12, "Plans": [{"Node Type": "Sort", "Parent Relationship": "Outer", "Parallel Aware": false, "Startup Cost": 862191.28, "Total Cost": 865898.33, "Plan Rows": 1482817, "Plan Width": 12, "Sort Key": ["orders.o_orderkey"], "Plans": [{"Node Type": "Merge Join", "Parent Relationship": "Outer", "Parallel Aware": false, "Join Type": "Inner", "Startup Cost": 4.78, "Total Cost": 695359.16, "Plan Rows": 1482817, "Plan Width": 12, "Inner Unique": false, "Merge Cond": "(customer.c_custkey = orders.o_custkey)", "Plans": [{"Node Type": "Index Scan", "Parent Relationship": "Outer", "Parallel Aware": false, "Scan Direction": "Forward", "Index Name": "customer_pkey", "Relation Name": "customer", "Alias": "customer", "Startup Cost": 0.43, "Total Cost": 66605.13, "Plan Rows": 302570, "Plan Width": 4, "Filter": "(c_mktsegment = 'AUTOMOBILE'::bpchar)"}, {"Node Type": "Index Scan", "Parent Relationship": "Inner", "Parallel Aware": false, "Scan Direction": "Forward", "Index Name": "idx_orders_custkey", "Relation Name": "orders", "Alias": "orders", "Startup Cost": 0.43, "Total Cost": 594792.33, "Plan Rows": 7351112, "Plan Width": 16, "Filter": "(o_orderdate < '1995-03-20'::date)"}]}]}]}]}]}]}]}]}]}]}}, {"Plan": {"Node Type": "Limit", "Parallel Aware": false, "Startup Cost": 1636128.24, "Total Cost": 1636128.27, "Plan Rows": 10, "Plan Width": 44, "Plans": [{"Node Type": "Sort", "Parent Relationship": "Outer", "Parallel Aware": false, "Startup Cost": 1636128.24, "Total Cost": 1644091.84, "Plan Rows": 3185437, "Plan Width": 44, "Sort Key": ["(sum((lineitem.l_extendedprice * ('1'::numeric - lineitem.l_discount)))) DESC", "orders.o_orderdate"], "Plans": [{"Node Type": "Aggregate", "Strategy": "Sorted", "Partial Mode": "Finalize", "Parent Relationship": "Outer", "Parallel Aware": false, "Startup Cost": 1095898.93, "Total Cost": 1567292.1, "Plan Rows": 3185437, "Plan Width": 44, "Group Key": ["lineitem.l_orderkey", "orders.o_orderdate", "orders.o_shippriority"], "Plans": [{"Node Type": "Gather Merge", "Parent Relationship": "Outer", "Parallel Aware": false, "Startup Cost": 1095898.93, "Total Cost": 1488940.63, "Plan Rows": 3082680, "Plan Width": 44, "Workers Planned": 3, "Plans": [{"Node Type": "Aggregate", "Strategy": "Sorted", "Partial Mode": "Partial", "Parent Relationship": "Outer", "Parallel Aware": false, "Startup Cost": 1094898.89, "Total Cost": 1125725.69, "Plan Rows": 1027560, "Plan Width": 44, "Group Key": ["lineitem.l_orderkey", "orders.o_orderdate", "orders.o_shippriority"], "Plans": [{"Node Type": "Sort", "Parent Relationship": "Outer", "Parallel Aware": false, "Startup Cost": 1094898.89, "Total Cost": 1097467.79, "Plan Rows": 1027560, "Plan Width": 24, "Sort Key": ["lineitem.l_orderkey", "orders.o_orderdate", "orders.o_shippriority"], "Plans": [{"Node Type": "Nested Loop", "Parent Relationship": "Outer", "Parallel Aware": false, "Join Type": "Inner", "Startup Cost": 1.43, "Total Cost": 979949.91, "Plan Rows": 1027560, "Plan Width": 24, "Inner Unique": false, "Plans": [{"Node Type": "Nested Loop", "Parent Relationship": "Outer", "Parallel Aware": false, "Join Type": "Inner", "Startup Cost": 0.86, "Total Cost": 247477.27, "Plan Rows": 478328, "Plan Width": 12, "Inner Unique": false, "Plans": [{"Node Type": "Index Scan", "Parent Relationship": "Outer", "Parallel Aware": true, "Scan Direction": "Forward", "Index Name": "customer_pkey", "Relation Name": "customer", "Alias": "customer", "Startup Cost": 0.43, "Total Cost": 53903.52, "Plan Rows": 97603, "Plan Width": 4, "Filter": "(c_mktsegment = 'AUTOMOBILE'::bpchar)"}, {"Node Type": "Index Scan", "Parent Relationship": "Inner", "Parallel Aware": false, "Scan Direction": "Forward", "Index Name": "idx_orders_custkey", "Relation Name": "orders", "Alias": "orders", "Startup Cost": 0.43, "Total Cost": 1.89, "Plan Rows": 9, "Plan Width": 16, "Index Cond": "(o_custkey = customer.c_custkey)", "Filter": "(o_orderdate < '1995-03-20'::date)"}]}, {"Node Type": "Index Scan", "Parent Relationship": "Inner", "Parallel Aware": false, "Scan Direction": "Forward", "Index Name": "idx_lineitem_orderkey", "Relation Name": "lineitem", "Alias": "lineitem", "Startup Cost": 0.56, "Total Cost": 1.37, "Plan Rows": 16, "Plan Width": 16, "Index Cond": "(l_orderkey = orders.o_orderkey)", "Filter": "(l_shipdate > '1995-03-20'::date)"}]}]}]}]}]}]}]}}, {"Plan": {"Node Type": "Limit", "Parallel Aware": false, "Startup Cost": 1624100.12, "Total Cost": 1624100.14, "Plan Rows": 10, "Plan Width": 44, "Plans": [{"Node Type": "Sort", "Parent Relationship": "Outer", "Parallel Aware": false, "Startup Cost": 1624100.12, "Total Cost": 1632063.71, "Plan Rows": 3185437, "Plan Width": 44, "Sort Key": ["(sum((lineitem.l_extendedprice * ('1'::numeric - lineitem.l_discount)))) DESC", "orders.o_orderdate"], "Plans": [{"Node Type": "Aggregate", "Strategy": "Sorted", "Partial Mode": "Finalize", "Parent Relationship": "Outer", "Parallel Aware": false, "Startup Cost": 1083870.81, "Total Cost": 1555263.97, "Plan Rows": 3185437, "Plan Width": 44, "Group Key": ["lineitem.l_orderkey", "orders.o_orderdate", "orders.o_shippriority"], "Plans": [{"Node Type": "Gather Merge", "Parent Relationship": "Outer", "Parallel Aware": false, "Startup Cost": 1083870.81, "Total Cost": 1476912.51, "Plan Rows": 3082680, "Plan Width": 44, "Workers Planned": 3, "Plans": [{"Node Type": "Aggregate", "Strategy": "Sorted", "Partial Mode": "Partial", "Parent Relationship": "Outer", "Parallel Aware": false, "Startup Cost": 1082870.77, "Total Cost": 1113697.57, "Plan Rows": 1027560, "Plan Width": 44, "Group Key": ["lineitem.l_orderkey", "orders.o_orderdate", "orders.o_shippriority"], "Plans": [{"Node Type": "Sort", "Parent Relationship": "Outer", "Parallel Aware": false, "Startup Cost": 1082870.77, "Total Cost": 1085439.67, "Plan Rows": 1027560, "Plan Width": 24, "Sort Key": ["lineitem.l_orderkey", "orders.o_orderdate", "orders.o_shippriority"], "Plans": [{"Node Type": "Nested Loop", "Parent Relationship": "Outer", "Parallel Aware": false, "Join Type": "Inner", "Startup Cost": 1.0, "Total Cost": 967921.78, "Plan Rows": 1027560, "Plan Width": 24, "Inner Unique": false, "Plans": [{"Node Type": "Nested Loop", "Parent Relationship": "Outer", "Parallel Aware": false, "Join Type": "Inner", "Startup Cost": 0.43, "Total Cost": 235449.15, "Plan Rows": 478328, "Plan Width": 12, "Inner Unique": false, "Plans": [{"Node Type": "Seq Scan", "Parent Relationship": "Outer", "Parallel Aware": true, "Relation Name": "customer", "Alias": "customer", "Startup Cost": 0.0, "Total Cost": 41875.39, "Plan Rows": 97603, "Plan Width": 4, "Filter": "(c_mktsegment = 'AUTOMOBILE'::bpchar)"}, {"Node Type": "Index Scan", "Parent Relationship": "Inner", "Parallel Aware": false, "Scan Direction": "Forward", "Index Name": "idx_orders_custkey", "Relation Name": "orders", "Alias": "orders", "Startup Cost": 0.43, "Total Cost": 1.89, "Plan Rows": 9, "Plan Width": 16, "Index Cond": "(o_custkey = customer.c_custkey)", "Filter": "(o_orderdate < '1995-03-20'::date)"}]}, {"Node Type": "Index Scan", "Parent Relationship": "Inner", "Parallel Aware": false, "Scan Direction": "Forward", "Index Name": "idx_lineitem_orderkey", "Relation Name": "lineitem", "Alias": "lineitem", "Startup Cost": 0.56, "Total Cost": 1.37, "Plan Rows": 16, "Plan Width": 16, "Index Cond": "(l_orderkey = orders.o_orderkey)", "Filter": "(l_shipdate > '1995-03-20'::date)"}]}]}]}]}]}]}]}}, {"Plan": {"Node Type": "Limit", "Parallel Aware": false, "Startup Cost": 2124520.13, "Total Cost": 2124520.16, "Plan Rows": 10, "Plan Width": 44, "Plans": [{"Node Type": "Sort", "Parent Relationship": "Outer", "Parallel Aware": false, "Startup Cost": 2124520.13, "Total Cost": 2132483.72, "Plan Rows": 3185437, "Plan Width": 44, "Sort Key": ["(sum((lineitem.l_extendedprice * ('1'::numeric - lineitem.l_discount)))) DESC", "orders.o_orderdate"], "Plans": [{"Node Type": "Aggregate", "Strategy": "Sorted", "Partial Mode": "Finalize", "Parent Relationship": "Outer", "Parallel Aware": false, "Startup Cost": 1584290.82, "Total Cost": 2055683.98, "Plan Rows": 3185437, "Plan Width": 44, "Group Key": ["lineitem.l_orderkey", "orders.o_orderdate", "orders.o_shippriority"], "Plans": [{"Node Type": "Gather Merge", "Parent Relationship": "Outer", "Parallel Aware": false, "Startup Cost": 1584290.82, "Total Cost": 1977332.52, "Plan Rows": 3082680, "Plan Width": 44, "Workers Planned": 3, "Plans": [{"Node Type": "Aggregate", "Strategy": "Sorted", "Partial Mode": "Partial", "Parent Relationship": "Outer", "Parallel Aware": false, "Startup Cost": 1583290.78, "Total Cost": 1614117.58, "Plan Rows": 1027560, "Plan Width": 44, "Group Key": ["lineitem.l_orderkey", "orders.o_orderdate", "orders.o_shippriority"], "Plans": [{"Node Type": "Sort", "Parent Relationship": "Outer", "Parallel Aware": false, "Startup Cost": 1583290.78, "Total Cost": 1585859.68, "Plan Rows": 1027560, "Plan Width": 24, "Sort Key": ["lineitem.l_orderkey", "orders.o_orderdate", "orders.o_shippriority"], "Plans": [{"Node Type": "Nested Loop", "Parent Relationship": "Outer", "Parallel Aware": false, "Join Type": "Inner", "Startup Cost": 1.55, "Total Cost": 1468341.8, "Plan Rows": 1027560, "Plan Width": 24, "Inner Unique": false, "Plans": [{"Node Type": "Nested Loop", "Parent Relationship": "Outer", "Parallel Aware": false, "Join Type": "Inner", "Startup Cost": 0.72, "Total Cost": 254842.73, "Plan Rows": 478328, "Plan Width": 12, "Inner Unique": false, "Plans": [{"Node Type": "Seq Scan", "Parent Relationship": "Outer", "Parallel Aware": true, "Relation Name": "customer", "Alias": "customer", "Startup Cost": 0.0, "Total Cost": 41875.39, "Plan Rows": 97603, "Plan Width": 4, "Filter": "(c_mktsegment = 'AUTOMOBILE'::bpchar)"}, {"Node Type": "Bitmap Heap Scan", "Parent Relationship": "Inner", "Parallel Aware": false, "Relation Name": "orders", "Alias": "orders", "Startup Cost": 0.72, "Total Cost": 2.09, "Plan Rows": 9, "Plan Width": 16, "Recheck Cond": "(o_custkey = customer.c_custkey)", "Filter": "(o_orderdate < '1995-03-20'::date)", "Plans": [{"Node Type": "Bitmap Index Scan", "Parent Relationship": "Outer", "Parallel Aware": false, "Index Name": "idx_orders_custkey", "Startup Cost": 0.0, "Total Cost": 0.72, "Plan Rows": 18, "Plan Width": 0, "Index Cond": "(o_custkey = customer.c_custkey)"}]}]}, {"Node Type": "Bitmap Heap Scan", "Parent Relationship": "Inner", "Parallel Aware": false, "Relation Name": "lineitem", "Alias": "lineitem", "Startup Cost": 0.83, "Total Cost": 2.38, "Plan Rows": 16, "Plan Width": 16, "Recheck Cond": "(l_orderkey = orders.o_orderkey)", "Filter": "(l_shipdate > '1995-03-20'::date)", "Plans": [{"Node Type": "Bitmap Index Scan", "Parent Relationship": "Outer", "Parallel Aware": false, "Index Name": "lineitem_pkey", "Startup Cost": 0.0, "Total Cost": 0.82, "Plan Rows": 30, "Plan Width": 0, "Index Cond": "(l_orderkey = orders.o_orderkey)"}]}]}]}]}]}]}]}]}}, {"Plan": {"Node Type": "Limit", "Parallel Aware": false, "Startup Cost": 5057397.67, "Total Cost": 5057397.7, "Plan Rows": 10, "Plan Width": 44, "Plans": [{"Node Type": "Sort", "Parent Relationship": "Outer", "Parallel Aware": false, "Startup Cost": 5057397.67, "Total Cost": 5065361.27, "Plan Rows": 3185437, "Plan Width": 44, "Sort Key": ["(sum((lineitem.l_extendedprice * ('1'::numeric - lineitem.l_discount)))) DESC", "orders.o_orderdate"], "Plans": [{"Node Type": "Aggregate", "Strategy": "Sorted", "Partial Mode": "Finalize", "Parent Relationship": "Outer", "Parallel Aware": false, "Startup Cost": 4517168.36, "Total Cost": 4988561.53, "Plan Rows": 3185437, "Plan Width": 44, "Group Key": ["lineitem.l_orderkey", "orders.o_orderdate", "orders.o_shippriority"], "Plans": [{"Node Type": "Gather Merge", "Parent Relationship": "Outer", "Parallel Aware": false, "Startup Cost": 4517168.36, "Total Cost": 4910210.06, "Plan Rows": 3082680, "Plan Width": 44, "Workers Planned": 3, "Plans": [{"Node Type": "Aggregate", "Strategy": "Sorted", "Partial Mode": "Partial", "Parent Relationship": "Outer", "Parallel Aware": false, "Startup Cost": 4516168.32, "Total Cost": 4546995.12, "Plan Rows": 1027560, "Plan Width": 44, "Group Key": ["lineitem.l_orderkey", "orders.o_orderdate", "orders.o_shippriority"], "Plans": [{"Node Type": "Sort", "Parent Relationship": "Outer", "Parallel Aware": false, "Startup Cost": 4516168.32, "Total Cost": 4518737.22, "Plan Rows": 1027560, "Plan Width": 24, "Sort Key": ["lineitem.l_orderkey", "orders.o_orderdate", "orders.o_shippriority"], "Plans": [{"Node Type": "Merge Join", "Parent Relationship": "Outer", "Parallel Aware": false, "Join Type": "Inner", "Startup Cost": 4327853.23, "Total Cost": 4401219.34, "Plan Rows": 1027560, "Plan Width": 24, "Inner Unique": false, "Merge Cond": "(lineitem.l_orderkey = orders.o_orderkey)", "Plans": [{"Node Type": "Sort", "Parent Relationship": "Outer", "Parallel Aware": false, "Startup Cost": 2681861.96, "Total Cost": 2707847.3, "Plan Rows": 10394134, "Plan Width": 16, "Sort Key": ["lineitem.l_orderkey"], "Plans": [{"Node Type": "Seq Scan", "Parent Relationship": "Outer", "Parallel Aware": true, "Relation Name": "lineitem", "Alias": "lineitem", "Startup Cost": 0.0, "Total Cost": 1366420.13, "Plan Rows": 10394134, "Plan Width": 16, "Filter": "(l_shipdate > '1995-03-20'::date)"}]}, {"Node Type": "Materialize", "Parent Relationship": "Inner", "Parallel Aware": false, "Startup Cost": 1645990.0, "Total Cost": 1653404.08, "Plan Rows": 1482817, "Plan Width": 12, "Plans": [{"Node Type": "Sort", "Parent Relationship": "Outer", "Parallel Aware": false, "Startup Cost": 1645990.0, "Total Cost": 1649697.04, "Plan Rows": 1482817, "Plan Width": 12, "Sort Key": ["orders.o_orderkey"], "Plans": [{"Node Type": "Merge Join", "Parent Relationship": "Outer", "Parallel Aware": false, "Join Type": "Inner", "Startup Cost": 1426061.55, "Total Cost": 1479157.88, "Plan Rows": 1482817, "Plan Width": 12, "Inner Unique": true, "Merge Cond": "(orders.o_custkey = customer.c_custkey)", "Plans": [{"Node Type": "Sort", "Parent Relationship": "Outer", "Parallel Aware": false, "Startup Cost": 1343939.99, "Total Cost": 1362317.77, "Plan Rows": 7351112, "Plan Width": 16, "Sort Key": ["orders.o_custkey"], "Plans": [{"Node Type": "Bitmap Heap Scan", "Parent Relationship": "Outer", "Parallel Aware": false, "Relation Name": "orders", "Alias": "orders", "Startup Cost": 79177.25, "Total Cost": 431978.15, "Plan Rows": 7351112, "Plan Width": 16, "Recheck Cond": "(o_orderdate < '1995-03-20'::date)", "Plans": [{"Node Type": "Bitmap Index Scan", "Parent Relationship": "Outer", "Parallel Aware": false, "Index Name": "idx_orders_orderdate", "Startup Cost": 0.0, "Total Cost": 77339.47, "Plan Rows": 7351112, "Plan Width": 0, "Index Cond": "(o_orderdate < '1995-03-20'::date)"}]}]}, {"Node Type": "Sort", "Parent Relationship": "Inner", "Parallel Aware": false, "Startup Cost": 82121.32, "Total Cost": 82877.75, "Plan Rows": 302570, "Plan Width": 4, "Sort Key": ["customer.c_custkey"], "Plans": [{"Node Type": "Seq Scan", "Parent Relationship": "Outer", "Parallel Aware": false, "Relation Name": "customer", "Alias": "customer", "Startup Cost": 0.0, "Total Cost": 54577.0, "Plan Rows": 302570, "Plan Width": 4, "Filter": "(c_mktsegment = 'AUTOMOBILE'::bpchar)"}]}]}]}]}]}]}]}]}]}]}]}}, {"Plan": {"Node Type": "Limit", "Parallel Aware": false, "Startup Cost": 2124520.13, "Total Cost": 2124520.16, "Plan Rows": 10, "Plan Width": 44, "Plans": [{"Node Type": "Sort", "Parent Relationship": "Outer", "Parallel Aware": false, "Startup Cost": 2124520.13, "Total Cost": 2132483.72, "Plan Rows": 3185437, "Plan Width": 44, "Sort Key": ["(sum((lineitem.l_extendedprice * ('1'::numeric - lineitem.l_discount)))) DESC", "orders.o_orderdate"], "Plans": [{"Node Type": "Aggregate", "Strategy": "Sorted", "Partial Mode": "Finalize", "Parent Relationship": "Outer", "Parallel Aware": false, "Startup Cost": 1584290.82, "Total Cost": 2055683.98, "Plan Rows": 3185437, "Plan Width": 44, "Group Key": ["lineitem.l_orderkey", "orders.o_orderdate", "orders.o_shippriority"], "Plans": [{"Node Type": "Gather Merge", "Parent Relationship": "Outer", "Parallel Aware": false, "Startup Cost": 1584290.82, "Total Cost": 1977332.52, "Plan Rows": 3082680, "Plan Width": 44, "Workers Planned": 3, "Plans": [{"Node Type": "Aggregate", "Strategy": "Sorted", "Partial Mode": "Partial", "Parent Relationship": "Outer", "Parallel Aware": false, "Startup Cost": 1583290.78, "Total Cost": 1614117.58, "Plan Rows": 1027560, "Plan Width": 44, "Group Key": ["lineitem.l_orderkey", "orders.o_orderdate", "orders.o_shippriority"], "Plans": [{"Node Type": "Sort", "Parent Relationship": "Outer", "Parallel Aware": false, "Startup Cost": 1583290.78, "Total Cost": 1585859.68, "Plan Rows": 1027560, "Plan Width": 24, "Sort Key": ["lineitem.l_orderkey", "orders.o_orderdate", "orders.o_shippriority"], "Plans": [{"Node Type": "Nested Loop", "Parent Relationship": "Outer", "Parallel Aware": false, "Join Type": "Inner", "Startup Cost": 1.55, "Total Cost": 1468341.8, "Plan Rows": 1027560, "Plan Width": 24, "Inner Unique": false, "Plans": [{"Node Type": "Nested Loop", "Parent Relationship": "Outer", "Parallel Aware": false, "Join Type": "Inner", "Startup Cost": 0.72, "Total Cost": 254842.73, "Plan Rows": 478328, "Plan Width": 12, "Inner Unique": false, "Plans": [{"Node Type": "Seq Scan", "Parent Relationship": "Outer", "Parallel Aware": true, "Relation Name": "customer", "Alias": "customer", "Startup Cost": 0.0, "Total Cost": 41875.39, "Plan Rows": 97603, "Plan Width": 4, "Filter": "(c_mktsegment = 'AUTOMOBILE'::bpchar)"}, {"Node Type": "Bitmap Heap Scan", "Parent Relationship": "Inner", "Parallel Aware": false, "Relation Name": "orders", "Alias": "orders", "Startup Cost": 0.72, "Total Cost": 2.09, "Plan Rows": 9, "Plan Width": 16, "Recheck Cond": "(o_custkey = customer.c_custkey)", "Filter": "(o_orderdate < '1995-03-20'::date)", "Plans": [{"Node Type": "Bitmap Index Scan", "Parent Relationship": "Outer", "Parallel Aware": false, "Index Name": "idx_orders_custkey", "Startup Cost": 0.0, "Total Cost": 0.72, "Plan Rows": 18, "Plan Width": 0, "Index Cond": "(o_custkey = customer.c_custkey)"}]}]}, {"Node Type": "Bitmap Heap Scan", "Parent Relationship": "Inner", "Parallel Aware": false, "Relation Name": "lineitem", "Alias": "lineitem", "Startup Cost": 0.83, "Total Cost": 2.38, "Plan Rows": 16, "Plan Width": 16, "Recheck Cond": "(l_orderkey = orders.o_orderkey)", "Filter": "(l_shipdate > '1995-03-20'::date)", "Plans": [{"Node Type": "Bitmap Index Scan", "Parent Relationship": "Outer", "Parallel Aware": false, "Index Name": "lineitem_pkey", "Startup Cost": 0.0, "Total Cost": 0.82, "Plan Rows": 30, "Plan Width": 0, "Index Cond": "(l_orderkey = orders.o_orderkey)"}]}]}]}]}]}]}]}]}}, {"Plan": {"Node Type": "Limit", "Parallel Aware": false, "Startup Cost": 1624100.12, "Total Cost": 1624100.14, "Plan Rows": 10, "Plan Width": 44, "Plans": [{"Node Type": "Sort", "Parent Relationship": "Outer", "Parallel Aware": false, "Startup Cost": 1624100.12, "Total Cost": 1632063.71, "Plan Rows": 3185437, "Plan Width": 44, "Sort Key": ["(sum((lineitem.l_extendedprice * ('1'::numeric - lineitem.l_discount)))) DESC", "orders.o_orderdate"], "Plans": [{"Node Type": "Aggregate", "Strategy": "Sorted", "Partial Mode": "Finalize", "Parent Relationship": "Outer", "Parallel Aware": false, "Startup Cost": 1083870.81, "Total Cost": 1555263.97, "Plan Rows": 3185437, "Plan Width": 44, "Group Key": ["lineitem.l_orderkey", "orders.o_orderdate", "orders.o_shippriority"], "Plans": [{"Node Type": "Gather Merge", "Parent Relationship": "Outer", "Parallel Aware": false, "Startup Cost": 1083870.81, "Total Cost": 1476912.51, "Plan Rows": 3082680, "Plan Width": 44, "Workers Planned": 3, "Plans": [{"Node Type": "Aggregate", "Strategy": "Sorted", "Partial Mode": "Partial", "Parent Relationship": "Outer", "Parallel Aware": false, "Startup Cost": 1082870.77, "Total Cost": 1113697.57, "Plan Rows": 1027560, "Plan Width": 44, "Group Key": ["lineitem.l_orderkey", "orders.o_orderdate", "orders.o_shippriority"], "Plans": [{"Node Type": "Sort", "Parent Relationship": "Outer", "Parallel Aware": false, "Startup Cost": 1082870.77, "Total Cost": 1085439.67, "Plan Rows": 1027560, "Plan Width": 24, "Sort Key": ["lineitem.l_orderkey", "orders.o_orderdate", "orders.o_shippriority"], "Plans": [{"Node Type": "Nested Loop", "Parent Relationship": "Outer", "Parallel Aware": false, "Join Type": "Inner", "Startup Cost": 1.0, "Total Cost": 967921.78, "Plan Rows": 1027560, "Plan Width": 24, "Inner Unique": false, "Plans": [{"Node Type": "Nested Loop", "Parent Relationship": "Outer", "Parallel Aware": false, "Join Type": "Inner", "Startup Cost": 0.43, "Total Cost": 235449.15, "Plan Rows": 478328, "Plan Width": 12, "Inner Unique": false, "Plans": [{"Node Type": "Seq Scan", "Parent Relationship": "Outer", "Parallel Aware": true, "Relation Name": "customer", "Alias": "customer", "Startup Cost": 0.0, "Total Cost": 41875.39, "Plan Rows": 97603, "Plan Width": 4, "Filter": "(c_mktsegment = 'AUTOMOBILE'::bpchar)"}, {"Node Type": "Index Scan", "Parent Relationship": "Inner", "Parallel Aware": false, "Scan Direction": "Forward", "Index Name": "idx_orders_custkey", "Relation Name": "orders", "Alias": "orders", "Startup Cost": 0.43, "Total Cost": 1.89, "Plan Rows": 9, "Plan Width": 16, "Index Cond": "(o_custkey = customer.c_custkey)", "Filter": "(o_orderdate < '1995-03-20'::date)"}]}, {"Node Type": "Index Scan", "Parent Relationship": "Inner", "Parallel Aware": false, "Scan Direction": "Forward", "Index Name": "idx_lineitem_orderkey", "Relation Name": "lineitem", "Alias": "lineitem", "Startup Cost": 0.56, "Total Cost": 1.37, "Plan Rows": 16, "Plan Width": 16, "Index Cond": "(l_orderkey = orders.o_orderkey)", "Filter": "(l_shipdate > '1995-03-20'::date)"}]}]}]}]}]}]}]}}]