[{"Plan": {"Node Type": "Limit", "Parallel Aware": false, "Startup Cost": 10001092663.4, "Total Cost": 10001092777.94, "Plan Rows": 1, "Plan Width": 24, "Plans": [{"Node Type": "Aggregate", "Strategy": "Sorted", "Partial Mode": "Simple", "Parent Relationship": "Outer", "Parallel Aware": false, "Startup Cost": 10001092663.4, "Total Cost": 10001093236.09, "Plan Rows": 5, "Plan Width": 24, "Group Key": ["orders.o_orderpriority"], "Plans": [{"Node Type": "Sort", "Parent Relationship": "Outer", "Parallel Aware": false, "Startup Cost": 10001092663.4, "Total Cost": 10001092854.28, "Plan Rows": 76351, "Plan Width": 16, "Sort Key": ["orders.o_orderpriority"], "Plans": [{"Node Type": "Nested Loop", "Parent Relationship": "Outer", "Parallel Aware": false, "Join Type": "Semi", "Startup Cost": 10000007665.11, "Total Cost": 10001086471.2, "Plan Rows": 76351, "Plan Width": 16, "Inner Unique": false, "Plans": [{"Node Type": "Bitmap Heap Scan", "Parent Relationship": "Outer", "Parallel Aware": false, "Relation Name": "orders", "Alias": "orders", "Startup Cost": 7664.0, "Total Cost": 277237.9, "Plan Rows": 577460, "Plan Width": 20, "Recheck Cond": "((o_orderdate >= '1995-08-01'::date) AND (o_orderdate < '1995-11-01 00:00:00'::timestamp without time zone))", "Plans": [{"Node Type": "Bitmap Index Scan", "Parent Relationship": "Outer", "Parallel Aware": false, "Index Name": "idx_orders_orderdate", "Startup Cost": 0.0, "Total Cost": 7519.64, "Plan Rows": 577460, "Plan Width": 0, "Index Cond": "((o_orderdate >= '1995-08-01'::date) AND (o_orderdate < '1995-11-01 00:00:00'::timestamp without time zone))"}]}, {"Node Type": "Bitmap Heap Scan", "Parent Relationship": "Inner", "Parallel Aware": false, "Relation Name": "lineitem", "Alias": "lineitem", "Startup Cost": 1.11, "Total Cost": 3.76, "Plan Rows": 10, "Plan Width": 4, "Recheck Cond": "(l_orderkey = orders.o_orderkey)", "Filter": "(l_commitdate < l_receiptdate)", "Plans": [{"Node Type": "Bitmap Index Scan", "Parent Relationship": "Outer", "Parallel Aware": false, "Index Name": "lineitem_pkey", "Startup Cost": 0.0, "Total Cost": 1.1, "Plan Rows": 30, "Plan Width": 0, "Index Cond": "(l_orderkey = orders.o_orderkey)"}]}]}]}]}]}}, {"Plan": {"Node Type": "Limit", "Parallel Aware": false, "Startup Cost": 2255630.43, "Total Cost": 2255667.77, "Plan Rows": 1, "Plan Width": 24, "Plans": [{"Node Type": "Aggregate", "Strategy": "Sorted", "Partial Mode": "Finalize", "Parent Relationship": "Outer", "Parallel Aware": false, "Startup Cost": 2255630.43, "Total Cost": 2255817.09, "Plan Rows": 5, "Plan Width": 24, "Group Key": ["orders.o_orderpriority"], "Plans": [{"Node Type": "Gather Merge", "Parent Relationship": "Outer", "Parallel Aware": false, "Startup Cost": 2255630.43, "Total Cost": 2255816.96, "Plan Rows": 15, "Plan Width": 24, "Workers Planned": 3, "Plans": [{"Node Type": "Aggregate", "Strategy": "Sorted", "Partial Mode": "Partial", "Parent Relationship": "Outer", "Parallel Aware": false, "Startup Cost": 2254630.39, "Total Cost": 2254815.16, "Plan Rows": 5, "Plan Width": 24, "Group Key": ["orders.o_orderpriority"], "Plans": [{"Node Type": "Sort", "Parent Relationship": "Outer", "Parallel Aware": false, "Startup Cost": 2254630.39, "Total Cost": 2254691.97, "Plan Rows": 24629, "Plan Width": 16, "Sort Key": ["orders.o_orderpriority"], "Plans": [{"Node Type": "Hash Join", "Parent Relationship": "Outer", "Parallel Aware": true, "Join Type": "Semi", "Startup Cost": 1960954.02, "Total Cost": 2252833.95, "Plan Rows": 24629, "Plan Width": 16, "Inner Unique": false, "Hash Cond": "(orders.o_orderkey = lineitem.l_orderkey)", "Plans": [{"Node Type": "Bitmap Heap Scan", "Parent Relationship": "Outer", "Parallel Aware": true, "Relation Name": "orders", "Alias": "orders", "Startup Cost": 7664.0, "Total Cost": 271370.16, "Plan Rows": 186277, "Plan Width": 20, "Recheck Cond": "((o_orderdate >= '1995-08-01'::date) AND (o_orderdate < '1995-11-01 00:00:00'::timestamp without time zone))", "Plans": [{"Node Type": "Bitmap Index Scan", "Parent Relationship": "Outer", "Parallel Aware": false, "Index Name": "idx_orders_orderdate", "Startup Cost": 0.0, "Total Cost": 7519.64, "Plan Rows": 577460, "Plan Width": 0, "Index Cond": "((o_orderdate >= '1995-08-01'::date) AND (o_orderdate < '1995-11-01 00:00:00'::timestamp without time zone))"}]}, {"Node Type": "Hash", "Parent Relationship": "Inner", "Parallel Aware": true, "Startup Cost": 1847467.97, "Total Cost": 1847467.97, "Plan Rows": 6450084, "Plan Width": 4, "Plans": [{"Node Type": "Index Scan", "Parent Relationship": "Outer", "Parallel Aware": true, "Scan Direction": "Forward", "Index Name": "idx_lineitem_orderkey", "Relation Name": "lineitem", "Alias": "lineitem", "Startup Cost": 0.56, "Total Cost": 1847467.97, "Plan Rows": 6450084, "Plan Width": 4, "Filter": "(l_commitdate < l_receiptdate)"}]}]}]}]}]}]}]}}, {"Plan": {"Node Type": "Limit", "Parallel Aware": false, "Startup Cost": 2255630.43, "Total Cost": 2255667.77, "Plan Rows": 1, "Plan Width": 24, "Plans": [{"Node Type": "Aggregate", "Strategy": "Sorted", "Partial Mode": "Finalize", "Parent Relationship": "Outer", "Parallel Aware": false, "Startup Cost": 2255630.43, "Total Cost": 2255817.09, "Plan Rows": 5, "Plan Width": 24, "Group Key": ["orders.o_orderpriority"], "Plans": [{"Node Type": "Gather Merge", "Parent Relationship": "Outer", "Parallel Aware": false, "Startup Cost": 2255630.43, "Total Cost": 2255816.96, "Plan Rows": 15, "Plan Width": 24, "Workers Planned": 3, "Plans": [{"Node Type": "Aggregate", "Strategy": "Sorted", "Partial Mode": "Partial", "Parent Relationship": "Outer", "Parallel Aware": false, "Startup Cost": 2254630.39, "Total Cost": 2254815.16, "Plan Rows": 5, "Plan Width": 24, "Group Key": ["orders.o_orderpriority"], "Plans": [{"Node Type": "Sort", "Parent Relationship": "Outer", "Parallel Aware": false, "Startup Cost": 2254630.39, "Total Cost": 2254691.97, "Plan Rows": 24629, "Plan Width": 16, "Sort Key": ["orders.o_orderpriority"], "Plans": [{"Node Type": "Hash Join", "Parent Relationship": "Outer", "Parallel Aware": true, "Join Type": "Semi", "Startup Cost": 1960954.02, "Total Cost": 2252833.95, "Plan Rows": 24629, "Plan Width": 16, "Inner Unique": false, "Hash Cond": "(orders.o_orderkey = lineitem.l_orderkey)", "Plans": [{"Node Type": "Bitmap Heap Scan", "Parent Relationship": "Outer", "Parallel Aware": true, "Relation Name": "orders", "Alias": "orders", "Startup Cost": 7664.0, "Total Cost": 271370.16, "Plan Rows": 186277, "Plan Width": 20, "Recheck Cond": "((o_orderdate >= '1995-08-01'::date) AND (o_orderdate < '1995-11-01 00:00:00'::timestamp without time zone))", "Plans": [{"Node Type": "Bitmap Index Scan", "Parent Relationship": "Outer", "Parallel Aware": false, "Index Name": "idx_orders_orderdate", "Startup Cost": 0.0, "Total Cost": 7519.64, "Plan Rows": 577460, "Plan Width": 0, "Index Cond": "((o_orderdate >= '1995-08-01'::date) AND (o_orderdate < '1995-11-01 00:00:00'::timestamp without time zone))"}]}, {"Node Type": "Hash", "Parent Relationship": "Inner", "Parallel Aware": true, "Startup Cost": 1847467.97, "Total Cost": 1847467.97, "Plan Rows": 6450084, "Plan Width": 4, "Plans": [{"Node Type": "Index Scan", "Parent Relationship": "Outer", "Parallel Aware": true, "Scan Direction": "Forward", "Index Name": "idx_lineitem_orderkey", "Relation Name": "lineitem", "Alias": "lineitem", "Startup Cost": 0.56, "Total Cost": 1847467.97, "Plan Rows": 6450084, "Plan Width": 4, "Filter": "(l_commitdate < l_receiptdate)"}]}]}]}]}]}]}]}}, {"Plan": {"Node Type": "Limit", "Parallel Aware": false, "Startup Cost": 416726.29, "Total Cost": 416763.63, "Plan Rows": 1, "Plan Width": 24, "Plans": [{"Node Type": "Aggregate", "Strategy": "Sorted", "Partial Mode": "Finalize", "Parent Relationship": "Outer", "Parallel Aware": false, "Startup Cost": 416726.29, "Total Cost": 416912.95, "Plan Rows": 5, "Plan Width": 24, "Group Key": ["orders.o_orderpriority"], "Plans": [{"Node Type": "Gather Merge", "Parent Relationship": "Outer", "Parallel Aware": false, "Startup Cost": 416726.29, "Total Cost": 416912.82, "Plan Rows": 15, "Plan Width": 24, "Workers Planned": 3, "Plans": [{"Node Type": "Aggregate", "Strategy": "Sorted", "Partial Mode": "Partial", "Parent Relationship": "Outer", "Parallel Aware": false, "Startup Cost": 415726.25, "Total Cost": 415911.02, "Plan Rows": 5, "Plan Width": 24, "Group Key": ["orders.o_orderpriority"], "Plans": [{"Node Type": "Sort", "Parent Relationship": "Outer", "Parallel Aware": false, "Startup Cost": 415726.25, "Total Cost": 415787.83, "Plan Rows": 24629, "Plan Width": 16, "Sort Key": ["orders.o_orderpriority"], "Plans": [{"Node Type": "Nested Loop", "Parent Relationship": "Outer", "Parallel Aware": false, "Join Type": "Semi", "Startup Cost": 7664.57, "Total Cost": 413929.81, "Plan Rows": 24629, "Plan Width": 16, "Inner Unique": false, "Plans": [{"Node Type": "Bitmap Heap Scan", "Parent Relationship": "Outer", "Parallel Aware": true, "Relation Name": "orders", "Alias": "orders", "Startup Cost": 7664.0, "Total Cost": 271370.16, "Plan Rows": 186277, "Plan Width": 20, "Recheck Cond": "((o_orderdate >= '1995-08-01'::date) AND (o_orderdate < '1995-11-01 00:00:00'::timestamp without time zone))", "Plans": [{"Node Type": "Bitmap Index Scan", "Parent Relationship": "Outer", "Parallel Aware": false, "Index Name": "idx_orders_orderdate", "Startup Cost": 0.0, "Total Cost": 7519.64, "Plan Rows": 577460, "Plan Width": 0, "Index Cond": "((o_orderdate >= '1995-08-01'::date) AND (o_orderdate < '1995-11-01 00:00:00'::timestamp without time zone))"}]}, {"Node Type": "Index Scan", "Parent Relationship": "Inner", "Parallel Aware": false, "Scan Direction": "Forward", "Index Name": "idx_lineitem_orderkey", "Relation Name": "lineitem", "Alias": "lineitem", "Startup Cost": 0.56, "Total Cost": 2.35, "Plan Rows": 10, "Plan Width": 4, "Index Cond": "(l_orderkey = orders.o_orderkey)", "Filter": "(l_commitdate < l_receiptdate)"}]}]}]}]}]}]}}, {"Plan": {"Node Type": "Limit", "Parallel Aware": false, "Startup Cost": 1774582.59, "Total Cost": 1774619.92, "Plan Rows": 1, "Plan Width": 24, "Plans": [{"Node Type": "Aggregate", "Strategy": "Sorted", "Partial Mode": "Finalize", "Parent Relationship": "Outer", "Parallel Aware": false, "Startup Cost": 1774582.59, "Total Cost": 1774769.24, "Plan Rows": 5, "Plan Width": 24, "Group Key": ["orders.o_orderpriority"], "Plans": [{"Node Type": "Gather Merge", "Parent Relationship": "Outer", "Parallel Aware": false, "Startup Cost": 1774582.59, "Total Cost": 1774769.12, "Plan Rows": 15, "Plan Width": 24, "Workers Planned": 3, "Plans": [{"Node Type": "Aggregate", "Strategy": "Sorted", "Partial Mode": "Partial", "Parent Relationship": "Outer", "Parallel Aware": false, "Startup Cost": 1773582.55, "Total Cost": 1773767.32, "Plan Rows": 5, "Plan Width": 24, "Group Key": ["orders.o_orderpriority"], "Plans": [{"Node Type": "Sort", "Parent Relationship": "Outer", "Parallel Aware": false, "Startup Cost": 1773582.55, "Total Cost": 1773644.12, "Plan Rows": 24629, "Plan Width": 16, "Sort Key": ["orders.o_orderpriority"], "Plans": [{"Node Type": "Hash Join", "Parent Relationship": "Outer", "Parallel Aware": true, "Join Type": "Semi", "Startup Cost": 1479906.18, "Total Cost": 1771786.1, "Plan Rows": 24629, "Plan Width": 16, "Inner Unique": false, "Hash Cond": "(orders.o_orderkey = lineitem.l_orderkey)", "Plans": [{"Node Type": "Bitmap Heap Scan", "Parent Relationship": "Outer", "Parallel Aware": true, "Relation Name": "orders", "Alias": "orders", "Startup Cost": 7664.0, "Total Cost": 271370.16, "Plan Rows": 186277, "Plan Width": 20, "Recheck Cond": "((o_orderdate >= '1995-08-01'::date) AND (o_orderdate < '1995-11-01 00:00:00'::timestamp without time zone))", "Plans": [{"Node Type": "Bitmap Index Scan", "Parent Relationship": "Outer", "Parallel Aware": false, "Index Name": "idx_orders_orderdate", "Startup Cost": 0.0, "Total Cost": 7519.64, "Plan Rows": 577460, "Plan Width": 0, "Index Cond": "((o_orderdate >= '1995-08-01'::date) AND (o_orderdate < '1995-11-01 00:00:00'::timestamp without time zone))"}]}, {"Node Type": "Hash", "Parent Relationship": "Inner", "Parallel Aware": true, "Startup Cost": 1366420.13, "Total Cost": 1366420.13, "Plan Rows": 6450084, "Plan Width": 4, "Plans": [{"Node Type": "Seq Scan", "Parent Relationship": "Outer", "Parallel Aware": true, "Relation Name": "lineitem", "Alias": "lineitem", "Startup Cost": 0.0, "Total Cost": 1366420.13, "Plan Rows": 6450084, "Plan Width": 4, "Filter": "(l_commitdate < l_receiptdate)"}]}]}]}]}]}]}]}}, {"Plan": {"Node Type": "Limit", "Parallel Aware": false, "Startup Cost": 416726.29, "Total Cost": 416763.63, "Plan Rows": 1, "Plan Width": 24, "Plans": [{"Node Type": "Aggregate", "Strategy": "Sorted", "Partial Mode": "Finalize", "Parent Relationship": "Outer", "Parallel Aware": false, "Startup Cost": 416726.29, "Total Cost": 416912.95, "Plan Rows": 5, "Plan Width": 24, "Group Key": ["orders.o_orderpriority"], "Plans": [{"Node Type": "Gather Merge", "Parent Relationship": "Outer", "Parallel Aware": false, "Startup Cost": 416726.29, "Total Cost": 416912.82, "Plan Rows": 15, "Plan Width": 24, "Workers Planned": 3, "Plans": [{"Node Type": "Aggregate", "Strategy": "Sorted", "Partial Mode": "Partial", "Parent Relationship": "Outer", "Parallel Aware": false, "Startup Cost": 415726.25, "Total Cost": 415911.02, "Plan Rows": 5, "Plan Width": 24, "Group Key": ["orders.o_orderpriority"], "Plans": [{"Node Type": "Sort", "Parent Relationship": "Outer", "Parallel Aware": false, "Startup Cost": 415726.25, "Total Cost": 415787.83, "Plan Rows": 24629, "Plan Width": 16, "Sort Key": ["orders.o_orderpriority"], "Plans": [{"Node Type": "Nested Loop", "Parent Relationship": "Outer", "Parallel Aware": false, "Join Type": "Semi", "Startup Cost": 7664.57, "Total Cost": 413929.81, "Plan Rows": 24629, "Plan Width": 16, "Inner Unique": false, "Plans": [{"Node Type": "Bitmap Heap Scan", "Parent Relationship": "Outer", "Parallel Aware": true, "Relation Name": "orders", "Alias": "orders", "Startup Cost": 7664.0, "Total Cost": 271370.16, "Plan Rows": 186277, "Plan Width": 20, "Recheck Cond": "((o_orderdate >= '1995-08-01'::date) AND (o_orderdate < '1995-11-01 00:00:00'::timestamp without time zone))", "Plans": [{"Node Type": "Bitmap Index Scan", "Parent Relationship": "Outer", "Parallel Aware": false, "Index Name": "idx_orders_orderdate", "Startup Cost": 0.0, "Total Cost": 7519.64, "Plan Rows": 577460, "Plan Width": 0, "Index Cond": "((o_orderdate >= '1995-08-01'::date) AND (o_orderdate < '1995-11-01 00:00:00'::timestamp without time zone))"}]}, {"Node Type": "Index Scan", "Parent Relationship": "Inner", "Parallel Aware": false, "Scan Direction": "Forward", "Index Name": "idx_lineitem_orderkey", "Relation Name": "lineitem", "Alias": "lineitem", "Startup Cost": 0.56, "Total Cost": 2.35, "Plan Rows": 10, "Plan Width": 4, "Index Cond": "(l_orderkey = orders.o_orderkey)", "Filter": "(l_commitdate < l_receiptdate)"}]}]}]}]}]}]}}, {"Plan": {"Node Type": "Limit", "Parallel Aware": false, "Startup Cost": 416726.29, "Total Cost": 416763.63, "Plan Rows": 1, "Plan Width": 24, "Plans": [{"Node Type": "Aggregate", "Strategy": "Sorted", "Partial Mode": "Finalize", "Parent Relationship": "Outer", "Parallel Aware": false, "Startup Cost": 416726.29, "Total Cost": 416912.95, "Plan Rows": 5, "Plan Width": 24, "Group Key": ["orders.o_orderpriority"], "Plans": [{"Node Type": "Gather Merge", "Parent Relationship": "Outer", "Parallel Aware": false, "Startup Cost": 416726.29, "Total Cost": 416912.82, "Plan Rows": 15, "Plan Width": 24, "Workers Planned": 3, "Plans": [{"Node Type": "Aggregate", "Strategy": "Sorted", "Partial Mode": "Partial", "Parent Relationship": "Outer", "Parallel Aware": false, "Startup Cost": 415726.25, "Total Cost": 415911.02, "Plan Rows": 5, "Plan Width": 24, "Group Key": ["orders.o_orderpriority"], "Plans": [{"Node Type": "Sort", "Parent Relationship": "Outer", "Parallel Aware": false, "Startup Cost": 415726.25, "Total Cost": 415787.83, "Plan Rows": 24629, "Plan Width": 16, "Sort Key": ["orders.o_orderpriority"], "Plans": [{"Node Type": "Nested Loop", "Parent Relationship": "Outer", "Parallel Aware": false, "Join Type": "Semi", "Startup Cost": 7664.57, "Total Cost": 413929.81, "Plan Rows": 24629, "Plan Width": 16, "Inner Unique": false, "Plans": [{"Node Type": "Bitmap Heap Scan", "Parent Relationship": "Outer", "Parallel Aware": true, "Relation Name": "orders", "Alias": "orders", "Startup Cost": 7664.0, "Total Cost": 271370.16, "Plan Rows": 186277, "Plan Width": 20, "Recheck Cond": "((o_orderdate >= '1995-08-01'::date) AND (o_orderdate < '1995-11-01 00:00:00'::timestamp without time zone))", "Plans": [{"Node Type": "Bitmap Index Scan", "Parent Relationship": "Outer", "Parallel Aware": false, "Index Name": "idx_orders_orderdate", "Startup Cost": 0.0, "Total Cost": 7519.64, "Plan Rows": 577460, "Plan Width": 0, "Index Cond": "((o_orderdate >= '1995-08-01'::date) AND (o_orderdate < '1995-11-01 00:00:00'::timestamp without time zone))"}]}, {"Node Type": "Index Scan", "Parent Relationship": "Inner", "Parallel Aware": false, "Scan Direction": "Forward", "Index Name": "idx_lineitem_orderkey", "Relation Name": "lineitem", "Alias": "lineitem", "Startup Cost": 0.56, "Total Cost": 2.35, "Plan Rows": 10, "Plan Width": 4, "Index Cond": "(l_orderkey = orders.o_orderkey)", "Filter": "(l_commitdate < l_receiptdate)"}]}]}]}]}]}]}}, {"Plan": {"Node Type": "Limit", "Parallel Aware": false, "Startup Cost": 1774582.59, "Total Cost": 1774619.92, "Plan Rows": 1, "Plan Width": 24, "Plans": [{"Node Type": "Aggregate", "Strategy": "Sorted", "Partial Mode": "Finalize", "Parent Relationship": "Outer", "Parallel Aware": false, "Startup Cost": 1774582.59, "Total Cost": 1774769.24, "Plan Rows": 5, "Plan Width": 24, "Group Key": ["orders.o_orderpriority"], "Plans": [{"Node Type": "Gather Merge", "Parent Relationship": "Outer", "Parallel Aware": false, "Startup Cost": 1774582.59, "Total Cost": 1774769.12, "Plan Rows": 15, "Plan Width": 24, "Workers Planned": 3, "Plans": [{"Node Type": "Aggregate", "Strategy": "Sorted", "Partial Mode": "Partial", "Parent Relationship": "Outer", "Parallel Aware": false, "Startup Cost": 1773582.55, "Total Cost": 1773767.32, "Plan Rows": 5, "Plan Width": 24, "Group Key": ["orders.o_orderpriority"], "Plans": [{"Node Type": "Sort", "Parent Relationship": "Outer", "Parallel Aware": false, "Startup Cost": 1773582.55, "Total Cost": 1773644.12, "Plan Rows": 24629, "Plan Width": 16, "Sort Key": ["orders.o_orderpriority"], "Plans": [{"Node Type": "Hash Join", "Parent Relationship": "Outer", "Parallel Aware": true, "Join Type": "Semi", "Startup Cost": 1479906.18, "Total Cost": 1771786.1, "Plan Rows": 24629, "Plan Width": 16, "Inner Unique": false, "Hash Cond": "(orders.o_orderkey = lineitem.l_orderkey)", "Plans": [{"Node Type": "Bitmap Heap Scan", "Parent Relationship": "Outer", "Parallel Aware": true, "Relation Name": "orders", "Alias": "orders", "Startup Cost": 7664.0, "Total Cost": 271370.16, "Plan Rows": 186277, "Plan Width": 20, "Recheck Cond": "((o_orderdate >= '1995-08-01'::date) AND (o_orderdate < '1995-11-01 00:00:00'::timestamp without time zone))", "Plans": [{"Node Type": "Bitmap Index Scan", "Parent Relationship": "Outer", "Parallel Aware": false, "Index Name": "idx_orders_orderdate", "Startup Cost": 0.0, "Total Cost": 7519.64, "Plan Rows": 577460, "Plan Width": 0, "Index Cond": "((o_orderdate >= '1995-08-01'::date) AND (o_orderdate < '1995-11-01 00:00:00'::timestamp without time zone))"}]}, {"Node Type": "Hash", "Parent Relationship": "Inner", "Parallel Aware": true, "Startup Cost": 1366420.13, "Total Cost": 1366420.13, "Plan Rows": 6450084, "Plan Width": 4, "Plans": [{"Node Type": "Seq Scan", "Parent Relationship": "Outer", "Parallel Aware": true, "Relation Name": "lineitem", "Alias": "lineitem", "Startup Cost": 0.0, "Total Cost": 1366420.13, "Plan Rows": 6450084, "Plan Width": 4, "Filter": "(l_commitdate < l_receiptdate)"}]}]}]}]}]}]}]}}, {"Plan": {"Node Type": "Limit", "Parallel Aware": false, "Startup Cost": 10001092663.4, "Total Cost": 10001092777.94, "Plan Rows": 1, "Plan Width": 24, "Plans": [{"Node Type": "Aggregate", "Strategy": "Sorted", "Partial Mode": "Simple", "Parent Relationship": "Outer", "Parallel Aware": false, "Startup Cost": 10001092663.4, "Total Cost": 10001093236.09, "Plan Rows": 5, "Plan Width": 24, "Group Key": ["orders.o_orderpriority"], "Plans": [{"Node Type": "Sort", "Parent Relationship": "Outer", "Parallel Aware": false, "Startup Cost": 10001092663.4, "Total Cost": 10001092854.28, "Plan Rows": 76351, "Plan Width": 16, "Sort Key": ["orders.o_orderpriority"], "Plans": [{"Node Type": "Nested Loop", "Parent Relationship": "Outer", "Parallel Aware": false, "Join Type": "Semi", "Startup Cost": 10000007665.11, "Total Cost": 10001086471.2, "Plan Rows": 76351, "Plan Width": 16, "Inner Unique": false, "Plans": [{"Node Type": "Bitmap Heap Scan", "Parent Relationship": "Outer", "Parallel Aware": false, "Relation Name": "orders", "Alias": "orders", "Startup Cost": 7664.0, "Total Cost": 277237.9, "Plan Rows": 577460, "Plan Width": 20, "Recheck Cond": "((o_orderdate >= '1995-08-01'::date) AND (o_orderdate < '1995-11-01 00:00:00'::timestamp without time zone))", "Plans": [{"Node Type": "Bitmap Index Scan", "Parent Relationship": "Outer", "Parallel Aware": false, "Index Name": "idx_orders_orderdate", "Startup Cost": 0.0, "Total Cost": 7519.64, "Plan Rows": 577460, "Plan Width": 0, "Index Cond": "((o_orderdate >= '1995-08-01'::date) AND (o_orderdate < '1995-11-01 00:00:00'::timestamp without time zone))"}]}, {"Node Type": "Bitmap Heap Scan", "Parent Relationship": "Inner", "Parallel Aware": false, "Relation Name": "lineitem", "Alias": "lineitem", "Startup Cost": 1.11, "Total Cost": 3.76, "Plan Rows": 10, "Plan Width": 4, "Recheck Cond": "(l_orderkey = orders.o_orderkey)", "Filter": "(l_commitdate < l_receiptdate)", "Plans": [{"Node Type": "Bitmap Index Scan", "Parent Relationship": "Outer", "Parallel Aware": false, "Index Name": "lineitem_pkey", "Startup Cost": 0.0, "Total Cost": 1.1, "Plan Rows": 30, "Plan Width": 0, "Index Cond": "(l_orderkey = orders.o_orderkey)"}]}]}]}]}]}}, {"Plan": {"Node Type": "Limit", "Parallel Aware": false, "Startup Cost": 535208.99, "Total Cost": 535246.32, "Plan Rows": 1, "Plan Width": 24, "Plans": [{"Node Type": "Aggregate", "Strategy": "Sorted", "Partial Mode": "Finalize", "Parent Relationship": "Outer", "Parallel Aware": false, "Startup Cost": 535208.99, "Total Cost": 535395.65, "Plan Rows": 5, "Plan Width": 24, "Group Key": ["orders.o_orderpriority"], "Plans": [{"Node Type": "Gather Merge", "Parent Relationship": "Outer", "Parallel Aware": false, "Startup Cost": 535208.99, "Total Cost": 535395.52, "Plan Rows": 15, "Plan Width": 24, "Workers Planned": 3, "Plans": [{"Node Type": "Aggregate", "Strategy": "Sorted", "Partial Mode": "Partial", "Parent Relationship": "Outer", "Parallel Aware": false, "Startup Cost": 534208.95, "Total Cost": 534393.72, "Plan Rows": 5, "Plan Width": 24, "Group Key": ["orders.o_orderpriority"], "Plans": [{"Node Type": "Sort", "Parent Relationship": "Outer", "Parallel Aware": false, "Startup Cost": 534208.95, "Total Cost": 534270.52, "Plan Rows": 24629, "Plan Width": 16, "Sort Key": ["orders.o_orderpriority"], "Plans": [{"Node Type": "Nested Loop", "Parent Relationship": "Outer", "Parallel Aware": false, "Join Type": "Semi", "Startup Cost": 7665.11, "Total Cost": 532412.5, "Plan Rows": 24629, "Plan Width": 16, "Inner Unique": false, "Plans": [{"Node Type": "Bitmap Heap Scan", "Parent Relationship": "Outer", "Parallel Aware": true, "Relation Name": "orders", "Alias": "orders", "Startup Cost": 7664.0, "Total Cost": 271370.16, "Plan Rows": 186277, "Plan Width": 20, "Recheck Cond": "((o_orderdate >= '1995-08-01'::date) AND (o_orderdate < '1995-11-01 00:00:00'::timestamp without time zone))", "Plans": [{"Node Type": "Bitmap Index Scan", "Parent Relationship": "Outer", "Parallel Aware": false, "Index Name": "idx_orders_orderdate", "Startup Cost": 0.0, "Total Cost": 7519.64, "Plan Rows": 577460, "Plan Width": 0, "Index Cond": "((o_orderdate >= '1995-08-01'::date) AND (o_orderdate < '1995-11-01 00:00:00'::timestamp without time zone))"}]}, {"Node Type": "Bitmap Heap Scan", "Parent Relationship": "Inner", "Parallel Aware": false, "Relation Name": "lineitem", "Alias": "lineitem", "Startup Cost": 1.11, "Total Cost": 3.76, "Plan Rows": 10, "Plan Width": 4, "Recheck Cond": "(l_orderkey = orders.o_orderkey)", "Filter": "(l_commitdate < l_receiptdate)", "Plans": [{"Node Type": "Bitmap Index Scan", "Parent Relationship": "Outer", "Parallel Aware": false, "Index Name": "lineitem_pkey", "Startup Cost": 0.0, "Total Cost": 1.1, "Plan Rows": 30, "Plan Width": 0, "Index Cond": "(l_orderkey = orders.o_orderkey)"}]}]}]}]}]}]}]}}, {"Plan": {"Node Type": "Limit", "Parallel Aware": false, "Startup Cost": 535208.99, "Total Cost": 535246.32, "Plan Rows": 1, "Plan Width": 24, "Plans": [{"Node Type": "Aggregate", "Strategy": "Sorted", "Partial Mode": "Finalize", "Parent Relationship": "Outer", "Parallel Aware": false, "Startup Cost": 535208.99, "Total Cost": 535395.65, "Plan Rows": 5, "Plan Width": 24, "Group Key": ["orders.o_orderpriority"], "Plans": [{"Node Type": "Gather Merge", "Parent Relationship": "Outer", "Parallel Aware": false, "Startup Cost": 535208.99, "Total Cost": 535395.52, "Plan Rows": 15, "Plan Width": 24, "Workers Planned": 3, "Plans": [{"Node Type": "Aggregate", "Strategy": "Sorted", "Partial Mode": "Partial", "Parent Relationship": "Outer", "Parallel Aware": false, "Startup Cost": 534208.95, "Total Cost": 534393.72, "Plan Rows": 5, "Plan Width": 24, "Group Key": ["orders.o_orderpriority"], "Plans": [{"Node Type": "Sort", "Parent Relationship": "Outer", "Parallel Aware": false, "Startup Cost": 534208.95, "Total Cost": 534270.52, "Plan Rows": 24629, "Plan Width": 16, "Sort Key": ["orders.o_orderpriority"], "Plans": [{"Node Type": "Nested Loop", "Parent Relationship": "Outer", "Parallel Aware": false, "Join Type": "Semi", "Startup Cost": 7665.11, "Total Cost": 532412.5, "Plan Rows": 24629, "Plan Width": 16, "Inner Unique": false, "Plans": [{"Node Type": "Bitmap Heap Scan", "Parent Relationship": "Outer", "Parallel Aware": true, "Relation Name": "orders", "Alias": "orders", "Startup Cost": 7664.0, "Total Cost": 271370.16, "Plan Rows": 186277, "Plan Width": 20, "Recheck Cond": "((o_orderdate >= '1995-08-01'::date) AND (o_orderdate < '1995-11-01 00:00:00'::timestamp without time zone))", "Plans": [{"Node Type": "Bitmap Index Scan", "Parent Relationship": "Outer", "Parallel Aware": false, "Index Name": "idx_orders_orderdate", "Startup Cost": 0.0, "Total Cost": 7519.64, "Plan Rows": 577460, "Plan Width": 0, "Index Cond": "((o_orderdate >= '1995-08-01'::date) AND (o_orderdate < '1995-11-01 00:00:00'::timestamp without time zone))"}]}, {"Node Type": "Bitmap Heap Scan", "Parent Relationship": "Inner", "Parallel Aware": false, "Relation Name": "lineitem", "Alias": "lineitem", "Startup Cost": 1.11, "Total Cost": 3.76, "Plan Rows": 10, "Plan Width": 4, "Recheck Cond": "(l_orderkey = orders.o_orderkey)", "Filter": "(l_commitdate < l_receiptdate)", "Plans": [{"Node Type": "Bitmap Index Scan", "Parent Relationship": "Outer", "Parallel Aware": false, "Index Name": "lineitem_pkey", "Startup Cost": 0.0, "Total Cost": 1.1, "Plan Rows": 30, "Plan Width": 0, "Index Cond": "(l_orderkey = orders.o_orderkey)"}]}]}]}]}]}]}]}}, {"Plan": {"Node Type": "Limit", "Parallel Aware": false, "Startup Cost": 1774582.59, "Total Cost": 1774619.92, "Plan Rows": 1, "Plan Width": 24, "Plans": [{"Node Type": "Aggregate", "Strategy": "Sorted", "Partial Mode": "Finalize", "Parent Relationship": "Outer", "Parallel Aware": false, "Startup Cost": 1774582.59, "Total Cost": 1774769.24, "Plan Rows": 5, "Plan Width": 24, "Group Key": ["orders.o_orderpriority"], "Plans": [{"Node Type": "Gather Merge", "Parent Relationship": "Outer", "Parallel Aware": false, "Startup Cost": 1774582.59, "Total Cost": 1774769.12, "Plan Rows": 15, "Plan Width": 24, "Workers Planned": 3, "Plans": [{"Node Type": "Aggregate", "Strategy": "Sorted", "Partial Mode": "Partial", "Parent Relationship": "Outer", "Parallel Aware": false, "Startup Cost": 1773582.55, "Total Cost": 1773767.32, "Plan Rows": 5, "Plan Width": 24, "Group Key": ["orders.o_orderpriority"], "Plans": [{"Node Type": "Sort", "Parent Relationship": "Outer", "Parallel Aware": false, "Startup Cost": 1773582.55, "Total Cost": 1773644.12, "Plan Rows": 24629, "Plan Width": 16, "Sort Key": ["orders.o_orderpriority"], "Plans": [{"Node Type": "Hash Join", "Parent Relationship": "Outer", "Parallel Aware": true, "Join Type": "Semi", "Startup Cost": 1479906.18, "Total Cost": 1771786.1, "Plan Rows": 24629, "Plan Width": 16, "Inner Unique": false, "Hash Cond": "(orders.o_orderkey = lineitem.l_orderkey)", "Plans": [{"Node Type": "Bitmap Heap Scan", "Parent Relationship": "Outer", "Parallel Aware": true, "Relation Name": "orders", "Alias": "orders", "Startup Cost": 7664.0, "Total Cost": 271370.16, "Plan Rows": 186277, "Plan Width": 20, "Recheck Cond": "((o_orderdate >= '1995-08-01'::date) AND (o_orderdate < '1995-11-01 00:00:00'::timestamp without time zone))", "Plans": [{"Node Type": "Bitmap Index Scan", "Parent Relationship": "Outer", "Parallel Aware": false, "Index Name": "idx_orders_orderdate", "Startup Cost": 0.0, "Total Cost": 7519.64, "Plan Rows": 577460, "Plan Width": 0, "Index Cond": "((o_orderdate >= '1995-08-01'::date) AND (o_orderdate < '1995-11-01 00:00:00'::timestamp without time zone))"}]}, {"Node Type": "Hash", "Parent Relationship": "Inner", "Parallel Aware": true, "Startup Cost": 1366420.13, "Total Cost": 1366420.13, "Plan Rows": 6450084, "Plan Width": 4, "Plans": [{"Node Type": "Seq Scan", "Parent Relationship": "Outer", "Parallel Aware": true, "Relation Name": "lineitem", "Alias": "lineitem", "Startup Cost": 0.0, "Total Cost": 1366420.13, "Plan Rows": 6450084, "Plan Width": 4, "Filter": "(l_commitdate < l_receiptdate)"}]}]}]}]}]}]}]}}, {"Plan": {"Node Type": "Limit", "Parallel Aware": false, "Startup Cost": 535208.99, "Total Cost": 535246.32, "Plan Rows": 1, "Plan Width": 24, "Plans": [{"Node Type": "Aggregate", "Strategy": "Sorted", "Partial Mode": "Finalize", "Parent Relationship": "Outer", "Parallel Aware": false, "Startup Cost": 535208.99, "Total Cost": 535395.65, "Plan Rows": 5, "Plan Width": 24, "Group Key": ["orders.o_orderpriority"], "Plans": [{"Node Type": "Gather Merge", "Parent Relationship": "Outer", "Parallel Aware": false, "Startup Cost": 535208.99, "Total Cost": 535395.52, "Plan Rows": 15, "Plan Width": 24, "Workers Planned": 3, "Plans": [{"Node Type": "Aggregate", "Strategy": "Sorted", "Partial Mode": "Partial", "Parent Relationship": "Outer", "Parallel Aware": false, "Startup Cost": 534208.95, "Total Cost": 534393.72, "Plan Rows": 5, "Plan Width": 24, "Group Key": ["orders.o_orderpriority"], "Plans": [{"Node Type": "Sort", "Parent Relationship": "Outer", "Parallel Aware": false, "Startup Cost": 534208.95, "Total Cost": 534270.52, "Plan Rows": 24629, "Plan Width": 16, "Sort Key": ["orders.o_orderpriority"], "Plans": [{"Node Type": "Nested Loop", "Parent Relationship": "Outer", "Parallel Aware": false, "Join Type": "Semi", "Startup Cost": 7665.11, "Total Cost": 532412.5, "Plan Rows": 24629, "Plan Width": 16, "Inner Unique": false, "Plans": [{"Node Type": "Bitmap Heap Scan", "Parent Relationship": "Outer", "Parallel Aware": true, "Relation Name": "orders", "Alias": "orders", "Startup Cost": 7664.0, "Total Cost": 271370.16, "Plan Rows": 186277, "Plan Width": 20, "Recheck Cond": "((o_orderdate >= '1995-08-01'::date) AND (o_orderdate < '1995-11-01 00:00:00'::timestamp without time zone))", "Plans": [{"Node Type": "Bitmap Index Scan", "Parent Relationship": "Outer", "Parallel Aware": false, "Index Name": "idx_orders_orderdate", "Startup Cost": 0.0, "Total Cost": 7519.64, "Plan Rows": 577460, "Plan Width": 0, "Index Cond": "((o_orderdate >= '1995-08-01'::date) AND (o_orderdate < '1995-11-01 00:00:00'::timestamp without time zone))"}]}, {"Node Type": "Bitmap Heap Scan", "Parent Relationship": "Inner", "Parallel Aware": false, "Relation Name": "lineitem", "Alias": "lineitem", "Startup Cost": 1.11, "Total Cost": 3.76, "Plan Rows": 10, "Plan Width": 4, "Recheck Cond": "(l_orderkey = orders.o_orderkey)", "Filter": "(l_commitdate < l_receiptdate)", "Plans": [{"Node Type": "Bitmap Index Scan", "Parent Relationship": "Outer", "Parallel Aware": false, "Index Name": "lineitem_pkey", "Startup Cost": 0.0, "Total Cost": 1.1, "Plan Rows": 30, "Plan Width": 0, "Index Cond": "(l_orderkey = orders.o_orderkey)"}]}]}]}]}]}]}]}}, {"Plan": {"Node Type": "Limit", "Parallel Aware": false, "Startup Cost": 535208.99, "Total Cost": 535246.32, "Plan Rows": 1, "Plan Width": 24, "Plans": [{"Node Type": "Aggregate", "Strategy": "Sorted", "Partial Mode": "Finalize", "Parent Relationship": "Outer", "Parallel Aware": false, "Startup Cost": 535208.99, "Total Cost": 535395.65, "Plan Rows": 5, "Plan Width": 24, "Group Key": ["orders.o_orderpriority"], "Plans": [{"Node Type": "Gather Merge", "Parent Relationship": "Outer", "Parallel Aware": false, "Startup Cost": 535208.99, "Total Cost": 535395.52, "Plan Rows": 15, "Plan Width": 24, "Workers Planned": 3, "Plans": [{"Node Type": "Aggregate", "Strategy": "Sorted", "Partial Mode": "Partial", "Parent Relationship": "Outer", "Parallel Aware": false, "Startup Cost": 534208.95, "Total Cost": 534393.72, "Plan Rows": 5, "Plan Width": 24, "Group Key": ["orders.o_orderpriority"], "Plans": [{"Node Type": "Sort", "Parent Relationship": "Outer", "Parallel Aware": false, "Startup Cost": 534208.95, "Total Cost": 534270.52, "Plan Rows": 24629, "Plan Width": 16, "Sort Key": ["orders.o_orderpriority"], "Plans": [{"Node Type": "Nested Loop", "Parent Relationship": "Outer", "Parallel Aware": false, "Join Type": "Semi", "Startup Cost": 7665.11, "Total Cost": 532412.5, "Plan Rows": 24629, "Plan Width": 16, "Inner Unique": false, "Plans": [{"Node Type": "Bitmap Heap Scan", "Parent Relationship": "Outer", "Parallel Aware": true, "Relation Name": "orders", "Alias": "orders", "Startup Cost": 7664.0, "Total Cost": 271370.16, "Plan Rows": 186277, "Plan Width": 20, "Recheck Cond": "((o_orderdate >= '1995-08-01'::date) AND (o_orderdate < '1995-11-01 00:00:00'::timestamp without time zone))", "Plans": [{"Node Type": "Bitmap Index Scan", "Parent Relationship": "Outer", "Parallel Aware": false, "Index Name": "idx_orders_orderdate", "Startup Cost": 0.0, "Total Cost": 7519.64, "Plan Rows": 577460, "Plan Width": 0, "Index Cond": "((o_orderdate >= '1995-08-01'::date) AND (o_orderdate < '1995-11-01 00:00:00'::timestamp without time zone))"}]}, {"Node Type": "Bitmap Heap Scan", "Parent Relationship": "Inner", "Parallel Aware": false, "Relation Name": "lineitem", "Alias": "lineitem", "Startup Cost": 1.11, "Total Cost": 3.76, "Plan Rows": 10, "Plan Width": 4, "Recheck Cond": "(l_orderkey = orders.o_orderkey)", "Filter": "(l_commitdate < l_receiptdate)", "Plans": [{"Node Type": "Bitmap Index Scan", "Parent Relationship": "Outer", "Parallel Aware": false, "Index Name": "lineitem_pkey", "Startup Cost": 0.0, "Total Cost": 1.1, "Plan Rows": 30, "Plan Width": 0, "Index Cond": "(l_orderkey = orders.o_orderkey)"}]}]}]}]}]}]}]}}, {"Plan": {"Node Type": "Limit", "Parallel Aware": false, "Startup Cost": 1774582.59, "Total Cost": 1774619.92, "Plan Rows": 1, "Plan Width": 24, "Plans": [{"Node Type": "Aggregate", "Strategy": "Sorted", "Partial Mode": "Finalize", "Parent Relationship": "Outer", "Parallel Aware": false, "Startup Cost": 1774582.59, "Total Cost": 1774769.24, "Plan Rows": 5, "Plan Width": 24, "Group Key": ["orders.o_orderpriority"], "Plans": [{"Node Type": "Gather Merge", "Parent Relationship": "Outer", "Parallel Aware": false, "Startup Cost": 1774582.59, "Total Cost": 1774769.12, "Plan Rows": 15, "Plan Width": 24, "Workers Planned": 3, "Plans": [{"Node Type": "Aggregate", "Strategy": "Sorted", "Partial Mode": "Partial", "Parent Relationship": "Outer", "Parallel Aware": false, "Startup Cost": 1773582.55, "Total Cost": 1773767.32, "Plan Rows": 5, "Plan Width": 24, "Group Key": ["orders.o_orderpriority"], "Plans": [{"Node Type": "Sort", "Parent Relationship": "Outer", "Parallel Aware": false, "Startup Cost": 1773582.55, "Total Cost": 1773644.12, "Plan Rows": 24629, "Plan Width": 16, "Sort Key": ["orders.o_orderpriority"], "Plans": [{"Node Type": "Hash Join", "Parent Relationship": "Outer", "Parallel Aware": true, "Join Type": "Semi", "Startup Cost": 1479906.18, "Total Cost": 1771786.1, "Plan Rows": 24629, "Plan Width": 16, "Inner Unique": false, "Hash Cond": "(orders.o_orderkey = lineitem.l_orderkey)", "Plans": [{"Node Type": "Bitmap Heap Scan", "Parent Relationship": "Outer", "Parallel Aware": true, "Relation Name": "orders", "Alias": "orders", "Startup Cost": 7664.0, "Total Cost": 271370.16, "Plan Rows": 186277, "Plan Width": 20, "Recheck Cond": "((o_orderdate >= '1995-08-01'::date) AND (o_orderdate < '1995-11-01 00:00:00'::timestamp without time zone))", "Plans": [{"Node Type": "Bitmap Index Scan", "Parent Relationship": "Outer", "Parallel Aware": false, "Index Name": "idx_orders_orderdate", "Startup Cost": 0.0, "Total Cost": 7519.64, "Plan Rows": 577460, "Plan Width": 0, "Index Cond": "((o_orderdate >= '1995-08-01'::date) AND (o_orderdate < '1995-11-01 00:00:00'::timestamp without time zone))"}]}, {"Node Type": "Hash", "Parent Relationship": "Inner", "Parallel Aware": true, "Startup Cost": 1366420.13, "Total Cost": 1366420.13, "Plan Rows": 6450084, "Plan Width": 4, "Plans": [{"Node Type": "Seq Scan", "Parent Relationship": "Outer", "Parallel Aware": true, "Relation Name": "lineitem", "Alias": "lineitem", "Startup Cost": 0.0, "Total Cost": 1366420.13, "Plan Rows": 6450084, "Plan Width": 4, "Filter": "(l_commitdate < l_receiptdate)"}]}]}]}]}]}]}]}}, {"Plan": {"Node Type": "Limit", "Parallel Aware": false, "Startup Cost": 2255630.43, "Total Cost": 2255667.77, "Plan Rows": 1, "Plan Width": 24, "Plans": [{"Node Type": "Aggregate", "Strategy": "Sorted", "Partial Mode": "Finalize", "Parent Relationship": "Outer", "Parallel Aware": false, "Startup Cost": 2255630.43, "Total Cost": 2255817.09, "Plan Rows": 5, "Plan Width": 24, "Group Key": ["orders.o_orderpriority"], "Plans": [{"Node Type": "Gather Merge", "Parent Relationship": "Outer", "Parallel Aware": false, "Startup Cost": 2255630.43, "Total Cost": 2255816.96, "Plan Rows": 15, "Plan Width": 24, "Workers Planned": 3, "Plans": [{"Node Type": "Aggregate", "Strategy": "Sorted", "Partial Mode": "Partial", "Parent Relationship": "Outer", "Parallel Aware": false, "Startup Cost": 2254630.39, "Total Cost": 2254815.16, "Plan Rows": 5, "Plan Width": 24, "Group Key": ["orders.o_orderpriority"], "Plans": [{"Node Type": "Sort", "Parent Relationship": "Outer", "Parallel Aware": false, "Startup Cost": 2254630.39, "Total Cost": 2254691.97, "Plan Rows": 24629, "Plan Width": 16, "Sort Key": ["orders.o_orderpriority"], "Plans": [{"Node Type": "Hash Join", "Parent Relationship": "Outer", "Parallel Aware": true, "Join Type": "Semi", "Startup Cost": 1960954.02, "Total Cost": 2252833.95, "Plan Rows": 24629, "Plan Width": 16, "Inner Unique": false, "Hash Cond": "(orders.o_orderkey = lineitem.l_orderkey)", "Plans": [{"Node Type": "Bitmap Heap Scan", "Parent Relationship": "Outer", "Parallel Aware": true, "Relation Name": "orders", "Alias": "orders", "Startup Cost": 7664.0, "Total Cost": 271370.16, "Plan Rows": 186277, "Plan Width": 20, "Recheck Cond": "((o_orderdate >= '1995-08-01'::date) AND (o_orderdate < '1995-11-01 00:00:00'::timestamp without time zone))", "Plans": [{"Node Type": "Bitmap Index Scan", "Parent Relationship": "Outer", "Parallel Aware": false, "Index Name": "idx_orders_orderdate", "Startup Cost": 0.0, "Total Cost": 7519.64, "Plan Rows": 577460, "Plan Width": 0, "Index Cond": "((o_orderdate >= '1995-08-01'::date) AND (o_orderdate < '1995-11-01 00:00:00'::timestamp without time zone))"}]}, {"Node Type": "Hash", "Parent Relationship": "Inner", "Parallel Aware": true, "Startup Cost": 1847467.97, "Total Cost": 1847467.97, "Plan Rows": 6450084, "Plan Width": 4, "Plans": [{"Node Type": "Index Scan", "Parent Relationship": "Outer", "Parallel Aware": true, "Scan Direction": "Forward", "Index Name": "idx_lineitem_orderkey", "Relation Name": "lineitem", "Alias": "lineitem", "Startup Cost": 0.56, "Total Cost": 1847467.97, "Plan Rows": 6450084, "Plan Width": 4, "Filter": "(l_commitdate < l_receiptdate)"}]}]}]}]}]}]}]}}, {"Plan": {"Node Type": "Limit", "Parallel Aware": false, "Startup Cost": 2255630.43, "Total Cost": 2255667.77, "Plan Rows": 1, "Plan Width": 24, "Plans": [{"Node Type": "Aggregate", "Strategy": "Sorted", "Partial Mode": "Finalize", "Parent Relationship": "Outer", "Parallel Aware": false, "Startup Cost": 2255630.43, "Total Cost": 2255817.09, "Plan Rows": 5, "Plan Width": 24, "Group Key": ["orders.o_orderpriority"], "Plans": [{"Node Type": "Gather Merge", "Parent Relationship": "Outer", "Parallel Aware": false, "Startup Cost": 2255630.43, "Total Cost": 2255816.96, "Plan Rows": 15, "Plan Width": 24, "Workers Planned": 3, "Plans": [{"Node Type": "Aggregate", "Strategy": "Sorted", "Partial Mode": "Partial", "Parent Relationship": "Outer", "Parallel Aware": false, "Startup Cost": 2254630.39, "Total Cost": 2254815.16, "Plan Rows": 5, "Plan Width": 24, "Group Key": ["orders.o_orderpriority"], "Plans": [{"Node Type": "Sort", "Parent Relationship": "Outer", "Parallel Aware": false, "Startup Cost": 2254630.39, "Total Cost": 2254691.97, "Plan Rows": 24629, "Plan Width": 16, "Sort Key": ["orders.o_orderpriority"], "Plans": [{"Node Type": "Hash Join", "Parent Relationship": "Outer", "Parallel Aware": true, "Join Type": "Semi", "Startup Cost": 1960954.02, "Total Cost": 2252833.95, "Plan Rows": 24629, "Plan Width": 16, "Inner Unique": false, "Hash Cond": "(orders.o_orderkey = lineitem.l_orderkey)", "Plans": [{"Node Type": "Bitmap Heap Scan", "Parent Relationship": "Outer", "Parallel Aware": true, "Relation Name": "orders", "Alias": "orders", "Startup Cost": 7664.0, "Total Cost": 271370.16, "Plan Rows": 186277, "Plan Width": 20, "Recheck Cond": "((o_orderdate >= '1995-08-01'::date) AND (o_orderdate < '1995-11-01 00:00:00'::timestamp without time zone))", "Plans": [{"Node Type": "Bitmap Index Scan", "Parent Relationship": "Outer", "Parallel Aware": false, "Index Name": "idx_orders_orderdate", "Startup Cost": 0.0, "Total Cost": 7519.64, "Plan Rows": 577460, "Plan Width": 0, "Index Cond": "((o_orderdate >= '1995-08-01'::date) AND (o_orderdate < '1995-11-01 00:00:00'::timestamp without time zone))"}]}, {"Node Type": "Hash", "Parent Relationship": "Inner", "Parallel Aware": true, "Startup Cost": 1847467.97, "Total Cost": 1847467.97, "Plan Rows": 6450084, "Plan Width": 4, "Plans": [{"Node Type": "Index Scan", "Parent Relationship": "Outer", "Parallel Aware": true, "Scan Direction": "Forward", "Index Name": "idx_lineitem_orderkey", "Relation Name": "lineitem", "Alias": "lineitem", "Startup Cost": 0.56, "Total Cost": 1847467.97, "Plan Rows": 6450084, "Plan Width": 4, "Filter": "(l_commitdate < l_receiptdate)"}]}]}]}]}]}]}]}}, {"Plan": {"Node Type": "Limit", "Parallel Aware": false, "Startup Cost": 416726.29, "Total Cost": 416763.63, "Plan Rows": 1, "Plan Width": 24, "Plans": [{"Node Type": "Aggregate", "Strategy": "Sorted", "Partial Mode": "Finalize", "Parent Relationship": "Outer", "Parallel Aware": false, "Startup Cost": 416726.29, "Total Cost": 416912.95, "Plan Rows": 5, "Plan Width": 24, "Group Key": ["orders.o_orderpriority"], "Plans": [{"Node Type": "Gather Merge", "Parent Relationship": "Outer", "Parallel Aware": false, "Startup Cost": 416726.29, "Total Cost": 416912.82, "Plan Rows": 15, "Plan Width": 24, "Workers Planned": 3, "Plans": [{"Node Type": "Aggregate", "Strategy": "Sorted", "Partial Mode": "Partial", "Parent Relationship": "Outer", "Parallel Aware": false, "Startup Cost": 415726.25, "Total Cost": 415911.02, "Plan Rows": 5, "Plan Width": 24, "Group Key": ["orders.o_orderpriority"], "Plans": [{"Node Type": "Sort", "Parent Relationship": "Outer", "Parallel Aware": false, "Startup Cost": 415726.25, "Total Cost": 415787.83, "Plan Rows": 24629, "Plan Width": 16, "Sort Key": ["orders.o_orderpriority"], "Plans": [{"Node Type": "Nested Loop", "Parent Relationship": "Outer", "Parallel Aware": false, "Join Type": "Semi", "Startup Cost": 7664.57, "Total Cost": 413929.81, "Plan Rows": 24629, "Plan Width": 16, "Inner Unique": false, "Plans": [{"Node Type": "Bitmap Heap Scan", "Parent Relationship": "Outer", "Parallel Aware": true, "Relation Name": "orders", "Alias": "orders", "Startup Cost": 7664.0, "Total Cost": 271370.16, "Plan Rows": 186277, "Plan Width": 20, "Recheck Cond": "((o_orderdate >= '1995-08-01'::date) AND (o_orderdate < '1995-11-01 00:00:00'::timestamp without time zone))", "Plans": [{"Node Type": "Bitmap Index Scan", "Parent Relationship": "Outer", "Parallel Aware": false, "Index Name": "idx_orders_orderdate", "Startup Cost": 0.0, "Total Cost": 7519.64, "Plan Rows": 577460, "Plan Width": 0, "Index Cond": "((o_orderdate >= '1995-08-01'::date) AND (o_orderdate < '1995-11-01 00:00:00'::timestamp without time zone))"}]}, {"Node Type": "Index Scan", "Parent Relationship": "Inner", "Parallel Aware": false, "Scan Direction": "Forward", "Index Name": "idx_lineitem_orderkey", "Relation Name": "lineitem", "Alias": "lineitem", "Startup Cost": 0.56, "Total Cost": 2.35, "Plan Rows": 10, "Plan Width": 4, "Index Cond": "(l_orderkey = orders.o_orderkey)", "Filter": "(l_commitdate < l_receiptdate)"}]}]}]}]}]}]}}, {"Plan": {"Node Type": "Limit", "Parallel Aware": false, "Startup Cost": 416726.29, "Total Cost": 416763.63, "Plan Rows": 1, "Plan Width": 24, "Plans": [{"Node Type": "Aggregate", "Strategy": "Sorted", "Partial Mode": "Finalize", "Parent Relationship": "Outer", "Parallel Aware": false, "Startup Cost": 416726.29, "Total Cost": 416912.95, "Plan Rows": 5, "Plan Width": 24, "Group Key": ["orders.o_orderpriority"], "Plans": [{"Node Type": "Gather Merge", "Parent Relationship": "Outer", "Parallel Aware": false, "Startup Cost": 416726.29, "Total Cost": 416912.82, "Plan Rows": 15, "Plan Width": 24, "Workers Planned": 3, "Plans": [{"Node Type": "Aggregate", "Strategy": "Sorted", "Partial Mode": "Partial", "Parent Relationship": "Outer", "Parallel Aware": false, "Startup Cost": 415726.25, "Total Cost": 415911.02, "Plan Rows": 5, "Plan Width": 24, "Group Key": ["orders.o_orderpriority"], "Plans": [{"Node Type": "Sort", "Parent Relationship": "Outer", "Parallel Aware": false, "Startup Cost": 415726.25, "Total Cost": 415787.83, "Plan Rows": 24629, "Plan Width": 16, "Sort Key": ["orders.o_orderpriority"], "Plans": [{"Node Type": "Nested Loop", "Parent Relationship": "Outer", "Parallel Aware": false, "Join Type": "Semi", "Startup Cost": 7664.57, "Total Cost": 413929.81, "Plan Rows": 24629, "Plan Width": 16, "Inner Unique": false, "Plans": [{"Node Type": "Bitmap Heap Scan", "Parent Relationship": "Outer", "Parallel Aware": true, "Relation Name": "orders", "Alias": "orders", "Startup Cost": 7664.0, "Total Cost": 271370.16, "Plan Rows": 186277, "Plan Width": 20, "Recheck Cond": "((o_orderdate >= '1995-08-01'::date) AND (o_orderdate < '1995-11-01 00:00:00'::timestamp without time zone))", "Plans": [{"Node Type": "Bitmap Index Scan", "Parent Relationship": "Outer", "Parallel Aware": false, "Index Name": "idx_orders_orderdate", "Startup Cost": 0.0, "Total Cost": 7519.64, "Plan Rows": 577460, "Plan Width": 0, "Index Cond": "((o_orderdate >= '1995-08-01'::date) AND (o_orderdate < '1995-11-01 00:00:00'::timestamp without time zone))"}]}, {"Node Type": "Index Scan", "Parent Relationship": "Inner", "Parallel Aware": false, "Scan Direction": "Forward", "Index Name": "idx_lineitem_orderkey", "Relation Name": "lineitem", "Alias": "lineitem", "Startup Cost": 0.56, "Total Cost": 2.35, "Plan Rows": 10, "Plan Width": 4, "Index Cond": "(l_orderkey = orders.o_orderkey)", "Filter": "(l_commitdate < l_receiptdate)"}]}]}]}]}]}]}}, {"Plan": {"Node Type": "Limit", "Parallel Aware": false, "Startup Cost": 1774582.59, "Total Cost": 1774619.92, "Plan Rows": 1, "Plan Width": 24, "Plans": [{"Node Type": "Aggregate", "Strategy": "Sorted", "Partial Mode": "Finalize", "Parent Relationship": "Outer", "Parallel Aware": false, "Startup Cost": 1774582.59, "Total Cost": 1774769.24, "Plan Rows": 5, "Plan Width": 24, "Group Key": ["orders.o_orderpriority"], "Plans": [{"Node Type": "Gather Merge", "Parent Relationship": "Outer", "Parallel Aware": false, "Startup Cost": 1774582.59, "Total Cost": 1774769.12, "Plan Rows": 15, "Plan Width": 24, "Workers Planned": 3, "Plans": [{"Node Type": "Aggregate", "Strategy": "Sorted", "Partial Mode": "Partial", "Parent Relationship": "Outer", "Parallel Aware": false, "Startup Cost": 1773582.55, "Total Cost": 1773767.32, "Plan Rows": 5, "Plan Width": 24, "Group Key": ["orders.o_orderpriority"], "Plans": [{"Node Type": "Sort", "Parent Relationship": "Outer", "Parallel Aware": false, "Startup Cost": 1773582.55, "Total Cost": 1773644.12, "Plan Rows": 24629, "Plan Width": 16, "Sort Key": ["orders.o_orderpriority"], "Plans": [{"Node Type": "Hash Join", "Parent Relationship": "Outer", "Parallel Aware": true, "Join Type": "Semi", "Startup Cost": 1479906.18, "Total Cost": 1771786.1, "Plan Rows": 24629, "Plan Width": 16, "Inner Unique": false, "Hash Cond": "(orders.o_orderkey = lineitem.l_orderkey)", "Plans": [{"Node Type": "Bitmap Heap Scan", "Parent Relationship": "Outer", "Parallel Aware": true, "Relation Name": "orders", "Alias": "orders", "Startup Cost": 7664.0, "Total Cost": 271370.16, "Plan Rows": 186277, "Plan Width": 20, "Recheck Cond": "((o_orderdate >= '1995-08-01'::date) AND (o_orderdate < '1995-11-01 00:00:00'::timestamp without time zone))", "Plans": [{"Node Type": "Bitmap Index Scan", "Parent Relationship": "Outer", "Parallel Aware": false, "Index Name": "idx_orders_orderdate", "Startup Cost": 0.0, "Total Cost": 7519.64, "Plan Rows": 577460, "Plan Width": 0, "Index Cond": "((o_orderdate >= '1995-08-01'::date) AND (o_orderdate < '1995-11-01 00:00:00'::timestamp without time zone))"}]}, {"Node Type": "Hash", "Parent Relationship": "Inner", "Parallel Aware": true, "Startup Cost": 1366420.13, "Total Cost": 1366420.13, "Plan Rows": 6450084, "Plan Width": 4, "Plans": [{"Node Type": "Seq Scan", "Parent Relationship": "Outer", "Parallel Aware": true, "Relation Name": "lineitem", "Alias": "lineitem", "Startup Cost": 0.0, "Total Cost": 1366420.13, "Plan Rows": 6450084, "Plan Width": 4, "Filter": "(l_commitdate < l_receiptdate)"}]}]}]}]}]}]}]}}, {"Plan": {"Node Type": "Limit", "Parallel Aware": false, "Startup Cost": 416726.29, "Total Cost": 416763.63, "Plan Rows": 1, "Plan Width": 24, "Plans": [{"Node Type": "Aggregate", "Strategy": "Sorted", "Partial Mode": "Finalize", "Parent Relationship": "Outer", "Parallel Aware": false, "Startup Cost": 416726.29, "Total Cost": 416912.95, "Plan Rows": 5, "Plan Width": 24, "Group Key": ["orders.o_orderpriority"], "Plans": [{"Node Type": "Gather Merge", "Parent Relationship": "Outer", "Parallel Aware": false, "Startup Cost": 416726.29, "Total Cost": 416912.82, "Plan Rows": 15, "Plan Width": 24, "Workers Planned": 3, "Plans": [{"Node Type": "Aggregate", "Strategy": "Sorted", "Partial Mode": "Partial", "Parent Relationship": "Outer", "Parallel Aware": false, "Startup Cost": 415726.25, "Total Cost": 415911.02, "Plan Rows": 5, "Plan Width": 24, "Group Key": ["orders.o_orderpriority"], "Plans": [{"Node Type": "Sort", "Parent Relationship": "Outer", "Parallel Aware": false, "Startup Cost": 415726.25, "Total Cost": 415787.83, "Plan Rows": 24629, "Plan Width": 16, "Sort Key": ["orders.o_orderpriority"], "Plans": [{"Node Type": "Nested Loop", "Parent Relationship": "Outer", "Parallel Aware": false, "Join Type": "Semi", "Startup Cost": 7664.57, "Total Cost": 413929.81, "Plan Rows": 24629, "Plan Width": 16, "Inner Unique": false, "Plans": [{"Node Type": "Bitmap Heap Scan", "Parent Relationship": "Outer", "Parallel Aware": true, "Relation Name": "orders", "Alias": "orders", "Startup Cost": 7664.0, "Total Cost": 271370.16, "Plan Rows": 186277, "Plan Width": 20, "Recheck Cond": "((o_orderdate >= '1995-08-01'::date) AND (o_orderdate < '1995-11-01 00:00:00'::timestamp without time zone))", "Plans": [{"Node Type": "Bitmap Index Scan", "Parent Relationship": "Outer", "Parallel Aware": false, "Index Name": "idx_orders_orderdate", "Startup Cost": 0.0, "Total Cost": 7519.64, "Plan Rows": 577460, "Plan Width": 0, "Index Cond": "((o_orderdate >= '1995-08-01'::date) AND (o_orderdate < '1995-11-01 00:00:00'::timestamp without time zone))"}]}, {"Node Type": "Index Scan", "Parent Relationship": "Inner", "Parallel Aware": false, "Scan Direction": "Forward", "Index Name": "idx_lineitem_orderkey", "Relation Name": "lineitem", "Alias": "lineitem", "Startup Cost": 0.56, "Total Cost": 2.35, "Plan Rows": 10, "Plan Width": 4, "Index Cond": "(l_orderkey = orders.o_orderkey)", "Filter": "(l_commitdate < l_receiptdate)"}]}]}]}]}]}]}}, {"Plan": {"Node Type": "Limit", "Parallel Aware": false, "Startup Cost": 416726.29, "Total Cost": 416763.63, "Plan Rows": 1, "Plan Width": 24, "Plans": [{"Node Type": "Aggregate", "Strategy": "Sorted", "Partial Mode": "Finalize", "Parent Relationship": "Outer", "Parallel Aware": false, "Startup Cost": 416726.29, "Total Cost": 416912.95, "Plan Rows": 5, "Plan Width": 24, "Group Key": ["orders.o_orderpriority"], "Plans": [{"Node Type": "Gather Merge", "Parent Relationship": "Outer", "Parallel Aware": false, "Startup Cost": 416726.29, "Total Cost": 416912.82, "Plan Rows": 15, "Plan Width": 24, "Workers Planned": 3, "Plans": [{"Node Type": "Aggregate", "Strategy": "Sorted", "Partial Mode": "Partial", "Parent Relationship": "Outer", "Parallel Aware": false, "Startup Cost": 415726.25, "Total Cost": 415911.02, "Plan Rows": 5, "Plan Width": 24, "Group Key": ["orders.o_orderpriority"], "Plans": [{"Node Type": "Sort", "Parent Relationship": "Outer", "Parallel Aware": false, "Startup Cost": 415726.25, "Total Cost": 415787.83, "Plan Rows": 24629, "Plan Width": 16, "Sort Key": ["orders.o_orderpriority"], "Plans": [{"Node Type": "Nested Loop", "Parent Relationship": "Outer", "Parallel Aware": false, "Join Type": "Semi", "Startup Cost": 7664.57, "Total Cost": 413929.81, "Plan Rows": 24629, "Plan Width": 16, "Inner Unique": false, "Plans": [{"Node Type": "Bitmap Heap Scan", "Parent Relationship": "Outer", "Parallel Aware": true, "Relation Name": "orders", "Alias": "orders", "Startup Cost": 7664.0, "Total Cost": 271370.16, "Plan Rows": 186277, "Plan Width": 20, "Recheck Cond": "((o_orderdate >= '1995-08-01'::date) AND (o_orderdate < '1995-11-01 00:00:00'::timestamp without time zone))", "Plans": [{"Node Type": "Bitmap Index Scan", "Parent Relationship": "Outer", "Parallel Aware": false, "Index Name": "idx_orders_orderdate", "Startup Cost": 0.0, "Total Cost": 7519.64, "Plan Rows": 577460, "Plan Width": 0, "Index Cond": "((o_orderdate >= '1995-08-01'::date) AND (o_orderdate < '1995-11-01 00:00:00'::timestamp without time zone))"}]}, {"Node Type": "Index Scan", "Parent Relationship": "Inner", "Parallel Aware": false, "Scan Direction": "Forward", "Index Name": "idx_lineitem_orderkey", "Relation Name": "lineitem", "Alias": "lineitem", "Startup Cost": 0.56, "Total Cost": 2.35, "Plan Rows": 10, "Plan Width": 4, "Index Cond": "(l_orderkey = orders.o_orderkey)", "Filter": "(l_commitdate < l_receiptdate)"}]}]}]}]}]}]}}, {"Plan": {"Node Type": "Limit", "Parallel Aware": false, "Startup Cost": 1774582.59, "Total Cost": 1774619.92, "Plan Rows": 1, "Plan Width": 24, "Plans": [{"Node Type": "Aggregate", "Strategy": "Sorted", "Partial Mode": "Finalize", "Parent Relationship": "Outer", "Parallel Aware": false, "Startup Cost": 1774582.59, "Total Cost": 1774769.24, "Plan Rows": 5, "Plan Width": 24, "Group Key": ["orders.o_orderpriority"], "Plans": [{"Node Type": "Gather Merge", "Parent Relationship": "Outer", "Parallel Aware": false, "Startup Cost": 1774582.59, "Total Cost": 1774769.12, "Plan Rows": 15, "Plan Width": 24, "Workers Planned": 3, "Plans": [{"Node Type": "Aggregate", "Strategy": "Sorted", "Partial Mode": "Partial", "Parent Relationship": "Outer", "Parallel Aware": false, "Startup Cost": 1773582.55, "Total Cost": 1773767.32, "Plan Rows": 5, "Plan Width": 24, "Group Key": ["orders.o_orderpriority"], "Plans": [{"Node Type": "Sort", "Parent Relationship": "Outer", "Parallel Aware": false, "Startup Cost": 1773582.55, "Total Cost": 1773644.12, "Plan Rows": 24629, "Plan Width": 16, "Sort Key": ["orders.o_orderpriority"], "Plans": [{"Node Type": "Hash Join", "Parent Relationship": "Outer", "Parallel Aware": true, "Join Type": "Semi", "Startup Cost": 1479906.18, "Total Cost": 1771786.1, "Plan Rows": 24629, "Plan Width": 16, "Inner Unique": false, "Hash Cond": "(orders.o_orderkey = lineitem.l_orderkey)", "Plans": [{"Node Type": "Bitmap Heap Scan", "Parent Relationship": "Outer", "Parallel Aware": true, "Relation Name": "orders", "Alias": "orders", "Startup Cost": 7664.0, "Total Cost": 271370.16, "Plan Rows": 186277, "Plan Width": 20, "Recheck Cond": "((o_orderdate >= '1995-08-01'::date) AND (o_orderdate < '1995-11-01 00:00:00'::timestamp without time zone))", "Plans": [{"Node Type": "Bitmap Index Scan", "Parent Relationship": "Outer", "Parallel Aware": false, "Index Name": "idx_orders_orderdate", "Startup Cost": 0.0, "Total Cost": 7519.64, "Plan Rows": 577460, "Plan Width": 0, "Index Cond": "((o_orderdate >= '1995-08-01'::date) AND (o_orderdate < '1995-11-01 00:00:00'::timestamp without time zone))"}]}, {"Node Type": "Hash", "Parent Relationship": "Inner", "Parallel Aware": true, "Startup Cost": 1366420.13, "Total Cost": 1366420.13, "Plan Rows": 6450084, "Plan Width": 4, "Plans": [{"Node Type": "Seq Scan", "Parent Relationship": "Outer", "Parallel Aware": true, "Relation Name": "lineitem", "Alias": "lineitem", "Startup Cost": 0.0, "Total Cost": 1366420.13, "Plan Rows": 6450084, "Plan Width": 4, "Filter": "(l_commitdate < l_receiptdate)"}]}]}]}]}]}]}]}}, {"Plan": {"Node Type": "Limit", "Parallel Aware": false, "Startup Cost": 535208.99, "Total Cost": 535246.32, "Plan Rows": 1, "Plan Width": 24, "Plans": [{"Node Type": "Aggregate", "Strategy": "Sorted", "Partial Mode": "Finalize", "Parent Relationship": "Outer", "Parallel Aware": false, "Startup Cost": 535208.99, "Total Cost": 535395.65, "Plan Rows": 5, "Plan Width": 24, "Group Key": ["orders.o_orderpriority"], "Plans": [{"Node Type": "Gather Merge", "Parent Relationship": "Outer", "Parallel Aware": false, "Startup Cost": 535208.99, "Total Cost": 535395.52, "Plan Rows": 15, "Plan Width": 24, "Workers Planned": 3, "Plans": [{"Node Type": "Aggregate", "Strategy": "Sorted", "Partial Mode": "Partial", "Parent Relationship": "Outer", "Parallel Aware": false, "Startup Cost": 534208.95, "Total Cost": 534393.72, "Plan Rows": 5, "Plan Width": 24, "Group Key": ["orders.o_orderpriority"], "Plans": [{"Node Type": "Sort", "Parent Relationship": "Outer", "Parallel Aware": false, "Startup Cost": 534208.95, "Total Cost": 534270.52, "Plan Rows": 24629, "Plan Width": 16, "Sort Key": ["orders.o_orderpriority"], "Plans": [{"Node Type": "Nested Loop", "Parent Relationship": "Outer", "Parallel Aware": false, "Join Type": "Semi", "Startup Cost": 7665.11, "Total Cost": 532412.5, "Plan Rows": 24629, "Plan Width": 16, "Inner Unique": false, "Plans": [{"Node Type": "Bitmap Heap Scan", "Parent Relationship": "Outer", "Parallel Aware": true, "Relation Name": "orders", "Alias": "orders", "Startup Cost": 7664.0, "Total Cost": 271370.16, "Plan Rows": 186277, "Plan Width": 20, "Recheck Cond": "((o_orderdate >= '1995-08-01'::date) AND (o_orderdate < '1995-11-01 00:00:00'::timestamp without time zone))", "Plans": [{"Node Type": "Bitmap Index Scan", "Parent Relationship": "Outer", "Parallel Aware": false, "Index Name": "idx_orders_orderdate", "Startup Cost": 0.0, "Total Cost": 7519.64, "Plan Rows": 577460, "Plan Width": 0, "Index Cond": "((o_orderdate >= '1995-08-01'::date) AND (o_orderdate < '1995-11-01 00:00:00'::timestamp without time zone))"}]}, {"Node Type": "Bitmap Heap Scan", "Parent Relationship": "Inner", "Parallel Aware": false, "Relation Name": "lineitem", "Alias": "lineitem", "Startup Cost": 1.11, "Total Cost": 3.76, "Plan Rows": 10, "Plan Width": 4, "Recheck Cond": "(l_orderkey = orders.o_orderkey)", "Filter": "(l_commitdate < l_receiptdate)", "Plans": [{"Node Type": "Bitmap Index Scan", "Parent Relationship": "Outer", "Parallel Aware": false, "Index Name": "lineitem_pkey", "Startup Cost": 0.0, "Total Cost": 1.1, "Plan Rows": 30, "Plan Width": 0, "Index Cond": "(l_orderkey = orders.o_orderkey)"}]}]}]}]}]}]}]}}, {"Plan": {"Node Type": "Limit", "Parallel Aware": false, "Startup Cost": 1774582.59, "Total Cost": 1774619.92, "Plan Rows": 1, "Plan Width": 24, "Plans": [{"Node Type": "Aggregate", "Strategy": "Sorted", "Partial Mode": "Finalize", "Parent Relationship": "Outer", "Parallel Aware": false, "Startup Cost": 1774582.59, "Total Cost": 1774769.24, "Plan Rows": 5, "Plan Width": 24, "Group Key": ["orders.o_orderpriority"], "Plans": [{"Node Type": "Gather Merge", "Parent Relationship": "Outer", "Parallel Aware": false, "Startup Cost": 1774582.59, "Total Cost": 1774769.12, "Plan Rows": 15, "Plan Width": 24, "Workers Planned": 3, "Plans": [{"Node Type": "Aggregate", "Strategy": "Sorted", "Partial Mode": "Partial", "Parent Relationship": "Outer", "Parallel Aware": false, "Startup Cost": 1773582.55, "Total Cost": 1773767.32, "Plan Rows": 5, "Plan Width": 24, "Group Key": ["orders.o_orderpriority"], "Plans": [{"Node Type": "Sort", "Parent Relationship": "Outer", "Parallel Aware": false, "Startup Cost": 1773582.55, "Total Cost": 1773644.12, "Plan Rows": 24629, "Plan Width": 16, "Sort Key": ["orders.o_orderpriority"], "Plans": [{"Node Type": "Hash Join", "Parent Relationship": "Outer", "Parallel Aware": true, "Join Type": "Semi", "Startup Cost": 1479906.18, "Total Cost": 1771786.1, "Plan Rows": 24629, "Plan Width": 16, "Inner Unique": false, "Hash Cond": "(orders.o_orderkey = lineitem.l_orderkey)", "Plans": [{"Node Type": "Bitmap Heap Scan", "Parent Relationship": "Outer", "Parallel Aware": true, "Relation Name": "orders", "Alias": "orders", "Startup Cost": 7664.0, "Total Cost": 271370.16, "Plan Rows": 186277, "Plan Width": 20, "Recheck Cond": "((o_orderdate >= '1995-08-01'::date) AND (o_orderdate < '1995-11-01 00:00:00'::timestamp without time zone))", "Plans": [{"Node Type": "Bitmap Index Scan", "Parent Relationship": "Outer", "Parallel Aware": false, "Index Name": "idx_orders_orderdate", "Startup Cost": 0.0, "Total Cost": 7519.64, "Plan Rows": 577460, "Plan Width": 0, "Index Cond": "((o_orderdate >= '1995-08-01'::date) AND (o_orderdate < '1995-11-01 00:00:00'::timestamp without time zone))"}]}, {"Node Type": "Hash", "Parent Relationship": "Inner", "Parallel Aware": true, "Startup Cost": 1366420.13, "Total Cost": 1366420.13, "Plan Rows": 6450084, "Plan Width": 4, "Plans": [{"Node Type": "Seq Scan", "Parent Relationship": "Outer", "Parallel Aware": true, "Relation Name": "lineitem", "Alias": "lineitem", "Startup Cost": 0.0, "Total Cost": 1366420.13, "Plan Rows": 6450084, "Plan Width": 4, "Filter": "(l_commitdate < l_receiptdate)"}]}]}]}]}]}]}]}}, {"Plan": {"Node Type": "Limit", "Parallel Aware": false, "Startup Cost": 535208.99, "Total Cost": 535246.32, "Plan Rows": 1, "Plan Width": 24, "Plans": [{"Node Type": "Aggregate", "Strategy": "Sorted", "Partial Mode": "Finalize", "Parent Relationship": "Outer", "Parallel Aware": false, "Startup Cost": 535208.99, "Total Cost": 535395.65, "Plan Rows": 5, "Plan Width": 24, "Group Key": ["orders.o_orderpriority"], "Plans": [{"Node Type": "Gather Merge", "Parent Relationship": "Outer", "Parallel Aware": false, "Startup Cost": 535208.99, "Total Cost": 535395.52, "Plan Rows": 15, "Plan Width": 24, "Workers Planned": 3, "Plans": [{"Node Type": "Aggregate", "Strategy": "Sorted", "Partial Mode": "Partial", "Parent Relationship": "Outer", "Parallel Aware": false, "Startup Cost": 534208.95, "Total Cost": 534393.72, "Plan Rows": 5, "Plan Width": 24, "Group Key": ["orders.o_orderpriority"], "Plans": [{"Node Type": "Sort", "Parent Relationship": "Outer", "Parallel Aware": false, "Startup Cost": 534208.95, "Total Cost": 534270.52, "Plan Rows": 24629, "Plan Width": 16, "Sort Key": ["orders.o_orderpriority"], "Plans": [{"Node Type": "Nested Loop", "Parent Relationship": "Outer", "Parallel Aware": false, "Join Type": "Semi", "Startup Cost": 7665.11, "Total Cost": 532412.5, "Plan Rows": 24629, "Plan Width": 16, "Inner Unique": false, "Plans": [{"Node Type": "Bitmap Heap Scan", "Parent Relationship": "Outer", "Parallel Aware": true, "Relation Name": "orders", "Alias": "orders", "Startup Cost": 7664.0, "Total Cost": 271370.16, "Plan Rows": 186277, "Plan Width": 20, "Recheck Cond": "((o_orderdate >= '1995-08-01'::date) AND (o_orderdate < '1995-11-01 00:00:00'::timestamp without time zone))", "Plans": [{"Node Type": "Bitmap Index Scan", "Parent Relationship": "Outer", "Parallel Aware": false, "Index Name": "idx_orders_orderdate", "Startup Cost": 0.0, "Total Cost": 7519.64, "Plan Rows": 577460, "Plan Width": 0, "Index Cond": "((o_orderdate >= '1995-08-01'::date) AND (o_orderdate < '1995-11-01 00:00:00'::timestamp without time zone))"}]}, {"Node Type": "Bitmap Heap Scan", "Parent Relationship": "Inner", "Parallel Aware": false, "Relation Name": "lineitem", "Alias": "lineitem", "Startup Cost": 1.11, "Total Cost": 3.76, "Plan Rows": 10, "Plan Width": 4, "Recheck Cond": "(l_orderkey = orders.o_orderkey)", "Filter": "(l_commitdate < l_receiptdate)", "Plans": [{"Node Type": "Bitmap Index Scan", "Parent Relationship": "Outer", "Parallel Aware": false, "Index Name": "lineitem_pkey", "Startup Cost": 0.0, "Total Cost": 1.1, "Plan Rows": 30, "Plan Width": 0, "Index Cond": "(l_orderkey = orders.o_orderkey)"}]}]}]}]}]}]}]}}, {"Plan": {"Node Type": "Limit", "Parallel Aware": false, "Startup Cost": 1774582.59, "Total Cost": 1774619.92, "Plan Rows": 1, "Plan Width": 24, "Plans": [{"Node Type": "Aggregate", "Strategy": "Sorted", "Partial Mode": "Finalize", "Parent Relationship": "Outer", "Parallel Aware": false, "Startup Cost": 1774582.59, "Total Cost": 1774769.24, "Plan Rows": 5, "Plan Width": 24, "Group Key": ["orders.o_orderpriority"], "Plans": [{"Node Type": "Gather Merge", "Parent Relationship": "Outer", "Parallel Aware": false, "Startup Cost": 1774582.59, "Total Cost": 1774769.12, "Plan Rows": 15, "Plan Width": 24, "Workers Planned": 3, "Plans": [{"Node Type": "Aggregate", "Strategy": "Sorted", "Partial Mode": "Partial", "Parent Relationship": "Outer", "Parallel Aware": false, "Startup Cost": 1773582.55, "Total Cost": 1773767.32, "Plan Rows": 5, "Plan Width": 24, "Group Key": ["orders.o_orderpriority"], "Plans": [{"Node Type": "Sort", "Parent Relationship": "Outer", "Parallel Aware": false, "Startup Cost": 1773582.55, "Total Cost": 1773644.12, "Plan Rows": 24629, "Plan Width": 16, "Sort Key": ["orders.o_orderpriority"], "Plans": [{"Node Type": "Hash Join", "Parent Relationship": "Outer", "Parallel Aware": true, "Join Type": "Semi", "Startup Cost": 1479906.18, "Total Cost": 1771786.1, "Plan Rows": 24629, "Plan Width": 16, "Inner Unique": false, "Hash Cond": "(orders.o_orderkey = lineitem.l_orderkey)", "Plans": [{"Node Type": "Bitmap Heap Scan", "Parent Relationship": "Outer", "Parallel Aware": true, "Relation Name": "orders", "Alias": "orders", "Startup Cost": 7664.0, "Total Cost": 271370.16, "Plan Rows": 186277, "Plan Width": 20, "Recheck Cond": "((o_orderdate >= '1995-08-01'::date) AND (o_orderdate < '1995-11-01 00:00:00'::timestamp without time zone))", "Plans": [{"Node Type": "Bitmap Index Scan", "Parent Relationship": "Outer", "Parallel Aware": false, "Index Name": "idx_orders_orderdate", "Startup Cost": 0.0, "Total Cost": 7519.64, "Plan Rows": 577460, "Plan Width": 0, "Index Cond": "((o_orderdate >= '1995-08-01'::date) AND (o_orderdate < '1995-11-01 00:00:00'::timestamp without time zone))"}]}, {"Node Type": "Hash", "Parent Relationship": "Inner", "Parallel Aware": true, "Startup Cost": 1366420.13, "Total Cost": 1366420.13, "Plan Rows": 6450084, "Plan Width": 4, "Plans": [{"Node Type": "Seq Scan", "Parent Relationship": "Outer", "Parallel Aware": true, "Relation Name": "lineitem", "Alias": "lineitem", "Startup Cost": 0.0, "Total Cost": 1366420.13, "Plan Rows": 6450084, "Plan Width": 4, "Filter": "(l_commitdate < l_receiptdate)"}]}]}]}]}]}]}]}}, {"Plan": {"Node Type": "Limit", "Parallel Aware": false, "Startup Cost": 2699287.3, "Total Cost": 2699324.63, "Plan Rows": 1, "Plan Width": 24, "Plans": [{"Node Type": "Aggregate", "Strategy": "Sorted", "Partial Mode": "Finalize", "Parent Relationship": "Outer", "Parallel Aware": false, "Startup Cost": 2699287.3, "Total Cost": 2699473.95, "Plan Rows": 5, "Plan Width": 24, "Group Key": ["orders.o_orderpriority"], "Plans": [{"Node Type": "Gather Merge", "Parent Relationship": "Outer", "Parallel Aware": false, "Startup Cost": 2699287.3, "Total Cost": 2699473.83, "Plan Rows": 15, "Plan Width": 24, "Workers Planned": 3, "Plans": [{"Node Type": "Aggregate", "Strategy": "Sorted", "Partial Mode": "Partial", "Parent Relationship": "Outer", "Parallel Aware": false, "Startup Cost": 2698287.26, "Total Cost": 2698472.03, "Plan Rows": 5, "Plan Width": 24, "Group Key": ["orders.o_orderpriority"], "Plans": [{"Node Type": "Sort", "Parent Relationship": "Outer", "Parallel Aware": false, "Startup Cost": 2698287.26, "Total Cost": 2698348.83, "Plan Rows": 24629, "Plan Width": 16, "Sort Key": ["orders.o_orderpriority"], "Plans": [{"Node Type": "Merge Join", "Parent Relationship": "Outer", "Parallel Aware": false, "Join Type": "Semi", "Startup Cost": 287735.51, "Total Cost": 2696490.81, "Plan Rows": 24629, "Plan Width": 16, "Inner Unique": false, "Merge Cond": "(orders.o_orderkey = lineitem.l_orderkey)", "Plans": [{"Node Type": "Sort", "Parent Relationship": "Outer", "Parallel Aware": false, "Startup Cost": 287676.0, "Total Cost": 288141.69, "Plan Rows": 186277, "Plan Width": 20, "Sort Key": ["orders.o_orderkey"], "Plans": [{"Node Type": "Bitmap Heap Scan", "Parent Relationship": "Outer", "Parallel Aware": true, "Relation Name": "orders", "Alias": "orders", "Startup Cost": 7664.0, "Total Cost": 271370.16, "Plan Rows": 186277, "Plan Width": 20, "Recheck Cond": "((o_orderdate >= '1995-08-01'::date) AND (o_orderdate < '1995-11-01 00:00:00'::timestamp without time zone))", "Plans": [{"Node Type": "Bitmap Index Scan", "Parent Relationship": "Outer", "Parallel Aware": false, "Index Name": "idx_orders_orderdate", "Startup Cost": 0.0, "Total Cost": 7519.64, "Plan Rows": 577460, "Plan Width": 0, "Index Cond": "((o_orderdate >= '1995-08-01'::date) AND (o_orderdate < '1995-11-01 00:00:00'::timestamp without time zone))"}]}]}, {"Node Type": "Index Scan", "Parent Relationship": "Inner", "Parallel Aware": false, "Scan Direction": "Forward", "Index Name": "idx_lineitem_orderkey", "Relation Name": "lineitem", "Alias": "lineitem", "Startup Cost": 0.56, "Total Cost": 2355412.05, "Plan Rows": 19995259, "Plan Width": 4, "Filter": "(l_commitdate < l_receiptdate)"}]}]}]}]}]}]}}, {"Plan": {"Node Type": "Limit", "Parallel Aware": false, "Startup Cost": 416726.29, "Total Cost": 416763.63, "Plan Rows": 1, "Plan Width": 24, "Plans": [{"Node Type": "Aggregate", "Strategy": "Sorted", "Partial Mode": "Finalize", "Parent Relationship": "Outer", "Parallel Aware": false, "Startup Cost": 416726.29, "Total Cost": 416912.95, "Plan Rows": 5, "Plan Width": 24, "Group Key": ["orders.o_orderpriority"], "Plans": [{"Node Type": "Gather Merge", "Parent Relationship": "Outer", "Parallel Aware": false, "Startup Cost": 416726.29, "Total Cost": 416912.82, "Plan Rows": 15, "Plan Width": 24, "Workers Planned": 3, "Plans": [{"Node Type": "Aggregate", "Strategy": "Sorted", "Partial Mode": "Partial", "Parent Relationship": "Outer", "Parallel Aware": false, "Startup Cost": 415726.25, "Total Cost": 415911.02, "Plan Rows": 5, "Plan Width": 24, "Group Key": ["orders.o_orderpriority"], "Plans": [{"Node Type": "Sort", "Parent Relationship": "Outer", "Parallel Aware": false, "Startup Cost": 415726.25, "Total Cost": 415787.83, "Plan Rows": 24629, "Plan Width": 16, "Sort Key": ["orders.o_orderpriority"], "Plans": [{"Node Type": "Nested Loop", "Parent Relationship": "Outer", "Parallel Aware": false, "Join Type": "Semi", "Startup Cost": 7664.57, "Total Cost": 413929.81, "Plan Rows": 24629, "Plan Width": 16, "Inner Unique": false, "Plans": [{"Node Type": "Bitmap Heap Scan", "Parent Relationship": "Outer", "Parallel Aware": true, "Relation Name": "orders", "Alias": "orders", "Startup Cost": 7664.0, "Total Cost": 271370.16, "Plan Rows": 186277, "Plan Width": 20, "Recheck Cond": "((o_orderdate >= '1995-08-01'::date) AND (o_orderdate < '1995-11-01 00:00:00'::timestamp without time zone))", "Plans": [{"Node Type": "Bitmap Index Scan", "Parent Relationship": "Outer", "Parallel Aware": false, "Index Name": "idx_orders_orderdate", "Startup Cost": 0.0, "Total Cost": 7519.64, "Plan Rows": 577460, "Plan Width": 0, "Index Cond": "((o_orderdate >= '1995-08-01'::date) AND (o_orderdate < '1995-11-01 00:00:00'::timestamp without time zone))"}]}, {"Node Type": "Index Scan", "Parent Relationship": "Inner", "Parallel Aware": false, "Scan Direction": "Forward", "Index Name": "idx_lineitem_orderkey", "Relation Name": "lineitem", "Alias": "lineitem", "Startup Cost": 0.56, "Total Cost": 2.35, "Plan Rows": 10, "Plan Width": 4, "Index Cond": "(l_orderkey = orders.o_orderkey)", "Filter": "(l_commitdate < l_receiptdate)"}]}]}]}]}]}]}}, {"Plan": {"Node Type": "Limit", "Parallel Aware": false, "Startup Cost": 416726.29, "Total Cost": 416763.63, "Plan Rows": 1, "Plan Width": 24, "Plans": [{"Node Type": "Aggregate", "Strategy": "Sorted", "Partial Mode": "Finalize", "Parent Relationship": "Outer", "Parallel Aware": false, "Startup Cost": 416726.29, "Total Cost": 416912.95, "Plan Rows": 5, "Plan Width": 24, "Group Key": ["orders.o_orderpriority"], "Plans": [{"Node Type": "Gather Merge", "Parent Relationship": "Outer", "Parallel Aware": false, "Startup Cost": 416726.29, "Total Cost": 416912.82, "Plan Rows": 15, "Plan Width": 24, "Workers Planned": 3, "Plans": [{"Node Type": "Aggregate", "Strategy": "Sorted", "Partial Mode": "Partial", "Parent Relationship": "Outer", "Parallel Aware": false, "Startup Cost": 415726.25, "Total Cost": 415911.02, "Plan Rows": 5, "Plan Width": 24, "Group Key": ["orders.o_orderpriority"], "Plans": [{"Node Type": "Sort", "Parent Relationship": "Outer", "Parallel Aware": false, "Startup Cost": 415726.25, "Total Cost": 415787.83, "Plan Rows": 24629, "Plan Width": 16, "Sort Key": ["orders.o_orderpriority"], "Plans": [{"Node Type": "Nested Loop", "Parent Relationship": "Outer", "Parallel Aware": false, "Join Type": "Semi", "Startup Cost": 7664.57, "Total Cost": 413929.81, "Plan Rows": 24629, "Plan Width": 16, "Inner Unique": false, "Plans": [{"Node Type": "Bitmap Heap Scan", "Parent Relationship": "Outer", "Parallel Aware": true, "Relation Name": "orders", "Alias": "orders", "Startup Cost": 7664.0, "Total Cost": 271370.16, "Plan Rows": 186277, "Plan Width": 20, "Recheck Cond": "((o_orderdate >= '1995-08-01'::date) AND (o_orderdate < '1995-11-01 00:00:00'::timestamp without time zone))", "Plans": [{"Node Type": "Bitmap Index Scan", "Parent Relationship": "Outer", "Parallel Aware": false, "Index Name": "idx_orders_orderdate", "Startup Cost": 0.0, "Total Cost": 7519.64, "Plan Rows": 577460, "Plan Width": 0, "Index Cond": "((o_orderdate >= '1995-08-01'::date) AND (o_orderdate < '1995-11-01 00:00:00'::timestamp without time zone))"}]}, {"Node Type": "Index Scan", "Parent Relationship": "Inner", "Parallel Aware": false, "Scan Direction": "Forward", "Index Name": "idx_lineitem_orderkey", "Relation Name": "lineitem", "Alias": "lineitem", "Startup Cost": 0.56, "Total Cost": 2.35, "Plan Rows": 10, "Plan Width": 4, "Index Cond": "(l_orderkey = orders.o_orderkey)", "Filter": "(l_commitdate < l_receiptdate)"}]}]}]}]}]}]}}, {"Plan": {"Node Type": "Limit", "Parallel Aware": false, "Startup Cost": 2864875.18, "Total Cost": 2864912.51, "Plan Rows": 1, "Plan Width": 24, "Plans": [{"Node Type": "Aggregate", "Strategy": "Sorted", "Partial Mode": "Finalize", "Parent Relationship": "Outer", "Parallel Aware": false, "Startup Cost": 2864875.18, "Total Cost": 2865061.83, "Plan Rows": 5, "Plan Width": 24, "Group Key": ["orders.o_orderpriority"], "Plans": [{"Node Type": "Gather Merge", "Parent Relationship": "Outer", "Parallel Aware": false, "Startup Cost": 2864875.18, "Total Cost": 2865061.71, "Plan Rows": 15, "Plan Width": 24, "Workers Planned": 3, "Plans": [{"Node Type": "Aggregate", "Strategy": "Sorted", "Partial Mode": "Partial", "Parent Relationship": "Outer", "Parallel Aware": false, "Startup Cost": 2863875.14, "Total Cost": 2864059.91, "Plan Rows": 5, "Plan Width": 24, "Group Key": ["orders.o_orderpriority"], "Plans": [{"Node Type": "Sort", "Parent Relationship": "Outer", "Parallel Aware": false, "Startup Cost": 2863875.14, "Total Cost": 2863936.71, "Plan Rows": 24629, "Plan Width": 16, "Sort Key": ["orders.o_orderpriority"], "Plans": [{"Node Type": "Merge Join", "Parent Relationship": "Outer", "Parallel Aware": false, "Join Type": "Semi", "Startup Cost": 59.95, "Total Cost": 2862078.69, "Plan Rows": 24629, "Plan Width": 16, "Inner Unique": false, "Merge Cond": "(orders.o_orderkey = lineitem.l_orderkey)", "Plans": [{"Node Type": "Index Scan", "Parent Relationship": "Outer", "Parallel Aware": true, "Scan Direction": "Forward", "Index Name": "orders_pkey", "Relation Name": "orders", "Alias": "orders", "Startup Cost": 0.43, "Total Cost": 453729.58, "Plan Rows": 186277, "Plan Width": 20, "Filter": "((o_orderdate >= '1995-08-01'::date) AND (o_orderdate < '1995-11-01 00:00:00'::timestamp without time zone))"}, {"Node Type": "Index Scan", "Parent Relationship": "Inner", "Parallel Aware": false, "Scan Direction": "Forward", "Index Name": "idx_lineitem_orderkey", "Relation Name": "lineitem", "Alias": "lineitem", "Startup Cost": 0.56, "Total Cost": 2355412.05, "Plan Rows": 19995259, "Plan Width": 4, "Filter": "(l_commitdate < l_receiptdate)"}]}]}]}]}]}]}}, {"Plan": {"Node Type": "Limit", "Parallel Aware": false, "Startup Cost": 416726.29, "Total Cost": 416763.63, "Plan Rows": 1, "Plan Width": 24, "Plans": [{"Node Type": "Aggregate", "Strategy": "Sorted", "Partial Mode": "Finalize", "Parent Relationship": "Outer", "Parallel Aware": false, "Startup Cost": 416726.29, "Total Cost": 416912.95, "Plan Rows": 5, "Plan Width": 24, "Group Key": ["orders.o_orderpriority"], "Plans": [{"Node Type": "Gather Merge", "Parent Relationship": "Outer", "Parallel Aware": false, "Startup Cost": 416726.29, "Total Cost": 416912.82, "Plan Rows": 15, "Plan Width": 24, "Workers Planned": 3, "Plans": [{"Node Type": "Aggregate", "Strategy": "Sorted", "Partial Mode": "Partial", "Parent Relationship": "Outer", "Parallel Aware": false, "Startup Cost": 415726.25, "Total Cost": 415911.02, "Plan Rows": 5, "Plan Width": 24, "Group Key": ["orders.o_orderpriority"], "Plans": [{"Node Type": "Sort", "Parent Relationship": "Outer", "Parallel Aware": false, "Startup Cost": 415726.25, "Total Cost": 415787.83, "Plan Rows": 24629, "Plan Width": 16, "Sort Key": ["orders.o_orderpriority"], "Plans": [{"Node Type": "Nested Loop", "Parent Relationship": "Outer", "Parallel Aware": false, "Join Type": "Semi", "Startup Cost": 7664.57, "Total Cost": 413929.81, "Plan Rows": 24629, "Plan Width": 16, "Inner Unique": false, "Plans": [{"Node Type": "Bitmap Heap Scan", "Parent Relationship": "Outer", "Parallel Aware": true, "Relation Name": "orders", "Alias": "orders", "Startup Cost": 7664.0, "Total Cost": 271370.16, "Plan Rows": 186277, "Plan Width": 20, "Recheck Cond": "((o_orderdate >= '1995-08-01'::date) AND (o_orderdate < '1995-11-01 00:00:00'::timestamp without time zone))", "Plans": [{"Node Type": "Bitmap Index Scan", "Parent Relationship": "Outer", "Parallel Aware": false, "Index Name": "idx_orders_orderdate", "Startup Cost": 0.0, "Total Cost": 7519.64, "Plan Rows": 577460, "Plan Width": 0, "Index Cond": "((o_orderdate >= '1995-08-01'::date) AND (o_orderdate < '1995-11-01 00:00:00'::timestamp without time zone))"}]}, {"Node Type": "Index Scan", "Parent Relationship": "Inner", "Parallel Aware": false, "Scan Direction": "Forward", "Index Name": "idx_lineitem_orderkey", "Relation Name": "lineitem", "Alias": "lineitem", "Startup Cost": 0.56, "Total Cost": 2.35, "Plan Rows": 10, "Plan Width": 4, "Index Cond": "(l_orderkey = orders.o_orderkey)", "Filter": "(l_commitdate < l_receiptdate)"}]}]}]}]}]}]}}, {"Plan": {"Node Type": "Limit", "Parallel Aware": false, "Startup Cost": 416726.29, "Total Cost": 416763.63, "Plan Rows": 1, "Plan Width": 24, "Plans": [{"Node Type": "Aggregate", "Strategy": "Sorted", "Partial Mode": "Finalize", "Parent Relationship": "Outer", "Parallel Aware": false, "Startup Cost": 416726.29, "Total Cost": 416912.95, "Plan Rows": 5, "Plan Width": 24, "Group Key": ["orders.o_orderpriority"], "Plans": [{"Node Type": "Gather Merge", "Parent Relationship": "Outer", "Parallel Aware": false, "Startup Cost": 416726.29, "Total Cost": 416912.82, "Plan Rows": 15, "Plan Width": 24, "Workers Planned": 3, "Plans": [{"Node Type": "Aggregate", "Strategy": "Sorted", "Partial Mode": "Partial", "Parent Relationship": "Outer", "Parallel Aware": false, "Startup Cost": 415726.25, "Total Cost": 415911.02, "Plan Rows": 5, "Plan Width": 24, "Group Key": ["orders.o_orderpriority"], "Plans": [{"Node Type": "Sort", "Parent Relationship": "Outer", "Parallel Aware": false, "Startup Cost": 415726.25, "Total Cost": 415787.83, "Plan Rows": 24629, "Plan Width": 16, "Sort Key": ["orders.o_orderpriority"], "Plans": [{"Node Type": "Nested Loop", "Parent Relationship": "Outer", "Parallel Aware": false, "Join Type": "Semi", "Startup Cost": 7664.57, "Total Cost": 413929.81, "Plan Rows": 24629, "Plan Width": 16, "Inner Unique": false, "Plans": [{"Node Type": "Bitmap Heap Scan", "Parent Relationship": "Outer", "Parallel Aware": true, "Relation Name": "orders", "Alias": "orders", "Startup Cost": 7664.0, "Total Cost": 271370.16, "Plan Rows": 186277, "Plan Width": 20, "Recheck Cond": "((o_orderdate >= '1995-08-01'::date) AND (o_orderdate < '1995-11-01 00:00:00'::timestamp without time zone))", "Plans": [{"Node Type": "Bitmap Index Scan", "Parent Relationship": "Outer", "Parallel Aware": false, "Index Name": "idx_orders_orderdate", "Startup Cost": 0.0, "Total Cost": 7519.64, "Plan Rows": 577460, "Plan Width": 0, "Index Cond": "((o_orderdate >= '1995-08-01'::date) AND (o_orderdate < '1995-11-01 00:00:00'::timestamp without time zone))"}]}, {"Node Type": "Index Scan", "Parent Relationship": "Inner", "Parallel Aware": false, "Scan Direction": "Forward", "Index Name": "idx_lineitem_orderkey", "Relation Name": "lineitem", "Alias": "lineitem", "Startup Cost": 0.56, "Total Cost": 2.35, "Plan Rows": 10, "Plan Width": 4, "Index Cond": "(l_orderkey = orders.o_orderkey)", "Filter": "(l_commitdate < l_receiptdate)"}]}]}]}]}]}]}}, {"Plan": {"Node Type": "Limit", "Parallel Aware": false, "Startup Cost": 10001092663.4, "Total Cost": 10001092777.94, "Plan Rows": 1, "Plan Width": 24, "Plans": [{"Node Type": "Aggregate", "Strategy": "Sorted", "Partial Mode": "Simple", "Parent Relationship": "Outer", "Parallel Aware": false, "Startup Cost": 10001092663.4, "Total Cost": 10001093236.09, "Plan Rows": 5, "Plan Width": 24, "Group Key": ["orders.o_orderpriority"], "Plans": [{"Node Type": "Sort", "Parent Relationship": "Outer", "Parallel Aware": false, "Startup Cost": 10001092663.4, "Total Cost": 10001092854.28, "Plan Rows": 76351, "Plan Width": 16, "Sort Key": ["orders.o_orderpriority"], "Plans": [{"Node Type": "Nested Loop", "Parent Relationship": "Outer", "Parallel Aware": false, "Join Type": "Semi", "Startup Cost": 10000007665.11, "Total Cost": 10001086471.2, "Plan Rows": 76351, "Plan Width": 16, "Inner Unique": false, "Plans": [{"Node Type": "Bitmap Heap Scan", "Parent Relationship": "Outer", "Parallel Aware": false, "Relation Name": "orders", "Alias": "orders", "Startup Cost": 7664.0, "Total Cost": 277237.9, "Plan Rows": 577460, "Plan Width": 20, "Recheck Cond": "((o_orderdate >= '1995-08-01'::date) AND (o_orderdate < '1995-11-01 00:00:00'::timestamp without time zone))", "Plans": [{"Node Type": "Bitmap Index Scan", "Parent Relationship": "Outer", "Parallel Aware": false, "Index Name": "idx_orders_orderdate", "Startup Cost": 0.0, "Total Cost": 7519.64, "Plan Rows": 577460, "Plan Width": 0, "Index Cond": "((o_orderdate >= '1995-08-01'::date) AND (o_orderdate < '1995-11-01 00:00:00'::timestamp without time zone))"}]}, {"Node Type": "Bitmap Heap Scan", "Parent Relationship": "Inner", "Parallel Aware": false, "Relation Name": "lineitem", "Alias": "lineitem", "Startup Cost": 1.11, "Total Cost": 3.76, "Plan Rows": 10, "Plan Width": 4, "Recheck Cond": "(l_orderkey = orders.o_orderkey)", "Filter": "(l_commitdate < l_receiptdate)", "Plans": [{"Node Type": "Bitmap Index Scan", "Parent Relationship": "Outer", "Parallel Aware": false, "Index Name": "lineitem_pkey", "Startup Cost": 0.0, "Total Cost": 1.1, "Plan Rows": 30, "Plan Width": 0, "Index Cond": "(l_orderkey = orders.o_orderkey)"}]}]}]}]}]}}, {"Plan": {"Node Type": "Limit", "Parallel Aware": false, "Startup Cost": 535208.99, "Total Cost": 535246.32, "Plan Rows": 1, "Plan Width": 24, "Plans": [{"Node Type": "Aggregate", "Strategy": "Sorted", "Partial Mode": "Finalize", "Parent Relationship": "Outer", "Parallel Aware": false, "Startup Cost": 535208.99, "Total Cost": 535395.65, "Plan Rows": 5, "Plan Width": 24, "Group Key": ["orders.o_orderpriority"], "Plans": [{"Node Type": "Gather Merge", "Parent Relationship": "Outer", "Parallel Aware": false, "Startup Cost": 535208.99, "Total Cost": 535395.52, "Plan Rows": 15, "Plan Width": 24, "Workers Planned": 3, "Plans": [{"Node Type": "Aggregate", "Strategy": "Sorted", "Partial Mode": "Partial", "Parent Relationship": "Outer", "Parallel Aware": false, "Startup Cost": 534208.95, "Total Cost": 534393.72, "Plan Rows": 5, "Plan Width": 24, "Group Key": ["orders.o_orderpriority"], "Plans": [{"Node Type": "Sort", "Parent Relationship": "Outer", "Parallel Aware": false, "Startup Cost": 534208.95, "Total Cost": 534270.52, "Plan Rows": 24629, "Plan Width": 16, "Sort Key": ["orders.o_orderpriority"], "Plans": [{"Node Type": "Nested Loop", "Parent Relationship": "Outer", "Parallel Aware": false, "Join Type": "Semi", "Startup Cost": 7665.11, "Total Cost": 532412.5, "Plan Rows": 24629, "Plan Width": 16, "Inner Unique": false, "Plans": [{"Node Type": "Bitmap Heap Scan", "Parent Relationship": "Outer", "Parallel Aware": true, "Relation Name": "orders", "Alias": "orders", "Startup Cost": 7664.0, "Total Cost": 271370.16, "Plan Rows": 186277, "Plan Width": 20, "Recheck Cond": "((o_orderdate >= '1995-08-01'::date) AND (o_orderdate < '1995-11-01 00:00:00'::timestamp without time zone))", "Plans": [{"Node Type": "Bitmap Index Scan", "Parent Relationship": "Outer", "Parallel Aware": false, "Index Name": "idx_orders_orderdate", "Startup Cost": 0.0, "Total Cost": 7519.64, "Plan Rows": 577460, "Plan Width": 0, "Index Cond": "((o_orderdate >= '1995-08-01'::date) AND (o_orderdate < '1995-11-01 00:00:00'::timestamp without time zone))"}]}, {"Node Type": "Bitmap Heap Scan", "Parent Relationship": "Inner", "Parallel Aware": false, "Relation Name": "lineitem", "Alias": "lineitem", "Startup Cost": 1.11, "Total Cost": 3.76, "Plan Rows": 10, "Plan Width": 4, "Recheck Cond": "(l_orderkey = orders.o_orderkey)", "Filter": "(l_commitdate < l_receiptdate)", "Plans": [{"Node Type": "Bitmap Index Scan", "Parent Relationship": "Outer", "Parallel Aware": false, "Index Name": "lineitem_pkey", "Startup Cost": 0.0, "Total Cost": 1.1, "Plan Rows": 30, "Plan Width": 0, "Index Cond": "(l_orderkey = orders.o_orderkey)"}]}]}]}]}]}]}]}}, {"Plan": {"Node Type": "Limit", "Parallel Aware": false, "Startup Cost": 535208.99, "Total Cost": 535246.32, "Plan Rows": 1, "Plan Width": 24, "Plans": [{"Node Type": "Aggregate", "Strategy": "Sorted", "Partial Mode": "Finalize", "Parent Relationship": "Outer", "Parallel Aware": false, "Startup Cost": 535208.99, "Total Cost": 535395.65, "Plan Rows": 5, "Plan Width": 24, "Group Key": ["orders.o_orderpriority"], "Plans": [{"Node Type": "Gather Merge", "Parent Relationship": "Outer", "Parallel Aware": false, "Startup Cost": 535208.99, "Total Cost": 535395.52, "Plan Rows": 15, "Plan Width": 24, "Workers Planned": 3, "Plans": [{"Node Type": "Aggregate", "Strategy": "Sorted", "Partial Mode": "Partial", "Parent Relationship": "Outer", "Parallel Aware": false, "Startup Cost": 534208.95, "Total Cost": 534393.72, "Plan Rows": 5, "Plan Width": 24, "Group Key": ["orders.o_orderpriority"], "Plans": [{"Node Type": "Sort", "Parent Relationship": "Outer", "Parallel Aware": false, "Startup Cost": 534208.95, "Total Cost": 534270.52, "Plan Rows": 24629, "Plan Width": 16, "Sort Key": ["orders.o_orderpriority"], "Plans": [{"Node Type": "Nested Loop", "Parent Relationship": "Outer", "Parallel Aware": false, "Join Type": "Semi", "Startup Cost": 7665.11, "Total Cost": 532412.5, "Plan Rows": 24629, "Plan Width": 16, "Inner Unique": false, "Plans": [{"Node Type": "Bitmap Heap Scan", "Parent Relationship": "Outer", "Parallel Aware": true, "Relation Name": "orders", "Alias": "orders", "Startup Cost": 7664.0, "Total Cost": 271370.16, "Plan Rows": 186277, "Plan Width": 20, "Recheck Cond": "((o_orderdate >= '1995-08-01'::date) AND (o_orderdate < '1995-11-01 00:00:00'::timestamp without time zone))", "Plans": [{"Node Type": "Bitmap Index Scan", "Parent Relationship": "Outer", "Parallel Aware": false, "Index Name": "idx_orders_orderdate", "Startup Cost": 0.0, "Total Cost": 7519.64, "Plan Rows": 577460, "Plan Width": 0, "Index Cond": "((o_orderdate >= '1995-08-01'::date) AND (o_orderdate < '1995-11-01 00:00:00'::timestamp without time zone))"}]}, {"Node Type": "Bitmap Heap Scan", "Parent Relationship": "Inner", "Parallel Aware": false, "Relation Name": "lineitem", "Alias": "lineitem", "Startup Cost": 1.11, "Total Cost": 3.76, "Plan Rows": 10, "Plan Width": 4, "Recheck Cond": "(l_orderkey = orders.o_orderkey)", "Filter": "(l_commitdate < l_receiptdate)", "Plans": [{"Node Type": "Bitmap Index Scan", "Parent Relationship": "Outer", "Parallel Aware": false, "Index Name": "lineitem_pkey", "Startup Cost": 0.0, "Total Cost": 1.1, "Plan Rows": 30, "Plan Width": 0, "Index Cond": "(l_orderkey = orders.o_orderkey)"}]}]}]}]}]}]}]}}, {"Plan": {"Node Type": "Limit", "Parallel Aware": false, "Startup Cost": 4853087.49, "Total Cost": 4853124.82, "Plan Rows": 1, "Plan Width": 24, "Plans": [{"Node Type": "Aggregate", "Strategy": "Sorted", "Partial Mode": "Finalize", "Parent Relationship": "Outer", "Parallel Aware": false, "Startup Cost": 4853087.49, "Total Cost": 4853274.15, "Plan Rows": 5, "Plan Width": 24, "Group Key": ["orders.o_orderpriority"], "Plans": [{"Node Type": "Gather Merge", "Parent Relationship": "Outer", "Parallel Aware": false, "Startup Cost": 4853087.49, "Total Cost": 4853274.02, "Plan Rows": 15, "Plan Width": 24, "Workers Planned": 3, "Plans": [{"Node Type": "Aggregate", "Strategy": "Sorted", "Partial Mode": "Partial", "Parent Relationship": "Outer", "Parallel Aware": false, "Startup Cost": 4852087.45, "Total Cost": 4852272.22, "Plan Rows": 5, "Plan Width": 24, "Group Key": ["orders.o_orderpriority"], "Plans": [{"Node Type": "Sort", "Parent Relationship": "Outer", "Parallel Aware": false, "Startup Cost": 4852087.45, "Total Cost": 4852149.03, "Plan Rows": 24629, "Plan Width": 16, "Sort Key": ["orders.o_orderpriority"], "Plans": [{"Node Type": "Merge Join", "Parent Relationship": "Outer", "Parallel Aware": false, "Join Type": "Semi", "Startup Cost": 4746902.54, "Total Cost": 4850291.0, "Plan Rows": 24629, "Plan Width": 16, "Inner Unique": false, "Merge Cond": "(orders.o_orderkey = lineitem.l_orderkey)", "Plans": [{"Node Type": "Sort", "Parent Relationship": "Outer", "Parallel Aware": false, "Startup Cost": 287676.0, "Total Cost": 288141.69, "Plan Rows": 186277, "Plan Width": 20, "Sort Key": ["orders.o_orderkey"], "Plans": [{"Node Type": "Bitmap Heap Scan", "Parent Relationship": "Outer", "Parallel Aware": true, "Relation Name": "orders", "Alias": "orders", "Startup Cost": 7664.0, "Total Cost": 271370.16, "Plan Rows": 186277, "Plan Width": 20, "Recheck Cond": "((o_orderdate >= '1995-08-01'::date) AND (o_orderdate < '1995-11-01 00:00:00'::timestamp without time zone))", "Plans": [{"Node Type": "Bitmap Index Scan", "Parent Relationship": "Outer", "Parallel Aware": false, "Index Name": "idx_orders_orderdate", "Startup Cost": 0.0, "Total Cost": 7519.64, "Plan Rows": 577460, "Plan Width": 0, "Index Cond": "((o_orderdate >= '1995-08-01'::date) AND (o_orderdate < '1995-11-01 00:00:00'::timestamp without time zone))"}]}]}, {"Node Type": "Sort", "Parent Relationship": "Inner", "Parallel Aware": false, "Startup Cost": 4459224.09, "Total Cost": 4509212.24, "Plan Rows": 19995259, "Plan Width": 4, "Sort Key": ["lineitem.l_orderkey"], "Plans": [{"Node Type": "Seq Scan", "Parent Relationship": "Outer", "Parallel Aware": false, "Relation Name": "lineitem", "Alias": "lineitem", "Startup Cost": 0.0, "Total Cost": 1874364.2, "Plan Rows": 19995259, "Plan Width": 4, "Filter": "(l_commitdate < l_receiptdate)"}]}]}]}]}]}]}]}}, {"Plan": {"Node Type": "Limit", "Parallel Aware": false, "Startup Cost": 535208.99, "Total Cost": 535246.32, "Plan Rows": 1, "Plan Width": 24, "Plans": [{"Node Type": "Aggregate", "Strategy": "Sorted", "Partial Mode": "Finalize", "Parent Relationship": "Outer", "Parallel Aware": false, "Startup Cost": 535208.99, "Total Cost": 535395.65, "Plan Rows": 5, "Plan Width": 24, "Group Key": ["orders.o_orderpriority"], "Plans": [{"Node Type": "Gather Merge", "Parent Relationship": "Outer", "Parallel Aware": false, "Startup Cost": 535208.99, "Total Cost": 535395.52, "Plan Rows": 15, "Plan Width": 24, "Workers Planned": 3, "Plans": [{"Node Type": "Aggregate", "Strategy": "Sorted", "Partial Mode": "Partial", "Parent Relationship": "Outer", "Parallel Aware": false, "Startup Cost": 534208.95, "Total Cost": 534393.72, "Plan Rows": 5, "Plan Width": 24, "Group Key": ["orders.o_orderpriority"], "Plans": [{"Node Type": "Sort", "Parent Relationship": "Outer", "Parallel Aware": false, "Startup Cost": 534208.95, "Total Cost": 534270.52, "Plan Rows": 24629, "Plan Width": 16, "Sort Key": ["orders.o_orderpriority"], "Plans": [{"Node Type": "Nested Loop", "Parent Relationship": "Outer", "Parallel Aware": false, "Join Type": "Semi", "Startup Cost": 7665.11, "Total Cost": 532412.5, "Plan Rows": 24629, "Plan Width": 16, "Inner Unique": false, "Plans": [{"Node Type": "Bitmap Heap Scan", "Parent Relationship": "Outer", "Parallel Aware": true, "Relation Name": "orders", "Alias": "orders", "Startup Cost": 7664.0, "Total Cost": 271370.16, "Plan Rows": 186277, "Plan Width": 20, "Recheck Cond": "((o_orderdate >= '1995-08-01'::date) AND (o_orderdate < '1995-11-01 00:00:00'::timestamp without time zone))", "Plans": [{"Node Type": "Bitmap Index Scan", "Parent Relationship": "Outer", "Parallel Aware": false, "Index Name": "idx_orders_orderdate", "Startup Cost": 0.0, "Total Cost": 7519.64, "Plan Rows": 577460, "Plan Width": 0, "Index Cond": "((o_orderdate >= '1995-08-01'::date) AND (o_orderdate < '1995-11-01 00:00:00'::timestamp without time zone))"}]}, {"Node Type": "Bitmap Heap Scan", "Parent Relationship": "Inner", "Parallel Aware": false, "Relation Name": "lineitem", "Alias": "lineitem", "Startup Cost": 1.11, "Total Cost": 3.76, "Plan Rows": 10, "Plan Width": 4, "Recheck Cond": "(l_orderkey = orders.o_orderkey)", "Filter": "(l_commitdate < l_receiptdate)", "Plans": [{"Node Type": "Bitmap Index Scan", "Parent Relationship": "Outer", "Parallel Aware": false, "Index Name": "lineitem_pkey", "Startup Cost": 0.0, "Total Cost": 1.1, "Plan Rows": 30, "Plan Width": 0, "Index Cond": "(l_orderkey = orders.o_orderkey)"}]}]}]}]}]}]}]}}, {"Plan": {"Node Type": "Limit", "Parallel Aware": false, "Startup Cost": 535208.99, "Total Cost": 535246.32, "Plan Rows": 1, "Plan Width": 24, "Plans": [{"Node Type": "Aggregate", "Strategy": "Sorted", "Partial Mode": "Finalize", "Parent Relationship": "Outer", "Parallel Aware": false, "Startup Cost": 535208.99, "Total Cost": 535395.65, "Plan Rows": 5, "Plan Width": 24, "Group Key": ["orders.o_orderpriority"], "Plans": [{"Node Type": "Gather Merge", "Parent Relationship": "Outer", "Parallel Aware": false, "Startup Cost": 535208.99, "Total Cost": 535395.52, "Plan Rows": 15, "Plan Width": 24, "Workers Planned": 3, "Plans": [{"Node Type": "Aggregate", "Strategy": "Sorted", "Partial Mode": "Partial", "Parent Relationship": "Outer", "Parallel Aware": false, "Startup Cost": 534208.95, "Total Cost": 534393.72, "Plan Rows": 5, "Plan Width": 24, "Group Key": ["orders.o_orderpriority"], "Plans": [{"Node Type": "Sort", "Parent Relationship": "Outer", "Parallel Aware": false, "Startup Cost": 534208.95, "Total Cost": 534270.52, "Plan Rows": 24629, "Plan Width": 16, "Sort Key": ["orders.o_orderpriority"], "Plans": [{"Node Type": "Nested Loop", "Parent Relationship": "Outer", "Parallel Aware": false, "Join Type": "Semi", "Startup Cost": 7665.11, "Total Cost": 532412.5, "Plan Rows": 24629, "Plan Width": 16, "Inner Unique": false, "Plans": [{"Node Type": "Bitmap Heap Scan", "Parent Relationship": "Outer", "Parallel Aware": true, "Relation Name": "orders", "Alias": "orders", "Startup Cost": 7664.0, "Total Cost": 271370.16, "Plan Rows": 186277, "Plan Width": 20, "Recheck Cond": "((o_orderdate >= '1995-08-01'::date) AND (o_orderdate < '1995-11-01 00:00:00'::timestamp without time zone))", "Plans": [{"Node Type": "Bitmap Index Scan", "Parent Relationship": "Outer", "Parallel Aware": false, "Index Name": "idx_orders_orderdate", "Startup Cost": 0.0, "Total Cost": 7519.64, "Plan Rows": 577460, "Plan Width": 0, "Index Cond": "((o_orderdate >= '1995-08-01'::date) AND (o_orderdate < '1995-11-01 00:00:00'::timestamp without time zone))"}]}, {"Node Type": "Bitmap Heap Scan", "Parent Relationship": "Inner", "Parallel Aware": false, "Relation Name": "lineitem", "Alias": "lineitem", "Startup Cost": 1.11, "Total Cost": 3.76, "Plan Rows": 10, "Plan Width": 4, "Recheck Cond": "(l_orderkey = orders.o_orderkey)", "Filter": "(l_commitdate < l_receiptdate)", "Plans": [{"Node Type": "Bitmap Index Scan", "Parent Relationship": "Outer", "Parallel Aware": false, "Index Name": "lineitem_pkey", "Startup Cost": 0.0, "Total Cost": 1.1, "Plan Rows": 30, "Plan Width": 0, "Index Cond": "(l_orderkey = orders.o_orderkey)"}]}]}]}]}]}]}]}}, {"Plan": {"Node Type": "Limit", "Parallel Aware": false, "Startup Cost": 2699287.3, "Total Cost": 2699324.63, "Plan Rows": 1, "Plan Width": 24, "Plans": [{"Node Type": "Aggregate", "Strategy": "Sorted", "Partial Mode": "Finalize", "Parent Relationship": "Outer", "Parallel Aware": false, "Startup Cost": 2699287.3, "Total Cost": 2699473.95, "Plan Rows": 5, "Plan Width": 24, "Group Key": ["orders.o_orderpriority"], "Plans": [{"Node Type": "Gather Merge", "Parent Relationship": "Outer", "Parallel Aware": false, "Startup Cost": 2699287.3, "Total Cost": 2699473.83, "Plan Rows": 15, "Plan Width": 24, "Workers Planned": 3, "Plans": [{"Node Type": "Aggregate", "Strategy": "Sorted", "Partial Mode": "Partial", "Parent Relationship": "Outer", "Parallel Aware": false, "Startup Cost": 2698287.26, "Total Cost": 2698472.03, "Plan Rows": 5, "Plan Width": 24, "Group Key": ["orders.o_orderpriority"], "Plans": [{"Node Type": "Sort", "Parent Relationship": "Outer", "Parallel Aware": false, "Startup Cost": 2698287.26, "Total Cost": 2698348.83, "Plan Rows": 24629, "Plan Width": 16, "Sort Key": ["orders.o_orderpriority"], "Plans": [{"Node Type": "Merge Join", "Parent Relationship": "Outer", "Parallel Aware": false, "Join Type": "Semi", "Startup Cost": 287735.51, "Total Cost": 2696490.81, "Plan Rows": 24629, "Plan Width": 16, "Inner Unique": false, "Merge Cond": "(orders.o_orderkey = lineitem.l_orderkey)", "Plans": [{"Node Type": "Sort", "Parent Relationship": "Outer", "Parallel Aware": false, "Startup Cost": 287676.0, "Total Cost": 288141.69, "Plan Rows": 186277, "Plan Width": 20, "Sort Key": ["orders.o_orderkey"], "Plans": [{"Node Type": "Bitmap Heap Scan", "Parent Relationship": "Outer", "Parallel Aware": true, "Relation Name": "orders", "Alias": "orders", "Startup Cost": 7664.0, "Total Cost": 271370.16, "Plan Rows": 186277, "Plan Width": 20, "Recheck Cond": "((o_orderdate >= '1995-08-01'::date) AND (o_orderdate < '1995-11-01 00:00:00'::timestamp without time zone))", "Plans": [{"Node Type": "Bitmap Index Scan", "Parent Relationship": "Outer", "Parallel Aware": false, "Index Name": "idx_orders_orderdate", "Startup Cost": 0.0, "Total Cost": 7519.64, "Plan Rows": 577460, "Plan Width": 0, "Index Cond": "((o_orderdate >= '1995-08-01'::date) AND (o_orderdate < '1995-11-01 00:00:00'::timestamp without time zone))"}]}]}, {"Node Type": "Index Scan", "Parent Relationship": "Inner", "Parallel Aware": false, "Scan Direction": "Forward", "Index Name": "idx_lineitem_orderkey", "Relation Name": "lineitem", "Alias": "lineitem", "Startup Cost": 0.56, "Total Cost": 2355412.05, "Plan Rows": 19995259, "Plan Width": 4, "Filter": "(l_commitdate < l_receiptdate)"}]}]}]}]}]}]}}, {"Plan": {"Node Type": "Limit", "Parallel Aware": false, "Startup Cost": 416726.29, "Total Cost": 416763.63, "Plan Rows": 1, "Plan Width": 24, "Plans": [{"Node Type": "Aggregate", "Strategy": "Sorted", "Partial Mode": "Finalize", "Parent Relationship": "Outer", "Parallel Aware": false, "Startup Cost": 416726.29, "Total Cost": 416912.95, "Plan Rows": 5, "Plan Width": 24, "Group Key": ["orders.o_orderpriority"], "Plans": [{"Node Type": "Gather Merge", "Parent Relationship": "Outer", "Parallel Aware": false, "Startup Cost": 416726.29, "Total Cost": 416912.82, "Plan Rows": 15, "Plan Width": 24, "Workers Planned": 3, "Plans": [{"Node Type": "Aggregate", "Strategy": "Sorted", "Partial Mode": "Partial", "Parent Relationship": "Outer", "Parallel Aware": false, "Startup Cost": 415726.25, "Total Cost": 415911.02, "Plan Rows": 5, "Plan Width": 24, "Group Key": ["orders.o_orderpriority"], "Plans": [{"Node Type": "Sort", "Parent Relationship": "Outer", "Parallel Aware": false, "Startup Cost": 415726.25, "Total Cost": 415787.83, "Plan Rows": 24629, "Plan Width": 16, "Sort Key": ["orders.o_orderpriority"], "Plans": [{"Node Type": "Nested Loop", "Parent Relationship": "Outer", "Parallel Aware": false, "Join Type": "Semi", "Startup Cost": 7664.57, "Total Cost": 413929.81, "Plan Rows": 24629, "Plan Width": 16, "Inner Unique": false, "Plans": [{"Node Type": "Bitmap Heap Scan", "Parent Relationship": "Outer", "Parallel Aware": true, "Relation Name": "orders", "Alias": "orders", "Startup Cost": 7664.0, "Total Cost": 271370.16, "Plan Rows": 186277, "Plan Width": 20, "Recheck Cond": "((o_orderdate >= '1995-08-01'::date) AND (o_orderdate < '1995-11-01 00:00:00'::timestamp without time zone))", "Plans": [{"Node Type": "Bitmap Index Scan", "Parent Relationship": "Outer", "Parallel Aware": false, "Index Name": "idx_orders_orderdate", "Startup Cost": 0.0, "Total Cost": 7519.64, "Plan Rows": 577460, "Plan Width": 0, "Index Cond": "((o_orderdate >= '1995-08-01'::date) AND (o_orderdate < '1995-11-01 00:00:00'::timestamp without time zone))"}]}, {"Node Type": "Index Scan", "Parent Relationship": "Inner", "Parallel Aware": false, "Scan Direction": "Forward", "Index Name": "idx_lineitem_orderkey", "Relation Name": "lineitem", "Alias": "lineitem", "Startup Cost": 0.56, "Total Cost": 2.35, "Plan Rows": 10, "Plan Width": 4, "Index Cond": "(l_orderkey = orders.o_orderkey)", "Filter": "(l_commitdate < l_receiptdate)"}]}]}]}]}]}]}}, {"Plan": {"Node Type": "Limit", "Parallel Aware": false, "Startup Cost": 416726.29, "Total Cost": 416763.63, "Plan Rows": 1, "Plan Width": 24, "Plans": [{"Node Type": "Aggregate", "Strategy": "Sorted", "Partial Mode": "Finalize", "Parent Relationship": "Outer", "Parallel Aware": false, "Startup Cost": 416726.29, "Total Cost": 416912.95, "Plan Rows": 5, "Plan Width": 24, "Group Key": ["orders.o_orderpriority"], "Plans": [{"Node Type": "Gather Merge", "Parent Relationship": "Outer", "Parallel Aware": false, "Startup Cost": 416726.29, "Total Cost": 416912.82, "Plan Rows": 15, "Plan Width": 24, "Workers Planned": 3, "Plans": [{"Node Type": "Aggregate", "Strategy": "Sorted", "Partial Mode": "Partial", "Parent Relationship": "Outer", "Parallel Aware": false, "Startup Cost": 415726.25, "Total Cost": 415911.02, "Plan Rows": 5, "Plan Width": 24, "Group Key": ["orders.o_orderpriority"], "Plans": [{"Node Type": "Sort", "Parent Relationship": "Outer", "Parallel Aware": false, "Startup Cost": 415726.25, "Total Cost": 415787.83, "Plan Rows": 24629, "Plan Width": 16, "Sort Key": ["orders.o_orderpriority"], "Plans": [{"Node Type": "Nested Loop", "Parent Relationship": "Outer", "Parallel Aware": false, "Join Type": "Semi", "Startup Cost": 7664.57, "Total Cost": 413929.81, "Plan Rows": 24629, "Plan Width": 16, "Inner Unique": false, "Plans": [{"Node Type": "Bitmap Heap Scan", "Parent Relationship": "Outer", "Parallel Aware": true, "Relation Name": "orders", "Alias": "orders", "Startup Cost": 7664.0, "Total Cost": 271370.16, "Plan Rows": 186277, "Plan Width": 20, "Recheck Cond": "((o_orderdate >= '1995-08-01'::date) AND (o_orderdate < '1995-11-01 00:00:00'::timestamp without time zone))", "Plans": [{"Node Type": "Bitmap Index Scan", "Parent Relationship": "Outer", "Parallel Aware": false, "Index Name": "idx_orders_orderdate", "Startup Cost": 0.0, "Total Cost": 7519.64, "Plan Rows": 577460, "Plan Width": 0, "Index Cond": "((o_orderdate >= '1995-08-01'::date) AND (o_orderdate < '1995-11-01 00:00:00'::timestamp without time zone))"}]}, {"Node Type": "Index Scan", "Parent Relationship": "Inner", "Parallel Aware": false, "Scan Direction": "Forward", "Index Name": "idx_lineitem_orderkey", "Relation Name": "lineitem", "Alias": "lineitem", "Startup Cost": 0.56, "Total Cost": 2.35, "Plan Rows": 10, "Plan Width": 4, "Index Cond": "(l_orderkey = orders.o_orderkey)", "Filter": "(l_commitdate < l_receiptdate)"}]}]}]}]}]}]}}, {"Plan": {"Node Type": "Limit", "Parallel Aware": false, "Startup Cost": 2864875.18, "Total Cost": 2864912.51, "Plan Rows": 1, "Plan Width": 24, "Plans": [{"Node Type": "Aggregate", "Strategy": "Sorted", "Partial Mode": "Finalize", "Parent Relationship": "Outer", "Parallel Aware": false, "Startup Cost": 2864875.18, "Total Cost": 2865061.83, "Plan Rows": 5, "Plan Width": 24, "Group Key": ["orders.o_orderpriority"], "Plans": [{"Node Type": "Gather Merge", "Parent Relationship": "Outer", "Parallel Aware": false, "Startup Cost": 2864875.18, "Total Cost": 2865061.71, "Plan Rows": 15, "Plan Width": 24, "Workers Planned": 3, "Plans": [{"Node Type": "Aggregate", "Strategy": "Sorted", "Partial Mode": "Partial", "Parent Relationship": "Outer", "Parallel Aware": false, "Startup Cost": 2863875.14, "Total Cost": 2864059.91, "Plan Rows": 5, "Plan Width": 24, "Group Key": ["orders.o_orderpriority"], "Plans": [{"Node Type": "Sort", "Parent Relationship": "Outer", "Parallel Aware": false, "Startup Cost": 2863875.14, "Total Cost": 2863936.71, "Plan Rows": 24629, "Plan Width": 16, "Sort Key": ["orders.o_orderpriority"], "Plans": [{"Node Type": "Merge Join", "Parent Relationship": "Outer", "Parallel Aware": false, "Join Type": "Semi", "Startup Cost": 59.95, "Total Cost": 2862078.69, "Plan Rows": 24629, "Plan Width": 16, "Inner Unique": false, "Merge Cond": "(orders.o_orderkey = lineitem.l_orderkey)", "Plans": [{"Node Type": "Index Scan", "Parent Relationship": "Outer", "Parallel Aware": true, "Scan Direction": "Forward", "Index Name": "orders_pkey", "Relation Name": "orders", "Alias": "orders", "Startup Cost": 0.43, "Total Cost": 453729.58, "Plan Rows": 186277, "Plan Width": 20, "Filter": "((o_orderdate >= '1995-08-01'::date) AND (o_orderdate < '1995-11-01 00:00:00'::timestamp without time zone))"}, {"Node Type": "Index Scan", "Parent Relationship": "Inner", "Parallel Aware": false, "Scan Direction": "Forward", "Index Name": "idx_lineitem_orderkey", "Relation Name": "lineitem", "Alias": "lineitem", "Startup Cost": 0.56, "Total Cost": 2355412.05, "Plan Rows": 19995259, "Plan Width": 4, "Filter": "(l_commitdate < l_receiptdate)"}]}]}]}]}]}]}}, {"Plan": {"Node Type": "Limit", "Parallel Aware": false, "Startup Cost": 416726.29, "Total Cost": 416763.63, "Plan Rows": 1, "Plan Width": 24, "Plans": [{"Node Type": "Aggregate", "Strategy": "Sorted", "Partial Mode": "Finalize", "Parent Relationship": "Outer", "Parallel Aware": false, "Startup Cost": 416726.29, "Total Cost": 416912.95, "Plan Rows": 5, "Plan Width": 24, "Group Key": ["orders.o_orderpriority"], "Plans": [{"Node Type": "Gather Merge", "Parent Relationship": "Outer", "Parallel Aware": false, "Startup Cost": 416726.29, "Total Cost": 416912.82, "Plan Rows": 15, "Plan Width": 24, "Workers Planned": 3, "Plans": [{"Node Type": "Aggregate", "Strategy": "Sorted", "Partial Mode": "Partial", "Parent Relationship": "Outer", "Parallel Aware": false, "Startup Cost": 415726.25, "Total Cost": 415911.02, "Plan Rows": 5, "Plan Width": 24, "Group Key": ["orders.o_orderpriority"], "Plans": [{"Node Type": "Sort", "Parent Relationship": "Outer", "Parallel Aware": false, "Startup Cost": 415726.25, "Total Cost": 415787.83, "Plan Rows": 24629, "Plan Width": 16, "Sort Key": ["orders.o_orderpriority"], "Plans": [{"Node Type": "Nested Loop", "Parent Relationship": "Outer", "Parallel Aware": false, "Join Type": "Semi", "Startup Cost": 7664.57, "Total Cost": 413929.81, "Plan Rows": 24629, "Plan Width": 16, "Inner Unique": false, "Plans": [{"Node Type": "Bitmap Heap Scan", "Parent Relationship": "Outer", "Parallel Aware": true, "Relation Name": "orders", "Alias": "orders", "Startup Cost": 7664.0, "Total Cost": 271370.16, "Plan Rows": 186277, "Plan Width": 20, "Recheck Cond": "((o_orderdate >= '1995-08-01'::date) AND (o_orderdate < '1995-11-01 00:00:00'::timestamp without time zone))", "Plans": [{"Node Type": "Bitmap Index Scan", "Parent Relationship": "Outer", "Parallel Aware": false, "Index Name": "idx_orders_orderdate", "Startup Cost": 0.0, "Total Cost": 7519.64, "Plan Rows": 577460, "Plan Width": 0, "Index Cond": "((o_orderdate >= '1995-08-01'::date) AND (o_orderdate < '1995-11-01 00:00:00'::timestamp without time zone))"}]}, {"Node Type": "Index Scan", "Parent Relationship": "Inner", "Parallel Aware": false, "Scan Direction": "Forward", "Index Name": "idx_lineitem_orderkey", "Relation Name": "lineitem", "Alias": "lineitem", "Startup Cost": 0.56, "Total Cost": 2.35, "Plan Rows": 10, "Plan Width": 4, "Index Cond": "(l_orderkey = orders.o_orderkey)", "Filter": "(l_commitdate < l_receiptdate)"}]}]}]}]}]}]}}, {"Plan": {"Node Type": "Limit", "Parallel Aware": false, "Startup Cost": 416726.29, "Total Cost": 416763.63, "Plan Rows": 1, "Plan Width": 24, "Plans": [{"Node Type": "Aggregate", "Strategy": "Sorted", "Partial Mode": "Finalize", "Parent Relationship": "Outer", "Parallel Aware": false, "Startup Cost": 416726.29, "Total Cost": 416912.95, "Plan Rows": 5, "Plan Width": 24, "Group Key": ["orders.o_orderpriority"], "Plans": [{"Node Type": "Gather Merge", "Parent Relationship": "Outer", "Parallel Aware": false, "Startup Cost": 416726.29, "Total Cost": 416912.82, "Plan Rows": 15, "Plan Width": 24, "Workers Planned": 3, "Plans": [{"Node Type": "Aggregate", "Strategy": "Sorted", "Partial Mode": "Partial", "Parent Relationship": "Outer", "Parallel Aware": false, "Startup Cost": 415726.25, "Total Cost": 415911.02, "Plan Rows": 5, "Plan Width": 24, "Group Key": ["orders.o_orderpriority"], "Plans": [{"Node Type": "Sort", "Parent Relationship": "Outer", "Parallel Aware": false, "Startup Cost": 415726.25, "Total Cost": 415787.83, "Plan Rows": 24629, "Plan Width": 16, "Sort Key": ["orders.o_orderpriority"], "Plans": [{"Node Type": "Nested Loop", "Parent Relationship": "Outer", "Parallel Aware": false, "Join Type": "Semi", "Startup Cost": 7664.57, "Total Cost": 413929.81, "Plan Rows": 24629, "Plan Width": 16, "Inner Unique": false, "Plans": [{"Node Type": "Bitmap Heap Scan", "Parent Relationship": "Outer", "Parallel Aware": true, "Relation Name": "orders", "Alias": "orders", "Startup Cost": 7664.0, "Total Cost": 271370.16, "Plan Rows": 186277, "Plan Width": 20, "Recheck Cond": "((o_orderdate >= '1995-08-01'::date) AND (o_orderdate < '1995-11-01 00:00:00'::timestamp without time zone))", "Plans": [{"Node Type": "Bitmap Index Scan", "Parent Relationship": "Outer", "Parallel Aware": false, "Index Name": "idx_orders_orderdate", "Startup Cost": 0.0, "Total Cost": 7519.64, "Plan Rows": 577460, "Plan Width": 0, "Index Cond": "((o_orderdate >= '1995-08-01'::date) AND (o_orderdate < '1995-11-01 00:00:00'::timestamp without time zone))"}]}, {"Node Type": "Index Scan", "Parent Relationship": "Inner", "Parallel Aware": false, "Scan Direction": "Forward", "Index Name": "idx_lineitem_orderkey", "Relation Name": "lineitem", "Alias": "lineitem", "Startup Cost": 0.56, "Total Cost": 2.35, "Plan Rows": 10, "Plan Width": 4, "Index Cond": "(l_orderkey = orders.o_orderkey)", "Filter": "(l_commitdate < l_receiptdate)"}]}]}]}]}]}]}}, {"Plan": {"Node Type": "Limit", "Parallel Aware": false, "Startup Cost": 535208.99, "Total Cost": 535246.32, "Plan Rows": 1, "Plan Width": 24, "Plans": [{"Node Type": "Aggregate", "Strategy": "Sorted", "Partial Mode": "Finalize", "Parent Relationship": "Outer", "Parallel Aware": false, "Startup Cost": 535208.99, "Total Cost": 535395.65, "Plan Rows": 5, "Plan Width": 24, "Group Key": ["orders.o_orderpriority"], "Plans": [{"Node Type": "Gather Merge", "Parent Relationship": "Outer", "Parallel Aware": false, "Startup Cost": 535208.99, "Total Cost": 535395.52, "Plan Rows": 15, "Plan Width": 24, "Workers Planned": 3, "Plans": [{"Node Type": "Aggregate", "Strategy": "Sorted", "Partial Mode": "Partial", "Parent Relationship": "Outer", "Parallel Aware": false, "Startup Cost": 534208.95, "Total Cost": 534393.72, "Plan Rows": 5, "Plan Width": 24, "Group Key": ["orders.o_orderpriority"], "Plans": [{"Node Type": "Sort", "Parent Relationship": "Outer", "Parallel Aware": false, "Startup Cost": 534208.95, "Total Cost": 534270.52, "Plan Rows": 24629, "Plan Width": 16, "Sort Key": ["orders.o_orderpriority"], "Plans": [{"Node Type": "Nested Loop", "Parent Relationship": "Outer", "Parallel Aware": false, "Join Type": "Semi", "Startup Cost": 7665.11, "Total Cost": 532412.5, "Plan Rows": 24629, "Plan Width": 16, "Inner Unique": false, "Plans": [{"Node Type": "Bitmap Heap Scan", "Parent Relationship": "Outer", "Parallel Aware": true, "Relation Name": "orders", "Alias": "orders", "Startup Cost": 7664.0, "Total Cost": 271370.16, "Plan Rows": 186277, "Plan Width": 20, "Recheck Cond": "((o_orderdate >= '1995-08-01'::date) AND (o_orderdate < '1995-11-01 00:00:00'::timestamp without time zone))", "Plans": [{"Node Type": "Bitmap Index Scan", "Parent Relationship": "Outer", "Parallel Aware": false, "Index Name": "idx_orders_orderdate", "Startup Cost": 0.0, "Total Cost": 7519.64, "Plan Rows": 577460, "Plan Width": 0, "Index Cond": "((o_orderdate >= '1995-08-01'::date) AND (o_orderdate < '1995-11-01 00:00:00'::timestamp without time zone))"}]}, {"Node Type": "Bitmap Heap Scan", "Parent Relationship": "Inner", "Parallel Aware": false, "Relation Name": "lineitem", "Alias": "lineitem", "Startup Cost": 1.11, "Total Cost": 3.76, "Plan Rows": 10, "Plan Width": 4, "Recheck Cond": "(l_orderkey = orders.o_orderkey)", "Filter": "(l_commitdate < l_receiptdate)", "Plans": [{"Node Type": "Bitmap Index Scan", "Parent Relationship": "Outer", "Parallel Aware": false, "Index Name": "lineitem_pkey", "Startup Cost": 0.0, "Total Cost": 1.1, "Plan Rows": 30, "Plan Width": 0, "Index Cond": "(l_orderkey = orders.o_orderkey)"}]}]}]}]}]}]}]}}, {"Plan": {"Node Type": "Limit", "Parallel Aware": false, "Startup Cost": 4853087.49, "Total Cost": 4853124.82, "Plan Rows": 1, "Plan Width": 24, "Plans": [{"Node Type": "Aggregate", "Strategy": "Sorted", "Partial Mode": "Finalize", "Parent Relationship": "Outer", "Parallel Aware": false, "Startup Cost": 4853087.49, "Total Cost": 4853274.15, "Plan Rows": 5, "Plan Width": 24, "Group Key": ["orders.o_orderpriority"], "Plans": [{"Node Type": "Gather Merge", "Parent Relationship": "Outer", "Parallel Aware": false, "Startup Cost": 4853087.49, "Total Cost": 4853274.02, "Plan Rows": 15, "Plan Width": 24, "Workers Planned": 3, "Plans": [{"Node Type": "Aggregate", "Strategy": "Sorted", "Partial Mode": "Partial", "Parent Relationship": "Outer", "Parallel Aware": false, "Startup Cost": 4852087.45, "Total Cost": 4852272.22, "Plan Rows": 5, "Plan Width": 24, "Group Key": ["orders.o_orderpriority"], "Plans": [{"Node Type": "Sort", "Parent Relationship": "Outer", "Parallel Aware": false, "Startup Cost": 4852087.45, "Total Cost": 4852149.03, "Plan Rows": 24629, "Plan Width": 16, "Sort Key": ["orders.o_orderpriority"], "Plans": [{"Node Type": "Merge Join", "Parent Relationship": "Outer", "Parallel Aware": false, "Join Type": "Semi", "Startup Cost": 4746902.54, "Total Cost": 4850291.0, "Plan Rows": 24629, "Plan Width": 16, "Inner Unique": false, "Merge Cond": "(orders.o_orderkey = lineitem.l_orderkey)", "Plans": [{"Node Type": "Sort", "Parent Relationship": "Outer", "Parallel Aware": false, "Startup Cost": 287676.0, "Total Cost": 288141.69, "Plan Rows": 186277, "Plan Width": 20, "Sort Key": ["orders.o_orderkey"], "Plans": [{"Node Type": "Bitmap Heap Scan", "Parent Relationship": "Outer", "Parallel Aware": true, "Relation Name": "orders", "Alias": "orders", "Startup Cost": 7664.0, "Total Cost": 271370.16, "Plan Rows": 186277, "Plan Width": 20, "Recheck Cond": "((o_orderdate >= '1995-08-01'::date) AND (o_orderdate < '1995-11-01 00:00:00'::timestamp without time zone))", "Plans": [{"Node Type": "Bitmap Index Scan", "Parent Relationship": "Outer", "Parallel Aware": false, "Index Name": "idx_orders_orderdate", "Startup Cost": 0.0, "Total Cost": 7519.64, "Plan Rows": 577460, "Plan Width": 0, "Index Cond": "((o_orderdate >= '1995-08-01'::date) AND (o_orderdate < '1995-11-01 00:00:00'::timestamp without time zone))"}]}]}, {"Node Type": "Sort", "Parent Relationship": "Inner", "Parallel Aware": false, "Startup Cost": 4459224.09, "Total Cost": 4509212.24, "Plan Rows": 19995259, "Plan Width": 4, "Sort Key": ["lineitem.l_orderkey"], "Plans": [{"Node Type": "Seq Scan", "Parent Relationship": "Outer", "Parallel Aware": false, "Relation Name": "lineitem", "Alias": "lineitem", "Startup Cost": 0.0, "Total Cost": 1874364.2, "Plan Rows": 19995259, "Plan Width": 4, "Filter": "(l_commitdate < l_receiptdate)"}]}]}]}]}]}]}]}}, {"Plan": {"Node Type": "Limit", "Parallel Aware": false, "Startup Cost": 535208.99, "Total Cost": 535246.32, "Plan Rows": 1, "Plan Width": 24, "Plans": [{"Node Type": "Aggregate", "Strategy": "Sorted", "Partial Mode": "Finalize", "Parent Relationship": "Outer", "Parallel Aware": false, "Startup Cost": 535208.99, "Total Cost": 535395.65, "Plan Rows": 5, "Plan Width": 24, "Group Key": ["orders.o_orderpriority"], "Plans": [{"Node Type": "Gather Merge", "Parent Relationship": "Outer", "Parallel Aware": false, "Startup Cost": 535208.99, "Total Cost": 535395.52, "Plan Rows": 15, "Plan Width": 24, "Workers Planned": 3, "Plans": [{"Node Type": "Aggregate", "Strategy": "Sorted", "Partial Mode": "Partial", "Parent Relationship": "Outer", "Parallel Aware": false, "Startup Cost": 534208.95, "Total Cost": 534393.72, "Plan Rows": 5, "Plan Width": 24, "Group Key": ["orders.o_orderpriority"], "Plans": [{"Node Type": "Sort", "Parent Relationship": "Outer", "Parallel Aware": false, "Startup Cost": 534208.95, "Total Cost": 534270.52, "Plan Rows": 24629, "Plan Width": 16, "Sort Key": ["orders.o_orderpriority"], "Plans": [{"Node Type": "Nested Loop", "Parent Relationship": "Outer", "Parallel Aware": false, "Join Type": "Semi", "Startup Cost": 7665.11, "Total Cost": 532412.5, "Plan Rows": 24629, "Plan Width": 16, "Inner Unique": false, "Plans": [{"Node Type": "Bitmap Heap Scan", "Parent Relationship": "Outer", "Parallel Aware": true, "Relation Name": "orders", "Alias": "orders", "Startup Cost": 7664.0, "Total Cost": 271370.16, "Plan Rows": 186277, "Plan Width": 20, "Recheck Cond": "((o_orderdate >= '1995-08-01'::date) AND (o_orderdate < '1995-11-01 00:00:00'::timestamp without time zone))", "Plans": [{"Node Type": "Bitmap Index Scan", "Parent Relationship": "Outer", "Parallel Aware": false, "Index Name": "idx_orders_orderdate", "Startup Cost": 0.0, "Total Cost": 7519.64, "Plan Rows": 577460, "Plan Width": 0, "Index Cond": "((o_orderdate >= '1995-08-01'::date) AND (o_orderdate < '1995-11-01 00:00:00'::timestamp without time zone))"}]}, {"Node Type": "Bitmap Heap Scan", "Parent Relationship": "Inner", "Parallel Aware": false, "Relation Name": "lineitem", "Alias": "lineitem", "Startup Cost": 1.11, "Total Cost": 3.76, "Plan Rows": 10, "Plan Width": 4, "Recheck Cond": "(l_orderkey = orders.o_orderkey)", "Filter": "(l_commitdate < l_receiptdate)", "Plans": [{"Node Type": "Bitmap Index Scan", "Parent Relationship": "Outer", "Parallel Aware": false, "Index Name": "lineitem_pkey", "Startup Cost": 0.0, "Total Cost": 1.1, "Plan Rows": 30, "Plan Width": 0, "Index Cond": "(l_orderkey = orders.o_orderkey)"}]}]}]}]}]}]}]}}, {"Plan": {"Node Type": "Limit", "Parallel Aware": false, "Startup Cost": 416726.29, "Total Cost": 416763.63, "Plan Rows": 1, "Plan Width": 24, "Plans": [{"Node Type": "Aggregate", "Strategy": "Sorted", "Partial Mode": "Finalize", "Parent Relationship": "Outer", "Parallel Aware": false, "Startup Cost": 416726.29, "Total Cost": 416912.95, "Plan Rows": 5, "Plan Width": 24, "Group Key": ["orders.o_orderpriority"], "Plans": [{"Node Type": "Gather Merge", "Parent Relationship": "Outer", "Parallel Aware": false, "Startup Cost": 416726.29, "Total Cost": 416912.82, "Plan Rows": 15, "Plan Width": 24, "Workers Planned": 3, "Plans": [{"Node Type": "Aggregate", "Strategy": "Sorted", "Partial Mode": "Partial", "Parent Relationship": "Outer", "Parallel Aware": false, "Startup Cost": 415726.25, "Total Cost": 415911.02, "Plan Rows": 5, "Plan Width": 24, "Group Key": ["orders.o_orderpriority"], "Plans": [{"Node Type": "Sort", "Parent Relationship": "Outer", "Parallel Aware": false, "Startup Cost": 415726.25, "Total Cost": 415787.83, "Plan Rows": 24629, "Plan Width": 16, "Sort Key": ["orders.o_orderpriority"], "Plans": [{"Node Type": "Nested Loop", "Parent Relationship": "Outer", "Parallel Aware": false, "Join Type": "Semi", "Startup Cost": 7664.57, "Total Cost": 413929.81, "Plan Rows": 24629, "Plan Width": 16, "Inner Unique": false, "Plans": [{"Node Type": "Bitmap Heap Scan", "Parent Relationship": "Outer", "Parallel Aware": true, "Relation Name": "orders", "Alias": "orders", "Startup Cost": 7664.0, "Total Cost": 271370.16, "Plan Rows": 186277, "Plan Width": 20, "Recheck Cond": "((o_orderdate >= '1995-08-01'::date) AND (o_orderdate < '1995-11-01 00:00:00'::timestamp without time zone))", "Plans": [{"Node Type": "Bitmap Index Scan", "Parent Relationship": "Outer", "Parallel Aware": false, "Index Name": "idx_orders_orderdate", "Startup Cost": 0.0, "Total Cost": 7519.64, "Plan Rows": 577460, "Plan Width": 0, "Index Cond": "((o_orderdate >= '1995-08-01'::date) AND (o_orderdate < '1995-11-01 00:00:00'::timestamp without time zone))"}]}, {"Node Type": "Index Scan", "Parent Relationship": "Inner", "Parallel Aware": false, "Scan Direction": "Forward", "Index Name": "idx_lineitem_orderkey", "Relation Name": "lineitem", "Alias": "lineitem", "Startup Cost": 0.56, "Total Cost": 2.35, "Plan Rows": 10, "Plan Width": 4, "Index Cond": "(l_orderkey = orders.o_orderkey)", "Filter": "(l_commitdate < l_receiptdate)"}]}]}]}]}]}]}}]