[{"Plan": {"Node Type": "Limit", "Parallel Aware": false, "Startup Cost": 10001082424.6, "Total Cost": 10001082537.34, "Plan Rows": 1, "Plan Width": 24, "Plans": [{"Node Type": "Aggregate", "Strategy": "Sorted", "Partial Mode": "Simple", "Parent Relationship": "Outer", "Parallel Aware": false, "Startup Cost": 10001082424.6, "Total Cost": 10001082988.29, "Plan Rows": 5, "Plan Width": 24, "Group Key": ["orders.o_orderpriority"], "Plans": [{"Node Type": "Sort", "Parent Relationship": "Outer", "Parallel Aware": false, "Startup Cost": 10001082424.6, "Total Cost": 10001082612.48, "Plan Rows": 75151, "Plan Width": 16, "Sort Key": ["orders.o_orderpriority"], "Plans": [{"Node Type": "Nested Loop", "Parent Relationship": "Outer", "Parallel Aware": false, "Join Type": "Semi", "Startup Cost": 10000007544.57, "Total Cost": 10001076338.31, "Plan Rows": 75151, "Plan Width": 16, "Inner Unique": false, "Plans": [{"Node Type": "Bitmap Heap Scan", "Parent Relationship": "Outer", "Parallel Aware": false, "Relation Name": "orders", "Alias": "orders", "Startup Cost": 7543.46, "Total Cost": 276981.21, "Plan Rows": 568383, "Plan Width": 20, "Recheck Cond": "((o_orderdate >= '1994-09-01'::date) AND (o_orderdate < '1994-12-01 00:00:00'::timestamp without time zone))", "Plans": [{"Node Type": "Bitmap Index Scan", "Parent Relationship": "Outer", "Parallel Aware": false, "Index Name": "idx_orders_orderdate", "Startup Cost": 0.0, "Total Cost": 7401.37, "Plan Rows": 568383, "Plan Width": 0, "Index Cond": "((o_orderdate >= '1994-09-01'::date) AND (o_orderdate < '1994-12-01 00:00:00'::timestamp without time zone))"}]}, {"Node Type": "Bitmap Heap Scan", "Parent Relationship": "Inner", "Parallel Aware": false, "Relation Name": "lineitem", "Alias": "lineitem", "Startup Cost": 1.11, "Total Cost": 3.76, "Plan Rows": 10, "Plan Width": 4, "Recheck Cond": "(l_orderkey = orders.o_orderkey)", "Filter": "(l_commitdate < l_receiptdate)", "Plans": [{"Node Type": "Bitmap Index Scan", "Parent Relationship": "Outer", "Parallel Aware": false, "Index Name": "lineitem_pkey", "Startup Cost": 0.0, "Total Cost": 1.11, "Plan Rows": 30, "Plan Width": 0, "Index Cond": "(l_orderkey = orders.o_orderkey)"}]}]}]}]}]}}, {"Plan": {"Node Type": "Limit", "Parallel Aware": false, "Startup Cost": 2255388.5, "Total Cost": 2255425.25, "Plan Rows": 1, "Plan Width": 24, "Plans": [{"Node Type": "Aggregate", "Strategy": "Sorted", "Partial Mode": "Finalize", "Parent Relationship": "Outer", "Parallel Aware": false, "Startup Cost": 2255388.5, "Total Cost": 2255572.25, "Plan Rows": 5, "Plan Width": 24, "Group Key": ["orders.o_orderpriority"], "Plans": [{"Node Type": "Gather Merge", "Parent Relationship": "Outer", "Parallel Aware": false, "Startup Cost": 2255388.5, "Total Cost": 2255572.13, "Plan Rows": 15, "Plan Width": 24, "Workers Planned": 3, "Plans": [{"Node Type": "Aggregate", "Strategy": "Sorted", "Partial Mode": "Partial", "Parent Relationship": "Outer", "Parallel Aware": false, "Startup Cost": 2254388.46, "Total Cost": 2254570.33, "Plan Rows": 5, "Plan Width": 24, "Group Key": ["orders.o_orderpriority"], "Plans": [{"Node Type": "Sort", "Parent Relationship": "Outer", "Parallel Aware": false, "Startup Cost": 2254388.46, "Total Cost": 2254449.07, "Plan Rows": 24242, "Plan Width": 16, "Sort Key": ["orders.o_orderpriority"], "Plans": [{"Node Type": "Hash Join", "Parent Relationship": "Outer", "Parallel Aware": true, "Join Type": "Semi", "Startup Cost": 1960833.48, "Total Cost": 2252623.01, "Plan Rows": 24242, "Plan Width": 16, "Inner Unique": false, "Hash Cond": "(orders.o_orderkey = lineitem.l_orderkey)", "Plans": [{"Node Type": "Bitmap Heap Scan", "Parent Relationship": "Outer", "Parallel Aware": true, "Relation Name": "orders", "Alias": "orders", "Startup Cost": 7543.46, "Total Cost": 271205.7, "Plan Rows": 183349, "Plan Width": 20, "Recheck Cond": "((o_orderdate >= '1994-09-01'::date) AND (o_orderdate < '1994-12-01 00:00:00'::timestamp without time zone))", "Plans": [{"Node Type": "Bitmap Index Scan", "Parent Relationship": "Outer", "Parallel Aware": false, "Index Name": "idx_orders_orderdate", "Startup Cost": 0.0, "Total Cost": 7401.37, "Plan Rows": 568383, "Plan Width": 0, "Index Cond": "((o_orderdate >= '1994-09-01'::date) AND (o_orderdate < '1994-12-01 00:00:00'::timestamp without time zone))"}]}, {"Node Type": "Hash", "Parent Relationship": "Inner", "Parallel Aware": true, "Startup Cost": 1847467.97, "Total Cost": 1847467.97, "Plan Rows": 6450084, "Plan Width": 4, "Plans": [{"Node Type": "Index Scan", "Parent Relationship": "Outer", "Parallel Aware": true, "Scan Direction": "Forward", "Index Name": "idx_lineitem_orderkey", "Relation Name": "lineitem", "Alias": "lineitem", "Startup Cost": 0.56, "Total Cost": 1847467.97, "Plan Rows": 6450084, "Plan Width": 4, "Filter": "(l_commitdate < l_receiptdate)"}]}]}]}]}]}]}]}}, {"Plan": {"Node Type": "Limit", "Parallel Aware": false, "Startup Cost": 2255388.5, "Total Cost": 2255425.25, "Plan Rows": 1, "Plan Width": 24, "Plans": [{"Node Type": "Aggregate", "Strategy": "Sorted", "Partial Mode": "Finalize", "Parent Relationship": "Outer", "Parallel Aware": false, "Startup Cost": 2255388.5, "Total Cost": 2255572.25, "Plan Rows": 5, "Plan Width": 24, "Group Key": ["orders.o_orderpriority"], "Plans": [{"Node Type": "Gather Merge", "Parent Relationship": "Outer", "Parallel Aware": false, "Startup Cost": 2255388.5, "Total Cost": 2255572.13, "Plan Rows": 15, "Plan Width": 24, "Workers Planned": 3, "Plans": [{"Node Type": "Aggregate", "Strategy": "Sorted", "Partial Mode": "Partial", "Parent Relationship": "Outer", "Parallel Aware": false, "Startup Cost": 2254388.46, "Total Cost": 2254570.33, "Plan Rows": 5, "Plan Width": 24, "Group Key": ["orders.o_orderpriority"], "Plans": [{"Node Type": "Sort", "Parent Relationship": "Outer", "Parallel Aware": false, "Startup Cost": 2254388.46, "Total Cost": 2254449.07, "Plan Rows": 24242, "Plan Width": 16, "Sort Key": ["orders.o_orderpriority"], "Plans": [{"Node Type": "Hash Join", "Parent Relationship": "Outer", "Parallel Aware": true, "Join Type": "Semi", "Startup Cost": 1960833.48, "Total Cost": 2252623.01, "Plan Rows": 24242, "Plan Width": 16, "Inner Unique": false, "Hash Cond": "(orders.o_orderkey = lineitem.l_orderkey)", "Plans": [{"Node Type": "Bitmap Heap Scan", "Parent Relationship": "Outer", "Parallel Aware": true, "Relation Name": "orders", "Alias": "orders", "Startup Cost": 7543.46, "Total Cost": 271205.7, "Plan Rows": 183349, "Plan Width": 20, "Recheck Cond": "((o_orderdate >= '1994-09-01'::date) AND (o_orderdate < '1994-12-01 00:00:00'::timestamp without time zone))", "Plans": [{"Node Type": "Bitmap Index Scan", "Parent Relationship": "Outer", "Parallel Aware": false, "Index Name": "idx_orders_orderdate", "Startup Cost": 0.0, "Total Cost": 7401.37, "Plan Rows": 568383, "Plan Width": 0, "Index Cond": "((o_orderdate >= '1994-09-01'::date) AND (o_orderdate < '1994-12-01 00:00:00'::timestamp without time zone))"}]}, {"Node Type": "Hash", "Parent Relationship": "Inner", "Parallel Aware": true, "Startup Cost": 1847467.97, "Total Cost": 1847467.97, "Plan Rows": 6450084, "Plan Width": 4, "Plans": [{"Node Type": "Index Scan", "Parent Relationship": "Outer", "Parallel Aware": true, "Scan Direction": "Forward", "Index Name": "idx_lineitem_orderkey", "Relation Name": "lineitem", "Alias": "lineitem", "Startup Cost": 0.56, "Total Cost": 1847467.97, "Plan Rows": 6450084, "Plan Width": 4, "Filter": "(l_commitdate < l_receiptdate)"}]}]}]}]}]}]}]}}, {"Plan": {"Node Type": "Limit", "Parallel Aware": false, "Startup Cost": 414448.82, "Total Cost": 414485.57, "Plan Rows": 1, "Plan Width": 24, "Plans": [{"Node Type": "Aggregate", "Strategy": "Sorted", "Partial Mode": "Finalize", "Parent Relationship": "Outer", "Parallel Aware": false, "Startup Cost": 414448.82, "Total Cost": 414632.58, "Plan Rows": 5, "Plan Width": 24, "Group Key": ["orders.o_orderpriority"], "Plans": [{"Node Type": "Gather Merge", "Parent Relationship": "Outer", "Parallel Aware": false, "Startup Cost": 414448.82, "Total Cost": 414632.45, "Plan Rows": 15, "Plan Width": 24, "Workers Planned": 3, "Plans": [{"Node Type": "Aggregate", "Strategy": "Sorted", "Partial Mode": "Partial", "Parent Relationship": "Outer", "Parallel Aware": false, "Startup Cost": 413448.78, "Total Cost": 413630.65, "Plan Rows": 5, "Plan Width": 24, "Group Key": ["orders.o_orderpriority"], "Plans": [{"Node Type": "Sort", "Parent Relationship": "Outer", "Parallel Aware": false, "Startup Cost": 413448.78, "Total Cost": 413509.39, "Plan Rows": 24242, "Plan Width": 16, "Sort Key": ["orders.o_orderpriority"], "Plans": [{"Node Type": "Nested Loop", "Parent Relationship": "Outer", "Parallel Aware": false, "Join Type": "Semi", "Startup Cost": 7544.03, "Total Cost": 411683.33, "Plan Rows": 24242, "Plan Width": 16, "Inner Unique": false, "Plans": [{"Node Type": "Bitmap Heap Scan", "Parent Relationship": "Outer", "Parallel Aware": true, "Relation Name": "orders", "Alias": "orders", "Startup Cost": 7543.46, "Total Cost": 271205.7, "Plan Rows": 183349, "Plan Width": 20, "Recheck Cond": "((o_orderdate >= '1994-09-01'::date) AND (o_orderdate < '1994-12-01 00:00:00'::timestamp without time zone))", "Plans": [{"Node Type": "Bitmap Index Scan", "Parent Relationship": "Outer", "Parallel Aware": false, "Index Name": "idx_orders_orderdate", "Startup Cost": 0.0, "Total Cost": 7401.37, "Plan Rows": 568383, "Plan Width": 0, "Index Cond": "((o_orderdate >= '1994-09-01'::date) AND (o_orderdate < '1994-12-01 00:00:00'::timestamp without time zone))"}]}, {"Node Type": "Index Scan", "Parent Relationship": "Inner", "Parallel Aware": false, "Scan Direction": "Forward", "Index Name": "idx_lineitem_orderkey", "Relation Name": "lineitem", "Alias": "lineitem", "Startup Cost": 0.56, "Total Cost": 2.36, "Plan Rows": 10, "Plan Width": 4, "Index Cond": "(l_orderkey = orders.o_orderkey)", "Filter": "(l_commitdate < l_receiptdate)"}]}]}]}]}]}]}}, {"Plan": {"Node Type": "Limit", "Parallel Aware": false, "Startup Cost": 1774340.66, "Total Cost": 1774377.41, "Plan Rows": 1, "Plan Width": 24, "Plans": [{"Node Type": "Aggregate", "Strategy": "Sorted", "Partial Mode": "Finalize", "Parent Relationship": "Outer", "Parallel Aware": false, "Startup Cost": 1774340.66, "Total Cost": 1774524.41, "Plan Rows": 5, "Plan Width": 24, "Group Key": ["orders.o_orderpriority"], "Plans": [{"Node Type": "Gather Merge", "Parent Relationship": "Outer", "Parallel Aware": false, "Startup Cost": 1774340.66, "Total Cost": 1774524.28, "Plan Rows": 15, "Plan Width": 24, "Workers Planned": 3, "Plans": [{"Node Type": "Aggregate", "Strategy": "Sorted", "Partial Mode": "Partial", "Parent Relationship": "Outer", "Parallel Aware": false, "Startup Cost": 1773340.62, "Total Cost": 1773522.48, "Plan Rows": 5, "Plan Width": 24, "Group Key": ["orders.o_orderpriority"], "Plans": [{"Node Type": "Sort", "Parent Relationship": "Outer", "Parallel Aware": false, "Startup Cost": 1773340.62, "Total Cost": 1773401.22, "Plan Rows": 24242, "Plan Width": 16, "Sort Key": ["orders.o_orderpriority"], "Plans": [{"Node Type": "Hash Join", "Parent Relationship": "Outer", "Parallel Aware": true, "Join Type": "Semi", "Startup Cost": 1479785.64, "Total Cost": 1771575.17, "Plan Rows": 24242, "Plan Width": 16, "Inner Unique": false, "Hash Cond": "(orders.o_orderkey = lineitem.l_orderkey)", "Plans": [{"Node Type": "Bitmap Heap Scan", "Parent Relationship": "Outer", "Parallel Aware": true, "Relation Name": "orders", "Alias": "orders", "Startup Cost": 7543.46, "Total Cost": 271205.7, "Plan Rows": 183349, "Plan Width": 20, "Recheck Cond": "((o_orderdate >= '1994-09-01'::date) AND (o_orderdate < '1994-12-01 00:00:00'::timestamp without time zone))", "Plans": [{"Node Type": "Bitmap Index Scan", "Parent Relationship": "Outer", "Parallel Aware": false, "Index Name": "idx_orders_orderdate", "Startup Cost": 0.0, "Total Cost": 7401.37, "Plan Rows": 568383, "Plan Width": 0, "Index Cond": "((o_orderdate >= '1994-09-01'::date) AND (o_orderdate < '1994-12-01 00:00:00'::timestamp without time zone))"}]}, {"Node Type": "Hash", "Parent Relationship": "Inner", "Parallel Aware": true, "Startup Cost": 1366420.13, "Total Cost": 1366420.13, "Plan Rows": 6450084, "Plan Width": 4, "Plans": [{"Node Type": "Seq Scan", "Parent Relationship": "Outer", "Parallel Aware": true, "Relation Name": "lineitem", "Alias": "lineitem", "Startup Cost": 0.0, "Total Cost": 1366420.13, "Plan Rows": 6450084, "Plan Width": 4, "Filter": "(l_commitdate < l_receiptdate)"}]}]}]}]}]}]}]}}, {"Plan": {"Node Type": "Limit", "Parallel Aware": false, "Startup Cost": 414448.82, "Total Cost": 414485.57, "Plan Rows": 1, "Plan Width": 24, "Plans": [{"Node Type": "Aggregate", "Strategy": "Sorted", "Partial Mode": "Finalize", "Parent Relationship": "Outer", "Parallel Aware": false, "Startup Cost": 414448.82, "Total Cost": 414632.58, "Plan Rows": 5, "Plan Width": 24, "Group Key": ["orders.o_orderpriority"], "Plans": [{"Node Type": "Gather Merge", "Parent Relationship": "Outer", "Parallel Aware": false, "Startup Cost": 414448.82, "Total Cost": 414632.45, "Plan Rows": 15, "Plan Width": 24, "Workers Planned": 3, "Plans": [{"Node Type": "Aggregate", "Strategy": "Sorted", "Partial Mode": "Partial", "Parent Relationship": "Outer", "Parallel Aware": false, "Startup Cost": 413448.78, "Total Cost": 413630.65, "Plan Rows": 5, "Plan Width": 24, "Group Key": ["orders.o_orderpriority"], "Plans": [{"Node Type": "Sort", "Parent Relationship": "Outer", "Parallel Aware": false, "Startup Cost": 413448.78, "Total Cost": 413509.39, "Plan Rows": 24242, "Plan Width": 16, "Sort Key": ["orders.o_orderpriority"], "Plans": [{"Node Type": "Nested Loop", "Parent Relationship": "Outer", "Parallel Aware": false, "Join Type": "Semi", "Startup Cost": 7544.03, "Total Cost": 411683.33, "Plan Rows": 24242, "Plan Width": 16, "Inner Unique": false, "Plans": [{"Node Type": "Bitmap Heap Scan", "Parent Relationship": "Outer", "Parallel Aware": true, "Relation Name": "orders", "Alias": "orders", "Startup Cost": 7543.46, "Total Cost": 271205.7, "Plan Rows": 183349, "Plan Width": 20, "Recheck Cond": "((o_orderdate >= '1994-09-01'::date) AND (o_orderdate < '1994-12-01 00:00:00'::timestamp without time zone))", "Plans": [{"Node Type": "Bitmap Index Scan", "Parent Relationship": "Outer", "Parallel Aware": false, "Index Name": "idx_orders_orderdate", "Startup Cost": 0.0, "Total Cost": 7401.37, "Plan Rows": 568383, "Plan Width": 0, "Index Cond": "((o_orderdate >= '1994-09-01'::date) AND (o_orderdate < '1994-12-01 00:00:00'::timestamp without time zone))"}]}, {"Node Type": "Index Scan", "Parent Relationship": "Inner", "Parallel Aware": false, "Scan Direction": "Forward", "Index Name": "idx_lineitem_orderkey", "Relation Name": "lineitem", "Alias": "lineitem", "Startup Cost": 0.56, "Total Cost": 2.36, "Plan Rows": 10, "Plan Width": 4, "Index Cond": "(l_orderkey = orders.o_orderkey)", "Filter": "(l_commitdate < l_receiptdate)"}]}]}]}]}]}]}}, {"Plan": {"Node Type": "Limit", "Parallel Aware": false, "Startup Cost": 414448.82, "Total Cost": 414485.57, "Plan Rows": 1, "Plan Width": 24, "Plans": [{"Node Type": "Aggregate", "Strategy": "Sorted", "Partial Mode": "Finalize", "Parent Relationship": "Outer", "Parallel Aware": false, "Startup Cost": 414448.82, "Total Cost": 414632.58, "Plan Rows": 5, "Plan Width": 24, "Group Key": ["orders.o_orderpriority"], "Plans": [{"Node Type": "Gather Merge", "Parent Relationship": "Outer", "Parallel Aware": false, "Startup Cost": 414448.82, "Total Cost": 414632.45, "Plan Rows": 15, "Plan Width": 24, "Workers Planned": 3, "Plans": [{"Node Type": "Aggregate", "Strategy": "Sorted", "Partial Mode": "Partial", "Parent Relationship": "Outer", "Parallel Aware": false, "Startup Cost": 413448.78, "Total Cost": 413630.65, "Plan Rows": 5, "Plan Width": 24, "Group Key": ["orders.o_orderpriority"], "Plans": [{"Node Type": "Sort", "Parent Relationship": "Outer", "Parallel Aware": false, "Startup Cost": 413448.78, "Total Cost": 413509.39, "Plan Rows": 24242, "Plan Width": 16, "Sort Key": ["orders.o_orderpriority"], "Plans": [{"Node Type": "Nested Loop", "Parent Relationship": "Outer", "Parallel Aware": false, "Join Type": "Semi", "Startup Cost": 7544.03, "Total Cost": 411683.33, "Plan Rows": 24242, "Plan Width": 16, "Inner Unique": false, "Plans": [{"Node Type": "Bitmap Heap Scan", "Parent Relationship": "Outer", "Parallel Aware": true, "Relation Name": "orders", "Alias": "orders", "Startup Cost": 7543.46, "Total Cost": 271205.7, "Plan Rows": 183349, "Plan Width": 20, "Recheck Cond": "((o_orderdate >= '1994-09-01'::date) AND (o_orderdate < '1994-12-01 00:00:00'::timestamp without time zone))", "Plans": [{"Node Type": "Bitmap Index Scan", "Parent Relationship": "Outer", "Parallel Aware": false, "Index Name": "idx_orders_orderdate", "Startup Cost": 0.0, "Total Cost": 7401.37, "Plan Rows": 568383, "Plan Width": 0, "Index Cond": "((o_orderdate >= '1994-09-01'::date) AND (o_orderdate < '1994-12-01 00:00:00'::timestamp without time zone))"}]}, {"Node Type": "Index Scan", "Parent Relationship": "Inner", "Parallel Aware": false, "Scan Direction": "Forward", "Index Name": "idx_lineitem_orderkey", "Relation Name": "lineitem", "Alias": "lineitem", "Startup Cost": 0.56, "Total Cost": 2.36, "Plan Rows": 10, "Plan Width": 4, "Index Cond": "(l_orderkey = orders.o_orderkey)", "Filter": "(l_commitdate < l_receiptdate)"}]}]}]}]}]}]}}, {"Plan": {"Node Type": "Limit", "Parallel Aware": false, "Startup Cost": 1774340.66, "Total Cost": 1774377.41, "Plan Rows": 1, "Plan Width": 24, "Plans": [{"Node Type": "Aggregate", "Strategy": "Sorted", "Partial Mode": "Finalize", "Parent Relationship": "Outer", "Parallel Aware": false, "Startup Cost": 1774340.66, "Total Cost": 1774524.41, "Plan Rows": 5, "Plan Width": 24, "Group Key": ["orders.o_orderpriority"], "Plans": [{"Node Type": "Gather Merge", "Parent Relationship": "Outer", "Parallel Aware": false, "Startup Cost": 1774340.66, "Total Cost": 1774524.28, "Plan Rows": 15, "Plan Width": 24, "Workers Planned": 3, "Plans": [{"Node Type": "Aggregate", "Strategy": "Sorted", "Partial Mode": "Partial", "Parent Relationship": "Outer", "Parallel Aware": false, "Startup Cost": 1773340.62, "Total Cost": 1773522.48, "Plan Rows": 5, "Plan Width": 24, "Group Key": ["orders.o_orderpriority"], "Plans": [{"Node Type": "Sort", "Parent Relationship": "Outer", "Parallel Aware": false, "Startup Cost": 1773340.62, "Total Cost": 1773401.22, "Plan Rows": 24242, "Plan Width": 16, "Sort Key": ["orders.o_orderpriority"], "Plans": [{"Node Type": "Hash Join", "Parent Relationship": "Outer", "Parallel Aware": true, "Join Type": "Semi", "Startup Cost": 1479785.64, "Total Cost": 1771575.17, "Plan Rows": 24242, "Plan Width": 16, "Inner Unique": false, "Hash Cond": "(orders.o_orderkey = lineitem.l_orderkey)", "Plans": [{"Node Type": "Bitmap Heap Scan", "Parent Relationship": "Outer", "Parallel Aware": true, "Relation Name": "orders", "Alias": "orders", "Startup Cost": 7543.46, "Total Cost": 271205.7, "Plan Rows": 183349, "Plan Width": 20, "Recheck Cond": "((o_orderdate >= '1994-09-01'::date) AND (o_orderdate < '1994-12-01 00:00:00'::timestamp without time zone))", "Plans": [{"Node Type": "Bitmap Index Scan", "Parent Relationship": "Outer", "Parallel Aware": false, "Index Name": "idx_orders_orderdate", "Startup Cost": 0.0, "Total Cost": 7401.37, "Plan Rows": 568383, "Plan Width": 0, "Index Cond": "((o_orderdate >= '1994-09-01'::date) AND (o_orderdate < '1994-12-01 00:00:00'::timestamp without time zone))"}]}, {"Node Type": "Hash", "Parent Relationship": "Inner", "Parallel Aware": true, "Startup Cost": 1366420.13, "Total Cost": 1366420.13, "Plan Rows": 6450084, "Plan Width": 4, "Plans": [{"Node Type": "Seq Scan", "Parent Relationship": "Outer", "Parallel Aware": true, "Relation Name": "lineitem", "Alias": "lineitem", "Startup Cost": 0.0, "Total Cost": 1366420.13, "Plan Rows": 6450084, "Plan Width": 4, "Filter": "(l_commitdate < l_receiptdate)"}]}]}]}]}]}]}]}}, {"Plan": {"Node Type": "Limit", "Parallel Aware": false, "Startup Cost": 10001082424.6, "Total Cost": 10001082537.34, "Plan Rows": 1, "Plan Width": 24, "Plans": [{"Node Type": "Aggregate", "Strategy": "Sorted", "Partial Mode": "Simple", "Parent Relationship": "Outer", "Parallel Aware": false, "Startup Cost": 10001082424.6, "Total Cost": 10001082988.29, "Plan Rows": 5, "Plan Width": 24, "Group Key": ["orders.o_orderpriority"], "Plans": [{"Node Type": "Sort", "Parent Relationship": "Outer", "Parallel Aware": false, "Startup Cost": 10001082424.6, "Total Cost": 10001082612.48, "Plan Rows": 75151, "Plan Width": 16, "Sort Key": ["orders.o_orderpriority"], "Plans": [{"Node Type": "Nested Loop", "Parent Relationship": "Outer", "Parallel Aware": false, "Join Type": "Semi", "Startup Cost": 10000007544.57, "Total Cost": 10001076338.31, "Plan Rows": 75151, "Plan Width": 16, "Inner Unique": false, "Plans": [{"Node Type": "Bitmap Heap Scan", "Parent Relationship": "Outer", "Parallel Aware": false, "Relation Name": "orders", "Alias": "orders", "Startup Cost": 7543.46, "Total Cost": 276981.21, "Plan Rows": 568383, "Plan Width": 20, "Recheck Cond": "((o_orderdate >= '1994-09-01'::date) AND (o_orderdate < '1994-12-01 00:00:00'::timestamp without time zone))", "Plans": [{"Node Type": "Bitmap Index Scan", "Parent Relationship": "Outer", "Parallel Aware": false, "Index Name": "idx_orders_orderdate", "Startup Cost": 0.0, "Total Cost": 7401.37, "Plan Rows": 568383, "Plan Width": 0, "Index Cond": "((o_orderdate >= '1994-09-01'::date) AND (o_orderdate < '1994-12-01 00:00:00'::timestamp without time zone))"}]}, {"Node Type": "Bitmap Heap Scan", "Parent Relationship": "Inner", "Parallel Aware": false, "Relation Name": "lineitem", "Alias": "lineitem", "Startup Cost": 1.11, "Total Cost": 3.76, "Plan Rows": 10, "Plan Width": 4, "Recheck Cond": "(l_orderkey = orders.o_orderkey)", "Filter": "(l_commitdate < l_receiptdate)", "Plans": [{"Node Type": "Bitmap Index Scan", "Parent Relationship": "Outer", "Parallel Aware": false, "Index Name": "lineitem_pkey", "Startup Cost": 0.0, "Total Cost": 1.11, "Plan Rows": 30, "Plan Width": 0, "Index Cond": "(l_orderkey = orders.o_orderkey)"}]}]}]}]}]}}, {"Plan": {"Node Type": "Limit", "Parallel Aware": false, "Startup Cost": 531827.77, "Total Cost": 531864.52, "Plan Rows": 1, "Plan Width": 24, "Plans": [{"Node Type": "Aggregate", "Strategy": "Sorted", "Partial Mode": "Finalize", "Parent Relationship": "Outer", "Parallel Aware": false, "Startup Cost": 531827.77, "Total Cost": 532011.53, "Plan Rows": 5, "Plan Width": 24, "Group Key": ["orders.o_orderpriority"], "Plans": [{"Node Type": "Gather Merge", "Parent Relationship": "Outer", "Parallel Aware": false, "Startup Cost": 531827.77, "Total Cost": 532011.4, "Plan Rows": 15, "Plan Width": 24, "Workers Planned": 3, "Plans": [{"Node Type": "Aggregate", "Strategy": "Sorted", "Partial Mode": "Partial", "Parent Relationship": "Outer", "Parallel Aware": false, "Startup Cost": 530827.73, "Total Cost": 531009.6, "Plan Rows": 5, "Plan Width": 24, "Group Key": ["orders.o_orderpriority"], "Plans": [{"Node Type": "Sort", "Parent Relationship": "Outer", "Parallel Aware": false, "Startup Cost": 530827.73, "Total Cost": 530888.34, "Plan Rows": 24242, "Plan Width": 16, "Sort Key": ["orders.o_orderpriority"], "Plans": [{"Node Type": "Nested Loop", "Parent Relationship": "Outer", "Parallel Aware": false, "Join Type": "Semi", "Startup Cost": 7544.57, "Total Cost": 529062.28, "Plan Rows": 24242, "Plan Width": 16, "Inner Unique": false, "Plans": [{"Node Type": "Bitmap Heap Scan", "Parent Relationship": "Outer", "Parallel Aware": true, "Relation Name": "orders", "Alias": "orders", "Startup Cost": 7543.46, "Total Cost": 271205.7, "Plan Rows": 183349, "Plan Width": 20, "Recheck Cond": "((o_orderdate >= '1994-09-01'::date) AND (o_orderdate < '1994-12-01 00:00:00'::timestamp without time zone))", "Plans": [{"Node Type": "Bitmap Index Scan", "Parent Relationship": "Outer", "Parallel Aware": false, "Index Name": "idx_orders_orderdate", "Startup Cost": 0.0, "Total Cost": 7401.37, "Plan Rows": 568383, "Plan Width": 0, "Index Cond": "((o_orderdate >= '1994-09-01'::date) AND (o_orderdate < '1994-12-01 00:00:00'::timestamp without time zone))"}]}, {"Node Type": "Bitmap Heap Scan", "Parent Relationship": "Inner", "Parallel Aware": false, "Relation Name": "lineitem", "Alias": "lineitem", "Startup Cost": 1.11, "Total Cost": 3.76, "Plan Rows": 10, "Plan Width": 4, "Recheck Cond": "(l_orderkey = orders.o_orderkey)", "Filter": "(l_commitdate < l_receiptdate)", "Plans": [{"Node Type": "Bitmap Index Scan", "Parent Relationship": "Outer", "Parallel Aware": false, "Index Name": "lineitem_pkey", "Startup Cost": 0.0, "Total Cost": 1.11, "Plan Rows": 30, "Plan Width": 0, "Index Cond": "(l_orderkey = orders.o_orderkey)"}]}]}]}]}]}]}]}}, {"Plan": {"Node Type": "Limit", "Parallel Aware": false, "Startup Cost": 531827.77, "Total Cost": 531864.52, "Plan Rows": 1, "Plan Width": 24, "Plans": [{"Node Type": "Aggregate", "Strategy": "Sorted", "Partial Mode": "Finalize", "Parent Relationship": "Outer", "Parallel Aware": false, "Startup Cost": 531827.77, "Total Cost": 532011.53, "Plan Rows": 5, "Plan Width": 24, "Group Key": ["orders.o_orderpriority"], "Plans": [{"Node Type": "Gather Merge", "Parent Relationship": "Outer", "Parallel Aware": false, "Startup Cost": 531827.77, "Total Cost": 532011.4, "Plan Rows": 15, "Plan Width": 24, "Workers Planned": 3, "Plans": [{"Node Type": "Aggregate", "Strategy": "Sorted", "Partial Mode": "Partial", "Parent Relationship": "Outer", "Parallel Aware": false, "Startup Cost": 530827.73, "Total Cost": 531009.6, "Plan Rows": 5, "Plan Width": 24, "Group Key": ["orders.o_orderpriority"], "Plans": [{"Node Type": "Sort", "Parent Relationship": "Outer", "Parallel Aware": false, "Startup Cost": 530827.73, "Total Cost": 530888.34, "Plan Rows": 24242, "Plan Width": 16, "Sort Key": ["orders.o_orderpriority"], "Plans": [{"Node Type": "Nested Loop", "Parent Relationship": "Outer", "Parallel Aware": false, "Join Type": "Semi", "Startup Cost": 7544.57, "Total Cost": 529062.28, "Plan Rows": 24242, "Plan Width": 16, "Inner Unique": false, "Plans": [{"Node Type": "Bitmap Heap Scan", "Parent Relationship": "Outer", "Parallel Aware": true, "Relation Name": "orders", "Alias": "orders", "Startup Cost": 7543.46, "Total Cost": 271205.7, "Plan Rows": 183349, "Plan Width": 20, "Recheck Cond": "((o_orderdate >= '1994-09-01'::date) AND (o_orderdate < '1994-12-01 00:00:00'::timestamp without time zone))", "Plans": [{"Node Type": "Bitmap Index Scan", "Parent Relationship": "Outer", "Parallel Aware": false, "Index Name": "idx_orders_orderdate", "Startup Cost": 0.0, "Total Cost": 7401.37, "Plan Rows": 568383, "Plan Width": 0, "Index Cond": "((o_orderdate >= '1994-09-01'::date) AND (o_orderdate < '1994-12-01 00:00:00'::timestamp without time zone))"}]}, {"Node Type": "Bitmap Heap Scan", "Parent Relationship": "Inner", "Parallel Aware": false, "Relation Name": "lineitem", "Alias": "lineitem", "Startup Cost": 1.11, "Total Cost": 3.76, "Plan Rows": 10, "Plan Width": 4, "Recheck Cond": "(l_orderkey = orders.o_orderkey)", "Filter": "(l_commitdate < l_receiptdate)", "Plans": [{"Node Type": "Bitmap Index Scan", "Parent Relationship": "Outer", "Parallel Aware": false, "Index Name": "lineitem_pkey", "Startup Cost": 0.0, "Total Cost": 1.11, "Plan Rows": 30, "Plan Width": 0, "Index Cond": "(l_orderkey = orders.o_orderkey)"}]}]}]}]}]}]}]}}, {"Plan": {"Node Type": "Limit", "Parallel Aware": false, "Startup Cost": 1774340.66, "Total Cost": 1774377.41, "Plan Rows": 1, "Plan Width": 24, "Plans": [{"Node Type": "Aggregate", "Strategy": "Sorted", "Partial Mode": "Finalize", "Parent Relationship": "Outer", "Parallel Aware": false, "Startup Cost": 1774340.66, "Total Cost": 1774524.41, "Plan Rows": 5, "Plan Width": 24, "Group Key": ["orders.o_orderpriority"], "Plans": [{"Node Type": "Gather Merge", "Parent Relationship": "Outer", "Parallel Aware": false, "Startup Cost": 1774340.66, "Total Cost": 1774524.28, "Plan Rows": 15, "Plan Width": 24, "Workers Planned": 3, "Plans": [{"Node Type": "Aggregate", "Strategy": "Sorted", "Partial Mode": "Partial", "Parent Relationship": "Outer", "Parallel Aware": false, "Startup Cost": 1773340.62, "Total Cost": 1773522.48, "Plan Rows": 5, "Plan Width": 24, "Group Key": ["orders.o_orderpriority"], "Plans": [{"Node Type": "Sort", "Parent Relationship": "Outer", "Parallel Aware": false, "Startup Cost": 1773340.62, "Total Cost": 1773401.22, "Plan Rows": 24242, "Plan Width": 16, "Sort Key": ["orders.o_orderpriority"], "Plans": [{"Node Type": "Hash Join", "Parent Relationship": "Outer", "Parallel Aware": true, "Join Type": "Semi", "Startup Cost": 1479785.64, "Total Cost": 1771575.17, "Plan Rows": 24242, "Plan Width": 16, "Inner Unique": false, "Hash Cond": "(orders.o_orderkey = lineitem.l_orderkey)", "Plans": [{"Node Type": "Bitmap Heap Scan", "Parent Relationship": "Outer", "Parallel Aware": true, "Relation Name": "orders", "Alias": "orders", "Startup Cost": 7543.46, "Total Cost": 271205.7, "Plan Rows": 183349, "Plan Width": 20, "Recheck Cond": "((o_orderdate >= '1994-09-01'::date) AND (o_orderdate < '1994-12-01 00:00:00'::timestamp without time zone))", "Plans": [{"Node Type": "Bitmap Index Scan", "Parent Relationship": "Outer", "Parallel Aware": false, "Index Name": "idx_orders_orderdate", "Startup Cost": 0.0, "Total Cost": 7401.37, "Plan Rows": 568383, "Plan Width": 0, "Index Cond": "((o_orderdate >= '1994-09-01'::date) AND (o_orderdate < '1994-12-01 00:00:00'::timestamp without time zone))"}]}, {"Node Type": "Hash", "Parent Relationship": "Inner", "Parallel Aware": true, "Startup Cost": 1366420.13, "Total Cost": 1366420.13, "Plan Rows": 6450084, "Plan Width": 4, "Plans": [{"Node Type": "Seq Scan", "Parent Relationship": "Outer", "Parallel Aware": true, "Relation Name": "lineitem", "Alias": "lineitem", "Startup Cost": 0.0, "Total Cost": 1366420.13, "Plan Rows": 6450084, "Plan Width": 4, "Filter": "(l_commitdate < l_receiptdate)"}]}]}]}]}]}]}]}}, {"Plan": {"Node Type": "Limit", "Parallel Aware": false, "Startup Cost": 531827.77, "Total Cost": 531864.52, "Plan Rows": 1, "Plan Width": 24, "Plans": [{"Node Type": "Aggregate", "Strategy": "Sorted", "Partial Mode": "Finalize", "Parent Relationship": "Outer", "Parallel Aware": false, "Startup Cost": 531827.77, "Total Cost": 532011.53, "Plan Rows": 5, "Plan Width": 24, "Group Key": ["orders.o_orderpriority"], "Plans": [{"Node Type": "Gather Merge", "Parent Relationship": "Outer", "Parallel Aware": false, "Startup Cost": 531827.77, "Total Cost": 532011.4, "Plan Rows": 15, "Plan Width": 24, "Workers Planned": 3, "Plans": [{"Node Type": "Aggregate", "Strategy": "Sorted", "Partial Mode": "Partial", "Parent Relationship": "Outer", "Parallel Aware": false, "Startup Cost": 530827.73, "Total Cost": 531009.6, "Plan Rows": 5, "Plan Width": 24, "Group Key": ["orders.o_orderpriority"], "Plans": [{"Node Type": "Sort", "Parent Relationship": "Outer", "Parallel Aware": false, "Startup Cost": 530827.73, "Total Cost": 530888.34, "Plan Rows": 24242, "Plan Width": 16, "Sort Key": ["orders.o_orderpriority"], "Plans": [{"Node Type": "Nested Loop", "Parent Relationship": "Outer", "Parallel Aware": false, "Join Type": "Semi", "Startup Cost": 7544.57, "Total Cost": 529062.28, "Plan Rows": 24242, "Plan Width": 16, "Inner Unique": false, "Plans": [{"Node Type": "Bitmap Heap Scan", "Parent Relationship": "Outer", "Parallel Aware": true, "Relation Name": "orders", "Alias": "orders", "Startup Cost": 7543.46, "Total Cost": 271205.7, "Plan Rows": 183349, "Plan Width": 20, "Recheck Cond": "((o_orderdate >= '1994-09-01'::date) AND (o_orderdate < '1994-12-01 00:00:00'::timestamp without time zone))", "Plans": [{"Node Type": "Bitmap Index Scan", "Parent Relationship": "Outer", "Parallel Aware": false, "Index Name": "idx_orders_orderdate", "Startup Cost": 0.0, "Total Cost": 7401.37, "Plan Rows": 568383, "Plan Width": 0, "Index Cond": "((o_orderdate >= '1994-09-01'::date) AND (o_orderdate < '1994-12-01 00:00:00'::timestamp without time zone))"}]}, {"Node Type": "Bitmap Heap Scan", "Parent Relationship": "Inner", "Parallel Aware": false, "Relation Name": "lineitem", "Alias": "lineitem", "Startup Cost": 1.11, "Total Cost": 3.76, "Plan Rows": 10, "Plan Width": 4, "Recheck Cond": "(l_orderkey = orders.o_orderkey)", "Filter": "(l_commitdate < l_receiptdate)", "Plans": [{"Node Type": "Bitmap Index Scan", "Parent Relationship": "Outer", "Parallel Aware": false, "Index Name": "lineitem_pkey", "Startup Cost": 0.0, "Total Cost": 1.11, "Plan Rows": 30, "Plan Width": 0, "Index Cond": "(l_orderkey = orders.o_orderkey)"}]}]}]}]}]}]}]}}, {"Plan": {"Node Type": "Limit", "Parallel Aware": false, "Startup Cost": 531827.77, "Total Cost": 531864.52, "Plan Rows": 1, "Plan Width": 24, "Plans": [{"Node Type": "Aggregate", "Strategy": "Sorted", "Partial Mode": "Finalize", "Parent Relationship": "Outer", "Parallel Aware": false, "Startup Cost": 531827.77, "Total Cost": 532011.53, "Plan Rows": 5, "Plan Width": 24, "Group Key": ["orders.o_orderpriority"], "Plans": [{"Node Type": "Gather Merge", "Parent Relationship": "Outer", "Parallel Aware": false, "Startup Cost": 531827.77, "Total Cost": 532011.4, "Plan Rows": 15, "Plan Width": 24, "Workers Planned": 3, "Plans": [{"Node Type": "Aggregate", "Strategy": "Sorted", "Partial Mode": "Partial", "Parent Relationship": "Outer", "Parallel Aware": false, "Startup Cost": 530827.73, "Total Cost": 531009.6, "Plan Rows": 5, "Plan Width": 24, "Group Key": ["orders.o_orderpriority"], "Plans": [{"Node Type": "Sort", "Parent Relationship": "Outer", "Parallel Aware": false, "Startup Cost": 530827.73, "Total Cost": 530888.34, "Plan Rows": 24242, "Plan Width": 16, "Sort Key": ["orders.o_orderpriority"], "Plans": [{"Node Type": "Nested Loop", "Parent Relationship": "Outer", "Parallel Aware": false, "Join Type": "Semi", "Startup Cost": 7544.57, "Total Cost": 529062.28, "Plan Rows": 24242, "Plan Width": 16, "Inner Unique": false, "Plans": [{"Node Type": "Bitmap Heap Scan", "Parent Relationship": "Outer", "Parallel Aware": true, "Relation Name": "orders", "Alias": "orders", "Startup Cost": 7543.46, "Total Cost": 271205.7, "Plan Rows": 183349, "Plan Width": 20, "Recheck Cond": "((o_orderdate >= '1994-09-01'::date) AND (o_orderdate < '1994-12-01 00:00:00'::timestamp without time zone))", "Plans": [{"Node Type": "Bitmap Index Scan", "Parent Relationship": "Outer", "Parallel Aware": false, "Index Name": "idx_orders_orderdate", "Startup Cost": 0.0, "Total Cost": 7401.37, "Plan Rows": 568383, "Plan Width": 0, "Index Cond": "((o_orderdate >= '1994-09-01'::date) AND (o_orderdate < '1994-12-01 00:00:00'::timestamp without time zone))"}]}, {"Node Type": "Bitmap Heap Scan", "Parent Relationship": "Inner", "Parallel Aware": false, "Relation Name": "lineitem", "Alias": "lineitem", "Startup Cost": 1.11, "Total Cost": 3.76, "Plan Rows": 10, "Plan Width": 4, "Recheck Cond": "(l_orderkey = orders.o_orderkey)", "Filter": "(l_commitdate < l_receiptdate)", "Plans": [{"Node Type": "Bitmap Index Scan", "Parent Relationship": "Outer", "Parallel Aware": false, "Index Name": "lineitem_pkey", "Startup Cost": 0.0, "Total Cost": 1.11, "Plan Rows": 30, "Plan Width": 0, "Index Cond": "(l_orderkey = orders.o_orderkey)"}]}]}]}]}]}]}]}}, {"Plan": {"Node Type": "Limit", "Parallel Aware": false, "Startup Cost": 1774340.66, "Total Cost": 1774377.41, "Plan Rows": 1, "Plan Width": 24, "Plans": [{"Node Type": "Aggregate", "Strategy": "Sorted", "Partial Mode": "Finalize", "Parent Relationship": "Outer", "Parallel Aware": false, "Startup Cost": 1774340.66, "Total Cost": 1774524.41, "Plan Rows": 5, "Plan Width": 24, "Group Key": ["orders.o_orderpriority"], "Plans": [{"Node Type": "Gather Merge", "Parent Relationship": "Outer", "Parallel Aware": false, "Startup Cost": 1774340.66, "Total Cost": 1774524.28, "Plan Rows": 15, "Plan Width": 24, "Workers Planned": 3, "Plans": [{"Node Type": "Aggregate", "Strategy": "Sorted", "Partial Mode": "Partial", "Parent Relationship": "Outer", "Parallel Aware": false, "Startup Cost": 1773340.62, "Total Cost": 1773522.48, "Plan Rows": 5, "Plan Width": 24, "Group Key": ["orders.o_orderpriority"], "Plans": [{"Node Type": "Sort", "Parent Relationship": "Outer", "Parallel Aware": false, "Startup Cost": 1773340.62, "Total Cost": 1773401.22, "Plan Rows": 24242, "Plan Width": 16, "Sort Key": ["orders.o_orderpriority"], "Plans": [{"Node Type": "Hash Join", "Parent Relationship": "Outer", "Parallel Aware": true, "Join Type": "Semi", "Startup Cost": 1479785.64, "Total Cost": 1771575.17, "Plan Rows": 24242, "Plan Width": 16, "Inner Unique": false, "Hash Cond": "(orders.o_orderkey = lineitem.l_orderkey)", "Plans": [{"Node Type": "Bitmap Heap Scan", "Parent Relationship": "Outer", "Parallel Aware": true, "Relation Name": "orders", "Alias": "orders", "Startup Cost": 7543.46, "Total Cost": 271205.7, "Plan Rows": 183349, "Plan Width": 20, "Recheck Cond": "((o_orderdate >= '1994-09-01'::date) AND (o_orderdate < '1994-12-01 00:00:00'::timestamp without time zone))", "Plans": [{"Node Type": "Bitmap Index Scan", "Parent Relationship": "Outer", "Parallel Aware": false, "Index Name": "idx_orders_orderdate", "Startup Cost": 0.0, "Total Cost": 7401.37, "Plan Rows": 568383, "Plan Width": 0, "Index Cond": "((o_orderdate >= '1994-09-01'::date) AND (o_orderdate < '1994-12-01 00:00:00'::timestamp without time zone))"}]}, {"Node Type": "Hash", "Parent Relationship": "Inner", "Parallel Aware": true, "Startup Cost": 1366420.13, "Total Cost": 1366420.13, "Plan Rows": 6450084, "Plan Width": 4, "Plans": [{"Node Type": "Seq Scan", "Parent Relationship": "Outer", "Parallel Aware": true, "Relation Name": "lineitem", "Alias": "lineitem", "Startup Cost": 0.0, "Total Cost": 1366420.13, "Plan Rows": 6450084, "Plan Width": 4, "Filter": "(l_commitdate < l_receiptdate)"}]}]}]}]}]}]}]}}, {"Plan": {"Node Type": "Limit", "Parallel Aware": false, "Startup Cost": 2255388.5, "Total Cost": 2255425.25, "Plan Rows": 1, "Plan Width": 24, "Plans": [{"Node Type": "Aggregate", "Strategy": "Sorted", "Partial Mode": "Finalize", "Parent Relationship": "Outer", "Parallel Aware": false, "Startup Cost": 2255388.5, "Total Cost": 2255572.25, "Plan Rows": 5, "Plan Width": 24, "Group Key": ["orders.o_orderpriority"], "Plans": [{"Node Type": "Gather Merge", "Parent Relationship": "Outer", "Parallel Aware": false, "Startup Cost": 2255388.5, "Total Cost": 2255572.13, "Plan Rows": 15, "Plan Width": 24, "Workers Planned": 3, "Plans": [{"Node Type": "Aggregate", "Strategy": "Sorted", "Partial Mode": "Partial", "Parent Relationship": "Outer", "Parallel Aware": false, "Startup Cost": 2254388.46, "Total Cost": 2254570.33, "Plan Rows": 5, "Plan Width": 24, "Group Key": ["orders.o_orderpriority"], "Plans": [{"Node Type": "Sort", "Parent Relationship": "Outer", "Parallel Aware": false, "Startup Cost": 2254388.46, "Total Cost": 2254449.07, "Plan Rows": 24242, "Plan Width": 16, "Sort Key": ["orders.o_orderpriority"], "Plans": [{"Node Type": "Hash Join", "Parent Relationship": "Outer", "Parallel Aware": true, "Join Type": "Semi", "Startup Cost": 1960833.48, "Total Cost": 2252623.01, "Plan Rows": 24242, "Plan Width": 16, "Inner Unique": false, "Hash Cond": "(orders.o_orderkey = lineitem.l_orderkey)", "Plans": [{"Node Type": "Bitmap Heap Scan", "Parent Relationship": "Outer", "Parallel Aware": true, "Relation Name": "orders", "Alias": "orders", "Startup Cost": 7543.46, "Total Cost": 271205.7, "Plan Rows": 183349, "Plan Width": 20, "Recheck Cond": "((o_orderdate >= '1994-09-01'::date) AND (o_orderdate < '1994-12-01 00:00:00'::timestamp without time zone))", "Plans": [{"Node Type": "Bitmap Index Scan", "Parent Relationship": "Outer", "Parallel Aware": false, "Index Name": "idx_orders_orderdate", "Startup Cost": 0.0, "Total Cost": 7401.37, "Plan Rows": 568383, "Plan Width": 0, "Index Cond": "((o_orderdate >= '1994-09-01'::date) AND (o_orderdate < '1994-12-01 00:00:00'::timestamp without time zone))"}]}, {"Node Type": "Hash", "Parent Relationship": "Inner", "Parallel Aware": true, "Startup Cost": 1847467.97, "Total Cost": 1847467.97, "Plan Rows": 6450084, "Plan Width": 4, "Plans": [{"Node Type": "Index Scan", "Parent Relationship": "Outer", "Parallel Aware": true, "Scan Direction": "Forward", "Index Name": "idx_lineitem_orderkey", "Relation Name": "lineitem", "Alias": "lineitem", "Startup Cost": 0.56, "Total Cost": 1847467.97, "Plan Rows": 6450084, "Plan Width": 4, "Filter": "(l_commitdate < l_receiptdate)"}]}]}]}]}]}]}]}}, {"Plan": {"Node Type": "Limit", "Parallel Aware": false, "Startup Cost": 2255388.5, "Total Cost": 2255425.25, "Plan Rows": 1, "Plan Width": 24, "Plans": [{"Node Type": "Aggregate", "Strategy": "Sorted", "Partial Mode": "Finalize", "Parent Relationship": "Outer", "Parallel Aware": false, "Startup Cost": 2255388.5, "Total Cost": 2255572.25, "Plan Rows": 5, "Plan Width": 24, "Group Key": ["orders.o_orderpriority"], "Plans": [{"Node Type": "Gather Merge", "Parent Relationship": "Outer", "Parallel Aware": false, "Startup Cost": 2255388.5, "Total Cost": 2255572.13, "Plan Rows": 15, "Plan Width": 24, "Workers Planned": 3, "Plans": [{"Node Type": "Aggregate", "Strategy": "Sorted", "Partial Mode": "Partial", "Parent Relationship": "Outer", "Parallel Aware": false, "Startup Cost": 2254388.46, "Total Cost": 2254570.33, "Plan Rows": 5, "Plan Width": 24, "Group Key": ["orders.o_orderpriority"], "Plans": [{"Node Type": "Sort", "Parent Relationship": "Outer", "Parallel Aware": false, "Startup Cost": 2254388.46, "Total Cost": 2254449.07, "Plan Rows": 24242, "Plan Width": 16, "Sort Key": ["orders.o_orderpriority"], "Plans": [{"Node Type": "Hash Join", "Parent Relationship": "Outer", "Parallel Aware": true, "Join Type": "Semi", "Startup Cost": 1960833.48, "Total Cost": 2252623.01, "Plan Rows": 24242, "Plan Width": 16, "Inner Unique": false, "Hash Cond": "(orders.o_orderkey = lineitem.l_orderkey)", "Plans": [{"Node Type": "Bitmap Heap Scan", "Parent Relationship": "Outer", "Parallel Aware": true, "Relation Name": "orders", "Alias": "orders", "Startup Cost": 7543.46, "Total Cost": 271205.7, "Plan Rows": 183349, "Plan Width": 20, "Recheck Cond": "((o_orderdate >= '1994-09-01'::date) AND (o_orderdate < '1994-12-01 00:00:00'::timestamp without time zone))", "Plans": [{"Node Type": "Bitmap Index Scan", "Parent Relationship": "Outer", "Parallel Aware": false, "Index Name": "idx_orders_orderdate", "Startup Cost": 0.0, "Total Cost": 7401.37, "Plan Rows": 568383, "Plan Width": 0, "Index Cond": "((o_orderdate >= '1994-09-01'::date) AND (o_orderdate < '1994-12-01 00:00:00'::timestamp without time zone))"}]}, {"Node Type": "Hash", "Parent Relationship": "Inner", "Parallel Aware": true, "Startup Cost": 1847467.97, "Total Cost": 1847467.97, "Plan Rows": 6450084, "Plan Width": 4, "Plans": [{"Node Type": "Index Scan", "Parent Relationship": "Outer", "Parallel Aware": true, "Scan Direction": "Forward", "Index Name": "idx_lineitem_orderkey", "Relation Name": "lineitem", "Alias": "lineitem", "Startup Cost": 0.56, "Total Cost": 1847467.97, "Plan Rows": 6450084, "Plan Width": 4, "Filter": "(l_commitdate < l_receiptdate)"}]}]}]}]}]}]}]}}, {"Plan": {"Node Type": "Limit", "Parallel Aware": false, "Startup Cost": 414448.82, "Total Cost": 414485.57, "Plan Rows": 1, "Plan Width": 24, "Plans": [{"Node Type": "Aggregate", "Strategy": "Sorted", "Partial Mode": "Finalize", "Parent Relationship": "Outer", "Parallel Aware": false, "Startup Cost": 414448.82, "Total Cost": 414632.58, "Plan Rows": 5, "Plan Width": 24, "Group Key": ["orders.o_orderpriority"], "Plans": [{"Node Type": "Gather Merge", "Parent Relationship": "Outer", "Parallel Aware": false, "Startup Cost": 414448.82, "Total Cost": 414632.45, "Plan Rows": 15, "Plan Width": 24, "Workers Planned": 3, "Plans": [{"Node Type": "Aggregate", "Strategy": "Sorted", "Partial Mode": "Partial", "Parent Relationship": "Outer", "Parallel Aware": false, "Startup Cost": 413448.78, "Total Cost": 413630.65, "Plan Rows": 5, "Plan Width": 24, "Group Key": ["orders.o_orderpriority"], "Plans": [{"Node Type": "Sort", "Parent Relationship": "Outer", "Parallel Aware": false, "Startup Cost": 413448.78, "Total Cost": 413509.39, "Plan Rows": 24242, "Plan Width": 16, "Sort Key": ["orders.o_orderpriority"], "Plans": [{"Node Type": "Nested Loop", "Parent Relationship": "Outer", "Parallel Aware": false, "Join Type": "Semi", "Startup Cost": 7544.03, "Total Cost": 411683.33, "Plan Rows": 24242, "Plan Width": 16, "Inner Unique": false, "Plans": [{"Node Type": "Bitmap Heap Scan", "Parent Relationship": "Outer", "Parallel Aware": true, "Relation Name": "orders", "Alias": "orders", "Startup Cost": 7543.46, "Total Cost": 271205.7, "Plan Rows": 183349, "Plan Width": 20, "Recheck Cond": "((o_orderdate >= '1994-09-01'::date) AND (o_orderdate < '1994-12-01 00:00:00'::timestamp without time zone))", "Plans": [{"Node Type": "Bitmap Index Scan", "Parent Relationship": "Outer", "Parallel Aware": false, "Index Name": "idx_orders_orderdate", "Startup Cost": 0.0, "Total Cost": 7401.37, "Plan Rows": 568383, "Plan Width": 0, "Index Cond": "((o_orderdate >= '1994-09-01'::date) AND (o_orderdate < '1994-12-01 00:00:00'::timestamp without time zone))"}]}, {"Node Type": "Index Scan", "Parent Relationship": "Inner", "Parallel Aware": false, "Scan Direction": "Forward", "Index Name": "idx_lineitem_orderkey", "Relation Name": "lineitem", "Alias": "lineitem", "Startup Cost": 0.56, "Total Cost": 2.36, "Plan Rows": 10, "Plan Width": 4, "Index Cond": "(l_orderkey = orders.o_orderkey)", "Filter": "(l_commitdate < l_receiptdate)"}]}]}]}]}]}]}}, {"Plan": {"Node Type": "Limit", "Parallel Aware": false, "Startup Cost": 414448.82, "Total Cost": 414485.57, "Plan Rows": 1, "Plan Width": 24, "Plans": [{"Node Type": "Aggregate", "Strategy": "Sorted", "Partial Mode": "Finalize", "Parent Relationship": "Outer", "Parallel Aware": false, "Startup Cost": 414448.82, "Total Cost": 414632.58, "Plan Rows": 5, "Plan Width": 24, "Group Key": ["orders.o_orderpriority"], "Plans": [{"Node Type": "Gather Merge", "Parent Relationship": "Outer", "Parallel Aware": false, "Startup Cost": 414448.82, "Total Cost": 414632.45, "Plan Rows": 15, "Plan Width": 24, "Workers Planned": 3, "Plans": [{"Node Type": "Aggregate", "Strategy": "Sorted", "Partial Mode": "Partial", "Parent Relationship": "Outer", "Parallel Aware": false, "Startup Cost": 413448.78, "Total Cost": 413630.65, "Plan Rows": 5, "Plan Width": 24, "Group Key": ["orders.o_orderpriority"], "Plans": [{"Node Type": "Sort", "Parent Relationship": "Outer", "Parallel Aware": false, "Startup Cost": 413448.78, "Total Cost": 413509.39, "Plan Rows": 24242, "Plan Width": 16, "Sort Key": ["orders.o_orderpriority"], "Plans": [{"Node Type": "Nested Loop", "Parent Relationship": "Outer", "Parallel Aware": false, "Join Type": "Semi", "Startup Cost": 7544.03, "Total Cost": 411683.33, "Plan Rows": 24242, "Plan Width": 16, "Inner Unique": false, "Plans": [{"Node Type": "Bitmap Heap Scan", "Parent Relationship": "Outer", "Parallel Aware": true, "Relation Name": "orders", "Alias": "orders", "Startup Cost": 7543.46, "Total Cost": 271205.7, "Plan Rows": 183349, "Plan Width": 20, "Recheck Cond": "((o_orderdate >= '1994-09-01'::date) AND (o_orderdate < '1994-12-01 00:00:00'::timestamp without time zone))", "Plans": [{"Node Type": "Bitmap Index Scan", "Parent Relationship": "Outer", "Parallel Aware": false, "Index Name": "idx_orders_orderdate", "Startup Cost": 0.0, "Total Cost": 7401.37, "Plan Rows": 568383, "Plan Width": 0, "Index Cond": "((o_orderdate >= '1994-09-01'::date) AND (o_orderdate < '1994-12-01 00:00:00'::timestamp without time zone))"}]}, {"Node Type": "Index Scan", "Parent Relationship": "Inner", "Parallel Aware": false, "Scan Direction": "Forward", "Index Name": "idx_lineitem_orderkey", "Relation Name": "lineitem", "Alias": "lineitem", "Startup Cost": 0.56, "Total Cost": 2.36, "Plan Rows": 10, "Plan Width": 4, "Index Cond": "(l_orderkey = orders.o_orderkey)", "Filter": "(l_commitdate < l_receiptdate)"}]}]}]}]}]}]}}, {"Plan": {"Node Type": "Limit", "Parallel Aware": false, "Startup Cost": 1774340.66, "Total Cost": 1774377.41, "Plan Rows": 1, "Plan Width": 24, "Plans": [{"Node Type": "Aggregate", "Strategy": "Sorted", "Partial Mode": "Finalize", "Parent Relationship": "Outer", "Parallel Aware": false, "Startup Cost": 1774340.66, "Total Cost": 1774524.41, "Plan Rows": 5, "Plan Width": 24, "Group Key": ["orders.o_orderpriority"], "Plans": [{"Node Type": "Gather Merge", "Parent Relationship": "Outer", "Parallel Aware": false, "Startup Cost": 1774340.66, "Total Cost": 1774524.28, "Plan Rows": 15, "Plan Width": 24, "Workers Planned": 3, "Plans": [{"Node Type": "Aggregate", "Strategy": "Sorted", "Partial Mode": "Partial", "Parent Relationship": "Outer", "Parallel Aware": false, "Startup Cost": 1773340.62, "Total Cost": 1773522.48, "Plan Rows": 5, "Plan Width": 24, "Group Key": ["orders.o_orderpriority"], "Plans": [{"Node Type": "Sort", "Parent Relationship": "Outer", "Parallel Aware": false, "Startup Cost": 1773340.62, "Total Cost": 1773401.22, "Plan Rows": 24242, "Plan Width": 16, "Sort Key": ["orders.o_orderpriority"], "Plans": [{"Node Type": "Hash Join", "Parent Relationship": "Outer", "Parallel Aware": true, "Join Type": "Semi", "Startup Cost": 1479785.64, "Total Cost": 1771575.17, "Plan Rows": 24242, "Plan Width": 16, "Inner Unique": false, "Hash Cond": "(orders.o_orderkey = lineitem.l_orderkey)", "Plans": [{"Node Type": "Bitmap Heap Scan", "Parent Relationship": "Outer", "Parallel Aware": true, "Relation Name": "orders", "Alias": "orders", "Startup Cost": 7543.46, "Total Cost": 271205.7, "Plan Rows": 183349, "Plan Width": 20, "Recheck Cond": "((o_orderdate >= '1994-09-01'::date) AND (o_orderdate < '1994-12-01 00:00:00'::timestamp without time zone))", "Plans": [{"Node Type": "Bitmap Index Scan", "Parent Relationship": "Outer", "Parallel Aware": false, "Index Name": "idx_orders_orderdate", "Startup Cost": 0.0, "Total Cost": 7401.37, "Plan Rows": 568383, "Plan Width": 0, "Index Cond": "((o_orderdate >= '1994-09-01'::date) AND (o_orderdate < '1994-12-01 00:00:00'::timestamp without time zone))"}]}, {"Node Type": "Hash", "Parent Relationship": "Inner", "Parallel Aware": true, "Startup Cost": 1366420.13, "Total Cost": 1366420.13, "Plan Rows": 6450084, "Plan Width": 4, "Plans": [{"Node Type": "Seq Scan", "Parent Relationship": "Outer", "Parallel Aware": true, "Relation Name": "lineitem", "Alias": "lineitem", "Startup Cost": 0.0, "Total Cost": 1366420.13, "Plan Rows": 6450084, "Plan Width": 4, "Filter": "(l_commitdate < l_receiptdate)"}]}]}]}]}]}]}]}}, {"Plan": {"Node Type": "Limit", "Parallel Aware": false, "Startup Cost": 414448.82, "Total Cost": 414485.57, "Plan Rows": 1, "Plan Width": 24, "Plans": [{"Node Type": "Aggregate", "Strategy": "Sorted", "Partial Mode": "Finalize", "Parent Relationship": "Outer", "Parallel Aware": false, "Startup Cost": 414448.82, "Total Cost": 414632.58, "Plan Rows": 5, "Plan Width": 24, "Group Key": ["orders.o_orderpriority"], "Plans": [{"Node Type": "Gather Merge", "Parent Relationship": "Outer", "Parallel Aware": false, "Startup Cost": 414448.82, "Total Cost": 414632.45, "Plan Rows": 15, "Plan Width": 24, "Workers Planned": 3, "Plans": [{"Node Type": "Aggregate", "Strategy": "Sorted", "Partial Mode": "Partial", "Parent Relationship": "Outer", "Parallel Aware": false, "Startup Cost": 413448.78, "Total Cost": 413630.65, "Plan Rows": 5, "Plan Width": 24, "Group Key": ["orders.o_orderpriority"], "Plans": [{"Node Type": "Sort", "Parent Relationship": "Outer", "Parallel Aware": false, "Startup Cost": 413448.78, "Total Cost": 413509.39, "Plan Rows": 24242, "Plan Width": 16, "Sort Key": ["orders.o_orderpriority"], "Plans": [{"Node Type": "Nested Loop", "Parent Relationship": "Outer", "Parallel Aware": false, "Join Type": "Semi", "Startup Cost": 7544.03, "Total Cost": 411683.33, "Plan Rows": 24242, "Plan Width": 16, "Inner Unique": false, "Plans": [{"Node Type": "Bitmap Heap Scan", "Parent Relationship": "Outer", "Parallel Aware": true, "Relation Name": "orders", "Alias": "orders", "Startup Cost": 7543.46, "Total Cost": 271205.7, "Plan Rows": 183349, "Plan Width": 20, "Recheck Cond": "((o_orderdate >= '1994-09-01'::date) AND (o_orderdate < '1994-12-01 00:00:00'::timestamp without time zone))", "Plans": [{"Node Type": "Bitmap Index Scan", "Parent Relationship": "Outer", "Parallel Aware": false, "Index Name": "idx_orders_orderdate", "Startup Cost": 0.0, "Total Cost": 7401.37, "Plan Rows": 568383, "Plan Width": 0, "Index Cond": "((o_orderdate >= '1994-09-01'::date) AND (o_orderdate < '1994-12-01 00:00:00'::timestamp without time zone))"}]}, {"Node Type": "Index Scan", "Parent Relationship": "Inner", "Parallel Aware": false, "Scan Direction": "Forward", "Index Name": "idx_lineitem_orderkey", "Relation Name": "lineitem", "Alias": "lineitem", "Startup Cost": 0.56, "Total Cost": 2.36, "Plan Rows": 10, "Plan Width": 4, "Index Cond": "(l_orderkey = orders.o_orderkey)", "Filter": "(l_commitdate < l_receiptdate)"}]}]}]}]}]}]}}, {"Plan": {"Node Type": "Limit", "Parallel Aware": false, "Startup Cost": 414448.82, "Total Cost": 414485.57, "Plan Rows": 1, "Plan Width": 24, "Plans": [{"Node Type": "Aggregate", "Strategy": "Sorted", "Partial Mode": "Finalize", "Parent Relationship": "Outer", "Parallel Aware": false, "Startup Cost": 414448.82, "Total Cost": 414632.58, "Plan Rows": 5, "Plan Width": 24, "Group Key": ["orders.o_orderpriority"], "Plans": [{"Node Type": "Gather Merge", "Parent Relationship": "Outer", "Parallel Aware": false, "Startup Cost": 414448.82, "Total Cost": 414632.45, "Plan Rows": 15, "Plan Width": 24, "Workers Planned": 3, "Plans": [{"Node Type": "Aggregate", "Strategy": "Sorted", "Partial Mode": "Partial", "Parent Relationship": "Outer", "Parallel Aware": false, "Startup Cost": 413448.78, "Total Cost": 413630.65, "Plan Rows": 5, "Plan Width": 24, "Group Key": ["orders.o_orderpriority"], "Plans": [{"Node Type": "Sort", "Parent Relationship": "Outer", "Parallel Aware": false, "Startup Cost": 413448.78, "Total Cost": 413509.39, "Plan Rows": 24242, "Plan Width": 16, "Sort Key": ["orders.o_orderpriority"], "Plans": [{"Node Type": "Nested Loop", "Parent Relationship": "Outer", "Parallel Aware": false, "Join Type": "Semi", "Startup Cost": 7544.03, "Total Cost": 411683.33, "Plan Rows": 24242, "Plan Width": 16, "Inner Unique": false, "Plans": [{"Node Type": "Bitmap Heap Scan", "Parent Relationship": "Outer", "Parallel Aware": true, "Relation Name": "orders", "Alias": "orders", "Startup Cost": 7543.46, "Total Cost": 271205.7, "Plan Rows": 183349, "Plan Width": 20, "Recheck Cond": "((o_orderdate >= '1994-09-01'::date) AND (o_orderdate < '1994-12-01 00:00:00'::timestamp without time zone))", "Plans": [{"Node Type": "Bitmap Index Scan", "Parent Relationship": "Outer", "Parallel Aware": false, "Index Name": "idx_orders_orderdate", "Startup Cost": 0.0, "Total Cost": 7401.37, "Plan Rows": 568383, "Plan Width": 0, "Index Cond": "((o_orderdate >= '1994-09-01'::date) AND (o_orderdate < '1994-12-01 00:00:00'::timestamp without time zone))"}]}, {"Node Type": "Index Scan", "Parent Relationship": "Inner", "Parallel Aware": false, "Scan Direction": "Forward", "Index Name": "idx_lineitem_orderkey", "Relation Name": "lineitem", "Alias": "lineitem", "Startup Cost": 0.56, "Total Cost": 2.36, "Plan Rows": 10, "Plan Width": 4, "Index Cond": "(l_orderkey = orders.o_orderkey)", "Filter": "(l_commitdate < l_receiptdate)"}]}]}]}]}]}]}}, {"Plan": {"Node Type": "Limit", "Parallel Aware": false, "Startup Cost": 1774340.66, "Total Cost": 1774377.41, "Plan Rows": 1, "Plan Width": 24, "Plans": [{"Node Type": "Aggregate", "Strategy": "Sorted", "Partial Mode": "Finalize", "Parent Relationship": "Outer", "Parallel Aware": false, "Startup Cost": 1774340.66, "Total Cost": 1774524.41, "Plan Rows": 5, "Plan Width": 24, "Group Key": ["orders.o_orderpriority"], "Plans": [{"Node Type": "Gather Merge", "Parent Relationship": "Outer", "Parallel Aware": false, "Startup Cost": 1774340.66, "Total Cost": 1774524.28, "Plan Rows": 15, "Plan Width": 24, "Workers Planned": 3, "Plans": [{"Node Type": "Aggregate", "Strategy": "Sorted", "Partial Mode": "Partial", "Parent Relationship": "Outer", "Parallel Aware": false, "Startup Cost": 1773340.62, "Total Cost": 1773522.48, "Plan Rows": 5, "Plan Width": 24, "Group Key": ["orders.o_orderpriority"], "Plans": [{"Node Type": "Sort", "Parent Relationship": "Outer", "Parallel Aware": false, "Startup Cost": 1773340.62, "Total Cost": 1773401.22, "Plan Rows": 24242, "Plan Width": 16, "Sort Key": ["orders.o_orderpriority"], "Plans": [{"Node Type": "Hash Join", "Parent Relationship": "Outer", "Parallel Aware": true, "Join Type": "Semi", "Startup Cost": 1479785.64, "Total Cost": 1771575.17, "Plan Rows": 24242, "Plan Width": 16, "Inner Unique": false, "Hash Cond": "(orders.o_orderkey = lineitem.l_orderkey)", "Plans": [{"Node Type": "Bitmap Heap Scan", "Parent Relationship": "Outer", "Parallel Aware": true, "Relation Name": "orders", "Alias": "orders", "Startup Cost": 7543.46, "Total Cost": 271205.7, "Plan Rows": 183349, "Plan Width": 20, "Recheck Cond": "((o_orderdate >= '1994-09-01'::date) AND (o_orderdate < '1994-12-01 00:00:00'::timestamp without time zone))", "Plans": [{"Node Type": "Bitmap Index Scan", "Parent Relationship": "Outer", "Parallel Aware": false, "Index Name": "idx_orders_orderdate", "Startup Cost": 0.0, "Total Cost": 7401.37, "Plan Rows": 568383, "Plan Width": 0, "Index Cond": "((o_orderdate >= '1994-09-01'::date) AND (o_orderdate < '1994-12-01 00:00:00'::timestamp without time zone))"}]}, {"Node Type": "Hash", "Parent Relationship": "Inner", "Parallel Aware": true, "Startup Cost": 1366420.13, "Total Cost": 1366420.13, "Plan Rows": 6450084, "Plan Width": 4, "Plans": [{"Node Type": "Seq Scan", "Parent Relationship": "Outer", "Parallel Aware": true, "Relation Name": "lineitem", "Alias": "lineitem", "Startup Cost": 0.0, "Total Cost": 1366420.13, "Plan Rows": 6450084, "Plan Width": 4, "Filter": "(l_commitdate < l_receiptdate)"}]}]}]}]}]}]}]}}, {"Plan": {"Node Type": "Limit", "Parallel Aware": false, "Startup Cost": 531827.77, "Total Cost": 531864.52, "Plan Rows": 1, "Plan Width": 24, "Plans": [{"Node Type": "Aggregate", "Strategy": "Sorted", "Partial Mode": "Finalize", "Parent Relationship": "Outer", "Parallel Aware": false, "Startup Cost": 531827.77, "Total Cost": 532011.53, "Plan Rows": 5, "Plan Width": 24, "Group Key": ["orders.o_orderpriority"], "Plans": [{"Node Type": "Gather Merge", "Parent Relationship": "Outer", "Parallel Aware": false, "Startup Cost": 531827.77, "Total Cost": 532011.4, "Plan Rows": 15, "Plan Width": 24, "Workers Planned": 3, "Plans": [{"Node Type": "Aggregate", "Strategy": "Sorted", "Partial Mode": "Partial", "Parent Relationship": "Outer", "Parallel Aware": false, "Startup Cost": 530827.73, "Total Cost": 531009.6, "Plan Rows": 5, "Plan Width": 24, "Group Key": ["orders.o_orderpriority"], "Plans": [{"Node Type": "Sort", "Parent Relationship": "Outer", "Parallel Aware": false, "Startup Cost": 530827.73, "Total Cost": 530888.34, "Plan Rows": 24242, "Plan Width": 16, "Sort Key": ["orders.o_orderpriority"], "Plans": [{"Node Type": "Nested Loop", "Parent Relationship": "Outer", "Parallel Aware": false, "Join Type": "Semi", "Startup Cost": 7544.57, "Total Cost": 529062.28, "Plan Rows": 24242, "Plan Width": 16, "Inner Unique": false, "Plans": [{"Node Type": "Bitmap Heap Scan", "Parent Relationship": "Outer", "Parallel Aware": true, "Relation Name": "orders", "Alias": "orders", "Startup Cost": 7543.46, "Total Cost": 271205.7, "Plan Rows": 183349, "Plan Width": 20, "Recheck Cond": "((o_orderdate >= '1994-09-01'::date) AND (o_orderdate < '1994-12-01 00:00:00'::timestamp without time zone))", "Plans": [{"Node Type": "Bitmap Index Scan", "Parent Relationship": "Outer", "Parallel Aware": false, "Index Name": "idx_orders_orderdate", "Startup Cost": 0.0, "Total Cost": 7401.37, "Plan Rows": 568383, "Plan Width": 0, "Index Cond": "((o_orderdate >= '1994-09-01'::date) AND (o_orderdate < '1994-12-01 00:00:00'::timestamp without time zone))"}]}, {"Node Type": "Bitmap Heap Scan", "Parent Relationship": "Inner", "Parallel Aware": false, "Relation Name": "lineitem", "Alias": "lineitem", "Startup Cost": 1.11, "Total Cost": 3.76, "Plan Rows": 10, "Plan Width": 4, "Recheck Cond": "(l_orderkey = orders.o_orderkey)", "Filter": "(l_commitdate < l_receiptdate)", "Plans": [{"Node Type": "Bitmap Index Scan", "Parent Relationship": "Outer", "Parallel Aware": false, "Index Name": "lineitem_pkey", "Startup Cost": 0.0, "Total Cost": 1.11, "Plan Rows": 30, "Plan Width": 0, "Index Cond": "(l_orderkey = orders.o_orderkey)"}]}]}]}]}]}]}]}}, {"Plan": {"Node Type": "Limit", "Parallel Aware": false, "Startup Cost": 1774340.66, "Total Cost": 1774377.41, "Plan Rows": 1, "Plan Width": 24, "Plans": [{"Node Type": "Aggregate", "Strategy": "Sorted", "Partial Mode": "Finalize", "Parent Relationship": "Outer", "Parallel Aware": false, "Startup Cost": 1774340.66, "Total Cost": 1774524.41, "Plan Rows": 5, "Plan Width": 24, "Group Key": ["orders.o_orderpriority"], "Plans": [{"Node Type": "Gather Merge", "Parent Relationship": "Outer", "Parallel Aware": false, "Startup Cost": 1774340.66, "Total Cost": 1774524.28, "Plan Rows": 15, "Plan Width": 24, "Workers Planned": 3, "Plans": [{"Node Type": "Aggregate", "Strategy": "Sorted", "Partial Mode": "Partial", "Parent Relationship": "Outer", "Parallel Aware": false, "Startup Cost": 1773340.62, "Total Cost": 1773522.48, "Plan Rows": 5, "Plan Width": 24, "Group Key": ["orders.o_orderpriority"], "Plans": [{"Node Type": "Sort", "Parent Relationship": "Outer", "Parallel Aware": false, "Startup Cost": 1773340.62, "Total Cost": 1773401.22, "Plan Rows": 24242, "Plan Width": 16, "Sort Key": ["orders.o_orderpriority"], "Plans": [{"Node Type": "Hash Join", "Parent Relationship": "Outer", "Parallel Aware": true, "Join Type": "Semi", "Startup Cost": 1479785.64, "Total Cost": 1771575.17, "Plan Rows": 24242, "Plan Width": 16, "Inner Unique": false, "Hash Cond": "(orders.o_orderkey = lineitem.l_orderkey)", "Plans": [{"Node Type": "Bitmap Heap Scan", "Parent Relationship": "Outer", "Parallel Aware": true, "Relation Name": "orders", "Alias": "orders", "Startup Cost": 7543.46, "Total Cost": 271205.7, "Plan Rows": 183349, "Plan Width": 20, "Recheck Cond": "((o_orderdate >= '1994-09-01'::date) AND (o_orderdate < '1994-12-01 00:00:00'::timestamp without time zone))", "Plans": [{"Node Type": "Bitmap Index Scan", "Parent Relationship": "Outer", "Parallel Aware": false, "Index Name": "idx_orders_orderdate", "Startup Cost": 0.0, "Total Cost": 7401.37, "Plan Rows": 568383, "Plan Width": 0, "Index Cond": "((o_orderdate >= '1994-09-01'::date) AND (o_orderdate < '1994-12-01 00:00:00'::timestamp without time zone))"}]}, {"Node Type": "Hash", "Parent Relationship": "Inner", "Parallel Aware": true, "Startup Cost": 1366420.13, "Total Cost": 1366420.13, "Plan Rows": 6450084, "Plan Width": 4, "Plans": [{"Node Type": "Seq Scan", "Parent Relationship": "Outer", "Parallel Aware": true, "Relation Name": "lineitem", "Alias": "lineitem", "Startup Cost": 0.0, "Total Cost": 1366420.13, "Plan Rows": 6450084, "Plan Width": 4, "Filter": "(l_commitdate < l_receiptdate)"}]}]}]}]}]}]}]}}, {"Plan": {"Node Type": "Limit", "Parallel Aware": false, "Startup Cost": 531827.77, "Total Cost": 531864.52, "Plan Rows": 1, "Plan Width": 24, "Plans": [{"Node Type": "Aggregate", "Strategy": "Sorted", "Partial Mode": "Finalize", "Parent Relationship": "Outer", "Parallel Aware": false, "Startup Cost": 531827.77, "Total Cost": 532011.53, "Plan Rows": 5, "Plan Width": 24, "Group Key": ["orders.o_orderpriority"], "Plans": [{"Node Type": "Gather Merge", "Parent Relationship": "Outer", "Parallel Aware": false, "Startup Cost": 531827.77, "Total Cost": 532011.4, "Plan Rows": 15, "Plan Width": 24, "Workers Planned": 3, "Plans": [{"Node Type": "Aggregate", "Strategy": "Sorted", "Partial Mode": "Partial", "Parent Relationship": "Outer", "Parallel Aware": false, "Startup Cost": 530827.73, "Total Cost": 531009.6, "Plan Rows": 5, "Plan Width": 24, "Group Key": ["orders.o_orderpriority"], "Plans": [{"Node Type": "Sort", "Parent Relationship": "Outer", "Parallel Aware": false, "Startup Cost": 530827.73, "Total Cost": 530888.34, "Plan Rows": 24242, "Plan Width": 16, "Sort Key": ["orders.o_orderpriority"], "Plans": [{"Node Type": "Nested Loop", "Parent Relationship": "Outer", "Parallel Aware": false, "Join Type": "Semi", "Startup Cost": 7544.57, "Total Cost": 529062.28, "Plan Rows": 24242, "Plan Width": 16, "Inner Unique": false, "Plans": [{"Node Type": "Bitmap Heap Scan", "Parent Relationship": "Outer", "Parallel Aware": true, "Relation Name": "orders", "Alias": "orders", "Startup Cost": 7543.46, "Total Cost": 271205.7, "Plan Rows": 183349, "Plan Width": 20, "Recheck Cond": "((o_orderdate >= '1994-09-01'::date) AND (o_orderdate < '1994-12-01 00:00:00'::timestamp without time zone))", "Plans": [{"Node Type": "Bitmap Index Scan", "Parent Relationship": "Outer", "Parallel Aware": false, "Index Name": "idx_orders_orderdate", "Startup Cost": 0.0, "Total Cost": 7401.37, "Plan Rows": 568383, "Plan Width": 0, "Index Cond": "((o_orderdate >= '1994-09-01'::date) AND (o_orderdate < '1994-12-01 00:00:00'::timestamp without time zone))"}]}, {"Node Type": "Bitmap Heap Scan", "Parent Relationship": "Inner", "Parallel Aware": false, "Relation Name": "lineitem", "Alias": "lineitem", "Startup Cost": 1.11, "Total Cost": 3.76, "Plan Rows": 10, "Plan Width": 4, "Recheck Cond": "(l_orderkey = orders.o_orderkey)", "Filter": "(l_commitdate < l_receiptdate)", "Plans": [{"Node Type": "Bitmap Index Scan", "Parent Relationship": "Outer", "Parallel Aware": false, "Index Name": "lineitem_pkey", "Startup Cost": 0.0, "Total Cost": 1.11, "Plan Rows": 30, "Plan Width": 0, "Index Cond": "(l_orderkey = orders.o_orderkey)"}]}]}]}]}]}]}]}}, {"Plan": {"Node Type": "Limit", "Parallel Aware": false, "Startup Cost": 1774340.66, "Total Cost": 1774377.41, "Plan Rows": 1, "Plan Width": 24, "Plans": [{"Node Type": "Aggregate", "Strategy": "Sorted", "Partial Mode": "Finalize", "Parent Relationship": "Outer", "Parallel Aware": false, "Startup Cost": 1774340.66, "Total Cost": 1774524.41, "Plan Rows": 5, "Plan Width": 24, "Group Key": ["orders.o_orderpriority"], "Plans": [{"Node Type": "Gather Merge", "Parent Relationship": "Outer", "Parallel Aware": false, "Startup Cost": 1774340.66, "Total Cost": 1774524.28, "Plan Rows": 15, "Plan Width": 24, "Workers Planned": 3, "Plans": [{"Node Type": "Aggregate", "Strategy": "Sorted", "Partial Mode": "Partial", "Parent Relationship": "Outer", "Parallel Aware": false, "Startup Cost": 1773340.62, "Total Cost": 1773522.48, "Plan Rows": 5, "Plan Width": 24, "Group Key": ["orders.o_orderpriority"], "Plans": [{"Node Type": "Sort", "Parent Relationship": "Outer", "Parallel Aware": false, "Startup Cost": 1773340.62, "Total Cost": 1773401.22, "Plan Rows": 24242, "Plan Width": 16, "Sort Key": ["orders.o_orderpriority"], "Plans": [{"Node Type": "Hash Join", "Parent Relationship": "Outer", "Parallel Aware": true, "Join Type": "Semi", "Startup Cost": 1479785.64, "Total Cost": 1771575.17, "Plan Rows": 24242, "Plan Width": 16, "Inner Unique": false, "Hash Cond": "(orders.o_orderkey = lineitem.l_orderkey)", "Plans": [{"Node Type": "Bitmap Heap Scan", "Parent Relationship": "Outer", "Parallel Aware": true, "Relation Name": "orders", "Alias": "orders", "Startup Cost": 7543.46, "Total Cost": 271205.7, "Plan Rows": 183349, "Plan Width": 20, "Recheck Cond": "((o_orderdate >= '1994-09-01'::date) AND (o_orderdate < '1994-12-01 00:00:00'::timestamp without time zone))", "Plans": [{"Node Type": "Bitmap Index Scan", "Parent Relationship": "Outer", "Parallel Aware": false, "Index Name": "idx_orders_orderdate", "Startup Cost": 0.0, "Total Cost": 7401.37, "Plan Rows": 568383, "Plan Width": 0, "Index Cond": "((o_orderdate >= '1994-09-01'::date) AND (o_orderdate < '1994-12-01 00:00:00'::timestamp without time zone))"}]}, {"Node Type": "Hash", "Parent Relationship": "Inner", "Parallel Aware": true, "Startup Cost": 1366420.13, "Total Cost": 1366420.13, "Plan Rows": 6450084, "Plan Width": 4, "Plans": [{"Node Type": "Seq Scan", "Parent Relationship": "Outer", "Parallel Aware": true, "Relation Name": "lineitem", "Alias": "lineitem", "Startup Cost": 0.0, "Total Cost": 1366420.13, "Plan Rows": 6450084, "Plan Width": 4, "Filter": "(l_commitdate < l_receiptdate)"}]}]}]}]}]}]}]}}, {"Plan": {"Node Type": "Limit", "Parallel Aware": false, "Startup Cost": 2698760.91, "Total Cost": 2698797.66, "Plan Rows": 1, "Plan Width": 24, "Plans": [{"Node Type": "Aggregate", "Strategy": "Sorted", "Partial Mode": "Finalize", "Parent Relationship": "Outer", "Parallel Aware": false, "Startup Cost": 2698760.91, "Total Cost": 2698944.66, "Plan Rows": 5, "Plan Width": 24, "Group Key": ["orders.o_orderpriority"], "Plans": [{"Node Type": "Gather Merge", "Parent Relationship": "Outer", "Parallel Aware": false, "Startup Cost": 2698760.91, "Total Cost": 2698944.54, "Plan Rows": 15, "Plan Width": 24, "Workers Planned": 3, "Plans": [{"Node Type": "Aggregate", "Strategy": "Sorted", "Partial Mode": "Partial", "Parent Relationship": "Outer", "Parallel Aware": false, "Startup Cost": 2697760.87, "Total Cost": 2697942.74, "Plan Rows": 5, "Plan Width": 24, "Group Key": ["orders.o_orderpriority"], "Plans": [{"Node Type": "Sort", "Parent Relationship": "Outer", "Parallel Aware": false, "Startup Cost": 2697760.87, "Total Cost": 2697821.48, "Plan Rows": 24242, "Plan Width": 16, "Sort Key": ["orders.o_orderpriority"], "Plans": [{"Node Type": "Merge Join", "Parent Relationship": "Outer", "Parallel Aware": false, "Join Type": "Semi", "Startup Cost": 287293.8, "Total Cost": 2695995.42, "Plan Rows": 24242, "Plan Width": 16, "Inner Unique": false, "Merge Cond": "(orders.o_orderkey = lineitem.l_orderkey)", "Plans": [{"Node Type": "Sort", "Parent Relationship": "Outer", "Parallel Aware": false, "Startup Cost": 287234.28, "Total Cost": 287692.66, "Plan Rows": 183349, "Plan Width": 20, "Sort Key": ["orders.o_orderkey"], "Plans": [{"Node Type": "Bitmap Heap Scan", "Parent Relationship": "Outer", "Parallel Aware": true, "Relation Name": "orders", "Alias": "orders", "Startup Cost": 7543.46, "Total Cost": 271205.7, "Plan Rows": 183349, "Plan Width": 20, "Recheck Cond": "((o_orderdate >= '1994-09-01'::date) AND (o_orderdate < '1994-12-01 00:00:00'::timestamp without time zone))", "Plans": [{"Node Type": "Bitmap Index Scan", "Parent Relationship": "Outer", "Parallel Aware": false, "Index Name": "idx_orders_orderdate", "Startup Cost": 0.0, "Total Cost": 7401.37, "Plan Rows": 568383, "Plan Width": 0, "Index Cond": "((o_orderdate >= '1994-09-01'::date) AND (o_orderdate < '1994-12-01 00:00:00'::timestamp without time zone))"}]}]}, {"Node Type": "Index Scan", "Parent Relationship": "Inner", "Parallel Aware": false, "Scan Direction": "Forward", "Index Name": "idx_lineitem_orderkey", "Relation Name": "lineitem", "Alias": "lineitem", "Startup Cost": 0.56, "Total Cost": 2355412.05, "Plan Rows": 19995259, "Plan Width": 4, "Filter": "(l_commitdate < l_receiptdate)"}]}]}]}]}]}]}}, {"Plan": {"Node Type": "Limit", "Parallel Aware": false, "Startup Cost": 414448.82, "Total Cost": 414485.57, "Plan Rows": 1, "Plan Width": 24, "Plans": [{"Node Type": "Aggregate", "Strategy": "Sorted", "Partial Mode": "Finalize", "Parent Relationship": "Outer", "Parallel Aware": false, "Startup Cost": 414448.82, "Total Cost": 414632.58, "Plan Rows": 5, "Plan Width": 24, "Group Key": ["orders.o_orderpriority"], "Plans": [{"Node Type": "Gather Merge", "Parent Relationship": "Outer", "Parallel Aware": false, "Startup Cost": 414448.82, "Total Cost": 414632.45, "Plan Rows": 15, "Plan Width": 24, "Workers Planned": 3, "Plans": [{"Node Type": "Aggregate", "Strategy": "Sorted", "Partial Mode": "Partial", "Parent Relationship": "Outer", "Parallel Aware": false, "Startup Cost": 413448.78, "Total Cost": 413630.65, "Plan Rows": 5, "Plan Width": 24, "Group Key": ["orders.o_orderpriority"], "Plans": [{"Node Type": "Sort", "Parent Relationship": "Outer", "Parallel Aware": false, "Startup Cost": 413448.78, "Total Cost": 413509.39, "Plan Rows": 24242, "Plan Width": 16, "Sort Key": ["orders.o_orderpriority"], "Plans": [{"Node Type": "Nested Loop", "Parent Relationship": "Outer", "Parallel Aware": false, "Join Type": "Semi", "Startup Cost": 7544.03, "Total Cost": 411683.33, "Plan Rows": 24242, "Plan Width": 16, "Inner Unique": false, "Plans": [{"Node Type": "Bitmap Heap Scan", "Parent Relationship": "Outer", "Parallel Aware": true, "Relation Name": "orders", "Alias": "orders", "Startup Cost": 7543.46, "Total Cost": 271205.7, "Plan Rows": 183349, "Plan Width": 20, "Recheck Cond": "((o_orderdate >= '1994-09-01'::date) AND (o_orderdate < '1994-12-01 00:00:00'::timestamp without time zone))", "Plans": [{"Node Type": "Bitmap Index Scan", "Parent Relationship": "Outer", "Parallel Aware": false, "Index Name": "idx_orders_orderdate", "Startup Cost": 0.0, "Total Cost": 7401.37, "Plan Rows": 568383, "Plan Width": 0, "Index Cond": "((o_orderdate >= '1994-09-01'::date) AND (o_orderdate < '1994-12-01 00:00:00'::timestamp without time zone))"}]}, {"Node Type": "Index Scan", "Parent Relationship": "Inner", "Parallel Aware": false, "Scan Direction": "Forward", "Index Name": "idx_lineitem_orderkey", "Relation Name": "lineitem", "Alias": "lineitem", "Startup Cost": 0.56, "Total Cost": 2.36, "Plan Rows": 10, "Plan Width": 4, "Index Cond": "(l_orderkey = orders.o_orderkey)", "Filter": "(l_commitdate < l_receiptdate)"}]}]}]}]}]}]}}, {"Plan": {"Node Type": "Limit", "Parallel Aware": false, "Startup Cost": 414448.82, "Total Cost": 414485.57, "Plan Rows": 1, "Plan Width": 24, "Plans": [{"Node Type": "Aggregate", "Strategy": "Sorted", "Partial Mode": "Finalize", "Parent Relationship": "Outer", "Parallel Aware": false, "Startup Cost": 414448.82, "Total Cost": 414632.58, "Plan Rows": 5, "Plan Width": 24, "Group Key": ["orders.o_orderpriority"], "Plans": [{"Node Type": "Gather Merge", "Parent Relationship": "Outer", "Parallel Aware": false, "Startup Cost": 414448.82, "Total Cost": 414632.45, "Plan Rows": 15, "Plan Width": 24, "Workers Planned": 3, "Plans": [{"Node Type": "Aggregate", "Strategy": "Sorted", "Partial Mode": "Partial", "Parent Relationship": "Outer", "Parallel Aware": false, "Startup Cost": 413448.78, "Total Cost": 413630.65, "Plan Rows": 5, "Plan Width": 24, "Group Key": ["orders.o_orderpriority"], "Plans": [{"Node Type": "Sort", "Parent Relationship": "Outer", "Parallel Aware": false, "Startup Cost": 413448.78, "Total Cost": 413509.39, "Plan Rows": 24242, "Plan Width": 16, "Sort Key": ["orders.o_orderpriority"], "Plans": [{"Node Type": "Nested Loop", "Parent Relationship": "Outer", "Parallel Aware": false, "Join Type": "Semi", "Startup Cost": 7544.03, "Total Cost": 411683.33, "Plan Rows": 24242, "Plan Width": 16, "Inner Unique": false, "Plans": [{"Node Type": "Bitmap Heap Scan", "Parent Relationship": "Outer", "Parallel Aware": true, "Relation Name": "orders", "Alias": "orders", "Startup Cost": 7543.46, "Total Cost": 271205.7, "Plan Rows": 183349, "Plan Width": 20, "Recheck Cond": "((o_orderdate >= '1994-09-01'::date) AND (o_orderdate < '1994-12-01 00:00:00'::timestamp without time zone))", "Plans": [{"Node Type": "Bitmap Index Scan", "Parent Relationship": "Outer", "Parallel Aware": false, "Index Name": "idx_orders_orderdate", "Startup Cost": 0.0, "Total Cost": 7401.37, "Plan Rows": 568383, "Plan Width": 0, "Index Cond": "((o_orderdate >= '1994-09-01'::date) AND (o_orderdate < '1994-12-01 00:00:00'::timestamp without time zone))"}]}, {"Node Type": "Index Scan", "Parent Relationship": "Inner", "Parallel Aware": false, "Scan Direction": "Forward", "Index Name": "idx_lineitem_orderkey", "Relation Name": "lineitem", "Alias": "lineitem", "Startup Cost": 0.56, "Total Cost": 2.36, "Plan Rows": 10, "Plan Width": 4, "Index Cond": "(l_orderkey = orders.o_orderkey)", "Filter": "(l_commitdate < l_receiptdate)"}]}]}]}]}]}]}}, {"Plan": {"Node Type": "Limit", "Parallel Aware": false, "Startup Cost": 2864797.83, "Total Cost": 2864834.58, "Plan Rows": 1, "Plan Width": 24, "Plans": [{"Node Type": "Aggregate", "Strategy": "Sorted", "Partial Mode": "Finalize", "Parent Relationship": "Outer", "Parallel Aware": false, "Startup Cost": 2864797.83, "Total Cost": 2864981.58, "Plan Rows": 5, "Plan Width": 24, "Group Key": ["orders.o_orderpriority"], "Plans": [{"Node Type": "Gather Merge", "Parent Relationship": "Outer", "Parallel Aware": false, "Startup Cost": 2864797.83, "Total Cost": 2864981.46, "Plan Rows": 15, "Plan Width": 24, "Workers Planned": 3, "Plans": [{"Node Type": "Aggregate", "Strategy": "Sorted", "Partial Mode": "Partial", "Parent Relationship": "Outer", "Parallel Aware": false, "Startup Cost": 2863797.79, "Total Cost": 2863979.66, "Plan Rows": 5, "Plan Width": 24, "Group Key": ["orders.o_orderpriority"], "Plans": [{"Node Type": "Sort", "Parent Relationship": "Outer", "Parallel Aware": false, "Startup Cost": 2863797.79, "Total Cost": 2863858.4, "Plan Rows": 24242, "Plan Width": 16, "Sort Key": ["orders.o_orderpriority"], "Plans": [{"Node Type": "Merge Join", "Parent Relationship": "Outer", "Parallel Aware": false, "Join Type": "Semi", "Startup Cost": 59.95, "Total Cost": 2862032.34, "Plan Rows": 24242, "Plan Width": 16, "Inner Unique": false, "Merge Cond": "(orders.o_orderkey = lineitem.l_orderkey)", "Plans": [{"Node Type": "Index Scan", "Parent Relationship": "Outer", "Parallel Aware": true, "Scan Direction": "Forward", "Index Name": "orders_pkey", "Relation Name": "orders", "Alias": "orders", "Startup Cost": 0.43, "Total Cost": 453729.58, "Plan Rows": 183349, "Plan Width": 20, "Filter": "((o_orderdate >= '1994-09-01'::date) AND (o_orderdate < '1994-12-01 00:00:00'::timestamp without time zone))"}, {"Node Type": "Index Scan", "Parent Relationship": "Inner", "Parallel Aware": false, "Scan Direction": "Forward", "Index Name": "idx_lineitem_orderkey", "Relation Name": "lineitem", "Alias": "lineitem", "Startup Cost": 0.56, "Total Cost": 2355412.05, "Plan Rows": 19995259, "Plan Width": 4, "Filter": "(l_commitdate < l_receiptdate)"}]}]}]}]}]}]}}, {"Plan": {"Node Type": "Limit", "Parallel Aware": false, "Startup Cost": 414448.82, "Total Cost": 414485.57, "Plan Rows": 1, "Plan Width": 24, "Plans": [{"Node Type": "Aggregate", "Strategy": "Sorted", "Partial Mode": "Finalize", "Parent Relationship": "Outer", "Parallel Aware": false, "Startup Cost": 414448.82, "Total Cost": 414632.58, "Plan Rows": 5, "Plan Width": 24, "Group Key": ["orders.o_orderpriority"], "Plans": [{"Node Type": "Gather Merge", "Parent Relationship": "Outer", "Parallel Aware": false, "Startup Cost": 414448.82, "Total Cost": 414632.45, "Plan Rows": 15, "Plan Width": 24, "Workers Planned": 3, "Plans": [{"Node Type": "Aggregate", "Strategy": "Sorted", "Partial Mode": "Partial", "Parent Relationship": "Outer", "Parallel Aware": false, "Startup Cost": 413448.78, "Total Cost": 413630.65, "Plan Rows": 5, "Plan Width": 24, "Group Key": ["orders.o_orderpriority"], "Plans": [{"Node Type": "Sort", "Parent Relationship": "Outer", "Parallel Aware": false, "Startup Cost": 413448.78, "Total Cost": 413509.39, "Plan Rows": 24242, "Plan Width": 16, "Sort Key": ["orders.o_orderpriority"], "Plans": [{"Node Type": "Nested Loop", "Parent Relationship": "Outer", "Parallel Aware": false, "Join Type": "Semi", "Startup Cost": 7544.03, "Total Cost": 411683.33, "Plan Rows": 24242, "Plan Width": 16, "Inner Unique": false, "Plans": [{"Node Type": "Bitmap Heap Scan", "Parent Relationship": "Outer", "Parallel Aware": true, "Relation Name": "orders", "Alias": "orders", "Startup Cost": 7543.46, "Total Cost": 271205.7, "Plan Rows": 183349, "Plan Width": 20, "Recheck Cond": "((o_orderdate >= '1994-09-01'::date) AND (o_orderdate < '1994-12-01 00:00:00'::timestamp without time zone))", "Plans": [{"Node Type": "Bitmap Index Scan", "Parent Relationship": "Outer", "Parallel Aware": false, "Index Name": "idx_orders_orderdate", "Startup Cost": 0.0, "Total Cost": 7401.37, "Plan Rows": 568383, "Plan Width": 0, "Index Cond": "((o_orderdate >= '1994-09-01'::date) AND (o_orderdate < '1994-12-01 00:00:00'::timestamp without time zone))"}]}, {"Node Type": "Index Scan", "Parent Relationship": "Inner", "Parallel Aware": false, "Scan Direction": "Forward", "Index Name": "idx_lineitem_orderkey", "Relation Name": "lineitem", "Alias": "lineitem", "Startup Cost": 0.56, "Total Cost": 2.36, "Plan Rows": 10, "Plan Width": 4, "Index Cond": "(l_orderkey = orders.o_orderkey)", "Filter": "(l_commitdate < l_receiptdate)"}]}]}]}]}]}]}}, {"Plan": {"Node Type": "Limit", "Parallel Aware": false, "Startup Cost": 414448.82, "Total Cost": 414485.57, "Plan Rows": 1, "Plan Width": 24, "Plans": [{"Node Type": "Aggregate", "Strategy": "Sorted", "Partial Mode": "Finalize", "Parent Relationship": "Outer", "Parallel Aware": false, "Startup Cost": 414448.82, "Total Cost": 414632.58, "Plan Rows": 5, "Plan Width": 24, "Group Key": ["orders.o_orderpriority"], "Plans": [{"Node Type": "Gather Merge", "Parent Relationship": "Outer", "Parallel Aware": false, "Startup Cost": 414448.82, "Total Cost": 414632.45, "Plan Rows": 15, "Plan Width": 24, "Workers Planned": 3, "Plans": [{"Node Type": "Aggregate", "Strategy": "Sorted", "Partial Mode": "Partial", "Parent Relationship": "Outer", "Parallel Aware": false, "Startup Cost": 413448.78, "Total Cost": 413630.65, "Plan Rows": 5, "Plan Width": 24, "Group Key": ["orders.o_orderpriority"], "Plans": [{"Node Type": "Sort", "Parent Relationship": "Outer", "Parallel Aware": false, "Startup Cost": 413448.78, "Total Cost": 413509.39, "Plan Rows": 24242, "Plan Width": 16, "Sort Key": ["orders.o_orderpriority"], "Plans": [{"Node Type": "Nested Loop", "Parent Relationship": "Outer", "Parallel Aware": false, "Join Type": "Semi", "Startup Cost": 7544.03, "Total Cost": 411683.33, "Plan Rows": 24242, "Plan Width": 16, "Inner Unique": false, "Plans": [{"Node Type": "Bitmap Heap Scan", "Parent Relationship": "Outer", "Parallel Aware": true, "Relation Name": "orders", "Alias": "orders", "Startup Cost": 7543.46, "Total Cost": 271205.7, "Plan Rows": 183349, "Plan Width": 20, "Recheck Cond": "((o_orderdate >= '1994-09-01'::date) AND (o_orderdate < '1994-12-01 00:00:00'::timestamp without time zone))", "Plans": [{"Node Type": "Bitmap Index Scan", "Parent Relationship": "Outer", "Parallel Aware": false, "Index Name": "idx_orders_orderdate", "Startup Cost": 0.0, "Total Cost": 7401.37, "Plan Rows": 568383, "Plan Width": 0, "Index Cond": "((o_orderdate >= '1994-09-01'::date) AND (o_orderdate < '1994-12-01 00:00:00'::timestamp without time zone))"}]}, {"Node Type": "Index Scan", "Parent Relationship": "Inner", "Parallel Aware": false, "Scan Direction": "Forward", "Index Name": "idx_lineitem_orderkey", "Relation Name": "lineitem", "Alias": "lineitem", "Startup Cost": 0.56, "Total Cost": 2.36, "Plan Rows": 10, "Plan Width": 4, "Index Cond": "(l_orderkey = orders.o_orderkey)", "Filter": "(l_commitdate < l_receiptdate)"}]}]}]}]}]}]}}, {"Plan": {"Node Type": "Limit", "Parallel Aware": false, "Startup Cost": 10001082424.6, "Total Cost": 10001082537.34, "Plan Rows": 1, "Plan Width": 24, "Plans": [{"Node Type": "Aggregate", "Strategy": "Sorted", "Partial Mode": "Simple", "Parent Relationship": "Outer", "Parallel Aware": false, "Startup Cost": 10001082424.6, "Total Cost": 10001082988.29, "Plan Rows": 5, "Plan Width": 24, "Group Key": ["orders.o_orderpriority"], "Plans": [{"Node Type": "Sort", "Parent Relationship": "Outer", "Parallel Aware": false, "Startup Cost": 10001082424.6, "Total Cost": 10001082612.48, "Plan Rows": 75151, "Plan Width": 16, "Sort Key": ["orders.o_orderpriority"], "Plans": [{"Node Type": "Nested Loop", "Parent Relationship": "Outer", "Parallel Aware": false, "Join Type": "Semi", "Startup Cost": 10000007544.57, "Total Cost": 10001076338.31, "Plan Rows": 75151, "Plan Width": 16, "Inner Unique": false, "Plans": [{"Node Type": "Bitmap Heap Scan", "Parent Relationship": "Outer", "Parallel Aware": false, "Relation Name": "orders", "Alias": "orders", "Startup Cost": 7543.46, "Total Cost": 276981.21, "Plan Rows": 568383, "Plan Width": 20, "Recheck Cond": "((o_orderdate >= '1994-09-01'::date) AND (o_orderdate < '1994-12-01 00:00:00'::timestamp without time zone))", "Plans": [{"Node Type": "Bitmap Index Scan", "Parent Relationship": "Outer", "Parallel Aware": false, "Index Name": "idx_orders_orderdate", "Startup Cost": 0.0, "Total Cost": 7401.37, "Plan Rows": 568383, "Plan Width": 0, "Index Cond": "((o_orderdate >= '1994-09-01'::date) AND (o_orderdate < '1994-12-01 00:00:00'::timestamp without time zone))"}]}, {"Node Type": "Bitmap Heap Scan", "Parent Relationship": "Inner", "Parallel Aware": false, "Relation Name": "lineitem", "Alias": "lineitem", "Startup Cost": 1.11, "Total Cost": 3.76, "Plan Rows": 10, "Plan Width": 4, "Recheck Cond": "(l_orderkey = orders.o_orderkey)", "Filter": "(l_commitdate < l_receiptdate)", "Plans": [{"Node Type": "Bitmap Index Scan", "Parent Relationship": "Outer", "Parallel Aware": false, "Index Name": "lineitem_pkey", "Startup Cost": 0.0, "Total Cost": 1.11, "Plan Rows": 30, "Plan Width": 0, "Index Cond": "(l_orderkey = orders.o_orderkey)"}]}]}]}]}]}}, {"Plan": {"Node Type": "Limit", "Parallel Aware": false, "Startup Cost": 531827.77, "Total Cost": 531864.52, "Plan Rows": 1, "Plan Width": 24, "Plans": [{"Node Type": "Aggregate", "Strategy": "Sorted", "Partial Mode": "Finalize", "Parent Relationship": "Outer", "Parallel Aware": false, "Startup Cost": 531827.77, "Total Cost": 532011.53, "Plan Rows": 5, "Plan Width": 24, "Group Key": ["orders.o_orderpriority"], "Plans": [{"Node Type": "Gather Merge", "Parent Relationship": "Outer", "Parallel Aware": false, "Startup Cost": 531827.77, "Total Cost": 532011.4, "Plan Rows": 15, "Plan Width": 24, "Workers Planned": 3, "Plans": [{"Node Type": "Aggregate", "Strategy": "Sorted", "Partial Mode": "Partial", "Parent Relationship": "Outer", "Parallel Aware": false, "Startup Cost": 530827.73, "Total Cost": 531009.6, "Plan Rows": 5, "Plan Width": 24, "Group Key": ["orders.o_orderpriority"], "Plans": [{"Node Type": "Sort", "Parent Relationship": "Outer", "Parallel Aware": false, "Startup Cost": 530827.73, "Total Cost": 530888.34, "Plan Rows": 24242, "Plan Width": 16, "Sort Key": ["orders.o_orderpriority"], "Plans": [{"Node Type": "Nested Loop", "Parent Relationship": "Outer", "Parallel Aware": false, "Join Type": "Semi", "Startup Cost": 7544.57, "Total Cost": 529062.28, "Plan Rows": 24242, "Plan Width": 16, "Inner Unique": false, "Plans": [{"Node Type": "Bitmap Heap Scan", "Parent Relationship": "Outer", "Parallel Aware": true, "Relation Name": "orders", "Alias": "orders", "Startup Cost": 7543.46, "Total Cost": 271205.7, "Plan Rows": 183349, "Plan Width": 20, "Recheck Cond": "((o_orderdate >= '1994-09-01'::date) AND (o_orderdate < '1994-12-01 00:00:00'::timestamp without time zone))", "Plans": [{"Node Type": "Bitmap Index Scan", "Parent Relationship": "Outer", "Parallel Aware": false, "Index Name": "idx_orders_orderdate", "Startup Cost": 0.0, "Total Cost": 7401.37, "Plan Rows": 568383, "Plan Width": 0, "Index Cond": "((o_orderdate >= '1994-09-01'::date) AND (o_orderdate < '1994-12-01 00:00:00'::timestamp without time zone))"}]}, {"Node Type": "Bitmap Heap Scan", "Parent Relationship": "Inner", "Parallel Aware": false, "Relation Name": "lineitem", "Alias": "lineitem", "Startup Cost": 1.11, "Total Cost": 3.76, "Plan Rows": 10, "Plan Width": 4, "Recheck Cond": "(l_orderkey = orders.o_orderkey)", "Filter": "(l_commitdate < l_receiptdate)", "Plans": [{"Node Type": "Bitmap Index Scan", "Parent Relationship": "Outer", "Parallel Aware": false, "Index Name": "lineitem_pkey", "Startup Cost": 0.0, "Total Cost": 1.11, "Plan Rows": 30, "Plan Width": 0, "Index Cond": "(l_orderkey = orders.o_orderkey)"}]}]}]}]}]}]}]}}, {"Plan": {"Node Type": "Limit", "Parallel Aware": false, "Startup Cost": 531827.77, "Total Cost": 531864.52, "Plan Rows": 1, "Plan Width": 24, "Plans": [{"Node Type": "Aggregate", "Strategy": "Sorted", "Partial Mode": "Finalize", "Parent Relationship": "Outer", "Parallel Aware": false, "Startup Cost": 531827.77, "Total Cost": 532011.53, "Plan Rows": 5, "Plan Width": 24, "Group Key": ["orders.o_orderpriority"], "Plans": [{"Node Type": "Gather Merge", "Parent Relationship": "Outer", "Parallel Aware": false, "Startup Cost": 531827.77, "Total Cost": 532011.4, "Plan Rows": 15, "Plan Width": 24, "Workers Planned": 3, "Plans": [{"Node Type": "Aggregate", "Strategy": "Sorted", "Partial Mode": "Partial", "Parent Relationship": "Outer", "Parallel Aware": false, "Startup Cost": 530827.73, "Total Cost": 531009.6, "Plan Rows": 5, "Plan Width": 24, "Group Key": ["orders.o_orderpriority"], "Plans": [{"Node Type": "Sort", "Parent Relationship": "Outer", "Parallel Aware": false, "Startup Cost": 530827.73, "Total Cost": 530888.34, "Plan Rows": 24242, "Plan Width": 16, "Sort Key": ["orders.o_orderpriority"], "Plans": [{"Node Type": "Nested Loop", "Parent Relationship": "Outer", "Parallel Aware": false, "Join Type": "Semi", "Startup Cost": 7544.57, "Total Cost": 529062.28, "Plan Rows": 24242, "Plan Width": 16, "Inner Unique": false, "Plans": [{"Node Type": "Bitmap Heap Scan", "Parent Relationship": "Outer", "Parallel Aware": true, "Relation Name": "orders", "Alias": "orders", "Startup Cost": 7543.46, "Total Cost": 271205.7, "Plan Rows": 183349, "Plan Width": 20, "Recheck Cond": "((o_orderdate >= '1994-09-01'::date) AND (o_orderdate < '1994-12-01 00:00:00'::timestamp without time zone))", "Plans": [{"Node Type": "Bitmap Index Scan", "Parent Relationship": "Outer", "Parallel Aware": false, "Index Name": "idx_orders_orderdate", "Startup Cost": 0.0, "Total Cost": 7401.37, "Plan Rows": 568383, "Plan Width": 0, "Index Cond": "((o_orderdate >= '1994-09-01'::date) AND (o_orderdate < '1994-12-01 00:00:00'::timestamp without time zone))"}]}, {"Node Type": "Bitmap Heap Scan", "Parent Relationship": "Inner", "Parallel Aware": false, "Relation Name": "lineitem", "Alias": "lineitem", "Startup Cost": 1.11, "Total Cost": 3.76, "Plan Rows": 10, "Plan Width": 4, "Recheck Cond": "(l_orderkey = orders.o_orderkey)", "Filter": "(l_commitdate < l_receiptdate)", "Plans": [{"Node Type": "Bitmap Index Scan", "Parent Relationship": "Outer", "Parallel Aware": false, "Index Name": "lineitem_pkey", "Startup Cost": 0.0, "Total Cost": 1.11, "Plan Rows": 30, "Plan Width": 0, "Index Cond": "(l_orderkey = orders.o_orderkey)"}]}]}]}]}]}]}]}}, {"Plan": {"Node Type": "Limit", "Parallel Aware": false, "Startup Cost": 4852561.11, "Total Cost": 4852597.86, "Plan Rows": 1, "Plan Width": 24, "Plans": [{"Node Type": "Aggregate", "Strategy": "Sorted", "Partial Mode": "Finalize", "Parent Relationship": "Outer", "Parallel Aware": false, "Startup Cost": 4852561.11, "Total Cost": 4852744.86, "Plan Rows": 5, "Plan Width": 24, "Group Key": ["orders.o_orderpriority"], "Plans": [{"Node Type": "Gather Merge", "Parent Relationship": "Outer", "Parallel Aware": false, "Startup Cost": 4852561.11, "Total Cost": 4852744.73, "Plan Rows": 15, "Plan Width": 24, "Workers Planned": 3, "Plans": [{"Node Type": "Aggregate", "Strategy": "Sorted", "Partial Mode": "Partial", "Parent Relationship": "Outer", "Parallel Aware": false, "Startup Cost": 4851561.07, "Total Cost": 4851742.93, "Plan Rows": 5, "Plan Width": 24, "Group Key": ["orders.o_orderpriority"], "Plans": [{"Node Type": "Sort", "Parent Relationship": "Outer", "Parallel Aware": false, "Startup Cost": 4851561.07, "Total Cost": 4851621.67, "Plan Rows": 24242, "Plan Width": 16, "Sort Key": ["orders.o_orderpriority"], "Plans": [{"Node Type": "Merge Join", "Parent Relationship": "Outer", "Parallel Aware": false, "Join Type": "Semi", "Startup Cost": 4746460.83, "Total Cost": 4849795.62, "Plan Rows": 24242, "Plan Width": 16, "Inner Unique": false, "Merge Cond": "(orders.o_orderkey = lineitem.l_orderkey)", "Plans": [{"Node Type": "Sort", "Parent Relationship": "Outer", "Parallel Aware": false, "Startup Cost": 287234.28, "Total Cost": 287692.66, "Plan Rows": 183349, "Plan Width": 20, "Sort Key": ["orders.o_orderkey"], "Plans": [{"Node Type": "Bitmap Heap Scan", "Parent Relationship": "Outer", "Parallel Aware": true, "Relation Name": "orders", "Alias": "orders", "Startup Cost": 7543.46, "Total Cost": 271205.7, "Plan Rows": 183349, "Plan Width": 20, "Recheck Cond": "((o_orderdate >= '1994-09-01'::date) AND (o_orderdate < '1994-12-01 00:00:00'::timestamp without time zone))", "Plans": [{"Node Type": "Bitmap Index Scan", "Parent Relationship": "Outer", "Parallel Aware": false, "Index Name": "idx_orders_orderdate", "Startup Cost": 0.0, "Total Cost": 7401.37, "Plan Rows": 568383, "Plan Width": 0, "Index Cond": "((o_orderdate >= '1994-09-01'::date) AND (o_orderdate < '1994-12-01 00:00:00'::timestamp without time zone))"}]}]}, {"Node Type": "Sort", "Parent Relationship": "Inner", "Parallel Aware": false, "Startup Cost": 4459224.09, "Total Cost": 4509212.24, "Plan Rows": 19995259, "Plan Width": 4, "Sort Key": ["lineitem.l_orderkey"], "Plans": [{"Node Type": "Seq Scan", "Parent Relationship": "Outer", "Parallel Aware": false, "Relation Name": "lineitem", "Alias": "lineitem", "Startup Cost": 0.0, "Total Cost": 1874364.2, "Plan Rows": 19995259, "Plan Width": 4, "Filter": "(l_commitdate < l_receiptdate)"}]}]}]}]}]}]}]}}, {"Plan": {"Node Type": "Limit", "Parallel Aware": false, "Startup Cost": 531827.77, "Total Cost": 531864.52, "Plan Rows": 1, "Plan Width": 24, "Plans": [{"Node Type": "Aggregate", "Strategy": "Sorted", "Partial Mode": "Finalize", "Parent Relationship": "Outer", "Parallel Aware": false, "Startup Cost": 531827.77, "Total Cost": 532011.53, "Plan Rows": 5, "Plan Width": 24, "Group Key": ["orders.o_orderpriority"], "Plans": [{"Node Type": "Gather Merge", "Parent Relationship": "Outer", "Parallel Aware": false, "Startup Cost": 531827.77, "Total Cost": 532011.4, "Plan Rows": 15, "Plan Width": 24, "Workers Planned": 3, "Plans": [{"Node Type": "Aggregate", "Strategy": "Sorted", "Partial Mode": "Partial", "Parent Relationship": "Outer", "Parallel Aware": false, "Startup Cost": 530827.73, "Total Cost": 531009.6, "Plan Rows": 5, "Plan Width": 24, "Group Key": ["orders.o_orderpriority"], "Plans": [{"Node Type": "Sort", "Parent Relationship": "Outer", "Parallel Aware": false, "Startup Cost": 530827.73, "Total Cost": 530888.34, "Plan Rows": 24242, "Plan Width": 16, "Sort Key": ["orders.o_orderpriority"], "Plans": [{"Node Type": "Nested Loop", "Parent Relationship": "Outer", "Parallel Aware": false, "Join Type": "Semi", "Startup Cost": 7544.57, "Total Cost": 529062.28, "Plan Rows": 24242, "Plan Width": 16, "Inner Unique": false, "Plans": [{"Node Type": "Bitmap Heap Scan", "Parent Relationship": "Outer", "Parallel Aware": true, "Relation Name": "orders", "Alias": "orders", "Startup Cost": 7543.46, "Total Cost": 271205.7, "Plan Rows": 183349, "Plan Width": 20, "Recheck Cond": "((o_orderdate >= '1994-09-01'::date) AND (o_orderdate < '1994-12-01 00:00:00'::timestamp without time zone))", "Plans": [{"Node Type": "Bitmap Index Scan", "Parent Relationship": "Outer", "Parallel Aware": false, "Index Name": "idx_orders_orderdate", "Startup Cost": 0.0, "Total Cost": 7401.37, "Plan Rows": 568383, "Plan Width": 0, "Index Cond": "((o_orderdate >= '1994-09-01'::date) AND (o_orderdate < '1994-12-01 00:00:00'::timestamp without time zone))"}]}, {"Node Type": "Bitmap Heap Scan", "Parent Relationship": "Inner", "Parallel Aware": false, "Relation Name": "lineitem", "Alias": "lineitem", "Startup Cost": 1.11, "Total Cost": 3.76, "Plan Rows": 10, "Plan Width": 4, "Recheck Cond": "(l_orderkey = orders.o_orderkey)", "Filter": "(l_commitdate < l_receiptdate)", "Plans": [{"Node Type": "Bitmap Index Scan", "Parent Relationship": "Outer", "Parallel Aware": false, "Index Name": "lineitem_pkey", "Startup Cost": 0.0, "Total Cost": 1.11, "Plan Rows": 30, "Plan Width": 0, "Index Cond": "(l_orderkey = orders.o_orderkey)"}]}]}]}]}]}]}]}}, {"Plan": {"Node Type": "Limit", "Parallel Aware": false, "Startup Cost": 531827.77, "Total Cost": 531864.52, "Plan Rows": 1, "Plan Width": 24, "Plans": [{"Node Type": "Aggregate", "Strategy": "Sorted", "Partial Mode": "Finalize", "Parent Relationship": "Outer", "Parallel Aware": false, "Startup Cost": 531827.77, "Total Cost": 532011.53, "Plan Rows": 5, "Plan Width": 24, "Group Key": ["orders.o_orderpriority"], "Plans": [{"Node Type": "Gather Merge", "Parent Relationship": "Outer", "Parallel Aware": false, "Startup Cost": 531827.77, "Total Cost": 532011.4, "Plan Rows": 15, "Plan Width": 24, "Workers Planned": 3, "Plans": [{"Node Type": "Aggregate", "Strategy": "Sorted", "Partial Mode": "Partial", "Parent Relationship": "Outer", "Parallel Aware": false, "Startup Cost": 530827.73, "Total Cost": 531009.6, "Plan Rows": 5, "Plan Width": 24, "Group Key": ["orders.o_orderpriority"], "Plans": [{"Node Type": "Sort", "Parent Relationship": "Outer", "Parallel Aware": false, "Startup Cost": 530827.73, "Total Cost": 530888.34, "Plan Rows": 24242, "Plan Width": 16, "Sort Key": ["orders.o_orderpriority"], "Plans": [{"Node Type": "Nested Loop", "Parent Relationship": "Outer", "Parallel Aware": false, "Join Type": "Semi", "Startup Cost": 7544.57, "Total Cost": 529062.28, "Plan Rows": 24242, "Plan Width": 16, "Inner Unique": false, "Plans": [{"Node Type": "Bitmap Heap Scan", "Parent Relationship": "Outer", "Parallel Aware": true, "Relation Name": "orders", "Alias": "orders", "Startup Cost": 7543.46, "Total Cost": 271205.7, "Plan Rows": 183349, "Plan Width": 20, "Recheck Cond": "((o_orderdate >= '1994-09-01'::date) AND (o_orderdate < '1994-12-01 00:00:00'::timestamp without time zone))", "Plans": [{"Node Type": "Bitmap Index Scan", "Parent Relationship": "Outer", "Parallel Aware": false, "Index Name": "idx_orders_orderdate", "Startup Cost": 0.0, "Total Cost": 7401.37, "Plan Rows": 568383, "Plan Width": 0, "Index Cond": "((o_orderdate >= '1994-09-01'::date) AND (o_orderdate < '1994-12-01 00:00:00'::timestamp without time zone))"}]}, {"Node Type": "Bitmap Heap Scan", "Parent Relationship": "Inner", "Parallel Aware": false, "Relation Name": "lineitem", "Alias": "lineitem", "Startup Cost": 1.11, "Total Cost": 3.76, "Plan Rows": 10, "Plan Width": 4, "Recheck Cond": "(l_orderkey = orders.o_orderkey)", "Filter": "(l_commitdate < l_receiptdate)", "Plans": [{"Node Type": "Bitmap Index Scan", "Parent Relationship": "Outer", "Parallel Aware": false, "Index Name": "lineitem_pkey", "Startup Cost": 0.0, "Total Cost": 1.11, "Plan Rows": 30, "Plan Width": 0, "Index Cond": "(l_orderkey = orders.o_orderkey)"}]}]}]}]}]}]}]}}, {"Plan": {"Node Type": "Limit", "Parallel Aware": false, "Startup Cost": 2698760.91, "Total Cost": 2698797.66, "Plan Rows": 1, "Plan Width": 24, "Plans": [{"Node Type": "Aggregate", "Strategy": "Sorted", "Partial Mode": "Finalize", "Parent Relationship": "Outer", "Parallel Aware": false, "Startup Cost": 2698760.91, "Total Cost": 2698944.66, "Plan Rows": 5, "Plan Width": 24, "Group Key": ["orders.o_orderpriority"], "Plans": [{"Node Type": "Gather Merge", "Parent Relationship": "Outer", "Parallel Aware": false, "Startup Cost": 2698760.91, "Total Cost": 2698944.54, "Plan Rows": 15, "Plan Width": 24, "Workers Planned": 3, "Plans": [{"Node Type": "Aggregate", "Strategy": "Sorted", "Partial Mode": "Partial", "Parent Relationship": "Outer", "Parallel Aware": false, "Startup Cost": 2697760.87, "Total Cost": 2697942.74, "Plan Rows": 5, "Plan Width": 24, "Group Key": ["orders.o_orderpriority"], "Plans": [{"Node Type": "Sort", "Parent Relationship": "Outer", "Parallel Aware": false, "Startup Cost": 2697760.87, "Total Cost": 2697821.48, "Plan Rows": 24242, "Plan Width": 16, "Sort Key": ["orders.o_orderpriority"], "Plans": [{"Node Type": "Merge Join", "Parent Relationship": "Outer", "Parallel Aware": false, "Join Type": "Semi", "Startup Cost": 287293.8, "Total Cost": 2695995.42, "Plan Rows": 24242, "Plan Width": 16, "Inner Unique": false, "Merge Cond": "(orders.o_orderkey = lineitem.l_orderkey)", "Plans": [{"Node Type": "Sort", "Parent Relationship": "Outer", "Parallel Aware": false, "Startup Cost": 287234.28, "Total Cost": 287692.66, "Plan Rows": 183349, "Plan Width": 20, "Sort Key": ["orders.o_orderkey"], "Plans": [{"Node Type": "Bitmap Heap Scan", "Parent Relationship": "Outer", "Parallel Aware": true, "Relation Name": "orders", "Alias": "orders", "Startup Cost": 7543.46, "Total Cost": 271205.7, "Plan Rows": 183349, "Plan Width": 20, "Recheck Cond": "((o_orderdate >= '1994-09-01'::date) AND (o_orderdate < '1994-12-01 00:00:00'::timestamp without time zone))", "Plans": [{"Node Type": "Bitmap Index Scan", "Parent Relationship": "Outer", "Parallel Aware": false, "Index Name": "idx_orders_orderdate", "Startup Cost": 0.0, "Total Cost": 7401.37, "Plan Rows": 568383, "Plan Width": 0, "Index Cond": "((o_orderdate >= '1994-09-01'::date) AND (o_orderdate < '1994-12-01 00:00:00'::timestamp without time zone))"}]}]}, {"Node Type": "Index Scan", "Parent Relationship": "Inner", "Parallel Aware": false, "Scan Direction": "Forward", "Index Name": "idx_lineitem_orderkey", "Relation Name": "lineitem", "Alias": "lineitem", "Startup Cost": 0.56, "Total Cost": 2355412.05, "Plan Rows": 19995259, "Plan Width": 4, "Filter": "(l_commitdate < l_receiptdate)"}]}]}]}]}]}]}}, {"Plan": {"Node Type": "Limit", "Parallel Aware": false, "Startup Cost": 414448.82, "Total Cost": 414485.57, "Plan Rows": 1, "Plan Width": 24, "Plans": [{"Node Type": "Aggregate", "Strategy": "Sorted", "Partial Mode": "Finalize", "Parent Relationship": "Outer", "Parallel Aware": false, "Startup Cost": 414448.82, "Total Cost": 414632.58, "Plan Rows": 5, "Plan Width": 24, "Group Key": ["orders.o_orderpriority"], "Plans": [{"Node Type": "Gather Merge", "Parent Relationship": "Outer", "Parallel Aware": false, "Startup Cost": 414448.82, "Total Cost": 414632.45, "Plan Rows": 15, "Plan Width": 24, "Workers Planned": 3, "Plans": [{"Node Type": "Aggregate", "Strategy": "Sorted", "Partial Mode": "Partial", "Parent Relationship": "Outer", "Parallel Aware": false, "Startup Cost": 413448.78, "Total Cost": 413630.65, "Plan Rows": 5, "Plan Width": 24, "Group Key": ["orders.o_orderpriority"], "Plans": [{"Node Type": "Sort", "Parent Relationship": "Outer", "Parallel Aware": false, "Startup Cost": 413448.78, "Total Cost": 413509.39, "Plan Rows": 24242, "Plan Width": 16, "Sort Key": ["orders.o_orderpriority"], "Plans": [{"Node Type": "Nested Loop", "Parent Relationship": "Outer", "Parallel Aware": false, "Join Type": "Semi", "Startup Cost": 7544.03, "Total Cost": 411683.33, "Plan Rows": 24242, "Plan Width": 16, "Inner Unique": false, "Plans": [{"Node Type": "Bitmap Heap Scan", "Parent Relationship": "Outer", "Parallel Aware": true, "Relation Name": "orders", "Alias": "orders", "Startup Cost": 7543.46, "Total Cost": 271205.7, "Plan Rows": 183349, "Plan Width": 20, "Recheck Cond": "((o_orderdate >= '1994-09-01'::date) AND (o_orderdate < '1994-12-01 00:00:00'::timestamp without time zone))", "Plans": [{"Node Type": "Bitmap Index Scan", "Parent Relationship": "Outer", "Parallel Aware": false, "Index Name": "idx_orders_orderdate", "Startup Cost": 0.0, "Total Cost": 7401.37, "Plan Rows": 568383, "Plan Width": 0, "Index Cond": "((o_orderdate >= '1994-09-01'::date) AND (o_orderdate < '1994-12-01 00:00:00'::timestamp without time zone))"}]}, {"Node Type": "Index Scan", "Parent Relationship": "Inner", "Parallel Aware": false, "Scan Direction": "Forward", "Index Name": "idx_lineitem_orderkey", "Relation Name": "lineitem", "Alias": "lineitem", "Startup Cost": 0.56, "Total Cost": 2.36, "Plan Rows": 10, "Plan Width": 4, "Index Cond": "(l_orderkey = orders.o_orderkey)", "Filter": "(l_commitdate < l_receiptdate)"}]}]}]}]}]}]}}, {"Plan": {"Node Type": "Limit", "Parallel Aware": false, "Startup Cost": 414448.82, "Total Cost": 414485.57, "Plan Rows": 1, "Plan Width": 24, "Plans": [{"Node Type": "Aggregate", "Strategy": "Sorted", "Partial Mode": "Finalize", "Parent Relationship": "Outer", "Parallel Aware": false, "Startup Cost": 414448.82, "Total Cost": 414632.58, "Plan Rows": 5, "Plan Width": 24, "Group Key": ["orders.o_orderpriority"], "Plans": [{"Node Type": "Gather Merge", "Parent Relationship": "Outer", "Parallel Aware": false, "Startup Cost": 414448.82, "Total Cost": 414632.45, "Plan Rows": 15, "Plan Width": 24, "Workers Planned": 3, "Plans": [{"Node Type": "Aggregate", "Strategy": "Sorted", "Partial Mode": "Partial", "Parent Relationship": "Outer", "Parallel Aware": false, "Startup Cost": 413448.78, "Total Cost": 413630.65, "Plan Rows": 5, "Plan Width": 24, "Group Key": ["orders.o_orderpriority"], "Plans": [{"Node Type": "Sort", "Parent Relationship": "Outer", "Parallel Aware": false, "Startup Cost": 413448.78, "Total Cost": 413509.39, "Plan Rows": 24242, "Plan Width": 16, "Sort Key": ["orders.o_orderpriority"], "Plans": [{"Node Type": "Nested Loop", "Parent Relationship": "Outer", "Parallel Aware": false, "Join Type": "Semi", "Startup Cost": 7544.03, "Total Cost": 411683.33, "Plan Rows": 24242, "Plan Width": 16, "Inner Unique": false, "Plans": [{"Node Type": "Bitmap Heap Scan", "Parent Relationship": "Outer", "Parallel Aware": true, "Relation Name": "orders", "Alias": "orders", "Startup Cost": 7543.46, "Total Cost": 271205.7, "Plan Rows": 183349, "Plan Width": 20, "Recheck Cond": "((o_orderdate >= '1994-09-01'::date) AND (o_orderdate < '1994-12-01 00:00:00'::timestamp without time zone))", "Plans": [{"Node Type": "Bitmap Index Scan", "Parent Relationship": "Outer", "Parallel Aware": false, "Index Name": "idx_orders_orderdate", "Startup Cost": 0.0, "Total Cost": 7401.37, "Plan Rows": 568383, "Plan Width": 0, "Index Cond": "((o_orderdate >= '1994-09-01'::date) AND (o_orderdate < '1994-12-01 00:00:00'::timestamp without time zone))"}]}, {"Node Type": "Index Scan", "Parent Relationship": "Inner", "Parallel Aware": false, "Scan Direction": "Forward", "Index Name": "idx_lineitem_orderkey", "Relation Name": "lineitem", "Alias": "lineitem", "Startup Cost": 0.56, "Total Cost": 2.36, "Plan Rows": 10, "Plan Width": 4, "Index Cond": "(l_orderkey = orders.o_orderkey)", "Filter": "(l_commitdate < l_receiptdate)"}]}]}]}]}]}]}}, {"Plan": {"Node Type": "Limit", "Parallel Aware": false, "Startup Cost": 2864797.83, "Total Cost": 2864834.58, "Plan Rows": 1, "Plan Width": 24, "Plans": [{"Node Type": "Aggregate", "Strategy": "Sorted", "Partial Mode": "Finalize", "Parent Relationship": "Outer", "Parallel Aware": false, "Startup Cost": 2864797.83, "Total Cost": 2864981.58, "Plan Rows": 5, "Plan Width": 24, "Group Key": ["orders.o_orderpriority"], "Plans": [{"Node Type": "Gather Merge", "Parent Relationship": "Outer", "Parallel Aware": false, "Startup Cost": 2864797.83, "Total Cost": 2864981.46, "Plan Rows": 15, "Plan Width": 24, "Workers Planned": 3, "Plans": [{"Node Type": "Aggregate", "Strategy": "Sorted", "Partial Mode": "Partial", "Parent Relationship": "Outer", "Parallel Aware": false, "Startup Cost": 2863797.79, "Total Cost": 2863979.66, "Plan Rows": 5, "Plan Width": 24, "Group Key": ["orders.o_orderpriority"], "Plans": [{"Node Type": "Sort", "Parent Relationship": "Outer", "Parallel Aware": false, "Startup Cost": 2863797.79, "Total Cost": 2863858.4, "Plan Rows": 24242, "Plan Width": 16, "Sort Key": ["orders.o_orderpriority"], "Plans": [{"Node Type": "Merge Join", "Parent Relationship": "Outer", "Parallel Aware": false, "Join Type": "Semi", "Startup Cost": 59.95, "Total Cost": 2862032.34, "Plan Rows": 24242, "Plan Width": 16, "Inner Unique": false, "Merge Cond": "(orders.o_orderkey = lineitem.l_orderkey)", "Plans": [{"Node Type": "Index Scan", "Parent Relationship": "Outer", "Parallel Aware": true, "Scan Direction": "Forward", "Index Name": "orders_pkey", "Relation Name": "orders", "Alias": "orders", "Startup Cost": 0.43, "Total Cost": 453729.58, "Plan Rows": 183349, "Plan Width": 20, "Filter": "((o_orderdate >= '1994-09-01'::date) AND (o_orderdate < '1994-12-01 00:00:00'::timestamp without time zone))"}, {"Node Type": "Index Scan", "Parent Relationship": "Inner", "Parallel Aware": false, "Scan Direction": "Forward", "Index Name": "idx_lineitem_orderkey", "Relation Name": "lineitem", "Alias": "lineitem", "Startup Cost": 0.56, "Total Cost": 2355412.05, "Plan Rows": 19995259, "Plan Width": 4, "Filter": "(l_commitdate < l_receiptdate)"}]}]}]}]}]}]}}, {"Plan": {"Node Type": "Limit", "Parallel Aware": false, "Startup Cost": 414448.82, "Total Cost": 414485.57, "Plan Rows": 1, "Plan Width": 24, "Plans": [{"Node Type": "Aggregate", "Strategy": "Sorted", "Partial Mode": "Finalize", "Parent Relationship": "Outer", "Parallel Aware": false, "Startup Cost": 414448.82, "Total Cost": 414632.58, "Plan Rows": 5, "Plan Width": 24, "Group Key": ["orders.o_orderpriority"], "Plans": [{"Node Type": "Gather Merge", "Parent Relationship": "Outer", "Parallel Aware": false, "Startup Cost": 414448.82, "Total Cost": 414632.45, "Plan Rows": 15, "Plan Width": 24, "Workers Planned": 3, "Plans": [{"Node Type": "Aggregate", "Strategy": "Sorted", "Partial Mode": "Partial", "Parent Relationship": "Outer", "Parallel Aware": false, "Startup Cost": 413448.78, "Total Cost": 413630.65, "Plan Rows": 5, "Plan Width": 24, "Group Key": ["orders.o_orderpriority"], "Plans": [{"Node Type": "Sort", "Parent Relationship": "Outer", "Parallel Aware": false, "Startup Cost": 413448.78, "Total Cost": 413509.39, "Plan Rows": 24242, "Plan Width": 16, "Sort Key": ["orders.o_orderpriority"], "Plans": [{"Node Type": "Nested Loop", "Parent Relationship": "Outer", "Parallel Aware": false, "Join Type": "Semi", "Startup Cost": 7544.03, "Total Cost": 411683.33, "Plan Rows": 24242, "Plan Width": 16, "Inner Unique": false, "Plans": [{"Node Type": "Bitmap Heap Scan", "Parent Relationship": "Outer", "Parallel Aware": true, "Relation Name": "orders", "Alias": "orders", "Startup Cost": 7543.46, "Total Cost": 271205.7, "Plan Rows": 183349, "Plan Width": 20, "Recheck Cond": "((o_orderdate >= '1994-09-01'::date) AND (o_orderdate < '1994-12-01 00:00:00'::timestamp without time zone))", "Plans": [{"Node Type": "Bitmap Index Scan", "Parent Relationship": "Outer", "Parallel Aware": false, "Index Name": "idx_orders_orderdate", "Startup Cost": 0.0, "Total Cost": 7401.37, "Plan Rows": 568383, "Plan Width": 0, "Index Cond": "((o_orderdate >= '1994-09-01'::date) AND (o_orderdate < '1994-12-01 00:00:00'::timestamp without time zone))"}]}, {"Node Type": "Index Scan", "Parent Relationship": "Inner", "Parallel Aware": false, "Scan Direction": "Forward", "Index Name": "idx_lineitem_orderkey", "Relation Name": "lineitem", "Alias": "lineitem", "Startup Cost": 0.56, "Total Cost": 2.36, "Plan Rows": 10, "Plan Width": 4, "Index Cond": "(l_orderkey = orders.o_orderkey)", "Filter": "(l_commitdate < l_receiptdate)"}]}]}]}]}]}]}}, {"Plan": {"Node Type": "Limit", "Parallel Aware": false, "Startup Cost": 414448.82, "Total Cost": 414485.57, "Plan Rows": 1, "Plan Width": 24, "Plans": [{"Node Type": "Aggregate", "Strategy": "Sorted", "Partial Mode": "Finalize", "Parent Relationship": "Outer", "Parallel Aware": false, "Startup Cost": 414448.82, "Total Cost": 414632.58, "Plan Rows": 5, "Plan Width": 24, "Group Key": ["orders.o_orderpriority"], "Plans": [{"Node Type": "Gather Merge", "Parent Relationship": "Outer", "Parallel Aware": false, "Startup Cost": 414448.82, "Total Cost": 414632.45, "Plan Rows": 15, "Plan Width": 24, "Workers Planned": 3, "Plans": [{"Node Type": "Aggregate", "Strategy": "Sorted", "Partial Mode": "Partial", "Parent Relationship": "Outer", "Parallel Aware": false, "Startup Cost": 413448.78, "Total Cost": 413630.65, "Plan Rows": 5, "Plan Width": 24, "Group Key": ["orders.o_orderpriority"], "Plans": [{"Node Type": "Sort", "Parent Relationship": "Outer", "Parallel Aware": false, "Startup Cost": 413448.78, "Total Cost": 413509.39, "Plan Rows": 24242, "Plan Width": 16, "Sort Key": ["orders.o_orderpriority"], "Plans": [{"Node Type": "Nested Loop", "Parent Relationship": "Outer", "Parallel Aware": false, "Join Type": "Semi", "Startup Cost": 7544.03, "Total Cost": 411683.33, "Plan Rows": 24242, "Plan Width": 16, "Inner Unique": false, "Plans": [{"Node Type": "Bitmap Heap Scan", "Parent Relationship": "Outer", "Parallel Aware": true, "Relation Name": "orders", "Alias": "orders", "Startup Cost": 7543.46, "Total Cost": 271205.7, "Plan Rows": 183349, "Plan Width": 20, "Recheck Cond": "((o_orderdate >= '1994-09-01'::date) AND (o_orderdate < '1994-12-01 00:00:00'::timestamp without time zone))", "Plans": [{"Node Type": "Bitmap Index Scan", "Parent Relationship": "Outer", "Parallel Aware": false, "Index Name": "idx_orders_orderdate", "Startup Cost": 0.0, "Total Cost": 7401.37, "Plan Rows": 568383, "Plan Width": 0, "Index Cond": "((o_orderdate >= '1994-09-01'::date) AND (o_orderdate < '1994-12-01 00:00:00'::timestamp without time zone))"}]}, {"Node Type": "Index Scan", "Parent Relationship": "Inner", "Parallel Aware": false, "Scan Direction": "Forward", "Index Name": "idx_lineitem_orderkey", "Relation Name": "lineitem", "Alias": "lineitem", "Startup Cost": 0.56, "Total Cost": 2.36, "Plan Rows": 10, "Plan Width": 4, "Index Cond": "(l_orderkey = orders.o_orderkey)", "Filter": "(l_commitdate < l_receiptdate)"}]}]}]}]}]}]}}, {"Plan": {"Node Type": "Limit", "Parallel Aware": false, "Startup Cost": 531827.77, "Total Cost": 531864.52, "Plan Rows": 1, "Plan Width": 24, "Plans": [{"Node Type": "Aggregate", "Strategy": "Sorted", "Partial Mode": "Finalize", "Parent Relationship": "Outer", "Parallel Aware": false, "Startup Cost": 531827.77, "Total Cost": 532011.53, "Plan Rows": 5, "Plan Width": 24, "Group Key": ["orders.o_orderpriority"], "Plans": [{"Node Type": "Gather Merge", "Parent Relationship": "Outer", "Parallel Aware": false, "Startup Cost": 531827.77, "Total Cost": 532011.4, "Plan Rows": 15, "Plan Width": 24, "Workers Planned": 3, "Plans": [{"Node Type": "Aggregate", "Strategy": "Sorted", "Partial Mode": "Partial", "Parent Relationship": "Outer", "Parallel Aware": false, "Startup Cost": 530827.73, "Total Cost": 531009.6, "Plan Rows": 5, "Plan Width": 24, "Group Key": ["orders.o_orderpriority"], "Plans": [{"Node Type": "Sort", "Parent Relationship": "Outer", "Parallel Aware": false, "Startup Cost": 530827.73, "Total Cost": 530888.34, "Plan Rows": 24242, "Plan Width": 16, "Sort Key": ["orders.o_orderpriority"], "Plans": [{"Node Type": "Nested Loop", "Parent Relationship": "Outer", "Parallel Aware": false, "Join Type": "Semi", "Startup Cost": 7544.57, "Total Cost": 529062.28, "Plan Rows": 24242, "Plan Width": 16, "Inner Unique": false, "Plans": [{"Node Type": "Bitmap Heap Scan", "Parent Relationship": "Outer", "Parallel Aware": true, "Relation Name": "orders", "Alias": "orders", "Startup Cost": 7543.46, "Total Cost": 271205.7, "Plan Rows": 183349, "Plan Width": 20, "Recheck Cond": "((o_orderdate >= '1994-09-01'::date) AND (o_orderdate < '1994-12-01 00:00:00'::timestamp without time zone))", "Plans": [{"Node Type": "Bitmap Index Scan", "Parent Relationship": "Outer", "Parallel Aware": false, "Index Name": "idx_orders_orderdate", "Startup Cost": 0.0, "Total Cost": 7401.37, "Plan Rows": 568383, "Plan Width": 0, "Index Cond": "((o_orderdate >= '1994-09-01'::date) AND (o_orderdate < '1994-12-01 00:00:00'::timestamp without time zone))"}]}, {"Node Type": "Bitmap Heap Scan", "Parent Relationship": "Inner", "Parallel Aware": false, "Relation Name": "lineitem", "Alias": "lineitem", "Startup Cost": 1.11, "Total Cost": 3.76, "Plan Rows": 10, "Plan Width": 4, "Recheck Cond": "(l_orderkey = orders.o_orderkey)", "Filter": "(l_commitdate < l_receiptdate)", "Plans": [{"Node Type": "Bitmap Index Scan", "Parent Relationship": "Outer", "Parallel Aware": false, "Index Name": "lineitem_pkey", "Startup Cost": 0.0, "Total Cost": 1.11, "Plan Rows": 30, "Plan Width": 0, "Index Cond": "(l_orderkey = orders.o_orderkey)"}]}]}]}]}]}]}]}}, {"Plan": {"Node Type": "Limit", "Parallel Aware": false, "Startup Cost": 4852561.11, "Total Cost": 4852597.86, "Plan Rows": 1, "Plan Width": 24, "Plans": [{"Node Type": "Aggregate", "Strategy": "Sorted", "Partial Mode": "Finalize", "Parent Relationship": "Outer", "Parallel Aware": false, "Startup Cost": 4852561.11, "Total Cost": 4852744.86, "Plan Rows": 5, "Plan Width": 24, "Group Key": ["orders.o_orderpriority"], "Plans": [{"Node Type": "Gather Merge", "Parent Relationship": "Outer", "Parallel Aware": false, "Startup Cost": 4852561.11, "Total Cost": 4852744.73, "Plan Rows": 15, "Plan Width": 24, "Workers Planned": 3, "Plans": [{"Node Type": "Aggregate", "Strategy": "Sorted", "Partial Mode": "Partial", "Parent Relationship": "Outer", "Parallel Aware": false, "Startup Cost": 4851561.07, "Total Cost": 4851742.93, "Plan Rows": 5, "Plan Width": 24, "Group Key": ["orders.o_orderpriority"], "Plans": [{"Node Type": "Sort", "Parent Relationship": "Outer", "Parallel Aware": false, "Startup Cost": 4851561.07, "Total Cost": 4851621.67, "Plan Rows": 24242, "Plan Width": 16, "Sort Key": ["orders.o_orderpriority"], "Plans": [{"Node Type": "Merge Join", "Parent Relationship": "Outer", "Parallel Aware": false, "Join Type": "Semi", "Startup Cost": 4746460.83, "Total Cost": 4849795.62, "Plan Rows": 24242, "Plan Width": 16, "Inner Unique": false, "Merge Cond": "(orders.o_orderkey = lineitem.l_orderkey)", "Plans": [{"Node Type": "Sort", "Parent Relationship": "Outer", "Parallel Aware": false, "Startup Cost": 287234.28, "Total Cost": 287692.66, "Plan Rows": 183349, "Plan Width": 20, "Sort Key": ["orders.o_orderkey"], "Plans": [{"Node Type": "Bitmap Heap Scan", "Parent Relationship": "Outer", "Parallel Aware": true, "Relation Name": "orders", "Alias": "orders", "Startup Cost": 7543.46, "Total Cost": 271205.7, "Plan Rows": 183349, "Plan Width": 20, "Recheck Cond": "((o_orderdate >= '1994-09-01'::date) AND (o_orderdate < '1994-12-01 00:00:00'::timestamp without time zone))", "Plans": [{"Node Type": "Bitmap Index Scan", "Parent Relationship": "Outer", "Parallel Aware": false, "Index Name": "idx_orders_orderdate", "Startup Cost": 0.0, "Total Cost": 7401.37, "Plan Rows": 568383, "Plan Width": 0, "Index Cond": "((o_orderdate >= '1994-09-01'::date) AND (o_orderdate < '1994-12-01 00:00:00'::timestamp without time zone))"}]}]}, {"Node Type": "Sort", "Parent Relationship": "Inner", "Parallel Aware": false, "Startup Cost": 4459224.09, "Total Cost": 4509212.24, "Plan Rows": 19995259, "Plan Width": 4, "Sort Key": ["lineitem.l_orderkey"], "Plans": [{"Node Type": "Seq Scan", "Parent Relationship": "Outer", "Parallel Aware": false, "Relation Name": "lineitem", "Alias": "lineitem", "Startup Cost": 0.0, "Total Cost": 1874364.2, "Plan Rows": 19995259, "Plan Width": 4, "Filter": "(l_commitdate < l_receiptdate)"}]}]}]}]}]}]}]}}, {"Plan": {"Node Type": "Limit", "Parallel Aware": false, "Startup Cost": 531827.77, "Total Cost": 531864.52, "Plan Rows": 1, "Plan Width": 24, "Plans": [{"Node Type": "Aggregate", "Strategy": "Sorted", "Partial Mode": "Finalize", "Parent Relationship": "Outer", "Parallel Aware": false, "Startup Cost": 531827.77, "Total Cost": 532011.53, "Plan Rows": 5, "Plan Width": 24, "Group Key": ["orders.o_orderpriority"], "Plans": [{"Node Type": "Gather Merge", "Parent Relationship": "Outer", "Parallel Aware": false, "Startup Cost": 531827.77, "Total Cost": 532011.4, "Plan Rows": 15, "Plan Width": 24, "Workers Planned": 3, "Plans": [{"Node Type": "Aggregate", "Strategy": "Sorted", "Partial Mode": "Partial", "Parent Relationship": "Outer", "Parallel Aware": false, "Startup Cost": 530827.73, "Total Cost": 531009.6, "Plan Rows": 5, "Plan Width": 24, "Group Key": ["orders.o_orderpriority"], "Plans": [{"Node Type": "Sort", "Parent Relationship": "Outer", "Parallel Aware": false, "Startup Cost": 530827.73, "Total Cost": 530888.34, "Plan Rows": 24242, "Plan Width": 16, "Sort Key": ["orders.o_orderpriority"], "Plans": [{"Node Type": "Nested Loop", "Parent Relationship": "Outer", "Parallel Aware": false, "Join Type": "Semi", "Startup Cost": 7544.57, "Total Cost": 529062.28, "Plan Rows": 24242, "Plan Width": 16, "Inner Unique": false, "Plans": [{"Node Type": "Bitmap Heap Scan", "Parent Relationship": "Outer", "Parallel Aware": true, "Relation Name": "orders", "Alias": "orders", "Startup Cost": 7543.46, "Total Cost": 271205.7, "Plan Rows": 183349, "Plan Width": 20, "Recheck Cond": "((o_orderdate >= '1994-09-01'::date) AND (o_orderdate < '1994-12-01 00:00:00'::timestamp without time zone))", "Plans": [{"Node Type": "Bitmap Index Scan", "Parent Relationship": "Outer", "Parallel Aware": false, "Index Name": "idx_orders_orderdate", "Startup Cost": 0.0, "Total Cost": 7401.37, "Plan Rows": 568383, "Plan Width": 0, "Index Cond": "((o_orderdate >= '1994-09-01'::date) AND (o_orderdate < '1994-12-01 00:00:00'::timestamp without time zone))"}]}, {"Node Type": "Bitmap Heap Scan", "Parent Relationship": "Inner", "Parallel Aware": false, "Relation Name": "lineitem", "Alias": "lineitem", "Startup Cost": 1.11, "Total Cost": 3.76, "Plan Rows": 10, "Plan Width": 4, "Recheck Cond": "(l_orderkey = orders.o_orderkey)", "Filter": "(l_commitdate < l_receiptdate)", "Plans": [{"Node Type": "Bitmap Index Scan", "Parent Relationship": "Outer", "Parallel Aware": false, "Index Name": "lineitem_pkey", "Startup Cost": 0.0, "Total Cost": 1.11, "Plan Rows": 30, "Plan Width": 0, "Index Cond": "(l_orderkey = orders.o_orderkey)"}]}]}]}]}]}]}]}}, {"Plan": {"Node Type": "Limit", "Parallel Aware": false, "Startup Cost": 414448.82, "Total Cost": 414485.57, "Plan Rows": 1, "Plan Width": 24, "Plans": [{"Node Type": "Aggregate", "Strategy": "Sorted", "Partial Mode": "Finalize", "Parent Relationship": "Outer", "Parallel Aware": false, "Startup Cost": 414448.82, "Total Cost": 414632.58, "Plan Rows": 5, "Plan Width": 24, "Group Key": ["orders.o_orderpriority"], "Plans": [{"Node Type": "Gather Merge", "Parent Relationship": "Outer", "Parallel Aware": false, "Startup Cost": 414448.82, "Total Cost": 414632.45, "Plan Rows": 15, "Plan Width": 24, "Workers Planned": 3, "Plans": [{"Node Type": "Aggregate", "Strategy": "Sorted", "Partial Mode": "Partial", "Parent Relationship": "Outer", "Parallel Aware": false, "Startup Cost": 413448.78, "Total Cost": 413630.65, "Plan Rows": 5, "Plan Width": 24, "Group Key": ["orders.o_orderpriority"], "Plans": [{"Node Type": "Sort", "Parent Relationship": "Outer", "Parallel Aware": false, "Startup Cost": 413448.78, "Total Cost": 413509.39, "Plan Rows": 24242, "Plan Width": 16, "Sort Key": ["orders.o_orderpriority"], "Plans": [{"Node Type": "Nested Loop", "Parent Relationship": "Outer", "Parallel Aware": false, "Join Type": "Semi", "Startup Cost": 7544.03, "Total Cost": 411683.33, "Plan Rows": 24242, "Plan Width": 16, "Inner Unique": false, "Plans": [{"Node Type": "Bitmap Heap Scan", "Parent Relationship": "Outer", "Parallel Aware": true, "Relation Name": "orders", "Alias": "orders", "Startup Cost": 7543.46, "Total Cost": 271205.7, "Plan Rows": 183349, "Plan Width": 20, "Recheck Cond": "((o_orderdate >= '1994-09-01'::date) AND (o_orderdate < '1994-12-01 00:00:00'::timestamp without time zone))", "Plans": [{"Node Type": "Bitmap Index Scan", "Parent Relationship": "Outer", "Parallel Aware": false, "Index Name": "idx_orders_orderdate", "Startup Cost": 0.0, "Total Cost": 7401.37, "Plan Rows": 568383, "Plan Width": 0, "Index Cond": "((o_orderdate >= '1994-09-01'::date) AND (o_orderdate < '1994-12-01 00:00:00'::timestamp without time zone))"}]}, {"Node Type": "Index Scan", "Parent Relationship": "Inner", "Parallel Aware": false, "Scan Direction": "Forward", "Index Name": "idx_lineitem_orderkey", "Relation Name": "lineitem", "Alias": "lineitem", "Startup Cost": 0.56, "Total Cost": 2.36, "Plan Rows": 10, "Plan Width": 4, "Index Cond": "(l_orderkey = orders.o_orderkey)", "Filter": "(l_commitdate < l_receiptdate)"}]}]}]}]}]}]}}]