[{"Plan": {"Node Type": "Limit", "Parallel Aware": false, "Startup Cost": 10001136482.56, "Total Cost": 10001136592.9, "Plan Rows": 1, "Plan Width": 24, "Plans": [{"Node Type": "Aggregate", "Strategy": "Sorted", "Partial Mode": "Simple", "Parent Relationship": "Outer", "Parallel Aware": false, "Startup Cost": 10001136482.56, "Total Cost": 10001137034.25, "Plan Rows": 5, "Plan Width": 24, "Group Key": ["orders.o_orderpriority"], "Plans": [{"Node Type": "Sort", "Parent Relationship": "Outer", "Parallel Aware": false, "Startup Cost": 10001136482.56, "Total Cost": 10001136666.44, "Plan Rows": 73553, "Plan Width": 16, "Sort Key": ["orders.o_orderpriority"], "Plans": [{"Node Type": "Nested Loop", "Parent Relationship": "Outer", "Parallel Aware": false, "Join Type": "Semi", "Startup Cost": 10000007384.41, "Total Cost": 10001130537.08, "Plan Rows": 73553, "Plan Width": 16, "Inner Unique": false, "Plans": [{"Node Type": "Bitmap Heap Scan", "Parent Relationship": "Outer", "Parallel Aware": false, "Relation Name": "orders", "Alias": "orders", "Startup Cost": 7383.29, "Total Cost": 276639.76, "Plan Rows": 556298, "Plan Width": 20, "Recheck Cond": "((o_orderdate >= '1997-04-01'::date) AND (o_orderdate < '1997-07-01 00:00:00'::timestamp without time zone))", "Plans": [{"Node Type": "Bitmap Index Scan", "Parent Relationship": "Outer", "Parallel Aware": false, "Index Name": "idx_orders_orderdate", "Startup Cost": 0.0, "Total Cost": 7244.22, "Plan Rows": 556298, "Plan Width": 0, "Index Cond": "((o_orderdate >= '1997-04-01'::date) AND (o_orderdate < '1997-07-01 00:00:00'::timestamp without time zone))"}]}, {"Node Type": "Bitmap Heap Scan", "Parent Relationship": "Inner", "Parallel Aware": false, "Relation Name": "lineitem", "Alias": "lineitem", "Startup Cost": 1.12, "Total Cost": 4.87, "Plan Rows": 10, "Plan Width": 4, "Recheck Cond": "(l_orderkey = orders.o_orderkey)", "Filter": "(l_commitdate < l_receiptdate)", "Plans": [{"Node Type": "Bitmap Index Scan", "Parent Relationship": "Outer", "Parallel Aware": false, "Index Name": "lineitem_pkey", "Startup Cost": 0.0, "Total Cost": 1.12, "Plan Rows": 30, "Plan Width": 0, "Index Cond": "(l_orderkey = orders.o_orderkey)"}]}]}]}]}]}}, {"Plan": {"Node Type": "Limit", "Parallel Aware": false, "Startup Cost": 2255066.07, "Total Cost": 2255102.05, "Plan Rows": 1, "Plan Width": 24, "Plans": [{"Node Type": "Aggregate", "Strategy": "Sorted", "Partial Mode": "Finalize", "Parent Relationship": "Outer", "Parallel Aware": false, "Startup Cost": 2255066.07, "Total Cost": 2255245.96, "Plan Rows": 5, "Plan Width": 24, "Group Key": ["orders.o_orderpriority"], "Plans": [{"Node Type": "Gather Merge", "Parent Relationship": "Outer", "Parallel Aware": false, "Startup Cost": 2255066.07, "Total Cost": 2255245.83, "Plan Rows": 15, "Plan Width": 24, "Workers Planned": 3, "Plans": [{"Node Type": "Aggregate", "Strategy": "Sorted", "Partial Mode": "Partial", "Parent Relationship": "Outer", "Parallel Aware": false, "Startup Cost": 2254066.03, "Total Cost": 2254244.03, "Plan Rows": 5, "Plan Width": 24, "Group Key": ["orders.o_orderpriority"], "Plans": [{"Node Type": "Sort", "Parent Relationship": "Outer", "Parallel Aware": false, "Startup Cost": 2254066.03, "Total Cost": 2254125.35, "Plan Rows": 23727, "Plan Width": 16, "Sort Key": ["orders.o_orderpriority"], "Plans": [{"Node Type": "Hash Join", "Parent Relationship": "Outer", "Parallel Aware": true, "Join Type": "Semi", "Startup Cost": 1960673.31, "Total Cost": 2252341.76, "Plan Rows": 23727, "Plan Width": 16, "Inner Unique": false, "Hash Cond": "(orders.o_orderkey = lineitem.l_orderkey)", "Plans": [{"Node Type": "Bitmap Heap Scan", "Parent Relationship": "Outer", "Parallel Aware": true, "Relation Name": "orders", "Alias": "orders", "Startup Cost": 7383.29, "Total Cost": 270987.05, "Plan Rows": 179451, "Plan Width": 20, "Recheck Cond": "((o_orderdate >= '1997-04-01'::date) AND (o_orderdate < '1997-07-01 00:00:00'::timestamp without time zone))", "Plans": [{"Node Type": "Bitmap Index Scan", "Parent Relationship": "Outer", "Parallel Aware": false, "Index Name": "idx_orders_orderdate", "Startup Cost": 0.0, "Total Cost": 7244.22, "Plan Rows": 556298, "Plan Width": 0, "Index Cond": "((o_orderdate >= '1997-04-01'::date) AND (o_orderdate < '1997-07-01 00:00:00'::timestamp without time zone))"}]}, {"Node Type": "Hash", "Parent Relationship": "Inner", "Parallel Aware": true, "Startup Cost": 1847467.97, "Total Cost": 1847467.97, "Plan Rows": 6450084, "Plan Width": 4, "Plans": [{"Node Type": "Index Scan", "Parent Relationship": "Outer", "Parallel Aware": true, "Scan Direction": "Forward", "Index Name": "idx_lineitem_orderkey", "Relation Name": "lineitem", "Alias": "lineitem", "Startup Cost": 0.56, "Total Cost": 1847467.97, "Plan Rows": 6450084, "Plan Width": 4, "Filter": "(l_commitdate < l_receiptdate)"}]}]}]}]}]}]}]}}, {"Plan": {"Node Type": "Limit", "Parallel Aware": false, "Startup Cost": 2255066.07, "Total Cost": 2255102.05, "Plan Rows": 1, "Plan Width": 24, "Plans": [{"Node Type": "Aggregate", "Strategy": "Sorted", "Partial Mode": "Finalize", "Parent Relationship": "Outer", "Parallel Aware": false, "Startup Cost": 2255066.07, "Total Cost": 2255245.96, "Plan Rows": 5, "Plan Width": 24, "Group Key": ["orders.o_orderpriority"], "Plans": [{"Node Type": "Gather Merge", "Parent Relationship": "Outer", "Parallel Aware": false, "Startup Cost": 2255066.07, "Total Cost": 2255245.83, "Plan Rows": 15, "Plan Width": 24, "Workers Planned": 3, "Plans": [{"Node Type": "Aggregate", "Strategy": "Sorted", "Partial Mode": "Partial", "Parent Relationship": "Outer", "Parallel Aware": false, "Startup Cost": 2254066.03, "Total Cost": 2254244.03, "Plan Rows": 5, "Plan Width": 24, "Group Key": ["orders.o_orderpriority"], "Plans": [{"Node Type": "Sort", "Parent Relationship": "Outer", "Parallel Aware": false, "Startup Cost": 2254066.03, "Total Cost": 2254125.35, "Plan Rows": 23727, "Plan Width": 16, "Sort Key": ["orders.o_orderpriority"], "Plans": [{"Node Type": "Hash Join", "Parent Relationship": "Outer", "Parallel Aware": true, "Join Type": "Semi", "Startup Cost": 1960673.31, "Total Cost": 2252341.76, "Plan Rows": 23727, "Plan Width": 16, "Inner Unique": false, "Hash Cond": "(orders.o_orderkey = lineitem.l_orderkey)", "Plans": [{"Node Type": "Bitmap Heap Scan", "Parent Relationship": "Outer", "Parallel Aware": true, "Relation Name": "orders", "Alias": "orders", "Startup Cost": 7383.29, "Total Cost": 270987.05, "Plan Rows": 179451, "Plan Width": 20, "Recheck Cond": "((o_orderdate >= '1997-04-01'::date) AND (o_orderdate < '1997-07-01 00:00:00'::timestamp without time zone))", "Plans": [{"Node Type": "Bitmap Index Scan", "Parent Relationship": "Outer", "Parallel Aware": false, "Index Name": "idx_orders_orderdate", "Startup Cost": 0.0, "Total Cost": 7244.22, "Plan Rows": 556298, "Plan Width": 0, "Index Cond": "((o_orderdate >= '1997-04-01'::date) AND (o_orderdate < '1997-07-01 00:00:00'::timestamp without time zone))"}]}, {"Node Type": "Hash", "Parent Relationship": "Inner", "Parallel Aware": true, "Startup Cost": 1847467.97, "Total Cost": 1847467.97, "Plan Rows": 6450084, "Plan Width": 4, "Plans": [{"Node Type": "Index Scan", "Parent Relationship": "Outer", "Parallel Aware": true, "Scan Direction": "Forward", "Index Name": "idx_lineitem_orderkey", "Relation Name": "lineitem", "Alias": "lineitem", "Startup Cost": 0.56, "Total Cost": 1847467.97, "Plan Rows": 6450084, "Plan Width": 4, "Filter": "(l_commitdate < l_receiptdate)"}]}]}]}]}]}]}]}}, {"Plan": {"Node Type": "Limit", "Parallel Aware": false, "Startup Cost": 411415.05, "Total Cost": 411451.03, "Plan Rows": 1, "Plan Width": 24, "Plans": [{"Node Type": "Aggregate", "Strategy": "Sorted", "Partial Mode": "Finalize", "Parent Relationship": "Outer", "Parallel Aware": false, "Startup Cost": 411415.05, "Total Cost": 411594.94, "Plan Rows": 5, "Plan Width": 24, "Group Key": ["orders.o_orderpriority"], "Plans": [{"Node Type": "Gather Merge", "Parent Relationship": "Outer", "Parallel Aware": false, "Startup Cost": 411415.05, "Total Cost": 411594.81, "Plan Rows": 15, "Plan Width": 24, "Workers Planned": 3, "Plans": [{"Node Type": "Aggregate", "Strategy": "Sorted", "Partial Mode": "Partial", "Parent Relationship": "Outer", "Parallel Aware": false, "Startup Cost": 410415.01, "Total Cost": 410593.01, "Plan Rows": 5, "Plan Width": 24, "Group Key": ["orders.o_orderpriority"], "Plans": [{"Node Type": "Sort", "Parent Relationship": "Outer", "Parallel Aware": false, "Startup Cost": 410415.01, "Total Cost": 410474.32, "Plan Rows": 23727, "Plan Width": 16, "Sort Key": ["orders.o_orderpriority"], "Plans": [{"Node Type": "Nested Loop", "Parent Relationship": "Outer", "Parallel Aware": false, "Join Type": "Semi", "Startup Cost": 7383.85, "Total Cost": 408690.74, "Plan Rows": 23727, "Plan Width": 16, "Inner Unique": false, "Plans": [{"Node Type": "Bitmap Heap Scan", "Parent Relationship": "Outer", "Parallel Aware": true, "Relation Name": "orders", "Alias": "orders", "Startup Cost": 7383.29, "Total Cost": 270987.05, "Plan Rows": 179451, "Plan Width": 20, "Recheck Cond": "((o_orderdate >= '1997-04-01'::date) AND (o_orderdate < '1997-07-01 00:00:00'::timestamp without time zone))", "Plans": [{"Node Type": "Bitmap Index Scan", "Parent Relationship": "Outer", "Parallel Aware": false, "Index Name": "idx_orders_orderdate", "Startup Cost": 0.0, "Total Cost": 7244.22, "Plan Rows": 556298, "Plan Width": 0, "Index Cond": "((o_orderdate >= '1997-04-01'::date) AND (o_orderdate < '1997-07-01 00:00:00'::timestamp without time zone))"}]}, {"Node Type": "Index Scan", "Parent Relationship": "Inner", "Parallel Aware": false, "Scan Direction": "Forward", "Index Name": "idx_lineitem_orderkey", "Relation Name": "lineitem", "Alias": "lineitem", "Startup Cost": 0.56, "Total Cost": 2.37, "Plan Rows": 10, "Plan Width": 4, "Index Cond": "(l_orderkey = orders.o_orderkey)", "Filter": "(l_commitdate < l_receiptdate)"}]}]}]}]}]}]}}, {"Plan": {"Node Type": "Limit", "Parallel Aware": false, "Startup Cost": 1774018.22, "Total Cost": 1774054.2, "Plan Rows": 1, "Plan Width": 24, "Plans": [{"Node Type": "Aggregate", "Strategy": "Sorted", "Partial Mode": "Finalize", "Parent Relationship": "Outer", "Parallel Aware": false, "Startup Cost": 1774018.22, "Total Cost": 1774198.11, "Plan Rows": 5, "Plan Width": 24, "Group Key": ["orders.o_orderpriority"], "Plans": [{"Node Type": "Gather Merge", "Parent Relationship": "Outer", "Parallel Aware": false, "Startup Cost": 1774018.22, "Total Cost": 1774197.99, "Plan Rows": 15, "Plan Width": 24, "Workers Planned": 3, "Plans": [{"Node Type": "Aggregate", "Strategy": "Sorted", "Partial Mode": "Partial", "Parent Relationship": "Outer", "Parallel Aware": false, "Startup Cost": 1773018.18, "Total Cost": 1773196.19, "Plan Rows": 5, "Plan Width": 24, "Group Key": ["orders.o_orderpriority"], "Plans": [{"Node Type": "Sort", "Parent Relationship": "Outer", "Parallel Aware": false, "Startup Cost": 1773018.18, "Total Cost": 1773077.5, "Plan Rows": 23727, "Plan Width": 16, "Sort Key": ["orders.o_orderpriority"], "Plans": [{"Node Type": "Hash Join", "Parent Relationship": "Outer", "Parallel Aware": true, "Join Type": "Semi", "Startup Cost": 1479625.47, "Total Cost": 1771293.91, "Plan Rows": 23727, "Plan Width": 16, "Inner Unique": false, "Hash Cond": "(orders.o_orderkey = lineitem.l_orderkey)", "Plans": [{"Node Type": "Bitmap Heap Scan", "Parent Relationship": "Outer", "Parallel Aware": true, "Relation Name": "orders", "Alias": "orders", "Startup Cost": 7383.29, "Total Cost": 270987.05, "Plan Rows": 179451, "Plan Width": 20, "Recheck Cond": "((o_orderdate >= '1997-04-01'::date) AND (o_orderdate < '1997-07-01 00:00:00'::timestamp without time zone))", "Plans": [{"Node Type": "Bitmap Index Scan", "Parent Relationship": "Outer", "Parallel Aware": false, "Index Name": "idx_orders_orderdate", "Startup Cost": 0.0, "Total Cost": 7244.22, "Plan Rows": 556298, "Plan Width": 0, "Index Cond": "((o_orderdate >= '1997-04-01'::date) AND (o_orderdate < '1997-07-01 00:00:00'::timestamp without time zone))"}]}, {"Node Type": "Hash", "Parent Relationship": "Inner", "Parallel Aware": true, "Startup Cost": 1366420.13, "Total Cost": 1366420.13, "Plan Rows": 6450084, "Plan Width": 4, "Plans": [{"Node Type": "Seq Scan", "Parent Relationship": "Outer", "Parallel Aware": true, "Relation Name": "lineitem", "Alias": "lineitem", "Startup Cost": 0.0, "Total Cost": 1366420.13, "Plan Rows": 6450084, "Plan Width": 4, "Filter": "(l_commitdate < l_receiptdate)"}]}]}]}]}]}]}]}}, {"Plan": {"Node Type": "Limit", "Parallel Aware": false, "Startup Cost": 411415.05, "Total Cost": 411451.03, "Plan Rows": 1, "Plan Width": 24, "Plans": [{"Node Type": "Aggregate", "Strategy": "Sorted", "Partial Mode": "Finalize", "Parent Relationship": "Outer", "Parallel Aware": false, "Startup Cost": 411415.05, "Total Cost": 411594.94, "Plan Rows": 5, "Plan Width": 24, "Group Key": ["orders.o_orderpriority"], "Plans": [{"Node Type": "Gather Merge", "Parent Relationship": "Outer", "Parallel Aware": false, "Startup Cost": 411415.05, "Total Cost": 411594.81, "Plan Rows": 15, "Plan Width": 24, "Workers Planned": 3, "Plans": [{"Node Type": "Aggregate", "Strategy": "Sorted", "Partial Mode": "Partial", "Parent Relationship": "Outer", "Parallel Aware": false, "Startup Cost": 410415.01, "Total Cost": 410593.01, "Plan Rows": 5, "Plan Width": 24, "Group Key": ["orders.o_orderpriority"], "Plans": [{"Node Type": "Sort", "Parent Relationship": "Outer", "Parallel Aware": false, "Startup Cost": 410415.01, "Total Cost": 410474.32, "Plan Rows": 23727, "Plan Width": 16, "Sort Key": ["orders.o_orderpriority"], "Plans": [{"Node Type": "Nested Loop", "Parent Relationship": "Outer", "Parallel Aware": false, "Join Type": "Semi", "Startup Cost": 7383.85, "Total Cost": 408690.74, "Plan Rows": 23727, "Plan Width": 16, "Inner Unique": false, "Plans": [{"Node Type": "Bitmap Heap Scan", "Parent Relationship": "Outer", "Parallel Aware": true, "Relation Name": "orders", "Alias": "orders", "Startup Cost": 7383.29, "Total Cost": 270987.05, "Plan Rows": 179451, "Plan Width": 20, "Recheck Cond": "((o_orderdate >= '1997-04-01'::date) AND (o_orderdate < '1997-07-01 00:00:00'::timestamp without time zone))", "Plans": [{"Node Type": "Bitmap Index Scan", "Parent Relationship": "Outer", "Parallel Aware": false, "Index Name": "idx_orders_orderdate", "Startup Cost": 0.0, "Total Cost": 7244.22, "Plan Rows": 556298, "Plan Width": 0, "Index Cond": "((o_orderdate >= '1997-04-01'::date) AND (o_orderdate < '1997-07-01 00:00:00'::timestamp without time zone))"}]}, {"Node Type": "Index Scan", "Parent Relationship": "Inner", "Parallel Aware": false, "Scan Direction": "Forward", "Index Name": "idx_lineitem_orderkey", "Relation Name": "lineitem", "Alias": "lineitem", "Startup Cost": 0.56, "Total Cost": 2.37, "Plan Rows": 10, "Plan Width": 4, "Index Cond": "(l_orderkey = orders.o_orderkey)", "Filter": "(l_commitdate < l_receiptdate)"}]}]}]}]}]}]}}, {"Plan": {"Node Type": "Limit", "Parallel Aware": false, "Startup Cost": 411415.05, "Total Cost": 411451.03, "Plan Rows": 1, "Plan Width": 24, "Plans": [{"Node Type": "Aggregate", "Strategy": "Sorted", "Partial Mode": "Finalize", "Parent Relationship": "Outer", "Parallel Aware": false, "Startup Cost": 411415.05, "Total Cost": 411594.94, "Plan Rows": 5, "Plan Width": 24, "Group Key": ["orders.o_orderpriority"], "Plans": [{"Node Type": "Gather Merge", "Parent Relationship": "Outer", "Parallel Aware": false, "Startup Cost": 411415.05, "Total Cost": 411594.81, "Plan Rows": 15, "Plan Width": 24, "Workers Planned": 3, "Plans": [{"Node Type": "Aggregate", "Strategy": "Sorted", "Partial Mode": "Partial", "Parent Relationship": "Outer", "Parallel Aware": false, "Startup Cost": 410415.01, "Total Cost": 410593.01, "Plan Rows": 5, "Plan Width": 24, "Group Key": ["orders.o_orderpriority"], "Plans": [{"Node Type": "Sort", "Parent Relationship": "Outer", "Parallel Aware": false, "Startup Cost": 410415.01, "Total Cost": 410474.32, "Plan Rows": 23727, "Plan Width": 16, "Sort Key": ["orders.o_orderpriority"], "Plans": [{"Node Type": "Nested Loop", "Parent Relationship": "Outer", "Parallel Aware": false, "Join Type": "Semi", "Startup Cost": 7383.85, "Total Cost": 408690.74, "Plan Rows": 23727, "Plan Width": 16, "Inner Unique": false, "Plans": [{"Node Type": "Bitmap Heap Scan", "Parent Relationship": "Outer", "Parallel Aware": true, "Relation Name": "orders", "Alias": "orders", "Startup Cost": 7383.29, "Total Cost": 270987.05, "Plan Rows": 179451, "Plan Width": 20, "Recheck Cond": "((o_orderdate >= '1997-04-01'::date) AND (o_orderdate < '1997-07-01 00:00:00'::timestamp without time zone))", "Plans": [{"Node Type": "Bitmap Index Scan", "Parent Relationship": "Outer", "Parallel Aware": false, "Index Name": "idx_orders_orderdate", "Startup Cost": 0.0, "Total Cost": 7244.22, "Plan Rows": 556298, "Plan Width": 0, "Index Cond": "((o_orderdate >= '1997-04-01'::date) AND (o_orderdate < '1997-07-01 00:00:00'::timestamp without time zone))"}]}, {"Node Type": "Index Scan", "Parent Relationship": "Inner", "Parallel Aware": false, "Scan Direction": "Forward", "Index Name": "idx_lineitem_orderkey", "Relation Name": "lineitem", "Alias": "lineitem", "Startup Cost": 0.56, "Total Cost": 2.37, "Plan Rows": 10, "Plan Width": 4, "Index Cond": "(l_orderkey = orders.o_orderkey)", "Filter": "(l_commitdate < l_receiptdate)"}]}]}]}]}]}]}}, {"Plan": {"Node Type": "Limit", "Parallel Aware": false, "Startup Cost": 1774018.22, "Total Cost": 1774054.2, "Plan Rows": 1, "Plan Width": 24, "Plans": [{"Node Type": "Aggregate", "Strategy": "Sorted", "Partial Mode": "Finalize", "Parent Relationship": "Outer", "Parallel Aware": false, "Startup Cost": 1774018.22, "Total Cost": 1774198.11, "Plan Rows": 5, "Plan Width": 24, "Group Key": ["orders.o_orderpriority"], "Plans": [{"Node Type": "Gather Merge", "Parent Relationship": "Outer", "Parallel Aware": false, "Startup Cost": 1774018.22, "Total Cost": 1774197.99, "Plan Rows": 15, "Plan Width": 24, "Workers Planned": 3, "Plans": [{"Node Type": "Aggregate", "Strategy": "Sorted", "Partial Mode": "Partial", "Parent Relationship": "Outer", "Parallel Aware": false, "Startup Cost": 1773018.18, "Total Cost": 1773196.19, "Plan Rows": 5, "Plan Width": 24, "Group Key": ["orders.o_orderpriority"], "Plans": [{"Node Type": "Sort", "Parent Relationship": "Outer", "Parallel Aware": false, "Startup Cost": 1773018.18, "Total Cost": 1773077.5, "Plan Rows": 23727, "Plan Width": 16, "Sort Key": ["orders.o_orderpriority"], "Plans": [{"Node Type": "Hash Join", "Parent Relationship": "Outer", "Parallel Aware": true, "Join Type": "Semi", "Startup Cost": 1479625.47, "Total Cost": 1771293.91, "Plan Rows": 23727, "Plan Width": 16, "Inner Unique": false, "Hash Cond": "(orders.o_orderkey = lineitem.l_orderkey)", "Plans": [{"Node Type": "Bitmap Heap Scan", "Parent Relationship": "Outer", "Parallel Aware": true, "Relation Name": "orders", "Alias": "orders", "Startup Cost": 7383.29, "Total Cost": 270987.05, "Plan Rows": 179451, "Plan Width": 20, "Recheck Cond": "((o_orderdate >= '1997-04-01'::date) AND (o_orderdate < '1997-07-01 00:00:00'::timestamp without time zone))", "Plans": [{"Node Type": "Bitmap Index Scan", "Parent Relationship": "Outer", "Parallel Aware": false, "Index Name": "idx_orders_orderdate", "Startup Cost": 0.0, "Total Cost": 7244.22, "Plan Rows": 556298, "Plan Width": 0, "Index Cond": "((o_orderdate >= '1997-04-01'::date) AND (o_orderdate < '1997-07-01 00:00:00'::timestamp without time zone))"}]}, {"Node Type": "Hash", "Parent Relationship": "Inner", "Parallel Aware": true, "Startup Cost": 1366420.13, "Total Cost": 1366420.13, "Plan Rows": 6450084, "Plan Width": 4, "Plans": [{"Node Type": "Seq Scan", "Parent Relationship": "Outer", "Parallel Aware": true, "Relation Name": "lineitem", "Alias": "lineitem", "Startup Cost": 0.0, "Total Cost": 1366420.13, "Plan Rows": 6450084, "Plan Width": 4, "Filter": "(l_commitdate < l_receiptdate)"}]}]}]}]}]}]}]}}, {"Plan": {"Node Type": "Limit", "Parallel Aware": false, "Startup Cost": 10001136482.56, "Total Cost": 10001136592.9, "Plan Rows": 1, "Plan Width": 24, "Plans": [{"Node Type": "Aggregate", "Strategy": "Sorted", "Partial Mode": "Simple", "Parent Relationship": "Outer", "Parallel Aware": false, "Startup Cost": 10001136482.56, "Total Cost": 10001137034.25, "Plan Rows": 5, "Plan Width": 24, "Group Key": ["orders.o_orderpriority"], "Plans": [{"Node Type": "Sort", "Parent Relationship": "Outer", "Parallel Aware": false, "Startup Cost": 10001136482.56, "Total Cost": 10001136666.44, "Plan Rows": 73553, "Plan Width": 16, "Sort Key": ["orders.o_orderpriority"], "Plans": [{"Node Type": "Nested Loop", "Parent Relationship": "Outer", "Parallel Aware": false, "Join Type": "Semi", "Startup Cost": 10000007384.41, "Total Cost": 10001130537.08, "Plan Rows": 73553, "Plan Width": 16, "Inner Unique": false, "Plans": [{"Node Type": "Bitmap Heap Scan", "Parent Relationship": "Outer", "Parallel Aware": false, "Relation Name": "orders", "Alias": "orders", "Startup Cost": 7383.29, "Total Cost": 276639.76, "Plan Rows": 556298, "Plan Width": 20, "Recheck Cond": "((o_orderdate >= '1997-04-01'::date) AND (o_orderdate < '1997-07-01 00:00:00'::timestamp without time zone))", "Plans": [{"Node Type": "Bitmap Index Scan", "Parent Relationship": "Outer", "Parallel Aware": false, "Index Name": "idx_orders_orderdate", "Startup Cost": 0.0, "Total Cost": 7244.22, "Plan Rows": 556298, "Plan Width": 0, "Index Cond": "((o_orderdate >= '1997-04-01'::date) AND (o_orderdate < '1997-07-01 00:00:00'::timestamp without time zone))"}]}, {"Node Type": "Bitmap Heap Scan", "Parent Relationship": "Inner", "Parallel Aware": false, "Relation Name": "lineitem", "Alias": "lineitem", "Startup Cost": 1.12, "Total Cost": 4.87, "Plan Rows": 10, "Plan Width": 4, "Recheck Cond": "(l_orderkey = orders.o_orderkey)", "Filter": "(l_commitdate < l_receiptdate)", "Plans": [{"Node Type": "Bitmap Index Scan", "Parent Relationship": "Outer", "Parallel Aware": false, "Index Name": "lineitem_pkey", "Startup Cost": 0.0, "Total Cost": 1.12, "Plan Rows": 30, "Plan Width": 0, "Index Cond": "(l_orderkey = orders.o_orderkey)"}]}]}]}]}]}}, {"Plan": {"Node Type": "Limit", "Parallel Aware": false, "Startup Cost": 549162.23, "Total Cost": 549198.21, "Plan Rows": 1, "Plan Width": 24, "Plans": [{"Node Type": "Aggregate", "Strategy": "Sorted", "Partial Mode": "Finalize", "Parent Relationship": "Outer", "Parallel Aware": false, "Startup Cost": 549162.23, "Total Cost": 549342.12, "Plan Rows": 5, "Plan Width": 24, "Group Key": ["orders.o_orderpriority"], "Plans": [{"Node Type": "Gather Merge", "Parent Relationship": "Outer", "Parallel Aware": false, "Startup Cost": 549162.23, "Total Cost": 549342.0, "Plan Rows": 15, "Plan Width": 24, "Workers Planned": 3, "Plans": [{"Node Type": "Aggregate", "Strategy": "Sorted", "Partial Mode": "Partial", "Parent Relationship": "Outer", "Parallel Aware": false, "Startup Cost": 548162.19, "Total Cost": 548340.2, "Plan Rows": 5, "Plan Width": 24, "Group Key": ["orders.o_orderpriority"], "Plans": [{"Node Type": "Sort", "Parent Relationship": "Outer", "Parallel Aware": false, "Startup Cost": 548162.19, "Total Cost": 548221.51, "Plan Rows": 23727, "Plan Width": 16, "Sort Key": ["orders.o_orderpriority"], "Plans": [{"Node Type": "Nested Loop", "Parent Relationship": "Outer", "Parallel Aware": false, "Join Type": "Semi", "Startup Cost": 7384.41, "Total Cost": 546437.92, "Plan Rows": 23727, "Plan Width": 16, "Inner Unique": false, "Plans": [{"Node Type": "Bitmap Heap Scan", "Parent Relationship": "Outer", "Parallel Aware": true, "Relation Name": "orders", "Alias": "orders", "Startup Cost": 7383.29, "Total Cost": 270987.05, "Plan Rows": 179451, "Plan Width": 20, "Recheck Cond": "((o_orderdate >= '1997-04-01'::date) AND (o_orderdate < '1997-07-01 00:00:00'::timestamp without time zone))", "Plans": [{"Node Type": "Bitmap Index Scan", "Parent Relationship": "Outer", "Parallel Aware": false, "Index Name": "idx_orders_orderdate", "Startup Cost": 0.0, "Total Cost": 7244.22, "Plan Rows": 556298, "Plan Width": 0, "Index Cond": "((o_orderdate >= '1997-04-01'::date) AND (o_orderdate < '1997-07-01 00:00:00'::timestamp without time zone))"}]}, {"Node Type": "Bitmap Heap Scan", "Parent Relationship": "Inner", "Parallel Aware": false, "Relation Name": "lineitem", "Alias": "lineitem", "Startup Cost": 1.12, "Total Cost": 4.87, "Plan Rows": 10, "Plan Width": 4, "Recheck Cond": "(l_orderkey = orders.o_orderkey)", "Filter": "(l_commitdate < l_receiptdate)", "Plans": [{"Node Type": "Bitmap Index Scan", "Parent Relationship": "Outer", "Parallel Aware": false, "Index Name": "lineitem_pkey", "Startup Cost": 0.0, "Total Cost": 1.12, "Plan Rows": 30, "Plan Width": 0, "Index Cond": "(l_orderkey = orders.o_orderkey)"}]}]}]}]}]}]}]}}, {"Plan": {"Node Type": "Limit", "Parallel Aware": false, "Startup Cost": 549162.23, "Total Cost": 549198.21, "Plan Rows": 1, "Plan Width": 24, "Plans": [{"Node Type": "Aggregate", "Strategy": "Sorted", "Partial Mode": "Finalize", "Parent Relationship": "Outer", "Parallel Aware": false, "Startup Cost": 549162.23, "Total Cost": 549342.12, "Plan Rows": 5, "Plan Width": 24, "Group Key": ["orders.o_orderpriority"], "Plans": [{"Node Type": "Gather Merge", "Parent Relationship": "Outer", "Parallel Aware": false, "Startup Cost": 549162.23, "Total Cost": 549342.0, "Plan Rows": 15, "Plan Width": 24, "Workers Planned": 3, "Plans": [{"Node Type": "Aggregate", "Strategy": "Sorted", "Partial Mode": "Partial", "Parent Relationship": "Outer", "Parallel Aware": false, "Startup Cost": 548162.19, "Total Cost": 548340.2, "Plan Rows": 5, "Plan Width": 24, "Group Key": ["orders.o_orderpriority"], "Plans": [{"Node Type": "Sort", "Parent Relationship": "Outer", "Parallel Aware": false, "Startup Cost": 548162.19, "Total Cost": 548221.51, "Plan Rows": 23727, "Plan Width": 16, "Sort Key": ["orders.o_orderpriority"], "Plans": [{"Node Type": "Nested Loop", "Parent Relationship": "Outer", "Parallel Aware": false, "Join Type": "Semi", "Startup Cost": 7384.41, "Total Cost": 546437.92, "Plan Rows": 23727, "Plan Width": 16, "Inner Unique": false, "Plans": [{"Node Type": "Bitmap Heap Scan", "Parent Relationship": "Outer", "Parallel Aware": true, "Relation Name": "orders", "Alias": "orders", "Startup Cost": 7383.29, "Total Cost": 270987.05, "Plan Rows": 179451, "Plan Width": 20, "Recheck Cond": "((o_orderdate >= '1997-04-01'::date) AND (o_orderdate < '1997-07-01 00:00:00'::timestamp without time zone))", "Plans": [{"Node Type": "Bitmap Index Scan", "Parent Relationship": "Outer", "Parallel Aware": false, "Index Name": "idx_orders_orderdate", "Startup Cost": 0.0, "Total Cost": 7244.22, "Plan Rows": 556298, "Plan Width": 0, "Index Cond": "((o_orderdate >= '1997-04-01'::date) AND (o_orderdate < '1997-07-01 00:00:00'::timestamp without time zone))"}]}, {"Node Type": "Bitmap Heap Scan", "Parent Relationship": "Inner", "Parallel Aware": false, "Relation Name": "lineitem", "Alias": "lineitem", "Startup Cost": 1.12, "Total Cost": 4.87, "Plan Rows": 10, "Plan Width": 4, "Recheck Cond": "(l_orderkey = orders.o_orderkey)", "Filter": "(l_commitdate < l_receiptdate)", "Plans": [{"Node Type": "Bitmap Index Scan", "Parent Relationship": "Outer", "Parallel Aware": false, "Index Name": "lineitem_pkey", "Startup Cost": 0.0, "Total Cost": 1.12, "Plan Rows": 30, "Plan Width": 0, "Index Cond": "(l_orderkey = orders.o_orderkey)"}]}]}]}]}]}]}]}}, {"Plan": {"Node Type": "Limit", "Parallel Aware": false, "Startup Cost": 1774018.22, "Total Cost": 1774054.2, "Plan Rows": 1, "Plan Width": 24, "Plans": [{"Node Type": "Aggregate", "Strategy": "Sorted", "Partial Mode": "Finalize", "Parent Relationship": "Outer", "Parallel Aware": false, "Startup Cost": 1774018.22, "Total Cost": 1774198.11, "Plan Rows": 5, "Plan Width": 24, "Group Key": ["orders.o_orderpriority"], "Plans": [{"Node Type": "Gather Merge", "Parent Relationship": "Outer", "Parallel Aware": false, "Startup Cost": 1774018.22, "Total Cost": 1774197.99, "Plan Rows": 15, "Plan Width": 24, "Workers Planned": 3, "Plans": [{"Node Type": "Aggregate", "Strategy": "Sorted", "Partial Mode": "Partial", "Parent Relationship": "Outer", "Parallel Aware": false, "Startup Cost": 1773018.18, "Total Cost": 1773196.19, "Plan Rows": 5, "Plan Width": 24, "Group Key": ["orders.o_orderpriority"], "Plans": [{"Node Type": "Sort", "Parent Relationship": "Outer", "Parallel Aware": false, "Startup Cost": 1773018.18, "Total Cost": 1773077.5, "Plan Rows": 23727, "Plan Width": 16, "Sort Key": ["orders.o_orderpriority"], "Plans": [{"Node Type": "Hash Join", "Parent Relationship": "Outer", "Parallel Aware": true, "Join Type": "Semi", "Startup Cost": 1479625.47, "Total Cost": 1771293.91, "Plan Rows": 23727, "Plan Width": 16, "Inner Unique": false, "Hash Cond": "(orders.o_orderkey = lineitem.l_orderkey)", "Plans": [{"Node Type": "Bitmap Heap Scan", "Parent Relationship": "Outer", "Parallel Aware": true, "Relation Name": "orders", "Alias": "orders", "Startup Cost": 7383.29, "Total Cost": 270987.05, "Plan Rows": 179451, "Plan Width": 20, "Recheck Cond": "((o_orderdate >= '1997-04-01'::date) AND (o_orderdate < '1997-07-01 00:00:00'::timestamp without time zone))", "Plans": [{"Node Type": "Bitmap Index Scan", "Parent Relationship": "Outer", "Parallel Aware": false, "Index Name": "idx_orders_orderdate", "Startup Cost": 0.0, "Total Cost": 7244.22, "Plan Rows": 556298, "Plan Width": 0, "Index Cond": "((o_orderdate >= '1997-04-01'::date) AND (o_orderdate < '1997-07-01 00:00:00'::timestamp without time zone))"}]}, {"Node Type": "Hash", "Parent Relationship": "Inner", "Parallel Aware": true, "Startup Cost": 1366420.13, "Total Cost": 1366420.13, "Plan Rows": 6450084, "Plan Width": 4, "Plans": [{"Node Type": "Seq Scan", "Parent Relationship": "Outer", "Parallel Aware": true, "Relation Name": "lineitem", "Alias": "lineitem", "Startup Cost": 0.0, "Total Cost": 1366420.13, "Plan Rows": 6450084, "Plan Width": 4, "Filter": "(l_commitdate < l_receiptdate)"}]}]}]}]}]}]}]}}, {"Plan": {"Node Type": "Limit", "Parallel Aware": false, "Startup Cost": 549162.23, "Total Cost": 549198.21, "Plan Rows": 1, "Plan Width": 24, "Plans": [{"Node Type": "Aggregate", "Strategy": "Sorted", "Partial Mode": "Finalize", "Parent Relationship": "Outer", "Parallel Aware": false, "Startup Cost": 549162.23, "Total Cost": 549342.12, "Plan Rows": 5, "Plan Width": 24, "Group Key": ["orders.o_orderpriority"], "Plans": [{"Node Type": "Gather Merge", "Parent Relationship": "Outer", "Parallel Aware": false, "Startup Cost": 549162.23, "Total Cost": 549342.0, "Plan Rows": 15, "Plan Width": 24, "Workers Planned": 3, "Plans": [{"Node Type": "Aggregate", "Strategy": "Sorted", "Partial Mode": "Partial", "Parent Relationship": "Outer", "Parallel Aware": false, "Startup Cost": 548162.19, "Total Cost": 548340.2, "Plan Rows": 5, "Plan Width": 24, "Group Key": ["orders.o_orderpriority"], "Plans": [{"Node Type": "Sort", "Parent Relationship": "Outer", "Parallel Aware": false, "Startup Cost": 548162.19, "Total Cost": 548221.51, "Plan Rows": 23727, "Plan Width": 16, "Sort Key": ["orders.o_orderpriority"], "Plans": [{"Node Type": "Nested Loop", "Parent Relationship": "Outer", "Parallel Aware": false, "Join Type": "Semi", "Startup Cost": 7384.41, "Total Cost": 546437.92, "Plan Rows": 23727, "Plan Width": 16, "Inner Unique": false, "Plans": [{"Node Type": "Bitmap Heap Scan", "Parent Relationship": "Outer", "Parallel Aware": true, "Relation Name": "orders", "Alias": "orders", "Startup Cost": 7383.29, "Total Cost": 270987.05, "Plan Rows": 179451, "Plan Width": 20, "Recheck Cond": "((o_orderdate >= '1997-04-01'::date) AND (o_orderdate < '1997-07-01 00:00:00'::timestamp without time zone))", "Plans": [{"Node Type": "Bitmap Index Scan", "Parent Relationship": "Outer", "Parallel Aware": false, "Index Name": "idx_orders_orderdate", "Startup Cost": 0.0, "Total Cost": 7244.22, "Plan Rows": 556298, "Plan Width": 0, "Index Cond": "((o_orderdate >= '1997-04-01'::date) AND (o_orderdate < '1997-07-01 00:00:00'::timestamp without time zone))"}]}, {"Node Type": "Bitmap Heap Scan", "Parent Relationship": "Inner", "Parallel Aware": false, "Relation Name": "lineitem", "Alias": "lineitem", "Startup Cost": 1.12, "Total Cost": 4.87, "Plan Rows": 10, "Plan Width": 4, "Recheck Cond": "(l_orderkey = orders.o_orderkey)", "Filter": "(l_commitdate < l_receiptdate)", "Plans": [{"Node Type": "Bitmap Index Scan", "Parent Relationship": "Outer", "Parallel Aware": false, "Index Name": "lineitem_pkey", "Startup Cost": 0.0, "Total Cost": 1.12, "Plan Rows": 30, "Plan Width": 0, "Index Cond": "(l_orderkey = orders.o_orderkey)"}]}]}]}]}]}]}]}}, {"Plan": {"Node Type": "Limit", "Parallel Aware": false, "Startup Cost": 549162.23, "Total Cost": 549198.21, "Plan Rows": 1, "Plan Width": 24, "Plans": [{"Node Type": "Aggregate", "Strategy": "Sorted", "Partial Mode": "Finalize", "Parent Relationship": "Outer", "Parallel Aware": false, "Startup Cost": 549162.23, "Total Cost": 549342.12, "Plan Rows": 5, "Plan Width": 24, "Group Key": ["orders.o_orderpriority"], "Plans": [{"Node Type": "Gather Merge", "Parent Relationship": "Outer", "Parallel Aware": false, "Startup Cost": 549162.23, "Total Cost": 549342.0, "Plan Rows": 15, "Plan Width": 24, "Workers Planned": 3, "Plans": [{"Node Type": "Aggregate", "Strategy": "Sorted", "Partial Mode": "Partial", "Parent Relationship": "Outer", "Parallel Aware": false, "Startup Cost": 548162.19, "Total Cost": 548340.2, "Plan Rows": 5, "Plan Width": 24, "Group Key": ["orders.o_orderpriority"], "Plans": [{"Node Type": "Sort", "Parent Relationship": "Outer", "Parallel Aware": false, "Startup Cost": 548162.19, "Total Cost": 548221.51, "Plan Rows": 23727, "Plan Width": 16, "Sort Key": ["orders.o_orderpriority"], "Plans": [{"Node Type": "Nested Loop", "Parent Relationship": "Outer", "Parallel Aware": false, "Join Type": "Semi", "Startup Cost": 7384.41, "Total Cost": 546437.92, "Plan Rows": 23727, "Plan Width": 16, "Inner Unique": false, "Plans": [{"Node Type": "Bitmap Heap Scan", "Parent Relationship": "Outer", "Parallel Aware": true, "Relation Name": "orders", "Alias": "orders", "Startup Cost": 7383.29, "Total Cost": 270987.05, "Plan Rows": 179451, "Plan Width": 20, "Recheck Cond": "((o_orderdate >= '1997-04-01'::date) AND (o_orderdate < '1997-07-01 00:00:00'::timestamp without time zone))", "Plans": [{"Node Type": "Bitmap Index Scan", "Parent Relationship": "Outer", "Parallel Aware": false, "Index Name": "idx_orders_orderdate", "Startup Cost": 0.0, "Total Cost": 7244.22, "Plan Rows": 556298, "Plan Width": 0, "Index Cond": "((o_orderdate >= '1997-04-01'::date) AND (o_orderdate < '1997-07-01 00:00:00'::timestamp without time zone))"}]}, {"Node Type": "Bitmap Heap Scan", "Parent Relationship": "Inner", "Parallel Aware": false, "Relation Name": "lineitem", "Alias": "lineitem", "Startup Cost": 1.12, "Total Cost": 4.87, "Plan Rows": 10, "Plan Width": 4, "Recheck Cond": "(l_orderkey = orders.o_orderkey)", "Filter": "(l_commitdate < l_receiptdate)", "Plans": [{"Node Type": "Bitmap Index Scan", "Parent Relationship": "Outer", "Parallel Aware": false, "Index Name": "lineitem_pkey", "Startup Cost": 0.0, "Total Cost": 1.12, "Plan Rows": 30, "Plan Width": 0, "Index Cond": "(l_orderkey = orders.o_orderkey)"}]}]}]}]}]}]}]}}, {"Plan": {"Node Type": "Limit", "Parallel Aware": false, "Startup Cost": 1774018.22, "Total Cost": 1774054.2, "Plan Rows": 1, "Plan Width": 24, "Plans": [{"Node Type": "Aggregate", "Strategy": "Sorted", "Partial Mode": "Finalize", "Parent Relationship": "Outer", "Parallel Aware": false, "Startup Cost": 1774018.22, "Total Cost": 1774198.11, "Plan Rows": 5, "Plan Width": 24, "Group Key": ["orders.o_orderpriority"], "Plans": [{"Node Type": "Gather Merge", "Parent Relationship": "Outer", "Parallel Aware": false, "Startup Cost": 1774018.22, "Total Cost": 1774197.99, "Plan Rows": 15, "Plan Width": 24, "Workers Planned": 3, "Plans": [{"Node Type": "Aggregate", "Strategy": "Sorted", "Partial Mode": "Partial", "Parent Relationship": "Outer", "Parallel Aware": false, "Startup Cost": 1773018.18, "Total Cost": 1773196.19, "Plan Rows": 5, "Plan Width": 24, "Group Key": ["orders.o_orderpriority"], "Plans": [{"Node Type": "Sort", "Parent Relationship": "Outer", "Parallel Aware": false, "Startup Cost": 1773018.18, "Total Cost": 1773077.5, "Plan Rows": 23727, "Plan Width": 16, "Sort Key": ["orders.o_orderpriority"], "Plans": [{"Node Type": "Hash Join", "Parent Relationship": "Outer", "Parallel Aware": true, "Join Type": "Semi", "Startup Cost": 1479625.47, "Total Cost": 1771293.91, "Plan Rows": 23727, "Plan Width": 16, "Inner Unique": false, "Hash Cond": "(orders.o_orderkey = lineitem.l_orderkey)", "Plans": [{"Node Type": "Bitmap Heap Scan", "Parent Relationship": "Outer", "Parallel Aware": true, "Relation Name": "orders", "Alias": "orders", "Startup Cost": 7383.29, "Total Cost": 270987.05, "Plan Rows": 179451, "Plan Width": 20, "Recheck Cond": "((o_orderdate >= '1997-04-01'::date) AND (o_orderdate < '1997-07-01 00:00:00'::timestamp without time zone))", "Plans": [{"Node Type": "Bitmap Index Scan", "Parent Relationship": "Outer", "Parallel Aware": false, "Index Name": "idx_orders_orderdate", "Startup Cost": 0.0, "Total Cost": 7244.22, "Plan Rows": 556298, "Plan Width": 0, "Index Cond": "((o_orderdate >= '1997-04-01'::date) AND (o_orderdate < '1997-07-01 00:00:00'::timestamp without time zone))"}]}, {"Node Type": "Hash", "Parent Relationship": "Inner", "Parallel Aware": true, "Startup Cost": 1366420.13, "Total Cost": 1366420.13, "Plan Rows": 6450084, "Plan Width": 4, "Plans": [{"Node Type": "Seq Scan", "Parent Relationship": "Outer", "Parallel Aware": true, "Relation Name": "lineitem", "Alias": "lineitem", "Startup Cost": 0.0, "Total Cost": 1366420.13, "Plan Rows": 6450084, "Plan Width": 4, "Filter": "(l_commitdate < l_receiptdate)"}]}]}]}]}]}]}]}}, {"Plan": {"Node Type": "Limit", "Parallel Aware": false, "Startup Cost": 2255066.07, "Total Cost": 2255102.05, "Plan Rows": 1, "Plan Width": 24, "Plans": [{"Node Type": "Aggregate", "Strategy": "Sorted", "Partial Mode": "Finalize", "Parent Relationship": "Outer", "Parallel Aware": false, "Startup Cost": 2255066.07, "Total Cost": 2255245.96, "Plan Rows": 5, "Plan Width": 24, "Group Key": ["orders.o_orderpriority"], "Plans": [{"Node Type": "Gather Merge", "Parent Relationship": "Outer", "Parallel Aware": false, "Startup Cost": 2255066.07, "Total Cost": 2255245.83, "Plan Rows": 15, "Plan Width": 24, "Workers Planned": 3, "Plans": [{"Node Type": "Aggregate", "Strategy": "Sorted", "Partial Mode": "Partial", "Parent Relationship": "Outer", "Parallel Aware": false, "Startup Cost": 2254066.03, "Total Cost": 2254244.03, "Plan Rows": 5, "Plan Width": 24, "Group Key": ["orders.o_orderpriority"], "Plans": [{"Node Type": "Sort", "Parent Relationship": "Outer", "Parallel Aware": false, "Startup Cost": 2254066.03, "Total Cost": 2254125.35, "Plan Rows": 23727, "Plan Width": 16, "Sort Key": ["orders.o_orderpriority"], "Plans": [{"Node Type": "Hash Join", "Parent Relationship": "Outer", "Parallel Aware": true, "Join Type": "Semi", "Startup Cost": 1960673.31, "Total Cost": 2252341.76, "Plan Rows": 23727, "Plan Width": 16, "Inner Unique": false, "Hash Cond": "(orders.o_orderkey = lineitem.l_orderkey)", "Plans": [{"Node Type": "Bitmap Heap Scan", "Parent Relationship": "Outer", "Parallel Aware": true, "Relation Name": "orders", "Alias": "orders", "Startup Cost": 7383.29, "Total Cost": 270987.05, "Plan Rows": 179451, "Plan Width": 20, "Recheck Cond": "((o_orderdate >= '1997-04-01'::date) AND (o_orderdate < '1997-07-01 00:00:00'::timestamp without time zone))", "Plans": [{"Node Type": "Bitmap Index Scan", "Parent Relationship": "Outer", "Parallel Aware": false, "Index Name": "idx_orders_orderdate", "Startup Cost": 0.0, "Total Cost": 7244.22, "Plan Rows": 556298, "Plan Width": 0, "Index Cond": "((o_orderdate >= '1997-04-01'::date) AND (o_orderdate < '1997-07-01 00:00:00'::timestamp without time zone))"}]}, {"Node Type": "Hash", "Parent Relationship": "Inner", "Parallel Aware": true, "Startup Cost": 1847467.97, "Total Cost": 1847467.97, "Plan Rows": 6450084, "Plan Width": 4, "Plans": [{"Node Type": "Index Scan", "Parent Relationship": "Outer", "Parallel Aware": true, "Scan Direction": "Forward", "Index Name": "idx_lineitem_orderkey", "Relation Name": "lineitem", "Alias": "lineitem", "Startup Cost": 0.56, "Total Cost": 1847467.97, "Plan Rows": 6450084, "Plan Width": 4, "Filter": "(l_commitdate < l_receiptdate)"}]}]}]}]}]}]}]}}, {"Plan": {"Node Type": "Limit", "Parallel Aware": false, "Startup Cost": 2255066.07, "Total Cost": 2255102.05, "Plan Rows": 1, "Plan Width": 24, "Plans": [{"Node Type": "Aggregate", "Strategy": "Sorted", "Partial Mode": "Finalize", "Parent Relationship": "Outer", "Parallel Aware": false, "Startup Cost": 2255066.07, "Total Cost": 2255245.96, "Plan Rows": 5, "Plan Width": 24, "Group Key": ["orders.o_orderpriority"], "Plans": [{"Node Type": "Gather Merge", "Parent Relationship": "Outer", "Parallel Aware": false, "Startup Cost": 2255066.07, "Total Cost": 2255245.83, "Plan Rows": 15, "Plan Width": 24, "Workers Planned": 3, "Plans": [{"Node Type": "Aggregate", "Strategy": "Sorted", "Partial Mode": "Partial", "Parent Relationship": "Outer", "Parallel Aware": false, "Startup Cost": 2254066.03, "Total Cost": 2254244.03, "Plan Rows": 5, "Plan Width": 24, "Group Key": ["orders.o_orderpriority"], "Plans": [{"Node Type": "Sort", "Parent Relationship": "Outer", "Parallel Aware": false, "Startup Cost": 2254066.03, "Total Cost": 2254125.35, "Plan Rows": 23727, "Plan Width": 16, "Sort Key": ["orders.o_orderpriority"], "Plans": [{"Node Type": "Hash Join", "Parent Relationship": "Outer", "Parallel Aware": true, "Join Type": "Semi", "Startup Cost": 1960673.31, "Total Cost": 2252341.76, "Plan Rows": 23727, "Plan Width": 16, "Inner Unique": false, "Hash Cond": "(orders.o_orderkey = lineitem.l_orderkey)", "Plans": [{"Node Type": "Bitmap Heap Scan", "Parent Relationship": "Outer", "Parallel Aware": true, "Relation Name": "orders", "Alias": "orders", "Startup Cost": 7383.29, "Total Cost": 270987.05, "Plan Rows": 179451, "Plan Width": 20, "Recheck Cond": "((o_orderdate >= '1997-04-01'::date) AND (o_orderdate < '1997-07-01 00:00:00'::timestamp without time zone))", "Plans": [{"Node Type": "Bitmap Index Scan", "Parent Relationship": "Outer", "Parallel Aware": false, "Index Name": "idx_orders_orderdate", "Startup Cost": 0.0, "Total Cost": 7244.22, "Plan Rows": 556298, "Plan Width": 0, "Index Cond": "((o_orderdate >= '1997-04-01'::date) AND (o_orderdate < '1997-07-01 00:00:00'::timestamp without time zone))"}]}, {"Node Type": "Hash", "Parent Relationship": "Inner", "Parallel Aware": true, "Startup Cost": 1847467.97, "Total Cost": 1847467.97, "Plan Rows": 6450084, "Plan Width": 4, "Plans": [{"Node Type": "Index Scan", "Parent Relationship": "Outer", "Parallel Aware": true, "Scan Direction": "Forward", "Index Name": "idx_lineitem_orderkey", "Relation Name": "lineitem", "Alias": "lineitem", "Startup Cost": 0.56, "Total Cost": 1847467.97, "Plan Rows": 6450084, "Plan Width": 4, "Filter": "(l_commitdate < l_receiptdate)"}]}]}]}]}]}]}]}}, {"Plan": {"Node Type": "Limit", "Parallel Aware": false, "Startup Cost": 411415.05, "Total Cost": 411451.03, "Plan Rows": 1, "Plan Width": 24, "Plans": [{"Node Type": "Aggregate", "Strategy": "Sorted", "Partial Mode": "Finalize", "Parent Relationship": "Outer", "Parallel Aware": false, "Startup Cost": 411415.05, "Total Cost": 411594.94, "Plan Rows": 5, "Plan Width": 24, "Group Key": ["orders.o_orderpriority"], "Plans": [{"Node Type": "Gather Merge", "Parent Relationship": "Outer", "Parallel Aware": false, "Startup Cost": 411415.05, "Total Cost": 411594.81, "Plan Rows": 15, "Plan Width": 24, "Workers Planned": 3, "Plans": [{"Node Type": "Aggregate", "Strategy": "Sorted", "Partial Mode": "Partial", "Parent Relationship": "Outer", "Parallel Aware": false, "Startup Cost": 410415.01, "Total Cost": 410593.01, "Plan Rows": 5, "Plan Width": 24, "Group Key": ["orders.o_orderpriority"], "Plans": [{"Node Type": "Sort", "Parent Relationship": "Outer", "Parallel Aware": false, "Startup Cost": 410415.01, "Total Cost": 410474.32, "Plan Rows": 23727, "Plan Width": 16, "Sort Key": ["orders.o_orderpriority"], "Plans": [{"Node Type": "Nested Loop", "Parent Relationship": "Outer", "Parallel Aware": false, "Join Type": "Semi", "Startup Cost": 7383.85, "Total Cost": 408690.74, "Plan Rows": 23727, "Plan Width": 16, "Inner Unique": false, "Plans": [{"Node Type": "Bitmap Heap Scan", "Parent Relationship": "Outer", "Parallel Aware": true, "Relation Name": "orders", "Alias": "orders", "Startup Cost": 7383.29, "Total Cost": 270987.05, "Plan Rows": 179451, "Plan Width": 20, "Recheck Cond": "((o_orderdate >= '1997-04-01'::date) AND (o_orderdate < '1997-07-01 00:00:00'::timestamp without time zone))", "Plans": [{"Node Type": "Bitmap Index Scan", "Parent Relationship": "Outer", "Parallel Aware": false, "Index Name": "idx_orders_orderdate", "Startup Cost": 0.0, "Total Cost": 7244.22, "Plan Rows": 556298, "Plan Width": 0, "Index Cond": "((o_orderdate >= '1997-04-01'::date) AND (o_orderdate < '1997-07-01 00:00:00'::timestamp without time zone))"}]}, {"Node Type": "Index Scan", "Parent Relationship": "Inner", "Parallel Aware": false, "Scan Direction": "Forward", "Index Name": "idx_lineitem_orderkey", "Relation Name": "lineitem", "Alias": "lineitem", "Startup Cost": 0.56, "Total Cost": 2.37, "Plan Rows": 10, "Plan Width": 4, "Index Cond": "(l_orderkey = orders.o_orderkey)", "Filter": "(l_commitdate < l_receiptdate)"}]}]}]}]}]}]}}, {"Plan": {"Node Type": "Limit", "Parallel Aware": false, "Startup Cost": 411415.05, "Total Cost": 411451.03, "Plan Rows": 1, "Plan Width": 24, "Plans": [{"Node Type": "Aggregate", "Strategy": "Sorted", "Partial Mode": "Finalize", "Parent Relationship": "Outer", "Parallel Aware": false, "Startup Cost": 411415.05, "Total Cost": 411594.94, "Plan Rows": 5, "Plan Width": 24, "Group Key": ["orders.o_orderpriority"], "Plans": [{"Node Type": "Gather Merge", "Parent Relationship": "Outer", "Parallel Aware": false, "Startup Cost": 411415.05, "Total Cost": 411594.81, "Plan Rows": 15, "Plan Width": 24, "Workers Planned": 3, "Plans": [{"Node Type": "Aggregate", "Strategy": "Sorted", "Partial Mode": "Partial", "Parent Relationship": "Outer", "Parallel Aware": false, "Startup Cost": 410415.01, "Total Cost": 410593.01, "Plan Rows": 5, "Plan Width": 24, "Group Key": ["orders.o_orderpriority"], "Plans": [{"Node Type": "Sort", "Parent Relationship": "Outer", "Parallel Aware": false, "Startup Cost": 410415.01, "Total Cost": 410474.32, "Plan Rows": 23727, "Plan Width": 16, "Sort Key": ["orders.o_orderpriority"], "Plans": [{"Node Type": "Nested Loop", "Parent Relationship": "Outer", "Parallel Aware": false, "Join Type": "Semi", "Startup Cost": 7383.85, "Total Cost": 408690.74, "Plan Rows": 23727, "Plan Width": 16, "Inner Unique": false, "Plans": [{"Node Type": "Bitmap Heap Scan", "Parent Relationship": "Outer", "Parallel Aware": true, "Relation Name": "orders", "Alias": "orders", "Startup Cost": 7383.29, "Total Cost": 270987.05, "Plan Rows": 179451, "Plan Width": 20, "Recheck Cond": "((o_orderdate >= '1997-04-01'::date) AND (o_orderdate < '1997-07-01 00:00:00'::timestamp without time zone))", "Plans": [{"Node Type": "Bitmap Index Scan", "Parent Relationship": "Outer", "Parallel Aware": false, "Index Name": "idx_orders_orderdate", "Startup Cost": 0.0, "Total Cost": 7244.22, "Plan Rows": 556298, "Plan Width": 0, "Index Cond": "((o_orderdate >= '1997-04-01'::date) AND (o_orderdate < '1997-07-01 00:00:00'::timestamp without time zone))"}]}, {"Node Type": "Index Scan", "Parent Relationship": "Inner", "Parallel Aware": false, "Scan Direction": "Forward", "Index Name": "idx_lineitem_orderkey", "Relation Name": "lineitem", "Alias": "lineitem", "Startup Cost": 0.56, "Total Cost": 2.37, "Plan Rows": 10, "Plan Width": 4, "Index Cond": "(l_orderkey = orders.o_orderkey)", "Filter": "(l_commitdate < l_receiptdate)"}]}]}]}]}]}]}}, {"Plan": {"Node Type": "Limit", "Parallel Aware": false, "Startup Cost": 1774018.22, "Total Cost": 1774054.2, "Plan Rows": 1, "Plan Width": 24, "Plans": [{"Node Type": "Aggregate", "Strategy": "Sorted", "Partial Mode": "Finalize", "Parent Relationship": "Outer", "Parallel Aware": false, "Startup Cost": 1774018.22, "Total Cost": 1774198.11, "Plan Rows": 5, "Plan Width": 24, "Group Key": ["orders.o_orderpriority"], "Plans": [{"Node Type": "Gather Merge", "Parent Relationship": "Outer", "Parallel Aware": false, "Startup Cost": 1774018.22, "Total Cost": 1774197.99, "Plan Rows": 15, "Plan Width": 24, "Workers Planned": 3, "Plans": [{"Node Type": "Aggregate", "Strategy": "Sorted", "Partial Mode": "Partial", "Parent Relationship": "Outer", "Parallel Aware": false, "Startup Cost": 1773018.18, "Total Cost": 1773196.19, "Plan Rows": 5, "Plan Width": 24, "Group Key": ["orders.o_orderpriority"], "Plans": [{"Node Type": "Sort", "Parent Relationship": "Outer", "Parallel Aware": false, "Startup Cost": 1773018.18, "Total Cost": 1773077.5, "Plan Rows": 23727, "Plan Width": 16, "Sort Key": ["orders.o_orderpriority"], "Plans": [{"Node Type": "Hash Join", "Parent Relationship": "Outer", "Parallel Aware": true, "Join Type": "Semi", "Startup Cost": 1479625.47, "Total Cost": 1771293.91, "Plan Rows": 23727, "Plan Width": 16, "Inner Unique": false, "Hash Cond": "(orders.o_orderkey = lineitem.l_orderkey)", "Plans": [{"Node Type": "Bitmap Heap Scan", "Parent Relationship": "Outer", "Parallel Aware": true, "Relation Name": "orders", "Alias": "orders", "Startup Cost": 7383.29, "Total Cost": 270987.05, "Plan Rows": 179451, "Plan Width": 20, "Recheck Cond": "((o_orderdate >= '1997-04-01'::date) AND (o_orderdate < '1997-07-01 00:00:00'::timestamp without time zone))", "Plans": [{"Node Type": "Bitmap Index Scan", "Parent Relationship": "Outer", "Parallel Aware": false, "Index Name": "idx_orders_orderdate", "Startup Cost": 0.0, "Total Cost": 7244.22, "Plan Rows": 556298, "Plan Width": 0, "Index Cond": "((o_orderdate >= '1997-04-01'::date) AND (o_orderdate < '1997-07-01 00:00:00'::timestamp without time zone))"}]}, {"Node Type": "Hash", "Parent Relationship": "Inner", "Parallel Aware": true, "Startup Cost": 1366420.13, "Total Cost": 1366420.13, "Plan Rows": 6450084, "Plan Width": 4, "Plans": [{"Node Type": "Seq Scan", "Parent Relationship": "Outer", "Parallel Aware": true, "Relation Name": "lineitem", "Alias": "lineitem", "Startup Cost": 0.0, "Total Cost": 1366420.13, "Plan Rows": 6450084, "Plan Width": 4, "Filter": "(l_commitdate < l_receiptdate)"}]}]}]}]}]}]}]}}, {"Plan": {"Node Type": "Limit", "Parallel Aware": false, "Startup Cost": 411415.05, "Total Cost": 411451.03, "Plan Rows": 1, "Plan Width": 24, "Plans": [{"Node Type": "Aggregate", "Strategy": "Sorted", "Partial Mode": "Finalize", "Parent Relationship": "Outer", "Parallel Aware": false, "Startup Cost": 411415.05, "Total Cost": 411594.94, "Plan Rows": 5, "Plan Width": 24, "Group Key": ["orders.o_orderpriority"], "Plans": [{"Node Type": "Gather Merge", "Parent Relationship": "Outer", "Parallel Aware": false, "Startup Cost": 411415.05, "Total Cost": 411594.81, "Plan Rows": 15, "Plan Width": 24, "Workers Planned": 3, "Plans": [{"Node Type": "Aggregate", "Strategy": "Sorted", "Partial Mode": "Partial", "Parent Relationship": "Outer", "Parallel Aware": false, "Startup Cost": 410415.01, "Total Cost": 410593.01, "Plan Rows": 5, "Plan Width": 24, "Group Key": ["orders.o_orderpriority"], "Plans": [{"Node Type": "Sort", "Parent Relationship": "Outer", "Parallel Aware": false, "Startup Cost": 410415.01, "Total Cost": 410474.32, "Plan Rows": 23727, "Plan Width": 16, "Sort Key": ["orders.o_orderpriority"], "Plans": [{"Node Type": "Nested Loop", "Parent Relationship": "Outer", "Parallel Aware": false, "Join Type": "Semi", "Startup Cost": 7383.85, "Total Cost": 408690.74, "Plan Rows": 23727, "Plan Width": 16, "Inner Unique": false, "Plans": [{"Node Type": "Bitmap Heap Scan", "Parent Relationship": "Outer", "Parallel Aware": true, "Relation Name": "orders", "Alias": "orders", "Startup Cost": 7383.29, "Total Cost": 270987.05, "Plan Rows": 179451, "Plan Width": 20, "Recheck Cond": "((o_orderdate >= '1997-04-01'::date) AND (o_orderdate < '1997-07-01 00:00:00'::timestamp without time zone))", "Plans": [{"Node Type": "Bitmap Index Scan", "Parent Relationship": "Outer", "Parallel Aware": false, "Index Name": "idx_orders_orderdate", "Startup Cost": 0.0, "Total Cost": 7244.22, "Plan Rows": 556298, "Plan Width": 0, "Index Cond": "((o_orderdate >= '1997-04-01'::date) AND (o_orderdate < '1997-07-01 00:00:00'::timestamp without time zone))"}]}, {"Node Type": "Index Scan", "Parent Relationship": "Inner", "Parallel Aware": false, "Scan Direction": "Forward", "Index Name": "idx_lineitem_orderkey", "Relation Name": "lineitem", "Alias": "lineitem", "Startup Cost": 0.56, "Total Cost": 2.37, "Plan Rows": 10, "Plan Width": 4, "Index Cond": "(l_orderkey = orders.o_orderkey)", "Filter": "(l_commitdate < l_receiptdate)"}]}]}]}]}]}]}}, {"Plan": {"Node Type": "Limit", "Parallel Aware": false, "Startup Cost": 411415.05, "Total Cost": 411451.03, "Plan Rows": 1, "Plan Width": 24, "Plans": [{"Node Type": "Aggregate", "Strategy": "Sorted", "Partial Mode": "Finalize", "Parent Relationship": "Outer", "Parallel Aware": false, "Startup Cost": 411415.05, "Total Cost": 411594.94, "Plan Rows": 5, "Plan Width": 24, "Group Key": ["orders.o_orderpriority"], "Plans": [{"Node Type": "Gather Merge", "Parent Relationship": "Outer", "Parallel Aware": false, "Startup Cost": 411415.05, "Total Cost": 411594.81, "Plan Rows": 15, "Plan Width": 24, "Workers Planned": 3, "Plans": [{"Node Type": "Aggregate", "Strategy": "Sorted", "Partial Mode": "Partial", "Parent Relationship": "Outer", "Parallel Aware": false, "Startup Cost": 410415.01, "Total Cost": 410593.01, "Plan Rows": 5, "Plan Width": 24, "Group Key": ["orders.o_orderpriority"], "Plans": [{"Node Type": "Sort", "Parent Relationship": "Outer", "Parallel Aware": false, "Startup Cost": 410415.01, "Total Cost": 410474.32, "Plan Rows": 23727, "Plan Width": 16, "Sort Key": ["orders.o_orderpriority"], "Plans": [{"Node Type": "Nested Loop", "Parent Relationship": "Outer", "Parallel Aware": false, "Join Type": "Semi", "Startup Cost": 7383.85, "Total Cost": 408690.74, "Plan Rows": 23727, "Plan Width": 16, "Inner Unique": false, "Plans": [{"Node Type": "Bitmap Heap Scan", "Parent Relationship": "Outer", "Parallel Aware": true, "Relation Name": "orders", "Alias": "orders", "Startup Cost": 7383.29, "Total Cost": 270987.05, "Plan Rows": 179451, "Plan Width": 20, "Recheck Cond": "((o_orderdate >= '1997-04-01'::date) AND (o_orderdate < '1997-07-01 00:00:00'::timestamp without time zone))", "Plans": [{"Node Type": "Bitmap Index Scan", "Parent Relationship": "Outer", "Parallel Aware": false, "Index Name": "idx_orders_orderdate", "Startup Cost": 0.0, "Total Cost": 7244.22, "Plan Rows": 556298, "Plan Width": 0, "Index Cond": "((o_orderdate >= '1997-04-01'::date) AND (o_orderdate < '1997-07-01 00:00:00'::timestamp without time zone))"}]}, {"Node Type": "Index Scan", "Parent Relationship": "Inner", "Parallel Aware": false, "Scan Direction": "Forward", "Index Name": "idx_lineitem_orderkey", "Relation Name": "lineitem", "Alias": "lineitem", "Startup Cost": 0.56, "Total Cost": 2.37, "Plan Rows": 10, "Plan Width": 4, "Index Cond": "(l_orderkey = orders.o_orderkey)", "Filter": "(l_commitdate < l_receiptdate)"}]}]}]}]}]}]}}, {"Plan": {"Node Type": "Limit", "Parallel Aware": false, "Startup Cost": 1774018.22, "Total Cost": 1774054.2, "Plan Rows": 1, "Plan Width": 24, "Plans": [{"Node Type": "Aggregate", "Strategy": "Sorted", "Partial Mode": "Finalize", "Parent Relationship": "Outer", "Parallel Aware": false, "Startup Cost": 1774018.22, "Total Cost": 1774198.11, "Plan Rows": 5, "Plan Width": 24, "Group Key": ["orders.o_orderpriority"], "Plans": [{"Node Type": "Gather Merge", "Parent Relationship": "Outer", "Parallel Aware": false, "Startup Cost": 1774018.22, "Total Cost": 1774197.99, "Plan Rows": 15, "Plan Width": 24, "Workers Planned": 3, "Plans": [{"Node Type": "Aggregate", "Strategy": "Sorted", "Partial Mode": "Partial", "Parent Relationship": "Outer", "Parallel Aware": false, "Startup Cost": 1773018.18, "Total Cost": 1773196.19, "Plan Rows": 5, "Plan Width": 24, "Group Key": ["orders.o_orderpriority"], "Plans": [{"Node Type": "Sort", "Parent Relationship": "Outer", "Parallel Aware": false, "Startup Cost": 1773018.18, "Total Cost": 1773077.5, "Plan Rows": 23727, "Plan Width": 16, "Sort Key": ["orders.o_orderpriority"], "Plans": [{"Node Type": "Hash Join", "Parent Relationship": "Outer", "Parallel Aware": true, "Join Type": "Semi", "Startup Cost": 1479625.47, "Total Cost": 1771293.91, "Plan Rows": 23727, "Plan Width": 16, "Inner Unique": false, "Hash Cond": "(orders.o_orderkey = lineitem.l_orderkey)", "Plans": [{"Node Type": "Bitmap Heap Scan", "Parent Relationship": "Outer", "Parallel Aware": true, "Relation Name": "orders", "Alias": "orders", "Startup Cost": 7383.29, "Total Cost": 270987.05, "Plan Rows": 179451, "Plan Width": 20, "Recheck Cond": "((o_orderdate >= '1997-04-01'::date) AND (o_orderdate < '1997-07-01 00:00:00'::timestamp without time zone))", "Plans": [{"Node Type": "Bitmap Index Scan", "Parent Relationship": "Outer", "Parallel Aware": false, "Index Name": "idx_orders_orderdate", "Startup Cost": 0.0, "Total Cost": 7244.22, "Plan Rows": 556298, "Plan Width": 0, "Index Cond": "((o_orderdate >= '1997-04-01'::date) AND (o_orderdate < '1997-07-01 00:00:00'::timestamp without time zone))"}]}, {"Node Type": "Hash", "Parent Relationship": "Inner", "Parallel Aware": true, "Startup Cost": 1366420.13, "Total Cost": 1366420.13, "Plan Rows": 6450084, "Plan Width": 4, "Plans": [{"Node Type": "Seq Scan", "Parent Relationship": "Outer", "Parallel Aware": true, "Relation Name": "lineitem", "Alias": "lineitem", "Startup Cost": 0.0, "Total Cost": 1366420.13, "Plan Rows": 6450084, "Plan Width": 4, "Filter": "(l_commitdate < l_receiptdate)"}]}]}]}]}]}]}]}}, {"Plan": {"Node Type": "Limit", "Parallel Aware": false, "Startup Cost": 549162.23, "Total Cost": 549198.21, "Plan Rows": 1, "Plan Width": 24, "Plans": [{"Node Type": "Aggregate", "Strategy": "Sorted", "Partial Mode": "Finalize", "Parent Relationship": "Outer", "Parallel Aware": false, "Startup Cost": 549162.23, "Total Cost": 549342.12, "Plan Rows": 5, "Plan Width": 24, "Group Key": ["orders.o_orderpriority"], "Plans": [{"Node Type": "Gather Merge", "Parent Relationship": "Outer", "Parallel Aware": false, "Startup Cost": 549162.23, "Total Cost": 549342.0, "Plan Rows": 15, "Plan Width": 24, "Workers Planned": 3, "Plans": [{"Node Type": "Aggregate", "Strategy": "Sorted", "Partial Mode": "Partial", "Parent Relationship": "Outer", "Parallel Aware": false, "Startup Cost": 548162.19, "Total Cost": 548340.2, "Plan Rows": 5, "Plan Width": 24, "Group Key": ["orders.o_orderpriority"], "Plans": [{"Node Type": "Sort", "Parent Relationship": "Outer", "Parallel Aware": false, "Startup Cost": 548162.19, "Total Cost": 548221.51, "Plan Rows": 23727, "Plan Width": 16, "Sort Key": ["orders.o_orderpriority"], "Plans": [{"Node Type": "Nested Loop", "Parent Relationship": "Outer", "Parallel Aware": false, "Join Type": "Semi", "Startup Cost": 7384.41, "Total Cost": 546437.92, "Plan Rows": 23727, "Plan Width": 16, "Inner Unique": false, "Plans": [{"Node Type": "Bitmap Heap Scan", "Parent Relationship": "Outer", "Parallel Aware": true, "Relation Name": "orders", "Alias": "orders", "Startup Cost": 7383.29, "Total Cost": 270987.05, "Plan Rows": 179451, "Plan Width": 20, "Recheck Cond": "((o_orderdate >= '1997-04-01'::date) AND (o_orderdate < '1997-07-01 00:00:00'::timestamp without time zone))", "Plans": [{"Node Type": "Bitmap Index Scan", "Parent Relationship": "Outer", "Parallel Aware": false, "Index Name": "idx_orders_orderdate", "Startup Cost": 0.0, "Total Cost": 7244.22, "Plan Rows": 556298, "Plan Width": 0, "Index Cond": "((o_orderdate >= '1997-04-01'::date) AND (o_orderdate < '1997-07-01 00:00:00'::timestamp without time zone))"}]}, {"Node Type": "Bitmap Heap Scan", "Parent Relationship": "Inner", "Parallel Aware": false, "Relation Name": "lineitem", "Alias": "lineitem", "Startup Cost": 1.12, "Total Cost": 4.87, "Plan Rows": 10, "Plan Width": 4, "Recheck Cond": "(l_orderkey = orders.o_orderkey)", "Filter": "(l_commitdate < l_receiptdate)", "Plans": [{"Node Type": "Bitmap Index Scan", "Parent Relationship": "Outer", "Parallel Aware": false, "Index Name": "lineitem_pkey", "Startup Cost": 0.0, "Total Cost": 1.12, "Plan Rows": 30, "Plan Width": 0, "Index Cond": "(l_orderkey = orders.o_orderkey)"}]}]}]}]}]}]}]}}, {"Plan": {"Node Type": "Limit", "Parallel Aware": false, "Startup Cost": 1774018.22, "Total Cost": 1774054.2, "Plan Rows": 1, "Plan Width": 24, "Plans": [{"Node Type": "Aggregate", "Strategy": "Sorted", "Partial Mode": "Finalize", "Parent Relationship": "Outer", "Parallel Aware": false, "Startup Cost": 1774018.22, "Total Cost": 1774198.11, "Plan Rows": 5, "Plan Width": 24, "Group Key": ["orders.o_orderpriority"], "Plans": [{"Node Type": "Gather Merge", "Parent Relationship": "Outer", "Parallel Aware": false, "Startup Cost": 1774018.22, "Total Cost": 1774197.99, "Plan Rows": 15, "Plan Width": 24, "Workers Planned": 3, "Plans": [{"Node Type": "Aggregate", "Strategy": "Sorted", "Partial Mode": "Partial", "Parent Relationship": "Outer", "Parallel Aware": false, "Startup Cost": 1773018.18, "Total Cost": 1773196.19, "Plan Rows": 5, "Plan Width": 24, "Group Key": ["orders.o_orderpriority"], "Plans": [{"Node Type": "Sort", "Parent Relationship": "Outer", "Parallel Aware": false, "Startup Cost": 1773018.18, "Total Cost": 1773077.5, "Plan Rows": 23727, "Plan Width": 16, "Sort Key": ["orders.o_orderpriority"], "Plans": [{"Node Type": "Hash Join", "Parent Relationship": "Outer", "Parallel Aware": true, "Join Type": "Semi", "Startup Cost": 1479625.47, "Total Cost": 1771293.91, "Plan Rows": 23727, "Plan Width": 16, "Inner Unique": false, "Hash Cond": "(orders.o_orderkey = lineitem.l_orderkey)", "Plans": [{"Node Type": "Bitmap Heap Scan", "Parent Relationship": "Outer", "Parallel Aware": true, "Relation Name": "orders", "Alias": "orders", "Startup Cost": 7383.29, "Total Cost": 270987.05, "Plan Rows": 179451, "Plan Width": 20, "Recheck Cond": "((o_orderdate >= '1997-04-01'::date) AND (o_orderdate < '1997-07-01 00:00:00'::timestamp without time zone))", "Plans": [{"Node Type": "Bitmap Index Scan", "Parent Relationship": "Outer", "Parallel Aware": false, "Index Name": "idx_orders_orderdate", "Startup Cost": 0.0, "Total Cost": 7244.22, "Plan Rows": 556298, "Plan Width": 0, "Index Cond": "((o_orderdate >= '1997-04-01'::date) AND (o_orderdate < '1997-07-01 00:00:00'::timestamp without time zone))"}]}, {"Node Type": "Hash", "Parent Relationship": "Inner", "Parallel Aware": true, "Startup Cost": 1366420.13, "Total Cost": 1366420.13, "Plan Rows": 6450084, "Plan Width": 4, "Plans": [{"Node Type": "Seq Scan", "Parent Relationship": "Outer", "Parallel Aware": true, "Relation Name": "lineitem", "Alias": "lineitem", "Startup Cost": 0.0, "Total Cost": 1366420.13, "Plan Rows": 6450084, "Plan Width": 4, "Filter": "(l_commitdate < l_receiptdate)"}]}]}]}]}]}]}]}}, {"Plan": {"Node Type": "Limit", "Parallel Aware": false, "Startup Cost": 549162.23, "Total Cost": 549198.21, "Plan Rows": 1, "Plan Width": 24, "Plans": [{"Node Type": "Aggregate", "Strategy": "Sorted", "Partial Mode": "Finalize", "Parent Relationship": "Outer", "Parallel Aware": false, "Startup Cost": 549162.23, "Total Cost": 549342.12, "Plan Rows": 5, "Plan Width": 24, "Group Key": ["orders.o_orderpriority"], "Plans": [{"Node Type": "Gather Merge", "Parent Relationship": "Outer", "Parallel Aware": false, "Startup Cost": 549162.23, "Total Cost": 549342.0, "Plan Rows": 15, "Plan Width": 24, "Workers Planned": 3, "Plans": [{"Node Type": "Aggregate", "Strategy": "Sorted", "Partial Mode": "Partial", "Parent Relationship": "Outer", "Parallel Aware": false, "Startup Cost": 548162.19, "Total Cost": 548340.2, "Plan Rows": 5, "Plan Width": 24, "Group Key": ["orders.o_orderpriority"], "Plans": [{"Node Type": "Sort", "Parent Relationship": "Outer", "Parallel Aware": false, "Startup Cost": 548162.19, "Total Cost": 548221.51, "Plan Rows": 23727, "Plan Width": 16, "Sort Key": ["orders.o_orderpriority"], "Plans": [{"Node Type": "Nested Loop", "Parent Relationship": "Outer", "Parallel Aware": false, "Join Type": "Semi", "Startup Cost": 7384.41, "Total Cost": 546437.92, "Plan Rows": 23727, "Plan Width": 16, "Inner Unique": false, "Plans": [{"Node Type": "Bitmap Heap Scan", "Parent Relationship": "Outer", "Parallel Aware": true, "Relation Name": "orders", "Alias": "orders", "Startup Cost": 7383.29, "Total Cost": 270987.05, "Plan Rows": 179451, "Plan Width": 20, "Recheck Cond": "((o_orderdate >= '1997-04-01'::date) AND (o_orderdate < '1997-07-01 00:00:00'::timestamp without time zone))", "Plans": [{"Node Type": "Bitmap Index Scan", "Parent Relationship": "Outer", "Parallel Aware": false, "Index Name": "idx_orders_orderdate", "Startup Cost": 0.0, "Total Cost": 7244.22, "Plan Rows": 556298, "Plan Width": 0, "Index Cond": "((o_orderdate >= '1997-04-01'::date) AND (o_orderdate < '1997-07-01 00:00:00'::timestamp without time zone))"}]}, {"Node Type": "Bitmap Heap Scan", "Parent Relationship": "Inner", "Parallel Aware": false, "Relation Name": "lineitem", "Alias": "lineitem", "Startup Cost": 1.12, "Total Cost": 4.87, "Plan Rows": 10, "Plan Width": 4, "Recheck Cond": "(l_orderkey = orders.o_orderkey)", "Filter": "(l_commitdate < l_receiptdate)", "Plans": [{"Node Type": "Bitmap Index Scan", "Parent Relationship": "Outer", "Parallel Aware": false, "Index Name": "lineitem_pkey", "Startup Cost": 0.0, "Total Cost": 1.12, "Plan Rows": 30, "Plan Width": 0, "Index Cond": "(l_orderkey = orders.o_orderkey)"}]}]}]}]}]}]}]}}, {"Plan": {"Node Type": "Limit", "Parallel Aware": false, "Startup Cost": 1774018.22, "Total Cost": 1774054.2, "Plan Rows": 1, "Plan Width": 24, "Plans": [{"Node Type": "Aggregate", "Strategy": "Sorted", "Partial Mode": "Finalize", "Parent Relationship": "Outer", "Parallel Aware": false, "Startup Cost": 1774018.22, "Total Cost": 1774198.11, "Plan Rows": 5, "Plan Width": 24, "Group Key": ["orders.o_orderpriority"], "Plans": [{"Node Type": "Gather Merge", "Parent Relationship": "Outer", "Parallel Aware": false, "Startup Cost": 1774018.22, "Total Cost": 1774197.99, "Plan Rows": 15, "Plan Width": 24, "Workers Planned": 3, "Plans": [{"Node Type": "Aggregate", "Strategy": "Sorted", "Partial Mode": "Partial", "Parent Relationship": "Outer", "Parallel Aware": false, "Startup Cost": 1773018.18, "Total Cost": 1773196.19, "Plan Rows": 5, "Plan Width": 24, "Group Key": ["orders.o_orderpriority"], "Plans": [{"Node Type": "Sort", "Parent Relationship": "Outer", "Parallel Aware": false, "Startup Cost": 1773018.18, "Total Cost": 1773077.5, "Plan Rows": 23727, "Plan Width": 16, "Sort Key": ["orders.o_orderpriority"], "Plans": [{"Node Type": "Hash Join", "Parent Relationship": "Outer", "Parallel Aware": true, "Join Type": "Semi", "Startup Cost": 1479625.47, "Total Cost": 1771293.91, "Plan Rows": 23727, "Plan Width": 16, "Inner Unique": false, "Hash Cond": "(orders.o_orderkey = lineitem.l_orderkey)", "Plans": [{"Node Type": "Bitmap Heap Scan", "Parent Relationship": "Outer", "Parallel Aware": true, "Relation Name": "orders", "Alias": "orders", "Startup Cost": 7383.29, "Total Cost": 270987.05, "Plan Rows": 179451, "Plan Width": 20, "Recheck Cond": "((o_orderdate >= '1997-04-01'::date) AND (o_orderdate < '1997-07-01 00:00:00'::timestamp without time zone))", "Plans": [{"Node Type": "Bitmap Index Scan", "Parent Relationship": "Outer", "Parallel Aware": false, "Index Name": "idx_orders_orderdate", "Startup Cost": 0.0, "Total Cost": 7244.22, "Plan Rows": 556298, "Plan Width": 0, "Index Cond": "((o_orderdate >= '1997-04-01'::date) AND (o_orderdate < '1997-07-01 00:00:00'::timestamp without time zone))"}]}, {"Node Type": "Hash", "Parent Relationship": "Inner", "Parallel Aware": true, "Startup Cost": 1366420.13, "Total Cost": 1366420.13, "Plan Rows": 6450084, "Plan Width": 4, "Plans": [{"Node Type": "Seq Scan", "Parent Relationship": "Outer", "Parallel Aware": true, "Relation Name": "lineitem", "Alias": "lineitem", "Startup Cost": 0.0, "Total Cost": 1366420.13, "Plan Rows": 6450084, "Plan Width": 4, "Filter": "(l_commitdate < l_receiptdate)"}]}]}]}]}]}]}]}}, {"Plan": {"Node Type": "Limit", "Parallel Aware": false, "Startup Cost": 2698061.05, "Total Cost": 2698097.03, "Plan Rows": 1, "Plan Width": 24, "Plans": [{"Node Type": "Aggregate", "Strategy": "Sorted", "Partial Mode": "Finalize", "Parent Relationship": "Outer", "Parallel Aware": false, "Startup Cost": 2698061.05, "Total Cost": 2698240.94, "Plan Rows": 5, "Plan Width": 24, "Group Key": ["orders.o_orderpriority"], "Plans": [{"Node Type": "Gather Merge", "Parent Relationship": "Outer", "Parallel Aware": false, "Startup Cost": 2698061.05, "Total Cost": 2698240.81, "Plan Rows": 15, "Plan Width": 24, "Workers Planned": 3, "Plans": [{"Node Type": "Aggregate", "Strategy": "Sorted", "Partial Mode": "Partial", "Parent Relationship": "Outer", "Parallel Aware": false, "Startup Cost": 2697061.01, "Total Cost": 2697239.01, "Plan Rows": 5, "Plan Width": 24, "Group Key": ["orders.o_orderpriority"], "Plans": [{"Node Type": "Sort", "Parent Relationship": "Outer", "Parallel Aware": false, "Startup Cost": 2697061.01, "Total Cost": 2697120.33, "Plan Rows": 23727, "Plan Width": 16, "Sort Key": ["orders.o_orderpriority"], "Plans": [{"Node Type": "Merge Join", "Parent Relationship": "Outer", "Parallel Aware": false, "Join Type": "Semi", "Startup Cost": 286706.56, "Total Cost": 2695336.74, "Plan Rows": 23727, "Plan Width": 16, "Inner Unique": false, "Merge Cond": "(orders.o_orderkey = lineitem.l_orderkey)", "Plans": [{"Node Type": "Sort", "Parent Relationship": "Outer", "Parallel Aware": false, "Startup Cost": 286647.05, "Total Cost": 287095.68, "Plan Rows": 179451, "Plan Width": 20, "Sort Key": ["orders.o_orderkey"], "Plans": [{"Node Type": "Bitmap Heap Scan", "Parent Relationship": "Outer", "Parallel Aware": true, "Relation Name": "orders", "Alias": "orders", "Startup Cost": 7383.29, "Total Cost": 270987.05, "Plan Rows": 179451, "Plan Width": 20, "Recheck Cond": "((o_orderdate >= '1997-04-01'::date) AND (o_orderdate < '1997-07-01 00:00:00'::timestamp without time zone))", "Plans": [{"Node Type": "Bitmap Index Scan", "Parent Relationship": "Outer", "Parallel Aware": false, "Index Name": "idx_orders_orderdate", "Startup Cost": 0.0, "Total Cost": 7244.22, "Plan Rows": 556298, "Plan Width": 0, "Index Cond": "((o_orderdate >= '1997-04-01'::date) AND (o_orderdate < '1997-07-01 00:00:00'::timestamp without time zone))"}]}]}, {"Node Type": "Index Scan", "Parent Relationship": "Inner", "Parallel Aware": false, "Scan Direction": "Forward", "Index Name": "idx_lineitem_orderkey", "Relation Name": "lineitem", "Alias": "lineitem", "Startup Cost": 0.56, "Total Cost": 2355412.05, "Plan Rows": 19995259, "Plan Width": 4, "Filter": "(l_commitdate < l_receiptdate)"}]}]}]}]}]}]}}, {"Plan": {"Node Type": "Limit", "Parallel Aware": false, "Startup Cost": 411415.05, "Total Cost": 411451.03, "Plan Rows": 1, "Plan Width": 24, "Plans": [{"Node Type": "Aggregate", "Strategy": "Sorted", "Partial Mode": "Finalize", "Parent Relationship": "Outer", "Parallel Aware": false, "Startup Cost": 411415.05, "Total Cost": 411594.94, "Plan Rows": 5, "Plan Width": 24, "Group Key": ["orders.o_orderpriority"], "Plans": [{"Node Type": "Gather Merge", "Parent Relationship": "Outer", "Parallel Aware": false, "Startup Cost": 411415.05, "Total Cost": 411594.81, "Plan Rows": 15, "Plan Width": 24, "Workers Planned": 3, "Plans": [{"Node Type": "Aggregate", "Strategy": "Sorted", "Partial Mode": "Partial", "Parent Relationship": "Outer", "Parallel Aware": false, "Startup Cost": 410415.01, "Total Cost": 410593.01, "Plan Rows": 5, "Plan Width": 24, "Group Key": ["orders.o_orderpriority"], "Plans": [{"Node Type": "Sort", "Parent Relationship": "Outer", "Parallel Aware": false, "Startup Cost": 410415.01, "Total Cost": 410474.32, "Plan Rows": 23727, "Plan Width": 16, "Sort Key": ["orders.o_orderpriority"], "Plans": [{"Node Type": "Nested Loop", "Parent Relationship": "Outer", "Parallel Aware": false, "Join Type": "Semi", "Startup Cost": 7383.85, "Total Cost": 408690.74, "Plan Rows": 23727, "Plan Width": 16, "Inner Unique": false, "Plans": [{"Node Type": "Bitmap Heap Scan", "Parent Relationship": "Outer", "Parallel Aware": true, "Relation Name": "orders", "Alias": "orders", "Startup Cost": 7383.29, "Total Cost": 270987.05, "Plan Rows": 179451, "Plan Width": 20, "Recheck Cond": "((o_orderdate >= '1997-04-01'::date) AND (o_orderdate < '1997-07-01 00:00:00'::timestamp without time zone))", "Plans": [{"Node Type": "Bitmap Index Scan", "Parent Relationship": "Outer", "Parallel Aware": false, "Index Name": "idx_orders_orderdate", "Startup Cost": 0.0, "Total Cost": 7244.22, "Plan Rows": 556298, "Plan Width": 0, "Index Cond": "((o_orderdate >= '1997-04-01'::date) AND (o_orderdate < '1997-07-01 00:00:00'::timestamp without time zone))"}]}, {"Node Type": "Index Scan", "Parent Relationship": "Inner", "Parallel Aware": false, "Scan Direction": "Forward", "Index Name": "idx_lineitem_orderkey", "Relation Name": "lineitem", "Alias": "lineitem", "Startup Cost": 0.56, "Total Cost": 2.37, "Plan Rows": 10, "Plan Width": 4, "Index Cond": "(l_orderkey = orders.o_orderkey)", "Filter": "(l_commitdate < l_receiptdate)"}]}]}]}]}]}]}}, {"Plan": {"Node Type": "Limit", "Parallel Aware": false, "Startup Cost": 411415.05, "Total Cost": 411451.03, "Plan Rows": 1, "Plan Width": 24, "Plans": [{"Node Type": "Aggregate", "Strategy": "Sorted", "Partial Mode": "Finalize", "Parent Relationship": "Outer", "Parallel Aware": false, "Startup Cost": 411415.05, "Total Cost": 411594.94, "Plan Rows": 5, "Plan Width": 24, "Group Key": ["orders.o_orderpriority"], "Plans": [{"Node Type": "Gather Merge", "Parent Relationship": "Outer", "Parallel Aware": false, "Startup Cost": 411415.05, "Total Cost": 411594.81, "Plan Rows": 15, "Plan Width": 24, "Workers Planned": 3, "Plans": [{"Node Type": "Aggregate", "Strategy": "Sorted", "Partial Mode": "Partial", "Parent Relationship": "Outer", "Parallel Aware": false, "Startup Cost": 410415.01, "Total Cost": 410593.01, "Plan Rows": 5, "Plan Width": 24, "Group Key": ["orders.o_orderpriority"], "Plans": [{"Node Type": "Sort", "Parent Relationship": "Outer", "Parallel Aware": false, "Startup Cost": 410415.01, "Total Cost": 410474.32, "Plan Rows": 23727, "Plan Width": 16, "Sort Key": ["orders.o_orderpriority"], "Plans": [{"Node Type": "Nested Loop", "Parent Relationship": "Outer", "Parallel Aware": false, "Join Type": "Semi", "Startup Cost": 7383.85, "Total Cost": 408690.74, "Plan Rows": 23727, "Plan Width": 16, "Inner Unique": false, "Plans": [{"Node Type": "Bitmap Heap Scan", "Parent Relationship": "Outer", "Parallel Aware": true, "Relation Name": "orders", "Alias": "orders", "Startup Cost": 7383.29, "Total Cost": 270987.05, "Plan Rows": 179451, "Plan Width": 20, "Recheck Cond": "((o_orderdate >= '1997-04-01'::date) AND (o_orderdate < '1997-07-01 00:00:00'::timestamp without time zone))", "Plans": [{"Node Type": "Bitmap Index Scan", "Parent Relationship": "Outer", "Parallel Aware": false, "Index Name": "idx_orders_orderdate", "Startup Cost": 0.0, "Total Cost": 7244.22, "Plan Rows": 556298, "Plan Width": 0, "Index Cond": "((o_orderdate >= '1997-04-01'::date) AND (o_orderdate < '1997-07-01 00:00:00'::timestamp without time zone))"}]}, {"Node Type": "Index Scan", "Parent Relationship": "Inner", "Parallel Aware": false, "Scan Direction": "Forward", "Index Name": "idx_lineitem_orderkey", "Relation Name": "lineitem", "Alias": "lineitem", "Startup Cost": 0.56, "Total Cost": 2.37, "Plan Rows": 10, "Plan Width": 4, "Index Cond": "(l_orderkey = orders.o_orderkey)", "Filter": "(l_commitdate < l_receiptdate)"}]}]}]}]}]}]}}, {"Plan": {"Node Type": "Limit", "Parallel Aware": false, "Startup Cost": 2864694.95, "Total Cost": 2864730.92, "Plan Rows": 1, "Plan Width": 24, "Plans": [{"Node Type": "Aggregate", "Strategy": "Sorted", "Partial Mode": "Finalize", "Parent Relationship": "Outer", "Parallel Aware": false, "Startup Cost": 2864694.95, "Total Cost": 2864874.84, "Plan Rows": 5, "Plan Width": 24, "Group Key": ["orders.o_orderpriority"], "Plans": [{"Node Type": "Gather Merge", "Parent Relationship": "Outer", "Parallel Aware": false, "Startup Cost": 2864694.95, "Total Cost": 2864874.71, "Plan Rows": 15, "Plan Width": 24, "Workers Planned": 3, "Plans": [{"Node Type": "Aggregate", "Strategy": "Sorted", "Partial Mode": "Partial", "Parent Relationship": "Outer", "Parallel Aware": false, "Startup Cost": 2863694.91, "Total Cost": 2863872.91, "Plan Rows": 5, "Plan Width": 24, "Group Key": ["orders.o_orderpriority"], "Plans": [{"Node Type": "Sort", "Parent Relationship": "Outer", "Parallel Aware": false, "Startup Cost": 2863694.91, "Total Cost": 2863754.22, "Plan Rows": 23727, "Plan Width": 16, "Sort Key": ["orders.o_orderpriority"], "Plans": [{"Node Type": "Merge Join", "Parent Relationship": "Outer", "Parallel Aware": false, "Join Type": "Semi", "Startup Cost": 59.95, "Total Cost": 2861970.64, "Plan Rows": 23727, "Plan Width": 16, "Inner Unique": false, "Merge Cond": "(orders.o_orderkey = lineitem.l_orderkey)", "Plans": [{"Node Type": "Index Scan", "Parent Relationship": "Outer", "Parallel Aware": true, "Scan Direction": "Forward", "Index Name": "orders_pkey", "Relation Name": "orders", "Alias": "orders", "Startup Cost": 0.43, "Total Cost": 453729.58, "Plan Rows": 179451, "Plan Width": 20, "Filter": "((o_orderdate >= '1997-04-01'::date) AND (o_orderdate < '1997-07-01 00:00:00'::timestamp without time zone))"}, {"Node Type": "Index Scan", "Parent Relationship": "Inner", "Parallel Aware": false, "Scan Direction": "Forward", "Index Name": "idx_lineitem_orderkey", "Relation Name": "lineitem", "Alias": "lineitem", "Startup Cost": 0.56, "Total Cost": 2355412.05, "Plan Rows": 19995259, "Plan Width": 4, "Filter": "(l_commitdate < l_receiptdate)"}]}]}]}]}]}]}}, {"Plan": {"Node Type": "Limit", "Parallel Aware": false, "Startup Cost": 411415.05, "Total Cost": 411451.03, "Plan Rows": 1, "Plan Width": 24, "Plans": [{"Node Type": "Aggregate", "Strategy": "Sorted", "Partial Mode": "Finalize", "Parent Relationship": "Outer", "Parallel Aware": false, "Startup Cost": 411415.05, "Total Cost": 411594.94, "Plan Rows": 5, "Plan Width": 24, "Group Key": ["orders.o_orderpriority"], "Plans": [{"Node Type": "Gather Merge", "Parent Relationship": "Outer", "Parallel Aware": false, "Startup Cost": 411415.05, "Total Cost": 411594.81, "Plan Rows": 15, "Plan Width": 24, "Workers Planned": 3, "Plans": [{"Node Type": "Aggregate", "Strategy": "Sorted", "Partial Mode": "Partial", "Parent Relationship": "Outer", "Parallel Aware": false, "Startup Cost": 410415.01, "Total Cost": 410593.01, "Plan Rows": 5, "Plan Width": 24, "Group Key": ["orders.o_orderpriority"], "Plans": [{"Node Type": "Sort", "Parent Relationship": "Outer", "Parallel Aware": false, "Startup Cost": 410415.01, "Total Cost": 410474.32, "Plan Rows": 23727, "Plan Width": 16, "Sort Key": ["orders.o_orderpriority"], "Plans": [{"Node Type": "Nested Loop", "Parent Relationship": "Outer", "Parallel Aware": false, "Join Type": "Semi", "Startup Cost": 7383.85, "Total Cost": 408690.74, "Plan Rows": 23727, "Plan Width": 16, "Inner Unique": false, "Plans": [{"Node Type": "Bitmap Heap Scan", "Parent Relationship": "Outer", "Parallel Aware": true, "Relation Name": "orders", "Alias": "orders", "Startup Cost": 7383.29, "Total Cost": 270987.05, "Plan Rows": 179451, "Plan Width": 20, "Recheck Cond": "((o_orderdate >= '1997-04-01'::date) AND (o_orderdate < '1997-07-01 00:00:00'::timestamp without time zone))", "Plans": [{"Node Type": "Bitmap Index Scan", "Parent Relationship": "Outer", "Parallel Aware": false, "Index Name": "idx_orders_orderdate", "Startup Cost": 0.0, "Total Cost": 7244.22, "Plan Rows": 556298, "Plan Width": 0, "Index Cond": "((o_orderdate >= '1997-04-01'::date) AND (o_orderdate < '1997-07-01 00:00:00'::timestamp without time zone))"}]}, {"Node Type": "Index Scan", "Parent Relationship": "Inner", "Parallel Aware": false, "Scan Direction": "Forward", "Index Name": "idx_lineitem_orderkey", "Relation Name": "lineitem", "Alias": "lineitem", "Startup Cost": 0.56, "Total Cost": 2.37, "Plan Rows": 10, "Plan Width": 4, "Index Cond": "(l_orderkey = orders.o_orderkey)", "Filter": "(l_commitdate < l_receiptdate)"}]}]}]}]}]}]}}, {"Plan": {"Node Type": "Limit", "Parallel Aware": false, "Startup Cost": 411415.05, "Total Cost": 411451.03, "Plan Rows": 1, "Plan Width": 24, "Plans": [{"Node Type": "Aggregate", "Strategy": "Sorted", "Partial Mode": "Finalize", "Parent Relationship": "Outer", "Parallel Aware": false, "Startup Cost": 411415.05, "Total Cost": 411594.94, "Plan Rows": 5, "Plan Width": 24, "Group Key": ["orders.o_orderpriority"], "Plans": [{"Node Type": "Gather Merge", "Parent Relationship": "Outer", "Parallel Aware": false, "Startup Cost": 411415.05, "Total Cost": 411594.81, "Plan Rows": 15, "Plan Width": 24, "Workers Planned": 3, "Plans": [{"Node Type": "Aggregate", "Strategy": "Sorted", "Partial Mode": "Partial", "Parent Relationship": "Outer", "Parallel Aware": false, "Startup Cost": 410415.01, "Total Cost": 410593.01, "Plan Rows": 5, "Plan Width": 24, "Group Key": ["orders.o_orderpriority"], "Plans": [{"Node Type": "Sort", "Parent Relationship": "Outer", "Parallel Aware": false, "Startup Cost": 410415.01, "Total Cost": 410474.32, "Plan Rows": 23727, "Plan Width": 16, "Sort Key": ["orders.o_orderpriority"], "Plans": [{"Node Type": "Nested Loop", "Parent Relationship": "Outer", "Parallel Aware": false, "Join Type": "Semi", "Startup Cost": 7383.85, "Total Cost": 408690.74, "Plan Rows": 23727, "Plan Width": 16, "Inner Unique": false, "Plans": [{"Node Type": "Bitmap Heap Scan", "Parent Relationship": "Outer", "Parallel Aware": true, "Relation Name": "orders", "Alias": "orders", "Startup Cost": 7383.29, "Total Cost": 270987.05, "Plan Rows": 179451, "Plan Width": 20, "Recheck Cond": "((o_orderdate >= '1997-04-01'::date) AND (o_orderdate < '1997-07-01 00:00:00'::timestamp without time zone))", "Plans": [{"Node Type": "Bitmap Index Scan", "Parent Relationship": "Outer", "Parallel Aware": false, "Index Name": "idx_orders_orderdate", "Startup Cost": 0.0, "Total Cost": 7244.22, "Plan Rows": 556298, "Plan Width": 0, "Index Cond": "((o_orderdate >= '1997-04-01'::date) AND (o_orderdate < '1997-07-01 00:00:00'::timestamp without time zone))"}]}, {"Node Type": "Index Scan", "Parent Relationship": "Inner", "Parallel Aware": false, "Scan Direction": "Forward", "Index Name": "idx_lineitem_orderkey", "Relation Name": "lineitem", "Alias": "lineitem", "Startup Cost": 0.56, "Total Cost": 2.37, "Plan Rows": 10, "Plan Width": 4, "Index Cond": "(l_orderkey = orders.o_orderkey)", "Filter": "(l_commitdate < l_receiptdate)"}]}]}]}]}]}]}}, {"Plan": {"Node Type": "Limit", "Parallel Aware": false, "Startup Cost": 10001136482.56, "Total Cost": 10001136592.9, "Plan Rows": 1, "Plan Width": 24, "Plans": [{"Node Type": "Aggregate", "Strategy": "Sorted", "Partial Mode": "Simple", "Parent Relationship": "Outer", "Parallel Aware": false, "Startup Cost": 10001136482.56, "Total Cost": 10001137034.25, "Plan Rows": 5, "Plan Width": 24, "Group Key": ["orders.o_orderpriority"], "Plans": [{"Node Type": "Sort", "Parent Relationship": "Outer", "Parallel Aware": false, "Startup Cost": 10001136482.56, "Total Cost": 10001136666.44, "Plan Rows": 73553, "Plan Width": 16, "Sort Key": ["orders.o_orderpriority"], "Plans": [{"Node Type": "Nested Loop", "Parent Relationship": "Outer", "Parallel Aware": false, "Join Type": "Semi", "Startup Cost": 10000007384.41, "Total Cost": 10001130537.08, "Plan Rows": 73553, "Plan Width": 16, "Inner Unique": false, "Plans": [{"Node Type": "Bitmap Heap Scan", "Parent Relationship": "Outer", "Parallel Aware": false, "Relation Name": "orders", "Alias": "orders", "Startup Cost": 7383.29, "Total Cost": 276639.76, "Plan Rows": 556298, "Plan Width": 20, "Recheck Cond": "((o_orderdate >= '1997-04-01'::date) AND (o_orderdate < '1997-07-01 00:00:00'::timestamp without time zone))", "Plans": [{"Node Type": "Bitmap Index Scan", "Parent Relationship": "Outer", "Parallel Aware": false, "Index Name": "idx_orders_orderdate", "Startup Cost": 0.0, "Total Cost": 7244.22, "Plan Rows": 556298, "Plan Width": 0, "Index Cond": "((o_orderdate >= '1997-04-01'::date) AND (o_orderdate < '1997-07-01 00:00:00'::timestamp without time zone))"}]}, {"Node Type": "Bitmap Heap Scan", "Parent Relationship": "Inner", "Parallel Aware": false, "Relation Name": "lineitem", "Alias": "lineitem", "Startup Cost": 1.12, "Total Cost": 4.87, "Plan Rows": 10, "Plan Width": 4, "Recheck Cond": "(l_orderkey = orders.o_orderkey)", "Filter": "(l_commitdate < l_receiptdate)", "Plans": [{"Node Type": "Bitmap Index Scan", "Parent Relationship": "Outer", "Parallel Aware": false, "Index Name": "lineitem_pkey", "Startup Cost": 0.0, "Total Cost": 1.12, "Plan Rows": 30, "Plan Width": 0, "Index Cond": "(l_orderkey = orders.o_orderkey)"}]}]}]}]}]}}, {"Plan": {"Node Type": "Limit", "Parallel Aware": false, "Startup Cost": 549162.23, "Total Cost": 549198.21, "Plan Rows": 1, "Plan Width": 24, "Plans": [{"Node Type": "Aggregate", "Strategy": "Sorted", "Partial Mode": "Finalize", "Parent Relationship": "Outer", "Parallel Aware": false, "Startup Cost": 549162.23, "Total Cost": 549342.12, "Plan Rows": 5, "Plan Width": 24, "Group Key": ["orders.o_orderpriority"], "Plans": [{"Node Type": "Gather Merge", "Parent Relationship": "Outer", "Parallel Aware": false, "Startup Cost": 549162.23, "Total Cost": 549342.0, "Plan Rows": 15, "Plan Width": 24, "Workers Planned": 3, "Plans": [{"Node Type": "Aggregate", "Strategy": "Sorted", "Partial Mode": "Partial", "Parent Relationship": "Outer", "Parallel Aware": false, "Startup Cost": 548162.19, "Total Cost": 548340.2, "Plan Rows": 5, "Plan Width": 24, "Group Key": ["orders.o_orderpriority"], "Plans": [{"Node Type": "Sort", "Parent Relationship": "Outer", "Parallel Aware": false, "Startup Cost": 548162.19, "Total Cost": 548221.51, "Plan Rows": 23727, "Plan Width": 16, "Sort Key": ["orders.o_orderpriority"], "Plans": [{"Node Type": "Nested Loop", "Parent Relationship": "Outer", "Parallel Aware": false, "Join Type": "Semi", "Startup Cost": 7384.41, "Total Cost": 546437.92, "Plan Rows": 23727, "Plan Width": 16, "Inner Unique": false, "Plans": [{"Node Type": "Bitmap Heap Scan", "Parent Relationship": "Outer", "Parallel Aware": true, "Relation Name": "orders", "Alias": "orders", "Startup Cost": 7383.29, "Total Cost": 270987.05, "Plan Rows": 179451, "Plan Width": 20, "Recheck Cond": "((o_orderdate >= '1997-04-01'::date) AND (o_orderdate < '1997-07-01 00:00:00'::timestamp without time zone))", "Plans": [{"Node Type": "Bitmap Index Scan", "Parent Relationship": "Outer", "Parallel Aware": false, "Index Name": "idx_orders_orderdate", "Startup Cost": 0.0, "Total Cost": 7244.22, "Plan Rows": 556298, "Plan Width": 0, "Index Cond": "((o_orderdate >= '1997-04-01'::date) AND (o_orderdate < '1997-07-01 00:00:00'::timestamp without time zone))"}]}, {"Node Type": "Bitmap Heap Scan", "Parent Relationship": "Inner", "Parallel Aware": false, "Relation Name": "lineitem", "Alias": "lineitem", "Startup Cost": 1.12, "Total Cost": 4.87, "Plan Rows": 10, "Plan Width": 4, "Recheck Cond": "(l_orderkey = orders.o_orderkey)", "Filter": "(l_commitdate < l_receiptdate)", "Plans": [{"Node Type": "Bitmap Index Scan", "Parent Relationship": "Outer", "Parallel Aware": false, "Index Name": "lineitem_pkey", "Startup Cost": 0.0, "Total Cost": 1.12, "Plan Rows": 30, "Plan Width": 0, "Index Cond": "(l_orderkey = orders.o_orderkey)"}]}]}]}]}]}]}]}}, {"Plan": {"Node Type": "Limit", "Parallel Aware": false, "Startup Cost": 549162.23, "Total Cost": 549198.21, "Plan Rows": 1, "Plan Width": 24, "Plans": [{"Node Type": "Aggregate", "Strategy": "Sorted", "Partial Mode": "Finalize", "Parent Relationship": "Outer", "Parallel Aware": false, "Startup Cost": 549162.23, "Total Cost": 549342.12, "Plan Rows": 5, "Plan Width": 24, "Group Key": ["orders.o_orderpriority"], "Plans": [{"Node Type": "Gather Merge", "Parent Relationship": "Outer", "Parallel Aware": false, "Startup Cost": 549162.23, "Total Cost": 549342.0, "Plan Rows": 15, "Plan Width": 24, "Workers Planned": 3, "Plans": [{"Node Type": "Aggregate", "Strategy": "Sorted", "Partial Mode": "Partial", "Parent Relationship": "Outer", "Parallel Aware": false, "Startup Cost": 548162.19, "Total Cost": 548340.2, "Plan Rows": 5, "Plan Width": 24, "Group Key": ["orders.o_orderpriority"], "Plans": [{"Node Type": "Sort", "Parent Relationship": "Outer", "Parallel Aware": false, "Startup Cost": 548162.19, "Total Cost": 548221.51, "Plan Rows": 23727, "Plan Width": 16, "Sort Key": ["orders.o_orderpriority"], "Plans": [{"Node Type": "Nested Loop", "Parent Relationship": "Outer", "Parallel Aware": false, "Join Type": "Semi", "Startup Cost": 7384.41, "Total Cost": 546437.92, "Plan Rows": 23727, "Plan Width": 16, "Inner Unique": false, "Plans": [{"Node Type": "Bitmap Heap Scan", "Parent Relationship": "Outer", "Parallel Aware": true, "Relation Name": "orders", "Alias": "orders", "Startup Cost": 7383.29, "Total Cost": 270987.05, "Plan Rows": 179451, "Plan Width": 20, "Recheck Cond": "((o_orderdate >= '1997-04-01'::date) AND (o_orderdate < '1997-07-01 00:00:00'::timestamp without time zone))", "Plans": [{"Node Type": "Bitmap Index Scan", "Parent Relationship": "Outer", "Parallel Aware": false, "Index Name": "idx_orders_orderdate", "Startup Cost": 0.0, "Total Cost": 7244.22, "Plan Rows": 556298, "Plan Width": 0, "Index Cond": "((o_orderdate >= '1997-04-01'::date) AND (o_orderdate < '1997-07-01 00:00:00'::timestamp without time zone))"}]}, {"Node Type": "Bitmap Heap Scan", "Parent Relationship": "Inner", "Parallel Aware": false, "Relation Name": "lineitem", "Alias": "lineitem", "Startup Cost": 1.12, "Total Cost": 4.87, "Plan Rows": 10, "Plan Width": 4, "Recheck Cond": "(l_orderkey = orders.o_orderkey)", "Filter": "(l_commitdate < l_receiptdate)", "Plans": [{"Node Type": "Bitmap Index Scan", "Parent Relationship": "Outer", "Parallel Aware": false, "Index Name": "lineitem_pkey", "Startup Cost": 0.0, "Total Cost": 1.12, "Plan Rows": 30, "Plan Width": 0, "Index Cond": "(l_orderkey = orders.o_orderkey)"}]}]}]}]}]}]}]}}, {"Plan": {"Node Type": "Limit", "Parallel Aware": false, "Startup Cost": 4851861.24, "Total Cost": 4851897.22, "Plan Rows": 1, "Plan Width": 24, "Plans": [{"Node Type": "Aggregate", "Strategy": "Sorted", "Partial Mode": "Finalize", "Parent Relationship": "Outer", "Parallel Aware": false, "Startup Cost": 4851861.24, "Total Cost": 4852041.13, "Plan Rows": 5, "Plan Width": 24, "Group Key": ["orders.o_orderpriority"], "Plans": [{"Node Type": "Gather Merge", "Parent Relationship": "Outer", "Parallel Aware": false, "Startup Cost": 4851861.24, "Total Cost": 4852041.01, "Plan Rows": 15, "Plan Width": 24, "Workers Planned": 3, "Plans": [{"Node Type": "Aggregate", "Strategy": "Sorted", "Partial Mode": "Partial", "Parent Relationship": "Outer", "Parallel Aware": false, "Startup Cost": 4850861.2, "Total Cost": 4851039.21, "Plan Rows": 5, "Plan Width": 24, "Group Key": ["orders.o_orderpriority"], "Plans": [{"Node Type": "Sort", "Parent Relationship": "Outer", "Parallel Aware": false, "Startup Cost": 4850861.2, "Total Cost": 4850920.52, "Plan Rows": 23727, "Plan Width": 16, "Sort Key": ["orders.o_orderpriority"], "Plans": [{"Node Type": "Merge Join", "Parent Relationship": "Outer", "Parallel Aware": false, "Join Type": "Semi", "Startup Cost": 4745873.59, "Total Cost": 4849136.93, "Plan Rows": 23727, "Plan Width": 16, "Inner Unique": false, "Merge Cond": "(orders.o_orderkey = lineitem.l_orderkey)", "Plans": [{"Node Type": "Sort", "Parent Relationship": "Outer", "Parallel Aware": false, "Startup Cost": 286647.05, "Total Cost": 287095.68, "Plan Rows": 179451, "Plan Width": 20, "Sort Key": ["orders.o_orderkey"], "Plans": [{"Node Type": "Bitmap Heap Scan", "Parent Relationship": "Outer", "Parallel Aware": true, "Relation Name": "orders", "Alias": "orders", "Startup Cost": 7383.29, "Total Cost": 270987.05, "Plan Rows": 179451, "Plan Width": 20, "Recheck Cond": "((o_orderdate >= '1997-04-01'::date) AND (o_orderdate < '1997-07-01 00:00:00'::timestamp without time zone))", "Plans": [{"Node Type": "Bitmap Index Scan", "Parent Relationship": "Outer", "Parallel Aware": false, "Index Name": "idx_orders_orderdate", "Startup Cost": 0.0, "Total Cost": 7244.22, "Plan Rows": 556298, "Plan Width": 0, "Index Cond": "((o_orderdate >= '1997-04-01'::date) AND (o_orderdate < '1997-07-01 00:00:00'::timestamp without time zone))"}]}]}, {"Node Type": "Sort", "Parent Relationship": "Inner", "Parallel Aware": false, "Startup Cost": 4459224.09, "Total Cost": 4509212.24, "Plan Rows": 19995259, "Plan Width": 4, "Sort Key": ["lineitem.l_orderkey"], "Plans": [{"Node Type": "Seq Scan", "Parent Relationship": "Outer", "Parallel Aware": false, "Relation Name": "lineitem", "Alias": "lineitem", "Startup Cost": 0.0, "Total Cost": 1874364.2, "Plan Rows": 19995259, "Plan Width": 4, "Filter": "(l_commitdate < l_receiptdate)"}]}]}]}]}]}]}]}}, {"Plan": {"Node Type": "Limit", "Parallel Aware": false, "Startup Cost": 549162.23, "Total Cost": 549198.21, "Plan Rows": 1, "Plan Width": 24, "Plans": [{"Node Type": "Aggregate", "Strategy": "Sorted", "Partial Mode": "Finalize", "Parent Relationship": "Outer", "Parallel Aware": false, "Startup Cost": 549162.23, "Total Cost": 549342.12, "Plan Rows": 5, "Plan Width": 24, "Group Key": ["orders.o_orderpriority"], "Plans": [{"Node Type": "Gather Merge", "Parent Relationship": "Outer", "Parallel Aware": false, "Startup Cost": 549162.23, "Total Cost": 549342.0, "Plan Rows": 15, "Plan Width": 24, "Workers Planned": 3, "Plans": [{"Node Type": "Aggregate", "Strategy": "Sorted", "Partial Mode": "Partial", "Parent Relationship": "Outer", "Parallel Aware": false, "Startup Cost": 548162.19, "Total Cost": 548340.2, "Plan Rows": 5, "Plan Width": 24, "Group Key": ["orders.o_orderpriority"], "Plans": [{"Node Type": "Sort", "Parent Relationship": "Outer", "Parallel Aware": false, "Startup Cost": 548162.19, "Total Cost": 548221.51, "Plan Rows": 23727, "Plan Width": 16, "Sort Key": ["orders.o_orderpriority"], "Plans": [{"Node Type": "Nested Loop", "Parent Relationship": "Outer", "Parallel Aware": false, "Join Type": "Semi", "Startup Cost": 7384.41, "Total Cost": 546437.92, "Plan Rows": 23727, "Plan Width": 16, "Inner Unique": false, "Plans": [{"Node Type": "Bitmap Heap Scan", "Parent Relationship": "Outer", "Parallel Aware": true, "Relation Name": "orders", "Alias": "orders", "Startup Cost": 7383.29, "Total Cost": 270987.05, "Plan Rows": 179451, "Plan Width": 20, "Recheck Cond": "((o_orderdate >= '1997-04-01'::date) AND (o_orderdate < '1997-07-01 00:00:00'::timestamp without time zone))", "Plans": [{"Node Type": "Bitmap Index Scan", "Parent Relationship": "Outer", "Parallel Aware": false, "Index Name": "idx_orders_orderdate", "Startup Cost": 0.0, "Total Cost": 7244.22, "Plan Rows": 556298, "Plan Width": 0, "Index Cond": "((o_orderdate >= '1997-04-01'::date) AND (o_orderdate < '1997-07-01 00:00:00'::timestamp without time zone))"}]}, {"Node Type": "Bitmap Heap Scan", "Parent Relationship": "Inner", "Parallel Aware": false, "Relation Name": "lineitem", "Alias": "lineitem", "Startup Cost": 1.12, "Total Cost": 4.87, "Plan Rows": 10, "Plan Width": 4, "Recheck Cond": "(l_orderkey = orders.o_orderkey)", "Filter": "(l_commitdate < l_receiptdate)", "Plans": [{"Node Type": "Bitmap Index Scan", "Parent Relationship": "Outer", "Parallel Aware": false, "Index Name": "lineitem_pkey", "Startup Cost": 0.0, "Total Cost": 1.12, "Plan Rows": 30, "Plan Width": 0, "Index Cond": "(l_orderkey = orders.o_orderkey)"}]}]}]}]}]}]}]}}, {"Plan": {"Node Type": "Limit", "Parallel Aware": false, "Startup Cost": 549162.23, "Total Cost": 549198.21, "Plan Rows": 1, "Plan Width": 24, "Plans": [{"Node Type": "Aggregate", "Strategy": "Sorted", "Partial Mode": "Finalize", "Parent Relationship": "Outer", "Parallel Aware": false, "Startup Cost": 549162.23, "Total Cost": 549342.12, "Plan Rows": 5, "Plan Width": 24, "Group Key": ["orders.o_orderpriority"], "Plans": [{"Node Type": "Gather Merge", "Parent Relationship": "Outer", "Parallel Aware": false, "Startup Cost": 549162.23, "Total Cost": 549342.0, "Plan Rows": 15, "Plan Width": 24, "Workers Planned": 3, "Plans": [{"Node Type": "Aggregate", "Strategy": "Sorted", "Partial Mode": "Partial", "Parent Relationship": "Outer", "Parallel Aware": false, "Startup Cost": 548162.19, "Total Cost": 548340.2, "Plan Rows": 5, "Plan Width": 24, "Group Key": ["orders.o_orderpriority"], "Plans": [{"Node Type": "Sort", "Parent Relationship": "Outer", "Parallel Aware": false, "Startup Cost": 548162.19, "Total Cost": 548221.51, "Plan Rows": 23727, "Plan Width": 16, "Sort Key": ["orders.o_orderpriority"], "Plans": [{"Node Type": "Nested Loop", "Parent Relationship": "Outer", "Parallel Aware": false, "Join Type": "Semi", "Startup Cost": 7384.41, "Total Cost": 546437.92, "Plan Rows": 23727, "Plan Width": 16, "Inner Unique": false, "Plans": [{"Node Type": "Bitmap Heap Scan", "Parent Relationship": "Outer", "Parallel Aware": true, "Relation Name": "orders", "Alias": "orders", "Startup Cost": 7383.29, "Total Cost": 270987.05, "Plan Rows": 179451, "Plan Width": 20, "Recheck Cond": "((o_orderdate >= '1997-04-01'::date) AND (o_orderdate < '1997-07-01 00:00:00'::timestamp without time zone))", "Plans": [{"Node Type": "Bitmap Index Scan", "Parent Relationship": "Outer", "Parallel Aware": false, "Index Name": "idx_orders_orderdate", "Startup Cost": 0.0, "Total Cost": 7244.22, "Plan Rows": 556298, "Plan Width": 0, "Index Cond": "((o_orderdate >= '1997-04-01'::date) AND (o_orderdate < '1997-07-01 00:00:00'::timestamp without time zone))"}]}, {"Node Type": "Bitmap Heap Scan", "Parent Relationship": "Inner", "Parallel Aware": false, "Relation Name": "lineitem", "Alias": "lineitem", "Startup Cost": 1.12, "Total Cost": 4.87, "Plan Rows": 10, "Plan Width": 4, "Recheck Cond": "(l_orderkey = orders.o_orderkey)", "Filter": "(l_commitdate < l_receiptdate)", "Plans": [{"Node Type": "Bitmap Index Scan", "Parent Relationship": "Outer", "Parallel Aware": false, "Index Name": "lineitem_pkey", "Startup Cost": 0.0, "Total Cost": 1.12, "Plan Rows": 30, "Plan Width": 0, "Index Cond": "(l_orderkey = orders.o_orderkey)"}]}]}]}]}]}]}]}}, {"Plan": {"Node Type": "Limit", "Parallel Aware": false, "Startup Cost": 2698061.05, "Total Cost": 2698097.03, "Plan Rows": 1, "Plan Width": 24, "Plans": [{"Node Type": "Aggregate", "Strategy": "Sorted", "Partial Mode": "Finalize", "Parent Relationship": "Outer", "Parallel Aware": false, "Startup Cost": 2698061.05, "Total Cost": 2698240.94, "Plan Rows": 5, "Plan Width": 24, "Group Key": ["orders.o_orderpriority"], "Plans": [{"Node Type": "Gather Merge", "Parent Relationship": "Outer", "Parallel Aware": false, "Startup Cost": 2698061.05, "Total Cost": 2698240.81, "Plan Rows": 15, "Plan Width": 24, "Workers Planned": 3, "Plans": [{"Node Type": "Aggregate", "Strategy": "Sorted", "Partial Mode": "Partial", "Parent Relationship": "Outer", "Parallel Aware": false, "Startup Cost": 2697061.01, "Total Cost": 2697239.01, "Plan Rows": 5, "Plan Width": 24, "Group Key": ["orders.o_orderpriority"], "Plans": [{"Node Type": "Sort", "Parent Relationship": "Outer", "Parallel Aware": false, "Startup Cost": 2697061.01, "Total Cost": 2697120.33, "Plan Rows": 23727, "Plan Width": 16, "Sort Key": ["orders.o_orderpriority"], "Plans": [{"Node Type": "Merge Join", "Parent Relationship": "Outer", "Parallel Aware": false, "Join Type": "Semi", "Startup Cost": 286706.56, "Total Cost": 2695336.74, "Plan Rows": 23727, "Plan Width": 16, "Inner Unique": false, "Merge Cond": "(orders.o_orderkey = lineitem.l_orderkey)", "Plans": [{"Node Type": "Sort", "Parent Relationship": "Outer", "Parallel Aware": false, "Startup Cost": 286647.05, "Total Cost": 287095.68, "Plan Rows": 179451, "Plan Width": 20, "Sort Key": ["orders.o_orderkey"], "Plans": [{"Node Type": "Bitmap Heap Scan", "Parent Relationship": "Outer", "Parallel Aware": true, "Relation Name": "orders", "Alias": "orders", "Startup Cost": 7383.29, "Total Cost": 270987.05, "Plan Rows": 179451, "Plan Width": 20, "Recheck Cond": "((o_orderdate >= '1997-04-01'::date) AND (o_orderdate < '1997-07-01 00:00:00'::timestamp without time zone))", "Plans": [{"Node Type": "Bitmap Index Scan", "Parent Relationship": "Outer", "Parallel Aware": false, "Index Name": "idx_orders_orderdate", "Startup Cost": 0.0, "Total Cost": 7244.22, "Plan Rows": 556298, "Plan Width": 0, "Index Cond": "((o_orderdate >= '1997-04-01'::date) AND (o_orderdate < '1997-07-01 00:00:00'::timestamp without time zone))"}]}]}, {"Node Type": "Index Scan", "Parent Relationship": "Inner", "Parallel Aware": false, "Scan Direction": "Forward", "Index Name": "idx_lineitem_orderkey", "Relation Name": "lineitem", "Alias": "lineitem", "Startup Cost": 0.56, "Total Cost": 2355412.05, "Plan Rows": 19995259, "Plan Width": 4, "Filter": "(l_commitdate < l_receiptdate)"}]}]}]}]}]}]}}, {"Plan": {"Node Type": "Limit", "Parallel Aware": false, "Startup Cost": 411415.05, "Total Cost": 411451.03, "Plan Rows": 1, "Plan Width": 24, "Plans": [{"Node Type": "Aggregate", "Strategy": "Sorted", "Partial Mode": "Finalize", "Parent Relationship": "Outer", "Parallel Aware": false, "Startup Cost": 411415.05, "Total Cost": 411594.94, "Plan Rows": 5, "Plan Width": 24, "Group Key": ["orders.o_orderpriority"], "Plans": [{"Node Type": "Gather Merge", "Parent Relationship": "Outer", "Parallel Aware": false, "Startup Cost": 411415.05, "Total Cost": 411594.81, "Plan Rows": 15, "Plan Width": 24, "Workers Planned": 3, "Plans": [{"Node Type": "Aggregate", "Strategy": "Sorted", "Partial Mode": "Partial", "Parent Relationship": "Outer", "Parallel Aware": false, "Startup Cost": 410415.01, "Total Cost": 410593.01, "Plan Rows": 5, "Plan Width": 24, "Group Key": ["orders.o_orderpriority"], "Plans": [{"Node Type": "Sort", "Parent Relationship": "Outer", "Parallel Aware": false, "Startup Cost": 410415.01, "Total Cost": 410474.32, "Plan Rows": 23727, "Plan Width": 16, "Sort Key": ["orders.o_orderpriority"], "Plans": [{"Node Type": "Nested Loop", "Parent Relationship": "Outer", "Parallel Aware": false, "Join Type": "Semi", "Startup Cost": 7383.85, "Total Cost": 408690.74, "Plan Rows": 23727, "Plan Width": 16, "Inner Unique": false, "Plans": [{"Node Type": "Bitmap Heap Scan", "Parent Relationship": "Outer", "Parallel Aware": true, "Relation Name": "orders", "Alias": "orders", "Startup Cost": 7383.29, "Total Cost": 270987.05, "Plan Rows": 179451, "Plan Width": 20, "Recheck Cond": "((o_orderdate >= '1997-04-01'::date) AND (o_orderdate < '1997-07-01 00:00:00'::timestamp without time zone))", "Plans": [{"Node Type": "Bitmap Index Scan", "Parent Relationship": "Outer", "Parallel Aware": false, "Index Name": "idx_orders_orderdate", "Startup Cost": 0.0, "Total Cost": 7244.22, "Plan Rows": 556298, "Plan Width": 0, "Index Cond": "((o_orderdate >= '1997-04-01'::date) AND (o_orderdate < '1997-07-01 00:00:00'::timestamp without time zone))"}]}, {"Node Type": "Index Scan", "Parent Relationship": "Inner", "Parallel Aware": false, "Scan Direction": "Forward", "Index Name": "idx_lineitem_orderkey", "Relation Name": "lineitem", "Alias": "lineitem", "Startup Cost": 0.56, "Total Cost": 2.37, "Plan Rows": 10, "Plan Width": 4, "Index Cond": "(l_orderkey = orders.o_orderkey)", "Filter": "(l_commitdate < l_receiptdate)"}]}]}]}]}]}]}}, {"Plan": {"Node Type": "Limit", "Parallel Aware": false, "Startup Cost": 411415.05, "Total Cost": 411451.03, "Plan Rows": 1, "Plan Width": 24, "Plans": [{"Node Type": "Aggregate", "Strategy": "Sorted", "Partial Mode": "Finalize", "Parent Relationship": "Outer", "Parallel Aware": false, "Startup Cost": 411415.05, "Total Cost": 411594.94, "Plan Rows": 5, "Plan Width": 24, "Group Key": ["orders.o_orderpriority"], "Plans": [{"Node Type": "Gather Merge", "Parent Relationship": "Outer", "Parallel Aware": false, "Startup Cost": 411415.05, "Total Cost": 411594.81, "Plan Rows": 15, "Plan Width": 24, "Workers Planned": 3, "Plans": [{"Node Type": "Aggregate", "Strategy": "Sorted", "Partial Mode": "Partial", "Parent Relationship": "Outer", "Parallel Aware": false, "Startup Cost": 410415.01, "Total Cost": 410593.01, "Plan Rows": 5, "Plan Width": 24, "Group Key": ["orders.o_orderpriority"], "Plans": [{"Node Type": "Sort", "Parent Relationship": "Outer", "Parallel Aware": false, "Startup Cost": 410415.01, "Total Cost": 410474.32, "Plan Rows": 23727, "Plan Width": 16, "Sort Key": ["orders.o_orderpriority"], "Plans": [{"Node Type": "Nested Loop", "Parent Relationship": "Outer", "Parallel Aware": false, "Join Type": "Semi", "Startup Cost": 7383.85, "Total Cost": 408690.74, "Plan Rows": 23727, "Plan Width": 16, "Inner Unique": false, "Plans": [{"Node Type": "Bitmap Heap Scan", "Parent Relationship": "Outer", "Parallel Aware": true, "Relation Name": "orders", "Alias": "orders", "Startup Cost": 7383.29, "Total Cost": 270987.05, "Plan Rows": 179451, "Plan Width": 20, "Recheck Cond": "((o_orderdate >= '1997-04-01'::date) AND (o_orderdate < '1997-07-01 00:00:00'::timestamp without time zone))", "Plans": [{"Node Type": "Bitmap Index Scan", "Parent Relationship": "Outer", "Parallel Aware": false, "Index Name": "idx_orders_orderdate", "Startup Cost": 0.0, "Total Cost": 7244.22, "Plan Rows": 556298, "Plan Width": 0, "Index Cond": "((o_orderdate >= '1997-04-01'::date) AND (o_orderdate < '1997-07-01 00:00:00'::timestamp without time zone))"}]}, {"Node Type": "Index Scan", "Parent Relationship": "Inner", "Parallel Aware": false, "Scan Direction": "Forward", "Index Name": "idx_lineitem_orderkey", "Relation Name": "lineitem", "Alias": "lineitem", "Startup Cost": 0.56, "Total Cost": 2.37, "Plan Rows": 10, "Plan Width": 4, "Index Cond": "(l_orderkey = orders.o_orderkey)", "Filter": "(l_commitdate < l_receiptdate)"}]}]}]}]}]}]}}, {"Plan": {"Node Type": "Limit", "Parallel Aware": false, "Startup Cost": 2864694.95, "Total Cost": 2864730.92, "Plan Rows": 1, "Plan Width": 24, "Plans": [{"Node Type": "Aggregate", "Strategy": "Sorted", "Partial Mode": "Finalize", "Parent Relationship": "Outer", "Parallel Aware": false, "Startup Cost": 2864694.95, "Total Cost": 2864874.84, "Plan Rows": 5, "Plan Width": 24, "Group Key": ["orders.o_orderpriority"], "Plans": [{"Node Type": "Gather Merge", "Parent Relationship": "Outer", "Parallel Aware": false, "Startup Cost": 2864694.95, "Total Cost": 2864874.71, "Plan Rows": 15, "Plan Width": 24, "Workers Planned": 3, "Plans": [{"Node Type": "Aggregate", "Strategy": "Sorted", "Partial Mode": "Partial", "Parent Relationship": "Outer", "Parallel Aware": false, "Startup Cost": 2863694.91, "Total Cost": 2863872.91, "Plan Rows": 5, "Plan Width": 24, "Group Key": ["orders.o_orderpriority"], "Plans": [{"Node Type": "Sort", "Parent Relationship": "Outer", "Parallel Aware": false, "Startup Cost": 2863694.91, "Total Cost": 2863754.22, "Plan Rows": 23727, "Plan Width": 16, "Sort Key": ["orders.o_orderpriority"], "Plans": [{"Node Type": "Merge Join", "Parent Relationship": "Outer", "Parallel Aware": false, "Join Type": "Semi", "Startup Cost": 59.95, "Total Cost": 2861970.64, "Plan Rows": 23727, "Plan Width": 16, "Inner Unique": false, "Merge Cond": "(orders.o_orderkey = lineitem.l_orderkey)", "Plans": [{"Node Type": "Index Scan", "Parent Relationship": "Outer", "Parallel Aware": true, "Scan Direction": "Forward", "Index Name": "orders_pkey", "Relation Name": "orders", "Alias": "orders", "Startup Cost": 0.43, "Total Cost": 453729.58, "Plan Rows": 179451, "Plan Width": 20, "Filter": "((o_orderdate >= '1997-04-01'::date) AND (o_orderdate < '1997-07-01 00:00:00'::timestamp without time zone))"}, {"Node Type": "Index Scan", "Parent Relationship": "Inner", "Parallel Aware": false, "Scan Direction": "Forward", "Index Name": "idx_lineitem_orderkey", "Relation Name": "lineitem", "Alias": "lineitem", "Startup Cost": 0.56, "Total Cost": 2355412.05, "Plan Rows": 19995259, "Plan Width": 4, "Filter": "(l_commitdate < l_receiptdate)"}]}]}]}]}]}]}}, {"Plan": {"Node Type": "Limit", "Parallel Aware": false, "Startup Cost": 411415.05, "Total Cost": 411451.03, "Plan Rows": 1, "Plan Width": 24, "Plans": [{"Node Type": "Aggregate", "Strategy": "Sorted", "Partial Mode": "Finalize", "Parent Relationship": "Outer", "Parallel Aware": false, "Startup Cost": 411415.05, "Total Cost": 411594.94, "Plan Rows": 5, "Plan Width": 24, "Group Key": ["orders.o_orderpriority"], "Plans": [{"Node Type": "Gather Merge", "Parent Relationship": "Outer", "Parallel Aware": false, "Startup Cost": 411415.05, "Total Cost": 411594.81, "Plan Rows": 15, "Plan Width": 24, "Workers Planned": 3, "Plans": [{"Node Type": "Aggregate", "Strategy": "Sorted", "Partial Mode": "Partial", "Parent Relationship": "Outer", "Parallel Aware": false, "Startup Cost": 410415.01, "Total Cost": 410593.01, "Plan Rows": 5, "Plan Width": 24, "Group Key": ["orders.o_orderpriority"], "Plans": [{"Node Type": "Sort", "Parent Relationship": "Outer", "Parallel Aware": false, "Startup Cost": 410415.01, "Total Cost": 410474.32, "Plan Rows": 23727, "Plan Width": 16, "Sort Key": ["orders.o_orderpriority"], "Plans": [{"Node Type": "Nested Loop", "Parent Relationship": "Outer", "Parallel Aware": false, "Join Type": "Semi", "Startup Cost": 7383.85, "Total Cost": 408690.74, "Plan Rows": 23727, "Plan Width": 16, "Inner Unique": false, "Plans": [{"Node Type": "Bitmap Heap Scan", "Parent Relationship": "Outer", "Parallel Aware": true, "Relation Name": "orders", "Alias": "orders", "Startup Cost": 7383.29, "Total Cost": 270987.05, "Plan Rows": 179451, "Plan Width": 20, "Recheck Cond": "((o_orderdate >= '1997-04-01'::date) AND (o_orderdate < '1997-07-01 00:00:00'::timestamp without time zone))", "Plans": [{"Node Type": "Bitmap Index Scan", "Parent Relationship": "Outer", "Parallel Aware": false, "Index Name": "idx_orders_orderdate", "Startup Cost": 0.0, "Total Cost": 7244.22, "Plan Rows": 556298, "Plan Width": 0, "Index Cond": "((o_orderdate >= '1997-04-01'::date) AND (o_orderdate < '1997-07-01 00:00:00'::timestamp without time zone))"}]}, {"Node Type": "Index Scan", "Parent Relationship": "Inner", "Parallel Aware": false, "Scan Direction": "Forward", "Index Name": "idx_lineitem_orderkey", "Relation Name": "lineitem", "Alias": "lineitem", "Startup Cost": 0.56, "Total Cost": 2.37, "Plan Rows": 10, "Plan Width": 4, "Index Cond": "(l_orderkey = orders.o_orderkey)", "Filter": "(l_commitdate < l_receiptdate)"}]}]}]}]}]}]}}, {"Plan": {"Node Type": "Limit", "Parallel Aware": false, "Startup Cost": 411415.05, "Total Cost": 411451.03, "Plan Rows": 1, "Plan Width": 24, "Plans": [{"Node Type": "Aggregate", "Strategy": "Sorted", "Partial Mode": "Finalize", "Parent Relationship": "Outer", "Parallel Aware": false, "Startup Cost": 411415.05, "Total Cost": 411594.94, "Plan Rows": 5, "Plan Width": 24, "Group Key": ["orders.o_orderpriority"], "Plans": [{"Node Type": "Gather Merge", "Parent Relationship": "Outer", "Parallel Aware": false, "Startup Cost": 411415.05, "Total Cost": 411594.81, "Plan Rows": 15, "Plan Width": 24, "Workers Planned": 3, "Plans": [{"Node Type": "Aggregate", "Strategy": "Sorted", "Partial Mode": "Partial", "Parent Relationship": "Outer", "Parallel Aware": false, "Startup Cost": 410415.01, "Total Cost": 410593.01, "Plan Rows": 5, "Plan Width": 24, "Group Key": ["orders.o_orderpriority"], "Plans": [{"Node Type": "Sort", "Parent Relationship": "Outer", "Parallel Aware": false, "Startup Cost": 410415.01, "Total Cost": 410474.32, "Plan Rows": 23727, "Plan Width": 16, "Sort Key": ["orders.o_orderpriority"], "Plans": [{"Node Type": "Nested Loop", "Parent Relationship": "Outer", "Parallel Aware": false, "Join Type": "Semi", "Startup Cost": 7383.85, "Total Cost": 408690.74, "Plan Rows": 23727, "Plan Width": 16, "Inner Unique": false, "Plans": [{"Node Type": "Bitmap Heap Scan", "Parent Relationship": "Outer", "Parallel Aware": true, "Relation Name": "orders", "Alias": "orders", "Startup Cost": 7383.29, "Total Cost": 270987.05, "Plan Rows": 179451, "Plan Width": 20, "Recheck Cond": "((o_orderdate >= '1997-04-01'::date) AND (o_orderdate < '1997-07-01 00:00:00'::timestamp without time zone))", "Plans": [{"Node Type": "Bitmap Index Scan", "Parent Relationship": "Outer", "Parallel Aware": false, "Index Name": "idx_orders_orderdate", "Startup Cost": 0.0, "Total Cost": 7244.22, "Plan Rows": 556298, "Plan Width": 0, "Index Cond": "((o_orderdate >= '1997-04-01'::date) AND (o_orderdate < '1997-07-01 00:00:00'::timestamp without time zone))"}]}, {"Node Type": "Index Scan", "Parent Relationship": "Inner", "Parallel Aware": false, "Scan Direction": "Forward", "Index Name": "idx_lineitem_orderkey", "Relation Name": "lineitem", "Alias": "lineitem", "Startup Cost": 0.56, "Total Cost": 2.37, "Plan Rows": 10, "Plan Width": 4, "Index Cond": "(l_orderkey = orders.o_orderkey)", "Filter": "(l_commitdate < l_receiptdate)"}]}]}]}]}]}]}}, {"Plan": {"Node Type": "Limit", "Parallel Aware": false, "Startup Cost": 549162.23, "Total Cost": 549198.21, "Plan Rows": 1, "Plan Width": 24, "Plans": [{"Node Type": "Aggregate", "Strategy": "Sorted", "Partial Mode": "Finalize", "Parent Relationship": "Outer", "Parallel Aware": false, "Startup Cost": 549162.23, "Total Cost": 549342.12, "Plan Rows": 5, "Plan Width": 24, "Group Key": ["orders.o_orderpriority"], "Plans": [{"Node Type": "Gather Merge", "Parent Relationship": "Outer", "Parallel Aware": false, "Startup Cost": 549162.23, "Total Cost": 549342.0, "Plan Rows": 15, "Plan Width": 24, "Workers Planned": 3, "Plans": [{"Node Type": "Aggregate", "Strategy": "Sorted", "Partial Mode": "Partial", "Parent Relationship": "Outer", "Parallel Aware": false, "Startup Cost": 548162.19, "Total Cost": 548340.2, "Plan Rows": 5, "Plan Width": 24, "Group Key": ["orders.o_orderpriority"], "Plans": [{"Node Type": "Sort", "Parent Relationship": "Outer", "Parallel Aware": false, "Startup Cost": 548162.19, "Total Cost": 548221.51, "Plan Rows": 23727, "Plan Width": 16, "Sort Key": ["orders.o_orderpriority"], "Plans": [{"Node Type": "Nested Loop", "Parent Relationship": "Outer", "Parallel Aware": false, "Join Type": "Semi", "Startup Cost": 7384.41, "Total Cost": 546437.92, "Plan Rows": 23727, "Plan Width": 16, "Inner Unique": false, "Plans": [{"Node Type": "Bitmap Heap Scan", "Parent Relationship": "Outer", "Parallel Aware": true, "Relation Name": "orders", "Alias": "orders", "Startup Cost": 7383.29, "Total Cost": 270987.05, "Plan Rows": 179451, "Plan Width": 20, "Recheck Cond": "((o_orderdate >= '1997-04-01'::date) AND (o_orderdate < '1997-07-01 00:00:00'::timestamp without time zone))", "Plans": [{"Node Type": "Bitmap Index Scan", "Parent Relationship": "Outer", "Parallel Aware": false, "Index Name": "idx_orders_orderdate", "Startup Cost": 0.0, "Total Cost": 7244.22, "Plan Rows": 556298, "Plan Width": 0, "Index Cond": "((o_orderdate >= '1997-04-01'::date) AND (o_orderdate < '1997-07-01 00:00:00'::timestamp without time zone))"}]}, {"Node Type": "Bitmap Heap Scan", "Parent Relationship": "Inner", "Parallel Aware": false, "Relation Name": "lineitem", "Alias": "lineitem", "Startup Cost": 1.12, "Total Cost": 4.87, "Plan Rows": 10, "Plan Width": 4, "Recheck Cond": "(l_orderkey = orders.o_orderkey)", "Filter": "(l_commitdate < l_receiptdate)", "Plans": [{"Node Type": "Bitmap Index Scan", "Parent Relationship": "Outer", "Parallel Aware": false, "Index Name": "lineitem_pkey", "Startup Cost": 0.0, "Total Cost": 1.12, "Plan Rows": 30, "Plan Width": 0, "Index Cond": "(l_orderkey = orders.o_orderkey)"}]}]}]}]}]}]}]}}, {"Plan": {"Node Type": "Limit", "Parallel Aware": false, "Startup Cost": 4851861.24, "Total Cost": 4851897.22, "Plan Rows": 1, "Plan Width": 24, "Plans": [{"Node Type": "Aggregate", "Strategy": "Sorted", "Partial Mode": "Finalize", "Parent Relationship": "Outer", "Parallel Aware": false, "Startup Cost": 4851861.24, "Total Cost": 4852041.13, "Plan Rows": 5, "Plan Width": 24, "Group Key": ["orders.o_orderpriority"], "Plans": [{"Node Type": "Gather Merge", "Parent Relationship": "Outer", "Parallel Aware": false, "Startup Cost": 4851861.24, "Total Cost": 4852041.01, "Plan Rows": 15, "Plan Width": 24, "Workers Planned": 3, "Plans": [{"Node Type": "Aggregate", "Strategy": "Sorted", "Partial Mode": "Partial", "Parent Relationship": "Outer", "Parallel Aware": false, "Startup Cost": 4850861.2, "Total Cost": 4851039.21, "Plan Rows": 5, "Plan Width": 24, "Group Key": ["orders.o_orderpriority"], "Plans": [{"Node Type": "Sort", "Parent Relationship": "Outer", "Parallel Aware": false, "Startup Cost": 4850861.2, "Total Cost": 4850920.52, "Plan Rows": 23727, "Plan Width": 16, "Sort Key": ["orders.o_orderpriority"], "Plans": [{"Node Type": "Merge Join", "Parent Relationship": "Outer", "Parallel Aware": false, "Join Type": "Semi", "Startup Cost": 4745873.59, "Total Cost": 4849136.93, "Plan Rows": 23727, "Plan Width": 16, "Inner Unique": false, "Merge Cond": "(orders.o_orderkey = lineitem.l_orderkey)", "Plans": [{"Node Type": "Sort", "Parent Relationship": "Outer", "Parallel Aware": false, "Startup Cost": 286647.05, "Total Cost": 287095.68, "Plan Rows": 179451, "Plan Width": 20, "Sort Key": ["orders.o_orderkey"], "Plans": [{"Node Type": "Bitmap Heap Scan", "Parent Relationship": "Outer", "Parallel Aware": true, "Relation Name": "orders", "Alias": "orders", "Startup Cost": 7383.29, "Total Cost": 270987.05, "Plan Rows": 179451, "Plan Width": 20, "Recheck Cond": "((o_orderdate >= '1997-04-01'::date) AND (o_orderdate < '1997-07-01 00:00:00'::timestamp without time zone))", "Plans": [{"Node Type": "Bitmap Index Scan", "Parent Relationship": "Outer", "Parallel Aware": false, "Index Name": "idx_orders_orderdate", "Startup Cost": 0.0, "Total Cost": 7244.22, "Plan Rows": 556298, "Plan Width": 0, "Index Cond": "((o_orderdate >= '1997-04-01'::date) AND (o_orderdate < '1997-07-01 00:00:00'::timestamp without time zone))"}]}]}, {"Node Type": "Sort", "Parent Relationship": "Inner", "Parallel Aware": false, "Startup Cost": 4459224.09, "Total Cost": 4509212.24, "Plan Rows": 19995259, "Plan Width": 4, "Sort Key": ["lineitem.l_orderkey"], "Plans": [{"Node Type": "Seq Scan", "Parent Relationship": "Outer", "Parallel Aware": false, "Relation Name": "lineitem", "Alias": "lineitem", "Startup Cost": 0.0, "Total Cost": 1874364.2, "Plan Rows": 19995259, "Plan Width": 4, "Filter": "(l_commitdate < l_receiptdate)"}]}]}]}]}]}]}]}}, {"Plan": {"Node Type": "Limit", "Parallel Aware": false, "Startup Cost": 549162.23, "Total Cost": 549198.21, "Plan Rows": 1, "Plan Width": 24, "Plans": [{"Node Type": "Aggregate", "Strategy": "Sorted", "Partial Mode": "Finalize", "Parent Relationship": "Outer", "Parallel Aware": false, "Startup Cost": 549162.23, "Total Cost": 549342.12, "Plan Rows": 5, "Plan Width": 24, "Group Key": ["orders.o_orderpriority"], "Plans": [{"Node Type": "Gather Merge", "Parent Relationship": "Outer", "Parallel Aware": false, "Startup Cost": 549162.23, "Total Cost": 549342.0, "Plan Rows": 15, "Plan Width": 24, "Workers Planned": 3, "Plans": [{"Node Type": "Aggregate", "Strategy": "Sorted", "Partial Mode": "Partial", "Parent Relationship": "Outer", "Parallel Aware": false, "Startup Cost": 548162.19, "Total Cost": 548340.2, "Plan Rows": 5, "Plan Width": 24, "Group Key": ["orders.o_orderpriority"], "Plans": [{"Node Type": "Sort", "Parent Relationship": "Outer", "Parallel Aware": false, "Startup Cost": 548162.19, "Total Cost": 548221.51, "Plan Rows": 23727, "Plan Width": 16, "Sort Key": ["orders.o_orderpriority"], "Plans": [{"Node Type": "Nested Loop", "Parent Relationship": "Outer", "Parallel Aware": false, "Join Type": "Semi", "Startup Cost": 7384.41, "Total Cost": 546437.92, "Plan Rows": 23727, "Plan Width": 16, "Inner Unique": false, "Plans": [{"Node Type": "Bitmap Heap Scan", "Parent Relationship": "Outer", "Parallel Aware": true, "Relation Name": "orders", "Alias": "orders", "Startup Cost": 7383.29, "Total Cost": 270987.05, "Plan Rows": 179451, "Plan Width": 20, "Recheck Cond": "((o_orderdate >= '1997-04-01'::date) AND (o_orderdate < '1997-07-01 00:00:00'::timestamp without time zone))", "Plans": [{"Node Type": "Bitmap Index Scan", "Parent Relationship": "Outer", "Parallel Aware": false, "Index Name": "idx_orders_orderdate", "Startup Cost": 0.0, "Total Cost": 7244.22, "Plan Rows": 556298, "Plan Width": 0, "Index Cond": "((o_orderdate >= '1997-04-01'::date) AND (o_orderdate < '1997-07-01 00:00:00'::timestamp without time zone))"}]}, {"Node Type": "Bitmap Heap Scan", "Parent Relationship": "Inner", "Parallel Aware": false, "Relation Name": "lineitem", "Alias": "lineitem", "Startup Cost": 1.12, "Total Cost": 4.87, "Plan Rows": 10, "Plan Width": 4, "Recheck Cond": "(l_orderkey = orders.o_orderkey)", "Filter": "(l_commitdate < l_receiptdate)", "Plans": [{"Node Type": "Bitmap Index Scan", "Parent Relationship": "Outer", "Parallel Aware": false, "Index Name": "lineitem_pkey", "Startup Cost": 0.0, "Total Cost": 1.12, "Plan Rows": 30, "Plan Width": 0, "Index Cond": "(l_orderkey = orders.o_orderkey)"}]}]}]}]}]}]}]}}, {"Plan": {"Node Type": "Limit", "Parallel Aware": false, "Startup Cost": 411415.05, "Total Cost": 411451.03, "Plan Rows": 1, "Plan Width": 24, "Plans": [{"Node Type": "Aggregate", "Strategy": "Sorted", "Partial Mode": "Finalize", "Parent Relationship": "Outer", "Parallel Aware": false, "Startup Cost": 411415.05, "Total Cost": 411594.94, "Plan Rows": 5, "Plan Width": 24, "Group Key": ["orders.o_orderpriority"], "Plans": [{"Node Type": "Gather Merge", "Parent Relationship": "Outer", "Parallel Aware": false, "Startup Cost": 411415.05, "Total Cost": 411594.81, "Plan Rows": 15, "Plan Width": 24, "Workers Planned": 3, "Plans": [{"Node Type": "Aggregate", "Strategy": "Sorted", "Partial Mode": "Partial", "Parent Relationship": "Outer", "Parallel Aware": false, "Startup Cost": 410415.01, "Total Cost": 410593.01, "Plan Rows": 5, "Plan Width": 24, "Group Key": ["orders.o_orderpriority"], "Plans": [{"Node Type": "Sort", "Parent Relationship": "Outer", "Parallel Aware": false, "Startup Cost": 410415.01, "Total Cost": 410474.32, "Plan Rows": 23727, "Plan Width": 16, "Sort Key": ["orders.o_orderpriority"], "Plans": [{"Node Type": "Nested Loop", "Parent Relationship": "Outer", "Parallel Aware": false, "Join Type": "Semi", "Startup Cost": 7383.85, "Total Cost": 408690.74, "Plan Rows": 23727, "Plan Width": 16, "Inner Unique": false, "Plans": [{"Node Type": "Bitmap Heap Scan", "Parent Relationship": "Outer", "Parallel Aware": true, "Relation Name": "orders", "Alias": "orders", "Startup Cost": 7383.29, "Total Cost": 270987.05, "Plan Rows": 179451, "Plan Width": 20, "Recheck Cond": "((o_orderdate >= '1997-04-01'::date) AND (o_orderdate < '1997-07-01 00:00:00'::timestamp without time zone))", "Plans": [{"Node Type": "Bitmap Index Scan", "Parent Relationship": "Outer", "Parallel Aware": false, "Index Name": "idx_orders_orderdate", "Startup Cost": 0.0, "Total Cost": 7244.22, "Plan Rows": 556298, "Plan Width": 0, "Index Cond": "((o_orderdate >= '1997-04-01'::date) AND (o_orderdate < '1997-07-01 00:00:00'::timestamp without time zone))"}]}, {"Node Type": "Index Scan", "Parent Relationship": "Inner", "Parallel Aware": false, "Scan Direction": "Forward", "Index Name": "idx_lineitem_orderkey", "Relation Name": "lineitem", "Alias": "lineitem", "Startup Cost": 0.56, "Total Cost": 2.37, "Plan Rows": 10, "Plan Width": 4, "Index Cond": "(l_orderkey = orders.o_orderkey)", "Filter": "(l_commitdate < l_receiptdate)"}]}]}]}]}]}]}}]