[{"Plan": {"Node Type": "Limit", "Parallel Aware": false, "Startup Cost": 10001082801.39, "Total Cost": 10001082914.19, "Plan Rows": 1, "Plan Width": 24, "Plans": [{"Node Type": "Aggregate", "Strategy": "Sorted", "Partial Mode": "Simple", "Parent Relationship": "Outer", "Parallel Aware": false, "Startup Cost": 10001082801.39, "Total Cost": 10001083365.4, "Plan Rows": 5, "Plan Width": 24, "Group Key": ["orders.o_orderpriority"], "Plans": [{"Node Type": "Sort", "Parent Relationship": "Outer", "Parallel Aware": false, "Startup Cost": 10001082801.39, "Total Cost": 10001082989.38, "Plan Rows": 75195, "Plan Width": 16, "Sort Key": ["orders.o_orderpriority"], "Plans": [{"Node Type": "Nested Loop", "Parent Relationship": "Outer", "Parallel Aware": false, "Join Type": "Semi", "Startup Cost": 10000007549.09, "Total Cost": 10001076711.22, "Plan Rows": 75195, "Plan Width": 16, "Inner Unique": false, "Plans": [{"Node Type": "Bitmap Heap Scan", "Parent Relationship": "Outer", "Parallel Aware": false, "Relation Name": "orders", "Alias": "orders", "Startup Cost": 7547.98, "Total Cost": 276990.74, "Plan Rows": 568717, "Plan Width": 20, "Recheck Cond": "((o_orderdate >= '1995-04-01'::date) AND (o_orderdate < '1995-07-01 00:00:00'::timestamp without time zone))", "Plans": [{"Node Type": "Bitmap Index Scan", "Parent Relationship": "Outer", "Parallel Aware": false, "Index Name": "idx_orders_orderdate", "Startup Cost": 0.0, "Total Cost": 7405.81, "Plan Rows": 568717, "Plan Width": 0, "Index Cond": "((o_orderdate >= '1995-04-01'::date) AND (o_orderdate < '1995-07-01 00:00:00'::timestamp without time zone))"}]}, {"Node Type": "Bitmap Heap Scan", "Parent Relationship": "Inner", "Parallel Aware": false, "Relation Name": "lineitem", "Alias": "lineitem", "Startup Cost": 1.11, "Total Cost": 3.76, "Plan Rows": 10, "Plan Width": 4, "Recheck Cond": "(l_orderkey = orders.o_orderkey)", "Filter": "(l_commitdate < l_receiptdate)", "Plans": [{"Node Type": "Bitmap Index Scan", "Parent Relationship": "Outer", "Parallel Aware": false, "Index Name": "lineitem_pkey", "Startup Cost": 0.0, "Total Cost": 1.11, "Plan Rows": 30, "Plan Width": 0, "Index Cond": "(l_orderkey = orders.o_orderkey)"}]}]}]}]}]}}, {"Plan": {"Node Type": "Limit", "Parallel Aware": false, "Startup Cost": 2255396.22, "Total Cost": 2255432.99, "Plan Rows": 1, "Plan Width": 24, "Plans": [{"Node Type": "Aggregate", "Strategy": "Sorted", "Partial Mode": "Finalize", "Parent Relationship": "Outer", "Parallel Aware": false, "Startup Cost": 2255396.22, "Total Cost": 2255580.08, "Plan Rows": 5, "Plan Width": 24, "Group Key": ["orders.o_orderpriority"], "Plans": [{"Node Type": "Gather Merge", "Parent Relationship": "Outer", "Parallel Aware": false, "Startup Cost": 2255396.22, "Total Cost": 2255579.95, "Plan Rows": 15, "Plan Width": 24, "Workers Planned": 3, "Plans": [{"Node Type": "Aggregate", "Strategy": "Sorted", "Partial Mode": "Partial", "Parent Relationship": "Outer", "Parallel Aware": false, "Startup Cost": 2254396.18, "Total Cost": 2254578.15, "Plan Rows": 5, "Plan Width": 24, "Group Key": ["orders.o_orderpriority"], "Plans": [{"Node Type": "Sort", "Parent Relationship": "Outer", "Parallel Aware": false, "Startup Cost": 2254396.18, "Total Cost": 2254456.82, "Plan Rows": 24256, "Plan Width": 16, "Sort Key": ["orders.o_orderpriority"], "Plans": [{"Node Type": "Hash Join", "Parent Relationship": "Outer", "Parallel Aware": true, "Join Type": "Semi", "Startup Cost": 1960838.01, "Total Cost": 2252629.61, "Plan Rows": 24256, "Plan Width": 16, "Inner Unique": false, "Hash Cond": "(orders.o_orderkey = lineitem.l_orderkey)", "Plans": [{"Node Type": "Bitmap Heap Scan", "Parent Relationship": "Outer", "Parallel Aware": true, "Relation Name": "orders", "Alias": "orders", "Startup Cost": 7547.98, "Total Cost": 271211.84, "Plan Rows": 183457, "Plan Width": 20, "Recheck Cond": "((o_orderdate >= '1995-04-01'::date) AND (o_orderdate < '1995-07-01 00:00:00'::timestamp without time zone))", "Plans": [{"Node Type": "Bitmap Index Scan", "Parent Relationship": "Outer", "Parallel Aware": false, "Index Name": "idx_orders_orderdate", "Startup Cost": 0.0, "Total Cost": 7405.81, "Plan Rows": 568717, "Plan Width": 0, "Index Cond": "((o_orderdate >= '1995-04-01'::date) AND (o_orderdate < '1995-07-01 00:00:00'::timestamp without time zone))"}]}, {"Node Type": "Hash", "Parent Relationship": "Inner", "Parallel Aware": true, "Startup Cost": 1847467.97, "Total Cost": 1847467.97, "Plan Rows": 6450084, "Plan Width": 4, "Plans": [{"Node Type": "Index Scan", "Parent Relationship": "Outer", "Parallel Aware": true, "Scan Direction": "Forward", "Index Name": "idx_lineitem_orderkey", "Relation Name": "lineitem", "Alias": "lineitem", "Startup Cost": 0.56, "Total Cost": 1847467.97, "Plan Rows": 6450084, "Plan Width": 4, "Filter": "(l_commitdate < l_receiptdate)"}]}]}]}]}]}]}]}}, {"Plan": {"Node Type": "Limit", "Parallel Aware": false, "Startup Cost": 2255396.22, "Total Cost": 2255432.99, "Plan Rows": 1, "Plan Width": 24, "Plans": [{"Node Type": "Aggregate", "Strategy": "Sorted", "Partial Mode": "Finalize", "Parent Relationship": "Outer", "Parallel Aware": false, "Startup Cost": 2255396.22, "Total Cost": 2255580.08, "Plan Rows": 5, "Plan Width": 24, "Group Key": ["orders.o_orderpriority"], "Plans": [{"Node Type": "Gather Merge", "Parent Relationship": "Outer", "Parallel Aware": false, "Startup Cost": 2255396.22, "Total Cost": 2255579.95, "Plan Rows": 15, "Plan Width": 24, "Workers Planned": 3, "Plans": [{"Node Type": "Aggregate", "Strategy": "Sorted", "Partial Mode": "Partial", "Parent Relationship": "Outer", "Parallel Aware": false, "Startup Cost": 2254396.18, "Total Cost": 2254578.15, "Plan Rows": 5, "Plan Width": 24, "Group Key": ["orders.o_orderpriority"], "Plans": [{"Node Type": "Sort", "Parent Relationship": "Outer", "Parallel Aware": false, "Startup Cost": 2254396.18, "Total Cost": 2254456.82, "Plan Rows": 24256, "Plan Width": 16, "Sort Key": ["orders.o_orderpriority"], "Plans": [{"Node Type": "Hash Join", "Parent Relationship": "Outer", "Parallel Aware": true, "Join Type": "Semi", "Startup Cost": 1960838.01, "Total Cost": 2252629.61, "Plan Rows": 24256, "Plan Width": 16, "Inner Unique": false, "Hash Cond": "(orders.o_orderkey = lineitem.l_orderkey)", "Plans": [{"Node Type": "Bitmap Heap Scan", "Parent Relationship": "Outer", "Parallel Aware": true, "Relation Name": "orders", "Alias": "orders", "Startup Cost": 7547.98, "Total Cost": 271211.84, "Plan Rows": 183457, "Plan Width": 20, "Recheck Cond": "((o_orderdate >= '1995-04-01'::date) AND (o_orderdate < '1995-07-01 00:00:00'::timestamp without time zone))", "Plans": [{"Node Type": "Bitmap Index Scan", "Parent Relationship": "Outer", "Parallel Aware": false, "Index Name": "idx_orders_orderdate", "Startup Cost": 0.0, "Total Cost": 7405.81, "Plan Rows": 568717, "Plan Width": 0, "Index Cond": "((o_orderdate >= '1995-04-01'::date) AND (o_orderdate < '1995-07-01 00:00:00'::timestamp without time zone))"}]}, {"Node Type": "Hash", "Parent Relationship": "Inner", "Parallel Aware": true, "Startup Cost": 1847467.97, "Total Cost": 1847467.97, "Plan Rows": 6450084, "Plan Width": 4, "Plans": [{"Node Type": "Index Scan", "Parent Relationship": "Outer", "Parallel Aware": true, "Scan Direction": "Forward", "Index Name": "idx_lineitem_orderkey", "Relation Name": "lineitem", "Alias": "lineitem", "Startup Cost": 0.56, "Total Cost": 1847467.97, "Plan Rows": 6450084, "Plan Width": 4, "Filter": "(l_commitdate < l_receiptdate)"}]}]}]}]}]}]}]}}, {"Plan": {"Node Type": "Limit", "Parallel Aware": false, "Startup Cost": 414532.88, "Total Cost": 414569.65, "Plan Rows": 1, "Plan Width": 24, "Plans": [{"Node Type": "Aggregate", "Strategy": "Sorted", "Partial Mode": "Finalize", "Parent Relationship": "Outer", "Parallel Aware": false, "Startup Cost": 414532.88, "Total Cost": 414716.74, "Plan Rows": 5, "Plan Width": 24, "Group Key": ["orders.o_orderpriority"], "Plans": [{"Node Type": "Gather Merge", "Parent Relationship": "Outer", "Parallel Aware": false, "Startup Cost": 414532.88, "Total Cost": 414716.61, "Plan Rows": 15, "Plan Width": 24, "Workers Planned": 3, "Plans": [{"Node Type": "Aggregate", "Strategy": "Sorted", "Partial Mode": "Partial", "Parent Relationship": "Outer", "Parallel Aware": false, "Startup Cost": 413532.84, "Total Cost": 413714.81, "Plan Rows": 5, "Plan Width": 24, "Group Key": ["orders.o_orderpriority"], "Plans": [{"Node Type": "Sort", "Parent Relationship": "Outer", "Parallel Aware": false, "Startup Cost": 413532.84, "Total Cost": 413593.48, "Plan Rows": 24256, "Plan Width": 16, "Sort Key": ["orders.o_orderpriority"], "Plans": [{"Node Type": "Nested Loop", "Parent Relationship": "Outer", "Parallel Aware": false, "Join Type": "Semi", "Startup Cost": 7548.55, "Total Cost": 411766.27, "Plan Rows": 24256, "Plan Width": 16, "Inner Unique": false, "Plans": [{"Node Type": "Bitmap Heap Scan", "Parent Relationship": "Outer", "Parallel Aware": true, "Relation Name": "orders", "Alias": "orders", "Startup Cost": 7547.98, "Total Cost": 271211.84, "Plan Rows": 183457, "Plan Width": 20, "Recheck Cond": "((o_orderdate >= '1995-04-01'::date) AND (o_orderdate < '1995-07-01 00:00:00'::timestamp without time zone))", "Plans": [{"Node Type": "Bitmap Index Scan", "Parent Relationship": "Outer", "Parallel Aware": false, "Index Name": "idx_orders_orderdate", "Startup Cost": 0.0, "Total Cost": 7405.81, "Plan Rows": 568717, "Plan Width": 0, "Index Cond": "((o_orderdate >= '1995-04-01'::date) AND (o_orderdate < '1995-07-01 00:00:00'::timestamp without time zone))"}]}, {"Node Type": "Index Scan", "Parent Relationship": "Inner", "Parallel Aware": false, "Scan Direction": "Forward", "Index Name": "idx_lineitem_orderkey", "Relation Name": "lineitem", "Alias": "lineitem", "Startup Cost": 0.56, "Total Cost": 2.36, "Plan Rows": 10, "Plan Width": 4, "Index Cond": "(l_orderkey = orders.o_orderkey)", "Filter": "(l_commitdate < l_receiptdate)"}]}]}]}]}]}]}}, {"Plan": {"Node Type": "Limit", "Parallel Aware": false, "Startup Cost": 1774348.37, "Total Cost": 1774385.14, "Plan Rows": 1, "Plan Width": 24, "Plans": [{"Node Type": "Aggregate", "Strategy": "Sorted", "Partial Mode": "Finalize", "Parent Relationship": "Outer", "Parallel Aware": false, "Startup Cost": 1774348.37, "Total Cost": 1774532.23, "Plan Rows": 5, "Plan Width": 24, "Group Key": ["orders.o_orderpriority"], "Plans": [{"Node Type": "Gather Merge", "Parent Relationship": "Outer", "Parallel Aware": false, "Startup Cost": 1774348.37, "Total Cost": 1774532.11, "Plan Rows": 15, "Plan Width": 24, "Workers Planned": 3, "Plans": [{"Node Type": "Aggregate", "Strategy": "Sorted", "Partial Mode": "Partial", "Parent Relationship": "Outer", "Parallel Aware": false, "Startup Cost": 1773348.33, "Total Cost": 1773530.3, "Plan Rows": 5, "Plan Width": 24, "Group Key": ["orders.o_orderpriority"], "Plans": [{"Node Type": "Sort", "Parent Relationship": "Outer", "Parallel Aware": false, "Startup Cost": 1773348.33, "Total Cost": 1773408.97, "Plan Rows": 24256, "Plan Width": 16, "Sort Key": ["orders.o_orderpriority"], "Plans": [{"Node Type": "Hash Join", "Parent Relationship": "Outer", "Parallel Aware": true, "Join Type": "Semi", "Startup Cost": 1479790.16, "Total Cost": 1771581.76, "Plan Rows": 24256, "Plan Width": 16, "Inner Unique": false, "Hash Cond": "(orders.o_orderkey = lineitem.l_orderkey)", "Plans": [{"Node Type": "Bitmap Heap Scan", "Parent Relationship": "Outer", "Parallel Aware": true, "Relation Name": "orders", "Alias": "orders", "Startup Cost": 7547.98, "Total Cost": 271211.84, "Plan Rows": 183457, "Plan Width": 20, "Recheck Cond": "((o_orderdate >= '1995-04-01'::date) AND (o_orderdate < '1995-07-01 00:00:00'::timestamp without time zone))", "Plans": [{"Node Type": "Bitmap Index Scan", "Parent Relationship": "Outer", "Parallel Aware": false, "Index Name": "idx_orders_orderdate", "Startup Cost": 0.0, "Total Cost": 7405.81, "Plan Rows": 568717, "Plan Width": 0, "Index Cond": "((o_orderdate >= '1995-04-01'::date) AND (o_orderdate < '1995-07-01 00:00:00'::timestamp without time zone))"}]}, {"Node Type": "Hash", "Parent Relationship": "Inner", "Parallel Aware": true, "Startup Cost": 1366420.13, "Total Cost": 1366420.13, "Plan Rows": 6450084, "Plan Width": 4, "Plans": [{"Node Type": "Seq Scan", "Parent Relationship": "Outer", "Parallel Aware": true, "Relation Name": "lineitem", "Alias": "lineitem", "Startup Cost": 0.0, "Total Cost": 1366420.13, "Plan Rows": 6450084, "Plan Width": 4, "Filter": "(l_commitdate < l_receiptdate)"}]}]}]}]}]}]}]}}, {"Plan": {"Node Type": "Limit", "Parallel Aware": false, "Startup Cost": 414532.88, "Total Cost": 414569.65, "Plan Rows": 1, "Plan Width": 24, "Plans": [{"Node Type": "Aggregate", "Strategy": "Sorted", "Partial Mode": "Finalize", "Parent Relationship": "Outer", "Parallel Aware": false, "Startup Cost": 414532.88, "Total Cost": 414716.74, "Plan Rows": 5, "Plan Width": 24, "Group Key": ["orders.o_orderpriority"], "Plans": [{"Node Type": "Gather Merge", "Parent Relationship": "Outer", "Parallel Aware": false, "Startup Cost": 414532.88, "Total Cost": 414716.61, "Plan Rows": 15, "Plan Width": 24, "Workers Planned": 3, "Plans": [{"Node Type": "Aggregate", "Strategy": "Sorted", "Partial Mode": "Partial", "Parent Relationship": "Outer", "Parallel Aware": false, "Startup Cost": 413532.84, "Total Cost": 413714.81, "Plan Rows": 5, "Plan Width": 24, "Group Key": ["orders.o_orderpriority"], "Plans": [{"Node Type": "Sort", "Parent Relationship": "Outer", "Parallel Aware": false, "Startup Cost": 413532.84, "Total Cost": 413593.48, "Plan Rows": 24256, "Plan Width": 16, "Sort Key": ["orders.o_orderpriority"], "Plans": [{"Node Type": "Nested Loop", "Parent Relationship": "Outer", "Parallel Aware": false, "Join Type": "Semi", "Startup Cost": 7548.55, "Total Cost": 411766.27, "Plan Rows": 24256, "Plan Width": 16, "Inner Unique": false, "Plans": [{"Node Type": "Bitmap Heap Scan", "Parent Relationship": "Outer", "Parallel Aware": true, "Relation Name": "orders", "Alias": "orders", "Startup Cost": 7547.98, "Total Cost": 271211.84, "Plan Rows": 183457, "Plan Width": 20, "Recheck Cond": "((o_orderdate >= '1995-04-01'::date) AND (o_orderdate < '1995-07-01 00:00:00'::timestamp without time zone))", "Plans": [{"Node Type": "Bitmap Index Scan", "Parent Relationship": "Outer", "Parallel Aware": false, "Index Name": "idx_orders_orderdate", "Startup Cost": 0.0, "Total Cost": 7405.81, "Plan Rows": 568717, "Plan Width": 0, "Index Cond": "((o_orderdate >= '1995-04-01'::date) AND (o_orderdate < '1995-07-01 00:00:00'::timestamp without time zone))"}]}, {"Node Type": "Index Scan", "Parent Relationship": "Inner", "Parallel Aware": false, "Scan Direction": "Forward", "Index Name": "idx_lineitem_orderkey", "Relation Name": "lineitem", "Alias": "lineitem", "Startup Cost": 0.56, "Total Cost": 2.36, "Plan Rows": 10, "Plan Width": 4, "Index Cond": "(l_orderkey = orders.o_orderkey)", "Filter": "(l_commitdate < l_receiptdate)"}]}]}]}]}]}]}}, {"Plan": {"Node Type": "Limit", "Parallel Aware": false, "Startup Cost": 414532.88, "Total Cost": 414569.65, "Plan Rows": 1, "Plan Width": 24, "Plans": [{"Node Type": "Aggregate", "Strategy": "Sorted", "Partial Mode": "Finalize", "Parent Relationship": "Outer", "Parallel Aware": false, "Startup Cost": 414532.88, "Total Cost": 414716.74, "Plan Rows": 5, "Plan Width": 24, "Group Key": ["orders.o_orderpriority"], "Plans": [{"Node Type": "Gather Merge", "Parent Relationship": "Outer", "Parallel Aware": false, "Startup Cost": 414532.88, "Total Cost": 414716.61, "Plan Rows": 15, "Plan Width": 24, "Workers Planned": 3, "Plans": [{"Node Type": "Aggregate", "Strategy": "Sorted", "Partial Mode": "Partial", "Parent Relationship": "Outer", "Parallel Aware": false, "Startup Cost": 413532.84, "Total Cost": 413714.81, "Plan Rows": 5, "Plan Width": 24, "Group Key": ["orders.o_orderpriority"], "Plans": [{"Node Type": "Sort", "Parent Relationship": "Outer", "Parallel Aware": false, "Startup Cost": 413532.84, "Total Cost": 413593.48, "Plan Rows": 24256, "Plan Width": 16, "Sort Key": ["orders.o_orderpriority"], "Plans": [{"Node Type": "Nested Loop", "Parent Relationship": "Outer", "Parallel Aware": false, "Join Type": "Semi", "Startup Cost": 7548.55, "Total Cost": 411766.27, "Plan Rows": 24256, "Plan Width": 16, "Inner Unique": false, "Plans": [{"Node Type": "Bitmap Heap Scan", "Parent Relationship": "Outer", "Parallel Aware": true, "Relation Name": "orders", "Alias": "orders", "Startup Cost": 7547.98, "Total Cost": 271211.84, "Plan Rows": 183457, "Plan Width": 20, "Recheck Cond": "((o_orderdate >= '1995-04-01'::date) AND (o_orderdate < '1995-07-01 00:00:00'::timestamp without time zone))", "Plans": [{"Node Type": "Bitmap Index Scan", "Parent Relationship": "Outer", "Parallel Aware": false, "Index Name": "idx_orders_orderdate", "Startup Cost": 0.0, "Total Cost": 7405.81, "Plan Rows": 568717, "Plan Width": 0, "Index Cond": "((o_orderdate >= '1995-04-01'::date) AND (o_orderdate < '1995-07-01 00:00:00'::timestamp without time zone))"}]}, {"Node Type": "Index Scan", "Parent Relationship": "Inner", "Parallel Aware": false, "Scan Direction": "Forward", "Index Name": "idx_lineitem_orderkey", "Relation Name": "lineitem", "Alias": "lineitem", "Startup Cost": 0.56, "Total Cost": 2.36, "Plan Rows": 10, "Plan Width": 4, "Index Cond": "(l_orderkey = orders.o_orderkey)", "Filter": "(l_commitdate < l_receiptdate)"}]}]}]}]}]}]}}, {"Plan": {"Node Type": "Limit", "Parallel Aware": false, "Startup Cost": 1774348.37, "Total Cost": 1774385.14, "Plan Rows": 1, "Plan Width": 24, "Plans": [{"Node Type": "Aggregate", "Strategy": "Sorted", "Partial Mode": "Finalize", "Parent Relationship": "Outer", "Parallel Aware": false, "Startup Cost": 1774348.37, "Total Cost": 1774532.23, "Plan Rows": 5, "Plan Width": 24, "Group Key": ["orders.o_orderpriority"], "Plans": [{"Node Type": "Gather Merge", "Parent Relationship": "Outer", "Parallel Aware": false, "Startup Cost": 1774348.37, "Total Cost": 1774532.11, "Plan Rows": 15, "Plan Width": 24, "Workers Planned": 3, "Plans": [{"Node Type": "Aggregate", "Strategy": "Sorted", "Partial Mode": "Partial", "Parent Relationship": "Outer", "Parallel Aware": false, "Startup Cost": 1773348.33, "Total Cost": 1773530.3, "Plan Rows": 5, "Plan Width": 24, "Group Key": ["orders.o_orderpriority"], "Plans": [{"Node Type": "Sort", "Parent Relationship": "Outer", "Parallel Aware": false, "Startup Cost": 1773348.33, "Total Cost": 1773408.97, "Plan Rows": 24256, "Plan Width": 16, "Sort Key": ["orders.o_orderpriority"], "Plans": [{"Node Type": "Hash Join", "Parent Relationship": "Outer", "Parallel Aware": true, "Join Type": "Semi", "Startup Cost": 1479790.16, "Total Cost": 1771581.76, "Plan Rows": 24256, "Plan Width": 16, "Inner Unique": false, "Hash Cond": "(orders.o_orderkey = lineitem.l_orderkey)", "Plans": [{"Node Type": "Bitmap Heap Scan", "Parent Relationship": "Outer", "Parallel Aware": true, "Relation Name": "orders", "Alias": "orders", "Startup Cost": 7547.98, "Total Cost": 271211.84, "Plan Rows": 183457, "Plan Width": 20, "Recheck Cond": "((o_orderdate >= '1995-04-01'::date) AND (o_orderdate < '1995-07-01 00:00:00'::timestamp without time zone))", "Plans": [{"Node Type": "Bitmap Index Scan", "Parent Relationship": "Outer", "Parallel Aware": false, "Index Name": "idx_orders_orderdate", "Startup Cost": 0.0, "Total Cost": 7405.81, "Plan Rows": 568717, "Plan Width": 0, "Index Cond": "((o_orderdate >= '1995-04-01'::date) AND (o_orderdate < '1995-07-01 00:00:00'::timestamp without time zone))"}]}, {"Node Type": "Hash", "Parent Relationship": "Inner", "Parallel Aware": true, "Startup Cost": 1366420.13, "Total Cost": 1366420.13, "Plan Rows": 6450084, "Plan Width": 4, "Plans": [{"Node Type": "Seq Scan", "Parent Relationship": "Outer", "Parallel Aware": true, "Relation Name": "lineitem", "Alias": "lineitem", "Startup Cost": 0.0, "Total Cost": 1366420.13, "Plan Rows": 6450084, "Plan Width": 4, "Filter": "(l_commitdate < l_receiptdate)"}]}]}]}]}]}]}]}}, {"Plan": {"Node Type": "Limit", "Parallel Aware": false, "Startup Cost": 10001082801.39, "Total Cost": 10001082914.19, "Plan Rows": 1, "Plan Width": 24, "Plans": [{"Node Type": "Aggregate", "Strategy": "Sorted", "Partial Mode": "Simple", "Parent Relationship": "Outer", "Parallel Aware": false, "Startup Cost": 10001082801.39, "Total Cost": 10001083365.4, "Plan Rows": 5, "Plan Width": 24, "Group Key": ["orders.o_orderpriority"], "Plans": [{"Node Type": "Sort", "Parent Relationship": "Outer", "Parallel Aware": false, "Startup Cost": 10001082801.39, "Total Cost": 10001082989.38, "Plan Rows": 75195, "Plan Width": 16, "Sort Key": ["orders.o_orderpriority"], "Plans": [{"Node Type": "Nested Loop", "Parent Relationship": "Outer", "Parallel Aware": false, "Join Type": "Semi", "Startup Cost": 10000007549.09, "Total Cost": 10001076711.22, "Plan Rows": 75195, "Plan Width": 16, "Inner Unique": false, "Plans": [{"Node Type": "Bitmap Heap Scan", "Parent Relationship": "Outer", "Parallel Aware": false, "Relation Name": "orders", "Alias": "orders", "Startup Cost": 7547.98, "Total Cost": 276990.74, "Plan Rows": 568717, "Plan Width": 20, "Recheck Cond": "((o_orderdate >= '1995-04-01'::date) AND (o_orderdate < '1995-07-01 00:00:00'::timestamp without time zone))", "Plans": [{"Node Type": "Bitmap Index Scan", "Parent Relationship": "Outer", "Parallel Aware": false, "Index Name": "idx_orders_orderdate", "Startup Cost": 0.0, "Total Cost": 7405.81, "Plan Rows": 568717, "Plan Width": 0, "Index Cond": "((o_orderdate >= '1995-04-01'::date) AND (o_orderdate < '1995-07-01 00:00:00'::timestamp without time zone))"}]}, {"Node Type": "Bitmap Heap Scan", "Parent Relationship": "Inner", "Parallel Aware": false, "Relation Name": "lineitem", "Alias": "lineitem", "Startup Cost": 1.11, "Total Cost": 3.76, "Plan Rows": 10, "Plan Width": 4, "Recheck Cond": "(l_orderkey = orders.o_orderkey)", "Filter": "(l_commitdate < l_receiptdate)", "Plans": [{"Node Type": "Bitmap Index Scan", "Parent Relationship": "Outer", "Parallel Aware": false, "Index Name": "lineitem_pkey", "Startup Cost": 0.0, "Total Cost": 1.11, "Plan Rows": 30, "Plan Width": 0, "Index Cond": "(l_orderkey = orders.o_orderkey)"}]}]}]}]}]}}, {"Plan": {"Node Type": "Limit", "Parallel Aware": false, "Startup Cost": 531952.56, "Total Cost": 531989.33, "Plan Rows": 1, "Plan Width": 24, "Plans": [{"Node Type": "Aggregate", "Strategy": "Sorted", "Partial Mode": "Finalize", "Parent Relationship": "Outer", "Parallel Aware": false, "Startup Cost": 531952.56, "Total Cost": 532136.42, "Plan Rows": 5, "Plan Width": 24, "Group Key": ["orders.o_orderpriority"], "Plans": [{"Node Type": "Gather Merge", "Parent Relationship": "Outer", "Parallel Aware": false, "Startup Cost": 531952.56, "Total Cost": 532136.29, "Plan Rows": 15, "Plan Width": 24, "Workers Planned": 3, "Plans": [{"Node Type": "Aggregate", "Strategy": "Sorted", "Partial Mode": "Partial", "Parent Relationship": "Outer", "Parallel Aware": false, "Startup Cost": 530952.52, "Total Cost": 531134.49, "Plan Rows": 5, "Plan Width": 24, "Group Key": ["orders.o_orderpriority"], "Plans": [{"Node Type": "Sort", "Parent Relationship": "Outer", "Parallel Aware": false, "Startup Cost": 530952.52, "Total Cost": 531013.16, "Plan Rows": 24256, "Plan Width": 16, "Sort Key": ["orders.o_orderpriority"], "Plans": [{"Node Type": "Nested Loop", "Parent Relationship": "Outer", "Parallel Aware": false, "Join Type": "Semi", "Startup Cost": 7549.09, "Total Cost": 529185.95, "Plan Rows": 24256, "Plan Width": 16, "Inner Unique": false, "Plans": [{"Node Type": "Bitmap Heap Scan", "Parent Relationship": "Outer", "Parallel Aware": true, "Relation Name": "orders", "Alias": "orders", "Startup Cost": 7547.98, "Total Cost": 271211.84, "Plan Rows": 183457, "Plan Width": 20, "Recheck Cond": "((o_orderdate >= '1995-04-01'::date) AND (o_orderdate < '1995-07-01 00:00:00'::timestamp without time zone))", "Plans": [{"Node Type": "Bitmap Index Scan", "Parent Relationship": "Outer", "Parallel Aware": false, "Index Name": "idx_orders_orderdate", "Startup Cost": 0.0, "Total Cost": 7405.81, "Plan Rows": 568717, "Plan Width": 0, "Index Cond": "((o_orderdate >= '1995-04-01'::date) AND (o_orderdate < '1995-07-01 00:00:00'::timestamp without time zone))"}]}, {"Node Type": "Bitmap Heap Scan", "Parent Relationship": "Inner", "Parallel Aware": false, "Relation Name": "lineitem", "Alias": "lineitem", "Startup Cost": 1.11, "Total Cost": 3.76, "Plan Rows": 10, "Plan Width": 4, "Recheck Cond": "(l_orderkey = orders.o_orderkey)", "Filter": "(l_commitdate < l_receiptdate)", "Plans": [{"Node Type": "Bitmap Index Scan", "Parent Relationship": "Outer", "Parallel Aware": false, "Index Name": "lineitem_pkey", "Startup Cost": 0.0, "Total Cost": 1.11, "Plan Rows": 30, "Plan Width": 0, "Index Cond": "(l_orderkey = orders.o_orderkey)"}]}]}]}]}]}]}]}}, {"Plan": {"Node Type": "Limit", "Parallel Aware": false, "Startup Cost": 531952.56, "Total Cost": 531989.33, "Plan Rows": 1, "Plan Width": 24, "Plans": [{"Node Type": "Aggregate", "Strategy": "Sorted", "Partial Mode": "Finalize", "Parent Relationship": "Outer", "Parallel Aware": false, "Startup Cost": 531952.56, "Total Cost": 532136.42, "Plan Rows": 5, "Plan Width": 24, "Group Key": ["orders.o_orderpriority"], "Plans": [{"Node Type": "Gather Merge", "Parent Relationship": "Outer", "Parallel Aware": false, "Startup Cost": 531952.56, "Total Cost": 532136.29, "Plan Rows": 15, "Plan Width": 24, "Workers Planned": 3, "Plans": [{"Node Type": "Aggregate", "Strategy": "Sorted", "Partial Mode": "Partial", "Parent Relationship": "Outer", "Parallel Aware": false, "Startup Cost": 530952.52, "Total Cost": 531134.49, "Plan Rows": 5, "Plan Width": 24, "Group Key": ["orders.o_orderpriority"], "Plans": [{"Node Type": "Sort", "Parent Relationship": "Outer", "Parallel Aware": false, "Startup Cost": 530952.52, "Total Cost": 531013.16, "Plan Rows": 24256, "Plan Width": 16, "Sort Key": ["orders.o_orderpriority"], "Plans": [{"Node Type": "Nested Loop", "Parent Relationship": "Outer", "Parallel Aware": false, "Join Type": "Semi", "Startup Cost": 7549.09, "Total Cost": 529185.95, "Plan Rows": 24256, "Plan Width": 16, "Inner Unique": false, "Plans": [{"Node Type": "Bitmap Heap Scan", "Parent Relationship": "Outer", "Parallel Aware": true, "Relation Name": "orders", "Alias": "orders", "Startup Cost": 7547.98, "Total Cost": 271211.84, "Plan Rows": 183457, "Plan Width": 20, "Recheck Cond": "((o_orderdate >= '1995-04-01'::date) AND (o_orderdate < '1995-07-01 00:00:00'::timestamp without time zone))", "Plans": [{"Node Type": "Bitmap Index Scan", "Parent Relationship": "Outer", "Parallel Aware": false, "Index Name": "idx_orders_orderdate", "Startup Cost": 0.0, "Total Cost": 7405.81, "Plan Rows": 568717, "Plan Width": 0, "Index Cond": "((o_orderdate >= '1995-04-01'::date) AND (o_orderdate < '1995-07-01 00:00:00'::timestamp without time zone))"}]}, {"Node Type": "Bitmap Heap Scan", "Parent Relationship": "Inner", "Parallel Aware": false, "Relation Name": "lineitem", "Alias": "lineitem", "Startup Cost": 1.11, "Total Cost": 3.76, "Plan Rows": 10, "Plan Width": 4, "Recheck Cond": "(l_orderkey = orders.o_orderkey)", "Filter": "(l_commitdate < l_receiptdate)", "Plans": [{"Node Type": "Bitmap Index Scan", "Parent Relationship": "Outer", "Parallel Aware": false, "Index Name": "lineitem_pkey", "Startup Cost": 0.0, "Total Cost": 1.11, "Plan Rows": 30, "Plan Width": 0, "Index Cond": "(l_orderkey = orders.o_orderkey)"}]}]}]}]}]}]}]}}, {"Plan": {"Node Type": "Limit", "Parallel Aware": false, "Startup Cost": 1774348.37, "Total Cost": 1774385.14, "Plan Rows": 1, "Plan Width": 24, "Plans": [{"Node Type": "Aggregate", "Strategy": "Sorted", "Partial Mode": "Finalize", "Parent Relationship": "Outer", "Parallel Aware": false, "Startup Cost": 1774348.37, "Total Cost": 1774532.23, "Plan Rows": 5, "Plan Width": 24, "Group Key": ["orders.o_orderpriority"], "Plans": [{"Node Type": "Gather Merge", "Parent Relationship": "Outer", "Parallel Aware": false, "Startup Cost": 1774348.37, "Total Cost": 1774532.11, "Plan Rows": 15, "Plan Width": 24, "Workers Planned": 3, "Plans": [{"Node Type": "Aggregate", "Strategy": "Sorted", "Partial Mode": "Partial", "Parent Relationship": "Outer", "Parallel Aware": false, "Startup Cost": 1773348.33, "Total Cost": 1773530.3, "Plan Rows": 5, "Plan Width": 24, "Group Key": ["orders.o_orderpriority"], "Plans": [{"Node Type": "Sort", "Parent Relationship": "Outer", "Parallel Aware": false, "Startup Cost": 1773348.33, "Total Cost": 1773408.97, "Plan Rows": 24256, "Plan Width": 16, "Sort Key": ["orders.o_orderpriority"], "Plans": [{"Node Type": "Hash Join", "Parent Relationship": "Outer", "Parallel Aware": true, "Join Type": "Semi", "Startup Cost": 1479790.16, "Total Cost": 1771581.76, "Plan Rows": 24256, "Plan Width": 16, "Inner Unique": false, "Hash Cond": "(orders.o_orderkey = lineitem.l_orderkey)", "Plans": [{"Node Type": "Bitmap Heap Scan", "Parent Relationship": "Outer", "Parallel Aware": true, "Relation Name": "orders", "Alias": "orders", "Startup Cost": 7547.98, "Total Cost": 271211.84, "Plan Rows": 183457, "Plan Width": 20, "Recheck Cond": "((o_orderdate >= '1995-04-01'::date) AND (o_orderdate < '1995-07-01 00:00:00'::timestamp without time zone))", "Plans": [{"Node Type": "Bitmap Index Scan", "Parent Relationship": "Outer", "Parallel Aware": false, "Index Name": "idx_orders_orderdate", "Startup Cost": 0.0, "Total Cost": 7405.81, "Plan Rows": 568717, "Plan Width": 0, "Index Cond": "((o_orderdate >= '1995-04-01'::date) AND (o_orderdate < '1995-07-01 00:00:00'::timestamp without time zone))"}]}, {"Node Type": "Hash", "Parent Relationship": "Inner", "Parallel Aware": true, "Startup Cost": 1366420.13, "Total Cost": 1366420.13, "Plan Rows": 6450084, "Plan Width": 4, "Plans": [{"Node Type": "Seq Scan", "Parent Relationship": "Outer", "Parallel Aware": true, "Relation Name": "lineitem", "Alias": "lineitem", "Startup Cost": 0.0, "Total Cost": 1366420.13, "Plan Rows": 6450084, "Plan Width": 4, "Filter": "(l_commitdate < l_receiptdate)"}]}]}]}]}]}]}]}}, {"Plan": {"Node Type": "Limit", "Parallel Aware": false, "Startup Cost": 531952.56, "Total Cost": 531989.33, "Plan Rows": 1, "Plan Width": 24, "Plans": [{"Node Type": "Aggregate", "Strategy": "Sorted", "Partial Mode": "Finalize", "Parent Relationship": "Outer", "Parallel Aware": false, "Startup Cost": 531952.56, "Total Cost": 532136.42, "Plan Rows": 5, "Plan Width": 24, "Group Key": ["orders.o_orderpriority"], "Plans": [{"Node Type": "Gather Merge", "Parent Relationship": "Outer", "Parallel Aware": false, "Startup Cost": 531952.56, "Total Cost": 532136.29, "Plan Rows": 15, "Plan Width": 24, "Workers Planned": 3, "Plans": [{"Node Type": "Aggregate", "Strategy": "Sorted", "Partial Mode": "Partial", "Parent Relationship": "Outer", "Parallel Aware": false, "Startup Cost": 530952.52, "Total Cost": 531134.49, "Plan Rows": 5, "Plan Width": 24, "Group Key": ["orders.o_orderpriority"], "Plans": [{"Node Type": "Sort", "Parent Relationship": "Outer", "Parallel Aware": false, "Startup Cost": 530952.52, "Total Cost": 531013.16, "Plan Rows": 24256, "Plan Width": 16, "Sort Key": ["orders.o_orderpriority"], "Plans": [{"Node Type": "Nested Loop", "Parent Relationship": "Outer", "Parallel Aware": false, "Join Type": "Semi", "Startup Cost": 7549.09, "Total Cost": 529185.95, "Plan Rows": 24256, "Plan Width": 16, "Inner Unique": false, "Plans": [{"Node Type": "Bitmap Heap Scan", "Parent Relationship": "Outer", "Parallel Aware": true, "Relation Name": "orders", "Alias": "orders", "Startup Cost": 7547.98, "Total Cost": 271211.84, "Plan Rows": 183457, "Plan Width": 20, "Recheck Cond": "((o_orderdate >= '1995-04-01'::date) AND (o_orderdate < '1995-07-01 00:00:00'::timestamp without time zone))", "Plans": [{"Node Type": "Bitmap Index Scan", "Parent Relationship": "Outer", "Parallel Aware": false, "Index Name": "idx_orders_orderdate", "Startup Cost": 0.0, "Total Cost": 7405.81, "Plan Rows": 568717, "Plan Width": 0, "Index Cond": "((o_orderdate >= '1995-04-01'::date) AND (o_orderdate < '1995-07-01 00:00:00'::timestamp without time zone))"}]}, {"Node Type": "Bitmap Heap Scan", "Parent Relationship": "Inner", "Parallel Aware": false, "Relation Name": "lineitem", "Alias": "lineitem", "Startup Cost": 1.11, "Total Cost": 3.76, "Plan Rows": 10, "Plan Width": 4, "Recheck Cond": "(l_orderkey = orders.o_orderkey)", "Filter": "(l_commitdate < l_receiptdate)", "Plans": [{"Node Type": "Bitmap Index Scan", "Parent Relationship": "Outer", "Parallel Aware": false, "Index Name": "lineitem_pkey", "Startup Cost": 0.0, "Total Cost": 1.11, "Plan Rows": 30, "Plan Width": 0, "Index Cond": "(l_orderkey = orders.o_orderkey)"}]}]}]}]}]}]}]}}, {"Plan": {"Node Type": "Limit", "Parallel Aware": false, "Startup Cost": 531952.56, "Total Cost": 531989.33, "Plan Rows": 1, "Plan Width": 24, "Plans": [{"Node Type": "Aggregate", "Strategy": "Sorted", "Partial Mode": "Finalize", "Parent Relationship": "Outer", "Parallel Aware": false, "Startup Cost": 531952.56, "Total Cost": 532136.42, "Plan Rows": 5, "Plan Width": 24, "Group Key": ["orders.o_orderpriority"], "Plans": [{"Node Type": "Gather Merge", "Parent Relationship": "Outer", "Parallel Aware": false, "Startup Cost": 531952.56, "Total Cost": 532136.29, "Plan Rows": 15, "Plan Width": 24, "Workers Planned": 3, "Plans": [{"Node Type": "Aggregate", "Strategy": "Sorted", "Partial Mode": "Partial", "Parent Relationship": "Outer", "Parallel Aware": false, "Startup Cost": 530952.52, "Total Cost": 531134.49, "Plan Rows": 5, "Plan Width": 24, "Group Key": ["orders.o_orderpriority"], "Plans": [{"Node Type": "Sort", "Parent Relationship": "Outer", "Parallel Aware": false, "Startup Cost": 530952.52, "Total Cost": 531013.16, "Plan Rows": 24256, "Plan Width": 16, "Sort Key": ["orders.o_orderpriority"], "Plans": [{"Node Type": "Nested Loop", "Parent Relationship": "Outer", "Parallel Aware": false, "Join Type": "Semi", "Startup Cost": 7549.09, "Total Cost": 529185.95, "Plan Rows": 24256, "Plan Width": 16, "Inner Unique": false, "Plans": [{"Node Type": "Bitmap Heap Scan", "Parent Relationship": "Outer", "Parallel Aware": true, "Relation Name": "orders", "Alias": "orders", "Startup Cost": 7547.98, "Total Cost": 271211.84, "Plan Rows": 183457, "Plan Width": 20, "Recheck Cond": "((o_orderdate >= '1995-04-01'::date) AND (o_orderdate < '1995-07-01 00:00:00'::timestamp without time zone))", "Plans": [{"Node Type": "Bitmap Index Scan", "Parent Relationship": "Outer", "Parallel Aware": false, "Index Name": "idx_orders_orderdate", "Startup Cost": 0.0, "Total Cost": 7405.81, "Plan Rows": 568717, "Plan Width": 0, "Index Cond": "((o_orderdate >= '1995-04-01'::date) AND (o_orderdate < '1995-07-01 00:00:00'::timestamp without time zone))"}]}, {"Node Type": "Bitmap Heap Scan", "Parent Relationship": "Inner", "Parallel Aware": false, "Relation Name": "lineitem", "Alias": "lineitem", "Startup Cost": 1.11, "Total Cost": 3.76, "Plan Rows": 10, "Plan Width": 4, "Recheck Cond": "(l_orderkey = orders.o_orderkey)", "Filter": "(l_commitdate < l_receiptdate)", "Plans": [{"Node Type": "Bitmap Index Scan", "Parent Relationship": "Outer", "Parallel Aware": false, "Index Name": "lineitem_pkey", "Startup Cost": 0.0, "Total Cost": 1.11, "Plan Rows": 30, "Plan Width": 0, "Index Cond": "(l_orderkey = orders.o_orderkey)"}]}]}]}]}]}]}]}}, {"Plan": {"Node Type": "Limit", "Parallel Aware": false, "Startup Cost": 1774348.37, "Total Cost": 1774385.14, "Plan Rows": 1, "Plan Width": 24, "Plans": [{"Node Type": "Aggregate", "Strategy": "Sorted", "Partial Mode": "Finalize", "Parent Relationship": "Outer", "Parallel Aware": false, "Startup Cost": 1774348.37, "Total Cost": 1774532.23, "Plan Rows": 5, "Plan Width": 24, "Group Key": ["orders.o_orderpriority"], "Plans": [{"Node Type": "Gather Merge", "Parent Relationship": "Outer", "Parallel Aware": false, "Startup Cost": 1774348.37, "Total Cost": 1774532.11, "Plan Rows": 15, "Plan Width": 24, "Workers Planned": 3, "Plans": [{"Node Type": "Aggregate", "Strategy": "Sorted", "Partial Mode": "Partial", "Parent Relationship": "Outer", "Parallel Aware": false, "Startup Cost": 1773348.33, "Total Cost": 1773530.3, "Plan Rows": 5, "Plan Width": 24, "Group Key": ["orders.o_orderpriority"], "Plans": [{"Node Type": "Sort", "Parent Relationship": "Outer", "Parallel Aware": false, "Startup Cost": 1773348.33, "Total Cost": 1773408.97, "Plan Rows": 24256, "Plan Width": 16, "Sort Key": ["orders.o_orderpriority"], "Plans": [{"Node Type": "Hash Join", "Parent Relationship": "Outer", "Parallel Aware": true, "Join Type": "Semi", "Startup Cost": 1479790.16, "Total Cost": 1771581.76, "Plan Rows": 24256, "Plan Width": 16, "Inner Unique": false, "Hash Cond": "(orders.o_orderkey = lineitem.l_orderkey)", "Plans": [{"Node Type": "Bitmap Heap Scan", "Parent Relationship": "Outer", "Parallel Aware": true, "Relation Name": "orders", "Alias": "orders", "Startup Cost": 7547.98, "Total Cost": 271211.84, "Plan Rows": 183457, "Plan Width": 20, "Recheck Cond": "((o_orderdate >= '1995-04-01'::date) AND (o_orderdate < '1995-07-01 00:00:00'::timestamp without time zone))", "Plans": [{"Node Type": "Bitmap Index Scan", "Parent Relationship": "Outer", "Parallel Aware": false, "Index Name": "idx_orders_orderdate", "Startup Cost": 0.0, "Total Cost": 7405.81, "Plan Rows": 568717, "Plan Width": 0, "Index Cond": "((o_orderdate >= '1995-04-01'::date) AND (o_orderdate < '1995-07-01 00:00:00'::timestamp without time zone))"}]}, {"Node Type": "Hash", "Parent Relationship": "Inner", "Parallel Aware": true, "Startup Cost": 1366420.13, "Total Cost": 1366420.13, "Plan Rows": 6450084, "Plan Width": 4, "Plans": [{"Node Type": "Seq Scan", "Parent Relationship": "Outer", "Parallel Aware": true, "Relation Name": "lineitem", "Alias": "lineitem", "Startup Cost": 0.0, "Total Cost": 1366420.13, "Plan Rows": 6450084, "Plan Width": 4, "Filter": "(l_commitdate < l_receiptdate)"}]}]}]}]}]}]}]}}, {"Plan": {"Node Type": "Limit", "Parallel Aware": false, "Startup Cost": 2255396.22, "Total Cost": 2255432.99, "Plan Rows": 1, "Plan Width": 24, "Plans": [{"Node Type": "Aggregate", "Strategy": "Sorted", "Partial Mode": "Finalize", "Parent Relationship": "Outer", "Parallel Aware": false, "Startup Cost": 2255396.22, "Total Cost": 2255580.08, "Plan Rows": 5, "Plan Width": 24, "Group Key": ["orders.o_orderpriority"], "Plans": [{"Node Type": "Gather Merge", "Parent Relationship": "Outer", "Parallel Aware": false, "Startup Cost": 2255396.22, "Total Cost": 2255579.95, "Plan Rows": 15, "Plan Width": 24, "Workers Planned": 3, "Plans": [{"Node Type": "Aggregate", "Strategy": "Sorted", "Partial Mode": "Partial", "Parent Relationship": "Outer", "Parallel Aware": false, "Startup Cost": 2254396.18, "Total Cost": 2254578.15, "Plan Rows": 5, "Plan Width": 24, "Group Key": ["orders.o_orderpriority"], "Plans": [{"Node Type": "Sort", "Parent Relationship": "Outer", "Parallel Aware": false, "Startup Cost": 2254396.18, "Total Cost": 2254456.82, "Plan Rows": 24256, "Plan Width": 16, "Sort Key": ["orders.o_orderpriority"], "Plans": [{"Node Type": "Hash Join", "Parent Relationship": "Outer", "Parallel Aware": true, "Join Type": "Semi", "Startup Cost": 1960838.01, "Total Cost": 2252629.61, "Plan Rows": 24256, "Plan Width": 16, "Inner Unique": false, "Hash Cond": "(orders.o_orderkey = lineitem.l_orderkey)", "Plans": [{"Node Type": "Bitmap Heap Scan", "Parent Relationship": "Outer", "Parallel Aware": true, "Relation Name": "orders", "Alias": "orders", "Startup Cost": 7547.98, "Total Cost": 271211.84, "Plan Rows": 183457, "Plan Width": 20, "Recheck Cond": "((o_orderdate >= '1995-04-01'::date) AND (o_orderdate < '1995-07-01 00:00:00'::timestamp without time zone))", "Plans": [{"Node Type": "Bitmap Index Scan", "Parent Relationship": "Outer", "Parallel Aware": false, "Index Name": "idx_orders_orderdate", "Startup Cost": 0.0, "Total Cost": 7405.81, "Plan Rows": 568717, "Plan Width": 0, "Index Cond": "((o_orderdate >= '1995-04-01'::date) AND (o_orderdate < '1995-07-01 00:00:00'::timestamp without time zone))"}]}, {"Node Type": "Hash", "Parent Relationship": "Inner", "Parallel Aware": true, "Startup Cost": 1847467.97, "Total Cost": 1847467.97, "Plan Rows": 6450084, "Plan Width": 4, "Plans": [{"Node Type": "Index Scan", "Parent Relationship": "Outer", "Parallel Aware": true, "Scan Direction": "Forward", "Index Name": "idx_lineitem_orderkey", "Relation Name": "lineitem", "Alias": "lineitem", "Startup Cost": 0.56, "Total Cost": 1847467.97, "Plan Rows": 6450084, "Plan Width": 4, "Filter": "(l_commitdate < l_receiptdate)"}]}]}]}]}]}]}]}}, {"Plan": {"Node Type": "Limit", "Parallel Aware": false, "Startup Cost": 2255396.22, "Total Cost": 2255432.99, "Plan Rows": 1, "Plan Width": 24, "Plans": [{"Node Type": "Aggregate", "Strategy": "Sorted", "Partial Mode": "Finalize", "Parent Relationship": "Outer", "Parallel Aware": false, "Startup Cost": 2255396.22, "Total Cost": 2255580.08, "Plan Rows": 5, "Plan Width": 24, "Group Key": ["orders.o_orderpriority"], "Plans": [{"Node Type": "Gather Merge", "Parent Relationship": "Outer", "Parallel Aware": false, "Startup Cost": 2255396.22, "Total Cost": 2255579.95, "Plan Rows": 15, "Plan Width": 24, "Workers Planned": 3, "Plans": [{"Node Type": "Aggregate", "Strategy": "Sorted", "Partial Mode": "Partial", "Parent Relationship": "Outer", "Parallel Aware": false, "Startup Cost": 2254396.18, "Total Cost": 2254578.15, "Plan Rows": 5, "Plan Width": 24, "Group Key": ["orders.o_orderpriority"], "Plans": [{"Node Type": "Sort", "Parent Relationship": "Outer", "Parallel Aware": false, "Startup Cost": 2254396.18, "Total Cost": 2254456.82, "Plan Rows": 24256, "Plan Width": 16, "Sort Key": ["orders.o_orderpriority"], "Plans": [{"Node Type": "Hash Join", "Parent Relationship": "Outer", "Parallel Aware": true, "Join Type": "Semi", "Startup Cost": 1960838.01, "Total Cost": 2252629.61, "Plan Rows": 24256, "Plan Width": 16, "Inner Unique": false, "Hash Cond": "(orders.o_orderkey = lineitem.l_orderkey)", "Plans": [{"Node Type": "Bitmap Heap Scan", "Parent Relationship": "Outer", "Parallel Aware": true, "Relation Name": "orders", "Alias": "orders", "Startup Cost": 7547.98, "Total Cost": 271211.84, "Plan Rows": 183457, "Plan Width": 20, "Recheck Cond": "((o_orderdate >= '1995-04-01'::date) AND (o_orderdate < '1995-07-01 00:00:00'::timestamp without time zone))", "Plans": [{"Node Type": "Bitmap Index Scan", "Parent Relationship": "Outer", "Parallel Aware": false, "Index Name": "idx_orders_orderdate", "Startup Cost": 0.0, "Total Cost": 7405.81, "Plan Rows": 568717, "Plan Width": 0, "Index Cond": "((o_orderdate >= '1995-04-01'::date) AND (o_orderdate < '1995-07-01 00:00:00'::timestamp without time zone))"}]}, {"Node Type": "Hash", "Parent Relationship": "Inner", "Parallel Aware": true, "Startup Cost": 1847467.97, "Total Cost": 1847467.97, "Plan Rows": 6450084, "Plan Width": 4, "Plans": [{"Node Type": "Index Scan", "Parent Relationship": "Outer", "Parallel Aware": true, "Scan Direction": "Forward", "Index Name": "idx_lineitem_orderkey", "Relation Name": "lineitem", "Alias": "lineitem", "Startup Cost": 0.56, "Total Cost": 1847467.97, "Plan Rows": 6450084, "Plan Width": 4, "Filter": "(l_commitdate < l_receiptdate)"}]}]}]}]}]}]}]}}, {"Plan": {"Node Type": "Limit", "Parallel Aware": false, "Startup Cost": 414532.88, "Total Cost": 414569.65, "Plan Rows": 1, "Plan Width": 24, "Plans": [{"Node Type": "Aggregate", "Strategy": "Sorted", "Partial Mode": "Finalize", "Parent Relationship": "Outer", "Parallel Aware": false, "Startup Cost": 414532.88, "Total Cost": 414716.74, "Plan Rows": 5, "Plan Width": 24, "Group Key": ["orders.o_orderpriority"], "Plans": [{"Node Type": "Gather Merge", "Parent Relationship": "Outer", "Parallel Aware": false, "Startup Cost": 414532.88, "Total Cost": 414716.61, "Plan Rows": 15, "Plan Width": 24, "Workers Planned": 3, "Plans": [{"Node Type": "Aggregate", "Strategy": "Sorted", "Partial Mode": "Partial", "Parent Relationship": "Outer", "Parallel Aware": false, "Startup Cost": 413532.84, "Total Cost": 413714.81, "Plan Rows": 5, "Plan Width": 24, "Group Key": ["orders.o_orderpriority"], "Plans": [{"Node Type": "Sort", "Parent Relationship": "Outer", "Parallel Aware": false, "Startup Cost": 413532.84, "Total Cost": 413593.48, "Plan Rows": 24256, "Plan Width": 16, "Sort Key": ["orders.o_orderpriority"], "Plans": [{"Node Type": "Nested Loop", "Parent Relationship": "Outer", "Parallel Aware": false, "Join Type": "Semi", "Startup Cost": 7548.55, "Total Cost": 411766.27, "Plan Rows": 24256, "Plan Width": 16, "Inner Unique": false, "Plans": [{"Node Type": "Bitmap Heap Scan", "Parent Relationship": "Outer", "Parallel Aware": true, "Relation Name": "orders", "Alias": "orders", "Startup Cost": 7547.98, "Total Cost": 271211.84, "Plan Rows": 183457, "Plan Width": 20, "Recheck Cond": "((o_orderdate >= '1995-04-01'::date) AND (o_orderdate < '1995-07-01 00:00:00'::timestamp without time zone))", "Plans": [{"Node Type": "Bitmap Index Scan", "Parent Relationship": "Outer", "Parallel Aware": false, "Index Name": "idx_orders_orderdate", "Startup Cost": 0.0, "Total Cost": 7405.81, "Plan Rows": 568717, "Plan Width": 0, "Index Cond": "((o_orderdate >= '1995-04-01'::date) AND (o_orderdate < '1995-07-01 00:00:00'::timestamp without time zone))"}]}, {"Node Type": "Index Scan", "Parent Relationship": "Inner", "Parallel Aware": false, "Scan Direction": "Forward", "Index Name": "idx_lineitem_orderkey", "Relation Name": "lineitem", "Alias": "lineitem", "Startup Cost": 0.56, "Total Cost": 2.36, "Plan Rows": 10, "Plan Width": 4, "Index Cond": "(l_orderkey = orders.o_orderkey)", "Filter": "(l_commitdate < l_receiptdate)"}]}]}]}]}]}]}}, {"Plan": {"Node Type": "Limit", "Parallel Aware": false, "Startup Cost": 414532.88, "Total Cost": 414569.65, "Plan Rows": 1, "Plan Width": 24, "Plans": [{"Node Type": "Aggregate", "Strategy": "Sorted", "Partial Mode": "Finalize", "Parent Relationship": "Outer", "Parallel Aware": false, "Startup Cost": 414532.88, "Total Cost": 414716.74, "Plan Rows": 5, "Plan Width": 24, "Group Key": ["orders.o_orderpriority"], "Plans": [{"Node Type": "Gather Merge", "Parent Relationship": "Outer", "Parallel Aware": false, "Startup Cost": 414532.88, "Total Cost": 414716.61, "Plan Rows": 15, "Plan Width": 24, "Workers Planned": 3, "Plans": [{"Node Type": "Aggregate", "Strategy": "Sorted", "Partial Mode": "Partial", "Parent Relationship": "Outer", "Parallel Aware": false, "Startup Cost": 413532.84, "Total Cost": 413714.81, "Plan Rows": 5, "Plan Width": 24, "Group Key": ["orders.o_orderpriority"], "Plans": [{"Node Type": "Sort", "Parent Relationship": "Outer", "Parallel Aware": false, "Startup Cost": 413532.84, "Total Cost": 413593.48, "Plan Rows": 24256, "Plan Width": 16, "Sort Key": ["orders.o_orderpriority"], "Plans": [{"Node Type": "Nested Loop", "Parent Relationship": "Outer", "Parallel Aware": false, "Join Type": "Semi", "Startup Cost": 7548.55, "Total Cost": 411766.27, "Plan Rows": 24256, "Plan Width": 16, "Inner Unique": false, "Plans": [{"Node Type": "Bitmap Heap Scan", "Parent Relationship": "Outer", "Parallel Aware": true, "Relation Name": "orders", "Alias": "orders", "Startup Cost": 7547.98, "Total Cost": 271211.84, "Plan Rows": 183457, "Plan Width": 20, "Recheck Cond": "((o_orderdate >= '1995-04-01'::date) AND (o_orderdate < '1995-07-01 00:00:00'::timestamp without time zone))", "Plans": [{"Node Type": "Bitmap Index Scan", "Parent Relationship": "Outer", "Parallel Aware": false, "Index Name": "idx_orders_orderdate", "Startup Cost": 0.0, "Total Cost": 7405.81, "Plan Rows": 568717, "Plan Width": 0, "Index Cond": "((o_orderdate >= '1995-04-01'::date) AND (o_orderdate < '1995-07-01 00:00:00'::timestamp without time zone))"}]}, {"Node Type": "Index Scan", "Parent Relationship": "Inner", "Parallel Aware": false, "Scan Direction": "Forward", "Index Name": "idx_lineitem_orderkey", "Relation Name": "lineitem", "Alias": "lineitem", "Startup Cost": 0.56, "Total Cost": 2.36, "Plan Rows": 10, "Plan Width": 4, "Index Cond": "(l_orderkey = orders.o_orderkey)", "Filter": "(l_commitdate < l_receiptdate)"}]}]}]}]}]}]}}, {"Plan": {"Node Type": "Limit", "Parallel Aware": false, "Startup Cost": 1774348.37, "Total Cost": 1774385.14, "Plan Rows": 1, "Plan Width": 24, "Plans": [{"Node Type": "Aggregate", "Strategy": "Sorted", "Partial Mode": "Finalize", "Parent Relationship": "Outer", "Parallel Aware": false, "Startup Cost": 1774348.37, "Total Cost": 1774532.23, "Plan Rows": 5, "Plan Width": 24, "Group Key": ["orders.o_orderpriority"], "Plans": [{"Node Type": "Gather Merge", "Parent Relationship": "Outer", "Parallel Aware": false, "Startup Cost": 1774348.37, "Total Cost": 1774532.11, "Plan Rows": 15, "Plan Width": 24, "Workers Planned": 3, "Plans": [{"Node Type": "Aggregate", "Strategy": "Sorted", "Partial Mode": "Partial", "Parent Relationship": "Outer", "Parallel Aware": false, "Startup Cost": 1773348.33, "Total Cost": 1773530.3, "Plan Rows": 5, "Plan Width": 24, "Group Key": ["orders.o_orderpriority"], "Plans": [{"Node Type": "Sort", "Parent Relationship": "Outer", "Parallel Aware": false, "Startup Cost": 1773348.33, "Total Cost": 1773408.97, "Plan Rows": 24256, "Plan Width": 16, "Sort Key": ["orders.o_orderpriority"], "Plans": [{"Node Type": "Hash Join", "Parent Relationship": "Outer", "Parallel Aware": true, "Join Type": "Semi", "Startup Cost": 1479790.16, "Total Cost": 1771581.76, "Plan Rows": 24256, "Plan Width": 16, "Inner Unique": false, "Hash Cond": "(orders.o_orderkey = lineitem.l_orderkey)", "Plans": [{"Node Type": "Bitmap Heap Scan", "Parent Relationship": "Outer", "Parallel Aware": true, "Relation Name": "orders", "Alias": "orders", "Startup Cost": 7547.98, "Total Cost": 271211.84, "Plan Rows": 183457, "Plan Width": 20, "Recheck Cond": "((o_orderdate >= '1995-04-01'::date) AND (o_orderdate < '1995-07-01 00:00:00'::timestamp without time zone))", "Plans": [{"Node Type": "Bitmap Index Scan", "Parent Relationship": "Outer", "Parallel Aware": false, "Index Name": "idx_orders_orderdate", "Startup Cost": 0.0, "Total Cost": 7405.81, "Plan Rows": 568717, "Plan Width": 0, "Index Cond": "((o_orderdate >= '1995-04-01'::date) AND (o_orderdate < '1995-07-01 00:00:00'::timestamp without time zone))"}]}, {"Node Type": "Hash", "Parent Relationship": "Inner", "Parallel Aware": true, "Startup Cost": 1366420.13, "Total Cost": 1366420.13, "Plan Rows": 6450084, "Plan Width": 4, "Plans": [{"Node Type": "Seq Scan", "Parent Relationship": "Outer", "Parallel Aware": true, "Relation Name": "lineitem", "Alias": "lineitem", "Startup Cost": 0.0, "Total Cost": 1366420.13, "Plan Rows": 6450084, "Plan Width": 4, "Filter": "(l_commitdate < l_receiptdate)"}]}]}]}]}]}]}]}}, {"Plan": {"Node Type": "Limit", "Parallel Aware": false, "Startup Cost": 414532.88, "Total Cost": 414569.65, "Plan Rows": 1, "Plan Width": 24, "Plans": [{"Node Type": "Aggregate", "Strategy": "Sorted", "Partial Mode": "Finalize", "Parent Relationship": "Outer", "Parallel Aware": false, "Startup Cost": 414532.88, "Total Cost": 414716.74, "Plan Rows": 5, "Plan Width": 24, "Group Key": ["orders.o_orderpriority"], "Plans": [{"Node Type": "Gather Merge", "Parent Relationship": "Outer", "Parallel Aware": false, "Startup Cost": 414532.88, "Total Cost": 414716.61, "Plan Rows": 15, "Plan Width": 24, "Workers Planned": 3, "Plans": [{"Node Type": "Aggregate", "Strategy": "Sorted", "Partial Mode": "Partial", "Parent Relationship": "Outer", "Parallel Aware": false, "Startup Cost": 413532.84, "Total Cost": 413714.81, "Plan Rows": 5, "Plan Width": 24, "Group Key": ["orders.o_orderpriority"], "Plans": [{"Node Type": "Sort", "Parent Relationship": "Outer", "Parallel Aware": false, "Startup Cost": 413532.84, "Total Cost": 413593.48, "Plan Rows": 24256, "Plan Width": 16, "Sort Key": ["orders.o_orderpriority"], "Plans": [{"Node Type": "Nested Loop", "Parent Relationship": "Outer", "Parallel Aware": false, "Join Type": "Semi", "Startup Cost": 7548.55, "Total Cost": 411766.27, "Plan Rows": 24256, "Plan Width": 16, "Inner Unique": false, "Plans": [{"Node Type": "Bitmap Heap Scan", "Parent Relationship": "Outer", "Parallel Aware": true, "Relation Name": "orders", "Alias": "orders", "Startup Cost": 7547.98, "Total Cost": 271211.84, "Plan Rows": 183457, "Plan Width": 20, "Recheck Cond": "((o_orderdate >= '1995-04-01'::date) AND (o_orderdate < '1995-07-01 00:00:00'::timestamp without time zone))", "Plans": [{"Node Type": "Bitmap Index Scan", "Parent Relationship": "Outer", "Parallel Aware": false, "Index Name": "idx_orders_orderdate", "Startup Cost": 0.0, "Total Cost": 7405.81, "Plan Rows": 568717, "Plan Width": 0, "Index Cond": "((o_orderdate >= '1995-04-01'::date) AND (o_orderdate < '1995-07-01 00:00:00'::timestamp without time zone))"}]}, {"Node Type": "Index Scan", "Parent Relationship": "Inner", "Parallel Aware": false, "Scan Direction": "Forward", "Index Name": "idx_lineitem_orderkey", "Relation Name": "lineitem", "Alias": "lineitem", "Startup Cost": 0.56, "Total Cost": 2.36, "Plan Rows": 10, "Plan Width": 4, "Index Cond": "(l_orderkey = orders.o_orderkey)", "Filter": "(l_commitdate < l_receiptdate)"}]}]}]}]}]}]}}, {"Plan": {"Node Type": "Limit", "Parallel Aware": false, "Startup Cost": 414532.88, "Total Cost": 414569.65, "Plan Rows": 1, "Plan Width": 24, "Plans": [{"Node Type": "Aggregate", "Strategy": "Sorted", "Partial Mode": "Finalize", "Parent Relationship": "Outer", "Parallel Aware": false, "Startup Cost": 414532.88, "Total Cost": 414716.74, "Plan Rows": 5, "Plan Width": 24, "Group Key": ["orders.o_orderpriority"], "Plans": [{"Node Type": "Gather Merge", "Parent Relationship": "Outer", "Parallel Aware": false, "Startup Cost": 414532.88, "Total Cost": 414716.61, "Plan Rows": 15, "Plan Width": 24, "Workers Planned": 3, "Plans": [{"Node Type": "Aggregate", "Strategy": "Sorted", "Partial Mode": "Partial", "Parent Relationship": "Outer", "Parallel Aware": false, "Startup Cost": 413532.84, "Total Cost": 413714.81, "Plan Rows": 5, "Plan Width": 24, "Group Key": ["orders.o_orderpriority"], "Plans": [{"Node Type": "Sort", "Parent Relationship": "Outer", "Parallel Aware": false, "Startup Cost": 413532.84, "Total Cost": 413593.48, "Plan Rows": 24256, "Plan Width": 16, "Sort Key": ["orders.o_orderpriority"], "Plans": [{"Node Type": "Nested Loop", "Parent Relationship": "Outer", "Parallel Aware": false, "Join Type": "Semi", "Startup Cost": 7548.55, "Total Cost": 411766.27, "Plan Rows": 24256, "Plan Width": 16, "Inner Unique": false, "Plans": [{"Node Type": "Bitmap Heap Scan", "Parent Relationship": "Outer", "Parallel Aware": true, "Relation Name": "orders", "Alias": "orders", "Startup Cost": 7547.98, "Total Cost": 271211.84, "Plan Rows": 183457, "Plan Width": 20, "Recheck Cond": "((o_orderdate >= '1995-04-01'::date) AND (o_orderdate < '1995-07-01 00:00:00'::timestamp without time zone))", "Plans": [{"Node Type": "Bitmap Index Scan", "Parent Relationship": "Outer", "Parallel Aware": false, "Index Name": "idx_orders_orderdate", "Startup Cost": 0.0, "Total Cost": 7405.81, "Plan Rows": 568717, "Plan Width": 0, "Index Cond": "((o_orderdate >= '1995-04-01'::date) AND (o_orderdate < '1995-07-01 00:00:00'::timestamp without time zone))"}]}, {"Node Type": "Index Scan", "Parent Relationship": "Inner", "Parallel Aware": false, "Scan Direction": "Forward", "Index Name": "idx_lineitem_orderkey", "Relation Name": "lineitem", "Alias": "lineitem", "Startup Cost": 0.56, "Total Cost": 2.36, "Plan Rows": 10, "Plan Width": 4, "Index Cond": "(l_orderkey = orders.o_orderkey)", "Filter": "(l_commitdate < l_receiptdate)"}]}]}]}]}]}]}}, {"Plan": {"Node Type": "Limit", "Parallel Aware": false, "Startup Cost": 1774348.37, "Total Cost": 1774385.14, "Plan Rows": 1, "Plan Width": 24, "Plans": [{"Node Type": "Aggregate", "Strategy": "Sorted", "Partial Mode": "Finalize", "Parent Relationship": "Outer", "Parallel Aware": false, "Startup Cost": 1774348.37, "Total Cost": 1774532.23, "Plan Rows": 5, "Plan Width": 24, "Group Key": ["orders.o_orderpriority"], "Plans": [{"Node Type": "Gather Merge", "Parent Relationship": "Outer", "Parallel Aware": false, "Startup Cost": 1774348.37, "Total Cost": 1774532.11, "Plan Rows": 15, "Plan Width": 24, "Workers Planned": 3, "Plans": [{"Node Type": "Aggregate", "Strategy": "Sorted", "Partial Mode": "Partial", "Parent Relationship": "Outer", "Parallel Aware": false, "Startup Cost": 1773348.33, "Total Cost": 1773530.3, "Plan Rows": 5, "Plan Width": 24, "Group Key": ["orders.o_orderpriority"], "Plans": [{"Node Type": "Sort", "Parent Relationship": "Outer", "Parallel Aware": false, "Startup Cost": 1773348.33, "Total Cost": 1773408.97, "Plan Rows": 24256, "Plan Width": 16, "Sort Key": ["orders.o_orderpriority"], "Plans": [{"Node Type": "Hash Join", "Parent Relationship": "Outer", "Parallel Aware": true, "Join Type": "Semi", "Startup Cost": 1479790.16, "Total Cost": 1771581.76, "Plan Rows": 24256, "Plan Width": 16, "Inner Unique": false, "Hash Cond": "(orders.o_orderkey = lineitem.l_orderkey)", "Plans": [{"Node Type": "Bitmap Heap Scan", "Parent Relationship": "Outer", "Parallel Aware": true, "Relation Name": "orders", "Alias": "orders", "Startup Cost": 7547.98, "Total Cost": 271211.84, "Plan Rows": 183457, "Plan Width": 20, "Recheck Cond": "((o_orderdate >= '1995-04-01'::date) AND (o_orderdate < '1995-07-01 00:00:00'::timestamp without time zone))", "Plans": [{"Node Type": "Bitmap Index Scan", "Parent Relationship": "Outer", "Parallel Aware": false, "Index Name": "idx_orders_orderdate", "Startup Cost": 0.0, "Total Cost": 7405.81, "Plan Rows": 568717, "Plan Width": 0, "Index Cond": "((o_orderdate >= '1995-04-01'::date) AND (o_orderdate < '1995-07-01 00:00:00'::timestamp without time zone))"}]}, {"Node Type": "Hash", "Parent Relationship": "Inner", "Parallel Aware": true, "Startup Cost": 1366420.13, "Total Cost": 1366420.13, "Plan Rows": 6450084, "Plan Width": 4, "Plans": [{"Node Type": "Seq Scan", "Parent Relationship": "Outer", "Parallel Aware": true, "Relation Name": "lineitem", "Alias": "lineitem", "Startup Cost": 0.0, "Total Cost": 1366420.13, "Plan Rows": 6450084, "Plan Width": 4, "Filter": "(l_commitdate < l_receiptdate)"}]}]}]}]}]}]}]}}, {"Plan": {"Node Type": "Limit", "Parallel Aware": false, "Startup Cost": 531952.56, "Total Cost": 531989.33, "Plan Rows": 1, "Plan Width": 24, "Plans": [{"Node Type": "Aggregate", "Strategy": "Sorted", "Partial Mode": "Finalize", "Parent Relationship": "Outer", "Parallel Aware": false, "Startup Cost": 531952.56, "Total Cost": 532136.42, "Plan Rows": 5, "Plan Width": 24, "Group Key": ["orders.o_orderpriority"], "Plans": [{"Node Type": "Gather Merge", "Parent Relationship": "Outer", "Parallel Aware": false, "Startup Cost": 531952.56, "Total Cost": 532136.29, "Plan Rows": 15, "Plan Width": 24, "Workers Planned": 3, "Plans": [{"Node Type": "Aggregate", "Strategy": "Sorted", "Partial Mode": "Partial", "Parent Relationship": "Outer", "Parallel Aware": false, "Startup Cost": 530952.52, "Total Cost": 531134.49, "Plan Rows": 5, "Plan Width": 24, "Group Key": ["orders.o_orderpriority"], "Plans": [{"Node Type": "Sort", "Parent Relationship": "Outer", "Parallel Aware": false, "Startup Cost": 530952.52, "Total Cost": 531013.16, "Plan Rows": 24256, "Plan Width": 16, "Sort Key": ["orders.o_orderpriority"], "Plans": [{"Node Type": "Nested Loop", "Parent Relationship": "Outer", "Parallel Aware": false, "Join Type": "Semi", "Startup Cost": 7549.09, "Total Cost": 529185.95, "Plan Rows": 24256, "Plan Width": 16, "Inner Unique": false, "Plans": [{"Node Type": "Bitmap Heap Scan", "Parent Relationship": "Outer", "Parallel Aware": true, "Relation Name": "orders", "Alias": "orders", "Startup Cost": 7547.98, "Total Cost": 271211.84, "Plan Rows": 183457, "Plan Width": 20, "Recheck Cond": "((o_orderdate >= '1995-04-01'::date) AND (o_orderdate < '1995-07-01 00:00:00'::timestamp without time zone))", "Plans": [{"Node Type": "Bitmap Index Scan", "Parent Relationship": "Outer", "Parallel Aware": false, "Index Name": "idx_orders_orderdate", "Startup Cost": 0.0, "Total Cost": 7405.81, "Plan Rows": 568717, "Plan Width": 0, "Index Cond": "((o_orderdate >= '1995-04-01'::date) AND (o_orderdate < '1995-07-01 00:00:00'::timestamp without time zone))"}]}, {"Node Type": "Bitmap Heap Scan", "Parent Relationship": "Inner", "Parallel Aware": false, "Relation Name": "lineitem", "Alias": "lineitem", "Startup Cost": 1.11, "Total Cost": 3.76, "Plan Rows": 10, "Plan Width": 4, "Recheck Cond": "(l_orderkey = orders.o_orderkey)", "Filter": "(l_commitdate < l_receiptdate)", "Plans": [{"Node Type": "Bitmap Index Scan", "Parent Relationship": "Outer", "Parallel Aware": false, "Index Name": "lineitem_pkey", "Startup Cost": 0.0, "Total Cost": 1.11, "Plan Rows": 30, "Plan Width": 0, "Index Cond": "(l_orderkey = orders.o_orderkey)"}]}]}]}]}]}]}]}}, {"Plan": {"Node Type": "Limit", "Parallel Aware": false, "Startup Cost": 1774348.37, "Total Cost": 1774385.14, "Plan Rows": 1, "Plan Width": 24, "Plans": [{"Node Type": "Aggregate", "Strategy": "Sorted", "Partial Mode": "Finalize", "Parent Relationship": "Outer", "Parallel Aware": false, "Startup Cost": 1774348.37, "Total Cost": 1774532.23, "Plan Rows": 5, "Plan Width": 24, "Group Key": ["orders.o_orderpriority"], "Plans": [{"Node Type": "Gather Merge", "Parent Relationship": "Outer", "Parallel Aware": false, "Startup Cost": 1774348.37, "Total Cost": 1774532.11, "Plan Rows": 15, "Plan Width": 24, "Workers Planned": 3, "Plans": [{"Node Type": "Aggregate", "Strategy": "Sorted", "Partial Mode": "Partial", "Parent Relationship": "Outer", "Parallel Aware": false, "Startup Cost": 1773348.33, "Total Cost": 1773530.3, "Plan Rows": 5, "Plan Width": 24, "Group Key": ["orders.o_orderpriority"], "Plans": [{"Node Type": "Sort", "Parent Relationship": "Outer", "Parallel Aware": false, "Startup Cost": 1773348.33, "Total Cost": 1773408.97, "Plan Rows": 24256, "Plan Width": 16, "Sort Key": ["orders.o_orderpriority"], "Plans": [{"Node Type": "Hash Join", "Parent Relationship": "Outer", "Parallel Aware": true, "Join Type": "Semi", "Startup Cost": 1479790.16, "Total Cost": 1771581.76, "Plan Rows": 24256, "Plan Width": 16, "Inner Unique": false, "Hash Cond": "(orders.o_orderkey = lineitem.l_orderkey)", "Plans": [{"Node Type": "Bitmap Heap Scan", "Parent Relationship": "Outer", "Parallel Aware": true, "Relation Name": "orders", "Alias": "orders", "Startup Cost": 7547.98, "Total Cost": 271211.84, "Plan Rows": 183457, "Plan Width": 20, "Recheck Cond": "((o_orderdate >= '1995-04-01'::date) AND (o_orderdate < '1995-07-01 00:00:00'::timestamp without time zone))", "Plans": [{"Node Type": "Bitmap Index Scan", "Parent Relationship": "Outer", "Parallel Aware": false, "Index Name": "idx_orders_orderdate", "Startup Cost": 0.0, "Total Cost": 7405.81, "Plan Rows": 568717, "Plan Width": 0, "Index Cond": "((o_orderdate >= '1995-04-01'::date) AND (o_orderdate < '1995-07-01 00:00:00'::timestamp without time zone))"}]}, {"Node Type": "Hash", "Parent Relationship": "Inner", "Parallel Aware": true, "Startup Cost": 1366420.13, "Total Cost": 1366420.13, "Plan Rows": 6450084, "Plan Width": 4, "Plans": [{"Node Type": "Seq Scan", "Parent Relationship": "Outer", "Parallel Aware": true, "Relation Name": "lineitem", "Alias": "lineitem", "Startup Cost": 0.0, "Total Cost": 1366420.13, "Plan Rows": 6450084, "Plan Width": 4, "Filter": "(l_commitdate < l_receiptdate)"}]}]}]}]}]}]}]}}, {"Plan": {"Node Type": "Limit", "Parallel Aware": false, "Startup Cost": 531952.56, "Total Cost": 531989.33, "Plan Rows": 1, "Plan Width": 24, "Plans": [{"Node Type": "Aggregate", "Strategy": "Sorted", "Partial Mode": "Finalize", "Parent Relationship": "Outer", "Parallel Aware": false, "Startup Cost": 531952.56, "Total Cost": 532136.42, "Plan Rows": 5, "Plan Width": 24, "Group Key": ["orders.o_orderpriority"], "Plans": [{"Node Type": "Gather Merge", "Parent Relationship": "Outer", "Parallel Aware": false, "Startup Cost": 531952.56, "Total Cost": 532136.29, "Plan Rows": 15, "Plan Width": 24, "Workers Planned": 3, "Plans": [{"Node Type": "Aggregate", "Strategy": "Sorted", "Partial Mode": "Partial", "Parent Relationship": "Outer", "Parallel Aware": false, "Startup Cost": 530952.52, "Total Cost": 531134.49, "Plan Rows": 5, "Plan Width": 24, "Group Key": ["orders.o_orderpriority"], "Plans": [{"Node Type": "Sort", "Parent Relationship": "Outer", "Parallel Aware": false, "Startup Cost": 530952.52, "Total Cost": 531013.16, "Plan Rows": 24256, "Plan Width": 16, "Sort Key": ["orders.o_orderpriority"], "Plans": [{"Node Type": "Nested Loop", "Parent Relationship": "Outer", "Parallel Aware": false, "Join Type": "Semi", "Startup Cost": 7549.09, "Total Cost": 529185.95, "Plan Rows": 24256, "Plan Width": 16, "Inner Unique": false, "Plans": [{"Node Type": "Bitmap Heap Scan", "Parent Relationship": "Outer", "Parallel Aware": true, "Relation Name": "orders", "Alias": "orders", "Startup Cost": 7547.98, "Total Cost": 271211.84, "Plan Rows": 183457, "Plan Width": 20, "Recheck Cond": "((o_orderdate >= '1995-04-01'::date) AND (o_orderdate < '1995-07-01 00:00:00'::timestamp without time zone))", "Plans": [{"Node Type": "Bitmap Index Scan", "Parent Relationship": "Outer", "Parallel Aware": false, "Index Name": "idx_orders_orderdate", "Startup Cost": 0.0, "Total Cost": 7405.81, "Plan Rows": 568717, "Plan Width": 0, "Index Cond": "((o_orderdate >= '1995-04-01'::date) AND (o_orderdate < '1995-07-01 00:00:00'::timestamp without time zone))"}]}, {"Node Type": "Bitmap Heap Scan", "Parent Relationship": "Inner", "Parallel Aware": false, "Relation Name": "lineitem", "Alias": "lineitem", "Startup Cost": 1.11, "Total Cost": 3.76, "Plan Rows": 10, "Plan Width": 4, "Recheck Cond": "(l_orderkey = orders.o_orderkey)", "Filter": "(l_commitdate < l_receiptdate)", "Plans": [{"Node Type": "Bitmap Index Scan", "Parent Relationship": "Outer", "Parallel Aware": false, "Index Name": "lineitem_pkey", "Startup Cost": 0.0, "Total Cost": 1.11, "Plan Rows": 30, "Plan Width": 0, "Index Cond": "(l_orderkey = orders.o_orderkey)"}]}]}]}]}]}]}]}}, {"Plan": {"Node Type": "Limit", "Parallel Aware": false, "Startup Cost": 1774348.37, "Total Cost": 1774385.14, "Plan Rows": 1, "Plan Width": 24, "Plans": [{"Node Type": "Aggregate", "Strategy": "Sorted", "Partial Mode": "Finalize", "Parent Relationship": "Outer", "Parallel Aware": false, "Startup Cost": 1774348.37, "Total Cost": 1774532.23, "Plan Rows": 5, "Plan Width": 24, "Group Key": ["orders.o_orderpriority"], "Plans": [{"Node Type": "Gather Merge", "Parent Relationship": "Outer", "Parallel Aware": false, "Startup Cost": 1774348.37, "Total Cost": 1774532.11, "Plan Rows": 15, "Plan Width": 24, "Workers Planned": 3, "Plans": [{"Node Type": "Aggregate", "Strategy": "Sorted", "Partial Mode": "Partial", "Parent Relationship": "Outer", "Parallel Aware": false, "Startup Cost": 1773348.33, "Total Cost": 1773530.3, "Plan Rows": 5, "Plan Width": 24, "Group Key": ["orders.o_orderpriority"], "Plans": [{"Node Type": "Sort", "Parent Relationship": "Outer", "Parallel Aware": false, "Startup Cost": 1773348.33, "Total Cost": 1773408.97, "Plan Rows": 24256, "Plan Width": 16, "Sort Key": ["orders.o_orderpriority"], "Plans": [{"Node Type": "Hash Join", "Parent Relationship": "Outer", "Parallel Aware": true, "Join Type": "Semi", "Startup Cost": 1479790.16, "Total Cost": 1771581.76, "Plan Rows": 24256, "Plan Width": 16, "Inner Unique": false, "Hash Cond": "(orders.o_orderkey = lineitem.l_orderkey)", "Plans": [{"Node Type": "Bitmap Heap Scan", "Parent Relationship": "Outer", "Parallel Aware": true, "Relation Name": "orders", "Alias": "orders", "Startup Cost": 7547.98, "Total Cost": 271211.84, "Plan Rows": 183457, "Plan Width": 20, "Recheck Cond": "((o_orderdate >= '1995-04-01'::date) AND (o_orderdate < '1995-07-01 00:00:00'::timestamp without time zone))", "Plans": [{"Node Type": "Bitmap Index Scan", "Parent Relationship": "Outer", "Parallel Aware": false, "Index Name": "idx_orders_orderdate", "Startup Cost": 0.0, "Total Cost": 7405.81, "Plan Rows": 568717, "Plan Width": 0, "Index Cond": "((o_orderdate >= '1995-04-01'::date) AND (o_orderdate < '1995-07-01 00:00:00'::timestamp without time zone))"}]}, {"Node Type": "Hash", "Parent Relationship": "Inner", "Parallel Aware": true, "Startup Cost": 1366420.13, "Total Cost": 1366420.13, "Plan Rows": 6450084, "Plan Width": 4, "Plans": [{"Node Type": "Seq Scan", "Parent Relationship": "Outer", "Parallel Aware": true, "Relation Name": "lineitem", "Alias": "lineitem", "Startup Cost": 0.0, "Total Cost": 1366420.13, "Plan Rows": 6450084, "Plan Width": 4, "Filter": "(l_commitdate < l_receiptdate)"}]}]}]}]}]}]}]}}, {"Plan": {"Node Type": "Limit", "Parallel Aware": false, "Startup Cost": 2698780.37, "Total Cost": 2698817.14, "Plan Rows": 1, "Plan Width": 24, "Plans": [{"Node Type": "Aggregate", "Strategy": "Sorted", "Partial Mode": "Finalize", "Parent Relationship": "Outer", "Parallel Aware": false, "Startup Cost": 2698780.37, "Total Cost": 2698964.23, "Plan Rows": 5, "Plan Width": 24, "Group Key": ["orders.o_orderpriority"], "Plans": [{"Node Type": "Gather Merge", "Parent Relationship": "Outer", "Parallel Aware": false, "Startup Cost": 2698780.37, "Total Cost": 2698964.11, "Plan Rows": 15, "Plan Width": 24, "Workers Planned": 3, "Plans": [{"Node Type": "Aggregate", "Strategy": "Sorted", "Partial Mode": "Partial", "Parent Relationship": "Outer", "Parallel Aware": false, "Startup Cost": 2697780.33, "Total Cost": 2697962.3, "Plan Rows": 5, "Plan Width": 24, "Group Key": ["orders.o_orderpriority"], "Plans": [{"Node Type": "Sort", "Parent Relationship": "Outer", "Parallel Aware": false, "Startup Cost": 2697780.33, "Total Cost": 2697840.97, "Plan Rows": 24256, "Plan Width": 16, "Sort Key": ["orders.o_orderpriority"], "Plans": [{"Node Type": "Merge Join", "Parent Relationship": "Outer", "Parallel Aware": false, "Join Type": "Semi", "Startup Cost": 287310.16, "Total Cost": 2696013.76, "Plan Rows": 24256, "Plan Width": 16, "Inner Unique": false, "Merge Cond": "(orders.o_orderkey = lineitem.l_orderkey)", "Plans": [{"Node Type": "Sort", "Parent Relationship": "Outer", "Parallel Aware": false, "Startup Cost": 287250.64, "Total Cost": 287709.29, "Plan Rows": 183457, "Plan Width": 20, "Sort Key": ["orders.o_orderkey"], "Plans": [{"Node Type": "Bitmap Heap Scan", "Parent Relationship": "Outer", "Parallel Aware": true, "Relation Name": "orders", "Alias": "orders", "Startup Cost": 7547.98, "Total Cost": 271211.84, "Plan Rows": 183457, "Plan Width": 20, "Recheck Cond": "((o_orderdate >= '1995-04-01'::date) AND (o_orderdate < '1995-07-01 00:00:00'::timestamp without time zone))", "Plans": [{"Node Type": "Bitmap Index Scan", "Parent Relationship": "Outer", "Parallel Aware": false, "Index Name": "idx_orders_orderdate", "Startup Cost": 0.0, "Total Cost": 7405.81, "Plan Rows": 568717, "Plan Width": 0, "Index Cond": "((o_orderdate >= '1995-04-01'::date) AND (o_orderdate < '1995-07-01 00:00:00'::timestamp without time zone))"}]}]}, {"Node Type": "Index Scan", "Parent Relationship": "Inner", "Parallel Aware": false, "Scan Direction": "Forward", "Index Name": "idx_lineitem_orderkey", "Relation Name": "lineitem", "Alias": "lineitem", "Startup Cost": 0.56, "Total Cost": 2355412.05, "Plan Rows": 19995259, "Plan Width": 4, "Filter": "(l_commitdate < l_receiptdate)"}]}]}]}]}]}]}}, {"Plan": {"Node Type": "Limit", "Parallel Aware": false, "Startup Cost": 414532.88, "Total Cost": 414569.65, "Plan Rows": 1, "Plan Width": 24, "Plans": [{"Node Type": "Aggregate", "Strategy": "Sorted", "Partial Mode": "Finalize", "Parent Relationship": "Outer", "Parallel Aware": false, "Startup Cost": 414532.88, "Total Cost": 414716.74, "Plan Rows": 5, "Plan Width": 24, "Group Key": ["orders.o_orderpriority"], "Plans": [{"Node Type": "Gather Merge", "Parent Relationship": "Outer", "Parallel Aware": false, "Startup Cost": 414532.88, "Total Cost": 414716.61, "Plan Rows": 15, "Plan Width": 24, "Workers Planned": 3, "Plans": [{"Node Type": "Aggregate", "Strategy": "Sorted", "Partial Mode": "Partial", "Parent Relationship": "Outer", "Parallel Aware": false, "Startup Cost": 413532.84, "Total Cost": 413714.81, "Plan Rows": 5, "Plan Width": 24, "Group Key": ["orders.o_orderpriority"], "Plans": [{"Node Type": "Sort", "Parent Relationship": "Outer", "Parallel Aware": false, "Startup Cost": 413532.84, "Total Cost": 413593.48, "Plan Rows": 24256, "Plan Width": 16, "Sort Key": ["orders.o_orderpriority"], "Plans": [{"Node Type": "Nested Loop", "Parent Relationship": "Outer", "Parallel Aware": false, "Join Type": "Semi", "Startup Cost": 7548.55, "Total Cost": 411766.27, "Plan Rows": 24256, "Plan Width": 16, "Inner Unique": false, "Plans": [{"Node Type": "Bitmap Heap Scan", "Parent Relationship": "Outer", "Parallel Aware": true, "Relation Name": "orders", "Alias": "orders", "Startup Cost": 7547.98, "Total Cost": 271211.84, "Plan Rows": 183457, "Plan Width": 20, "Recheck Cond": "((o_orderdate >= '1995-04-01'::date) AND (o_orderdate < '1995-07-01 00:00:00'::timestamp without time zone))", "Plans": [{"Node Type": "Bitmap Index Scan", "Parent Relationship": "Outer", "Parallel Aware": false, "Index Name": "idx_orders_orderdate", "Startup Cost": 0.0, "Total Cost": 7405.81, "Plan Rows": 568717, "Plan Width": 0, "Index Cond": "((o_orderdate >= '1995-04-01'::date) AND (o_orderdate < '1995-07-01 00:00:00'::timestamp without time zone))"}]}, {"Node Type": "Index Scan", "Parent Relationship": "Inner", "Parallel Aware": false, "Scan Direction": "Forward", "Index Name": "idx_lineitem_orderkey", "Relation Name": "lineitem", "Alias": "lineitem", "Startup Cost": 0.56, "Total Cost": 2.36, "Plan Rows": 10, "Plan Width": 4, "Index Cond": "(l_orderkey = orders.o_orderkey)", "Filter": "(l_commitdate < l_receiptdate)"}]}]}]}]}]}]}}, {"Plan": {"Node Type": "Limit", "Parallel Aware": false, "Startup Cost": 414532.88, "Total Cost": 414569.65, "Plan Rows": 1, "Plan Width": 24, "Plans": [{"Node Type": "Aggregate", "Strategy": "Sorted", "Partial Mode": "Finalize", "Parent Relationship": "Outer", "Parallel Aware": false, "Startup Cost": 414532.88, "Total Cost": 414716.74, "Plan Rows": 5, "Plan Width": 24, "Group Key": ["orders.o_orderpriority"], "Plans": [{"Node Type": "Gather Merge", "Parent Relationship": "Outer", "Parallel Aware": false, "Startup Cost": 414532.88, "Total Cost": 414716.61, "Plan Rows": 15, "Plan Width": 24, "Workers Planned": 3, "Plans": [{"Node Type": "Aggregate", "Strategy": "Sorted", "Partial Mode": "Partial", "Parent Relationship": "Outer", "Parallel Aware": false, "Startup Cost": 413532.84, "Total Cost": 413714.81, "Plan Rows": 5, "Plan Width": 24, "Group Key": ["orders.o_orderpriority"], "Plans": [{"Node Type": "Sort", "Parent Relationship": "Outer", "Parallel Aware": false, "Startup Cost": 413532.84, "Total Cost": 413593.48, "Plan Rows": 24256, "Plan Width": 16, "Sort Key": ["orders.o_orderpriority"], "Plans": [{"Node Type": "Nested Loop", "Parent Relationship": "Outer", "Parallel Aware": false, "Join Type": "Semi", "Startup Cost": 7548.55, "Total Cost": 411766.27, "Plan Rows": 24256, "Plan Width": 16, "Inner Unique": false, "Plans": [{"Node Type": "Bitmap Heap Scan", "Parent Relationship": "Outer", "Parallel Aware": true, "Relation Name": "orders", "Alias": "orders", "Startup Cost": 7547.98, "Total Cost": 271211.84, "Plan Rows": 183457, "Plan Width": 20, "Recheck Cond": "((o_orderdate >= '1995-04-01'::date) AND (o_orderdate < '1995-07-01 00:00:00'::timestamp without time zone))", "Plans": [{"Node Type": "Bitmap Index Scan", "Parent Relationship": "Outer", "Parallel Aware": false, "Index Name": "idx_orders_orderdate", "Startup Cost": 0.0, "Total Cost": 7405.81, "Plan Rows": 568717, "Plan Width": 0, "Index Cond": "((o_orderdate >= '1995-04-01'::date) AND (o_orderdate < '1995-07-01 00:00:00'::timestamp without time zone))"}]}, {"Node Type": "Index Scan", "Parent Relationship": "Inner", "Parallel Aware": false, "Scan Direction": "Forward", "Index Name": "idx_lineitem_orderkey", "Relation Name": "lineitem", "Alias": "lineitem", "Startup Cost": 0.56, "Total Cost": 2.36, "Plan Rows": 10, "Plan Width": 4, "Index Cond": "(l_orderkey = orders.o_orderkey)", "Filter": "(l_commitdate < l_receiptdate)"}]}]}]}]}]}]}}, {"Plan": {"Node Type": "Limit", "Parallel Aware": false, "Startup Cost": 2864800.66, "Total Cost": 2864837.43, "Plan Rows": 1, "Plan Width": 24, "Plans": [{"Node Type": "Aggregate", "Strategy": "Sorted", "Partial Mode": "Finalize", "Parent Relationship": "Outer", "Parallel Aware": false, "Startup Cost": 2864800.66, "Total Cost": 2864984.52, "Plan Rows": 5, "Plan Width": 24, "Group Key": ["orders.o_orderpriority"], "Plans": [{"Node Type": "Gather Merge", "Parent Relationship": "Outer", "Parallel Aware": false, "Startup Cost": 2864800.66, "Total Cost": 2864984.39, "Plan Rows": 15, "Plan Width": 24, "Workers Planned": 3, "Plans": [{"Node Type": "Aggregate", "Strategy": "Sorted", "Partial Mode": "Partial", "Parent Relationship": "Outer", "Parallel Aware": false, "Startup Cost": 2863800.62, "Total Cost": 2863982.59, "Plan Rows": 5, "Plan Width": 24, "Group Key": ["orders.o_orderpriority"], "Plans": [{"Node Type": "Sort", "Parent Relationship": "Outer", "Parallel Aware": false, "Startup Cost": 2863800.62, "Total Cost": 2863861.26, "Plan Rows": 24256, "Plan Width": 16, "Sort Key": ["orders.o_orderpriority"], "Plans": [{"Node Type": "Merge Join", "Parent Relationship": "Outer", "Parallel Aware": false, "Join Type": "Semi", "Startup Cost": 59.95, "Total Cost": 2862034.05, "Plan Rows": 24256, "Plan Width": 16, "Inner Unique": false, "Merge Cond": "(orders.o_orderkey = lineitem.l_orderkey)", "Plans": [{"Node Type": "Index Scan", "Parent Relationship": "Outer", "Parallel Aware": true, "Scan Direction": "Forward", "Index Name": "orders_pkey", "Relation Name": "orders", "Alias": "orders", "Startup Cost": 0.43, "Total Cost": 453729.58, "Plan Rows": 183457, "Plan Width": 20, "Filter": "((o_orderdate >= '1995-04-01'::date) AND (o_orderdate < '1995-07-01 00:00:00'::timestamp without time zone))"}, {"Node Type": "Index Scan", "Parent Relationship": "Inner", "Parallel Aware": false, "Scan Direction": "Forward", "Index Name": "idx_lineitem_orderkey", "Relation Name": "lineitem", "Alias": "lineitem", "Startup Cost": 0.56, "Total Cost": 2355412.05, "Plan Rows": 19995259, "Plan Width": 4, "Filter": "(l_commitdate < l_receiptdate)"}]}]}]}]}]}]}}, {"Plan": {"Node Type": "Limit", "Parallel Aware": false, "Startup Cost": 414532.88, "Total Cost": 414569.65, "Plan Rows": 1, "Plan Width": 24, "Plans": [{"Node Type": "Aggregate", "Strategy": "Sorted", "Partial Mode": "Finalize", "Parent Relationship": "Outer", "Parallel Aware": false, "Startup Cost": 414532.88, "Total Cost": 414716.74, "Plan Rows": 5, "Plan Width": 24, "Group Key": ["orders.o_orderpriority"], "Plans": [{"Node Type": "Gather Merge", "Parent Relationship": "Outer", "Parallel Aware": false, "Startup Cost": 414532.88, "Total Cost": 414716.61, "Plan Rows": 15, "Plan Width": 24, "Workers Planned": 3, "Plans": [{"Node Type": "Aggregate", "Strategy": "Sorted", "Partial Mode": "Partial", "Parent Relationship": "Outer", "Parallel Aware": false, "Startup Cost": 413532.84, "Total Cost": 413714.81, "Plan Rows": 5, "Plan Width": 24, "Group Key": ["orders.o_orderpriority"], "Plans": [{"Node Type": "Sort", "Parent Relationship": "Outer", "Parallel Aware": false, "Startup Cost": 413532.84, "Total Cost": 413593.48, "Plan Rows": 24256, "Plan Width": 16, "Sort Key": ["orders.o_orderpriority"], "Plans": [{"Node Type": "Nested Loop", "Parent Relationship": "Outer", "Parallel Aware": false, "Join Type": "Semi", "Startup Cost": 7548.55, "Total Cost": 411766.27, "Plan Rows": 24256, "Plan Width": 16, "Inner Unique": false, "Plans": [{"Node Type": "Bitmap Heap Scan", "Parent Relationship": "Outer", "Parallel Aware": true, "Relation Name": "orders", "Alias": "orders", "Startup Cost": 7547.98, "Total Cost": 271211.84, "Plan Rows": 183457, "Plan Width": 20, "Recheck Cond": "((o_orderdate >= '1995-04-01'::date) AND (o_orderdate < '1995-07-01 00:00:00'::timestamp without time zone))", "Plans": [{"Node Type": "Bitmap Index Scan", "Parent Relationship": "Outer", "Parallel Aware": false, "Index Name": "idx_orders_orderdate", "Startup Cost": 0.0, "Total Cost": 7405.81, "Plan Rows": 568717, "Plan Width": 0, "Index Cond": "((o_orderdate >= '1995-04-01'::date) AND (o_orderdate < '1995-07-01 00:00:00'::timestamp without time zone))"}]}, {"Node Type": "Index Scan", "Parent Relationship": "Inner", "Parallel Aware": false, "Scan Direction": "Forward", "Index Name": "idx_lineitem_orderkey", "Relation Name": "lineitem", "Alias": "lineitem", "Startup Cost": 0.56, "Total Cost": 2.36, "Plan Rows": 10, "Plan Width": 4, "Index Cond": "(l_orderkey = orders.o_orderkey)", "Filter": "(l_commitdate < l_receiptdate)"}]}]}]}]}]}]}}, {"Plan": {"Node Type": "Limit", "Parallel Aware": false, "Startup Cost": 414532.88, "Total Cost": 414569.65, "Plan Rows": 1, "Plan Width": 24, "Plans": [{"Node Type": "Aggregate", "Strategy": "Sorted", "Partial Mode": "Finalize", "Parent Relationship": "Outer", "Parallel Aware": false, "Startup Cost": 414532.88, "Total Cost": 414716.74, "Plan Rows": 5, "Plan Width": 24, "Group Key": ["orders.o_orderpriority"], "Plans": [{"Node Type": "Gather Merge", "Parent Relationship": "Outer", "Parallel Aware": false, "Startup Cost": 414532.88, "Total Cost": 414716.61, "Plan Rows": 15, "Plan Width": 24, "Workers Planned": 3, "Plans": [{"Node Type": "Aggregate", "Strategy": "Sorted", "Partial Mode": "Partial", "Parent Relationship": "Outer", "Parallel Aware": false, "Startup Cost": 413532.84, "Total Cost": 413714.81, "Plan Rows": 5, "Plan Width": 24, "Group Key": ["orders.o_orderpriority"], "Plans": [{"Node Type": "Sort", "Parent Relationship": "Outer", "Parallel Aware": false, "Startup Cost": 413532.84, "Total Cost": 413593.48, "Plan Rows": 24256, "Plan Width": 16, "Sort Key": ["orders.o_orderpriority"], "Plans": [{"Node Type": "Nested Loop", "Parent Relationship": "Outer", "Parallel Aware": false, "Join Type": "Semi", "Startup Cost": 7548.55, "Total Cost": 411766.27, "Plan Rows": 24256, "Plan Width": 16, "Inner Unique": false, "Plans": [{"Node Type": "Bitmap Heap Scan", "Parent Relationship": "Outer", "Parallel Aware": true, "Relation Name": "orders", "Alias": "orders", "Startup Cost": 7547.98, "Total Cost": 271211.84, "Plan Rows": 183457, "Plan Width": 20, "Recheck Cond": "((o_orderdate >= '1995-04-01'::date) AND (o_orderdate < '1995-07-01 00:00:00'::timestamp without time zone))", "Plans": [{"Node Type": "Bitmap Index Scan", "Parent Relationship": "Outer", "Parallel Aware": false, "Index Name": "idx_orders_orderdate", "Startup Cost": 0.0, "Total Cost": 7405.81, "Plan Rows": 568717, "Plan Width": 0, "Index Cond": "((o_orderdate >= '1995-04-01'::date) AND (o_orderdate < '1995-07-01 00:00:00'::timestamp without time zone))"}]}, {"Node Type": "Index Scan", "Parent Relationship": "Inner", "Parallel Aware": false, "Scan Direction": "Forward", "Index Name": "idx_lineitem_orderkey", "Relation Name": "lineitem", "Alias": "lineitem", "Startup Cost": 0.56, "Total Cost": 2.36, "Plan Rows": 10, "Plan Width": 4, "Index Cond": "(l_orderkey = orders.o_orderkey)", "Filter": "(l_commitdate < l_receiptdate)"}]}]}]}]}]}]}}, {"Plan": {"Node Type": "Limit", "Parallel Aware": false, "Startup Cost": 10001082801.39, "Total Cost": 10001082914.19, "Plan Rows": 1, "Plan Width": 24, "Plans": [{"Node Type": "Aggregate", "Strategy": "Sorted", "Partial Mode": "Simple", "Parent Relationship": "Outer", "Parallel Aware": false, "Startup Cost": 10001082801.39, "Total Cost": 10001083365.4, "Plan Rows": 5, "Plan Width": 24, "Group Key": ["orders.o_orderpriority"], "Plans": [{"Node Type": "Sort", "Parent Relationship": "Outer", "Parallel Aware": false, "Startup Cost": 10001082801.39, "Total Cost": 10001082989.38, "Plan Rows": 75195, "Plan Width": 16, "Sort Key": ["orders.o_orderpriority"], "Plans": [{"Node Type": "Nested Loop", "Parent Relationship": "Outer", "Parallel Aware": false, "Join Type": "Semi", "Startup Cost": 10000007549.09, "Total Cost": 10001076711.22, "Plan Rows": 75195, "Plan Width": 16, "Inner Unique": false, "Plans": [{"Node Type": "Bitmap Heap Scan", "Parent Relationship": "Outer", "Parallel Aware": false, "Relation Name": "orders", "Alias": "orders", "Startup Cost": 7547.98, "Total Cost": 276990.74, "Plan Rows": 568717, "Plan Width": 20, "Recheck Cond": "((o_orderdate >= '1995-04-01'::date) AND (o_orderdate < '1995-07-01 00:00:00'::timestamp without time zone))", "Plans": [{"Node Type": "Bitmap Index Scan", "Parent Relationship": "Outer", "Parallel Aware": false, "Index Name": "idx_orders_orderdate", "Startup Cost": 0.0, "Total Cost": 7405.81, "Plan Rows": 568717, "Plan Width": 0, "Index Cond": "((o_orderdate >= '1995-04-01'::date) AND (o_orderdate < '1995-07-01 00:00:00'::timestamp without time zone))"}]}, {"Node Type": "Bitmap Heap Scan", "Parent Relationship": "Inner", "Parallel Aware": false, "Relation Name": "lineitem", "Alias": "lineitem", "Startup Cost": 1.11, "Total Cost": 3.76, "Plan Rows": 10, "Plan Width": 4, "Recheck Cond": "(l_orderkey = orders.o_orderkey)", "Filter": "(l_commitdate < l_receiptdate)", "Plans": [{"Node Type": "Bitmap Index Scan", "Parent Relationship": "Outer", "Parallel Aware": false, "Index Name": "lineitem_pkey", "Startup Cost": 0.0, "Total Cost": 1.11, "Plan Rows": 30, "Plan Width": 0, "Index Cond": "(l_orderkey = orders.o_orderkey)"}]}]}]}]}]}}, {"Plan": {"Node Type": "Limit", "Parallel Aware": false, "Startup Cost": 531952.56, "Total Cost": 531989.33, "Plan Rows": 1, "Plan Width": 24, "Plans": [{"Node Type": "Aggregate", "Strategy": "Sorted", "Partial Mode": "Finalize", "Parent Relationship": "Outer", "Parallel Aware": false, "Startup Cost": 531952.56, "Total Cost": 532136.42, "Plan Rows": 5, "Plan Width": 24, "Group Key": ["orders.o_orderpriority"], "Plans": [{"Node Type": "Gather Merge", "Parent Relationship": "Outer", "Parallel Aware": false, "Startup Cost": 531952.56, "Total Cost": 532136.29, "Plan Rows": 15, "Plan Width": 24, "Workers Planned": 3, "Plans": [{"Node Type": "Aggregate", "Strategy": "Sorted", "Partial Mode": "Partial", "Parent Relationship": "Outer", "Parallel Aware": false, "Startup Cost": 530952.52, "Total Cost": 531134.49, "Plan Rows": 5, "Plan Width": 24, "Group Key": ["orders.o_orderpriority"], "Plans": [{"Node Type": "Sort", "Parent Relationship": "Outer", "Parallel Aware": false, "Startup Cost": 530952.52, "Total Cost": 531013.16, "Plan Rows": 24256, "Plan Width": 16, "Sort Key": ["orders.o_orderpriority"], "Plans": [{"Node Type": "Nested Loop", "Parent Relationship": "Outer", "Parallel Aware": false, "Join Type": "Semi", "Startup Cost": 7549.09, "Total Cost": 529185.95, "Plan Rows": 24256, "Plan Width": 16, "Inner Unique": false, "Plans": [{"Node Type": "Bitmap Heap Scan", "Parent Relationship": "Outer", "Parallel Aware": true, "Relation Name": "orders", "Alias": "orders", "Startup Cost": 7547.98, "Total Cost": 271211.84, "Plan Rows": 183457, "Plan Width": 20, "Recheck Cond": "((o_orderdate >= '1995-04-01'::date) AND (o_orderdate < '1995-07-01 00:00:00'::timestamp without time zone))", "Plans": [{"Node Type": "Bitmap Index Scan", "Parent Relationship": "Outer", "Parallel Aware": false, "Index Name": "idx_orders_orderdate", "Startup Cost": 0.0, "Total Cost": 7405.81, "Plan Rows": 568717, "Plan Width": 0, "Index Cond": "((o_orderdate >= '1995-04-01'::date) AND (o_orderdate < '1995-07-01 00:00:00'::timestamp without time zone))"}]}, {"Node Type": "Bitmap Heap Scan", "Parent Relationship": "Inner", "Parallel Aware": false, "Relation Name": "lineitem", "Alias": "lineitem", "Startup Cost": 1.11, "Total Cost": 3.76, "Plan Rows": 10, "Plan Width": 4, "Recheck Cond": "(l_orderkey = orders.o_orderkey)", "Filter": "(l_commitdate < l_receiptdate)", "Plans": [{"Node Type": "Bitmap Index Scan", "Parent Relationship": "Outer", "Parallel Aware": false, "Index Name": "lineitem_pkey", "Startup Cost": 0.0, "Total Cost": 1.11, "Plan Rows": 30, "Plan Width": 0, "Index Cond": "(l_orderkey = orders.o_orderkey)"}]}]}]}]}]}]}]}}, {"Plan": {"Node Type": "Limit", "Parallel Aware": false, "Startup Cost": 531952.56, "Total Cost": 531989.33, "Plan Rows": 1, "Plan Width": 24, "Plans": [{"Node Type": "Aggregate", "Strategy": "Sorted", "Partial Mode": "Finalize", "Parent Relationship": "Outer", "Parallel Aware": false, "Startup Cost": 531952.56, "Total Cost": 532136.42, "Plan Rows": 5, "Plan Width": 24, "Group Key": ["orders.o_orderpriority"], "Plans": [{"Node Type": "Gather Merge", "Parent Relationship": "Outer", "Parallel Aware": false, "Startup Cost": 531952.56, "Total Cost": 532136.29, "Plan Rows": 15, "Plan Width": 24, "Workers Planned": 3, "Plans": [{"Node Type": "Aggregate", "Strategy": "Sorted", "Partial Mode": "Partial", "Parent Relationship": "Outer", "Parallel Aware": false, "Startup Cost": 530952.52, "Total Cost": 531134.49, "Plan Rows": 5, "Plan Width": 24, "Group Key": ["orders.o_orderpriority"], "Plans": [{"Node Type": "Sort", "Parent Relationship": "Outer", "Parallel Aware": false, "Startup Cost": 530952.52, "Total Cost": 531013.16, "Plan Rows": 24256, "Plan Width": 16, "Sort Key": ["orders.o_orderpriority"], "Plans": [{"Node Type": "Nested Loop", "Parent Relationship": "Outer", "Parallel Aware": false, "Join Type": "Semi", "Startup Cost": 7549.09, "Total Cost": 529185.95, "Plan Rows": 24256, "Plan Width": 16, "Inner Unique": false, "Plans": [{"Node Type": "Bitmap Heap Scan", "Parent Relationship": "Outer", "Parallel Aware": true, "Relation Name": "orders", "Alias": "orders", "Startup Cost": 7547.98, "Total Cost": 271211.84, "Plan Rows": 183457, "Plan Width": 20, "Recheck Cond": "((o_orderdate >= '1995-04-01'::date) AND (o_orderdate < '1995-07-01 00:00:00'::timestamp without time zone))", "Plans": [{"Node Type": "Bitmap Index Scan", "Parent Relationship": "Outer", "Parallel Aware": false, "Index Name": "idx_orders_orderdate", "Startup Cost": 0.0, "Total Cost": 7405.81, "Plan Rows": 568717, "Plan Width": 0, "Index Cond": "((o_orderdate >= '1995-04-01'::date) AND (o_orderdate < '1995-07-01 00:00:00'::timestamp without time zone))"}]}, {"Node Type": "Bitmap Heap Scan", "Parent Relationship": "Inner", "Parallel Aware": false, "Relation Name": "lineitem", "Alias": "lineitem", "Startup Cost": 1.11, "Total Cost": 3.76, "Plan Rows": 10, "Plan Width": 4, "Recheck Cond": "(l_orderkey = orders.o_orderkey)", "Filter": "(l_commitdate < l_receiptdate)", "Plans": [{"Node Type": "Bitmap Index Scan", "Parent Relationship": "Outer", "Parallel Aware": false, "Index Name": "lineitem_pkey", "Startup Cost": 0.0, "Total Cost": 1.11, "Plan Rows": 30, "Plan Width": 0, "Index Cond": "(l_orderkey = orders.o_orderkey)"}]}]}]}]}]}]}]}}, {"Plan": {"Node Type": "Limit", "Parallel Aware": false, "Startup Cost": 4852580.57, "Total Cost": 4852617.34, "Plan Rows": 1, "Plan Width": 24, "Plans": [{"Node Type": "Aggregate", "Strategy": "Sorted", "Partial Mode": "Finalize", "Parent Relationship": "Outer", "Parallel Aware": false, "Startup Cost": 4852580.57, "Total Cost": 4852764.43, "Plan Rows": 5, "Plan Width": 24, "Group Key": ["orders.o_orderpriority"], "Plans": [{"Node Type": "Gather Merge", "Parent Relationship": "Outer", "Parallel Aware": false, "Startup Cost": 4852580.57, "Total Cost": 4852764.3, "Plan Rows": 15, "Plan Width": 24, "Workers Planned": 3, "Plans": [{"Node Type": "Aggregate", "Strategy": "Sorted", "Partial Mode": "Partial", "Parent Relationship": "Outer", "Parallel Aware": false, "Startup Cost": 4851580.53, "Total Cost": 4851762.5, "Plan Rows": 5, "Plan Width": 24, "Group Key": ["orders.o_orderpriority"], "Plans": [{"Node Type": "Sort", "Parent Relationship": "Outer", "Parallel Aware": false, "Startup Cost": 4851580.53, "Total Cost": 4851641.17, "Plan Rows": 24256, "Plan Width": 16, "Sort Key": ["orders.o_orderpriority"], "Plans": [{"Node Type": "Merge Join", "Parent Relationship": "Outer", "Parallel Aware": false, "Join Type": "Semi", "Startup Cost": 4746477.19, "Total Cost": 4849813.96, "Plan Rows": 24256, "Plan Width": 16, "Inner Unique": false, "Merge Cond": "(orders.o_orderkey = lineitem.l_orderkey)", "Plans": [{"Node Type": "Sort", "Parent Relationship": "Outer", "Parallel Aware": false, "Startup Cost": 287250.64, "Total Cost": 287709.29, "Plan Rows": 183457, "Plan Width": 20, "Sort Key": ["orders.o_orderkey"], "Plans": [{"Node Type": "Bitmap Heap Scan", "Parent Relationship": "Outer", "Parallel Aware": true, "Relation Name": "orders", "Alias": "orders", "Startup Cost": 7547.98, "Total Cost": 271211.84, "Plan Rows": 183457, "Plan Width": 20, "Recheck Cond": "((o_orderdate >= '1995-04-01'::date) AND (o_orderdate < '1995-07-01 00:00:00'::timestamp without time zone))", "Plans": [{"Node Type": "Bitmap Index Scan", "Parent Relationship": "Outer", "Parallel Aware": false, "Index Name": "idx_orders_orderdate", "Startup Cost": 0.0, "Total Cost": 7405.81, "Plan Rows": 568717, "Plan Width": 0, "Index Cond": "((o_orderdate >= '1995-04-01'::date) AND (o_orderdate < '1995-07-01 00:00:00'::timestamp without time zone))"}]}]}, {"Node Type": "Sort", "Parent Relationship": "Inner", "Parallel Aware": false, "Startup Cost": 4459224.09, "Total Cost": 4509212.24, "Plan Rows": 19995259, "Plan Width": 4, "Sort Key": ["lineitem.l_orderkey"], "Plans": [{"Node Type": "Seq Scan", "Parent Relationship": "Outer", "Parallel Aware": false, "Relation Name": "lineitem", "Alias": "lineitem", "Startup Cost": 0.0, "Total Cost": 1874364.2, "Plan Rows": 19995259, "Plan Width": 4, "Filter": "(l_commitdate < l_receiptdate)"}]}]}]}]}]}]}]}}, {"Plan": {"Node Type": "Limit", "Parallel Aware": false, "Startup Cost": 531952.56, "Total Cost": 531989.33, "Plan Rows": 1, "Plan Width": 24, "Plans": [{"Node Type": "Aggregate", "Strategy": "Sorted", "Partial Mode": "Finalize", "Parent Relationship": "Outer", "Parallel Aware": false, "Startup Cost": 531952.56, "Total Cost": 532136.42, "Plan Rows": 5, "Plan Width": 24, "Group Key": ["orders.o_orderpriority"], "Plans": [{"Node Type": "Gather Merge", "Parent Relationship": "Outer", "Parallel Aware": false, "Startup Cost": 531952.56, "Total Cost": 532136.29, "Plan Rows": 15, "Plan Width": 24, "Workers Planned": 3, "Plans": [{"Node Type": "Aggregate", "Strategy": "Sorted", "Partial Mode": "Partial", "Parent Relationship": "Outer", "Parallel Aware": false, "Startup Cost": 530952.52, "Total Cost": 531134.49, "Plan Rows": 5, "Plan Width": 24, "Group Key": ["orders.o_orderpriority"], "Plans": [{"Node Type": "Sort", "Parent Relationship": "Outer", "Parallel Aware": false, "Startup Cost": 530952.52, "Total Cost": 531013.16, "Plan Rows": 24256, "Plan Width": 16, "Sort Key": ["orders.o_orderpriority"], "Plans": [{"Node Type": "Nested Loop", "Parent Relationship": "Outer", "Parallel Aware": false, "Join Type": "Semi", "Startup Cost": 7549.09, "Total Cost": 529185.95, "Plan Rows": 24256, "Plan Width": 16, "Inner Unique": false, "Plans": [{"Node Type": "Bitmap Heap Scan", "Parent Relationship": "Outer", "Parallel Aware": true, "Relation Name": "orders", "Alias": "orders", "Startup Cost": 7547.98, "Total Cost": 271211.84, "Plan Rows": 183457, "Plan Width": 20, "Recheck Cond": "((o_orderdate >= '1995-04-01'::date) AND (o_orderdate < '1995-07-01 00:00:00'::timestamp without time zone))", "Plans": [{"Node Type": "Bitmap Index Scan", "Parent Relationship": "Outer", "Parallel Aware": false, "Index Name": "idx_orders_orderdate", "Startup Cost": 0.0, "Total Cost": 7405.81, "Plan Rows": 568717, "Plan Width": 0, "Index Cond": "((o_orderdate >= '1995-04-01'::date) AND (o_orderdate < '1995-07-01 00:00:00'::timestamp without time zone))"}]}, {"Node Type": "Bitmap Heap Scan", "Parent Relationship": "Inner", "Parallel Aware": false, "Relation Name": "lineitem", "Alias": "lineitem", "Startup Cost": 1.11, "Total Cost": 3.76, "Plan Rows": 10, "Plan Width": 4, "Recheck Cond": "(l_orderkey = orders.o_orderkey)", "Filter": "(l_commitdate < l_receiptdate)", "Plans": [{"Node Type": "Bitmap Index Scan", "Parent Relationship": "Outer", "Parallel Aware": false, "Index Name": "lineitem_pkey", "Startup Cost": 0.0, "Total Cost": 1.11, "Plan Rows": 30, "Plan Width": 0, "Index Cond": "(l_orderkey = orders.o_orderkey)"}]}]}]}]}]}]}]}}, {"Plan": {"Node Type": "Limit", "Parallel Aware": false, "Startup Cost": 531952.56, "Total Cost": 531989.33, "Plan Rows": 1, "Plan Width": 24, "Plans": [{"Node Type": "Aggregate", "Strategy": "Sorted", "Partial Mode": "Finalize", "Parent Relationship": "Outer", "Parallel Aware": false, "Startup Cost": 531952.56, "Total Cost": 532136.42, "Plan Rows": 5, "Plan Width": 24, "Group Key": ["orders.o_orderpriority"], "Plans": [{"Node Type": "Gather Merge", "Parent Relationship": "Outer", "Parallel Aware": false, "Startup Cost": 531952.56, "Total Cost": 532136.29, "Plan Rows": 15, "Plan Width": 24, "Workers Planned": 3, "Plans": [{"Node Type": "Aggregate", "Strategy": "Sorted", "Partial Mode": "Partial", "Parent Relationship": "Outer", "Parallel Aware": false, "Startup Cost": 530952.52, "Total Cost": 531134.49, "Plan Rows": 5, "Plan Width": 24, "Group Key": ["orders.o_orderpriority"], "Plans": [{"Node Type": "Sort", "Parent Relationship": "Outer", "Parallel Aware": false, "Startup Cost": 530952.52, "Total Cost": 531013.16, "Plan Rows": 24256, "Plan Width": 16, "Sort Key": ["orders.o_orderpriority"], "Plans": [{"Node Type": "Nested Loop", "Parent Relationship": "Outer", "Parallel Aware": false, "Join Type": "Semi", "Startup Cost": 7549.09, "Total Cost": 529185.95, "Plan Rows": 24256, "Plan Width": 16, "Inner Unique": false, "Plans": [{"Node Type": "Bitmap Heap Scan", "Parent Relationship": "Outer", "Parallel Aware": true, "Relation Name": "orders", "Alias": "orders", "Startup Cost": 7547.98, "Total Cost": 271211.84, "Plan Rows": 183457, "Plan Width": 20, "Recheck Cond": "((o_orderdate >= '1995-04-01'::date) AND (o_orderdate < '1995-07-01 00:00:00'::timestamp without time zone))", "Plans": [{"Node Type": "Bitmap Index Scan", "Parent Relationship": "Outer", "Parallel Aware": false, "Index Name": "idx_orders_orderdate", "Startup Cost": 0.0, "Total Cost": 7405.81, "Plan Rows": 568717, "Plan Width": 0, "Index Cond": "((o_orderdate >= '1995-04-01'::date) AND (o_orderdate < '1995-07-01 00:00:00'::timestamp without time zone))"}]}, {"Node Type": "Bitmap Heap Scan", "Parent Relationship": "Inner", "Parallel Aware": false, "Relation Name": "lineitem", "Alias": "lineitem", "Startup Cost": 1.11, "Total Cost": 3.76, "Plan Rows": 10, "Plan Width": 4, "Recheck Cond": "(l_orderkey = orders.o_orderkey)", "Filter": "(l_commitdate < l_receiptdate)", "Plans": [{"Node Type": "Bitmap Index Scan", "Parent Relationship": "Outer", "Parallel Aware": false, "Index Name": "lineitem_pkey", "Startup Cost": 0.0, "Total Cost": 1.11, "Plan Rows": 30, "Plan Width": 0, "Index Cond": "(l_orderkey = orders.o_orderkey)"}]}]}]}]}]}]}]}}, {"Plan": {"Node Type": "Limit", "Parallel Aware": false, "Startup Cost": 2698780.37, "Total Cost": 2698817.14, "Plan Rows": 1, "Plan Width": 24, "Plans": [{"Node Type": "Aggregate", "Strategy": "Sorted", "Partial Mode": "Finalize", "Parent Relationship": "Outer", "Parallel Aware": false, "Startup Cost": 2698780.37, "Total Cost": 2698964.23, "Plan Rows": 5, "Plan Width": 24, "Group Key": ["orders.o_orderpriority"], "Plans": [{"Node Type": "Gather Merge", "Parent Relationship": "Outer", "Parallel Aware": false, "Startup Cost": 2698780.37, "Total Cost": 2698964.11, "Plan Rows": 15, "Plan Width": 24, "Workers Planned": 3, "Plans": [{"Node Type": "Aggregate", "Strategy": "Sorted", "Partial Mode": "Partial", "Parent Relationship": "Outer", "Parallel Aware": false, "Startup Cost": 2697780.33, "Total Cost": 2697962.3, "Plan Rows": 5, "Plan Width": 24, "Group Key": ["orders.o_orderpriority"], "Plans": [{"Node Type": "Sort", "Parent Relationship": "Outer", "Parallel Aware": false, "Startup Cost": 2697780.33, "Total Cost": 2697840.97, "Plan Rows": 24256, "Plan Width": 16, "Sort Key": ["orders.o_orderpriority"], "Plans": [{"Node Type": "Merge Join", "Parent Relationship": "Outer", "Parallel Aware": false, "Join Type": "Semi", "Startup Cost": 287310.16, "Total Cost": 2696013.76, "Plan Rows": 24256, "Plan Width": 16, "Inner Unique": false, "Merge Cond": "(orders.o_orderkey = lineitem.l_orderkey)", "Plans": [{"Node Type": "Sort", "Parent Relationship": "Outer", "Parallel Aware": false, "Startup Cost": 287250.64, "Total Cost": 287709.29, "Plan Rows": 183457, "Plan Width": 20, "Sort Key": ["orders.o_orderkey"], "Plans": [{"Node Type": "Bitmap Heap Scan", "Parent Relationship": "Outer", "Parallel Aware": true, "Relation Name": "orders", "Alias": "orders", "Startup Cost": 7547.98, "Total Cost": 271211.84, "Plan Rows": 183457, "Plan Width": 20, "Recheck Cond": "((o_orderdate >= '1995-04-01'::date) AND (o_orderdate < '1995-07-01 00:00:00'::timestamp without time zone))", "Plans": [{"Node Type": "Bitmap Index Scan", "Parent Relationship": "Outer", "Parallel Aware": false, "Index Name": "idx_orders_orderdate", "Startup Cost": 0.0, "Total Cost": 7405.81, "Plan Rows": 568717, "Plan Width": 0, "Index Cond": "((o_orderdate >= '1995-04-01'::date) AND (o_orderdate < '1995-07-01 00:00:00'::timestamp without time zone))"}]}]}, {"Node Type": "Index Scan", "Parent Relationship": "Inner", "Parallel Aware": false, "Scan Direction": "Forward", "Index Name": "idx_lineitem_orderkey", "Relation Name": "lineitem", "Alias": "lineitem", "Startup Cost": 0.56, "Total Cost": 2355412.05, "Plan Rows": 19995259, "Plan Width": 4, "Filter": "(l_commitdate < l_receiptdate)"}]}]}]}]}]}]}}, {"Plan": {"Node Type": "Limit", "Parallel Aware": false, "Startup Cost": 414532.88, "Total Cost": 414569.65, "Plan Rows": 1, "Plan Width": 24, "Plans": [{"Node Type": "Aggregate", "Strategy": "Sorted", "Partial Mode": "Finalize", "Parent Relationship": "Outer", "Parallel Aware": false, "Startup Cost": 414532.88, "Total Cost": 414716.74, "Plan Rows": 5, "Plan Width": 24, "Group Key": ["orders.o_orderpriority"], "Plans": [{"Node Type": "Gather Merge", "Parent Relationship": "Outer", "Parallel Aware": false, "Startup Cost": 414532.88, "Total Cost": 414716.61, "Plan Rows": 15, "Plan Width": 24, "Workers Planned": 3, "Plans": [{"Node Type": "Aggregate", "Strategy": "Sorted", "Partial Mode": "Partial", "Parent Relationship": "Outer", "Parallel Aware": false, "Startup Cost": 413532.84, "Total Cost": 413714.81, "Plan Rows": 5, "Plan Width": 24, "Group Key": ["orders.o_orderpriority"], "Plans": [{"Node Type": "Sort", "Parent Relationship": "Outer", "Parallel Aware": false, "Startup Cost": 413532.84, "Total Cost": 413593.48, "Plan Rows": 24256, "Plan Width": 16, "Sort Key": ["orders.o_orderpriority"], "Plans": [{"Node Type": "Nested Loop", "Parent Relationship": "Outer", "Parallel Aware": false, "Join Type": "Semi", "Startup Cost": 7548.55, "Total Cost": 411766.27, "Plan Rows": 24256, "Plan Width": 16, "Inner Unique": false, "Plans": [{"Node Type": "Bitmap Heap Scan", "Parent Relationship": "Outer", "Parallel Aware": true, "Relation Name": "orders", "Alias": "orders", "Startup Cost": 7547.98, "Total Cost": 271211.84, "Plan Rows": 183457, "Plan Width": 20, "Recheck Cond": "((o_orderdate >= '1995-04-01'::date) AND (o_orderdate < '1995-07-01 00:00:00'::timestamp without time zone))", "Plans": [{"Node Type": "Bitmap Index Scan", "Parent Relationship": "Outer", "Parallel Aware": false, "Index Name": "idx_orders_orderdate", "Startup Cost": 0.0, "Total Cost": 7405.81, "Plan Rows": 568717, "Plan Width": 0, "Index Cond": "((o_orderdate >= '1995-04-01'::date) AND (o_orderdate < '1995-07-01 00:00:00'::timestamp without time zone))"}]}, {"Node Type": "Index Scan", "Parent Relationship": "Inner", "Parallel Aware": false, "Scan Direction": "Forward", "Index Name": "idx_lineitem_orderkey", "Relation Name": "lineitem", "Alias": "lineitem", "Startup Cost": 0.56, "Total Cost": 2.36, "Plan Rows": 10, "Plan Width": 4, "Index Cond": "(l_orderkey = orders.o_orderkey)", "Filter": "(l_commitdate < l_receiptdate)"}]}]}]}]}]}]}}, {"Plan": {"Node Type": "Limit", "Parallel Aware": false, "Startup Cost": 414532.88, "Total Cost": 414569.65, "Plan Rows": 1, "Plan Width": 24, "Plans": [{"Node Type": "Aggregate", "Strategy": "Sorted", "Partial Mode": "Finalize", "Parent Relationship": "Outer", "Parallel Aware": false, "Startup Cost": 414532.88, "Total Cost": 414716.74, "Plan Rows": 5, "Plan Width": 24, "Group Key": ["orders.o_orderpriority"], "Plans": [{"Node Type": "Gather Merge", "Parent Relationship": "Outer", "Parallel Aware": false, "Startup Cost": 414532.88, "Total Cost": 414716.61, "Plan Rows": 15, "Plan Width": 24, "Workers Planned": 3, "Plans": [{"Node Type": "Aggregate", "Strategy": "Sorted", "Partial Mode": "Partial", "Parent Relationship": "Outer", "Parallel Aware": false, "Startup Cost": 413532.84, "Total Cost": 413714.81, "Plan Rows": 5, "Plan Width": 24, "Group Key": ["orders.o_orderpriority"], "Plans": [{"Node Type": "Sort", "Parent Relationship": "Outer", "Parallel Aware": false, "Startup Cost": 413532.84, "Total Cost": 413593.48, "Plan Rows": 24256, "Plan Width": 16, "Sort Key": ["orders.o_orderpriority"], "Plans": [{"Node Type": "Nested Loop", "Parent Relationship": "Outer", "Parallel Aware": false, "Join Type": "Semi", "Startup Cost": 7548.55, "Total Cost": 411766.27, "Plan Rows": 24256, "Plan Width": 16, "Inner Unique": false, "Plans": [{"Node Type": "Bitmap Heap Scan", "Parent Relationship": "Outer", "Parallel Aware": true, "Relation Name": "orders", "Alias": "orders", "Startup Cost": 7547.98, "Total Cost": 271211.84, "Plan Rows": 183457, "Plan Width": 20, "Recheck Cond": "((o_orderdate >= '1995-04-01'::date) AND (o_orderdate < '1995-07-01 00:00:00'::timestamp without time zone))", "Plans": [{"Node Type": "Bitmap Index Scan", "Parent Relationship": "Outer", "Parallel Aware": false, "Index Name": "idx_orders_orderdate", "Startup Cost": 0.0, "Total Cost": 7405.81, "Plan Rows": 568717, "Plan Width": 0, "Index Cond": "((o_orderdate >= '1995-04-01'::date) AND (o_orderdate < '1995-07-01 00:00:00'::timestamp without time zone))"}]}, {"Node Type": "Index Scan", "Parent Relationship": "Inner", "Parallel Aware": false, "Scan Direction": "Forward", "Index Name": "idx_lineitem_orderkey", "Relation Name": "lineitem", "Alias": "lineitem", "Startup Cost": 0.56, "Total Cost": 2.36, "Plan Rows": 10, "Plan Width": 4, "Index Cond": "(l_orderkey = orders.o_orderkey)", "Filter": "(l_commitdate < l_receiptdate)"}]}]}]}]}]}]}}, {"Plan": {"Node Type": "Limit", "Parallel Aware": false, "Startup Cost": 2864800.66, "Total Cost": 2864837.43, "Plan Rows": 1, "Plan Width": 24, "Plans": [{"Node Type": "Aggregate", "Strategy": "Sorted", "Partial Mode": "Finalize", "Parent Relationship": "Outer", "Parallel Aware": false, "Startup Cost": 2864800.66, "Total Cost": 2864984.52, "Plan Rows": 5, "Plan Width": 24, "Group Key": ["orders.o_orderpriority"], "Plans": [{"Node Type": "Gather Merge", "Parent Relationship": "Outer", "Parallel Aware": false, "Startup Cost": 2864800.66, "Total Cost": 2864984.39, "Plan Rows": 15, "Plan Width": 24, "Workers Planned": 3, "Plans": [{"Node Type": "Aggregate", "Strategy": "Sorted", "Partial Mode": "Partial", "Parent Relationship": "Outer", "Parallel Aware": false, "Startup Cost": 2863800.62, "Total Cost": 2863982.59, "Plan Rows": 5, "Plan Width": 24, "Group Key": ["orders.o_orderpriority"], "Plans": [{"Node Type": "Sort", "Parent Relationship": "Outer", "Parallel Aware": false, "Startup Cost": 2863800.62, "Total Cost": 2863861.26, "Plan Rows": 24256, "Plan Width": 16, "Sort Key": ["orders.o_orderpriority"], "Plans": [{"Node Type": "Merge Join", "Parent Relationship": "Outer", "Parallel Aware": false, "Join Type": "Semi", "Startup Cost": 59.95, "Total Cost": 2862034.05, "Plan Rows": 24256, "Plan Width": 16, "Inner Unique": false, "Merge Cond": "(orders.o_orderkey = lineitem.l_orderkey)", "Plans": [{"Node Type": "Index Scan", "Parent Relationship": "Outer", "Parallel Aware": true, "Scan Direction": "Forward", "Index Name": "orders_pkey", "Relation Name": "orders", "Alias": "orders", "Startup Cost": 0.43, "Total Cost": 453729.58, "Plan Rows": 183457, "Plan Width": 20, "Filter": "((o_orderdate >= '1995-04-01'::date) AND (o_orderdate < '1995-07-01 00:00:00'::timestamp without time zone))"}, {"Node Type": "Index Scan", "Parent Relationship": "Inner", "Parallel Aware": false, "Scan Direction": "Forward", "Index Name": "idx_lineitem_orderkey", "Relation Name": "lineitem", "Alias": "lineitem", "Startup Cost": 0.56, "Total Cost": 2355412.05, "Plan Rows": 19995259, "Plan Width": 4, "Filter": "(l_commitdate < l_receiptdate)"}]}]}]}]}]}]}}, {"Plan": {"Node Type": "Limit", "Parallel Aware": false, "Startup Cost": 414532.88, "Total Cost": 414569.65, "Plan Rows": 1, "Plan Width": 24, "Plans": [{"Node Type": "Aggregate", "Strategy": "Sorted", "Partial Mode": "Finalize", "Parent Relationship": "Outer", "Parallel Aware": false, "Startup Cost": 414532.88, "Total Cost": 414716.74, "Plan Rows": 5, "Plan Width": 24, "Group Key": ["orders.o_orderpriority"], "Plans": [{"Node Type": "Gather Merge", "Parent Relationship": "Outer", "Parallel Aware": false, "Startup Cost": 414532.88, "Total Cost": 414716.61, "Plan Rows": 15, "Plan Width": 24, "Workers Planned": 3, "Plans": [{"Node Type": "Aggregate", "Strategy": "Sorted", "Partial Mode": "Partial", "Parent Relationship": "Outer", "Parallel Aware": false, "Startup Cost": 413532.84, "Total Cost": 413714.81, "Plan Rows": 5, "Plan Width": 24, "Group Key": ["orders.o_orderpriority"], "Plans": [{"Node Type": "Sort", "Parent Relationship": "Outer", "Parallel Aware": false, "Startup Cost": 413532.84, "Total Cost": 413593.48, "Plan Rows": 24256, "Plan Width": 16, "Sort Key": ["orders.o_orderpriority"], "Plans": [{"Node Type": "Nested Loop", "Parent Relationship": "Outer", "Parallel Aware": false, "Join Type": "Semi", "Startup Cost": 7548.55, "Total Cost": 411766.27, "Plan Rows": 24256, "Plan Width": 16, "Inner Unique": false, "Plans": [{"Node Type": "Bitmap Heap Scan", "Parent Relationship": "Outer", "Parallel Aware": true, "Relation Name": "orders", "Alias": "orders", "Startup Cost": 7547.98, "Total Cost": 271211.84, "Plan Rows": 183457, "Plan Width": 20, "Recheck Cond": "((o_orderdate >= '1995-04-01'::date) AND (o_orderdate < '1995-07-01 00:00:00'::timestamp without time zone))", "Plans": [{"Node Type": "Bitmap Index Scan", "Parent Relationship": "Outer", "Parallel Aware": false, "Index Name": "idx_orders_orderdate", "Startup Cost": 0.0, "Total Cost": 7405.81, "Plan Rows": 568717, "Plan Width": 0, "Index Cond": "((o_orderdate >= '1995-04-01'::date) AND (o_orderdate < '1995-07-01 00:00:00'::timestamp without time zone))"}]}, {"Node Type": "Index Scan", "Parent Relationship": "Inner", "Parallel Aware": false, "Scan Direction": "Forward", "Index Name": "idx_lineitem_orderkey", "Relation Name": "lineitem", "Alias": "lineitem", "Startup Cost": 0.56, "Total Cost": 2.36, "Plan Rows": 10, "Plan Width": 4, "Index Cond": "(l_orderkey = orders.o_orderkey)", "Filter": "(l_commitdate < l_receiptdate)"}]}]}]}]}]}]}}, {"Plan": {"Node Type": "Limit", "Parallel Aware": false, "Startup Cost": 414532.88, "Total Cost": 414569.65, "Plan Rows": 1, "Plan Width": 24, "Plans": [{"Node Type": "Aggregate", "Strategy": "Sorted", "Partial Mode": "Finalize", "Parent Relationship": "Outer", "Parallel Aware": false, "Startup Cost": 414532.88, "Total Cost": 414716.74, "Plan Rows": 5, "Plan Width": 24, "Group Key": ["orders.o_orderpriority"], "Plans": [{"Node Type": "Gather Merge", "Parent Relationship": "Outer", "Parallel Aware": false, "Startup Cost": 414532.88, "Total Cost": 414716.61, "Plan Rows": 15, "Plan Width": 24, "Workers Planned": 3, "Plans": [{"Node Type": "Aggregate", "Strategy": "Sorted", "Partial Mode": "Partial", "Parent Relationship": "Outer", "Parallel Aware": false, "Startup Cost": 413532.84, "Total Cost": 413714.81, "Plan Rows": 5, "Plan Width": 24, "Group Key": ["orders.o_orderpriority"], "Plans": [{"Node Type": "Sort", "Parent Relationship": "Outer", "Parallel Aware": false, "Startup Cost": 413532.84, "Total Cost": 413593.48, "Plan Rows": 24256, "Plan Width": 16, "Sort Key": ["orders.o_orderpriority"], "Plans": [{"Node Type": "Nested Loop", "Parent Relationship": "Outer", "Parallel Aware": false, "Join Type": "Semi", "Startup Cost": 7548.55, "Total Cost": 411766.27, "Plan Rows": 24256, "Plan Width": 16, "Inner Unique": false, "Plans": [{"Node Type": "Bitmap Heap Scan", "Parent Relationship": "Outer", "Parallel Aware": true, "Relation Name": "orders", "Alias": "orders", "Startup Cost": 7547.98, "Total Cost": 271211.84, "Plan Rows": 183457, "Plan Width": 20, "Recheck Cond": "((o_orderdate >= '1995-04-01'::date) AND (o_orderdate < '1995-07-01 00:00:00'::timestamp without time zone))", "Plans": [{"Node Type": "Bitmap Index Scan", "Parent Relationship": "Outer", "Parallel Aware": false, "Index Name": "idx_orders_orderdate", "Startup Cost": 0.0, "Total Cost": 7405.81, "Plan Rows": 568717, "Plan Width": 0, "Index Cond": "((o_orderdate >= '1995-04-01'::date) AND (o_orderdate < '1995-07-01 00:00:00'::timestamp without time zone))"}]}, {"Node Type": "Index Scan", "Parent Relationship": "Inner", "Parallel Aware": false, "Scan Direction": "Forward", "Index Name": "idx_lineitem_orderkey", "Relation Name": "lineitem", "Alias": "lineitem", "Startup Cost": 0.56, "Total Cost": 2.36, "Plan Rows": 10, "Plan Width": 4, "Index Cond": "(l_orderkey = orders.o_orderkey)", "Filter": "(l_commitdate < l_receiptdate)"}]}]}]}]}]}]}}, {"Plan": {"Node Type": "Limit", "Parallel Aware": false, "Startup Cost": 531952.56, "Total Cost": 531989.33, "Plan Rows": 1, "Plan Width": 24, "Plans": [{"Node Type": "Aggregate", "Strategy": "Sorted", "Partial Mode": "Finalize", "Parent Relationship": "Outer", "Parallel Aware": false, "Startup Cost": 531952.56, "Total Cost": 532136.42, "Plan Rows": 5, "Plan Width": 24, "Group Key": ["orders.o_orderpriority"], "Plans": [{"Node Type": "Gather Merge", "Parent Relationship": "Outer", "Parallel Aware": false, "Startup Cost": 531952.56, "Total Cost": 532136.29, "Plan Rows": 15, "Plan Width": 24, "Workers Planned": 3, "Plans": [{"Node Type": "Aggregate", "Strategy": "Sorted", "Partial Mode": "Partial", "Parent Relationship": "Outer", "Parallel Aware": false, "Startup Cost": 530952.52, "Total Cost": 531134.49, "Plan Rows": 5, "Plan Width": 24, "Group Key": ["orders.o_orderpriority"], "Plans": [{"Node Type": "Sort", "Parent Relationship": "Outer", "Parallel Aware": false, "Startup Cost": 530952.52, "Total Cost": 531013.16, "Plan Rows": 24256, "Plan Width": 16, "Sort Key": ["orders.o_orderpriority"], "Plans": [{"Node Type": "Nested Loop", "Parent Relationship": "Outer", "Parallel Aware": false, "Join Type": "Semi", "Startup Cost": 7549.09, "Total Cost": 529185.95, "Plan Rows": 24256, "Plan Width": 16, "Inner Unique": false, "Plans": [{"Node Type": "Bitmap Heap Scan", "Parent Relationship": "Outer", "Parallel Aware": true, "Relation Name": "orders", "Alias": "orders", "Startup Cost": 7547.98, "Total Cost": 271211.84, "Plan Rows": 183457, "Plan Width": 20, "Recheck Cond": "((o_orderdate >= '1995-04-01'::date) AND (o_orderdate < '1995-07-01 00:00:00'::timestamp without time zone))", "Plans": [{"Node Type": "Bitmap Index Scan", "Parent Relationship": "Outer", "Parallel Aware": false, "Index Name": "idx_orders_orderdate", "Startup Cost": 0.0, "Total Cost": 7405.81, "Plan Rows": 568717, "Plan Width": 0, "Index Cond": "((o_orderdate >= '1995-04-01'::date) AND (o_orderdate < '1995-07-01 00:00:00'::timestamp without time zone))"}]}, {"Node Type": "Bitmap Heap Scan", "Parent Relationship": "Inner", "Parallel Aware": false, "Relation Name": "lineitem", "Alias": "lineitem", "Startup Cost": 1.11, "Total Cost": 3.76, "Plan Rows": 10, "Plan Width": 4, "Recheck Cond": "(l_orderkey = orders.o_orderkey)", "Filter": "(l_commitdate < l_receiptdate)", "Plans": [{"Node Type": "Bitmap Index Scan", "Parent Relationship": "Outer", "Parallel Aware": false, "Index Name": "lineitem_pkey", "Startup Cost": 0.0, "Total Cost": 1.11, "Plan Rows": 30, "Plan Width": 0, "Index Cond": "(l_orderkey = orders.o_orderkey)"}]}]}]}]}]}]}]}}, {"Plan": {"Node Type": "Limit", "Parallel Aware": false, "Startup Cost": 4852580.57, "Total Cost": 4852617.34, "Plan Rows": 1, "Plan Width": 24, "Plans": [{"Node Type": "Aggregate", "Strategy": "Sorted", "Partial Mode": "Finalize", "Parent Relationship": "Outer", "Parallel Aware": false, "Startup Cost": 4852580.57, "Total Cost": 4852764.43, "Plan Rows": 5, "Plan Width": 24, "Group Key": ["orders.o_orderpriority"], "Plans": [{"Node Type": "Gather Merge", "Parent Relationship": "Outer", "Parallel Aware": false, "Startup Cost": 4852580.57, "Total Cost": 4852764.3, "Plan Rows": 15, "Plan Width": 24, "Workers Planned": 3, "Plans": [{"Node Type": "Aggregate", "Strategy": "Sorted", "Partial Mode": "Partial", "Parent Relationship": "Outer", "Parallel Aware": false, "Startup Cost": 4851580.53, "Total Cost": 4851762.5, "Plan Rows": 5, "Plan Width": 24, "Group Key": ["orders.o_orderpriority"], "Plans": [{"Node Type": "Sort", "Parent Relationship": "Outer", "Parallel Aware": false, "Startup Cost": 4851580.53, "Total Cost": 4851641.17, "Plan Rows": 24256, "Plan Width": 16, "Sort Key": ["orders.o_orderpriority"], "Plans": [{"Node Type": "Merge Join", "Parent Relationship": "Outer", "Parallel Aware": false, "Join Type": "Semi", "Startup Cost": 4746477.19, "Total Cost": 4849813.96, "Plan Rows": 24256, "Plan Width": 16, "Inner Unique": false, "Merge Cond": "(orders.o_orderkey = lineitem.l_orderkey)", "Plans": [{"Node Type": "Sort", "Parent Relationship": "Outer", "Parallel Aware": false, "Startup Cost": 287250.64, "Total Cost": 287709.29, "Plan Rows": 183457, "Plan Width": 20, "Sort Key": ["orders.o_orderkey"], "Plans": [{"Node Type": "Bitmap Heap Scan", "Parent Relationship": "Outer", "Parallel Aware": true, "Relation Name": "orders", "Alias": "orders", "Startup Cost": 7547.98, "Total Cost": 271211.84, "Plan Rows": 183457, "Plan Width": 20, "Recheck Cond": "((o_orderdate >= '1995-04-01'::date) AND (o_orderdate < '1995-07-01 00:00:00'::timestamp without time zone))", "Plans": [{"Node Type": "Bitmap Index Scan", "Parent Relationship": "Outer", "Parallel Aware": false, "Index Name": "idx_orders_orderdate", "Startup Cost": 0.0, "Total Cost": 7405.81, "Plan Rows": 568717, "Plan Width": 0, "Index Cond": "((o_orderdate >= '1995-04-01'::date) AND (o_orderdate < '1995-07-01 00:00:00'::timestamp without time zone))"}]}]}, {"Node Type": "Sort", "Parent Relationship": "Inner", "Parallel Aware": false, "Startup Cost": 4459224.09, "Total Cost": 4509212.24, "Plan Rows": 19995259, "Plan Width": 4, "Sort Key": ["lineitem.l_orderkey"], "Plans": [{"Node Type": "Seq Scan", "Parent Relationship": "Outer", "Parallel Aware": false, "Relation Name": "lineitem", "Alias": "lineitem", "Startup Cost": 0.0, "Total Cost": 1874364.2, "Plan Rows": 19995259, "Plan Width": 4, "Filter": "(l_commitdate < l_receiptdate)"}]}]}]}]}]}]}]}}, {"Plan": {"Node Type": "Limit", "Parallel Aware": false, "Startup Cost": 531952.56, "Total Cost": 531989.33, "Plan Rows": 1, "Plan Width": 24, "Plans": [{"Node Type": "Aggregate", "Strategy": "Sorted", "Partial Mode": "Finalize", "Parent Relationship": "Outer", "Parallel Aware": false, "Startup Cost": 531952.56, "Total Cost": 532136.42, "Plan Rows": 5, "Plan Width": 24, "Group Key": ["orders.o_orderpriority"], "Plans": [{"Node Type": "Gather Merge", "Parent Relationship": "Outer", "Parallel Aware": false, "Startup Cost": 531952.56, "Total Cost": 532136.29, "Plan Rows": 15, "Plan Width": 24, "Workers Planned": 3, "Plans": [{"Node Type": "Aggregate", "Strategy": "Sorted", "Partial Mode": "Partial", "Parent Relationship": "Outer", "Parallel Aware": false, "Startup Cost": 530952.52, "Total Cost": 531134.49, "Plan Rows": 5, "Plan Width": 24, "Group Key": ["orders.o_orderpriority"], "Plans": [{"Node Type": "Sort", "Parent Relationship": "Outer", "Parallel Aware": false, "Startup Cost": 530952.52, "Total Cost": 531013.16, "Plan Rows": 24256, "Plan Width": 16, "Sort Key": ["orders.o_orderpriority"], "Plans": [{"Node Type": "Nested Loop", "Parent Relationship": "Outer", "Parallel Aware": false, "Join Type": "Semi", "Startup Cost": 7549.09, "Total Cost": 529185.95, "Plan Rows": 24256, "Plan Width": 16, "Inner Unique": false, "Plans": [{"Node Type": "Bitmap Heap Scan", "Parent Relationship": "Outer", "Parallel Aware": true, "Relation Name": "orders", "Alias": "orders", "Startup Cost": 7547.98, "Total Cost": 271211.84, "Plan Rows": 183457, "Plan Width": 20, "Recheck Cond": "((o_orderdate >= '1995-04-01'::date) AND (o_orderdate < '1995-07-01 00:00:00'::timestamp without time zone))", "Plans": [{"Node Type": "Bitmap Index Scan", "Parent Relationship": "Outer", "Parallel Aware": false, "Index Name": "idx_orders_orderdate", "Startup Cost": 0.0, "Total Cost": 7405.81, "Plan Rows": 568717, "Plan Width": 0, "Index Cond": "((o_orderdate >= '1995-04-01'::date) AND (o_orderdate < '1995-07-01 00:00:00'::timestamp without time zone))"}]}, {"Node Type": "Bitmap Heap Scan", "Parent Relationship": "Inner", "Parallel Aware": false, "Relation Name": "lineitem", "Alias": "lineitem", "Startup Cost": 1.11, "Total Cost": 3.76, "Plan Rows": 10, "Plan Width": 4, "Recheck Cond": "(l_orderkey = orders.o_orderkey)", "Filter": "(l_commitdate < l_receiptdate)", "Plans": [{"Node Type": "Bitmap Index Scan", "Parent Relationship": "Outer", "Parallel Aware": false, "Index Name": "lineitem_pkey", "Startup Cost": 0.0, "Total Cost": 1.11, "Plan Rows": 30, "Plan Width": 0, "Index Cond": "(l_orderkey = orders.o_orderkey)"}]}]}]}]}]}]}]}}, {"Plan": {"Node Type": "Limit", "Parallel Aware": false, "Startup Cost": 414532.88, "Total Cost": 414569.65, "Plan Rows": 1, "Plan Width": 24, "Plans": [{"Node Type": "Aggregate", "Strategy": "Sorted", "Partial Mode": "Finalize", "Parent Relationship": "Outer", "Parallel Aware": false, "Startup Cost": 414532.88, "Total Cost": 414716.74, "Plan Rows": 5, "Plan Width": 24, "Group Key": ["orders.o_orderpriority"], "Plans": [{"Node Type": "Gather Merge", "Parent Relationship": "Outer", "Parallel Aware": false, "Startup Cost": 414532.88, "Total Cost": 414716.61, "Plan Rows": 15, "Plan Width": 24, "Workers Planned": 3, "Plans": [{"Node Type": "Aggregate", "Strategy": "Sorted", "Partial Mode": "Partial", "Parent Relationship": "Outer", "Parallel Aware": false, "Startup Cost": 413532.84, "Total Cost": 413714.81, "Plan Rows": 5, "Plan Width": 24, "Group Key": ["orders.o_orderpriority"], "Plans": [{"Node Type": "Sort", "Parent Relationship": "Outer", "Parallel Aware": false, "Startup Cost": 413532.84, "Total Cost": 413593.48, "Plan Rows": 24256, "Plan Width": 16, "Sort Key": ["orders.o_orderpriority"], "Plans": [{"Node Type": "Nested Loop", "Parent Relationship": "Outer", "Parallel Aware": false, "Join Type": "Semi", "Startup Cost": 7548.55, "Total Cost": 411766.27, "Plan Rows": 24256, "Plan Width": 16, "Inner Unique": false, "Plans": [{"Node Type": "Bitmap Heap Scan", "Parent Relationship": "Outer", "Parallel Aware": true, "Relation Name": "orders", "Alias": "orders", "Startup Cost": 7547.98, "Total Cost": 271211.84, "Plan Rows": 183457, "Plan Width": 20, "Recheck Cond": "((o_orderdate >= '1995-04-01'::date) AND (o_orderdate < '1995-07-01 00:00:00'::timestamp without time zone))", "Plans": [{"Node Type": "Bitmap Index Scan", "Parent Relationship": "Outer", "Parallel Aware": false, "Index Name": "idx_orders_orderdate", "Startup Cost": 0.0, "Total Cost": 7405.81, "Plan Rows": 568717, "Plan Width": 0, "Index Cond": "((o_orderdate >= '1995-04-01'::date) AND (o_orderdate < '1995-07-01 00:00:00'::timestamp without time zone))"}]}, {"Node Type": "Index Scan", "Parent Relationship": "Inner", "Parallel Aware": false, "Scan Direction": "Forward", "Index Name": "idx_lineitem_orderkey", "Relation Name": "lineitem", "Alias": "lineitem", "Startup Cost": 0.56, "Total Cost": 2.36, "Plan Rows": 10, "Plan Width": 4, "Index Cond": "(l_orderkey = orders.o_orderkey)", "Filter": "(l_commitdate < l_receiptdate)"}]}]}]}]}]}]}}]