[{"Plan": {"Node Type": "Limit", "Parallel Aware": false, "Startup Cost": 10001090682.5, "Total Cost": 10001090796.69, "Plan Rows": 1, "Plan Width": 24, "Plans": [{"Node Type": "Aggregate", "Strategy": "Sorted", "Partial Mode": "Simple", "Parent Relationship": "Outer", "Parallel Aware": false, "Startup Cost": 10001090682.5, "Total Cost": 10001091253.45, "Plan Rows": 5, "Plan Width": 24, "Group Key": ["orders.o_orderpriority"], "Plans": [{"Node Type": "Sort", "Parent Relationship": "Outer", "Parallel Aware": false, "Startup Cost": 10001090682.5, "Total Cost": 10001090872.8, "Plan Rows": 76119, "Plan Width": 16, "Sort Key": ["orders.o_orderpriority"], "Plans": [{"Node Type": "Nested Loop", "Parent Relationship": "Outer", "Parallel Aware": false, "Join Type": "Semi", "Startup Cost": 10000007641.61, "Total Cost": 10001084510.79, "Plan Rows": 76119, "Plan Width": 16, "Inner Unique": false, "Plans": [{"Node Type": "Bitmap Heap Scan", "Parent Relationship": "Outer", "Parallel Aware": false, "Relation Name": "orders", "Alias": "orders", "Startup Cost": 7640.5, "Total Cost": 277188.06, "Plan Rows": 575704, "Plan Width": 20, "Recheck Cond": "((o_orderdate >= '1993-01-01'::date) AND (o_orderdate < '1993-04-01 00:00:00'::timestamp without time zone))", "Plans": [{"Node Type": "Bitmap Index Scan", "Parent Relationship": "Outer", "Parallel Aware": false, "Index Name": "idx_orders_orderdate", "Startup Cost": 0.0, "Total Cost": 7496.58, "Plan Rows": 575704, "Plan Width": 0, "Index Cond": "((o_orderdate >= '1993-01-01'::date) AND (o_orderdate < '1993-04-01 00:00:00'::timestamp without time zone))"}]}, {"Node Type": "Bitmap Heap Scan", "Parent Relationship": "Inner", "Parallel Aware": false, "Relation Name": "lineitem", "Alias": "lineitem", "Startup Cost": 1.11, "Total Cost": 3.76, "Plan Rows": 10, "Plan Width": 4, "Recheck Cond": "(l_orderkey = orders.o_orderkey)", "Filter": "(l_commitdate < l_receiptdate)", "Plans": [{"Node Type": "Bitmap Index Scan", "Parent Relationship": "Outer", "Parallel Aware": false, "Index Name": "lineitem_pkey", "Startup Cost": 0.0, "Total Cost": 1.1, "Plan Rows": 30, "Plan Width": 0, "Index Cond": "(l_orderkey = orders.o_orderkey)"}]}]}]}]}]}}, {"Plan": {"Node Type": "Limit", "Parallel Aware": false, "Startup Cost": 2255584.09, "Total Cost": 2255621.31, "Plan Rows": 1, "Plan Width": 24, "Plans": [{"Node Type": "Aggregate", "Strategy": "Sorted", "Partial Mode": "Finalize", "Parent Relationship": "Outer", "Parallel Aware": false, "Startup Cost": 2255584.09, "Total Cost": 2255770.19, "Plan Rows": 5, "Plan Width": 24, "Group Key": ["orders.o_orderpriority"], "Plans": [{"Node Type": "Gather Merge", "Parent Relationship": "Outer", "Parallel Aware": false, "Startup Cost": 2255584.09, "Total Cost": 2255770.07, "Plan Rows": 15, "Plan Width": 24, "Workers Planned": 3, "Plans": [{"Node Type": "Aggregate", "Strategy": "Sorted", "Partial Mode": "Partial", "Parent Relationship": "Outer", "Parallel Aware": false, "Startup Cost": 2254584.05, "Total Cost": 2254768.27, "Plan Rows": 5, "Plan Width": 24, "Group Key": ["orders.o_orderpriority"], "Plans": [{"Node Type": "Sort", "Parent Relationship": "Outer", "Parallel Aware": false, "Startup Cost": 2254584.05, "Total Cost": 2254645.44, "Plan Rows": 24555, "Plan Width": 16, "Sort Key": ["orders.o_orderpriority"], "Plans": [{"Node Type": "Hash Join", "Parent Relationship": "Outer", "Parallel Aware": true, "Join Type": "Semi", "Startup Cost": 1960930.53, "Total Cost": 2252793.54, "Plan Rows": 24555, "Plan Width": 16, "Inner Unique": false, "Hash Cond": "(orders.o_orderkey = lineitem.l_orderkey)", "Plans": [{"Node Type": "Bitmap Heap Scan", "Parent Relationship": "Outer", "Parallel Aware": true, "Relation Name": "orders", "Alias": "orders", "Startup Cost": 7640.5, "Total Cost": 271338.17, "Plan Rows": 185711, "Plan Width": 20, "Recheck Cond": "((o_orderdate >= '1993-01-01'::date) AND (o_orderdate < '1993-04-01 00:00:00'::timestamp without time zone))", "Plans": [{"Node Type": "Bitmap Index Scan", "Parent Relationship": "Outer", "Parallel Aware": false, "Index Name": "idx_orders_orderdate", "Startup Cost": 0.0, "Total Cost": 7496.58, "Plan Rows": 575704, "Plan Width": 0, "Index Cond": "((o_orderdate >= '1993-01-01'::date) AND (o_orderdate < '1993-04-01 00:00:00'::timestamp without time zone))"}]}, {"Node Type": "Hash", "Parent Relationship": "Inner", "Parallel Aware": true, "Startup Cost": 1847467.97, "Total Cost": 1847467.97, "Plan Rows": 6450084, "Plan Width": 4, "Plans": [{"Node Type": "Index Scan", "Parent Relationship": "Outer", "Parallel Aware": true, "Scan Direction": "Forward", "Index Name": "idx_lineitem_orderkey", "Relation Name": "lineitem", "Alias": "lineitem", "Startup Cost": 0.56, "Total Cost": 1847467.97, "Plan Rows": 6450084, "Plan Width": 4, "Filter": "(l_commitdate < l_receiptdate)"}]}]}]}]}]}]}]}}, {"Plan": {"Node Type": "Limit", "Parallel Aware": false, "Startup Cost": 2255584.09, "Total Cost": 2255621.31, "Plan Rows": 1, "Plan Width": 24, "Plans": [{"Node Type": "Aggregate", "Strategy": "Sorted", "Partial Mode": "Finalize", "Parent Relationship": "Outer", "Parallel Aware": false, "Startup Cost": 2255584.09, "Total Cost": 2255770.19, "Plan Rows": 5, "Plan Width": 24, "Group Key": ["orders.o_orderpriority"], "Plans": [{"Node Type": "Gather Merge", "Parent Relationship": "Outer", "Parallel Aware": false, "Startup Cost": 2255584.09, "Total Cost": 2255770.07, "Plan Rows": 15, "Plan Width": 24, "Workers Planned": 3, "Plans": [{"Node Type": "Aggregate", "Strategy": "Sorted", "Partial Mode": "Partial", "Parent Relationship": "Outer", "Parallel Aware": false, "Startup Cost": 2254584.05, "Total Cost": 2254768.27, "Plan Rows": 5, "Plan Width": 24, "Group Key": ["orders.o_orderpriority"], "Plans": [{"Node Type": "Sort", "Parent Relationship": "Outer", "Parallel Aware": false, "Startup Cost": 2254584.05, "Total Cost": 2254645.44, "Plan Rows": 24555, "Plan Width": 16, "Sort Key": ["orders.o_orderpriority"], "Plans": [{"Node Type": "Hash Join", "Parent Relationship": "Outer", "Parallel Aware": true, "Join Type": "Semi", "Startup Cost": 1960930.53, "Total Cost": 2252793.54, "Plan Rows": 24555, "Plan Width": 16, "Inner Unique": false, "Hash Cond": "(orders.o_orderkey = lineitem.l_orderkey)", "Plans": [{"Node Type": "Bitmap Heap Scan", "Parent Relationship": "Outer", "Parallel Aware": true, "Relation Name": "orders", "Alias": "orders", "Startup Cost": 7640.5, "Total Cost": 271338.17, "Plan Rows": 185711, "Plan Width": 20, "Recheck Cond": "((o_orderdate >= '1993-01-01'::date) AND (o_orderdate < '1993-04-01 00:00:00'::timestamp without time zone))", "Plans": [{"Node Type": "Bitmap Index Scan", "Parent Relationship": "Outer", "Parallel Aware": false, "Index Name": "idx_orders_orderdate", "Startup Cost": 0.0, "Total Cost": 7496.58, "Plan Rows": 575704, "Plan Width": 0, "Index Cond": "((o_orderdate >= '1993-01-01'::date) AND (o_orderdate < '1993-04-01 00:00:00'::timestamp without time zone))"}]}, {"Node Type": "Hash", "Parent Relationship": "Inner", "Parallel Aware": true, "Startup Cost": 1847467.97, "Total Cost": 1847467.97, "Plan Rows": 6450084, "Plan Width": 4, "Plans": [{"Node Type": "Index Scan", "Parent Relationship": "Outer", "Parallel Aware": true, "Scan Direction": "Forward", "Index Name": "idx_lineitem_orderkey", "Relation Name": "lineitem", "Alias": "lineitem", "Startup Cost": 0.56, "Total Cost": 1847467.97, "Plan Rows": 6450084, "Plan Width": 4, "Filter": "(l_commitdate < l_receiptdate)"}]}]}]}]}]}]}]}}, {"Plan": {"Node Type": "Limit", "Parallel Aware": false, "Startup Cost": 416286.03, "Total Cost": 416323.25, "Plan Rows": 1, "Plan Width": 24, "Plans": [{"Node Type": "Aggregate", "Strategy": "Sorted", "Partial Mode": "Finalize", "Parent Relationship": "Outer", "Parallel Aware": false, "Startup Cost": 416286.03, "Total Cost": 416472.13, "Plan Rows": 5, "Plan Width": 24, "Group Key": ["orders.o_orderpriority"], "Plans": [{"Node Type": "Gather Merge", "Parent Relationship": "Outer", "Parallel Aware": false, "Startup Cost": 416286.03, "Total Cost": 416472.01, "Plan Rows": 15, "Plan Width": 24, "Workers Planned": 3, "Plans": [{"Node Type": "Aggregate", "Strategy": "Sorted", "Partial Mode": "Partial", "Parent Relationship": "Outer", "Parallel Aware": false, "Startup Cost": 415285.99, "Total Cost": 415470.2, "Plan Rows": 5, "Plan Width": 24, "Group Key": ["orders.o_orderpriority"], "Plans": [{"Node Type": "Sort", "Parent Relationship": "Outer", "Parallel Aware": false, "Startup Cost": 415285.99, "Total Cost": 415347.38, "Plan Rows": 24555, "Plan Width": 16, "Sort Key": ["orders.o_orderpriority"], "Plans": [{"Node Type": "Nested Loop", "Parent Relationship": "Outer", "Parallel Aware": false, "Join Type": "Semi", "Startup Cost": 7641.07, "Total Cost": 413495.47, "Plan Rows": 24555, "Plan Width": 16, "Inner Unique": false, "Plans": [{"Node Type": "Bitmap Heap Scan", "Parent Relationship": "Outer", "Parallel Aware": true, "Relation Name": "orders", "Alias": "orders", "Startup Cost": 7640.5, "Total Cost": 271338.17, "Plan Rows": 185711, "Plan Width": 20, "Recheck Cond": "((o_orderdate >= '1993-01-01'::date) AND (o_orderdate < '1993-04-01 00:00:00'::timestamp without time zone))", "Plans": [{"Node Type": "Bitmap Index Scan", "Parent Relationship": "Outer", "Parallel Aware": false, "Index Name": "idx_orders_orderdate", "Startup Cost": 0.0, "Total Cost": 7496.58, "Plan Rows": 575704, "Plan Width": 0, "Index Cond": "((o_orderdate >= '1993-01-01'::date) AND (o_orderdate < '1993-04-01 00:00:00'::timestamp without time zone))"}]}, {"Node Type": "Index Scan", "Parent Relationship": "Inner", "Parallel Aware": false, "Scan Direction": "Forward", "Index Name": "idx_lineitem_orderkey", "Relation Name": "lineitem", "Alias": "lineitem", "Startup Cost": 0.56, "Total Cost": 2.36, "Plan Rows": 10, "Plan Width": 4, "Index Cond": "(l_orderkey = orders.o_orderkey)", "Filter": "(l_commitdate < l_receiptdate)"}]}]}]}]}]}]}}, {"Plan": {"Node Type": "Limit", "Parallel Aware": false, "Startup Cost": 1774536.25, "Total Cost": 1774573.47, "Plan Rows": 1, "Plan Width": 24, "Plans": [{"Node Type": "Aggregate", "Strategy": "Sorted", "Partial Mode": "Finalize", "Parent Relationship": "Outer", "Parallel Aware": false, "Startup Cost": 1774536.25, "Total Cost": 1774722.35, "Plan Rows": 5, "Plan Width": 24, "Group Key": ["orders.o_orderpriority"], "Plans": [{"Node Type": "Gather Merge", "Parent Relationship": "Outer", "Parallel Aware": false, "Startup Cost": 1774536.25, "Total Cost": 1774722.22, "Plan Rows": 15, "Plan Width": 24, "Workers Planned": 3, "Plans": [{"Node Type": "Aggregate", "Strategy": "Sorted", "Partial Mode": "Partial", "Parent Relationship": "Outer", "Parallel Aware": false, "Startup Cost": 1773536.21, "Total Cost": 1773720.42, "Plan Rows": 5, "Plan Width": 24, "Group Key": ["orders.o_orderpriority"], "Plans": [{"Node Type": "Sort", "Parent Relationship": "Outer", "Parallel Aware": false, "Startup Cost": 1773536.21, "Total Cost": 1773597.6, "Plan Rows": 24555, "Plan Width": 16, "Sort Key": ["orders.o_orderpriority"], "Plans": [{"Node Type": "Hash Join", "Parent Relationship": "Outer", "Parallel Aware": true, "Join Type": "Semi", "Startup Cost": 1479882.68, "Total Cost": 1771745.69, "Plan Rows": 24555, "Plan Width": 16, "Inner Unique": false, "Hash Cond": "(orders.o_orderkey = lineitem.l_orderkey)", "Plans": [{"Node Type": "Bitmap Heap Scan", "Parent Relationship": "Outer", "Parallel Aware": true, "Relation Name": "orders", "Alias": "orders", "Startup Cost": 7640.5, "Total Cost": 271338.17, "Plan Rows": 185711, "Plan Width": 20, "Recheck Cond": "((o_orderdate >= '1993-01-01'::date) AND (o_orderdate < '1993-04-01 00:00:00'::timestamp without time zone))", "Plans": [{"Node Type": "Bitmap Index Scan", "Parent Relationship": "Outer", "Parallel Aware": false, "Index Name": "idx_orders_orderdate", "Startup Cost": 0.0, "Total Cost": 7496.58, "Plan Rows": 575704, "Plan Width": 0, "Index Cond": "((o_orderdate >= '1993-01-01'::date) AND (o_orderdate < '1993-04-01 00:00:00'::timestamp without time zone))"}]}, {"Node Type": "Hash", "Parent Relationship": "Inner", "Parallel Aware": true, "Startup Cost": 1366420.13, "Total Cost": 1366420.13, "Plan Rows": 6450084, "Plan Width": 4, "Plans": [{"Node Type": "Seq Scan", "Parent Relationship": "Outer", "Parallel Aware": true, "Relation Name": "lineitem", "Alias": "lineitem", "Startup Cost": 0.0, "Total Cost": 1366420.13, "Plan Rows": 6450084, "Plan Width": 4, "Filter": "(l_commitdate < l_receiptdate)"}]}]}]}]}]}]}]}}, {"Plan": {"Node Type": "Limit", "Parallel Aware": false, "Startup Cost": 416286.03, "Total Cost": 416323.25, "Plan Rows": 1, "Plan Width": 24, "Plans": [{"Node Type": "Aggregate", "Strategy": "Sorted", "Partial Mode": "Finalize", "Parent Relationship": "Outer", "Parallel Aware": false, "Startup Cost": 416286.03, "Total Cost": 416472.13, "Plan Rows": 5, "Plan Width": 24, "Group Key": ["orders.o_orderpriority"], "Plans": [{"Node Type": "Gather Merge", "Parent Relationship": "Outer", "Parallel Aware": false, "Startup Cost": 416286.03, "Total Cost": 416472.01, "Plan Rows": 15, "Plan Width": 24, "Workers Planned": 3, "Plans": [{"Node Type": "Aggregate", "Strategy": "Sorted", "Partial Mode": "Partial", "Parent Relationship": "Outer", "Parallel Aware": false, "Startup Cost": 415285.99, "Total Cost": 415470.2, "Plan Rows": 5, "Plan Width": 24, "Group Key": ["orders.o_orderpriority"], "Plans": [{"Node Type": "Sort", "Parent Relationship": "Outer", "Parallel Aware": false, "Startup Cost": 415285.99, "Total Cost": 415347.38, "Plan Rows": 24555, "Plan Width": 16, "Sort Key": ["orders.o_orderpriority"], "Plans": [{"Node Type": "Nested Loop", "Parent Relationship": "Outer", "Parallel Aware": false, "Join Type": "Semi", "Startup Cost": 7641.07, "Total Cost": 413495.47, "Plan Rows": 24555, "Plan Width": 16, "Inner Unique": false, "Plans": [{"Node Type": "Bitmap Heap Scan", "Parent Relationship": "Outer", "Parallel Aware": true, "Relation Name": "orders", "Alias": "orders", "Startup Cost": 7640.5, "Total Cost": 271338.17, "Plan Rows": 185711, "Plan Width": 20, "Recheck Cond": "((o_orderdate >= '1993-01-01'::date) AND (o_orderdate < '1993-04-01 00:00:00'::timestamp without time zone))", "Plans": [{"Node Type": "Bitmap Index Scan", "Parent Relationship": "Outer", "Parallel Aware": false, "Index Name": "idx_orders_orderdate", "Startup Cost": 0.0, "Total Cost": 7496.58, "Plan Rows": 575704, "Plan Width": 0, "Index Cond": "((o_orderdate >= '1993-01-01'::date) AND (o_orderdate < '1993-04-01 00:00:00'::timestamp without time zone))"}]}, {"Node Type": "Index Scan", "Parent Relationship": "Inner", "Parallel Aware": false, "Scan Direction": "Forward", "Index Name": "idx_lineitem_orderkey", "Relation Name": "lineitem", "Alias": "lineitem", "Startup Cost": 0.56, "Total Cost": 2.36, "Plan Rows": 10, "Plan Width": 4, "Index Cond": "(l_orderkey = orders.o_orderkey)", "Filter": "(l_commitdate < l_receiptdate)"}]}]}]}]}]}]}}, {"Plan": {"Node Type": "Limit", "Parallel Aware": false, "Startup Cost": 416286.03, "Total Cost": 416323.25, "Plan Rows": 1, "Plan Width": 24, "Plans": [{"Node Type": "Aggregate", "Strategy": "Sorted", "Partial Mode": "Finalize", "Parent Relationship": "Outer", "Parallel Aware": false, "Startup Cost": 416286.03, "Total Cost": 416472.13, "Plan Rows": 5, "Plan Width": 24, "Group Key": ["orders.o_orderpriority"], "Plans": [{"Node Type": "Gather Merge", "Parent Relationship": "Outer", "Parallel Aware": false, "Startup Cost": 416286.03, "Total Cost": 416472.01, "Plan Rows": 15, "Plan Width": 24, "Workers Planned": 3, "Plans": [{"Node Type": "Aggregate", "Strategy": "Sorted", "Partial Mode": "Partial", "Parent Relationship": "Outer", "Parallel Aware": false, "Startup Cost": 415285.99, "Total Cost": 415470.2, "Plan Rows": 5, "Plan Width": 24, "Group Key": ["orders.o_orderpriority"], "Plans": [{"Node Type": "Sort", "Parent Relationship": "Outer", "Parallel Aware": false, "Startup Cost": 415285.99, "Total Cost": 415347.38, "Plan Rows": 24555, "Plan Width": 16, "Sort Key": ["orders.o_orderpriority"], "Plans": [{"Node Type": "Nested Loop", "Parent Relationship": "Outer", "Parallel Aware": false, "Join Type": "Semi", "Startup Cost": 7641.07, "Total Cost": 413495.47, "Plan Rows": 24555, "Plan Width": 16, "Inner Unique": false, "Plans": [{"Node Type": "Bitmap Heap Scan", "Parent Relationship": "Outer", "Parallel Aware": true, "Relation Name": "orders", "Alias": "orders", "Startup Cost": 7640.5, "Total Cost": 271338.17, "Plan Rows": 185711, "Plan Width": 20, "Recheck Cond": "((o_orderdate >= '1993-01-01'::date) AND (o_orderdate < '1993-04-01 00:00:00'::timestamp without time zone))", "Plans": [{"Node Type": "Bitmap Index Scan", "Parent Relationship": "Outer", "Parallel Aware": false, "Index Name": "idx_orders_orderdate", "Startup Cost": 0.0, "Total Cost": 7496.58, "Plan Rows": 575704, "Plan Width": 0, "Index Cond": "((o_orderdate >= '1993-01-01'::date) AND (o_orderdate < '1993-04-01 00:00:00'::timestamp without time zone))"}]}, {"Node Type": "Index Scan", "Parent Relationship": "Inner", "Parallel Aware": false, "Scan Direction": "Forward", "Index Name": "idx_lineitem_orderkey", "Relation Name": "lineitem", "Alias": "lineitem", "Startup Cost": 0.56, "Total Cost": 2.36, "Plan Rows": 10, "Plan Width": 4, "Index Cond": "(l_orderkey = orders.o_orderkey)", "Filter": "(l_commitdate < l_receiptdate)"}]}]}]}]}]}]}}, {"Plan": {"Node Type": "Limit", "Parallel Aware": false, "Startup Cost": 1774536.25, "Total Cost": 1774573.47, "Plan Rows": 1, "Plan Width": 24, "Plans": [{"Node Type": "Aggregate", "Strategy": "Sorted", "Partial Mode": "Finalize", "Parent Relationship": "Outer", "Parallel Aware": false, "Startup Cost": 1774536.25, "Total Cost": 1774722.35, "Plan Rows": 5, "Plan Width": 24, "Group Key": ["orders.o_orderpriority"], "Plans": [{"Node Type": "Gather Merge", "Parent Relationship": "Outer", "Parallel Aware": false, "Startup Cost": 1774536.25, "Total Cost": 1774722.22, "Plan Rows": 15, "Plan Width": 24, "Workers Planned": 3, "Plans": [{"Node Type": "Aggregate", "Strategy": "Sorted", "Partial Mode": "Partial", "Parent Relationship": "Outer", "Parallel Aware": false, "Startup Cost": 1773536.21, "Total Cost": 1773720.42, "Plan Rows": 5, "Plan Width": 24, "Group Key": ["orders.o_orderpriority"], "Plans": [{"Node Type": "Sort", "Parent Relationship": "Outer", "Parallel Aware": false, "Startup Cost": 1773536.21, "Total Cost": 1773597.6, "Plan Rows": 24555, "Plan Width": 16, "Sort Key": ["orders.o_orderpriority"], "Plans": [{"Node Type": "Hash Join", "Parent Relationship": "Outer", "Parallel Aware": true, "Join Type": "Semi", "Startup Cost": 1479882.68, "Total Cost": 1771745.69, "Plan Rows": 24555, "Plan Width": 16, "Inner Unique": false, "Hash Cond": "(orders.o_orderkey = lineitem.l_orderkey)", "Plans": [{"Node Type": "Bitmap Heap Scan", "Parent Relationship": "Outer", "Parallel Aware": true, "Relation Name": "orders", "Alias": "orders", "Startup Cost": 7640.5, "Total Cost": 271338.17, "Plan Rows": 185711, "Plan Width": 20, "Recheck Cond": "((o_orderdate >= '1993-01-01'::date) AND (o_orderdate < '1993-04-01 00:00:00'::timestamp without time zone))", "Plans": [{"Node Type": "Bitmap Index Scan", "Parent Relationship": "Outer", "Parallel Aware": false, "Index Name": "idx_orders_orderdate", "Startup Cost": 0.0, "Total Cost": 7496.58, "Plan Rows": 575704, "Plan Width": 0, "Index Cond": "((o_orderdate >= '1993-01-01'::date) AND (o_orderdate < '1993-04-01 00:00:00'::timestamp without time zone))"}]}, {"Node Type": "Hash", "Parent Relationship": "Inner", "Parallel Aware": true, "Startup Cost": 1366420.13, "Total Cost": 1366420.13, "Plan Rows": 6450084, "Plan Width": 4, "Plans": [{"Node Type": "Seq Scan", "Parent Relationship": "Outer", "Parallel Aware": true, "Relation Name": "lineitem", "Alias": "lineitem", "Startup Cost": 0.0, "Total Cost": 1366420.13, "Plan Rows": 6450084, "Plan Width": 4, "Filter": "(l_commitdate < l_receiptdate)"}]}]}]}]}]}]}]}}, {"Plan": {"Node Type": "Limit", "Parallel Aware": false, "Startup Cost": 10001090682.5, "Total Cost": 10001090796.69, "Plan Rows": 1, "Plan Width": 24, "Plans": [{"Node Type": "Aggregate", "Strategy": "Sorted", "Partial Mode": "Simple", "Parent Relationship": "Outer", "Parallel Aware": false, "Startup Cost": 10001090682.5, "Total Cost": 10001091253.45, "Plan Rows": 5, "Plan Width": 24, "Group Key": ["orders.o_orderpriority"], "Plans": [{"Node Type": "Sort", "Parent Relationship": "Outer", "Parallel Aware": false, "Startup Cost": 10001090682.5, "Total Cost": 10001090872.8, "Plan Rows": 76119, "Plan Width": 16, "Sort Key": ["orders.o_orderpriority"], "Plans": [{"Node Type": "Nested Loop", "Parent Relationship": "Outer", "Parallel Aware": false, "Join Type": "Semi", "Startup Cost": 10000007641.61, "Total Cost": 10001084510.79, "Plan Rows": 76119, "Plan Width": 16, "Inner Unique": false, "Plans": [{"Node Type": "Bitmap Heap Scan", "Parent Relationship": "Outer", "Parallel Aware": false, "Relation Name": "orders", "Alias": "orders", "Startup Cost": 7640.5, "Total Cost": 277188.06, "Plan Rows": 575704, "Plan Width": 20, "Recheck Cond": "((o_orderdate >= '1993-01-01'::date) AND (o_orderdate < '1993-04-01 00:00:00'::timestamp without time zone))", "Plans": [{"Node Type": "Bitmap Index Scan", "Parent Relationship": "Outer", "Parallel Aware": false, "Index Name": "idx_orders_orderdate", "Startup Cost": 0.0, "Total Cost": 7496.58, "Plan Rows": 575704, "Plan Width": 0, "Index Cond": "((o_orderdate >= '1993-01-01'::date) AND (o_orderdate < '1993-04-01 00:00:00'::timestamp without time zone))"}]}, {"Node Type": "Bitmap Heap Scan", "Parent Relationship": "Inner", "Parallel Aware": false, "Relation Name": "lineitem", "Alias": "lineitem", "Startup Cost": 1.11, "Total Cost": 3.76, "Plan Rows": 10, "Plan Width": 4, "Recheck Cond": "(l_orderkey = orders.o_orderkey)", "Filter": "(l_commitdate < l_receiptdate)", "Plans": [{"Node Type": "Bitmap Index Scan", "Parent Relationship": "Outer", "Parallel Aware": false, "Index Name": "lineitem_pkey", "Startup Cost": 0.0, "Total Cost": 1.1, "Plan Rows": 30, "Plan Width": 0, "Index Cond": "(l_orderkey = orders.o_orderkey)"}]}]}]}]}]}}, {"Plan": {"Node Type": "Limit", "Parallel Aware": false, "Startup Cost": 534555.33, "Total Cost": 534592.55, "Plan Rows": 1, "Plan Width": 24, "Plans": [{"Node Type": "Aggregate", "Strategy": "Sorted", "Partial Mode": "Finalize", "Parent Relationship": "Outer", "Parallel Aware": false, "Startup Cost": 534555.33, "Total Cost": 534741.43, "Plan Rows": 5, "Plan Width": 24, "Group Key": ["orders.o_orderpriority"], "Plans": [{"Node Type": "Gather Merge", "Parent Relationship": "Outer", "Parallel Aware": false, "Startup Cost": 534555.33, "Total Cost": 534741.31, "Plan Rows": 15, "Plan Width": 24, "Workers Planned": 3, "Plans": [{"Node Type": "Aggregate", "Strategy": "Sorted", "Partial Mode": "Partial", "Parent Relationship": "Outer", "Parallel Aware": false, "Startup Cost": 533555.29, "Total Cost": 533739.51, "Plan Rows": 5, "Plan Width": 24, "Group Key": ["orders.o_orderpriority"], "Plans": [{"Node Type": "Sort", "Parent Relationship": "Outer", "Parallel Aware": false, "Startup Cost": 533555.29, "Total Cost": 533616.68, "Plan Rows": 24555, "Plan Width": 16, "Sort Key": ["orders.o_orderpriority"], "Plans": [{"Node Type": "Nested Loop", "Parent Relationship": "Outer", "Parallel Aware": false, "Join Type": "Semi", "Startup Cost": 7641.61, "Total Cost": 531764.78, "Plan Rows": 24555, "Plan Width": 16, "Inner Unique": false, "Plans": [{"Node Type": "Bitmap Heap Scan", "Parent Relationship": "Outer", "Parallel Aware": true, "Relation Name": "orders", "Alias": "orders", "Startup Cost": 7640.5, "Total Cost": 271338.17, "Plan Rows": 185711, "Plan Width": 20, "Recheck Cond": "((o_orderdate >= '1993-01-01'::date) AND (o_orderdate < '1993-04-01 00:00:00'::timestamp without time zone))", "Plans": [{"Node Type": "Bitmap Index Scan", "Parent Relationship": "Outer", "Parallel Aware": false, "Index Name": "idx_orders_orderdate", "Startup Cost": 0.0, "Total Cost": 7496.58, "Plan Rows": 575704, "Plan Width": 0, "Index Cond": "((o_orderdate >= '1993-01-01'::date) AND (o_orderdate < '1993-04-01 00:00:00'::timestamp without time zone))"}]}, {"Node Type": "Bitmap Heap Scan", "Parent Relationship": "Inner", "Parallel Aware": false, "Relation Name": "lineitem", "Alias": "lineitem", "Startup Cost": 1.11, "Total Cost": 3.76, "Plan Rows": 10, "Plan Width": 4, "Recheck Cond": "(l_orderkey = orders.o_orderkey)", "Filter": "(l_commitdate < l_receiptdate)", "Plans": [{"Node Type": "Bitmap Index Scan", "Parent Relationship": "Outer", "Parallel Aware": false, "Index Name": "lineitem_pkey", "Startup Cost": 0.0, "Total Cost": 1.1, "Plan Rows": 30, "Plan Width": 0, "Index Cond": "(l_orderkey = orders.o_orderkey)"}]}]}]}]}]}]}]}}, {"Plan": {"Node Type": "Limit", "Parallel Aware": false, "Startup Cost": 534555.33, "Total Cost": 534592.55, "Plan Rows": 1, "Plan Width": 24, "Plans": [{"Node Type": "Aggregate", "Strategy": "Sorted", "Partial Mode": "Finalize", "Parent Relationship": "Outer", "Parallel Aware": false, "Startup Cost": 534555.33, "Total Cost": 534741.43, "Plan Rows": 5, "Plan Width": 24, "Group Key": ["orders.o_orderpriority"], "Plans": [{"Node Type": "Gather Merge", "Parent Relationship": "Outer", "Parallel Aware": false, "Startup Cost": 534555.33, "Total Cost": 534741.31, "Plan Rows": 15, "Plan Width": 24, "Workers Planned": 3, "Plans": [{"Node Type": "Aggregate", "Strategy": "Sorted", "Partial Mode": "Partial", "Parent Relationship": "Outer", "Parallel Aware": false, "Startup Cost": 533555.29, "Total Cost": 533739.51, "Plan Rows": 5, "Plan Width": 24, "Group Key": ["orders.o_orderpriority"], "Plans": [{"Node Type": "Sort", "Parent Relationship": "Outer", "Parallel Aware": false, "Startup Cost": 533555.29, "Total Cost": 533616.68, "Plan Rows": 24555, "Plan Width": 16, "Sort Key": ["orders.o_orderpriority"], "Plans": [{"Node Type": "Nested Loop", "Parent Relationship": "Outer", "Parallel Aware": false, "Join Type": "Semi", "Startup Cost": 7641.61, "Total Cost": 531764.78, "Plan Rows": 24555, "Plan Width": 16, "Inner Unique": false, "Plans": [{"Node Type": "Bitmap Heap Scan", "Parent Relationship": "Outer", "Parallel Aware": true, "Relation Name": "orders", "Alias": "orders", "Startup Cost": 7640.5, "Total Cost": 271338.17, "Plan Rows": 185711, "Plan Width": 20, "Recheck Cond": "((o_orderdate >= '1993-01-01'::date) AND (o_orderdate < '1993-04-01 00:00:00'::timestamp without time zone))", "Plans": [{"Node Type": "Bitmap Index Scan", "Parent Relationship": "Outer", "Parallel Aware": false, "Index Name": "idx_orders_orderdate", "Startup Cost": 0.0, "Total Cost": 7496.58, "Plan Rows": 575704, "Plan Width": 0, "Index Cond": "((o_orderdate >= '1993-01-01'::date) AND (o_orderdate < '1993-04-01 00:00:00'::timestamp without time zone))"}]}, {"Node Type": "Bitmap Heap Scan", "Parent Relationship": "Inner", "Parallel Aware": false, "Relation Name": "lineitem", "Alias": "lineitem", "Startup Cost": 1.11, "Total Cost": 3.76, "Plan Rows": 10, "Plan Width": 4, "Recheck Cond": "(l_orderkey = orders.o_orderkey)", "Filter": "(l_commitdate < l_receiptdate)", "Plans": [{"Node Type": "Bitmap Index Scan", "Parent Relationship": "Outer", "Parallel Aware": false, "Index Name": "lineitem_pkey", "Startup Cost": 0.0, "Total Cost": 1.1, "Plan Rows": 30, "Plan Width": 0, "Index Cond": "(l_orderkey = orders.o_orderkey)"}]}]}]}]}]}]}]}}, {"Plan": {"Node Type": "Limit", "Parallel Aware": false, "Startup Cost": 1774536.25, "Total Cost": 1774573.47, "Plan Rows": 1, "Plan Width": 24, "Plans": [{"Node Type": "Aggregate", "Strategy": "Sorted", "Partial Mode": "Finalize", "Parent Relationship": "Outer", "Parallel Aware": false, "Startup Cost": 1774536.25, "Total Cost": 1774722.35, "Plan Rows": 5, "Plan Width": 24, "Group Key": ["orders.o_orderpriority"], "Plans": [{"Node Type": "Gather Merge", "Parent Relationship": "Outer", "Parallel Aware": false, "Startup Cost": 1774536.25, "Total Cost": 1774722.22, "Plan Rows": 15, "Plan Width": 24, "Workers Planned": 3, "Plans": [{"Node Type": "Aggregate", "Strategy": "Sorted", "Partial Mode": "Partial", "Parent Relationship": "Outer", "Parallel Aware": false, "Startup Cost": 1773536.21, "Total Cost": 1773720.42, "Plan Rows": 5, "Plan Width": 24, "Group Key": ["orders.o_orderpriority"], "Plans": [{"Node Type": "Sort", "Parent Relationship": "Outer", "Parallel Aware": false, "Startup Cost": 1773536.21, "Total Cost": 1773597.6, "Plan Rows": 24555, "Plan Width": 16, "Sort Key": ["orders.o_orderpriority"], "Plans": [{"Node Type": "Hash Join", "Parent Relationship": "Outer", "Parallel Aware": true, "Join Type": "Semi", "Startup Cost": 1479882.68, "Total Cost": 1771745.69, "Plan Rows": 24555, "Plan Width": 16, "Inner Unique": false, "Hash Cond": "(orders.o_orderkey = lineitem.l_orderkey)", "Plans": [{"Node Type": "Bitmap Heap Scan", "Parent Relationship": "Outer", "Parallel Aware": true, "Relation Name": "orders", "Alias": "orders", "Startup Cost": 7640.5, "Total Cost": 271338.17, "Plan Rows": 185711, "Plan Width": 20, "Recheck Cond": "((o_orderdate >= '1993-01-01'::date) AND (o_orderdate < '1993-04-01 00:00:00'::timestamp without time zone))", "Plans": [{"Node Type": "Bitmap Index Scan", "Parent Relationship": "Outer", "Parallel Aware": false, "Index Name": "idx_orders_orderdate", "Startup Cost": 0.0, "Total Cost": 7496.58, "Plan Rows": 575704, "Plan Width": 0, "Index Cond": "((o_orderdate >= '1993-01-01'::date) AND (o_orderdate < '1993-04-01 00:00:00'::timestamp without time zone))"}]}, {"Node Type": "Hash", "Parent Relationship": "Inner", "Parallel Aware": true, "Startup Cost": 1366420.13, "Total Cost": 1366420.13, "Plan Rows": 6450084, "Plan Width": 4, "Plans": [{"Node Type": "Seq Scan", "Parent Relationship": "Outer", "Parallel Aware": true, "Relation Name": "lineitem", "Alias": "lineitem", "Startup Cost": 0.0, "Total Cost": 1366420.13, "Plan Rows": 6450084, "Plan Width": 4, "Filter": "(l_commitdate < l_receiptdate)"}]}]}]}]}]}]}]}}, {"Plan": {"Node Type": "Limit", "Parallel Aware": false, "Startup Cost": 534555.33, "Total Cost": 534592.55, "Plan Rows": 1, "Plan Width": 24, "Plans": [{"Node Type": "Aggregate", "Strategy": "Sorted", "Partial Mode": "Finalize", "Parent Relationship": "Outer", "Parallel Aware": false, "Startup Cost": 534555.33, "Total Cost": 534741.43, "Plan Rows": 5, "Plan Width": 24, "Group Key": ["orders.o_orderpriority"], "Plans": [{"Node Type": "Gather Merge", "Parent Relationship": "Outer", "Parallel Aware": false, "Startup Cost": 534555.33, "Total Cost": 534741.31, "Plan Rows": 15, "Plan Width": 24, "Workers Planned": 3, "Plans": [{"Node Type": "Aggregate", "Strategy": "Sorted", "Partial Mode": "Partial", "Parent Relationship": "Outer", "Parallel Aware": false, "Startup Cost": 533555.29, "Total Cost": 533739.51, "Plan Rows": 5, "Plan Width": 24, "Group Key": ["orders.o_orderpriority"], "Plans": [{"Node Type": "Sort", "Parent Relationship": "Outer", "Parallel Aware": false, "Startup Cost": 533555.29, "Total Cost": 533616.68, "Plan Rows": 24555, "Plan Width": 16, "Sort Key": ["orders.o_orderpriority"], "Plans": [{"Node Type": "Nested Loop", "Parent Relationship": "Outer", "Parallel Aware": false, "Join Type": "Semi", "Startup Cost": 7641.61, "Total Cost": 531764.78, "Plan Rows": 24555, "Plan Width": 16, "Inner Unique": false, "Plans": [{"Node Type": "Bitmap Heap Scan", "Parent Relationship": "Outer", "Parallel Aware": true, "Relation Name": "orders", "Alias": "orders", "Startup Cost": 7640.5, "Total Cost": 271338.17, "Plan Rows": 185711, "Plan Width": 20, "Recheck Cond": "((o_orderdate >= '1993-01-01'::date) AND (o_orderdate < '1993-04-01 00:00:00'::timestamp without time zone))", "Plans": [{"Node Type": "Bitmap Index Scan", "Parent Relationship": "Outer", "Parallel Aware": false, "Index Name": "idx_orders_orderdate", "Startup Cost": 0.0, "Total Cost": 7496.58, "Plan Rows": 575704, "Plan Width": 0, "Index Cond": "((o_orderdate >= '1993-01-01'::date) AND (o_orderdate < '1993-04-01 00:00:00'::timestamp without time zone))"}]}, {"Node Type": "Bitmap Heap Scan", "Parent Relationship": "Inner", "Parallel Aware": false, "Relation Name": "lineitem", "Alias": "lineitem", "Startup Cost": 1.11, "Total Cost": 3.76, "Plan Rows": 10, "Plan Width": 4, "Recheck Cond": "(l_orderkey = orders.o_orderkey)", "Filter": "(l_commitdate < l_receiptdate)", "Plans": [{"Node Type": "Bitmap Index Scan", "Parent Relationship": "Outer", "Parallel Aware": false, "Index Name": "lineitem_pkey", "Startup Cost": 0.0, "Total Cost": 1.1, "Plan Rows": 30, "Plan Width": 0, "Index Cond": "(l_orderkey = orders.o_orderkey)"}]}]}]}]}]}]}]}}, {"Plan": {"Node Type": "Limit", "Parallel Aware": false, "Startup Cost": 534555.33, "Total Cost": 534592.55, "Plan Rows": 1, "Plan Width": 24, "Plans": [{"Node Type": "Aggregate", "Strategy": "Sorted", "Partial Mode": "Finalize", "Parent Relationship": "Outer", "Parallel Aware": false, "Startup Cost": 534555.33, "Total Cost": 534741.43, "Plan Rows": 5, "Plan Width": 24, "Group Key": ["orders.o_orderpriority"], "Plans": [{"Node Type": "Gather Merge", "Parent Relationship": "Outer", "Parallel Aware": false, "Startup Cost": 534555.33, "Total Cost": 534741.31, "Plan Rows": 15, "Plan Width": 24, "Workers Planned": 3, "Plans": [{"Node Type": "Aggregate", "Strategy": "Sorted", "Partial Mode": "Partial", "Parent Relationship": "Outer", "Parallel Aware": false, "Startup Cost": 533555.29, "Total Cost": 533739.51, "Plan Rows": 5, "Plan Width": 24, "Group Key": ["orders.o_orderpriority"], "Plans": [{"Node Type": "Sort", "Parent Relationship": "Outer", "Parallel Aware": false, "Startup Cost": 533555.29, "Total Cost": 533616.68, "Plan Rows": 24555, "Plan Width": 16, "Sort Key": ["orders.o_orderpriority"], "Plans": [{"Node Type": "Nested Loop", "Parent Relationship": "Outer", "Parallel Aware": false, "Join Type": "Semi", "Startup Cost": 7641.61, "Total Cost": 531764.78, "Plan Rows": 24555, "Plan Width": 16, "Inner Unique": false, "Plans": [{"Node Type": "Bitmap Heap Scan", "Parent Relationship": "Outer", "Parallel Aware": true, "Relation Name": "orders", "Alias": "orders", "Startup Cost": 7640.5, "Total Cost": 271338.17, "Plan Rows": 185711, "Plan Width": 20, "Recheck Cond": "((o_orderdate >= '1993-01-01'::date) AND (o_orderdate < '1993-04-01 00:00:00'::timestamp without time zone))", "Plans": [{"Node Type": "Bitmap Index Scan", "Parent Relationship": "Outer", "Parallel Aware": false, "Index Name": "idx_orders_orderdate", "Startup Cost": 0.0, "Total Cost": 7496.58, "Plan Rows": 575704, "Plan Width": 0, "Index Cond": "((o_orderdate >= '1993-01-01'::date) AND (o_orderdate < '1993-04-01 00:00:00'::timestamp without time zone))"}]}, {"Node Type": "Bitmap Heap Scan", "Parent Relationship": "Inner", "Parallel Aware": false, "Relation Name": "lineitem", "Alias": "lineitem", "Startup Cost": 1.11, "Total Cost": 3.76, "Plan Rows": 10, "Plan Width": 4, "Recheck Cond": "(l_orderkey = orders.o_orderkey)", "Filter": "(l_commitdate < l_receiptdate)", "Plans": [{"Node Type": "Bitmap Index Scan", "Parent Relationship": "Outer", "Parallel Aware": false, "Index Name": "lineitem_pkey", "Startup Cost": 0.0, "Total Cost": 1.1, "Plan Rows": 30, "Plan Width": 0, "Index Cond": "(l_orderkey = orders.o_orderkey)"}]}]}]}]}]}]}]}}, {"Plan": {"Node Type": "Limit", "Parallel Aware": false, "Startup Cost": 1774536.25, "Total Cost": 1774573.47, "Plan Rows": 1, "Plan Width": 24, "Plans": [{"Node Type": "Aggregate", "Strategy": "Sorted", "Partial Mode": "Finalize", "Parent Relationship": "Outer", "Parallel Aware": false, "Startup Cost": 1774536.25, "Total Cost": 1774722.35, "Plan Rows": 5, "Plan Width": 24, "Group Key": ["orders.o_orderpriority"], "Plans": [{"Node Type": "Gather Merge", "Parent Relationship": "Outer", "Parallel Aware": false, "Startup Cost": 1774536.25, "Total Cost": 1774722.22, "Plan Rows": 15, "Plan Width": 24, "Workers Planned": 3, "Plans": [{"Node Type": "Aggregate", "Strategy": "Sorted", "Partial Mode": "Partial", "Parent Relationship": "Outer", "Parallel Aware": false, "Startup Cost": 1773536.21, "Total Cost": 1773720.42, "Plan Rows": 5, "Plan Width": 24, "Group Key": ["orders.o_orderpriority"], "Plans": [{"Node Type": "Sort", "Parent Relationship": "Outer", "Parallel Aware": false, "Startup Cost": 1773536.21, "Total Cost": 1773597.6, "Plan Rows": 24555, "Plan Width": 16, "Sort Key": ["orders.o_orderpriority"], "Plans": [{"Node Type": "Hash Join", "Parent Relationship": "Outer", "Parallel Aware": true, "Join Type": "Semi", "Startup Cost": 1479882.68, "Total Cost": 1771745.69, "Plan Rows": 24555, "Plan Width": 16, "Inner Unique": false, "Hash Cond": "(orders.o_orderkey = lineitem.l_orderkey)", "Plans": [{"Node Type": "Bitmap Heap Scan", "Parent Relationship": "Outer", "Parallel Aware": true, "Relation Name": "orders", "Alias": "orders", "Startup Cost": 7640.5, "Total Cost": 271338.17, "Plan Rows": 185711, "Plan Width": 20, "Recheck Cond": "((o_orderdate >= '1993-01-01'::date) AND (o_orderdate < '1993-04-01 00:00:00'::timestamp without time zone))", "Plans": [{"Node Type": "Bitmap Index Scan", "Parent Relationship": "Outer", "Parallel Aware": false, "Index Name": "idx_orders_orderdate", "Startup Cost": 0.0, "Total Cost": 7496.58, "Plan Rows": 575704, "Plan Width": 0, "Index Cond": "((o_orderdate >= '1993-01-01'::date) AND (o_orderdate < '1993-04-01 00:00:00'::timestamp without time zone))"}]}, {"Node Type": "Hash", "Parent Relationship": "Inner", "Parallel Aware": true, "Startup Cost": 1366420.13, "Total Cost": 1366420.13, "Plan Rows": 6450084, "Plan Width": 4, "Plans": [{"Node Type": "Seq Scan", "Parent Relationship": "Outer", "Parallel Aware": true, "Relation Name": "lineitem", "Alias": "lineitem", "Startup Cost": 0.0, "Total Cost": 1366420.13, "Plan Rows": 6450084, "Plan Width": 4, "Filter": "(l_commitdate < l_receiptdate)"}]}]}]}]}]}]}]}}, {"Plan": {"Node Type": "Limit", "Parallel Aware": false, "Startup Cost": 2255584.09, "Total Cost": 2255621.31, "Plan Rows": 1, "Plan Width": 24, "Plans": [{"Node Type": "Aggregate", "Strategy": "Sorted", "Partial Mode": "Finalize", "Parent Relationship": "Outer", "Parallel Aware": false, "Startup Cost": 2255584.09, "Total Cost": 2255770.19, "Plan Rows": 5, "Plan Width": 24, "Group Key": ["orders.o_orderpriority"], "Plans": [{"Node Type": "Gather Merge", "Parent Relationship": "Outer", "Parallel Aware": false, "Startup Cost": 2255584.09, "Total Cost": 2255770.07, "Plan Rows": 15, "Plan Width": 24, "Workers Planned": 3, "Plans": [{"Node Type": "Aggregate", "Strategy": "Sorted", "Partial Mode": "Partial", "Parent Relationship": "Outer", "Parallel Aware": false, "Startup Cost": 2254584.05, "Total Cost": 2254768.27, "Plan Rows": 5, "Plan Width": 24, "Group Key": ["orders.o_orderpriority"], "Plans": [{"Node Type": "Sort", "Parent Relationship": "Outer", "Parallel Aware": false, "Startup Cost": 2254584.05, "Total Cost": 2254645.44, "Plan Rows": 24555, "Plan Width": 16, "Sort Key": ["orders.o_orderpriority"], "Plans": [{"Node Type": "Hash Join", "Parent Relationship": "Outer", "Parallel Aware": true, "Join Type": "Semi", "Startup Cost": 1960930.53, "Total Cost": 2252793.54, "Plan Rows": 24555, "Plan Width": 16, "Inner Unique": false, "Hash Cond": "(orders.o_orderkey = lineitem.l_orderkey)", "Plans": [{"Node Type": "Bitmap Heap Scan", "Parent Relationship": "Outer", "Parallel Aware": true, "Relation Name": "orders", "Alias": "orders", "Startup Cost": 7640.5, "Total Cost": 271338.17, "Plan Rows": 185711, "Plan Width": 20, "Recheck Cond": "((o_orderdate >= '1993-01-01'::date) AND (o_orderdate < '1993-04-01 00:00:00'::timestamp without time zone))", "Plans": [{"Node Type": "Bitmap Index Scan", "Parent Relationship": "Outer", "Parallel Aware": false, "Index Name": "idx_orders_orderdate", "Startup Cost": 0.0, "Total Cost": 7496.58, "Plan Rows": 575704, "Plan Width": 0, "Index Cond": "((o_orderdate >= '1993-01-01'::date) AND (o_orderdate < '1993-04-01 00:00:00'::timestamp without time zone))"}]}, {"Node Type": "Hash", "Parent Relationship": "Inner", "Parallel Aware": true, "Startup Cost": 1847467.97, "Total Cost": 1847467.97, "Plan Rows": 6450084, "Plan Width": 4, "Plans": [{"Node Type": "Index Scan", "Parent Relationship": "Outer", "Parallel Aware": true, "Scan Direction": "Forward", "Index Name": "idx_lineitem_orderkey", "Relation Name": "lineitem", "Alias": "lineitem", "Startup Cost": 0.56, "Total Cost": 1847467.97, "Plan Rows": 6450084, "Plan Width": 4, "Filter": "(l_commitdate < l_receiptdate)"}]}]}]}]}]}]}]}}, {"Plan": {"Node Type": "Limit", "Parallel Aware": false, "Startup Cost": 2255584.09, "Total Cost": 2255621.31, "Plan Rows": 1, "Plan Width": 24, "Plans": [{"Node Type": "Aggregate", "Strategy": "Sorted", "Partial Mode": "Finalize", "Parent Relationship": "Outer", "Parallel Aware": false, "Startup Cost": 2255584.09, "Total Cost": 2255770.19, "Plan Rows": 5, "Plan Width": 24, "Group Key": ["orders.o_orderpriority"], "Plans": [{"Node Type": "Gather Merge", "Parent Relationship": "Outer", "Parallel Aware": false, "Startup Cost": 2255584.09, "Total Cost": 2255770.07, "Plan Rows": 15, "Plan Width": 24, "Workers Planned": 3, "Plans": [{"Node Type": "Aggregate", "Strategy": "Sorted", "Partial Mode": "Partial", "Parent Relationship": "Outer", "Parallel Aware": false, "Startup Cost": 2254584.05, "Total Cost": 2254768.27, "Plan Rows": 5, "Plan Width": 24, "Group Key": ["orders.o_orderpriority"], "Plans": [{"Node Type": "Sort", "Parent Relationship": "Outer", "Parallel Aware": false, "Startup Cost": 2254584.05, "Total Cost": 2254645.44, "Plan Rows": 24555, "Plan Width": 16, "Sort Key": ["orders.o_orderpriority"], "Plans": [{"Node Type": "Hash Join", "Parent Relationship": "Outer", "Parallel Aware": true, "Join Type": "Semi", "Startup Cost": 1960930.53, "Total Cost": 2252793.54, "Plan Rows": 24555, "Plan Width": 16, "Inner Unique": false, "Hash Cond": "(orders.o_orderkey = lineitem.l_orderkey)", "Plans": [{"Node Type": "Bitmap Heap Scan", "Parent Relationship": "Outer", "Parallel Aware": true, "Relation Name": "orders", "Alias": "orders", "Startup Cost": 7640.5, "Total Cost": 271338.17, "Plan Rows": 185711, "Plan Width": 20, "Recheck Cond": "((o_orderdate >= '1993-01-01'::date) AND (o_orderdate < '1993-04-01 00:00:00'::timestamp without time zone))", "Plans": [{"Node Type": "Bitmap Index Scan", "Parent Relationship": "Outer", "Parallel Aware": false, "Index Name": "idx_orders_orderdate", "Startup Cost": 0.0, "Total Cost": 7496.58, "Plan Rows": 575704, "Plan Width": 0, "Index Cond": "((o_orderdate >= '1993-01-01'::date) AND (o_orderdate < '1993-04-01 00:00:00'::timestamp without time zone))"}]}, {"Node Type": "Hash", "Parent Relationship": "Inner", "Parallel Aware": true, "Startup Cost": 1847467.97, "Total Cost": 1847467.97, "Plan Rows": 6450084, "Plan Width": 4, "Plans": [{"Node Type": "Index Scan", "Parent Relationship": "Outer", "Parallel Aware": true, "Scan Direction": "Forward", "Index Name": "idx_lineitem_orderkey", "Relation Name": "lineitem", "Alias": "lineitem", "Startup Cost": 0.56, "Total Cost": 1847467.97, "Plan Rows": 6450084, "Plan Width": 4, "Filter": "(l_commitdate < l_receiptdate)"}]}]}]}]}]}]}]}}, {"Plan": {"Node Type": "Limit", "Parallel Aware": false, "Startup Cost": 416286.03, "Total Cost": 416323.25, "Plan Rows": 1, "Plan Width": 24, "Plans": [{"Node Type": "Aggregate", "Strategy": "Sorted", "Partial Mode": "Finalize", "Parent Relationship": "Outer", "Parallel Aware": false, "Startup Cost": 416286.03, "Total Cost": 416472.13, "Plan Rows": 5, "Plan Width": 24, "Group Key": ["orders.o_orderpriority"], "Plans": [{"Node Type": "Gather Merge", "Parent Relationship": "Outer", "Parallel Aware": false, "Startup Cost": 416286.03, "Total Cost": 416472.01, "Plan Rows": 15, "Plan Width": 24, "Workers Planned": 3, "Plans": [{"Node Type": "Aggregate", "Strategy": "Sorted", "Partial Mode": "Partial", "Parent Relationship": "Outer", "Parallel Aware": false, "Startup Cost": 415285.99, "Total Cost": 415470.2, "Plan Rows": 5, "Plan Width": 24, "Group Key": ["orders.o_orderpriority"], "Plans": [{"Node Type": "Sort", "Parent Relationship": "Outer", "Parallel Aware": false, "Startup Cost": 415285.99, "Total Cost": 415347.38, "Plan Rows": 24555, "Plan Width": 16, "Sort Key": ["orders.o_orderpriority"], "Plans": [{"Node Type": "Nested Loop", "Parent Relationship": "Outer", "Parallel Aware": false, "Join Type": "Semi", "Startup Cost": 7641.07, "Total Cost": 413495.47, "Plan Rows": 24555, "Plan Width": 16, "Inner Unique": false, "Plans": [{"Node Type": "Bitmap Heap Scan", "Parent Relationship": "Outer", "Parallel Aware": true, "Relation Name": "orders", "Alias": "orders", "Startup Cost": 7640.5, "Total Cost": 271338.17, "Plan Rows": 185711, "Plan Width": 20, "Recheck Cond": "((o_orderdate >= '1993-01-01'::date) AND (o_orderdate < '1993-04-01 00:00:00'::timestamp without time zone))", "Plans": [{"Node Type": "Bitmap Index Scan", "Parent Relationship": "Outer", "Parallel Aware": false, "Index Name": "idx_orders_orderdate", "Startup Cost": 0.0, "Total Cost": 7496.58, "Plan Rows": 575704, "Plan Width": 0, "Index Cond": "((o_orderdate >= '1993-01-01'::date) AND (o_orderdate < '1993-04-01 00:00:00'::timestamp without time zone))"}]}, {"Node Type": "Index Scan", "Parent Relationship": "Inner", "Parallel Aware": false, "Scan Direction": "Forward", "Index Name": "idx_lineitem_orderkey", "Relation Name": "lineitem", "Alias": "lineitem", "Startup Cost": 0.56, "Total Cost": 2.36, "Plan Rows": 10, "Plan Width": 4, "Index Cond": "(l_orderkey = orders.o_orderkey)", "Filter": "(l_commitdate < l_receiptdate)"}]}]}]}]}]}]}}, {"Plan": {"Node Type": "Limit", "Parallel Aware": false, "Startup Cost": 416286.03, "Total Cost": 416323.25, "Plan Rows": 1, "Plan Width": 24, "Plans": [{"Node Type": "Aggregate", "Strategy": "Sorted", "Partial Mode": "Finalize", "Parent Relationship": "Outer", "Parallel Aware": false, "Startup Cost": 416286.03, "Total Cost": 416472.13, "Plan Rows": 5, "Plan Width": 24, "Group Key": ["orders.o_orderpriority"], "Plans": [{"Node Type": "Gather Merge", "Parent Relationship": "Outer", "Parallel Aware": false, "Startup Cost": 416286.03, "Total Cost": 416472.01, "Plan Rows": 15, "Plan Width": 24, "Workers Planned": 3, "Plans": [{"Node Type": "Aggregate", "Strategy": "Sorted", "Partial Mode": "Partial", "Parent Relationship": "Outer", "Parallel Aware": false, "Startup Cost": 415285.99, "Total Cost": 415470.2, "Plan Rows": 5, "Plan Width": 24, "Group Key": ["orders.o_orderpriority"], "Plans": [{"Node Type": "Sort", "Parent Relationship": "Outer", "Parallel Aware": false, "Startup Cost": 415285.99, "Total Cost": 415347.38, "Plan Rows": 24555, "Plan Width": 16, "Sort Key": ["orders.o_orderpriority"], "Plans": [{"Node Type": "Nested Loop", "Parent Relationship": "Outer", "Parallel Aware": false, "Join Type": "Semi", "Startup Cost": 7641.07, "Total Cost": 413495.47, "Plan Rows": 24555, "Plan Width": 16, "Inner Unique": false, "Plans": [{"Node Type": "Bitmap Heap Scan", "Parent Relationship": "Outer", "Parallel Aware": true, "Relation Name": "orders", "Alias": "orders", "Startup Cost": 7640.5, "Total Cost": 271338.17, "Plan Rows": 185711, "Plan Width": 20, "Recheck Cond": "((o_orderdate >= '1993-01-01'::date) AND (o_orderdate < '1993-04-01 00:00:00'::timestamp without time zone))", "Plans": [{"Node Type": "Bitmap Index Scan", "Parent Relationship": "Outer", "Parallel Aware": false, "Index Name": "idx_orders_orderdate", "Startup Cost": 0.0, "Total Cost": 7496.58, "Plan Rows": 575704, "Plan Width": 0, "Index Cond": "((o_orderdate >= '1993-01-01'::date) AND (o_orderdate < '1993-04-01 00:00:00'::timestamp without time zone))"}]}, {"Node Type": "Index Scan", "Parent Relationship": "Inner", "Parallel Aware": false, "Scan Direction": "Forward", "Index Name": "idx_lineitem_orderkey", "Relation Name": "lineitem", "Alias": "lineitem", "Startup Cost": 0.56, "Total Cost": 2.36, "Plan Rows": 10, "Plan Width": 4, "Index Cond": "(l_orderkey = orders.o_orderkey)", "Filter": "(l_commitdate < l_receiptdate)"}]}]}]}]}]}]}}, {"Plan": {"Node Type": "Limit", "Parallel Aware": false, "Startup Cost": 1774536.25, "Total Cost": 1774573.47, "Plan Rows": 1, "Plan Width": 24, "Plans": [{"Node Type": "Aggregate", "Strategy": "Sorted", "Partial Mode": "Finalize", "Parent Relationship": "Outer", "Parallel Aware": false, "Startup Cost": 1774536.25, "Total Cost": 1774722.35, "Plan Rows": 5, "Plan Width": 24, "Group Key": ["orders.o_orderpriority"], "Plans": [{"Node Type": "Gather Merge", "Parent Relationship": "Outer", "Parallel Aware": false, "Startup Cost": 1774536.25, "Total Cost": 1774722.22, "Plan Rows": 15, "Plan Width": 24, "Workers Planned": 3, "Plans": [{"Node Type": "Aggregate", "Strategy": "Sorted", "Partial Mode": "Partial", "Parent Relationship": "Outer", "Parallel Aware": false, "Startup Cost": 1773536.21, "Total Cost": 1773720.42, "Plan Rows": 5, "Plan Width": 24, "Group Key": ["orders.o_orderpriority"], "Plans": [{"Node Type": "Sort", "Parent Relationship": "Outer", "Parallel Aware": false, "Startup Cost": 1773536.21, "Total Cost": 1773597.6, "Plan Rows": 24555, "Plan Width": 16, "Sort Key": ["orders.o_orderpriority"], "Plans": [{"Node Type": "Hash Join", "Parent Relationship": "Outer", "Parallel Aware": true, "Join Type": "Semi", "Startup Cost": 1479882.68, "Total Cost": 1771745.69, "Plan Rows": 24555, "Plan Width": 16, "Inner Unique": false, "Hash Cond": "(orders.o_orderkey = lineitem.l_orderkey)", "Plans": [{"Node Type": "Bitmap Heap Scan", "Parent Relationship": "Outer", "Parallel Aware": true, "Relation Name": "orders", "Alias": "orders", "Startup Cost": 7640.5, "Total Cost": 271338.17, "Plan Rows": 185711, "Plan Width": 20, "Recheck Cond": "((o_orderdate >= '1993-01-01'::date) AND (o_orderdate < '1993-04-01 00:00:00'::timestamp without time zone))", "Plans": [{"Node Type": "Bitmap Index Scan", "Parent Relationship": "Outer", "Parallel Aware": false, "Index Name": "idx_orders_orderdate", "Startup Cost": 0.0, "Total Cost": 7496.58, "Plan Rows": 575704, "Plan Width": 0, "Index Cond": "((o_orderdate >= '1993-01-01'::date) AND (o_orderdate < '1993-04-01 00:00:00'::timestamp without time zone))"}]}, {"Node Type": "Hash", "Parent Relationship": "Inner", "Parallel Aware": true, "Startup Cost": 1366420.13, "Total Cost": 1366420.13, "Plan Rows": 6450084, "Plan Width": 4, "Plans": [{"Node Type": "Seq Scan", "Parent Relationship": "Outer", "Parallel Aware": true, "Relation Name": "lineitem", "Alias": "lineitem", "Startup Cost": 0.0, "Total Cost": 1366420.13, "Plan Rows": 6450084, "Plan Width": 4, "Filter": "(l_commitdate < l_receiptdate)"}]}]}]}]}]}]}]}}, {"Plan": {"Node Type": "Limit", "Parallel Aware": false, "Startup Cost": 416286.03, "Total Cost": 416323.25, "Plan Rows": 1, "Plan Width": 24, "Plans": [{"Node Type": "Aggregate", "Strategy": "Sorted", "Partial Mode": "Finalize", "Parent Relationship": "Outer", "Parallel Aware": false, "Startup Cost": 416286.03, "Total Cost": 416472.13, "Plan Rows": 5, "Plan Width": 24, "Group Key": ["orders.o_orderpriority"], "Plans": [{"Node Type": "Gather Merge", "Parent Relationship": "Outer", "Parallel Aware": false, "Startup Cost": 416286.03, "Total Cost": 416472.01, "Plan Rows": 15, "Plan Width": 24, "Workers Planned": 3, "Plans": [{"Node Type": "Aggregate", "Strategy": "Sorted", "Partial Mode": "Partial", "Parent Relationship": "Outer", "Parallel Aware": false, "Startup Cost": 415285.99, "Total Cost": 415470.2, "Plan Rows": 5, "Plan Width": 24, "Group Key": ["orders.o_orderpriority"], "Plans": [{"Node Type": "Sort", "Parent Relationship": "Outer", "Parallel Aware": false, "Startup Cost": 415285.99, "Total Cost": 415347.38, "Plan Rows": 24555, "Plan Width": 16, "Sort Key": ["orders.o_orderpriority"], "Plans": [{"Node Type": "Nested Loop", "Parent Relationship": "Outer", "Parallel Aware": false, "Join Type": "Semi", "Startup Cost": 7641.07, "Total Cost": 413495.47, "Plan Rows": 24555, "Plan Width": 16, "Inner Unique": false, "Plans": [{"Node Type": "Bitmap Heap Scan", "Parent Relationship": "Outer", "Parallel Aware": true, "Relation Name": "orders", "Alias": "orders", "Startup Cost": 7640.5, "Total Cost": 271338.17, "Plan Rows": 185711, "Plan Width": 20, "Recheck Cond": "((o_orderdate >= '1993-01-01'::date) AND (o_orderdate < '1993-04-01 00:00:00'::timestamp without time zone))", "Plans": [{"Node Type": "Bitmap Index Scan", "Parent Relationship": "Outer", "Parallel Aware": false, "Index Name": "idx_orders_orderdate", "Startup Cost": 0.0, "Total Cost": 7496.58, "Plan Rows": 575704, "Plan Width": 0, "Index Cond": "((o_orderdate >= '1993-01-01'::date) AND (o_orderdate < '1993-04-01 00:00:00'::timestamp without time zone))"}]}, {"Node Type": "Index Scan", "Parent Relationship": "Inner", "Parallel Aware": false, "Scan Direction": "Forward", "Index Name": "idx_lineitem_orderkey", "Relation Name": "lineitem", "Alias": "lineitem", "Startup Cost": 0.56, "Total Cost": 2.36, "Plan Rows": 10, "Plan Width": 4, "Index Cond": "(l_orderkey = orders.o_orderkey)", "Filter": "(l_commitdate < l_receiptdate)"}]}]}]}]}]}]}}, {"Plan": {"Node Type": "Limit", "Parallel Aware": false, "Startup Cost": 416286.03, "Total Cost": 416323.25, "Plan Rows": 1, "Plan Width": 24, "Plans": [{"Node Type": "Aggregate", "Strategy": "Sorted", "Partial Mode": "Finalize", "Parent Relationship": "Outer", "Parallel Aware": false, "Startup Cost": 416286.03, "Total Cost": 416472.13, "Plan Rows": 5, "Plan Width": 24, "Group Key": ["orders.o_orderpriority"], "Plans": [{"Node Type": "Gather Merge", "Parent Relationship": "Outer", "Parallel Aware": false, "Startup Cost": 416286.03, "Total Cost": 416472.01, "Plan Rows": 15, "Plan Width": 24, "Workers Planned": 3, "Plans": [{"Node Type": "Aggregate", "Strategy": "Sorted", "Partial Mode": "Partial", "Parent Relationship": "Outer", "Parallel Aware": false, "Startup Cost": 415285.99, "Total Cost": 415470.2, "Plan Rows": 5, "Plan Width": 24, "Group Key": ["orders.o_orderpriority"], "Plans": [{"Node Type": "Sort", "Parent Relationship": "Outer", "Parallel Aware": false, "Startup Cost": 415285.99, "Total Cost": 415347.38, "Plan Rows": 24555, "Plan Width": 16, "Sort Key": ["orders.o_orderpriority"], "Plans": [{"Node Type": "Nested Loop", "Parent Relationship": "Outer", "Parallel Aware": false, "Join Type": "Semi", "Startup Cost": 7641.07, "Total Cost": 413495.47, "Plan Rows": 24555, "Plan Width": 16, "Inner Unique": false, "Plans": [{"Node Type": "Bitmap Heap Scan", "Parent Relationship": "Outer", "Parallel Aware": true, "Relation Name": "orders", "Alias": "orders", "Startup Cost": 7640.5, "Total Cost": 271338.17, "Plan Rows": 185711, "Plan Width": 20, "Recheck Cond": "((o_orderdate >= '1993-01-01'::date) AND (o_orderdate < '1993-04-01 00:00:00'::timestamp without time zone))", "Plans": [{"Node Type": "Bitmap Index Scan", "Parent Relationship": "Outer", "Parallel Aware": false, "Index Name": "idx_orders_orderdate", "Startup Cost": 0.0, "Total Cost": 7496.58, "Plan Rows": 575704, "Plan Width": 0, "Index Cond": "((o_orderdate >= '1993-01-01'::date) AND (o_orderdate < '1993-04-01 00:00:00'::timestamp without time zone))"}]}, {"Node Type": "Index Scan", "Parent Relationship": "Inner", "Parallel Aware": false, "Scan Direction": "Forward", "Index Name": "idx_lineitem_orderkey", "Relation Name": "lineitem", "Alias": "lineitem", "Startup Cost": 0.56, "Total Cost": 2.36, "Plan Rows": 10, "Plan Width": 4, "Index Cond": "(l_orderkey = orders.o_orderkey)", "Filter": "(l_commitdate < l_receiptdate)"}]}]}]}]}]}]}}, {"Plan": {"Node Type": "Limit", "Parallel Aware": false, "Startup Cost": 1774536.25, "Total Cost": 1774573.47, "Plan Rows": 1, "Plan Width": 24, "Plans": [{"Node Type": "Aggregate", "Strategy": "Sorted", "Partial Mode": "Finalize", "Parent Relationship": "Outer", "Parallel Aware": false, "Startup Cost": 1774536.25, "Total Cost": 1774722.35, "Plan Rows": 5, "Plan Width": 24, "Group Key": ["orders.o_orderpriority"], "Plans": [{"Node Type": "Gather Merge", "Parent Relationship": "Outer", "Parallel Aware": false, "Startup Cost": 1774536.25, "Total Cost": 1774722.22, "Plan Rows": 15, "Plan Width": 24, "Workers Planned": 3, "Plans": [{"Node Type": "Aggregate", "Strategy": "Sorted", "Partial Mode": "Partial", "Parent Relationship": "Outer", "Parallel Aware": false, "Startup Cost": 1773536.21, "Total Cost": 1773720.42, "Plan Rows": 5, "Plan Width": 24, "Group Key": ["orders.o_orderpriority"], "Plans": [{"Node Type": "Sort", "Parent Relationship": "Outer", "Parallel Aware": false, "Startup Cost": 1773536.21, "Total Cost": 1773597.6, "Plan Rows": 24555, "Plan Width": 16, "Sort Key": ["orders.o_orderpriority"], "Plans": [{"Node Type": "Hash Join", "Parent Relationship": "Outer", "Parallel Aware": true, "Join Type": "Semi", "Startup Cost": 1479882.68, "Total Cost": 1771745.69, "Plan Rows": 24555, "Plan Width": 16, "Inner Unique": false, "Hash Cond": "(orders.o_orderkey = lineitem.l_orderkey)", "Plans": [{"Node Type": "Bitmap Heap Scan", "Parent Relationship": "Outer", "Parallel Aware": true, "Relation Name": "orders", "Alias": "orders", "Startup Cost": 7640.5, "Total Cost": 271338.17, "Plan Rows": 185711, "Plan Width": 20, "Recheck Cond": "((o_orderdate >= '1993-01-01'::date) AND (o_orderdate < '1993-04-01 00:00:00'::timestamp without time zone))", "Plans": [{"Node Type": "Bitmap Index Scan", "Parent Relationship": "Outer", "Parallel Aware": false, "Index Name": "idx_orders_orderdate", "Startup Cost": 0.0, "Total Cost": 7496.58, "Plan Rows": 575704, "Plan Width": 0, "Index Cond": "((o_orderdate >= '1993-01-01'::date) AND (o_orderdate < '1993-04-01 00:00:00'::timestamp without time zone))"}]}, {"Node Type": "Hash", "Parent Relationship": "Inner", "Parallel Aware": true, "Startup Cost": 1366420.13, "Total Cost": 1366420.13, "Plan Rows": 6450084, "Plan Width": 4, "Plans": [{"Node Type": "Seq Scan", "Parent Relationship": "Outer", "Parallel Aware": true, "Relation Name": "lineitem", "Alias": "lineitem", "Startup Cost": 0.0, "Total Cost": 1366420.13, "Plan Rows": 6450084, "Plan Width": 4, "Filter": "(l_commitdate < l_receiptdate)"}]}]}]}]}]}]}]}}, {"Plan": {"Node Type": "Limit", "Parallel Aware": false, "Startup Cost": 534555.33, "Total Cost": 534592.55, "Plan Rows": 1, "Plan Width": 24, "Plans": [{"Node Type": "Aggregate", "Strategy": "Sorted", "Partial Mode": "Finalize", "Parent Relationship": "Outer", "Parallel Aware": false, "Startup Cost": 534555.33, "Total Cost": 534741.43, "Plan Rows": 5, "Plan Width": 24, "Group Key": ["orders.o_orderpriority"], "Plans": [{"Node Type": "Gather Merge", "Parent Relationship": "Outer", "Parallel Aware": false, "Startup Cost": 534555.33, "Total Cost": 534741.31, "Plan Rows": 15, "Plan Width": 24, "Workers Planned": 3, "Plans": [{"Node Type": "Aggregate", "Strategy": "Sorted", "Partial Mode": "Partial", "Parent Relationship": "Outer", "Parallel Aware": false, "Startup Cost": 533555.29, "Total Cost": 533739.51, "Plan Rows": 5, "Plan Width": 24, "Group Key": ["orders.o_orderpriority"], "Plans": [{"Node Type": "Sort", "Parent Relationship": "Outer", "Parallel Aware": false, "Startup Cost": 533555.29, "Total Cost": 533616.68, "Plan Rows": 24555, "Plan Width": 16, "Sort Key": ["orders.o_orderpriority"], "Plans": [{"Node Type": "Nested Loop", "Parent Relationship": "Outer", "Parallel Aware": false, "Join Type": "Semi", "Startup Cost": 7641.61, "Total Cost": 531764.78, "Plan Rows": 24555, "Plan Width": 16, "Inner Unique": false, "Plans": [{"Node Type": "Bitmap Heap Scan", "Parent Relationship": "Outer", "Parallel Aware": true, "Relation Name": "orders", "Alias": "orders", "Startup Cost": 7640.5, "Total Cost": 271338.17, "Plan Rows": 185711, "Plan Width": 20, "Recheck Cond": "((o_orderdate >= '1993-01-01'::date) AND (o_orderdate < '1993-04-01 00:00:00'::timestamp without time zone))", "Plans": [{"Node Type": "Bitmap Index Scan", "Parent Relationship": "Outer", "Parallel Aware": false, "Index Name": "idx_orders_orderdate", "Startup Cost": 0.0, "Total Cost": 7496.58, "Plan Rows": 575704, "Plan Width": 0, "Index Cond": "((o_orderdate >= '1993-01-01'::date) AND (o_orderdate < '1993-04-01 00:00:00'::timestamp without time zone))"}]}, {"Node Type": "Bitmap Heap Scan", "Parent Relationship": "Inner", "Parallel Aware": false, "Relation Name": "lineitem", "Alias": "lineitem", "Startup Cost": 1.11, "Total Cost": 3.76, "Plan Rows": 10, "Plan Width": 4, "Recheck Cond": "(l_orderkey = orders.o_orderkey)", "Filter": "(l_commitdate < l_receiptdate)", "Plans": [{"Node Type": "Bitmap Index Scan", "Parent Relationship": "Outer", "Parallel Aware": false, "Index Name": "lineitem_pkey", "Startup Cost": 0.0, "Total Cost": 1.1, "Plan Rows": 30, "Plan Width": 0, "Index Cond": "(l_orderkey = orders.o_orderkey)"}]}]}]}]}]}]}]}}, {"Plan": {"Node Type": "Limit", "Parallel Aware": false, "Startup Cost": 1774536.25, "Total Cost": 1774573.47, "Plan Rows": 1, "Plan Width": 24, "Plans": [{"Node Type": "Aggregate", "Strategy": "Sorted", "Partial Mode": "Finalize", "Parent Relationship": "Outer", "Parallel Aware": false, "Startup Cost": 1774536.25, "Total Cost": 1774722.35, "Plan Rows": 5, "Plan Width": 24, "Group Key": ["orders.o_orderpriority"], "Plans": [{"Node Type": "Gather Merge", "Parent Relationship": "Outer", "Parallel Aware": false, "Startup Cost": 1774536.25, "Total Cost": 1774722.22, "Plan Rows": 15, "Plan Width": 24, "Workers Planned": 3, "Plans": [{"Node Type": "Aggregate", "Strategy": "Sorted", "Partial Mode": "Partial", "Parent Relationship": "Outer", "Parallel Aware": false, "Startup Cost": 1773536.21, "Total Cost": 1773720.42, "Plan Rows": 5, "Plan Width": 24, "Group Key": ["orders.o_orderpriority"], "Plans": [{"Node Type": "Sort", "Parent Relationship": "Outer", "Parallel Aware": false, "Startup Cost": 1773536.21, "Total Cost": 1773597.6, "Plan Rows": 24555, "Plan Width": 16, "Sort Key": ["orders.o_orderpriority"], "Plans": [{"Node Type": "Hash Join", "Parent Relationship": "Outer", "Parallel Aware": true, "Join Type": "Semi", "Startup Cost": 1479882.68, "Total Cost": 1771745.69, "Plan Rows": 24555, "Plan Width": 16, "Inner Unique": false, "Hash Cond": "(orders.o_orderkey = lineitem.l_orderkey)", "Plans": [{"Node Type": "Bitmap Heap Scan", "Parent Relationship": "Outer", "Parallel Aware": true, "Relation Name": "orders", "Alias": "orders", "Startup Cost": 7640.5, "Total Cost": 271338.17, "Plan Rows": 185711, "Plan Width": 20, "Recheck Cond": "((o_orderdate >= '1993-01-01'::date) AND (o_orderdate < '1993-04-01 00:00:00'::timestamp without time zone))", "Plans": [{"Node Type": "Bitmap Index Scan", "Parent Relationship": "Outer", "Parallel Aware": false, "Index Name": "idx_orders_orderdate", "Startup Cost": 0.0, "Total Cost": 7496.58, "Plan Rows": 575704, "Plan Width": 0, "Index Cond": "((o_orderdate >= '1993-01-01'::date) AND (o_orderdate < '1993-04-01 00:00:00'::timestamp without time zone))"}]}, {"Node Type": "Hash", "Parent Relationship": "Inner", "Parallel Aware": true, "Startup Cost": 1366420.13, "Total Cost": 1366420.13, "Plan Rows": 6450084, "Plan Width": 4, "Plans": [{"Node Type": "Seq Scan", "Parent Relationship": "Outer", "Parallel Aware": true, "Relation Name": "lineitem", "Alias": "lineitem", "Startup Cost": 0.0, "Total Cost": 1366420.13, "Plan Rows": 6450084, "Plan Width": 4, "Filter": "(l_commitdate < l_receiptdate)"}]}]}]}]}]}]}]}}, {"Plan": {"Node Type": "Limit", "Parallel Aware": false, "Startup Cost": 534555.33, "Total Cost": 534592.55, "Plan Rows": 1, "Plan Width": 24, "Plans": [{"Node Type": "Aggregate", "Strategy": "Sorted", "Partial Mode": "Finalize", "Parent Relationship": "Outer", "Parallel Aware": false, "Startup Cost": 534555.33, "Total Cost": 534741.43, "Plan Rows": 5, "Plan Width": 24, "Group Key": ["orders.o_orderpriority"], "Plans": [{"Node Type": "Gather Merge", "Parent Relationship": "Outer", "Parallel Aware": false, "Startup Cost": 534555.33, "Total Cost": 534741.31, "Plan Rows": 15, "Plan Width": 24, "Workers Planned": 3, "Plans": [{"Node Type": "Aggregate", "Strategy": "Sorted", "Partial Mode": "Partial", "Parent Relationship": "Outer", "Parallel Aware": false, "Startup Cost": 533555.29, "Total Cost": 533739.51, "Plan Rows": 5, "Plan Width": 24, "Group Key": ["orders.o_orderpriority"], "Plans": [{"Node Type": "Sort", "Parent Relationship": "Outer", "Parallel Aware": false, "Startup Cost": 533555.29, "Total Cost": 533616.68, "Plan Rows": 24555, "Plan Width": 16, "Sort Key": ["orders.o_orderpriority"], "Plans": [{"Node Type": "Nested Loop", "Parent Relationship": "Outer", "Parallel Aware": false, "Join Type": "Semi", "Startup Cost": 7641.61, "Total Cost": 531764.78, "Plan Rows": 24555, "Plan Width": 16, "Inner Unique": false, "Plans": [{"Node Type": "Bitmap Heap Scan", "Parent Relationship": "Outer", "Parallel Aware": true, "Relation Name": "orders", "Alias": "orders", "Startup Cost": 7640.5, "Total Cost": 271338.17, "Plan Rows": 185711, "Plan Width": 20, "Recheck Cond": "((o_orderdate >= '1993-01-01'::date) AND (o_orderdate < '1993-04-01 00:00:00'::timestamp without time zone))", "Plans": [{"Node Type": "Bitmap Index Scan", "Parent Relationship": "Outer", "Parallel Aware": false, "Index Name": "idx_orders_orderdate", "Startup Cost": 0.0, "Total Cost": 7496.58, "Plan Rows": 575704, "Plan Width": 0, "Index Cond": "((o_orderdate >= '1993-01-01'::date) AND (o_orderdate < '1993-04-01 00:00:00'::timestamp without time zone))"}]}, {"Node Type": "Bitmap Heap Scan", "Parent Relationship": "Inner", "Parallel Aware": false, "Relation Name": "lineitem", "Alias": "lineitem", "Startup Cost": 1.11, "Total Cost": 3.76, "Plan Rows": 10, "Plan Width": 4, "Recheck Cond": "(l_orderkey = orders.o_orderkey)", "Filter": "(l_commitdate < l_receiptdate)", "Plans": [{"Node Type": "Bitmap Index Scan", "Parent Relationship": "Outer", "Parallel Aware": false, "Index Name": "lineitem_pkey", "Startup Cost": 0.0, "Total Cost": 1.1, "Plan Rows": 30, "Plan Width": 0, "Index Cond": "(l_orderkey = orders.o_orderkey)"}]}]}]}]}]}]}]}}, {"Plan": {"Node Type": "Limit", "Parallel Aware": false, "Startup Cost": 1774536.25, "Total Cost": 1774573.47, "Plan Rows": 1, "Plan Width": 24, "Plans": [{"Node Type": "Aggregate", "Strategy": "Sorted", "Partial Mode": "Finalize", "Parent Relationship": "Outer", "Parallel Aware": false, "Startup Cost": 1774536.25, "Total Cost": 1774722.35, "Plan Rows": 5, "Plan Width": 24, "Group Key": ["orders.o_orderpriority"], "Plans": [{"Node Type": "Gather Merge", "Parent Relationship": "Outer", "Parallel Aware": false, "Startup Cost": 1774536.25, "Total Cost": 1774722.22, "Plan Rows": 15, "Plan Width": 24, "Workers Planned": 3, "Plans": [{"Node Type": "Aggregate", "Strategy": "Sorted", "Partial Mode": "Partial", "Parent Relationship": "Outer", "Parallel Aware": false, "Startup Cost": 1773536.21, "Total Cost": 1773720.42, "Plan Rows": 5, "Plan Width": 24, "Group Key": ["orders.o_orderpriority"], "Plans": [{"Node Type": "Sort", "Parent Relationship": "Outer", "Parallel Aware": false, "Startup Cost": 1773536.21, "Total Cost": 1773597.6, "Plan Rows": 24555, "Plan Width": 16, "Sort Key": ["orders.o_orderpriority"], "Plans": [{"Node Type": "Hash Join", "Parent Relationship": "Outer", "Parallel Aware": true, "Join Type": "Semi", "Startup Cost": 1479882.68, "Total Cost": 1771745.69, "Plan Rows": 24555, "Plan Width": 16, "Inner Unique": false, "Hash Cond": "(orders.o_orderkey = lineitem.l_orderkey)", "Plans": [{"Node Type": "Bitmap Heap Scan", "Parent Relationship": "Outer", "Parallel Aware": true, "Relation Name": "orders", "Alias": "orders", "Startup Cost": 7640.5, "Total Cost": 271338.17, "Plan Rows": 185711, "Plan Width": 20, "Recheck Cond": "((o_orderdate >= '1993-01-01'::date) AND (o_orderdate < '1993-04-01 00:00:00'::timestamp without time zone))", "Plans": [{"Node Type": "Bitmap Index Scan", "Parent Relationship": "Outer", "Parallel Aware": false, "Index Name": "idx_orders_orderdate", "Startup Cost": 0.0, "Total Cost": 7496.58, "Plan Rows": 575704, "Plan Width": 0, "Index Cond": "((o_orderdate >= '1993-01-01'::date) AND (o_orderdate < '1993-04-01 00:00:00'::timestamp without time zone))"}]}, {"Node Type": "Hash", "Parent Relationship": "Inner", "Parallel Aware": true, "Startup Cost": 1366420.13, "Total Cost": 1366420.13, "Plan Rows": 6450084, "Plan Width": 4, "Plans": [{"Node Type": "Seq Scan", "Parent Relationship": "Outer", "Parallel Aware": true, "Relation Name": "lineitem", "Alias": "lineitem", "Startup Cost": 0.0, "Total Cost": 1366420.13, "Plan Rows": 6450084, "Plan Width": 4, "Filter": "(l_commitdate < l_receiptdate)"}]}]}]}]}]}]}]}}, {"Plan": {"Node Type": "Limit", "Parallel Aware": false, "Startup Cost": 2699185.38, "Total Cost": 2699222.6, "Plan Rows": 1, "Plan Width": 24, "Plans": [{"Node Type": "Aggregate", "Strategy": "Sorted", "Partial Mode": "Finalize", "Parent Relationship": "Outer", "Parallel Aware": false, "Startup Cost": 2699185.38, "Total Cost": 2699371.48, "Plan Rows": 5, "Plan Width": 24, "Group Key": ["orders.o_orderpriority"], "Plans": [{"Node Type": "Gather Merge", "Parent Relationship": "Outer", "Parallel Aware": false, "Startup Cost": 2699185.38, "Total Cost": 2699371.35, "Plan Rows": 15, "Plan Width": 24, "Workers Planned": 3, "Plans": [{"Node Type": "Aggregate", "Strategy": "Sorted", "Partial Mode": "Partial", "Parent Relationship": "Outer", "Parallel Aware": false, "Startup Cost": 2698185.34, "Total Cost": 2698369.55, "Plan Rows": 5, "Plan Width": 24, "Group Key": ["orders.o_orderpriority"], "Plans": [{"Node Type": "Sort", "Parent Relationship": "Outer", "Parallel Aware": false, "Startup Cost": 2698185.34, "Total Cost": 2698246.73, "Plan Rows": 24555, "Plan Width": 16, "Sort Key": ["orders.o_orderpriority"], "Plans": [{"Node Type": "Merge Join", "Parent Relationship": "Outer", "Parallel Aware": false, "Join Type": "Semi", "Startup Cost": 287649.9, "Total Cost": 2696394.82, "Plan Rows": 24555, "Plan Width": 16, "Inner Unique": false, "Merge Cond": "(orders.o_orderkey = lineitem.l_orderkey)", "Plans": [{"Node Type": "Sort", "Parent Relationship": "Outer", "Parallel Aware": false, "Startup Cost": 287590.38, "Total Cost": 288054.66, "Plan Rows": 185711, "Plan Width": 20, "Sort Key": ["orders.o_orderkey"], "Plans": [{"Node Type": "Bitmap Heap Scan", "Parent Relationship": "Outer", "Parallel Aware": true, "Relation Name": "orders", "Alias": "orders", "Startup Cost": 7640.5, "Total Cost": 271338.17, "Plan Rows": 185711, "Plan Width": 20, "Recheck Cond": "((o_orderdate >= '1993-01-01'::date) AND (o_orderdate < '1993-04-01 00:00:00'::timestamp without time zone))", "Plans": [{"Node Type": "Bitmap Index Scan", "Parent Relationship": "Outer", "Parallel Aware": false, "Index Name": "idx_orders_orderdate", "Startup Cost": 0.0, "Total Cost": 7496.58, "Plan Rows": 575704, "Plan Width": 0, "Index Cond": "((o_orderdate >= '1993-01-01'::date) AND (o_orderdate < '1993-04-01 00:00:00'::timestamp without time zone))"}]}]}, {"Node Type": "Index Scan", "Parent Relationship": "Inner", "Parallel Aware": false, "Scan Direction": "Forward", "Index Name": "idx_lineitem_orderkey", "Relation Name": "lineitem", "Alias": "lineitem", "Startup Cost": 0.56, "Total Cost": 2355412.05, "Plan Rows": 19995259, "Plan Width": 4, "Filter": "(l_commitdate < l_receiptdate)"}]}]}]}]}]}]}}, {"Plan": {"Node Type": "Limit", "Parallel Aware": false, "Startup Cost": 416286.03, "Total Cost": 416323.25, "Plan Rows": 1, "Plan Width": 24, "Plans": [{"Node Type": "Aggregate", "Strategy": "Sorted", "Partial Mode": "Finalize", "Parent Relationship": "Outer", "Parallel Aware": false, "Startup Cost": 416286.03, "Total Cost": 416472.13, "Plan Rows": 5, "Plan Width": 24, "Group Key": ["orders.o_orderpriority"], "Plans": [{"Node Type": "Gather Merge", "Parent Relationship": "Outer", "Parallel Aware": false, "Startup Cost": 416286.03, "Total Cost": 416472.01, "Plan Rows": 15, "Plan Width": 24, "Workers Planned": 3, "Plans": [{"Node Type": "Aggregate", "Strategy": "Sorted", "Partial Mode": "Partial", "Parent Relationship": "Outer", "Parallel Aware": false, "Startup Cost": 415285.99, "Total Cost": 415470.2, "Plan Rows": 5, "Plan Width": 24, "Group Key": ["orders.o_orderpriority"], "Plans": [{"Node Type": "Sort", "Parent Relationship": "Outer", "Parallel Aware": false, "Startup Cost": 415285.99, "Total Cost": 415347.38, "Plan Rows": 24555, "Plan Width": 16, "Sort Key": ["orders.o_orderpriority"], "Plans": [{"Node Type": "Nested Loop", "Parent Relationship": "Outer", "Parallel Aware": false, "Join Type": "Semi", "Startup Cost": 7641.07, "Total Cost": 413495.47, "Plan Rows": 24555, "Plan Width": 16, "Inner Unique": false, "Plans": [{"Node Type": "Bitmap Heap Scan", "Parent Relationship": "Outer", "Parallel Aware": true, "Relation Name": "orders", "Alias": "orders", "Startup Cost": 7640.5, "Total Cost": 271338.17, "Plan Rows": 185711, "Plan Width": 20, "Recheck Cond": "((o_orderdate >= '1993-01-01'::date) AND (o_orderdate < '1993-04-01 00:00:00'::timestamp without time zone))", "Plans": [{"Node Type": "Bitmap Index Scan", "Parent Relationship": "Outer", "Parallel Aware": false, "Index Name": "idx_orders_orderdate", "Startup Cost": 0.0, "Total Cost": 7496.58, "Plan Rows": 575704, "Plan Width": 0, "Index Cond": "((o_orderdate >= '1993-01-01'::date) AND (o_orderdate < '1993-04-01 00:00:00'::timestamp without time zone))"}]}, {"Node Type": "Index Scan", "Parent Relationship": "Inner", "Parallel Aware": false, "Scan Direction": "Forward", "Index Name": "idx_lineitem_orderkey", "Relation Name": "lineitem", "Alias": "lineitem", "Startup Cost": 0.56, "Total Cost": 2.36, "Plan Rows": 10, "Plan Width": 4, "Index Cond": "(l_orderkey = orders.o_orderkey)", "Filter": "(l_commitdate < l_receiptdate)"}]}]}]}]}]}]}}, {"Plan": {"Node Type": "Limit", "Parallel Aware": false, "Startup Cost": 416286.03, "Total Cost": 416323.25, "Plan Rows": 1, "Plan Width": 24, "Plans": [{"Node Type": "Aggregate", "Strategy": "Sorted", "Partial Mode": "Finalize", "Parent Relationship": "Outer", "Parallel Aware": false, "Startup Cost": 416286.03, "Total Cost": 416472.13, "Plan Rows": 5, "Plan Width": 24, "Group Key": ["orders.o_orderpriority"], "Plans": [{"Node Type": "Gather Merge", "Parent Relationship": "Outer", "Parallel Aware": false, "Startup Cost": 416286.03, "Total Cost": 416472.01, "Plan Rows": 15, "Plan Width": 24, "Workers Planned": 3, "Plans": [{"Node Type": "Aggregate", "Strategy": "Sorted", "Partial Mode": "Partial", "Parent Relationship": "Outer", "Parallel Aware": false, "Startup Cost": 415285.99, "Total Cost": 415470.2, "Plan Rows": 5, "Plan Width": 24, "Group Key": ["orders.o_orderpriority"], "Plans": [{"Node Type": "Sort", "Parent Relationship": "Outer", "Parallel Aware": false, "Startup Cost": 415285.99, "Total Cost": 415347.38, "Plan Rows": 24555, "Plan Width": 16, "Sort Key": ["orders.o_orderpriority"], "Plans": [{"Node Type": "Nested Loop", "Parent Relationship": "Outer", "Parallel Aware": false, "Join Type": "Semi", "Startup Cost": 7641.07, "Total Cost": 413495.47, "Plan Rows": 24555, "Plan Width": 16, "Inner Unique": false, "Plans": [{"Node Type": "Bitmap Heap Scan", "Parent Relationship": "Outer", "Parallel Aware": true, "Relation Name": "orders", "Alias": "orders", "Startup Cost": 7640.5, "Total Cost": 271338.17, "Plan Rows": 185711, "Plan Width": 20, "Recheck Cond": "((o_orderdate >= '1993-01-01'::date) AND (o_orderdate < '1993-04-01 00:00:00'::timestamp without time zone))", "Plans": [{"Node Type": "Bitmap Index Scan", "Parent Relationship": "Outer", "Parallel Aware": false, "Index Name": "idx_orders_orderdate", "Startup Cost": 0.0, "Total Cost": 7496.58, "Plan Rows": 575704, "Plan Width": 0, "Index Cond": "((o_orderdate >= '1993-01-01'::date) AND (o_orderdate < '1993-04-01 00:00:00'::timestamp without time zone))"}]}, {"Node Type": "Index Scan", "Parent Relationship": "Inner", "Parallel Aware": false, "Scan Direction": "Forward", "Index Name": "idx_lineitem_orderkey", "Relation Name": "lineitem", "Alias": "lineitem", "Startup Cost": 0.56, "Total Cost": 2.36, "Plan Rows": 10, "Plan Width": 4, "Index Cond": "(l_orderkey = orders.o_orderkey)", "Filter": "(l_commitdate < l_receiptdate)"}]}]}]}]}]}]}}, {"Plan": {"Node Type": "Limit", "Parallel Aware": false, "Startup Cost": 2864860.29, "Total Cost": 2864897.51, "Plan Rows": 1, "Plan Width": 24, "Plans": [{"Node Type": "Aggregate", "Strategy": "Sorted", "Partial Mode": "Finalize", "Parent Relationship": "Outer", "Parallel Aware": false, "Startup Cost": 2864860.29, "Total Cost": 2865046.39, "Plan Rows": 5, "Plan Width": 24, "Group Key": ["orders.o_orderpriority"], "Plans": [{"Node Type": "Gather Merge", "Parent Relationship": "Outer", "Parallel Aware": false, "Startup Cost": 2864860.29, "Total Cost": 2865046.27, "Plan Rows": 15, "Plan Width": 24, "Workers Planned": 3, "Plans": [{"Node Type": "Aggregate", "Strategy": "Sorted", "Partial Mode": "Partial", "Parent Relationship": "Outer", "Parallel Aware": false, "Startup Cost": 2863860.25, "Total Cost": 2864044.47, "Plan Rows": 5, "Plan Width": 24, "Group Key": ["orders.o_orderpriority"], "Plans": [{"Node Type": "Sort", "Parent Relationship": "Outer", "Parallel Aware": false, "Startup Cost": 2863860.25, "Total Cost": 2863921.64, "Plan Rows": 24555, "Plan Width": 16, "Sort Key": ["orders.o_orderpriority"], "Plans": [{"Node Type": "Merge Join", "Parent Relationship": "Outer", "Parallel Aware": false, "Join Type": "Semi", "Startup Cost": 59.95, "Total Cost": 2862069.74, "Plan Rows": 24555, "Plan Width": 16, "Inner Unique": false, "Merge Cond": "(orders.o_orderkey = lineitem.l_orderkey)", "Plans": [{"Node Type": "Index Scan", "Parent Relationship": "Outer", "Parallel Aware": true, "Scan Direction": "Forward", "Index Name": "orders_pkey", "Relation Name": "orders", "Alias": "orders", "Startup Cost": 0.43, "Total Cost": 453729.58, "Plan Rows": 185711, "Plan Width": 20, "Filter": "((o_orderdate >= '1993-01-01'::date) AND (o_orderdate < '1993-04-01 00:00:00'::timestamp without time zone))"}, {"Node Type": "Index Scan", "Parent Relationship": "Inner", "Parallel Aware": false, "Scan Direction": "Forward", "Index Name": "idx_lineitem_orderkey", "Relation Name": "lineitem", "Alias": "lineitem", "Startup Cost": 0.56, "Total Cost": 2355412.05, "Plan Rows": 19995259, "Plan Width": 4, "Filter": "(l_commitdate < l_receiptdate)"}]}]}]}]}]}]}}, {"Plan": {"Node Type": "Limit", "Parallel Aware": false, "Startup Cost": 416286.03, "Total Cost": 416323.25, "Plan Rows": 1, "Plan Width": 24, "Plans": [{"Node Type": "Aggregate", "Strategy": "Sorted", "Partial Mode": "Finalize", "Parent Relationship": "Outer", "Parallel Aware": false, "Startup Cost": 416286.03, "Total Cost": 416472.13, "Plan Rows": 5, "Plan Width": 24, "Group Key": ["orders.o_orderpriority"], "Plans": [{"Node Type": "Gather Merge", "Parent Relationship": "Outer", "Parallel Aware": false, "Startup Cost": 416286.03, "Total Cost": 416472.01, "Plan Rows": 15, "Plan Width": 24, "Workers Planned": 3, "Plans": [{"Node Type": "Aggregate", "Strategy": "Sorted", "Partial Mode": "Partial", "Parent Relationship": "Outer", "Parallel Aware": false, "Startup Cost": 415285.99, "Total Cost": 415470.2, "Plan Rows": 5, "Plan Width": 24, "Group Key": ["orders.o_orderpriority"], "Plans": [{"Node Type": "Sort", "Parent Relationship": "Outer", "Parallel Aware": false, "Startup Cost": 415285.99, "Total Cost": 415347.38, "Plan Rows": 24555, "Plan Width": 16, "Sort Key": ["orders.o_orderpriority"], "Plans": [{"Node Type": "Nested Loop", "Parent Relationship": "Outer", "Parallel Aware": false, "Join Type": "Semi", "Startup Cost": 7641.07, "Total Cost": 413495.47, "Plan Rows": 24555, "Plan Width": 16, "Inner Unique": false, "Plans": [{"Node Type": "Bitmap Heap Scan", "Parent Relationship": "Outer", "Parallel Aware": true, "Relation Name": "orders", "Alias": "orders", "Startup Cost": 7640.5, "Total Cost": 271338.17, "Plan Rows": 185711, "Plan Width": 20, "Recheck Cond": "((o_orderdate >= '1993-01-01'::date) AND (o_orderdate < '1993-04-01 00:00:00'::timestamp without time zone))", "Plans": [{"Node Type": "Bitmap Index Scan", "Parent Relationship": "Outer", "Parallel Aware": false, "Index Name": "idx_orders_orderdate", "Startup Cost": 0.0, "Total Cost": 7496.58, "Plan Rows": 575704, "Plan Width": 0, "Index Cond": "((o_orderdate >= '1993-01-01'::date) AND (o_orderdate < '1993-04-01 00:00:00'::timestamp without time zone))"}]}, {"Node Type": "Index Scan", "Parent Relationship": "Inner", "Parallel Aware": false, "Scan Direction": "Forward", "Index Name": "idx_lineitem_orderkey", "Relation Name": "lineitem", "Alias": "lineitem", "Startup Cost": 0.56, "Total Cost": 2.36, "Plan Rows": 10, "Plan Width": 4, "Index Cond": "(l_orderkey = orders.o_orderkey)", "Filter": "(l_commitdate < l_receiptdate)"}]}]}]}]}]}]}}, {"Plan": {"Node Type": "Limit", "Parallel Aware": false, "Startup Cost": 416286.03, "Total Cost": 416323.25, "Plan Rows": 1, "Plan Width": 24, "Plans": [{"Node Type": "Aggregate", "Strategy": "Sorted", "Partial Mode": "Finalize", "Parent Relationship": "Outer", "Parallel Aware": false, "Startup Cost": 416286.03, "Total Cost": 416472.13, "Plan Rows": 5, "Plan Width": 24, "Group Key": ["orders.o_orderpriority"], "Plans": [{"Node Type": "Gather Merge", "Parent Relationship": "Outer", "Parallel Aware": false, "Startup Cost": 416286.03, "Total Cost": 416472.01, "Plan Rows": 15, "Plan Width": 24, "Workers Planned": 3, "Plans": [{"Node Type": "Aggregate", "Strategy": "Sorted", "Partial Mode": "Partial", "Parent Relationship": "Outer", "Parallel Aware": false, "Startup Cost": 415285.99, "Total Cost": 415470.2, "Plan Rows": 5, "Plan Width": 24, "Group Key": ["orders.o_orderpriority"], "Plans": [{"Node Type": "Sort", "Parent Relationship": "Outer", "Parallel Aware": false, "Startup Cost": 415285.99, "Total Cost": 415347.38, "Plan Rows": 24555, "Plan Width": 16, "Sort Key": ["orders.o_orderpriority"], "Plans": [{"Node Type": "Nested Loop", "Parent Relationship": "Outer", "Parallel Aware": false, "Join Type": "Semi", "Startup Cost": 7641.07, "Total Cost": 413495.47, "Plan Rows": 24555, "Plan Width": 16, "Inner Unique": false, "Plans": [{"Node Type": "Bitmap Heap Scan", "Parent Relationship": "Outer", "Parallel Aware": true, "Relation Name": "orders", "Alias": "orders", "Startup Cost": 7640.5, "Total Cost": 271338.17, "Plan Rows": 185711, "Plan Width": 20, "Recheck Cond": "((o_orderdate >= '1993-01-01'::date) AND (o_orderdate < '1993-04-01 00:00:00'::timestamp without time zone))", "Plans": [{"Node Type": "Bitmap Index Scan", "Parent Relationship": "Outer", "Parallel Aware": false, "Index Name": "idx_orders_orderdate", "Startup Cost": 0.0, "Total Cost": 7496.58, "Plan Rows": 575704, "Plan Width": 0, "Index Cond": "((o_orderdate >= '1993-01-01'::date) AND (o_orderdate < '1993-04-01 00:00:00'::timestamp without time zone))"}]}, {"Node Type": "Index Scan", "Parent Relationship": "Inner", "Parallel Aware": false, "Scan Direction": "Forward", "Index Name": "idx_lineitem_orderkey", "Relation Name": "lineitem", "Alias": "lineitem", "Startup Cost": 0.56, "Total Cost": 2.36, "Plan Rows": 10, "Plan Width": 4, "Index Cond": "(l_orderkey = orders.o_orderkey)", "Filter": "(l_commitdate < l_receiptdate)"}]}]}]}]}]}]}}, {"Plan": {"Node Type": "Limit", "Parallel Aware": false, "Startup Cost": 10001090682.5, "Total Cost": 10001090796.69, "Plan Rows": 1, "Plan Width": 24, "Plans": [{"Node Type": "Aggregate", "Strategy": "Sorted", "Partial Mode": "Simple", "Parent Relationship": "Outer", "Parallel Aware": false, "Startup Cost": 10001090682.5, "Total Cost": 10001091253.45, "Plan Rows": 5, "Plan Width": 24, "Group Key": ["orders.o_orderpriority"], "Plans": [{"Node Type": "Sort", "Parent Relationship": "Outer", "Parallel Aware": false, "Startup Cost": 10001090682.5, "Total Cost": 10001090872.8, "Plan Rows": 76119, "Plan Width": 16, "Sort Key": ["orders.o_orderpriority"], "Plans": [{"Node Type": "Nested Loop", "Parent Relationship": "Outer", "Parallel Aware": false, "Join Type": "Semi", "Startup Cost": 10000007641.61, "Total Cost": 10001084510.79, "Plan Rows": 76119, "Plan Width": 16, "Inner Unique": false, "Plans": [{"Node Type": "Bitmap Heap Scan", "Parent Relationship": "Outer", "Parallel Aware": false, "Relation Name": "orders", "Alias": "orders", "Startup Cost": 7640.5, "Total Cost": 277188.06, "Plan Rows": 575704, "Plan Width": 20, "Recheck Cond": "((o_orderdate >= '1993-01-01'::date) AND (o_orderdate < '1993-04-01 00:00:00'::timestamp without time zone))", "Plans": [{"Node Type": "Bitmap Index Scan", "Parent Relationship": "Outer", "Parallel Aware": false, "Index Name": "idx_orders_orderdate", "Startup Cost": 0.0, "Total Cost": 7496.58, "Plan Rows": 575704, "Plan Width": 0, "Index Cond": "((o_orderdate >= '1993-01-01'::date) AND (o_orderdate < '1993-04-01 00:00:00'::timestamp without time zone))"}]}, {"Node Type": "Bitmap Heap Scan", "Parent Relationship": "Inner", "Parallel Aware": false, "Relation Name": "lineitem", "Alias": "lineitem", "Startup Cost": 1.11, "Total Cost": 3.76, "Plan Rows": 10, "Plan Width": 4, "Recheck Cond": "(l_orderkey = orders.o_orderkey)", "Filter": "(l_commitdate < l_receiptdate)", "Plans": [{"Node Type": "Bitmap Index Scan", "Parent Relationship": "Outer", "Parallel Aware": false, "Index Name": "lineitem_pkey", "Startup Cost": 0.0, "Total Cost": 1.1, "Plan Rows": 30, "Plan Width": 0, "Index Cond": "(l_orderkey = orders.o_orderkey)"}]}]}]}]}]}}, {"Plan": {"Node Type": "Limit", "Parallel Aware": false, "Startup Cost": 534555.33, "Total Cost": 534592.55, "Plan Rows": 1, "Plan Width": 24, "Plans": [{"Node Type": "Aggregate", "Strategy": "Sorted", "Partial Mode": "Finalize", "Parent Relationship": "Outer", "Parallel Aware": false, "Startup Cost": 534555.33, "Total Cost": 534741.43, "Plan Rows": 5, "Plan Width": 24, "Group Key": ["orders.o_orderpriority"], "Plans": [{"Node Type": "Gather Merge", "Parent Relationship": "Outer", "Parallel Aware": false, "Startup Cost": 534555.33, "Total Cost": 534741.31, "Plan Rows": 15, "Plan Width": 24, "Workers Planned": 3, "Plans": [{"Node Type": "Aggregate", "Strategy": "Sorted", "Partial Mode": "Partial", "Parent Relationship": "Outer", "Parallel Aware": false, "Startup Cost": 533555.29, "Total Cost": 533739.51, "Plan Rows": 5, "Plan Width": 24, "Group Key": ["orders.o_orderpriority"], "Plans": [{"Node Type": "Sort", "Parent Relationship": "Outer", "Parallel Aware": false, "Startup Cost": 533555.29, "Total Cost": 533616.68, "Plan Rows": 24555, "Plan Width": 16, "Sort Key": ["orders.o_orderpriority"], "Plans": [{"Node Type": "Nested Loop", "Parent Relationship": "Outer", "Parallel Aware": false, "Join Type": "Semi", "Startup Cost": 7641.61, "Total Cost": 531764.78, "Plan Rows": 24555, "Plan Width": 16, "Inner Unique": false, "Plans": [{"Node Type": "Bitmap Heap Scan", "Parent Relationship": "Outer", "Parallel Aware": true, "Relation Name": "orders", "Alias": "orders", "Startup Cost": 7640.5, "Total Cost": 271338.17, "Plan Rows": 185711, "Plan Width": 20, "Recheck Cond": "((o_orderdate >= '1993-01-01'::date) AND (o_orderdate < '1993-04-01 00:00:00'::timestamp without time zone))", "Plans": [{"Node Type": "Bitmap Index Scan", "Parent Relationship": "Outer", "Parallel Aware": false, "Index Name": "idx_orders_orderdate", "Startup Cost": 0.0, "Total Cost": 7496.58, "Plan Rows": 575704, "Plan Width": 0, "Index Cond": "((o_orderdate >= '1993-01-01'::date) AND (o_orderdate < '1993-04-01 00:00:00'::timestamp without time zone))"}]}, {"Node Type": "Bitmap Heap Scan", "Parent Relationship": "Inner", "Parallel Aware": false, "Relation Name": "lineitem", "Alias": "lineitem", "Startup Cost": 1.11, "Total Cost": 3.76, "Plan Rows": 10, "Plan Width": 4, "Recheck Cond": "(l_orderkey = orders.o_orderkey)", "Filter": "(l_commitdate < l_receiptdate)", "Plans": [{"Node Type": "Bitmap Index Scan", "Parent Relationship": "Outer", "Parallel Aware": false, "Index Name": "lineitem_pkey", "Startup Cost": 0.0, "Total Cost": 1.1, "Plan Rows": 30, "Plan Width": 0, "Index Cond": "(l_orderkey = orders.o_orderkey)"}]}]}]}]}]}]}]}}, {"Plan": {"Node Type": "Limit", "Parallel Aware": false, "Startup Cost": 534555.33, "Total Cost": 534592.55, "Plan Rows": 1, "Plan Width": 24, "Plans": [{"Node Type": "Aggregate", "Strategy": "Sorted", "Partial Mode": "Finalize", "Parent Relationship": "Outer", "Parallel Aware": false, "Startup Cost": 534555.33, "Total Cost": 534741.43, "Plan Rows": 5, "Plan Width": 24, "Group Key": ["orders.o_orderpriority"], "Plans": [{"Node Type": "Gather Merge", "Parent Relationship": "Outer", "Parallel Aware": false, "Startup Cost": 534555.33, "Total Cost": 534741.31, "Plan Rows": 15, "Plan Width": 24, "Workers Planned": 3, "Plans": [{"Node Type": "Aggregate", "Strategy": "Sorted", "Partial Mode": "Partial", "Parent Relationship": "Outer", "Parallel Aware": false, "Startup Cost": 533555.29, "Total Cost": 533739.51, "Plan Rows": 5, "Plan Width": 24, "Group Key": ["orders.o_orderpriority"], "Plans": [{"Node Type": "Sort", "Parent Relationship": "Outer", "Parallel Aware": false, "Startup Cost": 533555.29, "Total Cost": 533616.68, "Plan Rows": 24555, "Plan Width": 16, "Sort Key": ["orders.o_orderpriority"], "Plans": [{"Node Type": "Nested Loop", "Parent Relationship": "Outer", "Parallel Aware": false, "Join Type": "Semi", "Startup Cost": 7641.61, "Total Cost": 531764.78, "Plan Rows": 24555, "Plan Width": 16, "Inner Unique": false, "Plans": [{"Node Type": "Bitmap Heap Scan", "Parent Relationship": "Outer", "Parallel Aware": true, "Relation Name": "orders", "Alias": "orders", "Startup Cost": 7640.5, "Total Cost": 271338.17, "Plan Rows": 185711, "Plan Width": 20, "Recheck Cond": "((o_orderdate >= '1993-01-01'::date) AND (o_orderdate < '1993-04-01 00:00:00'::timestamp without time zone))", "Plans": [{"Node Type": "Bitmap Index Scan", "Parent Relationship": "Outer", "Parallel Aware": false, "Index Name": "idx_orders_orderdate", "Startup Cost": 0.0, "Total Cost": 7496.58, "Plan Rows": 575704, "Plan Width": 0, "Index Cond": "((o_orderdate >= '1993-01-01'::date) AND (o_orderdate < '1993-04-01 00:00:00'::timestamp without time zone))"}]}, {"Node Type": "Bitmap Heap Scan", "Parent Relationship": "Inner", "Parallel Aware": false, "Relation Name": "lineitem", "Alias": "lineitem", "Startup Cost": 1.11, "Total Cost": 3.76, "Plan Rows": 10, "Plan Width": 4, "Recheck Cond": "(l_orderkey = orders.o_orderkey)", "Filter": "(l_commitdate < l_receiptdate)", "Plans": [{"Node Type": "Bitmap Index Scan", "Parent Relationship": "Outer", "Parallel Aware": false, "Index Name": "lineitem_pkey", "Startup Cost": 0.0, "Total Cost": 1.1, "Plan Rows": 30, "Plan Width": 0, "Index Cond": "(l_orderkey = orders.o_orderkey)"}]}]}]}]}]}]}]}}, {"Plan": {"Node Type": "Limit", "Parallel Aware": false, "Startup Cost": 4852985.57, "Total Cost": 4853022.79, "Plan Rows": 1, "Plan Width": 24, "Plans": [{"Node Type": "Aggregate", "Strategy": "Sorted", "Partial Mode": "Finalize", "Parent Relationship": "Outer", "Parallel Aware": false, "Startup Cost": 4852985.57, "Total Cost": 4853171.67, "Plan Rows": 5, "Plan Width": 24, "Group Key": ["orders.o_orderpriority"], "Plans": [{"Node Type": "Gather Merge", "Parent Relationship": "Outer", "Parallel Aware": false, "Startup Cost": 4852985.57, "Total Cost": 4853171.55, "Plan Rows": 15, "Plan Width": 24, "Workers Planned": 3, "Plans": [{"Node Type": "Aggregate", "Strategy": "Sorted", "Partial Mode": "Partial", "Parent Relationship": "Outer", "Parallel Aware": false, "Startup Cost": 4851985.53, "Total Cost": 4852169.75, "Plan Rows": 5, "Plan Width": 24, "Group Key": ["orders.o_orderpriority"], "Plans": [{"Node Type": "Sort", "Parent Relationship": "Outer", "Parallel Aware": false, "Startup Cost": 4851985.53, "Total Cost": 4852046.92, "Plan Rows": 24555, "Plan Width": 16, "Sort Key": ["orders.o_orderpriority"], "Plans": [{"Node Type": "Merge Join", "Parent Relationship": "Outer", "Parallel Aware": false, "Join Type": "Semi", "Startup Cost": 4746816.93, "Total Cost": 4850195.02, "Plan Rows": 24555, "Plan Width": 16, "Inner Unique": false, "Merge Cond": "(orders.o_orderkey = lineitem.l_orderkey)", "Plans": [{"Node Type": "Sort", "Parent Relationship": "Outer", "Parallel Aware": false, "Startup Cost": 287590.38, "Total Cost": 288054.66, "Plan Rows": 185711, "Plan Width": 20, "Sort Key": ["orders.o_orderkey"], "Plans": [{"Node Type": "Bitmap Heap Scan", "Parent Relationship": "Outer", "Parallel Aware": true, "Relation Name": "orders", "Alias": "orders", "Startup Cost": 7640.5, "Total Cost": 271338.17, "Plan Rows": 185711, "Plan Width": 20, "Recheck Cond": "((o_orderdate >= '1993-01-01'::date) AND (o_orderdate < '1993-04-01 00:00:00'::timestamp without time zone))", "Plans": [{"Node Type": "Bitmap Index Scan", "Parent Relationship": "Outer", "Parallel Aware": false, "Index Name": "idx_orders_orderdate", "Startup Cost": 0.0, "Total Cost": 7496.58, "Plan Rows": 575704, "Plan Width": 0, "Index Cond": "((o_orderdate >= '1993-01-01'::date) AND (o_orderdate < '1993-04-01 00:00:00'::timestamp without time zone))"}]}]}, {"Node Type": "Sort", "Parent Relationship": "Inner", "Parallel Aware": false, "Startup Cost": 4459224.09, "Total Cost": 4509212.24, "Plan Rows": 19995259, "Plan Width": 4, "Sort Key": ["lineitem.l_orderkey"], "Plans": [{"Node Type": "Seq Scan", "Parent Relationship": "Outer", "Parallel Aware": false, "Relation Name": "lineitem", "Alias": "lineitem", "Startup Cost": 0.0, "Total Cost": 1874364.2, "Plan Rows": 19995259, "Plan Width": 4, "Filter": "(l_commitdate < l_receiptdate)"}]}]}]}]}]}]}]}}, {"Plan": {"Node Type": "Limit", "Parallel Aware": false, "Startup Cost": 534555.33, "Total Cost": 534592.55, "Plan Rows": 1, "Plan Width": 24, "Plans": [{"Node Type": "Aggregate", "Strategy": "Sorted", "Partial Mode": "Finalize", "Parent Relationship": "Outer", "Parallel Aware": false, "Startup Cost": 534555.33, "Total Cost": 534741.43, "Plan Rows": 5, "Plan Width": 24, "Group Key": ["orders.o_orderpriority"], "Plans": [{"Node Type": "Gather Merge", "Parent Relationship": "Outer", "Parallel Aware": false, "Startup Cost": 534555.33, "Total Cost": 534741.31, "Plan Rows": 15, "Plan Width": 24, "Workers Planned": 3, "Plans": [{"Node Type": "Aggregate", "Strategy": "Sorted", "Partial Mode": "Partial", "Parent Relationship": "Outer", "Parallel Aware": false, "Startup Cost": 533555.29, "Total Cost": 533739.51, "Plan Rows": 5, "Plan Width": 24, "Group Key": ["orders.o_orderpriority"], "Plans": [{"Node Type": "Sort", "Parent Relationship": "Outer", "Parallel Aware": false, "Startup Cost": 533555.29, "Total Cost": 533616.68, "Plan Rows": 24555, "Plan Width": 16, "Sort Key": ["orders.o_orderpriority"], "Plans": [{"Node Type": "Nested Loop", "Parent Relationship": "Outer", "Parallel Aware": false, "Join Type": "Semi", "Startup Cost": 7641.61, "Total Cost": 531764.78, "Plan Rows": 24555, "Plan Width": 16, "Inner Unique": false, "Plans": [{"Node Type": "Bitmap Heap Scan", "Parent Relationship": "Outer", "Parallel Aware": true, "Relation Name": "orders", "Alias": "orders", "Startup Cost": 7640.5, "Total Cost": 271338.17, "Plan Rows": 185711, "Plan Width": 20, "Recheck Cond": "((o_orderdate >= '1993-01-01'::date) AND (o_orderdate < '1993-04-01 00:00:00'::timestamp without time zone))", "Plans": [{"Node Type": "Bitmap Index Scan", "Parent Relationship": "Outer", "Parallel Aware": false, "Index Name": "idx_orders_orderdate", "Startup Cost": 0.0, "Total Cost": 7496.58, "Plan Rows": 575704, "Plan Width": 0, "Index Cond": "((o_orderdate >= '1993-01-01'::date) AND (o_orderdate < '1993-04-01 00:00:00'::timestamp without time zone))"}]}, {"Node Type": "Bitmap Heap Scan", "Parent Relationship": "Inner", "Parallel Aware": false, "Relation Name": "lineitem", "Alias": "lineitem", "Startup Cost": 1.11, "Total Cost": 3.76, "Plan Rows": 10, "Plan Width": 4, "Recheck Cond": "(l_orderkey = orders.o_orderkey)", "Filter": "(l_commitdate < l_receiptdate)", "Plans": [{"Node Type": "Bitmap Index Scan", "Parent Relationship": "Outer", "Parallel Aware": false, "Index Name": "lineitem_pkey", "Startup Cost": 0.0, "Total Cost": 1.1, "Plan Rows": 30, "Plan Width": 0, "Index Cond": "(l_orderkey = orders.o_orderkey)"}]}]}]}]}]}]}]}}, {"Plan": {"Node Type": "Limit", "Parallel Aware": false, "Startup Cost": 534555.33, "Total Cost": 534592.55, "Plan Rows": 1, "Plan Width": 24, "Plans": [{"Node Type": "Aggregate", "Strategy": "Sorted", "Partial Mode": "Finalize", "Parent Relationship": "Outer", "Parallel Aware": false, "Startup Cost": 534555.33, "Total Cost": 534741.43, "Plan Rows": 5, "Plan Width": 24, "Group Key": ["orders.o_orderpriority"], "Plans": [{"Node Type": "Gather Merge", "Parent Relationship": "Outer", "Parallel Aware": false, "Startup Cost": 534555.33, "Total Cost": 534741.31, "Plan Rows": 15, "Plan Width": 24, "Workers Planned": 3, "Plans": [{"Node Type": "Aggregate", "Strategy": "Sorted", "Partial Mode": "Partial", "Parent Relationship": "Outer", "Parallel Aware": false, "Startup Cost": 533555.29, "Total Cost": 533739.51, "Plan Rows": 5, "Plan Width": 24, "Group Key": ["orders.o_orderpriority"], "Plans": [{"Node Type": "Sort", "Parent Relationship": "Outer", "Parallel Aware": false, "Startup Cost": 533555.29, "Total Cost": 533616.68, "Plan Rows": 24555, "Plan Width": 16, "Sort Key": ["orders.o_orderpriority"], "Plans": [{"Node Type": "Nested Loop", "Parent Relationship": "Outer", "Parallel Aware": false, "Join Type": "Semi", "Startup Cost": 7641.61, "Total Cost": 531764.78, "Plan Rows": 24555, "Plan Width": 16, "Inner Unique": false, "Plans": [{"Node Type": "Bitmap Heap Scan", "Parent Relationship": "Outer", "Parallel Aware": true, "Relation Name": "orders", "Alias": "orders", "Startup Cost": 7640.5, "Total Cost": 271338.17, "Plan Rows": 185711, "Plan Width": 20, "Recheck Cond": "((o_orderdate >= '1993-01-01'::date) AND (o_orderdate < '1993-04-01 00:00:00'::timestamp without time zone))", "Plans": [{"Node Type": "Bitmap Index Scan", "Parent Relationship": "Outer", "Parallel Aware": false, "Index Name": "idx_orders_orderdate", "Startup Cost": 0.0, "Total Cost": 7496.58, "Plan Rows": 575704, "Plan Width": 0, "Index Cond": "((o_orderdate >= '1993-01-01'::date) AND (o_orderdate < '1993-04-01 00:00:00'::timestamp without time zone))"}]}, {"Node Type": "Bitmap Heap Scan", "Parent Relationship": "Inner", "Parallel Aware": false, "Relation Name": "lineitem", "Alias": "lineitem", "Startup Cost": 1.11, "Total Cost": 3.76, "Plan Rows": 10, "Plan Width": 4, "Recheck Cond": "(l_orderkey = orders.o_orderkey)", "Filter": "(l_commitdate < l_receiptdate)", "Plans": [{"Node Type": "Bitmap Index Scan", "Parent Relationship": "Outer", "Parallel Aware": false, "Index Name": "lineitem_pkey", "Startup Cost": 0.0, "Total Cost": 1.1, "Plan Rows": 30, "Plan Width": 0, "Index Cond": "(l_orderkey = orders.o_orderkey)"}]}]}]}]}]}]}]}}, {"Plan": {"Node Type": "Limit", "Parallel Aware": false, "Startup Cost": 2699185.38, "Total Cost": 2699222.6, "Plan Rows": 1, "Plan Width": 24, "Plans": [{"Node Type": "Aggregate", "Strategy": "Sorted", "Partial Mode": "Finalize", "Parent Relationship": "Outer", "Parallel Aware": false, "Startup Cost": 2699185.38, "Total Cost": 2699371.48, "Plan Rows": 5, "Plan Width": 24, "Group Key": ["orders.o_orderpriority"], "Plans": [{"Node Type": "Gather Merge", "Parent Relationship": "Outer", "Parallel Aware": false, "Startup Cost": 2699185.38, "Total Cost": 2699371.35, "Plan Rows": 15, "Plan Width": 24, "Workers Planned": 3, "Plans": [{"Node Type": "Aggregate", "Strategy": "Sorted", "Partial Mode": "Partial", "Parent Relationship": "Outer", "Parallel Aware": false, "Startup Cost": 2698185.34, "Total Cost": 2698369.55, "Plan Rows": 5, "Plan Width": 24, "Group Key": ["orders.o_orderpriority"], "Plans": [{"Node Type": "Sort", "Parent Relationship": "Outer", "Parallel Aware": false, "Startup Cost": 2698185.34, "Total Cost": 2698246.73, "Plan Rows": 24555, "Plan Width": 16, "Sort Key": ["orders.o_orderpriority"], "Plans": [{"Node Type": "Merge Join", "Parent Relationship": "Outer", "Parallel Aware": false, "Join Type": "Semi", "Startup Cost": 287649.9, "Total Cost": 2696394.82, "Plan Rows": 24555, "Plan Width": 16, "Inner Unique": false, "Merge Cond": "(orders.o_orderkey = lineitem.l_orderkey)", "Plans": [{"Node Type": "Sort", "Parent Relationship": "Outer", "Parallel Aware": false, "Startup Cost": 287590.38, "Total Cost": 288054.66, "Plan Rows": 185711, "Plan Width": 20, "Sort Key": ["orders.o_orderkey"], "Plans": [{"Node Type": "Bitmap Heap Scan", "Parent Relationship": "Outer", "Parallel Aware": true, "Relation Name": "orders", "Alias": "orders", "Startup Cost": 7640.5, "Total Cost": 271338.17, "Plan Rows": 185711, "Plan Width": 20, "Recheck Cond": "((o_orderdate >= '1993-01-01'::date) AND (o_orderdate < '1993-04-01 00:00:00'::timestamp without time zone))", "Plans": [{"Node Type": "Bitmap Index Scan", "Parent Relationship": "Outer", "Parallel Aware": false, "Index Name": "idx_orders_orderdate", "Startup Cost": 0.0, "Total Cost": 7496.58, "Plan Rows": 575704, "Plan Width": 0, "Index Cond": "((o_orderdate >= '1993-01-01'::date) AND (o_orderdate < '1993-04-01 00:00:00'::timestamp without time zone))"}]}]}, {"Node Type": "Index Scan", "Parent Relationship": "Inner", "Parallel Aware": false, "Scan Direction": "Forward", "Index Name": "idx_lineitem_orderkey", "Relation Name": "lineitem", "Alias": "lineitem", "Startup Cost": 0.56, "Total Cost": 2355412.05, "Plan Rows": 19995259, "Plan Width": 4, "Filter": "(l_commitdate < l_receiptdate)"}]}]}]}]}]}]}}, {"Plan": {"Node Type": "Limit", "Parallel Aware": false, "Startup Cost": 416286.03, "Total Cost": 416323.25, "Plan Rows": 1, "Plan Width": 24, "Plans": [{"Node Type": "Aggregate", "Strategy": "Sorted", "Partial Mode": "Finalize", "Parent Relationship": "Outer", "Parallel Aware": false, "Startup Cost": 416286.03, "Total Cost": 416472.13, "Plan Rows": 5, "Plan Width": 24, "Group Key": ["orders.o_orderpriority"], "Plans": [{"Node Type": "Gather Merge", "Parent Relationship": "Outer", "Parallel Aware": false, "Startup Cost": 416286.03, "Total Cost": 416472.01, "Plan Rows": 15, "Plan Width": 24, "Workers Planned": 3, "Plans": [{"Node Type": "Aggregate", "Strategy": "Sorted", "Partial Mode": "Partial", "Parent Relationship": "Outer", "Parallel Aware": false, "Startup Cost": 415285.99, "Total Cost": 415470.2, "Plan Rows": 5, "Plan Width": 24, "Group Key": ["orders.o_orderpriority"], "Plans": [{"Node Type": "Sort", "Parent Relationship": "Outer", "Parallel Aware": false, "Startup Cost": 415285.99, "Total Cost": 415347.38, "Plan Rows": 24555, "Plan Width": 16, "Sort Key": ["orders.o_orderpriority"], "Plans": [{"Node Type": "Nested Loop", "Parent Relationship": "Outer", "Parallel Aware": false, "Join Type": "Semi", "Startup Cost": 7641.07, "Total Cost": 413495.47, "Plan Rows": 24555, "Plan Width": 16, "Inner Unique": false, "Plans": [{"Node Type": "Bitmap Heap Scan", "Parent Relationship": "Outer", "Parallel Aware": true, "Relation Name": "orders", "Alias": "orders", "Startup Cost": 7640.5, "Total Cost": 271338.17, "Plan Rows": 185711, "Plan Width": 20, "Recheck Cond": "((o_orderdate >= '1993-01-01'::date) AND (o_orderdate < '1993-04-01 00:00:00'::timestamp without time zone))", "Plans": [{"Node Type": "Bitmap Index Scan", "Parent Relationship": "Outer", "Parallel Aware": false, "Index Name": "idx_orders_orderdate", "Startup Cost": 0.0, "Total Cost": 7496.58, "Plan Rows": 575704, "Plan Width": 0, "Index Cond": "((o_orderdate >= '1993-01-01'::date) AND (o_orderdate < '1993-04-01 00:00:00'::timestamp without time zone))"}]}, {"Node Type": "Index Scan", "Parent Relationship": "Inner", "Parallel Aware": false, "Scan Direction": "Forward", "Index Name": "idx_lineitem_orderkey", "Relation Name": "lineitem", "Alias": "lineitem", "Startup Cost": 0.56, "Total Cost": 2.36, "Plan Rows": 10, "Plan Width": 4, "Index Cond": "(l_orderkey = orders.o_orderkey)", "Filter": "(l_commitdate < l_receiptdate)"}]}]}]}]}]}]}}, {"Plan": {"Node Type": "Limit", "Parallel Aware": false, "Startup Cost": 416286.03, "Total Cost": 416323.25, "Plan Rows": 1, "Plan Width": 24, "Plans": [{"Node Type": "Aggregate", "Strategy": "Sorted", "Partial Mode": "Finalize", "Parent Relationship": "Outer", "Parallel Aware": false, "Startup Cost": 416286.03, "Total Cost": 416472.13, "Plan Rows": 5, "Plan Width": 24, "Group Key": ["orders.o_orderpriority"], "Plans": [{"Node Type": "Gather Merge", "Parent Relationship": "Outer", "Parallel Aware": false, "Startup Cost": 416286.03, "Total Cost": 416472.01, "Plan Rows": 15, "Plan Width": 24, "Workers Planned": 3, "Plans": [{"Node Type": "Aggregate", "Strategy": "Sorted", "Partial Mode": "Partial", "Parent Relationship": "Outer", "Parallel Aware": false, "Startup Cost": 415285.99, "Total Cost": 415470.2, "Plan Rows": 5, "Plan Width": 24, "Group Key": ["orders.o_orderpriority"], "Plans": [{"Node Type": "Sort", "Parent Relationship": "Outer", "Parallel Aware": false, "Startup Cost": 415285.99, "Total Cost": 415347.38, "Plan Rows": 24555, "Plan Width": 16, "Sort Key": ["orders.o_orderpriority"], "Plans": [{"Node Type": "Nested Loop", "Parent Relationship": "Outer", "Parallel Aware": false, "Join Type": "Semi", "Startup Cost": 7641.07, "Total Cost": 413495.47, "Plan Rows": 24555, "Plan Width": 16, "Inner Unique": false, "Plans": [{"Node Type": "Bitmap Heap Scan", "Parent Relationship": "Outer", "Parallel Aware": true, "Relation Name": "orders", "Alias": "orders", "Startup Cost": 7640.5, "Total Cost": 271338.17, "Plan Rows": 185711, "Plan Width": 20, "Recheck Cond": "((o_orderdate >= '1993-01-01'::date) AND (o_orderdate < '1993-04-01 00:00:00'::timestamp without time zone))", "Plans": [{"Node Type": "Bitmap Index Scan", "Parent Relationship": "Outer", "Parallel Aware": false, "Index Name": "idx_orders_orderdate", "Startup Cost": 0.0, "Total Cost": 7496.58, "Plan Rows": 575704, "Plan Width": 0, "Index Cond": "((o_orderdate >= '1993-01-01'::date) AND (o_orderdate < '1993-04-01 00:00:00'::timestamp without time zone))"}]}, {"Node Type": "Index Scan", "Parent Relationship": "Inner", "Parallel Aware": false, "Scan Direction": "Forward", "Index Name": "idx_lineitem_orderkey", "Relation Name": "lineitem", "Alias": "lineitem", "Startup Cost": 0.56, "Total Cost": 2.36, "Plan Rows": 10, "Plan Width": 4, "Index Cond": "(l_orderkey = orders.o_orderkey)", "Filter": "(l_commitdate < l_receiptdate)"}]}]}]}]}]}]}}, {"Plan": {"Node Type": "Limit", "Parallel Aware": false, "Startup Cost": 2864860.29, "Total Cost": 2864897.51, "Plan Rows": 1, "Plan Width": 24, "Plans": [{"Node Type": "Aggregate", "Strategy": "Sorted", "Partial Mode": "Finalize", "Parent Relationship": "Outer", "Parallel Aware": false, "Startup Cost": 2864860.29, "Total Cost": 2865046.39, "Plan Rows": 5, "Plan Width": 24, "Group Key": ["orders.o_orderpriority"], "Plans": [{"Node Type": "Gather Merge", "Parent Relationship": "Outer", "Parallel Aware": false, "Startup Cost": 2864860.29, "Total Cost": 2865046.27, "Plan Rows": 15, "Plan Width": 24, "Workers Planned": 3, "Plans": [{"Node Type": "Aggregate", "Strategy": "Sorted", "Partial Mode": "Partial", "Parent Relationship": "Outer", "Parallel Aware": false, "Startup Cost": 2863860.25, "Total Cost": 2864044.47, "Plan Rows": 5, "Plan Width": 24, "Group Key": ["orders.o_orderpriority"], "Plans": [{"Node Type": "Sort", "Parent Relationship": "Outer", "Parallel Aware": false, "Startup Cost": 2863860.25, "Total Cost": 2863921.64, "Plan Rows": 24555, "Plan Width": 16, "Sort Key": ["orders.o_orderpriority"], "Plans": [{"Node Type": "Merge Join", "Parent Relationship": "Outer", "Parallel Aware": false, "Join Type": "Semi", "Startup Cost": 59.95, "Total Cost": 2862069.74, "Plan Rows": 24555, "Plan Width": 16, "Inner Unique": false, "Merge Cond": "(orders.o_orderkey = lineitem.l_orderkey)", "Plans": [{"Node Type": "Index Scan", "Parent Relationship": "Outer", "Parallel Aware": true, "Scan Direction": "Forward", "Index Name": "orders_pkey", "Relation Name": "orders", "Alias": "orders", "Startup Cost": 0.43, "Total Cost": 453729.58, "Plan Rows": 185711, "Plan Width": 20, "Filter": "((o_orderdate >= '1993-01-01'::date) AND (o_orderdate < '1993-04-01 00:00:00'::timestamp without time zone))"}, {"Node Type": "Index Scan", "Parent Relationship": "Inner", "Parallel Aware": false, "Scan Direction": "Forward", "Index Name": "idx_lineitem_orderkey", "Relation Name": "lineitem", "Alias": "lineitem", "Startup Cost": 0.56, "Total Cost": 2355412.05, "Plan Rows": 19995259, "Plan Width": 4, "Filter": "(l_commitdate < l_receiptdate)"}]}]}]}]}]}]}}, {"Plan": {"Node Type": "Limit", "Parallel Aware": false, "Startup Cost": 416286.03, "Total Cost": 416323.25, "Plan Rows": 1, "Plan Width": 24, "Plans": [{"Node Type": "Aggregate", "Strategy": "Sorted", "Partial Mode": "Finalize", "Parent Relationship": "Outer", "Parallel Aware": false, "Startup Cost": 416286.03, "Total Cost": 416472.13, "Plan Rows": 5, "Plan Width": 24, "Group Key": ["orders.o_orderpriority"], "Plans": [{"Node Type": "Gather Merge", "Parent Relationship": "Outer", "Parallel Aware": false, "Startup Cost": 416286.03, "Total Cost": 416472.01, "Plan Rows": 15, "Plan Width": 24, "Workers Planned": 3, "Plans": [{"Node Type": "Aggregate", "Strategy": "Sorted", "Partial Mode": "Partial", "Parent Relationship": "Outer", "Parallel Aware": false, "Startup Cost": 415285.99, "Total Cost": 415470.2, "Plan Rows": 5, "Plan Width": 24, "Group Key": ["orders.o_orderpriority"], "Plans": [{"Node Type": "Sort", "Parent Relationship": "Outer", "Parallel Aware": false, "Startup Cost": 415285.99, "Total Cost": 415347.38, "Plan Rows": 24555, "Plan Width": 16, "Sort Key": ["orders.o_orderpriority"], "Plans": [{"Node Type": "Nested Loop", "Parent Relationship": "Outer", "Parallel Aware": false, "Join Type": "Semi", "Startup Cost": 7641.07, "Total Cost": 413495.47, "Plan Rows": 24555, "Plan Width": 16, "Inner Unique": false, "Plans": [{"Node Type": "Bitmap Heap Scan", "Parent Relationship": "Outer", "Parallel Aware": true, "Relation Name": "orders", "Alias": "orders", "Startup Cost": 7640.5, "Total Cost": 271338.17, "Plan Rows": 185711, "Plan Width": 20, "Recheck Cond": "((o_orderdate >= '1993-01-01'::date) AND (o_orderdate < '1993-04-01 00:00:00'::timestamp without time zone))", "Plans": [{"Node Type": "Bitmap Index Scan", "Parent Relationship": "Outer", "Parallel Aware": false, "Index Name": "idx_orders_orderdate", "Startup Cost": 0.0, "Total Cost": 7496.58, "Plan Rows": 575704, "Plan Width": 0, "Index Cond": "((o_orderdate >= '1993-01-01'::date) AND (o_orderdate < '1993-04-01 00:00:00'::timestamp without time zone))"}]}, {"Node Type": "Index Scan", "Parent Relationship": "Inner", "Parallel Aware": false, "Scan Direction": "Forward", "Index Name": "idx_lineitem_orderkey", "Relation Name": "lineitem", "Alias": "lineitem", "Startup Cost": 0.56, "Total Cost": 2.36, "Plan Rows": 10, "Plan Width": 4, "Index Cond": "(l_orderkey = orders.o_orderkey)", "Filter": "(l_commitdate < l_receiptdate)"}]}]}]}]}]}]}}, {"Plan": {"Node Type": "Limit", "Parallel Aware": false, "Startup Cost": 416286.03, "Total Cost": 416323.25, "Plan Rows": 1, "Plan Width": 24, "Plans": [{"Node Type": "Aggregate", "Strategy": "Sorted", "Partial Mode": "Finalize", "Parent Relationship": "Outer", "Parallel Aware": false, "Startup Cost": 416286.03, "Total Cost": 416472.13, "Plan Rows": 5, "Plan Width": 24, "Group Key": ["orders.o_orderpriority"], "Plans": [{"Node Type": "Gather Merge", "Parent Relationship": "Outer", "Parallel Aware": false, "Startup Cost": 416286.03, "Total Cost": 416472.01, "Plan Rows": 15, "Plan Width": 24, "Workers Planned": 3, "Plans": [{"Node Type": "Aggregate", "Strategy": "Sorted", "Partial Mode": "Partial", "Parent Relationship": "Outer", "Parallel Aware": false, "Startup Cost": 415285.99, "Total Cost": 415470.2, "Plan Rows": 5, "Plan Width": 24, "Group Key": ["orders.o_orderpriority"], "Plans": [{"Node Type": "Sort", "Parent Relationship": "Outer", "Parallel Aware": false, "Startup Cost": 415285.99, "Total Cost": 415347.38, "Plan Rows": 24555, "Plan Width": 16, "Sort Key": ["orders.o_orderpriority"], "Plans": [{"Node Type": "Nested Loop", "Parent Relationship": "Outer", "Parallel Aware": false, "Join Type": "Semi", "Startup Cost": 7641.07, "Total Cost": 413495.47, "Plan Rows": 24555, "Plan Width": 16, "Inner Unique": false, "Plans": [{"Node Type": "Bitmap Heap Scan", "Parent Relationship": "Outer", "Parallel Aware": true, "Relation Name": "orders", "Alias": "orders", "Startup Cost": 7640.5, "Total Cost": 271338.17, "Plan Rows": 185711, "Plan Width": 20, "Recheck Cond": "((o_orderdate >= '1993-01-01'::date) AND (o_orderdate < '1993-04-01 00:00:00'::timestamp without time zone))", "Plans": [{"Node Type": "Bitmap Index Scan", "Parent Relationship": "Outer", "Parallel Aware": false, "Index Name": "idx_orders_orderdate", "Startup Cost": 0.0, "Total Cost": 7496.58, "Plan Rows": 575704, "Plan Width": 0, "Index Cond": "((o_orderdate >= '1993-01-01'::date) AND (o_orderdate < '1993-04-01 00:00:00'::timestamp without time zone))"}]}, {"Node Type": "Index Scan", "Parent Relationship": "Inner", "Parallel Aware": false, "Scan Direction": "Forward", "Index Name": "idx_lineitem_orderkey", "Relation Name": "lineitem", "Alias": "lineitem", "Startup Cost": 0.56, "Total Cost": 2.36, "Plan Rows": 10, "Plan Width": 4, "Index Cond": "(l_orderkey = orders.o_orderkey)", "Filter": "(l_commitdate < l_receiptdate)"}]}]}]}]}]}]}}, {"Plan": {"Node Type": "Limit", "Parallel Aware": false, "Startup Cost": 534555.33, "Total Cost": 534592.55, "Plan Rows": 1, "Plan Width": 24, "Plans": [{"Node Type": "Aggregate", "Strategy": "Sorted", "Partial Mode": "Finalize", "Parent Relationship": "Outer", "Parallel Aware": false, "Startup Cost": 534555.33, "Total Cost": 534741.43, "Plan Rows": 5, "Plan Width": 24, "Group Key": ["orders.o_orderpriority"], "Plans": [{"Node Type": "Gather Merge", "Parent Relationship": "Outer", "Parallel Aware": false, "Startup Cost": 534555.33, "Total Cost": 534741.31, "Plan Rows": 15, "Plan Width": 24, "Workers Planned": 3, "Plans": [{"Node Type": "Aggregate", "Strategy": "Sorted", "Partial Mode": "Partial", "Parent Relationship": "Outer", "Parallel Aware": false, "Startup Cost": 533555.29, "Total Cost": 533739.51, "Plan Rows": 5, "Plan Width": 24, "Group Key": ["orders.o_orderpriority"], "Plans": [{"Node Type": "Sort", "Parent Relationship": "Outer", "Parallel Aware": false, "Startup Cost": 533555.29, "Total Cost": 533616.68, "Plan Rows": 24555, "Plan Width": 16, "Sort Key": ["orders.o_orderpriority"], "Plans": [{"Node Type": "Nested Loop", "Parent Relationship": "Outer", "Parallel Aware": false, "Join Type": "Semi", "Startup Cost": 7641.61, "Total Cost": 531764.78, "Plan Rows": 24555, "Plan Width": 16, "Inner Unique": false, "Plans": [{"Node Type": "Bitmap Heap Scan", "Parent Relationship": "Outer", "Parallel Aware": true, "Relation Name": "orders", "Alias": "orders", "Startup Cost": 7640.5, "Total Cost": 271338.17, "Plan Rows": 185711, "Plan Width": 20, "Recheck Cond": "((o_orderdate >= '1993-01-01'::date) AND (o_orderdate < '1993-04-01 00:00:00'::timestamp without time zone))", "Plans": [{"Node Type": "Bitmap Index Scan", "Parent Relationship": "Outer", "Parallel Aware": false, "Index Name": "idx_orders_orderdate", "Startup Cost": 0.0, "Total Cost": 7496.58, "Plan Rows": 575704, "Plan Width": 0, "Index Cond": "((o_orderdate >= '1993-01-01'::date) AND (o_orderdate < '1993-04-01 00:00:00'::timestamp without time zone))"}]}, {"Node Type": "Bitmap Heap Scan", "Parent Relationship": "Inner", "Parallel Aware": false, "Relation Name": "lineitem", "Alias": "lineitem", "Startup Cost": 1.11, "Total Cost": 3.76, "Plan Rows": 10, "Plan Width": 4, "Recheck Cond": "(l_orderkey = orders.o_orderkey)", "Filter": "(l_commitdate < l_receiptdate)", "Plans": [{"Node Type": "Bitmap Index Scan", "Parent Relationship": "Outer", "Parallel Aware": false, "Index Name": "lineitem_pkey", "Startup Cost": 0.0, "Total Cost": 1.1, "Plan Rows": 30, "Plan Width": 0, "Index Cond": "(l_orderkey = orders.o_orderkey)"}]}]}]}]}]}]}]}}, {"Plan": {"Node Type": "Limit", "Parallel Aware": false, "Startup Cost": 4852985.57, "Total Cost": 4853022.79, "Plan Rows": 1, "Plan Width": 24, "Plans": [{"Node Type": "Aggregate", "Strategy": "Sorted", "Partial Mode": "Finalize", "Parent Relationship": "Outer", "Parallel Aware": false, "Startup Cost": 4852985.57, "Total Cost": 4853171.67, "Plan Rows": 5, "Plan Width": 24, "Group Key": ["orders.o_orderpriority"], "Plans": [{"Node Type": "Gather Merge", "Parent Relationship": "Outer", "Parallel Aware": false, "Startup Cost": 4852985.57, "Total Cost": 4853171.55, "Plan Rows": 15, "Plan Width": 24, "Workers Planned": 3, "Plans": [{"Node Type": "Aggregate", "Strategy": "Sorted", "Partial Mode": "Partial", "Parent Relationship": "Outer", "Parallel Aware": false, "Startup Cost": 4851985.53, "Total Cost": 4852169.75, "Plan Rows": 5, "Plan Width": 24, "Group Key": ["orders.o_orderpriority"], "Plans": [{"Node Type": "Sort", "Parent Relationship": "Outer", "Parallel Aware": false, "Startup Cost": 4851985.53, "Total Cost": 4852046.92, "Plan Rows": 24555, "Plan Width": 16, "Sort Key": ["orders.o_orderpriority"], "Plans": [{"Node Type": "Merge Join", "Parent Relationship": "Outer", "Parallel Aware": false, "Join Type": "Semi", "Startup Cost": 4746816.93, "Total Cost": 4850195.02, "Plan Rows": 24555, "Plan Width": 16, "Inner Unique": false, "Merge Cond": "(orders.o_orderkey = lineitem.l_orderkey)", "Plans": [{"Node Type": "Sort", "Parent Relationship": "Outer", "Parallel Aware": false, "Startup Cost": 287590.38, "Total Cost": 288054.66, "Plan Rows": 185711, "Plan Width": 20, "Sort Key": ["orders.o_orderkey"], "Plans": [{"Node Type": "Bitmap Heap Scan", "Parent Relationship": "Outer", "Parallel Aware": true, "Relation Name": "orders", "Alias": "orders", "Startup Cost": 7640.5, "Total Cost": 271338.17, "Plan Rows": 185711, "Plan Width": 20, "Recheck Cond": "((o_orderdate >= '1993-01-01'::date) AND (o_orderdate < '1993-04-01 00:00:00'::timestamp without time zone))", "Plans": [{"Node Type": "Bitmap Index Scan", "Parent Relationship": "Outer", "Parallel Aware": false, "Index Name": "idx_orders_orderdate", "Startup Cost": 0.0, "Total Cost": 7496.58, "Plan Rows": 575704, "Plan Width": 0, "Index Cond": "((o_orderdate >= '1993-01-01'::date) AND (o_orderdate < '1993-04-01 00:00:00'::timestamp without time zone))"}]}]}, {"Node Type": "Sort", "Parent Relationship": "Inner", "Parallel Aware": false, "Startup Cost": 4459224.09, "Total Cost": 4509212.24, "Plan Rows": 19995259, "Plan Width": 4, "Sort Key": ["lineitem.l_orderkey"], "Plans": [{"Node Type": "Seq Scan", "Parent Relationship": "Outer", "Parallel Aware": false, "Relation Name": "lineitem", "Alias": "lineitem", "Startup Cost": 0.0, "Total Cost": 1874364.2, "Plan Rows": 19995259, "Plan Width": 4, "Filter": "(l_commitdate < l_receiptdate)"}]}]}]}]}]}]}]}}, {"Plan": {"Node Type": "Limit", "Parallel Aware": false, "Startup Cost": 534555.33, "Total Cost": 534592.55, "Plan Rows": 1, "Plan Width": 24, "Plans": [{"Node Type": "Aggregate", "Strategy": "Sorted", "Partial Mode": "Finalize", "Parent Relationship": "Outer", "Parallel Aware": false, "Startup Cost": 534555.33, "Total Cost": 534741.43, "Plan Rows": 5, "Plan Width": 24, "Group Key": ["orders.o_orderpriority"], "Plans": [{"Node Type": "Gather Merge", "Parent Relationship": "Outer", "Parallel Aware": false, "Startup Cost": 534555.33, "Total Cost": 534741.31, "Plan Rows": 15, "Plan Width": 24, "Workers Planned": 3, "Plans": [{"Node Type": "Aggregate", "Strategy": "Sorted", "Partial Mode": "Partial", "Parent Relationship": "Outer", "Parallel Aware": false, "Startup Cost": 533555.29, "Total Cost": 533739.51, "Plan Rows": 5, "Plan Width": 24, "Group Key": ["orders.o_orderpriority"], "Plans": [{"Node Type": "Sort", "Parent Relationship": "Outer", "Parallel Aware": false, "Startup Cost": 533555.29, "Total Cost": 533616.68, "Plan Rows": 24555, "Plan Width": 16, "Sort Key": ["orders.o_orderpriority"], "Plans": [{"Node Type": "Nested Loop", "Parent Relationship": "Outer", "Parallel Aware": false, "Join Type": "Semi", "Startup Cost": 7641.61, "Total Cost": 531764.78, "Plan Rows": 24555, "Plan Width": 16, "Inner Unique": false, "Plans": [{"Node Type": "Bitmap Heap Scan", "Parent Relationship": "Outer", "Parallel Aware": true, "Relation Name": "orders", "Alias": "orders", "Startup Cost": 7640.5, "Total Cost": 271338.17, "Plan Rows": 185711, "Plan Width": 20, "Recheck Cond": "((o_orderdate >= '1993-01-01'::date) AND (o_orderdate < '1993-04-01 00:00:00'::timestamp without time zone))", "Plans": [{"Node Type": "Bitmap Index Scan", "Parent Relationship": "Outer", "Parallel Aware": false, "Index Name": "idx_orders_orderdate", "Startup Cost": 0.0, "Total Cost": 7496.58, "Plan Rows": 575704, "Plan Width": 0, "Index Cond": "((o_orderdate >= '1993-01-01'::date) AND (o_orderdate < '1993-04-01 00:00:00'::timestamp without time zone))"}]}, {"Node Type": "Bitmap Heap Scan", "Parent Relationship": "Inner", "Parallel Aware": false, "Relation Name": "lineitem", "Alias": "lineitem", "Startup Cost": 1.11, "Total Cost": 3.76, "Plan Rows": 10, "Plan Width": 4, "Recheck Cond": "(l_orderkey = orders.o_orderkey)", "Filter": "(l_commitdate < l_receiptdate)", "Plans": [{"Node Type": "Bitmap Index Scan", "Parent Relationship": "Outer", "Parallel Aware": false, "Index Name": "lineitem_pkey", "Startup Cost": 0.0, "Total Cost": 1.1, "Plan Rows": 30, "Plan Width": 0, "Index Cond": "(l_orderkey = orders.o_orderkey)"}]}]}]}]}]}]}]}}, {"Plan": {"Node Type": "Limit", "Parallel Aware": false, "Startup Cost": 416286.03, "Total Cost": 416323.25, "Plan Rows": 1, "Plan Width": 24, "Plans": [{"Node Type": "Aggregate", "Strategy": "Sorted", "Partial Mode": "Finalize", "Parent Relationship": "Outer", "Parallel Aware": false, "Startup Cost": 416286.03, "Total Cost": 416472.13, "Plan Rows": 5, "Plan Width": 24, "Group Key": ["orders.o_orderpriority"], "Plans": [{"Node Type": "Gather Merge", "Parent Relationship": "Outer", "Parallel Aware": false, "Startup Cost": 416286.03, "Total Cost": 416472.01, "Plan Rows": 15, "Plan Width": 24, "Workers Planned": 3, "Plans": [{"Node Type": "Aggregate", "Strategy": "Sorted", "Partial Mode": "Partial", "Parent Relationship": "Outer", "Parallel Aware": false, "Startup Cost": 415285.99, "Total Cost": 415470.2, "Plan Rows": 5, "Plan Width": 24, "Group Key": ["orders.o_orderpriority"], "Plans": [{"Node Type": "Sort", "Parent Relationship": "Outer", "Parallel Aware": false, "Startup Cost": 415285.99, "Total Cost": 415347.38, "Plan Rows": 24555, "Plan Width": 16, "Sort Key": ["orders.o_orderpriority"], "Plans": [{"Node Type": "Nested Loop", "Parent Relationship": "Outer", "Parallel Aware": false, "Join Type": "Semi", "Startup Cost": 7641.07, "Total Cost": 413495.47, "Plan Rows": 24555, "Plan Width": 16, "Inner Unique": false, "Plans": [{"Node Type": "Bitmap Heap Scan", "Parent Relationship": "Outer", "Parallel Aware": true, "Relation Name": "orders", "Alias": "orders", "Startup Cost": 7640.5, "Total Cost": 271338.17, "Plan Rows": 185711, "Plan Width": 20, "Recheck Cond": "((o_orderdate >= '1993-01-01'::date) AND (o_orderdate < '1993-04-01 00:00:00'::timestamp without time zone))", "Plans": [{"Node Type": "Bitmap Index Scan", "Parent Relationship": "Outer", "Parallel Aware": false, "Index Name": "idx_orders_orderdate", "Startup Cost": 0.0, "Total Cost": 7496.58, "Plan Rows": 575704, "Plan Width": 0, "Index Cond": "((o_orderdate >= '1993-01-01'::date) AND (o_orderdate < '1993-04-01 00:00:00'::timestamp without time zone))"}]}, {"Node Type": "Index Scan", "Parent Relationship": "Inner", "Parallel Aware": false, "Scan Direction": "Forward", "Index Name": "idx_lineitem_orderkey", "Relation Name": "lineitem", "Alias": "lineitem", "Startup Cost": 0.56, "Total Cost": 2.36, "Plan Rows": 10, "Plan Width": 4, "Index Cond": "(l_orderkey = orders.o_orderkey)", "Filter": "(l_commitdate < l_receiptdate)"}]}]}]}]}]}]}}]