[{"Plan": {"Node Type": "Limit", "Parallel Aware": false, "Startup Cost": 1329441.58, "Total Cost": 1329441.59, "Plan Rows": 1, "Plan Width": 32, "Plans": [{"Node Type": "Aggregate", "Strategy": "Plain", "Partial Mode": "Finalize", "Parent Relationship": "Outer", "Parallel Aware": false, "Startup Cost": 1329441.58, "Total Cost": 1329441.59, "Plan Rows": 1, "Plan Width": 32, "Plans": [{"Node Type": "Gather", "Parent Relationship": "Outer", "Parallel Aware": false, "Startup Cost": 1329441.26, "Total Cost": 1329441.57, "Plan Rows": 3, "Plan Width": 32, "Workers Planned": 3, "Single Copy": false, "Plans": [{"Node Type": "Aggregate", "Strategy": "Plain", "Partial Mode": "Partial", "Parent Relationship": "Outer", "Parallel Aware": false, "Startup Cost": 1328441.26, "Total Cost": 1328441.27, "Plan Rows": 1, "Plan Width": 32, "Plans": [{"Node Type": "Bitmap Heap Scan", "Parent Relationship": "Outer", "Parallel Aware": true, "Relation Name": "lineitem", "Alias": "lineitem", "Startup Cost": 198921.63, "Total Cost": 1326598.86, "Plan Rows": 368479, "Plan Width": 12, "Recheck Cond": "((l_shipdate >= '1997-01-01'::date) AND (l_shipdate < '1998-01-01 00:00:00'::timestamp without time zone) AND (l_discount >= 0.01) AND (l_discount <= 0.03) AND (l_quantity < '24'::numeric))", "Plans": [{"Node Type": "Bitmap Index Scan", "Parent Relationship": "Outer", "Parallel Aware": false, "Index Name": "idx_lineitem_shipdate", "Startup Cost": 0.0, "Total Cost": 198636.05, "Plan Rows": 1142286, "Plan Width": 0, "Index Cond": "((l_shipdate >= '1997-01-01'::date) AND (l_shipdate < '1998-01-01 00:00:00'::timestamp without time zone) AND (l_discount >= 0.01) AND (l_discount <= 0.03) AND (l_quantity < '24'::numeric))"}]}]}]}]}]}}, {"Plan": {"Node Type": "Limit", "Parallel Aware": false, "Startup Cost": 1038456.03, "Total Cost": 1038456.04, "Plan Rows": 1, "Plan Width": 32, "Plans": [{"Node Type": "Aggregate", "Strategy": "Plain", "Partial Mode": "Finalize", "Parent Relationship": "Outer", "Parallel Aware": false, "Startup Cost": 1038456.03, "Total Cost": 1038456.04, "Plan Rows": 1, "Plan Width": 32, "Plans": [{"Node Type": "Gather", "Parent Relationship": "Outer", "Parallel Aware": false, "Startup Cost": 1038455.7, "Total Cost": 1038456.01, "Plan Rows": 3, "Plan Width": 32, "Workers Planned": 3, "Single Copy": false, "Plans": [{"Node Type": "Aggregate", "Strategy": "Plain", "Partial Mode": "Partial", "Parent Relationship": "Outer", "Parallel Aware": false, "Startup Cost": 1037455.7, "Total Cost": 1037455.71, "Plan Rows": 1, "Plan Width": 32, "Plans": [{"Node Type": "Index Scan", "Parent Relationship": "Outer", "Parallel Aware": true, "Scan Direction": "Forward", "Index Name": "idx_lineitem_shipdate", "Relation Name": "lineitem", "Alias": "lineitem", "Startup Cost": 0.56, "Total Cost": 1035613.31, "Plan Rows": 368479, "Plan Width": 12, "Index Cond": "((l_shipdate >= '1997-01-01'::date) AND (l_shipdate < '1998-01-01 00:00:00'::timestamp without time zone) AND (l_discount >= 0.01) AND (l_discount <= 0.03) AND (l_quantity < '24'::numeric))"}]}]}]}]}}, {"Plan": {"Node Type": "Limit", "Parallel Aware": false, "Startup Cost": 1038456.03, "Total Cost": 1038456.04, "Plan Rows": 1, "Plan Width": 32, "Plans": [{"Node Type": "Aggregate", "Strategy": "Plain", "Partial Mode": "Finalize", "Parent Relationship": "Outer", "Parallel Aware": false, "Startup Cost": 1038456.03, "Total Cost": 1038456.04, "Plan Rows": 1, "Plan Width": 32, "Plans": [{"Node Type": "Gather", "Parent Relationship": "Outer", "Parallel Aware": false, "Startup Cost": 1038455.7, "Total Cost": 1038456.01, "Plan Rows": 3, "Plan Width": 32, "Workers Planned": 3, "Single Copy": false, "Plans": [{"Node Type": "Aggregate", "Strategy": "Plain", "Partial Mode": "Partial", "Parent Relationship": "Outer", "Parallel Aware": false, "Startup Cost": 1037455.7, "Total Cost": 1037455.71, "Plan Rows": 1, "Plan Width": 32, "Plans": [{"Node Type": "Index Scan", "Parent Relationship": "Outer", "Parallel Aware": true, "Scan Direction": "Forward", "Index Name": "idx_lineitem_shipdate", "Relation Name": "lineitem", "Alias": "lineitem", "Startup Cost": 0.56, "Total Cost": 1035613.31, "Plan Rows": 368479, "Plan Width": 12, "Index Cond": "((l_shipdate >= '1997-01-01'::date) AND (l_shipdate < '1998-01-01 00:00:00'::timestamp without time zone) AND (l_discount >= 0.01) AND (l_discount <= 0.03) AND (l_quantity < '24'::numeric))"}]}]}]}]}}, {"Plan": {"Node Type": "Limit", "Parallel Aware": false, "Startup Cost": 1038456.03, "Total Cost": 1038456.04, "Plan Rows": 1, "Plan Width": 32, "Plans": [{"Node Type": "Aggregate", "Strategy": "Plain", "Partial Mode": "Finalize", "Parent Relationship": "Outer", "Parallel Aware": false, "Startup Cost": 1038456.03, "Total Cost": 1038456.04, "Plan Rows": 1, "Plan Width": 32, "Plans": [{"Node Type": "Gather", "Parent Relationship": "Outer", "Parallel Aware": false, "Startup Cost": 1038455.7, "Total Cost": 1038456.01, "Plan Rows": 3, "Plan Width": 32, "Workers Planned": 3, "Single Copy": false, "Plans": [{"Node Type": "Aggregate", "Strategy": "Plain", "Partial Mode": "Partial", "Parent Relationship": "Outer", "Parallel Aware": false, "Startup Cost": 1037455.7, "Total Cost": 1037455.71, "Plan Rows": 1, "Plan Width": 32, "Plans": [{"Node Type": "Index Scan", "Parent Relationship": "Outer", "Parallel Aware": true, "Scan Direction": "Forward", "Index Name": "idx_lineitem_shipdate", "Relation Name": "lineitem", "Alias": "lineitem", "Startup Cost": 0.56, "Total Cost": 1035613.31, "Plan Rows": 368479, "Plan Width": 12, "Index Cond": "((l_shipdate >= '1997-01-01'::date) AND (l_shipdate < '1998-01-01 00:00:00'::timestamp without time zone) AND (l_discount >= 0.01) AND (l_discount <= 0.03) AND (l_quantity < '24'::numeric))"}]}]}]}]}}, {"Plan": {"Node Type": "Limit", "Parallel Aware": false, "Startup Cost": 1038456.03, "Total Cost": 1038456.04, "Plan Rows": 1, "Plan Width": 32, "Plans": [{"Node Type": "Aggregate", "Strategy": "Plain", "Partial Mode": "Finalize", "Parent Relationship": "Outer", "Parallel Aware": false, "Startup Cost": 1038456.03, "Total Cost": 1038456.04, "Plan Rows": 1, "Plan Width": 32, "Plans": [{"Node Type": "Gather", "Parent Relationship": "Outer", "Parallel Aware": false, "Startup Cost": 1038455.7, "Total Cost": 1038456.01, "Plan Rows": 3, "Plan Width": 32, "Workers Planned": 3, "Single Copy": false, "Plans": [{"Node Type": "Aggregate", "Strategy": "Plain", "Partial Mode": "Partial", "Parent Relationship": "Outer", "Parallel Aware": false, "Startup Cost": 1037455.7, "Total Cost": 1037455.71, "Plan Rows": 1, "Plan Width": 32, "Plans": [{"Node Type": "Index Scan", "Parent Relationship": "Outer", "Parallel Aware": true, "Scan Direction": "Forward", "Index Name": "idx_lineitem_shipdate", "Relation Name": "lineitem", "Alias": "lineitem", "Startup Cost": 0.56, "Total Cost": 1035613.31, "Plan Rows": 368479, "Plan Width": 12, "Index Cond": "((l_shipdate >= '1997-01-01'::date) AND (l_shipdate < '1998-01-01 00:00:00'::timestamp without time zone) AND (l_discount >= 0.01) AND (l_discount <= 0.03) AND (l_quantity < '24'::numeric))"}]}]}]}]}}, {"Plan": {"Node Type": "Limit", "Parallel Aware": false, "Startup Cost": 1038456.03, "Total Cost": 1038456.04, "Plan Rows": 1, "Plan Width": 32, "Plans": [{"Node Type": "Aggregate", "Strategy": "Plain", "Partial Mode": "Finalize", "Parent Relationship": "Outer", "Parallel Aware": false, "Startup Cost": 1038456.03, "Total Cost": 1038456.04, "Plan Rows": 1, "Plan Width": 32, "Plans": [{"Node Type": "Gather", "Parent Relationship": "Outer", "Parallel Aware": false, "Startup Cost": 1038455.7, "Total Cost": 1038456.01, "Plan Rows": 3, "Plan Width": 32, "Workers Planned": 3, "Single Copy": false, "Plans": [{"Node Type": "Aggregate", "Strategy": "Plain", "Partial Mode": "Partial", "Parent Relationship": "Outer", "Parallel Aware": false, "Startup Cost": 1037455.7, "Total Cost": 1037455.71, "Plan Rows": 1, "Plan Width": 32, "Plans": [{"Node Type": "Index Scan", "Parent Relationship": "Outer", "Parallel Aware": true, "Scan Direction": "Forward", "Index Name": "idx_lineitem_shipdate", "Relation Name": "lineitem", "Alias": "lineitem", "Startup Cost": 0.56, "Total Cost": 1035613.31, "Plan Rows": 368479, "Plan Width": 12, "Index Cond": "((l_shipdate >= '1997-01-01'::date) AND (l_shipdate < '1998-01-01 00:00:00'::timestamp without time zone) AND (l_discount >= 0.01) AND (l_discount <= 0.03) AND (l_quantity < '24'::numeric))"}]}]}]}]}}, {"Plan": {"Node Type": "Limit", "Parallel Aware": false, "Startup Cost": 1038456.03, "Total Cost": 1038456.04, "Plan Rows": 1, "Plan Width": 32, "Plans": [{"Node Type": "Aggregate", "Strategy": "Plain", "Partial Mode": "Finalize", "Parent Relationship": "Outer", "Parallel Aware": false, "Startup Cost": 1038456.03, "Total Cost": 1038456.04, "Plan Rows": 1, "Plan Width": 32, "Plans": [{"Node Type": "Gather", "Parent Relationship": "Outer", "Parallel Aware": false, "Startup Cost": 1038455.7, "Total Cost": 1038456.01, "Plan Rows": 3, "Plan Width": 32, "Workers Planned": 3, "Single Copy": false, "Plans": [{"Node Type": "Aggregate", "Strategy": "Plain", "Partial Mode": "Partial", "Parent Relationship": "Outer", "Parallel Aware": false, "Startup Cost": 1037455.7, "Total Cost": 1037455.71, "Plan Rows": 1, "Plan Width": 32, "Plans": [{"Node Type": "Index Scan", "Parent Relationship": "Outer", "Parallel Aware": true, "Scan Direction": "Forward", "Index Name": "idx_lineitem_shipdate", "Relation Name": "lineitem", "Alias": "lineitem", "Startup Cost": 0.56, "Total Cost": 1035613.31, "Plan Rows": 368479, "Plan Width": 12, "Index Cond": "((l_shipdate >= '1997-01-01'::date) AND (l_shipdate < '1998-01-01 00:00:00'::timestamp without time zone) AND (l_discount >= 0.01) AND (l_discount <= 0.03) AND (l_quantity < '24'::numeric))"}]}]}]}]}}, {"Plan": {"Node Type": "Limit", "Parallel Aware": false, "Startup Cost": 1038456.03, "Total Cost": 1038456.04, "Plan Rows": 1, "Plan Width": 32, "Plans": [{"Node Type": "Aggregate", "Strategy": "Plain", "Partial Mode": "Finalize", "Parent Relationship": "Outer", "Parallel Aware": false, "Startup Cost": 1038456.03, "Total Cost": 1038456.04, "Plan Rows": 1, "Plan Width": 32, "Plans": [{"Node Type": "Gather", "Parent Relationship": "Outer", "Parallel Aware": false, "Startup Cost": 1038455.7, "Total Cost": 1038456.01, "Plan Rows": 3, "Plan Width": 32, "Workers Planned": 3, "Single Copy": false, "Plans": [{"Node Type": "Aggregate", "Strategy": "Plain", "Partial Mode": "Partial", "Parent Relationship": "Outer", "Parallel Aware": false, "Startup Cost": 1037455.7, "Total Cost": 1037455.71, "Plan Rows": 1, "Plan Width": 32, "Plans": [{"Node Type": "Index Scan", "Parent Relationship": "Outer", "Parallel Aware": true, "Scan Direction": "Forward", "Index Name": "idx_lineitem_shipdate", "Relation Name": "lineitem", "Alias": "lineitem", "Startup Cost": 0.56, "Total Cost": 1035613.31, "Plan Rows": 368479, "Plan Width": 12, "Index Cond": "((l_shipdate >= '1997-01-01'::date) AND (l_shipdate < '1998-01-01 00:00:00'::timestamp without time zone) AND (l_discount >= 0.01) AND (l_discount <= 0.03) AND (l_quantity < '24'::numeric))"}]}]}]}]}}, {"Plan": {"Node Type": "Limit", "Parallel Aware": false, "Startup Cost": 1329441.58, "Total Cost": 1329441.59, "Plan Rows": 1, "Plan Width": 32, "Plans": [{"Node Type": "Aggregate", "Strategy": "Plain", "Partial Mode": "Finalize", "Parent Relationship": "Outer", "Parallel Aware": false, "Startup Cost": 1329441.58, "Total Cost": 1329441.59, "Plan Rows": 1, "Plan Width": 32, "Plans": [{"Node Type": "Gather", "Parent Relationship": "Outer", "Parallel Aware": false, "Startup Cost": 1329441.26, "Total Cost": 1329441.57, "Plan Rows": 3, "Plan Width": 32, "Workers Planned": 3, "Single Copy": false, "Plans": [{"Node Type": "Aggregate", "Strategy": "Plain", "Partial Mode": "Partial", "Parent Relationship": "Outer", "Parallel Aware": false, "Startup Cost": 1328441.26, "Total Cost": 1328441.27, "Plan Rows": 1, "Plan Width": 32, "Plans": [{"Node Type": "Bitmap Heap Scan", "Parent Relationship": "Outer", "Parallel Aware": true, "Relation Name": "lineitem", "Alias": "lineitem", "Startup Cost": 198921.63, "Total Cost": 1326598.86, "Plan Rows": 368479, "Plan Width": 12, "Recheck Cond": "((l_shipdate >= '1997-01-01'::date) AND (l_shipdate < '1998-01-01 00:00:00'::timestamp without time zone) AND (l_discount >= 0.01) AND (l_discount <= 0.03) AND (l_quantity < '24'::numeric))", "Plans": [{"Node Type": "Bitmap Index Scan", "Parent Relationship": "Outer", "Parallel Aware": false, "Index Name": "idx_lineitem_shipdate", "Startup Cost": 0.0, "Total Cost": 198636.05, "Plan Rows": 1142286, "Plan Width": 0, "Index Cond": "((l_shipdate >= '1997-01-01'::date) AND (l_shipdate < '1998-01-01 00:00:00'::timestamp without time zone) AND (l_discount >= 0.01) AND (l_discount <= 0.03) AND (l_quantity < '24'::numeric))"}]}]}]}]}]}}, {"Plan": {"Node Type": "Limit", "Parallel Aware": false, "Startup Cost": 1329441.58, "Total Cost": 1329441.59, "Plan Rows": 1, "Plan Width": 32, "Plans": [{"Node Type": "Aggregate", "Strategy": "Plain", "Partial Mode": "Finalize", "Parent Relationship": "Outer", "Parallel Aware": false, "Startup Cost": 1329441.58, "Total Cost": 1329441.59, "Plan Rows": 1, "Plan Width": 32, "Plans": [{"Node Type": "Gather", "Parent Relationship": "Outer", "Parallel Aware": false, "Startup Cost": 1329441.26, "Total Cost": 1329441.57, "Plan Rows": 3, "Plan Width": 32, "Workers Planned": 3, "Single Copy": false, "Plans": [{"Node Type": "Aggregate", "Strategy": "Plain", "Partial Mode": "Partial", "Parent Relationship": "Outer", "Parallel Aware": false, "Startup Cost": 1328441.26, "Total Cost": 1328441.27, "Plan Rows": 1, "Plan Width": 32, "Plans": [{"Node Type": "Bitmap Heap Scan", "Parent Relationship": "Outer", "Parallel Aware": true, "Relation Name": "lineitem", "Alias": "lineitem", "Startup Cost": 198921.63, "Total Cost": 1326598.86, "Plan Rows": 368479, "Plan Width": 12, "Recheck Cond": "((l_shipdate >= '1997-01-01'::date) AND (l_shipdate < '1998-01-01 00:00:00'::timestamp without time zone) AND (l_discount >= 0.01) AND (l_discount <= 0.03) AND (l_quantity < '24'::numeric))", "Plans": [{"Node Type": "Bitmap Index Scan", "Parent Relationship": "Outer", "Parallel Aware": false, "Index Name": "idx_lineitem_shipdate", "Startup Cost": 0.0, "Total Cost": 198636.05, "Plan Rows": 1142286, "Plan Width": 0, "Index Cond": "((l_shipdate >= '1997-01-01'::date) AND (l_shipdate < '1998-01-01 00:00:00'::timestamp without time zone) AND (l_discount >= 0.01) AND (l_discount <= 0.03) AND (l_quantity < '24'::numeric))"}]}]}]}]}]}}, {"Plan": {"Node Type": "Limit", "Parallel Aware": false, "Startup Cost": 1329441.58, "Total Cost": 1329441.59, "Plan Rows": 1, "Plan Width": 32, "Plans": [{"Node Type": "Aggregate", "Strategy": "Plain", "Partial Mode": "Finalize", "Parent Relationship": "Outer", "Parallel Aware": false, "Startup Cost": 1329441.58, "Total Cost": 1329441.59, "Plan Rows": 1, "Plan Width": 32, "Plans": [{"Node Type": "Gather", "Parent Relationship": "Outer", "Parallel Aware": false, "Startup Cost": 1329441.26, "Total Cost": 1329441.57, "Plan Rows": 3, "Plan Width": 32, "Workers Planned": 3, "Single Copy": false, "Plans": [{"Node Type": "Aggregate", "Strategy": "Plain", "Partial Mode": "Partial", "Parent Relationship": "Outer", "Parallel Aware": false, "Startup Cost": 1328441.26, "Total Cost": 1328441.27, "Plan Rows": 1, "Plan Width": 32, "Plans": [{"Node Type": "Bitmap Heap Scan", "Parent Relationship": "Outer", "Parallel Aware": true, "Relation Name": "lineitem", "Alias": "lineitem", "Startup Cost": 198921.63, "Total Cost": 1326598.86, "Plan Rows": 368479, "Plan Width": 12, "Recheck Cond": "((l_shipdate >= '1997-01-01'::date) AND (l_shipdate < '1998-01-01 00:00:00'::timestamp without time zone) AND (l_discount >= 0.01) AND (l_discount <= 0.03) AND (l_quantity < '24'::numeric))", "Plans": [{"Node Type": "Bitmap Index Scan", "Parent Relationship": "Outer", "Parallel Aware": false, "Index Name": "idx_lineitem_shipdate", "Startup Cost": 0.0, "Total Cost": 198636.05, "Plan Rows": 1142286, "Plan Width": 0, "Index Cond": "((l_shipdate >= '1997-01-01'::date) AND (l_shipdate < '1998-01-01 00:00:00'::timestamp without time zone) AND (l_discount >= 0.01) AND (l_discount <= 0.03) AND (l_quantity < '24'::numeric))"}]}]}]}]}]}}, {"Plan": {"Node Type": "Limit", "Parallel Aware": false, "Startup Cost": 1329441.58, "Total Cost": 1329441.59, "Plan Rows": 1, "Plan Width": 32, "Plans": [{"Node Type": "Aggregate", "Strategy": "Plain", "Partial Mode": "Finalize", "Parent Relationship": "Outer", "Parallel Aware": false, "Startup Cost": 1329441.58, "Total Cost": 1329441.59, "Plan Rows": 1, "Plan Width": 32, "Plans": [{"Node Type": "Gather", "Parent Relationship": "Outer", "Parallel Aware": false, "Startup Cost": 1329441.26, "Total Cost": 1329441.57, "Plan Rows": 3, "Plan Width": 32, "Workers Planned": 3, "Single Copy": false, "Plans": [{"Node Type": "Aggregate", "Strategy": "Plain", "Partial Mode": "Partial", "Parent Relationship": "Outer", "Parallel Aware": false, "Startup Cost": 1328441.26, "Total Cost": 1328441.27, "Plan Rows": 1, "Plan Width": 32, "Plans": [{"Node Type": "Bitmap Heap Scan", "Parent Relationship": "Outer", "Parallel Aware": true, "Relation Name": "lineitem", "Alias": "lineitem", "Startup Cost": 198921.63, "Total Cost": 1326598.86, "Plan Rows": 368479, "Plan Width": 12, "Recheck Cond": "((l_shipdate >= '1997-01-01'::date) AND (l_shipdate < '1998-01-01 00:00:00'::timestamp without time zone) AND (l_discount >= 0.01) AND (l_discount <= 0.03) AND (l_quantity < '24'::numeric))", "Plans": [{"Node Type": "Bitmap Index Scan", "Parent Relationship": "Outer", "Parallel Aware": false, "Index Name": "idx_lineitem_shipdate", "Startup Cost": 0.0, "Total Cost": 198636.05, "Plan Rows": 1142286, "Plan Width": 0, "Index Cond": "((l_shipdate >= '1997-01-01'::date) AND (l_shipdate < '1998-01-01 00:00:00'::timestamp without time zone) AND (l_discount >= 0.01) AND (l_discount <= 0.03) AND (l_quantity < '24'::numeric))"}]}]}]}]}]}}, {"Plan": {"Node Type": "Limit", "Parallel Aware": false, "Startup Cost": 1329441.58, "Total Cost": 1329441.59, "Plan Rows": 1, "Plan Width": 32, "Plans": [{"Node Type": "Aggregate", "Strategy": "Plain", "Partial Mode": "Finalize", "Parent Relationship": "Outer", "Parallel Aware": false, "Startup Cost": 1329441.58, "Total Cost": 1329441.59, "Plan Rows": 1, "Plan Width": 32, "Plans": [{"Node Type": "Gather", "Parent Relationship": "Outer", "Parallel Aware": false, "Startup Cost": 1329441.26, "Total Cost": 1329441.57, "Plan Rows": 3, "Plan Width": 32, "Workers Planned": 3, "Single Copy": false, "Plans": [{"Node Type": "Aggregate", "Strategy": "Plain", "Partial Mode": "Partial", "Parent Relationship": "Outer", "Parallel Aware": false, "Startup Cost": 1328441.26, "Total Cost": 1328441.27, "Plan Rows": 1, "Plan Width": 32, "Plans": [{"Node Type": "Bitmap Heap Scan", "Parent Relationship": "Outer", "Parallel Aware": true, "Relation Name": "lineitem", "Alias": "lineitem", "Startup Cost": 198921.63, "Total Cost": 1326598.86, "Plan Rows": 368479, "Plan Width": 12, "Recheck Cond": "((l_shipdate >= '1997-01-01'::date) AND (l_shipdate < '1998-01-01 00:00:00'::timestamp without time zone) AND (l_discount >= 0.01) AND (l_discount <= 0.03) AND (l_quantity < '24'::numeric))", "Plans": [{"Node Type": "Bitmap Index Scan", "Parent Relationship": "Outer", "Parallel Aware": false, "Index Name": "idx_lineitem_shipdate", "Startup Cost": 0.0, "Total Cost": 198636.05, "Plan Rows": 1142286, "Plan Width": 0, "Index Cond": "((l_shipdate >= '1997-01-01'::date) AND (l_shipdate < '1998-01-01 00:00:00'::timestamp without time zone) AND (l_discount >= 0.01) AND (l_discount <= 0.03) AND (l_quantity < '24'::numeric))"}]}]}]}]}]}}, {"Plan": {"Node Type": "Limit", "Parallel Aware": false, "Startup Cost": 1329441.58, "Total Cost": 1329441.59, "Plan Rows": 1, "Plan Width": 32, "Plans": [{"Node Type": "Aggregate", "Strategy": "Plain", "Partial Mode": "Finalize", "Parent Relationship": "Outer", "Parallel Aware": false, "Startup Cost": 1329441.58, "Total Cost": 1329441.59, "Plan Rows": 1, "Plan Width": 32, "Plans": [{"Node Type": "Gather", "Parent Relationship": "Outer", "Parallel Aware": false, "Startup Cost": 1329441.26, "Total Cost": 1329441.57, "Plan Rows": 3, "Plan Width": 32, "Workers Planned": 3, "Single Copy": false, "Plans": [{"Node Type": "Aggregate", "Strategy": "Plain", "Partial Mode": "Partial", "Parent Relationship": "Outer", "Parallel Aware": false, "Startup Cost": 1328441.26, "Total Cost": 1328441.27, "Plan Rows": 1, "Plan Width": 32, "Plans": [{"Node Type": "Bitmap Heap Scan", "Parent Relationship": "Outer", "Parallel Aware": true, "Relation Name": "lineitem", "Alias": "lineitem", "Startup Cost": 198921.63, "Total Cost": 1326598.86, "Plan Rows": 368479, "Plan Width": 12, "Recheck Cond": "((l_shipdate >= '1997-01-01'::date) AND (l_shipdate < '1998-01-01 00:00:00'::timestamp without time zone) AND (l_discount >= 0.01) AND (l_discount <= 0.03) AND (l_quantity < '24'::numeric))", "Plans": [{"Node Type": "Bitmap Index Scan", "Parent Relationship": "Outer", "Parallel Aware": false, "Index Name": "idx_lineitem_shipdate", "Startup Cost": 0.0, "Total Cost": 198636.05, "Plan Rows": 1142286, "Plan Width": 0, "Index Cond": "((l_shipdate >= '1997-01-01'::date) AND (l_shipdate < '1998-01-01 00:00:00'::timestamp without time zone) AND (l_discount >= 0.01) AND (l_discount <= 0.03) AND (l_quantity < '24'::numeric))"}]}]}]}]}]}}, {"Plan": {"Node Type": "Limit", "Parallel Aware": false, "Startup Cost": 1329441.58, "Total Cost": 1329441.59, "Plan Rows": 1, "Plan Width": 32, "Plans": [{"Node Type": "Aggregate", "Strategy": "Plain", "Partial Mode": "Finalize", "Parent Relationship": "Outer", "Parallel Aware": false, "Startup Cost": 1329441.58, "Total Cost": 1329441.59, "Plan Rows": 1, "Plan Width": 32, "Plans": [{"Node Type": "Gather", "Parent Relationship": "Outer", "Parallel Aware": false, "Startup Cost": 1329441.26, "Total Cost": 1329441.57, "Plan Rows": 3, "Plan Width": 32, "Workers Planned": 3, "Single Copy": false, "Plans": [{"Node Type": "Aggregate", "Strategy": "Plain", "Partial Mode": "Partial", "Parent Relationship": "Outer", "Parallel Aware": false, "Startup Cost": 1328441.26, "Total Cost": 1328441.27, "Plan Rows": 1, "Plan Width": 32, "Plans": [{"Node Type": "Bitmap Heap Scan", "Parent Relationship": "Outer", "Parallel Aware": true, "Relation Name": "lineitem", "Alias": "lineitem", "Startup Cost": 198921.63, "Total Cost": 1326598.86, "Plan Rows": 368479, "Plan Width": 12, "Recheck Cond": "((l_shipdate >= '1997-01-01'::date) AND (l_shipdate < '1998-01-01 00:00:00'::timestamp without time zone) AND (l_discount >= 0.01) AND (l_discount <= 0.03) AND (l_quantity < '24'::numeric))", "Plans": [{"Node Type": "Bitmap Index Scan", "Parent Relationship": "Outer", "Parallel Aware": false, "Index Name": "idx_lineitem_shipdate", "Startup Cost": 0.0, "Total Cost": 198636.05, "Plan Rows": 1142286, "Plan Width": 0, "Index Cond": "((l_shipdate >= '1997-01-01'::date) AND (l_shipdate < '1998-01-01 00:00:00'::timestamp without time zone) AND (l_discount >= 0.01) AND (l_discount <= 0.03) AND (l_quantity < '24'::numeric))"}]}]}]}]}]}}, {"Plan": {"Node Type": "Limit", "Parallel Aware": false, "Startup Cost": 1038456.03, "Total Cost": 1038456.04, "Plan Rows": 1, "Plan Width": 32, "Plans": [{"Node Type": "Aggregate", "Strategy": "Plain", "Partial Mode": "Finalize", "Parent Relationship": "Outer", "Parallel Aware": false, "Startup Cost": 1038456.03, "Total Cost": 1038456.04, "Plan Rows": 1, "Plan Width": 32, "Plans": [{"Node Type": "Gather", "Parent Relationship": "Outer", "Parallel Aware": false, "Startup Cost": 1038455.7, "Total Cost": 1038456.01, "Plan Rows": 3, "Plan Width": 32, "Workers Planned": 3, "Single Copy": false, "Plans": [{"Node Type": "Aggregate", "Strategy": "Plain", "Partial Mode": "Partial", "Parent Relationship": "Outer", "Parallel Aware": false, "Startup Cost": 1037455.7, "Total Cost": 1037455.71, "Plan Rows": 1, "Plan Width": 32, "Plans": [{"Node Type": "Index Scan", "Parent Relationship": "Outer", "Parallel Aware": true, "Scan Direction": "Forward", "Index Name": "idx_lineitem_shipdate", "Relation Name": "lineitem", "Alias": "lineitem", "Startup Cost": 0.56, "Total Cost": 1035613.31, "Plan Rows": 368479, "Plan Width": 12, "Index Cond": "((l_shipdate >= '1997-01-01'::date) AND (l_shipdate < '1998-01-01 00:00:00'::timestamp without time zone) AND (l_discount >= 0.01) AND (l_discount <= 0.03) AND (l_quantity < '24'::numeric))"}]}]}]}]}}, {"Plan": {"Node Type": "Limit", "Parallel Aware": false, "Startup Cost": 1038456.03, "Total Cost": 1038456.04, "Plan Rows": 1, "Plan Width": 32, "Plans": [{"Node Type": "Aggregate", "Strategy": "Plain", "Partial Mode": "Finalize", "Parent Relationship": "Outer", "Parallel Aware": false, "Startup Cost": 1038456.03, "Total Cost": 1038456.04, "Plan Rows": 1, "Plan Width": 32, "Plans": [{"Node Type": "Gather", "Parent Relationship": "Outer", "Parallel Aware": false, "Startup Cost": 1038455.7, "Total Cost": 1038456.01, "Plan Rows": 3, "Plan Width": 32, "Workers Planned": 3, "Single Copy": false, "Plans": [{"Node Type": "Aggregate", "Strategy": "Plain", "Partial Mode": "Partial", "Parent Relationship": "Outer", "Parallel Aware": false, "Startup Cost": 1037455.7, "Total Cost": 1037455.71, "Plan Rows": 1, "Plan Width": 32, "Plans": [{"Node Type": "Index Scan", "Parent Relationship": "Outer", "Parallel Aware": true, "Scan Direction": "Forward", "Index Name": "idx_lineitem_shipdate", "Relation Name": "lineitem", "Alias": "lineitem", "Startup Cost": 0.56, "Total Cost": 1035613.31, "Plan Rows": 368479, "Plan Width": 12, "Index Cond": "((l_shipdate >= '1997-01-01'::date) AND (l_shipdate < '1998-01-01 00:00:00'::timestamp without time zone) AND (l_discount >= 0.01) AND (l_discount <= 0.03) AND (l_quantity < '24'::numeric))"}]}]}]}]}}, {"Plan": {"Node Type": "Limit", "Parallel Aware": false, "Startup Cost": 1038456.03, "Total Cost": 1038456.04, "Plan Rows": 1, "Plan Width": 32, "Plans": [{"Node Type": "Aggregate", "Strategy": "Plain", "Partial Mode": "Finalize", "Parent Relationship": "Outer", "Parallel Aware": false, "Startup Cost": 1038456.03, "Total Cost": 1038456.04, "Plan Rows": 1, "Plan Width": 32, "Plans": [{"Node Type": "Gather", "Parent Relationship": "Outer", "Parallel Aware": false, "Startup Cost": 1038455.7, "Total Cost": 1038456.01, "Plan Rows": 3, "Plan Width": 32, "Workers Planned": 3, "Single Copy": false, "Plans": [{"Node Type": "Aggregate", "Strategy": "Plain", "Partial Mode": "Partial", "Parent Relationship": "Outer", "Parallel Aware": false, "Startup Cost": 1037455.7, "Total Cost": 1037455.71, "Plan Rows": 1, "Plan Width": 32, "Plans": [{"Node Type": "Index Scan", "Parent Relationship": "Outer", "Parallel Aware": true, "Scan Direction": "Forward", "Index Name": "idx_lineitem_shipdate", "Relation Name": "lineitem", "Alias": "lineitem", "Startup Cost": 0.56, "Total Cost": 1035613.31, "Plan Rows": 368479, "Plan Width": 12, "Index Cond": "((l_shipdate >= '1997-01-01'::date) AND (l_shipdate < '1998-01-01 00:00:00'::timestamp without time zone) AND (l_discount >= 0.01) AND (l_discount <= 0.03) AND (l_quantity < '24'::numeric))"}]}]}]}]}}, {"Plan": {"Node Type": "Limit", "Parallel Aware": false, "Startup Cost": 1038456.03, "Total Cost": 1038456.04, "Plan Rows": 1, "Plan Width": 32, "Plans": [{"Node Type": "Aggregate", "Strategy": "Plain", "Partial Mode": "Finalize", "Parent Relationship": "Outer", "Parallel Aware": false, "Startup Cost": 1038456.03, "Total Cost": 1038456.04, "Plan Rows": 1, "Plan Width": 32, "Plans": [{"Node Type": "Gather", "Parent Relationship": "Outer", "Parallel Aware": false, "Startup Cost": 1038455.7, "Total Cost": 1038456.01, "Plan Rows": 3, "Plan Width": 32, "Workers Planned": 3, "Single Copy": false, "Plans": [{"Node Type": "Aggregate", "Strategy": "Plain", "Partial Mode": "Partial", "Parent Relationship": "Outer", "Parallel Aware": false, "Startup Cost": 1037455.7, "Total Cost": 1037455.71, "Plan Rows": 1, "Plan Width": 32, "Plans": [{"Node Type": "Index Scan", "Parent Relationship": "Outer", "Parallel Aware": true, "Scan Direction": "Forward", "Index Name": "idx_lineitem_shipdate", "Relation Name": "lineitem", "Alias": "lineitem", "Startup Cost": 0.56, "Total Cost": 1035613.31, "Plan Rows": 368479, "Plan Width": 12, "Index Cond": "((l_shipdate >= '1997-01-01'::date) AND (l_shipdate < '1998-01-01 00:00:00'::timestamp without time zone) AND (l_discount >= 0.01) AND (l_discount <= 0.03) AND (l_quantity < '24'::numeric))"}]}]}]}]}}, {"Plan": {"Node Type": "Limit", "Parallel Aware": false, "Startup Cost": 1038456.03, "Total Cost": 1038456.04, "Plan Rows": 1, "Plan Width": 32, "Plans": [{"Node Type": "Aggregate", "Strategy": "Plain", "Partial Mode": "Finalize", "Parent Relationship": "Outer", "Parallel Aware": false, "Startup Cost": 1038456.03, "Total Cost": 1038456.04, "Plan Rows": 1, "Plan Width": 32, "Plans": [{"Node Type": "Gather", "Parent Relationship": "Outer", "Parallel Aware": false, "Startup Cost": 1038455.7, "Total Cost": 1038456.01, "Plan Rows": 3, "Plan Width": 32, "Workers Planned": 3, "Single Copy": false, "Plans": [{"Node Type": "Aggregate", "Strategy": "Plain", "Partial Mode": "Partial", "Parent Relationship": "Outer", "Parallel Aware": false, "Startup Cost": 1037455.7, "Total Cost": 1037455.71, "Plan Rows": 1, "Plan Width": 32, "Plans": [{"Node Type": "Index Scan", "Parent Relationship": "Outer", "Parallel Aware": true, "Scan Direction": "Forward", "Index Name": "idx_lineitem_shipdate", "Relation Name": "lineitem", "Alias": "lineitem", "Startup Cost": 0.56, "Total Cost": 1035613.31, "Plan Rows": 368479, "Plan Width": 12, "Index Cond": "((l_shipdate >= '1997-01-01'::date) AND (l_shipdate < '1998-01-01 00:00:00'::timestamp without time zone) AND (l_discount >= 0.01) AND (l_discount <= 0.03) AND (l_quantity < '24'::numeric))"}]}]}]}]}}, {"Plan": {"Node Type": "Limit", "Parallel Aware": false, "Startup Cost": 1038456.03, "Total Cost": 1038456.04, "Plan Rows": 1, "Plan Width": 32, "Plans": [{"Node Type": "Aggregate", "Strategy": "Plain", "Partial Mode": "Finalize", "Parent Relationship": "Outer", "Parallel Aware": false, "Startup Cost": 1038456.03, "Total Cost": 1038456.04, "Plan Rows": 1, "Plan Width": 32, "Plans": [{"Node Type": "Gather", "Parent Relationship": "Outer", "Parallel Aware": false, "Startup Cost": 1038455.7, "Total Cost": 1038456.01, "Plan Rows": 3, "Plan Width": 32, "Workers Planned": 3, "Single Copy": false, "Plans": [{"Node Type": "Aggregate", "Strategy": "Plain", "Partial Mode": "Partial", "Parent Relationship": "Outer", "Parallel Aware": false, "Startup Cost": 1037455.7, "Total Cost": 1037455.71, "Plan Rows": 1, "Plan Width": 32, "Plans": [{"Node Type": "Index Scan", "Parent Relationship": "Outer", "Parallel Aware": true, "Scan Direction": "Forward", "Index Name": "idx_lineitem_shipdate", "Relation Name": "lineitem", "Alias": "lineitem", "Startup Cost": 0.56, "Total Cost": 1035613.31, "Plan Rows": 368479, "Plan Width": 12, "Index Cond": "((l_shipdate >= '1997-01-01'::date) AND (l_shipdate < '1998-01-01 00:00:00'::timestamp without time zone) AND (l_discount >= 0.01) AND (l_discount <= 0.03) AND (l_quantity < '24'::numeric))"}]}]}]}]}}, {"Plan": {"Node Type": "Limit", "Parallel Aware": false, "Startup Cost": 1038456.03, "Total Cost": 1038456.04, "Plan Rows": 1, "Plan Width": 32, "Plans": [{"Node Type": "Aggregate", "Strategy": "Plain", "Partial Mode": "Finalize", "Parent Relationship": "Outer", "Parallel Aware": false, "Startup Cost": 1038456.03, "Total Cost": 1038456.04, "Plan Rows": 1, "Plan Width": 32, "Plans": [{"Node Type": "Gather", "Parent Relationship": "Outer", "Parallel Aware": false, "Startup Cost": 1038455.7, "Total Cost": 1038456.01, "Plan Rows": 3, "Plan Width": 32, "Workers Planned": 3, "Single Copy": false, "Plans": [{"Node Type": "Aggregate", "Strategy": "Plain", "Partial Mode": "Partial", "Parent Relationship": "Outer", "Parallel Aware": false, "Startup Cost": 1037455.7, "Total Cost": 1037455.71, "Plan Rows": 1, "Plan Width": 32, "Plans": [{"Node Type": "Index Scan", "Parent Relationship": "Outer", "Parallel Aware": true, "Scan Direction": "Forward", "Index Name": "idx_lineitem_shipdate", "Relation Name": "lineitem", "Alias": "lineitem", "Startup Cost": 0.56, "Total Cost": 1035613.31, "Plan Rows": 368479, "Plan Width": 12, "Index Cond": "((l_shipdate >= '1997-01-01'::date) AND (l_shipdate < '1998-01-01 00:00:00'::timestamp without time zone) AND (l_discount >= 0.01) AND (l_discount <= 0.03) AND (l_quantity < '24'::numeric))"}]}]}]}]}}, {"Plan": {"Node Type": "Limit", "Parallel Aware": false, "Startup Cost": 1038456.03, "Total Cost": 1038456.04, "Plan Rows": 1, "Plan Width": 32, "Plans": [{"Node Type": "Aggregate", "Strategy": "Plain", "Partial Mode": "Finalize", "Parent Relationship": "Outer", "Parallel Aware": false, "Startup Cost": 1038456.03, "Total Cost": 1038456.04, "Plan Rows": 1, "Plan Width": 32, "Plans": [{"Node Type": "Gather", "Parent Relationship": "Outer", "Parallel Aware": false, "Startup Cost": 1038455.7, "Total Cost": 1038456.01, "Plan Rows": 3, "Plan Width": 32, "Workers Planned": 3, "Single Copy": false, "Plans": [{"Node Type": "Aggregate", "Strategy": "Plain", "Partial Mode": "Partial", "Parent Relationship": "Outer", "Parallel Aware": false, "Startup Cost": 1037455.7, "Total Cost": 1037455.71, "Plan Rows": 1, "Plan Width": 32, "Plans": [{"Node Type": "Index Scan", "Parent Relationship": "Outer", "Parallel Aware": true, "Scan Direction": "Forward", "Index Name": "idx_lineitem_shipdate", "Relation Name": "lineitem", "Alias": "lineitem", "Startup Cost": 0.56, "Total Cost": 1035613.31, "Plan Rows": 368479, "Plan Width": 12, "Index Cond": "((l_shipdate >= '1997-01-01'::date) AND (l_shipdate < '1998-01-01 00:00:00'::timestamp without time zone) AND (l_discount >= 0.01) AND (l_discount <= 0.03) AND (l_quantity < '24'::numeric))"}]}]}]}]}}, {"Plan": {"Node Type": "Limit", "Parallel Aware": false, "Startup Cost": 1329441.58, "Total Cost": 1329441.59, "Plan Rows": 1, "Plan Width": 32, "Plans": [{"Node Type": "Aggregate", "Strategy": "Plain", "Partial Mode": "Finalize", "Parent Relationship": "Outer", "Parallel Aware": false, "Startup Cost": 1329441.58, "Total Cost": 1329441.59, "Plan Rows": 1, "Plan Width": 32, "Plans": [{"Node Type": "Gather", "Parent Relationship": "Outer", "Parallel Aware": false, "Startup Cost": 1329441.26, "Total Cost": 1329441.57, "Plan Rows": 3, "Plan Width": 32, "Workers Planned": 3, "Single Copy": false, "Plans": [{"Node Type": "Aggregate", "Strategy": "Plain", "Partial Mode": "Partial", "Parent Relationship": "Outer", "Parallel Aware": false, "Startup Cost": 1328441.26, "Total Cost": 1328441.27, "Plan Rows": 1, "Plan Width": 32, "Plans": [{"Node Type": "Bitmap Heap Scan", "Parent Relationship": "Outer", "Parallel Aware": true, "Relation Name": "lineitem", "Alias": "lineitem", "Startup Cost": 198921.63, "Total Cost": 1326598.86, "Plan Rows": 368479, "Plan Width": 12, "Recheck Cond": "((l_shipdate >= '1997-01-01'::date) AND (l_shipdate < '1998-01-01 00:00:00'::timestamp without time zone) AND (l_discount >= 0.01) AND (l_discount <= 0.03) AND (l_quantity < '24'::numeric))", "Plans": [{"Node Type": "Bitmap Index Scan", "Parent Relationship": "Outer", "Parallel Aware": false, "Index Name": "idx_lineitem_shipdate", "Startup Cost": 0.0, "Total Cost": 198636.05, "Plan Rows": 1142286, "Plan Width": 0, "Index Cond": "((l_shipdate >= '1997-01-01'::date) AND (l_shipdate < '1998-01-01 00:00:00'::timestamp without time zone) AND (l_discount >= 0.01) AND (l_discount <= 0.03) AND (l_quantity < '24'::numeric))"}]}]}]}]}]}}, {"Plan": {"Node Type": "Limit", "Parallel Aware": false, "Startup Cost": 1329441.58, "Total Cost": 1329441.59, "Plan Rows": 1, "Plan Width": 32, "Plans": [{"Node Type": "Aggregate", "Strategy": "Plain", "Partial Mode": "Finalize", "Parent Relationship": "Outer", "Parallel Aware": false, "Startup Cost": 1329441.58, "Total Cost": 1329441.59, "Plan Rows": 1, "Plan Width": 32, "Plans": [{"Node Type": "Gather", "Parent Relationship": "Outer", "Parallel Aware": false, "Startup Cost": 1329441.26, "Total Cost": 1329441.57, "Plan Rows": 3, "Plan Width": 32, "Workers Planned": 3, "Single Copy": false, "Plans": [{"Node Type": "Aggregate", "Strategy": "Plain", "Partial Mode": "Partial", "Parent Relationship": "Outer", "Parallel Aware": false, "Startup Cost": 1328441.26, "Total Cost": 1328441.27, "Plan Rows": 1, "Plan Width": 32, "Plans": [{"Node Type": "Bitmap Heap Scan", "Parent Relationship": "Outer", "Parallel Aware": true, "Relation Name": "lineitem", "Alias": "lineitem", "Startup Cost": 198921.63, "Total Cost": 1326598.86, "Plan Rows": 368479, "Plan Width": 12, "Recheck Cond": "((l_shipdate >= '1997-01-01'::date) AND (l_shipdate < '1998-01-01 00:00:00'::timestamp without time zone) AND (l_discount >= 0.01) AND (l_discount <= 0.03) AND (l_quantity < '24'::numeric))", "Plans": [{"Node Type": "Bitmap Index Scan", "Parent Relationship": "Outer", "Parallel Aware": false, "Index Name": "idx_lineitem_shipdate", "Startup Cost": 0.0, "Total Cost": 198636.05, "Plan Rows": 1142286, "Plan Width": 0, "Index Cond": "((l_shipdate >= '1997-01-01'::date) AND (l_shipdate < '1998-01-01 00:00:00'::timestamp without time zone) AND (l_discount >= 0.01) AND (l_discount <= 0.03) AND (l_quantity < '24'::numeric))"}]}]}]}]}]}}, {"Plan": {"Node Type": "Limit", "Parallel Aware": false, "Startup Cost": 1329441.58, "Total Cost": 1329441.59, "Plan Rows": 1, "Plan Width": 32, "Plans": [{"Node Type": "Aggregate", "Strategy": "Plain", "Partial Mode": "Finalize", "Parent Relationship": "Outer", "Parallel Aware": false, "Startup Cost": 1329441.58, "Total Cost": 1329441.59, "Plan Rows": 1, "Plan Width": 32, "Plans": [{"Node Type": "Gather", "Parent Relationship": "Outer", "Parallel Aware": false, "Startup Cost": 1329441.26, "Total Cost": 1329441.57, "Plan Rows": 3, "Plan Width": 32, "Workers Planned": 3, "Single Copy": false, "Plans": [{"Node Type": "Aggregate", "Strategy": "Plain", "Partial Mode": "Partial", "Parent Relationship": "Outer", "Parallel Aware": false, "Startup Cost": 1328441.26, "Total Cost": 1328441.27, "Plan Rows": 1, "Plan Width": 32, "Plans": [{"Node Type": "Bitmap Heap Scan", "Parent Relationship": "Outer", "Parallel Aware": true, "Relation Name": "lineitem", "Alias": "lineitem", "Startup Cost": 198921.63, "Total Cost": 1326598.86, "Plan Rows": 368479, "Plan Width": 12, "Recheck Cond": "((l_shipdate >= '1997-01-01'::date) AND (l_shipdate < '1998-01-01 00:00:00'::timestamp without time zone) AND (l_discount >= 0.01) AND (l_discount <= 0.03) AND (l_quantity < '24'::numeric))", "Plans": [{"Node Type": "Bitmap Index Scan", "Parent Relationship": "Outer", "Parallel Aware": false, "Index Name": "idx_lineitem_shipdate", "Startup Cost": 0.0, "Total Cost": 198636.05, "Plan Rows": 1142286, "Plan Width": 0, "Index Cond": "((l_shipdate >= '1997-01-01'::date) AND (l_shipdate < '1998-01-01 00:00:00'::timestamp without time zone) AND (l_discount >= 0.01) AND (l_discount <= 0.03) AND (l_quantity < '24'::numeric))"}]}]}]}]}]}}, {"Plan": {"Node Type": "Limit", "Parallel Aware": false, "Startup Cost": 1329441.58, "Total Cost": 1329441.59, "Plan Rows": 1, "Plan Width": 32, "Plans": [{"Node Type": "Aggregate", "Strategy": "Plain", "Partial Mode": "Finalize", "Parent Relationship": "Outer", "Parallel Aware": false, "Startup Cost": 1329441.58, "Total Cost": 1329441.59, "Plan Rows": 1, "Plan Width": 32, "Plans": [{"Node Type": "Gather", "Parent Relationship": "Outer", "Parallel Aware": false, "Startup Cost": 1329441.26, "Total Cost": 1329441.57, "Plan Rows": 3, "Plan Width": 32, "Workers Planned": 3, "Single Copy": false, "Plans": [{"Node Type": "Aggregate", "Strategy": "Plain", "Partial Mode": "Partial", "Parent Relationship": "Outer", "Parallel Aware": false, "Startup Cost": 1328441.26, "Total Cost": 1328441.27, "Plan Rows": 1, "Plan Width": 32, "Plans": [{"Node Type": "Bitmap Heap Scan", "Parent Relationship": "Outer", "Parallel Aware": true, "Relation Name": "lineitem", "Alias": "lineitem", "Startup Cost": 198921.63, "Total Cost": 1326598.86, "Plan Rows": 368479, "Plan Width": 12, "Recheck Cond": "((l_shipdate >= '1997-01-01'::date) AND (l_shipdate < '1998-01-01 00:00:00'::timestamp without time zone) AND (l_discount >= 0.01) AND (l_discount <= 0.03) AND (l_quantity < '24'::numeric))", "Plans": [{"Node Type": "Bitmap Index Scan", "Parent Relationship": "Outer", "Parallel Aware": false, "Index Name": "idx_lineitem_shipdate", "Startup Cost": 0.0, "Total Cost": 198636.05, "Plan Rows": 1142286, "Plan Width": 0, "Index Cond": "((l_shipdate >= '1997-01-01'::date) AND (l_shipdate < '1998-01-01 00:00:00'::timestamp without time zone) AND (l_discount >= 0.01) AND (l_discount <= 0.03) AND (l_quantity < '24'::numeric))"}]}]}]}]}]}}, {"Plan": {"Node Type": "Limit", "Parallel Aware": false, "Startup Cost": 1038456.03, "Total Cost": 1038456.04, "Plan Rows": 1, "Plan Width": 32, "Plans": [{"Node Type": "Aggregate", "Strategy": "Plain", "Partial Mode": "Finalize", "Parent Relationship": "Outer", "Parallel Aware": false, "Startup Cost": 1038456.03, "Total Cost": 1038456.04, "Plan Rows": 1, "Plan Width": 32, "Plans": [{"Node Type": "Gather", "Parent Relationship": "Outer", "Parallel Aware": false, "Startup Cost": 1038455.7, "Total Cost": 1038456.01, "Plan Rows": 3, "Plan Width": 32, "Workers Planned": 3, "Single Copy": false, "Plans": [{"Node Type": "Aggregate", "Strategy": "Plain", "Partial Mode": "Partial", "Parent Relationship": "Outer", "Parallel Aware": false, "Startup Cost": 1037455.7, "Total Cost": 1037455.71, "Plan Rows": 1, "Plan Width": 32, "Plans": [{"Node Type": "Index Scan", "Parent Relationship": "Outer", "Parallel Aware": true, "Scan Direction": "Forward", "Index Name": "idx_lineitem_shipdate", "Relation Name": "lineitem", "Alias": "lineitem", "Startup Cost": 0.56, "Total Cost": 1035613.31, "Plan Rows": 368479, "Plan Width": 12, "Index Cond": "((l_shipdate >= '1997-01-01'::date) AND (l_shipdate < '1998-01-01 00:00:00'::timestamp without time zone) AND (l_discount >= 0.01) AND (l_discount <= 0.03) AND (l_quantity < '24'::numeric))"}]}]}]}]}}, {"Plan": {"Node Type": "Limit", "Parallel Aware": false, "Startup Cost": 1038456.03, "Total Cost": 1038456.04, "Plan Rows": 1, "Plan Width": 32, "Plans": [{"Node Type": "Aggregate", "Strategy": "Plain", "Partial Mode": "Finalize", "Parent Relationship": "Outer", "Parallel Aware": false, "Startup Cost": 1038456.03, "Total Cost": 1038456.04, "Plan Rows": 1, "Plan Width": 32, "Plans": [{"Node Type": "Gather", "Parent Relationship": "Outer", "Parallel Aware": false, "Startup Cost": 1038455.7, "Total Cost": 1038456.01, "Plan Rows": 3, "Plan Width": 32, "Workers Planned": 3, "Single Copy": false, "Plans": [{"Node Type": "Aggregate", "Strategy": "Plain", "Partial Mode": "Partial", "Parent Relationship": "Outer", "Parallel Aware": false, "Startup Cost": 1037455.7, "Total Cost": 1037455.71, "Plan Rows": 1, "Plan Width": 32, "Plans": [{"Node Type": "Index Scan", "Parent Relationship": "Outer", "Parallel Aware": true, "Scan Direction": "Forward", "Index Name": "idx_lineitem_shipdate", "Relation Name": "lineitem", "Alias": "lineitem", "Startup Cost": 0.56, "Total Cost": 1035613.31, "Plan Rows": 368479, "Plan Width": 12, "Index Cond": "((l_shipdate >= '1997-01-01'::date) AND (l_shipdate < '1998-01-01 00:00:00'::timestamp without time zone) AND (l_discount >= 0.01) AND (l_discount <= 0.03) AND (l_quantity < '24'::numeric))"}]}]}]}]}}, {"Plan": {"Node Type": "Limit", "Parallel Aware": false, "Startup Cost": 1038456.03, "Total Cost": 1038456.04, "Plan Rows": 1, "Plan Width": 32, "Plans": [{"Node Type": "Aggregate", "Strategy": "Plain", "Partial Mode": "Finalize", "Parent Relationship": "Outer", "Parallel Aware": false, "Startup Cost": 1038456.03, "Total Cost": 1038456.04, "Plan Rows": 1, "Plan Width": 32, "Plans": [{"Node Type": "Gather", "Parent Relationship": "Outer", "Parallel Aware": false, "Startup Cost": 1038455.7, "Total Cost": 1038456.01, "Plan Rows": 3, "Plan Width": 32, "Workers Planned": 3, "Single Copy": false, "Plans": [{"Node Type": "Aggregate", "Strategy": "Plain", "Partial Mode": "Partial", "Parent Relationship": "Outer", "Parallel Aware": false, "Startup Cost": 1037455.7, "Total Cost": 1037455.71, "Plan Rows": 1, "Plan Width": 32, "Plans": [{"Node Type": "Index Scan", "Parent Relationship": "Outer", "Parallel Aware": true, "Scan Direction": "Forward", "Index Name": "idx_lineitem_shipdate", "Relation Name": "lineitem", "Alias": "lineitem", "Startup Cost": 0.56, "Total Cost": 1035613.31, "Plan Rows": 368479, "Plan Width": 12, "Index Cond": "((l_shipdate >= '1997-01-01'::date) AND (l_shipdate < '1998-01-01 00:00:00'::timestamp without time zone) AND (l_discount >= 0.01) AND (l_discount <= 0.03) AND (l_quantity < '24'::numeric))"}]}]}]}]}}, {"Plan": {"Node Type": "Limit", "Parallel Aware": false, "Startup Cost": 1038456.03, "Total Cost": 1038456.04, "Plan Rows": 1, "Plan Width": 32, "Plans": [{"Node Type": "Aggregate", "Strategy": "Plain", "Partial Mode": "Finalize", "Parent Relationship": "Outer", "Parallel Aware": false, "Startup Cost": 1038456.03, "Total Cost": 1038456.04, "Plan Rows": 1, "Plan Width": 32, "Plans": [{"Node Type": "Gather", "Parent Relationship": "Outer", "Parallel Aware": false, "Startup Cost": 1038455.7, "Total Cost": 1038456.01, "Plan Rows": 3, "Plan Width": 32, "Workers Planned": 3, "Single Copy": false, "Plans": [{"Node Type": "Aggregate", "Strategy": "Plain", "Partial Mode": "Partial", "Parent Relationship": "Outer", "Parallel Aware": false, "Startup Cost": 1037455.7, "Total Cost": 1037455.71, "Plan Rows": 1, "Plan Width": 32, "Plans": [{"Node Type": "Index Scan", "Parent Relationship": "Outer", "Parallel Aware": true, "Scan Direction": "Forward", "Index Name": "idx_lineitem_shipdate", "Relation Name": "lineitem", "Alias": "lineitem", "Startup Cost": 0.56, "Total Cost": 1035613.31, "Plan Rows": 368479, "Plan Width": 12, "Index Cond": "((l_shipdate >= '1997-01-01'::date) AND (l_shipdate < '1998-01-01 00:00:00'::timestamp without time zone) AND (l_discount >= 0.01) AND (l_discount <= 0.03) AND (l_quantity < '24'::numeric))"}]}]}]}]}}, {"Plan": {"Node Type": "Limit", "Parallel Aware": false, "Startup Cost": 1038456.03, "Total Cost": 1038456.04, "Plan Rows": 1, "Plan Width": 32, "Plans": [{"Node Type": "Aggregate", "Strategy": "Plain", "Partial Mode": "Finalize", "Parent Relationship": "Outer", "Parallel Aware": false, "Startup Cost": 1038456.03, "Total Cost": 1038456.04, "Plan Rows": 1, "Plan Width": 32, "Plans": [{"Node Type": "Gather", "Parent Relationship": "Outer", "Parallel Aware": false, "Startup Cost": 1038455.7, "Total Cost": 1038456.01, "Plan Rows": 3, "Plan Width": 32, "Workers Planned": 3, "Single Copy": false, "Plans": [{"Node Type": "Aggregate", "Strategy": "Plain", "Partial Mode": "Partial", "Parent Relationship": "Outer", "Parallel Aware": false, "Startup Cost": 1037455.7, "Total Cost": 1037455.71, "Plan Rows": 1, "Plan Width": 32, "Plans": [{"Node Type": "Index Scan", "Parent Relationship": "Outer", "Parallel Aware": true, "Scan Direction": "Forward", "Index Name": "idx_lineitem_shipdate", "Relation Name": "lineitem", "Alias": "lineitem", "Startup Cost": 0.56, "Total Cost": 1035613.31, "Plan Rows": 368479, "Plan Width": 12, "Index Cond": "((l_shipdate >= '1997-01-01'::date) AND (l_shipdate < '1998-01-01 00:00:00'::timestamp without time zone) AND (l_discount >= 0.01) AND (l_discount <= 0.03) AND (l_quantity < '24'::numeric))"}]}]}]}]}}, {"Plan": {"Node Type": "Limit", "Parallel Aware": false, "Startup Cost": 1038456.03, "Total Cost": 1038456.04, "Plan Rows": 1, "Plan Width": 32, "Plans": [{"Node Type": "Aggregate", "Strategy": "Plain", "Partial Mode": "Finalize", "Parent Relationship": "Outer", "Parallel Aware": false, "Startup Cost": 1038456.03, "Total Cost": 1038456.04, "Plan Rows": 1, "Plan Width": 32, "Plans": [{"Node Type": "Gather", "Parent Relationship": "Outer", "Parallel Aware": false, "Startup Cost": 1038455.7, "Total Cost": 1038456.01, "Plan Rows": 3, "Plan Width": 32, "Workers Planned": 3, "Single Copy": false, "Plans": [{"Node Type": "Aggregate", "Strategy": "Plain", "Partial Mode": "Partial", "Parent Relationship": "Outer", "Parallel Aware": false, "Startup Cost": 1037455.7, "Total Cost": 1037455.71, "Plan Rows": 1, "Plan Width": 32, "Plans": [{"Node Type": "Index Scan", "Parent Relationship": "Outer", "Parallel Aware": true, "Scan Direction": "Forward", "Index Name": "idx_lineitem_shipdate", "Relation Name": "lineitem", "Alias": "lineitem", "Startup Cost": 0.56, "Total Cost": 1035613.31, "Plan Rows": 368479, "Plan Width": 12, "Index Cond": "((l_shipdate >= '1997-01-01'::date) AND (l_shipdate < '1998-01-01 00:00:00'::timestamp without time zone) AND (l_discount >= 0.01) AND (l_discount <= 0.03) AND (l_quantity < '24'::numeric))"}]}]}]}]}}, {"Plan": {"Node Type": "Limit", "Parallel Aware": false, "Startup Cost": 1329441.58, "Total Cost": 1329441.59, "Plan Rows": 1, "Plan Width": 32, "Plans": [{"Node Type": "Aggregate", "Strategy": "Plain", "Partial Mode": "Finalize", "Parent Relationship": "Outer", "Parallel Aware": false, "Startup Cost": 1329441.58, "Total Cost": 1329441.59, "Plan Rows": 1, "Plan Width": 32, "Plans": [{"Node Type": "Gather", "Parent Relationship": "Outer", "Parallel Aware": false, "Startup Cost": 1329441.26, "Total Cost": 1329441.57, "Plan Rows": 3, "Plan Width": 32, "Workers Planned": 3, "Single Copy": false, "Plans": [{"Node Type": "Aggregate", "Strategy": "Plain", "Partial Mode": "Partial", "Parent Relationship": "Outer", "Parallel Aware": false, "Startup Cost": 1328441.26, "Total Cost": 1328441.27, "Plan Rows": 1, "Plan Width": 32, "Plans": [{"Node Type": "Bitmap Heap Scan", "Parent Relationship": "Outer", "Parallel Aware": true, "Relation Name": "lineitem", "Alias": "lineitem", "Startup Cost": 198921.63, "Total Cost": 1326598.86, "Plan Rows": 368479, "Plan Width": 12, "Recheck Cond": "((l_shipdate >= '1997-01-01'::date) AND (l_shipdate < '1998-01-01 00:00:00'::timestamp without time zone) AND (l_discount >= 0.01) AND (l_discount <= 0.03) AND (l_quantity < '24'::numeric))", "Plans": [{"Node Type": "Bitmap Index Scan", "Parent Relationship": "Outer", "Parallel Aware": false, "Index Name": "idx_lineitem_shipdate", "Startup Cost": 0.0, "Total Cost": 198636.05, "Plan Rows": 1142286, "Plan Width": 0, "Index Cond": "((l_shipdate >= '1997-01-01'::date) AND (l_shipdate < '1998-01-01 00:00:00'::timestamp without time zone) AND (l_discount >= 0.01) AND (l_discount <= 0.03) AND (l_quantity < '24'::numeric))"}]}]}]}]}]}}, {"Plan": {"Node Type": "Limit", "Parallel Aware": false, "Startup Cost": 1329441.58, "Total Cost": 1329441.59, "Plan Rows": 1, "Plan Width": 32, "Plans": [{"Node Type": "Aggregate", "Strategy": "Plain", "Partial Mode": "Finalize", "Parent Relationship": "Outer", "Parallel Aware": false, "Startup Cost": 1329441.58, "Total Cost": 1329441.59, "Plan Rows": 1, "Plan Width": 32, "Plans": [{"Node Type": "Gather", "Parent Relationship": "Outer", "Parallel Aware": false, "Startup Cost": 1329441.26, "Total Cost": 1329441.57, "Plan Rows": 3, "Plan Width": 32, "Workers Planned": 3, "Single Copy": false, "Plans": [{"Node Type": "Aggregate", "Strategy": "Plain", "Partial Mode": "Partial", "Parent Relationship": "Outer", "Parallel Aware": false, "Startup Cost": 1328441.26, "Total Cost": 1328441.27, "Plan Rows": 1, "Plan Width": 32, "Plans": [{"Node Type": "Bitmap Heap Scan", "Parent Relationship": "Outer", "Parallel Aware": true, "Relation Name": "lineitem", "Alias": "lineitem", "Startup Cost": 198921.63, "Total Cost": 1326598.86, "Plan Rows": 368479, "Plan Width": 12, "Recheck Cond": "((l_shipdate >= '1997-01-01'::date) AND (l_shipdate < '1998-01-01 00:00:00'::timestamp without time zone) AND (l_discount >= 0.01) AND (l_discount <= 0.03) AND (l_quantity < '24'::numeric))", "Plans": [{"Node Type": "Bitmap Index Scan", "Parent Relationship": "Outer", "Parallel Aware": false, "Index Name": "idx_lineitem_shipdate", "Startup Cost": 0.0, "Total Cost": 198636.05, "Plan Rows": 1142286, "Plan Width": 0, "Index Cond": "((l_shipdate >= '1997-01-01'::date) AND (l_shipdate < '1998-01-01 00:00:00'::timestamp without time zone) AND (l_discount >= 0.01) AND (l_discount <= 0.03) AND (l_quantity < '24'::numeric))"}]}]}]}]}]}}, {"Plan": {"Node Type": "Limit", "Parallel Aware": false, "Startup Cost": 1329441.58, "Total Cost": 1329441.59, "Plan Rows": 1, "Plan Width": 32, "Plans": [{"Node Type": "Aggregate", "Strategy": "Plain", "Partial Mode": "Finalize", "Parent Relationship": "Outer", "Parallel Aware": false, "Startup Cost": 1329441.58, "Total Cost": 1329441.59, "Plan Rows": 1, "Plan Width": 32, "Plans": [{"Node Type": "Gather", "Parent Relationship": "Outer", "Parallel Aware": false, "Startup Cost": 1329441.26, "Total Cost": 1329441.57, "Plan Rows": 3, "Plan Width": 32, "Workers Planned": 3, "Single Copy": false, "Plans": [{"Node Type": "Aggregate", "Strategy": "Plain", "Partial Mode": "Partial", "Parent Relationship": "Outer", "Parallel Aware": false, "Startup Cost": 1328441.26, "Total Cost": 1328441.27, "Plan Rows": 1, "Plan Width": 32, "Plans": [{"Node Type": "Bitmap Heap Scan", "Parent Relationship": "Outer", "Parallel Aware": true, "Relation Name": "lineitem", "Alias": "lineitem", "Startup Cost": 198921.63, "Total Cost": 1326598.86, "Plan Rows": 368479, "Plan Width": 12, "Recheck Cond": "((l_shipdate >= '1997-01-01'::date) AND (l_shipdate < '1998-01-01 00:00:00'::timestamp without time zone) AND (l_discount >= 0.01) AND (l_discount <= 0.03) AND (l_quantity < '24'::numeric))", "Plans": [{"Node Type": "Bitmap Index Scan", "Parent Relationship": "Outer", "Parallel Aware": false, "Index Name": "idx_lineitem_shipdate", "Startup Cost": 0.0, "Total Cost": 198636.05, "Plan Rows": 1142286, "Plan Width": 0, "Index Cond": "((l_shipdate >= '1997-01-01'::date) AND (l_shipdate < '1998-01-01 00:00:00'::timestamp without time zone) AND (l_discount >= 0.01) AND (l_discount <= 0.03) AND (l_quantity < '24'::numeric))"}]}]}]}]}]}}, {"Plan": {"Node Type": "Limit", "Parallel Aware": false, "Startup Cost": 1329441.58, "Total Cost": 1329441.59, "Plan Rows": 1, "Plan Width": 32, "Plans": [{"Node Type": "Aggregate", "Strategy": "Plain", "Partial Mode": "Finalize", "Parent Relationship": "Outer", "Parallel Aware": false, "Startup Cost": 1329441.58, "Total Cost": 1329441.59, "Plan Rows": 1, "Plan Width": 32, "Plans": [{"Node Type": "Gather", "Parent Relationship": "Outer", "Parallel Aware": false, "Startup Cost": 1329441.26, "Total Cost": 1329441.57, "Plan Rows": 3, "Plan Width": 32, "Workers Planned": 3, "Single Copy": false, "Plans": [{"Node Type": "Aggregate", "Strategy": "Plain", "Partial Mode": "Partial", "Parent Relationship": "Outer", "Parallel Aware": false, "Startup Cost": 1328441.26, "Total Cost": 1328441.27, "Plan Rows": 1, "Plan Width": 32, "Plans": [{"Node Type": "Bitmap Heap Scan", "Parent Relationship": "Outer", "Parallel Aware": true, "Relation Name": "lineitem", "Alias": "lineitem", "Startup Cost": 198921.63, "Total Cost": 1326598.86, "Plan Rows": 368479, "Plan Width": 12, "Recheck Cond": "((l_shipdate >= '1997-01-01'::date) AND (l_shipdate < '1998-01-01 00:00:00'::timestamp without time zone) AND (l_discount >= 0.01) AND (l_discount <= 0.03) AND (l_quantity < '24'::numeric))", "Plans": [{"Node Type": "Bitmap Index Scan", "Parent Relationship": "Outer", "Parallel Aware": false, "Index Name": "idx_lineitem_shipdate", "Startup Cost": 0.0, "Total Cost": 198636.05, "Plan Rows": 1142286, "Plan Width": 0, "Index Cond": "((l_shipdate >= '1997-01-01'::date) AND (l_shipdate < '1998-01-01 00:00:00'::timestamp without time zone) AND (l_discount >= 0.01) AND (l_discount <= 0.03) AND (l_quantity < '24'::numeric))"}]}]}]}]}]}}, {"Plan": {"Node Type": "Limit", "Parallel Aware": false, "Startup Cost": 1329441.58, "Total Cost": 1329441.59, "Plan Rows": 1, "Plan Width": 32, "Plans": [{"Node Type": "Aggregate", "Strategy": "Plain", "Partial Mode": "Finalize", "Parent Relationship": "Outer", "Parallel Aware": false, "Startup Cost": 1329441.58, "Total Cost": 1329441.59, "Plan Rows": 1, "Plan Width": 32, "Plans": [{"Node Type": "Gather", "Parent Relationship": "Outer", "Parallel Aware": false, "Startup Cost": 1329441.26, "Total Cost": 1329441.57, "Plan Rows": 3, "Plan Width": 32, "Workers Planned": 3, "Single Copy": false, "Plans": [{"Node Type": "Aggregate", "Strategy": "Plain", "Partial Mode": "Partial", "Parent Relationship": "Outer", "Parallel Aware": false, "Startup Cost": 1328441.26, "Total Cost": 1328441.27, "Plan Rows": 1, "Plan Width": 32, "Plans": [{"Node Type": "Bitmap Heap Scan", "Parent Relationship": "Outer", "Parallel Aware": true, "Relation Name": "lineitem", "Alias": "lineitem", "Startup Cost": 198921.63, "Total Cost": 1326598.86, "Plan Rows": 368479, "Plan Width": 12, "Recheck Cond": "((l_shipdate >= '1997-01-01'::date) AND (l_shipdate < '1998-01-01 00:00:00'::timestamp without time zone) AND (l_discount >= 0.01) AND (l_discount <= 0.03) AND (l_quantity < '24'::numeric))", "Plans": [{"Node Type": "Bitmap Index Scan", "Parent Relationship": "Outer", "Parallel Aware": false, "Index Name": "idx_lineitem_shipdate", "Startup Cost": 0.0, "Total Cost": 198636.05, "Plan Rows": 1142286, "Plan Width": 0, "Index Cond": "((l_shipdate >= '1997-01-01'::date) AND (l_shipdate < '1998-01-01 00:00:00'::timestamp without time zone) AND (l_discount >= 0.01) AND (l_discount <= 0.03) AND (l_quantity < '24'::numeric))"}]}]}]}]}]}}, {"Plan": {"Node Type": "Limit", "Parallel Aware": false, "Startup Cost": 1329441.58, "Total Cost": 1329441.59, "Plan Rows": 1, "Plan Width": 32, "Plans": [{"Node Type": "Aggregate", "Strategy": "Plain", "Partial Mode": "Finalize", "Parent Relationship": "Outer", "Parallel Aware": false, "Startup Cost": 1329441.58, "Total Cost": 1329441.59, "Plan Rows": 1, "Plan Width": 32, "Plans": [{"Node Type": "Gather", "Parent Relationship": "Outer", "Parallel Aware": false, "Startup Cost": 1329441.26, "Total Cost": 1329441.57, "Plan Rows": 3, "Plan Width": 32, "Workers Planned": 3, "Single Copy": false, "Plans": [{"Node Type": "Aggregate", "Strategy": "Plain", "Partial Mode": "Partial", "Parent Relationship": "Outer", "Parallel Aware": false, "Startup Cost": 1328441.26, "Total Cost": 1328441.27, "Plan Rows": 1, "Plan Width": 32, "Plans": [{"Node Type": "Bitmap Heap Scan", "Parent Relationship": "Outer", "Parallel Aware": true, "Relation Name": "lineitem", "Alias": "lineitem", "Startup Cost": 198921.63, "Total Cost": 1326598.86, "Plan Rows": 368479, "Plan Width": 12, "Recheck Cond": "((l_shipdate >= '1997-01-01'::date) AND (l_shipdate < '1998-01-01 00:00:00'::timestamp without time zone) AND (l_discount >= 0.01) AND (l_discount <= 0.03) AND (l_quantity < '24'::numeric))", "Plans": [{"Node Type": "Bitmap Index Scan", "Parent Relationship": "Outer", "Parallel Aware": false, "Index Name": "idx_lineitem_shipdate", "Startup Cost": 0.0, "Total Cost": 198636.05, "Plan Rows": 1142286, "Plan Width": 0, "Index Cond": "((l_shipdate >= '1997-01-01'::date) AND (l_shipdate < '1998-01-01 00:00:00'::timestamp without time zone) AND (l_discount >= 0.01) AND (l_discount <= 0.03) AND (l_quantity < '24'::numeric))"}]}]}]}]}]}}, {"Plan": {"Node Type": "Limit", "Parallel Aware": false, "Startup Cost": 1038456.03, "Total Cost": 1038456.04, "Plan Rows": 1, "Plan Width": 32, "Plans": [{"Node Type": "Aggregate", "Strategy": "Plain", "Partial Mode": "Finalize", "Parent Relationship": "Outer", "Parallel Aware": false, "Startup Cost": 1038456.03, "Total Cost": 1038456.04, "Plan Rows": 1, "Plan Width": 32, "Plans": [{"Node Type": "Gather", "Parent Relationship": "Outer", "Parallel Aware": false, "Startup Cost": 1038455.7, "Total Cost": 1038456.01, "Plan Rows": 3, "Plan Width": 32, "Workers Planned": 3, "Single Copy": false, "Plans": [{"Node Type": "Aggregate", "Strategy": "Plain", "Partial Mode": "Partial", "Parent Relationship": "Outer", "Parallel Aware": false, "Startup Cost": 1037455.7, "Total Cost": 1037455.71, "Plan Rows": 1, "Plan Width": 32, "Plans": [{"Node Type": "Index Scan", "Parent Relationship": "Outer", "Parallel Aware": true, "Scan Direction": "Forward", "Index Name": "idx_lineitem_shipdate", "Relation Name": "lineitem", "Alias": "lineitem", "Startup Cost": 0.56, "Total Cost": 1035613.31, "Plan Rows": 368479, "Plan Width": 12, "Index Cond": "((l_shipdate >= '1997-01-01'::date) AND (l_shipdate < '1998-01-01 00:00:00'::timestamp without time zone) AND (l_discount >= 0.01) AND (l_discount <= 0.03) AND (l_quantity < '24'::numeric))"}]}]}]}]}}, {"Plan": {"Node Type": "Limit", "Parallel Aware": false, "Startup Cost": 1038456.03, "Total Cost": 1038456.04, "Plan Rows": 1, "Plan Width": 32, "Plans": [{"Node Type": "Aggregate", "Strategy": "Plain", "Partial Mode": "Finalize", "Parent Relationship": "Outer", "Parallel Aware": false, "Startup Cost": 1038456.03, "Total Cost": 1038456.04, "Plan Rows": 1, "Plan Width": 32, "Plans": [{"Node Type": "Gather", "Parent Relationship": "Outer", "Parallel Aware": false, "Startup Cost": 1038455.7, "Total Cost": 1038456.01, "Plan Rows": 3, "Plan Width": 32, "Workers Planned": 3, "Single Copy": false, "Plans": [{"Node Type": "Aggregate", "Strategy": "Plain", "Partial Mode": "Partial", "Parent Relationship": "Outer", "Parallel Aware": false, "Startup Cost": 1037455.7, "Total Cost": 1037455.71, "Plan Rows": 1, "Plan Width": 32, "Plans": [{"Node Type": "Index Scan", "Parent Relationship": "Outer", "Parallel Aware": true, "Scan Direction": "Forward", "Index Name": "idx_lineitem_shipdate", "Relation Name": "lineitem", "Alias": "lineitem", "Startup Cost": 0.56, "Total Cost": 1035613.31, "Plan Rows": 368479, "Plan Width": 12, "Index Cond": "((l_shipdate >= '1997-01-01'::date) AND (l_shipdate < '1998-01-01 00:00:00'::timestamp without time zone) AND (l_discount >= 0.01) AND (l_discount <= 0.03) AND (l_quantity < '24'::numeric))"}]}]}]}]}}, {"Plan": {"Node Type": "Limit", "Parallel Aware": false, "Startup Cost": 1038456.03, "Total Cost": 1038456.04, "Plan Rows": 1, "Plan Width": 32, "Plans": [{"Node Type": "Aggregate", "Strategy": "Plain", "Partial Mode": "Finalize", "Parent Relationship": "Outer", "Parallel Aware": false, "Startup Cost": 1038456.03, "Total Cost": 1038456.04, "Plan Rows": 1, "Plan Width": 32, "Plans": [{"Node Type": "Gather", "Parent Relationship": "Outer", "Parallel Aware": false, "Startup Cost": 1038455.7, "Total Cost": 1038456.01, "Plan Rows": 3, "Plan Width": 32, "Workers Planned": 3, "Single Copy": false, "Plans": [{"Node Type": "Aggregate", "Strategy": "Plain", "Partial Mode": "Partial", "Parent Relationship": "Outer", "Parallel Aware": false, "Startup Cost": 1037455.7, "Total Cost": 1037455.71, "Plan Rows": 1, "Plan Width": 32, "Plans": [{"Node Type": "Index Scan", "Parent Relationship": "Outer", "Parallel Aware": true, "Scan Direction": "Forward", "Index Name": "idx_lineitem_shipdate", "Relation Name": "lineitem", "Alias": "lineitem", "Startup Cost": 0.56, "Total Cost": 1035613.31, "Plan Rows": 368479, "Plan Width": 12, "Index Cond": "((l_shipdate >= '1997-01-01'::date) AND (l_shipdate < '1998-01-01 00:00:00'::timestamp without time zone) AND (l_discount >= 0.01) AND (l_discount <= 0.03) AND (l_quantity < '24'::numeric))"}]}]}]}]}}, {"Plan": {"Node Type": "Limit", "Parallel Aware": false, "Startup Cost": 1038456.03, "Total Cost": 1038456.04, "Plan Rows": 1, "Plan Width": 32, "Plans": [{"Node Type": "Aggregate", "Strategy": "Plain", "Partial Mode": "Finalize", "Parent Relationship": "Outer", "Parallel Aware": false, "Startup Cost": 1038456.03, "Total Cost": 1038456.04, "Plan Rows": 1, "Plan Width": 32, "Plans": [{"Node Type": "Gather", "Parent Relationship": "Outer", "Parallel Aware": false, "Startup Cost": 1038455.7, "Total Cost": 1038456.01, "Plan Rows": 3, "Plan Width": 32, "Workers Planned": 3, "Single Copy": false, "Plans": [{"Node Type": "Aggregate", "Strategy": "Plain", "Partial Mode": "Partial", "Parent Relationship": "Outer", "Parallel Aware": false, "Startup Cost": 1037455.7, "Total Cost": 1037455.71, "Plan Rows": 1, "Plan Width": 32, "Plans": [{"Node Type": "Index Scan", "Parent Relationship": "Outer", "Parallel Aware": true, "Scan Direction": "Forward", "Index Name": "idx_lineitem_shipdate", "Relation Name": "lineitem", "Alias": "lineitem", "Startup Cost": 0.56, "Total Cost": 1035613.31, "Plan Rows": 368479, "Plan Width": 12, "Index Cond": "((l_shipdate >= '1997-01-01'::date) AND (l_shipdate < '1998-01-01 00:00:00'::timestamp without time zone) AND (l_discount >= 0.01) AND (l_discount <= 0.03) AND (l_quantity < '24'::numeric))"}]}]}]}]}}, {"Plan": {"Node Type": "Limit", "Parallel Aware": false, "Startup Cost": 1038456.03, "Total Cost": 1038456.04, "Plan Rows": 1, "Plan Width": 32, "Plans": [{"Node Type": "Aggregate", "Strategy": "Plain", "Partial Mode": "Finalize", "Parent Relationship": "Outer", "Parallel Aware": false, "Startup Cost": 1038456.03, "Total Cost": 1038456.04, "Plan Rows": 1, "Plan Width": 32, "Plans": [{"Node Type": "Gather", "Parent Relationship": "Outer", "Parallel Aware": false, "Startup Cost": 1038455.7, "Total Cost": 1038456.01, "Plan Rows": 3, "Plan Width": 32, "Workers Planned": 3, "Single Copy": false, "Plans": [{"Node Type": "Aggregate", "Strategy": "Plain", "Partial Mode": "Partial", "Parent Relationship": "Outer", "Parallel Aware": false, "Startup Cost": 1037455.7, "Total Cost": 1037455.71, "Plan Rows": 1, "Plan Width": 32, "Plans": [{"Node Type": "Index Scan", "Parent Relationship": "Outer", "Parallel Aware": true, "Scan Direction": "Forward", "Index Name": "idx_lineitem_shipdate", "Relation Name": "lineitem", "Alias": "lineitem", "Startup Cost": 0.56, "Total Cost": 1035613.31, "Plan Rows": 368479, "Plan Width": 12, "Index Cond": "((l_shipdate >= '1997-01-01'::date) AND (l_shipdate < '1998-01-01 00:00:00'::timestamp without time zone) AND (l_discount >= 0.01) AND (l_discount <= 0.03) AND (l_quantity < '24'::numeric))"}]}]}]}]}}, {"Plan": {"Node Type": "Limit", "Parallel Aware": false, "Startup Cost": 1038456.03, "Total Cost": 1038456.04, "Plan Rows": 1, "Plan Width": 32, "Plans": [{"Node Type": "Aggregate", "Strategy": "Plain", "Partial Mode": "Finalize", "Parent Relationship": "Outer", "Parallel Aware": false, "Startup Cost": 1038456.03, "Total Cost": 1038456.04, "Plan Rows": 1, "Plan Width": 32, "Plans": [{"Node Type": "Gather", "Parent Relationship": "Outer", "Parallel Aware": false, "Startup Cost": 1038455.7, "Total Cost": 1038456.01, "Plan Rows": 3, "Plan Width": 32, "Workers Planned": 3, "Single Copy": false, "Plans": [{"Node Type": "Aggregate", "Strategy": "Plain", "Partial Mode": "Partial", "Parent Relationship": "Outer", "Parallel Aware": false, "Startup Cost": 1037455.7, "Total Cost": 1037455.71, "Plan Rows": 1, "Plan Width": 32, "Plans": [{"Node Type": "Index Scan", "Parent Relationship": "Outer", "Parallel Aware": true, "Scan Direction": "Forward", "Index Name": "idx_lineitem_shipdate", "Relation Name": "lineitem", "Alias": "lineitem", "Startup Cost": 0.56, "Total Cost": 1035613.31, "Plan Rows": 368479, "Plan Width": 12, "Index Cond": "((l_shipdate >= '1997-01-01'::date) AND (l_shipdate < '1998-01-01 00:00:00'::timestamp without time zone) AND (l_discount >= 0.01) AND (l_discount <= 0.03) AND (l_quantity < '24'::numeric))"}]}]}]}]}}, {"Plan": {"Node Type": "Limit", "Parallel Aware": false, "Startup Cost": 1329441.58, "Total Cost": 1329441.59, "Plan Rows": 1, "Plan Width": 32, "Plans": [{"Node Type": "Aggregate", "Strategy": "Plain", "Partial Mode": "Finalize", "Parent Relationship": "Outer", "Parallel Aware": false, "Startup Cost": 1329441.58, "Total Cost": 1329441.59, "Plan Rows": 1, "Plan Width": 32, "Plans": [{"Node Type": "Gather", "Parent Relationship": "Outer", "Parallel Aware": false, "Startup Cost": 1329441.26, "Total Cost": 1329441.57, "Plan Rows": 3, "Plan Width": 32, "Workers Planned": 3, "Single Copy": false, "Plans": [{"Node Type": "Aggregate", "Strategy": "Plain", "Partial Mode": "Partial", "Parent Relationship": "Outer", "Parallel Aware": false, "Startup Cost": 1328441.26, "Total Cost": 1328441.27, "Plan Rows": 1, "Plan Width": 32, "Plans": [{"Node Type": "Bitmap Heap Scan", "Parent Relationship": "Outer", "Parallel Aware": true, "Relation Name": "lineitem", "Alias": "lineitem", "Startup Cost": 198921.63, "Total Cost": 1326598.86, "Plan Rows": 368479, "Plan Width": 12, "Recheck Cond": "((l_shipdate >= '1997-01-01'::date) AND (l_shipdate < '1998-01-01 00:00:00'::timestamp without time zone) AND (l_discount >= 0.01) AND (l_discount <= 0.03) AND (l_quantity < '24'::numeric))", "Plans": [{"Node Type": "Bitmap Index Scan", "Parent Relationship": "Outer", "Parallel Aware": false, "Index Name": "idx_lineitem_shipdate", "Startup Cost": 0.0, "Total Cost": 198636.05, "Plan Rows": 1142286, "Plan Width": 0, "Index Cond": "((l_shipdate >= '1997-01-01'::date) AND (l_shipdate < '1998-01-01 00:00:00'::timestamp without time zone) AND (l_discount >= 0.01) AND (l_discount <= 0.03) AND (l_quantity < '24'::numeric))"}]}]}]}]}]}}, {"Plan": {"Node Type": "Limit", "Parallel Aware": false, "Startup Cost": 1329441.58, "Total Cost": 1329441.59, "Plan Rows": 1, "Plan Width": 32, "Plans": [{"Node Type": "Aggregate", "Strategy": "Plain", "Partial Mode": "Finalize", "Parent Relationship": "Outer", "Parallel Aware": false, "Startup Cost": 1329441.58, "Total Cost": 1329441.59, "Plan Rows": 1, "Plan Width": 32, "Plans": [{"Node Type": "Gather", "Parent Relationship": "Outer", "Parallel Aware": false, "Startup Cost": 1329441.26, "Total Cost": 1329441.57, "Plan Rows": 3, "Plan Width": 32, "Workers Planned": 3, "Single Copy": false, "Plans": [{"Node Type": "Aggregate", "Strategy": "Plain", "Partial Mode": "Partial", "Parent Relationship": "Outer", "Parallel Aware": false, "Startup Cost": 1328441.26, "Total Cost": 1328441.27, "Plan Rows": 1, "Plan Width": 32, "Plans": [{"Node Type": "Bitmap Heap Scan", "Parent Relationship": "Outer", "Parallel Aware": true, "Relation Name": "lineitem", "Alias": "lineitem", "Startup Cost": 198921.63, "Total Cost": 1326598.86, "Plan Rows": 368479, "Plan Width": 12, "Recheck Cond": "((l_shipdate >= '1997-01-01'::date) AND (l_shipdate < '1998-01-01 00:00:00'::timestamp without time zone) AND (l_discount >= 0.01) AND (l_discount <= 0.03) AND (l_quantity < '24'::numeric))", "Plans": [{"Node Type": "Bitmap Index Scan", "Parent Relationship": "Outer", "Parallel Aware": false, "Index Name": "idx_lineitem_shipdate", "Startup Cost": 0.0, "Total Cost": 198636.05, "Plan Rows": 1142286, "Plan Width": 0, "Index Cond": "((l_shipdate >= '1997-01-01'::date) AND (l_shipdate < '1998-01-01 00:00:00'::timestamp without time zone) AND (l_discount >= 0.01) AND (l_discount <= 0.03) AND (l_quantity < '24'::numeric))"}]}]}]}]}]}}, {"Plan": {"Node Type": "Limit", "Parallel Aware": false, "Startup Cost": 1329441.58, "Total Cost": 1329441.59, "Plan Rows": 1, "Plan Width": 32, "Plans": [{"Node Type": "Aggregate", "Strategy": "Plain", "Partial Mode": "Finalize", "Parent Relationship": "Outer", "Parallel Aware": false, "Startup Cost": 1329441.58, "Total Cost": 1329441.59, "Plan Rows": 1, "Plan Width": 32, "Plans": [{"Node Type": "Gather", "Parent Relationship": "Outer", "Parallel Aware": false, "Startup Cost": 1329441.26, "Total Cost": 1329441.57, "Plan Rows": 3, "Plan Width": 32, "Workers Planned": 3, "Single Copy": false, "Plans": [{"Node Type": "Aggregate", "Strategy": "Plain", "Partial Mode": "Partial", "Parent Relationship": "Outer", "Parallel Aware": false, "Startup Cost": 1328441.26, "Total Cost": 1328441.27, "Plan Rows": 1, "Plan Width": 32, "Plans": [{"Node Type": "Bitmap Heap Scan", "Parent Relationship": "Outer", "Parallel Aware": true, "Relation Name": "lineitem", "Alias": "lineitem", "Startup Cost": 198921.63, "Total Cost": 1326598.86, "Plan Rows": 368479, "Plan Width": 12, "Recheck Cond": "((l_shipdate >= '1997-01-01'::date) AND (l_shipdate < '1998-01-01 00:00:00'::timestamp without time zone) AND (l_discount >= 0.01) AND (l_discount <= 0.03) AND (l_quantity < '24'::numeric))", "Plans": [{"Node Type": "Bitmap Index Scan", "Parent Relationship": "Outer", "Parallel Aware": false, "Index Name": "idx_lineitem_shipdate", "Startup Cost": 0.0, "Total Cost": 198636.05, "Plan Rows": 1142286, "Plan Width": 0, "Index Cond": "((l_shipdate >= '1997-01-01'::date) AND (l_shipdate < '1998-01-01 00:00:00'::timestamp without time zone) AND (l_discount >= 0.01) AND (l_discount <= 0.03) AND (l_quantity < '24'::numeric))"}]}]}]}]}]}}, {"Plan": {"Node Type": "Limit", "Parallel Aware": false, "Startup Cost": 1038456.03, "Total Cost": 1038456.04, "Plan Rows": 1, "Plan Width": 32, "Plans": [{"Node Type": "Aggregate", "Strategy": "Plain", "Partial Mode": "Finalize", "Parent Relationship": "Outer", "Parallel Aware": false, "Startup Cost": 1038456.03, "Total Cost": 1038456.04, "Plan Rows": 1, "Plan Width": 32, "Plans": [{"Node Type": "Gather", "Parent Relationship": "Outer", "Parallel Aware": false, "Startup Cost": 1038455.7, "Total Cost": 1038456.01, "Plan Rows": 3, "Plan Width": 32, "Workers Planned": 3, "Single Copy": false, "Plans": [{"Node Type": "Aggregate", "Strategy": "Plain", "Partial Mode": "Partial", "Parent Relationship": "Outer", "Parallel Aware": false, "Startup Cost": 1037455.7, "Total Cost": 1037455.71, "Plan Rows": 1, "Plan Width": 32, "Plans": [{"Node Type": "Index Scan", "Parent Relationship": "Outer", "Parallel Aware": true, "Scan Direction": "Forward", "Index Name": "idx_lineitem_shipdate", "Relation Name": "lineitem", "Alias": "lineitem", "Startup Cost": 0.56, "Total Cost": 1035613.31, "Plan Rows": 368479, "Plan Width": 12, "Index Cond": "((l_shipdate >= '1997-01-01'::date) AND (l_shipdate < '1998-01-01 00:00:00'::timestamp without time zone) AND (l_discount >= 0.01) AND (l_discount <= 0.03) AND (l_quantity < '24'::numeric))"}]}]}]}]}}]