[{"Plan": {"Node Type": "Limit", "Parallel Aware": false, "Startup Cost": 1327285.94, "Total Cost": 1327285.95, "Plan Rows": 1, "Plan Width": 32, "Plans": [{"Node Type": "Aggregate", "Strategy": "Plain", "Partial Mode": "Finalize", "Parent Relationship": "Outer", "Parallel Aware": false, "Startup Cost": 1327285.94, "Total Cost": 1327285.95, "Plan Rows": 1, "Plan Width": 32, "Plans": [{"Node Type": "Gather", "Parent Relationship": "Outer", "Parallel Aware": false, "Startup Cost": 1327285.61, "Total Cost": 1327285.92, "Plan Rows": 3, "Plan Width": 32, "Workers Planned": 3, "Single Copy": false, "Plans": [{"Node Type": "Aggregate", "Strategy": "Plain", "Partial Mode": "Partial", "Parent Relationship": "Outer", "Parallel Aware": false, "Startup Cost": 1326285.61, "Total Cost": 1326285.62, "Plan Rows": 1, "Plan Width": 32, "Plans": [{"Node Type": "Bitmap Heap Scan", "Parent Relationship": "Outer", "Parallel Aware": true, "Relation Name": "lineitem", "Alias": "lineitem", "Startup Cost": 197647.05, "Total Cost": 1324446.18, "Plan Rows": 367886, "Plan Width": 12, "Recheck Cond": "((l_shipdate >= '1994-01-01'::date) AND (l_shipdate < '1995-01-01 00:00:00'::timestamp without time zone) AND (l_discount >= 0.02) AND (l_discount <= 0.04) AND (l_quantity < '24'::numeric))", "Plans": [{"Node Type": "Bitmap Index Scan", "Parent Relationship": "Outer", "Parallel Aware": false, "Index Name": "idx_lineitem_shipdate", "Startup Cost": 0.0, "Total Cost": 197361.94, "Plan Rows": 1140446, "Plan Width": 0, "Index Cond": "((l_shipdate >= '1994-01-01'::date) AND (l_shipdate < '1995-01-01 00:00:00'::timestamp without time zone) AND (l_discount >= 0.02) AND (l_discount <= 0.04) AND (l_quantity < '24'::numeric))"}]}]}]}]}]}}, {"Plan": {"Node Type": "Limit", "Parallel Aware": false, "Startup Cost": 1036282.02, "Total Cost": 1036282.03, "Plan Rows": 1, "Plan Width": 32, "Plans": [{"Node Type": "Aggregate", "Strategy": "Plain", "Partial Mode": "Finalize", "Parent Relationship": "Outer", "Parallel Aware": false, "Startup Cost": 1036282.02, "Total Cost": 1036282.03, "Plan Rows": 1, "Plan Width": 32, "Plans": [{"Node Type": "Gather", "Parent Relationship": "Outer", "Parallel Aware": false, "Startup Cost": 1036281.69, "Total Cost": 1036282.0, "Plan Rows": 3, "Plan Width": 32, "Workers Planned": 3, "Single Copy": false, "Plans": [{"Node Type": "Aggregate", "Strategy": "Plain", "Partial Mode": "Partial", "Parent Relationship": "Outer", "Parallel Aware": false, "Startup Cost": 1035281.69, "Total Cost": 1035281.7, "Plan Rows": 1, "Plan Width": 32, "Plans": [{"Node Type": "Index Scan", "Parent Relationship": "Outer", "Parallel Aware": true, "Scan Direction": "Forward", "Index Name": "idx_lineitem_shipdate", "Relation Name": "lineitem", "Alias": "lineitem", "Startup Cost": 0.56, "Total Cost": 1033442.26, "Plan Rows": 367886, "Plan Width": 12, "Index Cond": "((l_shipdate >= '1994-01-01'::date) AND (l_shipdate < '1995-01-01 00:00:00'::timestamp without time zone) AND (l_discount >= 0.02) AND (l_discount <= 0.04) AND (l_quantity < '24'::numeric))"}]}]}]}]}}, {"Plan": {"Node Type": "Limit", "Parallel Aware": false, "Startup Cost": 1036282.02, "Total Cost": 1036282.03, "Plan Rows": 1, "Plan Width": 32, "Plans": [{"Node Type": "Aggregate", "Strategy": "Plain", "Partial Mode": "Finalize", "Parent Relationship": "Outer", "Parallel Aware": false, "Startup Cost": 1036282.02, "Total Cost": 1036282.03, "Plan Rows": 1, "Plan Width": 32, "Plans": [{"Node Type": "Gather", "Parent Relationship": "Outer", "Parallel Aware": false, "Startup Cost": 1036281.69, "Total Cost": 1036282.0, "Plan Rows": 3, "Plan Width": 32, "Workers Planned": 3, "Single Copy": false, "Plans": [{"Node Type": "Aggregate", "Strategy": "Plain", "Partial Mode": "Partial", "Parent Relationship": "Outer", "Parallel Aware": false, "Startup Cost": 1035281.69, "Total Cost": 1035281.7, "Plan Rows": 1, "Plan Width": 32, "Plans": [{"Node Type": "Index Scan", "Parent Relationship": "Outer", "Parallel Aware": true, "Scan Direction": "Forward", "Index Name": "idx_lineitem_shipdate", "Relation Name": "lineitem", "Alias": "lineitem", "Startup Cost": 0.56, "Total Cost": 1033442.26, "Plan Rows": 367886, "Plan Width": 12, "Index Cond": "((l_shipdate >= '1994-01-01'::date) AND (l_shipdate < '1995-01-01 00:00:00'::timestamp without time zone) AND (l_discount >= 0.02) AND (l_discount <= 0.04) AND (l_quantity < '24'::numeric))"}]}]}]}]}}, {"Plan": {"Node Type": "Limit", "Parallel Aware": false, "Startup Cost": 1036282.02, "Total Cost": 1036282.03, "Plan Rows": 1, "Plan Width": 32, "Plans": [{"Node Type": "Aggregate", "Strategy": "Plain", "Partial Mode": "Finalize", "Parent Relationship": "Outer", "Parallel Aware": false, "Startup Cost": 1036282.02, "Total Cost": 1036282.03, "Plan Rows": 1, "Plan Width": 32, "Plans": [{"Node Type": "Gather", "Parent Relationship": "Outer", "Parallel Aware": false, "Startup Cost": 1036281.69, "Total Cost": 1036282.0, "Plan Rows": 3, "Plan Width": 32, "Workers Planned": 3, "Single Copy": false, "Plans": [{"Node Type": "Aggregate", "Strategy": "Plain", "Partial Mode": "Partial", "Parent Relationship": "Outer", "Parallel Aware": false, "Startup Cost": 1035281.69, "Total Cost": 1035281.7, "Plan Rows": 1, "Plan Width": 32, "Plans": [{"Node Type": "Index Scan", "Parent Relationship": "Outer", "Parallel Aware": true, "Scan Direction": "Forward", "Index Name": "idx_lineitem_shipdate", "Relation Name": "lineitem", "Alias": "lineitem", "Startup Cost": 0.56, "Total Cost": 1033442.26, "Plan Rows": 367886, "Plan Width": 12, "Index Cond": "((l_shipdate >= '1994-01-01'::date) AND (l_shipdate < '1995-01-01 00:00:00'::timestamp without time zone) AND (l_discount >= 0.02) AND (l_discount <= 0.04) AND (l_quantity < '24'::numeric))"}]}]}]}]}}, {"Plan": {"Node Type": "Limit", "Parallel Aware": false, "Startup Cost": 1036282.02, "Total Cost": 1036282.03, "Plan Rows": 1, "Plan Width": 32, "Plans": [{"Node Type": "Aggregate", "Strategy": "Plain", "Partial Mode": "Finalize", "Parent Relationship": "Outer", "Parallel Aware": false, "Startup Cost": 1036282.02, "Total Cost": 1036282.03, "Plan Rows": 1, "Plan Width": 32, "Plans": [{"Node Type": "Gather", "Parent Relationship": "Outer", "Parallel Aware": false, "Startup Cost": 1036281.69, "Total Cost": 1036282.0, "Plan Rows": 3, "Plan Width": 32, "Workers Planned": 3, "Single Copy": false, "Plans": [{"Node Type": "Aggregate", "Strategy": "Plain", "Partial Mode": "Partial", "Parent Relationship": "Outer", "Parallel Aware": false, "Startup Cost": 1035281.69, "Total Cost": 1035281.7, "Plan Rows": 1, "Plan Width": 32, "Plans": [{"Node Type": "Index Scan", "Parent Relationship": "Outer", "Parallel Aware": true, "Scan Direction": "Forward", "Index Name": "idx_lineitem_shipdate", "Relation Name": "lineitem", "Alias": "lineitem", "Startup Cost": 0.56, "Total Cost": 1033442.26, "Plan Rows": 367886, "Plan Width": 12, "Index Cond": "((l_shipdate >= '1994-01-01'::date) AND (l_shipdate < '1995-01-01 00:00:00'::timestamp without time zone) AND (l_discount >= 0.02) AND (l_discount <= 0.04) AND (l_quantity < '24'::numeric))"}]}]}]}]}}, {"Plan": {"Node Type": "Limit", "Parallel Aware": false, "Startup Cost": 1036282.02, "Total Cost": 1036282.03, "Plan Rows": 1, "Plan Width": 32, "Plans": [{"Node Type": "Aggregate", "Strategy": "Plain", "Partial Mode": "Finalize", "Parent Relationship": "Outer", "Parallel Aware": false, "Startup Cost": 1036282.02, "Total Cost": 1036282.03, "Plan Rows": 1, "Plan Width": 32, "Plans": [{"Node Type": "Gather", "Parent Relationship": "Outer", "Parallel Aware": false, "Startup Cost": 1036281.69, "Total Cost": 1036282.0, "Plan Rows": 3, "Plan Width": 32, "Workers Planned": 3, "Single Copy": false, "Plans": [{"Node Type": "Aggregate", "Strategy": "Plain", "Partial Mode": "Partial", "Parent Relationship": "Outer", "Parallel Aware": false, "Startup Cost": 1035281.69, "Total Cost": 1035281.7, "Plan Rows": 1, "Plan Width": 32, "Plans": [{"Node Type": "Index Scan", "Parent Relationship": "Outer", "Parallel Aware": true, "Scan Direction": "Forward", "Index Name": "idx_lineitem_shipdate", "Relation Name": "lineitem", "Alias": "lineitem", "Startup Cost": 0.56, "Total Cost": 1033442.26, "Plan Rows": 367886, "Plan Width": 12, "Index Cond": "((l_shipdate >= '1994-01-01'::date) AND (l_shipdate < '1995-01-01 00:00:00'::timestamp without time zone) AND (l_discount >= 0.02) AND (l_discount <= 0.04) AND (l_quantity < '24'::numeric))"}]}]}]}]}}, {"Plan": {"Node Type": "Limit", "Parallel Aware": false, "Startup Cost": 1036282.02, "Total Cost": 1036282.03, "Plan Rows": 1, "Plan Width": 32, "Plans": [{"Node Type": "Aggregate", "Strategy": "Plain", "Partial Mode": "Finalize", "Parent Relationship": "Outer", "Parallel Aware": false, "Startup Cost": 1036282.02, "Total Cost": 1036282.03, "Plan Rows": 1, "Plan Width": 32, "Plans": [{"Node Type": "Gather", "Parent Relationship": "Outer", "Parallel Aware": false, "Startup Cost": 1036281.69, "Total Cost": 1036282.0, "Plan Rows": 3, "Plan Width": 32, "Workers Planned": 3, "Single Copy": false, "Plans": [{"Node Type": "Aggregate", "Strategy": "Plain", "Partial Mode": "Partial", "Parent Relationship": "Outer", "Parallel Aware": false, "Startup Cost": 1035281.69, "Total Cost": 1035281.7, "Plan Rows": 1, "Plan Width": 32, "Plans": [{"Node Type": "Index Scan", "Parent Relationship": "Outer", "Parallel Aware": true, "Scan Direction": "Forward", "Index Name": "idx_lineitem_shipdate", "Relation Name": "lineitem", "Alias": "lineitem", "Startup Cost": 0.56, "Total Cost": 1033442.26, "Plan Rows": 367886, "Plan Width": 12, "Index Cond": "((l_shipdate >= '1994-01-01'::date) AND (l_shipdate < '1995-01-01 00:00:00'::timestamp without time zone) AND (l_discount >= 0.02) AND (l_discount <= 0.04) AND (l_quantity < '24'::numeric))"}]}]}]}]}}, {"Plan": {"Node Type": "Limit", "Parallel Aware": false, "Startup Cost": 1036282.02, "Total Cost": 1036282.03, "Plan Rows": 1, "Plan Width": 32, "Plans": [{"Node Type": "Aggregate", "Strategy": "Plain", "Partial Mode": "Finalize", "Parent Relationship": "Outer", "Parallel Aware": false, "Startup Cost": 1036282.02, "Total Cost": 1036282.03, "Plan Rows": 1, "Plan Width": 32, "Plans": [{"Node Type": "Gather", "Parent Relationship": "Outer", "Parallel Aware": false, "Startup Cost": 1036281.69, "Total Cost": 1036282.0, "Plan Rows": 3, "Plan Width": 32, "Workers Planned": 3, "Single Copy": false, "Plans": [{"Node Type": "Aggregate", "Strategy": "Plain", "Partial Mode": "Partial", "Parent Relationship": "Outer", "Parallel Aware": false, "Startup Cost": 1035281.69, "Total Cost": 1035281.7, "Plan Rows": 1, "Plan Width": 32, "Plans": [{"Node Type": "Index Scan", "Parent Relationship": "Outer", "Parallel Aware": true, "Scan Direction": "Forward", "Index Name": "idx_lineitem_shipdate", "Relation Name": "lineitem", "Alias": "lineitem", "Startup Cost": 0.56, "Total Cost": 1033442.26, "Plan Rows": 367886, "Plan Width": 12, "Index Cond": "((l_shipdate >= '1994-01-01'::date) AND (l_shipdate < '1995-01-01 00:00:00'::timestamp without time zone) AND (l_discount >= 0.02) AND (l_discount <= 0.04) AND (l_quantity < '24'::numeric))"}]}]}]}]}}, {"Plan": {"Node Type": "Limit", "Parallel Aware": false, "Startup Cost": 1327285.94, "Total Cost": 1327285.95, "Plan Rows": 1, "Plan Width": 32, "Plans": [{"Node Type": "Aggregate", "Strategy": "Plain", "Partial Mode": "Finalize", "Parent Relationship": "Outer", "Parallel Aware": false, "Startup Cost": 1327285.94, "Total Cost": 1327285.95, "Plan Rows": 1, "Plan Width": 32, "Plans": [{"Node Type": "Gather", "Parent Relationship": "Outer", "Parallel Aware": false, "Startup Cost": 1327285.61, "Total Cost": 1327285.92, "Plan Rows": 3, "Plan Width": 32, "Workers Planned": 3, "Single Copy": false, "Plans": [{"Node Type": "Aggregate", "Strategy": "Plain", "Partial Mode": "Partial", "Parent Relationship": "Outer", "Parallel Aware": false, "Startup Cost": 1326285.61, "Total Cost": 1326285.62, "Plan Rows": 1, "Plan Width": 32, "Plans": [{"Node Type": "Bitmap Heap Scan", "Parent Relationship": "Outer", "Parallel Aware": true, "Relation Name": "lineitem", "Alias": "lineitem", "Startup Cost": 197647.05, "Total Cost": 1324446.18, "Plan Rows": 367886, "Plan Width": 12, "Recheck Cond": "((l_shipdate >= '1994-01-01'::date) AND (l_shipdate < '1995-01-01 00:00:00'::timestamp without time zone) AND (l_discount >= 0.02) AND (l_discount <= 0.04) AND (l_quantity < '24'::numeric))", "Plans": [{"Node Type": "Bitmap Index Scan", "Parent Relationship": "Outer", "Parallel Aware": false, "Index Name": "idx_lineitem_shipdate", "Startup Cost": 0.0, "Total Cost": 197361.94, "Plan Rows": 1140446, "Plan Width": 0, "Index Cond": "((l_shipdate >= '1994-01-01'::date) AND (l_shipdate < '1995-01-01 00:00:00'::timestamp without time zone) AND (l_discount >= 0.02) AND (l_discount <= 0.04) AND (l_quantity < '24'::numeric))"}]}]}]}]}]}}, {"Plan": {"Node Type": "Limit", "Parallel Aware": false, "Startup Cost": 1327285.94, "Total Cost": 1327285.95, "Plan Rows": 1, "Plan Width": 32, "Plans": [{"Node Type": "Aggregate", "Strategy": "Plain", "Partial Mode": "Finalize", "Parent Relationship": "Outer", "Parallel Aware": false, "Startup Cost": 1327285.94, "Total Cost": 1327285.95, "Plan Rows": 1, "Plan Width": 32, "Plans": [{"Node Type": "Gather", "Parent Relationship": "Outer", "Parallel Aware": false, "Startup Cost": 1327285.61, "Total Cost": 1327285.92, "Plan Rows": 3, "Plan Width": 32, "Workers Planned": 3, "Single Copy": false, "Plans": [{"Node Type": "Aggregate", "Strategy": "Plain", "Partial Mode": "Partial", "Parent Relationship": "Outer", "Parallel Aware": false, "Startup Cost": 1326285.61, "Total Cost": 1326285.62, "Plan Rows": 1, "Plan Width": 32, "Plans": [{"Node Type": "Bitmap Heap Scan", "Parent Relationship": "Outer", "Parallel Aware": true, "Relation Name": "lineitem", "Alias": "lineitem", "Startup Cost": 197647.05, "Total Cost": 1324446.18, "Plan Rows": 367886, "Plan Width": 12, "Recheck Cond": "((l_shipdate >= '1994-01-01'::date) AND (l_shipdate < '1995-01-01 00:00:00'::timestamp without time zone) AND (l_discount >= 0.02) AND (l_discount <= 0.04) AND (l_quantity < '24'::numeric))", "Plans": [{"Node Type": "Bitmap Index Scan", "Parent Relationship": "Outer", "Parallel Aware": false, "Index Name": "idx_lineitem_shipdate", "Startup Cost": 0.0, "Total Cost": 197361.94, "Plan Rows": 1140446, "Plan Width": 0, "Index Cond": "((l_shipdate >= '1994-01-01'::date) AND (l_shipdate < '1995-01-01 00:00:00'::timestamp without time zone) AND (l_discount >= 0.02) AND (l_discount <= 0.04) AND (l_quantity < '24'::numeric))"}]}]}]}]}]}}, {"Plan": {"Node Type": "Limit", "Parallel Aware": false, "Startup Cost": 1327285.94, "Total Cost": 1327285.95, "Plan Rows": 1, "Plan Width": 32, "Plans": [{"Node Type": "Aggregate", "Strategy": "Plain", "Partial Mode": "Finalize", "Parent Relationship": "Outer", "Parallel Aware": false, "Startup Cost": 1327285.94, "Total Cost": 1327285.95, "Plan Rows": 1, "Plan Width": 32, "Plans": [{"Node Type": "Gather", "Parent Relationship": "Outer", "Parallel Aware": false, "Startup Cost": 1327285.61, "Total Cost": 1327285.92, "Plan Rows": 3, "Plan Width": 32, "Workers Planned": 3, "Single Copy": false, "Plans": [{"Node Type": "Aggregate", "Strategy": "Plain", "Partial Mode": "Partial", "Parent Relationship": "Outer", "Parallel Aware": false, "Startup Cost": 1326285.61, "Total Cost": 1326285.62, "Plan Rows": 1, "Plan Width": 32, "Plans": [{"Node Type": "Bitmap Heap Scan", "Parent Relationship": "Outer", "Parallel Aware": true, "Relation Name": "lineitem", "Alias": "lineitem", "Startup Cost": 197647.05, "Total Cost": 1324446.18, "Plan Rows": 367886, "Plan Width": 12, "Recheck Cond": "((l_shipdate >= '1994-01-01'::date) AND (l_shipdate < '1995-01-01 00:00:00'::timestamp without time zone) AND (l_discount >= 0.02) AND (l_discount <= 0.04) AND (l_quantity < '24'::numeric))", "Plans": [{"Node Type": "Bitmap Index Scan", "Parent Relationship": "Outer", "Parallel Aware": false, "Index Name": "idx_lineitem_shipdate", "Startup Cost": 0.0, "Total Cost": 197361.94, "Plan Rows": 1140446, "Plan Width": 0, "Index Cond": "((l_shipdate >= '1994-01-01'::date) AND (l_shipdate < '1995-01-01 00:00:00'::timestamp without time zone) AND (l_discount >= 0.02) AND (l_discount <= 0.04) AND (l_quantity < '24'::numeric))"}]}]}]}]}]}}, {"Plan": {"Node Type": "Limit", "Parallel Aware": false, "Startup Cost": 1327285.94, "Total Cost": 1327285.95, "Plan Rows": 1, "Plan Width": 32, "Plans": [{"Node Type": "Aggregate", "Strategy": "Plain", "Partial Mode": "Finalize", "Parent Relationship": "Outer", "Parallel Aware": false, "Startup Cost": 1327285.94, "Total Cost": 1327285.95, "Plan Rows": 1, "Plan Width": 32, "Plans": [{"Node Type": "Gather", "Parent Relationship": "Outer", "Parallel Aware": false, "Startup Cost": 1327285.61, "Total Cost": 1327285.92, "Plan Rows": 3, "Plan Width": 32, "Workers Planned": 3, "Single Copy": false, "Plans": [{"Node Type": "Aggregate", "Strategy": "Plain", "Partial Mode": "Partial", "Parent Relationship": "Outer", "Parallel Aware": false, "Startup Cost": 1326285.61, "Total Cost": 1326285.62, "Plan Rows": 1, "Plan Width": 32, "Plans": [{"Node Type": "Bitmap Heap Scan", "Parent Relationship": "Outer", "Parallel Aware": true, "Relation Name": "lineitem", "Alias": "lineitem", "Startup Cost": 197647.05, "Total Cost": 1324446.18, "Plan Rows": 367886, "Plan Width": 12, "Recheck Cond": "((l_shipdate >= '1994-01-01'::date) AND (l_shipdate < '1995-01-01 00:00:00'::timestamp without time zone) AND (l_discount >= 0.02) AND (l_discount <= 0.04) AND (l_quantity < '24'::numeric))", "Plans": [{"Node Type": "Bitmap Index Scan", "Parent Relationship": "Outer", "Parallel Aware": false, "Index Name": "idx_lineitem_shipdate", "Startup Cost": 0.0, "Total Cost": 197361.94, "Plan Rows": 1140446, "Plan Width": 0, "Index Cond": "((l_shipdate >= '1994-01-01'::date) AND (l_shipdate < '1995-01-01 00:00:00'::timestamp without time zone) AND (l_discount >= 0.02) AND (l_discount <= 0.04) AND (l_quantity < '24'::numeric))"}]}]}]}]}]}}, {"Plan": {"Node Type": "Limit", "Parallel Aware": false, "Startup Cost": 1327285.94, "Total Cost": 1327285.95, "Plan Rows": 1, "Plan Width": 32, "Plans": [{"Node Type": "Aggregate", "Strategy": "Plain", "Partial Mode": "Finalize", "Parent Relationship": "Outer", "Parallel Aware": false, "Startup Cost": 1327285.94, "Total Cost": 1327285.95, "Plan Rows": 1, "Plan Width": 32, "Plans": [{"Node Type": "Gather", "Parent Relationship": "Outer", "Parallel Aware": false, "Startup Cost": 1327285.61, "Total Cost": 1327285.92, "Plan Rows": 3, "Plan Width": 32, "Workers Planned": 3, "Single Copy": false, "Plans": [{"Node Type": "Aggregate", "Strategy": "Plain", "Partial Mode": "Partial", "Parent Relationship": "Outer", "Parallel Aware": false, "Startup Cost": 1326285.61, "Total Cost": 1326285.62, "Plan Rows": 1, "Plan Width": 32, "Plans": [{"Node Type": "Bitmap Heap Scan", "Parent Relationship": "Outer", "Parallel Aware": true, "Relation Name": "lineitem", "Alias": "lineitem", "Startup Cost": 197647.05, "Total Cost": 1324446.18, "Plan Rows": 367886, "Plan Width": 12, "Recheck Cond": "((l_shipdate >= '1994-01-01'::date) AND (l_shipdate < '1995-01-01 00:00:00'::timestamp without time zone) AND (l_discount >= 0.02) AND (l_discount <= 0.04) AND (l_quantity < '24'::numeric))", "Plans": [{"Node Type": "Bitmap Index Scan", "Parent Relationship": "Outer", "Parallel Aware": false, "Index Name": "idx_lineitem_shipdate", "Startup Cost": 0.0, "Total Cost": 197361.94, "Plan Rows": 1140446, "Plan Width": 0, "Index Cond": "((l_shipdate >= '1994-01-01'::date) AND (l_shipdate < '1995-01-01 00:00:00'::timestamp without time zone) AND (l_discount >= 0.02) AND (l_discount <= 0.04) AND (l_quantity < '24'::numeric))"}]}]}]}]}]}}, {"Plan": {"Node Type": "Limit", "Parallel Aware": false, "Startup Cost": 1327285.94, "Total Cost": 1327285.95, "Plan Rows": 1, "Plan Width": 32, "Plans": [{"Node Type": "Aggregate", "Strategy": "Plain", "Partial Mode": "Finalize", "Parent Relationship": "Outer", "Parallel Aware": false, "Startup Cost": 1327285.94, "Total Cost": 1327285.95, "Plan Rows": 1, "Plan Width": 32, "Plans": [{"Node Type": "Gather", "Parent Relationship": "Outer", "Parallel Aware": false, "Startup Cost": 1327285.61, "Total Cost": 1327285.92, "Plan Rows": 3, "Plan Width": 32, "Workers Planned": 3, "Single Copy": false, "Plans": [{"Node Type": "Aggregate", "Strategy": "Plain", "Partial Mode": "Partial", "Parent Relationship": "Outer", "Parallel Aware": false, "Startup Cost": 1326285.61, "Total Cost": 1326285.62, "Plan Rows": 1, "Plan Width": 32, "Plans": [{"Node Type": "Bitmap Heap Scan", "Parent Relationship": "Outer", "Parallel Aware": true, "Relation Name": "lineitem", "Alias": "lineitem", "Startup Cost": 197647.05, "Total Cost": 1324446.18, "Plan Rows": 367886, "Plan Width": 12, "Recheck Cond": "((l_shipdate >= '1994-01-01'::date) AND (l_shipdate < '1995-01-01 00:00:00'::timestamp without time zone) AND (l_discount >= 0.02) AND (l_discount <= 0.04) AND (l_quantity < '24'::numeric))", "Plans": [{"Node Type": "Bitmap Index Scan", "Parent Relationship": "Outer", "Parallel Aware": false, "Index Name": "idx_lineitem_shipdate", "Startup Cost": 0.0, "Total Cost": 197361.94, "Plan Rows": 1140446, "Plan Width": 0, "Index Cond": "((l_shipdate >= '1994-01-01'::date) AND (l_shipdate < '1995-01-01 00:00:00'::timestamp without time zone) AND (l_discount >= 0.02) AND (l_discount <= 0.04) AND (l_quantity < '24'::numeric))"}]}]}]}]}]}}, {"Plan": {"Node Type": "Limit", "Parallel Aware": false, "Startup Cost": 1327285.94, "Total Cost": 1327285.95, "Plan Rows": 1, "Plan Width": 32, "Plans": [{"Node Type": "Aggregate", "Strategy": "Plain", "Partial Mode": "Finalize", "Parent Relationship": "Outer", "Parallel Aware": false, "Startup Cost": 1327285.94, "Total Cost": 1327285.95, "Plan Rows": 1, "Plan Width": 32, "Plans": [{"Node Type": "Gather", "Parent Relationship": "Outer", "Parallel Aware": false, "Startup Cost": 1327285.61, "Total Cost": 1327285.92, "Plan Rows": 3, "Plan Width": 32, "Workers Planned": 3, "Single Copy": false, "Plans": [{"Node Type": "Aggregate", "Strategy": "Plain", "Partial Mode": "Partial", "Parent Relationship": "Outer", "Parallel Aware": false, "Startup Cost": 1326285.61, "Total Cost": 1326285.62, "Plan Rows": 1, "Plan Width": 32, "Plans": [{"Node Type": "Bitmap Heap Scan", "Parent Relationship": "Outer", "Parallel Aware": true, "Relation Name": "lineitem", "Alias": "lineitem", "Startup Cost": 197647.05, "Total Cost": 1324446.18, "Plan Rows": 367886, "Plan Width": 12, "Recheck Cond": "((l_shipdate >= '1994-01-01'::date) AND (l_shipdate < '1995-01-01 00:00:00'::timestamp without time zone) AND (l_discount >= 0.02) AND (l_discount <= 0.04) AND (l_quantity < '24'::numeric))", "Plans": [{"Node Type": "Bitmap Index Scan", "Parent Relationship": "Outer", "Parallel Aware": false, "Index Name": "idx_lineitem_shipdate", "Startup Cost": 0.0, "Total Cost": 197361.94, "Plan Rows": 1140446, "Plan Width": 0, "Index Cond": "((l_shipdate >= '1994-01-01'::date) AND (l_shipdate < '1995-01-01 00:00:00'::timestamp without time zone) AND (l_discount >= 0.02) AND (l_discount <= 0.04) AND (l_quantity < '24'::numeric))"}]}]}]}]}]}}, {"Plan": {"Node Type": "Limit", "Parallel Aware": false, "Startup Cost": 1036282.02, "Total Cost": 1036282.03, "Plan Rows": 1, "Plan Width": 32, "Plans": [{"Node Type": "Aggregate", "Strategy": "Plain", "Partial Mode": "Finalize", "Parent Relationship": "Outer", "Parallel Aware": false, "Startup Cost": 1036282.02, "Total Cost": 1036282.03, "Plan Rows": 1, "Plan Width": 32, "Plans": [{"Node Type": "Gather", "Parent Relationship": "Outer", "Parallel Aware": false, "Startup Cost": 1036281.69, "Total Cost": 1036282.0, "Plan Rows": 3, "Plan Width": 32, "Workers Planned": 3, "Single Copy": false, "Plans": [{"Node Type": "Aggregate", "Strategy": "Plain", "Partial Mode": "Partial", "Parent Relationship": "Outer", "Parallel Aware": false, "Startup Cost": 1035281.69, "Total Cost": 1035281.7, "Plan Rows": 1, "Plan Width": 32, "Plans": [{"Node Type": "Index Scan", "Parent Relationship": "Outer", "Parallel Aware": true, "Scan Direction": "Forward", "Index Name": "idx_lineitem_shipdate", "Relation Name": "lineitem", "Alias": "lineitem", "Startup Cost": 0.56, "Total Cost": 1033442.26, "Plan Rows": 367886, "Plan Width": 12, "Index Cond": "((l_shipdate >= '1994-01-01'::date) AND (l_shipdate < '1995-01-01 00:00:00'::timestamp without time zone) AND (l_discount >= 0.02) AND (l_discount <= 0.04) AND (l_quantity < '24'::numeric))"}]}]}]}]}}, {"Plan": {"Node Type": "Limit", "Parallel Aware": false, "Startup Cost": 1036282.02, "Total Cost": 1036282.03, "Plan Rows": 1, "Plan Width": 32, "Plans": [{"Node Type": "Aggregate", "Strategy": "Plain", "Partial Mode": "Finalize", "Parent Relationship": "Outer", "Parallel Aware": false, "Startup Cost": 1036282.02, "Total Cost": 1036282.03, "Plan Rows": 1, "Plan Width": 32, "Plans": [{"Node Type": "Gather", "Parent Relationship": "Outer", "Parallel Aware": false, "Startup Cost": 1036281.69, "Total Cost": 1036282.0, "Plan Rows": 3, "Plan Width": 32, "Workers Planned": 3, "Single Copy": false, "Plans": [{"Node Type": "Aggregate", "Strategy": "Plain", "Partial Mode": "Partial", "Parent Relationship": "Outer", "Parallel Aware": false, "Startup Cost": 1035281.69, "Total Cost": 1035281.7, "Plan Rows": 1, "Plan Width": 32, "Plans": [{"Node Type": "Index Scan", "Parent Relationship": "Outer", "Parallel Aware": true, "Scan Direction": "Forward", "Index Name": "idx_lineitem_shipdate", "Relation Name": "lineitem", "Alias": "lineitem", "Startup Cost": 0.56, "Total Cost": 1033442.26, "Plan Rows": 367886, "Plan Width": 12, "Index Cond": "((l_shipdate >= '1994-01-01'::date) AND (l_shipdate < '1995-01-01 00:00:00'::timestamp without time zone) AND (l_discount >= 0.02) AND (l_discount <= 0.04) AND (l_quantity < '24'::numeric))"}]}]}]}]}}, {"Plan": {"Node Type": "Limit", "Parallel Aware": false, "Startup Cost": 1036282.02, "Total Cost": 1036282.03, "Plan Rows": 1, "Plan Width": 32, "Plans": [{"Node Type": "Aggregate", "Strategy": "Plain", "Partial Mode": "Finalize", "Parent Relationship": "Outer", "Parallel Aware": false, "Startup Cost": 1036282.02, "Total Cost": 1036282.03, "Plan Rows": 1, "Plan Width": 32, "Plans": [{"Node Type": "Gather", "Parent Relationship": "Outer", "Parallel Aware": false, "Startup Cost": 1036281.69, "Total Cost": 1036282.0, "Plan Rows": 3, "Plan Width": 32, "Workers Planned": 3, "Single Copy": false, "Plans": [{"Node Type": "Aggregate", "Strategy": "Plain", "Partial Mode": "Partial", "Parent Relationship": "Outer", "Parallel Aware": false, "Startup Cost": 1035281.69, "Total Cost": 1035281.7, "Plan Rows": 1, "Plan Width": 32, "Plans": [{"Node Type": "Index Scan", "Parent Relationship": "Outer", "Parallel Aware": true, "Scan Direction": "Forward", "Index Name": "idx_lineitem_shipdate", "Relation Name": "lineitem", "Alias": "lineitem", "Startup Cost": 0.56, "Total Cost": 1033442.26, "Plan Rows": 367886, "Plan Width": 12, "Index Cond": "((l_shipdate >= '1994-01-01'::date) AND (l_shipdate < '1995-01-01 00:00:00'::timestamp without time zone) AND (l_discount >= 0.02) AND (l_discount <= 0.04) AND (l_quantity < '24'::numeric))"}]}]}]}]}}, {"Plan": {"Node Type": "Limit", "Parallel Aware": false, "Startup Cost": 1036282.02, "Total Cost": 1036282.03, "Plan Rows": 1, "Plan Width": 32, "Plans": [{"Node Type": "Aggregate", "Strategy": "Plain", "Partial Mode": "Finalize", "Parent Relationship": "Outer", "Parallel Aware": false, "Startup Cost": 1036282.02, "Total Cost": 1036282.03, "Plan Rows": 1, "Plan Width": 32, "Plans": [{"Node Type": "Gather", "Parent Relationship": "Outer", "Parallel Aware": false, "Startup Cost": 1036281.69, "Total Cost": 1036282.0, "Plan Rows": 3, "Plan Width": 32, "Workers Planned": 3, "Single Copy": false, "Plans": [{"Node Type": "Aggregate", "Strategy": "Plain", "Partial Mode": "Partial", "Parent Relationship": "Outer", "Parallel Aware": false, "Startup Cost": 1035281.69, "Total Cost": 1035281.7, "Plan Rows": 1, "Plan Width": 32, "Plans": [{"Node Type": "Index Scan", "Parent Relationship": "Outer", "Parallel Aware": true, "Scan Direction": "Forward", "Index Name": "idx_lineitem_shipdate", "Relation Name": "lineitem", "Alias": "lineitem", "Startup Cost": 0.56, "Total Cost": 1033442.26, "Plan Rows": 367886, "Plan Width": 12, "Index Cond": "((l_shipdate >= '1994-01-01'::date) AND (l_shipdate < '1995-01-01 00:00:00'::timestamp without time zone) AND (l_discount >= 0.02) AND (l_discount <= 0.04) AND (l_quantity < '24'::numeric))"}]}]}]}]}}, {"Plan": {"Node Type": "Limit", "Parallel Aware": false, "Startup Cost": 1036282.02, "Total Cost": 1036282.03, "Plan Rows": 1, "Plan Width": 32, "Plans": [{"Node Type": "Aggregate", "Strategy": "Plain", "Partial Mode": "Finalize", "Parent Relationship": "Outer", "Parallel Aware": false, "Startup Cost": 1036282.02, "Total Cost": 1036282.03, "Plan Rows": 1, "Plan Width": 32, "Plans": [{"Node Type": "Gather", "Parent Relationship": "Outer", "Parallel Aware": false, "Startup Cost": 1036281.69, "Total Cost": 1036282.0, "Plan Rows": 3, "Plan Width": 32, "Workers Planned": 3, "Single Copy": false, "Plans": [{"Node Type": "Aggregate", "Strategy": "Plain", "Partial Mode": "Partial", "Parent Relationship": "Outer", "Parallel Aware": false, "Startup Cost": 1035281.69, "Total Cost": 1035281.7, "Plan Rows": 1, "Plan Width": 32, "Plans": [{"Node Type": "Index Scan", "Parent Relationship": "Outer", "Parallel Aware": true, "Scan Direction": "Forward", "Index Name": "idx_lineitem_shipdate", "Relation Name": "lineitem", "Alias": "lineitem", "Startup Cost": 0.56, "Total Cost": 1033442.26, "Plan Rows": 367886, "Plan Width": 12, "Index Cond": "((l_shipdate >= '1994-01-01'::date) AND (l_shipdate < '1995-01-01 00:00:00'::timestamp without time zone) AND (l_discount >= 0.02) AND (l_discount <= 0.04) AND (l_quantity < '24'::numeric))"}]}]}]}]}}, {"Plan": {"Node Type": "Limit", "Parallel Aware": false, "Startup Cost": 1036282.02, "Total Cost": 1036282.03, "Plan Rows": 1, "Plan Width": 32, "Plans": [{"Node Type": "Aggregate", "Strategy": "Plain", "Partial Mode": "Finalize", "Parent Relationship": "Outer", "Parallel Aware": false, "Startup Cost": 1036282.02, "Total Cost": 1036282.03, "Plan Rows": 1, "Plan Width": 32, "Plans": [{"Node Type": "Gather", "Parent Relationship": "Outer", "Parallel Aware": false, "Startup Cost": 1036281.69, "Total Cost": 1036282.0, "Plan Rows": 3, "Plan Width": 32, "Workers Planned": 3, "Single Copy": false, "Plans": [{"Node Type": "Aggregate", "Strategy": "Plain", "Partial Mode": "Partial", "Parent Relationship": "Outer", "Parallel Aware": false, "Startup Cost": 1035281.69, "Total Cost": 1035281.7, "Plan Rows": 1, "Plan Width": 32, "Plans": [{"Node Type": "Index Scan", "Parent Relationship": "Outer", "Parallel Aware": true, "Scan Direction": "Forward", "Index Name": "idx_lineitem_shipdate", "Relation Name": "lineitem", "Alias": "lineitem", "Startup Cost": 0.56, "Total Cost": 1033442.26, "Plan Rows": 367886, "Plan Width": 12, "Index Cond": "((l_shipdate >= '1994-01-01'::date) AND (l_shipdate < '1995-01-01 00:00:00'::timestamp without time zone) AND (l_discount >= 0.02) AND (l_discount <= 0.04) AND (l_quantity < '24'::numeric))"}]}]}]}]}}, {"Plan": {"Node Type": "Limit", "Parallel Aware": false, "Startup Cost": 1036282.02, "Total Cost": 1036282.03, "Plan Rows": 1, "Plan Width": 32, "Plans": [{"Node Type": "Aggregate", "Strategy": "Plain", "Partial Mode": "Finalize", "Parent Relationship": "Outer", "Parallel Aware": false, "Startup Cost": 1036282.02, "Total Cost": 1036282.03, "Plan Rows": 1, "Plan Width": 32, "Plans": [{"Node Type": "Gather", "Parent Relationship": "Outer", "Parallel Aware": false, "Startup Cost": 1036281.69, "Total Cost": 1036282.0, "Plan Rows": 3, "Plan Width": 32, "Workers Planned": 3, "Single Copy": false, "Plans": [{"Node Type": "Aggregate", "Strategy": "Plain", "Partial Mode": "Partial", "Parent Relationship": "Outer", "Parallel Aware": false, "Startup Cost": 1035281.69, "Total Cost": 1035281.7, "Plan Rows": 1, "Plan Width": 32, "Plans": [{"Node Type": "Index Scan", "Parent Relationship": "Outer", "Parallel Aware": true, "Scan Direction": "Forward", "Index Name": "idx_lineitem_shipdate", "Relation Name": "lineitem", "Alias": "lineitem", "Startup Cost": 0.56, "Total Cost": 1033442.26, "Plan Rows": 367886, "Plan Width": 12, "Index Cond": "((l_shipdate >= '1994-01-01'::date) AND (l_shipdate < '1995-01-01 00:00:00'::timestamp without time zone) AND (l_discount >= 0.02) AND (l_discount <= 0.04) AND (l_quantity < '24'::numeric))"}]}]}]}]}}, {"Plan": {"Node Type": "Limit", "Parallel Aware": false, "Startup Cost": 1036282.02, "Total Cost": 1036282.03, "Plan Rows": 1, "Plan Width": 32, "Plans": [{"Node Type": "Aggregate", "Strategy": "Plain", "Partial Mode": "Finalize", "Parent Relationship": "Outer", "Parallel Aware": false, "Startup Cost": 1036282.02, "Total Cost": 1036282.03, "Plan Rows": 1, "Plan Width": 32, "Plans": [{"Node Type": "Gather", "Parent Relationship": "Outer", "Parallel Aware": false, "Startup Cost": 1036281.69, "Total Cost": 1036282.0, "Plan Rows": 3, "Plan Width": 32, "Workers Planned": 3, "Single Copy": false, "Plans": [{"Node Type": "Aggregate", "Strategy": "Plain", "Partial Mode": "Partial", "Parent Relationship": "Outer", "Parallel Aware": false, "Startup Cost": 1035281.69, "Total Cost": 1035281.7, "Plan Rows": 1, "Plan Width": 32, "Plans": [{"Node Type": "Index Scan", "Parent Relationship": "Outer", "Parallel Aware": true, "Scan Direction": "Forward", "Index Name": "idx_lineitem_shipdate", "Relation Name": "lineitem", "Alias": "lineitem", "Startup Cost": 0.56, "Total Cost": 1033442.26, "Plan Rows": 367886, "Plan Width": 12, "Index Cond": "((l_shipdate >= '1994-01-01'::date) AND (l_shipdate < '1995-01-01 00:00:00'::timestamp without time zone) AND (l_discount >= 0.02) AND (l_discount <= 0.04) AND (l_quantity < '24'::numeric))"}]}]}]}]}}, {"Plan": {"Node Type": "Limit", "Parallel Aware": false, "Startup Cost": 1327285.94, "Total Cost": 1327285.95, "Plan Rows": 1, "Plan Width": 32, "Plans": [{"Node Type": "Aggregate", "Strategy": "Plain", "Partial Mode": "Finalize", "Parent Relationship": "Outer", "Parallel Aware": false, "Startup Cost": 1327285.94, "Total Cost": 1327285.95, "Plan Rows": 1, "Plan Width": 32, "Plans": [{"Node Type": "Gather", "Parent Relationship": "Outer", "Parallel Aware": false, "Startup Cost": 1327285.61, "Total Cost": 1327285.92, "Plan Rows": 3, "Plan Width": 32, "Workers Planned": 3, "Single Copy": false, "Plans": [{"Node Type": "Aggregate", "Strategy": "Plain", "Partial Mode": "Partial", "Parent Relationship": "Outer", "Parallel Aware": false, "Startup Cost": 1326285.61, "Total Cost": 1326285.62, "Plan Rows": 1, "Plan Width": 32, "Plans": [{"Node Type": "Bitmap Heap Scan", "Parent Relationship": "Outer", "Parallel Aware": true, "Relation Name": "lineitem", "Alias": "lineitem", "Startup Cost": 197647.05, "Total Cost": 1324446.18, "Plan Rows": 367886, "Plan Width": 12, "Recheck Cond": "((l_shipdate >= '1994-01-01'::date) AND (l_shipdate < '1995-01-01 00:00:00'::timestamp without time zone) AND (l_discount >= 0.02) AND (l_discount <= 0.04) AND (l_quantity < '24'::numeric))", "Plans": [{"Node Type": "Bitmap Index Scan", "Parent Relationship": "Outer", "Parallel Aware": false, "Index Name": "idx_lineitem_shipdate", "Startup Cost": 0.0, "Total Cost": 197361.94, "Plan Rows": 1140446, "Plan Width": 0, "Index Cond": "((l_shipdate >= '1994-01-01'::date) AND (l_shipdate < '1995-01-01 00:00:00'::timestamp without time zone) AND (l_discount >= 0.02) AND (l_discount <= 0.04) AND (l_quantity < '24'::numeric))"}]}]}]}]}]}}, {"Plan": {"Node Type": "Limit", "Parallel Aware": false, "Startup Cost": 1327285.94, "Total Cost": 1327285.95, "Plan Rows": 1, "Plan Width": 32, "Plans": [{"Node Type": "Aggregate", "Strategy": "Plain", "Partial Mode": "Finalize", "Parent Relationship": "Outer", "Parallel Aware": false, "Startup Cost": 1327285.94, "Total Cost": 1327285.95, "Plan Rows": 1, "Plan Width": 32, "Plans": [{"Node Type": "Gather", "Parent Relationship": "Outer", "Parallel Aware": false, "Startup Cost": 1327285.61, "Total Cost": 1327285.92, "Plan Rows": 3, "Plan Width": 32, "Workers Planned": 3, "Single Copy": false, "Plans": [{"Node Type": "Aggregate", "Strategy": "Plain", "Partial Mode": "Partial", "Parent Relationship": "Outer", "Parallel Aware": false, "Startup Cost": 1326285.61, "Total Cost": 1326285.62, "Plan Rows": 1, "Plan Width": 32, "Plans": [{"Node Type": "Bitmap Heap Scan", "Parent Relationship": "Outer", "Parallel Aware": true, "Relation Name": "lineitem", "Alias": "lineitem", "Startup Cost": 197647.05, "Total Cost": 1324446.18, "Plan Rows": 367886, "Plan Width": 12, "Recheck Cond": "((l_shipdate >= '1994-01-01'::date) AND (l_shipdate < '1995-01-01 00:00:00'::timestamp without time zone) AND (l_discount >= 0.02) AND (l_discount <= 0.04) AND (l_quantity < '24'::numeric))", "Plans": [{"Node Type": "Bitmap Index Scan", "Parent Relationship": "Outer", "Parallel Aware": false, "Index Name": "idx_lineitem_shipdate", "Startup Cost": 0.0, "Total Cost": 197361.94, "Plan Rows": 1140446, "Plan Width": 0, "Index Cond": "((l_shipdate >= '1994-01-01'::date) AND (l_shipdate < '1995-01-01 00:00:00'::timestamp without time zone) AND (l_discount >= 0.02) AND (l_discount <= 0.04) AND (l_quantity < '24'::numeric))"}]}]}]}]}]}}, {"Plan": {"Node Type": "Limit", "Parallel Aware": false, "Startup Cost": 1327285.94, "Total Cost": 1327285.95, "Plan Rows": 1, "Plan Width": 32, "Plans": [{"Node Type": "Aggregate", "Strategy": "Plain", "Partial Mode": "Finalize", "Parent Relationship": "Outer", "Parallel Aware": false, "Startup Cost": 1327285.94, "Total Cost": 1327285.95, "Plan Rows": 1, "Plan Width": 32, "Plans": [{"Node Type": "Gather", "Parent Relationship": "Outer", "Parallel Aware": false, "Startup Cost": 1327285.61, "Total Cost": 1327285.92, "Plan Rows": 3, "Plan Width": 32, "Workers Planned": 3, "Single Copy": false, "Plans": [{"Node Type": "Aggregate", "Strategy": "Plain", "Partial Mode": "Partial", "Parent Relationship": "Outer", "Parallel Aware": false, "Startup Cost": 1326285.61, "Total Cost": 1326285.62, "Plan Rows": 1, "Plan Width": 32, "Plans": [{"Node Type": "Bitmap Heap Scan", "Parent Relationship": "Outer", "Parallel Aware": true, "Relation Name": "lineitem", "Alias": "lineitem", "Startup Cost": 197647.05, "Total Cost": 1324446.18, "Plan Rows": 367886, "Plan Width": 12, "Recheck Cond": "((l_shipdate >= '1994-01-01'::date) AND (l_shipdate < '1995-01-01 00:00:00'::timestamp without time zone) AND (l_discount >= 0.02) AND (l_discount <= 0.04) AND (l_quantity < '24'::numeric))", "Plans": [{"Node Type": "Bitmap Index Scan", "Parent Relationship": "Outer", "Parallel Aware": false, "Index Name": "idx_lineitem_shipdate", "Startup Cost": 0.0, "Total Cost": 197361.94, "Plan Rows": 1140446, "Plan Width": 0, "Index Cond": "((l_shipdate >= '1994-01-01'::date) AND (l_shipdate < '1995-01-01 00:00:00'::timestamp without time zone) AND (l_discount >= 0.02) AND (l_discount <= 0.04) AND (l_quantity < '24'::numeric))"}]}]}]}]}]}}, {"Plan": {"Node Type": "Limit", "Parallel Aware": false, "Startup Cost": 1327285.94, "Total Cost": 1327285.95, "Plan Rows": 1, "Plan Width": 32, "Plans": [{"Node Type": "Aggregate", "Strategy": "Plain", "Partial Mode": "Finalize", "Parent Relationship": "Outer", "Parallel Aware": false, "Startup Cost": 1327285.94, "Total Cost": 1327285.95, "Plan Rows": 1, "Plan Width": 32, "Plans": [{"Node Type": "Gather", "Parent Relationship": "Outer", "Parallel Aware": false, "Startup Cost": 1327285.61, "Total Cost": 1327285.92, "Plan Rows": 3, "Plan Width": 32, "Workers Planned": 3, "Single Copy": false, "Plans": [{"Node Type": "Aggregate", "Strategy": "Plain", "Partial Mode": "Partial", "Parent Relationship": "Outer", "Parallel Aware": false, "Startup Cost": 1326285.61, "Total Cost": 1326285.62, "Plan Rows": 1, "Plan Width": 32, "Plans": [{"Node Type": "Bitmap Heap Scan", "Parent Relationship": "Outer", "Parallel Aware": true, "Relation Name": "lineitem", "Alias": "lineitem", "Startup Cost": 197647.05, "Total Cost": 1324446.18, "Plan Rows": 367886, "Plan Width": 12, "Recheck Cond": "((l_shipdate >= '1994-01-01'::date) AND (l_shipdate < '1995-01-01 00:00:00'::timestamp without time zone) AND (l_discount >= 0.02) AND (l_discount <= 0.04) AND (l_quantity < '24'::numeric))", "Plans": [{"Node Type": "Bitmap Index Scan", "Parent Relationship": "Outer", "Parallel Aware": false, "Index Name": "idx_lineitem_shipdate", "Startup Cost": 0.0, "Total Cost": 197361.94, "Plan Rows": 1140446, "Plan Width": 0, "Index Cond": "((l_shipdate >= '1994-01-01'::date) AND (l_shipdate < '1995-01-01 00:00:00'::timestamp without time zone) AND (l_discount >= 0.02) AND (l_discount <= 0.04) AND (l_quantity < '24'::numeric))"}]}]}]}]}]}}, {"Plan": {"Node Type": "Limit", "Parallel Aware": false, "Startup Cost": 1036282.02, "Total Cost": 1036282.03, "Plan Rows": 1, "Plan Width": 32, "Plans": [{"Node Type": "Aggregate", "Strategy": "Plain", "Partial Mode": "Finalize", "Parent Relationship": "Outer", "Parallel Aware": false, "Startup Cost": 1036282.02, "Total Cost": 1036282.03, "Plan Rows": 1, "Plan Width": 32, "Plans": [{"Node Type": "Gather", "Parent Relationship": "Outer", "Parallel Aware": false, "Startup Cost": 1036281.69, "Total Cost": 1036282.0, "Plan Rows": 3, "Plan Width": 32, "Workers Planned": 3, "Single Copy": false, "Plans": [{"Node Type": "Aggregate", "Strategy": "Plain", "Partial Mode": "Partial", "Parent Relationship": "Outer", "Parallel Aware": false, "Startup Cost": 1035281.69, "Total Cost": 1035281.7, "Plan Rows": 1, "Plan Width": 32, "Plans": [{"Node Type": "Index Scan", "Parent Relationship": "Outer", "Parallel Aware": true, "Scan Direction": "Forward", "Index Name": "idx_lineitem_shipdate", "Relation Name": "lineitem", "Alias": "lineitem", "Startup Cost": 0.56, "Total Cost": 1033442.26, "Plan Rows": 367886, "Plan Width": 12, "Index Cond": "((l_shipdate >= '1994-01-01'::date) AND (l_shipdate < '1995-01-01 00:00:00'::timestamp without time zone) AND (l_discount >= 0.02) AND (l_discount <= 0.04) AND (l_quantity < '24'::numeric))"}]}]}]}]}}, {"Plan": {"Node Type": "Limit", "Parallel Aware": false, "Startup Cost": 1036282.02, "Total Cost": 1036282.03, "Plan Rows": 1, "Plan Width": 32, "Plans": [{"Node Type": "Aggregate", "Strategy": "Plain", "Partial Mode": "Finalize", "Parent Relationship": "Outer", "Parallel Aware": false, "Startup Cost": 1036282.02, "Total Cost": 1036282.03, "Plan Rows": 1, "Plan Width": 32, "Plans": [{"Node Type": "Gather", "Parent Relationship": "Outer", "Parallel Aware": false, "Startup Cost": 1036281.69, "Total Cost": 1036282.0, "Plan Rows": 3, "Plan Width": 32, "Workers Planned": 3, "Single Copy": false, "Plans": [{"Node Type": "Aggregate", "Strategy": "Plain", "Partial Mode": "Partial", "Parent Relationship": "Outer", "Parallel Aware": false, "Startup Cost": 1035281.69, "Total Cost": 1035281.7, "Plan Rows": 1, "Plan Width": 32, "Plans": [{"Node Type": "Index Scan", "Parent Relationship": "Outer", "Parallel Aware": true, "Scan Direction": "Forward", "Index Name": "idx_lineitem_shipdate", "Relation Name": "lineitem", "Alias": "lineitem", "Startup Cost": 0.56, "Total Cost": 1033442.26, "Plan Rows": 367886, "Plan Width": 12, "Index Cond": "((l_shipdate >= '1994-01-01'::date) AND (l_shipdate < '1995-01-01 00:00:00'::timestamp without time zone) AND (l_discount >= 0.02) AND (l_discount <= 0.04) AND (l_quantity < '24'::numeric))"}]}]}]}]}}, {"Plan": {"Node Type": "Limit", "Parallel Aware": false, "Startup Cost": 1036282.02, "Total Cost": 1036282.03, "Plan Rows": 1, "Plan Width": 32, "Plans": [{"Node Type": "Aggregate", "Strategy": "Plain", "Partial Mode": "Finalize", "Parent Relationship": "Outer", "Parallel Aware": false, "Startup Cost": 1036282.02, "Total Cost": 1036282.03, "Plan Rows": 1, "Plan Width": 32, "Plans": [{"Node Type": "Gather", "Parent Relationship": "Outer", "Parallel Aware": false, "Startup Cost": 1036281.69, "Total Cost": 1036282.0, "Plan Rows": 3, "Plan Width": 32, "Workers Planned": 3, "Single Copy": false, "Plans": [{"Node Type": "Aggregate", "Strategy": "Plain", "Partial Mode": "Partial", "Parent Relationship": "Outer", "Parallel Aware": false, "Startup Cost": 1035281.69, "Total Cost": 1035281.7, "Plan Rows": 1, "Plan Width": 32, "Plans": [{"Node Type": "Index Scan", "Parent Relationship": "Outer", "Parallel Aware": true, "Scan Direction": "Forward", "Index Name": "idx_lineitem_shipdate", "Relation Name": "lineitem", "Alias": "lineitem", "Startup Cost": 0.56, "Total Cost": 1033442.26, "Plan Rows": 367886, "Plan Width": 12, "Index Cond": "((l_shipdate >= '1994-01-01'::date) AND (l_shipdate < '1995-01-01 00:00:00'::timestamp without time zone) AND (l_discount >= 0.02) AND (l_discount <= 0.04) AND (l_quantity < '24'::numeric))"}]}]}]}]}}, {"Plan": {"Node Type": "Limit", "Parallel Aware": false, "Startup Cost": 1036282.02, "Total Cost": 1036282.03, "Plan Rows": 1, "Plan Width": 32, "Plans": [{"Node Type": "Aggregate", "Strategy": "Plain", "Partial Mode": "Finalize", "Parent Relationship": "Outer", "Parallel Aware": false, "Startup Cost": 1036282.02, "Total Cost": 1036282.03, "Plan Rows": 1, "Plan Width": 32, "Plans": [{"Node Type": "Gather", "Parent Relationship": "Outer", "Parallel Aware": false, "Startup Cost": 1036281.69, "Total Cost": 1036282.0, "Plan Rows": 3, "Plan Width": 32, "Workers Planned": 3, "Single Copy": false, "Plans": [{"Node Type": "Aggregate", "Strategy": "Plain", "Partial Mode": "Partial", "Parent Relationship": "Outer", "Parallel Aware": false, "Startup Cost": 1035281.69, "Total Cost": 1035281.7, "Plan Rows": 1, "Plan Width": 32, "Plans": [{"Node Type": "Index Scan", "Parent Relationship": "Outer", "Parallel Aware": true, "Scan Direction": "Forward", "Index Name": "idx_lineitem_shipdate", "Relation Name": "lineitem", "Alias": "lineitem", "Startup Cost": 0.56, "Total Cost": 1033442.26, "Plan Rows": 367886, "Plan Width": 12, "Index Cond": "((l_shipdate >= '1994-01-01'::date) AND (l_shipdate < '1995-01-01 00:00:00'::timestamp without time zone) AND (l_discount >= 0.02) AND (l_discount <= 0.04) AND (l_quantity < '24'::numeric))"}]}]}]}]}}, {"Plan": {"Node Type": "Limit", "Parallel Aware": false, "Startup Cost": 1036282.02, "Total Cost": 1036282.03, "Plan Rows": 1, "Plan Width": 32, "Plans": [{"Node Type": "Aggregate", "Strategy": "Plain", "Partial Mode": "Finalize", "Parent Relationship": "Outer", "Parallel Aware": false, "Startup Cost": 1036282.02, "Total Cost": 1036282.03, "Plan Rows": 1, "Plan Width": 32, "Plans": [{"Node Type": "Gather", "Parent Relationship": "Outer", "Parallel Aware": false, "Startup Cost": 1036281.69, "Total Cost": 1036282.0, "Plan Rows": 3, "Plan Width": 32, "Workers Planned": 3, "Single Copy": false, "Plans": [{"Node Type": "Aggregate", "Strategy": "Plain", "Partial Mode": "Partial", "Parent Relationship": "Outer", "Parallel Aware": false, "Startup Cost": 1035281.69, "Total Cost": 1035281.7, "Plan Rows": 1, "Plan Width": 32, "Plans": [{"Node Type": "Index Scan", "Parent Relationship": "Outer", "Parallel Aware": true, "Scan Direction": "Forward", "Index Name": "idx_lineitem_shipdate", "Relation Name": "lineitem", "Alias": "lineitem", "Startup Cost": 0.56, "Total Cost": 1033442.26, "Plan Rows": 367886, "Plan Width": 12, "Index Cond": "((l_shipdate >= '1994-01-01'::date) AND (l_shipdate < '1995-01-01 00:00:00'::timestamp without time zone) AND (l_discount >= 0.02) AND (l_discount <= 0.04) AND (l_quantity < '24'::numeric))"}]}]}]}]}}, {"Plan": {"Node Type": "Limit", "Parallel Aware": false, "Startup Cost": 1036282.02, "Total Cost": 1036282.03, "Plan Rows": 1, "Plan Width": 32, "Plans": [{"Node Type": "Aggregate", "Strategy": "Plain", "Partial Mode": "Finalize", "Parent Relationship": "Outer", "Parallel Aware": false, "Startup Cost": 1036282.02, "Total Cost": 1036282.03, "Plan Rows": 1, "Plan Width": 32, "Plans": [{"Node Type": "Gather", "Parent Relationship": "Outer", "Parallel Aware": false, "Startup Cost": 1036281.69, "Total Cost": 1036282.0, "Plan Rows": 3, "Plan Width": 32, "Workers Planned": 3, "Single Copy": false, "Plans": [{"Node Type": "Aggregate", "Strategy": "Plain", "Partial Mode": "Partial", "Parent Relationship": "Outer", "Parallel Aware": false, "Startup Cost": 1035281.69, "Total Cost": 1035281.7, "Plan Rows": 1, "Plan Width": 32, "Plans": [{"Node Type": "Index Scan", "Parent Relationship": "Outer", "Parallel Aware": true, "Scan Direction": "Forward", "Index Name": "idx_lineitem_shipdate", "Relation Name": "lineitem", "Alias": "lineitem", "Startup Cost": 0.56, "Total Cost": 1033442.26, "Plan Rows": 367886, "Plan Width": 12, "Index Cond": "((l_shipdate >= '1994-01-01'::date) AND (l_shipdate < '1995-01-01 00:00:00'::timestamp without time zone) AND (l_discount >= 0.02) AND (l_discount <= 0.04) AND (l_quantity < '24'::numeric))"}]}]}]}]}}, {"Plan": {"Node Type": "Limit", "Parallel Aware": false, "Startup Cost": 1327285.94, "Total Cost": 1327285.95, "Plan Rows": 1, "Plan Width": 32, "Plans": [{"Node Type": "Aggregate", "Strategy": "Plain", "Partial Mode": "Finalize", "Parent Relationship": "Outer", "Parallel Aware": false, "Startup Cost": 1327285.94, "Total Cost": 1327285.95, "Plan Rows": 1, "Plan Width": 32, "Plans": [{"Node Type": "Gather", "Parent Relationship": "Outer", "Parallel Aware": false, "Startup Cost": 1327285.61, "Total Cost": 1327285.92, "Plan Rows": 3, "Plan Width": 32, "Workers Planned": 3, "Single Copy": false, "Plans": [{"Node Type": "Aggregate", "Strategy": "Plain", "Partial Mode": "Partial", "Parent Relationship": "Outer", "Parallel Aware": false, "Startup Cost": 1326285.61, "Total Cost": 1326285.62, "Plan Rows": 1, "Plan Width": 32, "Plans": [{"Node Type": "Bitmap Heap Scan", "Parent Relationship": "Outer", "Parallel Aware": true, "Relation Name": "lineitem", "Alias": "lineitem", "Startup Cost": 197647.05, "Total Cost": 1324446.18, "Plan Rows": 367886, "Plan Width": 12, "Recheck Cond": "((l_shipdate >= '1994-01-01'::date) AND (l_shipdate < '1995-01-01 00:00:00'::timestamp without time zone) AND (l_discount >= 0.02) AND (l_discount <= 0.04) AND (l_quantity < '24'::numeric))", "Plans": [{"Node Type": "Bitmap Index Scan", "Parent Relationship": "Outer", "Parallel Aware": false, "Index Name": "idx_lineitem_shipdate", "Startup Cost": 0.0, "Total Cost": 197361.94, "Plan Rows": 1140446, "Plan Width": 0, "Index Cond": "((l_shipdate >= '1994-01-01'::date) AND (l_shipdate < '1995-01-01 00:00:00'::timestamp without time zone) AND (l_discount >= 0.02) AND (l_discount <= 0.04) AND (l_quantity < '24'::numeric))"}]}]}]}]}]}}, {"Plan": {"Node Type": "Limit", "Parallel Aware": false, "Startup Cost": 1327285.94, "Total Cost": 1327285.95, "Plan Rows": 1, "Plan Width": 32, "Plans": [{"Node Type": "Aggregate", "Strategy": "Plain", "Partial Mode": "Finalize", "Parent Relationship": "Outer", "Parallel Aware": false, "Startup Cost": 1327285.94, "Total Cost": 1327285.95, "Plan Rows": 1, "Plan Width": 32, "Plans": [{"Node Type": "Gather", "Parent Relationship": "Outer", "Parallel Aware": false, "Startup Cost": 1327285.61, "Total Cost": 1327285.92, "Plan Rows": 3, "Plan Width": 32, "Workers Planned": 3, "Single Copy": false, "Plans": [{"Node Type": "Aggregate", "Strategy": "Plain", "Partial Mode": "Partial", "Parent Relationship": "Outer", "Parallel Aware": false, "Startup Cost": 1326285.61, "Total Cost": 1326285.62, "Plan Rows": 1, "Plan Width": 32, "Plans": [{"Node Type": "Bitmap Heap Scan", "Parent Relationship": "Outer", "Parallel Aware": true, "Relation Name": "lineitem", "Alias": "lineitem", "Startup Cost": 197647.05, "Total Cost": 1324446.18, "Plan Rows": 367886, "Plan Width": 12, "Recheck Cond": "((l_shipdate >= '1994-01-01'::date) AND (l_shipdate < '1995-01-01 00:00:00'::timestamp without time zone) AND (l_discount >= 0.02) AND (l_discount <= 0.04) AND (l_quantity < '24'::numeric))", "Plans": [{"Node Type": "Bitmap Index Scan", "Parent Relationship": "Outer", "Parallel Aware": false, "Index Name": "idx_lineitem_shipdate", "Startup Cost": 0.0, "Total Cost": 197361.94, "Plan Rows": 1140446, "Plan Width": 0, "Index Cond": "((l_shipdate >= '1994-01-01'::date) AND (l_shipdate < '1995-01-01 00:00:00'::timestamp without time zone) AND (l_discount >= 0.02) AND (l_discount <= 0.04) AND (l_quantity < '24'::numeric))"}]}]}]}]}]}}, {"Plan": {"Node Type": "Limit", "Parallel Aware": false, "Startup Cost": 1327285.94, "Total Cost": 1327285.95, "Plan Rows": 1, "Plan Width": 32, "Plans": [{"Node Type": "Aggregate", "Strategy": "Plain", "Partial Mode": "Finalize", "Parent Relationship": "Outer", "Parallel Aware": false, "Startup Cost": 1327285.94, "Total Cost": 1327285.95, "Plan Rows": 1, "Plan Width": 32, "Plans": [{"Node Type": "Gather", "Parent Relationship": "Outer", "Parallel Aware": false, "Startup Cost": 1327285.61, "Total Cost": 1327285.92, "Plan Rows": 3, "Plan Width": 32, "Workers Planned": 3, "Single Copy": false, "Plans": [{"Node Type": "Aggregate", "Strategy": "Plain", "Partial Mode": "Partial", "Parent Relationship": "Outer", "Parallel Aware": false, "Startup Cost": 1326285.61, "Total Cost": 1326285.62, "Plan Rows": 1, "Plan Width": 32, "Plans": [{"Node Type": "Bitmap Heap Scan", "Parent Relationship": "Outer", "Parallel Aware": true, "Relation Name": "lineitem", "Alias": "lineitem", "Startup Cost": 197647.05, "Total Cost": 1324446.18, "Plan Rows": 367886, "Plan Width": 12, "Recheck Cond": "((l_shipdate >= '1994-01-01'::date) AND (l_shipdate < '1995-01-01 00:00:00'::timestamp without time zone) AND (l_discount >= 0.02) AND (l_discount <= 0.04) AND (l_quantity < '24'::numeric))", "Plans": [{"Node Type": "Bitmap Index Scan", "Parent Relationship": "Outer", "Parallel Aware": false, "Index Name": "idx_lineitem_shipdate", "Startup Cost": 0.0, "Total Cost": 197361.94, "Plan Rows": 1140446, "Plan Width": 0, "Index Cond": "((l_shipdate >= '1994-01-01'::date) AND (l_shipdate < '1995-01-01 00:00:00'::timestamp without time zone) AND (l_discount >= 0.02) AND (l_discount <= 0.04) AND (l_quantity < '24'::numeric))"}]}]}]}]}]}}, {"Plan": {"Node Type": "Limit", "Parallel Aware": false, "Startup Cost": 1327285.94, "Total Cost": 1327285.95, "Plan Rows": 1, "Plan Width": 32, "Plans": [{"Node Type": "Aggregate", "Strategy": "Plain", "Partial Mode": "Finalize", "Parent Relationship": "Outer", "Parallel Aware": false, "Startup Cost": 1327285.94, "Total Cost": 1327285.95, "Plan Rows": 1, "Plan Width": 32, "Plans": [{"Node Type": "Gather", "Parent Relationship": "Outer", "Parallel Aware": false, "Startup Cost": 1327285.61, "Total Cost": 1327285.92, "Plan Rows": 3, "Plan Width": 32, "Workers Planned": 3, "Single Copy": false, "Plans": [{"Node Type": "Aggregate", "Strategy": "Plain", "Partial Mode": "Partial", "Parent Relationship": "Outer", "Parallel Aware": false, "Startup Cost": 1326285.61, "Total Cost": 1326285.62, "Plan Rows": 1, "Plan Width": 32, "Plans": [{"Node Type": "Bitmap Heap Scan", "Parent Relationship": "Outer", "Parallel Aware": true, "Relation Name": "lineitem", "Alias": "lineitem", "Startup Cost": 197647.05, "Total Cost": 1324446.18, "Plan Rows": 367886, "Plan Width": 12, "Recheck Cond": "((l_shipdate >= '1994-01-01'::date) AND (l_shipdate < '1995-01-01 00:00:00'::timestamp without time zone) AND (l_discount >= 0.02) AND (l_discount <= 0.04) AND (l_quantity < '24'::numeric))", "Plans": [{"Node Type": "Bitmap Index Scan", "Parent Relationship": "Outer", "Parallel Aware": false, "Index Name": "idx_lineitem_shipdate", "Startup Cost": 0.0, "Total Cost": 197361.94, "Plan Rows": 1140446, "Plan Width": 0, "Index Cond": "((l_shipdate >= '1994-01-01'::date) AND (l_shipdate < '1995-01-01 00:00:00'::timestamp without time zone) AND (l_discount >= 0.02) AND (l_discount <= 0.04) AND (l_quantity < '24'::numeric))"}]}]}]}]}]}}, {"Plan": {"Node Type": "Limit", "Parallel Aware": false, "Startup Cost": 1327285.94, "Total Cost": 1327285.95, "Plan Rows": 1, "Plan Width": 32, "Plans": [{"Node Type": "Aggregate", "Strategy": "Plain", "Partial Mode": "Finalize", "Parent Relationship": "Outer", "Parallel Aware": false, "Startup Cost": 1327285.94, "Total Cost": 1327285.95, "Plan Rows": 1, "Plan Width": 32, "Plans": [{"Node Type": "Gather", "Parent Relationship": "Outer", "Parallel Aware": false, "Startup Cost": 1327285.61, "Total Cost": 1327285.92, "Plan Rows": 3, "Plan Width": 32, "Workers Planned": 3, "Single Copy": false, "Plans": [{"Node Type": "Aggregate", "Strategy": "Plain", "Partial Mode": "Partial", "Parent Relationship": "Outer", "Parallel Aware": false, "Startup Cost": 1326285.61, "Total Cost": 1326285.62, "Plan Rows": 1, "Plan Width": 32, "Plans": [{"Node Type": "Bitmap Heap Scan", "Parent Relationship": "Outer", "Parallel Aware": true, "Relation Name": "lineitem", "Alias": "lineitem", "Startup Cost": 197647.05, "Total Cost": 1324446.18, "Plan Rows": 367886, "Plan Width": 12, "Recheck Cond": "((l_shipdate >= '1994-01-01'::date) AND (l_shipdate < '1995-01-01 00:00:00'::timestamp without time zone) AND (l_discount >= 0.02) AND (l_discount <= 0.04) AND (l_quantity < '24'::numeric))", "Plans": [{"Node Type": "Bitmap Index Scan", "Parent Relationship": "Outer", "Parallel Aware": false, "Index Name": "idx_lineitem_shipdate", "Startup Cost": 0.0, "Total Cost": 197361.94, "Plan Rows": 1140446, "Plan Width": 0, "Index Cond": "((l_shipdate >= '1994-01-01'::date) AND (l_shipdate < '1995-01-01 00:00:00'::timestamp without time zone) AND (l_discount >= 0.02) AND (l_discount <= 0.04) AND (l_quantity < '24'::numeric))"}]}]}]}]}]}}, {"Plan": {"Node Type": "Limit", "Parallel Aware": false, "Startup Cost": 1327285.94, "Total Cost": 1327285.95, "Plan Rows": 1, "Plan Width": 32, "Plans": [{"Node Type": "Aggregate", "Strategy": "Plain", "Partial Mode": "Finalize", "Parent Relationship": "Outer", "Parallel Aware": false, "Startup Cost": 1327285.94, "Total Cost": 1327285.95, "Plan Rows": 1, "Plan Width": 32, "Plans": [{"Node Type": "Gather", "Parent Relationship": "Outer", "Parallel Aware": false, "Startup Cost": 1327285.61, "Total Cost": 1327285.92, "Plan Rows": 3, "Plan Width": 32, "Workers Planned": 3, "Single Copy": false, "Plans": [{"Node Type": "Aggregate", "Strategy": "Plain", "Partial Mode": "Partial", "Parent Relationship": "Outer", "Parallel Aware": false, "Startup Cost": 1326285.61, "Total Cost": 1326285.62, "Plan Rows": 1, "Plan Width": 32, "Plans": [{"Node Type": "Bitmap Heap Scan", "Parent Relationship": "Outer", "Parallel Aware": true, "Relation Name": "lineitem", "Alias": "lineitem", "Startup Cost": 197647.05, "Total Cost": 1324446.18, "Plan Rows": 367886, "Plan Width": 12, "Recheck Cond": "((l_shipdate >= '1994-01-01'::date) AND (l_shipdate < '1995-01-01 00:00:00'::timestamp without time zone) AND (l_discount >= 0.02) AND (l_discount <= 0.04) AND (l_quantity < '24'::numeric))", "Plans": [{"Node Type": "Bitmap Index Scan", "Parent Relationship": "Outer", "Parallel Aware": false, "Index Name": "idx_lineitem_shipdate", "Startup Cost": 0.0, "Total Cost": 197361.94, "Plan Rows": 1140446, "Plan Width": 0, "Index Cond": "((l_shipdate >= '1994-01-01'::date) AND (l_shipdate < '1995-01-01 00:00:00'::timestamp without time zone) AND (l_discount >= 0.02) AND (l_discount <= 0.04) AND (l_quantity < '24'::numeric))"}]}]}]}]}]}}, {"Plan": {"Node Type": "Limit", "Parallel Aware": false, "Startup Cost": 1036282.02, "Total Cost": 1036282.03, "Plan Rows": 1, "Plan Width": 32, "Plans": [{"Node Type": "Aggregate", "Strategy": "Plain", "Partial Mode": "Finalize", "Parent Relationship": "Outer", "Parallel Aware": false, "Startup Cost": 1036282.02, "Total Cost": 1036282.03, "Plan Rows": 1, "Plan Width": 32, "Plans": [{"Node Type": "Gather", "Parent Relationship": "Outer", "Parallel Aware": false, "Startup Cost": 1036281.69, "Total Cost": 1036282.0, "Plan Rows": 3, "Plan Width": 32, "Workers Planned": 3, "Single Copy": false, "Plans": [{"Node Type": "Aggregate", "Strategy": "Plain", "Partial Mode": "Partial", "Parent Relationship": "Outer", "Parallel Aware": false, "Startup Cost": 1035281.69, "Total Cost": 1035281.7, "Plan Rows": 1, "Plan Width": 32, "Plans": [{"Node Type": "Index Scan", "Parent Relationship": "Outer", "Parallel Aware": true, "Scan Direction": "Forward", "Index Name": "idx_lineitem_shipdate", "Relation Name": "lineitem", "Alias": "lineitem", "Startup Cost": 0.56, "Total Cost": 1033442.26, "Plan Rows": 367886, "Plan Width": 12, "Index Cond": "((l_shipdate >= '1994-01-01'::date) AND (l_shipdate < '1995-01-01 00:00:00'::timestamp without time zone) AND (l_discount >= 0.02) AND (l_discount <= 0.04) AND (l_quantity < '24'::numeric))"}]}]}]}]}}, {"Plan": {"Node Type": "Limit", "Parallel Aware": false, "Startup Cost": 1036282.02, "Total Cost": 1036282.03, "Plan Rows": 1, "Plan Width": 32, "Plans": [{"Node Type": "Aggregate", "Strategy": "Plain", "Partial Mode": "Finalize", "Parent Relationship": "Outer", "Parallel Aware": false, "Startup Cost": 1036282.02, "Total Cost": 1036282.03, "Plan Rows": 1, "Plan Width": 32, "Plans": [{"Node Type": "Gather", "Parent Relationship": "Outer", "Parallel Aware": false, "Startup Cost": 1036281.69, "Total Cost": 1036282.0, "Plan Rows": 3, "Plan Width": 32, "Workers Planned": 3, "Single Copy": false, "Plans": [{"Node Type": "Aggregate", "Strategy": "Plain", "Partial Mode": "Partial", "Parent Relationship": "Outer", "Parallel Aware": false, "Startup Cost": 1035281.69, "Total Cost": 1035281.7, "Plan Rows": 1, "Plan Width": 32, "Plans": [{"Node Type": "Index Scan", "Parent Relationship": "Outer", "Parallel Aware": true, "Scan Direction": "Forward", "Index Name": "idx_lineitem_shipdate", "Relation Name": "lineitem", "Alias": "lineitem", "Startup Cost": 0.56, "Total Cost": 1033442.26, "Plan Rows": 367886, "Plan Width": 12, "Index Cond": "((l_shipdate >= '1994-01-01'::date) AND (l_shipdate < '1995-01-01 00:00:00'::timestamp without time zone) AND (l_discount >= 0.02) AND (l_discount <= 0.04) AND (l_quantity < '24'::numeric))"}]}]}]}]}}, {"Plan": {"Node Type": "Limit", "Parallel Aware": false, "Startup Cost": 1036282.02, "Total Cost": 1036282.03, "Plan Rows": 1, "Plan Width": 32, "Plans": [{"Node Type": "Aggregate", "Strategy": "Plain", "Partial Mode": "Finalize", "Parent Relationship": "Outer", "Parallel Aware": false, "Startup Cost": 1036282.02, "Total Cost": 1036282.03, "Plan Rows": 1, "Plan Width": 32, "Plans": [{"Node Type": "Gather", "Parent Relationship": "Outer", "Parallel Aware": false, "Startup Cost": 1036281.69, "Total Cost": 1036282.0, "Plan Rows": 3, "Plan Width": 32, "Workers Planned": 3, "Single Copy": false, "Plans": [{"Node Type": "Aggregate", "Strategy": "Plain", "Partial Mode": "Partial", "Parent Relationship": "Outer", "Parallel Aware": false, "Startup Cost": 1035281.69, "Total Cost": 1035281.7, "Plan Rows": 1, "Plan Width": 32, "Plans": [{"Node Type": "Index Scan", "Parent Relationship": "Outer", "Parallel Aware": true, "Scan Direction": "Forward", "Index Name": "idx_lineitem_shipdate", "Relation Name": "lineitem", "Alias": "lineitem", "Startup Cost": 0.56, "Total Cost": 1033442.26, "Plan Rows": 367886, "Plan Width": 12, "Index Cond": "((l_shipdate >= '1994-01-01'::date) AND (l_shipdate < '1995-01-01 00:00:00'::timestamp without time zone) AND (l_discount >= 0.02) AND (l_discount <= 0.04) AND (l_quantity < '24'::numeric))"}]}]}]}]}}, {"Plan": {"Node Type": "Limit", "Parallel Aware": false, "Startup Cost": 1036282.02, "Total Cost": 1036282.03, "Plan Rows": 1, "Plan Width": 32, "Plans": [{"Node Type": "Aggregate", "Strategy": "Plain", "Partial Mode": "Finalize", "Parent Relationship": "Outer", "Parallel Aware": false, "Startup Cost": 1036282.02, "Total Cost": 1036282.03, "Plan Rows": 1, "Plan Width": 32, "Plans": [{"Node Type": "Gather", "Parent Relationship": "Outer", "Parallel Aware": false, "Startup Cost": 1036281.69, "Total Cost": 1036282.0, "Plan Rows": 3, "Plan Width": 32, "Workers Planned": 3, "Single Copy": false, "Plans": [{"Node Type": "Aggregate", "Strategy": "Plain", "Partial Mode": "Partial", "Parent Relationship": "Outer", "Parallel Aware": false, "Startup Cost": 1035281.69, "Total Cost": 1035281.7, "Plan Rows": 1, "Plan Width": 32, "Plans": [{"Node Type": "Index Scan", "Parent Relationship": "Outer", "Parallel Aware": true, "Scan Direction": "Forward", "Index Name": "idx_lineitem_shipdate", "Relation Name": "lineitem", "Alias": "lineitem", "Startup Cost": 0.56, "Total Cost": 1033442.26, "Plan Rows": 367886, "Plan Width": 12, "Index Cond": "((l_shipdate >= '1994-01-01'::date) AND (l_shipdate < '1995-01-01 00:00:00'::timestamp without time zone) AND (l_discount >= 0.02) AND (l_discount <= 0.04) AND (l_quantity < '24'::numeric))"}]}]}]}]}}, {"Plan": {"Node Type": "Limit", "Parallel Aware": false, "Startup Cost": 1036282.02, "Total Cost": 1036282.03, "Plan Rows": 1, "Plan Width": 32, "Plans": [{"Node Type": "Aggregate", "Strategy": "Plain", "Partial Mode": "Finalize", "Parent Relationship": "Outer", "Parallel Aware": false, "Startup Cost": 1036282.02, "Total Cost": 1036282.03, "Plan Rows": 1, "Plan Width": 32, "Plans": [{"Node Type": "Gather", "Parent Relationship": "Outer", "Parallel Aware": false, "Startup Cost": 1036281.69, "Total Cost": 1036282.0, "Plan Rows": 3, "Plan Width": 32, "Workers Planned": 3, "Single Copy": false, "Plans": [{"Node Type": "Aggregate", "Strategy": "Plain", "Partial Mode": "Partial", "Parent Relationship": "Outer", "Parallel Aware": false, "Startup Cost": 1035281.69, "Total Cost": 1035281.7, "Plan Rows": 1, "Plan Width": 32, "Plans": [{"Node Type": "Index Scan", "Parent Relationship": "Outer", "Parallel Aware": true, "Scan Direction": "Forward", "Index Name": "idx_lineitem_shipdate", "Relation Name": "lineitem", "Alias": "lineitem", "Startup Cost": 0.56, "Total Cost": 1033442.26, "Plan Rows": 367886, "Plan Width": 12, "Index Cond": "((l_shipdate >= '1994-01-01'::date) AND (l_shipdate < '1995-01-01 00:00:00'::timestamp without time zone) AND (l_discount >= 0.02) AND (l_discount <= 0.04) AND (l_quantity < '24'::numeric))"}]}]}]}]}}, {"Plan": {"Node Type": "Limit", "Parallel Aware": false, "Startup Cost": 1036282.02, "Total Cost": 1036282.03, "Plan Rows": 1, "Plan Width": 32, "Plans": [{"Node Type": "Aggregate", "Strategy": "Plain", "Partial Mode": "Finalize", "Parent Relationship": "Outer", "Parallel Aware": false, "Startup Cost": 1036282.02, "Total Cost": 1036282.03, "Plan Rows": 1, "Plan Width": 32, "Plans": [{"Node Type": "Gather", "Parent Relationship": "Outer", "Parallel Aware": false, "Startup Cost": 1036281.69, "Total Cost": 1036282.0, "Plan Rows": 3, "Plan Width": 32, "Workers Planned": 3, "Single Copy": false, "Plans": [{"Node Type": "Aggregate", "Strategy": "Plain", "Partial Mode": "Partial", "Parent Relationship": "Outer", "Parallel Aware": false, "Startup Cost": 1035281.69, "Total Cost": 1035281.7, "Plan Rows": 1, "Plan Width": 32, "Plans": [{"Node Type": "Index Scan", "Parent Relationship": "Outer", "Parallel Aware": true, "Scan Direction": "Forward", "Index Name": "idx_lineitem_shipdate", "Relation Name": "lineitem", "Alias": "lineitem", "Startup Cost": 0.56, "Total Cost": 1033442.26, "Plan Rows": 367886, "Plan Width": 12, "Index Cond": "((l_shipdate >= '1994-01-01'::date) AND (l_shipdate < '1995-01-01 00:00:00'::timestamp without time zone) AND (l_discount >= 0.02) AND (l_discount <= 0.04) AND (l_quantity < '24'::numeric))"}]}]}]}]}}, {"Plan": {"Node Type": "Limit", "Parallel Aware": false, "Startup Cost": 1327285.94, "Total Cost": 1327285.95, "Plan Rows": 1, "Plan Width": 32, "Plans": [{"Node Type": "Aggregate", "Strategy": "Plain", "Partial Mode": "Finalize", "Parent Relationship": "Outer", "Parallel Aware": false, "Startup Cost": 1327285.94, "Total Cost": 1327285.95, "Plan Rows": 1, "Plan Width": 32, "Plans": [{"Node Type": "Gather", "Parent Relationship": "Outer", "Parallel Aware": false, "Startup Cost": 1327285.61, "Total Cost": 1327285.92, "Plan Rows": 3, "Plan Width": 32, "Workers Planned": 3, "Single Copy": false, "Plans": [{"Node Type": "Aggregate", "Strategy": "Plain", "Partial Mode": "Partial", "Parent Relationship": "Outer", "Parallel Aware": false, "Startup Cost": 1326285.61, "Total Cost": 1326285.62, "Plan Rows": 1, "Plan Width": 32, "Plans": [{"Node Type": "Bitmap Heap Scan", "Parent Relationship": "Outer", "Parallel Aware": true, "Relation Name": "lineitem", "Alias": "lineitem", "Startup Cost": 197647.05, "Total Cost": 1324446.18, "Plan Rows": 367886, "Plan Width": 12, "Recheck Cond": "((l_shipdate >= '1994-01-01'::date) AND (l_shipdate < '1995-01-01 00:00:00'::timestamp without time zone) AND (l_discount >= 0.02) AND (l_discount <= 0.04) AND (l_quantity < '24'::numeric))", "Plans": [{"Node Type": "Bitmap Index Scan", "Parent Relationship": "Outer", "Parallel Aware": false, "Index Name": "idx_lineitem_shipdate", "Startup Cost": 0.0, "Total Cost": 197361.94, "Plan Rows": 1140446, "Plan Width": 0, "Index Cond": "((l_shipdate >= '1994-01-01'::date) AND (l_shipdate < '1995-01-01 00:00:00'::timestamp without time zone) AND (l_discount >= 0.02) AND (l_discount <= 0.04) AND (l_quantity < '24'::numeric))"}]}]}]}]}]}}, {"Plan": {"Node Type": "Limit", "Parallel Aware": false, "Startup Cost": 1327285.94, "Total Cost": 1327285.95, "Plan Rows": 1, "Plan Width": 32, "Plans": [{"Node Type": "Aggregate", "Strategy": "Plain", "Partial Mode": "Finalize", "Parent Relationship": "Outer", "Parallel Aware": false, "Startup Cost": 1327285.94, "Total Cost": 1327285.95, "Plan Rows": 1, "Plan Width": 32, "Plans": [{"Node Type": "Gather", "Parent Relationship": "Outer", "Parallel Aware": false, "Startup Cost": 1327285.61, "Total Cost": 1327285.92, "Plan Rows": 3, "Plan Width": 32, "Workers Planned": 3, "Single Copy": false, "Plans": [{"Node Type": "Aggregate", "Strategy": "Plain", "Partial Mode": "Partial", "Parent Relationship": "Outer", "Parallel Aware": false, "Startup Cost": 1326285.61, "Total Cost": 1326285.62, "Plan Rows": 1, "Plan Width": 32, "Plans": [{"Node Type": "Bitmap Heap Scan", "Parent Relationship": "Outer", "Parallel Aware": true, "Relation Name": "lineitem", "Alias": "lineitem", "Startup Cost": 197647.05, "Total Cost": 1324446.18, "Plan Rows": 367886, "Plan Width": 12, "Recheck Cond": "((l_shipdate >= '1994-01-01'::date) AND (l_shipdate < '1995-01-01 00:00:00'::timestamp without time zone) AND (l_discount >= 0.02) AND (l_discount <= 0.04) AND (l_quantity < '24'::numeric))", "Plans": [{"Node Type": "Bitmap Index Scan", "Parent Relationship": "Outer", "Parallel Aware": false, "Index Name": "idx_lineitem_shipdate", "Startup Cost": 0.0, "Total Cost": 197361.94, "Plan Rows": 1140446, "Plan Width": 0, "Index Cond": "((l_shipdate >= '1994-01-01'::date) AND (l_shipdate < '1995-01-01 00:00:00'::timestamp without time zone) AND (l_discount >= 0.02) AND (l_discount <= 0.04) AND (l_quantity < '24'::numeric))"}]}]}]}]}]}}, {"Plan": {"Node Type": "Limit", "Parallel Aware": false, "Startup Cost": 1327285.94, "Total Cost": 1327285.95, "Plan Rows": 1, "Plan Width": 32, "Plans": [{"Node Type": "Aggregate", "Strategy": "Plain", "Partial Mode": "Finalize", "Parent Relationship": "Outer", "Parallel Aware": false, "Startup Cost": 1327285.94, "Total Cost": 1327285.95, "Plan Rows": 1, "Plan Width": 32, "Plans": [{"Node Type": "Gather", "Parent Relationship": "Outer", "Parallel Aware": false, "Startup Cost": 1327285.61, "Total Cost": 1327285.92, "Plan Rows": 3, "Plan Width": 32, "Workers Planned": 3, "Single Copy": false, "Plans": [{"Node Type": "Aggregate", "Strategy": "Plain", "Partial Mode": "Partial", "Parent Relationship": "Outer", "Parallel Aware": false, "Startup Cost": 1326285.61, "Total Cost": 1326285.62, "Plan Rows": 1, "Plan Width": 32, "Plans": [{"Node Type": "Bitmap Heap Scan", "Parent Relationship": "Outer", "Parallel Aware": true, "Relation Name": "lineitem", "Alias": "lineitem", "Startup Cost": 197647.05, "Total Cost": 1324446.18, "Plan Rows": 367886, "Plan Width": 12, "Recheck Cond": "((l_shipdate >= '1994-01-01'::date) AND (l_shipdate < '1995-01-01 00:00:00'::timestamp without time zone) AND (l_discount >= 0.02) AND (l_discount <= 0.04) AND (l_quantity < '24'::numeric))", "Plans": [{"Node Type": "Bitmap Index Scan", "Parent Relationship": "Outer", "Parallel Aware": false, "Index Name": "idx_lineitem_shipdate", "Startup Cost": 0.0, "Total Cost": 197361.94, "Plan Rows": 1140446, "Plan Width": 0, "Index Cond": "((l_shipdate >= '1994-01-01'::date) AND (l_shipdate < '1995-01-01 00:00:00'::timestamp without time zone) AND (l_discount >= 0.02) AND (l_discount <= 0.04) AND (l_quantity < '24'::numeric))"}]}]}]}]}]}}, {"Plan": {"Node Type": "Limit", "Parallel Aware": false, "Startup Cost": 1036282.02, "Total Cost": 1036282.03, "Plan Rows": 1, "Plan Width": 32, "Plans": [{"Node Type": "Aggregate", "Strategy": "Plain", "Partial Mode": "Finalize", "Parent Relationship": "Outer", "Parallel Aware": false, "Startup Cost": 1036282.02, "Total Cost": 1036282.03, "Plan Rows": 1, "Plan Width": 32, "Plans": [{"Node Type": "Gather", "Parent Relationship": "Outer", "Parallel Aware": false, "Startup Cost": 1036281.69, "Total Cost": 1036282.0, "Plan Rows": 3, "Plan Width": 32, "Workers Planned": 3, "Single Copy": false, "Plans": [{"Node Type": "Aggregate", "Strategy": "Plain", "Partial Mode": "Partial", "Parent Relationship": "Outer", "Parallel Aware": false, "Startup Cost": 1035281.69, "Total Cost": 1035281.7, "Plan Rows": 1, "Plan Width": 32, "Plans": [{"Node Type": "Index Scan", "Parent Relationship": "Outer", "Parallel Aware": true, "Scan Direction": "Forward", "Index Name": "idx_lineitem_shipdate", "Relation Name": "lineitem", "Alias": "lineitem", "Startup Cost": 0.56, "Total Cost": 1033442.26, "Plan Rows": 367886, "Plan Width": 12, "Index Cond": "((l_shipdate >= '1994-01-01'::date) AND (l_shipdate < '1995-01-01 00:00:00'::timestamp without time zone) AND (l_discount >= 0.02) AND (l_discount <= 0.04) AND (l_quantity < '24'::numeric))"}]}]}]}]}}]