[{"Plan": {"Node Type": "Limit", "Parallel Aware": false, "Startup Cost": 70022686629.89, "Total Cost": 70022686630.13, "Plan Rows": 1, "Plan Width": 40, "Plans": [{"Node Type": "Aggregate", "Strategy": "Sorted", "Partial Mode": "Simple", "Parent Relationship": "Outer", "Parallel Aware": false, "Startup Cost": 70022686629.89, "Total Cost": 70022687213.83, "Plan Rows": 2406, "Plan Width": 40, "Group Key": ["(date_part('year'::text, (orders.o_orderdate)::timestamp without time zone))"], "Plans": [{"Node Type": "Sort", "Parent Relationship": "Outer", "Parallel Aware": false, "Startup Cost": 70022686629.89, "Total Cost": 70022686688.76, "Plan Rows": 23547, "Plan Width": 46, "Sort Key": ["(date_part('year'::text, (orders.o_orderdate)::timestamp without time zone))"], "Plans": [{"Node Type": "Hash Join", "Parent Relationship": "Outer", "Parallel Aware": false, "Join Type": "Inner", "Startup Cost": 70000142704.48, "Total Cost": 70022684920.0, "Plan Rows": 23547, "Plan Width": 46, "Inner Unique": true, "Hash Cond": "(supplier.s_nationkey = n2.n_nationkey)", "Plans": [{"Node Type": "Nested Loop", "Parent Relationship": "Outer", "Parallel Aware": false, "Join Type": "Inner", "Startup Cost": 60000142700.36, "Total Cost": 60022684725.85, "Plan Rows": 23547, "Plan Width": 20, "Inner Unique": true, "Plans": [{"Node Type": "Hash Join", "Parent Relationship": "Outer", "Parallel Aware": false, "Join Type": "Inner", "Startup Cost": 50000142700.06, "Total Cost": 50022651459.7, "Plan Rows": 23547, "Plan Width": 20, "Inner Unique": true, "Hash Cond": "(lineitem.l_partkey = part.p_partkey)", "Plans": [{"Node Type": "Nested Loop", "Parent Relationship": "Outer", "Parallel Aware": false, "Join Type": "Inner", "Startup Cost": 40000060540.49, "Total Cost": 40022559722.06, "Plan Rows": 3648783, "Plan Width": 24, "Inner Unique": false, "Plans": [{"Node Type": "Nested Loop", "Parent Relationship": "Outer", "Parallel Aware": false, "Join Type": "Inner", "Startup Cost": 30000060539.62, "Total Cost": 30019142146.39, "Plan Rows": 912364, "Plan Width": 8, "Inner Unique": true, "Plans": [{"Node Type": "Nested Loop", "Parent Relationship": "Outer", "Parallel Aware": false, "Join Type": "Inner", "Startup Cost": 20000060539.39, "Total Cost": 20013005355.34, "Plan Rows": 4561822, "Plan Width": 12, "Inner Unique": true, "Plans": [{"Node Type": "Nested Loop", "Parent Relationship": "Outer", "Parallel Aware": false, "Join Type": "Inner", "Startup Cost": 10000060539.25, "Total Cost": 10007454962.4, "Plan Rows": 4561822, "Plan Width": 12, "Inner Unique": true, "Plans": [{"Node Type": "Bitmap Heap Scan", "Parent Relationship": "Outer", "Parallel Aware": false, "Relation Name": "orders", "Alias": "orders", "Startup Cost": 60538.81, "Total Cost": 389878.14, "Plan Rows": 4561822, "Plan Width": 12, "Recheck Cond": "((o_orderdate >= '1995-01-01'::date) AND (o_orderdate <= '1996-12-31'::date))", "Plans": [{"Node Type": "Bitmap Index Scan", "Parent Relationship": "Outer", "Parallel Aware": false, "Index Name": "idx_orders_orderdate", "Startup Cost": 0.0, "Total Cost": 59398.35, "Plan Rows": 4561822, "Plan Width": 0, "Index Cond": "((o_orderdate >= '1995-01-01'::date) AND (o_orderdate <= '1996-12-31'::date))"}]}, {"Node Type": "Bitmap Heap Scan", "Parent Relationship": "Inner", "Parallel Aware": false, "Relation Name": "customer", "Alias": "customer", "Startup Cost": 0.44, "Total Cost": 1.55, "Plan Rows": 1, "Plan Width": 8, "Recheck Cond": "(c_custkey = orders.o_custkey)", "Plans": [{"Node Type": "Bitmap Index Scan", "Parent Relationship": "Outer", "Parallel Aware": false, "Index Name": "customer_pkey", "Startup Cost": 0.0, "Total Cost": 0.44, "Plan Rows": 1, "Plan Width": 0, "Index Cond": "(c_custkey = orders.o_custkey)"}]}]}, {"Node Type": "Bitmap Heap Scan", "Parent Relationship": "Inner", "Parallel Aware": false, "Relation Name": "nation", "Alias": "n1", "Startup Cost": 0.15, "Total Cost": 1.26, "Plan Rows": 1, "Plan Width": 8, "Recheck Cond": "(n_nationkey = customer.c_nationkey)", "Plans": [{"Node Type": "Bitmap Index Scan", "Parent Relationship": "Outer", "Parallel Aware": false, "Index Name": "nation_pkey", "Startup Cost": 0.0, "Total Cost": 0.15, "Plan Rows": 1, "Plan Width": 0, "Index Cond": "(n_nationkey = customer.c_nationkey)"}]}]}, {"Node Type": "Bitmap Heap Scan", "Parent Relationship": "Inner", "Parallel Aware": false, "Relation Name": "region", "Alias": "region", "Startup Cost": 0.23, "Total Cost": 1.34, "Plan Rows": 1, "Plan Width": 4, "Recheck Cond": "(r_regionkey = n1.n_regionkey)", "Filter": "(r_name = 'ASIA'::bpchar)", "Plans": [{"Node Type": "Bitmap Index Scan", "Parent Relationship": "Outer", "Parallel Aware": false, "Index Name": "region_pkey", "Startup Cost": 0.0, "Total Cost": 0.23, "Plan Rows": 1, "Plan Width": 0, "Index Cond": "(r_regionkey = n1.n_regionkey)"}]}]}, {"Node Type": "Bitmap Heap Scan", "Parent Relationship": "Inner", "Parallel Aware": false, "Relation Name": "lineitem", "Alias": "lineitem", "Startup Cost": 0.87, "Total Cost": 3.45, "Plan Rows": 30, "Plan Width": 24, "Recheck Cond": "(l_orderkey = orders.o_orderkey)", "Plans": [{"Node Type": "Bitmap Index Scan", "Parent Relationship": "Outer", "Parallel Aware": false, "Index Name": "lineitem_pkey", "Startup Cost": 0.0, "Total Cost": 0.86, "Plan Rows": 30, "Plan Width": 0, "Index Cond": "(l_orderkey = orders.o_orderkey)"}]}]}, {"Node Type": "Hash", "Parent Relationship": "Inner", "Parallel Aware": false, "Startup Cost": 10000081998.23, "Total Cost": 10000081998.23, "Plan Rows": 12907, "Plan Width": 4, "Plans": [{"Node Type": "Index Scan", "Parent Relationship": "Outer", "Parallel Aware": false, "Scan Direction": "Forward", "Index Name": "part_pkey", "Relation Name": "part", "Alias": "part", "Startup Cost": 10000000000.43, "Total Cost": 10000081998.23, "Plan Rows": 12907, "Plan Width": 4, "Filter": "((p_type)::text = 'ECONOMY POLISHED STEEL'::text)"}]}]}, {"Node Type": "Bitmap Heap Scan", "Parent Relationship": "Inner", "Parallel Aware": false, "Relation Name": "supplier", "Alias": "supplier", "Startup Cost": 0.3, "Total Cost": 1.41, "Plan Rows": 1, "Plan Width": 8, "Recheck Cond": "(s_suppkey = lineitem.l_suppkey)", "Plans": [{"Node Type": "Bitmap Index Scan", "Parent Relationship": "Outer", "Parallel Aware": false, "Index Name": "supplier_pkey", "Startup Cost": 0.0, "Total Cost": 0.3, "Plan Rows": 1, "Plan Width": 0, "Index Cond": "(s_suppkey = lineitem.l_suppkey)"}]}]}, {"Node Type": "Hash", "Parent Relationship": "Inner", "Parallel Aware": false, "Startup Cost": 10000000003.81, "Total Cost": 10000000003.81, "Plan Rows": 25, "Plan Width": 30, "Plans": [{"Node Type": "Index Scan", "Parent Relationship": "Outer", "Parallel Aware": false, "Scan Direction": "Forward", "Index Name": "nation_pkey", "Relation Name": "nation", "Alias": "n2", "Startup Cost": 10000000000.14, "Total Cost": 10000000003.81, "Plan Rows": 25, "Plan Width": 30}]}]}]}]}]}}, {"Plan": {"Node Type": "Limit", "Parallel Aware": false, "Startup Cost": 2327096.41, "Total Cost": 2327096.71, "Plan Rows": 1, "Plan Width": 40, "Plans": [{"Node Type": "Aggregate", "Strategy": "Sorted", "Partial Mode": "Finalize", "Parent Relationship": "Outer", "Parallel Aware": false, "Startup Cost": 2327096.41, "Total Cost": 2327811.06, "Plan Rows": 2406, "Plan Width": 40, "Group Key": ["(date_part('year'::text, (orders.o_orderdate)::timestamp without time zone))"], "Plans": [{"Node Type": "Gather Merge", "Parent Relationship": "Outer", "Parallel Aware": false, "Startup Cost": 2327096.41, "Total Cost": 2327726.85, "Plan Rows": 2406, "Plan Width": 72, "Workers Planned": 1, "Plans": [{"Node Type": "Aggregate", "Strategy": "Sorted", "Partial Mode": "Partial", "Parent Relationship": "Outer", "Parallel Aware": false, "Startup Cost": 2326096.4, "Total Cost": 2326456.17, "Plan Rows": 2406, "Plan Width": 72, "Group Key": ["(date_part('year'::text, (orders.o_orderdate)::timestamp without time zone))"], "Plans": [{"Node Type": "Sort", "Parent Relationship": "Outer", "Parallel Aware": false, "Startup Cost": 2326096.4, "Total Cost": 2326131.03, "Plan Rows": 13851, "Plan Width": 46, "Sort Key": ["(date_part('year'::text, (orders.o_orderdate)::timestamp without time zone))"], "Plans": [{"Node Type": "Hash Join", "Parent Relationship": "Outer", "Parallel Aware": false, "Join Type": "Inner", "Startup Cost": 2321158.52, "Total Cost": 2325143.61, "Plan Rows": 13851, "Plan Width": 46, "Inner Unique": true, "Hash Cond": "(supplier.s_nationkey = n2.n_nationkey)", "Plans": [{"Node Type": "Hash Join", "Parent Relationship": "Outer", "Parallel Aware": true, "Join Type": "Inner", "Startup Cost": 2321154.4, "Total Cost": 2325027.71, "Plan Rows": 13851, "Plan Width": 20, "Inner Unique": false, "Hash Cond": "(supplier.s_suppkey = lineitem.l_suppkey)", "Plans": [{"Node Type": "Index Scan", "Parent Relationship": "Outer", "Parallel Aware": true, "Scan Direction": "Forward", "Index Name": "supplier_pkey", "Relation Name": "supplier", "Alias": "supplier", "Startup Cost": 0.29, "Total Cost": 3608.33, "Plan Rows": 58824, "Plan Width": 8}, {"Node Type": "Hash", "Parent Relationship": "Inner", "Parallel Aware": true, "Startup Cost": 2321059.15, "Total Cost": 2321059.15, "Plan Rows": 7596, "Plan Width": 20, "Plans": [{"Node Type": "Hash Join", "Parent Relationship": "Outer", "Parallel Aware": false, "Join Type": "Inner", "Startup Cost": 2266210.32, "Total Cost": 2321059.15, "Plan Rows": 7596, "Plan Width": 20, "Inner Unique": false, "Hash Cond": "(customer.c_nationkey = n1.n_nationkey)", "Plans": [{"Node Type": "Hash Join", "Parent Relationship": "Outer", "Parallel Aware": true, "Join Type": "Inner", "Startup Cost": 2266202.79, "Total Cost": 2320833.24, "Plan Rows": 37980, "Plan Width": 24, "Inner Unique": false, "Hash Cond": "(customer.c_custkey = orders.o_custkey)", "Plans": [{"Node Type": "Index Scan", "Parent Relationship": "Outer", "Parallel Aware": true, "Scan Direction": "Forward", "Index Name": "customer_pkey", "Relation Name": "customer", "Alias": "customer", "Startup Cost": 0.43, "Total Cost": 52693.84, "Plan Rows": 483871, "Plan Width": 8}, {"Node Type": "Hash", "Parent Relationship": "Inner", "Parallel Aware": true, "Startup Cost": 2265727.62, "Total Cost": 2265727.62, "Plan Rows": 37980, "Plan Width": 24, "Plans": [{"Node Type": "Hash Join", "Parent Relationship": "Outer", "Parallel Aware": true, "Join Type": "Inner", "Startup Cost": 1977101.43, "Total Cost": 2265727.62, "Plan Rows": 37980, "Plan Width": 24, "Inner Unique": false, "Hash Cond": "(orders.o_orderkey = lineitem.l_orderkey)", "Plans": [{"Node Type": "Bitmap Heap Scan", "Parent Relationship": "Outer", "Parallel Aware": true, "Relation Name": "orders", "Alias": "orders", "Startup Cost": 60538.81, "Total Cost": 343524.14, "Plan Rows": 1471555, "Plan Width": 12, "Recheck Cond": "((o_orderdate >= '1995-01-01'::date) AND (o_orderdate <= '1996-12-31'::date))", "Plans": [{"Node Type": "Bitmap Index Scan", "Parent Relationship": "Outer", "Parallel Aware": false, "Index Name": "idx_orders_orderdate", "Startup Cost": 0.0, "Total Cost": 59398.35, "Plan Rows": 4561822, "Plan Width": 0, "Index Cond": "((o_orderdate >= '1995-01-01'::date) AND (o_orderdate <= '1996-12-31'::date))"}]}, {"Node Type": "Hash", "Parent Relationship": "Inner", "Parallel Aware": true, "Startup Cost": 1915001.66, "Total Cost": 1915001.66, "Plan Rows": 124877, "Plan Width": 20, "Plans": [{"Node Type": "Hash Join", "Parent Relationship": "Outer", "Parallel Aware": true, "Join Type": "Inner", "Startup Cost": 65115.36, "Total Cost": 1915001.66, "Plan Rows": 124877, "Plan Width": 20, "Inner Unique": true, "Hash Cond": "(lineitem.l_partkey = part.p_partkey)", "Plans": [{"Node Type": "Index Scan", "Parent Relationship": "Outer", "Parallel Aware": true, "Scan Direction": "Forward", "Index Name": "idx_lineitem_orderkey", "Relation Name": "lineitem", "Alias": "lineitem", "Startup Cost": 0.56, "Total Cost": 1799092.35, "Plan Rows": 19350250, "Plan Width": 24}, {"Node Type": "Hash", "Parent Relationship": "Inner", "Parallel Aware": true, "Startup Cost": 65062.74, "Total Cost": 65062.74, "Plan Rows": 4164, "Plan Width": 4, "Plans": [{"Node Type": "Index Scan", "Parent Relationship": "Outer", "Parallel Aware": true, "Scan Direction": "Forward", "Index Name": "part_pkey", "Relation Name": "part", "Alias": "part", "Startup Cost": 0.43, "Total Cost": 65062.74, "Plan Rows": 4164, "Plan Width": 4, "Filter": "((p_type)::text = 'ECONOMY POLISHED STEEL'::text)"}]}]}]}]}]}]}, {"Node Type": "Hash", "Parent Relationship": "Inner", "Parallel Aware": false, "Startup Cost": 7.47, "Total Cost": 7.47, "Plan Rows": 5, "Plan Width": 4, "Plans": [{"Node Type": "Hash Join", "Parent Relationship": "Outer", "Parallel Aware": false, "Join Type": "Inner", "Startup Cost": 3.67, "Total Cost": 7.47, "Plan Rows": 5, "Plan Width": 4, "Inner Unique": true, "Hash Cond": "(n1.n_regionkey = region.r_regionkey)", "Plans": [{"Node Type": "Index Scan", "Parent Relationship": "Outer", "Parallel Aware": false, "Scan Direction": "Forward", "Index Name": "idx_nation_regionkey", "Relation Name": "nation", "Alias": "n1", "Startup Cost": 0.14, "Total Cost": 3.81, "Plan Rows": 25, "Plan Width": 8}, {"Node Type": "Hash", "Parent Relationship": "Inner", "Parallel Aware": false, "Startup Cost": 3.52, "Total Cost": 3.52, "Plan Rows": 1, "Plan Width": 4, "Plans": [{"Node Type": "Index Scan", "Parent Relationship": "Outer", "Parallel Aware": false, "Scan Direction": "Forward", "Index Name": "region_pkey", "Relation Name": "region", "Alias": "region", "Startup Cost": 0.13, "Total Cost": 3.52, "Plan Rows": 1, "Plan Width": 4, "Filter": "(r_name = 'ASIA'::bpchar)"}]}]}]}]}]}]}, {"Node Type": "Hash", "Parent Relationship": "Inner", "Parallel Aware": false, "Startup Cost": 3.81, "Total Cost": 3.81, "Plan Rows": 25, "Plan Width": 30, "Plans": [{"Node Type": "Index Scan", "Parent Relationship": "Outer", "Parallel Aware": false, "Scan Direction": "Forward", "Index Name": "nation_pkey", "Relation Name": "nation", "Alias": "n2", "Startup Cost": 0.14, "Total Cost": 3.81, "Plan Rows": 25, "Plan Width": 30}]}]}]}]}]}]}]}}, {"Plan": {"Node Type": "Limit", "Parallel Aware": false, "Startup Cost": 2327096.39, "Total Cost": 2327096.69, "Plan Rows": 1, "Plan Width": 40, "Plans": [{"Node Type": "Aggregate", "Strategy": "Sorted", "Partial Mode": "Finalize", "Parent Relationship": "Outer", "Parallel Aware": false, "Startup Cost": 2327096.39, "Total Cost": 2327811.04, "Plan Rows": 2406, "Plan Width": 40, "Group Key": ["(date_part('year'::text, (orders.o_orderdate)::timestamp without time zone))"], "Plans": [{"Node Type": "Gather Merge", "Parent Relationship": "Outer", "Parallel Aware": false, "Startup Cost": 2327096.39, "Total Cost": 2327726.83, "Plan Rows": 2406, "Plan Width": 72, "Workers Planned": 1, "Plans": [{"Node Type": "Aggregate", "Strategy": "Sorted", "Partial Mode": "Partial", "Parent Relationship": "Outer", "Parallel Aware": false, "Startup Cost": 2326096.38, "Total Cost": 2326456.15, "Plan Rows": 2406, "Plan Width": 72, "Group Key": ["(date_part('year'::text, (orders.o_orderdate)::timestamp without time zone))"], "Plans": [{"Node Type": "Sort", "Parent Relationship": "Outer", "Parallel Aware": false, "Startup Cost": 2326096.38, "Total Cost": 2326131.01, "Plan Rows": 13851, "Plan Width": 46, "Sort Key": ["(date_part('year'::text, (orders.o_orderdate)::timestamp without time zone))"], "Plans": [{"Node Type": "Hash Join", "Parent Relationship": "Outer", "Parallel Aware": false, "Join Type": "Inner", "Startup Cost": 2321158.5, "Total Cost": 2325143.59, "Plan Rows": 13851, "Plan Width": 46, "Inner Unique": true, "Hash Cond": "(supplier.s_nationkey = n2.n_nationkey)", "Plans": [{"Node Type": "Hash Join", "Parent Relationship": "Outer", "Parallel Aware": true, "Join Type": "Inner", "Startup Cost": 2321154.38, "Total Cost": 2325027.69, "Plan Rows": 13851, "Plan Width": 20, "Inner Unique": false, "Hash Cond": "(supplier.s_suppkey = lineitem.l_suppkey)", "Plans": [{"Node Type": "Index Scan", "Parent Relationship": "Outer", "Parallel Aware": true, "Scan Direction": "Forward", "Index Name": "supplier_pkey", "Relation Name": "supplier", "Alias": "supplier", "Startup Cost": 0.29, "Total Cost": 3608.33, "Plan Rows": 58824, "Plan Width": 8}, {"Node Type": "Hash", "Parent Relationship": "Inner", "Parallel Aware": true, "Startup Cost": 2321059.13, "Total Cost": 2321059.13, "Plan Rows": 7596, "Plan Width": 20, "Plans": [{"Node Type": "Hash Join", "Parent Relationship": "Outer", "Parallel Aware": false, "Join Type": "Inner", "Startup Cost": 2266210.3, "Total Cost": 2321059.13, "Plan Rows": 7596, "Plan Width": 20, "Inner Unique": false, "Hash Cond": "(customer.c_nationkey = n1.n_nationkey)", "Plans": [{"Node Type": "Hash Join", "Parent Relationship": "Outer", "Parallel Aware": true, "Join Type": "Inner", "Startup Cost": 2266202.79, "Total Cost": 2320833.24, "Plan Rows": 37980, "Plan Width": 24, "Inner Unique": false, "Hash Cond": "(customer.c_custkey = orders.o_custkey)", "Plans": [{"Node Type": "Index Scan", "Parent Relationship": "Outer", "Parallel Aware": true, "Scan Direction": "Forward", "Index Name": "customer_pkey", "Relation Name": "customer", "Alias": "customer", "Startup Cost": 0.43, "Total Cost": 52693.84, "Plan Rows": 483871, "Plan Width": 8}, {"Node Type": "Hash", "Parent Relationship": "Inner", "Parallel Aware": true, "Startup Cost": 2265727.62, "Total Cost": 2265727.62, "Plan Rows": 37980, "Plan Width": 24, "Plans": [{"Node Type": "Hash Join", "Parent Relationship": "Outer", "Parallel Aware": true, "Join Type": "Inner", "Startup Cost": 1977101.43, "Total Cost": 2265727.62, "Plan Rows": 37980, "Plan Width": 24, "Inner Unique": false, "Hash Cond": "(orders.o_orderkey = lineitem.l_orderkey)", "Plans": [{"Node Type": "Bitmap Heap Scan", "Parent Relationship": "Outer", "Parallel Aware": true, "Relation Name": "orders", "Alias": "orders", "Startup Cost": 60538.81, "Total Cost": 343524.14, "Plan Rows": 1471555, "Plan Width": 12, "Recheck Cond": "((o_orderdate >= '1995-01-01'::date) AND (o_orderdate <= '1996-12-31'::date))", "Plans": [{"Node Type": "Bitmap Index Scan", "Parent Relationship": "Outer", "Parallel Aware": false, "Index Name": "idx_orders_orderdate", "Startup Cost": 0.0, "Total Cost": 59398.35, "Plan Rows": 4561822, "Plan Width": 0, "Index Cond": "((o_orderdate >= '1995-01-01'::date) AND (o_orderdate <= '1996-12-31'::date))"}]}, {"Node Type": "Hash", "Parent Relationship": "Inner", "Parallel Aware": true, "Startup Cost": 1915001.66, "Total Cost": 1915001.66, "Plan Rows": 124877, "Plan Width": 20, "Plans": [{"Node Type": "Hash Join", "Parent Relationship": "Outer", "Parallel Aware": true, "Join Type": "Inner", "Startup Cost": 65115.36, "Total Cost": 1915001.66, "Plan Rows": 124877, "Plan Width": 20, "Inner Unique": true, "Hash Cond": "(lineitem.l_partkey = part.p_partkey)", "Plans": [{"Node Type": "Index Scan", "Parent Relationship": "Outer", "Parallel Aware": true, "Scan Direction": "Forward", "Index Name": "idx_lineitem_orderkey", "Relation Name": "lineitem", "Alias": "lineitem", "Startup Cost": 0.56, "Total Cost": 1799092.35, "Plan Rows": 19350250, "Plan Width": 24}, {"Node Type": "Hash", "Parent Relationship": "Inner", "Parallel Aware": true, "Startup Cost": 65062.74, "Total Cost": 65062.74, "Plan Rows": 4164, "Plan Width": 4, "Plans": [{"Node Type": "Index Scan", "Parent Relationship": "Outer", "Parallel Aware": true, "Scan Direction": "Forward", "Index Name": "part_pkey", "Relation Name": "part", "Alias": "part", "Startup Cost": 0.43, "Total Cost": 65062.74, "Plan Rows": 4164, "Plan Width": 4, "Filter": "((p_type)::text = 'ECONOMY POLISHED STEEL'::text)"}]}]}]}]}]}]}, {"Node Type": "Hash", "Parent Relationship": "Inner", "Parallel Aware": false, "Startup Cost": 7.45, "Total Cost": 7.45, "Plan Rows": 5, "Plan Width": 4, "Plans": [{"Node Type": "Merge Join", "Parent Relationship": "Outer", "Parallel Aware": false, "Join Type": "Inner", "Startup Cost": 0.27, "Total Cost": 7.45, "Plan Rows": 5, "Plan Width": 4, "Inner Unique": true, "Merge Cond": "(n1.n_regionkey = region.r_regionkey)", "Plans": [{"Node Type": "Index Scan", "Parent Relationship": "Outer", "Parallel Aware": false, "Scan Direction": "Forward", "Index Name": "idx_nation_regionkey", "Relation Name": "nation", "Alias": "n1", "Startup Cost": 0.14, "Total Cost": 3.81, "Plan Rows": 25, "Plan Width": 8}, {"Node Type": "Index Scan", "Parent Relationship": "Inner", "Parallel Aware": false, "Scan Direction": "Forward", "Index Name": "region_pkey", "Relation Name": "region", "Alias": "region", "Startup Cost": 0.13, "Total Cost": 3.52, "Plan Rows": 1, "Plan Width": 4, "Filter": "(r_name = 'ASIA'::bpchar)"}]}]}]}]}]}, {"Node Type": "Hash", "Parent Relationship": "Inner", "Parallel Aware": false, "Startup Cost": 3.81, "Total Cost": 3.81, "Plan Rows": 25, "Plan Width": 30, "Plans": [{"Node Type": "Index Scan", "Parent Relationship": "Outer", "Parallel Aware": false, "Scan Direction": "Forward", "Index Name": "nation_pkey", "Relation Name": "nation", "Alias": "n2", "Startup Cost": 0.14, "Total Cost": 3.81, "Plan Rows": 25, "Plan Width": 30}]}]}]}]}]}]}]}}, {"Plan": {"Node Type": "Limit", "Parallel Aware": false, "Startup Cost": 275144.28, "Total Cost": 275144.78, "Plan Rows": 1, "Plan Width": 40, "Plans": [{"Node Type": "Aggregate", "Strategy": "Sorted", "Partial Mode": "Finalize", "Parent Relationship": "Outer", "Parallel Aware": false, "Startup Cost": 275144.28, "Total Cost": 276355.79, "Plan Rows": 2406, "Plan Width": 40, "Group Key": ["(date_part('year'::text, (orders.o_orderdate)::timestamp without time zone))"], "Plans": [{"Node Type": "Gather Merge", "Parent Relationship": "Outer", "Parallel Aware": false, "Startup Cost": 275144.28, "Total Cost": 276211.43, "Plan Rows": 7218, "Plan Width": 72, "Workers Planned": 3, "Plans": [{"Node Type": "Aggregate", "Strategy": "Sorted", "Partial Mode": "Partial", "Parent Relationship": "Outer", "Parallel Aware": false, "Startup Cost": 274144.24, "Total Cost": 274363.27, "Plan Rows": 2406, "Plan Width": 72, "Group Key": ["(date_part('year'::text, (orders.o_orderdate)::timestamp without time zone))"], "Plans": [{"Node Type": "Sort", "Parent Relationship": "Outer", "Parallel Aware": false, "Startup Cost": 274144.24, "Total Cost": 274163.23, "Plan Rows": 7596, "Plan Width": 46, "Sort Key": ["(date_part('year'::text, (orders.o_orderdate)::timestamp without time zone))"], "Plans": [{"Node Type": "Hash Join", "Parent Relationship": "Outer", "Parallel Aware": false, "Join Type": "Inner", "Startup Cost": 12.33, "Total Cost": 273654.64, "Plan Rows": 7596, "Plan Width": 46, "Inner Unique": true, "Hash Cond": "(supplier.s_nationkey = n2.n_nationkey)", "Plans": [{"Node Type": "Nested Loop", "Parent Relationship": "Outer", "Parallel Aware": false, "Join Type": "Inner", "Startup Cost": 8.21, "Total Cost": 273589.21, "Plan Rows": 7596, "Plan Width": 20, "Inner Unique": true, "Plans": [{"Node Type": "Hash Join", "Parent Relationship": "Outer", "Parallel Aware": false, "Join Type": "Inner", "Startup Cost": 7.91, "Total Cost": 271234.11, "Plan Rows": 7596, "Plan Width": 20, "Inner Unique": false, "Hash Cond": "(customer.c_nationkey = n1.n_nationkey)", "Plans": [{"Node Type": "Nested Loop", "Parent Relationship": "Outer", "Parallel Aware": false, "Join Type": "Inner", "Startup Cost": 1.85, "Total Cost": 271009.66, "Plan Rows": 37980, "Plan Width": 24, "Inner Unique": true, "Plans": [{"Node Type": "Nested Loop", "Parent Relationship": "Outer", "Parallel Aware": false, "Join Type": "Inner", "Startup Cost": 1.43, "Total Cost": 253742.76, "Plan Rows": 37980, "Plan Width": 24, "Inner Unique": true, "Plans": [{"Node Type": "Nested Loop", "Parent Relationship": "Outer", "Parallel Aware": false, "Join Type": "Inner", "Startup Cost": 0.99, "Total Cost": 195919.87, "Plan Rows": 124877, "Plan Width": 20, "Inner Unique": false, "Plans": [{"Node Type": "Index Scan", "Parent Relationship": "Outer", "Parallel Aware": true, "Scan Direction": "Forward", "Index Name": "part_pkey", "Relation Name": "part", "Alias": "part", "Startup Cost": 0.43, "Total Cost": 65062.74, "Plan Rows": 4164, "Plan Width": 4, "Filter": "((p_type)::text = 'ECONOMY POLISHED STEEL'::text)"}, {"Node Type": "Index Scan", "Parent Relationship": "Inner", "Parallel Aware": false, "Scan Direction": "Forward", "Index Name": "idx_lineitem_part_supp", "Relation Name": "lineitem", "Alias": "lineitem", "Startup Cost": 0.56, "Total Cost": 31.12, "Plan Rows": 31, "Plan Width": 24, "Index Cond": "(l_partkey = part.p_partkey)"}]}, {"Node Type": "Index Scan", "Parent Relationship": "Inner", "Parallel Aware": false, "Scan Direction": "Forward", "Index Name": "orders_pkey", "Relation Name": "orders", "Alias": "orders", "Startup Cost": 0.43, "Total Cost": 0.46, "Plan Rows": 1, "Plan Width": 12, "Index Cond": "(o_orderkey = lineitem.l_orderkey)", "Filter": "((o_orderdate >= '1995-01-01'::date) AND (o_orderdate <= '1996-12-31'::date))"}]}, {"Node Type": "Index Scan", "Parent Relationship": "Inner", "Parallel Aware": false, "Scan Direction": "Forward", "Index Name": "customer_pkey", "Relation Name": "customer", "Alias": "customer", "Startup Cost": 0.43, "Total Cost": 0.45, "Plan Rows": 1, "Plan Width": 8, "Index Cond": "(c_custkey = orders.o_custkey)"}]}, {"Node Type": "Hash", "Parent Relationship": "Inner", "Parallel Aware": false, "Startup Cost": 6.0, "Total Cost": 6.0, "Plan Rows": 5, "Plan Width": 4, "Plans": [{"Node Type": "Nested Loop", "Parent Relationship": "Outer", "Parallel Aware": false, "Join Type": "Inner", "Startup Cost": 0.27, "Total Cost": 6.0, "Plan Rows": 5, "Plan Width": 4, "Inner Unique": false, "Plans": [{"Node Type": "Index Scan", "Parent Relationship": "Outer", "Parallel Aware": false, "Scan Direction": "Forward", "Index Name": "region_pkey", "Relation Name": "region", "Alias": "region", "Startup Cost": 0.13, "Total Cost": 3.52, "Plan Rows": 1, "Plan Width": 4, "Filter": "(r_name = 'ASIA'::bpchar)"}, {"Node Type": "Index Scan", "Parent Relationship": "Inner", "Parallel Aware": false, "Scan Direction": "Forward", "Index Name": "idx_nation_regionkey", "Relation Name": "nation", "Alias": "n1", "Startup Cost": 0.14, "Total Cost": 2.43, "Plan Rows": 5, "Plan Width": 8, "Index Cond": "(n_regionkey = region.r_regionkey)"}]}]}]}, {"Node Type": "Index Scan", "Parent Relationship": "Inner", "Parallel Aware": false, "Scan Direction": "Forward", "Index Name": "supplier_pkey", "Relation Name": "supplier", "Alias": "supplier", "Startup Cost": 0.29, "Total Cost": 0.31, "Plan Rows": 1, "Plan Width": 8, "Index Cond": "(s_suppkey = lineitem.l_suppkey)"}]}, {"Node Type": "Hash", "Parent Relationship": "Inner", "Parallel Aware": false, "Startup Cost": 3.81, "Total Cost": 3.81, "Plan Rows": 25, "Plan Width": 30, "Plans": [{"Node Type": "Index Scan", "Parent Relationship": "Outer", "Parallel Aware": false, "Scan Direction": "Forward", "Index Name": "nation_pkey", "Relation Name": "nation", "Alias": "n2", "Startup Cost": 0.14, "Total Cost": 3.81, "Plan Rows": 25, "Plan Width": 30}]}]}]}]}]}]}]}}, {"Plan": {"Node Type": "Limit", "Parallel Aware": false, "Startup Cost": 1807137.24, "Total Cost": 1807137.54, "Plan Rows": 1, "Plan Width": 40, "Plans": [{"Node Type": "Aggregate", "Strategy": "Sorted", "Partial Mode": "Finalize", "Parent Relationship": "Outer", "Parallel Aware": false, "Startup Cost": 1807137.24, "Total Cost": 1807851.89, "Plan Rows": 2406, "Plan Width": 40, "Group Key": ["(date_part('year'::text, (orders.o_orderdate)::timestamp without time zone))"], "Plans": [{"Node Type": "Gather Merge", "Parent Relationship": "Outer", "Parallel Aware": false, "Startup Cost": 1807137.24, "Total Cost": 1807767.68, "Plan Rows": 2406, "Plan Width": 72, "Workers Planned": 1, "Plans": [{"Node Type": "Aggregate", "Strategy": "Sorted", "Partial Mode": "Partial", "Parent Relationship": "Outer", "Parallel Aware": false, "Startup Cost": 1806137.23, "Total Cost": 1806497.0, "Plan Rows": 2406, "Plan Width": 72, "Group Key": ["(date_part('year'::text, (orders.o_orderdate)::timestamp without time zone))"], "Plans": [{"Node Type": "Sort", "Parent Relationship": "Outer", "Parallel Aware": false, "Startup Cost": 1806137.23, "Total Cost": 1806171.86, "Plan Rows": 13851, "Plan Width": 46, "Sort Key": ["(date_part('year'::text, (orders.o_orderdate)::timestamp without time zone))"], "Plans": [{"Node Type": "Hash Join", "Parent Relationship": "Outer", "Parallel Aware": false, "Join Type": "Inner", "Startup Cost": 1802003.16, "Total Cost": 1805184.44, "Plan Rows": 13851, "Plan Width": 46, "Inner Unique": true, "Hash Cond": "(supplier.s_nationkey = n2.n_nationkey)", "Plans": [{"Node Type": "Hash Join", "Parent Relationship": "Outer", "Parallel Aware": true, "Join Type": "Inner", "Startup Cost": 1802001.6, "Total Cost": 1805071.1, "Plan Rows": 13851, "Plan Width": 20, "Inner Unique": false, "Hash Cond": "(supplier.s_suppkey = lineitem.l_suppkey)", "Plans": [{"Node Type": "Seq Scan", "Parent Relationship": "Outer", "Parallel Aware": true, "Relation Name": "supplier", "Alias": "supplier", "Startup Cost": 0.0, "Total Cost": 2804.24, "Plan Rows": 58824, "Plan Width": 8}, {"Node Type": "Hash", "Parent Relationship": "Inner", "Parallel Aware": true, "Startup Cost": 1801906.65, "Total Cost": 1801906.65, "Plan Rows": 7596, "Plan Width": 20, "Plans": [{"Node Type": "Hash Join", "Parent Relationship": "Outer", "Parallel Aware": false, "Join Type": "Inner", "Startup Cost": 1759085.52, "Total Cost": 1801906.65, "Plan Rows": 7596, "Plan Width": 20, "Inner Unique": false, "Hash Cond": "(customer.c_nationkey = n1.n_nationkey)", "Plans": [{"Node Type": "Hash Join", "Parent Relationship": "Outer", "Parallel Aware": true, "Join Type": "Inner", "Startup Cost": 1759083.01, "Total Cost": 1801685.75, "Plan Rows": 37980, "Plan Width": 24, "Inner Unique": false, "Hash Cond": "(customer.c_custkey = orders.o_custkey)", "Plans": [{"Node Type": "Seq Scan", "Parent Relationship": "Outer", "Parallel Aware": true, "Relation Name": "customer", "Alias": "customer", "Startup Cost": 0.0, "Total Cost": 40665.71, "Plan Rows": 483871, "Plan Width": 8}, {"Node Type": "Hash", "Parent Relationship": "Inner", "Parallel Aware": true, "Startup Cost": 1758608.26, "Total Cost": 1758608.26, "Plan Rows": 37980, "Plan Width": 24, "Plans": [{"Node Type": "Hash Join", "Parent Relationship": "Outer", "Parallel Aware": true, "Join Type": "Inner", "Startup Cost": 1419478.55, "Total Cost": 1758608.26, "Plan Rows": 37980, "Plan Width": 24, "Inner Unique": false, "Hash Cond": "(orders.o_orderkey = lineitem.l_orderkey)", "Plans": [{"Node Type": "Seq Scan", "Parent Relationship": "Outer", "Parallel Aware": true, "Relation Name": "orders", "Alias": "orders", "Startup Cost": 0.0, "Total Cost": 333488.86, "Plan Rows": 1471555, "Plan Width": 12, "Filter": "((o_orderdate >= '1995-01-01'::date) AND (o_orderdate <= '1996-12-31'::date))"}, {"Node Type": "Hash", "Parent Relationship": "Inner", "Parallel Aware": true, "Startup Cost": 1417917.59, "Total Cost": 1417917.59, "Plan Rows": 124877, "Plan Width": 20, "Plans": [{"Node Type": "Hash Join", "Parent Relationship": "Outer", "Parallel Aware": true, "Join Type": "Inner", "Startup Cost": 49078.57, "Total Cost": 1417917.59, "Plan Rows": 124877, "Plan Width": 20, "Inner Unique": true, "Hash Cond": "(lineitem.l_partkey = part.p_partkey)", "Plans": [{"Node Type": "Seq Scan", "Parent Relationship": "Outer", "Parallel Aware": true, "Relation Name": "lineitem", "Alias": "lineitem", "Startup Cost": 0.0, "Total Cost": 1318044.5, "Plan Rows": 19350250, "Plan Width": 24}, {"Node Type": "Hash", "Parent Relationship": "Inner", "Parallel Aware": true, "Startup Cost": 49026.52, "Total Cost": 49026.52, "Plan Rows": 4164, "Plan Width": 4, "Plans": [{"Node Type": "Seq Scan", "Parent Relationship": "Outer", "Parallel Aware": true, "Relation Name": "part", "Alias": "part", "Startup Cost": 0.0, "Total Cost": 49026.52, "Plan Rows": 4164, "Plan Width": 4, "Filter": "((p_type)::text = 'ECONOMY POLISHED STEEL'::text)"}]}]}]}]}]}]}, {"Node Type": "Hash", "Parent Relationship": "Inner", "Parallel Aware": false, "Startup Cost": 2.45, "Total Cost": 2.45, "Plan Rows": 5, "Plan Width": 4, "Plans": [{"Node Type": "Hash Join", "Parent Relationship": "Outer", "Parallel Aware": false, "Join Type": "Inner", "Startup Cost": 1.07, "Total Cost": 2.45, "Plan Rows": 5, "Plan Width": 4, "Inner Unique": true, "Hash Cond": "(n1.n_regionkey = region.r_regionkey)", "Plans": [{"Node Type": "Seq Scan", "Parent Relationship": "Outer", "Parallel Aware": false, "Relation Name": "nation", "Alias": "n1", "Startup Cost": 0.0, "Total Cost": 1.25, "Plan Rows": 25, "Plan Width": 8}, {"Node Type": "Hash", "Parent Relationship": "Inner", "Parallel Aware": false, "Startup Cost": 1.06, "Total Cost": 1.06, "Plan Rows": 1, "Plan Width": 4, "Plans": [{"Node Type": "Seq Scan", "Parent Relationship": "Outer", "Parallel Aware": false, "Relation Name": "region", "Alias": "region", "Startup Cost": 0.0, "Total Cost": 1.06, "Plan Rows": 1, "Plan Width": 4, "Filter": "(r_name = 'ASIA'::bpchar)"}]}]}]}]}]}]}, {"Node Type": "Hash", "Parent Relationship": "Inner", "Parallel Aware": false, "Startup Cost": 1.25, "Total Cost": 1.25, "Plan Rows": 25, "Plan Width": 30, "Plans": [{"Node Type": "Seq Scan", "Parent Relationship": "Outer", "Parallel Aware": false, "Relation Name": "nation", "Alias": "n2", "Startup Cost": 0.0, "Total Cost": 1.25, "Plan Rows": 25, "Plan Width": 30}]}]}]}]}]}]}]}}, {"Plan": {"Node Type": "Limit", "Parallel Aware": false, "Startup Cost": 275144.28, "Total Cost": 275144.78, "Plan Rows": 1, "Plan Width": 40, "Plans": [{"Node Type": "Aggregate", "Strategy": "Sorted", "Partial Mode": "Finalize", "Parent Relationship": "Outer", "Parallel Aware": false, "Startup Cost": 275144.28, "Total Cost": 276355.79, "Plan Rows": 2406, "Plan Width": 40, "Group Key": ["(date_part('year'::text, (orders.o_orderdate)::timestamp without time zone))"], "Plans": [{"Node Type": "Gather Merge", "Parent Relationship": "Outer", "Parallel Aware": false, "Startup Cost": 275144.28, "Total Cost": 276211.43, "Plan Rows": 7218, "Plan Width": 72, "Workers Planned": 3, "Plans": [{"Node Type": "Aggregate", "Strategy": "Sorted", "Partial Mode": "Partial", "Parent Relationship": "Outer", "Parallel Aware": false, "Startup Cost": 274144.24, "Total Cost": 274363.27, "Plan Rows": 2406, "Plan Width": 72, "Group Key": ["(date_part('year'::text, (orders.o_orderdate)::timestamp without time zone))"], "Plans": [{"Node Type": "Sort", "Parent Relationship": "Outer", "Parallel Aware": false, "Startup Cost": 274144.24, "Total Cost": 274163.23, "Plan Rows": 7596, "Plan Width": 46, "Sort Key": ["(date_part('year'::text, (orders.o_orderdate)::timestamp without time zone))"], "Plans": [{"Node Type": "Hash Join", "Parent Relationship": "Outer", "Parallel Aware": false, "Join Type": "Inner", "Startup Cost": 12.33, "Total Cost": 273654.64, "Plan Rows": 7596, "Plan Width": 46, "Inner Unique": true, "Hash Cond": "(supplier.s_nationkey = n2.n_nationkey)", "Plans": [{"Node Type": "Nested Loop", "Parent Relationship": "Outer", "Parallel Aware": false, "Join Type": "Inner", "Startup Cost": 8.21, "Total Cost": 273589.21, "Plan Rows": 7596, "Plan Width": 20, "Inner Unique": true, "Plans": [{"Node Type": "Hash Join", "Parent Relationship": "Outer", "Parallel Aware": false, "Join Type": "Inner", "Startup Cost": 7.91, "Total Cost": 271234.11, "Plan Rows": 7596, "Plan Width": 20, "Inner Unique": false, "Hash Cond": "(customer.c_nationkey = n1.n_nationkey)", "Plans": [{"Node Type": "Nested Loop", "Parent Relationship": "Outer", "Parallel Aware": false, "Join Type": "Inner", "Startup Cost": 1.85, "Total Cost": 271009.66, "Plan Rows": 37980, "Plan Width": 24, "Inner Unique": true, "Plans": [{"Node Type": "Nested Loop", "Parent Relationship": "Outer", "Parallel Aware": false, "Join Type": "Inner", "Startup Cost": 1.43, "Total Cost": 253742.76, "Plan Rows": 37980, "Plan Width": 24, "Inner Unique": true, "Plans": [{"Node Type": "Nested Loop", "Parent Relationship": "Outer", "Parallel Aware": false, "Join Type": "Inner", "Startup Cost": 0.99, "Total Cost": 195919.87, "Plan Rows": 124877, "Plan Width": 20, "Inner Unique": false, "Plans": [{"Node Type": "Index Scan", "Parent Relationship": "Outer", "Parallel Aware": true, "Scan Direction": "Forward", "Index Name": "part_pkey", "Relation Name": "part", "Alias": "part", "Startup Cost": 0.43, "Total Cost": 65062.74, "Plan Rows": 4164, "Plan Width": 4, "Filter": "((p_type)::text = 'ECONOMY POLISHED STEEL'::text)"}, {"Node Type": "Index Scan", "Parent Relationship": "Inner", "Parallel Aware": false, "Scan Direction": "Forward", "Index Name": "idx_lineitem_part_supp", "Relation Name": "lineitem", "Alias": "lineitem", "Startup Cost": 0.56, "Total Cost": 31.12, "Plan Rows": 31, "Plan Width": 24, "Index Cond": "(l_partkey = part.p_partkey)"}]}, {"Node Type": "Index Scan", "Parent Relationship": "Inner", "Parallel Aware": false, "Scan Direction": "Forward", "Index Name": "orders_pkey", "Relation Name": "orders", "Alias": "orders", "Startup Cost": 0.43, "Total Cost": 0.46, "Plan Rows": 1, "Plan Width": 12, "Index Cond": "(o_orderkey = lineitem.l_orderkey)", "Filter": "((o_orderdate >= '1995-01-01'::date) AND (o_orderdate <= '1996-12-31'::date))"}]}, {"Node Type": "Index Scan", "Parent Relationship": "Inner", "Parallel Aware": false, "Scan Direction": "Forward", "Index Name": "customer_pkey", "Relation Name": "customer", "Alias": "customer", "Startup Cost": 0.43, "Total Cost": 0.45, "Plan Rows": 1, "Plan Width": 8, "Index Cond": "(c_custkey = orders.o_custkey)"}]}, {"Node Type": "Hash", "Parent Relationship": "Inner", "Parallel Aware": false, "Startup Cost": 6.0, "Total Cost": 6.0, "Plan Rows": 5, "Plan Width": 4, "Plans": [{"Node Type": "Nested Loop", "Parent Relationship": "Outer", "Parallel Aware": false, "Join Type": "Inner", "Startup Cost": 0.27, "Total Cost": 6.0, "Plan Rows": 5, "Plan Width": 4, "Inner Unique": false, "Plans": [{"Node Type": "Index Scan", "Parent Relationship": "Outer", "Parallel Aware": false, "Scan Direction": "Forward", "Index Name": "region_pkey", "Relation Name": "region", "Alias": "region", "Startup Cost": 0.13, "Total Cost": 3.52, "Plan Rows": 1, "Plan Width": 4, "Filter": "(r_name = 'ASIA'::bpchar)"}, {"Node Type": "Index Scan", "Parent Relationship": "Inner", "Parallel Aware": false, "Scan Direction": "Forward", "Index Name": "idx_nation_regionkey", "Relation Name": "nation", "Alias": "n1", "Startup Cost": 0.14, "Total Cost": 2.43, "Plan Rows": 5, "Plan Width": 8, "Index Cond": "(n_regionkey = region.r_regionkey)"}]}]}]}, {"Node Type": "Index Scan", "Parent Relationship": "Inner", "Parallel Aware": false, "Scan Direction": "Forward", "Index Name": "supplier_pkey", "Relation Name": "supplier", "Alias": "supplier", "Startup Cost": 0.29, "Total Cost": 0.31, "Plan Rows": 1, "Plan Width": 8, "Index Cond": "(s_suppkey = lineitem.l_suppkey)"}]}, {"Node Type": "Hash", "Parent Relationship": "Inner", "Parallel Aware": false, "Startup Cost": 3.81, "Total Cost": 3.81, "Plan Rows": 25, "Plan Width": 30, "Plans": [{"Node Type": "Index Scan", "Parent Relationship": "Outer", "Parallel Aware": false, "Scan Direction": "Forward", "Index Name": "nation_pkey", "Relation Name": "nation", "Alias": "n2", "Startup Cost": 0.14, "Total Cost": 3.81, "Plan Rows": 25, "Plan Width": 30}]}]}]}]}]}]}]}}, {"Plan": {"Node Type": "Limit", "Parallel Aware": false, "Startup Cost": 259101.94, "Total Cost": 259102.45, "Plan Rows": 1, "Plan Width": 40, "Plans": [{"Node Type": "Aggregate", "Strategy": "Sorted", "Partial Mode": "Finalize", "Parent Relationship": "Outer", "Parallel Aware": false, "Startup Cost": 259101.94, "Total Cost": 260313.45, "Plan Rows": 2406, "Plan Width": 40, "Group Key": ["(date_part('year'::text, (orders.o_orderdate)::timestamp without time zone))"], "Plans": [{"Node Type": "Gather Merge", "Parent Relationship": "Outer", "Parallel Aware": false, "Startup Cost": 259101.94, "Total Cost": 260169.09, "Plan Rows": 7218, "Plan Width": 72, "Workers Planned": 3, "Plans": [{"Node Type": "Aggregate", "Strategy": "Sorted", "Partial Mode": "Partial", "Parent Relationship": "Outer", "Parallel Aware": false, "Startup Cost": 258101.9, "Total Cost": 258320.93, "Plan Rows": 2406, "Plan Width": 72, "Group Key": ["(date_part('year'::text, (orders.o_orderdate)::timestamp without time zone))"], "Plans": [{"Node Type": "Sort", "Parent Relationship": "Outer", "Parallel Aware": false, "Startup Cost": 258101.9, "Total Cost": 258120.89, "Plan Rows": 7596, "Plan Width": 46, "Sort Key": ["(date_part('year'::text, (orders.o_orderdate)::timestamp without time zone))"], "Plans": [{"Node Type": "Hash Join", "Parent Relationship": "Outer", "Parallel Aware": false, "Join Type": "Inner", "Startup Cost": 5.79, "Total Cost": 257612.3, "Plan Rows": 7596, "Plan Width": 46, "Inner Unique": true, "Hash Cond": "(supplier.s_nationkey = n2.n_nationkey)", "Plans": [{"Node Type": "Nested Loop", "Parent Relationship": "Outer", "Parallel Aware": false, "Join Type": "Inner", "Startup Cost": 4.23, "Total Cost": 257549.44, "Plan Rows": 7596, "Plan Width": 20, "Inner Unique": true, "Plans": [{"Node Type": "Hash Join", "Parent Relationship": "Outer", "Parallel Aware": false, "Join Type": "Inner", "Startup Cost": 3.94, "Total Cost": 255194.33, "Plan Rows": 7596, "Plan Width": 20, "Inner Unique": false, "Hash Cond": "(customer.c_nationkey = n1.n_nationkey)", "Plans": [{"Node Type": "Nested Loop", "Parent Relationship": "Outer", "Parallel Aware": false, "Join Type": "Inner", "Startup Cost": 1.43, "Total Cost": 254973.44, "Plan Rows": 37980, "Plan Width": 24, "Inner Unique": true, "Plans": [{"Node Type": "Nested Loop", "Parent Relationship": "Outer", "Parallel Aware": false, "Join Type": "Inner", "Startup Cost": 1.0, "Total Cost": 237706.53, "Plan Rows": 37980, "Plan Width": 24, "Inner Unique": true, "Plans": [{"Node Type": "Nested Loop", "Parent Relationship": "Outer", "Parallel Aware": false, "Join Type": "Inner", "Startup Cost": 0.56, "Total Cost": 179883.64, "Plan Rows": 124877, "Plan Width": 20, "Inner Unique": false, "Plans": [{"Node Type": "Seq Scan", "Parent Relationship": "Outer", "Parallel Aware": true, "Relation Name": "part", "Alias": "part", "Startup Cost": 0.0, "Total Cost": 49026.52, "Plan Rows": 4164, "Plan Width": 4, "Filter": "((p_type)::text = 'ECONOMY POLISHED STEEL'::text)"}, {"Node Type": "Index Scan", "Parent Relationship": "Inner", "Parallel Aware": false, "Scan Direction": "Forward", "Index Name": "idx_lineitem_part_supp", "Relation Name": "lineitem", "Alias": "lineitem", "Startup Cost": 0.56, "Total Cost": 31.12, "Plan Rows": 31, "Plan Width": 24, "Index Cond": "(l_partkey = part.p_partkey)"}]}, {"Node Type": "Index Scan", "Parent Relationship": "Inner", "Parallel Aware": false, "Scan Direction": "Forward", "Index Name": "orders_pkey", "Relation Name": "orders", "Alias": "orders", "Startup Cost": 0.43, "Total Cost": 0.46, "Plan Rows": 1, "Plan Width": 12, "Index Cond": "(o_orderkey = lineitem.l_orderkey)", "Filter": "((o_orderdate >= '1995-01-01'::date) AND (o_orderdate <= '1996-12-31'::date))"}]}, {"Node Type": "Index Scan", "Parent Relationship": "Inner", "Parallel Aware": false, "Scan Direction": "Forward", "Index Name": "customer_pkey", "Relation Name": "customer", "Alias": "customer", "Startup Cost": 0.43, "Total Cost": 0.45, "Plan Rows": 1, "Plan Width": 8, "Index Cond": "(c_custkey = orders.o_custkey)"}]}, {"Node Type": "Hash", "Parent Relationship": "Inner", "Parallel Aware": false, "Startup Cost": 2.45, "Total Cost": 2.45, "Plan Rows": 5, "Plan Width": 4, "Plans": [{"Node Type": "Hash Join", "Parent Relationship": "Outer", "Parallel Aware": false, "Join Type": "Inner", "Startup Cost": 1.07, "Total Cost": 2.45, "Plan Rows": 5, "Plan Width": 4, "Inner Unique": true, "Hash Cond": "(n1.n_regionkey = region.r_regionkey)", "Plans": [{"Node Type": "Seq Scan", "Parent Relationship": "Outer", "Parallel Aware": false, "Relation Name": "nation", "Alias": "n1", "Startup Cost": 0.0, "Total Cost": 1.25, "Plan Rows": 25, "Plan Width": 8}, {"Node Type": "Hash", "Parent Relationship": "Inner", "Parallel Aware": false, "Startup Cost": 1.06, "Total Cost": 1.06, "Plan Rows": 1, "Plan Width": 4, "Plans": [{"Node Type": "Seq Scan", "Parent Relationship": "Outer", "Parallel Aware": false, "Relation Name": "region", "Alias": "region", "Startup Cost": 0.0, "Total Cost": 1.06, "Plan Rows": 1, "Plan Width": 4, "Filter": "(r_name = 'ASIA'::bpchar)"}]}]}]}]}, {"Node Type": "Index Scan", "Parent Relationship": "Inner", "Parallel Aware": false, "Scan Direction": "Forward", "Index Name": "supplier_pkey", "Relation Name": "supplier", "Alias": "supplier", "Startup Cost": 0.29, "Total Cost": 0.31, "Plan Rows": 1, "Plan Width": 8, "Index Cond": "(s_suppkey = lineitem.l_suppkey)"}]}, {"Node Type": "Hash", "Parent Relationship": "Inner", "Parallel Aware": false, "Startup Cost": 1.25, "Total Cost": 1.25, "Plan Rows": 25, "Plan Width": 30, "Plans": [{"Node Type": "Seq Scan", "Parent Relationship": "Outer", "Parallel Aware": false, "Relation Name": "nation", "Alias": "n2", "Startup Cost": 0.0, "Total Cost": 1.25, "Plan Rows": 25, "Plan Width": 30}]}]}]}]}]}]}]}}, {"Plan": {"Node Type": "Limit", "Parallel Aware": false, "Startup Cost": 1807137.24, "Total Cost": 1807137.54, "Plan Rows": 1, "Plan Width": 40, "Plans": [{"Node Type": "Aggregate", "Strategy": "Sorted", "Partial Mode": "Finalize", "Parent Relationship": "Outer", "Parallel Aware": false, "Startup Cost": 1807137.24, "Total Cost": 1807851.89, "Plan Rows": 2406, "Plan Width": 40, "Group Key": ["(date_part('year'::text, (orders.o_orderdate)::timestamp without time zone))"], "Plans": [{"Node Type": "Gather Merge", "Parent Relationship": "Outer", "Parallel Aware": false, "Startup Cost": 1807137.24, "Total Cost": 1807767.68, "Plan Rows": 2406, "Plan Width": 72, "Workers Planned": 1, "Plans": [{"Node Type": "Aggregate", "Strategy": "Sorted", "Partial Mode": "Partial", "Parent Relationship": "Outer", "Parallel Aware": false, "Startup Cost": 1806137.23, "Total Cost": 1806497.0, "Plan Rows": 2406, "Plan Width": 72, "Group Key": ["(date_part('year'::text, (orders.o_orderdate)::timestamp without time zone))"], "Plans": [{"Node Type": "Sort", "Parent Relationship": "Outer", "Parallel Aware": false, "Startup Cost": 1806137.23, "Total Cost": 1806171.86, "Plan Rows": 13851, "Plan Width": 46, "Sort Key": ["(date_part('year'::text, (orders.o_orderdate)::timestamp without time zone))"], "Plans": [{"Node Type": "Hash Join", "Parent Relationship": "Outer", "Parallel Aware": false, "Join Type": "Inner", "Startup Cost": 1802003.16, "Total Cost": 1805184.44, "Plan Rows": 13851, "Plan Width": 46, "Inner Unique": true, "Hash Cond": "(supplier.s_nationkey = n2.n_nationkey)", "Plans": [{"Node Type": "Hash Join", "Parent Relationship": "Outer", "Parallel Aware": true, "Join Type": "Inner", "Startup Cost": 1802001.6, "Total Cost": 1805071.1, "Plan Rows": 13851, "Plan Width": 20, "Inner Unique": false, "Hash Cond": "(supplier.s_suppkey = lineitem.l_suppkey)", "Plans": [{"Node Type": "Seq Scan", "Parent Relationship": "Outer", "Parallel Aware": true, "Relation Name": "supplier", "Alias": "supplier", "Startup Cost": 0.0, "Total Cost": 2804.24, "Plan Rows": 58824, "Plan Width": 8}, {"Node Type": "Hash", "Parent Relationship": "Inner", "Parallel Aware": true, "Startup Cost": 1801906.65, "Total Cost": 1801906.65, "Plan Rows": 7596, "Plan Width": 20, "Plans": [{"Node Type": "Hash Join", "Parent Relationship": "Outer", "Parallel Aware": false, "Join Type": "Inner", "Startup Cost": 1759085.52, "Total Cost": 1801906.65, "Plan Rows": 7596, "Plan Width": 20, "Inner Unique": false, "Hash Cond": "(customer.c_nationkey = n1.n_nationkey)", "Plans": [{"Node Type": "Hash Join", "Parent Relationship": "Outer", "Parallel Aware": true, "Join Type": "Inner", "Startup Cost": 1759083.01, "Total Cost": 1801685.75, "Plan Rows": 37980, "Plan Width": 24, "Inner Unique": false, "Hash Cond": "(customer.c_custkey = orders.o_custkey)", "Plans": [{"Node Type": "Seq Scan", "Parent Relationship": "Outer", "Parallel Aware": true, "Relation Name": "customer", "Alias": "customer", "Startup Cost": 0.0, "Total Cost": 40665.71, "Plan Rows": 483871, "Plan Width": 8}, {"Node Type": "Hash", "Parent Relationship": "Inner", "Parallel Aware": true, "Startup Cost": 1758608.26, "Total Cost": 1758608.26, "Plan Rows": 37980, "Plan Width": 24, "Plans": [{"Node Type": "Hash Join", "Parent Relationship": "Outer", "Parallel Aware": true, "Join Type": "Inner", "Startup Cost": 1419478.55, "Total Cost": 1758608.26, "Plan Rows": 37980, "Plan Width": 24, "Inner Unique": false, "Hash Cond": "(orders.o_orderkey = lineitem.l_orderkey)", "Plans": [{"Node Type": "Seq Scan", "Parent Relationship": "Outer", "Parallel Aware": true, "Relation Name": "orders", "Alias": "orders", "Startup Cost": 0.0, "Total Cost": 333488.86, "Plan Rows": 1471555, "Plan Width": 12, "Filter": "((o_orderdate >= '1995-01-01'::date) AND (o_orderdate <= '1996-12-31'::date))"}, {"Node Type": "Hash", "Parent Relationship": "Inner", "Parallel Aware": true, "Startup Cost": 1417917.59, "Total Cost": 1417917.59, "Plan Rows": 124877, "Plan Width": 20, "Plans": [{"Node Type": "Hash Join", "Parent Relationship": "Outer", "Parallel Aware": true, "Join Type": "Inner", "Startup Cost": 49078.57, "Total Cost": 1417917.59, "Plan Rows": 124877, "Plan Width": 20, "Inner Unique": true, "Hash Cond": "(lineitem.l_partkey = part.p_partkey)", "Plans": [{"Node Type": "Seq Scan", "Parent Relationship": "Outer", "Parallel Aware": true, "Relation Name": "lineitem", "Alias": "lineitem", "Startup Cost": 0.0, "Total Cost": 1318044.5, "Plan Rows": 19350250, "Plan Width": 24}, {"Node Type": "Hash", "Parent Relationship": "Inner", "Parallel Aware": true, "Startup Cost": 49026.52, "Total Cost": 49026.52, "Plan Rows": 4164, "Plan Width": 4, "Plans": [{"Node Type": "Seq Scan", "Parent Relationship": "Outer", "Parallel Aware": true, "Relation Name": "part", "Alias": "part", "Startup Cost": 0.0, "Total Cost": 49026.52, "Plan Rows": 4164, "Plan Width": 4, "Filter": "((p_type)::text = 'ECONOMY POLISHED STEEL'::text)"}]}]}]}]}]}]}, {"Node Type": "Hash", "Parent Relationship": "Inner", "Parallel Aware": false, "Startup Cost": 2.45, "Total Cost": 2.45, "Plan Rows": 5, "Plan Width": 4, "Plans": [{"Node Type": "Hash Join", "Parent Relationship": "Outer", "Parallel Aware": false, "Join Type": "Inner", "Startup Cost": 1.07, "Total Cost": 2.45, "Plan Rows": 5, "Plan Width": 4, "Inner Unique": true, "Hash Cond": "(n1.n_regionkey = region.r_regionkey)", "Plans": [{"Node Type": "Seq Scan", "Parent Relationship": "Outer", "Parallel Aware": false, "Relation Name": "nation", "Alias": "n1", "Startup Cost": 0.0, "Total Cost": 1.25, "Plan Rows": 25, "Plan Width": 8}, {"Node Type": "Hash", "Parent Relationship": "Inner", "Parallel Aware": false, "Startup Cost": 1.06, "Total Cost": 1.06, "Plan Rows": 1, "Plan Width": 4, "Plans": [{"Node Type": "Seq Scan", "Parent Relationship": "Outer", "Parallel Aware": false, "Relation Name": "region", "Alias": "region", "Startup Cost": 0.0, "Total Cost": 1.06, "Plan Rows": 1, "Plan Width": 4, "Filter": "(r_name = 'ASIA'::bpchar)"}]}]}]}]}]}]}, {"Node Type": "Hash", "Parent Relationship": "Inner", "Parallel Aware": false, "Startup Cost": 1.25, "Total Cost": 1.25, "Plan Rows": 25, "Plan Width": 30, "Plans": [{"Node Type": "Seq Scan", "Parent Relationship": "Outer", "Parallel Aware": false, "Relation Name": "nation", "Alias": "n2", "Startup Cost": 0.0, "Total Cost": 1.25, "Plan Rows": 25, "Plan Width": 30}]}]}]}]}]}]}]}}, {"Plan": {"Node Type": "Limit", "Parallel Aware": false, "Startup Cost": 70003196861.69, "Total Cost": 70003196861.93, "Plan Rows": 1, "Plan Width": 40, "Plans": [{"Node Type": "Aggregate", "Strategy": "Sorted", "Partial Mode": "Simple", "Parent Relationship": "Outer", "Parallel Aware": false, "Startup Cost": 70003196861.69, "Total Cost": 70003197445.63, "Plan Rows": 2406, "Plan Width": 40, "Group Key": ["(date_part('year'::text, (orders.o_orderdate)::timestamp without time zone))"], "Plans": [{"Node Type": "Sort", "Parent Relationship": "Outer", "Parallel Aware": false, "Startup Cost": 70003196861.69, "Total Cost": 70003196920.55, "Plan Rows": 23547, "Plan Width": 46, "Sort Key": ["(date_part('year'::text, (orders.o_orderdate)::timestamp without time zone))"], "Plans": [{"Node Type": "Hash Join", "Parent Relationship": "Outer", "Parallel Aware": false, "Join Type": "Inner", "Startup Cost": 70000755714.5, "Total Cost": 70003195151.79, "Plan Rows": 23547, "Plan Width": 46, "Inner Unique": true, "Hash Cond": "(supplier.s_nationkey = n2.n_nationkey)", "Plans": [{"Node Type": "Nested Loop", "Parent Relationship": "Outer", "Parallel Aware": false, "Join Type": "Inner", "Startup Cost": 60000755710.37, "Total Cost": 60003194957.64, "Plan Rows": 23547, "Plan Width": 20, "Inner Unique": true, "Plans": [{"Node Type": "Hash Join", "Parent Relationship": "Outer", "Parallel Aware": false, "Join Type": "Inner", "Startup Cost": 50000755710.07, "Total Cost": 50003161691.5, "Plan Rows": 23547, "Plan Width": 20, "Inner Unique": true, "Hash Cond": "(lineitem.l_partkey = part.p_partkey)", "Plans": [{"Node Type": "Merge Join", "Parent Relationship": "Outer", "Parallel Aware": false, "Join Type": "Inner", "Startup Cost": 40000673550.51, "Total Cost": 40003069953.85, "Plan Rows": 3648783, "Plan Width": 24, "Inner Unique": false, "Merge Cond": "(orders.o_orderkey = lineitem.l_orderkey)", "Plans": [{"Node Type": "Sort", "Parent Relationship": "Outer", "Parallel Aware": false, "Startup Cost": 30000673492.18, "Total Cost": 30000675773.09, "Plan Rows": 912364, "Plan Width": 8, "Sort Key": ["orders.o_orderkey"], "Plans": [{"Node Type": "Hash Join", "Parent Relationship": "Outer", "Parallel Aware": false, "Join Type": "Inner", "Startup Cost": 30000148011.6, "Total Cost": 30000575865.37, "Plan Rows": 912364, "Plan Width": 8, "Inner Unique": true, "Hash Cond": "(n1.n_regionkey = region.r_regionkey)", "Plans": [{"Node Type": "Hash Join", "Parent Relationship": "Outer", "Parallel Aware": false, "Join Type": "Inner", "Startup Cost": 20000148008.06, "Total Cost": 20000553737.0, "Plan Rows": 4561822, "Plan Width": 12, "Inner Unique": true, "Hash Cond": "(customer.c_nationkey = n1.n_nationkey)", "Plans": [{"Node Type": "Hash Join", "Parent Relationship": "Outer", "Parallel Aware": false, "Join Type": "Inner", "Startup Cost": 10000148003.94, "Total Cost": 10000539728.08, "Plan Rows": 4561822, "Plan Width": 12, "Inner Unique": true, "Hash Cond": "(orders.o_custkey = customer.c_custkey)", "Plans": [{"Node Type": "Bitmap Heap Scan", "Parent Relationship": "Outer", "Parallel Aware": false, "Relation Name": "orders", "Alias": "orders", "Startup Cost": 60538.81, "Total Cost": 389878.14, "Plan Rows": 4561822, "Plan Width": 12, "Recheck Cond": "((o_orderdate >= '1995-01-01'::date) AND (o_orderdate <= '1996-12-31'::date))", "Plans": [{"Node Type": "Bitmap Index Scan", "Parent Relationship": "Outer", "Parallel Aware": false, "Index Name": "idx_orders_orderdate", "Startup Cost": 0.0, "Total Cost": 59398.35, "Plan Rows": 4561822, "Plan Width": 0, "Index Cond": "((o_orderdate >= '1995-01-01'::date) AND (o_orderdate <= '1996-12-31'::date))"}]}, {"Node Type": "Hash", "Parent Relationship": "Inner", "Parallel Aware": false, "Startup Cost": 10000062855.13, "Total Cost": 10000062855.13, "Plan Rows": 1500000, "Plan Width": 8, "Plans": [{"Node Type": "Index Scan", "Parent Relationship": "Outer", "Parallel Aware": false, "Scan Direction": "Forward", "Index Name": "customer_pkey", "Relation Name": "customer", "Alias": "customer", "Startup Cost": 10000000000.43, "Total Cost": 10000062855.13, "Plan Rows": 1500000, "Plan Width": 8}]}]}, {"Node Type": "Hash", "Parent Relationship": "Inner", "Parallel Aware": false, "Startup Cost": 10000000003.81, "Total Cost": 10000000003.81, "Plan Rows": 25, "Plan Width": 8, "Plans": [{"Node Type": "Index Scan", "Parent Relationship": "Outer", "Parallel Aware": false, "Scan Direction": "Forward", "Index Name": "idx_nation_regionkey", "Relation Name": "nation", "Alias": "n1", "Startup Cost": 10000000000.14, "Total Cost": 10000000003.81, "Plan Rows": 25, "Plan Width": 8}]}]}, {"Node Type": "Hash", "Parent Relationship": "Inner", "Parallel Aware": false, "Startup Cost": 10000000003.52, "Total Cost": 10000000003.52, "Plan Rows": 1, "Plan Width": 4, "Plans": [{"Node Type": "Index Scan", "Parent Relationship": "Outer", "Parallel Aware": false, "Scan Direction": "Forward", "Index Name": "region_pkey", "Relation Name": "region", "Alias": "region", "Startup Cost": 10000000000.13, "Total Cost": 10000000003.52, "Plan Rows": 1, "Plan Width": 4, "Filter": "(r_name = 'ASIA'::bpchar)"}]}]}]}, {"Node Type": "Index Scan", "Parent Relationship": "Inner", "Parallel Aware": false, "Scan Direction": "Forward", "Index Name": "idx_lineitem_orderkey", "Relation Name": "lineitem", "Alias": "lineitem", "Startup Cost": 10000000000.57, "Total Cost": 10002205447.61, "Plan Rows": 59985776, "Plan Width": 24}]}, {"Node Type": "Hash", "Parent Relationship": "Inner", "Parallel Aware": false, "Startup Cost": 10000081998.23, "Total Cost": 10000081998.23, "Plan Rows": 12907, "Plan Width": 4, "Plans": [{"Node Type": "Index Scan", "Parent Relationship": "Outer", "Parallel Aware": false, "Scan Direction": "Forward", "Index Name": "part_pkey", "Relation Name": "part", "Alias": "part", "Startup Cost": 10000000000.43, "Total Cost": 10000081998.23, "Plan Rows": 12907, "Plan Width": 4, "Filter": "((p_type)::text = 'ECONOMY POLISHED STEEL'::text)"}]}]}, {"Node Type": "Bitmap Heap Scan", "Parent Relationship": "Inner", "Parallel Aware": false, "Relation Name": "supplier", "Alias": "supplier", "Startup Cost": 0.3, "Total Cost": 1.41, "Plan Rows": 1, "Plan Width": 8, "Recheck Cond": "(s_suppkey = lineitem.l_suppkey)", "Plans": [{"Node Type": "Bitmap Index Scan", "Parent Relationship": "Outer", "Parallel Aware": false, "Index Name": "supplier_pkey", "Startup Cost": 0.0, "Total Cost": 0.3, "Plan Rows": 1, "Plan Width": 0, "Index Cond": "(s_suppkey = lineitem.l_suppkey)"}]}]}, {"Node Type": "Hash", "Parent Relationship": "Inner", "Parallel Aware": false, "Startup Cost": 10000000003.81, "Total Cost": 10000000003.81, "Plan Rows": 25, "Plan Width": 30, "Plans": [{"Node Type": "Index Scan", "Parent Relationship": "Outer", "Parallel Aware": false, "Scan Direction": "Forward", "Index Name": "nation_pkey", "Relation Name": "nation", "Alias": "n2", "Startup Cost": 10000000000.14, "Total Cost": 10000000003.81, "Plan Rows": 25, "Plan Width": 30}]}]}]}]}]}}, {"Plan": {"Node Type": "Limit", "Parallel Aware": false, "Startup Cost": 9341389.46, "Total Cost": 9341389.96, "Plan Rows": 1, "Plan Width": 40, "Plans": [{"Node Type": "Aggregate", "Strategy": "Sorted", "Partial Mode": "Finalize", "Parent Relationship": "Outer", "Parallel Aware": false, "Startup Cost": 9341389.46, "Total Cost": 9342600.96, "Plan Rows": 2406, "Plan Width": 40, "Group Key": ["(date_part('year'::text, (orders.o_orderdate)::timestamp without time zone))"], "Plans": [{"Node Type": "Gather Merge", "Parent Relationship": "Outer", "Parallel Aware": false, "Startup Cost": 9341389.46, "Total Cost": 9342456.6, "Plan Rows": 7218, "Plan Width": 72, "Workers Planned": 3, "Plans": [{"Node Type": "Aggregate", "Strategy": "Sorted", "Partial Mode": "Partial", "Parent Relationship": "Outer", "Parallel Aware": false, "Startup Cost": 9340389.42, "Total Cost": 9340608.45, "Plan Rows": 2406, "Plan Width": 72, "Group Key": ["(date_part('year'::text, (orders.o_orderdate)::timestamp without time zone))"], "Plans": [{"Node Type": "Sort", "Parent Relationship": "Outer", "Parallel Aware": false, "Startup Cost": 9340389.42, "Total Cost": 9340408.41, "Plan Rows": 7596, "Plan Width": 46, "Sort Key": ["(date_part('year'::text, (orders.o_orderdate)::timestamp without time zone))"], "Plans": [{"Node Type": "Nested Loop", "Parent Relationship": "Outer", "Parallel Aware": false, "Join Type": "Inner", "Startup Cost": 60541.37, "Total Cost": 9339899.82, "Plan Rows": 7596, "Plan Width": 46, "Inner Unique": true, "Plans": [{"Node Type": "Nested Loop", "Parent Relationship": "Outer", "Parallel Aware": false, "Join Type": "Inner", "Startup Cost": 60541.23, "Total Cost": 9330619.75, "Plan Rows": 7596, "Plan Width": 20, "Inner Unique": true, "Plans": [{"Node Type": "Nested Loop", "Parent Relationship": "Outer", "Parallel Aware": false, "Join Type": "Inner", "Startup Cost": 60540.93, "Total Cost": 9319888.46, "Plan Rows": 7596, "Plan Width": 20, "Inner Unique": true, "Plans": [{"Node Type": "Nested Loop", "Parent Relationship": "Outer", "Parallel Aware": false, "Join Type": "Inner", "Startup Cost": 60540.49, "Total Cost": 7495085.04, "Plan Rows": 1177027, "Plan Width": 24, "Inner Unique": false, "Plans": [{"Node Type": "Nested Loop", "Parent Relationship": "Outer", "Parallel Aware": false, "Join Type": "Inner", "Startup Cost": 60539.62, "Total Cost": 6392641.15, "Plan Rows": 294311, "Plan Width": 8, "Inner Unique": true, "Plans": [{"Node Type": "Nested Loop", "Parent Relationship": "Outer", "Parallel Aware": false, "Join Type": "Inner", "Startup Cost": 60539.39, "Total Cost": 4413031.79, "Plan Rows": 1471555, "Plan Width": 12, "Inner Unique": true, "Plans": [{"Node Type": "Nested Loop", "Parent Relationship": "Outer", "Parallel Aware": false, "Join Type": "Inner", "Startup Cost": 60539.25, "Total Cost": 2622582.8, "Plan Rows": 1471555, "Plan Width": 12, "Inner Unique": true, "Plans": [{"Node Type": "Bitmap Heap Scan", "Parent Relationship": "Outer", "Parallel Aware": true, "Relation Name": "orders", "Alias": "orders", "Startup Cost": 60538.81, "Total Cost": 343524.14, "Plan Rows": 1471555, "Plan Width": 12, "Recheck Cond": "((o_orderdate >= '1995-01-01'::date) AND (o_orderdate <= '1996-12-31'::date))", "Plans": [{"Node Type": "Bitmap Index Scan", "Parent Relationship": "Outer", "Parallel Aware": false, "Index Name": "idx_orders_orderdate", "Startup Cost": 0.0, "Total Cost": 59398.35, "Plan Rows": 4561822, "Plan Width": 0, "Index Cond": "((o_orderdate >= '1995-01-01'::date) AND (o_orderdate <= '1996-12-31'::date))"}]}, {"Node Type": "Bitmap Heap Scan", "Parent Relationship": "Inner", "Parallel Aware": false, "Relation Name": "customer", "Alias": "customer", "Startup Cost": 0.44, "Total Cost": 1.55, "Plan Rows": 1, "Plan Width": 8, "Recheck Cond": "(c_custkey = orders.o_custkey)", "Plans": [{"Node Type": "Bitmap Index Scan", "Parent Relationship": "Outer", "Parallel Aware": false, "Index Name": "customer_pkey", "Startup Cost": 0.0, "Total Cost": 0.44, "Plan Rows": 1, "Plan Width": 0, "Index Cond": "(c_custkey = orders.o_custkey)"}]}]}, {"Node Type": "Bitmap Heap Scan", "Parent Relationship": "Inner", "Parallel Aware": false, "Relation Name": "nation", "Alias": "n1", "Startup Cost": 0.15, "Total Cost": 1.26, "Plan Rows": 1, "Plan Width": 8, "Recheck Cond": "(n_nationkey = customer.c_nationkey)", "Plans": [{"Node Type": "Bitmap Index Scan", "Parent Relationship": "Outer", "Parallel Aware": false, "Index Name": "nation_pkey", "Startup Cost": 0.0, "Total Cost": 0.15, "Plan Rows": 1, "Plan Width": 0, "Index Cond": "(n_nationkey = customer.c_nationkey)"}]}]}, {"Node Type": "Bitmap Heap Scan", "Parent Relationship": "Inner", "Parallel Aware": false, "Relation Name": "region", "Alias": "region", "Startup Cost": 0.23, "Total Cost": 1.34, "Plan Rows": 1, "Plan Width": 4, "Recheck Cond": "(r_regionkey = n1.n_regionkey)", "Filter": "(r_name = 'ASIA'::bpchar)", "Plans": [{"Node Type": "Bitmap Index Scan", "Parent Relationship": "Outer", "Parallel Aware": false, "Index Name": "region_pkey", "Startup Cost": 0.0, "Total Cost": 0.23, "Plan Rows": 1, "Plan Width": 0, "Index Cond": "(r_regionkey = n1.n_regionkey)"}]}]}, {"Node Type": "Bitmap Heap Scan", "Parent Relationship": "Inner", "Parallel Aware": false, "Relation Name": "lineitem", "Alias": "lineitem", "Startup Cost": 0.87, "Total Cost": 3.45, "Plan Rows": 30, "Plan Width": 24, "Recheck Cond": "(l_orderkey = orders.o_orderkey)", "Plans": [{"Node Type": "Bitmap Index Scan", "Parent Relationship": "Outer", "Parallel Aware": false, "Index Name": "lineitem_pkey", "Startup Cost": 0.0, "Total Cost": 0.86, "Plan Rows": 30, "Plan Width": 0, "Index Cond": "(l_orderkey = orders.o_orderkey)"}]}]}, {"Node Type": "Bitmap Heap Scan", "Parent Relationship": "Inner", "Parallel Aware": false, "Relation Name": "part", "Alias": "part", "Startup Cost": 0.44, "Total Cost": 1.55, "Plan Rows": 1, "Plan Width": 4, "Recheck Cond": "(p_partkey = lineitem.l_partkey)", "Filter": "((p_type)::text = 'ECONOMY POLISHED STEEL'::text)", "Plans": [{"Node Type": "Bitmap Index Scan", "Parent Relationship": "Outer", "Parallel Aware": false, "Index Name": "part_pkey", "Startup Cost": 0.0, "Total Cost": 0.44, "Plan Rows": 1, "Plan Width": 0, "Index Cond": "(p_partkey = lineitem.l_partkey)"}]}]}, {"Node Type": "Bitmap Heap Scan", "Parent Relationship": "Inner", "Parallel Aware": false, "Relation Name": "supplier", "Alias": "supplier", "Startup Cost": 0.3, "Total Cost": 1.41, "Plan Rows": 1, "Plan Width": 8, "Recheck Cond": "(s_suppkey = lineitem.l_suppkey)", "Plans": [{"Node Type": "Bitmap Index Scan", "Parent Relationship": "Outer", "Parallel Aware": false, "Index Name": "supplier_pkey", "Startup Cost": 0.0, "Total Cost": 0.3, "Plan Rows": 1, "Plan Width": 0, "Index Cond": "(s_suppkey = lineitem.l_suppkey)"}]}]}, {"Node Type": "Bitmap Heap Scan", "Parent Relationship": "Inner", "Parallel Aware": false, "Relation Name": "nation", "Alias": "n2", "Startup Cost": 0.15, "Total Cost": 1.26, "Plan Rows": 1, "Plan Width": 30, "Recheck Cond": "(n_nationkey = supplier.s_nationkey)", "Plans": [{"Node Type": "Bitmap Index Scan", "Parent Relationship": "Outer", "Parallel Aware": false, "Index Name": "nation_pkey", "Startup Cost": 0.0, "Total Cost": 0.15, "Plan Rows": 1, "Plan Width": 0, "Index Cond": "(n_nationkey = supplier.s_nationkey)"}]}]}]}]}]}]}]}}, {"Plan": {"Node Type": "Limit", "Parallel Aware": false, "Startup Cost": 404868.25, "Total Cost": 404868.55, "Plan Rows": 1, "Plan Width": 40, "Plans": [{"Node Type": "Aggregate", "Strategy": "Sorted", "Partial Mode": "Finalize", "Parent Relationship": "Outer", "Parallel Aware": false, "Startup Cost": 404868.25, "Total Cost": 405582.9, "Plan Rows": 2406, "Plan Width": 40, "Group Key": ["(date_part('year'::text, (orders.o_orderdate)::timestamp without time zone))"], "Plans": [{"Node Type": "Gather Merge", "Parent Relationship": "Outer", "Parallel Aware": false, "Startup Cost": 404868.25, "Total Cost": 405498.69, "Plan Rows": 2406, "Plan Width": 72, "Workers Planned": 1, "Plans": [{"Node Type": "Aggregate", "Strategy": "Sorted", "Partial Mode": "Partial", "Parent Relationship": "Outer", "Parallel Aware": false, "Startup Cost": 403868.24, "Total Cost": 404228.01, "Plan Rows": 2406, "Plan Width": 72, "Group Key": ["(date_part('year'::text, (orders.o_orderdate)::timestamp without time zone))"], "Plans": [{"Node Type": "Sort", "Parent Relationship": "Outer", "Parallel Aware": false, "Startup Cost": 403868.24, "Total Cost": 403902.87, "Plan Rows": 13851, "Plan Width": 46, "Sort Key": ["(date_part('year'::text, (orders.o_orderdate)::timestamp without time zone))"], "Plans": [{"Node Type": "Hash Join", "Parent Relationship": "Outer", "Parallel Aware": false, "Join Type": "Inner", "Startup Cost": 399734.17, "Total Cost": 402915.45, "Plan Rows": 13851, "Plan Width": 46, "Inner Unique": true, "Hash Cond": "(supplier.s_nationkey = n2.n_nationkey)", "Plans": [{"Node Type": "Hash Join", "Parent Relationship": "Outer", "Parallel Aware": true, "Join Type": "Inner", "Startup Cost": 399732.61, "Total Cost": 402802.11, "Plan Rows": 13851, "Plan Width": 20, "Inner Unique": false, "Hash Cond": "(supplier.s_suppkey = lineitem.l_suppkey)", "Plans": [{"Node Type": "Seq Scan", "Parent Relationship": "Outer", "Parallel Aware": true, "Relation Name": "supplier", "Alias": "supplier", "Startup Cost": 0.0, "Total Cost": 2804.24, "Plan Rows": 58824, "Plan Width": 8}, {"Node Type": "Hash", "Parent Relationship": "Inner", "Parallel Aware": true, "Startup Cost": 399637.66, "Total Cost": 399637.66, "Plan Rows": 7596, "Plan Width": 20, "Plans": [{"Node Type": "Hash Join", "Parent Relationship": "Outer", "Parallel Aware": false, "Join Type": "Inner", "Startup Cost": 21180.45, "Total Cost": 399637.66, "Plan Rows": 7596, "Plan Width": 20, "Inner Unique": false, "Hash Cond": "(orders.o_custkey = customer.c_custkey)", "Plans": [{"Node Type": "Nested Loop", "Parent Relationship": "Outer", "Parallel Aware": false, "Join Type": "Inner", "Startup Cost": 2.31, "Total Cost": 378241.13, "Plan Rows": 37980, "Plan Width": 24, "Inner Unique": true, "Plans": [{"Node Type": "Nested Loop", "Parent Relationship": "Outer", "Parallel Aware": false, "Join Type": "Inner", "Startup Cost": 1.86, "Total Cost": 183307.61, "Plan Rows": 124877, "Plan Width": 20, "Inner Unique": false, "Plans": [{"Node Type": "Seq Scan", "Parent Relationship": "Outer", "Parallel Aware": true, "Relation Name": "part", "Alias": "part", "Startup Cost": 0.0, "Total Cost": 49026.52, "Plan Rows": 4164, "Plan Width": 4, "Filter": "((p_type)::text = 'ECONOMY POLISHED STEEL'::text)"}, {"Node Type": "Bitmap Heap Scan", "Parent Relationship": "Inner", "Parallel Aware": false, "Relation Name": "lineitem", "Alias": "lineitem", "Startup Cost": 1.86, "Total Cost": 31.94, "Plan Rows": 31, "Plan Width": 24, "Recheck Cond": "(l_partkey = part.p_partkey)", "Plans": [{"Node Type": "Bitmap Index Scan", "Parent Relationship": "Outer", "Parallel Aware": false, "Index Name": "idx_lineitem_part_supp", "Startup Cost": 0.0, "Total Cost": 1.86, "Plan Rows": 31, "Plan Width": 0, "Index Cond": "(l_partkey = part.p_partkey)"}]}]}, {"Node Type": "Bitmap Heap Scan", "Parent Relationship": "Inner", "Parallel Aware": false, "Relation Name": "orders", "Alias": "orders", "Startup Cost": 0.44, "Total Cost": 1.56, "Plan Rows": 1, "Plan Width": 12, "Recheck Cond": "(o_orderkey = lineitem.l_orderkey)", "Filter": "((o_orderdate >= '1995-01-01'::date) AND (o_orderdate <= '1996-12-31'::date))", "Plans": [{"Node Type": "Bitmap Index Scan", "Parent Relationship": "Outer", "Parallel Aware": false, "Index Name": "orders_pkey", "Startup Cost": 0.0, "Total Cost": 0.44, "Plan Rows": 1, "Plan Width": 0, "Index Cond": "(o_orderkey = lineitem.l_orderkey)"}]}]}, {"Node Type": "Hash", "Parent Relationship": "Inner", "Parallel Aware": false, "Startup Cost": 17428.14, "Total Cost": 17428.14, "Plan Rows": 300000, "Plan Width": 4, "Plans": [{"Node Type": "Nested Loop", "Parent Relationship": "Outer", "Parallel Aware": false, "Join Type": "Inner", "Startup Cost": 587.5, "Total Cost": 17428.14, "Plan Rows": 300000, "Plan Width": 4, "Inner Unique": false, "Plans": [{"Node Type": "Hash Join", "Parent Relationship": "Outer", "Parallel Aware": false, "Join Type": "Inner", "Startup Cost": 1.07, "Total Cost": 2.45, "Plan Rows": 5, "Plan Width": 4, "Inner Unique": true, "Hash Cond": "(n1.n_regionkey = region.r_regionkey)", "Plans": [{"Node Type": "Seq Scan", "Parent Relationship": "Outer", "Parallel Aware": false, "Relation Name": "nation", "Alias": "n1", "Startup Cost": 0.0, "Total Cost": 1.25, "Plan Rows": 25, "Plan Width": 8}, {"Node Type": "Hash", "Parent Relationship": "Inner", "Parallel Aware": false, "Startup Cost": 1.06, "Total Cost": 1.06, "Plan Rows": 1, "Plan Width": 4, "Plans": [{"Node Type": "Seq Scan", "Parent Relationship": "Outer", "Parallel Aware": false, "Relation Name": "region", "Alias": "region", "Startup Cost": 0.0, "Total Cost": 1.06, "Plan Rows": 1, "Plan Width": 4, "Filter": "(r_name = 'ASIA'::bpchar)"}]}]}, {"Node Type": "Bitmap Heap Scan", "Parent Relationship": "Inner", "Parallel Aware": false, "Relation Name": "customer", "Alias": "customer", "Startup Cost": 586.43, "Total Cost": 2885.14, "Plan Rows": 60000, "Plan Width": 8, "Recheck Cond": "(c_nationkey = n1.n_nationkey)", "Plans": [{"Node Type": "Bitmap Index Scan", "Parent Relationship": "Outer", "Parallel Aware": false, "Index Name": "idx_customer_nationkey", "Startup Cost": 0.0, "Total Cost": 571.43, "Plan Rows": 60000, "Plan Width": 0, "Index Cond": "(c_nationkey = n1.n_nationkey)"}]}]}]}]}]}]}, {"Node Type": "Hash", "Parent Relationship": "Inner", "Parallel Aware": false, "Startup Cost": 1.25, "Total Cost": 1.25, "Plan Rows": 25, "Plan Width": 30, "Plans": [{"Node Type": "Seq Scan", "Parent Relationship": "Outer", "Parallel Aware": false, "Relation Name": "nation", "Alias": "n2", "Startup Cost": 0.0, "Total Cost": 1.25, "Plan Rows": 25, "Plan Width": 30}]}]}]}]}]}]}]}}, {"Plan": {"Node Type": "Limit", "Parallel Aware": false, "Startup Cost": 1807137.24, "Total Cost": 1807137.54, "Plan Rows": 1, "Plan Width": 40, "Plans": [{"Node Type": "Aggregate", "Strategy": "Sorted", "Partial Mode": "Finalize", "Parent Relationship": "Outer", "Parallel Aware": false, "Startup Cost": 1807137.24, "Total Cost": 1807851.89, "Plan Rows": 2406, "Plan Width": 40, "Group Key": ["(date_part('year'::text, (orders.o_orderdate)::timestamp without time zone))"], "Plans": [{"Node Type": "Gather Merge", "Parent Relationship": "Outer", "Parallel Aware": false, "Startup Cost": 1807137.24, "Total Cost": 1807767.68, "Plan Rows": 2406, "Plan Width": 72, "Workers Planned": 1, "Plans": [{"Node Type": "Aggregate", "Strategy": "Sorted", "Partial Mode": "Partial", "Parent Relationship": "Outer", "Parallel Aware": false, "Startup Cost": 1806137.23, "Total Cost": 1806497.0, "Plan Rows": 2406, "Plan Width": 72, "Group Key": ["(date_part('year'::text, (orders.o_orderdate)::timestamp without time zone))"], "Plans": [{"Node Type": "Sort", "Parent Relationship": "Outer", "Parallel Aware": false, "Startup Cost": 1806137.23, "Total Cost": 1806171.86, "Plan Rows": 13851, "Plan Width": 46, "Sort Key": ["(date_part('year'::text, (orders.o_orderdate)::timestamp without time zone))"], "Plans": [{"Node Type": "Hash Join", "Parent Relationship": "Outer", "Parallel Aware": false, "Join Type": "Inner", "Startup Cost": 1802003.16, "Total Cost": 1805184.44, "Plan Rows": 13851, "Plan Width": 46, "Inner Unique": true, "Hash Cond": "(supplier.s_nationkey = n2.n_nationkey)", "Plans": [{"Node Type": "Hash Join", "Parent Relationship": "Outer", "Parallel Aware": true, "Join Type": "Inner", "Startup Cost": 1802001.6, "Total Cost": 1805071.1, "Plan Rows": 13851, "Plan Width": 20, "Inner Unique": false, "Hash Cond": "(supplier.s_suppkey = lineitem.l_suppkey)", "Plans": [{"Node Type": "Seq Scan", "Parent Relationship": "Outer", "Parallel Aware": true, "Relation Name": "supplier", "Alias": "supplier", "Startup Cost": 0.0, "Total Cost": 2804.24, "Plan Rows": 58824, "Plan Width": 8}, {"Node Type": "Hash", "Parent Relationship": "Inner", "Parallel Aware": true, "Startup Cost": 1801906.65, "Total Cost": 1801906.65, "Plan Rows": 7596, "Plan Width": 20, "Plans": [{"Node Type": "Hash Join", "Parent Relationship": "Outer", "Parallel Aware": false, "Join Type": "Inner", "Startup Cost": 1759085.52, "Total Cost": 1801906.65, "Plan Rows": 7596, "Plan Width": 20, "Inner Unique": false, "Hash Cond": "(customer.c_nationkey = n1.n_nationkey)", "Plans": [{"Node Type": "Hash Join", "Parent Relationship": "Outer", "Parallel Aware": true, "Join Type": "Inner", "Startup Cost": 1759083.01, "Total Cost": 1801685.75, "Plan Rows": 37980, "Plan Width": 24, "Inner Unique": false, "Hash Cond": "(customer.c_custkey = orders.o_custkey)", "Plans": [{"Node Type": "Seq Scan", "Parent Relationship": "Outer", "Parallel Aware": true, "Relation Name": "customer", "Alias": "customer", "Startup Cost": 0.0, "Total Cost": 40665.71, "Plan Rows": 483871, "Plan Width": 8}, {"Node Type": "Hash", "Parent Relationship": "Inner", "Parallel Aware": true, "Startup Cost": 1758608.26, "Total Cost": 1758608.26, "Plan Rows": 37980, "Plan Width": 24, "Plans": [{"Node Type": "Hash Join", "Parent Relationship": "Outer", "Parallel Aware": true, "Join Type": "Inner", "Startup Cost": 1419478.55, "Total Cost": 1758608.26, "Plan Rows": 37980, "Plan Width": 24, "Inner Unique": false, "Hash Cond": "(orders.o_orderkey = lineitem.l_orderkey)", "Plans": [{"Node Type": "Seq Scan", "Parent Relationship": "Outer", "Parallel Aware": true, "Relation Name": "orders", "Alias": "orders", "Startup Cost": 0.0, "Total Cost": 333488.86, "Plan Rows": 1471555, "Plan Width": 12, "Filter": "((o_orderdate >= '1995-01-01'::date) AND (o_orderdate <= '1996-12-31'::date))"}, {"Node Type": "Hash", "Parent Relationship": "Inner", "Parallel Aware": true, "Startup Cost": 1417917.59, "Total Cost": 1417917.59, "Plan Rows": 124877, "Plan Width": 20, "Plans": [{"Node Type": "Hash Join", "Parent Relationship": "Outer", "Parallel Aware": true, "Join Type": "Inner", "Startup Cost": 49078.57, "Total Cost": 1417917.59, "Plan Rows": 124877, "Plan Width": 20, "Inner Unique": true, "Hash Cond": "(lineitem.l_partkey = part.p_partkey)", "Plans": [{"Node Type": "Seq Scan", "Parent Relationship": "Outer", "Parallel Aware": true, "Relation Name": "lineitem", "Alias": "lineitem", "Startup Cost": 0.0, "Total Cost": 1318044.5, "Plan Rows": 19350250, "Plan Width": 24}, {"Node Type": "Hash", "Parent Relationship": "Inner", "Parallel Aware": true, "Startup Cost": 49026.52, "Total Cost": 49026.52, "Plan Rows": 4164, "Plan Width": 4, "Plans": [{"Node Type": "Seq Scan", "Parent Relationship": "Outer", "Parallel Aware": true, "Relation Name": "part", "Alias": "part", "Startup Cost": 0.0, "Total Cost": 49026.52, "Plan Rows": 4164, "Plan Width": 4, "Filter": "((p_type)::text = 'ECONOMY POLISHED STEEL'::text)"}]}]}]}]}]}]}, {"Node Type": "Hash", "Parent Relationship": "Inner", "Parallel Aware": false, "Startup Cost": 2.45, "Total Cost": 2.45, "Plan Rows": 5, "Plan Width": 4, "Plans": [{"Node Type": "Hash Join", "Parent Relationship": "Outer", "Parallel Aware": false, "Join Type": "Inner", "Startup Cost": 1.07, "Total Cost": 2.45, "Plan Rows": 5, "Plan Width": 4, "Inner Unique": true, "Hash Cond": "(n1.n_regionkey = region.r_regionkey)", "Plans": [{"Node Type": "Seq Scan", "Parent Relationship": "Outer", "Parallel Aware": false, "Relation Name": "nation", "Alias": "n1", "Startup Cost": 0.0, "Total Cost": 1.25, "Plan Rows": 25, "Plan Width": 8}, {"Node Type": "Hash", "Parent Relationship": "Inner", "Parallel Aware": false, "Startup Cost": 1.06, "Total Cost": 1.06, "Plan Rows": 1, "Plan Width": 4, "Plans": [{"Node Type": "Seq Scan", "Parent Relationship": "Outer", "Parallel Aware": false, "Relation Name": "region", "Alias": "region", "Startup Cost": 0.0, "Total Cost": 1.06, "Plan Rows": 1, "Plan Width": 4, "Filter": "(r_name = 'ASIA'::bpchar)"}]}]}]}]}]}]}, {"Node Type": "Hash", "Parent Relationship": "Inner", "Parallel Aware": false, "Startup Cost": 1.25, "Total Cost": 1.25, "Plan Rows": 25, "Plan Width": 30, "Plans": [{"Node Type": "Seq Scan", "Parent Relationship": "Outer", "Parallel Aware": false, "Relation Name": "nation", "Alias": "n2", "Startup Cost": 0.0, "Total Cost": 1.25, "Plan Rows": 25, "Plan Width": 30}]}]}]}]}]}]}]}}, {"Plan": {"Node Type": "Limit", "Parallel Aware": false, "Startup Cost": 9341389.46, "Total Cost": 9341389.96, "Plan Rows": 1, "Plan Width": 40, "Plans": [{"Node Type": "Aggregate", "Strategy": "Sorted", "Partial Mode": "Finalize", "Parent Relationship": "Outer", "Parallel Aware": false, "Startup Cost": 9341389.46, "Total Cost": 9342600.96, "Plan Rows": 2406, "Plan Width": 40, "Group Key": ["(date_part('year'::text, (orders.o_orderdate)::timestamp without time zone))"], "Plans": [{"Node Type": "Gather Merge", "Parent Relationship": "Outer", "Parallel Aware": false, "Startup Cost": 9341389.46, "Total Cost": 9342456.6, "Plan Rows": 7218, "Plan Width": 72, "Workers Planned": 3, "Plans": [{"Node Type": "Aggregate", "Strategy": "Sorted", "Partial Mode": "Partial", "Parent Relationship": "Outer", "Parallel Aware": false, "Startup Cost": 9340389.42, "Total Cost": 9340608.45, "Plan Rows": 2406, "Plan Width": 72, "Group Key": ["(date_part('year'::text, (orders.o_orderdate)::timestamp without time zone))"], "Plans": [{"Node Type": "Sort", "Parent Relationship": "Outer", "Parallel Aware": false, "Startup Cost": 9340389.42, "Total Cost": 9340408.41, "Plan Rows": 7596, "Plan Width": 46, "Sort Key": ["(date_part('year'::text, (orders.o_orderdate)::timestamp without time zone))"], "Plans": [{"Node Type": "Nested Loop", "Parent Relationship": "Outer", "Parallel Aware": false, "Join Type": "Inner", "Startup Cost": 60541.37, "Total Cost": 9339899.82, "Plan Rows": 7596, "Plan Width": 46, "Inner Unique": true, "Plans": [{"Node Type": "Nested Loop", "Parent Relationship": "Outer", "Parallel Aware": false, "Join Type": "Inner", "Startup Cost": 60541.23, "Total Cost": 9330619.75, "Plan Rows": 7596, "Plan Width": 20, "Inner Unique": true, "Plans": [{"Node Type": "Nested Loop", "Parent Relationship": "Outer", "Parallel Aware": false, "Join Type": "Inner", "Startup Cost": 60540.93, "Total Cost": 9319888.46, "Plan Rows": 7596, "Plan Width": 20, "Inner Unique": true, "Plans": [{"Node Type": "Nested Loop", "Parent Relationship": "Outer", "Parallel Aware": false, "Join Type": "Inner", "Startup Cost": 60540.49, "Total Cost": 7495085.04, "Plan Rows": 1177027, "Plan Width": 24, "Inner Unique": false, "Plans": [{"Node Type": "Nested Loop", "Parent Relationship": "Outer", "Parallel Aware": false, "Join Type": "Inner", "Startup Cost": 60539.62, "Total Cost": 6392641.15, "Plan Rows": 294311, "Plan Width": 8, "Inner Unique": true, "Plans": [{"Node Type": "Nested Loop", "Parent Relationship": "Outer", "Parallel Aware": false, "Join Type": "Inner", "Startup Cost": 60539.39, "Total Cost": 4413031.79, "Plan Rows": 1471555, "Plan Width": 12, "Inner Unique": true, "Plans": [{"Node Type": "Nested Loop", "Parent Relationship": "Outer", "Parallel Aware": false, "Join Type": "Inner", "Startup Cost": 60539.25, "Total Cost": 2622582.8, "Plan Rows": 1471555, "Plan Width": 12, "Inner Unique": true, "Plans": [{"Node Type": "Bitmap Heap Scan", "Parent Relationship": "Outer", "Parallel Aware": true, "Relation Name": "orders", "Alias": "orders", "Startup Cost": 60538.81, "Total Cost": 343524.14, "Plan Rows": 1471555, "Plan Width": 12, "Recheck Cond": "((o_orderdate >= '1995-01-01'::date) AND (o_orderdate <= '1996-12-31'::date))", "Plans": [{"Node Type": "Bitmap Index Scan", "Parent Relationship": "Outer", "Parallel Aware": false, "Index Name": "idx_orders_orderdate", "Startup Cost": 0.0, "Total Cost": 59398.35, "Plan Rows": 4561822, "Plan Width": 0, "Index Cond": "((o_orderdate >= '1995-01-01'::date) AND (o_orderdate <= '1996-12-31'::date))"}]}, {"Node Type": "Bitmap Heap Scan", "Parent Relationship": "Inner", "Parallel Aware": false, "Relation Name": "customer", "Alias": "customer", "Startup Cost": 0.44, "Total Cost": 1.55, "Plan Rows": 1, "Plan Width": 8, "Recheck Cond": "(c_custkey = orders.o_custkey)", "Plans": [{"Node Type": "Bitmap Index Scan", "Parent Relationship": "Outer", "Parallel Aware": false, "Index Name": "customer_pkey", "Startup Cost": 0.0, "Total Cost": 0.44, "Plan Rows": 1, "Plan Width": 0, "Index Cond": "(c_custkey = orders.o_custkey)"}]}]}, {"Node Type": "Bitmap Heap Scan", "Parent Relationship": "Inner", "Parallel Aware": false, "Relation Name": "nation", "Alias": "n1", "Startup Cost": 0.15, "Total Cost": 1.26, "Plan Rows": 1, "Plan Width": 8, "Recheck Cond": "(n_nationkey = customer.c_nationkey)", "Plans": [{"Node Type": "Bitmap Index Scan", "Parent Relationship": "Outer", "Parallel Aware": false, "Index Name": "nation_pkey", "Startup Cost": 0.0, "Total Cost": 0.15, "Plan Rows": 1, "Plan Width": 0, "Index Cond": "(n_nationkey = customer.c_nationkey)"}]}]}, {"Node Type": "Bitmap Heap Scan", "Parent Relationship": "Inner", "Parallel Aware": false, "Relation Name": "region", "Alias": "region", "Startup Cost": 0.23, "Total Cost": 1.34, "Plan Rows": 1, "Plan Width": 4, "Recheck Cond": "(r_regionkey = n1.n_regionkey)", "Filter": "(r_name = 'ASIA'::bpchar)", "Plans": [{"Node Type": "Bitmap Index Scan", "Parent Relationship": "Outer", "Parallel Aware": false, "Index Name": "region_pkey", "Startup Cost": 0.0, "Total Cost": 0.23, "Plan Rows": 1, "Plan Width": 0, "Index Cond": "(r_regionkey = n1.n_regionkey)"}]}]}, {"Node Type": "Bitmap Heap Scan", "Parent Relationship": "Inner", "Parallel Aware": false, "Relation Name": "lineitem", "Alias": "lineitem", "Startup Cost": 0.87, "Total Cost": 3.45, "Plan Rows": 30, "Plan Width": 24, "Recheck Cond": "(l_orderkey = orders.o_orderkey)", "Plans": [{"Node Type": "Bitmap Index Scan", "Parent Relationship": "Outer", "Parallel Aware": false, "Index Name": "lineitem_pkey", "Startup Cost": 0.0, "Total Cost": 0.86, "Plan Rows": 30, "Plan Width": 0, "Index Cond": "(l_orderkey = orders.o_orderkey)"}]}]}, {"Node Type": "Bitmap Heap Scan", "Parent Relationship": "Inner", "Parallel Aware": false, "Relation Name": "part", "Alias": "part", "Startup Cost": 0.44, "Total Cost": 1.55, "Plan Rows": 1, "Plan Width": 4, "Recheck Cond": "(p_partkey = lineitem.l_partkey)", "Filter": "((p_type)::text = 'ECONOMY POLISHED STEEL'::text)", "Plans": [{"Node Type": "Bitmap Index Scan", "Parent Relationship": "Outer", "Parallel Aware": false, "Index Name": "part_pkey", "Startup Cost": 0.0, "Total Cost": 0.44, "Plan Rows": 1, "Plan Width": 0, "Index Cond": "(p_partkey = lineitem.l_partkey)"}]}]}, {"Node Type": "Bitmap Heap Scan", "Parent Relationship": "Inner", "Parallel Aware": false, "Relation Name": "supplier", "Alias": "supplier", "Startup Cost": 0.3, "Total Cost": 1.41, "Plan Rows": 1, "Plan Width": 8, "Recheck Cond": "(s_suppkey = lineitem.l_suppkey)", "Plans": [{"Node Type": "Bitmap Index Scan", "Parent Relationship": "Outer", "Parallel Aware": false, "Index Name": "supplier_pkey", "Startup Cost": 0.0, "Total Cost": 0.3, "Plan Rows": 1, "Plan Width": 0, "Index Cond": "(s_suppkey = lineitem.l_suppkey)"}]}]}, {"Node Type": "Bitmap Heap Scan", "Parent Relationship": "Inner", "Parallel Aware": false, "Relation Name": "nation", "Alias": "n2", "Startup Cost": 0.15, "Total Cost": 1.26, "Plan Rows": 1, "Plan Width": 30, "Recheck Cond": "(n_nationkey = supplier.s_nationkey)", "Plans": [{"Node Type": "Bitmap Index Scan", "Parent Relationship": "Outer", "Parallel Aware": false, "Index Name": "nation_pkey", "Startup Cost": 0.0, "Total Cost": 0.15, "Plan Rows": 1, "Plan Width": 0, "Index Cond": "(n_nationkey = supplier.s_nationkey)"}]}]}]}]}]}]}]}}, {"Plan": {"Node Type": "Limit", "Parallel Aware": false, "Startup Cost": 404868.25, "Total Cost": 404868.55, "Plan Rows": 1, "Plan Width": 40, "Plans": [{"Node Type": "Aggregate", "Strategy": "Sorted", "Partial Mode": "Finalize", "Parent Relationship": "Outer", "Parallel Aware": false, "Startup Cost": 404868.25, "Total Cost": 405582.9, "Plan Rows": 2406, "Plan Width": 40, "Group Key": ["(date_part('year'::text, (orders.o_orderdate)::timestamp without time zone))"], "Plans": [{"Node Type": "Gather Merge", "Parent Relationship": "Outer", "Parallel Aware": false, "Startup Cost": 404868.25, "Total Cost": 405498.69, "Plan Rows": 2406, "Plan Width": 72, "Workers Planned": 1, "Plans": [{"Node Type": "Aggregate", "Strategy": "Sorted", "Partial Mode": "Partial", "Parent Relationship": "Outer", "Parallel Aware": false, "Startup Cost": 403868.24, "Total Cost": 404228.01, "Plan Rows": 2406, "Plan Width": 72, "Group Key": ["(date_part('year'::text, (orders.o_orderdate)::timestamp without time zone))"], "Plans": [{"Node Type": "Sort", "Parent Relationship": "Outer", "Parallel Aware": false, "Startup Cost": 403868.24, "Total Cost": 403902.87, "Plan Rows": 13851, "Plan Width": 46, "Sort Key": ["(date_part('year'::text, (orders.o_orderdate)::timestamp without time zone))"], "Plans": [{"Node Type": "Hash Join", "Parent Relationship": "Outer", "Parallel Aware": false, "Join Type": "Inner", "Startup Cost": 399734.17, "Total Cost": 402915.45, "Plan Rows": 13851, "Plan Width": 46, "Inner Unique": true, "Hash Cond": "(supplier.s_nationkey = n2.n_nationkey)", "Plans": [{"Node Type": "Hash Join", "Parent Relationship": "Outer", "Parallel Aware": true, "Join Type": "Inner", "Startup Cost": 399732.61, "Total Cost": 402802.11, "Plan Rows": 13851, "Plan Width": 20, "Inner Unique": false, "Hash Cond": "(supplier.s_suppkey = lineitem.l_suppkey)", "Plans": [{"Node Type": "Seq Scan", "Parent Relationship": "Outer", "Parallel Aware": true, "Relation Name": "supplier", "Alias": "supplier", "Startup Cost": 0.0, "Total Cost": 2804.24, "Plan Rows": 58824, "Plan Width": 8}, {"Node Type": "Hash", "Parent Relationship": "Inner", "Parallel Aware": true, "Startup Cost": 399637.66, "Total Cost": 399637.66, "Plan Rows": 7596, "Plan Width": 20, "Plans": [{"Node Type": "Hash Join", "Parent Relationship": "Outer", "Parallel Aware": false, "Join Type": "Inner", "Startup Cost": 21180.45, "Total Cost": 399637.66, "Plan Rows": 7596, "Plan Width": 20, "Inner Unique": false, "Hash Cond": "(orders.o_custkey = customer.c_custkey)", "Plans": [{"Node Type": "Nested Loop", "Parent Relationship": "Outer", "Parallel Aware": false, "Join Type": "Inner", "Startup Cost": 2.31, "Total Cost": 378241.13, "Plan Rows": 37980, "Plan Width": 24, "Inner Unique": true, "Plans": [{"Node Type": "Nested Loop", "Parent Relationship": "Outer", "Parallel Aware": false, "Join Type": "Inner", "Startup Cost": 1.86, "Total Cost": 183307.61, "Plan Rows": 124877, "Plan Width": 20, "Inner Unique": false, "Plans": [{"Node Type": "Seq Scan", "Parent Relationship": "Outer", "Parallel Aware": true, "Relation Name": "part", "Alias": "part", "Startup Cost": 0.0, "Total Cost": 49026.52, "Plan Rows": 4164, "Plan Width": 4, "Filter": "((p_type)::text = 'ECONOMY POLISHED STEEL'::text)"}, {"Node Type": "Bitmap Heap Scan", "Parent Relationship": "Inner", "Parallel Aware": false, "Relation Name": "lineitem", "Alias": "lineitem", "Startup Cost": 1.86, "Total Cost": 31.94, "Plan Rows": 31, "Plan Width": 24, "Recheck Cond": "(l_partkey = part.p_partkey)", "Plans": [{"Node Type": "Bitmap Index Scan", "Parent Relationship": "Outer", "Parallel Aware": false, "Index Name": "idx_lineitem_part_supp", "Startup Cost": 0.0, "Total Cost": 1.86, "Plan Rows": 31, "Plan Width": 0, "Index Cond": "(l_partkey = part.p_partkey)"}]}]}, {"Node Type": "Bitmap Heap Scan", "Parent Relationship": "Inner", "Parallel Aware": false, "Relation Name": "orders", "Alias": "orders", "Startup Cost": 0.44, "Total Cost": 1.56, "Plan Rows": 1, "Plan Width": 12, "Recheck Cond": "(o_orderkey = lineitem.l_orderkey)", "Filter": "((o_orderdate >= '1995-01-01'::date) AND (o_orderdate <= '1996-12-31'::date))", "Plans": [{"Node Type": "Bitmap Index Scan", "Parent Relationship": "Outer", "Parallel Aware": false, "Index Name": "orders_pkey", "Startup Cost": 0.0, "Total Cost": 0.44, "Plan Rows": 1, "Plan Width": 0, "Index Cond": "(o_orderkey = lineitem.l_orderkey)"}]}]}, {"Node Type": "Hash", "Parent Relationship": "Inner", "Parallel Aware": false, "Startup Cost": 17428.14, "Total Cost": 17428.14, "Plan Rows": 300000, "Plan Width": 4, "Plans": [{"Node Type": "Nested Loop", "Parent Relationship": "Outer", "Parallel Aware": false, "Join Type": "Inner", "Startup Cost": 587.5, "Total Cost": 17428.14, "Plan Rows": 300000, "Plan Width": 4, "Inner Unique": false, "Plans": [{"Node Type": "Hash Join", "Parent Relationship": "Outer", "Parallel Aware": false, "Join Type": "Inner", "Startup Cost": 1.07, "Total Cost": 2.45, "Plan Rows": 5, "Plan Width": 4, "Inner Unique": true, "Hash Cond": "(n1.n_regionkey = region.r_regionkey)", "Plans": [{"Node Type": "Seq Scan", "Parent Relationship": "Outer", "Parallel Aware": false, "Relation Name": "nation", "Alias": "n1", "Startup Cost": 0.0, "Total Cost": 1.25, "Plan Rows": 25, "Plan Width": 8}, {"Node Type": "Hash", "Parent Relationship": "Inner", "Parallel Aware": false, "Startup Cost": 1.06, "Total Cost": 1.06, "Plan Rows": 1, "Plan Width": 4, "Plans": [{"Node Type": "Seq Scan", "Parent Relationship": "Outer", "Parallel Aware": false, "Relation Name": "region", "Alias": "region", "Startup Cost": 0.0, "Total Cost": 1.06, "Plan Rows": 1, "Plan Width": 4, "Filter": "(r_name = 'ASIA'::bpchar)"}]}]}, {"Node Type": "Bitmap Heap Scan", "Parent Relationship": "Inner", "Parallel Aware": false, "Relation Name": "customer", "Alias": "customer", "Startup Cost": 586.43, "Total Cost": 2885.14, "Plan Rows": 60000, "Plan Width": 8, "Recheck Cond": "(c_nationkey = n1.n_nationkey)", "Plans": [{"Node Type": "Bitmap Index Scan", "Parent Relationship": "Outer", "Parallel Aware": false, "Index Name": "idx_customer_nationkey", "Startup Cost": 0.0, "Total Cost": 571.43, "Plan Rows": 60000, "Plan Width": 0, "Index Cond": "(c_nationkey = n1.n_nationkey)"}]}]}]}]}]}]}, {"Node Type": "Hash", "Parent Relationship": "Inner", "Parallel Aware": false, "Startup Cost": 1.25, "Total Cost": 1.25, "Plan Rows": 25, "Plan Width": 30, "Plans": [{"Node Type": "Seq Scan", "Parent Relationship": "Outer", "Parallel Aware": false, "Relation Name": "nation", "Alias": "n2", "Startup Cost": 0.0, "Total Cost": 1.25, "Plan Rows": 25, "Plan Width": 30}]}]}]}]}]}]}]}}, {"Plan": {"Node Type": "Limit", "Parallel Aware": false, "Startup Cost": 1807137.24, "Total Cost": 1807137.54, "Plan Rows": 1, "Plan Width": 40, "Plans": [{"Node Type": "Aggregate", "Strategy": "Sorted", "Partial Mode": "Finalize", "Parent Relationship": "Outer", "Parallel Aware": false, "Startup Cost": 1807137.24, "Total Cost": 1807851.89, "Plan Rows": 2406, "Plan Width": 40, "Group Key": ["(date_part('year'::text, (orders.o_orderdate)::timestamp without time zone))"], "Plans": [{"Node Type": "Gather Merge", "Parent Relationship": "Outer", "Parallel Aware": false, "Startup Cost": 1807137.24, "Total Cost": 1807767.68, "Plan Rows": 2406, "Plan Width": 72, "Workers Planned": 1, "Plans": [{"Node Type": "Aggregate", "Strategy": "Sorted", "Partial Mode": "Partial", "Parent Relationship": "Outer", "Parallel Aware": false, "Startup Cost": 1806137.23, "Total Cost": 1806497.0, "Plan Rows": 2406, "Plan Width": 72, "Group Key": ["(date_part('year'::text, (orders.o_orderdate)::timestamp without time zone))"], "Plans": [{"Node Type": "Sort", "Parent Relationship": "Outer", "Parallel Aware": false, "Startup Cost": 1806137.23, "Total Cost": 1806171.86, "Plan Rows": 13851, "Plan Width": 46, "Sort Key": ["(date_part('year'::text, (orders.o_orderdate)::timestamp without time zone))"], "Plans": [{"Node Type": "Hash Join", "Parent Relationship": "Outer", "Parallel Aware": false, "Join Type": "Inner", "Startup Cost": 1802003.16, "Total Cost": 1805184.44, "Plan Rows": 13851, "Plan Width": 46, "Inner Unique": true, "Hash Cond": "(supplier.s_nationkey = n2.n_nationkey)", "Plans": [{"Node Type": "Hash Join", "Parent Relationship": "Outer", "Parallel Aware": true, "Join Type": "Inner", "Startup Cost": 1802001.6, "Total Cost": 1805071.1, "Plan Rows": 13851, "Plan Width": 20, "Inner Unique": false, "Hash Cond": "(supplier.s_suppkey = lineitem.l_suppkey)", "Plans": [{"Node Type": "Seq Scan", "Parent Relationship": "Outer", "Parallel Aware": true, "Relation Name": "supplier", "Alias": "supplier", "Startup Cost": 0.0, "Total Cost": 2804.24, "Plan Rows": 58824, "Plan Width": 8}, {"Node Type": "Hash", "Parent Relationship": "Inner", "Parallel Aware": true, "Startup Cost": 1801906.65, "Total Cost": 1801906.65, "Plan Rows": 7596, "Plan Width": 20, "Plans": [{"Node Type": "Hash Join", "Parent Relationship": "Outer", "Parallel Aware": false, "Join Type": "Inner", "Startup Cost": 1759085.52, "Total Cost": 1801906.65, "Plan Rows": 7596, "Plan Width": 20, "Inner Unique": false, "Hash Cond": "(customer.c_nationkey = n1.n_nationkey)", "Plans": [{"Node Type": "Hash Join", "Parent Relationship": "Outer", "Parallel Aware": true, "Join Type": "Inner", "Startup Cost": 1759083.01, "Total Cost": 1801685.75, "Plan Rows": 37980, "Plan Width": 24, "Inner Unique": false, "Hash Cond": "(customer.c_custkey = orders.o_custkey)", "Plans": [{"Node Type": "Seq Scan", "Parent Relationship": "Outer", "Parallel Aware": true, "Relation Name": "customer", "Alias": "customer", "Startup Cost": 0.0, "Total Cost": 40665.71, "Plan Rows": 483871, "Plan Width": 8}, {"Node Type": "Hash", "Parent Relationship": "Inner", "Parallel Aware": true, "Startup Cost": 1758608.26, "Total Cost": 1758608.26, "Plan Rows": 37980, "Plan Width": 24, "Plans": [{"Node Type": "Hash Join", "Parent Relationship": "Outer", "Parallel Aware": true, "Join Type": "Inner", "Startup Cost": 1419478.55, "Total Cost": 1758608.26, "Plan Rows": 37980, "Plan Width": 24, "Inner Unique": false, "Hash Cond": "(orders.o_orderkey = lineitem.l_orderkey)", "Plans": [{"Node Type": "Seq Scan", "Parent Relationship": "Outer", "Parallel Aware": true, "Relation Name": "orders", "Alias": "orders", "Startup Cost": 0.0, "Total Cost": 333488.86, "Plan Rows": 1471555, "Plan Width": 12, "Filter": "((o_orderdate >= '1995-01-01'::date) AND (o_orderdate <= '1996-12-31'::date))"}, {"Node Type": "Hash", "Parent Relationship": "Inner", "Parallel Aware": true, "Startup Cost": 1417917.59, "Total Cost": 1417917.59, "Plan Rows": 124877, "Plan Width": 20, "Plans": [{"Node Type": "Hash Join", "Parent Relationship": "Outer", "Parallel Aware": true, "Join Type": "Inner", "Startup Cost": 49078.57, "Total Cost": 1417917.59, "Plan Rows": 124877, "Plan Width": 20, "Inner Unique": true, "Hash Cond": "(lineitem.l_partkey = part.p_partkey)", "Plans": [{"Node Type": "Seq Scan", "Parent Relationship": "Outer", "Parallel Aware": true, "Relation Name": "lineitem", "Alias": "lineitem", "Startup Cost": 0.0, "Total Cost": 1318044.5, "Plan Rows": 19350250, "Plan Width": 24}, {"Node Type": "Hash", "Parent Relationship": "Inner", "Parallel Aware": true, "Startup Cost": 49026.52, "Total Cost": 49026.52, "Plan Rows": 4164, "Plan Width": 4, "Plans": [{"Node Type": "Seq Scan", "Parent Relationship": "Outer", "Parallel Aware": true, "Relation Name": "part", "Alias": "part", "Startup Cost": 0.0, "Total Cost": 49026.52, "Plan Rows": 4164, "Plan Width": 4, "Filter": "((p_type)::text = 'ECONOMY POLISHED STEEL'::text)"}]}]}]}]}]}]}, {"Node Type": "Hash", "Parent Relationship": "Inner", "Parallel Aware": false, "Startup Cost": 2.45, "Total Cost": 2.45, "Plan Rows": 5, "Plan Width": 4, "Plans": [{"Node Type": "Hash Join", "Parent Relationship": "Outer", "Parallel Aware": false, "Join Type": "Inner", "Startup Cost": 1.07, "Total Cost": 2.45, "Plan Rows": 5, "Plan Width": 4, "Inner Unique": true, "Hash Cond": "(n1.n_regionkey = region.r_regionkey)", "Plans": [{"Node Type": "Seq Scan", "Parent Relationship": "Outer", "Parallel Aware": false, "Relation Name": "nation", "Alias": "n1", "Startup Cost": 0.0, "Total Cost": 1.25, "Plan Rows": 25, "Plan Width": 8}, {"Node Type": "Hash", "Parent Relationship": "Inner", "Parallel Aware": false, "Startup Cost": 1.06, "Total Cost": 1.06, "Plan Rows": 1, "Plan Width": 4, "Plans": [{"Node Type": "Seq Scan", "Parent Relationship": "Outer", "Parallel Aware": false, "Relation Name": "region", "Alias": "region", "Startup Cost": 0.0, "Total Cost": 1.06, "Plan Rows": 1, "Plan Width": 4, "Filter": "(r_name = 'ASIA'::bpchar)"}]}]}]}]}]}]}, {"Node Type": "Hash", "Parent Relationship": "Inner", "Parallel Aware": false, "Startup Cost": 1.25, "Total Cost": 1.25, "Plan Rows": 25, "Plan Width": 30, "Plans": [{"Node Type": "Seq Scan", "Parent Relationship": "Outer", "Parallel Aware": false, "Relation Name": "nation", "Alias": "n2", "Startup Cost": 0.0, "Total Cost": 1.25, "Plan Rows": 25, "Plan Width": 30}]}]}]}]}]}]}]}}, {"Plan": {"Node Type": "Limit", "Parallel Aware": false, "Startup Cost": 2327096.41, "Total Cost": 2327096.71, "Plan Rows": 1, "Plan Width": 40, "Plans": [{"Node Type": "Aggregate", "Strategy": "Sorted", "Partial Mode": "Finalize", "Parent Relationship": "Outer", "Parallel Aware": false, "Startup Cost": 2327096.41, "Total Cost": 2327811.06, "Plan Rows": 2406, "Plan Width": 40, "Group Key": ["(date_part('year'::text, (orders.o_orderdate)::timestamp without time zone))"], "Plans": [{"Node Type": "Gather Merge", "Parent Relationship": "Outer", "Parallel Aware": false, "Startup Cost": 2327096.41, "Total Cost": 2327726.85, "Plan Rows": 2406, "Plan Width": 72, "Workers Planned": 1, "Plans": [{"Node Type": "Aggregate", "Strategy": "Sorted", "Partial Mode": "Partial", "Parent Relationship": "Outer", "Parallel Aware": false, "Startup Cost": 2326096.4, "Total Cost": 2326456.17, "Plan Rows": 2406, "Plan Width": 72, "Group Key": ["(date_part('year'::text, (orders.o_orderdate)::timestamp without time zone))"], "Plans": [{"Node Type": "Sort", "Parent Relationship": "Outer", "Parallel Aware": false, "Startup Cost": 2326096.4, "Total Cost": 2326131.03, "Plan Rows": 13851, "Plan Width": 46, "Sort Key": ["(date_part('year'::text, (orders.o_orderdate)::timestamp without time zone))"], "Plans": [{"Node Type": "Hash Join", "Parent Relationship": "Outer", "Parallel Aware": false, "Join Type": "Inner", "Startup Cost": 2321158.52, "Total Cost": 2325143.61, "Plan Rows": 13851, "Plan Width": 46, "Inner Unique": true, "Hash Cond": "(supplier.s_nationkey = n2.n_nationkey)", "Plans": [{"Node Type": "Hash Join", "Parent Relationship": "Outer", "Parallel Aware": true, "Join Type": "Inner", "Startup Cost": 2321154.4, "Total Cost": 2325027.71, "Plan Rows": 13851, "Plan Width": 20, "Inner Unique": false, "Hash Cond": "(supplier.s_suppkey = lineitem.l_suppkey)", "Plans": [{"Node Type": "Index Scan", "Parent Relationship": "Outer", "Parallel Aware": true, "Scan Direction": "Forward", "Index Name": "supplier_pkey", "Relation Name": "supplier", "Alias": "supplier", "Startup Cost": 0.29, "Total Cost": 3608.33, "Plan Rows": 58824, "Plan Width": 8}, {"Node Type": "Hash", "Parent Relationship": "Inner", "Parallel Aware": true, "Startup Cost": 2321059.15, "Total Cost": 2321059.15, "Plan Rows": 7596, "Plan Width": 20, "Plans": [{"Node Type": "Hash Join", "Parent Relationship": "Outer", "Parallel Aware": false, "Join Type": "Inner", "Startup Cost": 2266210.32, "Total Cost": 2321059.15, "Plan Rows": 7596, "Plan Width": 20, "Inner Unique": false, "Hash Cond": "(customer.c_nationkey = n1.n_nationkey)", "Plans": [{"Node Type": "Hash Join", "Parent Relationship": "Outer", "Parallel Aware": true, "Join Type": "Inner", "Startup Cost": 2266202.79, "Total Cost": 2320833.24, "Plan Rows": 37980, "Plan Width": 24, "Inner Unique": false, "Hash Cond": "(customer.c_custkey = orders.o_custkey)", "Plans": [{"Node Type": "Index Scan", "Parent Relationship": "Outer", "Parallel Aware": true, "Scan Direction": "Forward", "Index Name": "customer_pkey", "Relation Name": "customer", "Alias": "customer", "Startup Cost": 0.43, "Total Cost": 52693.84, "Plan Rows": 483871, "Plan Width": 8}, {"Node Type": "Hash", "Parent Relationship": "Inner", "Parallel Aware": true, "Startup Cost": 2265727.62, "Total Cost": 2265727.62, "Plan Rows": 37980, "Plan Width": 24, "Plans": [{"Node Type": "Hash Join", "Parent Relationship": "Outer", "Parallel Aware": true, "Join Type": "Inner", "Startup Cost": 1977101.43, "Total Cost": 2265727.62, "Plan Rows": 37980, "Plan Width": 24, "Inner Unique": false, "Hash Cond": "(orders.o_orderkey = lineitem.l_orderkey)", "Plans": [{"Node Type": "Bitmap Heap Scan", "Parent Relationship": "Outer", "Parallel Aware": true, "Relation Name": "orders", "Alias": "orders", "Startup Cost": 60538.81, "Total Cost": 343524.14, "Plan Rows": 1471555, "Plan Width": 12, "Recheck Cond": "((o_orderdate >= '1995-01-01'::date) AND (o_orderdate <= '1996-12-31'::date))", "Plans": [{"Node Type": "Bitmap Index Scan", "Parent Relationship": "Outer", "Parallel Aware": false, "Index Name": "idx_orders_orderdate", "Startup Cost": 0.0, "Total Cost": 59398.35, "Plan Rows": 4561822, "Plan Width": 0, "Index Cond": "((o_orderdate >= '1995-01-01'::date) AND (o_orderdate <= '1996-12-31'::date))"}]}, {"Node Type": "Hash", "Parent Relationship": "Inner", "Parallel Aware": true, "Startup Cost": 1915001.66, "Total Cost": 1915001.66, "Plan Rows": 124877, "Plan Width": 20, "Plans": [{"Node Type": "Hash Join", "Parent Relationship": "Outer", "Parallel Aware": true, "Join Type": "Inner", "Startup Cost": 65115.36, "Total Cost": 1915001.66, "Plan Rows": 124877, "Plan Width": 20, "Inner Unique": true, "Hash Cond": "(lineitem.l_partkey = part.p_partkey)", "Plans": [{"Node Type": "Index Scan", "Parent Relationship": "Outer", "Parallel Aware": true, "Scan Direction": "Forward", "Index Name": "idx_lineitem_orderkey", "Relation Name": "lineitem", "Alias": "lineitem", "Startup Cost": 0.56, "Total Cost": 1799092.35, "Plan Rows": 19350250, "Plan Width": 24}, {"Node Type": "Hash", "Parent Relationship": "Inner", "Parallel Aware": true, "Startup Cost": 65062.74, "Total Cost": 65062.74, "Plan Rows": 4164, "Plan Width": 4, "Plans": [{"Node Type": "Index Scan", "Parent Relationship": "Outer", "Parallel Aware": true, "Scan Direction": "Forward", "Index Name": "part_pkey", "Relation Name": "part", "Alias": "part", "Startup Cost": 0.43, "Total Cost": 65062.74, "Plan Rows": 4164, "Plan Width": 4, "Filter": "((p_type)::text = 'ECONOMY POLISHED STEEL'::text)"}]}]}]}]}]}]}, {"Node Type": "Hash", "Parent Relationship": "Inner", "Parallel Aware": false, "Startup Cost": 7.47, "Total Cost": 7.47, "Plan Rows": 5, "Plan Width": 4, "Plans": [{"Node Type": "Hash Join", "Parent Relationship": "Outer", "Parallel Aware": false, "Join Type": "Inner", "Startup Cost": 3.67, "Total Cost": 7.47, "Plan Rows": 5, "Plan Width": 4, "Inner Unique": true, "Hash Cond": "(n1.n_regionkey = region.r_regionkey)", "Plans": [{"Node Type": "Index Scan", "Parent Relationship": "Outer", "Parallel Aware": false, "Scan Direction": "Forward", "Index Name": "idx_nation_regionkey", "Relation Name": "nation", "Alias": "n1", "Startup Cost": 0.14, "Total Cost": 3.81, "Plan Rows": 25, "Plan Width": 8}, {"Node Type": "Hash", "Parent Relationship": "Inner", "Parallel Aware": false, "Startup Cost": 3.52, "Total Cost": 3.52, "Plan Rows": 1, "Plan Width": 4, "Plans": [{"Node Type": "Index Scan", "Parent Relationship": "Outer", "Parallel Aware": false, "Scan Direction": "Forward", "Index Name": "region_pkey", "Relation Name": "region", "Alias": "region", "Startup Cost": 0.13, "Total Cost": 3.52, "Plan Rows": 1, "Plan Width": 4, "Filter": "(r_name = 'ASIA'::bpchar)"}]}]}]}]}]}]}, {"Node Type": "Hash", "Parent Relationship": "Inner", "Parallel Aware": false, "Startup Cost": 3.81, "Total Cost": 3.81, "Plan Rows": 25, "Plan Width": 30, "Plans": [{"Node Type": "Index Scan", "Parent Relationship": "Outer", "Parallel Aware": false, "Scan Direction": "Forward", "Index Name": "nation_pkey", "Relation Name": "nation", "Alias": "n2", "Startup Cost": 0.14, "Total Cost": 3.81, "Plan Rows": 25, "Plan Width": 30}]}]}]}]}]}]}]}}, {"Plan": {"Node Type": "Limit", "Parallel Aware": false, "Startup Cost": 2327096.39, "Total Cost": 2327096.69, "Plan Rows": 1, "Plan Width": 40, "Plans": [{"Node Type": "Aggregate", "Strategy": "Sorted", "Partial Mode": "Finalize", "Parent Relationship": "Outer", "Parallel Aware": false, "Startup Cost": 2327096.39, "Total Cost": 2327811.04, "Plan Rows": 2406, "Plan Width": 40, "Group Key": ["(date_part('year'::text, (orders.o_orderdate)::timestamp without time zone))"], "Plans": [{"Node Type": "Gather Merge", "Parent Relationship": "Outer", "Parallel Aware": false, "Startup Cost": 2327096.39, "Total Cost": 2327726.83, "Plan Rows": 2406, "Plan Width": 72, "Workers Planned": 1, "Plans": [{"Node Type": "Aggregate", "Strategy": "Sorted", "Partial Mode": "Partial", "Parent Relationship": "Outer", "Parallel Aware": false, "Startup Cost": 2326096.38, "Total Cost": 2326456.15, "Plan Rows": 2406, "Plan Width": 72, "Group Key": ["(date_part('year'::text, (orders.o_orderdate)::timestamp without time zone))"], "Plans": [{"Node Type": "Sort", "Parent Relationship": "Outer", "Parallel Aware": false, "Startup Cost": 2326096.38, "Total Cost": 2326131.01, "Plan Rows": 13851, "Plan Width": 46, "Sort Key": ["(date_part('year'::text, (orders.o_orderdate)::timestamp without time zone))"], "Plans": [{"Node Type": "Hash Join", "Parent Relationship": "Outer", "Parallel Aware": false, "Join Type": "Inner", "Startup Cost": 2321158.5, "Total Cost": 2325143.59, "Plan Rows": 13851, "Plan Width": 46, "Inner Unique": true, "Hash Cond": "(supplier.s_nationkey = n2.n_nationkey)", "Plans": [{"Node Type": "Hash Join", "Parent Relationship": "Outer", "Parallel Aware": true, "Join Type": "Inner", "Startup Cost": 2321154.38, "Total Cost": 2325027.69, "Plan Rows": 13851, "Plan Width": 20, "Inner Unique": false, "Hash Cond": "(supplier.s_suppkey = lineitem.l_suppkey)", "Plans": [{"Node Type": "Index Scan", "Parent Relationship": "Outer", "Parallel Aware": true, "Scan Direction": "Forward", "Index Name": "supplier_pkey", "Relation Name": "supplier", "Alias": "supplier", "Startup Cost": 0.29, "Total Cost": 3608.33, "Plan Rows": 58824, "Plan Width": 8}, {"Node Type": "Hash", "Parent Relationship": "Inner", "Parallel Aware": true, "Startup Cost": 2321059.13, "Total Cost": 2321059.13, "Plan Rows": 7596, "Plan Width": 20, "Plans": [{"Node Type": "Hash Join", "Parent Relationship": "Outer", "Parallel Aware": false, "Join Type": "Inner", "Startup Cost": 2266210.3, "Total Cost": 2321059.13, "Plan Rows": 7596, "Plan Width": 20, "Inner Unique": false, "Hash Cond": "(customer.c_nationkey = n1.n_nationkey)", "Plans": [{"Node Type": "Hash Join", "Parent Relationship": "Outer", "Parallel Aware": true, "Join Type": "Inner", "Startup Cost": 2266202.79, "Total Cost": 2320833.24, "Plan Rows": 37980, "Plan Width": 24, "Inner Unique": false, "Hash Cond": "(customer.c_custkey = orders.o_custkey)", "Plans": [{"Node Type": "Index Scan", "Parent Relationship": "Outer", "Parallel Aware": true, "Scan Direction": "Forward", "Index Name": "customer_pkey", "Relation Name": "customer", "Alias": "customer", "Startup Cost": 0.43, "Total Cost": 52693.84, "Plan Rows": 483871, "Plan Width": 8}, {"Node Type": "Hash", "Parent Relationship": "Inner", "Parallel Aware": true, "Startup Cost": 2265727.62, "Total Cost": 2265727.62, "Plan Rows": 37980, "Plan Width": 24, "Plans": [{"Node Type": "Hash Join", "Parent Relationship": "Outer", "Parallel Aware": true, "Join Type": "Inner", "Startup Cost": 1977101.43, "Total Cost": 2265727.62, "Plan Rows": 37980, "Plan Width": 24, "Inner Unique": false, "Hash Cond": "(orders.o_orderkey = lineitem.l_orderkey)", "Plans": [{"Node Type": "Bitmap Heap Scan", "Parent Relationship": "Outer", "Parallel Aware": true, "Relation Name": "orders", "Alias": "orders", "Startup Cost": 60538.81, "Total Cost": 343524.14, "Plan Rows": 1471555, "Plan Width": 12, "Recheck Cond": "((o_orderdate >= '1995-01-01'::date) AND (o_orderdate <= '1996-12-31'::date))", "Plans": [{"Node Type": "Bitmap Index Scan", "Parent Relationship": "Outer", "Parallel Aware": false, "Index Name": "idx_orders_orderdate", "Startup Cost": 0.0, "Total Cost": 59398.35, "Plan Rows": 4561822, "Plan Width": 0, "Index Cond": "((o_orderdate >= '1995-01-01'::date) AND (o_orderdate <= '1996-12-31'::date))"}]}, {"Node Type": "Hash", "Parent Relationship": "Inner", "Parallel Aware": true, "Startup Cost": 1915001.66, "Total Cost": 1915001.66, "Plan Rows": 124877, "Plan Width": 20, "Plans": [{"Node Type": "Hash Join", "Parent Relationship": "Outer", "Parallel Aware": true, "Join Type": "Inner", "Startup Cost": 65115.36, "Total Cost": 1915001.66, "Plan Rows": 124877, "Plan Width": 20, "Inner Unique": true, "Hash Cond": "(lineitem.l_partkey = part.p_partkey)", "Plans": [{"Node Type": "Index Scan", "Parent Relationship": "Outer", "Parallel Aware": true, "Scan Direction": "Forward", "Index Name": "idx_lineitem_orderkey", "Relation Name": "lineitem", "Alias": "lineitem", "Startup Cost": 0.56, "Total Cost": 1799092.35, "Plan Rows": 19350250, "Plan Width": 24}, {"Node Type": "Hash", "Parent Relationship": "Inner", "Parallel Aware": true, "Startup Cost": 65062.74, "Total Cost": 65062.74, "Plan Rows": 4164, "Plan Width": 4, "Plans": [{"Node Type": "Index Scan", "Parent Relationship": "Outer", "Parallel Aware": true, "Scan Direction": "Forward", "Index Name": "part_pkey", "Relation Name": "part", "Alias": "part", "Startup Cost": 0.43, "Total Cost": 65062.74, "Plan Rows": 4164, "Plan Width": 4, "Filter": "((p_type)::text = 'ECONOMY POLISHED STEEL'::text)"}]}]}]}]}]}]}, {"Node Type": "Hash", "Parent Relationship": "Inner", "Parallel Aware": false, "Startup Cost": 7.45, "Total Cost": 7.45, "Plan Rows": 5, "Plan Width": 4, "Plans": [{"Node Type": "Merge Join", "Parent Relationship": "Outer", "Parallel Aware": false, "Join Type": "Inner", "Startup Cost": 0.27, "Total Cost": 7.45, "Plan Rows": 5, "Plan Width": 4, "Inner Unique": true, "Merge Cond": "(n1.n_regionkey = region.r_regionkey)", "Plans": [{"Node Type": "Index Scan", "Parent Relationship": "Outer", "Parallel Aware": false, "Scan Direction": "Forward", "Index Name": "idx_nation_regionkey", "Relation Name": "nation", "Alias": "n1", "Startup Cost": 0.14, "Total Cost": 3.81, "Plan Rows": 25, "Plan Width": 8}, {"Node Type": "Index Scan", "Parent Relationship": "Inner", "Parallel Aware": false, "Scan Direction": "Forward", "Index Name": "region_pkey", "Relation Name": "region", "Alias": "region", "Startup Cost": 0.13, "Total Cost": 3.52, "Plan Rows": 1, "Plan Width": 4, "Filter": "(r_name = 'ASIA'::bpchar)"}]}]}]}]}]}, {"Node Type": "Hash", "Parent Relationship": "Inner", "Parallel Aware": false, "Startup Cost": 3.81, "Total Cost": 3.81, "Plan Rows": 25, "Plan Width": 30, "Plans": [{"Node Type": "Index Scan", "Parent Relationship": "Outer", "Parallel Aware": false, "Scan Direction": "Forward", "Index Name": "nation_pkey", "Relation Name": "nation", "Alias": "n2", "Startup Cost": 0.14, "Total Cost": 3.81, "Plan Rows": 25, "Plan Width": 30}]}]}]}]}]}]}]}}, {"Plan": {"Node Type": "Limit", "Parallel Aware": false, "Startup Cost": 275144.28, "Total Cost": 275144.78, "Plan Rows": 1, "Plan Width": 40, "Plans": [{"Node Type": "Aggregate", "Strategy": "Sorted", "Partial Mode": "Finalize", "Parent Relationship": "Outer", "Parallel Aware": false, "Startup Cost": 275144.28, "Total Cost": 276355.79, "Plan Rows": 2406, "Plan Width": 40, "Group Key": ["(date_part('year'::text, (orders.o_orderdate)::timestamp without time zone))"], "Plans": [{"Node Type": "Gather Merge", "Parent Relationship": "Outer", "Parallel Aware": false, "Startup Cost": 275144.28, "Total Cost": 276211.43, "Plan Rows": 7218, "Plan Width": 72, "Workers Planned": 3, "Plans": [{"Node Type": "Aggregate", "Strategy": "Sorted", "Partial Mode": "Partial", "Parent Relationship": "Outer", "Parallel Aware": false, "Startup Cost": 274144.24, "Total Cost": 274363.27, "Plan Rows": 2406, "Plan Width": 72, "Group Key": ["(date_part('year'::text, (orders.o_orderdate)::timestamp without time zone))"], "Plans": [{"Node Type": "Sort", "Parent Relationship": "Outer", "Parallel Aware": false, "Startup Cost": 274144.24, "Total Cost": 274163.23, "Plan Rows": 7596, "Plan Width": 46, "Sort Key": ["(date_part('year'::text, (orders.o_orderdate)::timestamp without time zone))"], "Plans": [{"Node Type": "Hash Join", "Parent Relationship": "Outer", "Parallel Aware": false, "Join Type": "Inner", "Startup Cost": 12.33, "Total Cost": 273654.64, "Plan Rows": 7596, "Plan Width": 46, "Inner Unique": true, "Hash Cond": "(supplier.s_nationkey = n2.n_nationkey)", "Plans": [{"Node Type": "Nested Loop", "Parent Relationship": "Outer", "Parallel Aware": false, "Join Type": "Inner", "Startup Cost": 8.21, "Total Cost": 273589.21, "Plan Rows": 7596, "Plan Width": 20, "Inner Unique": true, "Plans": [{"Node Type": "Hash Join", "Parent Relationship": "Outer", "Parallel Aware": false, "Join Type": "Inner", "Startup Cost": 7.91, "Total Cost": 271234.11, "Plan Rows": 7596, "Plan Width": 20, "Inner Unique": false, "Hash Cond": "(customer.c_nationkey = n1.n_nationkey)", "Plans": [{"Node Type": "Nested Loop", "Parent Relationship": "Outer", "Parallel Aware": false, "Join Type": "Inner", "Startup Cost": 1.85, "Total Cost": 271009.66, "Plan Rows": 37980, "Plan Width": 24, "Inner Unique": true, "Plans": [{"Node Type": "Nested Loop", "Parent Relationship": "Outer", "Parallel Aware": false, "Join Type": "Inner", "Startup Cost": 1.43, "Total Cost": 253742.76, "Plan Rows": 37980, "Plan Width": 24, "Inner Unique": true, "Plans": [{"Node Type": "Nested Loop", "Parent Relationship": "Outer", "Parallel Aware": false, "Join Type": "Inner", "Startup Cost": 0.99, "Total Cost": 195919.87, "Plan Rows": 124877, "Plan Width": 20, "Inner Unique": false, "Plans": [{"Node Type": "Index Scan", "Parent Relationship": "Outer", "Parallel Aware": true, "Scan Direction": "Forward", "Index Name": "part_pkey", "Relation Name": "part", "Alias": "part", "Startup Cost": 0.43, "Total Cost": 65062.74, "Plan Rows": 4164, "Plan Width": 4, "Filter": "((p_type)::text = 'ECONOMY POLISHED STEEL'::text)"}, {"Node Type": "Index Scan", "Parent Relationship": "Inner", "Parallel Aware": false, "Scan Direction": "Forward", "Index Name": "idx_lineitem_part_supp", "Relation Name": "lineitem", "Alias": "lineitem", "Startup Cost": 0.56, "Total Cost": 31.12, "Plan Rows": 31, "Plan Width": 24, "Index Cond": "(l_partkey = part.p_partkey)"}]}, {"Node Type": "Index Scan", "Parent Relationship": "Inner", "Parallel Aware": false, "Scan Direction": "Forward", "Index Name": "orders_pkey", "Relation Name": "orders", "Alias": "orders", "Startup Cost": 0.43, "Total Cost": 0.46, "Plan Rows": 1, "Plan Width": 12, "Index Cond": "(o_orderkey = lineitem.l_orderkey)", "Filter": "((o_orderdate >= '1995-01-01'::date) AND (o_orderdate <= '1996-12-31'::date))"}]}, {"Node Type": "Index Scan", "Parent Relationship": "Inner", "Parallel Aware": false, "Scan Direction": "Forward", "Index Name": "customer_pkey", "Relation Name": "customer", "Alias": "customer", "Startup Cost": 0.43, "Total Cost": 0.45, "Plan Rows": 1, "Plan Width": 8, "Index Cond": "(c_custkey = orders.o_custkey)"}]}, {"Node Type": "Hash", "Parent Relationship": "Inner", "Parallel Aware": false, "Startup Cost": 6.0, "Total Cost": 6.0, "Plan Rows": 5, "Plan Width": 4, "Plans": [{"Node Type": "Nested Loop", "Parent Relationship": "Outer", "Parallel Aware": false, "Join Type": "Inner", "Startup Cost": 0.27, "Total Cost": 6.0, "Plan Rows": 5, "Plan Width": 4, "Inner Unique": false, "Plans": [{"Node Type": "Index Scan", "Parent Relationship": "Outer", "Parallel Aware": false, "Scan Direction": "Forward", "Index Name": "region_pkey", "Relation Name": "region", "Alias": "region", "Startup Cost": 0.13, "Total Cost": 3.52, "Plan Rows": 1, "Plan Width": 4, "Filter": "(r_name = 'ASIA'::bpchar)"}, {"Node Type": "Index Scan", "Parent Relationship": "Inner", "Parallel Aware": false, "Scan Direction": "Forward", "Index Name": "idx_nation_regionkey", "Relation Name": "nation", "Alias": "n1", "Startup Cost": 0.14, "Total Cost": 2.43, "Plan Rows": 5, "Plan Width": 8, "Index Cond": "(n_regionkey = region.r_regionkey)"}]}]}]}, {"Node Type": "Index Scan", "Parent Relationship": "Inner", "Parallel Aware": false, "Scan Direction": "Forward", "Index Name": "supplier_pkey", "Relation Name": "supplier", "Alias": "supplier", "Startup Cost": 0.29, "Total Cost": 0.31, "Plan Rows": 1, "Plan Width": 8, "Index Cond": "(s_suppkey = lineitem.l_suppkey)"}]}, {"Node Type": "Hash", "Parent Relationship": "Inner", "Parallel Aware": false, "Startup Cost": 3.81, "Total Cost": 3.81, "Plan Rows": 25, "Plan Width": 30, "Plans": [{"Node Type": "Index Scan", "Parent Relationship": "Outer", "Parallel Aware": false, "Scan Direction": "Forward", "Index Name": "nation_pkey", "Relation Name": "nation", "Alias": "n2", "Startup Cost": 0.14, "Total Cost": 3.81, "Plan Rows": 25, "Plan Width": 30}]}]}]}]}]}]}]}}, {"Plan": {"Node Type": "Limit", "Parallel Aware": false, "Startup Cost": 259101.94, "Total Cost": 259102.45, "Plan Rows": 1, "Plan Width": 40, "Plans": [{"Node Type": "Aggregate", "Strategy": "Sorted", "Partial Mode": "Finalize", "Parent Relationship": "Outer", "Parallel Aware": false, "Startup Cost": 259101.94, "Total Cost": 260313.45, "Plan Rows": 2406, "Plan Width": 40, "Group Key": ["(date_part('year'::text, (orders.o_orderdate)::timestamp without time zone))"], "Plans": [{"Node Type": "Gather Merge", "Parent Relationship": "Outer", "Parallel Aware": false, "Startup Cost": 259101.94, "Total Cost": 260169.09, "Plan Rows": 7218, "Plan Width": 72, "Workers Planned": 3, "Plans": [{"Node Type": "Aggregate", "Strategy": "Sorted", "Partial Mode": "Partial", "Parent Relationship": "Outer", "Parallel Aware": false, "Startup Cost": 258101.9, "Total Cost": 258320.93, "Plan Rows": 2406, "Plan Width": 72, "Group Key": ["(date_part('year'::text, (orders.o_orderdate)::timestamp without time zone))"], "Plans": [{"Node Type": "Sort", "Parent Relationship": "Outer", "Parallel Aware": false, "Startup Cost": 258101.9, "Total Cost": 258120.89, "Plan Rows": 7596, "Plan Width": 46, "Sort Key": ["(date_part('year'::text, (orders.o_orderdate)::timestamp without time zone))"], "Plans": [{"Node Type": "Hash Join", "Parent Relationship": "Outer", "Parallel Aware": false, "Join Type": "Inner", "Startup Cost": 5.79, "Total Cost": 257612.3, "Plan Rows": 7596, "Plan Width": 46, "Inner Unique": true, "Hash Cond": "(supplier.s_nationkey = n2.n_nationkey)", "Plans": [{"Node Type": "Nested Loop", "Parent Relationship": "Outer", "Parallel Aware": false, "Join Type": "Inner", "Startup Cost": 4.23, "Total Cost": 257549.44, "Plan Rows": 7596, "Plan Width": 20, "Inner Unique": true, "Plans": [{"Node Type": "Hash Join", "Parent Relationship": "Outer", "Parallel Aware": false, "Join Type": "Inner", "Startup Cost": 3.94, "Total Cost": 255194.33, "Plan Rows": 7596, "Plan Width": 20, "Inner Unique": false, "Hash Cond": "(customer.c_nationkey = n1.n_nationkey)", "Plans": [{"Node Type": "Nested Loop", "Parent Relationship": "Outer", "Parallel Aware": false, "Join Type": "Inner", "Startup Cost": 1.43, "Total Cost": 254973.44, "Plan Rows": 37980, "Plan Width": 24, "Inner Unique": true, "Plans": [{"Node Type": "Nested Loop", "Parent Relationship": "Outer", "Parallel Aware": false, "Join Type": "Inner", "Startup Cost": 1.0, "Total Cost": 237706.53, "Plan Rows": 37980, "Plan Width": 24, "Inner Unique": true, "Plans": [{"Node Type": "Nested Loop", "Parent Relationship": "Outer", "Parallel Aware": false, "Join Type": "Inner", "Startup Cost": 0.56, "Total Cost": 179883.64, "Plan Rows": 124877, "Plan Width": 20, "Inner Unique": false, "Plans": [{"Node Type": "Seq Scan", "Parent Relationship": "Outer", "Parallel Aware": true, "Relation Name": "part", "Alias": "part", "Startup Cost": 0.0, "Total Cost": 49026.52, "Plan Rows": 4164, "Plan Width": 4, "Filter": "((p_type)::text = 'ECONOMY POLISHED STEEL'::text)"}, {"Node Type": "Index Scan", "Parent Relationship": "Inner", "Parallel Aware": false, "Scan Direction": "Forward", "Index Name": "idx_lineitem_part_supp", "Relation Name": "lineitem", "Alias": "lineitem", "Startup Cost": 0.56, "Total Cost": 31.12, "Plan Rows": 31, "Plan Width": 24, "Index Cond": "(l_partkey = part.p_partkey)"}]}, {"Node Type": "Index Scan", "Parent Relationship": "Inner", "Parallel Aware": false, "Scan Direction": "Forward", "Index Name": "orders_pkey", "Relation Name": "orders", "Alias": "orders", "Startup Cost": 0.43, "Total Cost": 0.46, "Plan Rows": 1, "Plan Width": 12, "Index Cond": "(o_orderkey = lineitem.l_orderkey)", "Filter": "((o_orderdate >= '1995-01-01'::date) AND (o_orderdate <= '1996-12-31'::date))"}]}, {"Node Type": "Index Scan", "Parent Relationship": "Inner", "Parallel Aware": false, "Scan Direction": "Forward", "Index Name": "customer_pkey", "Relation Name": "customer", "Alias": "customer", "Startup Cost": 0.43, "Total Cost": 0.45, "Plan Rows": 1, "Plan Width": 8, "Index Cond": "(c_custkey = orders.o_custkey)"}]}, {"Node Type": "Hash", "Parent Relationship": "Inner", "Parallel Aware": false, "Startup Cost": 2.45, "Total Cost": 2.45, "Plan Rows": 5, "Plan Width": 4, "Plans": [{"Node Type": "Hash Join", "Parent Relationship": "Outer", "Parallel Aware": false, "Join Type": "Inner", "Startup Cost": 1.07, "Total Cost": 2.45, "Plan Rows": 5, "Plan Width": 4, "Inner Unique": true, "Hash Cond": "(n1.n_regionkey = region.r_regionkey)", "Plans": [{"Node Type": "Seq Scan", "Parent Relationship": "Outer", "Parallel Aware": false, "Relation Name": "nation", "Alias": "n1", "Startup Cost": 0.0, "Total Cost": 1.25, "Plan Rows": 25, "Plan Width": 8}, {"Node Type": "Hash", "Parent Relationship": "Inner", "Parallel Aware": false, "Startup Cost": 1.06, "Total Cost": 1.06, "Plan Rows": 1, "Plan Width": 4, "Plans": [{"Node Type": "Seq Scan", "Parent Relationship": "Outer", "Parallel Aware": false, "Relation Name": "region", "Alias": "region", "Startup Cost": 0.0, "Total Cost": 1.06, "Plan Rows": 1, "Plan Width": 4, "Filter": "(r_name = 'ASIA'::bpchar)"}]}]}]}]}, {"Node Type": "Index Scan", "Parent Relationship": "Inner", "Parallel Aware": false, "Scan Direction": "Forward", "Index Name": "supplier_pkey", "Relation Name": "supplier", "Alias": "supplier", "Startup Cost": 0.29, "Total Cost": 0.31, "Plan Rows": 1, "Plan Width": 8, "Index Cond": "(s_suppkey = lineitem.l_suppkey)"}]}, {"Node Type": "Hash", "Parent Relationship": "Inner", "Parallel Aware": false, "Startup Cost": 1.25, "Total Cost": 1.25, "Plan Rows": 25, "Plan Width": 30, "Plans": [{"Node Type": "Seq Scan", "Parent Relationship": "Outer", "Parallel Aware": false, "Relation Name": "nation", "Alias": "n2", "Startup Cost": 0.0, "Total Cost": 1.25, "Plan Rows": 25, "Plan Width": 30}]}]}]}]}]}]}]}}, {"Plan": {"Node Type": "Limit", "Parallel Aware": false, "Startup Cost": 1807137.24, "Total Cost": 1807137.54, "Plan Rows": 1, "Plan Width": 40, "Plans": [{"Node Type": "Aggregate", "Strategy": "Sorted", "Partial Mode": "Finalize", "Parent Relationship": "Outer", "Parallel Aware": false, "Startup Cost": 1807137.24, "Total Cost": 1807851.89, "Plan Rows": 2406, "Plan Width": 40, "Group Key": ["(date_part('year'::text, (orders.o_orderdate)::timestamp without time zone))"], "Plans": [{"Node Type": "Gather Merge", "Parent Relationship": "Outer", "Parallel Aware": false, "Startup Cost": 1807137.24, "Total Cost": 1807767.68, "Plan Rows": 2406, "Plan Width": 72, "Workers Planned": 1, "Plans": [{"Node Type": "Aggregate", "Strategy": "Sorted", "Partial Mode": "Partial", "Parent Relationship": "Outer", "Parallel Aware": false, "Startup Cost": 1806137.23, "Total Cost": 1806497.0, "Plan Rows": 2406, "Plan Width": 72, "Group Key": ["(date_part('year'::text, (orders.o_orderdate)::timestamp without time zone))"], "Plans": [{"Node Type": "Sort", "Parent Relationship": "Outer", "Parallel Aware": false, "Startup Cost": 1806137.23, "Total Cost": 1806171.86, "Plan Rows": 13851, "Plan Width": 46, "Sort Key": ["(date_part('year'::text, (orders.o_orderdate)::timestamp without time zone))"], "Plans": [{"Node Type": "Hash Join", "Parent Relationship": "Outer", "Parallel Aware": false, "Join Type": "Inner", "Startup Cost": 1802003.16, "Total Cost": 1805184.44, "Plan Rows": 13851, "Plan Width": 46, "Inner Unique": true, "Hash Cond": "(supplier.s_nationkey = n2.n_nationkey)", "Plans": [{"Node Type": "Hash Join", "Parent Relationship": "Outer", "Parallel Aware": true, "Join Type": "Inner", "Startup Cost": 1802001.6, "Total Cost": 1805071.1, "Plan Rows": 13851, "Plan Width": 20, "Inner Unique": false, "Hash Cond": "(supplier.s_suppkey = lineitem.l_suppkey)", "Plans": [{"Node Type": "Seq Scan", "Parent Relationship": "Outer", "Parallel Aware": true, "Relation Name": "supplier", "Alias": "supplier", "Startup Cost": 0.0, "Total Cost": 2804.24, "Plan Rows": 58824, "Plan Width": 8}, {"Node Type": "Hash", "Parent Relationship": "Inner", "Parallel Aware": true, "Startup Cost": 1801906.65, "Total Cost": 1801906.65, "Plan Rows": 7596, "Plan Width": 20, "Plans": [{"Node Type": "Hash Join", "Parent Relationship": "Outer", "Parallel Aware": false, "Join Type": "Inner", "Startup Cost": 1759085.52, "Total Cost": 1801906.65, "Plan Rows": 7596, "Plan Width": 20, "Inner Unique": false, "Hash Cond": "(customer.c_nationkey = n1.n_nationkey)", "Plans": [{"Node Type": "Hash Join", "Parent Relationship": "Outer", "Parallel Aware": true, "Join Type": "Inner", "Startup Cost": 1759083.01, "Total Cost": 1801685.75, "Plan Rows": 37980, "Plan Width": 24, "Inner Unique": false, "Hash Cond": "(customer.c_custkey = orders.o_custkey)", "Plans": [{"Node Type": "Seq Scan", "Parent Relationship": "Outer", "Parallel Aware": true, "Relation Name": "customer", "Alias": "customer", "Startup Cost": 0.0, "Total Cost": 40665.71, "Plan Rows": 483871, "Plan Width": 8}, {"Node Type": "Hash", "Parent Relationship": "Inner", "Parallel Aware": true, "Startup Cost": 1758608.26, "Total Cost": 1758608.26, "Plan Rows": 37980, "Plan Width": 24, "Plans": [{"Node Type": "Hash Join", "Parent Relationship": "Outer", "Parallel Aware": true, "Join Type": "Inner", "Startup Cost": 1419478.55, "Total Cost": 1758608.26, "Plan Rows": 37980, "Plan Width": 24, "Inner Unique": false, "Hash Cond": "(orders.o_orderkey = lineitem.l_orderkey)", "Plans": [{"Node Type": "Seq Scan", "Parent Relationship": "Outer", "Parallel Aware": true, "Relation Name": "orders", "Alias": "orders", "Startup Cost": 0.0, "Total Cost": 333488.86, "Plan Rows": 1471555, "Plan Width": 12, "Filter": "((o_orderdate >= '1995-01-01'::date) AND (o_orderdate <= '1996-12-31'::date))"}, {"Node Type": "Hash", "Parent Relationship": "Inner", "Parallel Aware": true, "Startup Cost": 1417917.59, "Total Cost": 1417917.59, "Plan Rows": 124877, "Plan Width": 20, "Plans": [{"Node Type": "Hash Join", "Parent Relationship": "Outer", "Parallel Aware": true, "Join Type": "Inner", "Startup Cost": 49078.57, "Total Cost": 1417917.59, "Plan Rows": 124877, "Plan Width": 20, "Inner Unique": true, "Hash Cond": "(lineitem.l_partkey = part.p_partkey)", "Plans": [{"Node Type": "Seq Scan", "Parent Relationship": "Outer", "Parallel Aware": true, "Relation Name": "lineitem", "Alias": "lineitem", "Startup Cost": 0.0, "Total Cost": 1318044.5, "Plan Rows": 19350250, "Plan Width": 24}, {"Node Type": "Hash", "Parent Relationship": "Inner", "Parallel Aware": true, "Startup Cost": 49026.52, "Total Cost": 49026.52, "Plan Rows": 4164, "Plan Width": 4, "Plans": [{"Node Type": "Seq Scan", "Parent Relationship": "Outer", "Parallel Aware": true, "Relation Name": "part", "Alias": "part", "Startup Cost": 0.0, "Total Cost": 49026.52, "Plan Rows": 4164, "Plan Width": 4, "Filter": "((p_type)::text = 'ECONOMY POLISHED STEEL'::text)"}]}]}]}]}]}]}, {"Node Type": "Hash", "Parent Relationship": "Inner", "Parallel Aware": false, "Startup Cost": 2.45, "Total Cost": 2.45, "Plan Rows": 5, "Plan Width": 4, "Plans": [{"Node Type": "Hash Join", "Parent Relationship": "Outer", "Parallel Aware": false, "Join Type": "Inner", "Startup Cost": 1.07, "Total Cost": 2.45, "Plan Rows": 5, "Plan Width": 4, "Inner Unique": true, "Hash Cond": "(n1.n_regionkey = region.r_regionkey)", "Plans": [{"Node Type": "Seq Scan", "Parent Relationship": "Outer", "Parallel Aware": false, "Relation Name": "nation", "Alias": "n1", "Startup Cost": 0.0, "Total Cost": 1.25, "Plan Rows": 25, "Plan Width": 8}, {"Node Type": "Hash", "Parent Relationship": "Inner", "Parallel Aware": false, "Startup Cost": 1.06, "Total Cost": 1.06, "Plan Rows": 1, "Plan Width": 4, "Plans": [{"Node Type": "Seq Scan", "Parent Relationship": "Outer", "Parallel Aware": false, "Relation Name": "region", "Alias": "region", "Startup Cost": 0.0, "Total Cost": 1.06, "Plan Rows": 1, "Plan Width": 4, "Filter": "(r_name = 'ASIA'::bpchar)"}]}]}]}]}]}]}, {"Node Type": "Hash", "Parent Relationship": "Inner", "Parallel Aware": false, "Startup Cost": 1.25, "Total Cost": 1.25, "Plan Rows": 25, "Plan Width": 30, "Plans": [{"Node Type": "Seq Scan", "Parent Relationship": "Outer", "Parallel Aware": false, "Relation Name": "nation", "Alias": "n2", "Startup Cost": 0.0, "Total Cost": 1.25, "Plan Rows": 25, "Plan Width": 30}]}]}]}]}]}]}]}}, {"Plan": {"Node Type": "Limit", "Parallel Aware": false, "Startup Cost": 275144.28, "Total Cost": 275144.78, "Plan Rows": 1, "Plan Width": 40, "Plans": [{"Node Type": "Aggregate", "Strategy": "Sorted", "Partial Mode": "Finalize", "Parent Relationship": "Outer", "Parallel Aware": false, "Startup Cost": 275144.28, "Total Cost": 276355.79, "Plan Rows": 2406, "Plan Width": 40, "Group Key": ["(date_part('year'::text, (orders.o_orderdate)::timestamp without time zone))"], "Plans": [{"Node Type": "Gather Merge", "Parent Relationship": "Outer", "Parallel Aware": false, "Startup Cost": 275144.28, "Total Cost": 276211.43, "Plan Rows": 7218, "Plan Width": 72, "Workers Planned": 3, "Plans": [{"Node Type": "Aggregate", "Strategy": "Sorted", "Partial Mode": "Partial", "Parent Relationship": "Outer", "Parallel Aware": false, "Startup Cost": 274144.24, "Total Cost": 274363.27, "Plan Rows": 2406, "Plan Width": 72, "Group Key": ["(date_part('year'::text, (orders.o_orderdate)::timestamp without time zone))"], "Plans": [{"Node Type": "Sort", "Parent Relationship": "Outer", "Parallel Aware": false, "Startup Cost": 274144.24, "Total Cost": 274163.23, "Plan Rows": 7596, "Plan Width": 46, "Sort Key": ["(date_part('year'::text, (orders.o_orderdate)::timestamp without time zone))"], "Plans": [{"Node Type": "Hash Join", "Parent Relationship": "Outer", "Parallel Aware": false, "Join Type": "Inner", "Startup Cost": 12.33, "Total Cost": 273654.64, "Plan Rows": 7596, "Plan Width": 46, "Inner Unique": true, "Hash Cond": "(supplier.s_nationkey = n2.n_nationkey)", "Plans": [{"Node Type": "Nested Loop", "Parent Relationship": "Outer", "Parallel Aware": false, "Join Type": "Inner", "Startup Cost": 8.21, "Total Cost": 273589.21, "Plan Rows": 7596, "Plan Width": 20, "Inner Unique": true, "Plans": [{"Node Type": "Hash Join", "Parent Relationship": "Outer", "Parallel Aware": false, "Join Type": "Inner", "Startup Cost": 7.91, "Total Cost": 271234.11, "Plan Rows": 7596, "Plan Width": 20, "Inner Unique": false, "Hash Cond": "(customer.c_nationkey = n1.n_nationkey)", "Plans": [{"Node Type": "Nested Loop", "Parent Relationship": "Outer", "Parallel Aware": false, "Join Type": "Inner", "Startup Cost": 1.85, "Total Cost": 271009.66, "Plan Rows": 37980, "Plan Width": 24, "Inner Unique": true, "Plans": [{"Node Type": "Nested Loop", "Parent Relationship": "Outer", "Parallel Aware": false, "Join Type": "Inner", "Startup Cost": 1.43, "Total Cost": 253742.76, "Plan Rows": 37980, "Plan Width": 24, "Inner Unique": true, "Plans": [{"Node Type": "Nested Loop", "Parent Relationship": "Outer", "Parallel Aware": false, "Join Type": "Inner", "Startup Cost": 0.99, "Total Cost": 195919.87, "Plan Rows": 124877, "Plan Width": 20, "Inner Unique": false, "Plans": [{"Node Type": "Index Scan", "Parent Relationship": "Outer", "Parallel Aware": true, "Scan Direction": "Forward", "Index Name": "part_pkey", "Relation Name": "part", "Alias": "part", "Startup Cost": 0.43, "Total Cost": 65062.74, "Plan Rows": 4164, "Plan Width": 4, "Filter": "((p_type)::text = 'ECONOMY POLISHED STEEL'::text)"}, {"Node Type": "Index Scan", "Parent Relationship": "Inner", "Parallel Aware": false, "Scan Direction": "Forward", "Index Name": "idx_lineitem_part_supp", "Relation Name": "lineitem", "Alias": "lineitem", "Startup Cost": 0.56, "Total Cost": 31.12, "Plan Rows": 31, "Plan Width": 24, "Index Cond": "(l_partkey = part.p_partkey)"}]}, {"Node Type": "Index Scan", "Parent Relationship": "Inner", "Parallel Aware": false, "Scan Direction": "Forward", "Index Name": "orders_pkey", "Relation Name": "orders", "Alias": "orders", "Startup Cost": 0.43, "Total Cost": 0.46, "Plan Rows": 1, "Plan Width": 12, "Index Cond": "(o_orderkey = lineitem.l_orderkey)", "Filter": "((o_orderdate >= '1995-01-01'::date) AND (o_orderdate <= '1996-12-31'::date))"}]}, {"Node Type": "Index Scan", "Parent Relationship": "Inner", "Parallel Aware": false, "Scan Direction": "Forward", "Index Name": "customer_pkey", "Relation Name": "customer", "Alias": "customer", "Startup Cost": 0.43, "Total Cost": 0.45, "Plan Rows": 1, "Plan Width": 8, "Index Cond": "(c_custkey = orders.o_custkey)"}]}, {"Node Type": "Hash", "Parent Relationship": "Inner", "Parallel Aware": false, "Startup Cost": 6.0, "Total Cost": 6.0, "Plan Rows": 5, "Plan Width": 4, "Plans": [{"Node Type": "Nested Loop", "Parent Relationship": "Outer", "Parallel Aware": false, "Join Type": "Inner", "Startup Cost": 0.27, "Total Cost": 6.0, "Plan Rows": 5, "Plan Width": 4, "Inner Unique": false, "Plans": [{"Node Type": "Index Scan", "Parent Relationship": "Outer", "Parallel Aware": false, "Scan Direction": "Forward", "Index Name": "region_pkey", "Relation Name": "region", "Alias": "region", "Startup Cost": 0.13, "Total Cost": 3.52, "Plan Rows": 1, "Plan Width": 4, "Filter": "(r_name = 'ASIA'::bpchar)"}, {"Node Type": "Index Scan", "Parent Relationship": "Inner", "Parallel Aware": false, "Scan Direction": "Forward", "Index Name": "idx_nation_regionkey", "Relation Name": "nation", "Alias": "n1", "Startup Cost": 0.14, "Total Cost": 2.43, "Plan Rows": 5, "Plan Width": 8, "Index Cond": "(n_regionkey = region.r_regionkey)"}]}]}]}, {"Node Type": "Index Scan", "Parent Relationship": "Inner", "Parallel Aware": false, "Scan Direction": "Forward", "Index Name": "supplier_pkey", "Relation Name": "supplier", "Alias": "supplier", "Startup Cost": 0.29, "Total Cost": 0.31, "Plan Rows": 1, "Plan Width": 8, "Index Cond": "(s_suppkey = lineitem.l_suppkey)"}]}, {"Node Type": "Hash", "Parent Relationship": "Inner", "Parallel Aware": false, "Startup Cost": 3.81, "Total Cost": 3.81, "Plan Rows": 25, "Plan Width": 30, "Plans": [{"Node Type": "Index Scan", "Parent Relationship": "Outer", "Parallel Aware": false, "Scan Direction": "Forward", "Index Name": "nation_pkey", "Relation Name": "nation", "Alias": "n2", "Startup Cost": 0.14, "Total Cost": 3.81, "Plan Rows": 25, "Plan Width": 30}]}]}]}]}]}]}]}}, {"Plan": {"Node Type": "Limit", "Parallel Aware": false, "Startup Cost": 259101.94, "Total Cost": 259102.45, "Plan Rows": 1, "Plan Width": 40, "Plans": [{"Node Type": "Aggregate", "Strategy": "Sorted", "Partial Mode": "Finalize", "Parent Relationship": "Outer", "Parallel Aware": false, "Startup Cost": 259101.94, "Total Cost": 260313.45, "Plan Rows": 2406, "Plan Width": 40, "Group Key": ["(date_part('year'::text, (orders.o_orderdate)::timestamp without time zone))"], "Plans": [{"Node Type": "Gather Merge", "Parent Relationship": "Outer", "Parallel Aware": false, "Startup Cost": 259101.94, "Total Cost": 260169.09, "Plan Rows": 7218, "Plan Width": 72, "Workers Planned": 3, "Plans": [{"Node Type": "Aggregate", "Strategy": "Sorted", "Partial Mode": "Partial", "Parent Relationship": "Outer", "Parallel Aware": false, "Startup Cost": 258101.9, "Total Cost": 258320.93, "Plan Rows": 2406, "Plan Width": 72, "Group Key": ["(date_part('year'::text, (orders.o_orderdate)::timestamp without time zone))"], "Plans": [{"Node Type": "Sort", "Parent Relationship": "Outer", "Parallel Aware": false, "Startup Cost": 258101.9, "Total Cost": 258120.89, "Plan Rows": 7596, "Plan Width": 46, "Sort Key": ["(date_part('year'::text, (orders.o_orderdate)::timestamp without time zone))"], "Plans": [{"Node Type": "Hash Join", "Parent Relationship": "Outer", "Parallel Aware": false, "Join Type": "Inner", "Startup Cost": 5.79, "Total Cost": 257612.3, "Plan Rows": 7596, "Plan Width": 46, "Inner Unique": true, "Hash Cond": "(supplier.s_nationkey = n2.n_nationkey)", "Plans": [{"Node Type": "Nested Loop", "Parent Relationship": "Outer", "Parallel Aware": false, "Join Type": "Inner", "Startup Cost": 4.23, "Total Cost": 257549.44, "Plan Rows": 7596, "Plan Width": 20, "Inner Unique": true, "Plans": [{"Node Type": "Hash Join", "Parent Relationship": "Outer", "Parallel Aware": false, "Join Type": "Inner", "Startup Cost": 3.94, "Total Cost": 255194.33, "Plan Rows": 7596, "Plan Width": 20, "Inner Unique": false, "Hash Cond": "(customer.c_nationkey = n1.n_nationkey)", "Plans": [{"Node Type": "Nested Loop", "Parent Relationship": "Outer", "Parallel Aware": false, "Join Type": "Inner", "Startup Cost": 1.43, "Total Cost": 254973.44, "Plan Rows": 37980, "Plan Width": 24, "Inner Unique": true, "Plans": [{"Node Type": "Nested Loop", "Parent Relationship": "Outer", "Parallel Aware": false, "Join Type": "Inner", "Startup Cost": 1.0, "Total Cost": 237706.53, "Plan Rows": 37980, "Plan Width": 24, "Inner Unique": true, "Plans": [{"Node Type": "Nested Loop", "Parent Relationship": "Outer", "Parallel Aware": false, "Join Type": "Inner", "Startup Cost": 0.56, "Total Cost": 179883.64, "Plan Rows": 124877, "Plan Width": 20, "Inner Unique": false, "Plans": [{"Node Type": "Seq Scan", "Parent Relationship": "Outer", "Parallel Aware": true, "Relation Name": "part", "Alias": "part", "Startup Cost": 0.0, "Total Cost": 49026.52, "Plan Rows": 4164, "Plan Width": 4, "Filter": "((p_type)::text = 'ECONOMY POLISHED STEEL'::text)"}, {"Node Type": "Index Scan", "Parent Relationship": "Inner", "Parallel Aware": false, "Scan Direction": "Forward", "Index Name": "idx_lineitem_part_supp", "Relation Name": "lineitem", "Alias": "lineitem", "Startup Cost": 0.56, "Total Cost": 31.12, "Plan Rows": 31, "Plan Width": 24, "Index Cond": "(l_partkey = part.p_partkey)"}]}, {"Node Type": "Index Scan", "Parent Relationship": "Inner", "Parallel Aware": false, "Scan Direction": "Forward", "Index Name": "orders_pkey", "Relation Name": "orders", "Alias": "orders", "Startup Cost": 0.43, "Total Cost": 0.46, "Plan Rows": 1, "Plan Width": 12, "Index Cond": "(o_orderkey = lineitem.l_orderkey)", "Filter": "((o_orderdate >= '1995-01-01'::date) AND (o_orderdate <= '1996-12-31'::date))"}]}, {"Node Type": "Index Scan", "Parent Relationship": "Inner", "Parallel Aware": false, "Scan Direction": "Forward", "Index Name": "customer_pkey", "Relation Name": "customer", "Alias": "customer", "Startup Cost": 0.43, "Total Cost": 0.45, "Plan Rows": 1, "Plan Width": 8, "Index Cond": "(c_custkey = orders.o_custkey)"}]}, {"Node Type": "Hash", "Parent Relationship": "Inner", "Parallel Aware": false, "Startup Cost": 2.45, "Total Cost": 2.45, "Plan Rows": 5, "Plan Width": 4, "Plans": [{"Node Type": "Hash Join", "Parent Relationship": "Outer", "Parallel Aware": false, "Join Type": "Inner", "Startup Cost": 1.07, "Total Cost": 2.45, "Plan Rows": 5, "Plan Width": 4, "Inner Unique": true, "Hash Cond": "(n1.n_regionkey = region.r_regionkey)", "Plans": [{"Node Type": "Seq Scan", "Parent Relationship": "Outer", "Parallel Aware": false, "Relation Name": "nation", "Alias": "n1", "Startup Cost": 0.0, "Total Cost": 1.25, "Plan Rows": 25, "Plan Width": 8}, {"Node Type": "Hash", "Parent Relationship": "Inner", "Parallel Aware": false, "Startup Cost": 1.06, "Total Cost": 1.06, "Plan Rows": 1, "Plan Width": 4, "Plans": [{"Node Type": "Seq Scan", "Parent Relationship": "Outer", "Parallel Aware": false, "Relation Name": "region", "Alias": "region", "Startup Cost": 0.0, "Total Cost": 1.06, "Plan Rows": 1, "Plan Width": 4, "Filter": "(r_name = 'ASIA'::bpchar)"}]}]}]}]}, {"Node Type": "Index Scan", "Parent Relationship": "Inner", "Parallel Aware": false, "Scan Direction": "Forward", "Index Name": "supplier_pkey", "Relation Name": "supplier", "Alias": "supplier", "Startup Cost": 0.29, "Total Cost": 0.31, "Plan Rows": 1, "Plan Width": 8, "Index Cond": "(s_suppkey = lineitem.l_suppkey)"}]}, {"Node Type": "Hash", "Parent Relationship": "Inner", "Parallel Aware": false, "Startup Cost": 1.25, "Total Cost": 1.25, "Plan Rows": 25, "Plan Width": 30, "Plans": [{"Node Type": "Seq Scan", "Parent Relationship": "Outer", "Parallel Aware": false, "Relation Name": "nation", "Alias": "n2", "Startup Cost": 0.0, "Total Cost": 1.25, "Plan Rows": 25, "Plan Width": 30}]}]}]}]}]}]}]}}, {"Plan": {"Node Type": "Limit", "Parallel Aware": false, "Startup Cost": 1807137.24, "Total Cost": 1807137.54, "Plan Rows": 1, "Plan Width": 40, "Plans": [{"Node Type": "Aggregate", "Strategy": "Sorted", "Partial Mode": "Finalize", "Parent Relationship": "Outer", "Parallel Aware": false, "Startup Cost": 1807137.24, "Total Cost": 1807851.89, "Plan Rows": 2406, "Plan Width": 40, "Group Key": ["(date_part('year'::text, (orders.o_orderdate)::timestamp without time zone))"], "Plans": [{"Node Type": "Gather Merge", "Parent Relationship": "Outer", "Parallel Aware": false, "Startup Cost": 1807137.24, "Total Cost": 1807767.68, "Plan Rows": 2406, "Plan Width": 72, "Workers Planned": 1, "Plans": [{"Node Type": "Aggregate", "Strategy": "Sorted", "Partial Mode": "Partial", "Parent Relationship": "Outer", "Parallel Aware": false, "Startup Cost": 1806137.23, "Total Cost": 1806497.0, "Plan Rows": 2406, "Plan Width": 72, "Group Key": ["(date_part('year'::text, (orders.o_orderdate)::timestamp without time zone))"], "Plans": [{"Node Type": "Sort", "Parent Relationship": "Outer", "Parallel Aware": false, "Startup Cost": 1806137.23, "Total Cost": 1806171.86, "Plan Rows": 13851, "Plan Width": 46, "Sort Key": ["(date_part('year'::text, (orders.o_orderdate)::timestamp without time zone))"], "Plans": [{"Node Type": "Hash Join", "Parent Relationship": "Outer", "Parallel Aware": false, "Join Type": "Inner", "Startup Cost": 1802003.16, "Total Cost": 1805184.44, "Plan Rows": 13851, "Plan Width": 46, "Inner Unique": true, "Hash Cond": "(supplier.s_nationkey = n2.n_nationkey)", "Plans": [{"Node Type": "Hash Join", "Parent Relationship": "Outer", "Parallel Aware": true, "Join Type": "Inner", "Startup Cost": 1802001.6, "Total Cost": 1805071.1, "Plan Rows": 13851, "Plan Width": 20, "Inner Unique": false, "Hash Cond": "(supplier.s_suppkey = lineitem.l_suppkey)", "Plans": [{"Node Type": "Seq Scan", "Parent Relationship": "Outer", "Parallel Aware": true, "Relation Name": "supplier", "Alias": "supplier", "Startup Cost": 0.0, "Total Cost": 2804.24, "Plan Rows": 58824, "Plan Width": 8}, {"Node Type": "Hash", "Parent Relationship": "Inner", "Parallel Aware": true, "Startup Cost": 1801906.65, "Total Cost": 1801906.65, "Plan Rows": 7596, "Plan Width": 20, "Plans": [{"Node Type": "Hash Join", "Parent Relationship": "Outer", "Parallel Aware": false, "Join Type": "Inner", "Startup Cost": 1759085.52, "Total Cost": 1801906.65, "Plan Rows": 7596, "Plan Width": 20, "Inner Unique": false, "Hash Cond": "(customer.c_nationkey = n1.n_nationkey)", "Plans": [{"Node Type": "Hash Join", "Parent Relationship": "Outer", "Parallel Aware": true, "Join Type": "Inner", "Startup Cost": 1759083.01, "Total Cost": 1801685.75, "Plan Rows": 37980, "Plan Width": 24, "Inner Unique": false, "Hash Cond": "(customer.c_custkey = orders.o_custkey)", "Plans": [{"Node Type": "Seq Scan", "Parent Relationship": "Outer", "Parallel Aware": true, "Relation Name": "customer", "Alias": "customer", "Startup Cost": 0.0, "Total Cost": 40665.71, "Plan Rows": 483871, "Plan Width": 8}, {"Node Type": "Hash", "Parent Relationship": "Inner", "Parallel Aware": true, "Startup Cost": 1758608.26, "Total Cost": 1758608.26, "Plan Rows": 37980, "Plan Width": 24, "Plans": [{"Node Type": "Hash Join", "Parent Relationship": "Outer", "Parallel Aware": true, "Join Type": "Inner", "Startup Cost": 1419478.55, "Total Cost": 1758608.26, "Plan Rows": 37980, "Plan Width": 24, "Inner Unique": false, "Hash Cond": "(orders.o_orderkey = lineitem.l_orderkey)", "Plans": [{"Node Type": "Seq Scan", "Parent Relationship": "Outer", "Parallel Aware": true, "Relation Name": "orders", "Alias": "orders", "Startup Cost": 0.0, "Total Cost": 333488.86, "Plan Rows": 1471555, "Plan Width": 12, "Filter": "((o_orderdate >= '1995-01-01'::date) AND (o_orderdate <= '1996-12-31'::date))"}, {"Node Type": "Hash", "Parent Relationship": "Inner", "Parallel Aware": true, "Startup Cost": 1417917.59, "Total Cost": 1417917.59, "Plan Rows": 124877, "Plan Width": 20, "Plans": [{"Node Type": "Hash Join", "Parent Relationship": "Outer", "Parallel Aware": true, "Join Type": "Inner", "Startup Cost": 49078.57, "Total Cost": 1417917.59, "Plan Rows": 124877, "Plan Width": 20, "Inner Unique": true, "Hash Cond": "(lineitem.l_partkey = part.p_partkey)", "Plans": [{"Node Type": "Seq Scan", "Parent Relationship": "Outer", "Parallel Aware": true, "Relation Name": "lineitem", "Alias": "lineitem", "Startup Cost": 0.0, "Total Cost": 1318044.5, "Plan Rows": 19350250, "Plan Width": 24}, {"Node Type": "Hash", "Parent Relationship": "Inner", "Parallel Aware": true, "Startup Cost": 49026.52, "Total Cost": 49026.52, "Plan Rows": 4164, "Plan Width": 4, "Plans": [{"Node Type": "Seq Scan", "Parent Relationship": "Outer", "Parallel Aware": true, "Relation Name": "part", "Alias": "part", "Startup Cost": 0.0, "Total Cost": 49026.52, "Plan Rows": 4164, "Plan Width": 4, "Filter": "((p_type)::text = 'ECONOMY POLISHED STEEL'::text)"}]}]}]}]}]}]}, {"Node Type": "Hash", "Parent Relationship": "Inner", "Parallel Aware": false, "Startup Cost": 2.45, "Total Cost": 2.45, "Plan Rows": 5, "Plan Width": 4, "Plans": [{"Node Type": "Hash Join", "Parent Relationship": "Outer", "Parallel Aware": false, "Join Type": "Inner", "Startup Cost": 1.07, "Total Cost": 2.45, "Plan Rows": 5, "Plan Width": 4, "Inner Unique": true, "Hash Cond": "(n1.n_regionkey = region.r_regionkey)", "Plans": [{"Node Type": "Seq Scan", "Parent Relationship": "Outer", "Parallel Aware": false, "Relation Name": "nation", "Alias": "n1", "Startup Cost": 0.0, "Total Cost": 1.25, "Plan Rows": 25, "Plan Width": 8}, {"Node Type": "Hash", "Parent Relationship": "Inner", "Parallel Aware": false, "Startup Cost": 1.06, "Total Cost": 1.06, "Plan Rows": 1, "Plan Width": 4, "Plans": [{"Node Type": "Seq Scan", "Parent Relationship": "Outer", "Parallel Aware": false, "Relation Name": "region", "Alias": "region", "Startup Cost": 0.0, "Total Cost": 1.06, "Plan Rows": 1, "Plan Width": 4, "Filter": "(r_name = 'ASIA'::bpchar)"}]}]}]}]}]}]}, {"Node Type": "Hash", "Parent Relationship": "Inner", "Parallel Aware": false, "Startup Cost": 1.25, "Total Cost": 1.25, "Plan Rows": 25, "Plan Width": 30, "Plans": [{"Node Type": "Seq Scan", "Parent Relationship": "Outer", "Parallel Aware": false, "Relation Name": "nation", "Alias": "n2", "Startup Cost": 0.0, "Total Cost": 1.25, "Plan Rows": 25, "Plan Width": 30}]}]}]}]}]}]}]}}, {"Plan": {"Node Type": "Limit", "Parallel Aware": false, "Startup Cost": 404868.25, "Total Cost": 404868.55, "Plan Rows": 1, "Plan Width": 40, "Plans": [{"Node Type": "Aggregate", "Strategy": "Sorted", "Partial Mode": "Finalize", "Parent Relationship": "Outer", "Parallel Aware": false, "Startup Cost": 404868.25, "Total Cost": 405582.9, "Plan Rows": 2406, "Plan Width": 40, "Group Key": ["(date_part('year'::text, (orders.o_orderdate)::timestamp without time zone))"], "Plans": [{"Node Type": "Gather Merge", "Parent Relationship": "Outer", "Parallel Aware": false, "Startup Cost": 404868.25, "Total Cost": 405498.69, "Plan Rows": 2406, "Plan Width": 72, "Workers Planned": 1, "Plans": [{"Node Type": "Aggregate", "Strategy": "Sorted", "Partial Mode": "Partial", "Parent Relationship": "Outer", "Parallel Aware": false, "Startup Cost": 403868.24, "Total Cost": 404228.01, "Plan Rows": 2406, "Plan Width": 72, "Group Key": ["(date_part('year'::text, (orders.o_orderdate)::timestamp without time zone))"], "Plans": [{"Node Type": "Sort", "Parent Relationship": "Outer", "Parallel Aware": false, "Startup Cost": 403868.24, "Total Cost": 403902.87, "Plan Rows": 13851, "Plan Width": 46, "Sort Key": ["(date_part('year'::text, (orders.o_orderdate)::timestamp without time zone))"], "Plans": [{"Node Type": "Hash Join", "Parent Relationship": "Outer", "Parallel Aware": false, "Join Type": "Inner", "Startup Cost": 399734.17, "Total Cost": 402915.45, "Plan Rows": 13851, "Plan Width": 46, "Inner Unique": true, "Hash Cond": "(supplier.s_nationkey = n2.n_nationkey)", "Plans": [{"Node Type": "Hash Join", "Parent Relationship": "Outer", "Parallel Aware": true, "Join Type": "Inner", "Startup Cost": 399732.61, "Total Cost": 402802.11, "Plan Rows": 13851, "Plan Width": 20, "Inner Unique": false, "Hash Cond": "(supplier.s_suppkey = lineitem.l_suppkey)", "Plans": [{"Node Type": "Seq Scan", "Parent Relationship": "Outer", "Parallel Aware": true, "Relation Name": "supplier", "Alias": "supplier", "Startup Cost": 0.0, "Total Cost": 2804.24, "Plan Rows": 58824, "Plan Width": 8}, {"Node Type": "Hash", "Parent Relationship": "Inner", "Parallel Aware": true, "Startup Cost": 399637.66, "Total Cost": 399637.66, "Plan Rows": 7596, "Plan Width": 20, "Plans": [{"Node Type": "Hash Join", "Parent Relationship": "Outer", "Parallel Aware": false, "Join Type": "Inner", "Startup Cost": 21180.45, "Total Cost": 399637.66, "Plan Rows": 7596, "Plan Width": 20, "Inner Unique": false, "Hash Cond": "(orders.o_custkey = customer.c_custkey)", "Plans": [{"Node Type": "Nested Loop", "Parent Relationship": "Outer", "Parallel Aware": false, "Join Type": "Inner", "Startup Cost": 2.31, "Total Cost": 378241.13, "Plan Rows": 37980, "Plan Width": 24, "Inner Unique": true, "Plans": [{"Node Type": "Nested Loop", "Parent Relationship": "Outer", "Parallel Aware": false, "Join Type": "Inner", "Startup Cost": 1.86, "Total Cost": 183307.61, "Plan Rows": 124877, "Plan Width": 20, "Inner Unique": false, "Plans": [{"Node Type": "Seq Scan", "Parent Relationship": "Outer", "Parallel Aware": true, "Relation Name": "part", "Alias": "part", "Startup Cost": 0.0, "Total Cost": 49026.52, "Plan Rows": 4164, "Plan Width": 4, "Filter": "((p_type)::text = 'ECONOMY POLISHED STEEL'::text)"}, {"Node Type": "Bitmap Heap Scan", "Parent Relationship": "Inner", "Parallel Aware": false, "Relation Name": "lineitem", "Alias": "lineitem", "Startup Cost": 1.86, "Total Cost": 31.94, "Plan Rows": 31, "Plan Width": 24, "Recheck Cond": "(l_partkey = part.p_partkey)", "Plans": [{"Node Type": "Bitmap Index Scan", "Parent Relationship": "Outer", "Parallel Aware": false, "Index Name": "idx_lineitem_part_supp", "Startup Cost": 0.0, "Total Cost": 1.86, "Plan Rows": 31, "Plan Width": 0, "Index Cond": "(l_partkey = part.p_partkey)"}]}]}, {"Node Type": "Bitmap Heap Scan", "Parent Relationship": "Inner", "Parallel Aware": false, "Relation Name": "orders", "Alias": "orders", "Startup Cost": 0.44, "Total Cost": 1.56, "Plan Rows": 1, "Plan Width": 12, "Recheck Cond": "(o_orderkey = lineitem.l_orderkey)", "Filter": "((o_orderdate >= '1995-01-01'::date) AND (o_orderdate <= '1996-12-31'::date))", "Plans": [{"Node Type": "Bitmap Index Scan", "Parent Relationship": "Outer", "Parallel Aware": false, "Index Name": "orders_pkey", "Startup Cost": 0.0, "Total Cost": 0.44, "Plan Rows": 1, "Plan Width": 0, "Index Cond": "(o_orderkey = lineitem.l_orderkey)"}]}]}, {"Node Type": "Hash", "Parent Relationship": "Inner", "Parallel Aware": false, "Startup Cost": 17428.14, "Total Cost": 17428.14, "Plan Rows": 300000, "Plan Width": 4, "Plans": [{"Node Type": "Nested Loop", "Parent Relationship": "Outer", "Parallel Aware": false, "Join Type": "Inner", "Startup Cost": 587.5, "Total Cost": 17428.14, "Plan Rows": 300000, "Plan Width": 4, "Inner Unique": false, "Plans": [{"Node Type": "Hash Join", "Parent Relationship": "Outer", "Parallel Aware": false, "Join Type": "Inner", "Startup Cost": 1.07, "Total Cost": 2.45, "Plan Rows": 5, "Plan Width": 4, "Inner Unique": true, "Hash Cond": "(n1.n_regionkey = region.r_regionkey)", "Plans": [{"Node Type": "Seq Scan", "Parent Relationship": "Outer", "Parallel Aware": false, "Relation Name": "nation", "Alias": "n1", "Startup Cost": 0.0, "Total Cost": 1.25, "Plan Rows": 25, "Plan Width": 8}, {"Node Type": "Hash", "Parent Relationship": "Inner", "Parallel Aware": false, "Startup Cost": 1.06, "Total Cost": 1.06, "Plan Rows": 1, "Plan Width": 4, "Plans": [{"Node Type": "Seq Scan", "Parent Relationship": "Outer", "Parallel Aware": false, "Relation Name": "region", "Alias": "region", "Startup Cost": 0.0, "Total Cost": 1.06, "Plan Rows": 1, "Plan Width": 4, "Filter": "(r_name = 'ASIA'::bpchar)"}]}]}, {"Node Type": "Bitmap Heap Scan", "Parent Relationship": "Inner", "Parallel Aware": false, "Relation Name": "customer", "Alias": "customer", "Startup Cost": 586.43, "Total Cost": 2885.14, "Plan Rows": 60000, "Plan Width": 8, "Recheck Cond": "(c_nationkey = n1.n_nationkey)", "Plans": [{"Node Type": "Bitmap Index Scan", "Parent Relationship": "Outer", "Parallel Aware": false, "Index Name": "idx_customer_nationkey", "Startup Cost": 0.0, "Total Cost": 571.43, "Plan Rows": 60000, "Plan Width": 0, "Index Cond": "(c_nationkey = n1.n_nationkey)"}]}]}]}]}]}]}, {"Node Type": "Hash", "Parent Relationship": "Inner", "Parallel Aware": false, "Startup Cost": 1.25, "Total Cost": 1.25, "Plan Rows": 25, "Plan Width": 30, "Plans": [{"Node Type": "Seq Scan", "Parent Relationship": "Outer", "Parallel Aware": false, "Relation Name": "nation", "Alias": "n2", "Startup Cost": 0.0, "Total Cost": 1.25, "Plan Rows": 25, "Plan Width": 30}]}]}]}]}]}]}]}}, {"Plan": {"Node Type": "Limit", "Parallel Aware": false, "Startup Cost": 1807137.24, "Total Cost": 1807137.54, "Plan Rows": 1, "Plan Width": 40, "Plans": [{"Node Type": "Aggregate", "Strategy": "Sorted", "Partial Mode": "Finalize", "Parent Relationship": "Outer", "Parallel Aware": false, "Startup Cost": 1807137.24, "Total Cost": 1807851.89, "Plan Rows": 2406, "Plan Width": 40, "Group Key": ["(date_part('year'::text, (orders.o_orderdate)::timestamp without time zone))"], "Plans": [{"Node Type": "Gather Merge", "Parent Relationship": "Outer", "Parallel Aware": false, "Startup Cost": 1807137.24, "Total Cost": 1807767.68, "Plan Rows": 2406, "Plan Width": 72, "Workers Planned": 1, "Plans": [{"Node Type": "Aggregate", "Strategy": "Sorted", "Partial Mode": "Partial", "Parent Relationship": "Outer", "Parallel Aware": false, "Startup Cost": 1806137.23, "Total Cost": 1806497.0, "Plan Rows": 2406, "Plan Width": 72, "Group Key": ["(date_part('year'::text, (orders.o_orderdate)::timestamp without time zone))"], "Plans": [{"Node Type": "Sort", "Parent Relationship": "Outer", "Parallel Aware": false, "Startup Cost": 1806137.23, "Total Cost": 1806171.86, "Plan Rows": 13851, "Plan Width": 46, "Sort Key": ["(date_part('year'::text, (orders.o_orderdate)::timestamp without time zone))"], "Plans": [{"Node Type": "Hash Join", "Parent Relationship": "Outer", "Parallel Aware": false, "Join Type": "Inner", "Startup Cost": 1802003.16, "Total Cost": 1805184.44, "Plan Rows": 13851, "Plan Width": 46, "Inner Unique": true, "Hash Cond": "(supplier.s_nationkey = n2.n_nationkey)", "Plans": [{"Node Type": "Hash Join", "Parent Relationship": "Outer", "Parallel Aware": true, "Join Type": "Inner", "Startup Cost": 1802001.6, "Total Cost": 1805071.1, "Plan Rows": 13851, "Plan Width": 20, "Inner Unique": false, "Hash Cond": "(supplier.s_suppkey = lineitem.l_suppkey)", "Plans": [{"Node Type": "Seq Scan", "Parent Relationship": "Outer", "Parallel Aware": true, "Relation Name": "supplier", "Alias": "supplier", "Startup Cost": 0.0, "Total Cost": 2804.24, "Plan Rows": 58824, "Plan Width": 8}, {"Node Type": "Hash", "Parent Relationship": "Inner", "Parallel Aware": true, "Startup Cost": 1801906.65, "Total Cost": 1801906.65, "Plan Rows": 7596, "Plan Width": 20, "Plans": [{"Node Type": "Hash Join", "Parent Relationship": "Outer", "Parallel Aware": false, "Join Type": "Inner", "Startup Cost": 1759085.52, "Total Cost": 1801906.65, "Plan Rows": 7596, "Plan Width": 20, "Inner Unique": false, "Hash Cond": "(customer.c_nationkey = n1.n_nationkey)", "Plans": [{"Node Type": "Hash Join", "Parent Relationship": "Outer", "Parallel Aware": true, "Join Type": "Inner", "Startup Cost": 1759083.01, "Total Cost": 1801685.75, "Plan Rows": 37980, "Plan Width": 24, "Inner Unique": false, "Hash Cond": "(customer.c_custkey = orders.o_custkey)", "Plans": [{"Node Type": "Seq Scan", "Parent Relationship": "Outer", "Parallel Aware": true, "Relation Name": "customer", "Alias": "customer", "Startup Cost": 0.0, "Total Cost": 40665.71, "Plan Rows": 483871, "Plan Width": 8}, {"Node Type": "Hash", "Parent Relationship": "Inner", "Parallel Aware": true, "Startup Cost": 1758608.26, "Total Cost": 1758608.26, "Plan Rows": 37980, "Plan Width": 24, "Plans": [{"Node Type": "Hash Join", "Parent Relationship": "Outer", "Parallel Aware": true, "Join Type": "Inner", "Startup Cost": 1419478.55, "Total Cost": 1758608.26, "Plan Rows": 37980, "Plan Width": 24, "Inner Unique": false, "Hash Cond": "(orders.o_orderkey = lineitem.l_orderkey)", "Plans": [{"Node Type": "Seq Scan", "Parent Relationship": "Outer", "Parallel Aware": true, "Relation Name": "orders", "Alias": "orders", "Startup Cost": 0.0, "Total Cost": 333488.86, "Plan Rows": 1471555, "Plan Width": 12, "Filter": "((o_orderdate >= '1995-01-01'::date) AND (o_orderdate <= '1996-12-31'::date))"}, {"Node Type": "Hash", "Parent Relationship": "Inner", "Parallel Aware": true, "Startup Cost": 1417917.59, "Total Cost": 1417917.59, "Plan Rows": 124877, "Plan Width": 20, "Plans": [{"Node Type": "Hash Join", "Parent Relationship": "Outer", "Parallel Aware": true, "Join Type": "Inner", "Startup Cost": 49078.57, "Total Cost": 1417917.59, "Plan Rows": 124877, "Plan Width": 20, "Inner Unique": true, "Hash Cond": "(lineitem.l_partkey = part.p_partkey)", "Plans": [{"Node Type": "Seq Scan", "Parent Relationship": "Outer", "Parallel Aware": true, "Relation Name": "lineitem", "Alias": "lineitem", "Startup Cost": 0.0, "Total Cost": 1318044.5, "Plan Rows": 19350250, "Plan Width": 24}, {"Node Type": "Hash", "Parent Relationship": "Inner", "Parallel Aware": true, "Startup Cost": 49026.52, "Total Cost": 49026.52, "Plan Rows": 4164, "Plan Width": 4, "Plans": [{"Node Type": "Seq Scan", "Parent Relationship": "Outer", "Parallel Aware": true, "Relation Name": "part", "Alias": "part", "Startup Cost": 0.0, "Total Cost": 49026.52, "Plan Rows": 4164, "Plan Width": 4, "Filter": "((p_type)::text = 'ECONOMY POLISHED STEEL'::text)"}]}]}]}]}]}]}, {"Node Type": "Hash", "Parent Relationship": "Inner", "Parallel Aware": false, "Startup Cost": 2.45, "Total Cost": 2.45, "Plan Rows": 5, "Plan Width": 4, "Plans": [{"Node Type": "Hash Join", "Parent Relationship": "Outer", "Parallel Aware": false, "Join Type": "Inner", "Startup Cost": 1.07, "Total Cost": 2.45, "Plan Rows": 5, "Plan Width": 4, "Inner Unique": true, "Hash Cond": "(n1.n_regionkey = region.r_regionkey)", "Plans": [{"Node Type": "Seq Scan", "Parent Relationship": "Outer", "Parallel Aware": false, "Relation Name": "nation", "Alias": "n1", "Startup Cost": 0.0, "Total Cost": 1.25, "Plan Rows": 25, "Plan Width": 8}, {"Node Type": "Hash", "Parent Relationship": "Inner", "Parallel Aware": false, "Startup Cost": 1.06, "Total Cost": 1.06, "Plan Rows": 1, "Plan Width": 4, "Plans": [{"Node Type": "Seq Scan", "Parent Relationship": "Outer", "Parallel Aware": false, "Relation Name": "region", "Alias": "region", "Startup Cost": 0.0, "Total Cost": 1.06, "Plan Rows": 1, "Plan Width": 4, "Filter": "(r_name = 'ASIA'::bpchar)"}]}]}]}]}]}]}, {"Node Type": "Hash", "Parent Relationship": "Inner", "Parallel Aware": false, "Startup Cost": 1.25, "Total Cost": 1.25, "Plan Rows": 25, "Plan Width": 30, "Plans": [{"Node Type": "Seq Scan", "Parent Relationship": "Outer", "Parallel Aware": false, "Relation Name": "nation", "Alias": "n2", "Startup Cost": 0.0, "Total Cost": 1.25, "Plan Rows": 25, "Plan Width": 30}]}]}]}]}]}]}]}}, {"Plan": {"Node Type": "Limit", "Parallel Aware": false, "Startup Cost": 404868.25, "Total Cost": 404868.55, "Plan Rows": 1, "Plan Width": 40, "Plans": [{"Node Type": "Aggregate", "Strategy": "Sorted", "Partial Mode": "Finalize", "Parent Relationship": "Outer", "Parallel Aware": false, "Startup Cost": 404868.25, "Total Cost": 405582.9, "Plan Rows": 2406, "Plan Width": 40, "Group Key": ["(date_part('year'::text, (orders.o_orderdate)::timestamp without time zone))"], "Plans": [{"Node Type": "Gather Merge", "Parent Relationship": "Outer", "Parallel Aware": false, "Startup Cost": 404868.25, "Total Cost": 405498.69, "Plan Rows": 2406, "Plan Width": 72, "Workers Planned": 1, "Plans": [{"Node Type": "Aggregate", "Strategy": "Sorted", "Partial Mode": "Partial", "Parent Relationship": "Outer", "Parallel Aware": false, "Startup Cost": 403868.24, "Total Cost": 404228.01, "Plan Rows": 2406, "Plan Width": 72, "Group Key": ["(date_part('year'::text, (orders.o_orderdate)::timestamp without time zone))"], "Plans": [{"Node Type": "Sort", "Parent Relationship": "Outer", "Parallel Aware": false, "Startup Cost": 403868.24, "Total Cost": 403902.87, "Plan Rows": 13851, "Plan Width": 46, "Sort Key": ["(date_part('year'::text, (orders.o_orderdate)::timestamp without time zone))"], "Plans": [{"Node Type": "Hash Join", "Parent Relationship": "Outer", "Parallel Aware": false, "Join Type": "Inner", "Startup Cost": 399734.17, "Total Cost": 402915.45, "Plan Rows": 13851, "Plan Width": 46, "Inner Unique": true, "Hash Cond": "(supplier.s_nationkey = n2.n_nationkey)", "Plans": [{"Node Type": "Hash Join", "Parent Relationship": "Outer", "Parallel Aware": true, "Join Type": "Inner", "Startup Cost": 399732.61, "Total Cost": 402802.11, "Plan Rows": 13851, "Plan Width": 20, "Inner Unique": false, "Hash Cond": "(supplier.s_suppkey = lineitem.l_suppkey)", "Plans": [{"Node Type": "Seq Scan", "Parent Relationship": "Outer", "Parallel Aware": true, "Relation Name": "supplier", "Alias": "supplier", "Startup Cost": 0.0, "Total Cost": 2804.24, "Plan Rows": 58824, "Plan Width": 8}, {"Node Type": "Hash", "Parent Relationship": "Inner", "Parallel Aware": true, "Startup Cost": 399637.66, "Total Cost": 399637.66, "Plan Rows": 7596, "Plan Width": 20, "Plans": [{"Node Type": "Hash Join", "Parent Relationship": "Outer", "Parallel Aware": false, "Join Type": "Inner", "Startup Cost": 21180.45, "Total Cost": 399637.66, "Plan Rows": 7596, "Plan Width": 20, "Inner Unique": false, "Hash Cond": "(orders.o_custkey = customer.c_custkey)", "Plans": [{"Node Type": "Nested Loop", "Parent Relationship": "Outer", "Parallel Aware": false, "Join Type": "Inner", "Startup Cost": 2.31, "Total Cost": 378241.13, "Plan Rows": 37980, "Plan Width": 24, "Inner Unique": true, "Plans": [{"Node Type": "Nested Loop", "Parent Relationship": "Outer", "Parallel Aware": false, "Join Type": "Inner", "Startup Cost": 1.86, "Total Cost": 183307.61, "Plan Rows": 124877, "Plan Width": 20, "Inner Unique": false, "Plans": [{"Node Type": "Seq Scan", "Parent Relationship": "Outer", "Parallel Aware": true, "Relation Name": "part", "Alias": "part", "Startup Cost": 0.0, "Total Cost": 49026.52, "Plan Rows": 4164, "Plan Width": 4, "Filter": "((p_type)::text = 'ECONOMY POLISHED STEEL'::text)"}, {"Node Type": "Bitmap Heap Scan", "Parent Relationship": "Inner", "Parallel Aware": false, "Relation Name": "lineitem", "Alias": "lineitem", "Startup Cost": 1.86, "Total Cost": 31.94, "Plan Rows": 31, "Plan Width": 24, "Recheck Cond": "(l_partkey = part.p_partkey)", "Plans": [{"Node Type": "Bitmap Index Scan", "Parent Relationship": "Outer", "Parallel Aware": false, "Index Name": "idx_lineitem_part_supp", "Startup Cost": 0.0, "Total Cost": 1.86, "Plan Rows": 31, "Plan Width": 0, "Index Cond": "(l_partkey = part.p_partkey)"}]}]}, {"Node Type": "Bitmap Heap Scan", "Parent Relationship": "Inner", "Parallel Aware": false, "Relation Name": "orders", "Alias": "orders", "Startup Cost": 0.44, "Total Cost": 1.56, "Plan Rows": 1, "Plan Width": 12, "Recheck Cond": "(o_orderkey = lineitem.l_orderkey)", "Filter": "((o_orderdate >= '1995-01-01'::date) AND (o_orderdate <= '1996-12-31'::date))", "Plans": [{"Node Type": "Bitmap Index Scan", "Parent Relationship": "Outer", "Parallel Aware": false, "Index Name": "orders_pkey", "Startup Cost": 0.0, "Total Cost": 0.44, "Plan Rows": 1, "Plan Width": 0, "Index Cond": "(o_orderkey = lineitem.l_orderkey)"}]}]}, {"Node Type": "Hash", "Parent Relationship": "Inner", "Parallel Aware": false, "Startup Cost": 17428.14, "Total Cost": 17428.14, "Plan Rows": 300000, "Plan Width": 4, "Plans": [{"Node Type": "Nested Loop", "Parent Relationship": "Outer", "Parallel Aware": false, "Join Type": "Inner", "Startup Cost": 587.5, "Total Cost": 17428.14, "Plan Rows": 300000, "Plan Width": 4, "Inner Unique": false, "Plans": [{"Node Type": "Hash Join", "Parent Relationship": "Outer", "Parallel Aware": false, "Join Type": "Inner", "Startup Cost": 1.07, "Total Cost": 2.45, "Plan Rows": 5, "Plan Width": 4, "Inner Unique": true, "Hash Cond": "(n1.n_regionkey = region.r_regionkey)", "Plans": [{"Node Type": "Seq Scan", "Parent Relationship": "Outer", "Parallel Aware": false, "Relation Name": "nation", "Alias": "n1", "Startup Cost": 0.0, "Total Cost": 1.25, "Plan Rows": 25, "Plan Width": 8}, {"Node Type": "Hash", "Parent Relationship": "Inner", "Parallel Aware": false, "Startup Cost": 1.06, "Total Cost": 1.06, "Plan Rows": 1, "Plan Width": 4, "Plans": [{"Node Type": "Seq Scan", "Parent Relationship": "Outer", "Parallel Aware": false, "Relation Name": "region", "Alias": "region", "Startup Cost": 0.0, "Total Cost": 1.06, "Plan Rows": 1, "Plan Width": 4, "Filter": "(r_name = 'ASIA'::bpchar)"}]}]}, {"Node Type": "Bitmap Heap Scan", "Parent Relationship": "Inner", "Parallel Aware": false, "Relation Name": "customer", "Alias": "customer", "Startup Cost": 586.43, "Total Cost": 2885.14, "Plan Rows": 60000, "Plan Width": 8, "Recheck Cond": "(c_nationkey = n1.n_nationkey)", "Plans": [{"Node Type": "Bitmap Index Scan", "Parent Relationship": "Outer", "Parallel Aware": false, "Index Name": "idx_customer_nationkey", "Startup Cost": 0.0, "Total Cost": 571.43, "Plan Rows": 60000, "Plan Width": 0, "Index Cond": "(c_nationkey = n1.n_nationkey)"}]}]}]}]}]}]}, {"Node Type": "Hash", "Parent Relationship": "Inner", "Parallel Aware": false, "Startup Cost": 1.25, "Total Cost": 1.25, "Plan Rows": 25, "Plan Width": 30, "Plans": [{"Node Type": "Seq Scan", "Parent Relationship": "Outer", "Parallel Aware": false, "Relation Name": "nation", "Alias": "n2", "Startup Cost": 0.0, "Total Cost": 1.25, "Plan Rows": 25, "Plan Width": 30}]}]}]}]}]}]}]}}, {"Plan": {"Node Type": "Limit", "Parallel Aware": false, "Startup Cost": 1807137.24, "Total Cost": 1807137.54, "Plan Rows": 1, "Plan Width": 40, "Plans": [{"Node Type": "Aggregate", "Strategy": "Sorted", "Partial Mode": "Finalize", "Parent Relationship": "Outer", "Parallel Aware": false, "Startup Cost": 1807137.24, "Total Cost": 1807851.89, "Plan Rows": 2406, "Plan Width": 40, "Group Key": ["(date_part('year'::text, (orders.o_orderdate)::timestamp without time zone))"], "Plans": [{"Node Type": "Gather Merge", "Parent Relationship": "Outer", "Parallel Aware": false, "Startup Cost": 1807137.24, "Total Cost": 1807767.68, "Plan Rows": 2406, "Plan Width": 72, "Workers Planned": 1, "Plans": [{"Node Type": "Aggregate", "Strategy": "Sorted", "Partial Mode": "Partial", "Parent Relationship": "Outer", "Parallel Aware": false, "Startup Cost": 1806137.23, "Total Cost": 1806497.0, "Plan Rows": 2406, "Plan Width": 72, "Group Key": ["(date_part('year'::text, (orders.o_orderdate)::timestamp without time zone))"], "Plans": [{"Node Type": "Sort", "Parent Relationship": "Outer", "Parallel Aware": false, "Startup Cost": 1806137.23, "Total Cost": 1806171.86, "Plan Rows": 13851, "Plan Width": 46, "Sort Key": ["(date_part('year'::text, (orders.o_orderdate)::timestamp without time zone))"], "Plans": [{"Node Type": "Hash Join", "Parent Relationship": "Outer", "Parallel Aware": false, "Join Type": "Inner", "Startup Cost": 1802003.16, "Total Cost": 1805184.44, "Plan Rows": 13851, "Plan Width": 46, "Inner Unique": true, "Hash Cond": "(supplier.s_nationkey = n2.n_nationkey)", "Plans": [{"Node Type": "Hash Join", "Parent Relationship": "Outer", "Parallel Aware": true, "Join Type": "Inner", "Startup Cost": 1802001.6, "Total Cost": 1805071.1, "Plan Rows": 13851, "Plan Width": 20, "Inner Unique": false, "Hash Cond": "(supplier.s_suppkey = lineitem.l_suppkey)", "Plans": [{"Node Type": "Seq Scan", "Parent Relationship": "Outer", "Parallel Aware": true, "Relation Name": "supplier", "Alias": "supplier", "Startup Cost": 0.0, "Total Cost": 2804.24, "Plan Rows": 58824, "Plan Width": 8}, {"Node Type": "Hash", "Parent Relationship": "Inner", "Parallel Aware": true, "Startup Cost": 1801906.65, "Total Cost": 1801906.65, "Plan Rows": 7596, "Plan Width": 20, "Plans": [{"Node Type": "Hash Join", "Parent Relationship": "Outer", "Parallel Aware": false, "Join Type": "Inner", "Startup Cost": 1759085.52, "Total Cost": 1801906.65, "Plan Rows": 7596, "Plan Width": 20, "Inner Unique": false, "Hash Cond": "(customer.c_nationkey = n1.n_nationkey)", "Plans": [{"Node Type": "Hash Join", "Parent Relationship": "Outer", "Parallel Aware": true, "Join Type": "Inner", "Startup Cost": 1759083.01, "Total Cost": 1801685.75, "Plan Rows": 37980, "Plan Width": 24, "Inner Unique": false, "Hash Cond": "(customer.c_custkey = orders.o_custkey)", "Plans": [{"Node Type": "Seq Scan", "Parent Relationship": "Outer", "Parallel Aware": true, "Relation Name": "customer", "Alias": "customer", "Startup Cost": 0.0, "Total Cost": 40665.71, "Plan Rows": 483871, "Plan Width": 8}, {"Node Type": "Hash", "Parent Relationship": "Inner", "Parallel Aware": true, "Startup Cost": 1758608.26, "Total Cost": 1758608.26, "Plan Rows": 37980, "Plan Width": 24, "Plans": [{"Node Type": "Hash Join", "Parent Relationship": "Outer", "Parallel Aware": true, "Join Type": "Inner", "Startup Cost": 1419478.55, "Total Cost": 1758608.26, "Plan Rows": 37980, "Plan Width": 24, "Inner Unique": false, "Hash Cond": "(orders.o_orderkey = lineitem.l_orderkey)", "Plans": [{"Node Type": "Seq Scan", "Parent Relationship": "Outer", "Parallel Aware": true, "Relation Name": "orders", "Alias": "orders", "Startup Cost": 0.0, "Total Cost": 333488.86, "Plan Rows": 1471555, "Plan Width": 12, "Filter": "((o_orderdate >= '1995-01-01'::date) AND (o_orderdate <= '1996-12-31'::date))"}, {"Node Type": "Hash", "Parent Relationship": "Inner", "Parallel Aware": true, "Startup Cost": 1417917.59, "Total Cost": 1417917.59, "Plan Rows": 124877, "Plan Width": 20, "Plans": [{"Node Type": "Hash Join", "Parent Relationship": "Outer", "Parallel Aware": true, "Join Type": "Inner", "Startup Cost": 49078.57, "Total Cost": 1417917.59, "Plan Rows": 124877, "Plan Width": 20, "Inner Unique": true, "Hash Cond": "(lineitem.l_partkey = part.p_partkey)", "Plans": [{"Node Type": "Seq Scan", "Parent Relationship": "Outer", "Parallel Aware": true, "Relation Name": "lineitem", "Alias": "lineitem", "Startup Cost": 0.0, "Total Cost": 1318044.5, "Plan Rows": 19350250, "Plan Width": 24}, {"Node Type": "Hash", "Parent Relationship": "Inner", "Parallel Aware": true, "Startup Cost": 49026.52, "Total Cost": 49026.52, "Plan Rows": 4164, "Plan Width": 4, "Plans": [{"Node Type": "Seq Scan", "Parent Relationship": "Outer", "Parallel Aware": true, "Relation Name": "part", "Alias": "part", "Startup Cost": 0.0, "Total Cost": 49026.52, "Plan Rows": 4164, "Plan Width": 4, "Filter": "((p_type)::text = 'ECONOMY POLISHED STEEL'::text)"}]}]}]}]}]}]}, {"Node Type": "Hash", "Parent Relationship": "Inner", "Parallel Aware": false, "Startup Cost": 2.45, "Total Cost": 2.45, "Plan Rows": 5, "Plan Width": 4, "Plans": [{"Node Type": "Hash Join", "Parent Relationship": "Outer", "Parallel Aware": false, "Join Type": "Inner", "Startup Cost": 1.07, "Total Cost": 2.45, "Plan Rows": 5, "Plan Width": 4, "Inner Unique": true, "Hash Cond": "(n1.n_regionkey = region.r_regionkey)", "Plans": [{"Node Type": "Seq Scan", "Parent Relationship": "Outer", "Parallel Aware": false, "Relation Name": "nation", "Alias": "n1", "Startup Cost": 0.0, "Total Cost": 1.25, "Plan Rows": 25, "Plan Width": 8}, {"Node Type": "Hash", "Parent Relationship": "Inner", "Parallel Aware": false, "Startup Cost": 1.06, "Total Cost": 1.06, "Plan Rows": 1, "Plan Width": 4, "Plans": [{"Node Type": "Seq Scan", "Parent Relationship": "Outer", "Parallel Aware": false, "Relation Name": "region", "Alias": "region", "Startup Cost": 0.0, "Total Cost": 1.06, "Plan Rows": 1, "Plan Width": 4, "Filter": "(r_name = 'ASIA'::bpchar)"}]}]}]}]}]}]}, {"Node Type": "Hash", "Parent Relationship": "Inner", "Parallel Aware": false, "Startup Cost": 1.25, "Total Cost": 1.25, "Plan Rows": 25, "Plan Width": 30, "Plans": [{"Node Type": "Seq Scan", "Parent Relationship": "Outer", "Parallel Aware": false, "Relation Name": "nation", "Alias": "n2", "Startup Cost": 0.0, "Total Cost": 1.25, "Plan Rows": 25, "Plan Width": 30}]}]}]}]}]}]}]}}, {"Plan": {"Node Type": "Limit", "Parallel Aware": false, "Startup Cost": 2952223.4, "Total Cost": 2952223.91, "Plan Rows": 1, "Plan Width": 40, "Plans": [{"Node Type": "Aggregate", "Strategy": "Sorted", "Partial Mode": "Finalize", "Parent Relationship": "Outer", "Parallel Aware": false, "Startup Cost": 2952223.4, "Total Cost": 2953434.91, "Plan Rows": 2406, "Plan Width": 40, "Group Key": ["(date_part('year'::text, (orders.o_orderdate)::timestamp without time zone))"], "Plans": [{"Node Type": "Gather Merge", "Parent Relationship": "Outer", "Parallel Aware": false, "Startup Cost": 2952223.4, "Total Cost": 2953290.55, "Plan Rows": 7218, "Plan Width": 72, "Workers Planned": 3, "Plans": [{"Node Type": "Aggregate", "Strategy": "Sorted", "Partial Mode": "Partial", "Parent Relationship": "Outer", "Parallel Aware": false, "Startup Cost": 2951223.36, "Total Cost": 2951442.39, "Plan Rows": 2406, "Plan Width": 72, "Group Key": ["(date_part('year'::text, (orders.o_orderdate)::timestamp without time zone))"], "Plans": [{"Node Type": "Sort", "Parent Relationship": "Outer", "Parallel Aware": false, "Startup Cost": 2951223.36, "Total Cost": 2951242.35, "Plan Rows": 7596, "Plan Width": 46, "Sort Key": ["(date_part('year'::text, (orders.o_orderdate)::timestamp without time zone))"], "Plans": [{"Node Type": "Merge Join", "Parent Relationship": "Outer", "Parallel Aware": false, "Join Type": "Inner", "Startup Cost": 2950578.1, "Total Cost": 2950733.76, "Plan Rows": 7596, "Plan Width": 46, "Inner Unique": true, "Merge Cond": "(supplier.s_nationkey = n2.n_nationkey)", "Plans": [{"Node Type": "Sort", "Parent Relationship": "Outer", "Parallel Aware": false, "Startup Cost": 2950577.97, "Total Cost": 2950596.96, "Plan Rows": 7596, "Plan Width": 20, "Sort Key": ["supplier.s_nationkey"], "Plans": [{"Node Type": "Merge Join", "Parent Relationship": "Outer", "Parallel Aware": false, "Join Type": "Inner", "Startup Cost": 2945704.62, "Total Cost": 2950088.36, "Plan Rows": 7596, "Plan Width": 20, "Inner Unique": true, "Merge Cond": "(lineitem.l_suppkey = supplier.s_suppkey)", "Plans": [{"Node Type": "Sort", "Parent Relationship": "Outer", "Parallel Aware": false, "Startup Cost": 2945704.33, "Total Cost": 2945723.32, "Plan Rows": 7596, "Plan Width": 20, "Sort Key": ["lineitem.l_suppkey"], "Plans": [{"Node Type": "Merge Join", "Parent Relationship": "Outer", "Parallel Aware": false, "Join Type": "Inner", "Startup Cost": 2857223.62, "Total Cost": 2945214.73, "Plan Rows": 7596, "Plan Width": 20, "Inner Unique": true, "Merge Cond": "(lineitem.l_partkey = part.p_partkey)", "Plans": [{"Node Type": "Sort", "Parent Relationship": "Outer", "Parallel Aware": false, "Startup Cost": 2857223.14, "Total Cost": 2860165.7, "Plan Rows": 1177027, "Plan Width": 24, "Sort Key": ["lineitem.l_partkey"], "Plans": [{"Node Type": "Merge Join", "Parent Relationship": "Outer", "Parallel Aware": false, "Join Type": "Inner", "Startup Cost": 857042.09, "Total Cost": 2724400.44, "Plan Rows": 1177027, "Plan Width": 24, "Inner Unique": false, "Merge Cond": "(lineitem.l_orderkey = orders.o_orderkey)", "Plans": [{"Node Type": "Index Scan", "Parent Relationship": "Outer", "Parallel Aware": true, "Scan Direction": "Forward", "Index Name": "idx_lineitem_orderkey", "Relation Name": "lineitem", "Alias": "lineitem", "Startup Cost": 0.56, "Total Cost": 1799092.35, "Plan Rows": 19350250, "Plan Width": 24}, {"Node Type": "Materialize", "Parent Relationship": "Inner", "Parallel Aware": false, "Startup Cost": 856996.17, "Total Cost": 861557.99, "Plan Rows": 912364, "Plan Width": 8, "Plans": [{"Node Type": "Sort", "Parent Relationship": "Outer", "Parallel Aware": false, "Startup Cost": 856996.17, "Total Cost": 859277.08, "Plan Rows": 912364, "Plan Width": 8, "Sort Key": ["orders.o_orderkey"], "Plans": [{"Node Type": "Merge Join", "Parent Relationship": "Outer", "Parallel Aware": false, "Join Type": "Inner", "Startup Cost": 101993.51, "Total Cost": 759369.36, "Plan Rows": 912364, "Plan Width": 8, "Inner Unique": false, "Merge Cond": "(orders.o_custkey = customer.c_custkey)", "Plans": [{"Node Type": "Index Scan", "Parent Relationship": "Outer", "Parallel Aware": false, "Scan Direction": "Forward", "Index Name": "idx_orders_custkey", "Relation Name": "orders", "Alias": "orders", "Startup Cost": 0.43, "Total Cost": 632290.37, "Plan Rows": 4561822, "Plan Width": 12, "Filter": "((o_orderdate >= '1995-01-01'::date) AND (o_orderdate <= '1996-12-31'::date))"}, {"Node Type": "Sort", "Parent Relationship": "Inner", "Parallel Aware": false, "Startup Cost": 101988.99, "Total Cost": 102738.99, "Plan Rows": 300000, "Plan Width": 4, "Sort Key": ["customer.c_custkey"], "Plans": [{"Node Type": "Merge Join", "Parent Relationship": "Outer", "Parallel Aware": false, "Join Type": "Inner", "Startup Cost": 7.93, "Total Cost": 74697.08, "Plan Rows": 300000, "Plan Width": 4, "Inner Unique": false, "Merge Cond": "(customer.c_nationkey = n1.n_nationkey)", "Plans": [{"Node Type": "Index Scan", "Parent Relationship": "Outer", "Parallel Aware": false, "Scan Direction": "Forward", "Index Name": "idx_customer_nationkey", "Relation Name": "customer", "Alias": "customer", "Startup Cost": 0.43, "Total Cost": 66439.58, "Plan Rows": 1500000, "Plan Width": 8}, {"Node Type": "Sort", "Parent Relationship": "Inner", "Parallel Aware": false, "Startup Cost": 7.51, "Total Cost": 7.52, "Plan Rows": 5, "Plan Width": 4, "Sort Key": ["n1.n_nationkey"], "Plans": [{"Node Type": "Merge Join", "Parent Relationship": "Outer", "Parallel Aware": false, "Join Type": "Inner", "Startup Cost": 0.27, "Total Cost": 7.45, "Plan Rows": 5, "Plan Width": 4, "Inner Unique": true, "Merge Cond": "(n1.n_regionkey = region.r_regionkey)", "Plans": [{"Node Type": "Index Scan", "Parent Relationship": "Outer", "Parallel Aware": false, "Scan Direction": "Forward", "Index Name": "idx_nation_regionkey", "Relation Name": "nation", "Alias": "n1", "Startup Cost": 0.14, "Total Cost": 3.81, "Plan Rows": 25, "Plan Width": 8}, {"Node Type": "Index Scan", "Parent Relationship": "Inner", "Parallel Aware": false, "Scan Direction": "Forward", "Index Name": "region_pkey", "Relation Name": "region", "Alias": "region", "Startup Cost": 0.13, "Total Cost": 3.52, "Plan Rows": 1, "Plan Width": 4, "Filter": "(r_name = 'ASIA'::bpchar)"}]}]}]}]}]}]}]}]}]}, {"Node Type": "Index Scan", "Parent Relationship": "Inner", "Parallel Aware": false, "Scan Direction": "Forward", "Index Name": "part_pkey", "Relation Name": "part", "Alias": "part", "Startup Cost": 0.43, "Total Cost": 81998.23, "Plan Rows": 12907, "Plan Width": 4, "Filter": "((p_type)::text = 'ECONOMY POLISHED STEEL'::text)"}]}]}, {"Node Type": "Index Scan", "Parent Relationship": "Inner", "Parallel Aware": false, "Scan Direction": "Forward", "Index Name": "supplier_pkey", "Relation Name": "supplier", "Alias": "supplier", "Startup Cost": 0.29, "Total Cost": 4020.1, "Plan Rows": 100000, "Plan Width": 8}]}]}, {"Node Type": "Index Scan", "Parent Relationship": "Inner", "Parallel Aware": false, "Scan Direction": "Forward", "Index Name": "nation_pkey", "Relation Name": "nation", "Alias": "n2", "Startup Cost": 0.14, "Total Cost": 3.81, "Plan Rows": 25, "Plan Width": 30}]}]}]}]}]}]}}, {"Plan": {"Node Type": "Limit", "Parallel Aware": false, "Startup Cost": 278698.64, "Total Cost": 278699.14, "Plan Rows": 1, "Plan Width": 40, "Plans": [{"Node Type": "Aggregate", "Strategy": "Sorted", "Partial Mode": "Finalize", "Parent Relationship": "Outer", "Parallel Aware": false, "Startup Cost": 278698.64, "Total Cost": 279910.15, "Plan Rows": 2406, "Plan Width": 40, "Group Key": ["(date_part('year'::text, (orders.o_orderdate)::timestamp without time zone))"], "Plans": [{"Node Type": "Gather Merge", "Parent Relationship": "Outer", "Parallel Aware": false, "Startup Cost": 278698.64, "Total Cost": 279765.79, "Plan Rows": 7218, "Plan Width": 72, "Workers Planned": 3, "Plans": [{"Node Type": "Aggregate", "Strategy": "Sorted", "Partial Mode": "Partial", "Parent Relationship": "Outer", "Parallel Aware": false, "Startup Cost": 277698.6, "Total Cost": 277917.63, "Plan Rows": 2406, "Plan Width": 72, "Group Key": ["(date_part('year'::text, (orders.o_orderdate)::timestamp without time zone))"], "Plans": [{"Node Type": "Sort", "Parent Relationship": "Outer", "Parallel Aware": false, "Startup Cost": 277698.6, "Total Cost": 277717.59, "Plan Rows": 7596, "Plan Width": 46, "Sort Key": ["(date_part('year'::text, (orders.o_orderdate)::timestamp without time zone))"], "Plans": [{"Node Type": "Merge Join", "Parent Relationship": "Outer", "Parallel Aware": false, "Join Type": "Inner", "Startup Cost": 277053.34, "Total Cost": 277209.0, "Plan Rows": 7596, "Plan Width": 46, "Inner Unique": true, "Merge Cond": "(supplier.s_nationkey = n2.n_nationkey)", "Plans": [{"Node Type": "Sort", "Parent Relationship": "Outer", "Parallel Aware": false, "Startup Cost": 277053.21, "Total Cost": 277072.2, "Plan Rows": 7596, "Plan Width": 20, "Sort Key": ["supplier.s_nationkey"], "Plans": [{"Node Type": "Nested Loop", "Parent Relationship": "Outer", "Parallel Aware": false, "Join Type": "Inner", "Startup Cost": 273904.95, "Total Cost": 276563.6, "Plan Rows": 7596, "Plan Width": 20, "Inner Unique": true, "Plans": [{"Node Type": "Merge Join", "Parent Relationship": "Outer", "Parallel Aware": false, "Join Type": "Inner", "Startup Cost": 273904.66, "Total Cost": 274208.5, "Plan Rows": 7596, "Plan Width": 20, "Inner Unique": false, "Merge Cond": "(customer.c_nationkey = n1.n_nationkey)", "Plans": [{"Node Type": "Sort", "Parent Relationship": "Outer", "Parallel Aware": false, "Startup Cost": 273898.6, "Total Cost": 273993.55, "Plan Rows": 37980, "Plan Width": 24, "Sort Key": ["customer.c_nationkey"], "Plans": [{"Node Type": "Nested Loop", "Parent Relationship": "Outer", "Parallel Aware": false, "Join Type": "Inner", "Startup Cost": 1.85, "Total Cost": 271009.66, "Plan Rows": 37980, "Plan Width": 24, "Inner Unique": true, "Plans": [{"Node Type": "Nested Loop", "Parent Relationship": "Outer", "Parallel Aware": false, "Join Type": "Inner", "Startup Cost": 1.43, "Total Cost": 253742.76, "Plan Rows": 37980, "Plan Width": 24, "Inner Unique": true, "Plans": [{"Node Type": "Nested Loop", "Parent Relationship": "Outer", "Parallel Aware": false, "Join Type": "Inner", "Startup Cost": 0.99, "Total Cost": 195919.87, "Plan Rows": 124877, "Plan Width": 20, "Inner Unique": false, "Plans": [{"Node Type": "Index Scan", "Parent Relationship": "Outer", "Parallel Aware": true, "Scan Direction": "Forward", "Index Name": "part_pkey", "Relation Name": "part", "Alias": "part", "Startup Cost": 0.43, "Total Cost": 65062.74, "Plan Rows": 4164, "Plan Width": 4, "Filter": "((p_type)::text = 'ECONOMY POLISHED STEEL'::text)"}, {"Node Type": "Index Scan", "Parent Relationship": "Inner", "Parallel Aware": false, "Scan Direction": "Forward", "Index Name": "idx_lineitem_part_supp", "Relation Name": "lineitem", "Alias": "lineitem", "Startup Cost": 0.56, "Total Cost": 31.12, "Plan Rows": 31, "Plan Width": 24, "Index Cond": "(l_partkey = part.p_partkey)"}]}, {"Node Type": "Index Scan", "Parent Relationship": "Inner", "Parallel Aware": false, "Scan Direction": "Forward", "Index Name": "orders_pkey", "Relation Name": "orders", "Alias": "orders", "Startup Cost": 0.43, "Total Cost": 0.46, "Plan Rows": 1, "Plan Width": 12, "Index Cond": "(o_orderkey = lineitem.l_orderkey)", "Filter": "((o_orderdate >= '1995-01-01'::date) AND (o_orderdate <= '1996-12-31'::date))"}]}, {"Node Type": "Index Scan", "Parent Relationship": "Inner", "Parallel Aware": false, "Scan Direction": "Forward", "Index Name": "customer_pkey", "Relation Name": "customer", "Alias": "customer", "Startup Cost": 0.43, "Total Cost": 0.45, "Plan Rows": 1, "Plan Width": 8, "Index Cond": "(c_custkey = orders.o_custkey)"}]}]}, {"Node Type": "Sort", "Parent Relationship": "Inner", "Parallel Aware": false, "Startup Cost": 6.05, "Total Cost": 6.07, "Plan Rows": 5, "Plan Width": 4, "Sort Key": ["n1.n_nationkey"], "Plans": [{"Node Type": "Nested Loop", "Parent Relationship": "Outer", "Parallel Aware": false, "Join Type": "Inner", "Startup Cost": 0.27, "Total Cost": 6.0, "Plan Rows": 5, "Plan Width": 4, "Inner Unique": false, "Plans": [{"Node Type": "Index Scan", "Parent Relationship": "Outer", "Parallel Aware": false, "Scan Direction": "Forward", "Index Name": "region_pkey", "Relation Name": "region", "Alias": "region", "Startup Cost": 0.13, "Total Cost": 3.52, "Plan Rows": 1, "Plan Width": 4, "Filter": "(r_name = 'ASIA'::bpchar)"}, {"Node Type": "Index Scan", "Parent Relationship": "Inner", "Parallel Aware": false, "Scan Direction": "Forward", "Index Name": "idx_nation_regionkey", "Relation Name": "nation", "Alias": "n1", "Startup Cost": 0.14, "Total Cost": 2.43, "Plan Rows": 5, "Plan Width": 8, "Index Cond": "(n_regionkey = region.r_regionkey)"}]}]}]}, {"Node Type": "Index Scan", "Parent Relationship": "Inner", "Parallel Aware": false, "Scan Direction": "Forward", "Index Name": "supplier_pkey", "Relation Name": "supplier", "Alias": "supplier", "Startup Cost": 0.29, "Total Cost": 0.31, "Plan Rows": 1, "Plan Width": 8, "Index Cond": "(s_suppkey = lineitem.l_suppkey)"}]}]}, {"Node Type": "Index Scan", "Parent Relationship": "Inner", "Parallel Aware": false, "Scan Direction": "Forward", "Index Name": "nation_pkey", "Relation Name": "nation", "Alias": "n2", "Startup Cost": 0.14, "Total Cost": 3.81, "Plan Rows": 25, "Plan Width": 30}]}]}]}]}]}]}}, {"Plan": {"Node Type": "Limit", "Parallel Aware": false, "Startup Cost": 262657.12, "Total Cost": 262657.63, "Plan Rows": 1, "Plan Width": 40, "Plans": [{"Node Type": "Aggregate", "Strategy": "Sorted", "Partial Mode": "Finalize", "Parent Relationship": "Outer", "Parallel Aware": false, "Startup Cost": 262657.12, "Total Cost": 263868.63, "Plan Rows": 2406, "Plan Width": 40, "Group Key": ["(date_part('year'::text, (orders.o_orderdate)::timestamp without time zone))"], "Plans": [{"Node Type": "Gather Merge", "Parent Relationship": "Outer", "Parallel Aware": false, "Startup Cost": 262657.12, "Total Cost": 263724.27, "Plan Rows": 7218, "Plan Width": 72, "Workers Planned": 3, "Plans": [{"Node Type": "Aggregate", "Strategy": "Sorted", "Partial Mode": "Partial", "Parent Relationship": "Outer", "Parallel Aware": false, "Startup Cost": 261657.08, "Total Cost": 261876.11, "Plan Rows": 2406, "Plan Width": 72, "Group Key": ["(date_part('year'::text, (orders.o_orderdate)::timestamp without time zone))"], "Plans": [{"Node Type": "Sort", "Parent Relationship": "Outer", "Parallel Aware": false, "Startup Cost": 261657.08, "Total Cost": 261676.07, "Plan Rows": 7596, "Plan Width": 46, "Sort Key": ["(date_part('year'::text, (orders.o_orderdate)::timestamp without time zone))"], "Plans": [{"Node Type": "Merge Join", "Parent Relationship": "Outer", "Parallel Aware": false, "Join Type": "Inner", "Startup Cost": 261015.44, "Total Cost": 261167.48, "Plan Rows": 7596, "Plan Width": 46, "Inner Unique": true, "Merge Cond": "(supplier.s_nationkey = n2.n_nationkey)", "Plans": [{"Node Type": "Sort", "Parent Relationship": "Outer", "Parallel Aware": false, "Startup Cost": 261013.61, "Total Cost": 261032.6, "Plan Rows": 7596, "Plan Width": 20, "Sort Key": ["supplier.s_nationkey"], "Plans": [{"Node Type": "Nested Loop", "Parent Relationship": "Outer", "Parallel Aware": false, "Join Type": "Inner", "Startup Cost": 257865.35, "Total Cost": 260524.01, "Plan Rows": 7596, "Plan Width": 20, "Inner Unique": true, "Plans": [{"Node Type": "Merge Join", "Parent Relationship": "Outer", "Parallel Aware": false, "Join Type": "Inner", "Startup Cost": 257865.06, "Total Cost": 258168.9, "Plan Rows": 7596, "Plan Width": 20, "Inner Unique": false, "Merge Cond": "(customer.c_nationkey = n1.n_nationkey)", "Plans": [{"Node Type": "Sort", "Parent Relationship": "Outer", "Parallel Aware": false, "Startup Cost": 257862.38, "Total Cost": 257957.33, "Plan Rows": 37980, "Plan Width": 24, "Sort Key": ["customer.c_nationkey"], "Plans": [{"Node Type": "Nested Loop", "Parent Relationship": "Outer", "Parallel Aware": false, "Join Type": "Inner", "Startup Cost": 1.43, "Total Cost": 254973.44, "Plan Rows": 37980, "Plan Width": 24, "Inner Unique": true, "Plans": [{"Node Type": "Nested Loop", "Parent Relationship": "Outer", "Parallel Aware": false, "Join Type": "Inner", "Startup Cost": 1.0, "Total Cost": 237706.53, "Plan Rows": 37980, "Plan Width": 24, "Inner Unique": true, "Plans": [{"Node Type": "Nested Loop", "Parent Relationship": "Outer", "Parallel Aware": false, "Join Type": "Inner", "Startup Cost": 0.56, "Total Cost": 179883.64, "Plan Rows": 124877, "Plan Width": 20, "Inner Unique": false, "Plans": [{"Node Type": "Seq Scan", "Parent Relationship": "Outer", "Parallel Aware": true, "Relation Name": "part", "Alias": "part", "Startup Cost": 0.0, "Total Cost": 49026.52, "Plan Rows": 4164, "Plan Width": 4, "Filter": "((p_type)::text = 'ECONOMY POLISHED STEEL'::text)"}, {"Node Type": "Index Scan", "Parent Relationship": "Inner", "Parallel Aware": false, "Scan Direction": "Forward", "Index Name": "idx_lineitem_part_supp", "Relation Name": "lineitem", "Alias": "lineitem", "Startup Cost": 0.56, "Total Cost": 31.12, "Plan Rows": 31, "Plan Width": 24, "Index Cond": "(l_partkey = part.p_partkey)"}]}, {"Node Type": "Index Scan", "Parent Relationship": "Inner", "Parallel Aware": false, "Scan Direction": "Forward", "Index Name": "orders_pkey", "Relation Name": "orders", "Alias": "orders", "Startup Cost": 0.43, "Total Cost": 0.46, "Plan Rows": 1, "Plan Width": 12, "Index Cond": "(o_orderkey = lineitem.l_orderkey)", "Filter": "((o_orderdate >= '1995-01-01'::date) AND (o_orderdate <= '1996-12-31'::date))"}]}, {"Node Type": "Index Scan", "Parent Relationship": "Inner", "Parallel Aware": false, "Scan Direction": "Forward", "Index Name": "customer_pkey", "Relation Name": "customer", "Alias": "customer", "Startup Cost": 0.43, "Total Cost": 0.45, "Plan Rows": 1, "Plan Width": 8, "Index Cond": "(c_custkey = orders.o_custkey)"}]}]}, {"Node Type": "Sort", "Parent Relationship": "Inner", "Parallel Aware": false, "Startup Cost": 2.68, "Total Cost": 2.7, "Plan Rows": 5, "Plan Width": 4, "Sort Key": ["n1.n_nationkey"], "Plans": [{"Node Type": "Nested Loop", "Parent Relationship": "Outer", "Parallel Aware": false, "Join Type": "Inner", "Startup Cost": 0.0, "Total Cost": 2.62, "Plan Rows": 5, "Plan Width": 4, "Inner Unique": false, "Join Filter": "(n1.n_regionkey = region.r_regionkey)", "Plans": [{"Node Type": "Seq Scan", "Parent Relationship": "Outer", "Parallel Aware": false, "Relation Name": "region", "Alias": "region", "Startup Cost": 0.0, "Total Cost": 1.06, "Plan Rows": 1, "Plan Width": 4, "Filter": "(r_name = 'ASIA'::bpchar)"}, {"Node Type": "Seq Scan", "Parent Relationship": "Inner", "Parallel Aware": false, "Relation Name": "nation", "Alias": "n1", "Startup Cost": 0.0, "Total Cost": 1.25, "Plan Rows": 25, "Plan Width": 8}]}]}]}, {"Node Type": "Index Scan", "Parent Relationship": "Inner", "Parallel Aware": false, "Scan Direction": "Forward", "Index Name": "supplier_pkey", "Relation Name": "supplier", "Alias": "supplier", "Startup Cost": 0.29, "Total Cost": 0.31, "Plan Rows": 1, "Plan Width": 8, "Index Cond": "(s_suppkey = lineitem.l_suppkey)"}]}]}, {"Node Type": "Sort", "Parent Relationship": "Inner", "Parallel Aware": false, "Startup Cost": 1.83, "Total Cost": 1.89, "Plan Rows": 25, "Plan Width": 30, "Sort Key": ["n2.n_nationkey"], "Plans": [{"Node Type": "Seq Scan", "Parent Relationship": "Outer", "Parallel Aware": false, "Relation Name": "nation", "Alias": "n2", "Startup Cost": 0.0, "Total Cost": 1.25, "Plan Rows": 25, "Plan Width": 30}]}]}]}]}]}]}]}}, {"Plan": {"Node Type": "Limit", "Parallel Aware": false, "Startup Cost": 2943668.27, "Total Cost": 2943668.51, "Plan Rows": 1, "Plan Width": 40, "Plans": [{"Node Type": "Aggregate", "Strategy": "Sorted", "Partial Mode": "Simple", "Parent Relationship": "Outer", "Parallel Aware": false, "Startup Cost": 2943668.27, "Total Cost": 2944252.21, "Plan Rows": 2406, "Plan Width": 40, "Group Key": ["(date_part('year'::text, (orders.o_orderdate)::timestamp without time zone))"], "Plans": [{"Node Type": "Sort", "Parent Relationship": "Outer", "Parallel Aware": false, "Startup Cost": 2943668.27, "Total Cost": 2943727.14, "Plan Rows": 23547, "Plan Width": 46, "Sort Key": ["(date_part('year'::text, (orders.o_orderdate)::timestamp without time zone))"], "Plans": [{"Node Type": "Merge Join", "Parent Relationship": "Outer", "Parallel Aware": false, "Join Type": "Inner", "Startup Cost": 2941487.31, "Total Cost": 2941958.37, "Plan Rows": 23547, "Plan Width": 46, "Inner Unique": true, "Merge Cond": "(supplier.s_nationkey = n2.n_nationkey)", "Plans": [{"Node Type": "Sort", "Parent Relationship": "Outer", "Parallel Aware": false, "Startup Cost": 2941485.48, "Total Cost": 2941544.35, "Plan Rows": 23547, "Plan Width": 20, "Sort Key": ["supplier.s_nationkey"], "Plans": [{"Node Type": "Merge Join", "Parent Relationship": "Outer", "Parallel Aware": false, "Join Type": "Inner", "Startup Cost": 2935152.57, "Total Cost": 2939775.58, "Plan Rows": 23547, "Plan Width": 20, "Inner Unique": false, "Merge Cond": "(supplier.s_suppkey = lineitem.l_suppkey)", "Plans": [{"Node Type": "Index Scan", "Parent Relationship": "Outer", "Parallel Aware": false, "Scan Direction": "Forward", "Index Name": "supplier_pkey", "Relation Name": "supplier", "Alias": "supplier", "Startup Cost": 0.29, "Total Cost": 4020.1, "Plan Rows": 100000, "Plan Width": 8}, {"Node Type": "Sort", "Parent Relationship": "Inner", "Parallel Aware": false, "Startup Cost": 2935152.28, "Total Cost": 2935211.15, "Plan Rows": 23547, "Plan Width": 20, "Sort Key": ["lineitem.l_suppkey"], "Plans": [{"Node Type": "Gather", "Parent Relationship": "Outer", "Parallel Aware": false, "Startup Cost": 2925062.11, "Total Cost": 2933442.39, "Plan Rows": 23547, "Plan Width": 20, "Workers Planned": 3, "Single Copy": false, "Plans": [{"Node Type": "Merge Join", "Parent Relationship": "Outer", "Parallel Aware": false, "Join Type": "Inner", "Startup Cost": 2924062.11, "Total Cost": 2930087.69, "Plan Rows": 7596, "Plan Width": 20, "Inner Unique": true, "Merge Cond": "(lineitem.l_partkey = part.p_partkey)", "Plans": [{"Node Type": "Sort", "Parent Relationship": "Outer", "Parallel Aware": false, "Startup Cost": 2857218.77, "Total Cost": 2860161.34, "Plan Rows": 1177027, "Plan Width": 24, "Sort Key": ["lineitem.l_partkey"], "Plans": [{"Node Type": "Merge Join", "Parent Relationship": "Outer", "Parallel Aware": false, "Join Type": "Inner", "Startup Cost": 857037.73, "Total Cost": 2724396.08, "Plan Rows": 1177027, "Plan Width": 24, "Inner Unique": false, "Merge Cond": "(lineitem.l_orderkey = orders.o_orderkey)", "Plans": [{"Node Type": "Index Scan", "Parent Relationship": "Outer", "Parallel Aware": true, "Scan Direction": "Forward", "Index Name": "idx_lineitem_orderkey", "Relation Name": "lineitem", "Alias": "lineitem", "Startup Cost": 0.56, "Total Cost": 1799092.35, "Plan Rows": 19350250, "Plan Width": 24}, {"Node Type": "Materialize", "Parent Relationship": "Inner", "Parallel Aware": false, "Startup Cost": 856991.81, "Total Cost": 861553.63, "Plan Rows": 912364, "Plan Width": 8, "Plans": [{"Node Type": "Sort", "Parent Relationship": "Outer", "Parallel Aware": false, "Startup Cost": 856991.81, "Total Cost": 859272.72, "Plan Rows": 912364, "Plan Width": 8, "Sort Key": ["orders.o_orderkey"], "Plans": [{"Node Type": "Merge Join", "Parent Relationship": "Outer", "Parallel Aware": false, "Join Type": "Inner", "Startup Cost": 101989.15, "Total Cost": 759365.0, "Plan Rows": 912364, "Plan Width": 8, "Inner Unique": false, "Merge Cond": "(orders.o_custkey = customer.c_custkey)", "Plans": [{"Node Type": "Index Scan", "Parent Relationship": "Outer", "Parallel Aware": false, "Scan Direction": "Forward", "Index Name": "idx_orders_custkey", "Relation Name": "orders", "Alias": "orders", "Startup Cost": 0.43, "Total Cost": 632290.37, "Plan Rows": 4561822, "Plan Width": 12, "Filter": "((o_orderdate >= '1995-01-01'::date) AND (o_orderdate <= '1996-12-31'::date))"}, {"Node Type": "Sort", "Parent Relationship": "Inner", "Parallel Aware": false, "Startup Cost": 101984.63, "Total Cost": 102734.63, "Plan Rows": 300000, "Plan Width": 4, "Sort Key": ["customer.c_custkey"], "Plans": [{"Node Type": "Merge Join", "Parent Relationship": "Outer", "Parallel Aware": false, "Join Type": "Inner", "Startup Cost": 3.57, "Total Cost": 74692.72, "Plan Rows": 300000, "Plan Width": 4, "Inner Unique": false, "Merge Cond": "(customer.c_nationkey = n1.n_nationkey)", "Plans": [{"Node Type": "Index Scan", "Parent Relationship": "Outer", "Parallel Aware": false, "Scan Direction": "Forward", "Index Name": "idx_customer_nationkey", "Relation Name": "customer", "Alias": "customer", "Startup Cost": 0.43, "Total Cost": 66439.58, "Plan Rows": 1500000, "Plan Width": 8}, {"Node Type": "Sort", "Parent Relationship": "Inner", "Parallel Aware": false, "Startup Cost": 3.14, "Total Cost": 3.16, "Plan Rows": 5, "Plan Width": 4, "Sort Key": ["n1.n_nationkey"], "Plans": [{"Node Type": "Merge Join", "Parent Relationship": "Outer", "Parallel Aware": false, "Join Type": "Inner", "Startup Cost": 2.9, "Total Cost": 3.09, "Plan Rows": 5, "Plan Width": 4, "Inner Unique": true, "Merge Cond": "(n1.n_regionkey = region.r_regionkey)", "Plans": [{"Node Type": "Sort", "Parent Relationship": "Outer", "Parallel Aware": false, "Startup Cost": 1.83, "Total Cost": 1.89, "Plan Rows": 25, "Plan Width": 8, "Sort Key": ["n1.n_regionkey"], "Plans": [{"Node Type": "Seq Scan", "Parent Relationship": "Outer", "Parallel Aware": false, "Relation Name": "nation", "Alias": "n1", "Startup Cost": 0.0, "Total Cost": 1.25, "Plan Rows": 25, "Plan Width": 8}]}, {"Node Type": "Sort", "Parent Relationship": "Inner", "Parallel Aware": false, "Startup Cost": 1.07, "Total Cost": 1.08, "Plan Rows": 1, "Plan Width": 4, "Sort Key": ["region.r_regionkey"], "Plans": [{"Node Type": "Seq Scan", "Parent Relationship": "Outer", "Parallel Aware": false, "Relation Name": "region", "Alias": "region", "Startup Cost": 0.0, "Total Cost": 1.06, "Plan Rows": 1, "Plan Width": 4, "Filter": "(r_name = 'ASIA'::bpchar)"}]}]}]}]}]}]}]}]}]}]}, {"Node Type": "Sort", "Parent Relationship": "Inner", "Parallel Aware": false, "Startup Cost": 66843.28, "Total Cost": 66875.55, "Plan Rows": 12907, "Plan Width": 4, "Sort Key": ["part.p_partkey"], "Plans": [{"Node Type": "Seq Scan", "Parent Relationship": "Outer", "Parallel Aware": false, "Relation Name": "part", "Alias": "part", "Startup Cost": 0.0, "Total Cost": 65962.0, "Plan Rows": 12907, "Plan Width": 4, "Filter": "((p_type)::text = 'ECONOMY POLISHED STEEL'::text)"}]}]}]}]}]}]}, {"Node Type": "Sort", "Parent Relationship": "Inner", "Parallel Aware": false, "Startup Cost": 1.83, "Total Cost": 1.89, "Plan Rows": 25, "Plan Width": 30, "Sort Key": ["n2.n_nationkey"], "Plans": [{"Node Type": "Seq Scan", "Parent Relationship": "Outer", "Parallel Aware": false, "Relation Name": "nation", "Alias": "n2", "Startup Cost": 0.0, "Total Cost": 1.25, "Plan Rows": 25, "Plan Width": 30}]}]}]}]}]}}, {"Plan": {"Node Type": "Limit", "Parallel Aware": false, "Startup Cost": 292810.22, "Total Cost": 292810.72, "Plan Rows": 1, "Plan Width": 40, "Plans": [{"Node Type": "Aggregate", "Strategy": "Sorted", "Partial Mode": "Finalize", "Parent Relationship": "Outer", "Parallel Aware": false, "Startup Cost": 292810.22, "Total Cost": 294021.72, "Plan Rows": 2406, "Plan Width": 40, "Group Key": ["(date_part('year'::text, (orders.o_orderdate)::timestamp without time zone))"], "Plans": [{"Node Type": "Gather Merge", "Parent Relationship": "Outer", "Parallel Aware": false, "Startup Cost": 292810.22, "Total Cost": 293877.36, "Plan Rows": 7218, "Plan Width": 72, "Workers Planned": 3, "Plans": [{"Node Type": "Aggregate", "Strategy": "Sorted", "Partial Mode": "Partial", "Parent Relationship": "Outer", "Parallel Aware": false, "Startup Cost": 291810.18, "Total Cost": 292029.21, "Plan Rows": 2406, "Plan Width": 72, "Group Key": ["(date_part('year'::text, (orders.o_orderdate)::timestamp without time zone))"], "Plans": [{"Node Type": "Sort", "Parent Relationship": "Outer", "Parallel Aware": false, "Startup Cost": 291810.18, "Total Cost": 291829.17, "Plan Rows": 7596, "Plan Width": 46, "Sort Key": ["(date_part('year'::text, (orders.o_orderdate)::timestamp without time zone))"], "Plans": [{"Node Type": "Nested Loop", "Parent Relationship": "Outer", "Parallel Aware": false, "Join Type": "Inner", "Startup Cost": 2.56, "Total Cost": 291320.58, "Plan Rows": 7596, "Plan Width": 46, "Inner Unique": true, "Plans": [{"Node Type": "Nested Loop", "Parent Relationship": "Outer", "Parallel Aware": false, "Join Type": "Inner", "Startup Cost": 2.42, "Total Cost": 290109.65, "Plan Rows": 7596, "Plan Width": 20, "Inner Unique": true, "Plans": [{"Node Type": "Nested Loop", "Parent Relationship": "Outer", "Parallel Aware": false, "Join Type": "Inner", "Startup Cost": 2.12, "Total Cost": 287754.55, "Plan Rows": 7596, "Plan Width": 20, "Inner Unique": true, "Plans": [{"Node Type": "Nested Loop", "Parent Relationship": "Outer", "Parallel Aware": false, "Join Type": "Inner", "Startup Cost": 1.99, "Total Cost": 276873.28, "Plan Rows": 37980, "Plan Width": 24, "Inner Unique": true, "Plans": [{"Node Type": "Nested Loop", "Parent Relationship": "Outer", "Parallel Aware": false, "Join Type": "Inner", "Startup Cost": 1.85, "Total Cost": 271009.66, "Plan Rows": 37980, "Plan Width": 24, "Inner Unique": true, "Plans": [{"Node Type": "Nested Loop", "Parent Relationship": "Outer", "Parallel Aware": false, "Join Type": "Inner", "Startup Cost": 1.43, "Total Cost": 253742.76, "Plan Rows": 37980, "Plan Width": 24, "Inner Unique": true, "Plans": [{"Node Type": "Nested Loop", "Parent Relationship": "Outer", "Parallel Aware": false, "Join Type": "Inner", "Startup Cost": 0.99, "Total Cost": 195919.87, "Plan Rows": 124877, "Plan Width": 20, "Inner Unique": false, "Plans": [{"Node Type": "Index Scan", "Parent Relationship": "Outer", "Parallel Aware": true, "Scan Direction": "Forward", "Index Name": "part_pkey", "Relation Name": "part", "Alias": "part", "Startup Cost": 0.43, "Total Cost": 65062.74, "Plan Rows": 4164, "Plan Width": 4, "Filter": "((p_type)::text = 'ECONOMY POLISHED STEEL'::text)"}, {"Node Type": "Index Scan", "Parent Relationship": "Inner", "Parallel Aware": false, "Scan Direction": "Forward", "Index Name": "idx_lineitem_part_supp", "Relation Name": "lineitem", "Alias": "lineitem", "Startup Cost": 0.56, "Total Cost": 31.12, "Plan Rows": 31, "Plan Width": 24, "Index Cond": "(l_partkey = part.p_partkey)"}]}, {"Node Type": "Index Scan", "Parent Relationship": "Inner", "Parallel Aware": false, "Scan Direction": "Forward", "Index Name": "orders_pkey", "Relation Name": "orders", "Alias": "orders", "Startup Cost": 0.43, "Total Cost": 0.46, "Plan Rows": 1, "Plan Width": 12, "Index Cond": "(o_orderkey = lineitem.l_orderkey)", "Filter": "((o_orderdate >= '1995-01-01'::date) AND (o_orderdate <= '1996-12-31'::date))"}]}, {"Node Type": "Index Scan", "Parent Relationship": "Inner", "Parallel Aware": false, "Scan Direction": "Forward", "Index Name": "customer_pkey", "Relation Name": "customer", "Alias": "customer", "Startup Cost": 0.43, "Total Cost": 0.45, "Plan Rows": 1, "Plan Width": 8, "Index Cond": "(c_custkey = orders.o_custkey)"}]}, {"Node Type": "Index Scan", "Parent Relationship": "Inner", "Parallel Aware": false, "Scan Direction": "Forward", "Index Name": "nation_pkey", "Relation Name": "nation", "Alias": "n1", "Startup Cost": 0.14, "Total Cost": 0.16, "Plan Rows": 1, "Plan Width": 8, "Index Cond": "(n_nationkey = customer.c_nationkey)"}]}, {"Node Type": "Index Scan", "Parent Relationship": "Inner", "Parallel Aware": false, "Scan Direction": "Forward", "Index Name": "region_pkey", "Relation Name": "region", "Alias": "region", "Startup Cost": 0.13, "Total Cost": 0.28, "Plan Rows": 1, "Plan Width": 4, "Index Cond": "(r_regionkey = n1.n_regionkey)", "Filter": "(r_name = 'ASIA'::bpchar)"}]}, {"Node Type": "Index Scan", "Parent Relationship": "Inner", "Parallel Aware": false, "Scan Direction": "Forward", "Index Name": "supplier_pkey", "Relation Name": "supplier", "Alias": "supplier", "Startup Cost": 0.29, "Total Cost": 0.31, "Plan Rows": 1, "Plan Width": 8, "Index Cond": "(s_suppkey = lineitem.l_suppkey)"}]}, {"Node Type": "Index Scan", "Parent Relationship": "Inner", "Parallel Aware": false, "Scan Direction": "Forward", "Index Name": "nation_pkey", "Relation Name": "nation", "Alias": "n2", "Startup Cost": 0.14, "Total Cost": 0.16, "Plan Rows": 1, "Plan Width": 30, "Index Cond": "(n_nationkey = supplier.s_nationkey)"}]}]}]}]}]}]}}, {"Plan": {"Node Type": "Limit", "Parallel Aware": false, "Startup Cost": 276773.99, "Total Cost": 276774.49, "Plan Rows": 1, "Plan Width": 40, "Plans": [{"Node Type": "Aggregate", "Strategy": "Sorted", "Partial Mode": "Finalize", "Parent Relationship": "Outer", "Parallel Aware": false, "Startup Cost": 276773.99, "Total Cost": 277985.5, "Plan Rows": 2406, "Plan Width": 40, "Group Key": ["(date_part('year'::text, (orders.o_orderdate)::timestamp without time zone))"], "Plans": [{"Node Type": "Gather Merge", "Parent Relationship": "Outer", "Parallel Aware": false, "Startup Cost": 276773.99, "Total Cost": 277841.14, "Plan Rows": 7218, "Plan Width": 72, "Workers Planned": 3, "Plans": [{"Node Type": "Aggregate", "Strategy": "Sorted", "Partial Mode": "Partial", "Parent Relationship": "Outer", "Parallel Aware": false, "Startup Cost": 275773.95, "Total Cost": 275992.98, "Plan Rows": 2406, "Plan Width": 72, "Group Key": ["(date_part('year'::text, (orders.o_orderdate)::timestamp without time zone))"], "Plans": [{"Node Type": "Sort", "Parent Relationship": "Outer", "Parallel Aware": false, "Startup Cost": 275773.95, "Total Cost": 275792.94, "Plan Rows": 7596, "Plan Width": 46, "Sort Key": ["(date_part('year'::text, (orders.o_orderdate)::timestamp without time zone))"], "Plans": [{"Node Type": "Nested Loop", "Parent Relationship": "Outer", "Parallel Aware": false, "Join Type": "Inner", "Startup Cost": 2.13, "Total Cost": 275284.35, "Plan Rows": 7596, "Plan Width": 46, "Inner Unique": true, "Plans": [{"Node Type": "Nested Loop", "Parent Relationship": "Outer", "Parallel Aware": false, "Join Type": "Inner", "Startup Cost": 1.99, "Total Cost": 274073.43, "Plan Rows": 7596, "Plan Width": 20, "Inner Unique": true, "Plans": [{"Node Type": "Nested Loop", "Parent Relationship": "Outer", "Parallel Aware": false, "Join Type": "Inner", "Startup Cost": 1.7, "Total Cost": 271718.32, "Plan Rows": 7596, "Plan Width": 20, "Inner Unique": true, "Plans": [{"Node Type": "Nested Loop", "Parent Relationship": "Outer", "Parallel Aware": false, "Join Type": "Inner", "Startup Cost": 1.56, "Total Cost": 260837.05, "Plan Rows": 37980, "Plan Width": 24, "Inner Unique": true, "Plans": [{"Node Type": "Nested Loop", "Parent Relationship": "Outer", "Parallel Aware": false, "Join Type": "Inner", "Startup Cost": 1.43, "Total Cost": 254973.44, "Plan Rows": 37980, "Plan Width": 24, "Inner Unique": true, "Plans": [{"Node Type": "Nested Loop", "Parent Relationship": "Outer", "Parallel Aware": false, "Join Type": "Inner", "Startup Cost": 1.0, "Total Cost": 237706.53, "Plan Rows": 37980, "Plan Width": 24, "Inner Unique": true, "Plans": [{"Node Type": "Nested Loop", "Parent Relationship": "Outer", "Parallel Aware": false, "Join Type": "Inner", "Startup Cost": 0.56, "Total Cost": 179883.64, "Plan Rows": 124877, "Plan Width": 20, "Inner Unique": false, "Plans": [{"Node Type": "Seq Scan", "Parent Relationship": "Outer", "Parallel Aware": true, "Relation Name": "part", "Alias": "part", "Startup Cost": 0.0, "Total Cost": 49026.52, "Plan Rows": 4164, "Plan Width": 4, "Filter": "((p_type)::text = 'ECONOMY POLISHED STEEL'::text)"}, {"Node Type": "Index Scan", "Parent Relationship": "Inner", "Parallel Aware": false, "Scan Direction": "Forward", "Index Name": "idx_lineitem_part_supp", "Relation Name": "lineitem", "Alias": "lineitem", "Startup Cost": 0.56, "Total Cost": 31.12, "Plan Rows": 31, "Plan Width": 24, "Index Cond": "(l_partkey = part.p_partkey)"}]}, {"Node Type": "Index Scan", "Parent Relationship": "Inner", "Parallel Aware": false, "Scan Direction": "Forward", "Index Name": "orders_pkey", "Relation Name": "orders", "Alias": "orders", "Startup Cost": 0.43, "Total Cost": 0.46, "Plan Rows": 1, "Plan Width": 12, "Index Cond": "(o_orderkey = lineitem.l_orderkey)", "Filter": "((o_orderdate >= '1995-01-01'::date) AND (o_orderdate <= '1996-12-31'::date))"}]}, {"Node Type": "Index Scan", "Parent Relationship": "Inner", "Parallel Aware": false, "Scan Direction": "Forward", "Index Name": "customer_pkey", "Relation Name": "customer", "Alias": "customer", "Startup Cost": 0.43, "Total Cost": 0.45, "Plan Rows": 1, "Plan Width": 8, "Index Cond": "(c_custkey = orders.o_custkey)"}]}, {"Node Type": "Index Scan", "Parent Relationship": "Inner", "Parallel Aware": false, "Scan Direction": "Forward", "Index Name": "nation_pkey", "Relation Name": "nation", "Alias": "n1", "Startup Cost": 0.14, "Total Cost": 0.16, "Plan Rows": 1, "Plan Width": 8, "Index Cond": "(n_nationkey = customer.c_nationkey)"}]}, {"Node Type": "Index Scan", "Parent Relationship": "Inner", "Parallel Aware": false, "Scan Direction": "Forward", "Index Name": "region_pkey", "Relation Name": "region", "Alias": "region", "Startup Cost": 0.13, "Total Cost": 0.28, "Plan Rows": 1, "Plan Width": 4, "Index Cond": "(r_regionkey = n1.n_regionkey)", "Filter": "(r_name = 'ASIA'::bpchar)"}]}, {"Node Type": "Index Scan", "Parent Relationship": "Inner", "Parallel Aware": false, "Scan Direction": "Forward", "Index Name": "supplier_pkey", "Relation Name": "supplier", "Alias": "supplier", "Startup Cost": 0.29, "Total Cost": 0.31, "Plan Rows": 1, "Plan Width": 8, "Index Cond": "(s_suppkey = lineitem.l_suppkey)"}]}, {"Node Type": "Index Scan", "Parent Relationship": "Inner", "Parallel Aware": false, "Scan Direction": "Forward", "Index Name": "nation_pkey", "Relation Name": "nation", "Alias": "n2", "Startup Cost": 0.14, "Total Cost": 0.16, "Plan Rows": 1, "Plan Width": 30, "Index Cond": "(n_nationkey = supplier.s_nationkey)"}]}]}]}]}]}]}}, {"Plan": {"Node Type": "Limit", "Parallel Aware": false, "Startup Cost": 70004708252.22, "Total Cost": 70004708252.47, "Plan Rows": 1, "Plan Width": 40, "Plans": [{"Node Type": "Aggregate", "Strategy": "Sorted", "Partial Mode": "Simple", "Parent Relationship": "Outer", "Parallel Aware": false, "Startup Cost": 70004708252.22, "Total Cost": 70004708836.17, "Plan Rows": 2406, "Plan Width": 40, "Group Key": ["(date_part('year'::text, (orders.o_orderdate)::timestamp without time zone))"], "Plans": [{"Node Type": "Sort", "Parent Relationship": "Outer", "Parallel Aware": false, "Startup Cost": 70004708252.22, "Total Cost": 70004708311.09, "Plan Rows": 23547, "Plan Width": 46, "Sort Key": ["(date_part('year'::text, (orders.o_orderdate)::timestamp without time zone))"], "Plans": [{"Node Type": "Merge Join", "Parent Relationship": "Outer", "Parallel Aware": false, "Join Type": "Inner", "Startup Cost": 70004706067.65, "Total Cost": 70004706542.33, "Plan Rows": 23547, "Plan Width": 46, "Inner Unique": true, "Merge Cond": "(supplier.s_nationkey = n2.n_nationkey)", "Plans": [{"Node Type": "Sort", "Parent Relationship": "Outer", "Parallel Aware": false, "Startup Cost": 60004706067.51, "Total Cost": 60004706126.38, "Plan Rows": 23547, "Plan Width": 20, "Sort Key": ["supplier.s_nationkey"], "Plans": [{"Node Type": "Merge Join", "Parent Relationship": "Outer", "Parallel Aware": false, "Join Type": "Inner", "Startup Cost": 60004699734.61, "Total Cost": 60004704357.62, "Plan Rows": 23547, "Plan Width": 20, "Inner Unique": true, "Merge Cond": "(lineitem.l_suppkey = supplier.s_suppkey)", "Plans": [{"Node Type": "Sort", "Parent Relationship": "Outer", "Parallel Aware": false, "Startup Cost": 50004699734.31, "Total Cost": 50004699793.18, "Plan Rows": 23547, "Plan Width": 20, "Sort Key": ["lineitem.l_suppkey"], "Plans": [{"Node Type": "Merge Join", "Parent Relationship": "Outer", "Parallel Aware": false, "Join Type": "Inner", "Startup Cost": 50004597515.13, "Total Cost": 50004698024.42, "Plan Rows": 23547, "Plan Width": 20, "Inner Unique": true, "Merge Cond": "(lineitem.l_partkey = part.p_partkey)", "Plans": [{"Node Type": "Sort", "Parent Relationship": "Outer", "Parallel Aware": false, "Startup Cost": 40004597514.54, "Total Cost": 40004606636.5, "Plan Rows": 3648783, "Plan Width": 24, "Sort Key": ["lineitem.l_partkey"], "Plans": [{"Node Type": "Merge Join", "Parent Relationship": "Outer", "Parallel Aware": false, "Join Type": "Inner", "Startup Cost": 40001759583.38, "Total Cost": 40004155986.73, "Plan Rows": 3648783, "Plan Width": 24, "Inner Unique": false, "Merge Cond": "(orders.o_orderkey = lineitem.l_orderkey)", "Plans": [{"Node Type": "Sort", "Parent Relationship": "Outer", "Parallel Aware": false, "Startup Cost": 30001759525.06, "Total Cost": 30001761805.97, "Plan Rows": 912364, "Plan Width": 8, "Sort Key": ["orders.o_orderkey"], "Plans": [{"Node Type": "Merge Join", "Parent Relationship": "Outer", "Parallel Aware": false, "Join Type": "Inner", "Startup Cost": 30001625366.6, "Total Cost": 30001661898.24, "Plan Rows": 912364, "Plan Width": 8, "Inner Unique": false, "Merge Cond": "(customer.c_nationkey = n1.n_nationkey)", "Plans": [{"Node Type": "Sort", "Parent Relationship": "Outer", "Parallel Aware": false, "Startup Cost": 10001625366.23, "Total Cost": 10001636770.79, "Plan Rows": 4561822, "Plan Width": 12, "Sort Key": ["customer.c_nationkey"], "Plans": [{"Node Type": "Merge Join", "Parent Relationship": "Outer", "Parallel Aware": false, "Join Type": "Inner", "Startup Cost": 10000940106.86, "Total Cost": 10001075138.08, "Plan Rows": 4561822, "Plan Width": 12, "Inner Unique": true, "Merge Cond": "(orders.o_custkey = customer.c_custkey)", "Plans": [{"Node Type": "Sort", "Parent Relationship": "Outer", "Parallel Aware": false, "Startup Cost": 940106.29, "Total Cost": 951510.84, "Plan Rows": 4561822, "Plan Width": 12, "Sort Key": ["orders.o_custkey"], "Plans": [{"Node Type": "Bitmap Heap Scan", "Parent Relationship": "Outer", "Parallel Aware": false, "Relation Name": "orders", "Alias": "orders", "Startup Cost": 60538.81, "Total Cost": 389878.14, "Plan Rows": 4561822, "Plan Width": 12, "Recheck Cond": "((o_orderdate >= '1995-01-01'::date) AND (o_orderdate <= '1996-12-31'::date))", "Plans": [{"Node Type": "Bitmap Index Scan", "Parent Relationship": "Outer", "Parallel Aware": false, "Index Name": "idx_orders_orderdate", "Startup Cost": 0.0, "Total Cost": 59398.35, "Plan Rows": 4561822, "Plan Width": 0, "Index Cond": "((o_orderdate >= '1995-01-01'::date) AND (o_orderdate <= '1996-12-31'::date))"}]}]}, {"Node Type": "Index Scan", "Parent Relationship": "Inner", "Parallel Aware": false, "Scan Direction": "Forward", "Index Name": "customer_pkey", "Relation Name": "customer", "Alias": "customer", "Startup Cost": 10000000000.43, "Total Cost": 10000062855.13, "Plan Rows": 1500000, "Plan Width": 8}]}]}, {"Node Type": "Materialize", "Parent Relationship": "Inner", "Parallel Aware": false, "Startup Cost": 20000000000.37, "Total Cost": 20000000037.46, "Plan Rows": 5, "Plan Width": 4, "Plans": [{"Node Type": "Nested Loop", "Parent Relationship": "Outer", "Parallel Aware": false, "Join Type": "Inner", "Startup Cost": 20000000000.37, "Total Cost": 20000000037.44, "Plan Rows": 5, "Plan Width": 4, "Inner Unique": true, "Plans": [{"Node Type": "Index Scan", "Parent Relationship": "Outer", "Parallel Aware": false, "Scan Direction": "Forward", "Index Name": "nation_pkey", "Relation Name": "nation", "Alias": "n1", "Startup Cost": 10000000000.14, "Total Cost": 10000000003.81, "Plan Rows": 25, "Plan Width": 8}, {"Node Type": "Bitmap Heap Scan", "Parent Relationship": "Inner", "Parallel Aware": false, "Relation Name": "region", "Alias": "region", "Startup Cost": 0.23, "Total Cost": 1.34, "Plan Rows": 1, "Plan Width": 4, "Recheck Cond": "(r_regionkey = n1.n_regionkey)", "Filter": "(r_name = 'ASIA'::bpchar)", "Plans": [{"Node Type": "Bitmap Index Scan", "Parent Relationship": "Outer", "Parallel Aware": false, "Index Name": "region_pkey", "Startup Cost": 0.0, "Total Cost": 0.23, "Plan Rows": 1, "Plan Width": 0, "Index Cond": "(r_regionkey = n1.n_regionkey)"}]}]}]}]}]}, {"Node Type": "Index Scan", "Parent Relationship": "Inner", "Parallel Aware": false, "Scan Direction": "Forward", "Index Name": "idx_lineitem_orderkey", "Relation Name": "lineitem", "Alias": "lineitem", "Startup Cost": 10000000000.57, "Total Cost": 10002205447.61, "Plan Rows": 59985776, "Plan Width": 24}]}]}, {"Node Type": "Index Scan", "Parent Relationship": "Inner", "Parallel Aware": false, "Scan Direction": "Forward", "Index Name": "part_pkey", "Relation Name": "part", "Alias": "part", "Startup Cost": 10000000000.43, "Total Cost": 10000081998.23, "Plan Rows": 12907, "Plan Width": 4, "Filter": "((p_type)::text = 'ECONOMY POLISHED STEEL'::text)"}]}]}, {"Node Type": "Index Scan", "Parent Relationship": "Inner", "Parallel Aware": false, "Scan Direction": "Forward", "Index Name": "supplier_pkey", "Relation Name": "supplier", "Alias": "supplier", "Startup Cost": 10000000000.29, "Total Cost": 10000004020.1, "Plan Rows": 100000, "Plan Width": 8}]}]}, {"Node Type": "Index Scan", "Parent Relationship": "Inner", "Parallel Aware": false, "Scan Direction": "Forward", "Index Name": "nation_pkey", "Relation Name": "nation", "Alias": "n2", "Startup Cost": 10000000000.14, "Total Cost": 10000000003.81, "Plan Rows": 25, "Plan Width": 30}]}]}]}]}}, {"Plan": {"Node Type": "Limit", "Parallel Aware": false, "Startup Cost": 9341389.46, "Total Cost": 9341389.96, "Plan Rows": 1, "Plan Width": 40, "Plans": [{"Node Type": "Aggregate", "Strategy": "Sorted", "Partial Mode": "Finalize", "Parent Relationship": "Outer", "Parallel Aware": false, "Startup Cost": 9341389.46, "Total Cost": 9342600.96, "Plan Rows": 2406, "Plan Width": 40, "Group Key": ["(date_part('year'::text, (orders.o_orderdate)::timestamp without time zone))"], "Plans": [{"Node Type": "Gather Merge", "Parent Relationship": "Outer", "Parallel Aware": false, "Startup Cost": 9341389.46, "Total Cost": 9342456.6, "Plan Rows": 7218, "Plan Width": 72, "Workers Planned": 3, "Plans": [{"Node Type": "Aggregate", "Strategy": "Sorted", "Partial Mode": "Partial", "Parent Relationship": "Outer", "Parallel Aware": false, "Startup Cost": 9340389.42, "Total Cost": 9340608.45, "Plan Rows": 2406, "Plan Width": 72, "Group Key": ["(date_part('year'::text, (orders.o_orderdate)::timestamp without time zone))"], "Plans": [{"Node Type": "Sort", "Parent Relationship": "Outer", "Parallel Aware": false, "Startup Cost": 9340389.42, "Total Cost": 9340408.41, "Plan Rows": 7596, "Plan Width": 46, "Sort Key": ["(date_part('year'::text, (orders.o_orderdate)::timestamp without time zone))"], "Plans": [{"Node Type": "Nested Loop", "Parent Relationship": "Outer", "Parallel Aware": false, "Join Type": "Inner", "Startup Cost": 60541.37, "Total Cost": 9339899.82, "Plan Rows": 7596, "Plan Width": 46, "Inner Unique": true, "Plans": [{"Node Type": "Nested Loop", "Parent Relationship": "Outer", "Parallel Aware": false, "Join Type": "Inner", "Startup Cost": 60541.23, "Total Cost": 9330619.75, "Plan Rows": 7596, "Plan Width": 20, "Inner Unique": true, "Plans": [{"Node Type": "Nested Loop", "Parent Relationship": "Outer", "Parallel Aware": false, "Join Type": "Inner", "Startup Cost": 60540.93, "Total Cost": 9319888.46, "Plan Rows": 7596, "Plan Width": 20, "Inner Unique": true, "Plans": [{"Node Type": "Nested Loop", "Parent Relationship": "Outer", "Parallel Aware": false, "Join Type": "Inner", "Startup Cost": 60540.49, "Total Cost": 7495085.04, "Plan Rows": 1177027, "Plan Width": 24, "Inner Unique": false, "Plans": [{"Node Type": "Nested Loop", "Parent Relationship": "Outer", "Parallel Aware": false, "Join Type": "Inner", "Startup Cost": 60539.62, "Total Cost": 6392641.15, "Plan Rows": 294311, "Plan Width": 8, "Inner Unique": true, "Plans": [{"Node Type": "Nested Loop", "Parent Relationship": "Outer", "Parallel Aware": false, "Join Type": "Inner", "Startup Cost": 60539.39, "Total Cost": 4413031.79, "Plan Rows": 1471555, "Plan Width": 12, "Inner Unique": true, "Plans": [{"Node Type": "Nested Loop", "Parent Relationship": "Outer", "Parallel Aware": false, "Join Type": "Inner", "Startup Cost": 60539.25, "Total Cost": 2622582.8, "Plan Rows": 1471555, "Plan Width": 12, "Inner Unique": true, "Plans": [{"Node Type": "Bitmap Heap Scan", "Parent Relationship": "Outer", "Parallel Aware": true, "Relation Name": "orders", "Alias": "orders", "Startup Cost": 60538.81, "Total Cost": 343524.14, "Plan Rows": 1471555, "Plan Width": 12, "Recheck Cond": "((o_orderdate >= '1995-01-01'::date) AND (o_orderdate <= '1996-12-31'::date))", "Plans": [{"Node Type": "Bitmap Index Scan", "Parent Relationship": "Outer", "Parallel Aware": false, "Index Name": "idx_orders_orderdate", "Startup Cost": 0.0, "Total Cost": 59398.35, "Plan Rows": 4561822, "Plan Width": 0, "Index Cond": "((o_orderdate >= '1995-01-01'::date) AND (o_orderdate <= '1996-12-31'::date))"}]}, {"Node Type": "Bitmap Heap Scan", "Parent Relationship": "Inner", "Parallel Aware": false, "Relation Name": "customer", "Alias": "customer", "Startup Cost": 0.44, "Total Cost": 1.55, "Plan Rows": 1, "Plan Width": 8, "Recheck Cond": "(c_custkey = orders.o_custkey)", "Plans": [{"Node Type": "Bitmap Index Scan", "Parent Relationship": "Outer", "Parallel Aware": false, "Index Name": "customer_pkey", "Startup Cost": 0.0, "Total Cost": 0.44, "Plan Rows": 1, "Plan Width": 0, "Index Cond": "(c_custkey = orders.o_custkey)"}]}]}, {"Node Type": "Bitmap Heap Scan", "Parent Relationship": "Inner", "Parallel Aware": false, "Relation Name": "nation", "Alias": "n1", "Startup Cost": 0.15, "Total Cost": 1.26, "Plan Rows": 1, "Plan Width": 8, "Recheck Cond": "(n_nationkey = customer.c_nationkey)", "Plans": [{"Node Type": "Bitmap Index Scan", "Parent Relationship": "Outer", "Parallel Aware": false, "Index Name": "nation_pkey", "Startup Cost": 0.0, "Total Cost": 0.15, "Plan Rows": 1, "Plan Width": 0, "Index Cond": "(n_nationkey = customer.c_nationkey)"}]}]}, {"Node Type": "Bitmap Heap Scan", "Parent Relationship": "Inner", "Parallel Aware": false, "Relation Name": "region", "Alias": "region", "Startup Cost": 0.23, "Total Cost": 1.34, "Plan Rows": 1, "Plan Width": 4, "Recheck Cond": "(r_regionkey = n1.n_regionkey)", "Filter": "(r_name = 'ASIA'::bpchar)", "Plans": [{"Node Type": "Bitmap Index Scan", "Parent Relationship": "Outer", "Parallel Aware": false, "Index Name": "region_pkey", "Startup Cost": 0.0, "Total Cost": 0.23, "Plan Rows": 1, "Plan Width": 0, "Index Cond": "(r_regionkey = n1.n_regionkey)"}]}]}, {"Node Type": "Bitmap Heap Scan", "Parent Relationship": "Inner", "Parallel Aware": false, "Relation Name": "lineitem", "Alias": "lineitem", "Startup Cost": 0.87, "Total Cost": 3.45, "Plan Rows": 30, "Plan Width": 24, "Recheck Cond": "(l_orderkey = orders.o_orderkey)", "Plans": [{"Node Type": "Bitmap Index Scan", "Parent Relationship": "Outer", "Parallel Aware": false, "Index Name": "lineitem_pkey", "Startup Cost": 0.0, "Total Cost": 0.86, "Plan Rows": 30, "Plan Width": 0, "Index Cond": "(l_orderkey = orders.o_orderkey)"}]}]}, {"Node Type": "Bitmap Heap Scan", "Parent Relationship": "Inner", "Parallel Aware": false, "Relation Name": "part", "Alias": "part", "Startup Cost": 0.44, "Total Cost": 1.55, "Plan Rows": 1, "Plan Width": 4, "Recheck Cond": "(p_partkey = lineitem.l_partkey)", "Filter": "((p_type)::text = 'ECONOMY POLISHED STEEL'::text)", "Plans": [{"Node Type": "Bitmap Index Scan", "Parent Relationship": "Outer", "Parallel Aware": false, "Index Name": "part_pkey", "Startup Cost": 0.0, "Total Cost": 0.44, "Plan Rows": 1, "Plan Width": 0, "Index Cond": "(p_partkey = lineitem.l_partkey)"}]}]}, {"Node Type": "Bitmap Heap Scan", "Parent Relationship": "Inner", "Parallel Aware": false, "Relation Name": "supplier", "Alias": "supplier", "Startup Cost": 0.3, "Total Cost": 1.41, "Plan Rows": 1, "Plan Width": 8, "Recheck Cond": "(s_suppkey = lineitem.l_suppkey)", "Plans": [{"Node Type": "Bitmap Index Scan", "Parent Relationship": "Outer", "Parallel Aware": false, "Index Name": "supplier_pkey", "Startup Cost": 0.0, "Total Cost": 0.3, "Plan Rows": 1, "Plan Width": 0, "Index Cond": "(s_suppkey = lineitem.l_suppkey)"}]}]}, {"Node Type": "Bitmap Heap Scan", "Parent Relationship": "Inner", "Parallel Aware": false, "Relation Name": "nation", "Alias": "n2", "Startup Cost": 0.15, "Total Cost": 1.26, "Plan Rows": 1, "Plan Width": 30, "Recheck Cond": "(n_nationkey = supplier.s_nationkey)", "Plans": [{"Node Type": "Bitmap Index Scan", "Parent Relationship": "Outer", "Parallel Aware": false, "Index Name": "nation_pkey", "Startup Cost": 0.0, "Total Cost": 0.15, "Plan Rows": 1, "Plan Width": 0, "Index Cond": "(n_nationkey = supplier.s_nationkey)"}]}]}]}]}]}]}]}}, {"Plan": {"Node Type": "Limit", "Parallel Aware": false, "Startup Cost": 440480.55, "Total Cost": 440481.05, "Plan Rows": 1, "Plan Width": 40, "Plans": [{"Node Type": "Aggregate", "Strategy": "Sorted", "Partial Mode": "Finalize", "Parent Relationship": "Outer", "Parallel Aware": false, "Startup Cost": 440480.55, "Total Cost": 441692.05, "Plan Rows": 2406, "Plan Width": 40, "Group Key": ["(date_part('year'::text, (orders.o_orderdate)::timestamp without time zone))"], "Plans": [{"Node Type": "Gather Merge", "Parent Relationship": "Outer", "Parallel Aware": false, "Startup Cost": 440480.55, "Total Cost": 441547.69, "Plan Rows": 7218, "Plan Width": 72, "Workers Planned": 3, "Plans": [{"Node Type": "Aggregate", "Strategy": "Sorted", "Partial Mode": "Partial", "Parent Relationship": "Outer", "Parallel Aware": false, "Startup Cost": 439480.51, "Total Cost": 439699.54, "Plan Rows": 2406, "Plan Width": 72, "Group Key": ["(date_part('year'::text, (orders.o_orderdate)::timestamp without time zone))"], "Plans": [{"Node Type": "Sort", "Parent Relationship": "Outer", "Parallel Aware": false, "Startup Cost": 439480.51, "Total Cost": 439499.5, "Plan Rows": 7596, "Plan Width": 46, "Sort Key": ["(date_part('year'::text, (orders.o_orderdate)::timestamp without time zone))"], "Plans": [{"Node Type": "Merge Join", "Parent Relationship": "Outer", "Parallel Aware": false, "Join Type": "Inner", "Startup Cost": 438838.86, "Total Cost": 438990.9, "Plan Rows": 7596, "Plan Width": 46, "Inner Unique": true, "Merge Cond": "(supplier.s_nationkey = n2.n_nationkey)", "Plans": [{"Node Type": "Sort", "Parent Relationship": "Outer", "Parallel Aware": false, "Startup Cost": 438837.03, "Total Cost": 438856.02, "Plan Rows": 7596, "Plan Width": 20, "Sort Key": ["supplier.s_nationkey"], "Plans": [{"Node Type": "Nested Loop", "Parent Relationship": "Outer", "Parallel Aware": false, "Join Type": "Inner", "Startup Cost": 425850.6, "Total Cost": 438347.43, "Plan Rows": 7596, "Plan Width": 20, "Inner Unique": true, "Plans": [{"Node Type": "Merge Join", "Parent Relationship": "Outer", "Parallel Aware": false, "Join Type": "Inner", "Startup Cost": 425850.3, "Total Cost": 427616.14, "Plan Rows": 7596, "Plan Width": 20, "Inner Unique": false, "Merge Cond": "(orders.o_custkey = customer.c_custkey)", "Plans": [{"Node Type": "Sort", "Parent Relationship": "Outer", "Parallel Aware": false, "Startup Cost": 381130.07, "Total Cost": 381225.02, "Plan Rows": 37980, "Plan Width": 24, "Sort Key": ["orders.o_custkey"], "Plans": [{"Node Type": "Nested Loop", "Parent Relationship": "Outer", "Parallel Aware": false, "Join Type": "Inner", "Startup Cost": 2.31, "Total Cost": 378241.13, "Plan Rows": 37980, "Plan Width": 24, "Inner Unique": true, "Plans": [{"Node Type": "Nested Loop", "Parent Relationship": "Outer", "Parallel Aware": false, "Join Type": "Inner", "Startup Cost": 1.86, "Total Cost": 183307.61, "Plan Rows": 124877, "Plan Width": 20, "Inner Unique": false, "Plans": [{"Node Type": "Seq Scan", "Parent Relationship": "Outer", "Parallel Aware": true, "Relation Name": "part", "Alias": "part", "Startup Cost": 0.0, "Total Cost": 49026.52, "Plan Rows": 4164, "Plan Width": 4, "Filter": "((p_type)::text = 'ECONOMY POLISHED STEEL'::text)"}, {"Node Type": "Bitmap Heap Scan", "Parent Relationship": "Inner", "Parallel Aware": false, "Relation Name": "lineitem", "Alias": "lineitem", "Startup Cost": 1.86, "Total Cost": 31.94, "Plan Rows": 31, "Plan Width": 24, "Recheck Cond": "(l_partkey = part.p_partkey)", "Plans": [{"Node Type": "Bitmap Index Scan", "Parent Relationship": "Outer", "Parallel Aware": false, "Index Name": "idx_lineitem_part_supp", "Startup Cost": 0.0, "Total Cost": 1.86, "Plan Rows": 31, "Plan Width": 0, "Index Cond": "(l_partkey = part.p_partkey)"}]}]}, {"Node Type": "Bitmap Heap Scan", "Parent Relationship": "Inner", "Parallel Aware": false, "Relation Name": "orders", "Alias": "orders", "Startup Cost": 0.44, "Total Cost": 1.56, "Plan Rows": 1, "Plan Width": 12, "Recheck Cond": "(o_orderkey = lineitem.l_orderkey)", "Filter": "((o_orderdate >= '1995-01-01'::date) AND (o_orderdate <= '1996-12-31'::date))", "Plans": [{"Node Type": "Bitmap Index Scan", "Parent Relationship": "Outer", "Parallel Aware": false, "Index Name": "orders_pkey", "Startup Cost": 0.0, "Total Cost": 0.44, "Plan Rows": 1, "Plan Width": 0, "Index Cond": "(o_orderkey = lineitem.l_orderkey)"}]}]}]}, {"Node Type": "Sort", "Parent Relationship": "Inner", "Parallel Aware": false, "Startup Cost": 44720.22, "Total Cost": 45470.22, "Plan Rows": 300000, "Plan Width": 4, "Sort Key": ["customer.c_custkey"], "Plans": [{"Node Type": "Nested Loop", "Parent Relationship": "Outer", "Parallel Aware": false, "Join Type": "Inner", "Startup Cost": 586.43, "Total Cost": 17428.32, "Plan Rows": 300000, "Plan Width": 4, "Inner Unique": false, "Plans": [{"Node Type": "Nested Loop", "Parent Relationship": "Outer", "Parallel Aware": false, "Join Type": "Inner", "Startup Cost": 0.0, "Total Cost": 2.62, "Plan Rows": 5, "Plan Width": 4, "Inner Unique": false, "Join Filter": "(n1.n_regionkey = region.r_regionkey)", "Plans": [{"Node Type": "Seq Scan", "Parent Relationship": "Outer", "Parallel Aware": false, "Relation Name": "region", "Alias": "region", "Startup Cost": 0.0, "Total Cost": 1.06, "Plan Rows": 1, "Plan Width": 4, "Filter": "(r_name = 'ASIA'::bpchar)"}, {"Node Type": "Seq Scan", "Parent Relationship": "Inner", "Parallel Aware": false, "Relation Name": "nation", "Alias": "n1", "Startup Cost": 0.0, "Total Cost": 1.25, "Plan Rows": 25, "Plan Width": 8}]}, {"Node Type": "Bitmap Heap Scan", "Parent Relationship": "Inner", "Parallel Aware": false, "Relation Name": "customer", "Alias": "customer", "Startup Cost": 586.43, "Total Cost": 2885.14, "Plan Rows": 60000, "Plan Width": 8, "Recheck Cond": "(c_nationkey = n1.n_nationkey)", "Plans": [{"Node Type": "Bitmap Index Scan", "Parent Relationship": "Outer", "Parallel Aware": false, "Index Name": "idx_customer_nationkey", "Startup Cost": 0.0, "Total Cost": 571.43, "Plan Rows": 60000, "Plan Width": 0, "Index Cond": "(c_nationkey = n1.n_nationkey)"}]}]}]}]}, {"Node Type": "Bitmap Heap Scan", "Parent Relationship": "Inner", "Parallel Aware": false, "Relation Name": "supplier", "Alias": "supplier", "Startup Cost": 0.3, "Total Cost": 1.41, "Plan Rows": 1, "Plan Width": 8, "Recheck Cond": "(s_suppkey = lineitem.l_suppkey)", "Plans": [{"Node Type": "Bitmap Index Scan", "Parent Relationship": "Outer", "Parallel Aware": false, "Index Name": "supplier_pkey", "Startup Cost": 0.0, "Total Cost": 0.3, "Plan Rows": 1, "Plan Width": 0, "Index Cond": "(s_suppkey = lineitem.l_suppkey)"}]}]}]}, {"Node Type": "Sort", "Parent Relationship": "Inner", "Parallel Aware": false, "Startup Cost": 1.83, "Total Cost": 1.89, "Plan Rows": 25, "Plan Width": 30, "Sort Key": ["n2.n_nationkey"], "Plans": [{"Node Type": "Seq Scan", "Parent Relationship": "Outer", "Parallel Aware": false, "Relation Name": "nation", "Alias": "n2", "Startup Cost": 0.0, "Total Cost": 1.25, "Plan Rows": 25, "Plan Width": 30}]}]}]}]}]}]}]}}, {"Plan": {"Node Type": "Limit", "Parallel Aware": false, "Startup Cost": 5119945.34, "Total Cost": 5119945.58, "Plan Rows": 1, "Plan Width": 40, "Plans": [{"Node Type": "Aggregate", "Strategy": "Sorted", "Partial Mode": "Simple", "Parent Relationship": "Outer", "Parallel Aware": false, "Startup Cost": 5119945.34, "Total Cost": 5120529.28, "Plan Rows": 2406, "Plan Width": 40, "Group Key": ["(date_part('year'::text, (orders.o_orderdate)::timestamp without time zone))"], "Plans": [{"Node Type": "Sort", "Parent Relationship": "Outer", "Parallel Aware": false, "Startup Cost": 5119945.34, "Total Cost": 5120004.2, "Plan Rows": 23547, "Plan Width": 46, "Sort Key": ["(date_part('year'::text, (orders.o_orderdate)::timestamp without time zone))"], "Plans": [{"Node Type": "Merge Join", "Parent Relationship": "Outer", "Parallel Aware": false, "Join Type": "Inner", "Startup Cost": 5117764.38, "Total Cost": 5118235.44, "Plan Rows": 23547, "Plan Width": 46, "Inner Unique": true, "Merge Cond": "(supplier.s_nationkey = n2.n_nationkey)", "Plans": [{"Node Type": "Sort", "Parent Relationship": "Outer", "Parallel Aware": false, "Startup Cost": 5117762.55, "Total Cost": 5117821.41, "Plan Rows": 23547, "Plan Width": 20, "Sort Key": ["supplier.s_nationkey"], "Plans": [{"Node Type": "Merge Join", "Parent Relationship": "Outer", "Parallel Aware": false, "Join Type": "Inner", "Startup Cost": 5115199.45, "Total Cost": 5116052.65, "Plan Rows": 23547, "Plan Width": 20, "Inner Unique": true, "Merge Cond": "(lineitem.l_suppkey = supplier.s_suppkey)", "Plans": [{"Node Type": "Sort", "Parent Relationship": "Outer", "Parallel Aware": false, "Startup Cost": 5103678.63, "Total Cost": 5103737.49, "Plan Rows": 23547, "Plan Width": 20, "Sort Key": ["lineitem.l_suppkey"], "Plans": [{"Node Type": "Merge Join", "Parent Relationship": "Outer", "Parallel Aware": false, "Join Type": "Inner", "Startup Cost": 5094268.1, "Total Cost": 5101968.73, "Plan Rows": 23547, "Plan Width": 20, "Inner Unique": false, "Merge Cond": "(orders.o_orderkey = lineitem.l_orderkey)", "Plans": [{"Node Type": "Sort", "Parent Relationship": "Outer", "Parallel Aware": false, "Startup Cost": 956646.06, "Total Cost": 958926.97, "Plan Rows": 912364, "Plan Width": 8, "Sort Key": ["orders.o_orderkey"], "Plans": [{"Node Type": "Gather", "Parent Relationship": "Outer", "Parallel Aware": false, "Startup Cost": 755982.02, "Total Cost": 859019.25, "Plan Rows": 912364, "Plan Width": 8, "Workers Planned": 3, "Single Copy": false, "Plans": [{"Node Type": "Merge Join", "Parent Relationship": "Outer", "Parallel Aware": false, "Join Type": "Inner", "Startup Cost": 754982.02, "Total Cost": 766782.85, "Plan Rows": 294311, "Plan Width": 8, "Inner Unique": false, "Merge Cond": "(orders.o_custkey = customer.c_custkey)", "Plans": [{"Node Type": "Sort", "Parent Relationship": "Outer", "Parallel Aware": false, "Startup Cost": 498972.95, "Total Cost": 502651.83, "Plan Rows": 1471555, "Plan Width": 12, "Sort Key": ["orders.o_custkey"], "Plans": [{"Node Type": "Seq Scan", "Parent Relationship": "Outer", "Parallel Aware": true, "Relation Name": "orders", "Alias": "orders", "Startup Cost": 0.0, "Total Cost": 333488.86, "Plan Rows": 1471555, "Plan Width": 12, "Filter": "((o_orderdate >= '1995-01-01'::date) AND (o_orderdate <= '1996-12-31'::date))"}]}, {"Node Type": "Sort", "Parent Relationship": "Inner", "Parallel Aware": false, "Startup Cost": 256009.03, "Total Cost": 256759.03, "Plan Rows": 300000, "Plan Width": 4, "Sort Key": ["customer.c_custkey"], "Plans": [{"Node Type": "Merge Join", "Parent Relationship": "Outer", "Parallel Aware": false, "Join Type": "Inner", "Startup Cost": 216717.13, "Total Cost": 228717.13, "Plan Rows": 300000, "Plan Width": 4, "Inner Unique": false, "Merge Cond": "(customer.c_nationkey = n1.n_nationkey)", "Plans": [{"Node Type": "Sort", "Parent Relationship": "Outer", "Parallel Aware": false, "Startup Cost": 216713.98, "Total Cost": 220463.98, "Plan Rows": 1500000, "Plan Width": 8, "Sort Key": ["customer.c_nationkey"], "Plans": [{"Node Type": "Seq Scan", "Parent Relationship": "Outer", "Parallel Aware": false, "Relation Name": "customer", "Alias": "customer", "Startup Cost": 0.0, "Total Cost": 50827.0, "Plan Rows": 1500000, "Plan Width": 8}]}, {"Node Type": "Sort", "Parent Relationship": "Inner", "Parallel Aware": false, "Startup Cost": 3.14, "Total Cost": 3.16, "Plan Rows": 5, "Plan Width": 4, "Sort Key": ["n1.n_nationkey"], "Plans": [{"Node Type": "Merge Join", "Parent Relationship": "Outer", "Parallel Aware": false, "Join Type": "Inner", "Startup Cost": 2.9, "Total Cost": 3.09, "Plan Rows": 5, "Plan Width": 4, "Inner Unique": true, "Merge Cond": "(n1.n_regionkey = region.r_regionkey)", "Plans": [{"Node Type": "Sort", "Parent Relationship": "Outer", "Parallel Aware": false, "Startup Cost": 1.83, "Total Cost": 1.89, "Plan Rows": 25, "Plan Width": 8, "Sort Key": ["n1.n_regionkey"], "Plans": [{"Node Type": "Seq Scan", "Parent Relationship": "Outer", "Parallel Aware": false, "Relation Name": "nation", "Alias": "n1", "Startup Cost": 0.0, "Total Cost": 1.25, "Plan Rows": 25, "Plan Width": 8}]}, {"Node Type": "Sort", "Parent Relationship": "Inner", "Parallel Aware": false, "Startup Cost": 1.07, "Total Cost": 1.08, "Plan Rows": 1, "Plan Width": 4, "Sort Key": ["region.r_regionkey"], "Plans": [{"Node Type": "Seq Scan", "Parent Relationship": "Outer", "Parallel Aware": false, "Relation Name": "region", "Alias": "region", "Startup Cost": 0.0, "Total Cost": 1.06, "Plan Rows": 1, "Plan Width": 4, "Filter": "(r_name = 'ASIA'::bpchar)"}]}]}]}]}]}]}]}]}, {"Node Type": "Materialize", "Parent Relationship": "Inner", "Parallel Aware": false, "Startup Cost": 4137622.0, "Total Cost": 4139557.59, "Plan Rows": 387118, "Plan Width": 20, "Plans": [{"Node Type": "Sort", "Parent Relationship": "Outer", "Parallel Aware": false, "Startup Cost": 4137622.0, "Total Cost": 4138589.79, "Plan Rows": 387118, "Plan Width": 20, "Sort Key": ["lineitem.l_orderkey"], "Plans": [{"Node Type": "Gather", "Parent Relationship": "Outer", "Parallel Aware": false, "Startup Cost": 3960265.84, "Total Cost": 4097041.33, "Plan Rows": 387118, "Plan Width": 20, "Workers Planned": 3, "Single Copy": false, "Plans": [{"Node Type": "Merge Join", "Parent Relationship": "Outer", "Parallel Aware": false, "Join Type": "Inner", "Startup Cost": 3959265.84, "Total Cost": 4057329.53, "Plan Rows": 124877, "Plan Width": 20, "Inner Unique": true, "Merge Cond": "(lineitem.l_partkey = part.p_partkey)", "Plans": [{"Node Type": "Sort", "Parent Relationship": "Outer", "Parallel Aware": false, "Startup Cost": 3892421.69, "Total Cost": 3940797.31, "Plan Rows": 19350250, "Plan Width": 24, "Sort Key": ["lineitem.l_partkey"], "Plans": [{"Node Type": "Seq Scan", "Parent Relationship": "Outer", "Parallel Aware": true, "Relation Name": "lineitem", "Alias": "lineitem", "Startup Cost": 0.0, "Total Cost": 1318044.5, "Plan Rows": 19350250, "Plan Width": 24}]}, {"Node Type": "Sort", "Parent Relationship": "Inner", "Parallel Aware": false, "Startup Cost": 66843.28, "Total Cost": 66875.55, "Plan Rows": 12907, "Plan Width": 4, "Sort Key": ["part.p_partkey"], "Plans": [{"Node Type": "Seq Scan", "Parent Relationship": "Outer", "Parallel Aware": false, "Relation Name": "part", "Alias": "part", "Startup Cost": 0.0, "Total Cost": 65962.0, "Plan Rows": 12907, "Plan Width": 4, "Filter": "((p_type)::text = 'ECONOMY POLISHED STEEL'::text)"}]}]}]}]}]}]}]}, {"Node Type": "Sort", "Parent Relationship": "Inner", "Parallel Aware": false, "Startup Cost": 11520.82, "Total Cost": 11770.82, "Plan Rows": 100000, "Plan Width": 8, "Sort Key": ["supplier.s_suppkey"], "Plans": [{"Node Type": "Seq Scan", "Parent Relationship": "Outer", "Parallel Aware": false, "Relation Name": "supplier", "Alias": "supplier", "Startup Cost": 0.0, "Total Cost": 3216.0, "Plan Rows": 100000, "Plan Width": 8}]}]}]}, {"Node Type": "Sort", "Parent Relationship": "Inner", "Parallel Aware": false, "Startup Cost": 1.83, "Total Cost": 1.89, "Plan Rows": 25, "Plan Width": 30, "Sort Key": ["n2.n_nationkey"], "Plans": [{"Node Type": "Seq Scan", "Parent Relationship": "Outer", "Parallel Aware": false, "Relation Name": "nation", "Alias": "n2", "Startup Cost": 0.0, "Total Cost": 1.25, "Plan Rows": 25, "Plan Width": 30}]}]}]}]}]}}, {"Plan": {"Node Type": "Limit", "Parallel Aware": false, "Startup Cost": 9341389.46, "Total Cost": 9341389.96, "Plan Rows": 1, "Plan Width": 40, "Plans": [{"Node Type": "Aggregate", "Strategy": "Sorted", "Partial Mode": "Finalize", "Parent Relationship": "Outer", "Parallel Aware": false, "Startup Cost": 9341389.46, "Total Cost": 9342600.96, "Plan Rows": 2406, "Plan Width": 40, "Group Key": ["(date_part('year'::text, (orders.o_orderdate)::timestamp without time zone))"], "Plans": [{"Node Type": "Gather Merge", "Parent Relationship": "Outer", "Parallel Aware": false, "Startup Cost": 9341389.46, "Total Cost": 9342456.6, "Plan Rows": 7218, "Plan Width": 72, "Workers Planned": 3, "Plans": [{"Node Type": "Aggregate", "Strategy": "Sorted", "Partial Mode": "Partial", "Parent Relationship": "Outer", "Parallel Aware": false, "Startup Cost": 9340389.42, "Total Cost": 9340608.45, "Plan Rows": 2406, "Plan Width": 72, "Group Key": ["(date_part('year'::text, (orders.o_orderdate)::timestamp without time zone))"], "Plans": [{"Node Type": "Sort", "Parent Relationship": "Outer", "Parallel Aware": false, "Startup Cost": 9340389.42, "Total Cost": 9340408.41, "Plan Rows": 7596, "Plan Width": 46, "Sort Key": ["(date_part('year'::text, (orders.o_orderdate)::timestamp without time zone))"], "Plans": [{"Node Type": "Nested Loop", "Parent Relationship": "Outer", "Parallel Aware": false, "Join Type": "Inner", "Startup Cost": 60541.37, "Total Cost": 9339899.82, "Plan Rows": 7596, "Plan Width": 46, "Inner Unique": true, "Plans": [{"Node Type": "Nested Loop", "Parent Relationship": "Outer", "Parallel Aware": false, "Join Type": "Inner", "Startup Cost": 60541.23, "Total Cost": 9330619.75, "Plan Rows": 7596, "Plan Width": 20, "Inner Unique": true, "Plans": [{"Node Type": "Nested Loop", "Parent Relationship": "Outer", "Parallel Aware": false, "Join Type": "Inner", "Startup Cost": 60540.93, "Total Cost": 9319888.46, "Plan Rows": 7596, "Plan Width": 20, "Inner Unique": true, "Plans": [{"Node Type": "Nested Loop", "Parent Relationship": "Outer", "Parallel Aware": false, "Join Type": "Inner", "Startup Cost": 60540.49, "Total Cost": 7495085.04, "Plan Rows": 1177027, "Plan Width": 24, "Inner Unique": false, "Plans": [{"Node Type": "Nested Loop", "Parent Relationship": "Outer", "Parallel Aware": false, "Join Type": "Inner", "Startup Cost": 60539.62, "Total Cost": 6392641.15, "Plan Rows": 294311, "Plan Width": 8, "Inner Unique": true, "Plans": [{"Node Type": "Nested Loop", "Parent Relationship": "Outer", "Parallel Aware": false, "Join Type": "Inner", "Startup Cost": 60539.39, "Total Cost": 4413031.79, "Plan Rows": 1471555, "Plan Width": 12, "Inner Unique": true, "Plans": [{"Node Type": "Nested Loop", "Parent Relationship": "Outer", "Parallel Aware": false, "Join Type": "Inner", "Startup Cost": 60539.25, "Total Cost": 2622582.8, "Plan Rows": 1471555, "Plan Width": 12, "Inner Unique": true, "Plans": [{"Node Type": "Bitmap Heap Scan", "Parent Relationship": "Outer", "Parallel Aware": true, "Relation Name": "orders", "Alias": "orders", "Startup Cost": 60538.81, "Total Cost": 343524.14, "Plan Rows": 1471555, "Plan Width": 12, "Recheck Cond": "((o_orderdate >= '1995-01-01'::date) AND (o_orderdate <= '1996-12-31'::date))", "Plans": [{"Node Type": "Bitmap Index Scan", "Parent Relationship": "Outer", "Parallel Aware": false, "Index Name": "idx_orders_orderdate", "Startup Cost": 0.0, "Total Cost": 59398.35, "Plan Rows": 4561822, "Plan Width": 0, "Index Cond": "((o_orderdate >= '1995-01-01'::date) AND (o_orderdate <= '1996-12-31'::date))"}]}, {"Node Type": "Bitmap Heap Scan", "Parent Relationship": "Inner", "Parallel Aware": false, "Relation Name": "customer", "Alias": "customer", "Startup Cost": 0.44, "Total Cost": 1.55, "Plan Rows": 1, "Plan Width": 8, "Recheck Cond": "(c_custkey = orders.o_custkey)", "Plans": [{"Node Type": "Bitmap Index Scan", "Parent Relationship": "Outer", "Parallel Aware": false, "Index Name": "customer_pkey", "Startup Cost": 0.0, "Total Cost": 0.44, "Plan Rows": 1, "Plan Width": 0, "Index Cond": "(c_custkey = orders.o_custkey)"}]}]}, {"Node Type": "Bitmap Heap Scan", "Parent Relationship": "Inner", "Parallel Aware": false, "Relation Name": "nation", "Alias": "n1", "Startup Cost": 0.15, "Total Cost": 1.26, "Plan Rows": 1, "Plan Width": 8, "Recheck Cond": "(n_nationkey = customer.c_nationkey)", "Plans": [{"Node Type": "Bitmap Index Scan", "Parent Relationship": "Outer", "Parallel Aware": false, "Index Name": "nation_pkey", "Startup Cost": 0.0, "Total Cost": 0.15, "Plan Rows": 1, "Plan Width": 0, "Index Cond": "(n_nationkey = customer.c_nationkey)"}]}]}, {"Node Type": "Bitmap Heap Scan", "Parent Relationship": "Inner", "Parallel Aware": false, "Relation Name": "region", "Alias": "region", "Startup Cost": 0.23, "Total Cost": 1.34, "Plan Rows": 1, "Plan Width": 4, "Recheck Cond": "(r_regionkey = n1.n_regionkey)", "Filter": "(r_name = 'ASIA'::bpchar)", "Plans": [{"Node Type": "Bitmap Index Scan", "Parent Relationship": "Outer", "Parallel Aware": false, "Index Name": "region_pkey", "Startup Cost": 0.0, "Total Cost": 0.23, "Plan Rows": 1, "Plan Width": 0, "Index Cond": "(r_regionkey = n1.n_regionkey)"}]}]}, {"Node Type": "Bitmap Heap Scan", "Parent Relationship": "Inner", "Parallel Aware": false, "Relation Name": "lineitem", "Alias": "lineitem", "Startup Cost": 0.87, "Total Cost": 3.45, "Plan Rows": 30, "Plan Width": 24, "Recheck Cond": "(l_orderkey = orders.o_orderkey)", "Plans": [{"Node Type": "Bitmap Index Scan", "Parent Relationship": "Outer", "Parallel Aware": false, "Index Name": "lineitem_pkey", "Startup Cost": 0.0, "Total Cost": 0.86, "Plan Rows": 30, "Plan Width": 0, "Index Cond": "(l_orderkey = orders.o_orderkey)"}]}]}, {"Node Type": "Bitmap Heap Scan", "Parent Relationship": "Inner", "Parallel Aware": false, "Relation Name": "part", "Alias": "part", "Startup Cost": 0.44, "Total Cost": 1.55, "Plan Rows": 1, "Plan Width": 4, "Recheck Cond": "(p_partkey = lineitem.l_partkey)", "Filter": "((p_type)::text = 'ECONOMY POLISHED STEEL'::text)", "Plans": [{"Node Type": "Bitmap Index Scan", "Parent Relationship": "Outer", "Parallel Aware": false, "Index Name": "part_pkey", "Startup Cost": 0.0, "Total Cost": 0.44, "Plan Rows": 1, "Plan Width": 0, "Index Cond": "(p_partkey = lineitem.l_partkey)"}]}]}, {"Node Type": "Bitmap Heap Scan", "Parent Relationship": "Inner", "Parallel Aware": false, "Relation Name": "supplier", "Alias": "supplier", "Startup Cost": 0.3, "Total Cost": 1.41, "Plan Rows": 1, "Plan Width": 8, "Recheck Cond": "(s_suppkey = lineitem.l_suppkey)", "Plans": [{"Node Type": "Bitmap Index Scan", "Parent Relationship": "Outer", "Parallel Aware": false, "Index Name": "supplier_pkey", "Startup Cost": 0.0, "Total Cost": 0.3, "Plan Rows": 1, "Plan Width": 0, "Index Cond": "(s_suppkey = lineitem.l_suppkey)"}]}]}, {"Node Type": "Bitmap Heap Scan", "Parent Relationship": "Inner", "Parallel Aware": false, "Relation Name": "nation", "Alias": "n2", "Startup Cost": 0.15, "Total Cost": 1.26, "Plan Rows": 1, "Plan Width": 30, "Recheck Cond": "(n_nationkey = supplier.s_nationkey)", "Plans": [{"Node Type": "Bitmap Index Scan", "Parent Relationship": "Outer", "Parallel Aware": false, "Index Name": "nation_pkey", "Startup Cost": 0.0, "Total Cost": 0.15, "Plan Rows": 1, "Plan Width": 0, "Index Cond": "(n_nationkey = supplier.s_nationkey)"}]}]}]}]}]}]}]}}, {"Plan": {"Node Type": "Limit", "Parallel Aware": false, "Startup Cost": 502268.12, "Total Cost": 502268.36, "Plan Rows": 1, "Plan Width": 40, "Plans": [{"Node Type": "Aggregate", "Strategy": "Sorted", "Partial Mode": "Simple", "Parent Relationship": "Outer", "Parallel Aware": false, "Startup Cost": 502268.12, "Total Cost": 502852.06, "Plan Rows": 2406, "Plan Width": 40, "Group Key": ["(date_part('year'::text, (orders.o_orderdate)::timestamp without time zone))"], "Plans": [{"Node Type": "Sort", "Parent Relationship": "Outer", "Parallel Aware": false, "Startup Cost": 502268.12, "Total Cost": 502326.99, "Plan Rows": 23547, "Plan Width": 46, "Sort Key": ["(date_part('year'::text, (orders.o_orderdate)::timestamp without time zone))"], "Plans": [{"Node Type": "Nested Loop", "Parent Relationship": "Outer", "Parallel Aware": false, "Join Type": "Inner", "Startup Cost": 1003.04, "Total Cost": 500558.23, "Plan Rows": 23547, "Plan Width": 46, "Inner Unique": true, "Join Filter": "(supplier.s_nationkey = n2.n_nationkey)", "Plans": [{"Node Type": "Nested Loop", "Parent Relationship": "Outer", "Parallel Aware": false, "Join Type": "Inner", "Startup Cost": 1003.04, "Total Cost": 491935.13, "Plan Rows": 23547, "Plan Width": 20, "Inner Unique": true, "Plans": [{"Node Type": "Nested Loop", "Parent Relationship": "Outer", "Parallel Aware": false, "Join Type": "Inner", "Startup Cost": 1002.74, "Total Cost": 458668.99, "Plan Rows": 23547, "Plan Width": 20, "Inner Unique": false, "Join Filter": "(n1.n_nationkey = customer.c_nationkey)", "Plans": [{"Node Type": "Gather", "Parent Relationship": "Outer", "Parallel Aware": false, "Startup Cost": 1002.74, "Total Cost": 449836.07, "Plan Rows": 117737, "Plan Width": 24, "Workers Planned": 3, "Single Copy": false, "Plans": [{"Node Type": "Nested Loop", "Parent Relationship": "Outer", "Parallel Aware": false, "Join Type": "Inner", "Startup Cost": 2.74, "Total Cost": 437062.37, "Plan Rows": 37980, "Plan Width": 24, "Inner Unique": true, "Plans": [{"Node Type": "Nested Loop", "Parent Relationship": "Outer", "Parallel Aware": false, "Join Type": "Inner", "Startup Cost": 2.31, "Total Cost": 378241.13, "Plan Rows": 37980, "Plan Width": 24, "Inner Unique": true, "Plans": [{"Node Type": "Nested Loop", "Parent Relationship": "Outer", "Parallel Aware": false, "Join Type": "Inner", "Startup Cost": 1.86, "Total Cost": 183307.61, "Plan Rows": 124877, "Plan Width": 20, "Inner Unique": false, "Plans": [{"Node Type": "Seq Scan", "Parent Relationship": "Outer", "Parallel Aware": true, "Relation Name": "part", "Alias": "part", "Startup Cost": 0.0, "Total Cost": 49026.52, "Plan Rows": 4164, "Plan Width": 4, "Filter": "((p_type)::text = 'ECONOMY POLISHED STEEL'::text)"}, {"Node Type": "Bitmap Heap Scan", "Parent Relationship": "Inner", "Parallel Aware": false, "Relation Name": "lineitem", "Alias": "lineitem", "Startup Cost": 1.86, "Total Cost": 31.94, "Plan Rows": 31, "Plan Width": 24, "Recheck Cond": "(l_partkey = part.p_partkey)", "Plans": [{"Node Type": "Bitmap Index Scan", "Parent Relationship": "Outer", "Parallel Aware": false, "Index Name": "idx_lineitem_part_supp", "Startup Cost": 0.0, "Total Cost": 1.86, "Plan Rows": 31, "Plan Width": 0, "Index Cond": "(l_partkey = part.p_partkey)"}]}]}, {"Node Type": "Bitmap Heap Scan", "Parent Relationship": "Inner", "Parallel Aware": false, "Relation Name": "orders", "Alias": "orders", "Startup Cost": 0.44, "Total Cost": 1.56, "Plan Rows": 1, "Plan Width": 12, "Recheck Cond": "(o_orderkey = lineitem.l_orderkey)", "Filter": "((o_orderdate >= '1995-01-01'::date) AND (o_orderdate <= '1996-12-31'::date))", "Plans": [{"Node Type": "Bitmap Index Scan", "Parent Relationship": "Outer", "Parallel Aware": false, "Index Name": "orders_pkey", "Startup Cost": 0.0, "Total Cost": 0.44, "Plan Rows": 1, "Plan Width": 0, "Index Cond": "(o_orderkey = lineitem.l_orderkey)"}]}]}, {"Node Type": "Bitmap Heap Scan", "Parent Relationship": "Inner", "Parallel Aware": false, "Relation Name": "customer", "Alias": "customer", "Startup Cost": 0.44, "Total Cost": 1.55, "Plan Rows": 1, "Plan Width": 8, "Recheck Cond": "(c_custkey = orders.o_custkey)", "Plans": [{"Node Type": "Bitmap Index Scan", "Parent Relationship": "Outer", "Parallel Aware": false, "Index Name": "customer_pkey", "Startup Cost": 0.0, "Total Cost": 0.44, "Plan Rows": 1, "Plan Width": 0, "Index Cond": "(c_custkey = orders.o_custkey)"}]}]}]}, {"Node Type": "Materialize", "Parent Relationship": "Inner", "Parallel Aware": false, "Startup Cost": 0.0, "Total Cost": 2.65, "Plan Rows": 5, "Plan Width": 4, "Plans": [{"Node Type": "Nested Loop", "Parent Relationship": "Outer", "Parallel Aware": false, "Join Type": "Inner", "Startup Cost": 0.0, "Total Cost": 2.62, "Plan Rows": 5, "Plan Width": 4, "Inner Unique": false, "Join Filter": "(n1.n_regionkey = region.r_regionkey)", "Plans": [{"Node Type": "Seq Scan", "Parent Relationship": "Outer", "Parallel Aware": false, "Relation Name": "region", "Alias": "region", "Startup Cost": 0.0, "Total Cost": 1.06, "Plan Rows": 1, "Plan Width": 4, "Filter": "(r_name = 'ASIA'::bpchar)"}, {"Node Type": "Seq Scan", "Parent Relationship": "Inner", "Parallel Aware": false, "Relation Name": "nation", "Alias": "n1", "Startup Cost": 0.0, "Total Cost": 1.25, "Plan Rows": 25, "Plan Width": 8}]}]}]}, {"Node Type": "Bitmap Heap Scan", "Parent Relationship": "Inner", "Parallel Aware": false, "Relation Name": "supplier", "Alias": "supplier", "Startup Cost": 0.3, "Total Cost": 1.41, "Plan Rows": 1, "Plan Width": 8, "Recheck Cond": "(s_suppkey = lineitem.l_suppkey)", "Plans": [{"Node Type": "Bitmap Index Scan", "Parent Relationship": "Outer", "Parallel Aware": false, "Index Name": "supplier_pkey", "Startup Cost": 0.0, "Total Cost": 0.3, "Plan Rows": 1, "Plan Width": 0, "Index Cond": "(s_suppkey = lineitem.l_suppkey)"}]}]}, {"Node Type": "Materialize", "Parent Relationship": "Inner", "Parallel Aware": false, "Startup Cost": 0.0, "Total Cost": 1.38, "Plan Rows": 25, "Plan Width": 30, "Plans": [{"Node Type": "Seq Scan", "Parent Relationship": "Outer", "Parallel Aware": false, "Relation Name": "nation", "Alias": "n2", "Startup Cost": 0.0, "Total Cost": 1.25, "Plan Rows": 25, "Plan Width": 30}]}]}]}]}]}}, {"Plan": {"Node Type": "Limit", "Parallel Aware": false, "Startup Cost": 2952223.4, "Total Cost": 2952223.91, "Plan Rows": 1, "Plan Width": 40, "Plans": [{"Node Type": "Aggregate", "Strategy": "Sorted", "Partial Mode": "Finalize", "Parent Relationship": "Outer", "Parallel Aware": false, "Startup Cost": 2952223.4, "Total Cost": 2953434.91, "Plan Rows": 2406, "Plan Width": 40, "Group Key": ["(date_part('year'::text, (orders.o_orderdate)::timestamp without time zone))"], "Plans": [{"Node Type": "Gather Merge", "Parent Relationship": "Outer", "Parallel Aware": false, "Startup Cost": 2952223.4, "Total Cost": 2953290.55, "Plan Rows": 7218, "Plan Width": 72, "Workers Planned": 3, "Plans": [{"Node Type": "Aggregate", "Strategy": "Sorted", "Partial Mode": "Partial", "Parent Relationship": "Outer", "Parallel Aware": false, "Startup Cost": 2951223.36, "Total Cost": 2951442.39, "Plan Rows": 2406, "Plan Width": 72, "Group Key": ["(date_part('year'::text, (orders.o_orderdate)::timestamp without time zone))"], "Plans": [{"Node Type": "Sort", "Parent Relationship": "Outer", "Parallel Aware": false, "Startup Cost": 2951223.36, "Total Cost": 2951242.35, "Plan Rows": 7596, "Plan Width": 46, "Sort Key": ["(date_part('year'::text, (orders.o_orderdate)::timestamp without time zone))"], "Plans": [{"Node Type": "Merge Join", "Parent Relationship": "Outer", "Parallel Aware": false, "Join Type": "Inner", "Startup Cost": 2950578.1, "Total Cost": 2950733.76, "Plan Rows": 7596, "Plan Width": 46, "Inner Unique": true, "Merge Cond": "(supplier.s_nationkey = n2.n_nationkey)", "Plans": [{"Node Type": "Sort", "Parent Relationship": "Outer", "Parallel Aware": false, "Startup Cost": 2950577.97, "Total Cost": 2950596.96, "Plan Rows": 7596, "Plan Width": 20, "Sort Key": ["supplier.s_nationkey"], "Plans": [{"Node Type": "Merge Join", "Parent Relationship": "Outer", "Parallel Aware": false, "Join Type": "Inner", "Startup Cost": 2945704.62, "Total Cost": 2950088.36, "Plan Rows": 7596, "Plan Width": 20, "Inner Unique": true, "Merge Cond": "(lineitem.l_suppkey = supplier.s_suppkey)", "Plans": [{"Node Type": "Sort", "Parent Relationship": "Outer", "Parallel Aware": false, "Startup Cost": 2945704.33, "Total Cost": 2945723.32, "Plan Rows": 7596, "Plan Width": 20, "Sort Key": ["lineitem.l_suppkey"], "Plans": [{"Node Type": "Merge Join", "Parent Relationship": "Outer", "Parallel Aware": false, "Join Type": "Inner", "Startup Cost": 2857223.62, "Total Cost": 2945214.73, "Plan Rows": 7596, "Plan Width": 20, "Inner Unique": true, "Merge Cond": "(lineitem.l_partkey = part.p_partkey)", "Plans": [{"Node Type": "Sort", "Parent Relationship": "Outer", "Parallel Aware": false, "Startup Cost": 2857223.14, "Total Cost": 2860165.7, "Plan Rows": 1177027, "Plan Width": 24, "Sort Key": ["lineitem.l_partkey"], "Plans": [{"Node Type": "Merge Join", "Parent Relationship": "Outer", "Parallel Aware": false, "Join Type": "Inner", "Startup Cost": 857042.09, "Total Cost": 2724400.44, "Plan Rows": 1177027, "Plan Width": 24, "Inner Unique": false, "Merge Cond": "(lineitem.l_orderkey = orders.o_orderkey)", "Plans": [{"Node Type": "Index Scan", "Parent Relationship": "Outer", "Parallel Aware": true, "Scan Direction": "Forward", "Index Name": "idx_lineitem_orderkey", "Relation Name": "lineitem", "Alias": "lineitem", "Startup Cost": 0.56, "Total Cost": 1799092.35, "Plan Rows": 19350250, "Plan Width": 24}, {"Node Type": "Materialize", "Parent Relationship": "Inner", "Parallel Aware": false, "Startup Cost": 856996.17, "Total Cost": 861557.99, "Plan Rows": 912364, "Plan Width": 8, "Plans": [{"Node Type": "Sort", "Parent Relationship": "Outer", "Parallel Aware": false, "Startup Cost": 856996.17, "Total Cost": 859277.08, "Plan Rows": 912364, "Plan Width": 8, "Sort Key": ["orders.o_orderkey"], "Plans": [{"Node Type": "Merge Join", "Parent Relationship": "Outer", "Parallel Aware": false, "Join Type": "Inner", "Startup Cost": 101993.51, "Total Cost": 759369.36, "Plan Rows": 912364, "Plan Width": 8, "Inner Unique": false, "Merge Cond": "(orders.o_custkey = customer.c_custkey)", "Plans": [{"Node Type": "Index Scan", "Parent Relationship": "Outer", "Parallel Aware": false, "Scan Direction": "Forward", "Index Name": "idx_orders_custkey", "Relation Name": "orders", "Alias": "orders", "Startup Cost": 0.43, "Total Cost": 632290.37, "Plan Rows": 4561822, "Plan Width": 12, "Filter": "((o_orderdate >= '1995-01-01'::date) AND (o_orderdate <= '1996-12-31'::date))"}, {"Node Type": "Sort", "Parent Relationship": "Inner", "Parallel Aware": false, "Startup Cost": 101988.99, "Total Cost": 102738.99, "Plan Rows": 300000, "Plan Width": 4, "Sort Key": ["customer.c_custkey"], "Plans": [{"Node Type": "Merge Join", "Parent Relationship": "Outer", "Parallel Aware": false, "Join Type": "Inner", "Startup Cost": 7.93, "Total Cost": 74697.08, "Plan Rows": 300000, "Plan Width": 4, "Inner Unique": false, "Merge Cond": "(customer.c_nationkey = n1.n_nationkey)", "Plans": [{"Node Type": "Index Scan", "Parent Relationship": "Outer", "Parallel Aware": false, "Scan Direction": "Forward", "Index Name": "idx_customer_nationkey", "Relation Name": "customer", "Alias": "customer", "Startup Cost": 0.43, "Total Cost": 66439.58, "Plan Rows": 1500000, "Plan Width": 8}, {"Node Type": "Sort", "Parent Relationship": "Inner", "Parallel Aware": false, "Startup Cost": 7.51, "Total Cost": 7.52, "Plan Rows": 5, "Plan Width": 4, "Sort Key": ["n1.n_nationkey"], "Plans": [{"Node Type": "Merge Join", "Parent Relationship": "Outer", "Parallel Aware": false, "Join Type": "Inner", "Startup Cost": 0.27, "Total Cost": 7.45, "Plan Rows": 5, "Plan Width": 4, "Inner Unique": true, "Merge Cond": "(n1.n_regionkey = region.r_regionkey)", "Plans": [{"Node Type": "Index Scan", "Parent Relationship": "Outer", "Parallel Aware": false, "Scan Direction": "Forward", "Index Name": "idx_nation_regionkey", "Relation Name": "nation", "Alias": "n1", "Startup Cost": 0.14, "Total Cost": 3.81, "Plan Rows": 25, "Plan Width": 8}, {"Node Type": "Index Scan", "Parent Relationship": "Inner", "Parallel Aware": false, "Scan Direction": "Forward", "Index Name": "region_pkey", "Relation Name": "region", "Alias": "region", "Startup Cost": 0.13, "Total Cost": 3.52, "Plan Rows": 1, "Plan Width": 4, "Filter": "(r_name = 'ASIA'::bpchar)"}]}]}]}]}]}]}]}]}]}, {"Node Type": "Index Scan", "Parent Relationship": "Inner", "Parallel Aware": false, "Scan Direction": "Forward", "Index Name": "part_pkey", "Relation Name": "part", "Alias": "part", "Startup Cost": 0.43, "Total Cost": 81998.23, "Plan Rows": 12907, "Plan Width": 4, "Filter": "((p_type)::text = 'ECONOMY POLISHED STEEL'::text)"}]}]}, {"Node Type": "Index Scan", "Parent Relationship": "Inner", "Parallel Aware": false, "Scan Direction": "Forward", "Index Name": "supplier_pkey", "Relation Name": "supplier", "Alias": "supplier", "Startup Cost": 0.29, "Total Cost": 4020.1, "Plan Rows": 100000, "Plan Width": 8}]}]}, {"Node Type": "Index Scan", "Parent Relationship": "Inner", "Parallel Aware": false, "Scan Direction": "Forward", "Index Name": "nation_pkey", "Relation Name": "nation", "Alias": "n2", "Startup Cost": 0.14, "Total Cost": 3.81, "Plan Rows": 25, "Plan Width": 30}]}]}]}]}]}]}}, {"Plan": {"Node Type": "Limit", "Parallel Aware": false, "Startup Cost": 278698.64, "Total Cost": 278699.14, "Plan Rows": 1, "Plan Width": 40, "Plans": [{"Node Type": "Aggregate", "Strategy": "Sorted", "Partial Mode": "Finalize", "Parent Relationship": "Outer", "Parallel Aware": false, "Startup Cost": 278698.64, "Total Cost": 279910.15, "Plan Rows": 2406, "Plan Width": 40, "Group Key": ["(date_part('year'::text, (orders.o_orderdate)::timestamp without time zone))"], "Plans": [{"Node Type": "Gather Merge", "Parent Relationship": "Outer", "Parallel Aware": false, "Startup Cost": 278698.64, "Total Cost": 279765.79, "Plan Rows": 7218, "Plan Width": 72, "Workers Planned": 3, "Plans": [{"Node Type": "Aggregate", "Strategy": "Sorted", "Partial Mode": "Partial", "Parent Relationship": "Outer", "Parallel Aware": false, "Startup Cost": 277698.6, "Total Cost": 277917.63, "Plan Rows": 2406, "Plan Width": 72, "Group Key": ["(date_part('year'::text, (orders.o_orderdate)::timestamp without time zone))"], "Plans": [{"Node Type": "Sort", "Parent Relationship": "Outer", "Parallel Aware": false, "Startup Cost": 277698.6, "Total Cost": 277717.59, "Plan Rows": 7596, "Plan Width": 46, "Sort Key": ["(date_part('year'::text, (orders.o_orderdate)::timestamp without time zone))"], "Plans": [{"Node Type": "Merge Join", "Parent Relationship": "Outer", "Parallel Aware": false, "Join Type": "Inner", "Startup Cost": 277053.34, "Total Cost": 277209.0, "Plan Rows": 7596, "Plan Width": 46, "Inner Unique": true, "Merge Cond": "(supplier.s_nationkey = n2.n_nationkey)", "Plans": [{"Node Type": "Sort", "Parent Relationship": "Outer", "Parallel Aware": false, "Startup Cost": 277053.21, "Total Cost": 277072.2, "Plan Rows": 7596, "Plan Width": 20, "Sort Key": ["supplier.s_nationkey"], "Plans": [{"Node Type": "Nested Loop", "Parent Relationship": "Outer", "Parallel Aware": false, "Join Type": "Inner", "Startup Cost": 273904.95, "Total Cost": 276563.6, "Plan Rows": 7596, "Plan Width": 20, "Inner Unique": true, "Plans": [{"Node Type": "Merge Join", "Parent Relationship": "Outer", "Parallel Aware": false, "Join Type": "Inner", "Startup Cost": 273904.66, "Total Cost": 274208.5, "Plan Rows": 7596, "Plan Width": 20, "Inner Unique": false, "Merge Cond": "(customer.c_nationkey = n1.n_nationkey)", "Plans": [{"Node Type": "Sort", "Parent Relationship": "Outer", "Parallel Aware": false, "Startup Cost": 273898.6, "Total Cost": 273993.55, "Plan Rows": 37980, "Plan Width": 24, "Sort Key": ["customer.c_nationkey"], "Plans": [{"Node Type": "Nested Loop", "Parent Relationship": "Outer", "Parallel Aware": false, "Join Type": "Inner", "Startup Cost": 1.85, "Total Cost": 271009.66, "Plan Rows": 37980, "Plan Width": 24, "Inner Unique": true, "Plans": [{"Node Type": "Nested Loop", "Parent Relationship": "Outer", "Parallel Aware": false, "Join Type": "Inner", "Startup Cost": 1.43, "Total Cost": 253742.76, "Plan Rows": 37980, "Plan Width": 24, "Inner Unique": true, "Plans": [{"Node Type": "Nested Loop", "Parent Relationship": "Outer", "Parallel Aware": false, "Join Type": "Inner", "Startup Cost": 0.99, "Total Cost": 195919.87, "Plan Rows": 124877, "Plan Width": 20, "Inner Unique": false, "Plans": [{"Node Type": "Index Scan", "Parent Relationship": "Outer", "Parallel Aware": true, "Scan Direction": "Forward", "Index Name": "part_pkey", "Relation Name": "part", "Alias": "part", "Startup Cost": 0.43, "Total Cost": 65062.74, "Plan Rows": 4164, "Plan Width": 4, "Filter": "((p_type)::text = 'ECONOMY POLISHED STEEL'::text)"}, {"Node Type": "Index Scan", "Parent Relationship": "Inner", "Parallel Aware": false, "Scan Direction": "Forward", "Index Name": "idx_lineitem_part_supp", "Relation Name": "lineitem", "Alias": "lineitem", "Startup Cost": 0.56, "Total Cost": 31.12, "Plan Rows": 31, "Plan Width": 24, "Index Cond": "(l_partkey = part.p_partkey)"}]}, {"Node Type": "Index Scan", "Parent Relationship": "Inner", "Parallel Aware": false, "Scan Direction": "Forward", "Index Name": "orders_pkey", "Relation Name": "orders", "Alias": "orders", "Startup Cost": 0.43, "Total Cost": 0.46, "Plan Rows": 1, "Plan Width": 12, "Index Cond": "(o_orderkey = lineitem.l_orderkey)", "Filter": "((o_orderdate >= '1995-01-01'::date) AND (o_orderdate <= '1996-12-31'::date))"}]}, {"Node Type": "Index Scan", "Parent Relationship": "Inner", "Parallel Aware": false, "Scan Direction": "Forward", "Index Name": "customer_pkey", "Relation Name": "customer", "Alias": "customer", "Startup Cost": 0.43, "Total Cost": 0.45, "Plan Rows": 1, "Plan Width": 8, "Index Cond": "(c_custkey = orders.o_custkey)"}]}]}, {"Node Type": "Sort", "Parent Relationship": "Inner", "Parallel Aware": false, "Startup Cost": 6.05, "Total Cost": 6.07, "Plan Rows": 5, "Plan Width": 4, "Sort Key": ["n1.n_nationkey"], "Plans": [{"Node Type": "Nested Loop", "Parent Relationship": "Outer", "Parallel Aware": false, "Join Type": "Inner", "Startup Cost": 0.27, "Total Cost": 6.0, "Plan Rows": 5, "Plan Width": 4, "Inner Unique": false, "Plans": [{"Node Type": "Index Scan", "Parent Relationship": "Outer", "Parallel Aware": false, "Scan Direction": "Forward", "Index Name": "region_pkey", "Relation Name": "region", "Alias": "region", "Startup Cost": 0.13, "Total Cost": 3.52, "Plan Rows": 1, "Plan Width": 4, "Filter": "(r_name = 'ASIA'::bpchar)"}, {"Node Type": "Index Scan", "Parent Relationship": "Inner", "Parallel Aware": false, "Scan Direction": "Forward", "Index Name": "idx_nation_regionkey", "Relation Name": "nation", "Alias": "n1", "Startup Cost": 0.14, "Total Cost": 2.43, "Plan Rows": 5, "Plan Width": 8, "Index Cond": "(n_regionkey = region.r_regionkey)"}]}]}]}, {"Node Type": "Index Scan", "Parent Relationship": "Inner", "Parallel Aware": false, "Scan Direction": "Forward", "Index Name": "supplier_pkey", "Relation Name": "supplier", "Alias": "supplier", "Startup Cost": 0.29, "Total Cost": 0.31, "Plan Rows": 1, "Plan Width": 8, "Index Cond": "(s_suppkey = lineitem.l_suppkey)"}]}]}, {"Node Type": "Index Scan", "Parent Relationship": "Inner", "Parallel Aware": false, "Scan Direction": "Forward", "Index Name": "nation_pkey", "Relation Name": "nation", "Alias": "n2", "Startup Cost": 0.14, "Total Cost": 3.81, "Plan Rows": 25, "Plan Width": 30}]}]}]}]}]}]}}, {"Plan": {"Node Type": "Limit", "Parallel Aware": false, "Startup Cost": 262657.12, "Total Cost": 262657.63, "Plan Rows": 1, "Plan Width": 40, "Plans": [{"Node Type": "Aggregate", "Strategy": "Sorted", "Partial Mode": "Finalize", "Parent Relationship": "Outer", "Parallel Aware": false, "Startup Cost": 262657.12, "Total Cost": 263868.63, "Plan Rows": 2406, "Plan Width": 40, "Group Key": ["(date_part('year'::text, (orders.o_orderdate)::timestamp without time zone))"], "Plans": [{"Node Type": "Gather Merge", "Parent Relationship": "Outer", "Parallel Aware": false, "Startup Cost": 262657.12, "Total Cost": 263724.27, "Plan Rows": 7218, "Plan Width": 72, "Workers Planned": 3, "Plans": [{"Node Type": "Aggregate", "Strategy": "Sorted", "Partial Mode": "Partial", "Parent Relationship": "Outer", "Parallel Aware": false, "Startup Cost": 261657.08, "Total Cost": 261876.11, "Plan Rows": 2406, "Plan Width": 72, "Group Key": ["(date_part('year'::text, (orders.o_orderdate)::timestamp without time zone))"], "Plans": [{"Node Type": "Sort", "Parent Relationship": "Outer", "Parallel Aware": false, "Startup Cost": 261657.08, "Total Cost": 261676.07, "Plan Rows": 7596, "Plan Width": 46, "Sort Key": ["(date_part('year'::text, (orders.o_orderdate)::timestamp without time zone))"], "Plans": [{"Node Type": "Merge Join", "Parent Relationship": "Outer", "Parallel Aware": false, "Join Type": "Inner", "Startup Cost": 261015.44, "Total Cost": 261167.48, "Plan Rows": 7596, "Plan Width": 46, "Inner Unique": true, "Merge Cond": "(supplier.s_nationkey = n2.n_nationkey)", "Plans": [{"Node Type": "Sort", "Parent Relationship": "Outer", "Parallel Aware": false, "Startup Cost": 261013.61, "Total Cost": 261032.6, "Plan Rows": 7596, "Plan Width": 20, "Sort Key": ["supplier.s_nationkey"], "Plans": [{"Node Type": "Nested Loop", "Parent Relationship": "Outer", "Parallel Aware": false, "Join Type": "Inner", "Startup Cost": 257865.35, "Total Cost": 260524.01, "Plan Rows": 7596, "Plan Width": 20, "Inner Unique": true, "Plans": [{"Node Type": "Merge Join", "Parent Relationship": "Outer", "Parallel Aware": false, "Join Type": "Inner", "Startup Cost": 257865.06, "Total Cost": 258168.9, "Plan Rows": 7596, "Plan Width": 20, "Inner Unique": false, "Merge Cond": "(customer.c_nationkey = n1.n_nationkey)", "Plans": [{"Node Type": "Sort", "Parent Relationship": "Outer", "Parallel Aware": false, "Startup Cost": 257862.38, "Total Cost": 257957.33, "Plan Rows": 37980, "Plan Width": 24, "Sort Key": ["customer.c_nationkey"], "Plans": [{"Node Type": "Nested Loop", "Parent Relationship": "Outer", "Parallel Aware": false, "Join Type": "Inner", "Startup Cost": 1.43, "Total Cost": 254973.44, "Plan Rows": 37980, "Plan Width": 24, "Inner Unique": true, "Plans": [{"Node Type": "Nested Loop", "Parent Relationship": "Outer", "Parallel Aware": false, "Join Type": "Inner", "Startup Cost": 1.0, "Total Cost": 237706.53, "Plan Rows": 37980, "Plan Width": 24, "Inner Unique": true, "Plans": [{"Node Type": "Nested Loop", "Parent Relationship": "Outer", "Parallel Aware": false, "Join Type": "Inner", "Startup Cost": 0.56, "Total Cost": 179883.64, "Plan Rows": 124877, "Plan Width": 20, "Inner Unique": false, "Plans": [{"Node Type": "Seq Scan", "Parent Relationship": "Outer", "Parallel Aware": true, "Relation Name": "part", "Alias": "part", "Startup Cost": 0.0, "Total Cost": 49026.52, "Plan Rows": 4164, "Plan Width": 4, "Filter": "((p_type)::text = 'ECONOMY POLISHED STEEL'::text)"}, {"Node Type": "Index Scan", "Parent Relationship": "Inner", "Parallel Aware": false, "Scan Direction": "Forward", "Index Name": "idx_lineitem_part_supp", "Relation Name": "lineitem", "Alias": "lineitem", "Startup Cost": 0.56, "Total Cost": 31.12, "Plan Rows": 31, "Plan Width": 24, "Index Cond": "(l_partkey = part.p_partkey)"}]}, {"Node Type": "Index Scan", "Parent Relationship": "Inner", "Parallel Aware": false, "Scan Direction": "Forward", "Index Name": "orders_pkey", "Relation Name": "orders", "Alias": "orders", "Startup Cost": 0.43, "Total Cost": 0.46, "Plan Rows": 1, "Plan Width": 12, "Index Cond": "(o_orderkey = lineitem.l_orderkey)", "Filter": "((o_orderdate >= '1995-01-01'::date) AND (o_orderdate <= '1996-12-31'::date))"}]}, {"Node Type": "Index Scan", "Parent Relationship": "Inner", "Parallel Aware": false, "Scan Direction": "Forward", "Index Name": "customer_pkey", "Relation Name": "customer", "Alias": "customer", "Startup Cost": 0.43, "Total Cost": 0.45, "Plan Rows": 1, "Plan Width": 8, "Index Cond": "(c_custkey = orders.o_custkey)"}]}]}, {"Node Type": "Sort", "Parent Relationship": "Inner", "Parallel Aware": false, "Startup Cost": 2.68, "Total Cost": 2.7, "Plan Rows": 5, "Plan Width": 4, "Sort Key": ["n1.n_nationkey"], "Plans": [{"Node Type": "Nested Loop", "Parent Relationship": "Outer", "Parallel Aware": false, "Join Type": "Inner", "Startup Cost": 0.0, "Total Cost": 2.62, "Plan Rows": 5, "Plan Width": 4, "Inner Unique": false, "Join Filter": "(n1.n_regionkey = region.r_regionkey)", "Plans": [{"Node Type": "Seq Scan", "Parent Relationship": "Outer", "Parallel Aware": false, "Relation Name": "region", "Alias": "region", "Startup Cost": 0.0, "Total Cost": 1.06, "Plan Rows": 1, "Plan Width": 4, "Filter": "(r_name = 'ASIA'::bpchar)"}, {"Node Type": "Seq Scan", "Parent Relationship": "Inner", "Parallel Aware": false, "Relation Name": "nation", "Alias": "n1", "Startup Cost": 0.0, "Total Cost": 1.25, "Plan Rows": 25, "Plan Width": 8}]}]}]}, {"Node Type": "Index Scan", "Parent Relationship": "Inner", "Parallel Aware": false, "Scan Direction": "Forward", "Index Name": "supplier_pkey", "Relation Name": "supplier", "Alias": "supplier", "Startup Cost": 0.29, "Total Cost": 0.31, "Plan Rows": 1, "Plan Width": 8, "Index Cond": "(s_suppkey = lineitem.l_suppkey)"}]}]}, {"Node Type": "Sort", "Parent Relationship": "Inner", "Parallel Aware": false, "Startup Cost": 1.83, "Total Cost": 1.89, "Plan Rows": 25, "Plan Width": 30, "Sort Key": ["n2.n_nationkey"], "Plans": [{"Node Type": "Seq Scan", "Parent Relationship": "Outer", "Parallel Aware": false, "Relation Name": "nation", "Alias": "n2", "Startup Cost": 0.0, "Total Cost": 1.25, "Plan Rows": 25, "Plan Width": 30}]}]}]}]}]}]}]}}, {"Plan": {"Node Type": "Limit", "Parallel Aware": false, "Startup Cost": 2943668.27, "Total Cost": 2943668.51, "Plan Rows": 1, "Plan Width": 40, "Plans": [{"Node Type": "Aggregate", "Strategy": "Sorted", "Partial Mode": "Simple", "Parent Relationship": "Outer", "Parallel Aware": false, "Startup Cost": 2943668.27, "Total Cost": 2944252.21, "Plan Rows": 2406, "Plan Width": 40, "Group Key": ["(date_part('year'::text, (orders.o_orderdate)::timestamp without time zone))"], "Plans": [{"Node Type": "Sort", "Parent Relationship": "Outer", "Parallel Aware": false, "Startup Cost": 2943668.27, "Total Cost": 2943727.14, "Plan Rows": 23547, "Plan Width": 46, "Sort Key": ["(date_part('year'::text, (orders.o_orderdate)::timestamp without time zone))"], "Plans": [{"Node Type": "Merge Join", "Parent Relationship": "Outer", "Parallel Aware": false, "Join Type": "Inner", "Startup Cost": 2941487.31, "Total Cost": 2941958.37, "Plan Rows": 23547, "Plan Width": 46, "Inner Unique": true, "Merge Cond": "(supplier.s_nationkey = n2.n_nationkey)", "Plans": [{"Node Type": "Sort", "Parent Relationship": "Outer", "Parallel Aware": false, "Startup Cost": 2941485.48, "Total Cost": 2941544.35, "Plan Rows": 23547, "Plan Width": 20, "Sort Key": ["supplier.s_nationkey"], "Plans": [{"Node Type": "Merge Join", "Parent Relationship": "Outer", "Parallel Aware": false, "Join Type": "Inner", "Startup Cost": 2935152.57, "Total Cost": 2939775.58, "Plan Rows": 23547, "Plan Width": 20, "Inner Unique": false, "Merge Cond": "(supplier.s_suppkey = lineitem.l_suppkey)", "Plans": [{"Node Type": "Index Scan", "Parent Relationship": "Outer", "Parallel Aware": false, "Scan Direction": "Forward", "Index Name": "supplier_pkey", "Relation Name": "supplier", "Alias": "supplier", "Startup Cost": 0.29, "Total Cost": 4020.1, "Plan Rows": 100000, "Plan Width": 8}, {"Node Type": "Sort", "Parent Relationship": "Inner", "Parallel Aware": false, "Startup Cost": 2935152.28, "Total Cost": 2935211.15, "Plan Rows": 23547, "Plan Width": 20, "Sort Key": ["lineitem.l_suppkey"], "Plans": [{"Node Type": "Gather", "Parent Relationship": "Outer", "Parallel Aware": false, "Startup Cost": 2925062.11, "Total Cost": 2933442.39, "Plan Rows": 23547, "Plan Width": 20, "Workers Planned": 3, "Single Copy": false, "Plans": [{"Node Type": "Merge Join", "Parent Relationship": "Outer", "Parallel Aware": false, "Join Type": "Inner", "Startup Cost": 2924062.11, "Total Cost": 2930087.69, "Plan Rows": 7596, "Plan Width": 20, "Inner Unique": true, "Merge Cond": "(lineitem.l_partkey = part.p_partkey)", "Plans": [{"Node Type": "Sort", "Parent Relationship": "Outer", "Parallel Aware": false, "Startup Cost": 2857218.77, "Total Cost": 2860161.34, "Plan Rows": 1177027, "Plan Width": 24, "Sort Key": ["lineitem.l_partkey"], "Plans": [{"Node Type": "Merge Join", "Parent Relationship": "Outer", "Parallel Aware": false, "Join Type": "Inner", "Startup Cost": 857037.73, "Total Cost": 2724396.08, "Plan Rows": 1177027, "Plan Width": 24, "Inner Unique": false, "Merge Cond": "(lineitem.l_orderkey = orders.o_orderkey)", "Plans": [{"Node Type": "Index Scan", "Parent Relationship": "Outer", "Parallel Aware": true, "Scan Direction": "Forward", "Index Name": "idx_lineitem_orderkey", "Relation Name": "lineitem", "Alias": "lineitem", "Startup Cost": 0.56, "Total Cost": 1799092.35, "Plan Rows": 19350250, "Plan Width": 24}, {"Node Type": "Materialize", "Parent Relationship": "Inner", "Parallel Aware": false, "Startup Cost": 856991.81, "Total Cost": 861553.63, "Plan Rows": 912364, "Plan Width": 8, "Plans": [{"Node Type": "Sort", "Parent Relationship": "Outer", "Parallel Aware": false, "Startup Cost": 856991.81, "Total Cost": 859272.72, "Plan Rows": 912364, "Plan Width": 8, "Sort Key": ["orders.o_orderkey"], "Plans": [{"Node Type": "Merge Join", "Parent Relationship": "Outer", "Parallel Aware": false, "Join Type": "Inner", "Startup Cost": 101989.15, "Total Cost": 759365.0, "Plan Rows": 912364, "Plan Width": 8, "Inner Unique": false, "Merge Cond": "(orders.o_custkey = customer.c_custkey)", "Plans": [{"Node Type": "Index Scan", "Parent Relationship": "Outer", "Parallel Aware": false, "Scan Direction": "Forward", "Index Name": "idx_orders_custkey", "Relation Name": "orders", "Alias": "orders", "Startup Cost": 0.43, "Total Cost": 632290.37, "Plan Rows": 4561822, "Plan Width": 12, "Filter": "((o_orderdate >= '1995-01-01'::date) AND (o_orderdate <= '1996-12-31'::date))"}, {"Node Type": "Sort", "Parent Relationship": "Inner", "Parallel Aware": false, "Startup Cost": 101984.63, "Total Cost": 102734.63, "Plan Rows": 300000, "Plan Width": 4, "Sort Key": ["customer.c_custkey"], "Plans": [{"Node Type": "Merge Join", "Parent Relationship": "Outer", "Parallel Aware": false, "Join Type": "Inner", "Startup Cost": 3.57, "Total Cost": 74692.72, "Plan Rows": 300000, "Plan Width": 4, "Inner Unique": false, "Merge Cond": "(customer.c_nationkey = n1.n_nationkey)", "Plans": [{"Node Type": "Index Scan", "Parent Relationship": "Outer", "Parallel Aware": false, "Scan Direction": "Forward", "Index Name": "idx_customer_nationkey", "Relation Name": "customer", "Alias": "customer", "Startup Cost": 0.43, "Total Cost": 66439.58, "Plan Rows": 1500000, "Plan Width": 8}, {"Node Type": "Sort", "Parent Relationship": "Inner", "Parallel Aware": false, "Startup Cost": 3.14, "Total Cost": 3.16, "Plan Rows": 5, "Plan Width": 4, "Sort Key": ["n1.n_nationkey"], "Plans": [{"Node Type": "Merge Join", "Parent Relationship": "Outer", "Parallel Aware": false, "Join Type": "Inner", "Startup Cost": 2.9, "Total Cost": 3.09, "Plan Rows": 5, "Plan Width": 4, "Inner Unique": true, "Merge Cond": "(n1.n_regionkey = region.r_regionkey)", "Plans": [{"Node Type": "Sort", "Parent Relationship": "Outer", "Parallel Aware": false, "Startup Cost": 1.83, "Total Cost": 1.89, "Plan Rows": 25, "Plan Width": 8, "Sort Key": ["n1.n_regionkey"], "Plans": [{"Node Type": "Seq Scan", "Parent Relationship": "Outer", "Parallel Aware": false, "Relation Name": "nation", "Alias": "n1", "Startup Cost": 0.0, "Total Cost": 1.25, "Plan Rows": 25, "Plan Width": 8}]}, {"Node Type": "Sort", "Parent Relationship": "Inner", "Parallel Aware": false, "Startup Cost": 1.07, "Total Cost": 1.08, "Plan Rows": 1, "Plan Width": 4, "Sort Key": ["region.r_regionkey"], "Plans": [{"Node Type": "Seq Scan", "Parent Relationship": "Outer", "Parallel Aware": false, "Relation Name": "region", "Alias": "region", "Startup Cost": 0.0, "Total Cost": 1.06, "Plan Rows": 1, "Plan Width": 4, "Filter": "(r_name = 'ASIA'::bpchar)"}]}]}]}]}]}]}]}]}]}]}, {"Node Type": "Sort", "Parent Relationship": "Inner", "Parallel Aware": false, "Startup Cost": 66843.28, "Total Cost": 66875.55, "Plan Rows": 12907, "Plan Width": 4, "Sort Key": ["part.p_partkey"], "Plans": [{"Node Type": "Seq Scan", "Parent Relationship": "Outer", "Parallel Aware": false, "Relation Name": "part", "Alias": "part", "Startup Cost": 0.0, "Total Cost": 65962.0, "Plan Rows": 12907, "Plan Width": 4, "Filter": "((p_type)::text = 'ECONOMY POLISHED STEEL'::text)"}]}]}]}]}]}]}, {"Node Type": "Sort", "Parent Relationship": "Inner", "Parallel Aware": false, "Startup Cost": 1.83, "Total Cost": 1.89, "Plan Rows": 25, "Plan Width": 30, "Sort Key": ["n2.n_nationkey"], "Plans": [{"Node Type": "Seq Scan", "Parent Relationship": "Outer", "Parallel Aware": false, "Relation Name": "nation", "Alias": "n2", "Startup Cost": 0.0, "Total Cost": 1.25, "Plan Rows": 25, "Plan Width": 30}]}]}]}]}]}}, {"Plan": {"Node Type": "Limit", "Parallel Aware": false, "Startup Cost": 292810.22, "Total Cost": 292810.72, "Plan Rows": 1, "Plan Width": 40, "Plans": [{"Node Type": "Aggregate", "Strategy": "Sorted", "Partial Mode": "Finalize", "Parent Relationship": "Outer", "Parallel Aware": false, "Startup Cost": 292810.22, "Total Cost": 294021.72, "Plan Rows": 2406, "Plan Width": 40, "Group Key": ["(date_part('year'::text, (orders.o_orderdate)::timestamp without time zone))"], "Plans": [{"Node Type": "Gather Merge", "Parent Relationship": "Outer", "Parallel Aware": false, "Startup Cost": 292810.22, "Total Cost": 293877.36, "Plan Rows": 7218, "Plan Width": 72, "Workers Planned": 3, "Plans": [{"Node Type": "Aggregate", "Strategy": "Sorted", "Partial Mode": "Partial", "Parent Relationship": "Outer", "Parallel Aware": false, "Startup Cost": 291810.18, "Total Cost": 292029.21, "Plan Rows": 2406, "Plan Width": 72, "Group Key": ["(date_part('year'::text, (orders.o_orderdate)::timestamp without time zone))"], "Plans": [{"Node Type": "Sort", "Parent Relationship": "Outer", "Parallel Aware": false, "Startup Cost": 291810.18, "Total Cost": 291829.17, "Plan Rows": 7596, "Plan Width": 46, "Sort Key": ["(date_part('year'::text, (orders.o_orderdate)::timestamp without time zone))"], "Plans": [{"Node Type": "Nested Loop", "Parent Relationship": "Outer", "Parallel Aware": false, "Join Type": "Inner", "Startup Cost": 2.56, "Total Cost": 291320.58, "Plan Rows": 7596, "Plan Width": 46, "Inner Unique": true, "Plans": [{"Node Type": "Nested Loop", "Parent Relationship": "Outer", "Parallel Aware": false, "Join Type": "Inner", "Startup Cost": 2.42, "Total Cost": 290109.65, "Plan Rows": 7596, "Plan Width": 20, "Inner Unique": true, "Plans": [{"Node Type": "Nested Loop", "Parent Relationship": "Outer", "Parallel Aware": false, "Join Type": "Inner", "Startup Cost": 2.12, "Total Cost": 287754.55, "Plan Rows": 7596, "Plan Width": 20, "Inner Unique": true, "Plans": [{"Node Type": "Nested Loop", "Parent Relationship": "Outer", "Parallel Aware": false, "Join Type": "Inner", "Startup Cost": 1.99, "Total Cost": 276873.28, "Plan Rows": 37980, "Plan Width": 24, "Inner Unique": true, "Plans": [{"Node Type": "Nested Loop", "Parent Relationship": "Outer", "Parallel Aware": false, "Join Type": "Inner", "Startup Cost": 1.85, "Total Cost": 271009.66, "Plan Rows": 37980, "Plan Width": 24, "Inner Unique": true, "Plans": [{"Node Type": "Nested Loop", "Parent Relationship": "Outer", "Parallel Aware": false, "Join Type": "Inner", "Startup Cost": 1.43, "Total Cost": 253742.76, "Plan Rows": 37980, "Plan Width": 24, "Inner Unique": true, "Plans": [{"Node Type": "Nested Loop", "Parent Relationship": "Outer", "Parallel Aware": false, "Join Type": "Inner", "Startup Cost": 0.99, "Total Cost": 195919.87, "Plan Rows": 124877, "Plan Width": 20, "Inner Unique": false, "Plans": [{"Node Type": "Index Scan", "Parent Relationship": "Outer", "Parallel Aware": true, "Scan Direction": "Forward", "Index Name": "part_pkey", "Relation Name": "part", "Alias": "part", "Startup Cost": 0.43, "Total Cost": 65062.74, "Plan Rows": 4164, "Plan Width": 4, "Filter": "((p_type)::text = 'ECONOMY POLISHED STEEL'::text)"}, {"Node Type": "Index Scan", "Parent Relationship": "Inner", "Parallel Aware": false, "Scan Direction": "Forward", "Index Name": "idx_lineitem_part_supp", "Relation Name": "lineitem", "Alias": "lineitem", "Startup Cost": 0.56, "Total Cost": 31.12, "Plan Rows": 31, "Plan Width": 24, "Index Cond": "(l_partkey = part.p_partkey)"}]}, {"Node Type": "Index Scan", "Parent Relationship": "Inner", "Parallel Aware": false, "Scan Direction": "Forward", "Index Name": "orders_pkey", "Relation Name": "orders", "Alias": "orders", "Startup Cost": 0.43, "Total Cost": 0.46, "Plan Rows": 1, "Plan Width": 12, "Index Cond": "(o_orderkey = lineitem.l_orderkey)", "Filter": "((o_orderdate >= '1995-01-01'::date) AND (o_orderdate <= '1996-12-31'::date))"}]}, {"Node Type": "Index Scan", "Parent Relationship": "Inner", "Parallel Aware": false, "Scan Direction": "Forward", "Index Name": "customer_pkey", "Relation Name": "customer", "Alias": "customer", "Startup Cost": 0.43, "Total Cost": 0.45, "Plan Rows": 1, "Plan Width": 8, "Index Cond": "(c_custkey = orders.o_custkey)"}]}, {"Node Type": "Index Scan", "Parent Relationship": "Inner", "Parallel Aware": false, "Scan Direction": "Forward", "Index Name": "nation_pkey", "Relation Name": "nation", "Alias": "n1", "Startup Cost": 0.14, "Total Cost": 0.16, "Plan Rows": 1, "Plan Width": 8, "Index Cond": "(n_nationkey = customer.c_nationkey)"}]}, {"Node Type": "Index Scan", "Parent Relationship": "Inner", "Parallel Aware": false, "Scan Direction": "Forward", "Index Name": "region_pkey", "Relation Name": "region", "Alias": "region", "Startup Cost": 0.13, "Total Cost": 0.28, "Plan Rows": 1, "Plan Width": 4, "Index Cond": "(r_regionkey = n1.n_regionkey)", "Filter": "(r_name = 'ASIA'::bpchar)"}]}, {"Node Type": "Index Scan", "Parent Relationship": "Inner", "Parallel Aware": false, "Scan Direction": "Forward", "Index Name": "supplier_pkey", "Relation Name": "supplier", "Alias": "supplier", "Startup Cost": 0.29, "Total Cost": 0.31, "Plan Rows": 1, "Plan Width": 8, "Index Cond": "(s_suppkey = lineitem.l_suppkey)"}]}, {"Node Type": "Index Scan", "Parent Relationship": "Inner", "Parallel Aware": false, "Scan Direction": "Forward", "Index Name": "nation_pkey", "Relation Name": "nation", "Alias": "n2", "Startup Cost": 0.14, "Total Cost": 0.16, "Plan Rows": 1, "Plan Width": 30, "Index Cond": "(n_nationkey = supplier.s_nationkey)"}]}]}]}]}]}]}}, {"Plan": {"Node Type": "Limit", "Parallel Aware": false, "Startup Cost": 276773.99, "Total Cost": 276774.49, "Plan Rows": 1, "Plan Width": 40, "Plans": [{"Node Type": "Aggregate", "Strategy": "Sorted", "Partial Mode": "Finalize", "Parent Relationship": "Outer", "Parallel Aware": false, "Startup Cost": 276773.99, "Total Cost": 277985.5, "Plan Rows": 2406, "Plan Width": 40, "Group Key": ["(date_part('year'::text, (orders.o_orderdate)::timestamp without time zone))"], "Plans": [{"Node Type": "Gather Merge", "Parent Relationship": "Outer", "Parallel Aware": false, "Startup Cost": 276773.99, "Total Cost": 277841.14, "Plan Rows": 7218, "Plan Width": 72, "Workers Planned": 3, "Plans": [{"Node Type": "Aggregate", "Strategy": "Sorted", "Partial Mode": "Partial", "Parent Relationship": "Outer", "Parallel Aware": false, "Startup Cost": 275773.95, "Total Cost": 275992.98, "Plan Rows": 2406, "Plan Width": 72, "Group Key": ["(date_part('year'::text, (orders.o_orderdate)::timestamp without time zone))"], "Plans": [{"Node Type": "Sort", "Parent Relationship": "Outer", "Parallel Aware": false, "Startup Cost": 275773.95, "Total Cost": 275792.94, "Plan Rows": 7596, "Plan Width": 46, "Sort Key": ["(date_part('year'::text, (orders.o_orderdate)::timestamp without time zone))"], "Plans": [{"Node Type": "Nested Loop", "Parent Relationship": "Outer", "Parallel Aware": false, "Join Type": "Inner", "Startup Cost": 2.13, "Total Cost": 275284.35, "Plan Rows": 7596, "Plan Width": 46, "Inner Unique": true, "Plans": [{"Node Type": "Nested Loop", "Parent Relationship": "Outer", "Parallel Aware": false, "Join Type": "Inner", "Startup Cost": 1.99, "Total Cost": 274073.43, "Plan Rows": 7596, "Plan Width": 20, "Inner Unique": true, "Plans": [{"Node Type": "Nested Loop", "Parent Relationship": "Outer", "Parallel Aware": false, "Join Type": "Inner", "Startup Cost": 1.7, "Total Cost": 271718.32, "Plan Rows": 7596, "Plan Width": 20, "Inner Unique": true, "Plans": [{"Node Type": "Nested Loop", "Parent Relationship": "Outer", "Parallel Aware": false, "Join Type": "Inner", "Startup Cost": 1.56, "Total Cost": 260837.05, "Plan Rows": 37980, "Plan Width": 24, "Inner Unique": true, "Plans": [{"Node Type": "Nested Loop", "Parent Relationship": "Outer", "Parallel Aware": false, "Join Type": "Inner", "Startup Cost": 1.43, "Total Cost": 254973.44, "Plan Rows": 37980, "Plan Width": 24, "Inner Unique": true, "Plans": [{"Node Type": "Nested Loop", "Parent Relationship": "Outer", "Parallel Aware": false, "Join Type": "Inner", "Startup Cost": 1.0, "Total Cost": 237706.53, "Plan Rows": 37980, "Plan Width": 24, "Inner Unique": true, "Plans": [{"Node Type": "Nested Loop", "Parent Relationship": "Outer", "Parallel Aware": false, "Join Type": "Inner", "Startup Cost": 0.56, "Total Cost": 179883.64, "Plan Rows": 124877, "Plan Width": 20, "Inner Unique": false, "Plans": [{"Node Type": "Seq Scan", "Parent Relationship": "Outer", "Parallel Aware": true, "Relation Name": "part", "Alias": "part", "Startup Cost": 0.0, "Total Cost": 49026.52, "Plan Rows": 4164, "Plan Width": 4, "Filter": "((p_type)::text = 'ECONOMY POLISHED STEEL'::text)"}, {"Node Type": "Index Scan", "Parent Relationship": "Inner", "Parallel Aware": false, "Scan Direction": "Forward", "Index Name": "idx_lineitem_part_supp", "Relation Name": "lineitem", "Alias": "lineitem", "Startup Cost": 0.56, "Total Cost": 31.12, "Plan Rows": 31, "Plan Width": 24, "Index Cond": "(l_partkey = part.p_partkey)"}]}, {"Node Type": "Index Scan", "Parent Relationship": "Inner", "Parallel Aware": false, "Scan Direction": "Forward", "Index Name": "orders_pkey", "Relation Name": "orders", "Alias": "orders", "Startup Cost": 0.43, "Total Cost": 0.46, "Plan Rows": 1, "Plan Width": 12, "Index Cond": "(o_orderkey = lineitem.l_orderkey)", "Filter": "((o_orderdate >= '1995-01-01'::date) AND (o_orderdate <= '1996-12-31'::date))"}]}, {"Node Type": "Index Scan", "Parent Relationship": "Inner", "Parallel Aware": false, "Scan Direction": "Forward", "Index Name": "customer_pkey", "Relation Name": "customer", "Alias": "customer", "Startup Cost": 0.43, "Total Cost": 0.45, "Plan Rows": 1, "Plan Width": 8, "Index Cond": "(c_custkey = orders.o_custkey)"}]}, {"Node Type": "Index Scan", "Parent Relationship": "Inner", "Parallel Aware": false, "Scan Direction": "Forward", "Index Name": "nation_pkey", "Relation Name": "nation", "Alias": "n1", "Startup Cost": 0.14, "Total Cost": 0.16, "Plan Rows": 1, "Plan Width": 8, "Index Cond": "(n_nationkey = customer.c_nationkey)"}]}, {"Node Type": "Index Scan", "Parent Relationship": "Inner", "Parallel Aware": false, "Scan Direction": "Forward", "Index Name": "region_pkey", "Relation Name": "region", "Alias": "region", "Startup Cost": 0.13, "Total Cost": 0.28, "Plan Rows": 1, "Plan Width": 4, "Index Cond": "(r_regionkey = n1.n_regionkey)", "Filter": "(r_name = 'ASIA'::bpchar)"}]}, {"Node Type": "Index Scan", "Parent Relationship": "Inner", "Parallel Aware": false, "Scan Direction": "Forward", "Index Name": "supplier_pkey", "Relation Name": "supplier", "Alias": "supplier", "Startup Cost": 0.29, "Total Cost": 0.31, "Plan Rows": 1, "Plan Width": 8, "Index Cond": "(s_suppkey = lineitem.l_suppkey)"}]}, {"Node Type": "Index Scan", "Parent Relationship": "Inner", "Parallel Aware": false, "Scan Direction": "Forward", "Index Name": "nation_pkey", "Relation Name": "nation", "Alias": "n2", "Startup Cost": 0.14, "Total Cost": 0.16, "Plan Rows": 1, "Plan Width": 30, "Index Cond": "(n_nationkey = supplier.s_nationkey)"}]}]}]}]}]}]}}, {"Plan": {"Node Type": "Limit", "Parallel Aware": false, "Startup Cost": 440480.55, "Total Cost": 440481.05, "Plan Rows": 1, "Plan Width": 40, "Plans": [{"Node Type": "Aggregate", "Strategy": "Sorted", "Partial Mode": "Finalize", "Parent Relationship": "Outer", "Parallel Aware": false, "Startup Cost": 440480.55, "Total Cost": 441692.05, "Plan Rows": 2406, "Plan Width": 40, "Group Key": ["(date_part('year'::text, (orders.o_orderdate)::timestamp without time zone))"], "Plans": [{"Node Type": "Gather Merge", "Parent Relationship": "Outer", "Parallel Aware": false, "Startup Cost": 440480.55, "Total Cost": 441547.69, "Plan Rows": 7218, "Plan Width": 72, "Workers Planned": 3, "Plans": [{"Node Type": "Aggregate", "Strategy": "Sorted", "Partial Mode": "Partial", "Parent Relationship": "Outer", "Parallel Aware": false, "Startup Cost": 439480.51, "Total Cost": 439699.54, "Plan Rows": 2406, "Plan Width": 72, "Group Key": ["(date_part('year'::text, (orders.o_orderdate)::timestamp without time zone))"], "Plans": [{"Node Type": "Sort", "Parent Relationship": "Outer", "Parallel Aware": false, "Startup Cost": 439480.51, "Total Cost": 439499.5, "Plan Rows": 7596, "Plan Width": 46, "Sort Key": ["(date_part('year'::text, (orders.o_orderdate)::timestamp without time zone))"], "Plans": [{"Node Type": "Merge Join", "Parent Relationship": "Outer", "Parallel Aware": false, "Join Type": "Inner", "Startup Cost": 438838.86, "Total Cost": 438990.9, "Plan Rows": 7596, "Plan Width": 46, "Inner Unique": true, "Merge Cond": "(supplier.s_nationkey = n2.n_nationkey)", "Plans": [{"Node Type": "Sort", "Parent Relationship": "Outer", "Parallel Aware": false, "Startup Cost": 438837.03, "Total Cost": 438856.02, "Plan Rows": 7596, "Plan Width": 20, "Sort Key": ["supplier.s_nationkey"], "Plans": [{"Node Type": "Nested Loop", "Parent Relationship": "Outer", "Parallel Aware": false, "Join Type": "Inner", "Startup Cost": 425850.6, "Total Cost": 438347.43, "Plan Rows": 7596, "Plan Width": 20, "Inner Unique": true, "Plans": [{"Node Type": "Merge Join", "Parent Relationship": "Outer", "Parallel Aware": false, "Join Type": "Inner", "Startup Cost": 425850.3, "Total Cost": 427616.14, "Plan Rows": 7596, "Plan Width": 20, "Inner Unique": false, "Merge Cond": "(orders.o_custkey = customer.c_custkey)", "Plans": [{"Node Type": "Sort", "Parent Relationship": "Outer", "Parallel Aware": false, "Startup Cost": 381130.07, "Total Cost": 381225.02, "Plan Rows": 37980, "Plan Width": 24, "Sort Key": ["orders.o_custkey"], "Plans": [{"Node Type": "Nested Loop", "Parent Relationship": "Outer", "Parallel Aware": false, "Join Type": "Inner", "Startup Cost": 2.31, "Total Cost": 378241.13, "Plan Rows": 37980, "Plan Width": 24, "Inner Unique": true, "Plans": [{"Node Type": "Nested Loop", "Parent Relationship": "Outer", "Parallel Aware": false, "Join Type": "Inner", "Startup Cost": 1.86, "Total Cost": 183307.61, "Plan Rows": 124877, "Plan Width": 20, "Inner Unique": false, "Plans": [{"Node Type": "Seq Scan", "Parent Relationship": "Outer", "Parallel Aware": true, "Relation Name": "part", "Alias": "part", "Startup Cost": 0.0, "Total Cost": 49026.52, "Plan Rows": 4164, "Plan Width": 4, "Filter": "((p_type)::text = 'ECONOMY POLISHED STEEL'::text)"}, {"Node Type": "Bitmap Heap Scan", "Parent Relationship": "Inner", "Parallel Aware": false, "Relation Name": "lineitem", "Alias": "lineitem", "Startup Cost": 1.86, "Total Cost": 31.94, "Plan Rows": 31, "Plan Width": 24, "Recheck Cond": "(l_partkey = part.p_partkey)", "Plans": [{"Node Type": "Bitmap Index Scan", "Parent Relationship": "Outer", "Parallel Aware": false, "Index Name": "idx_lineitem_part_supp", "Startup Cost": 0.0, "Total Cost": 1.86, "Plan Rows": 31, "Plan Width": 0, "Index Cond": "(l_partkey = part.p_partkey)"}]}]}, {"Node Type": "Bitmap Heap Scan", "Parent Relationship": "Inner", "Parallel Aware": false, "Relation Name": "orders", "Alias": "orders", "Startup Cost": 0.44, "Total Cost": 1.56, "Plan Rows": 1, "Plan Width": 12, "Recheck Cond": "(o_orderkey = lineitem.l_orderkey)", "Filter": "((o_orderdate >= '1995-01-01'::date) AND (o_orderdate <= '1996-12-31'::date))", "Plans": [{"Node Type": "Bitmap Index Scan", "Parent Relationship": "Outer", "Parallel Aware": false, "Index Name": "orders_pkey", "Startup Cost": 0.0, "Total Cost": 0.44, "Plan Rows": 1, "Plan Width": 0, "Index Cond": "(o_orderkey = lineitem.l_orderkey)"}]}]}]}, {"Node Type": "Sort", "Parent Relationship": "Inner", "Parallel Aware": false, "Startup Cost": 44720.22, "Total Cost": 45470.22, "Plan Rows": 300000, "Plan Width": 4, "Sort Key": ["customer.c_custkey"], "Plans": [{"Node Type": "Nested Loop", "Parent Relationship": "Outer", "Parallel Aware": false, "Join Type": "Inner", "Startup Cost": 586.43, "Total Cost": 17428.32, "Plan Rows": 300000, "Plan Width": 4, "Inner Unique": false, "Plans": [{"Node Type": "Nested Loop", "Parent Relationship": "Outer", "Parallel Aware": false, "Join Type": "Inner", "Startup Cost": 0.0, "Total Cost": 2.62, "Plan Rows": 5, "Plan Width": 4, "Inner Unique": false, "Join Filter": "(n1.n_regionkey = region.r_regionkey)", "Plans": [{"Node Type": "Seq Scan", "Parent Relationship": "Outer", "Parallel Aware": false, "Relation Name": "region", "Alias": "region", "Startup Cost": 0.0, "Total Cost": 1.06, "Plan Rows": 1, "Plan Width": 4, "Filter": "(r_name = 'ASIA'::bpchar)"}, {"Node Type": "Seq Scan", "Parent Relationship": "Inner", "Parallel Aware": false, "Relation Name": "nation", "Alias": "n1", "Startup Cost": 0.0, "Total Cost": 1.25, "Plan Rows": 25, "Plan Width": 8}]}, {"Node Type": "Bitmap Heap Scan", "Parent Relationship": "Inner", "Parallel Aware": false, "Relation Name": "customer", "Alias": "customer", "Startup Cost": 586.43, "Total Cost": 2885.14, "Plan Rows": 60000, "Plan Width": 8, "Recheck Cond": "(c_nationkey = n1.n_nationkey)", "Plans": [{"Node Type": "Bitmap Index Scan", "Parent Relationship": "Outer", "Parallel Aware": false, "Index Name": "idx_customer_nationkey", "Startup Cost": 0.0, "Total Cost": 571.43, "Plan Rows": 60000, "Plan Width": 0, "Index Cond": "(c_nationkey = n1.n_nationkey)"}]}]}]}]}, {"Node Type": "Bitmap Heap Scan", "Parent Relationship": "Inner", "Parallel Aware": false, "Relation Name": "supplier", "Alias": "supplier", "Startup Cost": 0.3, "Total Cost": 1.41, "Plan Rows": 1, "Plan Width": 8, "Recheck Cond": "(s_suppkey = lineitem.l_suppkey)", "Plans": [{"Node Type": "Bitmap Index Scan", "Parent Relationship": "Outer", "Parallel Aware": false, "Index Name": "supplier_pkey", "Startup Cost": 0.0, "Total Cost": 0.3, "Plan Rows": 1, "Plan Width": 0, "Index Cond": "(s_suppkey = lineitem.l_suppkey)"}]}]}]}, {"Node Type": "Sort", "Parent Relationship": "Inner", "Parallel Aware": false, "Startup Cost": 1.83, "Total Cost": 1.89, "Plan Rows": 25, "Plan Width": 30, "Sort Key": ["n2.n_nationkey"], "Plans": [{"Node Type": "Seq Scan", "Parent Relationship": "Outer", "Parallel Aware": false, "Relation Name": "nation", "Alias": "n2", "Startup Cost": 0.0, "Total Cost": 1.25, "Plan Rows": 25, "Plan Width": 30}]}]}]}]}]}]}]}}, {"Plan": {"Node Type": "Limit", "Parallel Aware": false, "Startup Cost": 5119945.34, "Total Cost": 5119945.58, "Plan Rows": 1, "Plan Width": 40, "Plans": [{"Node Type": "Aggregate", "Strategy": "Sorted", "Partial Mode": "Simple", "Parent Relationship": "Outer", "Parallel Aware": false, "Startup Cost": 5119945.34, "Total Cost": 5120529.28, "Plan Rows": 2406, "Plan Width": 40, "Group Key": ["(date_part('year'::text, (orders.o_orderdate)::timestamp without time zone))"], "Plans": [{"Node Type": "Sort", "Parent Relationship": "Outer", "Parallel Aware": false, "Startup Cost": 5119945.34, "Total Cost": 5120004.2, "Plan Rows": 23547, "Plan Width": 46, "Sort Key": ["(date_part('year'::text, (orders.o_orderdate)::timestamp without time zone))"], "Plans": [{"Node Type": "Merge Join", "Parent Relationship": "Outer", "Parallel Aware": false, "Join Type": "Inner", "Startup Cost": 5117764.38, "Total Cost": 5118235.44, "Plan Rows": 23547, "Plan Width": 46, "Inner Unique": true, "Merge Cond": "(supplier.s_nationkey = n2.n_nationkey)", "Plans": [{"Node Type": "Sort", "Parent Relationship": "Outer", "Parallel Aware": false, "Startup Cost": 5117762.55, "Total Cost": 5117821.41, "Plan Rows": 23547, "Plan Width": 20, "Sort Key": ["supplier.s_nationkey"], "Plans": [{"Node Type": "Merge Join", "Parent Relationship": "Outer", "Parallel Aware": false, "Join Type": "Inner", "Startup Cost": 5115199.45, "Total Cost": 5116052.65, "Plan Rows": 23547, "Plan Width": 20, "Inner Unique": true, "Merge Cond": "(lineitem.l_suppkey = supplier.s_suppkey)", "Plans": [{"Node Type": "Sort", "Parent Relationship": "Outer", "Parallel Aware": false, "Startup Cost": 5103678.63, "Total Cost": 5103737.49, "Plan Rows": 23547, "Plan Width": 20, "Sort Key": ["lineitem.l_suppkey"], "Plans": [{"Node Type": "Merge Join", "Parent Relationship": "Outer", "Parallel Aware": false, "Join Type": "Inner", "Startup Cost": 5094268.1, "Total Cost": 5101968.73, "Plan Rows": 23547, "Plan Width": 20, "Inner Unique": false, "Merge Cond": "(orders.o_orderkey = lineitem.l_orderkey)", "Plans": [{"Node Type": "Sort", "Parent Relationship": "Outer", "Parallel Aware": false, "Startup Cost": 956646.06, "Total Cost": 958926.97, "Plan Rows": 912364, "Plan Width": 8, "Sort Key": ["orders.o_orderkey"], "Plans": [{"Node Type": "Gather", "Parent Relationship": "Outer", "Parallel Aware": false, "Startup Cost": 755982.02, "Total Cost": 859019.25, "Plan Rows": 912364, "Plan Width": 8, "Workers Planned": 3, "Single Copy": false, "Plans": [{"Node Type": "Merge Join", "Parent Relationship": "Outer", "Parallel Aware": false, "Join Type": "Inner", "Startup Cost": 754982.02, "Total Cost": 766782.85, "Plan Rows": 294311, "Plan Width": 8, "Inner Unique": false, "Merge Cond": "(orders.o_custkey = customer.c_custkey)", "Plans": [{"Node Type": "Sort", "Parent Relationship": "Outer", "Parallel Aware": false, "Startup Cost": 498972.95, "Total Cost": 502651.83, "Plan Rows": 1471555, "Plan Width": 12, "Sort Key": ["orders.o_custkey"], "Plans": [{"Node Type": "Seq Scan", "Parent Relationship": "Outer", "Parallel Aware": true, "Relation Name": "orders", "Alias": "orders", "Startup Cost": 0.0, "Total Cost": 333488.86, "Plan Rows": 1471555, "Plan Width": 12, "Filter": "((o_orderdate >= '1995-01-01'::date) AND (o_orderdate <= '1996-12-31'::date))"}]}, {"Node Type": "Sort", "Parent Relationship": "Inner", "Parallel Aware": false, "Startup Cost": 256009.03, "Total Cost": 256759.03, "Plan Rows": 300000, "Plan Width": 4, "Sort Key": ["customer.c_custkey"], "Plans": [{"Node Type": "Merge Join", "Parent Relationship": "Outer", "Parallel Aware": false, "Join Type": "Inner", "Startup Cost": 216717.13, "Total Cost": 228717.13, "Plan Rows": 300000, "Plan Width": 4, "Inner Unique": false, "Merge Cond": "(customer.c_nationkey = n1.n_nationkey)", "Plans": [{"Node Type": "Sort", "Parent Relationship": "Outer", "Parallel Aware": false, "Startup Cost": 216713.98, "Total Cost": 220463.98, "Plan Rows": 1500000, "Plan Width": 8, "Sort Key": ["customer.c_nationkey"], "Plans": [{"Node Type": "Seq Scan", "Parent Relationship": "Outer", "Parallel Aware": false, "Relation Name": "customer", "Alias": "customer", "Startup Cost": 0.0, "Total Cost": 50827.0, "Plan Rows": 1500000, "Plan Width": 8}]}, {"Node Type": "Sort", "Parent Relationship": "Inner", "Parallel Aware": false, "Startup Cost": 3.14, "Total Cost": 3.16, "Plan Rows": 5, "Plan Width": 4, "Sort Key": ["n1.n_nationkey"], "Plans": [{"Node Type": "Merge Join", "Parent Relationship": "Outer", "Parallel Aware": false, "Join Type": "Inner", "Startup Cost": 2.9, "Total Cost": 3.09, "Plan Rows": 5, "Plan Width": 4, "Inner Unique": true, "Merge Cond": "(n1.n_regionkey = region.r_regionkey)", "Plans": [{"Node Type": "Sort", "Parent Relationship": "Outer", "Parallel Aware": false, "Startup Cost": 1.83, "Total Cost": 1.89, "Plan Rows": 25, "Plan Width": 8, "Sort Key": ["n1.n_regionkey"], "Plans": [{"Node Type": "Seq Scan", "Parent Relationship": "Outer", "Parallel Aware": false, "Relation Name": "nation", "Alias": "n1", "Startup Cost": 0.0, "Total Cost": 1.25, "Plan Rows": 25, "Plan Width": 8}]}, {"Node Type": "Sort", "Parent Relationship": "Inner", "Parallel Aware": false, "Startup Cost": 1.07, "Total Cost": 1.08, "Plan Rows": 1, "Plan Width": 4, "Sort Key": ["region.r_regionkey"], "Plans": [{"Node Type": "Seq Scan", "Parent Relationship": "Outer", "Parallel Aware": false, "Relation Name": "region", "Alias": "region", "Startup Cost": 0.0, "Total Cost": 1.06, "Plan Rows": 1, "Plan Width": 4, "Filter": "(r_name = 'ASIA'::bpchar)"}]}]}]}]}]}]}]}]}, {"Node Type": "Materialize", "Parent Relationship": "Inner", "Parallel Aware": false, "Startup Cost": 4137622.0, "Total Cost": 4139557.59, "Plan Rows": 387118, "Plan Width": 20, "Plans": [{"Node Type": "Sort", "Parent Relationship": "Outer", "Parallel Aware": false, "Startup Cost": 4137622.0, "Total Cost": 4138589.79, "Plan Rows": 387118, "Plan Width": 20, "Sort Key": ["lineitem.l_orderkey"], "Plans": [{"Node Type": "Gather", "Parent Relationship": "Outer", "Parallel Aware": false, "Startup Cost": 3960265.84, "Total Cost": 4097041.33, "Plan Rows": 387118, "Plan Width": 20, "Workers Planned": 3, "Single Copy": false, "Plans": [{"Node Type": "Merge Join", "Parent Relationship": "Outer", "Parallel Aware": false, "Join Type": "Inner", "Startup Cost": 3959265.84, "Total Cost": 4057329.53, "Plan Rows": 124877, "Plan Width": 20, "Inner Unique": true, "Merge Cond": "(lineitem.l_partkey = part.p_partkey)", "Plans": [{"Node Type": "Sort", "Parent Relationship": "Outer", "Parallel Aware": false, "Startup Cost": 3892421.69, "Total Cost": 3940797.31, "Plan Rows": 19350250, "Plan Width": 24, "Sort Key": ["lineitem.l_partkey"], "Plans": [{"Node Type": "Seq Scan", "Parent Relationship": "Outer", "Parallel Aware": true, "Relation Name": "lineitem", "Alias": "lineitem", "Startup Cost": 0.0, "Total Cost": 1318044.5, "Plan Rows": 19350250, "Plan Width": 24}]}, {"Node Type": "Sort", "Parent Relationship": "Inner", "Parallel Aware": false, "Startup Cost": 66843.28, "Total Cost": 66875.55, "Plan Rows": 12907, "Plan Width": 4, "Sort Key": ["part.p_partkey"], "Plans": [{"Node Type": "Seq Scan", "Parent Relationship": "Outer", "Parallel Aware": false, "Relation Name": "part", "Alias": "part", "Startup Cost": 0.0, "Total Cost": 65962.0, "Plan Rows": 12907, "Plan Width": 4, "Filter": "((p_type)::text = 'ECONOMY POLISHED STEEL'::text)"}]}]}]}]}]}]}]}, {"Node Type": "Sort", "Parent Relationship": "Inner", "Parallel Aware": false, "Startup Cost": 11520.82, "Total Cost": 11770.82, "Plan Rows": 100000, "Plan Width": 8, "Sort Key": ["supplier.s_suppkey"], "Plans": [{"Node Type": "Seq Scan", "Parent Relationship": "Outer", "Parallel Aware": false, "Relation Name": "supplier", "Alias": "supplier", "Startup Cost": 0.0, "Total Cost": 3216.0, "Plan Rows": 100000, "Plan Width": 8}]}]}]}, {"Node Type": "Sort", "Parent Relationship": "Inner", "Parallel Aware": false, "Startup Cost": 1.83, "Total Cost": 1.89, "Plan Rows": 25, "Plan Width": 30, "Sort Key": ["n2.n_nationkey"], "Plans": [{"Node Type": "Seq Scan", "Parent Relationship": "Outer", "Parallel Aware": false, "Relation Name": "nation", "Alias": "n2", "Startup Cost": 0.0, "Total Cost": 1.25, "Plan Rows": 25, "Plan Width": 30}]}]}]}]}]}}, {"Plan": {"Node Type": "Limit", "Parallel Aware": false, "Startup Cost": 502268.12, "Total Cost": 502268.36, "Plan Rows": 1, "Plan Width": 40, "Plans": [{"Node Type": "Aggregate", "Strategy": "Sorted", "Partial Mode": "Simple", "Parent Relationship": "Outer", "Parallel Aware": false, "Startup Cost": 502268.12, "Total Cost": 502852.06, "Plan Rows": 2406, "Plan Width": 40, "Group Key": ["(date_part('year'::text, (orders.o_orderdate)::timestamp without time zone))"], "Plans": [{"Node Type": "Sort", "Parent Relationship": "Outer", "Parallel Aware": false, "Startup Cost": 502268.12, "Total Cost": 502326.99, "Plan Rows": 23547, "Plan Width": 46, "Sort Key": ["(date_part('year'::text, (orders.o_orderdate)::timestamp without time zone))"], "Plans": [{"Node Type": "Nested Loop", "Parent Relationship": "Outer", "Parallel Aware": false, "Join Type": "Inner", "Startup Cost": 1003.04, "Total Cost": 500558.23, "Plan Rows": 23547, "Plan Width": 46, "Inner Unique": true, "Join Filter": "(supplier.s_nationkey = n2.n_nationkey)", "Plans": [{"Node Type": "Nested Loop", "Parent Relationship": "Outer", "Parallel Aware": false, "Join Type": "Inner", "Startup Cost": 1003.04, "Total Cost": 491935.13, "Plan Rows": 23547, "Plan Width": 20, "Inner Unique": true, "Plans": [{"Node Type": "Nested Loop", "Parent Relationship": "Outer", "Parallel Aware": false, "Join Type": "Inner", "Startup Cost": 1002.74, "Total Cost": 458668.99, "Plan Rows": 23547, "Plan Width": 20, "Inner Unique": false, "Join Filter": "(n1.n_nationkey = customer.c_nationkey)", "Plans": [{"Node Type": "Gather", "Parent Relationship": "Outer", "Parallel Aware": false, "Startup Cost": 1002.74, "Total Cost": 449836.07, "Plan Rows": 117737, "Plan Width": 24, "Workers Planned": 3, "Single Copy": false, "Plans": [{"Node Type": "Nested Loop", "Parent Relationship": "Outer", "Parallel Aware": false, "Join Type": "Inner", "Startup Cost": 2.74, "Total Cost": 437062.37, "Plan Rows": 37980, "Plan Width": 24, "Inner Unique": true, "Plans": [{"Node Type": "Nested Loop", "Parent Relationship": "Outer", "Parallel Aware": false, "Join Type": "Inner", "Startup Cost": 2.31, "Total Cost": 378241.13, "Plan Rows": 37980, "Plan Width": 24, "Inner Unique": true, "Plans": [{"Node Type": "Nested Loop", "Parent Relationship": "Outer", "Parallel Aware": false, "Join Type": "Inner", "Startup Cost": 1.86, "Total Cost": 183307.61, "Plan Rows": 124877, "Plan Width": 20, "Inner Unique": false, "Plans": [{"Node Type": "Seq Scan", "Parent Relationship": "Outer", "Parallel Aware": true, "Relation Name": "part", "Alias": "part", "Startup Cost": 0.0, "Total Cost": 49026.52, "Plan Rows": 4164, "Plan Width": 4, "Filter": "((p_type)::text = 'ECONOMY POLISHED STEEL'::text)"}, {"Node Type": "Bitmap Heap Scan", "Parent Relationship": "Inner", "Parallel Aware": false, "Relation Name": "lineitem", "Alias": "lineitem", "Startup Cost": 1.86, "Total Cost": 31.94, "Plan Rows": 31, "Plan Width": 24, "Recheck Cond": "(l_partkey = part.p_partkey)", "Plans": [{"Node Type": "Bitmap Index Scan", "Parent Relationship": "Outer", "Parallel Aware": false, "Index Name": "idx_lineitem_part_supp", "Startup Cost": 0.0, "Total Cost": 1.86, "Plan Rows": 31, "Plan Width": 0, "Index Cond": "(l_partkey = part.p_partkey)"}]}]}, {"Node Type": "Bitmap Heap Scan", "Parent Relationship": "Inner", "Parallel Aware": false, "Relation Name": "orders", "Alias": "orders", "Startup Cost": 0.44, "Total Cost": 1.56, "Plan Rows": 1, "Plan Width": 12, "Recheck Cond": "(o_orderkey = lineitem.l_orderkey)", "Filter": "((o_orderdate >= '1995-01-01'::date) AND (o_orderdate <= '1996-12-31'::date))", "Plans": [{"Node Type": "Bitmap Index Scan", "Parent Relationship": "Outer", "Parallel Aware": false, "Index Name": "orders_pkey", "Startup Cost": 0.0, "Total Cost": 0.44, "Plan Rows": 1, "Plan Width": 0, "Index Cond": "(o_orderkey = lineitem.l_orderkey)"}]}]}, {"Node Type": "Bitmap Heap Scan", "Parent Relationship": "Inner", "Parallel Aware": false, "Relation Name": "customer", "Alias": "customer", "Startup Cost": 0.44, "Total Cost": 1.55, "Plan Rows": 1, "Plan Width": 8, "Recheck Cond": "(c_custkey = orders.o_custkey)", "Plans": [{"Node Type": "Bitmap Index Scan", "Parent Relationship": "Outer", "Parallel Aware": false, "Index Name": "customer_pkey", "Startup Cost": 0.0, "Total Cost": 0.44, "Plan Rows": 1, "Plan Width": 0, "Index Cond": "(c_custkey = orders.o_custkey)"}]}]}]}, {"Node Type": "Materialize", "Parent Relationship": "Inner", "Parallel Aware": false, "Startup Cost": 0.0, "Total Cost": 2.65, "Plan Rows": 5, "Plan Width": 4, "Plans": [{"Node Type": "Nested Loop", "Parent Relationship": "Outer", "Parallel Aware": false, "Join Type": "Inner", "Startup Cost": 0.0, "Total Cost": 2.62, "Plan Rows": 5, "Plan Width": 4, "Inner Unique": false, "Join Filter": "(n1.n_regionkey = region.r_regionkey)", "Plans": [{"Node Type": "Seq Scan", "Parent Relationship": "Outer", "Parallel Aware": false, "Relation Name": "region", "Alias": "region", "Startup Cost": 0.0, "Total Cost": 1.06, "Plan Rows": 1, "Plan Width": 4, "Filter": "(r_name = 'ASIA'::bpchar)"}, {"Node Type": "Seq Scan", "Parent Relationship": "Inner", "Parallel Aware": false, "Relation Name": "nation", "Alias": "n1", "Startup Cost": 0.0, "Total Cost": 1.25, "Plan Rows": 25, "Plan Width": 8}]}]}]}, {"Node Type": "Bitmap Heap Scan", "Parent Relationship": "Inner", "Parallel Aware": false, "Relation Name": "supplier", "Alias": "supplier", "Startup Cost": 0.3, "Total Cost": 1.41, "Plan Rows": 1, "Plan Width": 8, "Recheck Cond": "(s_suppkey = lineitem.l_suppkey)", "Plans": [{"Node Type": "Bitmap Index Scan", "Parent Relationship": "Outer", "Parallel Aware": false, "Index Name": "supplier_pkey", "Startup Cost": 0.0, "Total Cost": 0.3, "Plan Rows": 1, "Plan Width": 0, "Index Cond": "(s_suppkey = lineitem.l_suppkey)"}]}]}, {"Node Type": "Materialize", "Parent Relationship": "Inner", "Parallel Aware": false, "Startup Cost": 0.0, "Total Cost": 1.38, "Plan Rows": 25, "Plan Width": 30, "Plans": [{"Node Type": "Seq Scan", "Parent Relationship": "Outer", "Parallel Aware": false, "Relation Name": "nation", "Alias": "n2", "Startup Cost": 0.0, "Total Cost": 1.25, "Plan Rows": 25, "Plan Width": 30}]}]}]}]}]}}, {"Plan": {"Node Type": "Limit", "Parallel Aware": false, "Startup Cost": 259101.94, "Total Cost": 259102.45, "Plan Rows": 1, "Plan Width": 40, "Plans": [{"Node Type": "Aggregate", "Strategy": "Sorted", "Partial Mode": "Finalize", "Parent Relationship": "Outer", "Parallel Aware": false, "Startup Cost": 259101.94, "Total Cost": 260313.45, "Plan Rows": 2406, "Plan Width": 40, "Group Key": ["(date_part('year'::text, (orders.o_orderdate)::timestamp without time zone))"], "Plans": [{"Node Type": "Gather Merge", "Parent Relationship": "Outer", "Parallel Aware": false, "Startup Cost": 259101.94, "Total Cost": 260169.09, "Plan Rows": 7218, "Plan Width": 72, "Workers Planned": 3, "Plans": [{"Node Type": "Aggregate", "Strategy": "Sorted", "Partial Mode": "Partial", "Parent Relationship": "Outer", "Parallel Aware": false, "Startup Cost": 258101.9, "Total Cost": 258320.93, "Plan Rows": 2406, "Plan Width": 72, "Group Key": ["(date_part('year'::text, (orders.o_orderdate)::timestamp without time zone))"], "Plans": [{"Node Type": "Sort", "Parent Relationship": "Outer", "Parallel Aware": false, "Startup Cost": 258101.9, "Total Cost": 258120.89, "Plan Rows": 7596, "Plan Width": 46, "Sort Key": ["(date_part('year'::text, (orders.o_orderdate)::timestamp without time zone))"], "Plans": [{"Node Type": "Hash Join", "Parent Relationship": "Outer", "Parallel Aware": false, "Join Type": "Inner", "Startup Cost": 5.79, "Total Cost": 257612.3, "Plan Rows": 7596, "Plan Width": 46, "Inner Unique": true, "Hash Cond": "(supplier.s_nationkey = n2.n_nationkey)", "Plans": [{"Node Type": "Nested Loop", "Parent Relationship": "Outer", "Parallel Aware": false, "Join Type": "Inner", "Startup Cost": 4.23, "Total Cost": 257549.44, "Plan Rows": 7596, "Plan Width": 20, "Inner Unique": true, "Plans": [{"Node Type": "Hash Join", "Parent Relationship": "Outer", "Parallel Aware": false, "Join Type": "Inner", "Startup Cost": 3.94, "Total Cost": 255194.33, "Plan Rows": 7596, "Plan Width": 20, "Inner Unique": false, "Hash Cond": "(customer.c_nationkey = n1.n_nationkey)", "Plans": [{"Node Type": "Nested Loop", "Parent Relationship": "Outer", "Parallel Aware": false, "Join Type": "Inner", "Startup Cost": 1.43, "Total Cost": 254973.44, "Plan Rows": 37980, "Plan Width": 24, "Inner Unique": true, "Plans": [{"Node Type": "Nested Loop", "Parent Relationship": "Outer", "Parallel Aware": false, "Join Type": "Inner", "Startup Cost": 1.0, "Total Cost": 237706.53, "Plan Rows": 37980, "Plan Width": 24, "Inner Unique": true, "Plans": [{"Node Type": "Nested Loop", "Parent Relationship": "Outer", "Parallel Aware": false, "Join Type": "Inner", "Startup Cost": 0.56, "Total Cost": 179883.64, "Plan Rows": 124877, "Plan Width": 20, "Inner Unique": false, "Plans": [{"Node Type": "Seq Scan", "Parent Relationship": "Outer", "Parallel Aware": true, "Relation Name": "part", "Alias": "part", "Startup Cost": 0.0, "Total Cost": 49026.52, "Plan Rows": 4164, "Plan Width": 4, "Filter": "((p_type)::text = 'ECONOMY POLISHED STEEL'::text)"}, {"Node Type": "Index Scan", "Parent Relationship": "Inner", "Parallel Aware": false, "Scan Direction": "Forward", "Index Name": "idx_lineitem_part_supp", "Relation Name": "lineitem", "Alias": "lineitem", "Startup Cost": 0.56, "Total Cost": 31.12, "Plan Rows": 31, "Plan Width": 24, "Index Cond": "(l_partkey = part.p_partkey)"}]}, {"Node Type": "Index Scan", "Parent Relationship": "Inner", "Parallel Aware": false, "Scan Direction": "Forward", "Index Name": "orders_pkey", "Relation Name": "orders", "Alias": "orders", "Startup Cost": 0.43, "Total Cost": 0.46, "Plan Rows": 1, "Plan Width": 12, "Index Cond": "(o_orderkey = lineitem.l_orderkey)", "Filter": "((o_orderdate >= '1995-01-01'::date) AND (o_orderdate <= '1996-12-31'::date))"}]}, {"Node Type": "Index Scan", "Parent Relationship": "Inner", "Parallel Aware": false, "Scan Direction": "Forward", "Index Name": "customer_pkey", "Relation Name": "customer", "Alias": "customer", "Startup Cost": 0.43, "Total Cost": 0.45, "Plan Rows": 1, "Plan Width": 8, "Index Cond": "(c_custkey = orders.o_custkey)"}]}, {"Node Type": "Hash", "Parent Relationship": "Inner", "Parallel Aware": false, "Startup Cost": 2.45, "Total Cost": 2.45, "Plan Rows": 5, "Plan Width": 4, "Plans": [{"Node Type": "Hash Join", "Parent Relationship": "Outer", "Parallel Aware": false, "Join Type": "Inner", "Startup Cost": 1.07, "Total Cost": 2.45, "Plan Rows": 5, "Plan Width": 4, "Inner Unique": true, "Hash Cond": "(n1.n_regionkey = region.r_regionkey)", "Plans": [{"Node Type": "Seq Scan", "Parent Relationship": "Outer", "Parallel Aware": false, "Relation Name": "nation", "Alias": "n1", "Startup Cost": 0.0, "Total Cost": 1.25, "Plan Rows": 25, "Plan Width": 8}, {"Node Type": "Hash", "Parent Relationship": "Inner", "Parallel Aware": false, "Startup Cost": 1.06, "Total Cost": 1.06, "Plan Rows": 1, "Plan Width": 4, "Plans": [{"Node Type": "Seq Scan", "Parent Relationship": "Outer", "Parallel Aware": false, "Relation Name": "region", "Alias": "region", "Startup Cost": 0.0, "Total Cost": 1.06, "Plan Rows": 1, "Plan Width": 4, "Filter": "(r_name = 'ASIA'::bpchar)"}]}]}]}]}, {"Node Type": "Index Scan", "Parent Relationship": "Inner", "Parallel Aware": false, "Scan Direction": "Forward", "Index Name": "supplier_pkey", "Relation Name": "supplier", "Alias": "supplier", "Startup Cost": 0.29, "Total Cost": 0.31, "Plan Rows": 1, "Plan Width": 8, "Index Cond": "(s_suppkey = lineitem.l_suppkey)"}]}, {"Node Type": "Hash", "Parent Relationship": "Inner", "Parallel Aware": false, "Startup Cost": 1.25, "Total Cost": 1.25, "Plan Rows": 25, "Plan Width": 30, "Plans": [{"Node Type": "Seq Scan", "Parent Relationship": "Outer", "Parallel Aware": false, "Relation Name": "nation", "Alias": "n2", "Startup Cost": 0.0, "Total Cost": 1.25, "Plan Rows": 25, "Plan Width": 30}]}]}]}]}]}]}]}}]