[{"Plan": {"Node Type": "Limit", "Parallel Aware": false, "Startup Cost": 60020876969.53, "Total Cost": 60020876970.78, "Plan Rows": 1, "Plan Width": 66, "Plans": [{"Node Type": "Aggregate", "Strategy": "Sorted", "Partial Mode": "Simple", "Parent Relationship": "Outer", "Parallel Aware": false, "Startup Cost": 60020876969.53, "Total Cost": 60020952553.27, "Plan Rows": 60150, "Plan Width": 66, "Group Key": ["nation.n_name", "(date_part('year'::text, (orders.o_orderdate)::timestamp without time zone))"], "Plans": [{"Node Type": "Sort", "Parent Relationship": "Outer", "Parallel Aware": false, "Startup Cost": 60020876969.53, "Total Cost": 60020886285.92, "Plan Rows": 3726556, "Plan Width": 57, "Sort Key": ["nation.n_name", "(date_part('year'::text, (orders.o_orderdate)::timestamp without time zone)) DESC"], "Plans": [{"Node Type": "Hash Join", "Parent Relationship": "Outer", "Parallel Aware": false, "Join Type": "Inner", "Startup Cost": 60000000007.51, "Total Cost": 60020388161.3, "Plan Rows": 3726556, "Plan Width": 57, "Inner Unique": true, "Hash Cond": "(supplier.s_nationkey = nation.n_nationkey)", "Plans": [{"Node Type": "Nested Loop", "Parent Relationship": "Outer", "Parallel Aware": false, "Join Type": "Inner", "Startup Cost": 50000000003.39, "Total Cost": 50020358083.87, "Plan Rows": 3726556, "Plan Width": 31, "Inner Unique": true, "Plans": [{"Node Type": "Nested Loop", "Parent Relationship": "Outer", "Parallel Aware": false, "Join Type": "Inner", "Startup Cost": 40000000002.9, "Total Cost": 40014382194.22, "Plan Rows": 3726556, "Plan Width": 31, "Inner Unique": false, "Join Filter": "(supplier.s_suppkey = lineitem.l_suppkey)", "Plans": [{"Node Type": "Nested Loop", "Parent Relationship": "Outer", "Parallel Aware": false, "Join Type": "Inner", "Startup Cost": 30000000002.18, "Total Cost": 30013467708.24, "Plan Rows": 496967, "Plan Width": 26, "Inner Unique": true, "Plans": [{"Node Type": "Nested Loop", "Parent Relationship": "Outer", "Parallel Aware": false, "Join Type": "Inner", "Startup Cost": 20000000001.72, "Total Cost": 20000866635.5, "Plan Rows": 7999600, "Plan Width": 22, "Inner Unique": false, "Plans": [{"Node Type": "Index Scan", "Parent Relationship": "Outer", "Parallel Aware": false, "Scan Direction": "Forward", "Index Name": "idx_supplier_nation_key", "Relation Name": "supplier", "Alias": "supplier", "Startup Cost": 10000000000.42, "Total Cost": 10000006190.43, "Plan Rows": 100000, "Plan Width": 8}, {"Node Type": "Bitmap Heap Scan", "Parent Relationship": "Inner", "Parallel Aware": false, "Relation Name": "partsupp", "Alias": "partsupp", "Startup Cost": 1.31, "Total Cost": 7.8, "Plan Rows": 80, "Plan Width": 14, "Recheck Cond": "(ps_suppkey = supplier.s_suppkey)", "Plans": [{"Node Type": "Bitmap Index Scan", "Parent Relationship": "Outer", "Parallel Aware": false, "Index Name": "idx_partsupp_suppkey", "Startup Cost": 0.0, "Total Cost": 1.29, "Plan Rows": 80, "Plan Width": 0, "Index Cond": "(ps_suppkey = supplier.s_suppkey)"}]}]}, {"Node Type": "Bitmap Heap Scan", "Parent Relationship": "Inner", "Parallel Aware": false, "Relation Name": "part", "Alias": "part", "Startup Cost": 0.46, "Total Cost": 1.58, "Plan Rows": 1, "Plan Width": 4, "Recheck Cond": "(p_partkey = partsupp.ps_partkey)", "Filter": "((p_name)::text ~~ '%almond%'::text)", "Plans": [{"Node Type": "Bitmap Index Scan", "Parent Relationship": "Outer", "Parallel Aware": false, "Index Name": "part_pkey", "Startup Cost": 0.0, "Total Cost": 0.46, "Plan Rows": 1, "Plan Width": 0, "Index Cond": "(p_partkey = partsupp.ps_partkey)"}]}]}, {"Node Type": "Bitmap Heap Scan", "Parent Relationship": "Inner", "Parallel Aware": false, "Relation Name": "lineitem", "Alias": "lineitem", "Startup Cost": 0.71, "Total Cost": 1.83, "Plan Rows": 1, "Plan Width": 29, "Recheck Cond": "((l_partkey = partsupp.ps_partkey) AND (l_suppkey = partsupp.ps_suppkey))", "Plans": [{"Node Type": "Bitmap Index Scan", "Parent Relationship": "Outer", "Parallel Aware": false, "Index Name": "idx_lineitem_part_supp", "Startup Cost": 0.0, "Total Cost": 0.71, "Plan Rows": 1, "Plan Width": 0, "Index Cond": "((l_partkey = partsupp.ps_partkey) AND (l_suppkey = partsupp.ps_suppkey))"}]}]}, {"Node Type": "Bitmap Heap Scan", "Parent Relationship": "Inner", "Parallel Aware": false, "Relation Name": "orders", "Alias": "orders", "Startup Cost": 0.49, "Total Cost": 1.6, "Plan Rows": 1, "Plan Width": 8, "Recheck Cond": "(o_orderkey = lineitem.l_orderkey)", "Plans": [{"Node Type": "Bitmap Index Scan", "Parent Relationship": "Outer", "Parallel Aware": false, "Index Name": "orders_pkey", "Startup Cost": 0.0, "Total Cost": 0.49, "Plan Rows": 1, "Plan Width": 0, "Index Cond": "(o_orderkey = lineitem.l_orderkey)"}]}]}, {"Node Type": "Hash", "Parent Relationship": "Inner", "Parallel Aware": false, "Startup Cost": 10000000003.81, "Total Cost": 10000000003.81, "Plan Rows": 25, "Plan Width": 30, "Plans": [{"Node Type": "Index Scan", "Parent Relationship": "Outer", "Parallel Aware": false, "Scan Direction": "Forward", "Index Name": "nation_pkey", "Relation Name": "nation", "Alias": "nation", "Startup Cost": 10000000000.14, "Total Cost": 10000000003.81, "Plan Rows": 25, "Plan Width": 30}]}]}]}]}]}}, {"Plan": {"Node Type": "Limit", "Parallel Aware": false, "Startup Cost": 2826668.04, "Total Cost": 2826668.44, "Plan Rows": 1, "Plan Width": 66, "Plans": [{"Node Type": "Aggregate", "Strategy": "Sorted", "Partial Mode": "Finalize", "Parent Relationship": "Outer", "Parallel Aware": false, "Startup Cost": 2826668.04, "Total Cost": 2850878.41, "Plan Rows": 60150, "Plan Width": 66, "Group Key": ["nation.n_name", "(date_part('year'::text, (orders.o_orderdate)::timestamp without time zone))"], "Plans": [{"Node Type": "Gather Merge", "Parent Relationship": "Outer", "Parallel Aware": false, "Startup Cost": 2826668.04, "Total Cost": 2848021.29, "Plan Rows": 180450, "Plan Width": 66, "Workers Planned": 3, "Plans": [{"Node Type": "Sort", "Parent Relationship": "Outer", "Parallel Aware": false, "Startup Cost": 2825668.0, "Total Cost": 2825818.37, "Plan Rows": 60150, "Plan Width": 66, "Sort Key": ["nation.n_name", "(date_part('year'::text, (orders.o_orderdate)::timestamp without time zone)) DESC"], "Plans": [{"Node Type": "Aggregate", "Strategy": "Hashed", "Partial Mode": "Partial", "Parent Relationship": "Outer", "Parallel Aware": false, "Startup Cost": 2819840.58, "Total Cost": 2820893.21, "Plan Rows": 60150, "Plan Width": 66, "Group Key": ["nation.n_name", "date_part('year'::text, (orders.o_orderdate)::timestamp without time zone)"], "Plans": [{"Node Type": "Hash Join", "Parent Relationship": "Outer", "Parallel Aware": false, "Join Type": "Inner", "Startup Cost": 2291523.64, "Total Cost": 2798803.57, "Plan Rows": 1202115, "Plan Width": 57, "Inner Unique": true, "Hash Cond": "(supplier.s_nationkey = nation.n_nationkey)", "Plans": [{"Node Type": "Hash Join", "Parent Relationship": "Outer", "Parallel Aware": true, "Join Type": "Inner", "Startup Cost": 2291519.51, "Total Cost": 2789098.37, "Plan Rows": 1202115, "Plan Width": 31, "Inner Unique": false, "Hash Cond": "(orders.o_orderkey = lineitem.l_orderkey)", "Plans": [{"Node Type": "Index Scan", "Parent Relationship": "Outer", "Parallel Aware": true, "Scan Direction": "Forward", "Index Name": "orders_pkey", "Relation Name": "orders", "Alias": "orders", "Startup Cost": 0.43, "Total Cost": 429537.29, "Plan Rows": 4838457, "Plan Width": 8}, {"Node Type": "Hash", "Parent Relationship": "Inner", "Parallel Aware": true, "Startup Cost": 2268274.64, "Total Cost": 2268274.64, "Plan Rows": 1202115, "Plan Width": 31, "Plans": [{"Node Type": "Hash Join", "Parent Relationship": "Outer", "Parallel Aware": true, "Join Type": "Inner", "Startup Cost": 1946833.3, "Total Cost": 2268274.64, "Plan Rows": 1202115, "Plan Width": 31, "Inner Unique": true, "Hash Cond": "(lineitem.l_suppkey = supplier.s_suppkey)", "Plans": [{"Node Type": "Hash Join", "Parent Relationship": "Outer", "Parallel Aware": true, "Join Type": "Inner", "Startup Cost": 1942874.77, "Total Cost": 2261160.43, "Plan Rows": 1202115, "Plan Width": 35, "Inner Unique": false, "Hash Cond": "((partsupp.ps_suppkey = lineitem.l_suppkey) AND (partsupp.ps_partkey = lineitem.l_partkey))", "Plans": [{"Node Type": "Index Scan", "Parent Relationship": "Outer", "Parallel Aware": true, "Scan Direction": "Forward", "Index Name": "idx_partsupp_partkey", "Relation Name": "partsupp", "Alias": "partsupp", "Startup Cost": 0.43, "Total Cost": 264338.06, "Plan Rows": 2580516, "Plan Width": 14}, {"Node Type": "Hash", "Parent Relationship": "Inner", "Parallel Aware": true, "Startup Cost": 1915450.61, "Total Cost": 1915450.61, "Plan Rows": 1202115, "Plan Width": 33, "Plans": [{"Node Type": "Hash Join", "Parent Relationship": "Outer", "Parallel Aware": true, "Join Type": "Inner", "Startup Cost": 65564.31, "Total Cost": 1915450.61, "Plan Rows": 1202115, "Plan Width": 33, "Inner Unique": true, "Hash Cond": "(lineitem.l_partkey = part.p_partkey)", "Plans": [{"Node Type": "Index Scan", "Parent Relationship": "Outer", "Parallel Aware": true, "Scan Direction": "Forward", "Index Name": "idx_lineitem_orderkey", "Relation Name": "lineitem", "Alias": "lineitem", "Startup Cost": 0.56, "Total Cost": 1799092.35, "Plan Rows": 19350250, "Plan Width": 29}, {"Node Type": "Hash", "Parent Relationship": "Inner", "Parallel Aware": true, "Startup Cost": 65062.74, "Total Cost": 65062.74, "Plan Rows": 40080, "Plan Width": 4, "Plans": [{"Node Type": "Index Scan", "Parent Relationship": "Outer", "Parallel Aware": true, "Scan Direction": "Forward", "Index Name": "part_pkey", "Relation Name": "part", "Alias": "part", "Startup Cost": 0.43, "Total Cost": 65062.74, "Plan Rows": 40080, "Plan Width": 4, "Filter": "((p_name)::text ~~ '%almond%'::text)"}]}]}]}]}, {"Node Type": "Hash", "Parent Relationship": "Inner", "Parallel Aware": true, "Startup Cost": 3437.69, "Total Cost": 3437.69, "Plan Rows": 41667, "Plan Width": 8, "Plans": [{"Node Type": "Index Scan", "Parent Relationship": "Outer", "Parallel Aware": true, "Scan Direction": "Forward", "Index Name": "supplier_pkey", "Relation Name": "supplier", "Alias": "supplier", "Startup Cost": 0.29, "Total Cost": 3437.69, "Plan Rows": 41667, "Plan Width": 8}]}]}]}]}, {"Node Type": "Hash", "Parent Relationship": "Inner", "Parallel Aware": false, "Startup Cost": 3.81, "Total Cost": 3.81, "Plan Rows": 25, "Plan Width": 30, "Plans": [{"Node Type": "Index Scan", "Parent Relationship": "Outer", "Parallel Aware": false, "Scan Direction": "Forward", "Index Name": "nation_pkey", "Relation Name": "nation", "Alias": "nation", "Startup Cost": 0.14, "Total Cost": 3.81, "Plan Rows": 25, "Plan Width": 30}]}]}]}]}]}]}]}}, {"Plan": {"Node Type": "Limit", "Parallel Aware": false, "Startup Cost": 2826668.04, "Total Cost": 2826668.44, "Plan Rows": 1, "Plan Width": 66, "Plans": [{"Node Type": "Aggregate", "Strategy": "Sorted", "Partial Mode": "Finalize", "Parent Relationship": "Outer", "Parallel Aware": false, "Startup Cost": 2826668.04, "Total Cost": 2850878.41, "Plan Rows": 60150, "Plan Width": 66, "Group Key": ["nation.n_name", "(date_part('year'::text, (orders.o_orderdate)::timestamp without time zone))"], "Plans": [{"Node Type": "Gather Merge", "Parent Relationship": "Outer", "Parallel Aware": false, "Startup Cost": 2826668.04, "Total Cost": 2848021.29, "Plan Rows": 180450, "Plan Width": 66, "Workers Planned": 3, "Plans": [{"Node Type": "Sort", "Parent Relationship": "Outer", "Parallel Aware": false, "Startup Cost": 2825668.0, "Total Cost": 2825818.37, "Plan Rows": 60150, "Plan Width": 66, "Sort Key": ["nation.n_name", "(date_part('year'::text, (orders.o_orderdate)::timestamp without time zone)) DESC"], "Plans": [{"Node Type": "Aggregate", "Strategy": "Hashed", "Partial Mode": "Partial", "Parent Relationship": "Outer", "Parallel Aware": false, "Startup Cost": 2819840.58, "Total Cost": 2820893.21, "Plan Rows": 60150, "Plan Width": 66, "Group Key": ["nation.n_name", "date_part('year'::text, (orders.o_orderdate)::timestamp without time zone)"], "Plans": [{"Node Type": "Hash Join", "Parent Relationship": "Outer", "Parallel Aware": false, "Join Type": "Inner", "Startup Cost": 2291523.64, "Total Cost": 2798803.57, "Plan Rows": 1202115, "Plan Width": 57, "Inner Unique": true, "Hash Cond": "(supplier.s_nationkey = nation.n_nationkey)", "Plans": [{"Node Type": "Hash Join", "Parent Relationship": "Outer", "Parallel Aware": true, "Join Type": "Inner", "Startup Cost": 2291519.51, "Total Cost": 2789098.37, "Plan Rows": 1202115, "Plan Width": 31, "Inner Unique": false, "Hash Cond": "(orders.o_orderkey = lineitem.l_orderkey)", "Plans": [{"Node Type": "Index Scan", "Parent Relationship": "Outer", "Parallel Aware": true, "Scan Direction": "Forward", "Index Name": "orders_pkey", "Relation Name": "orders", "Alias": "orders", "Startup Cost": 0.43, "Total Cost": 429537.29, "Plan Rows": 4838457, "Plan Width": 8}, {"Node Type": "Hash", "Parent Relationship": "Inner", "Parallel Aware": true, "Startup Cost": 2268274.64, "Total Cost": 2268274.64, "Plan Rows": 1202115, "Plan Width": 31, "Plans": [{"Node Type": "Hash Join", "Parent Relationship": "Outer", "Parallel Aware": true, "Join Type": "Inner", "Startup Cost": 1946833.3, "Total Cost": 2268274.64, "Plan Rows": 1202115, "Plan Width": 31, "Inner Unique": true, "Hash Cond": "(lineitem.l_suppkey = supplier.s_suppkey)", "Plans": [{"Node Type": "Hash Join", "Parent Relationship": "Outer", "Parallel Aware": true, "Join Type": "Inner", "Startup Cost": 1942874.77, "Total Cost": 2261160.43, "Plan Rows": 1202115, "Plan Width": 35, "Inner Unique": false, "Hash Cond": "((partsupp.ps_suppkey = lineitem.l_suppkey) AND (partsupp.ps_partkey = lineitem.l_partkey))", "Plans": [{"Node Type": "Index Scan", "Parent Relationship": "Outer", "Parallel Aware": true, "Scan Direction": "Forward", "Index Name": "idx_partsupp_partkey", "Relation Name": "partsupp", "Alias": "partsupp", "Startup Cost": 0.43, "Total Cost": 264338.06, "Plan Rows": 2580516, "Plan Width": 14}, {"Node Type": "Hash", "Parent Relationship": "Inner", "Parallel Aware": true, "Startup Cost": 1915450.61, "Total Cost": 1915450.61, "Plan Rows": 1202115, "Plan Width": 33, "Plans": [{"Node Type": "Hash Join", "Parent Relationship": "Outer", "Parallel Aware": true, "Join Type": "Inner", "Startup Cost": 65564.31, "Total Cost": 1915450.61, "Plan Rows": 1202115, "Plan Width": 33, "Inner Unique": true, "Hash Cond": "(lineitem.l_partkey = part.p_partkey)", "Plans": [{"Node Type": "Index Scan", "Parent Relationship": "Outer", "Parallel Aware": true, "Scan Direction": "Forward", "Index Name": "idx_lineitem_orderkey", "Relation Name": "lineitem", "Alias": "lineitem", "Startup Cost": 0.56, "Total Cost": 1799092.35, "Plan Rows": 19350250, "Plan Width": 29}, {"Node Type": "Hash", "Parent Relationship": "Inner", "Parallel Aware": true, "Startup Cost": 65062.74, "Total Cost": 65062.74, "Plan Rows": 40080, "Plan Width": 4, "Plans": [{"Node Type": "Index Scan", "Parent Relationship": "Outer", "Parallel Aware": true, "Scan Direction": "Forward", "Index Name": "part_pkey", "Relation Name": "part", "Alias": "part", "Startup Cost": 0.43, "Total Cost": 65062.74, "Plan Rows": 40080, "Plan Width": 4, "Filter": "((p_name)::text ~~ '%almond%'::text)"}]}]}]}]}, {"Node Type": "Hash", "Parent Relationship": "Inner", "Parallel Aware": true, "Startup Cost": 3437.69, "Total Cost": 3437.69, "Plan Rows": 41667, "Plan Width": 8, "Plans": [{"Node Type": "Index Scan", "Parent Relationship": "Outer", "Parallel Aware": true, "Scan Direction": "Forward", "Index Name": "supplier_pkey", "Relation Name": "supplier", "Alias": "supplier", "Startup Cost": 0.29, "Total Cost": 3437.69, "Plan Rows": 41667, "Plan Width": 8}]}]}]}]}, {"Node Type": "Hash", "Parent Relationship": "Inner", "Parallel Aware": false, "Startup Cost": 3.81, "Total Cost": 3.81, "Plan Rows": 25, "Plan Width": 30, "Plans": [{"Node Type": "Index Scan", "Parent Relationship": "Outer", "Parallel Aware": false, "Scan Direction": "Forward", "Index Name": "nation_pkey", "Relation Name": "nation", "Alias": "nation", "Startup Cost": 0.14, "Total Cost": 3.81, "Plan Rows": 25, "Plan Width": 30}]}]}]}]}]}]}]}}, {"Plan": {"Node Type": "Limit", "Parallel Aware": false, "Startup Cost": 846597.81, "Total Cost": 846598.21, "Plan Rows": 1, "Plan Width": 66, "Plans": [{"Node Type": "Aggregate", "Strategy": "Sorted", "Partial Mode": "Finalize", "Parent Relationship": "Outer", "Parallel Aware": false, "Startup Cost": 846597.81, "Total Cost": 870808.19, "Plan Rows": 60150, "Plan Width": 66, "Group Key": ["nation.n_name", "(date_part('year'::text, (orders.o_orderdate)::timestamp without time zone))"], "Plans": [{"Node Type": "Gather Merge", "Parent Relationship": "Outer", "Parallel Aware": false, "Startup Cost": 846597.81, "Total Cost": 867951.06, "Plan Rows": 180450, "Plan Width": 66, "Workers Planned": 3, "Plans": [{"Node Type": "Sort", "Parent Relationship": "Outer", "Parallel Aware": false, "Startup Cost": 845597.77, "Total Cost": 845748.15, "Plan Rows": 60150, "Plan Width": 66, "Sort Key": ["nation.n_name", "(date_part('year'::text, (orders.o_orderdate)::timestamp without time zone)) DESC"], "Plans": [{"Node Type": "Aggregate", "Strategy": "Hashed", "Partial Mode": "Partial", "Parent Relationship": "Outer", "Parallel Aware": false, "Startup Cost": 839770.35, "Total Cost": 840822.98, "Plan Rows": 60150, "Plan Width": 66, "Group Key": ["nation.n_name", "date_part('year'::text, (orders.o_orderdate)::timestamp without time zone)"], "Plans": [{"Node Type": "Hash Join", "Parent Relationship": "Outer", "Parallel Aware": false, "Join Type": "Inner", "Startup Cost": 311453.41, "Total Cost": 818733.34, "Plan Rows": 1202115, "Plan Width": 57, "Inner Unique": true, "Hash Cond": "(supplier.s_nationkey = nation.n_nationkey)", "Plans": [{"Node Type": "Hash Join", "Parent Relationship": "Outer", "Parallel Aware": true, "Join Type": "Inner", "Startup Cost": 311449.29, "Total Cost": 809028.14, "Plan Rows": 1202115, "Plan Width": 31, "Inner Unique": false, "Hash Cond": "(orders.o_orderkey = lineitem.l_orderkey)", "Plans": [{"Node Type": "Index Scan", "Parent Relationship": "Outer", "Parallel Aware": true, "Scan Direction": "Forward", "Index Name": "orders_pkey", "Relation Name": "orders", "Alias": "orders", "Startup Cost": 0.43, "Total Cost": 429537.29, "Plan Rows": 4838457, "Plan Width": 8}, {"Node Type": "Hash", "Parent Relationship": "Inner", "Parallel Aware": true, "Startup Cost": 288204.41, "Total Cost": 288204.41, "Plan Rows": 1202115, "Plan Width": 31, "Plans": [{"Node Type": "Nested Loop", "Parent Relationship": "Outer", "Parallel Aware": false, "Join Type": "Inner", "Startup Cost": 3959.95, "Total Cost": 288204.41, "Plan Rows": 1202115, "Plan Width": 31, "Inner Unique": false, "Join Filter": "(supplier.s_suppkey = lineitem.l_suppkey)", "Plans": [{"Node Type": "Hash Join", "Parent Relationship": "Outer", "Parallel Aware": true, "Join Type": "Inner", "Startup Cost": 3959.39, "Total Cost": 133279.75, "Plan Rows": 160312, "Plan Width": 26, "Inner Unique": true, "Hash Cond": "(partsupp.ps_suppkey = supplier.s_suppkey)", "Plans": [{"Node Type": "Nested Loop", "Parent Relationship": "Outer", "Parallel Aware": false, "Join Type": "Inner", "Startup Cost": 0.86, "Total Cost": 128900.38, "Plan Rows": 160312, "Plan Width": 18, "Inner Unique": false, "Plans": [{"Node Type": "Index Scan", "Parent Relationship": "Outer", "Parallel Aware": true, "Scan Direction": "Forward", "Index Name": "part_pkey", "Relation Name": "part", "Alias": "part", "Startup Cost": 0.43, "Total Cost": 65062.74, "Plan Rows": 40080, "Plan Width": 4, "Filter": "((p_name)::text ~~ '%almond%'::text)"}, {"Node Type": "Index Scan", "Parent Relationship": "Inner", "Parallel Aware": false, "Scan Direction": "Forward", "Index Name": "idx_partsupp_partkey", "Relation Name": "partsupp", "Alias": "partsupp", "Startup Cost": 0.43, "Total Cost": 1.54, "Plan Rows": 5, "Plan Width": 14, "Index Cond": "(ps_partkey = part.p_partkey)"}]}, {"Node Type": "Hash", "Parent Relationship": "Inner", "Parallel Aware": true, "Startup Cost": 3437.69, "Total Cost": 3437.69, "Plan Rows": 41667, "Plan Width": 8, "Plans": [{"Node Type": "Index Scan", "Parent Relationship": "Outer", "Parallel Aware": true, "Scan Direction": "Forward", "Index Name": "supplier_pkey", "Relation Name": "supplier", "Alias": "supplier", "Startup Cost": 0.29, "Total Cost": 3437.69, "Plan Rows": 41667, "Plan Width": 8}]}]}, {"Node Type": "Index Scan", "Parent Relationship": "Inner", "Parallel Aware": false, "Scan Direction": "Forward", "Index Name": "idx_lineitem_part_supp", "Relation Name": "lineitem", "Alias": "lineitem", "Startup Cost": 0.56, "Total Cost": 0.95, "Plan Rows": 1, "Plan Width": 29, "Index Cond": "((l_partkey = partsupp.ps_partkey) AND (l_suppkey = partsupp.ps_suppkey))"}]}]}]}, {"Node Type": "Hash", "Parent Relationship": "Inner", "Parallel Aware": false, "Startup Cost": 3.81, "Total Cost": 3.81, "Plan Rows": 25, "Plan Width": 30, "Plans": [{"Node Type": "Index Scan", "Parent Relationship": "Outer", "Parallel Aware": false, "Scan Direction": "Forward", "Index Name": "nation_pkey", "Relation Name": "nation", "Alias": "nation", "Startup Cost": 0.14, "Total Cost": 3.81, "Plan Rows": 25, "Plan Width": 30}]}]}]}]}]}]}]}}, {"Plan": {"Node Type": "Limit", "Parallel Aware": false, "Startup Cost": 2144774.79, "Total Cost": 2144775.19, "Plan Rows": 1, "Plan Width": 66, "Plans": [{"Node Type": "Aggregate", "Strategy": "Sorted", "Partial Mode": "Finalize", "Parent Relationship": "Outer", "Parallel Aware": false, "Startup Cost": 2144774.79, "Total Cost": 2168985.16, "Plan Rows": 60150, "Plan Width": 66, "Group Key": ["nation.n_name", "(date_part('year'::text, (orders.o_orderdate)::timestamp without time zone))"], "Plans": [{"Node Type": "Gather Merge", "Parent Relationship": "Outer", "Parallel Aware": false, "Startup Cost": 2144774.79, "Total Cost": 2166128.04, "Plan Rows": 180450, "Plan Width": 66, "Workers Planned": 3, "Plans": [{"Node Type": "Sort", "Parent Relationship": "Outer", "Parallel Aware": false, "Startup Cost": 2143774.75, "Total Cost": 2143925.12, "Plan Rows": 60150, "Plan Width": 66, "Sort Key": ["nation.n_name", "(date_part('year'::text, (orders.o_orderdate)::timestamp without time zone)) DESC"], "Plans": [{"Node Type": "Aggregate", "Strategy": "Hashed", "Partial Mode": "Partial", "Parent Relationship": "Outer", "Parallel Aware": false, "Startup Cost": 2137947.33, "Total Cost": 2138999.96, "Plan Rows": 60150, "Plan Width": 66, "Group Key": ["nation.n_name", "date_part('year'::text, (orders.o_orderdate)::timestamp without time zone)"], "Plans": [{"Node Type": "Hash Join", "Parent Relationship": "Outer", "Parallel Aware": false, "Join Type": "Inner", "Startup Cost": 1729870.67, "Total Cost": 2116910.32, "Plan Rows": 1202115, "Plan Width": 57, "Inner Unique": true, "Hash Cond": "(supplier.s_nationkey = nation.n_nationkey)", "Plans": [{"Node Type": "Hash Join", "Parent Relationship": "Outer", "Parallel Aware": true, "Join Type": "Inner", "Startup Cost": 1729869.11, "Total Cost": 2107207.69, "Plan Rows": 1202115, "Plan Width": 31, "Inner Unique": false, "Hash Cond": "(orders.o_orderkey = lineitem.l_orderkey)", "Plans": [{"Node Type": "Seq Scan", "Parent Relationship": "Outer", "Parallel Aware": true, "Relation Name": "orders", "Alias": "orders", "Startup Cost": 0.0, "Total Cost": 309296.57, "Plan Rows": 4838457, "Plan Width": 8}, {"Node Type": "Hash", "Parent Relationship": "Inner", "Parallel Aware": true, "Startup Cost": 1706624.67, "Total Cost": 1706624.67, "Plan Rows": 1202115, "Plan Width": 31, "Plans": [{"Node Type": "Hash Join", "Parent Relationship": "Outer", "Parallel Aware": true, "Join Type": "Inner", "Startup Cost": 1449329.8, "Total Cost": 1706624.67, "Plan Rows": 1202115, "Plan Width": 31, "Inner Unique": true, "Hash Cond": "(lineitem.l_suppkey = supplier.s_suppkey)", "Plans": [{"Node Type": "Hash Join", "Parent Relationship": "Outer", "Parallel Aware": true, "Join Type": "Inner", "Startup Cost": 1445790.26, "Total Cost": 1699929.45, "Plan Rows": 1202115, "Plan Width": 35, "Inner Unique": false, "Hash Cond": "((partsupp.ps_suppkey = lineitem.l_suppkey) AND (partsupp.ps_partkey = lineitem.l_partkey))", "Plans": [{"Node Type": "Seq Scan", "Parent Relationship": "Outer", "Parallel Aware": true, "Relation Name": "partsupp", "Alias": "partsupp", "Startup Cost": 0.0, "Total Cost": 200191.16, "Plan Rows": 2580516, "Plan Width": 14}, {"Node Type": "Hash", "Parent Relationship": "Inner", "Parallel Aware": true, "Startup Cost": 1418366.54, "Total Cost": 1418366.54, "Plan Rows": 1202115, "Plan Width": 33, "Plans": [{"Node Type": "Hash Join", "Parent Relationship": "Outer", "Parallel Aware": true, "Join Type": "Inner", "Startup Cost": 49527.52, "Total Cost": 1418366.54, "Plan Rows": 1202115, "Plan Width": 33, "Inner Unique": true, "Hash Cond": "(lineitem.l_partkey = part.p_partkey)", "Plans": [{"Node Type": "Seq Scan", "Parent Relationship": "Outer", "Parallel Aware": true, "Relation Name": "lineitem", "Alias": "lineitem", "Startup Cost": 0.0, "Total Cost": 1318044.5, "Plan Rows": 19350250, "Plan Width": 29}, {"Node Type": "Hash", "Parent Relationship": "Inner", "Parallel Aware": true, "Startup Cost": 49026.52, "Total Cost": 49026.52, "Plan Rows": 40080, "Plan Width": 4, "Plans": [{"Node Type": "Seq Scan", "Parent Relationship": "Outer", "Parallel Aware": true, "Relation Name": "part", "Alias": "part", "Startup Cost": 0.0, "Total Cost": 49026.52, "Plan Rows": 40080, "Plan Width": 4, "Filter": "((p_name)::text ~~ '%almond%'::text)"}]}]}]}]}, {"Node Type": "Hash", "Parent Relationship": "Inner", "Parallel Aware": true, "Startup Cost": 2804.24, "Total Cost": 2804.24, "Plan Rows": 58824, "Plan Width": 8, "Plans": [{"Node Type": "Seq Scan", "Parent Relationship": "Outer", "Parallel Aware": true, "Relation Name": "supplier", "Alias": "supplier", "Startup Cost": 0.0, "Total Cost": 2804.24, "Plan Rows": 58824, "Plan Width": 8}]}]}]}]}, {"Node Type": "Hash", "Parent Relationship": "Inner", "Parallel Aware": false, "Startup Cost": 1.25, "Total Cost": 1.25, "Plan Rows": 25, "Plan Width": 30, "Plans": [{"Node Type": "Seq Scan", "Parent Relationship": "Outer", "Parallel Aware": false, "Relation Name": "nation", "Alias": "nation", "Startup Cost": 0.0, "Total Cost": 1.25, "Plan Rows": 25, "Plan Width": 30}]}]}]}]}]}]}]}}, {"Plan": {"Node Type": "Limit", "Parallel Aware": false, "Startup Cost": 846597.81, "Total Cost": 846598.21, "Plan Rows": 1, "Plan Width": 66, "Plans": [{"Node Type": "Aggregate", "Strategy": "Sorted", "Partial Mode": "Finalize", "Parent Relationship": "Outer", "Parallel Aware": false, "Startup Cost": 846597.81, "Total Cost": 870808.19, "Plan Rows": 60150, "Plan Width": 66, "Group Key": ["nation.n_name", "(date_part('year'::text, (orders.o_orderdate)::timestamp without time zone))"], "Plans": [{"Node Type": "Gather Merge", "Parent Relationship": "Outer", "Parallel Aware": false, "Startup Cost": 846597.81, "Total Cost": 867951.06, "Plan Rows": 180450, "Plan Width": 66, "Workers Planned": 3, "Plans": [{"Node Type": "Sort", "Parent Relationship": "Outer", "Parallel Aware": false, "Startup Cost": 845597.77, "Total Cost": 845748.15, "Plan Rows": 60150, "Plan Width": 66, "Sort Key": ["nation.n_name", "(date_part('year'::text, (orders.o_orderdate)::timestamp without time zone)) DESC"], "Plans": [{"Node Type": "Aggregate", "Strategy": "Hashed", "Partial Mode": "Partial", "Parent Relationship": "Outer", "Parallel Aware": false, "Startup Cost": 839770.35, "Total Cost": 840822.98, "Plan Rows": 60150, "Plan Width": 66, "Group Key": ["nation.n_name", "date_part('year'::text, (orders.o_orderdate)::timestamp without time zone)"], "Plans": [{"Node Type": "Hash Join", "Parent Relationship": "Outer", "Parallel Aware": false, "Join Type": "Inner", "Startup Cost": 311453.41, "Total Cost": 818733.34, "Plan Rows": 1202115, "Plan Width": 57, "Inner Unique": true, "Hash Cond": "(supplier.s_nationkey = nation.n_nationkey)", "Plans": [{"Node Type": "Hash Join", "Parent Relationship": "Outer", "Parallel Aware": true, "Join Type": "Inner", "Startup Cost": 311449.29, "Total Cost": 809028.14, "Plan Rows": 1202115, "Plan Width": 31, "Inner Unique": false, "Hash Cond": "(orders.o_orderkey = lineitem.l_orderkey)", "Plans": [{"Node Type": "Index Scan", "Parent Relationship": "Outer", "Parallel Aware": true, "Scan Direction": "Forward", "Index Name": "orders_pkey", "Relation Name": "orders", "Alias": "orders", "Startup Cost": 0.43, "Total Cost": 429537.29, "Plan Rows": 4838457, "Plan Width": 8}, {"Node Type": "Hash", "Parent Relationship": "Inner", "Parallel Aware": true, "Startup Cost": 288204.41, "Total Cost": 288204.41, "Plan Rows": 1202115, "Plan Width": 31, "Plans": [{"Node Type": "Nested Loop", "Parent Relationship": "Outer", "Parallel Aware": false, "Join Type": "Inner", "Startup Cost": 3959.95, "Total Cost": 288204.41, "Plan Rows": 1202115, "Plan Width": 31, "Inner Unique": false, "Join Filter": "(supplier.s_suppkey = lineitem.l_suppkey)", "Plans": [{"Node Type": "Hash Join", "Parent Relationship": "Outer", "Parallel Aware": true, "Join Type": "Inner", "Startup Cost": 3959.39, "Total Cost": 133279.75, "Plan Rows": 160312, "Plan Width": 26, "Inner Unique": true, "Hash Cond": "(partsupp.ps_suppkey = supplier.s_suppkey)", "Plans": [{"Node Type": "Nested Loop", "Parent Relationship": "Outer", "Parallel Aware": false, "Join Type": "Inner", "Startup Cost": 0.86, "Total Cost": 128900.38, "Plan Rows": 160312, "Plan Width": 18, "Inner Unique": false, "Plans": [{"Node Type": "Index Scan", "Parent Relationship": "Outer", "Parallel Aware": true, "Scan Direction": "Forward", "Index Name": "part_pkey", "Relation Name": "part", "Alias": "part", "Startup Cost": 0.43, "Total Cost": 65062.74, "Plan Rows": 40080, "Plan Width": 4, "Filter": "((p_name)::text ~~ '%almond%'::text)"}, {"Node Type": "Index Scan", "Parent Relationship": "Inner", "Parallel Aware": false, "Scan Direction": "Forward", "Index Name": "idx_partsupp_partkey", "Relation Name": "partsupp", "Alias": "partsupp", "Startup Cost": 0.43, "Total Cost": 1.54, "Plan Rows": 5, "Plan Width": 14, "Index Cond": "(ps_partkey = part.p_partkey)"}]}, {"Node Type": "Hash", "Parent Relationship": "Inner", "Parallel Aware": true, "Startup Cost": 3437.69, "Total Cost": 3437.69, "Plan Rows": 41667, "Plan Width": 8, "Plans": [{"Node Type": "Index Scan", "Parent Relationship": "Outer", "Parallel Aware": true, "Scan Direction": "Forward", "Index Name": "supplier_pkey", "Relation Name": "supplier", "Alias": "supplier", "Startup Cost": 0.29, "Total Cost": 3437.69, "Plan Rows": 41667, "Plan Width": 8}]}]}, {"Node Type": "Index Scan", "Parent Relationship": "Inner", "Parallel Aware": false, "Scan Direction": "Forward", "Index Name": "idx_lineitem_part_supp", "Relation Name": "lineitem", "Alias": "lineitem", "Startup Cost": 0.56, "Total Cost": 0.95, "Plan Rows": 1, "Plan Width": 29, "Index Cond": "((l_partkey = partsupp.ps_partkey) AND (l_suppkey = partsupp.ps_suppkey))"}]}]}]}, {"Node Type": "Hash", "Parent Relationship": "Inner", "Parallel Aware": false, "Startup Cost": 3.81, "Total Cost": 3.81, "Plan Rows": 25, "Plan Width": 30, "Plans": [{"Node Type": "Index Scan", "Parent Relationship": "Outer", "Parallel Aware": false, "Scan Direction": "Forward", "Index Name": "nation_pkey", "Relation Name": "nation", "Alias": "nation", "Startup Cost": 0.14, "Total Cost": 3.81, "Plan Rows": 25, "Plan Width": 30}]}]}]}]}]}]}]}}, {"Plan": {"Node Type": "Limit", "Parallel Aware": false, "Startup Cost": 709899.31, "Total Cost": 709899.71, "Plan Rows": 1, "Plan Width": 66, "Plans": [{"Node Type": "Aggregate", "Strategy": "Sorted", "Partial Mode": "Finalize", "Parent Relationship": "Outer", "Parallel Aware": false, "Startup Cost": 709899.31, "Total Cost": 734109.68, "Plan Rows": 60150, "Plan Width": 66, "Group Key": ["nation.n_name", "(date_part('year'::text, (orders.o_orderdate)::timestamp without time zone))"], "Plans": [{"Node Type": "Gather Merge", "Parent Relationship": "Outer", "Parallel Aware": false, "Startup Cost": 709899.31, "Total Cost": 731252.56, "Plan Rows": 180450, "Plan Width": 66, "Workers Planned": 3, "Plans": [{"Node Type": "Sort", "Parent Relationship": "Outer", "Parallel Aware": false, "Startup Cost": 708899.27, "Total Cost": 709049.64, "Plan Rows": 60150, "Plan Width": 66, "Sort Key": ["nation.n_name", "(date_part('year'::text, (orders.o_orderdate)::timestamp without time zone)) DESC"], "Plans": [{"Node Type": "Aggregate", "Strategy": "Hashed", "Partial Mode": "Partial", "Parent Relationship": "Outer", "Parallel Aware": false, "Startup Cost": 703071.85, "Total Cost": 704124.48, "Plan Rows": 60150, "Plan Width": 66, "Group Key": ["nation.n_name", "date_part('year'::text, (orders.o_orderdate)::timestamp without time zone)"], "Plans": [{"Node Type": "Hash Join", "Parent Relationship": "Outer", "Parallel Aware": false, "Join Type": "Inner", "Startup Cost": 294995.19, "Total Cost": 682034.84, "Plan Rows": 1202115, "Plan Width": 57, "Inner Unique": true, "Hash Cond": "(supplier.s_nationkey = nation.n_nationkey)", "Plans": [{"Node Type": "Hash Join", "Parent Relationship": "Outer", "Parallel Aware": true, "Join Type": "Inner", "Startup Cost": 294993.63, "Total Cost": 672332.2, "Plan Rows": 1202115, "Plan Width": 31, "Inner Unique": false, "Hash Cond": "(orders.o_orderkey = lineitem.l_orderkey)", "Plans": [{"Node Type": "Seq Scan", "Parent Relationship": "Outer", "Parallel Aware": true, "Relation Name": "orders", "Alias": "orders", "Startup Cost": 0.0, "Total Cost": 309296.57, "Plan Rows": 4838457, "Plan Width": 8}, {"Node Type": "Hash", "Parent Relationship": "Inner", "Parallel Aware": true, "Startup Cost": 271749.19, "Total Cost": 271749.19, "Plan Rows": 1202115, "Plan Width": 31, "Plans": [{"Node Type": "Nested Loop", "Parent Relationship": "Outer", "Parallel Aware": false, "Join Type": "Inner", "Startup Cost": 3540.53, "Total Cost": 271749.19, "Plan Rows": 1202115, "Plan Width": 31, "Inner Unique": false, "Join Filter": "(supplier.s_suppkey = lineitem.l_suppkey)", "Plans": [{"Node Type": "Hash Join", "Parent Relationship": "Outer", "Parallel Aware": true, "Join Type": "Inner", "Startup Cost": 3539.97, "Total Cost": 116824.53, "Plan Rows": 160312, "Plan Width": 26, "Inner Unique": true, "Hash Cond": "(partsupp.ps_suppkey = supplier.s_suppkey)", "Plans": [{"Node Type": "Nested Loop", "Parent Relationship": "Outer", "Parallel Aware": false, "Join Type": "Inner", "Startup Cost": 0.43, "Total Cost": 112864.16, "Plan Rows": 160312, "Plan Width": 18, "Inner Unique": false, "Plans": [{"Node Type": "Seq Scan", "Parent Relationship": "Outer", "Parallel Aware": true, "Relation Name": "part", "Alias": "part", "Startup Cost": 0.0, "Total Cost": 49026.52, "Plan Rows": 40080, "Plan Width": 4, "Filter": "((p_name)::text ~~ '%almond%'::text)"}, {"Node Type": "Index Scan", "Parent Relationship": "Inner", "Parallel Aware": false, "Scan Direction": "Forward", "Index Name": "idx_partsupp_partkey", "Relation Name": "partsupp", "Alias": "partsupp", "Startup Cost": 0.43, "Total Cost": 1.54, "Plan Rows": 5, "Plan Width": 14, "Index Cond": "(ps_partkey = part.p_partkey)"}]}, {"Node Type": "Hash", "Parent Relationship": "Inner", "Parallel Aware": true, "Startup Cost": 2804.24, "Total Cost": 2804.24, "Plan Rows": 58824, "Plan Width": 8, "Plans": [{"Node Type": "Seq Scan", "Parent Relationship": "Outer", "Parallel Aware": true, "Relation Name": "supplier", "Alias": "supplier", "Startup Cost": 0.0, "Total Cost": 2804.24, "Plan Rows": 58824, "Plan Width": 8}]}]}, {"Node Type": "Index Scan", "Parent Relationship": "Inner", "Parallel Aware": false, "Scan Direction": "Forward", "Index Name": "idx_lineitem_part_supp", "Relation Name": "lineitem", "Alias": "lineitem", "Startup Cost": 0.56, "Total Cost": 0.95, "Plan Rows": 1, "Plan Width": 29, "Index Cond": "((l_partkey = partsupp.ps_partkey) AND (l_suppkey = partsupp.ps_suppkey))"}]}]}]}, {"Node Type": "Hash", "Parent Relationship": "Inner", "Parallel Aware": false, "Startup Cost": 1.25, "Total Cost": 1.25, "Plan Rows": 25, "Plan Width": 30, "Plans": [{"Node Type": "Seq Scan", "Parent Relationship": "Outer", "Parallel Aware": false, "Relation Name": "nation", "Alias": "nation", "Startup Cost": 0.0, "Total Cost": 1.25, "Plan Rows": 25, "Plan Width": 30}]}]}]}]}]}]}]}}, {"Plan": {"Node Type": "Limit", "Parallel Aware": false, "Startup Cost": 2144774.79, "Total Cost": 2144775.19, "Plan Rows": 1, "Plan Width": 66, "Plans": [{"Node Type": "Aggregate", "Strategy": "Sorted", "Partial Mode": "Finalize", "Parent Relationship": "Outer", "Parallel Aware": false, "Startup Cost": 2144774.79, "Total Cost": 2168985.16, "Plan Rows": 60150, "Plan Width": 66, "Group Key": ["nation.n_name", "(date_part('year'::text, (orders.o_orderdate)::timestamp without time zone))"], "Plans": [{"Node Type": "Gather Merge", "Parent Relationship": "Outer", "Parallel Aware": false, "Startup Cost": 2144774.79, "Total Cost": 2166128.04, "Plan Rows": 180450, "Plan Width": 66, "Workers Planned": 3, "Plans": [{"Node Type": "Sort", "Parent Relationship": "Outer", "Parallel Aware": false, "Startup Cost": 2143774.75, "Total Cost": 2143925.12, "Plan Rows": 60150, "Plan Width": 66, "Sort Key": ["nation.n_name", "(date_part('year'::text, (orders.o_orderdate)::timestamp without time zone)) DESC"], "Plans": [{"Node Type": "Aggregate", "Strategy": "Hashed", "Partial Mode": "Partial", "Parent Relationship": "Outer", "Parallel Aware": false, "Startup Cost": 2137947.33, "Total Cost": 2138999.96, "Plan Rows": 60150, "Plan Width": 66, "Group Key": ["nation.n_name", "date_part('year'::text, (orders.o_orderdate)::timestamp without time zone)"], "Plans": [{"Node Type": "Hash Join", "Parent Relationship": "Outer", "Parallel Aware": false, "Join Type": "Inner", "Startup Cost": 1729870.67, "Total Cost": 2116910.32, "Plan Rows": 1202115, "Plan Width": 57, "Inner Unique": true, "Hash Cond": "(supplier.s_nationkey = nation.n_nationkey)", "Plans": [{"Node Type": "Hash Join", "Parent Relationship": "Outer", "Parallel Aware": true, "Join Type": "Inner", "Startup Cost": 1729869.11, "Total Cost": 2107207.69, "Plan Rows": 1202115, "Plan Width": 31, "Inner Unique": false, "Hash Cond": "(orders.o_orderkey = lineitem.l_orderkey)", "Plans": [{"Node Type": "Seq Scan", "Parent Relationship": "Outer", "Parallel Aware": true, "Relation Name": "orders", "Alias": "orders", "Startup Cost": 0.0, "Total Cost": 309296.57, "Plan Rows": 4838457, "Plan Width": 8}, {"Node Type": "Hash", "Parent Relationship": "Inner", "Parallel Aware": true, "Startup Cost": 1706624.67, "Total Cost": 1706624.67, "Plan Rows": 1202115, "Plan Width": 31, "Plans": [{"Node Type": "Hash Join", "Parent Relationship": "Outer", "Parallel Aware": true, "Join Type": "Inner", "Startup Cost": 1449329.8, "Total Cost": 1706624.67, "Plan Rows": 1202115, "Plan Width": 31, "Inner Unique": true, "Hash Cond": "(lineitem.l_suppkey = supplier.s_suppkey)", "Plans": [{"Node Type": "Hash Join", "Parent Relationship": "Outer", "Parallel Aware": true, "Join Type": "Inner", "Startup Cost": 1445790.26, "Total Cost": 1699929.45, "Plan Rows": 1202115, "Plan Width": 35, "Inner Unique": false, "Hash Cond": "((partsupp.ps_suppkey = lineitem.l_suppkey) AND (partsupp.ps_partkey = lineitem.l_partkey))", "Plans": [{"Node Type": "Seq Scan", "Parent Relationship": "Outer", "Parallel Aware": true, "Relation Name": "partsupp", "Alias": "partsupp", "Startup Cost": 0.0, "Total Cost": 200191.16, "Plan Rows": 2580516, "Plan Width": 14}, {"Node Type": "Hash", "Parent Relationship": "Inner", "Parallel Aware": true, "Startup Cost": 1418366.54, "Total Cost": 1418366.54, "Plan Rows": 1202115, "Plan Width": 33, "Plans": [{"Node Type": "Hash Join", "Parent Relationship": "Outer", "Parallel Aware": true, "Join Type": "Inner", "Startup Cost": 49527.52, "Total Cost": 1418366.54, "Plan Rows": 1202115, "Plan Width": 33, "Inner Unique": true, "Hash Cond": "(lineitem.l_partkey = part.p_partkey)", "Plans": [{"Node Type": "Seq Scan", "Parent Relationship": "Outer", "Parallel Aware": true, "Relation Name": "lineitem", "Alias": "lineitem", "Startup Cost": 0.0, "Total Cost": 1318044.5, "Plan Rows": 19350250, "Plan Width": 29}, {"Node Type": "Hash", "Parent Relationship": "Inner", "Parallel Aware": true, "Startup Cost": 49026.52, "Total Cost": 49026.52, "Plan Rows": 40080, "Plan Width": 4, "Plans": [{"Node Type": "Seq Scan", "Parent Relationship": "Outer", "Parallel Aware": true, "Relation Name": "part", "Alias": "part", "Startup Cost": 0.0, "Total Cost": 49026.52, "Plan Rows": 40080, "Plan Width": 4, "Filter": "((p_name)::text ~~ '%almond%'::text)"}]}]}]}]}, {"Node Type": "Hash", "Parent Relationship": "Inner", "Parallel Aware": true, "Startup Cost": 2804.24, "Total Cost": 2804.24, "Plan Rows": 58824, "Plan Width": 8, "Plans": [{"Node Type": "Seq Scan", "Parent Relationship": "Outer", "Parallel Aware": true, "Relation Name": "supplier", "Alias": "supplier", "Startup Cost": 0.0, "Total Cost": 2804.24, "Plan Rows": 58824, "Plan Width": 8}]}]}]}]}, {"Node Type": "Hash", "Parent Relationship": "Inner", "Parallel Aware": false, "Startup Cost": 1.25, "Total Cost": 1.25, "Plan Rows": 25, "Plan Width": 30, "Plans": [{"Node Type": "Seq Scan", "Parent Relationship": "Outer", "Parallel Aware": false, "Relation Name": "nation", "Alias": "nation", "Startup Cost": 0.0, "Total Cost": 1.25, "Plan Rows": 25, "Plan Width": 30}]}]}]}]}]}]}]}}, {"Plan": {"Node Type": "Limit", "Parallel Aware": false, "Startup Cost": 60020876969.53, "Total Cost": 60020876970.78, "Plan Rows": 1, "Plan Width": 66, "Plans": [{"Node Type": "Aggregate", "Strategy": "Sorted", "Partial Mode": "Simple", "Parent Relationship": "Outer", "Parallel Aware": false, "Startup Cost": 60020876969.53, "Total Cost": 60020952553.27, "Plan Rows": 60150, "Plan Width": 66, "Group Key": ["nation.n_name", "(date_part('year'::text, (orders.o_orderdate)::timestamp without time zone))"], "Plans": [{"Node Type": "Sort", "Parent Relationship": "Outer", "Parallel Aware": false, "Startup Cost": 60020876969.53, "Total Cost": 60020886285.92, "Plan Rows": 3726556, "Plan Width": 57, "Sort Key": ["nation.n_name", "(date_part('year'::text, (orders.o_orderdate)::timestamp without time zone)) DESC"], "Plans": [{"Node Type": "Hash Join", "Parent Relationship": "Outer", "Parallel Aware": false, "Join Type": "Inner", "Startup Cost": 60000000007.51, "Total Cost": 60020388161.3, "Plan Rows": 3726556, "Plan Width": 57, "Inner Unique": true, "Hash Cond": "(supplier.s_nationkey = nation.n_nationkey)", "Plans": [{"Node Type": "Nested Loop", "Parent Relationship": "Outer", "Parallel Aware": false, "Join Type": "Inner", "Startup Cost": 50000000003.39, "Total Cost": 50020358083.87, "Plan Rows": 3726556, "Plan Width": 31, "Inner Unique": true, "Plans": [{"Node Type": "Nested Loop", "Parent Relationship": "Outer", "Parallel Aware": false, "Join Type": "Inner", "Startup Cost": 40000000002.9, "Total Cost": 40014382194.22, "Plan Rows": 3726556, "Plan Width": 31, "Inner Unique": false, "Join Filter": "(supplier.s_suppkey = lineitem.l_suppkey)", "Plans": [{"Node Type": "Nested Loop", "Parent Relationship": "Outer", "Parallel Aware": false, "Join Type": "Inner", "Startup Cost": 30000000002.18, "Total Cost": 30013467708.24, "Plan Rows": 496967, "Plan Width": 26, "Inner Unique": true, "Plans": [{"Node Type": "Nested Loop", "Parent Relationship": "Outer", "Parallel Aware": false, "Join Type": "Inner", "Startup Cost": 20000000001.72, "Total Cost": 20000866635.5, "Plan Rows": 7999600, "Plan Width": 22, "Inner Unique": false, "Plans": [{"Node Type": "Index Scan", "Parent Relationship": "Outer", "Parallel Aware": false, "Scan Direction": "Forward", "Index Name": "idx_supplier_nation_key", "Relation Name": "supplier", "Alias": "supplier", "Startup Cost": 10000000000.42, "Total Cost": 10000006190.43, "Plan Rows": 100000, "Plan Width": 8}, {"Node Type": "Bitmap Heap Scan", "Parent Relationship": "Inner", "Parallel Aware": false, "Relation Name": "partsupp", "Alias": "partsupp", "Startup Cost": 1.31, "Total Cost": 7.8, "Plan Rows": 80, "Plan Width": 14, "Recheck Cond": "(ps_suppkey = supplier.s_suppkey)", "Plans": [{"Node Type": "Bitmap Index Scan", "Parent Relationship": "Outer", "Parallel Aware": false, "Index Name": "idx_partsupp_suppkey", "Startup Cost": 0.0, "Total Cost": 1.29, "Plan Rows": 80, "Plan Width": 0, "Index Cond": "(ps_suppkey = supplier.s_suppkey)"}]}]}, {"Node Type": "Bitmap Heap Scan", "Parent Relationship": "Inner", "Parallel Aware": false, "Relation Name": "part", "Alias": "part", "Startup Cost": 0.46, "Total Cost": 1.58, "Plan Rows": 1, "Plan Width": 4, "Recheck Cond": "(p_partkey = partsupp.ps_partkey)", "Filter": "((p_name)::text ~~ '%almond%'::text)", "Plans": [{"Node Type": "Bitmap Index Scan", "Parent Relationship": "Outer", "Parallel Aware": false, "Index Name": "part_pkey", "Startup Cost": 0.0, "Total Cost": 0.46, "Plan Rows": 1, "Plan Width": 0, "Index Cond": "(p_partkey = partsupp.ps_partkey)"}]}]}, {"Node Type": "Bitmap Heap Scan", "Parent Relationship": "Inner", "Parallel Aware": false, "Relation Name": "lineitem", "Alias": "lineitem", "Startup Cost": 0.71, "Total Cost": 1.83, "Plan Rows": 1, "Plan Width": 29, "Recheck Cond": "((l_partkey = partsupp.ps_partkey) AND (l_suppkey = partsupp.ps_suppkey))", "Plans": [{"Node Type": "Bitmap Index Scan", "Parent Relationship": "Outer", "Parallel Aware": false, "Index Name": "idx_lineitem_part_supp", "Startup Cost": 0.0, "Total Cost": 0.71, "Plan Rows": 1, "Plan Width": 0, "Index Cond": "((l_partkey = partsupp.ps_partkey) AND (l_suppkey = partsupp.ps_suppkey))"}]}]}, {"Node Type": "Bitmap Heap Scan", "Parent Relationship": "Inner", "Parallel Aware": false, "Relation Name": "orders", "Alias": "orders", "Startup Cost": 0.49, "Total Cost": 1.6, "Plan Rows": 1, "Plan Width": 8, "Recheck Cond": "(o_orderkey = lineitem.l_orderkey)", "Plans": [{"Node Type": "Bitmap Index Scan", "Parent Relationship": "Outer", "Parallel Aware": false, "Index Name": "orders_pkey", "Startup Cost": 0.0, "Total Cost": 0.49, "Plan Rows": 1, "Plan Width": 0, "Index Cond": "(o_orderkey = lineitem.l_orderkey)"}]}]}, {"Node Type": "Hash", "Parent Relationship": "Inner", "Parallel Aware": false, "Startup Cost": 10000000003.81, "Total Cost": 10000000003.81, "Plan Rows": 25, "Plan Width": 30, "Plans": [{"Node Type": "Index Scan", "Parent Relationship": "Outer", "Parallel Aware": false, "Scan Direction": "Forward", "Index Name": "nation_pkey", "Relation Name": "nation", "Alias": "nation", "Startup Cost": 10000000000.14, "Total Cost": 10000000003.81, "Plan Rows": 25, "Plan Width": 30}]}]}]}]}]}}, {"Plan": {"Node Type": "Limit", "Parallel Aware": false, "Startup Cost": 10024075114.89, "Total Cost": 10024075116.15, "Plan Rows": 1, "Plan Width": 66, "Plans": [{"Node Type": "Aggregate", "Strategy": "Sorted", "Partial Mode": "Simple", "Parent Relationship": "Outer", "Parallel Aware": false, "Startup Cost": 10024075114.89, "Total Cost": 10024150698.64, "Plan Rows": 60150, "Plan Width": 66, "Group Key": ["nation.n_name", "(date_part('year'::text, (orders.o_orderdate)::timestamp without time zone))"], "Plans": [{"Node Type": "Sort", "Parent Relationship": "Outer", "Parallel Aware": false, "Startup Cost": 10024075114.89, "Total Cost": 10024084431.28, "Plan Rows": 3726556, "Plan Width": 57, "Sort Key": ["nation.n_name", "(date_part('year'::text, (orders.o_orderdate)::timestamp without time zone)) DESC"], "Plans": [{"Node Type": "Nested Loop", "Parent Relationship": "Outer", "Parallel Aware": false, "Join Type": "Inner", "Startup Cost": 10000000003.47, "Total Cost": 10023586306.67, "Plan Rows": 3726556, "Plan Width": 57, "Inner Unique": true, "Join Filter": "(supplier.s_suppkey = partsupp.ps_suppkey)", "Plans": [{"Node Type": "Nested Loop", "Parent Relationship": "Outer", "Parallel Aware": false, "Join Type": "Inner", "Startup Cost": 10000000002.99, "Total Cost": 10017583323.72, "Plan Rows": 3726556, "Plan Width": 63, "Inner Unique": true, "Plans": [{"Node Type": "Nested Loop", "Parent Relationship": "Outer", "Parallel Aware": false, "Join Type": "Inner", "Startup Cost": 10000000002.84, "Total Cost": 10013049126.47, "Plan Rows": 3726556, "Plan Width": 41, "Inner Unique": true, "Plans": [{"Node Type": "Nested Loop", "Parent Relationship": "Outer", "Parallel Aware": false, "Join Type": "Inner", "Startup Cost": 10000000002.35, "Total Cost": 10007073236.82, "Plan Rows": 3726556, "Plan Width": 41, "Inner Unique": true, "Plans": [{"Node Type": "Nested Loop", "Parent Relationship": "Outer", "Parallel Aware": false, "Join Type": "Inner", "Startup Cost": 10000000002.03, "Total Cost": 10001734307.0, "Plan Rows": 3726556, "Plan Width": 33, "Inner Unique": false, "Plans": [{"Node Type": "Index Scan", "Parent Relationship": "Outer", "Parallel Aware": false, "Scan Direction": "Forward", "Index Name": "part_pkey", "Relation Name": "part", "Alias": "part", "Startup Cost": 10000000000.43, "Total Cost": 10000081998.23, "Plan Rows": 124248, "Plan Width": 4, "Filter": "((p_name)::text ~~ '%almond%'::text)"}, {"Node Type": "Bitmap Heap Scan", "Parent Relationship": "Inner", "Parallel Aware": false, "Relation Name": "lineitem", "Alias": "lineitem", "Startup Cost": 1.6, "Total Cost": 12.99, "Plan Rows": 31, "Plan Width": 29, "Recheck Cond": "(l_partkey = part.p_partkey)", "Plans": [{"Node Type": "Bitmap Index Scan", "Parent Relationship": "Outer", "Parallel Aware": false, "Index Name": "idx_lineitem_part_supp", "Startup Cost": 0.0, "Total Cost": 1.6, "Plan Rows": 31, "Plan Width": 0, "Index Cond": "(l_partkey = part.p_partkey)"}]}]}, {"Node Type": "Bitmap Heap Scan", "Parent Relationship": "Inner", "Parallel Aware": false, "Relation Name": "supplier", "Alias": "supplier", "Startup Cost": 0.32, "Total Cost": 1.43, "Plan Rows": 1, "Plan Width": 8, "Recheck Cond": "(s_suppkey = lineitem.l_suppkey)", "Plans": [{"Node Type": "Bitmap Index Scan", "Parent Relationship": "Outer", "Parallel Aware": false, "Index Name": "supplier_pkey", "Startup Cost": 0.0, "Total Cost": 0.32, "Plan Rows": 1, "Plan Width": 0, "Index Cond": "(s_suppkey = lineitem.l_suppkey)"}]}]}, {"Node Type": "Bitmap Heap Scan", "Parent Relationship": "Inner", "Parallel Aware": false, "Relation Name": "orders", "Alias": "orders", "Startup Cost": 0.49, "Total Cost": 1.6, "Plan Rows": 1, "Plan Width": 8, "Recheck Cond": "(o_orderkey = lineitem.l_orderkey)", "Plans": [{"Node Type": "Bitmap Index Scan", "Parent Relationship": "Outer", "Parallel Aware": false, "Index Name": "orders_pkey", "Startup Cost": 0.0, "Total Cost": 0.49, "Plan Rows": 1, "Plan Width": 0, "Index Cond": "(o_orderkey = lineitem.l_orderkey)"}]}]}, {"Node Type": "Bitmap Heap Scan", "Parent Relationship": "Inner", "Parallel Aware": false, "Relation Name": "nation", "Alias": "nation", "Startup Cost": 0.15, "Total Cost": 1.26, "Plan Rows": 1, "Plan Width": 30, "Recheck Cond": "(n_nationkey = supplier.s_nationkey)", "Plans": [{"Node Type": "Bitmap Index Scan", "Parent Relationship": "Outer", "Parallel Aware": false, "Index Name": "nation_pkey", "Startup Cost": 0.0, "Total Cost": 0.15, "Plan Rows": 1, "Plan Width": 0, "Index Cond": "(n_nationkey = supplier.s_nationkey)"}]}]}, {"Node Type": "Bitmap Heap Scan", "Parent Relationship": "Inner", "Parallel Aware": false, "Relation Name": "partsupp", "Alias": "partsupp", "Startup Cost": 0.48, "Total Cost": 1.59, "Plan Rows": 1, "Plan Width": 14, "Recheck Cond": "((ps_partkey = lineitem.l_partkey) AND (ps_suppkey = lineitem.l_suppkey))", "Plans": [{"Node Type": "Bitmap Index Scan", "Parent Relationship": "Outer", "Parallel Aware": false, "Index Name": "partsupp_pkey", "Startup Cost": 0.0, "Total Cost": 0.48, "Plan Rows": 1, "Plan Width": 0, "Index Cond": "((ps_partkey = lineitem.l_partkey) AND (ps_suppkey = lineitem.l_suppkey))"}]}]}]}]}]}}, {"Plan": {"Node Type": "Limit", "Parallel Aware": false, "Startup Cost": 906158.09, "Total Cost": 906158.5, "Plan Rows": 1, "Plan Width": 66, "Plans": [{"Node Type": "Aggregate", "Strategy": "Sorted", "Partial Mode": "Finalize", "Parent Relationship": "Outer", "Parallel Aware": false, "Startup Cost": 906158.09, "Total Cost": 930368.47, "Plan Rows": 60150, "Plan Width": 66, "Group Key": ["nation.n_name", "(date_part('year'::text, (orders.o_orderdate)::timestamp without time zone))"], "Plans": [{"Node Type": "Gather Merge", "Parent Relationship": "Outer", "Parallel Aware": false, "Startup Cost": 906158.09, "Total Cost": 927511.34, "Plan Rows": 180450, "Plan Width": 66, "Workers Planned": 3, "Plans": [{"Node Type": "Sort", "Parent Relationship": "Outer", "Parallel Aware": false, "Startup Cost": 905158.05, "Total Cost": 905308.43, "Plan Rows": 60150, "Plan Width": 66, "Sort Key": ["nation.n_name", "(date_part('year'::text, (orders.o_orderdate)::timestamp without time zone)) DESC"], "Plans": [{"Node Type": "Aggregate", "Strategy": "Hashed", "Partial Mode": "Partial", "Parent Relationship": "Outer", "Parallel Aware": false, "Startup Cost": 899330.64, "Total Cost": 900383.26, "Plan Rows": 60150, "Plan Width": 66, "Group Key": ["nation.n_name", "date_part('year'::text, (orders.o_orderdate)::timestamp without time zone)"], "Plans": [{"Node Type": "Hash Join", "Parent Relationship": "Outer", "Parallel Aware": false, "Join Type": "Inner", "Startup Cost": 491253.98, "Total Cost": 878293.63, "Plan Rows": 1202115, "Plan Width": 57, "Inner Unique": true, "Hash Cond": "(supplier.s_nationkey = nation.n_nationkey)", "Plans": [{"Node Type": "Hash Join", "Parent Relationship": "Outer", "Parallel Aware": true, "Join Type": "Inner", "Startup Cost": 491252.42, "Total Cost": 868590.99, "Plan Rows": 1202115, "Plan Width": 31, "Inner Unique": false, "Hash Cond": "(orders.o_orderkey = lineitem.l_orderkey)", "Plans": [{"Node Type": "Seq Scan", "Parent Relationship": "Outer", "Parallel Aware": true, "Relation Name": "orders", "Alias": "orders", "Startup Cost": 0.0, "Total Cost": 309296.57, "Plan Rows": 4838457, "Plan Width": 8}, {"Node Type": "Hash", "Parent Relationship": "Inner", "Parallel Aware": true, "Startup Cost": 468007.98, "Total Cost": 468007.98, "Plan Rows": 1202115, "Plan Width": 31, "Plans": [{"Node Type": "Nested Loop", "Parent Relationship": "Outer", "Parallel Aware": false, "Join Type": "Inner", "Startup Cost": 3540.93, "Total Cost": 468007.98, "Plan Rows": 1202115, "Plan Width": 31, "Inner Unique": false, "Join Filter": "(supplier.s_suppkey = lineitem.l_suppkey)", "Plans": [{"Node Type": "Hash Join", "Parent Relationship": "Outer", "Parallel Aware": true, "Join Type": "Inner", "Startup Cost": 3540.22, "Total Cost": 173012.38, "Plan Rows": 160312, "Plan Width": 26, "Inner Unique": true, "Hash Cond": "(partsupp.ps_suppkey = supplier.s_suppkey)", "Plans": [{"Node Type": "Nested Loop", "Parent Relationship": "Outer", "Parallel Aware": false, "Join Type": "Inner", "Startup Cost": 0.68, "Total Cost": 169052.0, "Plan Rows": 160312, "Plan Width": 18, "Inner Unique": false, "Plans": [{"Node Type": "Seq Scan", "Parent Relationship": "Outer", "Parallel Aware": true, "Relation Name": "part", "Alias": "part", "Startup Cost": 0.0, "Total Cost": 49026.52, "Plan Rows": 40080, "Plan Width": 4, "Filter": "((p_name)::text ~~ '%almond%'::text)"}, {"Node Type": "Bitmap Heap Scan", "Parent Relationship": "Inner", "Parallel Aware": false, "Relation Name": "partsupp", "Alias": "partsupp", "Startup Cost": 0.68, "Total Cost": 2.94, "Plan Rows": 5, "Plan Width": 14, "Recheck Cond": "(ps_partkey = part.p_partkey)", "Plans": [{"Node Type": "Bitmap Index Scan", "Parent Relationship": "Outer", "Parallel Aware": false, "Index Name": "partsupp_pkey", "Startup Cost": 0.0, "Total Cost": 0.68, "Plan Rows": 5, "Plan Width": 0, "Index Cond": "(ps_partkey = part.p_partkey)"}]}]}, {"Node Type": "Hash", "Parent Relationship": "Inner", "Parallel Aware": true, "Startup Cost": 2804.24, "Total Cost": 2804.24, "Plan Rows": 58824, "Plan Width": 8, "Plans": [{"Node Type": "Seq Scan", "Parent Relationship": "Outer", "Parallel Aware": true, "Relation Name": "supplier", "Alias": "supplier", "Startup Cost": 0.0, "Total Cost": 2804.24, "Plan Rows": 58824, "Plan Width": 8}]}]}, {"Node Type": "Bitmap Heap Scan", "Parent Relationship": "Inner", "Parallel Aware": false, "Relation Name": "lineitem", "Alias": "lineitem", "Startup Cost": 0.71, "Total Cost": 1.83, "Plan Rows": 1, "Plan Width": 29, "Recheck Cond": "((l_partkey = partsupp.ps_partkey) AND (l_suppkey = partsupp.ps_suppkey))", "Plans": [{"Node Type": "Bitmap Index Scan", "Parent Relationship": "Outer", "Parallel Aware": false, "Index Name": "idx_lineitem_part_supp", "Startup Cost": 0.0, "Total Cost": 0.71, "Plan Rows": 1, "Plan Width": 0, "Index Cond": "((l_partkey = partsupp.ps_partkey) AND (l_suppkey = partsupp.ps_suppkey))"}]}]}]}]}, {"Node Type": "Hash", "Parent Relationship": "Inner", "Parallel Aware": false, "Startup Cost": 1.25, "Total Cost": 1.25, "Plan Rows": 25, "Plan Width": 30, "Plans": [{"Node Type": "Seq Scan", "Parent Relationship": "Outer", "Parallel Aware": false, "Relation Name": "nation", "Alias": "nation", "Startup Cost": 0.0, "Total Cost": 1.25, "Plan Rows": 25, "Plan Width": 30}]}]}]}]}]}]}]}}, {"Plan": {"Node Type": "Limit", "Parallel Aware": false, "Startup Cost": 2144774.79, "Total Cost": 2144775.19, "Plan Rows": 1, "Plan Width": 66, "Plans": [{"Node Type": "Aggregate", "Strategy": "Sorted", "Partial Mode": "Finalize", "Parent Relationship": "Outer", "Parallel Aware": false, "Startup Cost": 2144774.79, "Total Cost": 2168985.16, "Plan Rows": 60150, "Plan Width": 66, "Group Key": ["nation.n_name", "(date_part('year'::text, (orders.o_orderdate)::timestamp without time zone))"], "Plans": [{"Node Type": "Gather Merge", "Parent Relationship": "Outer", "Parallel Aware": false, "Startup Cost": 2144774.79, "Total Cost": 2166128.04, "Plan Rows": 180450, "Plan Width": 66, "Workers Planned": 3, "Plans": [{"Node Type": "Sort", "Parent Relationship": "Outer", "Parallel Aware": false, "Startup Cost": 2143774.75, "Total Cost": 2143925.12, "Plan Rows": 60150, "Plan Width": 66, "Sort Key": ["nation.n_name", "(date_part('year'::text, (orders.o_orderdate)::timestamp without time zone)) DESC"], "Plans": [{"Node Type": "Aggregate", "Strategy": "Hashed", "Partial Mode": "Partial", "Parent Relationship": "Outer", "Parallel Aware": false, "Startup Cost": 2137947.33, "Total Cost": 2138999.96, "Plan Rows": 60150, "Plan Width": 66, "Group Key": ["nation.n_name", "date_part('year'::text, (orders.o_orderdate)::timestamp without time zone)"], "Plans": [{"Node Type": "Hash Join", "Parent Relationship": "Outer", "Parallel Aware": false, "Join Type": "Inner", "Startup Cost": 1729870.67, "Total Cost": 2116910.32, "Plan Rows": 1202115, "Plan Width": 57, "Inner Unique": true, "Hash Cond": "(supplier.s_nationkey = nation.n_nationkey)", "Plans": [{"Node Type": "Hash Join", "Parent Relationship": "Outer", "Parallel Aware": true, "Join Type": "Inner", "Startup Cost": 1729869.11, "Total Cost": 2107207.69, "Plan Rows": 1202115, "Plan Width": 31, "Inner Unique": false, "Hash Cond": "(orders.o_orderkey = lineitem.l_orderkey)", "Plans": [{"Node Type": "Seq Scan", "Parent Relationship": "Outer", "Parallel Aware": true, "Relation Name": "orders", "Alias": "orders", "Startup Cost": 0.0, "Total Cost": 309296.57, "Plan Rows": 4838457, "Plan Width": 8}, {"Node Type": "Hash", "Parent Relationship": "Inner", "Parallel Aware": true, "Startup Cost": 1706624.67, "Total Cost": 1706624.67, "Plan Rows": 1202115, "Plan Width": 31, "Plans": [{"Node Type": "Hash Join", "Parent Relationship": "Outer", "Parallel Aware": true, "Join Type": "Inner", "Startup Cost": 1449329.8, "Total Cost": 1706624.67, "Plan Rows": 1202115, "Plan Width": 31, "Inner Unique": true, "Hash Cond": "(lineitem.l_suppkey = supplier.s_suppkey)", "Plans": [{"Node Type": "Hash Join", "Parent Relationship": "Outer", "Parallel Aware": true, "Join Type": "Inner", "Startup Cost": 1445790.26, "Total Cost": 1699929.45, "Plan Rows": 1202115, "Plan Width": 35, "Inner Unique": false, "Hash Cond": "((partsupp.ps_suppkey = lineitem.l_suppkey) AND (partsupp.ps_partkey = lineitem.l_partkey))", "Plans": [{"Node Type": "Seq Scan", "Parent Relationship": "Outer", "Parallel Aware": true, "Relation Name": "partsupp", "Alias": "partsupp", "Startup Cost": 0.0, "Total Cost": 200191.16, "Plan Rows": 2580516, "Plan Width": 14}, {"Node Type": "Hash", "Parent Relationship": "Inner", "Parallel Aware": true, "Startup Cost": 1418366.54, "Total Cost": 1418366.54, "Plan Rows": 1202115, "Plan Width": 33, "Plans": [{"Node Type": "Hash Join", "Parent Relationship": "Outer", "Parallel Aware": true, "Join Type": "Inner", "Startup Cost": 49527.52, "Total Cost": 1418366.54, "Plan Rows": 1202115, "Plan Width": 33, "Inner Unique": true, "Hash Cond": "(lineitem.l_partkey = part.p_partkey)", "Plans": [{"Node Type": "Seq Scan", "Parent Relationship": "Outer", "Parallel Aware": true, "Relation Name": "lineitem", "Alias": "lineitem", "Startup Cost": 0.0, "Total Cost": 1318044.5, "Plan Rows": 19350250, "Plan Width": 29}, {"Node Type": "Hash", "Parent Relationship": "Inner", "Parallel Aware": true, "Startup Cost": 49026.52, "Total Cost": 49026.52, "Plan Rows": 40080, "Plan Width": 4, "Plans": [{"Node Type": "Seq Scan", "Parent Relationship": "Outer", "Parallel Aware": true, "Relation Name": "part", "Alias": "part", "Startup Cost": 0.0, "Total Cost": 49026.52, "Plan Rows": 40080, "Plan Width": 4, "Filter": "((p_name)::text ~~ '%almond%'::text)"}]}]}]}]}, {"Node Type": "Hash", "Parent Relationship": "Inner", "Parallel Aware": true, "Startup Cost": 2804.24, "Total Cost": 2804.24, "Plan Rows": 58824, "Plan Width": 8, "Plans": [{"Node Type": "Seq Scan", "Parent Relationship": "Outer", "Parallel Aware": true, "Relation Name": "supplier", "Alias": "supplier", "Startup Cost": 0.0, "Total Cost": 2804.24, "Plan Rows": 58824, "Plan Width": 8}]}]}]}]}, {"Node Type": "Hash", "Parent Relationship": "Inner", "Parallel Aware": false, "Startup Cost": 1.25, "Total Cost": 1.25, "Plan Rows": 25, "Plan Width": 30, "Plans": [{"Node Type": "Seq Scan", "Parent Relationship": "Outer", "Parallel Aware": false, "Relation Name": "nation", "Alias": "nation", "Startup Cost": 0.0, "Total Cost": 1.25, "Plan Rows": 25, "Plan Width": 30}]}]}]}]}]}]}]}}, {"Plan": {"Node Type": "Limit", "Parallel Aware": false, "Startup Cost": 10024075114.89, "Total Cost": 10024075116.15, "Plan Rows": 1, "Plan Width": 66, "Plans": [{"Node Type": "Aggregate", "Strategy": "Sorted", "Partial Mode": "Simple", "Parent Relationship": "Outer", "Parallel Aware": false, "Startup Cost": 10024075114.89, "Total Cost": 10024150698.64, "Plan Rows": 60150, "Plan Width": 66, "Group Key": ["nation.n_name", "(date_part('year'::text, (orders.o_orderdate)::timestamp without time zone))"], "Plans": [{"Node Type": "Sort", "Parent Relationship": "Outer", "Parallel Aware": false, "Startup Cost": 10024075114.89, "Total Cost": 10024084431.28, "Plan Rows": 3726556, "Plan Width": 57, "Sort Key": ["nation.n_name", "(date_part('year'::text, (orders.o_orderdate)::timestamp without time zone)) DESC"], "Plans": [{"Node Type": "Nested Loop", "Parent Relationship": "Outer", "Parallel Aware": false, "Join Type": "Inner", "Startup Cost": 10000000003.47, "Total Cost": 10023586306.67, "Plan Rows": 3726556, "Plan Width": 57, "Inner Unique": true, "Join Filter": "(supplier.s_suppkey = partsupp.ps_suppkey)", "Plans": [{"Node Type": "Nested Loop", "Parent Relationship": "Outer", "Parallel Aware": false, "Join Type": "Inner", "Startup Cost": 10000000002.99, "Total Cost": 10017583323.72, "Plan Rows": 3726556, "Plan Width": 63, "Inner Unique": true, "Plans": [{"Node Type": "Nested Loop", "Parent Relationship": "Outer", "Parallel Aware": false, "Join Type": "Inner", "Startup Cost": 10000000002.84, "Total Cost": 10013049126.47, "Plan Rows": 3726556, "Plan Width": 41, "Inner Unique": true, "Plans": [{"Node Type": "Nested Loop", "Parent Relationship": "Outer", "Parallel Aware": false, "Join Type": "Inner", "Startup Cost": 10000000002.35, "Total Cost": 10007073236.82, "Plan Rows": 3726556, "Plan Width": 41, "Inner Unique": true, "Plans": [{"Node Type": "Nested Loop", "Parent Relationship": "Outer", "Parallel Aware": false, "Join Type": "Inner", "Startup Cost": 10000000002.03, "Total Cost": 10001734307.0, "Plan Rows": 3726556, "Plan Width": 33, "Inner Unique": false, "Plans": [{"Node Type": "Index Scan", "Parent Relationship": "Outer", "Parallel Aware": false, "Scan Direction": "Forward", "Index Name": "part_pkey", "Relation Name": "part", "Alias": "part", "Startup Cost": 10000000000.43, "Total Cost": 10000081998.23, "Plan Rows": 124248, "Plan Width": 4, "Filter": "((p_name)::text ~~ '%almond%'::text)"}, {"Node Type": "Bitmap Heap Scan", "Parent Relationship": "Inner", "Parallel Aware": false, "Relation Name": "lineitem", "Alias": "lineitem", "Startup Cost": 1.6, "Total Cost": 12.99, "Plan Rows": 31, "Plan Width": 29, "Recheck Cond": "(l_partkey = part.p_partkey)", "Plans": [{"Node Type": "Bitmap Index Scan", "Parent Relationship": "Outer", "Parallel Aware": false, "Index Name": "idx_lineitem_part_supp", "Startup Cost": 0.0, "Total Cost": 1.6, "Plan Rows": 31, "Plan Width": 0, "Index Cond": "(l_partkey = part.p_partkey)"}]}]}, {"Node Type": "Bitmap Heap Scan", "Parent Relationship": "Inner", "Parallel Aware": false, "Relation Name": "supplier", "Alias": "supplier", "Startup Cost": 0.32, "Total Cost": 1.43, "Plan Rows": 1, "Plan Width": 8, "Recheck Cond": "(s_suppkey = lineitem.l_suppkey)", "Plans": [{"Node Type": "Bitmap Index Scan", "Parent Relationship": "Outer", "Parallel Aware": false, "Index Name": "supplier_pkey", "Startup Cost": 0.0, "Total Cost": 0.32, "Plan Rows": 1, "Plan Width": 0, "Index Cond": "(s_suppkey = lineitem.l_suppkey)"}]}]}, {"Node Type": "Bitmap Heap Scan", "Parent Relationship": "Inner", "Parallel Aware": false, "Relation Name": "orders", "Alias": "orders", "Startup Cost": 0.49, "Total Cost": 1.6, "Plan Rows": 1, "Plan Width": 8, "Recheck Cond": "(o_orderkey = lineitem.l_orderkey)", "Plans": [{"Node Type": "Bitmap Index Scan", "Parent Relationship": "Outer", "Parallel Aware": false, "Index Name": "orders_pkey", "Startup Cost": 0.0, "Total Cost": 0.49, "Plan Rows": 1, "Plan Width": 0, "Index Cond": "(o_orderkey = lineitem.l_orderkey)"}]}]}, {"Node Type": "Bitmap Heap Scan", "Parent Relationship": "Inner", "Parallel Aware": false, "Relation Name": "nation", "Alias": "nation", "Startup Cost": 0.15, "Total Cost": 1.26, "Plan Rows": 1, "Plan Width": 30, "Recheck Cond": "(n_nationkey = supplier.s_nationkey)", "Plans": [{"Node Type": "Bitmap Index Scan", "Parent Relationship": "Outer", "Parallel Aware": false, "Index Name": "nation_pkey", "Startup Cost": 0.0, "Total Cost": 0.15, "Plan Rows": 1, "Plan Width": 0, "Index Cond": "(n_nationkey = supplier.s_nationkey)"}]}]}, {"Node Type": "Bitmap Heap Scan", "Parent Relationship": "Inner", "Parallel Aware": false, "Relation Name": "partsupp", "Alias": "partsupp", "Startup Cost": 0.48, "Total Cost": 1.59, "Plan Rows": 1, "Plan Width": 14, "Recheck Cond": "((ps_partkey = lineitem.l_partkey) AND (ps_suppkey = lineitem.l_suppkey))", "Plans": [{"Node Type": "Bitmap Index Scan", "Parent Relationship": "Outer", "Parallel Aware": false, "Index Name": "partsupp_pkey", "Startup Cost": 0.0, "Total Cost": 0.48, "Plan Rows": 1, "Plan Width": 0, "Index Cond": "((ps_partkey = lineitem.l_partkey) AND (ps_suppkey = lineitem.l_suppkey))"}]}]}]}]}]}}, {"Plan": {"Node Type": "Limit", "Parallel Aware": false, "Startup Cost": 906158.09, "Total Cost": 906158.5, "Plan Rows": 1, "Plan Width": 66, "Plans": [{"Node Type": "Aggregate", "Strategy": "Sorted", "Partial Mode": "Finalize", "Parent Relationship": "Outer", "Parallel Aware": false, "Startup Cost": 906158.09, "Total Cost": 930368.47, "Plan Rows": 60150, "Plan Width": 66, "Group Key": ["nation.n_name", "(date_part('year'::text, (orders.o_orderdate)::timestamp without time zone))"], "Plans": [{"Node Type": "Gather Merge", "Parent Relationship": "Outer", "Parallel Aware": false, "Startup Cost": 906158.09, "Total Cost": 927511.34, "Plan Rows": 180450, "Plan Width": 66, "Workers Planned": 3, "Plans": [{"Node Type": "Sort", "Parent Relationship": "Outer", "Parallel Aware": false, "Startup Cost": 905158.05, "Total Cost": 905308.43, "Plan Rows": 60150, "Plan Width": 66, "Sort Key": ["nation.n_name", "(date_part('year'::text, (orders.o_orderdate)::timestamp without time zone)) DESC"], "Plans": [{"Node Type": "Aggregate", "Strategy": "Hashed", "Partial Mode": "Partial", "Parent Relationship": "Outer", "Parallel Aware": false, "Startup Cost": 899330.64, "Total Cost": 900383.26, "Plan Rows": 60150, "Plan Width": 66, "Group Key": ["nation.n_name", "date_part('year'::text, (orders.o_orderdate)::timestamp without time zone)"], "Plans": [{"Node Type": "Hash Join", "Parent Relationship": "Outer", "Parallel Aware": false, "Join Type": "Inner", "Startup Cost": 491253.98, "Total Cost": 878293.63, "Plan Rows": 1202115, "Plan Width": 57, "Inner Unique": true, "Hash Cond": "(supplier.s_nationkey = nation.n_nationkey)", "Plans": [{"Node Type": "Hash Join", "Parent Relationship": "Outer", "Parallel Aware": true, "Join Type": "Inner", "Startup Cost": 491252.42, "Total Cost": 868590.99, "Plan Rows": 1202115, "Plan Width": 31, "Inner Unique": false, "Hash Cond": "(orders.o_orderkey = lineitem.l_orderkey)", "Plans": [{"Node Type": "Seq Scan", "Parent Relationship": "Outer", "Parallel Aware": true, "Relation Name": "orders", "Alias": "orders", "Startup Cost": 0.0, "Total Cost": 309296.57, "Plan Rows": 4838457, "Plan Width": 8}, {"Node Type": "Hash", "Parent Relationship": "Inner", "Parallel Aware": true, "Startup Cost": 468007.98, "Total Cost": 468007.98, "Plan Rows": 1202115, "Plan Width": 31, "Plans": [{"Node Type": "Nested Loop", "Parent Relationship": "Outer", "Parallel Aware": false, "Join Type": "Inner", "Startup Cost": 3540.93, "Total Cost": 468007.98, "Plan Rows": 1202115, "Plan Width": 31, "Inner Unique": false, "Join Filter": "(supplier.s_suppkey = lineitem.l_suppkey)", "Plans": [{"Node Type": "Hash Join", "Parent Relationship": "Outer", "Parallel Aware": true, "Join Type": "Inner", "Startup Cost": 3540.22, "Total Cost": 173012.38, "Plan Rows": 160312, "Plan Width": 26, "Inner Unique": true, "Hash Cond": "(partsupp.ps_suppkey = supplier.s_suppkey)", "Plans": [{"Node Type": "Nested Loop", "Parent Relationship": "Outer", "Parallel Aware": false, "Join Type": "Inner", "Startup Cost": 0.68, "Total Cost": 169052.0, "Plan Rows": 160312, "Plan Width": 18, "Inner Unique": false, "Plans": [{"Node Type": "Seq Scan", "Parent Relationship": "Outer", "Parallel Aware": true, "Relation Name": "part", "Alias": "part", "Startup Cost": 0.0, "Total Cost": 49026.52, "Plan Rows": 40080, "Plan Width": 4, "Filter": "((p_name)::text ~~ '%almond%'::text)"}, {"Node Type": "Bitmap Heap Scan", "Parent Relationship": "Inner", "Parallel Aware": false, "Relation Name": "partsupp", "Alias": "partsupp", "Startup Cost": 0.68, "Total Cost": 2.94, "Plan Rows": 5, "Plan Width": 14, "Recheck Cond": "(ps_partkey = part.p_partkey)", "Plans": [{"Node Type": "Bitmap Index Scan", "Parent Relationship": "Outer", "Parallel Aware": false, "Index Name": "partsupp_pkey", "Startup Cost": 0.0, "Total Cost": 0.68, "Plan Rows": 5, "Plan Width": 0, "Index Cond": "(ps_partkey = part.p_partkey)"}]}]}, {"Node Type": "Hash", "Parent Relationship": "Inner", "Parallel Aware": true, "Startup Cost": 2804.24, "Total Cost": 2804.24, "Plan Rows": 58824, "Plan Width": 8, "Plans": [{"Node Type": "Seq Scan", "Parent Relationship": "Outer", "Parallel Aware": true, "Relation Name": "supplier", "Alias": "supplier", "Startup Cost": 0.0, "Total Cost": 2804.24, "Plan Rows": 58824, "Plan Width": 8}]}]}, {"Node Type": "Bitmap Heap Scan", "Parent Relationship": "Inner", "Parallel Aware": false, "Relation Name": "lineitem", "Alias": "lineitem", "Startup Cost": 0.71, "Total Cost": 1.83, "Plan Rows": 1, "Plan Width": 29, "Recheck Cond": "((l_partkey = partsupp.ps_partkey) AND (l_suppkey = partsupp.ps_suppkey))", "Plans": [{"Node Type": "Bitmap Index Scan", "Parent Relationship": "Outer", "Parallel Aware": false, "Index Name": "idx_lineitem_part_supp", "Startup Cost": 0.0, "Total Cost": 0.71, "Plan Rows": 1, "Plan Width": 0, "Index Cond": "((l_partkey = partsupp.ps_partkey) AND (l_suppkey = partsupp.ps_suppkey))"}]}]}]}]}, {"Node Type": "Hash", "Parent Relationship": "Inner", "Parallel Aware": false, "Startup Cost": 1.25, "Total Cost": 1.25, "Plan Rows": 25, "Plan Width": 30, "Plans": [{"Node Type": "Seq Scan", "Parent Relationship": "Outer", "Parallel Aware": false, "Relation Name": "nation", "Alias": "nation", "Startup Cost": 0.0, "Total Cost": 1.25, "Plan Rows": 25, "Plan Width": 30}]}]}]}]}]}]}]}}, {"Plan": {"Node Type": "Limit", "Parallel Aware": false, "Startup Cost": 2144774.79, "Total Cost": 2144775.19, "Plan Rows": 1, "Plan Width": 66, "Plans": [{"Node Type": "Aggregate", "Strategy": "Sorted", "Partial Mode": "Finalize", "Parent Relationship": "Outer", "Parallel Aware": false, "Startup Cost": 2144774.79, "Total Cost": 2168985.16, "Plan Rows": 60150, "Plan Width": 66, "Group Key": ["nation.n_name", "(date_part('year'::text, (orders.o_orderdate)::timestamp without time zone))"], "Plans": [{"Node Type": "Gather Merge", "Parent Relationship": "Outer", "Parallel Aware": false, "Startup Cost": 2144774.79, "Total Cost": 2166128.04, "Plan Rows": 180450, "Plan Width": 66, "Workers Planned": 3, "Plans": [{"Node Type": "Sort", "Parent Relationship": "Outer", "Parallel Aware": false, "Startup Cost": 2143774.75, "Total Cost": 2143925.12, "Plan Rows": 60150, "Plan Width": 66, "Sort Key": ["nation.n_name", "(date_part('year'::text, (orders.o_orderdate)::timestamp without time zone)) DESC"], "Plans": [{"Node Type": "Aggregate", "Strategy": "Hashed", "Partial Mode": "Partial", "Parent Relationship": "Outer", "Parallel Aware": false, "Startup Cost": 2137947.33, "Total Cost": 2138999.96, "Plan Rows": 60150, "Plan Width": 66, "Group Key": ["nation.n_name", "date_part('year'::text, (orders.o_orderdate)::timestamp without time zone)"], "Plans": [{"Node Type": "Hash Join", "Parent Relationship": "Outer", "Parallel Aware": false, "Join Type": "Inner", "Startup Cost": 1729870.67, "Total Cost": 2116910.32, "Plan Rows": 1202115, "Plan Width": 57, "Inner Unique": true, "Hash Cond": "(supplier.s_nationkey = nation.n_nationkey)", "Plans": [{"Node Type": "Hash Join", "Parent Relationship": "Outer", "Parallel Aware": true, "Join Type": "Inner", "Startup Cost": 1729869.11, "Total Cost": 2107207.69, "Plan Rows": 1202115, "Plan Width": 31, "Inner Unique": false, "Hash Cond": "(orders.o_orderkey = lineitem.l_orderkey)", "Plans": [{"Node Type": "Seq Scan", "Parent Relationship": "Outer", "Parallel Aware": true, "Relation Name": "orders", "Alias": "orders", "Startup Cost": 0.0, "Total Cost": 309296.57, "Plan Rows": 4838457, "Plan Width": 8}, {"Node Type": "Hash", "Parent Relationship": "Inner", "Parallel Aware": true, "Startup Cost": 1706624.67, "Total Cost": 1706624.67, "Plan Rows": 1202115, "Plan Width": 31, "Plans": [{"Node Type": "Hash Join", "Parent Relationship": "Outer", "Parallel Aware": true, "Join Type": "Inner", "Startup Cost": 1449329.8, "Total Cost": 1706624.67, "Plan Rows": 1202115, "Plan Width": 31, "Inner Unique": true, "Hash Cond": "(lineitem.l_suppkey = supplier.s_suppkey)", "Plans": [{"Node Type": "Hash Join", "Parent Relationship": "Outer", "Parallel Aware": true, "Join Type": "Inner", "Startup Cost": 1445790.26, "Total Cost": 1699929.45, "Plan Rows": 1202115, "Plan Width": 35, "Inner Unique": false, "Hash Cond": "((partsupp.ps_suppkey = lineitem.l_suppkey) AND (partsupp.ps_partkey = lineitem.l_partkey))", "Plans": [{"Node Type": "Seq Scan", "Parent Relationship": "Outer", "Parallel Aware": true, "Relation Name": "partsupp", "Alias": "partsupp", "Startup Cost": 0.0, "Total Cost": 200191.16, "Plan Rows": 2580516, "Plan Width": 14}, {"Node Type": "Hash", "Parent Relationship": "Inner", "Parallel Aware": true, "Startup Cost": 1418366.54, "Total Cost": 1418366.54, "Plan Rows": 1202115, "Plan Width": 33, "Plans": [{"Node Type": "Hash Join", "Parent Relationship": "Outer", "Parallel Aware": true, "Join Type": "Inner", "Startup Cost": 49527.52, "Total Cost": 1418366.54, "Plan Rows": 1202115, "Plan Width": 33, "Inner Unique": true, "Hash Cond": "(lineitem.l_partkey = part.p_partkey)", "Plans": [{"Node Type": "Seq Scan", "Parent Relationship": "Outer", "Parallel Aware": true, "Relation Name": "lineitem", "Alias": "lineitem", "Startup Cost": 0.0, "Total Cost": 1318044.5, "Plan Rows": 19350250, "Plan Width": 29}, {"Node Type": "Hash", "Parent Relationship": "Inner", "Parallel Aware": true, "Startup Cost": 49026.52, "Total Cost": 49026.52, "Plan Rows": 40080, "Plan Width": 4, "Plans": [{"Node Type": "Seq Scan", "Parent Relationship": "Outer", "Parallel Aware": true, "Relation Name": "part", "Alias": "part", "Startup Cost": 0.0, "Total Cost": 49026.52, "Plan Rows": 40080, "Plan Width": 4, "Filter": "((p_name)::text ~~ '%almond%'::text)"}]}]}]}]}, {"Node Type": "Hash", "Parent Relationship": "Inner", "Parallel Aware": true, "Startup Cost": 2804.24, "Total Cost": 2804.24, "Plan Rows": 58824, "Plan Width": 8, "Plans": [{"Node Type": "Seq Scan", "Parent Relationship": "Outer", "Parallel Aware": true, "Relation Name": "supplier", "Alias": "supplier", "Startup Cost": 0.0, "Total Cost": 2804.24, "Plan Rows": 58824, "Plan Width": 8}]}]}]}]}, {"Node Type": "Hash", "Parent Relationship": "Inner", "Parallel Aware": false, "Startup Cost": 1.25, "Total Cost": 1.25, "Plan Rows": 25, "Plan Width": 30, "Plans": [{"Node Type": "Seq Scan", "Parent Relationship": "Outer", "Parallel Aware": false, "Relation Name": "nation", "Alias": "nation", "Startup Cost": 0.0, "Total Cost": 1.25, "Plan Rows": 25, "Plan Width": 30}]}]}]}]}]}]}]}}, {"Plan": {"Node Type": "Limit", "Parallel Aware": false, "Startup Cost": 2826668.04, "Total Cost": 2826668.44, "Plan Rows": 1, "Plan Width": 66, "Plans": [{"Node Type": "Aggregate", "Strategy": "Sorted", "Partial Mode": "Finalize", "Parent Relationship": "Outer", "Parallel Aware": false, "Startup Cost": 2826668.04, "Total Cost": 2850878.41, "Plan Rows": 60150, "Plan Width": 66, "Group Key": ["nation.n_name", "(date_part('year'::text, (orders.o_orderdate)::timestamp without time zone))"], "Plans": [{"Node Type": "Gather Merge", "Parent Relationship": "Outer", "Parallel Aware": false, "Startup Cost": 2826668.04, "Total Cost": 2848021.29, "Plan Rows": 180450, "Plan Width": 66, "Workers Planned": 3, "Plans": [{"Node Type": "Sort", "Parent Relationship": "Outer", "Parallel Aware": false, "Startup Cost": 2825668.0, "Total Cost": 2825818.37, "Plan Rows": 60150, "Plan Width": 66, "Sort Key": ["nation.n_name", "(date_part('year'::text, (orders.o_orderdate)::timestamp without time zone)) DESC"], "Plans": [{"Node Type": "Aggregate", "Strategy": "Hashed", "Partial Mode": "Partial", "Parent Relationship": "Outer", "Parallel Aware": false, "Startup Cost": 2819840.58, "Total Cost": 2820893.21, "Plan Rows": 60150, "Plan Width": 66, "Group Key": ["nation.n_name", "date_part('year'::text, (orders.o_orderdate)::timestamp without time zone)"], "Plans": [{"Node Type": "Hash Join", "Parent Relationship": "Outer", "Parallel Aware": false, "Join Type": "Inner", "Startup Cost": 2291523.64, "Total Cost": 2798803.57, "Plan Rows": 1202115, "Plan Width": 57, "Inner Unique": true, "Hash Cond": "(supplier.s_nationkey = nation.n_nationkey)", "Plans": [{"Node Type": "Hash Join", "Parent Relationship": "Outer", "Parallel Aware": true, "Join Type": "Inner", "Startup Cost": 2291519.51, "Total Cost": 2789098.37, "Plan Rows": 1202115, "Plan Width": 31, "Inner Unique": false, "Hash Cond": "(orders.o_orderkey = lineitem.l_orderkey)", "Plans": [{"Node Type": "Index Scan", "Parent Relationship": "Outer", "Parallel Aware": true, "Scan Direction": "Forward", "Index Name": "orders_pkey", "Relation Name": "orders", "Alias": "orders", "Startup Cost": 0.43, "Total Cost": 429537.29, "Plan Rows": 4838457, "Plan Width": 8}, {"Node Type": "Hash", "Parent Relationship": "Inner", "Parallel Aware": true, "Startup Cost": 2268274.64, "Total Cost": 2268274.64, "Plan Rows": 1202115, "Plan Width": 31, "Plans": [{"Node Type": "Hash Join", "Parent Relationship": "Outer", "Parallel Aware": true, "Join Type": "Inner", "Startup Cost": 1946833.3, "Total Cost": 2268274.64, "Plan Rows": 1202115, "Plan Width": 31, "Inner Unique": true, "Hash Cond": "(lineitem.l_suppkey = supplier.s_suppkey)", "Plans": [{"Node Type": "Hash Join", "Parent Relationship": "Outer", "Parallel Aware": true, "Join Type": "Inner", "Startup Cost": 1942874.77, "Total Cost": 2261160.43, "Plan Rows": 1202115, "Plan Width": 35, "Inner Unique": false, "Hash Cond": "((partsupp.ps_suppkey = lineitem.l_suppkey) AND (partsupp.ps_partkey = lineitem.l_partkey))", "Plans": [{"Node Type": "Index Scan", "Parent Relationship": "Outer", "Parallel Aware": true, "Scan Direction": "Forward", "Index Name": "idx_partsupp_partkey", "Relation Name": "partsupp", "Alias": "partsupp", "Startup Cost": 0.43, "Total Cost": 264338.06, "Plan Rows": 2580516, "Plan Width": 14}, {"Node Type": "Hash", "Parent Relationship": "Inner", "Parallel Aware": true, "Startup Cost": 1915450.61, "Total Cost": 1915450.61, "Plan Rows": 1202115, "Plan Width": 33, "Plans": [{"Node Type": "Hash Join", "Parent Relationship": "Outer", "Parallel Aware": true, "Join Type": "Inner", "Startup Cost": 65564.31, "Total Cost": 1915450.61, "Plan Rows": 1202115, "Plan Width": 33, "Inner Unique": true, "Hash Cond": "(lineitem.l_partkey = part.p_partkey)", "Plans": [{"Node Type": "Index Scan", "Parent Relationship": "Outer", "Parallel Aware": true, "Scan Direction": "Forward", "Index Name": "idx_lineitem_orderkey", "Relation Name": "lineitem", "Alias": "lineitem", "Startup Cost": 0.56, "Total Cost": 1799092.35, "Plan Rows": 19350250, "Plan Width": 29}, {"Node Type": "Hash", "Parent Relationship": "Inner", "Parallel Aware": true, "Startup Cost": 65062.74, "Total Cost": 65062.74, "Plan Rows": 40080, "Plan Width": 4, "Plans": [{"Node Type": "Index Scan", "Parent Relationship": "Outer", "Parallel Aware": true, "Scan Direction": "Forward", "Index Name": "part_pkey", "Relation Name": "part", "Alias": "part", "Startup Cost": 0.43, "Total Cost": 65062.74, "Plan Rows": 40080, "Plan Width": 4, "Filter": "((p_name)::text ~~ '%almond%'::text)"}]}]}]}]}, {"Node Type": "Hash", "Parent Relationship": "Inner", "Parallel Aware": true, "Startup Cost": 3437.69, "Total Cost": 3437.69, "Plan Rows": 41667, "Plan Width": 8, "Plans": [{"Node Type": "Index Scan", "Parent Relationship": "Outer", "Parallel Aware": true, "Scan Direction": "Forward", "Index Name": "supplier_pkey", "Relation Name": "supplier", "Alias": "supplier", "Startup Cost": 0.29, "Total Cost": 3437.69, "Plan Rows": 41667, "Plan Width": 8}]}]}]}]}, {"Node Type": "Hash", "Parent Relationship": "Inner", "Parallel Aware": false, "Startup Cost": 3.81, "Total Cost": 3.81, "Plan Rows": 25, "Plan Width": 30, "Plans": [{"Node Type": "Index Scan", "Parent Relationship": "Outer", "Parallel Aware": false, "Scan Direction": "Forward", "Index Name": "nation_pkey", "Relation Name": "nation", "Alias": "nation", "Startup Cost": 0.14, "Total Cost": 3.81, "Plan Rows": 25, "Plan Width": 30}]}]}]}]}]}]}]}}, {"Plan": {"Node Type": "Limit", "Parallel Aware": false, "Startup Cost": 2826668.04, "Total Cost": 2826668.44, "Plan Rows": 1, "Plan Width": 66, "Plans": [{"Node Type": "Aggregate", "Strategy": "Sorted", "Partial Mode": "Finalize", "Parent Relationship": "Outer", "Parallel Aware": false, "Startup Cost": 2826668.04, "Total Cost": 2850878.41, "Plan Rows": 60150, "Plan Width": 66, "Group Key": ["nation.n_name", "(date_part('year'::text, (orders.o_orderdate)::timestamp without time zone))"], "Plans": [{"Node Type": "Gather Merge", "Parent Relationship": "Outer", "Parallel Aware": false, "Startup Cost": 2826668.04, "Total Cost": 2848021.29, "Plan Rows": 180450, "Plan Width": 66, "Workers Planned": 3, "Plans": [{"Node Type": "Sort", "Parent Relationship": "Outer", "Parallel Aware": false, "Startup Cost": 2825668.0, "Total Cost": 2825818.37, "Plan Rows": 60150, "Plan Width": 66, "Sort Key": ["nation.n_name", "(date_part('year'::text, (orders.o_orderdate)::timestamp without time zone)) DESC"], "Plans": [{"Node Type": "Aggregate", "Strategy": "Hashed", "Partial Mode": "Partial", "Parent Relationship": "Outer", "Parallel Aware": false, "Startup Cost": 2819840.58, "Total Cost": 2820893.21, "Plan Rows": 60150, "Plan Width": 66, "Group Key": ["nation.n_name", "date_part('year'::text, (orders.o_orderdate)::timestamp without time zone)"], "Plans": [{"Node Type": "Hash Join", "Parent Relationship": "Outer", "Parallel Aware": false, "Join Type": "Inner", "Startup Cost": 2291523.64, "Total Cost": 2798803.57, "Plan Rows": 1202115, "Plan Width": 57, "Inner Unique": true, "Hash Cond": "(supplier.s_nationkey = nation.n_nationkey)", "Plans": [{"Node Type": "Hash Join", "Parent Relationship": "Outer", "Parallel Aware": true, "Join Type": "Inner", "Startup Cost": 2291519.51, "Total Cost": 2789098.37, "Plan Rows": 1202115, "Plan Width": 31, "Inner Unique": false, "Hash Cond": "(orders.o_orderkey = lineitem.l_orderkey)", "Plans": [{"Node Type": "Index Scan", "Parent Relationship": "Outer", "Parallel Aware": true, "Scan Direction": "Forward", "Index Name": "orders_pkey", "Relation Name": "orders", "Alias": "orders", "Startup Cost": 0.43, "Total Cost": 429537.29, "Plan Rows": 4838457, "Plan Width": 8}, {"Node Type": "Hash", "Parent Relationship": "Inner", "Parallel Aware": true, "Startup Cost": 2268274.64, "Total Cost": 2268274.64, "Plan Rows": 1202115, "Plan Width": 31, "Plans": [{"Node Type": "Hash Join", "Parent Relationship": "Outer", "Parallel Aware": true, "Join Type": "Inner", "Startup Cost": 1946833.3, "Total Cost": 2268274.64, "Plan Rows": 1202115, "Plan Width": 31, "Inner Unique": true, "Hash Cond": "(lineitem.l_suppkey = supplier.s_suppkey)", "Plans": [{"Node Type": "Hash Join", "Parent Relationship": "Outer", "Parallel Aware": true, "Join Type": "Inner", "Startup Cost": 1942874.77, "Total Cost": 2261160.43, "Plan Rows": 1202115, "Plan Width": 35, "Inner Unique": false, "Hash Cond": "((partsupp.ps_suppkey = lineitem.l_suppkey) AND (partsupp.ps_partkey = lineitem.l_partkey))", "Plans": [{"Node Type": "Index Scan", "Parent Relationship": "Outer", "Parallel Aware": true, "Scan Direction": "Forward", "Index Name": "idx_partsupp_partkey", "Relation Name": "partsupp", "Alias": "partsupp", "Startup Cost": 0.43, "Total Cost": 264338.06, "Plan Rows": 2580516, "Plan Width": 14}, {"Node Type": "Hash", "Parent Relationship": "Inner", "Parallel Aware": true, "Startup Cost": 1915450.61, "Total Cost": 1915450.61, "Plan Rows": 1202115, "Plan Width": 33, "Plans": [{"Node Type": "Hash Join", "Parent Relationship": "Outer", "Parallel Aware": true, "Join Type": "Inner", "Startup Cost": 65564.31, "Total Cost": 1915450.61, "Plan Rows": 1202115, "Plan Width": 33, "Inner Unique": true, "Hash Cond": "(lineitem.l_partkey = part.p_partkey)", "Plans": [{"Node Type": "Index Scan", "Parent Relationship": "Outer", "Parallel Aware": true, "Scan Direction": "Forward", "Index Name": "idx_lineitem_orderkey", "Relation Name": "lineitem", "Alias": "lineitem", "Startup Cost": 0.56, "Total Cost": 1799092.35, "Plan Rows": 19350250, "Plan Width": 29}, {"Node Type": "Hash", "Parent Relationship": "Inner", "Parallel Aware": true, "Startup Cost": 65062.74, "Total Cost": 65062.74, "Plan Rows": 40080, "Plan Width": 4, "Plans": [{"Node Type": "Index Scan", "Parent Relationship": "Outer", "Parallel Aware": true, "Scan Direction": "Forward", "Index Name": "part_pkey", "Relation Name": "part", "Alias": "part", "Startup Cost": 0.43, "Total Cost": 65062.74, "Plan Rows": 40080, "Plan Width": 4, "Filter": "((p_name)::text ~~ '%almond%'::text)"}]}]}]}]}, {"Node Type": "Hash", "Parent Relationship": "Inner", "Parallel Aware": true, "Startup Cost": 3437.69, "Total Cost": 3437.69, "Plan Rows": 41667, "Plan Width": 8, "Plans": [{"Node Type": "Index Scan", "Parent Relationship": "Outer", "Parallel Aware": true, "Scan Direction": "Forward", "Index Name": "supplier_pkey", "Relation Name": "supplier", "Alias": "supplier", "Startup Cost": 0.29, "Total Cost": 3437.69, "Plan Rows": 41667, "Plan Width": 8}]}]}]}]}, {"Node Type": "Hash", "Parent Relationship": "Inner", "Parallel Aware": false, "Startup Cost": 3.81, "Total Cost": 3.81, "Plan Rows": 25, "Plan Width": 30, "Plans": [{"Node Type": "Index Scan", "Parent Relationship": "Outer", "Parallel Aware": false, "Scan Direction": "Forward", "Index Name": "nation_pkey", "Relation Name": "nation", "Alias": "nation", "Startup Cost": 0.14, "Total Cost": 3.81, "Plan Rows": 25, "Plan Width": 30}]}]}]}]}]}]}]}}, {"Plan": {"Node Type": "Limit", "Parallel Aware": false, "Startup Cost": 846597.81, "Total Cost": 846598.21, "Plan Rows": 1, "Plan Width": 66, "Plans": [{"Node Type": "Aggregate", "Strategy": "Sorted", "Partial Mode": "Finalize", "Parent Relationship": "Outer", "Parallel Aware": false, "Startup Cost": 846597.81, "Total Cost": 870808.19, "Plan Rows": 60150, "Plan Width": 66, "Group Key": ["nation.n_name", "(date_part('year'::text, (orders.o_orderdate)::timestamp without time zone))"], "Plans": [{"Node Type": "Gather Merge", "Parent Relationship": "Outer", "Parallel Aware": false, "Startup Cost": 846597.81, "Total Cost": 867951.06, "Plan Rows": 180450, "Plan Width": 66, "Workers Planned": 3, "Plans": [{"Node Type": "Sort", "Parent Relationship": "Outer", "Parallel Aware": false, "Startup Cost": 845597.77, "Total Cost": 845748.15, "Plan Rows": 60150, "Plan Width": 66, "Sort Key": ["nation.n_name", "(date_part('year'::text, (orders.o_orderdate)::timestamp without time zone)) DESC"], "Plans": [{"Node Type": "Aggregate", "Strategy": "Hashed", "Partial Mode": "Partial", "Parent Relationship": "Outer", "Parallel Aware": false, "Startup Cost": 839770.35, "Total Cost": 840822.98, "Plan Rows": 60150, "Plan Width": 66, "Group Key": ["nation.n_name", "date_part('year'::text, (orders.o_orderdate)::timestamp without time zone)"], "Plans": [{"Node Type": "Hash Join", "Parent Relationship": "Outer", "Parallel Aware": false, "Join Type": "Inner", "Startup Cost": 311453.41, "Total Cost": 818733.34, "Plan Rows": 1202115, "Plan Width": 57, "Inner Unique": true, "Hash Cond": "(supplier.s_nationkey = nation.n_nationkey)", "Plans": [{"Node Type": "Hash Join", "Parent Relationship": "Outer", "Parallel Aware": true, "Join Type": "Inner", "Startup Cost": 311449.29, "Total Cost": 809028.14, "Plan Rows": 1202115, "Plan Width": 31, "Inner Unique": false, "Hash Cond": "(orders.o_orderkey = lineitem.l_orderkey)", "Plans": [{"Node Type": "Index Scan", "Parent Relationship": "Outer", "Parallel Aware": true, "Scan Direction": "Forward", "Index Name": "orders_pkey", "Relation Name": "orders", "Alias": "orders", "Startup Cost": 0.43, "Total Cost": 429537.29, "Plan Rows": 4838457, "Plan Width": 8}, {"Node Type": "Hash", "Parent Relationship": "Inner", "Parallel Aware": true, "Startup Cost": 288204.41, "Total Cost": 288204.41, "Plan Rows": 1202115, "Plan Width": 31, "Plans": [{"Node Type": "Nested Loop", "Parent Relationship": "Outer", "Parallel Aware": false, "Join Type": "Inner", "Startup Cost": 3959.95, "Total Cost": 288204.41, "Plan Rows": 1202115, "Plan Width": 31, "Inner Unique": false, "Join Filter": "(supplier.s_suppkey = lineitem.l_suppkey)", "Plans": [{"Node Type": "Hash Join", "Parent Relationship": "Outer", "Parallel Aware": true, "Join Type": "Inner", "Startup Cost": 3959.39, "Total Cost": 133279.75, "Plan Rows": 160312, "Plan Width": 26, "Inner Unique": true, "Hash Cond": "(partsupp.ps_suppkey = supplier.s_suppkey)", "Plans": [{"Node Type": "Nested Loop", "Parent Relationship": "Outer", "Parallel Aware": false, "Join Type": "Inner", "Startup Cost": 0.86, "Total Cost": 128900.38, "Plan Rows": 160312, "Plan Width": 18, "Inner Unique": false, "Plans": [{"Node Type": "Index Scan", "Parent Relationship": "Outer", "Parallel Aware": true, "Scan Direction": "Forward", "Index Name": "part_pkey", "Relation Name": "part", "Alias": "part", "Startup Cost": 0.43, "Total Cost": 65062.74, "Plan Rows": 40080, "Plan Width": 4, "Filter": "((p_name)::text ~~ '%almond%'::text)"}, {"Node Type": "Index Scan", "Parent Relationship": "Inner", "Parallel Aware": false, "Scan Direction": "Forward", "Index Name": "idx_partsupp_partkey", "Relation Name": "partsupp", "Alias": "partsupp", "Startup Cost": 0.43, "Total Cost": 1.54, "Plan Rows": 5, "Plan Width": 14, "Index Cond": "(ps_partkey = part.p_partkey)"}]}, {"Node Type": "Hash", "Parent Relationship": "Inner", "Parallel Aware": true, "Startup Cost": 3437.69, "Total Cost": 3437.69, "Plan Rows": 41667, "Plan Width": 8, "Plans": [{"Node Type": "Index Scan", "Parent Relationship": "Outer", "Parallel Aware": true, "Scan Direction": "Forward", "Index Name": "supplier_pkey", "Relation Name": "supplier", "Alias": "supplier", "Startup Cost": 0.29, "Total Cost": 3437.69, "Plan Rows": 41667, "Plan Width": 8}]}]}, {"Node Type": "Index Scan", "Parent Relationship": "Inner", "Parallel Aware": false, "Scan Direction": "Forward", "Index Name": "idx_lineitem_part_supp", "Relation Name": "lineitem", "Alias": "lineitem", "Startup Cost": 0.56, "Total Cost": 0.95, "Plan Rows": 1, "Plan Width": 29, "Index Cond": "((l_partkey = partsupp.ps_partkey) AND (l_suppkey = partsupp.ps_suppkey))"}]}]}]}, {"Node Type": "Hash", "Parent Relationship": "Inner", "Parallel Aware": false, "Startup Cost": 3.81, "Total Cost": 3.81, "Plan Rows": 25, "Plan Width": 30, "Plans": [{"Node Type": "Index Scan", "Parent Relationship": "Outer", "Parallel Aware": false, "Scan Direction": "Forward", "Index Name": "nation_pkey", "Relation Name": "nation", "Alias": "nation", "Startup Cost": 0.14, "Total Cost": 3.81, "Plan Rows": 25, "Plan Width": 30}]}]}]}]}]}]}]}}, {"Plan": {"Node Type": "Limit", "Parallel Aware": false, "Startup Cost": 709899.31, "Total Cost": 709899.71, "Plan Rows": 1, "Plan Width": 66, "Plans": [{"Node Type": "Aggregate", "Strategy": "Sorted", "Partial Mode": "Finalize", "Parent Relationship": "Outer", "Parallel Aware": false, "Startup Cost": 709899.31, "Total Cost": 734109.68, "Plan Rows": 60150, "Plan Width": 66, "Group Key": ["nation.n_name", "(date_part('year'::text, (orders.o_orderdate)::timestamp without time zone))"], "Plans": [{"Node Type": "Gather Merge", "Parent Relationship": "Outer", "Parallel Aware": false, "Startup Cost": 709899.31, "Total Cost": 731252.56, "Plan Rows": 180450, "Plan Width": 66, "Workers Planned": 3, "Plans": [{"Node Type": "Sort", "Parent Relationship": "Outer", "Parallel Aware": false, "Startup Cost": 708899.27, "Total Cost": 709049.64, "Plan Rows": 60150, "Plan Width": 66, "Sort Key": ["nation.n_name", "(date_part('year'::text, (orders.o_orderdate)::timestamp without time zone)) DESC"], "Plans": [{"Node Type": "Aggregate", "Strategy": "Hashed", "Partial Mode": "Partial", "Parent Relationship": "Outer", "Parallel Aware": false, "Startup Cost": 703071.85, "Total Cost": 704124.48, "Plan Rows": 60150, "Plan Width": 66, "Group Key": ["nation.n_name", "date_part('year'::text, (orders.o_orderdate)::timestamp without time zone)"], "Plans": [{"Node Type": "Hash Join", "Parent Relationship": "Outer", "Parallel Aware": false, "Join Type": "Inner", "Startup Cost": 294995.19, "Total Cost": 682034.84, "Plan Rows": 1202115, "Plan Width": 57, "Inner Unique": true, "Hash Cond": "(supplier.s_nationkey = nation.n_nationkey)", "Plans": [{"Node Type": "Hash Join", "Parent Relationship": "Outer", "Parallel Aware": true, "Join Type": "Inner", "Startup Cost": 294993.63, "Total Cost": 672332.2, "Plan Rows": 1202115, "Plan Width": 31, "Inner Unique": false, "Hash Cond": "(orders.o_orderkey = lineitem.l_orderkey)", "Plans": [{"Node Type": "Seq Scan", "Parent Relationship": "Outer", "Parallel Aware": true, "Relation Name": "orders", "Alias": "orders", "Startup Cost": 0.0, "Total Cost": 309296.57, "Plan Rows": 4838457, "Plan Width": 8}, {"Node Type": "Hash", "Parent Relationship": "Inner", "Parallel Aware": true, "Startup Cost": 271749.19, "Total Cost": 271749.19, "Plan Rows": 1202115, "Plan Width": 31, "Plans": [{"Node Type": "Nested Loop", "Parent Relationship": "Outer", "Parallel Aware": false, "Join Type": "Inner", "Startup Cost": 3540.53, "Total Cost": 271749.19, "Plan Rows": 1202115, "Plan Width": 31, "Inner Unique": false, "Join Filter": "(supplier.s_suppkey = lineitem.l_suppkey)", "Plans": [{"Node Type": "Hash Join", "Parent Relationship": "Outer", "Parallel Aware": true, "Join Type": "Inner", "Startup Cost": 3539.97, "Total Cost": 116824.53, "Plan Rows": 160312, "Plan Width": 26, "Inner Unique": true, "Hash Cond": "(partsupp.ps_suppkey = supplier.s_suppkey)", "Plans": [{"Node Type": "Nested Loop", "Parent Relationship": "Outer", "Parallel Aware": false, "Join Type": "Inner", "Startup Cost": 0.43, "Total Cost": 112864.16, "Plan Rows": 160312, "Plan Width": 18, "Inner Unique": false, "Plans": [{"Node Type": "Seq Scan", "Parent Relationship": "Outer", "Parallel Aware": true, "Relation Name": "part", "Alias": "part", "Startup Cost": 0.0, "Total Cost": 49026.52, "Plan Rows": 40080, "Plan Width": 4, "Filter": "((p_name)::text ~~ '%almond%'::text)"}, {"Node Type": "Index Scan", "Parent Relationship": "Inner", "Parallel Aware": false, "Scan Direction": "Forward", "Index Name": "idx_partsupp_partkey", "Relation Name": "partsupp", "Alias": "partsupp", "Startup Cost": 0.43, "Total Cost": 1.54, "Plan Rows": 5, "Plan Width": 14, "Index Cond": "(ps_partkey = part.p_partkey)"}]}, {"Node Type": "Hash", "Parent Relationship": "Inner", "Parallel Aware": true, "Startup Cost": 2804.24, "Total Cost": 2804.24, "Plan Rows": 58824, "Plan Width": 8, "Plans": [{"Node Type": "Seq Scan", "Parent Relationship": "Outer", "Parallel Aware": true, "Relation Name": "supplier", "Alias": "supplier", "Startup Cost": 0.0, "Total Cost": 2804.24, "Plan Rows": 58824, "Plan Width": 8}]}]}, {"Node Type": "Index Scan", "Parent Relationship": "Inner", "Parallel Aware": false, "Scan Direction": "Forward", "Index Name": "idx_lineitem_part_supp", "Relation Name": "lineitem", "Alias": "lineitem", "Startup Cost": 0.56, "Total Cost": 0.95, "Plan Rows": 1, "Plan Width": 29, "Index Cond": "((l_partkey = partsupp.ps_partkey) AND (l_suppkey = partsupp.ps_suppkey))"}]}]}]}, {"Node Type": "Hash", "Parent Relationship": "Inner", "Parallel Aware": false, "Startup Cost": 1.25, "Total Cost": 1.25, "Plan Rows": 25, "Plan Width": 30, "Plans": [{"Node Type": "Seq Scan", "Parent Relationship": "Outer", "Parallel Aware": false, "Relation Name": "nation", "Alias": "nation", "Startup Cost": 0.0, "Total Cost": 1.25, "Plan Rows": 25, "Plan Width": 30}]}]}]}]}]}]}]}}, {"Plan": {"Node Type": "Limit", "Parallel Aware": false, "Startup Cost": 2144774.79, "Total Cost": 2144775.19, "Plan Rows": 1, "Plan Width": 66, "Plans": [{"Node Type": "Aggregate", "Strategy": "Sorted", "Partial Mode": "Finalize", "Parent Relationship": "Outer", "Parallel Aware": false, "Startup Cost": 2144774.79, "Total Cost": 2168985.16, "Plan Rows": 60150, "Plan Width": 66, "Group Key": ["nation.n_name", "(date_part('year'::text, (orders.o_orderdate)::timestamp without time zone))"], "Plans": [{"Node Type": "Gather Merge", "Parent Relationship": "Outer", "Parallel Aware": false, "Startup Cost": 2144774.79, "Total Cost": 2166128.04, "Plan Rows": 180450, "Plan Width": 66, "Workers Planned": 3, "Plans": [{"Node Type": "Sort", "Parent Relationship": "Outer", "Parallel Aware": false, "Startup Cost": 2143774.75, "Total Cost": 2143925.12, "Plan Rows": 60150, "Plan Width": 66, "Sort Key": ["nation.n_name", "(date_part('year'::text, (orders.o_orderdate)::timestamp without time zone)) DESC"], "Plans": [{"Node Type": "Aggregate", "Strategy": "Hashed", "Partial Mode": "Partial", "Parent Relationship": "Outer", "Parallel Aware": false, "Startup Cost": 2137947.33, "Total Cost": 2138999.96, "Plan Rows": 60150, "Plan Width": 66, "Group Key": ["nation.n_name", "date_part('year'::text, (orders.o_orderdate)::timestamp without time zone)"], "Plans": [{"Node Type": "Hash Join", "Parent Relationship": "Outer", "Parallel Aware": false, "Join Type": "Inner", "Startup Cost": 1729870.67, "Total Cost": 2116910.32, "Plan Rows": 1202115, "Plan Width": 57, "Inner Unique": true, "Hash Cond": "(supplier.s_nationkey = nation.n_nationkey)", "Plans": [{"Node Type": "Hash Join", "Parent Relationship": "Outer", "Parallel Aware": true, "Join Type": "Inner", "Startup Cost": 1729869.11, "Total Cost": 2107207.69, "Plan Rows": 1202115, "Plan Width": 31, "Inner Unique": false, "Hash Cond": "(orders.o_orderkey = lineitem.l_orderkey)", "Plans": [{"Node Type": "Seq Scan", "Parent Relationship": "Outer", "Parallel Aware": true, "Relation Name": "orders", "Alias": "orders", "Startup Cost": 0.0, "Total Cost": 309296.57, "Plan Rows": 4838457, "Plan Width": 8}, {"Node Type": "Hash", "Parent Relationship": "Inner", "Parallel Aware": true, "Startup Cost": 1706624.67, "Total Cost": 1706624.67, "Plan Rows": 1202115, "Plan Width": 31, "Plans": [{"Node Type": "Hash Join", "Parent Relationship": "Outer", "Parallel Aware": true, "Join Type": "Inner", "Startup Cost": 1449329.8, "Total Cost": 1706624.67, "Plan Rows": 1202115, "Plan Width": 31, "Inner Unique": true, "Hash Cond": "(lineitem.l_suppkey = supplier.s_suppkey)", "Plans": [{"Node Type": "Hash Join", "Parent Relationship": "Outer", "Parallel Aware": true, "Join Type": "Inner", "Startup Cost": 1445790.26, "Total Cost": 1699929.45, "Plan Rows": 1202115, "Plan Width": 35, "Inner Unique": false, "Hash Cond": "((partsupp.ps_suppkey = lineitem.l_suppkey) AND (partsupp.ps_partkey = lineitem.l_partkey))", "Plans": [{"Node Type": "Seq Scan", "Parent Relationship": "Outer", "Parallel Aware": true, "Relation Name": "partsupp", "Alias": "partsupp", "Startup Cost": 0.0, "Total Cost": 200191.16, "Plan Rows": 2580516, "Plan Width": 14}, {"Node Type": "Hash", "Parent Relationship": "Inner", "Parallel Aware": true, "Startup Cost": 1418366.54, "Total Cost": 1418366.54, "Plan Rows": 1202115, "Plan Width": 33, "Plans": [{"Node Type": "Hash Join", "Parent Relationship": "Outer", "Parallel Aware": true, "Join Type": "Inner", "Startup Cost": 49527.52, "Total Cost": 1418366.54, "Plan Rows": 1202115, "Plan Width": 33, "Inner Unique": true, "Hash Cond": "(lineitem.l_partkey = part.p_partkey)", "Plans": [{"Node Type": "Seq Scan", "Parent Relationship": "Outer", "Parallel Aware": true, "Relation Name": "lineitem", "Alias": "lineitem", "Startup Cost": 0.0, "Total Cost": 1318044.5, "Plan Rows": 19350250, "Plan Width": 29}, {"Node Type": "Hash", "Parent Relationship": "Inner", "Parallel Aware": true, "Startup Cost": 49026.52, "Total Cost": 49026.52, "Plan Rows": 40080, "Plan Width": 4, "Plans": [{"Node Type": "Seq Scan", "Parent Relationship": "Outer", "Parallel Aware": true, "Relation Name": "part", "Alias": "part", "Startup Cost": 0.0, "Total Cost": 49026.52, "Plan Rows": 40080, "Plan Width": 4, "Filter": "((p_name)::text ~~ '%almond%'::text)"}]}]}]}]}, {"Node Type": "Hash", "Parent Relationship": "Inner", "Parallel Aware": true, "Startup Cost": 2804.24, "Total Cost": 2804.24, "Plan Rows": 58824, "Plan Width": 8, "Plans": [{"Node Type": "Seq Scan", "Parent Relationship": "Outer", "Parallel Aware": true, "Relation Name": "supplier", "Alias": "supplier", "Startup Cost": 0.0, "Total Cost": 2804.24, "Plan Rows": 58824, "Plan Width": 8}]}]}]}]}, {"Node Type": "Hash", "Parent Relationship": "Inner", "Parallel Aware": false, "Startup Cost": 1.25, "Total Cost": 1.25, "Plan Rows": 25, "Plan Width": 30, "Plans": [{"Node Type": "Seq Scan", "Parent Relationship": "Outer", "Parallel Aware": false, "Relation Name": "nation", "Alias": "nation", "Startup Cost": 0.0, "Total Cost": 1.25, "Plan Rows": 25, "Plan Width": 30}]}]}]}]}]}]}]}}, {"Plan": {"Node Type": "Limit", "Parallel Aware": false, "Startup Cost": 846597.81, "Total Cost": 846598.21, "Plan Rows": 1, "Plan Width": 66, "Plans": [{"Node Type": "Aggregate", "Strategy": "Sorted", "Partial Mode": "Finalize", "Parent Relationship": "Outer", "Parallel Aware": false, "Startup Cost": 846597.81, "Total Cost": 870808.19, "Plan Rows": 60150, "Plan Width": 66, "Group Key": ["nation.n_name", "(date_part('year'::text, (orders.o_orderdate)::timestamp without time zone))"], "Plans": [{"Node Type": "Gather Merge", "Parent Relationship": "Outer", "Parallel Aware": false, "Startup Cost": 846597.81, "Total Cost": 867951.06, "Plan Rows": 180450, "Plan Width": 66, "Workers Planned": 3, "Plans": [{"Node Type": "Sort", "Parent Relationship": "Outer", "Parallel Aware": false, "Startup Cost": 845597.77, "Total Cost": 845748.15, "Plan Rows": 60150, "Plan Width": 66, "Sort Key": ["nation.n_name", "(date_part('year'::text, (orders.o_orderdate)::timestamp without time zone)) DESC"], "Plans": [{"Node Type": "Aggregate", "Strategy": "Hashed", "Partial Mode": "Partial", "Parent Relationship": "Outer", "Parallel Aware": false, "Startup Cost": 839770.35, "Total Cost": 840822.98, "Plan Rows": 60150, "Plan Width": 66, "Group Key": ["nation.n_name", "date_part('year'::text, (orders.o_orderdate)::timestamp without time zone)"], "Plans": [{"Node Type": "Hash Join", "Parent Relationship": "Outer", "Parallel Aware": false, "Join Type": "Inner", "Startup Cost": 311453.41, "Total Cost": 818733.34, "Plan Rows": 1202115, "Plan Width": 57, "Inner Unique": true, "Hash Cond": "(supplier.s_nationkey = nation.n_nationkey)", "Plans": [{"Node Type": "Hash Join", "Parent Relationship": "Outer", "Parallel Aware": true, "Join Type": "Inner", "Startup Cost": 311449.29, "Total Cost": 809028.14, "Plan Rows": 1202115, "Plan Width": 31, "Inner Unique": false, "Hash Cond": "(orders.o_orderkey = lineitem.l_orderkey)", "Plans": [{"Node Type": "Index Scan", "Parent Relationship": "Outer", "Parallel Aware": true, "Scan Direction": "Forward", "Index Name": "orders_pkey", "Relation Name": "orders", "Alias": "orders", "Startup Cost": 0.43, "Total Cost": 429537.29, "Plan Rows": 4838457, "Plan Width": 8}, {"Node Type": "Hash", "Parent Relationship": "Inner", "Parallel Aware": true, "Startup Cost": 288204.41, "Total Cost": 288204.41, "Plan Rows": 1202115, "Plan Width": 31, "Plans": [{"Node Type": "Nested Loop", "Parent Relationship": "Outer", "Parallel Aware": false, "Join Type": "Inner", "Startup Cost": 3959.95, "Total Cost": 288204.41, "Plan Rows": 1202115, "Plan Width": 31, "Inner Unique": false, "Join Filter": "(supplier.s_suppkey = lineitem.l_suppkey)", "Plans": [{"Node Type": "Hash Join", "Parent Relationship": "Outer", "Parallel Aware": true, "Join Type": "Inner", "Startup Cost": 3959.39, "Total Cost": 133279.75, "Plan Rows": 160312, "Plan Width": 26, "Inner Unique": true, "Hash Cond": "(partsupp.ps_suppkey = supplier.s_suppkey)", "Plans": [{"Node Type": "Nested Loop", "Parent Relationship": "Outer", "Parallel Aware": false, "Join Type": "Inner", "Startup Cost": 0.86, "Total Cost": 128900.38, "Plan Rows": 160312, "Plan Width": 18, "Inner Unique": false, "Plans": [{"Node Type": "Index Scan", "Parent Relationship": "Outer", "Parallel Aware": true, "Scan Direction": "Forward", "Index Name": "part_pkey", "Relation Name": "part", "Alias": "part", "Startup Cost": 0.43, "Total Cost": 65062.74, "Plan Rows": 40080, "Plan Width": 4, "Filter": "((p_name)::text ~~ '%almond%'::text)"}, {"Node Type": "Index Scan", "Parent Relationship": "Inner", "Parallel Aware": false, "Scan Direction": "Forward", "Index Name": "idx_partsupp_partkey", "Relation Name": "partsupp", "Alias": "partsupp", "Startup Cost": 0.43, "Total Cost": 1.54, "Plan Rows": 5, "Plan Width": 14, "Index Cond": "(ps_partkey = part.p_partkey)"}]}, {"Node Type": "Hash", "Parent Relationship": "Inner", "Parallel Aware": true, "Startup Cost": 3437.69, "Total Cost": 3437.69, "Plan Rows": 41667, "Plan Width": 8, "Plans": [{"Node Type": "Index Scan", "Parent Relationship": "Outer", "Parallel Aware": true, "Scan Direction": "Forward", "Index Name": "supplier_pkey", "Relation Name": "supplier", "Alias": "supplier", "Startup Cost": 0.29, "Total Cost": 3437.69, "Plan Rows": 41667, "Plan Width": 8}]}]}, {"Node Type": "Index Scan", "Parent Relationship": "Inner", "Parallel Aware": false, "Scan Direction": "Forward", "Index Name": "idx_lineitem_part_supp", "Relation Name": "lineitem", "Alias": "lineitem", "Startup Cost": 0.56, "Total Cost": 0.95, "Plan Rows": 1, "Plan Width": 29, "Index Cond": "((l_partkey = partsupp.ps_partkey) AND (l_suppkey = partsupp.ps_suppkey))"}]}]}]}, {"Node Type": "Hash", "Parent Relationship": "Inner", "Parallel Aware": false, "Startup Cost": 3.81, "Total Cost": 3.81, "Plan Rows": 25, "Plan Width": 30, "Plans": [{"Node Type": "Index Scan", "Parent Relationship": "Outer", "Parallel Aware": false, "Scan Direction": "Forward", "Index Name": "nation_pkey", "Relation Name": "nation", "Alias": "nation", "Startup Cost": 0.14, "Total Cost": 3.81, "Plan Rows": 25, "Plan Width": 30}]}]}]}]}]}]}]}}, {"Plan": {"Node Type": "Limit", "Parallel Aware": false, "Startup Cost": 709899.31, "Total Cost": 709899.71, "Plan Rows": 1, "Plan Width": 66, "Plans": [{"Node Type": "Aggregate", "Strategy": "Sorted", "Partial Mode": "Finalize", "Parent Relationship": "Outer", "Parallel Aware": false, "Startup Cost": 709899.31, "Total Cost": 734109.68, "Plan Rows": 60150, "Plan Width": 66, "Group Key": ["nation.n_name", "(date_part('year'::text, (orders.o_orderdate)::timestamp without time zone))"], "Plans": [{"Node Type": "Gather Merge", "Parent Relationship": "Outer", "Parallel Aware": false, "Startup Cost": 709899.31, "Total Cost": 731252.56, "Plan Rows": 180450, "Plan Width": 66, "Workers Planned": 3, "Plans": [{"Node Type": "Sort", "Parent Relationship": "Outer", "Parallel Aware": false, "Startup Cost": 708899.27, "Total Cost": 709049.64, "Plan Rows": 60150, "Plan Width": 66, "Sort Key": ["nation.n_name", "(date_part('year'::text, (orders.o_orderdate)::timestamp without time zone)) DESC"], "Plans": [{"Node Type": "Aggregate", "Strategy": "Hashed", "Partial Mode": "Partial", "Parent Relationship": "Outer", "Parallel Aware": false, "Startup Cost": 703071.85, "Total Cost": 704124.48, "Plan Rows": 60150, "Plan Width": 66, "Group Key": ["nation.n_name", "date_part('year'::text, (orders.o_orderdate)::timestamp without time zone)"], "Plans": [{"Node Type": "Hash Join", "Parent Relationship": "Outer", "Parallel Aware": false, "Join Type": "Inner", "Startup Cost": 294995.19, "Total Cost": 682034.84, "Plan Rows": 1202115, "Plan Width": 57, "Inner Unique": true, "Hash Cond": "(supplier.s_nationkey = nation.n_nationkey)", "Plans": [{"Node Type": "Hash Join", "Parent Relationship": "Outer", "Parallel Aware": true, "Join Type": "Inner", "Startup Cost": 294993.63, "Total Cost": 672332.2, "Plan Rows": 1202115, "Plan Width": 31, "Inner Unique": false, "Hash Cond": "(orders.o_orderkey = lineitem.l_orderkey)", "Plans": [{"Node Type": "Seq Scan", "Parent Relationship": "Outer", "Parallel Aware": true, "Relation Name": "orders", "Alias": "orders", "Startup Cost": 0.0, "Total Cost": 309296.57, "Plan Rows": 4838457, "Plan Width": 8}, {"Node Type": "Hash", "Parent Relationship": "Inner", "Parallel Aware": true, "Startup Cost": 271749.19, "Total Cost": 271749.19, "Plan Rows": 1202115, "Plan Width": 31, "Plans": [{"Node Type": "Nested Loop", "Parent Relationship": "Outer", "Parallel Aware": false, "Join Type": "Inner", "Startup Cost": 3540.53, "Total Cost": 271749.19, "Plan Rows": 1202115, "Plan Width": 31, "Inner Unique": false, "Join Filter": "(supplier.s_suppkey = lineitem.l_suppkey)", "Plans": [{"Node Type": "Hash Join", "Parent Relationship": "Outer", "Parallel Aware": true, "Join Type": "Inner", "Startup Cost": 3539.97, "Total Cost": 116824.53, "Plan Rows": 160312, "Plan Width": 26, "Inner Unique": true, "Hash Cond": "(partsupp.ps_suppkey = supplier.s_suppkey)", "Plans": [{"Node Type": "Nested Loop", "Parent Relationship": "Outer", "Parallel Aware": false, "Join Type": "Inner", "Startup Cost": 0.43, "Total Cost": 112864.16, "Plan Rows": 160312, "Plan Width": 18, "Inner Unique": false, "Plans": [{"Node Type": "Seq Scan", "Parent Relationship": "Outer", "Parallel Aware": true, "Relation Name": "part", "Alias": "part", "Startup Cost": 0.0, "Total Cost": 49026.52, "Plan Rows": 40080, "Plan Width": 4, "Filter": "((p_name)::text ~~ '%almond%'::text)"}, {"Node Type": "Index Scan", "Parent Relationship": "Inner", "Parallel Aware": false, "Scan Direction": "Forward", "Index Name": "idx_partsupp_partkey", "Relation Name": "partsupp", "Alias": "partsupp", "Startup Cost": 0.43, "Total Cost": 1.54, "Plan Rows": 5, "Plan Width": 14, "Index Cond": "(ps_partkey = part.p_partkey)"}]}, {"Node Type": "Hash", "Parent Relationship": "Inner", "Parallel Aware": true, "Startup Cost": 2804.24, "Total Cost": 2804.24, "Plan Rows": 58824, "Plan Width": 8, "Plans": [{"Node Type": "Seq Scan", "Parent Relationship": "Outer", "Parallel Aware": true, "Relation Name": "supplier", "Alias": "supplier", "Startup Cost": 0.0, "Total Cost": 2804.24, "Plan Rows": 58824, "Plan Width": 8}]}]}, {"Node Type": "Index Scan", "Parent Relationship": "Inner", "Parallel Aware": false, "Scan Direction": "Forward", "Index Name": "idx_lineitem_part_supp", "Relation Name": "lineitem", "Alias": "lineitem", "Startup Cost": 0.56, "Total Cost": 0.95, "Plan Rows": 1, "Plan Width": 29, "Index Cond": "((l_partkey = partsupp.ps_partkey) AND (l_suppkey = partsupp.ps_suppkey))"}]}]}]}, {"Node Type": "Hash", "Parent Relationship": "Inner", "Parallel Aware": false, "Startup Cost": 1.25, "Total Cost": 1.25, "Plan Rows": 25, "Plan Width": 30, "Plans": [{"Node Type": "Seq Scan", "Parent Relationship": "Outer", "Parallel Aware": false, "Relation Name": "nation", "Alias": "nation", "Startup Cost": 0.0, "Total Cost": 1.25, "Plan Rows": 25, "Plan Width": 30}]}]}]}]}]}]}]}}, {"Plan": {"Node Type": "Limit", "Parallel Aware": false, "Startup Cost": 2144774.79, "Total Cost": 2144775.19, "Plan Rows": 1, "Plan Width": 66, "Plans": [{"Node Type": "Aggregate", "Strategy": "Sorted", "Partial Mode": "Finalize", "Parent Relationship": "Outer", "Parallel Aware": false, "Startup Cost": 2144774.79, "Total Cost": 2168985.16, "Plan Rows": 60150, "Plan Width": 66, "Group Key": ["nation.n_name", "(date_part('year'::text, (orders.o_orderdate)::timestamp without time zone))"], "Plans": [{"Node Type": "Gather Merge", "Parent Relationship": "Outer", "Parallel Aware": false, "Startup Cost": 2144774.79, "Total Cost": 2166128.04, "Plan Rows": 180450, "Plan Width": 66, "Workers Planned": 3, "Plans": [{"Node Type": "Sort", "Parent Relationship": "Outer", "Parallel Aware": false, "Startup Cost": 2143774.75, "Total Cost": 2143925.12, "Plan Rows": 60150, "Plan Width": 66, "Sort Key": ["nation.n_name", "(date_part('year'::text, (orders.o_orderdate)::timestamp without time zone)) DESC"], "Plans": [{"Node Type": "Aggregate", "Strategy": "Hashed", "Partial Mode": "Partial", "Parent Relationship": "Outer", "Parallel Aware": false, "Startup Cost": 2137947.33, "Total Cost": 2138999.96, "Plan Rows": 60150, "Plan Width": 66, "Group Key": ["nation.n_name", "date_part('year'::text, (orders.o_orderdate)::timestamp without time zone)"], "Plans": [{"Node Type": "Hash Join", "Parent Relationship": "Outer", "Parallel Aware": false, "Join Type": "Inner", "Startup Cost": 1729870.67, "Total Cost": 2116910.32, "Plan Rows": 1202115, "Plan Width": 57, "Inner Unique": true, "Hash Cond": "(supplier.s_nationkey = nation.n_nationkey)", "Plans": [{"Node Type": "Hash Join", "Parent Relationship": "Outer", "Parallel Aware": true, "Join Type": "Inner", "Startup Cost": 1729869.11, "Total Cost": 2107207.69, "Plan Rows": 1202115, "Plan Width": 31, "Inner Unique": false, "Hash Cond": "(orders.o_orderkey = lineitem.l_orderkey)", "Plans": [{"Node Type": "Seq Scan", "Parent Relationship": "Outer", "Parallel Aware": true, "Relation Name": "orders", "Alias": "orders", "Startup Cost": 0.0, "Total Cost": 309296.57, "Plan Rows": 4838457, "Plan Width": 8}, {"Node Type": "Hash", "Parent Relationship": "Inner", "Parallel Aware": true, "Startup Cost": 1706624.67, "Total Cost": 1706624.67, "Plan Rows": 1202115, "Plan Width": 31, "Plans": [{"Node Type": "Hash Join", "Parent Relationship": "Outer", "Parallel Aware": true, "Join Type": "Inner", "Startup Cost": 1449329.8, "Total Cost": 1706624.67, "Plan Rows": 1202115, "Plan Width": 31, "Inner Unique": true, "Hash Cond": "(lineitem.l_suppkey = supplier.s_suppkey)", "Plans": [{"Node Type": "Hash Join", "Parent Relationship": "Outer", "Parallel Aware": true, "Join Type": "Inner", "Startup Cost": 1445790.26, "Total Cost": 1699929.45, "Plan Rows": 1202115, "Plan Width": 35, "Inner Unique": false, "Hash Cond": "((partsupp.ps_suppkey = lineitem.l_suppkey) AND (partsupp.ps_partkey = lineitem.l_partkey))", "Plans": [{"Node Type": "Seq Scan", "Parent Relationship": "Outer", "Parallel Aware": true, "Relation Name": "partsupp", "Alias": "partsupp", "Startup Cost": 0.0, "Total Cost": 200191.16, "Plan Rows": 2580516, "Plan Width": 14}, {"Node Type": "Hash", "Parent Relationship": "Inner", "Parallel Aware": true, "Startup Cost": 1418366.54, "Total Cost": 1418366.54, "Plan Rows": 1202115, "Plan Width": 33, "Plans": [{"Node Type": "Hash Join", "Parent Relationship": "Outer", "Parallel Aware": true, "Join Type": "Inner", "Startup Cost": 49527.52, "Total Cost": 1418366.54, "Plan Rows": 1202115, "Plan Width": 33, "Inner Unique": true, "Hash Cond": "(lineitem.l_partkey = part.p_partkey)", "Plans": [{"Node Type": "Seq Scan", "Parent Relationship": "Outer", "Parallel Aware": true, "Relation Name": "lineitem", "Alias": "lineitem", "Startup Cost": 0.0, "Total Cost": 1318044.5, "Plan Rows": 19350250, "Plan Width": 29}, {"Node Type": "Hash", "Parent Relationship": "Inner", "Parallel Aware": true, "Startup Cost": 49026.52, "Total Cost": 49026.52, "Plan Rows": 40080, "Plan Width": 4, "Plans": [{"Node Type": "Seq Scan", "Parent Relationship": "Outer", "Parallel Aware": true, "Relation Name": "part", "Alias": "part", "Startup Cost": 0.0, "Total Cost": 49026.52, "Plan Rows": 40080, "Plan Width": 4, "Filter": "((p_name)::text ~~ '%almond%'::text)"}]}]}]}]}, {"Node Type": "Hash", "Parent Relationship": "Inner", "Parallel Aware": true, "Startup Cost": 2804.24, "Total Cost": 2804.24, "Plan Rows": 58824, "Plan Width": 8, "Plans": [{"Node Type": "Seq Scan", "Parent Relationship": "Outer", "Parallel Aware": true, "Relation Name": "supplier", "Alias": "supplier", "Startup Cost": 0.0, "Total Cost": 2804.24, "Plan Rows": 58824, "Plan Width": 8}]}]}]}]}, {"Node Type": "Hash", "Parent Relationship": "Inner", "Parallel Aware": false, "Startup Cost": 1.25, "Total Cost": 1.25, "Plan Rows": 25, "Plan Width": 30, "Plans": [{"Node Type": "Seq Scan", "Parent Relationship": "Outer", "Parallel Aware": false, "Relation Name": "nation", "Alias": "nation", "Startup Cost": 0.0, "Total Cost": 1.25, "Plan Rows": 25, "Plan Width": 30}]}]}]}]}]}]}]}}, {"Plan": {"Node Type": "Limit", "Parallel Aware": false, "Startup Cost": 906158.09, "Total Cost": 906158.5, "Plan Rows": 1, "Plan Width": 66, "Plans": [{"Node Type": "Aggregate", "Strategy": "Sorted", "Partial Mode": "Finalize", "Parent Relationship": "Outer", "Parallel Aware": false, "Startup Cost": 906158.09, "Total Cost": 930368.47, "Plan Rows": 60150, "Plan Width": 66, "Group Key": ["nation.n_name", "(date_part('year'::text, (orders.o_orderdate)::timestamp without time zone))"], "Plans": [{"Node Type": "Gather Merge", "Parent Relationship": "Outer", "Parallel Aware": false, "Startup Cost": 906158.09, "Total Cost": 927511.34, "Plan Rows": 180450, "Plan Width": 66, "Workers Planned": 3, "Plans": [{"Node Type": "Sort", "Parent Relationship": "Outer", "Parallel Aware": false, "Startup Cost": 905158.05, "Total Cost": 905308.43, "Plan Rows": 60150, "Plan Width": 66, "Sort Key": ["nation.n_name", "(date_part('year'::text, (orders.o_orderdate)::timestamp without time zone)) DESC"], "Plans": [{"Node Type": "Aggregate", "Strategy": "Hashed", "Partial Mode": "Partial", "Parent Relationship": "Outer", "Parallel Aware": false, "Startup Cost": 899330.64, "Total Cost": 900383.26, "Plan Rows": 60150, "Plan Width": 66, "Group Key": ["nation.n_name", "date_part('year'::text, (orders.o_orderdate)::timestamp without time zone)"], "Plans": [{"Node Type": "Hash Join", "Parent Relationship": "Outer", "Parallel Aware": false, "Join Type": "Inner", "Startup Cost": 491253.98, "Total Cost": 878293.63, "Plan Rows": 1202115, "Plan Width": 57, "Inner Unique": true, "Hash Cond": "(supplier.s_nationkey = nation.n_nationkey)", "Plans": [{"Node Type": "Hash Join", "Parent Relationship": "Outer", "Parallel Aware": true, "Join Type": "Inner", "Startup Cost": 491252.42, "Total Cost": 868590.99, "Plan Rows": 1202115, "Plan Width": 31, "Inner Unique": false, "Hash Cond": "(orders.o_orderkey = lineitem.l_orderkey)", "Plans": [{"Node Type": "Seq Scan", "Parent Relationship": "Outer", "Parallel Aware": true, "Relation Name": "orders", "Alias": "orders", "Startup Cost": 0.0, "Total Cost": 309296.57, "Plan Rows": 4838457, "Plan Width": 8}, {"Node Type": "Hash", "Parent Relationship": "Inner", "Parallel Aware": true, "Startup Cost": 468007.98, "Total Cost": 468007.98, "Plan Rows": 1202115, "Plan Width": 31, "Plans": [{"Node Type": "Nested Loop", "Parent Relationship": "Outer", "Parallel Aware": false, "Join Type": "Inner", "Startup Cost": 3540.93, "Total Cost": 468007.98, "Plan Rows": 1202115, "Plan Width": 31, "Inner Unique": false, "Join Filter": "(supplier.s_suppkey = lineitem.l_suppkey)", "Plans": [{"Node Type": "Hash Join", "Parent Relationship": "Outer", "Parallel Aware": true, "Join Type": "Inner", "Startup Cost": 3540.22, "Total Cost": 173012.38, "Plan Rows": 160312, "Plan Width": 26, "Inner Unique": true, "Hash Cond": "(partsupp.ps_suppkey = supplier.s_suppkey)", "Plans": [{"Node Type": "Nested Loop", "Parent Relationship": "Outer", "Parallel Aware": false, "Join Type": "Inner", "Startup Cost": 0.68, "Total Cost": 169052.0, "Plan Rows": 160312, "Plan Width": 18, "Inner Unique": false, "Plans": [{"Node Type": "Seq Scan", "Parent Relationship": "Outer", "Parallel Aware": true, "Relation Name": "part", "Alias": "part", "Startup Cost": 0.0, "Total Cost": 49026.52, "Plan Rows": 40080, "Plan Width": 4, "Filter": "((p_name)::text ~~ '%almond%'::text)"}, {"Node Type": "Bitmap Heap Scan", "Parent Relationship": "Inner", "Parallel Aware": false, "Relation Name": "partsupp", "Alias": "partsupp", "Startup Cost": 0.68, "Total Cost": 2.94, "Plan Rows": 5, "Plan Width": 14, "Recheck Cond": "(ps_partkey = part.p_partkey)", "Plans": [{"Node Type": "Bitmap Index Scan", "Parent Relationship": "Outer", "Parallel Aware": false, "Index Name": "partsupp_pkey", "Startup Cost": 0.0, "Total Cost": 0.68, "Plan Rows": 5, "Plan Width": 0, "Index Cond": "(ps_partkey = part.p_partkey)"}]}]}, {"Node Type": "Hash", "Parent Relationship": "Inner", "Parallel Aware": true, "Startup Cost": 2804.24, "Total Cost": 2804.24, "Plan Rows": 58824, "Plan Width": 8, "Plans": [{"Node Type": "Seq Scan", "Parent Relationship": "Outer", "Parallel Aware": true, "Relation Name": "supplier", "Alias": "supplier", "Startup Cost": 0.0, "Total Cost": 2804.24, "Plan Rows": 58824, "Plan Width": 8}]}]}, {"Node Type": "Bitmap Heap Scan", "Parent Relationship": "Inner", "Parallel Aware": false, "Relation Name": "lineitem", "Alias": "lineitem", "Startup Cost": 0.71, "Total Cost": 1.83, "Plan Rows": 1, "Plan Width": 29, "Recheck Cond": "((l_partkey = partsupp.ps_partkey) AND (l_suppkey = partsupp.ps_suppkey))", "Plans": [{"Node Type": "Bitmap Index Scan", "Parent Relationship": "Outer", "Parallel Aware": false, "Index Name": "idx_lineitem_part_supp", "Startup Cost": 0.0, "Total Cost": 0.71, "Plan Rows": 1, "Plan Width": 0, "Index Cond": "((l_partkey = partsupp.ps_partkey) AND (l_suppkey = partsupp.ps_suppkey))"}]}]}]}]}, {"Node Type": "Hash", "Parent Relationship": "Inner", "Parallel Aware": false, "Startup Cost": 1.25, "Total Cost": 1.25, "Plan Rows": 25, "Plan Width": 30, "Plans": [{"Node Type": "Seq Scan", "Parent Relationship": "Outer", "Parallel Aware": false, "Relation Name": "nation", "Alias": "nation", "Startup Cost": 0.0, "Total Cost": 1.25, "Plan Rows": 25, "Plan Width": 30}]}]}]}]}]}]}]}}, {"Plan": {"Node Type": "Limit", "Parallel Aware": false, "Startup Cost": 2144774.79, "Total Cost": 2144775.19, "Plan Rows": 1, "Plan Width": 66, "Plans": [{"Node Type": "Aggregate", "Strategy": "Sorted", "Partial Mode": "Finalize", "Parent Relationship": "Outer", "Parallel Aware": false, "Startup Cost": 2144774.79, "Total Cost": 2168985.16, "Plan Rows": 60150, "Plan Width": 66, "Group Key": ["nation.n_name", "(date_part('year'::text, (orders.o_orderdate)::timestamp without time zone))"], "Plans": [{"Node Type": "Gather Merge", "Parent Relationship": "Outer", "Parallel Aware": false, "Startup Cost": 2144774.79, "Total Cost": 2166128.04, "Plan Rows": 180450, "Plan Width": 66, "Workers Planned": 3, "Plans": [{"Node Type": "Sort", "Parent Relationship": "Outer", "Parallel Aware": false, "Startup Cost": 2143774.75, "Total Cost": 2143925.12, "Plan Rows": 60150, "Plan Width": 66, "Sort Key": ["nation.n_name", "(date_part('year'::text, (orders.o_orderdate)::timestamp without time zone)) DESC"], "Plans": [{"Node Type": "Aggregate", "Strategy": "Hashed", "Partial Mode": "Partial", "Parent Relationship": "Outer", "Parallel Aware": false, "Startup Cost": 2137947.33, "Total Cost": 2138999.96, "Plan Rows": 60150, "Plan Width": 66, "Group Key": ["nation.n_name", "date_part('year'::text, (orders.o_orderdate)::timestamp without time zone)"], "Plans": [{"Node Type": "Hash Join", "Parent Relationship": "Outer", "Parallel Aware": false, "Join Type": "Inner", "Startup Cost": 1729870.67, "Total Cost": 2116910.32, "Plan Rows": 1202115, "Plan Width": 57, "Inner Unique": true, "Hash Cond": "(supplier.s_nationkey = nation.n_nationkey)", "Plans": [{"Node Type": "Hash Join", "Parent Relationship": "Outer", "Parallel Aware": true, "Join Type": "Inner", "Startup Cost": 1729869.11, "Total Cost": 2107207.69, "Plan Rows": 1202115, "Plan Width": 31, "Inner Unique": false, "Hash Cond": "(orders.o_orderkey = lineitem.l_orderkey)", "Plans": [{"Node Type": "Seq Scan", "Parent Relationship": "Outer", "Parallel Aware": true, "Relation Name": "orders", "Alias": "orders", "Startup Cost": 0.0, "Total Cost": 309296.57, "Plan Rows": 4838457, "Plan Width": 8}, {"Node Type": "Hash", "Parent Relationship": "Inner", "Parallel Aware": true, "Startup Cost": 1706624.67, "Total Cost": 1706624.67, "Plan Rows": 1202115, "Plan Width": 31, "Plans": [{"Node Type": "Hash Join", "Parent Relationship": "Outer", "Parallel Aware": true, "Join Type": "Inner", "Startup Cost": 1449329.8, "Total Cost": 1706624.67, "Plan Rows": 1202115, "Plan Width": 31, "Inner Unique": true, "Hash Cond": "(lineitem.l_suppkey = supplier.s_suppkey)", "Plans": [{"Node Type": "Hash Join", "Parent Relationship": "Outer", "Parallel Aware": true, "Join Type": "Inner", "Startup Cost": 1445790.26, "Total Cost": 1699929.45, "Plan Rows": 1202115, "Plan Width": 35, "Inner Unique": false, "Hash Cond": "((partsupp.ps_suppkey = lineitem.l_suppkey) AND (partsupp.ps_partkey = lineitem.l_partkey))", "Plans": [{"Node Type": "Seq Scan", "Parent Relationship": "Outer", "Parallel Aware": true, "Relation Name": "partsupp", "Alias": "partsupp", "Startup Cost": 0.0, "Total Cost": 200191.16, "Plan Rows": 2580516, "Plan Width": 14}, {"Node Type": "Hash", "Parent Relationship": "Inner", "Parallel Aware": true, "Startup Cost": 1418366.54, "Total Cost": 1418366.54, "Plan Rows": 1202115, "Plan Width": 33, "Plans": [{"Node Type": "Hash Join", "Parent Relationship": "Outer", "Parallel Aware": true, "Join Type": "Inner", "Startup Cost": 49527.52, "Total Cost": 1418366.54, "Plan Rows": 1202115, "Plan Width": 33, "Inner Unique": true, "Hash Cond": "(lineitem.l_partkey = part.p_partkey)", "Plans": [{"Node Type": "Seq Scan", "Parent Relationship": "Outer", "Parallel Aware": true, "Relation Name": "lineitem", "Alias": "lineitem", "Startup Cost": 0.0, "Total Cost": 1318044.5, "Plan Rows": 19350250, "Plan Width": 29}, {"Node Type": "Hash", "Parent Relationship": "Inner", "Parallel Aware": true, "Startup Cost": 49026.52, "Total Cost": 49026.52, "Plan Rows": 40080, "Plan Width": 4, "Plans": [{"Node Type": "Seq Scan", "Parent Relationship": "Outer", "Parallel Aware": true, "Relation Name": "part", "Alias": "part", "Startup Cost": 0.0, "Total Cost": 49026.52, "Plan Rows": 40080, "Plan Width": 4, "Filter": "((p_name)::text ~~ '%almond%'::text)"}]}]}]}]}, {"Node Type": "Hash", "Parent Relationship": "Inner", "Parallel Aware": true, "Startup Cost": 2804.24, "Total Cost": 2804.24, "Plan Rows": 58824, "Plan Width": 8, "Plans": [{"Node Type": "Seq Scan", "Parent Relationship": "Outer", "Parallel Aware": true, "Relation Name": "supplier", "Alias": "supplier", "Startup Cost": 0.0, "Total Cost": 2804.24, "Plan Rows": 58824, "Plan Width": 8}]}]}]}]}, {"Node Type": "Hash", "Parent Relationship": "Inner", "Parallel Aware": false, "Startup Cost": 1.25, "Total Cost": 1.25, "Plan Rows": 25, "Plan Width": 30, "Plans": [{"Node Type": "Seq Scan", "Parent Relationship": "Outer", "Parallel Aware": false, "Relation Name": "nation", "Alias": "nation", "Startup Cost": 0.0, "Total Cost": 1.25, "Plan Rows": 25, "Plan Width": 30}]}]}]}]}]}]}]}}, {"Plan": {"Node Type": "Limit", "Parallel Aware": false, "Startup Cost": 906158.09, "Total Cost": 906158.5, "Plan Rows": 1, "Plan Width": 66, "Plans": [{"Node Type": "Aggregate", "Strategy": "Sorted", "Partial Mode": "Finalize", "Parent Relationship": "Outer", "Parallel Aware": false, "Startup Cost": 906158.09, "Total Cost": 930368.47, "Plan Rows": 60150, "Plan Width": 66, "Group Key": ["nation.n_name", "(date_part('year'::text, (orders.o_orderdate)::timestamp without time zone))"], "Plans": [{"Node Type": "Gather Merge", "Parent Relationship": "Outer", "Parallel Aware": false, "Startup Cost": 906158.09, "Total Cost": 927511.34, "Plan Rows": 180450, "Plan Width": 66, "Workers Planned": 3, "Plans": [{"Node Type": "Sort", "Parent Relationship": "Outer", "Parallel Aware": false, "Startup Cost": 905158.05, "Total Cost": 905308.43, "Plan Rows": 60150, "Plan Width": 66, "Sort Key": ["nation.n_name", "(date_part('year'::text, (orders.o_orderdate)::timestamp without time zone)) DESC"], "Plans": [{"Node Type": "Aggregate", "Strategy": "Hashed", "Partial Mode": "Partial", "Parent Relationship": "Outer", "Parallel Aware": false, "Startup Cost": 899330.64, "Total Cost": 900383.26, "Plan Rows": 60150, "Plan Width": 66, "Group Key": ["nation.n_name", "date_part('year'::text, (orders.o_orderdate)::timestamp without time zone)"], "Plans": [{"Node Type": "Hash Join", "Parent Relationship": "Outer", "Parallel Aware": false, "Join Type": "Inner", "Startup Cost": 491253.98, "Total Cost": 878293.63, "Plan Rows": 1202115, "Plan Width": 57, "Inner Unique": true, "Hash Cond": "(supplier.s_nationkey = nation.n_nationkey)", "Plans": [{"Node Type": "Hash Join", "Parent Relationship": "Outer", "Parallel Aware": true, "Join Type": "Inner", "Startup Cost": 491252.42, "Total Cost": 868590.99, "Plan Rows": 1202115, "Plan Width": 31, "Inner Unique": false, "Hash Cond": "(orders.o_orderkey = lineitem.l_orderkey)", "Plans": [{"Node Type": "Seq Scan", "Parent Relationship": "Outer", "Parallel Aware": true, "Relation Name": "orders", "Alias": "orders", "Startup Cost": 0.0, "Total Cost": 309296.57, "Plan Rows": 4838457, "Plan Width": 8}, {"Node Type": "Hash", "Parent Relationship": "Inner", "Parallel Aware": true, "Startup Cost": 468007.98, "Total Cost": 468007.98, "Plan Rows": 1202115, "Plan Width": 31, "Plans": [{"Node Type": "Nested Loop", "Parent Relationship": "Outer", "Parallel Aware": false, "Join Type": "Inner", "Startup Cost": 3540.93, "Total Cost": 468007.98, "Plan Rows": 1202115, "Plan Width": 31, "Inner Unique": false, "Join Filter": "(supplier.s_suppkey = lineitem.l_suppkey)", "Plans": [{"Node Type": "Hash Join", "Parent Relationship": "Outer", "Parallel Aware": true, "Join Type": "Inner", "Startup Cost": 3540.22, "Total Cost": 173012.38, "Plan Rows": 160312, "Plan Width": 26, "Inner Unique": true, "Hash Cond": "(partsupp.ps_suppkey = supplier.s_suppkey)", "Plans": [{"Node Type": "Nested Loop", "Parent Relationship": "Outer", "Parallel Aware": false, "Join Type": "Inner", "Startup Cost": 0.68, "Total Cost": 169052.0, "Plan Rows": 160312, "Plan Width": 18, "Inner Unique": false, "Plans": [{"Node Type": "Seq Scan", "Parent Relationship": "Outer", "Parallel Aware": true, "Relation Name": "part", "Alias": "part", "Startup Cost": 0.0, "Total Cost": 49026.52, "Plan Rows": 40080, "Plan Width": 4, "Filter": "((p_name)::text ~~ '%almond%'::text)"}, {"Node Type": "Bitmap Heap Scan", "Parent Relationship": "Inner", "Parallel Aware": false, "Relation Name": "partsupp", "Alias": "partsupp", "Startup Cost": 0.68, "Total Cost": 2.94, "Plan Rows": 5, "Plan Width": 14, "Recheck Cond": "(ps_partkey = part.p_partkey)", "Plans": [{"Node Type": "Bitmap Index Scan", "Parent Relationship": "Outer", "Parallel Aware": false, "Index Name": "partsupp_pkey", "Startup Cost": 0.0, "Total Cost": 0.68, "Plan Rows": 5, "Plan Width": 0, "Index Cond": "(ps_partkey = part.p_partkey)"}]}]}, {"Node Type": "Hash", "Parent Relationship": "Inner", "Parallel Aware": true, "Startup Cost": 2804.24, "Total Cost": 2804.24, "Plan Rows": 58824, "Plan Width": 8, "Plans": [{"Node Type": "Seq Scan", "Parent Relationship": "Outer", "Parallel Aware": true, "Relation Name": "supplier", "Alias": "supplier", "Startup Cost": 0.0, "Total Cost": 2804.24, "Plan Rows": 58824, "Plan Width": 8}]}]}, {"Node Type": "Bitmap Heap Scan", "Parent Relationship": "Inner", "Parallel Aware": false, "Relation Name": "lineitem", "Alias": "lineitem", "Startup Cost": 0.71, "Total Cost": 1.83, "Plan Rows": 1, "Plan Width": 29, "Recheck Cond": "((l_partkey = partsupp.ps_partkey) AND (l_suppkey = partsupp.ps_suppkey))", "Plans": [{"Node Type": "Bitmap Index Scan", "Parent Relationship": "Outer", "Parallel Aware": false, "Index Name": "idx_lineitem_part_supp", "Startup Cost": 0.0, "Total Cost": 0.71, "Plan Rows": 1, "Plan Width": 0, "Index Cond": "((l_partkey = partsupp.ps_partkey) AND (l_suppkey = partsupp.ps_suppkey))"}]}]}]}]}, {"Node Type": "Hash", "Parent Relationship": "Inner", "Parallel Aware": false, "Startup Cost": 1.25, "Total Cost": 1.25, "Plan Rows": 25, "Plan Width": 30, "Plans": [{"Node Type": "Seq Scan", "Parent Relationship": "Outer", "Parallel Aware": false, "Relation Name": "nation", "Alias": "nation", "Startup Cost": 0.0, "Total Cost": 1.25, "Plan Rows": 25, "Plan Width": 30}]}]}]}]}]}]}]}}, {"Plan": {"Node Type": "Limit", "Parallel Aware": false, "Startup Cost": 2144774.79, "Total Cost": 2144775.19, "Plan Rows": 1, "Plan Width": 66, "Plans": [{"Node Type": "Aggregate", "Strategy": "Sorted", "Partial Mode": "Finalize", "Parent Relationship": "Outer", "Parallel Aware": false, "Startup Cost": 2144774.79, "Total Cost": 2168985.16, "Plan Rows": 60150, "Plan Width": 66, "Group Key": ["nation.n_name", "(date_part('year'::text, (orders.o_orderdate)::timestamp without time zone))"], "Plans": [{"Node Type": "Gather Merge", "Parent Relationship": "Outer", "Parallel Aware": false, "Startup Cost": 2144774.79, "Total Cost": 2166128.04, "Plan Rows": 180450, "Plan Width": 66, "Workers Planned": 3, "Plans": [{"Node Type": "Sort", "Parent Relationship": "Outer", "Parallel Aware": false, "Startup Cost": 2143774.75, "Total Cost": 2143925.12, "Plan Rows": 60150, "Plan Width": 66, "Sort Key": ["nation.n_name", "(date_part('year'::text, (orders.o_orderdate)::timestamp without time zone)) DESC"], "Plans": [{"Node Type": "Aggregate", "Strategy": "Hashed", "Partial Mode": "Partial", "Parent Relationship": "Outer", "Parallel Aware": false, "Startup Cost": 2137947.33, "Total Cost": 2138999.96, "Plan Rows": 60150, "Plan Width": 66, "Group Key": ["nation.n_name", "date_part('year'::text, (orders.o_orderdate)::timestamp without time zone)"], "Plans": [{"Node Type": "Hash Join", "Parent Relationship": "Outer", "Parallel Aware": false, "Join Type": "Inner", "Startup Cost": 1729870.67, "Total Cost": 2116910.32, "Plan Rows": 1202115, "Plan Width": 57, "Inner Unique": true, "Hash Cond": "(supplier.s_nationkey = nation.n_nationkey)", "Plans": [{"Node Type": "Hash Join", "Parent Relationship": "Outer", "Parallel Aware": true, "Join Type": "Inner", "Startup Cost": 1729869.11, "Total Cost": 2107207.69, "Plan Rows": 1202115, "Plan Width": 31, "Inner Unique": false, "Hash Cond": "(orders.o_orderkey = lineitem.l_orderkey)", "Plans": [{"Node Type": "Seq Scan", "Parent Relationship": "Outer", "Parallel Aware": true, "Relation Name": "orders", "Alias": "orders", "Startup Cost": 0.0, "Total Cost": 309296.57, "Plan Rows": 4838457, "Plan Width": 8}, {"Node Type": "Hash", "Parent Relationship": "Inner", "Parallel Aware": true, "Startup Cost": 1706624.67, "Total Cost": 1706624.67, "Plan Rows": 1202115, "Plan Width": 31, "Plans": [{"Node Type": "Hash Join", "Parent Relationship": "Outer", "Parallel Aware": true, "Join Type": "Inner", "Startup Cost": 1449329.8, "Total Cost": 1706624.67, "Plan Rows": 1202115, "Plan Width": 31, "Inner Unique": true, "Hash Cond": "(lineitem.l_suppkey = supplier.s_suppkey)", "Plans": [{"Node Type": "Hash Join", "Parent Relationship": "Outer", "Parallel Aware": true, "Join Type": "Inner", "Startup Cost": 1445790.26, "Total Cost": 1699929.45, "Plan Rows": 1202115, "Plan Width": 35, "Inner Unique": false, "Hash Cond": "((partsupp.ps_suppkey = lineitem.l_suppkey) AND (partsupp.ps_partkey = lineitem.l_partkey))", "Plans": [{"Node Type": "Seq Scan", "Parent Relationship": "Outer", "Parallel Aware": true, "Relation Name": "partsupp", "Alias": "partsupp", "Startup Cost": 0.0, "Total Cost": 200191.16, "Plan Rows": 2580516, "Plan Width": 14}, {"Node Type": "Hash", "Parent Relationship": "Inner", "Parallel Aware": true, "Startup Cost": 1418366.54, "Total Cost": 1418366.54, "Plan Rows": 1202115, "Plan Width": 33, "Plans": [{"Node Type": "Hash Join", "Parent Relationship": "Outer", "Parallel Aware": true, "Join Type": "Inner", "Startup Cost": 49527.52, "Total Cost": 1418366.54, "Plan Rows": 1202115, "Plan Width": 33, "Inner Unique": true, "Hash Cond": "(lineitem.l_partkey = part.p_partkey)", "Plans": [{"Node Type": "Seq Scan", "Parent Relationship": "Outer", "Parallel Aware": true, "Relation Name": "lineitem", "Alias": "lineitem", "Startup Cost": 0.0, "Total Cost": 1318044.5, "Plan Rows": 19350250, "Plan Width": 29}, {"Node Type": "Hash", "Parent Relationship": "Inner", "Parallel Aware": true, "Startup Cost": 49026.52, "Total Cost": 49026.52, "Plan Rows": 40080, "Plan Width": 4, "Plans": [{"Node Type": "Seq Scan", "Parent Relationship": "Outer", "Parallel Aware": true, "Relation Name": "part", "Alias": "part", "Startup Cost": 0.0, "Total Cost": 49026.52, "Plan Rows": 40080, "Plan Width": 4, "Filter": "((p_name)::text ~~ '%almond%'::text)"}]}]}]}]}, {"Node Type": "Hash", "Parent Relationship": "Inner", "Parallel Aware": true, "Startup Cost": 2804.24, "Total Cost": 2804.24, "Plan Rows": 58824, "Plan Width": 8, "Plans": [{"Node Type": "Seq Scan", "Parent Relationship": "Outer", "Parallel Aware": true, "Relation Name": "supplier", "Alias": "supplier", "Startup Cost": 0.0, "Total Cost": 2804.24, "Plan Rows": 58824, "Plan Width": 8}]}]}]}]}, {"Node Type": "Hash", "Parent Relationship": "Inner", "Parallel Aware": false, "Startup Cost": 1.25, "Total Cost": 1.25, "Plan Rows": 25, "Plan Width": 30, "Plans": [{"Node Type": "Seq Scan", "Parent Relationship": "Outer", "Parallel Aware": false, "Relation Name": "nation", "Alias": "nation", "Startup Cost": 0.0, "Total Cost": 1.25, "Plan Rows": 25, "Plan Width": 30}]}]}]}]}]}]}]}}, {"Plan": {"Node Type": "Limit", "Parallel Aware": false, "Startup Cost": 5843893.29, "Total Cost": 5843893.69, "Plan Rows": 1, "Plan Width": 66, "Plans": [{"Node Type": "Aggregate", "Strategy": "Sorted", "Partial Mode": "Finalize", "Parent Relationship": "Outer", "Parallel Aware": false, "Startup Cost": 5843893.29, "Total Cost": 5868103.66, "Plan Rows": 60150, "Plan Width": 66, "Group Key": ["nation.n_name", "(date_part('year'::text, (orders.o_orderdate)::timestamp without time zone))"], "Plans": [{"Node Type": "Gather Merge", "Parent Relationship": "Outer", "Parallel Aware": false, "Startup Cost": 5843893.29, "Total Cost": 5865246.54, "Plan Rows": 180450, "Plan Width": 66, "Workers Planned": 3, "Plans": [{"Node Type": "Sort", "Parent Relationship": "Outer", "Parallel Aware": false, "Startup Cost": 5842893.25, "Total Cost": 5843043.62, "Plan Rows": 60150, "Plan Width": 66, "Sort Key": ["nation.n_name", "(date_part('year'::text, (orders.o_orderdate)::timestamp without time zone)) DESC"], "Plans": [{"Node Type": "Aggregate", "Strategy": "Hashed", "Partial Mode": "Partial", "Parent Relationship": "Outer", "Parallel Aware": false, "Startup Cost": 5837065.83, "Total Cost": 5838118.46, "Plan Rows": 60150, "Plan Width": 66, "Group Key": ["nation.n_name", "date_part('year'::text, (orders.o_orderdate)::timestamp without time zone)"], "Plans": [{"Node Type": "Merge Join", "Parent Relationship": "Outer", "Parallel Aware": false, "Join Type": "Inner", "Startup Cost": 5223344.77, "Total Cost": 5816028.82, "Plan Rows": 1202115, "Plan Width": 57, "Inner Unique": true, "Merge Cond": "(lineitem.l_orderkey = orders.o_orderkey)", "Plans": [{"Node Type": "Sort", "Parent Relationship": "Outer", "Parallel Aware": false, "Startup Cost": 5223344.19, "Total Cost": 5226349.48, "Plan Rows": 1202115, "Plan Width": 53, "Sort Key": ["lineitem.l_orderkey"], "Plans": [{"Node Type": "Merge Join", "Parent Relationship": "Outer", "Parallel Aware": false, "Join Type": "Inner", "Startup Cost": 4906758.61, "Total Cost": 5077880.75, "Plan Rows": 1202115, "Plan Width": 53, "Inner Unique": false, "Merge Cond": "(lineitem.l_suppkey = supplier.s_suppkey)", "Plans": [{"Node Type": "Merge Join", "Parent Relationship": "Outer", "Parallel Aware": false, "Join Type": "Inner", "Startup Cost": 4891006.43, "Total Cost": 5041097.67, "Plan Rows": 1202115, "Plan Width": 35, "Inner Unique": false, "Merge Cond": "((lineitem.l_suppkey = partsupp.ps_suppkey) AND (lineitem.l_partkey = partsupp.ps_partkey))", "Plans": [{"Node Type": "Sort", "Parent Relationship": "Outer", "Parallel Aware": false, "Startup Cost": 4412208.38, "Total Cost": 4460584.01, "Plan Rows": 19350250, "Plan Width": 29, "Sort Key": ["lineitem.l_suppkey", "lineitem.l_partkey"], "Plans": [{"Node Type": "Index Scan", "Parent Relationship": "Outer", "Parallel Aware": true, "Scan Direction": "Forward", "Index Name": "idx_lineitem_orderkey", "Relation Name": "lineitem", "Alias": "lineitem", "Startup Cost": 0.56, "Total Cost": 1799092.35, "Plan Rows": 19350250, "Plan Width": 29}]}, {"Node Type": "Materialize", "Parent Relationship": "Inner", "Parallel Aware": false, "Startup Cost": 478795.14, "Total Cost": 481279.98, "Plan Rows": 496967, "Plan Width": 18, "Plans": [{"Node Type": "Sort", "Parent Relationship": "Outer", "Parallel Aware": false, "Startup Cost": 478795.14, "Total Cost": 480037.56, "Plan Rows": 496967, "Plan Width": 18, "Sort Key": ["partsupp.ps_suppkey", "part.p_partkey"], "Plans": [{"Node Type": "Merge Join", "Parent Relationship": "Outer", "Parallel Aware": false, "Join Type": "Inner", "Startup Cost": 3.82, "Total Cost": 425805.53, "Plan Rows": 496967, "Plan Width": 18, "Inner Unique": false, "Merge Cond": "(part.p_partkey = partsupp.ps_partkey)", "Plans": [{"Node Type": "Index Scan", "Parent Relationship": "Outer", "Parallel Aware": false, "Scan Direction": "Forward", "Index Name": "part_pkey", "Relation Name": "part", "Alias": "part", "Startup Cost": 0.43, "Total Cost": 81998.23, "Plan Rows": 124248, "Plan Width": 4, "Filter": "((p_name)::text ~~ '%almond%'::text)"}, {"Node Type": "Index Scan", "Parent Relationship": "Inner", "Parallel Aware": false, "Scan Direction": "Forward", "Index Name": "idx_partsupp_partkey", "Relation Name": "partsupp", "Alias": "partsupp", "Startup Cost": 0.43, "Total Cost": 318528.9, "Plan Rows": 7999600, "Plan Width": 14}]}]}]}]}, {"Node Type": "Sort", "Parent Relationship": "Inner", "Parallel Aware": false, "Startup Cost": 15749.12, "Total Cost": 15999.12, "Plan Rows": 100000, "Plan Width": 30, "Sort Key": ["supplier.s_suppkey"], "Plans": [{"Node Type": "Merge Join", "Parent Relationship": "Outer", "Parallel Aware": false, "Join Type": "Inner", "Startup Cost": 0.55, "Total Cost": 7444.3, "Plan Rows": 100000, "Plan Width": 30, "Inner Unique": true, "Merge Cond": "(supplier.s_nationkey = nation.n_nationkey)", "Plans": [{"Node Type": "Index Scan", "Parent Relationship": "Outer", "Parallel Aware": false, "Scan Direction": "Forward", "Index Name": "idx_supplier_nation_key", "Relation Name": "supplier", "Alias": "supplier", "Startup Cost": 0.42, "Total Cost": 6190.43, "Plan Rows": 100000, "Plan Width": 8}, {"Node Type": "Index Scan", "Parent Relationship": "Inner", "Parallel Aware": false, "Scan Direction": "Forward", "Index Name": "nation_pkey", "Relation Name": "nation", "Alias": "nation", "Startup Cost": 0.14, "Total Cost": 3.81, "Plan Rows": 25, "Plan Width": 30}]}]}]}]}, {"Node Type": "Index Scan", "Parent Relationship": "Inner", "Parallel Aware": false, "Scan Direction": "Forward", "Index Name": "orders_pkey", "Relation Name": "orders", "Alias": "orders", "Startup Cost": 0.43, "Total Cost": 531144.89, "Plan Rows": 14999217, "Plan Width": 8}]}]}]}]}]}]}}, {"Plan": {"Node Type": "Limit", "Parallel Aware": false, "Startup Cost": 1014881.1, "Total Cost": 1014881.5, "Plan Rows": 1, "Plan Width": 66, "Plans": [{"Node Type": "Aggregate", "Strategy": "Sorted", "Partial Mode": "Finalize", "Parent Relationship": "Outer", "Parallel Aware": false, "Startup Cost": 1014881.1, "Total Cost": 1039091.47, "Plan Rows": 60150, "Plan Width": 66, "Group Key": ["nation.n_name", "(date_part('year'::text, (orders.o_orderdate)::timestamp without time zone))"], "Plans": [{"Node Type": "Gather Merge", "Parent Relationship": "Outer", "Parallel Aware": false, "Startup Cost": 1014881.1, "Total Cost": 1036234.35, "Plan Rows": 180450, "Plan Width": 66, "Workers Planned": 3, "Plans": [{"Node Type": "Sort", "Parent Relationship": "Outer", "Parallel Aware": false, "Startup Cost": 1013881.06, "Total Cost": 1014031.43, "Plan Rows": 60150, "Plan Width": 66, "Sort Key": ["nation.n_name", "(date_part('year'::text, (orders.o_orderdate)::timestamp without time zone)) DESC"], "Plans": [{"Node Type": "Aggregate", "Strategy": "Hashed", "Partial Mode": "Partial", "Parent Relationship": "Outer", "Parallel Aware": false, "Startup Cost": 1008053.64, "Total Cost": 1009106.27, "Plan Rows": 60150, "Plan Width": 66, "Group Key": ["nation.n_name", "date_part('year'::text, (orders.o_orderdate)::timestamp without time zone)"], "Plans": [{"Node Type": "Nested Loop", "Parent Relationship": "Outer", "Parallel Aware": false, "Join Type": "Inner", "Startup Cost": 158427.57, "Total Cost": 987016.63, "Plan Rows": 1202115, "Plan Width": 57, "Inner Unique": true, "Plans": [{"Node Type": "Nested Loop", "Parent Relationship": "Outer", "Parallel Aware": false, "Join Type": "Inner", "Startup Cost": 158427.13, "Total Cost": 316556.57, "Plan Rows": 1202115, "Plan Width": 53, "Inner Unique": false, "Join Filter": "(supplier.s_suppkey = lineitem.l_suppkey)", "Plans": [{"Node Type": "Merge Join", "Parent Relationship": "Outer", "Parallel Aware": false, "Join Type": "Inner", "Startup Cost": 158426.57, "Total Cost": 161631.91, "Plan Rows": 160312, "Plan Width": 48, "Inner Unique": false, "Merge Cond": "(partsupp.ps_suppkey = supplier.s_suppkey)", "Plans": [{"Node Type": "Sort", "Parent Relationship": "Outer", "Parallel Aware": false, "Startup Cost": 142759.77, "Total Cost": 143160.55, "Plan Rows": 160312, "Plan Width": 18, "Sort Key": ["partsupp.ps_suppkey"], "Plans": [{"Node Type": "Nested Loop", "Parent Relationship": "Outer", "Parallel Aware": false, "Join Type": "Inner", "Startup Cost": 0.86, "Total Cost": 128900.38, "Plan Rows": 160312, "Plan Width": 18, "Inner Unique": false, "Plans": [{"Node Type": "Index Scan", "Parent Relationship": "Outer", "Parallel Aware": true, "Scan Direction": "Forward", "Index Name": "part_pkey", "Relation Name": "part", "Alias": "part", "Startup Cost": 0.43, "Total Cost": 65062.74, "Plan Rows": 40080, "Plan Width": 4, "Filter": "((p_name)::text ~~ '%almond%'::text)"}, {"Node Type": "Index Scan", "Parent Relationship": "Inner", "Parallel Aware": false, "Scan Direction": "Forward", "Index Name": "idx_partsupp_partkey", "Relation Name": "partsupp", "Alias": "partsupp", "Startup Cost": 0.43, "Total Cost": 1.54, "Plan Rows": 5, "Plan Width": 14, "Index Cond": "(ps_partkey = part.p_partkey)"}]}]}, {"Node Type": "Sort", "Parent Relationship": "Inner", "Parallel Aware": false, "Startup Cost": 15666.79, "Total Cost": 15916.79, "Plan Rows": 100000, "Plan Width": 30, "Sort Key": ["supplier.s_suppkey"], "Plans": [{"Node Type": "Nested Loop", "Parent Relationship": "Outer", "Parallel Aware": false, "Join Type": "Inner", "Startup Cost": 0.55, "Total Cost": 7361.97, "Plan Rows": 100000, "Plan Width": 30, "Inner Unique": false, "Plans": [{"Node Type": "Index Scan", "Parent Relationship": "Outer", "Parallel Aware": false, "Scan Direction": "Forward", "Index Name": "nation_pkey", "Relation Name": "nation", "Alias": "nation", "Startup Cost": 0.14, "Total Cost": 3.81, "Plan Rows": 25, "Plan Width": 30}, {"Node Type": "Index Scan", "Parent Relationship": "Inner", "Parallel Aware": false, "Scan Direction": "Forward", "Index Name": "idx_supplier_nation_key", "Relation Name": "supplier", "Alias": "supplier", "Startup Cost": 0.42, "Total Cost": 254.33, "Plan Rows": 4000, "Plan Width": 8, "Index Cond": "(s_nationkey = nation.n_nationkey)"}]}]}]}, {"Node Type": "Index Scan", "Parent Relationship": "Inner", "Parallel Aware": false, "Scan Direction": "Forward", "Index Name": "idx_lineitem_part_supp", "Relation Name": "lineitem", "Alias": "lineitem", "Startup Cost": 0.56, "Total Cost": 0.95, "Plan Rows": 1, "Plan Width": 29, "Index Cond": "((l_partkey = partsupp.ps_partkey) AND (l_suppkey = partsupp.ps_suppkey))"}]}, {"Node Type": "Index Scan", "Parent Relationship": "Inner", "Parallel Aware": false, "Scan Direction": "Forward", "Index Name": "orders_pkey", "Relation Name": "orders", "Alias": "orders", "Startup Cost": 0.43, "Total Cost": 0.55, "Plan Rows": 1, "Plan Width": 8, "Index Cond": "(o_orderkey = lineitem.l_orderkey)"}]}]}]}]}]}]}}, {"Plan": {"Node Type": "Limit", "Parallel Aware": false, "Startup Cost": 998842.31, "Total Cost": 998842.71, "Plan Rows": 1, "Plan Width": 66, "Plans": [{"Node Type": "Aggregate", "Strategy": "Sorted", "Partial Mode": "Finalize", "Parent Relationship": "Outer", "Parallel Aware": false, "Startup Cost": 998842.31, "Total Cost": 1023052.68, "Plan Rows": 60150, "Plan Width": 66, "Group Key": ["nation.n_name", "(date_part('year'::text, (orders.o_orderdate)::timestamp without time zone))"], "Plans": [{"Node Type": "Gather Merge", "Parent Relationship": "Outer", "Parallel Aware": false, "Startup Cost": 998842.31, "Total Cost": 1020195.56, "Plan Rows": 180450, "Plan Width": 66, "Workers Planned": 3, "Plans": [{"Node Type": "Sort", "Parent Relationship": "Outer", "Parallel Aware": false, "Startup Cost": 997842.27, "Total Cost": 997992.64, "Plan Rows": 60150, "Plan Width": 66, "Sort Key": ["nation.n_name", "(date_part('year'::text, (orders.o_orderdate)::timestamp without time zone)) DESC"], "Plans": [{"Node Type": "Aggregate", "Strategy": "Hashed", "Partial Mode": "Partial", "Parent Relationship": "Outer", "Parallel Aware": false, "Startup Cost": 992014.85, "Total Cost": 993067.48, "Plan Rows": 60150, "Plan Width": 66, "Group Key": ["nation.n_name", "date_part('year'::text, (orders.o_orderdate)::timestamp without time zone)"], "Plans": [{"Node Type": "Nested Loop", "Parent Relationship": "Outer", "Parallel Aware": false, "Join Type": "Inner", "Startup Cost": 142388.78, "Total Cost": 970977.84, "Plan Rows": 1202115, "Plan Width": 57, "Inner Unique": true, "Plans": [{"Node Type": "Nested Loop", "Parent Relationship": "Outer", "Parallel Aware": false, "Join Type": "Inner", "Startup Cost": 142388.34, "Total Cost": 300517.78, "Plan Rows": 1202115, "Plan Width": 53, "Inner Unique": false, "Join Filter": "(supplier.s_suppkey = lineitem.l_suppkey)", "Plans": [{"Node Type": "Merge Join", "Parent Relationship": "Outer", "Parallel Aware": false, "Join Type": "Inner", "Startup Cost": 142387.78, "Total Cost": 145593.12, "Plan Rows": 160312, "Plan Width": 48, "Inner Unique": false, "Merge Cond": "(partsupp.ps_suppkey = supplier.s_suppkey)", "Plans": [{"Node Type": "Sort", "Parent Relationship": "Outer", "Parallel Aware": false, "Startup Cost": 126723.55, "Total Cost": 127124.33, "Plan Rows": 160312, "Plan Width": 18, "Sort Key": ["partsupp.ps_suppkey"], "Plans": [{"Node Type": "Nested Loop", "Parent Relationship": "Outer", "Parallel Aware": false, "Join Type": "Inner", "Startup Cost": 0.43, "Total Cost": 112864.16, "Plan Rows": 160312, "Plan Width": 18, "Inner Unique": false, "Plans": [{"Node Type": "Seq Scan", "Parent Relationship": "Outer", "Parallel Aware": true, "Relation Name": "part", "Alias": "part", "Startup Cost": 0.0, "Total Cost": 49026.52, "Plan Rows": 40080, "Plan Width": 4, "Filter": "((p_name)::text ~~ '%almond%'::text)"}, {"Node Type": "Index Scan", "Parent Relationship": "Inner", "Parallel Aware": false, "Scan Direction": "Forward", "Index Name": "idx_partsupp_partkey", "Relation Name": "partsupp", "Alias": "partsupp", "Startup Cost": 0.43, "Total Cost": 1.54, "Plan Rows": 5, "Plan Width": 14, "Index Cond": "(ps_partkey = part.p_partkey)"}]}]}, {"Node Type": "Sort", "Parent Relationship": "Inner", "Parallel Aware": false, "Startup Cost": 15664.22, "Total Cost": 15914.22, "Plan Rows": 100000, "Plan Width": 30, "Sort Key": ["supplier.s_suppkey"], "Plans": [{"Node Type": "Nested Loop", "Parent Relationship": "Outer", "Parallel Aware": false, "Join Type": "Inner", "Startup Cost": 0.42, "Total Cost": 7359.4, "Plan Rows": 100000, "Plan Width": 30, "Inner Unique": false, "Plans": [{"Node Type": "Seq Scan", "Parent Relationship": "Outer", "Parallel Aware": false, "Relation Name": "nation", "Alias": "nation", "Startup Cost": 0.0, "Total Cost": 1.25, "Plan Rows": 25, "Plan Width": 30}, {"Node Type": "Index Scan", "Parent Relationship": "Inner", "Parallel Aware": false, "Scan Direction": "Forward", "Index Name": "idx_supplier_nation_key", "Relation Name": "supplier", "Alias": "supplier", "Startup Cost": 0.42, "Total Cost": 254.33, "Plan Rows": 4000, "Plan Width": 8, "Index Cond": "(s_nationkey = nation.n_nationkey)"}]}]}]}, {"Node Type": "Index Scan", "Parent Relationship": "Inner", "Parallel Aware": false, "Scan Direction": "Forward", "Index Name": "idx_lineitem_part_supp", "Relation Name": "lineitem", "Alias": "lineitem", "Startup Cost": 0.56, "Total Cost": 0.95, "Plan Rows": 1, "Plan Width": 29, "Index Cond": "((l_partkey = partsupp.ps_partkey) AND (l_suppkey = partsupp.ps_suppkey))"}]}, {"Node Type": "Index Scan", "Parent Relationship": "Inner", "Parallel Aware": false, "Scan Direction": "Forward", "Index Name": "orders_pkey", "Relation Name": "orders", "Alias": "orders", "Startup Cost": 0.43, "Total Cost": 0.55, "Plan Rows": 1, "Plan Width": 8, "Index Cond": "(o_orderkey = lineitem.l_orderkey)"}]}]}]}]}]}]}}, {"Plan": {"Node Type": "Limit", "Parallel Aware": false, "Startup Cost": 5922276.24, "Total Cost": 5922276.64, "Plan Rows": 1, "Plan Width": 66, "Plans": [{"Node Type": "Aggregate", "Strategy": "Sorted", "Partial Mode": "Finalize", "Parent Relationship": "Outer", "Parallel Aware": false, "Startup Cost": 5922276.24, "Total Cost": 5946486.62, "Plan Rows": 60150, "Plan Width": 66, "Group Key": ["nation.n_name", "(date_part('year'::text, (orders.o_orderdate)::timestamp without time zone))"], "Plans": [{"Node Type": "Gather Merge", "Parent Relationship": "Outer", "Parallel Aware": false, "Startup Cost": 5922276.24, "Total Cost": 5943629.49, "Plan Rows": 180450, "Plan Width": 66, "Workers Planned": 3, "Plans": [{"Node Type": "Sort", "Parent Relationship": "Outer", "Parallel Aware": false, "Startup Cost": 5921276.2, "Total Cost": 5921426.58, "Plan Rows": 60150, "Plan Width": 66, "Sort Key": ["nation.n_name", "(date_part('year'::text, (orders.o_orderdate)::timestamp without time zone)) DESC"], "Plans": [{"Node Type": "Aggregate", "Strategy": "Hashed", "Partial Mode": "Partial", "Parent Relationship": "Outer", "Parallel Aware": false, "Startup Cost": 5915448.79, "Total Cost": 5916501.41, "Plan Rows": 60150, "Plan Width": 66, "Group Key": ["nation.n_name", "date_part('year'::text, (orders.o_orderdate)::timestamp without time zone)"], "Plans": [{"Node Type": "Merge Join", "Parent Relationship": "Outer", "Parallel Aware": false, "Join Type": "Inner", "Startup Cost": 5717279.06, "Total Cost": 5894411.77, "Plan Rows": 1202115, "Plan Width": 57, "Inner Unique": false, "Merge Cond": "(lineitem.l_suppkey = supplier.s_suppkey)", "Plans": [{"Node Type": "Merge Join", "Parent Relationship": "Outer", "Parallel Aware": false, "Join Type": "Inner", "Startup Cost": 5701526.88, "Total Cost": 5851618.12, "Plan Rows": 1202115, "Plan Width": 35, "Inner Unique": false, "Merge Cond": "((lineitem.l_suppkey = partsupp.ps_suppkey) AND (lineitem.l_partkey = partsupp.ps_partkey))", "Plans": [{"Node Type": "Sort", "Parent Relationship": "Outer", "Parallel Aware": false, "Startup Cost": 5222728.83, "Total Cost": 5271104.46, "Plan Rows": 19350250, "Plan Width": 29, "Sort Key": ["lineitem.l_suppkey", "lineitem.l_partkey"], "Plans": [{"Node Type": "Merge Join", "Parent Relationship": "Outer", "Parallel Aware": false, "Join Type": "Inner", "Startup Cost": 46.35, "Total Cost": 2609612.8, "Plan Rows": 19350250, "Plan Width": 29, "Inner Unique": true, "Merge Cond": "(lineitem.l_orderkey = orders.o_orderkey)", "Plans": [{"Node Type": "Index Scan", "Parent Relationship": "Outer", "Parallel Aware": true, "Scan Direction": "Forward", "Index Name": "idx_lineitem_orderkey", "Relation Name": "lineitem", "Alias": "lineitem", "Startup Cost": 0.56, "Total Cost": 1799092.35, "Plan Rows": 19350250, "Plan Width": 29}, {"Node Type": "Index Scan", "Parent Relationship": "Inner", "Parallel Aware": false, "Scan Direction": "Forward", "Index Name": "orders_pkey", "Relation Name": "orders", "Alias": "orders", "Startup Cost": 0.43, "Total Cost": 531144.89, "Plan Rows": 14999217, "Plan Width": 8}]}]}, {"Node Type": "Materialize", "Parent Relationship": "Inner", "Parallel Aware": false, "Startup Cost": 478795.14, "Total Cost": 481279.98, "Plan Rows": 496967, "Plan Width": 18, "Plans": [{"Node Type": "Sort", "Parent Relationship": "Outer", "Parallel Aware": false, "Startup Cost": 478795.14, "Total Cost": 480037.56, "Plan Rows": 496967, "Plan Width": 18, "Sort Key": ["partsupp.ps_suppkey", "part.p_partkey"], "Plans": [{"Node Type": "Merge Join", "Parent Relationship": "Outer", "Parallel Aware": false, "Join Type": "Inner", "Startup Cost": 3.82, "Total Cost": 425805.53, "Plan Rows": 496967, "Plan Width": 18, "Inner Unique": false, "Merge Cond": "(part.p_partkey = partsupp.ps_partkey)", "Plans": [{"Node Type": "Index Scan", "Parent Relationship": "Outer", "Parallel Aware": false, "Scan Direction": "Forward", "Index Name": "part_pkey", "Relation Name": "part", "Alias": "part", "Startup Cost": 0.43, "Total Cost": 81998.23, "Plan Rows": 124248, "Plan Width": 4, "Filter": "((p_name)::text ~~ '%almond%'::text)"}, {"Node Type": "Index Scan", "Parent Relationship": "Inner", "Parallel Aware": false, "Scan Direction": "Forward", "Index Name": "idx_partsupp_partkey", "Relation Name": "partsupp", "Alias": "partsupp", "Startup Cost": 0.43, "Total Cost": 318528.9, "Plan Rows": 7999600, "Plan Width": 14}]}]}]}]}, {"Node Type": "Sort", "Parent Relationship": "Inner", "Parallel Aware": false, "Startup Cost": 15749.12, "Total Cost": 15999.12, "Plan Rows": 100000, "Plan Width": 30, "Sort Key": ["supplier.s_suppkey"], "Plans": [{"Node Type": "Merge Join", "Parent Relationship": "Outer", "Parallel Aware": false, "Join Type": "Inner", "Startup Cost": 0.55, "Total Cost": 7444.3, "Plan Rows": 100000, "Plan Width": 30, "Inner Unique": true, "Merge Cond": "(supplier.s_nationkey = nation.n_nationkey)", "Plans": [{"Node Type": "Index Scan", "Parent Relationship": "Outer", "Parallel Aware": false, "Scan Direction": "Forward", "Index Name": "idx_supplier_nation_key", "Relation Name": "supplier", "Alias": "supplier", "Startup Cost": 0.42, "Total Cost": 6190.43, "Plan Rows": 100000, "Plan Width": 8}, {"Node Type": "Index Scan", "Parent Relationship": "Inner", "Parallel Aware": false, "Scan Direction": "Forward", "Index Name": "nation_pkey", "Relation Name": "nation", "Alias": "nation", "Startup Cost": 0.14, "Total Cost": 3.81, "Plan Rows": 25, "Plan Width": 30}]}]}]}]}]}]}]}]}}, {"Plan": {"Node Type": "Limit", "Parallel Aware": false, "Startup Cost": 1063189.77, "Total Cost": 1063190.18, "Plan Rows": 1, "Plan Width": 66, "Plans": [{"Node Type": "Aggregate", "Strategy": "Sorted", "Partial Mode": "Finalize", "Parent Relationship": "Outer", "Parallel Aware": false, "Startup Cost": 1063189.77, "Total Cost": 1087400.15, "Plan Rows": 60150, "Plan Width": 66, "Group Key": ["nation.n_name", "(date_part('year'::text, (orders.o_orderdate)::timestamp without time zone))"], "Plans": [{"Node Type": "Gather Merge", "Parent Relationship": "Outer", "Parallel Aware": false, "Startup Cost": 1063189.77, "Total Cost": 1084543.02, "Plan Rows": 180450, "Plan Width": 66, "Workers Planned": 3, "Plans": [{"Node Type": "Sort", "Parent Relationship": "Outer", "Parallel Aware": false, "Startup Cost": 1062189.73, "Total Cost": 1062340.11, "Plan Rows": 60150, "Plan Width": 66, "Sort Key": ["nation.n_name", "(date_part('year'::text, (orders.o_orderdate)::timestamp without time zone)) DESC"], "Plans": [{"Node Type": "Aggregate", "Strategy": "Hashed", "Partial Mode": "Partial", "Parent Relationship": "Outer", "Parallel Aware": false, "Startup Cost": 1056362.32, "Total Cost": 1057414.94, "Plan Rows": 60150, "Plan Width": 66, "Group Key": ["nation.n_name", "date_part('year'::text, (orders.o_orderdate)::timestamp without time zone)"], "Plans": [{"Node Type": "Nested Loop", "Parent Relationship": "Outer", "Parallel Aware": false, "Join Type": "Inner", "Startup Cost": 2.29, "Total Cost": 1035325.31, "Plan Rows": 1202115, "Plan Width": 57, "Inner Unique": true, "Plans": [{"Node Type": "Nested Loop", "Parent Relationship": "Outer", "Parallel Aware": false, "Join Type": "Inner", "Startup Cost": 1.85, "Total Cost": 364865.25, "Plan Rows": 1202115, "Plan Width": 53, "Inner Unique": false, "Join Filter": "(supplier.s_suppkey = lineitem.l_suppkey)", "Plans": [{"Node Type": "Nested Loop", "Parent Relationship": "Outer", "Parallel Aware": false, "Join Type": "Inner", "Startup Cost": 1.29, "Total Cost": 209940.59, "Plan Rows": 160312, "Plan Width": 48, "Inner Unique": true, "Plans": [{"Node Type": "Nested Loop", "Parent Relationship": "Outer", "Parallel Aware": false, "Join Type": "Inner", "Startup Cost": 1.15, "Total Cost": 185185.78, "Plan Rows": 160312, "Plan Width": 26, "Inner Unique": true, "Plans": [{"Node Type": "Nested Loop", "Parent Relationship": "Outer", "Parallel Aware": false, "Join Type": "Inner", "Startup Cost": 0.86, "Total Cost": 128900.38, "Plan Rows": 160312, "Plan Width": 18, "Inner Unique": false, "Plans": [{"Node Type": "Index Scan", "Parent Relationship": "Outer", "Parallel Aware": true, "Scan Direction": "Forward", "Index Name": "part_pkey", "Relation Name": "part", "Alias": "part", "Startup Cost": 0.43, "Total Cost": 65062.74, "Plan Rows": 40080, "Plan Width": 4, "Filter": "((p_name)::text ~~ '%almond%'::text)"}, {"Node Type": "Index Scan", "Parent Relationship": "Inner", "Parallel Aware": false, "Scan Direction": "Forward", "Index Name": "idx_partsupp_partkey", "Relation Name": "partsupp", "Alias": "partsupp", "Startup Cost": 0.43, "Total Cost": 1.54, "Plan Rows": 5, "Plan Width": 14, "Index Cond": "(ps_partkey = part.p_partkey)"}]}, {"Node Type": "Index Scan", "Parent Relationship": "Inner", "Parallel Aware": false, "Scan Direction": "Forward", "Index Name": "supplier_pkey", "Relation Name": "supplier", "Alias": "supplier", "Startup Cost": 0.29, "Total Cost": 0.35, "Plan Rows": 1, "Plan Width": 8, "Index Cond": "(s_suppkey = partsupp.ps_suppkey)"}]}, {"Node Type": "Index Scan", "Parent Relationship": "Inner", "Parallel Aware": false, "Scan Direction": "Forward", "Index Name": "nation_pkey", "Relation Name": "nation", "Alias": "nation", "Startup Cost": 0.14, "Total Cost": 0.16, "Plan Rows": 1, "Plan Width": 30, "Index Cond": "(n_nationkey = supplier.s_nationkey)"}]}, {"Node Type": "Index Scan", "Parent Relationship": "Inner", "Parallel Aware": false, "Scan Direction": "Forward", "Index Name": "idx_lineitem_part_supp", "Relation Name": "lineitem", "Alias": "lineitem", "Startup Cost": 0.56, "Total Cost": 0.95, "Plan Rows": 1, "Plan Width": 29, "Index Cond": "((l_partkey = partsupp.ps_partkey) AND (l_suppkey = partsupp.ps_suppkey))"}]}, {"Node Type": "Index Scan", "Parent Relationship": "Inner", "Parallel Aware": false, "Scan Direction": "Forward", "Index Name": "orders_pkey", "Relation Name": "orders", "Alias": "orders", "Startup Cost": 0.43, "Total Cost": 0.55, "Plan Rows": 1, "Plan Width": 8, "Index Cond": "(o_orderkey = lineitem.l_orderkey)"}]}]}]}]}]}]}}, {"Plan": {"Node Type": "Limit", "Parallel Aware": false, "Startup Cost": 1047153.55, "Total Cost": 1047153.95, "Plan Rows": 1, "Plan Width": 66, "Plans": [{"Node Type": "Aggregate", "Strategy": "Sorted", "Partial Mode": "Finalize", "Parent Relationship": "Outer", "Parallel Aware": false, "Startup Cost": 1047153.55, "Total Cost": 1071363.92, "Plan Rows": 60150, "Plan Width": 66, "Group Key": ["nation.n_name", "(date_part('year'::text, (orders.o_orderdate)::timestamp without time zone))"], "Plans": [{"Node Type": "Gather Merge", "Parent Relationship": "Outer", "Parallel Aware": false, "Startup Cost": 1047153.55, "Total Cost": 1068506.8, "Plan Rows": 180450, "Plan Width": 66, "Workers Planned": 3, "Plans": [{"Node Type": "Sort", "Parent Relationship": "Outer", "Parallel Aware": false, "Startup Cost": 1046153.51, "Total Cost": 1046303.88, "Plan Rows": 60150, "Plan Width": 66, "Sort Key": ["nation.n_name", "(date_part('year'::text, (orders.o_orderdate)::timestamp without time zone)) DESC"], "Plans": [{"Node Type": "Aggregate", "Strategy": "Hashed", "Partial Mode": "Partial", "Parent Relationship": "Outer", "Parallel Aware": false, "Startup Cost": 1040326.09, "Total Cost": 1041378.72, "Plan Rows": 60150, "Plan Width": 66, "Group Key": ["nation.n_name", "date_part('year'::text, (orders.o_orderdate)::timestamp without time zone)"], "Plans": [{"Node Type": "Nested Loop", "Parent Relationship": "Outer", "Parallel Aware": false, "Join Type": "Inner", "Startup Cost": 1.86, "Total Cost": 1019289.08, "Plan Rows": 1202115, "Plan Width": 57, "Inner Unique": true, "Plans": [{"Node Type": "Nested Loop", "Parent Relationship": "Outer", "Parallel Aware": false, "Join Type": "Inner", "Startup Cost": 1.43, "Total Cost": 348829.02, "Plan Rows": 1202115, "Plan Width": 53, "Inner Unique": false, "Join Filter": "(supplier.s_suppkey = lineitem.l_suppkey)", "Plans": [{"Node Type": "Nested Loop", "Parent Relationship": "Outer", "Parallel Aware": false, "Join Type": "Inner", "Startup Cost": 0.86, "Total Cost": 193904.37, "Plan Rows": 160312, "Plan Width": 48, "Inner Unique": true, "Plans": [{"Node Type": "Nested Loop", "Parent Relationship": "Outer", "Parallel Aware": false, "Join Type": "Inner", "Startup Cost": 0.72, "Total Cost": 169149.56, "Plan Rows": 160312, "Plan Width": 26, "Inner Unique": true, "Plans": [{"Node Type": "Nested Loop", "Parent Relationship": "Outer", "Parallel Aware": false, "Join Type": "Inner", "Startup Cost": 0.43, "Total Cost": 112864.16, "Plan Rows": 160312, "Plan Width": 18, "Inner Unique": false, "Plans": [{"Node Type": "Seq Scan", "Parent Relationship": "Outer", "Parallel Aware": true, "Relation Name": "part", "Alias": "part", "Startup Cost": 0.0, "Total Cost": 49026.52, "Plan Rows": 40080, "Plan Width": 4, "Filter": "((p_name)::text ~~ '%almond%'::text)"}, {"Node Type": "Index Scan", "Parent Relationship": "Inner", "Parallel Aware": false, "Scan Direction": "Forward", "Index Name": "idx_partsupp_partkey", "Relation Name": "partsupp", "Alias": "partsupp", "Startup Cost": 0.43, "Total Cost": 1.54, "Plan Rows": 5, "Plan Width": 14, "Index Cond": "(ps_partkey = part.p_partkey)"}]}, {"Node Type": "Index Scan", "Parent Relationship": "Inner", "Parallel Aware": false, "Scan Direction": "Forward", "Index Name": "supplier_pkey", "Relation Name": "supplier", "Alias": "supplier", "Startup Cost": 0.29, "Total Cost": 0.35, "Plan Rows": 1, "Plan Width": 8, "Index Cond": "(s_suppkey = partsupp.ps_suppkey)"}]}, {"Node Type": "Index Scan", "Parent Relationship": "Inner", "Parallel Aware": false, "Scan Direction": "Forward", "Index Name": "nation_pkey", "Relation Name": "nation", "Alias": "nation", "Startup Cost": 0.14, "Total Cost": 0.16, "Plan Rows": 1, "Plan Width": 30, "Index Cond": "(n_nationkey = supplier.s_nationkey)"}]}, {"Node Type": "Index Scan", "Parent Relationship": "Inner", "Parallel Aware": false, "Scan Direction": "Forward", "Index Name": "idx_lineitem_part_supp", "Relation Name": "lineitem", "Alias": "lineitem", "Startup Cost": 0.56, "Total Cost": 0.95, "Plan Rows": 1, "Plan Width": 29, "Index Cond": "((l_partkey = partsupp.ps_partkey) AND (l_suppkey = partsupp.ps_suppkey))"}]}, {"Node Type": "Index Scan", "Parent Relationship": "Inner", "Parallel Aware": false, "Scan Direction": "Forward", "Index Name": "orders_pkey", "Relation Name": "orders", "Alias": "orders", "Startup Cost": 0.43, "Total Cost": 0.55, "Plan Rows": 1, "Plan Width": 8, "Index Cond": "(o_orderkey = lineitem.l_orderkey)"}]}]}]}]}]}]}}, {"Plan": {"Node Type": "Limit", "Parallel Aware": false, "Startup Cost": 60020912110.7, "Total Cost": 60020912111.96, "Plan Rows": 1, "Plan Width": 66, "Plans": [{"Node Type": "Aggregate", "Strategy": "Sorted", "Partial Mode": "Simple", "Parent Relationship": "Outer", "Parallel Aware": false, "Startup Cost": 60020912110.7, "Total Cost": 60020987694.45, "Plan Rows": 60150, "Plan Width": 66, "Group Key": ["nation.n_name", "(date_part('year'::text, (orders.o_orderdate)::timestamp without time zone))"], "Plans": [{"Node Type": "Sort", "Parent Relationship": "Outer", "Parallel Aware": false, "Startup Cost": 60020912110.7, "Total Cost": 60020921427.09, "Plan Rows": 3726556, "Plan Width": 57, "Sort Key": ["nation.n_name", "(date_part('year'::text, (orders.o_orderdate)::timestamp without time zone)) DESC"], "Plans": [{"Node Type": "Merge Join", "Parent Relationship": "Outer", "Parallel Aware": false, "Join Type": "Inner", "Startup Cost": 60000000003.53, "Total Cost": 60020423302.48, "Plan Rows": 3726556, "Plan Width": 57, "Inner Unique": true, "Merge Cond": "(supplier.s_nationkey = nation.n_nationkey)", "Plans": [{"Node Type": "Nested Loop", "Parent Relationship": "Outer", "Parallel Aware": false, "Join Type": "Inner", "Startup Cost": 50000000003.39, "Total Cost": 50020358083.87, "Plan Rows": 3726556, "Plan Width": 31, "Inner Unique": true, "Plans": [{"Node Type": "Nested Loop", "Parent Relationship": "Outer", "Parallel Aware": false, "Join Type": "Inner", "Startup Cost": 40000000002.9, "Total Cost": 40014382194.22, "Plan Rows": 3726556, "Plan Width": 31, "Inner Unique": false, "Join Filter": "(supplier.s_suppkey = lineitem.l_suppkey)", "Plans": [{"Node Type": "Nested Loop", "Parent Relationship": "Outer", "Parallel Aware": false, "Join Type": "Inner", "Startup Cost": 30000000002.18, "Total Cost": 30013467708.24, "Plan Rows": 496967, "Plan Width": 26, "Inner Unique": true, "Plans": [{"Node Type": "Nested Loop", "Parent Relationship": "Outer", "Parallel Aware": false, "Join Type": "Inner", "Startup Cost": 20000000001.72, "Total Cost": 20000866635.5, "Plan Rows": 7999600, "Plan Width": 22, "Inner Unique": false, "Plans": [{"Node Type": "Index Scan", "Parent Relationship": "Outer", "Parallel Aware": false, "Scan Direction": "Forward", "Index Name": "idx_supplier_nation_key", "Relation Name": "supplier", "Alias": "supplier", "Startup Cost": 10000000000.42, "Total Cost": 10000006190.43, "Plan Rows": 100000, "Plan Width": 8}, {"Node Type": "Bitmap Heap Scan", "Parent Relationship": "Inner", "Parallel Aware": false, "Relation Name": "partsupp", "Alias": "partsupp", "Startup Cost": 1.31, "Total Cost": 7.8, "Plan Rows": 80, "Plan Width": 14, "Recheck Cond": "(ps_suppkey = supplier.s_suppkey)", "Plans": [{"Node Type": "Bitmap Index Scan", "Parent Relationship": "Outer", "Parallel Aware": false, "Index Name": "idx_partsupp_suppkey", "Startup Cost": 0.0, "Total Cost": 1.29, "Plan Rows": 80, "Plan Width": 0, "Index Cond": "(ps_suppkey = supplier.s_suppkey)"}]}]}, {"Node Type": "Bitmap Heap Scan", "Parent Relationship": "Inner", "Parallel Aware": false, "Relation Name": "part", "Alias": "part", "Startup Cost": 0.46, "Total Cost": 1.58, "Plan Rows": 1, "Plan Width": 4, "Recheck Cond": "(p_partkey = partsupp.ps_partkey)", "Filter": "((p_name)::text ~~ '%almond%'::text)", "Plans": [{"Node Type": "Bitmap Index Scan", "Parent Relationship": "Outer", "Parallel Aware": false, "Index Name": "part_pkey", "Startup Cost": 0.0, "Total Cost": 0.46, "Plan Rows": 1, "Plan Width": 0, "Index Cond": "(p_partkey = partsupp.ps_partkey)"}]}]}, {"Node Type": "Bitmap Heap Scan", "Parent Relationship": "Inner", "Parallel Aware": false, "Relation Name": "lineitem", "Alias": "lineitem", "Startup Cost": 0.71, "Total Cost": 1.83, "Plan Rows": 1, "Plan Width": 29, "Recheck Cond": "((l_partkey = partsupp.ps_partkey) AND (l_suppkey = partsupp.ps_suppkey))", "Plans": [{"Node Type": "Bitmap Index Scan", "Parent Relationship": "Outer", "Parallel Aware": false, "Index Name": "idx_lineitem_part_supp", "Startup Cost": 0.0, "Total Cost": 0.71, "Plan Rows": 1, "Plan Width": 0, "Index Cond": "((l_partkey = partsupp.ps_partkey) AND (l_suppkey = partsupp.ps_suppkey))"}]}]}, {"Node Type": "Bitmap Heap Scan", "Parent Relationship": "Inner", "Parallel Aware": false, "Relation Name": "orders", "Alias": "orders", "Startup Cost": 0.49, "Total Cost": 1.6, "Plan Rows": 1, "Plan Width": 8, "Recheck Cond": "(o_orderkey = lineitem.l_orderkey)", "Plans": [{"Node Type": "Bitmap Index Scan", "Parent Relationship": "Outer", "Parallel Aware": false, "Index Name": "orders_pkey", "Startup Cost": 0.0, "Total Cost": 0.49, "Plan Rows": 1, "Plan Width": 0, "Index Cond": "(o_orderkey = lineitem.l_orderkey)"}]}]}, {"Node Type": "Index Scan", "Parent Relationship": "Inner", "Parallel Aware": false, "Scan Direction": "Forward", "Index Name": "nation_pkey", "Relation Name": "nation", "Alias": "nation", "Startup Cost": 10000000000.14, "Total Cost": 10000000003.81, "Plan Rows": 25, "Plan Width": 30}]}]}]}]}}, {"Plan": {"Node Type": "Limit", "Parallel Aware": false, "Startup Cost": 10024075114.89, "Total Cost": 10024075116.15, "Plan Rows": 1, "Plan Width": 66, "Plans": [{"Node Type": "Aggregate", "Strategy": "Sorted", "Partial Mode": "Simple", "Parent Relationship": "Outer", "Parallel Aware": false, "Startup Cost": 10024075114.89, "Total Cost": 10024150698.64, "Plan Rows": 60150, "Plan Width": 66, "Group Key": ["nation.n_name", "(date_part('year'::text, (orders.o_orderdate)::timestamp without time zone))"], "Plans": [{"Node Type": "Sort", "Parent Relationship": "Outer", "Parallel Aware": false, "Startup Cost": 10024075114.89, "Total Cost": 10024084431.28, "Plan Rows": 3726556, "Plan Width": 57, "Sort Key": ["nation.n_name", "(date_part('year'::text, (orders.o_orderdate)::timestamp without time zone)) DESC"], "Plans": [{"Node Type": "Nested Loop", "Parent Relationship": "Outer", "Parallel Aware": false, "Join Type": "Inner", "Startup Cost": 10000000003.47, "Total Cost": 10023586306.67, "Plan Rows": 3726556, "Plan Width": 57, "Inner Unique": true, "Join Filter": "(supplier.s_suppkey = partsupp.ps_suppkey)", "Plans": [{"Node Type": "Nested Loop", "Parent Relationship": "Outer", "Parallel Aware": false, "Join Type": "Inner", "Startup Cost": 10000000002.99, "Total Cost": 10017583323.72, "Plan Rows": 3726556, "Plan Width": 63, "Inner Unique": true, "Plans": [{"Node Type": "Nested Loop", "Parent Relationship": "Outer", "Parallel Aware": false, "Join Type": "Inner", "Startup Cost": 10000000002.84, "Total Cost": 10013049126.47, "Plan Rows": 3726556, "Plan Width": 41, "Inner Unique": true, "Plans": [{"Node Type": "Nested Loop", "Parent Relationship": "Outer", "Parallel Aware": false, "Join Type": "Inner", "Startup Cost": 10000000002.35, "Total Cost": 10007073236.82, "Plan Rows": 3726556, "Plan Width": 41, "Inner Unique": true, "Plans": [{"Node Type": "Nested Loop", "Parent Relationship": "Outer", "Parallel Aware": false, "Join Type": "Inner", "Startup Cost": 10000000002.03, "Total Cost": 10001734307.0, "Plan Rows": 3726556, "Plan Width": 33, "Inner Unique": false, "Plans": [{"Node Type": "Index Scan", "Parent Relationship": "Outer", "Parallel Aware": false, "Scan Direction": "Forward", "Index Name": "part_pkey", "Relation Name": "part", "Alias": "part", "Startup Cost": 10000000000.43, "Total Cost": 10000081998.23, "Plan Rows": 124248, "Plan Width": 4, "Filter": "((p_name)::text ~~ '%almond%'::text)"}, {"Node Type": "Bitmap Heap Scan", "Parent Relationship": "Inner", "Parallel Aware": false, "Relation Name": "lineitem", "Alias": "lineitem", "Startup Cost": 1.6, "Total Cost": 12.99, "Plan Rows": 31, "Plan Width": 29, "Recheck Cond": "(l_partkey = part.p_partkey)", "Plans": [{"Node Type": "Bitmap Index Scan", "Parent Relationship": "Outer", "Parallel Aware": false, "Index Name": "idx_lineitem_part_supp", "Startup Cost": 0.0, "Total Cost": 1.6, "Plan Rows": 31, "Plan Width": 0, "Index Cond": "(l_partkey = part.p_partkey)"}]}]}, {"Node Type": "Bitmap Heap Scan", "Parent Relationship": "Inner", "Parallel Aware": false, "Relation Name": "supplier", "Alias": "supplier", "Startup Cost": 0.32, "Total Cost": 1.43, "Plan Rows": 1, "Plan Width": 8, "Recheck Cond": "(s_suppkey = lineitem.l_suppkey)", "Plans": [{"Node Type": "Bitmap Index Scan", "Parent Relationship": "Outer", "Parallel Aware": false, "Index Name": "supplier_pkey", "Startup Cost": 0.0, "Total Cost": 0.32, "Plan Rows": 1, "Plan Width": 0, "Index Cond": "(s_suppkey = lineitem.l_suppkey)"}]}]}, {"Node Type": "Bitmap Heap Scan", "Parent Relationship": "Inner", "Parallel Aware": false, "Relation Name": "orders", "Alias": "orders", "Startup Cost": 0.49, "Total Cost": 1.6, "Plan Rows": 1, "Plan Width": 8, "Recheck Cond": "(o_orderkey = lineitem.l_orderkey)", "Plans": [{"Node Type": "Bitmap Index Scan", "Parent Relationship": "Outer", "Parallel Aware": false, "Index Name": "orders_pkey", "Startup Cost": 0.0, "Total Cost": 0.49, "Plan Rows": 1, "Plan Width": 0, "Index Cond": "(o_orderkey = lineitem.l_orderkey)"}]}]}, {"Node Type": "Bitmap Heap Scan", "Parent Relationship": "Inner", "Parallel Aware": false, "Relation Name": "nation", "Alias": "nation", "Startup Cost": 0.15, "Total Cost": 1.26, "Plan Rows": 1, "Plan Width": 30, "Recheck Cond": "(n_nationkey = supplier.s_nationkey)", "Plans": [{"Node Type": "Bitmap Index Scan", "Parent Relationship": "Outer", "Parallel Aware": false, "Index Name": "nation_pkey", "Startup Cost": 0.0, "Total Cost": 0.15, "Plan Rows": 1, "Plan Width": 0, "Index Cond": "(n_nationkey = supplier.s_nationkey)"}]}]}, {"Node Type": "Bitmap Heap Scan", "Parent Relationship": "Inner", "Parallel Aware": false, "Relation Name": "partsupp", "Alias": "partsupp", "Startup Cost": 0.48, "Total Cost": 1.59, "Plan Rows": 1, "Plan Width": 14, "Recheck Cond": "((ps_partkey = lineitem.l_partkey) AND (ps_suppkey = lineitem.l_suppkey))", "Plans": [{"Node Type": "Bitmap Index Scan", "Parent Relationship": "Outer", "Parallel Aware": false, "Index Name": "partsupp_pkey", "Startup Cost": 0.0, "Total Cost": 0.48, "Plan Rows": 1, "Plan Width": 0, "Index Cond": "((ps_partkey = lineitem.l_partkey) AND (ps_suppkey = lineitem.l_suppkey))"}]}]}]}]}]}}, {"Plan": {"Node Type": "Limit", "Parallel Aware": false, "Startup Cost": 2458542.51, "Total Cost": 2458542.92, "Plan Rows": 1, "Plan Width": 66, "Plans": [{"Node Type": "Aggregate", "Strategy": "Sorted", "Partial Mode": "Finalize", "Parent Relationship": "Outer", "Parallel Aware": false, "Startup Cost": 2458542.51, "Total Cost": 2482752.89, "Plan Rows": 60150, "Plan Width": 66, "Group Key": ["nation.n_name", "(date_part('year'::text, (orders.o_orderdate)::timestamp without time zone))"], "Plans": [{"Node Type": "Gather Merge", "Parent Relationship": "Outer", "Parallel Aware": false, "Startup Cost": 2458542.51, "Total Cost": 2479895.76, "Plan Rows": 180450, "Plan Width": 66, "Workers Planned": 3, "Plans": [{"Node Type": "Sort", "Parent Relationship": "Outer", "Parallel Aware": false, "Startup Cost": 2457542.47, "Total Cost": 2457692.85, "Plan Rows": 60150, "Plan Width": 66, "Sort Key": ["nation.n_name", "(date_part('year'::text, (orders.o_orderdate)::timestamp without time zone)) DESC"], "Plans": [{"Node Type": "Aggregate", "Strategy": "Hashed", "Partial Mode": "Partial", "Parent Relationship": "Outer", "Parallel Aware": false, "Startup Cost": 2451715.06, "Total Cost": 2452767.68, "Plan Rows": 60150, "Plan Width": 66, "Group Key": ["nation.n_name", "date_part('year'::text, (orders.o_orderdate)::timestamp without time zone)"], "Plans": [{"Node Type": "Nested Loop", "Parent Relationship": "Outer", "Parallel Aware": false, "Join Type": "Inner", "Startup Cost": 198761.13, "Total Cost": 2430678.05, "Plan Rows": 1202115, "Plan Width": 57, "Inner Unique": true, "Plans": [{"Node Type": "Nested Loop", "Parent Relationship": "Outer", "Parallel Aware": false, "Join Type": "Inner", "Startup Cost": 198760.64, "Total Cost": 496960.87, "Plan Rows": 1202115, "Plan Width": 53, "Inner Unique": false, "Join Filter": "(supplier.s_suppkey = lineitem.l_suppkey)", "Plans": [{"Node Type": "Merge Join", "Parent Relationship": "Outer", "Parallel Aware": false, "Join Type": "Inner", "Startup Cost": 198759.93, "Total Cost": 201965.28, "Plan Rows": 160312, "Plan Width": 48, "Inner Unique": false, "Merge Cond": "(partsupp.ps_suppkey = supplier.s_suppkey)", "Plans": [{"Node Type": "Sort", "Parent Relationship": "Outer", "Parallel Aware": false, "Startup Cost": 182911.4, "Total Cost": 183312.18, "Plan Rows": 160312, "Plan Width": 18, "Sort Key": ["partsupp.ps_suppkey"], "Plans": [{"Node Type": "Nested Loop", "Parent Relationship": "Outer", "Parallel Aware": false, "Join Type": "Inner", "Startup Cost": 0.68, "Total Cost": 169052.0, "Plan Rows": 160312, "Plan Width": 18, "Inner Unique": false, "Plans": [{"Node Type": "Seq Scan", "Parent Relationship": "Outer", "Parallel Aware": true, "Relation Name": "part", "Alias": "part", "Startup Cost": 0.0, "Total Cost": 49026.52, "Plan Rows": 40080, "Plan Width": 4, "Filter": "((p_name)::text ~~ '%almond%'::text)"}, {"Node Type": "Bitmap Heap Scan", "Parent Relationship": "Inner", "Parallel Aware": false, "Relation Name": "partsupp", "Alias": "partsupp", "Startup Cost": 0.68, "Total Cost": 2.94, "Plan Rows": 5, "Plan Width": 14, "Recheck Cond": "(ps_partkey = part.p_partkey)", "Plans": [{"Node Type": "Bitmap Index Scan", "Parent Relationship": "Outer", "Parallel Aware": false, "Index Name": "partsupp_pkey", "Startup Cost": 0.0, "Total Cost": 0.68, "Plan Rows": 5, "Plan Width": 0, "Index Cond": "(ps_partkey = part.p_partkey)"}]}]}]}, {"Node Type": "Sort", "Parent Relationship": "Inner", "Parallel Aware": false, "Startup Cost": 15848.53, "Total Cost": 16098.53, "Plan Rows": 100000, "Plan Width": 30, "Sort Key": ["supplier.s_suppkey"], "Plans": [{"Node Type": "Nested Loop", "Parent Relationship": "Outer", "Parallel Aware": false, "Join Type": "Inner", "Startup Cost": 40.0, "Total Cost": 7543.71, "Plan Rows": 100000, "Plan Width": 30, "Inner Unique": false, "Plans": [{"Node Type": "Seq Scan", "Parent Relationship": "Outer", "Parallel Aware": false, "Relation Name": "nation", "Alias": "nation", "Startup Cost": 0.0, "Total Cost": 1.25, "Plan Rows": 25, "Plan Width": 30}, {"Node Type": "Bitmap Heap Scan", "Parent Relationship": "Inner", "Parallel Aware": false, "Relation Name": "supplier", "Alias": "supplier", "Startup Cost": 40.0, "Total Cost": 261.7, "Plan Rows": 4000, "Plan Width": 8, "Recheck Cond": "(s_nationkey = nation.n_nationkey)", "Plans": [{"Node Type": "Bitmap Index Scan", "Parent Relationship": "Outer", "Parallel Aware": false, "Index Name": "idx_supplier_nation_key", "Startup Cost": 0.0, "Total Cost": 39.0, "Plan Rows": 4000, "Plan Width": 0, "Index Cond": "(s_nationkey = nation.n_nationkey)"}]}]}]}]}, {"Node Type": "Bitmap Heap Scan", "Parent Relationship": "Inner", "Parallel Aware": false, "Relation Name": "lineitem", "Alias": "lineitem", "Startup Cost": 0.71, "Total Cost": 1.83, "Plan Rows": 1, "Plan Width": 29, "Recheck Cond": "((l_partkey = partsupp.ps_partkey) AND (l_suppkey = partsupp.ps_suppkey))", "Plans": [{"Node Type": "Bitmap Index Scan", "Parent Relationship": "Outer", "Parallel Aware": false, "Index Name": "idx_lineitem_part_supp", "Startup Cost": 0.0, "Total Cost": 0.71, "Plan Rows": 1, "Plan Width": 0, "Index Cond": "((l_partkey = partsupp.ps_partkey) AND (l_suppkey = partsupp.ps_suppkey))"}]}]}, {"Node Type": "Bitmap Heap Scan", "Parent Relationship": "Inner", "Parallel Aware": false, "Relation Name": "orders", "Alias": "orders", "Startup Cost": 0.49, "Total Cost": 1.6, "Plan Rows": 1, "Plan Width": 8, "Recheck Cond": "(o_orderkey = lineitem.l_orderkey)", "Plans": [{"Node Type": "Bitmap Index Scan", "Parent Relationship": "Outer", "Parallel Aware": false, "Index Name": "orders_pkey", "Startup Cost": 0.0, "Total Cost": 0.49, "Plan Rows": 1, "Plan Width": 0, "Index Cond": "(o_orderkey = lineitem.l_orderkey)"}]}]}]}]}]}]}]}}, {"Plan": {"Node Type": "Limit", "Parallel Aware": false, "Startup Cost": 8207080.77, "Total Cost": 8207081.17, "Plan Rows": 1, "Plan Width": 66, "Plans": [{"Node Type": "Aggregate", "Strategy": "Sorted", "Partial Mode": "Finalize", "Parent Relationship": "Outer", "Parallel Aware": false, "Startup Cost": 8207080.77, "Total Cost": 8231291.15, "Plan Rows": 60150, "Plan Width": 66, "Group Key": ["nation.n_name", "(date_part('year'::text, (orders.o_orderdate)::timestamp without time zone))"], "Plans": [{"Node Type": "Gather Merge", "Parent Relationship": "Outer", "Parallel Aware": false, "Startup Cost": 8207080.77, "Total Cost": 8228434.02, "Plan Rows": 180450, "Plan Width": 66, "Workers Planned": 3, "Plans": [{"Node Type": "Sort", "Parent Relationship": "Outer", "Parallel Aware": false, "Startup Cost": 8206080.73, "Total Cost": 8206231.11, "Plan Rows": 60150, "Plan Width": 66, "Sort Key": ["nation.n_name", "(date_part('year'::text, (orders.o_orderdate)::timestamp without time zone)) DESC"], "Plans": [{"Node Type": "Aggregate", "Strategy": "Hashed", "Partial Mode": "Partial", "Parent Relationship": "Outer", "Parallel Aware": false, "Startup Cost": 8200253.32, "Total Cost": 8201305.94, "Plan Rows": 60150, "Plan Width": 66, "Group Key": ["nation.n_name", "date_part('year'::text, (orders.o_orderdate)::timestamp without time zone)"], "Plans": [{"Node Type": "Merge Join", "Parent Relationship": "Outer", "Parallel Aware": false, "Join Type": "Inner", "Startup Cost": 8083158.59, "Total Cost": 8179216.3, "Plan Rows": 1202115, "Plan Width": 57, "Inner Unique": false, "Merge Cond": "(lineitem.l_suppkey = supplier.s_suppkey)", "Plans": [{"Node Type": "Merge Join", "Parent Relationship": "Outer", "Parallel Aware": false, "Join Type": "Inner", "Startup Cost": 8061829.56, "Total Cost": 8130842.56, "Plan Rows": 1202115, "Plan Width": 35, "Inner Unique": true, "Merge Cond": "((lineitem.l_suppkey = partsupp.ps_suppkey) AND (lineitem.l_partkey = partsupp.ps_partkey))", "Plans": [{"Node Type": "Sort", "Parent Relationship": "Outer", "Parallel Aware": false, "Startup Cost": 6810158.33, "Total Cost": 6813163.62, "Plan Rows": 1202115, "Plan Width": 33, "Sort Key": ["lineitem.l_suppkey", "part.p_partkey"], "Plans": [{"Node Type": "Merge Join", "Parent Relationship": "Outer", "Parallel Aware": false, "Join Type": "Inner", "Startup Cost": 6576480.7, "Total Cost": 6669508.29, "Plan Rows": 1202115, "Plan Width": 33, "Inner Unique": true, "Merge Cond": "(lineitem.l_orderkey = orders.o_orderkey)", "Plans": [{"Node Type": "Sort", "Parent Relationship": "Outer", "Parallel Aware": false, "Startup Cost": 4257679.37, "Total Cost": 4260684.66, "Plan Rows": 1202115, "Plan Width": 33, "Sort Key": ["lineitem.l_orderkey"], "Plans": [{"Node Type": "Merge Join", "Parent Relationship": "Outer", "Parallel Aware": false, "Join Type": "Inner", "Startup Cost": 4007636.57, "Total Cost": 4117029.33, "Plan Rows": 1202115, "Plan Width": 33, "Inner Unique": true, "Merge Cond": "(lineitem.l_partkey = part.p_partkey)", "Plans": [{"Node Type": "Sort", "Parent Relationship": "Outer", "Parallel Aware": false, "Startup Cost": 3931160.54, "Total Cost": 3979536.16, "Plan Rows": 19350250, "Plan Width": 29, "Sort Key": ["lineitem.l_partkey"], "Plans": [{"Node Type": "Seq Scan", "Parent Relationship": "Outer", "Parallel Aware": true, "Relation Name": "lineitem", "Alias": "lineitem", "Startup Cost": 0.0, "Total Cost": 1318044.5, "Plan Rows": 19350250, "Plan Width": 29}]}, {"Node Type": "Sort", "Parent Relationship": "Inner", "Parallel Aware": false, "Startup Cost": 76475.16, "Total Cost": 76785.78, "Plan Rows": 124248, "Plan Width": 4, "Sort Key": ["part.p_partkey"], "Plans": [{"Node Type": "Seq Scan", "Parent Relationship": "Outer", "Parallel Aware": false, "Relation Name": "part", "Alias": "part", "Startup Cost": 0.0, "Total Cost": 65962.0, "Plan Rows": 124248, "Plan Width": 4, "Filter": "((p_name)::text ~~ '%almond%'::text)"}]}]}]}, {"Node Type": "Sort", "Parent Relationship": "Inner", "Parallel Aware": false, "Startup Cost": 2318801.18, "Total Cost": 2356299.22, "Plan Rows": 14999217, "Plan Width": 8, "Sort Key": ["orders.o_orderkey"], "Plans": [{"Node Type": "Seq Scan", "Parent Relationship": "Outer", "Parallel Aware": false, "Relation Name": "orders", "Alias": "orders", "Startup Cost": 0.0, "Total Cost": 410904.17, "Plan Rows": 14999217, "Plan Width": 8}]}]}]}, {"Node Type": "Sort", "Parent Relationship": "Inner", "Parallel Aware": false, "Startup Cost": 1251671.04, "Total Cost": 1271670.04, "Plan Rows": 7999600, "Plan Width": 14, "Sort Key": ["partsupp.ps_suppkey", "partsupp.ps_partkey"], "Plans": [{"Node Type": "Seq Scan", "Parent Relationship": "Outer", "Parallel Aware": false, "Relation Name": "partsupp", "Alias": "partsupp", "Startup Cost": 0.0, "Total Cost": 254382.0, "Plan Rows": 7999600, "Plan Width": 14}]}]}, {"Node Type": "Sort", "Parent Relationship": "Inner", "Parallel Aware": false, "Startup Cost": 21327.6, "Total Cost": 21577.6, "Plan Rows": 100000, "Plan Width": 30, "Sort Key": ["supplier.s_suppkey"], "Plans": [{"Node Type": "Merge Join", "Parent Relationship": "Outer", "Parallel Aware": false, "Join Type": "Inner", "Startup Cost": 11522.65, "Total Cost": 13022.78, "Plan Rows": 100000, "Plan Width": 30, "Inner Unique": true, "Merge Cond": "(supplier.s_nationkey = nation.n_nationkey)", "Plans": [{"Node Type": "Sort", "Parent Relationship": "Outer", "Parallel Aware": false, "Startup Cost": 11520.82, "Total Cost": 11770.82, "Plan Rows": 100000, "Plan Width": 8, "Sort Key": ["supplier.s_nationkey"], "Plans": [{"Node Type": "Seq Scan", "Parent Relationship": "Outer", "Parallel Aware": false, "Relation Name": "supplier", "Alias": "supplier", "Startup Cost": 0.0, "Total Cost": 3216.0, "Plan Rows": 100000, "Plan Width": 8}]}, {"Node Type": "Sort", "Parent Relationship": "Inner", "Parallel Aware": false, "Startup Cost": 1.83, "Total Cost": 1.89, "Plan Rows": 25, "Plan Width": 30, "Sort Key": ["nation.n_nationkey"], "Plans": [{"Node Type": "Seq Scan", "Parent Relationship": "Outer", "Parallel Aware": false, "Relation Name": "nation", "Alias": "nation", "Startup Cost": 0.0, "Total Cost": 1.25, "Plan Rows": 25, "Plan Width": 30}]}]}]}]}]}]}]}]}]}}, {"Plan": {"Node Type": "Limit", "Parallel Aware": false, "Startup Cost": 10024075114.89, "Total Cost": 10024075116.15, "Plan Rows": 1, "Plan Width": 66, "Plans": [{"Node Type": "Aggregate", "Strategy": "Sorted", "Partial Mode": "Simple", "Parent Relationship": "Outer", "Parallel Aware": false, "Startup Cost": 10024075114.89, "Total Cost": 10024150698.64, "Plan Rows": 60150, "Plan Width": 66, "Group Key": ["nation.n_name", "(date_part('year'::text, (orders.o_orderdate)::timestamp without time zone))"], "Plans": [{"Node Type": "Sort", "Parent Relationship": "Outer", "Parallel Aware": false, "Startup Cost": 10024075114.89, "Total Cost": 10024084431.28, "Plan Rows": 3726556, "Plan Width": 57, "Sort Key": ["nation.n_name", "(date_part('year'::text, (orders.o_orderdate)::timestamp without time zone)) DESC"], "Plans": [{"Node Type": "Nested Loop", "Parent Relationship": "Outer", "Parallel Aware": false, "Join Type": "Inner", "Startup Cost": 10000000003.47, "Total Cost": 10023586306.67, "Plan Rows": 3726556, "Plan Width": 57, "Inner Unique": true, "Join Filter": "(supplier.s_suppkey = partsupp.ps_suppkey)", "Plans": [{"Node Type": "Nested Loop", "Parent Relationship": "Outer", "Parallel Aware": false, "Join Type": "Inner", "Startup Cost": 10000000002.99, "Total Cost": 10017583323.72, "Plan Rows": 3726556, "Plan Width": 63, "Inner Unique": true, "Plans": [{"Node Type": "Nested Loop", "Parent Relationship": "Outer", "Parallel Aware": false, "Join Type": "Inner", "Startup Cost": 10000000002.84, "Total Cost": 10013049126.47, "Plan Rows": 3726556, "Plan Width": 41, "Inner Unique": true, "Plans": [{"Node Type": "Nested Loop", "Parent Relationship": "Outer", "Parallel Aware": false, "Join Type": "Inner", "Startup Cost": 10000000002.35, "Total Cost": 10007073236.82, "Plan Rows": 3726556, "Plan Width": 41, "Inner Unique": true, "Plans": [{"Node Type": "Nested Loop", "Parent Relationship": "Outer", "Parallel Aware": false, "Join Type": "Inner", "Startup Cost": 10000000002.03, "Total Cost": 10001734307.0, "Plan Rows": 3726556, "Plan Width": 33, "Inner Unique": false, "Plans": [{"Node Type": "Index Scan", "Parent Relationship": "Outer", "Parallel Aware": false, "Scan Direction": "Forward", "Index Name": "part_pkey", "Relation Name": "part", "Alias": "part", "Startup Cost": 10000000000.43, "Total Cost": 10000081998.23, "Plan Rows": 124248, "Plan Width": 4, "Filter": "((p_name)::text ~~ '%almond%'::text)"}, {"Node Type": "Bitmap Heap Scan", "Parent Relationship": "Inner", "Parallel Aware": false, "Relation Name": "lineitem", "Alias": "lineitem", "Startup Cost": 1.6, "Total Cost": 12.99, "Plan Rows": 31, "Plan Width": 29, "Recheck Cond": "(l_partkey = part.p_partkey)", "Plans": [{"Node Type": "Bitmap Index Scan", "Parent Relationship": "Outer", "Parallel Aware": false, "Index Name": "idx_lineitem_part_supp", "Startup Cost": 0.0, "Total Cost": 1.6, "Plan Rows": 31, "Plan Width": 0, "Index Cond": "(l_partkey = part.p_partkey)"}]}]}, {"Node Type": "Bitmap Heap Scan", "Parent Relationship": "Inner", "Parallel Aware": false, "Relation Name": "supplier", "Alias": "supplier", "Startup Cost": 0.32, "Total Cost": 1.43, "Plan Rows": 1, "Plan Width": 8, "Recheck Cond": "(s_suppkey = lineitem.l_suppkey)", "Plans": [{"Node Type": "Bitmap Index Scan", "Parent Relationship": "Outer", "Parallel Aware": false, "Index Name": "supplier_pkey", "Startup Cost": 0.0, "Total Cost": 0.32, "Plan Rows": 1, "Plan Width": 0, "Index Cond": "(s_suppkey = lineitem.l_suppkey)"}]}]}, {"Node Type": "Bitmap Heap Scan", "Parent Relationship": "Inner", "Parallel Aware": false, "Relation Name": "orders", "Alias": "orders", "Startup Cost": 0.49, "Total Cost": 1.6, "Plan Rows": 1, "Plan Width": 8, "Recheck Cond": "(o_orderkey = lineitem.l_orderkey)", "Plans": [{"Node Type": "Bitmap Index Scan", "Parent Relationship": "Outer", "Parallel Aware": false, "Index Name": "orders_pkey", "Startup Cost": 0.0, "Total Cost": 0.49, "Plan Rows": 1, "Plan Width": 0, "Index Cond": "(o_orderkey = lineitem.l_orderkey)"}]}]}, {"Node Type": "Bitmap Heap Scan", "Parent Relationship": "Inner", "Parallel Aware": false, "Relation Name": "nation", "Alias": "nation", "Startup Cost": 0.15, "Total Cost": 1.26, "Plan Rows": 1, "Plan Width": 30, "Recheck Cond": "(n_nationkey = supplier.s_nationkey)", "Plans": [{"Node Type": "Bitmap Index Scan", "Parent Relationship": "Outer", "Parallel Aware": false, "Index Name": "nation_pkey", "Startup Cost": 0.0, "Total Cost": 0.15, "Plan Rows": 1, "Plan Width": 0, "Index Cond": "(n_nationkey = supplier.s_nationkey)"}]}]}, {"Node Type": "Bitmap Heap Scan", "Parent Relationship": "Inner", "Parallel Aware": false, "Relation Name": "partsupp", "Alias": "partsupp", "Startup Cost": 0.48, "Total Cost": 1.59, "Plan Rows": 1, "Plan Width": 14, "Recheck Cond": "((ps_partkey = lineitem.l_partkey) AND (ps_suppkey = lineitem.l_suppkey))", "Plans": [{"Node Type": "Bitmap Index Scan", "Parent Relationship": "Outer", "Parallel Aware": false, "Index Name": "partsupp_pkey", "Startup Cost": 0.0, "Total Cost": 0.48, "Plan Rows": 1, "Plan Width": 0, "Index Cond": "((ps_partkey = lineitem.l_partkey) AND (ps_suppkey = lineitem.l_suppkey))"}]}]}]}]}]}}, {"Plan": {"Node Type": "Limit", "Parallel Aware": false, "Startup Cost": 2850364.44, "Total Cost": 2850364.84, "Plan Rows": 1, "Plan Width": 66, "Plans": [{"Node Type": "Aggregate", "Strategy": "Sorted", "Partial Mode": "Finalize", "Parent Relationship": "Outer", "Parallel Aware": false, "Startup Cost": 2850364.44, "Total Cost": 2874574.81, "Plan Rows": 60150, "Plan Width": 66, "Group Key": ["nation.n_name", "(date_part('year'::text, (orders.o_orderdate)::timestamp without time zone))"], "Plans": [{"Node Type": "Gather Merge", "Parent Relationship": "Outer", "Parallel Aware": false, "Startup Cost": 2850364.44, "Total Cost": 2871717.69, "Plan Rows": 180450, "Plan Width": 66, "Workers Planned": 3, "Plans": [{"Node Type": "Sort", "Parent Relationship": "Outer", "Parallel Aware": false, "Startup Cost": 2849364.4, "Total Cost": 2849514.77, "Plan Rows": 60150, "Plan Width": 66, "Sort Key": ["nation.n_name", "(date_part('year'::text, (orders.o_orderdate)::timestamp without time zone)) DESC"], "Plans": [{"Node Type": "Aggregate", "Strategy": "Hashed", "Partial Mode": "Partial", "Parent Relationship": "Outer", "Parallel Aware": false, "Startup Cost": 2843536.98, "Total Cost": 2844589.6, "Plan Rows": 60150, "Plan Width": 66, "Group Key": ["nation.n_name", "date_part('year'::text, (orders.o_orderdate)::timestamp without time zone)"], "Plans": [{"Node Type": "Nested Loop", "Parent Relationship": "Outer", "Parallel Aware": false, "Join Type": "Inner", "Startup Cost": 2.35, "Total Cost": 2822499.97, "Plan Rows": 1202115, "Plan Width": 57, "Inner Unique": true, "Plans": [{"Node Type": "Nested Loop", "Parent Relationship": "Outer", "Parallel Aware": false, "Join Type": "Inner", "Startup Cost": 1.86, "Total Cost": 888782.79, "Plan Rows": 1202115, "Plan Width": 53, "Inner Unique": false, "Join Filter": "(supplier.s_suppkey = lineitem.l_suppkey)", "Plans": [{"Node Type": "Nested Loop", "Parent Relationship": "Outer", "Parallel Aware": false, "Join Type": "Inner", "Startup Cost": 1.15, "Total Cost": 593787.2, "Plan Rows": 160312, "Plan Width": 48, "Inner Unique": true, "Plans": [{"Node Type": "Nested Loop", "Parent Relationship": "Outer", "Parallel Aware": false, "Join Type": "Inner", "Startup Cost": 1.0, "Total Cost": 398730.95, "Plan Rows": 160312, "Plan Width": 26, "Inner Unique": true, "Plans": [{"Node Type": "Nested Loop", "Parent Relationship": "Outer", "Parallel Aware": false, "Join Type": "Inner", "Startup Cost": 0.68, "Total Cost": 169052.0, "Plan Rows": 160312, "Plan Width": 18, "Inner Unique": false, "Plans": [{"Node Type": "Seq Scan", "Parent Relationship": "Outer", "Parallel Aware": true, "Relation Name": "part", "Alias": "part", "Startup Cost": 0.0, "Total Cost": 49026.52, "Plan Rows": 40080, "Plan Width": 4, "Filter": "((p_name)::text ~~ '%almond%'::text)"}, {"Node Type": "Bitmap Heap Scan", "Parent Relationship": "Inner", "Parallel Aware": false, "Relation Name": "partsupp", "Alias": "partsupp", "Startup Cost": 0.68, "Total Cost": 2.94, "Plan Rows": 5, "Plan Width": 14, "Recheck Cond": "(ps_partkey = part.p_partkey)", "Plans": [{"Node Type": "Bitmap Index Scan", "Parent Relationship": "Outer", "Parallel Aware": false, "Index Name": "partsupp_pkey", "Startup Cost": 0.0, "Total Cost": 0.68, "Plan Rows": 5, "Plan Width": 0, "Index Cond": "(ps_partkey = part.p_partkey)"}]}]}, {"Node Type": "Bitmap Heap Scan", "Parent Relationship": "Inner", "Parallel Aware": false, "Relation Name": "supplier", "Alias": "supplier", "Startup Cost": 0.32, "Total Cost": 1.43, "Plan Rows": 1, "Plan Width": 8, "Recheck Cond": "(s_suppkey = partsupp.ps_suppkey)", "Plans": [{"Node Type": "Bitmap Index Scan", "Parent Relationship": "Outer", "Parallel Aware": false, "Index Name": "supplier_pkey", "Startup Cost": 0.0, "Total Cost": 0.32, "Plan Rows": 1, "Plan Width": 0, "Index Cond": "(s_suppkey = partsupp.ps_suppkey)"}]}]}, {"Node Type": "Bitmap Heap Scan", "Parent Relationship": "Inner", "Parallel Aware": false, "Relation Name": "nation", "Alias": "nation", "Startup Cost": 0.15, "Total Cost": 1.26, "Plan Rows": 1, "Plan Width": 30, "Recheck Cond": "(n_nationkey = supplier.s_nationkey)", "Plans": [{"Node Type": "Bitmap Index Scan", "Parent Relationship": "Outer", "Parallel Aware": false, "Index Name": "nation_pkey", "Startup Cost": 0.0, "Total Cost": 0.15, "Plan Rows": 1, "Plan Width": 0, "Index Cond": "(n_nationkey = supplier.s_nationkey)"}]}]}, {"Node Type": "Bitmap Heap Scan", "Parent Relationship": "Inner", "Parallel Aware": false, "Relation Name": "lineitem", "Alias": "lineitem", "Startup Cost": 0.71, "Total Cost": 1.83, "Plan Rows": 1, "Plan Width": 29, "Recheck Cond": "((l_partkey = partsupp.ps_partkey) AND (l_suppkey = partsupp.ps_suppkey))", "Plans": [{"Node Type": "Bitmap Index Scan", "Parent Relationship": "Outer", "Parallel Aware": false, "Index Name": "idx_lineitem_part_supp", "Startup Cost": 0.0, "Total Cost": 0.71, "Plan Rows": 1, "Plan Width": 0, "Index Cond": "((l_partkey = partsupp.ps_partkey) AND (l_suppkey = partsupp.ps_suppkey))"}]}]}, {"Node Type": "Bitmap Heap Scan", "Parent Relationship": "Inner", "Parallel Aware": false, "Relation Name": "orders", "Alias": "orders", "Startup Cost": 0.49, "Total Cost": 1.6, "Plan Rows": 1, "Plan Width": 8, "Recheck Cond": "(o_orderkey = lineitem.l_orderkey)", "Plans": [{"Node Type": "Bitmap Index Scan", "Parent Relationship": "Outer", "Parallel Aware": false, "Index Name": "orders_pkey", "Startup Cost": 0.0, "Total Cost": 0.49, "Plan Rows": 1, "Plan Width": 0, "Index Cond": "(o_orderkey = lineitem.l_orderkey)"}]}]}]}]}]}]}]}}, {"Plan": {"Node Type": "Limit", "Parallel Aware": false, "Startup Cost": 5843893.29, "Total Cost": 5843893.69, "Plan Rows": 1, "Plan Width": 66, "Plans": [{"Node Type": "Aggregate", "Strategy": "Sorted", "Partial Mode": "Finalize", "Parent Relationship": "Outer", "Parallel Aware": false, "Startup Cost": 5843893.29, "Total Cost": 5868103.66, "Plan Rows": 60150, "Plan Width": 66, "Group Key": ["nation.n_name", "(date_part('year'::text, (orders.o_orderdate)::timestamp without time zone))"], "Plans": [{"Node Type": "Gather Merge", "Parent Relationship": "Outer", "Parallel Aware": false, "Startup Cost": 5843893.29, "Total Cost": 5865246.54, "Plan Rows": 180450, "Plan Width": 66, "Workers Planned": 3, "Plans": [{"Node Type": "Sort", "Parent Relationship": "Outer", "Parallel Aware": false, "Startup Cost": 5842893.25, "Total Cost": 5843043.62, "Plan Rows": 60150, "Plan Width": 66, "Sort Key": ["nation.n_name", "(date_part('year'::text, (orders.o_orderdate)::timestamp without time zone)) DESC"], "Plans": [{"Node Type": "Aggregate", "Strategy": "Hashed", "Partial Mode": "Partial", "Parent Relationship": "Outer", "Parallel Aware": false, "Startup Cost": 5837065.83, "Total Cost": 5838118.46, "Plan Rows": 60150, "Plan Width": 66, "Group Key": ["nation.n_name", "date_part('year'::text, (orders.o_orderdate)::timestamp without time zone)"], "Plans": [{"Node Type": "Merge Join", "Parent Relationship": "Outer", "Parallel Aware": false, "Join Type": "Inner", "Startup Cost": 5223344.77, "Total Cost": 5816028.82, "Plan Rows": 1202115, "Plan Width": 57, "Inner Unique": true, "Merge Cond": "(lineitem.l_orderkey = orders.o_orderkey)", "Plans": [{"Node Type": "Sort", "Parent Relationship": "Outer", "Parallel Aware": false, "Startup Cost": 5223344.19, "Total Cost": 5226349.48, "Plan Rows": 1202115, "Plan Width": 53, "Sort Key": ["lineitem.l_orderkey"], "Plans": [{"Node Type": "Merge Join", "Parent Relationship": "Outer", "Parallel Aware": false, "Join Type": "Inner", "Startup Cost": 4906758.61, "Total Cost": 5077880.75, "Plan Rows": 1202115, "Plan Width": 53, "Inner Unique": false, "Merge Cond": "(lineitem.l_suppkey = supplier.s_suppkey)", "Plans": [{"Node Type": "Merge Join", "Parent Relationship": "Outer", "Parallel Aware": false, "Join Type": "Inner", "Startup Cost": 4891006.43, "Total Cost": 5041097.67, "Plan Rows": 1202115, "Plan Width": 35, "Inner Unique": false, "Merge Cond": "((lineitem.l_suppkey = partsupp.ps_suppkey) AND (lineitem.l_partkey = partsupp.ps_partkey))", "Plans": [{"Node Type": "Sort", "Parent Relationship": "Outer", "Parallel Aware": false, "Startup Cost": 4412208.38, "Total Cost": 4460584.01, "Plan Rows": 19350250, "Plan Width": 29, "Sort Key": ["lineitem.l_suppkey", "lineitem.l_partkey"], "Plans": [{"Node Type": "Index Scan", "Parent Relationship": "Outer", "Parallel Aware": true, "Scan Direction": "Forward", "Index Name": "idx_lineitem_orderkey", "Relation Name": "lineitem", "Alias": "lineitem", "Startup Cost": 0.56, "Total Cost": 1799092.35, "Plan Rows": 19350250, "Plan Width": 29}]}, {"Node Type": "Materialize", "Parent Relationship": "Inner", "Parallel Aware": false, "Startup Cost": 478795.14, "Total Cost": 481279.98, "Plan Rows": 496967, "Plan Width": 18, "Plans": [{"Node Type": "Sort", "Parent Relationship": "Outer", "Parallel Aware": false, "Startup Cost": 478795.14, "Total Cost": 480037.56, "Plan Rows": 496967, "Plan Width": 18, "Sort Key": ["partsupp.ps_suppkey", "part.p_partkey"], "Plans": [{"Node Type": "Merge Join", "Parent Relationship": "Outer", "Parallel Aware": false, "Join Type": "Inner", "Startup Cost": 3.82, "Total Cost": 425805.53, "Plan Rows": 496967, "Plan Width": 18, "Inner Unique": false, "Merge Cond": "(part.p_partkey = partsupp.ps_partkey)", "Plans": [{"Node Type": "Index Scan", "Parent Relationship": "Outer", "Parallel Aware": false, "Scan Direction": "Forward", "Index Name": "part_pkey", "Relation Name": "part", "Alias": "part", "Startup Cost": 0.43, "Total Cost": 81998.23, "Plan Rows": 124248, "Plan Width": 4, "Filter": "((p_name)::text ~~ '%almond%'::text)"}, {"Node Type": "Index Scan", "Parent Relationship": "Inner", "Parallel Aware": false, "Scan Direction": "Forward", "Index Name": "idx_partsupp_partkey", "Relation Name": "partsupp", "Alias": "partsupp", "Startup Cost": 0.43, "Total Cost": 318528.9, "Plan Rows": 7999600, "Plan Width": 14}]}]}]}]}, {"Node Type": "Sort", "Parent Relationship": "Inner", "Parallel Aware": false, "Startup Cost": 15749.12, "Total Cost": 15999.12, "Plan Rows": 100000, "Plan Width": 30, "Sort Key": ["supplier.s_suppkey"], "Plans": [{"Node Type": "Merge Join", "Parent Relationship": "Outer", "Parallel Aware": false, "Join Type": "Inner", "Startup Cost": 0.55, "Total Cost": 7444.3, "Plan Rows": 100000, "Plan Width": 30, "Inner Unique": true, "Merge Cond": "(supplier.s_nationkey = nation.n_nationkey)", "Plans": [{"Node Type": "Index Scan", "Parent Relationship": "Outer", "Parallel Aware": false, "Scan Direction": "Forward", "Index Name": "idx_supplier_nation_key", "Relation Name": "supplier", "Alias": "supplier", "Startup Cost": 0.42, "Total Cost": 6190.43, "Plan Rows": 100000, "Plan Width": 8}, {"Node Type": "Index Scan", "Parent Relationship": "Inner", "Parallel Aware": false, "Scan Direction": "Forward", "Index Name": "nation_pkey", "Relation Name": "nation", "Alias": "nation", "Startup Cost": 0.14, "Total Cost": 3.81, "Plan Rows": 25, "Plan Width": 30}]}]}]}]}, {"Node Type": "Index Scan", "Parent Relationship": "Inner", "Parallel Aware": false, "Scan Direction": "Forward", "Index Name": "orders_pkey", "Relation Name": "orders", "Alias": "orders", "Startup Cost": 0.43, "Total Cost": 531144.89, "Plan Rows": 14999217, "Plan Width": 8}]}]}]}]}]}]}}, {"Plan": {"Node Type": "Limit", "Parallel Aware": false, "Startup Cost": 1014881.1, "Total Cost": 1014881.5, "Plan Rows": 1, "Plan Width": 66, "Plans": [{"Node Type": "Aggregate", "Strategy": "Sorted", "Partial Mode": "Finalize", "Parent Relationship": "Outer", "Parallel Aware": false, "Startup Cost": 1014881.1, "Total Cost": 1039091.47, "Plan Rows": 60150, "Plan Width": 66, "Group Key": ["nation.n_name", "(date_part('year'::text, (orders.o_orderdate)::timestamp without time zone))"], "Plans": [{"Node Type": "Gather Merge", "Parent Relationship": "Outer", "Parallel Aware": false, "Startup Cost": 1014881.1, "Total Cost": 1036234.35, "Plan Rows": 180450, "Plan Width": 66, "Workers Planned": 3, "Plans": [{"Node Type": "Sort", "Parent Relationship": "Outer", "Parallel Aware": false, "Startup Cost": 1013881.06, "Total Cost": 1014031.43, "Plan Rows": 60150, "Plan Width": 66, "Sort Key": ["nation.n_name", "(date_part('year'::text, (orders.o_orderdate)::timestamp without time zone)) DESC"], "Plans": [{"Node Type": "Aggregate", "Strategy": "Hashed", "Partial Mode": "Partial", "Parent Relationship": "Outer", "Parallel Aware": false, "Startup Cost": 1008053.64, "Total Cost": 1009106.27, "Plan Rows": 60150, "Plan Width": 66, "Group Key": ["nation.n_name", "date_part('year'::text, (orders.o_orderdate)::timestamp without time zone)"], "Plans": [{"Node Type": "Nested Loop", "Parent Relationship": "Outer", "Parallel Aware": false, "Join Type": "Inner", "Startup Cost": 158427.57, "Total Cost": 987016.63, "Plan Rows": 1202115, "Plan Width": 57, "Inner Unique": true, "Plans": [{"Node Type": "Nested Loop", "Parent Relationship": "Outer", "Parallel Aware": false, "Join Type": "Inner", "Startup Cost": 158427.13, "Total Cost": 316556.57, "Plan Rows": 1202115, "Plan Width": 53, "Inner Unique": false, "Join Filter": "(supplier.s_suppkey = lineitem.l_suppkey)", "Plans": [{"Node Type": "Merge Join", "Parent Relationship": "Outer", "Parallel Aware": false, "Join Type": "Inner", "Startup Cost": 158426.57, "Total Cost": 161631.91, "Plan Rows": 160312, "Plan Width": 48, "Inner Unique": false, "Merge Cond": "(partsupp.ps_suppkey = supplier.s_suppkey)", "Plans": [{"Node Type": "Sort", "Parent Relationship": "Outer", "Parallel Aware": false, "Startup Cost": 142759.77, "Total Cost": 143160.55, "Plan Rows": 160312, "Plan Width": 18, "Sort Key": ["partsupp.ps_suppkey"], "Plans": [{"Node Type": "Nested Loop", "Parent Relationship": "Outer", "Parallel Aware": false, "Join Type": "Inner", "Startup Cost": 0.86, "Total Cost": 128900.38, "Plan Rows": 160312, "Plan Width": 18, "Inner Unique": false, "Plans": [{"Node Type": "Index Scan", "Parent Relationship": "Outer", "Parallel Aware": true, "Scan Direction": "Forward", "Index Name": "part_pkey", "Relation Name": "part", "Alias": "part", "Startup Cost": 0.43, "Total Cost": 65062.74, "Plan Rows": 40080, "Plan Width": 4, "Filter": "((p_name)::text ~~ '%almond%'::text)"}, {"Node Type": "Index Scan", "Parent Relationship": "Inner", "Parallel Aware": false, "Scan Direction": "Forward", "Index Name": "idx_partsupp_partkey", "Relation Name": "partsupp", "Alias": "partsupp", "Startup Cost": 0.43, "Total Cost": 1.54, "Plan Rows": 5, "Plan Width": 14, "Index Cond": "(ps_partkey = part.p_partkey)"}]}]}, {"Node Type": "Sort", "Parent Relationship": "Inner", "Parallel Aware": false, "Startup Cost": 15666.79, "Total Cost": 15916.79, "Plan Rows": 100000, "Plan Width": 30, "Sort Key": ["supplier.s_suppkey"], "Plans": [{"Node Type": "Nested Loop", "Parent Relationship": "Outer", "Parallel Aware": false, "Join Type": "Inner", "Startup Cost": 0.55, "Total Cost": 7361.97, "Plan Rows": 100000, "Plan Width": 30, "Inner Unique": false, "Plans": [{"Node Type": "Index Scan", "Parent Relationship": "Outer", "Parallel Aware": false, "Scan Direction": "Forward", "Index Name": "nation_pkey", "Relation Name": "nation", "Alias": "nation", "Startup Cost": 0.14, "Total Cost": 3.81, "Plan Rows": 25, "Plan Width": 30}, {"Node Type": "Index Scan", "Parent Relationship": "Inner", "Parallel Aware": false, "Scan Direction": "Forward", "Index Name": "idx_supplier_nation_key", "Relation Name": "supplier", "Alias": "supplier", "Startup Cost": 0.42, "Total Cost": 254.33, "Plan Rows": 4000, "Plan Width": 8, "Index Cond": "(s_nationkey = nation.n_nationkey)"}]}]}]}, {"Node Type": "Index Scan", "Parent Relationship": "Inner", "Parallel Aware": false, "Scan Direction": "Forward", "Index Name": "idx_lineitem_part_supp", "Relation Name": "lineitem", "Alias": "lineitem", "Startup Cost": 0.56, "Total Cost": 0.95, "Plan Rows": 1, "Plan Width": 29, "Index Cond": "((l_partkey = partsupp.ps_partkey) AND (l_suppkey = partsupp.ps_suppkey))"}]}, {"Node Type": "Index Scan", "Parent Relationship": "Inner", "Parallel Aware": false, "Scan Direction": "Forward", "Index Name": "orders_pkey", "Relation Name": "orders", "Alias": "orders", "Startup Cost": 0.43, "Total Cost": 0.55, "Plan Rows": 1, "Plan Width": 8, "Index Cond": "(o_orderkey = lineitem.l_orderkey)"}]}]}]}]}]}]}}, {"Plan": {"Node Type": "Limit", "Parallel Aware": false, "Startup Cost": 998842.31, "Total Cost": 998842.71, "Plan Rows": 1, "Plan Width": 66, "Plans": [{"Node Type": "Aggregate", "Strategy": "Sorted", "Partial Mode": "Finalize", "Parent Relationship": "Outer", "Parallel Aware": false, "Startup Cost": 998842.31, "Total Cost": 1023052.68, "Plan Rows": 60150, "Plan Width": 66, "Group Key": ["nation.n_name", "(date_part('year'::text, (orders.o_orderdate)::timestamp without time zone))"], "Plans": [{"Node Type": "Gather Merge", "Parent Relationship": "Outer", "Parallel Aware": false, "Startup Cost": 998842.31, "Total Cost": 1020195.56, "Plan Rows": 180450, "Plan Width": 66, "Workers Planned": 3, "Plans": [{"Node Type": "Sort", "Parent Relationship": "Outer", "Parallel Aware": false, "Startup Cost": 997842.27, "Total Cost": 997992.64, "Plan Rows": 60150, "Plan Width": 66, "Sort Key": ["nation.n_name", "(date_part('year'::text, (orders.o_orderdate)::timestamp without time zone)) DESC"], "Plans": [{"Node Type": "Aggregate", "Strategy": "Hashed", "Partial Mode": "Partial", "Parent Relationship": "Outer", "Parallel Aware": false, "Startup Cost": 992014.85, "Total Cost": 993067.48, "Plan Rows": 60150, "Plan Width": 66, "Group Key": ["nation.n_name", "date_part('year'::text, (orders.o_orderdate)::timestamp without time zone)"], "Plans": [{"Node Type": "Nested Loop", "Parent Relationship": "Outer", "Parallel Aware": false, "Join Type": "Inner", "Startup Cost": 142388.78, "Total Cost": 970977.84, "Plan Rows": 1202115, "Plan Width": 57, "Inner Unique": true, "Plans": [{"Node Type": "Nested Loop", "Parent Relationship": "Outer", "Parallel Aware": false, "Join Type": "Inner", "Startup Cost": 142388.34, "Total Cost": 300517.78, "Plan Rows": 1202115, "Plan Width": 53, "Inner Unique": false, "Join Filter": "(supplier.s_suppkey = lineitem.l_suppkey)", "Plans": [{"Node Type": "Merge Join", "Parent Relationship": "Outer", "Parallel Aware": false, "Join Type": "Inner", "Startup Cost": 142387.78, "Total Cost": 145593.12, "Plan Rows": 160312, "Plan Width": 48, "Inner Unique": false, "Merge Cond": "(partsupp.ps_suppkey = supplier.s_suppkey)", "Plans": [{"Node Type": "Sort", "Parent Relationship": "Outer", "Parallel Aware": false, "Startup Cost": 126723.55, "Total Cost": 127124.33, "Plan Rows": 160312, "Plan Width": 18, "Sort Key": ["partsupp.ps_suppkey"], "Plans": [{"Node Type": "Nested Loop", "Parent Relationship": "Outer", "Parallel Aware": false, "Join Type": "Inner", "Startup Cost": 0.43, "Total Cost": 112864.16, "Plan Rows": 160312, "Plan Width": 18, "Inner Unique": false, "Plans": [{"Node Type": "Seq Scan", "Parent Relationship": "Outer", "Parallel Aware": true, "Relation Name": "part", "Alias": "part", "Startup Cost": 0.0, "Total Cost": 49026.52, "Plan Rows": 40080, "Plan Width": 4, "Filter": "((p_name)::text ~~ '%almond%'::text)"}, {"Node Type": "Index Scan", "Parent Relationship": "Inner", "Parallel Aware": false, "Scan Direction": "Forward", "Index Name": "idx_partsupp_partkey", "Relation Name": "partsupp", "Alias": "partsupp", "Startup Cost": 0.43, "Total Cost": 1.54, "Plan Rows": 5, "Plan Width": 14, "Index Cond": "(ps_partkey = part.p_partkey)"}]}]}, {"Node Type": "Sort", "Parent Relationship": "Inner", "Parallel Aware": false, "Startup Cost": 15664.22, "Total Cost": 15914.22, "Plan Rows": 100000, "Plan Width": 30, "Sort Key": ["supplier.s_suppkey"], "Plans": [{"Node Type": "Nested Loop", "Parent Relationship": "Outer", "Parallel Aware": false, "Join Type": "Inner", "Startup Cost": 0.42, "Total Cost": 7359.4, "Plan Rows": 100000, "Plan Width": 30, "Inner Unique": false, "Plans": [{"Node Type": "Seq Scan", "Parent Relationship": "Outer", "Parallel Aware": false, "Relation Name": "nation", "Alias": "nation", "Startup Cost": 0.0, "Total Cost": 1.25, "Plan Rows": 25, "Plan Width": 30}, {"Node Type": "Index Scan", "Parent Relationship": "Inner", "Parallel Aware": false, "Scan Direction": "Forward", "Index Name": "idx_supplier_nation_key", "Relation Name": "supplier", "Alias": "supplier", "Startup Cost": 0.42, "Total Cost": 254.33, "Plan Rows": 4000, "Plan Width": 8, "Index Cond": "(s_nationkey = nation.n_nationkey)"}]}]}]}, {"Node Type": "Index Scan", "Parent Relationship": "Inner", "Parallel Aware": false, "Scan Direction": "Forward", "Index Name": "idx_lineitem_part_supp", "Relation Name": "lineitem", "Alias": "lineitem", "Startup Cost": 0.56, "Total Cost": 0.95, "Plan Rows": 1, "Plan Width": 29, "Index Cond": "((l_partkey = partsupp.ps_partkey) AND (l_suppkey = partsupp.ps_suppkey))"}]}, {"Node Type": "Index Scan", "Parent Relationship": "Inner", "Parallel Aware": false, "Scan Direction": "Forward", "Index Name": "orders_pkey", "Relation Name": "orders", "Alias": "orders", "Startup Cost": 0.43, "Total Cost": 0.55, "Plan Rows": 1, "Plan Width": 8, "Index Cond": "(o_orderkey = lineitem.l_orderkey)"}]}]}]}]}]}]}}, {"Plan": {"Node Type": "Limit", "Parallel Aware": false, "Startup Cost": 5922276.24, "Total Cost": 5922276.64, "Plan Rows": 1, "Plan Width": 66, "Plans": [{"Node Type": "Aggregate", "Strategy": "Sorted", "Partial Mode": "Finalize", "Parent Relationship": "Outer", "Parallel Aware": false, "Startup Cost": 5922276.24, "Total Cost": 5946486.62, "Plan Rows": 60150, "Plan Width": 66, "Group Key": ["nation.n_name", "(date_part('year'::text, (orders.o_orderdate)::timestamp without time zone))"], "Plans": [{"Node Type": "Gather Merge", "Parent Relationship": "Outer", "Parallel Aware": false, "Startup Cost": 5922276.24, "Total Cost": 5943629.49, "Plan Rows": 180450, "Plan Width": 66, "Workers Planned": 3, "Plans": [{"Node Type": "Sort", "Parent Relationship": "Outer", "Parallel Aware": false, "Startup Cost": 5921276.2, "Total Cost": 5921426.58, "Plan Rows": 60150, "Plan Width": 66, "Sort Key": ["nation.n_name", "(date_part('year'::text, (orders.o_orderdate)::timestamp without time zone)) DESC"], "Plans": [{"Node Type": "Aggregate", "Strategy": "Hashed", "Partial Mode": "Partial", "Parent Relationship": "Outer", "Parallel Aware": false, "Startup Cost": 5915448.79, "Total Cost": 5916501.41, "Plan Rows": 60150, "Plan Width": 66, "Group Key": ["nation.n_name", "date_part('year'::text, (orders.o_orderdate)::timestamp without time zone)"], "Plans": [{"Node Type": "Merge Join", "Parent Relationship": "Outer", "Parallel Aware": false, "Join Type": "Inner", "Startup Cost": 5717279.06, "Total Cost": 5894411.77, "Plan Rows": 1202115, "Plan Width": 57, "Inner Unique": false, "Merge Cond": "(lineitem.l_suppkey = supplier.s_suppkey)", "Plans": [{"Node Type": "Merge Join", "Parent Relationship": "Outer", "Parallel Aware": false, "Join Type": "Inner", "Startup Cost": 5701526.88, "Total Cost": 5851618.12, "Plan Rows": 1202115, "Plan Width": 35, "Inner Unique": false, "Merge Cond": "((lineitem.l_suppkey = partsupp.ps_suppkey) AND (lineitem.l_partkey = partsupp.ps_partkey))", "Plans": [{"Node Type": "Sort", "Parent Relationship": "Outer", "Parallel Aware": false, "Startup Cost": 5222728.83, "Total Cost": 5271104.46, "Plan Rows": 19350250, "Plan Width": 29, "Sort Key": ["lineitem.l_suppkey", "lineitem.l_partkey"], "Plans": [{"Node Type": "Merge Join", "Parent Relationship": "Outer", "Parallel Aware": false, "Join Type": "Inner", "Startup Cost": 46.35, "Total Cost": 2609612.8, "Plan Rows": 19350250, "Plan Width": 29, "Inner Unique": true, "Merge Cond": "(lineitem.l_orderkey = orders.o_orderkey)", "Plans": [{"Node Type": "Index Scan", "Parent Relationship": "Outer", "Parallel Aware": true, "Scan Direction": "Forward", "Index Name": "idx_lineitem_orderkey", "Relation Name": "lineitem", "Alias": "lineitem", "Startup Cost": 0.56, "Total Cost": 1799092.35, "Plan Rows": 19350250, "Plan Width": 29}, {"Node Type": "Index Scan", "Parent Relationship": "Inner", "Parallel Aware": false, "Scan Direction": "Forward", "Index Name": "orders_pkey", "Relation Name": "orders", "Alias": "orders", "Startup Cost": 0.43, "Total Cost": 531144.89, "Plan Rows": 14999217, "Plan Width": 8}]}]}, {"Node Type": "Materialize", "Parent Relationship": "Inner", "Parallel Aware": false, "Startup Cost": 478795.14, "Total Cost": 481279.98, "Plan Rows": 496967, "Plan Width": 18, "Plans": [{"Node Type": "Sort", "Parent Relationship": "Outer", "Parallel Aware": false, "Startup Cost": 478795.14, "Total Cost": 480037.56, "Plan Rows": 496967, "Plan Width": 18, "Sort Key": ["partsupp.ps_suppkey", "part.p_partkey"], "Plans": [{"Node Type": "Merge Join", "Parent Relationship": "Outer", "Parallel Aware": false, "Join Type": "Inner", "Startup Cost": 3.82, "Total Cost": 425805.53, "Plan Rows": 496967, "Plan Width": 18, "Inner Unique": false, "Merge Cond": "(part.p_partkey = partsupp.ps_partkey)", "Plans": [{"Node Type": "Index Scan", "Parent Relationship": "Outer", "Parallel Aware": false, "Scan Direction": "Forward", "Index Name": "part_pkey", "Relation Name": "part", "Alias": "part", "Startup Cost": 0.43, "Total Cost": 81998.23, "Plan Rows": 124248, "Plan Width": 4, "Filter": "((p_name)::text ~~ '%almond%'::text)"}, {"Node Type": "Index Scan", "Parent Relationship": "Inner", "Parallel Aware": false, "Scan Direction": "Forward", "Index Name": "idx_partsupp_partkey", "Relation Name": "partsupp", "Alias": "partsupp", "Startup Cost": 0.43, "Total Cost": 318528.9, "Plan Rows": 7999600, "Plan Width": 14}]}]}]}]}, {"Node Type": "Sort", "Parent Relationship": "Inner", "Parallel Aware": false, "Startup Cost": 15749.12, "Total Cost": 15999.12, "Plan Rows": 100000, "Plan Width": 30, "Sort Key": ["supplier.s_suppkey"], "Plans": [{"Node Type": "Merge Join", "Parent Relationship": "Outer", "Parallel Aware": false, "Join Type": "Inner", "Startup Cost": 0.55, "Total Cost": 7444.3, "Plan Rows": 100000, "Plan Width": 30, "Inner Unique": true, "Merge Cond": "(supplier.s_nationkey = nation.n_nationkey)", "Plans": [{"Node Type": "Index Scan", "Parent Relationship": "Outer", "Parallel Aware": false, "Scan Direction": "Forward", "Index Name": "idx_supplier_nation_key", "Relation Name": "supplier", "Alias": "supplier", "Startup Cost": 0.42, "Total Cost": 6190.43, "Plan Rows": 100000, "Plan Width": 8}, {"Node Type": "Index Scan", "Parent Relationship": "Inner", "Parallel Aware": false, "Scan Direction": "Forward", "Index Name": "nation_pkey", "Relation Name": "nation", "Alias": "nation", "Startup Cost": 0.14, "Total Cost": 3.81, "Plan Rows": 25, "Plan Width": 30}]}]}]}]}]}]}]}]}}, {"Plan": {"Node Type": "Limit", "Parallel Aware": false, "Startup Cost": 1063189.77, "Total Cost": 1063190.18, "Plan Rows": 1, "Plan Width": 66, "Plans": [{"Node Type": "Aggregate", "Strategy": "Sorted", "Partial Mode": "Finalize", "Parent Relationship": "Outer", "Parallel Aware": false, "Startup Cost": 1063189.77, "Total Cost": 1087400.15, "Plan Rows": 60150, "Plan Width": 66, "Group Key": ["nation.n_name", "(date_part('year'::text, (orders.o_orderdate)::timestamp without time zone))"], "Plans": [{"Node Type": "Gather Merge", "Parent Relationship": "Outer", "Parallel Aware": false, "Startup Cost": 1063189.77, "Total Cost": 1084543.02, "Plan Rows": 180450, "Plan Width": 66, "Workers Planned": 3, "Plans": [{"Node Type": "Sort", "Parent Relationship": "Outer", "Parallel Aware": false, "Startup Cost": 1062189.73, "Total Cost": 1062340.11, "Plan Rows": 60150, "Plan Width": 66, "Sort Key": ["nation.n_name", "(date_part('year'::text, (orders.o_orderdate)::timestamp without time zone)) DESC"], "Plans": [{"Node Type": "Aggregate", "Strategy": "Hashed", "Partial Mode": "Partial", "Parent Relationship": "Outer", "Parallel Aware": false, "Startup Cost": 1056362.32, "Total Cost": 1057414.94, "Plan Rows": 60150, "Plan Width": 66, "Group Key": ["nation.n_name", "date_part('year'::text, (orders.o_orderdate)::timestamp without time zone)"], "Plans": [{"Node Type": "Nested Loop", "Parent Relationship": "Outer", "Parallel Aware": false, "Join Type": "Inner", "Startup Cost": 2.29, "Total Cost": 1035325.31, "Plan Rows": 1202115, "Plan Width": 57, "Inner Unique": true, "Plans": [{"Node Type": "Nested Loop", "Parent Relationship": "Outer", "Parallel Aware": false, "Join Type": "Inner", "Startup Cost": 1.85, "Total Cost": 364865.25, "Plan Rows": 1202115, "Plan Width": 53, "Inner Unique": false, "Join Filter": "(supplier.s_suppkey = lineitem.l_suppkey)", "Plans": [{"Node Type": "Nested Loop", "Parent Relationship": "Outer", "Parallel Aware": false, "Join Type": "Inner", "Startup Cost": 1.29, "Total Cost": 209940.59, "Plan Rows": 160312, "Plan Width": 48, "Inner Unique": true, "Plans": [{"Node Type": "Nested Loop", "Parent Relationship": "Outer", "Parallel Aware": false, "Join Type": "Inner", "Startup Cost": 1.15, "Total Cost": 185185.78, "Plan Rows": 160312, "Plan Width": 26, "Inner Unique": true, "Plans": [{"Node Type": "Nested Loop", "Parent Relationship": "Outer", "Parallel Aware": false, "Join Type": "Inner", "Startup Cost": 0.86, "Total Cost": 128900.38, "Plan Rows": 160312, "Plan Width": 18, "Inner Unique": false, "Plans": [{"Node Type": "Index Scan", "Parent Relationship": "Outer", "Parallel Aware": true, "Scan Direction": "Forward", "Index Name": "part_pkey", "Relation Name": "part", "Alias": "part", "Startup Cost": 0.43, "Total Cost": 65062.74, "Plan Rows": 40080, "Plan Width": 4, "Filter": "((p_name)::text ~~ '%almond%'::text)"}, {"Node Type": "Index Scan", "Parent Relationship": "Inner", "Parallel Aware": false, "Scan Direction": "Forward", "Index Name": "idx_partsupp_partkey", "Relation Name": "partsupp", "Alias": "partsupp", "Startup Cost": 0.43, "Total Cost": 1.54, "Plan Rows": 5, "Plan Width": 14, "Index Cond": "(ps_partkey = part.p_partkey)"}]}, {"Node Type": "Index Scan", "Parent Relationship": "Inner", "Parallel Aware": false, "Scan Direction": "Forward", "Index Name": "supplier_pkey", "Relation Name": "supplier", "Alias": "supplier", "Startup Cost": 0.29, "Total Cost": 0.35, "Plan Rows": 1, "Plan Width": 8, "Index Cond": "(s_suppkey = partsupp.ps_suppkey)"}]}, {"Node Type": "Index Scan", "Parent Relationship": "Inner", "Parallel Aware": false, "Scan Direction": "Forward", "Index Name": "nation_pkey", "Relation Name": "nation", "Alias": "nation", "Startup Cost": 0.14, "Total Cost": 0.16, "Plan Rows": 1, "Plan Width": 30, "Index Cond": "(n_nationkey = supplier.s_nationkey)"}]}, {"Node Type": "Index Scan", "Parent Relationship": "Inner", "Parallel Aware": false, "Scan Direction": "Forward", "Index Name": "idx_lineitem_part_supp", "Relation Name": "lineitem", "Alias": "lineitem", "Startup Cost": 0.56, "Total Cost": 0.95, "Plan Rows": 1, "Plan Width": 29, "Index Cond": "((l_partkey = partsupp.ps_partkey) AND (l_suppkey = partsupp.ps_suppkey))"}]}, {"Node Type": "Index Scan", "Parent Relationship": "Inner", "Parallel Aware": false, "Scan Direction": "Forward", "Index Name": "orders_pkey", "Relation Name": "orders", "Alias": "orders", "Startup Cost": 0.43, "Total Cost": 0.55, "Plan Rows": 1, "Plan Width": 8, "Index Cond": "(o_orderkey = lineitem.l_orderkey)"}]}]}]}]}]}]}}, {"Plan": {"Node Type": "Limit", "Parallel Aware": false, "Startup Cost": 1047153.55, "Total Cost": 1047153.95, "Plan Rows": 1, "Plan Width": 66, "Plans": [{"Node Type": "Aggregate", "Strategy": "Sorted", "Partial Mode": "Finalize", "Parent Relationship": "Outer", "Parallel Aware": false, "Startup Cost": 1047153.55, "Total Cost": 1071363.92, "Plan Rows": 60150, "Plan Width": 66, "Group Key": ["nation.n_name", "(date_part('year'::text, (orders.o_orderdate)::timestamp without time zone))"], "Plans": [{"Node Type": "Gather Merge", "Parent Relationship": "Outer", "Parallel Aware": false, "Startup Cost": 1047153.55, "Total Cost": 1068506.8, "Plan Rows": 180450, "Plan Width": 66, "Workers Planned": 3, "Plans": [{"Node Type": "Sort", "Parent Relationship": "Outer", "Parallel Aware": false, "Startup Cost": 1046153.51, "Total Cost": 1046303.88, "Plan Rows": 60150, "Plan Width": 66, "Sort Key": ["nation.n_name", "(date_part('year'::text, (orders.o_orderdate)::timestamp without time zone)) DESC"], "Plans": [{"Node Type": "Aggregate", "Strategy": "Hashed", "Partial Mode": "Partial", "Parent Relationship": "Outer", "Parallel Aware": false, "Startup Cost": 1040326.09, "Total Cost": 1041378.72, "Plan Rows": 60150, "Plan Width": 66, "Group Key": ["nation.n_name", "date_part('year'::text, (orders.o_orderdate)::timestamp without time zone)"], "Plans": [{"Node Type": "Nested Loop", "Parent Relationship": "Outer", "Parallel Aware": false, "Join Type": "Inner", "Startup Cost": 1.86, "Total Cost": 1019289.08, "Plan Rows": 1202115, "Plan Width": 57, "Inner Unique": true, "Plans": [{"Node Type": "Nested Loop", "Parent Relationship": "Outer", "Parallel Aware": false, "Join Type": "Inner", "Startup Cost": 1.43, "Total Cost": 348829.02, "Plan Rows": 1202115, "Plan Width": 53, "Inner Unique": false, "Join Filter": "(supplier.s_suppkey = lineitem.l_suppkey)", "Plans": [{"Node Type": "Nested Loop", "Parent Relationship": "Outer", "Parallel Aware": false, "Join Type": "Inner", "Startup Cost": 0.86, "Total Cost": 193904.37, "Plan Rows": 160312, "Plan Width": 48, "Inner Unique": true, "Plans": [{"Node Type": "Nested Loop", "Parent Relationship": "Outer", "Parallel Aware": false, "Join Type": "Inner", "Startup Cost": 0.72, "Total Cost": 169149.56, "Plan Rows": 160312, "Plan Width": 26, "Inner Unique": true, "Plans": [{"Node Type": "Nested Loop", "Parent Relationship": "Outer", "Parallel Aware": false, "Join Type": "Inner", "Startup Cost": 0.43, "Total Cost": 112864.16, "Plan Rows": 160312, "Plan Width": 18, "Inner Unique": false, "Plans": [{"Node Type": "Seq Scan", "Parent Relationship": "Outer", "Parallel Aware": true, "Relation Name": "part", "Alias": "part", "Startup Cost": 0.0, "Total Cost": 49026.52, "Plan Rows": 40080, "Plan Width": 4, "Filter": "((p_name)::text ~~ '%almond%'::text)"}, {"Node Type": "Index Scan", "Parent Relationship": "Inner", "Parallel Aware": false, "Scan Direction": "Forward", "Index Name": "idx_partsupp_partkey", "Relation Name": "partsupp", "Alias": "partsupp", "Startup Cost": 0.43, "Total Cost": 1.54, "Plan Rows": 5, "Plan Width": 14, "Index Cond": "(ps_partkey = part.p_partkey)"}]}, {"Node Type": "Index Scan", "Parent Relationship": "Inner", "Parallel Aware": false, "Scan Direction": "Forward", "Index Name": "supplier_pkey", "Relation Name": "supplier", "Alias": "supplier", "Startup Cost": 0.29, "Total Cost": 0.35, "Plan Rows": 1, "Plan Width": 8, "Index Cond": "(s_suppkey = partsupp.ps_suppkey)"}]}, {"Node Type": "Index Scan", "Parent Relationship": "Inner", "Parallel Aware": false, "Scan Direction": "Forward", "Index Name": "nation_pkey", "Relation Name": "nation", "Alias": "nation", "Startup Cost": 0.14, "Total Cost": 0.16, "Plan Rows": 1, "Plan Width": 30, "Index Cond": "(n_nationkey = supplier.s_nationkey)"}]}, {"Node Type": "Index Scan", "Parent Relationship": "Inner", "Parallel Aware": false, "Scan Direction": "Forward", "Index Name": "idx_lineitem_part_supp", "Relation Name": "lineitem", "Alias": "lineitem", "Startup Cost": 0.56, "Total Cost": 0.95, "Plan Rows": 1, "Plan Width": 29, "Index Cond": "((l_partkey = partsupp.ps_partkey) AND (l_suppkey = partsupp.ps_suppkey))"}]}, {"Node Type": "Index Scan", "Parent Relationship": "Inner", "Parallel Aware": false, "Scan Direction": "Forward", "Index Name": "orders_pkey", "Relation Name": "orders", "Alias": "orders", "Startup Cost": 0.43, "Total Cost": 0.55, "Plan Rows": 1, "Plan Width": 8, "Index Cond": "(o_orderkey = lineitem.l_orderkey)"}]}]}]}]}]}]}}, {"Plan": {"Node Type": "Limit", "Parallel Aware": false, "Startup Cost": 2458542.51, "Total Cost": 2458542.92, "Plan Rows": 1, "Plan Width": 66, "Plans": [{"Node Type": "Aggregate", "Strategy": "Sorted", "Partial Mode": "Finalize", "Parent Relationship": "Outer", "Parallel Aware": false, "Startup Cost": 2458542.51, "Total Cost": 2482752.89, "Plan Rows": 60150, "Plan Width": 66, "Group Key": ["nation.n_name", "(date_part('year'::text, (orders.o_orderdate)::timestamp without time zone))"], "Plans": [{"Node Type": "Gather Merge", "Parent Relationship": "Outer", "Parallel Aware": false, "Startup Cost": 2458542.51, "Total Cost": 2479895.76, "Plan Rows": 180450, "Plan Width": 66, "Workers Planned": 3, "Plans": [{"Node Type": "Sort", "Parent Relationship": "Outer", "Parallel Aware": false, "Startup Cost": 2457542.47, "Total Cost": 2457692.85, "Plan Rows": 60150, "Plan Width": 66, "Sort Key": ["nation.n_name", "(date_part('year'::text, (orders.o_orderdate)::timestamp without time zone)) DESC"], "Plans": [{"Node Type": "Aggregate", "Strategy": "Hashed", "Partial Mode": "Partial", "Parent Relationship": "Outer", "Parallel Aware": false, "Startup Cost": 2451715.06, "Total Cost": 2452767.68, "Plan Rows": 60150, "Plan Width": 66, "Group Key": ["nation.n_name", "date_part('year'::text, (orders.o_orderdate)::timestamp without time zone)"], "Plans": [{"Node Type": "Nested Loop", "Parent Relationship": "Outer", "Parallel Aware": false, "Join Type": "Inner", "Startup Cost": 198761.13, "Total Cost": 2430678.05, "Plan Rows": 1202115, "Plan Width": 57, "Inner Unique": true, "Plans": [{"Node Type": "Nested Loop", "Parent Relationship": "Outer", "Parallel Aware": false, "Join Type": "Inner", "Startup Cost": 198760.64, "Total Cost": 496960.87, "Plan Rows": 1202115, "Plan Width": 53, "Inner Unique": false, "Join Filter": "(supplier.s_suppkey = lineitem.l_suppkey)", "Plans": [{"Node Type": "Merge Join", "Parent Relationship": "Outer", "Parallel Aware": false, "Join Type": "Inner", "Startup Cost": 198759.93, "Total Cost": 201965.28, "Plan Rows": 160312, "Plan Width": 48, "Inner Unique": false, "Merge Cond": "(partsupp.ps_suppkey = supplier.s_suppkey)", "Plans": [{"Node Type": "Sort", "Parent Relationship": "Outer", "Parallel Aware": false, "Startup Cost": 182911.4, "Total Cost": 183312.18, "Plan Rows": 160312, "Plan Width": 18, "Sort Key": ["partsupp.ps_suppkey"], "Plans": [{"Node Type": "Nested Loop", "Parent Relationship": "Outer", "Parallel Aware": false, "Join Type": "Inner", "Startup Cost": 0.68, "Total Cost": 169052.0, "Plan Rows": 160312, "Plan Width": 18, "Inner Unique": false, "Plans": [{"Node Type": "Seq Scan", "Parent Relationship": "Outer", "Parallel Aware": true, "Relation Name": "part", "Alias": "part", "Startup Cost": 0.0, "Total Cost": 49026.52, "Plan Rows": 40080, "Plan Width": 4, "Filter": "((p_name)::text ~~ '%almond%'::text)"}, {"Node Type": "Bitmap Heap Scan", "Parent Relationship": "Inner", "Parallel Aware": false, "Relation Name": "partsupp", "Alias": "partsupp", "Startup Cost": 0.68, "Total Cost": 2.94, "Plan Rows": 5, "Plan Width": 14, "Recheck Cond": "(ps_partkey = part.p_partkey)", "Plans": [{"Node Type": "Bitmap Index Scan", "Parent Relationship": "Outer", "Parallel Aware": false, "Index Name": "partsupp_pkey", "Startup Cost": 0.0, "Total Cost": 0.68, "Plan Rows": 5, "Plan Width": 0, "Index Cond": "(ps_partkey = part.p_partkey)"}]}]}]}, {"Node Type": "Sort", "Parent Relationship": "Inner", "Parallel Aware": false, "Startup Cost": 15848.53, "Total Cost": 16098.53, "Plan Rows": 100000, "Plan Width": 30, "Sort Key": ["supplier.s_suppkey"], "Plans": [{"Node Type": "Nested Loop", "Parent Relationship": "Outer", "Parallel Aware": false, "Join Type": "Inner", "Startup Cost": 40.0, "Total Cost": 7543.71, "Plan Rows": 100000, "Plan Width": 30, "Inner Unique": false, "Plans": [{"Node Type": "Seq Scan", "Parent Relationship": "Outer", "Parallel Aware": false, "Relation Name": "nation", "Alias": "nation", "Startup Cost": 0.0, "Total Cost": 1.25, "Plan Rows": 25, "Plan Width": 30}, {"Node Type": "Bitmap Heap Scan", "Parent Relationship": "Inner", "Parallel Aware": false, "Relation Name": "supplier", "Alias": "supplier", "Startup Cost": 40.0, "Total Cost": 261.7, "Plan Rows": 4000, "Plan Width": 8, "Recheck Cond": "(s_nationkey = nation.n_nationkey)", "Plans": [{"Node Type": "Bitmap Index Scan", "Parent Relationship": "Outer", "Parallel Aware": false, "Index Name": "idx_supplier_nation_key", "Startup Cost": 0.0, "Total Cost": 39.0, "Plan Rows": 4000, "Plan Width": 0, "Index Cond": "(s_nationkey = nation.n_nationkey)"}]}]}]}]}, {"Node Type": "Bitmap Heap Scan", "Parent Relationship": "Inner", "Parallel Aware": false, "Relation Name": "lineitem", "Alias": "lineitem", "Startup Cost": 0.71, "Total Cost": 1.83, "Plan Rows": 1, "Plan Width": 29, "Recheck Cond": "((l_partkey = partsupp.ps_partkey) AND (l_suppkey = partsupp.ps_suppkey))", "Plans": [{"Node Type": "Bitmap Index Scan", "Parent Relationship": "Outer", "Parallel Aware": false, "Index Name": "idx_lineitem_part_supp", "Startup Cost": 0.0, "Total Cost": 0.71, "Plan Rows": 1, "Plan Width": 0, "Index Cond": "((l_partkey = partsupp.ps_partkey) AND (l_suppkey = partsupp.ps_suppkey))"}]}]}, {"Node Type": "Bitmap Heap Scan", "Parent Relationship": "Inner", "Parallel Aware": false, "Relation Name": "orders", "Alias": "orders", "Startup Cost": 0.49, "Total Cost": 1.6, "Plan Rows": 1, "Plan Width": 8, "Recheck Cond": "(o_orderkey = lineitem.l_orderkey)", "Plans": [{"Node Type": "Bitmap Index Scan", "Parent Relationship": "Outer", "Parallel Aware": false, "Index Name": "orders_pkey", "Startup Cost": 0.0, "Total Cost": 0.49, "Plan Rows": 1, "Plan Width": 0, "Index Cond": "(o_orderkey = lineitem.l_orderkey)"}]}]}]}]}]}]}]}}, {"Plan": {"Node Type": "Limit", "Parallel Aware": false, "Startup Cost": 8207080.77, "Total Cost": 8207081.17, "Plan Rows": 1, "Plan Width": 66, "Plans": [{"Node Type": "Aggregate", "Strategy": "Sorted", "Partial Mode": "Finalize", "Parent Relationship": "Outer", "Parallel Aware": false, "Startup Cost": 8207080.77, "Total Cost": 8231291.15, "Plan Rows": 60150, "Plan Width": 66, "Group Key": ["nation.n_name", "(date_part('year'::text, (orders.o_orderdate)::timestamp without time zone))"], "Plans": [{"Node Type": "Gather Merge", "Parent Relationship": "Outer", "Parallel Aware": false, "Startup Cost": 8207080.77, "Total Cost": 8228434.02, "Plan Rows": 180450, "Plan Width": 66, "Workers Planned": 3, "Plans": [{"Node Type": "Sort", "Parent Relationship": "Outer", "Parallel Aware": false, "Startup Cost": 8206080.73, "Total Cost": 8206231.11, "Plan Rows": 60150, "Plan Width": 66, "Sort Key": ["nation.n_name", "(date_part('year'::text, (orders.o_orderdate)::timestamp without time zone)) DESC"], "Plans": [{"Node Type": "Aggregate", "Strategy": "Hashed", "Partial Mode": "Partial", "Parent Relationship": "Outer", "Parallel Aware": false, "Startup Cost": 8200253.32, "Total Cost": 8201305.94, "Plan Rows": 60150, "Plan Width": 66, "Group Key": ["nation.n_name", "date_part('year'::text, (orders.o_orderdate)::timestamp without time zone)"], "Plans": [{"Node Type": "Merge Join", "Parent Relationship": "Outer", "Parallel Aware": false, "Join Type": "Inner", "Startup Cost": 8083158.59, "Total Cost": 8179216.3, "Plan Rows": 1202115, "Plan Width": 57, "Inner Unique": false, "Merge Cond": "(lineitem.l_suppkey = supplier.s_suppkey)", "Plans": [{"Node Type": "Merge Join", "Parent Relationship": "Outer", "Parallel Aware": false, "Join Type": "Inner", "Startup Cost": 8061829.56, "Total Cost": 8130842.56, "Plan Rows": 1202115, "Plan Width": 35, "Inner Unique": true, "Merge Cond": "((lineitem.l_suppkey = partsupp.ps_suppkey) AND (lineitem.l_partkey = partsupp.ps_partkey))", "Plans": [{"Node Type": "Sort", "Parent Relationship": "Outer", "Parallel Aware": false, "Startup Cost": 6810158.33, "Total Cost": 6813163.62, "Plan Rows": 1202115, "Plan Width": 33, "Sort Key": ["lineitem.l_suppkey", "part.p_partkey"], "Plans": [{"Node Type": "Merge Join", "Parent Relationship": "Outer", "Parallel Aware": false, "Join Type": "Inner", "Startup Cost": 6576480.7, "Total Cost": 6669508.29, "Plan Rows": 1202115, "Plan Width": 33, "Inner Unique": true, "Merge Cond": "(lineitem.l_orderkey = orders.o_orderkey)", "Plans": [{"Node Type": "Sort", "Parent Relationship": "Outer", "Parallel Aware": false, "Startup Cost": 4257679.37, "Total Cost": 4260684.66, "Plan Rows": 1202115, "Plan Width": 33, "Sort Key": ["lineitem.l_orderkey"], "Plans": [{"Node Type": "Merge Join", "Parent Relationship": "Outer", "Parallel Aware": false, "Join Type": "Inner", "Startup Cost": 4007636.57, "Total Cost": 4117029.33, "Plan Rows": 1202115, "Plan Width": 33, "Inner Unique": true, "Merge Cond": "(lineitem.l_partkey = part.p_partkey)", "Plans": [{"Node Type": "Sort", "Parent Relationship": "Outer", "Parallel Aware": false, "Startup Cost": 3931160.54, "Total Cost": 3979536.16, "Plan Rows": 19350250, "Plan Width": 29, "Sort Key": ["lineitem.l_partkey"], "Plans": [{"Node Type": "Seq Scan", "Parent Relationship": "Outer", "Parallel Aware": true, "Relation Name": "lineitem", "Alias": "lineitem", "Startup Cost": 0.0, "Total Cost": 1318044.5, "Plan Rows": 19350250, "Plan Width": 29}]}, {"Node Type": "Sort", "Parent Relationship": "Inner", "Parallel Aware": false, "Startup Cost": 76475.16, "Total Cost": 76785.78, "Plan Rows": 124248, "Plan Width": 4, "Sort Key": ["part.p_partkey"], "Plans": [{"Node Type": "Seq Scan", "Parent Relationship": "Outer", "Parallel Aware": false, "Relation Name": "part", "Alias": "part", "Startup Cost": 0.0, "Total Cost": 65962.0, "Plan Rows": 124248, "Plan Width": 4, "Filter": "((p_name)::text ~~ '%almond%'::text)"}]}]}]}, {"Node Type": "Sort", "Parent Relationship": "Inner", "Parallel Aware": false, "Startup Cost": 2318801.18, "Total Cost": 2356299.22, "Plan Rows": 14999217, "Plan Width": 8, "Sort Key": ["orders.o_orderkey"], "Plans": [{"Node Type": "Seq Scan", "Parent Relationship": "Outer", "Parallel Aware": false, "Relation Name": "orders", "Alias": "orders", "Startup Cost": 0.0, "Total Cost": 410904.17, "Plan Rows": 14999217, "Plan Width": 8}]}]}]}, {"Node Type": "Sort", "Parent Relationship": "Inner", "Parallel Aware": false, "Startup Cost": 1251671.04, "Total Cost": 1271670.04, "Plan Rows": 7999600, "Plan Width": 14, "Sort Key": ["partsupp.ps_suppkey", "partsupp.ps_partkey"], "Plans": [{"Node Type": "Seq Scan", "Parent Relationship": "Outer", "Parallel Aware": false, "Relation Name": "partsupp", "Alias": "partsupp", "Startup Cost": 0.0, "Total Cost": 254382.0, "Plan Rows": 7999600, "Plan Width": 14}]}]}, {"Node Type": "Sort", "Parent Relationship": "Inner", "Parallel Aware": false, "Startup Cost": 21327.6, "Total Cost": 21577.6, "Plan Rows": 100000, "Plan Width": 30, "Sort Key": ["supplier.s_suppkey"], "Plans": [{"Node Type": "Merge Join", "Parent Relationship": "Outer", "Parallel Aware": false, "Join Type": "Inner", "Startup Cost": 11522.65, "Total Cost": 13022.78, "Plan Rows": 100000, "Plan Width": 30, "Inner Unique": true, "Merge Cond": "(supplier.s_nationkey = nation.n_nationkey)", "Plans": [{"Node Type": "Sort", "Parent Relationship": "Outer", "Parallel Aware": false, "Startup Cost": 11520.82, "Total Cost": 11770.82, "Plan Rows": 100000, "Plan Width": 8, "Sort Key": ["supplier.s_nationkey"], "Plans": [{"Node Type": "Seq Scan", "Parent Relationship": "Outer", "Parallel Aware": false, "Relation Name": "supplier", "Alias": "supplier", "Startup Cost": 0.0, "Total Cost": 3216.0, "Plan Rows": 100000, "Plan Width": 8}]}, {"Node Type": "Sort", "Parent Relationship": "Inner", "Parallel Aware": false, "Startup Cost": 1.83, "Total Cost": 1.89, "Plan Rows": 25, "Plan Width": 30, "Sort Key": ["nation.n_nationkey"], "Plans": [{"Node Type": "Seq Scan", "Parent Relationship": "Outer", "Parallel Aware": false, "Relation Name": "nation", "Alias": "nation", "Startup Cost": 0.0, "Total Cost": 1.25, "Plan Rows": 25, "Plan Width": 30}]}]}]}]}]}]}]}]}]}}, {"Plan": {"Node Type": "Limit", "Parallel Aware": false, "Startup Cost": 2850364.44, "Total Cost": 2850364.84, "Plan Rows": 1, "Plan Width": 66, "Plans": [{"Node Type": "Aggregate", "Strategy": "Sorted", "Partial Mode": "Finalize", "Parent Relationship": "Outer", "Parallel Aware": false, "Startup Cost": 2850364.44, "Total Cost": 2874574.81, "Plan Rows": 60150, "Plan Width": 66, "Group Key": ["nation.n_name", "(date_part('year'::text, (orders.o_orderdate)::timestamp without time zone))"], "Plans": [{"Node Type": "Gather Merge", "Parent Relationship": "Outer", "Parallel Aware": false, "Startup Cost": 2850364.44, "Total Cost": 2871717.69, "Plan Rows": 180450, "Plan Width": 66, "Workers Planned": 3, "Plans": [{"Node Type": "Sort", "Parent Relationship": "Outer", "Parallel Aware": false, "Startup Cost": 2849364.4, "Total Cost": 2849514.77, "Plan Rows": 60150, "Plan Width": 66, "Sort Key": ["nation.n_name", "(date_part('year'::text, (orders.o_orderdate)::timestamp without time zone)) DESC"], "Plans": [{"Node Type": "Aggregate", "Strategy": "Hashed", "Partial Mode": "Partial", "Parent Relationship": "Outer", "Parallel Aware": false, "Startup Cost": 2843536.98, "Total Cost": 2844589.6, "Plan Rows": 60150, "Plan Width": 66, "Group Key": ["nation.n_name", "date_part('year'::text, (orders.o_orderdate)::timestamp without time zone)"], "Plans": [{"Node Type": "Nested Loop", "Parent Relationship": "Outer", "Parallel Aware": false, "Join Type": "Inner", "Startup Cost": 2.35, "Total Cost": 2822499.97, "Plan Rows": 1202115, "Plan Width": 57, "Inner Unique": true, "Plans": [{"Node Type": "Nested Loop", "Parent Relationship": "Outer", "Parallel Aware": false, "Join Type": "Inner", "Startup Cost": 1.86, "Total Cost": 888782.79, "Plan Rows": 1202115, "Plan Width": 53, "Inner Unique": false, "Join Filter": "(supplier.s_suppkey = lineitem.l_suppkey)", "Plans": [{"Node Type": "Nested Loop", "Parent Relationship": "Outer", "Parallel Aware": false, "Join Type": "Inner", "Startup Cost": 1.15, "Total Cost": 593787.2, "Plan Rows": 160312, "Plan Width": 48, "Inner Unique": true, "Plans": [{"Node Type": "Nested Loop", "Parent Relationship": "Outer", "Parallel Aware": false, "Join Type": "Inner", "Startup Cost": 1.0, "Total Cost": 398730.95, "Plan Rows": 160312, "Plan Width": 26, "Inner Unique": true, "Plans": [{"Node Type": "Nested Loop", "Parent Relationship": "Outer", "Parallel Aware": false, "Join Type": "Inner", "Startup Cost": 0.68, "Total Cost": 169052.0, "Plan Rows": 160312, "Plan Width": 18, "Inner Unique": false, "Plans": [{"Node Type": "Seq Scan", "Parent Relationship": "Outer", "Parallel Aware": true, "Relation Name": "part", "Alias": "part", "Startup Cost": 0.0, "Total Cost": 49026.52, "Plan Rows": 40080, "Plan Width": 4, "Filter": "((p_name)::text ~~ '%almond%'::text)"}, {"Node Type": "Bitmap Heap Scan", "Parent Relationship": "Inner", "Parallel Aware": false, "Relation Name": "partsupp", "Alias": "partsupp", "Startup Cost": 0.68, "Total Cost": 2.94, "Plan Rows": 5, "Plan Width": 14, "Recheck Cond": "(ps_partkey = part.p_partkey)", "Plans": [{"Node Type": "Bitmap Index Scan", "Parent Relationship": "Outer", "Parallel Aware": false, "Index Name": "partsupp_pkey", "Startup Cost": 0.0, "Total Cost": 0.68, "Plan Rows": 5, "Plan Width": 0, "Index Cond": "(ps_partkey = part.p_partkey)"}]}]}, {"Node Type": "Bitmap Heap Scan", "Parent Relationship": "Inner", "Parallel Aware": false, "Relation Name": "supplier", "Alias": "supplier", "Startup Cost": 0.32, "Total Cost": 1.43, "Plan Rows": 1, "Plan Width": 8, "Recheck Cond": "(s_suppkey = partsupp.ps_suppkey)", "Plans": [{"Node Type": "Bitmap Index Scan", "Parent Relationship": "Outer", "Parallel Aware": false, "Index Name": "supplier_pkey", "Startup Cost": 0.0, "Total Cost": 0.32, "Plan Rows": 1, "Plan Width": 0, "Index Cond": "(s_suppkey = partsupp.ps_suppkey)"}]}]}, {"Node Type": "Bitmap Heap Scan", "Parent Relationship": "Inner", "Parallel Aware": false, "Relation Name": "nation", "Alias": "nation", "Startup Cost": 0.15, "Total Cost": 1.26, "Plan Rows": 1, "Plan Width": 30, "Recheck Cond": "(n_nationkey = supplier.s_nationkey)", "Plans": [{"Node Type": "Bitmap Index Scan", "Parent Relationship": "Outer", "Parallel Aware": false, "Index Name": "nation_pkey", "Startup Cost": 0.0, "Total Cost": 0.15, "Plan Rows": 1, "Plan Width": 0, "Index Cond": "(n_nationkey = supplier.s_nationkey)"}]}]}, {"Node Type": "Bitmap Heap Scan", "Parent Relationship": "Inner", "Parallel Aware": false, "Relation Name": "lineitem", "Alias": "lineitem", "Startup Cost": 0.71, "Total Cost": 1.83, "Plan Rows": 1, "Plan Width": 29, "Recheck Cond": "((l_partkey = partsupp.ps_partkey) AND (l_suppkey = partsupp.ps_suppkey))", "Plans": [{"Node Type": "Bitmap Index Scan", "Parent Relationship": "Outer", "Parallel Aware": false, "Index Name": "idx_lineitem_part_supp", "Startup Cost": 0.0, "Total Cost": 0.71, "Plan Rows": 1, "Plan Width": 0, "Index Cond": "((l_partkey = partsupp.ps_partkey) AND (l_suppkey = partsupp.ps_suppkey))"}]}]}, {"Node Type": "Bitmap Heap Scan", "Parent Relationship": "Inner", "Parallel Aware": false, "Relation Name": "orders", "Alias": "orders", "Startup Cost": 0.49, "Total Cost": 1.6, "Plan Rows": 1, "Plan Width": 8, "Recheck Cond": "(o_orderkey = lineitem.l_orderkey)", "Plans": [{"Node Type": "Bitmap Index Scan", "Parent Relationship": "Outer", "Parallel Aware": false, "Index Name": "orders_pkey", "Startup Cost": 0.0, "Total Cost": 0.49, "Plan Rows": 1, "Plan Width": 0, "Index Cond": "(o_orderkey = lineitem.l_orderkey)"}]}]}]}]}]}]}]}}, {"Plan": {"Node Type": "Limit", "Parallel Aware": false, "Startup Cost": 709899.31, "Total Cost": 709899.71, "Plan Rows": 1, "Plan Width": 66, "Plans": [{"Node Type": "Aggregate", "Strategy": "Sorted", "Partial Mode": "Finalize", "Parent Relationship": "Outer", "Parallel Aware": false, "Startup Cost": 709899.31, "Total Cost": 734109.68, "Plan Rows": 60150, "Plan Width": 66, "Group Key": ["nation.n_name", "(date_part('year'::text, (orders.o_orderdate)::timestamp without time zone))"], "Plans": [{"Node Type": "Gather Merge", "Parent Relationship": "Outer", "Parallel Aware": false, "Startup Cost": 709899.31, "Total Cost": 731252.56, "Plan Rows": 180450, "Plan Width": 66, "Workers Planned": 3, "Plans": [{"Node Type": "Sort", "Parent Relationship": "Outer", "Parallel Aware": false, "Startup Cost": 708899.27, "Total Cost": 709049.64, "Plan Rows": 60150, "Plan Width": 66, "Sort Key": ["nation.n_name", "(date_part('year'::text, (orders.o_orderdate)::timestamp without time zone)) DESC"], "Plans": [{"Node Type": "Aggregate", "Strategy": "Hashed", "Partial Mode": "Partial", "Parent Relationship": "Outer", "Parallel Aware": false, "Startup Cost": 703071.85, "Total Cost": 704124.48, "Plan Rows": 60150, "Plan Width": 66, "Group Key": ["nation.n_name", "date_part('year'::text, (orders.o_orderdate)::timestamp without time zone)"], "Plans": [{"Node Type": "Hash Join", "Parent Relationship": "Outer", "Parallel Aware": false, "Join Type": "Inner", "Startup Cost": 294995.19, "Total Cost": 682034.84, "Plan Rows": 1202115, "Plan Width": 57, "Inner Unique": true, "Hash Cond": "(supplier.s_nationkey = nation.n_nationkey)", "Plans": [{"Node Type": "Hash Join", "Parent Relationship": "Outer", "Parallel Aware": true, "Join Type": "Inner", "Startup Cost": 294993.63, "Total Cost": 672332.2, "Plan Rows": 1202115, "Plan Width": 31, "Inner Unique": false, "Hash Cond": "(orders.o_orderkey = lineitem.l_orderkey)", "Plans": [{"Node Type": "Seq Scan", "Parent Relationship": "Outer", "Parallel Aware": true, "Relation Name": "orders", "Alias": "orders", "Startup Cost": 0.0, "Total Cost": 309296.57, "Plan Rows": 4838457, "Plan Width": 8}, {"Node Type": "Hash", "Parent Relationship": "Inner", "Parallel Aware": true, "Startup Cost": 271749.19, "Total Cost": 271749.19, "Plan Rows": 1202115, "Plan Width": 31, "Plans": [{"Node Type": "Nested Loop", "Parent Relationship": "Outer", "Parallel Aware": false, "Join Type": "Inner", "Startup Cost": 3540.53, "Total Cost": 271749.19, "Plan Rows": 1202115, "Plan Width": 31, "Inner Unique": false, "Join Filter": "(supplier.s_suppkey = lineitem.l_suppkey)", "Plans": [{"Node Type": "Hash Join", "Parent Relationship": "Outer", "Parallel Aware": true, "Join Type": "Inner", "Startup Cost": 3539.97, "Total Cost": 116824.53, "Plan Rows": 160312, "Plan Width": 26, "Inner Unique": true, "Hash Cond": "(partsupp.ps_suppkey = supplier.s_suppkey)", "Plans": [{"Node Type": "Nested Loop", "Parent Relationship": "Outer", "Parallel Aware": false, "Join Type": "Inner", "Startup Cost": 0.43, "Total Cost": 112864.16, "Plan Rows": 160312, "Plan Width": 18, "Inner Unique": false, "Plans": [{"Node Type": "Seq Scan", "Parent Relationship": "Outer", "Parallel Aware": true, "Relation Name": "part", "Alias": "part", "Startup Cost": 0.0, "Total Cost": 49026.52, "Plan Rows": 40080, "Plan Width": 4, "Filter": "((p_name)::text ~~ '%almond%'::text)"}, {"Node Type": "Index Scan", "Parent Relationship": "Inner", "Parallel Aware": false, "Scan Direction": "Forward", "Index Name": "idx_partsupp_partkey", "Relation Name": "partsupp", "Alias": "partsupp", "Startup Cost": 0.43, "Total Cost": 1.54, "Plan Rows": 5, "Plan Width": 14, "Index Cond": "(ps_partkey = part.p_partkey)"}]}, {"Node Type": "Hash", "Parent Relationship": "Inner", "Parallel Aware": true, "Startup Cost": 2804.24, "Total Cost": 2804.24, "Plan Rows": 58824, "Plan Width": 8, "Plans": [{"Node Type": "Seq Scan", "Parent Relationship": "Outer", "Parallel Aware": true, "Relation Name": "supplier", "Alias": "supplier", "Startup Cost": 0.0, "Total Cost": 2804.24, "Plan Rows": 58824, "Plan Width": 8}]}]}, {"Node Type": "Index Scan", "Parent Relationship": "Inner", "Parallel Aware": false, "Scan Direction": "Forward", "Index Name": "idx_lineitem_part_supp", "Relation Name": "lineitem", "Alias": "lineitem", "Startup Cost": 0.56, "Total Cost": 0.95, "Plan Rows": 1, "Plan Width": 29, "Index Cond": "((l_partkey = partsupp.ps_partkey) AND (l_suppkey = partsupp.ps_suppkey))"}]}]}]}, {"Node Type": "Hash", "Parent Relationship": "Inner", "Parallel Aware": false, "Startup Cost": 1.25, "Total Cost": 1.25, "Plan Rows": 25, "Plan Width": 30, "Plans": [{"Node Type": "Seq Scan", "Parent Relationship": "Outer", "Parallel Aware": false, "Relation Name": "nation", "Alias": "nation", "Startup Cost": 0.0, "Total Cost": 1.25, "Plan Rows": 25, "Plan Width": 30}]}]}]}]}]}]}]}}]