[{"Plan": {"Node Type": "Aggregate", "Strategy": "Plain", "Partial Mode": "Simple", "Parallel Aware": false, "Startup Cost": 90000105737.72, "Total Cost": 90000105737.73, "Plan Rows": 1, "Plan Width": 96, "Plans": [{"Node Type": "Nested Loop", "Parent Relationship": "Outer", "Parallel Aware": false, "Join Type": "Inner", "Startup Cost": 90000000004.24, "Total Cost": 90000105737.71, "Plan Rows": 1, "Plan Width": 41, "Inner Unique": true, "Plans": [{"Node Type": "Nested Loop", "Parent Relationship": "Outer", "Parallel Aware": false, "Join Type": "Inner", "Startup Cost": 80000000004.08, "Total Cost": 80000105736.06, "Plan Rows": 1, "Plan Width": 45, "Inner Unique": true, "Plans": [{"Node Type": "Nested Loop", "Parent Relationship": "Outer", "Parallel Aware": false, "Join Type": "Inner", "Startup Cost": 70000000003.93, "Total Cost": 70000105733.68, "Plan Rows": 1, "Plan Width": 49, "Inner Unique": false, "Join Filter": "(t.id = mi.movie_id)", "Plans": [{"Node Type": "Nested Loop", "Parent Relationship": "Outer", "Parallel Aware": false, "Join Type": "Inner", "Startup Cost": 60000000003.15, "Total Cost": 60000105730.78, "Plan Rows": 1, "Plan Width": 57, "Inner Unique": true, "Plans": [{"Node Type": "Nested Loop", "Parent Relationship": "Outer", "Parallel Aware": false, "Join Type": "Inner", "Startup Cost": 50000000002.73, "Total Cost": 50000105729.24, "Plan Rows": 1, "Plan Width": 42, "Inner Unique": true, "Plans": [{"Node Type": "Nested Loop", "Parent Relationship": "Outer", "Parallel Aware": false, "Join Type": "Inner", "Startup Cost": 40000000002.57, "Total Cost": 40000105713.52, "Plan Rows": 12, "Plan Width": 46, "Inner Unique": false, "Join Filter": "(t.id = mc.movie_id)", "Plans": [{"Node Type": "Nested Loop", "Parent Relationship": "Outer", "Parallel Aware": false, "Join Type": "Inner", "Startup Cost": 30000000002.09, "Total Cost": 30000105710.11, "Plan Rows": 2, "Plan Width": 34, "Inner Unique": true, "Plans": [{"Node Type": "Nested Loop", "Parent Relationship": "Outer", "Parallel Aware": false, "Join Type": "Inner", "Startup Cost": 20000000001.94, "Total Cost": 20000105384.92, "Plan Rows": 257, "Plan Width": 38, "Inner Unique": false, "Plans": [{"Node Type": "Index Scan", "Parent Relationship": "Outer", "Parallel Aware": false, "Scan Direction": "Forward", "Index Name": "kind_id_title", "Relation Name": "title", "Alias": "t", "Startup Cost": 10000000000.43, "Total Cost": 10000103094.79, "Plan Rows": 470, "Plan Width": 25, "Filter": "((title <> ''::text) AND ((title ~~ '%Champion%'::text) OR (title ~~ '%Loser%'::text)))"}, {"Node Type": "Bitmap Heap Scan", "Parent Relationship": "Inner", "Parallel Aware": false, "Relation Name": "movie_info_idx", "Alias": "miidx", "Startup Cost": 1.51, "Total Cost": 4.84, "Plan Rows": 3, "Plan Width": 13, "Recheck Cond": "(movie_id = t.id)", "Plans": [{"Node Type": "Bitmap Index Scan", "Parent Relationship": "Outer", "Parallel Aware": false, "Index Name": "movie_id_movie_info_idx", "Startup Cost": 0.0, "Total Cost": 1.51, "Plan Rows": 3, "Plan Width": 0, "Index Cond": "(movie_id = t.id)"}]}]}, {"Node Type": "Bitmap Heap Scan", "Parent Relationship": "Inner", "Parallel Aware": false, "Relation Name": "info_type", "Alias": "it", "Startup Cost": 0.15, "Total Cost": 1.27, "Plan Rows": 1, "Plan Width": 4, "Recheck Cond": "(id = miidx.info_type_id)", "Filter": "((info)::text = 'rating'::text)", "Plans": [{"Node Type": "Bitmap Index Scan", "Parent Relationship": "Outer", "Parallel Aware": false, "Index Name": "info_type_pkey", "Startup Cost": 0.0, "Total Cost": 0.15, "Plan Rows": 1, "Plan Width": 0, "Index Cond": "(id = miidx.info_type_id)"}]}]}, {"Node Type": "Bitmap Heap Scan", "Parent Relationship": "Inner", "Parallel Aware": false, "Relation Name": "movie_companies", "Alias": "mc", "Startup Cost": 0.48, "Total Cost": 1.64, "Plan Rows": 5, "Plan Width": 12, "Recheck Cond": "(movie_id = miidx.movie_id)", "Plans": [{"Node Type": "Bitmap Index Scan", "Parent Relationship": "Outer", "Parallel Aware": false, "Index Name": "movie_id_movie_companies", "Startup Cost": 0.0, "Total Cost": 0.48, "Plan Rows": 5, "Plan Width": 0, "Index Cond": "(movie_id = miidx.movie_id)"}]}]}, {"Node Type": "Bitmap Heap Scan", "Parent Relationship": "Inner", "Parallel Aware": false, "Relation Name": "company_type", "Alias": "ct", "Startup Cost": 0.16, "Total Cost": 1.27, "Plan Rows": 1, "Plan Width": 4, "Recheck Cond": "(id = mc.company_type_id)", "Filter": "((kind)::text = 'production companies'::text)", "Plans": [{"Node Type": "Bitmap Index Scan", "Parent Relationship": "Outer", "Parallel Aware": false, "Index Name": "company_type_pkey", "Startup Cost": 0.0, "Total Cost": 0.16, "Plan Rows": 1, "Plan Width": 0, "Index Cond": "(id = mc.company_type_id)"}]}]}, {"Node Type": "Bitmap Heap Scan", "Parent Relationship": "Inner", "Parallel Aware": false, "Relation Name": "company_name", "Alias": "cn", "Startup Cost": 0.43, "Total Cost": 1.54, "Plan Rows": 1, "Plan Width": 23, "Recheck Cond": "(id = mc.company_id)", "Filter": "((country_code)::text = '[us]'::text)", "Plans": [{"Node Type": "Bitmap Index Scan", "Parent Relationship": "Outer", "Parallel Aware": false, "Index Name": "company_name_pkey", "Startup Cost": 0.0, "Total Cost": 0.43, "Plan Rows": 1, "Plan Width": 0, "Index Cond": "(id = mc.company_id)"}]}]}, {"Node Type": "Bitmap Heap Scan", "Parent Relationship": "Inner", "Parallel Aware": false, "Relation Name": "movie_info", "Alias": "mi", "Startup Cost": 0.78, "Total Cost": 2.39, "Plan Rows": 41, "Plan Width": 8, "Recheck Cond": "(movie_id = mc.movie_id)", "Plans": [{"Node Type": "Bitmap Index Scan", "Parent Relationship": "Outer", "Parallel Aware": false, "Index Name": "movie_id_movie_info", "Startup Cost": 0.0, "Total Cost": 0.77, "Plan Rows": 41, "Plan Width": 0, "Index Cond": "(movie_id = mc.movie_id)"}]}]}, {"Node Type": "Bitmap Heap Scan", "Parent Relationship": "Inner", "Parallel Aware": false, "Relation Name": "info_type", "Alias": "it2", "Startup Cost": 0.15, "Total Cost": 1.27, "Plan Rows": 1, "Plan Width": 4, "Recheck Cond": "(id = mi.info_type_id)", "Filter": "((info)::text = 'release dates'::text)", "Plans": [{"Node Type": "Bitmap Index Scan", "Parent Relationship": "Outer", "Parallel Aware": false, "Index Name": "info_type_pkey", "Startup Cost": 0.0, "Total Cost": 0.15, "Plan Rows": 1, "Plan Width": 0, "Index Cond": "(id = mi.info_type_id)"}]}]}, {"Node Type": "Bitmap Heap Scan", "Parent Relationship": "Inner", "Parallel Aware": false, "Relation Name": "kind_type", "Alias": "kt", "Startup Cost": 0.16, "Total Cost": 1.28, "Plan Rows": 1, "Plan Width": 4, "Recheck Cond": "(id = t.kind_id)", "Filter": "((kind)::text = 'movie'::text)", "Plans": [{"Node Type": "Bitmap Index Scan", "Parent Relationship": "Outer", "Parallel Aware": false, "Index Name": "kind_type_pkey", "Startup Cost": 0.0, "Total Cost": 0.16, "Plan Rows": 1, "Plan Width": 0, "Index Cond": "(id = t.kind_id)"}]}]}]}}, {"Plan": {"Node Type": "Aggregate", "Strategy": "Plain", "Partial Mode": "Finalize", "Parallel Aware": false, "Startup Cost": 511865.16, "Total Cost": 511865.17, "Plan Rows": 1, "Plan Width": 96, "Plans": [{"Node Type": "Gather", "Parent Relationship": "Outer", "Parallel Aware": false, "Startup Cost": 511865.05, "Total Cost": 511865.16, "Plan Rows": 1, "Plan Width": 96, "Workers Planned": 1, "Single Copy": false, "Plans": [{"Node Type": "Aggregate", "Strategy": "Plain", "Partial Mode": "Partial", "Parent Relationship": "Outer", "Parallel Aware": false, "Startup Cost": 510865.05, "Total Cost": 510865.06, "Plan Rows": 1, "Plan Width": 96, "Plans": [{"Node Type": "Hash Join", "Parent Relationship": "Outer", "Parallel Aware": true, "Join Type": "Inner", "Startup Cost": 503745.8, "Total Cost": 510865.04, "Plan Rows": 1, "Plan Width": 41, "Inner Unique": false, "Hash Cond": "(cn.id = mc.company_id)", "Plans": [{"Node Type": "Index Scan", "Parent Relationship": "Outer", "Parallel Aware": true, "Scan Direction": "Forward", "Index Name": "company_name_pkey", "Relation Name": "company_name", "Alias": "cn", "Startup Cost": 0.42, "Total Cost": 6930.42, "Plan Rows": 50460, "Plan Width": 23, "Filter": "((country_code)::text = '[us]'::text)"}, {"Node Type": "Hash", "Parent Relationship": "Inner", "Parallel Aware": true, "Startup Cost": 503745.37, "Total Cost": 503745.37, "Plan Rows": 1, "Plan Width": 26, "Plans": [{"Node Type": "Hash Join", "Parent Relationship": "Outer", "Parallel Aware": true, "Join Type": "Inner", "Startup Cost": 453855.26, "Total Cost": 503745.37, "Plan Rows": 1, "Plan Width": 26, "Inner Unique": false, "Hash Cond": "(mc.movie_id = mi.movie_id)", "Plans": [{"Node Type": "Hash Join", "Parent Relationship": "Outer", "Parallel Aware": false, "Join Type": "Inner", "Startup Cost": 26.25, "Total Cost": 49898.57, "Plan Rows": 4742, "Plan Width": 8, "Inner Unique": true, "Hash Cond": "(mc.company_type_id = ct.id)", "Plans": [{"Node Type": "Index Scan", "Parent Relationship": "Outer", "Parallel Aware": true, "Scan Direction": "Forward", "Index Name": "company_type_id_movie_companies", "Relation Name": "movie_companies", "Alias": "mc", "Startup Cost": 0.43, "Total Cost": 47650.22, "Plan Rows": 841655, "Plan Width": 12}, {"Node Type": "Hash", "Parent Relationship": "Inner", "Parallel Aware": false, "Startup Cost": 25.77, "Total Cost": 25.77, "Plan Rows": 4, "Plan Width": 4, "Plans": [{"Node Type": "Index Scan", "Parent Relationship": "Outer", "Parallel Aware": false, "Scan Direction": "Forward", "Index Name": "company_type_pkey", "Relation Name": "company_type", "Alias": "ct", "Startup Cost": 0.15, "Total Cost": 25.77, "Plan Rows": 4, "Plan Width": 4, "Filter": "((kind)::text = 'production companies'::text)"}]}]}, {"Node Type": "Hash", "Parent Relationship": "Inner", "Parallel Aware": true, "Startup Cost": 453828.99, "Total Cost": 453828.99, "Plan Rows": 1, "Plan Width": 34, "Plans": [{"Node Type": "Hash Join", "Parent Relationship": "Outer", "Parallel Aware": true, "Join Type": "Inner", "Startup Cost": 427035.88, "Total Cost": 453828.99, "Plan Rows": 1, "Plan Width": 34, "Inner Unique": false, "Hash Cond": "(miidx.movie_id = mi.movie_id)", "Plans": [{"Node Type": "Hash Join", "Parent Relationship": "Outer", "Parallel Aware": false, "Join Type": "Inner", "Startup Cost": 5.86, "Total Cost": 26779.88, "Plan Rows": 5089, "Plan Width": 9, "Inner Unique": true, "Hash Cond": "(miidx.info_type_id = it.id)", "Plans": [{"Node Type": "Index Scan", "Parent Relationship": "Outer", "Parallel Aware": true, "Scan Direction": "Forward", "Index Name": "info_type_id_movie_info_idx", "Relation Name": "movie_info_idx", "Alias": "miidx", "Startup Cost": 0.43, "Total Cost": 25208.41, "Plan Rows": 575015, "Plan Width": 13}, {"Node Type": "Hash", "Parent Relationship": "Inner", "Parallel Aware": false, "Startup Cost": 5.42, "Total Cost": 5.42, "Plan Rows": 1, "Plan Width": 4, "Plans": [{"Node Type": "Index Scan", "Parent Relationship": "Outer", "Parallel Aware": false, "Scan Direction": "Forward", "Index Name": "info_type_pkey", "Relation Name": "info_type", "Alias": "it", "Startup Cost": 0.14, "Total Cost": 5.42, "Plan Rows": 1, "Plan Width": 4, "Filter": "((info)::text = 'rating'::text)"}]}]}, {"Node Type": "Hash", "Parent Relationship": "Inner", "Parallel Aware": true, "Startup Cost": 427030.01, "Total Cost": 427030.01, "Plan Rows": 1, "Plan Width": 25, "Plans": [{"Node Type": "Hash Join", "Parent Relationship": "Outer", "Parallel Aware": false, "Join Type": "Inner", "Startup Cost": 72867.71, "Total Cost": 427030.01, "Plan Rows": 1, "Plan Width": 25, "Inner Unique": true, "Hash Cond": "(mi.info_type_id = it2.id)", "Plans": [{"Node Type": "Hash Join", "Parent Relationship": "Outer", "Parallel Aware": false, "Join Type": "Inner", "Startup Cost": 72862.27, "Total Cost": 427024.57, "Plan Rows": 4, "Plan Width": 29, "Inner Unique": true, "Hash Cond": "(t.kind_id = kt.id)", "Plans": [{"Node Type": "Hash Join", "Parent Relationship": "Outer", "Parallel Aware": true, "Join Type": "Inner", "Startup Cost": 72831.01, "Total Cost": 426990.97, "Plan Rows": 886, "Plan Width": 33, "Inner Unique": true, "Hash Cond": "(mi.movie_id = t.id)", "Plans": [{"Node Type": "Index Scan", "Parent Relationship": "Outer", "Parallel Aware": true, "Scan Direction": "Forward", "Index Name": "info_type_id_movie_info", "Relation Name": "movie_info", "Alias": "mi", "Startup Cost": 0.43, "Total Cost": 341645.97, "Plan Rows": 4767391, "Plan Width": 8}, {"Node Type": "Hash", "Parent Relationship": "Inner", "Parallel Aware": true, "Startup Cost": 72828.68, "Total Cost": 72828.68, "Plan Rows": 152, "Plan Width": 25, "Plans": [{"Node Type": "Index Scan", "Parent Relationship": "Outer", "Parallel Aware": true, "Scan Direction": "Forward", "Index Name": "title_pkey", "Relation Name": "title", "Alias": "t", "Startup Cost": 0.43, "Total Cost": 72828.68, "Plan Rows": 152, "Plan Width": 25, "Filter": "((title <> ''::text) AND ((title ~~ '%Champion%'::text) OR (title ~~ '%Loser%'::text)))"}]}]}, {"Node Type": "Hash", "Parent Relationship": "Inner", "Parallel Aware": false, "Startup Cost": 31.2, "Total Cost": 31.2, "Plan Rows": 5, "Plan Width": 4, "Plans": [{"Node Type": "Index Scan", "Parent Relationship": "Outer", "Parallel Aware": false, "Scan Direction": "Forward", "Index Name": "kind_type_pkey", "Relation Name": "kind_type", "Alias": "kt", "Startup Cost": 0.15, "Total Cost": 31.2, "Plan Rows": 5, "Plan Width": 4, "Filter": "((kind)::text = 'movie'::text)"}]}]}, {"Node Type": "Hash", "Parent Relationship": "Inner", "Parallel Aware": false, "Startup Cost": 5.42, "Total Cost": 5.42, "Plan Rows": 1, "Plan Width": 4, "Plans": [{"Node Type": "Index Scan", "Parent Relationship": "Outer", "Parallel Aware": false, "Scan Direction": "Forward", "Index Name": "info_type_pkey", "Relation Name": "info_type", "Alias": "it2", "Startup Cost": 0.14, "Total Cost": 5.42, "Plan Rows": 1, "Plan Width": 4, "Filter": "((info)::text = 'release dates'::text)"}]}]}]}]}]}]}]}]}]}]}]}}, {"Plan": {"Node Type": "Aggregate", "Strategy": "Plain", "Partial Mode": "Finalize", "Parallel Aware": false, "Startup Cost": 511650.9, "Total Cost": 511650.91, "Plan Rows": 1, "Plan Width": 96, "Plans": [{"Node Type": "Gather", "Parent Relationship": "Outer", "Parallel Aware": false, "Startup Cost": 511650.78, "Total Cost": 511650.89, "Plan Rows": 1, "Plan Width": 96, "Workers Planned": 1, "Single Copy": false, "Plans": [{"Node Type": "Aggregate", "Strategy": "Plain", "Partial Mode": "Partial", "Parent Relationship": "Outer", "Parallel Aware": false, "Startup Cost": 510650.78, "Total Cost": 510650.79, "Plan Rows": 1, "Plan Width": 96, "Plans": [{"Node Type": "Hash Join", "Parent Relationship": "Outer", "Parallel Aware": true, "Join Type": "Inner", "Startup Cost": 503531.53, "Total Cost": 510650.77, "Plan Rows": 1, "Plan Width": 41, "Inner Unique": false, "Hash Cond": "(cn.id = mc.company_id)", "Plans": [{"Node Type": "Index Scan", "Parent Relationship": "Outer", "Parallel Aware": true, "Scan Direction": "Forward", "Index Name": "company_name_pkey", "Relation Name": "company_name", "Alias": "cn", "Startup Cost": 0.42, "Total Cost": 6930.42, "Plan Rows": 50460, "Plan Width": 23, "Filter": "((country_code)::text = '[us]'::text)"}, {"Node Type": "Hash", "Parent Relationship": "Inner", "Parallel Aware": true, "Startup Cost": 503531.1, "Total Cost": 503531.1, "Plan Rows": 1, "Plan Width": 26, "Plans": [{"Node Type": "Hash Join", "Parent Relationship": "Outer", "Parallel Aware": true, "Join Type": "Inner", "Startup Cost": 453686.33, "Total Cost": 503531.1, "Plan Rows": 1, "Plan Width": 26, "Inner Unique": false, "Hash Cond": "(mc.movie_id = mi.movie_id)", "Plans": [{"Node Type": "Merge Join", "Parent Relationship": "Outer", "Parallel Aware": false, "Join Type": "Inner", "Startup Cost": 0.58, "Total Cost": 49827.56, "Plan Rows": 4742, "Plan Width": 8, "Inner Unique": true, "Merge Cond": "(mc.company_type_id = ct.id)", "Plans": [{"Node Type": "Index Scan", "Parent Relationship": "Outer", "Parallel Aware": true, "Scan Direction": "Forward", "Index Name": "company_type_id_movie_companies", "Relation Name": "movie_companies", "Alias": "mc", "Startup Cost": 0.43, "Total Cost": 47650.22, "Plan Rows": 841655, "Plan Width": 12}, {"Node Type": "Index Scan", "Parent Relationship": "Inner", "Parallel Aware": false, "Scan Direction": "Forward", "Index Name": "company_type_pkey", "Relation Name": "company_type", "Alias": "ct", "Startup Cost": 0.15, "Total Cost": 25.77, "Plan Rows": 4, "Plan Width": 4, "Filter": "((kind)::text = 'production companies'::text)"}]}, {"Node Type": "Hash", "Parent Relationship": "Inner", "Parallel Aware": true, "Startup Cost": 453685.73, "Total Cost": 453685.73, "Plan Rows": 1, "Plan Width": 34, "Plans": [{"Node Type": "Hash Join", "Parent Relationship": "Outer", "Parallel Aware": true, "Join Type": "Inner", "Startup Cost": 426970.23, "Total Cost": 453685.73, "Plan Rows": 1, "Plan Width": 34, "Inner Unique": false, "Hash Cond": "(miidx.movie_id = mi.movie_id)", "Plans": [{"Node Type": "Merge Join", "Parent Relationship": "Outer", "Parallel Aware": false, "Join Type": "Inner", "Startup Cost": 5.85, "Total Cost": 26702.26, "Plan Rows": 5089, "Plan Width": 9, "Inner Unique": true, "Merge Cond": "(miidx.info_type_id = it.id)", "Plans": [{"Node Type": "Index Scan", "Parent Relationship": "Outer", "Parallel Aware": true, "Scan Direction": "Forward", "Index Name": "info_type_id_movie_info_idx", "Relation Name": "movie_info_idx", "Alias": "miidx", "Startup Cost": 0.43, "Total Cost": 25208.41, "Plan Rows": 575015, "Plan Width": 13}, {"Node Type": "Index Scan", "Parent Relationship": "Inner", "Parallel Aware": false, "Scan Direction": "Forward", "Index Name": "info_type_pkey", "Relation Name": "info_type", "Alias": "it", "Startup Cost": 0.14, "Total Cost": 5.42, "Plan Rows": 1, "Plan Width": 4, "Filter": "((info)::text = 'rating'::text)"}]}, {"Node Type": "Hash", "Parent Relationship": "Inner", "Parallel Aware": true, "Startup Cost": 426964.36, "Total Cost": 426964.36, "Plan Rows": 1, "Plan Width": 25, "Plans": [{"Node Type": "Hash Join", "Parent Relationship": "Outer", "Parallel Aware": false, "Join Type": "Inner", "Startup Cost": 72862.42, "Total Cost": 426964.36, "Plan Rows": 1, "Plan Width": 25, "Inner Unique": true, "Hash Cond": "(t.kind_id = kt.id)", "Plans": [{"Node Type": "Hash Join", "Parent Relationship": "Outer", "Parallel Aware": true, "Join Type": "Inner", "Startup Cost": 72831.15, "Total Cost": 426933.08, "Plan Rows": 8, "Plan Width": 29, "Inner Unique": true, "Hash Cond": "(mi.movie_id = t.id)", "Plans": [{"Node Type": "Merge Join", "Parent Relationship": "Outer", "Parallel Aware": false, "Join Type": "Inner", "Startup Cost": 0.58, "Total Cost": 353991.76, "Plan Rows": 42189, "Plan Width": 4, "Inner Unique": true, "Merge Cond": "(mi.info_type_id = it2.id)", "Plans": [{"Node Type": "Index Scan", "Parent Relationship": "Outer", "Parallel Aware": true, "Scan Direction": "Forward", "Index Name": "info_type_id_movie_info", "Relation Name": "movie_info", "Alias": "mi", "Startup Cost": 0.43, "Total Cost": 341645.97, "Plan Rows": 4767391, "Plan Width": 8}, {"Node Type": "Index Scan", "Parent Relationship": "Inner", "Parallel Aware": false, "Scan Direction": "Forward", "Index Name": "info_type_pkey", "Relation Name": "info_type", "Alias": "it2", "Startup Cost": 0.14, "Total Cost": 5.42, "Plan Rows": 1, "Plan Width": 4, "Filter": "((info)::text = 'release dates'::text)"}]}, {"Node Type": "Hash", "Parent Relationship": "Inner", "Parallel Aware": true, "Startup Cost": 72828.68, "Total Cost": 72828.68, "Plan Rows": 152, "Plan Width": 25, "Plans": [{"Node Type": "Index Scan", "Parent Relationship": "Outer", "Parallel Aware": true, "Scan Direction": "Forward", "Index Name": "title_pkey", "Relation Name": "title", "Alias": "t", "Startup Cost": 0.43, "Total Cost": 72828.68, "Plan Rows": 152, "Plan Width": 25, "Filter": "((title <> ''::text) AND ((title ~~ '%Champion%'::text) OR (title ~~ '%Loser%'::text)))"}]}]}, {"Node Type": "Hash", "Parent Relationship": "Inner", "Parallel Aware": false, "Startup Cost": 31.2, "Total Cost": 31.2, "Plan Rows": 5, "Plan Width": 4, "Plans": [{"Node Type": "Index Scan", "Parent Relationship": "Outer", "Parallel Aware": false, "Scan Direction": "Forward", "Index Name": "kind_type_pkey", "Relation Name": "kind_type", "Alias": "kt", "Startup Cost": 0.15, "Total Cost": 31.2, "Plan Rows": 5, "Plan Width": 4, "Filter": "((kind)::text = 'movie'::text)"}]}]}]}]}]}]}]}]}]}]}]}}, {"Plan": {"Node Type": "Aggregate", "Strategy": "Plain", "Partial Mode": "Simple", "Parallel Aware": false, "Startup Cost": 22286.2, "Total Cost": 22286.21, "Plan Rows": 1, "Plan Width": 96, "Plans": [{"Node Type": "Nested Loop", "Parent Relationship": "Outer", "Parallel Aware": false, "Join Type": "Inner", "Startup Cost": 2.73, "Total Cost": 22286.2, "Plan Rows": 1, "Plan Width": 41, "Inner Unique": true, "Plans": [{"Node Type": "Nested Loop", "Parent Relationship": "Outer", "Parallel Aware": false, "Join Type": "Inner", "Startup Cost": 2.58, "Total Cost": 22286.01, "Plan Rows": 1, "Plan Width": 45, "Inner Unique": false, "Join Filter": "(t.id = mi.movie_id)", "Plans": [{"Node Type": "Nested Loop", "Parent Relationship": "Outer", "Parallel Aware": false, "Join Type": "Inner", "Startup Cost": 2.15, "Total Cost": 22284.26, "Plan Rows": 1, "Plan Width": 53, "Inner Unique": true, "Plans": [{"Node Type": "Nested Loop", "Parent Relationship": "Outer", "Parallel Aware": false, "Join Type": "Inner", "Startup Cost": 2.0, "Total Cost": 22284.08, "Plan Rows": 1, "Plan Width": 57, "Inner Unique": true, "Plans": [{"Node Type": "Nested Loop", "Parent Relationship": "Outer", "Parallel Aware": false, "Join Type": "Inner", "Startup Cost": 1.58, "Total Cost": 22283.64, "Plan Rows": 1, "Plan Width": 42, "Inner Unique": false, "Join Filter": "(t.id = mc.movie_id)", "Plans": [{"Node Type": "Nested Loop", "Parent Relationship": "Outer", "Parallel Aware": false, "Join Type": "Inner", "Startup Cost": 1.15, "Total Cost": 22283.04, "Plan Rows": 1, "Plan Width": 30, "Inner Unique": true, "Plans": [{"Node Type": "Nested Loop", "Parent Relationship": "Outer", "Parallel Aware": false, "Join Type": "Inner", "Startup Cost": 1.0, "Total Cost": 22282.62, "Plan Rows": 2, "Plan Width": 34, "Inner Unique": true, "Plans": [{"Node Type": "Nested Loop", "Parent Relationship": "Outer", "Parallel Aware": false, "Join Type": "Inner", "Startup Cost": 0.57, "Total Cost": 16287.63, "Plan Rows": 12213, "Plan Width": 9, "Inner Unique": false, "Plans": [{"Node Type": "Index Scan", "Parent Relationship": "Outer", "Parallel Aware": false, "Scan Direction": "Forward", "Index Name": "info_type_pkey", "Relation Name": "info_type", "Alias": "it", "Startup Cost": 0.14, "Total Cost": 5.42, "Plan Rows": 1, "Plan Width": 4, "Filter": "((info)::text = 'rating'::text)"}, {"Node Type": "Index Scan", "Parent Relationship": "Inner", "Parallel Aware": false, "Scan Direction": "Forward", "Index Name": "info_type_id_movie_info_idx", "Relation Name": "movie_info_idx", "Alias": "miidx", "Startup Cost": 0.43, "Total Cost": 13522.14, "Plan Rows": 276007, "Plan Width": 13, "Index Cond": "(info_type_id = it.id)"}]}, {"Node Type": "Index Scan", "Parent Relationship": "Inner", "Parallel Aware": false, "Scan Direction": "Forward", "Index Name": "title_pkey", "Relation Name": "title", "Alias": "t", "Startup Cost": 0.43, "Total Cost": 0.49, "Plan Rows": 1, "Plan Width": 25, "Index Cond": "(id = miidx.movie_id)", "Filter": "((title <> ''::text) AND ((title ~~ '%Champion%'::text) OR (title ~~ '%Loser%'::text)))"}]}, {"Node Type": "Index Scan", "Parent Relationship": "Inner", "Parallel Aware": false, "Scan Direction": "Forward", "Index Name": "kind_type_pkey", "Relation Name": "kind_type", "Alias": "kt", "Startup Cost": 0.15, "Total Cost": 0.2, "Plan Rows": 1, "Plan Width": 4, "Index Cond": "(id = t.kind_id)", "Filter": "((kind)::text = 'movie'::text)"}]}, {"Node Type": "Index Scan", "Parent Relationship": "Inner", "Parallel Aware": false, "Scan Direction": "Forward", "Index Name": "movie_id_movie_companies", "Relation Name": "movie_companies", "Alias": "mc", "Startup Cost": 0.43, "Total Cost": 0.54, "Plan Rows": 5, "Plan Width": 12, "Index Cond": "(movie_id = miidx.movie_id)"}]}, {"Node Type": "Index Scan", "Parent Relationship": "Inner", "Parallel Aware": false, "Scan Direction": "Forward", "Index Name": "company_name_pkey", "Relation Name": "company_name", "Alias": "cn", "Startup Cost": 0.42, "Total Cost": 0.44, "Plan Rows": 1, "Plan Width": 23, "Index Cond": "(id = mc.company_id)", "Filter": "((country_code)::text = '[us]'::text)"}]}, {"Node Type": "Index Scan", "Parent Relationship": "Inner", "Parallel Aware": false, "Scan Direction": "Forward", "Index Name": "company_type_pkey", "Relation Name": "company_type", "Alias": "ct", "Startup Cost": 0.15, "Total Cost": 0.17, "Plan Rows": 1, "Plan Width": 4, "Index Cond": "(id = mc.company_type_id)", "Filter": "((kind)::text = 'production companies'::text)"}]}, {"Node Type": "Index Scan", "Parent Relationship": "Inner", "Parallel Aware": false, "Scan Direction": "Forward", "Index Name": "movie_id_movie_info", "Relation Name": "movie_info", "Alias": "mi", "Startup Cost": 0.43, "Total Cost": 1.24, "Plan Rows": 41, "Plan Width": 8, "Index Cond": "(movie_id = mc.movie_id)"}]}, {"Node Type": "Index Scan", "Parent Relationship": "Inner", "Parallel Aware": false, "Scan Direction": "Forward", "Index Name": "info_type_pkey", "Relation Name": "info_type", "Alias": "it2", "Startup Cost": 0.14, "Total Cost": 0.16, "Plan Rows": 1, "Plan Width": 4, "Index Cond": "(id = mi.info_type_id)", "Filter": "((info)::text = 'release dates'::text)"}]}]}}, {"Plan": {"Node Type": "Aggregate", "Strategy": "Plain", "Partial Mode": "Finalize", "Parallel Aware": false, "Startup Cost": 323131.71, "Total Cost": 323131.72, "Plan Rows": 1, "Plan Width": 96, "Plans": [{"Node Type": "Gather", "Parent Relationship": "Outer", "Parallel Aware": false, "Startup Cost": 323131.59, "Total Cost": 323131.7, "Plan Rows": 1, "Plan Width": 96, "Workers Planned": 1, "Single Copy": false, "Plans": [{"Node Type": "Aggregate", "Strategy": "Plain", "Partial Mode": "Partial", "Parent Relationship": "Outer", "Parallel Aware": false, "Startup Cost": 322131.59, "Total Cost": 322131.6, "Plan Rows": 1, "Plan Width": 96, "Plans": [{"Node Type": "Hash Join", "Parent Relationship": "Outer", "Parallel Aware": true, "Join Type": "Inner", "Startup Cost": 317219.43, "Total Cost": 322131.58, "Plan Rows": 1, "Plan Width": 41, "Inner Unique": false, "Hash Cond": "(cn.id = mc.company_id)", "Plans": [{"Node Type": "Seq Scan", "Parent Relationship": "Outer", "Parallel Aware": true, "Relation Name": "company_name", "Alias": "cn", "Startup Cost": 0.0, "Total Cost": 4722.92, "Plan Rows": 50460, "Plan Width": 23, "Filter": "((country_code)::text = '[us]'::text)"}, {"Node Type": "Hash", "Parent Relationship": "Inner", "Parallel Aware": true, "Startup Cost": 317219.42, "Total Cost": 317219.42, "Plan Rows": 1, "Plan Width": 26, "Plans": [{"Node Type": "Hash Join", "Parent Relationship": "Outer", "Parallel Aware": true, "Join Type": "Inner", "Startup Cost": 287772.55, "Total Cost": 317219.42, "Plan Rows": 1, "Plan Width": 26, "Inner Unique": false, "Hash Cond": "(mc.movie_id = mi.movie_id)", "Plans": [{"Node Type": "Hash Join", "Parent Relationship": "Outer", "Parallel Aware": false, "Join Type": "Inner", "Startup Cost": 18.93, "Total Cost": 29448.0, "Plan Rows": 4742, "Plan Width": 8, "Inner Unique": true, "Hash Cond": "(mc.company_type_id = ct.id)", "Plans": [{"Node Type": "Seq Scan", "Parent Relationship": "Outer", "Parallel Aware": true, "Relation Name": "movie_companies", "Alias": "mc", "Startup Cost": 0.0, "Total Cost": 27206.55, "Plan Rows": 841655, "Plan Width": 12}, {"Node Type": "Hash", "Parent Relationship": "Inner", "Parallel Aware": false, "Startup Cost": 18.88, "Total Cost": 18.88, "Plan Rows": 4, "Plan Width": 4, "Plans": [{"Node Type": "Seq Scan", "Parent Relationship": "Outer", "Parallel Aware": false, "Relation Name": "company_type", "Alias": "ct", "Startup Cost": 0.0, "Total Cost": 18.88, "Plan Rows": 4, "Plan Width": 4, "Filter": "((kind)::text = 'production companies'::text)"}]}]}, {"Node Type": "Hash", "Parent Relationship": "Inner", "Parallel Aware": true, "Startup Cost": 287753.61, "Total Cost": 287753.61, "Plan Rows": 1, "Plan Width": 34, "Plans": [{"Node Type": "Hash Join", "Parent Relationship": "Outer", "Parallel Aware": true, "Join Type": "Inner", "Startup Cost": 272483.34, "Total Cost": 287753.61, "Plan Rows": 1, "Plan Width": 34, "Inner Unique": false, "Hash Cond": "(miidx.movie_id = mi.movie_id)", "Plans": [{"Node Type": "Hash Join", "Parent Relationship": "Outer", "Parallel Aware": false, "Join Type": "Inner", "Startup Cost": 2.43, "Total Cost": 15253.6, "Plan Rows": 5089, "Plan Width": 9, "Inner Unique": true, "Hash Cond": "(miidx.info_type_id = it.id)", "Plans": [{"Node Type": "Seq Scan", "Parent Relationship": "Outer", "Parallel Aware": true, "Relation Name": "movie_info_idx", "Alias": "miidx", "Startup Cost": 0.0, "Total Cost": 13685.15, "Plan Rows": 575015, "Plan Width": 13}, {"Node Type": "Hash", "Parent Relationship": "Inner", "Parallel Aware": false, "Startup Cost": 2.41, "Total Cost": 2.41, "Plan Rows": 1, "Plan Width": 4, "Plans": [{"Node Type": "Seq Scan", "Parent Relationship": "Outer", "Parallel Aware": false, "Relation Name": "info_type", "Alias": "it", "Startup Cost": 0.0, "Total Cost": 2.41, "Plan Rows": 1, "Plan Width": 4, "Filter": "((info)::text = 'rating'::text)"}]}]}, {"Node Type": "Hash", "Parent Relationship": "Inner", "Parallel Aware": true, "Startup Cost": 272480.91, "Total Cost": 272480.91, "Plan Rows": 1, "Plan Width": 25, "Plans": [{"Node Type": "Hash Join", "Parent Relationship": "Outer", "Parallel Aware": false, "Join Type": "Inner", "Startup Cost": 50297.22, "Total Cost": 272480.91, "Plan Rows": 1, "Plan Width": 25, "Inner Unique": true, "Hash Cond": "(mi.info_type_id = it2.id)", "Plans": [{"Node Type": "Hash Join", "Parent Relationship": "Outer", "Parallel Aware": false, "Join Type": "Inner", "Startup Cost": 50294.8, "Total Cost": 272478.47, "Plan Rows": 4, "Plan Width": 29, "Inner Unique": true, "Hash Cond": "(t.kind_id = kt.id)", "Plans": [{"Node Type": "Hash Join", "Parent Relationship": "Outer", "Parallel Aware": true, "Join Type": "Inner", "Startup Cost": 50271.99, "Total Cost": 272453.32, "Plan Rows": 886, "Plan Width": 33, "Inner Unique": true, "Hash Cond": "(mi.movie_id = t.id)", "Plans": [{"Node Type": "Seq Scan", "Parent Relationship": "Outer", "Parallel Aware": true, "Relation Name": "movie_info", "Alias": "mi", "Startup Cost": 0.0, "Total Cost": 209666.91, "Plan Rows": 4767391, "Plan Width": 8}, {"Node Type": "Hash", "Parent Relationship": "Inner", "Parallel Aware": true, "Startup Cost": 50270.09, "Total Cost": 50270.09, "Plan Rows": 152, "Plan Width": 25, "Plans": [{"Node Type": "Seq Scan", "Parent Relationship": "Outer", "Parallel Aware": true, "Relation Name": "title", "Alias": "t", "Startup Cost": 0.0, "Total Cost": 50270.09, "Plan Rows": 152, "Plan Width": 25, "Filter": "((title <> ''::text) AND ((title ~~ '%Champion%'::text) OR (title ~~ '%Loser%'::text)))"}]}]}, {"Node Type": "Hash", "Parent Relationship": "Inner", "Parallel Aware": false, "Startup Cost": 22.75, "Total Cost": 22.75, "Plan Rows": 5, "Plan Width": 4, "Plans": [{"Node Type": "Seq Scan", "Parent Relationship": "Outer", "Parallel Aware": false, "Relation Name": "kind_type", "Alias": "kt", "Startup Cost": 0.0, "Total Cost": 22.75, "Plan Rows": 5, "Plan Width": 4, "Filter": "((kind)::text = 'movie'::text)"}]}]}, {"Node Type": "Hash", "Parent Relationship": "Inner", "Parallel Aware": false, "Startup Cost": 2.41, "Total Cost": 2.41, "Plan Rows": 1, "Plan Width": 4, "Plans": [{"Node Type": "Seq Scan", "Parent Relationship": "Outer", "Parallel Aware": false, "Relation Name": "info_type", "Alias": "it2", "Startup Cost": 0.0, "Total Cost": 2.41, "Plan Rows": 1, "Plan Width": 4, "Filter": "((info)::text = 'release dates'::text)"}]}]}]}]}]}]}]}]}]}]}]}}, {"Plan": {"Node Type": "Aggregate", "Strategy": "Plain", "Partial Mode": "Simple", "Parallel Aware": false, "Startup Cost": 22286.2, "Total Cost": 22286.21, "Plan Rows": 1, "Plan Width": 96, "Plans": [{"Node Type": "Nested Loop", "Parent Relationship": "Outer", "Parallel Aware": false, "Join Type": "Inner", "Startup Cost": 2.73, "Total Cost": 22286.2, "Plan Rows": 1, "Plan Width": 41, "Inner Unique": true, "Plans": [{"Node Type": "Nested Loop", "Parent Relationship": "Outer", "Parallel Aware": false, "Join Type": "Inner", "Startup Cost": 2.58, "Total Cost": 22286.01, "Plan Rows": 1, "Plan Width": 45, "Inner Unique": false, "Join Filter": "(t.id = mi.movie_id)", "Plans": [{"Node Type": "Nested Loop", "Parent Relationship": "Outer", "Parallel Aware": false, "Join Type": "Inner", "Startup Cost": 2.15, "Total Cost": 22284.26, "Plan Rows": 1, "Plan Width": 53, "Inner Unique": true, "Plans": [{"Node Type": "Nested Loop", "Parent Relationship": "Outer", "Parallel Aware": false, "Join Type": "Inner", "Startup Cost": 2.0, "Total Cost": 22284.08, "Plan Rows": 1, "Plan Width": 57, "Inner Unique": true, "Plans": [{"Node Type": "Nested Loop", "Parent Relationship": "Outer", "Parallel Aware": false, "Join Type": "Inner", "Startup Cost": 1.58, "Total Cost": 22283.64, "Plan Rows": 1, "Plan Width": 42, "Inner Unique": false, "Join Filter": "(t.id = mc.movie_id)", "Plans": [{"Node Type": "Nested Loop", "Parent Relationship": "Outer", "Parallel Aware": false, "Join Type": "Inner", "Startup Cost": 1.15, "Total Cost": 22283.04, "Plan Rows": 1, "Plan Width": 30, "Inner Unique": true, "Plans": [{"Node Type": "Nested Loop", "Parent Relationship": "Outer", "Parallel Aware": false, "Join Type": "Inner", "Startup Cost": 1.0, "Total Cost": 22282.62, "Plan Rows": 2, "Plan Width": 34, "Inner Unique": true, "Plans": [{"Node Type": "Nested Loop", "Parent Relationship": "Outer", "Parallel Aware": false, "Join Type": "Inner", "Startup Cost": 0.57, "Total Cost": 16287.63, "Plan Rows": 12213, "Plan Width": 9, "Inner Unique": false, "Plans": [{"Node Type": "Index Scan", "Parent Relationship": "Outer", "Parallel Aware": false, "Scan Direction": "Forward", "Index Name": "info_type_pkey", "Relation Name": "info_type", "Alias": "it", "Startup Cost": 0.14, "Total Cost": 5.42, "Plan Rows": 1, "Plan Width": 4, "Filter": "((info)::text = 'rating'::text)"}, {"Node Type": "Index Scan", "Parent Relationship": "Inner", "Parallel Aware": false, "Scan Direction": "Forward", "Index Name": "info_type_id_movie_info_idx", "Relation Name": "movie_info_idx", "Alias": "miidx", "Startup Cost": 0.43, "Total Cost": 13522.14, "Plan Rows": 276007, "Plan Width": 13, "Index Cond": "(info_type_id = it.id)"}]}, {"Node Type": "Index Scan", "Parent Relationship": "Inner", "Parallel Aware": false, "Scan Direction": "Forward", "Index Name": "title_pkey", "Relation Name": "title", "Alias": "t", "Startup Cost": 0.43, "Total Cost": 0.49, "Plan Rows": 1, "Plan Width": 25, "Index Cond": "(id = miidx.movie_id)", "Filter": "((title <> ''::text) AND ((title ~~ '%Champion%'::text) OR (title ~~ '%Loser%'::text)))"}]}, {"Node Type": "Index Scan", "Parent Relationship": "Inner", "Parallel Aware": false, "Scan Direction": "Forward", "Index Name": "kind_type_pkey", "Relation Name": "kind_type", "Alias": "kt", "Startup Cost": 0.15, "Total Cost": 0.2, "Plan Rows": 1, "Plan Width": 4, "Index Cond": "(id = t.kind_id)", "Filter": "((kind)::text = 'movie'::text)"}]}, {"Node Type": "Index Scan", "Parent Relationship": "Inner", "Parallel Aware": false, "Scan Direction": "Forward", "Index Name": "movie_id_movie_companies", "Relation Name": "movie_companies", "Alias": "mc", "Startup Cost": 0.43, "Total Cost": 0.54, "Plan Rows": 5, "Plan Width": 12, "Index Cond": "(movie_id = miidx.movie_id)"}]}, {"Node Type": "Index Scan", "Parent Relationship": "Inner", "Parallel Aware": false, "Scan Direction": "Forward", "Index Name": "company_name_pkey", "Relation Name": "company_name", "Alias": "cn", "Startup Cost": 0.42, "Total Cost": 0.44, "Plan Rows": 1, "Plan Width": 23, "Index Cond": "(id = mc.company_id)", "Filter": "((country_code)::text = '[us]'::text)"}]}, {"Node Type": "Index Scan", "Parent Relationship": "Inner", "Parallel Aware": false, "Scan Direction": "Forward", "Index Name": "company_type_pkey", "Relation Name": "company_type", "Alias": "ct", "Startup Cost": 0.15, "Total Cost": 0.17, "Plan Rows": 1, "Plan Width": 4, "Index Cond": "(id = mc.company_type_id)", "Filter": "((kind)::text = 'production companies'::text)"}]}, {"Node Type": "Index Scan", "Parent Relationship": "Inner", "Parallel Aware": false, "Scan Direction": "Forward", "Index Name": "movie_id_movie_info", "Relation Name": "movie_info", "Alias": "mi", "Startup Cost": 0.43, "Total Cost": 1.24, "Plan Rows": 41, "Plan Width": 8, "Index Cond": "(movie_id = mc.movie_id)"}]}, {"Node Type": "Index Scan", "Parent Relationship": "Inner", "Parallel Aware": false, "Scan Direction": "Forward", "Index Name": "info_type_pkey", "Relation Name": "info_type", "Alias": "it2", "Startup Cost": 0.14, "Total Cost": 0.16, "Plan Rows": 1, "Plan Width": 4, "Index Cond": "(id = mi.info_type_id)", "Filter": "((info)::text = 'release dates'::text)"}]}]}}, {"Plan": {"Node Type": "Aggregate", "Strategy": "Plain", "Partial Mode": "Simple", "Parallel Aware": false, "Startup Cost": 18755.12, "Total Cost": 18755.13, "Plan Rows": 1, "Plan Width": 96, "Plans": [{"Node Type": "Nested Loop", "Parent Relationship": "Outer", "Parallel Aware": false, "Join Type": "Inner", "Startup Cost": 1004.58, "Total Cost": 18755.11, "Plan Rows": 1, "Plan Width": 41, "Inner Unique": true, "Plans": [{"Node Type": "Nested Loop", "Parent Relationship": "Outer", "Parallel Aware": false, "Join Type": "Inner", "Startup Cost": 1004.44, "Total Cost": 18754.93, "Plan Rows": 1, "Plan Width": 45, "Inner Unique": false, "Join Filter": "(t.id = mi.movie_id)", "Plans": [{"Node Type": "Nested Loop", "Parent Relationship": "Outer", "Parallel Aware": false, "Join Type": "Inner", "Startup Cost": 1004.0, "Total Cost": 18753.17, "Plan Rows": 1, "Plan Width": 53, "Inner Unique": true, "Plans": [{"Node Type": "Nested Loop", "Parent Relationship": "Outer", "Parallel Aware": false, "Join Type": "Inner", "Startup Cost": 1003.85, "Total Cost": 18752.99, "Plan Rows": 1, "Plan Width": 57, "Inner Unique": true, "Plans": [{"Node Type": "Nested Loop", "Parent Relationship": "Outer", "Parallel Aware": false, "Join Type": "Inner", "Startup Cost": 1003.43, "Total Cost": 18752.55, "Plan Rows": 1, "Plan Width": 42, "Inner Unique": false, "Join Filter": "(t.id = mc.movie_id)", "Plans": [{"Node Type": "Gather", "Parent Relationship": "Outer", "Parallel Aware": false, "Startup Cost": 1003.0, "Total Cost": 18751.95, "Plan Rows": 1, "Plan Width": 30, "Workers Planned": 2, "Single Copy": false, "Plans": [{"Node Type": "Nested Loop", "Parent Relationship": "Outer", "Parallel Aware": false, "Join Type": "Inner", "Startup Cost": 3.01, "Total Cost": 17751.85, "Plan Rows": 1, "Plan Width": 30, "Inner Unique": true, "Plans": [{"Node Type": "Nested Loop", "Parent Relationship": "Outer", "Parallel Aware": false, "Join Type": "Inner", "Startup Cost": 2.86, "Total Cost": 17751.64, "Plan Rows": 1, "Plan Width": 34, "Inner Unique": true, "Plans": [{"Node Type": "Hash Join", "Parent Relationship": "Outer", "Parallel Aware": false, "Join Type": "Inner", "Startup Cost": 2.43, "Total Cost": 15253.6, "Plan Rows": 5089, "Plan Width": 9, "Inner Unique": true, "Hash Cond": "(miidx.info_type_id = it.id)", "Plans": [{"Node Type": "Seq Scan", "Parent Relationship": "Outer", "Parallel Aware": true, "Relation Name": "movie_info_idx", "Alias": "miidx", "Startup Cost": 0.0, "Total Cost": 13685.15, "Plan Rows": 575015, "Plan Width": 13}, {"Node Type": "Hash", "Parent Relationship": "Inner", "Parallel Aware": false, "Startup Cost": 2.41, "Total Cost": 2.41, "Plan Rows": 1, "Plan Width": 4, "Plans": [{"Node Type": "Seq Scan", "Parent Relationship": "Outer", "Parallel Aware": false, "Relation Name": "info_type", "Alias": "it", "Startup Cost": 0.0, "Total Cost": 2.41, "Plan Rows": 1, "Plan Width": 4, "Filter": "((info)::text = 'rating'::text)"}]}]}, {"Node Type": "Index Scan", "Parent Relationship": "Inner", "Parallel Aware": false, "Scan Direction": "Forward", "Index Name": "title_pkey", "Relation Name": "title", "Alias": "t", "Startup Cost": 0.43, "Total Cost": 0.49, "Plan Rows": 1, "Plan Width": 25, "Index Cond": "(id = miidx.movie_id)", "Filter": "((title <> ''::text) AND ((title ~~ '%Champion%'::text) OR (title ~~ '%Loser%'::text)))"}]}, {"Node Type": "Index Scan", "Parent Relationship": "Inner", "Parallel Aware": false, "Scan Direction": "Forward", "Index Name": "kind_type_pkey", "Relation Name": "kind_type", "Alias": "kt", "Startup Cost": 0.15, "Total Cost": 0.2, "Plan Rows": 1, "Plan Width": 4, "Index Cond": "(id = t.kind_id)", "Filter": "((kind)::text = 'movie'::text)"}]}]}, {"Node Type": "Index Scan", "Parent Relationship": "Inner", "Parallel Aware": false, "Scan Direction": "Forward", "Index Name": "movie_id_movie_companies", "Relation Name": "movie_companies", "Alias": "mc", "Startup Cost": 0.43, "Total Cost": 0.54, "Plan Rows": 5, "Plan Width": 12, "Index Cond": "(movie_id = miidx.movie_id)"}]}, {"Node Type": "Index Scan", "Parent Relationship": "Inner", "Parallel Aware": false, "Scan Direction": "Forward", "Index Name": "company_name_pkey", "Relation Name": "company_name", "Alias": "cn", "Startup Cost": 0.42, "Total Cost": 0.44, "Plan Rows": 1, "Plan Width": 23, "Index Cond": "(id = mc.company_id)", "Filter": "((country_code)::text = '[us]'::text)"}]}, {"Node Type": "Index Scan", "Parent Relationship": "Inner", "Parallel Aware": false, "Scan Direction": "Forward", "Index Name": "company_type_pkey", "Relation Name": "company_type", "Alias": "ct", "Startup Cost": 0.15, "Total Cost": 0.17, "Plan Rows": 1, "Plan Width": 4, "Index Cond": "(id = mc.company_type_id)", "Filter": "((kind)::text = 'production companies'::text)"}]}, {"Node Type": "Index Scan", "Parent Relationship": "Inner", "Parallel Aware": false, "Scan Direction": "Forward", "Index Name": "movie_id_movie_info", "Relation Name": "movie_info", "Alias": "mi", "Startup Cost": 0.43, "Total Cost": 1.24, "Plan Rows": 41, "Plan Width": 8, "Index Cond": "(movie_id = mc.movie_id)"}]}, {"Node Type": "Index Scan", "Parent Relationship": "Inner", "Parallel Aware": false, "Scan Direction": "Forward", "Index Name": "info_type_pkey", "Relation Name": "info_type", "Alias": "it2", "Startup Cost": 0.14, "Total Cost": 0.16, "Plan Rows": 1, "Plan Width": 4, "Index Cond": "(id = mi.info_type_id)", "Filter": "((info)::text = 'release dates'::text)"}]}]}}, {"Plan": {"Node Type": "Aggregate", "Strategy": "Plain", "Partial Mode": "Finalize", "Parallel Aware": false, "Startup Cost": 323131.71, "Total Cost": 323131.72, "Plan Rows": 1, "Plan Width": 96, "Plans": [{"Node Type": "Gather", "Parent Relationship": "Outer", "Parallel Aware": false, "Startup Cost": 323131.59, "Total Cost": 323131.7, "Plan Rows": 1, "Plan Width": 96, "Workers Planned": 1, "Single Copy": false, "Plans": [{"Node Type": "Aggregate", "Strategy": "Plain", "Partial Mode": "Partial", "Parent Relationship": "Outer", "Parallel Aware": false, "Startup Cost": 322131.59, "Total Cost": 322131.6, "Plan Rows": 1, "Plan Width": 96, "Plans": [{"Node Type": "Hash Join", "Parent Relationship": "Outer", "Parallel Aware": true, "Join Type": "Inner", "Startup Cost": 317219.43, "Total Cost": 322131.58, "Plan Rows": 1, "Plan Width": 41, "Inner Unique": false, "Hash Cond": "(cn.id = mc.company_id)", "Plans": [{"Node Type": "Seq Scan", "Parent Relationship": "Outer", "Parallel Aware": true, "Relation Name": "company_name", "Alias": "cn", "Startup Cost": 0.0, "Total Cost": 4722.92, "Plan Rows": 50460, "Plan Width": 23, "Filter": "((country_code)::text = '[us]'::text)"}, {"Node Type": "Hash", "Parent Relationship": "Inner", "Parallel Aware": true, "Startup Cost": 317219.42, "Total Cost": 317219.42, "Plan Rows": 1, "Plan Width": 26, "Plans": [{"Node Type": "Hash Join", "Parent Relationship": "Outer", "Parallel Aware": true, "Join Type": "Inner", "Startup Cost": 287772.55, "Total Cost": 317219.42, "Plan Rows": 1, "Plan Width": 26, "Inner Unique": false, "Hash Cond": "(mc.movie_id = mi.movie_id)", "Plans": [{"Node Type": "Hash Join", "Parent Relationship": "Outer", "Parallel Aware": false, "Join Type": "Inner", "Startup Cost": 18.93, "Total Cost": 29448.0, "Plan Rows": 4742, "Plan Width": 8, "Inner Unique": true, "Hash Cond": "(mc.company_type_id = ct.id)", "Plans": [{"Node Type": "Seq Scan", "Parent Relationship": "Outer", "Parallel Aware": true, "Relation Name": "movie_companies", "Alias": "mc", "Startup Cost": 0.0, "Total Cost": 27206.55, "Plan Rows": 841655, "Plan Width": 12}, {"Node Type": "Hash", "Parent Relationship": "Inner", "Parallel Aware": false, "Startup Cost": 18.88, "Total Cost": 18.88, "Plan Rows": 4, "Plan Width": 4, "Plans": [{"Node Type": "Seq Scan", "Parent Relationship": "Outer", "Parallel Aware": false, "Relation Name": "company_type", "Alias": "ct", "Startup Cost": 0.0, "Total Cost": 18.88, "Plan Rows": 4, "Plan Width": 4, "Filter": "((kind)::text = 'production companies'::text)"}]}]}, {"Node Type": "Hash", "Parent Relationship": "Inner", "Parallel Aware": true, "Startup Cost": 287753.61, "Total Cost": 287753.61, "Plan Rows": 1, "Plan Width": 34, "Plans": [{"Node Type": "Hash Join", "Parent Relationship": "Outer", "Parallel Aware": true, "Join Type": "Inner", "Startup Cost": 272483.34, "Total Cost": 287753.61, "Plan Rows": 1, "Plan Width": 34, "Inner Unique": false, "Hash Cond": "(miidx.movie_id = mi.movie_id)", "Plans": [{"Node Type": "Hash Join", "Parent Relationship": "Outer", "Parallel Aware": false, "Join Type": "Inner", "Startup Cost": 2.43, "Total Cost": 15253.6, "Plan Rows": 5089, "Plan Width": 9, "Inner Unique": true, "Hash Cond": "(miidx.info_type_id = it.id)", "Plans": [{"Node Type": "Seq Scan", "Parent Relationship": "Outer", "Parallel Aware": true, "Relation Name": "movie_info_idx", "Alias": "miidx", "Startup Cost": 0.0, "Total Cost": 13685.15, "Plan Rows": 575015, "Plan Width": 13}, {"Node Type": "Hash", "Parent Relationship": "Inner", "Parallel Aware": false, "Startup Cost": 2.41, "Total Cost": 2.41, "Plan Rows": 1, "Plan Width": 4, "Plans": [{"Node Type": "Seq Scan", "Parent Relationship": "Outer", "Parallel Aware": false, "Relation Name": "info_type", "Alias": "it", "Startup Cost": 0.0, "Total Cost": 2.41, "Plan Rows": 1, "Plan Width": 4, "Filter": "((info)::text = 'rating'::text)"}]}]}, {"Node Type": "Hash", "Parent Relationship": "Inner", "Parallel Aware": true, "Startup Cost": 272480.91, "Total Cost": 272480.91, "Plan Rows": 1, "Plan Width": 25, "Plans": [{"Node Type": "Hash Join", "Parent Relationship": "Outer", "Parallel Aware": false, "Join Type": "Inner", "Startup Cost": 50297.22, "Total Cost": 272480.91, "Plan Rows": 1, "Plan Width": 25, "Inner Unique": true, "Hash Cond": "(mi.info_type_id = it2.id)", "Plans": [{"Node Type": "Hash Join", "Parent Relationship": "Outer", "Parallel Aware": false, "Join Type": "Inner", "Startup Cost": 50294.8, "Total Cost": 272478.47, "Plan Rows": 4, "Plan Width": 29, "Inner Unique": true, "Hash Cond": "(t.kind_id = kt.id)", "Plans": [{"Node Type": "Hash Join", "Parent Relationship": "Outer", "Parallel Aware": true, "Join Type": "Inner", "Startup Cost": 50271.99, "Total Cost": 272453.32, "Plan Rows": 886, "Plan Width": 33, "Inner Unique": true, "Hash Cond": "(mi.movie_id = t.id)", "Plans": [{"Node Type": "Seq Scan", "Parent Relationship": "Outer", "Parallel Aware": true, "Relation Name": "movie_info", "Alias": "mi", "Startup Cost": 0.0, "Total Cost": 209666.91, "Plan Rows": 4767391, "Plan Width": 8}, {"Node Type": "Hash", "Parent Relationship": "Inner", "Parallel Aware": true, "Startup Cost": 50270.09, "Total Cost": 50270.09, "Plan Rows": 152, "Plan Width": 25, "Plans": [{"Node Type": "Seq Scan", "Parent Relationship": "Outer", "Parallel Aware": true, "Relation Name": "title", "Alias": "t", "Startup Cost": 0.0, "Total Cost": 50270.09, "Plan Rows": 152, "Plan Width": 25, "Filter": "((title <> ''::text) AND ((title ~~ '%Champion%'::text) OR (title ~~ '%Loser%'::text)))"}]}]}, {"Node Type": "Hash", "Parent Relationship": "Inner", "Parallel Aware": false, "Startup Cost": 22.75, "Total Cost": 22.75, "Plan Rows": 5, "Plan Width": 4, "Plans": [{"Node Type": "Seq Scan", "Parent Relationship": "Outer", "Parallel Aware": false, "Relation Name": "kind_type", "Alias": "kt", "Startup Cost": 0.0, "Total Cost": 22.75, "Plan Rows": 5, "Plan Width": 4, "Filter": "((kind)::text = 'movie'::text)"}]}]}, {"Node Type": "Hash", "Parent Relationship": "Inner", "Parallel Aware": false, "Startup Cost": 2.41, "Total Cost": 2.41, "Plan Rows": 1, "Plan Width": 4, "Plans": [{"Node Type": "Seq Scan", "Parent Relationship": "Outer", "Parallel Aware": false, "Relation Name": "info_type", "Alias": "it2", "Startup Cost": 0.0, "Total Cost": 2.41, "Plan Rows": 1, "Plan Width": 4, "Filter": "((info)::text = 'release dates'::text)"}]}]}]}]}]}]}]}]}]}]}]}}, {"Plan": {"Node Type": "Aggregate", "Strategy": "Plain", "Partial Mode": "Simple", "Parallel Aware": false, "Startup Cost": 90000105737.72, "Total Cost": 90000105737.73, "Plan Rows": 1, "Plan Width": 96, "Plans": [{"Node Type": "Nested Loop", "Parent Relationship": "Outer", "Parallel Aware": false, "Join Type": "Inner", "Startup Cost": 90000000004.24, "Total Cost": 90000105737.71, "Plan Rows": 1, "Plan Width": 41, "Inner Unique": true, "Plans": [{"Node Type": "Nested Loop", "Parent Relationship": "Outer", "Parallel Aware": false, "Join Type": "Inner", "Startup Cost": 80000000004.08, "Total Cost": 80000105736.06, "Plan Rows": 1, "Plan Width": 45, "Inner Unique": true, "Plans": [{"Node Type": "Nested Loop", "Parent Relationship": "Outer", "Parallel Aware": false, "Join Type": "Inner", "Startup Cost": 70000000003.93, "Total Cost": 70000105733.68, "Plan Rows": 1, "Plan Width": 49, "Inner Unique": false, "Join Filter": "(t.id = mi.movie_id)", "Plans": [{"Node Type": "Nested Loop", "Parent Relationship": "Outer", "Parallel Aware": false, "Join Type": "Inner", "Startup Cost": 60000000003.15, "Total Cost": 60000105730.78, "Plan Rows": 1, "Plan Width": 57, "Inner Unique": true, "Plans": [{"Node Type": "Nested Loop", "Parent Relationship": "Outer", "Parallel Aware": false, "Join Type": "Inner", "Startup Cost": 50000000002.73, "Total Cost": 50000105729.24, "Plan Rows": 1, "Plan Width": 42, "Inner Unique": true, "Plans": [{"Node Type": "Nested Loop", "Parent Relationship": "Outer", "Parallel Aware": false, "Join Type": "Inner", "Startup Cost": 40000000002.57, "Total Cost": 40000105713.52, "Plan Rows": 12, "Plan Width": 46, "Inner Unique": false, "Join Filter": "(t.id = mc.movie_id)", "Plans": [{"Node Type": "Nested Loop", "Parent Relationship": "Outer", "Parallel Aware": false, "Join Type": "Inner", "Startup Cost": 30000000002.09, "Total Cost": 30000105710.11, "Plan Rows": 2, "Plan Width": 34, "Inner Unique": true, "Plans": [{"Node Type": "Nested Loop", "Parent Relationship": "Outer", "Parallel Aware": false, "Join Type": "Inner", "Startup Cost": 20000000001.94, "Total Cost": 20000105384.92, "Plan Rows": 257, "Plan Width": 38, "Inner Unique": false, "Plans": [{"Node Type": "Index Scan", "Parent Relationship": "Outer", "Parallel Aware": false, "Scan Direction": "Forward", "Index Name": "kind_id_title", "Relation Name": "title", "Alias": "t", "Startup Cost": 10000000000.43, "Total Cost": 10000103094.79, "Plan Rows": 470, "Plan Width": 25, "Filter": "((title <> ''::text) AND ((title ~~ '%Champion%'::text) OR (title ~~ '%Loser%'::text)))"}, {"Node Type": "Bitmap Heap Scan", "Parent Relationship": "Inner", "Parallel Aware": false, "Relation Name": "movie_info_idx", "Alias": "miidx", "Startup Cost": 1.51, "Total Cost": 4.84, "Plan Rows": 3, "Plan Width": 13, "Recheck Cond": "(movie_id = t.id)", "Plans": [{"Node Type": "Bitmap Index Scan", "Parent Relationship": "Outer", "Parallel Aware": false, "Index Name": "movie_id_movie_info_idx", "Startup Cost": 0.0, "Total Cost": 1.51, "Plan Rows": 3, "Plan Width": 0, "Index Cond": "(movie_id = t.id)"}]}]}, {"Node Type": "Bitmap Heap Scan", "Parent Relationship": "Inner", "Parallel Aware": false, "Relation Name": "info_type", "Alias": "it", "Startup Cost": 0.15, "Total Cost": 1.27, "Plan Rows": 1, "Plan Width": 4, "Recheck Cond": "(id = miidx.info_type_id)", "Filter": "((info)::text = 'rating'::text)", "Plans": [{"Node Type": "Bitmap Index Scan", "Parent Relationship": "Outer", "Parallel Aware": false, "Index Name": "info_type_pkey", "Startup Cost": 0.0, "Total Cost": 0.15, "Plan Rows": 1, "Plan Width": 0, "Index Cond": "(id = miidx.info_type_id)"}]}]}, {"Node Type": "Bitmap Heap Scan", "Parent Relationship": "Inner", "Parallel Aware": false, "Relation Name": "movie_companies", "Alias": "mc", "Startup Cost": 0.48, "Total Cost": 1.64, "Plan Rows": 5, "Plan Width": 12, "Recheck Cond": "(movie_id = miidx.movie_id)", "Plans": [{"Node Type": "Bitmap Index Scan", "Parent Relationship": "Outer", "Parallel Aware": false, "Index Name": "movie_id_movie_companies", "Startup Cost": 0.0, "Total Cost": 0.48, "Plan Rows": 5, "Plan Width": 0, "Index Cond": "(movie_id = miidx.movie_id)"}]}]}, {"Node Type": "Bitmap Heap Scan", "Parent Relationship": "Inner", "Parallel Aware": false, "Relation Name": "company_type", "Alias": "ct", "Startup Cost": 0.16, "Total Cost": 1.27, "Plan Rows": 1, "Plan Width": 4, "Recheck Cond": "(id = mc.company_type_id)", "Filter": "((kind)::text = 'production companies'::text)", "Plans": [{"Node Type": "Bitmap Index Scan", "Parent Relationship": "Outer", "Parallel Aware": false, "Index Name": "company_type_pkey", "Startup Cost": 0.0, "Total Cost": 0.16, "Plan Rows": 1, "Plan Width": 0, "Index Cond": "(id = mc.company_type_id)"}]}]}, {"Node Type": "Bitmap Heap Scan", "Parent Relationship": "Inner", "Parallel Aware": false, "Relation Name": "company_name", "Alias": "cn", "Startup Cost": 0.43, "Total Cost": 1.54, "Plan Rows": 1, "Plan Width": 23, "Recheck Cond": "(id = mc.company_id)", "Filter": "((country_code)::text = '[us]'::text)", "Plans": [{"Node Type": "Bitmap Index Scan", "Parent Relationship": "Outer", "Parallel Aware": false, "Index Name": "company_name_pkey", "Startup Cost": 0.0, "Total Cost": 0.43, "Plan Rows": 1, "Plan Width": 0, "Index Cond": "(id = mc.company_id)"}]}]}, {"Node Type": "Bitmap Heap Scan", "Parent Relationship": "Inner", "Parallel Aware": false, "Relation Name": "movie_info", "Alias": "mi", "Startup Cost": 0.78, "Total Cost": 2.39, "Plan Rows": 41, "Plan Width": 8, "Recheck Cond": "(movie_id = mc.movie_id)", "Plans": [{"Node Type": "Bitmap Index Scan", "Parent Relationship": "Outer", "Parallel Aware": false, "Index Name": "movie_id_movie_info", "Startup Cost": 0.0, "Total Cost": 0.77, "Plan Rows": 41, "Plan Width": 0, "Index Cond": "(movie_id = mc.movie_id)"}]}]}, {"Node Type": "Bitmap Heap Scan", "Parent Relationship": "Inner", "Parallel Aware": false, "Relation Name": "info_type", "Alias": "it2", "Startup Cost": 0.15, "Total Cost": 1.27, "Plan Rows": 1, "Plan Width": 4, "Recheck Cond": "(id = mi.info_type_id)", "Filter": "((info)::text = 'release dates'::text)", "Plans": [{"Node Type": "Bitmap Index Scan", "Parent Relationship": "Outer", "Parallel Aware": false, "Index Name": "info_type_pkey", "Startup Cost": 0.0, "Total Cost": 0.15, "Plan Rows": 1, "Plan Width": 0, "Index Cond": "(id = mi.info_type_id)"}]}]}, {"Node Type": "Bitmap Heap Scan", "Parent Relationship": "Inner", "Parallel Aware": false, "Relation Name": "kind_type", "Alias": "kt", "Startup Cost": 0.16, "Total Cost": 1.28, "Plan Rows": 1, "Plan Width": 4, "Recheck Cond": "(id = t.kind_id)", "Filter": "((kind)::text = 'movie'::text)", "Plans": [{"Node Type": "Bitmap Index Scan", "Parent Relationship": "Outer", "Parallel Aware": false, "Index Name": "kind_type_pkey", "Startup Cost": 0.0, "Total Cost": 0.16, "Plan Rows": 1, "Plan Width": 0, "Index Cond": "(id = t.kind_id)"}]}]}]}}, {"Plan": {"Node Type": "Aggregate", "Strategy": "Plain", "Partial Mode": "Simple", "Parallel Aware": false, "Startup Cost": 10000105737.72, "Total Cost": 10000105737.73, "Plan Rows": 1, "Plan Width": 96, "Plans": [{"Node Type": "Nested Loop", "Parent Relationship": "Outer", "Parallel Aware": false, "Join Type": "Inner", "Startup Cost": 10000000004.24, "Total Cost": 10000105737.71, "Plan Rows": 1, "Plan Width": 41, "Inner Unique": true, "Plans": [{"Node Type": "Nested Loop", "Parent Relationship": "Outer", "Parallel Aware": false, "Join Type": "Inner", "Startup Cost": 10000000004.08, "Total Cost": 10000105736.06, "Plan Rows": 1, "Plan Width": 45, "Inner Unique": true, "Plans": [{"Node Type": "Nested Loop", "Parent Relationship": "Outer", "Parallel Aware": false, "Join Type": "Inner", "Startup Cost": 10000000003.93, "Total Cost": 10000105733.68, "Plan Rows": 1, "Plan Width": 49, "Inner Unique": false, "Join Filter": "(t.id = mi.movie_id)", "Plans": [{"Node Type": "Nested Loop", "Parent Relationship": "Outer", "Parallel Aware": false, "Join Type": "Inner", "Startup Cost": 10000000003.15, "Total Cost": 10000105730.78, "Plan Rows": 1, "Plan Width": 57, "Inner Unique": true, "Plans": [{"Node Type": "Nested Loop", "Parent Relationship": "Outer", "Parallel Aware": false, "Join Type": "Inner", "Startup Cost": 10000000002.73, "Total Cost": 10000105729.24, "Plan Rows": 1, "Plan Width": 42, "Inner Unique": true, "Plans": [{"Node Type": "Nested Loop", "Parent Relationship": "Outer", "Parallel Aware": false, "Join Type": "Inner", "Startup Cost": 10000000002.57, "Total Cost": 10000105713.52, "Plan Rows": 12, "Plan Width": 46, "Inner Unique": false, "Join Filter": "(t.id = mc.movie_id)", "Plans": [{"Node Type": "Nested Loop", "Parent Relationship": "Outer", "Parallel Aware": false, "Join Type": "Inner", "Startup Cost": 10000000002.09, "Total Cost": 10000105710.11, "Plan Rows": 2, "Plan Width": 34, "Inner Unique": true, "Plans": [{"Node Type": "Nested Loop", "Parent Relationship": "Outer", "Parallel Aware": false, "Join Type": "Inner", "Startup Cost": 10000000001.94, "Total Cost": 10000105384.92, "Plan Rows": 257, "Plan Width": 38, "Inner Unique": false, "Plans": [{"Node Type": "Index Scan", "Parent Relationship": "Outer", "Parallel Aware": false, "Scan Direction": "Forward", "Index Name": "kind_id_title", "Relation Name": "title", "Alias": "t", "Startup Cost": 10000000000.43, "Total Cost": 10000103094.79, "Plan Rows": 470, "Plan Width": 25, "Filter": "((title <> ''::text) AND ((title ~~ '%Champion%'::text) OR (title ~~ '%Loser%'::text)))"}, {"Node Type": "Bitmap Heap Scan", "Parent Relationship": "Inner", "Parallel Aware": false, "Relation Name": "movie_info_idx", "Alias": "miidx", "Startup Cost": 1.51, "Total Cost": 4.84, "Plan Rows": 3, "Plan Width": 13, "Recheck Cond": "(movie_id = t.id)", "Plans": [{"Node Type": "Bitmap Index Scan", "Parent Relationship": "Outer", "Parallel Aware": false, "Index Name": "movie_id_movie_info_idx", "Startup Cost": 0.0, "Total Cost": 1.51, "Plan Rows": 3, "Plan Width": 0, "Index Cond": "(movie_id = t.id)"}]}]}, {"Node Type": "Bitmap Heap Scan", "Parent Relationship": "Inner", "Parallel Aware": false, "Relation Name": "info_type", "Alias": "it", "Startup Cost": 0.15, "Total Cost": 1.27, "Plan Rows": 1, "Plan Width": 4, "Recheck Cond": "(id = miidx.info_type_id)", "Filter": "((info)::text = 'rating'::text)", "Plans": [{"Node Type": "Bitmap Index Scan", "Parent Relationship": "Outer", "Parallel Aware": false, "Index Name": "info_type_pkey", "Startup Cost": 0.0, "Total Cost": 0.15, "Plan Rows": 1, "Plan Width": 0, "Index Cond": "(id = miidx.info_type_id)"}]}]}, {"Node Type": "Bitmap Heap Scan", "Parent Relationship": "Inner", "Parallel Aware": false, "Relation Name": "movie_companies", "Alias": "mc", "Startup Cost": 0.48, "Total Cost": 1.64, "Plan Rows": 5, "Plan Width": 12, "Recheck Cond": "(movie_id = miidx.movie_id)", "Plans": [{"Node Type": "Bitmap Index Scan", "Parent Relationship": "Outer", "Parallel Aware": false, "Index Name": "movie_id_movie_companies", "Startup Cost": 0.0, "Total Cost": 0.48, "Plan Rows": 5, "Plan Width": 0, "Index Cond": "(movie_id = miidx.movie_id)"}]}]}, {"Node Type": "Bitmap Heap Scan", "Parent Relationship": "Inner", "Parallel Aware": false, "Relation Name": "company_type", "Alias": "ct", "Startup Cost": 0.16, "Total Cost": 1.27, "Plan Rows": 1, "Plan Width": 4, "Recheck Cond": "(id = mc.company_type_id)", "Filter": "((kind)::text = 'production companies'::text)", "Plans": [{"Node Type": "Bitmap Index Scan", "Parent Relationship": "Outer", "Parallel Aware": false, "Index Name": "company_type_pkey", "Startup Cost": 0.0, "Total Cost": 0.16, "Plan Rows": 1, "Plan Width": 0, "Index Cond": "(id = mc.company_type_id)"}]}]}, {"Node Type": "Bitmap Heap Scan", "Parent Relationship": "Inner", "Parallel Aware": false, "Relation Name": "company_name", "Alias": "cn", "Startup Cost": 0.43, "Total Cost": 1.54, "Plan Rows": 1, "Plan Width": 23, "Recheck Cond": "(id = mc.company_id)", "Filter": "((country_code)::text = '[us]'::text)", "Plans": [{"Node Type": "Bitmap Index Scan", "Parent Relationship": "Outer", "Parallel Aware": false, "Index Name": "company_name_pkey", "Startup Cost": 0.0, "Total Cost": 0.43, "Plan Rows": 1, "Plan Width": 0, "Index Cond": "(id = mc.company_id)"}]}]}, {"Node Type": "Bitmap Heap Scan", "Parent Relationship": "Inner", "Parallel Aware": false, "Relation Name": "movie_info", "Alias": "mi", "Startup Cost": 0.78, "Total Cost": 2.39, "Plan Rows": 41, "Plan Width": 8, "Recheck Cond": "(movie_id = mc.movie_id)", "Plans": [{"Node Type": "Bitmap Index Scan", "Parent Relationship": "Outer", "Parallel Aware": false, "Index Name": "movie_id_movie_info", "Startup Cost": 0.0, "Total Cost": 0.77, "Plan Rows": 41, "Plan Width": 0, "Index Cond": "(movie_id = mc.movie_id)"}]}]}, {"Node Type": "Bitmap Heap Scan", "Parent Relationship": "Inner", "Parallel Aware": false, "Relation Name": "info_type", "Alias": "it2", "Startup Cost": 0.15, "Total Cost": 1.27, "Plan Rows": 1, "Plan Width": 4, "Recheck Cond": "(id = mi.info_type_id)", "Filter": "((info)::text = 'release dates'::text)", "Plans": [{"Node Type": "Bitmap Index Scan", "Parent Relationship": "Outer", "Parallel Aware": false, "Index Name": "info_type_pkey", "Startup Cost": 0.0, "Total Cost": 0.15, "Plan Rows": 1, "Plan Width": 0, "Index Cond": "(id = mi.info_type_id)"}]}]}, {"Node Type": "Bitmap Heap Scan", "Parent Relationship": "Inner", "Parallel Aware": false, "Relation Name": "kind_type", "Alias": "kt", "Startup Cost": 0.16, "Total Cost": 1.28, "Plan Rows": 1, "Plan Width": 4, "Recheck Cond": "(id = t.kind_id)", "Filter": "((kind)::text = 'movie'::text)", "Plans": [{"Node Type": "Bitmap Index Scan", "Parent Relationship": "Outer", "Parallel Aware": false, "Index Name": "kind_type_pkey", "Startup Cost": 0.0, "Total Cost": 0.16, "Plan Rows": 1, "Plan Width": 0, "Index Cond": "(id = t.kind_id)"}]}]}]}}, {"Plan": {"Node Type": "Aggregate", "Strategy": "Plain", "Partial Mode": "Simple", "Parallel Aware": false, "Startup Cost": 24229.51, "Total Cost": 24229.52, "Plan Rows": 1, "Plan Width": 96, "Plans": [{"Node Type": "Nested Loop", "Parent Relationship": "Outer", "Parallel Aware": false, "Join Type": "Inner", "Startup Cost": 1005.02, "Total Cost": 24229.51, "Plan Rows": 1, "Plan Width": 41, "Inner Unique": true, "Plans": [{"Node Type": "Nested Loop", "Parent Relationship": "Outer", "Parallel Aware": false, "Join Type": "Inner", "Startup Cost": 1004.87, "Total Cost": 24227.13, "Plan Rows": 1, "Plan Width": 45, "Inner Unique": false, "Join Filter": "(t.id = mi.movie_id)", "Plans": [{"Node Type": "Nested Loop", "Parent Relationship": "Outer", "Parallel Aware": false, "Join Type": "Inner", "Startup Cost": 1004.09, "Total Cost": 24224.23, "Plan Rows": 1, "Plan Width": 53, "Inner Unique": true, "Plans": [{"Node Type": "Nested Loop", "Parent Relationship": "Outer", "Parallel Aware": false, "Join Type": "Inner", "Startup Cost": 1003.94, "Total Cost": 24222.51, "Plan Rows": 1, "Plan Width": 57, "Inner Unique": true, "Plans": [{"Node Type": "Nested Loop", "Parent Relationship": "Outer", "Parallel Aware": false, "Join Type": "Inner", "Startup Cost": 1003.51, "Total Cost": 24220.96, "Plan Rows": 1, "Plan Width": 42, "Inner Unique": false, "Join Filter": "(t.id = mc.movie_id)", "Plans": [{"Node Type": "Gather", "Parent Relationship": "Outer", "Parallel Aware": false, "Startup Cost": 1003.03, "Total Cost": 24219.26, "Plan Rows": 1, "Plan Width": 30, "Workers Planned": 2, "Single Copy": false, "Plans": [{"Node Type": "Nested Loop", "Parent Relationship": "Outer", "Parallel Aware": false, "Join Type": "Inner", "Startup Cost": 3.03, "Total Cost": 23219.16, "Plan Rows": 1, "Plan Width": 30, "Inner Unique": true, "Plans": [{"Node Type": "Nested Loop", "Parent Relationship": "Outer", "Parallel Aware": false, "Join Type": "Inner", "Startup Cost": 2.87, "Total Cost": 23217.51, "Plan Rows": 1, "Plan Width": 34, "Inner Unique": true, "Plans": [{"Node Type": "Hash Join", "Parent Relationship": "Outer", "Parallel Aware": false, "Join Type": "Inner", "Startup Cost": 2.43, "Total Cost": 15253.6, "Plan Rows": 5089, "Plan Width": 9, "Inner Unique": true, "Hash Cond": "(miidx.info_type_id = it.id)", "Plans": [{"Node Type": "Seq Scan", "Parent Relationship": "Outer", "Parallel Aware": true, "Relation Name": "movie_info_idx", "Alias": "miidx", "Startup Cost": 0.0, "Total Cost": 13685.15, "Plan Rows": 575015, "Plan Width": 13}, {"Node Type": "Hash", "Parent Relationship": "Inner", "Parallel Aware": false, "Startup Cost": 2.41, "Total Cost": 2.41, "Plan Rows": 1, "Plan Width": 4, "Plans": [{"Node Type": "Seq Scan", "Parent Relationship": "Outer", "Parallel Aware": false, "Relation Name": "info_type", "Alias": "it", "Startup Cost": 0.0, "Total Cost": 2.41, "Plan Rows": 1, "Plan Width": 4, "Filter": "((info)::text = 'rating'::text)"}]}]}, {"Node Type": "Bitmap Heap Scan", "Parent Relationship": "Inner", "Parallel Aware": false, "Relation Name": "title", "Alias": "t", "Startup Cost": 0.44, "Total Cost": 1.56, "Plan Rows": 1, "Plan Width": 25, "Recheck Cond": "(id = miidx.movie_id)", "Filter": "((title <> ''::text) AND ((title ~~ '%Champion%'::text) OR (title ~~ '%Loser%'::text)))", "Plans": [{"Node Type": "Bitmap Index Scan", "Parent Relationship": "Outer", "Parallel Aware": false, "Index Name": "title_pkey", "Startup Cost": 0.0, "Total Cost": 0.44, "Plan Rows": 1, "Plan Width": 0, "Index Cond": "(id = miidx.movie_id)"}]}]}, {"Node Type": "Bitmap Heap Scan", "Parent Relationship": "Inner", "Parallel Aware": false, "Relation Name": "kind_type", "Alias": "kt", "Startup Cost": 0.16, "Total Cost": 1.28, "Plan Rows": 1, "Plan Width": 4, "Recheck Cond": "(id = t.kind_id)", "Filter": "((kind)::text = 'movie'::text)", "Plans": [{"Node Type": "Bitmap Index Scan", "Parent Relationship": "Outer", "Parallel Aware": false, "Index Name": "kind_type_pkey", "Startup Cost": 0.0, "Total Cost": 0.16, "Plan Rows": 1, "Plan Width": 0, "Index Cond": "(id = t.kind_id)"}]}]}]}, {"Node Type": "Bitmap Heap Scan", "Parent Relationship": "Inner", "Parallel Aware": false, "Relation Name": "movie_companies", "Alias": "mc", "Startup Cost": 0.48, "Total Cost": 1.64, "Plan Rows": 5, "Plan Width": 12, "Recheck Cond": "(movie_id = miidx.movie_id)", "Plans": [{"Node Type": "Bitmap Index Scan", "Parent Relationship": "Outer", "Parallel Aware": false, "Index Name": "movie_id_movie_companies", "Startup Cost": 0.0, "Total Cost": 0.48, "Plan Rows": 5, "Plan Width": 0, "Index Cond": "(movie_id = miidx.movie_id)"}]}]}, {"Node Type": "Bitmap Heap Scan", "Parent Relationship": "Inner", "Parallel Aware": false, "Relation Name": "company_name", "Alias": "cn", "Startup Cost": 0.43, "Total Cost": 1.54, "Plan Rows": 1, "Plan Width": 23, "Recheck Cond": "(id = mc.company_id)", "Filter": "((country_code)::text = '[us]'::text)", "Plans": [{"Node Type": "Bitmap Index Scan", "Parent Relationship": "Outer", "Parallel Aware": false, "Index Name": "company_name_pkey", "Startup Cost": 0.0, "Total Cost": 0.43, "Plan Rows": 1, "Plan Width": 0, "Index Cond": "(id = mc.company_id)"}]}]}, {"Node Type": "Bitmap Heap Scan", "Parent Relationship": "Inner", "Parallel Aware": false, "Relation Name": "company_type", "Alias": "ct", "Startup Cost": 0.16, "Total Cost": 1.27, "Plan Rows": 1, "Plan Width": 4, "Recheck Cond": "(id = mc.company_type_id)", "Filter": "((kind)::text = 'production companies'::text)", "Plans": [{"Node Type": "Bitmap Index Scan", "Parent Relationship": "Outer", "Parallel Aware": false, "Index Name": "company_type_pkey", "Startup Cost": 0.0, "Total Cost": 0.16, "Plan Rows": 1, "Plan Width": 0, "Index Cond": "(id = mc.company_type_id)"}]}]}, {"Node Type": "Bitmap Heap Scan", "Parent Relationship": "Inner", "Parallel Aware": false, "Relation Name": "movie_info", "Alias": "mi", "Startup Cost": 0.78, "Total Cost": 2.39, "Plan Rows": 41, "Plan Width": 8, "Recheck Cond": "(movie_id = mc.movie_id)", "Plans": [{"Node Type": "Bitmap Index Scan", "Parent Relationship": "Outer", "Parallel Aware": false, "Index Name": "movie_id_movie_info", "Startup Cost": 0.0, "Total Cost": 0.77, "Plan Rows": 41, "Plan Width": 0, "Index Cond": "(movie_id = mc.movie_id)"}]}]}, {"Node Type": "Bitmap Heap Scan", "Parent Relationship": "Inner", "Parallel Aware": false, "Relation Name": "info_type", "Alias": "it2", "Startup Cost": 0.15, "Total Cost": 1.27, "Plan Rows": 1, "Plan Width": 4, "Recheck Cond": "(id = mi.info_type_id)", "Filter": "((info)::text = 'release dates'::text)", "Plans": [{"Node Type": "Bitmap Index Scan", "Parent Relationship": "Outer", "Parallel Aware": false, "Index Name": "info_type_pkey", "Startup Cost": 0.0, "Total Cost": 0.15, "Plan Rows": 1, "Plan Width": 0, "Index Cond": "(id = mi.info_type_id)"}]}]}]}}, {"Plan": {"Node Type": "Aggregate", "Strategy": "Plain", "Partial Mode": "Finalize", "Parallel Aware": false, "Startup Cost": 323131.71, "Total Cost": 323131.72, "Plan Rows": 1, "Plan Width": 96, "Plans": [{"Node Type": "Gather", "Parent Relationship": "Outer", "Parallel Aware": false, "Startup Cost": 323131.59, "Total Cost": 323131.7, "Plan Rows": 1, "Plan Width": 96, "Workers Planned": 1, "Single Copy": false, "Plans": [{"Node Type": "Aggregate", "Strategy": "Plain", "Partial Mode": "Partial", "Parent Relationship": "Outer", "Parallel Aware": false, "Startup Cost": 322131.59, "Total Cost": 322131.6, "Plan Rows": 1, "Plan Width": 96, "Plans": [{"Node Type": "Hash Join", "Parent Relationship": "Outer", "Parallel Aware": true, "Join Type": "Inner", "Startup Cost": 317219.43, "Total Cost": 322131.58, "Plan Rows": 1, "Plan Width": 41, "Inner Unique": false, "Hash Cond": "(cn.id = mc.company_id)", "Plans": [{"Node Type": "Seq Scan", "Parent Relationship": "Outer", "Parallel Aware": true, "Relation Name": "company_name", "Alias": "cn", "Startup Cost": 0.0, "Total Cost": 4722.92, "Plan Rows": 50460, "Plan Width": 23, "Filter": "((country_code)::text = '[us]'::text)"}, {"Node Type": "Hash", "Parent Relationship": "Inner", "Parallel Aware": true, "Startup Cost": 317219.42, "Total Cost": 317219.42, "Plan Rows": 1, "Plan Width": 26, "Plans": [{"Node Type": "Hash Join", "Parent Relationship": "Outer", "Parallel Aware": true, "Join Type": "Inner", "Startup Cost": 287772.55, "Total Cost": 317219.42, "Plan Rows": 1, "Plan Width": 26, "Inner Unique": false, "Hash Cond": "(mc.movie_id = mi.movie_id)", "Plans": [{"Node Type": "Hash Join", "Parent Relationship": "Outer", "Parallel Aware": false, "Join Type": "Inner", "Startup Cost": 18.93, "Total Cost": 29448.0, "Plan Rows": 4742, "Plan Width": 8, "Inner Unique": true, "Hash Cond": "(mc.company_type_id = ct.id)", "Plans": [{"Node Type": "Seq Scan", "Parent Relationship": "Outer", "Parallel Aware": true, "Relation Name": "movie_companies", "Alias": "mc", "Startup Cost": 0.0, "Total Cost": 27206.55, "Plan Rows": 841655, "Plan Width": 12}, {"Node Type": "Hash", "Parent Relationship": "Inner", "Parallel Aware": false, "Startup Cost": 18.88, "Total Cost": 18.88, "Plan Rows": 4, "Plan Width": 4, "Plans": [{"Node Type": "Seq Scan", "Parent Relationship": "Outer", "Parallel Aware": false, "Relation Name": "company_type", "Alias": "ct", "Startup Cost": 0.0, "Total Cost": 18.88, "Plan Rows": 4, "Plan Width": 4, "Filter": "((kind)::text = 'production companies'::text)"}]}]}, {"Node Type": "Hash", "Parent Relationship": "Inner", "Parallel Aware": true, "Startup Cost": 287753.61, "Total Cost": 287753.61, "Plan Rows": 1, "Plan Width": 34, "Plans": [{"Node Type": "Hash Join", "Parent Relationship": "Outer", "Parallel Aware": true, "Join Type": "Inner", "Startup Cost": 272483.34, "Total Cost": 287753.61, "Plan Rows": 1, "Plan Width": 34, "Inner Unique": false, "Hash Cond": "(miidx.movie_id = mi.movie_id)", "Plans": [{"Node Type": "Hash Join", "Parent Relationship": "Outer", "Parallel Aware": false, "Join Type": "Inner", "Startup Cost": 2.43, "Total Cost": 15253.6, "Plan Rows": 5089, "Plan Width": 9, "Inner Unique": true, "Hash Cond": "(miidx.info_type_id = it.id)", "Plans": [{"Node Type": "Seq Scan", "Parent Relationship": "Outer", "Parallel Aware": true, "Relation Name": "movie_info_idx", "Alias": "miidx", "Startup Cost": 0.0, "Total Cost": 13685.15, "Plan Rows": 575015, "Plan Width": 13}, {"Node Type": "Hash", "Parent Relationship": "Inner", "Parallel Aware": false, "Startup Cost": 2.41, "Total Cost": 2.41, "Plan Rows": 1, "Plan Width": 4, "Plans": [{"Node Type": "Seq Scan", "Parent Relationship": "Outer", "Parallel Aware": false, "Relation Name": "info_type", "Alias": "it", "Startup Cost": 0.0, "Total Cost": 2.41, "Plan Rows": 1, "Plan Width": 4, "Filter": "((info)::text = 'rating'::text)"}]}]}, {"Node Type": "Hash", "Parent Relationship": "Inner", "Parallel Aware": true, "Startup Cost": 272480.91, "Total Cost": 272480.91, "Plan Rows": 1, "Plan Width": 25, "Plans": [{"Node Type": "Hash Join", "Parent Relationship": "Outer", "Parallel Aware": false, "Join Type": "Inner", "Startup Cost": 50297.22, "Total Cost": 272480.91, "Plan Rows": 1, "Plan Width": 25, "Inner Unique": true, "Hash Cond": "(mi.info_type_id = it2.id)", "Plans": [{"Node Type": "Hash Join", "Parent Relationship": "Outer", "Parallel Aware": false, "Join Type": "Inner", "Startup Cost": 50294.8, "Total Cost": 272478.47, "Plan Rows": 4, "Plan Width": 29, "Inner Unique": true, "Hash Cond": "(t.kind_id = kt.id)", "Plans": [{"Node Type": "Hash Join", "Parent Relationship": "Outer", "Parallel Aware": true, "Join Type": "Inner", "Startup Cost": 50271.99, "Total Cost": 272453.32, "Plan Rows": 886, "Plan Width": 33, "Inner Unique": true, "Hash Cond": "(mi.movie_id = t.id)", "Plans": [{"Node Type": "Seq Scan", "Parent Relationship": "Outer", "Parallel Aware": true, "Relation Name": "movie_info", "Alias": "mi", "Startup Cost": 0.0, "Total Cost": 209666.91, "Plan Rows": 4767391, "Plan Width": 8}, {"Node Type": "Hash", "Parent Relationship": "Inner", "Parallel Aware": true, "Startup Cost": 50270.09, "Total Cost": 50270.09, "Plan Rows": 152, "Plan Width": 25, "Plans": [{"Node Type": "Seq Scan", "Parent Relationship": "Outer", "Parallel Aware": true, "Relation Name": "title", "Alias": "t", "Startup Cost": 0.0, "Total Cost": 50270.09, "Plan Rows": 152, "Plan Width": 25, "Filter": "((title <> ''::text) AND ((title ~~ '%Champion%'::text) OR (title ~~ '%Loser%'::text)))"}]}]}, {"Node Type": "Hash", "Parent Relationship": "Inner", "Parallel Aware": false, "Startup Cost": 22.75, "Total Cost": 22.75, "Plan Rows": 5, "Plan Width": 4, "Plans": [{"Node Type": "Seq Scan", "Parent Relationship": "Outer", "Parallel Aware": false, "Relation Name": "kind_type", "Alias": "kt", "Startup Cost": 0.0, "Total Cost": 22.75, "Plan Rows": 5, "Plan Width": 4, "Filter": "((kind)::text = 'movie'::text)"}]}]}, {"Node Type": "Hash", "Parent Relationship": "Inner", "Parallel Aware": false, "Startup Cost": 2.41, "Total Cost": 2.41, "Plan Rows": 1, "Plan Width": 4, "Plans": [{"Node Type": "Seq Scan", "Parent Relationship": "Outer", "Parallel Aware": false, "Relation Name": "info_type", "Alias": "it2", "Startup Cost": 0.0, "Total Cost": 2.41, "Plan Rows": 1, "Plan Width": 4, "Filter": "((info)::text = 'release dates'::text)"}]}]}]}]}]}]}]}]}]}]}]}}, {"Plan": {"Node Type": "Aggregate", "Strategy": "Plain", "Partial Mode": "Simple", "Parallel Aware": false, "Startup Cost": 10000105737.72, "Total Cost": 10000105737.73, "Plan Rows": 1, "Plan Width": 96, "Plans": [{"Node Type": "Nested Loop", "Parent Relationship": "Outer", "Parallel Aware": false, "Join Type": "Inner", "Startup Cost": 10000000004.24, "Total Cost": 10000105737.71, "Plan Rows": 1, "Plan Width": 41, "Inner Unique": true, "Plans": [{"Node Type": "Nested Loop", "Parent Relationship": "Outer", "Parallel Aware": false, "Join Type": "Inner", "Startup Cost": 10000000004.08, "Total Cost": 10000105736.06, "Plan Rows": 1, "Plan Width": 45, "Inner Unique": true, "Plans": [{"Node Type": "Nested Loop", "Parent Relationship": "Outer", "Parallel Aware": false, "Join Type": "Inner", "Startup Cost": 10000000003.93, "Total Cost": 10000105733.68, "Plan Rows": 1, "Plan Width": 49, "Inner Unique": false, "Join Filter": "(t.id = mi.movie_id)", "Plans": [{"Node Type": "Nested Loop", "Parent Relationship": "Outer", "Parallel Aware": false, "Join Type": "Inner", "Startup Cost": 10000000003.15, "Total Cost": 10000105730.78, "Plan Rows": 1, "Plan Width": 57, "Inner Unique": true, "Plans": [{"Node Type": "Nested Loop", "Parent Relationship": "Outer", "Parallel Aware": false, "Join Type": "Inner", "Startup Cost": 10000000002.73, "Total Cost": 10000105729.24, "Plan Rows": 1, "Plan Width": 42, "Inner Unique": true, "Plans": [{"Node Type": "Nested Loop", "Parent Relationship": "Outer", "Parallel Aware": false, "Join Type": "Inner", "Startup Cost": 10000000002.57, "Total Cost": 10000105713.52, "Plan Rows": 12, "Plan Width": 46, "Inner Unique": false, "Join Filter": "(t.id = mc.movie_id)", "Plans": [{"Node Type": "Nested Loop", "Parent Relationship": "Outer", "Parallel Aware": false, "Join Type": "Inner", "Startup Cost": 10000000002.09, "Total Cost": 10000105710.11, "Plan Rows": 2, "Plan Width": 34, "Inner Unique": true, "Plans": [{"Node Type": "Nested Loop", "Parent Relationship": "Outer", "Parallel Aware": false, "Join Type": "Inner", "Startup Cost": 10000000001.94, "Total Cost": 10000105384.92, "Plan Rows": 257, "Plan Width": 38, "Inner Unique": false, "Plans": [{"Node Type": "Index Scan", "Parent Relationship": "Outer", "Parallel Aware": false, "Scan Direction": "Forward", "Index Name": "kind_id_title", "Relation Name": "title", "Alias": "t", "Startup Cost": 10000000000.43, "Total Cost": 10000103094.79, "Plan Rows": 470, "Plan Width": 25, "Filter": "((title <> ''::text) AND ((title ~~ '%Champion%'::text) OR (title ~~ '%Loser%'::text)))"}, {"Node Type": "Bitmap Heap Scan", "Parent Relationship": "Inner", "Parallel Aware": false, "Relation Name": "movie_info_idx", "Alias": "miidx", "Startup Cost": 1.51, "Total Cost": 4.84, "Plan Rows": 3, "Plan Width": 13, "Recheck Cond": "(movie_id = t.id)", "Plans": [{"Node Type": "Bitmap Index Scan", "Parent Relationship": "Outer", "Parallel Aware": false, "Index Name": "movie_id_movie_info_idx", "Startup Cost": 0.0, "Total Cost": 1.51, "Plan Rows": 3, "Plan Width": 0, "Index Cond": "(movie_id = t.id)"}]}]}, {"Node Type": "Bitmap Heap Scan", "Parent Relationship": "Inner", "Parallel Aware": false, "Relation Name": "info_type", "Alias": "it", "Startup Cost": 0.15, "Total Cost": 1.27, "Plan Rows": 1, "Plan Width": 4, "Recheck Cond": "(id = miidx.info_type_id)", "Filter": "((info)::text = 'rating'::text)", "Plans": [{"Node Type": "Bitmap Index Scan", "Parent Relationship": "Outer", "Parallel Aware": false, "Index Name": "info_type_pkey", "Startup Cost": 0.0, "Total Cost": 0.15, "Plan Rows": 1, "Plan Width": 0, "Index Cond": "(id = miidx.info_type_id)"}]}]}, {"Node Type": "Bitmap Heap Scan", "Parent Relationship": "Inner", "Parallel Aware": false, "Relation Name": "movie_companies", "Alias": "mc", "Startup Cost": 0.48, "Total Cost": 1.64, "Plan Rows": 5, "Plan Width": 12, "Recheck Cond": "(movie_id = miidx.movie_id)", "Plans": [{"Node Type": "Bitmap Index Scan", "Parent Relationship": "Outer", "Parallel Aware": false, "Index Name": "movie_id_movie_companies", "Startup Cost": 0.0, "Total Cost": 0.48, "Plan Rows": 5, "Plan Width": 0, "Index Cond": "(movie_id = miidx.movie_id)"}]}]}, {"Node Type": "Bitmap Heap Scan", "Parent Relationship": "Inner", "Parallel Aware": false, "Relation Name": "company_type", "Alias": "ct", "Startup Cost": 0.16, "Total Cost": 1.27, "Plan Rows": 1, "Plan Width": 4, "Recheck Cond": "(id = mc.company_type_id)", "Filter": "((kind)::text = 'production companies'::text)", "Plans": [{"Node Type": "Bitmap Index Scan", "Parent Relationship": "Outer", "Parallel Aware": false, "Index Name": "company_type_pkey", "Startup Cost": 0.0, "Total Cost": 0.16, "Plan Rows": 1, "Plan Width": 0, "Index Cond": "(id = mc.company_type_id)"}]}]}, {"Node Type": "Bitmap Heap Scan", "Parent Relationship": "Inner", "Parallel Aware": false, "Relation Name": "company_name", "Alias": "cn", "Startup Cost": 0.43, "Total Cost": 1.54, "Plan Rows": 1, "Plan Width": 23, "Recheck Cond": "(id = mc.company_id)", "Filter": "((country_code)::text = '[us]'::text)", "Plans": [{"Node Type": "Bitmap Index Scan", "Parent Relationship": "Outer", "Parallel Aware": false, "Index Name": "company_name_pkey", "Startup Cost": 0.0, "Total Cost": 0.43, "Plan Rows": 1, "Plan Width": 0, "Index Cond": "(id = mc.company_id)"}]}]}, {"Node Type": "Bitmap Heap Scan", "Parent Relationship": "Inner", "Parallel Aware": false, "Relation Name": "movie_info", "Alias": "mi", "Startup Cost": 0.78, "Total Cost": 2.39, "Plan Rows": 41, "Plan Width": 8, "Recheck Cond": "(movie_id = mc.movie_id)", "Plans": [{"Node Type": "Bitmap Index Scan", "Parent Relationship": "Outer", "Parallel Aware": false, "Index Name": "movie_id_movie_info", "Startup Cost": 0.0, "Total Cost": 0.77, "Plan Rows": 41, "Plan Width": 0, "Index Cond": "(movie_id = mc.movie_id)"}]}]}, {"Node Type": "Bitmap Heap Scan", "Parent Relationship": "Inner", "Parallel Aware": false, "Relation Name": "info_type", "Alias": "it2", "Startup Cost": 0.15, "Total Cost": 1.27, "Plan Rows": 1, "Plan Width": 4, "Recheck Cond": "(id = mi.info_type_id)", "Filter": "((info)::text = 'release dates'::text)", "Plans": [{"Node Type": "Bitmap Index Scan", "Parent Relationship": "Outer", "Parallel Aware": false, "Index Name": "info_type_pkey", "Startup Cost": 0.0, "Total Cost": 0.15, "Plan Rows": 1, "Plan Width": 0, "Index Cond": "(id = mi.info_type_id)"}]}]}, {"Node Type": "Bitmap Heap Scan", "Parent Relationship": "Inner", "Parallel Aware": false, "Relation Name": "kind_type", "Alias": "kt", "Startup Cost": 0.16, "Total Cost": 1.28, "Plan Rows": 1, "Plan Width": 4, "Recheck Cond": "(id = t.kind_id)", "Filter": "((kind)::text = 'movie'::text)", "Plans": [{"Node Type": "Bitmap Index Scan", "Parent Relationship": "Outer", "Parallel Aware": false, "Index Name": "kind_type_pkey", "Startup Cost": 0.0, "Total Cost": 0.16, "Plan Rows": 1, "Plan Width": 0, "Index Cond": "(id = t.kind_id)"}]}]}]}}, {"Plan": {"Node Type": "Aggregate", "Strategy": "Plain", "Partial Mode": "Simple", "Parallel Aware": false, "Startup Cost": 24229.51, "Total Cost": 24229.52, "Plan Rows": 1, "Plan Width": 96, "Plans": [{"Node Type": "Nested Loop", "Parent Relationship": "Outer", "Parallel Aware": false, "Join Type": "Inner", "Startup Cost": 1005.02, "Total Cost": 24229.51, "Plan Rows": 1, "Plan Width": 41, "Inner Unique": true, "Plans": [{"Node Type": "Nested Loop", "Parent Relationship": "Outer", "Parallel Aware": false, "Join Type": "Inner", "Startup Cost": 1004.87, "Total Cost": 24227.13, "Plan Rows": 1, "Plan Width": 45, "Inner Unique": false, "Join Filter": "(t.id = mi.movie_id)", "Plans": [{"Node Type": "Nested Loop", "Parent Relationship": "Outer", "Parallel Aware": false, "Join Type": "Inner", "Startup Cost": 1004.09, "Total Cost": 24224.23, "Plan Rows": 1, "Plan Width": 53, "Inner Unique": true, "Plans": [{"Node Type": "Nested Loop", "Parent Relationship": "Outer", "Parallel Aware": false, "Join Type": "Inner", "Startup Cost": 1003.94, "Total Cost": 24222.51, "Plan Rows": 1, "Plan Width": 57, "Inner Unique": true, "Plans": [{"Node Type": "Nested Loop", "Parent Relationship": "Outer", "Parallel Aware": false, "Join Type": "Inner", "Startup Cost": 1003.51, "Total Cost": 24220.96, "Plan Rows": 1, "Plan Width": 42, "Inner Unique": false, "Join Filter": "(t.id = mc.movie_id)", "Plans": [{"Node Type": "Gather", "Parent Relationship": "Outer", "Parallel Aware": false, "Startup Cost": 1003.03, "Total Cost": 24219.26, "Plan Rows": 1, "Plan Width": 30, "Workers Planned": 2, "Single Copy": false, "Plans": [{"Node Type": "Nested Loop", "Parent Relationship": "Outer", "Parallel Aware": false, "Join Type": "Inner", "Startup Cost": 3.03, "Total Cost": 23219.16, "Plan Rows": 1, "Plan Width": 30, "Inner Unique": true, "Plans": [{"Node Type": "Nested Loop", "Parent Relationship": "Outer", "Parallel Aware": false, "Join Type": "Inner", "Startup Cost": 2.87, "Total Cost": 23217.51, "Plan Rows": 1, "Plan Width": 34, "Inner Unique": true, "Plans": [{"Node Type": "Hash Join", "Parent Relationship": "Outer", "Parallel Aware": false, "Join Type": "Inner", "Startup Cost": 2.43, "Total Cost": 15253.6, "Plan Rows": 5089, "Plan Width": 9, "Inner Unique": true, "Hash Cond": "(miidx.info_type_id = it.id)", "Plans": [{"Node Type": "Seq Scan", "Parent Relationship": "Outer", "Parallel Aware": true, "Relation Name": "movie_info_idx", "Alias": "miidx", "Startup Cost": 0.0, "Total Cost": 13685.15, "Plan Rows": 575015, "Plan Width": 13}, {"Node Type": "Hash", "Parent Relationship": "Inner", "Parallel Aware": false, "Startup Cost": 2.41, "Total Cost": 2.41, "Plan Rows": 1, "Plan Width": 4, "Plans": [{"Node Type": "Seq Scan", "Parent Relationship": "Outer", "Parallel Aware": false, "Relation Name": "info_type", "Alias": "it", "Startup Cost": 0.0, "Total Cost": 2.41, "Plan Rows": 1, "Plan Width": 4, "Filter": "((info)::text = 'rating'::text)"}]}]}, {"Node Type": "Bitmap Heap Scan", "Parent Relationship": "Inner", "Parallel Aware": false, "Relation Name": "title", "Alias": "t", "Startup Cost": 0.44, "Total Cost": 1.56, "Plan Rows": 1, "Plan Width": 25, "Recheck Cond": "(id = miidx.movie_id)", "Filter": "((title <> ''::text) AND ((title ~~ '%Champion%'::text) OR (title ~~ '%Loser%'::text)))", "Plans": [{"Node Type": "Bitmap Index Scan", "Parent Relationship": "Outer", "Parallel Aware": false, "Index Name": "title_pkey", "Startup Cost": 0.0, "Total Cost": 0.44, "Plan Rows": 1, "Plan Width": 0, "Index Cond": "(id = miidx.movie_id)"}]}]}, {"Node Type": "Bitmap Heap Scan", "Parent Relationship": "Inner", "Parallel Aware": false, "Relation Name": "kind_type", "Alias": "kt", "Startup Cost": 0.16, "Total Cost": 1.28, "Plan Rows": 1, "Plan Width": 4, "Recheck Cond": "(id = t.kind_id)", "Filter": "((kind)::text = 'movie'::text)", "Plans": [{"Node Type": "Bitmap Index Scan", "Parent Relationship": "Outer", "Parallel Aware": false, "Index Name": "kind_type_pkey", "Startup Cost": 0.0, "Total Cost": 0.16, "Plan Rows": 1, "Plan Width": 0, "Index Cond": "(id = t.kind_id)"}]}]}]}, {"Node Type": "Bitmap Heap Scan", "Parent Relationship": "Inner", "Parallel Aware": false, "Relation Name": "movie_companies", "Alias": "mc", "Startup Cost": 0.48, "Total Cost": 1.64, "Plan Rows": 5, "Plan Width": 12, "Recheck Cond": "(movie_id = miidx.movie_id)", "Plans": [{"Node Type": "Bitmap Index Scan", "Parent Relationship": "Outer", "Parallel Aware": false, "Index Name": "movie_id_movie_companies", "Startup Cost": 0.0, "Total Cost": 0.48, "Plan Rows": 5, "Plan Width": 0, "Index Cond": "(movie_id = miidx.movie_id)"}]}]}, {"Node Type": "Bitmap Heap Scan", "Parent Relationship": "Inner", "Parallel Aware": false, "Relation Name": "company_name", "Alias": "cn", "Startup Cost": 0.43, "Total Cost": 1.54, "Plan Rows": 1, "Plan Width": 23, "Recheck Cond": "(id = mc.company_id)", "Filter": "((country_code)::text = '[us]'::text)", "Plans": [{"Node Type": "Bitmap Index Scan", "Parent Relationship": "Outer", "Parallel Aware": false, "Index Name": "company_name_pkey", "Startup Cost": 0.0, "Total Cost": 0.43, "Plan Rows": 1, "Plan Width": 0, "Index Cond": "(id = mc.company_id)"}]}]}, {"Node Type": "Bitmap Heap Scan", "Parent Relationship": "Inner", "Parallel Aware": false, "Relation Name": "company_type", "Alias": "ct", "Startup Cost": 0.16, "Total Cost": 1.27, "Plan Rows": 1, "Plan Width": 4, "Recheck Cond": "(id = mc.company_type_id)", "Filter": "((kind)::text = 'production companies'::text)", "Plans": [{"Node Type": "Bitmap Index Scan", "Parent Relationship": "Outer", "Parallel Aware": false, "Index Name": "company_type_pkey", "Startup Cost": 0.0, "Total Cost": 0.16, "Plan Rows": 1, "Plan Width": 0, "Index Cond": "(id = mc.company_type_id)"}]}]}, {"Node Type": "Bitmap Heap Scan", "Parent Relationship": "Inner", "Parallel Aware": false, "Relation Name": "movie_info", "Alias": "mi", "Startup Cost": 0.78, "Total Cost": 2.39, "Plan Rows": 41, "Plan Width": 8, "Recheck Cond": "(movie_id = mc.movie_id)", "Plans": [{"Node Type": "Bitmap Index Scan", "Parent Relationship": "Outer", "Parallel Aware": false, "Index Name": "movie_id_movie_info", "Startup Cost": 0.0, "Total Cost": 0.77, "Plan Rows": 41, "Plan Width": 0, "Index Cond": "(movie_id = mc.movie_id)"}]}]}, {"Node Type": "Bitmap Heap Scan", "Parent Relationship": "Inner", "Parallel Aware": false, "Relation Name": "info_type", "Alias": "it2", "Startup Cost": 0.15, "Total Cost": 1.27, "Plan Rows": 1, "Plan Width": 4, "Recheck Cond": "(id = mi.info_type_id)", "Filter": "((info)::text = 'release dates'::text)", "Plans": [{"Node Type": "Bitmap Index Scan", "Parent Relationship": "Outer", "Parallel Aware": false, "Index Name": "info_type_pkey", "Startup Cost": 0.0, "Total Cost": 0.15, "Plan Rows": 1, "Plan Width": 0, "Index Cond": "(id = mi.info_type_id)"}]}]}]}}, {"Plan": {"Node Type": "Aggregate", "Strategy": "Plain", "Partial Mode": "Finalize", "Parallel Aware": false, "Startup Cost": 323131.71, "Total Cost": 323131.72, "Plan Rows": 1, "Plan Width": 96, "Plans": [{"Node Type": "Gather", "Parent Relationship": "Outer", "Parallel Aware": false, "Startup Cost": 323131.59, "Total Cost": 323131.7, "Plan Rows": 1, "Plan Width": 96, "Workers Planned": 1, "Single Copy": false, "Plans": [{"Node Type": "Aggregate", "Strategy": "Plain", "Partial Mode": "Partial", "Parent Relationship": "Outer", "Parallel Aware": false, "Startup Cost": 322131.59, "Total Cost": 322131.6, "Plan Rows": 1, "Plan Width": 96, "Plans": [{"Node Type": "Hash Join", "Parent Relationship": "Outer", "Parallel Aware": true, "Join Type": "Inner", "Startup Cost": 317219.43, "Total Cost": 322131.58, "Plan Rows": 1, "Plan Width": 41, "Inner Unique": false, "Hash Cond": "(cn.id = mc.company_id)", "Plans": [{"Node Type": "Seq Scan", "Parent Relationship": "Outer", "Parallel Aware": true, "Relation Name": "company_name", "Alias": "cn", "Startup Cost": 0.0, "Total Cost": 4722.92, "Plan Rows": 50460, "Plan Width": 23, "Filter": "((country_code)::text = '[us]'::text)"}, {"Node Type": "Hash", "Parent Relationship": "Inner", "Parallel Aware": true, "Startup Cost": 317219.42, "Total Cost": 317219.42, "Plan Rows": 1, "Plan Width": 26, "Plans": [{"Node Type": "Hash Join", "Parent Relationship": "Outer", "Parallel Aware": true, "Join Type": "Inner", "Startup Cost": 287772.55, "Total Cost": 317219.42, "Plan Rows": 1, "Plan Width": 26, "Inner Unique": false, "Hash Cond": "(mc.movie_id = mi.movie_id)", "Plans": [{"Node Type": "Hash Join", "Parent Relationship": "Outer", "Parallel Aware": false, "Join Type": "Inner", "Startup Cost": 18.93, "Total Cost": 29448.0, "Plan Rows": 4742, "Plan Width": 8, "Inner Unique": true, "Hash Cond": "(mc.company_type_id = ct.id)", "Plans": [{"Node Type": "Seq Scan", "Parent Relationship": "Outer", "Parallel Aware": true, "Relation Name": "movie_companies", "Alias": "mc", "Startup Cost": 0.0, "Total Cost": 27206.55, "Plan Rows": 841655, "Plan Width": 12}, {"Node Type": "Hash", "Parent Relationship": "Inner", "Parallel Aware": false, "Startup Cost": 18.88, "Total Cost": 18.88, "Plan Rows": 4, "Plan Width": 4, "Plans": [{"Node Type": "Seq Scan", "Parent Relationship": "Outer", "Parallel Aware": false, "Relation Name": "company_type", "Alias": "ct", "Startup Cost": 0.0, "Total Cost": 18.88, "Plan Rows": 4, "Plan Width": 4, "Filter": "((kind)::text = 'production companies'::text)"}]}]}, {"Node Type": "Hash", "Parent Relationship": "Inner", "Parallel Aware": true, "Startup Cost": 287753.61, "Total Cost": 287753.61, "Plan Rows": 1, "Plan Width": 34, "Plans": [{"Node Type": "Hash Join", "Parent Relationship": "Outer", "Parallel Aware": true, "Join Type": "Inner", "Startup Cost": 272483.34, "Total Cost": 287753.61, "Plan Rows": 1, "Plan Width": 34, "Inner Unique": false, "Hash Cond": "(miidx.movie_id = mi.movie_id)", "Plans": [{"Node Type": "Hash Join", "Parent Relationship": "Outer", "Parallel Aware": false, "Join Type": "Inner", "Startup Cost": 2.43, "Total Cost": 15253.6, "Plan Rows": 5089, "Plan Width": 9, "Inner Unique": true, "Hash Cond": "(miidx.info_type_id = it.id)", "Plans": [{"Node Type": "Seq Scan", "Parent Relationship": "Outer", "Parallel Aware": true, "Relation Name": "movie_info_idx", "Alias": "miidx", "Startup Cost": 0.0, "Total Cost": 13685.15, "Plan Rows": 575015, "Plan Width": 13}, {"Node Type": "Hash", "Parent Relationship": "Inner", "Parallel Aware": false, "Startup Cost": 2.41, "Total Cost": 2.41, "Plan Rows": 1, "Plan Width": 4, "Plans": [{"Node Type": "Seq Scan", "Parent Relationship": "Outer", "Parallel Aware": false, "Relation Name": "info_type", "Alias": "it", "Startup Cost": 0.0, "Total Cost": 2.41, "Plan Rows": 1, "Plan Width": 4, "Filter": "((info)::text = 'rating'::text)"}]}]}, {"Node Type": "Hash", "Parent Relationship": "Inner", "Parallel Aware": true, "Startup Cost": 272480.91, "Total Cost": 272480.91, "Plan Rows": 1, "Plan Width": 25, "Plans": [{"Node Type": "Hash Join", "Parent Relationship": "Outer", "Parallel Aware": false, "Join Type": "Inner", "Startup Cost": 50297.22, "Total Cost": 272480.91, "Plan Rows": 1, "Plan Width": 25, "Inner Unique": true, "Hash Cond": "(mi.info_type_id = it2.id)", "Plans": [{"Node Type": "Hash Join", "Parent Relationship": "Outer", "Parallel Aware": false, "Join Type": "Inner", "Startup Cost": 50294.8, "Total Cost": 272478.47, "Plan Rows": 4, "Plan Width": 29, "Inner Unique": true, "Hash Cond": "(t.kind_id = kt.id)", "Plans": [{"Node Type": "Hash Join", "Parent Relationship": "Outer", "Parallel Aware": true, "Join Type": "Inner", "Startup Cost": 50271.99, "Total Cost": 272453.32, "Plan Rows": 886, "Plan Width": 33, "Inner Unique": true, "Hash Cond": "(mi.movie_id = t.id)", "Plans": [{"Node Type": "Seq Scan", "Parent Relationship": "Outer", "Parallel Aware": true, "Relation Name": "movie_info", "Alias": "mi", "Startup Cost": 0.0, "Total Cost": 209666.91, "Plan Rows": 4767391, "Plan Width": 8}, {"Node Type": "Hash", "Parent Relationship": "Inner", "Parallel Aware": true, "Startup Cost": 50270.09, "Total Cost": 50270.09, "Plan Rows": 152, "Plan Width": 25, "Plans": [{"Node Type": "Seq Scan", "Parent Relationship": "Outer", "Parallel Aware": true, "Relation Name": "title", "Alias": "t", "Startup Cost": 0.0, "Total Cost": 50270.09, "Plan Rows": 152, "Plan Width": 25, "Filter": "((title <> ''::text) AND ((title ~~ '%Champion%'::text) OR (title ~~ '%Loser%'::text)))"}]}]}, {"Node Type": "Hash", "Parent Relationship": "Inner", "Parallel Aware": false, "Startup Cost": 22.75, "Total Cost": 22.75, "Plan Rows": 5, "Plan Width": 4, "Plans": [{"Node Type": "Seq Scan", "Parent Relationship": "Outer", "Parallel Aware": false, "Relation Name": "kind_type", "Alias": "kt", "Startup Cost": 0.0, "Total Cost": 22.75, "Plan Rows": 5, "Plan Width": 4, "Filter": "((kind)::text = 'movie'::text)"}]}]}, {"Node Type": "Hash", "Parent Relationship": "Inner", "Parallel Aware": false, "Startup Cost": 2.41, "Total Cost": 2.41, "Plan Rows": 1, "Plan Width": 4, "Plans": [{"Node Type": "Seq Scan", "Parent Relationship": "Outer", "Parallel Aware": false, "Relation Name": "info_type", "Alias": "it2", "Startup Cost": 0.0, "Total Cost": 2.41, "Plan Rows": 1, "Plan Width": 4, "Filter": "((info)::text = 'release dates'::text)"}]}]}]}]}]}]}]}]}]}]}]}}, {"Plan": {"Node Type": "Aggregate", "Strategy": "Plain", "Partial Mode": "Finalize", "Parallel Aware": false, "Startup Cost": 511865.16, "Total Cost": 511865.17, "Plan Rows": 1, "Plan Width": 96, "Plans": [{"Node Type": "Gather", "Parent Relationship": "Outer", "Parallel Aware": false, "Startup Cost": 511865.05, "Total Cost": 511865.16, "Plan Rows": 1, "Plan Width": 96, "Workers Planned": 1, "Single Copy": false, "Plans": [{"Node Type": "Aggregate", "Strategy": "Plain", "Partial Mode": "Partial", "Parent Relationship": "Outer", "Parallel Aware": false, "Startup Cost": 510865.05, "Total Cost": 510865.06, "Plan Rows": 1, "Plan Width": 96, "Plans": [{"Node Type": "Hash Join", "Parent Relationship": "Outer", "Parallel Aware": true, "Join Type": "Inner", "Startup Cost": 503745.8, "Total Cost": 510865.04, "Plan Rows": 1, "Plan Width": 41, "Inner Unique": false, "Hash Cond": "(cn.id = mc.company_id)", "Plans": [{"Node Type": "Index Scan", "Parent Relationship": "Outer", "Parallel Aware": true, "Scan Direction": "Forward", "Index Name": "company_name_pkey", "Relation Name": "company_name", "Alias": "cn", "Startup Cost": 0.42, "Total Cost": 6930.42, "Plan Rows": 50460, "Plan Width": 23, "Filter": "((country_code)::text = '[us]'::text)"}, {"Node Type": "Hash", "Parent Relationship": "Inner", "Parallel Aware": true, "Startup Cost": 503745.37, "Total Cost": 503745.37, "Plan Rows": 1, "Plan Width": 26, "Plans": [{"Node Type": "Hash Join", "Parent Relationship": "Outer", "Parallel Aware": true, "Join Type": "Inner", "Startup Cost": 453855.26, "Total Cost": 503745.37, "Plan Rows": 1, "Plan Width": 26, "Inner Unique": false, "Hash Cond": "(mc.movie_id = mi.movie_id)", "Plans": [{"Node Type": "Hash Join", "Parent Relationship": "Outer", "Parallel Aware": false, "Join Type": "Inner", "Startup Cost": 26.25, "Total Cost": 49898.57, "Plan Rows": 4742, "Plan Width": 8, "Inner Unique": true, "Hash Cond": "(mc.company_type_id = ct.id)", "Plans": [{"Node Type": "Index Scan", "Parent Relationship": "Outer", "Parallel Aware": true, "Scan Direction": "Forward", "Index Name": "company_type_id_movie_companies", "Relation Name": "movie_companies", "Alias": "mc", "Startup Cost": 0.43, "Total Cost": 47650.22, "Plan Rows": 841655, "Plan Width": 12}, {"Node Type": "Hash", "Parent Relationship": "Inner", "Parallel Aware": false, "Startup Cost": 25.77, "Total Cost": 25.77, "Plan Rows": 4, "Plan Width": 4, "Plans": [{"Node Type": "Index Scan", "Parent Relationship": "Outer", "Parallel Aware": false, "Scan Direction": "Forward", "Index Name": "company_type_pkey", "Relation Name": "company_type", "Alias": "ct", "Startup Cost": 0.15, "Total Cost": 25.77, "Plan Rows": 4, "Plan Width": 4, "Filter": "((kind)::text = 'production companies'::text)"}]}]}, {"Node Type": "Hash", "Parent Relationship": "Inner", "Parallel Aware": true, "Startup Cost": 453828.99, "Total Cost": 453828.99, "Plan Rows": 1, "Plan Width": 34, "Plans": [{"Node Type": "Hash Join", "Parent Relationship": "Outer", "Parallel Aware": true, "Join Type": "Inner", "Startup Cost": 427035.88, "Total Cost": 453828.99, "Plan Rows": 1, "Plan Width": 34, "Inner Unique": false, "Hash Cond": "(miidx.movie_id = mi.movie_id)", "Plans": [{"Node Type": "Hash Join", "Parent Relationship": "Outer", "Parallel Aware": false, "Join Type": "Inner", "Startup Cost": 5.86, "Total Cost": 26779.88, "Plan Rows": 5089, "Plan Width": 9, "Inner Unique": true, "Hash Cond": "(miidx.info_type_id = it.id)", "Plans": [{"Node Type": "Index Scan", "Parent Relationship": "Outer", "Parallel Aware": true, "Scan Direction": "Forward", "Index Name": "info_type_id_movie_info_idx", "Relation Name": "movie_info_idx", "Alias": "miidx", "Startup Cost": 0.43, "Total Cost": 25208.41, "Plan Rows": 575015, "Plan Width": 13}, {"Node Type": "Hash", "Parent Relationship": "Inner", "Parallel Aware": false, "Startup Cost": 5.42, "Total Cost": 5.42, "Plan Rows": 1, "Plan Width": 4, "Plans": [{"Node Type": "Index Scan", "Parent Relationship": "Outer", "Parallel Aware": false, "Scan Direction": "Forward", "Index Name": "info_type_pkey", "Relation Name": "info_type", "Alias": "it", "Startup Cost": 0.14, "Total Cost": 5.42, "Plan Rows": 1, "Plan Width": 4, "Filter": "((info)::text = 'rating'::text)"}]}]}, {"Node Type": "Hash", "Parent Relationship": "Inner", "Parallel Aware": true, "Startup Cost": 427030.01, "Total Cost": 427030.01, "Plan Rows": 1, "Plan Width": 25, "Plans": [{"Node Type": "Hash Join", "Parent Relationship": "Outer", "Parallel Aware": false, "Join Type": "Inner", "Startup Cost": 72867.71, "Total Cost": 427030.01, "Plan Rows": 1, "Plan Width": 25, "Inner Unique": true, "Hash Cond": "(mi.info_type_id = it2.id)", "Plans": [{"Node Type": "Hash Join", "Parent Relationship": "Outer", "Parallel Aware": false, "Join Type": "Inner", "Startup Cost": 72862.27, "Total Cost": 427024.57, "Plan Rows": 4, "Plan Width": 29, "Inner Unique": true, "Hash Cond": "(t.kind_id = kt.id)", "Plans": [{"Node Type": "Hash Join", "Parent Relationship": "Outer", "Parallel Aware": true, "Join Type": "Inner", "Startup Cost": 72831.01, "Total Cost": 426990.97, "Plan Rows": 886, "Plan Width": 33, "Inner Unique": true, "Hash Cond": "(mi.movie_id = t.id)", "Plans": [{"Node Type": "Index Scan", "Parent Relationship": "Outer", "Parallel Aware": true, "Scan Direction": "Forward", "Index Name": "info_type_id_movie_info", "Relation Name": "movie_info", "Alias": "mi", "Startup Cost": 0.43, "Total Cost": 341645.97, "Plan Rows": 4767391, "Plan Width": 8}, {"Node Type": "Hash", "Parent Relationship": "Inner", "Parallel Aware": true, "Startup Cost": 72828.68, "Total Cost": 72828.68, "Plan Rows": 152, "Plan Width": 25, "Plans": [{"Node Type": "Index Scan", "Parent Relationship": "Outer", "Parallel Aware": true, "Scan Direction": "Forward", "Index Name": "title_pkey", "Relation Name": "title", "Alias": "t", "Startup Cost": 0.43, "Total Cost": 72828.68, "Plan Rows": 152, "Plan Width": 25, "Filter": "((title <> ''::text) AND ((title ~~ '%Champion%'::text) OR (title ~~ '%Loser%'::text)))"}]}]}, {"Node Type": "Hash", "Parent Relationship": "Inner", "Parallel Aware": false, "Startup Cost": 31.2, "Total Cost": 31.2, "Plan Rows": 5, "Plan Width": 4, "Plans": [{"Node Type": "Index Scan", "Parent Relationship": "Outer", "Parallel Aware": false, "Scan Direction": "Forward", "Index Name": "kind_type_pkey", "Relation Name": "kind_type", "Alias": "kt", "Startup Cost": 0.15, "Total Cost": 31.2, "Plan Rows": 5, "Plan Width": 4, "Filter": "((kind)::text = 'movie'::text)"}]}]}, {"Node Type": "Hash", "Parent Relationship": "Inner", "Parallel Aware": false, "Startup Cost": 5.42, "Total Cost": 5.42, "Plan Rows": 1, "Plan Width": 4, "Plans": [{"Node Type": "Index Scan", "Parent Relationship": "Outer", "Parallel Aware": false, "Scan Direction": "Forward", "Index Name": "info_type_pkey", "Relation Name": "info_type", "Alias": "it2", "Startup Cost": 0.14, "Total Cost": 5.42, "Plan Rows": 1, "Plan Width": 4, "Filter": "((info)::text = 'release dates'::text)"}]}]}]}]}]}]}]}]}]}]}]}}, {"Plan": {"Node Type": "Aggregate", "Strategy": "Plain", "Partial Mode": "Finalize", "Parallel Aware": false, "Startup Cost": 511650.9, "Total Cost": 511650.91, "Plan Rows": 1, "Plan Width": 96, "Plans": [{"Node Type": "Gather", "Parent Relationship": "Outer", "Parallel Aware": false, "Startup Cost": 511650.78, "Total Cost": 511650.89, "Plan Rows": 1, "Plan Width": 96, "Workers Planned": 1, "Single Copy": false, "Plans": [{"Node Type": "Aggregate", "Strategy": "Plain", "Partial Mode": "Partial", "Parent Relationship": "Outer", "Parallel Aware": false, "Startup Cost": 510650.78, "Total Cost": 510650.79, "Plan Rows": 1, "Plan Width": 96, "Plans": [{"Node Type": "Hash Join", "Parent Relationship": "Outer", "Parallel Aware": true, "Join Type": "Inner", "Startup Cost": 503531.53, "Total Cost": 510650.77, "Plan Rows": 1, "Plan Width": 41, "Inner Unique": false, "Hash Cond": "(cn.id = mc.company_id)", "Plans": [{"Node Type": "Index Scan", "Parent Relationship": "Outer", "Parallel Aware": true, "Scan Direction": "Forward", "Index Name": "company_name_pkey", "Relation Name": "company_name", "Alias": "cn", "Startup Cost": 0.42, "Total Cost": 6930.42, "Plan Rows": 50460, "Plan Width": 23, "Filter": "((country_code)::text = '[us]'::text)"}, {"Node Type": "Hash", "Parent Relationship": "Inner", "Parallel Aware": true, "Startup Cost": 503531.1, "Total Cost": 503531.1, "Plan Rows": 1, "Plan Width": 26, "Plans": [{"Node Type": "Hash Join", "Parent Relationship": "Outer", "Parallel Aware": true, "Join Type": "Inner", "Startup Cost": 453686.33, "Total Cost": 503531.1, "Plan Rows": 1, "Plan Width": 26, "Inner Unique": false, "Hash Cond": "(mc.movie_id = mi.movie_id)", "Plans": [{"Node Type": "Merge Join", "Parent Relationship": "Outer", "Parallel Aware": false, "Join Type": "Inner", "Startup Cost": 0.58, "Total Cost": 49827.56, "Plan Rows": 4742, "Plan Width": 8, "Inner Unique": true, "Merge Cond": "(mc.company_type_id = ct.id)", "Plans": [{"Node Type": "Index Scan", "Parent Relationship": "Outer", "Parallel Aware": true, "Scan Direction": "Forward", "Index Name": "company_type_id_movie_companies", "Relation Name": "movie_companies", "Alias": "mc", "Startup Cost": 0.43, "Total Cost": 47650.22, "Plan Rows": 841655, "Plan Width": 12}, {"Node Type": "Index Scan", "Parent Relationship": "Inner", "Parallel Aware": false, "Scan Direction": "Forward", "Index Name": "company_type_pkey", "Relation Name": "company_type", "Alias": "ct", "Startup Cost": 0.15, "Total Cost": 25.77, "Plan Rows": 4, "Plan Width": 4, "Filter": "((kind)::text = 'production companies'::text)"}]}, {"Node Type": "Hash", "Parent Relationship": "Inner", "Parallel Aware": true, "Startup Cost": 453685.73, "Total Cost": 453685.73, "Plan Rows": 1, "Plan Width": 34, "Plans": [{"Node Type": "Hash Join", "Parent Relationship": "Outer", "Parallel Aware": true, "Join Type": "Inner", "Startup Cost": 426970.23, "Total Cost": 453685.73, "Plan Rows": 1, "Plan Width": 34, "Inner Unique": false, "Hash Cond": "(miidx.movie_id = mi.movie_id)", "Plans": [{"Node Type": "Merge Join", "Parent Relationship": "Outer", "Parallel Aware": false, "Join Type": "Inner", "Startup Cost": 5.85, "Total Cost": 26702.26, "Plan Rows": 5089, "Plan Width": 9, "Inner Unique": true, "Merge Cond": "(miidx.info_type_id = it.id)", "Plans": [{"Node Type": "Index Scan", "Parent Relationship": "Outer", "Parallel Aware": true, "Scan Direction": "Forward", "Index Name": "info_type_id_movie_info_idx", "Relation Name": "movie_info_idx", "Alias": "miidx", "Startup Cost": 0.43, "Total Cost": 25208.41, "Plan Rows": 575015, "Plan Width": 13}, {"Node Type": "Index Scan", "Parent Relationship": "Inner", "Parallel Aware": false, "Scan Direction": "Forward", "Index Name": "info_type_pkey", "Relation Name": "info_type", "Alias": "it", "Startup Cost": 0.14, "Total Cost": 5.42, "Plan Rows": 1, "Plan Width": 4, "Filter": "((info)::text = 'rating'::text)"}]}, {"Node Type": "Hash", "Parent Relationship": "Inner", "Parallel Aware": true, "Startup Cost": 426964.36, "Total Cost": 426964.36, "Plan Rows": 1, "Plan Width": 25, "Plans": [{"Node Type": "Hash Join", "Parent Relationship": "Outer", "Parallel Aware": false, "Join Type": "Inner", "Startup Cost": 72862.42, "Total Cost": 426964.36, "Plan Rows": 1, "Plan Width": 25, "Inner Unique": true, "Hash Cond": "(t.kind_id = kt.id)", "Plans": [{"Node Type": "Hash Join", "Parent Relationship": "Outer", "Parallel Aware": true, "Join Type": "Inner", "Startup Cost": 72831.15, "Total Cost": 426933.08, "Plan Rows": 8, "Plan Width": 29, "Inner Unique": true, "Hash Cond": "(mi.movie_id = t.id)", "Plans": [{"Node Type": "Merge Join", "Parent Relationship": "Outer", "Parallel Aware": false, "Join Type": "Inner", "Startup Cost": 0.58, "Total Cost": 353991.76, "Plan Rows": 42189, "Plan Width": 4, "Inner Unique": true, "Merge Cond": "(mi.info_type_id = it2.id)", "Plans": [{"Node Type": "Index Scan", "Parent Relationship": "Outer", "Parallel Aware": true, "Scan Direction": "Forward", "Index Name": "info_type_id_movie_info", "Relation Name": "movie_info", "Alias": "mi", "Startup Cost": 0.43, "Total Cost": 341645.97, "Plan Rows": 4767391, "Plan Width": 8}, {"Node Type": "Index Scan", "Parent Relationship": "Inner", "Parallel Aware": false, "Scan Direction": "Forward", "Index Name": "info_type_pkey", "Relation Name": "info_type", "Alias": "it2", "Startup Cost": 0.14, "Total Cost": 5.42, "Plan Rows": 1, "Plan Width": 4, "Filter": "((info)::text = 'release dates'::text)"}]}, {"Node Type": "Hash", "Parent Relationship": "Inner", "Parallel Aware": true, "Startup Cost": 72828.68, "Total Cost": 72828.68, "Plan Rows": 152, "Plan Width": 25, "Plans": [{"Node Type": "Index Scan", "Parent Relationship": "Outer", "Parallel Aware": true, "Scan Direction": "Forward", "Index Name": "title_pkey", "Relation Name": "title", "Alias": "t", "Startup Cost": 0.43, "Total Cost": 72828.68, "Plan Rows": 152, "Plan Width": 25, "Filter": "((title <> ''::text) AND ((title ~~ '%Champion%'::text) OR (title ~~ '%Loser%'::text)))"}]}]}, {"Node Type": "Hash", "Parent Relationship": "Inner", "Parallel Aware": false, "Startup Cost": 31.2, "Total Cost": 31.2, "Plan Rows": 5, "Plan Width": 4, "Plans": [{"Node Type": "Index Scan", "Parent Relationship": "Outer", "Parallel Aware": false, "Scan Direction": "Forward", "Index Name": "kind_type_pkey", "Relation Name": "kind_type", "Alias": "kt", "Startup Cost": 0.15, "Total Cost": 31.2, "Plan Rows": 5, "Plan Width": 4, "Filter": "((kind)::text = 'movie'::text)"}]}]}]}]}]}]}]}]}]}]}]}}, {"Plan": {"Node Type": "Aggregate", "Strategy": "Plain", "Partial Mode": "Simple", "Parallel Aware": false, "Startup Cost": 22286.2, "Total Cost": 22286.21, "Plan Rows": 1, "Plan Width": 96, "Plans": [{"Node Type": "Nested Loop", "Parent Relationship": "Outer", "Parallel Aware": false, "Join Type": "Inner", "Startup Cost": 2.73, "Total Cost": 22286.2, "Plan Rows": 1, "Plan Width": 41, "Inner Unique": true, "Plans": [{"Node Type": "Nested Loop", "Parent Relationship": "Outer", "Parallel Aware": false, "Join Type": "Inner", "Startup Cost": 2.58, "Total Cost": 22286.01, "Plan Rows": 1, "Plan Width": 45, "Inner Unique": false, "Join Filter": "(t.id = mi.movie_id)", "Plans": [{"Node Type": "Nested Loop", "Parent Relationship": "Outer", "Parallel Aware": false, "Join Type": "Inner", "Startup Cost": 2.15, "Total Cost": 22284.26, "Plan Rows": 1, "Plan Width": 53, "Inner Unique": true, "Plans": [{"Node Type": "Nested Loop", "Parent Relationship": "Outer", "Parallel Aware": false, "Join Type": "Inner", "Startup Cost": 2.0, "Total Cost": 22284.08, "Plan Rows": 1, "Plan Width": 57, "Inner Unique": true, "Plans": [{"Node Type": "Nested Loop", "Parent Relationship": "Outer", "Parallel Aware": false, "Join Type": "Inner", "Startup Cost": 1.58, "Total Cost": 22283.64, "Plan Rows": 1, "Plan Width": 42, "Inner Unique": false, "Join Filter": "(t.id = mc.movie_id)", "Plans": [{"Node Type": "Nested Loop", "Parent Relationship": "Outer", "Parallel Aware": false, "Join Type": "Inner", "Startup Cost": 1.15, "Total Cost": 22283.04, "Plan Rows": 1, "Plan Width": 30, "Inner Unique": true, "Plans": [{"Node Type": "Nested Loop", "Parent Relationship": "Outer", "Parallel Aware": false, "Join Type": "Inner", "Startup Cost": 1.0, "Total Cost": 22282.62, "Plan Rows": 2, "Plan Width": 34, "Inner Unique": true, "Plans": [{"Node Type": "Nested Loop", "Parent Relationship": "Outer", "Parallel Aware": false, "Join Type": "Inner", "Startup Cost": 0.57, "Total Cost": 16287.63, "Plan Rows": 12213, "Plan Width": 9, "Inner Unique": false, "Plans": [{"Node Type": "Index Scan", "Parent Relationship": "Outer", "Parallel Aware": false, "Scan Direction": "Forward", "Index Name": "info_type_pkey", "Relation Name": "info_type", "Alias": "it", "Startup Cost": 0.14, "Total Cost": 5.42, "Plan Rows": 1, "Plan Width": 4, "Filter": "((info)::text = 'rating'::text)"}, {"Node Type": "Index Scan", "Parent Relationship": "Inner", "Parallel Aware": false, "Scan Direction": "Forward", "Index Name": "info_type_id_movie_info_idx", "Relation Name": "movie_info_idx", "Alias": "miidx", "Startup Cost": 0.43, "Total Cost": 13522.14, "Plan Rows": 276007, "Plan Width": 13, "Index Cond": "(info_type_id = it.id)"}]}, {"Node Type": "Index Scan", "Parent Relationship": "Inner", "Parallel Aware": false, "Scan Direction": "Forward", "Index Name": "title_pkey", "Relation Name": "title", "Alias": "t", "Startup Cost": 0.43, "Total Cost": 0.49, "Plan Rows": 1, "Plan Width": 25, "Index Cond": "(id = miidx.movie_id)", "Filter": "((title <> ''::text) AND ((title ~~ '%Champion%'::text) OR (title ~~ '%Loser%'::text)))"}]}, {"Node Type": "Index Scan", "Parent Relationship": "Inner", "Parallel Aware": false, "Scan Direction": "Forward", "Index Name": "kind_type_pkey", "Relation Name": "kind_type", "Alias": "kt", "Startup Cost": 0.15, "Total Cost": 0.2, "Plan Rows": 1, "Plan Width": 4, "Index Cond": "(id = t.kind_id)", "Filter": "((kind)::text = 'movie'::text)"}]}, {"Node Type": "Index Scan", "Parent Relationship": "Inner", "Parallel Aware": false, "Scan Direction": "Forward", "Index Name": "movie_id_movie_companies", "Relation Name": "movie_companies", "Alias": "mc", "Startup Cost": 0.43, "Total Cost": 0.54, "Plan Rows": 5, "Plan Width": 12, "Index Cond": "(movie_id = miidx.movie_id)"}]}, {"Node Type": "Index Scan", "Parent Relationship": "Inner", "Parallel Aware": false, "Scan Direction": "Forward", "Index Name": "company_name_pkey", "Relation Name": "company_name", "Alias": "cn", "Startup Cost": 0.42, "Total Cost": 0.44, "Plan Rows": 1, "Plan Width": 23, "Index Cond": "(id = mc.company_id)", "Filter": "((country_code)::text = '[us]'::text)"}]}, {"Node Type": "Index Scan", "Parent Relationship": "Inner", "Parallel Aware": false, "Scan Direction": "Forward", "Index Name": "company_type_pkey", "Relation Name": "company_type", "Alias": "ct", "Startup Cost": 0.15, "Total Cost": 0.17, "Plan Rows": 1, "Plan Width": 4, "Index Cond": "(id = mc.company_type_id)", "Filter": "((kind)::text = 'production companies'::text)"}]}, {"Node Type": "Index Scan", "Parent Relationship": "Inner", "Parallel Aware": false, "Scan Direction": "Forward", "Index Name": "movie_id_movie_info", "Relation Name": "movie_info", "Alias": "mi", "Startup Cost": 0.43, "Total Cost": 1.24, "Plan Rows": 41, "Plan Width": 8, "Index Cond": "(movie_id = mc.movie_id)"}]}, {"Node Type": "Index Scan", "Parent Relationship": "Inner", "Parallel Aware": false, "Scan Direction": "Forward", "Index Name": "info_type_pkey", "Relation Name": "info_type", "Alias": "it2", "Startup Cost": 0.14, "Total Cost": 0.16, "Plan Rows": 1, "Plan Width": 4, "Index Cond": "(id = mi.info_type_id)", "Filter": "((info)::text = 'release dates'::text)"}]}]}}, {"Plan": {"Node Type": "Aggregate", "Strategy": "Plain", "Partial Mode": "Simple", "Parallel Aware": false, "Startup Cost": 18755.12, "Total Cost": 18755.13, "Plan Rows": 1, "Plan Width": 96, "Plans": [{"Node Type": "Nested Loop", "Parent Relationship": "Outer", "Parallel Aware": false, "Join Type": "Inner", "Startup Cost": 1004.58, "Total Cost": 18755.11, "Plan Rows": 1, "Plan Width": 41, "Inner Unique": true, "Plans": [{"Node Type": "Nested Loop", "Parent Relationship": "Outer", "Parallel Aware": false, "Join Type": "Inner", "Startup Cost": 1004.44, "Total Cost": 18754.93, "Plan Rows": 1, "Plan Width": 45, "Inner Unique": false, "Join Filter": "(t.id = mi.movie_id)", "Plans": [{"Node Type": "Nested Loop", "Parent Relationship": "Outer", "Parallel Aware": false, "Join Type": "Inner", "Startup Cost": 1004.0, "Total Cost": 18753.17, "Plan Rows": 1, "Plan Width": 53, "Inner Unique": true, "Plans": [{"Node Type": "Nested Loop", "Parent Relationship": "Outer", "Parallel Aware": false, "Join Type": "Inner", "Startup Cost": 1003.85, "Total Cost": 18752.99, "Plan Rows": 1, "Plan Width": 57, "Inner Unique": true, "Plans": [{"Node Type": "Nested Loop", "Parent Relationship": "Outer", "Parallel Aware": false, "Join Type": "Inner", "Startup Cost": 1003.43, "Total Cost": 18752.55, "Plan Rows": 1, "Plan Width": 42, "Inner Unique": false, "Join Filter": "(t.id = mc.movie_id)", "Plans": [{"Node Type": "Gather", "Parent Relationship": "Outer", "Parallel Aware": false, "Startup Cost": 1003.0, "Total Cost": 18751.95, "Plan Rows": 1, "Plan Width": 30, "Workers Planned": 2, "Single Copy": false, "Plans": [{"Node Type": "Nested Loop", "Parent Relationship": "Outer", "Parallel Aware": false, "Join Type": "Inner", "Startup Cost": 3.01, "Total Cost": 17751.85, "Plan Rows": 1, "Plan Width": 30, "Inner Unique": true, "Plans": [{"Node Type": "Nested Loop", "Parent Relationship": "Outer", "Parallel Aware": false, "Join Type": "Inner", "Startup Cost": 2.86, "Total Cost": 17751.64, "Plan Rows": 1, "Plan Width": 34, "Inner Unique": true, "Plans": [{"Node Type": "Hash Join", "Parent Relationship": "Outer", "Parallel Aware": false, "Join Type": "Inner", "Startup Cost": 2.43, "Total Cost": 15253.6, "Plan Rows": 5089, "Plan Width": 9, "Inner Unique": true, "Hash Cond": "(miidx.info_type_id = it.id)", "Plans": [{"Node Type": "Seq Scan", "Parent Relationship": "Outer", "Parallel Aware": true, "Relation Name": "movie_info_idx", "Alias": "miidx", "Startup Cost": 0.0, "Total Cost": 13685.15, "Plan Rows": 575015, "Plan Width": 13}, {"Node Type": "Hash", "Parent Relationship": "Inner", "Parallel Aware": false, "Startup Cost": 2.41, "Total Cost": 2.41, "Plan Rows": 1, "Plan Width": 4, "Plans": [{"Node Type": "Seq Scan", "Parent Relationship": "Outer", "Parallel Aware": false, "Relation Name": "info_type", "Alias": "it", "Startup Cost": 0.0, "Total Cost": 2.41, "Plan Rows": 1, "Plan Width": 4, "Filter": "((info)::text = 'rating'::text)"}]}]}, {"Node Type": "Index Scan", "Parent Relationship": "Inner", "Parallel Aware": false, "Scan Direction": "Forward", "Index Name": "title_pkey", "Relation Name": "title", "Alias": "t", "Startup Cost": 0.43, "Total Cost": 0.49, "Plan Rows": 1, "Plan Width": 25, "Index Cond": "(id = miidx.movie_id)", "Filter": "((title <> ''::text) AND ((title ~~ '%Champion%'::text) OR (title ~~ '%Loser%'::text)))"}]}, {"Node Type": "Index Scan", "Parent Relationship": "Inner", "Parallel Aware": false, "Scan Direction": "Forward", "Index Name": "kind_type_pkey", "Relation Name": "kind_type", "Alias": "kt", "Startup Cost": 0.15, "Total Cost": 0.2, "Plan Rows": 1, "Plan Width": 4, "Index Cond": "(id = t.kind_id)", "Filter": "((kind)::text = 'movie'::text)"}]}]}, {"Node Type": "Index Scan", "Parent Relationship": "Inner", "Parallel Aware": false, "Scan Direction": "Forward", "Index Name": "movie_id_movie_companies", "Relation Name": "movie_companies", "Alias": "mc", "Startup Cost": 0.43, "Total Cost": 0.54, "Plan Rows": 5, "Plan Width": 12, "Index Cond": "(movie_id = miidx.movie_id)"}]}, {"Node Type": "Index Scan", "Parent Relationship": "Inner", "Parallel Aware": false, "Scan Direction": "Forward", "Index Name": "company_name_pkey", "Relation Name": "company_name", "Alias": "cn", "Startup Cost": 0.42, "Total Cost": 0.44, "Plan Rows": 1, "Plan Width": 23, "Index Cond": "(id = mc.company_id)", "Filter": "((country_code)::text = '[us]'::text)"}]}, {"Node Type": "Index Scan", "Parent Relationship": "Inner", "Parallel Aware": false, "Scan Direction": "Forward", "Index Name": "company_type_pkey", "Relation Name": "company_type", "Alias": "ct", "Startup Cost": 0.15, "Total Cost": 0.17, "Plan Rows": 1, "Plan Width": 4, "Index Cond": "(id = mc.company_type_id)", "Filter": "((kind)::text = 'production companies'::text)"}]}, {"Node Type": "Index Scan", "Parent Relationship": "Inner", "Parallel Aware": false, "Scan Direction": "Forward", "Index Name": "movie_id_movie_info", "Relation Name": "movie_info", "Alias": "mi", "Startup Cost": 0.43, "Total Cost": 1.24, "Plan Rows": 41, "Plan Width": 8, "Index Cond": "(movie_id = mc.movie_id)"}]}, {"Node Type": "Index Scan", "Parent Relationship": "Inner", "Parallel Aware": false, "Scan Direction": "Forward", "Index Name": "info_type_pkey", "Relation Name": "info_type", "Alias": "it2", "Startup Cost": 0.14, "Total Cost": 0.16, "Plan Rows": 1, "Plan Width": 4, "Index Cond": "(id = mi.info_type_id)", "Filter": "((info)::text = 'release dates'::text)"}]}]}}, {"Plan": {"Node Type": "Aggregate", "Strategy": "Plain", "Partial Mode": "Finalize", "Parallel Aware": false, "Startup Cost": 323131.71, "Total Cost": 323131.72, "Plan Rows": 1, "Plan Width": 96, "Plans": [{"Node Type": "Gather", "Parent Relationship": "Outer", "Parallel Aware": false, "Startup Cost": 323131.59, "Total Cost": 323131.7, "Plan Rows": 1, "Plan Width": 96, "Workers Planned": 1, "Single Copy": false, "Plans": [{"Node Type": "Aggregate", "Strategy": "Plain", "Partial Mode": "Partial", "Parent Relationship": "Outer", "Parallel Aware": false, "Startup Cost": 322131.59, "Total Cost": 322131.6, "Plan Rows": 1, "Plan Width": 96, "Plans": [{"Node Type": "Hash Join", "Parent Relationship": "Outer", "Parallel Aware": true, "Join Type": "Inner", "Startup Cost": 317219.43, "Total Cost": 322131.58, "Plan Rows": 1, "Plan Width": 41, "Inner Unique": false, "Hash Cond": "(cn.id = mc.company_id)", "Plans": [{"Node Type": "Seq Scan", "Parent Relationship": "Outer", "Parallel Aware": true, "Relation Name": "company_name", "Alias": "cn", "Startup Cost": 0.0, "Total Cost": 4722.92, "Plan Rows": 50460, "Plan Width": 23, "Filter": "((country_code)::text = '[us]'::text)"}, {"Node Type": "Hash", "Parent Relationship": "Inner", "Parallel Aware": true, "Startup Cost": 317219.42, "Total Cost": 317219.42, "Plan Rows": 1, "Plan Width": 26, "Plans": [{"Node Type": "Hash Join", "Parent Relationship": "Outer", "Parallel Aware": true, "Join Type": "Inner", "Startup Cost": 287772.55, "Total Cost": 317219.42, "Plan Rows": 1, "Plan Width": 26, "Inner Unique": false, "Hash Cond": "(mc.movie_id = mi.movie_id)", "Plans": [{"Node Type": "Hash Join", "Parent Relationship": "Outer", "Parallel Aware": false, "Join Type": "Inner", "Startup Cost": 18.93, "Total Cost": 29448.0, "Plan Rows": 4742, "Plan Width": 8, "Inner Unique": true, "Hash Cond": "(mc.company_type_id = ct.id)", "Plans": [{"Node Type": "Seq Scan", "Parent Relationship": "Outer", "Parallel Aware": true, "Relation Name": "movie_companies", "Alias": "mc", "Startup Cost": 0.0, "Total Cost": 27206.55, "Plan Rows": 841655, "Plan Width": 12}, {"Node Type": "Hash", "Parent Relationship": "Inner", "Parallel Aware": false, "Startup Cost": 18.88, "Total Cost": 18.88, "Plan Rows": 4, "Plan Width": 4, "Plans": [{"Node Type": "Seq Scan", "Parent Relationship": "Outer", "Parallel Aware": false, "Relation Name": "company_type", "Alias": "ct", "Startup Cost": 0.0, "Total Cost": 18.88, "Plan Rows": 4, "Plan Width": 4, "Filter": "((kind)::text = 'production companies'::text)"}]}]}, {"Node Type": "Hash", "Parent Relationship": "Inner", "Parallel Aware": true, "Startup Cost": 287753.61, "Total Cost": 287753.61, "Plan Rows": 1, "Plan Width": 34, "Plans": [{"Node Type": "Hash Join", "Parent Relationship": "Outer", "Parallel Aware": true, "Join Type": "Inner", "Startup Cost": 272483.34, "Total Cost": 287753.61, "Plan Rows": 1, "Plan Width": 34, "Inner Unique": false, "Hash Cond": "(miidx.movie_id = mi.movie_id)", "Plans": [{"Node Type": "Hash Join", "Parent Relationship": "Outer", "Parallel Aware": false, "Join Type": "Inner", "Startup Cost": 2.43, "Total Cost": 15253.6, "Plan Rows": 5089, "Plan Width": 9, "Inner Unique": true, "Hash Cond": "(miidx.info_type_id = it.id)", "Plans": [{"Node Type": "Seq Scan", "Parent Relationship": "Outer", "Parallel Aware": true, "Relation Name": "movie_info_idx", "Alias": "miidx", "Startup Cost": 0.0, "Total Cost": 13685.15, "Plan Rows": 575015, "Plan Width": 13}, {"Node Type": "Hash", "Parent Relationship": "Inner", "Parallel Aware": false, "Startup Cost": 2.41, "Total Cost": 2.41, "Plan Rows": 1, "Plan Width": 4, "Plans": [{"Node Type": "Seq Scan", "Parent Relationship": "Outer", "Parallel Aware": false, "Relation Name": "info_type", "Alias": "it", "Startup Cost": 0.0, "Total Cost": 2.41, "Plan Rows": 1, "Plan Width": 4, "Filter": "((info)::text = 'rating'::text)"}]}]}, {"Node Type": "Hash", "Parent Relationship": "Inner", "Parallel Aware": true, "Startup Cost": 272480.91, "Total Cost": 272480.91, "Plan Rows": 1, "Plan Width": 25, "Plans": [{"Node Type": "Hash Join", "Parent Relationship": "Outer", "Parallel Aware": false, "Join Type": "Inner", "Startup Cost": 50297.22, "Total Cost": 272480.91, "Plan Rows": 1, "Plan Width": 25, "Inner Unique": true, "Hash Cond": "(mi.info_type_id = it2.id)", "Plans": [{"Node Type": "Hash Join", "Parent Relationship": "Outer", "Parallel Aware": false, "Join Type": "Inner", "Startup Cost": 50294.8, "Total Cost": 272478.47, "Plan Rows": 4, "Plan Width": 29, "Inner Unique": true, "Hash Cond": "(t.kind_id = kt.id)", "Plans": [{"Node Type": "Hash Join", "Parent Relationship": "Outer", "Parallel Aware": true, "Join Type": "Inner", "Startup Cost": 50271.99, "Total Cost": 272453.32, "Plan Rows": 886, "Plan Width": 33, "Inner Unique": true, "Hash Cond": "(mi.movie_id = t.id)", "Plans": [{"Node Type": "Seq Scan", "Parent Relationship": "Outer", "Parallel Aware": true, "Relation Name": "movie_info", "Alias": "mi", "Startup Cost": 0.0, "Total Cost": 209666.91, "Plan Rows": 4767391, "Plan Width": 8}, {"Node Type": "Hash", "Parent Relationship": "Inner", "Parallel Aware": true, "Startup Cost": 50270.09, "Total Cost": 50270.09, "Plan Rows": 152, "Plan Width": 25, "Plans": [{"Node Type": "Seq Scan", "Parent Relationship": "Outer", "Parallel Aware": true, "Relation Name": "title", "Alias": "t", "Startup Cost": 0.0, "Total Cost": 50270.09, "Plan Rows": 152, "Plan Width": 25, "Filter": "((title <> ''::text) AND ((title ~~ '%Champion%'::text) OR (title ~~ '%Loser%'::text)))"}]}]}, {"Node Type": "Hash", "Parent Relationship": "Inner", "Parallel Aware": false, "Startup Cost": 22.75, "Total Cost": 22.75, "Plan Rows": 5, "Plan Width": 4, "Plans": [{"Node Type": "Seq Scan", "Parent Relationship": "Outer", "Parallel Aware": false, "Relation Name": "kind_type", "Alias": "kt", "Startup Cost": 0.0, "Total Cost": 22.75, "Plan Rows": 5, "Plan Width": 4, "Filter": "((kind)::text = 'movie'::text)"}]}]}, {"Node Type": "Hash", "Parent Relationship": "Inner", "Parallel Aware": false, "Startup Cost": 2.41, "Total Cost": 2.41, "Plan Rows": 1, "Plan Width": 4, "Plans": [{"Node Type": "Seq Scan", "Parent Relationship": "Outer", "Parallel Aware": false, "Relation Name": "info_type", "Alias": "it2", "Startup Cost": 0.0, "Total Cost": 2.41, "Plan Rows": 1, "Plan Width": 4, "Filter": "((info)::text = 'release dates'::text)"}]}]}]}]}]}]}]}]}]}]}]}}, {"Plan": {"Node Type": "Aggregate", "Strategy": "Plain", "Partial Mode": "Simple", "Parallel Aware": false, "Startup Cost": 22286.2, "Total Cost": 22286.21, "Plan Rows": 1, "Plan Width": 96, "Plans": [{"Node Type": "Nested Loop", "Parent Relationship": "Outer", "Parallel Aware": false, "Join Type": "Inner", "Startup Cost": 2.73, "Total Cost": 22286.2, "Plan Rows": 1, "Plan Width": 41, "Inner Unique": true, "Plans": [{"Node Type": "Nested Loop", "Parent Relationship": "Outer", "Parallel Aware": false, "Join Type": "Inner", "Startup Cost": 2.58, "Total Cost": 22286.01, "Plan Rows": 1, "Plan Width": 45, "Inner Unique": false, "Join Filter": "(t.id = mi.movie_id)", "Plans": [{"Node Type": "Nested Loop", "Parent Relationship": "Outer", "Parallel Aware": false, "Join Type": "Inner", "Startup Cost": 2.15, "Total Cost": 22284.26, "Plan Rows": 1, "Plan Width": 53, "Inner Unique": true, "Plans": [{"Node Type": "Nested Loop", "Parent Relationship": "Outer", "Parallel Aware": false, "Join Type": "Inner", "Startup Cost": 2.0, "Total Cost": 22284.08, "Plan Rows": 1, "Plan Width": 57, "Inner Unique": true, "Plans": [{"Node Type": "Nested Loop", "Parent Relationship": "Outer", "Parallel Aware": false, "Join Type": "Inner", "Startup Cost": 1.58, "Total Cost": 22283.64, "Plan Rows": 1, "Plan Width": 42, "Inner Unique": false, "Join Filter": "(t.id = mc.movie_id)", "Plans": [{"Node Type": "Nested Loop", "Parent Relationship": "Outer", "Parallel Aware": false, "Join Type": "Inner", "Startup Cost": 1.15, "Total Cost": 22283.04, "Plan Rows": 1, "Plan Width": 30, "Inner Unique": true, "Plans": [{"Node Type": "Nested Loop", "Parent Relationship": "Outer", "Parallel Aware": false, "Join Type": "Inner", "Startup Cost": 1.0, "Total Cost": 22282.62, "Plan Rows": 2, "Plan Width": 34, "Inner Unique": true, "Plans": [{"Node Type": "Nested Loop", "Parent Relationship": "Outer", "Parallel Aware": false, "Join Type": "Inner", "Startup Cost": 0.57, "Total Cost": 16287.63, "Plan Rows": 12213, "Plan Width": 9, "Inner Unique": false, "Plans": [{"Node Type": "Index Scan", "Parent Relationship": "Outer", "Parallel Aware": false, "Scan Direction": "Forward", "Index Name": "info_type_pkey", "Relation Name": "info_type", "Alias": "it", "Startup Cost": 0.14, "Total Cost": 5.42, "Plan Rows": 1, "Plan Width": 4, "Filter": "((info)::text = 'rating'::text)"}, {"Node Type": "Index Scan", "Parent Relationship": "Inner", "Parallel Aware": false, "Scan Direction": "Forward", "Index Name": "info_type_id_movie_info_idx", "Relation Name": "movie_info_idx", "Alias": "miidx", "Startup Cost": 0.43, "Total Cost": 13522.14, "Plan Rows": 276007, "Plan Width": 13, "Index Cond": "(info_type_id = it.id)"}]}, {"Node Type": "Index Scan", "Parent Relationship": "Inner", "Parallel Aware": false, "Scan Direction": "Forward", "Index Name": "title_pkey", "Relation Name": "title", "Alias": "t", "Startup Cost": 0.43, "Total Cost": 0.49, "Plan Rows": 1, "Plan Width": 25, "Index Cond": "(id = miidx.movie_id)", "Filter": "((title <> ''::text) AND ((title ~~ '%Champion%'::text) OR (title ~~ '%Loser%'::text)))"}]}, {"Node Type": "Index Scan", "Parent Relationship": "Inner", "Parallel Aware": false, "Scan Direction": "Forward", "Index Name": "kind_type_pkey", "Relation Name": "kind_type", "Alias": "kt", "Startup Cost": 0.15, "Total Cost": 0.2, "Plan Rows": 1, "Plan Width": 4, "Index Cond": "(id = t.kind_id)", "Filter": "((kind)::text = 'movie'::text)"}]}, {"Node Type": "Index Scan", "Parent Relationship": "Inner", "Parallel Aware": false, "Scan Direction": "Forward", "Index Name": "movie_id_movie_companies", "Relation Name": "movie_companies", "Alias": "mc", "Startup Cost": 0.43, "Total Cost": 0.54, "Plan Rows": 5, "Plan Width": 12, "Index Cond": "(movie_id = miidx.movie_id)"}]}, {"Node Type": "Index Scan", "Parent Relationship": "Inner", "Parallel Aware": false, "Scan Direction": "Forward", "Index Name": "company_name_pkey", "Relation Name": "company_name", "Alias": "cn", "Startup Cost": 0.42, "Total Cost": 0.44, "Plan Rows": 1, "Plan Width": 23, "Index Cond": "(id = mc.company_id)", "Filter": "((country_code)::text = '[us]'::text)"}]}, {"Node Type": "Index Scan", "Parent Relationship": "Inner", "Parallel Aware": false, "Scan Direction": "Forward", "Index Name": "company_type_pkey", "Relation Name": "company_type", "Alias": "ct", "Startup Cost": 0.15, "Total Cost": 0.17, "Plan Rows": 1, "Plan Width": 4, "Index Cond": "(id = mc.company_type_id)", "Filter": "((kind)::text = 'production companies'::text)"}]}, {"Node Type": "Index Scan", "Parent Relationship": "Inner", "Parallel Aware": false, "Scan Direction": "Forward", "Index Name": "movie_id_movie_info", "Relation Name": "movie_info", "Alias": "mi", "Startup Cost": 0.43, "Total Cost": 1.24, "Plan Rows": 41, "Plan Width": 8, "Index Cond": "(movie_id = mc.movie_id)"}]}, {"Node Type": "Index Scan", "Parent Relationship": "Inner", "Parallel Aware": false, "Scan Direction": "Forward", "Index Name": "info_type_pkey", "Relation Name": "info_type", "Alias": "it2", "Startup Cost": 0.14, "Total Cost": 0.16, "Plan Rows": 1, "Plan Width": 4, "Index Cond": "(id = mi.info_type_id)", "Filter": "((info)::text = 'release dates'::text)"}]}]}}, {"Plan": {"Node Type": "Aggregate", "Strategy": "Plain", "Partial Mode": "Simple", "Parallel Aware": false, "Startup Cost": 18755.12, "Total Cost": 18755.13, "Plan Rows": 1, "Plan Width": 96, "Plans": [{"Node Type": "Nested Loop", "Parent Relationship": "Outer", "Parallel Aware": false, "Join Type": "Inner", "Startup Cost": 1004.58, "Total Cost": 18755.11, "Plan Rows": 1, "Plan Width": 41, "Inner Unique": true, "Plans": [{"Node Type": "Nested Loop", "Parent Relationship": "Outer", "Parallel Aware": false, "Join Type": "Inner", "Startup Cost": 1004.44, "Total Cost": 18754.93, "Plan Rows": 1, "Plan Width": 45, "Inner Unique": false, "Join Filter": "(t.id = mi.movie_id)", "Plans": [{"Node Type": "Nested Loop", "Parent Relationship": "Outer", "Parallel Aware": false, "Join Type": "Inner", "Startup Cost": 1004.0, "Total Cost": 18753.17, "Plan Rows": 1, "Plan Width": 53, "Inner Unique": true, "Plans": [{"Node Type": "Nested Loop", "Parent Relationship": "Outer", "Parallel Aware": false, "Join Type": "Inner", "Startup Cost": 1003.85, "Total Cost": 18752.99, "Plan Rows": 1, "Plan Width": 57, "Inner Unique": true, "Plans": [{"Node Type": "Nested Loop", "Parent Relationship": "Outer", "Parallel Aware": false, "Join Type": "Inner", "Startup Cost": 1003.43, "Total Cost": 18752.55, "Plan Rows": 1, "Plan Width": 42, "Inner Unique": false, "Join Filter": "(t.id = mc.movie_id)", "Plans": [{"Node Type": "Gather", "Parent Relationship": "Outer", "Parallel Aware": false, "Startup Cost": 1003.0, "Total Cost": 18751.95, "Plan Rows": 1, "Plan Width": 30, "Workers Planned": 2, "Single Copy": false, "Plans": [{"Node Type": "Nested Loop", "Parent Relationship": "Outer", "Parallel Aware": false, "Join Type": "Inner", "Startup Cost": 3.01, "Total Cost": 17751.85, "Plan Rows": 1, "Plan Width": 30, "Inner Unique": true, "Plans": [{"Node Type": "Nested Loop", "Parent Relationship": "Outer", "Parallel Aware": false, "Join Type": "Inner", "Startup Cost": 2.86, "Total Cost": 17751.64, "Plan Rows": 1, "Plan Width": 34, "Inner Unique": true, "Plans": [{"Node Type": "Hash Join", "Parent Relationship": "Outer", "Parallel Aware": false, "Join Type": "Inner", "Startup Cost": 2.43, "Total Cost": 15253.6, "Plan Rows": 5089, "Plan Width": 9, "Inner Unique": true, "Hash Cond": "(miidx.info_type_id = it.id)", "Plans": [{"Node Type": "Seq Scan", "Parent Relationship": "Outer", "Parallel Aware": true, "Relation Name": "movie_info_idx", "Alias": "miidx", "Startup Cost": 0.0, "Total Cost": 13685.15, "Plan Rows": 575015, "Plan Width": 13}, {"Node Type": "Hash", "Parent Relationship": "Inner", "Parallel Aware": false, "Startup Cost": 2.41, "Total Cost": 2.41, "Plan Rows": 1, "Plan Width": 4, "Plans": [{"Node Type": "Seq Scan", "Parent Relationship": "Outer", "Parallel Aware": false, "Relation Name": "info_type", "Alias": "it", "Startup Cost": 0.0, "Total Cost": 2.41, "Plan Rows": 1, "Plan Width": 4, "Filter": "((info)::text = 'rating'::text)"}]}]}, {"Node Type": "Index Scan", "Parent Relationship": "Inner", "Parallel Aware": false, "Scan Direction": "Forward", "Index Name": "title_pkey", "Relation Name": "title", "Alias": "t", "Startup Cost": 0.43, "Total Cost": 0.49, "Plan Rows": 1, "Plan Width": 25, "Index Cond": "(id = miidx.movie_id)", "Filter": "((title <> ''::text) AND ((title ~~ '%Champion%'::text) OR (title ~~ '%Loser%'::text)))"}]}, {"Node Type": "Index Scan", "Parent Relationship": "Inner", "Parallel Aware": false, "Scan Direction": "Forward", "Index Name": "kind_type_pkey", "Relation Name": "kind_type", "Alias": "kt", "Startup Cost": 0.15, "Total Cost": 0.2, "Plan Rows": 1, "Plan Width": 4, "Index Cond": "(id = t.kind_id)", "Filter": "((kind)::text = 'movie'::text)"}]}]}, {"Node Type": "Index Scan", "Parent Relationship": "Inner", "Parallel Aware": false, "Scan Direction": "Forward", "Index Name": "movie_id_movie_companies", "Relation Name": "movie_companies", "Alias": "mc", "Startup Cost": 0.43, "Total Cost": 0.54, "Plan Rows": 5, "Plan Width": 12, "Index Cond": "(movie_id = miidx.movie_id)"}]}, {"Node Type": "Index Scan", "Parent Relationship": "Inner", "Parallel Aware": false, "Scan Direction": "Forward", "Index Name": "company_name_pkey", "Relation Name": "company_name", "Alias": "cn", "Startup Cost": 0.42, "Total Cost": 0.44, "Plan Rows": 1, "Plan Width": 23, "Index Cond": "(id = mc.company_id)", "Filter": "((country_code)::text = '[us]'::text)"}]}, {"Node Type": "Index Scan", "Parent Relationship": "Inner", "Parallel Aware": false, "Scan Direction": "Forward", "Index Name": "company_type_pkey", "Relation Name": "company_type", "Alias": "ct", "Startup Cost": 0.15, "Total Cost": 0.17, "Plan Rows": 1, "Plan Width": 4, "Index Cond": "(id = mc.company_type_id)", "Filter": "((kind)::text = 'production companies'::text)"}]}, {"Node Type": "Index Scan", "Parent Relationship": "Inner", "Parallel Aware": false, "Scan Direction": "Forward", "Index Name": "movie_id_movie_info", "Relation Name": "movie_info", "Alias": "mi", "Startup Cost": 0.43, "Total Cost": 1.24, "Plan Rows": 41, "Plan Width": 8, "Index Cond": "(movie_id = mc.movie_id)"}]}, {"Node Type": "Index Scan", "Parent Relationship": "Inner", "Parallel Aware": false, "Scan Direction": "Forward", "Index Name": "info_type_pkey", "Relation Name": "info_type", "Alias": "it2", "Startup Cost": 0.14, "Total Cost": 0.16, "Plan Rows": 1, "Plan Width": 4, "Index Cond": "(id = mi.info_type_id)", "Filter": "((info)::text = 'release dates'::text)"}]}]}}, {"Plan": {"Node Type": "Aggregate", "Strategy": "Plain", "Partial Mode": "Finalize", "Parallel Aware": false, "Startup Cost": 323131.71, "Total Cost": 323131.72, "Plan Rows": 1, "Plan Width": 96, "Plans": [{"Node Type": "Gather", "Parent Relationship": "Outer", "Parallel Aware": false, "Startup Cost": 323131.59, "Total Cost": 323131.7, "Plan Rows": 1, "Plan Width": 96, "Workers Planned": 1, "Single Copy": false, "Plans": [{"Node Type": "Aggregate", "Strategy": "Plain", "Partial Mode": "Partial", "Parent Relationship": "Outer", "Parallel Aware": false, "Startup Cost": 322131.59, "Total Cost": 322131.6, "Plan Rows": 1, "Plan Width": 96, "Plans": [{"Node Type": "Hash Join", "Parent Relationship": "Outer", "Parallel Aware": true, "Join Type": "Inner", "Startup Cost": 317219.43, "Total Cost": 322131.58, "Plan Rows": 1, "Plan Width": 41, "Inner Unique": false, "Hash Cond": "(cn.id = mc.company_id)", "Plans": [{"Node Type": "Seq Scan", "Parent Relationship": "Outer", "Parallel Aware": true, "Relation Name": "company_name", "Alias": "cn", "Startup Cost": 0.0, "Total Cost": 4722.92, "Plan Rows": 50460, "Plan Width": 23, "Filter": "((country_code)::text = '[us]'::text)"}, {"Node Type": "Hash", "Parent Relationship": "Inner", "Parallel Aware": true, "Startup Cost": 317219.42, "Total Cost": 317219.42, "Plan Rows": 1, "Plan Width": 26, "Plans": [{"Node Type": "Hash Join", "Parent Relationship": "Outer", "Parallel Aware": true, "Join Type": "Inner", "Startup Cost": 287772.55, "Total Cost": 317219.42, "Plan Rows": 1, "Plan Width": 26, "Inner Unique": false, "Hash Cond": "(mc.movie_id = mi.movie_id)", "Plans": [{"Node Type": "Hash Join", "Parent Relationship": "Outer", "Parallel Aware": false, "Join Type": "Inner", "Startup Cost": 18.93, "Total Cost": 29448.0, "Plan Rows": 4742, "Plan Width": 8, "Inner Unique": true, "Hash Cond": "(mc.company_type_id = ct.id)", "Plans": [{"Node Type": "Seq Scan", "Parent Relationship": "Outer", "Parallel Aware": true, "Relation Name": "movie_companies", "Alias": "mc", "Startup Cost": 0.0, "Total Cost": 27206.55, "Plan Rows": 841655, "Plan Width": 12}, {"Node Type": "Hash", "Parent Relationship": "Inner", "Parallel Aware": false, "Startup Cost": 18.88, "Total Cost": 18.88, "Plan Rows": 4, "Plan Width": 4, "Plans": [{"Node Type": "Seq Scan", "Parent Relationship": "Outer", "Parallel Aware": false, "Relation Name": "company_type", "Alias": "ct", "Startup Cost": 0.0, "Total Cost": 18.88, "Plan Rows": 4, "Plan Width": 4, "Filter": "((kind)::text = 'production companies'::text)"}]}]}, {"Node Type": "Hash", "Parent Relationship": "Inner", "Parallel Aware": true, "Startup Cost": 287753.61, "Total Cost": 287753.61, "Plan Rows": 1, "Plan Width": 34, "Plans": [{"Node Type": "Hash Join", "Parent Relationship": "Outer", "Parallel Aware": true, "Join Type": "Inner", "Startup Cost": 272483.34, "Total Cost": 287753.61, "Plan Rows": 1, "Plan Width": 34, "Inner Unique": false, "Hash Cond": "(miidx.movie_id = mi.movie_id)", "Plans": [{"Node Type": "Hash Join", "Parent Relationship": "Outer", "Parallel Aware": false, "Join Type": "Inner", "Startup Cost": 2.43, "Total Cost": 15253.6, "Plan Rows": 5089, "Plan Width": 9, "Inner Unique": true, "Hash Cond": "(miidx.info_type_id = it.id)", "Plans": [{"Node Type": "Seq Scan", "Parent Relationship": "Outer", "Parallel Aware": true, "Relation Name": "movie_info_idx", "Alias": "miidx", "Startup Cost": 0.0, "Total Cost": 13685.15, "Plan Rows": 575015, "Plan Width": 13}, {"Node Type": "Hash", "Parent Relationship": "Inner", "Parallel Aware": false, "Startup Cost": 2.41, "Total Cost": 2.41, "Plan Rows": 1, "Plan Width": 4, "Plans": [{"Node Type": "Seq Scan", "Parent Relationship": "Outer", "Parallel Aware": false, "Relation Name": "info_type", "Alias": "it", "Startup Cost": 0.0, "Total Cost": 2.41, "Plan Rows": 1, "Plan Width": 4, "Filter": "((info)::text = 'rating'::text)"}]}]}, {"Node Type": "Hash", "Parent Relationship": "Inner", "Parallel Aware": true, "Startup Cost": 272480.91, "Total Cost": 272480.91, "Plan Rows": 1, "Plan Width": 25, "Plans": [{"Node Type": "Hash Join", "Parent Relationship": "Outer", "Parallel Aware": false, "Join Type": "Inner", "Startup Cost": 50297.22, "Total Cost": 272480.91, "Plan Rows": 1, "Plan Width": 25, "Inner Unique": true, "Hash Cond": "(mi.info_type_id = it2.id)", "Plans": [{"Node Type": "Hash Join", "Parent Relationship": "Outer", "Parallel Aware": false, "Join Type": "Inner", "Startup Cost": 50294.8, "Total Cost": 272478.47, "Plan Rows": 4, "Plan Width": 29, "Inner Unique": true, "Hash Cond": "(t.kind_id = kt.id)", "Plans": [{"Node Type": "Hash Join", "Parent Relationship": "Outer", "Parallel Aware": true, "Join Type": "Inner", "Startup Cost": 50271.99, "Total Cost": 272453.32, "Plan Rows": 886, "Plan Width": 33, "Inner Unique": true, "Hash Cond": "(mi.movie_id = t.id)", "Plans": [{"Node Type": "Seq Scan", "Parent Relationship": "Outer", "Parallel Aware": true, "Relation Name": "movie_info", "Alias": "mi", "Startup Cost": 0.0, "Total Cost": 209666.91, "Plan Rows": 4767391, "Plan Width": 8}, {"Node Type": "Hash", "Parent Relationship": "Inner", "Parallel Aware": true, "Startup Cost": 50270.09, "Total Cost": 50270.09, "Plan Rows": 152, "Plan Width": 25, "Plans": [{"Node Type": "Seq Scan", "Parent Relationship": "Outer", "Parallel Aware": true, "Relation Name": "title", "Alias": "t", "Startup Cost": 0.0, "Total Cost": 50270.09, "Plan Rows": 152, "Plan Width": 25, "Filter": "((title <> ''::text) AND ((title ~~ '%Champion%'::text) OR (title ~~ '%Loser%'::text)))"}]}]}, {"Node Type": "Hash", "Parent Relationship": "Inner", "Parallel Aware": false, "Startup Cost": 22.75, "Total Cost": 22.75, "Plan Rows": 5, "Plan Width": 4, "Plans": [{"Node Type": "Seq Scan", "Parent Relationship": "Outer", "Parallel Aware": false, "Relation Name": "kind_type", "Alias": "kt", "Startup Cost": 0.0, "Total Cost": 22.75, "Plan Rows": 5, "Plan Width": 4, "Filter": "((kind)::text = 'movie'::text)"}]}]}, {"Node Type": "Hash", "Parent Relationship": "Inner", "Parallel Aware": false, "Startup Cost": 2.41, "Total Cost": 2.41, "Plan Rows": 1, "Plan Width": 4, "Plans": [{"Node Type": "Seq Scan", "Parent Relationship": "Outer", "Parallel Aware": false, "Relation Name": "info_type", "Alias": "it2", "Startup Cost": 0.0, "Total Cost": 2.41, "Plan Rows": 1, "Plan Width": 4, "Filter": "((info)::text = 'release dates'::text)"}]}]}]}]}]}]}]}]}]}]}]}}, {"Plan": {"Node Type": "Aggregate", "Strategy": "Plain", "Partial Mode": "Simple", "Parallel Aware": false, "Startup Cost": 24229.51, "Total Cost": 24229.52, "Plan Rows": 1, "Plan Width": 96, "Plans": [{"Node Type": "Nested Loop", "Parent Relationship": "Outer", "Parallel Aware": false, "Join Type": "Inner", "Startup Cost": 1005.02, "Total Cost": 24229.51, "Plan Rows": 1, "Plan Width": 41, "Inner Unique": true, "Plans": [{"Node Type": "Nested Loop", "Parent Relationship": "Outer", "Parallel Aware": false, "Join Type": "Inner", "Startup Cost": 1004.87, "Total Cost": 24227.13, "Plan Rows": 1, "Plan Width": 45, "Inner Unique": false, "Join Filter": "(t.id = mi.movie_id)", "Plans": [{"Node Type": "Nested Loop", "Parent Relationship": "Outer", "Parallel Aware": false, "Join Type": "Inner", "Startup Cost": 1004.09, "Total Cost": 24224.23, "Plan Rows": 1, "Plan Width": 53, "Inner Unique": true, "Plans": [{"Node Type": "Nested Loop", "Parent Relationship": "Outer", "Parallel Aware": false, "Join Type": "Inner", "Startup Cost": 1003.94, "Total Cost": 24222.51, "Plan Rows": 1, "Plan Width": 57, "Inner Unique": true, "Plans": [{"Node Type": "Nested Loop", "Parent Relationship": "Outer", "Parallel Aware": false, "Join Type": "Inner", "Startup Cost": 1003.51, "Total Cost": 24220.96, "Plan Rows": 1, "Plan Width": 42, "Inner Unique": false, "Join Filter": "(t.id = mc.movie_id)", "Plans": [{"Node Type": "Gather", "Parent Relationship": "Outer", "Parallel Aware": false, "Startup Cost": 1003.03, "Total Cost": 24219.26, "Plan Rows": 1, "Plan Width": 30, "Workers Planned": 2, "Single Copy": false, "Plans": [{"Node Type": "Nested Loop", "Parent Relationship": "Outer", "Parallel Aware": false, "Join Type": "Inner", "Startup Cost": 3.03, "Total Cost": 23219.16, "Plan Rows": 1, "Plan Width": 30, "Inner Unique": true, "Plans": [{"Node Type": "Nested Loop", "Parent Relationship": "Outer", "Parallel Aware": false, "Join Type": "Inner", "Startup Cost": 2.87, "Total Cost": 23217.51, "Plan Rows": 1, "Plan Width": 34, "Inner Unique": true, "Plans": [{"Node Type": "Hash Join", "Parent Relationship": "Outer", "Parallel Aware": false, "Join Type": "Inner", "Startup Cost": 2.43, "Total Cost": 15253.6, "Plan Rows": 5089, "Plan Width": 9, "Inner Unique": true, "Hash Cond": "(miidx.info_type_id = it.id)", "Plans": [{"Node Type": "Seq Scan", "Parent Relationship": "Outer", "Parallel Aware": true, "Relation Name": "movie_info_idx", "Alias": "miidx", "Startup Cost": 0.0, "Total Cost": 13685.15, "Plan Rows": 575015, "Plan Width": 13}, {"Node Type": "Hash", "Parent Relationship": "Inner", "Parallel Aware": false, "Startup Cost": 2.41, "Total Cost": 2.41, "Plan Rows": 1, "Plan Width": 4, "Plans": [{"Node Type": "Seq Scan", "Parent Relationship": "Outer", "Parallel Aware": false, "Relation Name": "info_type", "Alias": "it", "Startup Cost": 0.0, "Total Cost": 2.41, "Plan Rows": 1, "Plan Width": 4, "Filter": "((info)::text = 'rating'::text)"}]}]}, {"Node Type": "Bitmap Heap Scan", "Parent Relationship": "Inner", "Parallel Aware": false, "Relation Name": "title", "Alias": "t", "Startup Cost": 0.44, "Total Cost": 1.56, "Plan Rows": 1, "Plan Width": 25, "Recheck Cond": "(id = miidx.movie_id)", "Filter": "((title <> ''::text) AND ((title ~~ '%Champion%'::text) OR (title ~~ '%Loser%'::text)))", "Plans": [{"Node Type": "Bitmap Index Scan", "Parent Relationship": "Outer", "Parallel Aware": false, "Index Name": "title_pkey", "Startup Cost": 0.0, "Total Cost": 0.44, "Plan Rows": 1, "Plan Width": 0, "Index Cond": "(id = miidx.movie_id)"}]}]}, {"Node Type": "Bitmap Heap Scan", "Parent Relationship": "Inner", "Parallel Aware": false, "Relation Name": "kind_type", "Alias": "kt", "Startup Cost": 0.16, "Total Cost": 1.28, "Plan Rows": 1, "Plan Width": 4, "Recheck Cond": "(id = t.kind_id)", "Filter": "((kind)::text = 'movie'::text)", "Plans": [{"Node Type": "Bitmap Index Scan", "Parent Relationship": "Outer", "Parallel Aware": false, "Index Name": "kind_type_pkey", "Startup Cost": 0.0, "Total Cost": 0.16, "Plan Rows": 1, "Plan Width": 0, "Index Cond": "(id = t.kind_id)"}]}]}]}, {"Node Type": "Bitmap Heap Scan", "Parent Relationship": "Inner", "Parallel Aware": false, "Relation Name": "movie_companies", "Alias": "mc", "Startup Cost": 0.48, "Total Cost": 1.64, "Plan Rows": 5, "Plan Width": 12, "Recheck Cond": "(movie_id = miidx.movie_id)", "Plans": [{"Node Type": "Bitmap Index Scan", "Parent Relationship": "Outer", "Parallel Aware": false, "Index Name": "movie_id_movie_companies", "Startup Cost": 0.0, "Total Cost": 0.48, "Plan Rows": 5, "Plan Width": 0, "Index Cond": "(movie_id = miidx.movie_id)"}]}]}, {"Node Type": "Bitmap Heap Scan", "Parent Relationship": "Inner", "Parallel Aware": false, "Relation Name": "company_name", "Alias": "cn", "Startup Cost": 0.43, "Total Cost": 1.54, "Plan Rows": 1, "Plan Width": 23, "Recheck Cond": "(id = mc.company_id)", "Filter": "((country_code)::text = '[us]'::text)", "Plans": [{"Node Type": "Bitmap Index Scan", "Parent Relationship": "Outer", "Parallel Aware": false, "Index Name": "company_name_pkey", "Startup Cost": 0.0, "Total Cost": 0.43, "Plan Rows": 1, "Plan Width": 0, "Index Cond": "(id = mc.company_id)"}]}]}, {"Node Type": "Bitmap Heap Scan", "Parent Relationship": "Inner", "Parallel Aware": false, "Relation Name": "company_type", "Alias": "ct", "Startup Cost": 0.16, "Total Cost": 1.27, "Plan Rows": 1, "Plan Width": 4, "Recheck Cond": "(id = mc.company_type_id)", "Filter": "((kind)::text = 'production companies'::text)", "Plans": [{"Node Type": "Bitmap Index Scan", "Parent Relationship": "Outer", "Parallel Aware": false, "Index Name": "company_type_pkey", "Startup Cost": 0.0, "Total Cost": 0.16, "Plan Rows": 1, "Plan Width": 0, "Index Cond": "(id = mc.company_type_id)"}]}]}, {"Node Type": "Bitmap Heap Scan", "Parent Relationship": "Inner", "Parallel Aware": false, "Relation Name": "movie_info", "Alias": "mi", "Startup Cost": 0.78, "Total Cost": 2.39, "Plan Rows": 41, "Plan Width": 8, "Recheck Cond": "(movie_id = mc.movie_id)", "Plans": [{"Node Type": "Bitmap Index Scan", "Parent Relationship": "Outer", "Parallel Aware": false, "Index Name": "movie_id_movie_info", "Startup Cost": 0.0, "Total Cost": 0.77, "Plan Rows": 41, "Plan Width": 0, "Index Cond": "(movie_id = mc.movie_id)"}]}]}, {"Node Type": "Bitmap Heap Scan", "Parent Relationship": "Inner", "Parallel Aware": false, "Relation Name": "info_type", "Alias": "it2", "Startup Cost": 0.15, "Total Cost": 1.27, "Plan Rows": 1, "Plan Width": 4, "Recheck Cond": "(id = mi.info_type_id)", "Filter": "((info)::text = 'release dates'::text)", "Plans": [{"Node Type": "Bitmap Index Scan", "Parent Relationship": "Outer", "Parallel Aware": false, "Index Name": "info_type_pkey", "Startup Cost": 0.0, "Total Cost": 0.15, "Plan Rows": 1, "Plan Width": 0, "Index Cond": "(id = mi.info_type_id)"}]}]}]}}, {"Plan": {"Node Type": "Aggregate", "Strategy": "Plain", "Partial Mode": "Finalize", "Parallel Aware": false, "Startup Cost": 323131.71, "Total Cost": 323131.72, "Plan Rows": 1, "Plan Width": 96, "Plans": [{"Node Type": "Gather", "Parent Relationship": "Outer", "Parallel Aware": false, "Startup Cost": 323131.59, "Total Cost": 323131.7, "Plan Rows": 1, "Plan Width": 96, "Workers Planned": 1, "Single Copy": false, "Plans": [{"Node Type": "Aggregate", "Strategy": "Plain", "Partial Mode": "Partial", "Parent Relationship": "Outer", "Parallel Aware": false, "Startup Cost": 322131.59, "Total Cost": 322131.6, "Plan Rows": 1, "Plan Width": 96, "Plans": [{"Node Type": "Hash Join", "Parent Relationship": "Outer", "Parallel Aware": true, "Join Type": "Inner", "Startup Cost": 317219.43, "Total Cost": 322131.58, "Plan Rows": 1, "Plan Width": 41, "Inner Unique": false, "Hash Cond": "(cn.id = mc.company_id)", "Plans": [{"Node Type": "Seq Scan", "Parent Relationship": "Outer", "Parallel Aware": true, "Relation Name": "company_name", "Alias": "cn", "Startup Cost": 0.0, "Total Cost": 4722.92, "Plan Rows": 50460, "Plan Width": 23, "Filter": "((country_code)::text = '[us]'::text)"}, {"Node Type": "Hash", "Parent Relationship": "Inner", "Parallel Aware": true, "Startup Cost": 317219.42, "Total Cost": 317219.42, "Plan Rows": 1, "Plan Width": 26, "Plans": [{"Node Type": "Hash Join", "Parent Relationship": "Outer", "Parallel Aware": true, "Join Type": "Inner", "Startup Cost": 287772.55, "Total Cost": 317219.42, "Plan Rows": 1, "Plan Width": 26, "Inner Unique": false, "Hash Cond": "(mc.movie_id = mi.movie_id)", "Plans": [{"Node Type": "Hash Join", "Parent Relationship": "Outer", "Parallel Aware": false, "Join Type": "Inner", "Startup Cost": 18.93, "Total Cost": 29448.0, "Plan Rows": 4742, "Plan Width": 8, "Inner Unique": true, "Hash Cond": "(mc.company_type_id = ct.id)", "Plans": [{"Node Type": "Seq Scan", "Parent Relationship": "Outer", "Parallel Aware": true, "Relation Name": "movie_companies", "Alias": "mc", "Startup Cost": 0.0, "Total Cost": 27206.55, "Plan Rows": 841655, "Plan Width": 12}, {"Node Type": "Hash", "Parent Relationship": "Inner", "Parallel Aware": false, "Startup Cost": 18.88, "Total Cost": 18.88, "Plan Rows": 4, "Plan Width": 4, "Plans": [{"Node Type": "Seq Scan", "Parent Relationship": "Outer", "Parallel Aware": false, "Relation Name": "company_type", "Alias": "ct", "Startup Cost": 0.0, "Total Cost": 18.88, "Plan Rows": 4, "Plan Width": 4, "Filter": "((kind)::text = 'production companies'::text)"}]}]}, {"Node Type": "Hash", "Parent Relationship": "Inner", "Parallel Aware": true, "Startup Cost": 287753.61, "Total Cost": 287753.61, "Plan Rows": 1, "Plan Width": 34, "Plans": [{"Node Type": "Hash Join", "Parent Relationship": "Outer", "Parallel Aware": true, "Join Type": "Inner", "Startup Cost": 272483.34, "Total Cost": 287753.61, "Plan Rows": 1, "Plan Width": 34, "Inner Unique": false, "Hash Cond": "(miidx.movie_id = mi.movie_id)", "Plans": [{"Node Type": "Hash Join", "Parent Relationship": "Outer", "Parallel Aware": false, "Join Type": "Inner", "Startup Cost": 2.43, "Total Cost": 15253.6, "Plan Rows": 5089, "Plan Width": 9, "Inner Unique": true, "Hash Cond": "(miidx.info_type_id = it.id)", "Plans": [{"Node Type": "Seq Scan", "Parent Relationship": "Outer", "Parallel Aware": true, "Relation Name": "movie_info_idx", "Alias": "miidx", "Startup Cost": 0.0, "Total Cost": 13685.15, "Plan Rows": 575015, "Plan Width": 13}, {"Node Type": "Hash", "Parent Relationship": "Inner", "Parallel Aware": false, "Startup Cost": 2.41, "Total Cost": 2.41, "Plan Rows": 1, "Plan Width": 4, "Plans": [{"Node Type": "Seq Scan", "Parent Relationship": "Outer", "Parallel Aware": false, "Relation Name": "info_type", "Alias": "it", "Startup Cost": 0.0, "Total Cost": 2.41, "Plan Rows": 1, "Plan Width": 4, "Filter": "((info)::text = 'rating'::text)"}]}]}, {"Node Type": "Hash", "Parent Relationship": "Inner", "Parallel Aware": true, "Startup Cost": 272480.91, "Total Cost": 272480.91, "Plan Rows": 1, "Plan Width": 25, "Plans": [{"Node Type": "Hash Join", "Parent Relationship": "Outer", "Parallel Aware": false, "Join Type": "Inner", "Startup Cost": 50297.22, "Total Cost": 272480.91, "Plan Rows": 1, "Plan Width": 25, "Inner Unique": true, "Hash Cond": "(mi.info_type_id = it2.id)", "Plans": [{"Node Type": "Hash Join", "Parent Relationship": "Outer", "Parallel Aware": false, "Join Type": "Inner", "Startup Cost": 50294.8, "Total Cost": 272478.47, "Plan Rows": 4, "Plan Width": 29, "Inner Unique": true, "Hash Cond": "(t.kind_id = kt.id)", "Plans": [{"Node Type": "Hash Join", "Parent Relationship": "Outer", "Parallel Aware": true, "Join Type": "Inner", "Startup Cost": 50271.99, "Total Cost": 272453.32, "Plan Rows": 886, "Plan Width": 33, "Inner Unique": true, "Hash Cond": "(mi.movie_id = t.id)", "Plans": [{"Node Type": "Seq Scan", "Parent Relationship": "Outer", "Parallel Aware": true, "Relation Name": "movie_info", "Alias": "mi", "Startup Cost": 0.0, "Total Cost": 209666.91, "Plan Rows": 4767391, "Plan Width": 8}, {"Node Type": "Hash", "Parent Relationship": "Inner", "Parallel Aware": true, "Startup Cost": 50270.09, "Total Cost": 50270.09, "Plan Rows": 152, "Plan Width": 25, "Plans": [{"Node Type": "Seq Scan", "Parent Relationship": "Outer", "Parallel Aware": true, "Relation Name": "title", "Alias": "t", "Startup Cost": 0.0, "Total Cost": 50270.09, "Plan Rows": 152, "Plan Width": 25, "Filter": "((title <> ''::text) AND ((title ~~ '%Champion%'::text) OR (title ~~ '%Loser%'::text)))"}]}]}, {"Node Type": "Hash", "Parent Relationship": "Inner", "Parallel Aware": false, "Startup Cost": 22.75, "Total Cost": 22.75, "Plan Rows": 5, "Plan Width": 4, "Plans": [{"Node Type": "Seq Scan", "Parent Relationship": "Outer", "Parallel Aware": false, "Relation Name": "kind_type", "Alias": "kt", "Startup Cost": 0.0, "Total Cost": 22.75, "Plan Rows": 5, "Plan Width": 4, "Filter": "((kind)::text = 'movie'::text)"}]}]}, {"Node Type": "Hash", "Parent Relationship": "Inner", "Parallel Aware": false, "Startup Cost": 2.41, "Total Cost": 2.41, "Plan Rows": 1, "Plan Width": 4, "Plans": [{"Node Type": "Seq Scan", "Parent Relationship": "Outer", "Parallel Aware": false, "Relation Name": "info_type", "Alias": "it2", "Startup Cost": 0.0, "Total Cost": 2.41, "Plan Rows": 1, "Plan Width": 4, "Filter": "((info)::text = 'release dates'::text)"}]}]}]}]}]}]}]}]}]}]}]}}, {"Plan": {"Node Type": "Aggregate", "Strategy": "Plain", "Partial Mode": "Simple", "Parallel Aware": false, "Startup Cost": 24229.51, "Total Cost": 24229.52, "Plan Rows": 1, "Plan Width": 96, "Plans": [{"Node Type": "Nested Loop", "Parent Relationship": "Outer", "Parallel Aware": false, "Join Type": "Inner", "Startup Cost": 1005.02, "Total Cost": 24229.51, "Plan Rows": 1, "Plan Width": 41, "Inner Unique": true, "Plans": [{"Node Type": "Nested Loop", "Parent Relationship": "Outer", "Parallel Aware": false, "Join Type": "Inner", "Startup Cost": 1004.87, "Total Cost": 24227.13, "Plan Rows": 1, "Plan Width": 45, "Inner Unique": false, "Join Filter": "(t.id = mi.movie_id)", "Plans": [{"Node Type": "Nested Loop", "Parent Relationship": "Outer", "Parallel Aware": false, "Join Type": "Inner", "Startup Cost": 1004.09, "Total Cost": 24224.23, "Plan Rows": 1, "Plan Width": 53, "Inner Unique": true, "Plans": [{"Node Type": "Nested Loop", "Parent Relationship": "Outer", "Parallel Aware": false, "Join Type": "Inner", "Startup Cost": 1003.94, "Total Cost": 24222.51, "Plan Rows": 1, "Plan Width": 57, "Inner Unique": true, "Plans": [{"Node Type": "Nested Loop", "Parent Relationship": "Outer", "Parallel Aware": false, "Join Type": "Inner", "Startup Cost": 1003.51, "Total Cost": 24220.96, "Plan Rows": 1, "Plan Width": 42, "Inner Unique": false, "Join Filter": "(t.id = mc.movie_id)", "Plans": [{"Node Type": "Gather", "Parent Relationship": "Outer", "Parallel Aware": false, "Startup Cost": 1003.03, "Total Cost": 24219.26, "Plan Rows": 1, "Plan Width": 30, "Workers Planned": 2, "Single Copy": false, "Plans": [{"Node Type": "Nested Loop", "Parent Relationship": "Outer", "Parallel Aware": false, "Join Type": "Inner", "Startup Cost": 3.03, "Total Cost": 23219.16, "Plan Rows": 1, "Plan Width": 30, "Inner Unique": true, "Plans": [{"Node Type": "Nested Loop", "Parent Relationship": "Outer", "Parallel Aware": false, "Join Type": "Inner", "Startup Cost": 2.87, "Total Cost": 23217.51, "Plan Rows": 1, "Plan Width": 34, "Inner Unique": true, "Plans": [{"Node Type": "Hash Join", "Parent Relationship": "Outer", "Parallel Aware": false, "Join Type": "Inner", "Startup Cost": 2.43, "Total Cost": 15253.6, "Plan Rows": 5089, "Plan Width": 9, "Inner Unique": true, "Hash Cond": "(miidx.info_type_id = it.id)", "Plans": [{"Node Type": "Seq Scan", "Parent Relationship": "Outer", "Parallel Aware": true, "Relation Name": "movie_info_idx", "Alias": "miidx", "Startup Cost": 0.0, "Total Cost": 13685.15, "Plan Rows": 575015, "Plan Width": 13}, {"Node Type": "Hash", "Parent Relationship": "Inner", "Parallel Aware": false, "Startup Cost": 2.41, "Total Cost": 2.41, "Plan Rows": 1, "Plan Width": 4, "Plans": [{"Node Type": "Seq Scan", "Parent Relationship": "Outer", "Parallel Aware": false, "Relation Name": "info_type", "Alias": "it", "Startup Cost": 0.0, "Total Cost": 2.41, "Plan Rows": 1, "Plan Width": 4, "Filter": "((info)::text = 'rating'::text)"}]}]}, {"Node Type": "Bitmap Heap Scan", "Parent Relationship": "Inner", "Parallel Aware": false, "Relation Name": "title", "Alias": "t", "Startup Cost": 0.44, "Total Cost": 1.56, "Plan Rows": 1, "Plan Width": 25, "Recheck Cond": "(id = miidx.movie_id)", "Filter": "((title <> ''::text) AND ((title ~~ '%Champion%'::text) OR (title ~~ '%Loser%'::text)))", "Plans": [{"Node Type": "Bitmap Index Scan", "Parent Relationship": "Outer", "Parallel Aware": false, "Index Name": "title_pkey", "Startup Cost": 0.0, "Total Cost": 0.44, "Plan Rows": 1, "Plan Width": 0, "Index Cond": "(id = miidx.movie_id)"}]}]}, {"Node Type": "Bitmap Heap Scan", "Parent Relationship": "Inner", "Parallel Aware": false, "Relation Name": "kind_type", "Alias": "kt", "Startup Cost": 0.16, "Total Cost": 1.28, "Plan Rows": 1, "Plan Width": 4, "Recheck Cond": "(id = t.kind_id)", "Filter": "((kind)::text = 'movie'::text)", "Plans": [{"Node Type": "Bitmap Index Scan", "Parent Relationship": "Outer", "Parallel Aware": false, "Index Name": "kind_type_pkey", "Startup Cost": 0.0, "Total Cost": 0.16, "Plan Rows": 1, "Plan Width": 0, "Index Cond": "(id = t.kind_id)"}]}]}]}, {"Node Type": "Bitmap Heap Scan", "Parent Relationship": "Inner", "Parallel Aware": false, "Relation Name": "movie_companies", "Alias": "mc", "Startup Cost": 0.48, "Total Cost": 1.64, "Plan Rows": 5, "Plan Width": 12, "Recheck Cond": "(movie_id = miidx.movie_id)", "Plans": [{"Node Type": "Bitmap Index Scan", "Parent Relationship": "Outer", "Parallel Aware": false, "Index Name": "movie_id_movie_companies", "Startup Cost": 0.0, "Total Cost": 0.48, "Plan Rows": 5, "Plan Width": 0, "Index Cond": "(movie_id = miidx.movie_id)"}]}]}, {"Node Type": "Bitmap Heap Scan", "Parent Relationship": "Inner", "Parallel Aware": false, "Relation Name": "company_name", "Alias": "cn", "Startup Cost": 0.43, "Total Cost": 1.54, "Plan Rows": 1, "Plan Width": 23, "Recheck Cond": "(id = mc.company_id)", "Filter": "((country_code)::text = '[us]'::text)", "Plans": [{"Node Type": "Bitmap Index Scan", "Parent Relationship": "Outer", "Parallel Aware": false, "Index Name": "company_name_pkey", "Startup Cost": 0.0, "Total Cost": 0.43, "Plan Rows": 1, "Plan Width": 0, "Index Cond": "(id = mc.company_id)"}]}]}, {"Node Type": "Bitmap Heap Scan", "Parent Relationship": "Inner", "Parallel Aware": false, "Relation Name": "company_type", "Alias": "ct", "Startup Cost": 0.16, "Total Cost": 1.27, "Plan Rows": 1, "Plan Width": 4, "Recheck Cond": "(id = mc.company_type_id)", "Filter": "((kind)::text = 'production companies'::text)", "Plans": [{"Node Type": "Bitmap Index Scan", "Parent Relationship": "Outer", "Parallel Aware": false, "Index Name": "company_type_pkey", "Startup Cost": 0.0, "Total Cost": 0.16, "Plan Rows": 1, "Plan Width": 0, "Index Cond": "(id = mc.company_type_id)"}]}]}, {"Node Type": "Bitmap Heap Scan", "Parent Relationship": "Inner", "Parallel Aware": false, "Relation Name": "movie_info", "Alias": "mi", "Startup Cost": 0.78, "Total Cost": 2.39, "Plan Rows": 41, "Plan Width": 8, "Recheck Cond": "(movie_id = mc.movie_id)", "Plans": [{"Node Type": "Bitmap Index Scan", "Parent Relationship": "Outer", "Parallel Aware": false, "Index Name": "movie_id_movie_info", "Startup Cost": 0.0, "Total Cost": 0.77, "Plan Rows": 41, "Plan Width": 0, "Index Cond": "(movie_id = mc.movie_id)"}]}]}, {"Node Type": "Bitmap Heap Scan", "Parent Relationship": "Inner", "Parallel Aware": false, "Relation Name": "info_type", "Alias": "it2", "Startup Cost": 0.15, "Total Cost": 1.27, "Plan Rows": 1, "Plan Width": 4, "Recheck Cond": "(id = mi.info_type_id)", "Filter": "((info)::text = 'release dates'::text)", "Plans": [{"Node Type": "Bitmap Index Scan", "Parent Relationship": "Outer", "Parallel Aware": false, "Index Name": "info_type_pkey", "Startup Cost": 0.0, "Total Cost": 0.15, "Plan Rows": 1, "Plan Width": 0, "Index Cond": "(id = mi.info_type_id)"}]}]}]}}, {"Plan": {"Node Type": "Aggregate", "Strategy": "Plain", "Partial Mode": "Finalize", "Parallel Aware": false, "Startup Cost": 323131.71, "Total Cost": 323131.72, "Plan Rows": 1, "Plan Width": 96, "Plans": [{"Node Type": "Gather", "Parent Relationship": "Outer", "Parallel Aware": false, "Startup Cost": 323131.59, "Total Cost": 323131.7, "Plan Rows": 1, "Plan Width": 96, "Workers Planned": 1, "Single Copy": false, "Plans": [{"Node Type": "Aggregate", "Strategy": "Plain", "Partial Mode": "Partial", "Parent Relationship": "Outer", "Parallel Aware": false, "Startup Cost": 322131.59, "Total Cost": 322131.6, "Plan Rows": 1, "Plan Width": 96, "Plans": [{"Node Type": "Hash Join", "Parent Relationship": "Outer", "Parallel Aware": true, "Join Type": "Inner", "Startup Cost": 317219.43, "Total Cost": 322131.58, "Plan Rows": 1, "Plan Width": 41, "Inner Unique": false, "Hash Cond": "(cn.id = mc.company_id)", "Plans": [{"Node Type": "Seq Scan", "Parent Relationship": "Outer", "Parallel Aware": true, "Relation Name": "company_name", "Alias": "cn", "Startup Cost": 0.0, "Total Cost": 4722.92, "Plan Rows": 50460, "Plan Width": 23, "Filter": "((country_code)::text = '[us]'::text)"}, {"Node Type": "Hash", "Parent Relationship": "Inner", "Parallel Aware": true, "Startup Cost": 317219.42, "Total Cost": 317219.42, "Plan Rows": 1, "Plan Width": 26, "Plans": [{"Node Type": "Hash Join", "Parent Relationship": "Outer", "Parallel Aware": true, "Join Type": "Inner", "Startup Cost": 287772.55, "Total Cost": 317219.42, "Plan Rows": 1, "Plan Width": 26, "Inner Unique": false, "Hash Cond": "(mc.movie_id = mi.movie_id)", "Plans": [{"Node Type": "Hash Join", "Parent Relationship": "Outer", "Parallel Aware": false, "Join Type": "Inner", "Startup Cost": 18.93, "Total Cost": 29448.0, "Plan Rows": 4742, "Plan Width": 8, "Inner Unique": true, "Hash Cond": "(mc.company_type_id = ct.id)", "Plans": [{"Node Type": "Seq Scan", "Parent Relationship": "Outer", "Parallel Aware": true, "Relation Name": "movie_companies", "Alias": "mc", "Startup Cost": 0.0, "Total Cost": 27206.55, "Plan Rows": 841655, "Plan Width": 12}, {"Node Type": "Hash", "Parent Relationship": "Inner", "Parallel Aware": false, "Startup Cost": 18.88, "Total Cost": 18.88, "Plan Rows": 4, "Plan Width": 4, "Plans": [{"Node Type": "Seq Scan", "Parent Relationship": "Outer", "Parallel Aware": false, "Relation Name": "company_type", "Alias": "ct", "Startup Cost": 0.0, "Total Cost": 18.88, "Plan Rows": 4, "Plan Width": 4, "Filter": "((kind)::text = 'production companies'::text)"}]}]}, {"Node Type": "Hash", "Parent Relationship": "Inner", "Parallel Aware": true, "Startup Cost": 287753.61, "Total Cost": 287753.61, "Plan Rows": 1, "Plan Width": 34, "Plans": [{"Node Type": "Hash Join", "Parent Relationship": "Outer", "Parallel Aware": true, "Join Type": "Inner", "Startup Cost": 272483.34, "Total Cost": 287753.61, "Plan Rows": 1, "Plan Width": 34, "Inner Unique": false, "Hash Cond": "(miidx.movie_id = mi.movie_id)", "Plans": [{"Node Type": "Hash Join", "Parent Relationship": "Outer", "Parallel Aware": false, "Join Type": "Inner", "Startup Cost": 2.43, "Total Cost": 15253.6, "Plan Rows": 5089, "Plan Width": 9, "Inner Unique": true, "Hash Cond": "(miidx.info_type_id = it.id)", "Plans": [{"Node Type": "Seq Scan", "Parent Relationship": "Outer", "Parallel Aware": true, "Relation Name": "movie_info_idx", "Alias": "miidx", "Startup Cost": 0.0, "Total Cost": 13685.15, "Plan Rows": 575015, "Plan Width": 13}, {"Node Type": "Hash", "Parent Relationship": "Inner", "Parallel Aware": false, "Startup Cost": 2.41, "Total Cost": 2.41, "Plan Rows": 1, "Plan Width": 4, "Plans": [{"Node Type": "Seq Scan", "Parent Relationship": "Outer", "Parallel Aware": false, "Relation Name": "info_type", "Alias": "it", "Startup Cost": 0.0, "Total Cost": 2.41, "Plan Rows": 1, "Plan Width": 4, "Filter": "((info)::text = 'rating'::text)"}]}]}, {"Node Type": "Hash", "Parent Relationship": "Inner", "Parallel Aware": true, "Startup Cost": 272480.91, "Total Cost": 272480.91, "Plan Rows": 1, "Plan Width": 25, "Plans": [{"Node Type": "Hash Join", "Parent Relationship": "Outer", "Parallel Aware": false, "Join Type": "Inner", "Startup Cost": 50297.22, "Total Cost": 272480.91, "Plan Rows": 1, "Plan Width": 25, "Inner Unique": true, "Hash Cond": "(mi.info_type_id = it2.id)", "Plans": [{"Node Type": "Hash Join", "Parent Relationship": "Outer", "Parallel Aware": false, "Join Type": "Inner", "Startup Cost": 50294.8, "Total Cost": 272478.47, "Plan Rows": 4, "Plan Width": 29, "Inner Unique": true, "Hash Cond": "(t.kind_id = kt.id)", "Plans": [{"Node Type": "Hash Join", "Parent Relationship": "Outer", "Parallel Aware": true, "Join Type": "Inner", "Startup Cost": 50271.99, "Total Cost": 272453.32, "Plan Rows": 886, "Plan Width": 33, "Inner Unique": true, "Hash Cond": "(mi.movie_id = t.id)", "Plans": [{"Node Type": "Seq Scan", "Parent Relationship": "Outer", "Parallel Aware": true, "Relation Name": "movie_info", "Alias": "mi", "Startup Cost": 0.0, "Total Cost": 209666.91, "Plan Rows": 4767391, "Plan Width": 8}, {"Node Type": "Hash", "Parent Relationship": "Inner", "Parallel Aware": true, "Startup Cost": 50270.09, "Total Cost": 50270.09, "Plan Rows": 152, "Plan Width": 25, "Plans": [{"Node Type": "Seq Scan", "Parent Relationship": "Outer", "Parallel Aware": true, "Relation Name": "title", "Alias": "t", "Startup Cost": 0.0, "Total Cost": 50270.09, "Plan Rows": 152, "Plan Width": 25, "Filter": "((title <> ''::text) AND ((title ~~ '%Champion%'::text) OR (title ~~ '%Loser%'::text)))"}]}]}, {"Node Type": "Hash", "Parent Relationship": "Inner", "Parallel Aware": false, "Startup Cost": 22.75, "Total Cost": 22.75, "Plan Rows": 5, "Plan Width": 4, "Plans": [{"Node Type": "Seq Scan", "Parent Relationship": "Outer", "Parallel Aware": false, "Relation Name": "kind_type", "Alias": "kt", "Startup Cost": 0.0, "Total Cost": 22.75, "Plan Rows": 5, "Plan Width": 4, "Filter": "((kind)::text = 'movie'::text)"}]}]}, {"Node Type": "Hash", "Parent Relationship": "Inner", "Parallel Aware": false, "Startup Cost": 2.41, "Total Cost": 2.41, "Plan Rows": 1, "Plan Width": 4, "Plans": [{"Node Type": "Seq Scan", "Parent Relationship": "Outer", "Parallel Aware": false, "Relation Name": "info_type", "Alias": "it2", "Startup Cost": 0.0, "Total Cost": 2.41, "Plan Rows": 1, "Plan Width": 4, "Filter": "((info)::text = 'release dates'::text)"}]}]}]}]}]}]}]}]}]}]}]}}, {"Plan": {"Node Type": "Aggregate", "Strategy": "Plain", "Partial Mode": "Simple", "Parallel Aware": false, "Startup Cost": 532252.9, "Total Cost": 532252.91, "Plan Rows": 1, "Plan Width": 96, "Plans": [{"Node Type": "Merge Join", "Parent Relationship": "Outer", "Parallel Aware": false, "Join Type": "Inner", "Startup Cost": 523901.11, "Total Cost": 532252.89, "Plan Rows": 1, "Plan Width": 41, "Inner Unique": true, "Merge Cond": "(mc.company_id = cn.id)", "Plans": [{"Node Type": "Sort", "Parent Relationship": "Outer", "Parallel Aware": false, "Startup Cost": 523900.69, "Total Cost": 523900.7, "Plan Rows": 1, "Plan Width": 26, "Sort Key": ["mc.company_id"], "Plans": [{"Node Type": "Merge Join", "Parent Relationship": "Outer", "Parallel Aware": false, "Join Type": "Inner", "Startup Cost": 523869.6, "Total Cost": 523900.68, "Plan Rows": 1, "Plan Width": 26, "Inner Unique": true, "Merge Cond": "(t.kind_id = kt.id)", "Plans": [{"Node Type": "Sort", "Parent Relationship": "Outer", "Parallel Aware": false, "Startup Cost": 523869.45, "Total Cost": 523869.46, "Plan Rows": 1, "Plan Width": 30, "Sort Key": ["t.kind_id"], "Plans": [{"Node Type": "Merge Join", "Parent Relationship": "Outer", "Parallel Aware": false, "Join Type": "Inner", "Startup Cost": 450213.52, "Total Cost": 523869.44, "Plan Rows": 1, "Plan Width": 30, "Inner Unique": false, "Merge Cond": "(mi.movie_id = mc.movie_id)", "Plans": [{"Node Type": "Merge Join", "Parent Relationship": "Outer", "Parallel Aware": false, "Join Type": "Inner", "Startup Cost": 396898.63, "Total Cost": 470481.05, "Plan Rows": 1, "Plan Width": 38, "Inner Unique": true, "Merge Cond": "(mi.movie_id = t.id)", "Plans": [{"Node Type": "Gather Merge", "Parent Relationship": "Outer", "Parallel Aware": false, "Startup Cost": 395898.16, "Total Cost": 396587.28, "Plan Rows": 3456, "Plan Width": 13, "Workers Planned": 3, "Plans": [{"Node Type": "Merge Join", "Parent Relationship": "Outer", "Parallel Aware": false, "Join Type": "Inner", "Startup Cost": 394898.12, "Total Cost": 395181.16, "Plan Rows": 1115, "Plan Width": 13, "Inner Unique": false, "Merge Cond": "(mi.movie_id = miidx.movie_id)", "Plans": [{"Node Type": "Sort", "Parent Relationship": "Outer", "Parallel Aware": false, "Startup Cost": 357232.84, "Total Cost": 357338.31, "Plan Rows": 42189, "Plan Width": 4, "Sort Key": ["mi.movie_id"], "Plans": [{"Node Type": "Merge Join", "Parent Relationship": "Outer", "Parallel Aware": false, "Join Type": "Inner", "Startup Cost": 0.58, "Total Cost": 353991.76, "Plan Rows": 42189, "Plan Width": 4, "Inner Unique": true, "Merge Cond": "(mi.info_type_id = it2.id)", "Plans": [{"Node Type": "Index Scan", "Parent Relationship": "Outer", "Parallel Aware": true, "Scan Direction": "Forward", "Index Name": "info_type_id_movie_info", "Relation Name": "movie_info", "Alias": "mi", "Startup Cost": 0.43, "Total Cost": 341645.97, "Plan Rows": 4767391, "Plan Width": 8}, {"Node Type": "Index Scan", "Parent Relationship": "Inner", "Parallel Aware": false, "Scan Direction": "Forward", "Index Name": "info_type_pkey", "Relation Name": "info_type", "Alias": "it2", "Startup Cost": 0.14, "Total Cost": 5.42, "Plan Rows": 1, "Plan Width": 4, "Filter": "((info)::text = 'release dates'::text)"}]}]}, {"Node Type": "Sort", "Parent Relationship": "Inner", "Parallel Aware": false, "Startup Cost": 37665.28, "Total Cost": 37695.82, "Plan Rows": 12213, "Plan Width": 9, "Sort Key": ["miidx.movie_id"], "Plans": [{"Node Type": "Merge Join", "Parent Relationship": "Outer", "Parallel Aware": false, "Join Type": "Inner", "Startup Cost": 5.85, "Total Cost": 36836.26, "Plan Rows": 12213, "Plan Width": 9, "Inner Unique": false, "Merge Cond": "(it.id = miidx.info_type_id)", "Plans": [{"Node Type": "Index Scan", "Parent Relationship": "Outer", "Parallel Aware": false, "Scan Direction": "Forward", "Index Name": "info_type_pkey", "Relation Name": "info_type", "Alias": "it", "Startup Cost": 0.14, "Total Cost": 5.42, "Plan Rows": 1, "Plan Width": 4, "Filter": "((info)::text = 'rating'::text)"}, {"Node Type": "Index Scan", "Parent Relationship": "Inner", "Parallel Aware": false, "Scan Direction": "Forward", "Index Name": "info_type_id_movie_info_idx", "Relation Name": "movie_info_idx", "Alias": "miidx", "Startup Cost": 0.43, "Total Cost": 33258.62, "Plan Rows": 1380035, "Plan Width": 13}]}]}]}]}, {"Node Type": "Gather Merge", "Parent Relationship": "Inner", "Parallel Aware": false, "Startup Cost": 1000.47, "Total Cost": 73883.94, "Plan Rows": 470, "Plan Width": 25, "Workers Planned": 3, "Plans": [{"Node Type": "Index Scan", "Parent Relationship": "Outer", "Parallel Aware": true, "Scan Direction": "Forward", "Index Name": "title_pkey", "Relation Name": "title", "Alias": "t", "Startup Cost": 0.43, "Total Cost": 72828.68, "Plan Rows": 152, "Plan Width": 25, "Filter": "((title <> ''::text) AND ((title ~~ '%Champion%'::text) OR (title ~~ '%Loser%'::text)))"}]}]}, {"Node Type": "Sort", "Parent Relationship": "Inner", "Parallel Aware": false, "Startup Cost": 53314.89, "Total Cost": 53351.63, "Plan Rows": 14699, "Plan Width": 8, "Sort Key": ["mc.movie_id"], "Plans": [{"Node Type": "Gather", "Parent Relationship": "Outer", "Parallel Aware": false, "Startup Cost": 1000.58, "Total Cost": 52297.46, "Plan Rows": 14699, "Plan Width": 8, "Workers Planned": 3, "Single Copy": false, "Plans": [{"Node Type": "Merge Join", "Parent Relationship": "Outer", "Parallel Aware": false, "Join Type": "Inner", "Startup Cost": 0.58, "Total Cost": 49827.56, "Plan Rows": 4742, "Plan Width": 8, "Inner Unique": true, "Merge Cond": "(mc.company_type_id = ct.id)", "Plans": [{"Node Type": "Index Scan", "Parent Relationship": "Outer", "Parallel Aware": true, "Scan Direction": "Forward", "Index Name": "company_type_id_movie_companies", "Relation Name": "movie_companies", "Alias": "mc", "Startup Cost": 0.43, "Total Cost": 47650.22, "Plan Rows": 841655, "Plan Width": 12}, {"Node Type": "Index Scan", "Parent Relationship": "Inner", "Parallel Aware": false, "Scan Direction": "Forward", "Index Name": "company_type_pkey", "Relation Name": "company_type", "Alias": "ct", "Startup Cost": 0.15, "Total Cost": 25.77, "Plan Rows": 4, "Plan Width": 4, "Filter": "((kind)::text = 'production companies'::text)"}]}]}]}]}]}, {"Node Type": "Index Scan", "Parent Relationship": "Inner", "Parallel Aware": false, "Scan Direction": "Forward", "Index Name": "kind_type_pkey", "Relation Name": "kind_type", "Alias": "kt", "Startup Cost": 0.15, "Total Cost": 31.2, "Plan Rows": 5, "Plan Width": 4, "Filter": "((kind)::text = 'movie'::text)"}]}]}, {"Node Type": "Index Scan", "Parent Relationship": "Inner", "Parallel Aware": false, "Scan Direction": "Forward", "Index Name": "company_name_pkey", "Relation Name": "company_name", "Alias": "cn", "Startup Cost": 0.42, "Total Cost": 8139.96, "Plan Rows": 85782, "Plan Width": 23, "Filter": "((country_code)::text = '[us]'::text)"}]}]}}, {"Plan": {"Node Type": "Aggregate", "Strategy": "Plain", "Partial Mode": "Simple", "Parallel Aware": false, "Startup Cost": 22286.2, "Total Cost": 22286.21, "Plan Rows": 1, "Plan Width": 96, "Plans": [{"Node Type": "Nested Loop", "Parent Relationship": "Outer", "Parallel Aware": false, "Join Type": "Inner", "Startup Cost": 2.73, "Total Cost": 22286.2, "Plan Rows": 1, "Plan Width": 41, "Inner Unique": true, "Plans": [{"Node Type": "Nested Loop", "Parent Relationship": "Outer", "Parallel Aware": false, "Join Type": "Inner", "Startup Cost": 2.58, "Total Cost": 22286.01, "Plan Rows": 1, "Plan Width": 45, "Inner Unique": false, "Join Filter": "(t.id = mi.movie_id)", "Plans": [{"Node Type": "Nested Loop", "Parent Relationship": "Outer", "Parallel Aware": false, "Join Type": "Inner", "Startup Cost": 2.15, "Total Cost": 22284.26, "Plan Rows": 1, "Plan Width": 53, "Inner Unique": true, "Plans": [{"Node Type": "Nested Loop", "Parent Relationship": "Outer", "Parallel Aware": false, "Join Type": "Inner", "Startup Cost": 2.0, "Total Cost": 22284.08, "Plan Rows": 1, "Plan Width": 57, "Inner Unique": true, "Plans": [{"Node Type": "Nested Loop", "Parent Relationship": "Outer", "Parallel Aware": false, "Join Type": "Inner", "Startup Cost": 1.58, "Total Cost": 22283.64, "Plan Rows": 1, "Plan Width": 42, "Inner Unique": false, "Join Filter": "(t.id = mc.movie_id)", "Plans": [{"Node Type": "Nested Loop", "Parent Relationship": "Outer", "Parallel Aware": false, "Join Type": "Inner", "Startup Cost": 1.15, "Total Cost": 22283.04, "Plan Rows": 1, "Plan Width": 30, "Inner Unique": true, "Plans": [{"Node Type": "Nested Loop", "Parent Relationship": "Outer", "Parallel Aware": false, "Join Type": "Inner", "Startup Cost": 1.0, "Total Cost": 22282.62, "Plan Rows": 2, "Plan Width": 34, "Inner Unique": true, "Plans": [{"Node Type": "Nested Loop", "Parent Relationship": "Outer", "Parallel Aware": false, "Join Type": "Inner", "Startup Cost": 0.57, "Total Cost": 16287.63, "Plan Rows": 12213, "Plan Width": 9, "Inner Unique": false, "Plans": [{"Node Type": "Index Scan", "Parent Relationship": "Outer", "Parallel Aware": false, "Scan Direction": "Forward", "Index Name": "info_type_pkey", "Relation Name": "info_type", "Alias": "it", "Startup Cost": 0.14, "Total Cost": 5.42, "Plan Rows": 1, "Plan Width": 4, "Filter": "((info)::text = 'rating'::text)"}, {"Node Type": "Index Scan", "Parent Relationship": "Inner", "Parallel Aware": false, "Scan Direction": "Forward", "Index Name": "info_type_id_movie_info_idx", "Relation Name": "movie_info_idx", "Alias": "miidx", "Startup Cost": 0.43, "Total Cost": 13522.14, "Plan Rows": 276007, "Plan Width": 13, "Index Cond": "(info_type_id = it.id)"}]}, {"Node Type": "Index Scan", "Parent Relationship": "Inner", "Parallel Aware": false, "Scan Direction": "Forward", "Index Name": "title_pkey", "Relation Name": "title", "Alias": "t", "Startup Cost": 0.43, "Total Cost": 0.49, "Plan Rows": 1, "Plan Width": 25, "Index Cond": "(id = miidx.movie_id)", "Filter": "((title <> ''::text) AND ((title ~~ '%Champion%'::text) OR (title ~~ '%Loser%'::text)))"}]}, {"Node Type": "Index Scan", "Parent Relationship": "Inner", "Parallel Aware": false, "Scan Direction": "Forward", "Index Name": "kind_type_pkey", "Relation Name": "kind_type", "Alias": "kt", "Startup Cost": 0.15, "Total Cost": 0.2, "Plan Rows": 1, "Plan Width": 4, "Index Cond": "(id = t.kind_id)", "Filter": "((kind)::text = 'movie'::text)"}]}, {"Node Type": "Index Scan", "Parent Relationship": "Inner", "Parallel Aware": false, "Scan Direction": "Forward", "Index Name": "movie_id_movie_companies", "Relation Name": "movie_companies", "Alias": "mc", "Startup Cost": 0.43, "Total Cost": 0.54, "Plan Rows": 5, "Plan Width": 12, "Index Cond": "(movie_id = miidx.movie_id)"}]}, {"Node Type": "Index Scan", "Parent Relationship": "Inner", "Parallel Aware": false, "Scan Direction": "Forward", "Index Name": "company_name_pkey", "Relation Name": "company_name", "Alias": "cn", "Startup Cost": 0.42, "Total Cost": 0.44, "Plan Rows": 1, "Plan Width": 23, "Index Cond": "(id = mc.company_id)", "Filter": "((country_code)::text = '[us]'::text)"}]}, {"Node Type": "Index Scan", "Parent Relationship": "Inner", "Parallel Aware": false, "Scan Direction": "Forward", "Index Name": "company_type_pkey", "Relation Name": "company_type", "Alias": "ct", "Startup Cost": 0.15, "Total Cost": 0.17, "Plan Rows": 1, "Plan Width": 4, "Index Cond": "(id = mc.company_type_id)", "Filter": "((kind)::text = 'production companies'::text)"}]}, {"Node Type": "Index Scan", "Parent Relationship": "Inner", "Parallel Aware": false, "Scan Direction": "Forward", "Index Name": "movie_id_movie_info", "Relation Name": "movie_info", "Alias": "mi", "Startup Cost": 0.43, "Total Cost": 1.24, "Plan Rows": 41, "Plan Width": 8, "Index Cond": "(movie_id = mc.movie_id)"}]}, {"Node Type": "Index Scan", "Parent Relationship": "Inner", "Parallel Aware": false, "Scan Direction": "Forward", "Index Name": "info_type_pkey", "Relation Name": "info_type", "Alias": "it2", "Startup Cost": 0.14, "Total Cost": 0.16, "Plan Rows": 1, "Plan Width": 4, "Index Cond": "(id = mi.info_type_id)", "Filter": "((info)::text = 'release dates'::text)"}]}]}}, {"Plan": {"Node Type": "Aggregate", "Strategy": "Plain", "Partial Mode": "Simple", "Parallel Aware": false, "Startup Cost": 22326.68, "Total Cost": 22326.69, "Plan Rows": 1, "Plan Width": 96, "Plans": [{"Node Type": "Nested Loop", "Parent Relationship": "Outer", "Parallel Aware": false, "Join Type": "Inner", "Startup Cost": 2.14, "Total Cost": 22326.67, "Plan Rows": 1, "Plan Width": 41, "Inner Unique": true, "Join Filter": "(mi.info_type_id = it2.id)", "Plans": [{"Node Type": "Nested Loop", "Parent Relationship": "Outer", "Parallel Aware": false, "Join Type": "Inner", "Startup Cost": 2.14, "Total Cost": 22324.25, "Plan Rows": 1, "Plan Width": 45, "Inner Unique": false, "Join Filter": "(t.id = mi.movie_id)", "Plans": [{"Node Type": "Nested Loop", "Parent Relationship": "Outer", "Parallel Aware": false, "Join Type": "Inner", "Startup Cost": 1.71, "Total Cost": 22322.49, "Plan Rows": 1, "Plan Width": 53, "Inner Unique": true, "Join Filter": "(mc.company_type_id = ct.id)", "Plans": [{"Node Type": "Nested Loop", "Parent Relationship": "Outer", "Parallel Aware": false, "Join Type": "Inner", "Startup Cost": 1.71, "Total Cost": 22303.57, "Plan Rows": 1, "Plan Width": 57, "Inner Unique": true, "Plans": [{"Node Type": "Nested Loop", "Parent Relationship": "Outer", "Parallel Aware": false, "Join Type": "Inner", "Startup Cost": 1.29, "Total Cost": 22303.12, "Plan Rows": 1, "Plan Width": 42, "Inner Unique": false, "Join Filter": "(t.id = mc.movie_id)", "Plans": [{"Node Type": "Nested Loop", "Parent Relationship": "Outer", "Parallel Aware": false, "Join Type": "Inner", "Startup Cost": 0.86, "Total Cost": 22302.52, "Plan Rows": 1, "Plan Width": 30, "Inner Unique": false, "Join Filter": "(t.kind_id = kt.id)", "Plans": [{"Node Type": "Seq Scan", "Parent Relationship": "Outer", "Parallel Aware": false, "Relation Name": "kind_type", "Alias": "kt", "Startup Cost": 0.0, "Total Cost": 22.75, "Plan Rows": 5, "Plan Width": 4, "Filter": "((kind)::text = 'movie'::text)"}, {"Node Type": "Materialize", "Parent Relationship": "Inner", "Parallel Aware": false, "Startup Cost": 0.86, "Total Cost": 22279.63, "Plan Rows": 2, "Plan Width": 34, "Plans": [{"Node Type": "Nested Loop", "Parent Relationship": "Outer", "Parallel Aware": false, "Join Type": "Inner", "Startup Cost": 0.86, "Total Cost": 22279.62, "Plan Rows": 2, "Plan Width": 34, "Inner Unique": true, "Plans": [{"Node Type": "Nested Loop", "Parent Relationship": "Outer", "Parallel Aware": false, "Join Type": "Inner", "Startup Cost": 0.43, "Total Cost": 16284.63, "Plan Rows": 12213, "Plan Width": 9, "Inner Unique": false, "Plans": [{"Node Type": "Seq Scan", "Parent Relationship": "Outer", "Parallel Aware": false, "Relation Name": "info_type", "Alias": "it", "Startup Cost": 0.0, "Total Cost": 2.41, "Plan Rows": 1, "Plan Width": 4, "Filter": "((info)::text = 'rating'::text)"}, {"Node Type": "Index Scan", "Parent Relationship": "Inner", "Parallel Aware": false, "Scan Direction": "Forward", "Index Name": "info_type_id_movie_info_idx", "Relation Name": "movie_info_idx", "Alias": "miidx", "Startup Cost": 0.43, "Total Cost": 13522.14, "Plan Rows": 276007, "Plan Width": 13, "Index Cond": "(info_type_id = it.id)"}]}, {"Node Type": "Index Scan", "Parent Relationship": "Inner", "Parallel Aware": false, "Scan Direction": "Forward", "Index Name": "title_pkey", "Relation Name": "title", "Alias": "t", "Startup Cost": 0.43, "Total Cost": 0.49, "Plan Rows": 1, "Plan Width": 25, "Index Cond": "(id = miidx.movie_id)", "Filter": "((title <> ''::text) AND ((title ~~ '%Champion%'::text) OR (title ~~ '%Loser%'::text)))"}]}]}]}, {"Node Type": "Index Scan", "Parent Relationship": "Inner", "Parallel Aware": false, "Scan Direction": "Forward", "Index Name": "movie_id_movie_companies", "Relation Name": "movie_companies", "Alias": "mc", "Startup Cost": 0.43, "Total Cost": 0.54, "Plan Rows": 5, "Plan Width": 12, "Index Cond": "(movie_id = miidx.movie_id)"}]}, {"Node Type": "Index Scan", "Parent Relationship": "Inner", "Parallel Aware": false, "Scan Direction": "Forward", "Index Name": "company_name_pkey", "Relation Name": "company_name", "Alias": "cn", "Startup Cost": 0.42, "Total Cost": 0.44, "Plan Rows": 1, "Plan Width": 23, "Index Cond": "(id = mc.company_id)", "Filter": "((country_code)::text = '[us]'::text)"}]}, {"Node Type": "Seq Scan", "Parent Relationship": "Inner", "Parallel Aware": false, "Relation Name": "company_type", "Alias": "ct", "Startup Cost": 0.0, "Total Cost": 18.88, "Plan Rows": 4, "Plan Width": 4, "Filter": "((kind)::text = 'production companies'::text)"}]}, {"Node Type": "Index Scan", "Parent Relationship": "Inner", "Parallel Aware": false, "Scan Direction": "Forward", "Index Name": "movie_id_movie_info", "Relation Name": "movie_info", "Alias": "mi", "Startup Cost": 0.43, "Total Cost": 1.24, "Plan Rows": 41, "Plan Width": 8, "Index Cond": "(movie_id = mc.movie_id)"}]}, {"Node Type": "Seq Scan", "Parent Relationship": "Inner", "Parallel Aware": false, "Relation Name": "info_type", "Alias": "it2", "Startup Cost": 0.0, "Total Cost": 2.41, "Plan Rows": 1, "Plan Width": 4, "Filter": "((info)::text = 'release dates'::text)"}]}]}}, {"Plan": {"Node Type": "Aggregate", "Strategy": "Plain", "Partial Mode": "Simple", "Parallel Aware": false, "Startup Cost": 509623.12, "Total Cost": 509623.13, "Plan Rows": 1, "Plan Width": 96, "Plans": [{"Node Type": "Merge Join", "Parent Relationship": "Outer", "Parallel Aware": false, "Join Type": "Inner", "Startup Cost": 501271.34, "Total Cost": 509623.11, "Plan Rows": 1, "Plan Width": 41, "Inner Unique": false, "Merge Cond": "(cn.id = mc.company_id)", "Plans": [{"Node Type": "Index Scan", "Parent Relationship": "Outer", "Parallel Aware": false, "Scan Direction": "Forward", "Index Name": "company_name_pkey", "Relation Name": "company_name", "Alias": "cn", "Startup Cost": 0.42, "Total Cost": 8139.96, "Plan Rows": 85782, "Plan Width": 23, "Filter": "((country_code)::text = '[us]'::text)"}, {"Node Type": "Sort", "Parent Relationship": "Inner", "Parallel Aware": false, "Startup Cost": 501270.92, "Total Cost": 501270.92, "Plan Rows": 1, "Plan Width": 26, "Sort Key": ["mc.company_id"], "Plans": [{"Node Type": "Merge Join", "Parent Relationship": "Outer", "Parallel Aware": false, "Join Type": "Inner", "Startup Cost": 500499.62, "Total Cost": 501270.91, "Plan Rows": 1, "Plan Width": 26, "Inner Unique": false, "Merge Cond": "(mi.movie_id = mc.movie_id)", "Plans": [{"Node Type": "Merge Join", "Parent Relationship": "Outer", "Parallel Aware": false, "Join Type": "Inner", "Startup Cost": 447191.58, "Total Cost": 447889.36, "Plan Rows": 1, "Plan Width": 34, "Inner Unique": false, "Merge Cond": "(mi.movie_id = t.id)", "Plans": [{"Node Type": "Gather Merge", "Parent Relationship": "Outer", "Parallel Aware": false, "Startup Cost": 395892.18, "Total Cost": 396581.3, "Plan Rows": 3456, "Plan Width": 13, "Workers Planned": 3, "Plans": [{"Node Type": "Merge Join", "Parent Relationship": "Outer", "Parallel Aware": false, "Join Type": "Inner", "Startup Cost": 394892.14, "Total Cost": 395175.18, "Plan Rows": 1115, "Plan Width": 13, "Inner Unique": false, "Merge Cond": "(mi.movie_id = miidx.movie_id)", "Plans": [{"Node Type": "Sort", "Parent Relationship": "Outer", "Parallel Aware": false, "Startup Cost": 357229.85, "Total Cost": 357335.32, "Plan Rows": 42189, "Plan Width": 4, "Sort Key": ["mi.movie_id"], "Plans": [{"Node Type": "Merge Join", "Parent Relationship": "Outer", "Parallel Aware": false, "Join Type": "Inner", "Startup Cost": 2.86, "Total Cost": 353988.76, "Plan Rows": 42189, "Plan Width": 4, "Inner Unique": true, "Merge Cond": "(mi.info_type_id = it2.id)", "Plans": [{"Node Type": "Index Scan", "Parent Relationship": "Outer", "Parallel Aware": true, "Scan Direction": "Forward", "Index Name": "info_type_id_movie_info", "Relation Name": "movie_info", "Alias": "mi", "Startup Cost": 0.43, "Total Cost": 341645.97, "Plan Rows": 4767391, "Plan Width": 8}, {"Node Type": "Sort", "Parent Relationship": "Inner", "Parallel Aware": false, "Startup Cost": 2.42, "Total Cost": 2.43, "Plan Rows": 1, "Plan Width": 4, "Sort Key": ["it2.id"], "Plans": [{"Node Type": "Seq Scan", "Parent Relationship": "Outer", "Parallel Aware": false, "Relation Name": "info_type", "Alias": "it2", "Startup Cost": 0.0, "Total Cost": 2.41, "Plan Rows": 1, "Plan Width": 4, "Filter": "((info)::text = 'release dates'::text)"}]}]}]}, {"Node Type": "Sort", "Parent Relationship": "Inner", "Parallel Aware": false, "Startup Cost": 37662.29, "Total Cost": 37692.82, "Plan Rows": 12213, "Plan Width": 9, "Sort Key": ["miidx.movie_id"], "Plans": [{"Node Type": "Merge Join", "Parent Relationship": "Outer", "Parallel Aware": false, "Join Type": "Inner", "Startup Cost": 2.86, "Total Cost": 36833.27, "Plan Rows": 12213, "Plan Width": 9, "Inner Unique": true, "Merge Cond": "(miidx.info_type_id = it.id)", "Plans": [{"Node Type": "Index Scan", "Parent Relationship": "Outer", "Parallel Aware": false, "Scan Direction": "Forward", "Index Name": "info_type_id_movie_info_idx", "Relation Name": "movie_info_idx", "Alias": "miidx", "Startup Cost": 0.43, "Total Cost": 33258.62, "Plan Rows": 1380035, "Plan Width": 13}, {"Node Type": "Sort", "Parent Relationship": "Inner", "Parallel Aware": false, "Startup Cost": 2.42, "Total Cost": 2.43, "Plan Rows": 1, "Plan Width": 4, "Sort Key": ["it.id"], "Plans": [{"Node Type": "Seq Scan", "Parent Relationship": "Outer", "Parallel Aware": false, "Relation Name": "info_type", "Alias": "it", "Startup Cost": 0.0, "Total Cost": 2.41, "Plan Rows": 1, "Plan Width": 4, "Filter": "((info)::text = 'rating'::text)"}]}]}]}]}]}, {"Node Type": "Sort", "Parent Relationship": "Inner", "Parallel Aware": false, "Startup Cost": 51299.41, "Total Cost": 51299.41, "Plan Rows": 2, "Plan Width": 21, "Sort Key": ["t.id"], "Plans": [{"Node Type": "Gather", "Parent Relationship": "Outer", "Parallel Aware": false, "Startup Cost": 51298.4, "Total Cost": 51299.4, "Plan Rows": 2, "Plan Width": 21, "Workers Planned": 3, "Single Copy": false, "Plans": [{"Node Type": "Merge Join", "Parent Relationship": "Outer", "Parallel Aware": false, "Join Type": "Inner", "Startup Cost": 50298.4, "Total Cost": 50299.2, "Plan Rows": 1, "Plan Width": 21, "Inner Unique": true, "Merge Cond": "(t.kind_id = kt.id)", "Plans": [{"Node Type": "Sort", "Parent Relationship": "Outer", "Parallel Aware": false, "Startup Cost": 50275.59, "Total Cost": 50275.97, "Plan Rows": 152, "Plan Width": 25, "Sort Key": ["t.kind_id"], "Plans": [{"Node Type": "Seq Scan", "Parent Relationship": "Outer", "Parallel Aware": true, "Relation Name": "title", "Alias": "t", "Startup Cost": 0.0, "Total Cost": 50270.09, "Plan Rows": 152, "Plan Width": 25, "Filter": "((title <> ''::text) AND ((title ~~ '%Champion%'::text) OR (title ~~ '%Loser%'::text)))"}]}, {"Node Type": "Sort", "Parent Relationship": "Inner", "Parallel Aware": false, "Startup Cost": 22.81, "Total Cost": 22.82, "Plan Rows": 5, "Plan Width": 4, "Sort Key": ["kt.id"], "Plans": [{"Node Type": "Seq Scan", "Parent Relationship": "Outer", "Parallel Aware": false, "Relation Name": "kind_type", "Alias": "kt", "Startup Cost": 0.0, "Total Cost": 22.75, "Plan Rows": 5, "Plan Width": 4, "Filter": "((kind)::text = 'movie'::text)"}]}]}]}]}]}, {"Node Type": "Sort", "Parent Relationship": "Inner", "Parallel Aware": false, "Startup Cost": 53308.04, "Total Cost": 53344.78, "Plan Rows": 14699, "Plan Width": 8, "Sort Key": ["mc.movie_id"], "Plans": [{"Node Type": "Gather", "Parent Relationship": "Outer", "Parallel Aware": false, "Startup Cost": 1019.35, "Total Cost": 52290.61, "Plan Rows": 14699, "Plan Width": 8, "Workers Planned": 3, "Single Copy": false, "Plans": [{"Node Type": "Merge Join", "Parent Relationship": "Outer", "Parallel Aware": false, "Join Type": "Inner", "Startup Cost": 19.34, "Total Cost": 49820.71, "Plan Rows": 4742, "Plan Width": 8, "Inner Unique": true, "Merge Cond": "(mc.company_type_id = ct.id)", "Plans": [{"Node Type": "Index Scan", "Parent Relationship": "Outer", "Parallel Aware": true, "Scan Direction": "Forward", "Index Name": "company_type_id_movie_companies", "Relation Name": "movie_companies", "Alias": "mc", "Startup Cost": 0.43, "Total Cost": 47650.22, "Plan Rows": 841655, "Plan Width": 12}, {"Node Type": "Sort", "Parent Relationship": "Inner", "Parallel Aware": false, "Startup Cost": 18.91, "Total Cost": 18.93, "Plan Rows": 4, "Plan Width": 4, "Sort Key": ["ct.id"], "Plans": [{"Node Type": "Seq Scan", "Parent Relationship": "Outer", "Parallel Aware": false, "Relation Name": "company_type", "Alias": "ct", "Startup Cost": 0.0, "Total Cost": 18.88, "Plan Rows": 4, "Plan Width": 4, "Filter": "((kind)::text = 'production companies'::text)"}]}]}]}]}]}]}]}]}}, {"Plan": {"Node Type": "Aggregate", "Strategy": "Plain", "Partial Mode": "Simple", "Parallel Aware": false, "Startup Cost": 22286.2, "Total Cost": 22286.21, "Plan Rows": 1, "Plan Width": 96, "Plans": [{"Node Type": "Nested Loop", "Parent Relationship": "Outer", "Parallel Aware": false, "Join Type": "Inner", "Startup Cost": 2.73, "Total Cost": 22286.2, "Plan Rows": 1, "Plan Width": 41, "Inner Unique": true, "Plans": [{"Node Type": "Nested Loop", "Parent Relationship": "Outer", "Parallel Aware": false, "Join Type": "Inner", "Startup Cost": 2.58, "Total Cost": 22286.01, "Plan Rows": 1, "Plan Width": 45, "Inner Unique": false, "Join Filter": "(t.id = mi.movie_id)", "Plans": [{"Node Type": "Nested Loop", "Parent Relationship": "Outer", "Parallel Aware": false, "Join Type": "Inner", "Startup Cost": 2.15, "Total Cost": 22284.26, "Plan Rows": 1, "Plan Width": 53, "Inner Unique": true, "Plans": [{"Node Type": "Nested Loop", "Parent Relationship": "Outer", "Parallel Aware": false, "Join Type": "Inner", "Startup Cost": 2.0, "Total Cost": 22284.08, "Plan Rows": 1, "Plan Width": 57, "Inner Unique": true, "Plans": [{"Node Type": "Nested Loop", "Parent Relationship": "Outer", "Parallel Aware": false, "Join Type": "Inner", "Startup Cost": 1.58, "Total Cost": 22283.64, "Plan Rows": 1, "Plan Width": 42, "Inner Unique": false, "Join Filter": "(t.id = mc.movie_id)", "Plans": [{"Node Type": "Nested Loop", "Parent Relationship": "Outer", "Parallel Aware": false, "Join Type": "Inner", "Startup Cost": 1.15, "Total Cost": 22283.04, "Plan Rows": 1, "Plan Width": 30, "Inner Unique": true, "Plans": [{"Node Type": "Nested Loop", "Parent Relationship": "Outer", "Parallel Aware": false, "Join Type": "Inner", "Startup Cost": 1.0, "Total Cost": 22282.62, "Plan Rows": 2, "Plan Width": 34, "Inner Unique": true, "Plans": [{"Node Type": "Nested Loop", "Parent Relationship": "Outer", "Parallel Aware": false, "Join Type": "Inner", "Startup Cost": 0.57, "Total Cost": 16287.63, "Plan Rows": 12213, "Plan Width": 9, "Inner Unique": false, "Plans": [{"Node Type": "Index Scan", "Parent Relationship": "Outer", "Parallel Aware": false, "Scan Direction": "Forward", "Index Name": "info_type_pkey", "Relation Name": "info_type", "Alias": "it", "Startup Cost": 0.14, "Total Cost": 5.42, "Plan Rows": 1, "Plan Width": 4, "Filter": "((info)::text = 'rating'::text)"}, {"Node Type": "Index Scan", "Parent Relationship": "Inner", "Parallel Aware": false, "Scan Direction": "Forward", "Index Name": "info_type_id_movie_info_idx", "Relation Name": "movie_info_idx", "Alias": "miidx", "Startup Cost": 0.43, "Total Cost": 13522.14, "Plan Rows": 276007, "Plan Width": 13, "Index Cond": "(info_type_id = it.id)"}]}, {"Node Type": "Index Scan", "Parent Relationship": "Inner", "Parallel Aware": false, "Scan Direction": "Forward", "Index Name": "title_pkey", "Relation Name": "title", "Alias": "t", "Startup Cost": 0.43, "Total Cost": 0.49, "Plan Rows": 1, "Plan Width": 25, "Index Cond": "(id = miidx.movie_id)", "Filter": "((title <> ''::text) AND ((title ~~ '%Champion%'::text) OR (title ~~ '%Loser%'::text)))"}]}, {"Node Type": "Index Scan", "Parent Relationship": "Inner", "Parallel Aware": false, "Scan Direction": "Forward", "Index Name": "kind_type_pkey", "Relation Name": "kind_type", "Alias": "kt", "Startup Cost": 0.15, "Total Cost": 0.2, "Plan Rows": 1, "Plan Width": 4, "Index Cond": "(id = t.kind_id)", "Filter": "((kind)::text = 'movie'::text)"}]}, {"Node Type": "Index Scan", "Parent Relationship": "Inner", "Parallel Aware": false, "Scan Direction": "Forward", "Index Name": "movie_id_movie_companies", "Relation Name": "movie_companies", "Alias": "mc", "Startup Cost": 0.43, "Total Cost": 0.54, "Plan Rows": 5, "Plan Width": 12, "Index Cond": "(movie_id = miidx.movie_id)"}]}, {"Node Type": "Index Scan", "Parent Relationship": "Inner", "Parallel Aware": false, "Scan Direction": "Forward", "Index Name": "company_name_pkey", "Relation Name": "company_name", "Alias": "cn", "Startup Cost": 0.42, "Total Cost": 0.44, "Plan Rows": 1, "Plan Width": 23, "Index Cond": "(id = mc.company_id)", "Filter": "((country_code)::text = '[us]'::text)"}]}, {"Node Type": "Index Scan", "Parent Relationship": "Inner", "Parallel Aware": false, "Scan Direction": "Forward", "Index Name": "company_type_pkey", "Relation Name": "company_type", "Alias": "ct", "Startup Cost": 0.15, "Total Cost": 0.17, "Plan Rows": 1, "Plan Width": 4, "Index Cond": "(id = mc.company_type_id)", "Filter": "((kind)::text = 'production companies'::text)"}]}, {"Node Type": "Index Scan", "Parent Relationship": "Inner", "Parallel Aware": false, "Scan Direction": "Forward", "Index Name": "movie_id_movie_info", "Relation Name": "movie_info", "Alias": "mi", "Startup Cost": 0.43, "Total Cost": 1.24, "Plan Rows": 41, "Plan Width": 8, "Index Cond": "(movie_id = mc.movie_id)"}]}, {"Node Type": "Index Scan", "Parent Relationship": "Inner", "Parallel Aware": false, "Scan Direction": "Forward", "Index Name": "info_type_pkey", "Relation Name": "info_type", "Alias": "it2", "Startup Cost": 0.14, "Total Cost": 0.16, "Plan Rows": 1, "Plan Width": 4, "Index Cond": "(id = mi.info_type_id)", "Filter": "((info)::text = 'release dates'::text)"}]}]}}, {"Plan": {"Node Type": "Aggregate", "Strategy": "Plain", "Partial Mode": "Simple", "Parallel Aware": false, "Startup Cost": 22326.68, "Total Cost": 22326.69, "Plan Rows": 1, "Plan Width": 96, "Plans": [{"Node Type": "Nested Loop", "Parent Relationship": "Outer", "Parallel Aware": false, "Join Type": "Inner", "Startup Cost": 2.14, "Total Cost": 22326.67, "Plan Rows": 1, "Plan Width": 41, "Inner Unique": true, "Join Filter": "(mi.info_type_id = it2.id)", "Plans": [{"Node Type": "Nested Loop", "Parent Relationship": "Outer", "Parallel Aware": false, "Join Type": "Inner", "Startup Cost": 2.14, "Total Cost": 22324.25, "Plan Rows": 1, "Plan Width": 45, "Inner Unique": false, "Join Filter": "(t.id = mi.movie_id)", "Plans": [{"Node Type": "Nested Loop", "Parent Relationship": "Outer", "Parallel Aware": false, "Join Type": "Inner", "Startup Cost": 1.71, "Total Cost": 22322.49, "Plan Rows": 1, "Plan Width": 53, "Inner Unique": true, "Join Filter": "(mc.company_type_id = ct.id)", "Plans": [{"Node Type": "Nested Loop", "Parent Relationship": "Outer", "Parallel Aware": false, "Join Type": "Inner", "Startup Cost": 1.71, "Total Cost": 22303.57, "Plan Rows": 1, "Plan Width": 57, "Inner Unique": true, "Plans": [{"Node Type": "Nested Loop", "Parent Relationship": "Outer", "Parallel Aware": false, "Join Type": "Inner", "Startup Cost": 1.29, "Total Cost": 22303.12, "Plan Rows": 1, "Plan Width": 42, "Inner Unique": false, "Join Filter": "(t.id = mc.movie_id)", "Plans": [{"Node Type": "Nested Loop", "Parent Relationship": "Outer", "Parallel Aware": false, "Join Type": "Inner", "Startup Cost": 0.86, "Total Cost": 22302.52, "Plan Rows": 1, "Plan Width": 30, "Inner Unique": false, "Join Filter": "(t.kind_id = kt.id)", "Plans": [{"Node Type": "Seq Scan", "Parent Relationship": "Outer", "Parallel Aware": false, "Relation Name": "kind_type", "Alias": "kt", "Startup Cost": 0.0, "Total Cost": 22.75, "Plan Rows": 5, "Plan Width": 4, "Filter": "((kind)::text = 'movie'::text)"}, {"Node Type": "Materialize", "Parent Relationship": "Inner", "Parallel Aware": false, "Startup Cost": 0.86, "Total Cost": 22279.63, "Plan Rows": 2, "Plan Width": 34, "Plans": [{"Node Type": "Nested Loop", "Parent Relationship": "Outer", "Parallel Aware": false, "Join Type": "Inner", "Startup Cost": 0.86, "Total Cost": 22279.62, "Plan Rows": 2, "Plan Width": 34, "Inner Unique": true, "Plans": [{"Node Type": "Nested Loop", "Parent Relationship": "Outer", "Parallel Aware": false, "Join Type": "Inner", "Startup Cost": 0.43, "Total Cost": 16284.63, "Plan Rows": 12213, "Plan Width": 9, "Inner Unique": false, "Plans": [{"Node Type": "Seq Scan", "Parent Relationship": "Outer", "Parallel Aware": false, "Relation Name": "info_type", "Alias": "it", "Startup Cost": 0.0, "Total Cost": 2.41, "Plan Rows": 1, "Plan Width": 4, "Filter": "((info)::text = 'rating'::text)"}, {"Node Type": "Index Scan", "Parent Relationship": "Inner", "Parallel Aware": false, "Scan Direction": "Forward", "Index Name": "info_type_id_movie_info_idx", "Relation Name": "movie_info_idx", "Alias": "miidx", "Startup Cost": 0.43, "Total Cost": 13522.14, "Plan Rows": 276007, "Plan Width": 13, "Index Cond": "(info_type_id = it.id)"}]}, {"Node Type": "Index Scan", "Parent Relationship": "Inner", "Parallel Aware": false, "Scan Direction": "Forward", "Index Name": "title_pkey", "Relation Name": "title", "Alias": "t", "Startup Cost": 0.43, "Total Cost": 0.49, "Plan Rows": 1, "Plan Width": 25, "Index Cond": "(id = miidx.movie_id)", "Filter": "((title <> ''::text) AND ((title ~~ '%Champion%'::text) OR (title ~~ '%Loser%'::text)))"}]}]}]}, {"Node Type": "Index Scan", "Parent Relationship": "Inner", "Parallel Aware": false, "Scan Direction": "Forward", "Index Name": "movie_id_movie_companies", "Relation Name": "movie_companies", "Alias": "mc", "Startup Cost": 0.43, "Total Cost": 0.54, "Plan Rows": 5, "Plan Width": 12, "Index Cond": "(movie_id = miidx.movie_id)"}]}, {"Node Type": "Index Scan", "Parent Relationship": "Inner", "Parallel Aware": false, "Scan Direction": "Forward", "Index Name": "company_name_pkey", "Relation Name": "company_name", "Alias": "cn", "Startup Cost": 0.42, "Total Cost": 0.44, "Plan Rows": 1, "Plan Width": 23, "Index Cond": "(id = mc.company_id)", "Filter": "((country_code)::text = '[us]'::text)"}]}, {"Node Type": "Seq Scan", "Parent Relationship": "Inner", "Parallel Aware": false, "Relation Name": "company_type", "Alias": "ct", "Startup Cost": 0.0, "Total Cost": 18.88, "Plan Rows": 4, "Plan Width": 4, "Filter": "((kind)::text = 'production companies'::text)"}]}, {"Node Type": "Index Scan", "Parent Relationship": "Inner", "Parallel Aware": false, "Scan Direction": "Forward", "Index Name": "movie_id_movie_info", "Relation Name": "movie_info", "Alias": "mi", "Startup Cost": 0.43, "Total Cost": 1.24, "Plan Rows": 41, "Plan Width": 8, "Index Cond": "(movie_id = mc.movie_id)"}]}, {"Node Type": "Seq Scan", "Parent Relationship": "Inner", "Parallel Aware": false, "Relation Name": "info_type", "Alias": "it2", "Startup Cost": 0.0, "Total Cost": 2.41, "Plan Rows": 1, "Plan Width": 4, "Filter": "((info)::text = 'release dates'::text)"}]}]}}, {"Plan": {"Node Type": "Aggregate", "Strategy": "Plain", "Partial Mode": "Simple", "Parallel Aware": false, "Startup Cost": 90000105737.72, "Total Cost": 90000105737.73, "Plan Rows": 1, "Plan Width": 96, "Plans": [{"Node Type": "Nested Loop", "Parent Relationship": "Outer", "Parallel Aware": false, "Join Type": "Inner", "Startup Cost": 90000000004.24, "Total Cost": 90000105737.71, "Plan Rows": 1, "Plan Width": 41, "Inner Unique": true, "Plans": [{"Node Type": "Nested Loop", "Parent Relationship": "Outer", "Parallel Aware": false, "Join Type": "Inner", "Startup Cost": 80000000004.08, "Total Cost": 80000105736.06, "Plan Rows": 1, "Plan Width": 45, "Inner Unique": true, "Plans": [{"Node Type": "Nested Loop", "Parent Relationship": "Outer", "Parallel Aware": false, "Join Type": "Inner", "Startup Cost": 70000000003.93, "Total Cost": 70000105733.68, "Plan Rows": 1, "Plan Width": 49, "Inner Unique": false, "Join Filter": "(t.id = mi.movie_id)", "Plans": [{"Node Type": "Nested Loop", "Parent Relationship": "Outer", "Parallel Aware": false, "Join Type": "Inner", "Startup Cost": 60000000003.15, "Total Cost": 60000105730.78, "Plan Rows": 1, "Plan Width": 57, "Inner Unique": true, "Plans": [{"Node Type": "Nested Loop", "Parent Relationship": "Outer", "Parallel Aware": false, "Join Type": "Inner", "Startup Cost": 50000000002.73, "Total Cost": 50000105729.24, "Plan Rows": 1, "Plan Width": 42, "Inner Unique": true, "Plans": [{"Node Type": "Nested Loop", "Parent Relationship": "Outer", "Parallel Aware": false, "Join Type": "Inner", "Startup Cost": 40000000002.57, "Total Cost": 40000105713.52, "Plan Rows": 12, "Plan Width": 46, "Inner Unique": false, "Join Filter": "(t.id = mc.movie_id)", "Plans": [{"Node Type": "Nested Loop", "Parent Relationship": "Outer", "Parallel Aware": false, "Join Type": "Inner", "Startup Cost": 30000000002.09, "Total Cost": 30000105710.11, "Plan Rows": 2, "Plan Width": 34, "Inner Unique": true, "Plans": [{"Node Type": "Nested Loop", "Parent Relationship": "Outer", "Parallel Aware": false, "Join Type": "Inner", "Startup Cost": 20000000001.94, "Total Cost": 20000105384.92, "Plan Rows": 257, "Plan Width": 38, "Inner Unique": false, "Plans": [{"Node Type": "Index Scan", "Parent Relationship": "Outer", "Parallel Aware": false, "Scan Direction": "Forward", "Index Name": "kind_id_title", "Relation Name": "title", "Alias": "t", "Startup Cost": 10000000000.43, "Total Cost": 10000103094.79, "Plan Rows": 470, "Plan Width": 25, "Filter": "((title <> ''::text) AND ((title ~~ '%Champion%'::text) OR (title ~~ '%Loser%'::text)))"}, {"Node Type": "Bitmap Heap Scan", "Parent Relationship": "Inner", "Parallel Aware": false, "Relation Name": "movie_info_idx", "Alias": "miidx", "Startup Cost": 1.51, "Total Cost": 4.84, "Plan Rows": 3, "Plan Width": 13, "Recheck Cond": "(movie_id = t.id)", "Plans": [{"Node Type": "Bitmap Index Scan", "Parent Relationship": "Outer", "Parallel Aware": false, "Index Name": "movie_id_movie_info_idx", "Startup Cost": 0.0, "Total Cost": 1.51, "Plan Rows": 3, "Plan Width": 0, "Index Cond": "(movie_id = t.id)"}]}]}, {"Node Type": "Bitmap Heap Scan", "Parent Relationship": "Inner", "Parallel Aware": false, "Relation Name": "info_type", "Alias": "it", "Startup Cost": 0.15, "Total Cost": 1.27, "Plan Rows": 1, "Plan Width": 4, "Recheck Cond": "(id = miidx.info_type_id)", "Filter": "((info)::text = 'rating'::text)", "Plans": [{"Node Type": "Bitmap Index Scan", "Parent Relationship": "Outer", "Parallel Aware": false, "Index Name": "info_type_pkey", "Startup Cost": 0.0, "Total Cost": 0.15, "Plan Rows": 1, "Plan Width": 0, "Index Cond": "(id = miidx.info_type_id)"}]}]}, {"Node Type": "Bitmap Heap Scan", "Parent Relationship": "Inner", "Parallel Aware": false, "Relation Name": "movie_companies", "Alias": "mc", "Startup Cost": 0.48, "Total Cost": 1.64, "Plan Rows": 5, "Plan Width": 12, "Recheck Cond": "(movie_id = miidx.movie_id)", "Plans": [{"Node Type": "Bitmap Index Scan", "Parent Relationship": "Outer", "Parallel Aware": false, "Index Name": "movie_id_movie_companies", "Startup Cost": 0.0, "Total Cost": 0.48, "Plan Rows": 5, "Plan Width": 0, "Index Cond": "(movie_id = miidx.movie_id)"}]}]}, {"Node Type": "Bitmap Heap Scan", "Parent Relationship": "Inner", "Parallel Aware": false, "Relation Name": "company_type", "Alias": "ct", "Startup Cost": 0.16, "Total Cost": 1.27, "Plan Rows": 1, "Plan Width": 4, "Recheck Cond": "(id = mc.company_type_id)", "Filter": "((kind)::text = 'production companies'::text)", "Plans": [{"Node Type": "Bitmap Index Scan", "Parent Relationship": "Outer", "Parallel Aware": false, "Index Name": "company_type_pkey", "Startup Cost": 0.0, "Total Cost": 0.16, "Plan Rows": 1, "Plan Width": 0, "Index Cond": "(id = mc.company_type_id)"}]}]}, {"Node Type": "Bitmap Heap Scan", "Parent Relationship": "Inner", "Parallel Aware": false, "Relation Name": "company_name", "Alias": "cn", "Startup Cost": 0.43, "Total Cost": 1.54, "Plan Rows": 1, "Plan Width": 23, "Recheck Cond": "(id = mc.company_id)", "Filter": "((country_code)::text = '[us]'::text)", "Plans": [{"Node Type": "Bitmap Index Scan", "Parent Relationship": "Outer", "Parallel Aware": false, "Index Name": "company_name_pkey", "Startup Cost": 0.0, "Total Cost": 0.43, "Plan Rows": 1, "Plan Width": 0, "Index Cond": "(id = mc.company_id)"}]}]}, {"Node Type": "Bitmap Heap Scan", "Parent Relationship": "Inner", "Parallel Aware": false, "Relation Name": "movie_info", "Alias": "mi", "Startup Cost": 0.78, "Total Cost": 2.39, "Plan Rows": 41, "Plan Width": 8, "Recheck Cond": "(movie_id = mc.movie_id)", "Plans": [{"Node Type": "Bitmap Index Scan", "Parent Relationship": "Outer", "Parallel Aware": false, "Index Name": "movie_id_movie_info", "Startup Cost": 0.0, "Total Cost": 0.77, "Plan Rows": 41, "Plan Width": 0, "Index Cond": "(movie_id = mc.movie_id)"}]}]}, {"Node Type": "Bitmap Heap Scan", "Parent Relationship": "Inner", "Parallel Aware": false, "Relation Name": "info_type", "Alias": "it2", "Startup Cost": 0.15, "Total Cost": 1.27, "Plan Rows": 1, "Plan Width": 4, "Recheck Cond": "(id = mi.info_type_id)", "Filter": "((info)::text = 'release dates'::text)", "Plans": [{"Node Type": "Bitmap Index Scan", "Parent Relationship": "Outer", "Parallel Aware": false, "Index Name": "info_type_pkey", "Startup Cost": 0.0, "Total Cost": 0.15, "Plan Rows": 1, "Plan Width": 0, "Index Cond": "(id = mi.info_type_id)"}]}]}, {"Node Type": "Bitmap Heap Scan", "Parent Relationship": "Inner", "Parallel Aware": false, "Relation Name": "kind_type", "Alias": "kt", "Startup Cost": 0.16, "Total Cost": 1.28, "Plan Rows": 1, "Plan Width": 4, "Recheck Cond": "(id = t.kind_id)", "Filter": "((kind)::text = 'movie'::text)", "Plans": [{"Node Type": "Bitmap Index Scan", "Parent Relationship": "Outer", "Parallel Aware": false, "Index Name": "kind_type_pkey", "Startup Cost": 0.0, "Total Cost": 0.16, "Plan Rows": 1, "Plan Width": 0, "Index Cond": "(id = t.kind_id)"}]}]}]}}, {"Plan": {"Node Type": "Aggregate", "Strategy": "Plain", "Partial Mode": "Simple", "Parallel Aware": false, "Startup Cost": 10000105737.72, "Total Cost": 10000105737.73, "Plan Rows": 1, "Plan Width": 96, "Plans": [{"Node Type": "Nested Loop", "Parent Relationship": "Outer", "Parallel Aware": false, "Join Type": "Inner", "Startup Cost": 10000000004.24, "Total Cost": 10000105737.71, "Plan Rows": 1, "Plan Width": 41, "Inner Unique": true, "Plans": [{"Node Type": "Nested Loop", "Parent Relationship": "Outer", "Parallel Aware": false, "Join Type": "Inner", "Startup Cost": 10000000004.08, "Total Cost": 10000105736.06, "Plan Rows": 1, "Plan Width": 45, "Inner Unique": true, "Plans": [{"Node Type": "Nested Loop", "Parent Relationship": "Outer", "Parallel Aware": false, "Join Type": "Inner", "Startup Cost": 10000000003.93, "Total Cost": 10000105733.68, "Plan Rows": 1, "Plan Width": 49, "Inner Unique": false, "Join Filter": "(t.id = mi.movie_id)", "Plans": [{"Node Type": "Nested Loop", "Parent Relationship": "Outer", "Parallel Aware": false, "Join Type": "Inner", "Startup Cost": 10000000003.15, "Total Cost": 10000105730.78, "Plan Rows": 1, "Plan Width": 57, "Inner Unique": true, "Plans": [{"Node Type": "Nested Loop", "Parent Relationship": "Outer", "Parallel Aware": false, "Join Type": "Inner", "Startup Cost": 10000000002.73, "Total Cost": 10000105729.24, "Plan Rows": 1, "Plan Width": 42, "Inner Unique": true, "Plans": [{"Node Type": "Nested Loop", "Parent Relationship": "Outer", "Parallel Aware": false, "Join Type": "Inner", "Startup Cost": 10000000002.57, "Total Cost": 10000105713.52, "Plan Rows": 12, "Plan Width": 46, "Inner Unique": false, "Join Filter": "(t.id = mc.movie_id)", "Plans": [{"Node Type": "Nested Loop", "Parent Relationship": "Outer", "Parallel Aware": false, "Join Type": "Inner", "Startup Cost": 10000000002.09, "Total Cost": 10000105710.11, "Plan Rows": 2, "Plan Width": 34, "Inner Unique": true, "Plans": [{"Node Type": "Nested Loop", "Parent Relationship": "Outer", "Parallel Aware": false, "Join Type": "Inner", "Startup Cost": 10000000001.94, "Total Cost": 10000105384.92, "Plan Rows": 257, "Plan Width": 38, "Inner Unique": false, "Plans": [{"Node Type": "Index Scan", "Parent Relationship": "Outer", "Parallel Aware": false, "Scan Direction": "Forward", "Index Name": "kind_id_title", "Relation Name": "title", "Alias": "t", "Startup Cost": 10000000000.43, "Total Cost": 10000103094.79, "Plan Rows": 470, "Plan Width": 25, "Filter": "((title <> ''::text) AND ((title ~~ '%Champion%'::text) OR (title ~~ '%Loser%'::text)))"}, {"Node Type": "Bitmap Heap Scan", "Parent Relationship": "Inner", "Parallel Aware": false, "Relation Name": "movie_info_idx", "Alias": "miidx", "Startup Cost": 1.51, "Total Cost": 4.84, "Plan Rows": 3, "Plan Width": 13, "Recheck Cond": "(movie_id = t.id)", "Plans": [{"Node Type": "Bitmap Index Scan", "Parent Relationship": "Outer", "Parallel Aware": false, "Index Name": "movie_id_movie_info_idx", "Startup Cost": 0.0, "Total Cost": 1.51, "Plan Rows": 3, "Plan Width": 0, "Index Cond": "(movie_id = t.id)"}]}]}, {"Node Type": "Bitmap Heap Scan", "Parent Relationship": "Inner", "Parallel Aware": false, "Relation Name": "info_type", "Alias": "it", "Startup Cost": 0.15, "Total Cost": 1.27, "Plan Rows": 1, "Plan Width": 4, "Recheck Cond": "(id = miidx.info_type_id)", "Filter": "((info)::text = 'rating'::text)", "Plans": [{"Node Type": "Bitmap Index Scan", "Parent Relationship": "Outer", "Parallel Aware": false, "Index Name": "info_type_pkey", "Startup Cost": 0.0, "Total Cost": 0.15, "Plan Rows": 1, "Plan Width": 0, "Index Cond": "(id = miidx.info_type_id)"}]}]}, {"Node Type": "Bitmap Heap Scan", "Parent Relationship": "Inner", "Parallel Aware": false, "Relation Name": "movie_companies", "Alias": "mc", "Startup Cost": 0.48, "Total Cost": 1.64, "Plan Rows": 5, "Plan Width": 12, "Recheck Cond": "(movie_id = miidx.movie_id)", "Plans": [{"Node Type": "Bitmap Index Scan", "Parent Relationship": "Outer", "Parallel Aware": false, "Index Name": "movie_id_movie_companies", "Startup Cost": 0.0, "Total Cost": 0.48, "Plan Rows": 5, "Plan Width": 0, "Index Cond": "(movie_id = miidx.movie_id)"}]}]}, {"Node Type": "Bitmap Heap Scan", "Parent Relationship": "Inner", "Parallel Aware": false, "Relation Name": "company_type", "Alias": "ct", "Startup Cost": 0.16, "Total Cost": 1.27, "Plan Rows": 1, "Plan Width": 4, "Recheck Cond": "(id = mc.company_type_id)", "Filter": "((kind)::text = 'production companies'::text)", "Plans": [{"Node Type": "Bitmap Index Scan", "Parent Relationship": "Outer", "Parallel Aware": false, "Index Name": "company_type_pkey", "Startup Cost": 0.0, "Total Cost": 0.16, "Plan Rows": 1, "Plan Width": 0, "Index Cond": "(id = mc.company_type_id)"}]}]}, {"Node Type": "Bitmap Heap Scan", "Parent Relationship": "Inner", "Parallel Aware": false, "Relation Name": "company_name", "Alias": "cn", "Startup Cost": 0.43, "Total Cost": 1.54, "Plan Rows": 1, "Plan Width": 23, "Recheck Cond": "(id = mc.company_id)", "Filter": "((country_code)::text = '[us]'::text)", "Plans": [{"Node Type": "Bitmap Index Scan", "Parent Relationship": "Outer", "Parallel Aware": false, "Index Name": "company_name_pkey", "Startup Cost": 0.0, "Total Cost": 0.43, "Plan Rows": 1, "Plan Width": 0, "Index Cond": "(id = mc.company_id)"}]}]}, {"Node Type": "Bitmap Heap Scan", "Parent Relationship": "Inner", "Parallel Aware": false, "Relation Name": "movie_info", "Alias": "mi", "Startup Cost": 0.78, "Total Cost": 2.39, "Plan Rows": 41, "Plan Width": 8, "Recheck Cond": "(movie_id = mc.movie_id)", "Plans": [{"Node Type": "Bitmap Index Scan", "Parent Relationship": "Outer", "Parallel Aware": false, "Index Name": "movie_id_movie_info", "Startup Cost": 0.0, "Total Cost": 0.77, "Plan Rows": 41, "Plan Width": 0, "Index Cond": "(movie_id = mc.movie_id)"}]}]}, {"Node Type": "Bitmap Heap Scan", "Parent Relationship": "Inner", "Parallel Aware": false, "Relation Name": "info_type", "Alias": "it2", "Startup Cost": 0.15, "Total Cost": 1.27, "Plan Rows": 1, "Plan Width": 4, "Recheck Cond": "(id = mi.info_type_id)", "Filter": "((info)::text = 'release dates'::text)", "Plans": [{"Node Type": "Bitmap Index Scan", "Parent Relationship": "Outer", "Parallel Aware": false, "Index Name": "info_type_pkey", "Startup Cost": 0.0, "Total Cost": 0.15, "Plan Rows": 1, "Plan Width": 0, "Index Cond": "(id = mi.info_type_id)"}]}]}, {"Node Type": "Bitmap Heap Scan", "Parent Relationship": "Inner", "Parallel Aware": false, "Relation Name": "kind_type", "Alias": "kt", "Startup Cost": 0.16, "Total Cost": 1.28, "Plan Rows": 1, "Plan Width": 4, "Recheck Cond": "(id = t.kind_id)", "Filter": "((kind)::text = 'movie'::text)", "Plans": [{"Node Type": "Bitmap Index Scan", "Parent Relationship": "Outer", "Parallel Aware": false, "Index Name": "kind_type_pkey", "Startup Cost": 0.0, "Total Cost": 0.16, "Plan Rows": 1, "Plan Width": 0, "Index Cond": "(id = t.kind_id)"}]}]}]}}, {"Plan": {"Node Type": "Aggregate", "Strategy": "Plain", "Partial Mode": "Simple", "Parallel Aware": false, "Startup Cost": 36196.98, "Total Cost": 36196.99, "Plan Rows": 1, "Plan Width": 96, "Plans": [{"Node Type": "Nested Loop", "Parent Relationship": "Outer", "Parallel Aware": false, "Join Type": "Inner", "Startup Cost": 2926.38, "Total Cost": 36196.97, "Plan Rows": 1, "Plan Width": 41, "Inner Unique": true, "Plans": [{"Node Type": "Nested Loop", "Parent Relationship": "Outer", "Parallel Aware": false, "Join Type": "Inner", "Startup Cost": 2926.23, "Total Cost": 36194.59, "Plan Rows": 1, "Plan Width": 45, "Inner Unique": false, "Join Filter": "(t.id = mi.movie_id)", "Plans": [{"Node Type": "Nested Loop", "Parent Relationship": "Outer", "Parallel Aware": false, "Join Type": "Inner", "Startup Cost": 2925.45, "Total Cost": 36191.69, "Plan Rows": 1, "Plan Width": 53, "Inner Unique": true, "Plans": [{"Node Type": "Nested Loop", "Parent Relationship": "Outer", "Parallel Aware": false, "Join Type": "Inner", "Startup Cost": 2925.29, "Total Cost": 36189.97, "Plan Rows": 1, "Plan Width": 57, "Inner Unique": true, "Plans": [{"Node Type": "Nested Loop", "Parent Relationship": "Outer", "Parallel Aware": false, "Join Type": "Inner", "Startup Cost": 2924.87, "Total Cost": 36188.43, "Plan Rows": 1, "Plan Width": 42, "Inner Unique": false, "Join Filter": "(t.id = mc.movie_id)", "Plans": [{"Node Type": "Nested Loop", "Parent Relationship": "Outer", "Parallel Aware": false, "Join Type": "Inner", "Startup Cost": 2924.39, "Total Cost": 36186.73, "Plan Rows": 1, "Plan Width": 30, "Inner Unique": true, "Plans": [{"Node Type": "Nested Loop", "Parent Relationship": "Outer", "Parallel Aware": false, "Join Type": "Inner", "Startup Cost": 2924.23, "Total Cost": 36183.8, "Plan Rows": 2, "Plan Width": 34, "Inner Unique": true, "Plans": [{"Node Type": "Nested Loop", "Parent Relationship": "Outer", "Parallel Aware": false, "Join Type": "Inner", "Startup Cost": 2923.78, "Total Cost": 17071.35, "Plan Rows": 12213, "Plan Width": 9, "Inner Unique": false, "Plans": [{"Node Type": "Seq Scan", "Parent Relationship": "Outer", "Parallel Aware": false, "Relation Name": "info_type", "Alias": "it", "Startup Cost": 0.0, "Total Cost": 2.41, "Plan Rows": 1, "Plan Width": 4, "Filter": "((info)::text = 'rating'::text)"}, {"Node Type": "Bitmap Heap Scan", "Parent Relationship": "Inner", "Parallel Aware": false, "Relation Name": "movie_info_idx", "Alias": "miidx", "Startup Cost": 2923.78, "Total Cost": 14308.87, "Plan Rows": 276007, "Plan Width": 13, "Recheck Cond": "(info_type_id = it.id)", "Plans": [{"Node Type": "Bitmap Index Scan", "Parent Relationship": "Outer", "Parallel Aware": false, "Index Name": "info_type_id_movie_info_idx", "Startup Cost": 0.0, "Total Cost": 2854.78, "Plan Rows": 276007, "Plan Width": 0, "Index Cond": "(info_type_id = it.id)"}]}]}, {"Node Type": "Bitmap Heap Scan", "Parent Relationship": "Inner", "Parallel Aware": false, "Relation Name": "title", "Alias": "t", "Startup Cost": 0.44, "Total Cost": 1.56, "Plan Rows": 1, "Plan Width": 25, "Recheck Cond": "(id = miidx.movie_id)", "Filter": "((title <> ''::text) AND ((title ~~ '%Champion%'::text) OR (title ~~ '%Loser%'::text)))", "Plans": [{"Node Type": "Bitmap Index Scan", "Parent Relationship": "Outer", "Parallel Aware": false, "Index Name": "title_pkey", "Startup Cost": 0.0, "Total Cost": 0.44, "Plan Rows": 1, "Plan Width": 0, "Index Cond": "(id = miidx.movie_id)"}]}]}, {"Node Type": "Bitmap Heap Scan", "Parent Relationship": "Inner", "Parallel Aware": false, "Relation Name": "kind_type", "Alias": "kt", "Startup Cost": 0.16, "Total Cost": 1.28, "Plan Rows": 1, "Plan Width": 4, "Recheck Cond": "(id = t.kind_id)", "Filter": "((kind)::text = 'movie'::text)", "Plans": [{"Node Type": "Bitmap Index Scan", "Parent Relationship": "Outer", "Parallel Aware": false, "Index Name": "kind_type_pkey", "Startup Cost": 0.0, "Total Cost": 0.16, "Plan Rows": 1, "Plan Width": 0, "Index Cond": "(id = t.kind_id)"}]}]}, {"Node Type": "Bitmap Heap Scan", "Parent Relationship": "Inner", "Parallel Aware": false, "Relation Name": "movie_companies", "Alias": "mc", "Startup Cost": 0.48, "Total Cost": 1.64, "Plan Rows": 5, "Plan Width": 12, "Recheck Cond": "(movie_id = miidx.movie_id)", "Plans": [{"Node Type": "Bitmap Index Scan", "Parent Relationship": "Outer", "Parallel Aware": false, "Index Name": "movie_id_movie_companies", "Startup Cost": 0.0, "Total Cost": 0.48, "Plan Rows": 5, "Plan Width": 0, "Index Cond": "(movie_id = miidx.movie_id)"}]}]}, {"Node Type": "Bitmap Heap Scan", "Parent Relationship": "Inner", "Parallel Aware": false, "Relation Name": "company_name", "Alias": "cn", "Startup Cost": 0.43, "Total Cost": 1.54, "Plan Rows": 1, "Plan Width": 23, "Recheck Cond": "(id = mc.company_id)", "Filter": "((country_code)::text = '[us]'::text)", "Plans": [{"Node Type": "Bitmap Index Scan", "Parent Relationship": "Outer", "Parallel Aware": false, "Index Name": "company_name_pkey", "Startup Cost": 0.0, "Total Cost": 0.43, "Plan Rows": 1, "Plan Width": 0, "Index Cond": "(id = mc.company_id)"}]}]}, {"Node Type": "Bitmap Heap Scan", "Parent Relationship": "Inner", "Parallel Aware": false, "Relation Name": "company_type", "Alias": "ct", "Startup Cost": 0.16, "Total Cost": 1.27, "Plan Rows": 1, "Plan Width": 4, "Recheck Cond": "(id = mc.company_type_id)", "Filter": "((kind)::text = 'production companies'::text)", "Plans": [{"Node Type": "Bitmap Index Scan", "Parent Relationship": "Outer", "Parallel Aware": false, "Index Name": "company_type_pkey", "Startup Cost": 0.0, "Total Cost": 0.16, "Plan Rows": 1, "Plan Width": 0, "Index Cond": "(id = mc.company_type_id)"}]}]}, {"Node Type": "Bitmap Heap Scan", "Parent Relationship": "Inner", "Parallel Aware": false, "Relation Name": "movie_info", "Alias": "mi", "Startup Cost": 0.78, "Total Cost": 2.39, "Plan Rows": 41, "Plan Width": 8, "Recheck Cond": "(movie_id = mc.movie_id)", "Plans": [{"Node Type": "Bitmap Index Scan", "Parent Relationship": "Outer", "Parallel Aware": false, "Index Name": "movie_id_movie_info", "Startup Cost": 0.0, "Total Cost": 0.77, "Plan Rows": 41, "Plan Width": 0, "Index Cond": "(movie_id = mc.movie_id)"}]}]}, {"Node Type": "Bitmap Heap Scan", "Parent Relationship": "Inner", "Parallel Aware": false, "Relation Name": "info_type", "Alias": "it2", "Startup Cost": 0.15, "Total Cost": 1.27, "Plan Rows": 1, "Plan Width": 4, "Recheck Cond": "(id = mi.info_type_id)", "Filter": "((info)::text = 'release dates'::text)", "Plans": [{"Node Type": "Bitmap Index Scan", "Parent Relationship": "Outer", "Parallel Aware": false, "Index Name": "info_type_pkey", "Startup Cost": 0.0, "Total Cost": 0.15, "Plan Rows": 1, "Plan Width": 0, "Index Cond": "(id = mi.info_type_id)"}]}]}]}}, {"Plan": {"Node Type": "Aggregate", "Strategy": "Plain", "Partial Mode": "Simple", "Parallel Aware": false, "Startup Cost": 1096914.83, "Total Cost": 1096914.84, "Plan Rows": 1, "Plan Width": 96, "Plans": [{"Node Type": "Merge Join", "Parent Relationship": "Outer", "Parallel Aware": false, "Join Type": "Inner", "Startup Cost": 1096172.95, "Total Cost": 1096914.82, "Plan Rows": 1, "Plan Width": 41, "Inner Unique": false, "Merge Cond": "(mi.movie_id = miidx.movie_id)", "Plans": [{"Node Type": "Merge Join", "Parent Relationship": "Outer", "Parallel Aware": false, "Join Type": "Inner", "Startup Cost": 1015743.18, "Total Cost": 1016423.98, "Plan Rows": 1, "Plan Width": 48, "Inner Unique": false, "Merge Cond": "(t.id = mi.movie_id)", "Plans": [{"Node Type": "Merge Join", "Parent Relationship": "Outer", "Parallel Aware": false, "Join Type": "Inner", "Startup Cost": 189626.97, "Total Cost": 189653.82, "Plan Rows": 1, "Plan Width": 44, "Inner Unique": false, "Merge Cond": "(t.id = mc.movie_id)", "Plans": [{"Node Type": "Sort", "Parent Relationship": "Outer", "Parallel Aware": false, "Startup Cost": 51299.41, "Total Cost": 51299.41, "Plan Rows": 2, "Plan Width": 21, "Sort Key": ["t.id"], "Plans": [{"Node Type": "Gather", "Parent Relationship": "Outer", "Parallel Aware": false, "Startup Cost": 51298.4, "Total Cost": 51299.4, "Plan Rows": 2, "Plan Width": 21, "Workers Planned": 3, "Single Copy": false, "Plans": [{"Node Type": "Merge Join", "Parent Relationship": "Outer", "Parallel Aware": false, "Join Type": "Inner", "Startup Cost": 50298.4, "Total Cost": 50299.2, "Plan Rows": 1, "Plan Width": 21, "Inner Unique": true, "Merge Cond": "(t.kind_id = kt.id)", "Plans": [{"Node Type": "Sort", "Parent Relationship": "Outer", "Parallel Aware": false, "Startup Cost": 50275.59, "Total Cost": 50275.97, "Plan Rows": 152, "Plan Width": 25, "Sort Key": ["t.kind_id"], "Plans": [{"Node Type": "Seq Scan", "Parent Relationship": "Outer", "Parallel Aware": true, "Relation Name": "title", "Alias": "t", "Startup Cost": 0.0, "Total Cost": 50270.09, "Plan Rows": 152, "Plan Width": 25, "Filter": "((title <> ''::text) AND ((title ~~ '%Champion%'::text) OR (title ~~ '%Loser%'::text)))"}]}, {"Node Type": "Sort", "Parent Relationship": "Inner", "Parallel Aware": false, "Startup Cost": 22.81, "Total Cost": 22.82, "Plan Rows": 5, "Plan Width": 4, "Sort Key": ["kt.id"], "Plans": [{"Node Type": "Seq Scan", "Parent Relationship": "Outer", "Parallel Aware": false, "Relation Name": "kind_type", "Alias": "kt", "Startup Cost": 0.0, "Total Cost": 22.75, "Plan Rows": 5, "Plan Width": 4, "Filter": "((kind)::text = 'movie'::text)"}]}]}]}]}, {"Node Type": "Sort", "Parent Relationship": "Inner", "Parallel Aware": false, "Startup Cost": 138327.57, "Total Cost": 138340.98, "Plan Rows": 5366, "Plan Width": 23, "Sort Key": ["mc.movie_id"], "Plans": [{"Node Type": "Gather", "Parent Relationship": "Outer", "Parallel Aware": false, "Startup Cost": 136988.74, "Total Cost": 137995.15, "Plan Rows": 5366, "Plan Width": 23, "Workers Planned": 3, "Single Copy": false, "Plans": [{"Node Type": "Merge Join", "Parent Relationship": "Outer", "Parallel Aware": false, "Join Type": "Inner", "Startup Cost": 135988.74, "Total Cost": 136458.55, "Plan Rows": 1731, "Plan Width": 23, "Inner Unique": true, "Merge Cond": "(mc.company_id = cn.id)", "Plans": [{"Node Type": "Sort", "Parent Relationship": "Outer", "Parallel Aware": false, "Startup Cost": 123027.13, "Total Cost": 123038.99, "Plan Rows": 4742, "Plan Width": 8, "Sort Key": ["mc.company_id"], "Plans": [{"Node Type": "Merge Join", "Parent Relationship": "Outer", "Parallel Aware": false, "Join Type": "Inner", "Startup Cost": 118481.89, "Total Cost": 122737.6, "Plan Rows": 4742, "Plan Width": 8, "Inner Unique": true, "Merge Cond": "(mc.company_type_id = ct.id)", "Plans": [{"Node Type": "Sort", "Parent Relationship": "Outer", "Parallel Aware": false, "Startup Cost": 118462.97, "Total Cost": 120567.11, "Plan Rows": 841655, "Plan Width": 12, "Sort Key": ["mc.company_type_id"], "Plans": [{"Node Type": "Seq Scan", "Parent Relationship": "Outer", "Parallel Aware": true, "Relation Name": "movie_companies", "Alias": "mc", "Startup Cost": 0.0, "Total Cost": 27206.55, "Plan Rows": 841655, "Plan Width": 12}]}, {"Node Type": "Sort", "Parent Relationship": "Inner", "Parallel Aware": false, "Startup Cost": 18.91, "Total Cost": 18.93, "Plan Rows": 4, "Plan Width": 4, "Sort Key": ["ct.id"], "Plans": [{"Node Type": "Seq Scan", "Parent Relationship": "Outer", "Parallel Aware": false, "Relation Name": "company_type", "Alias": "ct", "Startup Cost": 0.0, "Total Cost": 18.88, "Plan Rows": 4, "Plan Width": 4, "Filter": "((kind)::text = 'production companies'::text)"}]}]}]}, {"Node Type": "Sort", "Parent Relationship": "Inner", "Parallel Aware": false, "Startup Cost": 12961.61, "Total Cost": 13176.06, "Plan Rows": 85782, "Plan Width": 23, "Sort Key": ["cn.id"], "Plans": [{"Node Type": "Seq Scan", "Parent Relationship": "Outer", "Parallel Aware": false, "Relation Name": "company_name", "Alias": "cn", "Startup Cost": 0.0, "Total Cost": 5932.46, "Plan Rows": 85782, "Plan Width": 23, "Filter": "((country_code)::text = '[us]'::text)"}]}]}]}]}]}, {"Node Type": "Sort", "Parent Relationship": "Inner", "Parallel Aware": false, "Startup Cost": 826116.21, "Total Cost": 826443.18, "Plan Rows": 130787, "Plan Width": 4, "Sort Key": ["mi.movie_id"], "Plans": [{"Node Type": "Gather", "Parent Relationship": "Outer", "Parallel Aware": false, "Startup Cost": 777663.81, "Total Cost": 815001.37, "Plan Rows": 130787, "Plan Width": 4, "Workers Planned": 3, "Single Copy": false, "Plans": [{"Node Type": "Merge Join", "Parent Relationship": "Outer", "Parallel Aware": false, "Join Type": "Inner", "Startup Cost": 776663.81, "Total Cost": 800922.67, "Plan Rows": 42189, "Plan Width": 4, "Inner Unique": true, "Merge Cond": "(mi.info_type_id = it2.id)", "Plans": [{"Node Type": "Sort", "Parent Relationship": "Outer", "Parallel Aware": false, "Startup Cost": 776661.39, "Total Cost": 788579.87, "Plan Rows": 4767391, "Plan Width": 8, "Sort Key": ["mi.info_type_id"], "Plans": [{"Node Type": "Seq Scan", "Parent Relationship": "Outer", "Parallel Aware": true, "Relation Name": "movie_info", "Alias": "mi", "Startup Cost": 0.0, "Total Cost": 209666.91, "Plan Rows": 4767391, "Plan Width": 8}]}, {"Node Type": "Sort", "Parent Relationship": "Inner", "Parallel Aware": false, "Startup Cost": 2.42, "Total Cost": 2.43, "Plan Rows": 1, "Plan Width": 4, "Sort Key": ["it2.id"], "Plans": [{"Node Type": "Seq Scan", "Parent Relationship": "Outer", "Parallel Aware": false, "Relation Name": "info_type", "Alias": "it2", "Startup Cost": 0.0, "Total Cost": 2.41, "Plan Rows": 1, "Plan Width": 4, "Filter": "((info)::text = 'release dates'::text)"}]}]}]}]}]}, {"Node Type": "Sort", "Parent Relationship": "Inner", "Parallel Aware": false, "Startup Cost": 80429.77, "Total Cost": 80460.3, "Plan Rows": 12213, "Plan Width": 9, "Sort Key": ["miidx.movie_id"], "Plans": [{"Node Type": "Gather", "Parent Relationship": "Outer", "Parallel Aware": false, "Startup Cost": 75453.48, "Total Cost": 79600.74, "Plan Rows": 12213, "Plan Width": 9, "Workers Planned": 2, "Single Copy": false, "Plans": [{"Node Type": "Merge Join", "Parent Relationship": "Outer", "Parallel Aware": false, "Join Type": "Inner", "Startup Cost": 74453.48, "Total Cost": 77379.44, "Plan Rows": 5089, "Plan Width": 9, "Inner Unique": true, "Merge Cond": "(miidx.info_type_id = it.id)", "Plans": [{"Node Type": "Sort", "Parent Relationship": "Outer", "Parallel Aware": false, "Startup Cost": 74451.05, "Total Cost": 75888.58, "Plan Rows": 575015, "Plan Width": 13, "Sort Key": ["miidx.info_type_id"], "Plans": [{"Node Type": "Seq Scan", "Parent Relationship": "Outer", "Parallel Aware": true, "Relation Name": "movie_info_idx", "Alias": "miidx", "Startup Cost": 0.0, "Total Cost": 13685.15, "Plan Rows": 575015, "Plan Width": 13}]}, {"Node Type": "Sort", "Parent Relationship": "Inner", "Parallel Aware": false, "Startup Cost": 2.42, "Total Cost": 2.43, "Plan Rows": 1, "Plan Width": 4, "Sort Key": ["it.id"], "Plans": [{"Node Type": "Seq Scan", "Parent Relationship": "Outer", "Parallel Aware": false, "Relation Name": "info_type", "Alias": "it", "Startup Cost": 0.0, "Total Cost": 2.41, "Plan Rows": 1, "Plan Width": 4, "Filter": "((info)::text = 'rating'::text)"}]}]}]}]}]}]}}, {"Plan": {"Node Type": "Aggregate", "Strategy": "Plain", "Partial Mode": "Simple", "Parallel Aware": false, "Startup Cost": 10000105737.72, "Total Cost": 10000105737.73, "Plan Rows": 1, "Plan Width": 96, "Plans": [{"Node Type": "Nested Loop", "Parent Relationship": "Outer", "Parallel Aware": false, "Join Type": "Inner", "Startup Cost": 10000000004.24, "Total Cost": 10000105737.71, "Plan Rows": 1, "Plan Width": 41, "Inner Unique": true, "Plans": [{"Node Type": "Nested Loop", "Parent Relationship": "Outer", "Parallel Aware": false, "Join Type": "Inner", "Startup Cost": 10000000004.08, "Total Cost": 10000105736.06, "Plan Rows": 1, "Plan Width": 45, "Inner Unique": true, "Plans": [{"Node Type": "Nested Loop", "Parent Relationship": "Outer", "Parallel Aware": false, "Join Type": "Inner", "Startup Cost": 10000000003.93, "Total Cost": 10000105733.68, "Plan Rows": 1, "Plan Width": 49, "Inner Unique": false, "Join Filter": "(t.id = mi.movie_id)", "Plans": [{"Node Type": "Nested Loop", "Parent Relationship": "Outer", "Parallel Aware": false, "Join Type": "Inner", "Startup Cost": 10000000003.15, "Total Cost": 10000105730.78, "Plan Rows": 1, "Plan Width": 57, "Inner Unique": true, "Plans": [{"Node Type": "Nested Loop", "Parent Relationship": "Outer", "Parallel Aware": false, "Join Type": "Inner", "Startup Cost": 10000000002.73, "Total Cost": 10000105729.24, "Plan Rows": 1, "Plan Width": 42, "Inner Unique": true, "Plans": [{"Node Type": "Nested Loop", "Parent Relationship": "Outer", "Parallel Aware": false, "Join Type": "Inner", "Startup Cost": 10000000002.57, "Total Cost": 10000105713.52, "Plan Rows": 12, "Plan Width": 46, "Inner Unique": false, "Join Filter": "(t.id = mc.movie_id)", "Plans": [{"Node Type": "Nested Loop", "Parent Relationship": "Outer", "Parallel Aware": false, "Join Type": "Inner", "Startup Cost": 10000000002.09, "Total Cost": 10000105710.11, "Plan Rows": 2, "Plan Width": 34, "Inner Unique": true, "Plans": [{"Node Type": "Nested Loop", "Parent Relationship": "Outer", "Parallel Aware": false, "Join Type": "Inner", "Startup Cost": 10000000001.94, "Total Cost": 10000105384.92, "Plan Rows": 257, "Plan Width": 38, "Inner Unique": false, "Plans": [{"Node Type": "Index Scan", "Parent Relationship": "Outer", "Parallel Aware": false, "Scan Direction": "Forward", "Index Name": "kind_id_title", "Relation Name": "title", "Alias": "t", "Startup Cost": 10000000000.43, "Total Cost": 10000103094.79, "Plan Rows": 470, "Plan Width": 25, "Filter": "((title <> ''::text) AND ((title ~~ '%Champion%'::text) OR (title ~~ '%Loser%'::text)))"}, {"Node Type": "Bitmap Heap Scan", "Parent Relationship": "Inner", "Parallel Aware": false, "Relation Name": "movie_info_idx", "Alias": "miidx", "Startup Cost": 1.51, "Total Cost": 4.84, "Plan Rows": 3, "Plan Width": 13, "Recheck Cond": "(movie_id = t.id)", "Plans": [{"Node Type": "Bitmap Index Scan", "Parent Relationship": "Outer", "Parallel Aware": false, "Index Name": "movie_id_movie_info_idx", "Startup Cost": 0.0, "Total Cost": 1.51, "Plan Rows": 3, "Plan Width": 0, "Index Cond": "(movie_id = t.id)"}]}]}, {"Node Type": "Bitmap Heap Scan", "Parent Relationship": "Inner", "Parallel Aware": false, "Relation Name": "info_type", "Alias": "it", "Startup Cost": 0.15, "Total Cost": 1.27, "Plan Rows": 1, "Plan Width": 4, "Recheck Cond": "(id = miidx.info_type_id)", "Filter": "((info)::text = 'rating'::text)", "Plans": [{"Node Type": "Bitmap Index Scan", "Parent Relationship": "Outer", "Parallel Aware": false, "Index Name": "info_type_pkey", "Startup Cost": 0.0, "Total Cost": 0.15, "Plan Rows": 1, "Plan Width": 0, "Index Cond": "(id = miidx.info_type_id)"}]}]}, {"Node Type": "Bitmap Heap Scan", "Parent Relationship": "Inner", "Parallel Aware": false, "Relation Name": "movie_companies", "Alias": "mc", "Startup Cost": 0.48, "Total Cost": 1.64, "Plan Rows": 5, "Plan Width": 12, "Recheck Cond": "(movie_id = miidx.movie_id)", "Plans": [{"Node Type": "Bitmap Index Scan", "Parent Relationship": "Outer", "Parallel Aware": false, "Index Name": "movie_id_movie_companies", "Startup Cost": 0.0, "Total Cost": 0.48, "Plan Rows": 5, "Plan Width": 0, "Index Cond": "(movie_id = miidx.movie_id)"}]}]}, {"Node Type": "Bitmap Heap Scan", "Parent Relationship": "Inner", "Parallel Aware": false, "Relation Name": "company_type", "Alias": "ct", "Startup Cost": 0.16, "Total Cost": 1.27, "Plan Rows": 1, "Plan Width": 4, "Recheck Cond": "(id = mc.company_type_id)", "Filter": "((kind)::text = 'production companies'::text)", "Plans": [{"Node Type": "Bitmap Index Scan", "Parent Relationship": "Outer", "Parallel Aware": false, "Index Name": "company_type_pkey", "Startup Cost": 0.0, "Total Cost": 0.16, "Plan Rows": 1, "Plan Width": 0, "Index Cond": "(id = mc.company_type_id)"}]}]}, {"Node Type": "Bitmap Heap Scan", "Parent Relationship": "Inner", "Parallel Aware": false, "Relation Name": "company_name", "Alias": "cn", "Startup Cost": 0.43, "Total Cost": 1.54, "Plan Rows": 1, "Plan Width": 23, "Recheck Cond": "(id = mc.company_id)", "Filter": "((country_code)::text = '[us]'::text)", "Plans": [{"Node Type": "Bitmap Index Scan", "Parent Relationship": "Outer", "Parallel Aware": false, "Index Name": "company_name_pkey", "Startup Cost": 0.0, "Total Cost": 0.43, "Plan Rows": 1, "Plan Width": 0, "Index Cond": "(id = mc.company_id)"}]}]}, {"Node Type": "Bitmap Heap Scan", "Parent Relationship": "Inner", "Parallel Aware": false, "Relation Name": "movie_info", "Alias": "mi", "Startup Cost": 0.78, "Total Cost": 2.39, "Plan Rows": 41, "Plan Width": 8, "Recheck Cond": "(movie_id = mc.movie_id)", "Plans": [{"Node Type": "Bitmap Index Scan", "Parent Relationship": "Outer", "Parallel Aware": false, "Index Name": "movie_id_movie_info", "Startup Cost": 0.0, "Total Cost": 0.77, "Plan Rows": 41, "Plan Width": 0, "Index Cond": "(movie_id = mc.movie_id)"}]}]}, {"Node Type": "Bitmap Heap Scan", "Parent Relationship": "Inner", "Parallel Aware": false, "Relation Name": "info_type", "Alias": "it2", "Startup Cost": 0.15, "Total Cost": 1.27, "Plan Rows": 1, "Plan Width": 4, "Recheck Cond": "(id = mi.info_type_id)", "Filter": "((info)::text = 'release dates'::text)", "Plans": [{"Node Type": "Bitmap Index Scan", "Parent Relationship": "Outer", "Parallel Aware": false, "Index Name": "info_type_pkey", "Startup Cost": 0.0, "Total Cost": 0.15, "Plan Rows": 1, "Plan Width": 0, "Index Cond": "(id = mi.info_type_id)"}]}]}, {"Node Type": "Bitmap Heap Scan", "Parent Relationship": "Inner", "Parallel Aware": false, "Relation Name": "kind_type", "Alias": "kt", "Startup Cost": 0.16, "Total Cost": 1.28, "Plan Rows": 1, "Plan Width": 4, "Recheck Cond": "(id = t.kind_id)", "Filter": "((kind)::text = 'movie'::text)", "Plans": [{"Node Type": "Bitmap Index Scan", "Parent Relationship": "Outer", "Parallel Aware": false, "Index Name": "kind_type_pkey", "Startup Cost": 0.0, "Total Cost": 0.16, "Plan Rows": 1, "Plan Width": 0, "Index Cond": "(id = t.kind_id)"}]}]}]}}, {"Plan": {"Node Type": "Aggregate", "Strategy": "Plain", "Partial Mode": "Simple", "Parallel Aware": false, "Startup Cost": 36196.98, "Total Cost": 36196.99, "Plan Rows": 1, "Plan Width": 96, "Plans": [{"Node Type": "Nested Loop", "Parent Relationship": "Outer", "Parallel Aware": false, "Join Type": "Inner", "Startup Cost": 2926.38, "Total Cost": 36196.97, "Plan Rows": 1, "Plan Width": 41, "Inner Unique": true, "Plans": [{"Node Type": "Nested Loop", "Parent Relationship": "Outer", "Parallel Aware": false, "Join Type": "Inner", "Startup Cost": 2926.23, "Total Cost": 36194.59, "Plan Rows": 1, "Plan Width": 45, "Inner Unique": false, "Join Filter": "(t.id = mi.movie_id)", "Plans": [{"Node Type": "Nested Loop", "Parent Relationship": "Outer", "Parallel Aware": false, "Join Type": "Inner", "Startup Cost": 2925.45, "Total Cost": 36191.69, "Plan Rows": 1, "Plan Width": 53, "Inner Unique": true, "Plans": [{"Node Type": "Nested Loop", "Parent Relationship": "Outer", "Parallel Aware": false, "Join Type": "Inner", "Startup Cost": 2925.29, "Total Cost": 36189.97, "Plan Rows": 1, "Plan Width": 57, "Inner Unique": true, "Plans": [{"Node Type": "Nested Loop", "Parent Relationship": "Outer", "Parallel Aware": false, "Join Type": "Inner", "Startup Cost": 2924.87, "Total Cost": 36188.43, "Plan Rows": 1, "Plan Width": 42, "Inner Unique": false, "Join Filter": "(t.id = mc.movie_id)", "Plans": [{"Node Type": "Nested Loop", "Parent Relationship": "Outer", "Parallel Aware": false, "Join Type": "Inner", "Startup Cost": 2924.39, "Total Cost": 36186.73, "Plan Rows": 1, "Plan Width": 30, "Inner Unique": true, "Plans": [{"Node Type": "Nested Loop", "Parent Relationship": "Outer", "Parallel Aware": false, "Join Type": "Inner", "Startup Cost": 2924.23, "Total Cost": 36183.8, "Plan Rows": 2, "Plan Width": 34, "Inner Unique": true, "Plans": [{"Node Type": "Nested Loop", "Parent Relationship": "Outer", "Parallel Aware": false, "Join Type": "Inner", "Startup Cost": 2923.78, "Total Cost": 17071.35, "Plan Rows": 12213, "Plan Width": 9, "Inner Unique": false, "Plans": [{"Node Type": "Seq Scan", "Parent Relationship": "Outer", "Parallel Aware": false, "Relation Name": "info_type", "Alias": "it", "Startup Cost": 0.0, "Total Cost": 2.41, "Plan Rows": 1, "Plan Width": 4, "Filter": "((info)::text = 'rating'::text)"}, {"Node Type": "Bitmap Heap Scan", "Parent Relationship": "Inner", "Parallel Aware": false, "Relation Name": "movie_info_idx", "Alias": "miidx", "Startup Cost": 2923.78, "Total Cost": 14308.87, "Plan Rows": 276007, "Plan Width": 13, "Recheck Cond": "(info_type_id = it.id)", "Plans": [{"Node Type": "Bitmap Index Scan", "Parent Relationship": "Outer", "Parallel Aware": false, "Index Name": "info_type_id_movie_info_idx", "Startup Cost": 0.0, "Total Cost": 2854.78, "Plan Rows": 276007, "Plan Width": 0, "Index Cond": "(info_type_id = it.id)"}]}]}, {"Node Type": "Bitmap Heap Scan", "Parent Relationship": "Inner", "Parallel Aware": false, "Relation Name": "title", "Alias": "t", "Startup Cost": 0.44, "Total Cost": 1.56, "Plan Rows": 1, "Plan Width": 25, "Recheck Cond": "(id = miidx.movie_id)", "Filter": "((title <> ''::text) AND ((title ~~ '%Champion%'::text) OR (title ~~ '%Loser%'::text)))", "Plans": [{"Node Type": "Bitmap Index Scan", "Parent Relationship": "Outer", "Parallel Aware": false, "Index Name": "title_pkey", "Startup Cost": 0.0, "Total Cost": 0.44, "Plan Rows": 1, "Plan Width": 0, "Index Cond": "(id = miidx.movie_id)"}]}]}, {"Node Type": "Bitmap Heap Scan", "Parent Relationship": "Inner", "Parallel Aware": false, "Relation Name": "kind_type", "Alias": "kt", "Startup Cost": 0.16, "Total Cost": 1.28, "Plan Rows": 1, "Plan Width": 4, "Recheck Cond": "(id = t.kind_id)", "Filter": "((kind)::text = 'movie'::text)", "Plans": [{"Node Type": "Bitmap Index Scan", "Parent Relationship": "Outer", "Parallel Aware": false, "Index Name": "kind_type_pkey", "Startup Cost": 0.0, "Total Cost": 0.16, "Plan Rows": 1, "Plan Width": 0, "Index Cond": "(id = t.kind_id)"}]}]}, {"Node Type": "Bitmap Heap Scan", "Parent Relationship": "Inner", "Parallel Aware": false, "Relation Name": "movie_companies", "Alias": "mc", "Startup Cost": 0.48, "Total Cost": 1.64, "Plan Rows": 5, "Plan Width": 12, "Recheck Cond": "(movie_id = miidx.movie_id)", "Plans": [{"Node Type": "Bitmap Index Scan", "Parent Relationship": "Outer", "Parallel Aware": false, "Index Name": "movie_id_movie_companies", "Startup Cost": 0.0, "Total Cost": 0.48, "Plan Rows": 5, "Plan Width": 0, "Index Cond": "(movie_id = miidx.movie_id)"}]}]}, {"Node Type": "Bitmap Heap Scan", "Parent Relationship": "Inner", "Parallel Aware": false, "Relation Name": "company_name", "Alias": "cn", "Startup Cost": 0.43, "Total Cost": 1.54, "Plan Rows": 1, "Plan Width": 23, "Recheck Cond": "(id = mc.company_id)", "Filter": "((country_code)::text = '[us]'::text)", "Plans": [{"Node Type": "Bitmap Index Scan", "Parent Relationship": "Outer", "Parallel Aware": false, "Index Name": "company_name_pkey", "Startup Cost": 0.0, "Total Cost": 0.43, "Plan Rows": 1, "Plan Width": 0, "Index Cond": "(id = mc.company_id)"}]}]}, {"Node Type": "Bitmap Heap Scan", "Parent Relationship": "Inner", "Parallel Aware": false, "Relation Name": "company_type", "Alias": "ct", "Startup Cost": 0.16, "Total Cost": 1.27, "Plan Rows": 1, "Plan Width": 4, "Recheck Cond": "(id = mc.company_type_id)", "Filter": "((kind)::text = 'production companies'::text)", "Plans": [{"Node Type": "Bitmap Index Scan", "Parent Relationship": "Outer", "Parallel Aware": false, "Index Name": "company_type_pkey", "Startup Cost": 0.0, "Total Cost": 0.16, "Plan Rows": 1, "Plan Width": 0, "Index Cond": "(id = mc.company_type_id)"}]}]}, {"Node Type": "Bitmap Heap Scan", "Parent Relationship": "Inner", "Parallel Aware": false, "Relation Name": "movie_info", "Alias": "mi", "Startup Cost": 0.78, "Total Cost": 2.39, "Plan Rows": 41, "Plan Width": 8, "Recheck Cond": "(movie_id = mc.movie_id)", "Plans": [{"Node Type": "Bitmap Index Scan", "Parent Relationship": "Outer", "Parallel Aware": false, "Index Name": "movie_id_movie_info", "Startup Cost": 0.0, "Total Cost": 0.77, "Plan Rows": 41, "Plan Width": 0, "Index Cond": "(movie_id = mc.movie_id)"}]}]}, {"Node Type": "Bitmap Heap Scan", "Parent Relationship": "Inner", "Parallel Aware": false, "Relation Name": "info_type", "Alias": "it2", "Startup Cost": 0.15, "Total Cost": 1.27, "Plan Rows": 1, "Plan Width": 4, "Recheck Cond": "(id = mi.info_type_id)", "Filter": "((info)::text = 'release dates'::text)", "Plans": [{"Node Type": "Bitmap Index Scan", "Parent Relationship": "Outer", "Parallel Aware": false, "Index Name": "info_type_pkey", "Startup Cost": 0.0, "Total Cost": 0.15, "Plan Rows": 1, "Plan Width": 0, "Index Cond": "(id = mi.info_type_id)"}]}]}]}}, {"Plan": {"Node Type": "Aggregate", "Strategy": "Plain", "Partial Mode": "Simple", "Parallel Aware": false, "Startup Cost": 532252.9, "Total Cost": 532252.91, "Plan Rows": 1, "Plan Width": 96, "Plans": [{"Node Type": "Merge Join", "Parent Relationship": "Outer", "Parallel Aware": false, "Join Type": "Inner", "Startup Cost": 523901.11, "Total Cost": 532252.89, "Plan Rows": 1, "Plan Width": 41, "Inner Unique": true, "Merge Cond": "(mc.company_id = cn.id)", "Plans": [{"Node Type": "Sort", "Parent Relationship": "Outer", "Parallel Aware": false, "Startup Cost": 523900.69, "Total Cost": 523900.7, "Plan Rows": 1, "Plan Width": 26, "Sort Key": ["mc.company_id"], "Plans": [{"Node Type": "Merge Join", "Parent Relationship": "Outer", "Parallel Aware": false, "Join Type": "Inner", "Startup Cost": 523869.6, "Total Cost": 523900.68, "Plan Rows": 1, "Plan Width": 26, "Inner Unique": true, "Merge Cond": "(t.kind_id = kt.id)", "Plans": [{"Node Type": "Sort", "Parent Relationship": "Outer", "Parallel Aware": false, "Startup Cost": 523869.45, "Total Cost": 523869.46, "Plan Rows": 1, "Plan Width": 30, "Sort Key": ["t.kind_id"], "Plans": [{"Node Type": "Merge Join", "Parent Relationship": "Outer", "Parallel Aware": false, "Join Type": "Inner", "Startup Cost": 450213.52, "Total Cost": 523869.44, "Plan Rows": 1, "Plan Width": 30, "Inner Unique": false, "Merge Cond": "(mi.movie_id = mc.movie_id)", "Plans": [{"Node Type": "Merge Join", "Parent Relationship": "Outer", "Parallel Aware": false, "Join Type": "Inner", "Startup Cost": 396898.63, "Total Cost": 470481.05, "Plan Rows": 1, "Plan Width": 38, "Inner Unique": true, "Merge Cond": "(mi.movie_id = t.id)", "Plans": [{"Node Type": "Gather Merge", "Parent Relationship": "Outer", "Parallel Aware": false, "Startup Cost": 395898.16, "Total Cost": 396587.28, "Plan Rows": 3456, "Plan Width": 13, "Workers Planned": 3, "Plans": [{"Node Type": "Merge Join", "Parent Relationship": "Outer", "Parallel Aware": false, "Join Type": "Inner", "Startup Cost": 394898.12, "Total Cost": 395181.16, "Plan Rows": 1115, "Plan Width": 13, "Inner Unique": false, "Merge Cond": "(mi.movie_id = miidx.movie_id)", "Plans": [{"Node Type": "Sort", "Parent Relationship": "Outer", "Parallel Aware": false, "Startup Cost": 357232.84, "Total Cost": 357338.31, "Plan Rows": 42189, "Plan Width": 4, "Sort Key": ["mi.movie_id"], "Plans": [{"Node Type": "Merge Join", "Parent Relationship": "Outer", "Parallel Aware": false, "Join Type": "Inner", "Startup Cost": 0.58, "Total Cost": 353991.76, "Plan Rows": 42189, "Plan Width": 4, "Inner Unique": true, "Merge Cond": "(mi.info_type_id = it2.id)", "Plans": [{"Node Type": "Index Scan", "Parent Relationship": "Outer", "Parallel Aware": true, "Scan Direction": "Forward", "Index Name": "info_type_id_movie_info", "Relation Name": "movie_info", "Alias": "mi", "Startup Cost": 0.43, "Total Cost": 341645.97, "Plan Rows": 4767391, "Plan Width": 8}, {"Node Type": "Index Scan", "Parent Relationship": "Inner", "Parallel Aware": false, "Scan Direction": "Forward", "Index Name": "info_type_pkey", "Relation Name": "info_type", "Alias": "it2", "Startup Cost": 0.14, "Total Cost": 5.42, "Plan Rows": 1, "Plan Width": 4, "Filter": "((info)::text = 'release dates'::text)"}]}]}, {"Node Type": "Sort", "Parent Relationship": "Inner", "Parallel Aware": false, "Startup Cost": 37665.28, "Total Cost": 37695.82, "Plan Rows": 12213, "Plan Width": 9, "Sort Key": ["miidx.movie_id"], "Plans": [{"Node Type": "Merge Join", "Parent Relationship": "Outer", "Parallel Aware": false, "Join Type": "Inner", "Startup Cost": 5.85, "Total Cost": 36836.26, "Plan Rows": 12213, "Plan Width": 9, "Inner Unique": false, "Merge Cond": "(it.id = miidx.info_type_id)", "Plans": [{"Node Type": "Index Scan", "Parent Relationship": "Outer", "Parallel Aware": false, "Scan Direction": "Forward", "Index Name": "info_type_pkey", "Relation Name": "info_type", "Alias": "it", "Startup Cost": 0.14, "Total Cost": 5.42, "Plan Rows": 1, "Plan Width": 4, "Filter": "((info)::text = 'rating'::text)"}, {"Node Type": "Index Scan", "Parent Relationship": "Inner", "Parallel Aware": false, "Scan Direction": "Forward", "Index Name": "info_type_id_movie_info_idx", "Relation Name": "movie_info_idx", "Alias": "miidx", "Startup Cost": 0.43, "Total Cost": 33258.62, "Plan Rows": 1380035, "Plan Width": 13}]}]}]}]}, {"Node Type": "Gather Merge", "Parent Relationship": "Inner", "Parallel Aware": false, "Startup Cost": 1000.47, "Total Cost": 73883.94, "Plan Rows": 470, "Plan Width": 25, "Workers Planned": 3, "Plans": [{"Node Type": "Index Scan", "Parent Relationship": "Outer", "Parallel Aware": true, "Scan Direction": "Forward", "Index Name": "title_pkey", "Relation Name": "title", "Alias": "t", "Startup Cost": 0.43, "Total Cost": 72828.68, "Plan Rows": 152, "Plan Width": 25, "Filter": "((title <> ''::text) AND ((title ~~ '%Champion%'::text) OR (title ~~ '%Loser%'::text)))"}]}]}, {"Node Type": "Sort", "Parent Relationship": "Inner", "Parallel Aware": false, "Startup Cost": 53314.89, "Total Cost": 53351.63, "Plan Rows": 14699, "Plan Width": 8, "Sort Key": ["mc.movie_id"], "Plans": [{"Node Type": "Gather", "Parent Relationship": "Outer", "Parallel Aware": false, "Startup Cost": 1000.58, "Total Cost": 52297.46, "Plan Rows": 14699, "Plan Width": 8, "Workers Planned": 3, "Single Copy": false, "Plans": [{"Node Type": "Merge Join", "Parent Relationship": "Outer", "Parallel Aware": false, "Join Type": "Inner", "Startup Cost": 0.58, "Total Cost": 49827.56, "Plan Rows": 4742, "Plan Width": 8, "Inner Unique": true, "Merge Cond": "(mc.company_type_id = ct.id)", "Plans": [{"Node Type": "Index Scan", "Parent Relationship": "Outer", "Parallel Aware": true, "Scan Direction": "Forward", "Index Name": "company_type_id_movie_companies", "Relation Name": "movie_companies", "Alias": "mc", "Startup Cost": 0.43, "Total Cost": 47650.22, "Plan Rows": 841655, "Plan Width": 12}, {"Node Type": "Index Scan", "Parent Relationship": "Inner", "Parallel Aware": false, "Scan Direction": "Forward", "Index Name": "company_type_pkey", "Relation Name": "company_type", "Alias": "ct", "Startup Cost": 0.15, "Total Cost": 25.77, "Plan Rows": 4, "Plan Width": 4, "Filter": "((kind)::text = 'production companies'::text)"}]}]}]}]}]}, {"Node Type": "Index Scan", "Parent Relationship": "Inner", "Parallel Aware": false, "Scan Direction": "Forward", "Index Name": "kind_type_pkey", "Relation Name": "kind_type", "Alias": "kt", "Startup Cost": 0.15, "Total Cost": 31.2, "Plan Rows": 5, "Plan Width": 4, "Filter": "((kind)::text = 'movie'::text)"}]}]}, {"Node Type": "Index Scan", "Parent Relationship": "Inner", "Parallel Aware": false, "Scan Direction": "Forward", "Index Name": "company_name_pkey", "Relation Name": "company_name", "Alias": "cn", "Startup Cost": 0.42, "Total Cost": 8139.96, "Plan Rows": 85782, "Plan Width": 23, "Filter": "((country_code)::text = '[us]'::text)"}]}]}}, {"Plan": {"Node Type": "Aggregate", "Strategy": "Plain", "Partial Mode": "Simple", "Parallel Aware": false, "Startup Cost": 22286.2, "Total Cost": 22286.21, "Plan Rows": 1, "Plan Width": 96, "Plans": [{"Node Type": "Nested Loop", "Parent Relationship": "Outer", "Parallel Aware": false, "Join Type": "Inner", "Startup Cost": 2.73, "Total Cost": 22286.2, "Plan Rows": 1, "Plan Width": 41, "Inner Unique": true, "Plans": [{"Node Type": "Nested Loop", "Parent Relationship": "Outer", "Parallel Aware": false, "Join Type": "Inner", "Startup Cost": 2.58, "Total Cost": 22286.01, "Plan Rows": 1, "Plan Width": 45, "Inner Unique": false, "Join Filter": "(t.id = mi.movie_id)", "Plans": [{"Node Type": "Nested Loop", "Parent Relationship": "Outer", "Parallel Aware": false, "Join Type": "Inner", "Startup Cost": 2.15, "Total Cost": 22284.26, "Plan Rows": 1, "Plan Width": 53, "Inner Unique": true, "Plans": [{"Node Type": "Nested Loop", "Parent Relationship": "Outer", "Parallel Aware": false, "Join Type": "Inner", "Startup Cost": 2.0, "Total Cost": 22284.08, "Plan Rows": 1, "Plan Width": 57, "Inner Unique": true, "Plans": [{"Node Type": "Nested Loop", "Parent Relationship": "Outer", "Parallel Aware": false, "Join Type": "Inner", "Startup Cost": 1.58, "Total Cost": 22283.64, "Plan Rows": 1, "Plan Width": 42, "Inner Unique": false, "Join Filter": "(t.id = mc.movie_id)", "Plans": [{"Node Type": "Nested Loop", "Parent Relationship": "Outer", "Parallel Aware": false, "Join Type": "Inner", "Startup Cost": 1.15, "Total Cost": 22283.04, "Plan Rows": 1, "Plan Width": 30, "Inner Unique": true, "Plans": [{"Node Type": "Nested Loop", "Parent Relationship": "Outer", "Parallel Aware": false, "Join Type": "Inner", "Startup Cost": 1.0, "Total Cost": 22282.62, "Plan Rows": 2, "Plan Width": 34, "Inner Unique": true, "Plans": [{"Node Type": "Nested Loop", "Parent Relationship": "Outer", "Parallel Aware": false, "Join Type": "Inner", "Startup Cost": 0.57, "Total Cost": 16287.63, "Plan Rows": 12213, "Plan Width": 9, "Inner Unique": false, "Plans": [{"Node Type": "Index Scan", "Parent Relationship": "Outer", "Parallel Aware": false, "Scan Direction": "Forward", "Index Name": "info_type_pkey", "Relation Name": "info_type", "Alias": "it", "Startup Cost": 0.14, "Total Cost": 5.42, "Plan Rows": 1, "Plan Width": 4, "Filter": "((info)::text = 'rating'::text)"}, {"Node Type": "Index Scan", "Parent Relationship": "Inner", "Parallel Aware": false, "Scan Direction": "Forward", "Index Name": "info_type_id_movie_info_idx", "Relation Name": "movie_info_idx", "Alias": "miidx", "Startup Cost": 0.43, "Total Cost": 13522.14, "Plan Rows": 276007, "Plan Width": 13, "Index Cond": "(info_type_id = it.id)"}]}, {"Node Type": "Index Scan", "Parent Relationship": "Inner", "Parallel Aware": false, "Scan Direction": "Forward", "Index Name": "title_pkey", "Relation Name": "title", "Alias": "t", "Startup Cost": 0.43, "Total Cost": 0.49, "Plan Rows": 1, "Plan Width": 25, "Index Cond": "(id = miidx.movie_id)", "Filter": "((title <> ''::text) AND ((title ~~ '%Champion%'::text) OR (title ~~ '%Loser%'::text)))"}]}, {"Node Type": "Index Scan", "Parent Relationship": "Inner", "Parallel Aware": false, "Scan Direction": "Forward", "Index Name": "kind_type_pkey", "Relation Name": "kind_type", "Alias": "kt", "Startup Cost": 0.15, "Total Cost": 0.2, "Plan Rows": 1, "Plan Width": 4, "Index Cond": "(id = t.kind_id)", "Filter": "((kind)::text = 'movie'::text)"}]}, {"Node Type": "Index Scan", "Parent Relationship": "Inner", "Parallel Aware": false, "Scan Direction": "Forward", "Index Name": "movie_id_movie_companies", "Relation Name": "movie_companies", "Alias": "mc", "Startup Cost": 0.43, "Total Cost": 0.54, "Plan Rows": 5, "Plan Width": 12, "Index Cond": "(movie_id = miidx.movie_id)"}]}, {"Node Type": "Index Scan", "Parent Relationship": "Inner", "Parallel Aware": false, "Scan Direction": "Forward", "Index Name": "company_name_pkey", "Relation Name": "company_name", "Alias": "cn", "Startup Cost": 0.42, "Total Cost": 0.44, "Plan Rows": 1, "Plan Width": 23, "Index Cond": "(id = mc.company_id)", "Filter": "((country_code)::text = '[us]'::text)"}]}, {"Node Type": "Index Scan", "Parent Relationship": "Inner", "Parallel Aware": false, "Scan Direction": "Forward", "Index Name": "company_type_pkey", "Relation Name": "company_type", "Alias": "ct", "Startup Cost": 0.15, "Total Cost": 0.17, "Plan Rows": 1, "Plan Width": 4, "Index Cond": "(id = mc.company_type_id)", "Filter": "((kind)::text = 'production companies'::text)"}]}, {"Node Type": "Index Scan", "Parent Relationship": "Inner", "Parallel Aware": false, "Scan Direction": "Forward", "Index Name": "movie_id_movie_info", "Relation Name": "movie_info", "Alias": "mi", "Startup Cost": 0.43, "Total Cost": 1.24, "Plan Rows": 41, "Plan Width": 8, "Index Cond": "(movie_id = mc.movie_id)"}]}, {"Node Type": "Index Scan", "Parent Relationship": "Inner", "Parallel Aware": false, "Scan Direction": "Forward", "Index Name": "info_type_pkey", "Relation Name": "info_type", "Alias": "it2", "Startup Cost": 0.14, "Total Cost": 0.16, "Plan Rows": 1, "Plan Width": 4, "Index Cond": "(id = mi.info_type_id)", "Filter": "((info)::text = 'release dates'::text)"}]}]}}, {"Plan": {"Node Type": "Aggregate", "Strategy": "Plain", "Partial Mode": "Simple", "Parallel Aware": false, "Startup Cost": 22326.68, "Total Cost": 22326.69, "Plan Rows": 1, "Plan Width": 96, "Plans": [{"Node Type": "Nested Loop", "Parent Relationship": "Outer", "Parallel Aware": false, "Join Type": "Inner", "Startup Cost": 2.14, "Total Cost": 22326.67, "Plan Rows": 1, "Plan Width": 41, "Inner Unique": true, "Join Filter": "(mi.info_type_id = it2.id)", "Plans": [{"Node Type": "Nested Loop", "Parent Relationship": "Outer", "Parallel Aware": false, "Join Type": "Inner", "Startup Cost": 2.14, "Total Cost": 22324.25, "Plan Rows": 1, "Plan Width": 45, "Inner Unique": false, "Join Filter": "(t.id = mi.movie_id)", "Plans": [{"Node Type": "Nested Loop", "Parent Relationship": "Outer", "Parallel Aware": false, "Join Type": "Inner", "Startup Cost": 1.71, "Total Cost": 22322.49, "Plan Rows": 1, "Plan Width": 53, "Inner Unique": true, "Join Filter": "(mc.company_type_id = ct.id)", "Plans": [{"Node Type": "Nested Loop", "Parent Relationship": "Outer", "Parallel Aware": false, "Join Type": "Inner", "Startup Cost": 1.71, "Total Cost": 22303.57, "Plan Rows": 1, "Plan Width": 57, "Inner Unique": true, "Plans": [{"Node Type": "Nested Loop", "Parent Relationship": "Outer", "Parallel Aware": false, "Join Type": "Inner", "Startup Cost": 1.29, "Total Cost": 22303.12, "Plan Rows": 1, "Plan Width": 42, "Inner Unique": false, "Join Filter": "(t.id = mc.movie_id)", "Plans": [{"Node Type": "Nested Loop", "Parent Relationship": "Outer", "Parallel Aware": false, "Join Type": "Inner", "Startup Cost": 0.86, "Total Cost": 22302.52, "Plan Rows": 1, "Plan Width": 30, "Inner Unique": false, "Join Filter": "(t.kind_id = kt.id)", "Plans": [{"Node Type": "Seq Scan", "Parent Relationship": "Outer", "Parallel Aware": false, "Relation Name": "kind_type", "Alias": "kt", "Startup Cost": 0.0, "Total Cost": 22.75, "Plan Rows": 5, "Plan Width": 4, "Filter": "((kind)::text = 'movie'::text)"}, {"Node Type": "Materialize", "Parent Relationship": "Inner", "Parallel Aware": false, "Startup Cost": 0.86, "Total Cost": 22279.63, "Plan Rows": 2, "Plan Width": 34, "Plans": [{"Node Type": "Nested Loop", "Parent Relationship": "Outer", "Parallel Aware": false, "Join Type": "Inner", "Startup Cost": 0.86, "Total Cost": 22279.62, "Plan Rows": 2, "Plan Width": 34, "Inner Unique": true, "Plans": [{"Node Type": "Nested Loop", "Parent Relationship": "Outer", "Parallel Aware": false, "Join Type": "Inner", "Startup Cost": 0.43, "Total Cost": 16284.63, "Plan Rows": 12213, "Plan Width": 9, "Inner Unique": false, "Plans": [{"Node Type": "Seq Scan", "Parent Relationship": "Outer", "Parallel Aware": false, "Relation Name": "info_type", "Alias": "it", "Startup Cost": 0.0, "Total Cost": 2.41, "Plan Rows": 1, "Plan Width": 4, "Filter": "((info)::text = 'rating'::text)"}, {"Node Type": "Index Scan", "Parent Relationship": "Inner", "Parallel Aware": false, "Scan Direction": "Forward", "Index Name": "info_type_id_movie_info_idx", "Relation Name": "movie_info_idx", "Alias": "miidx", "Startup Cost": 0.43, "Total Cost": 13522.14, "Plan Rows": 276007, "Plan Width": 13, "Index Cond": "(info_type_id = it.id)"}]}, {"Node Type": "Index Scan", "Parent Relationship": "Inner", "Parallel Aware": false, "Scan Direction": "Forward", "Index Name": "title_pkey", "Relation Name": "title", "Alias": "t", "Startup Cost": 0.43, "Total Cost": 0.49, "Plan Rows": 1, "Plan Width": 25, "Index Cond": "(id = miidx.movie_id)", "Filter": "((title <> ''::text) AND ((title ~~ '%Champion%'::text) OR (title ~~ '%Loser%'::text)))"}]}]}]}, {"Node Type": "Index Scan", "Parent Relationship": "Inner", "Parallel Aware": false, "Scan Direction": "Forward", "Index Name": "movie_id_movie_companies", "Relation Name": "movie_companies", "Alias": "mc", "Startup Cost": 0.43, "Total Cost": 0.54, "Plan Rows": 5, "Plan Width": 12, "Index Cond": "(movie_id = miidx.movie_id)"}]}, {"Node Type": "Index Scan", "Parent Relationship": "Inner", "Parallel Aware": false, "Scan Direction": "Forward", "Index Name": "company_name_pkey", "Relation Name": "company_name", "Alias": "cn", "Startup Cost": 0.42, "Total Cost": 0.44, "Plan Rows": 1, "Plan Width": 23, "Index Cond": "(id = mc.company_id)", "Filter": "((country_code)::text = '[us]'::text)"}]}, {"Node Type": "Seq Scan", "Parent Relationship": "Inner", "Parallel Aware": false, "Relation Name": "company_type", "Alias": "ct", "Startup Cost": 0.0, "Total Cost": 18.88, "Plan Rows": 4, "Plan Width": 4, "Filter": "((kind)::text = 'production companies'::text)"}]}, {"Node Type": "Index Scan", "Parent Relationship": "Inner", "Parallel Aware": false, "Scan Direction": "Forward", "Index Name": "movie_id_movie_info", "Relation Name": "movie_info", "Alias": "mi", "Startup Cost": 0.43, "Total Cost": 1.24, "Plan Rows": 41, "Plan Width": 8, "Index Cond": "(movie_id = mc.movie_id)"}]}, {"Node Type": "Seq Scan", "Parent Relationship": "Inner", "Parallel Aware": false, "Relation Name": "info_type", "Alias": "it2", "Startup Cost": 0.0, "Total Cost": 2.41, "Plan Rows": 1, "Plan Width": 4, "Filter": "((info)::text = 'release dates'::text)"}]}]}}, {"Plan": {"Node Type": "Aggregate", "Strategy": "Plain", "Partial Mode": "Simple", "Parallel Aware": false, "Startup Cost": 509623.12, "Total Cost": 509623.13, "Plan Rows": 1, "Plan Width": 96, "Plans": [{"Node Type": "Merge Join", "Parent Relationship": "Outer", "Parallel Aware": false, "Join Type": "Inner", "Startup Cost": 501271.34, "Total Cost": 509623.11, "Plan Rows": 1, "Plan Width": 41, "Inner Unique": false, "Merge Cond": "(cn.id = mc.company_id)", "Plans": [{"Node Type": "Index Scan", "Parent Relationship": "Outer", "Parallel Aware": false, "Scan Direction": "Forward", "Index Name": "company_name_pkey", "Relation Name": "company_name", "Alias": "cn", "Startup Cost": 0.42, "Total Cost": 8139.96, "Plan Rows": 85782, "Plan Width": 23, "Filter": "((country_code)::text = '[us]'::text)"}, {"Node Type": "Sort", "Parent Relationship": "Inner", "Parallel Aware": false, "Startup Cost": 501270.92, "Total Cost": 501270.92, "Plan Rows": 1, "Plan Width": 26, "Sort Key": ["mc.company_id"], "Plans": [{"Node Type": "Merge Join", "Parent Relationship": "Outer", "Parallel Aware": false, "Join Type": "Inner", "Startup Cost": 500499.62, "Total Cost": 501270.91, "Plan Rows": 1, "Plan Width": 26, "Inner Unique": false, "Merge Cond": "(mi.movie_id = mc.movie_id)", "Plans": [{"Node Type": "Merge Join", "Parent Relationship": "Outer", "Parallel Aware": false, "Join Type": "Inner", "Startup Cost": 447191.58, "Total Cost": 447889.36, "Plan Rows": 1, "Plan Width": 34, "Inner Unique": false, "Merge Cond": "(mi.movie_id = t.id)", "Plans": [{"Node Type": "Gather Merge", "Parent Relationship": "Outer", "Parallel Aware": false, "Startup Cost": 395892.18, "Total Cost": 396581.3, "Plan Rows": 3456, "Plan Width": 13, "Workers Planned": 3, "Plans": [{"Node Type": "Merge Join", "Parent Relationship": "Outer", "Parallel Aware": false, "Join Type": "Inner", "Startup Cost": 394892.14, "Total Cost": 395175.18, "Plan Rows": 1115, "Plan Width": 13, "Inner Unique": false, "Merge Cond": "(mi.movie_id = miidx.movie_id)", "Plans": [{"Node Type": "Sort", "Parent Relationship": "Outer", "Parallel Aware": false, "Startup Cost": 357229.85, "Total Cost": 357335.32, "Plan Rows": 42189, "Plan Width": 4, "Sort Key": ["mi.movie_id"], "Plans": [{"Node Type": "Merge Join", "Parent Relationship": "Outer", "Parallel Aware": false, "Join Type": "Inner", "Startup Cost": 2.86, "Total Cost": 353988.76, "Plan Rows": 42189, "Plan Width": 4, "Inner Unique": true, "Merge Cond": "(mi.info_type_id = it2.id)", "Plans": [{"Node Type": "Index Scan", "Parent Relationship": "Outer", "Parallel Aware": true, "Scan Direction": "Forward", "Index Name": "info_type_id_movie_info", "Relation Name": "movie_info", "Alias": "mi", "Startup Cost": 0.43, "Total Cost": 341645.97, "Plan Rows": 4767391, "Plan Width": 8}, {"Node Type": "Sort", "Parent Relationship": "Inner", "Parallel Aware": false, "Startup Cost": 2.42, "Total Cost": 2.43, "Plan Rows": 1, "Plan Width": 4, "Sort Key": ["it2.id"], "Plans": [{"Node Type": "Seq Scan", "Parent Relationship": "Outer", "Parallel Aware": false, "Relation Name": "info_type", "Alias": "it2", "Startup Cost": 0.0, "Total Cost": 2.41, "Plan Rows": 1, "Plan Width": 4, "Filter": "((info)::text = 'release dates'::text)"}]}]}]}, {"Node Type": "Sort", "Parent Relationship": "Inner", "Parallel Aware": false, "Startup Cost": 37662.29, "Total Cost": 37692.82, "Plan Rows": 12213, "Plan Width": 9, "Sort Key": ["miidx.movie_id"], "Plans": [{"Node Type": "Merge Join", "Parent Relationship": "Outer", "Parallel Aware": false, "Join Type": "Inner", "Startup Cost": 2.86, "Total Cost": 36833.27, "Plan Rows": 12213, "Plan Width": 9, "Inner Unique": true, "Merge Cond": "(miidx.info_type_id = it.id)", "Plans": [{"Node Type": "Index Scan", "Parent Relationship": "Outer", "Parallel Aware": false, "Scan Direction": "Forward", "Index Name": "info_type_id_movie_info_idx", "Relation Name": "movie_info_idx", "Alias": "miidx", "Startup Cost": 0.43, "Total Cost": 33258.62, "Plan Rows": 1380035, "Plan Width": 13}, {"Node Type": "Sort", "Parent Relationship": "Inner", "Parallel Aware": false, "Startup Cost": 2.42, "Total Cost": 2.43, "Plan Rows": 1, "Plan Width": 4, "Sort Key": ["it.id"], "Plans": [{"Node Type": "Seq Scan", "Parent Relationship": "Outer", "Parallel Aware": false, "Relation Name": "info_type", "Alias": "it", "Startup Cost": 0.0, "Total Cost": 2.41, "Plan Rows": 1, "Plan Width": 4, "Filter": "((info)::text = 'rating'::text)"}]}]}]}]}]}, {"Node Type": "Sort", "Parent Relationship": "Inner", "Parallel Aware": false, "Startup Cost": 51299.41, "Total Cost": 51299.41, "Plan Rows": 2, "Plan Width": 21, "Sort Key": ["t.id"], "Plans": [{"Node Type": "Gather", "Parent Relationship": "Outer", "Parallel Aware": false, "Startup Cost": 51298.4, "Total Cost": 51299.4, "Plan Rows": 2, "Plan Width": 21, "Workers Planned": 3, "Single Copy": false, "Plans": [{"Node Type": "Merge Join", "Parent Relationship": "Outer", "Parallel Aware": false, "Join Type": "Inner", "Startup Cost": 50298.4, "Total Cost": 50299.2, "Plan Rows": 1, "Plan Width": 21, "Inner Unique": true, "Merge Cond": "(t.kind_id = kt.id)", "Plans": [{"Node Type": "Sort", "Parent Relationship": "Outer", "Parallel Aware": false, "Startup Cost": 50275.59, "Total Cost": 50275.97, "Plan Rows": 152, "Plan Width": 25, "Sort Key": ["t.kind_id"], "Plans": [{"Node Type": "Seq Scan", "Parent Relationship": "Outer", "Parallel Aware": true, "Relation Name": "title", "Alias": "t", "Startup Cost": 0.0, "Total Cost": 50270.09, "Plan Rows": 152, "Plan Width": 25, "Filter": "((title <> ''::text) AND ((title ~~ '%Champion%'::text) OR (title ~~ '%Loser%'::text)))"}]}, {"Node Type": "Sort", "Parent Relationship": "Inner", "Parallel Aware": false, "Startup Cost": 22.81, "Total Cost": 22.82, "Plan Rows": 5, "Plan Width": 4, "Sort Key": ["kt.id"], "Plans": [{"Node Type": "Seq Scan", "Parent Relationship": "Outer", "Parallel Aware": false, "Relation Name": "kind_type", "Alias": "kt", "Startup Cost": 0.0, "Total Cost": 22.75, "Plan Rows": 5, "Plan Width": 4, "Filter": "((kind)::text = 'movie'::text)"}]}]}]}]}]}, {"Node Type": "Sort", "Parent Relationship": "Inner", "Parallel Aware": false, "Startup Cost": 53308.04, "Total Cost": 53344.78, "Plan Rows": 14699, "Plan Width": 8, "Sort Key": ["mc.movie_id"], "Plans": [{"Node Type": "Gather", "Parent Relationship": "Outer", "Parallel Aware": false, "Startup Cost": 1019.35, "Total Cost": 52290.61, "Plan Rows": 14699, "Plan Width": 8, "Workers Planned": 3, "Single Copy": false, "Plans": [{"Node Type": "Merge Join", "Parent Relationship": "Outer", "Parallel Aware": false, "Join Type": "Inner", "Startup Cost": 19.34, "Total Cost": 49820.71, "Plan Rows": 4742, "Plan Width": 8, "Inner Unique": true, "Merge Cond": "(mc.company_type_id = ct.id)", "Plans": [{"Node Type": "Index Scan", "Parent Relationship": "Outer", "Parallel Aware": true, "Scan Direction": "Forward", "Index Name": "company_type_id_movie_companies", "Relation Name": "movie_companies", "Alias": "mc", "Startup Cost": 0.43, "Total Cost": 47650.22, "Plan Rows": 841655, "Plan Width": 12}, {"Node Type": "Sort", "Parent Relationship": "Inner", "Parallel Aware": false, "Startup Cost": 18.91, "Total Cost": 18.93, "Plan Rows": 4, "Plan Width": 4, "Sort Key": ["ct.id"], "Plans": [{"Node Type": "Seq Scan", "Parent Relationship": "Outer", "Parallel Aware": false, "Relation Name": "company_type", "Alias": "ct", "Startup Cost": 0.0, "Total Cost": 18.88, "Plan Rows": 4, "Plan Width": 4, "Filter": "((kind)::text = 'production companies'::text)"}]}]}]}]}]}]}]}]}}, {"Plan": {"Node Type": "Aggregate", "Strategy": "Plain", "Partial Mode": "Simple", "Parallel Aware": false, "Startup Cost": 22286.2, "Total Cost": 22286.21, "Plan Rows": 1, "Plan Width": 96, "Plans": [{"Node Type": "Nested Loop", "Parent Relationship": "Outer", "Parallel Aware": false, "Join Type": "Inner", "Startup Cost": 2.73, "Total Cost": 22286.2, "Plan Rows": 1, "Plan Width": 41, "Inner Unique": true, "Plans": [{"Node Type": "Nested Loop", "Parent Relationship": "Outer", "Parallel Aware": false, "Join Type": "Inner", "Startup Cost": 2.58, "Total Cost": 22286.01, "Plan Rows": 1, "Plan Width": 45, "Inner Unique": false, "Join Filter": "(t.id = mi.movie_id)", "Plans": [{"Node Type": "Nested Loop", "Parent Relationship": "Outer", "Parallel Aware": false, "Join Type": "Inner", "Startup Cost": 2.15, "Total Cost": 22284.26, "Plan Rows": 1, "Plan Width": 53, "Inner Unique": true, "Plans": [{"Node Type": "Nested Loop", "Parent Relationship": "Outer", "Parallel Aware": false, "Join Type": "Inner", "Startup Cost": 2.0, "Total Cost": 22284.08, "Plan Rows": 1, "Plan Width": 57, "Inner Unique": true, "Plans": [{"Node Type": "Nested Loop", "Parent Relationship": "Outer", "Parallel Aware": false, "Join Type": "Inner", "Startup Cost": 1.58, "Total Cost": 22283.64, "Plan Rows": 1, "Plan Width": 42, "Inner Unique": false, "Join Filter": "(t.id = mc.movie_id)", "Plans": [{"Node Type": "Nested Loop", "Parent Relationship": "Outer", "Parallel Aware": false, "Join Type": "Inner", "Startup Cost": 1.15, "Total Cost": 22283.04, "Plan Rows": 1, "Plan Width": 30, "Inner Unique": true, "Plans": [{"Node Type": "Nested Loop", "Parent Relationship": "Outer", "Parallel Aware": false, "Join Type": "Inner", "Startup Cost": 1.0, "Total Cost": 22282.62, "Plan Rows": 2, "Plan Width": 34, "Inner Unique": true, "Plans": [{"Node Type": "Nested Loop", "Parent Relationship": "Outer", "Parallel Aware": false, "Join Type": "Inner", "Startup Cost": 0.57, "Total Cost": 16287.63, "Plan Rows": 12213, "Plan Width": 9, "Inner Unique": false, "Plans": [{"Node Type": "Index Scan", "Parent Relationship": "Outer", "Parallel Aware": false, "Scan Direction": "Forward", "Index Name": "info_type_pkey", "Relation Name": "info_type", "Alias": "it", "Startup Cost": 0.14, "Total Cost": 5.42, "Plan Rows": 1, "Plan Width": 4, "Filter": "((info)::text = 'rating'::text)"}, {"Node Type": "Index Scan", "Parent Relationship": "Inner", "Parallel Aware": false, "Scan Direction": "Forward", "Index Name": "info_type_id_movie_info_idx", "Relation Name": "movie_info_idx", "Alias": "miidx", "Startup Cost": 0.43, "Total Cost": 13522.14, "Plan Rows": 276007, "Plan Width": 13, "Index Cond": "(info_type_id = it.id)"}]}, {"Node Type": "Index Scan", "Parent Relationship": "Inner", "Parallel Aware": false, "Scan Direction": "Forward", "Index Name": "title_pkey", "Relation Name": "title", "Alias": "t", "Startup Cost": 0.43, "Total Cost": 0.49, "Plan Rows": 1, "Plan Width": 25, "Index Cond": "(id = miidx.movie_id)", "Filter": "((title <> ''::text) AND ((title ~~ '%Champion%'::text) OR (title ~~ '%Loser%'::text)))"}]}, {"Node Type": "Index Scan", "Parent Relationship": "Inner", "Parallel Aware": false, "Scan Direction": "Forward", "Index Name": "kind_type_pkey", "Relation Name": "kind_type", "Alias": "kt", "Startup Cost": 0.15, "Total Cost": 0.2, "Plan Rows": 1, "Plan Width": 4, "Index Cond": "(id = t.kind_id)", "Filter": "((kind)::text = 'movie'::text)"}]}, {"Node Type": "Index Scan", "Parent Relationship": "Inner", "Parallel Aware": false, "Scan Direction": "Forward", "Index Name": "movie_id_movie_companies", "Relation Name": "movie_companies", "Alias": "mc", "Startup Cost": 0.43, "Total Cost": 0.54, "Plan Rows": 5, "Plan Width": 12, "Index Cond": "(movie_id = miidx.movie_id)"}]}, {"Node Type": "Index Scan", "Parent Relationship": "Inner", "Parallel Aware": false, "Scan Direction": "Forward", "Index Name": "company_name_pkey", "Relation Name": "company_name", "Alias": "cn", "Startup Cost": 0.42, "Total Cost": 0.44, "Plan Rows": 1, "Plan Width": 23, "Index Cond": "(id = mc.company_id)", "Filter": "((country_code)::text = '[us]'::text)"}]}, {"Node Type": "Index Scan", "Parent Relationship": "Inner", "Parallel Aware": false, "Scan Direction": "Forward", "Index Name": "company_type_pkey", "Relation Name": "company_type", "Alias": "ct", "Startup Cost": 0.15, "Total Cost": 0.17, "Plan Rows": 1, "Plan Width": 4, "Index Cond": "(id = mc.company_type_id)", "Filter": "((kind)::text = 'production companies'::text)"}]}, {"Node Type": "Index Scan", "Parent Relationship": "Inner", "Parallel Aware": false, "Scan Direction": "Forward", "Index Name": "movie_id_movie_info", "Relation Name": "movie_info", "Alias": "mi", "Startup Cost": 0.43, "Total Cost": 1.24, "Plan Rows": 41, "Plan Width": 8, "Index Cond": "(movie_id = mc.movie_id)"}]}, {"Node Type": "Index Scan", "Parent Relationship": "Inner", "Parallel Aware": false, "Scan Direction": "Forward", "Index Name": "info_type_pkey", "Relation Name": "info_type", "Alias": "it2", "Startup Cost": 0.14, "Total Cost": 0.16, "Plan Rows": 1, "Plan Width": 4, "Index Cond": "(id = mi.info_type_id)", "Filter": "((info)::text = 'release dates'::text)"}]}]}}, {"Plan": {"Node Type": "Aggregate", "Strategy": "Plain", "Partial Mode": "Simple", "Parallel Aware": false, "Startup Cost": 22326.68, "Total Cost": 22326.69, "Plan Rows": 1, "Plan Width": 96, "Plans": [{"Node Type": "Nested Loop", "Parent Relationship": "Outer", "Parallel Aware": false, "Join Type": "Inner", "Startup Cost": 2.14, "Total Cost": 22326.67, "Plan Rows": 1, "Plan Width": 41, "Inner Unique": true, "Join Filter": "(mi.info_type_id = it2.id)", "Plans": [{"Node Type": "Nested Loop", "Parent Relationship": "Outer", "Parallel Aware": false, "Join Type": "Inner", "Startup Cost": 2.14, "Total Cost": 22324.25, "Plan Rows": 1, "Plan Width": 45, "Inner Unique": false, "Join Filter": "(t.id = mi.movie_id)", "Plans": [{"Node Type": "Nested Loop", "Parent Relationship": "Outer", "Parallel Aware": false, "Join Type": "Inner", "Startup Cost": 1.71, "Total Cost": 22322.49, "Plan Rows": 1, "Plan Width": 53, "Inner Unique": true, "Join Filter": "(mc.company_type_id = ct.id)", "Plans": [{"Node Type": "Nested Loop", "Parent Relationship": "Outer", "Parallel Aware": false, "Join Type": "Inner", "Startup Cost": 1.71, "Total Cost": 22303.57, "Plan Rows": 1, "Plan Width": 57, "Inner Unique": true, "Plans": [{"Node Type": "Nested Loop", "Parent Relationship": "Outer", "Parallel Aware": false, "Join Type": "Inner", "Startup Cost": 1.29, "Total Cost": 22303.12, "Plan Rows": 1, "Plan Width": 42, "Inner Unique": false, "Join Filter": "(t.id = mc.movie_id)", "Plans": [{"Node Type": "Nested Loop", "Parent Relationship": "Outer", "Parallel Aware": false, "Join Type": "Inner", "Startup Cost": 0.86, "Total Cost": 22302.52, "Plan Rows": 1, "Plan Width": 30, "Inner Unique": false, "Join Filter": "(t.kind_id = kt.id)", "Plans": [{"Node Type": "Seq Scan", "Parent Relationship": "Outer", "Parallel Aware": false, "Relation Name": "kind_type", "Alias": "kt", "Startup Cost": 0.0, "Total Cost": 22.75, "Plan Rows": 5, "Plan Width": 4, "Filter": "((kind)::text = 'movie'::text)"}, {"Node Type": "Materialize", "Parent Relationship": "Inner", "Parallel Aware": false, "Startup Cost": 0.86, "Total Cost": 22279.63, "Plan Rows": 2, "Plan Width": 34, "Plans": [{"Node Type": "Nested Loop", "Parent Relationship": "Outer", "Parallel Aware": false, "Join Type": "Inner", "Startup Cost": 0.86, "Total Cost": 22279.62, "Plan Rows": 2, "Plan Width": 34, "Inner Unique": true, "Plans": [{"Node Type": "Nested Loop", "Parent Relationship": "Outer", "Parallel Aware": false, "Join Type": "Inner", "Startup Cost": 0.43, "Total Cost": 16284.63, "Plan Rows": 12213, "Plan Width": 9, "Inner Unique": false, "Plans": [{"Node Type": "Seq Scan", "Parent Relationship": "Outer", "Parallel Aware": false, "Relation Name": "info_type", "Alias": "it", "Startup Cost": 0.0, "Total Cost": 2.41, "Plan Rows": 1, "Plan Width": 4, "Filter": "((info)::text = 'rating'::text)"}, {"Node Type": "Index Scan", "Parent Relationship": "Inner", "Parallel Aware": false, "Scan Direction": "Forward", "Index Name": "info_type_id_movie_info_idx", "Relation Name": "movie_info_idx", "Alias": "miidx", "Startup Cost": 0.43, "Total Cost": 13522.14, "Plan Rows": 276007, "Plan Width": 13, "Index Cond": "(info_type_id = it.id)"}]}, {"Node Type": "Index Scan", "Parent Relationship": "Inner", "Parallel Aware": false, "Scan Direction": "Forward", "Index Name": "title_pkey", "Relation Name": "title", "Alias": "t", "Startup Cost": 0.43, "Total Cost": 0.49, "Plan Rows": 1, "Plan Width": 25, "Index Cond": "(id = miidx.movie_id)", "Filter": "((title <> ''::text) AND ((title ~~ '%Champion%'::text) OR (title ~~ '%Loser%'::text)))"}]}]}]}, {"Node Type": "Index Scan", "Parent Relationship": "Inner", "Parallel Aware": false, "Scan Direction": "Forward", "Index Name": "movie_id_movie_companies", "Relation Name": "movie_companies", "Alias": "mc", "Startup Cost": 0.43, "Total Cost": 0.54, "Plan Rows": 5, "Plan Width": 12, "Index Cond": "(movie_id = miidx.movie_id)"}]}, {"Node Type": "Index Scan", "Parent Relationship": "Inner", "Parallel Aware": false, "Scan Direction": "Forward", "Index Name": "company_name_pkey", "Relation Name": "company_name", "Alias": "cn", "Startup Cost": 0.42, "Total Cost": 0.44, "Plan Rows": 1, "Plan Width": 23, "Index Cond": "(id = mc.company_id)", "Filter": "((country_code)::text = '[us]'::text)"}]}, {"Node Type": "Seq Scan", "Parent Relationship": "Inner", "Parallel Aware": false, "Relation Name": "company_type", "Alias": "ct", "Startup Cost": 0.0, "Total Cost": 18.88, "Plan Rows": 4, "Plan Width": 4, "Filter": "((kind)::text = 'production companies'::text)"}]}, {"Node Type": "Index Scan", "Parent Relationship": "Inner", "Parallel Aware": false, "Scan Direction": "Forward", "Index Name": "movie_id_movie_info", "Relation Name": "movie_info", "Alias": "mi", "Startup Cost": 0.43, "Total Cost": 1.24, "Plan Rows": 41, "Plan Width": 8, "Index Cond": "(movie_id = mc.movie_id)"}]}, {"Node Type": "Seq Scan", "Parent Relationship": "Inner", "Parallel Aware": false, "Relation Name": "info_type", "Alias": "it2", "Startup Cost": 0.0, "Total Cost": 2.41, "Plan Rows": 1, "Plan Width": 4, "Filter": "((info)::text = 'release dates'::text)"}]}]}}, {"Plan": {"Node Type": "Aggregate", "Strategy": "Plain", "Partial Mode": "Simple", "Parallel Aware": false, "Startup Cost": 36196.98, "Total Cost": 36196.99, "Plan Rows": 1, "Plan Width": 96, "Plans": [{"Node Type": "Nested Loop", "Parent Relationship": "Outer", "Parallel Aware": false, "Join Type": "Inner", "Startup Cost": 2926.38, "Total Cost": 36196.97, "Plan Rows": 1, "Plan Width": 41, "Inner Unique": true, "Plans": [{"Node Type": "Nested Loop", "Parent Relationship": "Outer", "Parallel Aware": false, "Join Type": "Inner", "Startup Cost": 2926.23, "Total Cost": 36194.59, "Plan Rows": 1, "Plan Width": 45, "Inner Unique": false, "Join Filter": "(t.id = mi.movie_id)", "Plans": [{"Node Type": "Nested Loop", "Parent Relationship": "Outer", "Parallel Aware": false, "Join Type": "Inner", "Startup Cost": 2925.45, "Total Cost": 36191.69, "Plan Rows": 1, "Plan Width": 53, "Inner Unique": true, "Plans": [{"Node Type": "Nested Loop", "Parent Relationship": "Outer", "Parallel Aware": false, "Join Type": "Inner", "Startup Cost": 2925.29, "Total Cost": 36189.97, "Plan Rows": 1, "Plan Width": 57, "Inner Unique": true, "Plans": [{"Node Type": "Nested Loop", "Parent Relationship": "Outer", "Parallel Aware": false, "Join Type": "Inner", "Startup Cost": 2924.87, "Total Cost": 36188.43, "Plan Rows": 1, "Plan Width": 42, "Inner Unique": false, "Join Filter": "(t.id = mc.movie_id)", "Plans": [{"Node Type": "Nested Loop", "Parent Relationship": "Outer", "Parallel Aware": false, "Join Type": "Inner", "Startup Cost": 2924.39, "Total Cost": 36186.73, "Plan Rows": 1, "Plan Width": 30, "Inner Unique": true, "Plans": [{"Node Type": "Nested Loop", "Parent Relationship": "Outer", "Parallel Aware": false, "Join Type": "Inner", "Startup Cost": 2924.23, "Total Cost": 36183.8, "Plan Rows": 2, "Plan Width": 34, "Inner Unique": true, "Plans": [{"Node Type": "Nested Loop", "Parent Relationship": "Outer", "Parallel Aware": false, "Join Type": "Inner", "Startup Cost": 2923.78, "Total Cost": 17071.35, "Plan Rows": 12213, "Plan Width": 9, "Inner Unique": false, "Plans": [{"Node Type": "Seq Scan", "Parent Relationship": "Outer", "Parallel Aware": false, "Relation Name": "info_type", "Alias": "it", "Startup Cost": 0.0, "Total Cost": 2.41, "Plan Rows": 1, "Plan Width": 4, "Filter": "((info)::text = 'rating'::text)"}, {"Node Type": "Bitmap Heap Scan", "Parent Relationship": "Inner", "Parallel Aware": false, "Relation Name": "movie_info_idx", "Alias": "miidx", "Startup Cost": 2923.78, "Total Cost": 14308.87, "Plan Rows": 276007, "Plan Width": 13, "Recheck Cond": "(info_type_id = it.id)", "Plans": [{"Node Type": "Bitmap Index Scan", "Parent Relationship": "Outer", "Parallel Aware": false, "Index Name": "info_type_id_movie_info_idx", "Startup Cost": 0.0, "Total Cost": 2854.78, "Plan Rows": 276007, "Plan Width": 0, "Index Cond": "(info_type_id = it.id)"}]}]}, {"Node Type": "Bitmap Heap Scan", "Parent Relationship": "Inner", "Parallel Aware": false, "Relation Name": "title", "Alias": "t", "Startup Cost": 0.44, "Total Cost": 1.56, "Plan Rows": 1, "Plan Width": 25, "Recheck Cond": "(id = miidx.movie_id)", "Filter": "((title <> ''::text) AND ((title ~~ '%Champion%'::text) OR (title ~~ '%Loser%'::text)))", "Plans": [{"Node Type": "Bitmap Index Scan", "Parent Relationship": "Outer", "Parallel Aware": false, "Index Name": "title_pkey", "Startup Cost": 0.0, "Total Cost": 0.44, "Plan Rows": 1, "Plan Width": 0, "Index Cond": "(id = miidx.movie_id)"}]}]}, {"Node Type": "Bitmap Heap Scan", "Parent Relationship": "Inner", "Parallel Aware": false, "Relation Name": "kind_type", "Alias": "kt", "Startup Cost": 0.16, "Total Cost": 1.28, "Plan Rows": 1, "Plan Width": 4, "Recheck Cond": "(id = t.kind_id)", "Filter": "((kind)::text = 'movie'::text)", "Plans": [{"Node Type": "Bitmap Index Scan", "Parent Relationship": "Outer", "Parallel Aware": false, "Index Name": "kind_type_pkey", "Startup Cost": 0.0, "Total Cost": 0.16, "Plan Rows": 1, "Plan Width": 0, "Index Cond": "(id = t.kind_id)"}]}]}, {"Node Type": "Bitmap Heap Scan", "Parent Relationship": "Inner", "Parallel Aware": false, "Relation Name": "movie_companies", "Alias": "mc", "Startup Cost": 0.48, "Total Cost": 1.64, "Plan Rows": 5, "Plan Width": 12, "Recheck Cond": "(movie_id = miidx.movie_id)", "Plans": [{"Node Type": "Bitmap Index Scan", "Parent Relationship": "Outer", "Parallel Aware": false, "Index Name": "movie_id_movie_companies", "Startup Cost": 0.0, "Total Cost": 0.48, "Plan Rows": 5, "Plan Width": 0, "Index Cond": "(movie_id = miidx.movie_id)"}]}]}, {"Node Type": "Bitmap Heap Scan", "Parent Relationship": "Inner", "Parallel Aware": false, "Relation Name": "company_name", "Alias": "cn", "Startup Cost": 0.43, "Total Cost": 1.54, "Plan Rows": 1, "Plan Width": 23, "Recheck Cond": "(id = mc.company_id)", "Filter": "((country_code)::text = '[us]'::text)", "Plans": [{"Node Type": "Bitmap Index Scan", "Parent Relationship": "Outer", "Parallel Aware": false, "Index Name": "company_name_pkey", "Startup Cost": 0.0, "Total Cost": 0.43, "Plan Rows": 1, "Plan Width": 0, "Index Cond": "(id = mc.company_id)"}]}]}, {"Node Type": "Bitmap Heap Scan", "Parent Relationship": "Inner", "Parallel Aware": false, "Relation Name": "company_type", "Alias": "ct", "Startup Cost": 0.16, "Total Cost": 1.27, "Plan Rows": 1, "Plan Width": 4, "Recheck Cond": "(id = mc.company_type_id)", "Filter": "((kind)::text = 'production companies'::text)", "Plans": [{"Node Type": "Bitmap Index Scan", "Parent Relationship": "Outer", "Parallel Aware": false, "Index Name": "company_type_pkey", "Startup Cost": 0.0, "Total Cost": 0.16, "Plan Rows": 1, "Plan Width": 0, "Index Cond": "(id = mc.company_type_id)"}]}]}, {"Node Type": "Bitmap Heap Scan", "Parent Relationship": "Inner", "Parallel Aware": false, "Relation Name": "movie_info", "Alias": "mi", "Startup Cost": 0.78, "Total Cost": 2.39, "Plan Rows": 41, "Plan Width": 8, "Recheck Cond": "(movie_id = mc.movie_id)", "Plans": [{"Node Type": "Bitmap Index Scan", "Parent Relationship": "Outer", "Parallel Aware": false, "Index Name": "movie_id_movie_info", "Startup Cost": 0.0, "Total Cost": 0.77, "Plan Rows": 41, "Plan Width": 0, "Index Cond": "(movie_id = mc.movie_id)"}]}]}, {"Node Type": "Bitmap Heap Scan", "Parent Relationship": "Inner", "Parallel Aware": false, "Relation Name": "info_type", "Alias": "it2", "Startup Cost": 0.15, "Total Cost": 1.27, "Plan Rows": 1, "Plan Width": 4, "Recheck Cond": "(id = mi.info_type_id)", "Filter": "((info)::text = 'release dates'::text)", "Plans": [{"Node Type": "Bitmap Index Scan", "Parent Relationship": "Outer", "Parallel Aware": false, "Index Name": "info_type_pkey", "Startup Cost": 0.0, "Total Cost": 0.15, "Plan Rows": 1, "Plan Width": 0, "Index Cond": "(id = mi.info_type_id)"}]}]}]}}, {"Plan": {"Node Type": "Aggregate", "Strategy": "Plain", "Partial Mode": "Simple", "Parallel Aware": false, "Startup Cost": 1096914.83, "Total Cost": 1096914.84, "Plan Rows": 1, "Plan Width": 96, "Plans": [{"Node Type": "Merge Join", "Parent Relationship": "Outer", "Parallel Aware": false, "Join Type": "Inner", "Startup Cost": 1096172.95, "Total Cost": 1096914.82, "Plan Rows": 1, "Plan Width": 41, "Inner Unique": false, "Merge Cond": "(mi.movie_id = miidx.movie_id)", "Plans": [{"Node Type": "Merge Join", "Parent Relationship": "Outer", "Parallel Aware": false, "Join Type": "Inner", "Startup Cost": 1015743.18, "Total Cost": 1016423.98, "Plan Rows": 1, "Plan Width": 48, "Inner Unique": false, "Merge Cond": "(t.id = mi.movie_id)", "Plans": [{"Node Type": "Merge Join", "Parent Relationship": "Outer", "Parallel Aware": false, "Join Type": "Inner", "Startup Cost": 189626.97, "Total Cost": 189653.82, "Plan Rows": 1, "Plan Width": 44, "Inner Unique": false, "Merge Cond": "(t.id = mc.movie_id)", "Plans": [{"Node Type": "Sort", "Parent Relationship": "Outer", "Parallel Aware": false, "Startup Cost": 51299.41, "Total Cost": 51299.41, "Plan Rows": 2, "Plan Width": 21, "Sort Key": ["t.id"], "Plans": [{"Node Type": "Gather", "Parent Relationship": "Outer", "Parallel Aware": false, "Startup Cost": 51298.4, "Total Cost": 51299.4, "Plan Rows": 2, "Plan Width": 21, "Workers Planned": 3, "Single Copy": false, "Plans": [{"Node Type": "Merge Join", "Parent Relationship": "Outer", "Parallel Aware": false, "Join Type": "Inner", "Startup Cost": 50298.4, "Total Cost": 50299.2, "Plan Rows": 1, "Plan Width": 21, "Inner Unique": true, "Merge Cond": "(t.kind_id = kt.id)", "Plans": [{"Node Type": "Sort", "Parent Relationship": "Outer", "Parallel Aware": false, "Startup Cost": 50275.59, "Total Cost": 50275.97, "Plan Rows": 152, "Plan Width": 25, "Sort Key": ["t.kind_id"], "Plans": [{"Node Type": "Seq Scan", "Parent Relationship": "Outer", "Parallel Aware": true, "Relation Name": "title", "Alias": "t", "Startup Cost": 0.0, "Total Cost": 50270.09, "Plan Rows": 152, "Plan Width": 25, "Filter": "((title <> ''::text) AND ((title ~~ '%Champion%'::text) OR (title ~~ '%Loser%'::text)))"}]}, {"Node Type": "Sort", "Parent Relationship": "Inner", "Parallel Aware": false, "Startup Cost": 22.81, "Total Cost": 22.82, "Plan Rows": 5, "Plan Width": 4, "Sort Key": ["kt.id"], "Plans": [{"Node Type": "Seq Scan", "Parent Relationship": "Outer", "Parallel Aware": false, "Relation Name": "kind_type", "Alias": "kt", "Startup Cost": 0.0, "Total Cost": 22.75, "Plan Rows": 5, "Plan Width": 4, "Filter": "((kind)::text = 'movie'::text)"}]}]}]}]}, {"Node Type": "Sort", "Parent Relationship": "Inner", "Parallel Aware": false, "Startup Cost": 138327.57, "Total Cost": 138340.98, "Plan Rows": 5366, "Plan Width": 23, "Sort Key": ["mc.movie_id"], "Plans": [{"Node Type": "Gather", "Parent Relationship": "Outer", "Parallel Aware": false, "Startup Cost": 136988.74, "Total Cost": 137995.15, "Plan Rows": 5366, "Plan Width": 23, "Workers Planned": 3, "Single Copy": false, "Plans": [{"Node Type": "Merge Join", "Parent Relationship": "Outer", "Parallel Aware": false, "Join Type": "Inner", "Startup Cost": 135988.74, "Total Cost": 136458.55, "Plan Rows": 1731, "Plan Width": 23, "Inner Unique": true, "Merge Cond": "(mc.company_id = cn.id)", "Plans": [{"Node Type": "Sort", "Parent Relationship": "Outer", "Parallel Aware": false, "Startup Cost": 123027.13, "Total Cost": 123038.99, "Plan Rows": 4742, "Plan Width": 8, "Sort Key": ["mc.company_id"], "Plans": [{"Node Type": "Merge Join", "Parent Relationship": "Outer", "Parallel Aware": false, "Join Type": "Inner", "Startup Cost": 118481.89, "Total Cost": 122737.6, "Plan Rows": 4742, "Plan Width": 8, "Inner Unique": true, "Merge Cond": "(mc.company_type_id = ct.id)", "Plans": [{"Node Type": "Sort", "Parent Relationship": "Outer", "Parallel Aware": false, "Startup Cost": 118462.97, "Total Cost": 120567.11, "Plan Rows": 841655, "Plan Width": 12, "Sort Key": ["mc.company_type_id"], "Plans": [{"Node Type": "Seq Scan", "Parent Relationship": "Outer", "Parallel Aware": true, "Relation Name": "movie_companies", "Alias": "mc", "Startup Cost": 0.0, "Total Cost": 27206.55, "Plan Rows": 841655, "Plan Width": 12}]}, {"Node Type": "Sort", "Parent Relationship": "Inner", "Parallel Aware": false, "Startup Cost": 18.91, "Total Cost": 18.93, "Plan Rows": 4, "Plan Width": 4, "Sort Key": ["ct.id"], "Plans": [{"Node Type": "Seq Scan", "Parent Relationship": "Outer", "Parallel Aware": false, "Relation Name": "company_type", "Alias": "ct", "Startup Cost": 0.0, "Total Cost": 18.88, "Plan Rows": 4, "Plan Width": 4, "Filter": "((kind)::text = 'production companies'::text)"}]}]}]}, {"Node Type": "Sort", "Parent Relationship": "Inner", "Parallel Aware": false, "Startup Cost": 12961.61, "Total Cost": 13176.06, "Plan Rows": 85782, "Plan Width": 23, "Sort Key": ["cn.id"], "Plans": [{"Node Type": "Seq Scan", "Parent Relationship": "Outer", "Parallel Aware": false, "Relation Name": "company_name", "Alias": "cn", "Startup Cost": 0.0, "Total Cost": 5932.46, "Plan Rows": 85782, "Plan Width": 23, "Filter": "((country_code)::text = '[us]'::text)"}]}]}]}]}]}, {"Node Type": "Sort", "Parent Relationship": "Inner", "Parallel Aware": false, "Startup Cost": 826116.21, "Total Cost": 826443.18, "Plan Rows": 130787, "Plan Width": 4, "Sort Key": ["mi.movie_id"], "Plans": [{"Node Type": "Gather", "Parent Relationship": "Outer", "Parallel Aware": false, "Startup Cost": 777663.81, "Total Cost": 815001.37, "Plan Rows": 130787, "Plan Width": 4, "Workers Planned": 3, "Single Copy": false, "Plans": [{"Node Type": "Merge Join", "Parent Relationship": "Outer", "Parallel Aware": false, "Join Type": "Inner", "Startup Cost": 776663.81, "Total Cost": 800922.67, "Plan Rows": 42189, "Plan Width": 4, "Inner Unique": true, "Merge Cond": "(mi.info_type_id = it2.id)", "Plans": [{"Node Type": "Sort", "Parent Relationship": "Outer", "Parallel Aware": false, "Startup Cost": 776661.39, "Total Cost": 788579.87, "Plan Rows": 4767391, "Plan Width": 8, "Sort Key": ["mi.info_type_id"], "Plans": [{"Node Type": "Seq Scan", "Parent Relationship": "Outer", "Parallel Aware": true, "Relation Name": "movie_info", "Alias": "mi", "Startup Cost": 0.0, "Total Cost": 209666.91, "Plan Rows": 4767391, "Plan Width": 8}]}, {"Node Type": "Sort", "Parent Relationship": "Inner", "Parallel Aware": false, "Startup Cost": 2.42, "Total Cost": 2.43, "Plan Rows": 1, "Plan Width": 4, "Sort Key": ["it2.id"], "Plans": [{"Node Type": "Seq Scan", "Parent Relationship": "Outer", "Parallel Aware": false, "Relation Name": "info_type", "Alias": "it2", "Startup Cost": 0.0, "Total Cost": 2.41, "Plan Rows": 1, "Plan Width": 4, "Filter": "((info)::text = 'release dates'::text)"}]}]}]}]}]}, {"Node Type": "Sort", "Parent Relationship": "Inner", "Parallel Aware": false, "Startup Cost": 80429.77, "Total Cost": 80460.3, "Plan Rows": 12213, "Plan Width": 9, "Sort Key": ["miidx.movie_id"], "Plans": [{"Node Type": "Gather", "Parent Relationship": "Outer", "Parallel Aware": false, "Startup Cost": 75453.48, "Total Cost": 79600.74, "Plan Rows": 12213, "Plan Width": 9, "Workers Planned": 2, "Single Copy": false, "Plans": [{"Node Type": "Merge Join", "Parent Relationship": "Outer", "Parallel Aware": false, "Join Type": "Inner", "Startup Cost": 74453.48, "Total Cost": 77379.44, "Plan Rows": 5089, "Plan Width": 9, "Inner Unique": true, "Merge Cond": "(miidx.info_type_id = it.id)", "Plans": [{"Node Type": "Sort", "Parent Relationship": "Outer", "Parallel Aware": false, "Startup Cost": 74451.05, "Total Cost": 75888.58, "Plan Rows": 575015, "Plan Width": 13, "Sort Key": ["miidx.info_type_id"], "Plans": [{"Node Type": "Seq Scan", "Parent Relationship": "Outer", "Parallel Aware": true, "Relation Name": "movie_info_idx", "Alias": "miidx", "Startup Cost": 0.0, "Total Cost": 13685.15, "Plan Rows": 575015, "Plan Width": 13}]}, {"Node Type": "Sort", "Parent Relationship": "Inner", "Parallel Aware": false, "Startup Cost": 2.42, "Total Cost": 2.43, "Plan Rows": 1, "Plan Width": 4, "Sort Key": ["it.id"], "Plans": [{"Node Type": "Seq Scan", "Parent Relationship": "Outer", "Parallel Aware": false, "Relation Name": "info_type", "Alias": "it", "Startup Cost": 0.0, "Total Cost": 2.41, "Plan Rows": 1, "Plan Width": 4, "Filter": "((info)::text = 'rating'::text)"}]}]}]}]}]}]}}, {"Plan": {"Node Type": "Aggregate", "Strategy": "Plain", "Partial Mode": "Simple", "Parallel Aware": false, "Startup Cost": 36196.98, "Total Cost": 36196.99, "Plan Rows": 1, "Plan Width": 96, "Plans": [{"Node Type": "Nested Loop", "Parent Relationship": "Outer", "Parallel Aware": false, "Join Type": "Inner", "Startup Cost": 2926.38, "Total Cost": 36196.97, "Plan Rows": 1, "Plan Width": 41, "Inner Unique": true, "Plans": [{"Node Type": "Nested Loop", "Parent Relationship": "Outer", "Parallel Aware": false, "Join Type": "Inner", "Startup Cost": 2926.23, "Total Cost": 36194.59, "Plan Rows": 1, "Plan Width": 45, "Inner Unique": false, "Join Filter": "(t.id = mi.movie_id)", "Plans": [{"Node Type": "Nested Loop", "Parent Relationship": "Outer", "Parallel Aware": false, "Join Type": "Inner", "Startup Cost": 2925.45, "Total Cost": 36191.69, "Plan Rows": 1, "Plan Width": 53, "Inner Unique": true, "Plans": [{"Node Type": "Nested Loop", "Parent Relationship": "Outer", "Parallel Aware": false, "Join Type": "Inner", "Startup Cost": 2925.29, "Total Cost": 36189.97, "Plan Rows": 1, "Plan Width": 57, "Inner Unique": true, "Plans": [{"Node Type": "Nested Loop", "Parent Relationship": "Outer", "Parallel Aware": false, "Join Type": "Inner", "Startup Cost": 2924.87, "Total Cost": 36188.43, "Plan Rows": 1, "Plan Width": 42, "Inner Unique": false, "Join Filter": "(t.id = mc.movie_id)", "Plans": [{"Node Type": "Nested Loop", "Parent Relationship": "Outer", "Parallel Aware": false, "Join Type": "Inner", "Startup Cost": 2924.39, "Total Cost": 36186.73, "Plan Rows": 1, "Plan Width": 30, "Inner Unique": true, "Plans": [{"Node Type": "Nested Loop", "Parent Relationship": "Outer", "Parallel Aware": false, "Join Type": "Inner", "Startup Cost": 2924.23, "Total Cost": 36183.8, "Plan Rows": 2, "Plan Width": 34, "Inner Unique": true, "Plans": [{"Node Type": "Nested Loop", "Parent Relationship": "Outer", "Parallel Aware": false, "Join Type": "Inner", "Startup Cost": 2923.78, "Total Cost": 17071.35, "Plan Rows": 12213, "Plan Width": 9, "Inner Unique": false, "Plans": [{"Node Type": "Seq Scan", "Parent Relationship": "Outer", "Parallel Aware": false, "Relation Name": "info_type", "Alias": "it", "Startup Cost": 0.0, "Total Cost": 2.41, "Plan Rows": 1, "Plan Width": 4, "Filter": "((info)::text = 'rating'::text)"}, {"Node Type": "Bitmap Heap Scan", "Parent Relationship": "Inner", "Parallel Aware": false, "Relation Name": "movie_info_idx", "Alias": "miidx", "Startup Cost": 2923.78, "Total Cost": 14308.87, "Plan Rows": 276007, "Plan Width": 13, "Recheck Cond": "(info_type_id = it.id)", "Plans": [{"Node Type": "Bitmap Index Scan", "Parent Relationship": "Outer", "Parallel Aware": false, "Index Name": "info_type_id_movie_info_idx", "Startup Cost": 0.0, "Total Cost": 2854.78, "Plan Rows": 276007, "Plan Width": 0, "Index Cond": "(info_type_id = it.id)"}]}]}, {"Node Type": "Bitmap Heap Scan", "Parent Relationship": "Inner", "Parallel Aware": false, "Relation Name": "title", "Alias": "t", "Startup Cost": 0.44, "Total Cost": 1.56, "Plan Rows": 1, "Plan Width": 25, "Recheck Cond": "(id = miidx.movie_id)", "Filter": "((title <> ''::text) AND ((title ~~ '%Champion%'::text) OR (title ~~ '%Loser%'::text)))", "Plans": [{"Node Type": "Bitmap Index Scan", "Parent Relationship": "Outer", "Parallel Aware": false, "Index Name": "title_pkey", "Startup Cost": 0.0, "Total Cost": 0.44, "Plan Rows": 1, "Plan Width": 0, "Index Cond": "(id = miidx.movie_id)"}]}]}, {"Node Type": "Bitmap Heap Scan", "Parent Relationship": "Inner", "Parallel Aware": false, "Relation Name": "kind_type", "Alias": "kt", "Startup Cost": 0.16, "Total Cost": 1.28, "Plan Rows": 1, "Plan Width": 4, "Recheck Cond": "(id = t.kind_id)", "Filter": "((kind)::text = 'movie'::text)", "Plans": [{"Node Type": "Bitmap Index Scan", "Parent Relationship": "Outer", "Parallel Aware": false, "Index Name": "kind_type_pkey", "Startup Cost": 0.0, "Total Cost": 0.16, "Plan Rows": 1, "Plan Width": 0, "Index Cond": "(id = t.kind_id)"}]}]}, {"Node Type": "Bitmap Heap Scan", "Parent Relationship": "Inner", "Parallel Aware": false, "Relation Name": "movie_companies", "Alias": "mc", "Startup Cost": 0.48, "Total Cost": 1.64, "Plan Rows": 5, "Plan Width": 12, "Recheck Cond": "(movie_id = miidx.movie_id)", "Plans": [{"Node Type": "Bitmap Index Scan", "Parent Relationship": "Outer", "Parallel Aware": false, "Index Name": "movie_id_movie_companies", "Startup Cost": 0.0, "Total Cost": 0.48, "Plan Rows": 5, "Plan Width": 0, "Index Cond": "(movie_id = miidx.movie_id)"}]}]}, {"Node Type": "Bitmap Heap Scan", "Parent Relationship": "Inner", "Parallel Aware": false, "Relation Name": "company_name", "Alias": "cn", "Startup Cost": 0.43, "Total Cost": 1.54, "Plan Rows": 1, "Plan Width": 23, "Recheck Cond": "(id = mc.company_id)", "Filter": "((country_code)::text = '[us]'::text)", "Plans": [{"Node Type": "Bitmap Index Scan", "Parent Relationship": "Outer", "Parallel Aware": false, "Index Name": "company_name_pkey", "Startup Cost": 0.0, "Total Cost": 0.43, "Plan Rows": 1, "Plan Width": 0, "Index Cond": "(id = mc.company_id)"}]}]}, {"Node Type": "Bitmap Heap Scan", "Parent Relationship": "Inner", "Parallel Aware": false, "Relation Name": "company_type", "Alias": "ct", "Startup Cost": 0.16, "Total Cost": 1.27, "Plan Rows": 1, "Plan Width": 4, "Recheck Cond": "(id = mc.company_type_id)", "Filter": "((kind)::text = 'production companies'::text)", "Plans": [{"Node Type": "Bitmap Index Scan", "Parent Relationship": "Outer", "Parallel Aware": false, "Index Name": "company_type_pkey", "Startup Cost": 0.0, "Total Cost": 0.16, "Plan Rows": 1, "Plan Width": 0, "Index Cond": "(id = mc.company_type_id)"}]}]}, {"Node Type": "Bitmap Heap Scan", "Parent Relationship": "Inner", "Parallel Aware": false, "Relation Name": "movie_info", "Alias": "mi", "Startup Cost": 0.78, "Total Cost": 2.39, "Plan Rows": 41, "Plan Width": 8, "Recheck Cond": "(movie_id = mc.movie_id)", "Plans": [{"Node Type": "Bitmap Index Scan", "Parent Relationship": "Outer", "Parallel Aware": false, "Index Name": "movie_id_movie_info", "Startup Cost": 0.0, "Total Cost": 0.77, "Plan Rows": 41, "Plan Width": 0, "Index Cond": "(movie_id = mc.movie_id)"}]}]}, {"Node Type": "Bitmap Heap Scan", "Parent Relationship": "Inner", "Parallel Aware": false, "Relation Name": "info_type", "Alias": "it2", "Startup Cost": 0.15, "Total Cost": 1.27, "Plan Rows": 1, "Plan Width": 4, "Recheck Cond": "(id = mi.info_type_id)", "Filter": "((info)::text = 'release dates'::text)", "Plans": [{"Node Type": "Bitmap Index Scan", "Parent Relationship": "Outer", "Parallel Aware": false, "Index Name": "info_type_pkey", "Startup Cost": 0.0, "Total Cost": 0.15, "Plan Rows": 1, "Plan Width": 0, "Index Cond": "(id = mi.info_type_id)"}]}]}]}}, {"Plan": {"Node Type": "Aggregate", "Strategy": "Plain", "Partial Mode": "Simple", "Parallel Aware": false, "Startup Cost": 18755.12, "Total Cost": 18755.13, "Plan Rows": 1, "Plan Width": 96, "Plans": [{"Node Type": "Nested Loop", "Parent Relationship": "Outer", "Parallel Aware": false, "Join Type": "Inner", "Startup Cost": 1004.58, "Total Cost": 18755.11, "Plan Rows": 1, "Plan Width": 41, "Inner Unique": true, "Plans": [{"Node Type": "Nested Loop", "Parent Relationship": "Outer", "Parallel Aware": false, "Join Type": "Inner", "Startup Cost": 1004.44, "Total Cost": 18754.93, "Plan Rows": 1, "Plan Width": 45, "Inner Unique": false, "Join Filter": "(t.id = mi.movie_id)", "Plans": [{"Node Type": "Nested Loop", "Parent Relationship": "Outer", "Parallel Aware": false, "Join Type": "Inner", "Startup Cost": 1004.0, "Total Cost": 18753.17, "Plan Rows": 1, "Plan Width": 53, "Inner Unique": true, "Plans": [{"Node Type": "Nested Loop", "Parent Relationship": "Outer", "Parallel Aware": false, "Join Type": "Inner", "Startup Cost": 1003.85, "Total Cost": 18752.99, "Plan Rows": 1, "Plan Width": 57, "Inner Unique": true, "Plans": [{"Node Type": "Nested Loop", "Parent Relationship": "Outer", "Parallel Aware": false, "Join Type": "Inner", "Startup Cost": 1003.43, "Total Cost": 18752.55, "Plan Rows": 1, "Plan Width": 42, "Inner Unique": false, "Join Filter": "(t.id = mc.movie_id)", "Plans": [{"Node Type": "Gather", "Parent Relationship": "Outer", "Parallel Aware": false, "Startup Cost": 1003.0, "Total Cost": 18751.95, "Plan Rows": 1, "Plan Width": 30, "Workers Planned": 2, "Single Copy": false, "Plans": [{"Node Type": "Nested Loop", "Parent Relationship": "Outer", "Parallel Aware": false, "Join Type": "Inner", "Startup Cost": 3.01, "Total Cost": 17751.85, "Plan Rows": 1, "Plan Width": 30, "Inner Unique": true, "Plans": [{"Node Type": "Nested Loop", "Parent Relationship": "Outer", "Parallel Aware": false, "Join Type": "Inner", "Startup Cost": 2.86, "Total Cost": 17751.64, "Plan Rows": 1, "Plan Width": 34, "Inner Unique": true, "Plans": [{"Node Type": "Hash Join", "Parent Relationship": "Outer", "Parallel Aware": false, "Join Type": "Inner", "Startup Cost": 2.43, "Total Cost": 15253.6, "Plan Rows": 5089, "Plan Width": 9, "Inner Unique": true, "Hash Cond": "(miidx.info_type_id = it.id)", "Plans": [{"Node Type": "Seq Scan", "Parent Relationship": "Outer", "Parallel Aware": true, "Relation Name": "movie_info_idx", "Alias": "miidx", "Startup Cost": 0.0, "Total Cost": 13685.15, "Plan Rows": 575015, "Plan Width": 13}, {"Node Type": "Hash", "Parent Relationship": "Inner", "Parallel Aware": false, "Startup Cost": 2.41, "Total Cost": 2.41, "Plan Rows": 1, "Plan Width": 4, "Plans": [{"Node Type": "Seq Scan", "Parent Relationship": "Outer", "Parallel Aware": false, "Relation Name": "info_type", "Alias": "it", "Startup Cost": 0.0, "Total Cost": 2.41, "Plan Rows": 1, "Plan Width": 4, "Filter": "((info)::text = 'rating'::text)"}]}]}, {"Node Type": "Index Scan", "Parent Relationship": "Inner", "Parallel Aware": false, "Scan Direction": "Forward", "Index Name": "title_pkey", "Relation Name": "title", "Alias": "t", "Startup Cost": 0.43, "Total Cost": 0.49, "Plan Rows": 1, "Plan Width": 25, "Index Cond": "(id = miidx.movie_id)", "Filter": "((title <> ''::text) AND ((title ~~ '%Champion%'::text) OR (title ~~ '%Loser%'::text)))"}]}, {"Node Type": "Index Scan", "Parent Relationship": "Inner", "Parallel Aware": false, "Scan Direction": "Forward", "Index Name": "kind_type_pkey", "Relation Name": "kind_type", "Alias": "kt", "Startup Cost": 0.15, "Total Cost": 0.2, "Plan Rows": 1, "Plan Width": 4, "Index Cond": "(id = t.kind_id)", "Filter": "((kind)::text = 'movie'::text)"}]}]}, {"Node Type": "Index Scan", "Parent Relationship": "Inner", "Parallel Aware": false, "Scan Direction": "Forward", "Index Name": "movie_id_movie_companies", "Relation Name": "movie_companies", "Alias": "mc", "Startup Cost": 0.43, "Total Cost": 0.54, "Plan Rows": 5, "Plan Width": 12, "Index Cond": "(movie_id = miidx.movie_id)"}]}, {"Node Type": "Index Scan", "Parent Relationship": "Inner", "Parallel Aware": false, "Scan Direction": "Forward", "Index Name": "company_name_pkey", "Relation Name": "company_name", "Alias": "cn", "Startup Cost": 0.42, "Total Cost": 0.44, "Plan Rows": 1, "Plan Width": 23, "Index Cond": "(id = mc.company_id)", "Filter": "((country_code)::text = '[us]'::text)"}]}, {"Node Type": "Index Scan", "Parent Relationship": "Inner", "Parallel Aware": false, "Scan Direction": "Forward", "Index Name": "company_type_pkey", "Relation Name": "company_type", "Alias": "ct", "Startup Cost": 0.15, "Total Cost": 0.17, "Plan Rows": 1, "Plan Width": 4, "Index Cond": "(id = mc.company_type_id)", "Filter": "((kind)::text = 'production companies'::text)"}]}, {"Node Type": "Index Scan", "Parent Relationship": "Inner", "Parallel Aware": false, "Scan Direction": "Forward", "Index Name": "movie_id_movie_info", "Relation Name": "movie_info", "Alias": "mi", "Startup Cost": 0.43, "Total Cost": 1.24, "Plan Rows": 41, "Plan Width": 8, "Index Cond": "(movie_id = mc.movie_id)"}]}, {"Node Type": "Index Scan", "Parent Relationship": "Inner", "Parallel Aware": false, "Scan Direction": "Forward", "Index Name": "info_type_pkey", "Relation Name": "info_type", "Alias": "it2", "Startup Cost": 0.14, "Total Cost": 0.16, "Plan Rows": 1, "Plan Width": 4, "Index Cond": "(id = mi.info_type_id)", "Filter": "((info)::text = 'release dates'::text)"}]}]}}]