[{"Plan": {"Node Type": "Aggregate", "Strategy": "Plain", "Partial Mode": "Simple", "Parallel Aware": false, "Startup Cost": 50007097734.74, "Total Cost": 50007097734.75, "Plan Rows": 1, "Plan Width": 96, "Plans": [{"Node Type": "Nested Loop", "Parent Relationship": "Outer", "Parallel Aware": false, "Join Type": "Inner", "Startup Cost": 50000000002.65, "Total Cost": 50007097734.73, "Plan Rows": 1, "Plan Width": 48, "Inner Unique": true, "Join Filter": "(mk.movie_id = t.id)", "Plans": [{"Node Type": "Nested Loop", "Parent Relationship": "Outer", "Parallel Aware": false, "Join Type": "Inner", "Startup Cost": 40000000002.21, "Total Cost": 40007097733.16, "Plan Rows": 1, "Plan Width": 39, "Inner Unique": true, "Plans": [{"Node Type": "Nested Loop", "Parent Relationship": "Outer", "Parallel Aware": false, "Join Type": "Inner", "Startup Cost": 30000000001.77, "Total Cost": 30007095581.97, "Plan Rows": 1385, "Plan Width": 28, "Inner Unique": false, "Plans": [{"Node Type": "Nested Loop", "Parent Relationship": "Outer", "Parallel Aware": false, "Join Type": "Inner", "Startup Cost": 20000000000.86, "Total Cost": 20007095482.11, "Plan Rows": 34, "Plan Width": 20, "Inner Unique": true, "Plans": [{"Node Type": "Index Scan", "Parent Relationship": "Outer", "Parallel Aware": false, "Scan Direction": "Forward", "Index Name": "movie_id_movie_keyword", "Relation Name": "movie_keyword", "Alias": "mk", "Startup Cost": 10000000000.43, "Total Cost": 10000115635.46, "Plan Rows": 4523930, "Plan Width": 8}, {"Node Type": "Bitmap Heap Scan", "Parent Relationship": "Inner", "Parallel Aware": false, "Relation Name": "keyword", "Alias": "k", "Startup Cost": 0.43, "Total Cost": 1.54, "Plan Rows": 1, "Plan Width": 20, "Recheck Cond": "(id = mk.keyword_id)", "Filter": "(keyword = 'marvel-cinematic-universe'::text)", "Plans": [{"Node Type": "Bitmap Index Scan", "Parent Relationship": "Outer", "Parallel Aware": false, "Index Name": "keyword_pkey", "Startup Cost": 0.0, "Total Cost": 0.43, "Plan Rows": 1, "Plan Width": 0, "Index Cond": "(id = mk.keyword_id)"}]}]}, {"Node Type": "Bitmap Heap Scan", "Parent Relationship": "Inner", "Parallel Aware": false, "Relation Name": "cast_info", "Alias": "ci", "Startup Cost": 0.91, "Total Cost": 2.53, "Plan Rows": 41, "Plan Width": 8, "Recheck Cond": "(movie_id = mk.movie_id)", "Plans": [{"Node Type": "Bitmap Index Scan", "Parent Relationship": "Outer", "Parallel Aware": false, "Index Name": "movie_id_cast_info", "Startup Cost": 0.0, "Total Cost": 0.9, "Plan Rows": 41, "Plan Width": 0, "Index Cond": "(movie_id = mk.movie_id)"}]}]}, {"Node Type": "Bitmap Heap Scan", "Parent Relationship": "Inner", "Parallel Aware": false, "Relation Name": "name", "Alias": "n", "Startup Cost": 0.44, "Total Cost": 1.55, "Plan Rows": 1, "Plan Width": 19, "Recheck Cond": "(id = ci.person_id)", "Filter": "(name ~~ '%Downey%Robert%'::text)", "Plans": [{"Node Type": "Bitmap Index Scan", "Parent Relationship": "Outer", "Parallel Aware": false, "Index Name": "name_pkey", "Startup Cost": 0.0, "Total Cost": 0.44, "Plan Rows": 1, "Plan Width": 0, "Index Cond": "(id = ci.person_id)"}]}]}, {"Node Type": "Bitmap Heap Scan", "Parent Relationship": "Inner", "Parallel Aware": false, "Relation Name": "title", "Alias": "t", "Startup Cost": 0.44, "Total Cost": 1.55, "Plan Rows": 1, "Plan Width": 21, "Recheck Cond": "(id = ci.movie_id)", "Filter": "(production_year > 2010)", "Plans": [{"Node Type": "Bitmap Index Scan", "Parent Relationship": "Outer", "Parallel Aware": false, "Index Name": "title_pkey", "Startup Cost": 0.0, "Total Cost": 0.44, "Plan Rows": 1, "Plan Width": 0, "Index Cond": "(id = ci.movie_id)"}]}]}]}}, {"Plan": {"Node Type": "Aggregate", "Strategy": "Plain", "Partial Mode": "Finalize", "Parallel Aware": false, "Startup Cost": 1005281.15, "Total Cost": 1005281.16, "Plan Rows": 1, "Plan Width": 96, "Plans": [{"Node Type": "Gather", "Parent Relationship": "Outer", "Parallel Aware": false, "Startup Cost": 1005280.82, "Total Cost": 1005281.13, "Plan Rows": 3, "Plan Width": 96, "Workers Planned": 3, "Single Copy": false, "Plans": [{"Node Type": "Aggregate", "Strategy": "Plain", "Partial Mode": "Partial", "Parent Relationship": "Outer", "Parallel Aware": false, "Startup Cost": 1004280.82, "Total Cost": 1004280.83, "Plan Rows": 1, "Plan Width": 96, "Plans": [{"Node Type": "Hash Join", "Parent Relationship": "Outer", "Parallel Aware": true, "Join Type": "Inner", "Startup Cost": 935053.23, "Total Cost": 1004280.81, "Plan Rows": 1, "Plan Width": 48, "Inner Unique": false, "Hash Cond": "(t.id = mk.movie_id)", "Plans": [{"Node Type": "Index Scan", "Parent Relationship": "Outer", "Parallel Aware": true, "Scan Direction": "Forward", "Index Name": "title_pkey", "Relation Name": "title", "Alias": "t", "Startup Cost": 0.43, "Total Cost": 68750.94, "Plan Rows": 127218, "Plan Width": 21, "Filter": "(production_year > 2010)"}, {"Node Type": "Hash", "Parent Relationship": "Inner", "Parallel Aware": true, "Startup Cost": 935052.79, "Total Cost": 935052.79, "Plan Rows": 1, "Plan Width": 39, "Plans": [{"Node Type": "Hash Join", "Parent Relationship": "Outer", "Parallel Aware": true, "Join Type": "Inner", "Startup Cost": 198309.96, "Total Cost": 935052.79, "Plan Rows": 1, "Plan Width": 39, "Inner Unique": false, "Hash Cond": "(ci.movie_id = mk.movie_id)", "Plans": [{"Node Type": "Hash Join", "Parent Relationship": "Outer", "Parallel Aware": true, "Join Type": "Inner", "Startup Cost": 109769.44, "Total Cost": 846507.88, "Plan Rows": 1169, "Plan Width": 19, "Inner Unique": true, "Hash Cond": "(ci.person_id = n.id)", "Plans": [{"Node Type": "Index Scan", "Parent Relationship": "Outer", "Parallel Aware": true, "Scan Direction": "Forward", "Index Name": "person_id_cast_info", "Relation Name": "cast_info", "Alias": "ci", "Startup Cost": 0.56, "Total Cost": 706081.3, "Plan Rows": 11679112, "Plan Width": 8}, {"Node Type": "Hash", "Parent Relationship": "Inner", "Parallel Aware": true, "Startup Cost": 109767.19, "Total Cost": 109767.19, "Plan Rows": 135, "Plan Width": 19, "Plans": [{"Node Type": "Index Scan", "Parent Relationship": "Outer", "Parallel Aware": true, "Scan Direction": "Forward", "Index Name": "name_pkey", "Relation Name": "name", "Alias": "n", "Startup Cost": 0.43, "Total Cost": 109767.19, "Plan Rows": 135, "Plan Width": 19, "Filter": "(name ~~ '%Downey%Robert%'::text)"}]}]}, {"Node Type": "Hash", "Parent Relationship": "Inner", "Parallel Aware": true, "Startup Cost": 88540.37, "Total Cost": 88540.37, "Plan Rows": 11, "Plan Width": 20, "Plans": [{"Node Type": "Hash Join", "Parent Relationship": "Outer", "Parallel Aware": false, "Join Type": "Inner", "Startup Cost": 3852.26, "Total Cost": 88540.37, "Plan Rows": 11, "Plan Width": 20, "Inner Unique": true, "Hash Cond": "(mk.keyword_id = k.id)", "Plans": [{"Node Type": "Index Scan", "Parent Relationship": "Outer", "Parallel Aware": true, "Scan Direction": "Forward", "Index Name": "keyword_id_movie_keyword", "Relation Name": "movie_keyword", "Alias": "mk", "Startup Cost": 0.43, "Total Cost": 80857.68, "Plan Rows": 1459332, "Plan Width": 8}, {"Node Type": "Hash", "Parent Relationship": "Inner", "Parallel Aware": false, "Startup Cost": 3851.82, "Total Cost": 3851.82, "Plan Rows": 1, "Plan Width": 20, "Plans": [{"Node Type": "Index Scan", "Parent Relationship": "Outer", "Parallel Aware": false, "Scan Direction": "Forward", "Index Name": "keyword_pkey", "Relation Name": "keyword", "Alias": "k", "Startup Cost": 0.42, "Total Cost": 3851.82, "Plan Rows": 1, "Plan Width": 20, "Filter": "(keyword = 'marvel-cinematic-universe'::text)"}]}]}]}]}]}]}]}]}]}}, {"Plan": {"Node Type": "Aggregate", "Strategy": "Plain", "Partial Mode": "Finalize", "Parallel Aware": false, "Startup Cost": 1005098.72, "Total Cost": 1005098.73, "Plan Rows": 1, "Plan Width": 96, "Plans": [{"Node Type": "Gather", "Parent Relationship": "Outer", "Parallel Aware": false, "Startup Cost": 1005098.38, "Total Cost": 1005098.69, "Plan Rows": 3, "Plan Width": 96, "Workers Planned": 3, "Single Copy": false, "Plans": [{"Node Type": "Aggregate", "Strategy": "Plain", "Partial Mode": "Partial", "Parent Relationship": "Outer", "Parallel Aware": false, "Startup Cost": 1004098.38, "Total Cost": 1004098.39, "Plan Rows": 1, "Plan Width": 96, "Plans": [{"Node Type": "Hash Join", "Parent Relationship": "Outer", "Parallel Aware": true, "Join Type": "Inner", "Startup Cost": 934870.79, "Total Cost": 1004098.38, "Plan Rows": 1, "Plan Width": 48, "Inner Unique": false, "Hash Cond": "(t.id = mk.movie_id)", "Plans": [{"Node Type": "Index Scan", "Parent Relationship": "Outer", "Parallel Aware": true, "Scan Direction": "Forward", "Index Name": "title_pkey", "Relation Name": "title", "Alias": "t", "Startup Cost": 0.43, "Total Cost": 68750.94, "Plan Rows": 127218, "Plan Width": 21, "Filter": "(production_year > 2010)"}, {"Node Type": "Hash", "Parent Relationship": "Inner", "Parallel Aware": true, "Startup Cost": 934870.35, "Total Cost": 934870.35, "Plan Rows": 1, "Plan Width": 39, "Plans": [{"Node Type": "Hash Join", "Parent Relationship": "Outer", "Parallel Aware": true, "Join Type": "Inner", "Startup Cost": 198127.52, "Total Cost": 934870.35, "Plan Rows": 1, "Plan Width": 39, "Inner Unique": false, "Hash Cond": "(ci.movie_id = mk.movie_id)", "Plans": [{"Node Type": "Hash Join", "Parent Relationship": "Outer", "Parallel Aware": true, "Join Type": "Inner", "Startup Cost": 109769.44, "Total Cost": 846507.88, "Plan Rows": 1169, "Plan Width": 19, "Inner Unique": true, "Hash Cond": "(ci.person_id = n.id)", "Plans": [{"Node Type": "Index Scan", "Parent Relationship": "Outer", "Parallel Aware": true, "Scan Direction": "Forward", "Index Name": "person_id_cast_info", "Relation Name": "cast_info", "Alias": "ci", "Startup Cost": 0.56, "Total Cost": 706081.3, "Plan Rows": 11679112, "Plan Width": 8}, {"Node Type": "Hash", "Parent Relationship": "Inner", "Parallel Aware": true, "Startup Cost": 109767.19, "Total Cost": 109767.19, "Plan Rows": 135, "Plan Width": 19, "Plans": [{"Node Type": "Index Scan", "Parent Relationship": "Outer", "Parallel Aware": true, "Scan Direction": "Forward", "Index Name": "name_pkey", "Relation Name": "name", "Alias": "n", "Startup Cost": 0.43, "Total Cost": 109767.19, "Plan Rows": 135, "Plan Width": 19, "Filter": "(name ~~ '%Downey%Robert%'::text)"}]}]}, {"Node Type": "Hash", "Parent Relationship": "Inner", "Parallel Aware": true, "Startup Cost": 88357.94, "Total Cost": 88357.94, "Plan Rows": 11, "Plan Width": 20, "Plans": [{"Node Type": "Merge Join", "Parent Relationship": "Outer", "Parallel Aware": false, "Join Type": "Inner", "Startup Cost": 523.41, "Total Cost": 88357.94, "Plan Rows": 11, "Plan Width": 20, "Inner Unique": true, "Merge Cond": "(mk.keyword_id = k.id)", "Plans": [{"Node Type": "Index Scan", "Parent Relationship": "Outer", "Parallel Aware": true, "Scan Direction": "Forward", "Index Name": "keyword_id_movie_keyword", "Relation Name": "movie_keyword", "Alias": "mk", "Startup Cost": 0.43, "Total Cost": 80857.68, "Plan Rows": 1459332, "Plan Width": 8}, {"Node Type": "Index Scan", "Parent Relationship": "Inner", "Parallel Aware": false, "Scan Direction": "Forward", "Index Name": "keyword_pkey", "Relation Name": "keyword", "Alias": "k", "Startup Cost": 0.42, "Total Cost": 3851.82, "Plan Rows": 1, "Plan Width": 20, "Filter": "(keyword = 'marvel-cinematic-universe'::text)"}]}]}]}]}]}]}]}]}}, {"Plan": {"Node Type": "Aggregate", "Strategy": "Plain", "Partial Mode": "Simple", "Parallel Aware": false, "Startup Cost": 4316.58, "Total Cost": 4316.59, "Plan Rows": 1, "Plan Width": 96, "Plans": [{"Node Type": "Nested Loop", "Parent Relationship": "Outer", "Parallel Aware": false, "Join Type": "Inner", "Startup Cost": 2.28, "Total Cost": 4316.57, "Plan Rows": 1, "Plan Width": 48, "Inner Unique": true, "Plans": [{"Node Type": "Nested Loop", "Parent Relationship": "Outer", "Parallel Aware": false, "Join Type": "Inner", "Startup Cost": 1.85, "Total Cost": 4218.91, "Plan Rows": 216, "Plan Width": 37, "Inner Unique": false, "Join Filter": "(t.id = ci.movie_id)", "Plans": [{"Node Type": "Nested Loop", "Parent Relationship": "Outer", "Parallel Aware": false, "Join Type": "Inner", "Startup Cost": 1.28, "Total Cost": 4209.47, "Plan Rows": 5, "Plan Width": 41, "Inner Unique": true, "Plans": [{"Node Type": "Nested Loop", "Parent Relationship": "Outer", "Parallel Aware": false, "Join Type": "Inner", "Startup Cost": 0.85, "Total Cost": 4193.8, "Plan Rows": 34, "Plan Width": 20, "Inner Unique": false, "Plans": [{"Node Type": "Index Scan", "Parent Relationship": "Outer", "Parallel Aware": false, "Scan Direction": "Forward", "Index Name": "keyword_pkey", "Relation Name": "keyword", "Alias": "k", "Startup Cost": 0.42, "Total Cost": 3851.82, "Plan Rows": 1, "Plan Width": 20, "Filter": "(keyword = 'marvel-cinematic-universe'::text)"}, {"Node Type": "Index Scan", "Parent Relationship": "Inner", "Parallel Aware": false, "Scan Direction": "Forward", "Index Name": "keyword_id_movie_keyword", "Relation Name": "movie_keyword", "Alias": "mk", "Startup Cost": 0.43, "Total Cost": 338.96, "Plan Rows": 302, "Plan Width": 8, "Index Cond": "(keyword_id = k.id)"}]}, {"Node Type": "Index Scan", "Parent Relationship": "Inner", "Parallel Aware": false, "Scan Direction": "Forward", "Index Name": "title_pkey", "Relation Name": "title", "Alias": "t", "Startup Cost": 0.43, "Total Cost": 0.46, "Plan Rows": 1, "Plan Width": 21, "Index Cond": "(id = mk.movie_id)", "Filter": "(production_year > 2010)"}]}, {"Node Type": "Index Scan", "Parent Relationship": "Inner", "Parallel Aware": false, "Scan Direction": "Forward", "Index Name": "movie_id_cast_info", "Relation Name": "cast_info", "Alias": "ci", "Startup Cost": 0.56, "Total Cost": 1.38, "Plan Rows": 41, "Plan Width": 8, "Index Cond": "(movie_id = mk.movie_id)"}]}, {"Node Type": "Index Scan", "Parent Relationship": "Inner", "Parallel Aware": false, "Scan Direction": "Forward", "Index Name": "name_pkey", "Relation Name": "name", "Alias": "n", "Startup Cost": 0.43, "Total Cost": 0.45, "Plan Rows": 1, "Plan Width": 19, "Index Cond": "(id = ci.person_id)", "Filter": "(name ~~ '%Downey%Robert%'::text)"}]}]}}, {"Plan": {"Node Type": "Aggregate", "Strategy": "Plain", "Partial Mode": "Finalize", "Parallel Aware": false, "Startup Cost": 565733.42, "Total Cost": 565733.43, "Plan Rows": 1, "Plan Width": 96, "Plans": [{"Node Type": "Gather", "Parent Relationship": "Outer", "Parallel Aware": false, "Startup Cost": 565733.08, "Total Cost": 565733.39, "Plan Rows": 3, "Plan Width": 96, "Workers Planned": 3, "Single Copy": false, "Plans": [{"Node Type": "Aggregate", "Strategy": "Plain", "Partial Mode": "Partial", "Parent Relationship": "Outer", "Parallel Aware": false, "Startup Cost": 564733.08, "Total Cost": 564733.09, "Plan Rows": 1, "Plan Width": 96, "Plans": [{"Node Type": "Hash Join", "Parent Relationship": "Outer", "Parallel Aware": true, "Join Type": "Inner", "Startup Cost": 518063.65, "Total Cost": 564733.08, "Plan Rows": 1, "Plan Width": 48, "Inner Unique": false, "Hash Cond": "(t.id = mk.movie_id)", "Plans": [{"Node Type": "Seq Scan", "Parent Relationship": "Outer", "Parallel Aware": true, "Relation Name": "title", "Alias": "t", "Startup Cost": 0.0, "Total Cost": 46192.35, "Plan Rows": 127218, "Plan Width": 21, "Filter": "(production_year > 2010)"}, {"Node Type": "Hash", "Parent Relationship": "Inner", "Parallel Aware": true, "Startup Cost": 518063.64, "Total Cost": 518063.64, "Plan Rows": 1, "Plan Width": 39, "Plans": [{"Node Type": "Hash Join", "Parent Relationship": "Outer", "Parallel Aware": true, "Join Type": "Inner", "Startup Cost": 117923.42, "Total Cost": 518063.64, "Plan Rows": 1, "Plan Width": 39, "Inner Unique": false, "Hash Cond": "(ci.movie_id = mk.movie_id)", "Plans": [{"Node Type": "Hash Join", "Parent Relationship": "Outer", "Parallel Aware": true, "Join Type": "Inner", "Startup Cost": 72418.95, "Total Cost": 472554.78, "Plan Rows": 1169, "Plan Width": 19, "Inner Unique": true, "Hash Cond": "(ci.person_id = n.id)", "Plans": [{"Node Type": "Seq Scan", "Parent Relationship": "Outer", "Parallel Aware": true, "Relation Name": "cast_info", "Alias": "ci", "Startup Cost": 0.0, "Total Cost": 369478.12, "Plan Rows": 11679112, "Plan Width": 8}, {"Node Type": "Hash", "Parent Relationship": "Inner", "Parallel Aware": true, "Startup Cost": 72417.27, "Total Cost": 72417.27, "Plan Rows": 135, "Plan Width": 19, "Plans": [{"Node Type": "Seq Scan", "Parent Relationship": "Outer", "Parallel Aware": true, "Relation Name": "name", "Alias": "n", "Startup Cost": 0.0, "Total Cost": 72417.27, "Plan Rows": 135, "Plan Width": 19, "Filter": "(name ~~ '%Downey%Robert%'::text)"}]}]}, {"Node Type": "Hash", "Parent Relationship": "Inner", "Parallel Aware": true, "Startup Cost": 45504.33, "Total Cost": 45504.33, "Plan Rows": 11, "Plan Width": 20, "Plans": [{"Node Type": "Hash Join", "Parent Relationship": "Outer", "Parallel Aware": false, "Join Type": "Inner", "Startup Cost": 2626.14, "Total Cost": 45504.33, "Plan Rows": 11, "Plan Width": 20, "Inner Unique": true, "Hash Cond": "(mk.keyword_id = k.id)", "Plans": [{"Node Type": "Seq Scan", "Parent Relationship": "Outer", "Parallel Aware": true, "Relation Name": "movie_keyword", "Alias": "mk", "Startup Cost": 0.0, "Total Cost": 39047.32, "Plan Rows": 1459332, "Plan Width": 8}, {"Node Type": "Hash", "Parent Relationship": "Inner", "Parallel Aware": false, "Startup Cost": 2626.12, "Total Cost": 2626.12, "Plan Rows": 1, "Plan Width": 20, "Plans": [{"Node Type": "Seq Scan", "Parent Relationship": "Outer", "Parallel Aware": false, "Relation Name": "keyword", "Alias": "k", "Startup Cost": 0.0, "Total Cost": 2626.12, "Plan Rows": 1, "Plan Width": 20, "Filter": "(keyword = 'marvel-cinematic-universe'::text)"}]}]}]}]}]}]}]}]}]}}, {"Plan": {"Node Type": "Aggregate", "Strategy": "Plain", "Partial Mode": "Simple", "Parallel Aware": false, "Startup Cost": 4316.58, "Total Cost": 4316.59, "Plan Rows": 1, "Plan Width": 96, "Plans": [{"Node Type": "Nested Loop", "Parent Relationship": "Outer", "Parallel Aware": false, "Join Type": "Inner", "Startup Cost": 2.28, "Total Cost": 4316.57, "Plan Rows": 1, "Plan Width": 48, "Inner Unique": true, "Plans": [{"Node Type": "Nested Loop", "Parent Relationship": "Outer", "Parallel Aware": false, "Join Type": "Inner", "Startup Cost": 1.85, "Total Cost": 4218.91, "Plan Rows": 216, "Plan Width": 37, "Inner Unique": false, "Join Filter": "(t.id = ci.movie_id)", "Plans": [{"Node Type": "Nested Loop", "Parent Relationship": "Outer", "Parallel Aware": false, "Join Type": "Inner", "Startup Cost": 1.28, "Total Cost": 4209.47, "Plan Rows": 5, "Plan Width": 41, "Inner Unique": true, "Plans": [{"Node Type": "Nested Loop", "Parent Relationship": "Outer", "Parallel Aware": false, "Join Type": "Inner", "Startup Cost": 0.85, "Total Cost": 4193.8, "Plan Rows": 34, "Plan Width": 20, "Inner Unique": false, "Plans": [{"Node Type": "Index Scan", "Parent Relationship": "Outer", "Parallel Aware": false, "Scan Direction": "Forward", "Index Name": "keyword_pkey", "Relation Name": "keyword", "Alias": "k", "Startup Cost": 0.42, "Total Cost": 3851.82, "Plan Rows": 1, "Plan Width": 20, "Filter": "(keyword = 'marvel-cinematic-universe'::text)"}, {"Node Type": "Index Scan", "Parent Relationship": "Inner", "Parallel Aware": false, "Scan Direction": "Forward", "Index Name": "keyword_id_movie_keyword", "Relation Name": "movie_keyword", "Alias": "mk", "Startup Cost": 0.43, "Total Cost": 338.96, "Plan Rows": 302, "Plan Width": 8, "Index Cond": "(keyword_id = k.id)"}]}, {"Node Type": "Index Scan", "Parent Relationship": "Inner", "Parallel Aware": false, "Scan Direction": "Forward", "Index Name": "title_pkey", "Relation Name": "title", "Alias": "t", "Startup Cost": 0.43, "Total Cost": 0.46, "Plan Rows": 1, "Plan Width": 21, "Index Cond": "(id = mk.movie_id)", "Filter": "(production_year > 2010)"}]}, {"Node Type": "Index Scan", "Parent Relationship": "Inner", "Parallel Aware": false, "Scan Direction": "Forward", "Index Name": "movie_id_cast_info", "Relation Name": "cast_info", "Alias": "ci", "Startup Cost": 0.56, "Total Cost": 1.38, "Plan Rows": 41, "Plan Width": 8, "Index Cond": "(movie_id = mk.movie_id)"}]}, {"Node Type": "Index Scan", "Parent Relationship": "Inner", "Parallel Aware": false, "Scan Direction": "Forward", "Index Name": "name_pkey", "Relation Name": "name", "Alias": "n", "Startup Cost": 0.43, "Total Cost": 0.45, "Plan Rows": 1, "Plan Width": 19, "Index Cond": "(id = ci.person_id)", "Filter": "(name ~~ '%Downey%Robert%'::text)"}]}]}}, {"Plan": {"Node Type": "Aggregate", "Strategy": "Plain", "Partial Mode": "Simple", "Parallel Aware": false, "Startup Cost": 3090.89, "Total Cost": 3090.9, "Plan Rows": 1, "Plan Width": 96, "Plans": [{"Node Type": "Nested Loop", "Parent Relationship": "Outer", "Parallel Aware": false, "Join Type": "Inner", "Startup Cost": 1.86, "Total Cost": 3090.88, "Plan Rows": 1, "Plan Width": 48, "Inner Unique": true, "Plans": [{"Node Type": "Nested Loop", "Parent Relationship": "Outer", "Parallel Aware": false, "Join Type": "Inner", "Startup Cost": 1.43, "Total Cost": 2993.22, "Plan Rows": 216, "Plan Width": 37, "Inner Unique": false, "Join Filter": "(t.id = ci.movie_id)", "Plans": [{"Node Type": "Nested Loop", "Parent Relationship": "Outer", "Parallel Aware": false, "Join Type": "Inner", "Startup Cost": 0.86, "Total Cost": 2983.78, "Plan Rows": 5, "Plan Width": 41, "Inner Unique": true, "Plans": [{"Node Type": "Nested Loop", "Parent Relationship": "Outer", "Parallel Aware": false, "Join Type": "Inner", "Startup Cost": 0.43, "Total Cost": 2968.1, "Plan Rows": 34, "Plan Width": 20, "Inner Unique": false, "Plans": [{"Node Type": "Seq Scan", "Parent Relationship": "Outer", "Parallel Aware": false, "Relation Name": "keyword", "Alias": "k", "Startup Cost": 0.0, "Total Cost": 2626.12, "Plan Rows": 1, "Plan Width": 20, "Filter": "(keyword = 'marvel-cinematic-universe'::text)"}, {"Node Type": "Index Scan", "Parent Relationship": "Inner", "Parallel Aware": false, "Scan Direction": "Forward", "Index Name": "keyword_id_movie_keyword", "Relation Name": "movie_keyword", "Alias": "mk", "Startup Cost": 0.43, "Total Cost": 338.96, "Plan Rows": 302, "Plan Width": 8, "Index Cond": "(keyword_id = k.id)"}]}, {"Node Type": "Index Scan", "Parent Relationship": "Inner", "Parallel Aware": false, "Scan Direction": "Forward", "Index Name": "title_pkey", "Relation Name": "title", "Alias": "t", "Startup Cost": 0.43, "Total Cost": 0.46, "Plan Rows": 1, "Plan Width": 21, "Index Cond": "(id = mk.movie_id)", "Filter": "(production_year > 2010)"}]}, {"Node Type": "Index Scan", "Parent Relationship": "Inner", "Parallel Aware": false, "Scan Direction": "Forward", "Index Name": "movie_id_cast_info", "Relation Name": "cast_info", "Alias": "ci", "Startup Cost": 0.56, "Total Cost": 1.38, "Plan Rows": 41, "Plan Width": 8, "Index Cond": "(movie_id = mk.movie_id)"}]}, {"Node Type": "Index Scan", "Parent Relationship": "Inner", "Parallel Aware": false, "Scan Direction": "Forward", "Index Name": "name_pkey", "Relation Name": "name", "Alias": "n", "Startup Cost": 0.43, "Total Cost": 0.45, "Plan Rows": 1, "Plan Width": 19, "Index Cond": "(id = ci.person_id)", "Filter": "(name ~~ '%Downey%Robert%'::text)"}]}]}}, {"Plan": {"Node Type": "Aggregate", "Strategy": "Plain", "Partial Mode": "Finalize", "Parallel Aware": false, "Startup Cost": 565733.42, "Total Cost": 565733.43, "Plan Rows": 1, "Plan Width": 96, "Plans": [{"Node Type": "Gather", "Parent Relationship": "Outer", "Parallel Aware": false, "Startup Cost": 565733.08, "Total Cost": 565733.39, "Plan Rows": 3, "Plan Width": 96, "Workers Planned": 3, "Single Copy": false, "Plans": [{"Node Type": "Aggregate", "Strategy": "Plain", "Partial Mode": "Partial", "Parent Relationship": "Outer", "Parallel Aware": false, "Startup Cost": 564733.08, "Total Cost": 564733.09, "Plan Rows": 1, "Plan Width": 96, "Plans": [{"Node Type": "Hash Join", "Parent Relationship": "Outer", "Parallel Aware": true, "Join Type": "Inner", "Startup Cost": 518063.65, "Total Cost": 564733.08, "Plan Rows": 1, "Plan Width": 48, "Inner Unique": false, "Hash Cond": "(t.id = mk.movie_id)", "Plans": [{"Node Type": "Seq Scan", "Parent Relationship": "Outer", "Parallel Aware": true, "Relation Name": "title", "Alias": "t", "Startup Cost": 0.0, "Total Cost": 46192.35, "Plan Rows": 127218, "Plan Width": 21, "Filter": "(production_year > 2010)"}, {"Node Type": "Hash", "Parent Relationship": "Inner", "Parallel Aware": true, "Startup Cost": 518063.64, "Total Cost": 518063.64, "Plan Rows": 1, "Plan Width": 39, "Plans": [{"Node Type": "Hash Join", "Parent Relationship": "Outer", "Parallel Aware": true, "Join Type": "Inner", "Startup Cost": 117923.42, "Total Cost": 518063.64, "Plan Rows": 1, "Plan Width": 39, "Inner Unique": false, "Hash Cond": "(ci.movie_id = mk.movie_id)", "Plans": [{"Node Type": "Hash Join", "Parent Relationship": "Outer", "Parallel Aware": true, "Join Type": "Inner", "Startup Cost": 72418.95, "Total Cost": 472554.78, "Plan Rows": 1169, "Plan Width": 19, "Inner Unique": true, "Hash Cond": "(ci.person_id = n.id)", "Plans": [{"Node Type": "Seq Scan", "Parent Relationship": "Outer", "Parallel Aware": true, "Relation Name": "cast_info", "Alias": "ci", "Startup Cost": 0.0, "Total Cost": 369478.12, "Plan Rows": 11679112, "Plan Width": 8}, {"Node Type": "Hash", "Parent Relationship": "Inner", "Parallel Aware": true, "Startup Cost": 72417.27, "Total Cost": 72417.27, "Plan Rows": 135, "Plan Width": 19, "Plans": [{"Node Type": "Seq Scan", "Parent Relationship": "Outer", "Parallel Aware": true, "Relation Name": "name", "Alias": "n", "Startup Cost": 0.0, "Total Cost": 72417.27, "Plan Rows": 135, "Plan Width": 19, "Filter": "(name ~~ '%Downey%Robert%'::text)"}]}]}, {"Node Type": "Hash", "Parent Relationship": "Inner", "Parallel Aware": true, "Startup Cost": 45504.33, "Total Cost": 45504.33, "Plan Rows": 11, "Plan Width": 20, "Plans": [{"Node Type": "Hash Join", "Parent Relationship": "Outer", "Parallel Aware": false, "Join Type": "Inner", "Startup Cost": 2626.14, "Total Cost": 45504.33, "Plan Rows": 11, "Plan Width": 20, "Inner Unique": true, "Hash Cond": "(mk.keyword_id = k.id)", "Plans": [{"Node Type": "Seq Scan", "Parent Relationship": "Outer", "Parallel Aware": true, "Relation Name": "movie_keyword", "Alias": "mk", "Startup Cost": 0.0, "Total Cost": 39047.32, "Plan Rows": 1459332, "Plan Width": 8}, {"Node Type": "Hash", "Parent Relationship": "Inner", "Parallel Aware": false, "Startup Cost": 2626.12, "Total Cost": 2626.12, "Plan Rows": 1, "Plan Width": 20, "Plans": [{"Node Type": "Seq Scan", "Parent Relationship": "Outer", "Parallel Aware": false, "Relation Name": "keyword", "Alias": "k", "Startup Cost": 0.0, "Total Cost": 2626.12, "Plan Rows": 1, "Plan Width": 20, "Filter": "(keyword = 'marvel-cinematic-universe'::text)"}]}]}]}]}]}]}]}]}]}}, {"Plan": {"Node Type": "Aggregate", "Strategy": "Plain", "Partial Mode": "Simple", "Parallel Aware": false, "Startup Cost": 50007097734.74, "Total Cost": 50007097734.75, "Plan Rows": 1, "Plan Width": 96, "Plans": [{"Node Type": "Nested Loop", "Parent Relationship": "Outer", "Parallel Aware": false, "Join Type": "Inner", "Startup Cost": 50000000002.65, "Total Cost": 50007097734.73, "Plan Rows": 1, "Plan Width": 48, "Inner Unique": true, "Join Filter": "(mk.movie_id = t.id)", "Plans": [{"Node Type": "Nested Loop", "Parent Relationship": "Outer", "Parallel Aware": false, "Join Type": "Inner", "Startup Cost": 40000000002.21, "Total Cost": 40007097733.16, "Plan Rows": 1, "Plan Width": 39, "Inner Unique": true, "Plans": [{"Node Type": "Nested Loop", "Parent Relationship": "Outer", "Parallel Aware": false, "Join Type": "Inner", "Startup Cost": 30000000001.77, "Total Cost": 30007095581.97, "Plan Rows": 1385, "Plan Width": 28, "Inner Unique": false, "Plans": [{"Node Type": "Nested Loop", "Parent Relationship": "Outer", "Parallel Aware": false, "Join Type": "Inner", "Startup Cost": 20000000000.86, "Total Cost": 20007095482.11, "Plan Rows": 34, "Plan Width": 20, "Inner Unique": true, "Plans": [{"Node Type": "Index Scan", "Parent Relationship": "Outer", "Parallel Aware": false, "Scan Direction": "Forward", "Index Name": "movie_id_movie_keyword", "Relation Name": "movie_keyword", "Alias": "mk", "Startup Cost": 10000000000.43, "Total Cost": 10000115635.46, "Plan Rows": 4523930, "Plan Width": 8}, {"Node Type": "Bitmap Heap Scan", "Parent Relationship": "Inner", "Parallel Aware": false, "Relation Name": "keyword", "Alias": "k", "Startup Cost": 0.43, "Total Cost": 1.54, "Plan Rows": 1, "Plan Width": 20, "Recheck Cond": "(id = mk.keyword_id)", "Filter": "(keyword = 'marvel-cinematic-universe'::text)", "Plans": [{"Node Type": "Bitmap Index Scan", "Parent Relationship": "Outer", "Parallel Aware": false, "Index Name": "keyword_pkey", "Startup Cost": 0.0, "Total Cost": 0.43, "Plan Rows": 1, "Plan Width": 0, "Index Cond": "(id = mk.keyword_id)"}]}]}, {"Node Type": "Bitmap Heap Scan", "Parent Relationship": "Inner", "Parallel Aware": false, "Relation Name": "cast_info", "Alias": "ci", "Startup Cost": 0.91, "Total Cost": 2.53, "Plan Rows": 41, "Plan Width": 8, "Recheck Cond": "(movie_id = mk.movie_id)", "Plans": [{"Node Type": "Bitmap Index Scan", "Parent Relationship": "Outer", "Parallel Aware": false, "Index Name": "movie_id_cast_info", "Startup Cost": 0.0, "Total Cost": 0.9, "Plan Rows": 41, "Plan Width": 0, "Index Cond": "(movie_id = mk.movie_id)"}]}]}, {"Node Type": "Bitmap Heap Scan", "Parent Relationship": "Inner", "Parallel Aware": false, "Relation Name": "name", "Alias": "n", "Startup Cost": 0.44, "Total Cost": 1.55, "Plan Rows": 1, "Plan Width": 19, "Recheck Cond": "(id = ci.person_id)", "Filter": "(name ~~ '%Downey%Robert%'::text)", "Plans": [{"Node Type": "Bitmap Index Scan", "Parent Relationship": "Outer", "Parallel Aware": false, "Index Name": "name_pkey", "Startup Cost": 0.0, "Total Cost": 0.44, "Plan Rows": 1, "Plan Width": 0, "Index Cond": "(id = ci.person_id)"}]}]}, {"Node Type": "Bitmap Heap Scan", "Parent Relationship": "Inner", "Parallel Aware": false, "Relation Name": "title", "Alias": "t", "Startup Cost": 0.44, "Total Cost": 1.55, "Plan Rows": 1, "Plan Width": 21, "Recheck Cond": "(id = ci.movie_id)", "Filter": "(production_year > 2010)", "Plans": [{"Node Type": "Bitmap Index Scan", "Parent Relationship": "Outer", "Parallel Aware": false, "Index Name": "title_pkey", "Startup Cost": 0.0, "Total Cost": 0.44, "Plan Rows": 1, "Plan Width": 0, "Index Cond": "(id = ci.movie_id)"}]}]}]}}, {"Plan": {"Node Type": "Aggregate", "Strategy": "Plain", "Partial Mode": "Simple", "Parallel Aware": false, "Startup Cost": 10002367706.66, "Total Cost": 10002367706.67, "Plan Rows": 1, "Plan Width": 96, "Plans": [{"Node Type": "Nested Loop", "Parent Relationship": "Outer", "Parallel Aware": false, "Join Type": "Inner", "Startup Cost": 10000000003.07, "Total Cost": 10002367706.65, "Plan Rows": 1, "Plan Width": 48, "Inner Unique": true, "Plans": [{"Node Type": "Nested Loop", "Parent Relationship": "Outer", "Parallel Aware": false, "Join Type": "Inner", "Startup Cost": 10000000002.63, "Total Cost": 10002367371.15, "Plan Rows": 216, "Plan Width": 37, "Inner Unique": false, "Join Filter": "(t.id = ci.movie_id)", "Plans": [{"Node Type": "Nested Loop", "Parent Relationship": "Outer", "Parallel Aware": false, "Join Type": "Inner", "Startup Cost": 10000000001.71, "Total Cost": 10002367355.96, "Plan Rows": 5, "Plan Width": 41, "Inner Unique": true, "Plans": [{"Node Type": "Nested Loop", "Parent Relationship": "Outer", "Parallel Aware": false, "Join Type": "Inner", "Startup Cost": 10000000001.29, "Total Cost": 10001278563.26, "Plan Rows": 705692, "Plan Width": 29, "Inner Unique": false, "Plans": [{"Node Type": "Index Scan", "Parent Relationship": "Outer", "Parallel Aware": false, "Scan Direction": "Forward", "Index Name": "title_pkey", "Relation Name": "title", "Alias": "t", "Startup Cost": 10000000000.43, "Total Cost": 10000090159.07, "Plan Rows": 394376, "Plan Width": 21, "Filter": "(production_year > 2010)"}, {"Node Type": "Bitmap Heap Scan", "Parent Relationship": "Inner", "Parallel Aware": false, "Relation Name": "movie_keyword", "Alias": "mk", "Startup Cost": 0.86, "Total Cost": 2.54, "Plan Rows": 47, "Plan Width": 8, "Recheck Cond": "(movie_id = t.id)", "Plans": [{"Node Type": "Bitmap Index Scan", "Parent Relationship": "Outer", "Parallel Aware": false, "Index Name": "movie_id_movie_keyword", "Startup Cost": 0.0, "Total Cost": 0.84, "Plan Rows": 47, "Plan Width": 0, "Index Cond": "(movie_id = t.id)"}]}]}, {"Node Type": "Bitmap Heap Scan", "Parent Relationship": "Inner", "Parallel Aware": false, "Relation Name": "keyword", "Alias": "k", "Startup Cost": 0.43, "Total Cost": 1.54, "Plan Rows": 1, "Plan Width": 20, "Recheck Cond": "(id = mk.keyword_id)", "Filter": "(keyword = 'marvel-cinematic-universe'::text)", "Plans": [{"Node Type": "Bitmap Index Scan", "Parent Relationship": "Outer", "Parallel Aware": false, "Index Name": "keyword_pkey", "Startup Cost": 0.0, "Total Cost": 0.43, "Plan Rows": 1, "Plan Width": 0, "Index Cond": "(id = mk.keyword_id)"}]}]}, {"Node Type": "Bitmap Heap Scan", "Parent Relationship": "Inner", "Parallel Aware": false, "Relation Name": "cast_info", "Alias": "ci", "Startup Cost": 0.91, "Total Cost": 2.53, "Plan Rows": 41, "Plan Width": 8, "Recheck Cond": "(movie_id = mk.movie_id)", "Plans": [{"Node Type": "Bitmap Index Scan", "Parent Relationship": "Outer", "Parallel Aware": false, "Index Name": "movie_id_cast_info", "Startup Cost": 0.0, "Total Cost": 0.9, "Plan Rows": 41, "Plan Width": 0, "Index Cond": "(movie_id = mk.movie_id)"}]}]}, {"Node Type": "Bitmap Heap Scan", "Parent Relationship": "Inner", "Parallel Aware": false, "Relation Name": "name", "Alias": "n", "Startup Cost": 0.44, "Total Cost": 1.55, "Plan Rows": 1, "Plan Width": 19, "Recheck Cond": "(id = ci.person_id)", "Filter": "(name ~~ '%Downey%Robert%'::text)", "Plans": [{"Node Type": "Bitmap Index Scan", "Parent Relationship": "Outer", "Parallel Aware": false, "Index Name": "name_pkey", "Startup Cost": 0.0, "Total Cost": 0.44, "Plan Rows": 1, "Plan Width": 0, "Index Cond": "(id = ci.person_id)"}]}]}]}}, {"Plan": {"Node Type": "Aggregate", "Strategy": "Plain", "Partial Mode": "Simple", "Parallel Aware": false, "Startup Cost": 3369.22, "Total Cost": 3369.23, "Plan Rows": 1, "Plan Width": 96, "Plans": [{"Node Type": "Nested Loop", "Parent Relationship": "Outer", "Parallel Aware": false, "Join Type": "Inner", "Startup Cost": 6.77, "Total Cost": 3369.22, "Plan Rows": 1, "Plan Width": 48, "Inner Unique": true, "Plans": [{"Node Type": "Nested Loop", "Parent Relationship": "Outer", "Parallel Aware": false, "Join Type": "Inner", "Startup Cost": 6.33, "Total Cost": 3033.72, "Plan Rows": 216, "Plan Width": 37, "Inner Unique": false, "Join Filter": "(t.id = ci.movie_id)", "Plans": [{"Node Type": "Nested Loop", "Parent Relationship": "Outer", "Parallel Aware": false, "Join Type": "Inner", "Startup Cost": 5.41, "Total Cost": 3018.52, "Plan Rows": 5, "Plan Width": 41, "Inner Unique": true, "Plans": [{"Node Type": "Nested Loop", "Parent Relationship": "Outer", "Parallel Aware": false, "Join Type": "Inner", "Startup Cost": 4.97, "Total Cost": 2965.65, "Plan Rows": 34, "Plan Width": 20, "Inner Unique": false, "Plans": [{"Node Type": "Seq Scan", "Parent Relationship": "Outer", "Parallel Aware": false, "Relation Name": "keyword", "Alias": "k", "Startup Cost": 0.0, "Total Cost": 2626.12, "Plan Rows": 1, "Plan Width": 20, "Filter": "(keyword = 'marvel-cinematic-universe'::text)"}, {"Node Type": "Bitmap Heap Scan", "Parent Relationship": "Inner", "Parallel Aware": false, "Relation Name": "movie_keyword", "Alias": "mk", "Startup Cost": 4.97, "Total Cost": 336.51, "Plan Rows": 302, "Plan Width": 8, "Recheck Cond": "(keyword_id = k.id)", "Plans": [{"Node Type": "Bitmap Index Scan", "Parent Relationship": "Outer", "Parallel Aware": false, "Index Name": "keyword_id_movie_keyword", "Startup Cost": 0.0, "Total Cost": 4.9, "Plan Rows": 302, "Plan Width": 0, "Index Cond": "(keyword_id = k.id)"}]}]}, {"Node Type": "Bitmap Heap Scan", "Parent Relationship": "Inner", "Parallel Aware": false, "Relation Name": "title", "Alias": "t", "Startup Cost": 0.44, "Total Cost": 1.55, "Plan Rows": 1, "Plan Width": 21, "Recheck Cond": "(id = mk.movie_id)", "Filter": "(production_year > 2010)", "Plans": [{"Node Type": "Bitmap Index Scan", "Parent Relationship": "Outer", "Parallel Aware": false, "Index Name": "title_pkey", "Startup Cost": 0.0, "Total Cost": 0.44, "Plan Rows": 1, "Plan Width": 0, "Index Cond": "(id = mk.movie_id)"}]}]}, {"Node Type": "Bitmap Heap Scan", "Parent Relationship": "Inner", "Parallel Aware": false, "Relation Name": "cast_info", "Alias": "ci", "Startup Cost": 0.91, "Total Cost": 2.53, "Plan Rows": 41, "Plan Width": 8, "Recheck Cond": "(movie_id = mk.movie_id)", "Plans": [{"Node Type": "Bitmap Index Scan", "Parent Relationship": "Outer", "Parallel Aware": false, "Index Name": "movie_id_cast_info", "Startup Cost": 0.0, "Total Cost": 0.9, "Plan Rows": 41, "Plan Width": 0, "Index Cond": "(movie_id = mk.movie_id)"}]}]}, {"Node Type": "Bitmap Heap Scan", "Parent Relationship": "Inner", "Parallel Aware": false, "Relation Name": "name", "Alias": "n", "Startup Cost": 0.44, "Total Cost": 1.55, "Plan Rows": 1, "Plan Width": 19, "Recheck Cond": "(id = ci.person_id)", "Filter": "(name ~~ '%Downey%Robert%'::text)", "Plans": [{"Node Type": "Bitmap Index Scan", "Parent Relationship": "Outer", "Parallel Aware": false, "Index Name": "name_pkey", "Startup Cost": 0.0, "Total Cost": 0.44, "Plan Rows": 1, "Plan Width": 0, "Index Cond": "(id = ci.person_id)"}]}]}]}}, {"Plan": {"Node Type": "Aggregate", "Strategy": "Plain", "Partial Mode": "Finalize", "Parallel Aware": false, "Startup Cost": 565733.42, "Total Cost": 565733.43, "Plan Rows": 1, "Plan Width": 96, "Plans": [{"Node Type": "Gather", "Parent Relationship": "Outer", "Parallel Aware": false, "Startup Cost": 565733.08, "Total Cost": 565733.39, "Plan Rows": 3, "Plan Width": 96, "Workers Planned": 3, "Single Copy": false, "Plans": [{"Node Type": "Aggregate", "Strategy": "Plain", "Partial Mode": "Partial", "Parent Relationship": "Outer", "Parallel Aware": false, "Startup Cost": 564733.08, "Total Cost": 564733.09, "Plan Rows": 1, "Plan Width": 96, "Plans": [{"Node Type": "Hash Join", "Parent Relationship": "Outer", "Parallel Aware": true, "Join Type": "Inner", "Startup Cost": 518063.65, "Total Cost": 564733.08, "Plan Rows": 1, "Plan Width": 48, "Inner Unique": false, "Hash Cond": "(t.id = mk.movie_id)", "Plans": [{"Node Type": "Seq Scan", "Parent Relationship": "Outer", "Parallel Aware": true, "Relation Name": "title", "Alias": "t", "Startup Cost": 0.0, "Total Cost": 46192.35, "Plan Rows": 127218, "Plan Width": 21, "Filter": "(production_year > 2010)"}, {"Node Type": "Hash", "Parent Relationship": "Inner", "Parallel Aware": true, "Startup Cost": 518063.64, "Total Cost": 518063.64, "Plan Rows": 1, "Plan Width": 39, "Plans": [{"Node Type": "Hash Join", "Parent Relationship": "Outer", "Parallel Aware": true, "Join Type": "Inner", "Startup Cost": 117923.42, "Total Cost": 518063.64, "Plan Rows": 1, "Plan Width": 39, "Inner Unique": false, "Hash Cond": "(ci.movie_id = mk.movie_id)", "Plans": [{"Node Type": "Hash Join", "Parent Relationship": "Outer", "Parallel Aware": true, "Join Type": "Inner", "Startup Cost": 72418.95, "Total Cost": 472554.78, "Plan Rows": 1169, "Plan Width": 19, "Inner Unique": true, "Hash Cond": "(ci.person_id = n.id)", "Plans": [{"Node Type": "Seq Scan", "Parent Relationship": "Outer", "Parallel Aware": true, "Relation Name": "cast_info", "Alias": "ci", "Startup Cost": 0.0, "Total Cost": 369478.12, "Plan Rows": 11679112, "Plan Width": 8}, {"Node Type": "Hash", "Parent Relationship": "Inner", "Parallel Aware": true, "Startup Cost": 72417.27, "Total Cost": 72417.27, "Plan Rows": 135, "Plan Width": 19, "Plans": [{"Node Type": "Seq Scan", "Parent Relationship": "Outer", "Parallel Aware": true, "Relation Name": "name", "Alias": "n", "Startup Cost": 0.0, "Total Cost": 72417.27, "Plan Rows": 135, "Plan Width": 19, "Filter": "(name ~~ '%Downey%Robert%'::text)"}]}]}, {"Node Type": "Hash", "Parent Relationship": "Inner", "Parallel Aware": true, "Startup Cost": 45504.33, "Total Cost": 45504.33, "Plan Rows": 11, "Plan Width": 20, "Plans": [{"Node Type": "Hash Join", "Parent Relationship": "Outer", "Parallel Aware": false, "Join Type": "Inner", "Startup Cost": 2626.14, "Total Cost": 45504.33, "Plan Rows": 11, "Plan Width": 20, "Inner Unique": true, "Hash Cond": "(mk.keyword_id = k.id)", "Plans": [{"Node Type": "Seq Scan", "Parent Relationship": "Outer", "Parallel Aware": true, "Relation Name": "movie_keyword", "Alias": "mk", "Startup Cost": 0.0, "Total Cost": 39047.32, "Plan Rows": 1459332, "Plan Width": 8}, {"Node Type": "Hash", "Parent Relationship": "Inner", "Parallel Aware": false, "Startup Cost": 2626.12, "Total Cost": 2626.12, "Plan Rows": 1, "Plan Width": 20, "Plans": [{"Node Type": "Seq Scan", "Parent Relationship": "Outer", "Parallel Aware": false, "Relation Name": "keyword", "Alias": "k", "Startup Cost": 0.0, "Total Cost": 2626.12, "Plan Rows": 1, "Plan Width": 20, "Filter": "(keyword = 'marvel-cinematic-universe'::text)"}]}]}]}]}]}]}]}]}]}}, {"Plan": {"Node Type": "Aggregate", "Strategy": "Plain", "Partial Mode": "Simple", "Parallel Aware": false, "Startup Cost": 10002367706.66, "Total Cost": 10002367706.67, "Plan Rows": 1, "Plan Width": 96, "Plans": [{"Node Type": "Nested Loop", "Parent Relationship": "Outer", "Parallel Aware": false, "Join Type": "Inner", "Startup Cost": 10000000003.07, "Total Cost": 10002367706.65, "Plan Rows": 1, "Plan Width": 48, "Inner Unique": true, "Plans": [{"Node Type": "Nested Loop", "Parent Relationship": "Outer", "Parallel Aware": false, "Join Type": "Inner", "Startup Cost": 10000000002.63, "Total Cost": 10002367371.15, "Plan Rows": 216, "Plan Width": 37, "Inner Unique": false, "Join Filter": "(t.id = ci.movie_id)", "Plans": [{"Node Type": "Nested Loop", "Parent Relationship": "Outer", "Parallel Aware": false, "Join Type": "Inner", "Startup Cost": 10000000001.71, "Total Cost": 10002367355.96, "Plan Rows": 5, "Plan Width": 41, "Inner Unique": true, "Plans": [{"Node Type": "Nested Loop", "Parent Relationship": "Outer", "Parallel Aware": false, "Join Type": "Inner", "Startup Cost": 10000000001.29, "Total Cost": 10001278563.26, "Plan Rows": 705692, "Plan Width": 29, "Inner Unique": false, "Plans": [{"Node Type": "Index Scan", "Parent Relationship": "Outer", "Parallel Aware": false, "Scan Direction": "Forward", "Index Name": "title_pkey", "Relation Name": "title", "Alias": "t", "Startup Cost": 10000000000.43, "Total Cost": 10000090159.07, "Plan Rows": 394376, "Plan Width": 21, "Filter": "(production_year > 2010)"}, {"Node Type": "Bitmap Heap Scan", "Parent Relationship": "Inner", "Parallel Aware": false, "Relation Name": "movie_keyword", "Alias": "mk", "Startup Cost": 0.86, "Total Cost": 2.54, "Plan Rows": 47, "Plan Width": 8, "Recheck Cond": "(movie_id = t.id)", "Plans": [{"Node Type": "Bitmap Index Scan", "Parent Relationship": "Outer", "Parallel Aware": false, "Index Name": "movie_id_movie_keyword", "Startup Cost": 0.0, "Total Cost": 0.84, "Plan Rows": 47, "Plan Width": 0, "Index Cond": "(movie_id = t.id)"}]}]}, {"Node Type": "Bitmap Heap Scan", "Parent Relationship": "Inner", "Parallel Aware": false, "Relation Name": "keyword", "Alias": "k", "Startup Cost": 0.43, "Total Cost": 1.54, "Plan Rows": 1, "Plan Width": 20, "Recheck Cond": "(id = mk.keyword_id)", "Filter": "(keyword = 'marvel-cinematic-universe'::text)", "Plans": [{"Node Type": "Bitmap Index Scan", "Parent Relationship": "Outer", "Parallel Aware": false, "Index Name": "keyword_pkey", "Startup Cost": 0.0, "Total Cost": 0.43, "Plan Rows": 1, "Plan Width": 0, "Index Cond": "(id = mk.keyword_id)"}]}]}, {"Node Type": "Bitmap Heap Scan", "Parent Relationship": "Inner", "Parallel Aware": false, "Relation Name": "cast_info", "Alias": "ci", "Startup Cost": 0.91, "Total Cost": 2.53, "Plan Rows": 41, "Plan Width": 8, "Recheck Cond": "(movie_id = mk.movie_id)", "Plans": [{"Node Type": "Bitmap Index Scan", "Parent Relationship": "Outer", "Parallel Aware": false, "Index Name": "movie_id_cast_info", "Startup Cost": 0.0, "Total Cost": 0.9, "Plan Rows": 41, "Plan Width": 0, "Index Cond": "(movie_id = mk.movie_id)"}]}]}, {"Node Type": "Bitmap Heap Scan", "Parent Relationship": "Inner", "Parallel Aware": false, "Relation Name": "name", "Alias": "n", "Startup Cost": 0.44, "Total Cost": 1.55, "Plan Rows": 1, "Plan Width": 19, "Recheck Cond": "(id = ci.person_id)", "Filter": "(name ~~ '%Downey%Robert%'::text)", "Plans": [{"Node Type": "Bitmap Index Scan", "Parent Relationship": "Outer", "Parallel Aware": false, "Index Name": "name_pkey", "Startup Cost": 0.0, "Total Cost": 0.44, "Plan Rows": 1, "Plan Width": 0, "Index Cond": "(id = ci.person_id)"}]}]}]}}, {"Plan": {"Node Type": "Aggregate", "Strategy": "Plain", "Partial Mode": "Simple", "Parallel Aware": false, "Startup Cost": 3369.22, "Total Cost": 3369.23, "Plan Rows": 1, "Plan Width": 96, "Plans": [{"Node Type": "Nested Loop", "Parent Relationship": "Outer", "Parallel Aware": false, "Join Type": "Inner", "Startup Cost": 6.77, "Total Cost": 3369.22, "Plan Rows": 1, "Plan Width": 48, "Inner Unique": true, "Plans": [{"Node Type": "Nested Loop", "Parent Relationship": "Outer", "Parallel Aware": false, "Join Type": "Inner", "Startup Cost": 6.33, "Total Cost": 3033.72, "Plan Rows": 216, "Plan Width": 37, "Inner Unique": false, "Join Filter": "(t.id = ci.movie_id)", "Plans": [{"Node Type": "Nested Loop", "Parent Relationship": "Outer", "Parallel Aware": false, "Join Type": "Inner", "Startup Cost": 5.41, "Total Cost": 3018.52, "Plan Rows": 5, "Plan Width": 41, "Inner Unique": true, "Plans": [{"Node Type": "Nested Loop", "Parent Relationship": "Outer", "Parallel Aware": false, "Join Type": "Inner", "Startup Cost": 4.97, "Total Cost": 2965.65, "Plan Rows": 34, "Plan Width": 20, "Inner Unique": false, "Plans": [{"Node Type": "Seq Scan", "Parent Relationship": "Outer", "Parallel Aware": false, "Relation Name": "keyword", "Alias": "k", "Startup Cost": 0.0, "Total Cost": 2626.12, "Plan Rows": 1, "Plan Width": 20, "Filter": "(keyword = 'marvel-cinematic-universe'::text)"}, {"Node Type": "Bitmap Heap Scan", "Parent Relationship": "Inner", "Parallel Aware": false, "Relation Name": "movie_keyword", "Alias": "mk", "Startup Cost": 4.97, "Total Cost": 336.51, "Plan Rows": 302, "Plan Width": 8, "Recheck Cond": "(keyword_id = k.id)", "Plans": [{"Node Type": "Bitmap Index Scan", "Parent Relationship": "Outer", "Parallel Aware": false, "Index Name": "keyword_id_movie_keyword", "Startup Cost": 0.0, "Total Cost": 4.9, "Plan Rows": 302, "Plan Width": 0, "Index Cond": "(keyword_id = k.id)"}]}]}, {"Node Type": "Bitmap Heap Scan", "Parent Relationship": "Inner", "Parallel Aware": false, "Relation Name": "title", "Alias": "t", "Startup Cost": 0.44, "Total Cost": 1.55, "Plan Rows": 1, "Plan Width": 21, "Recheck Cond": "(id = mk.movie_id)", "Filter": "(production_year > 2010)", "Plans": [{"Node Type": "Bitmap Index Scan", "Parent Relationship": "Outer", "Parallel Aware": false, "Index Name": "title_pkey", "Startup Cost": 0.0, "Total Cost": 0.44, "Plan Rows": 1, "Plan Width": 0, "Index Cond": "(id = mk.movie_id)"}]}]}, {"Node Type": "Bitmap Heap Scan", "Parent Relationship": "Inner", "Parallel Aware": false, "Relation Name": "cast_info", "Alias": "ci", "Startup Cost": 0.91, "Total Cost": 2.53, "Plan Rows": 41, "Plan Width": 8, "Recheck Cond": "(movie_id = mk.movie_id)", "Plans": [{"Node Type": "Bitmap Index Scan", "Parent Relationship": "Outer", "Parallel Aware": false, "Index Name": "movie_id_cast_info", "Startup Cost": 0.0, "Total Cost": 0.9, "Plan Rows": 41, "Plan Width": 0, "Index Cond": "(movie_id = mk.movie_id)"}]}]}, {"Node Type": "Bitmap Heap Scan", "Parent Relationship": "Inner", "Parallel Aware": false, "Relation Name": "name", "Alias": "n", "Startup Cost": 0.44, "Total Cost": 1.55, "Plan Rows": 1, "Plan Width": 19, "Recheck Cond": "(id = ci.person_id)", "Filter": "(name ~~ '%Downey%Robert%'::text)", "Plans": [{"Node Type": "Bitmap Index Scan", "Parent Relationship": "Outer", "Parallel Aware": false, "Index Name": "name_pkey", "Startup Cost": 0.0, "Total Cost": 0.44, "Plan Rows": 1, "Plan Width": 0, "Index Cond": "(id = ci.person_id)"}]}]}]}}, {"Plan": {"Node Type": "Aggregate", "Strategy": "Plain", "Partial Mode": "Finalize", "Parallel Aware": false, "Startup Cost": 565733.42, "Total Cost": 565733.43, "Plan Rows": 1, "Plan Width": 96, "Plans": [{"Node Type": "Gather", "Parent Relationship": "Outer", "Parallel Aware": false, "Startup Cost": 565733.08, "Total Cost": 565733.39, "Plan Rows": 3, "Plan Width": 96, "Workers Planned": 3, "Single Copy": false, "Plans": [{"Node Type": "Aggregate", "Strategy": "Plain", "Partial Mode": "Partial", "Parent Relationship": "Outer", "Parallel Aware": false, "Startup Cost": 564733.08, "Total Cost": 564733.09, "Plan Rows": 1, "Plan Width": 96, "Plans": [{"Node Type": "Hash Join", "Parent Relationship": "Outer", "Parallel Aware": true, "Join Type": "Inner", "Startup Cost": 518063.65, "Total Cost": 564733.08, "Plan Rows": 1, "Plan Width": 48, "Inner Unique": false, "Hash Cond": "(t.id = mk.movie_id)", "Plans": [{"Node Type": "Seq Scan", "Parent Relationship": "Outer", "Parallel Aware": true, "Relation Name": "title", "Alias": "t", "Startup Cost": 0.0, "Total Cost": 46192.35, "Plan Rows": 127218, "Plan Width": 21, "Filter": "(production_year > 2010)"}, {"Node Type": "Hash", "Parent Relationship": "Inner", "Parallel Aware": true, "Startup Cost": 518063.64, "Total Cost": 518063.64, "Plan Rows": 1, "Plan Width": 39, "Plans": [{"Node Type": "Hash Join", "Parent Relationship": "Outer", "Parallel Aware": true, "Join Type": "Inner", "Startup Cost": 117923.42, "Total Cost": 518063.64, "Plan Rows": 1, "Plan Width": 39, "Inner Unique": false, "Hash Cond": "(ci.movie_id = mk.movie_id)", "Plans": [{"Node Type": "Hash Join", "Parent Relationship": "Outer", "Parallel Aware": true, "Join Type": "Inner", "Startup Cost": 72418.95, "Total Cost": 472554.78, "Plan Rows": 1169, "Plan Width": 19, "Inner Unique": true, "Hash Cond": "(ci.person_id = n.id)", "Plans": [{"Node Type": "Seq Scan", "Parent Relationship": "Outer", "Parallel Aware": true, "Relation Name": "cast_info", "Alias": "ci", "Startup Cost": 0.0, "Total Cost": 369478.12, "Plan Rows": 11679112, "Plan Width": 8}, {"Node Type": "Hash", "Parent Relationship": "Inner", "Parallel Aware": true, "Startup Cost": 72417.27, "Total Cost": 72417.27, "Plan Rows": 135, "Plan Width": 19, "Plans": [{"Node Type": "Seq Scan", "Parent Relationship": "Outer", "Parallel Aware": true, "Relation Name": "name", "Alias": "n", "Startup Cost": 0.0, "Total Cost": 72417.27, "Plan Rows": 135, "Plan Width": 19, "Filter": "(name ~~ '%Downey%Robert%'::text)"}]}]}, {"Node Type": "Hash", "Parent Relationship": "Inner", "Parallel Aware": true, "Startup Cost": 45504.33, "Total Cost": 45504.33, "Plan Rows": 11, "Plan Width": 20, "Plans": [{"Node Type": "Hash Join", "Parent Relationship": "Outer", "Parallel Aware": false, "Join Type": "Inner", "Startup Cost": 2626.14, "Total Cost": 45504.33, "Plan Rows": 11, "Plan Width": 20, "Inner Unique": true, "Hash Cond": "(mk.keyword_id = k.id)", "Plans": [{"Node Type": "Seq Scan", "Parent Relationship": "Outer", "Parallel Aware": true, "Relation Name": "movie_keyword", "Alias": "mk", "Startup Cost": 0.0, "Total Cost": 39047.32, "Plan Rows": 1459332, "Plan Width": 8}, {"Node Type": "Hash", "Parent Relationship": "Inner", "Parallel Aware": false, "Startup Cost": 2626.12, "Total Cost": 2626.12, "Plan Rows": 1, "Plan Width": 20, "Plans": [{"Node Type": "Seq Scan", "Parent Relationship": "Outer", "Parallel Aware": false, "Relation Name": "keyword", "Alias": "k", "Startup Cost": 0.0, "Total Cost": 2626.12, "Plan Rows": 1, "Plan Width": 20, "Filter": "(keyword = 'marvel-cinematic-universe'::text)"}]}]}]}]}]}]}]}]}]}}, {"Plan": {"Node Type": "Aggregate", "Strategy": "Plain", "Partial Mode": "Finalize", "Parallel Aware": false, "Startup Cost": 1005281.15, "Total Cost": 1005281.16, "Plan Rows": 1, "Plan Width": 96, "Plans": [{"Node Type": "Gather", "Parent Relationship": "Outer", "Parallel Aware": false, "Startup Cost": 1005280.82, "Total Cost": 1005281.13, "Plan Rows": 3, "Plan Width": 96, "Workers Planned": 3, "Single Copy": false, "Plans": [{"Node Type": "Aggregate", "Strategy": "Plain", "Partial Mode": "Partial", "Parent Relationship": "Outer", "Parallel Aware": false, "Startup Cost": 1004280.82, "Total Cost": 1004280.83, "Plan Rows": 1, "Plan Width": 96, "Plans": [{"Node Type": "Hash Join", "Parent Relationship": "Outer", "Parallel Aware": true, "Join Type": "Inner", "Startup Cost": 935053.23, "Total Cost": 1004280.81, "Plan Rows": 1, "Plan Width": 48, "Inner Unique": false, "Hash Cond": "(t.id = mk.movie_id)", "Plans": [{"Node Type": "Index Scan", "Parent Relationship": "Outer", "Parallel Aware": true, "Scan Direction": "Forward", "Index Name": "title_pkey", "Relation Name": "title", "Alias": "t", "Startup Cost": 0.43, "Total Cost": 68750.94, "Plan Rows": 127218, "Plan Width": 21, "Filter": "(production_year > 2010)"}, {"Node Type": "Hash", "Parent Relationship": "Inner", "Parallel Aware": true, "Startup Cost": 935052.79, "Total Cost": 935052.79, "Plan Rows": 1, "Plan Width": 39, "Plans": [{"Node Type": "Hash Join", "Parent Relationship": "Outer", "Parallel Aware": true, "Join Type": "Inner", "Startup Cost": 198309.96, "Total Cost": 935052.79, "Plan Rows": 1, "Plan Width": 39, "Inner Unique": false, "Hash Cond": "(ci.movie_id = mk.movie_id)", "Plans": [{"Node Type": "Hash Join", "Parent Relationship": "Outer", "Parallel Aware": true, "Join Type": "Inner", "Startup Cost": 109769.44, "Total Cost": 846507.88, "Plan Rows": 1169, "Plan Width": 19, "Inner Unique": true, "Hash Cond": "(ci.person_id = n.id)", "Plans": [{"Node Type": "Index Scan", "Parent Relationship": "Outer", "Parallel Aware": true, "Scan Direction": "Forward", "Index Name": "person_id_cast_info", "Relation Name": "cast_info", "Alias": "ci", "Startup Cost": 0.56, "Total Cost": 706081.3, "Plan Rows": 11679112, "Plan Width": 8}, {"Node Type": "Hash", "Parent Relationship": "Inner", "Parallel Aware": true, "Startup Cost": 109767.19, "Total Cost": 109767.19, "Plan Rows": 135, "Plan Width": 19, "Plans": [{"Node Type": "Index Scan", "Parent Relationship": "Outer", "Parallel Aware": true, "Scan Direction": "Forward", "Index Name": "name_pkey", "Relation Name": "name", "Alias": "n", "Startup Cost": 0.43, "Total Cost": 109767.19, "Plan Rows": 135, "Plan Width": 19, "Filter": "(name ~~ '%Downey%Robert%'::text)"}]}]}, {"Node Type": "Hash", "Parent Relationship": "Inner", "Parallel Aware": true, "Startup Cost": 88540.37, "Total Cost": 88540.37, "Plan Rows": 11, "Plan Width": 20, "Plans": [{"Node Type": "Hash Join", "Parent Relationship": "Outer", "Parallel Aware": false, "Join Type": "Inner", "Startup Cost": 3852.26, "Total Cost": 88540.37, "Plan Rows": 11, "Plan Width": 20, "Inner Unique": true, "Hash Cond": "(mk.keyword_id = k.id)", "Plans": [{"Node Type": "Index Scan", "Parent Relationship": "Outer", "Parallel Aware": true, "Scan Direction": "Forward", "Index Name": "keyword_id_movie_keyword", "Relation Name": "movie_keyword", "Alias": "mk", "Startup Cost": 0.43, "Total Cost": 80857.68, "Plan Rows": 1459332, "Plan Width": 8}, {"Node Type": "Hash", "Parent Relationship": "Inner", "Parallel Aware": false, "Startup Cost": 3851.82, "Total Cost": 3851.82, "Plan Rows": 1, "Plan Width": 20, "Plans": [{"Node Type": "Index Scan", "Parent Relationship": "Outer", "Parallel Aware": false, "Scan Direction": "Forward", "Index Name": "keyword_pkey", "Relation Name": "keyword", "Alias": "k", "Startup Cost": 0.42, "Total Cost": 3851.82, "Plan Rows": 1, "Plan Width": 20, "Filter": "(keyword = 'marvel-cinematic-universe'::text)"}]}]}]}]}]}]}]}]}]}}, {"Plan": {"Node Type": "Aggregate", "Strategy": "Plain", "Partial Mode": "Finalize", "Parallel Aware": false, "Startup Cost": 1005098.72, "Total Cost": 1005098.73, "Plan Rows": 1, "Plan Width": 96, "Plans": [{"Node Type": "Gather", "Parent Relationship": "Outer", "Parallel Aware": false, "Startup Cost": 1005098.38, "Total Cost": 1005098.69, "Plan Rows": 3, "Plan Width": 96, "Workers Planned": 3, "Single Copy": false, "Plans": [{"Node Type": "Aggregate", "Strategy": "Plain", "Partial Mode": "Partial", "Parent Relationship": "Outer", "Parallel Aware": false, "Startup Cost": 1004098.38, "Total Cost": 1004098.39, "Plan Rows": 1, "Plan Width": 96, "Plans": [{"Node Type": "Hash Join", "Parent Relationship": "Outer", "Parallel Aware": true, "Join Type": "Inner", "Startup Cost": 934870.79, "Total Cost": 1004098.38, "Plan Rows": 1, "Plan Width": 48, "Inner Unique": false, "Hash Cond": "(t.id = mk.movie_id)", "Plans": [{"Node Type": "Index Scan", "Parent Relationship": "Outer", "Parallel Aware": true, "Scan Direction": "Forward", "Index Name": "title_pkey", "Relation Name": "title", "Alias": "t", "Startup Cost": 0.43, "Total Cost": 68750.94, "Plan Rows": 127218, "Plan Width": 21, "Filter": "(production_year > 2010)"}, {"Node Type": "Hash", "Parent Relationship": "Inner", "Parallel Aware": true, "Startup Cost": 934870.35, "Total Cost": 934870.35, "Plan Rows": 1, "Plan Width": 39, "Plans": [{"Node Type": "Hash Join", "Parent Relationship": "Outer", "Parallel Aware": true, "Join Type": "Inner", "Startup Cost": 198127.52, "Total Cost": 934870.35, "Plan Rows": 1, "Plan Width": 39, "Inner Unique": false, "Hash Cond": "(ci.movie_id = mk.movie_id)", "Plans": [{"Node Type": "Hash Join", "Parent Relationship": "Outer", "Parallel Aware": true, "Join Type": "Inner", "Startup Cost": 109769.44, "Total Cost": 846507.88, "Plan Rows": 1169, "Plan Width": 19, "Inner Unique": true, "Hash Cond": "(ci.person_id = n.id)", "Plans": [{"Node Type": "Index Scan", "Parent Relationship": "Outer", "Parallel Aware": true, "Scan Direction": "Forward", "Index Name": "person_id_cast_info", "Relation Name": "cast_info", "Alias": "ci", "Startup Cost": 0.56, "Total Cost": 706081.3, "Plan Rows": 11679112, "Plan Width": 8}, {"Node Type": "Hash", "Parent Relationship": "Inner", "Parallel Aware": true, "Startup Cost": 109767.19, "Total Cost": 109767.19, "Plan Rows": 135, "Plan Width": 19, "Plans": [{"Node Type": "Index Scan", "Parent Relationship": "Outer", "Parallel Aware": true, "Scan Direction": "Forward", "Index Name": "name_pkey", "Relation Name": "name", "Alias": "n", "Startup Cost": 0.43, "Total Cost": 109767.19, "Plan Rows": 135, "Plan Width": 19, "Filter": "(name ~~ '%Downey%Robert%'::text)"}]}]}, {"Node Type": "Hash", "Parent Relationship": "Inner", "Parallel Aware": true, "Startup Cost": 88357.94, "Total Cost": 88357.94, "Plan Rows": 11, "Plan Width": 20, "Plans": [{"Node Type": "Merge Join", "Parent Relationship": "Outer", "Parallel Aware": false, "Join Type": "Inner", "Startup Cost": 523.41, "Total Cost": 88357.94, "Plan Rows": 11, "Plan Width": 20, "Inner Unique": true, "Merge Cond": "(mk.keyword_id = k.id)", "Plans": [{"Node Type": "Index Scan", "Parent Relationship": "Outer", "Parallel Aware": true, "Scan Direction": "Forward", "Index Name": "keyword_id_movie_keyword", "Relation Name": "movie_keyword", "Alias": "mk", "Startup Cost": 0.43, "Total Cost": 80857.68, "Plan Rows": 1459332, "Plan Width": 8}, {"Node Type": "Index Scan", "Parent Relationship": "Inner", "Parallel Aware": false, "Scan Direction": "Forward", "Index Name": "keyword_pkey", "Relation Name": "keyword", "Alias": "k", "Startup Cost": 0.42, "Total Cost": 3851.82, "Plan Rows": 1, "Plan Width": 20, "Filter": "(keyword = 'marvel-cinematic-universe'::text)"}]}]}]}]}]}]}]}]}}, {"Plan": {"Node Type": "Aggregate", "Strategy": "Plain", "Partial Mode": "Simple", "Parallel Aware": false, "Startup Cost": 4316.58, "Total Cost": 4316.59, "Plan Rows": 1, "Plan Width": 96, "Plans": [{"Node Type": "Nested Loop", "Parent Relationship": "Outer", "Parallel Aware": false, "Join Type": "Inner", "Startup Cost": 2.28, "Total Cost": 4316.57, "Plan Rows": 1, "Plan Width": 48, "Inner Unique": true, "Plans": [{"Node Type": "Nested Loop", "Parent Relationship": "Outer", "Parallel Aware": false, "Join Type": "Inner", "Startup Cost": 1.85, "Total Cost": 4218.91, "Plan Rows": 216, "Plan Width": 37, "Inner Unique": false, "Join Filter": "(t.id = ci.movie_id)", "Plans": [{"Node Type": "Nested Loop", "Parent Relationship": "Outer", "Parallel Aware": false, "Join Type": "Inner", "Startup Cost": 1.28, "Total Cost": 4209.47, "Plan Rows": 5, "Plan Width": 41, "Inner Unique": true, "Plans": [{"Node Type": "Nested Loop", "Parent Relationship": "Outer", "Parallel Aware": false, "Join Type": "Inner", "Startup Cost": 0.85, "Total Cost": 4193.8, "Plan Rows": 34, "Plan Width": 20, "Inner Unique": false, "Plans": [{"Node Type": "Index Scan", "Parent Relationship": "Outer", "Parallel Aware": false, "Scan Direction": "Forward", "Index Name": "keyword_pkey", "Relation Name": "keyword", "Alias": "k", "Startup Cost": 0.42, "Total Cost": 3851.82, "Plan Rows": 1, "Plan Width": 20, "Filter": "(keyword = 'marvel-cinematic-universe'::text)"}, {"Node Type": "Index Scan", "Parent Relationship": "Inner", "Parallel Aware": false, "Scan Direction": "Forward", "Index Name": "keyword_id_movie_keyword", "Relation Name": "movie_keyword", "Alias": "mk", "Startup Cost": 0.43, "Total Cost": 338.96, "Plan Rows": 302, "Plan Width": 8, "Index Cond": "(keyword_id = k.id)"}]}, {"Node Type": "Index Scan", "Parent Relationship": "Inner", "Parallel Aware": false, "Scan Direction": "Forward", "Index Name": "title_pkey", "Relation Name": "title", "Alias": "t", "Startup Cost": 0.43, "Total Cost": 0.46, "Plan Rows": 1, "Plan Width": 21, "Index Cond": "(id = mk.movie_id)", "Filter": "(production_year > 2010)"}]}, {"Node Type": "Index Scan", "Parent Relationship": "Inner", "Parallel Aware": false, "Scan Direction": "Forward", "Index Name": "movie_id_cast_info", "Relation Name": "cast_info", "Alias": "ci", "Startup Cost": 0.56, "Total Cost": 1.38, "Plan Rows": 41, "Plan Width": 8, "Index Cond": "(movie_id = mk.movie_id)"}]}, {"Node Type": "Index Scan", "Parent Relationship": "Inner", "Parallel Aware": false, "Scan Direction": "Forward", "Index Name": "name_pkey", "Relation Name": "name", "Alias": "n", "Startup Cost": 0.43, "Total Cost": 0.45, "Plan Rows": 1, "Plan Width": 19, "Index Cond": "(id = ci.person_id)", "Filter": "(name ~~ '%Downey%Robert%'::text)"}]}]}}, {"Plan": {"Node Type": "Aggregate", "Strategy": "Plain", "Partial Mode": "Simple", "Parallel Aware": false, "Startup Cost": 3090.89, "Total Cost": 3090.9, "Plan Rows": 1, "Plan Width": 96, "Plans": [{"Node Type": "Nested Loop", "Parent Relationship": "Outer", "Parallel Aware": false, "Join Type": "Inner", "Startup Cost": 1.86, "Total Cost": 3090.88, "Plan Rows": 1, "Plan Width": 48, "Inner Unique": true, "Plans": [{"Node Type": "Nested Loop", "Parent Relationship": "Outer", "Parallel Aware": false, "Join Type": "Inner", "Startup Cost": 1.43, "Total Cost": 2993.22, "Plan Rows": 216, "Plan Width": 37, "Inner Unique": false, "Join Filter": "(t.id = ci.movie_id)", "Plans": [{"Node Type": "Nested Loop", "Parent Relationship": "Outer", "Parallel Aware": false, "Join Type": "Inner", "Startup Cost": 0.86, "Total Cost": 2983.78, "Plan Rows": 5, "Plan Width": 41, "Inner Unique": true, "Plans": [{"Node Type": "Nested Loop", "Parent Relationship": "Outer", "Parallel Aware": false, "Join Type": "Inner", "Startup Cost": 0.43, "Total Cost": 2968.1, "Plan Rows": 34, "Plan Width": 20, "Inner Unique": false, "Plans": [{"Node Type": "Seq Scan", "Parent Relationship": "Outer", "Parallel Aware": false, "Relation Name": "keyword", "Alias": "k", "Startup Cost": 0.0, "Total Cost": 2626.12, "Plan Rows": 1, "Plan Width": 20, "Filter": "(keyword = 'marvel-cinematic-universe'::text)"}, {"Node Type": "Index Scan", "Parent Relationship": "Inner", "Parallel Aware": false, "Scan Direction": "Forward", "Index Name": "keyword_id_movie_keyword", "Relation Name": "movie_keyword", "Alias": "mk", "Startup Cost": 0.43, "Total Cost": 338.96, "Plan Rows": 302, "Plan Width": 8, "Index Cond": "(keyword_id = k.id)"}]}, {"Node Type": "Index Scan", "Parent Relationship": "Inner", "Parallel Aware": false, "Scan Direction": "Forward", "Index Name": "title_pkey", "Relation Name": "title", "Alias": "t", "Startup Cost": 0.43, "Total Cost": 0.46, "Plan Rows": 1, "Plan Width": 21, "Index Cond": "(id = mk.movie_id)", "Filter": "(production_year > 2010)"}]}, {"Node Type": "Index Scan", "Parent Relationship": "Inner", "Parallel Aware": false, "Scan Direction": "Forward", "Index Name": "movie_id_cast_info", "Relation Name": "cast_info", "Alias": "ci", "Startup Cost": 0.56, "Total Cost": 1.38, "Plan Rows": 41, "Plan Width": 8, "Index Cond": "(movie_id = mk.movie_id)"}]}, {"Node Type": "Index Scan", "Parent Relationship": "Inner", "Parallel Aware": false, "Scan Direction": "Forward", "Index Name": "name_pkey", "Relation Name": "name", "Alias": "n", "Startup Cost": 0.43, "Total Cost": 0.45, "Plan Rows": 1, "Plan Width": 19, "Index Cond": "(id = ci.person_id)", "Filter": "(name ~~ '%Downey%Robert%'::text)"}]}]}}, {"Plan": {"Node Type": "Aggregate", "Strategy": "Plain", "Partial Mode": "Finalize", "Parallel Aware": false, "Startup Cost": 565733.42, "Total Cost": 565733.43, "Plan Rows": 1, "Plan Width": 96, "Plans": [{"Node Type": "Gather", "Parent Relationship": "Outer", "Parallel Aware": false, "Startup Cost": 565733.08, "Total Cost": 565733.39, "Plan Rows": 3, "Plan Width": 96, "Workers Planned": 3, "Single Copy": false, "Plans": [{"Node Type": "Aggregate", "Strategy": "Plain", "Partial Mode": "Partial", "Parent Relationship": "Outer", "Parallel Aware": false, "Startup Cost": 564733.08, "Total Cost": 564733.09, "Plan Rows": 1, "Plan Width": 96, "Plans": [{"Node Type": "Hash Join", "Parent Relationship": "Outer", "Parallel Aware": true, "Join Type": "Inner", "Startup Cost": 518063.65, "Total Cost": 564733.08, "Plan Rows": 1, "Plan Width": 48, "Inner Unique": false, "Hash Cond": "(t.id = mk.movie_id)", "Plans": [{"Node Type": "Seq Scan", "Parent Relationship": "Outer", "Parallel Aware": true, "Relation Name": "title", "Alias": "t", "Startup Cost": 0.0, "Total Cost": 46192.35, "Plan Rows": 127218, "Plan Width": 21, "Filter": "(production_year > 2010)"}, {"Node Type": "Hash", "Parent Relationship": "Inner", "Parallel Aware": true, "Startup Cost": 518063.64, "Total Cost": 518063.64, "Plan Rows": 1, "Plan Width": 39, "Plans": [{"Node Type": "Hash Join", "Parent Relationship": "Outer", "Parallel Aware": true, "Join Type": "Inner", "Startup Cost": 117923.42, "Total Cost": 518063.64, "Plan Rows": 1, "Plan Width": 39, "Inner Unique": false, "Hash Cond": "(ci.movie_id = mk.movie_id)", "Plans": [{"Node Type": "Hash Join", "Parent Relationship": "Outer", "Parallel Aware": true, "Join Type": "Inner", "Startup Cost": 72418.95, "Total Cost": 472554.78, "Plan Rows": 1169, "Plan Width": 19, "Inner Unique": true, "Hash Cond": "(ci.person_id = n.id)", "Plans": [{"Node Type": "Seq Scan", "Parent Relationship": "Outer", "Parallel Aware": true, "Relation Name": "cast_info", "Alias": "ci", "Startup Cost": 0.0, "Total Cost": 369478.12, "Plan Rows": 11679112, "Plan Width": 8}, {"Node Type": "Hash", "Parent Relationship": "Inner", "Parallel Aware": true, "Startup Cost": 72417.27, "Total Cost": 72417.27, "Plan Rows": 135, "Plan Width": 19, "Plans": [{"Node Type": "Seq Scan", "Parent Relationship": "Outer", "Parallel Aware": true, "Relation Name": "name", "Alias": "n", "Startup Cost": 0.0, "Total Cost": 72417.27, "Plan Rows": 135, "Plan Width": 19, "Filter": "(name ~~ '%Downey%Robert%'::text)"}]}]}, {"Node Type": "Hash", "Parent Relationship": "Inner", "Parallel Aware": true, "Startup Cost": 45504.33, "Total Cost": 45504.33, "Plan Rows": 11, "Plan Width": 20, "Plans": [{"Node Type": "Hash Join", "Parent Relationship": "Outer", "Parallel Aware": false, "Join Type": "Inner", "Startup Cost": 2626.14, "Total Cost": 45504.33, "Plan Rows": 11, "Plan Width": 20, "Inner Unique": true, "Hash Cond": "(mk.keyword_id = k.id)", "Plans": [{"Node Type": "Seq Scan", "Parent Relationship": "Outer", "Parallel Aware": true, "Relation Name": "movie_keyword", "Alias": "mk", "Startup Cost": 0.0, "Total Cost": 39047.32, "Plan Rows": 1459332, "Plan Width": 8}, {"Node Type": "Hash", "Parent Relationship": "Inner", "Parallel Aware": false, "Startup Cost": 2626.12, "Total Cost": 2626.12, "Plan Rows": 1, "Plan Width": 20, "Plans": [{"Node Type": "Seq Scan", "Parent Relationship": "Outer", "Parallel Aware": false, "Relation Name": "keyword", "Alias": "k", "Startup Cost": 0.0, "Total Cost": 2626.12, "Plan Rows": 1, "Plan Width": 20, "Filter": "(keyword = 'marvel-cinematic-universe'::text)"}]}]}]}]}]}]}]}]}]}}, {"Plan": {"Node Type": "Aggregate", "Strategy": "Plain", "Partial Mode": "Simple", "Parallel Aware": false, "Startup Cost": 4316.58, "Total Cost": 4316.59, "Plan Rows": 1, "Plan Width": 96, "Plans": [{"Node Type": "Nested Loop", "Parent Relationship": "Outer", "Parallel Aware": false, "Join Type": "Inner", "Startup Cost": 2.28, "Total Cost": 4316.57, "Plan Rows": 1, "Plan Width": 48, "Inner Unique": true, "Plans": [{"Node Type": "Nested Loop", "Parent Relationship": "Outer", "Parallel Aware": false, "Join Type": "Inner", "Startup Cost": 1.85, "Total Cost": 4218.91, "Plan Rows": 216, "Plan Width": 37, "Inner Unique": false, "Join Filter": "(t.id = ci.movie_id)", "Plans": [{"Node Type": "Nested Loop", "Parent Relationship": "Outer", "Parallel Aware": false, "Join Type": "Inner", "Startup Cost": 1.28, "Total Cost": 4209.47, "Plan Rows": 5, "Plan Width": 41, "Inner Unique": true, "Plans": [{"Node Type": "Nested Loop", "Parent Relationship": "Outer", "Parallel Aware": false, "Join Type": "Inner", "Startup Cost": 0.85, "Total Cost": 4193.8, "Plan Rows": 34, "Plan Width": 20, "Inner Unique": false, "Plans": [{"Node Type": "Index Scan", "Parent Relationship": "Outer", "Parallel Aware": false, "Scan Direction": "Forward", "Index Name": "keyword_pkey", "Relation Name": "keyword", "Alias": "k", "Startup Cost": 0.42, "Total Cost": 3851.82, "Plan Rows": 1, "Plan Width": 20, "Filter": "(keyword = 'marvel-cinematic-universe'::text)"}, {"Node Type": "Index Scan", "Parent Relationship": "Inner", "Parallel Aware": false, "Scan Direction": "Forward", "Index Name": "keyword_id_movie_keyword", "Relation Name": "movie_keyword", "Alias": "mk", "Startup Cost": 0.43, "Total Cost": 338.96, "Plan Rows": 302, "Plan Width": 8, "Index Cond": "(keyword_id = k.id)"}]}, {"Node Type": "Index Scan", "Parent Relationship": "Inner", "Parallel Aware": false, "Scan Direction": "Forward", "Index Name": "title_pkey", "Relation Name": "title", "Alias": "t", "Startup Cost": 0.43, "Total Cost": 0.46, "Plan Rows": 1, "Plan Width": 21, "Index Cond": "(id = mk.movie_id)", "Filter": "(production_year > 2010)"}]}, {"Node Type": "Index Scan", "Parent Relationship": "Inner", "Parallel Aware": false, "Scan Direction": "Forward", "Index Name": "movie_id_cast_info", "Relation Name": "cast_info", "Alias": "ci", "Startup Cost": 0.56, "Total Cost": 1.38, "Plan Rows": 41, "Plan Width": 8, "Index Cond": "(movie_id = mk.movie_id)"}]}, {"Node Type": "Index Scan", "Parent Relationship": "Inner", "Parallel Aware": false, "Scan Direction": "Forward", "Index Name": "name_pkey", "Relation Name": "name", "Alias": "n", "Startup Cost": 0.43, "Total Cost": 0.45, "Plan Rows": 1, "Plan Width": 19, "Index Cond": "(id = ci.person_id)", "Filter": "(name ~~ '%Downey%Robert%'::text)"}]}]}}, {"Plan": {"Node Type": "Aggregate", "Strategy": "Plain", "Partial Mode": "Simple", "Parallel Aware": false, "Startup Cost": 3090.89, "Total Cost": 3090.9, "Plan Rows": 1, "Plan Width": 96, "Plans": [{"Node Type": "Nested Loop", "Parent Relationship": "Outer", "Parallel Aware": false, "Join Type": "Inner", "Startup Cost": 1.86, "Total Cost": 3090.88, "Plan Rows": 1, "Plan Width": 48, "Inner Unique": true, "Plans": [{"Node Type": "Nested Loop", "Parent Relationship": "Outer", "Parallel Aware": false, "Join Type": "Inner", "Startup Cost": 1.43, "Total Cost": 2993.22, "Plan Rows": 216, "Plan Width": 37, "Inner Unique": false, "Join Filter": "(t.id = ci.movie_id)", "Plans": [{"Node Type": "Nested Loop", "Parent Relationship": "Outer", "Parallel Aware": false, "Join Type": "Inner", "Startup Cost": 0.86, "Total Cost": 2983.78, "Plan Rows": 5, "Plan Width": 41, "Inner Unique": true, "Plans": [{"Node Type": "Nested Loop", "Parent Relationship": "Outer", "Parallel Aware": false, "Join Type": "Inner", "Startup Cost": 0.43, "Total Cost": 2968.1, "Plan Rows": 34, "Plan Width": 20, "Inner Unique": false, "Plans": [{"Node Type": "Seq Scan", "Parent Relationship": "Outer", "Parallel Aware": false, "Relation Name": "keyword", "Alias": "k", "Startup Cost": 0.0, "Total Cost": 2626.12, "Plan Rows": 1, "Plan Width": 20, "Filter": "(keyword = 'marvel-cinematic-universe'::text)"}, {"Node Type": "Index Scan", "Parent Relationship": "Inner", "Parallel Aware": false, "Scan Direction": "Forward", "Index Name": "keyword_id_movie_keyword", "Relation Name": "movie_keyword", "Alias": "mk", "Startup Cost": 0.43, "Total Cost": 338.96, "Plan Rows": 302, "Plan Width": 8, "Index Cond": "(keyword_id = k.id)"}]}, {"Node Type": "Index Scan", "Parent Relationship": "Inner", "Parallel Aware": false, "Scan Direction": "Forward", "Index Name": "title_pkey", "Relation Name": "title", "Alias": "t", "Startup Cost": 0.43, "Total Cost": 0.46, "Plan Rows": 1, "Plan Width": 21, "Index Cond": "(id = mk.movie_id)", "Filter": "(production_year > 2010)"}]}, {"Node Type": "Index Scan", "Parent Relationship": "Inner", "Parallel Aware": false, "Scan Direction": "Forward", "Index Name": "movie_id_cast_info", "Relation Name": "cast_info", "Alias": "ci", "Startup Cost": 0.56, "Total Cost": 1.38, "Plan Rows": 41, "Plan Width": 8, "Index Cond": "(movie_id = mk.movie_id)"}]}, {"Node Type": "Index Scan", "Parent Relationship": "Inner", "Parallel Aware": false, "Scan Direction": "Forward", "Index Name": "name_pkey", "Relation Name": "name", "Alias": "n", "Startup Cost": 0.43, "Total Cost": 0.45, "Plan Rows": 1, "Plan Width": 19, "Index Cond": "(id = ci.person_id)", "Filter": "(name ~~ '%Downey%Robert%'::text)"}]}]}}, {"Plan": {"Node Type": "Aggregate", "Strategy": "Plain", "Partial Mode": "Finalize", "Parallel Aware": false, "Startup Cost": 565733.42, "Total Cost": 565733.43, "Plan Rows": 1, "Plan Width": 96, "Plans": [{"Node Type": "Gather", "Parent Relationship": "Outer", "Parallel Aware": false, "Startup Cost": 565733.08, "Total Cost": 565733.39, "Plan Rows": 3, "Plan Width": 96, "Workers Planned": 3, "Single Copy": false, "Plans": [{"Node Type": "Aggregate", "Strategy": "Plain", "Partial Mode": "Partial", "Parent Relationship": "Outer", "Parallel Aware": false, "Startup Cost": 564733.08, "Total Cost": 564733.09, "Plan Rows": 1, "Plan Width": 96, "Plans": [{"Node Type": "Hash Join", "Parent Relationship": "Outer", "Parallel Aware": true, "Join Type": "Inner", "Startup Cost": 518063.65, "Total Cost": 564733.08, "Plan Rows": 1, "Plan Width": 48, "Inner Unique": false, "Hash Cond": "(t.id = mk.movie_id)", "Plans": [{"Node Type": "Seq Scan", "Parent Relationship": "Outer", "Parallel Aware": true, "Relation Name": "title", "Alias": "t", "Startup Cost": 0.0, "Total Cost": 46192.35, "Plan Rows": 127218, "Plan Width": 21, "Filter": "(production_year > 2010)"}, {"Node Type": "Hash", "Parent Relationship": "Inner", "Parallel Aware": true, "Startup Cost": 518063.64, "Total Cost": 518063.64, "Plan Rows": 1, "Plan Width": 39, "Plans": [{"Node Type": "Hash Join", "Parent Relationship": "Outer", "Parallel Aware": true, "Join Type": "Inner", "Startup Cost": 117923.42, "Total Cost": 518063.64, "Plan Rows": 1, "Plan Width": 39, "Inner Unique": false, "Hash Cond": "(ci.movie_id = mk.movie_id)", "Plans": [{"Node Type": "Hash Join", "Parent Relationship": "Outer", "Parallel Aware": true, "Join Type": "Inner", "Startup Cost": 72418.95, "Total Cost": 472554.78, "Plan Rows": 1169, "Plan Width": 19, "Inner Unique": true, "Hash Cond": "(ci.person_id = n.id)", "Plans": [{"Node Type": "Seq Scan", "Parent Relationship": "Outer", "Parallel Aware": true, "Relation Name": "cast_info", "Alias": "ci", "Startup Cost": 0.0, "Total Cost": 369478.12, "Plan Rows": 11679112, "Plan Width": 8}, {"Node Type": "Hash", "Parent Relationship": "Inner", "Parallel Aware": true, "Startup Cost": 72417.27, "Total Cost": 72417.27, "Plan Rows": 135, "Plan Width": 19, "Plans": [{"Node Type": "Seq Scan", "Parent Relationship": "Outer", "Parallel Aware": true, "Relation Name": "name", "Alias": "n", "Startup Cost": 0.0, "Total Cost": 72417.27, "Plan Rows": 135, "Plan Width": 19, "Filter": "(name ~~ '%Downey%Robert%'::text)"}]}]}, {"Node Type": "Hash", "Parent Relationship": "Inner", "Parallel Aware": true, "Startup Cost": 45504.33, "Total Cost": 45504.33, "Plan Rows": 11, "Plan Width": 20, "Plans": [{"Node Type": "Hash Join", "Parent Relationship": "Outer", "Parallel Aware": false, "Join Type": "Inner", "Startup Cost": 2626.14, "Total Cost": 45504.33, "Plan Rows": 11, "Plan Width": 20, "Inner Unique": true, "Hash Cond": "(mk.keyword_id = k.id)", "Plans": [{"Node Type": "Seq Scan", "Parent Relationship": "Outer", "Parallel Aware": true, "Relation Name": "movie_keyword", "Alias": "mk", "Startup Cost": 0.0, "Total Cost": 39047.32, "Plan Rows": 1459332, "Plan Width": 8}, {"Node Type": "Hash", "Parent Relationship": "Inner", "Parallel Aware": false, "Startup Cost": 2626.12, "Total Cost": 2626.12, "Plan Rows": 1, "Plan Width": 20, "Plans": [{"Node Type": "Seq Scan", "Parent Relationship": "Outer", "Parallel Aware": false, "Relation Name": "keyword", "Alias": "k", "Startup Cost": 0.0, "Total Cost": 2626.12, "Plan Rows": 1, "Plan Width": 20, "Filter": "(keyword = 'marvel-cinematic-universe'::text)"}]}]}]}]}]}]}]}]}]}}, {"Plan": {"Node Type": "Aggregate", "Strategy": "Plain", "Partial Mode": "Simple", "Parallel Aware": false, "Startup Cost": 3369.22, "Total Cost": 3369.23, "Plan Rows": 1, "Plan Width": 96, "Plans": [{"Node Type": "Nested Loop", "Parent Relationship": "Outer", "Parallel Aware": false, "Join Type": "Inner", "Startup Cost": 6.77, "Total Cost": 3369.22, "Plan Rows": 1, "Plan Width": 48, "Inner Unique": true, "Plans": [{"Node Type": "Nested Loop", "Parent Relationship": "Outer", "Parallel Aware": false, "Join Type": "Inner", "Startup Cost": 6.33, "Total Cost": 3033.72, "Plan Rows": 216, "Plan Width": 37, "Inner Unique": false, "Join Filter": "(t.id = ci.movie_id)", "Plans": [{"Node Type": "Nested Loop", "Parent Relationship": "Outer", "Parallel Aware": false, "Join Type": "Inner", "Startup Cost": 5.41, "Total Cost": 3018.52, "Plan Rows": 5, "Plan Width": 41, "Inner Unique": true, "Plans": [{"Node Type": "Nested Loop", "Parent Relationship": "Outer", "Parallel Aware": false, "Join Type": "Inner", "Startup Cost": 4.97, "Total Cost": 2965.65, "Plan Rows": 34, "Plan Width": 20, "Inner Unique": false, "Plans": [{"Node Type": "Seq Scan", "Parent Relationship": "Outer", "Parallel Aware": false, "Relation Name": "keyword", "Alias": "k", "Startup Cost": 0.0, "Total Cost": 2626.12, "Plan Rows": 1, "Plan Width": 20, "Filter": "(keyword = 'marvel-cinematic-universe'::text)"}, {"Node Type": "Bitmap Heap Scan", "Parent Relationship": "Inner", "Parallel Aware": false, "Relation Name": "movie_keyword", "Alias": "mk", "Startup Cost": 4.97, "Total Cost": 336.51, "Plan Rows": 302, "Plan Width": 8, "Recheck Cond": "(keyword_id = k.id)", "Plans": [{"Node Type": "Bitmap Index Scan", "Parent Relationship": "Outer", "Parallel Aware": false, "Index Name": "keyword_id_movie_keyword", "Startup Cost": 0.0, "Total Cost": 4.9, "Plan Rows": 302, "Plan Width": 0, "Index Cond": "(keyword_id = k.id)"}]}]}, {"Node Type": "Bitmap Heap Scan", "Parent Relationship": "Inner", "Parallel Aware": false, "Relation Name": "title", "Alias": "t", "Startup Cost": 0.44, "Total Cost": 1.55, "Plan Rows": 1, "Plan Width": 21, "Recheck Cond": "(id = mk.movie_id)", "Filter": "(production_year > 2010)", "Plans": [{"Node Type": "Bitmap Index Scan", "Parent Relationship": "Outer", "Parallel Aware": false, "Index Name": "title_pkey", "Startup Cost": 0.0, "Total Cost": 0.44, "Plan Rows": 1, "Plan Width": 0, "Index Cond": "(id = mk.movie_id)"}]}]}, {"Node Type": "Bitmap Heap Scan", "Parent Relationship": "Inner", "Parallel Aware": false, "Relation Name": "cast_info", "Alias": "ci", "Startup Cost": 0.91, "Total Cost": 2.53, "Plan Rows": 41, "Plan Width": 8, "Recheck Cond": "(movie_id = mk.movie_id)", "Plans": [{"Node Type": "Bitmap Index Scan", "Parent Relationship": "Outer", "Parallel Aware": false, "Index Name": "movie_id_cast_info", "Startup Cost": 0.0, "Total Cost": 0.9, "Plan Rows": 41, "Plan Width": 0, "Index Cond": "(movie_id = mk.movie_id)"}]}]}, {"Node Type": "Bitmap Heap Scan", "Parent Relationship": "Inner", "Parallel Aware": false, "Relation Name": "name", "Alias": "n", "Startup Cost": 0.44, "Total Cost": 1.55, "Plan Rows": 1, "Plan Width": 19, "Recheck Cond": "(id = ci.person_id)", "Filter": "(name ~~ '%Downey%Robert%'::text)", "Plans": [{"Node Type": "Bitmap Index Scan", "Parent Relationship": "Outer", "Parallel Aware": false, "Index Name": "name_pkey", "Startup Cost": 0.0, "Total Cost": 0.44, "Plan Rows": 1, "Plan Width": 0, "Index Cond": "(id = ci.person_id)"}]}]}]}}, {"Plan": {"Node Type": "Aggregate", "Strategy": "Plain", "Partial Mode": "Finalize", "Parallel Aware": false, "Startup Cost": 565733.42, "Total Cost": 565733.43, "Plan Rows": 1, "Plan Width": 96, "Plans": [{"Node Type": "Gather", "Parent Relationship": "Outer", "Parallel Aware": false, "Startup Cost": 565733.08, "Total Cost": 565733.39, "Plan Rows": 3, "Plan Width": 96, "Workers Planned": 3, "Single Copy": false, "Plans": [{"Node Type": "Aggregate", "Strategy": "Plain", "Partial Mode": "Partial", "Parent Relationship": "Outer", "Parallel Aware": false, "Startup Cost": 564733.08, "Total Cost": 564733.09, "Plan Rows": 1, "Plan Width": 96, "Plans": [{"Node Type": "Hash Join", "Parent Relationship": "Outer", "Parallel Aware": true, "Join Type": "Inner", "Startup Cost": 518063.65, "Total Cost": 564733.08, "Plan Rows": 1, "Plan Width": 48, "Inner Unique": false, "Hash Cond": "(t.id = mk.movie_id)", "Plans": [{"Node Type": "Seq Scan", "Parent Relationship": "Outer", "Parallel Aware": true, "Relation Name": "title", "Alias": "t", "Startup Cost": 0.0, "Total Cost": 46192.35, "Plan Rows": 127218, "Plan Width": 21, "Filter": "(production_year > 2010)"}, {"Node Type": "Hash", "Parent Relationship": "Inner", "Parallel Aware": true, "Startup Cost": 518063.64, "Total Cost": 518063.64, "Plan Rows": 1, "Plan Width": 39, "Plans": [{"Node Type": "Hash Join", "Parent Relationship": "Outer", "Parallel Aware": true, "Join Type": "Inner", "Startup Cost": 117923.42, "Total Cost": 518063.64, "Plan Rows": 1, "Plan Width": 39, "Inner Unique": false, "Hash Cond": "(ci.movie_id = mk.movie_id)", "Plans": [{"Node Type": "Hash Join", "Parent Relationship": "Outer", "Parallel Aware": true, "Join Type": "Inner", "Startup Cost": 72418.95, "Total Cost": 472554.78, "Plan Rows": 1169, "Plan Width": 19, "Inner Unique": true, "Hash Cond": "(ci.person_id = n.id)", "Plans": [{"Node Type": "Seq Scan", "Parent Relationship": "Outer", "Parallel Aware": true, "Relation Name": "cast_info", "Alias": "ci", "Startup Cost": 0.0, "Total Cost": 369478.12, "Plan Rows": 11679112, "Plan Width": 8}, {"Node Type": "Hash", "Parent Relationship": "Inner", "Parallel Aware": true, "Startup Cost": 72417.27, "Total Cost": 72417.27, "Plan Rows": 135, "Plan Width": 19, "Plans": [{"Node Type": "Seq Scan", "Parent Relationship": "Outer", "Parallel Aware": true, "Relation Name": "name", "Alias": "n", "Startup Cost": 0.0, "Total Cost": 72417.27, "Plan Rows": 135, "Plan Width": 19, "Filter": "(name ~~ '%Downey%Robert%'::text)"}]}]}, {"Node Type": "Hash", "Parent Relationship": "Inner", "Parallel Aware": true, "Startup Cost": 45504.33, "Total Cost": 45504.33, "Plan Rows": 11, "Plan Width": 20, "Plans": [{"Node Type": "Hash Join", "Parent Relationship": "Outer", "Parallel Aware": false, "Join Type": "Inner", "Startup Cost": 2626.14, "Total Cost": 45504.33, "Plan Rows": 11, "Plan Width": 20, "Inner Unique": true, "Hash Cond": "(mk.keyword_id = k.id)", "Plans": [{"Node Type": "Seq Scan", "Parent Relationship": "Outer", "Parallel Aware": true, "Relation Name": "movie_keyword", "Alias": "mk", "Startup Cost": 0.0, "Total Cost": 39047.32, "Plan Rows": 1459332, "Plan Width": 8}, {"Node Type": "Hash", "Parent Relationship": "Inner", "Parallel Aware": false, "Startup Cost": 2626.12, "Total Cost": 2626.12, "Plan Rows": 1, "Plan Width": 20, "Plans": [{"Node Type": "Seq Scan", "Parent Relationship": "Outer", "Parallel Aware": false, "Relation Name": "keyword", "Alias": "k", "Startup Cost": 0.0, "Total Cost": 2626.12, "Plan Rows": 1, "Plan Width": 20, "Filter": "(keyword = 'marvel-cinematic-universe'::text)"}]}]}]}]}]}]}]}]}]}}, {"Plan": {"Node Type": "Aggregate", "Strategy": "Plain", "Partial Mode": "Simple", "Parallel Aware": false, "Startup Cost": 3369.22, "Total Cost": 3369.23, "Plan Rows": 1, "Plan Width": 96, "Plans": [{"Node Type": "Nested Loop", "Parent Relationship": "Outer", "Parallel Aware": false, "Join Type": "Inner", "Startup Cost": 6.77, "Total Cost": 3369.22, "Plan Rows": 1, "Plan Width": 48, "Inner Unique": true, "Plans": [{"Node Type": "Nested Loop", "Parent Relationship": "Outer", "Parallel Aware": false, "Join Type": "Inner", "Startup Cost": 6.33, "Total Cost": 3033.72, "Plan Rows": 216, "Plan Width": 37, "Inner Unique": false, "Join Filter": "(t.id = ci.movie_id)", "Plans": [{"Node Type": "Nested Loop", "Parent Relationship": "Outer", "Parallel Aware": false, "Join Type": "Inner", "Startup Cost": 5.41, "Total Cost": 3018.52, "Plan Rows": 5, "Plan Width": 41, "Inner Unique": true, "Plans": [{"Node Type": "Nested Loop", "Parent Relationship": "Outer", "Parallel Aware": false, "Join Type": "Inner", "Startup Cost": 4.97, "Total Cost": 2965.65, "Plan Rows": 34, "Plan Width": 20, "Inner Unique": false, "Plans": [{"Node Type": "Seq Scan", "Parent Relationship": "Outer", "Parallel Aware": false, "Relation Name": "keyword", "Alias": "k", "Startup Cost": 0.0, "Total Cost": 2626.12, "Plan Rows": 1, "Plan Width": 20, "Filter": "(keyword = 'marvel-cinematic-universe'::text)"}, {"Node Type": "Bitmap Heap Scan", "Parent Relationship": "Inner", "Parallel Aware": false, "Relation Name": "movie_keyword", "Alias": "mk", "Startup Cost": 4.97, "Total Cost": 336.51, "Plan Rows": 302, "Plan Width": 8, "Recheck Cond": "(keyword_id = k.id)", "Plans": [{"Node Type": "Bitmap Index Scan", "Parent Relationship": "Outer", "Parallel Aware": false, "Index Name": "keyword_id_movie_keyword", "Startup Cost": 0.0, "Total Cost": 4.9, "Plan Rows": 302, "Plan Width": 0, "Index Cond": "(keyword_id = k.id)"}]}]}, {"Node Type": "Bitmap Heap Scan", "Parent Relationship": "Inner", "Parallel Aware": false, "Relation Name": "title", "Alias": "t", "Startup Cost": 0.44, "Total Cost": 1.55, "Plan Rows": 1, "Plan Width": 21, "Recheck Cond": "(id = mk.movie_id)", "Filter": "(production_year > 2010)", "Plans": [{"Node Type": "Bitmap Index Scan", "Parent Relationship": "Outer", "Parallel Aware": false, "Index Name": "title_pkey", "Startup Cost": 0.0, "Total Cost": 0.44, "Plan Rows": 1, "Plan Width": 0, "Index Cond": "(id = mk.movie_id)"}]}]}, {"Node Type": "Bitmap Heap Scan", "Parent Relationship": "Inner", "Parallel Aware": false, "Relation Name": "cast_info", "Alias": "ci", "Startup Cost": 0.91, "Total Cost": 2.53, "Plan Rows": 41, "Plan Width": 8, "Recheck Cond": "(movie_id = mk.movie_id)", "Plans": [{"Node Type": "Bitmap Index Scan", "Parent Relationship": "Outer", "Parallel Aware": false, "Index Name": "movie_id_cast_info", "Startup Cost": 0.0, "Total Cost": 0.9, "Plan Rows": 41, "Plan Width": 0, "Index Cond": "(movie_id = mk.movie_id)"}]}]}, {"Node Type": "Bitmap Heap Scan", "Parent Relationship": "Inner", "Parallel Aware": false, "Relation Name": "name", "Alias": "n", "Startup Cost": 0.44, "Total Cost": 1.55, "Plan Rows": 1, "Plan Width": 19, "Recheck Cond": "(id = ci.person_id)", "Filter": "(name ~~ '%Downey%Robert%'::text)", "Plans": [{"Node Type": "Bitmap Index Scan", "Parent Relationship": "Outer", "Parallel Aware": false, "Index Name": "name_pkey", "Startup Cost": 0.0, "Total Cost": 0.44, "Plan Rows": 1, "Plan Width": 0, "Index Cond": "(id = ci.person_id)"}]}]}]}}, {"Plan": {"Node Type": "Aggregate", "Strategy": "Plain", "Partial Mode": "Finalize", "Parallel Aware": false, "Startup Cost": 565733.42, "Total Cost": 565733.43, "Plan Rows": 1, "Plan Width": 96, "Plans": [{"Node Type": "Gather", "Parent Relationship": "Outer", "Parallel Aware": false, "Startup Cost": 565733.08, "Total Cost": 565733.39, "Plan Rows": 3, "Plan Width": 96, "Workers Planned": 3, "Single Copy": false, "Plans": [{"Node Type": "Aggregate", "Strategy": "Plain", "Partial Mode": "Partial", "Parent Relationship": "Outer", "Parallel Aware": false, "Startup Cost": 564733.08, "Total Cost": 564733.09, "Plan Rows": 1, "Plan Width": 96, "Plans": [{"Node Type": "Hash Join", "Parent Relationship": "Outer", "Parallel Aware": true, "Join Type": "Inner", "Startup Cost": 518063.65, "Total Cost": 564733.08, "Plan Rows": 1, "Plan Width": 48, "Inner Unique": false, "Hash Cond": "(t.id = mk.movie_id)", "Plans": [{"Node Type": "Seq Scan", "Parent Relationship": "Outer", "Parallel Aware": true, "Relation Name": "title", "Alias": "t", "Startup Cost": 0.0, "Total Cost": 46192.35, "Plan Rows": 127218, "Plan Width": 21, "Filter": "(production_year > 2010)"}, {"Node Type": "Hash", "Parent Relationship": "Inner", "Parallel Aware": true, "Startup Cost": 518063.64, "Total Cost": 518063.64, "Plan Rows": 1, "Plan Width": 39, "Plans": [{"Node Type": "Hash Join", "Parent Relationship": "Outer", "Parallel Aware": true, "Join Type": "Inner", "Startup Cost": 117923.42, "Total Cost": 518063.64, "Plan Rows": 1, "Plan Width": 39, "Inner Unique": false, "Hash Cond": "(ci.movie_id = mk.movie_id)", "Plans": [{"Node Type": "Hash Join", "Parent Relationship": "Outer", "Parallel Aware": true, "Join Type": "Inner", "Startup Cost": 72418.95, "Total Cost": 472554.78, "Plan Rows": 1169, "Plan Width": 19, "Inner Unique": true, "Hash Cond": "(ci.person_id = n.id)", "Plans": [{"Node Type": "Seq Scan", "Parent Relationship": "Outer", "Parallel Aware": true, "Relation Name": "cast_info", "Alias": "ci", "Startup Cost": 0.0, "Total Cost": 369478.12, "Plan Rows": 11679112, "Plan Width": 8}, {"Node Type": "Hash", "Parent Relationship": "Inner", "Parallel Aware": true, "Startup Cost": 72417.27, "Total Cost": 72417.27, "Plan Rows": 135, "Plan Width": 19, "Plans": [{"Node Type": "Seq Scan", "Parent Relationship": "Outer", "Parallel Aware": true, "Relation Name": "name", "Alias": "n", "Startup Cost": 0.0, "Total Cost": 72417.27, "Plan Rows": 135, "Plan Width": 19, "Filter": "(name ~~ '%Downey%Robert%'::text)"}]}]}, {"Node Type": "Hash", "Parent Relationship": "Inner", "Parallel Aware": true, "Startup Cost": 45504.33, "Total Cost": 45504.33, "Plan Rows": 11, "Plan Width": 20, "Plans": [{"Node Type": "Hash Join", "Parent Relationship": "Outer", "Parallel Aware": false, "Join Type": "Inner", "Startup Cost": 2626.14, "Total Cost": 45504.33, "Plan Rows": 11, "Plan Width": 20, "Inner Unique": true, "Hash Cond": "(mk.keyword_id = k.id)", "Plans": [{"Node Type": "Seq Scan", "Parent Relationship": "Outer", "Parallel Aware": true, "Relation Name": "movie_keyword", "Alias": "mk", "Startup Cost": 0.0, "Total Cost": 39047.32, "Plan Rows": 1459332, "Plan Width": 8}, {"Node Type": "Hash", "Parent Relationship": "Inner", "Parallel Aware": false, "Startup Cost": 2626.12, "Total Cost": 2626.12, "Plan Rows": 1, "Plan Width": 20, "Plans": [{"Node Type": "Seq Scan", "Parent Relationship": "Outer", "Parallel Aware": false, "Relation Name": "keyword", "Alias": "k", "Startup Cost": 0.0, "Total Cost": 2626.12, "Plan Rows": 1, "Plan Width": 20, "Filter": "(keyword = 'marvel-cinematic-universe'::text)"}]}]}]}]}]}]}]}]}]}}, {"Plan": {"Node Type": "Aggregate", "Strategy": "Plain", "Partial Mode": "Simple", "Parallel Aware": false, "Startup Cost": 1058270.57, "Total Cost": 1058270.58, "Plan Rows": 1, "Plan Width": 96, "Plans": [{"Node Type": "Merge Join", "Parent Relationship": "Outer", "Parallel Aware": false, "Join Type": "Inner", "Startup Cost": 967291.62, "Total Cost": 1058270.57, "Plan Rows": 1, "Plan Width": 48, "Inner Unique": false, "Merge Cond": "(t.id = mk.movie_id)", "Plans": [{"Node Type": "Gather Merge", "Parent Relationship": "Outer", "Parallel Aware": false, "Startup Cost": 877929.42, "Total Cost": 969068.08, "Plan Rows": 565, "Plan Width": 40, "Workers Planned": 3, "Plans": [{"Node Type": "Merge Join", "Parent Relationship": "Outer", "Parallel Aware": false, "Join Type": "Inner", "Startup Cost": 876929.38, "Total Cost": 968001.66, "Plan Rows": 182, "Plan Width": 40, "Inner Unique": true, "Merge Cond": "(ci.movie_id = t.id)", "Plans": [{"Node Type": "Sort", "Parent Relationship": "Outer", "Parallel Aware": false, "Startup Cost": 876928.95, "Total Cost": 876931.87, "Plan Rows": 1169, "Plan Width": 19, "Sort Key": ["ci.movie_id"], "Plans": [{"Node Type": "Merge Join", "Parent Relationship": "Outer", "Parallel Aware": false, "Join Type": "Inner", "Startup Cost": 0.99, "Total Cost": 876869.38, "Plan Rows": 1169, "Plan Width": 19, "Inner Unique": true, "Merge Cond": "(ci.person_id = n.id)", "Plans": [{"Node Type": "Index Scan", "Parent Relationship": "Outer", "Parallel Aware": true, "Scan Direction": "Forward", "Index Name": "person_id_cast_info", "Relation Name": "cast_info", "Alias": "ci", "Startup Cost": 0.56, "Total Cost": 706081.3, "Plan Rows": 11679112, "Plan Width": 8}, {"Node Type": "Index Scan", "Parent Relationship": "Inner", "Parallel Aware": false, "Scan Direction": "Forward", "Index Name": "name_pkey", "Relation Name": "name", "Alias": "n", "Startup Cost": 0.43, "Total Cost": 145056.15, "Plan Rows": 417, "Plan Width": 19, "Filter": "(name ~~ '%Downey%Robert%'::text)"}]}]}, {"Node Type": "Index Scan", "Parent Relationship": "Inner", "Parallel Aware": false, "Scan Direction": "Forward", "Index Name": "title_pkey", "Relation Name": "title", "Alias": "t", "Startup Cost": 0.43, "Total Cost": 90159.07, "Plan Rows": 394376, "Plan Width": 21, "Filter": "(production_year > 2010)"}]}]}, {"Node Type": "Sort", "Parent Relationship": "Inner", "Parallel Aware": false, "Startup Cost": 89362.2, "Total Cost": 89362.29, "Plan Rows": 34, "Plan Width": 20, "Sort Key": ["mk.movie_id"], "Plans": [{"Node Type": "Gather", "Parent Relationship": "Outer", "Parallel Aware": false, "Startup Cost": 1523.41, "Total Cost": 89361.34, "Plan Rows": 34, "Plan Width": 20, "Workers Planned": 3, "Single Copy": false, "Plans": [{"Node Type": "Merge Join", "Parent Relationship": "Outer", "Parallel Aware": false, "Join Type": "Inner", "Startup Cost": 523.41, "Total Cost": 88357.94, "Plan Rows": 11, "Plan Width": 20, "Inner Unique": true, "Merge Cond": "(mk.keyword_id = k.id)", "Plans": [{"Node Type": "Index Scan", "Parent Relationship": "Outer", "Parallel Aware": true, "Scan Direction": "Forward", "Index Name": "keyword_id_movie_keyword", "Relation Name": "movie_keyword", "Alias": "mk", "Startup Cost": 0.43, "Total Cost": 80857.68, "Plan Rows": 1459332, "Plan Width": 8}, {"Node Type": "Index Scan", "Parent Relationship": "Inner", "Parallel Aware": false, "Scan Direction": "Forward", "Index Name": "keyword_pkey", "Relation Name": "keyword", "Alias": "k", "Startup Cost": 0.42, "Total Cost": 3851.82, "Plan Rows": 1, "Plan Width": 20, "Filter": "(keyword = 'marvel-cinematic-universe'::text)"}]}]}]}]}]}}, {"Plan": {"Node Type": "Aggregate", "Strategy": "Plain", "Partial Mode": "Simple", "Parallel Aware": false, "Startup Cost": 4316.58, "Total Cost": 4316.59, "Plan Rows": 1, "Plan Width": 96, "Plans": [{"Node Type": "Nested Loop", "Parent Relationship": "Outer", "Parallel Aware": false, "Join Type": "Inner", "Startup Cost": 2.28, "Total Cost": 4316.57, "Plan Rows": 1, "Plan Width": 48, "Inner Unique": true, "Plans": [{"Node Type": "Nested Loop", "Parent Relationship": "Outer", "Parallel Aware": false, "Join Type": "Inner", "Startup Cost": 1.85, "Total Cost": 4218.91, "Plan Rows": 216, "Plan Width": 37, "Inner Unique": false, "Join Filter": "(t.id = ci.movie_id)", "Plans": [{"Node Type": "Nested Loop", "Parent Relationship": "Outer", "Parallel Aware": false, "Join Type": "Inner", "Startup Cost": 1.28, "Total Cost": 4209.47, "Plan Rows": 5, "Plan Width": 41, "Inner Unique": true, "Plans": [{"Node Type": "Nested Loop", "Parent Relationship": "Outer", "Parallel Aware": false, "Join Type": "Inner", "Startup Cost": 0.85, "Total Cost": 4193.8, "Plan Rows": 34, "Plan Width": 20, "Inner Unique": false, "Plans": [{"Node Type": "Index Scan", "Parent Relationship": "Outer", "Parallel Aware": false, "Scan Direction": "Forward", "Index Name": "keyword_pkey", "Relation Name": "keyword", "Alias": "k", "Startup Cost": 0.42, "Total Cost": 3851.82, "Plan Rows": 1, "Plan Width": 20, "Filter": "(keyword = 'marvel-cinematic-universe'::text)"}, {"Node Type": "Index Scan", "Parent Relationship": "Inner", "Parallel Aware": false, "Scan Direction": "Forward", "Index Name": "keyword_id_movie_keyword", "Relation Name": "movie_keyword", "Alias": "mk", "Startup Cost": 0.43, "Total Cost": 338.96, "Plan Rows": 302, "Plan Width": 8, "Index Cond": "(keyword_id = k.id)"}]}, {"Node Type": "Index Scan", "Parent Relationship": "Inner", "Parallel Aware": false, "Scan Direction": "Forward", "Index Name": "title_pkey", "Relation Name": "title", "Alias": "t", "Startup Cost": 0.43, "Total Cost": 0.46, "Plan Rows": 1, "Plan Width": 21, "Index Cond": "(id = mk.movie_id)", "Filter": "(production_year > 2010)"}]}, {"Node Type": "Index Scan", "Parent Relationship": "Inner", "Parallel Aware": false, "Scan Direction": "Forward", "Index Name": "movie_id_cast_info", "Relation Name": "cast_info", "Alias": "ci", "Startup Cost": 0.56, "Total Cost": 1.38, "Plan Rows": 41, "Plan Width": 8, "Index Cond": "(movie_id = mk.movie_id)"}]}, {"Node Type": "Index Scan", "Parent Relationship": "Inner", "Parallel Aware": false, "Scan Direction": "Forward", "Index Name": "name_pkey", "Relation Name": "name", "Alias": "n", "Startup Cost": 0.43, "Total Cost": 0.45, "Plan Rows": 1, "Plan Width": 19, "Index Cond": "(id = ci.person_id)", "Filter": "(name ~~ '%Downey%Robert%'::text)"}]}]}}, {"Plan": {"Node Type": "Aggregate", "Strategy": "Plain", "Partial Mode": "Simple", "Parallel Aware": false, "Startup Cost": 3090.89, "Total Cost": 3090.9, "Plan Rows": 1, "Plan Width": 96, "Plans": [{"Node Type": "Nested Loop", "Parent Relationship": "Outer", "Parallel Aware": false, "Join Type": "Inner", "Startup Cost": 1.86, "Total Cost": 3090.88, "Plan Rows": 1, "Plan Width": 48, "Inner Unique": true, "Plans": [{"Node Type": "Nested Loop", "Parent Relationship": "Outer", "Parallel Aware": false, "Join Type": "Inner", "Startup Cost": 1.43, "Total Cost": 2993.22, "Plan Rows": 216, "Plan Width": 37, "Inner Unique": false, "Join Filter": "(t.id = ci.movie_id)", "Plans": [{"Node Type": "Nested Loop", "Parent Relationship": "Outer", "Parallel Aware": false, "Join Type": "Inner", "Startup Cost": 0.86, "Total Cost": 2983.78, "Plan Rows": 5, "Plan Width": 41, "Inner Unique": true, "Plans": [{"Node Type": "Nested Loop", "Parent Relationship": "Outer", "Parallel Aware": false, "Join Type": "Inner", "Startup Cost": 0.43, "Total Cost": 2968.1, "Plan Rows": 34, "Plan Width": 20, "Inner Unique": false, "Plans": [{"Node Type": "Seq Scan", "Parent Relationship": "Outer", "Parallel Aware": false, "Relation Name": "keyword", "Alias": "k", "Startup Cost": 0.0, "Total Cost": 2626.12, "Plan Rows": 1, "Plan Width": 20, "Filter": "(keyword = 'marvel-cinematic-universe'::text)"}, {"Node Type": "Index Scan", "Parent Relationship": "Inner", "Parallel Aware": false, "Scan Direction": "Forward", "Index Name": "keyword_id_movie_keyword", "Relation Name": "movie_keyword", "Alias": "mk", "Startup Cost": 0.43, "Total Cost": 338.96, "Plan Rows": 302, "Plan Width": 8, "Index Cond": "(keyword_id = k.id)"}]}, {"Node Type": "Index Scan", "Parent Relationship": "Inner", "Parallel Aware": false, "Scan Direction": "Forward", "Index Name": "title_pkey", "Relation Name": "title", "Alias": "t", "Startup Cost": 0.43, "Total Cost": 0.46, "Plan Rows": 1, "Plan Width": 21, "Index Cond": "(id = mk.movie_id)", "Filter": "(production_year > 2010)"}]}, {"Node Type": "Index Scan", "Parent Relationship": "Inner", "Parallel Aware": false, "Scan Direction": "Forward", "Index Name": "movie_id_cast_info", "Relation Name": "cast_info", "Alias": "ci", "Startup Cost": 0.56, "Total Cost": 1.38, "Plan Rows": 41, "Plan Width": 8, "Index Cond": "(movie_id = mk.movie_id)"}]}, {"Node Type": "Index Scan", "Parent Relationship": "Inner", "Parallel Aware": false, "Scan Direction": "Forward", "Index Name": "name_pkey", "Relation Name": "name", "Alias": "n", "Startup Cost": 0.43, "Total Cost": 0.45, "Plan Rows": 1, "Plan Width": 19, "Index Cond": "(id = ci.person_id)", "Filter": "(name ~~ '%Downey%Robert%'::text)"}]}]}}, {"Plan": {"Node Type": "Aggregate", "Strategy": "Plain", "Partial Mode": "Simple", "Parallel Aware": false, "Startup Cost": 1023659.36, "Total Cost": 1023659.37, "Plan Rows": 1, "Plan Width": 96, "Plans": [{"Node Type": "Merge Join", "Parent Relationship": "Outer", "Parallel Aware": false, "Join Type": "Inner", "Startup Cost": 932730.6, "Total Cost": 1023659.35, "Plan Rows": 1, "Plan Width": 48, "Inner Unique": false, "Merge Cond": "(t.id = mk.movie_id)", "Plans": [{"Node Type": "Merge Join", "Parent Relationship": "Outer", "Parallel Aware": false, "Join Type": "Inner", "Startup Cost": 844594.08, "Total Cost": 935682.46, "Plan Rows": 565, "Plan Width": 40, "Inner Unique": false, "Merge Cond": "(t.id = ci.movie_id)", "Plans": [{"Node Type": "Index Scan", "Parent Relationship": "Outer", "Parallel Aware": false, "Scan Direction": "Forward", "Index Name": "title_pkey", "Relation Name": "title", "Alias": "t", "Startup Cost": 0.43, "Total Cost": 90159.07, "Plan Rows": 394376, "Plan Width": 21, "Filter": "(production_year > 2010)"}, {"Node Type": "Sort", "Parent Relationship": "Inner", "Parallel Aware": false, "Startup Cost": 844593.65, "Total Cost": 844602.71, "Plan Rows": 3623, "Plan Width": 19, "Sort Key": ["ci.movie_id"], "Plans": [{"Node Type": "Gather", "Parent Relationship": "Outer", "Parallel Aware": false, "Startup Cost": 108724.94, "Total Cost": 844379.48, "Plan Rows": 3623, "Plan Width": 19, "Workers Planned": 3, "Single Copy": false, "Plans": [{"Node Type": "Merge Join", "Parent Relationship": "Outer", "Parallel Aware": false, "Join Type": "Inner", "Startup Cost": 107724.94, "Total Cost": 843017.18, "Plan Rows": 1169, "Plan Width": 19, "Inner Unique": true, "Merge Cond": "(ci.person_id = n.id)", "Plans": [{"Node Type": "Index Scan", "Parent Relationship": "Outer", "Parallel Aware": true, "Scan Direction": "Forward", "Index Name": "person_id_cast_info", "Relation Name": "cast_info", "Alias": "ci", "Startup Cost": 0.56, "Total Cost": 706081.3, "Plan Rows": 11679112, "Plan Width": 8}, {"Node Type": "Sort", "Parent Relationship": "Inner", "Parallel Aware": false, "Startup Cost": 107724.37, "Total Cost": 107725.42, "Plan Rows": 417, "Plan Width": 19, "Sort Key": ["n.id"], "Plans": [{"Node Type": "Seq Scan", "Parent Relationship": "Outer", "Parallel Aware": false, "Relation Name": "name", "Alias": "n", "Startup Cost": 0.0, "Total Cost": 107706.23, "Plan Rows": 417, "Plan Width": 19, "Filter": "(name ~~ '%Downey%Robert%'::text)"}]}]}]}]}]}, {"Node Type": "Sort", "Parent Relationship": "Inner", "Parallel Aware": false, "Startup Cost": 88136.52, "Total Cost": 88136.61, "Plan Rows": 34, "Plan Width": 20, "Sort Key": ["mk.movie_id"], "Plans": [{"Node Type": "Gather", "Parent Relationship": "Outer", "Parallel Aware": false, "Startup Cost": 4149.12, "Total Cost": 88135.66, "Plan Rows": 34, "Plan Width": 20, "Workers Planned": 3, "Single Copy": false, "Plans": [{"Node Type": "Merge Join", "Parent Relationship": "Outer", "Parallel Aware": false, "Join Type": "Inner", "Startup Cost": 3149.12, "Total Cost": 87132.26, "Plan Rows": 11, "Plan Width": 20, "Inner Unique": true, "Merge Cond": "(mk.keyword_id = k.id)", "Plans": [{"Node Type": "Index Scan", "Parent Relationship": "Outer", "Parallel Aware": true, "Scan Direction": "Forward", "Index Name": "keyword_id_movie_keyword", "Relation Name": "movie_keyword", "Alias": "mk", "Startup Cost": 0.43, "Total Cost": 80857.68, "Plan Rows": 1459332, "Plan Width": 8}, {"Node Type": "Sort", "Parent Relationship": "Inner", "Parallel Aware": false, "Startup Cost": 2626.14, "Total Cost": 2626.14, "Plan Rows": 1, "Plan Width": 20, "Sort Key": ["k.id"], "Plans": [{"Node Type": "Seq Scan", "Parent Relationship": "Outer", "Parallel Aware": false, "Relation Name": "keyword", "Alias": "k", "Startup Cost": 0.0, "Total Cost": 2626.12, "Plan Rows": 1, "Plan Width": 20, "Filter": "(keyword = 'marvel-cinematic-universe'::text)"}]}]}]}]}]}]}}, {"Plan": {"Node Type": "Aggregate", "Strategy": "Plain", "Partial Mode": "Simple", "Parallel Aware": false, "Startup Cost": 4316.58, "Total Cost": 4316.59, "Plan Rows": 1, "Plan Width": 96, "Plans": [{"Node Type": "Nested Loop", "Parent Relationship": "Outer", "Parallel Aware": false, "Join Type": "Inner", "Startup Cost": 2.28, "Total Cost": 4316.57, "Plan Rows": 1, "Plan Width": 48, "Inner Unique": true, "Plans": [{"Node Type": "Nested Loop", "Parent Relationship": "Outer", "Parallel Aware": false, "Join Type": "Inner", "Startup Cost": 1.85, "Total Cost": 4218.91, "Plan Rows": 216, "Plan Width": 37, "Inner Unique": false, "Join Filter": "(t.id = ci.movie_id)", "Plans": [{"Node Type": "Nested Loop", "Parent Relationship": "Outer", "Parallel Aware": false, "Join Type": "Inner", "Startup Cost": 1.28, "Total Cost": 4209.47, "Plan Rows": 5, "Plan Width": 41, "Inner Unique": true, "Plans": [{"Node Type": "Nested Loop", "Parent Relationship": "Outer", "Parallel Aware": false, "Join Type": "Inner", "Startup Cost": 0.85, "Total Cost": 4193.8, "Plan Rows": 34, "Plan Width": 20, "Inner Unique": false, "Plans": [{"Node Type": "Index Scan", "Parent Relationship": "Outer", "Parallel Aware": false, "Scan Direction": "Forward", "Index Name": "keyword_pkey", "Relation Name": "keyword", "Alias": "k", "Startup Cost": 0.42, "Total Cost": 3851.82, "Plan Rows": 1, "Plan Width": 20, "Filter": "(keyword = 'marvel-cinematic-universe'::text)"}, {"Node Type": "Index Scan", "Parent Relationship": "Inner", "Parallel Aware": false, "Scan Direction": "Forward", "Index Name": "keyword_id_movie_keyword", "Relation Name": "movie_keyword", "Alias": "mk", "Startup Cost": 0.43, "Total Cost": 338.96, "Plan Rows": 302, "Plan Width": 8, "Index Cond": "(keyword_id = k.id)"}]}, {"Node Type": "Index Scan", "Parent Relationship": "Inner", "Parallel Aware": false, "Scan Direction": "Forward", "Index Name": "title_pkey", "Relation Name": "title", "Alias": "t", "Startup Cost": 0.43, "Total Cost": 0.46, "Plan Rows": 1, "Plan Width": 21, "Index Cond": "(id = mk.movie_id)", "Filter": "(production_year > 2010)"}]}, {"Node Type": "Index Scan", "Parent Relationship": "Inner", "Parallel Aware": false, "Scan Direction": "Forward", "Index Name": "movie_id_cast_info", "Relation Name": "cast_info", "Alias": "ci", "Startup Cost": 0.56, "Total Cost": 1.38, "Plan Rows": 41, "Plan Width": 8, "Index Cond": "(movie_id = mk.movie_id)"}]}, {"Node Type": "Index Scan", "Parent Relationship": "Inner", "Parallel Aware": false, "Scan Direction": "Forward", "Index Name": "name_pkey", "Relation Name": "name", "Alias": "n", "Startup Cost": 0.43, "Total Cost": 0.45, "Plan Rows": 1, "Plan Width": 19, "Index Cond": "(id = ci.person_id)", "Filter": "(name ~~ '%Downey%Robert%'::text)"}]}]}}, {"Plan": {"Node Type": "Aggregate", "Strategy": "Plain", "Partial Mode": "Simple", "Parallel Aware": false, "Startup Cost": 3090.89, "Total Cost": 3090.9, "Plan Rows": 1, "Plan Width": 96, "Plans": [{"Node Type": "Nested Loop", "Parent Relationship": "Outer", "Parallel Aware": false, "Join Type": "Inner", "Startup Cost": 1.86, "Total Cost": 3090.88, "Plan Rows": 1, "Plan Width": 48, "Inner Unique": true, "Plans": [{"Node Type": "Nested Loop", "Parent Relationship": "Outer", "Parallel Aware": false, "Join Type": "Inner", "Startup Cost": 1.43, "Total Cost": 2993.22, "Plan Rows": 216, "Plan Width": 37, "Inner Unique": false, "Join Filter": "(t.id = ci.movie_id)", "Plans": [{"Node Type": "Nested Loop", "Parent Relationship": "Outer", "Parallel Aware": false, "Join Type": "Inner", "Startup Cost": 0.86, "Total Cost": 2983.78, "Plan Rows": 5, "Plan Width": 41, "Inner Unique": true, "Plans": [{"Node Type": "Nested Loop", "Parent Relationship": "Outer", "Parallel Aware": false, "Join Type": "Inner", "Startup Cost": 0.43, "Total Cost": 2968.1, "Plan Rows": 34, "Plan Width": 20, "Inner Unique": false, "Plans": [{"Node Type": "Seq Scan", "Parent Relationship": "Outer", "Parallel Aware": false, "Relation Name": "keyword", "Alias": "k", "Startup Cost": 0.0, "Total Cost": 2626.12, "Plan Rows": 1, "Plan Width": 20, "Filter": "(keyword = 'marvel-cinematic-universe'::text)"}, {"Node Type": "Index Scan", "Parent Relationship": "Inner", "Parallel Aware": false, "Scan Direction": "Forward", "Index Name": "keyword_id_movie_keyword", "Relation Name": "movie_keyword", "Alias": "mk", "Startup Cost": 0.43, "Total Cost": 338.96, "Plan Rows": 302, "Plan Width": 8, "Index Cond": "(keyword_id = k.id)"}]}, {"Node Type": "Index Scan", "Parent Relationship": "Inner", "Parallel Aware": false, "Scan Direction": "Forward", "Index Name": "title_pkey", "Relation Name": "title", "Alias": "t", "Startup Cost": 0.43, "Total Cost": 0.46, "Plan Rows": 1, "Plan Width": 21, "Index Cond": "(id = mk.movie_id)", "Filter": "(production_year > 2010)"}]}, {"Node Type": "Index Scan", "Parent Relationship": "Inner", "Parallel Aware": false, "Scan Direction": "Forward", "Index Name": "movie_id_cast_info", "Relation Name": "cast_info", "Alias": "ci", "Startup Cost": 0.56, "Total Cost": 1.38, "Plan Rows": 41, "Plan Width": 8, "Index Cond": "(movie_id = mk.movie_id)"}]}, {"Node Type": "Index Scan", "Parent Relationship": "Inner", "Parallel Aware": false, "Scan Direction": "Forward", "Index Name": "name_pkey", "Relation Name": "name", "Alias": "n", "Startup Cost": 0.43, "Total Cost": 0.45, "Plan Rows": 1, "Plan Width": 19, "Index Cond": "(id = ci.person_id)", "Filter": "(name ~~ '%Downey%Robert%'::text)"}]}]}}, {"Plan": {"Node Type": "Aggregate", "Strategy": "Plain", "Partial Mode": "Simple", "Parallel Aware": false, "Startup Cost": 50007097734.74, "Total Cost": 50007097734.75, "Plan Rows": 1, "Plan Width": 96, "Plans": [{"Node Type": "Nested Loop", "Parent Relationship": "Outer", "Parallel Aware": false, "Join Type": "Inner", "Startup Cost": 50000000002.65, "Total Cost": 50007097734.73, "Plan Rows": 1, "Plan Width": 48, "Inner Unique": true, "Join Filter": "(mk.movie_id = t.id)", "Plans": [{"Node Type": "Nested Loop", "Parent Relationship": "Outer", "Parallel Aware": false, "Join Type": "Inner", "Startup Cost": 40000000002.21, "Total Cost": 40007097733.16, "Plan Rows": 1, "Plan Width": 39, "Inner Unique": true, "Plans": [{"Node Type": "Nested Loop", "Parent Relationship": "Outer", "Parallel Aware": false, "Join Type": "Inner", "Startup Cost": 30000000001.77, "Total Cost": 30007095581.97, "Plan Rows": 1385, "Plan Width": 28, "Inner Unique": false, "Plans": [{"Node Type": "Nested Loop", "Parent Relationship": "Outer", "Parallel Aware": false, "Join Type": "Inner", "Startup Cost": 20000000000.86, "Total Cost": 20007095482.11, "Plan Rows": 34, "Plan Width": 20, "Inner Unique": true, "Plans": [{"Node Type": "Index Scan", "Parent Relationship": "Outer", "Parallel Aware": false, "Scan Direction": "Forward", "Index Name": "movie_id_movie_keyword", "Relation Name": "movie_keyword", "Alias": "mk", "Startup Cost": 10000000000.43, "Total Cost": 10000115635.46, "Plan Rows": 4523930, "Plan Width": 8}, {"Node Type": "Bitmap Heap Scan", "Parent Relationship": "Inner", "Parallel Aware": false, "Relation Name": "keyword", "Alias": "k", "Startup Cost": 0.43, "Total Cost": 1.54, "Plan Rows": 1, "Plan Width": 20, "Recheck Cond": "(id = mk.keyword_id)", "Filter": "(keyword = 'marvel-cinematic-universe'::text)", "Plans": [{"Node Type": "Bitmap Index Scan", "Parent Relationship": "Outer", "Parallel Aware": false, "Index Name": "keyword_pkey", "Startup Cost": 0.0, "Total Cost": 0.43, "Plan Rows": 1, "Plan Width": 0, "Index Cond": "(id = mk.keyword_id)"}]}]}, {"Node Type": "Bitmap Heap Scan", "Parent Relationship": "Inner", "Parallel Aware": false, "Relation Name": "cast_info", "Alias": "ci", "Startup Cost": 0.91, "Total Cost": 2.53, "Plan Rows": 41, "Plan Width": 8, "Recheck Cond": "(movie_id = mk.movie_id)", "Plans": [{"Node Type": "Bitmap Index Scan", "Parent Relationship": "Outer", "Parallel Aware": false, "Index Name": "movie_id_cast_info", "Startup Cost": 0.0, "Total Cost": 0.9, "Plan Rows": 41, "Plan Width": 0, "Index Cond": "(movie_id = mk.movie_id)"}]}]}, {"Node Type": "Bitmap Heap Scan", "Parent Relationship": "Inner", "Parallel Aware": false, "Relation Name": "name", "Alias": "n", "Startup Cost": 0.44, "Total Cost": 1.55, "Plan Rows": 1, "Plan Width": 19, "Recheck Cond": "(id = ci.person_id)", "Filter": "(name ~~ '%Downey%Robert%'::text)", "Plans": [{"Node Type": "Bitmap Index Scan", "Parent Relationship": "Outer", "Parallel Aware": false, "Index Name": "name_pkey", "Startup Cost": 0.0, "Total Cost": 0.44, "Plan Rows": 1, "Plan Width": 0, "Index Cond": "(id = ci.person_id)"}]}]}, {"Node Type": "Bitmap Heap Scan", "Parent Relationship": "Inner", "Parallel Aware": false, "Relation Name": "title", "Alias": "t", "Startup Cost": 0.44, "Total Cost": 1.55, "Plan Rows": 1, "Plan Width": 21, "Recheck Cond": "(id = ci.movie_id)", "Filter": "(production_year > 2010)", "Plans": [{"Node Type": "Bitmap Index Scan", "Parent Relationship": "Outer", "Parallel Aware": false, "Index Name": "title_pkey", "Startup Cost": 0.0, "Total Cost": 0.44, "Plan Rows": 1, "Plan Width": 0, "Index Cond": "(id = ci.movie_id)"}]}]}]}}, {"Plan": {"Node Type": "Aggregate", "Strategy": "Plain", "Partial Mode": "Simple", "Parallel Aware": false, "Startup Cost": 10002367706.66, "Total Cost": 10002367706.67, "Plan Rows": 1, "Plan Width": 96, "Plans": [{"Node Type": "Nested Loop", "Parent Relationship": "Outer", "Parallel Aware": false, "Join Type": "Inner", "Startup Cost": 10000000003.07, "Total Cost": 10002367706.65, "Plan Rows": 1, "Plan Width": 48, "Inner Unique": true, "Plans": [{"Node Type": "Nested Loop", "Parent Relationship": "Outer", "Parallel Aware": false, "Join Type": "Inner", "Startup Cost": 10000000002.63, "Total Cost": 10002367371.15, "Plan Rows": 216, "Plan Width": 37, "Inner Unique": false, "Join Filter": "(t.id = ci.movie_id)", "Plans": [{"Node Type": "Nested Loop", "Parent Relationship": "Outer", "Parallel Aware": false, "Join Type": "Inner", "Startup Cost": 10000000001.71, "Total Cost": 10002367355.96, "Plan Rows": 5, "Plan Width": 41, "Inner Unique": true, "Plans": [{"Node Type": "Nested Loop", "Parent Relationship": "Outer", "Parallel Aware": false, "Join Type": "Inner", "Startup Cost": 10000000001.29, "Total Cost": 10001278563.26, "Plan Rows": 705692, "Plan Width": 29, "Inner Unique": false, "Plans": [{"Node Type": "Index Scan", "Parent Relationship": "Outer", "Parallel Aware": false, "Scan Direction": "Forward", "Index Name": "title_pkey", "Relation Name": "title", "Alias": "t", "Startup Cost": 10000000000.43, "Total Cost": 10000090159.07, "Plan Rows": 394376, "Plan Width": 21, "Filter": "(production_year > 2010)"}, {"Node Type": "Bitmap Heap Scan", "Parent Relationship": "Inner", "Parallel Aware": false, "Relation Name": "movie_keyword", "Alias": "mk", "Startup Cost": 0.86, "Total Cost": 2.54, "Plan Rows": 47, "Plan Width": 8, "Recheck Cond": "(movie_id = t.id)", "Plans": [{"Node Type": "Bitmap Index Scan", "Parent Relationship": "Outer", "Parallel Aware": false, "Index Name": "movie_id_movie_keyword", "Startup Cost": 0.0, "Total Cost": 0.84, "Plan Rows": 47, "Plan Width": 0, "Index Cond": "(movie_id = t.id)"}]}]}, {"Node Type": "Bitmap Heap Scan", "Parent Relationship": "Inner", "Parallel Aware": false, "Relation Name": "keyword", "Alias": "k", "Startup Cost": 0.43, "Total Cost": 1.54, "Plan Rows": 1, "Plan Width": 20, "Recheck Cond": "(id = mk.keyword_id)", "Filter": "(keyword = 'marvel-cinematic-universe'::text)", "Plans": [{"Node Type": "Bitmap Index Scan", "Parent Relationship": "Outer", "Parallel Aware": false, "Index Name": "keyword_pkey", "Startup Cost": 0.0, "Total Cost": 0.43, "Plan Rows": 1, "Plan Width": 0, "Index Cond": "(id = mk.keyword_id)"}]}]}, {"Node Type": "Bitmap Heap Scan", "Parent Relationship": "Inner", "Parallel Aware": false, "Relation Name": "cast_info", "Alias": "ci", "Startup Cost": 0.91, "Total Cost": 2.53, "Plan Rows": 41, "Plan Width": 8, "Recheck Cond": "(movie_id = mk.movie_id)", "Plans": [{"Node Type": "Bitmap Index Scan", "Parent Relationship": "Outer", "Parallel Aware": false, "Index Name": "movie_id_cast_info", "Startup Cost": 0.0, "Total Cost": 0.9, "Plan Rows": 41, "Plan Width": 0, "Index Cond": "(movie_id = mk.movie_id)"}]}]}, {"Node Type": "Bitmap Heap Scan", "Parent Relationship": "Inner", "Parallel Aware": false, "Relation Name": "name", "Alias": "n", "Startup Cost": 0.44, "Total Cost": 1.55, "Plan Rows": 1, "Plan Width": 19, "Recheck Cond": "(id = ci.person_id)", "Filter": "(name ~~ '%Downey%Robert%'::text)", "Plans": [{"Node Type": "Bitmap Index Scan", "Parent Relationship": "Outer", "Parallel Aware": false, "Index Name": "name_pkey", "Startup Cost": 0.0, "Total Cost": 0.44, "Plan Rows": 1, "Plan Width": 0, "Index Cond": "(id = ci.person_id)"}]}]}]}}, {"Plan": {"Node Type": "Aggregate", "Strategy": "Plain", "Partial Mode": "Simple", "Parallel Aware": false, "Startup Cost": 3369.22, "Total Cost": 3369.23, "Plan Rows": 1, "Plan Width": 96, "Plans": [{"Node Type": "Nested Loop", "Parent Relationship": "Outer", "Parallel Aware": false, "Join Type": "Inner", "Startup Cost": 6.77, "Total Cost": 3369.22, "Plan Rows": 1, "Plan Width": 48, "Inner Unique": true, "Plans": [{"Node Type": "Nested Loop", "Parent Relationship": "Outer", "Parallel Aware": false, "Join Type": "Inner", "Startup Cost": 6.33, "Total Cost": 3033.72, "Plan Rows": 216, "Plan Width": 37, "Inner Unique": false, "Join Filter": "(t.id = ci.movie_id)", "Plans": [{"Node Type": "Nested Loop", "Parent Relationship": "Outer", "Parallel Aware": false, "Join Type": "Inner", "Startup Cost": 5.41, "Total Cost": 3018.52, "Plan Rows": 5, "Plan Width": 41, "Inner Unique": true, "Plans": [{"Node Type": "Nested Loop", "Parent Relationship": "Outer", "Parallel Aware": false, "Join Type": "Inner", "Startup Cost": 4.97, "Total Cost": 2965.65, "Plan Rows": 34, "Plan Width": 20, "Inner Unique": false, "Plans": [{"Node Type": "Seq Scan", "Parent Relationship": "Outer", "Parallel Aware": false, "Relation Name": "keyword", "Alias": "k", "Startup Cost": 0.0, "Total Cost": 2626.12, "Plan Rows": 1, "Plan Width": 20, "Filter": "(keyword = 'marvel-cinematic-universe'::text)"}, {"Node Type": "Bitmap Heap Scan", "Parent Relationship": "Inner", "Parallel Aware": false, "Relation Name": "movie_keyword", "Alias": "mk", "Startup Cost": 4.97, "Total Cost": 336.51, "Plan Rows": 302, "Plan Width": 8, "Recheck Cond": "(keyword_id = k.id)", "Plans": [{"Node Type": "Bitmap Index Scan", "Parent Relationship": "Outer", "Parallel Aware": false, "Index Name": "keyword_id_movie_keyword", "Startup Cost": 0.0, "Total Cost": 4.9, "Plan Rows": 302, "Plan Width": 0, "Index Cond": "(keyword_id = k.id)"}]}]}, {"Node Type": "Bitmap Heap Scan", "Parent Relationship": "Inner", "Parallel Aware": false, "Relation Name": "title", "Alias": "t", "Startup Cost": 0.44, "Total Cost": 1.55, "Plan Rows": 1, "Plan Width": 21, "Recheck Cond": "(id = mk.movie_id)", "Filter": "(production_year > 2010)", "Plans": [{"Node Type": "Bitmap Index Scan", "Parent Relationship": "Outer", "Parallel Aware": false, "Index Name": "title_pkey", "Startup Cost": 0.0, "Total Cost": 0.44, "Plan Rows": 1, "Plan Width": 0, "Index Cond": "(id = mk.movie_id)"}]}]}, {"Node Type": "Bitmap Heap Scan", "Parent Relationship": "Inner", "Parallel Aware": false, "Relation Name": "cast_info", "Alias": "ci", "Startup Cost": 0.91, "Total Cost": 2.53, "Plan Rows": 41, "Plan Width": 8, "Recheck Cond": "(movie_id = mk.movie_id)", "Plans": [{"Node Type": "Bitmap Index Scan", "Parent Relationship": "Outer", "Parallel Aware": false, "Index Name": "movie_id_cast_info", "Startup Cost": 0.0, "Total Cost": 0.9, "Plan Rows": 41, "Plan Width": 0, "Index Cond": "(movie_id = mk.movie_id)"}]}]}, {"Node Type": "Bitmap Heap Scan", "Parent Relationship": "Inner", "Parallel Aware": false, "Relation Name": "name", "Alias": "n", "Startup Cost": 0.44, "Total Cost": 1.55, "Plan Rows": 1, "Plan Width": 19, "Recheck Cond": "(id = ci.person_id)", "Filter": "(name ~~ '%Downey%Robert%'::text)", "Plans": [{"Node Type": "Bitmap Index Scan", "Parent Relationship": "Outer", "Parallel Aware": false, "Index Name": "name_pkey", "Startup Cost": 0.0, "Total Cost": 0.44, "Plan Rows": 1, "Plan Width": 0, "Index Cond": "(id = ci.person_id)"}]}]}]}}, {"Plan": {"Node Type": "Aggregate", "Strategy": "Plain", "Partial Mode": "Simple", "Parallel Aware": false, "Startup Cost": 2323284.26, "Total Cost": 2323284.27, "Plan Rows": 1, "Plan Width": 96, "Plans": [{"Node Type": "Merge Join", "Parent Relationship": "Outer", "Parallel Aware": false, "Join Type": "Inner", "Startup Cost": 2321242.08, "Total Cost": 2323284.25, "Plan Rows": 1, "Plan Width": 48, "Inner Unique": false, "Merge Cond": "(t.id = mk.movie_id)", "Plans": [{"Node Type": "Gather Merge", "Parent Relationship": "Outer", "Parallel Aware": false, "Startup Cost": 2110167.72, "Total Cost": 2112211.92, "Plan Rows": 565, "Plan Width": 40, "Workers Planned": 3, "Plans": [{"Node Type": "Merge Join", "Parent Relationship": "Outer", "Parallel Aware": false, "Join Type": "Inner", "Startup Cost": 2109167.68, "Total Cost": 2111145.49, "Plan Rows": 182, "Plan Width": 40, "Inner Unique": true, "Merge Cond": "(ci.movie_id = t.id)", "Plans": [{"Node Type": "Sort", "Parent Relationship": "Outer", "Parallel Aware": false, "Startup Cost": 2000173.96, "Total Cost": 2000176.88, "Plan Rows": 1169, "Plan Width": 19, "Sort Key": ["ci.movie_id"], "Plans": [{"Node Type": "Merge Join", "Parent Relationship": "Outer", "Parallel Aware": false, "Join Type": "Inner", "Startup Cost": 1941705.11, "Total Cost": 2000114.39, "Plan Rows": 1169, "Plan Width": 19, "Inner Unique": true, "Merge Cond": "(ci.person_id = n.id)", "Plans": [{"Node Type": "Sort", "Parent Relationship": "Outer", "Parallel Aware": false, "Startup Cost": 1833980.73, "Total Cost": 1863178.51, "Plan Rows": 11679112, "Plan Width": 8, "Sort Key": ["ci.person_id"], "Plans": [{"Node Type": "Seq Scan", "Parent Relationship": "Outer", "Parallel Aware": true, "Relation Name": "cast_info", "Alias": "ci", "Startup Cost": 0.0, "Total Cost": 369478.12, "Plan Rows": 11679112, "Plan Width": 8}]}, {"Node Type": "Sort", "Parent Relationship": "Inner", "Parallel Aware": false, "Startup Cost": 107724.37, "Total Cost": 107725.42, "Plan Rows": 417, "Plan Width": 19, "Sort Key": ["n.id"], "Plans": [{"Node Type": "Seq Scan", "Parent Relationship": "Outer", "Parallel Aware": false, "Relation Name": "name", "Alias": "n", "Startup Cost": 0.0, "Total Cost": 107706.23, "Plan Rows": 417, "Plan Width": 19, "Filter": "(name ~~ '%Downey%Robert%'::text)"}]}]}]}, {"Node Type": "Sort", "Parent Relationship": "Inner", "Parallel Aware": false, "Startup Cost": 108993.72, "Total Cost": 109979.66, "Plan Rows": 394376, "Plan Width": 21, "Sort Key": ["t.id"], "Plans": [{"Node Type": "Seq Scan", "Parent Relationship": "Outer", "Parallel Aware": false, "Relation Name": "title", "Alias": "t", "Startup Cost": 0.0, "Total Cost": 67600.48, "Plan Rows": 394376, "Plan Width": 21, "Filter": "(production_year > 2010)"}]}]}]}, {"Node Type": "Sort", "Parent Relationship": "Inner", "Parallel Aware": false, "Startup Cost": 211074.36, "Total Cost": 211074.44, "Plan Rows": 34, "Plan Width": 20, "Sort Key": ["mk.movie_id"], "Plans": [{"Node Type": "Gather", "Parent Relationship": "Outer", "Parallel Aware": false, "Startup Cost": 203818.43, "Total Cost": 211073.49, "Plan Rows": 34, "Plan Width": 20, "Workers Planned": 3, "Single Copy": false, "Plans": [{"Node Type": "Merge Join", "Parent Relationship": "Outer", "Parallel Aware": false, "Join Type": "Inner", "Startup Cost": 202818.43, "Total Cost": 210070.09, "Plan Rows": 11, "Plan Width": 20, "Inner Unique": true, "Merge Cond": "(mk.keyword_id = k.id)", "Plans": [{"Node Type": "Sort", "Parent Relationship": "Outer", "Parallel Aware": false, "Startup Cost": 200147.18, "Total Cost": 203795.51, "Plan Rows": 1459332, "Plan Width": 8, "Sort Key": ["mk.keyword_id"], "Plans": [{"Node Type": "Seq Scan", "Parent Relationship": "Outer", "Parallel Aware": true, "Relation Name": "movie_keyword", "Alias": "mk", "Startup Cost": 0.0, "Total Cost": 39047.32, "Plan Rows": 1459332, "Plan Width": 8}]}, {"Node Type": "Sort", "Parent Relationship": "Inner", "Parallel Aware": false, "Startup Cost": 2626.14, "Total Cost": 2626.14, "Plan Rows": 1, "Plan Width": 20, "Sort Key": ["k.id"], "Plans": [{"Node Type": "Seq Scan", "Parent Relationship": "Outer", "Parallel Aware": false, "Relation Name": "keyword", "Alias": "k", "Startup Cost": 0.0, "Total Cost": 2626.12, "Plan Rows": 1, "Plan Width": 20, "Filter": "(keyword = 'marvel-cinematic-universe'::text)"}]}]}]}]}]}]}}, {"Plan": {"Node Type": "Aggregate", "Strategy": "Plain", "Partial Mode": "Simple", "Parallel Aware": false, "Startup Cost": 10002367706.66, "Total Cost": 10002367706.67, "Plan Rows": 1, "Plan Width": 96, "Plans": [{"Node Type": "Nested Loop", "Parent Relationship": "Outer", "Parallel Aware": false, "Join Type": "Inner", "Startup Cost": 10000000003.07, "Total Cost": 10002367706.65, "Plan Rows": 1, "Plan Width": 48, "Inner Unique": true, "Plans": [{"Node Type": "Nested Loop", "Parent Relationship": "Outer", "Parallel Aware": false, "Join Type": "Inner", "Startup Cost": 10000000002.63, "Total Cost": 10002367371.15, "Plan Rows": 216, "Plan Width": 37, "Inner Unique": false, "Join Filter": "(t.id = ci.movie_id)", "Plans": [{"Node Type": "Nested Loop", "Parent Relationship": "Outer", "Parallel Aware": false, "Join Type": "Inner", "Startup Cost": 10000000001.71, "Total Cost": 10002367355.96, "Plan Rows": 5, "Plan Width": 41, "Inner Unique": true, "Plans": [{"Node Type": "Nested Loop", "Parent Relationship": "Outer", "Parallel Aware": false, "Join Type": "Inner", "Startup Cost": 10000000001.29, "Total Cost": 10001278563.26, "Plan Rows": 705692, "Plan Width": 29, "Inner Unique": false, "Plans": [{"Node Type": "Index Scan", "Parent Relationship": "Outer", "Parallel Aware": false, "Scan Direction": "Forward", "Index Name": "title_pkey", "Relation Name": "title", "Alias": "t", "Startup Cost": 10000000000.43, "Total Cost": 10000090159.07, "Plan Rows": 394376, "Plan Width": 21, "Filter": "(production_year > 2010)"}, {"Node Type": "Bitmap Heap Scan", "Parent Relationship": "Inner", "Parallel Aware": false, "Relation Name": "movie_keyword", "Alias": "mk", "Startup Cost": 0.86, "Total Cost": 2.54, "Plan Rows": 47, "Plan Width": 8, "Recheck Cond": "(movie_id = t.id)", "Plans": [{"Node Type": "Bitmap Index Scan", "Parent Relationship": "Outer", "Parallel Aware": false, "Index Name": "movie_id_movie_keyword", "Startup Cost": 0.0, "Total Cost": 0.84, "Plan Rows": 47, "Plan Width": 0, "Index Cond": "(movie_id = t.id)"}]}]}, {"Node Type": "Bitmap Heap Scan", "Parent Relationship": "Inner", "Parallel Aware": false, "Relation Name": "keyword", "Alias": "k", "Startup Cost": 0.43, "Total Cost": 1.54, "Plan Rows": 1, "Plan Width": 20, "Recheck Cond": "(id = mk.keyword_id)", "Filter": "(keyword = 'marvel-cinematic-universe'::text)", "Plans": [{"Node Type": "Bitmap Index Scan", "Parent Relationship": "Outer", "Parallel Aware": false, "Index Name": "keyword_pkey", "Startup Cost": 0.0, "Total Cost": 0.43, "Plan Rows": 1, "Plan Width": 0, "Index Cond": "(id = mk.keyword_id)"}]}]}, {"Node Type": "Bitmap Heap Scan", "Parent Relationship": "Inner", "Parallel Aware": false, "Relation Name": "cast_info", "Alias": "ci", "Startup Cost": 0.91, "Total Cost": 2.53, "Plan Rows": 41, "Plan Width": 8, "Recheck Cond": "(movie_id = mk.movie_id)", "Plans": [{"Node Type": "Bitmap Index Scan", "Parent Relationship": "Outer", "Parallel Aware": false, "Index Name": "movie_id_cast_info", "Startup Cost": 0.0, "Total Cost": 0.9, "Plan Rows": 41, "Plan Width": 0, "Index Cond": "(movie_id = mk.movie_id)"}]}]}, {"Node Type": "Bitmap Heap Scan", "Parent Relationship": "Inner", "Parallel Aware": false, "Relation Name": "name", "Alias": "n", "Startup Cost": 0.44, "Total Cost": 1.55, "Plan Rows": 1, "Plan Width": 19, "Recheck Cond": "(id = ci.person_id)", "Filter": "(name ~~ '%Downey%Robert%'::text)", "Plans": [{"Node Type": "Bitmap Index Scan", "Parent Relationship": "Outer", "Parallel Aware": false, "Index Name": "name_pkey", "Startup Cost": 0.0, "Total Cost": 0.44, "Plan Rows": 1, "Plan Width": 0, "Index Cond": "(id = ci.person_id)"}]}]}]}}, {"Plan": {"Node Type": "Aggregate", "Strategy": "Plain", "Partial Mode": "Simple", "Parallel Aware": false, "Startup Cost": 3369.22, "Total Cost": 3369.23, "Plan Rows": 1, "Plan Width": 96, "Plans": [{"Node Type": "Nested Loop", "Parent Relationship": "Outer", "Parallel Aware": false, "Join Type": "Inner", "Startup Cost": 6.77, "Total Cost": 3369.22, "Plan Rows": 1, "Plan Width": 48, "Inner Unique": true, "Plans": [{"Node Type": "Nested Loop", "Parent Relationship": "Outer", "Parallel Aware": false, "Join Type": "Inner", "Startup Cost": 6.33, "Total Cost": 3033.72, "Plan Rows": 216, "Plan Width": 37, "Inner Unique": false, "Join Filter": "(t.id = ci.movie_id)", "Plans": [{"Node Type": "Nested Loop", "Parent Relationship": "Outer", "Parallel Aware": false, "Join Type": "Inner", "Startup Cost": 5.41, "Total Cost": 3018.52, "Plan Rows": 5, "Plan Width": 41, "Inner Unique": true, "Plans": [{"Node Type": "Nested Loop", "Parent Relationship": "Outer", "Parallel Aware": false, "Join Type": "Inner", "Startup Cost": 4.97, "Total Cost": 2965.65, "Plan Rows": 34, "Plan Width": 20, "Inner Unique": false, "Plans": [{"Node Type": "Seq Scan", "Parent Relationship": "Outer", "Parallel Aware": false, "Relation Name": "keyword", "Alias": "k", "Startup Cost": 0.0, "Total Cost": 2626.12, "Plan Rows": 1, "Plan Width": 20, "Filter": "(keyword = 'marvel-cinematic-universe'::text)"}, {"Node Type": "Bitmap Heap Scan", "Parent Relationship": "Inner", "Parallel Aware": false, "Relation Name": "movie_keyword", "Alias": "mk", "Startup Cost": 4.97, "Total Cost": 336.51, "Plan Rows": 302, "Plan Width": 8, "Recheck Cond": "(keyword_id = k.id)", "Plans": [{"Node Type": "Bitmap Index Scan", "Parent Relationship": "Outer", "Parallel Aware": false, "Index Name": "keyword_id_movie_keyword", "Startup Cost": 0.0, "Total Cost": 4.9, "Plan Rows": 302, "Plan Width": 0, "Index Cond": "(keyword_id = k.id)"}]}]}, {"Node Type": "Bitmap Heap Scan", "Parent Relationship": "Inner", "Parallel Aware": false, "Relation Name": "title", "Alias": "t", "Startup Cost": 0.44, "Total Cost": 1.55, "Plan Rows": 1, "Plan Width": 21, "Recheck Cond": "(id = mk.movie_id)", "Filter": "(production_year > 2010)", "Plans": [{"Node Type": "Bitmap Index Scan", "Parent Relationship": "Outer", "Parallel Aware": false, "Index Name": "title_pkey", "Startup Cost": 0.0, "Total Cost": 0.44, "Plan Rows": 1, "Plan Width": 0, "Index Cond": "(id = mk.movie_id)"}]}]}, {"Node Type": "Bitmap Heap Scan", "Parent Relationship": "Inner", "Parallel Aware": false, "Relation Name": "cast_info", "Alias": "ci", "Startup Cost": 0.91, "Total Cost": 2.53, "Plan Rows": 41, "Plan Width": 8, "Recheck Cond": "(movie_id = mk.movie_id)", "Plans": [{"Node Type": "Bitmap Index Scan", "Parent Relationship": "Outer", "Parallel Aware": false, "Index Name": "movie_id_cast_info", "Startup Cost": 0.0, "Total Cost": 0.9, "Plan Rows": 41, "Plan Width": 0, "Index Cond": "(movie_id = mk.movie_id)"}]}]}, {"Node Type": "Bitmap Heap Scan", "Parent Relationship": "Inner", "Parallel Aware": false, "Relation Name": "name", "Alias": "n", "Startup Cost": 0.44, "Total Cost": 1.55, "Plan Rows": 1, "Plan Width": 19, "Recheck Cond": "(id = ci.person_id)", "Filter": "(name ~~ '%Downey%Robert%'::text)", "Plans": [{"Node Type": "Bitmap Index Scan", "Parent Relationship": "Outer", "Parallel Aware": false, "Index Name": "name_pkey", "Startup Cost": 0.0, "Total Cost": 0.44, "Plan Rows": 1, "Plan Width": 0, "Index Cond": "(id = ci.person_id)"}]}]}]}}, {"Plan": {"Node Type": "Aggregate", "Strategy": "Plain", "Partial Mode": "Simple", "Parallel Aware": false, "Startup Cost": 1058270.57, "Total Cost": 1058270.58, "Plan Rows": 1, "Plan Width": 96, "Plans": [{"Node Type": "Merge Join", "Parent Relationship": "Outer", "Parallel Aware": false, "Join Type": "Inner", "Startup Cost": 967291.62, "Total Cost": 1058270.57, "Plan Rows": 1, "Plan Width": 48, "Inner Unique": false, "Merge Cond": "(t.id = mk.movie_id)", "Plans": [{"Node Type": "Gather Merge", "Parent Relationship": "Outer", "Parallel Aware": false, "Startup Cost": 877929.42, "Total Cost": 969068.08, "Plan Rows": 565, "Plan Width": 40, "Workers Planned": 3, "Plans": [{"Node Type": "Merge Join", "Parent Relationship": "Outer", "Parallel Aware": false, "Join Type": "Inner", "Startup Cost": 876929.38, "Total Cost": 968001.66, "Plan Rows": 182, "Plan Width": 40, "Inner Unique": true, "Merge Cond": "(ci.movie_id = t.id)", "Plans": [{"Node Type": "Sort", "Parent Relationship": "Outer", "Parallel Aware": false, "Startup Cost": 876928.95, "Total Cost": 876931.87, "Plan Rows": 1169, "Plan Width": 19, "Sort Key": ["ci.movie_id"], "Plans": [{"Node Type": "Merge Join", "Parent Relationship": "Outer", "Parallel Aware": false, "Join Type": "Inner", "Startup Cost": 0.99, "Total Cost": 876869.38, "Plan Rows": 1169, "Plan Width": 19, "Inner Unique": true, "Merge Cond": "(ci.person_id = n.id)", "Plans": [{"Node Type": "Index Scan", "Parent Relationship": "Outer", "Parallel Aware": true, "Scan Direction": "Forward", "Index Name": "person_id_cast_info", "Relation Name": "cast_info", "Alias": "ci", "Startup Cost": 0.56, "Total Cost": 706081.3, "Plan Rows": 11679112, "Plan Width": 8}, {"Node Type": "Index Scan", "Parent Relationship": "Inner", "Parallel Aware": false, "Scan Direction": "Forward", "Index Name": "name_pkey", "Relation Name": "name", "Alias": "n", "Startup Cost": 0.43, "Total Cost": 145056.15, "Plan Rows": 417, "Plan Width": 19, "Filter": "(name ~~ '%Downey%Robert%'::text)"}]}]}, {"Node Type": "Index Scan", "Parent Relationship": "Inner", "Parallel Aware": false, "Scan Direction": "Forward", "Index Name": "title_pkey", "Relation Name": "title", "Alias": "t", "Startup Cost": 0.43, "Total Cost": 90159.07, "Plan Rows": 394376, "Plan Width": 21, "Filter": "(production_year > 2010)"}]}]}, {"Node Type": "Sort", "Parent Relationship": "Inner", "Parallel Aware": false, "Startup Cost": 89362.2, "Total Cost": 89362.29, "Plan Rows": 34, "Plan Width": 20, "Sort Key": ["mk.movie_id"], "Plans": [{"Node Type": "Gather", "Parent Relationship": "Outer", "Parallel Aware": false, "Startup Cost": 1523.41, "Total Cost": 89361.34, "Plan Rows": 34, "Plan Width": 20, "Workers Planned": 3, "Single Copy": false, "Plans": [{"Node Type": "Merge Join", "Parent Relationship": "Outer", "Parallel Aware": false, "Join Type": "Inner", "Startup Cost": 523.41, "Total Cost": 88357.94, "Plan Rows": 11, "Plan Width": 20, "Inner Unique": true, "Merge Cond": "(mk.keyword_id = k.id)", "Plans": [{"Node Type": "Index Scan", "Parent Relationship": "Outer", "Parallel Aware": true, "Scan Direction": "Forward", "Index Name": "keyword_id_movie_keyword", "Relation Name": "movie_keyword", "Alias": "mk", "Startup Cost": 0.43, "Total Cost": 80857.68, "Plan Rows": 1459332, "Plan Width": 8}, {"Node Type": "Index Scan", "Parent Relationship": "Inner", "Parallel Aware": false, "Scan Direction": "Forward", "Index Name": "keyword_pkey", "Relation Name": "keyword", "Alias": "k", "Startup Cost": 0.42, "Total Cost": 3851.82, "Plan Rows": 1, "Plan Width": 20, "Filter": "(keyword = 'marvel-cinematic-universe'::text)"}]}]}]}]}]}}, {"Plan": {"Node Type": "Aggregate", "Strategy": "Plain", "Partial Mode": "Simple", "Parallel Aware": false, "Startup Cost": 4316.58, "Total Cost": 4316.59, "Plan Rows": 1, "Plan Width": 96, "Plans": [{"Node Type": "Nested Loop", "Parent Relationship": "Outer", "Parallel Aware": false, "Join Type": "Inner", "Startup Cost": 2.28, "Total Cost": 4316.57, "Plan Rows": 1, "Plan Width": 48, "Inner Unique": true, "Plans": [{"Node Type": "Nested Loop", "Parent Relationship": "Outer", "Parallel Aware": false, "Join Type": "Inner", "Startup Cost": 1.85, "Total Cost": 4218.91, "Plan Rows": 216, "Plan Width": 37, "Inner Unique": false, "Join Filter": "(t.id = ci.movie_id)", "Plans": [{"Node Type": "Nested Loop", "Parent Relationship": "Outer", "Parallel Aware": false, "Join Type": "Inner", "Startup Cost": 1.28, "Total Cost": 4209.47, "Plan Rows": 5, "Plan Width": 41, "Inner Unique": true, "Plans": [{"Node Type": "Nested Loop", "Parent Relationship": "Outer", "Parallel Aware": false, "Join Type": "Inner", "Startup Cost": 0.85, "Total Cost": 4193.8, "Plan Rows": 34, "Plan Width": 20, "Inner Unique": false, "Plans": [{"Node Type": "Index Scan", "Parent Relationship": "Outer", "Parallel Aware": false, "Scan Direction": "Forward", "Index Name": "keyword_pkey", "Relation Name": "keyword", "Alias": "k", "Startup Cost": 0.42, "Total Cost": 3851.82, "Plan Rows": 1, "Plan Width": 20, "Filter": "(keyword = 'marvel-cinematic-universe'::text)"}, {"Node Type": "Index Scan", "Parent Relationship": "Inner", "Parallel Aware": false, "Scan Direction": "Forward", "Index Name": "keyword_id_movie_keyword", "Relation Name": "movie_keyword", "Alias": "mk", "Startup Cost": 0.43, "Total Cost": 338.96, "Plan Rows": 302, "Plan Width": 8, "Index Cond": "(keyword_id = k.id)"}]}, {"Node Type": "Index Scan", "Parent Relationship": "Inner", "Parallel Aware": false, "Scan Direction": "Forward", "Index Name": "title_pkey", "Relation Name": "title", "Alias": "t", "Startup Cost": 0.43, "Total Cost": 0.46, "Plan Rows": 1, "Plan Width": 21, "Index Cond": "(id = mk.movie_id)", "Filter": "(production_year > 2010)"}]}, {"Node Type": "Index Scan", "Parent Relationship": "Inner", "Parallel Aware": false, "Scan Direction": "Forward", "Index Name": "movie_id_cast_info", "Relation Name": "cast_info", "Alias": "ci", "Startup Cost": 0.56, "Total Cost": 1.38, "Plan Rows": 41, "Plan Width": 8, "Index Cond": "(movie_id = mk.movie_id)"}]}, {"Node Type": "Index Scan", "Parent Relationship": "Inner", "Parallel Aware": false, "Scan Direction": "Forward", "Index Name": "name_pkey", "Relation Name": "name", "Alias": "n", "Startup Cost": 0.43, "Total Cost": 0.45, "Plan Rows": 1, "Plan Width": 19, "Index Cond": "(id = ci.person_id)", "Filter": "(name ~~ '%Downey%Robert%'::text)"}]}]}}, {"Plan": {"Node Type": "Aggregate", "Strategy": "Plain", "Partial Mode": "Simple", "Parallel Aware": false, "Startup Cost": 3090.89, "Total Cost": 3090.9, "Plan Rows": 1, "Plan Width": 96, "Plans": [{"Node Type": "Nested Loop", "Parent Relationship": "Outer", "Parallel Aware": false, "Join Type": "Inner", "Startup Cost": 1.86, "Total Cost": 3090.88, "Plan Rows": 1, "Plan Width": 48, "Inner Unique": true, "Plans": [{"Node Type": "Nested Loop", "Parent Relationship": "Outer", "Parallel Aware": false, "Join Type": "Inner", "Startup Cost": 1.43, "Total Cost": 2993.22, "Plan Rows": 216, "Plan Width": 37, "Inner Unique": false, "Join Filter": "(t.id = ci.movie_id)", "Plans": [{"Node Type": "Nested Loop", "Parent Relationship": "Outer", "Parallel Aware": false, "Join Type": "Inner", "Startup Cost": 0.86, "Total Cost": 2983.78, "Plan Rows": 5, "Plan Width": 41, "Inner Unique": true, "Plans": [{"Node Type": "Nested Loop", "Parent Relationship": "Outer", "Parallel Aware": false, "Join Type": "Inner", "Startup Cost": 0.43, "Total Cost": 2968.1, "Plan Rows": 34, "Plan Width": 20, "Inner Unique": false, "Plans": [{"Node Type": "Seq Scan", "Parent Relationship": "Outer", "Parallel Aware": false, "Relation Name": "keyword", "Alias": "k", "Startup Cost": 0.0, "Total Cost": 2626.12, "Plan Rows": 1, "Plan Width": 20, "Filter": "(keyword = 'marvel-cinematic-universe'::text)"}, {"Node Type": "Index Scan", "Parent Relationship": "Inner", "Parallel Aware": false, "Scan Direction": "Forward", "Index Name": "keyword_id_movie_keyword", "Relation Name": "movie_keyword", "Alias": "mk", "Startup Cost": 0.43, "Total Cost": 338.96, "Plan Rows": 302, "Plan Width": 8, "Index Cond": "(keyword_id = k.id)"}]}, {"Node Type": "Index Scan", "Parent Relationship": "Inner", "Parallel Aware": false, "Scan Direction": "Forward", "Index Name": "title_pkey", "Relation Name": "title", "Alias": "t", "Startup Cost": 0.43, "Total Cost": 0.46, "Plan Rows": 1, "Plan Width": 21, "Index Cond": "(id = mk.movie_id)", "Filter": "(production_year > 2010)"}]}, {"Node Type": "Index Scan", "Parent Relationship": "Inner", "Parallel Aware": false, "Scan Direction": "Forward", "Index Name": "movie_id_cast_info", "Relation Name": "cast_info", "Alias": "ci", "Startup Cost": 0.56, "Total Cost": 1.38, "Plan Rows": 41, "Plan Width": 8, "Index Cond": "(movie_id = mk.movie_id)"}]}, {"Node Type": "Index Scan", "Parent Relationship": "Inner", "Parallel Aware": false, "Scan Direction": "Forward", "Index Name": "name_pkey", "Relation Name": "name", "Alias": "n", "Startup Cost": 0.43, "Total Cost": 0.45, "Plan Rows": 1, "Plan Width": 19, "Index Cond": "(id = ci.person_id)", "Filter": "(name ~~ '%Downey%Robert%'::text)"}]}]}}, {"Plan": {"Node Type": "Aggregate", "Strategy": "Plain", "Partial Mode": "Simple", "Parallel Aware": false, "Startup Cost": 1023659.36, "Total Cost": 1023659.37, "Plan Rows": 1, "Plan Width": 96, "Plans": [{"Node Type": "Merge Join", "Parent Relationship": "Outer", "Parallel Aware": false, "Join Type": "Inner", "Startup Cost": 932730.6, "Total Cost": 1023659.35, "Plan Rows": 1, "Plan Width": 48, "Inner Unique": false, "Merge Cond": "(t.id = mk.movie_id)", "Plans": [{"Node Type": "Merge Join", "Parent Relationship": "Outer", "Parallel Aware": false, "Join Type": "Inner", "Startup Cost": 844594.08, "Total Cost": 935682.46, "Plan Rows": 565, "Plan Width": 40, "Inner Unique": false, "Merge Cond": "(t.id = ci.movie_id)", "Plans": [{"Node Type": "Index Scan", "Parent Relationship": "Outer", "Parallel Aware": false, "Scan Direction": "Forward", "Index Name": "title_pkey", "Relation Name": "title", "Alias": "t", "Startup Cost": 0.43, "Total Cost": 90159.07, "Plan Rows": 394376, "Plan Width": 21, "Filter": "(production_year > 2010)"}, {"Node Type": "Sort", "Parent Relationship": "Inner", "Parallel Aware": false, "Startup Cost": 844593.65, "Total Cost": 844602.71, "Plan Rows": 3623, "Plan Width": 19, "Sort Key": ["ci.movie_id"], "Plans": [{"Node Type": "Gather", "Parent Relationship": "Outer", "Parallel Aware": false, "Startup Cost": 108724.94, "Total Cost": 844379.48, "Plan Rows": 3623, "Plan Width": 19, "Workers Planned": 3, "Single Copy": false, "Plans": [{"Node Type": "Merge Join", "Parent Relationship": "Outer", "Parallel Aware": false, "Join Type": "Inner", "Startup Cost": 107724.94, "Total Cost": 843017.18, "Plan Rows": 1169, "Plan Width": 19, "Inner Unique": true, "Merge Cond": "(ci.person_id = n.id)", "Plans": [{"Node Type": "Index Scan", "Parent Relationship": "Outer", "Parallel Aware": true, "Scan Direction": "Forward", "Index Name": "person_id_cast_info", "Relation Name": "cast_info", "Alias": "ci", "Startup Cost": 0.56, "Total Cost": 706081.3, "Plan Rows": 11679112, "Plan Width": 8}, {"Node Type": "Sort", "Parent Relationship": "Inner", "Parallel Aware": false, "Startup Cost": 107724.37, "Total Cost": 107725.42, "Plan Rows": 417, "Plan Width": 19, "Sort Key": ["n.id"], "Plans": [{"Node Type": "Seq Scan", "Parent Relationship": "Outer", "Parallel Aware": false, "Relation Name": "name", "Alias": "n", "Startup Cost": 0.0, "Total Cost": 107706.23, "Plan Rows": 417, "Plan Width": 19, "Filter": "(name ~~ '%Downey%Robert%'::text)"}]}]}]}]}]}, {"Node Type": "Sort", "Parent Relationship": "Inner", "Parallel Aware": false, "Startup Cost": 88136.52, "Total Cost": 88136.61, "Plan Rows": 34, "Plan Width": 20, "Sort Key": ["mk.movie_id"], "Plans": [{"Node Type": "Gather", "Parent Relationship": "Outer", "Parallel Aware": false, "Startup Cost": 4149.12, "Total Cost": 88135.66, "Plan Rows": 34, "Plan Width": 20, "Workers Planned": 3, "Single Copy": false, "Plans": [{"Node Type": "Merge Join", "Parent Relationship": "Outer", "Parallel Aware": false, "Join Type": "Inner", "Startup Cost": 3149.12, "Total Cost": 87132.26, "Plan Rows": 11, "Plan Width": 20, "Inner Unique": true, "Merge Cond": "(mk.keyword_id = k.id)", "Plans": [{"Node Type": "Index Scan", "Parent Relationship": "Outer", "Parallel Aware": true, "Scan Direction": "Forward", "Index Name": "keyword_id_movie_keyword", "Relation Name": "movie_keyword", "Alias": "mk", "Startup Cost": 0.43, "Total Cost": 80857.68, "Plan Rows": 1459332, "Plan Width": 8}, {"Node Type": "Sort", "Parent Relationship": "Inner", "Parallel Aware": false, "Startup Cost": 2626.14, "Total Cost": 2626.14, "Plan Rows": 1, "Plan Width": 20, "Sort Key": ["k.id"], "Plans": [{"Node Type": "Seq Scan", "Parent Relationship": "Outer", "Parallel Aware": false, "Relation Name": "keyword", "Alias": "k", "Startup Cost": 0.0, "Total Cost": 2626.12, "Plan Rows": 1, "Plan Width": 20, "Filter": "(keyword = 'marvel-cinematic-universe'::text)"}]}]}]}]}]}]}}, {"Plan": {"Node Type": "Aggregate", "Strategy": "Plain", "Partial Mode": "Simple", "Parallel Aware": false, "Startup Cost": 4316.58, "Total Cost": 4316.59, "Plan Rows": 1, "Plan Width": 96, "Plans": [{"Node Type": "Nested Loop", "Parent Relationship": "Outer", "Parallel Aware": false, "Join Type": "Inner", "Startup Cost": 2.28, "Total Cost": 4316.57, "Plan Rows": 1, "Plan Width": 48, "Inner Unique": true, "Plans": [{"Node Type": "Nested Loop", "Parent Relationship": "Outer", "Parallel Aware": false, "Join Type": "Inner", "Startup Cost": 1.85, "Total Cost": 4218.91, "Plan Rows": 216, "Plan Width": 37, "Inner Unique": false, "Join Filter": "(t.id = ci.movie_id)", "Plans": [{"Node Type": "Nested Loop", "Parent Relationship": "Outer", "Parallel Aware": false, "Join Type": "Inner", "Startup Cost": 1.28, "Total Cost": 4209.47, "Plan Rows": 5, "Plan Width": 41, "Inner Unique": true, "Plans": [{"Node Type": "Nested Loop", "Parent Relationship": "Outer", "Parallel Aware": false, "Join Type": "Inner", "Startup Cost": 0.85, "Total Cost": 4193.8, "Plan Rows": 34, "Plan Width": 20, "Inner Unique": false, "Plans": [{"Node Type": "Index Scan", "Parent Relationship": "Outer", "Parallel Aware": false, "Scan Direction": "Forward", "Index Name": "keyword_pkey", "Relation Name": "keyword", "Alias": "k", "Startup Cost": 0.42, "Total Cost": 3851.82, "Plan Rows": 1, "Plan Width": 20, "Filter": "(keyword = 'marvel-cinematic-universe'::text)"}, {"Node Type": "Index Scan", "Parent Relationship": "Inner", "Parallel Aware": false, "Scan Direction": "Forward", "Index Name": "keyword_id_movie_keyword", "Relation Name": "movie_keyword", "Alias": "mk", "Startup Cost": 0.43, "Total Cost": 338.96, "Plan Rows": 302, "Plan Width": 8, "Index Cond": "(keyword_id = k.id)"}]}, {"Node Type": "Index Scan", "Parent Relationship": "Inner", "Parallel Aware": false, "Scan Direction": "Forward", "Index Name": "title_pkey", "Relation Name": "title", "Alias": "t", "Startup Cost": 0.43, "Total Cost": 0.46, "Plan Rows": 1, "Plan Width": 21, "Index Cond": "(id = mk.movie_id)", "Filter": "(production_year > 2010)"}]}, {"Node Type": "Index Scan", "Parent Relationship": "Inner", "Parallel Aware": false, "Scan Direction": "Forward", "Index Name": "movie_id_cast_info", "Relation Name": "cast_info", "Alias": "ci", "Startup Cost": 0.56, "Total Cost": 1.38, "Plan Rows": 41, "Plan Width": 8, "Index Cond": "(movie_id = mk.movie_id)"}]}, {"Node Type": "Index Scan", "Parent Relationship": "Inner", "Parallel Aware": false, "Scan Direction": "Forward", "Index Name": "name_pkey", "Relation Name": "name", "Alias": "n", "Startup Cost": 0.43, "Total Cost": 0.45, "Plan Rows": 1, "Plan Width": 19, "Index Cond": "(id = ci.person_id)", "Filter": "(name ~~ '%Downey%Robert%'::text)"}]}]}}, {"Plan": {"Node Type": "Aggregate", "Strategy": "Plain", "Partial Mode": "Simple", "Parallel Aware": false, "Startup Cost": 3090.89, "Total Cost": 3090.9, "Plan Rows": 1, "Plan Width": 96, "Plans": [{"Node Type": "Nested Loop", "Parent Relationship": "Outer", "Parallel Aware": false, "Join Type": "Inner", "Startup Cost": 1.86, "Total Cost": 3090.88, "Plan Rows": 1, "Plan Width": 48, "Inner Unique": true, "Plans": [{"Node Type": "Nested Loop", "Parent Relationship": "Outer", "Parallel Aware": false, "Join Type": "Inner", "Startup Cost": 1.43, "Total Cost": 2993.22, "Plan Rows": 216, "Plan Width": 37, "Inner Unique": false, "Join Filter": "(t.id = ci.movie_id)", "Plans": [{"Node Type": "Nested Loop", "Parent Relationship": "Outer", "Parallel Aware": false, "Join Type": "Inner", "Startup Cost": 0.86, "Total Cost": 2983.78, "Plan Rows": 5, "Plan Width": 41, "Inner Unique": true, "Plans": [{"Node Type": "Nested Loop", "Parent Relationship": "Outer", "Parallel Aware": false, "Join Type": "Inner", "Startup Cost": 0.43, "Total Cost": 2968.1, "Plan Rows": 34, "Plan Width": 20, "Inner Unique": false, "Plans": [{"Node Type": "Seq Scan", "Parent Relationship": "Outer", "Parallel Aware": false, "Relation Name": "keyword", "Alias": "k", "Startup Cost": 0.0, "Total Cost": 2626.12, "Plan Rows": 1, "Plan Width": 20, "Filter": "(keyword = 'marvel-cinematic-universe'::text)"}, {"Node Type": "Index Scan", "Parent Relationship": "Inner", "Parallel Aware": false, "Scan Direction": "Forward", "Index Name": "keyword_id_movie_keyword", "Relation Name": "movie_keyword", "Alias": "mk", "Startup Cost": 0.43, "Total Cost": 338.96, "Plan Rows": 302, "Plan Width": 8, "Index Cond": "(keyword_id = k.id)"}]}, {"Node Type": "Index Scan", "Parent Relationship": "Inner", "Parallel Aware": false, "Scan Direction": "Forward", "Index Name": "title_pkey", "Relation Name": "title", "Alias": "t", "Startup Cost": 0.43, "Total Cost": 0.46, "Plan Rows": 1, "Plan Width": 21, "Index Cond": "(id = mk.movie_id)", "Filter": "(production_year > 2010)"}]}, {"Node Type": "Index Scan", "Parent Relationship": "Inner", "Parallel Aware": false, "Scan Direction": "Forward", "Index Name": "movie_id_cast_info", "Relation Name": "cast_info", "Alias": "ci", "Startup Cost": 0.56, "Total Cost": 1.38, "Plan Rows": 41, "Plan Width": 8, "Index Cond": "(movie_id = mk.movie_id)"}]}, {"Node Type": "Index Scan", "Parent Relationship": "Inner", "Parallel Aware": false, "Scan Direction": "Forward", "Index Name": "name_pkey", "Relation Name": "name", "Alias": "n", "Startup Cost": 0.43, "Total Cost": 0.45, "Plan Rows": 1, "Plan Width": 19, "Index Cond": "(id = ci.person_id)", "Filter": "(name ~~ '%Downey%Robert%'::text)"}]}]}}, {"Plan": {"Node Type": "Aggregate", "Strategy": "Plain", "Partial Mode": "Simple", "Parallel Aware": false, "Startup Cost": 3369.22, "Total Cost": 3369.23, "Plan Rows": 1, "Plan Width": 96, "Plans": [{"Node Type": "Nested Loop", "Parent Relationship": "Outer", "Parallel Aware": false, "Join Type": "Inner", "Startup Cost": 6.77, "Total Cost": 3369.22, "Plan Rows": 1, "Plan Width": 48, "Inner Unique": true, "Plans": [{"Node Type": "Nested Loop", "Parent Relationship": "Outer", "Parallel Aware": false, "Join Type": "Inner", "Startup Cost": 6.33, "Total Cost": 3033.72, "Plan Rows": 216, "Plan Width": 37, "Inner Unique": false, "Join Filter": "(t.id = ci.movie_id)", "Plans": [{"Node Type": "Nested Loop", "Parent Relationship": "Outer", "Parallel Aware": false, "Join Type": "Inner", "Startup Cost": 5.41, "Total Cost": 3018.52, "Plan Rows": 5, "Plan Width": 41, "Inner Unique": true, "Plans": [{"Node Type": "Nested Loop", "Parent Relationship": "Outer", "Parallel Aware": false, "Join Type": "Inner", "Startup Cost": 4.97, "Total Cost": 2965.65, "Plan Rows": 34, "Plan Width": 20, "Inner Unique": false, "Plans": [{"Node Type": "Seq Scan", "Parent Relationship": "Outer", "Parallel Aware": false, "Relation Name": "keyword", "Alias": "k", "Startup Cost": 0.0, "Total Cost": 2626.12, "Plan Rows": 1, "Plan Width": 20, "Filter": "(keyword = 'marvel-cinematic-universe'::text)"}, {"Node Type": "Bitmap Heap Scan", "Parent Relationship": "Inner", "Parallel Aware": false, "Relation Name": "movie_keyword", "Alias": "mk", "Startup Cost": 4.97, "Total Cost": 336.51, "Plan Rows": 302, "Plan Width": 8, "Recheck Cond": "(keyword_id = k.id)", "Plans": [{"Node Type": "Bitmap Index Scan", "Parent Relationship": "Outer", "Parallel Aware": false, "Index Name": "keyword_id_movie_keyword", "Startup Cost": 0.0, "Total Cost": 4.9, "Plan Rows": 302, "Plan Width": 0, "Index Cond": "(keyword_id = k.id)"}]}]}, {"Node Type": "Bitmap Heap Scan", "Parent Relationship": "Inner", "Parallel Aware": false, "Relation Name": "title", "Alias": "t", "Startup Cost": 0.44, "Total Cost": 1.55, "Plan Rows": 1, "Plan Width": 21, "Recheck Cond": "(id = mk.movie_id)", "Filter": "(production_year > 2010)", "Plans": [{"Node Type": "Bitmap Index Scan", "Parent Relationship": "Outer", "Parallel Aware": false, "Index Name": "title_pkey", "Startup Cost": 0.0, "Total Cost": 0.44, "Plan Rows": 1, "Plan Width": 0, "Index Cond": "(id = mk.movie_id)"}]}]}, {"Node Type": "Bitmap Heap Scan", "Parent Relationship": "Inner", "Parallel Aware": false, "Relation Name": "cast_info", "Alias": "ci", "Startup Cost": 0.91, "Total Cost": 2.53, "Plan Rows": 41, "Plan Width": 8, "Recheck Cond": "(movie_id = mk.movie_id)", "Plans": [{"Node Type": "Bitmap Index Scan", "Parent Relationship": "Outer", "Parallel Aware": false, "Index Name": "movie_id_cast_info", "Startup Cost": 0.0, "Total Cost": 0.9, "Plan Rows": 41, "Plan Width": 0, "Index Cond": "(movie_id = mk.movie_id)"}]}]}, {"Node Type": "Bitmap Heap Scan", "Parent Relationship": "Inner", "Parallel Aware": false, "Relation Name": "name", "Alias": "n", "Startup Cost": 0.44, "Total Cost": 1.55, "Plan Rows": 1, "Plan Width": 19, "Recheck Cond": "(id = ci.person_id)", "Filter": "(name ~~ '%Downey%Robert%'::text)", "Plans": [{"Node Type": "Bitmap Index Scan", "Parent Relationship": "Outer", "Parallel Aware": false, "Index Name": "name_pkey", "Startup Cost": 0.0, "Total Cost": 0.44, "Plan Rows": 1, "Plan Width": 0, "Index Cond": "(id = ci.person_id)"}]}]}]}}, {"Plan": {"Node Type": "Aggregate", "Strategy": "Plain", "Partial Mode": "Simple", "Parallel Aware": false, "Startup Cost": 2323284.26, "Total Cost": 2323284.27, "Plan Rows": 1, "Plan Width": 96, "Plans": [{"Node Type": "Merge Join", "Parent Relationship": "Outer", "Parallel Aware": false, "Join Type": "Inner", "Startup Cost": 2321242.08, "Total Cost": 2323284.25, "Plan Rows": 1, "Plan Width": 48, "Inner Unique": false, "Merge Cond": "(t.id = mk.movie_id)", "Plans": [{"Node Type": "Gather Merge", "Parent Relationship": "Outer", "Parallel Aware": false, "Startup Cost": 2110167.72, "Total Cost": 2112211.92, "Plan Rows": 565, "Plan Width": 40, "Workers Planned": 3, "Plans": [{"Node Type": "Merge Join", "Parent Relationship": "Outer", "Parallel Aware": false, "Join Type": "Inner", "Startup Cost": 2109167.68, "Total Cost": 2111145.49, "Plan Rows": 182, "Plan Width": 40, "Inner Unique": true, "Merge Cond": "(ci.movie_id = t.id)", "Plans": [{"Node Type": "Sort", "Parent Relationship": "Outer", "Parallel Aware": false, "Startup Cost": 2000173.96, "Total Cost": 2000176.88, "Plan Rows": 1169, "Plan Width": 19, "Sort Key": ["ci.movie_id"], "Plans": [{"Node Type": "Merge Join", "Parent Relationship": "Outer", "Parallel Aware": false, "Join Type": "Inner", "Startup Cost": 1941705.11, "Total Cost": 2000114.39, "Plan Rows": 1169, "Plan Width": 19, "Inner Unique": true, "Merge Cond": "(ci.person_id = n.id)", "Plans": [{"Node Type": "Sort", "Parent Relationship": "Outer", "Parallel Aware": false, "Startup Cost": 1833980.73, "Total Cost": 1863178.51, "Plan Rows": 11679112, "Plan Width": 8, "Sort Key": ["ci.person_id"], "Plans": [{"Node Type": "Seq Scan", "Parent Relationship": "Outer", "Parallel Aware": true, "Relation Name": "cast_info", "Alias": "ci", "Startup Cost": 0.0, "Total Cost": 369478.12, "Plan Rows": 11679112, "Plan Width": 8}]}, {"Node Type": "Sort", "Parent Relationship": "Inner", "Parallel Aware": false, "Startup Cost": 107724.37, "Total Cost": 107725.42, "Plan Rows": 417, "Plan Width": 19, "Sort Key": ["n.id"], "Plans": [{"Node Type": "Seq Scan", "Parent Relationship": "Outer", "Parallel Aware": false, "Relation Name": "name", "Alias": "n", "Startup Cost": 0.0, "Total Cost": 107706.23, "Plan Rows": 417, "Plan Width": 19, "Filter": "(name ~~ '%Downey%Robert%'::text)"}]}]}]}, {"Node Type": "Sort", "Parent Relationship": "Inner", "Parallel Aware": false, "Startup Cost": 108993.72, "Total Cost": 109979.66, "Plan Rows": 394376, "Plan Width": 21, "Sort Key": ["t.id"], "Plans": [{"Node Type": "Seq Scan", "Parent Relationship": "Outer", "Parallel Aware": false, "Relation Name": "title", "Alias": "t", "Startup Cost": 0.0, "Total Cost": 67600.48, "Plan Rows": 394376, "Plan Width": 21, "Filter": "(production_year > 2010)"}]}]}]}, {"Node Type": "Sort", "Parent Relationship": "Inner", "Parallel Aware": false, "Startup Cost": 211074.36, "Total Cost": 211074.44, "Plan Rows": 34, "Plan Width": 20, "Sort Key": ["mk.movie_id"], "Plans": [{"Node Type": "Gather", "Parent Relationship": "Outer", "Parallel Aware": false, "Startup Cost": 203818.43, "Total Cost": 211073.49, "Plan Rows": 34, "Plan Width": 20, "Workers Planned": 3, "Single Copy": false, "Plans": [{"Node Type": "Merge Join", "Parent Relationship": "Outer", "Parallel Aware": false, "Join Type": "Inner", "Startup Cost": 202818.43, "Total Cost": 210070.09, "Plan Rows": 11, "Plan Width": 20, "Inner Unique": true, "Merge Cond": "(mk.keyword_id = k.id)", "Plans": [{"Node Type": "Sort", "Parent Relationship": "Outer", "Parallel Aware": false, "Startup Cost": 200147.18, "Total Cost": 203795.51, "Plan Rows": 1459332, "Plan Width": 8, "Sort Key": ["mk.keyword_id"], "Plans": [{"Node Type": "Seq Scan", "Parent Relationship": "Outer", "Parallel Aware": true, "Relation Name": "movie_keyword", "Alias": "mk", "Startup Cost": 0.0, "Total Cost": 39047.32, "Plan Rows": 1459332, "Plan Width": 8}]}, {"Node Type": "Sort", "Parent Relationship": "Inner", "Parallel Aware": false, "Startup Cost": 2626.14, "Total Cost": 2626.14, "Plan Rows": 1, "Plan Width": 20, "Sort Key": ["k.id"], "Plans": [{"Node Type": "Seq Scan", "Parent Relationship": "Outer", "Parallel Aware": false, "Relation Name": "keyword", "Alias": "k", "Startup Cost": 0.0, "Total Cost": 2626.12, "Plan Rows": 1, "Plan Width": 20, "Filter": "(keyword = 'marvel-cinematic-universe'::text)"}]}]}]}]}]}]}}, {"Plan": {"Node Type": "Aggregate", "Strategy": "Plain", "Partial Mode": "Simple", "Parallel Aware": false, "Startup Cost": 3369.22, "Total Cost": 3369.23, "Plan Rows": 1, "Plan Width": 96, "Plans": [{"Node Type": "Nested Loop", "Parent Relationship": "Outer", "Parallel Aware": false, "Join Type": "Inner", "Startup Cost": 6.77, "Total Cost": 3369.22, "Plan Rows": 1, "Plan Width": 48, "Inner Unique": true, "Plans": [{"Node Type": "Nested Loop", "Parent Relationship": "Outer", "Parallel Aware": false, "Join Type": "Inner", "Startup Cost": 6.33, "Total Cost": 3033.72, "Plan Rows": 216, "Plan Width": 37, "Inner Unique": false, "Join Filter": "(t.id = ci.movie_id)", "Plans": [{"Node Type": "Nested Loop", "Parent Relationship": "Outer", "Parallel Aware": false, "Join Type": "Inner", "Startup Cost": 5.41, "Total Cost": 3018.52, "Plan Rows": 5, "Plan Width": 41, "Inner Unique": true, "Plans": [{"Node Type": "Nested Loop", "Parent Relationship": "Outer", "Parallel Aware": false, "Join Type": "Inner", "Startup Cost": 4.97, "Total Cost": 2965.65, "Plan Rows": 34, "Plan Width": 20, "Inner Unique": false, "Plans": [{"Node Type": "Seq Scan", "Parent Relationship": "Outer", "Parallel Aware": false, "Relation Name": "keyword", "Alias": "k", "Startup Cost": 0.0, "Total Cost": 2626.12, "Plan Rows": 1, "Plan Width": 20, "Filter": "(keyword = 'marvel-cinematic-universe'::text)"}, {"Node Type": "Bitmap Heap Scan", "Parent Relationship": "Inner", "Parallel Aware": false, "Relation Name": "movie_keyword", "Alias": "mk", "Startup Cost": 4.97, "Total Cost": 336.51, "Plan Rows": 302, "Plan Width": 8, "Recheck Cond": "(keyword_id = k.id)", "Plans": [{"Node Type": "Bitmap Index Scan", "Parent Relationship": "Outer", "Parallel Aware": false, "Index Name": "keyword_id_movie_keyword", "Startup Cost": 0.0, "Total Cost": 4.9, "Plan Rows": 302, "Plan Width": 0, "Index Cond": "(keyword_id = k.id)"}]}]}, {"Node Type": "Bitmap Heap Scan", "Parent Relationship": "Inner", "Parallel Aware": false, "Relation Name": "title", "Alias": "t", "Startup Cost": 0.44, "Total Cost": 1.55, "Plan Rows": 1, "Plan Width": 21, "Recheck Cond": "(id = mk.movie_id)", "Filter": "(production_year > 2010)", "Plans": [{"Node Type": "Bitmap Index Scan", "Parent Relationship": "Outer", "Parallel Aware": false, "Index Name": "title_pkey", "Startup Cost": 0.0, "Total Cost": 0.44, "Plan Rows": 1, "Plan Width": 0, "Index Cond": "(id = mk.movie_id)"}]}]}, {"Node Type": "Bitmap Heap Scan", "Parent Relationship": "Inner", "Parallel Aware": false, "Relation Name": "cast_info", "Alias": "ci", "Startup Cost": 0.91, "Total Cost": 2.53, "Plan Rows": 41, "Plan Width": 8, "Recheck Cond": "(movie_id = mk.movie_id)", "Plans": [{"Node Type": "Bitmap Index Scan", "Parent Relationship": "Outer", "Parallel Aware": false, "Index Name": "movie_id_cast_info", "Startup Cost": 0.0, "Total Cost": 0.9, "Plan Rows": 41, "Plan Width": 0, "Index Cond": "(movie_id = mk.movie_id)"}]}]}, {"Node Type": "Bitmap Heap Scan", "Parent Relationship": "Inner", "Parallel Aware": false, "Relation Name": "name", "Alias": "n", "Startup Cost": 0.44, "Total Cost": 1.55, "Plan Rows": 1, "Plan Width": 19, "Recheck Cond": "(id = ci.person_id)", "Filter": "(name ~~ '%Downey%Robert%'::text)", "Plans": [{"Node Type": "Bitmap Index Scan", "Parent Relationship": "Outer", "Parallel Aware": false, "Index Name": "name_pkey", "Startup Cost": 0.0, "Total Cost": 0.44, "Plan Rows": 1, "Plan Width": 0, "Index Cond": "(id = ci.person_id)"}]}]}]}}, {"Plan": {"Node Type": "Aggregate", "Strategy": "Plain", "Partial Mode": "Simple", "Parallel Aware": false, "Startup Cost": 3090.89, "Total Cost": 3090.9, "Plan Rows": 1, "Plan Width": 96, "Plans": [{"Node Type": "Nested Loop", "Parent Relationship": "Outer", "Parallel Aware": false, "Join Type": "Inner", "Startup Cost": 1.86, "Total Cost": 3090.88, "Plan Rows": 1, "Plan Width": 48, "Inner Unique": true, "Plans": [{"Node Type": "Nested Loop", "Parent Relationship": "Outer", "Parallel Aware": false, "Join Type": "Inner", "Startup Cost": 1.43, "Total Cost": 2993.22, "Plan Rows": 216, "Plan Width": 37, "Inner Unique": false, "Join Filter": "(t.id = ci.movie_id)", "Plans": [{"Node Type": "Nested Loop", "Parent Relationship": "Outer", "Parallel Aware": false, "Join Type": "Inner", "Startup Cost": 0.86, "Total Cost": 2983.78, "Plan Rows": 5, "Plan Width": 41, "Inner Unique": true, "Plans": [{"Node Type": "Nested Loop", "Parent Relationship": "Outer", "Parallel Aware": false, "Join Type": "Inner", "Startup Cost": 0.43, "Total Cost": 2968.1, "Plan Rows": 34, "Plan Width": 20, "Inner Unique": false, "Plans": [{"Node Type": "Seq Scan", "Parent Relationship": "Outer", "Parallel Aware": false, "Relation Name": "keyword", "Alias": "k", "Startup Cost": 0.0, "Total Cost": 2626.12, "Plan Rows": 1, "Plan Width": 20, "Filter": "(keyword = 'marvel-cinematic-universe'::text)"}, {"Node Type": "Index Scan", "Parent Relationship": "Inner", "Parallel Aware": false, "Scan Direction": "Forward", "Index Name": "keyword_id_movie_keyword", "Relation Name": "movie_keyword", "Alias": "mk", "Startup Cost": 0.43, "Total Cost": 338.96, "Plan Rows": 302, "Plan Width": 8, "Index Cond": "(keyword_id = k.id)"}]}, {"Node Type": "Index Scan", "Parent Relationship": "Inner", "Parallel Aware": false, "Scan Direction": "Forward", "Index Name": "title_pkey", "Relation Name": "title", "Alias": "t", "Startup Cost": 0.43, "Total Cost": 0.46, "Plan Rows": 1, "Plan Width": 21, "Index Cond": "(id = mk.movie_id)", "Filter": "(production_year > 2010)"}]}, {"Node Type": "Index Scan", "Parent Relationship": "Inner", "Parallel Aware": false, "Scan Direction": "Forward", "Index Name": "movie_id_cast_info", "Relation Name": "cast_info", "Alias": "ci", "Startup Cost": 0.56, "Total Cost": 1.38, "Plan Rows": 41, "Plan Width": 8, "Index Cond": "(movie_id = mk.movie_id)"}]}, {"Node Type": "Index Scan", "Parent Relationship": "Inner", "Parallel Aware": false, "Scan Direction": "Forward", "Index Name": "name_pkey", "Relation Name": "name", "Alias": "n", "Startup Cost": 0.43, "Total Cost": 0.45, "Plan Rows": 1, "Plan Width": 19, "Index Cond": "(id = ci.person_id)", "Filter": "(name ~~ '%Downey%Robert%'::text)"}]}]}}]