[{"Plan": {"Node Type": "Aggregate", "Strategy": "Plain", "Partial Mode": "Simple", "Parallel Aware": false, "Startup Cost": 50007147382.59, "Total Cost": 50007147382.6, "Plan Rows": 1, "Plan Width": 96, "Plans": [{"Node Type": "Nested Loop", "Parent Relationship": "Outer", "Parallel Aware": false, "Join Type": "Inner", "Startup Cost": 50000000002.65, "Total Cost": 50007147382.58, "Plan Rows": 1, "Plan Width": 48, "Inner Unique": true, "Join Filter": "(mk.movie_id = t.id)", "Plans": [{"Node Type": "Nested Loop", "Parent Relationship": "Outer", "Parallel Aware": false, "Join Type": "Inner", "Startup Cost": 40000000002.21, "Total Cost": 40007147381.02, "Plan Rows": 1, "Plan Width": 39, "Inner Unique": true, "Plans": [{"Node Type": "Nested Loop", "Parent Relationship": "Outer", "Parallel Aware": false, "Join Type": "Inner", "Startup Cost": 30000000001.77, "Total Cost": 30007130174.6, "Plan Rows": 11078, "Plan Width": 28, "Inner Unique": false, "Plans": [{"Node Type": "Nested Loop", "Parent Relationship": "Outer", "Parallel Aware": false, "Join Type": "Inner", "Startup Cost": 20000000000.86, "Total Cost": 20007129381.64, "Plan Rows": 270, "Plan Width": 20, "Inner Unique": true, "Plans": [{"Node Type": "Index Scan", "Parent Relationship": "Outer", "Parallel Aware": false, "Scan Direction": "Forward", "Index Name": "movie_id_movie_keyword", "Relation Name": "movie_keyword", "Alias": "mk", "Startup Cost": 10000000000.43, "Total Cost": 10000115635.46, "Plan Rows": 4523930, "Plan Width": 8}, {"Node Type": "Bitmap Heap Scan", "Parent Relationship": "Inner", "Parallel Aware": false, "Relation Name": "keyword", "Alias": "k", "Startup Cost": 0.43, "Total Cost": 1.55, "Plan Rows": 1, "Plan Width": 20, "Recheck Cond": "(id = mk.keyword_id)", "Filter": "(keyword = ANY ('{superhero,sequel,second-part,marvel-comics,based-on-comic,tv-special,fight,violence}'::text[]))", "Plans": [{"Node Type": "Bitmap Index Scan", "Parent Relationship": "Outer", "Parallel Aware": false, "Index Name": "keyword_pkey", "Startup Cost": 0.0, "Total Cost": 0.43, "Plan Rows": 1, "Plan Width": 0, "Index Cond": "(id = mk.keyword_id)"}]}]}, {"Node Type": "Bitmap Heap Scan", "Parent Relationship": "Inner", "Parallel Aware": false, "Relation Name": "cast_info", "Alias": "ci", "Startup Cost": 0.91, "Total Cost": 2.53, "Plan Rows": 41, "Plan Width": 8, "Recheck Cond": "(movie_id = mk.movie_id)", "Plans": [{"Node Type": "Bitmap Index Scan", "Parent Relationship": "Outer", "Parallel Aware": false, "Index Name": "movie_id_cast_info", "Startup Cost": 0.0, "Total Cost": 0.9, "Plan Rows": 41, "Plan Width": 0, "Index Cond": "(movie_id = mk.movie_id)"}]}]}, {"Node Type": "Bitmap Heap Scan", "Parent Relationship": "Inner", "Parallel Aware": false, "Relation Name": "name", "Alias": "n", "Startup Cost": 0.44, "Total Cost": 1.55, "Plan Rows": 1, "Plan Width": 19, "Recheck Cond": "(id = ci.person_id)", "Filter": "(name ~~ '%Downey%Robert%'::text)", "Plans": [{"Node Type": "Bitmap Index Scan", "Parent Relationship": "Outer", "Parallel Aware": false, "Index Name": "name_pkey", "Startup Cost": 0.0, "Total Cost": 0.44, "Plan Rows": 1, "Plan Width": 0, "Index Cond": "(id = ci.person_id)"}]}]}, {"Node Type": "Bitmap Heap Scan", "Parent Relationship": "Inner", "Parallel Aware": false, "Relation Name": "title", "Alias": "t", "Startup Cost": 0.44, "Total Cost": 1.55, "Plan Rows": 1, "Plan Width": 21, "Recheck Cond": "(id = ci.movie_id)", "Filter": "(production_year > 2000)", "Plans": [{"Node Type": "Bitmap Index Scan", "Parent Relationship": "Outer", "Parallel Aware": false, "Index Name": "title_pkey", "Startup Cost": 0.0, "Total Cost": 0.44, "Plan Rows": 1, "Plan Width": 0, "Index Cond": "(id = ci.movie_id)"}]}]}]}}, {"Plan": {"Node Type": "Aggregate", "Strategy": "Plain", "Partial Mode": "Finalize", "Parallel Aware": false, "Startup Cost": 1007471.97, "Total Cost": 1007471.98, "Plan Rows": 1, "Plan Width": 96, "Plans": [{"Node Type": "Gather", "Parent Relationship": "Outer", "Parallel Aware": false, "Startup Cost": 1007471.64, "Total Cost": 1007471.95, "Plan Rows": 3, "Plan Width": 96, "Workers Planned": 3, "Single Copy": false, "Plans": [{"Node Type": "Aggregate", "Strategy": "Plain", "Partial Mode": "Partial", "Parent Relationship": "Outer", "Parallel Aware": false, "Startup Cost": 1006471.64, "Total Cost": 1006471.65, "Plan Rows": 1, "Plan Width": 96, "Plans": [{"Node Type": "Hash Join", "Parent Relationship": "Outer", "Parallel Aware": true, "Join Type": "Inner", "Startup Cost": 936060.54, "Total Cost": 1006471.63, "Plan Rows": 1, "Plan Width": 48, "Inner Unique": false, "Hash Cond": "(t.id = mk.movie_id)", "Plans": [{"Node Type": "Index Scan", "Parent Relationship": "Outer", "Parallel Aware": true, "Scan Direction": "Forward", "Index Name": "title_pkey", "Relation Name": "title", "Alias": "t", "Startup Cost": 0.43, "Total Cost": 68750.94, "Plan Rows": 442820, "Plan Width": 21, "Filter": "(production_year > 2000)"}, {"Node Type": "Hash", "Parent Relationship": "Inner", "Parallel Aware": true, "Startup Cost": 936060.1, "Total Cost": 936060.1, "Plan Rows": 1, "Plan Width": 39, "Plans": [{"Node Type": "Hash Join", "Parent Relationship": "Outer", "Parallel Aware": true, "Join Type": "Inner", "Startup Cost": 199317.27, "Total Cost": 936060.1, "Plan Rows": 1, "Plan Width": 39, "Inner Unique": false, "Hash Cond": "(ci.movie_id = mk.movie_id)", "Plans": [{"Node Type": "Hash Join", "Parent Relationship": "Outer", "Parallel Aware": true, "Join Type": "Inner", "Startup Cost": 109769.44, "Total Cost": 846507.88, "Plan Rows": 1169, "Plan Width": 19, "Inner Unique": true, "Hash Cond": "(ci.person_id = n.id)", "Plans": [{"Node Type": "Index Scan", "Parent Relationship": "Outer", "Parallel Aware": true, "Scan Direction": "Forward", "Index Name": "person_id_cast_info", "Relation Name": "cast_info", "Alias": "ci", "Startup Cost": 0.56, "Total Cost": 706081.3, "Plan Rows": 11679112, "Plan Width": 8}, {"Node Type": "Hash", "Parent Relationship": "Inner", "Parallel Aware": true, "Startup Cost": 109767.19, "Total Cost": 109767.19, "Plan Rows": 135, "Plan Width": 19, "Plans": [{"Node Type": "Index Scan", "Parent Relationship": "Outer", "Parallel Aware": true, "Scan Direction": "Forward", "Index Name": "name_pkey", "Relation Name": "name", "Alias": "n", "Startup Cost": 0.43, "Total Cost": 109767.19, "Plan Rows": 135, "Plan Width": 19, "Filter": "(name ~~ '%Downey%Robert%'::text)"}]}]}, {"Node Type": "Hash", "Parent Relationship": "Inner", "Parallel Aware": true, "Startup Cost": 89546.74, "Total Cost": 89546.74, "Plan Rows": 87, "Plan Width": 20, "Plans": [{"Node Type": "Hash Join", "Parent Relationship": "Outer", "Parallel Aware": false, "Join Type": "Inner", "Startup Cost": 4858.63, "Total Cost": 89546.74, "Plan Rows": 87, "Plan Width": 20, "Inner Unique": true, "Hash Cond": "(mk.keyword_id = k.id)", "Plans": [{"Node Type": "Index Scan", "Parent Relationship": "Outer", "Parallel Aware": true, "Scan Direction": "Forward", "Index Name": "keyword_id_movie_keyword", "Relation Name": "movie_keyword", "Alias": "mk", "Startup Cost": 0.43, "Total Cost": 80857.68, "Plan Rows": 1459332, "Plan Width": 8}, {"Node Type": "Hash", "Parent Relationship": "Inner", "Parallel Aware": false, "Startup Cost": 4858.09, "Total Cost": 4858.09, "Plan Rows": 8, "Plan Width": 20, "Plans": [{"Node Type": "Index Scan", "Parent Relationship": "Outer", "Parallel Aware": false, "Scan Direction": "Forward", "Index Name": "keyword_pkey", "Relation Name": "keyword", "Alias": "k", "Startup Cost": 0.42, "Total Cost": 4858.09, "Plan Rows": 8, "Plan Width": 20, "Filter": "(keyword = ANY ('{superhero,sequel,second-part,marvel-comics,based-on-comic,tv-special,fight,violence}'::text[]))"}]}]}]}]}]}]}]}]}]}}, {"Plan": {"Node Type": "Aggregate", "Strategy": "Plain", "Partial Mode": "Finalize", "Parallel Aware": false, "Startup Cost": 1007290.23, "Total Cost": 1007290.24, "Plan Rows": 1, "Plan Width": 96, "Plans": [{"Node Type": "Gather", "Parent Relationship": "Outer", "Parallel Aware": false, "Startup Cost": 1007289.89, "Total Cost": 1007290.2, "Plan Rows": 3, "Plan Width": 96, "Workers Planned": 3, "Single Copy": false, "Plans": [{"Node Type": "Aggregate", "Strategy": "Plain", "Partial Mode": "Partial", "Parent Relationship": "Outer", "Parallel Aware": false, "Startup Cost": 1006289.89, "Total Cost": 1006289.9, "Plan Rows": 1, "Plan Width": 96, "Plans": [{"Node Type": "Hash Join", "Parent Relationship": "Outer", "Parallel Aware": true, "Join Type": "Inner", "Startup Cost": 935878.79, "Total Cost": 1006289.89, "Plan Rows": 1, "Plan Width": 48, "Inner Unique": false, "Hash Cond": "(t.id = mk.movie_id)", "Plans": [{"Node Type": "Index Scan", "Parent Relationship": "Outer", "Parallel Aware": true, "Scan Direction": "Forward", "Index Name": "title_pkey", "Relation Name": "title", "Alias": "t", "Startup Cost": 0.43, "Total Cost": 68750.94, "Plan Rows": 442820, "Plan Width": 21, "Filter": "(production_year > 2000)"}, {"Node Type": "Hash", "Parent Relationship": "Inner", "Parallel Aware": true, "Startup Cost": 935878.35, "Total Cost": 935878.35, "Plan Rows": 1, "Plan Width": 39, "Plans": [{"Node Type": "Hash Join", "Parent Relationship": "Outer", "Parallel Aware": true, "Join Type": "Inner", "Startup Cost": 199135.52, "Total Cost": 935878.35, "Plan Rows": 1, "Plan Width": 39, "Inner Unique": false, "Hash Cond": "(ci.movie_id = mk.movie_id)", "Plans": [{"Node Type": "Hash Join", "Parent Relationship": "Outer", "Parallel Aware": true, "Join Type": "Inner", "Startup Cost": 109769.44, "Total Cost": 846507.88, "Plan Rows": 1169, "Plan Width": 19, "Inner Unique": true, "Hash Cond": "(ci.person_id = n.id)", "Plans": [{"Node Type": "Index Scan", "Parent Relationship": "Outer", "Parallel Aware": true, "Scan Direction": "Forward", "Index Name": "person_id_cast_info", "Relation Name": "cast_info", "Alias": "ci", "Startup Cost": 0.56, "Total Cost": 706081.3, "Plan Rows": 11679112, "Plan Width": 8}, {"Node Type": "Hash", "Parent Relationship": "Inner", "Parallel Aware": true, "Startup Cost": 109767.19, "Total Cost": 109767.19, "Plan Rows": 135, "Plan Width": 19, "Plans": [{"Node Type": "Index Scan", "Parent Relationship": "Outer", "Parallel Aware": true, "Scan Direction": "Forward", "Index Name": "name_pkey", "Relation Name": "name", "Alias": "n", "Startup Cost": 0.43, "Total Cost": 109767.19, "Plan Rows": 135, "Plan Width": 19, "Filter": "(name ~~ '%Downey%Robert%'::text)"}]}]}, {"Node Type": "Hash", "Parent Relationship": "Inner", "Parallel Aware": true, "Startup Cost": 89364.99, "Total Cost": 89364.99, "Plan Rows": 87, "Plan Width": 20, "Plans": [{"Node Type": "Merge Join", "Parent Relationship": "Outer", "Parallel Aware": false, "Join Type": "Inner", "Startup Cost": 523.41, "Total Cost": 89364.99, "Plan Rows": 87, "Plan Width": 20, "Inner Unique": true, "Merge Cond": "(mk.keyword_id = k.id)", "Plans": [{"Node Type": "Index Scan", "Parent Relationship": "Outer", "Parallel Aware": true, "Scan Direction": "Forward", "Index Name": "keyword_id_movie_keyword", "Relation Name": "movie_keyword", "Alias": "mk", "Startup Cost": 0.43, "Total Cost": 80857.68, "Plan Rows": 1459332, "Plan Width": 8}, {"Node Type": "Index Scan", "Parent Relationship": "Inner", "Parallel Aware": false, "Scan Direction": "Forward", "Index Name": "keyword_pkey", "Relation Name": "keyword", "Alias": "k", "Startup Cost": 0.42, "Total Cost": 4858.09, "Plan Rows": 8, "Plan Width": 20, "Filter": "(keyword = ANY ('{superhero,sequel,second-part,marvel-comics,based-on-comic,tv-special,fight,violence}'::text[]))"}]}]}]}]}]}]}]}]}}, {"Plan": {"Node Type": "Aggregate", "Strategy": "Plain", "Partial Mode": "Simple", "Parallel Aware": false, "Startup Cost": 10600.12, "Total Cost": 10600.13, "Plan Rows": 1, "Plan Width": 96, "Plans": [{"Node Type": "Nested Loop", "Parent Relationship": "Outer", "Parallel Aware": false, "Join Type": "Inner", "Startup Cost": 2.28, "Total Cost": 10600.11, "Plan Rows": 1, "Plan Width": 48, "Inner Unique": true, "Plans": [{"Node Type": "Nested Loop", "Parent Relationship": "Outer", "Parallel Aware": false, "Join Type": "Inner", "Startup Cost": 1.85, "Total Cost": 7880.45, "Plan Rows": 6015, "Plan Width": 37, "Inner Unique": false, "Join Filter": "(t.id = ci.movie_id)", "Plans": [{"Node Type": "Nested Loop", "Parent Relationship": "Outer", "Parallel Aware": false, "Join Type": "Inner", "Startup Cost": 1.28, "Total Cost": 7602.9, "Plan Rows": 147, "Plan Width": 41, "Inner Unique": true, "Plans": [{"Node Type": "Nested Loop", "Parent Relationship": "Outer", "Parallel Aware": false, "Join Type": "Inner", "Startup Cost": 0.85, "Total Cost": 7478.45, "Plan Rows": 270, "Plan Width": 20, "Inner Unique": false, "Plans": [{"Node Type": "Index Scan", "Parent Relationship": "Outer", "Parallel Aware": false, "Scan Direction": "Forward", "Index Name": "keyword_pkey", "Relation Name": "keyword", "Alias": "k", "Startup Cost": 0.42, "Total Cost": 4858.09, "Plan Rows": 8, "Plan Width": 20, "Filter": "(keyword = ANY ('{superhero,sequel,second-part,marvel-comics,based-on-comic,tv-special,fight,violence}'::text[]))"}, {"Node Type": "Index Scan", "Parent Relationship": "Inner", "Parallel Aware": false, "Scan Direction": "Forward", "Index Name": "keyword_id_movie_keyword", "Relation Name": "movie_keyword", "Alias": "mk", "Startup Cost": 0.43, "Total Cost": 324.52, "Plan Rows": 302, "Plan Width": 8, "Index Cond": "(keyword_id = k.id)"}]}, {"Node Type": "Index Scan", "Parent Relationship": "Inner", "Parallel Aware": false, "Scan Direction": "Forward", "Index Name": "title_pkey", "Relation Name": "title", "Alias": "t", "Startup Cost": 0.43, "Total Cost": 0.46, "Plan Rows": 1, "Plan Width": 21, "Index Cond": "(id = mk.movie_id)", "Filter": "(production_year > 2000)"}]}, {"Node Type": "Index Scan", "Parent Relationship": "Inner", "Parallel Aware": false, "Scan Direction": "Forward", "Index Name": "movie_id_cast_info", "Relation Name": "cast_info", "Alias": "ci", "Startup Cost": 0.56, "Total Cost": 1.38, "Plan Rows": 41, "Plan Width": 8, "Index Cond": "(movie_id = mk.movie_id)"}]}, {"Node Type": "Index Scan", "Parent Relationship": "Inner", "Parallel Aware": false, "Scan Direction": "Forward", "Index Name": "name_pkey", "Relation Name": "name", "Alias": "n", "Startup Cost": 0.43, "Total Cost": 0.45, "Plan Rows": 1, "Plan Width": 19, "Index Cond": "(id = ci.person_id)", "Filter": "(name ~~ '%Downey%Robert%'::text)"}]}]}}, {"Plan": {"Node Type": "Aggregate", "Strategy": "Plain", "Partial Mode": "Finalize", "Parallel Aware": false, "Startup Cost": 567924.24, "Total Cost": 567924.25, "Plan Rows": 1, "Plan Width": 96, "Plans": [{"Node Type": "Gather", "Parent Relationship": "Outer", "Parallel Aware": false, "Startup Cost": 567923.9, "Total Cost": 567924.21, "Plan Rows": 3, "Plan Width": 96, "Workers Planned": 3, "Single Copy": false, "Plans": [{"Node Type": "Aggregate", "Strategy": "Plain", "Partial Mode": "Partial", "Parent Relationship": "Outer", "Parallel Aware": false, "Startup Cost": 566923.9, "Total Cost": 566923.91, "Plan Rows": 1, "Plan Width": 96, "Plans": [{"Node Type": "Hash Join", "Parent Relationship": "Outer", "Parallel Aware": true, "Join Type": "Inner", "Startup Cost": 519070.96, "Total Cost": 566923.9, "Plan Rows": 1, "Plan Width": 48, "Inner Unique": false, "Hash Cond": "(t.id = mk.movie_id)", "Plans": [{"Node Type": "Seq Scan", "Parent Relationship": "Outer", "Parallel Aware": true, "Relation Name": "title", "Alias": "t", "Startup Cost": 0.0, "Total Cost": 46192.35, "Plan Rows": 442820, "Plan Width": 21, "Filter": "(production_year > 2000)"}, {"Node Type": "Hash", "Parent Relationship": "Inner", "Parallel Aware": true, "Startup Cost": 519070.95, "Total Cost": 519070.95, "Plan Rows": 1, "Plan Width": 39, "Plans": [{"Node Type": "Hash Join", "Parent Relationship": "Outer", "Parallel Aware": true, "Join Type": "Inner", "Startup Cost": 118930.73, "Total Cost": 519070.95, "Plan Rows": 1, "Plan Width": 39, "Inner Unique": false, "Hash Cond": "(ci.movie_id = mk.movie_id)", "Plans": [{"Node Type": "Hash Join", "Parent Relationship": "Outer", "Parallel Aware": true, "Join Type": "Inner", "Startup Cost": 72418.95, "Total Cost": 472554.78, "Plan Rows": 1169, "Plan Width": 19, "Inner Unique": true, "Hash Cond": "(ci.person_id = n.id)", "Plans": [{"Node Type": "Seq Scan", "Parent Relationship": "Outer", "Parallel Aware": true, "Relation Name": "cast_info", "Alias": "ci", "Startup Cost": 0.0, "Total Cost": 369478.12, "Plan Rows": 11679112, "Plan Width": 8}, {"Node Type": "Hash", "Parent Relationship": "Inner", "Parallel Aware": true, "Startup Cost": 72417.27, "Total Cost": 72417.27, "Plan Rows": 135, "Plan Width": 19, "Plans": [{"Node Type": "Seq Scan", "Parent Relationship": "Outer", "Parallel Aware": true, "Relation Name": "name", "Alias": "n", "Startup Cost": 0.0, "Total Cost": 72417.27, "Plan Rows": 135, "Plan Width": 19, "Filter": "(name ~~ '%Downey%Robert%'::text)"}]}]}, {"Node Type": "Hash", "Parent Relationship": "Inner", "Parallel Aware": true, "Startup Cost": 46510.69, "Total Cost": 46510.69, "Plan Rows": 87, "Plan Width": 20, "Plans": [{"Node Type": "Hash Join", "Parent Relationship": "Outer", "Parallel Aware": false, "Join Type": "Inner", "Startup Cost": 3632.5, "Total Cost": 46510.69, "Plan Rows": 87, "Plan Width": 20, "Inner Unique": true, "Hash Cond": "(mk.keyword_id = k.id)", "Plans": [{"Node Type": "Seq Scan", "Parent Relationship": "Outer", "Parallel Aware": true, "Relation Name": "movie_keyword", "Alias": "mk", "Startup Cost": 0.0, "Total Cost": 39047.32, "Plan Rows": 1459332, "Plan Width": 8}, {"Node Type": "Hash", "Parent Relationship": "Inner", "Parallel Aware": false, "Startup Cost": 3632.4, "Total Cost": 3632.4, "Plan Rows": 8, "Plan Width": 20, "Plans": [{"Node Type": "Seq Scan", "Parent Relationship": "Outer", "Parallel Aware": false, "Relation Name": "keyword", "Alias": "k", "Startup Cost": 0.0, "Total Cost": 3632.4, "Plan Rows": 8, "Plan Width": 20, "Filter": "(keyword = ANY ('{superhero,sequel,second-part,marvel-comics,based-on-comic,tv-special,fight,violence}'::text[]))"}]}]}]}]}]}]}]}]}]}}, {"Plan": {"Node Type": "Aggregate", "Strategy": "Plain", "Partial Mode": "Simple", "Parallel Aware": false, "Startup Cost": 10600.12, "Total Cost": 10600.13, "Plan Rows": 1, "Plan Width": 96, "Plans": [{"Node Type": "Nested Loop", "Parent Relationship": "Outer", "Parallel Aware": false, "Join Type": "Inner", "Startup Cost": 2.28, "Total Cost": 10600.11, "Plan Rows": 1, "Plan Width": 48, "Inner Unique": true, "Plans": [{"Node Type": "Nested Loop", "Parent Relationship": "Outer", "Parallel Aware": false, "Join Type": "Inner", "Startup Cost": 1.85, "Total Cost": 7880.45, "Plan Rows": 6015, "Plan Width": 37, "Inner Unique": false, "Join Filter": "(t.id = ci.movie_id)", "Plans": [{"Node Type": "Nested Loop", "Parent Relationship": "Outer", "Parallel Aware": false, "Join Type": "Inner", "Startup Cost": 1.28, "Total Cost": 7602.9, "Plan Rows": 147, "Plan Width": 41, "Inner Unique": true, "Plans": [{"Node Type": "Nested Loop", "Parent Relationship": "Outer", "Parallel Aware": false, "Join Type": "Inner", "Startup Cost": 0.85, "Total Cost": 7478.45, "Plan Rows": 270, "Plan Width": 20, "Inner Unique": false, "Plans": [{"Node Type": "Index Scan", "Parent Relationship": "Outer", "Parallel Aware": false, "Scan Direction": "Forward", "Index Name": "keyword_pkey", "Relation Name": "keyword", "Alias": "k", "Startup Cost": 0.42, "Total Cost": 4858.09, "Plan Rows": 8, "Plan Width": 20, "Filter": "(keyword = ANY ('{superhero,sequel,second-part,marvel-comics,based-on-comic,tv-special,fight,violence}'::text[]))"}, {"Node Type": "Index Scan", "Parent Relationship": "Inner", "Parallel Aware": false, "Scan Direction": "Forward", "Index Name": "keyword_id_movie_keyword", "Relation Name": "movie_keyword", "Alias": "mk", "Startup Cost": 0.43, "Total Cost": 324.52, "Plan Rows": 302, "Plan Width": 8, "Index Cond": "(keyword_id = k.id)"}]}, {"Node Type": "Index Scan", "Parent Relationship": "Inner", "Parallel Aware": false, "Scan Direction": "Forward", "Index Name": "title_pkey", "Relation Name": "title", "Alias": "t", "Startup Cost": 0.43, "Total Cost": 0.46, "Plan Rows": 1, "Plan Width": 21, "Index Cond": "(id = mk.movie_id)", "Filter": "(production_year > 2000)"}]}, {"Node Type": "Index Scan", "Parent Relationship": "Inner", "Parallel Aware": false, "Scan Direction": "Forward", "Index Name": "movie_id_cast_info", "Relation Name": "cast_info", "Alias": "ci", "Startup Cost": 0.56, "Total Cost": 1.38, "Plan Rows": 41, "Plan Width": 8, "Index Cond": "(movie_id = mk.movie_id)"}]}, {"Node Type": "Index Scan", "Parent Relationship": "Inner", "Parallel Aware": false, "Scan Direction": "Forward", "Index Name": "name_pkey", "Relation Name": "name", "Alias": "n", "Startup Cost": 0.43, "Total Cost": 0.45, "Plan Rows": 1, "Plan Width": 19, "Index Cond": "(id = ci.person_id)", "Filter": "(name ~~ '%Downey%Robert%'::text)"}]}]}}, {"Plan": {"Node Type": "Aggregate", "Strategy": "Plain", "Partial Mode": "Simple", "Parallel Aware": false, "Startup Cost": 9374.42, "Total Cost": 9374.43, "Plan Rows": 1, "Plan Width": 96, "Plans": [{"Node Type": "Nested Loop", "Parent Relationship": "Outer", "Parallel Aware": false, "Join Type": "Inner", "Startup Cost": 1.86, "Total Cost": 9374.42, "Plan Rows": 1, "Plan Width": 48, "Inner Unique": true, "Plans": [{"Node Type": "Nested Loop", "Parent Relationship": "Outer", "Parallel Aware": false, "Join Type": "Inner", "Startup Cost": 1.43, "Total Cost": 6654.76, "Plan Rows": 6015, "Plan Width": 37, "Inner Unique": false, "Join Filter": "(t.id = ci.movie_id)", "Plans": [{"Node Type": "Nested Loop", "Parent Relationship": "Outer", "Parallel Aware": false, "Join Type": "Inner", "Startup Cost": 0.86, "Total Cost": 6377.21, "Plan Rows": 147, "Plan Width": 41, "Inner Unique": true, "Plans": [{"Node Type": "Nested Loop", "Parent Relationship": "Outer", "Parallel Aware": false, "Join Type": "Inner", "Startup Cost": 0.43, "Total Cost": 6252.76, "Plan Rows": 270, "Plan Width": 20, "Inner Unique": false, "Plans": [{"Node Type": "Seq Scan", "Parent Relationship": "Outer", "Parallel Aware": false, "Relation Name": "keyword", "Alias": "k", "Startup Cost": 0.0, "Total Cost": 3632.4, "Plan Rows": 8, "Plan Width": 20, "Filter": "(keyword = ANY ('{superhero,sequel,second-part,marvel-comics,based-on-comic,tv-special,fight,violence}'::text[]))"}, {"Node Type": "Index Scan", "Parent Relationship": "Inner", "Parallel Aware": false, "Scan Direction": "Forward", "Index Name": "keyword_id_movie_keyword", "Relation Name": "movie_keyword", "Alias": "mk", "Startup Cost": 0.43, "Total Cost": 324.52, "Plan Rows": 302, "Plan Width": 8, "Index Cond": "(keyword_id = k.id)"}]}, {"Node Type": "Index Scan", "Parent Relationship": "Inner", "Parallel Aware": false, "Scan Direction": "Forward", "Index Name": "title_pkey", "Relation Name": "title", "Alias": "t", "Startup Cost": 0.43, "Total Cost": 0.46, "Plan Rows": 1, "Plan Width": 21, "Index Cond": "(id = mk.movie_id)", "Filter": "(production_year > 2000)"}]}, {"Node Type": "Index Scan", "Parent Relationship": "Inner", "Parallel Aware": false, "Scan Direction": "Forward", "Index Name": "movie_id_cast_info", "Relation Name": "cast_info", "Alias": "ci", "Startup Cost": 0.56, "Total Cost": 1.38, "Plan Rows": 41, "Plan Width": 8, "Index Cond": "(movie_id = mk.movie_id)"}]}, {"Node Type": "Index Scan", "Parent Relationship": "Inner", "Parallel Aware": false, "Scan Direction": "Forward", "Index Name": "name_pkey", "Relation Name": "name", "Alias": "n", "Startup Cost": 0.43, "Total Cost": 0.45, "Plan Rows": 1, "Plan Width": 19, "Index Cond": "(id = ci.person_id)", "Filter": "(name ~~ '%Downey%Robert%'::text)"}]}]}}, {"Plan": {"Node Type": "Aggregate", "Strategy": "Plain", "Partial Mode": "Finalize", "Parallel Aware": false, "Startup Cost": 567924.24, "Total Cost": 567924.25, "Plan Rows": 1, "Plan Width": 96, "Plans": [{"Node Type": "Gather", "Parent Relationship": "Outer", "Parallel Aware": false, "Startup Cost": 567923.9, "Total Cost": 567924.21, "Plan Rows": 3, "Plan Width": 96, "Workers Planned": 3, "Single Copy": false, "Plans": [{"Node Type": "Aggregate", "Strategy": "Plain", "Partial Mode": "Partial", "Parent Relationship": "Outer", "Parallel Aware": false, "Startup Cost": 566923.9, "Total Cost": 566923.91, "Plan Rows": 1, "Plan Width": 96, "Plans": [{"Node Type": "Hash Join", "Parent Relationship": "Outer", "Parallel Aware": true, "Join Type": "Inner", "Startup Cost": 519070.96, "Total Cost": 566923.9, "Plan Rows": 1, "Plan Width": 48, "Inner Unique": false, "Hash Cond": "(t.id = mk.movie_id)", "Plans": [{"Node Type": "Seq Scan", "Parent Relationship": "Outer", "Parallel Aware": true, "Relation Name": "title", "Alias": "t", "Startup Cost": 0.0, "Total Cost": 46192.35, "Plan Rows": 442820, "Plan Width": 21, "Filter": "(production_year > 2000)"}, {"Node Type": "Hash", "Parent Relationship": "Inner", "Parallel Aware": true, "Startup Cost": 519070.95, "Total Cost": 519070.95, "Plan Rows": 1, "Plan Width": 39, "Plans": [{"Node Type": "Hash Join", "Parent Relationship": "Outer", "Parallel Aware": true, "Join Type": "Inner", "Startup Cost": 118930.73, "Total Cost": 519070.95, "Plan Rows": 1, "Plan Width": 39, "Inner Unique": false, "Hash Cond": "(ci.movie_id = mk.movie_id)", "Plans": [{"Node Type": "Hash Join", "Parent Relationship": "Outer", "Parallel Aware": true, "Join Type": "Inner", "Startup Cost": 72418.95, "Total Cost": 472554.78, "Plan Rows": 1169, "Plan Width": 19, "Inner Unique": true, "Hash Cond": "(ci.person_id = n.id)", "Plans": [{"Node Type": "Seq Scan", "Parent Relationship": "Outer", "Parallel Aware": true, "Relation Name": "cast_info", "Alias": "ci", "Startup Cost": 0.0, "Total Cost": 369478.12, "Plan Rows": 11679112, "Plan Width": 8}, {"Node Type": "Hash", "Parent Relationship": "Inner", "Parallel Aware": true, "Startup Cost": 72417.27, "Total Cost": 72417.27, "Plan Rows": 135, "Plan Width": 19, "Plans": [{"Node Type": "Seq Scan", "Parent Relationship": "Outer", "Parallel Aware": true, "Relation Name": "name", "Alias": "n", "Startup Cost": 0.0, "Total Cost": 72417.27, "Plan Rows": 135, "Plan Width": 19, "Filter": "(name ~~ '%Downey%Robert%'::text)"}]}]}, {"Node Type": "Hash", "Parent Relationship": "Inner", "Parallel Aware": true, "Startup Cost": 46510.69, "Total Cost": 46510.69, "Plan Rows": 87, "Plan Width": 20, "Plans": [{"Node Type": "Hash Join", "Parent Relationship": "Outer", "Parallel Aware": false, "Join Type": "Inner", "Startup Cost": 3632.5, "Total Cost": 46510.69, "Plan Rows": 87, "Plan Width": 20, "Inner Unique": true, "Hash Cond": "(mk.keyword_id = k.id)", "Plans": [{"Node Type": "Seq Scan", "Parent Relationship": "Outer", "Parallel Aware": true, "Relation Name": "movie_keyword", "Alias": "mk", "Startup Cost": 0.0, "Total Cost": 39047.32, "Plan Rows": 1459332, "Plan Width": 8}, {"Node Type": "Hash", "Parent Relationship": "Inner", "Parallel Aware": false, "Startup Cost": 3632.4, "Total Cost": 3632.4, "Plan Rows": 8, "Plan Width": 20, "Plans": [{"Node Type": "Seq Scan", "Parent Relationship": "Outer", "Parallel Aware": false, "Relation Name": "keyword", "Alias": "k", "Startup Cost": 0.0, "Total Cost": 3632.4, "Plan Rows": 8, "Plan Width": 20, "Filter": "(keyword = ANY ('{superhero,sequel,second-part,marvel-comics,based-on-comic,tv-special,fight,violence}'::text[]))"}]}]}]}]}]}]}]}]}]}}, {"Plan": {"Node Type": "Aggregate", "Strategy": "Plain", "Partial Mode": "Simple", "Parallel Aware": false, "Startup Cost": 50007147382.59, "Total Cost": 50007147382.6, "Plan Rows": 1, "Plan Width": 96, "Plans": [{"Node Type": "Nested Loop", "Parent Relationship": "Outer", "Parallel Aware": false, "Join Type": "Inner", "Startup Cost": 50000000002.65, "Total Cost": 50007147382.58, "Plan Rows": 1, "Plan Width": 48, "Inner Unique": true, "Join Filter": "(mk.movie_id = t.id)", "Plans": [{"Node Type": "Nested Loop", "Parent Relationship": "Outer", "Parallel Aware": false, "Join Type": "Inner", "Startup Cost": 40000000002.21, "Total Cost": 40007147381.02, "Plan Rows": 1, "Plan Width": 39, "Inner Unique": true, "Plans": [{"Node Type": "Nested Loop", "Parent Relationship": "Outer", "Parallel Aware": false, "Join Type": "Inner", "Startup Cost": 30000000001.77, "Total Cost": 30007130174.6, "Plan Rows": 11078, "Plan Width": 28, "Inner Unique": false, "Plans": [{"Node Type": "Nested Loop", "Parent Relationship": "Outer", "Parallel Aware": false, "Join Type": "Inner", "Startup Cost": 20000000000.86, "Total Cost": 20007129381.64, "Plan Rows": 270, "Plan Width": 20, "Inner Unique": true, "Plans": [{"Node Type": "Index Scan", "Parent Relationship": "Outer", "Parallel Aware": false, "Scan Direction": "Forward", "Index Name": "movie_id_movie_keyword", "Relation Name": "movie_keyword", "Alias": "mk", "Startup Cost": 10000000000.43, "Total Cost": 10000115635.46, "Plan Rows": 4523930, "Plan Width": 8}, {"Node Type": "Bitmap Heap Scan", "Parent Relationship": "Inner", "Parallel Aware": false, "Relation Name": "keyword", "Alias": "k", "Startup Cost": 0.43, "Total Cost": 1.55, "Plan Rows": 1, "Plan Width": 20, "Recheck Cond": "(id = mk.keyword_id)", "Filter": "(keyword = ANY ('{superhero,sequel,second-part,marvel-comics,based-on-comic,tv-special,fight,violence}'::text[]))", "Plans": [{"Node Type": "Bitmap Index Scan", "Parent Relationship": "Outer", "Parallel Aware": false, "Index Name": "keyword_pkey", "Startup Cost": 0.0, "Total Cost": 0.43, "Plan Rows": 1, "Plan Width": 0, "Index Cond": "(id = mk.keyword_id)"}]}]}, {"Node Type": "Bitmap Heap Scan", "Parent Relationship": "Inner", "Parallel Aware": false, "Relation Name": "cast_info", "Alias": "ci", "Startup Cost": 0.91, "Total Cost": 2.53, "Plan Rows": 41, "Plan Width": 8, "Recheck Cond": "(movie_id = mk.movie_id)", "Plans": [{"Node Type": "Bitmap Index Scan", "Parent Relationship": "Outer", "Parallel Aware": false, "Index Name": "movie_id_cast_info", "Startup Cost": 0.0, "Total Cost": 0.9, "Plan Rows": 41, "Plan Width": 0, "Index Cond": "(movie_id = mk.movie_id)"}]}]}, {"Node Type": "Bitmap Heap Scan", "Parent Relationship": "Inner", "Parallel Aware": false, "Relation Name": "name", "Alias": "n", "Startup Cost": 0.44, "Total Cost": 1.55, "Plan Rows": 1, "Plan Width": 19, "Recheck Cond": "(id = ci.person_id)", "Filter": "(name ~~ '%Downey%Robert%'::text)", "Plans": [{"Node Type": "Bitmap Index Scan", "Parent Relationship": "Outer", "Parallel Aware": false, "Index Name": "name_pkey", "Startup Cost": 0.0, "Total Cost": 0.44, "Plan Rows": 1, "Plan Width": 0, "Index Cond": "(id = ci.person_id)"}]}]}, {"Node Type": "Bitmap Heap Scan", "Parent Relationship": "Inner", "Parallel Aware": false, "Relation Name": "title", "Alias": "t", "Startup Cost": 0.44, "Total Cost": 1.55, "Plan Rows": 1, "Plan Width": 21, "Recheck Cond": "(id = ci.movie_id)", "Filter": "(production_year > 2000)", "Plans": [{"Node Type": "Bitmap Index Scan", "Parent Relationship": "Outer", "Parallel Aware": false, "Index Name": "title_pkey", "Startup Cost": 0.0, "Total Cost": 0.44, "Plan Rows": 1, "Plan Width": 0, "Index Cond": "(id = ci.movie_id)"}]}]}]}}, {"Plan": {"Node Type": "Aggregate", "Strategy": "Plain", "Partial Mode": "Simple", "Parallel Aware": false, "Startup Cost": 10007139586.42, "Total Cost": 10007139586.43, "Plan Rows": 1, "Plan Width": 96, "Plans": [{"Node Type": "Nested Loop", "Parent Relationship": "Outer", "Parallel Aware": false, "Join Type": "Inner", "Startup Cost": 10000000002.73, "Total Cost": 10007139586.41, "Plan Rows": 1, "Plan Width": 48, "Inner Unique": true, "Plans": [{"Node Type": "Nested Loop", "Parent Relationship": "Outer", "Parallel Aware": false, "Join Type": "Inner", "Startup Cost": 10000000002.29, "Total Cost": 10007130243.87, "Plan Rows": 6015, "Plan Width": 37, "Inner Unique": false, "Plans": [{"Node Type": "Nested Loop", "Parent Relationship": "Outer", "Parallel Aware": false, "Join Type": "Inner", "Startup Cost": 10000000001.3, "Total Cost": 10007129801.47, "Plan Rows": 147, "Plan Width": 41, "Inner Unique": true, "Plans": [{"Node Type": "Nested Loop", "Parent Relationship": "Outer", "Parallel Aware": false, "Join Type": "Inner", "Startup Cost": 10000000000.86, "Total Cost": 10007129381.64, "Plan Rows": 270, "Plan Width": 20, "Inner Unique": true, "Plans": [{"Node Type": "Index Scan", "Parent Relationship": "Outer", "Parallel Aware": false, "Scan Direction": "Forward", "Index Name": "movie_id_movie_keyword", "Relation Name": "movie_keyword", "Alias": "mk", "Startup Cost": 10000000000.43, "Total Cost": 10000115635.46, "Plan Rows": 4523930, "Plan Width": 8}, {"Node Type": "Bitmap Heap Scan", "Parent Relationship": "Inner", "Parallel Aware": false, "Relation Name": "keyword", "Alias": "k", "Startup Cost": 0.43, "Total Cost": 1.55, "Plan Rows": 1, "Plan Width": 20, "Recheck Cond": "(id = mk.keyword_id)", "Filter": "(keyword = ANY ('{superhero,sequel,second-part,marvel-comics,based-on-comic,tv-special,fight,violence}'::text[]))", "Plans": [{"Node Type": "Bitmap Index Scan", "Parent Relationship": "Outer", "Parallel Aware": false, "Index Name": "keyword_pkey", "Startup Cost": 0.0, "Total Cost": 0.43, "Plan Rows": 1, "Plan Width": 0, "Index Cond": "(id = mk.keyword_id)"}]}]}, {"Node Type": "Bitmap Heap Scan", "Parent Relationship": "Inner", "Parallel Aware": false, "Relation Name": "title", "Alias": "t", "Startup Cost": 0.44, "Total Cost": 1.55, "Plan Rows": 1, "Plan Width": 21, "Recheck Cond": "(id = mk.movie_id)", "Filter": "(production_year > 2000)", "Plans": [{"Node Type": "Bitmap Index Scan", "Parent Relationship": "Outer", "Parallel Aware": false, "Index Name": "title_pkey", "Startup Cost": 0.0, "Total Cost": 0.44, "Plan Rows": 1, "Plan Width": 0, "Index Cond": "(id = mk.movie_id)"}]}]}, {"Node Type": "Bitmap Heap Scan", "Parent Relationship": "Inner", "Parallel Aware": false, "Relation Name": "cast_info", "Alias": "ci", "Startup Cost": 0.99, "Total Cost": 2.6, "Plan Rows": 41, "Plan Width": 8, "Recheck Cond": "(movie_id = t.id)", "Plans": [{"Node Type": "Bitmap Index Scan", "Parent Relationship": "Outer", "Parallel Aware": false, "Index Name": "movie_id_cast_info", "Startup Cost": 0.0, "Total Cost": 0.98, "Plan Rows": 41, "Plan Width": 0, "Index Cond": "(movie_id = t.id)"}]}]}, {"Node Type": "Bitmap Heap Scan", "Parent Relationship": "Inner", "Parallel Aware": false, "Relation Name": "name", "Alias": "n", "Startup Cost": 0.44, "Total Cost": 1.55, "Plan Rows": 1, "Plan Width": 19, "Recheck Cond": "(id = ci.person_id)", "Filter": "(name ~~ '%Downey%Robert%'::text)", "Plans": [{"Node Type": "Bitmap Index Scan", "Parent Relationship": "Outer", "Parallel Aware": false, "Index Name": "name_pkey", "Startup Cost": 0.0, "Total Cost": 0.44, "Plan Rows": 1, "Plan Width": 0, "Index Cond": "(id = ci.person_id)"}]}]}]}}, {"Plan": {"Node Type": "Aggregate", "Strategy": "Plain", "Partial Mode": "Simple", "Parallel Aware": false, "Startup Cost": 16445.11, "Total Cost": 16445.12, "Plan Rows": 1, "Plan Width": 96, "Plans": [{"Node Type": "Nested Loop", "Parent Relationship": "Outer", "Parallel Aware": false, "Join Type": "Inner", "Startup Cost": 6.77, "Total Cost": 16445.1, "Plan Rows": 1, "Plan Width": 48, "Inner Unique": true, "Plans": [{"Node Type": "Nested Loop", "Parent Relationship": "Outer", "Parallel Aware": false, "Join Type": "Inner", "Startup Cost": 6.33, "Total Cost": 7102.56, "Plan Rows": 6015, "Plan Width": 37, "Inner Unique": false, "Join Filter": "(t.id = ci.movie_id)", "Plans": [{"Node Type": "Nested Loop", "Parent Relationship": "Outer", "Parallel Aware": false, "Join Type": "Inner", "Startup Cost": 5.41, "Total Cost": 6655.77, "Plan Rows": 147, "Plan Width": 41, "Inner Unique": true, "Plans": [{"Node Type": "Nested Loop", "Parent Relationship": "Outer", "Parallel Aware": false, "Join Type": "Inner", "Startup Cost": 4.97, "Total Cost": 6235.94, "Plan Rows": 270, "Plan Width": 20, "Inner Unique": false, "Plans": [{"Node Type": "Seq Scan", "Parent Relationship": "Outer", "Parallel Aware": false, "Relation Name": "keyword", "Alias": "k", "Startup Cost": 0.0, "Total Cost": 3632.4, "Plan Rows": 8, "Plan Width": 20, "Filter": "(keyword = ANY ('{superhero,sequel,second-part,marvel-comics,based-on-comic,tv-special,fight,violence}'::text[]))"}, {"Node Type": "Bitmap Heap Scan", "Parent Relationship": "Inner", "Parallel Aware": false, "Relation Name": "movie_keyword", "Alias": "mk", "Startup Cost": 4.97, "Total Cost": 322.42, "Plan Rows": 302, "Plan Width": 8, "Recheck Cond": "(keyword_id = k.id)", "Plans": [{"Node Type": "Bitmap Index Scan", "Parent Relationship": "Outer", "Parallel Aware": false, "Index Name": "keyword_id_movie_keyword", "Startup Cost": 0.0, "Total Cost": 4.9, "Plan Rows": 302, "Plan Width": 0, "Index Cond": "(keyword_id = k.id)"}]}]}, {"Node Type": "Bitmap Heap Scan", "Parent Relationship": "Inner", "Parallel Aware": false, "Relation Name": "title", "Alias": "t", "Startup Cost": 0.44, "Total Cost": 1.55, "Plan Rows": 1, "Plan Width": 21, "Recheck Cond": "(id = mk.movie_id)", "Filter": "(production_year > 2000)", "Plans": [{"Node Type": "Bitmap Index Scan", "Parent Relationship": "Outer", "Parallel Aware": false, "Index Name": "title_pkey", "Startup Cost": 0.0, "Total Cost": 0.44, "Plan Rows": 1, "Plan Width": 0, "Index Cond": "(id = mk.movie_id)"}]}]}, {"Node Type": "Bitmap Heap Scan", "Parent Relationship": "Inner", "Parallel Aware": false, "Relation Name": "cast_info", "Alias": "ci", "Startup Cost": 0.91, "Total Cost": 2.53, "Plan Rows": 41, "Plan Width": 8, "Recheck Cond": "(movie_id = mk.movie_id)", "Plans": [{"Node Type": "Bitmap Index Scan", "Parent Relationship": "Outer", "Parallel Aware": false, "Index Name": "movie_id_cast_info", "Startup Cost": 0.0, "Total Cost": 0.9, "Plan Rows": 41, "Plan Width": 0, "Index Cond": "(movie_id = mk.movie_id)"}]}]}, {"Node Type": "Bitmap Heap Scan", "Parent Relationship": "Inner", "Parallel Aware": false, "Relation Name": "name", "Alias": "n", "Startup Cost": 0.44, "Total Cost": 1.55, "Plan Rows": 1, "Plan Width": 19, "Recheck Cond": "(id = ci.person_id)", "Filter": "(name ~~ '%Downey%Robert%'::text)", "Plans": [{"Node Type": "Bitmap Index Scan", "Parent Relationship": "Outer", "Parallel Aware": false, "Index Name": "name_pkey", "Startup Cost": 0.0, "Total Cost": 0.44, "Plan Rows": 1, "Plan Width": 0, "Index Cond": "(id = ci.person_id)"}]}]}]}}, {"Plan": {"Node Type": "Aggregate", "Strategy": "Plain", "Partial Mode": "Finalize", "Parallel Aware": false, "Startup Cost": 567924.24, "Total Cost": 567924.25, "Plan Rows": 1, "Plan Width": 96, "Plans": [{"Node Type": "Gather", "Parent Relationship": "Outer", "Parallel Aware": false, "Startup Cost": 567923.9, "Total Cost": 567924.21, "Plan Rows": 3, "Plan Width": 96, "Workers Planned": 3, "Single Copy": false, "Plans": [{"Node Type": "Aggregate", "Strategy": "Plain", "Partial Mode": "Partial", "Parent Relationship": "Outer", "Parallel Aware": false, "Startup Cost": 566923.9, "Total Cost": 566923.91, "Plan Rows": 1, "Plan Width": 96, "Plans": [{"Node Type": "Hash Join", "Parent Relationship": "Outer", "Parallel Aware": true, "Join Type": "Inner", "Startup Cost": 519070.96, "Total Cost": 566923.9, "Plan Rows": 1, "Plan Width": 48, "Inner Unique": false, "Hash Cond": "(t.id = mk.movie_id)", "Plans": [{"Node Type": "Seq Scan", "Parent Relationship": "Outer", "Parallel Aware": true, "Relation Name": "title", "Alias": "t", "Startup Cost": 0.0, "Total Cost": 46192.35, "Plan Rows": 442820, "Plan Width": 21, "Filter": "(production_year > 2000)"}, {"Node Type": "Hash", "Parent Relationship": "Inner", "Parallel Aware": true, "Startup Cost": 519070.95, "Total Cost": 519070.95, "Plan Rows": 1, "Plan Width": 39, "Plans": [{"Node Type": "Hash Join", "Parent Relationship": "Outer", "Parallel Aware": true, "Join Type": "Inner", "Startup Cost": 118930.73, "Total Cost": 519070.95, "Plan Rows": 1, "Plan Width": 39, "Inner Unique": false, "Hash Cond": "(ci.movie_id = mk.movie_id)", "Plans": [{"Node Type": "Hash Join", "Parent Relationship": "Outer", "Parallel Aware": true, "Join Type": "Inner", "Startup Cost": 72418.95, "Total Cost": 472554.78, "Plan Rows": 1169, "Plan Width": 19, "Inner Unique": true, "Hash Cond": "(ci.person_id = n.id)", "Plans": [{"Node Type": "Seq Scan", "Parent Relationship": "Outer", "Parallel Aware": true, "Relation Name": "cast_info", "Alias": "ci", "Startup Cost": 0.0, "Total Cost": 369478.12, "Plan Rows": 11679112, "Plan Width": 8}, {"Node Type": "Hash", "Parent Relationship": "Inner", "Parallel Aware": true, "Startup Cost": 72417.27, "Total Cost": 72417.27, "Plan Rows": 135, "Plan Width": 19, "Plans": [{"Node Type": "Seq Scan", "Parent Relationship": "Outer", "Parallel Aware": true, "Relation Name": "name", "Alias": "n", "Startup Cost": 0.0, "Total Cost": 72417.27, "Plan Rows": 135, "Plan Width": 19, "Filter": "(name ~~ '%Downey%Robert%'::text)"}]}]}, {"Node Type": "Hash", "Parent Relationship": "Inner", "Parallel Aware": true, "Startup Cost": 46510.69, "Total Cost": 46510.69, "Plan Rows": 87, "Plan Width": 20, "Plans": [{"Node Type": "Hash Join", "Parent Relationship": "Outer", "Parallel Aware": false, "Join Type": "Inner", "Startup Cost": 3632.5, "Total Cost": 46510.69, "Plan Rows": 87, "Plan Width": 20, "Inner Unique": true, "Hash Cond": "(mk.keyword_id = k.id)", "Plans": [{"Node Type": "Seq Scan", "Parent Relationship": "Outer", "Parallel Aware": true, "Relation Name": "movie_keyword", "Alias": "mk", "Startup Cost": 0.0, "Total Cost": 39047.32, "Plan Rows": 1459332, "Plan Width": 8}, {"Node Type": "Hash", "Parent Relationship": "Inner", "Parallel Aware": false, "Startup Cost": 3632.4, "Total Cost": 3632.4, "Plan Rows": 8, "Plan Width": 20, "Plans": [{"Node Type": "Seq Scan", "Parent Relationship": "Outer", "Parallel Aware": false, "Relation Name": "keyword", "Alias": "k", "Startup Cost": 0.0, "Total Cost": 3632.4, "Plan Rows": 8, "Plan Width": 20, "Filter": "(keyword = ANY ('{superhero,sequel,second-part,marvel-comics,based-on-comic,tv-special,fight,violence}'::text[]))"}]}]}]}]}]}]}]}]}]}}, {"Plan": {"Node Type": "Aggregate", "Strategy": "Plain", "Partial Mode": "Simple", "Parallel Aware": false, "Startup Cost": 10007139586.42, "Total Cost": 10007139586.43, "Plan Rows": 1, "Plan Width": 96, "Plans": [{"Node Type": "Nested Loop", "Parent Relationship": "Outer", "Parallel Aware": false, "Join Type": "Inner", "Startup Cost": 10000000002.73, "Total Cost": 10007139586.41, "Plan Rows": 1, "Plan Width": 48, "Inner Unique": true, "Plans": [{"Node Type": "Nested Loop", "Parent Relationship": "Outer", "Parallel Aware": false, "Join Type": "Inner", "Startup Cost": 10000000002.29, "Total Cost": 10007130243.87, "Plan Rows": 6015, "Plan Width": 37, "Inner Unique": false, "Plans": [{"Node Type": "Nested Loop", "Parent Relationship": "Outer", "Parallel Aware": false, "Join Type": "Inner", "Startup Cost": 10000000001.3, "Total Cost": 10007129801.47, "Plan Rows": 147, "Plan Width": 41, "Inner Unique": true, "Plans": [{"Node Type": "Nested Loop", "Parent Relationship": "Outer", "Parallel Aware": false, "Join Type": "Inner", "Startup Cost": 10000000000.86, "Total Cost": 10007129381.64, "Plan Rows": 270, "Plan Width": 20, "Inner Unique": true, "Plans": [{"Node Type": "Index Scan", "Parent Relationship": "Outer", "Parallel Aware": false, "Scan Direction": "Forward", "Index Name": "movie_id_movie_keyword", "Relation Name": "movie_keyword", "Alias": "mk", "Startup Cost": 10000000000.43, "Total Cost": 10000115635.46, "Plan Rows": 4523930, "Plan Width": 8}, {"Node Type": "Bitmap Heap Scan", "Parent Relationship": "Inner", "Parallel Aware": false, "Relation Name": "keyword", "Alias": "k", "Startup Cost": 0.43, "Total Cost": 1.55, "Plan Rows": 1, "Plan Width": 20, "Recheck Cond": "(id = mk.keyword_id)", "Filter": "(keyword = ANY ('{superhero,sequel,second-part,marvel-comics,based-on-comic,tv-special,fight,violence}'::text[]))", "Plans": [{"Node Type": "Bitmap Index Scan", "Parent Relationship": "Outer", "Parallel Aware": false, "Index Name": "keyword_pkey", "Startup Cost": 0.0, "Total Cost": 0.43, "Plan Rows": 1, "Plan Width": 0, "Index Cond": "(id = mk.keyword_id)"}]}]}, {"Node Type": "Bitmap Heap Scan", "Parent Relationship": "Inner", "Parallel Aware": false, "Relation Name": "title", "Alias": "t", "Startup Cost": 0.44, "Total Cost": 1.55, "Plan Rows": 1, "Plan Width": 21, "Recheck Cond": "(id = mk.movie_id)", "Filter": "(production_year > 2000)", "Plans": [{"Node Type": "Bitmap Index Scan", "Parent Relationship": "Outer", "Parallel Aware": false, "Index Name": "title_pkey", "Startup Cost": 0.0, "Total Cost": 0.44, "Plan Rows": 1, "Plan Width": 0, "Index Cond": "(id = mk.movie_id)"}]}]}, {"Node Type": "Bitmap Heap Scan", "Parent Relationship": "Inner", "Parallel Aware": false, "Relation Name": "cast_info", "Alias": "ci", "Startup Cost": 0.99, "Total Cost": 2.6, "Plan Rows": 41, "Plan Width": 8, "Recheck Cond": "(movie_id = t.id)", "Plans": [{"Node Type": "Bitmap Index Scan", "Parent Relationship": "Outer", "Parallel Aware": false, "Index Name": "movie_id_cast_info", "Startup Cost": 0.0, "Total Cost": 0.98, "Plan Rows": 41, "Plan Width": 0, "Index Cond": "(movie_id = t.id)"}]}]}, {"Node Type": "Bitmap Heap Scan", "Parent Relationship": "Inner", "Parallel Aware": false, "Relation Name": "name", "Alias": "n", "Startup Cost": 0.44, "Total Cost": 1.55, "Plan Rows": 1, "Plan Width": 19, "Recheck Cond": "(id = ci.person_id)", "Filter": "(name ~~ '%Downey%Robert%'::text)", "Plans": [{"Node Type": "Bitmap Index Scan", "Parent Relationship": "Outer", "Parallel Aware": false, "Index Name": "name_pkey", "Startup Cost": 0.0, "Total Cost": 0.44, "Plan Rows": 1, "Plan Width": 0, "Index Cond": "(id = ci.person_id)"}]}]}]}}, {"Plan": {"Node Type": "Aggregate", "Strategy": "Plain", "Partial Mode": "Simple", "Parallel Aware": false, "Startup Cost": 16445.11, "Total Cost": 16445.12, "Plan Rows": 1, "Plan Width": 96, "Plans": [{"Node Type": "Nested Loop", "Parent Relationship": "Outer", "Parallel Aware": false, "Join Type": "Inner", "Startup Cost": 6.77, "Total Cost": 16445.1, "Plan Rows": 1, "Plan Width": 48, "Inner Unique": true, "Plans": [{"Node Type": "Nested Loop", "Parent Relationship": "Outer", "Parallel Aware": false, "Join Type": "Inner", "Startup Cost": 6.33, "Total Cost": 7102.56, "Plan Rows": 6015, "Plan Width": 37, "Inner Unique": false, "Join Filter": "(t.id = ci.movie_id)", "Plans": [{"Node Type": "Nested Loop", "Parent Relationship": "Outer", "Parallel Aware": false, "Join Type": "Inner", "Startup Cost": 5.41, "Total Cost": 6655.77, "Plan Rows": 147, "Plan Width": 41, "Inner Unique": true, "Plans": [{"Node Type": "Nested Loop", "Parent Relationship": "Outer", "Parallel Aware": false, "Join Type": "Inner", "Startup Cost": 4.97, "Total Cost": 6235.94, "Plan Rows": 270, "Plan Width": 20, "Inner Unique": false, "Plans": [{"Node Type": "Seq Scan", "Parent Relationship": "Outer", "Parallel Aware": false, "Relation Name": "keyword", "Alias": "k", "Startup Cost": 0.0, "Total Cost": 3632.4, "Plan Rows": 8, "Plan Width": 20, "Filter": "(keyword = ANY ('{superhero,sequel,second-part,marvel-comics,based-on-comic,tv-special,fight,violence}'::text[]))"}, {"Node Type": "Bitmap Heap Scan", "Parent Relationship": "Inner", "Parallel Aware": false, "Relation Name": "movie_keyword", "Alias": "mk", "Startup Cost": 4.97, "Total Cost": 322.42, "Plan Rows": 302, "Plan Width": 8, "Recheck Cond": "(keyword_id = k.id)", "Plans": [{"Node Type": "Bitmap Index Scan", "Parent Relationship": "Outer", "Parallel Aware": false, "Index Name": "keyword_id_movie_keyword", "Startup Cost": 0.0, "Total Cost": 4.9, "Plan Rows": 302, "Plan Width": 0, "Index Cond": "(keyword_id = k.id)"}]}]}, {"Node Type": "Bitmap Heap Scan", "Parent Relationship": "Inner", "Parallel Aware": false, "Relation Name": "title", "Alias": "t", "Startup Cost": 0.44, "Total Cost": 1.55, "Plan Rows": 1, "Plan Width": 21, "Recheck Cond": "(id = mk.movie_id)", "Filter": "(production_year > 2000)", "Plans": [{"Node Type": "Bitmap Index Scan", "Parent Relationship": "Outer", "Parallel Aware": false, "Index Name": "title_pkey", "Startup Cost": 0.0, "Total Cost": 0.44, "Plan Rows": 1, "Plan Width": 0, "Index Cond": "(id = mk.movie_id)"}]}]}, {"Node Type": "Bitmap Heap Scan", "Parent Relationship": "Inner", "Parallel Aware": false, "Relation Name": "cast_info", "Alias": "ci", "Startup Cost": 0.91, "Total Cost": 2.53, "Plan Rows": 41, "Plan Width": 8, "Recheck Cond": "(movie_id = mk.movie_id)", "Plans": [{"Node Type": "Bitmap Index Scan", "Parent Relationship": "Outer", "Parallel Aware": false, "Index Name": "movie_id_cast_info", "Startup Cost": 0.0, "Total Cost": 0.9, "Plan Rows": 41, "Plan Width": 0, "Index Cond": "(movie_id = mk.movie_id)"}]}]}, {"Node Type": "Bitmap Heap Scan", "Parent Relationship": "Inner", "Parallel Aware": false, "Relation Name": "name", "Alias": "n", "Startup Cost": 0.44, "Total Cost": 1.55, "Plan Rows": 1, "Plan Width": 19, "Recheck Cond": "(id = ci.person_id)", "Filter": "(name ~~ '%Downey%Robert%'::text)", "Plans": [{"Node Type": "Bitmap Index Scan", "Parent Relationship": "Outer", "Parallel Aware": false, "Index Name": "name_pkey", "Startup Cost": 0.0, "Total Cost": 0.44, "Plan Rows": 1, "Plan Width": 0, "Index Cond": "(id = ci.person_id)"}]}]}]}}, {"Plan": {"Node Type": "Aggregate", "Strategy": "Plain", "Partial Mode": "Finalize", "Parallel Aware": false, "Startup Cost": 567924.24, "Total Cost": 567924.25, "Plan Rows": 1, "Plan Width": 96, "Plans": [{"Node Type": "Gather", "Parent Relationship": "Outer", "Parallel Aware": false, "Startup Cost": 567923.9, "Total Cost": 567924.21, "Plan Rows": 3, "Plan Width": 96, "Workers Planned": 3, "Single Copy": false, "Plans": [{"Node Type": "Aggregate", "Strategy": "Plain", "Partial Mode": "Partial", "Parent Relationship": "Outer", "Parallel Aware": false, "Startup Cost": 566923.9, "Total Cost": 566923.91, "Plan Rows": 1, "Plan Width": 96, "Plans": [{"Node Type": "Hash Join", "Parent Relationship": "Outer", "Parallel Aware": true, "Join Type": "Inner", "Startup Cost": 519070.96, "Total Cost": 566923.9, "Plan Rows": 1, "Plan Width": 48, "Inner Unique": false, "Hash Cond": "(t.id = mk.movie_id)", "Plans": [{"Node Type": "Seq Scan", "Parent Relationship": "Outer", "Parallel Aware": true, "Relation Name": "title", "Alias": "t", "Startup Cost": 0.0, "Total Cost": 46192.35, "Plan Rows": 442820, "Plan Width": 21, "Filter": "(production_year > 2000)"}, {"Node Type": "Hash", "Parent Relationship": "Inner", "Parallel Aware": true, "Startup Cost": 519070.95, "Total Cost": 519070.95, "Plan Rows": 1, "Plan Width": 39, "Plans": [{"Node Type": "Hash Join", "Parent Relationship": "Outer", "Parallel Aware": true, "Join Type": "Inner", "Startup Cost": 118930.73, "Total Cost": 519070.95, "Plan Rows": 1, "Plan Width": 39, "Inner Unique": false, "Hash Cond": "(ci.movie_id = mk.movie_id)", "Plans": [{"Node Type": "Hash Join", "Parent Relationship": "Outer", "Parallel Aware": true, "Join Type": "Inner", "Startup Cost": 72418.95, "Total Cost": 472554.78, "Plan Rows": 1169, "Plan Width": 19, "Inner Unique": true, "Hash Cond": "(ci.person_id = n.id)", "Plans": [{"Node Type": "Seq Scan", "Parent Relationship": "Outer", "Parallel Aware": true, "Relation Name": "cast_info", "Alias": "ci", "Startup Cost": 0.0, "Total Cost": 369478.12, "Plan Rows": 11679112, "Plan Width": 8}, {"Node Type": "Hash", "Parent Relationship": "Inner", "Parallel Aware": true, "Startup Cost": 72417.27, "Total Cost": 72417.27, "Plan Rows": 135, "Plan Width": 19, "Plans": [{"Node Type": "Seq Scan", "Parent Relationship": "Outer", "Parallel Aware": true, "Relation Name": "name", "Alias": "n", "Startup Cost": 0.0, "Total Cost": 72417.27, "Plan Rows": 135, "Plan Width": 19, "Filter": "(name ~~ '%Downey%Robert%'::text)"}]}]}, {"Node Type": "Hash", "Parent Relationship": "Inner", "Parallel Aware": true, "Startup Cost": 46510.69, "Total Cost": 46510.69, "Plan Rows": 87, "Plan Width": 20, "Plans": [{"Node Type": "Hash Join", "Parent Relationship": "Outer", "Parallel Aware": false, "Join Type": "Inner", "Startup Cost": 3632.5, "Total Cost": 46510.69, "Plan Rows": 87, "Plan Width": 20, "Inner Unique": true, "Hash Cond": "(mk.keyword_id = k.id)", "Plans": [{"Node Type": "Seq Scan", "Parent Relationship": "Outer", "Parallel Aware": true, "Relation Name": "movie_keyword", "Alias": "mk", "Startup Cost": 0.0, "Total Cost": 39047.32, "Plan Rows": 1459332, "Plan Width": 8}, {"Node Type": "Hash", "Parent Relationship": "Inner", "Parallel Aware": false, "Startup Cost": 3632.4, "Total Cost": 3632.4, "Plan Rows": 8, "Plan Width": 20, "Plans": [{"Node Type": "Seq Scan", "Parent Relationship": "Outer", "Parallel Aware": false, "Relation Name": "keyword", "Alias": "k", "Startup Cost": 0.0, "Total Cost": 3632.4, "Plan Rows": 8, "Plan Width": 20, "Filter": "(keyword = ANY ('{superhero,sequel,second-part,marvel-comics,based-on-comic,tv-special,fight,violence}'::text[]))"}]}]}]}]}]}]}]}]}]}}, {"Plan": {"Node Type": "Aggregate", "Strategy": "Plain", "Partial Mode": "Finalize", "Parallel Aware": false, "Startup Cost": 1007471.97, "Total Cost": 1007471.98, "Plan Rows": 1, "Plan Width": 96, "Plans": [{"Node Type": "Gather", "Parent Relationship": "Outer", "Parallel Aware": false, "Startup Cost": 1007471.64, "Total Cost": 1007471.95, "Plan Rows": 3, "Plan Width": 96, "Workers Planned": 3, "Single Copy": false, "Plans": [{"Node Type": "Aggregate", "Strategy": "Plain", "Partial Mode": "Partial", "Parent Relationship": "Outer", "Parallel Aware": false, "Startup Cost": 1006471.64, "Total Cost": 1006471.65, "Plan Rows": 1, "Plan Width": 96, "Plans": [{"Node Type": "Hash Join", "Parent Relationship": "Outer", "Parallel Aware": true, "Join Type": "Inner", "Startup Cost": 936060.54, "Total Cost": 1006471.63, "Plan Rows": 1, "Plan Width": 48, "Inner Unique": false, "Hash Cond": "(t.id = mk.movie_id)", "Plans": [{"Node Type": "Index Scan", "Parent Relationship": "Outer", "Parallel Aware": true, "Scan Direction": "Forward", "Index Name": "title_pkey", "Relation Name": "title", "Alias": "t", "Startup Cost": 0.43, "Total Cost": 68750.94, "Plan Rows": 442820, "Plan Width": 21, "Filter": "(production_year > 2000)"}, {"Node Type": "Hash", "Parent Relationship": "Inner", "Parallel Aware": true, "Startup Cost": 936060.1, "Total Cost": 936060.1, "Plan Rows": 1, "Plan Width": 39, "Plans": [{"Node Type": "Hash Join", "Parent Relationship": "Outer", "Parallel Aware": true, "Join Type": "Inner", "Startup Cost": 199317.27, "Total Cost": 936060.1, "Plan Rows": 1, "Plan Width": 39, "Inner Unique": false, "Hash Cond": "(ci.movie_id = mk.movie_id)", "Plans": [{"Node Type": "Hash Join", "Parent Relationship": "Outer", "Parallel Aware": true, "Join Type": "Inner", "Startup Cost": 109769.44, "Total Cost": 846507.88, "Plan Rows": 1169, "Plan Width": 19, "Inner Unique": true, "Hash Cond": "(ci.person_id = n.id)", "Plans": [{"Node Type": "Index Scan", "Parent Relationship": "Outer", "Parallel Aware": true, "Scan Direction": "Forward", "Index Name": "person_id_cast_info", "Relation Name": "cast_info", "Alias": "ci", "Startup Cost": 0.56, "Total Cost": 706081.3, "Plan Rows": 11679112, "Plan Width": 8}, {"Node Type": "Hash", "Parent Relationship": "Inner", "Parallel Aware": true, "Startup Cost": 109767.19, "Total Cost": 109767.19, "Plan Rows": 135, "Plan Width": 19, "Plans": [{"Node Type": "Index Scan", "Parent Relationship": "Outer", "Parallel Aware": true, "Scan Direction": "Forward", "Index Name": "name_pkey", "Relation Name": "name", "Alias": "n", "Startup Cost": 0.43, "Total Cost": 109767.19, "Plan Rows": 135, "Plan Width": 19, "Filter": "(name ~~ '%Downey%Robert%'::text)"}]}]}, {"Node Type": "Hash", "Parent Relationship": "Inner", "Parallel Aware": true, "Startup Cost": 89546.74, "Total Cost": 89546.74, "Plan Rows": 87, "Plan Width": 20, "Plans": [{"Node Type": "Hash Join", "Parent Relationship": "Outer", "Parallel Aware": false, "Join Type": "Inner", "Startup Cost": 4858.63, "Total Cost": 89546.74, "Plan Rows": 87, "Plan Width": 20, "Inner Unique": true, "Hash Cond": "(mk.keyword_id = k.id)", "Plans": [{"Node Type": "Index Scan", "Parent Relationship": "Outer", "Parallel Aware": true, "Scan Direction": "Forward", "Index Name": "keyword_id_movie_keyword", "Relation Name": "movie_keyword", "Alias": "mk", "Startup Cost": 0.43, "Total Cost": 80857.68, "Plan Rows": 1459332, "Plan Width": 8}, {"Node Type": "Hash", "Parent Relationship": "Inner", "Parallel Aware": false, "Startup Cost": 4858.09, "Total Cost": 4858.09, "Plan Rows": 8, "Plan Width": 20, "Plans": [{"Node Type": "Index Scan", "Parent Relationship": "Outer", "Parallel Aware": false, "Scan Direction": "Forward", "Index Name": "keyword_pkey", "Relation Name": "keyword", "Alias": "k", "Startup Cost": 0.42, "Total Cost": 4858.09, "Plan Rows": 8, "Plan Width": 20, "Filter": "(keyword = ANY ('{superhero,sequel,second-part,marvel-comics,based-on-comic,tv-special,fight,violence}'::text[]))"}]}]}]}]}]}]}]}]}]}}, {"Plan": {"Node Type": "Aggregate", "Strategy": "Plain", "Partial Mode": "Finalize", "Parallel Aware": false, "Startup Cost": 1007290.23, "Total Cost": 1007290.24, "Plan Rows": 1, "Plan Width": 96, "Plans": [{"Node Type": "Gather", "Parent Relationship": "Outer", "Parallel Aware": false, "Startup Cost": 1007289.89, "Total Cost": 1007290.2, "Plan Rows": 3, "Plan Width": 96, "Workers Planned": 3, "Single Copy": false, "Plans": [{"Node Type": "Aggregate", "Strategy": "Plain", "Partial Mode": "Partial", "Parent Relationship": "Outer", "Parallel Aware": false, "Startup Cost": 1006289.89, "Total Cost": 1006289.9, "Plan Rows": 1, "Plan Width": 96, "Plans": [{"Node Type": "Hash Join", "Parent Relationship": "Outer", "Parallel Aware": true, "Join Type": "Inner", "Startup Cost": 935878.79, "Total Cost": 1006289.89, "Plan Rows": 1, "Plan Width": 48, "Inner Unique": false, "Hash Cond": "(t.id = mk.movie_id)", "Plans": [{"Node Type": "Index Scan", "Parent Relationship": "Outer", "Parallel Aware": true, "Scan Direction": "Forward", "Index Name": "title_pkey", "Relation Name": "title", "Alias": "t", "Startup Cost": 0.43, "Total Cost": 68750.94, "Plan Rows": 442820, "Plan Width": 21, "Filter": "(production_year > 2000)"}, {"Node Type": "Hash", "Parent Relationship": "Inner", "Parallel Aware": true, "Startup Cost": 935878.35, "Total Cost": 935878.35, "Plan Rows": 1, "Plan Width": 39, "Plans": [{"Node Type": "Hash Join", "Parent Relationship": "Outer", "Parallel Aware": true, "Join Type": "Inner", "Startup Cost": 199135.52, "Total Cost": 935878.35, "Plan Rows": 1, "Plan Width": 39, "Inner Unique": false, "Hash Cond": "(ci.movie_id = mk.movie_id)", "Plans": [{"Node Type": "Hash Join", "Parent Relationship": "Outer", "Parallel Aware": true, "Join Type": "Inner", "Startup Cost": 109769.44, "Total Cost": 846507.88, "Plan Rows": 1169, "Plan Width": 19, "Inner Unique": true, "Hash Cond": "(ci.person_id = n.id)", "Plans": [{"Node Type": "Index Scan", "Parent Relationship": "Outer", "Parallel Aware": true, "Scan Direction": "Forward", "Index Name": "person_id_cast_info", "Relation Name": "cast_info", "Alias": "ci", "Startup Cost": 0.56, "Total Cost": 706081.3, "Plan Rows": 11679112, "Plan Width": 8}, {"Node Type": "Hash", "Parent Relationship": "Inner", "Parallel Aware": true, "Startup Cost": 109767.19, "Total Cost": 109767.19, "Plan Rows": 135, "Plan Width": 19, "Plans": [{"Node Type": "Index Scan", "Parent Relationship": "Outer", "Parallel Aware": true, "Scan Direction": "Forward", "Index Name": "name_pkey", "Relation Name": "name", "Alias": "n", "Startup Cost": 0.43, "Total Cost": 109767.19, "Plan Rows": 135, "Plan Width": 19, "Filter": "(name ~~ '%Downey%Robert%'::text)"}]}]}, {"Node Type": "Hash", "Parent Relationship": "Inner", "Parallel Aware": true, "Startup Cost": 89364.99, "Total Cost": 89364.99, "Plan Rows": 87, "Plan Width": 20, "Plans": [{"Node Type": "Merge Join", "Parent Relationship": "Outer", "Parallel Aware": false, "Join Type": "Inner", "Startup Cost": 523.41, "Total Cost": 89364.99, "Plan Rows": 87, "Plan Width": 20, "Inner Unique": true, "Merge Cond": "(mk.keyword_id = k.id)", "Plans": [{"Node Type": "Index Scan", "Parent Relationship": "Outer", "Parallel Aware": true, "Scan Direction": "Forward", "Index Name": "keyword_id_movie_keyword", "Relation Name": "movie_keyword", "Alias": "mk", "Startup Cost": 0.43, "Total Cost": 80857.68, "Plan Rows": 1459332, "Plan Width": 8}, {"Node Type": "Index Scan", "Parent Relationship": "Inner", "Parallel Aware": false, "Scan Direction": "Forward", "Index Name": "keyword_pkey", "Relation Name": "keyword", "Alias": "k", "Startup Cost": 0.42, "Total Cost": 4858.09, "Plan Rows": 8, "Plan Width": 20, "Filter": "(keyword = ANY ('{superhero,sequel,second-part,marvel-comics,based-on-comic,tv-special,fight,violence}'::text[]))"}]}]}]}]}]}]}]}]}}, {"Plan": {"Node Type": "Aggregate", "Strategy": "Plain", "Partial Mode": "Simple", "Parallel Aware": false, "Startup Cost": 10600.12, "Total Cost": 10600.13, "Plan Rows": 1, "Plan Width": 96, "Plans": [{"Node Type": "Nested Loop", "Parent Relationship": "Outer", "Parallel Aware": false, "Join Type": "Inner", "Startup Cost": 2.28, "Total Cost": 10600.11, "Plan Rows": 1, "Plan Width": 48, "Inner Unique": true, "Plans": [{"Node Type": "Nested Loop", "Parent Relationship": "Outer", "Parallel Aware": false, "Join Type": "Inner", "Startup Cost": 1.85, "Total Cost": 7880.45, "Plan Rows": 6015, "Plan Width": 37, "Inner Unique": false, "Join Filter": "(t.id = ci.movie_id)", "Plans": [{"Node Type": "Nested Loop", "Parent Relationship": "Outer", "Parallel Aware": false, "Join Type": "Inner", "Startup Cost": 1.28, "Total Cost": 7602.9, "Plan Rows": 147, "Plan Width": 41, "Inner Unique": true, "Plans": [{"Node Type": "Nested Loop", "Parent Relationship": "Outer", "Parallel Aware": false, "Join Type": "Inner", "Startup Cost": 0.85, "Total Cost": 7478.45, "Plan Rows": 270, "Plan Width": 20, "Inner Unique": false, "Plans": [{"Node Type": "Index Scan", "Parent Relationship": "Outer", "Parallel Aware": false, "Scan Direction": "Forward", "Index Name": "keyword_pkey", "Relation Name": "keyword", "Alias": "k", "Startup Cost": 0.42, "Total Cost": 4858.09, "Plan Rows": 8, "Plan Width": 20, "Filter": "(keyword = ANY ('{superhero,sequel,second-part,marvel-comics,based-on-comic,tv-special,fight,violence}'::text[]))"}, {"Node Type": "Index Scan", "Parent Relationship": "Inner", "Parallel Aware": false, "Scan Direction": "Forward", "Index Name": "keyword_id_movie_keyword", "Relation Name": "movie_keyword", "Alias": "mk", "Startup Cost": 0.43, "Total Cost": 324.52, "Plan Rows": 302, "Plan Width": 8, "Index Cond": "(keyword_id = k.id)"}]}, {"Node Type": "Index Scan", "Parent Relationship": "Inner", "Parallel Aware": false, "Scan Direction": "Forward", "Index Name": "title_pkey", "Relation Name": "title", "Alias": "t", "Startup Cost": 0.43, "Total Cost": 0.46, "Plan Rows": 1, "Plan Width": 21, "Index Cond": "(id = mk.movie_id)", "Filter": "(production_year > 2000)"}]}, {"Node Type": "Index Scan", "Parent Relationship": "Inner", "Parallel Aware": false, "Scan Direction": "Forward", "Index Name": "movie_id_cast_info", "Relation Name": "cast_info", "Alias": "ci", "Startup Cost": 0.56, "Total Cost": 1.38, "Plan Rows": 41, "Plan Width": 8, "Index Cond": "(movie_id = mk.movie_id)"}]}, {"Node Type": "Index Scan", "Parent Relationship": "Inner", "Parallel Aware": false, "Scan Direction": "Forward", "Index Name": "name_pkey", "Relation Name": "name", "Alias": "n", "Startup Cost": 0.43, "Total Cost": 0.45, "Plan Rows": 1, "Plan Width": 19, "Index Cond": "(id = ci.person_id)", "Filter": "(name ~~ '%Downey%Robert%'::text)"}]}]}}, {"Plan": {"Node Type": "Aggregate", "Strategy": "Plain", "Partial Mode": "Simple", "Parallel Aware": false, "Startup Cost": 9374.42, "Total Cost": 9374.43, "Plan Rows": 1, "Plan Width": 96, "Plans": [{"Node Type": "Nested Loop", "Parent Relationship": "Outer", "Parallel Aware": false, "Join Type": "Inner", "Startup Cost": 1.86, "Total Cost": 9374.42, "Plan Rows": 1, "Plan Width": 48, "Inner Unique": true, "Plans": [{"Node Type": "Nested Loop", "Parent Relationship": "Outer", "Parallel Aware": false, "Join Type": "Inner", "Startup Cost": 1.43, "Total Cost": 6654.76, "Plan Rows": 6015, "Plan Width": 37, "Inner Unique": false, "Join Filter": "(t.id = ci.movie_id)", "Plans": [{"Node Type": "Nested Loop", "Parent Relationship": "Outer", "Parallel Aware": false, "Join Type": "Inner", "Startup Cost": 0.86, "Total Cost": 6377.21, "Plan Rows": 147, "Plan Width": 41, "Inner Unique": true, "Plans": [{"Node Type": "Nested Loop", "Parent Relationship": "Outer", "Parallel Aware": false, "Join Type": "Inner", "Startup Cost": 0.43, "Total Cost": 6252.76, "Plan Rows": 270, "Plan Width": 20, "Inner Unique": false, "Plans": [{"Node Type": "Seq Scan", "Parent Relationship": "Outer", "Parallel Aware": false, "Relation Name": "keyword", "Alias": "k", "Startup Cost": 0.0, "Total Cost": 3632.4, "Plan Rows": 8, "Plan Width": 20, "Filter": "(keyword = ANY ('{superhero,sequel,second-part,marvel-comics,based-on-comic,tv-special,fight,violence}'::text[]))"}, {"Node Type": "Index Scan", "Parent Relationship": "Inner", "Parallel Aware": false, "Scan Direction": "Forward", "Index Name": "keyword_id_movie_keyword", "Relation Name": "movie_keyword", "Alias": "mk", "Startup Cost": 0.43, "Total Cost": 324.52, "Plan Rows": 302, "Plan Width": 8, "Index Cond": "(keyword_id = k.id)"}]}, {"Node Type": "Index Scan", "Parent Relationship": "Inner", "Parallel Aware": false, "Scan Direction": "Forward", "Index Name": "title_pkey", "Relation Name": "title", "Alias": "t", "Startup Cost": 0.43, "Total Cost": 0.46, "Plan Rows": 1, "Plan Width": 21, "Index Cond": "(id = mk.movie_id)", "Filter": "(production_year > 2000)"}]}, {"Node Type": "Index Scan", "Parent Relationship": "Inner", "Parallel Aware": false, "Scan Direction": "Forward", "Index Name": "movie_id_cast_info", "Relation Name": "cast_info", "Alias": "ci", "Startup Cost": 0.56, "Total Cost": 1.38, "Plan Rows": 41, "Plan Width": 8, "Index Cond": "(movie_id = mk.movie_id)"}]}, {"Node Type": "Index Scan", "Parent Relationship": "Inner", "Parallel Aware": false, "Scan Direction": "Forward", "Index Name": "name_pkey", "Relation Name": "name", "Alias": "n", "Startup Cost": 0.43, "Total Cost": 0.45, "Plan Rows": 1, "Plan Width": 19, "Index Cond": "(id = ci.person_id)", "Filter": "(name ~~ '%Downey%Robert%'::text)"}]}]}}, {"Plan": {"Node Type": "Aggregate", "Strategy": "Plain", "Partial Mode": "Finalize", "Parallel Aware": false, "Startup Cost": 567924.24, "Total Cost": 567924.25, "Plan Rows": 1, "Plan Width": 96, "Plans": [{"Node Type": "Gather", "Parent Relationship": "Outer", "Parallel Aware": false, "Startup Cost": 567923.9, "Total Cost": 567924.21, "Plan Rows": 3, "Plan Width": 96, "Workers Planned": 3, "Single Copy": false, "Plans": [{"Node Type": "Aggregate", "Strategy": "Plain", "Partial Mode": "Partial", "Parent Relationship": "Outer", "Parallel Aware": false, "Startup Cost": 566923.9, "Total Cost": 566923.91, "Plan Rows": 1, "Plan Width": 96, "Plans": [{"Node Type": "Hash Join", "Parent Relationship": "Outer", "Parallel Aware": true, "Join Type": "Inner", "Startup Cost": 519070.96, "Total Cost": 566923.9, "Plan Rows": 1, "Plan Width": 48, "Inner Unique": false, "Hash Cond": "(t.id = mk.movie_id)", "Plans": [{"Node Type": "Seq Scan", "Parent Relationship": "Outer", "Parallel Aware": true, "Relation Name": "title", "Alias": "t", "Startup Cost": 0.0, "Total Cost": 46192.35, "Plan Rows": 442820, "Plan Width": 21, "Filter": "(production_year > 2000)"}, {"Node Type": "Hash", "Parent Relationship": "Inner", "Parallel Aware": true, "Startup Cost": 519070.95, "Total Cost": 519070.95, "Plan Rows": 1, "Plan Width": 39, "Plans": [{"Node Type": "Hash Join", "Parent Relationship": "Outer", "Parallel Aware": true, "Join Type": "Inner", "Startup Cost": 118930.73, "Total Cost": 519070.95, "Plan Rows": 1, "Plan Width": 39, "Inner Unique": false, "Hash Cond": "(ci.movie_id = mk.movie_id)", "Plans": [{"Node Type": "Hash Join", "Parent Relationship": "Outer", "Parallel Aware": true, "Join Type": "Inner", "Startup Cost": 72418.95, "Total Cost": 472554.78, "Plan Rows": 1169, "Plan Width": 19, "Inner Unique": true, "Hash Cond": "(ci.person_id = n.id)", "Plans": [{"Node Type": "Seq Scan", "Parent Relationship": "Outer", "Parallel Aware": true, "Relation Name": "cast_info", "Alias": "ci", "Startup Cost": 0.0, "Total Cost": 369478.12, "Plan Rows": 11679112, "Plan Width": 8}, {"Node Type": "Hash", "Parent Relationship": "Inner", "Parallel Aware": true, "Startup Cost": 72417.27, "Total Cost": 72417.27, "Plan Rows": 135, "Plan Width": 19, "Plans": [{"Node Type": "Seq Scan", "Parent Relationship": "Outer", "Parallel Aware": true, "Relation Name": "name", "Alias": "n", "Startup Cost": 0.0, "Total Cost": 72417.27, "Plan Rows": 135, "Plan Width": 19, "Filter": "(name ~~ '%Downey%Robert%'::text)"}]}]}, {"Node Type": "Hash", "Parent Relationship": "Inner", "Parallel Aware": true, "Startup Cost": 46510.69, "Total Cost": 46510.69, "Plan Rows": 87, "Plan Width": 20, "Plans": [{"Node Type": "Hash Join", "Parent Relationship": "Outer", "Parallel Aware": false, "Join Type": "Inner", "Startup Cost": 3632.5, "Total Cost": 46510.69, "Plan Rows": 87, "Plan Width": 20, "Inner Unique": true, "Hash Cond": "(mk.keyword_id = k.id)", "Plans": [{"Node Type": "Seq Scan", "Parent Relationship": "Outer", "Parallel Aware": true, "Relation Name": "movie_keyword", "Alias": "mk", "Startup Cost": 0.0, "Total Cost": 39047.32, "Plan Rows": 1459332, "Plan Width": 8}, {"Node Type": "Hash", "Parent Relationship": "Inner", "Parallel Aware": false, "Startup Cost": 3632.4, "Total Cost": 3632.4, "Plan Rows": 8, "Plan Width": 20, "Plans": [{"Node Type": "Seq Scan", "Parent Relationship": "Outer", "Parallel Aware": false, "Relation Name": "keyword", "Alias": "k", "Startup Cost": 0.0, "Total Cost": 3632.4, "Plan Rows": 8, "Plan Width": 20, "Filter": "(keyword = ANY ('{superhero,sequel,second-part,marvel-comics,based-on-comic,tv-special,fight,violence}'::text[]))"}]}]}]}]}]}]}]}]}]}}, {"Plan": {"Node Type": "Aggregate", "Strategy": "Plain", "Partial Mode": "Simple", "Parallel Aware": false, "Startup Cost": 10600.12, "Total Cost": 10600.13, "Plan Rows": 1, "Plan Width": 96, "Plans": [{"Node Type": "Nested Loop", "Parent Relationship": "Outer", "Parallel Aware": false, "Join Type": "Inner", "Startup Cost": 2.28, "Total Cost": 10600.11, "Plan Rows": 1, "Plan Width": 48, "Inner Unique": true, "Plans": [{"Node Type": "Nested Loop", "Parent Relationship": "Outer", "Parallel Aware": false, "Join Type": "Inner", "Startup Cost": 1.85, "Total Cost": 7880.45, "Plan Rows": 6015, "Plan Width": 37, "Inner Unique": false, "Join Filter": "(t.id = ci.movie_id)", "Plans": [{"Node Type": "Nested Loop", "Parent Relationship": "Outer", "Parallel Aware": false, "Join Type": "Inner", "Startup Cost": 1.28, "Total Cost": 7602.9, "Plan Rows": 147, "Plan Width": 41, "Inner Unique": true, "Plans": [{"Node Type": "Nested Loop", "Parent Relationship": "Outer", "Parallel Aware": false, "Join Type": "Inner", "Startup Cost": 0.85, "Total Cost": 7478.45, "Plan Rows": 270, "Plan Width": 20, "Inner Unique": false, "Plans": [{"Node Type": "Index Scan", "Parent Relationship": "Outer", "Parallel Aware": false, "Scan Direction": "Forward", "Index Name": "keyword_pkey", "Relation Name": "keyword", "Alias": "k", "Startup Cost": 0.42, "Total Cost": 4858.09, "Plan Rows": 8, "Plan Width": 20, "Filter": "(keyword = ANY ('{superhero,sequel,second-part,marvel-comics,based-on-comic,tv-special,fight,violence}'::text[]))"}, {"Node Type": "Index Scan", "Parent Relationship": "Inner", "Parallel Aware": false, "Scan Direction": "Forward", "Index Name": "keyword_id_movie_keyword", "Relation Name": "movie_keyword", "Alias": "mk", "Startup Cost": 0.43, "Total Cost": 324.52, "Plan Rows": 302, "Plan Width": 8, "Index Cond": "(keyword_id = k.id)"}]}, {"Node Type": "Index Scan", "Parent Relationship": "Inner", "Parallel Aware": false, "Scan Direction": "Forward", "Index Name": "title_pkey", "Relation Name": "title", "Alias": "t", "Startup Cost": 0.43, "Total Cost": 0.46, "Plan Rows": 1, "Plan Width": 21, "Index Cond": "(id = mk.movie_id)", "Filter": "(production_year > 2000)"}]}, {"Node Type": "Index Scan", "Parent Relationship": "Inner", "Parallel Aware": false, "Scan Direction": "Forward", "Index Name": "movie_id_cast_info", "Relation Name": "cast_info", "Alias": "ci", "Startup Cost": 0.56, "Total Cost": 1.38, "Plan Rows": 41, "Plan Width": 8, "Index Cond": "(movie_id = mk.movie_id)"}]}, {"Node Type": "Index Scan", "Parent Relationship": "Inner", "Parallel Aware": false, "Scan Direction": "Forward", "Index Name": "name_pkey", "Relation Name": "name", "Alias": "n", "Startup Cost": 0.43, "Total Cost": 0.45, "Plan Rows": 1, "Plan Width": 19, "Index Cond": "(id = ci.person_id)", "Filter": "(name ~~ '%Downey%Robert%'::text)"}]}]}}, {"Plan": {"Node Type": "Aggregate", "Strategy": "Plain", "Partial Mode": "Simple", "Parallel Aware": false, "Startup Cost": 9374.42, "Total Cost": 9374.43, "Plan Rows": 1, "Plan Width": 96, "Plans": [{"Node Type": "Nested Loop", "Parent Relationship": "Outer", "Parallel Aware": false, "Join Type": "Inner", "Startup Cost": 1.86, "Total Cost": 9374.42, "Plan Rows": 1, "Plan Width": 48, "Inner Unique": true, "Plans": [{"Node Type": "Nested Loop", "Parent Relationship": "Outer", "Parallel Aware": false, "Join Type": "Inner", "Startup Cost": 1.43, "Total Cost": 6654.76, "Plan Rows": 6015, "Plan Width": 37, "Inner Unique": false, "Join Filter": "(t.id = ci.movie_id)", "Plans": [{"Node Type": "Nested Loop", "Parent Relationship": "Outer", "Parallel Aware": false, "Join Type": "Inner", "Startup Cost": 0.86, "Total Cost": 6377.21, "Plan Rows": 147, "Plan Width": 41, "Inner Unique": true, "Plans": [{"Node Type": "Nested Loop", "Parent Relationship": "Outer", "Parallel Aware": false, "Join Type": "Inner", "Startup Cost": 0.43, "Total Cost": 6252.76, "Plan Rows": 270, "Plan Width": 20, "Inner Unique": false, "Plans": [{"Node Type": "Seq Scan", "Parent Relationship": "Outer", "Parallel Aware": false, "Relation Name": "keyword", "Alias": "k", "Startup Cost": 0.0, "Total Cost": 3632.4, "Plan Rows": 8, "Plan Width": 20, "Filter": "(keyword = ANY ('{superhero,sequel,second-part,marvel-comics,based-on-comic,tv-special,fight,violence}'::text[]))"}, {"Node Type": "Index Scan", "Parent Relationship": "Inner", "Parallel Aware": false, "Scan Direction": "Forward", "Index Name": "keyword_id_movie_keyword", "Relation Name": "movie_keyword", "Alias": "mk", "Startup Cost": 0.43, "Total Cost": 324.52, "Plan Rows": 302, "Plan Width": 8, "Index Cond": "(keyword_id = k.id)"}]}, {"Node Type": "Index Scan", "Parent Relationship": "Inner", "Parallel Aware": false, "Scan Direction": "Forward", "Index Name": "title_pkey", "Relation Name": "title", "Alias": "t", "Startup Cost": 0.43, "Total Cost": 0.46, "Plan Rows": 1, "Plan Width": 21, "Index Cond": "(id = mk.movie_id)", "Filter": "(production_year > 2000)"}]}, {"Node Type": "Index Scan", "Parent Relationship": "Inner", "Parallel Aware": false, "Scan Direction": "Forward", "Index Name": "movie_id_cast_info", "Relation Name": "cast_info", "Alias": "ci", "Startup Cost": 0.56, "Total Cost": 1.38, "Plan Rows": 41, "Plan Width": 8, "Index Cond": "(movie_id = mk.movie_id)"}]}, {"Node Type": "Index Scan", "Parent Relationship": "Inner", "Parallel Aware": false, "Scan Direction": "Forward", "Index Name": "name_pkey", "Relation Name": "name", "Alias": "n", "Startup Cost": 0.43, "Total Cost": 0.45, "Plan Rows": 1, "Plan Width": 19, "Index Cond": "(id = ci.person_id)", "Filter": "(name ~~ '%Downey%Robert%'::text)"}]}]}}, {"Plan": {"Node Type": "Aggregate", "Strategy": "Plain", "Partial Mode": "Finalize", "Parallel Aware": false, "Startup Cost": 567924.24, "Total Cost": 567924.25, "Plan Rows": 1, "Plan Width": 96, "Plans": [{"Node Type": "Gather", "Parent Relationship": "Outer", "Parallel Aware": false, "Startup Cost": 567923.9, "Total Cost": 567924.21, "Plan Rows": 3, "Plan Width": 96, "Workers Planned": 3, "Single Copy": false, "Plans": [{"Node Type": "Aggregate", "Strategy": "Plain", "Partial Mode": "Partial", "Parent Relationship": "Outer", "Parallel Aware": false, "Startup Cost": 566923.9, "Total Cost": 566923.91, "Plan Rows": 1, "Plan Width": 96, "Plans": [{"Node Type": "Hash Join", "Parent Relationship": "Outer", "Parallel Aware": true, "Join Type": "Inner", "Startup Cost": 519070.96, "Total Cost": 566923.9, "Plan Rows": 1, "Plan Width": 48, "Inner Unique": false, "Hash Cond": "(t.id = mk.movie_id)", "Plans": [{"Node Type": "Seq Scan", "Parent Relationship": "Outer", "Parallel Aware": true, "Relation Name": "title", "Alias": "t", "Startup Cost": 0.0, "Total Cost": 46192.35, "Plan Rows": 442820, "Plan Width": 21, "Filter": "(production_year > 2000)"}, {"Node Type": "Hash", "Parent Relationship": "Inner", "Parallel Aware": true, "Startup Cost": 519070.95, "Total Cost": 519070.95, "Plan Rows": 1, "Plan Width": 39, "Plans": [{"Node Type": "Hash Join", "Parent Relationship": "Outer", "Parallel Aware": true, "Join Type": "Inner", "Startup Cost": 118930.73, "Total Cost": 519070.95, "Plan Rows": 1, "Plan Width": 39, "Inner Unique": false, "Hash Cond": "(ci.movie_id = mk.movie_id)", "Plans": [{"Node Type": "Hash Join", "Parent Relationship": "Outer", "Parallel Aware": true, "Join Type": "Inner", "Startup Cost": 72418.95, "Total Cost": 472554.78, "Plan Rows": 1169, "Plan Width": 19, "Inner Unique": true, "Hash Cond": "(ci.person_id = n.id)", "Plans": [{"Node Type": "Seq Scan", "Parent Relationship": "Outer", "Parallel Aware": true, "Relation Name": "cast_info", "Alias": "ci", "Startup Cost": 0.0, "Total Cost": 369478.12, "Plan Rows": 11679112, "Plan Width": 8}, {"Node Type": "Hash", "Parent Relationship": "Inner", "Parallel Aware": true, "Startup Cost": 72417.27, "Total Cost": 72417.27, "Plan Rows": 135, "Plan Width": 19, "Plans": [{"Node Type": "Seq Scan", "Parent Relationship": "Outer", "Parallel Aware": true, "Relation Name": "name", "Alias": "n", "Startup Cost": 0.0, "Total Cost": 72417.27, "Plan Rows": 135, "Plan Width": 19, "Filter": "(name ~~ '%Downey%Robert%'::text)"}]}]}, {"Node Type": "Hash", "Parent Relationship": "Inner", "Parallel Aware": true, "Startup Cost": 46510.69, "Total Cost": 46510.69, "Plan Rows": 87, "Plan Width": 20, "Plans": [{"Node Type": "Hash Join", "Parent Relationship": "Outer", "Parallel Aware": false, "Join Type": "Inner", "Startup Cost": 3632.5, "Total Cost": 46510.69, "Plan Rows": 87, "Plan Width": 20, "Inner Unique": true, "Hash Cond": "(mk.keyword_id = k.id)", "Plans": [{"Node Type": "Seq Scan", "Parent Relationship": "Outer", "Parallel Aware": true, "Relation Name": "movie_keyword", "Alias": "mk", "Startup Cost": 0.0, "Total Cost": 39047.32, "Plan Rows": 1459332, "Plan Width": 8}, {"Node Type": "Hash", "Parent Relationship": "Inner", "Parallel Aware": false, "Startup Cost": 3632.4, "Total Cost": 3632.4, "Plan Rows": 8, "Plan Width": 20, "Plans": [{"Node Type": "Seq Scan", "Parent Relationship": "Outer", "Parallel Aware": false, "Relation Name": "keyword", "Alias": "k", "Startup Cost": 0.0, "Total Cost": 3632.4, "Plan Rows": 8, "Plan Width": 20, "Filter": "(keyword = ANY ('{superhero,sequel,second-part,marvel-comics,based-on-comic,tv-special,fight,violence}'::text[]))"}]}]}]}]}]}]}]}]}]}}, {"Plan": {"Node Type": "Aggregate", "Strategy": "Plain", "Partial Mode": "Simple", "Parallel Aware": false, "Startup Cost": 16445.11, "Total Cost": 16445.12, "Plan Rows": 1, "Plan Width": 96, "Plans": [{"Node Type": "Nested Loop", "Parent Relationship": "Outer", "Parallel Aware": false, "Join Type": "Inner", "Startup Cost": 6.77, "Total Cost": 16445.1, "Plan Rows": 1, "Plan Width": 48, "Inner Unique": true, "Plans": [{"Node Type": "Nested Loop", "Parent Relationship": "Outer", "Parallel Aware": false, "Join Type": "Inner", "Startup Cost": 6.33, "Total Cost": 7102.56, "Plan Rows": 6015, "Plan Width": 37, "Inner Unique": false, "Join Filter": "(t.id = ci.movie_id)", "Plans": [{"Node Type": "Nested Loop", "Parent Relationship": "Outer", "Parallel Aware": false, "Join Type": "Inner", "Startup Cost": 5.41, "Total Cost": 6655.77, "Plan Rows": 147, "Plan Width": 41, "Inner Unique": true, "Plans": [{"Node Type": "Nested Loop", "Parent Relationship": "Outer", "Parallel Aware": false, "Join Type": "Inner", "Startup Cost": 4.97, "Total Cost": 6235.94, "Plan Rows": 270, "Plan Width": 20, "Inner Unique": false, "Plans": [{"Node Type": "Seq Scan", "Parent Relationship": "Outer", "Parallel Aware": false, "Relation Name": "keyword", "Alias": "k", "Startup Cost": 0.0, "Total Cost": 3632.4, "Plan Rows": 8, "Plan Width": 20, "Filter": "(keyword = ANY ('{superhero,sequel,second-part,marvel-comics,based-on-comic,tv-special,fight,violence}'::text[]))"}, {"Node Type": "Bitmap Heap Scan", "Parent Relationship": "Inner", "Parallel Aware": false, "Relation Name": "movie_keyword", "Alias": "mk", "Startup Cost": 4.97, "Total Cost": 322.42, "Plan Rows": 302, "Plan Width": 8, "Recheck Cond": "(keyword_id = k.id)", "Plans": [{"Node Type": "Bitmap Index Scan", "Parent Relationship": "Outer", "Parallel Aware": false, "Index Name": "keyword_id_movie_keyword", "Startup Cost": 0.0, "Total Cost": 4.9, "Plan Rows": 302, "Plan Width": 0, "Index Cond": "(keyword_id = k.id)"}]}]}, {"Node Type": "Bitmap Heap Scan", "Parent Relationship": "Inner", "Parallel Aware": false, "Relation Name": "title", "Alias": "t", "Startup Cost": 0.44, "Total Cost": 1.55, "Plan Rows": 1, "Plan Width": 21, "Recheck Cond": "(id = mk.movie_id)", "Filter": "(production_year > 2000)", "Plans": [{"Node Type": "Bitmap Index Scan", "Parent Relationship": "Outer", "Parallel Aware": false, "Index Name": "title_pkey", "Startup Cost": 0.0, "Total Cost": 0.44, "Plan Rows": 1, "Plan Width": 0, "Index Cond": "(id = mk.movie_id)"}]}]}, {"Node Type": "Bitmap Heap Scan", "Parent Relationship": "Inner", "Parallel Aware": false, "Relation Name": "cast_info", "Alias": "ci", "Startup Cost": 0.91, "Total Cost": 2.53, "Plan Rows": 41, "Plan Width": 8, "Recheck Cond": "(movie_id = mk.movie_id)", "Plans": [{"Node Type": "Bitmap Index Scan", "Parent Relationship": "Outer", "Parallel Aware": false, "Index Name": "movie_id_cast_info", "Startup Cost": 0.0, "Total Cost": 0.9, "Plan Rows": 41, "Plan Width": 0, "Index Cond": "(movie_id = mk.movie_id)"}]}]}, {"Node Type": "Bitmap Heap Scan", "Parent Relationship": "Inner", "Parallel Aware": false, "Relation Name": "name", "Alias": "n", "Startup Cost": 0.44, "Total Cost": 1.55, "Plan Rows": 1, "Plan Width": 19, "Recheck Cond": "(id = ci.person_id)", "Filter": "(name ~~ '%Downey%Robert%'::text)", "Plans": [{"Node Type": "Bitmap Index Scan", "Parent Relationship": "Outer", "Parallel Aware": false, "Index Name": "name_pkey", "Startup Cost": 0.0, "Total Cost": 0.44, "Plan Rows": 1, "Plan Width": 0, "Index Cond": "(id = ci.person_id)"}]}]}]}}, {"Plan": {"Node Type": "Aggregate", "Strategy": "Plain", "Partial Mode": "Finalize", "Parallel Aware": false, "Startup Cost": 567924.24, "Total Cost": 567924.25, "Plan Rows": 1, "Plan Width": 96, "Plans": [{"Node Type": "Gather", "Parent Relationship": "Outer", "Parallel Aware": false, "Startup Cost": 567923.9, "Total Cost": 567924.21, "Plan Rows": 3, "Plan Width": 96, "Workers Planned": 3, "Single Copy": false, "Plans": [{"Node Type": "Aggregate", "Strategy": "Plain", "Partial Mode": "Partial", "Parent Relationship": "Outer", "Parallel Aware": false, "Startup Cost": 566923.9, "Total Cost": 566923.91, "Plan Rows": 1, "Plan Width": 96, "Plans": [{"Node Type": "Hash Join", "Parent Relationship": "Outer", "Parallel Aware": true, "Join Type": "Inner", "Startup Cost": 519070.96, "Total Cost": 566923.9, "Plan Rows": 1, "Plan Width": 48, "Inner Unique": false, "Hash Cond": "(t.id = mk.movie_id)", "Plans": [{"Node Type": "Seq Scan", "Parent Relationship": "Outer", "Parallel Aware": true, "Relation Name": "title", "Alias": "t", "Startup Cost": 0.0, "Total Cost": 46192.35, "Plan Rows": 442820, "Plan Width": 21, "Filter": "(production_year > 2000)"}, {"Node Type": "Hash", "Parent Relationship": "Inner", "Parallel Aware": true, "Startup Cost": 519070.95, "Total Cost": 519070.95, "Plan Rows": 1, "Plan Width": 39, "Plans": [{"Node Type": "Hash Join", "Parent Relationship": "Outer", "Parallel Aware": true, "Join Type": "Inner", "Startup Cost": 118930.73, "Total Cost": 519070.95, "Plan Rows": 1, "Plan Width": 39, "Inner Unique": false, "Hash Cond": "(ci.movie_id = mk.movie_id)", "Plans": [{"Node Type": "Hash Join", "Parent Relationship": "Outer", "Parallel Aware": true, "Join Type": "Inner", "Startup Cost": 72418.95, "Total Cost": 472554.78, "Plan Rows": 1169, "Plan Width": 19, "Inner Unique": true, "Hash Cond": "(ci.person_id = n.id)", "Plans": [{"Node Type": "Seq Scan", "Parent Relationship": "Outer", "Parallel Aware": true, "Relation Name": "cast_info", "Alias": "ci", "Startup Cost": 0.0, "Total Cost": 369478.12, "Plan Rows": 11679112, "Plan Width": 8}, {"Node Type": "Hash", "Parent Relationship": "Inner", "Parallel Aware": true, "Startup Cost": 72417.27, "Total Cost": 72417.27, "Plan Rows": 135, "Plan Width": 19, "Plans": [{"Node Type": "Seq Scan", "Parent Relationship": "Outer", "Parallel Aware": true, "Relation Name": "name", "Alias": "n", "Startup Cost": 0.0, "Total Cost": 72417.27, "Plan Rows": 135, "Plan Width": 19, "Filter": "(name ~~ '%Downey%Robert%'::text)"}]}]}, {"Node Type": "Hash", "Parent Relationship": "Inner", "Parallel Aware": true, "Startup Cost": 46510.69, "Total Cost": 46510.69, "Plan Rows": 87, "Plan Width": 20, "Plans": [{"Node Type": "Hash Join", "Parent Relationship": "Outer", "Parallel Aware": false, "Join Type": "Inner", "Startup Cost": 3632.5, "Total Cost": 46510.69, "Plan Rows": 87, "Plan Width": 20, "Inner Unique": true, "Hash Cond": "(mk.keyword_id = k.id)", "Plans": [{"Node Type": "Seq Scan", "Parent Relationship": "Outer", "Parallel Aware": true, "Relation Name": "movie_keyword", "Alias": "mk", "Startup Cost": 0.0, "Total Cost": 39047.32, "Plan Rows": 1459332, "Plan Width": 8}, {"Node Type": "Hash", "Parent Relationship": "Inner", "Parallel Aware": false, "Startup Cost": 3632.4, "Total Cost": 3632.4, "Plan Rows": 8, "Plan Width": 20, "Plans": [{"Node Type": "Seq Scan", "Parent Relationship": "Outer", "Parallel Aware": false, "Relation Name": "keyword", "Alias": "k", "Startup Cost": 0.0, "Total Cost": 3632.4, "Plan Rows": 8, "Plan Width": 20, "Filter": "(keyword = ANY ('{superhero,sequel,second-part,marvel-comics,based-on-comic,tv-special,fight,violence}'::text[]))"}]}]}]}]}]}]}]}]}]}}, {"Plan": {"Node Type": "Aggregate", "Strategy": "Plain", "Partial Mode": "Simple", "Parallel Aware": false, "Startup Cost": 16445.11, "Total Cost": 16445.12, "Plan Rows": 1, "Plan Width": 96, "Plans": [{"Node Type": "Nested Loop", "Parent Relationship": "Outer", "Parallel Aware": false, "Join Type": "Inner", "Startup Cost": 6.77, "Total Cost": 16445.1, "Plan Rows": 1, "Plan Width": 48, "Inner Unique": true, "Plans": [{"Node Type": "Nested Loop", "Parent Relationship": "Outer", "Parallel Aware": false, "Join Type": "Inner", "Startup Cost": 6.33, "Total Cost": 7102.56, "Plan Rows": 6015, "Plan Width": 37, "Inner Unique": false, "Join Filter": "(t.id = ci.movie_id)", "Plans": [{"Node Type": "Nested Loop", "Parent Relationship": "Outer", "Parallel Aware": false, "Join Type": "Inner", "Startup Cost": 5.41, "Total Cost": 6655.77, "Plan Rows": 147, "Plan Width": 41, "Inner Unique": true, "Plans": [{"Node Type": "Nested Loop", "Parent Relationship": "Outer", "Parallel Aware": false, "Join Type": "Inner", "Startup Cost": 4.97, "Total Cost": 6235.94, "Plan Rows": 270, "Plan Width": 20, "Inner Unique": false, "Plans": [{"Node Type": "Seq Scan", "Parent Relationship": "Outer", "Parallel Aware": false, "Relation Name": "keyword", "Alias": "k", "Startup Cost": 0.0, "Total Cost": 3632.4, "Plan Rows": 8, "Plan Width": 20, "Filter": "(keyword = ANY ('{superhero,sequel,second-part,marvel-comics,based-on-comic,tv-special,fight,violence}'::text[]))"}, {"Node Type": "Bitmap Heap Scan", "Parent Relationship": "Inner", "Parallel Aware": false, "Relation Name": "movie_keyword", "Alias": "mk", "Startup Cost": 4.97, "Total Cost": 322.42, "Plan Rows": 302, "Plan Width": 8, "Recheck Cond": "(keyword_id = k.id)", "Plans": [{"Node Type": "Bitmap Index Scan", "Parent Relationship": "Outer", "Parallel Aware": false, "Index Name": "keyword_id_movie_keyword", "Startup Cost": 0.0, "Total Cost": 4.9, "Plan Rows": 302, "Plan Width": 0, "Index Cond": "(keyword_id = k.id)"}]}]}, {"Node Type": "Bitmap Heap Scan", "Parent Relationship": "Inner", "Parallel Aware": false, "Relation Name": "title", "Alias": "t", "Startup Cost": 0.44, "Total Cost": 1.55, "Plan Rows": 1, "Plan Width": 21, "Recheck Cond": "(id = mk.movie_id)", "Filter": "(production_year > 2000)", "Plans": [{"Node Type": "Bitmap Index Scan", "Parent Relationship": "Outer", "Parallel Aware": false, "Index Name": "title_pkey", "Startup Cost": 0.0, "Total Cost": 0.44, "Plan Rows": 1, "Plan Width": 0, "Index Cond": "(id = mk.movie_id)"}]}]}, {"Node Type": "Bitmap Heap Scan", "Parent Relationship": "Inner", "Parallel Aware": false, "Relation Name": "cast_info", "Alias": "ci", "Startup Cost": 0.91, "Total Cost": 2.53, "Plan Rows": 41, "Plan Width": 8, "Recheck Cond": "(movie_id = mk.movie_id)", "Plans": [{"Node Type": "Bitmap Index Scan", "Parent Relationship": "Outer", "Parallel Aware": false, "Index Name": "movie_id_cast_info", "Startup Cost": 0.0, "Total Cost": 0.9, "Plan Rows": 41, "Plan Width": 0, "Index Cond": "(movie_id = mk.movie_id)"}]}]}, {"Node Type": "Bitmap Heap Scan", "Parent Relationship": "Inner", "Parallel Aware": false, "Relation Name": "name", "Alias": "n", "Startup Cost": 0.44, "Total Cost": 1.55, "Plan Rows": 1, "Plan Width": 19, "Recheck Cond": "(id = ci.person_id)", "Filter": "(name ~~ '%Downey%Robert%'::text)", "Plans": [{"Node Type": "Bitmap Index Scan", "Parent Relationship": "Outer", "Parallel Aware": false, "Index Name": "name_pkey", "Startup Cost": 0.0, "Total Cost": 0.44, "Plan Rows": 1, "Plan Width": 0, "Index Cond": "(id = ci.person_id)"}]}]}]}}, {"Plan": {"Node Type": "Aggregate", "Strategy": "Plain", "Partial Mode": "Finalize", "Parallel Aware": false, "Startup Cost": 567924.24, "Total Cost": 567924.25, "Plan Rows": 1, "Plan Width": 96, "Plans": [{"Node Type": "Gather", "Parent Relationship": "Outer", "Parallel Aware": false, "Startup Cost": 567923.9, "Total Cost": 567924.21, "Plan Rows": 3, "Plan Width": 96, "Workers Planned": 3, "Single Copy": false, "Plans": [{"Node Type": "Aggregate", "Strategy": "Plain", "Partial Mode": "Partial", "Parent Relationship": "Outer", "Parallel Aware": false, "Startup Cost": 566923.9, "Total Cost": 566923.91, "Plan Rows": 1, "Plan Width": 96, "Plans": [{"Node Type": "Hash Join", "Parent Relationship": "Outer", "Parallel Aware": true, "Join Type": "Inner", "Startup Cost": 519070.96, "Total Cost": 566923.9, "Plan Rows": 1, "Plan Width": 48, "Inner Unique": false, "Hash Cond": "(t.id = mk.movie_id)", "Plans": [{"Node Type": "Seq Scan", "Parent Relationship": "Outer", "Parallel Aware": true, "Relation Name": "title", "Alias": "t", "Startup Cost": 0.0, "Total Cost": 46192.35, "Plan Rows": 442820, "Plan Width": 21, "Filter": "(production_year > 2000)"}, {"Node Type": "Hash", "Parent Relationship": "Inner", "Parallel Aware": true, "Startup Cost": 519070.95, "Total Cost": 519070.95, "Plan Rows": 1, "Plan Width": 39, "Plans": [{"Node Type": "Hash Join", "Parent Relationship": "Outer", "Parallel Aware": true, "Join Type": "Inner", "Startup Cost": 118930.73, "Total Cost": 519070.95, "Plan Rows": 1, "Plan Width": 39, "Inner Unique": false, "Hash Cond": "(ci.movie_id = mk.movie_id)", "Plans": [{"Node Type": "Hash Join", "Parent Relationship": "Outer", "Parallel Aware": true, "Join Type": "Inner", "Startup Cost": 72418.95, "Total Cost": 472554.78, "Plan Rows": 1169, "Plan Width": 19, "Inner Unique": true, "Hash Cond": "(ci.person_id = n.id)", "Plans": [{"Node Type": "Seq Scan", "Parent Relationship": "Outer", "Parallel Aware": true, "Relation Name": "cast_info", "Alias": "ci", "Startup Cost": 0.0, "Total Cost": 369478.12, "Plan Rows": 11679112, "Plan Width": 8}, {"Node Type": "Hash", "Parent Relationship": "Inner", "Parallel Aware": true, "Startup Cost": 72417.27, "Total Cost": 72417.27, "Plan Rows": 135, "Plan Width": 19, "Plans": [{"Node Type": "Seq Scan", "Parent Relationship": "Outer", "Parallel Aware": true, "Relation Name": "name", "Alias": "n", "Startup Cost": 0.0, "Total Cost": 72417.27, "Plan Rows": 135, "Plan Width": 19, "Filter": "(name ~~ '%Downey%Robert%'::text)"}]}]}, {"Node Type": "Hash", "Parent Relationship": "Inner", "Parallel Aware": true, "Startup Cost": 46510.69, "Total Cost": 46510.69, "Plan Rows": 87, "Plan Width": 20, "Plans": [{"Node Type": "Hash Join", "Parent Relationship": "Outer", "Parallel Aware": false, "Join Type": "Inner", "Startup Cost": 3632.5, "Total Cost": 46510.69, "Plan Rows": 87, "Plan Width": 20, "Inner Unique": true, "Hash Cond": "(mk.keyword_id = k.id)", "Plans": [{"Node Type": "Seq Scan", "Parent Relationship": "Outer", "Parallel Aware": true, "Relation Name": "movie_keyword", "Alias": "mk", "Startup Cost": 0.0, "Total Cost": 39047.32, "Plan Rows": 1459332, "Plan Width": 8}, {"Node Type": "Hash", "Parent Relationship": "Inner", "Parallel Aware": false, "Startup Cost": 3632.4, "Total Cost": 3632.4, "Plan Rows": 8, "Plan Width": 20, "Plans": [{"Node Type": "Seq Scan", "Parent Relationship": "Outer", "Parallel Aware": false, "Relation Name": "keyword", "Alias": "k", "Startup Cost": 0.0, "Total Cost": 3632.4, "Plan Rows": 8, "Plan Width": 20, "Filter": "(keyword = ANY ('{superhero,sequel,second-part,marvel-comics,based-on-comic,tv-special,fight,violence}'::text[]))"}]}]}]}]}]}]}]}]}]}}, {"Plan": {"Node Type": "Aggregate", "Strategy": "Plain", "Partial Mode": "Simple", "Parallel Aware": false, "Startup Cost": 1061994.92, "Total Cost": 1061994.93, "Plan Rows": 1, "Plan Width": 96, "Plans": [{"Node Type": "Merge Join", "Parent Relationship": "Outer", "Parallel Aware": false, "Join Type": "Inner", "Startup Cost": 968332.31, "Total Cost": 1061994.92, "Plan Rows": 1, "Plan Width": 48, "Inner Unique": false, "Merge Cond": "(t.id = mk.movie_id)", "Plans": [{"Node Type": "Gather Merge", "Parent Relationship": "Outer", "Parallel Aware": false, "Startup Cost": 877929.42, "Total Cost": 971681.08, "Plan Rows": 1967, "Plan Width": 40, "Workers Planned": 3, "Plans": [{"Node Type": "Merge Join", "Parent Relationship": "Outer", "Parallel Aware": false, "Join Type": "Inner", "Startup Cost": 876929.38, "Total Cost": 970449.91, "Plan Rows": 635, "Plan Width": 40, "Inner Unique": true, "Merge Cond": "(ci.movie_id = t.id)", "Plans": [{"Node Type": "Sort", "Parent Relationship": "Outer", "Parallel Aware": false, "Startup Cost": 876928.95, "Total Cost": 876931.87, "Plan Rows": 1169, "Plan Width": 19, "Sort Key": ["ci.movie_id"], "Plans": [{"Node Type": "Merge Join", "Parent Relationship": "Outer", "Parallel Aware": false, "Join Type": "Inner", "Startup Cost": 0.99, "Total Cost": 876869.38, "Plan Rows": 1169, "Plan Width": 19, "Inner Unique": true, "Merge Cond": "(ci.person_id = n.id)", "Plans": [{"Node Type": "Index Scan", "Parent Relationship": "Outer", "Parallel Aware": true, "Scan Direction": "Forward", "Index Name": "person_id_cast_info", "Relation Name": "cast_info", "Alias": "ci", "Startup Cost": 0.56, "Total Cost": 706081.3, "Plan Rows": 11679112, "Plan Width": 8}, {"Node Type": "Index Scan", "Parent Relationship": "Inner", "Parallel Aware": false, "Scan Direction": "Forward", "Index Name": "name_pkey", "Relation Name": "name", "Alias": "n", "Startup Cost": 0.43, "Total Cost": 145056.15, "Plan Rows": 417, "Plan Width": 19, "Filter": "(name ~~ '%Downey%Robert%'::text)"}]}]}, {"Node Type": "Index Scan", "Parent Relationship": "Inner", "Parallel Aware": false, "Scan Direction": "Forward", "Index Name": "title_pkey", "Relation Name": "title", "Alias": "t", "Startup Cost": 0.43, "Total Cost": 90159.07, "Plan Rows": 1372743, "Plan Width": 21, "Filter": "(production_year > 2000)"}]}]}, {"Node Type": "Sort", "Parent Relationship": "Inner", "Parallel Aware": false, "Startup Cost": 90402.89, "Total Cost": 90403.57, "Plan Rows": 270, "Plan Width": 20, "Sort Key": ["mk.movie_id"], "Plans": [{"Node Type": "Gather", "Parent Relationship": "Outer", "Parallel Aware": false, "Startup Cost": 1523.41, "Total Cost": 90391.99, "Plan Rows": 270, "Plan Width": 20, "Workers Planned": 3, "Single Copy": false, "Plans": [{"Node Type": "Merge Join", "Parent Relationship": "Outer", "Parallel Aware": false, "Join Type": "Inner", "Startup Cost": 523.41, "Total Cost": 89364.99, "Plan Rows": 87, "Plan Width": 20, "Inner Unique": true, "Merge Cond": "(mk.keyword_id = k.id)", "Plans": [{"Node Type": "Index Scan", "Parent Relationship": "Outer", "Parallel Aware": true, "Scan Direction": "Forward", "Index Name": "keyword_id_movie_keyword", "Relation Name": "movie_keyword", "Alias": "mk", "Startup Cost": 0.43, "Total Cost": 80857.68, "Plan Rows": 1459332, "Plan Width": 8}, {"Node Type": "Index Scan", "Parent Relationship": "Inner", "Parallel Aware": false, "Scan Direction": "Forward", "Index Name": "keyword_pkey", "Relation Name": "keyword", "Alias": "k", "Startup Cost": 0.42, "Total Cost": 4858.09, "Plan Rows": 8, "Plan Width": 20, "Filter": "(keyword = ANY ('{superhero,sequel,second-part,marvel-comics,based-on-comic,tv-special,fight,violence}'::text[]))"}]}]}]}]}]}}, {"Plan": {"Node Type": "Aggregate", "Strategy": "Plain", "Partial Mode": "Simple", "Parallel Aware": false, "Startup Cost": 10600.12, "Total Cost": 10600.13, "Plan Rows": 1, "Plan Width": 96, "Plans": [{"Node Type": "Nested Loop", "Parent Relationship": "Outer", "Parallel Aware": false, "Join Type": "Inner", "Startup Cost": 2.28, "Total Cost": 10600.11, "Plan Rows": 1, "Plan Width": 48, "Inner Unique": true, "Plans": [{"Node Type": "Nested Loop", "Parent Relationship": "Outer", "Parallel Aware": false, "Join Type": "Inner", "Startup Cost": 1.85, "Total Cost": 7880.45, "Plan Rows": 6015, "Plan Width": 37, "Inner Unique": false, "Join Filter": "(t.id = ci.movie_id)", "Plans": [{"Node Type": "Nested Loop", "Parent Relationship": "Outer", "Parallel Aware": false, "Join Type": "Inner", "Startup Cost": 1.28, "Total Cost": 7602.9, "Plan Rows": 147, "Plan Width": 41, "Inner Unique": true, "Plans": [{"Node Type": "Nested Loop", "Parent Relationship": "Outer", "Parallel Aware": false, "Join Type": "Inner", "Startup Cost": 0.85, "Total Cost": 7478.45, "Plan Rows": 270, "Plan Width": 20, "Inner Unique": false, "Plans": [{"Node Type": "Index Scan", "Parent Relationship": "Outer", "Parallel Aware": false, "Scan Direction": "Forward", "Index Name": "keyword_pkey", "Relation Name": "keyword", "Alias": "k", "Startup Cost": 0.42, "Total Cost": 4858.09, "Plan Rows": 8, "Plan Width": 20, "Filter": "(keyword = ANY ('{superhero,sequel,second-part,marvel-comics,based-on-comic,tv-special,fight,violence}'::text[]))"}, {"Node Type": "Index Scan", "Parent Relationship": "Inner", "Parallel Aware": false, "Scan Direction": "Forward", "Index Name": "keyword_id_movie_keyword", "Relation Name": "movie_keyword", "Alias": "mk", "Startup Cost": 0.43, "Total Cost": 324.52, "Plan Rows": 302, "Plan Width": 8, "Index Cond": "(keyword_id = k.id)"}]}, {"Node Type": "Index Scan", "Parent Relationship": "Inner", "Parallel Aware": false, "Scan Direction": "Forward", "Index Name": "title_pkey", "Relation Name": "title", "Alias": "t", "Startup Cost": 0.43, "Total Cost": 0.46, "Plan Rows": 1, "Plan Width": 21, "Index Cond": "(id = mk.movie_id)", "Filter": "(production_year > 2000)"}]}, {"Node Type": "Index Scan", "Parent Relationship": "Inner", "Parallel Aware": false, "Scan Direction": "Forward", "Index Name": "movie_id_cast_info", "Relation Name": "cast_info", "Alias": "ci", "Startup Cost": 0.56, "Total Cost": 1.38, "Plan Rows": 41, "Plan Width": 8, "Index Cond": "(movie_id = mk.movie_id)"}]}, {"Node Type": "Index Scan", "Parent Relationship": "Inner", "Parallel Aware": false, "Scan Direction": "Forward", "Index Name": "name_pkey", "Relation Name": "name", "Alias": "n", "Startup Cost": 0.43, "Total Cost": 0.45, "Plan Rows": 1, "Plan Width": 19, "Index Cond": "(id = ci.person_id)", "Filter": "(name ~~ '%Downey%Robert%'::text)"}]}]}}, {"Plan": {"Node Type": "Aggregate", "Strategy": "Plain", "Partial Mode": "Simple", "Parallel Aware": false, "Startup Cost": 9374.42, "Total Cost": 9374.43, "Plan Rows": 1, "Plan Width": 96, "Plans": [{"Node Type": "Nested Loop", "Parent Relationship": "Outer", "Parallel Aware": false, "Join Type": "Inner", "Startup Cost": 1.86, "Total Cost": 9374.42, "Plan Rows": 1, "Plan Width": 48, "Inner Unique": true, "Plans": [{"Node Type": "Nested Loop", "Parent Relationship": "Outer", "Parallel Aware": false, "Join Type": "Inner", "Startup Cost": 1.43, "Total Cost": 6654.76, "Plan Rows": 6015, "Plan Width": 37, "Inner Unique": false, "Join Filter": "(t.id = ci.movie_id)", "Plans": [{"Node Type": "Nested Loop", "Parent Relationship": "Outer", "Parallel Aware": false, "Join Type": "Inner", "Startup Cost": 0.86, "Total Cost": 6377.21, "Plan Rows": 147, "Plan Width": 41, "Inner Unique": true, "Plans": [{"Node Type": "Nested Loop", "Parent Relationship": "Outer", "Parallel Aware": false, "Join Type": "Inner", "Startup Cost": 0.43, "Total Cost": 6252.76, "Plan Rows": 270, "Plan Width": 20, "Inner Unique": false, "Plans": [{"Node Type": "Seq Scan", "Parent Relationship": "Outer", "Parallel Aware": false, "Relation Name": "keyword", "Alias": "k", "Startup Cost": 0.0, "Total Cost": 3632.4, "Plan Rows": 8, "Plan Width": 20, "Filter": "(keyword = ANY ('{superhero,sequel,second-part,marvel-comics,based-on-comic,tv-special,fight,violence}'::text[]))"}, {"Node Type": "Index Scan", "Parent Relationship": "Inner", "Parallel Aware": false, "Scan Direction": "Forward", "Index Name": "keyword_id_movie_keyword", "Relation Name": "movie_keyword", "Alias": "mk", "Startup Cost": 0.43, "Total Cost": 324.52, "Plan Rows": 302, "Plan Width": 8, "Index Cond": "(keyword_id = k.id)"}]}, {"Node Type": "Index Scan", "Parent Relationship": "Inner", "Parallel Aware": false, "Scan Direction": "Forward", "Index Name": "title_pkey", "Relation Name": "title", "Alias": "t", "Startup Cost": 0.43, "Total Cost": 0.46, "Plan Rows": 1, "Plan Width": 21, "Index Cond": "(id = mk.movie_id)", "Filter": "(production_year > 2000)"}]}, {"Node Type": "Index Scan", "Parent Relationship": "Inner", "Parallel Aware": false, "Scan Direction": "Forward", "Index Name": "movie_id_cast_info", "Relation Name": "cast_info", "Alias": "ci", "Startup Cost": 0.56, "Total Cost": 1.38, "Plan Rows": 41, "Plan Width": 8, "Index Cond": "(movie_id = mk.movie_id)"}]}, {"Node Type": "Index Scan", "Parent Relationship": "Inner", "Parallel Aware": false, "Scan Direction": "Forward", "Index Name": "name_pkey", "Relation Name": "name", "Alias": "n", "Startup Cost": 0.43, "Total Cost": 0.45, "Plan Rows": 1, "Plan Width": 19, "Index Cond": "(id = ci.person_id)", "Filter": "(name ~~ '%Downey%Robert%'::text)"}]}]}}, {"Plan": {"Node Type": "Aggregate", "Strategy": "Plain", "Partial Mode": "Simple", "Parallel Aware": false, "Startup Cost": 1027228.71, "Total Cost": 1027228.72, "Plan Rows": 1, "Plan Width": 96, "Plans": [{"Node Type": "Merge Join", "Parent Relationship": "Outer", "Parallel Aware": false, "Join Type": "Inner", "Startup Cost": 933771.42, "Total Cost": 1027228.7, "Plan Rows": 1, "Plan Width": 48, "Inner Unique": false, "Merge Cond": "(t.id = mk.movie_id)", "Plans": [{"Node Type": "Merge Join", "Parent Relationship": "Outer", "Parallel Aware": false, "Join Type": "Inner", "Startup Cost": 844594.08, "Total Cost": 938140.21, "Plan Rows": 1967, "Plan Width": 40, "Inner Unique": false, "Merge Cond": "(t.id = ci.movie_id)", "Plans": [{"Node Type": "Index Scan", "Parent Relationship": "Outer", "Parallel Aware": false, "Scan Direction": "Forward", "Index Name": "title_pkey", "Relation Name": "title", "Alias": "t", "Startup Cost": 0.43, "Total Cost": 90159.07, "Plan Rows": 1372743, "Plan Width": 21, "Filter": "(production_year > 2000)"}, {"Node Type": "Sort", "Parent Relationship": "Inner", "Parallel Aware": false, "Startup Cost": 844593.65, "Total Cost": 844602.71, "Plan Rows": 3623, "Plan Width": 19, "Sort Key": ["ci.movie_id"], "Plans": [{"Node Type": "Gather", "Parent Relationship": "Outer", "Parallel Aware": false, "Startup Cost": 108724.94, "Total Cost": 844379.48, "Plan Rows": 3623, "Plan Width": 19, "Workers Planned": 3, "Single Copy": false, "Plans": [{"Node Type": "Merge Join", "Parent Relationship": "Outer", "Parallel Aware": false, "Join Type": "Inner", "Startup Cost": 107724.94, "Total Cost": 843017.18, "Plan Rows": 1169, "Plan Width": 19, "Inner Unique": true, "Merge Cond": "(ci.person_id = n.id)", "Plans": [{"Node Type": "Index Scan", "Parent Relationship": "Outer", "Parallel Aware": true, "Scan Direction": "Forward", "Index Name": "person_id_cast_info", "Relation Name": "cast_info", "Alias": "ci", "Startup Cost": 0.56, "Total Cost": 706081.3, "Plan Rows": 11679112, "Plan Width": 8}, {"Node Type": "Sort", "Parent Relationship": "Inner", "Parallel Aware": false, "Startup Cost": 107724.37, "Total Cost": 107725.42, "Plan Rows": 417, "Plan Width": 19, "Sort Key": ["n.id"], "Plans": [{"Node Type": "Seq Scan", "Parent Relationship": "Outer", "Parallel Aware": false, "Relation Name": "name", "Alias": "n", "Startup Cost": 0.0, "Total Cost": 107706.23, "Plan Rows": 417, "Plan Width": 19, "Filter": "(name ~~ '%Downey%Robert%'::text)"}]}]}]}]}]}, {"Node Type": "Sort", "Parent Relationship": "Inner", "Parallel Aware": false, "Startup Cost": 89177.34, "Total Cost": 89178.01, "Plan Rows": 270, "Plan Width": 20, "Sort Key": ["mk.movie_id"], "Plans": [{"Node Type": "Gather", "Parent Relationship": "Outer", "Parallel Aware": false, "Startup Cost": 5155.51, "Total Cost": 89166.44, "Plan Rows": 270, "Plan Width": 20, "Workers Planned": 3, "Single Copy": false, "Plans": [{"Node Type": "Merge Join", "Parent Relationship": "Outer", "Parallel Aware": false, "Join Type": "Inner", "Startup Cost": 4155.51, "Total Cost": 88139.44, "Plan Rows": 87, "Plan Width": 20, "Inner Unique": true, "Merge Cond": "(mk.keyword_id = k.id)", "Plans": [{"Node Type": "Index Scan", "Parent Relationship": "Outer", "Parallel Aware": true, "Scan Direction": "Forward", "Index Name": "keyword_id_movie_keyword", "Relation Name": "movie_keyword", "Alias": "mk", "Startup Cost": 0.43, "Total Cost": 80857.68, "Plan Rows": 1459332, "Plan Width": 8}, {"Node Type": "Sort", "Parent Relationship": "Inner", "Parallel Aware": false, "Startup Cost": 3632.52, "Total Cost": 3632.54, "Plan Rows": 8, "Plan Width": 20, "Sort Key": ["k.id"], "Plans": [{"Node Type": "Seq Scan", "Parent Relationship": "Outer", "Parallel Aware": false, "Relation Name": "keyword", "Alias": "k", "Startup Cost": 0.0, "Total Cost": 3632.4, "Plan Rows": 8, "Plan Width": 20, "Filter": "(keyword = ANY ('{superhero,sequel,second-part,marvel-comics,based-on-comic,tv-special,fight,violence}'::text[]))"}]}]}]}]}]}]}}, {"Plan": {"Node Type": "Aggregate", "Strategy": "Plain", "Partial Mode": "Simple", "Parallel Aware": false, "Startup Cost": 10600.12, "Total Cost": 10600.13, "Plan Rows": 1, "Plan Width": 96, "Plans": [{"Node Type": "Nested Loop", "Parent Relationship": "Outer", "Parallel Aware": false, "Join Type": "Inner", "Startup Cost": 2.28, "Total Cost": 10600.11, "Plan Rows": 1, "Plan Width": 48, "Inner Unique": true, "Plans": [{"Node Type": "Nested Loop", "Parent Relationship": "Outer", "Parallel Aware": false, "Join Type": "Inner", "Startup Cost": 1.85, "Total Cost": 7880.45, "Plan Rows": 6015, "Plan Width": 37, "Inner Unique": false, "Join Filter": "(t.id = ci.movie_id)", "Plans": [{"Node Type": "Nested Loop", "Parent Relationship": "Outer", "Parallel Aware": false, "Join Type": "Inner", "Startup Cost": 1.28, "Total Cost": 7602.9, "Plan Rows": 147, "Plan Width": 41, "Inner Unique": true, "Plans": [{"Node Type": "Nested Loop", "Parent Relationship": "Outer", "Parallel Aware": false, "Join Type": "Inner", "Startup Cost": 0.85, "Total Cost": 7478.45, "Plan Rows": 270, "Plan Width": 20, "Inner Unique": false, "Plans": [{"Node Type": "Index Scan", "Parent Relationship": "Outer", "Parallel Aware": false, "Scan Direction": "Forward", "Index Name": "keyword_pkey", "Relation Name": "keyword", "Alias": "k", "Startup Cost": 0.42, "Total Cost": 4858.09, "Plan Rows": 8, "Plan Width": 20, "Filter": "(keyword = ANY ('{superhero,sequel,second-part,marvel-comics,based-on-comic,tv-special,fight,violence}'::text[]))"}, {"Node Type": "Index Scan", "Parent Relationship": "Inner", "Parallel Aware": false, "Scan Direction": "Forward", "Index Name": "keyword_id_movie_keyword", "Relation Name": "movie_keyword", "Alias": "mk", "Startup Cost": 0.43, "Total Cost": 324.52, "Plan Rows": 302, "Plan Width": 8, "Index Cond": "(keyword_id = k.id)"}]}, {"Node Type": "Index Scan", "Parent Relationship": "Inner", "Parallel Aware": false, "Scan Direction": "Forward", "Index Name": "title_pkey", "Relation Name": "title", "Alias": "t", "Startup Cost": 0.43, "Total Cost": 0.46, "Plan Rows": 1, "Plan Width": 21, "Index Cond": "(id = mk.movie_id)", "Filter": "(production_year > 2000)"}]}, {"Node Type": "Index Scan", "Parent Relationship": "Inner", "Parallel Aware": false, "Scan Direction": "Forward", "Index Name": "movie_id_cast_info", "Relation Name": "cast_info", "Alias": "ci", "Startup Cost": 0.56, "Total Cost": 1.38, "Plan Rows": 41, "Plan Width": 8, "Index Cond": "(movie_id = mk.movie_id)"}]}, {"Node Type": "Index Scan", "Parent Relationship": "Inner", "Parallel Aware": false, "Scan Direction": "Forward", "Index Name": "name_pkey", "Relation Name": "name", "Alias": "n", "Startup Cost": 0.43, "Total Cost": 0.45, "Plan Rows": 1, "Plan Width": 19, "Index Cond": "(id = ci.person_id)", "Filter": "(name ~~ '%Downey%Robert%'::text)"}]}]}}, {"Plan": {"Node Type": "Aggregate", "Strategy": "Plain", "Partial Mode": "Simple", "Parallel Aware": false, "Startup Cost": 9374.42, "Total Cost": 9374.43, "Plan Rows": 1, "Plan Width": 96, "Plans": [{"Node Type": "Nested Loop", "Parent Relationship": "Outer", "Parallel Aware": false, "Join Type": "Inner", "Startup Cost": 1.86, "Total Cost": 9374.42, "Plan Rows": 1, "Plan Width": 48, "Inner Unique": true, "Plans": [{"Node Type": "Nested Loop", "Parent Relationship": "Outer", "Parallel Aware": false, "Join Type": "Inner", "Startup Cost": 1.43, "Total Cost": 6654.76, "Plan Rows": 6015, "Plan Width": 37, "Inner Unique": false, "Join Filter": "(t.id = ci.movie_id)", "Plans": [{"Node Type": "Nested Loop", "Parent Relationship": "Outer", "Parallel Aware": false, "Join Type": "Inner", "Startup Cost": 0.86, "Total Cost": 6377.21, "Plan Rows": 147, "Plan Width": 41, "Inner Unique": true, "Plans": [{"Node Type": "Nested Loop", "Parent Relationship": "Outer", "Parallel Aware": false, "Join Type": "Inner", "Startup Cost": 0.43, "Total Cost": 6252.76, "Plan Rows": 270, "Plan Width": 20, "Inner Unique": false, "Plans": [{"Node Type": "Seq Scan", "Parent Relationship": "Outer", "Parallel Aware": false, "Relation Name": "keyword", "Alias": "k", "Startup Cost": 0.0, "Total Cost": 3632.4, "Plan Rows": 8, "Plan Width": 20, "Filter": "(keyword = ANY ('{superhero,sequel,second-part,marvel-comics,based-on-comic,tv-special,fight,violence}'::text[]))"}, {"Node Type": "Index Scan", "Parent Relationship": "Inner", "Parallel Aware": false, "Scan Direction": "Forward", "Index Name": "keyword_id_movie_keyword", "Relation Name": "movie_keyword", "Alias": "mk", "Startup Cost": 0.43, "Total Cost": 324.52, "Plan Rows": 302, "Plan Width": 8, "Index Cond": "(keyword_id = k.id)"}]}, {"Node Type": "Index Scan", "Parent Relationship": "Inner", "Parallel Aware": false, "Scan Direction": "Forward", "Index Name": "title_pkey", "Relation Name": "title", "Alias": "t", "Startup Cost": 0.43, "Total Cost": 0.46, "Plan Rows": 1, "Plan Width": 21, "Index Cond": "(id = mk.movie_id)", "Filter": "(production_year > 2000)"}]}, {"Node Type": "Index Scan", "Parent Relationship": "Inner", "Parallel Aware": false, "Scan Direction": "Forward", "Index Name": "movie_id_cast_info", "Relation Name": "cast_info", "Alias": "ci", "Startup Cost": 0.56, "Total Cost": 1.38, "Plan Rows": 41, "Plan Width": 8, "Index Cond": "(movie_id = mk.movie_id)"}]}, {"Node Type": "Index Scan", "Parent Relationship": "Inner", "Parallel Aware": false, "Scan Direction": "Forward", "Index Name": "name_pkey", "Relation Name": "name", "Alias": "n", "Startup Cost": 0.43, "Total Cost": 0.45, "Plan Rows": 1, "Plan Width": 19, "Index Cond": "(id = ci.person_id)", "Filter": "(name ~~ '%Downey%Robert%'::text)"}]}]}}, {"Plan": {"Node Type": "Aggregate", "Strategy": "Plain", "Partial Mode": "Simple", "Parallel Aware": false, "Startup Cost": 50007147382.59, "Total Cost": 50007147382.6, "Plan Rows": 1, "Plan Width": 96, "Plans": [{"Node Type": "Nested Loop", "Parent Relationship": "Outer", "Parallel Aware": false, "Join Type": "Inner", "Startup Cost": 50000000002.65, "Total Cost": 50007147382.58, "Plan Rows": 1, "Plan Width": 48, "Inner Unique": true, "Join Filter": "(mk.movie_id = t.id)", "Plans": [{"Node Type": "Nested Loop", "Parent Relationship": "Outer", "Parallel Aware": false, "Join Type": "Inner", "Startup Cost": 40000000002.21, "Total Cost": 40007147381.02, "Plan Rows": 1, "Plan Width": 39, "Inner Unique": true, "Plans": [{"Node Type": "Nested Loop", "Parent Relationship": "Outer", "Parallel Aware": false, "Join Type": "Inner", "Startup Cost": 30000000001.77, "Total Cost": 30007130174.6, "Plan Rows": 11078, "Plan Width": 28, "Inner Unique": false, "Plans": [{"Node Type": "Nested Loop", "Parent Relationship": "Outer", "Parallel Aware": false, "Join Type": "Inner", "Startup Cost": 20000000000.86, "Total Cost": 20007129381.64, "Plan Rows": 270, "Plan Width": 20, "Inner Unique": true, "Plans": [{"Node Type": "Index Scan", "Parent Relationship": "Outer", "Parallel Aware": false, "Scan Direction": "Forward", "Index Name": "movie_id_movie_keyword", "Relation Name": "movie_keyword", "Alias": "mk", "Startup Cost": 10000000000.43, "Total Cost": 10000115635.46, "Plan Rows": 4523930, "Plan Width": 8}, {"Node Type": "Bitmap Heap Scan", "Parent Relationship": "Inner", "Parallel Aware": false, "Relation Name": "keyword", "Alias": "k", "Startup Cost": 0.43, "Total Cost": 1.55, "Plan Rows": 1, "Plan Width": 20, "Recheck Cond": "(id = mk.keyword_id)", "Filter": "(keyword = ANY ('{superhero,sequel,second-part,marvel-comics,based-on-comic,tv-special,fight,violence}'::text[]))", "Plans": [{"Node Type": "Bitmap Index Scan", "Parent Relationship": "Outer", "Parallel Aware": false, "Index Name": "keyword_pkey", "Startup Cost": 0.0, "Total Cost": 0.43, "Plan Rows": 1, "Plan Width": 0, "Index Cond": "(id = mk.keyword_id)"}]}]}, {"Node Type": "Bitmap Heap Scan", "Parent Relationship": "Inner", "Parallel Aware": false, "Relation Name": "cast_info", "Alias": "ci", "Startup Cost": 0.91, "Total Cost": 2.53, "Plan Rows": 41, "Plan Width": 8, "Recheck Cond": "(movie_id = mk.movie_id)", "Plans": [{"Node Type": "Bitmap Index Scan", "Parent Relationship": "Outer", "Parallel Aware": false, "Index Name": "movie_id_cast_info", "Startup Cost": 0.0, "Total Cost": 0.9, "Plan Rows": 41, "Plan Width": 0, "Index Cond": "(movie_id = mk.movie_id)"}]}]}, {"Node Type": "Bitmap Heap Scan", "Parent Relationship": "Inner", "Parallel Aware": false, "Relation Name": "name", "Alias": "n", "Startup Cost": 0.44, "Total Cost": 1.55, "Plan Rows": 1, "Plan Width": 19, "Recheck Cond": "(id = ci.person_id)", "Filter": "(name ~~ '%Downey%Robert%'::text)", "Plans": [{"Node Type": "Bitmap Index Scan", "Parent Relationship": "Outer", "Parallel Aware": false, "Index Name": "name_pkey", "Startup Cost": 0.0, "Total Cost": 0.44, "Plan Rows": 1, "Plan Width": 0, "Index Cond": "(id = ci.person_id)"}]}]}, {"Node Type": "Bitmap Heap Scan", "Parent Relationship": "Inner", "Parallel Aware": false, "Relation Name": "title", "Alias": "t", "Startup Cost": 0.44, "Total Cost": 1.55, "Plan Rows": 1, "Plan Width": 21, "Recheck Cond": "(id = ci.movie_id)", "Filter": "(production_year > 2000)", "Plans": [{"Node Type": "Bitmap Index Scan", "Parent Relationship": "Outer", "Parallel Aware": false, "Index Name": "title_pkey", "Startup Cost": 0.0, "Total Cost": 0.44, "Plan Rows": 1, "Plan Width": 0, "Index Cond": "(id = ci.movie_id)"}]}]}]}}, {"Plan": {"Node Type": "Aggregate", "Strategy": "Plain", "Partial Mode": "Simple", "Parallel Aware": false, "Startup Cost": 10007139586.42, "Total Cost": 10007139586.43, "Plan Rows": 1, "Plan Width": 96, "Plans": [{"Node Type": "Nested Loop", "Parent Relationship": "Outer", "Parallel Aware": false, "Join Type": "Inner", "Startup Cost": 10000000002.73, "Total Cost": 10007139586.41, "Plan Rows": 1, "Plan Width": 48, "Inner Unique": true, "Plans": [{"Node Type": "Nested Loop", "Parent Relationship": "Outer", "Parallel Aware": false, "Join Type": "Inner", "Startup Cost": 10000000002.29, "Total Cost": 10007130243.87, "Plan Rows": 6015, "Plan Width": 37, "Inner Unique": false, "Plans": [{"Node Type": "Nested Loop", "Parent Relationship": "Outer", "Parallel Aware": false, "Join Type": "Inner", "Startup Cost": 10000000001.3, "Total Cost": 10007129801.47, "Plan Rows": 147, "Plan Width": 41, "Inner Unique": true, "Plans": [{"Node Type": "Nested Loop", "Parent Relationship": "Outer", "Parallel Aware": false, "Join Type": "Inner", "Startup Cost": 10000000000.86, "Total Cost": 10007129381.64, "Plan Rows": 270, "Plan Width": 20, "Inner Unique": true, "Plans": [{"Node Type": "Index Scan", "Parent Relationship": "Outer", "Parallel Aware": false, "Scan Direction": "Forward", "Index Name": "movie_id_movie_keyword", "Relation Name": "movie_keyword", "Alias": "mk", "Startup Cost": 10000000000.43, "Total Cost": 10000115635.46, "Plan Rows": 4523930, "Plan Width": 8}, {"Node Type": "Bitmap Heap Scan", "Parent Relationship": "Inner", "Parallel Aware": false, "Relation Name": "keyword", "Alias": "k", "Startup Cost": 0.43, "Total Cost": 1.55, "Plan Rows": 1, "Plan Width": 20, "Recheck Cond": "(id = mk.keyword_id)", "Filter": "(keyword = ANY ('{superhero,sequel,second-part,marvel-comics,based-on-comic,tv-special,fight,violence}'::text[]))", "Plans": [{"Node Type": "Bitmap Index Scan", "Parent Relationship": "Outer", "Parallel Aware": false, "Index Name": "keyword_pkey", "Startup Cost": 0.0, "Total Cost": 0.43, "Plan Rows": 1, "Plan Width": 0, "Index Cond": "(id = mk.keyword_id)"}]}]}, {"Node Type": "Bitmap Heap Scan", "Parent Relationship": "Inner", "Parallel Aware": false, "Relation Name": "title", "Alias": "t", "Startup Cost": 0.44, "Total Cost": 1.55, "Plan Rows": 1, "Plan Width": 21, "Recheck Cond": "(id = mk.movie_id)", "Filter": "(production_year > 2000)", "Plans": [{"Node Type": "Bitmap Index Scan", "Parent Relationship": "Outer", "Parallel Aware": false, "Index Name": "title_pkey", "Startup Cost": 0.0, "Total Cost": 0.44, "Plan Rows": 1, "Plan Width": 0, "Index Cond": "(id = mk.movie_id)"}]}]}, {"Node Type": "Bitmap Heap Scan", "Parent Relationship": "Inner", "Parallel Aware": false, "Relation Name": "cast_info", "Alias": "ci", "Startup Cost": 0.99, "Total Cost": 2.6, "Plan Rows": 41, "Plan Width": 8, "Recheck Cond": "(movie_id = t.id)", "Plans": [{"Node Type": "Bitmap Index Scan", "Parent Relationship": "Outer", "Parallel Aware": false, "Index Name": "movie_id_cast_info", "Startup Cost": 0.0, "Total Cost": 0.98, "Plan Rows": 41, "Plan Width": 0, "Index Cond": "(movie_id = t.id)"}]}]}, {"Node Type": "Bitmap Heap Scan", "Parent Relationship": "Inner", "Parallel Aware": false, "Relation Name": "name", "Alias": "n", "Startup Cost": 0.44, "Total Cost": 1.55, "Plan Rows": 1, "Plan Width": 19, "Recheck Cond": "(id = ci.person_id)", "Filter": "(name ~~ '%Downey%Robert%'::text)", "Plans": [{"Node Type": "Bitmap Index Scan", "Parent Relationship": "Outer", "Parallel Aware": false, "Index Name": "name_pkey", "Startup Cost": 0.0, "Total Cost": 0.44, "Plan Rows": 1, "Plan Width": 0, "Index Cond": "(id = ci.person_id)"}]}]}]}}, {"Plan": {"Node Type": "Aggregate", "Strategy": "Plain", "Partial Mode": "Simple", "Parallel Aware": false, "Startup Cost": 16445.11, "Total Cost": 16445.12, "Plan Rows": 1, "Plan Width": 96, "Plans": [{"Node Type": "Nested Loop", "Parent Relationship": "Outer", "Parallel Aware": false, "Join Type": "Inner", "Startup Cost": 6.77, "Total Cost": 16445.1, "Plan Rows": 1, "Plan Width": 48, "Inner Unique": true, "Plans": [{"Node Type": "Nested Loop", "Parent Relationship": "Outer", "Parallel Aware": false, "Join Type": "Inner", "Startup Cost": 6.33, "Total Cost": 7102.56, "Plan Rows": 6015, "Plan Width": 37, "Inner Unique": false, "Join Filter": "(t.id = ci.movie_id)", "Plans": [{"Node Type": "Nested Loop", "Parent Relationship": "Outer", "Parallel Aware": false, "Join Type": "Inner", "Startup Cost": 5.41, "Total Cost": 6655.77, "Plan Rows": 147, "Plan Width": 41, "Inner Unique": true, "Plans": [{"Node Type": "Nested Loop", "Parent Relationship": "Outer", "Parallel Aware": false, "Join Type": "Inner", "Startup Cost": 4.97, "Total Cost": 6235.94, "Plan Rows": 270, "Plan Width": 20, "Inner Unique": false, "Plans": [{"Node Type": "Seq Scan", "Parent Relationship": "Outer", "Parallel Aware": false, "Relation Name": "keyword", "Alias": "k", "Startup Cost": 0.0, "Total Cost": 3632.4, "Plan Rows": 8, "Plan Width": 20, "Filter": "(keyword = ANY ('{superhero,sequel,second-part,marvel-comics,based-on-comic,tv-special,fight,violence}'::text[]))"}, {"Node Type": "Bitmap Heap Scan", "Parent Relationship": "Inner", "Parallel Aware": false, "Relation Name": "movie_keyword", "Alias": "mk", "Startup Cost": 4.97, "Total Cost": 322.42, "Plan Rows": 302, "Plan Width": 8, "Recheck Cond": "(keyword_id = k.id)", "Plans": [{"Node Type": "Bitmap Index Scan", "Parent Relationship": "Outer", "Parallel Aware": false, "Index Name": "keyword_id_movie_keyword", "Startup Cost": 0.0, "Total Cost": 4.9, "Plan Rows": 302, "Plan Width": 0, "Index Cond": "(keyword_id = k.id)"}]}]}, {"Node Type": "Bitmap Heap Scan", "Parent Relationship": "Inner", "Parallel Aware": false, "Relation Name": "title", "Alias": "t", "Startup Cost": 0.44, "Total Cost": 1.55, "Plan Rows": 1, "Plan Width": 21, "Recheck Cond": "(id = mk.movie_id)", "Filter": "(production_year > 2000)", "Plans": [{"Node Type": "Bitmap Index Scan", "Parent Relationship": "Outer", "Parallel Aware": false, "Index Name": "title_pkey", "Startup Cost": 0.0, "Total Cost": 0.44, "Plan Rows": 1, "Plan Width": 0, "Index Cond": "(id = mk.movie_id)"}]}]}, {"Node Type": "Bitmap Heap Scan", "Parent Relationship": "Inner", "Parallel Aware": false, "Relation Name": "cast_info", "Alias": "ci", "Startup Cost": 0.91, "Total Cost": 2.53, "Plan Rows": 41, "Plan Width": 8, "Recheck Cond": "(movie_id = mk.movie_id)", "Plans": [{"Node Type": "Bitmap Index Scan", "Parent Relationship": "Outer", "Parallel Aware": false, "Index Name": "movie_id_cast_info", "Startup Cost": 0.0, "Total Cost": 0.9, "Plan Rows": 41, "Plan Width": 0, "Index Cond": "(movie_id = mk.movie_id)"}]}]}, {"Node Type": "Bitmap Heap Scan", "Parent Relationship": "Inner", "Parallel Aware": false, "Relation Name": "name", "Alias": "n", "Startup Cost": 0.44, "Total Cost": 1.55, "Plan Rows": 1, "Plan Width": 19, "Recheck Cond": "(id = ci.person_id)", "Filter": "(name ~~ '%Downey%Robert%'::text)", "Plans": [{"Node Type": "Bitmap Index Scan", "Parent Relationship": "Outer", "Parallel Aware": false, "Index Name": "name_pkey", "Startup Cost": 0.0, "Total Cost": 0.44, "Plan Rows": 1, "Plan Width": 0, "Index Cond": "(id = ci.person_id)"}]}]}]}}, {"Plan": {"Node Type": "Aggregate", "Strategy": "Plain", "Partial Mode": "Simple", "Parallel Aware": false, "Startup Cost": 2444421.66, "Total Cost": 2444421.67, "Plan Rows": 1, "Plan Width": 96, "Plans": [{"Node Type": "Merge Join", "Parent Relationship": "Outer", "Parallel Aware": false, "Join Type": "Inner", "Startup Cost": 2437321.59, "Total Cost": 2444421.65, "Plan Rows": 1, "Plan Width": 48, "Inner Unique": false, "Merge Cond": "(t.id = mk.movie_id)", "Plans": [{"Node Type": "Gather Merge", "Parent Relationship": "Outer", "Parallel Aware": false, "Startup Cost": 2225206.42, "Total Cost": 2232307.43, "Plan Rows": 1967, "Plan Width": 40, "Workers Planned": 3, "Plans": [{"Node Type": "Merge Join", "Parent Relationship": "Outer", "Parallel Aware": false, "Join Type": "Inner", "Startup Cost": 2224206.38, "Total Cost": 2231076.26, "Plan Rows": 635, "Plan Width": 40, "Inner Unique": true, "Merge Cond": "(ci.movie_id = t.id)", "Plans": [{"Node Type": "Sort", "Parent Relationship": "Outer", "Parallel Aware": false, "Startup Cost": 2000173.96, "Total Cost": 2000176.88, "Plan Rows": 1169, "Plan Width": 19, "Sort Key": ["ci.movie_id"], "Plans": [{"Node Type": "Merge Join", "Parent Relationship": "Outer", "Parallel Aware": false, "Join Type": "Inner", "Startup Cost": 1941705.11, "Total Cost": 2000114.39, "Plan Rows": 1169, "Plan Width": 19, "Inner Unique": true, "Merge Cond": "(ci.person_id = n.id)", "Plans": [{"Node Type": "Sort", "Parent Relationship": "Outer", "Parallel Aware": false, "Startup Cost": 1833980.73, "Total Cost": 1863178.51, "Plan Rows": 11679112, "Plan Width": 8, "Sort Key": ["ci.person_id"], "Plans": [{"Node Type": "Seq Scan", "Parent Relationship": "Outer", "Parallel Aware": true, "Relation Name": "cast_info", "Alias": "ci", "Startup Cost": 0.0, "Total Cost": 369478.12, "Plan Rows": 11679112, "Plan Width": 8}]}, {"Node Type": "Sort", "Parent Relationship": "Inner", "Parallel Aware": false, "Startup Cost": 107724.37, "Total Cost": 107725.42, "Plan Rows": 417, "Plan Width": 19, "Sort Key": ["n.id"], "Plans": [{"Node Type": "Seq Scan", "Parent Relationship": "Outer", "Parallel Aware": false, "Relation Name": "name", "Alias": "n", "Startup Cost": 0.0, "Total Cost": 107706.23, "Plan Rows": 417, "Plan Width": 19, "Filter": "(name ~~ '%Downey%Robert%'::text)"}]}]}]}, {"Node Type": "Sort", "Parent Relationship": "Inner", "Parallel Aware": false, "Startup Cost": 224032.42, "Total Cost": 227464.28, "Plan Rows": 1372743, "Plan Width": 21, "Sort Key": ["t.id"], "Plans": [{"Node Type": "Seq Scan", "Parent Relationship": "Outer", "Parallel Aware": false, "Relation Name": "title", "Alias": "t", "Startup Cost": 0.0, "Total Cost": 67600.48, "Plan Rows": 1372743, "Plan Width": 21, "Filter": "(production_year > 2000)"}]}]}]}, {"Node Type": "Sort", "Parent Relationship": "Inner", "Parallel Aware": false, "Startup Cost": 212115.17, "Total Cost": 212115.85, "Plan Rows": 270, "Plan Width": 20, "Sort Key": ["mk.movie_id"], "Plans": [{"Node Type": "Gather", "Parent Relationship": "Outer", "Parallel Aware": false, "Startup Cost": 204824.82, "Total Cost": 212104.27, "Plan Rows": 270, "Plan Width": 20, "Workers Planned": 3, "Single Copy": false, "Plans": [{"Node Type": "Merge Join", "Parent Relationship": "Outer", "Parallel Aware": false, "Join Type": "Inner", "Startup Cost": 203824.82, "Total Cost": 211077.27, "Plan Rows": 87, "Plan Width": 20, "Inner Unique": true, "Merge Cond": "(mk.keyword_id = k.id)", "Plans": [{"Node Type": "Sort", "Parent Relationship": "Outer", "Parallel Aware": false, "Startup Cost": 200147.18, "Total Cost": 203795.51, "Plan Rows": 1459332, "Plan Width": 8, "Sort Key": ["mk.keyword_id"], "Plans": [{"Node Type": "Seq Scan", "Parent Relationship": "Outer", "Parallel Aware": true, "Relation Name": "movie_keyword", "Alias": "mk", "Startup Cost": 0.0, "Total Cost": 39047.32, "Plan Rows": 1459332, "Plan Width": 8}]}, {"Node Type": "Sort", "Parent Relationship": "Inner", "Parallel Aware": false, "Startup Cost": 3632.52, "Total Cost": 3632.54, "Plan Rows": 8, "Plan Width": 20, "Sort Key": ["k.id"], "Plans": [{"Node Type": "Seq Scan", "Parent Relationship": "Outer", "Parallel Aware": false, "Relation Name": "keyword", "Alias": "k", "Startup Cost": 0.0, "Total Cost": 3632.4, "Plan Rows": 8, "Plan Width": 20, "Filter": "(keyword = ANY ('{superhero,sequel,second-part,marvel-comics,based-on-comic,tv-special,fight,violence}'::text[]))"}]}]}]}]}]}]}}, {"Plan": {"Node Type": "Aggregate", "Strategy": "Plain", "Partial Mode": "Simple", "Parallel Aware": false, "Startup Cost": 10007139586.42, "Total Cost": 10007139586.43, "Plan Rows": 1, "Plan Width": 96, "Plans": [{"Node Type": "Nested Loop", "Parent Relationship": "Outer", "Parallel Aware": false, "Join Type": "Inner", "Startup Cost": 10000000002.73, "Total Cost": 10007139586.41, "Plan Rows": 1, "Plan Width": 48, "Inner Unique": true, "Plans": [{"Node Type": "Nested Loop", "Parent Relationship": "Outer", "Parallel Aware": false, "Join Type": "Inner", "Startup Cost": 10000000002.29, "Total Cost": 10007130243.87, "Plan Rows": 6015, "Plan Width": 37, "Inner Unique": false, "Plans": [{"Node Type": "Nested Loop", "Parent Relationship": "Outer", "Parallel Aware": false, "Join Type": "Inner", "Startup Cost": 10000000001.3, "Total Cost": 10007129801.47, "Plan Rows": 147, "Plan Width": 41, "Inner Unique": true, "Plans": [{"Node Type": "Nested Loop", "Parent Relationship": "Outer", "Parallel Aware": false, "Join Type": "Inner", "Startup Cost": 10000000000.86, "Total Cost": 10007129381.64, "Plan Rows": 270, "Plan Width": 20, "Inner Unique": true, "Plans": [{"Node Type": "Index Scan", "Parent Relationship": "Outer", "Parallel Aware": false, "Scan Direction": "Forward", "Index Name": "movie_id_movie_keyword", "Relation Name": "movie_keyword", "Alias": "mk", "Startup Cost": 10000000000.43, "Total Cost": 10000115635.46, "Plan Rows": 4523930, "Plan Width": 8}, {"Node Type": "Bitmap Heap Scan", "Parent Relationship": "Inner", "Parallel Aware": false, "Relation Name": "keyword", "Alias": "k", "Startup Cost": 0.43, "Total Cost": 1.55, "Plan Rows": 1, "Plan Width": 20, "Recheck Cond": "(id = mk.keyword_id)", "Filter": "(keyword = ANY ('{superhero,sequel,second-part,marvel-comics,based-on-comic,tv-special,fight,violence}'::text[]))", "Plans": [{"Node Type": "Bitmap Index Scan", "Parent Relationship": "Outer", "Parallel Aware": false, "Index Name": "keyword_pkey", "Startup Cost": 0.0, "Total Cost": 0.43, "Plan Rows": 1, "Plan Width": 0, "Index Cond": "(id = mk.keyword_id)"}]}]}, {"Node Type": "Bitmap Heap Scan", "Parent Relationship": "Inner", "Parallel Aware": false, "Relation Name": "title", "Alias": "t", "Startup Cost": 0.44, "Total Cost": 1.55, "Plan Rows": 1, "Plan Width": 21, "Recheck Cond": "(id = mk.movie_id)", "Filter": "(production_year > 2000)", "Plans": [{"Node Type": "Bitmap Index Scan", "Parent Relationship": "Outer", "Parallel Aware": false, "Index Name": "title_pkey", "Startup Cost": 0.0, "Total Cost": 0.44, "Plan Rows": 1, "Plan Width": 0, "Index Cond": "(id = mk.movie_id)"}]}]}, {"Node Type": "Bitmap Heap Scan", "Parent Relationship": "Inner", "Parallel Aware": false, "Relation Name": "cast_info", "Alias": "ci", "Startup Cost": 0.99, "Total Cost": 2.6, "Plan Rows": 41, "Plan Width": 8, "Recheck Cond": "(movie_id = t.id)", "Plans": [{"Node Type": "Bitmap Index Scan", "Parent Relationship": "Outer", "Parallel Aware": false, "Index Name": "movie_id_cast_info", "Startup Cost": 0.0, "Total Cost": 0.98, "Plan Rows": 41, "Plan Width": 0, "Index Cond": "(movie_id = t.id)"}]}]}, {"Node Type": "Bitmap Heap Scan", "Parent Relationship": "Inner", "Parallel Aware": false, "Relation Name": "name", "Alias": "n", "Startup Cost": 0.44, "Total Cost": 1.55, "Plan Rows": 1, "Plan Width": 19, "Recheck Cond": "(id = ci.person_id)", "Filter": "(name ~~ '%Downey%Robert%'::text)", "Plans": [{"Node Type": "Bitmap Index Scan", "Parent Relationship": "Outer", "Parallel Aware": false, "Index Name": "name_pkey", "Startup Cost": 0.0, "Total Cost": 0.44, "Plan Rows": 1, "Plan Width": 0, "Index Cond": "(id = ci.person_id)"}]}]}]}}, {"Plan": {"Node Type": "Aggregate", "Strategy": "Plain", "Partial Mode": "Simple", "Parallel Aware": false, "Startup Cost": 16445.11, "Total Cost": 16445.12, "Plan Rows": 1, "Plan Width": 96, "Plans": [{"Node Type": "Nested Loop", "Parent Relationship": "Outer", "Parallel Aware": false, "Join Type": "Inner", "Startup Cost": 6.77, "Total Cost": 16445.1, "Plan Rows": 1, "Plan Width": 48, "Inner Unique": true, "Plans": [{"Node Type": "Nested Loop", "Parent Relationship": "Outer", "Parallel Aware": false, "Join Type": "Inner", "Startup Cost": 6.33, "Total Cost": 7102.56, "Plan Rows": 6015, "Plan Width": 37, "Inner Unique": false, "Join Filter": "(t.id = ci.movie_id)", "Plans": [{"Node Type": "Nested Loop", "Parent Relationship": "Outer", "Parallel Aware": false, "Join Type": "Inner", "Startup Cost": 5.41, "Total Cost": 6655.77, "Plan Rows": 147, "Plan Width": 41, "Inner Unique": true, "Plans": [{"Node Type": "Nested Loop", "Parent Relationship": "Outer", "Parallel Aware": false, "Join Type": "Inner", "Startup Cost": 4.97, "Total Cost": 6235.94, "Plan Rows": 270, "Plan Width": 20, "Inner Unique": false, "Plans": [{"Node Type": "Seq Scan", "Parent Relationship": "Outer", "Parallel Aware": false, "Relation Name": "keyword", "Alias": "k", "Startup Cost": 0.0, "Total Cost": 3632.4, "Plan Rows": 8, "Plan Width": 20, "Filter": "(keyword = ANY ('{superhero,sequel,second-part,marvel-comics,based-on-comic,tv-special,fight,violence}'::text[]))"}, {"Node Type": "Bitmap Heap Scan", "Parent Relationship": "Inner", "Parallel Aware": false, "Relation Name": "movie_keyword", "Alias": "mk", "Startup Cost": 4.97, "Total Cost": 322.42, "Plan Rows": 302, "Plan Width": 8, "Recheck Cond": "(keyword_id = k.id)", "Plans": [{"Node Type": "Bitmap Index Scan", "Parent Relationship": "Outer", "Parallel Aware": false, "Index Name": "keyword_id_movie_keyword", "Startup Cost": 0.0, "Total Cost": 4.9, "Plan Rows": 302, "Plan Width": 0, "Index Cond": "(keyword_id = k.id)"}]}]}, {"Node Type": "Bitmap Heap Scan", "Parent Relationship": "Inner", "Parallel Aware": false, "Relation Name": "title", "Alias": "t", "Startup Cost": 0.44, "Total Cost": 1.55, "Plan Rows": 1, "Plan Width": 21, "Recheck Cond": "(id = mk.movie_id)", "Filter": "(production_year > 2000)", "Plans": [{"Node Type": "Bitmap Index Scan", "Parent Relationship": "Outer", "Parallel Aware": false, "Index Name": "title_pkey", "Startup Cost": 0.0, "Total Cost": 0.44, "Plan Rows": 1, "Plan Width": 0, "Index Cond": "(id = mk.movie_id)"}]}]}, {"Node Type": "Bitmap Heap Scan", "Parent Relationship": "Inner", "Parallel Aware": false, "Relation Name": "cast_info", "Alias": "ci", "Startup Cost": 0.91, "Total Cost": 2.53, "Plan Rows": 41, "Plan Width": 8, "Recheck Cond": "(movie_id = mk.movie_id)", "Plans": [{"Node Type": "Bitmap Index Scan", "Parent Relationship": "Outer", "Parallel Aware": false, "Index Name": "movie_id_cast_info", "Startup Cost": 0.0, "Total Cost": 0.9, "Plan Rows": 41, "Plan Width": 0, "Index Cond": "(movie_id = mk.movie_id)"}]}]}, {"Node Type": "Bitmap Heap Scan", "Parent Relationship": "Inner", "Parallel Aware": false, "Relation Name": "name", "Alias": "n", "Startup Cost": 0.44, "Total Cost": 1.55, "Plan Rows": 1, "Plan Width": 19, "Recheck Cond": "(id = ci.person_id)", "Filter": "(name ~~ '%Downey%Robert%'::text)", "Plans": [{"Node Type": "Bitmap Index Scan", "Parent Relationship": "Outer", "Parallel Aware": false, "Index Name": "name_pkey", "Startup Cost": 0.0, "Total Cost": 0.44, "Plan Rows": 1, "Plan Width": 0, "Index Cond": "(id = ci.person_id)"}]}]}]}}, {"Plan": {"Node Type": "Aggregate", "Strategy": "Plain", "Partial Mode": "Simple", "Parallel Aware": false, "Startup Cost": 1061994.92, "Total Cost": 1061994.93, "Plan Rows": 1, "Plan Width": 96, "Plans": [{"Node Type": "Merge Join", "Parent Relationship": "Outer", "Parallel Aware": false, "Join Type": "Inner", "Startup Cost": 968332.31, "Total Cost": 1061994.92, "Plan Rows": 1, "Plan Width": 48, "Inner Unique": false, "Merge Cond": "(t.id = mk.movie_id)", "Plans": [{"Node Type": "Gather Merge", "Parent Relationship": "Outer", "Parallel Aware": false, "Startup Cost": 877929.42, "Total Cost": 971681.08, "Plan Rows": 1967, "Plan Width": 40, "Workers Planned": 3, "Plans": [{"Node Type": "Merge Join", "Parent Relationship": "Outer", "Parallel Aware": false, "Join Type": "Inner", "Startup Cost": 876929.38, "Total Cost": 970449.91, "Plan Rows": 635, "Plan Width": 40, "Inner Unique": true, "Merge Cond": "(ci.movie_id = t.id)", "Plans": [{"Node Type": "Sort", "Parent Relationship": "Outer", "Parallel Aware": false, "Startup Cost": 876928.95, "Total Cost": 876931.87, "Plan Rows": 1169, "Plan Width": 19, "Sort Key": ["ci.movie_id"], "Plans": [{"Node Type": "Merge Join", "Parent Relationship": "Outer", "Parallel Aware": false, "Join Type": "Inner", "Startup Cost": 0.99, "Total Cost": 876869.38, "Plan Rows": 1169, "Plan Width": 19, "Inner Unique": true, "Merge Cond": "(ci.person_id = n.id)", "Plans": [{"Node Type": "Index Scan", "Parent Relationship": "Outer", "Parallel Aware": true, "Scan Direction": "Forward", "Index Name": "person_id_cast_info", "Relation Name": "cast_info", "Alias": "ci", "Startup Cost": 0.56, "Total Cost": 706081.3, "Plan Rows": 11679112, "Plan Width": 8}, {"Node Type": "Index Scan", "Parent Relationship": "Inner", "Parallel Aware": false, "Scan Direction": "Forward", "Index Name": "name_pkey", "Relation Name": "name", "Alias": "n", "Startup Cost": 0.43, "Total Cost": 145056.15, "Plan Rows": 417, "Plan Width": 19, "Filter": "(name ~~ '%Downey%Robert%'::text)"}]}]}, {"Node Type": "Index Scan", "Parent Relationship": "Inner", "Parallel Aware": false, "Scan Direction": "Forward", "Index Name": "title_pkey", "Relation Name": "title", "Alias": "t", "Startup Cost": 0.43, "Total Cost": 90159.07, "Plan Rows": 1372743, "Plan Width": 21, "Filter": "(production_year > 2000)"}]}]}, {"Node Type": "Sort", "Parent Relationship": "Inner", "Parallel Aware": false, "Startup Cost": 90402.89, "Total Cost": 90403.57, "Plan Rows": 270, "Plan Width": 20, "Sort Key": ["mk.movie_id"], "Plans": [{"Node Type": "Gather", "Parent Relationship": "Outer", "Parallel Aware": false, "Startup Cost": 1523.41, "Total Cost": 90391.99, "Plan Rows": 270, "Plan Width": 20, "Workers Planned": 3, "Single Copy": false, "Plans": [{"Node Type": "Merge Join", "Parent Relationship": "Outer", "Parallel Aware": false, "Join Type": "Inner", "Startup Cost": 523.41, "Total Cost": 89364.99, "Plan Rows": 87, "Plan Width": 20, "Inner Unique": true, "Merge Cond": "(mk.keyword_id = k.id)", "Plans": [{"Node Type": "Index Scan", "Parent Relationship": "Outer", "Parallel Aware": true, "Scan Direction": "Forward", "Index Name": "keyword_id_movie_keyword", "Relation Name": "movie_keyword", "Alias": "mk", "Startup Cost": 0.43, "Total Cost": 80857.68, "Plan Rows": 1459332, "Plan Width": 8}, {"Node Type": "Index Scan", "Parent Relationship": "Inner", "Parallel Aware": false, "Scan Direction": "Forward", "Index Name": "keyword_pkey", "Relation Name": "keyword", "Alias": "k", "Startup Cost": 0.42, "Total Cost": 4858.09, "Plan Rows": 8, "Plan Width": 20, "Filter": "(keyword = ANY ('{superhero,sequel,second-part,marvel-comics,based-on-comic,tv-special,fight,violence}'::text[]))"}]}]}]}]}]}}, {"Plan": {"Node Type": "Aggregate", "Strategy": "Plain", "Partial Mode": "Simple", "Parallel Aware": false, "Startup Cost": 10600.12, "Total Cost": 10600.13, "Plan Rows": 1, "Plan Width": 96, "Plans": [{"Node Type": "Nested Loop", "Parent Relationship": "Outer", "Parallel Aware": false, "Join Type": "Inner", "Startup Cost": 2.28, "Total Cost": 10600.11, "Plan Rows": 1, "Plan Width": 48, "Inner Unique": true, "Plans": [{"Node Type": "Nested Loop", "Parent Relationship": "Outer", "Parallel Aware": false, "Join Type": "Inner", "Startup Cost": 1.85, "Total Cost": 7880.45, "Plan Rows": 6015, "Plan Width": 37, "Inner Unique": false, "Join Filter": "(t.id = ci.movie_id)", "Plans": [{"Node Type": "Nested Loop", "Parent Relationship": "Outer", "Parallel Aware": false, "Join Type": "Inner", "Startup Cost": 1.28, "Total Cost": 7602.9, "Plan Rows": 147, "Plan Width": 41, "Inner Unique": true, "Plans": [{"Node Type": "Nested Loop", "Parent Relationship": "Outer", "Parallel Aware": false, "Join Type": "Inner", "Startup Cost": 0.85, "Total Cost": 7478.45, "Plan Rows": 270, "Plan Width": 20, "Inner Unique": false, "Plans": [{"Node Type": "Index Scan", "Parent Relationship": "Outer", "Parallel Aware": false, "Scan Direction": "Forward", "Index Name": "keyword_pkey", "Relation Name": "keyword", "Alias": "k", "Startup Cost": 0.42, "Total Cost": 4858.09, "Plan Rows": 8, "Plan Width": 20, "Filter": "(keyword = ANY ('{superhero,sequel,second-part,marvel-comics,based-on-comic,tv-special,fight,violence}'::text[]))"}, {"Node Type": "Index Scan", "Parent Relationship": "Inner", "Parallel Aware": false, "Scan Direction": "Forward", "Index Name": "keyword_id_movie_keyword", "Relation Name": "movie_keyword", "Alias": "mk", "Startup Cost": 0.43, "Total Cost": 324.52, "Plan Rows": 302, "Plan Width": 8, "Index Cond": "(keyword_id = k.id)"}]}, {"Node Type": "Index Scan", "Parent Relationship": "Inner", "Parallel Aware": false, "Scan Direction": "Forward", "Index Name": "title_pkey", "Relation Name": "title", "Alias": "t", "Startup Cost": 0.43, "Total Cost": 0.46, "Plan Rows": 1, "Plan Width": 21, "Index Cond": "(id = mk.movie_id)", "Filter": "(production_year > 2000)"}]}, {"Node Type": "Index Scan", "Parent Relationship": "Inner", "Parallel Aware": false, "Scan Direction": "Forward", "Index Name": "movie_id_cast_info", "Relation Name": "cast_info", "Alias": "ci", "Startup Cost": 0.56, "Total Cost": 1.38, "Plan Rows": 41, "Plan Width": 8, "Index Cond": "(movie_id = mk.movie_id)"}]}, {"Node Type": "Index Scan", "Parent Relationship": "Inner", "Parallel Aware": false, "Scan Direction": "Forward", "Index Name": "name_pkey", "Relation Name": "name", "Alias": "n", "Startup Cost": 0.43, "Total Cost": 0.45, "Plan Rows": 1, "Plan Width": 19, "Index Cond": "(id = ci.person_id)", "Filter": "(name ~~ '%Downey%Robert%'::text)"}]}]}}, {"Plan": {"Node Type": "Aggregate", "Strategy": "Plain", "Partial Mode": "Simple", "Parallel Aware": false, "Startup Cost": 9374.42, "Total Cost": 9374.43, "Plan Rows": 1, "Plan Width": 96, "Plans": [{"Node Type": "Nested Loop", "Parent Relationship": "Outer", "Parallel Aware": false, "Join Type": "Inner", "Startup Cost": 1.86, "Total Cost": 9374.42, "Plan Rows": 1, "Plan Width": 48, "Inner Unique": true, "Plans": [{"Node Type": "Nested Loop", "Parent Relationship": "Outer", "Parallel Aware": false, "Join Type": "Inner", "Startup Cost": 1.43, "Total Cost": 6654.76, "Plan Rows": 6015, "Plan Width": 37, "Inner Unique": false, "Join Filter": "(t.id = ci.movie_id)", "Plans": [{"Node Type": "Nested Loop", "Parent Relationship": "Outer", "Parallel Aware": false, "Join Type": "Inner", "Startup Cost": 0.86, "Total Cost": 6377.21, "Plan Rows": 147, "Plan Width": 41, "Inner Unique": true, "Plans": [{"Node Type": "Nested Loop", "Parent Relationship": "Outer", "Parallel Aware": false, "Join Type": "Inner", "Startup Cost": 0.43, "Total Cost": 6252.76, "Plan Rows": 270, "Plan Width": 20, "Inner Unique": false, "Plans": [{"Node Type": "Seq Scan", "Parent Relationship": "Outer", "Parallel Aware": false, "Relation Name": "keyword", "Alias": "k", "Startup Cost": 0.0, "Total Cost": 3632.4, "Plan Rows": 8, "Plan Width": 20, "Filter": "(keyword = ANY ('{superhero,sequel,second-part,marvel-comics,based-on-comic,tv-special,fight,violence}'::text[]))"}, {"Node Type": "Index Scan", "Parent Relationship": "Inner", "Parallel Aware": false, "Scan Direction": "Forward", "Index Name": "keyword_id_movie_keyword", "Relation Name": "movie_keyword", "Alias": "mk", "Startup Cost": 0.43, "Total Cost": 324.52, "Plan Rows": 302, "Plan Width": 8, "Index Cond": "(keyword_id = k.id)"}]}, {"Node Type": "Index Scan", "Parent Relationship": "Inner", "Parallel Aware": false, "Scan Direction": "Forward", "Index Name": "title_pkey", "Relation Name": "title", "Alias": "t", "Startup Cost": 0.43, "Total Cost": 0.46, "Plan Rows": 1, "Plan Width": 21, "Index Cond": "(id = mk.movie_id)", "Filter": "(production_year > 2000)"}]}, {"Node Type": "Index Scan", "Parent Relationship": "Inner", "Parallel Aware": false, "Scan Direction": "Forward", "Index Name": "movie_id_cast_info", "Relation Name": "cast_info", "Alias": "ci", "Startup Cost": 0.56, "Total Cost": 1.38, "Plan Rows": 41, "Plan Width": 8, "Index Cond": "(movie_id = mk.movie_id)"}]}, {"Node Type": "Index Scan", "Parent Relationship": "Inner", "Parallel Aware": false, "Scan Direction": "Forward", "Index Name": "name_pkey", "Relation Name": "name", "Alias": "n", "Startup Cost": 0.43, "Total Cost": 0.45, "Plan Rows": 1, "Plan Width": 19, "Index Cond": "(id = ci.person_id)", "Filter": "(name ~~ '%Downey%Robert%'::text)"}]}]}}, {"Plan": {"Node Type": "Aggregate", "Strategy": "Plain", "Partial Mode": "Simple", "Parallel Aware": false, "Startup Cost": 1027228.71, "Total Cost": 1027228.72, "Plan Rows": 1, "Plan Width": 96, "Plans": [{"Node Type": "Merge Join", "Parent Relationship": "Outer", "Parallel Aware": false, "Join Type": "Inner", "Startup Cost": 933771.42, "Total Cost": 1027228.7, "Plan Rows": 1, "Plan Width": 48, "Inner Unique": false, "Merge Cond": "(t.id = mk.movie_id)", "Plans": [{"Node Type": "Merge Join", "Parent Relationship": "Outer", "Parallel Aware": false, "Join Type": "Inner", "Startup Cost": 844594.08, "Total Cost": 938140.21, "Plan Rows": 1967, "Plan Width": 40, "Inner Unique": false, "Merge Cond": "(t.id = ci.movie_id)", "Plans": [{"Node Type": "Index Scan", "Parent Relationship": "Outer", "Parallel Aware": false, "Scan Direction": "Forward", "Index Name": "title_pkey", "Relation Name": "title", "Alias": "t", "Startup Cost": 0.43, "Total Cost": 90159.07, "Plan Rows": 1372743, "Plan Width": 21, "Filter": "(production_year > 2000)"}, {"Node Type": "Sort", "Parent Relationship": "Inner", "Parallel Aware": false, "Startup Cost": 844593.65, "Total Cost": 844602.71, "Plan Rows": 3623, "Plan Width": 19, "Sort Key": ["ci.movie_id"], "Plans": [{"Node Type": "Gather", "Parent Relationship": "Outer", "Parallel Aware": false, "Startup Cost": 108724.94, "Total Cost": 844379.48, "Plan Rows": 3623, "Plan Width": 19, "Workers Planned": 3, "Single Copy": false, "Plans": [{"Node Type": "Merge Join", "Parent Relationship": "Outer", "Parallel Aware": false, "Join Type": "Inner", "Startup Cost": 107724.94, "Total Cost": 843017.18, "Plan Rows": 1169, "Plan Width": 19, "Inner Unique": true, "Merge Cond": "(ci.person_id = n.id)", "Plans": [{"Node Type": "Index Scan", "Parent Relationship": "Outer", "Parallel Aware": true, "Scan Direction": "Forward", "Index Name": "person_id_cast_info", "Relation Name": "cast_info", "Alias": "ci", "Startup Cost": 0.56, "Total Cost": 706081.3, "Plan Rows": 11679112, "Plan Width": 8}, {"Node Type": "Sort", "Parent Relationship": "Inner", "Parallel Aware": false, "Startup Cost": 107724.37, "Total Cost": 107725.42, "Plan Rows": 417, "Plan Width": 19, "Sort Key": ["n.id"], "Plans": [{"Node Type": "Seq Scan", "Parent Relationship": "Outer", "Parallel Aware": false, "Relation Name": "name", "Alias": "n", "Startup Cost": 0.0, "Total Cost": 107706.23, "Plan Rows": 417, "Plan Width": 19, "Filter": "(name ~~ '%Downey%Robert%'::text)"}]}]}]}]}]}, {"Node Type": "Sort", "Parent Relationship": "Inner", "Parallel Aware": false, "Startup Cost": 89177.34, "Total Cost": 89178.01, "Plan Rows": 270, "Plan Width": 20, "Sort Key": ["mk.movie_id"], "Plans": [{"Node Type": "Gather", "Parent Relationship": "Outer", "Parallel Aware": false, "Startup Cost": 5155.51, "Total Cost": 89166.44, "Plan Rows": 270, "Plan Width": 20, "Workers Planned": 3, "Single Copy": false, "Plans": [{"Node Type": "Merge Join", "Parent Relationship": "Outer", "Parallel Aware": false, "Join Type": "Inner", "Startup Cost": 4155.51, "Total Cost": 88139.44, "Plan Rows": 87, "Plan Width": 20, "Inner Unique": true, "Merge Cond": "(mk.keyword_id = k.id)", "Plans": [{"Node Type": "Index Scan", "Parent Relationship": "Outer", "Parallel Aware": true, "Scan Direction": "Forward", "Index Name": "keyword_id_movie_keyword", "Relation Name": "movie_keyword", "Alias": "mk", "Startup Cost": 0.43, "Total Cost": 80857.68, "Plan Rows": 1459332, "Plan Width": 8}, {"Node Type": "Sort", "Parent Relationship": "Inner", "Parallel Aware": false, "Startup Cost": 3632.52, "Total Cost": 3632.54, "Plan Rows": 8, "Plan Width": 20, "Sort Key": ["k.id"], "Plans": [{"Node Type": "Seq Scan", "Parent Relationship": "Outer", "Parallel Aware": false, "Relation Name": "keyword", "Alias": "k", "Startup Cost": 0.0, "Total Cost": 3632.4, "Plan Rows": 8, "Plan Width": 20, "Filter": "(keyword = ANY ('{superhero,sequel,second-part,marvel-comics,based-on-comic,tv-special,fight,violence}'::text[]))"}]}]}]}]}]}]}}, {"Plan": {"Node Type": "Aggregate", "Strategy": "Plain", "Partial Mode": "Simple", "Parallel Aware": false, "Startup Cost": 10600.12, "Total Cost": 10600.13, "Plan Rows": 1, "Plan Width": 96, "Plans": [{"Node Type": "Nested Loop", "Parent Relationship": "Outer", "Parallel Aware": false, "Join Type": "Inner", "Startup Cost": 2.28, "Total Cost": 10600.11, "Plan Rows": 1, "Plan Width": 48, "Inner Unique": true, "Plans": [{"Node Type": "Nested Loop", "Parent Relationship": "Outer", "Parallel Aware": false, "Join Type": "Inner", "Startup Cost": 1.85, "Total Cost": 7880.45, "Plan Rows": 6015, "Plan Width": 37, "Inner Unique": false, "Join Filter": "(t.id = ci.movie_id)", "Plans": [{"Node Type": "Nested Loop", "Parent Relationship": "Outer", "Parallel Aware": false, "Join Type": "Inner", "Startup Cost": 1.28, "Total Cost": 7602.9, "Plan Rows": 147, "Plan Width": 41, "Inner Unique": true, "Plans": [{"Node Type": "Nested Loop", "Parent Relationship": "Outer", "Parallel Aware": false, "Join Type": "Inner", "Startup Cost": 0.85, "Total Cost": 7478.45, "Plan Rows": 270, "Plan Width": 20, "Inner Unique": false, "Plans": [{"Node Type": "Index Scan", "Parent Relationship": "Outer", "Parallel Aware": false, "Scan Direction": "Forward", "Index Name": "keyword_pkey", "Relation Name": "keyword", "Alias": "k", "Startup Cost": 0.42, "Total Cost": 4858.09, "Plan Rows": 8, "Plan Width": 20, "Filter": "(keyword = ANY ('{superhero,sequel,second-part,marvel-comics,based-on-comic,tv-special,fight,violence}'::text[]))"}, {"Node Type": "Index Scan", "Parent Relationship": "Inner", "Parallel Aware": false, "Scan Direction": "Forward", "Index Name": "keyword_id_movie_keyword", "Relation Name": "movie_keyword", "Alias": "mk", "Startup Cost": 0.43, "Total Cost": 324.52, "Plan Rows": 302, "Plan Width": 8, "Index Cond": "(keyword_id = k.id)"}]}, {"Node Type": "Index Scan", "Parent Relationship": "Inner", "Parallel Aware": false, "Scan Direction": "Forward", "Index Name": "title_pkey", "Relation Name": "title", "Alias": "t", "Startup Cost": 0.43, "Total Cost": 0.46, "Plan Rows": 1, "Plan Width": 21, "Index Cond": "(id = mk.movie_id)", "Filter": "(production_year > 2000)"}]}, {"Node Type": "Index Scan", "Parent Relationship": "Inner", "Parallel Aware": false, "Scan Direction": "Forward", "Index Name": "movie_id_cast_info", "Relation Name": "cast_info", "Alias": "ci", "Startup Cost": 0.56, "Total Cost": 1.38, "Plan Rows": 41, "Plan Width": 8, "Index Cond": "(movie_id = mk.movie_id)"}]}, {"Node Type": "Index Scan", "Parent Relationship": "Inner", "Parallel Aware": false, "Scan Direction": "Forward", "Index Name": "name_pkey", "Relation Name": "name", "Alias": "n", "Startup Cost": 0.43, "Total Cost": 0.45, "Plan Rows": 1, "Plan Width": 19, "Index Cond": "(id = ci.person_id)", "Filter": "(name ~~ '%Downey%Robert%'::text)"}]}]}}, {"Plan": {"Node Type": "Aggregate", "Strategy": "Plain", "Partial Mode": "Simple", "Parallel Aware": false, "Startup Cost": 9374.42, "Total Cost": 9374.43, "Plan Rows": 1, "Plan Width": 96, "Plans": [{"Node Type": "Nested Loop", "Parent Relationship": "Outer", "Parallel Aware": false, "Join Type": "Inner", "Startup Cost": 1.86, "Total Cost": 9374.42, "Plan Rows": 1, "Plan Width": 48, "Inner Unique": true, "Plans": [{"Node Type": "Nested Loop", "Parent Relationship": "Outer", "Parallel Aware": false, "Join Type": "Inner", "Startup Cost": 1.43, "Total Cost": 6654.76, "Plan Rows": 6015, "Plan Width": 37, "Inner Unique": false, "Join Filter": "(t.id = ci.movie_id)", "Plans": [{"Node Type": "Nested Loop", "Parent Relationship": "Outer", "Parallel Aware": false, "Join Type": "Inner", "Startup Cost": 0.86, "Total Cost": 6377.21, "Plan Rows": 147, "Plan Width": 41, "Inner Unique": true, "Plans": [{"Node Type": "Nested Loop", "Parent Relationship": "Outer", "Parallel Aware": false, "Join Type": "Inner", "Startup Cost": 0.43, "Total Cost": 6252.76, "Plan Rows": 270, "Plan Width": 20, "Inner Unique": false, "Plans": [{"Node Type": "Seq Scan", "Parent Relationship": "Outer", "Parallel Aware": false, "Relation Name": "keyword", "Alias": "k", "Startup Cost": 0.0, "Total Cost": 3632.4, "Plan Rows": 8, "Plan Width": 20, "Filter": "(keyword = ANY ('{superhero,sequel,second-part,marvel-comics,based-on-comic,tv-special,fight,violence}'::text[]))"}, {"Node Type": "Index Scan", "Parent Relationship": "Inner", "Parallel Aware": false, "Scan Direction": "Forward", "Index Name": "keyword_id_movie_keyword", "Relation Name": "movie_keyword", "Alias": "mk", "Startup Cost": 0.43, "Total Cost": 324.52, "Plan Rows": 302, "Plan Width": 8, "Index Cond": "(keyword_id = k.id)"}]}, {"Node Type": "Index Scan", "Parent Relationship": "Inner", "Parallel Aware": false, "Scan Direction": "Forward", "Index Name": "title_pkey", "Relation Name": "title", "Alias": "t", "Startup Cost": 0.43, "Total Cost": 0.46, "Plan Rows": 1, "Plan Width": 21, "Index Cond": "(id = mk.movie_id)", "Filter": "(production_year > 2000)"}]}, {"Node Type": "Index Scan", "Parent Relationship": "Inner", "Parallel Aware": false, "Scan Direction": "Forward", "Index Name": "movie_id_cast_info", "Relation Name": "cast_info", "Alias": "ci", "Startup Cost": 0.56, "Total Cost": 1.38, "Plan Rows": 41, "Plan Width": 8, "Index Cond": "(movie_id = mk.movie_id)"}]}, {"Node Type": "Index Scan", "Parent Relationship": "Inner", "Parallel Aware": false, "Scan Direction": "Forward", "Index Name": "name_pkey", "Relation Name": "name", "Alias": "n", "Startup Cost": 0.43, "Total Cost": 0.45, "Plan Rows": 1, "Plan Width": 19, "Index Cond": "(id = ci.person_id)", "Filter": "(name ~~ '%Downey%Robert%'::text)"}]}]}}, {"Plan": {"Node Type": "Aggregate", "Strategy": "Plain", "Partial Mode": "Simple", "Parallel Aware": false, "Startup Cost": 16445.11, "Total Cost": 16445.12, "Plan Rows": 1, "Plan Width": 96, "Plans": [{"Node Type": "Nested Loop", "Parent Relationship": "Outer", "Parallel Aware": false, "Join Type": "Inner", "Startup Cost": 6.77, "Total Cost": 16445.1, "Plan Rows": 1, "Plan Width": 48, "Inner Unique": true, "Plans": [{"Node Type": "Nested Loop", "Parent Relationship": "Outer", "Parallel Aware": false, "Join Type": "Inner", "Startup Cost": 6.33, "Total Cost": 7102.56, "Plan Rows": 6015, "Plan Width": 37, "Inner Unique": false, "Join Filter": "(t.id = ci.movie_id)", "Plans": [{"Node Type": "Nested Loop", "Parent Relationship": "Outer", "Parallel Aware": false, "Join Type": "Inner", "Startup Cost": 5.41, "Total Cost": 6655.77, "Plan Rows": 147, "Plan Width": 41, "Inner Unique": true, "Plans": [{"Node Type": "Nested Loop", "Parent Relationship": "Outer", "Parallel Aware": false, "Join Type": "Inner", "Startup Cost": 4.97, "Total Cost": 6235.94, "Plan Rows": 270, "Plan Width": 20, "Inner Unique": false, "Plans": [{"Node Type": "Seq Scan", "Parent Relationship": "Outer", "Parallel Aware": false, "Relation Name": "keyword", "Alias": "k", "Startup Cost": 0.0, "Total Cost": 3632.4, "Plan Rows": 8, "Plan Width": 20, "Filter": "(keyword = ANY ('{superhero,sequel,second-part,marvel-comics,based-on-comic,tv-special,fight,violence}'::text[]))"}, {"Node Type": "Bitmap Heap Scan", "Parent Relationship": "Inner", "Parallel Aware": false, "Relation Name": "movie_keyword", "Alias": "mk", "Startup Cost": 4.97, "Total Cost": 322.42, "Plan Rows": 302, "Plan Width": 8, "Recheck Cond": "(keyword_id = k.id)", "Plans": [{"Node Type": "Bitmap Index Scan", "Parent Relationship": "Outer", "Parallel Aware": false, "Index Name": "keyword_id_movie_keyword", "Startup Cost": 0.0, "Total Cost": 4.9, "Plan Rows": 302, "Plan Width": 0, "Index Cond": "(keyword_id = k.id)"}]}]}, {"Node Type": "Bitmap Heap Scan", "Parent Relationship": "Inner", "Parallel Aware": false, "Relation Name": "title", "Alias": "t", "Startup Cost": 0.44, "Total Cost": 1.55, "Plan Rows": 1, "Plan Width": 21, "Recheck Cond": "(id = mk.movie_id)", "Filter": "(production_year > 2000)", "Plans": [{"Node Type": "Bitmap Index Scan", "Parent Relationship": "Outer", "Parallel Aware": false, "Index Name": "title_pkey", "Startup Cost": 0.0, "Total Cost": 0.44, "Plan Rows": 1, "Plan Width": 0, "Index Cond": "(id = mk.movie_id)"}]}]}, {"Node Type": "Bitmap Heap Scan", "Parent Relationship": "Inner", "Parallel Aware": false, "Relation Name": "cast_info", "Alias": "ci", "Startup Cost": 0.91, "Total Cost": 2.53, "Plan Rows": 41, "Plan Width": 8, "Recheck Cond": "(movie_id = mk.movie_id)", "Plans": [{"Node Type": "Bitmap Index Scan", "Parent Relationship": "Outer", "Parallel Aware": false, "Index Name": "movie_id_cast_info", "Startup Cost": 0.0, "Total Cost": 0.9, "Plan Rows": 41, "Plan Width": 0, "Index Cond": "(movie_id = mk.movie_id)"}]}]}, {"Node Type": "Bitmap Heap Scan", "Parent Relationship": "Inner", "Parallel Aware": false, "Relation Name": "name", "Alias": "n", "Startup Cost": 0.44, "Total Cost": 1.55, "Plan Rows": 1, "Plan Width": 19, "Recheck Cond": "(id = ci.person_id)", "Filter": "(name ~~ '%Downey%Robert%'::text)", "Plans": [{"Node Type": "Bitmap Index Scan", "Parent Relationship": "Outer", "Parallel Aware": false, "Index Name": "name_pkey", "Startup Cost": 0.0, "Total Cost": 0.44, "Plan Rows": 1, "Plan Width": 0, "Index Cond": "(id = ci.person_id)"}]}]}]}}, {"Plan": {"Node Type": "Aggregate", "Strategy": "Plain", "Partial Mode": "Simple", "Parallel Aware": false, "Startup Cost": 2444421.66, "Total Cost": 2444421.67, "Plan Rows": 1, "Plan Width": 96, "Plans": [{"Node Type": "Merge Join", "Parent Relationship": "Outer", "Parallel Aware": false, "Join Type": "Inner", "Startup Cost": 2437321.59, "Total Cost": 2444421.65, "Plan Rows": 1, "Plan Width": 48, "Inner Unique": false, "Merge Cond": "(t.id = mk.movie_id)", "Plans": [{"Node Type": "Gather Merge", "Parent Relationship": "Outer", "Parallel Aware": false, "Startup Cost": 2225206.42, "Total Cost": 2232307.43, "Plan Rows": 1967, "Plan Width": 40, "Workers Planned": 3, "Plans": [{"Node Type": "Merge Join", "Parent Relationship": "Outer", "Parallel Aware": false, "Join Type": "Inner", "Startup Cost": 2224206.38, "Total Cost": 2231076.26, "Plan Rows": 635, "Plan Width": 40, "Inner Unique": true, "Merge Cond": "(ci.movie_id = t.id)", "Plans": [{"Node Type": "Sort", "Parent Relationship": "Outer", "Parallel Aware": false, "Startup Cost": 2000173.96, "Total Cost": 2000176.88, "Plan Rows": 1169, "Plan Width": 19, "Sort Key": ["ci.movie_id"], "Plans": [{"Node Type": "Merge Join", "Parent Relationship": "Outer", "Parallel Aware": false, "Join Type": "Inner", "Startup Cost": 1941705.11, "Total Cost": 2000114.39, "Plan Rows": 1169, "Plan Width": 19, "Inner Unique": true, "Merge Cond": "(ci.person_id = n.id)", "Plans": [{"Node Type": "Sort", "Parent Relationship": "Outer", "Parallel Aware": false, "Startup Cost": 1833980.73, "Total Cost": 1863178.51, "Plan Rows": 11679112, "Plan Width": 8, "Sort Key": ["ci.person_id"], "Plans": [{"Node Type": "Seq Scan", "Parent Relationship": "Outer", "Parallel Aware": true, "Relation Name": "cast_info", "Alias": "ci", "Startup Cost": 0.0, "Total Cost": 369478.12, "Plan Rows": 11679112, "Plan Width": 8}]}, {"Node Type": "Sort", "Parent Relationship": "Inner", "Parallel Aware": false, "Startup Cost": 107724.37, "Total Cost": 107725.42, "Plan Rows": 417, "Plan Width": 19, "Sort Key": ["n.id"], "Plans": [{"Node Type": "Seq Scan", "Parent Relationship": "Outer", "Parallel Aware": false, "Relation Name": "name", "Alias": "n", "Startup Cost": 0.0, "Total Cost": 107706.23, "Plan Rows": 417, "Plan Width": 19, "Filter": "(name ~~ '%Downey%Robert%'::text)"}]}]}]}, {"Node Type": "Sort", "Parent Relationship": "Inner", "Parallel Aware": false, "Startup Cost": 224032.42, "Total Cost": 227464.28, "Plan Rows": 1372743, "Plan Width": 21, "Sort Key": ["t.id"], "Plans": [{"Node Type": "Seq Scan", "Parent Relationship": "Outer", "Parallel Aware": false, "Relation Name": "title", "Alias": "t", "Startup Cost": 0.0, "Total Cost": 67600.48, "Plan Rows": 1372743, "Plan Width": 21, "Filter": "(production_year > 2000)"}]}]}]}, {"Node Type": "Sort", "Parent Relationship": "Inner", "Parallel Aware": false, "Startup Cost": 212115.17, "Total Cost": 212115.85, "Plan Rows": 270, "Plan Width": 20, "Sort Key": ["mk.movie_id"], "Plans": [{"Node Type": "Gather", "Parent Relationship": "Outer", "Parallel Aware": false, "Startup Cost": 204824.82, "Total Cost": 212104.27, "Plan Rows": 270, "Plan Width": 20, "Workers Planned": 3, "Single Copy": false, "Plans": [{"Node Type": "Merge Join", "Parent Relationship": "Outer", "Parallel Aware": false, "Join Type": "Inner", "Startup Cost": 203824.82, "Total Cost": 211077.27, "Plan Rows": 87, "Plan Width": 20, "Inner Unique": true, "Merge Cond": "(mk.keyword_id = k.id)", "Plans": [{"Node Type": "Sort", "Parent Relationship": "Outer", "Parallel Aware": false, "Startup Cost": 200147.18, "Total Cost": 203795.51, "Plan Rows": 1459332, "Plan Width": 8, "Sort Key": ["mk.keyword_id"], "Plans": [{"Node Type": "Seq Scan", "Parent Relationship": "Outer", "Parallel Aware": true, "Relation Name": "movie_keyword", "Alias": "mk", "Startup Cost": 0.0, "Total Cost": 39047.32, "Plan Rows": 1459332, "Plan Width": 8}]}, {"Node Type": "Sort", "Parent Relationship": "Inner", "Parallel Aware": false, "Startup Cost": 3632.52, "Total Cost": 3632.54, "Plan Rows": 8, "Plan Width": 20, "Sort Key": ["k.id"], "Plans": [{"Node Type": "Seq Scan", "Parent Relationship": "Outer", "Parallel Aware": false, "Relation Name": "keyword", "Alias": "k", "Startup Cost": 0.0, "Total Cost": 3632.4, "Plan Rows": 8, "Plan Width": 20, "Filter": "(keyword = ANY ('{superhero,sequel,second-part,marvel-comics,based-on-comic,tv-special,fight,violence}'::text[]))"}]}]}]}]}]}]}}, {"Plan": {"Node Type": "Aggregate", "Strategy": "Plain", "Partial Mode": "Simple", "Parallel Aware": false, "Startup Cost": 16445.11, "Total Cost": 16445.12, "Plan Rows": 1, "Plan Width": 96, "Plans": [{"Node Type": "Nested Loop", "Parent Relationship": "Outer", "Parallel Aware": false, "Join Type": "Inner", "Startup Cost": 6.77, "Total Cost": 16445.1, "Plan Rows": 1, "Plan Width": 48, "Inner Unique": true, "Plans": [{"Node Type": "Nested Loop", "Parent Relationship": "Outer", "Parallel Aware": false, "Join Type": "Inner", "Startup Cost": 6.33, "Total Cost": 7102.56, "Plan Rows": 6015, "Plan Width": 37, "Inner Unique": false, "Join Filter": "(t.id = ci.movie_id)", "Plans": [{"Node Type": "Nested Loop", "Parent Relationship": "Outer", "Parallel Aware": false, "Join Type": "Inner", "Startup Cost": 5.41, "Total Cost": 6655.77, "Plan Rows": 147, "Plan Width": 41, "Inner Unique": true, "Plans": [{"Node Type": "Nested Loop", "Parent Relationship": "Outer", "Parallel Aware": false, "Join Type": "Inner", "Startup Cost": 4.97, "Total Cost": 6235.94, "Plan Rows": 270, "Plan Width": 20, "Inner Unique": false, "Plans": [{"Node Type": "Seq Scan", "Parent Relationship": "Outer", "Parallel Aware": false, "Relation Name": "keyword", "Alias": "k", "Startup Cost": 0.0, "Total Cost": 3632.4, "Plan Rows": 8, "Plan Width": 20, "Filter": "(keyword = ANY ('{superhero,sequel,second-part,marvel-comics,based-on-comic,tv-special,fight,violence}'::text[]))"}, {"Node Type": "Bitmap Heap Scan", "Parent Relationship": "Inner", "Parallel Aware": false, "Relation Name": "movie_keyword", "Alias": "mk", "Startup Cost": 4.97, "Total Cost": 322.42, "Plan Rows": 302, "Plan Width": 8, "Recheck Cond": "(keyword_id = k.id)", "Plans": [{"Node Type": "Bitmap Index Scan", "Parent Relationship": "Outer", "Parallel Aware": false, "Index Name": "keyword_id_movie_keyword", "Startup Cost": 0.0, "Total Cost": 4.9, "Plan Rows": 302, "Plan Width": 0, "Index Cond": "(keyword_id = k.id)"}]}]}, {"Node Type": "Bitmap Heap Scan", "Parent Relationship": "Inner", "Parallel Aware": false, "Relation Name": "title", "Alias": "t", "Startup Cost": 0.44, "Total Cost": 1.55, "Plan Rows": 1, "Plan Width": 21, "Recheck Cond": "(id = mk.movie_id)", "Filter": "(production_year > 2000)", "Plans": [{"Node Type": "Bitmap Index Scan", "Parent Relationship": "Outer", "Parallel Aware": false, "Index Name": "title_pkey", "Startup Cost": 0.0, "Total Cost": 0.44, "Plan Rows": 1, "Plan Width": 0, "Index Cond": "(id = mk.movie_id)"}]}]}, {"Node Type": "Bitmap Heap Scan", "Parent Relationship": "Inner", "Parallel Aware": false, "Relation Name": "cast_info", "Alias": "ci", "Startup Cost": 0.91, "Total Cost": 2.53, "Plan Rows": 41, "Plan Width": 8, "Recheck Cond": "(movie_id = mk.movie_id)", "Plans": [{"Node Type": "Bitmap Index Scan", "Parent Relationship": "Outer", "Parallel Aware": false, "Index Name": "movie_id_cast_info", "Startup Cost": 0.0, "Total Cost": 0.9, "Plan Rows": 41, "Plan Width": 0, "Index Cond": "(movie_id = mk.movie_id)"}]}]}, {"Node Type": "Bitmap Heap Scan", "Parent Relationship": "Inner", "Parallel Aware": false, "Relation Name": "name", "Alias": "n", "Startup Cost": 0.44, "Total Cost": 1.55, "Plan Rows": 1, "Plan Width": 19, "Recheck Cond": "(id = ci.person_id)", "Filter": "(name ~~ '%Downey%Robert%'::text)", "Plans": [{"Node Type": "Bitmap Index Scan", "Parent Relationship": "Outer", "Parallel Aware": false, "Index Name": "name_pkey", "Startup Cost": 0.0, "Total Cost": 0.44, "Plan Rows": 1, "Plan Width": 0, "Index Cond": "(id = ci.person_id)"}]}]}]}}, {"Plan": {"Node Type": "Aggregate", "Strategy": "Plain", "Partial Mode": "Simple", "Parallel Aware": false, "Startup Cost": 9374.42, "Total Cost": 9374.43, "Plan Rows": 1, "Plan Width": 96, "Plans": [{"Node Type": "Nested Loop", "Parent Relationship": "Outer", "Parallel Aware": false, "Join Type": "Inner", "Startup Cost": 1.86, "Total Cost": 9374.42, "Plan Rows": 1, "Plan Width": 48, "Inner Unique": true, "Plans": [{"Node Type": "Nested Loop", "Parent Relationship": "Outer", "Parallel Aware": false, "Join Type": "Inner", "Startup Cost": 1.43, "Total Cost": 6654.76, "Plan Rows": 6015, "Plan Width": 37, "Inner Unique": false, "Join Filter": "(t.id = ci.movie_id)", "Plans": [{"Node Type": "Nested Loop", "Parent Relationship": "Outer", "Parallel Aware": false, "Join Type": "Inner", "Startup Cost": 0.86, "Total Cost": 6377.21, "Plan Rows": 147, "Plan Width": 41, "Inner Unique": true, "Plans": [{"Node Type": "Nested Loop", "Parent Relationship": "Outer", "Parallel Aware": false, "Join Type": "Inner", "Startup Cost": 0.43, "Total Cost": 6252.76, "Plan Rows": 270, "Plan Width": 20, "Inner Unique": false, "Plans": [{"Node Type": "Seq Scan", "Parent Relationship": "Outer", "Parallel Aware": false, "Relation Name": "keyword", "Alias": "k", "Startup Cost": 0.0, "Total Cost": 3632.4, "Plan Rows": 8, "Plan Width": 20, "Filter": "(keyword = ANY ('{superhero,sequel,second-part,marvel-comics,based-on-comic,tv-special,fight,violence}'::text[]))"}, {"Node Type": "Index Scan", "Parent Relationship": "Inner", "Parallel Aware": false, "Scan Direction": "Forward", "Index Name": "keyword_id_movie_keyword", "Relation Name": "movie_keyword", "Alias": "mk", "Startup Cost": 0.43, "Total Cost": 324.52, "Plan Rows": 302, "Plan Width": 8, "Index Cond": "(keyword_id = k.id)"}]}, {"Node Type": "Index Scan", "Parent Relationship": "Inner", "Parallel Aware": false, "Scan Direction": "Forward", "Index Name": "title_pkey", "Relation Name": "title", "Alias": "t", "Startup Cost": 0.43, "Total Cost": 0.46, "Plan Rows": 1, "Plan Width": 21, "Index Cond": "(id = mk.movie_id)", "Filter": "(production_year > 2000)"}]}, {"Node Type": "Index Scan", "Parent Relationship": "Inner", "Parallel Aware": false, "Scan Direction": "Forward", "Index Name": "movie_id_cast_info", "Relation Name": "cast_info", "Alias": "ci", "Startup Cost": 0.56, "Total Cost": 1.38, "Plan Rows": 41, "Plan Width": 8, "Index Cond": "(movie_id = mk.movie_id)"}]}, {"Node Type": "Index Scan", "Parent Relationship": "Inner", "Parallel Aware": false, "Scan Direction": "Forward", "Index Name": "name_pkey", "Relation Name": "name", "Alias": "n", "Startup Cost": 0.43, "Total Cost": 0.45, "Plan Rows": 1, "Plan Width": 19, "Index Cond": "(id = ci.person_id)", "Filter": "(name ~~ '%Downey%Robert%'::text)"}]}]}}]